<?xml version="1.0" encoding="UTF-8"?>
<testsuite xmlns:xsi="http://www.w3.org/2001/XMLSchema-instance" xsi:noNamespaceSchemaLocation="https://maven.apache.org/surefire/maven-surefire-plugin/xsd/surefire-test-report.xsd" name="org.apache.ratis.server.simulation.TestLeaderElectionWithSimulatedRpc" time="42.778" tests="12" errors="0" skipped="0" failures="1">
  <properties>
    <property name="awt.toolkit" value="sun.awt.X11.XToolkit"/>
    <property name="file.encoding.pkg" value="sun.io"/>
    <property name="java.specification.version" value="1.8"/>
    <property name="sun.cpu.isalist" value=""/>
    <property name="sun.jnu.encoding" value="UTF-8"/>
    <property name="java.class.path" value="/home/runner/work/ratis/ratis/ratis-test/target/test-classes:/home/runner/work/ratis/ratis/ratis-test/target/classes:/home/runner/work/ratis/ratis/ratis-common/target/classes:/home/runner/.m2/repository/org/apache/ratis/ratis-thirdparty-misc/1.0.1/ratis-thirdparty-misc-1.0.1.jar:/home/runner/work/ratis/ratis/ratis-proto/target/ratis-proto-3.0.0-SNAPSHOT.jar:/home/runner/work/ratis/ratis/ratis-common/target/test-classes:/home/runner/work/ratis/ratis/ratis-client/target/classes:/home/runner/work/ratis/ratis/ratis-server/target/classes:/home/runner/work/ratis/ratis/ratis-server-api/target/classes:/home/runner/work/ratis/ratis/ratis-metrics/target/classes:/home/runner/work/ratis/ratis/ratis-server/target/test-classes:/home/runner/work/ratis/ratis/ratis-netty/target/classes:/home/runner/work/ratis/ratis/ratis-netty/target/test-classes:/home/runner/work/ratis/ratis/ratis-grpc/target/classes:/home/runner/work/ratis/ratis/ratis-grpc/target/test-classes:/home/runner/.m2/repository/org/slf4j/slf4j-api/1.7.29/slf4j-api-1.7.29.jar:/home/runner/.m2/repository/org/slf4j/slf4j-log4j12/1.7.29/slf4j-log4j12-1.7.29.jar:/home/runner/.m2/repository/log4j/log4j/1.2.17/log4j-1.2.17.jar:/home/runner/.m2/repository/junit/junit/4.13.2/junit-4.13.2.jar:/home/runner/.m2/repository/org/hamcrest/hamcrest-core/1.3/hamcrest-core-1.3.jar:/home/runner/.m2/repository/org/mockito/mockito-core/4.3.1/mockito-core-4.3.1.jar:/home/runner/.m2/repository/net/bytebuddy/byte-buddy/1.12.7/byte-buddy-1.12.7.jar:/home/runner/.m2/repository/net/bytebuddy/byte-buddy-agent/1.12.7/byte-buddy-agent-1.12.7.jar:/home/runner/.m2/repository/org/objenesis/objenesis/3.2/objenesis-3.2.jar:/home/runner/work/ratis/ratis/ratis-shell/target/classes:/home/runner/.m2/repository/commons-cli/commons-cli/1.5.0/commons-cli-1.5.0.jar:/home/runner/.m2/repository/org/reflections/reflections/0.10.2/reflections-0.10.2.jar:/home/runner/.m2/repository/org/javassist/javassist/3.28.0-GA/javassist-3.28.0-GA.jar:/home/runner/.m2/repository/com/google/code/findbugs/jsr305/3.0.2/jsr305-3.0.2.jar:"/>
    <property name="java.vm.vendor" value="Temurin"/>
    <property name="sun.arch.data.model" value="64"/>
    <property name="java.vendor.url" value="https://adoptium.net/"/>
    <property name="user.timezone" value=""/>
    <property name="java.vm.specification.version" value="1.8"/>
    <property name="os.name" value="Linux"/>
    <property name="sun.java.launcher" value="SUN_STANDARD"/>
    <property name="sun.boot.library.path" value="/usr/lib/jvm/temurin-8-jdk-amd64/jre/lib/amd64"/>
    <property name="sun.java.command" value="/home/runner/work/ratis/ratis/ratis-test/target/surefire/surefirebooter1031973098718535239.jar /home/runner/work/ratis/ratis/ratis-test/target/surefire 2022-07-14T02-35-15_892-jvmRun1 surefire846086866299327361tmp surefire_178108490843270076364tmp"/>
    <property name="surefire.test.class.path" value="/home/runner/work/ratis/ratis/ratis-test/target/test-classes:/home/runner/work/ratis/ratis/ratis-test/target/classes:/home/runner/work/ratis/ratis/ratis-common/target/classes:/home/runner/.m2/repository/org/apache/ratis/ratis-thirdparty-misc/1.0.1/ratis-thirdparty-misc-1.0.1.jar:/home/runner/work/ratis/ratis/ratis-proto/target/ratis-proto-3.0.0-SNAPSHOT.jar:/home/runner/work/ratis/ratis/ratis-common/target/test-classes:/home/runner/work/ratis/ratis/ratis-client/target/classes:/home/runner/work/ratis/ratis/ratis-server/target/classes:/home/runner/work/ratis/ratis/ratis-server-api/target/classes:/home/runner/work/ratis/ratis/ratis-metrics/target/classes:/home/runner/work/ratis/ratis/ratis-server/target/test-classes:/home/runner/work/ratis/ratis/ratis-netty/target/classes:/home/runner/work/ratis/ratis/ratis-netty/target/test-classes:/home/runner/work/ratis/ratis/ratis-grpc/target/classes:/home/runner/work/ratis/ratis/ratis-grpc/target/test-classes:/home/runner/.m2/repository/org/slf4j/slf4j-api/1.7.29/slf4j-api-1.7.29.jar:/home/runner/.m2/repository/org/slf4j/slf4j-log4j12/1.7.29/slf4j-log4j12-1.7.29.jar:/home/runner/.m2/repository/log4j/log4j/1.2.17/log4j-1.2.17.jar:/home/runner/.m2/repository/junit/junit/4.13.2/junit-4.13.2.jar:/home/runner/.m2/repository/org/hamcrest/hamcrest-core/1.3/hamcrest-core-1.3.jar:/home/runner/.m2/repository/org/mockito/mockito-core/4.3.1/mockito-core-4.3.1.jar:/home/runner/.m2/repository/net/bytebuddy/byte-buddy/1.12.7/byte-buddy-1.12.7.jar:/home/runner/.m2/repository/net/bytebuddy/byte-buddy-agent/1.12.7/byte-buddy-agent-1.12.7.jar:/home/runner/.m2/repository/org/objenesis/objenesis/3.2/objenesis-3.2.jar:/home/runner/work/ratis/ratis/ratis-shell/target/classes:/home/runner/.m2/repository/commons-cli/commons-cli/1.5.0/commons-cli-1.5.0.jar:/home/runner/.m2/repository/org/reflections/reflections/0.10.2/reflections-0.10.2.jar:/home/runner/.m2/repository/org/javassist/javassist/3.28.0-GA/javassist-3.28.0-GA.jar:/home/runner/.m2/repository/com/google/code/findbugs/jsr305/3.0.2/jsr305-3.0.2.jar:"/>
    <property name="sun.cpu.endian" value="little"/>
    <property name="user.home" value="/home/runner"/>
    <property name="user.language" value="en"/>
    <property name="java.specification.vendor" value="Oracle Corporation"/>
    <property name="java.home" value="/usr/lib/jvm/temurin-8-jdk-amd64/jre"/>
    <property name="basedir" value="/home/runner/work/ratis/ratis/ratis-test"/>
    <property name="file.separator" value="/"/>
    <property name="line.separator" value="&#10;"/>
    <property name="java.vm.specification.vendor" value="Oracle Corporation"/>
    <property name="java.specification.name" value="Java Platform API Specification"/>
    <property name="java.awt.graphicsenv" value="sun.awt.X11GraphicsEnvironment"/>
    <property name="surefire.real.class.path" value="/home/runner/work/ratis/ratis/ratis-test/target/surefire/surefirebooter1031973098718535239.jar"/>
    <property name="sun.boot.class.path" value="/usr/lib/jvm/temurin-8-jdk-amd64/jre/lib/resources.jar:/usr/lib/jvm/temurin-8-jdk-amd64/jre/lib/rt.jar:/usr/lib/jvm/temurin-8-jdk-amd64/jre/lib/sunrsasign.jar:/usr/lib/jvm/temurin-8-jdk-amd64/jre/lib/jsse.jar:/usr/lib/jvm/temurin-8-jdk-amd64/jre/lib/jce.jar:/usr/lib/jvm/temurin-8-jdk-amd64/jre/lib/charsets.jar:/usr/lib/jvm/temurin-8-jdk-amd64/jre/lib/jfr.jar:/usr/lib/jvm/temurin-8-jdk-amd64/jre/classes"/>
    <property name="sun.management.compiler" value="HotSpot 64-Bit Tiered Compilers"/>
    <property name="java.runtime.version" value="1.8.0_332-b09"/>
    <property name="java.net.preferIPv4Stack" value="true"/>
    <property name="user.name" value="runner"/>
    <property name="path.separator" value=":"/>
    <property name="os.version" value="5.4.0-1085-azure"/>
    <property name="java.endorsed.dirs" value="/usr/lib/jvm/temurin-8-jdk-amd64/jre/lib/endorsed"/>
    <property name="java.runtime.name" value="OpenJDK Runtime Environment"/>
    <property name="file.encoding" value="UTF-8"/>
    <property name="java.vm.name" value="OpenJDK 64-Bit Server VM"/>
    <property name="localRepository" value="/home/runner/.m2/repository"/>
    <property name="java.vendor.url.bug" value="https://github.com/adoptium/adoptium-support/issues"/>
    <property name="java.io.tmpdir" value="/tmp"/>
    <property name="java.version" value="1.8.0_332"/>
    <property name="user.dir" value="/home/runner/work/ratis/ratis/ratis-test"/>
    <property name="os.arch" value="amd64"/>
    <property name="ratis.tmp.dir" value="/home/runner/work/ratis/ratis/ratis-test/target/tmp"/>
    <property name="java.vm.specification.name" value="Java Virtual Machine Specification"/>
    <property name="java.awt.printerjob" value="sun.print.PSPrinterJob"/>
    <property name="ratis.log.dir" value="/home/runner/work/ratis/ratis/ratis-test/target/log"/>
    <property name="sun.os.patch.level" value="unknown"/>
    <property name="java.library.path" value="/usr/java/packages/lib/amd64:/usr/lib64:/lib64:/lib:/usr/lib"/>
    <property name="java.vm.info" value="mixed mode"/>
    <property name="java.vendor" value="Temurin"/>
    <property name="java.vm.version" value="25.332-b09"/>
    <property name="java.ext.dirs" value="/usr/lib/jvm/temurin-8-jdk-amd64/jre/lib/ext:/usr/java/packages/lib/ext"/>
    <property name="sun.io.unicode.encoding" value="UnicodeLittle"/>
    <property name="java.class.version" value="52.0"/>
  </properties>
  <testcase name="testEnforceLeader" classname="org.apache.ratis.server.simulation.TestLeaderElectionWithSimulatedRpc" time="10.988">
    <failure message="expected:&lt;s[1]&gt; but was:&lt;s[4]&gt;" type="org.junit.ComparisonFailure"><![CDATA[org.junit.ComparisonFailure: expected:<s[1]> but was:<s[4]>
	at org.junit.Assert.assertEquals(Assert.java:117)
	at org.junit.Assert.assertEquals(Assert.java:146)
	at org.apache.ratis.server.impl.LeaderElectionTests.enforceLeader(LeaderElectionTests.java:249)
	at org.apache.ratis.server.impl.LeaderElectionTests.testEnforceLeader(LeaderElectionTests.java:235)
	at sun.reflect.NativeMethodAccessorImpl.invoke0(Native Method)
	at sun.reflect.NativeMethodAccessorImpl.invoke(NativeMethodAccessorImpl.java:62)
	at sun.reflect.DelegatingMethodAccessorImpl.invoke(DelegatingMethodAccessorImpl.java:43)
	at java.lang.reflect.Method.invoke(Method.java:498)
	at org.junit.runners.model.FrameworkMethod$1.runReflectiveCall(FrameworkMethod.java:59)
	at org.junit.internal.runners.model.ReflectiveCallable.run(ReflectiveCallable.java:12)
	at org.junit.runners.model.FrameworkMethod.invokeExplosively(FrameworkMethod.java:56)
	at org.junit.internal.runners.statements.InvokeMethod.evaluate(InvokeMethod.java:17)
	at org.junit.internal.runners.statements.RunAfters.evaluate(RunAfters.java:27)
	at org.junit.internal.runners.statements.FailOnTimeout$CallableStatement.call(FailOnTimeout.java:299)
	at org.junit.internal.runners.statements.FailOnTimeout$CallableStatement.call(FailOnTimeout.java:293)
	at java.util.concurrent.FutureTask.run(FutureTask.java:266)
	at java.lang.Thread.run(Thread.java:750)
]]></failure>
    <system-out><![CDATA[2022-07-14 02:38:24,800 [main] INFO  util.LogUtils (Log4jUtils.java:setLogLevel(32)) - Set org.apache.ratis.conf.ConfUtils log level to WARN
2022-07-14 02:38:24,803 [main] INFO  util.LogUtils (Log4jUtils.java:setLogLevel(32)) - Set org.apache.ratis.util.FileUtils log level to TRACE
2022-07-14 02:38:24,806 [main] INFO  util.LogUtils (Log4jUtils.java:setLogLevel(32)) - Set org.apache.ratis.server.RaftServer$Division log level to DEBUG
2022-07-14 02:38:24,806 [main] INFO  util.LogUtils (Log4jUtils.java:setLogLevel(32)) - Set org.apache.ratis.client.RaftClient log level to DEBUG
2022-07-14 02:38:24,809 [Time-limited test] INFO  simulation.TestLeaderElectionWithSimulatedRpc (LeaderElectionTests.java:testEnforceLeader(223)) - Running testEnforceLeader
2022-07-14 02:38:24,831 [Time-limited test] INFO  simulation.MiniRaftClusterWithSimulatedRpc (ConfUtils.java:logGet(46)) - org.apache.ratis.server.simulation.SimulatedRequestReply.simulateLatencyMs = 150 (default)
2022-07-14 02:38:24,883 [Time-limited test] INFO  impl.MiniRaftCluster (MiniRaftCluster.java:<init>(272)) - new MiniRaftClusterWithSimulatedRpc with group-F163B23E7A07:[s3|rpc:localhost:40707|admin:localhost:37899|client:localhost:39537|dataStream:localhost:45577|priority:0, s4|rpc:localhost:41709|admin:localhost:46527|client:localhost:37803|dataStream:localhost:33761|priority:0, s0|rpc:localhost:37741|admin:localhost:46201|client:localhost:46213|dataStream:localhost:44011|priority:0, s1|rpc:localhost:39965|admin:localhost:38809|client:localhost:39467|dataStream:localhost:32971|priority:0, s2|rpc:localhost:33445|admin:localhost:44043|client:localhost:42341|dataStream:localhost:42157|priority:0]
2022-07-14 02:38:24,883 [Time-limited test] INFO  impl.MiniRaftCluster (MiniRaftCluster.java:start(304)) - .............................................................. 
2022-07-14 02:38:24,884 [Time-limited test] INFO  impl.MiniRaftCluster (MiniRaftCluster.java:start(305)) - ... 
2022-07-14 02:38:24,884 [Time-limited test] INFO  impl.MiniRaftCluster (MiniRaftCluster.java:start(306)) - ...     Starting MiniRaftClusterWithSimulatedRpc
2022-07-14 02:38:24,884 [Time-limited test] INFO  impl.MiniRaftCluster (MiniRaftCluster.java:start(307)) - ... 
2022-07-14 02:38:24,884 [Time-limited test] INFO  impl.MiniRaftCluster (MiniRaftCluster.java:start(308)) - .............................................................. 
2022-07-14 02:38:24,884 [Time-limited test] INFO  impl.MiniRaftCluster (MiniRaftCluster.java:initServers(284)) - servers = {}
2022-07-14 02:38:24,890 [Time-limited test] INFO  impl.MiniRaftCluster (MiniRaftCluster.java:newRaftServer(348)) - newRaftServer: s3, group-F163B23E7A07:[s3|rpc:localhost:40707|admin:localhost:37899|client:localhost:39537|dataStream:localhost:45577|priority:0, s4|rpc:localhost:41709|admin:localhost:46527|client:localhost:37803|dataStream:localhost:33761|priority:0, s0|rpc:localhost:37741|admin:localhost:46201|client:localhost:46213|dataStream:localhost:44011|priority:0, s1|rpc:localhost:39965|admin:localhost:38809|client:localhost:39467|dataStream:localhost:32971|priority:0, s2|rpc:localhost:33445|admin:localhost:44043|client:localhost:42341|dataStream:localhost:42157|priority:0], format? true
2022-07-14 02:38:24,891 [Time-limited test] TRACE util.FileUtils (FileUtils.java:deleteFully(162)) - deleteFully target/test/data/7ab16eeb/MiniRaftClusterWithSimulatedRpcc53aeb90/s3
2022-07-14 02:38:24,893 [Time-limited test] TRACE util.FileUtils (FileUtils.java:deleteFully(178)) - deleteFully: target/test/data/7ab16eeb/MiniRaftClusterWithSimulatedRpcc53aeb90/s3 does not exist.
2022-07-14 02:38:24,895 [Time-limited test] INFO  impl.MiniRaftCluster (MiniRaftCluster.java:newRaftServer(353)) - Formatted directory target/test/data/7ab16eeb/MiniRaftClusterWithSimulatedRpcc53aeb90/s3
2022-07-14 02:38:24,907 [Time-limited test] INFO  server.RaftServer (ConfUtils.java:logGet(46)) - raft.rpc.type = org.apache.ratis.server.simulation.SimulatedRpc (custom)
2022-07-14 02:38:24,923 [Time-limited test] INFO  impl.DataStreamServerImpl (ConfUtils.java:logGet(46)) - raft.datastream.type = DISABLED (default)
2022-07-14 02:38:24,946 [Time-limited test] INFO  server.RaftServerConfigKeys (ConfUtils.java:logGet(46)) - raft.server.threadpool.proxy.cached = true (default)
2022-07-14 02:38:24,947 [Time-limited test] INFO  server.RaftServerConfigKeys (ConfUtils.java:logGet(46)) - raft.server.threadpool.proxy.size = 0 (default)
2022-07-14 02:38:24,950 [Time-limited test] INFO  server.RaftServerConfigKeys (ConfUtils.java:logGet(46)) - raft.server.rpc.slowness.timeout = 60s (default)
2022-07-14 02:38:24,951 [Time-limited test] INFO  server.RaftServerConfigKeys (ConfUtils.java:logGet(46)) - raft.server.leaderelection.leader.step-down.wait-time = 10s (default)
2022-07-14 02:38:24,954 [Time-limited test] INFO  server.RaftServerConfigKeys (ConfUtils.java:logGet(46)) - raft.server.storage.dir = [/home/runner/work/ratis/ratis/ratis-test/target/test/data/7ab16eeb/MiniRaftClusterWithSimulatedRpcc53aeb90/s3] (custom)
2022-07-14 02:38:24,961 [Time-limited test] INFO  server.RaftServer (RaftServerProxy.java:addNew(96)) - s3: addNew group-F163B23E7A07:[s3|rpc:localhost:40707|admin:localhost:37899|client:localhost:39537|dataStream:localhost:45577|priority:0, s4|rpc:localhost:41709|admin:localhost:46527|client:localhost:37803|dataStream:localhost:33761|priority:0, s0|rpc:localhost:37741|admin:localhost:46201|client:localhost:46213|dataStream:localhost:44011|priority:0, s1|rpc:localhost:39965|admin:localhost:38809|client:localhost:39467|dataStream:localhost:32971|priority:0, s2|rpc:localhost:33445|admin:localhost:44043|client:localhost:42341|dataStream:localhost:42157|priority:0] returns group-F163B23E7A07:java.util.concurrent.CompletableFuture@74d5e9a3[Not completed]
2022-07-14 02:38:24,961 [Time-limited test] INFO  impl.MiniRaftCluster (MiniRaftCluster.java:newRaftServer(348)) - newRaftServer: s4, group-F163B23E7A07:[s3|rpc:localhost:40707|admin:localhost:37899|client:localhost:39537|dataStream:localhost:45577|priority:0, s4|rpc:localhost:41709|admin:localhost:46527|client:localhost:37803|dataStream:localhost:33761|priority:0, s0|rpc:localhost:37741|admin:localhost:46201|client:localhost:46213|dataStream:localhost:44011|priority:0, s1|rpc:localhost:39965|admin:localhost:38809|client:localhost:39467|dataStream:localhost:32971|priority:0, s2|rpc:localhost:33445|admin:localhost:44043|client:localhost:42341|dataStream:localhost:42157|priority:0], format? true
2022-07-14 02:38:24,962 [Time-limited test] TRACE util.FileUtils (FileUtils.java:deleteFully(162)) - deleteFully target/test/data/7ab16eeb/MiniRaftClusterWithSimulatedRpcc53aeb90/s4
2022-07-14 02:38:24,962 [Time-limited test] TRACE util.FileUtils (FileUtils.java:deleteFully(178)) - deleteFully: target/test/data/7ab16eeb/MiniRaftClusterWithSimulatedRpcc53aeb90/s4 does not exist.
2022-07-14 02:38:24,962 [Time-limited test] INFO  impl.MiniRaftCluster (MiniRaftCluster.java:newRaftServer(353)) - Formatted directory target/test/data/7ab16eeb/MiniRaftClusterWithSimulatedRpcc53aeb90/s4
2022-07-14 02:38:24,962 [Time-limited test] INFO  server.RaftServer (ConfUtils.java:logGet(46)) - raft.rpc.type = org.apache.ratis.server.simulation.SimulatedRpc (custom)
2022-07-14 02:38:24,963 [Time-limited test] INFO  impl.DataStreamServerImpl (ConfUtils.java:logGet(46)) - raft.datastream.type = DISABLED (default)
2022-07-14 02:38:24,963 [Time-limited test] INFO  server.RaftServerConfigKeys (ConfUtils.java:logGet(46)) - raft.server.threadpool.proxy.cached = true (default)
2022-07-14 02:38:24,963 [Time-limited test] INFO  server.RaftServerConfigKeys (ConfUtils.java:logGet(46)) - raft.server.threadpool.proxy.size = 0 (default)
2022-07-14 02:38:24,963 [Time-limited test] INFO  server.RaftServerConfigKeys (ConfUtils.java:logGet(46)) - raft.server.rpc.slowness.timeout = 60s (default)
2022-07-14 02:38:24,963 [Time-limited test] INFO  server.RaftServerConfigKeys (ConfUtils.java:logGet(46)) - raft.server.leaderelection.leader.step-down.wait-time = 10s (default)
2022-07-14 02:38:24,964 [Time-limited test] INFO  server.RaftServerConfigKeys (ConfUtils.java:logGet(46)) - raft.server.storage.dir = [/home/runner/work/ratis/ratis/ratis-test/target/test/data/7ab16eeb/MiniRaftClusterWithSimulatedRpcc53aeb90/s4] (custom)
2022-07-14 02:38:24,974 [pool-1-thread-1] INFO  server.RaftServer$Division (RaftServerImpl.java:<init>(191)) - s3: new RaftServerImpl for group-F163B23E7A07:[s3|rpc:localhost:40707|admin:localhost:37899|client:localhost:39537|dataStream:localhost:45577|priority:0, s4|rpc:localhost:41709|admin:localhost:46527|client:localhost:37803|dataStream:localhost:33761|priority:0, s0|rpc:localhost:37741|admin:localhost:46201|client:localhost:46213|dataStream:localhost:44011|priority:0, s1|rpc:localhost:39965|admin:localhost:38809|client:localhost:39467|dataStream:localhost:32971|priority:0, s2|rpc:localhost:33445|admin:localhost:44043|client:localhost:42341|dataStream:localhost:42157|priority:0] with BaseStateMachine:uninitialized
2022-07-14 02:38:24,976 [pool-1-thread-1] INFO  server.RaftServerConfigKeys (ConfUtils.java:logGet(46)) - raft.server.rpc.timeout.min = 150ms (default)
2022-07-14 02:38:24,976 [pool-1-thread-1] INFO  server.RaftServerConfigKeys (ConfUtils.java:logGet(46)) - raft.server.rpc.timeout.max = 300ms (default)
2022-07-14 02:38:24,976 [pool-1-thread-1] INFO  server.RaftServerConfigKeys (ConfUtils.java:logGet(46)) - raft.server.rpc.sleep.time = 25ms (default)
2022-07-14 02:38:24,976 [pool-1-thread-1] INFO  server.RaftServerConfigKeys (ConfUtils.java:logGet(46)) - raft.server.rpc.slowness.timeout = 60s (default)
2022-07-14 02:38:24,977 [pool-1-thread-1] INFO  server.RaftServerConfigKeys (ConfUtils.java:logGet(46)) - raft.server.leaderelection.leader.step-down.wait-time = 10s (default)
2022-07-14 02:38:24,977 [pool-1-thread-1] INFO  server.RaftServerConfigKeys (ConfUtils.java:logGet(46)) - raft.server.sleep.deviation.threshold = 300ms (default)
2022-07-14 02:38:24,981 [pool-1-thread-1] INFO  server.RaftServer$Division (ServerState.java:<init>(109)) - s3@group-F163B23E7A07: ConfigurationManager, init=-1: [s3|rpc:localhost:40707|admin:localhost:37899|client:localhost:39537|dataStream:localhost:45577|priority:0, s4|rpc:localhost:41709|admin:localhost:46527|client:localhost:37803|dataStream:localhost:33761|priority:0, s0|rpc:localhost:37741|admin:localhost:46201|client:localhost:46213|dataStream:localhost:44011|priority:0, s1|rpc:localhost:39965|admin:localhost:38809|client:localhost:39467|dataStream:localhost:32971|priority:0, s2|rpc:localhost:33445|admin:localhost:44043|client:localhost:42341|dataStream:localhost:42157|priority:0], old=null, confs=<EMPTY_MAP>
2022-07-14 02:38:24,982 [pool-1-thread-1] INFO  server.RaftServerConfigKeys (ConfUtils.java:logGet(46)) - raft.server.storage.dir = [/home/runner/work/ratis/ratis/ratis-test/target/test/data/7ab16eeb/MiniRaftClusterWithSimulatedRpcc53aeb90/s3] (custom)
2022-07-14 02:38:24,983 [Time-limited test] INFO  server.RaftServer (RaftServerProxy.java:addNew(96)) - s4: addNew group-F163B23E7A07:[s3|rpc:localhost:40707|admin:localhost:37899|client:localhost:39537|dataStream:localhost:45577|priority:0, s4|rpc:localhost:41709|admin:localhost:46527|client:localhost:37803|dataStream:localhost:33761|priority:0, s0|rpc:localhost:37741|admin:localhost:46201|client:localhost:46213|dataStream:localhost:44011|priority:0, s1|rpc:localhost:39965|admin:localhost:38809|client:localhost:39467|dataStream:localhost:32971|priority:0, s2|rpc:localhost:33445|admin:localhost:44043|client:localhost:42341|dataStream:localhost:42157|priority:0] returns group-F163B23E7A07:java.util.concurrent.CompletableFuture@5b16386e[Not completed]
2022-07-14 02:38:24,983 [Time-limited test] INFO  impl.MiniRaftCluster (MiniRaftCluster.java:newRaftServer(348)) - newRaftServer: s0, group-F163B23E7A07:[s3|rpc:localhost:40707|admin:localhost:37899|client:localhost:39537|dataStream:localhost:45577|priority:0, s4|rpc:localhost:41709|admin:localhost:46527|client:localhost:37803|dataStream:localhost:33761|priority:0, s0|rpc:localhost:37741|admin:localhost:46201|client:localhost:46213|dataStream:localhost:44011|priority:0, s1|rpc:localhost:39965|admin:localhost:38809|client:localhost:39467|dataStream:localhost:32971|priority:0, s2|rpc:localhost:33445|admin:localhost:44043|client:localhost:42341|dataStream:localhost:42157|priority:0], format? true
2022-07-14 02:38:24,983 [Time-limited test] TRACE util.FileUtils (FileUtils.java:deleteFully(162)) - deleteFully target/test/data/7ab16eeb/MiniRaftClusterWithSimulatedRpcc53aeb90/s0
2022-07-14 02:38:24,983 [Time-limited test] TRACE util.FileUtils (FileUtils.java:deleteFully(178)) - deleteFully: target/test/data/7ab16eeb/MiniRaftClusterWithSimulatedRpcc53aeb90/s0 does not exist.
2022-07-14 02:38:24,983 [Time-limited test] INFO  impl.MiniRaftCluster (MiniRaftCluster.java:newRaftServer(353)) - Formatted directory target/test/data/7ab16eeb/MiniRaftClusterWithSimulatedRpcc53aeb90/s0
2022-07-14 02:38:24,984 [Time-limited test] INFO  server.RaftServer (ConfUtils.java:logGet(46)) - raft.rpc.type = org.apache.ratis.server.simulation.SimulatedRpc (custom)
2022-07-14 02:38:24,984 [Time-limited test] INFO  impl.DataStreamServerImpl (ConfUtils.java:logGet(46)) - raft.datastream.type = DISABLED (default)
2022-07-14 02:38:24,984 [Time-limited test] INFO  server.RaftServerConfigKeys (ConfUtils.java:logGet(46)) - raft.server.threadpool.proxy.cached = true (default)
2022-07-14 02:38:24,984 [Time-limited test] INFO  server.RaftServerConfigKeys (ConfUtils.java:logGet(46)) - raft.server.threadpool.proxy.size = 0 (default)
2022-07-14 02:38:24,984 [Time-limited test] INFO  server.RaftServerConfigKeys (ConfUtils.java:logGet(46)) - raft.server.rpc.slowness.timeout = 60s (default)
2022-07-14 02:38:24,984 [Time-limited test] INFO  server.RaftServerConfigKeys (ConfUtils.java:logGet(46)) - raft.server.leaderelection.leader.step-down.wait-time = 10s (default)
2022-07-14 02:38:24,985 [Time-limited test] INFO  server.RaftServerConfigKeys (ConfUtils.java:logGet(46)) - raft.server.storage.dir = [/home/runner/work/ratis/ratis/ratis-test/target/test/data/7ab16eeb/MiniRaftClusterWithSimulatedRpcc53aeb90/s0] (custom)
2022-07-14 02:38:24,989 [pool-2-thread-1] INFO  server.RaftServer$Division (RaftServerImpl.java:<init>(191)) - s4: new RaftServerImpl for group-F163B23E7A07:[s3|rpc:localhost:40707|admin:localhost:37899|client:localhost:39537|dataStream:localhost:45577|priority:0, s4|rpc:localhost:41709|admin:localhost:46527|client:localhost:37803|dataStream:localhost:33761|priority:0, s0|rpc:localhost:37741|admin:localhost:46201|client:localhost:46213|dataStream:localhost:44011|priority:0, s1|rpc:localhost:39965|admin:localhost:38809|client:localhost:39467|dataStream:localhost:32971|priority:0, s2|rpc:localhost:33445|admin:localhost:44043|client:localhost:42341|dataStream:localhost:42157|priority:0] with BaseStateMachine:uninitialized
2022-07-14 02:38:24,989 [pool-2-thread-1] INFO  server.RaftServerConfigKeys (ConfUtils.java:logGet(46)) - raft.server.rpc.timeout.min = 150ms (default)
2022-07-14 02:38:24,989 [pool-2-thread-1] INFO  server.RaftServerConfigKeys (ConfUtils.java:logGet(46)) - raft.server.rpc.timeout.max = 300ms (default)
2022-07-14 02:38:24,989 [pool-2-thread-1] INFO  server.RaftServerConfigKeys (ConfUtils.java:logGet(46)) - raft.server.rpc.sleep.time = 25ms (default)
2022-07-14 02:38:24,990 [pool-2-thread-1] INFO  server.RaftServerConfigKeys (ConfUtils.java:logGet(46)) - raft.server.rpc.slowness.timeout = 60s (default)
2022-07-14 02:38:24,990 [pool-2-thread-1] INFO  server.RaftServerConfigKeys (ConfUtils.java:logGet(46)) - raft.server.leaderelection.leader.step-down.wait-time = 10s (default)
2022-07-14 02:38:24,990 [pool-2-thread-1] INFO  server.RaftServerConfigKeys (ConfUtils.java:logGet(46)) - raft.server.sleep.deviation.threshold = 300ms (default)
2022-07-14 02:38:24,991 [pool-3-thread-1] INFO  server.RaftServer$Division (RaftServerImpl.java:<init>(191)) - s0: new RaftServerImpl for group-F163B23E7A07:[s3|rpc:localhost:40707|admin:localhost:37899|client:localhost:39537|dataStream:localhost:45577|priority:0, s4|rpc:localhost:41709|admin:localhost:46527|client:localhost:37803|dataStream:localhost:33761|priority:0, s0|rpc:localhost:37741|admin:localhost:46201|client:localhost:46213|dataStream:localhost:44011|priority:0, s1|rpc:localhost:39965|admin:localhost:38809|client:localhost:39467|dataStream:localhost:32971|priority:0, s2|rpc:localhost:33445|admin:localhost:44043|client:localhost:42341|dataStream:localhost:42157|priority:0] with BaseStateMachine:uninitialized
2022-07-14 02:38:24,991 [Time-limited test] INFO  server.RaftServer (RaftServerProxy.java:addNew(96)) - s0: addNew group-F163B23E7A07:[s3|rpc:localhost:40707|admin:localhost:37899|client:localhost:39537|dataStream:localhost:45577|priority:0, s4|rpc:localhost:41709|admin:localhost:46527|client:localhost:37803|dataStream:localhost:33761|priority:0, s0|rpc:localhost:37741|admin:localhost:46201|client:localhost:46213|dataStream:localhost:44011|priority:0, s1|rpc:localhost:39965|admin:localhost:38809|client:localhost:39467|dataStream:localhost:32971|priority:0, s2|rpc:localhost:33445|admin:localhost:44043|client:localhost:42341|dataStream:localhost:42157|priority:0] returns group-F163B23E7A07:java.util.concurrent.CompletableFuture@298c7fc1[Not completed]
2022-07-14 02:38:24,992 [Time-limited test] INFO  impl.MiniRaftCluster (MiniRaftCluster.java:newRaftServer(348)) - newRaftServer: s1, group-F163B23E7A07:[s3|rpc:localhost:40707|admin:localhost:37899|client:localhost:39537|dataStream:localhost:45577|priority:0, s4|rpc:localhost:41709|admin:localhost:46527|client:localhost:37803|dataStream:localhost:33761|priority:0, s0|rpc:localhost:37741|admin:localhost:46201|client:localhost:46213|dataStream:localhost:44011|priority:0, s1|rpc:localhost:39965|admin:localhost:38809|client:localhost:39467|dataStream:localhost:32971|priority:0, s2|rpc:localhost:33445|admin:localhost:44043|client:localhost:42341|dataStream:localhost:42157|priority:0], format? true
2022-07-14 02:38:24,992 [Time-limited test] TRACE util.FileUtils (FileUtils.java:deleteFully(162)) - deleteFully target/test/data/7ab16eeb/MiniRaftClusterWithSimulatedRpcc53aeb90/s1
2022-07-14 02:38:24,992 [Time-limited test] TRACE util.FileUtils (FileUtils.java:deleteFully(178)) - deleteFully: target/test/data/7ab16eeb/MiniRaftClusterWithSimulatedRpcc53aeb90/s1 does not exist.
2022-07-14 02:38:24,992 [Time-limited test] INFO  impl.MiniRaftCluster (MiniRaftCluster.java:newRaftServer(353)) - Formatted directory target/test/data/7ab16eeb/MiniRaftClusterWithSimulatedRpcc53aeb90/s1
2022-07-14 02:38:24,993 [Time-limited test] INFO  server.RaftServer (ConfUtils.java:logGet(46)) - raft.rpc.type = org.apache.ratis.server.simulation.SimulatedRpc (custom)
2022-07-14 02:38:24,993 [Time-limited test] INFO  impl.DataStreamServerImpl (ConfUtils.java:logGet(46)) - raft.datastream.type = DISABLED (default)
2022-07-14 02:38:24,993 [Time-limited test] INFO  server.RaftServerConfigKeys (ConfUtils.java:logGet(46)) - raft.server.threadpool.proxy.cached = true (default)
2022-07-14 02:38:24,993 [Time-limited test] INFO  server.RaftServerConfigKeys (ConfUtils.java:logGet(46)) - raft.server.threadpool.proxy.size = 0 (default)
2022-07-14 02:38:24,993 [Time-limited test] INFO  server.RaftServerConfigKeys (ConfUtils.java:logGet(46)) - raft.server.rpc.slowness.timeout = 60s (default)
2022-07-14 02:38:24,994 [Time-limited test] INFO  server.RaftServerConfigKeys (ConfUtils.java:logGet(46)) - raft.server.leaderelection.leader.step-down.wait-time = 10s (default)
2022-07-14 02:38:24,994 [Time-limited test] INFO  server.RaftServerConfigKeys (ConfUtils.java:logGet(46)) - raft.server.storage.dir = [/home/runner/work/ratis/ratis/ratis-test/target/test/data/7ab16eeb/MiniRaftClusterWithSimulatedRpcc53aeb90/s1] (custom)
2022-07-14 02:38:24,991 [pool-1-thread-1] INFO  server.RaftServerConfigKeys (ConfUtils.java:logGet(46)) - raft.server.log.corruption.policy = EXCEPTION (default)
2022-07-14 02:38:24,992 [pool-2-thread-1] INFO  server.RaftServer$Division (ServerState.java:<init>(109)) - s4@group-F163B23E7A07: ConfigurationManager, init=-1: [s3|rpc:localhost:40707|admin:localhost:37899|client:localhost:39537|dataStream:localhost:45577|priority:0, s4|rpc:localhost:41709|admin:localhost:46527|client:localhost:37803|dataStream:localhost:33761|priority:0, s0|rpc:localhost:37741|admin:localhost:46201|client:localhost:46213|dataStream:localhost:44011|priority:0, s1|rpc:localhost:39965|admin:localhost:38809|client:localhost:39467|dataStream:localhost:32971|priority:0, s2|rpc:localhost:33445|admin:localhost:44043|client:localhost:42341|dataStream:localhost:42157|priority:0], old=null, confs=<EMPTY_MAP>
2022-07-14 02:38:24,994 [pool-2-thread-1] INFO  server.RaftServerConfigKeys (ConfUtils.java:logGet(46)) - raft.server.storage.dir = [/home/runner/work/ratis/ratis/ratis-test/target/test/data/7ab16eeb/MiniRaftClusterWithSimulatedRpcc53aeb90/s4] (custom)
2022-07-14 02:38:24,995 [pool-2-thread-1] INFO  server.RaftServerConfigKeys (ConfUtils.java:logGet(46)) - raft.server.log.corruption.policy = EXCEPTION (default)
2022-07-14 02:38:24,995 [pool-2-thread-1] INFO  server.RaftServerConfigKeys (ConfUtils.java:logGet(46)) - raft.server.storage.free-space.min = 0MB (=0) (default)
2022-07-14 02:38:25,001 [pool-1-thread-1] INFO  server.RaftServerConfigKeys (ConfUtils.java:logGet(46)) - raft.server.storage.free-space.min = 0MB (=0) (default)
2022-07-14 02:38:25,001 [pool-3-thread-1] INFO  server.RaftServerConfigKeys (ConfUtils.java:logGet(46)) - raft.server.rpc.timeout.min = 150ms (default)
2022-07-14 02:38:25,001 [pool-3-thread-1] INFO  server.RaftServerConfigKeys (ConfUtils.java:logGet(46)) - raft.server.rpc.timeout.max = 300ms (default)
2022-07-14 02:38:25,001 [pool-3-thread-1] INFO  server.RaftServerConfigKeys (ConfUtils.java:logGet(46)) - raft.server.rpc.sleep.time = 25ms (default)
2022-07-14 02:38:25,001 [pool-3-thread-1] INFO  server.RaftServerConfigKeys (ConfUtils.java:logGet(46)) - raft.server.rpc.slowness.timeout = 60s (default)
2022-07-14 02:38:25,002 [pool-3-thread-1] INFO  server.RaftServerConfigKeys (ConfUtils.java:logGet(46)) - raft.server.leaderelection.leader.step-down.wait-time = 10s (default)
2022-07-14 02:38:25,002 [pool-3-thread-1] INFO  server.RaftServerConfigKeys (ConfUtils.java:logGet(46)) - raft.server.sleep.deviation.threshold = 300ms (default)
2022-07-14 02:38:25,002 [pool-3-thread-1] INFO  server.RaftServer$Division (ServerState.java:<init>(109)) - s0@group-F163B23E7A07: ConfigurationManager, init=-1: [s3|rpc:localhost:40707|admin:localhost:37899|client:localhost:39537|dataStream:localhost:45577|priority:0, s4|rpc:localhost:41709|admin:localhost:46527|client:localhost:37803|dataStream:localhost:33761|priority:0, s0|rpc:localhost:37741|admin:localhost:46201|client:localhost:46213|dataStream:localhost:44011|priority:0, s1|rpc:localhost:39965|admin:localhost:38809|client:localhost:39467|dataStream:localhost:32971|priority:0, s2|rpc:localhost:33445|admin:localhost:44043|client:localhost:42341|dataStream:localhost:42157|priority:0], old=null, confs=<EMPTY_MAP>
2022-07-14 02:38:25,002 [pool-3-thread-1] INFO  server.RaftServerConfigKeys (ConfUtils.java:logGet(46)) - raft.server.storage.dir = [/home/runner/work/ratis/ratis/ratis-test/target/test/data/7ab16eeb/MiniRaftClusterWithSimulatedRpcc53aeb90/s0] (custom)
2022-07-14 02:38:25,005 [pool-3-thread-1] INFO  server.RaftServerConfigKeys (ConfUtils.java:logGet(46)) - raft.server.log.corruption.policy = EXCEPTION (default)
2022-07-14 02:38:25,005 [pool-3-thread-1] INFO  server.RaftServerConfigKeys (ConfUtils.java:logGet(46)) - raft.server.storage.free-space.min = 0MB (=0) (default)
2022-07-14 02:38:25,005 [pool-3-thread-1] INFO  server.RaftServerConfigKeys (ConfUtils.java:logGet(46)) - raft.server.notification.no-leader.timeout = 60s (default)
2022-07-14 02:38:25,008 [pool-3-thread-1] INFO  server.RaftServerConfigKeys (ConfUtils.java:logGet(46)) - raft.server.retrycache.expirytime = 60s (default)
2022-07-14 02:38:25,004 [pool-2-thread-1] INFO  server.RaftServerConfigKeys (ConfUtils.java:logGet(46)) - raft.server.notification.no-leader.timeout = 60s (default)
2022-07-14 02:38:25,008 [pool-2-thread-1] INFO  server.RaftServerConfigKeys (ConfUtils.java:logGet(46)) - raft.server.retrycache.expirytime = 60s (default)
2022-07-14 02:38:25,009 [pool-2-thread-1] INFO  server.RaftServerConfigKeys (ConfUtils.java:logGet(46)) - raft.server.retrycache.statistics.expirytime = 100μs (default)
2022-07-14 02:38:25,004 [pool-1-thread-1] INFO  server.RaftServerConfigKeys (ConfUtils.java:logGet(46)) - raft.server.notification.no-leader.timeout = 60s (default)
2022-07-14 02:38:25,009 [pool-1-thread-1] INFO  server.RaftServerConfigKeys (ConfUtils.java:logGet(46)) - raft.server.retrycache.expirytime = 60s (default)
2022-07-14 02:38:25,009 [pool-1-thread-1] INFO  server.RaftServerConfigKeys (ConfUtils.java:logGet(46)) - raft.server.retrycache.statistics.expirytime = 100μs (default)
2022-07-14 02:38:25,013 [pool-3-thread-1] INFO  server.RaftServerConfigKeys (ConfUtils.java:logGet(46)) - raft.server.retrycache.statistics.expirytime = 100μs (default)
2022-07-14 02:38:25,024 [Time-limited test] INFO  server.RaftServer (RaftServerProxy.java:addNew(96)) - s1: addNew group-F163B23E7A07:[s3|rpc:localhost:40707|admin:localhost:37899|client:localhost:39537|dataStream:localhost:45577|priority:0, s4|rpc:localhost:41709|admin:localhost:46527|client:localhost:37803|dataStream:localhost:33761|priority:0, s0|rpc:localhost:37741|admin:localhost:46201|client:localhost:46213|dataStream:localhost:44011|priority:0, s1|rpc:localhost:39965|admin:localhost:38809|client:localhost:39467|dataStream:localhost:32971|priority:0, s2|rpc:localhost:33445|admin:localhost:44043|client:localhost:42341|dataStream:localhost:42157|priority:0] returns group-F163B23E7A07:java.util.concurrent.CompletableFuture@79bdd6b6[Not completed]
2022-07-14 02:38:25,024 [Time-limited test] INFO  impl.MiniRaftCluster (MiniRaftCluster.java:newRaftServer(348)) - newRaftServer: s2, group-F163B23E7A07:[s3|rpc:localhost:40707|admin:localhost:37899|client:localhost:39537|dataStream:localhost:45577|priority:0, s4|rpc:localhost:41709|admin:localhost:46527|client:localhost:37803|dataStream:localhost:33761|priority:0, s0|rpc:localhost:37741|admin:localhost:46201|client:localhost:46213|dataStream:localhost:44011|priority:0, s1|rpc:localhost:39965|admin:localhost:38809|client:localhost:39467|dataStream:localhost:32971|priority:0, s2|rpc:localhost:33445|admin:localhost:44043|client:localhost:42341|dataStream:localhost:42157|priority:0], format? true
2022-07-14 02:38:25,025 [Time-limited test] TRACE util.FileUtils (FileUtils.java:deleteFully(162)) - deleteFully target/test/data/7ab16eeb/MiniRaftClusterWithSimulatedRpcc53aeb90/s2
2022-07-14 02:38:25,025 [Time-limited test] TRACE util.FileUtils (FileUtils.java:deleteFully(178)) - deleteFully: target/test/data/7ab16eeb/MiniRaftClusterWithSimulatedRpcc53aeb90/s2 does not exist.
2022-07-14 02:38:25,025 [Time-limited test] INFO  impl.MiniRaftCluster (MiniRaftCluster.java:newRaftServer(353)) - Formatted directory target/test/data/7ab16eeb/MiniRaftClusterWithSimulatedRpcc53aeb90/s2
2022-07-14 02:38:25,025 [Time-limited test] INFO  server.RaftServer (ConfUtils.java:logGet(46)) - raft.rpc.type = org.apache.ratis.server.simulation.SimulatedRpc (custom)
2022-07-14 02:38:25,024 [pool-4-thread-1] INFO  server.RaftServer$Division (RaftServerImpl.java:<init>(191)) - s1: new RaftServerImpl for group-F163B23E7A07:[s3|rpc:localhost:40707|admin:localhost:37899|client:localhost:39537|dataStream:localhost:45577|priority:0, s4|rpc:localhost:41709|admin:localhost:46527|client:localhost:37803|dataStream:localhost:33761|priority:0, s0|rpc:localhost:37741|admin:localhost:46201|client:localhost:46213|dataStream:localhost:44011|priority:0, s1|rpc:localhost:39965|admin:localhost:38809|client:localhost:39467|dataStream:localhost:32971|priority:0, s2|rpc:localhost:33445|admin:localhost:44043|client:localhost:42341|dataStream:localhost:42157|priority:0] with BaseStateMachine:uninitialized
2022-07-14 02:38:25,025 [Time-limited test] INFO  impl.DataStreamServerImpl (ConfUtils.java:logGet(46)) - raft.datastream.type = DISABLED (default)
2022-07-14 02:38:25,026 [pool-4-thread-1] INFO  server.RaftServerConfigKeys (ConfUtils.java:logGet(46)) - raft.server.rpc.timeout.min = 150ms (default)
2022-07-14 02:38:25,026 [Time-limited test] INFO  server.RaftServerConfigKeys (ConfUtils.java:logGet(46)) - raft.server.threadpool.proxy.cached = true (default)
2022-07-14 02:38:25,026 [pool-4-thread-1] INFO  server.RaftServerConfigKeys (ConfUtils.java:logGet(46)) - raft.server.rpc.timeout.max = 300ms (default)
2022-07-14 02:38:25,026 [Time-limited test] INFO  server.RaftServerConfigKeys (ConfUtils.java:logGet(46)) - raft.server.threadpool.proxy.size = 0 (default)
2022-07-14 02:38:25,026 [Time-limited test] INFO  server.RaftServerConfigKeys (ConfUtils.java:logGet(46)) - raft.server.rpc.slowness.timeout = 60s (default)
2022-07-14 02:38:25,026 [Time-limited test] INFO  server.RaftServerConfigKeys (ConfUtils.java:logGet(46)) - raft.server.leaderelection.leader.step-down.wait-time = 10s (default)
2022-07-14 02:38:25,026 [Time-limited test] INFO  server.RaftServerConfigKeys (ConfUtils.java:logGet(46)) - raft.server.storage.dir = [/home/runner/work/ratis/ratis/ratis-test/target/test/data/7ab16eeb/MiniRaftClusterWithSimulatedRpcc53aeb90/s2] (custom)
2022-07-14 02:38:25,027 [pool-4-thread-1] INFO  server.RaftServerConfigKeys (ConfUtils.java:logGet(46)) - raft.server.rpc.sleep.time = 25ms (default)
2022-07-14 02:38:25,027 [pool-4-thread-1] INFO  server.RaftServerConfigKeys (ConfUtils.java:logGet(46)) - raft.server.rpc.slowness.timeout = 60s (default)
2022-07-14 02:38:25,027 [pool-4-thread-1] INFO  server.RaftServerConfigKeys (ConfUtils.java:logGet(46)) - raft.server.leaderelection.leader.step-down.wait-time = 10s (default)
2022-07-14 02:38:25,028 [pool-4-thread-1] INFO  server.RaftServerConfigKeys (ConfUtils.java:logGet(46)) - raft.server.sleep.deviation.threshold = 300ms (default)
2022-07-14 02:38:25,028 [pool-4-thread-1] INFO  server.RaftServer$Division (ServerState.java:<init>(109)) - s1@group-F163B23E7A07: ConfigurationManager, init=-1: [s3|rpc:localhost:40707|admin:localhost:37899|client:localhost:39537|dataStream:localhost:45577|priority:0, s4|rpc:localhost:41709|admin:localhost:46527|client:localhost:37803|dataStream:localhost:33761|priority:0, s0|rpc:localhost:37741|admin:localhost:46201|client:localhost:46213|dataStream:localhost:44011|priority:0, s1|rpc:localhost:39965|admin:localhost:38809|client:localhost:39467|dataStream:localhost:32971|priority:0, s2|rpc:localhost:33445|admin:localhost:44043|client:localhost:42341|dataStream:localhost:42157|priority:0], old=null, confs=<EMPTY_MAP>
2022-07-14 02:38:25,028 [pool-4-thread-1] INFO  server.RaftServerConfigKeys (ConfUtils.java:logGet(46)) - raft.server.storage.dir = [/home/runner/work/ratis/ratis/ratis-test/target/test/data/7ab16eeb/MiniRaftClusterWithSimulatedRpcc53aeb90/s1] (custom)
2022-07-14 02:38:25,028 [pool-4-thread-1] INFO  server.RaftServerConfigKeys (ConfUtils.java:logGet(46)) - raft.server.log.corruption.policy = EXCEPTION (default)
2022-07-14 02:38:25,028 [pool-4-thread-1] INFO  server.RaftServerConfigKeys (ConfUtils.java:logGet(46)) - raft.server.storage.free-space.min = 0MB (=0) (default)
2022-07-14 02:38:25,028 [pool-4-thread-1] INFO  server.RaftServerConfigKeys (ConfUtils.java:logGet(46)) - raft.server.notification.no-leader.timeout = 60s (default)
2022-07-14 02:38:25,028 [pool-4-thread-1] INFO  server.RaftServerConfigKeys (ConfUtils.java:logGet(46)) - raft.server.retrycache.expirytime = 60s (default)
2022-07-14 02:38:25,029 [pool-4-thread-1] INFO  server.RaftServerConfigKeys (ConfUtils.java:logGet(46)) - raft.server.retrycache.statistics.expirytime = 100μs (default)
2022-07-14 02:38:25,038 [Time-limited test] INFO  server.RaftServer (RaftServerProxy.java:addNew(96)) - s2: addNew group-F163B23E7A07:[s3|rpc:localhost:40707|admin:localhost:37899|client:localhost:39537|dataStream:localhost:45577|priority:0, s4|rpc:localhost:41709|admin:localhost:46527|client:localhost:37803|dataStream:localhost:33761|priority:0, s0|rpc:localhost:37741|admin:localhost:46201|client:localhost:46213|dataStream:localhost:44011|priority:0, s1|rpc:localhost:39965|admin:localhost:38809|client:localhost:39467|dataStream:localhost:32971|priority:0, s2|rpc:localhost:33445|admin:localhost:44043|client:localhost:42341|dataStream:localhost:42157|priority:0] returns group-F163B23E7A07:java.util.concurrent.CompletableFuture@70c7e30a[Not completed]
2022-07-14 02:38:25,042 [pool-5-thread-1] INFO  server.RaftServer$Division (RaftServerImpl.java:<init>(191)) - s2: new RaftServerImpl for group-F163B23E7A07:[s3|rpc:localhost:40707|admin:localhost:37899|client:localhost:39537|dataStream:localhost:45577|priority:0, s4|rpc:localhost:41709|admin:localhost:46527|client:localhost:37803|dataStream:localhost:33761|priority:0, s0|rpc:localhost:37741|admin:localhost:46201|client:localhost:46213|dataStream:localhost:44011|priority:0, s1|rpc:localhost:39965|admin:localhost:38809|client:localhost:39467|dataStream:localhost:32971|priority:0, s2|rpc:localhost:33445|admin:localhost:44043|client:localhost:42341|dataStream:localhost:42157|priority:0] with BaseStateMachine:uninitialized
2022-07-14 02:38:25,046 [pool-3-thread-1] INFO  metrics.MetricRegistries (MetricRegistriesLoader.java:load(64)) - Loaded MetricRegistries class org.apache.ratis.metrics.impl.MetricRegistriesImpl
2022-07-14 02:38:25,050 [pool-5-thread-1] INFO  server.RaftServerConfigKeys (ConfUtils.java:logGet(46)) - raft.server.rpc.timeout.min = 150ms (default)
2022-07-14 02:38:25,051 [pool-5-thread-1] INFO  server.RaftServerConfigKeys (ConfUtils.java:logGet(46)) - raft.server.rpc.timeout.max = 300ms (default)
2022-07-14 02:38:25,051 [pool-5-thread-1] INFO  server.RaftServerConfigKeys (ConfUtils.java:logGet(46)) - raft.server.rpc.sleep.time = 25ms (default)
2022-07-14 02:38:25,052 [pool-5-thread-1] INFO  server.RaftServerConfigKeys (ConfUtils.java:logGet(46)) - raft.server.rpc.slowness.timeout = 60s (default)
2022-07-14 02:38:25,052 [pool-5-thread-1] INFO  server.RaftServerConfigKeys (ConfUtils.java:logGet(46)) - raft.server.leaderelection.leader.step-down.wait-time = 10s (default)
2022-07-14 02:38:25,052 [pool-5-thread-1] INFO  server.RaftServerConfigKeys (ConfUtils.java:logGet(46)) - raft.server.sleep.deviation.threshold = 300ms (default)
2022-07-14 02:38:25,052 [pool-5-thread-1] INFO  server.RaftServer$Division (ServerState.java:<init>(109)) - s2@group-F163B23E7A07: ConfigurationManager, init=-1: [s3|rpc:localhost:40707|admin:localhost:37899|client:localhost:39537|dataStream:localhost:45577|priority:0, s4|rpc:localhost:41709|admin:localhost:46527|client:localhost:37803|dataStream:localhost:33761|priority:0, s0|rpc:localhost:37741|admin:localhost:46201|client:localhost:46213|dataStream:localhost:44011|priority:0, s1|rpc:localhost:39965|admin:localhost:38809|client:localhost:39467|dataStream:localhost:32971|priority:0, s2|rpc:localhost:33445|admin:localhost:44043|client:localhost:42341|dataStream:localhost:42157|priority:0], old=null, confs=<EMPTY_MAP>
2022-07-14 02:38:25,054 [pool-5-thread-1] INFO  server.RaftServerConfigKeys (ConfUtils.java:logGet(46)) - raft.server.storage.dir = [/home/runner/work/ratis/ratis/ratis-test/target/test/data/7ab16eeb/MiniRaftClusterWithSimulatedRpcc53aeb90/s2] (custom)
2022-07-14 02:38:25,054 [pool-5-thread-1] INFO  server.RaftServerConfigKeys (ConfUtils.java:logGet(46)) - raft.server.log.corruption.policy = EXCEPTION (default)
2022-07-14 02:38:25,054 [pool-5-thread-1] INFO  server.RaftServerConfigKeys (ConfUtils.java:logGet(46)) - raft.server.storage.free-space.min = 0MB (=0) (default)
2022-07-14 02:38:25,055 [pool-5-thread-1] INFO  server.RaftServerConfigKeys (ConfUtils.java:logGet(46)) - raft.server.notification.no-leader.timeout = 60s (default)
2022-07-14 02:38:25,055 [pool-5-thread-1] INFO  server.RaftServerConfigKeys (ConfUtils.java:logGet(46)) - raft.server.retrycache.expirytime = 60s (default)
2022-07-14 02:38:25,055 [pool-5-thread-1] INFO  server.RaftServerConfigKeys (ConfUtils.java:logGet(46)) - raft.server.retrycache.statistics.expirytime = 100μs (default)
2022-07-14 02:38:25,124 [pool-4-thread-1] INFO  server.RaftServerConfigKeys (ConfUtils.java:logGet(46)) - raft.server.log.appender.install.snapshot.enabled = true (default)
2022-07-14 02:38:25,124 [pool-1-thread-1] INFO  server.RaftServerConfigKeys (ConfUtils.java:logGet(46)) - raft.server.log.appender.install.snapshot.enabled = true (default)
2022-07-14 02:38:25,125 [pool-1-thread-1] INFO  server.RaftServerConfigKeys (ConfUtils.java:logGet(46)) - raft.server.threadpool.server.cached = true (default)
2022-07-14 02:38:25,125 [pool-1-thread-1] INFO  server.RaftServerConfigKeys (ConfUtils.java:logGet(46)) - raft.server.threadpool.server.size = 0 (default)
2022-07-14 02:38:25,124 [pool-3-thread-1] INFO  server.RaftServerConfigKeys (ConfUtils.java:logGet(46)) - raft.server.log.appender.install.snapshot.enabled = true (default)
2022-07-14 02:38:25,126 [pool-3-thread-1] INFO  server.RaftServerConfigKeys (ConfUtils.java:logGet(46)) - raft.server.threadpool.server.cached = true (default)
2022-07-14 02:38:25,126 [pool-3-thread-1] INFO  server.RaftServerConfigKeys (ConfUtils.java:logGet(46)) - raft.server.threadpool.server.size = 0 (default)
2022-07-14 02:38:25,126 [pool-3-thread-1] INFO  server.RaftServerConfigKeys (ConfUtils.java:logGet(46)) - raft.server.threadpool.client.cached = true (default)
2022-07-14 02:38:25,127 [pool-3-thread-1] INFO  server.RaftServerConfigKeys (ConfUtils.java:logGet(46)) - raft.server.threadpool.client.size = 0 (default)
2022-07-14 02:38:25,127 [pool-4-thread-1] INFO  server.RaftServerConfigKeys (ConfUtils.java:logGet(46)) - raft.server.threadpool.server.cached = true (default)
2022-07-14 02:38:25,127 [pool-4-thread-1] INFO  server.RaftServerConfigKeys (ConfUtils.java:logGet(46)) - raft.server.threadpool.server.size = 0 (default)
2022-07-14 02:38:25,127 [pool-4-thread-1] INFO  server.RaftServerConfigKeys (ConfUtils.java:logGet(46)) - raft.server.threadpool.client.cached = true (default)
2022-07-14 02:38:25,127 [pool-4-thread-1] INFO  server.RaftServerConfigKeys (ConfUtils.java:logGet(46)) - raft.server.threadpool.client.size = 0 (default)
2022-07-14 02:38:25,127 [pool-2-thread-1] INFO  server.RaftServerConfigKeys (ConfUtils.java:logGet(46)) - raft.server.log.appender.install.snapshot.enabled = true (default)
2022-07-14 02:38:25,128 [pool-2-thread-1] INFO  server.RaftServerConfigKeys (ConfUtils.java:logGet(46)) - raft.server.threadpool.server.cached = true (default)
2022-07-14 02:38:25,128 [pool-2-thread-1] INFO  server.RaftServerConfigKeys (ConfUtils.java:logGet(46)) - raft.server.threadpool.server.size = 0 (default)
2022-07-14 02:38:25,128 [pool-2-thread-1] INFO  server.RaftServerConfigKeys (ConfUtils.java:logGet(46)) - raft.server.threadpool.client.cached = true (default)
2022-07-14 02:38:25,128 [pool-2-thread-1] INFO  server.RaftServerConfigKeys (ConfUtils.java:logGet(46)) - raft.server.threadpool.client.size = 0 (default)
2022-07-14 02:38:25,128 [pool-5-thread-1] INFO  server.RaftServerConfigKeys (ConfUtils.java:logGet(46)) - raft.server.log.appender.install.snapshot.enabled = true (default)
2022-07-14 02:38:25,128 [pool-5-thread-1] INFO  server.RaftServerConfigKeys (ConfUtils.java:logGet(46)) - raft.server.threadpool.server.cached = true (default)
2022-07-14 02:38:25,128 [pool-5-thread-1] INFO  server.RaftServerConfigKeys (ConfUtils.java:logGet(46)) - raft.server.threadpool.server.size = 0 (default)
2022-07-14 02:38:25,128 [pool-5-thread-1] INFO  server.RaftServerConfigKeys (ConfUtils.java:logGet(46)) - raft.server.threadpool.client.cached = true (default)
2022-07-14 02:38:25,129 [pool-5-thread-1] INFO  server.RaftServerConfigKeys (ConfUtils.java:logGet(46)) - raft.server.threadpool.client.size = 0 (default)
2022-07-14 02:38:25,129 [pool-1-thread-1] INFO  server.RaftServerConfigKeys (ConfUtils.java:logGet(46)) - raft.server.threadpool.client.cached = true (default)
2022-07-14 02:38:25,129 [pool-1-thread-1] INFO  server.RaftServerConfigKeys (ConfUtils.java:logGet(46)) - raft.server.threadpool.client.size = 0 (default)
2022-07-14 02:38:25,130 [s3-impl-thread1] INFO  storage.RaftStorageDirectory (RaftStorageDirectoryImpl.java:analyzeStorage(137)) - The storage directory /home/runner/work/ratis/ratis/ratis-test/target/test/data/7ab16eeb/MiniRaftClusterWithSimulatedRpcc53aeb90/s3/06efd297-65a5-4bc2-ac8d-f163b23e7a07 does not exist. Creating ...
2022-07-14 02:38:25,131 [s3-impl-thread1] TRACE util.FileUtils (LogUtils.java:runAndLog(49)) - Successfully ran Files.createDirectories /home/runner/work/ratis/ratis/ratis-test/target/test/data/7ab16eeb/MiniRaftClusterWithSimulatedRpcc53aeb90/s3/06efd297-65a5-4bc2-ac8d-f163b23e7a07
2022-07-14 02:38:25,136 [s3-impl-thread1] INFO  storage.RaftStorageDirectory (RaftStorageDirectoryImpl.java:tryLock(231)) - Lock on /home/runner/work/ratis/ratis/ratis-test/target/test/data/7ab16eeb/MiniRaftClusterWithSimulatedRpcc53aeb90/s3/06efd297-65a5-4bc2-ac8d-f163b23e7a07/in_use.lock acquired by nodename 16254@fv-az54-379.qczjibyfz4dularrisj3jz1gre.bx.internal.cloudapp.net
2022-07-14 02:38:25,137 [s3-impl-thread1] TRACE util.FileUtils (LogUtils.java:runAndLog(49)) - Successfully ran Files.createDirectories /home/runner/work/ratis/ratis/ratis-test/target/test/data/7ab16eeb/MiniRaftClusterWithSimulatedRpcc53aeb90/s3/06efd297-65a5-4bc2-ac8d-f163b23e7a07/current
2022-07-14 02:38:25,137 [s3-impl-thread1] TRACE util.FileUtils (LogUtils.java:runAndLog(49)) - Successfully ran Files.createDirectories /home/runner/work/ratis/ratis/ratis-test/target/test/data/7ab16eeb/MiniRaftClusterWithSimulatedRpcc53aeb90/s3/06efd297-65a5-4bc2-ac8d-f163b23e7a07/sm
2022-07-14 02:38:25,154 [s3-impl-thread1] INFO  storage.RaftStorage (RaftStorageImpl.java:format(96)) - Storage directory /home/runner/work/ratis/ratis/ratis-test/target/test/data/7ab16eeb/MiniRaftClusterWithSimulatedRpcc53aeb90/s3/06efd297-65a5-4bc2-ac8d-f163b23e7a07 has been successfully formatted.
2022-07-14 02:38:25,156 [s3-impl-thread1] INFO  server.RaftServerConfigKeys (ConfUtils.java:logGet(46)) - raft.server.log.use.memory = false (default)
2022-07-14 02:38:25,165 [s3-impl-thread1] INFO  server.RaftServerConfigKeys (ConfUtils.java:logGet(46)) - raft.server.log.purge.gap = 1024 (default)
2022-07-14 02:38:25,165 [s3-impl-thread1] INFO  server.RaftServerConfigKeys (ConfUtils.java:logGet(46)) - raft.server.log.appender.buffer.byte-limit = 4MB (=4194304) (default)
2022-07-14 02:38:25,167 [s3-impl-thread1] INFO  server.RaftServerConfigKeys (ConfUtils.java:logGet(46)) - raft.server.log.statemachine.data.read.timeout = 1000ms (default)
2022-07-14 02:38:25,168 [s3-impl-thread1] INFO  server.RaftServerConfigKeys (ConfUtils.java:logGet(46)) - raft.server.log.segment.size.max = 8MB (=8388608) (default)
2022-07-14 02:38:25,173 [s3-impl-thread1] INFO  server.RaftServerConfigKeys (ConfUtils.java:logGet(46)) - raft.server.log.segment.cache.num.max = 6 (default)
2022-07-14 02:38:25,174 [s3-impl-thread1] INFO  server.RaftServerConfigKeys (ConfUtils.java:logGet(46)) - raft.server.log.segment.cache.size.max = 200MB (=209715200) (default)
2022-07-14 02:38:25,177 [s3-impl-thread1] INFO  segmented.SegmentedRaftLogWorker (SegmentedRaftLogWorker.java:<init>(187)) - new s3@group-F163B23E7A07-SegmentedRaftLogWorker for RaftStorageImpl:Storage Directory /home/runner/work/ratis/ratis/ratis-test/target/test/data/7ab16eeb/MiniRaftClusterWithSimulatedRpcc53aeb90/s3/06efd297-65a5-4bc2-ac8d-f163b23e7a07
2022-07-14 02:38:25,178 [s3-impl-thread1] INFO  server.RaftServerConfigKeys (ConfUtils.java:logGet(46)) - raft.server.log.queue.byte-limit = 64MB (=67108864) (default)
2022-07-14 02:38:25,178 [s3-impl-thread1] INFO  server.RaftServerConfigKeys (ConfUtils.java:logGet(46)) - raft.server.log.queue.element-limit = 4096 (default)
2022-07-14 02:38:25,179 [s3-impl-thread1] INFO  server.RaftServerConfigKeys (ConfUtils.java:logGet(46)) - raft.server.log.segment.size.max = 8MB (=8388608) (default)
2022-07-14 02:38:25,180 [s3-impl-thread1] INFO  server.RaftServerConfigKeys (ConfUtils.java:logGet(46)) - raft.server.log.preallocated.size = 4MB (=4194304) (default)
2022-07-14 02:38:25,182 [s3-impl-thread1] INFO  server.RaftServerConfigKeys (ConfUtils.java:logGet(46)) - raft.server.log.force.sync.num = 128 (default)
2022-07-14 02:38:25,182 [s3-impl-thread1] INFO  server.RaftServerConfigKeys (ConfUtils.java:logGet(46)) - raft.server.log.statemachine.data.sync = true (default)
2022-07-14 02:38:25,183 [s3-impl-thread1] INFO  server.RaftServerConfigKeys (ConfUtils.java:logGet(46)) - raft.server.log.statemachine.data.sync.timeout = 10s (default)
2022-07-14 02:38:25,183 [s3-impl-thread1] INFO  server.RaftServerConfigKeys (ConfUtils.java:logGet(46)) - raft.server.log.statemachine.data.sync.timeout.retry = -1 (default)
2022-07-14 02:38:25,196 [s3-impl-thread1] INFO  server.RaftServerConfigKeys (ConfUtils.java:logGet(46)) - raft.server.log.write.buffer.size = 64KB (=65536) (default)
2022-07-14 02:38:25,196 [s3-impl-thread1] INFO  server.RaftServerConfigKeys (ConfUtils.java:logGet(46)) - raft.server.log.unsafe-flush.enabled = false (default)
2022-07-14 02:38:25,197 [s3-impl-thread1] INFO  server.RaftServerConfigKeys (ConfUtils.java:logGet(46)) - raft.server.log.statemachine.data.caching.enabled = false (default)
2022-07-14 02:38:25,204 [s3-impl-thread1] INFO  segmented.SegmentedRaftLogWorker (SegmentedRaftLogWorker.java:lambda$new$0(135)) - s3@group-F163B23E7A07-SegmentedRaftLogWorker: flushIndex: setUnconditionally 0 -> -1
2022-07-14 02:38:25,204 [s3-impl-thread1] INFO  segmented.SegmentedRaftLogWorker (SegmentedRaftLogWorker.java:lambda$new$0(135)) - s3@group-F163B23E7A07-SegmentedRaftLogWorker: safeCacheEvictIndex: setUnconditionally 0 -> -1
2022-07-14 02:38:25,207 [s3-impl-thread1] INFO  server.RaftServer$Division (RaftServerImpl.java:start(313)) - s3@group-F163B23E7A07: start as a follower, conf=-1: [s3|rpc:localhost:40707|admin:localhost:37899|client:localhost:39537|dataStream:localhost:45577|priority:0, s4|rpc:localhost:41709|admin:localhost:46527|client:localhost:37803|dataStream:localhost:33761|priority:0, s0|rpc:localhost:37741|admin:localhost:46201|client:localhost:46213|dataStream:localhost:44011|priority:0, s1|rpc:localhost:39965|admin:localhost:38809|client:localhost:39467|dataStream:localhost:32971|priority:0, s2|rpc:localhost:33445|admin:localhost:44043|client:localhost:42341|dataStream:localhost:42157|priority:0], old=null
2022-07-14 02:38:25,207 [s3-impl-thread1] INFO  server.RaftServer$Division (RaftServerImpl.java:setRole(300)) - s3@group-F163B23E7A07: changes role from      null to FOLLOWER at term 0 for startAsFollower
2022-07-14 02:38:25,208 [s3-impl-thread1] INFO  impl.RoleInfo (RoleInfo.java:updateAndGet(139)) - s3: start s3@group-F163B23E7A07-FollowerState
2022-07-14 02:38:25,209 [s3-impl-thread1] INFO  util.JmxRegister (JmxRegister.java:tryRegister(44)) - Successfully registered JMX Bean with object name Ratis:service=RaftServer,group=group-F163B23E7A07,id=s3
2022-07-14 02:38:25,211 [s3-impl-thread1] INFO  server.RaftServerConfigKeys (ConfUtils.java:logGet(46)) - raft.server.snapshot.auto.trigger.enabled = false (default)
2022-07-14 02:38:25,212 [s3-impl-thread1] INFO  server.RaftServerConfigKeys (ConfUtils.java:logGet(46)) - raft.server.snapshot.retention.file.num = -1 (default)
2022-07-14 02:38:25,212 [s3-impl-thread1] INFO  server.RaftServerConfigKeys (ConfUtils.java:logGet(46)) - raft.server.log.purge.upto.snapshot.index = false (default)
2022-07-14 02:38:25,215 [Time-limited test] INFO  server.RaftServer (RaftServerProxy.java:startImpl(385)) - s3: start RPC server
2022-07-14 02:38:25,218 [s4-impl-thread1] INFO  storage.RaftStorageDirectory (RaftStorageDirectoryImpl.java:analyzeStorage(137)) - The storage directory /home/runner/work/ratis/ratis/ratis-test/target/test/data/7ab16eeb/MiniRaftClusterWithSimulatedRpcc53aeb90/s4/06efd297-65a5-4bc2-ac8d-f163b23e7a07 does not exist. Creating ...
2022-07-14 02:38:25,219 [s4-impl-thread1] TRACE util.FileUtils (LogUtils.java:runAndLog(49)) - Successfully ran Files.createDirectories /home/runner/work/ratis/ratis/ratis-test/target/test/data/7ab16eeb/MiniRaftClusterWithSimulatedRpcc53aeb90/s4/06efd297-65a5-4bc2-ac8d-f163b23e7a07
2022-07-14 02:38:25,219 [org.apache.ratis.util.JvmPauseMonitor$$Lambda$250/1367845902@4203a067] INFO  util.JvmPauseMonitor (JvmPauseMonitor.java:run(103)) - JvmPauseMonitor-s3: Started
2022-07-14 02:38:25,221 [s4-impl-thread1] INFO  storage.RaftStorageDirectory (RaftStorageDirectoryImpl.java:tryLock(231)) - Lock on /home/runner/work/ratis/ratis/ratis-test/target/test/data/7ab16eeb/MiniRaftClusterWithSimulatedRpcc53aeb90/s4/06efd297-65a5-4bc2-ac8d-f163b23e7a07/in_use.lock acquired by nodename 16254@fv-az54-379.qczjibyfz4dularrisj3jz1gre.bx.internal.cloudapp.net
2022-07-14 02:38:25,221 [s4-impl-thread1] TRACE util.FileUtils (LogUtils.java:runAndLog(49)) - Successfully ran Files.createDirectories /home/runner/work/ratis/ratis/ratis-test/target/test/data/7ab16eeb/MiniRaftClusterWithSimulatedRpcc53aeb90/s4/06efd297-65a5-4bc2-ac8d-f163b23e7a07/current
2022-07-14 02:38:25,221 [s4-impl-thread1] TRACE util.FileUtils (LogUtils.java:runAndLog(49)) - Successfully ran Files.createDirectories /home/runner/work/ratis/ratis/ratis-test/target/test/data/7ab16eeb/MiniRaftClusterWithSimulatedRpcc53aeb90/s4/06efd297-65a5-4bc2-ac8d-f163b23e7a07/sm
2022-07-14 02:38:25,224 [s4-impl-thread1] INFO  storage.RaftStorage (RaftStorageImpl.java:format(96)) - Storage directory /home/runner/work/ratis/ratis/ratis-test/target/test/data/7ab16eeb/MiniRaftClusterWithSimulatedRpcc53aeb90/s4/06efd297-65a5-4bc2-ac8d-f163b23e7a07 has been successfully formatted.
2022-07-14 02:38:25,224 [s4-impl-thread1] INFO  server.RaftServerConfigKeys (ConfUtils.java:logGet(46)) - raft.server.log.use.memory = false (default)
2022-07-14 02:38:25,224 [s4-impl-thread1] INFO  server.RaftServerConfigKeys (ConfUtils.java:logGet(46)) - raft.server.log.purge.gap = 1024 (default)
2022-07-14 02:38:25,224 [s4-impl-thread1] INFO  server.RaftServerConfigKeys (ConfUtils.java:logGet(46)) - raft.server.log.appender.buffer.byte-limit = 4MB (=4194304) (default)
2022-07-14 02:38:25,224 [s4-impl-thread1] INFO  server.RaftServerConfigKeys (ConfUtils.java:logGet(46)) - raft.server.log.statemachine.data.read.timeout = 1000ms (default)
2022-07-14 02:38:25,224 [s4-impl-thread1] INFO  server.RaftServerConfigKeys (ConfUtils.java:logGet(46)) - raft.server.log.segment.size.max = 8MB (=8388608) (default)
2022-07-14 02:38:25,225 [s4-impl-thread1] INFO  server.RaftServerConfigKeys (ConfUtils.java:logGet(46)) - raft.server.log.segment.cache.num.max = 6 (default)
2022-07-14 02:38:25,225 [s4-impl-thread1] INFO  server.RaftServerConfigKeys (ConfUtils.java:logGet(46)) - raft.server.log.segment.cache.size.max = 200MB (=209715200) (default)
2022-07-14 02:38:25,225 [s4-impl-thread1] INFO  segmented.SegmentedRaftLogWorker (SegmentedRaftLogWorker.java:<init>(187)) - new s4@group-F163B23E7A07-SegmentedRaftLogWorker for RaftStorageImpl:Storage Directory /home/runner/work/ratis/ratis/ratis-test/target/test/data/7ab16eeb/MiniRaftClusterWithSimulatedRpcc53aeb90/s4/06efd297-65a5-4bc2-ac8d-f163b23e7a07
2022-07-14 02:38:25,225 [s4-impl-thread1] INFO  server.RaftServerConfigKeys (ConfUtils.java:logGet(46)) - raft.server.log.queue.byte-limit = 64MB (=67108864) (default)
2022-07-14 02:38:25,225 [s4-impl-thread1] INFO  server.RaftServerConfigKeys (ConfUtils.java:logGet(46)) - raft.server.log.queue.element-limit = 4096 (default)
2022-07-14 02:38:25,225 [s4-impl-thread1] INFO  server.RaftServerConfigKeys (ConfUtils.java:logGet(46)) - raft.server.log.segment.size.max = 8MB (=8388608) (default)
2022-07-14 02:38:25,225 [s4-impl-thread1] INFO  server.RaftServerConfigKeys (ConfUtils.java:logGet(46)) - raft.server.log.preallocated.size = 4MB (=4194304) (default)
2022-07-14 02:38:25,225 [s4-impl-thread1] INFO  server.RaftServerConfigKeys (ConfUtils.java:logGet(46)) - raft.server.log.force.sync.num = 128 (default)
2022-07-14 02:38:25,225 [s4-impl-thread1] INFO  server.RaftServerConfigKeys (ConfUtils.java:logGet(46)) - raft.server.log.statemachine.data.sync = true (default)
2022-07-14 02:38:25,226 [s4-impl-thread1] INFO  server.RaftServerConfigKeys (ConfUtils.java:logGet(46)) - raft.server.log.statemachine.data.sync.timeout = 10s (default)
2022-07-14 02:38:25,226 [s4-impl-thread1] INFO  server.RaftServerConfigKeys (ConfUtils.java:logGet(46)) - raft.server.log.statemachine.data.sync.timeout.retry = -1 (default)
2022-07-14 02:38:25,226 [s4-impl-thread1] INFO  server.RaftServerConfigKeys (ConfUtils.java:logGet(46)) - raft.server.log.write.buffer.size = 64KB (=65536) (default)
2022-07-14 02:38:25,226 [s4-impl-thread1] INFO  server.RaftServerConfigKeys (ConfUtils.java:logGet(46)) - raft.server.log.unsafe-flush.enabled = false (default)
2022-07-14 02:38:25,226 [s4-impl-thread1] INFO  server.RaftServerConfigKeys (ConfUtils.java:logGet(46)) - raft.server.log.statemachine.data.caching.enabled = false (default)
2022-07-14 02:38:25,227 [s4-impl-thread1] INFO  segmented.SegmentedRaftLogWorker (SegmentedRaftLogWorker.java:lambda$new$0(135)) - s4@group-F163B23E7A07-SegmentedRaftLogWorker: flushIndex: setUnconditionally 0 -> -1
2022-07-14 02:38:25,227 [s4-impl-thread1] INFO  segmented.SegmentedRaftLogWorker (SegmentedRaftLogWorker.java:lambda$new$0(135)) - s4@group-F163B23E7A07-SegmentedRaftLogWorker: safeCacheEvictIndex: setUnconditionally 0 -> -1
2022-07-14 02:38:25,234 [s4-impl-thread1] INFO  server.RaftServer$Division (RaftServerImpl.java:start(313)) - s4@group-F163B23E7A07: start as a follower, conf=-1: [s3|rpc:localhost:40707|admin:localhost:37899|client:localhost:39537|dataStream:localhost:45577|priority:0, s4|rpc:localhost:41709|admin:localhost:46527|client:localhost:37803|dataStream:localhost:33761|priority:0, s0|rpc:localhost:37741|admin:localhost:46201|client:localhost:46213|dataStream:localhost:44011|priority:0, s1|rpc:localhost:39965|admin:localhost:38809|client:localhost:39467|dataStream:localhost:32971|priority:0, s2|rpc:localhost:33445|admin:localhost:44043|client:localhost:42341|dataStream:localhost:42157|priority:0], old=null
2022-07-14 02:38:25,234 [s4-impl-thread1] INFO  server.RaftServer$Division (RaftServerImpl.java:setRole(300)) - s4@group-F163B23E7A07: changes role from      null to FOLLOWER at term 0 for startAsFollower
2022-07-14 02:38:25,234 [s4-impl-thread1] INFO  impl.RoleInfo (RoleInfo.java:updateAndGet(139)) - s4: start s4@group-F163B23E7A07-FollowerState
2022-07-14 02:38:25,235 [s4-impl-thread1] INFO  util.JmxRegister (JmxRegister.java:tryRegister(44)) - Successfully registered JMX Bean with object name Ratis:service=RaftServer,group=group-F163B23E7A07,id=s4
2022-07-14 02:38:25,235 [s4-impl-thread1] INFO  server.RaftServerConfigKeys (ConfUtils.java:logGet(46)) - raft.server.snapshot.auto.trigger.enabled = false (default)
2022-07-14 02:38:25,235 [s4-impl-thread1] INFO  server.RaftServerConfigKeys (ConfUtils.java:logGet(46)) - raft.server.snapshot.retention.file.num = -1 (default)
2022-07-14 02:38:25,235 [s4-impl-thread1] INFO  server.RaftServerConfigKeys (ConfUtils.java:logGet(46)) - raft.server.log.purge.upto.snapshot.index = false (default)
2022-07-14 02:38:25,236 [Time-limited test] INFO  server.RaftServer (RaftServerProxy.java:startImpl(385)) - s4: start RPC server
2022-07-14 02:38:25,237 [org.apache.ratis.util.JvmPauseMonitor$$Lambda$250/1367845902@79182663] INFO  util.JvmPauseMonitor (JvmPauseMonitor.java:run(103)) - JvmPauseMonitor-s4: Started
2022-07-14 02:38:25,237 [s0-impl-thread1] INFO  storage.RaftStorageDirectory (RaftStorageDirectoryImpl.java:analyzeStorage(137)) - The storage directory /home/runner/work/ratis/ratis/ratis-test/target/test/data/7ab16eeb/MiniRaftClusterWithSimulatedRpcc53aeb90/s0/06efd297-65a5-4bc2-ac8d-f163b23e7a07 does not exist. Creating ...
2022-07-14 02:38:25,238 [s0-impl-thread1] TRACE util.FileUtils (LogUtils.java:runAndLog(49)) - Successfully ran Files.createDirectories /home/runner/work/ratis/ratis/ratis-test/target/test/data/7ab16eeb/MiniRaftClusterWithSimulatedRpcc53aeb90/s0/06efd297-65a5-4bc2-ac8d-f163b23e7a07
2022-07-14 02:38:25,239 [s0-impl-thread1] INFO  storage.RaftStorageDirectory (RaftStorageDirectoryImpl.java:tryLock(231)) - Lock on /home/runner/work/ratis/ratis/ratis-test/target/test/data/7ab16eeb/MiniRaftClusterWithSimulatedRpcc53aeb90/s0/06efd297-65a5-4bc2-ac8d-f163b23e7a07/in_use.lock acquired by nodename 16254@fv-az54-379.qczjibyfz4dularrisj3jz1gre.bx.internal.cloudapp.net
2022-07-14 02:38:25,239 [s0-impl-thread1] TRACE util.FileUtils (LogUtils.java:runAndLog(49)) - Successfully ran Files.createDirectories /home/runner/work/ratis/ratis/ratis-test/target/test/data/7ab16eeb/MiniRaftClusterWithSimulatedRpcc53aeb90/s0/06efd297-65a5-4bc2-ac8d-f163b23e7a07/current
2022-07-14 02:38:25,240 [s0-impl-thread1] TRACE util.FileUtils (LogUtils.java:runAndLog(49)) - Successfully ran Files.createDirectories /home/runner/work/ratis/ratis/ratis-test/target/test/data/7ab16eeb/MiniRaftClusterWithSimulatedRpcc53aeb90/s0/06efd297-65a5-4bc2-ac8d-f163b23e7a07/sm
2022-07-14 02:38:25,241 [s0-impl-thread1] INFO  storage.RaftStorage (RaftStorageImpl.java:format(96)) - Storage directory /home/runner/work/ratis/ratis/ratis-test/target/test/data/7ab16eeb/MiniRaftClusterWithSimulatedRpcc53aeb90/s0/06efd297-65a5-4bc2-ac8d-f163b23e7a07 has been successfully formatted.
2022-07-14 02:38:25,241 [s0-impl-thread1] INFO  server.RaftServerConfigKeys (ConfUtils.java:logGet(46)) - raft.server.log.use.memory = false (default)
2022-07-14 02:38:25,241 [s0-impl-thread1] INFO  server.RaftServerConfigKeys (ConfUtils.java:logGet(46)) - raft.server.log.purge.gap = 1024 (default)
2022-07-14 02:38:25,242 [s0-impl-thread1] INFO  server.RaftServerConfigKeys (ConfUtils.java:logGet(46)) - raft.server.log.appender.buffer.byte-limit = 4MB (=4194304) (default)
2022-07-14 02:38:25,242 [s0-impl-thread1] INFO  server.RaftServerConfigKeys (ConfUtils.java:logGet(46)) - raft.server.log.statemachine.data.read.timeout = 1000ms (default)
2022-07-14 02:38:25,242 [s0-impl-thread1] INFO  server.RaftServerConfigKeys (ConfUtils.java:logGet(46)) - raft.server.log.segment.size.max = 8MB (=8388608) (default)
2022-07-14 02:38:25,242 [s0-impl-thread1] INFO  server.RaftServerConfigKeys (ConfUtils.java:logGet(46)) - raft.server.log.segment.cache.num.max = 6 (default)
2022-07-14 02:38:25,242 [s0-impl-thread1] INFO  server.RaftServerConfigKeys (ConfUtils.java:logGet(46)) - raft.server.log.segment.cache.size.max = 200MB (=209715200) (default)
2022-07-14 02:38:25,242 [s0-impl-thread1] INFO  segmented.SegmentedRaftLogWorker (SegmentedRaftLogWorker.java:<init>(187)) - new s0@group-F163B23E7A07-SegmentedRaftLogWorker for RaftStorageImpl:Storage Directory /home/runner/work/ratis/ratis/ratis-test/target/test/data/7ab16eeb/MiniRaftClusterWithSimulatedRpcc53aeb90/s0/06efd297-65a5-4bc2-ac8d-f163b23e7a07
2022-07-14 02:38:25,242 [s0-impl-thread1] INFO  server.RaftServerConfigKeys (ConfUtils.java:logGet(46)) - raft.server.log.queue.byte-limit = 64MB (=67108864) (default)
2022-07-14 02:38:25,243 [s0-impl-thread1] INFO  server.RaftServerConfigKeys (ConfUtils.java:logGet(46)) - raft.server.log.queue.element-limit = 4096 (default)
2022-07-14 02:38:25,243 [s0-impl-thread1] INFO  server.RaftServerConfigKeys (ConfUtils.java:logGet(46)) - raft.server.log.segment.size.max = 8MB (=8388608) (default)
2022-07-14 02:38:25,243 [s0-impl-thread1] INFO  server.RaftServerConfigKeys (ConfUtils.java:logGet(46)) - raft.server.log.preallocated.size = 4MB (=4194304) (default)
2022-07-14 02:38:25,243 [s0-impl-thread1] INFO  server.RaftServerConfigKeys (ConfUtils.java:logGet(46)) - raft.server.log.force.sync.num = 128 (default)
2022-07-14 02:38:25,243 [s0-impl-thread1] INFO  server.RaftServerConfigKeys (ConfUtils.java:logGet(46)) - raft.server.log.statemachine.data.sync = true (default)
2022-07-14 02:38:25,243 [s0-impl-thread1] INFO  server.RaftServerConfigKeys (ConfUtils.java:logGet(46)) - raft.server.log.statemachine.data.sync.timeout = 10s (default)
2022-07-14 02:38:25,243 [s0-impl-thread1] INFO  server.RaftServerConfigKeys (ConfUtils.java:logGet(46)) - raft.server.log.statemachine.data.sync.timeout.retry = -1 (default)
2022-07-14 02:38:25,244 [s0-impl-thread1] INFO  server.RaftServerConfigKeys (ConfUtils.java:logGet(46)) - raft.server.log.write.buffer.size = 64KB (=65536) (default)
2022-07-14 02:38:25,244 [s0-impl-thread1] INFO  server.RaftServerConfigKeys (ConfUtils.java:logGet(46)) - raft.server.log.unsafe-flush.enabled = false (default)
2022-07-14 02:38:25,245 [s0-impl-thread1] INFO  server.RaftServerConfigKeys (ConfUtils.java:logGet(46)) - raft.server.log.statemachine.data.caching.enabled = false (default)
2022-07-14 02:38:25,245 [s0-impl-thread1] INFO  segmented.SegmentedRaftLogWorker (SegmentedRaftLogWorker.java:lambda$new$0(135)) - s0@group-F163B23E7A07-SegmentedRaftLogWorker: flushIndex: setUnconditionally 0 -> -1
2022-07-14 02:38:25,245 [s0-impl-thread1] INFO  segmented.SegmentedRaftLogWorker (SegmentedRaftLogWorker.java:lambda$new$0(135)) - s0@group-F163B23E7A07-SegmentedRaftLogWorker: safeCacheEvictIndex: setUnconditionally 0 -> -1
2022-07-14 02:38:25,246 [s0-impl-thread1] INFO  server.RaftServer$Division (RaftServerImpl.java:start(313)) - s0@group-F163B23E7A07: start as a follower, conf=-1: [s3|rpc:localhost:40707|admin:localhost:37899|client:localhost:39537|dataStream:localhost:45577|priority:0, s4|rpc:localhost:41709|admin:localhost:46527|client:localhost:37803|dataStream:localhost:33761|priority:0, s0|rpc:localhost:37741|admin:localhost:46201|client:localhost:46213|dataStream:localhost:44011|priority:0, s1|rpc:localhost:39965|admin:localhost:38809|client:localhost:39467|dataStream:localhost:32971|priority:0, s2|rpc:localhost:33445|admin:localhost:44043|client:localhost:42341|dataStream:localhost:42157|priority:0], old=null
2022-07-14 02:38:25,246 [s0-impl-thread1] INFO  server.RaftServer$Division (RaftServerImpl.java:setRole(300)) - s0@group-F163B23E7A07: changes role from      null to FOLLOWER at term 0 for startAsFollower
2022-07-14 02:38:25,246 [s0-impl-thread1] INFO  impl.RoleInfo (RoleInfo.java:updateAndGet(139)) - s0: start s0@group-F163B23E7A07-FollowerState
2022-07-14 02:38:25,247 [s0-impl-thread1] INFO  util.JmxRegister (JmxRegister.java:tryRegister(44)) - Successfully registered JMX Bean with object name Ratis:service=RaftServer,group=group-F163B23E7A07,id=s0
2022-07-14 02:38:25,247 [s0-impl-thread1] INFO  server.RaftServerConfigKeys (ConfUtils.java:logGet(46)) - raft.server.snapshot.auto.trigger.enabled = false (default)
2022-07-14 02:38:25,247 [s0-impl-thread1] INFO  server.RaftServerConfigKeys (ConfUtils.java:logGet(46)) - raft.server.snapshot.retention.file.num = -1 (default)
2022-07-14 02:38:25,247 [s0-impl-thread1] INFO  server.RaftServerConfigKeys (ConfUtils.java:logGet(46)) - raft.server.log.purge.upto.snapshot.index = false (default)
2022-07-14 02:38:25,249 [Time-limited test] INFO  server.RaftServer (RaftServerProxy.java:startImpl(385)) - s0: start RPC server
2022-07-14 02:38:25,252 [org.apache.ratis.util.JvmPauseMonitor$$Lambda$250/1367845902@2647b1bf] INFO  util.JvmPauseMonitor (JvmPauseMonitor.java:run(103)) - JvmPauseMonitor-s0: Started
2022-07-14 02:38:25,252 [s1-impl-thread1] INFO  storage.RaftStorageDirectory (RaftStorageDirectoryImpl.java:analyzeStorage(137)) - The storage directory /home/runner/work/ratis/ratis/ratis-test/target/test/data/7ab16eeb/MiniRaftClusterWithSimulatedRpcc53aeb90/s1/06efd297-65a5-4bc2-ac8d-f163b23e7a07 does not exist. Creating ...
2022-07-14 02:38:25,252 [s1-impl-thread1] TRACE util.FileUtils (LogUtils.java:runAndLog(49)) - Successfully ran Files.createDirectories /home/runner/work/ratis/ratis/ratis-test/target/test/data/7ab16eeb/MiniRaftClusterWithSimulatedRpcc53aeb90/s1/06efd297-65a5-4bc2-ac8d-f163b23e7a07
2022-07-14 02:38:25,253 [s1-impl-thread1] INFO  storage.RaftStorageDirectory (RaftStorageDirectoryImpl.java:tryLock(231)) - Lock on /home/runner/work/ratis/ratis/ratis-test/target/test/data/7ab16eeb/MiniRaftClusterWithSimulatedRpcc53aeb90/s1/06efd297-65a5-4bc2-ac8d-f163b23e7a07/in_use.lock acquired by nodename 16254@fv-az54-379.qczjibyfz4dularrisj3jz1gre.bx.internal.cloudapp.net
2022-07-14 02:38:25,253 [s1-impl-thread1] TRACE util.FileUtils (LogUtils.java:runAndLog(49)) - Successfully ran Files.createDirectories /home/runner/work/ratis/ratis/ratis-test/target/test/data/7ab16eeb/MiniRaftClusterWithSimulatedRpcc53aeb90/s1/06efd297-65a5-4bc2-ac8d-f163b23e7a07/current
2022-07-14 02:38:25,254 [s1-impl-thread1] TRACE util.FileUtils (LogUtils.java:runAndLog(49)) - Successfully ran Files.createDirectories /home/runner/work/ratis/ratis/ratis-test/target/test/data/7ab16eeb/MiniRaftClusterWithSimulatedRpcc53aeb90/s1/06efd297-65a5-4bc2-ac8d-f163b23e7a07/sm
2022-07-14 02:38:25,255 [s1-impl-thread1] INFO  storage.RaftStorage (RaftStorageImpl.java:format(96)) - Storage directory /home/runner/work/ratis/ratis/ratis-test/target/test/data/7ab16eeb/MiniRaftClusterWithSimulatedRpcc53aeb90/s1/06efd297-65a5-4bc2-ac8d-f163b23e7a07 has been successfully formatted.
2022-07-14 02:38:25,255 [s1-impl-thread1] INFO  server.RaftServerConfigKeys (ConfUtils.java:logGet(46)) - raft.server.log.use.memory = false (default)
2022-07-14 02:38:25,255 [s1-impl-thread1] INFO  server.RaftServerConfigKeys (ConfUtils.java:logGet(46)) - raft.server.log.purge.gap = 1024 (default)
2022-07-14 02:38:25,256 [s1-impl-thread1] INFO  server.RaftServerConfigKeys (ConfUtils.java:logGet(46)) - raft.server.log.appender.buffer.byte-limit = 4MB (=4194304) (default)
2022-07-14 02:38:25,256 [s1-impl-thread1] INFO  server.RaftServerConfigKeys (ConfUtils.java:logGet(46)) - raft.server.log.statemachine.data.read.timeout = 1000ms (default)
2022-07-14 02:38:25,256 [s1-impl-thread1] INFO  server.RaftServerConfigKeys (ConfUtils.java:logGet(46)) - raft.server.log.segment.size.max = 8MB (=8388608) (default)
2022-07-14 02:38:25,256 [s1-impl-thread1] INFO  server.RaftServerConfigKeys (ConfUtils.java:logGet(46)) - raft.server.log.segment.cache.num.max = 6 (default)
2022-07-14 02:38:25,256 [s1-impl-thread1] INFO  server.RaftServerConfigKeys (ConfUtils.java:logGet(46)) - raft.server.log.segment.cache.size.max = 200MB (=209715200) (default)
2022-07-14 02:38:25,256 [s1-impl-thread1] INFO  segmented.SegmentedRaftLogWorker (SegmentedRaftLogWorker.java:<init>(187)) - new s1@group-F163B23E7A07-SegmentedRaftLogWorker for RaftStorageImpl:Storage Directory /home/runner/work/ratis/ratis/ratis-test/target/test/data/7ab16eeb/MiniRaftClusterWithSimulatedRpcc53aeb90/s1/06efd297-65a5-4bc2-ac8d-f163b23e7a07
2022-07-14 02:38:25,256 [s1-impl-thread1] INFO  server.RaftServerConfigKeys (ConfUtils.java:logGet(46)) - raft.server.log.queue.byte-limit = 64MB (=67108864) (default)
2022-07-14 02:38:25,256 [s1-impl-thread1] INFO  server.RaftServerConfigKeys (ConfUtils.java:logGet(46)) - raft.server.log.queue.element-limit = 4096 (default)
2022-07-14 02:38:25,256 [s1-impl-thread1] INFO  server.RaftServerConfigKeys (ConfUtils.java:logGet(46)) - raft.server.log.segment.size.max = 8MB (=8388608) (default)
2022-07-14 02:38:25,256 [s1-impl-thread1] INFO  server.RaftServerConfigKeys (ConfUtils.java:logGet(46)) - raft.server.log.preallocated.size = 4MB (=4194304) (default)
2022-07-14 02:38:25,257 [s1-impl-thread1] INFO  server.RaftServerConfigKeys (ConfUtils.java:logGet(46)) - raft.server.log.force.sync.num = 128 (default)
2022-07-14 02:38:25,257 [s1-impl-thread1] INFO  server.RaftServerConfigKeys (ConfUtils.java:logGet(46)) - raft.server.log.statemachine.data.sync = true (default)
2022-07-14 02:38:25,257 [s1-impl-thread1] INFO  server.RaftServerConfigKeys (ConfUtils.java:logGet(46)) - raft.server.log.statemachine.data.sync.timeout = 10s (default)
2022-07-14 02:38:25,257 [s1-impl-thread1] INFO  server.RaftServerConfigKeys (ConfUtils.java:logGet(46)) - raft.server.log.statemachine.data.sync.timeout.retry = -1 (default)
2022-07-14 02:38:25,257 [s1-impl-thread1] INFO  server.RaftServerConfigKeys (ConfUtils.java:logGet(46)) - raft.server.log.write.buffer.size = 64KB (=65536) (default)
2022-07-14 02:38:25,257 [s1-impl-thread1] INFO  server.RaftServerConfigKeys (ConfUtils.java:logGet(46)) - raft.server.log.unsafe-flush.enabled = false (default)
2022-07-14 02:38:25,258 [s1-impl-thread1] INFO  server.RaftServerConfigKeys (ConfUtils.java:logGet(46)) - raft.server.log.statemachine.data.caching.enabled = false (default)
2022-07-14 02:38:25,258 [s1-impl-thread1] INFO  segmented.SegmentedRaftLogWorker (SegmentedRaftLogWorker.java:lambda$new$0(135)) - s1@group-F163B23E7A07-SegmentedRaftLogWorker: flushIndex: setUnconditionally 0 -> -1
2022-07-14 02:38:25,258 [s1-impl-thread1] INFO  segmented.SegmentedRaftLogWorker (SegmentedRaftLogWorker.java:lambda$new$0(135)) - s1@group-F163B23E7A07-SegmentedRaftLogWorker: safeCacheEvictIndex: setUnconditionally 0 -> -1
2022-07-14 02:38:25,259 [s1-impl-thread1] INFO  server.RaftServer$Division (RaftServerImpl.java:start(313)) - s1@group-F163B23E7A07: start as a follower, conf=-1: [s3|rpc:localhost:40707|admin:localhost:37899|client:localhost:39537|dataStream:localhost:45577|priority:0, s4|rpc:localhost:41709|admin:localhost:46527|client:localhost:37803|dataStream:localhost:33761|priority:0, s0|rpc:localhost:37741|admin:localhost:46201|client:localhost:46213|dataStream:localhost:44011|priority:0, s1|rpc:localhost:39965|admin:localhost:38809|client:localhost:39467|dataStream:localhost:32971|priority:0, s2|rpc:localhost:33445|admin:localhost:44043|client:localhost:42341|dataStream:localhost:42157|priority:0], old=null
2022-07-14 02:38:25,259 [s1-impl-thread1] INFO  server.RaftServer$Division (RaftServerImpl.java:setRole(300)) - s1@group-F163B23E7A07: changes role from      null to FOLLOWER at term 0 for startAsFollower
2022-07-14 02:38:25,260 [s1-impl-thread1] INFO  impl.RoleInfo (RoleInfo.java:updateAndGet(139)) - s1: start s1@group-F163B23E7A07-FollowerState
2022-07-14 02:38:25,260 [s1-impl-thread1] INFO  util.JmxRegister (JmxRegister.java:tryRegister(44)) - Successfully registered JMX Bean with object name Ratis:service=RaftServer,group=group-F163B23E7A07,id=s1
2022-07-14 02:38:25,260 [s1-impl-thread1] INFO  server.RaftServerConfigKeys (ConfUtils.java:logGet(46)) - raft.server.snapshot.auto.trigger.enabled = false (default)
2022-07-14 02:38:25,260 [s1-impl-thread1] INFO  server.RaftServerConfigKeys (ConfUtils.java:logGet(46)) - raft.server.snapshot.retention.file.num = -1 (default)
2022-07-14 02:38:25,260 [s1-impl-thread1] INFO  server.RaftServerConfigKeys (ConfUtils.java:logGet(46)) - raft.server.log.purge.upto.snapshot.index = false (default)
2022-07-14 02:38:25,261 [Time-limited test] INFO  server.RaftServer (RaftServerProxy.java:startImpl(385)) - s1: start RPC server
2022-07-14 02:38:25,263 [s2-impl-thread1] INFO  storage.RaftStorageDirectory (RaftStorageDirectoryImpl.java:analyzeStorage(137)) - The storage directory /home/runner/work/ratis/ratis/ratis-test/target/test/data/7ab16eeb/MiniRaftClusterWithSimulatedRpcc53aeb90/s2/06efd297-65a5-4bc2-ac8d-f163b23e7a07 does not exist. Creating ...
2022-07-14 02:38:25,263 [s2-impl-thread1] TRACE util.FileUtils (LogUtils.java:runAndLog(49)) - Successfully ran Files.createDirectories /home/runner/work/ratis/ratis/ratis-test/target/test/data/7ab16eeb/MiniRaftClusterWithSimulatedRpcc53aeb90/s2/06efd297-65a5-4bc2-ac8d-f163b23e7a07
2022-07-14 02:38:25,265 [org.apache.ratis.util.JvmPauseMonitor$$Lambda$250/1367845902@438ba9c4] INFO  util.JvmPauseMonitor (JvmPauseMonitor.java:run(103)) - JvmPauseMonitor-s1: Started
2022-07-14 02:38:25,265 [s2-impl-thread1] INFO  storage.RaftStorageDirectory (RaftStorageDirectoryImpl.java:tryLock(231)) - Lock on /home/runner/work/ratis/ratis/ratis-test/target/test/data/7ab16eeb/MiniRaftClusterWithSimulatedRpcc53aeb90/s2/06efd297-65a5-4bc2-ac8d-f163b23e7a07/in_use.lock acquired by nodename 16254@fv-az54-379.qczjibyfz4dularrisj3jz1gre.bx.internal.cloudapp.net
2022-07-14 02:38:25,266 [s2-impl-thread1] TRACE util.FileUtils (LogUtils.java:runAndLog(49)) - Successfully ran Files.createDirectories /home/runner/work/ratis/ratis/ratis-test/target/test/data/7ab16eeb/MiniRaftClusterWithSimulatedRpcc53aeb90/s2/06efd297-65a5-4bc2-ac8d-f163b23e7a07/current
2022-07-14 02:38:25,266 [s2-impl-thread1] TRACE util.FileUtils (LogUtils.java:runAndLog(49)) - Successfully ran Files.createDirectories /home/runner/work/ratis/ratis/ratis-test/target/test/data/7ab16eeb/MiniRaftClusterWithSimulatedRpcc53aeb90/s2/06efd297-65a5-4bc2-ac8d-f163b23e7a07/sm
2022-07-14 02:38:25,268 [s2-impl-thread1] INFO  storage.RaftStorage (RaftStorageImpl.java:format(96)) - Storage directory /home/runner/work/ratis/ratis/ratis-test/target/test/data/7ab16eeb/MiniRaftClusterWithSimulatedRpcc53aeb90/s2/06efd297-65a5-4bc2-ac8d-f163b23e7a07 has been successfully formatted.
2022-07-14 02:38:25,268 [s2-impl-thread1] INFO  server.RaftServerConfigKeys (ConfUtils.java:logGet(46)) - raft.server.log.use.memory = false (default)
2022-07-14 02:38:25,268 [s2-impl-thread1] INFO  server.RaftServerConfigKeys (ConfUtils.java:logGet(46)) - raft.server.log.purge.gap = 1024 (default)
2022-07-14 02:38:25,268 [s2-impl-thread1] INFO  server.RaftServerConfigKeys (ConfUtils.java:logGet(46)) - raft.server.log.appender.buffer.byte-limit = 4MB (=4194304) (default)
2022-07-14 02:38:25,268 [s2-impl-thread1] INFO  server.RaftServerConfigKeys (ConfUtils.java:logGet(46)) - raft.server.log.statemachine.data.read.timeout = 1000ms (default)
2022-07-14 02:38:25,268 [s2-impl-thread1] INFO  server.RaftServerConfigKeys (ConfUtils.java:logGet(46)) - raft.server.log.segment.size.max = 8MB (=8388608) (default)
2022-07-14 02:38:25,269 [s2-impl-thread1] INFO  server.RaftServerConfigKeys (ConfUtils.java:logGet(46)) - raft.server.log.segment.cache.num.max = 6 (default)
2022-07-14 02:38:25,269 [s2-impl-thread1] INFO  server.RaftServerConfigKeys (ConfUtils.java:logGet(46)) - raft.server.log.segment.cache.size.max = 200MB (=209715200) (default)
2022-07-14 02:38:25,269 [s2-impl-thread1] INFO  segmented.SegmentedRaftLogWorker (SegmentedRaftLogWorker.java:<init>(187)) - new s2@group-F163B23E7A07-SegmentedRaftLogWorker for RaftStorageImpl:Storage Directory /home/runner/work/ratis/ratis/ratis-test/target/test/data/7ab16eeb/MiniRaftClusterWithSimulatedRpcc53aeb90/s2/06efd297-65a5-4bc2-ac8d-f163b23e7a07
2022-07-14 02:38:25,269 [s2-impl-thread1] INFO  server.RaftServerConfigKeys (ConfUtils.java:logGet(46)) - raft.server.log.queue.byte-limit = 64MB (=67108864) (default)
2022-07-14 02:38:25,269 [s2-impl-thread1] INFO  server.RaftServerConfigKeys (ConfUtils.java:logGet(46)) - raft.server.log.queue.element-limit = 4096 (default)
2022-07-14 02:38:25,269 [s2-impl-thread1] INFO  server.RaftServerConfigKeys (ConfUtils.java:logGet(46)) - raft.server.log.segment.size.max = 8MB (=8388608) (default)
2022-07-14 02:38:25,269 [s2-impl-thread1] INFO  server.RaftServerConfigKeys (ConfUtils.java:logGet(46)) - raft.server.log.preallocated.size = 4MB (=4194304) (default)
2022-07-14 02:38:25,269 [s2-impl-thread1] INFO  server.RaftServerConfigKeys (ConfUtils.java:logGet(46)) - raft.server.log.force.sync.num = 128 (default)
2022-07-14 02:38:25,269 [s2-impl-thread1] INFO  server.RaftServerConfigKeys (ConfUtils.java:logGet(46)) - raft.server.log.statemachine.data.sync = true (default)
2022-07-14 02:38:25,269 [s2-impl-thread1] INFO  server.RaftServerConfigKeys (ConfUtils.java:logGet(46)) - raft.server.log.statemachine.data.sync.timeout = 10s (default)
2022-07-14 02:38:25,269 [s2-impl-thread1] INFO  server.RaftServerConfigKeys (ConfUtils.java:logGet(46)) - raft.server.log.statemachine.data.sync.timeout.retry = -1 (default)
2022-07-14 02:38:25,270 [s2-impl-thread1] INFO  server.RaftServerConfigKeys (ConfUtils.java:logGet(46)) - raft.server.log.write.buffer.size = 64KB (=65536) (default)
2022-07-14 02:38:25,270 [s2-impl-thread1] INFO  server.RaftServerConfigKeys (ConfUtils.java:logGet(46)) - raft.server.log.unsafe-flush.enabled = false (default)
2022-07-14 02:38:25,270 [s2-impl-thread1] INFO  server.RaftServerConfigKeys (ConfUtils.java:logGet(46)) - raft.server.log.statemachine.data.caching.enabled = false (default)
2022-07-14 02:38:25,270 [s2-impl-thread1] INFO  segmented.SegmentedRaftLogWorker (SegmentedRaftLogWorker.java:lambda$new$0(135)) - s2@group-F163B23E7A07-SegmentedRaftLogWorker: flushIndex: setUnconditionally 0 -> -1
2022-07-14 02:38:25,270 [s2-impl-thread1] INFO  segmented.SegmentedRaftLogWorker (SegmentedRaftLogWorker.java:lambda$new$0(135)) - s2@group-F163B23E7A07-SegmentedRaftLogWorker: safeCacheEvictIndex: setUnconditionally 0 -> -1
2022-07-14 02:38:25,277 [s2-impl-thread1] INFO  server.RaftServer$Division (RaftServerImpl.java:start(313)) - s2@group-F163B23E7A07: start as a follower, conf=-1: [s3|rpc:localhost:40707|admin:localhost:37899|client:localhost:39537|dataStream:localhost:45577|priority:0, s4|rpc:localhost:41709|admin:localhost:46527|client:localhost:37803|dataStream:localhost:33761|priority:0, s0|rpc:localhost:37741|admin:localhost:46201|client:localhost:46213|dataStream:localhost:44011|priority:0, s1|rpc:localhost:39965|admin:localhost:38809|client:localhost:39467|dataStream:localhost:32971|priority:0, s2|rpc:localhost:33445|admin:localhost:44043|client:localhost:42341|dataStream:localhost:42157|priority:0], old=null
2022-07-14 02:38:25,277 [s2-impl-thread1] INFO  server.RaftServer$Division (RaftServerImpl.java:setRole(300)) - s2@group-F163B23E7A07: changes role from      null to FOLLOWER at term 0 for startAsFollower
2022-07-14 02:38:25,277 [s2-impl-thread1] INFO  impl.RoleInfo (RoleInfo.java:updateAndGet(139)) - s2: start s2@group-F163B23E7A07-FollowerState
2022-07-14 02:38:25,278 [s2-impl-thread1] INFO  util.JmxRegister (JmxRegister.java:tryRegister(44)) - Successfully registered JMX Bean with object name Ratis:service=RaftServer,group=group-F163B23E7A07,id=s2
2022-07-14 02:38:25,278 [s2-impl-thread1] INFO  server.RaftServerConfigKeys (ConfUtils.java:logGet(46)) - raft.server.snapshot.auto.trigger.enabled = false (default)
2022-07-14 02:38:25,278 [s2-impl-thread1] INFO  server.RaftServerConfigKeys (ConfUtils.java:logGet(46)) - raft.server.snapshot.retention.file.num = -1 (default)
2022-07-14 02:38:25,278 [s2-impl-thread1] INFO  server.RaftServerConfigKeys (ConfUtils.java:logGet(46)) - raft.server.log.purge.upto.snapshot.index = false (default)
2022-07-14 02:38:25,279 [Time-limited test] INFO  server.RaftServer (RaftServerProxy.java:startImpl(385)) - s2: start RPC server
2022-07-14 02:38:25,281 [org.apache.ratis.util.JvmPauseMonitor$$Lambda$250/1367845902@4eed4d31] INFO  util.JvmPauseMonitor (JvmPauseMonitor.java:run(103)) - JvmPauseMonitor-s2: Started
2022-07-14 02:38:25,284 [Time-limited test] INFO  server.RaftServerConfigKeys (ConfUtils.java:logGet(46)) - raft.server.rpc.timeout.max = 300ms (default)
2022-07-14 02:38:25,287 [Time-limited test] INFO  ratis.RaftTestUtil (RaftTestUtil.java:waitForLeader(100)) - printing ALL groups
  s3:  RUNNING  FOLLOWER s3@group-F163B23E7A07:t0, leader=null, voted=, raftlog=Memoized:s3@group-F163B23E7A07-SegmentedRaftLog:OPENED:c-1, conf=-1: [s3|rpc:localhost:40707|admin:localhost:37899|client:localhost:39537|dataStream:localhost:45577|priority:0, s4|rpc:localhost:41709|admin:localhost:46527|client:localhost:37803|dataStream:localhost:33761|priority:0, s0|rpc:localhost:37741|admin:localhost:46201|client:localhost:46213|dataStream:localhost:44011|priority:0, s1|rpc:localhost:39965|admin:localhost:38809|client:localhost:39467|dataStream:localhost:32971|priority:0, s2|rpc:localhost:33445|admin:localhost:44043|client:localhost:42341|dataStream:localhost:42157|priority:0], old=null RUNNING
  s4:  RUNNING  FOLLOWER s4@group-F163B23E7A07:t0, leader=null, voted=, raftlog=Memoized:s4@group-F163B23E7A07-SegmentedRaftLog:OPENED:c-1, conf=-1: [s3|rpc:localhost:40707|admin:localhost:37899|client:localhost:39537|dataStream:localhost:45577|priority:0, s4|rpc:localhost:41709|admin:localhost:46527|client:localhost:37803|dataStream:localhost:33761|priority:0, s0|rpc:localhost:37741|admin:localhost:46201|client:localhost:46213|dataStream:localhost:44011|priority:0, s1|rpc:localhost:39965|admin:localhost:38809|client:localhost:39467|dataStream:localhost:32971|priority:0, s2|rpc:localhost:33445|admin:localhost:44043|client:localhost:42341|dataStream:localhost:42157|priority:0], old=null RUNNING
  s0:  RUNNING  FOLLOWER s0@group-F163B23E7A07:t0, leader=null, voted=, raftlog=Memoized:s0@group-F163B23E7A07-SegmentedRaftLog:OPENED:c-1, conf=-1: [s3|rpc:localhost:40707|admin:localhost:37899|client:localhost:39537|dataStream:localhost:45577|priority:0, s4|rpc:localhost:41709|admin:localhost:46527|client:localhost:37803|dataStream:localhost:33761|priority:0, s0|rpc:localhost:37741|admin:localhost:46201|client:localhost:46213|dataStream:localhost:44011|priority:0, s1|rpc:localhost:39965|admin:localhost:38809|client:localhost:39467|dataStream:localhost:32971|priority:0, s2|rpc:localhost:33445|admin:localhost:44043|client:localhost:42341|dataStream:localhost:42157|priority:0], old=null RUNNING
  s1:  RUNNING  FOLLOWER s1@group-F163B23E7A07:t0, leader=null, voted=, raftlog=Memoized:s1@group-F163B23E7A07-SegmentedRaftLog:OPENED:c-1, conf=-1: [s3|rpc:localhost:40707|admin:localhost:37899|client:localhost:39537|dataStream:localhost:45577|priority:0, s4|rpc:localhost:41709|admin:localhost:46527|client:localhost:37803|dataStream:localhost:33761|priority:0, s0|rpc:localhost:37741|admin:localhost:46201|client:localhost:46213|dataStream:localhost:44011|priority:0, s1|rpc:localhost:39965|admin:localhost:38809|client:localhost:39467|dataStream:localhost:32971|priority:0, s2|rpc:localhost:33445|admin:localhost:44043|client:localhost:42341|dataStream:localhost:42157|priority:0], old=null RUNNING
  s2:  RUNNING  FOLLOWER s2@group-F163B23E7A07:t0, leader=null, voted=, raftlog=Memoized:s2@group-F163B23E7A07-SegmentedRaftLog:OPENED:c-1, conf=-1: [s3|rpc:localhost:40707|admin:localhost:37899|client:localhost:39537|dataStream:localhost:45577|priority:0, s4|rpc:localhost:41709|admin:localhost:46527|client:localhost:37803|dataStream:localhost:33761|priority:0, s0|rpc:localhost:37741|admin:localhost:46201|client:localhost:46213|dataStream:localhost:44011|priority:0, s1|rpc:localhost:39965|admin:localhost:38809|client:localhost:39467|dataStream:localhost:32971|priority:0, s2|rpc:localhost:33445|admin:localhost:44043|client:localhost:42341|dataStream:localhost:42157|priority:0], old=null RUNNING
2022-07-14 02:38:25,292 [Time-limited test] WARN  ratis.RaftTestUtil (JavaUtils.java:attempt(172)) - FAILED "waitForLeader-null-(expectLeader? true)", attempt #1/100: java.lang.IllegalStateException: No leader yet : printing ALL groups
  s3:  RUNNING  FOLLOWER s3@group-F163B23E7A07:t0, leader=null, voted=, raftlog=Memoized:s3@group-F163B23E7A07-SegmentedRaftLog:OPENED:c-1, conf=-1: [s3|rpc:localhost:40707|admin:localhost:37899|client:localhost:39537|dataStream:localhost:45577|priority:0, s4|rpc:localhost:41709|admin:localhost:46527|client:localhost:37803|dataStream:localhost:33761|priority:0, s0|rpc:localhost:37741|admin:localhost:46201|client:localhost:46213|dataStream:localhost:44011|priority:0, s1|rpc:localhost:39965|admin:localhost:38809|client:localhost:39467|dataStream:localhost:32971|priority:0, s2|rpc:localhost:33445|admin:localhost:44043|client:localhost:42341|dataStream:localhost:42157|priority:0], old=null RUNNING
  s4:  RUNNING  FOLLOWER s4@group-F163B23E7A07:t0, leader=null, voted=, raftlog=Memoized:s4@group-F163B23E7A07-SegmentedRaftLog:OPENED:c-1, conf=-1: [s3|rpc:localhost:40707|admin:localhost:37899|client:localhost:39537|dataStream:localhost:45577|priority:0, s4|rpc:localhost:41709|admin:localhost:46527|client:localhost:37803|dataStream:localhost:33761|priority:0, s0|rpc:localhost:37741|admin:localhost:46201|client:localhost:46213|dataStream:localhost:44011|priority:0, s1|rpc:localhost:39965|admin:localhost:38809|client:localhost:39467|dataStream:localhost:32971|priority:0, s2|rpc:localhost:33445|admin:localhost:44043|client:localhost:42341|dataStream:localhost:42157|priority:0], old=null RUNNING
  s0:  RUNNING  FOLLOWER s0@group-F163B23E7A07:t0, leader=null, voted=, raftlog=Memoized:s0@group-F163B23E7A07-SegmentedRaftLog:OPENED:c-1, conf=-1: [s3|rpc:localhost:40707|admin:localhost:37899|client:localhost:39537|dataStream:localhost:45577|priority:0, s4|rpc:localhost:41709|admin:localhost:46527|client:localhost:37803|dataStream:localhost:33761|priority:0, s0|rpc:localhost:37741|admin:localhost:46201|client:localhost:46213|dataStream:localhost:44011|priority:0, s1|rpc:localhost:39965|admin:localhost:38809|client:localhost:39467|dataStream:localhost:32971|priority:0, s2|rpc:localhost:33445|admin:localhost:44043|client:localhost:42341|dataStream:localhost:42157|priority:0], old=null RUNNING
  s1:  RUNNING  FOLLOWER s1@group-F163B23E7A07:t0, leader=null, voted=, raftlog=Memoized:s1@group-F163B23E7A07-SegmentedRaftLog:OPENED:c-1, conf=-1: [s3|rpc:localhost:40707|admin:localhost:37899|client:localhost:39537|dataStream:localhost:45577|priority:0, s4|rpc:localhost:41709|admin:localhost:46527|client:localhost:37803|dataStream:localhost:33761|priority:0, s0|rpc:localhost:37741|admin:localhost:46201|client:localhost:46213|dataStream:localhost:44011|priority:0, s1|rpc:localhost:39965|admin:localhost:38809|client:localhost:39467|dataStream:localhost:32971|priority:0, s2|rpc:localhost:33445|admin:localhost:44043|client:localhost:42341|dataStream:localhost:42157|priority:0], old=null RUNNING
  s2:  RUNNING  FOLLOWER s2@group-F163B23E7A07:t0, leader=null, voted=, raftlog=Memoized:s2@group-F163B23E7A07-SegmentedRaftLog:OPENED:c-1, conf=-1: [s3|rpc:localhost:40707|admin:localhost:37899|client:localhost:39537|dataStream:localhost:45577|priority:0, s4|rpc:localhost:41709|admin:localhost:46527|client:localhost:37803|dataStream:localhost:33761|priority:0, s0|rpc:localhost:37741|admin:localhost:46201|client:localhost:46213|dataStream:localhost:44011|priority:0, s1|rpc:localhost:39965|admin:localhost:38809|client:localhost:39467|dataStream:localhost:32971|priority:0, s2|rpc:localhost:33445|admin:localhost:44043|client:localhost:42341|dataStream:localhost:42157|priority:0], old=null RUNNING, sleep 450ms and then retry.
java.lang.IllegalStateException: No leader yet : printing ALL groups
  s3:  RUNNING  FOLLOWER s3@group-F163B23E7A07:t0, leader=null, voted=, raftlog=Memoized:s3@group-F163B23E7A07-SegmentedRaftLog:OPENED:c-1, conf=-1: [s3|rpc:localhost:40707|admin:localhost:37899|client:localhost:39537|dataStream:localhost:45577|priority:0, s4|rpc:localhost:41709|admin:localhost:46527|client:localhost:37803|dataStream:localhost:33761|priority:0, s0|rpc:localhost:37741|admin:localhost:46201|client:localhost:46213|dataStream:localhost:44011|priority:0, s1|rpc:localhost:39965|admin:localhost:38809|client:localhost:39467|dataStream:localhost:32971|priority:0, s2|rpc:localhost:33445|admin:localhost:44043|client:localhost:42341|dataStream:localhost:42157|priority:0], old=null RUNNING
  s4:  RUNNING  FOLLOWER s4@group-F163B23E7A07:t0, leader=null, voted=, raftlog=Memoized:s4@group-F163B23E7A07-SegmentedRaftLog:OPENED:c-1, conf=-1: [s3|rpc:localhost:40707|admin:localhost:37899|client:localhost:39537|dataStream:localhost:45577|priority:0, s4|rpc:localhost:41709|admin:localhost:46527|client:localhost:37803|dataStream:localhost:33761|priority:0, s0|rpc:localhost:37741|admin:localhost:46201|client:localhost:46213|dataStream:localhost:44011|priority:0, s1|rpc:localhost:39965|admin:localhost:38809|client:localhost:39467|dataStream:localhost:32971|priority:0, s2|rpc:localhost:33445|admin:localhost:44043|client:localhost:42341|dataStream:localhost:42157|priority:0], old=null RUNNING
  s0:  RUNNING  FOLLOWER s0@group-F163B23E7A07:t0, leader=null, voted=, raftlog=Memoized:s0@group-F163B23E7A07-SegmentedRaftLog:OPENED:c-1, conf=-1: [s3|rpc:localhost:40707|admin:localhost:37899|client:localhost:39537|dataStream:localhost:45577|priority:0, s4|rpc:localhost:41709|admin:localhost:46527|client:localhost:37803|dataStream:localhost:33761|priority:0, s0|rpc:localhost:37741|admin:localhost:46201|client:localhost:46213|dataStream:localhost:44011|priority:0, s1|rpc:localhost:39965|admin:localhost:38809|client:localhost:39467|dataStream:localhost:32971|priority:0, s2|rpc:localhost:33445|admin:localhost:44043|client:localhost:42341|dataStream:localhost:42157|priority:0], old=null RUNNING
  s1:  RUNNING  FOLLOWER s1@group-F163B23E7A07:t0, leader=null, voted=, raftlog=Memoized:s1@group-F163B23E7A07-SegmentedRaftLog:OPENED:c-1, conf=-1: [s3|rpc:localhost:40707|admin:localhost:37899|client:localhost:39537|dataStream:localhost:45577|priority:0, s4|rpc:localhost:41709|admin:localhost:46527|client:localhost:37803|dataStream:localhost:33761|priority:0, s0|rpc:localhost:37741|admin:localhost:46201|client:localhost:46213|dataStream:localhost:44011|priority:0, s1|rpc:localhost:39965|admin:localhost:38809|client:localhost:39467|dataStream:localhost:32971|priority:0, s2|rpc:localhost:33445|admin:localhost:44043|client:localhost:42341|dataStream:localhost:42157|priority:0], old=null RUNNING
  s2:  RUNNING  FOLLOWER s2@group-F163B23E7A07:t0, leader=null, voted=, raftlog=Memoized:s2@group-F163B23E7A07-SegmentedRaftLog:OPENED:c-1, conf=-1: [s3|rpc:localhost:40707|admin:localhost:37899|client:localhost:39537|dataStream:localhost:45577|priority:0, s4|rpc:localhost:41709|admin:localhost:46527|client:localhost:37803|dataStream:localhost:33761|priority:0, s0|rpc:localhost:37741|admin:localhost:46201|client:localhost:46213|dataStream:localhost:44011|priority:0, s1|rpc:localhost:39965|admin:localhost:38809|client:localhost:39467|dataStream:localhost:32971|priority:0, s2|rpc:localhost:33445|admin:localhost:44043|client:localhost:42341|dataStream:localhost:42157|priority:0], old=null RUNNING
	at org.apache.ratis.server.impl.MiniRaftCluster.newIllegalStateExceptionForNoLeaders(MiniRaftCluster.java:535)
	at org.apache.ratis.RaftTestUtil.lambda$waitForLeader$1(RaftTestUtil.java:104)
	at org.apache.ratis.server.impl.MiniRaftCluster.getLeader(MiniRaftCluster.java:569)
	at org.apache.ratis.server.impl.MiniRaftCluster.getLeader(MiniRaftCluster.java:562)
	at org.apache.ratis.RaftTestUtil.lambda$waitForLeader$3(RaftTestUtil.java:112)
	at org.apache.ratis.util.JavaUtils.attempt(JavaUtils.java:166)
	at org.apache.ratis.util.JavaUtils.attemptRepeatedly(JavaUtils.java:152)
	at org.apache.ratis.RaftTestUtil.waitForLeader(RaftTestUtil.java:111)
	at org.apache.ratis.RaftTestUtil.waitForLeader(RaftTestUtil.java:92)
	at org.apache.ratis.RaftTestUtil.waitForLeader(RaftTestUtil.java:87)
	at org.apache.ratis.server.impl.LeaderElectionTests.testEnforceLeader(LeaderElectionTests.java:228)
	at sun.reflect.NativeMethodAccessorImpl.invoke0(Native Method)
	at sun.reflect.NativeMethodAccessorImpl.invoke(NativeMethodAccessorImpl.java:62)
	at sun.reflect.DelegatingMethodAccessorImpl.invoke(DelegatingMethodAccessorImpl.java:43)
	at java.lang.reflect.Method.invoke(Method.java:498)
	at org.junit.runners.model.FrameworkMethod$1.runReflectiveCall(FrameworkMethod.java:59)
	at org.junit.internal.runners.model.ReflectiveCallable.run(ReflectiveCallable.java:12)
	at org.junit.runners.model.FrameworkMethod.invokeExplosively(FrameworkMethod.java:56)
	at org.junit.internal.runners.statements.InvokeMethod.evaluate(InvokeMethod.java:17)
	at org.junit.internal.runners.statements.RunAfters.evaluate(RunAfters.java:27)
	at org.junit.internal.runners.statements.FailOnTimeout$CallableStatement.call(FailOnTimeout.java:299)
	at org.junit.internal.runners.statements.FailOnTimeout$CallableStatement.call(FailOnTimeout.java:293)
	at java.util.concurrent.FutureTask.run(FutureTask.java:266)
	at java.lang.Thread.run(Thread.java:750)
2022-07-14 02:38:25,395 [s4@group-F163B23E7A07-FollowerState] INFO  impl.FollowerState (FollowerState.java:run(143)) - s4@group-F163B23E7A07-FollowerState: change to CANDIDATE, lastRpcElapsedTime:160724847ns, electionTimeout:158ms
2022-07-14 02:38:25,397 [s4@group-F163B23E7A07-FollowerState] INFO  impl.RoleInfo (RoleInfo.java:shutdownFollowerState(110)) - s4: shutdown s4@group-F163B23E7A07-FollowerState
2022-07-14 02:38:25,397 [s4@group-F163B23E7A07-FollowerState] INFO  server.RaftServer$Division (RaftServerImpl.java:setRole(300)) - s4@group-F163B23E7A07: changes role from  FOLLOWER to CANDIDATE at term 0 for changeToCandidate
2022-07-14 02:38:25,401 [s4@group-F163B23E7A07-FollowerState] INFO  server.RaftServerConfigKeys (ConfUtils.java:logGet(46)) - raft.server.leaderelection.pre-vote = true (default)
2022-07-14 02:38:25,402 [s4@group-F163B23E7A07-FollowerState] INFO  impl.RoleInfo (RoleInfo.java:updateAndGet(139)) - s4: start s4@group-F163B23E7A07-LeaderElection1
2022-07-14 02:38:25,404 [s4@group-F163B23E7A07-LeaderElection1] INFO  impl.LeaderElection (LeaderElection.java:askForVotes(310)) - s4@group-F163B23E7A07-LeaderElection1 PRE_VOTE round 0: submit vote requests at term 0 for -1: [s3|rpc:localhost:40707|admin:localhost:37899|client:localhost:39537|dataStream:localhost:45577|priority:0, s4|rpc:localhost:41709|admin:localhost:46527|client:localhost:37803|dataStream:localhost:33761|priority:0, s0|rpc:localhost:37741|admin:localhost:46201|client:localhost:46213|dataStream:localhost:44011|priority:0, s1|rpc:localhost:39965|admin:localhost:38809|client:localhost:39467|dataStream:localhost:32971|priority:0, s2|rpc:localhost:33445|admin:localhost:44043|client:localhost:42341|dataStream:localhost:42157|priority:0], old=null
2022-07-14 02:38:25,437 [s0@group-F163B23E7A07-FollowerState] INFO  impl.FollowerState (FollowerState.java:run(143)) - s0@group-F163B23E7A07-FollowerState: change to CANDIDATE, lastRpcElapsedTime:190809793ns, electionTimeout:189ms
2022-07-14 02:38:25,437 [s0@group-F163B23E7A07-FollowerState] INFO  impl.RoleInfo (RoleInfo.java:shutdownFollowerState(110)) - s0: shutdown s0@group-F163B23E7A07-FollowerState
2022-07-14 02:38:25,437 [s0@group-F163B23E7A07-FollowerState] INFO  server.RaftServer$Division (RaftServerImpl.java:setRole(300)) - s0@group-F163B23E7A07: changes role from  FOLLOWER to CANDIDATE at term 0 for changeToCandidate
2022-07-14 02:38:25,437 [s0@group-F163B23E7A07-FollowerState] INFO  server.RaftServerConfigKeys (ConfUtils.java:logGet(46)) - raft.server.leaderelection.pre-vote = true (default)
2022-07-14 02:38:25,437 [s0@group-F163B23E7A07-FollowerState] INFO  impl.RoleInfo (RoleInfo.java:updateAndGet(139)) - s0: start s0@group-F163B23E7A07-LeaderElection2
2022-07-14 02:38:25,440 [Thread-0] INFO  server.RaftServer$Division (RaftServerImpl.java:requestVote(1175)) - s3@group-F163B23E7A07: receive requestVote(PRE_VOTE, s4, group-F163B23E7A07, 0, (t:0, i:0))
2022-07-14 02:38:25,443 [Thread-0] INFO  impl.VoteContext (VoteContext.java:log(48)) - s3@group-F163B23E7A07-FOLLOWER: accept PRE_VOTE from s4: our priority 0 <= candidate's priority 0
2022-07-14 02:38:25,443 [Thread-21] INFO  server.RaftServer$Division (RaftServerImpl.java:requestVote(1175)) - s1@group-F163B23E7A07: receive requestVote(PRE_VOTE, s4, group-F163B23E7A07, 0, (t:0, i:0))
2022-07-14 02:38:25,443 [Thread-14] INFO  server.RaftServer$Division (RaftServerImpl.java:requestVote(1175)) - s0@group-F163B23E7A07: receive requestVote(PRE_VOTE, s4, group-F163B23E7A07, 0, (t:0, i:0))
2022-07-14 02:38:25,444 [Thread-14] INFO  impl.VoteContext (VoteContext.java:log(48)) - s0@group-F163B23E7A07-CANDIDATE: accept PRE_VOTE from s4: our priority 0 <= candidate's priority 0
2022-07-14 02:38:25,444 [Thread-21] INFO  impl.VoteContext (VoteContext.java:log(48)) - s1@group-F163B23E7A07-FOLLOWER: accept PRE_VOTE from s4: our priority 0 <= candidate's priority 0
2022-07-14 02:38:25,444 [s0@group-F163B23E7A07-LeaderElection2] INFO  impl.LeaderElection (LeaderElection.java:askForVotes(310)) - s0@group-F163B23E7A07-LeaderElection2 PRE_VOTE round 0: submit vote requests at term 0 for -1: [s3|rpc:localhost:40707|admin:localhost:37899|client:localhost:39537|dataStream:localhost:45577|priority:0, s4|rpc:localhost:41709|admin:localhost:46527|client:localhost:37803|dataStream:localhost:33761|priority:0, s0|rpc:localhost:37741|admin:localhost:46201|client:localhost:46213|dataStream:localhost:44011|priority:0, s1|rpc:localhost:39965|admin:localhost:38809|client:localhost:39467|dataStream:localhost:32971|priority:0, s2|rpc:localhost:33445|admin:localhost:44043|client:localhost:42341|dataStream:localhost:42157|priority:0], old=null
2022-07-14 02:38:25,449 [Thread-29] INFO  server.RaftServer$Division (RaftServerImpl.java:requestVote(1175)) - s2@group-F163B23E7A07: receive requestVote(PRE_VOTE, s4, group-F163B23E7A07, 0, (t:0, i:0))
2022-07-14 02:38:25,449 [Thread-29] INFO  impl.VoteContext (VoteContext.java:log(48)) - s2@group-F163B23E7A07-FOLLOWER: accept PRE_VOTE from s4: our priority 0 <= candidate's priority 0
2022-07-14 02:38:25,451 [Thread-21] INFO  server.RaftServer$Division (RaftServerImpl.java:requestVote(1207)) - s1@group-F163B23E7A07 replies to PRE_VOTE vote request: s4<-s1#0:OK-t0. Peer's state: s1@group-F163B23E7A07:t0, leader=null, voted=, raftlog=Memoized:s1@group-F163B23E7A07-SegmentedRaftLog:OPENED:c-1, conf=-1: [s3|rpc:localhost:40707|admin:localhost:37899|client:localhost:39537|dataStream:localhost:45577|priority:0, s4|rpc:localhost:41709|admin:localhost:46527|client:localhost:37803|dataStream:localhost:33761|priority:0, s0|rpc:localhost:37741|admin:localhost:46201|client:localhost:46213|dataStream:localhost:44011|priority:0, s1|rpc:localhost:39965|admin:localhost:38809|client:localhost:39467|dataStream:localhost:32971|priority:0, s2|rpc:localhost:33445|admin:localhost:44043|client:localhost:42341|dataStream:localhost:42157|priority:0], old=null
2022-07-14 02:38:25,451 [Thread-29] INFO  server.RaftServer$Division (RaftServerImpl.java:requestVote(1207)) - s2@group-F163B23E7A07 replies to PRE_VOTE vote request: s4<-s2#0:OK-t0. Peer's state: s2@group-F163B23E7A07:t0, leader=null, voted=, raftlog=Memoized:s2@group-F163B23E7A07-SegmentedRaftLog:OPENED:c-1, conf=-1: [s3|rpc:localhost:40707|admin:localhost:37899|client:localhost:39537|dataStream:localhost:45577|priority:0, s4|rpc:localhost:41709|admin:localhost:46527|client:localhost:37803|dataStream:localhost:33761|priority:0, s0|rpc:localhost:37741|admin:localhost:46201|client:localhost:46213|dataStream:localhost:44011|priority:0, s1|rpc:localhost:39965|admin:localhost:38809|client:localhost:39467|dataStream:localhost:32971|priority:0, s2|rpc:localhost:33445|admin:localhost:44043|client:localhost:42341|dataStream:localhost:42157|priority:0], old=null
2022-07-14 02:38:25,452 [Thread-14] INFO  server.RaftServer$Division (RaftServerImpl.java:requestVote(1207)) - s0@group-F163B23E7A07 replies to PRE_VOTE vote request: s4<-s0#0:OK-t0. Peer's state: s0@group-F163B23E7A07:t0, leader=null, voted=, raftlog=Memoized:s0@group-F163B23E7A07-SegmentedRaftLog:OPENED:c-1, conf=-1: [s3|rpc:localhost:40707|admin:localhost:37899|client:localhost:39537|dataStream:localhost:45577|priority:0, s4|rpc:localhost:41709|admin:localhost:46527|client:localhost:37803|dataStream:localhost:33761|priority:0, s0|rpc:localhost:37741|admin:localhost:46201|client:localhost:46213|dataStream:localhost:44011|priority:0, s1|rpc:localhost:39965|admin:localhost:38809|client:localhost:39467|dataStream:localhost:32971|priority:0, s2|rpc:localhost:33445|admin:localhost:44043|client:localhost:42341|dataStream:localhost:42157|priority:0], old=null
2022-07-14 02:38:25,453 [Thread-0] INFO  server.RaftServer$Division (RaftServerImpl.java:requestVote(1207)) - s3@group-F163B23E7A07 replies to PRE_VOTE vote request: s4<-s3#0:OK-t0. Peer's state: s3@group-F163B23E7A07:t0, leader=null, voted=, raftlog=Memoized:s3@group-F163B23E7A07-SegmentedRaftLog:OPENED:c-1, conf=-1: [s3|rpc:localhost:40707|admin:localhost:37899|client:localhost:39537|dataStream:localhost:45577|priority:0, s4|rpc:localhost:41709|admin:localhost:46527|client:localhost:37803|dataStream:localhost:33761|priority:0, s0|rpc:localhost:37741|admin:localhost:46201|client:localhost:46213|dataStream:localhost:44011|priority:0, s1|rpc:localhost:39965|admin:localhost:38809|client:localhost:39467|dataStream:localhost:32971|priority:0, s2|rpc:localhost:33445|admin:localhost:44043|client:localhost:42341|dataStream:localhost:42157|priority:0], old=null
2022-07-14 02:38:25,453 [Thread-1] INFO  server.RaftServer$Division (RaftServerImpl.java:requestVote(1175)) - s3@group-F163B23E7A07: receive requestVote(PRE_VOTE, s0, group-F163B23E7A07, 0, (t:0, i:0))
2022-07-14 02:38:25,454 [Thread-1] INFO  impl.VoteContext (VoteContext.java:log(48)) - s3@group-F163B23E7A07-FOLLOWER: accept PRE_VOTE from s0: our priority 0 <= candidate's priority 0
2022-07-14 02:38:25,454 [Thread-1] INFO  server.RaftServer$Division (RaftServerImpl.java:requestVote(1207)) - s3@group-F163B23E7A07 replies to PRE_VOTE vote request: s0<-s3#0:OK-t0. Peer's state: s3@group-F163B23E7A07:t0, leader=null, voted=, raftlog=Memoized:s3@group-F163B23E7A07-SegmentedRaftLog:OPENED:c-1, conf=-1: [s3|rpc:localhost:40707|admin:localhost:37899|client:localhost:39537|dataStream:localhost:45577|priority:0, s4|rpc:localhost:41709|admin:localhost:46527|client:localhost:37803|dataStream:localhost:33761|priority:0, s0|rpc:localhost:37741|admin:localhost:46201|client:localhost:46213|dataStream:localhost:44011|priority:0, s1|rpc:localhost:39965|admin:localhost:38809|client:localhost:39467|dataStream:localhost:32971|priority:0, s2|rpc:localhost:33445|admin:localhost:44043|client:localhost:42341|dataStream:localhost:42157|priority:0], old=null
2022-07-14 02:38:25,455 [Thread-7] INFO  server.RaftServer$Division (RaftServerImpl.java:requestVote(1175)) - s4@group-F163B23E7A07: receive requestVote(PRE_VOTE, s0, group-F163B23E7A07, 0, (t:0, i:0))
2022-07-14 02:38:25,456 [Thread-7] INFO  impl.VoteContext (VoteContext.java:log(48)) - s4@group-F163B23E7A07-CANDIDATE: accept PRE_VOTE from s0: our priority 0 <= candidate's priority 0
2022-07-14 02:38:25,456 [Thread-7] INFO  server.RaftServer$Division (RaftServerImpl.java:requestVote(1207)) - s4@group-F163B23E7A07 replies to PRE_VOTE vote request: s0<-s4#0:OK-t0. Peer's state: s4@group-F163B23E7A07:t0, leader=null, voted=, raftlog=Memoized:s4@group-F163B23E7A07-SegmentedRaftLog:OPENED:c-1, conf=-1: [s3|rpc:localhost:40707|admin:localhost:37899|client:localhost:39537|dataStream:localhost:45577|priority:0, s4|rpc:localhost:41709|admin:localhost:46527|client:localhost:37803|dataStream:localhost:33761|priority:0, s0|rpc:localhost:37741|admin:localhost:46201|client:localhost:46213|dataStream:localhost:44011|priority:0, s1|rpc:localhost:39965|admin:localhost:38809|client:localhost:39467|dataStream:localhost:32971|priority:0, s2|rpc:localhost:33445|admin:localhost:44043|client:localhost:42341|dataStream:localhost:42157|priority:0], old=null
2022-07-14 02:38:25,456 [Thread-22] INFO  server.RaftServer$Division (RaftServerImpl.java:requestVote(1175)) - s1@group-F163B23E7A07: receive requestVote(PRE_VOTE, s0, group-F163B23E7A07, 0, (t:0, i:0))
2022-07-14 02:38:25,456 [Thread-30] INFO  server.RaftServer$Division (RaftServerImpl.java:requestVote(1175)) - s2@group-F163B23E7A07: receive requestVote(PRE_VOTE, s0, group-F163B23E7A07, 0, (t:0, i:0))
2022-07-14 02:38:25,456 [Thread-22] INFO  impl.VoteContext (VoteContext.java:log(48)) - s1@group-F163B23E7A07-FOLLOWER: accept PRE_VOTE from s0: our priority 0 <= candidate's priority 0
2022-07-14 02:38:25,456 [Thread-22] INFO  server.RaftServer$Division (RaftServerImpl.java:requestVote(1207)) - s1@group-F163B23E7A07 replies to PRE_VOTE vote request: s0<-s1#0:OK-t0. Peer's state: s1@group-F163B23E7A07:t0, leader=null, voted=, raftlog=Memoized:s1@group-F163B23E7A07-SegmentedRaftLog:OPENED:c-1, conf=-1: [s3|rpc:localhost:40707|admin:localhost:37899|client:localhost:39537|dataStream:localhost:45577|priority:0, s4|rpc:localhost:41709|admin:localhost:46527|client:localhost:37803|dataStream:localhost:33761|priority:0, s0|rpc:localhost:37741|admin:localhost:46201|client:localhost:46213|dataStream:localhost:44011|priority:0, s1|rpc:localhost:39965|admin:localhost:38809|client:localhost:39467|dataStream:localhost:32971|priority:0, s2|rpc:localhost:33445|admin:localhost:44043|client:localhost:42341|dataStream:localhost:42157|priority:0], old=null
2022-07-14 02:38:25,456 [Thread-30] INFO  impl.VoteContext (VoteContext.java:log(48)) - s2@group-F163B23E7A07-FOLLOWER: accept PRE_VOTE from s0: our priority 0 <= candidate's priority 0
2022-07-14 02:38:25,458 [Thread-30] INFO  server.RaftServer$Division (RaftServerImpl.java:requestVote(1207)) - s2@group-F163B23E7A07 replies to PRE_VOTE vote request: s0<-s2#0:OK-t0. Peer's state: s2@group-F163B23E7A07:t0, leader=null, voted=, raftlog=Memoized:s2@group-F163B23E7A07-SegmentedRaftLog:OPENED:c-1, conf=-1: [s3|rpc:localhost:40707|admin:localhost:37899|client:localhost:39537|dataStream:localhost:45577|priority:0, s4|rpc:localhost:41709|admin:localhost:46527|client:localhost:37803|dataStream:localhost:33761|priority:0, s0|rpc:localhost:37741|admin:localhost:46201|client:localhost:46213|dataStream:localhost:44011|priority:0, s1|rpc:localhost:39965|admin:localhost:38809|client:localhost:39467|dataStream:localhost:32971|priority:0, s2|rpc:localhost:33445|admin:localhost:44043|client:localhost:42341|dataStream:localhost:42157|priority:0], old=null
2022-07-14 02:38:25,466 [s4@group-F163B23E7A07-LeaderElection1] INFO  impl.LeaderElection (LeaderElection.java:logAndReturn(90)) - s4@group-F163B23E7A07-LeaderElection1: PRE_VOTE PASSED received 2 response(s) and 0 exception(s):
2022-07-14 02:38:25,466 [s4@group-F163B23E7A07-LeaderElection1] INFO  impl.LeaderElection (LeaderElection.java:logAndReturn(94)) -   Response 0: s4<-s3#0:OK-t0
2022-07-14 02:38:25,466 [s4@group-F163B23E7A07-LeaderElection1] INFO  impl.LeaderElection (LeaderElection.java:logAndReturn(94)) -   Response 1: s4<-s2#0:OK-t0
2022-07-14 02:38:25,466 [s4@group-F163B23E7A07-LeaderElection1] INFO  impl.LeaderElection (LeaderElection.java:askForVotes(312)) - s4@group-F163B23E7A07-LeaderElection1 PRE_VOTE round 0: result PASSED
2022-07-14 02:38:25,469 [s0@group-F163B23E7A07-LeaderElection2] INFO  impl.LeaderElection (LeaderElection.java:logAndReturn(90)) - s0@group-F163B23E7A07-LeaderElection2: PRE_VOTE PASSED received 2 response(s) and 0 exception(s):
2022-07-14 02:38:25,469 [s0@group-F163B23E7A07-LeaderElection2] INFO  impl.LeaderElection (LeaderElection.java:logAndReturn(94)) -   Response 0: s0<-s1#0:OK-t0
2022-07-14 02:38:25,469 [s0@group-F163B23E7A07-LeaderElection2] INFO  impl.LeaderElection (LeaderElection.java:logAndReturn(94)) -   Response 1: s0<-s2#0:OK-t0
2022-07-14 02:38:25,469 [s0@group-F163B23E7A07-LeaderElection2] INFO  impl.LeaderElection (LeaderElection.java:askForVotes(312)) - s0@group-F163B23E7A07-LeaderElection2 PRE_VOTE round 0: result PASSED
2022-07-14 02:38:25,470 [s4@group-F163B23E7A07-LeaderElection1] INFO  impl.LeaderElection (LeaderElection.java:askForVotes(310)) - s4@group-F163B23E7A07-LeaderElection1 ELECTION round 0: submit vote requests at term 1 for -1: [s3|rpc:localhost:40707|admin:localhost:37899|client:localhost:39537|dataStream:localhost:45577|priority:0, s4|rpc:localhost:41709|admin:localhost:46527|client:localhost:37803|dataStream:localhost:33761|priority:0, s0|rpc:localhost:37741|admin:localhost:46201|client:localhost:46213|dataStream:localhost:44011|priority:0, s1|rpc:localhost:39965|admin:localhost:38809|client:localhost:39467|dataStream:localhost:32971|priority:0, s2|rpc:localhost:33445|admin:localhost:44043|client:localhost:42341|dataStream:localhost:42157|priority:0], old=null
2022-07-14 02:38:25,472 [Thread-15] INFO  server.RaftServer$Division (RaftServerImpl.java:requestVote(1175)) - s0@group-F163B23E7A07: receive requestVote(ELECTION, s4, group-F163B23E7A07, 1, (t:0, i:0))
2022-07-14 02:38:25,472 [Thread-31] INFO  server.RaftServer$Division (RaftServerImpl.java:requestVote(1175)) - s2@group-F163B23E7A07: receive requestVote(ELECTION, s4, group-F163B23E7A07, 1, (t:0, i:0))
2022-07-14 02:38:25,472 [Thread-31] INFO  impl.VoteContext (VoteContext.java:log(48)) - s2@group-F163B23E7A07-FOLLOWER: accept ELECTION from s4: our priority 0 <= candidate's priority 0
2022-07-14 02:38:25,472 [Thread-2] INFO  server.RaftServer$Division (RaftServerImpl.java:requestVote(1175)) - s3@group-F163B23E7A07: receive requestVote(ELECTION, s4, group-F163B23E7A07, 1, (t:0, i:0))
2022-07-14 02:38:25,472 [Thread-2] INFO  impl.VoteContext (VoteContext.java:log(48)) - s3@group-F163B23E7A07-FOLLOWER: accept ELECTION from s4: our priority 0 <= candidate's priority 0
2022-07-14 02:38:25,472 [s0@group-F163B23E7A07-LeaderElection2] INFO  impl.LeaderElection (LeaderElection.java:askForVotes(310)) - s0@group-F163B23E7A07-LeaderElection2 ELECTION round 0: submit vote requests at term 1 for -1: [s3|rpc:localhost:40707|admin:localhost:37899|client:localhost:39537|dataStream:localhost:45577|priority:0, s4|rpc:localhost:41709|admin:localhost:46527|client:localhost:37803|dataStream:localhost:33761|priority:0, s0|rpc:localhost:37741|admin:localhost:46201|client:localhost:46213|dataStream:localhost:44011|priority:0, s1|rpc:localhost:39965|admin:localhost:38809|client:localhost:39467|dataStream:localhost:32971|priority:0, s2|rpc:localhost:33445|admin:localhost:44043|client:localhost:42341|dataStream:localhost:42157|priority:0], old=null
2022-07-14 02:38:25,473 [Thread-2] INFO  server.RaftServer$Division (RaftServerImpl.java:setRole(300)) - s3@group-F163B23E7A07: changes role from  FOLLOWER to FOLLOWER at term 1 for candidate:s4
2022-07-14 02:38:25,473 [Thread-2] INFO  impl.RoleInfo (RoleInfo.java:shutdownFollowerState(110)) - s3: shutdown s3@group-F163B23E7A07-FollowerState
2022-07-14 02:38:25,473 [Thread-31] INFO  server.RaftServer$Division (RaftServerImpl.java:setRole(300)) - s2@group-F163B23E7A07: changes role from  FOLLOWER to FOLLOWER at term 1 for candidate:s4
2022-07-14 02:38:25,473 [Thread-31] INFO  impl.RoleInfo (RoleInfo.java:shutdownFollowerState(110)) - s2: shutdown s2@group-F163B23E7A07-FollowerState
2022-07-14 02:38:25,473 [Thread-15] INFO  impl.VoteContext (VoteContext.java:log(48)) - s0@group-F163B23E7A07-CANDIDATE: reject ELECTION from s4: already has voted for s0 at current term 1
2022-07-14 02:38:25,473 [Thread-15] INFO  server.RaftServer$Division (RaftServerImpl.java:requestVote(1207)) - s0@group-F163B23E7A07 replies to ELECTION vote request: s4<-s0#0:FAIL-t1. Peer's state: s0@group-F163B23E7A07:t1, leader=null, voted=s0, raftlog=Memoized:s0@group-F163B23E7A07-SegmentedRaftLog:OPENED:c-1, conf=-1: [s3|rpc:localhost:40707|admin:localhost:37899|client:localhost:39537|dataStream:localhost:45577|priority:0, s4|rpc:localhost:41709|admin:localhost:46527|client:localhost:37803|dataStream:localhost:33761|priority:0, s0|rpc:localhost:37741|admin:localhost:46201|client:localhost:46213|dataStream:localhost:44011|priority:0, s1|rpc:localhost:39965|admin:localhost:38809|client:localhost:39467|dataStream:localhost:32971|priority:0, s2|rpc:localhost:33445|admin:localhost:44043|client:localhost:42341|dataStream:localhost:42157|priority:0], old=null
2022-07-14 02:38:25,474 [Thread-23] INFO  server.RaftServer$Division (RaftServerImpl.java:requestVote(1175)) - s1@group-F163B23E7A07: receive requestVote(ELECTION, s4, group-F163B23E7A07, 1, (t:0, i:0))
2022-07-14 02:38:25,475 [Thread-23] INFO  impl.VoteContext (VoteContext.java:log(48)) - s1@group-F163B23E7A07-FOLLOWER: accept ELECTION from s4: our priority 0 <= candidate's priority 0
2022-07-14 02:38:25,475 [Thread-23] INFO  server.RaftServer$Division (RaftServerImpl.java:setRole(300)) - s1@group-F163B23E7A07: changes role from  FOLLOWER to FOLLOWER at term 1 for candidate:s4
2022-07-14 02:38:25,475 [Thread-23] INFO  impl.RoleInfo (RoleInfo.java:shutdownFollowerState(110)) - s1: shutdown s1@group-F163B23E7A07-FollowerState
2022-07-14 02:38:25,475 [Thread-0] INFO  server.RaftServer$Division (RaftServerImpl.java:requestVote(1175)) - s3@group-F163B23E7A07: receive requestVote(ELECTION, s0, group-F163B23E7A07, 1, (t:0, i:0))
2022-07-14 02:38:25,477 [Thread-21] INFO  server.RaftServer$Division (RaftServerImpl.java:requestVote(1175)) - s1@group-F163B23E7A07: receive requestVote(ELECTION, s0, group-F163B23E7A07, 1, (t:0, i:0))
2022-07-14 02:38:25,477 [Thread-23] INFO  impl.RoleInfo (RoleInfo.java:updateAndGet(139)) - s1: start s1@group-F163B23E7A07-FollowerState
2022-07-14 02:38:25,477 [s1@group-F163B23E7A07-FollowerState] INFO  impl.FollowerState (FollowerState.java:run(152)) - s1@group-F163B23E7A07-FollowerState was interrupted
2022-07-14 02:38:25,477 [s2@group-F163B23E7A07-FollowerState] INFO  impl.FollowerState (FollowerState.java:run(152)) - s2@group-F163B23E7A07-FollowerState was interrupted
2022-07-14 02:38:25,478 [Thread-29] INFO  server.RaftServer$Division (RaftServerImpl.java:requestVote(1175)) - s2@group-F163B23E7A07: receive requestVote(ELECTION, s0, group-F163B23E7A07, 1, (t:0, i:0))
2022-07-14 02:38:25,478 [Thread-2] INFO  impl.RoleInfo (RoleInfo.java:updateAndGet(139)) - s3: start s3@group-F163B23E7A07-FollowerState
2022-07-14 02:38:25,478 [s3@group-F163B23E7A07-FollowerState] INFO  impl.FollowerState (FollowerState.java:run(152)) - s3@group-F163B23E7A07-FollowerState was interrupted
2022-07-14 02:38:25,479 [Thread-31] INFO  impl.RoleInfo (RoleInfo.java:updateAndGet(139)) - s2: start s2@group-F163B23E7A07-FollowerState
2022-07-14 02:38:25,479 [Thread-8] INFO  server.RaftServer$Division (RaftServerImpl.java:requestVote(1175)) - s4@group-F163B23E7A07: receive requestVote(ELECTION, s0, group-F163B23E7A07, 1, (t:0, i:0))
2022-07-14 02:38:25,479 [Thread-8] INFO  impl.VoteContext (VoteContext.java:log(48)) - s4@group-F163B23E7A07-CANDIDATE: reject ELECTION from s0: already has voted for s4 at current term 1
2022-07-14 02:38:25,479 [Thread-8] INFO  server.RaftServer$Division (RaftServerImpl.java:requestVote(1207)) - s4@group-F163B23E7A07 replies to ELECTION vote request: s0<-s4#0:FAIL-t1. Peer's state: s4@group-F163B23E7A07:t1, leader=null, voted=s4, raftlog=Memoized:s4@group-F163B23E7A07-SegmentedRaftLog:OPENED:c-1, conf=-1: [s3|rpc:localhost:40707|admin:localhost:37899|client:localhost:39537|dataStream:localhost:45577|priority:0, s4|rpc:localhost:41709|admin:localhost:46527|client:localhost:37803|dataStream:localhost:33761|priority:0, s0|rpc:localhost:37741|admin:localhost:46201|client:localhost:46213|dataStream:localhost:44011|priority:0, s1|rpc:localhost:39965|admin:localhost:38809|client:localhost:39467|dataStream:localhost:32971|priority:0, s2|rpc:localhost:33445|admin:localhost:44043|client:localhost:42341|dataStream:localhost:42157|priority:0], old=null
2022-07-14 02:38:25,481 [Thread-23] INFO  server.RaftServer$Division (RaftServerImpl.java:requestVote(1207)) - s1@group-F163B23E7A07 replies to ELECTION vote request: s4<-s1#0:OK-t1. Peer's state: s1@group-F163B23E7A07:t1, leader=null, voted=s4, raftlog=Memoized:s1@group-F163B23E7A07-SegmentedRaftLog:OPENED:c-1, conf=-1: [s3|rpc:localhost:40707|admin:localhost:37899|client:localhost:39537|dataStream:localhost:45577|priority:0, s4|rpc:localhost:41709|admin:localhost:46527|client:localhost:37803|dataStream:localhost:33761|priority:0, s0|rpc:localhost:37741|admin:localhost:46201|client:localhost:46213|dataStream:localhost:44011|priority:0, s1|rpc:localhost:39965|admin:localhost:38809|client:localhost:39467|dataStream:localhost:32971|priority:0, s2|rpc:localhost:33445|admin:localhost:44043|client:localhost:42341|dataStream:localhost:42157|priority:0], old=null
2022-07-14 02:38:25,481 [Thread-21] INFO  impl.VoteContext (VoteContext.java:log(48)) - s1@group-F163B23E7A07-FOLLOWER: reject ELECTION from s0: already has voted for s4 at current term 1
2022-07-14 02:38:25,481 [Thread-21] INFO  server.RaftServer$Division (RaftServerImpl.java:requestVote(1207)) - s1@group-F163B23E7A07 replies to ELECTION vote request: s0<-s1#0:FAIL-t1. Peer's state: s1@group-F163B23E7A07:t1, leader=null, voted=s4, raftlog=Memoized:s1@group-F163B23E7A07-SegmentedRaftLog:OPENED:c-1, conf=-1: [s3|rpc:localhost:40707|admin:localhost:37899|client:localhost:39537|dataStream:localhost:45577|priority:0, s4|rpc:localhost:41709|admin:localhost:46527|client:localhost:37803|dataStream:localhost:33761|priority:0, s0|rpc:localhost:37741|admin:localhost:46201|client:localhost:46213|dataStream:localhost:44011|priority:0, s1|rpc:localhost:39965|admin:localhost:38809|client:localhost:39467|dataStream:localhost:32971|priority:0, s2|rpc:localhost:33445|admin:localhost:44043|client:localhost:42341|dataStream:localhost:42157|priority:0], old=null
2022-07-14 02:38:25,481 [Thread-2] INFO  server.RaftServer$Division (RaftServerImpl.java:requestVote(1207)) - s3@group-F163B23E7A07 replies to ELECTION vote request: s4<-s3#0:OK-t1. Peer's state: s3@group-F163B23E7A07:t1, leader=null, voted=s4, raftlog=Memoized:s3@group-F163B23E7A07-SegmentedRaftLog:OPENED:c-1, conf=-1: [s3|rpc:localhost:40707|admin:localhost:37899|client:localhost:39537|dataStream:localhost:45577|priority:0, s4|rpc:localhost:41709|admin:localhost:46527|client:localhost:37803|dataStream:localhost:33761|priority:0, s0|rpc:localhost:37741|admin:localhost:46201|client:localhost:46213|dataStream:localhost:44011|priority:0, s1|rpc:localhost:39965|admin:localhost:38809|client:localhost:39467|dataStream:localhost:32971|priority:0, s2|rpc:localhost:33445|admin:localhost:44043|client:localhost:42341|dataStream:localhost:42157|priority:0], old=null
2022-07-14 02:38:25,481 [Thread-0] INFO  impl.VoteContext (VoteContext.java:log(48)) - s3@group-F163B23E7A07-FOLLOWER: reject ELECTION from s0: already has voted for s4 at current term 1
2022-07-14 02:38:25,481 [Thread-0] INFO  server.RaftServer$Division (RaftServerImpl.java:requestVote(1207)) - s3@group-F163B23E7A07 replies to ELECTION vote request: s0<-s3#0:FAIL-t1. Peer's state: s3@group-F163B23E7A07:t1, leader=null, voted=s4, raftlog=Memoized:s3@group-F163B23E7A07-SegmentedRaftLog:OPENED:c-1, conf=-1: [s3|rpc:localhost:40707|admin:localhost:37899|client:localhost:39537|dataStream:localhost:45577|priority:0, s4|rpc:localhost:41709|admin:localhost:46527|client:localhost:37803|dataStream:localhost:33761|priority:0, s0|rpc:localhost:37741|admin:localhost:46201|client:localhost:46213|dataStream:localhost:44011|priority:0, s1|rpc:localhost:39965|admin:localhost:38809|client:localhost:39467|dataStream:localhost:32971|priority:0, s2|rpc:localhost:33445|admin:localhost:44043|client:localhost:42341|dataStream:localhost:42157|priority:0], old=null
2022-07-14 02:38:25,482 [Thread-31] INFO  server.RaftServer$Division (RaftServerImpl.java:requestVote(1207)) - s2@group-F163B23E7A07 replies to ELECTION vote request: s4<-s2#0:OK-t1. Peer's state: s2@group-F163B23E7A07:t1, leader=null, voted=s4, raftlog=Memoized:s2@group-F163B23E7A07-SegmentedRaftLog:OPENED:c-1, conf=-1: [s3|rpc:localhost:40707|admin:localhost:37899|client:localhost:39537|dataStream:localhost:45577|priority:0, s4|rpc:localhost:41709|admin:localhost:46527|client:localhost:37803|dataStream:localhost:33761|priority:0, s0|rpc:localhost:37741|admin:localhost:46201|client:localhost:46213|dataStream:localhost:44011|priority:0, s1|rpc:localhost:39965|admin:localhost:38809|client:localhost:39467|dataStream:localhost:32971|priority:0, s2|rpc:localhost:33445|admin:localhost:44043|client:localhost:42341|dataStream:localhost:42157|priority:0], old=null
2022-07-14 02:38:25,482 [Thread-29] INFO  impl.VoteContext (VoteContext.java:log(48)) - s2@group-F163B23E7A07-FOLLOWER: reject ELECTION from s0: already has voted for s4 at current term 1
2022-07-14 02:38:25,482 [Thread-29] INFO  server.RaftServer$Division (RaftServerImpl.java:requestVote(1207)) - s2@group-F163B23E7A07 replies to ELECTION vote request: s0<-s2#0:FAIL-t1. Peer's state: s2@group-F163B23E7A07:t1, leader=null, voted=s4, raftlog=Memoized:s2@group-F163B23E7A07-SegmentedRaftLog:OPENED:c-1, conf=-1: [s3|rpc:localhost:40707|admin:localhost:37899|client:localhost:39537|dataStream:localhost:45577|priority:0, s4|rpc:localhost:41709|admin:localhost:46527|client:localhost:37803|dataStream:localhost:33761|priority:0, s0|rpc:localhost:37741|admin:localhost:46201|client:localhost:46213|dataStream:localhost:44011|priority:0, s1|rpc:localhost:39965|admin:localhost:38809|client:localhost:39467|dataStream:localhost:32971|priority:0, s2|rpc:localhost:33445|admin:localhost:44043|client:localhost:42341|dataStream:localhost:42157|priority:0], old=null
2022-07-14 02:38:25,495 [s0@group-F163B23E7A07-LeaderElection2] INFO  impl.LeaderElection (LeaderElection.java:logAndReturn(90)) - s0@group-F163B23E7A07-LeaderElection2: ELECTION REJECTED received 3 response(s) and 0 exception(s):
2022-07-14 02:38:25,495 [s0@group-F163B23E7A07-LeaderElection2] INFO  impl.LeaderElection (LeaderElection.java:logAndReturn(94)) -   Response 0: s0<-s3#0:FAIL-t1
2022-07-14 02:38:25,495 [s0@group-F163B23E7A07-LeaderElection2] INFO  impl.LeaderElection (LeaderElection.java:logAndReturn(94)) -   Response 1: s0<-s4#0:FAIL-t1
2022-07-14 02:38:25,495 [s0@group-F163B23E7A07-LeaderElection2] INFO  impl.LeaderElection (LeaderElection.java:logAndReturn(94)) -   Response 2: s0<-s2#0:FAIL-t1
2022-07-14 02:38:25,495 [s0@group-F163B23E7A07-LeaderElection2] INFO  impl.LeaderElection (LeaderElection.java:askForVotes(312)) - s0@group-F163B23E7A07-LeaderElection2 ELECTION round 0: result REJECTED
2022-07-14 02:38:25,495 [s0@group-F163B23E7A07-LeaderElection2] INFO  server.RaftServer$Division (RaftServerImpl.java:setRole(300)) - s0@group-F163B23E7A07: changes role from CANDIDATE to FOLLOWER at term 1 for REJECTED
2022-07-14 02:38:25,495 [s0@group-F163B23E7A07-LeaderElection2] INFO  impl.RoleInfo (RoleInfo.java:shutdownLeaderElection(130)) - s0: shutdown s0@group-F163B23E7A07-LeaderElection2
2022-07-14 02:38:25,496 [s0@group-F163B23E7A07-LeaderElection2] INFO  impl.RoleInfo (RoleInfo.java:updateAndGet(139)) - s0: start s0@group-F163B23E7A07-FollowerState
2022-07-14 02:38:25,496 [s4@group-F163B23E7A07-LeaderElection1] INFO  impl.LeaderElection (LeaderElection.java:logAndReturn(90)) - s4@group-F163B23E7A07-LeaderElection1: ELECTION PASSED received 3 response(s) and 0 exception(s):
2022-07-14 02:38:25,496 [s4@group-F163B23E7A07-LeaderElection1] INFO  impl.LeaderElection (LeaderElection.java:logAndReturn(94)) -   Response 0: s4<-s0#0:FAIL-t1
2022-07-14 02:38:25,497 [s4@group-F163B23E7A07-LeaderElection1] INFO  impl.LeaderElection (LeaderElection.java:logAndReturn(94)) -   Response 1: s4<-s1#0:OK-t1
2022-07-14 02:38:25,497 [s4@group-F163B23E7A07-LeaderElection1] INFO  impl.LeaderElection (LeaderElection.java:logAndReturn(94)) -   Response 2: s4<-s2#0:OK-t1
2022-07-14 02:38:25,497 [s4@group-F163B23E7A07-LeaderElection1] INFO  impl.LeaderElection (LeaderElection.java:askForVotes(312)) - s4@group-F163B23E7A07-LeaderElection1 ELECTION round 0: result PASSED
2022-07-14 02:38:25,497 [s4@group-F163B23E7A07-LeaderElection1] INFO  impl.RoleInfo (RoleInfo.java:shutdownLeaderElection(130)) - s4: shutdown s4@group-F163B23E7A07-LeaderElection1
2022-07-14 02:38:25,497 [s4@group-F163B23E7A07-LeaderElection1] INFO  server.RaftServer$Division (RaftServerImpl.java:setRole(300)) - s4@group-F163B23E7A07: changes role from CANDIDATE to LEADER at term 1 for changeToLeader
2022-07-14 02:38:25,497 [s4@group-F163B23E7A07-LeaderElection1] INFO  server.RaftServer$Division (ServerState.java:setLeader(304)) - s4@group-F163B23E7A07: change Leader from null to s4 at term 1 for becomeLeader, leader elected after 492ms
2022-07-14 02:38:25,502 [s4@group-F163B23E7A07-LeaderElection1] INFO  server.RaftServerConfigKeys (ConfUtils.java:logGet(46)) - raft.server.staging.catchup.gap = 1000 (default)
2022-07-14 02:38:25,505 [s4@group-F163B23E7A07-LeaderElection1] INFO  server.RaftServerConfigKeys (ConfUtils.java:logGet(46)) - raft.server.write.element-limit = 4096 (default)
2022-07-14 02:38:25,506 [s4@group-F163B23E7A07-LeaderElection1] INFO  server.RaftServerConfigKeys (ConfUtils.java:logGet(46)) - raft.server.write.byte-limit = 64MB (=67108864) (default)
2022-07-14 02:38:25,511 [s4@group-F163B23E7A07-LeaderElection1] INFO  server.RaftServerConfigKeys (ConfUtils.java:logGet(46)) - raft.server.watch.timeout = 10s (default)
2022-07-14 02:38:25,512 [s4@group-F163B23E7A07-LeaderElection1] INFO  server.RaftServerConfigKeys (ConfUtils.java:logGet(46)) - raft.server.watch.timeout.denomination = 1s (default)
2022-07-14 02:38:25,512 [s4@group-F163B23E7A07-LeaderElection1] INFO  server.RaftServerConfigKeys (ConfUtils.java:logGet(46)) - raft.server.watch.element-limit = 65536 (default)
2022-07-14 02:38:25,517 [s4@group-F163B23E7A07-LeaderElection1] INFO  server.RaftServerConfigKeys (ConfUtils.java:logGet(46)) - raft.server.write.element-limit = 4096 (default)
2022-07-14 02:38:25,519 [s4@group-F163B23E7A07-LeaderElection1] INFO  server.RaftServerConfigKeys (ConfUtils.java:logGet(46)) - raft.server.write.follower.gap.ratio.max = -1.0 (default)
2022-07-14 02:38:25,527 [s4@group-F163B23E7A07-LeaderElection1] INFO  server.RaftServerConfigKeys (ConfUtils.java:logGet(46)) - raft.server.log.appender.snapshot.chunk.size.max = 16MB (=16777216) (default)
2022-07-14 02:38:25,527 [s4@group-F163B23E7A07-LeaderElection1] INFO  server.RaftServerConfigKeys (ConfUtils.java:logGet(46)) - raft.server.log.appender.buffer.byte-limit = 4MB (=4194304) (default)
2022-07-14 02:38:25,527 [s4@group-F163B23E7A07-LeaderElection1] INFO  server.RaftServerConfigKeys (ConfUtils.java:logGet(46)) - raft.server.log.appender.buffer.element-limit = 0 (default)
2022-07-14 02:38:25,529 [s4@group-F163B23E7A07-LeaderElection1] INFO  server.RaftServerConfigKeys (ConfUtils.java:logGet(46)) - raft.server.log.appender.snapshot.chunk.size.max = 16MB (=16777216) (default)
2022-07-14 02:38:25,530 [s4@group-F163B23E7A07-LeaderElection1] INFO  server.RaftServerConfigKeys (ConfUtils.java:logGet(46)) - raft.server.log.appender.buffer.byte-limit = 4MB (=4194304) (default)
2022-07-14 02:38:25,530 [s4@group-F163B23E7A07-LeaderElection1] INFO  server.RaftServerConfigKeys (ConfUtils.java:logGet(46)) - raft.server.log.appender.buffer.element-limit = 0 (default)
2022-07-14 02:38:25,530 [s4@group-F163B23E7A07-LeaderElection1] INFO  server.RaftServerConfigKeys (ConfUtils.java:logGet(46)) - raft.server.log.appender.snapshot.chunk.size.max = 16MB (=16777216) (default)
2022-07-14 02:38:25,530 [s4@group-F163B23E7A07-LeaderElection1] INFO  server.RaftServerConfigKeys (ConfUtils.java:logGet(46)) - raft.server.log.appender.buffer.byte-limit = 4MB (=4194304) (default)
2022-07-14 02:38:25,530 [s4@group-F163B23E7A07-LeaderElection1] INFO  server.RaftServerConfigKeys (ConfUtils.java:logGet(46)) - raft.server.log.appender.buffer.element-limit = 0 (default)
2022-07-14 02:38:25,531 [s4@group-F163B23E7A07-LeaderElection1] INFO  server.RaftServerConfigKeys (ConfUtils.java:logGet(46)) - raft.server.log.appender.snapshot.chunk.size.max = 16MB (=16777216) (default)
2022-07-14 02:38:25,531 [s4@group-F163B23E7A07-LeaderElection1] INFO  server.RaftServerConfigKeys (ConfUtils.java:logGet(46)) - raft.server.log.appender.buffer.byte-limit = 4MB (=4194304) (default)
2022-07-14 02:38:25,531 [s4@group-F163B23E7A07-LeaderElection1] INFO  server.RaftServerConfigKeys (ConfUtils.java:logGet(46)) - raft.server.log.appender.buffer.element-limit = 0 (default)
2022-07-14 02:38:25,532 [s4@group-F163B23E7A07-LeaderElection1] INFO  impl.RoleInfo (RoleInfo.java:updateAndGet(139)) - s4: start s4@group-F163B23E7A07-LeaderStateImpl
2022-07-14 02:38:25,548 [s4@group-F163B23E7A07-LeaderElection1] INFO  segmented.SegmentedRaftLogWorker (SegmentedRaftLogWorker.java:startLogSegment(425)) - s4@group-F163B23E7A07-SegmentedRaftLogWorker: Starting segment from index:0
2022-07-14 02:38:25,608 [Thread-1] INFO  server.RaftServer$Division (ServerState.java:setLeader(304)) - s3@group-F163B23E7A07: change Leader from null to s4 at term 1 for appendEntries, leader elected after 604ms
2022-07-14 02:38:25,609 [Thread-22] INFO  server.RaftServer$Division (ServerState.java:setLeader(304)) - s1@group-F163B23E7A07: change Leader from null to s4 at term 1 for appendEntries, leader elected after 580ms
2022-07-14 02:38:25,610 [s4@group-F163B23E7A07-LeaderElection1] INFO  server.RaftServer$Division (ServerState.java:setRaftConf(420)) - s4@group-F163B23E7A07: set configuration 0: [s3|rpc:localhost:40707|admin:localhost:37899|client:localhost:39537|dataStream:localhost:45577|priority:0, s4|rpc:localhost:41709|admin:localhost:46527|client:localhost:37803|dataStream:localhost:33761|priority:0, s0|rpc:localhost:37741|admin:localhost:46201|client:localhost:46213|dataStream:localhost:44011|priority:0, s1|rpc:localhost:39965|admin:localhost:38809|client:localhost:39467|dataStream:localhost:32971|priority:0, s2|rpc:localhost:33445|admin:localhost:44043|client:localhost:42341|dataStream:localhost:42157|priority:0], old=null
2022-07-14 02:38:25,611 [Thread-30] INFO  server.RaftServer$Division (ServerState.java:setLeader(304)) - s2@group-F163B23E7A07: change Leader from null to s4 at term 1 for appendEntries, leader elected after 556ms
2022-07-14 02:38:25,614 [Thread-16] INFO  server.RaftServer$Division (ServerState.java:setLeader(304)) - s0@group-F163B23E7A07: change Leader from null to s4 at term 1 for appendEntries, leader elected after 609ms
2022-07-14 02:38:25,640 [Thread-31] DEBUG server.RaftServer$Division (RaftServerImpl.java:logAppendEntries(1281)) - s2@group-F163B23E7A07: receive appendEntries(s4, 1, null, -1, true, commits[s4:c-1, s3:c-1, s0:c-1, s1:c-1, s2:c-1], entries: (t:1, i:0), CONFIGURATIONENTRY
2022-07-14 02:38:25,641 [Thread-0] DEBUG server.RaftServer$Division (RaftServerImpl.java:logAppendEntries(1281)) - s3@group-F163B23E7A07: receive appendEntries(s4, 1, null, -1, true, commits[s4:c-1, s3:c-1, s0:c-1, s1:c-1, s2:c-1], entries: (t:1, i:0), CONFIGURATIONENTRY
2022-07-14 02:38:25,641 [Thread-31] INFO  server.RaftServer$Division (ServerState.java:setRaftConf(420)) - s2@group-F163B23E7A07: set configuration 0: [s3|rpc:localhost:40707|admin:localhost:37899|client:localhost:39537|dataStream:localhost:45577|priority:0, s4|rpc:localhost:41709|admin:localhost:46527|client:localhost:37803|dataStream:localhost:33761|priority:0, s0|rpc:localhost:37741|admin:localhost:46201|client:localhost:46213|dataStream:localhost:44011|priority:0, s1|rpc:localhost:39965|admin:localhost:38809|client:localhost:39467|dataStream:localhost:32971|priority:0, s2|rpc:localhost:33445|admin:localhost:44043|client:localhost:42341|dataStream:localhost:42157|priority:0], old=null
2022-07-14 02:38:25,642 [Thread-0] INFO  server.RaftServer$Division (ServerState.java:setRaftConf(420)) - s3@group-F163B23E7A07: set configuration 0: [s3|rpc:localhost:40707|admin:localhost:37899|client:localhost:39537|dataStream:localhost:45577|priority:0, s4|rpc:localhost:41709|admin:localhost:46527|client:localhost:37803|dataStream:localhost:33761|priority:0, s0|rpc:localhost:37741|admin:localhost:46201|client:localhost:46213|dataStream:localhost:44011|priority:0, s1|rpc:localhost:39965|admin:localhost:38809|client:localhost:39467|dataStream:localhost:32971|priority:0, s2|rpc:localhost:33445|admin:localhost:44043|client:localhost:42341|dataStream:localhost:42157|priority:0], old=null
2022-07-14 02:38:25,642 [Thread-31] INFO  segmented.SegmentedRaftLogWorker (SegmentedRaftLogWorker.java:startLogSegment(425)) - s2@group-F163B23E7A07-SegmentedRaftLogWorker: Starting segment from index:0
2022-07-14 02:38:25,642 [Thread-0] INFO  segmented.SegmentedRaftLogWorker (SegmentedRaftLogWorker.java:startLogSegment(425)) - s3@group-F163B23E7A07-SegmentedRaftLogWorker: Starting segment from index:0
2022-07-14 02:38:25,642 [Thread-23] DEBUG server.RaftServer$Division (RaftServerImpl.java:logAppendEntries(1281)) - s1@group-F163B23E7A07: receive appendEntries(s4, 1, null, -1, true, commits[s4:c-1, s3:c-1, s0:c-1, s1:c-1, s2:c-1], entries: (t:1, i:0), CONFIGURATIONENTRY
2022-07-14 02:38:25,643 [Thread-23] INFO  server.RaftServer$Division (ServerState.java:setRaftConf(420)) - s1@group-F163B23E7A07: set configuration 0: [s3|rpc:localhost:40707|admin:localhost:37899|client:localhost:39537|dataStream:localhost:45577|priority:0, s4|rpc:localhost:41709|admin:localhost:46527|client:localhost:37803|dataStream:localhost:33761|priority:0, s0|rpc:localhost:37741|admin:localhost:46201|client:localhost:46213|dataStream:localhost:44011|priority:0, s1|rpc:localhost:39965|admin:localhost:38809|client:localhost:39467|dataStream:localhost:32971|priority:0, s2|rpc:localhost:33445|admin:localhost:44043|client:localhost:42341|dataStream:localhost:42157|priority:0], old=null
2022-07-14 02:38:25,643 [Thread-23] INFO  segmented.SegmentedRaftLogWorker (SegmentedRaftLogWorker.java:startLogSegment(425)) - s1@group-F163B23E7A07-SegmentedRaftLogWorker: Starting segment from index:0
2022-07-14 02:38:25,644 [Thread-14] DEBUG server.RaftServer$Division (RaftServerImpl.java:logAppendEntries(1281)) - s0@group-F163B23E7A07: receive appendEntries(s4, 1, null, -1, true, commits[s4:c-1, s3:c-1, s0:c-1, s1:c-1, s2:c-1], entries: (t:1, i:0), CONFIGURATIONENTRY
2022-07-14 02:38:25,644 [Thread-14] INFO  server.RaftServer$Division (ServerState.java:setRaftConf(420)) - s0@group-F163B23E7A07: set configuration 0: [s3|rpc:localhost:40707|admin:localhost:37899|client:localhost:39537|dataStream:localhost:45577|priority:0, s4|rpc:localhost:41709|admin:localhost:46527|client:localhost:37803|dataStream:localhost:33761|priority:0, s0|rpc:localhost:37741|admin:localhost:46201|client:localhost:46213|dataStream:localhost:44011|priority:0, s1|rpc:localhost:39965|admin:localhost:38809|client:localhost:39467|dataStream:localhost:32971|priority:0, s2|rpc:localhost:33445|admin:localhost:44043|client:localhost:42341|dataStream:localhost:42157|priority:0], old=null
2022-07-14 02:38:25,644 [Thread-14] INFO  segmented.SegmentedRaftLogWorker (SegmentedRaftLogWorker.java:startLogSegment(425)) - s0@group-F163B23E7A07-SegmentedRaftLogWorker: Starting segment from index:0
2022-07-14 02:38:25,706 [s4@group-F163B23E7A07-SegmentedRaftLogWorker] INFO  segmented.SegmentedRaftLogWorker (SegmentedRaftLogWorker.java:execute(629)) - s4@group-F163B23E7A07-SegmentedRaftLogWorker: created new log segment /home/runner/work/ratis/ratis/ratis-test/target/test/data/7ab16eeb/MiniRaftClusterWithSimulatedRpcc53aeb90/s4/06efd297-65a5-4bc2-ac8d-f163b23e7a07/current/log_inprogress_0
2022-07-14 02:38:25,706 [s3@group-F163B23E7A07-SegmentedRaftLogWorker] INFO  segmented.SegmentedRaftLogWorker (SegmentedRaftLogWorker.java:execute(629)) - s3@group-F163B23E7A07-SegmentedRaftLogWorker: created new log segment /home/runner/work/ratis/ratis/ratis-test/target/test/data/7ab16eeb/MiniRaftClusterWithSimulatedRpcc53aeb90/s3/06efd297-65a5-4bc2-ac8d-f163b23e7a07/current/log_inprogress_0
2022-07-14 02:38:25,706 [s1@group-F163B23E7A07-SegmentedRaftLogWorker] INFO  segmented.SegmentedRaftLogWorker (SegmentedRaftLogWorker.java:execute(629)) - s1@group-F163B23E7A07-SegmentedRaftLogWorker: created new log segment /home/runner/work/ratis/ratis/ratis-test/target/test/data/7ab16eeb/MiniRaftClusterWithSimulatedRpcc53aeb90/s1/06efd297-65a5-4bc2-ac8d-f163b23e7a07/current/log_inprogress_0
2022-07-14 02:38:25,706 [s0@group-F163B23E7A07-SegmentedRaftLogWorker] INFO  segmented.SegmentedRaftLogWorker (SegmentedRaftLogWorker.java:execute(629)) - s0@group-F163B23E7A07-SegmentedRaftLogWorker: created new log segment /home/runner/work/ratis/ratis/ratis-test/target/test/data/7ab16eeb/MiniRaftClusterWithSimulatedRpcc53aeb90/s0/06efd297-65a5-4bc2-ac8d-f163b23e7a07/current/log_inprogress_0
2022-07-14 02:38:25,706 [s2@group-F163B23E7A07-SegmentedRaftLogWorker] INFO  segmented.SegmentedRaftLogWorker (SegmentedRaftLogWorker.java:execute(629)) - s2@group-F163B23E7A07-SegmentedRaftLogWorker: created new log segment /home/runner/work/ratis/ratis/ratis-test/target/test/data/7ab16eeb/MiniRaftClusterWithSimulatedRpcc53aeb90/s2/06efd297-65a5-4bc2-ac8d-f163b23e7a07/current/log_inprogress_0
2022-07-14 02:38:25,713 [Thread-83] DEBUG server.RaftServer$Division (RaftServerImpl.java:logAppendEntries(1281)) - s1@group-F163B23E7A07: succeeded to handle AppendEntries. Reply: s4<-s1#7:OK-t1,SUCCESS,nextIndex=1,followerCommit=-1
2022-07-14 02:38:25,714 [Thread-85] DEBUG server.RaftServer$Division (RaftServerImpl.java:logAppendEntries(1281)) - s0@group-F163B23E7A07: succeeded to handle AppendEntries. Reply: s4<-s0#4:OK-t1,SUCCESS,nextIndex=1,followerCommit=-1
2022-07-14 02:38:25,718 [Thread-84] DEBUG server.RaftServer$Division (RaftServerImpl.java:logAppendEntries(1281)) - s2@group-F163B23E7A07: succeeded to handle AppendEntries. Reply: s4<-s2#6:OK-t1,SUCCESS,nextIndex=1,followerCommit=-1
2022-07-14 02:38:25,719 [Thread-86] DEBUG server.RaftServer$Division (RaftServerImpl.java:logAppendEntries(1281)) - s3@group-F163B23E7A07: succeeded to handle AppendEntries. Reply: s4<-s3#5:OK-t1,SUCCESS,nextIndex=1,followerCommit=-1
2022-07-14 02:38:25,747 [Time-limited test] INFO  ratis.RaftTestUtil (RaftTestUtil.java:waitForLeader(119)) - printing ALL groups
  s3:  RUNNING  FOLLOWER s3@group-F163B23E7A07:t1, leader=s4, voted=s4, raftlog=Memoized:s3@group-F163B23E7A07-SegmentedRaftLog:OPENED:c-1, conf=0: [s3|rpc:localhost:40707|admin:localhost:37899|client:localhost:39537|dataStream:localhost:45577|priority:0, s4|rpc:localhost:41709|admin:localhost:46527|client:localhost:37803|dataStream:localhost:33761|priority:0, s0|rpc:localhost:37741|admin:localhost:46201|client:localhost:46213|dataStream:localhost:44011|priority:0, s1|rpc:localhost:39965|admin:localhost:38809|client:localhost:39467|dataStream:localhost:32971|priority:0, s2|rpc:localhost:33445|admin:localhost:44043|client:localhost:42341|dataStream:localhost:42157|priority:0], old=null RUNNING
  s4:  RUNNING    LEADER s4@group-F163B23E7A07:t1, leader=s4, voted=s4, raftlog=Memoized:s4@group-F163B23E7A07-SegmentedRaftLog:OPENED:c0, conf=0: [s3|rpc:localhost:40707|admin:localhost:37899|client:localhost:39537|dataStream:localhost:45577|priority:0, s4|rpc:localhost:41709|admin:localhost:46527|client:localhost:37803|dataStream:localhost:33761|priority:0, s0|rpc:localhost:37741|admin:localhost:46201|client:localhost:46213|dataStream:localhost:44011|priority:0, s1|rpc:localhost:39965|admin:localhost:38809|client:localhost:39467|dataStream:localhost:32971|priority:0, s2|rpc:localhost:33445|admin:localhost:44043|client:localhost:42341|dataStream:localhost:42157|priority:0], old=null RUNNING
  s0:  RUNNING  FOLLOWER s0@group-F163B23E7A07:t1, leader=s4, voted=s0, raftlog=Memoized:s0@group-F163B23E7A07-SegmentedRaftLog:OPENED:c-1, conf=0: [s3|rpc:localhost:40707|admin:localhost:37899|client:localhost:39537|dataStream:localhost:45577|priority:0, s4|rpc:localhost:41709|admin:localhost:46527|client:localhost:37803|dataStream:localhost:33761|priority:0, s0|rpc:localhost:37741|admin:localhost:46201|client:localhost:46213|dataStream:localhost:44011|priority:0, s1|rpc:localhost:39965|admin:localhost:38809|client:localhost:39467|dataStream:localhost:32971|priority:0, s2|rpc:localhost:33445|admin:localhost:44043|client:localhost:42341|dataStream:localhost:42157|priority:0], old=null RUNNING
  s1:  RUNNING  FOLLOWER s1@group-F163B23E7A07:t1, leader=s4, voted=s4, raftlog=Memoized:s1@group-F163B23E7A07-SegmentedRaftLog:OPENED:c-1, conf=0: [s3|rpc:localhost:40707|admin:localhost:37899|client:localhost:39537|dataStream:localhost:45577|priority:0, s4|rpc:localhost:41709|admin:localhost:46527|client:localhost:37803|dataStream:localhost:33761|priority:0, s0|rpc:localhost:37741|admin:localhost:46201|client:localhost:46213|dataStream:localhost:44011|priority:0, s1|rpc:localhost:39965|admin:localhost:38809|client:localhost:39467|dataStream:localhost:32971|priority:0, s2|rpc:localhost:33445|admin:localhost:44043|client:localhost:42341|dataStream:localhost:42157|priority:0], old=null RUNNING
  s2:  RUNNING  FOLLOWER s2@group-F163B23E7A07:t1, leader=s4, voted=s4, raftlog=Memoized:s2@group-F163B23E7A07-SegmentedRaftLog:OPENED:c-1, conf=0: [s3|rpc:localhost:40707|admin:localhost:37899|client:localhost:39537|dataStream:localhost:45577|priority:0, s4|rpc:localhost:41709|admin:localhost:46527|client:localhost:37803|dataStream:localhost:33761|priority:0, s0|rpc:localhost:37741|admin:localhost:46201|client:localhost:46213|dataStream:localhost:44011|priority:0, s1|rpc:localhost:39965|admin:localhost:38809|client:localhost:39467|dataStream:localhost:32971|priority:0, s2|rpc:localhost:33445|admin:localhost:44043|client:localhost:42341|dataStream:localhost:42157|priority:0], old=null RUNNING
2022-07-14 02:38:25,747 [Time-limited test] INFO  simulation.TestLeaderElectionWithSimulatedRpc (LeaderElectionTests.java:testEnforceLeader(229)) - firstLeader = s4
2022-07-14 02:38:25,748 [Time-limited test] INFO  simulation.TestLeaderElectionWithSimulatedRpc (LeaderElectionTests.java:testEnforceLeader(234)) - enforce leader to s1
2022-07-14 02:38:25,748 [Time-limited test] INFO  simulation.TestLeaderElectionWithSimulatedRpc (LeaderElectionTests.java:enforceLeader(240)) - printing ALL groups
  s3:  RUNNING  FOLLOWER s3@group-F163B23E7A07:t1, leader=s4, voted=s4, raftlog=Memoized:s3@group-F163B23E7A07-SegmentedRaftLog:OPENED:c-1, conf=0: [s3|rpc:localhost:40707|admin:localhost:37899|client:localhost:39537|dataStream:localhost:45577|priority:0, s4|rpc:localhost:41709|admin:localhost:46527|client:localhost:37803|dataStream:localhost:33761|priority:0, s0|rpc:localhost:37741|admin:localhost:46201|client:localhost:46213|dataStream:localhost:44011|priority:0, s1|rpc:localhost:39965|admin:localhost:38809|client:localhost:39467|dataStream:localhost:32971|priority:0, s2|rpc:localhost:33445|admin:localhost:44043|client:localhost:42341|dataStream:localhost:42157|priority:0], old=null RUNNING
  s4:  RUNNING    LEADER s4@group-F163B23E7A07:t1, leader=s4, voted=s4, raftlog=Memoized:s4@group-F163B23E7A07-SegmentedRaftLog:OPENED:c0, conf=0: [s3|rpc:localhost:40707|admin:localhost:37899|client:localhost:39537|dataStream:localhost:45577|priority:0, s4|rpc:localhost:41709|admin:localhost:46527|client:localhost:37803|dataStream:localhost:33761|priority:0, s0|rpc:localhost:37741|admin:localhost:46201|client:localhost:46213|dataStream:localhost:44011|priority:0, s1|rpc:localhost:39965|admin:localhost:38809|client:localhost:39467|dataStream:localhost:32971|priority:0, s2|rpc:localhost:33445|admin:localhost:44043|client:localhost:42341|dataStream:localhost:42157|priority:0], old=null RUNNING
  s0:  RUNNING  FOLLOWER s0@group-F163B23E7A07:t1, leader=s4, voted=s0, raftlog=Memoized:s0@group-F163B23E7A07-SegmentedRaftLog:OPENED:c-1, conf=0: [s3|rpc:localhost:40707|admin:localhost:37899|client:localhost:39537|dataStream:localhost:45577|priority:0, s4|rpc:localhost:41709|admin:localhost:46527|client:localhost:37803|dataStream:localhost:33761|priority:0, s0|rpc:localhost:37741|admin:localhost:46201|client:localhost:46213|dataStream:localhost:44011|priority:0, s1|rpc:localhost:39965|admin:localhost:38809|client:localhost:39467|dataStream:localhost:32971|priority:0, s2|rpc:localhost:33445|admin:localhost:44043|client:localhost:42341|dataStream:localhost:42157|priority:0], old=null RUNNING
  s1:  RUNNING  FOLLOWER s1@group-F163B23E7A07:t1, leader=s4, voted=s4, raftlog=Memoized:s1@group-F163B23E7A07-SegmentedRaftLog:OPENED:c-1, conf=0: [s3|rpc:localhost:40707|admin:localhost:37899|client:localhost:39537|dataStream:localhost:45577|priority:0, s4|rpc:localhost:41709|admin:localhost:46527|client:localhost:37803|dataStream:localhost:33761|priority:0, s0|rpc:localhost:37741|admin:localhost:46201|client:localhost:46213|dataStream:localhost:44011|priority:0, s1|rpc:localhost:39965|admin:localhost:38809|client:localhost:39467|dataStream:localhost:32971|priority:0, s2|rpc:localhost:33445|admin:localhost:44043|client:localhost:42341|dataStream:localhost:42157|priority:0], old=null RUNNING
  s2:  RUNNING  FOLLOWER s2@group-F163B23E7A07:t1, leader=s4, voted=s4, raftlog=Memoized:s2@group-F163B23E7A07-SegmentedRaftLog:OPENED:c-1, conf=0: [s3|rpc:localhost:40707|admin:localhost:37899|client:localhost:39537|dataStream:localhost:45577|priority:0, s4|rpc:localhost:41709|admin:localhost:46527|client:localhost:37803|dataStream:localhost:33761|priority:0, s0|rpc:localhost:37741|admin:localhost:46201|client:localhost:46213|dataStream:localhost:44011|priority:0, s1|rpc:localhost:39965|admin:localhost:38809|client:localhost:39467|dataStream:localhost:32971|priority:0, s2|rpc:localhost:33445|admin:localhost:44043|client:localhost:42341|dataStream:localhost:42157|priority:0], old=null RUNNING
2022-07-14 02:38:25,750 [Time-limited test] INFO  server.RaftServerConfigKeys (ConfUtils.java:logGet(46)) - raft.server.rpc.timeout.max = 300ms (default)
2022-07-14 02:38:25,919 [s2@group-F163B23E7A07-FollowerState] INFO  impl.FollowerState (FollowerState.java:run(143)) - s2@group-F163B23E7A07-FollowerState: change to CANDIDATE, lastRpcElapsedTime:200464928ns, electionTimeout:171ms
2022-07-14 02:38:25,919 [s2@group-F163B23E7A07-FollowerState] INFO  impl.RoleInfo (RoleInfo.java:shutdownFollowerState(110)) - s2: shutdown s2@group-F163B23E7A07-FollowerState
2022-07-14 02:38:25,919 [s2@group-F163B23E7A07-FollowerState] INFO  server.RaftServer$Division (RaftServerImpl.java:setRole(300)) - s2@group-F163B23E7A07: changes role from  FOLLOWER to CANDIDATE at term 1 for changeToCandidate
2022-07-14 02:38:25,919 [s2@group-F163B23E7A07-FollowerState] INFO  server.RaftServerConfigKeys (ConfUtils.java:logGet(46)) - raft.server.leaderelection.pre-vote = true (default)
2022-07-14 02:38:25,920 [s2@group-F163B23E7A07-FollowerState] INFO  impl.RoleInfo (RoleInfo.java:updateAndGet(139)) - s2: start s2@group-F163B23E7A07-LeaderElection3
2022-07-14 02:38:25,920 [s2@group-F163B23E7A07-LeaderElection3] INFO  server.RaftServer$Division (ServerState.java:setLeader(304)) - s2@group-F163B23E7A07: change Leader from s4 to null at term 1 for PRE_VOTE
2022-07-14 02:38:25,920 [s2@group-F163B23E7A07-LeaderElection3] INFO  impl.LeaderElection (LeaderElection.java:askForVotes(310)) - s2@group-F163B23E7A07-LeaderElection3 PRE_VOTE round 0: submit vote requests at term 1 for 0: [s3|rpc:localhost:40707|admin:localhost:37899|client:localhost:39537|dataStream:localhost:45577|priority:0, s4|rpc:localhost:41709|admin:localhost:46527|client:localhost:37803|dataStream:localhost:33761|priority:0, s0|rpc:localhost:37741|admin:localhost:46201|client:localhost:46213|dataStream:localhost:44011|priority:0, s1|rpc:localhost:39965|admin:localhost:38809|client:localhost:39467|dataStream:localhost:32971|priority:0, s2|rpc:localhost:33445|admin:localhost:44043|client:localhost:42341|dataStream:localhost:42157|priority:0], old=null
2022-07-14 02:38:25,963 [Thread-29] INFO  server.RaftServer$Division (RaftServerImpl.java:setRole(300)) - s2@group-F163B23E7A07: changes role from CANDIDATE to FOLLOWER at term 1 for appendEntries
2022-07-14 02:38:25,963 [Thread-29] INFO  impl.RoleInfo (RoleInfo.java:shutdownLeaderElection(130)) - s2: shutdown s2@group-F163B23E7A07-LeaderElection3
2022-07-14 02:38:25,964 [Thread-29] INFO  impl.RoleInfo (RoleInfo.java:updateAndGet(139)) - s2: start s2@group-F163B23E7A07-FollowerState
2022-07-14 02:38:25,965 [Thread-29] INFO  server.RaftServer$Division (ServerState.java:setLeader(304)) - s2@group-F163B23E7A07: change Leader from null to s4 at term 1 for appendEntries, leader elected after 45ms
2022-07-14 02:38:26,071 [Thread-1] INFO  server.RaftServer$Division (RaftServerImpl.java:requestVote(1175)) - s3@group-F163B23E7A07: receive requestVote(PRE_VOTE, s2, group-F163B23E7A07, 1, (t:1, i:0))
2022-07-14 02:38:26,072 [Thread-1] INFO  impl.VoteContext (VoteContext.java:log(48)) - s3@group-F163B23E7A07-FOLLOWER: reject PRE_VOTE from s2: this server is a follower and still has a valid leader s4
2022-07-14 02:38:26,072 [Thread-1] INFO  server.RaftServer$Division (RaftServerImpl.java:requestVote(1207)) - s3@group-F163B23E7A07 replies to PRE_VOTE vote request: s2<-s3#0:FAIL-t1. Peer's state: s3@group-F163B23E7A07:t1, leader=s4, voted=s4, raftlog=Memoized:s3@group-F163B23E7A07-SegmentedRaftLog:OPENED:c0, conf=0: [s3|rpc:localhost:40707|admin:localhost:37899|client:localhost:39537|dataStream:localhost:45577|priority:0, s4|rpc:localhost:41709|admin:localhost:46527|client:localhost:37803|dataStream:localhost:33761|priority:0, s0|rpc:localhost:37741|admin:localhost:46201|client:localhost:46213|dataStream:localhost:44011|priority:0, s1|rpc:localhost:39965|admin:localhost:38809|client:localhost:39467|dataStream:localhost:32971|priority:0, s2|rpc:localhost:33445|admin:localhost:44043|client:localhost:42341|dataStream:localhost:42157|priority:0], old=null
2022-07-14 02:38:26,074 [Thread-9] INFO  server.RaftServer$Division (RaftServerImpl.java:requestVote(1175)) - s4@group-F163B23E7A07: receive requestVote(PRE_VOTE, s2, group-F163B23E7A07, 1, (t:1, i:0))
2022-07-14 02:38:26,074 [Thread-16] INFO  server.RaftServer$Division (RaftServerImpl.java:requestVote(1175)) - s0@group-F163B23E7A07: receive requestVote(PRE_VOTE, s2, group-F163B23E7A07, 1, (t:1, i:0))
2022-07-14 02:38:26,074 [Thread-16] INFO  impl.VoteContext (VoteContext.java:log(48)) - s0@group-F163B23E7A07-FOLLOWER: reject PRE_VOTE from s2: this server is a follower and still has a valid leader s4
2022-07-14 02:38:26,075 [Thread-16] INFO  server.RaftServer$Division (RaftServerImpl.java:requestVote(1207)) - s0@group-F163B23E7A07 replies to PRE_VOTE vote request: s2<-s0#0:FAIL-t1. Peer's state: s0@group-F163B23E7A07:t1, leader=s4, voted=s0, raftlog=Memoized:s0@group-F163B23E7A07-SegmentedRaftLog:OPENED:c0, conf=0: [s3|rpc:localhost:40707|admin:localhost:37899|client:localhost:39537|dataStream:localhost:45577|priority:0, s4|rpc:localhost:41709|admin:localhost:46527|client:localhost:37803|dataStream:localhost:33761|priority:0, s0|rpc:localhost:37741|admin:localhost:46201|client:localhost:46213|dataStream:localhost:44011|priority:0, s1|rpc:localhost:39965|admin:localhost:38809|client:localhost:39467|dataStream:localhost:32971|priority:0, s2|rpc:localhost:33445|admin:localhost:44043|client:localhost:42341|dataStream:localhost:42157|priority:0], old=null
2022-07-14 02:38:26,075 [Thread-9] INFO  impl.VoteContext (VoteContext.java:log(48)) - s4@group-F163B23E7A07-LEADER: reject PRE_VOTE from s2: this server is the leader and still has leadership
2022-07-14 02:38:26,075 [Thread-9] INFO  server.RaftServer$Division (RaftServerImpl.java:requestVote(1207)) - s4@group-F163B23E7A07 replies to PRE_VOTE vote request: s2<-s4#0:FAIL-t1. Peer's state: s4@group-F163B23E7A07:t1, leader=s4, voted=s4, raftlog=Memoized:s4@group-F163B23E7A07-SegmentedRaftLog:OPENED:c0, conf=0: [s3|rpc:localhost:40707|admin:localhost:37899|client:localhost:39537|dataStream:localhost:45577|priority:0, s4|rpc:localhost:41709|admin:localhost:46527|client:localhost:37803|dataStream:localhost:33761|priority:0, s0|rpc:localhost:37741|admin:localhost:46201|client:localhost:46213|dataStream:localhost:44011|priority:0, s1|rpc:localhost:39965|admin:localhost:38809|client:localhost:39467|dataStream:localhost:32971|priority:0, s2|rpc:localhost:33445|admin:localhost:44043|client:localhost:42341|dataStream:localhost:42157|priority:0], old=null
2022-07-14 02:38:26,085 [s2@group-F163B23E7A07-LeaderElection3] INFO  impl.LeaderElection (LeaderElection.java:logAndReturn(90)) - s2@group-F163B23E7A07-LeaderElection3: PRE_VOTE REJECTED received 1 response(s) and 0 exception(s):
2022-07-14 02:38:26,086 [s2@group-F163B23E7A07-LeaderElection3] INFO  impl.LeaderElection (LeaderElection.java:logAndReturn(94)) -   Response 0: s2<-s3#0:FAIL-t1
2022-07-14 02:38:26,086 [s2@group-F163B23E7A07-LeaderElection3] INFO  impl.LeaderElection (LeaderElection.java:askForVotes(312)) - s2@group-F163B23E7A07-LeaderElection3 PRE_VOTE round 0: result REJECTED
2022-07-14 02:38:26,127 [s2@group-F163B23E7A07-FollowerState] INFO  impl.FollowerState (FollowerState.java:run(143)) - s2@group-F163B23E7A07-FollowerState: change to CANDIDATE, lastRpcElapsedTime:161030609ns, electionTimeout:161ms
2022-07-14 02:38:26,127 [s2@group-F163B23E7A07-FollowerState] INFO  impl.RoleInfo (RoleInfo.java:shutdownFollowerState(110)) - s2: shutdown s2@group-F163B23E7A07-FollowerState
2022-07-14 02:38:26,127 [s2@group-F163B23E7A07-FollowerState] INFO  server.RaftServer$Division (RaftServerImpl.java:setRole(300)) - s2@group-F163B23E7A07: changes role from  FOLLOWER to CANDIDATE at term 1 for changeToCandidate
2022-07-14 02:38:26,127 [s2@group-F163B23E7A07-FollowerState] INFO  server.RaftServerConfigKeys (ConfUtils.java:logGet(46)) - raft.server.leaderelection.pre-vote = true (default)
2022-07-14 02:38:26,128 [s2@group-F163B23E7A07-FollowerState] INFO  impl.RoleInfo (RoleInfo.java:updateAndGet(139)) - s2: start s2@group-F163B23E7A07-LeaderElection4
2022-07-14 02:38:26,128 [s2@group-F163B23E7A07-LeaderElection4] INFO  server.RaftServer$Division (ServerState.java:setLeader(304)) - s2@group-F163B23E7A07: change Leader from s4 to null at term 1 for PRE_VOTE
2022-07-14 02:38:26,128 [s2@group-F163B23E7A07-LeaderElection4] INFO  impl.LeaderElection (LeaderElection.java:askForVotes(310)) - s2@group-F163B23E7A07-LeaderElection4 PRE_VOTE round 0: submit vote requests at term 1 for 0: [s3|rpc:localhost:40707|admin:localhost:37899|client:localhost:39537|dataStream:localhost:45577|priority:0, s4|rpc:localhost:41709|admin:localhost:46527|client:localhost:37803|dataStream:localhost:33761|priority:0, s0|rpc:localhost:37741|admin:localhost:46201|client:localhost:46213|dataStream:localhost:44011|priority:0, s1|rpc:localhost:39965|admin:localhost:38809|client:localhost:39467|dataStream:localhost:32971|priority:0, s2|rpc:localhost:33445|admin:localhost:44043|client:localhost:42341|dataStream:localhost:42157|priority:0], old=null
2022-07-14 02:38:26,201 [Time-limited test] INFO  server.RaftServerConfigKeys (ConfUtils.java:logGet(46)) - raft.server.rpc.timeout.max = 300ms (default)
2022-07-14 02:38:26,209 [Thread-30] INFO  server.RaftServer$Division (RaftServerImpl.java:setRole(300)) - s2@group-F163B23E7A07: changes role from CANDIDATE to FOLLOWER at term 1 for appendEntries
2022-07-14 02:38:26,209 [Thread-30] INFO  impl.RoleInfo (RoleInfo.java:shutdownLeaderElection(130)) - s2: shutdown s2@group-F163B23E7A07-LeaderElection4
2022-07-14 02:38:26,209 [Thread-30] INFO  impl.RoleInfo (RoleInfo.java:updateAndGet(139)) - s2: start s2@group-F163B23E7A07-FollowerState
2022-07-14 02:38:26,209 [Thread-30] INFO  server.RaftServer$Division (ServerState.java:setLeader(304)) - s2@group-F163B23E7A07: change Leader from null to s4 at term 1 for appendEntries, leader elected after 81ms
2022-07-14 02:38:26,225 [Thread-21] INFO  server.RaftServer$Division (RaftServerImpl.java:requestVote(1175)) - s1@group-F163B23E7A07: receive requestVote(PRE_VOTE, s2, group-F163B23E7A07, 1, (t:1, i:0))
2022-07-14 02:38:26,225 [Thread-21] INFO  impl.VoteContext (VoteContext.java:log(48)) - s1@group-F163B23E7A07-FOLLOWER: accept PRE_VOTE from s2: our priority 0 <= candidate's priority 0
2022-07-14 02:38:26,225 [Thread-21] INFO  server.RaftServer$Division (RaftServerImpl.java:requestVote(1207)) - s1@group-F163B23E7A07 replies to PRE_VOTE vote request: s2<-s1#0:OK-t1. Peer's state: s1@group-F163B23E7A07:t1, leader=s4, voted=s4, raftlog=Memoized:s1@group-F163B23E7A07-SegmentedRaftLog:OPENED:c-1, conf=0: [s3|rpc:localhost:40707|admin:localhost:37899|client:localhost:39537|dataStream:localhost:45577|priority:0, s4|rpc:localhost:41709|admin:localhost:46527|client:localhost:37803|dataStream:localhost:33761|priority:0, s0|rpc:localhost:37741|admin:localhost:46201|client:localhost:46213|dataStream:localhost:44011|priority:0, s1|rpc:localhost:39965|admin:localhost:38809|client:localhost:39467|dataStream:localhost:32971|priority:0, s2|rpc:localhost:33445|admin:localhost:44043|client:localhost:42341|dataStream:localhost:42157|priority:0], old=null
2022-07-14 02:38:26,279 [Thread-2] INFO  server.RaftServer$Division (RaftServerImpl.java:requestVote(1175)) - s3@group-F163B23E7A07: receive requestVote(PRE_VOTE, s2, group-F163B23E7A07, 1, (t:1, i:0))
2022-07-14 02:38:26,279 [Thread-2] INFO  impl.VoteContext (VoteContext.java:log(48)) - s3@group-F163B23E7A07-FOLLOWER: reject PRE_VOTE from s2: this server is a follower and still has a valid leader s4
2022-07-14 02:38:26,280 [Thread-7] INFO  server.RaftServer$Division (RaftServerImpl.java:requestVote(1175)) - s4@group-F163B23E7A07: receive requestVote(PRE_VOTE, s2, group-F163B23E7A07, 1, (t:1, i:0))
2022-07-14 02:38:26,280 [Thread-2] INFO  server.RaftServer$Division (RaftServerImpl.java:requestVote(1207)) - s3@group-F163B23E7A07 replies to PRE_VOTE vote request: s2<-s3#0:FAIL-t1. Peer's state: s3@group-F163B23E7A07:t1, leader=s4, voted=s4, raftlog=Memoized:s3@group-F163B23E7A07-SegmentedRaftLog:OPENED:c0, conf=0: [s3|rpc:localhost:40707|admin:localhost:37899|client:localhost:39537|dataStream:localhost:45577|priority:0, s4|rpc:localhost:41709|admin:localhost:46527|client:localhost:37803|dataStream:localhost:33761|priority:0, s0|rpc:localhost:37741|admin:localhost:46201|client:localhost:46213|dataStream:localhost:44011|priority:0, s1|rpc:localhost:39965|admin:localhost:38809|client:localhost:39467|dataStream:localhost:32971|priority:0, s2|rpc:localhost:33445|admin:localhost:44043|client:localhost:42341|dataStream:localhost:42157|priority:0], old=null
2022-07-14 02:38:26,280 [Thread-7] INFO  impl.VoteContext (VoteContext.java:log(48)) - s4@group-F163B23E7A07-LEADER: reject PRE_VOTE from s2: this server is the leader and still has leadership
2022-07-14 02:38:26,280 [Thread-7] INFO  server.RaftServer$Division (RaftServerImpl.java:requestVote(1207)) - s4@group-F163B23E7A07 replies to PRE_VOTE vote request: s2<-s4#0:FAIL-t1. Peer's state: s4@group-F163B23E7A07:t1, leader=s4, voted=s4, raftlog=Memoized:s4@group-F163B23E7A07-SegmentedRaftLog:OPENED:c0, conf=0: [s3|rpc:localhost:40707|admin:localhost:37899|client:localhost:39537|dataStream:localhost:45577|priority:0, s4|rpc:localhost:41709|admin:localhost:46527|client:localhost:37803|dataStream:localhost:33761|priority:0, s0|rpc:localhost:37741|admin:localhost:46201|client:localhost:46213|dataStream:localhost:44011|priority:0, s1|rpc:localhost:39965|admin:localhost:38809|client:localhost:39467|dataStream:localhost:32971|priority:0, s2|rpc:localhost:33445|admin:localhost:44043|client:localhost:42341|dataStream:localhost:42157|priority:0], old=null
2022-07-14 02:38:26,280 [Thread-15] INFO  server.RaftServer$Division (RaftServerImpl.java:requestVote(1175)) - s0@group-F163B23E7A07: receive requestVote(PRE_VOTE, s2, group-F163B23E7A07, 1, (t:1, i:0))
2022-07-14 02:38:26,280 [Thread-15] INFO  impl.VoteContext (VoteContext.java:log(48)) - s0@group-F163B23E7A07-FOLLOWER: reject PRE_VOTE from s2: this server is a follower and still has a valid leader s4
2022-07-14 02:38:26,281 [Thread-15] INFO  server.RaftServer$Division (RaftServerImpl.java:requestVote(1207)) - s0@group-F163B23E7A07 replies to PRE_VOTE vote request: s2<-s0#0:FAIL-t1. Peer's state: s0@group-F163B23E7A07:t1, leader=s4, voted=s0, raftlog=Memoized:s0@group-F163B23E7A07-SegmentedRaftLog:OPENED:c0, conf=0: [s3|rpc:localhost:40707|admin:localhost:37899|client:localhost:39537|dataStream:localhost:45577|priority:0, s4|rpc:localhost:41709|admin:localhost:46527|client:localhost:37803|dataStream:localhost:33761|priority:0, s0|rpc:localhost:37741|admin:localhost:46201|client:localhost:46213|dataStream:localhost:44011|priority:0, s1|rpc:localhost:39965|admin:localhost:38809|client:localhost:39467|dataStream:localhost:32971|priority:0, s2|rpc:localhost:33445|admin:localhost:44043|client:localhost:42341|dataStream:localhost:42157|priority:0], old=null
2022-07-14 02:38:26,297 [s2@group-F163B23E7A07-LeaderElection4] INFO  impl.LeaderElection (LeaderElection.java:logAndReturn(90)) - s2@group-F163B23E7A07-LeaderElection4: PRE_VOTE REJECTED received 1 response(s) and 0 exception(s):
2022-07-14 02:38:26,297 [s2@group-F163B23E7A07-LeaderElection4] INFO  impl.LeaderElection (LeaderElection.java:logAndReturn(94)) -   Response 0: s2<-s4#0:FAIL-t1
2022-07-14 02:38:26,297 [s2@group-F163B23E7A07-LeaderElection4] INFO  impl.LeaderElection (LeaderElection.java:askForVotes(312)) - s2@group-F163B23E7A07-LeaderElection4 PRE_VOTE round 0: result REJECTED
2022-07-14 02:38:26,430 [Thread-23] INFO  server.RaftServer$Division (RaftServerImpl.java:requestVote(1175)) - s1@group-F163B23E7A07: receive requestVote(PRE_VOTE, s2, group-F163B23E7A07, 1, (t:1, i:0))
2022-07-14 02:38:26,430 [Thread-23] INFO  impl.VoteContext (VoteContext.java:log(48)) - s1@group-F163B23E7A07-FOLLOWER: reject PRE_VOTE from s2: this server is a follower and still has a valid leader s4
2022-07-14 02:38:26,430 [Thread-23] INFO  server.RaftServer$Division (RaftServerImpl.java:requestVote(1207)) - s1@group-F163B23E7A07 replies to PRE_VOTE vote request: s2<-s1#0:FAIL-t1. Peer's state: s1@group-F163B23E7A07:t1, leader=s4, voted=s4, raftlog=Memoized:s1@group-F163B23E7A07-SegmentedRaftLog:OPENED:c0, conf=0: [s3|rpc:localhost:40707|admin:localhost:37899|client:localhost:39537|dataStream:localhost:45577|priority:0, s4|rpc:localhost:41709|admin:localhost:46527|client:localhost:37803|dataStream:localhost:33761|priority:0, s0|rpc:localhost:37741|admin:localhost:46201|client:localhost:46213|dataStream:localhost:44011|priority:0, s1|rpc:localhost:39965|admin:localhost:38809|client:localhost:39467|dataStream:localhost:32971|priority:0, s2|rpc:localhost:33445|admin:localhost:44043|client:localhost:42341|dataStream:localhost:42157|priority:0], old=null
2022-07-14 02:38:26,652 [Time-limited test] INFO  simulation.TestLeaderElectionWithSimulatedRpc (LeaderElectionTests.java:enforceLeader(243)) - try enforcing leader to s1 but new leader is s4
2022-07-14 02:38:26,652 [Time-limited test] INFO  server.RaftServerConfigKeys (ConfUtils.java:logGet(46)) - raft.server.rpc.timeout.max = 300ms (default)
2022-07-14 02:38:27,002 [s1@group-F163B23E7A07-FollowerState] INFO  impl.FollowerState (FollowerState.java:run(143)) - s1@group-F163B23E7A07-FollowerState: change to CANDIDATE, lastRpcElapsedTime:415077428ns, electionTimeout:296ms
2022-07-14 02:38:27,002 [s1@group-F163B23E7A07-FollowerState] INFO  impl.RoleInfo (RoleInfo.java:shutdownFollowerState(110)) - s1: shutdown s1@group-F163B23E7A07-FollowerState
2022-07-14 02:38:27,002 [s1@group-F163B23E7A07-FollowerState] INFO  server.RaftServer$Division (RaftServerImpl.java:setRole(300)) - s1@group-F163B23E7A07: changes role from  FOLLOWER to CANDIDATE at term 1 for changeToCandidate
2022-07-14 02:38:27,002 [s1@group-F163B23E7A07-FollowerState] INFO  server.RaftServerConfigKeys (ConfUtils.java:logGet(46)) - raft.server.leaderelection.pre-vote = true (default)
2022-07-14 02:38:27,002 [s1@group-F163B23E7A07-FollowerState] INFO  impl.RoleInfo (RoleInfo.java:updateAndGet(139)) - s1: start s1@group-F163B23E7A07-LeaderElection5
2022-07-14 02:38:27,003 [s1@group-F163B23E7A07-LeaderElection5] INFO  server.RaftServer$Division (ServerState.java:setLeader(304)) - s1@group-F163B23E7A07: change Leader from s4 to null at term 1 for PRE_VOTE
2022-07-14 02:38:27,003 [s1@group-F163B23E7A07-LeaderElection5] INFO  impl.LeaderElection (LeaderElection.java:askForVotes(310)) - s1@group-F163B23E7A07-LeaderElection5 PRE_VOTE round 0: submit vote requests at term 1 for 0: [s3|rpc:localhost:40707|admin:localhost:37899|client:localhost:39537|dataStream:localhost:45577|priority:0, s4|rpc:localhost:41709|admin:localhost:46527|client:localhost:37803|dataStream:localhost:33761|priority:0, s0|rpc:localhost:37741|admin:localhost:46201|client:localhost:46213|dataStream:localhost:44011|priority:0, s1|rpc:localhost:39965|admin:localhost:38809|client:localhost:39467|dataStream:localhost:32971|priority:0, s2|rpc:localhost:33445|admin:localhost:44043|client:localhost:42341|dataStream:localhost:42157|priority:0], old=null
2022-07-14 02:38:27,103 [Time-limited test] INFO  server.RaftServerConfigKeys (ConfUtils.java:logGet(46)) - raft.server.rpc.timeout.max = 300ms (default)
2022-07-14 02:38:27,154 [Thread-8] INFO  server.RaftServer$Division (RaftServerImpl.java:requestVote(1175)) - s4@group-F163B23E7A07: receive requestVote(PRE_VOTE, s1, group-F163B23E7A07, 1, (t:1, i:0))
2022-07-14 02:38:27,154 [Thread-8] INFO  impl.VoteContext (VoteContext.java:log(48)) - s4@group-F163B23E7A07-LEADER: reject PRE_VOTE from s1: this server is the leader and still has leadership
2022-07-14 02:38:27,155 [Thread-16] INFO  server.RaftServer$Division (RaftServerImpl.java:requestVote(1175)) - s0@group-F163B23E7A07: receive requestVote(PRE_VOTE, s1, group-F163B23E7A07, 1, (t:1, i:0))
2022-07-14 02:38:27,155 [Thread-1] INFO  server.RaftServer$Division (RaftServerImpl.java:requestVote(1175)) - s3@group-F163B23E7A07: receive requestVote(PRE_VOTE, s1, group-F163B23E7A07, 1, (t:1, i:0))
2022-07-14 02:38:27,155 [Thread-1] INFO  impl.VoteContext (VoteContext.java:log(48)) - s3@group-F163B23E7A07-FOLLOWER: reject PRE_VOTE from s1: this server is a follower and still has a valid leader s4
2022-07-14 02:38:27,155 [Thread-1] INFO  server.RaftServer$Division (RaftServerImpl.java:requestVote(1207)) - s3@group-F163B23E7A07 replies to PRE_VOTE vote request: s1<-s3#0:FAIL-t1. Peer's state: s3@group-F163B23E7A07:t1, leader=s4, voted=s4, raftlog=Memoized:s3@group-F163B23E7A07-SegmentedRaftLog:OPENED:c0, conf=0: [s3|rpc:localhost:40707|admin:localhost:37899|client:localhost:39537|dataStream:localhost:45577|priority:0, s4|rpc:localhost:41709|admin:localhost:46527|client:localhost:37803|dataStream:localhost:33761|priority:0, s0|rpc:localhost:37741|admin:localhost:46201|client:localhost:46213|dataStream:localhost:44011|priority:0, s1|rpc:localhost:39965|admin:localhost:38809|client:localhost:39467|dataStream:localhost:32971|priority:0, s2|rpc:localhost:33445|admin:localhost:44043|client:localhost:42341|dataStream:localhost:42157|priority:0], old=null
2022-07-14 02:38:27,155 [Thread-8] INFO  server.RaftServer$Division (RaftServerImpl.java:requestVote(1207)) - s4@group-F163B23E7A07 replies to PRE_VOTE vote request: s1<-s4#0:FAIL-t1. Peer's state: s4@group-F163B23E7A07:t1, leader=s4, voted=s4, raftlog=Memoized:s4@group-F163B23E7A07-SegmentedRaftLog:OPENED:c0, conf=0: [s3|rpc:localhost:40707|admin:localhost:37899|client:localhost:39537|dataStream:localhost:45577|priority:0, s4|rpc:localhost:41709|admin:localhost:46527|client:localhost:37803|dataStream:localhost:33761|priority:0, s0|rpc:localhost:37741|admin:localhost:46201|client:localhost:46213|dataStream:localhost:44011|priority:0, s1|rpc:localhost:39965|admin:localhost:38809|client:localhost:39467|dataStream:localhost:32971|priority:0, s2|rpc:localhost:33445|admin:localhost:44043|client:localhost:42341|dataStream:localhost:42157|priority:0], old=null
2022-07-14 02:38:27,155 [Thread-31] INFO  server.RaftServer$Division (RaftServerImpl.java:requestVote(1175)) - s2@group-F163B23E7A07: receive requestVote(PRE_VOTE, s1, group-F163B23E7A07, 1, (t:1, i:0))
2022-07-14 02:38:27,156 [Thread-31] INFO  impl.VoteContext (VoteContext.java:log(48)) - s2@group-F163B23E7A07-FOLLOWER: reject PRE_VOTE from s1: this server is a follower and still has a valid leader s4
2022-07-14 02:38:27,156 [Thread-31] INFO  server.RaftServer$Division (RaftServerImpl.java:requestVote(1207)) - s2@group-F163B23E7A07 replies to PRE_VOTE vote request: s1<-s2#0:FAIL-t1. Peer's state: s2@group-F163B23E7A07:t1, leader=s4, voted=s4, raftlog=Memoized:s2@group-F163B23E7A07-SegmentedRaftLog:OPENED:c0, conf=0: [s3|rpc:localhost:40707|admin:localhost:37899|client:localhost:39537|dataStream:localhost:45577|priority:0, s4|rpc:localhost:41709|admin:localhost:46527|client:localhost:37803|dataStream:localhost:33761|priority:0, s0|rpc:localhost:37741|admin:localhost:46201|client:localhost:46213|dataStream:localhost:44011|priority:0, s1|rpc:localhost:39965|admin:localhost:38809|client:localhost:39467|dataStream:localhost:32971|priority:0, s2|rpc:localhost:33445|admin:localhost:44043|client:localhost:42341|dataStream:localhost:42157|priority:0], old=null
2022-07-14 02:38:27,155 [Thread-16] INFO  impl.VoteContext (VoteContext.java:log(48)) - s0@group-F163B23E7A07-FOLLOWER: reject PRE_VOTE from s1: this server is a follower and still has a valid leader s4
2022-07-14 02:38:27,156 [Thread-16] INFO  server.RaftServer$Division (RaftServerImpl.java:requestVote(1207)) - s0@group-F163B23E7A07 replies to PRE_VOTE vote request: s1<-s0#0:FAIL-t1. Peer's state: s0@group-F163B23E7A07:t1, leader=s4, voted=s0, raftlog=Memoized:s0@group-F163B23E7A07-SegmentedRaftLog:OPENED:c0, conf=0: [s3|rpc:localhost:40707|admin:localhost:37899|client:localhost:39537|dataStream:localhost:45577|priority:0, s4|rpc:localhost:41709|admin:localhost:46527|client:localhost:37803|dataStream:localhost:33761|priority:0, s0|rpc:localhost:37741|admin:localhost:46201|client:localhost:46213|dataStream:localhost:44011|priority:0, s1|rpc:localhost:39965|admin:localhost:38809|client:localhost:39467|dataStream:localhost:32971|priority:0, s2|rpc:localhost:33445|admin:localhost:44043|client:localhost:42341|dataStream:localhost:42157|priority:0], old=null
2022-07-14 02:38:27,169 [s1@group-F163B23E7A07-LeaderElection5] INFO  impl.LeaderElection (LeaderElection.java:logAndReturn(90)) - s1@group-F163B23E7A07-LeaderElection5: PRE_VOTE REJECTED received 3 response(s) and 0 exception(s):
2022-07-14 02:38:27,169 [s1@group-F163B23E7A07-LeaderElection5] INFO  impl.LeaderElection (LeaderElection.java:logAndReturn(94)) -   Response 0: s1<-s3#0:FAIL-t1
2022-07-14 02:38:27,169 [s1@group-F163B23E7A07-LeaderElection5] INFO  impl.LeaderElection (LeaderElection.java:logAndReturn(94)) -   Response 1: s1<-s4#0:FAIL-t1
2022-07-14 02:38:27,170 [s1@group-F163B23E7A07-LeaderElection5] INFO  impl.LeaderElection (LeaderElection.java:logAndReturn(94)) -   Response 2: s1<-s0#0:FAIL-t1
2022-07-14 02:38:27,170 [s1@group-F163B23E7A07-LeaderElection5] INFO  impl.LeaderElection (LeaderElection.java:askForVotes(312)) - s1@group-F163B23E7A07-LeaderElection5 PRE_VOTE round 0: result REJECTED
2022-07-14 02:38:27,170 [s1@group-F163B23E7A07-LeaderElection5] INFO  server.RaftServer$Division (RaftServerImpl.java:setRole(300)) - s1@group-F163B23E7A07: changes role from CANDIDATE to FOLLOWER at term 1 for REJECTED
2022-07-14 02:38:27,170 [s1@group-F163B23E7A07-LeaderElection5] INFO  impl.RoleInfo (RoleInfo.java:shutdownLeaderElection(130)) - s1: shutdown s1@group-F163B23E7A07-LeaderElection5
2022-07-14 02:38:27,170 [s1@group-F163B23E7A07-LeaderElection5] INFO  impl.RoleInfo (RoleInfo.java:updateAndGet(139)) - s1: start s1@group-F163B23E7A07-FollowerState
2022-07-14 02:38:27,276 [Thread-23] INFO  server.RaftServer$Division (ServerState.java:setLeader(304)) - s1@group-F163B23E7A07: change Leader from null to s4 at term 1 for appendEntries, leader elected after 273ms
2022-07-14 02:38:27,554 [Time-limited test] INFO  simulation.TestLeaderElectionWithSimulatedRpc (LeaderElectionTests.java:enforceLeader(243)) - try enforcing leader to s1 but new leader is s4
2022-07-14 02:38:27,554 [Time-limited test] INFO  server.RaftServerConfigKeys (ConfUtils.java:logGet(46)) - raft.server.rpc.timeout.max = 300ms (default)
2022-07-14 02:38:27,825 [s1@group-F163B23E7A07-FollowerState] INFO  impl.FollowerState (FollowerState.java:run(143)) - s1@group-F163B23E7A07-FollowerState: change to CANDIDATE, lastRpcElapsedTime:275075031ns, electionTimeout:190ms
2022-07-14 02:38:27,825 [s1@group-F163B23E7A07-FollowerState] INFO  impl.RoleInfo (RoleInfo.java:shutdownFollowerState(110)) - s1: shutdown s1@group-F163B23E7A07-FollowerState
2022-07-14 02:38:27,825 [s1@group-F163B23E7A07-FollowerState] INFO  server.RaftServer$Division (RaftServerImpl.java:setRole(300)) - s1@group-F163B23E7A07: changes role from  FOLLOWER to CANDIDATE at term 1 for changeToCandidate
2022-07-14 02:38:27,826 [s1@group-F163B23E7A07-FollowerState] INFO  server.RaftServerConfigKeys (ConfUtils.java:logGet(46)) - raft.server.leaderelection.pre-vote = true (default)
2022-07-14 02:38:27,826 [s1@group-F163B23E7A07-FollowerState] INFO  impl.RoleInfo (RoleInfo.java:updateAndGet(139)) - s1: start s1@group-F163B23E7A07-LeaderElection6
2022-07-14 02:38:27,826 [s1@group-F163B23E7A07-LeaderElection6] INFO  server.RaftServer$Division (ServerState.java:setLeader(304)) - s1@group-F163B23E7A07: change Leader from s4 to null at term 1 for PRE_VOTE
2022-07-14 02:38:27,826 [s1@group-F163B23E7A07-LeaderElection6] INFO  impl.LeaderElection (LeaderElection.java:askForVotes(310)) - s1@group-F163B23E7A07-LeaderElection6 PRE_VOTE round 0: submit vote requests at term 1 for 0: [s3|rpc:localhost:40707|admin:localhost:37899|client:localhost:39537|dataStream:localhost:45577|priority:0, s4|rpc:localhost:41709|admin:localhost:46527|client:localhost:37803|dataStream:localhost:33761|priority:0, s0|rpc:localhost:37741|admin:localhost:46201|client:localhost:46213|dataStream:localhost:44011|priority:0, s1|rpc:localhost:39965|admin:localhost:38809|client:localhost:39467|dataStream:localhost:32971|priority:0, s2|rpc:localhost:33445|admin:localhost:44043|client:localhost:42341|dataStream:localhost:42157|priority:0], old=null
2022-07-14 02:38:27,978 [Thread-0] INFO  server.RaftServer$Division (RaftServerImpl.java:requestVote(1175)) - s3@group-F163B23E7A07: receive requestVote(PRE_VOTE, s1, group-F163B23E7A07, 1, (t:1, i:0))
2022-07-14 02:38:27,978 [Thread-0] INFO  impl.VoteContext (VoteContext.java:log(48)) - s3@group-F163B23E7A07-FOLLOWER: accept PRE_VOTE from s1: our priority 0 <= candidate's priority 0
2022-07-14 02:38:27,978 [Thread-0] INFO  server.RaftServer$Division (RaftServerImpl.java:requestVote(1207)) - s3@group-F163B23E7A07 replies to PRE_VOTE vote request: s1<-s3#0:OK-t1. Peer's state: s3@group-F163B23E7A07:t1, leader=s4, voted=s4, raftlog=Memoized:s3@group-F163B23E7A07-SegmentedRaftLog:OPENED:c0, conf=0: [s3|rpc:localhost:40707|admin:localhost:37899|client:localhost:39537|dataStream:localhost:45577|priority:0, s4|rpc:localhost:41709|admin:localhost:46527|client:localhost:37803|dataStream:localhost:33761|priority:0, s0|rpc:localhost:37741|admin:localhost:46201|client:localhost:46213|dataStream:localhost:44011|priority:0, s1|rpc:localhost:39965|admin:localhost:38809|client:localhost:39467|dataStream:localhost:32971|priority:0, s2|rpc:localhost:33445|admin:localhost:44043|client:localhost:42341|dataStream:localhost:42157|priority:0], old=null
2022-07-14 02:38:27,978 [Thread-29] INFO  server.RaftServer$Division (RaftServerImpl.java:requestVote(1175)) - s2@group-F163B23E7A07: receive requestVote(PRE_VOTE, s1, group-F163B23E7A07, 1, (t:1, i:0))
2022-07-14 02:38:27,979 [Thread-14] INFO  server.RaftServer$Division (RaftServerImpl.java:requestVote(1175)) - s0@group-F163B23E7A07: receive requestVote(PRE_VOTE, s1, group-F163B23E7A07, 1, (t:1, i:0))
2022-07-14 02:38:27,979 [Thread-29] INFO  impl.VoteContext (VoteContext.java:log(48)) - s2@group-F163B23E7A07-FOLLOWER: accept PRE_VOTE from s1: our priority 0 <= candidate's priority 0
2022-07-14 02:38:27,979 [Thread-14] INFO  impl.VoteContext (VoteContext.java:log(48)) - s0@group-F163B23E7A07-FOLLOWER: accept PRE_VOTE from s1: our priority 0 <= candidate's priority 0
2022-07-14 02:38:27,979 [Thread-29] INFO  server.RaftServer$Division (RaftServerImpl.java:requestVote(1207)) - s2@group-F163B23E7A07 replies to PRE_VOTE vote request: s1<-s2#0:OK-t1. Peer's state: s2@group-F163B23E7A07:t1, leader=s4, voted=s4, raftlog=Memoized:s2@group-F163B23E7A07-SegmentedRaftLog:OPENED:c0, conf=0: [s3|rpc:localhost:40707|admin:localhost:37899|client:localhost:39537|dataStream:localhost:45577|priority:0, s4|rpc:localhost:41709|admin:localhost:46527|client:localhost:37803|dataStream:localhost:33761|priority:0, s0|rpc:localhost:37741|admin:localhost:46201|client:localhost:46213|dataStream:localhost:44011|priority:0, s1|rpc:localhost:39965|admin:localhost:38809|client:localhost:39467|dataStream:localhost:32971|priority:0, s2|rpc:localhost:33445|admin:localhost:44043|client:localhost:42341|dataStream:localhost:42157|priority:0], old=null
2022-07-14 02:38:27,979 [Thread-14] INFO  server.RaftServer$Division (RaftServerImpl.java:requestVote(1207)) - s0@group-F163B23E7A07 replies to PRE_VOTE vote request: s1<-s0#0:OK-t1. Peer's state: s0@group-F163B23E7A07:t1, leader=s4, voted=s0, raftlog=Memoized:s0@group-F163B23E7A07-SegmentedRaftLog:OPENED:c0, conf=0: [s3|rpc:localhost:40707|admin:localhost:37899|client:localhost:39537|dataStream:localhost:45577|priority:0, s4|rpc:localhost:41709|admin:localhost:46527|client:localhost:37803|dataStream:localhost:33761|priority:0, s0|rpc:localhost:37741|admin:localhost:46201|client:localhost:46213|dataStream:localhost:44011|priority:0, s1|rpc:localhost:39965|admin:localhost:38809|client:localhost:39467|dataStream:localhost:32971|priority:0, s2|rpc:localhost:33445|admin:localhost:44043|client:localhost:42341|dataStream:localhost:42157|priority:0], old=null
2022-07-14 02:38:27,979 [Thread-9] INFO  server.RaftServer$Division (RaftServerImpl.java:requestVote(1175)) - s4@group-F163B23E7A07: receive requestVote(PRE_VOTE, s1, group-F163B23E7A07, 1, (t:1, i:0))
2022-07-14 02:38:27,979 [Thread-9] INFO  impl.VoteContext (VoteContext.java:log(48)) - s4@group-F163B23E7A07-LEADER: reject PRE_VOTE from s1: this server is the leader and still has leadership
2022-07-14 02:38:27,980 [Thread-9] INFO  server.RaftServer$Division (RaftServerImpl.java:requestVote(1207)) - s4@group-F163B23E7A07 replies to PRE_VOTE vote request: s1<-s4#0:FAIL-t1. Peer's state: s4@group-F163B23E7A07:t1, leader=s4, voted=s4, raftlog=Memoized:s4@group-F163B23E7A07-SegmentedRaftLog:OPENED:c0, conf=0: [s3|rpc:localhost:40707|admin:localhost:37899|client:localhost:39537|dataStream:localhost:45577|priority:0, s4|rpc:localhost:41709|admin:localhost:46527|client:localhost:37803|dataStream:localhost:33761|priority:0, s0|rpc:localhost:37741|admin:localhost:46201|client:localhost:46213|dataStream:localhost:44011|priority:0, s1|rpc:localhost:39965|admin:localhost:38809|client:localhost:39467|dataStream:localhost:32971|priority:0, s2|rpc:localhost:33445|admin:localhost:44043|client:localhost:42341|dataStream:localhost:42157|priority:0], old=null
2022-07-14 02:38:27,991 [s1@group-F163B23E7A07-LeaderElection6] INFO  impl.LeaderElection (LeaderElection.java:logAndReturn(90)) - s1@group-F163B23E7A07-LeaderElection6: PRE_VOTE TIMEOUT received 1 response(s) and 0 exception(s):
2022-07-14 02:38:27,991 [s1@group-F163B23E7A07-LeaderElection6] INFO  impl.LeaderElection (LeaderElection.java:logAndReturn(94)) -   Response 0: s1<-s4#0:FAIL-t1
2022-07-14 02:38:27,991 [s1@group-F163B23E7A07-LeaderElection6] INFO  impl.LeaderElection (LeaderElection.java:askForVotes(312)) - s1@group-F163B23E7A07-LeaderElection6 PRE_VOTE round 0: result TIMEOUT
2022-07-14 02:38:27,991 [s1@group-F163B23E7A07-LeaderElection6] INFO  impl.LeaderElection (LeaderElection.java:askForVotes(310)) - s1@group-F163B23E7A07-LeaderElection6 PRE_VOTE round 1: submit vote requests at term 1 for 0: [s3|rpc:localhost:40707|admin:localhost:37899|client:localhost:39537|dataStream:localhost:45577|priority:0, s4|rpc:localhost:41709|admin:localhost:46527|client:localhost:37803|dataStream:localhost:33761|priority:0, s0|rpc:localhost:37741|admin:localhost:46201|client:localhost:46213|dataStream:localhost:44011|priority:0, s1|rpc:localhost:39965|admin:localhost:38809|client:localhost:39467|dataStream:localhost:32971|priority:0, s2|rpc:localhost:33445|admin:localhost:44043|client:localhost:42341|dataStream:localhost:42157|priority:0], old=null
2022-07-14 02:38:28,005 [Time-limited test] INFO  server.RaftServerConfigKeys (ConfUtils.java:logGet(46)) - raft.server.rpc.timeout.max = 300ms (default)
2022-07-14 02:38:28,142 [Thread-1] INFO  server.RaftServer$Division (RaftServerImpl.java:requestVote(1175)) - s3@group-F163B23E7A07: receive requestVote(PRE_VOTE, s1, group-F163B23E7A07, 1, (t:1, i:0))
2022-07-14 02:38:28,142 [Thread-16] INFO  server.RaftServer$Division (RaftServerImpl.java:requestVote(1175)) - s0@group-F163B23E7A07: receive requestVote(PRE_VOTE, s1, group-F163B23E7A07, 1, (t:1, i:0))
2022-07-14 02:38:28,142 [Thread-16] INFO  impl.VoteContext (VoteContext.java:log(48)) - s0@group-F163B23E7A07-FOLLOWER: reject PRE_VOTE from s1: this server is a follower and still has a valid leader s4
2022-07-14 02:38:28,143 [Thread-16] INFO  server.RaftServer$Division (RaftServerImpl.java:requestVote(1207)) - s0@group-F163B23E7A07 replies to PRE_VOTE vote request: s1<-s0#0:FAIL-t1. Peer's state: s0@group-F163B23E7A07:t1, leader=s4, voted=s0, raftlog=Memoized:s0@group-F163B23E7A07-SegmentedRaftLog:OPENED:c0, conf=0: [s3|rpc:localhost:40707|admin:localhost:37899|client:localhost:39537|dataStream:localhost:45577|priority:0, s4|rpc:localhost:41709|admin:localhost:46527|client:localhost:37803|dataStream:localhost:33761|priority:0, s0|rpc:localhost:37741|admin:localhost:46201|client:localhost:46213|dataStream:localhost:44011|priority:0, s1|rpc:localhost:39965|admin:localhost:38809|client:localhost:39467|dataStream:localhost:32971|priority:0, s2|rpc:localhost:33445|admin:localhost:44043|client:localhost:42341|dataStream:localhost:42157|priority:0], old=null
2022-07-14 02:38:28,143 [Thread-31] INFO  server.RaftServer$Division (RaftServerImpl.java:requestVote(1175)) - s2@group-F163B23E7A07: receive requestVote(PRE_VOTE, s1, group-F163B23E7A07, 1, (t:1, i:0))
2022-07-14 02:38:28,143 [Thread-31] INFO  impl.VoteContext (VoteContext.java:log(48)) - s2@group-F163B23E7A07-FOLLOWER: reject PRE_VOTE from s1: this server is a follower and still has a valid leader s4
2022-07-14 02:38:28,143 [Thread-31] INFO  server.RaftServer$Division (RaftServerImpl.java:requestVote(1207)) - s2@group-F163B23E7A07 replies to PRE_VOTE vote request: s1<-s2#0:FAIL-t1. Peer's state: s2@group-F163B23E7A07:t1, leader=s4, voted=s4, raftlog=Memoized:s2@group-F163B23E7A07-SegmentedRaftLog:OPENED:c0, conf=0: [s3|rpc:localhost:40707|admin:localhost:37899|client:localhost:39537|dataStream:localhost:45577|priority:0, s4|rpc:localhost:41709|admin:localhost:46527|client:localhost:37803|dataStream:localhost:33761|priority:0, s0|rpc:localhost:37741|admin:localhost:46201|client:localhost:46213|dataStream:localhost:44011|priority:0, s1|rpc:localhost:39965|admin:localhost:38809|client:localhost:39467|dataStream:localhost:32971|priority:0, s2|rpc:localhost:33445|admin:localhost:44043|client:localhost:42341|dataStream:localhost:42157|priority:0], old=null
2022-07-14 02:38:28,142 [Thread-7] INFO  server.RaftServer$Division (RaftServerImpl.java:requestVote(1175)) - s4@group-F163B23E7A07: receive requestVote(PRE_VOTE, s1, group-F163B23E7A07, 1, (t:1, i:0))
2022-07-14 02:38:28,143 [Thread-7] INFO  impl.VoteContext (VoteContext.java:log(48)) - s4@group-F163B23E7A07-LEADER: reject PRE_VOTE from s1: this server is the leader and still has leadership
2022-07-14 02:38:28,144 [Thread-7] INFO  server.RaftServer$Division (RaftServerImpl.java:requestVote(1207)) - s4@group-F163B23E7A07 replies to PRE_VOTE vote request: s1<-s4#0:FAIL-t1. Peer's state: s4@group-F163B23E7A07:t1, leader=s4, voted=s4, raftlog=Memoized:s4@group-F163B23E7A07-SegmentedRaftLog:OPENED:c0, conf=0: [s3|rpc:localhost:40707|admin:localhost:37899|client:localhost:39537|dataStream:localhost:45577|priority:0, s4|rpc:localhost:41709|admin:localhost:46527|client:localhost:37803|dataStream:localhost:33761|priority:0, s0|rpc:localhost:37741|admin:localhost:46201|client:localhost:46213|dataStream:localhost:44011|priority:0, s1|rpc:localhost:39965|admin:localhost:38809|client:localhost:39467|dataStream:localhost:32971|priority:0, s2|rpc:localhost:33445|admin:localhost:44043|client:localhost:42341|dataStream:localhost:42157|priority:0], old=null
2022-07-14 02:38:28,142 [Thread-1] INFO  impl.VoteContext (VoteContext.java:log(48)) - s3@group-F163B23E7A07-FOLLOWER: reject PRE_VOTE from s1: this server is a follower and still has a valid leader s4
2022-07-14 02:38:28,145 [Thread-1] INFO  server.RaftServer$Division (RaftServerImpl.java:requestVote(1207)) - s3@group-F163B23E7A07 replies to PRE_VOTE vote request: s1<-s3#0:FAIL-t1. Peer's state: s3@group-F163B23E7A07:t1, leader=s4, voted=s4, raftlog=Memoized:s3@group-F163B23E7A07-SegmentedRaftLog:OPENED:c0, conf=0: [s3|rpc:localhost:40707|admin:localhost:37899|client:localhost:39537|dataStream:localhost:45577|priority:0, s4|rpc:localhost:41709|admin:localhost:46527|client:localhost:37803|dataStream:localhost:33761|priority:0, s0|rpc:localhost:37741|admin:localhost:46201|client:localhost:46213|dataStream:localhost:44011|priority:0, s1|rpc:localhost:39965|admin:localhost:38809|client:localhost:39467|dataStream:localhost:32971|priority:0, s2|rpc:localhost:33445|admin:localhost:44043|client:localhost:42341|dataStream:localhost:42157|priority:0], old=null
2022-07-14 02:38:28,157 [s1@group-F163B23E7A07-LeaderElection6] INFO  impl.LeaderElection (LeaderElection.java:logAndReturn(90)) - s1@group-F163B23E7A07-LeaderElection6: PRE_VOTE REJECTED received 3 response(s) and 0 exception(s):
2022-07-14 02:38:28,157 [s1@group-F163B23E7A07-LeaderElection6] INFO  impl.LeaderElection (LeaderElection.java:logAndReturn(94)) -   Response 0: s1<-s3#0:FAIL-t1
2022-07-14 02:38:28,157 [s1@group-F163B23E7A07-LeaderElection6] INFO  impl.LeaderElection (LeaderElection.java:logAndReturn(94)) -   Response 1: s1<-s0#0:FAIL-t1
2022-07-14 02:38:28,157 [s1@group-F163B23E7A07-LeaderElection6] INFO  impl.LeaderElection (LeaderElection.java:logAndReturn(94)) -   Response 2: s1<-s2#0:FAIL-t1
2022-07-14 02:38:28,158 [s1@group-F163B23E7A07-LeaderElection6] INFO  impl.LeaderElection (LeaderElection.java:askForVotes(312)) - s1@group-F163B23E7A07-LeaderElection6 PRE_VOTE round 1: result REJECTED
2022-07-14 02:38:28,158 [s1@group-F163B23E7A07-LeaderElection6] INFO  server.RaftServer$Division (RaftServerImpl.java:setRole(300)) - s1@group-F163B23E7A07: changes role from CANDIDATE to FOLLOWER at term 1 for REJECTED
2022-07-14 02:38:28,158 [s1@group-F163B23E7A07-LeaderElection6] INFO  impl.RoleInfo (RoleInfo.java:shutdownLeaderElection(130)) - s1: shutdown s1@group-F163B23E7A07-LeaderElection6
2022-07-14 02:38:28,158 [s1@group-F163B23E7A07-LeaderElection6] INFO  impl.RoleInfo (RoleInfo.java:updateAndGet(139)) - s1: start s1@group-F163B23E7A07-FollowerState
2022-07-14 02:38:28,239 [Thread-21] INFO  server.RaftServer$Division (ServerState.java:setLeader(304)) - s1@group-F163B23E7A07: change Leader from null to s4 at term 1 for appendEntries, leader elected after 412ms
2022-07-14 02:38:28,455 [Time-limited test] INFO  simulation.TestLeaderElectionWithSimulatedRpc (LeaderElectionTests.java:enforceLeader(243)) - try enforcing leader to s1 but new leader is s4
2022-07-14 02:38:28,455 [Time-limited test] INFO  server.RaftServerConfigKeys (ConfUtils.java:logGet(46)) - raft.server.rpc.timeout.max = 300ms (default)
2022-07-14 02:38:28,819 [s1@group-F163B23E7A07-FollowerState] INFO  impl.FollowerState (FollowerState.java:run(143)) - s1@group-F163B23E7A07-FollowerState: change to CANDIDATE, lastRpcElapsedTime:390623872ns, electionTimeout:263ms
2022-07-14 02:38:28,819 [s1@group-F163B23E7A07-FollowerState] INFO  impl.RoleInfo (RoleInfo.java:shutdownFollowerState(110)) - s1: shutdown s1@group-F163B23E7A07-FollowerState
2022-07-14 02:38:28,819 [s1@group-F163B23E7A07-FollowerState] INFO  server.RaftServer$Division (RaftServerImpl.java:setRole(300)) - s1@group-F163B23E7A07: changes role from  FOLLOWER to CANDIDATE at term 1 for changeToCandidate
2022-07-14 02:38:28,819 [s1@group-F163B23E7A07-FollowerState] INFO  server.RaftServerConfigKeys (ConfUtils.java:logGet(46)) - raft.server.leaderelection.pre-vote = true (default)
2022-07-14 02:38:28,819 [s1@group-F163B23E7A07-FollowerState] INFO  impl.RoleInfo (RoleInfo.java:updateAndGet(139)) - s1: start s1@group-F163B23E7A07-LeaderElection7
2022-07-14 02:38:28,820 [s1@group-F163B23E7A07-LeaderElection7] INFO  server.RaftServer$Division (ServerState.java:setLeader(304)) - s1@group-F163B23E7A07: change Leader from s4 to null at term 1 for PRE_VOTE
2022-07-14 02:38:28,820 [s1@group-F163B23E7A07-LeaderElection7] INFO  impl.LeaderElection (LeaderElection.java:askForVotes(310)) - s1@group-F163B23E7A07-LeaderElection7 PRE_VOTE round 0: submit vote requests at term 1 for 0: [s3|rpc:localhost:40707|admin:localhost:37899|client:localhost:39537|dataStream:localhost:45577|priority:0, s4|rpc:localhost:41709|admin:localhost:46527|client:localhost:37803|dataStream:localhost:33761|priority:0, s0|rpc:localhost:37741|admin:localhost:46201|client:localhost:46213|dataStream:localhost:44011|priority:0, s1|rpc:localhost:39965|admin:localhost:38809|client:localhost:39467|dataStream:localhost:32971|priority:0, s2|rpc:localhost:33445|admin:localhost:44043|client:localhost:42341|dataStream:localhost:42157|priority:0], old=null
2022-07-14 02:38:28,853 [s2@group-F163B23E7A07-FollowerState] INFO  impl.FollowerState (FollowerState.java:run(143)) - s2@group-F163B23E7A07-FollowerState: change to CANDIDATE, lastRpcElapsedTime:228556986ns, electionTimeout:165ms
2022-07-14 02:38:28,853 [s2@group-F163B23E7A07-FollowerState] INFO  impl.RoleInfo (RoleInfo.java:shutdownFollowerState(110)) - s2: shutdown s2@group-F163B23E7A07-FollowerState
2022-07-14 02:38:28,853 [s2@group-F163B23E7A07-FollowerState] INFO  server.RaftServer$Division (RaftServerImpl.java:setRole(300)) - s2@group-F163B23E7A07: changes role from  FOLLOWER to CANDIDATE at term 1 for changeToCandidate
2022-07-14 02:38:28,853 [s2@group-F163B23E7A07-FollowerState] INFO  server.RaftServerConfigKeys (ConfUtils.java:logGet(46)) - raft.server.leaderelection.pre-vote = true (default)
2022-07-14 02:38:28,853 [s2@group-F163B23E7A07-FollowerState] INFO  impl.RoleInfo (RoleInfo.java:updateAndGet(139)) - s2: start s2@group-F163B23E7A07-LeaderElection8
2022-07-14 02:38:28,854 [s2@group-F163B23E7A07-LeaderElection8] INFO  server.RaftServer$Division (ServerState.java:setLeader(304)) - s2@group-F163B23E7A07: change Leader from s4 to null at term 1 for PRE_VOTE
2022-07-14 02:38:28,854 [s2@group-F163B23E7A07-LeaderElection8] INFO  impl.LeaderElection (LeaderElection.java:askForVotes(310)) - s2@group-F163B23E7A07-LeaderElection8 PRE_VOTE round 0: submit vote requests at term 1 for 0: [s3|rpc:localhost:40707|admin:localhost:37899|client:localhost:39537|dataStream:localhost:45577|priority:0, s4|rpc:localhost:41709|admin:localhost:46527|client:localhost:37803|dataStream:localhost:33761|priority:0, s0|rpc:localhost:37741|admin:localhost:46201|client:localhost:46213|dataStream:localhost:44011|priority:0, s1|rpc:localhost:39965|admin:localhost:38809|client:localhost:39467|dataStream:localhost:32971|priority:0, s2|rpc:localhost:33445|admin:localhost:44043|client:localhost:42341|dataStream:localhost:42157|priority:0], old=null
2022-07-14 02:38:28,864 [Thread-29] INFO  server.RaftServer$Division (RaftServerImpl.java:setRole(300)) - s2@group-F163B23E7A07: changes role from CANDIDATE to FOLLOWER at term 1 for appendEntries
2022-07-14 02:38:28,865 [Thread-29] INFO  impl.RoleInfo (RoleInfo.java:shutdownLeaderElection(130)) - s2: shutdown s2@group-F163B23E7A07-LeaderElection8
2022-07-14 02:38:28,865 [Thread-29] INFO  impl.RoleInfo (RoleInfo.java:updateAndGet(139)) - s2: start s2@group-F163B23E7A07-FollowerState
2022-07-14 02:38:28,865 [Thread-29] INFO  server.RaftServer$Division (ServerState.java:setLeader(304)) - s2@group-F163B23E7A07: change Leader from null to s4 at term 1 for appendEntries, leader elected after 11ms
2022-07-14 02:38:28,906 [Time-limited test] INFO  server.RaftServerConfigKeys (ConfUtils.java:logGet(46)) - raft.server.rpc.timeout.max = 300ms (default)
2022-07-14 02:38:28,971 [Thread-2] INFO  server.RaftServer$Division (RaftServerImpl.java:requestVote(1175)) - s3@group-F163B23E7A07: receive requestVote(PRE_VOTE, s1, group-F163B23E7A07, 1, (t:1, i:0))
2022-07-14 02:38:28,971 [Thread-2] INFO  impl.VoteContext (VoteContext.java:log(48)) - s3@group-F163B23E7A07-FOLLOWER: reject PRE_VOTE from s1: this server is a follower and still has a valid leader s4
2022-07-14 02:38:28,971 [Thread-2] INFO  server.RaftServer$Division (RaftServerImpl.java:requestVote(1207)) - s3@group-F163B23E7A07 replies to PRE_VOTE vote request: s1<-s3#0:FAIL-t1. Peer's state: s3@group-F163B23E7A07:t1, leader=s4, voted=s4, raftlog=Memoized:s3@group-F163B23E7A07-SegmentedRaftLog:OPENED:c0, conf=0: [s3|rpc:localhost:40707|admin:localhost:37899|client:localhost:39537|dataStream:localhost:45577|priority:0, s4|rpc:localhost:41709|admin:localhost:46527|client:localhost:37803|dataStream:localhost:33761|priority:0, s0|rpc:localhost:37741|admin:localhost:46201|client:localhost:46213|dataStream:localhost:44011|priority:0, s1|rpc:localhost:39965|admin:localhost:38809|client:localhost:39467|dataStream:localhost:32971|priority:0, s2|rpc:localhost:33445|admin:localhost:44043|client:localhost:42341|dataStream:localhost:42157|priority:0], old=null
2022-07-14 02:38:28,972 [Thread-8] INFO  server.RaftServer$Division (RaftServerImpl.java:requestVote(1175)) - s4@group-F163B23E7A07: receive requestVote(PRE_VOTE, s1, group-F163B23E7A07, 1, (t:1, i:0))
2022-07-14 02:38:28,972 [Thread-8] INFO  impl.VoteContext (VoteContext.java:log(48)) - s4@group-F163B23E7A07-LEADER: reject PRE_VOTE from s1: this server is the leader and still has leadership
2022-07-14 02:38:28,972 [Thread-8] INFO  server.RaftServer$Division (RaftServerImpl.java:requestVote(1207)) - s4@group-F163B23E7A07 replies to PRE_VOTE vote request: s1<-s4#0:FAIL-t1. Peer's state: s4@group-F163B23E7A07:t1, leader=s4, voted=s4, raftlog=Memoized:s4@group-F163B23E7A07-SegmentedRaftLog:OPENED:c0, conf=0: [s3|rpc:localhost:40707|admin:localhost:37899|client:localhost:39537|dataStream:localhost:45577|priority:0, s4|rpc:localhost:41709|admin:localhost:46527|client:localhost:37803|dataStream:localhost:33761|priority:0, s0|rpc:localhost:37741|admin:localhost:46201|client:localhost:46213|dataStream:localhost:44011|priority:0, s1|rpc:localhost:39965|admin:localhost:38809|client:localhost:39467|dataStream:localhost:32971|priority:0, s2|rpc:localhost:33445|admin:localhost:44043|client:localhost:42341|dataStream:localhost:42157|priority:0], old=null
2022-07-14 02:38:28,978 [Thread-16] INFO  server.RaftServer$Division (RaftServerImpl.java:requestVote(1175)) - s0@group-F163B23E7A07: receive requestVote(PRE_VOTE, s1, group-F163B23E7A07, 1, (t:1, i:0))
2022-07-14 02:38:28,978 [Thread-31] INFO  server.RaftServer$Division (RaftServerImpl.java:requestVote(1175)) - s2@group-F163B23E7A07: receive requestVote(PRE_VOTE, s1, group-F163B23E7A07, 1, (t:1, i:0))
2022-07-14 02:38:28,978 [Thread-31] INFO  impl.VoteContext (VoteContext.java:log(48)) - s2@group-F163B23E7A07-FOLLOWER: reject PRE_VOTE from s1: this server is a follower and still has a valid leader s4
2022-07-14 02:38:28,978 [Thread-16] INFO  impl.VoteContext (VoteContext.java:log(48)) - s0@group-F163B23E7A07-FOLLOWER: reject PRE_VOTE from s1: this server is a follower and still has a valid leader s4
2022-07-14 02:38:28,979 [Thread-31] INFO  server.RaftServer$Division (RaftServerImpl.java:requestVote(1207)) - s2@group-F163B23E7A07 replies to PRE_VOTE vote request: s1<-s2#0:FAIL-t1. Peer's state: s2@group-F163B23E7A07:t1, leader=s4, voted=s4, raftlog=Memoized:s2@group-F163B23E7A07-SegmentedRaftLog:OPENED:c0, conf=0: [s3|rpc:localhost:40707|admin:localhost:37899|client:localhost:39537|dataStream:localhost:45577|priority:0, s4|rpc:localhost:41709|admin:localhost:46527|client:localhost:37803|dataStream:localhost:33761|priority:0, s0|rpc:localhost:37741|admin:localhost:46201|client:localhost:46213|dataStream:localhost:44011|priority:0, s1|rpc:localhost:39965|admin:localhost:38809|client:localhost:39467|dataStream:localhost:32971|priority:0, s2|rpc:localhost:33445|admin:localhost:44043|client:localhost:42341|dataStream:localhost:42157|priority:0], old=null
2022-07-14 02:38:28,979 [Thread-16] INFO  server.RaftServer$Division (RaftServerImpl.java:requestVote(1207)) - s0@group-F163B23E7A07 replies to PRE_VOTE vote request: s1<-s0#0:FAIL-t1. Peer's state: s0@group-F163B23E7A07:t1, leader=s4, voted=s0, raftlog=Memoized:s0@group-F163B23E7A07-SegmentedRaftLog:OPENED:c0, conf=0: [s3|rpc:localhost:40707|admin:localhost:37899|client:localhost:39537|dataStream:localhost:45577|priority:0, s4|rpc:localhost:41709|admin:localhost:46527|client:localhost:37803|dataStream:localhost:33761|priority:0, s0|rpc:localhost:37741|admin:localhost:46201|client:localhost:46213|dataStream:localhost:44011|priority:0, s1|rpc:localhost:39965|admin:localhost:38809|client:localhost:39467|dataStream:localhost:32971|priority:0, s2|rpc:localhost:33445|admin:localhost:44043|client:localhost:42341|dataStream:localhost:42157|priority:0], old=null
2022-07-14 02:38:28,991 [s1@group-F163B23E7A07-LeaderElection7] INFO  impl.LeaderElection (LeaderElection.java:logAndReturn(90)) - s1@group-F163B23E7A07-LeaderElection7: PRE_VOTE REJECTED received 3 response(s) and 0 exception(s):
2022-07-14 02:38:28,991 [s1@group-F163B23E7A07-LeaderElection7] INFO  impl.LeaderElection (LeaderElection.java:logAndReturn(94)) -   Response 0: s1<-s3#0:FAIL-t1
2022-07-14 02:38:28,991 [s1@group-F163B23E7A07-LeaderElection7] INFO  impl.LeaderElection (LeaderElection.java:logAndReturn(94)) -   Response 1: s1<-s4#0:FAIL-t1
2022-07-14 02:38:28,991 [s1@group-F163B23E7A07-LeaderElection7] INFO  impl.LeaderElection (LeaderElection.java:logAndReturn(94)) -   Response 2: s1<-s0#0:FAIL-t1
2022-07-14 02:38:28,992 [s1@group-F163B23E7A07-LeaderElection7] INFO  impl.LeaderElection (LeaderElection.java:askForVotes(312)) - s1@group-F163B23E7A07-LeaderElection7 PRE_VOTE round 0: result REJECTED
2022-07-14 02:38:28,992 [s1@group-F163B23E7A07-LeaderElection7] INFO  server.RaftServer$Division (RaftServerImpl.java:setRole(300)) - s1@group-F163B23E7A07: changes role from CANDIDATE to FOLLOWER at term 1 for REJECTED
2022-07-14 02:38:28,992 [s1@group-F163B23E7A07-LeaderElection7] INFO  impl.RoleInfo (RoleInfo.java:shutdownLeaderElection(130)) - s1: shutdown s1@group-F163B23E7A07-LeaderElection7
2022-07-14 02:38:28,992 [s1@group-F163B23E7A07-LeaderElection7] INFO  impl.RoleInfo (RoleInfo.java:updateAndGet(139)) - s1: start s1@group-F163B23E7A07-FollowerState
2022-07-14 02:38:29,005 [Thread-0] INFO  server.RaftServer$Division (RaftServerImpl.java:requestVote(1175)) - s3@group-F163B23E7A07: receive requestVote(PRE_VOTE, s2, group-F163B23E7A07, 1, (t:1, i:0))
2022-07-14 02:38:29,005 [Thread-0] INFO  impl.VoteContext (VoteContext.java:log(48)) - s3@group-F163B23E7A07-FOLLOWER: reject PRE_VOTE from s2: this server is a follower and still has a valid leader s4
2022-07-14 02:38:29,005 [Thread-0] INFO  server.RaftServer$Division (RaftServerImpl.java:requestVote(1207)) - s3@group-F163B23E7A07 replies to PRE_VOTE vote request: s2<-s3#0:FAIL-t1. Peer's state: s3@group-F163B23E7A07:t1, leader=s4, voted=s4, raftlog=Memoized:s3@group-F163B23E7A07-SegmentedRaftLog:OPENED:c0, conf=0: [s3|rpc:localhost:40707|admin:localhost:37899|client:localhost:39537|dataStream:localhost:45577|priority:0, s4|rpc:localhost:41709|admin:localhost:46527|client:localhost:37803|dataStream:localhost:33761|priority:0, s0|rpc:localhost:37741|admin:localhost:46201|client:localhost:46213|dataStream:localhost:44011|priority:0, s1|rpc:localhost:39965|admin:localhost:38809|client:localhost:39467|dataStream:localhost:32971|priority:0, s2|rpc:localhost:33445|admin:localhost:44043|client:localhost:42341|dataStream:localhost:42157|priority:0], old=null
2022-07-14 02:38:29,005 [Thread-9] INFO  server.RaftServer$Division (RaftServerImpl.java:requestVote(1175)) - s4@group-F163B23E7A07: receive requestVote(PRE_VOTE, s2, group-F163B23E7A07, 1, (t:1, i:0))
2022-07-14 02:38:29,006 [Thread-9] INFO  impl.VoteContext (VoteContext.java:log(48)) - s4@group-F163B23E7A07-LEADER: reject PRE_VOTE from s2: this server is the leader and still has leadership
2022-07-14 02:38:29,006 [Thread-9] INFO  server.RaftServer$Division (RaftServerImpl.java:requestVote(1207)) - s4@group-F163B23E7A07 replies to PRE_VOTE vote request: s2<-s4#0:FAIL-t1. Peer's state: s4@group-F163B23E7A07:t1, leader=s4, voted=s4, raftlog=Memoized:s4@group-F163B23E7A07-SegmentedRaftLog:OPENED:c0, conf=0: [s3|rpc:localhost:40707|admin:localhost:37899|client:localhost:39537|dataStream:localhost:45577|priority:0, s4|rpc:localhost:41709|admin:localhost:46527|client:localhost:37803|dataStream:localhost:33761|priority:0, s0|rpc:localhost:37741|admin:localhost:46201|client:localhost:46213|dataStream:localhost:44011|priority:0, s1|rpc:localhost:39965|admin:localhost:38809|client:localhost:39467|dataStream:localhost:32971|priority:0, s2|rpc:localhost:33445|admin:localhost:44043|client:localhost:42341|dataStream:localhost:42157|priority:0], old=null
2022-07-14 02:38:29,005 [Thread-15] INFO  server.RaftServer$Division (RaftServerImpl.java:requestVote(1175)) - s0@group-F163B23E7A07: receive requestVote(PRE_VOTE, s2, group-F163B23E7A07, 1, (t:1, i:0))
2022-07-14 02:38:29,006 [Thread-15] INFO  impl.VoteContext (VoteContext.java:log(48)) - s0@group-F163B23E7A07-FOLLOWER: reject PRE_VOTE from s2: this server is a follower and still has a valid leader s4
2022-07-14 02:38:29,006 [Thread-15] INFO  server.RaftServer$Division (RaftServerImpl.java:requestVote(1207)) - s0@group-F163B23E7A07 replies to PRE_VOTE vote request: s2<-s0#0:FAIL-t1. Peer's state: s0@group-F163B23E7A07:t1, leader=s4, voted=s0, raftlog=Memoized:s0@group-F163B23E7A07-SegmentedRaftLog:OPENED:c0, conf=0: [s3|rpc:localhost:40707|admin:localhost:37899|client:localhost:39537|dataStream:localhost:45577|priority:0, s4|rpc:localhost:41709|admin:localhost:46527|client:localhost:37803|dataStream:localhost:33761|priority:0, s0|rpc:localhost:37741|admin:localhost:46201|client:localhost:46213|dataStream:localhost:44011|priority:0, s1|rpc:localhost:39965|admin:localhost:38809|client:localhost:39467|dataStream:localhost:32971|priority:0, s2|rpc:localhost:33445|admin:localhost:44043|client:localhost:42341|dataStream:localhost:42157|priority:0], old=null
2022-07-14 02:38:29,021 [s2@group-F163B23E7A07-LeaderElection8] INFO  impl.LeaderElection (LeaderElection.java:logAndReturn(90)) - s2@group-F163B23E7A07-LeaderElection8: PRE_VOTE REJECTED received 1 response(s) and 0 exception(s):
2022-07-14 02:38:29,021 [s2@group-F163B23E7A07-LeaderElection8] INFO  impl.LeaderElection (LeaderElection.java:logAndReturn(94)) -   Response 0: s2<-s3#0:FAIL-t1
2022-07-14 02:38:29,021 [s2@group-F163B23E7A07-LeaderElection8] INFO  impl.LeaderElection (LeaderElection.java:askForVotes(312)) - s2@group-F163B23E7A07-LeaderElection8 PRE_VOTE round 0: result REJECTED
2022-07-14 02:38:29,117 [Thread-21] INFO  server.RaftServer$Division (ServerState.java:setLeader(304)) - s1@group-F163B23E7A07: change Leader from null to s4 at term 1 for appendEntries, leader elected after 296ms
2022-07-14 02:38:29,155 [Thread-22] INFO  server.RaftServer$Division (RaftServerImpl.java:requestVote(1175)) - s1@group-F163B23E7A07: receive requestVote(PRE_VOTE, s2, group-F163B23E7A07, 1, (t:1, i:0))
2022-07-14 02:38:29,155 [Thread-22] INFO  impl.VoteContext (VoteContext.java:log(48)) - s1@group-F163B23E7A07-FOLLOWER: reject PRE_VOTE from s2: this server is a follower and still has a valid leader s4
2022-07-14 02:38:29,156 [Thread-22] INFO  server.RaftServer$Division (RaftServerImpl.java:requestVote(1207)) - s1@group-F163B23E7A07 replies to PRE_VOTE vote request: s2<-s1#0:FAIL-t1. Peer's state: s1@group-F163B23E7A07:t1, leader=s4, voted=s4, raftlog=Memoized:s1@group-F163B23E7A07-SegmentedRaftLog:OPENED:c0, conf=0: [s3|rpc:localhost:40707|admin:localhost:37899|client:localhost:39537|dataStream:localhost:45577|priority:0, s4|rpc:localhost:41709|admin:localhost:46527|client:localhost:37803|dataStream:localhost:33761|priority:0, s0|rpc:localhost:37741|admin:localhost:46201|client:localhost:46213|dataStream:localhost:44011|priority:0, s1|rpc:localhost:39965|admin:localhost:38809|client:localhost:39467|dataStream:localhost:32971|priority:0, s2|rpc:localhost:33445|admin:localhost:44043|client:localhost:42341|dataStream:localhost:42157|priority:0], old=null
2022-07-14 02:38:29,357 [Time-limited test] INFO  simulation.TestLeaderElectionWithSimulatedRpc (LeaderElectionTests.java:enforceLeader(243)) - try enforcing leader to s1 but new leader is s4
2022-07-14 02:38:29,357 [Time-limited test] INFO  server.RaftServerConfigKeys (ConfUtils.java:logGet(46)) - raft.server.rpc.timeout.max = 300ms (default)
2022-07-14 02:38:29,755 [s1@group-F163B23E7A07-FollowerState] INFO  impl.FollowerState (FollowerState.java:run(143)) - s1@group-F163B23E7A07-FollowerState: change to CANDIDATE, lastRpcElapsedTime:459264766ns, electionTimeout:300ms
2022-07-14 02:38:29,756 [s1@group-F163B23E7A07-FollowerState] INFO  impl.RoleInfo (RoleInfo.java:shutdownFollowerState(110)) - s1: shutdown s1@group-F163B23E7A07-FollowerState
2022-07-14 02:38:29,756 [s1@group-F163B23E7A07-FollowerState] INFO  server.RaftServer$Division (RaftServerImpl.java:setRole(300)) - s1@group-F163B23E7A07: changes role from  FOLLOWER to CANDIDATE at term 1 for changeToCandidate
2022-07-14 02:38:29,756 [s1@group-F163B23E7A07-FollowerState] INFO  server.RaftServerConfigKeys (ConfUtils.java:logGet(46)) - raft.server.leaderelection.pre-vote = true (default)
2022-07-14 02:38:29,756 [s1@group-F163B23E7A07-FollowerState] INFO  impl.RoleInfo (RoleInfo.java:updateAndGet(139)) - s1: start s1@group-F163B23E7A07-LeaderElection9
2022-07-14 02:38:29,757 [s1@group-F163B23E7A07-LeaderElection9] INFO  server.RaftServer$Division (ServerState.java:setLeader(304)) - s1@group-F163B23E7A07: change Leader from s4 to null at term 1 for PRE_VOTE
2022-07-14 02:38:29,757 [s1@group-F163B23E7A07-LeaderElection9] INFO  impl.LeaderElection (LeaderElection.java:askForVotes(310)) - s1@group-F163B23E7A07-LeaderElection9 PRE_VOTE round 0: submit vote requests at term 1 for 0: [s3|rpc:localhost:40707|admin:localhost:37899|client:localhost:39537|dataStream:localhost:45577|priority:0, s4|rpc:localhost:41709|admin:localhost:46527|client:localhost:37803|dataStream:localhost:33761|priority:0, s0|rpc:localhost:37741|admin:localhost:46201|client:localhost:46213|dataStream:localhost:44011|priority:0, s1|rpc:localhost:39965|admin:localhost:38809|client:localhost:39467|dataStream:localhost:32971|priority:0, s2|rpc:localhost:33445|admin:localhost:44043|client:localhost:42341|dataStream:localhost:42157|priority:0], old=null
2022-07-14 02:38:29,775 [s2@group-F163B23E7A07-FollowerState] INFO  impl.FollowerState (FollowerState.java:run(143)) - s2@group-F163B23E7A07-FollowerState: change to CANDIDATE, lastRpcElapsedTime:201889402ns, electionTimeout:184ms
2022-07-14 02:38:29,776 [s2@group-F163B23E7A07-FollowerState] INFO  impl.RoleInfo (RoleInfo.java:shutdownFollowerState(110)) - s2: shutdown s2@group-F163B23E7A07-FollowerState
2022-07-14 02:38:29,776 [s2@group-F163B23E7A07-FollowerState] INFO  server.RaftServer$Division (RaftServerImpl.java:setRole(300)) - s2@group-F163B23E7A07: changes role from  FOLLOWER to CANDIDATE at term 1 for changeToCandidate
2022-07-14 02:38:29,776 [s2@group-F163B23E7A07-FollowerState] INFO  server.RaftServerConfigKeys (ConfUtils.java:logGet(46)) - raft.server.leaderelection.pre-vote = true (default)
2022-07-14 02:38:29,776 [s2@group-F163B23E7A07-FollowerState] INFO  impl.RoleInfo (RoleInfo.java:updateAndGet(139)) - s2: start s2@group-F163B23E7A07-LeaderElection10
2022-07-14 02:38:29,777 [s2@group-F163B23E7A07-LeaderElection10] INFO  server.RaftServer$Division (ServerState.java:setLeader(304)) - s2@group-F163B23E7A07: change Leader from s4 to null at term 1 for PRE_VOTE
2022-07-14 02:38:29,782 [s2@group-F163B23E7A07-LeaderElection10] INFO  impl.LeaderElection (LeaderElection.java:askForVotes(310)) - s2@group-F163B23E7A07-LeaderElection10 PRE_VOTE round 0: submit vote requests at term 1 for 0: [s3|rpc:localhost:40707|admin:localhost:37899|client:localhost:39537|dataStream:localhost:45577|priority:0, s4|rpc:localhost:41709|admin:localhost:46527|client:localhost:37803|dataStream:localhost:33761|priority:0, s0|rpc:localhost:37741|admin:localhost:46201|client:localhost:46213|dataStream:localhost:44011|priority:0, s1|rpc:localhost:39965|admin:localhost:38809|client:localhost:39467|dataStream:localhost:32971|priority:0, s2|rpc:localhost:33445|admin:localhost:44043|client:localhost:42341|dataStream:localhost:42157|priority:0], old=null
2022-07-14 02:38:29,808 [Time-limited test] INFO  server.RaftServerConfigKeys (ConfUtils.java:logGet(46)) - raft.server.rpc.timeout.max = 300ms (default)
2022-07-14 02:38:29,810 [Thread-31] INFO  server.RaftServer$Division (RaftServerImpl.java:setRole(300)) - s2@group-F163B23E7A07: changes role from CANDIDATE to FOLLOWER at term 1 for appendEntries
2022-07-14 02:38:29,810 [Thread-31] INFO  impl.RoleInfo (RoleInfo.java:shutdownLeaderElection(130)) - s2: shutdown s2@group-F163B23E7A07-LeaderElection10
2022-07-14 02:38:29,810 [Thread-31] INFO  impl.RoleInfo (RoleInfo.java:updateAndGet(139)) - s2: start s2@group-F163B23E7A07-FollowerState
2022-07-14 02:38:29,811 [Thread-31] INFO  server.RaftServer$Division (ServerState.java:setLeader(304)) - s2@group-F163B23E7A07: change Leader from null to s4 at term 1 for appendEntries, leader elected after 33ms
2022-07-14 02:38:29,908 [Thread-1] INFO  server.RaftServer$Division (RaftServerImpl.java:requestVote(1175)) - s3@group-F163B23E7A07: receive requestVote(PRE_VOTE, s1, group-F163B23E7A07, 1, (t:1, i:0))
2022-07-14 02:38:29,908 [Thread-1] INFO  impl.VoteContext (VoteContext.java:log(48)) - s3@group-F163B23E7A07-FOLLOWER: reject PRE_VOTE from s1: this server is a follower and still has a valid leader s4
2022-07-14 02:38:29,908 [Thread-14] INFO  server.RaftServer$Division (RaftServerImpl.java:requestVote(1175)) - s0@group-F163B23E7A07: receive requestVote(PRE_VOTE, s1, group-F163B23E7A07, 1, (t:1, i:0))
2022-07-14 02:38:29,908 [Thread-1] INFO  server.RaftServer$Division (RaftServerImpl.java:requestVote(1207)) - s3@group-F163B23E7A07 replies to PRE_VOTE vote request: s1<-s3#0:FAIL-t1. Peer's state: s3@group-F163B23E7A07:t1, leader=s4, voted=s4, raftlog=Memoized:s3@group-F163B23E7A07-SegmentedRaftLog:OPENED:c0, conf=0: [s3|rpc:localhost:40707|admin:localhost:37899|client:localhost:39537|dataStream:localhost:45577|priority:0, s4|rpc:localhost:41709|admin:localhost:46527|client:localhost:37803|dataStream:localhost:33761|priority:0, s0|rpc:localhost:37741|admin:localhost:46201|client:localhost:46213|dataStream:localhost:44011|priority:0, s1|rpc:localhost:39965|admin:localhost:38809|client:localhost:39467|dataStream:localhost:32971|priority:0, s2|rpc:localhost:33445|admin:localhost:44043|client:localhost:42341|dataStream:localhost:42157|priority:0], old=null
2022-07-14 02:38:29,908 [Thread-7] INFO  server.RaftServer$Division (RaftServerImpl.java:requestVote(1175)) - s4@group-F163B23E7A07: receive requestVote(PRE_VOTE, s1, group-F163B23E7A07, 1, (t:1, i:0))
2022-07-14 02:38:29,908 [Thread-29] INFO  server.RaftServer$Division (RaftServerImpl.java:requestVote(1175)) - s2@group-F163B23E7A07: receive requestVote(PRE_VOTE, s1, group-F163B23E7A07, 1, (t:1, i:0))
2022-07-14 02:38:29,908 [Thread-14] INFO  impl.VoteContext (VoteContext.java:log(48)) - s0@group-F163B23E7A07-FOLLOWER: reject PRE_VOTE from s1: this server is a follower and still has a valid leader s4
2022-07-14 02:38:29,909 [Thread-14] INFO  server.RaftServer$Division (RaftServerImpl.java:requestVote(1207)) - s0@group-F163B23E7A07 replies to PRE_VOTE vote request: s1<-s0#0:FAIL-t1. Peer's state: s0@group-F163B23E7A07:t1, leader=s4, voted=s0, raftlog=Memoized:s0@group-F163B23E7A07-SegmentedRaftLog:OPENED:c0, conf=0: [s3|rpc:localhost:40707|admin:localhost:37899|client:localhost:39537|dataStream:localhost:45577|priority:0, s4|rpc:localhost:41709|admin:localhost:46527|client:localhost:37803|dataStream:localhost:33761|priority:0, s0|rpc:localhost:37741|admin:localhost:46201|client:localhost:46213|dataStream:localhost:44011|priority:0, s1|rpc:localhost:39965|admin:localhost:38809|client:localhost:39467|dataStream:localhost:32971|priority:0, s2|rpc:localhost:33445|admin:localhost:44043|client:localhost:42341|dataStream:localhost:42157|priority:0], old=null
2022-07-14 02:38:29,909 [Thread-29] INFO  impl.VoteContext (VoteContext.java:log(48)) - s2@group-F163B23E7A07-FOLLOWER: reject PRE_VOTE from s1: this server is a follower and still has a valid leader s4
2022-07-14 02:38:29,910 [Thread-29] INFO  server.RaftServer$Division (RaftServerImpl.java:requestVote(1207)) - s2@group-F163B23E7A07 replies to PRE_VOTE vote request: s1<-s2#0:FAIL-t1. Peer's state: s2@group-F163B23E7A07:t1, leader=s4, voted=s4, raftlog=Memoized:s2@group-F163B23E7A07-SegmentedRaftLog:OPENED:c0, conf=0: [s3|rpc:localhost:40707|admin:localhost:37899|client:localhost:39537|dataStream:localhost:45577|priority:0, s4|rpc:localhost:41709|admin:localhost:46527|client:localhost:37803|dataStream:localhost:33761|priority:0, s0|rpc:localhost:37741|admin:localhost:46201|client:localhost:46213|dataStream:localhost:44011|priority:0, s1|rpc:localhost:39965|admin:localhost:38809|client:localhost:39467|dataStream:localhost:32971|priority:0, s2|rpc:localhost:33445|admin:localhost:44043|client:localhost:42341|dataStream:localhost:42157|priority:0], old=null
2022-07-14 02:38:29,909 [Thread-7] INFO  impl.VoteContext (VoteContext.java:log(48)) - s4@group-F163B23E7A07-LEADER: reject PRE_VOTE from s1: this server is the leader and still has leadership
2022-07-14 02:38:29,910 [Thread-7] INFO  server.RaftServer$Division (RaftServerImpl.java:requestVote(1207)) - s4@group-F163B23E7A07 replies to PRE_VOTE vote request: s1<-s4#0:FAIL-t1. Peer's state: s4@group-F163B23E7A07:t1, leader=s4, voted=s4, raftlog=Memoized:s4@group-F163B23E7A07-SegmentedRaftLog:OPENED:c0, conf=0: [s3|rpc:localhost:40707|admin:localhost:37899|client:localhost:39537|dataStream:localhost:45577|priority:0, s4|rpc:localhost:41709|admin:localhost:46527|client:localhost:37803|dataStream:localhost:33761|priority:0, s0|rpc:localhost:37741|admin:localhost:46201|client:localhost:46213|dataStream:localhost:44011|priority:0, s1|rpc:localhost:39965|admin:localhost:38809|client:localhost:39467|dataStream:localhost:32971|priority:0, s2|rpc:localhost:33445|admin:localhost:44043|client:localhost:42341|dataStream:localhost:42157|priority:0], old=null
2022-07-14 02:38:29,926 [s1@group-F163B23E7A07-LeaderElection9] INFO  impl.LeaderElection (LeaderElection.java:logAndReturn(90)) - s1@group-F163B23E7A07-LeaderElection9: PRE_VOTE REJECTED received 3 response(s) and 0 exception(s):
2022-07-14 02:38:29,926 [s1@group-F163B23E7A07-LeaderElection9] INFO  impl.LeaderElection (LeaderElection.java:logAndReturn(94)) -   Response 0: s1<-s3#0:FAIL-t1
2022-07-14 02:38:29,926 [s1@group-F163B23E7A07-LeaderElection9] INFO  impl.LeaderElection (LeaderElection.java:logAndReturn(94)) -   Response 1: s1<-s0#0:FAIL-t1
2022-07-14 02:38:29,926 [s1@group-F163B23E7A07-LeaderElection9] INFO  impl.LeaderElection (LeaderElection.java:logAndReturn(94)) -   Response 2: s1<-s2#0:FAIL-t1
2022-07-14 02:38:29,926 [s1@group-F163B23E7A07-LeaderElection9] INFO  impl.LeaderElection (LeaderElection.java:askForVotes(312)) - s1@group-F163B23E7A07-LeaderElection9 PRE_VOTE round 0: result REJECTED
2022-07-14 02:38:29,927 [s1@group-F163B23E7A07-LeaderElection9] INFO  server.RaftServer$Division (RaftServerImpl.java:setRole(300)) - s1@group-F163B23E7A07: changes role from CANDIDATE to FOLLOWER at term 1 for REJECTED
2022-07-14 02:38:29,927 [s1@group-F163B23E7A07-LeaderElection9] INFO  impl.RoleInfo (RoleInfo.java:shutdownLeaderElection(130)) - s1: shutdown s1@group-F163B23E7A07-LeaderElection9
2022-07-14 02:38:29,927 [s1@group-F163B23E7A07-LeaderElection9] INFO  impl.RoleInfo (RoleInfo.java:updateAndGet(139)) - s1: start s1@group-F163B23E7A07-FollowerState
2022-07-14 02:38:29,933 [Thread-2] INFO  server.RaftServer$Division (RaftServerImpl.java:requestVote(1175)) - s3@group-F163B23E7A07: receive requestVote(PRE_VOTE, s2, group-F163B23E7A07, 1, (t:1, i:0))
2022-07-14 02:38:29,934 [Thread-2] INFO  impl.VoteContext (VoteContext.java:log(48)) - s3@group-F163B23E7A07-FOLLOWER: reject PRE_VOTE from s2: this server is a follower and still has a valid leader s4
2022-07-14 02:38:29,934 [Thread-2] INFO  server.RaftServer$Division (RaftServerImpl.java:requestVote(1207)) - s3@group-F163B23E7A07 replies to PRE_VOTE vote request: s2<-s3#0:FAIL-t1. Peer's state: s3@group-F163B23E7A07:t1, leader=s4, voted=s4, raftlog=Memoized:s3@group-F163B23E7A07-SegmentedRaftLog:OPENED:c0, conf=0: [s3|rpc:localhost:40707|admin:localhost:37899|client:localhost:39537|dataStream:localhost:45577|priority:0, s4|rpc:localhost:41709|admin:localhost:46527|client:localhost:37803|dataStream:localhost:33761|priority:0, s0|rpc:localhost:37741|admin:localhost:46201|client:localhost:46213|dataStream:localhost:44011|priority:0, s1|rpc:localhost:39965|admin:localhost:38809|client:localhost:39467|dataStream:localhost:32971|priority:0, s2|rpc:localhost:33445|admin:localhost:44043|client:localhost:42341|dataStream:localhost:42157|priority:0], old=null
2022-07-14 02:38:29,934 [Thread-16] INFO  server.RaftServer$Division (RaftServerImpl.java:requestVote(1175)) - s0@group-F163B23E7A07: receive requestVote(PRE_VOTE, s2, group-F163B23E7A07, 1, (t:1, i:0))
2022-07-14 02:38:29,934 [Thread-16] INFO  impl.VoteContext (VoteContext.java:log(48)) - s0@group-F163B23E7A07-FOLLOWER: reject PRE_VOTE from s2: this server is a follower and still has a valid leader s4
2022-07-14 02:38:29,934 [Thread-16] INFO  server.RaftServer$Division (RaftServerImpl.java:requestVote(1207)) - s0@group-F163B23E7A07 replies to PRE_VOTE vote request: s2<-s0#0:FAIL-t1. Peer's state: s0@group-F163B23E7A07:t1, leader=s4, voted=s0, raftlog=Memoized:s0@group-F163B23E7A07-SegmentedRaftLog:OPENED:c0, conf=0: [s3|rpc:localhost:40707|admin:localhost:37899|client:localhost:39537|dataStream:localhost:45577|priority:0, s4|rpc:localhost:41709|admin:localhost:46527|client:localhost:37803|dataStream:localhost:33761|priority:0, s0|rpc:localhost:37741|admin:localhost:46201|client:localhost:46213|dataStream:localhost:44011|priority:0, s1|rpc:localhost:39965|admin:localhost:38809|client:localhost:39467|dataStream:localhost:32971|priority:0, s2|rpc:localhost:33445|admin:localhost:44043|client:localhost:42341|dataStream:localhost:42157|priority:0], old=null
2022-07-14 02:38:29,934 [Thread-8] INFO  server.RaftServer$Division (RaftServerImpl.java:requestVote(1175)) - s4@group-F163B23E7A07: receive requestVote(PRE_VOTE, s2, group-F163B23E7A07, 1, (t:1, i:0))
2022-07-14 02:38:29,935 [Thread-8] INFO  impl.VoteContext (VoteContext.java:log(48)) - s4@group-F163B23E7A07-LEADER: reject PRE_VOTE from s2: this server is the leader and still has leadership
2022-07-14 02:38:29,935 [Thread-8] INFO  server.RaftServer$Division (RaftServerImpl.java:requestVote(1207)) - s4@group-F163B23E7A07 replies to PRE_VOTE vote request: s2<-s4#0:FAIL-t1. Peer's state: s4@group-F163B23E7A07:t1, leader=s4, voted=s4, raftlog=Memoized:s4@group-F163B23E7A07-SegmentedRaftLog:OPENED:c0, conf=0: [s3|rpc:localhost:40707|admin:localhost:37899|client:localhost:39537|dataStream:localhost:45577|priority:0, s4|rpc:localhost:41709|admin:localhost:46527|client:localhost:37803|dataStream:localhost:33761|priority:0, s0|rpc:localhost:37741|admin:localhost:46201|client:localhost:46213|dataStream:localhost:44011|priority:0, s1|rpc:localhost:39965|admin:localhost:38809|client:localhost:39467|dataStream:localhost:32971|priority:0, s2|rpc:localhost:33445|admin:localhost:44043|client:localhost:42341|dataStream:localhost:42157|priority:0], old=null
2022-07-14 02:38:29,948 [s2@group-F163B23E7A07-LeaderElection10] INFO  impl.LeaderElection (LeaderElection.java:logAndReturn(90)) - s2@group-F163B23E7A07-LeaderElection10: PRE_VOTE REJECTED received 1 response(s) and 0 exception(s):
2022-07-14 02:38:29,949 [s2@group-F163B23E7A07-LeaderElection10] INFO  impl.LeaderElection (LeaderElection.java:logAndReturn(94)) -   Response 0: s2<-s3#0:FAIL-t1
2022-07-14 02:38:29,949 [s2@group-F163B23E7A07-LeaderElection10] INFO  impl.LeaderElection (LeaderElection.java:askForVotes(312)) - s2@group-F163B23E7A07-LeaderElection10 PRE_VOTE round 0: result REJECTED
2022-07-14 02:38:29,983 [Thread-22] INFO  server.RaftServer$Division (ServerState.java:setLeader(304)) - s1@group-F163B23E7A07: change Leader from null to s4 at term 1 for appendEntries, leader elected after 226ms
2022-07-14 02:38:30,084 [Thread-21] INFO  server.RaftServer$Division (RaftServerImpl.java:requestVote(1175)) - s1@group-F163B23E7A07: receive requestVote(PRE_VOTE, s2, group-F163B23E7A07, 1, (t:1, i:0))
2022-07-14 02:38:30,084 [Thread-21] INFO  impl.VoteContext (VoteContext.java:log(48)) - s1@group-F163B23E7A07-FOLLOWER: reject PRE_VOTE from s2: this server is a follower and still has a valid leader s4
2022-07-14 02:38:30,084 [Thread-21] INFO  server.RaftServer$Division (RaftServerImpl.java:requestVote(1207)) - s1@group-F163B23E7A07 replies to PRE_VOTE vote request: s2<-s1#0:FAIL-t1. Peer's state: s1@group-F163B23E7A07:t1, leader=s4, voted=s4, raftlog=Memoized:s1@group-F163B23E7A07-SegmentedRaftLog:OPENED:c0, conf=0: [s3|rpc:localhost:40707|admin:localhost:37899|client:localhost:39537|dataStream:localhost:45577|priority:0, s4|rpc:localhost:41709|admin:localhost:46527|client:localhost:37803|dataStream:localhost:33761|priority:0, s0|rpc:localhost:37741|admin:localhost:46201|client:localhost:46213|dataStream:localhost:44011|priority:0, s1|rpc:localhost:39965|admin:localhost:38809|client:localhost:39467|dataStream:localhost:32971|priority:0, s2|rpc:localhost:33445|admin:localhost:44043|client:localhost:42341|dataStream:localhost:42157|priority:0], old=null
2022-07-14 02:38:30,258 [Time-limited test] INFO  simulation.TestLeaderElectionWithSimulatedRpc (LeaderElectionTests.java:enforceLeader(243)) - try enforcing leader to s1 but new leader is s4
2022-07-14 02:38:30,259 [Time-limited test] INFO  server.RaftServerConfigKeys (ConfUtils.java:logGet(46)) - raft.server.rpc.timeout.max = 300ms (default)
2022-07-14 02:38:30,563 [s1@group-F163B23E7A07-FollowerState] INFO  impl.FollowerState (FollowerState.java:run(143)) - s1@group-F163B23E7A07-FollowerState: change to CANDIDATE, lastRpcElapsedTime:309943425ns, electionTimeout:265ms
2022-07-14 02:38:30,564 [s1@group-F163B23E7A07-FollowerState] INFO  impl.RoleInfo (RoleInfo.java:shutdownFollowerState(110)) - s1: shutdown s1@group-F163B23E7A07-FollowerState
2022-07-14 02:38:30,564 [s1@group-F163B23E7A07-FollowerState] INFO  server.RaftServer$Division (RaftServerImpl.java:setRole(300)) - s1@group-F163B23E7A07: changes role from  FOLLOWER to CANDIDATE at term 1 for changeToCandidate
2022-07-14 02:38:30,564 [s1@group-F163B23E7A07-FollowerState] INFO  server.RaftServerConfigKeys (ConfUtils.java:logGet(46)) - raft.server.leaderelection.pre-vote = true (default)
2022-07-14 02:38:30,564 [s1@group-F163B23E7A07-FollowerState] INFO  impl.RoleInfo (RoleInfo.java:updateAndGet(139)) - s1: start s1@group-F163B23E7A07-LeaderElection11
2022-07-14 02:38:30,565 [s1@group-F163B23E7A07-LeaderElection11] INFO  server.RaftServer$Division (ServerState.java:setLeader(304)) - s1@group-F163B23E7A07: change Leader from s4 to null at term 1 for PRE_VOTE
2022-07-14 02:38:30,565 [s1@group-F163B23E7A07-LeaderElection11] INFO  impl.LeaderElection (LeaderElection.java:askForVotes(310)) - s1@group-F163B23E7A07-LeaderElection11 PRE_VOTE round 0: submit vote requests at term 1 for 0: [s3|rpc:localhost:40707|admin:localhost:37899|client:localhost:39537|dataStream:localhost:45577|priority:0, s4|rpc:localhost:41709|admin:localhost:46527|client:localhost:37803|dataStream:localhost:33761|priority:0, s0|rpc:localhost:37741|admin:localhost:46201|client:localhost:46213|dataStream:localhost:44011|priority:0, s1|rpc:localhost:39965|admin:localhost:38809|client:localhost:39467|dataStream:localhost:32971|priority:0, s2|rpc:localhost:33445|admin:localhost:44043|client:localhost:42341|dataStream:localhost:42157|priority:0], old=null
2022-07-14 02:38:30,611 [s2@group-F163B23E7A07-FollowerState] INFO  impl.FollowerState (FollowerState.java:run(143)) - s2@group-F163B23E7A07-FollowerState: change to CANDIDATE, lastRpcElapsedTime:195079793ns, electionTimeout:158ms
2022-07-14 02:38:30,611 [s2@group-F163B23E7A07-FollowerState] INFO  impl.RoleInfo (RoleInfo.java:shutdownFollowerState(110)) - s2: shutdown s2@group-F163B23E7A07-FollowerState
2022-07-14 02:38:30,611 [s2@group-F163B23E7A07-FollowerState] INFO  server.RaftServer$Division (RaftServerImpl.java:setRole(300)) - s2@group-F163B23E7A07: changes role from  FOLLOWER to CANDIDATE at term 1 for changeToCandidate
2022-07-14 02:38:30,611 [s2@group-F163B23E7A07-FollowerState] INFO  server.RaftServerConfigKeys (ConfUtils.java:logGet(46)) - raft.server.leaderelection.pre-vote = true (default)
2022-07-14 02:38:30,612 [s2@group-F163B23E7A07-FollowerState] INFO  impl.RoleInfo (RoleInfo.java:updateAndGet(139)) - s2: start s2@group-F163B23E7A07-LeaderElection12
2022-07-14 02:38:30,612 [s2@group-F163B23E7A07-LeaderElection12] INFO  server.RaftServer$Division (ServerState.java:setLeader(304)) - s2@group-F163B23E7A07: change Leader from s4 to null at term 1 for PRE_VOTE
2022-07-14 02:38:30,613 [s2@group-F163B23E7A07-LeaderElection12] INFO  impl.LeaderElection (LeaderElection.java:askForVotes(310)) - s2@group-F163B23E7A07-LeaderElection12 PRE_VOTE round 0: submit vote requests at term 1 for 0: [s3|rpc:localhost:40707|admin:localhost:37899|client:localhost:39537|dataStream:localhost:45577|priority:0, s4|rpc:localhost:41709|admin:localhost:46527|client:localhost:37803|dataStream:localhost:33761|priority:0, s0|rpc:localhost:37741|admin:localhost:46201|client:localhost:46213|dataStream:localhost:44011|priority:0, s1|rpc:localhost:39965|admin:localhost:38809|client:localhost:39467|dataStream:localhost:32971|priority:0, s2|rpc:localhost:33445|admin:localhost:44043|client:localhost:42341|dataStream:localhost:42157|priority:0], old=null
2022-07-14 02:38:30,660 [Thread-30] INFO  server.RaftServer$Division (RaftServerImpl.java:setRole(300)) - s2@group-F163B23E7A07: changes role from CANDIDATE to FOLLOWER at term 1 for appendEntries
2022-07-14 02:38:30,660 [Thread-30] INFO  impl.RoleInfo (RoleInfo.java:shutdownLeaderElection(130)) - s2: shutdown s2@group-F163B23E7A07-LeaderElection12
2022-07-14 02:38:30,660 [Thread-30] INFO  impl.RoleInfo (RoleInfo.java:updateAndGet(139)) - s2: start s2@group-F163B23E7A07-FollowerState
2022-07-14 02:38:30,660 [Thread-30] INFO  server.RaftServer$Division (ServerState.java:setLeader(304)) - s2@group-F163B23E7A07: change Leader from null to s4 at term 1 for appendEntries, leader elected after 48ms
2022-07-14 02:38:30,689 [s3@group-F163B23E7A07-FollowerState] INFO  impl.FollowerState (FollowerState.java:run(143)) - s3@group-F163B23E7A07-FollowerState: change to CANDIDATE, lastRpcElapsedTime:226266548ns, electionTimeout:223ms
2022-07-14 02:38:30,690 [s3@group-F163B23E7A07-FollowerState] INFO  impl.RoleInfo (RoleInfo.java:shutdownFollowerState(110)) - s3: shutdown s3@group-F163B23E7A07-FollowerState
2022-07-14 02:38:30,690 [s3@group-F163B23E7A07-FollowerState] INFO  server.RaftServer$Division (RaftServerImpl.java:setRole(300)) - s3@group-F163B23E7A07: changes role from  FOLLOWER to CANDIDATE at term 1 for changeToCandidate
2022-07-14 02:38:30,690 [s3@group-F163B23E7A07-FollowerState] INFO  server.RaftServerConfigKeys (ConfUtils.java:logGet(46)) - raft.server.leaderelection.pre-vote = true (default)
2022-07-14 02:38:30,690 [s3@group-F163B23E7A07-FollowerState] INFO  impl.RoleInfo (RoleInfo.java:updateAndGet(139)) - s3: start s3@group-F163B23E7A07-LeaderElection13
2022-07-14 02:38:30,691 [s3@group-F163B23E7A07-LeaderElection13] INFO  server.RaftServer$Division (ServerState.java:setLeader(304)) - s3@group-F163B23E7A07: change Leader from s4 to null at term 1 for PRE_VOTE
2022-07-14 02:38:30,691 [s3@group-F163B23E7A07-LeaderElection13] INFO  impl.LeaderElection (LeaderElection.java:askForVotes(310)) - s3@group-F163B23E7A07-LeaderElection13 PRE_VOTE round 0: submit vote requests at term 1 for 0: [s3|rpc:localhost:40707|admin:localhost:37899|client:localhost:39537|dataStream:localhost:45577|priority:0, s4|rpc:localhost:41709|admin:localhost:46527|client:localhost:37803|dataStream:localhost:33761|priority:0, s0|rpc:localhost:37741|admin:localhost:46201|client:localhost:46213|dataStream:localhost:44011|priority:0, s1|rpc:localhost:39965|admin:localhost:38809|client:localhost:39467|dataStream:localhost:32971|priority:0, s2|rpc:localhost:33445|admin:localhost:44043|client:localhost:42341|dataStream:localhost:42157|priority:0], old=null
2022-07-14 02:38:30,700 [Thread-2] INFO  server.RaftServer$Division (RaftServerImpl.java:setRole(300)) - s3@group-F163B23E7A07: changes role from CANDIDATE to FOLLOWER at term 1 for appendEntries
2022-07-14 02:38:30,700 [Thread-2] INFO  impl.RoleInfo (RoleInfo.java:shutdownLeaderElection(130)) - s3: shutdown s3@group-F163B23E7A07-LeaderElection13
2022-07-14 02:38:30,701 [Thread-2] INFO  impl.RoleInfo (RoleInfo.java:updateAndGet(139)) - s3: start s3@group-F163B23E7A07-FollowerState
2022-07-14 02:38:30,701 [Thread-2] INFO  server.RaftServer$Division (ServerState.java:setLeader(304)) - s3@group-F163B23E7A07: change Leader from null to s4 at term 1 for appendEntries, leader elected after 10ms
2022-07-14 02:38:30,710 [Time-limited test] INFO  server.RaftServerConfigKeys (ConfUtils.java:logGet(46)) - raft.server.rpc.timeout.max = 300ms (default)
2022-07-14 02:38:30,716 [Thread-0] INFO  server.RaftServer$Division (RaftServerImpl.java:requestVote(1175)) - s3@group-F163B23E7A07: receive requestVote(PRE_VOTE, s1, group-F163B23E7A07, 1, (t:1, i:0))
2022-07-14 02:38:30,716 [Thread-0] INFO  impl.VoteContext (VoteContext.java:log(48)) - s3@group-F163B23E7A07-FOLLOWER: reject PRE_VOTE from s1: this server is a follower and still has a valid leader s4
2022-07-14 02:38:30,716 [Thread-15] INFO  server.RaftServer$Division (RaftServerImpl.java:requestVote(1175)) - s0@group-F163B23E7A07: receive requestVote(PRE_VOTE, s1, group-F163B23E7A07, 1, (t:1, i:0))
2022-07-14 02:38:30,716 [Thread-15] INFO  impl.VoteContext (VoteContext.java:log(48)) - s0@group-F163B23E7A07-FOLLOWER: reject PRE_VOTE from s1: this server is a follower and still has a valid leader s4
2022-07-14 02:38:30,716 [Thread-9] INFO  server.RaftServer$Division (RaftServerImpl.java:requestVote(1175)) - s4@group-F163B23E7A07: receive requestVote(PRE_VOTE, s1, group-F163B23E7A07, 1, (t:1, i:0))
2022-07-14 02:38:30,716 [Thread-29] INFO  server.RaftServer$Division (RaftServerImpl.java:requestVote(1175)) - s2@group-F163B23E7A07: receive requestVote(PRE_VOTE, s1, group-F163B23E7A07, 1, (t:1, i:0))
2022-07-14 02:38:30,716 [Thread-0] INFO  server.RaftServer$Division (RaftServerImpl.java:requestVote(1207)) - s3@group-F163B23E7A07 replies to PRE_VOTE vote request: s1<-s3#0:FAIL-t1. Peer's state: s3@group-F163B23E7A07:t1, leader=s4, voted=s4, raftlog=Memoized:s3@group-F163B23E7A07-SegmentedRaftLog:OPENED:c0, conf=0: [s3|rpc:localhost:40707|admin:localhost:37899|client:localhost:39537|dataStream:localhost:45577|priority:0, s4|rpc:localhost:41709|admin:localhost:46527|client:localhost:37803|dataStream:localhost:33761|priority:0, s0|rpc:localhost:37741|admin:localhost:46201|client:localhost:46213|dataStream:localhost:44011|priority:0, s1|rpc:localhost:39965|admin:localhost:38809|client:localhost:39467|dataStream:localhost:32971|priority:0, s2|rpc:localhost:33445|admin:localhost:44043|client:localhost:42341|dataStream:localhost:42157|priority:0], old=null
2022-07-14 02:38:30,716 [Thread-29] INFO  impl.VoteContext (VoteContext.java:log(48)) - s2@group-F163B23E7A07-FOLLOWER: reject PRE_VOTE from s1: this server is a follower and still has a valid leader s4
2022-07-14 02:38:30,716 [Thread-9] INFO  impl.VoteContext (VoteContext.java:log(48)) - s4@group-F163B23E7A07-LEADER: reject PRE_VOTE from s1: this server is the leader and still has leadership
2022-07-14 02:38:30,716 [Thread-15] INFO  server.RaftServer$Division (RaftServerImpl.java:requestVote(1207)) - s0@group-F163B23E7A07 replies to PRE_VOTE vote request: s1<-s0#0:FAIL-t1. Peer's state: s0@group-F163B23E7A07:t1, leader=s4, voted=s0, raftlog=Memoized:s0@group-F163B23E7A07-SegmentedRaftLog:OPENED:c0, conf=0: [s3|rpc:localhost:40707|admin:localhost:37899|client:localhost:39537|dataStream:localhost:45577|priority:0, s4|rpc:localhost:41709|admin:localhost:46527|client:localhost:37803|dataStream:localhost:33761|priority:0, s0|rpc:localhost:37741|admin:localhost:46201|client:localhost:46213|dataStream:localhost:44011|priority:0, s1|rpc:localhost:39965|admin:localhost:38809|client:localhost:39467|dataStream:localhost:32971|priority:0, s2|rpc:localhost:33445|admin:localhost:44043|client:localhost:42341|dataStream:localhost:42157|priority:0], old=null
2022-07-14 02:38:30,717 [Thread-9] INFO  server.RaftServer$Division (RaftServerImpl.java:requestVote(1207)) - s4@group-F163B23E7A07 replies to PRE_VOTE vote request: s1<-s4#0:FAIL-t1. Peer's state: s4@group-F163B23E7A07:t1, leader=s4, voted=s4, raftlog=Memoized:s4@group-F163B23E7A07-SegmentedRaftLog:OPENED:c0, conf=0: [s3|rpc:localhost:40707|admin:localhost:37899|client:localhost:39537|dataStream:localhost:45577|priority:0, s4|rpc:localhost:41709|admin:localhost:46527|client:localhost:37803|dataStream:localhost:33761|priority:0, s0|rpc:localhost:37741|admin:localhost:46201|client:localhost:46213|dataStream:localhost:44011|priority:0, s1|rpc:localhost:39965|admin:localhost:38809|client:localhost:39467|dataStream:localhost:32971|priority:0, s2|rpc:localhost:33445|admin:localhost:44043|client:localhost:42341|dataStream:localhost:42157|priority:0], old=null
2022-07-14 02:38:30,716 [Thread-29] INFO  server.RaftServer$Division (RaftServerImpl.java:requestVote(1207)) - s2@group-F163B23E7A07 replies to PRE_VOTE vote request: s1<-s2#0:FAIL-t1. Peer's state: s2@group-F163B23E7A07:t1, leader=s4, voted=s4, raftlog=Memoized:s2@group-F163B23E7A07-SegmentedRaftLog:OPENED:c0, conf=0: [s3|rpc:localhost:40707|admin:localhost:37899|client:localhost:39537|dataStream:localhost:45577|priority:0, s4|rpc:localhost:41709|admin:localhost:46527|client:localhost:37803|dataStream:localhost:33761|priority:0, s0|rpc:localhost:37741|admin:localhost:46201|client:localhost:46213|dataStream:localhost:44011|priority:0, s1|rpc:localhost:39965|admin:localhost:38809|client:localhost:39467|dataStream:localhost:32971|priority:0, s2|rpc:localhost:33445|admin:localhost:44043|client:localhost:42341|dataStream:localhost:42157|priority:0], old=null
2022-07-14 02:38:30,727 [Thread-16] INFO  server.RaftServer$Division (RaftServerImpl.java:requestVote(1175)) - s0@group-F163B23E7A07: receive requestVote(PRE_VOTE, s3, group-F163B23E7A07, 1, (t:1, i:0))
2022-07-14 02:38:30,727 [Thread-16] INFO  impl.VoteContext (VoteContext.java:log(48)) - s0@group-F163B23E7A07-FOLLOWER: reject PRE_VOTE from s3: this server is a follower and still has a valid leader s4
2022-07-14 02:38:30,727 [Thread-16] INFO  server.RaftServer$Division (RaftServerImpl.java:requestVote(1207)) - s0@group-F163B23E7A07 replies to PRE_VOTE vote request: s3<-s0#0:FAIL-t1. Peer's state: s0@group-F163B23E7A07:t1, leader=s4, voted=s0, raftlog=Memoized:s0@group-F163B23E7A07-SegmentedRaftLog:OPENED:c0, conf=0: [s3|rpc:localhost:40707|admin:localhost:37899|client:localhost:39537|dataStream:localhost:45577|priority:0, s4|rpc:localhost:41709|admin:localhost:46527|client:localhost:37803|dataStream:localhost:33761|priority:0, s0|rpc:localhost:37741|admin:localhost:46201|client:localhost:46213|dataStream:localhost:44011|priority:0, s1|rpc:localhost:39965|admin:localhost:38809|client:localhost:39467|dataStream:localhost:32971|priority:0, s2|rpc:localhost:33445|admin:localhost:44043|client:localhost:42341|dataStream:localhost:42157|priority:0], old=null
2022-07-14 02:38:30,736 [s1@group-F163B23E7A07-LeaderElection11] INFO  impl.LeaderElection (LeaderElection.java:logAndReturn(90)) - s1@group-F163B23E7A07-LeaderElection11: PRE_VOTE REJECTED received 3 response(s) and 0 exception(s):
2022-07-14 02:38:30,736 [s1@group-F163B23E7A07-LeaderElection11] INFO  impl.LeaderElection (LeaderElection.java:logAndReturn(94)) -   Response 0: s1<-s3#0:FAIL-t1
2022-07-14 02:38:30,736 [s1@group-F163B23E7A07-LeaderElection11] INFO  impl.LeaderElection (LeaderElection.java:logAndReturn(94)) -   Response 1: s1<-s4#0:FAIL-t1
2022-07-14 02:38:30,736 [s1@group-F163B23E7A07-LeaderElection11] INFO  impl.LeaderElection (LeaderElection.java:logAndReturn(94)) -   Response 2: s1<-s0#0:FAIL-t1
2022-07-14 02:38:30,736 [s1@group-F163B23E7A07-LeaderElection11] INFO  impl.LeaderElection (LeaderElection.java:askForVotes(312)) - s1@group-F163B23E7A07-LeaderElection11 PRE_VOTE round 0: result REJECTED
2022-07-14 02:38:30,736 [s1@group-F163B23E7A07-LeaderElection11] INFO  server.RaftServer$Division (RaftServerImpl.java:setRole(300)) - s1@group-F163B23E7A07: changes role from CANDIDATE to FOLLOWER at term 1 for REJECTED
2022-07-14 02:38:30,736 [s1@group-F163B23E7A07-LeaderElection11] INFO  impl.RoleInfo (RoleInfo.java:shutdownLeaderElection(130)) - s1: shutdown s1@group-F163B23E7A07-LeaderElection11
2022-07-14 02:38:30,737 [s1@group-F163B23E7A07-LeaderElection11] INFO  impl.RoleInfo (RoleInfo.java:updateAndGet(139)) - s1: start s1@group-F163B23E7A07-FollowerState
2022-07-14 02:38:30,744 [s3@group-F163B23E7A07-LeaderElection13] INFO  impl.LeaderElection (LeaderElection.java:logAndReturn(90)) - s3@group-F163B23E7A07-LeaderElection13: PRE_VOTE REJECTED received 1 response(s) and 0 exception(s):
2022-07-14 02:38:30,744 [s3@group-F163B23E7A07-LeaderElection13] INFO  impl.LeaderElection (LeaderElection.java:logAndReturn(94)) -   Response 0: s3<-s0#0:FAIL-t1
2022-07-14 02:38:30,744 [s3@group-F163B23E7A07-LeaderElection13] INFO  impl.LeaderElection (LeaderElection.java:askForVotes(312)) - s3@group-F163B23E7A07-LeaderElection13 PRE_VOTE round 0: result REJECTED
2022-07-14 02:38:30,764 [Thread-1] INFO  server.RaftServer$Division (RaftServerImpl.java:requestVote(1175)) - s3@group-F163B23E7A07: receive requestVote(PRE_VOTE, s2, group-F163B23E7A07, 1, (t:1, i:0))
2022-07-14 02:38:30,764 [Thread-1] INFO  impl.VoteContext (VoteContext.java:log(48)) - s3@group-F163B23E7A07-FOLLOWER: reject PRE_VOTE from s2: this server is a follower and still has a valid leader s4
2022-07-14 02:38:30,764 [Thread-1] INFO  server.RaftServer$Division (RaftServerImpl.java:requestVote(1207)) - s3@group-F163B23E7A07 replies to PRE_VOTE vote request: s2<-s3#0:FAIL-t1. Peer's state: s3@group-F163B23E7A07:t1, leader=s4, voted=s4, raftlog=Memoized:s3@group-F163B23E7A07-SegmentedRaftLog:OPENED:c0, conf=0: [s3|rpc:localhost:40707|admin:localhost:37899|client:localhost:39537|dataStream:localhost:45577|priority:0, s4|rpc:localhost:41709|admin:localhost:46527|client:localhost:37803|dataStream:localhost:33761|priority:0, s0|rpc:localhost:37741|admin:localhost:46201|client:localhost:46213|dataStream:localhost:44011|priority:0, s1|rpc:localhost:39965|admin:localhost:38809|client:localhost:39467|dataStream:localhost:32971|priority:0, s2|rpc:localhost:33445|admin:localhost:44043|client:localhost:42341|dataStream:localhost:42157|priority:0], old=null
2022-07-14 02:38:30,764 [Thread-7] INFO  server.RaftServer$Division (RaftServerImpl.java:requestVote(1175)) - s4@group-F163B23E7A07: receive requestVote(PRE_VOTE, s2, group-F163B23E7A07, 1, (t:1, i:0))
2022-07-14 02:38:30,765 [Thread-7] INFO  impl.VoteContext (VoteContext.java:log(48)) - s4@group-F163B23E7A07-LEADER: reject PRE_VOTE from s2: this server is the leader and still has leadership
2022-07-14 02:38:30,765 [Thread-7] INFO  server.RaftServer$Division (RaftServerImpl.java:requestVote(1207)) - s4@group-F163B23E7A07 replies to PRE_VOTE vote request: s2<-s4#0:FAIL-t1. Peer's state: s4@group-F163B23E7A07:t1, leader=s4, voted=s4, raftlog=Memoized:s4@group-F163B23E7A07-SegmentedRaftLog:OPENED:c0, conf=0: [s3|rpc:localhost:40707|admin:localhost:37899|client:localhost:39537|dataStream:localhost:45577|priority:0, s4|rpc:localhost:41709|admin:localhost:46527|client:localhost:37803|dataStream:localhost:33761|priority:0, s0|rpc:localhost:37741|admin:localhost:46201|client:localhost:46213|dataStream:localhost:44011|priority:0, s1|rpc:localhost:39965|admin:localhost:38809|client:localhost:39467|dataStream:localhost:32971|priority:0, s2|rpc:localhost:33445|admin:localhost:44043|client:localhost:42341|dataStream:localhost:42157|priority:0], old=null
2022-07-14 02:38:30,765 [Thread-14] INFO  server.RaftServer$Division (RaftServerImpl.java:requestVote(1175)) - s0@group-F163B23E7A07: receive requestVote(PRE_VOTE, s2, group-F163B23E7A07, 1, (t:1, i:0))
2022-07-14 02:38:30,765 [Thread-14] INFO  impl.VoteContext (VoteContext.java:log(48)) - s0@group-F163B23E7A07-FOLLOWER: reject PRE_VOTE from s2: this server is a follower and still has a valid leader s4
2022-07-14 02:38:30,765 [Thread-14] INFO  server.RaftServer$Division (RaftServerImpl.java:requestVote(1207)) - s0@group-F163B23E7A07 replies to PRE_VOTE vote request: s2<-s0#0:FAIL-t1. Peer's state: s0@group-F163B23E7A07:t1, leader=s4, voted=s0, raftlog=Memoized:s0@group-F163B23E7A07-SegmentedRaftLog:OPENED:c0, conf=0: [s3|rpc:localhost:40707|admin:localhost:37899|client:localhost:39537|dataStream:localhost:45577|priority:0, s4|rpc:localhost:41709|admin:localhost:46527|client:localhost:37803|dataStream:localhost:33761|priority:0, s0|rpc:localhost:37741|admin:localhost:46201|client:localhost:46213|dataStream:localhost:44011|priority:0, s1|rpc:localhost:39965|admin:localhost:38809|client:localhost:39467|dataStream:localhost:32971|priority:0, s2|rpc:localhost:33445|admin:localhost:44043|client:localhost:42341|dataStream:localhost:42157|priority:0], old=null
2022-07-14 02:38:30,776 [s2@group-F163B23E7A07-LeaderElection12] INFO  impl.LeaderElection (LeaderElection.java:logAndReturn(90)) - s2@group-F163B23E7A07-LeaderElection12: PRE_VOTE REJECTED received 1 response(s) and 0 exception(s):
2022-07-14 02:38:30,777 [s2@group-F163B23E7A07-LeaderElection12] INFO  impl.LeaderElection (LeaderElection.java:logAndReturn(94)) -   Response 0: s2<-s3#0:FAIL-t1
2022-07-14 02:38:30,777 [s2@group-F163B23E7A07-LeaderElection12] INFO  impl.LeaderElection (LeaderElection.java:askForVotes(312)) - s2@group-F163B23E7A07-LeaderElection12 PRE_VOTE round 0: result REJECTED
2022-07-14 02:38:30,842 [Thread-8] INFO  server.RaftServer$Division (RaftServerImpl.java:requestVote(1175)) - s4@group-F163B23E7A07: receive requestVote(PRE_VOTE, s3, group-F163B23E7A07, 1, (t:1, i:0))
2022-07-14 02:38:30,842 [Thread-8] INFO  impl.VoteContext (VoteContext.java:log(48)) - s4@group-F163B23E7A07-LEADER: reject PRE_VOTE from s3: this server is the leader and still has leadership
2022-07-14 02:38:30,843 [Thread-8] INFO  server.RaftServer$Division (RaftServerImpl.java:requestVote(1207)) - s4@group-F163B23E7A07 replies to PRE_VOTE vote request: s3<-s4#0:FAIL-t1. Peer's state: s4@group-F163B23E7A07:t1, leader=s4, voted=s4, raftlog=Memoized:s4@group-F163B23E7A07-SegmentedRaftLog:OPENED:c0, conf=0: [s3|rpc:localhost:40707|admin:localhost:37899|client:localhost:39537|dataStream:localhost:45577|priority:0, s4|rpc:localhost:41709|admin:localhost:46527|client:localhost:37803|dataStream:localhost:33761|priority:0, s0|rpc:localhost:37741|admin:localhost:46201|client:localhost:46213|dataStream:localhost:44011|priority:0, s1|rpc:localhost:39965|admin:localhost:38809|client:localhost:39467|dataStream:localhost:32971|priority:0, s2|rpc:localhost:33445|admin:localhost:44043|client:localhost:42341|dataStream:localhost:42157|priority:0], old=null
2022-07-14 02:38:30,842 [Thread-31] INFO  server.RaftServer$Division (RaftServerImpl.java:requestVote(1175)) - s2@group-F163B23E7A07: receive requestVote(PRE_VOTE, s3, group-F163B23E7A07, 1, (t:1, i:0))
2022-07-14 02:38:30,843 [Thread-31] INFO  impl.VoteContext (VoteContext.java:log(48)) - s2@group-F163B23E7A07-FOLLOWER: reject PRE_VOTE from s3: this server is a follower and still has a valid leader s4
2022-07-14 02:38:30,843 [Thread-31] INFO  server.RaftServer$Division (RaftServerImpl.java:requestVote(1207)) - s2@group-F163B23E7A07 replies to PRE_VOTE vote request: s3<-s2#0:FAIL-t1. Peer's state: s2@group-F163B23E7A07:t1, leader=s4, voted=s4, raftlog=Memoized:s2@group-F163B23E7A07-SegmentedRaftLog:OPENED:c0, conf=0: [s3|rpc:localhost:40707|admin:localhost:37899|client:localhost:39537|dataStream:localhost:45577|priority:0, s4|rpc:localhost:41709|admin:localhost:46527|client:localhost:37803|dataStream:localhost:33761|priority:0, s0|rpc:localhost:37741|admin:localhost:46201|client:localhost:46213|dataStream:localhost:44011|priority:0, s1|rpc:localhost:39965|admin:localhost:38809|client:localhost:39467|dataStream:localhost:32971|priority:0, s2|rpc:localhost:33445|admin:localhost:44043|client:localhost:42341|dataStream:localhost:42157|priority:0], old=null
2022-07-14 02:38:30,916 [Thread-21] INFO  server.RaftServer$Division (RaftServerImpl.java:requestVote(1175)) - s1@group-F163B23E7A07: receive requestVote(PRE_VOTE, s2, group-F163B23E7A07, 1, (t:1, i:0))
2022-07-14 02:38:30,917 [Thread-21] INFO  impl.VoteContext (VoteContext.java:log(48)) - s1@group-F163B23E7A07-FOLLOWER: accept PRE_VOTE from s2: our priority 0 <= candidate's priority 0
2022-07-14 02:38:30,917 [Thread-21] INFO  server.RaftServer$Division (RaftServerImpl.java:requestVote(1207)) - s1@group-F163B23E7A07 replies to PRE_VOTE vote request: s2<-s1#0:OK-t1. Peer's state: s1@group-F163B23E7A07:t1, leader=null, voted=s4, raftlog=Memoized:s1@group-F163B23E7A07-SegmentedRaftLog:OPENED:c0, conf=0: [s3|rpc:localhost:40707|admin:localhost:37899|client:localhost:39537|dataStream:localhost:45577|priority:0, s4|rpc:localhost:41709|admin:localhost:46527|client:localhost:37803|dataStream:localhost:33761|priority:0, s0|rpc:localhost:37741|admin:localhost:46201|client:localhost:46213|dataStream:localhost:44011|priority:0, s1|rpc:localhost:39965|admin:localhost:38809|client:localhost:39467|dataStream:localhost:32971|priority:0, s2|rpc:localhost:33445|admin:localhost:44043|client:localhost:42341|dataStream:localhost:42157|priority:0], old=null
2022-07-14 02:38:30,943 [Thread-22] INFO  server.RaftServer$Division (ServerState.java:setLeader(304)) - s1@group-F163B23E7A07: change Leader from null to s4 at term 1 for appendEntries, leader elected after 378ms
2022-07-14 02:38:30,992 [Thread-23] INFO  server.RaftServer$Division (RaftServerImpl.java:requestVote(1175)) - s1@group-F163B23E7A07: receive requestVote(PRE_VOTE, s3, group-F163B23E7A07, 1, (t:1, i:0))
2022-07-14 02:38:30,992 [Thread-23] INFO  impl.VoteContext (VoteContext.java:log(48)) - s1@group-F163B23E7A07-FOLLOWER: reject PRE_VOTE from s3: this server is a follower and still has a valid leader s4
2022-07-14 02:38:30,993 [Thread-23] INFO  server.RaftServer$Division (RaftServerImpl.java:requestVote(1207)) - s1@group-F163B23E7A07 replies to PRE_VOTE vote request: s3<-s1#0:FAIL-t1. Peer's state: s1@group-F163B23E7A07:t1, leader=s4, voted=s4, raftlog=Memoized:s1@group-F163B23E7A07-SegmentedRaftLog:OPENED:c0, conf=0: [s3|rpc:localhost:40707|admin:localhost:37899|client:localhost:39537|dataStream:localhost:45577|priority:0, s4|rpc:localhost:41709|admin:localhost:46527|client:localhost:37803|dataStream:localhost:33761|priority:0, s0|rpc:localhost:37741|admin:localhost:46201|client:localhost:46213|dataStream:localhost:44011|priority:0, s1|rpc:localhost:39965|admin:localhost:38809|client:localhost:39467|dataStream:localhost:32971|priority:0, s2|rpc:localhost:33445|admin:localhost:44043|client:localhost:42341|dataStream:localhost:42157|priority:0], old=null
2022-07-14 02:38:31,161 [Time-limited test] INFO  simulation.TestLeaderElectionWithSimulatedRpc (LeaderElectionTests.java:enforceLeader(243)) - try enforcing leader to s1 but new leader is s4
2022-07-14 02:38:31,161 [Time-limited test] INFO  server.RaftServerConfigKeys (ConfUtils.java:logGet(46)) - raft.server.rpc.timeout.max = 300ms (default)
2022-07-14 02:38:31,351 [s0@group-F163B23E7A07-FollowerState] INFO  impl.FollowerState (FollowerState.java:run(143)) - s0@group-F163B23E7A07-FollowerState: change to CANDIDATE, lastRpcElapsedTime:189053799ns, electionTimeout:169ms
2022-07-14 02:38:31,352 [s0@group-F163B23E7A07-FollowerState] INFO  impl.RoleInfo (RoleInfo.java:shutdownFollowerState(110)) - s0: shutdown s0@group-F163B23E7A07-FollowerState
2022-07-14 02:38:31,352 [s0@group-F163B23E7A07-FollowerState] INFO  server.RaftServer$Division (RaftServerImpl.java:setRole(300)) - s0@group-F163B23E7A07: changes role from  FOLLOWER to CANDIDATE at term 1 for changeToCandidate
2022-07-14 02:38:31,352 [s0@group-F163B23E7A07-FollowerState] INFO  server.RaftServerConfigKeys (ConfUtils.java:logGet(46)) - raft.server.leaderelection.pre-vote = true (default)
2022-07-14 02:38:31,352 [s0@group-F163B23E7A07-FollowerState] INFO  impl.RoleInfo (RoleInfo.java:updateAndGet(139)) - s0: start s0@group-F163B23E7A07-LeaderElection14
2022-07-14 02:38:31,353 [s0@group-F163B23E7A07-LeaderElection14] INFO  server.RaftServer$Division (ServerState.java:setLeader(304)) - s0@group-F163B23E7A07: change Leader from s4 to null at term 1 for PRE_VOTE
2022-07-14 02:38:31,353 [s0@group-F163B23E7A07-LeaderElection14] INFO  impl.LeaderElection (LeaderElection.java:askForVotes(310)) - s0@group-F163B23E7A07-LeaderElection14 PRE_VOTE round 0: submit vote requests at term 1 for 0: [s3|rpc:localhost:40707|admin:localhost:37899|client:localhost:39537|dataStream:localhost:45577|priority:0, s4|rpc:localhost:41709|admin:localhost:46527|client:localhost:37803|dataStream:localhost:33761|priority:0, s0|rpc:localhost:37741|admin:localhost:46201|client:localhost:46213|dataStream:localhost:44011|priority:0, s1|rpc:localhost:39965|admin:localhost:38809|client:localhost:39467|dataStream:localhost:32971|priority:0, s2|rpc:localhost:33445|admin:localhost:44043|client:localhost:42341|dataStream:localhost:42157|priority:0], old=null
2022-07-14 02:38:31,400 [Thread-14] INFO  server.RaftServer$Division (RaftServerImpl.java:setRole(300)) - s0@group-F163B23E7A07: changes role from CANDIDATE to FOLLOWER at term 1 for appendEntries
2022-07-14 02:38:31,400 [Thread-14] INFO  impl.RoleInfo (RoleInfo.java:shutdownLeaderElection(130)) - s0: shutdown s0@group-F163B23E7A07-LeaderElection14
2022-07-14 02:38:31,400 [Thread-14] INFO  impl.RoleInfo (RoleInfo.java:updateAndGet(139)) - s0: start s0@group-F163B23E7A07-FollowerState
2022-07-14 02:38:31,400 [Thread-14] INFO  server.RaftServer$Division (ServerState.java:setLeader(304)) - s0@group-F163B23E7A07: change Leader from null to s4 at term 1 for appendEntries, leader elected after 47ms
2022-07-14 02:38:31,497 [s1@group-F163B23E7A07-FollowerState] INFO  impl.FollowerState (FollowerState.java:run(143)) - s1@group-F163B23E7A07-FollowerState: change to CANDIDATE, lastRpcElapsedTime:375630603ns, electionTimeout:281ms
2022-07-14 02:38:31,498 [s1@group-F163B23E7A07-FollowerState] INFO  impl.RoleInfo (RoleInfo.java:shutdownFollowerState(110)) - s1: shutdown s1@group-F163B23E7A07-FollowerState
2022-07-14 02:38:31,498 [s1@group-F163B23E7A07-FollowerState] INFO  server.RaftServer$Division (RaftServerImpl.java:setRole(300)) - s1@group-F163B23E7A07: changes role from  FOLLOWER to CANDIDATE at term 1 for changeToCandidate
2022-07-14 02:38:31,498 [s1@group-F163B23E7A07-FollowerState] INFO  server.RaftServerConfigKeys (ConfUtils.java:logGet(46)) - raft.server.leaderelection.pre-vote = true (default)
2022-07-14 02:38:31,498 [s1@group-F163B23E7A07-FollowerState] INFO  impl.RoleInfo (RoleInfo.java:updateAndGet(139)) - s1: start s1@group-F163B23E7A07-LeaderElection15
2022-07-14 02:38:31,499 [s1@group-F163B23E7A07-LeaderElection15] INFO  server.RaftServer$Division (ServerState.java:setLeader(304)) - s1@group-F163B23E7A07: change Leader from s4 to null at term 1 for PRE_VOTE
2022-07-14 02:38:31,499 [s1@group-F163B23E7A07-LeaderElection15] INFO  impl.LeaderElection (LeaderElection.java:askForVotes(310)) - s1@group-F163B23E7A07-LeaderElection15 PRE_VOTE round 0: submit vote requests at term 1 for 0: [s3|rpc:localhost:40707|admin:localhost:37899|client:localhost:39537|dataStream:localhost:45577|priority:0, s4|rpc:localhost:41709|admin:localhost:46527|client:localhost:37803|dataStream:localhost:33761|priority:0, s0|rpc:localhost:37741|admin:localhost:46201|client:localhost:46213|dataStream:localhost:44011|priority:0, s1|rpc:localhost:39965|admin:localhost:38809|client:localhost:39467|dataStream:localhost:32971|priority:0, s2|rpc:localhost:33445|admin:localhost:44043|client:localhost:42341|dataStream:localhost:42157|priority:0], old=null
2022-07-14 02:38:31,504 [Thread-2] INFO  server.RaftServer$Division (RaftServerImpl.java:requestVote(1175)) - s3@group-F163B23E7A07: receive requestVote(PRE_VOTE, s0, group-F163B23E7A07, 1, (t:1, i:0))
2022-07-14 02:38:31,504 [Thread-2] INFO  impl.VoteContext (VoteContext.java:log(48)) - s3@group-F163B23E7A07-FOLLOWER: reject PRE_VOTE from s0: this server is a follower and still has a valid leader s4
2022-07-14 02:38:31,504 [Thread-2] INFO  server.RaftServer$Division (RaftServerImpl.java:requestVote(1207)) - s3@group-F163B23E7A07 replies to PRE_VOTE vote request: s0<-s3#0:FAIL-t1. Peer's state: s3@group-F163B23E7A07:t1, leader=s4, voted=s4, raftlog=Memoized:s3@group-F163B23E7A07-SegmentedRaftLog:OPENED:c0, conf=0: [s3|rpc:localhost:40707|admin:localhost:37899|client:localhost:39537|dataStream:localhost:45577|priority:0, s4|rpc:localhost:41709|admin:localhost:46527|client:localhost:37803|dataStream:localhost:33761|priority:0, s0|rpc:localhost:37741|admin:localhost:46201|client:localhost:46213|dataStream:localhost:44011|priority:0, s1|rpc:localhost:39965|admin:localhost:38809|client:localhost:39467|dataStream:localhost:32971|priority:0, s2|rpc:localhost:33445|admin:localhost:44043|client:localhost:42341|dataStream:localhost:42157|priority:0], old=null
2022-07-14 02:38:31,504 [Thread-9] INFO  server.RaftServer$Division (RaftServerImpl.java:requestVote(1175)) - s4@group-F163B23E7A07: receive requestVote(PRE_VOTE, s0, group-F163B23E7A07, 1, (t:1, i:0))
2022-07-14 02:38:31,504 [Thread-9] INFO  impl.VoteContext (VoteContext.java:log(48)) - s4@group-F163B23E7A07-LEADER: reject PRE_VOTE from s0: this server is the leader and still has leadership
2022-07-14 02:38:31,505 [Thread-9] INFO  server.RaftServer$Division (RaftServerImpl.java:requestVote(1207)) - s4@group-F163B23E7A07 replies to PRE_VOTE vote request: s0<-s4#0:FAIL-t1. Peer's state: s4@group-F163B23E7A07:t1, leader=s4, voted=s4, raftlog=Memoized:s4@group-F163B23E7A07-SegmentedRaftLog:OPENED:c0, conf=0: [s3|rpc:localhost:40707|admin:localhost:37899|client:localhost:39537|dataStream:localhost:45577|priority:0, s4|rpc:localhost:41709|admin:localhost:46527|client:localhost:37803|dataStream:localhost:33761|priority:0, s0|rpc:localhost:37741|admin:localhost:46201|client:localhost:46213|dataStream:localhost:44011|priority:0, s1|rpc:localhost:39965|admin:localhost:38809|client:localhost:39467|dataStream:localhost:32971|priority:0, s2|rpc:localhost:33445|admin:localhost:44043|client:localhost:42341|dataStream:localhost:42157|priority:0], old=null
2022-07-14 02:38:31,504 [Thread-31] INFO  server.RaftServer$Division (RaftServerImpl.java:requestVote(1175)) - s2@group-F163B23E7A07: receive requestVote(PRE_VOTE, s0, group-F163B23E7A07, 1, (t:1, i:0))
2022-07-14 02:38:31,505 [Thread-31] INFO  impl.VoteContext (VoteContext.java:log(48)) - s2@group-F163B23E7A07-FOLLOWER: reject PRE_VOTE from s0: this server is a follower and still has a valid leader s4
2022-07-14 02:38:31,505 [Thread-31] INFO  server.RaftServer$Division (RaftServerImpl.java:requestVote(1207)) - s2@group-F163B23E7A07 replies to PRE_VOTE vote request: s0<-s2#0:FAIL-t1. Peer's state: s2@group-F163B23E7A07:t1, leader=s4, voted=s4, raftlog=Memoized:s2@group-F163B23E7A07-SegmentedRaftLog:OPENED:c0, conf=0: [s3|rpc:localhost:40707|admin:localhost:37899|client:localhost:39537|dataStream:localhost:45577|priority:0, s4|rpc:localhost:41709|admin:localhost:46527|client:localhost:37803|dataStream:localhost:33761|priority:0, s0|rpc:localhost:37741|admin:localhost:46201|client:localhost:46213|dataStream:localhost:44011|priority:0, s1|rpc:localhost:39965|admin:localhost:38809|client:localhost:39467|dataStream:localhost:32971|priority:0, s2|rpc:localhost:33445|admin:localhost:44043|client:localhost:42341|dataStream:localhost:42157|priority:0], old=null
2022-07-14 02:38:31,517 [s0@group-F163B23E7A07-LeaderElection14] INFO  impl.LeaderElection (LeaderElection.java:logAndReturn(90)) - s0@group-F163B23E7A07-LeaderElection14: PRE_VOTE REJECTED received 1 response(s) and 0 exception(s):
2022-07-14 02:38:31,518 [s0@group-F163B23E7A07-LeaderElection14] INFO  impl.LeaderElection (LeaderElection.java:logAndReturn(94)) -   Response 0: s0<-s3#0:FAIL-t1
2022-07-14 02:38:31,518 [s0@group-F163B23E7A07-LeaderElection14] INFO  impl.LeaderElection (LeaderElection.java:askForVotes(312)) - s0@group-F163B23E7A07-LeaderElection14 PRE_VOTE round 0: result REJECTED
2022-07-14 02:38:31,612 [Time-limited test] INFO  server.RaftServerConfigKeys (ConfUtils.java:logGet(46)) - raft.server.rpc.timeout.max = 300ms (default)
2022-07-14 02:38:31,650 [Thread-1] INFO  server.RaftServer$Division (RaftServerImpl.java:requestVote(1175)) - s3@group-F163B23E7A07: receive requestVote(PRE_VOTE, s1, group-F163B23E7A07, 1, (t:1, i:0))
2022-07-14 02:38:31,650 [Thread-7] INFO  server.RaftServer$Division (RaftServerImpl.java:requestVote(1175)) - s4@group-F163B23E7A07: receive requestVote(PRE_VOTE, s1, group-F163B23E7A07, 1, (t:1, i:0))
2022-07-14 02:38:31,650 [Thread-1] INFO  impl.VoteContext (VoteContext.java:log(48)) - s3@group-F163B23E7A07-FOLLOWER: reject PRE_VOTE from s1: this server is a follower and still has a valid leader s4
2022-07-14 02:38:31,650 [Thread-30] INFO  server.RaftServer$Division (RaftServerImpl.java:requestVote(1175)) - s2@group-F163B23E7A07: receive requestVote(PRE_VOTE, s1, group-F163B23E7A07, 1, (t:1, i:0))
2022-07-14 02:38:31,651 [Thread-30] INFO  impl.VoteContext (VoteContext.java:log(48)) - s2@group-F163B23E7A07-FOLLOWER: reject PRE_VOTE from s1: this server is a follower and still has a valid leader s4
2022-07-14 02:38:31,651 [Thread-30] INFO  server.RaftServer$Division (RaftServerImpl.java:requestVote(1207)) - s2@group-F163B23E7A07 replies to PRE_VOTE vote request: s1<-s2#0:FAIL-t1. Peer's state: s2@group-F163B23E7A07:t1, leader=s4, voted=s4, raftlog=Memoized:s2@group-F163B23E7A07-SegmentedRaftLog:OPENED:c0, conf=0: [s3|rpc:localhost:40707|admin:localhost:37899|client:localhost:39537|dataStream:localhost:45577|priority:0, s4|rpc:localhost:41709|admin:localhost:46527|client:localhost:37803|dataStream:localhost:33761|priority:0, s0|rpc:localhost:37741|admin:localhost:46201|client:localhost:46213|dataStream:localhost:44011|priority:0, s1|rpc:localhost:39965|admin:localhost:38809|client:localhost:39467|dataStream:localhost:32971|priority:0, s2|rpc:localhost:33445|admin:localhost:44043|client:localhost:42341|dataStream:localhost:42157|priority:0], old=null
2022-07-14 02:38:31,650 [Thread-16] INFO  server.RaftServer$Division (RaftServerImpl.java:requestVote(1175)) - s0@group-F163B23E7A07: receive requestVote(PRE_VOTE, s1, group-F163B23E7A07, 1, (t:1, i:0))
2022-07-14 02:38:31,651 [Thread-16] INFO  impl.VoteContext (VoteContext.java:log(48)) - s0@group-F163B23E7A07-FOLLOWER: reject PRE_VOTE from s1: this server is a follower and still has a valid leader s4
2022-07-14 02:38:31,651 [Thread-16] INFO  server.RaftServer$Division (RaftServerImpl.java:requestVote(1207)) - s0@group-F163B23E7A07 replies to PRE_VOTE vote request: s1<-s0#0:FAIL-t1. Peer's state: s0@group-F163B23E7A07:t1, leader=s4, voted=s0, raftlog=Memoized:s0@group-F163B23E7A07-SegmentedRaftLog:OPENED:c0, conf=0: [s3|rpc:localhost:40707|admin:localhost:37899|client:localhost:39537|dataStream:localhost:45577|priority:0, s4|rpc:localhost:41709|admin:localhost:46527|client:localhost:37803|dataStream:localhost:33761|priority:0, s0|rpc:localhost:37741|admin:localhost:46201|client:localhost:46213|dataStream:localhost:44011|priority:0, s1|rpc:localhost:39965|admin:localhost:38809|client:localhost:39467|dataStream:localhost:32971|priority:0, s2|rpc:localhost:33445|admin:localhost:44043|client:localhost:42341|dataStream:localhost:42157|priority:0], old=null
2022-07-14 02:38:31,651 [Thread-1] INFO  server.RaftServer$Division (RaftServerImpl.java:requestVote(1207)) - s3@group-F163B23E7A07 replies to PRE_VOTE vote request: s1<-s3#0:FAIL-t1. Peer's state: s3@group-F163B23E7A07:t1, leader=s4, voted=s4, raftlog=Memoized:s3@group-F163B23E7A07-SegmentedRaftLog:OPENED:c0, conf=0: [s3|rpc:localhost:40707|admin:localhost:37899|client:localhost:39537|dataStream:localhost:45577|priority:0, s4|rpc:localhost:41709|admin:localhost:46527|client:localhost:37803|dataStream:localhost:33761|priority:0, s0|rpc:localhost:37741|admin:localhost:46201|client:localhost:46213|dataStream:localhost:44011|priority:0, s1|rpc:localhost:39965|admin:localhost:38809|client:localhost:39467|dataStream:localhost:32971|priority:0, s2|rpc:localhost:33445|admin:localhost:44043|client:localhost:42341|dataStream:localhost:42157|priority:0], old=null
2022-07-14 02:38:31,650 [Thread-7] INFO  impl.VoteContext (VoteContext.java:log(48)) - s4@group-F163B23E7A07-LEADER: reject PRE_VOTE from s1: this server is the leader and still has leadership
2022-07-14 02:38:31,651 [Thread-7] INFO  server.RaftServer$Division (RaftServerImpl.java:requestVote(1207)) - s4@group-F163B23E7A07 replies to PRE_VOTE vote request: s1<-s4#0:FAIL-t1. Peer's state: s4@group-F163B23E7A07:t1, leader=s4, voted=s4, raftlog=Memoized:s4@group-F163B23E7A07-SegmentedRaftLog:OPENED:c0, conf=0: [s3|rpc:localhost:40707|admin:localhost:37899|client:localhost:39537|dataStream:localhost:45577|priority:0, s4|rpc:localhost:41709|admin:localhost:46527|client:localhost:37803|dataStream:localhost:33761|priority:0, s0|rpc:localhost:37741|admin:localhost:46201|client:localhost:46213|dataStream:localhost:44011|priority:0, s1|rpc:localhost:39965|admin:localhost:38809|client:localhost:39467|dataStream:localhost:32971|priority:0, s2|rpc:localhost:33445|admin:localhost:44043|client:localhost:42341|dataStream:localhost:42157|priority:0], old=null
2022-07-14 02:38:31,654 [Thread-23] INFO  server.RaftServer$Division (RaftServerImpl.java:requestVote(1175)) - s1@group-F163B23E7A07: receive requestVote(PRE_VOTE, s0, group-F163B23E7A07, 1, (t:1, i:0))
2022-07-14 02:38:31,654 [Thread-23] INFO  impl.VoteContext (VoteContext.java:log(48)) - s1@group-F163B23E7A07-CANDIDATE: accept PRE_VOTE from s0: our priority 0 <= candidate's priority 0
2022-07-14 02:38:31,655 [Thread-23] INFO  server.RaftServer$Division (RaftServerImpl.java:requestVote(1207)) - s1@group-F163B23E7A07 replies to PRE_VOTE vote request: s0<-s1#0:OK-t1. Peer's state: s1@group-F163B23E7A07:t1, leader=null, voted=s4, raftlog=Memoized:s1@group-F163B23E7A07-SegmentedRaftLog:OPENED:c0, conf=0: [s3|rpc:localhost:40707|admin:localhost:37899|client:localhost:39537|dataStream:localhost:45577|priority:0, s4|rpc:localhost:41709|admin:localhost:46527|client:localhost:37803|dataStream:localhost:33761|priority:0, s0|rpc:localhost:37741|admin:localhost:46201|client:localhost:46213|dataStream:localhost:44011|priority:0, s1|rpc:localhost:39965|admin:localhost:38809|client:localhost:39467|dataStream:localhost:32971|priority:0, s2|rpc:localhost:33445|admin:localhost:44043|client:localhost:42341|dataStream:localhost:42157|priority:0], old=null
2022-07-14 02:38:31,667 [s1@group-F163B23E7A07-LeaderElection15] INFO  impl.LeaderElection (LeaderElection.java:logAndReturn(90)) - s1@group-F163B23E7A07-LeaderElection15: PRE_VOTE REJECTED received 3 response(s) and 0 exception(s):
2022-07-14 02:38:31,668 [s1@group-F163B23E7A07-LeaderElection15] INFO  impl.LeaderElection (LeaderElection.java:logAndReturn(94)) -   Response 0: s1<-s3#0:FAIL-t1
2022-07-14 02:38:31,668 [s1@group-F163B23E7A07-LeaderElection15] INFO  impl.LeaderElection (LeaderElection.java:logAndReturn(94)) -   Response 1: s1<-s0#0:FAIL-t1
2022-07-14 02:38:31,668 [s1@group-F163B23E7A07-LeaderElection15] INFO  impl.LeaderElection (LeaderElection.java:logAndReturn(94)) -   Response 2: s1<-s2#0:FAIL-t1
2022-07-14 02:38:31,668 [s1@group-F163B23E7A07-LeaderElection15] INFO  impl.LeaderElection (LeaderElection.java:askForVotes(312)) - s1@group-F163B23E7A07-LeaderElection15 PRE_VOTE round 0: result REJECTED
2022-07-14 02:38:31,668 [s1@group-F163B23E7A07-LeaderElection15] INFO  server.RaftServer$Division (RaftServerImpl.java:setRole(300)) - s1@group-F163B23E7A07: changes role from CANDIDATE to FOLLOWER at term 1 for REJECTED
2022-07-14 02:38:31,668 [s1@group-F163B23E7A07-LeaderElection15] INFO  impl.RoleInfo (RoleInfo.java:shutdownLeaderElection(130)) - s1: shutdown s1@group-F163B23E7A07-LeaderElection15
2022-07-14 02:38:31,669 [s1@group-F163B23E7A07-LeaderElection15] INFO  impl.RoleInfo (RoleInfo.java:updateAndGet(139)) - s1: start s1@group-F163B23E7A07-FollowerState
2022-07-14 02:38:31,816 [Thread-21] INFO  server.RaftServer$Division (ServerState.java:setLeader(304)) - s1@group-F163B23E7A07: change Leader from null to s4 at term 1 for appendEntries, leader elected after 317ms
2022-07-14 02:38:32,063 [Time-limited test] INFO  simulation.TestLeaderElectionWithSimulatedRpc (LeaderElectionTests.java:enforceLeader(243)) - try enforcing leader to s1 but new leader is s4
2022-07-14 02:38:32,063 [Time-limited test] INFO  server.RaftServerConfigKeys (ConfUtils.java:logGet(46)) - raft.server.rpc.timeout.max = 300ms (default)
2022-07-14 02:38:32,240 [s3@group-F163B23E7A07-FollowerState] INFO  impl.FollowerState (FollowerState.java:run(143)) - s3@group-F163B23E7A07-FollowerState: change to CANDIDATE, lastRpcElapsedTime:233362447ns, electionTimeout:202ms
2022-07-14 02:38:32,241 [s3@group-F163B23E7A07-FollowerState] INFO  impl.RoleInfo (RoleInfo.java:shutdownFollowerState(110)) - s3: shutdown s3@group-F163B23E7A07-FollowerState
2022-07-14 02:38:32,241 [s3@group-F163B23E7A07-FollowerState] INFO  server.RaftServer$Division (RaftServerImpl.java:setRole(300)) - s3@group-F163B23E7A07: changes role from  FOLLOWER to CANDIDATE at term 1 for changeToCandidate
2022-07-14 02:38:32,241 [s3@group-F163B23E7A07-FollowerState] INFO  server.RaftServerConfigKeys (ConfUtils.java:logGet(46)) - raft.server.leaderelection.pre-vote = true (default)
2022-07-14 02:38:32,241 [s3@group-F163B23E7A07-FollowerState] INFO  impl.RoleInfo (RoleInfo.java:updateAndGet(139)) - s3: start s3@group-F163B23E7A07-LeaderElection16
2022-07-14 02:38:32,242 [s3@group-F163B23E7A07-LeaderElection16] INFO  server.RaftServer$Division (ServerState.java:setLeader(304)) - s3@group-F163B23E7A07: change Leader from s4 to null at term 1 for PRE_VOTE
2022-07-14 02:38:32,242 [s3@group-F163B23E7A07-LeaderElection16] INFO  impl.LeaderElection (LeaderElection.java:askForVotes(310)) - s3@group-F163B23E7A07-LeaderElection16 PRE_VOTE round 0: submit vote requests at term 1 for 0: [s3|rpc:localhost:40707|admin:localhost:37899|client:localhost:39537|dataStream:localhost:45577|priority:0, s4|rpc:localhost:41709|admin:localhost:46527|client:localhost:37803|dataStream:localhost:33761|priority:0, s0|rpc:localhost:37741|admin:localhost:46201|client:localhost:46213|dataStream:localhost:44011|priority:0, s1|rpc:localhost:39965|admin:localhost:38809|client:localhost:39467|dataStream:localhost:32971|priority:0, s2|rpc:localhost:33445|admin:localhost:44043|client:localhost:42341|dataStream:localhost:42157|priority:0], old=null
2022-07-14 02:38:32,248 [Thread-0] INFO  server.RaftServer$Division (RaftServerImpl.java:setRole(300)) - s3@group-F163B23E7A07: changes role from CANDIDATE to FOLLOWER at term 1 for appendEntries
2022-07-14 02:38:32,248 [Thread-0] INFO  impl.RoleInfo (RoleInfo.java:shutdownLeaderElection(130)) - s3: shutdown s3@group-F163B23E7A07-LeaderElection16
2022-07-14 02:38:32,248 [Thread-0] INFO  impl.RoleInfo (RoleInfo.java:updateAndGet(139)) - s3: start s3@group-F163B23E7A07-FollowerState
2022-07-14 02:38:32,248 [Thread-0] INFO  server.RaftServer$Division (ServerState.java:setLeader(304)) - s3@group-F163B23E7A07: change Leader from null to s4 at term 1 for appendEntries, leader elected after 6ms
2022-07-14 02:38:32,285 [s1@group-F163B23E7A07-FollowerState] INFO  impl.FollowerState (FollowerState.java:run(143)) - s1@group-F163B23E7A07-FollowerState: change to CANDIDATE, lastRpcElapsedTime:291261772ns, electionTimeout:176ms
2022-07-14 02:38:32,286 [s1@group-F163B23E7A07-FollowerState] INFO  impl.RoleInfo (RoleInfo.java:shutdownFollowerState(110)) - s1: shutdown s1@group-F163B23E7A07-FollowerState
2022-07-14 02:38:32,286 [s1@group-F163B23E7A07-FollowerState] INFO  server.RaftServer$Division (RaftServerImpl.java:setRole(300)) - s1@group-F163B23E7A07: changes role from  FOLLOWER to CANDIDATE at term 1 for changeToCandidate
2022-07-14 02:38:32,286 [s1@group-F163B23E7A07-FollowerState] INFO  server.RaftServerConfigKeys (ConfUtils.java:logGet(46)) - raft.server.leaderelection.pre-vote = true (default)
2022-07-14 02:38:32,286 [s1@group-F163B23E7A07-FollowerState] INFO  impl.RoleInfo (RoleInfo.java:updateAndGet(139)) - s1: start s1@group-F163B23E7A07-LeaderElection17
2022-07-14 02:38:32,287 [s1@group-F163B23E7A07-LeaderElection17] INFO  server.RaftServer$Division (ServerState.java:setLeader(304)) - s1@group-F163B23E7A07: change Leader from s4 to null at term 1 for PRE_VOTE
2022-07-14 02:38:32,287 [s1@group-F163B23E7A07-LeaderElection17] INFO  impl.LeaderElection (LeaderElection.java:askForVotes(310)) - s1@group-F163B23E7A07-LeaderElection17 PRE_VOTE round 0: submit vote requests at term 1 for 0: [s3|rpc:localhost:40707|admin:localhost:37899|client:localhost:39537|dataStream:localhost:45577|priority:0, s4|rpc:localhost:41709|admin:localhost:46527|client:localhost:37803|dataStream:localhost:33761|priority:0, s0|rpc:localhost:37741|admin:localhost:46201|client:localhost:46213|dataStream:localhost:44011|priority:0, s1|rpc:localhost:39965|admin:localhost:38809|client:localhost:39467|dataStream:localhost:32971|priority:0, s2|rpc:localhost:33445|admin:localhost:44043|client:localhost:42341|dataStream:localhost:42157|priority:0], old=null
2022-07-14 02:38:32,393 [Thread-8] INFO  server.RaftServer$Division (RaftServerImpl.java:requestVote(1175)) - s4@group-F163B23E7A07: receive requestVote(PRE_VOTE, s3, group-F163B23E7A07, 1, (t:1, i:0))
2022-07-14 02:38:32,394 [Thread-8] INFO  impl.VoteContext (VoteContext.java:log(48)) - s4@group-F163B23E7A07-LEADER: reject PRE_VOTE from s3: this server is the leader and still has leadership
2022-07-14 02:38:32,394 [Thread-8] INFO  server.RaftServer$Division (RaftServerImpl.java:requestVote(1207)) - s4@group-F163B23E7A07 replies to PRE_VOTE vote request: s3<-s4#0:FAIL-t1. Peer's state: s4@group-F163B23E7A07:t1, leader=s4, voted=s4, raftlog=Memoized:s4@group-F163B23E7A07-SegmentedRaftLog:OPENED:c0, conf=0: [s3|rpc:localhost:40707|admin:localhost:37899|client:localhost:39537|dataStream:localhost:45577|priority:0, s4|rpc:localhost:41709|admin:localhost:46527|client:localhost:37803|dataStream:localhost:33761|priority:0, s0|rpc:localhost:37741|admin:localhost:46201|client:localhost:46213|dataStream:localhost:44011|priority:0, s1|rpc:localhost:39965|admin:localhost:38809|client:localhost:39467|dataStream:localhost:32971|priority:0, s2|rpc:localhost:33445|admin:localhost:44043|client:localhost:42341|dataStream:localhost:42157|priority:0], old=null
2022-07-14 02:38:32,395 [Thread-16] INFO  server.RaftServer$Division (RaftServerImpl.java:requestVote(1175)) - s0@group-F163B23E7A07: receive requestVote(PRE_VOTE, s3, group-F163B23E7A07, 1, (t:1, i:0))
2022-07-14 02:38:32,395 [Thread-16] INFO  impl.VoteContext (VoteContext.java:log(48)) - s0@group-F163B23E7A07-FOLLOWER: accept PRE_VOTE from s3: our priority 0 <= candidate's priority 0
2022-07-14 02:38:32,395 [Thread-16] INFO  server.RaftServer$Division (RaftServerImpl.java:requestVote(1207)) - s0@group-F163B23E7A07 replies to PRE_VOTE vote request: s3<-s0#0:OK-t1. Peer's state: s0@group-F163B23E7A07:t1, leader=s4, voted=s0, raftlog=Memoized:s0@group-F163B23E7A07-SegmentedRaftLog:OPENED:c0, conf=0: [s3|rpc:localhost:40707|admin:localhost:37899|client:localhost:39537|dataStream:localhost:45577|priority:0, s4|rpc:localhost:41709|admin:localhost:46527|client:localhost:37803|dataStream:localhost:33761|priority:0, s0|rpc:localhost:37741|admin:localhost:46201|client:localhost:46213|dataStream:localhost:44011|priority:0, s1|rpc:localhost:39965|admin:localhost:38809|client:localhost:39467|dataStream:localhost:32971|priority:0, s2|rpc:localhost:33445|admin:localhost:44043|client:localhost:42341|dataStream:localhost:42157|priority:0], old=null
2022-07-14 02:38:32,395 [Thread-31] INFO  server.RaftServer$Division (RaftServerImpl.java:requestVote(1175)) - s2@group-F163B23E7A07: receive requestVote(PRE_VOTE, s3, group-F163B23E7A07, 1, (t:1, i:0))
2022-07-14 02:38:32,395 [Thread-31] INFO  impl.VoteContext (VoteContext.java:log(48)) - s2@group-F163B23E7A07-FOLLOWER: reject PRE_VOTE from s3: this server is a follower and still has a valid leader s4
2022-07-14 02:38:32,395 [Thread-31] INFO  server.RaftServer$Division (RaftServerImpl.java:requestVote(1207)) - s2@group-F163B23E7A07 replies to PRE_VOTE vote request: s3<-s2#0:FAIL-t1. Peer's state: s2@group-F163B23E7A07:t1, leader=s4, voted=s4, raftlog=Memoized:s2@group-F163B23E7A07-SegmentedRaftLog:OPENED:c0, conf=0: [s3|rpc:localhost:40707|admin:localhost:37899|client:localhost:39537|dataStream:localhost:45577|priority:0, s4|rpc:localhost:41709|admin:localhost:46527|client:localhost:37803|dataStream:localhost:33761|priority:0, s0|rpc:localhost:37741|admin:localhost:46201|client:localhost:46213|dataStream:localhost:44011|priority:0, s1|rpc:localhost:39965|admin:localhost:38809|client:localhost:39467|dataStream:localhost:32971|priority:0, s2|rpc:localhost:33445|admin:localhost:44043|client:localhost:42341|dataStream:localhost:42157|priority:0], old=null
2022-07-14 02:38:32,405 [s3@group-F163B23E7A07-LeaderElection16] INFO  impl.LeaderElection (LeaderElection.java:logAndReturn(90)) - s3@group-F163B23E7A07-LeaderElection16: PRE_VOTE REJECTED received 1 response(s) and 0 exception(s):
2022-07-14 02:38:32,405 [s3@group-F163B23E7A07-LeaderElection16] INFO  impl.LeaderElection (LeaderElection.java:logAndReturn(94)) -   Response 0: s3<-s4#0:FAIL-t1
2022-07-14 02:38:32,405 [s3@group-F163B23E7A07-LeaderElection16] INFO  impl.LeaderElection (LeaderElection.java:askForVotes(312)) - s3@group-F163B23E7A07-LeaderElection16 PRE_VOTE round 0: result REJECTED
2022-07-14 02:38:32,438 [Thread-1] INFO  server.RaftServer$Division (RaftServerImpl.java:requestVote(1175)) - s3@group-F163B23E7A07: receive requestVote(PRE_VOTE, s1, group-F163B23E7A07, 1, (t:1, i:0))
2022-07-14 02:38:32,438 [Thread-9] INFO  server.RaftServer$Division (RaftServerImpl.java:requestVote(1175)) - s4@group-F163B23E7A07: receive requestVote(PRE_VOTE, s1, group-F163B23E7A07, 1, (t:1, i:0))
2022-07-14 02:38:32,438 [Thread-9] INFO  impl.VoteContext (VoteContext.java:log(48)) - s4@group-F163B23E7A07-LEADER: reject PRE_VOTE from s1: this server is the leader and still has leadership
2022-07-14 02:38:32,438 [Thread-29] INFO  server.RaftServer$Division (RaftServerImpl.java:requestVote(1175)) - s2@group-F163B23E7A07: receive requestVote(PRE_VOTE, s1, group-F163B23E7A07, 1, (t:1, i:0))
2022-07-14 02:38:32,438 [Thread-29] INFO  impl.VoteContext (VoteContext.java:log(48)) - s2@group-F163B23E7A07-FOLLOWER: reject PRE_VOTE from s1: this server is a follower and still has a valid leader s4
2022-07-14 02:38:32,438 [Thread-29] INFO  server.RaftServer$Division (RaftServerImpl.java:requestVote(1207)) - s2@group-F163B23E7A07 replies to PRE_VOTE vote request: s1<-s2#0:FAIL-t1. Peer's state: s2@group-F163B23E7A07:t1, leader=s4, voted=s4, raftlog=Memoized:s2@group-F163B23E7A07-SegmentedRaftLog:OPENED:c0, conf=0: [s3|rpc:localhost:40707|admin:localhost:37899|client:localhost:39537|dataStream:localhost:45577|priority:0, s4|rpc:localhost:41709|admin:localhost:46527|client:localhost:37803|dataStream:localhost:33761|priority:0, s0|rpc:localhost:37741|admin:localhost:46201|client:localhost:46213|dataStream:localhost:44011|priority:0, s1|rpc:localhost:39965|admin:localhost:38809|client:localhost:39467|dataStream:localhost:32971|priority:0, s2|rpc:localhost:33445|admin:localhost:44043|client:localhost:42341|dataStream:localhost:42157|priority:0], old=null
2022-07-14 02:38:32,438 [Thread-1] INFO  impl.VoteContext (VoteContext.java:log(48)) - s3@group-F163B23E7A07-FOLLOWER: accept PRE_VOTE from s1: our priority 0 <= candidate's priority 0
2022-07-14 02:38:32,438 [Thread-9] INFO  server.RaftServer$Division (RaftServerImpl.java:requestVote(1207)) - s4@group-F163B23E7A07 replies to PRE_VOTE vote request: s1<-s4#0:FAIL-t1. Peer's state: s4@group-F163B23E7A07:t1, leader=s4, voted=s4, raftlog=Memoized:s4@group-F163B23E7A07-SegmentedRaftLog:OPENED:c0, conf=0: [s3|rpc:localhost:40707|admin:localhost:37899|client:localhost:39537|dataStream:localhost:45577|priority:0, s4|rpc:localhost:41709|admin:localhost:46527|client:localhost:37803|dataStream:localhost:33761|priority:0, s0|rpc:localhost:37741|admin:localhost:46201|client:localhost:46213|dataStream:localhost:44011|priority:0, s1|rpc:localhost:39965|admin:localhost:38809|client:localhost:39467|dataStream:localhost:32971|priority:0, s2|rpc:localhost:33445|admin:localhost:44043|client:localhost:42341|dataStream:localhost:42157|priority:0], old=null
2022-07-14 02:38:32,438 [Thread-14] INFO  server.RaftServer$Division (RaftServerImpl.java:requestVote(1175)) - s0@group-F163B23E7A07: receive requestVote(PRE_VOTE, s1, group-F163B23E7A07, 1, (t:1, i:0))
2022-07-14 02:38:32,439 [Thread-14] INFO  impl.VoteContext (VoteContext.java:log(48)) - s0@group-F163B23E7A07-FOLLOWER: reject PRE_VOTE from s1: this server is a follower and still has a valid leader s4
2022-07-14 02:38:32,439 [Thread-1] INFO  server.RaftServer$Division (RaftServerImpl.java:requestVote(1207)) - s3@group-F163B23E7A07 replies to PRE_VOTE vote request: s1<-s3#0:OK-t1. Peer's state: s3@group-F163B23E7A07:t1, leader=s4, voted=s4, raftlog=Memoized:s3@group-F163B23E7A07-SegmentedRaftLog:OPENED:c0, conf=0: [s3|rpc:localhost:40707|admin:localhost:37899|client:localhost:39537|dataStream:localhost:45577|priority:0, s4|rpc:localhost:41709|admin:localhost:46527|client:localhost:37803|dataStream:localhost:33761|priority:0, s0|rpc:localhost:37741|admin:localhost:46201|client:localhost:46213|dataStream:localhost:44011|priority:0, s1|rpc:localhost:39965|admin:localhost:38809|client:localhost:39467|dataStream:localhost:32971|priority:0, s2|rpc:localhost:33445|admin:localhost:44043|client:localhost:42341|dataStream:localhost:42157|priority:0], old=null
2022-07-14 02:38:32,439 [Thread-14] INFO  server.RaftServer$Division (RaftServerImpl.java:requestVote(1207)) - s0@group-F163B23E7A07 replies to PRE_VOTE vote request: s1<-s0#0:FAIL-t1. Peer's state: s0@group-F163B23E7A07:t1, leader=s4, voted=s0, raftlog=Memoized:s0@group-F163B23E7A07-SegmentedRaftLog:OPENED:c0, conf=0: [s3|rpc:localhost:40707|admin:localhost:37899|client:localhost:39537|dataStream:localhost:45577|priority:0, s4|rpc:localhost:41709|admin:localhost:46527|client:localhost:37803|dataStream:localhost:33761|priority:0, s0|rpc:localhost:37741|admin:localhost:46201|client:localhost:46213|dataStream:localhost:44011|priority:0, s1|rpc:localhost:39965|admin:localhost:38809|client:localhost:39467|dataStream:localhost:32971|priority:0, s2|rpc:localhost:33445|admin:localhost:44043|client:localhost:42341|dataStream:localhost:42157|priority:0], old=null
2022-07-14 02:38:32,457 [s1@group-F163B23E7A07-LeaderElection17] INFO  impl.LeaderElection (LeaderElection.java:logAndReturn(90)) - s1@group-F163B23E7A07-LeaderElection17: PRE_VOTE REJECTED received 4 response(s) and 0 exception(s):
2022-07-14 02:38:32,457 [s1@group-F163B23E7A07-LeaderElection17] INFO  impl.LeaderElection (LeaderElection.java:logAndReturn(94)) -   Response 0: s1<-s3#0:OK-t1
2022-07-14 02:38:32,457 [s1@group-F163B23E7A07-LeaderElection17] INFO  impl.LeaderElection (LeaderElection.java:logAndReturn(94)) -   Response 1: s1<-s4#0:FAIL-t1
2022-07-14 02:38:32,457 [s1@group-F163B23E7A07-LeaderElection17] INFO  impl.LeaderElection (LeaderElection.java:logAndReturn(94)) -   Response 2: s1<-s0#0:FAIL-t1
2022-07-14 02:38:32,457 [s1@group-F163B23E7A07-LeaderElection17] INFO  impl.LeaderElection (LeaderElection.java:logAndReturn(94)) -   Response 3: s1<-s2#0:FAIL-t1
2022-07-14 02:38:32,457 [s1@group-F163B23E7A07-LeaderElection17] INFO  impl.LeaderElection (LeaderElection.java:askForVotes(312)) - s1@group-F163B23E7A07-LeaderElection17 PRE_VOTE round 0: result REJECTED
2022-07-14 02:38:32,457 [s1@group-F163B23E7A07-LeaderElection17] INFO  server.RaftServer$Division (RaftServerImpl.java:setRole(300)) - s1@group-F163B23E7A07: changes role from CANDIDATE to FOLLOWER at term 1 for REJECTED
2022-07-14 02:38:32,457 [s1@group-F163B23E7A07-LeaderElection17] INFO  impl.RoleInfo (RoleInfo.java:shutdownLeaderElection(130)) - s1: shutdown s1@group-F163B23E7A07-LeaderElection17
2022-07-14 02:38:32,457 [s1@group-F163B23E7A07-LeaderElection17] INFO  impl.RoleInfo (RoleInfo.java:updateAndGet(139)) - s1: start s1@group-F163B23E7A07-FollowerState
2022-07-14 02:38:32,514 [Time-limited test] INFO  server.RaftServerConfigKeys (ConfUtils.java:logGet(46)) - raft.server.rpc.timeout.max = 300ms (default)
2022-07-14 02:38:32,543 [Thread-21] INFO  server.RaftServer$Division (RaftServerImpl.java:requestVote(1175)) - s1@group-F163B23E7A07: receive requestVote(PRE_VOTE, s3, group-F163B23E7A07, 1, (t:1, i:0))
2022-07-14 02:38:32,544 [Thread-21] INFO  impl.VoteContext (VoteContext.java:log(48)) - s1@group-F163B23E7A07-FOLLOWER: accept PRE_VOTE from s3: our priority 0 <= candidate's priority 0
2022-07-14 02:38:32,544 [Thread-21] INFO  server.RaftServer$Division (RaftServerImpl.java:requestVote(1207)) - s1@group-F163B23E7A07 replies to PRE_VOTE vote request: s3<-s1#0:OK-t1. Peer's state: s1@group-F163B23E7A07:t1, leader=null, voted=s4, raftlog=Memoized:s1@group-F163B23E7A07-SegmentedRaftLog:OPENED:c0, conf=0: [s3|rpc:localhost:40707|admin:localhost:37899|client:localhost:39537|dataStream:localhost:45577|priority:0, s4|rpc:localhost:41709|admin:localhost:46527|client:localhost:37803|dataStream:localhost:33761|priority:0, s0|rpc:localhost:37741|admin:localhost:46201|client:localhost:46213|dataStream:localhost:44011|priority:0, s1|rpc:localhost:39965|admin:localhost:38809|client:localhost:39467|dataStream:localhost:32971|priority:0, s2|rpc:localhost:33445|admin:localhost:44043|client:localhost:42341|dataStream:localhost:42157|priority:0], old=null
2022-07-14 02:38:32,683 [Thread-22] INFO  server.RaftServer$Division (ServerState.java:setLeader(304)) - s1@group-F163B23E7A07: change Leader from null to s4 at term 1 for appendEntries, leader elected after 396ms
2022-07-14 02:38:32,964 [Time-limited test] INFO  simulation.TestLeaderElectionWithSimulatedRpc (LeaderElectionTests.java:enforceLeader(243)) - try enforcing leader to s1 but new leader is s4
2022-07-14 02:38:32,965 [Time-limited test] INFO  server.RaftServerConfigKeys (ConfUtils.java:logGet(46)) - raft.server.rpc.timeout.max = 300ms (default)
2022-07-14 02:38:33,096 [s0@group-F163B23E7A07-FollowerState] INFO  impl.FollowerState (FollowerState.java:run(143)) - s0@group-F163B23E7A07-FollowerState: change to CANDIDATE, lastRpcElapsedTime:172416256ns, electionTimeout:152ms
2022-07-14 02:38:33,096 [s0@group-F163B23E7A07-FollowerState] INFO  impl.RoleInfo (RoleInfo.java:shutdownFollowerState(110)) - s0: shutdown s0@group-F163B23E7A07-FollowerState
2022-07-14 02:38:33,096 [s0@group-F163B23E7A07-FollowerState] INFO  server.RaftServer$Division (RaftServerImpl.java:setRole(300)) - s0@group-F163B23E7A07: changes role from  FOLLOWER to CANDIDATE at term 1 for changeToCandidate
2022-07-14 02:38:33,096 [s0@group-F163B23E7A07-FollowerState] INFO  server.RaftServerConfigKeys (ConfUtils.java:logGet(46)) - raft.server.leaderelection.pre-vote = true (default)
2022-07-14 02:38:33,097 [s0@group-F163B23E7A07-FollowerState] INFO  impl.RoleInfo (RoleInfo.java:updateAndGet(139)) - s0: start s0@group-F163B23E7A07-LeaderElection18
2022-07-14 02:38:33,097 [s0@group-F163B23E7A07-LeaderElection18] INFO  server.RaftServer$Division (ServerState.java:setLeader(304)) - s0@group-F163B23E7A07: change Leader from s4 to null at term 1 for PRE_VOTE
2022-07-14 02:38:33,098 [s0@group-F163B23E7A07-LeaderElection18] INFO  impl.LeaderElection (LeaderElection.java:askForVotes(310)) - s0@group-F163B23E7A07-LeaderElection18 PRE_VOTE round 0: submit vote requests at term 1 for 0: [s3|rpc:localhost:40707|admin:localhost:37899|client:localhost:39537|dataStream:localhost:45577|priority:0, s4|rpc:localhost:41709|admin:localhost:46527|client:localhost:37803|dataStream:localhost:33761|priority:0, s0|rpc:localhost:37741|admin:localhost:46201|client:localhost:46213|dataStream:localhost:44011|priority:0, s1|rpc:localhost:39965|admin:localhost:38809|client:localhost:39467|dataStream:localhost:32971|priority:0, s2|rpc:localhost:33445|admin:localhost:44043|client:localhost:42341|dataStream:localhost:42157|priority:0], old=null
2022-07-14 02:38:33,162 [Thread-15] INFO  server.RaftServer$Division (RaftServerImpl.java:setRole(300)) - s0@group-F163B23E7A07: changes role from CANDIDATE to FOLLOWER at term 1 for appendEntries
2022-07-14 02:38:33,163 [Thread-15] INFO  impl.RoleInfo (RoleInfo.java:shutdownLeaderElection(130)) - s0: shutdown s0@group-F163B23E7A07-LeaderElection18
2022-07-14 02:38:33,163 [Thread-15] INFO  impl.RoleInfo (RoleInfo.java:updateAndGet(139)) - s0: start s0@group-F163B23E7A07-FollowerState
2022-07-14 02:38:33,163 [Thread-15] INFO  server.RaftServer$Division (ServerState.java:setLeader(304)) - s0@group-F163B23E7A07: change Leader from null to s4 at term 1 for appendEntries, leader elected after 65ms
2022-07-14 02:38:33,249 [Thread-0] INFO  server.RaftServer$Division (RaftServerImpl.java:requestVote(1175)) - s3@group-F163B23E7A07: receive requestVote(PRE_VOTE, s0, group-F163B23E7A07, 1, (t:1, i:0))
2022-07-14 02:38:33,249 [Thread-0] INFO  impl.VoteContext (VoteContext.java:log(48)) - s3@group-F163B23E7A07-FOLLOWER: reject PRE_VOTE from s0: this server is a follower and still has a valid leader s4
2022-07-14 02:38:33,249 [Thread-0] INFO  server.RaftServer$Division (RaftServerImpl.java:requestVote(1207)) - s3@group-F163B23E7A07 replies to PRE_VOTE vote request: s0<-s3#0:FAIL-t1. Peer's state: s3@group-F163B23E7A07:t1, leader=s4, voted=s4, raftlog=Memoized:s3@group-F163B23E7A07-SegmentedRaftLog:OPENED:c0, conf=0: [s3|rpc:localhost:40707|admin:localhost:37899|client:localhost:39537|dataStream:localhost:45577|priority:0, s4|rpc:localhost:41709|admin:localhost:46527|client:localhost:37803|dataStream:localhost:33761|priority:0, s0|rpc:localhost:37741|admin:localhost:46201|client:localhost:46213|dataStream:localhost:44011|priority:0, s1|rpc:localhost:39965|admin:localhost:38809|client:localhost:39467|dataStream:localhost:32971|priority:0, s2|rpc:localhost:33445|admin:localhost:44043|client:localhost:42341|dataStream:localhost:42157|priority:0], old=null
2022-07-14 02:38:33,249 [Thread-30] INFO  server.RaftServer$Division (RaftServerImpl.java:requestVote(1175)) - s2@group-F163B23E7A07: receive requestVote(PRE_VOTE, s0, group-F163B23E7A07, 1, (t:1, i:0))
2022-07-14 02:38:33,249 [Thread-30] INFO  impl.VoteContext (VoteContext.java:log(48)) - s2@group-F163B23E7A07-FOLLOWER: reject PRE_VOTE from s0: this server is a follower and still has a valid leader s4
2022-07-14 02:38:33,249 [Thread-30] INFO  server.RaftServer$Division (RaftServerImpl.java:requestVote(1207)) - s2@group-F163B23E7A07 replies to PRE_VOTE vote request: s0<-s2#0:FAIL-t1. Peer's state: s2@group-F163B23E7A07:t1, leader=s4, voted=s4, raftlog=Memoized:s2@group-F163B23E7A07-SegmentedRaftLog:OPENED:c0, conf=0: [s3|rpc:localhost:40707|admin:localhost:37899|client:localhost:39537|dataStream:localhost:45577|priority:0, s4|rpc:localhost:41709|admin:localhost:46527|client:localhost:37803|dataStream:localhost:33761|priority:0, s0|rpc:localhost:37741|admin:localhost:46201|client:localhost:46213|dataStream:localhost:44011|priority:0, s1|rpc:localhost:39965|admin:localhost:38809|client:localhost:39467|dataStream:localhost:32971|priority:0, s2|rpc:localhost:33445|admin:localhost:44043|client:localhost:42341|dataStream:localhost:42157|priority:0], old=null
2022-07-14 02:38:33,249 [Thread-7] INFO  server.RaftServer$Division (RaftServerImpl.java:requestVote(1175)) - s4@group-F163B23E7A07: receive requestVote(PRE_VOTE, s0, group-F163B23E7A07, 1, (t:1, i:0))
2022-07-14 02:38:33,250 [Thread-7] INFO  impl.VoteContext (VoteContext.java:log(48)) - s4@group-F163B23E7A07-LEADER: reject PRE_VOTE from s0: this server is the leader and still has leadership
2022-07-14 02:38:33,250 [Thread-7] INFO  server.RaftServer$Division (RaftServerImpl.java:requestVote(1207)) - s4@group-F163B23E7A07 replies to PRE_VOTE vote request: s0<-s4#0:FAIL-t1. Peer's state: s4@group-F163B23E7A07:t1, leader=s4, voted=s4, raftlog=Memoized:s4@group-F163B23E7A07-SegmentedRaftLog:OPENED:c0, conf=0: [s3|rpc:localhost:40707|admin:localhost:37899|client:localhost:39537|dataStream:localhost:45577|priority:0, s4|rpc:localhost:41709|admin:localhost:46527|client:localhost:37803|dataStream:localhost:33761|priority:0, s0|rpc:localhost:37741|admin:localhost:46201|client:localhost:46213|dataStream:localhost:44011|priority:0, s1|rpc:localhost:39965|admin:localhost:38809|client:localhost:39467|dataStream:localhost:32971|priority:0, s2|rpc:localhost:33445|admin:localhost:44043|client:localhost:42341|dataStream:localhost:42157|priority:0], old=null
2022-07-14 02:38:33,264 [s0@group-F163B23E7A07-LeaderElection18] INFO  impl.LeaderElection (LeaderElection.java:logAndReturn(90)) - s0@group-F163B23E7A07-LeaderElection18: PRE_VOTE REJECTED received 1 response(s) and 0 exception(s):
2022-07-14 02:38:33,265 [s0@group-F163B23E7A07-LeaderElection18] INFO  impl.LeaderElection (LeaderElection.java:logAndReturn(94)) -   Response 0: s0<-s3#0:FAIL-t1
2022-07-14 02:38:33,265 [s0@group-F163B23E7A07-LeaderElection18] INFO  impl.LeaderElection (LeaderElection.java:askForVotes(312)) - s0@group-F163B23E7A07-LeaderElection18 PRE_VOTE round 0: result REJECTED
2022-07-14 02:38:33,286 [s1@group-F163B23E7A07-FollowerState] INFO  impl.FollowerState (FollowerState.java:run(143)) - s1@group-F163B23E7A07-FollowerState: change to CANDIDATE, lastRpcElapsedTime:331523808ns, electionTimeout:274ms
2022-07-14 02:38:33,286 [s1@group-F163B23E7A07-FollowerState] INFO  impl.RoleInfo (RoleInfo.java:shutdownFollowerState(110)) - s1: shutdown s1@group-F163B23E7A07-FollowerState
2022-07-14 02:38:33,286 [s1@group-F163B23E7A07-FollowerState] INFO  server.RaftServer$Division (RaftServerImpl.java:setRole(300)) - s1@group-F163B23E7A07: changes role from  FOLLOWER to CANDIDATE at term 1 for changeToCandidate
2022-07-14 02:38:33,286 [s1@group-F163B23E7A07-FollowerState] INFO  server.RaftServerConfigKeys (ConfUtils.java:logGet(46)) - raft.server.leaderelection.pre-vote = true (default)
2022-07-14 02:38:33,286 [s1@group-F163B23E7A07-FollowerState] INFO  impl.RoleInfo (RoleInfo.java:updateAndGet(139)) - s1: start s1@group-F163B23E7A07-LeaderElection19
2022-07-14 02:38:33,291 [s1@group-F163B23E7A07-LeaderElection19] INFO  server.RaftServer$Division (ServerState.java:setLeader(304)) - s1@group-F163B23E7A07: change Leader from s4 to null at term 1 for PRE_VOTE
2022-07-14 02:38:33,291 [s1@group-F163B23E7A07-LeaderElection19] INFO  impl.LeaderElection (LeaderElection.java:askForVotes(310)) - s1@group-F163B23E7A07-LeaderElection19 PRE_VOTE round 0: submit vote requests at term 1 for 0: [s3|rpc:localhost:40707|admin:localhost:37899|client:localhost:39537|dataStream:localhost:45577|priority:0, s4|rpc:localhost:41709|admin:localhost:46527|client:localhost:37803|dataStream:localhost:33761|priority:0, s0|rpc:localhost:37741|admin:localhost:46201|client:localhost:46213|dataStream:localhost:44011|priority:0, s1|rpc:localhost:39965|admin:localhost:38809|client:localhost:39467|dataStream:localhost:32971|priority:0, s2|rpc:localhost:33445|admin:localhost:44043|client:localhost:42341|dataStream:localhost:42157|priority:0], old=null
2022-07-14 02:38:33,416 [Time-limited test] INFO  server.RaftServerConfigKeys (ConfUtils.java:logGet(46)) - raft.server.rpc.timeout.max = 300ms (default)
2022-07-14 02:38:33,442 [Thread-2] INFO  server.RaftServer$Division (RaftServerImpl.java:requestVote(1175)) - s3@group-F163B23E7A07: receive requestVote(PRE_VOTE, s1, group-F163B23E7A07, 1, (t:1, i:0))
2022-07-14 02:38:33,442 [Thread-2] INFO  impl.VoteContext (VoteContext.java:log(48)) - s3@group-F163B23E7A07-FOLLOWER: reject PRE_VOTE from s1: this server is a follower and still has a valid leader s4
2022-07-14 02:38:33,442 [Thread-8] INFO  server.RaftServer$Division (RaftServerImpl.java:requestVote(1175)) - s4@group-F163B23E7A07: receive requestVote(PRE_VOTE, s1, group-F163B23E7A07, 1, (t:1, i:0))
2022-07-14 02:38:33,442 [Thread-29] INFO  server.RaftServer$Division (RaftServerImpl.java:requestVote(1175)) - s2@group-F163B23E7A07: receive requestVote(PRE_VOTE, s1, group-F163B23E7A07, 1, (t:1, i:0))
2022-07-14 02:38:33,442 [Thread-8] INFO  impl.VoteContext (VoteContext.java:log(48)) - s4@group-F163B23E7A07-LEADER: reject PRE_VOTE from s1: this server is the leader and still has leadership
2022-07-14 02:38:33,442 [Thread-14] INFO  server.RaftServer$Division (RaftServerImpl.java:requestVote(1175)) - s0@group-F163B23E7A07: receive requestVote(PRE_VOTE, s1, group-F163B23E7A07, 1, (t:1, i:0))
2022-07-14 02:38:33,442 [Thread-8] INFO  server.RaftServer$Division (RaftServerImpl.java:requestVote(1207)) - s4@group-F163B23E7A07 replies to PRE_VOTE vote request: s1<-s4#0:FAIL-t1. Peer's state: s4@group-F163B23E7A07:t1, leader=s4, voted=s4, raftlog=Memoized:s4@group-F163B23E7A07-SegmentedRaftLog:OPENED:c0, conf=0: [s3|rpc:localhost:40707|admin:localhost:37899|client:localhost:39537|dataStream:localhost:45577|priority:0, s4|rpc:localhost:41709|admin:localhost:46527|client:localhost:37803|dataStream:localhost:33761|priority:0, s0|rpc:localhost:37741|admin:localhost:46201|client:localhost:46213|dataStream:localhost:44011|priority:0, s1|rpc:localhost:39965|admin:localhost:38809|client:localhost:39467|dataStream:localhost:32971|priority:0, s2|rpc:localhost:33445|admin:localhost:44043|client:localhost:42341|dataStream:localhost:42157|priority:0], old=null
2022-07-14 02:38:33,442 [Thread-2] INFO  server.RaftServer$Division (RaftServerImpl.java:requestVote(1207)) - s3@group-F163B23E7A07 replies to PRE_VOTE vote request: s1<-s3#0:FAIL-t1. Peer's state: s3@group-F163B23E7A07:t1, leader=s4, voted=s4, raftlog=Memoized:s3@group-F163B23E7A07-SegmentedRaftLog:OPENED:c0, conf=0: [s3|rpc:localhost:40707|admin:localhost:37899|client:localhost:39537|dataStream:localhost:45577|priority:0, s4|rpc:localhost:41709|admin:localhost:46527|client:localhost:37803|dataStream:localhost:33761|priority:0, s0|rpc:localhost:37741|admin:localhost:46201|client:localhost:46213|dataStream:localhost:44011|priority:0, s1|rpc:localhost:39965|admin:localhost:38809|client:localhost:39467|dataStream:localhost:32971|priority:0, s2|rpc:localhost:33445|admin:localhost:44043|client:localhost:42341|dataStream:localhost:42157|priority:0], old=null
2022-07-14 02:38:33,442 [Thread-14] INFO  impl.VoteContext (VoteContext.java:log(48)) - s0@group-F163B23E7A07-FOLLOWER: reject PRE_VOTE from s1: this server is a follower and still has a valid leader s4
2022-07-14 02:38:33,449 [Thread-14] INFO  server.RaftServer$Division (RaftServerImpl.java:requestVote(1207)) - s0@group-F163B23E7A07 replies to PRE_VOTE vote request: s1<-s0#0:FAIL-t1. Peer's state: s0@group-F163B23E7A07:t1, leader=s4, voted=s0, raftlog=Memoized:s0@group-F163B23E7A07-SegmentedRaftLog:OPENED:c0, conf=0: [s3|rpc:localhost:40707|admin:localhost:37899|client:localhost:39537|dataStream:localhost:45577|priority:0, s4|rpc:localhost:41709|admin:localhost:46527|client:localhost:37803|dataStream:localhost:33761|priority:0, s0|rpc:localhost:37741|admin:localhost:46201|client:localhost:46213|dataStream:localhost:44011|priority:0, s1|rpc:localhost:39965|admin:localhost:38809|client:localhost:39467|dataStream:localhost:32971|priority:0, s2|rpc:localhost:33445|admin:localhost:44043|client:localhost:42341|dataStream:localhost:42157|priority:0], old=null
2022-07-14 02:38:33,442 [Thread-29] INFO  impl.VoteContext (VoteContext.java:log(48)) - s2@group-F163B23E7A07-FOLLOWER: reject PRE_VOTE from s1: this server is a follower and still has a valid leader s4
2022-07-14 02:38:33,449 [Thread-29] INFO  server.RaftServer$Division (RaftServerImpl.java:requestVote(1207)) - s2@group-F163B23E7A07 replies to PRE_VOTE vote request: s1<-s2#0:FAIL-t1. Peer's state: s2@group-F163B23E7A07:t1, leader=s4, voted=s4, raftlog=Memoized:s2@group-F163B23E7A07-SegmentedRaftLog:OPENED:c0, conf=0: [s3|rpc:localhost:40707|admin:localhost:37899|client:localhost:39537|dataStream:localhost:45577|priority:0, s4|rpc:localhost:41709|admin:localhost:46527|client:localhost:37803|dataStream:localhost:33761|priority:0, s0|rpc:localhost:37741|admin:localhost:46201|client:localhost:46213|dataStream:localhost:44011|priority:0, s1|rpc:localhost:39965|admin:localhost:38809|client:localhost:39467|dataStream:localhost:32971|priority:0, s2|rpc:localhost:33445|admin:localhost:44043|client:localhost:42341|dataStream:localhost:42157|priority:0], old=null
2022-07-14 02:38:33,461 [s1@group-F163B23E7A07-LeaderElection19] INFO  impl.LeaderElection (LeaderElection.java:logAndReturn(90)) - s1@group-F163B23E7A07-LeaderElection19: PRE_VOTE REJECTED received 3 response(s) and 0 exception(s):
2022-07-14 02:38:33,462 [s1@group-F163B23E7A07-LeaderElection19] INFO  impl.LeaderElection (LeaderElection.java:logAndReturn(94)) -   Response 0: s1<-s3#0:FAIL-t1
2022-07-14 02:38:33,462 [s1@group-F163B23E7A07-LeaderElection19] INFO  impl.LeaderElection (LeaderElection.java:logAndReturn(94)) -   Response 1: s1<-s4#0:FAIL-t1
2022-07-14 02:38:33,462 [s1@group-F163B23E7A07-LeaderElection19] INFO  impl.LeaderElection (LeaderElection.java:logAndReturn(94)) -   Response 2: s1<-s2#0:FAIL-t1
2022-07-14 02:38:33,462 [s1@group-F163B23E7A07-LeaderElection19] INFO  impl.LeaderElection (LeaderElection.java:askForVotes(312)) - s1@group-F163B23E7A07-LeaderElection19 PRE_VOTE round 0: result REJECTED
2022-07-14 02:38:33,462 [s1@group-F163B23E7A07-LeaderElection19] INFO  server.RaftServer$Division (RaftServerImpl.java:setRole(300)) - s1@group-F163B23E7A07: changes role from CANDIDATE to FOLLOWER at term 1 for REJECTED
2022-07-14 02:38:33,462 [s1@group-F163B23E7A07-LeaderElection19] INFO  impl.RoleInfo (RoleInfo.java:shutdownLeaderElection(130)) - s1: shutdown s1@group-F163B23E7A07-LeaderElection19
2022-07-14 02:38:33,462 [s1@group-F163B23E7A07-LeaderElection19] INFO  impl.RoleInfo (RoleInfo.java:updateAndGet(139)) - s1: start s1@group-F163B23E7A07-FollowerState
2022-07-14 02:38:33,641 [Thread-23] INFO  server.RaftServer$Division (ServerState.java:setLeader(304)) - s1@group-F163B23E7A07: change Leader from null to s4 at term 1 for appendEntries, leader elected after 350ms
2022-07-14 02:38:33,699 [Thread-21] INFO  server.RaftServer$Division (RaftServerImpl.java:requestVote(1175)) - s1@group-F163B23E7A07: receive requestVote(PRE_VOTE, s0, group-F163B23E7A07, 1, (t:1, i:0))
2022-07-14 02:38:33,699 [Thread-21] INFO  impl.VoteContext (VoteContext.java:log(48)) - s1@group-F163B23E7A07-FOLLOWER: reject PRE_VOTE from s0: this server is a follower and still has a valid leader s4
2022-07-14 02:38:33,699 [Thread-21] INFO  server.RaftServer$Division (RaftServerImpl.java:requestVote(1207)) - s1@group-F163B23E7A07 replies to PRE_VOTE vote request: s0<-s1#0:FAIL-t1. Peer's state: s1@group-F163B23E7A07:t1, leader=s4, voted=s4, raftlog=Memoized:s1@group-F163B23E7A07-SegmentedRaftLog:OPENED:c0, conf=0: [s3|rpc:localhost:40707|admin:localhost:37899|client:localhost:39537|dataStream:localhost:45577|priority:0, s4|rpc:localhost:41709|admin:localhost:46527|client:localhost:37803|dataStream:localhost:33761|priority:0, s0|rpc:localhost:37741|admin:localhost:46201|client:localhost:46213|dataStream:localhost:44011|priority:0, s1|rpc:localhost:39965|admin:localhost:38809|client:localhost:39467|dataStream:localhost:32971|priority:0, s2|rpc:localhost:33445|admin:localhost:44043|client:localhost:42341|dataStream:localhost:42157|priority:0], old=null
2022-07-14 02:38:33,866 [Time-limited test] INFO  simulation.TestLeaderElectionWithSimulatedRpc (LeaderElectionTests.java:enforceLeader(243)) - try enforcing leader to s1 but new leader is s4
2022-07-14 02:38:33,867 [Time-limited test] INFO  server.RaftServerConfigKeys (ConfUtils.java:logGet(46)) - raft.server.rpc.timeout.max = 300ms (default)
2022-07-14 02:38:34,234 [s1@group-F163B23E7A07-FollowerState] INFO  impl.FollowerState (FollowerState.java:run(143)) - s1@group-F163B23E7A07-FollowerState: change to CANDIDATE, lastRpcElapsedTime:413650585ns, electionTimeout:256ms
2022-07-14 02:38:34,234 [s1@group-F163B23E7A07-FollowerState] INFO  impl.RoleInfo (RoleInfo.java:shutdownFollowerState(110)) - s1: shutdown s1@group-F163B23E7A07-FollowerState
2022-07-14 02:38:34,234 [s1@group-F163B23E7A07-FollowerState] INFO  server.RaftServer$Division (RaftServerImpl.java:setRole(300)) - s1@group-F163B23E7A07: changes role from  FOLLOWER to CANDIDATE at term 1 for changeToCandidate
2022-07-14 02:38:34,234 [s1@group-F163B23E7A07-FollowerState] INFO  server.RaftServerConfigKeys (ConfUtils.java:logGet(46)) - raft.server.leaderelection.pre-vote = true (default)
2022-07-14 02:38:34,234 [s1@group-F163B23E7A07-FollowerState] INFO  impl.RoleInfo (RoleInfo.java:updateAndGet(139)) - s1: start s1@group-F163B23E7A07-LeaderElection20
2022-07-14 02:38:34,235 [s1@group-F163B23E7A07-LeaderElection20] INFO  server.RaftServer$Division (ServerState.java:setLeader(304)) - s1@group-F163B23E7A07: change Leader from s4 to null at term 1 for PRE_VOTE
2022-07-14 02:38:34,235 [s1@group-F163B23E7A07-LeaderElection20] INFO  impl.LeaderElection (LeaderElection.java:askForVotes(310)) - s1@group-F163B23E7A07-LeaderElection20 PRE_VOTE round 0: submit vote requests at term 1 for 0: [s3|rpc:localhost:40707|admin:localhost:37899|client:localhost:39537|dataStream:localhost:45577|priority:0, s4|rpc:localhost:41709|admin:localhost:46527|client:localhost:37803|dataStream:localhost:33761|priority:0, s0|rpc:localhost:37741|admin:localhost:46201|client:localhost:46213|dataStream:localhost:44011|priority:0, s1|rpc:localhost:39965|admin:localhost:38809|client:localhost:39467|dataStream:localhost:32971|priority:0, s2|rpc:localhost:33445|admin:localhost:44043|client:localhost:42341|dataStream:localhost:42157|priority:0], old=null
2022-07-14 02:38:34,314 [s2@group-F163B23E7A07-FollowerState] INFO  impl.FollowerState (FollowerState.java:run(143)) - s2@group-F163B23E7A07-FollowerState: change to CANDIDATE, lastRpcElapsedTime:220008678ns, electionTimeout:219ms
2022-07-14 02:38:34,315 [s2@group-F163B23E7A07-FollowerState] INFO  impl.RoleInfo (RoleInfo.java:shutdownFollowerState(110)) - s2: shutdown s2@group-F163B23E7A07-FollowerState
2022-07-14 02:38:34,315 [s2@group-F163B23E7A07-FollowerState] INFO  server.RaftServer$Division (RaftServerImpl.java:setRole(300)) - s2@group-F163B23E7A07: changes role from  FOLLOWER to CANDIDATE at term 1 for changeToCandidate
2022-07-14 02:38:34,315 [s2@group-F163B23E7A07-FollowerState] INFO  server.RaftServerConfigKeys (ConfUtils.java:logGet(46)) - raft.server.leaderelection.pre-vote = true (default)
2022-07-14 02:38:34,315 [s2@group-F163B23E7A07-FollowerState] INFO  impl.RoleInfo (RoleInfo.java:updateAndGet(139)) - s2: start s2@group-F163B23E7A07-LeaderElection21
2022-07-14 02:38:34,318 [s2@group-F163B23E7A07-LeaderElection21] INFO  server.RaftServer$Division (ServerState.java:setLeader(304)) - s2@group-F163B23E7A07: change Leader from s4 to null at term 1 for PRE_VOTE
2022-07-14 02:38:34,318 [Time-limited test] INFO  server.RaftServerConfigKeys (ConfUtils.java:logGet(46)) - raft.server.rpc.timeout.max = 300ms (default)
2022-07-14 02:38:34,318 [s2@group-F163B23E7A07-LeaderElection21] INFO  impl.LeaderElection (LeaderElection.java:askForVotes(310)) - s2@group-F163B23E7A07-LeaderElection21 PRE_VOTE round 0: submit vote requests at term 1 for 0: [s3|rpc:localhost:40707|admin:localhost:37899|client:localhost:39537|dataStream:localhost:45577|priority:0, s4|rpc:localhost:41709|admin:localhost:46527|client:localhost:37803|dataStream:localhost:33761|priority:0, s0|rpc:localhost:37741|admin:localhost:46201|client:localhost:46213|dataStream:localhost:44011|priority:0, s1|rpc:localhost:39965|admin:localhost:38809|client:localhost:39467|dataStream:localhost:32971|priority:0, s2|rpc:localhost:33445|admin:localhost:44043|client:localhost:42341|dataStream:localhost:42157|priority:0], old=null
2022-07-14 02:38:34,319 [Thread-2] INFO  server.RaftServer$Division (RaftServerImpl.java:requestVote(1175)) - s3@group-F163B23E7A07: receive requestVote(PRE_VOTE, s2, group-F163B23E7A07, 1, (t:1, i:0))
2022-07-14 02:38:34,319 [Thread-2] INFO  impl.VoteContext (VoteContext.java:log(48)) - s3@group-F163B23E7A07-FOLLOWER: accept PRE_VOTE from s2: our priority 0 <= candidate's priority 0
2022-07-14 02:38:34,319 [Thread-2] INFO  server.RaftServer$Division (RaftServerImpl.java:requestVote(1207)) - s3@group-F163B23E7A07 replies to PRE_VOTE vote request: s2<-s3#0:OK-t1. Peer's state: s3@group-F163B23E7A07:t1, leader=s4, voted=s4, raftlog=Memoized:s3@group-F163B23E7A07-SegmentedRaftLog:OPENED:c0, conf=0: [s3|rpc:localhost:40707|admin:localhost:37899|client:localhost:39537|dataStream:localhost:45577|priority:0, s4|rpc:localhost:41709|admin:localhost:46527|client:localhost:37803|dataStream:localhost:33761|priority:0, s0|rpc:localhost:37741|admin:localhost:46201|client:localhost:46213|dataStream:localhost:44011|priority:0, s1|rpc:localhost:39965|admin:localhost:38809|client:localhost:39467|dataStream:localhost:32971|priority:0, s2|rpc:localhost:33445|admin:localhost:44043|client:localhost:42341|dataStream:localhost:42157|priority:0], old=null
2022-07-14 02:38:34,320 [Thread-16] INFO  server.RaftServer$Division (RaftServerImpl.java:requestVote(1175)) - s0@group-F163B23E7A07: receive requestVote(PRE_VOTE, s2, group-F163B23E7A07, 1, (t:1, i:0))
2022-07-14 02:38:34,320 [Thread-16] INFO  impl.VoteContext (VoteContext.java:log(48)) - s0@group-F163B23E7A07-FOLLOWER: reject PRE_VOTE from s2: this server is a follower and still has a valid leader s4
2022-07-14 02:38:34,320 [Thread-16] INFO  server.RaftServer$Division (RaftServerImpl.java:requestVote(1207)) - s0@group-F163B23E7A07 replies to PRE_VOTE vote request: s2<-s0#0:FAIL-t1. Peer's state: s0@group-F163B23E7A07:t1, leader=s4, voted=s0, raftlog=Memoized:s0@group-F163B23E7A07-SegmentedRaftLog:OPENED:c0, conf=0: [s3|rpc:localhost:40707|admin:localhost:37899|client:localhost:39537|dataStream:localhost:45577|priority:0, s4|rpc:localhost:41709|admin:localhost:46527|client:localhost:37803|dataStream:localhost:33761|priority:0, s0|rpc:localhost:37741|admin:localhost:46201|client:localhost:46213|dataStream:localhost:44011|priority:0, s1|rpc:localhost:39965|admin:localhost:38809|client:localhost:39467|dataStream:localhost:32971|priority:0, s2|rpc:localhost:33445|admin:localhost:44043|client:localhost:42341|dataStream:localhost:42157|priority:0], old=null
2022-07-14 02:38:34,320 [Thread-21] INFO  server.RaftServer$Division (RaftServerImpl.java:requestVote(1175)) - s1@group-F163B23E7A07: receive requestVote(PRE_VOTE, s2, group-F163B23E7A07, 1, (t:1, i:0))
2022-07-14 02:38:34,321 [Thread-7] INFO  server.RaftServer$Division (RaftServerImpl.java:requestVote(1175)) - s4@group-F163B23E7A07: receive requestVote(PRE_VOTE, s2, group-F163B23E7A07, 1, (t:1, i:0))
2022-07-14 02:38:34,321 [Thread-21] INFO  impl.VoteContext (VoteContext.java:log(48)) - s1@group-F163B23E7A07-CANDIDATE: accept PRE_VOTE from s2: our priority 0 <= candidate's priority 0
2022-07-14 02:38:34,321 [Thread-7] INFO  impl.VoteContext (VoteContext.java:log(48)) - s4@group-F163B23E7A07-LEADER: reject PRE_VOTE from s2: this server is the leader and still has leadership
2022-07-14 02:38:34,321 [Thread-21] INFO  server.RaftServer$Division (RaftServerImpl.java:requestVote(1207)) - s1@group-F163B23E7A07 replies to PRE_VOTE vote request: s2<-s1#0:OK-t1. Peer's state: s1@group-F163B23E7A07:t1, leader=null, voted=s4, raftlog=Memoized:s1@group-F163B23E7A07-SegmentedRaftLog:OPENED:c0, conf=0: [s3|rpc:localhost:40707|admin:localhost:37899|client:localhost:39537|dataStream:localhost:45577|priority:0, s4|rpc:localhost:41709|admin:localhost:46527|client:localhost:37803|dataStream:localhost:33761|priority:0, s0|rpc:localhost:37741|admin:localhost:46201|client:localhost:46213|dataStream:localhost:44011|priority:0, s1|rpc:localhost:39965|admin:localhost:38809|client:localhost:39467|dataStream:localhost:32971|priority:0, s2|rpc:localhost:33445|admin:localhost:44043|client:localhost:42341|dataStream:localhost:42157|priority:0], old=null
2022-07-14 02:38:34,321 [Thread-7] INFO  server.RaftServer$Division (RaftServerImpl.java:requestVote(1207)) - s4@group-F163B23E7A07 replies to PRE_VOTE vote request: s2<-s4#0:FAIL-t1. Peer's state: s4@group-F163B23E7A07:t1, leader=s4, voted=s4, raftlog=Memoized:s4@group-F163B23E7A07-SegmentedRaftLog:OPENED:c0, conf=0: [s3|rpc:localhost:40707|admin:localhost:37899|client:localhost:39537|dataStream:localhost:45577|priority:0, s4|rpc:localhost:41709|admin:localhost:46527|client:localhost:37803|dataStream:localhost:33761|priority:0, s0|rpc:localhost:37741|admin:localhost:46201|client:localhost:46213|dataStream:localhost:44011|priority:0, s1|rpc:localhost:39965|admin:localhost:38809|client:localhost:39467|dataStream:localhost:32971|priority:0, s2|rpc:localhost:33445|admin:localhost:44043|client:localhost:42341|dataStream:localhost:42157|priority:0], old=null
2022-07-14 02:38:34,330 [Thread-30] INFO  server.RaftServer$Division (RaftServerImpl.java:setRole(300)) - s2@group-F163B23E7A07: changes role from CANDIDATE to FOLLOWER at term 1 for appendEntries
2022-07-14 02:38:34,331 [Thread-30] INFO  impl.RoleInfo (RoleInfo.java:shutdownLeaderElection(130)) - s2: shutdown s2@group-F163B23E7A07-LeaderElection21
2022-07-14 02:38:34,331 [Thread-30] INFO  impl.RoleInfo (RoleInfo.java:updateAndGet(139)) - s2: start s2@group-F163B23E7A07-FollowerState
2022-07-14 02:38:34,331 [Thread-30] INFO  server.RaftServer$Division (ServerState.java:setLeader(304)) - s2@group-F163B23E7A07: change Leader from null to s4 at term 1 for appendEntries, leader elected after 13ms
2022-07-14 02:38:34,332 [s2@group-F163B23E7A07-LeaderElection21] INFO  impl.LeaderElection (LeaderElection.java:logAndReturn(90)) - s2@group-F163B23E7A07-LeaderElection21: PRE_VOTE PASSED received 2 response(s) and 0 exception(s):
2022-07-14 02:38:34,332 [s2@group-F163B23E7A07-LeaderElection21] INFO  impl.LeaderElection (LeaderElection.java:logAndReturn(94)) -   Response 0: s2<-s3#0:OK-t1
2022-07-14 02:38:34,332 [s2@group-F163B23E7A07-LeaderElection21] INFO  impl.LeaderElection (LeaderElection.java:logAndReturn(94)) -   Response 1: s2<-s1#0:OK-t1
2022-07-14 02:38:34,332 [s2@group-F163B23E7A07-LeaderElection21] INFO  impl.LeaderElection (LeaderElection.java:askForVotes(312)) - s2@group-F163B23E7A07-LeaderElection21 PRE_VOTE round 0: result PASSED
2022-07-14 02:38:34,386 [Thread-1] INFO  server.RaftServer$Division (RaftServerImpl.java:requestVote(1175)) - s3@group-F163B23E7A07: receive requestVote(PRE_VOTE, s1, group-F163B23E7A07, 1, (t:1, i:0))
2022-07-14 02:38:34,387 [Thread-15] INFO  server.RaftServer$Division (RaftServerImpl.java:requestVote(1175)) - s0@group-F163B23E7A07: receive requestVote(PRE_VOTE, s1, group-F163B23E7A07, 1, (t:1, i:0))
2022-07-14 02:38:34,387 [Thread-15] INFO  impl.VoteContext (VoteContext.java:log(48)) - s0@group-F163B23E7A07-FOLLOWER: reject PRE_VOTE from s1: this server is a follower and still has a valid leader s4
2022-07-14 02:38:34,387 [Thread-9] INFO  server.RaftServer$Division (RaftServerImpl.java:requestVote(1175)) - s4@group-F163B23E7A07: receive requestVote(PRE_VOTE, s1, group-F163B23E7A07, 1, (t:1, i:0))
2022-07-14 02:38:34,387 [Thread-9] INFO  impl.VoteContext (VoteContext.java:log(48)) - s4@group-F163B23E7A07-LEADER: reject PRE_VOTE from s1: this server is the leader and still has leadership
2022-07-14 02:38:34,387 [Thread-1] INFO  impl.VoteContext (VoteContext.java:log(48)) - s3@group-F163B23E7A07-FOLLOWER: reject PRE_VOTE from s1: this server is a follower and still has a valid leader s4
2022-07-14 02:38:34,387 [Thread-9] INFO  server.RaftServer$Division (RaftServerImpl.java:requestVote(1207)) - s4@group-F163B23E7A07 replies to PRE_VOTE vote request: s1<-s4#0:FAIL-t1. Peer's state: s4@group-F163B23E7A07:t1, leader=s4, voted=s4, raftlog=Memoized:s4@group-F163B23E7A07-SegmentedRaftLog:OPENED:c0, conf=0: [s3|rpc:localhost:40707|admin:localhost:37899|client:localhost:39537|dataStream:localhost:45577|priority:0, s4|rpc:localhost:41709|admin:localhost:46527|client:localhost:37803|dataStream:localhost:33761|priority:0, s0|rpc:localhost:37741|admin:localhost:46201|client:localhost:46213|dataStream:localhost:44011|priority:0, s1|rpc:localhost:39965|admin:localhost:38809|client:localhost:39467|dataStream:localhost:32971|priority:0, s2|rpc:localhost:33445|admin:localhost:44043|client:localhost:42341|dataStream:localhost:42157|priority:0], old=null
2022-07-14 02:38:34,387 [Thread-15] INFO  server.RaftServer$Division (RaftServerImpl.java:requestVote(1207)) - s0@group-F163B23E7A07 replies to PRE_VOTE vote request: s1<-s0#0:FAIL-t1. Peer's state: s0@group-F163B23E7A07:t1, leader=s4, voted=s0, raftlog=Memoized:s0@group-F163B23E7A07-SegmentedRaftLog:OPENED:c0, conf=0: [s3|rpc:localhost:40707|admin:localhost:37899|client:localhost:39537|dataStream:localhost:45577|priority:0, s4|rpc:localhost:41709|admin:localhost:46527|client:localhost:37803|dataStream:localhost:33761|priority:0, s0|rpc:localhost:37741|admin:localhost:46201|client:localhost:46213|dataStream:localhost:44011|priority:0, s1|rpc:localhost:39965|admin:localhost:38809|client:localhost:39467|dataStream:localhost:32971|priority:0, s2|rpc:localhost:33445|admin:localhost:44043|client:localhost:42341|dataStream:localhost:42157|priority:0], old=null
2022-07-14 02:38:34,387 [Thread-31] INFO  server.RaftServer$Division (RaftServerImpl.java:requestVote(1175)) - s2@group-F163B23E7A07: receive requestVote(PRE_VOTE, s1, group-F163B23E7A07, 1, (t:1, i:0))
2022-07-14 02:38:34,388 [Thread-1] INFO  server.RaftServer$Division (RaftServerImpl.java:requestVote(1207)) - s3@group-F163B23E7A07 replies to PRE_VOTE vote request: s1<-s3#0:FAIL-t1. Peer's state: s3@group-F163B23E7A07:t1, leader=s4, voted=s4, raftlog=Memoized:s3@group-F163B23E7A07-SegmentedRaftLog:OPENED:c0, conf=0: [s3|rpc:localhost:40707|admin:localhost:37899|client:localhost:39537|dataStream:localhost:45577|priority:0, s4|rpc:localhost:41709|admin:localhost:46527|client:localhost:37803|dataStream:localhost:33761|priority:0, s0|rpc:localhost:37741|admin:localhost:46201|client:localhost:46213|dataStream:localhost:44011|priority:0, s1|rpc:localhost:39965|admin:localhost:38809|client:localhost:39467|dataStream:localhost:32971|priority:0, s2|rpc:localhost:33445|admin:localhost:44043|client:localhost:42341|dataStream:localhost:42157|priority:0], old=null
2022-07-14 02:38:34,388 [Thread-31] INFO  impl.VoteContext (VoteContext.java:log(48)) - s2@group-F163B23E7A07-FOLLOWER: reject PRE_VOTE from s1: this server is a follower and still has a valid leader s4
2022-07-14 02:38:34,388 [Thread-31] INFO  server.RaftServer$Division (RaftServerImpl.java:requestVote(1207)) - s2@group-F163B23E7A07 replies to PRE_VOTE vote request: s1<-s2#0:FAIL-t1. Peer's state: s2@group-F163B23E7A07:t1, leader=s4, voted=s4, raftlog=Memoized:s2@group-F163B23E7A07-SegmentedRaftLog:OPENED:c0, conf=0: [s3|rpc:localhost:40707|admin:localhost:37899|client:localhost:39537|dataStream:localhost:45577|priority:0, s4|rpc:localhost:41709|admin:localhost:46527|client:localhost:37803|dataStream:localhost:33761|priority:0, s0|rpc:localhost:37741|admin:localhost:46201|client:localhost:46213|dataStream:localhost:44011|priority:0, s1|rpc:localhost:39965|admin:localhost:38809|client:localhost:39467|dataStream:localhost:32971|priority:0, s2|rpc:localhost:33445|admin:localhost:44043|client:localhost:42341|dataStream:localhost:42157|priority:0], old=null
2022-07-14 02:38:34,406 [s1@group-F163B23E7A07-LeaderElection20] INFO  impl.LeaderElection (LeaderElection.java:logAndReturn(90)) - s1@group-F163B23E7A07-LeaderElection20: PRE_VOTE REJECTED received 3 response(s) and 0 exception(s):
2022-07-14 02:38:34,406 [s1@group-F163B23E7A07-LeaderElection20] INFO  impl.LeaderElection (LeaderElection.java:logAndReturn(94)) -   Response 0: s1<-s4#0:FAIL-t1
2022-07-14 02:38:34,406 [s1@group-F163B23E7A07-LeaderElection20] INFO  impl.LeaderElection (LeaderElection.java:logAndReturn(94)) -   Response 1: s1<-s0#0:FAIL-t1
2022-07-14 02:38:34,406 [s1@group-F163B23E7A07-LeaderElection20] INFO  impl.LeaderElection (LeaderElection.java:logAndReturn(94)) -   Response 2: s1<-s2#0:FAIL-t1
2022-07-14 02:38:34,406 [s1@group-F163B23E7A07-LeaderElection20] INFO  impl.LeaderElection (LeaderElection.java:askForVotes(312)) - s1@group-F163B23E7A07-LeaderElection20 PRE_VOTE round 0: result REJECTED
2022-07-14 02:38:34,406 [s1@group-F163B23E7A07-LeaderElection20] INFO  server.RaftServer$Division (RaftServerImpl.java:setRole(300)) - s1@group-F163B23E7A07: changes role from CANDIDATE to FOLLOWER at term 1 for REJECTED
2022-07-14 02:38:34,406 [s1@group-F163B23E7A07-LeaderElection20] INFO  impl.RoleInfo (RoleInfo.java:shutdownLeaderElection(130)) - s1: shutdown s1@group-F163B23E7A07-LeaderElection20
2022-07-14 02:38:34,407 [s1@group-F163B23E7A07-LeaderElection20] INFO  impl.RoleInfo (RoleInfo.java:updateAndGet(139)) - s1: start s1@group-F163B23E7A07-FollowerState
2022-07-14 02:38:34,515 [Thread-22] INFO  server.RaftServer$Division (ServerState.java:setLeader(304)) - s1@group-F163B23E7A07: change Leader from null to s4 at term 1 for appendEntries, leader elected after 280ms
2022-07-14 02:38:34,768 [Time-limited test] INFO  simulation.TestLeaderElectionWithSimulatedRpc (LeaderElectionTests.java:enforceLeader(243)) - try enforcing leader to s1 but new leader is s4
2022-07-14 02:38:34,769 [Time-limited test] INFO  server.RaftServerConfigKeys (ConfUtils.java:logGet(46)) - raft.server.rpc.timeout.max = 300ms (default)
2022-07-14 02:38:35,174 [s1@group-F163B23E7A07-FollowerState] INFO  impl.FollowerState (FollowerState.java:run(143)) - s1@group-F163B23E7A07-FollowerState: change to CANDIDATE, lastRpcElapsedTime:475800541ns, electionTimeout:248ms
2022-07-14 02:38:35,174 [s1@group-F163B23E7A07-FollowerState] INFO  impl.RoleInfo (RoleInfo.java:shutdownFollowerState(110)) - s1: shutdown s1@group-F163B23E7A07-FollowerState
2022-07-14 02:38:35,174 [s1@group-F163B23E7A07-FollowerState] INFO  server.RaftServer$Division (RaftServerImpl.java:setRole(300)) - s1@group-F163B23E7A07: changes role from  FOLLOWER to CANDIDATE at term 1 for changeToCandidate
2022-07-14 02:38:35,174 [s1@group-F163B23E7A07-FollowerState] INFO  server.RaftServerConfigKeys (ConfUtils.java:logGet(46)) - raft.server.leaderelection.pre-vote = true (default)
2022-07-14 02:38:35,174 [s1@group-F163B23E7A07-FollowerState] INFO  impl.RoleInfo (RoleInfo.java:updateAndGet(139)) - s1: start s1@group-F163B23E7A07-LeaderElection22
2022-07-14 02:38:35,175 [s1@group-F163B23E7A07-LeaderElection22] INFO  server.RaftServer$Division (ServerState.java:setLeader(304)) - s1@group-F163B23E7A07: change Leader from s4 to null at term 1 for PRE_VOTE
2022-07-14 02:38:35,175 [s1@group-F163B23E7A07-LeaderElection22] INFO  impl.LeaderElection (LeaderElection.java:askForVotes(310)) - s1@group-F163B23E7A07-LeaderElection22 PRE_VOTE round 0: submit vote requests at term 1 for 0: [s3|rpc:localhost:40707|admin:localhost:37899|client:localhost:39537|dataStream:localhost:45577|priority:0, s4|rpc:localhost:41709|admin:localhost:46527|client:localhost:37803|dataStream:localhost:33761|priority:0, s0|rpc:localhost:37741|admin:localhost:46201|client:localhost:46213|dataStream:localhost:44011|priority:0, s1|rpc:localhost:39965|admin:localhost:38809|client:localhost:39467|dataStream:localhost:32971|priority:0, s2|rpc:localhost:33445|admin:localhost:44043|client:localhost:42341|dataStream:localhost:42157|priority:0], old=null
2022-07-14 02:38:35,219 [Time-limited test] INFO  server.RaftServerConfigKeys (ConfUtils.java:logGet(46)) - raft.server.rpc.timeout.max = 300ms (default)
2022-07-14 02:38:35,283 [Timer-0] INFO  impl.MiniRaftCluster (MiniRaftCluster.java:lambda$null$5(314)) - TIMED-PRINT: printing ALL groups
  s3:  RUNNING  FOLLOWER s3@group-F163B23E7A07:t1, leader=s4, voted=s4, raftlog=Memoized:s3@group-F163B23E7A07-SegmentedRaftLog:OPENED:c0, conf=0: [s3|rpc:localhost:40707|admin:localhost:37899|client:localhost:39537|dataStream:localhost:45577|priority:0, s4|rpc:localhost:41709|admin:localhost:46527|client:localhost:37803|dataStream:localhost:33761|priority:0, s0|rpc:localhost:37741|admin:localhost:46201|client:localhost:46213|dataStream:localhost:44011|priority:0, s1|rpc:localhost:39965|admin:localhost:38809|client:localhost:39467|dataStream:localhost:32971|priority:0, s2|rpc:localhost:33445|admin:localhost:44043|client:localhost:42341|dataStream:localhost:42157|priority:0], old=null RUNNING
  s4:  RUNNING    LEADER s4@group-F163B23E7A07:t1, leader=s4, voted=s4, raftlog=Memoized:s4@group-F163B23E7A07-SegmentedRaftLog:OPENED:c0, conf=0: [s3|rpc:localhost:40707|admin:localhost:37899|client:localhost:39537|dataStream:localhost:45577|priority:0, s4|rpc:localhost:41709|admin:localhost:46527|client:localhost:37803|dataStream:localhost:33761|priority:0, s0|rpc:localhost:37741|admin:localhost:46201|client:localhost:46213|dataStream:localhost:44011|priority:0, s1|rpc:localhost:39965|admin:localhost:38809|client:localhost:39467|dataStream:localhost:32971|priority:0, s2|rpc:localhost:33445|admin:localhost:44043|client:localhost:42341|dataStream:localhost:42157|priority:0], old=null RUNNING
  s0:  RUNNING  FOLLOWER s0@group-F163B23E7A07:t1, leader=s4, voted=s0, raftlog=Memoized:s0@group-F163B23E7A07-SegmentedRaftLog:OPENED:c0, conf=0: [s3|rpc:localhost:40707|admin:localhost:37899|client:localhost:39537|dataStream:localhost:45577|priority:0, s4|rpc:localhost:41709|admin:localhost:46527|client:localhost:37803|dataStream:localhost:33761|priority:0, s0|rpc:localhost:37741|admin:localhost:46201|client:localhost:46213|dataStream:localhost:44011|priority:0, s1|rpc:localhost:39965|admin:localhost:38809|client:localhost:39467|dataStream:localhost:32971|priority:0, s2|rpc:localhost:33445|admin:localhost:44043|client:localhost:42341|dataStream:localhost:42157|priority:0], old=null RUNNING
  s1:  RUNNING CANDIDATE s1@group-F163B23E7A07:t1, leader=null, voted=s4, raftlog=Memoized:s1@group-F163B23E7A07-SegmentedRaftLog:OPENED:c0, conf=0: [s3|rpc:localhost:40707|admin:localhost:37899|client:localhost:39537|dataStream:localhost:45577|priority:0, s4|rpc:localhost:41709|admin:localhost:46527|client:localhost:37803|dataStream:localhost:33761|priority:0, s0|rpc:localhost:37741|admin:localhost:46201|client:localhost:46213|dataStream:localhost:44011|priority:0, s1|rpc:localhost:39965|admin:localhost:38809|client:localhost:39467|dataStream:localhost:32971|priority:0, s2|rpc:localhost:33445|admin:localhost:44043|client:localhost:42341|dataStream:localhost:42157|priority:0], old=null RUNNING
  s2:  RUNNING  FOLLOWER s2@group-F163B23E7A07:t1, leader=s4, voted=s4, raftlog=Memoized:s2@group-F163B23E7A07-SegmentedRaftLog:OPENED:c0, conf=0: [s3|rpc:localhost:40707|admin:localhost:37899|client:localhost:39537|dataStream:localhost:45577|priority:0, s4|rpc:localhost:41709|admin:localhost:46527|client:localhost:37803|dataStream:localhost:33761|priority:0, s0|rpc:localhost:37741|admin:localhost:46201|client:localhost:46213|dataStream:localhost:44011|priority:0, s1|rpc:localhost:39965|admin:localhost:38809|client:localhost:39467|dataStream:localhost:32971|priority:0, s2|rpc:localhost:33445|admin:localhost:44043|client:localhost:42341|dataStream:localhost:42157|priority:0], old=null RUNNING
2022-07-14 02:38:35,326 [Thread-2] INFO  server.RaftServer$Division (RaftServerImpl.java:requestVote(1175)) - s3@group-F163B23E7A07: receive requestVote(PRE_VOTE, s1, group-F163B23E7A07, 1, (t:1, i:0))
2022-07-14 02:38:35,326 [Thread-2] INFO  impl.VoteContext (VoteContext.java:log(48)) - s3@group-F163B23E7A07-FOLLOWER: reject PRE_VOTE from s1: this server is a follower and still has a valid leader s4
2022-07-14 02:38:35,326 [Thread-8] INFO  server.RaftServer$Division (RaftServerImpl.java:requestVote(1175)) - s4@group-F163B23E7A07: receive requestVote(PRE_VOTE, s1, group-F163B23E7A07, 1, (t:1, i:0))
2022-07-14 02:38:35,326 [Thread-2] INFO  server.RaftServer$Division (RaftServerImpl.java:requestVote(1207)) - s3@group-F163B23E7A07 replies to PRE_VOTE vote request: s1<-s3#0:FAIL-t1. Peer's state: s3@group-F163B23E7A07:t1, leader=s4, voted=s4, raftlog=Memoized:s3@group-F163B23E7A07-SegmentedRaftLog:OPENED:c0, conf=0: [s3|rpc:localhost:40707|admin:localhost:37899|client:localhost:39537|dataStream:localhost:45577|priority:0, s4|rpc:localhost:41709|admin:localhost:46527|client:localhost:37803|dataStream:localhost:33761|priority:0, s0|rpc:localhost:37741|admin:localhost:46201|client:localhost:46213|dataStream:localhost:44011|priority:0, s1|rpc:localhost:39965|admin:localhost:38809|client:localhost:39467|dataStream:localhost:32971|priority:0, s2|rpc:localhost:33445|admin:localhost:44043|client:localhost:42341|dataStream:localhost:42157|priority:0], old=null
2022-07-14 02:38:35,327 [Thread-8] INFO  impl.VoteContext (VoteContext.java:log(48)) - s4@group-F163B23E7A07-LEADER: reject PRE_VOTE from s1: this server is the leader and still has leadership
2022-07-14 02:38:35,327 [Thread-16] INFO  server.RaftServer$Division (RaftServerImpl.java:requestVote(1175)) - s0@group-F163B23E7A07: receive requestVote(PRE_VOTE, s1, group-F163B23E7A07, 1, (t:1, i:0))
2022-07-14 02:38:35,327 [Thread-8] INFO  server.RaftServer$Division (RaftServerImpl.java:requestVote(1207)) - s4@group-F163B23E7A07 replies to PRE_VOTE vote request: s1<-s4#0:FAIL-t1. Peer's state: s4@group-F163B23E7A07:t1, leader=s4, voted=s4, raftlog=Memoized:s4@group-F163B23E7A07-SegmentedRaftLog:OPENED:c0, conf=0: [s3|rpc:localhost:40707|admin:localhost:37899|client:localhost:39537|dataStream:localhost:45577|priority:0, s4|rpc:localhost:41709|admin:localhost:46527|client:localhost:37803|dataStream:localhost:33761|priority:0, s0|rpc:localhost:37741|admin:localhost:46201|client:localhost:46213|dataStream:localhost:44011|priority:0, s1|rpc:localhost:39965|admin:localhost:38809|client:localhost:39467|dataStream:localhost:32971|priority:0, s2|rpc:localhost:33445|admin:localhost:44043|client:localhost:42341|dataStream:localhost:42157|priority:0], old=null
2022-07-14 02:38:35,327 [Thread-29] INFO  server.RaftServer$Division (RaftServerImpl.java:requestVote(1175)) - s2@group-F163B23E7A07: receive requestVote(PRE_VOTE, s1, group-F163B23E7A07, 1, (t:1, i:0))
2022-07-14 02:38:35,327 [Thread-29] INFO  impl.VoteContext (VoteContext.java:log(48)) - s2@group-F163B23E7A07-FOLLOWER: reject PRE_VOTE from s1: this server is a follower and still has a valid leader s4
2022-07-14 02:38:35,327 [Thread-29] INFO  server.RaftServer$Division (RaftServerImpl.java:requestVote(1207)) - s2@group-F163B23E7A07 replies to PRE_VOTE vote request: s1<-s2#0:FAIL-t1. Peer's state: s2@group-F163B23E7A07:t1, leader=s4, voted=s4, raftlog=Memoized:s2@group-F163B23E7A07-SegmentedRaftLog:OPENED:c0, conf=0: [s3|rpc:localhost:40707|admin:localhost:37899|client:localhost:39537|dataStream:localhost:45577|priority:0, s4|rpc:localhost:41709|admin:localhost:46527|client:localhost:37803|dataStream:localhost:33761|priority:0, s0|rpc:localhost:37741|admin:localhost:46201|client:localhost:46213|dataStream:localhost:44011|priority:0, s1|rpc:localhost:39965|admin:localhost:38809|client:localhost:39467|dataStream:localhost:32971|priority:0, s2|rpc:localhost:33445|admin:localhost:44043|client:localhost:42341|dataStream:localhost:42157|priority:0], old=null
2022-07-14 02:38:35,327 [Thread-16] INFO  impl.VoteContext (VoteContext.java:log(48)) - s0@group-F163B23E7A07-FOLLOWER: reject PRE_VOTE from s1: this server is a follower and still has a valid leader s4
2022-07-14 02:38:35,327 [Thread-16] INFO  server.RaftServer$Division (RaftServerImpl.java:requestVote(1207)) - s0@group-F163B23E7A07 replies to PRE_VOTE vote request: s1<-s0#0:FAIL-t1. Peer's state: s0@group-F163B23E7A07:t1, leader=s4, voted=s0, raftlog=Memoized:s0@group-F163B23E7A07-SegmentedRaftLog:OPENED:c0, conf=0: [s3|rpc:localhost:40707|admin:localhost:37899|client:localhost:39537|dataStream:localhost:45577|priority:0, s4|rpc:localhost:41709|admin:localhost:46527|client:localhost:37803|dataStream:localhost:33761|priority:0, s0|rpc:localhost:37741|admin:localhost:46201|client:localhost:46213|dataStream:localhost:44011|priority:0, s1|rpc:localhost:39965|admin:localhost:38809|client:localhost:39467|dataStream:localhost:32971|priority:0, s2|rpc:localhost:33445|admin:localhost:44043|client:localhost:42341|dataStream:localhost:42157|priority:0], old=null
2022-07-14 02:38:35,341 [s1@group-F163B23E7A07-LeaderElection22] INFO  impl.LeaderElection (LeaderElection.java:logAndReturn(90)) - s1@group-F163B23E7A07-LeaderElection22: PRE_VOTE REJECTED received 3 response(s) and 0 exception(s):
2022-07-14 02:38:35,341 [s1@group-F163B23E7A07-LeaderElection22] INFO  impl.LeaderElection (LeaderElection.java:logAndReturn(94)) -   Response 0: s1<-s4#0:FAIL-t1
2022-07-14 02:38:35,341 [s1@group-F163B23E7A07-LeaderElection22] INFO  impl.LeaderElection (LeaderElection.java:logAndReturn(94)) -   Response 1: s1<-s0#0:FAIL-t1
2022-07-14 02:38:35,341 [s1@group-F163B23E7A07-LeaderElection22] INFO  impl.LeaderElection (LeaderElection.java:logAndReturn(94)) -   Response 2: s1<-s2#0:FAIL-t1
2022-07-14 02:38:35,341 [s1@group-F163B23E7A07-LeaderElection22] INFO  impl.LeaderElection (LeaderElection.java:askForVotes(312)) - s1@group-F163B23E7A07-LeaderElection22 PRE_VOTE round 0: result REJECTED
2022-07-14 02:38:35,342 [s1@group-F163B23E7A07-LeaderElection22] INFO  server.RaftServer$Division (RaftServerImpl.java:setRole(300)) - s1@group-F163B23E7A07: changes role from CANDIDATE to FOLLOWER at term 1 for REJECTED
2022-07-14 02:38:35,342 [s1@group-F163B23E7A07-LeaderElection22] INFO  impl.RoleInfo (RoleInfo.java:shutdownLeaderElection(130)) - s1: shutdown s1@group-F163B23E7A07-LeaderElection22
2022-07-14 02:38:35,342 [s1@group-F163B23E7A07-LeaderElection22] INFO  impl.RoleInfo (RoleInfo.java:updateAndGet(139)) - s1: start s1@group-F163B23E7A07-FollowerState
2022-07-14 02:38:35,385 [Thread-22] INFO  server.RaftServer$Division (ServerState.java:setLeader(304)) - s1@group-F163B23E7A07: change Leader from null to s4 at term 1 for appendEntries, leader elected after 209ms
2022-07-14 02:38:35,670 [Time-limited test] INFO  simulation.TestLeaderElectionWithSimulatedRpc (LeaderElectionTests.java:enforceLeader(246)) - printing ALL groups
  s3:  RUNNING  FOLLOWER s3@group-F163B23E7A07:t1, leader=s4, voted=s4, raftlog=Memoized:s3@group-F163B23E7A07-SegmentedRaftLog:OPENED:c0, conf=0: [s3|rpc:localhost:40707|admin:localhost:37899|client:localhost:39537|dataStream:localhost:45577|priority:0, s4|rpc:localhost:41709|admin:localhost:46527|client:localhost:37803|dataStream:localhost:33761|priority:0, s0|rpc:localhost:37741|admin:localhost:46201|client:localhost:46213|dataStream:localhost:44011|priority:0, s1|rpc:localhost:39965|admin:localhost:38809|client:localhost:39467|dataStream:localhost:32971|priority:0, s2|rpc:localhost:33445|admin:localhost:44043|client:localhost:42341|dataStream:localhost:42157|priority:0], old=null RUNNING
  s4:  RUNNING    LEADER s4@group-F163B23E7A07:t1, leader=s4, voted=s4, raftlog=Memoized:s4@group-F163B23E7A07-SegmentedRaftLog:OPENED:c0, conf=0: [s3|rpc:localhost:40707|admin:localhost:37899|client:localhost:39537|dataStream:localhost:45577|priority:0, s4|rpc:localhost:41709|admin:localhost:46527|client:localhost:37803|dataStream:localhost:33761|priority:0, s0|rpc:localhost:37741|admin:localhost:46201|client:localhost:46213|dataStream:localhost:44011|priority:0, s1|rpc:localhost:39965|admin:localhost:38809|client:localhost:39467|dataStream:localhost:32971|priority:0, s2|rpc:localhost:33445|admin:localhost:44043|client:localhost:42341|dataStream:localhost:42157|priority:0], old=null RUNNING
  s0:  RUNNING  FOLLOWER s0@group-F163B23E7A07:t1, leader=s4, voted=s0, raftlog=Memoized:s0@group-F163B23E7A07-SegmentedRaftLog:OPENED:c0, conf=0: [s3|rpc:localhost:40707|admin:localhost:37899|client:localhost:39537|dataStream:localhost:45577|priority:0, s4|rpc:localhost:41709|admin:localhost:46527|client:localhost:37803|dataStream:localhost:33761|priority:0, s0|rpc:localhost:37741|admin:localhost:46201|client:localhost:46213|dataStream:localhost:44011|priority:0, s1|rpc:localhost:39965|admin:localhost:38809|client:localhost:39467|dataStream:localhost:32971|priority:0, s2|rpc:localhost:33445|admin:localhost:44043|client:localhost:42341|dataStream:localhost:42157|priority:0], old=null RUNNING
  s1:  RUNNING  FOLLOWER s1@group-F163B23E7A07:t1, leader=s4, voted=s4, raftlog=Memoized:s1@group-F163B23E7A07-SegmentedRaftLog:OPENED:c0, conf=0: [s3|rpc:localhost:40707|admin:localhost:37899|client:localhost:39537|dataStream:localhost:45577|priority:0, s4|rpc:localhost:41709|admin:localhost:46527|client:localhost:37803|dataStream:localhost:33761|priority:0, s0|rpc:localhost:37741|admin:localhost:46201|client:localhost:46213|dataStream:localhost:44011|priority:0, s1|rpc:localhost:39965|admin:localhost:38809|client:localhost:39467|dataStream:localhost:32971|priority:0, s2|rpc:localhost:33445|admin:localhost:44043|client:localhost:42341|dataStream:localhost:42157|priority:0], old=null RUNNING
  s2:  RUNNING  FOLLOWER s2@group-F163B23E7A07:t1, leader=s4, voted=s4, raftlog=Memoized:s2@group-F163B23E7A07-SegmentedRaftLog:OPENED:c0, conf=0: [s3|rpc:localhost:40707|admin:localhost:37899|client:localhost:39537|dataStream:localhost:45577|priority:0, s4|rpc:localhost:41709|admin:localhost:46527|client:localhost:37803|dataStream:localhost:33761|priority:0, s0|rpc:localhost:37741|admin:localhost:46201|client:localhost:46213|dataStream:localhost:44011|priority:0, s1|rpc:localhost:39965|admin:localhost:38809|client:localhost:39467|dataStream:localhost:32971|priority:0, s2|rpc:localhost:33445|admin:localhost:44043|client:localhost:42341|dataStream:localhost:42157|priority:0], old=null RUNNING
2022-07-14 02:38:35,670 [Time-limited test] INFO  impl.MiniRaftCluster (MiniRaftCluster.java:shutdown(779)) - ************************************************************** 
2022-07-14 02:38:35,670 [Time-limited test] INFO  impl.MiniRaftCluster (MiniRaftCluster.java:shutdown(780)) - *** 
2022-07-14 02:38:35,670 [Time-limited test] INFO  impl.MiniRaftCluster (MiniRaftCluster.java:shutdown(781)) - ***     Stopping MiniRaftClusterWithSimulatedRpc
2022-07-14 02:38:35,670 [Time-limited test] INFO  impl.MiniRaftCluster (MiniRaftCluster.java:shutdown(782)) - *** 
2022-07-14 02:38:35,670 [Time-limited test] INFO  impl.MiniRaftCluster (MiniRaftCluster.java:shutdown(783)) - ************************************************************** 
2022-07-14 02:38:35,671 [Time-limited test] INFO  impl.MiniRaftCluster (MiniRaftCluster.java:shutdown(784)) - printing ALL groups
  s3:  RUNNING  FOLLOWER s3@group-F163B23E7A07:t1, leader=s4, voted=s4, raftlog=Memoized:s3@group-F163B23E7A07-SegmentedRaftLog:OPENED:c0, conf=0: [s3|rpc:localhost:40707|admin:localhost:37899|client:localhost:39537|dataStream:localhost:45577|priority:0, s4|rpc:localhost:41709|admin:localhost:46527|client:localhost:37803|dataStream:localhost:33761|priority:0, s0|rpc:localhost:37741|admin:localhost:46201|client:localhost:46213|dataStream:localhost:44011|priority:0, s1|rpc:localhost:39965|admin:localhost:38809|client:localhost:39467|dataStream:localhost:32971|priority:0, s2|rpc:localhost:33445|admin:localhost:44043|client:localhost:42341|dataStream:localhost:42157|priority:0], old=null RUNNING
  s4:  RUNNING    LEADER s4@group-F163B23E7A07:t1, leader=s4, voted=s4, raftlog=Memoized:s4@group-F163B23E7A07-SegmentedRaftLog:OPENED:c0, conf=0: [s3|rpc:localhost:40707|admin:localhost:37899|client:localhost:39537|dataStream:localhost:45577|priority:0, s4|rpc:localhost:41709|admin:localhost:46527|client:localhost:37803|dataStream:localhost:33761|priority:0, s0|rpc:localhost:37741|admin:localhost:46201|client:localhost:46213|dataStream:localhost:44011|priority:0, s1|rpc:localhost:39965|admin:localhost:38809|client:localhost:39467|dataStream:localhost:32971|priority:0, s2|rpc:localhost:33445|admin:localhost:44043|client:localhost:42341|dataStream:localhost:42157|priority:0], old=null RUNNING
  s0:  RUNNING  FOLLOWER s0@group-F163B23E7A07:t1, leader=s4, voted=s0, raftlog=Memoized:s0@group-F163B23E7A07-SegmentedRaftLog:OPENED:c0, conf=0: [s3|rpc:localhost:40707|admin:localhost:37899|client:localhost:39537|dataStream:localhost:45577|priority:0, s4|rpc:localhost:41709|admin:localhost:46527|client:localhost:37803|dataStream:localhost:33761|priority:0, s0|rpc:localhost:37741|admin:localhost:46201|client:localhost:46213|dataStream:localhost:44011|priority:0, s1|rpc:localhost:39965|admin:localhost:38809|client:localhost:39467|dataStream:localhost:32971|priority:0, s2|rpc:localhost:33445|admin:localhost:44043|client:localhost:42341|dataStream:localhost:42157|priority:0], old=null RUNNING
  s1:  RUNNING  FOLLOWER s1@group-F163B23E7A07:t1, leader=s4, voted=s4, raftlog=Memoized:s1@group-F163B23E7A07-SegmentedRaftLog:OPENED:c0, conf=0: [s3|rpc:localhost:40707|admin:localhost:37899|client:localhost:39537|dataStream:localhost:45577|priority:0, s4|rpc:localhost:41709|admin:localhost:46527|client:localhost:37803|dataStream:localhost:33761|priority:0, s0|rpc:localhost:37741|admin:localhost:46201|client:localhost:46213|dataStream:localhost:44011|priority:0, s1|rpc:localhost:39965|admin:localhost:38809|client:localhost:39467|dataStream:localhost:32971|priority:0, s2|rpc:localhost:33445|admin:localhost:44043|client:localhost:42341|dataStream:localhost:42157|priority:0], old=null RUNNING
  s2:  RUNNING  FOLLOWER s2@group-F163B23E7A07:t1, leader=s4, voted=s4, raftlog=Memoized:s2@group-F163B23E7A07-SegmentedRaftLog:OPENED:c0, conf=0: [s3|rpc:localhost:40707|admin:localhost:37899|client:localhost:39537|dataStream:localhost:45577|priority:0, s4|rpc:localhost:41709|admin:localhost:46527|client:localhost:37803|dataStream:localhost:33761|priority:0, s0|rpc:localhost:37741|admin:localhost:46201|client:localhost:46213|dataStream:localhost:44011|priority:0, s1|rpc:localhost:39965|admin:localhost:38809|client:localhost:39467|dataStream:localhost:32971|priority:0, s2|rpc:localhost:33445|admin:localhost:44043|client:localhost:42341|dataStream:localhost:42157|priority:0], old=null RUNNING
2022-07-14 02:38:35,680 [java.util.concurrent.ThreadPoolExecutor$Worker@58639e29[State = -1, empty queue]] INFO  server.RaftServer (RaftServerProxy.java:lambda$close$6(401)) - s3: close
2022-07-14 02:38:35,680 [java.util.concurrent.ThreadPoolExecutor$Worker@34e365f7[State = -1, empty queue]] INFO  server.RaftServer (RaftServerProxy.java:lambda$close$6(401)) - s0: close
2022-07-14 02:38:35,680 [java.util.concurrent.ThreadPoolExecutor$Worker@62e9e358[State = -1, empty queue]] INFO  server.RaftServer (RaftServerProxy.java:lambda$close$6(401)) - s2: close
2022-07-14 02:38:35,681 [java.util.concurrent.ThreadPoolExecutor$Worker@58639e29[State = -1, empty queue]] INFO  server.RaftServer$Division (RaftServerImpl.java:lambda$close$4(437)) - s3@group-F163B23E7A07: shutdown
2022-07-14 02:38:35,681 [java.util.concurrent.ThreadPoolExecutor$Worker@62e9e358[State = -1, empty queue]] INFO  server.RaftServer$Division (RaftServerImpl.java:lambda$close$4(437)) - s2@group-F163B23E7A07: shutdown
2022-07-14 02:38:35,681 [java.util.concurrent.ThreadPoolExecutor$Worker@58639e29[State = -1, empty queue]] INFO  util.JmxRegister (JmxRegister.java:unregister(73)) - Successfully un-registered JMX Bean with object name Ratis:service=RaftServer,group=group-F163B23E7A07,id=s3
2022-07-14 02:38:35,681 [java.util.concurrent.ThreadPoolExecutor$Worker@58639e29[State = -1, empty queue]] INFO  impl.RoleInfo (RoleInfo.java:shutdownFollowerState(110)) - s3: shutdown s3@group-F163B23E7A07-FollowerState
2022-07-14 02:38:35,681 [java.util.concurrent.ThreadPoolExecutor$Worker@26bfb370[State = -1, empty queue]] INFO  server.RaftServer (RaftServerProxy.java:lambda$close$6(401)) - s1: close
2022-07-14 02:38:35,684 [java.util.concurrent.ThreadPoolExecutor$Worker@26bfb370[State = -1, empty queue]] INFO  server.RaftServer$Division (RaftServerImpl.java:lambda$close$4(437)) - s1@group-F163B23E7A07: shutdown
2022-07-14 02:38:35,684 [java.util.concurrent.ThreadPoolExecutor$Worker@26bfb370[State = -1, empty queue]] INFO  util.JmxRegister (JmxRegister.java:unregister(73)) - Successfully un-registered JMX Bean with object name Ratis:service=RaftServer,group=group-F163B23E7A07,id=s1
2022-07-14 02:38:35,684 [java.util.concurrent.ThreadPoolExecutor$Worker@26bfb370[State = -1, empty queue]] INFO  impl.RoleInfo (RoleInfo.java:shutdownFollowerState(110)) - s1: shutdown s1@group-F163B23E7A07-FollowerState
2022-07-14 02:38:35,684 [java.util.concurrent.ThreadPoolExecutor$Worker@26bfb370[State = -1, empty queue]] INFO  impl.StateMachineUpdater (StateMachineUpdater.java:stopAndJoin(153)) - s1@group-F163B23E7A07-StateMachineUpdater: set stopIndex = 0
2022-07-14 02:38:35,681 [java.util.concurrent.ThreadPoolExecutor$Worker@34e365f7[State = -1, empty queue]] INFO  server.RaftServer$Division (RaftServerImpl.java:lambda$close$4(437)) - s0@group-F163B23E7A07: shutdown
2022-07-14 02:38:35,685 [java.util.concurrent.ThreadPoolExecutor$Worker@26bfb370[State = -1, empty queue]] INFO  server.RaftServer$Division (ServerState.java:close(456)) - s1@group-F163B23E7A07: closes. applyIndex: 0
2022-07-14 02:38:35,685 [java.util.concurrent.ThreadPoolExecutor$Worker@62e9e358[State = -1, empty queue]] INFO  util.JmxRegister (JmxRegister.java:unregister(73)) - Successfully un-registered JMX Bean with object name Ratis:service=RaftServer,group=group-F163B23E7A07,id=s2
2022-07-14 02:38:35,685 [s1@group-F163B23E7A07-FollowerState] INFO  impl.FollowerState (FollowerState.java:run(152)) - s1@group-F163B23E7A07-FollowerState was interrupted
2022-07-14 02:38:35,684 [java.util.concurrent.ThreadPoolExecutor$Worker@58639e29[State = -1, empty queue]] INFO  impl.StateMachineUpdater (StateMachineUpdater.java:stopAndJoin(153)) - s3@group-F163B23E7A07-StateMachineUpdater: set stopIndex = 0
2022-07-14 02:38:35,688 [java.util.concurrent.ThreadPoolExecutor$Worker@58639e29[State = -1, empty queue]] INFO  server.RaftServer$Division (ServerState.java:close(456)) - s3@group-F163B23E7A07: closes. applyIndex: 0
2022-07-14 02:38:35,683 [s3@group-F163B23E7A07-FollowerState] INFO  impl.FollowerState (FollowerState.java:run(152)) - s3@group-F163B23E7A07-FollowerState was interrupted
2022-07-14 02:38:35,689 [s1@group-F163B23E7A07-SegmentedRaftLogWorker] INFO  segmented.SegmentedRaftLogWorker (SegmentedRaftLogWorker.java:run(336)) - s1@group-F163B23E7A07-SegmentedRaftLogWorker was interrupted, exiting. There are 0 tasks remaining in the queue.
2022-07-14 02:38:35,689 [s3@group-F163B23E7A07-SegmentedRaftLogWorker] INFO  segmented.SegmentedRaftLogWorker (SegmentedRaftLogWorker.java:run(336)) - s3@group-F163B23E7A07-SegmentedRaftLogWorker was interrupted, exiting. There are 0 tasks remaining in the queue.
2022-07-14 02:38:35,681 [java.util.concurrent.ThreadPoolExecutor$Worker@1b888499[State = -1, empty queue]] INFO  server.RaftServer (RaftServerProxy.java:lambda$close$6(401)) - s4: close
2022-07-14 02:38:35,690 [java.util.concurrent.ThreadPoolExecutor$Worker@1b888499[State = -1, empty queue]] INFO  server.RaftServer$Division (RaftServerImpl.java:lambda$close$4(437)) - s4@group-F163B23E7A07: shutdown
2022-07-14 02:38:35,690 [java.util.concurrent.ThreadPoolExecutor$Worker@1b888499[State = -1, empty queue]] INFO  util.JmxRegister (JmxRegister.java:unregister(73)) - Successfully un-registered JMX Bean with object name Ratis:service=RaftServer,group=group-F163B23E7A07,id=s4
2022-07-14 02:38:35,690 [java.util.concurrent.ThreadPoolExecutor$Worker@1b888499[State = -1, empty queue]] INFO  impl.RoleInfo (RoleInfo.java:shutdownLeaderState(93)) - s4: shutdown s4@group-F163B23E7A07-LeaderStateImpl
2022-07-14 02:38:35,690 [s4@group-F163B23E7A07->s0-LogAppenderDefault-LogAppenderDaemon] INFO  leader.LogAppenderDaemon (LogAppenderDaemon.java:run(82)) - s4@group-F163B23E7A07->s0-LogAppenderDefault-LogAppenderDaemon was interrupted: java.lang.InterruptedException
2022-07-14 02:38:35,690 [java.util.concurrent.ThreadPoolExecutor$Worker@1b888499[State = -1, empty queue]] INFO  impl.PendingRequests (PendingRequests.java:sendNotLeaderResponses(282)) - s4@group-F163B23E7A07-PendingRequests: sendNotLeaderResponses
2022-07-14 02:38:35,690 [s4@group-F163B23E7A07->s3-LogAppenderDefault-LogAppenderDaemon] INFO  leader.LogAppenderDaemon (LogAppenderDaemon.java:run(82)) - s4@group-F163B23E7A07->s3-LogAppenderDefault-LogAppenderDaemon was interrupted: java.lang.InterruptedException
2022-07-14 02:38:35,691 [s4@group-F163B23E7A07->s1-LogAppenderDefault-LogAppenderDaemon] INFO  leader.LogAppenderDaemon (LogAppenderDaemon.java:run(82)) - s4@group-F163B23E7A07->s1-LogAppenderDefault-LogAppenderDaemon was interrupted: java.lang.InterruptedException
2022-07-14 02:38:35,691 [s4@group-F163B23E7A07->s2-LogAppenderDefault-LogAppenderDaemon] INFO  leader.LogAppenderDaemon (LogAppenderDaemon.java:run(82)) - s4@group-F163B23E7A07->s2-LogAppenderDefault-LogAppenderDaemon was interrupted: java.lang.InterruptedException
2022-07-14 02:38:35,691 [java.util.concurrent.ThreadPoolExecutor$Worker@58639e29[State = -1, empty queue]] INFO  segmented.SegmentedRaftLogWorker (SegmentedRaftLogWorker.java:close(246)) - s3@group-F163B23E7A07-SegmentedRaftLogWorker close()
2022-07-14 02:38:35,692 [java.util.concurrent.ThreadPoolExecutor$Worker@1b888499[State = -1, empty queue]] INFO  impl.StateMachineUpdater (StateMachineUpdater.java:stopAndJoin(153)) - s4@group-F163B23E7A07-StateMachineUpdater: set stopIndex = 0
2022-07-14 02:38:35,692 [Thread-3] INFO  simulation.RequestHandler (RequestHandler.java:run(126)) - s3.clientHandler0 is interrupted by java.io.InterruptedIOException: 
2022-07-14 02:38:35,692 [Thread-4] INFO  simulation.RequestHandler (RequestHandler.java:run(126)) - s3.clientHandler1 is interrupted by java.io.InterruptedIOException: 
2022-07-14 02:38:35,692 [Thread-5] INFO  simulation.RequestHandler (RequestHandler.java:run(126)) - s3.clientHandler2 is interrupted by java.io.InterruptedIOException: 
2022-07-14 02:38:35,692 [Thread-0] INFO  simulation.RequestHandler (RequestHandler.java:run(126)) - s3.serverHandler0 is interrupted by java.io.InterruptedIOException: 
2022-07-14 02:38:35,692 [Thread-2] INFO  simulation.RequestHandler (RequestHandler.java:run(126)) - s3.serverHandler2 is interrupted by java.io.InterruptedIOException: 
2022-07-14 02:38:35,693 [java.util.concurrent.ThreadPoolExecutor$Worker@62e9e358[State = -1, empty queue]] INFO  impl.RoleInfo (RoleInfo.java:shutdownFollowerState(110)) - s2: shutdown s2@group-F163B23E7A07-FollowerState
2022-07-14 02:38:35,693 [java.util.concurrent.ThreadPoolExecutor$Worker@62e9e358[State = -1, empty queue]] INFO  impl.StateMachineUpdater (StateMachineUpdater.java:stopAndJoin(153)) - s2@group-F163B23E7A07-StateMachineUpdater: set stopIndex = 0
2022-07-14 02:38:35,693 [java.util.concurrent.ThreadPoolExecutor$Worker@62e9e358[State = -1, empty queue]] INFO  server.RaftServer$Division (ServerState.java:close(456)) - s2@group-F163B23E7A07: closes. applyIndex: 0
2022-07-14 02:38:35,693 [s2@group-F163B23E7A07-SegmentedRaftLogWorker] INFO  segmented.SegmentedRaftLogWorker (SegmentedRaftLogWorker.java:run(336)) - s2@group-F163B23E7A07-SegmentedRaftLogWorker was interrupted, exiting. There are 0 tasks remaining in the queue.
2022-07-14 02:38:35,693 [Thread-1] INFO  simulation.RequestHandler (RequestHandler.java:run(126)) - s3.serverHandler1 is interrupted by java.io.InterruptedIOException: 
2022-07-14 02:38:35,694 [org.apache.ratis.util.JvmPauseMonitor$$Lambda$250/1367845902@4203a067] INFO  util.JvmPauseMonitor (JvmPauseMonitor.java:run(109)) - JvmPauseMonitor-s3: Stopped
2022-07-14 02:38:35,685 [java.util.concurrent.ThreadPoolExecutor$Worker@34e365f7[State = -1, empty queue]] INFO  util.JmxRegister (JmxRegister.java:unregister(73)) - Successfully un-registered JMX Bean with object name Ratis:service=RaftServer,group=group-F163B23E7A07,id=s0
2022-07-14 02:38:35,695 [java.util.concurrent.ThreadPoolExecutor$Worker@34e365f7[State = -1, empty queue]] INFO  impl.RoleInfo (RoleInfo.java:shutdownFollowerState(110)) - s0: shutdown s0@group-F163B23E7A07-FollowerState
2022-07-14 02:38:35,695 [java.util.concurrent.ThreadPoolExecutor$Worker@34e365f7[State = -1, empty queue]] INFO  impl.StateMachineUpdater (StateMachineUpdater.java:stopAndJoin(153)) - s0@group-F163B23E7A07-StateMachineUpdater: set stopIndex = 0
2022-07-14 02:38:35,695 [s2@group-F163B23E7A07-FollowerState] INFO  impl.FollowerState (FollowerState.java:run(152)) - s2@group-F163B23E7A07-FollowerState was interrupted
2022-07-14 02:38:35,695 [java.util.concurrent.ThreadPoolExecutor$Worker@62e9e358[State = -1, empty queue]] INFO  segmented.SegmentedRaftLogWorker (SegmentedRaftLogWorker.java:close(246)) - s2@group-F163B23E7A07-SegmentedRaftLogWorker close()
2022-07-14 02:38:35,692 [java.util.concurrent.ThreadPoolExecutor$Worker@1b888499[State = -1, empty queue]] INFO  server.RaftServer$Division (ServerState.java:close(456)) - s4@group-F163B23E7A07: closes. applyIndex: 0
2022-07-14 02:38:35,696 [java.util.concurrent.ThreadPoolExecutor$Worker@26bfb370[State = -1, empty queue]] INFO  segmented.SegmentedRaftLogWorker (SegmentedRaftLogWorker.java:close(246)) - s1@group-F163B23E7A07-SegmentedRaftLogWorker close()
2022-07-14 02:38:35,696 [s0@group-F163B23E7A07-FollowerState] INFO  impl.FollowerState (FollowerState.java:run(152)) - s0@group-F163B23E7A07-FollowerState was interrupted
2022-07-14 02:38:35,696 [java.util.concurrent.ThreadPoolExecutor$Worker@34e365f7[State = -1, empty queue]] INFO  server.RaftServer$Division (ServerState.java:close(456)) - s0@group-F163B23E7A07: closes. applyIndex: 0
2022-07-14 02:38:35,696 [s4@group-F163B23E7A07-SegmentedRaftLogWorker] INFO  segmented.SegmentedRaftLogWorker (SegmentedRaftLogWorker.java:run(336)) - s4@group-F163B23E7A07-SegmentedRaftLogWorker was interrupted, exiting. There are 0 tasks remaining in the queue.
2022-07-14 02:38:35,696 [s0@group-F163B23E7A07-SegmentedRaftLogWorker] INFO  segmented.SegmentedRaftLogWorker (SegmentedRaftLogWorker.java:run(336)) - s0@group-F163B23E7A07-SegmentedRaftLogWorker was interrupted, exiting. There are 0 tasks remaining in the queue.
2022-07-14 02:38:35,697 [java.util.concurrent.ThreadPoolExecutor$Worker@1b888499[State = -1, empty queue]] INFO  segmented.SegmentedRaftLogWorker (SegmentedRaftLogWorker.java:close(246)) - s4@group-F163B23E7A07-SegmentedRaftLogWorker close()
2022-07-14 02:38:35,697 [java.util.concurrent.ThreadPoolExecutor$Worker@34e365f7[State = -1, empty queue]] INFO  segmented.SegmentedRaftLogWorker (SegmentedRaftLogWorker.java:close(246)) - s0@group-F163B23E7A07-SegmentedRaftLogWorker close()
2022-07-14 02:38:35,701 [Thread-32] INFO  simulation.RequestHandler (RequestHandler.java:run(126)) - s2.clientHandler0 is interrupted by java.io.InterruptedIOException: 
2022-07-14 02:38:35,702 [Thread-33] INFO  simulation.RequestHandler (RequestHandler.java:run(126)) - s2.clientHandler1 is interrupted by java.io.InterruptedIOException: 
2022-07-14 02:38:35,702 [Thread-10] INFO  simulation.RequestHandler (RequestHandler.java:run(126)) - s4.clientHandler0 is interrupted by java.io.InterruptedIOException: 
2022-07-14 02:38:35,702 [Thread-11] INFO  simulation.RequestHandler (RequestHandler.java:run(126)) - s4.clientHandler1 is interrupted by java.io.InterruptedIOException: 
2022-07-14 02:38:35,702 [Thread-17] INFO  simulation.RequestHandler (RequestHandler.java:run(126)) - s0.clientHandler0 is interrupted by java.io.InterruptedIOException: 
2022-07-14 02:38:35,702 [Thread-18] INFO  simulation.RequestHandler (RequestHandler.java:run(126)) - s0.clientHandler1 is interrupted by java.io.InterruptedIOException: 
2022-07-14 02:38:35,702 [Thread-19] INFO  simulation.RequestHandler (RequestHandler.java:run(126)) - s0.clientHandler2 is interrupted by java.io.InterruptedIOException: 
2022-07-14 02:38:35,702 [Thread-12] INFO  simulation.RequestHandler (RequestHandler.java:run(126)) - s4.clientHandler2 is interrupted by java.io.InterruptedIOException: 
2022-07-14 02:38:35,703 [Thread-7] INFO  simulation.RequestHandler (RequestHandler.java:run(126)) - s4.serverHandler0 is interrupted by java.io.InterruptedIOException: 
2022-07-14 02:38:35,703 [Thread-8] INFO  simulation.RequestHandler (RequestHandler.java:run(126)) - s4.serverHandler1 is interrupted by java.io.InterruptedIOException: 
2022-07-14 02:38:35,703 [Thread-15] INFO  simulation.RequestHandler (RequestHandler.java:run(126)) - s0.serverHandler1 is interrupted by java.io.InterruptedIOException: 
2022-07-14 02:38:35,703 [Thread-14] INFO  simulation.RequestHandler (RequestHandler.java:run(126)) - s0.serverHandler0 is interrupted by java.io.InterruptedIOException: 
2022-07-14 02:38:35,703 [Thread-16] INFO  simulation.RequestHandler (RequestHandler.java:run(126)) - s0.serverHandler2 is interrupted by java.io.InterruptedIOException: 
2022-07-14 02:38:35,703 [Thread-34] INFO  simulation.RequestHandler (RequestHandler.java:run(126)) - s2.clientHandler2 is interrupted by java.io.InterruptedIOException: 
2022-07-14 02:38:35,703 [Thread-29] INFO  simulation.RequestHandler (RequestHandler.java:run(126)) - s2.serverHandler0 is interrupted by java.io.InterruptedIOException: 
2022-07-14 02:38:35,703 [Thread-9] INFO  simulation.RequestHandler (RequestHandler.java:run(126)) - s4.serverHandler2 is interrupted by java.io.InterruptedIOException: 
2022-07-14 02:38:35,704 [Thread-30] INFO  simulation.RequestHandler (RequestHandler.java:run(126)) - s2.serverHandler1 is interrupted by java.io.InterruptedIOException: 
2022-07-14 02:38:35,704 [Thread-31] INFO  simulation.RequestHandler (RequestHandler.java:run(126)) - s2.serverHandler2 is interrupted by java.io.InterruptedIOException: 
2022-07-14 02:38:35,707 [org.apache.ratis.util.JvmPauseMonitor$$Lambda$250/1367845902@2647b1bf] INFO  util.JvmPauseMonitor (JvmPauseMonitor.java:run(109)) - JvmPauseMonitor-s0: Stopped
2022-07-14 02:38:35,707 [Thread-24] INFO  simulation.RequestHandler (RequestHandler.java:run(126)) - s1.clientHandler0 is interrupted by java.io.InterruptedIOException: 
2022-07-14 02:38:35,707 [Thread-25] INFO  simulation.RequestHandler (RequestHandler.java:run(126)) - s1.clientHandler1 is interrupted by java.io.InterruptedIOException: 
2022-07-14 02:38:35,707 [Thread-26] INFO  simulation.RequestHandler (RequestHandler.java:run(126)) - s1.clientHandler2 is interrupted by java.io.InterruptedIOException: 
2022-07-14 02:38:35,707 [Thread-22] INFO  simulation.RequestHandler (RequestHandler.java:run(126)) - s1.serverHandler1 is interrupted by java.io.InterruptedIOException: 
2022-07-14 02:38:35,707 [Thread-21] INFO  simulation.RequestHandler (RequestHandler.java:run(126)) - s1.serverHandler0 is interrupted by java.io.InterruptedIOException: 
2022-07-14 02:38:35,708 [Thread-23] INFO  simulation.RequestHandler (RequestHandler.java:run(126)) - s1.serverHandler2 is interrupted by java.io.InterruptedIOException: 
2022-07-14 02:38:35,708 [org.apache.ratis.util.JvmPauseMonitor$$Lambda$250/1367845902@438ba9c4] INFO  util.JvmPauseMonitor (JvmPauseMonitor.java:run(109)) - JvmPauseMonitor-s1: Stopped
2022-07-14 02:38:35,708 [org.apache.ratis.util.JvmPauseMonitor$$Lambda$250/1367845902@79182663] INFO  util.JvmPauseMonitor (JvmPauseMonitor.java:run(109)) - JvmPauseMonitor-s4: Stopped
2022-07-14 02:38:35,710 [org.apache.ratis.util.JvmPauseMonitor$$Lambda$250/1367845902@4eed4d31] INFO  util.JvmPauseMonitor (JvmPauseMonitor.java:run(109)) - JvmPauseMonitor-s2: Stopped
2022-07-14 02:38:35,710 [Time-limited test] INFO  impl.MiniRaftCluster (MiniRaftCluster.java:shutdown(802)) - MiniRaftClusterWithSimulatedRpc shutdown completed
]]></system-out>
  </testcase>
  <testcase name="testLostMajorityHeartbeats" classname="org.apache.ratis.server.simulation.TestLeaderElectionWithSimulatedRpc" time="1.141"/>
  <testcase name="testLateServerStart" classname="org.apache.ratis.server.simulation.TestLeaderElectionWithSimulatedRpc" time="4.522"/>
  <testcase name="testPreVote" classname="org.apache.ratis.server.simulation.TestLeaderElectionWithSimulatedRpc" time="4.595"/>
  <testcase name="testTransferLeaderTimeout" classname="org.apache.ratis.server.simulation.TestLeaderElectionWithSimulatedRpc" time="5.552"/>
  <testcase name="testBasicLeaderElection" classname="org.apache.ratis.server.simulation.TestLeaderElectionWithSimulatedRpc" time="5.578"/>
  <testcase name="testTransferLeader" classname="org.apache.ratis.server.simulation.TestLeaderElectionWithSimulatedRpc" time="1.482"/>
  <testcase name="testPauseResumeLeaderElection" classname="org.apache.ratis.server.simulation.TestLeaderElectionWithSimulatedRpc" time="1.076"/>
  <testcase name="testChangeLeader" classname="org.apache.ratis.server.simulation.TestLeaderElectionWithSimulatedRpc" time="5.434"/>
  <testcase name="testShutdownBeforeStart" classname="org.apache.ratis.server.simulation.TestLeaderElectionWithSimulatedRpc" time="1.695"/>
  <testcase name="testImmediatelyRevertedToFollower" classname="org.apache.ratis.server.simulation.TestLeaderElectionWithSimulatedRpc" time="0.017"/>
  <testcase name="testLeaderElectionMetrics" classname="org.apache.ratis.server.simulation.TestLeaderElectionWithSimulatedRpc" time="0.612"/>
</testsuite>