<?xml version="1.0" encoding="UTF-8"?>
<testsuite xmlns:xsi="http://www.w3.org/2001/XMLSchema-instance" xsi:noNamespaceSchemaLocation="https://maven.apache.org/surefire/maven-surefire-plugin/xsd/surefire-test-report.xsd" name="org.apache.ratis.server.simulation.TestServerRestartWithSimulatedRpc" time="7.615" tests="5" errors="0" skipped="0" failures="1">
  <properties>
    <property name="awt.toolkit" value="sun.awt.X11.XToolkit"/>
    <property name="file.encoding.pkg" value="sun.io"/>
    <property name="java.specification.version" value="1.8"/>
    <property name="sun.cpu.isalist" value=""/>
    <property name="sun.jnu.encoding" value="UTF-8"/>
    <property name="java.class.path" value="/home/runner/work/ratis/ratis/ratis-test/target/test-classes:/home/runner/work/ratis/ratis/ratis-test/target/classes:/home/runner/work/ratis/ratis/ratis-common/target/classes:/home/runner/.m2/repository/org/apache/ratis/ratis-thirdparty-misc/1.0.1/ratis-thirdparty-misc-1.0.1.jar:/home/runner/work/ratis/ratis/ratis-proto/target/ratis-proto-3.0.0-SNAPSHOT.jar:/home/runner/work/ratis/ratis/ratis-common/target/test-classes:/home/runner/work/ratis/ratis/ratis-client/target/classes:/home/runner/work/ratis/ratis/ratis-server/target/classes:/home/runner/work/ratis/ratis/ratis-server-api/target/classes:/home/runner/work/ratis/ratis/ratis-metrics/target/classes:/home/runner/work/ratis/ratis/ratis-server/target/test-classes:/home/runner/work/ratis/ratis/ratis-netty/target/classes:/home/runner/work/ratis/ratis/ratis-netty/target/test-classes:/home/runner/work/ratis/ratis/ratis-grpc/target/classes:/home/runner/work/ratis/ratis/ratis-grpc/target/test-classes:/home/runner/.m2/repository/org/slf4j/slf4j-api/1.7.29/slf4j-api-1.7.29.jar:/home/runner/.m2/repository/org/slf4j/slf4j-log4j12/1.7.29/slf4j-log4j12-1.7.29.jar:/home/runner/.m2/repository/log4j/log4j/1.2.17/log4j-1.2.17.jar:/home/runner/.m2/repository/junit/junit/4.13.2/junit-4.13.2.jar:/home/runner/.m2/repository/org/hamcrest/hamcrest-core/1.3/hamcrest-core-1.3.jar:/home/runner/.m2/repository/org/mockito/mockito-core/4.3.1/mockito-core-4.3.1.jar:/home/runner/.m2/repository/net/bytebuddy/byte-buddy/1.12.7/byte-buddy-1.12.7.jar:/home/runner/.m2/repository/net/bytebuddy/byte-buddy-agent/1.12.7/byte-buddy-agent-1.12.7.jar:/home/runner/.m2/repository/org/objenesis/objenesis/3.2/objenesis-3.2.jar:/home/runner/work/ratis/ratis/ratis-shell/target/classes:/home/runner/.m2/repository/commons-cli/commons-cli/1.5.0/commons-cli-1.5.0.jar:/home/runner/.m2/repository/org/reflections/reflections/0.10.2/reflections-0.10.2.jar:/home/runner/.m2/repository/org/javassist/javassist/3.28.0-GA/javassist-3.28.0-GA.jar:/home/runner/.m2/repository/com/google/code/findbugs/jsr305/3.0.2/jsr305-3.0.2.jar:"/>
    <property name="java.vm.vendor" value="Temurin"/>
    <property name="sun.arch.data.model" value="64"/>
    <property name="java.vendor.url" value="https://adoptium.net/"/>
    <property name="user.timezone" value=""/>
    <property name="java.vm.specification.version" value="1.8"/>
    <property name="os.name" value="Linux"/>
    <property name="sun.java.launcher" value="SUN_STANDARD"/>
    <property name="sun.boot.library.path" value="/usr/lib/jvm/temurin-8-jdk-amd64/jre/lib/amd64"/>
    <property name="sun.java.command" value="/home/runner/work/ratis/ratis/ratis-test/target/surefire/surefirebooter2051664892047566916.jar /home/runner/work/ratis/ratis/ratis-test/target/surefire 2022-07-14T02-35-15_892-jvmRun1 surefire439298131459641182tmp surefire_127288419401009619390tmp"/>
    <property name="surefire.test.class.path" value="/home/runner/work/ratis/ratis/ratis-test/target/test-classes:/home/runner/work/ratis/ratis/ratis-test/target/classes:/home/runner/work/ratis/ratis/ratis-common/target/classes:/home/runner/.m2/repository/org/apache/ratis/ratis-thirdparty-misc/1.0.1/ratis-thirdparty-misc-1.0.1.jar:/home/runner/work/ratis/ratis/ratis-proto/target/ratis-proto-3.0.0-SNAPSHOT.jar:/home/runner/work/ratis/ratis/ratis-common/target/test-classes:/home/runner/work/ratis/ratis/ratis-client/target/classes:/home/runner/work/ratis/ratis/ratis-server/target/classes:/home/runner/work/ratis/ratis/ratis-server-api/target/classes:/home/runner/work/ratis/ratis/ratis-metrics/target/classes:/home/runner/work/ratis/ratis/ratis-server/target/test-classes:/home/runner/work/ratis/ratis/ratis-netty/target/classes:/home/runner/work/ratis/ratis/ratis-netty/target/test-classes:/home/runner/work/ratis/ratis/ratis-grpc/target/classes:/home/runner/work/ratis/ratis/ratis-grpc/target/test-classes:/home/runner/.m2/repository/org/slf4j/slf4j-api/1.7.29/slf4j-api-1.7.29.jar:/home/runner/.m2/repository/org/slf4j/slf4j-log4j12/1.7.29/slf4j-log4j12-1.7.29.jar:/home/runner/.m2/repository/log4j/log4j/1.2.17/log4j-1.2.17.jar:/home/runner/.m2/repository/junit/junit/4.13.2/junit-4.13.2.jar:/home/runner/.m2/repository/org/hamcrest/hamcrest-core/1.3/hamcrest-core-1.3.jar:/home/runner/.m2/repository/org/mockito/mockito-core/4.3.1/mockito-core-4.3.1.jar:/home/runner/.m2/repository/net/bytebuddy/byte-buddy/1.12.7/byte-buddy-1.12.7.jar:/home/runner/.m2/repository/net/bytebuddy/byte-buddy-agent/1.12.7/byte-buddy-agent-1.12.7.jar:/home/runner/.m2/repository/org/objenesis/objenesis/3.2/objenesis-3.2.jar:/home/runner/work/ratis/ratis/ratis-shell/target/classes:/home/runner/.m2/repository/commons-cli/commons-cli/1.5.0/commons-cli-1.5.0.jar:/home/runner/.m2/repository/org/reflections/reflections/0.10.2/reflections-0.10.2.jar:/home/runner/.m2/repository/org/javassist/javassist/3.28.0-GA/javassist-3.28.0-GA.jar:/home/runner/.m2/repository/com/google/code/findbugs/jsr305/3.0.2/jsr305-3.0.2.jar:"/>
    <property name="sun.cpu.endian" value="little"/>
    <property name="user.home" value="/home/runner"/>
    <property name="user.language" value="en"/>
    <property name="java.specification.vendor" value="Oracle Corporation"/>
    <property name="java.home" value="/usr/lib/jvm/temurin-8-jdk-amd64/jre"/>
    <property name="basedir" value="/home/runner/work/ratis/ratis/ratis-test"/>
    <property name="file.separator" value="/"/>
    <property name="line.separator" value="&#10;"/>
    <property name="java.vm.specification.vendor" value="Oracle Corporation"/>
    <property name="java.specification.name" value="Java Platform API Specification"/>
    <property name="java.awt.graphicsenv" value="sun.awt.X11GraphicsEnvironment"/>
    <property name="surefire.real.class.path" value="/home/runner/work/ratis/ratis/ratis-test/target/surefire/surefirebooter2051664892047566916.jar"/>
    <property name="sun.boot.class.path" value="/usr/lib/jvm/temurin-8-jdk-amd64/jre/lib/resources.jar:/usr/lib/jvm/temurin-8-jdk-amd64/jre/lib/rt.jar:/usr/lib/jvm/temurin-8-jdk-amd64/jre/lib/sunrsasign.jar:/usr/lib/jvm/temurin-8-jdk-amd64/jre/lib/jsse.jar:/usr/lib/jvm/temurin-8-jdk-amd64/jre/lib/jce.jar:/usr/lib/jvm/temurin-8-jdk-amd64/jre/lib/charsets.jar:/usr/lib/jvm/temurin-8-jdk-amd64/jre/lib/jfr.jar:/usr/lib/jvm/temurin-8-jdk-amd64/jre/classes"/>
    <property name="sun.management.compiler" value="HotSpot 64-Bit Tiered Compilers"/>
    <property name="java.runtime.version" value="1.8.0_332-b09"/>
    <property name="java.net.preferIPv4Stack" value="true"/>
    <property name="user.name" value="runner"/>
    <property name="path.separator" value=":"/>
    <property name="os.version" value="5.4.0-1085-azure"/>
    <property name="java.endorsed.dirs" value="/usr/lib/jvm/temurin-8-jdk-amd64/jre/lib/endorsed"/>
    <property name="java.runtime.name" value="OpenJDK Runtime Environment"/>
    <property name="file.encoding" value="UTF-8"/>
    <property name="java.vm.name" value="OpenJDK 64-Bit Server VM"/>
    <property name="localRepository" value="/home/runner/.m2/repository"/>
    <property name="java.vendor.url.bug" value="https://github.com/adoptium/adoptium-support/issues"/>
    <property name="java.io.tmpdir" value="/tmp"/>
    <property name="java.version" value="1.8.0_332"/>
    <property name="user.dir" value="/home/runner/work/ratis/ratis/ratis-test"/>
    <property name="os.arch" value="amd64"/>
    <property name="ratis.tmp.dir" value="/home/runner/work/ratis/ratis/ratis-test/target/tmp"/>
    <property name="java.vm.specification.name" value="Java Virtual Machine Specification"/>
    <property name="java.awt.printerjob" value="sun.print.PSPrinterJob"/>
    <property name="ratis.log.dir" value="/home/runner/work/ratis/ratis/ratis-test/target/log"/>
    <property name="sun.os.patch.level" value="unknown"/>
    <property name="java.library.path" value="/usr/java/packages/lib/amd64:/usr/lib64:/lib64:/lib:/usr/lib"/>
    <property name="java.vm.info" value="mixed mode"/>
    <property name="java.vendor" value="Temurin"/>
    <property name="java.vm.version" value="25.332-b09"/>
    <property name="java.ext.dirs" value="/usr/lib/jvm/temurin-8-jdk-amd64/jre/lib/ext:/usr/java/packages/lib/ext"/>
    <property name="sun.io.unicode.encoding" value="UnicodeLittle"/>
    <property name="java.class.version" value="52.0"/>
  </properties>
  <testcase name="testRestartWithCorruptedLogHeader" classname="org.apache.ratis.server.simulation.TestServerRestartWithSimulatedRpc" time="1.559"/>
  <testcase name="testRestartWithCorruptedLogEntryWithWarnAndReturn" classname="org.apache.ratis.server.simulation.TestServerRestartWithSimulatedRpc" time="1.097"/>
  <testcase name="testRestartCommitIndex" classname="org.apache.ratis.server.simulation.TestServerRestartWithSimulatedRpc" time="0.709"/>
  <testcase name="testRestartFollower" classname="org.apache.ratis.server.simulation.TestServerRestartWithSimulatedRpc" time="3.093"/>
  <testcase name="testRestartWithCorruptedLogEntryWithException" classname="org.apache.ratis.server.simulation.TestServerRestartWithSimulatedRpc" time="1.095">
    <failure message="The test &quot;restart-fail-ChecksumException&quot; does not throw anything." type="java.lang.AssertionError">java.lang.AssertionError: The test "restart-fail-ChecksumException" does not throw anything.
	at org.apache.ratis.BaseTest.testFailureCase(BaseTest.java:159)
	at org.apache.ratis.BaseTest.testFailureCase(BaseTest.java:167)
	at org.apache.ratis.server.ServerRestartTests.testRestartWithCorruptedLogEntryWithException(ServerRestartTests.java:345)
	at sun.reflect.NativeMethodAccessorImpl.invoke0(Native Method)
	at sun.reflect.NativeMethodAccessorImpl.invoke(NativeMethodAccessorImpl.java:62)
	at sun.reflect.DelegatingMethodAccessorImpl.invoke(DelegatingMethodAccessorImpl.java:43)
	at java.lang.reflect.Method.invoke(Method.java:498)
	at org.junit.runners.model.FrameworkMethod$1.runReflectiveCall(FrameworkMethod.java:59)
	at org.junit.internal.runners.model.ReflectiveCallable.run(ReflectiveCallable.java:12)
	at org.junit.runners.model.FrameworkMethod.invokeExplosively(FrameworkMethod.java:56)
	at org.junit.internal.runners.statements.InvokeMethod.evaluate(InvokeMethod.java:17)
	at org.junit.internal.runners.statements.RunAfters.evaluate(RunAfters.java:27)
	at org.junit.internal.runners.statements.FailOnTimeout$CallableStatement.call(FailOnTimeout.java:299)
	at org.junit.internal.runners.statements.FailOnTimeout$CallableStatement.call(FailOnTimeout.java:293)
	at java.util.concurrent.FutureTask.run(FutureTask.java:266)
	at java.lang.Thread.run(Thread.java:750)
</failure>
    <system-out><![CDATA[2022-07-14 02:38:06,715 [main] INFO  util.LogUtils (Log4jUtils.java:setLogLevel(32)) - Set org.apache.ratis.conf.ConfUtils log level to WARN
2022-07-14 02:38:06,715 [main] INFO  util.LogUtils (Log4jUtils.java:setLogLevel(32)) - Set org.apache.ratis.util.FileUtils log level to TRACE
2022-07-14 02:38:06,715 [main] INFO  util.LogUtils (Log4jUtils.java:setLogLevel(32)) - Set org.apache.ratis.server.raftlog.RaftLog log level to DEBUG
2022-07-14 02:38:06,716 [Time-limited test] INFO  server.RaftServerConfigKeys (ConfUtils.java:logGet(46)) - raft.server.log.corruption.policy = EXCEPTION (default)
2022-07-14 02:38:06,716 [Time-limited test] INFO  simulation.TestServerRestartWithSimulatedRpc (BaseTest.java:testFailureCase(151)) - run 'restart-fail-ChecksumException'
2022-07-14 02:38:06,716 [Time-limited test] INFO  impl.MiniRaftCluster (MiniRaftCluster.java:runWithNewCluster(119)) - Running runWithNewCluster
2022-07-14 02:38:06,716 [Time-limited test] INFO  simulation.MiniRaftClusterWithSimulatedRpc (ConfUtils.java:logGet(46)) - org.apache.ratis.server.simulation.SimulatedRequestReply.simulateLatencyMs = 0 (custom)
2022-07-14 02:38:06,717 [Time-limited test] INFO  impl.MiniRaftCluster (MiniRaftCluster.java:<init>(272)) - new MiniRaftClusterWithSimulatedRpc with group-E8AE2E048FCA:[s0|rpc:localhost:37449|admin:localhost:41963|client:localhost:39721|dataStream:localhost:44703|priority:0]
2022-07-14 02:38:06,717 [Time-limited test] INFO  impl.MiniRaftCluster (MiniRaftCluster.java:start(304)) - .............................................................. 
2022-07-14 02:38:06,717 [Time-limited test] INFO  impl.MiniRaftCluster (MiniRaftCluster.java:start(305)) - ... 
2022-07-14 02:38:06,717 [Time-limited test] INFO  impl.MiniRaftCluster (MiniRaftCluster.java:start(306)) - ...     Starting MiniRaftClusterWithSimulatedRpc
2022-07-14 02:38:06,717 [Time-limited test] INFO  impl.MiniRaftCluster (MiniRaftCluster.java:start(307)) - ... 
2022-07-14 02:38:06,717 [Time-limited test] INFO  impl.MiniRaftCluster (MiniRaftCluster.java:start(308)) - .............................................................. 
2022-07-14 02:38:06,717 [Time-limited test] INFO  impl.MiniRaftCluster (MiniRaftCluster.java:initServers(284)) - servers = {}
2022-07-14 02:38:06,717 [Time-limited test] INFO  impl.MiniRaftCluster (MiniRaftCluster.java:newRaftServer(348)) - newRaftServer: s0, group-E8AE2E048FCA:[s0|rpc:localhost:37449|admin:localhost:41963|client:localhost:39721|dataStream:localhost:44703|priority:0], format? true
2022-07-14 02:38:06,717 [Time-limited test] TRACE util.FileUtils (FileUtils.java:deleteFully(162)) - deleteFully target/test/data/f69c223b/MiniRaftClusterWithSimulatedRpc37250022/s0
2022-07-14 02:38:06,718 [Time-limited test] TRACE util.FileUtils (FileUtils.java:deleteFully(178)) - deleteFully: target/test/data/f69c223b/MiniRaftClusterWithSimulatedRpc37250022/s0 does not exist.
2022-07-14 02:38:06,718 [Time-limited test] INFO  impl.MiniRaftCluster (MiniRaftCluster.java:newRaftServer(353)) - Formatted directory target/test/data/f69c223b/MiniRaftClusterWithSimulatedRpc37250022/s0
2022-07-14 02:38:06,718 [Time-limited test] INFO  server.RaftServer (ConfUtils.java:logGet(46)) - raft.rpc.type = org.apache.ratis.server.simulation.SimulatedRpc (custom)
2022-07-14 02:38:06,718 [Time-limited test] INFO  impl.DataStreamServerImpl (ConfUtils.java:logGet(46)) - raft.datastream.type = DISABLED (default)
2022-07-14 02:38:06,718 [Time-limited test] INFO  server.RaftServerConfigKeys (ConfUtils.java:logGet(46)) - raft.server.threadpool.proxy.cached = true (default)
2022-07-14 02:38:06,718 [Time-limited test] INFO  server.RaftServerConfigKeys (ConfUtils.java:logGet(46)) - raft.server.threadpool.proxy.size = 0 (default)
2022-07-14 02:38:06,718 [Time-limited test] INFO  server.RaftServerConfigKeys (ConfUtils.java:logGet(46)) - raft.server.rpc.slowness.timeout = 60s (default)
2022-07-14 02:38:06,718 [Time-limited test] INFO  server.RaftServerConfigKeys (ConfUtils.java:logGet(46)) - raft.server.leaderelection.leader.step-down.wait-time = 10s (default)
2022-07-14 02:38:06,718 [Time-limited test] INFO  server.RaftServerConfigKeys (ConfUtils.java:logGet(46)) - raft.server.storage.dir = [/home/runner/work/ratis/ratis/ratis-test/target/test/data/f69c223b/MiniRaftClusterWithSimulatedRpc37250022/s0] (custom)
2022-07-14 02:38:06,719 [Time-limited test] INFO  server.RaftServer (RaftServerProxy.java:addNew(96)) - s0: addNew group-E8AE2E048FCA:[s0|rpc:localhost:37449|admin:localhost:41963|client:localhost:39721|dataStream:localhost:44703|priority:0] returns group-E8AE2E048FCA:java.util.concurrent.CompletableFuture@1f023d2c[Not completed]
2022-07-14 02:38:06,719 [pool-49-thread-1] INFO  server.RaftServerConfigKeys (ConfUtils.java:logGet(46)) - raft.server.log.segment.size.max = 8MB (=8388608) (default)
2022-07-14 02:38:06,719 [pool-49-thread-1] INFO  server.RaftServerConfigKeys (ConfUtils.java:logGet(46)) - raft.server.log.preallocated.size = 4MB (=4194304) (default)
2022-07-14 02:38:06,719 [pool-49-thread-1] INFO  server.RaftServerConfigKeys (ConfUtils.java:logGet(46)) - raft.server.log.write.buffer.size = 64KB (=65536) (default)
2022-07-14 02:38:06,719 [pool-49-thread-1] INFO  server.RaftServer$Division (RaftServerImpl.java:<init>(191)) - s0: new RaftServerImpl for group-E8AE2E048FCA:[s0|rpc:localhost:37449|admin:localhost:41963|client:localhost:39721|dataStream:localhost:44703|priority:0] with SimpleStateMachine4Testing:uninitialized
2022-07-14 02:38:06,719 [pool-49-thread-1] INFO  server.RaftServerConfigKeys (ConfUtils.java:logGet(46)) - raft.server.rpc.timeout.min = 150ms (default)
2022-07-14 02:38:06,719 [pool-49-thread-1] INFO  server.RaftServerConfigKeys (ConfUtils.java:logGet(46)) - raft.server.rpc.timeout.max = 300ms (default)
2022-07-14 02:38:06,719 [pool-49-thread-1] INFO  server.RaftServerConfigKeys (ConfUtils.java:logGet(46)) - raft.server.rpc.sleep.time = 25ms (default)
2022-07-14 02:38:06,719 [pool-49-thread-1] INFO  server.RaftServerConfigKeys (ConfUtils.java:logGet(46)) - raft.server.rpc.slowness.timeout = 60s (default)
2022-07-14 02:38:06,719 [pool-49-thread-1] INFO  server.RaftServerConfigKeys (ConfUtils.java:logGet(46)) - raft.server.leaderelection.leader.step-down.wait-time = 10s (default)
2022-07-14 02:38:06,720 [pool-49-thread-1] INFO  server.RaftServerConfigKeys (ConfUtils.java:logGet(46)) - raft.server.sleep.deviation.threshold = 300ms (default)
2022-07-14 02:38:06,720 [pool-49-thread-1] INFO  server.RaftServer$Division (ServerState.java:<init>(109)) - s0@group-E8AE2E048FCA: ConfigurationManager, init=-1: [s0|rpc:localhost:37449|admin:localhost:41963|client:localhost:39721|dataStream:localhost:44703|priority:0], old=null, confs=<EMPTY_MAP>
2022-07-14 02:38:06,720 [pool-49-thread-1] INFO  server.RaftServerConfigKeys (ConfUtils.java:logGet(46)) - raft.server.storage.dir = [/home/runner/work/ratis/ratis/ratis-test/target/test/data/f69c223b/MiniRaftClusterWithSimulatedRpc37250022/s0] (custom)
2022-07-14 02:38:06,720 [pool-49-thread-1] INFO  server.RaftServerConfigKeys (ConfUtils.java:logGet(46)) - raft.server.log.corruption.policy = EXCEPTION (default)
2022-07-14 02:38:06,720 [pool-49-thread-1] INFO  server.RaftServerConfigKeys (ConfUtils.java:logGet(46)) - raft.server.storage.free-space.min = 0MB (=0) (default)
2022-07-14 02:38:06,720 [pool-49-thread-1] INFO  server.RaftServerConfigKeys (ConfUtils.java:logGet(46)) - raft.server.notification.no-leader.timeout = 60s (default)
2022-07-14 02:38:06,720 [pool-49-thread-1] INFO  server.RaftServerConfigKeys (ConfUtils.java:logGet(46)) - raft.server.retrycache.expirytime = 60s (default)
2022-07-14 02:38:06,720 [pool-49-thread-1] INFO  server.RaftServerConfigKeys (ConfUtils.java:logGet(46)) - raft.server.retrycache.statistics.expirytime = 100μs (default)
2022-07-14 02:38:06,720 [pool-49-thread-1] INFO  server.RaftServerConfigKeys (ConfUtils.java:logGet(46)) - raft.server.log.appender.install.snapshot.enabled = true (default)
2022-07-14 02:38:06,720 [pool-49-thread-1] INFO  server.RaftServerConfigKeys (ConfUtils.java:logGet(46)) - raft.server.threadpool.server.cached = true (default)
2022-07-14 02:38:06,721 [pool-49-thread-1] INFO  server.RaftServerConfigKeys (ConfUtils.java:logGet(46)) - raft.server.threadpool.server.size = 0 (default)
2022-07-14 02:38:06,721 [pool-49-thread-1] INFO  server.RaftServerConfigKeys (ConfUtils.java:logGet(46)) - raft.server.threadpool.client.cached = true (default)
2022-07-14 02:38:06,721 [pool-49-thread-1] INFO  server.RaftServerConfigKeys (ConfUtils.java:logGet(46)) - raft.server.threadpool.client.size = 0 (default)
2022-07-14 02:38:06,721 [s0-impl-thread1] INFO  storage.RaftStorageDirectory (RaftStorageDirectoryImpl.java:analyzeStorage(137)) - The storage directory /home/runner/work/ratis/ratis/ratis-test/target/test/data/f69c223b/MiniRaftClusterWithSimulatedRpc37250022/s0/24813b6b-21de-410f-95d3-e8ae2e048fca does not exist. Creating ...
2022-07-14 02:38:06,722 [s0-impl-thread1] TRACE util.FileUtils (LogUtils.java:runAndLog(49)) - Successfully ran Files.createDirectories /home/runner/work/ratis/ratis/ratis-test/target/test/data/f69c223b/MiniRaftClusterWithSimulatedRpc37250022/s0/24813b6b-21de-410f-95d3-e8ae2e048fca
2022-07-14 02:38:06,723 [s0-impl-thread1] INFO  storage.RaftStorageDirectory (RaftStorageDirectoryImpl.java:tryLock(231)) - Lock on /home/runner/work/ratis/ratis/ratis-test/target/test/data/f69c223b/MiniRaftClusterWithSimulatedRpc37250022/s0/24813b6b-21de-410f-95d3-e8ae2e048fca/in_use.lock acquired by nodename 14298@fv-az54-379.qczjibyfz4dularrisj3jz1gre.bx.internal.cloudapp.net
2022-07-14 02:38:06,724 [s0-impl-thread1] TRACE util.FileUtils (LogUtils.java:runAndLog(49)) - Successfully ran Files.createDirectories /home/runner/work/ratis/ratis/ratis-test/target/test/data/f69c223b/MiniRaftClusterWithSimulatedRpc37250022/s0/24813b6b-21de-410f-95d3-e8ae2e048fca/current
2022-07-14 02:38:06,724 [s0-impl-thread1] TRACE util.FileUtils (LogUtils.java:runAndLog(49)) - Successfully ran Files.createDirectories /home/runner/work/ratis/ratis/ratis-test/target/test/data/f69c223b/MiniRaftClusterWithSimulatedRpc37250022/s0/24813b6b-21de-410f-95d3-e8ae2e048fca/sm
2022-07-14 02:38:06,725 [s0-impl-thread1] INFO  storage.RaftStorage (RaftStorageImpl.java:format(96)) - Storage directory /home/runner/work/ratis/ratis/ratis-test/target/test/data/f69c223b/MiniRaftClusterWithSimulatedRpc37250022/s0/24813b6b-21de-410f-95d3-e8ae2e048fca has been successfully formatted.
2022-07-14 02:38:06,726 [s0-impl-thread1] INFO  statemachine.SimpleStateMachine4Testing (SimpleStateMachine4Testing.java:initialize(212)) - Initializing SimpleStateMachine4Testing:uninitialized
2022-07-14 02:38:06,726 [s0-impl-thread1] INFO  statemachine.SimpleStateMachine4Testing (SimpleStateMachine4Testing.java:loadSnapshot(306)) - The snapshot file null does not exist
2022-07-14 02:38:06,726 [s0-impl-thread1] INFO  server.RaftServerConfigKeys (ConfUtils.java:logGet(46)) - raft.server.log.use.memory = false (default)
2022-07-14 02:38:06,726 [s0-impl-thread1] INFO  server.RaftServerConfigKeys (ConfUtils.java:logGet(46)) - raft.server.log.purge.gap = 1024 (default)
2022-07-14 02:38:06,726 [s0-impl-thread1] INFO  server.RaftServerConfigKeys (ConfUtils.java:logGet(46)) - raft.server.log.appender.buffer.byte-limit = 4MB (=4194304) (default)
2022-07-14 02:38:06,726 [s0-impl-thread1] INFO  server.RaftServerConfigKeys (ConfUtils.java:logGet(46)) - raft.server.log.statemachine.data.read.timeout = 1000ms (default)
2022-07-14 02:38:06,726 [s0-impl-thread1] INFO  server.RaftServerConfigKeys (ConfUtils.java:logGet(46)) - raft.server.log.segment.size.max = 8KB (=8192) (custom)
2022-07-14 02:38:06,726 [s0-impl-thread1] INFO  server.RaftServerConfigKeys (ConfUtils.java:logGet(46)) - raft.server.log.segment.cache.num.max = 6 (default)
2022-07-14 02:38:06,726 [s0-impl-thread1] INFO  server.RaftServerConfigKeys (ConfUtils.java:logGet(46)) - raft.server.log.segment.cache.size.max = 200MB (=209715200) (default)
2022-07-14 02:38:06,726 [s0-impl-thread1] INFO  segmented.SegmentedRaftLogWorker (SegmentedRaftLogWorker.java:<init>(187)) - new s0@group-E8AE2E048FCA-SegmentedRaftLogWorker for RaftStorageImpl:Storage Directory /home/runner/work/ratis/ratis/ratis-test/target/test/data/f69c223b/MiniRaftClusterWithSimulatedRpc37250022/s0/24813b6b-21de-410f-95d3-e8ae2e048fca
2022-07-14 02:38:06,726 [s0-impl-thread1] INFO  server.RaftServerConfigKeys (ConfUtils.java:logGet(46)) - raft.server.log.queue.byte-limit = 64MB (=67108864) (default)
2022-07-14 02:38:06,726 [s0-impl-thread1] INFO  server.RaftServerConfigKeys (ConfUtils.java:logGet(46)) - raft.server.log.queue.element-limit = 4096 (default)
2022-07-14 02:38:06,726 [s0-impl-thread1] INFO  server.RaftServerConfigKeys (ConfUtils.java:logGet(46)) - raft.server.log.segment.size.max = 8KB (=8192) (custom)
2022-07-14 02:38:06,727 [s0-impl-thread1] INFO  server.RaftServerConfigKeys (ConfUtils.java:logGet(46)) - raft.server.log.preallocated.size = 4MB (=4194304) (default)
2022-07-14 02:38:06,727 [s0-impl-thread1] INFO  server.RaftServerConfigKeys (ConfUtils.java:logGet(46)) - raft.server.log.force.sync.num = 128 (default)
2022-07-14 02:38:06,727 [s0-impl-thread1] INFO  server.RaftServerConfigKeys (ConfUtils.java:logGet(46)) - raft.server.log.statemachine.data.sync = true (default)
2022-07-14 02:38:06,727 [s0-impl-thread1] INFO  server.RaftServerConfigKeys (ConfUtils.java:logGet(46)) - raft.server.log.statemachine.data.sync.timeout = 10s (default)
2022-07-14 02:38:06,727 [s0-impl-thread1] INFO  server.RaftServerConfigKeys (ConfUtils.java:logGet(46)) - raft.server.log.statemachine.data.sync.timeout.retry = -1 (default)
2022-07-14 02:38:06,727 [s0-impl-thread1] INFO  server.RaftServerConfigKeys (ConfUtils.java:logGet(46)) - raft.server.log.write.buffer.size = 64KB (=65536) (default)
2022-07-14 02:38:06,727 [s0-impl-thread1] INFO  server.RaftServerConfigKeys (ConfUtils.java:logGet(46)) - raft.server.log.unsafe-flush.enabled = false (default)
2022-07-14 02:38:06,727 [s0-impl-thread1] INFO  server.RaftServerConfigKeys (ConfUtils.java:logGet(46)) - raft.server.log.statemachine.data.caching.enabled = false (default)
2022-07-14 02:38:06,727 [s0-impl-thread1] TRACE segmented.SegmentedRaftLogCache (AutoCloseableReadWriteLock.java:logLocking(65)) - s0@group-E8AE2E048FCA: readLock ACQUIRED 1 by SegmentedRaftLogCache$LogSegmentList.isEmpty
2022-07-14 02:38:06,727 [s0-impl-thread1] TRACE segmented.SegmentedRaftLogCache (AutoCloseableReadWriteLock.java:logLocking(65)) - s0@group-E8AE2E048FCA: readLock RELEASED 0 by SegmentedRaftLogCache$LogSegmentList.isEmpty
2022-07-14 02:38:06,728 [s0-impl-thread1] TRACE segmented.SegmentedRaftLogCache (AutoCloseableReadWriteLock.java:logLocking(65)) - s0@group-E8AE2E048FCA: readLock ACQUIRED 1 by SegmentedRaftLogCache.getEndIndex
2022-07-14 02:38:06,728 [s0-impl-thread1] TRACE segmented.SegmentedRaftLogCache (AutoCloseableReadWriteLock.java:logLocking(65)) -   s0@group-E8AE2E048FCA: readLock ACQUIRED 2 by SegmentedRaftLogCache$LogSegmentList.isEmpty
2022-07-14 02:38:06,728 [s0-impl-thread1] TRACE segmented.SegmentedRaftLogCache (AutoCloseableReadWriteLock.java:logLocking(65)) -   s0@group-E8AE2E048FCA: readLock RELEASED 1 by SegmentedRaftLogCache$LogSegmentList.isEmpty
2022-07-14 02:38:06,728 [s0-impl-thread1] TRACE segmented.SegmentedRaftLogCache (AutoCloseableReadWriteLock.java:logLocking(65)) - s0@group-E8AE2E048FCA: readLock RELEASED 0 by SegmentedRaftLogCache.getEndIndex
2022-07-14 02:38:06,728 [s0-impl-thread1] TRACE segmented.SegmentedRaftLogCache (AutoCloseableReadWriteLock.java:logLocking(65)) - s0@group-E8AE2E048FCA: readLock ACQUIRED 1 by SegmentedRaftLogCache.getLastIndexInClosedSegments
2022-07-14 02:38:06,728 [s0-impl-thread1] TRACE segmented.SegmentedRaftLogCache (AutoCloseableReadWriteLock.java:logLocking(65)) -   s0@group-E8AE2E048FCA: readLock ACQUIRED 2 by SegmentedRaftLogCache$LogSegmentList.isEmpty
2022-07-14 02:38:06,728 [s0-impl-thread1] TRACE segmented.SegmentedRaftLogCache (AutoCloseableReadWriteLock.java:logLocking(65)) -   s0@group-E8AE2E048FCA: readLock RELEASED 1 by SegmentedRaftLogCache$LogSegmentList.isEmpty
2022-07-14 02:38:06,728 [s0-impl-thread1] TRACE segmented.SegmentedRaftLogCache (AutoCloseableReadWriteLock.java:logLocking(65)) - s0@group-E8AE2E048FCA: readLock RELEASED 0 by SegmentedRaftLogCache.getLastIndexInClosedSegments
2022-07-14 02:38:06,728 [s0-impl-thread1] INFO  segmented.SegmentedRaftLogWorker (SegmentedRaftLogWorker.java:lambda$new$0(135)) - s0@group-E8AE2E048FCA-SegmentedRaftLogWorker: flushIndex: setUnconditionally 0 -> -1
2022-07-14 02:38:06,728 [s0-impl-thread1] INFO  segmented.SegmentedRaftLogWorker (SegmentedRaftLogWorker.java:lambda$new$0(135)) - s0@group-E8AE2E048FCA-SegmentedRaftLogWorker: safeCacheEvictIndex: setUnconditionally 0 -> -1
2022-07-14 02:38:06,728 [s0-impl-thread1] TRACE segmented.SegmentedRaftLogCache (AutoCloseableReadWriteLock.java:logLocking(65)) - s0@group-E8AE2E048FCA: readLock ACQUIRED 1 by SegmentedRaftLogCache.getStartIndex
2022-07-14 02:38:06,728 [s0-impl-thread1] TRACE segmented.SegmentedRaftLogCache (AutoCloseableReadWriteLock.java:logLocking(65)) -   s0@group-E8AE2E048FCA: readLock ACQUIRED 2 by SegmentedRaftLogCache$LogSegmentList.isEmpty
2022-07-14 02:38:06,728 [s0-impl-thread1] TRACE segmented.SegmentedRaftLogCache (AutoCloseableReadWriteLock.java:logLocking(65)) -   s0@group-E8AE2E048FCA: readLock RELEASED 1 by SegmentedRaftLogCache$LogSegmentList.isEmpty
2022-07-14 02:38:06,728 [s0-impl-thread1] TRACE segmented.SegmentedRaftLogCache (AutoCloseableReadWriteLock.java:logLocking(65)) - s0@group-E8AE2E048FCA: readLock RELEASED 0 by SegmentedRaftLogCache.getStartIndex
2022-07-14 02:38:06,728 [s0-impl-thread1] INFO  server.RaftServer$Division (RaftServerImpl.java:start(313)) - s0@group-E8AE2E048FCA: start as a follower, conf=-1: [s0|rpc:localhost:37449|admin:localhost:41963|client:localhost:39721|dataStream:localhost:44703|priority:0], old=null
2022-07-14 02:38:06,728 [s0-impl-thread1] INFO  server.RaftServer$Division (RaftServerImpl.java:setRole(300)) - s0@group-E8AE2E048FCA: changes role from      null to FOLLOWER at term 0 for startAsFollower
2022-07-14 02:38:06,728 [s0-impl-thread1] INFO  impl.RoleInfo (RoleInfo.java:updateAndGet(139)) - s0: start s0@group-E8AE2E048FCA-FollowerState
2022-07-14 02:38:06,733 [s0-impl-thread1] INFO  util.JmxRegister (JmxRegister.java:tryRegister(44)) - Successfully registered JMX Bean with object name Ratis:service=RaftServer,group=group-E8AE2E048FCA,id=s0
2022-07-14 02:38:06,733 [s0-impl-thread1] INFO  server.RaftServerConfigKeys (ConfUtils.java:logGet(46)) - raft.server.snapshot.auto.trigger.enabled = false (default)
2022-07-14 02:38:06,733 [s0-impl-thread1] INFO  server.RaftServerConfigKeys (ConfUtils.java:logGet(46)) - raft.server.snapshot.retention.file.num = -1 (default)
2022-07-14 02:38:06,733 [s0-impl-thread1] INFO  server.RaftServerConfigKeys (ConfUtils.java:logGet(46)) - raft.server.log.purge.upto.snapshot.index = false (default)
2022-07-14 02:38:06,734 [Time-limited test] INFO  server.RaftServer (RaftServerProxy.java:startImpl(385)) - s0: start RPC server
2022-07-14 02:38:06,734 [org.apache.ratis.util.JvmPauseMonitor$$Lambda$260/812557502@549f431d] INFO  util.JvmPauseMonitor (JvmPauseMonitor.java:run(103)) - JvmPauseMonitor-s0: Started
2022-07-14 02:38:06,735 [Time-limited test] INFO  server.RaftServerConfigKeys (ConfUtils.java:logGet(46)) - raft.server.rpc.timeout.max = 300ms (default)
2022-07-14 02:38:06,735 [Time-limited test] INFO  ratis.RaftTestUtil (RaftTestUtil.java:waitForLeader(100)) - printing ALL groups
  s0:  RUNNING  FOLLOWER s0@group-E8AE2E048FCA:t0, leader=null, voted=, raftlog=Memoized:s0@group-E8AE2E048FCA-SegmentedRaftLog:OPENED:c-1, conf=-1: [s0|rpc:localhost:37449|admin:localhost:41963|client:localhost:39721|dataStream:localhost:44703|priority:0], old=null RUNNING
2022-07-14 02:38:06,735 [Time-limited test] WARN  ratis.RaftTestUtil (JavaUtils.java:attempt(172)) - FAILED "waitForLeader-null-(expectLeader? true)", attempt #1/100: java.lang.IllegalStateException: No leader yet : printing ALL groups
  s0:  RUNNING  FOLLOWER s0@group-E8AE2E048FCA:t0, leader=null, voted=, raftlog=Memoized:s0@group-E8AE2E048FCA-SegmentedRaftLog:OPENED:c-1, conf=-1: [s0|rpc:localhost:37449|admin:localhost:41963|client:localhost:39721|dataStream:localhost:44703|priority:0], old=null RUNNING, sleep 450ms and then retry.
java.lang.IllegalStateException: No leader yet : printing ALL groups
  s0:  RUNNING  FOLLOWER s0@group-E8AE2E048FCA:t0, leader=null, voted=, raftlog=Memoized:s0@group-E8AE2E048FCA-SegmentedRaftLog:OPENED:c-1, conf=-1: [s0|rpc:localhost:37449|admin:localhost:41963|client:localhost:39721|dataStream:localhost:44703|priority:0], old=null RUNNING
	at org.apache.ratis.server.impl.MiniRaftCluster.newIllegalStateExceptionForNoLeaders(MiniRaftCluster.java:535)
	at org.apache.ratis.RaftTestUtil.lambda$waitForLeader$1(RaftTestUtil.java:104)
	at org.apache.ratis.server.impl.MiniRaftCluster.getLeader(MiniRaftCluster.java:569)
	at org.apache.ratis.server.impl.MiniRaftCluster.getLeader(MiniRaftCluster.java:562)
	at org.apache.ratis.RaftTestUtil.lambda$waitForLeader$3(RaftTestUtil.java:112)
	at org.apache.ratis.util.JavaUtils.attempt(JavaUtils.java:166)
	at org.apache.ratis.util.JavaUtils.attemptRepeatedly(JavaUtils.java:152)
	at org.apache.ratis.RaftTestUtil.waitForLeader(RaftTestUtil.java:111)
	at org.apache.ratis.RaftTestUtil.waitForLeader(RaftTestUtil.java:92)
	at org.apache.ratis.RaftTestUtil.waitForLeader(RaftTestUtil.java:87)
	at org.apache.ratis.server.ServerRestartTests.runTestRestartWithCorruptedLogEntry(ServerRestartTests.java:354)
	at org.apache.ratis.server.impl.MiniRaftCluster$Factory$Get.runWithNewCluster(MiniRaftCluster.java:125)
	at org.apache.ratis.server.impl.MiniRaftCluster$Factory$Get.runWithNewCluster(MiniRaftCluster.java:113)
	at org.apache.ratis.server.ServerRestartTests.lambda$testRestartWithCorruptedLogEntryWithException$11(ServerRestartTests.java:346)
	at org.apache.ratis.BaseTest.testFailureCase(BaseTest.java:154)
	at org.apache.ratis.BaseTest.testFailureCase(BaseTest.java:167)
	at org.apache.ratis.server.ServerRestartTests.testRestartWithCorruptedLogEntryWithException(ServerRestartTests.java:345)
	at sun.reflect.NativeMethodAccessorImpl.invoke0(Native Method)
	at sun.reflect.NativeMethodAccessorImpl.invoke(NativeMethodAccessorImpl.java:62)
	at sun.reflect.DelegatingMethodAccessorImpl.invoke(DelegatingMethodAccessorImpl.java:43)
	at java.lang.reflect.Method.invoke(Method.java:498)
	at org.junit.runners.model.FrameworkMethod$1.runReflectiveCall(FrameworkMethod.java:59)
	at org.junit.internal.runners.model.ReflectiveCallable.run(ReflectiveCallable.java:12)
	at org.junit.runners.model.FrameworkMethod.invokeExplosively(FrameworkMethod.java:56)
	at org.junit.internal.runners.statements.InvokeMethod.evaluate(InvokeMethod.java:17)
	at org.junit.internal.runners.statements.RunAfters.evaluate(RunAfters.java:27)
	at org.junit.internal.runners.statements.FailOnTimeout$CallableStatement.call(FailOnTimeout.java:299)
	at org.junit.internal.runners.statements.FailOnTimeout$CallableStatement.call(FailOnTimeout.java:293)
	at java.util.concurrent.FutureTask.run(FutureTask.java:266)
	at java.lang.Thread.run(Thread.java:750)
2022-07-14 02:38:06,940 [s0@group-E8AE2E048FCA-FollowerState] INFO  impl.FollowerState (FollowerState.java:run(143)) - s0@group-E8AE2E048FCA-FollowerState: change to CANDIDATE, lastRpcElapsedTime:211478484ns, electionTimeout:211ms
2022-07-14 02:38:06,940 [s0@group-E8AE2E048FCA-FollowerState] INFO  impl.RoleInfo (RoleInfo.java:shutdownFollowerState(110)) - s0: shutdown s0@group-E8AE2E048FCA-FollowerState
2022-07-14 02:38:06,940 [s0@group-E8AE2E048FCA-FollowerState] INFO  server.RaftServer$Division (RaftServerImpl.java:setRole(300)) - s0@group-E8AE2E048FCA: changes role from  FOLLOWER to CANDIDATE at term 0 for changeToCandidate
2022-07-14 02:38:06,940 [s0@group-E8AE2E048FCA-FollowerState] INFO  server.RaftServerConfigKeys (ConfUtils.java:logGet(46)) - raft.server.leaderelection.pre-vote = true (default)
2022-07-14 02:38:06,941 [s0@group-E8AE2E048FCA-FollowerState] INFO  impl.RoleInfo (RoleInfo.java:updateAndGet(139)) - s0: start s0@group-E8AE2E048FCA-LeaderElection9
2022-07-14 02:38:06,946 [s0@group-E8AE2E048FCA-LeaderElection9] INFO  impl.LeaderElection (LeaderElection.java:askForVotes(310)) - s0@group-E8AE2E048FCA-LeaderElection9 PRE_VOTE round 0: submit vote requests at term 0 for -1: [s0|rpc:localhost:37449|admin:localhost:41963|client:localhost:39721|dataStream:localhost:44703|priority:0], old=null
2022-07-14 02:38:06,946 [s0@group-E8AE2E048FCA-LeaderElection9] INFO  impl.LeaderElection (LeaderElection.java:askForVotes(312)) - s0@group-E8AE2E048FCA-LeaderElection9 PRE_VOTE round 0: result PASSED (term=0)
2022-07-14 02:38:06,948 [s0@group-E8AE2E048FCA-LeaderElection9] INFO  impl.LeaderElection (LeaderElection.java:askForVotes(310)) - s0@group-E8AE2E048FCA-LeaderElection9 ELECTION round 0: submit vote requests at term 1 for -1: [s0|rpc:localhost:37449|admin:localhost:41963|client:localhost:39721|dataStream:localhost:44703|priority:0], old=null
2022-07-14 02:38:06,948 [s0@group-E8AE2E048FCA-LeaderElection9] INFO  impl.LeaderElection (LeaderElection.java:askForVotes(312)) - s0@group-E8AE2E048FCA-LeaderElection9 ELECTION round 0: result PASSED (term=1)
2022-07-14 02:38:06,948 [s0@group-E8AE2E048FCA-LeaderElection9] INFO  impl.RoleInfo (RoleInfo.java:shutdownLeaderElection(130)) - s0: shutdown s0@group-E8AE2E048FCA-LeaderElection9
2022-07-14 02:38:06,948 [s0@group-E8AE2E048FCA-LeaderElection9] INFO  server.RaftServer$Division (RaftServerImpl.java:setRole(300)) - s0@group-E8AE2E048FCA: changes role from CANDIDATE to LEADER at term 1 for changeToLeader
2022-07-14 02:38:06,948 [s0@group-E8AE2E048FCA-LeaderElection9] INFO  server.RaftServer$Division (ServerState.java:setLeader(304)) - s0@group-E8AE2E048FCA: change Leader from null to s0 at term 1 for becomeLeader, leader elected after 228ms
2022-07-14 02:38:06,948 [s0@group-E8AE2E048FCA-LeaderElection9] INFO  server.RaftServerConfigKeys (ConfUtils.java:logGet(46)) - raft.server.staging.catchup.gap = 1000 (default)
2022-07-14 02:38:06,948 [s0@group-E8AE2E048FCA-LeaderElection9] INFO  server.RaftServerConfigKeys (ConfUtils.java:logGet(46)) - raft.server.write.element-limit = 4096 (default)
2022-07-14 02:38:06,949 [s0@group-E8AE2E048FCA-LeaderElection9] INFO  server.RaftServerConfigKeys (ConfUtils.java:logGet(46)) - raft.server.write.byte-limit = 64MB (=67108864) (default)
2022-07-14 02:38:06,949 [s0@group-E8AE2E048FCA-LeaderElection9] INFO  server.RaftServerConfigKeys (ConfUtils.java:logGet(46)) - raft.server.watch.timeout = 10s (default)
2022-07-14 02:38:06,949 [s0@group-E8AE2E048FCA-LeaderElection9] INFO  server.RaftServerConfigKeys (ConfUtils.java:logGet(46)) - raft.server.watch.timeout.denomination = 1s (default)
2022-07-14 02:38:06,949 [s0@group-E8AE2E048FCA-LeaderElection9] INFO  server.RaftServerConfigKeys (ConfUtils.java:logGet(46)) - raft.server.watch.element-limit = 65536 (default)
2022-07-14 02:38:06,949 [s0@group-E8AE2E048FCA-LeaderElection9] INFO  server.RaftServerConfigKeys (ConfUtils.java:logGet(46)) - raft.server.write.element-limit = 4096 (default)
2022-07-14 02:38:06,949 [s0@group-E8AE2E048FCA-LeaderElection9] INFO  server.RaftServerConfigKeys (ConfUtils.java:logGet(46)) - raft.server.write.follower.gap.ratio.max = -1.0 (default)
2022-07-14 02:38:06,949 [s0@group-E8AE2E048FCA-LeaderElection9] TRACE segmented.SegmentedRaftLogCache (AutoCloseableReadWriteLock.java:logLocking(65)) - s0@group-E8AE2E048FCA: readLock ACQUIRED 1 by SegmentedRaftLogCache.getLastTermIndex
2022-07-14 02:38:06,949 [s0@group-E8AE2E048FCA-LeaderElection9] TRACE segmented.SegmentedRaftLogCache (AutoCloseableReadWriteLock.java:logLocking(65)) -   s0@group-E8AE2E048FCA: readLock ACQUIRED 2 by SegmentedRaftLogCache$LogSegmentList.isEmpty
2022-07-14 02:38:06,949 [s0@group-E8AE2E048FCA-LeaderElection9] TRACE segmented.SegmentedRaftLogCache (AutoCloseableReadWriteLock.java:logLocking(65)) -   s0@group-E8AE2E048FCA: readLock RELEASED 1 by SegmentedRaftLogCache$LogSegmentList.isEmpty
2022-07-14 02:38:06,950 [s0@group-E8AE2E048FCA-LeaderElection9] TRACE segmented.SegmentedRaftLogCache (AutoCloseableReadWriteLock.java:logLocking(65)) - s0@group-E8AE2E048FCA: readLock RELEASED 0 by SegmentedRaftLogCache.getLastTermIndex
2022-07-14 02:38:06,950 [s0@group-E8AE2E048FCA-LeaderElection9] INFO  impl.RoleInfo (RoleInfo.java:updateAndGet(139)) - s0: start s0@group-E8AE2E048FCA-LeaderStateImpl
2022-07-14 02:38:06,950 [s0@group-E8AE2E048FCA-LeaderElection9] TRACE segmented.SegmentedRaftLogCache (AutoCloseableReadWriteLock.java:logLocking(65)) - s0@group-E8AE2E048FCA: readLock ACQUIRED 1 by SegmentedRaftLogCache.getLastTermIndex
2022-07-14 02:38:06,950 [s0@group-E8AE2E048FCA-LeaderElection9] TRACE segmented.SegmentedRaftLogCache (AutoCloseableReadWriteLock.java:logLocking(65)) -   s0@group-E8AE2E048FCA: readLock ACQUIRED 2 by SegmentedRaftLogCache$LogSegmentList.isEmpty
2022-07-14 02:38:06,950 [s0@group-E8AE2E048FCA-LeaderElection9] TRACE segmented.SegmentedRaftLogCache (AutoCloseableReadWriteLock.java:logLocking(65)) -   s0@group-E8AE2E048FCA: readLock RELEASED 1 by SegmentedRaftLogCache$LogSegmentList.isEmpty
2022-07-14 02:38:06,950 [s0@group-E8AE2E048FCA-LeaderElection9] TRACE segmented.SegmentedRaftLogCache (AutoCloseableReadWriteLock.java:logLocking(65)) - s0@group-E8AE2E048FCA: readLock RELEASED 0 by SegmentedRaftLogCache.getLastTermIndex
2022-07-14 02:38:06,950 [s0@group-E8AE2E048FCA-LeaderElection9] TRACE segmented.SegmentedRaftLogCache (AutoCloseableReadWriteLock.java:logLocking(65)) - s0@group-E8AE2E048FCA: readLock ACQUIRED 1 by SegmentedRaftLogCache.computeTruncateIndices
2022-07-14 02:38:06,950 [s0@group-E8AE2E048FCA-LeaderElection9] TRACE segmented.SegmentedRaftLogCache (AutoCloseableReadWriteLock.java:logLocking(65)) -   s0@group-E8AE2E048FCA: readLock ACQUIRED 2 by SegmentedRaftLogCache$LogSegmentList.binarySearch
2022-07-14 02:38:06,950 [s0@group-E8AE2E048FCA-LeaderElection9] TRACE segmented.SegmentedRaftLogCache (AutoCloseableReadWriteLock.java:logLocking(65)) -   s0@group-E8AE2E048FCA: readLock RELEASED 1 by SegmentedRaftLogCache$LogSegmentList.binarySearch
2022-07-14 02:38:06,950 [s0@group-E8AE2E048FCA-LeaderElection9] TRACE segmented.SegmentedRaftLogCache (AutoCloseableReadWriteLock.java:logLocking(65)) -   s0@group-E8AE2E048FCA: readLock ACQUIRED 2 by SegmentedRaftLogCache$LogSegmentList.size
2022-07-14 02:38:06,950 [s0@group-E8AE2E048FCA-LeaderElection9] TRACE segmented.SegmentedRaftLogCache (AutoCloseableReadWriteLock.java:logLocking(65)) -   s0@group-E8AE2E048FCA: readLock RELEASED 1 by SegmentedRaftLogCache$LogSegmentList.size
2022-07-14 02:38:06,950 [s0@group-E8AE2E048FCA-LeaderElection9] TRACE segmented.SegmentedRaftLogCache (AutoCloseableReadWriteLock.java:logLocking(65)) - s0@group-E8AE2E048FCA: readLock RELEASED 0 by SegmentedRaftLogCache.computeTruncateIndices
2022-07-14 02:38:06,950 [s0@group-E8AE2E048FCA-LeaderElection9] DEBUG raftlog.RaftLog (SegmentedRaftLog.java:appendImpl(447)) - truncateIndex=-1, arrayIndex=0
2022-07-14 02:38:06,950 [s0@group-E8AE2E048FCA-LeaderElection9] TRACE segmented.SegmentedRaftLogCache (AutoCloseableReadWriteLock.java:logLocking(65)) - s0@group-E8AE2E048FCA: readLock ACQUIRED 1 by SegmentedRaftLogCache.getLastTermIndex
2022-07-14 02:38:06,951 [s0@group-E8AE2E048FCA-LeaderElection9] TRACE segmented.SegmentedRaftLogCache (AutoCloseableReadWriteLock.java:logLocking(65)) -   s0@group-E8AE2E048FCA: readLock ACQUIRED 2 by SegmentedRaftLogCache$LogSegmentList.isEmpty
2022-07-14 02:38:06,951 [s0@group-E8AE2E048FCA-LeaderElection9] TRACE segmented.SegmentedRaftLogCache (AutoCloseableReadWriteLock.java:logLocking(65)) -   s0@group-E8AE2E048FCA: readLock RELEASED 1 by SegmentedRaftLogCache$LogSegmentList.isEmpty
2022-07-14 02:38:06,951 [s0@group-E8AE2E048FCA-LeaderElection9] TRACE segmented.SegmentedRaftLogCache (AutoCloseableReadWriteLock.java:logLocking(65)) - s0@group-E8AE2E048FCA: readLock RELEASED 0 by SegmentedRaftLogCache.getLastTermIndex
2022-07-14 02:38:06,951 [s0@group-E8AE2E048FCA-LeaderElection9] TRACE segmented.SegmentedRaftLogCache (SegmentedRaftLogCache.java:setOpenSegment(450)) - s0@group-E8AE2E048FCA-SegmentedRaftLogCache: setOpenSegment to log_inprogress_0
2022-07-14 02:38:06,951 [s0@group-E8AE2E048FCA-LeaderElection9] INFO  segmented.SegmentedRaftLogWorker (SegmentedRaftLogWorker.java:startLogSegment(425)) - s0@group-E8AE2E048FCA-SegmentedRaftLogWorker: Starting segment from index:0
2022-07-14 02:38:06,951 [s0@group-E8AE2E048FCA-LeaderElection9] DEBUG segmented.SegmentedRaftLogWorker (SegmentedRaftLogWorker.java:addIOTask(270)) - s0@group-E8AE2E048FCA-SegmentedRaftLogWorker adds IO task StartLogSegment:0
2022-07-14 02:38:06,951 [s0@group-E8AE2E048FCA-LeaderElection9] TRACE segmented.SegmentedRaftLogCache (AutoCloseableReadWriteLock.java:logLocking(65)) - s0@group-E8AE2E048FCA: readLock ACQUIRED 1 by SegmentedRaftLogCache$LogSegmentList.countCached
2022-07-14 02:38:06,951 [s0@group-E8AE2E048FCA-LeaderElection9] TRACE segmented.SegmentedRaftLogCache (AutoCloseableReadWriteLock.java:logLocking(65)) - s0@group-E8AE2E048FCA: readLock RELEASED 0 by SegmentedRaftLogCache$LogSegmentList.countCached
2022-07-14 02:38:06,951 [s0@group-E8AE2E048FCA-LeaderElection9] TRACE segmented.SegmentedRaftLogCache (AutoCloseableReadWriteLock.java:logLocking(65)) - s0@group-E8AE2E048FCA: readLock ACQUIRED 1 by SegmentedRaftLogCache$LogSegmentList.getTotalCacheSize
2022-07-14 02:38:06,951 [s0@group-E8AE2E048FCA-LeaderElection9] TRACE segmented.SegmentedRaftLogCache (AutoCloseableReadWriteLock.java:logLocking(65)) - s0@group-E8AE2E048FCA: readLock RELEASED 0 by SegmentedRaftLogCache$LogSegmentList.getTotalCacheSize
2022-07-14 02:38:06,951 [s0@group-E8AE2E048FCA-LeaderElection9] DEBUG segmented.SegmentedRaftLogWorker (SegmentedRaftLogWorker.java:addIOTask(270)) - s0@group-E8AE2E048FCA-SegmentedRaftLogWorker adds IO task WriteLog:0: (t:1, i:0), CONFIGURATIONENTRY
2022-07-14 02:38:06,952 [s0@group-E8AE2E048FCA-LeaderElection9] INFO  server.RaftServer$Division (ServerState.java:setRaftConf(420)) - s0@group-E8AE2E048FCA: set configuration 0: [s0|rpc:localhost:37449|admin:localhost:41963|client:localhost:39721|dataStream:localhost:44703|priority:0], old=null
2022-07-14 02:38:06,952 [s0@group-E8AE2E048FCA-SegmentedRaftLogWorker] INFO  segmented.SegmentedRaftLogWorker (SegmentedRaftLogWorker.java:execute(629)) - s0@group-E8AE2E048FCA-SegmentedRaftLogWorker: created new log segment /home/runner/work/ratis/ratis/ratis-test/target/test/data/f69c223b/MiniRaftClusterWithSimulatedRpc37250022/s0/24813b6b-21de-410f-95d3-e8ae2e048fca/current/log_inprogress_0
2022-07-14 02:38:06,953 [s0@group-E8AE2E048FCA-SegmentedRaftLogWorker] DEBUG segmented.SegmentedRaftLogWorker (SegmentedRaftLogWorker.java:flushIfNecessary(365)) - s0@group-E8AE2E048FCA-SegmentedRaftLogWorker: flush SegmentedRaftLogOutputStream(/home/runner/work/ratis/ratis/ratis-test/target/test/data/f69c223b/MiniRaftClusterWithSimulatedRpc37250022/s0/24813b6b-21de-410f-95d3-e8ae2e048fca/current/log_inprogress_0)
2022-07-14 02:38:06,953 [s0@group-E8AE2E048FCA-LeaderStateImpl] TRACE segmented.SegmentedRaftLogCache (AutoCloseableReadWriteLock.java:logLocking(65)) - s0@group-E8AE2E048FCA: readLock ACQUIRED 1 by SegmentedRaftLogCache.getStartIndex
2022-07-14 02:38:06,953 [s0@group-E8AE2E048FCA-LeaderStateImpl] TRACE segmented.SegmentedRaftLogCache (AutoCloseableReadWriteLock.java:logLocking(65)) -   s0@group-E8AE2E048FCA: readLock ACQUIRED 2 by SegmentedRaftLogCache$LogSegmentList.isEmpty
2022-07-14 02:38:06,953 [s0@group-E8AE2E048FCA-LeaderStateImpl] TRACE segmented.SegmentedRaftLogCache (AutoCloseableReadWriteLock.java:logLocking(65)) -   s0@group-E8AE2E048FCA: readLock RELEASED 1 by SegmentedRaftLogCache$LogSegmentList.isEmpty
2022-07-14 02:38:06,953 [s0@group-E8AE2E048FCA-LeaderStateImpl] TRACE segmented.SegmentedRaftLogCache (AutoCloseableReadWriteLock.java:logLocking(65)) - s0@group-E8AE2E048FCA: readLock RELEASED 0 by SegmentedRaftLogCache.getStartIndex
2022-07-14 02:38:06,953 [s0@group-E8AE2E048FCA-LeaderStateImpl] TRACE segmented.SegmentedRaftLogCache (AutoCloseableReadWriteLock.java:logLocking(65)) - s0@group-E8AE2E048FCA: readLock ACQUIRED 1 by SegmentedRaftLogCache.getEndIndex
2022-07-14 02:38:06,953 [s0@group-E8AE2E048FCA-LeaderStateImpl] TRACE segmented.SegmentedRaftLogCache (AutoCloseableReadWriteLock.java:logLocking(65)) - s0@group-E8AE2E048FCA: readLock RELEASED 0 by SegmentedRaftLogCache.getEndIndex
2022-07-14 02:38:06,953 [s0@group-E8AE2E048FCA-LeaderStateImpl] TRACE segmented.SegmentedRaftLogCache (AutoCloseableReadWriteLock.java:logLocking(65)) - s0@group-E8AE2E048FCA: readLock ACQUIRED 1 by SegmentedRaftLogCache$LogSegmentList.getTermIndex
2022-07-14 02:38:06,953 [s0@group-E8AE2E048FCA-LeaderStateImpl] TRACE segmented.SegmentedRaftLogCache (AutoCloseableReadWriteLock.java:logLocking(65)) - s0@group-E8AE2E048FCA: readLock RELEASED 0 by SegmentedRaftLogCache$LogSegmentList.getTermIndex
2022-07-14 02:38:07,186 [Time-limited test] INFO  ratis.RaftTestUtil (RaftTestUtil.java:waitForLeader(119)) - printing ALL groups
  s0:  RUNNING    LEADER s0@group-E8AE2E048FCA:t1, leader=s0, voted=s0, raftlog=Memoized:s0@group-E8AE2E048FCA-SegmentedRaftLog:OPENED:c0, conf=0: [s0|rpc:localhost:37449|admin:localhost:41963|client:localhost:39721|dataStream:localhost:44703|priority:0], old=null RUNNING
2022-07-14 02:38:07,187 [s0-client-thread1] TRACE segmented.SegmentedRaftLogCache (AutoCloseableReadWriteLock.java:logLocking(65)) - s0@group-E8AE2E048FCA: readLock ACQUIRED 1 by SegmentedRaftLogCache.getLastTermIndex
2022-07-14 02:38:07,188 [s0-client-thread1] TRACE segmented.SegmentedRaftLogCache (AutoCloseableReadWriteLock.java:logLocking(65)) - s0@group-E8AE2E048FCA: readLock RELEASED 0 by SegmentedRaftLogCache.getLastTermIndex
2022-07-14 02:38:07,188 [s0-client-thread1] TRACE segmented.SegmentedRaftLogCache (AutoCloseableReadWriteLock.java:logLocking(65)) - s0@group-E8AE2E048FCA: readLock ACQUIRED 1 by SegmentedRaftLogCache.getLastTermIndex
2022-07-14 02:38:07,188 [s0-client-thread1] TRACE segmented.SegmentedRaftLogCache (AutoCloseableReadWriteLock.java:logLocking(65)) - s0@group-E8AE2E048FCA: readLock RELEASED 0 by SegmentedRaftLogCache.getLastTermIndex
2022-07-14 02:38:07,188 [s0-client-thread1] TRACE segmented.SegmentedRaftLogCache (AutoCloseableReadWriteLock.java:logLocking(65)) - s0@group-E8AE2E048FCA: readLock ACQUIRED 1 by SegmentedRaftLogCache$LogSegmentList.countCached
2022-07-14 02:38:07,188 [s0-client-thread1] TRACE segmented.SegmentedRaftLogCache (AutoCloseableReadWriteLock.java:logLocking(65)) - s0@group-E8AE2E048FCA: readLock RELEASED 0 by SegmentedRaftLogCache$LogSegmentList.countCached
2022-07-14 02:38:07,188 [s0-client-thread1] TRACE segmented.SegmentedRaftLogCache (AutoCloseableReadWriteLock.java:logLocking(65)) - s0@group-E8AE2E048FCA: readLock ACQUIRED 1 by SegmentedRaftLogCache$LogSegmentList.getTotalCacheSize
2022-07-14 02:38:07,188 [s0-client-thread1] TRACE segmented.SegmentedRaftLogCache (AutoCloseableReadWriteLock.java:logLocking(65)) - s0@group-E8AE2E048FCA: readLock RELEASED 0 by SegmentedRaftLogCache$LogSegmentList.getTotalCacheSize
2022-07-14 02:38:07,188 [s0-client-thread1] DEBUG segmented.SegmentedRaftLogWorker (SegmentedRaftLogWorker.java:addIOTask(270)) - s0@group-E8AE2E048FCA-SegmentedRaftLogWorker adds IO task WriteLog:1: (t:1, i:1), STATEMACHINELOGENTRY, StateMachineLogEntryProto:328@client-4187B1F4E061
2022-07-14 02:38:07,189 [s0@group-E8AE2E048FCA-SegmentedRaftLogWorker] DEBUG segmented.SegmentedRaftLogWorker (SegmentedRaftLogWorker.java:flushIfNecessary(365)) - s0@group-E8AE2E048FCA-SegmentedRaftLogWorker: flush SegmentedRaftLogOutputStream(/home/runner/work/ratis/ratis/ratis-test/target/test/data/f69c223b/MiniRaftClusterWithSimulatedRpc37250022/s0/24813b6b-21de-410f-95d3-e8ae2e048fca/current/log_inprogress_0)
2022-07-14 02:38:07,190 [s0@group-E8AE2E048FCA-LeaderStateImpl] TRACE segmented.SegmentedRaftLogCache (AutoCloseableReadWriteLock.java:logLocking(65)) - s0@group-E8AE2E048FCA: readLock ACQUIRED 1 by SegmentedRaftLogCache.getStartIndex
2022-07-14 02:38:07,190 [s0@group-E8AE2E048FCA-LeaderStateImpl] TRACE segmented.SegmentedRaftLogCache (AutoCloseableReadWriteLock.java:logLocking(65)) -   s0@group-E8AE2E048FCA: readLock ACQUIRED 2 by SegmentedRaftLogCache$LogSegmentList.isEmpty
2022-07-14 02:38:07,190 [s0@group-E8AE2E048FCA-LeaderStateImpl] TRACE segmented.SegmentedRaftLogCache (AutoCloseableReadWriteLock.java:logLocking(65)) -   s0@group-E8AE2E048FCA: readLock RELEASED 1 by SegmentedRaftLogCache$LogSegmentList.isEmpty
2022-07-14 02:38:07,190 [s0@group-E8AE2E048FCA-LeaderStateImpl] TRACE segmented.SegmentedRaftLogCache (AutoCloseableReadWriteLock.java:logLocking(65)) - s0@group-E8AE2E048FCA: readLock RELEASED 0 by SegmentedRaftLogCache.getStartIndex
2022-07-14 02:38:07,190 [s0@group-E8AE2E048FCA-LeaderStateImpl] TRACE segmented.SegmentedRaftLogCache (AutoCloseableReadWriteLock.java:logLocking(65)) - s0@group-E8AE2E048FCA: readLock ACQUIRED 1 by SegmentedRaftLogCache.getEndIndex
2022-07-14 02:38:07,190 [s0@group-E8AE2E048FCA-LeaderStateImpl] TRACE segmented.SegmentedRaftLogCache (AutoCloseableReadWriteLock.java:logLocking(65)) - s0@group-E8AE2E048FCA: readLock RELEASED 0 by SegmentedRaftLogCache.getEndIndex
2022-07-14 02:38:07,190 [s0@group-E8AE2E048FCA-LeaderStateImpl] TRACE segmented.SegmentedRaftLogCache (AutoCloseableReadWriteLock.java:logLocking(65)) - s0@group-E8AE2E048FCA: readLock ACQUIRED 1 by SegmentedRaftLogCache$LogSegmentList.getTermIndex
2022-07-14 02:38:07,190 [s0@group-E8AE2E048FCA-LeaderStateImpl] TRACE segmented.SegmentedRaftLogCache (AutoCloseableReadWriteLock.java:logLocking(65)) - s0@group-E8AE2E048FCA: readLock RELEASED 0 by SegmentedRaftLogCache$LogSegmentList.getTermIndex
2022-07-14 02:38:07,190 [s0@group-E8AE2E048FCA-LeaderStateImpl] TRACE segmented.SegmentedRaftLogCache (AutoCloseableReadWriteLock.java:logLocking(65)) - s0@group-E8AE2E048FCA: readLock ACQUIRED 1 by SegmentedRaftLogCache.getLastTermIndex
2022-07-14 02:38:07,190 [s0@group-E8AE2E048FCA-LeaderStateImpl] TRACE segmented.SegmentedRaftLogCache (AutoCloseableReadWriteLock.java:logLocking(65)) - s0@group-E8AE2E048FCA: readLock RELEASED 0 by SegmentedRaftLogCache.getLastTermIndex
2022-07-14 02:38:07,191 [s0@group-E8AE2E048FCA-LeaderStateImpl] TRACE segmented.SegmentedRaftLogCache (AutoCloseableReadWriteLock.java:logLocking(65)) - s0@group-E8AE2E048FCA: readLock ACQUIRED 1 by SegmentedRaftLogCache$LogSegmentList.countCached
2022-07-14 02:38:07,191 [s0@group-E8AE2E048FCA-LeaderStateImpl] TRACE segmented.SegmentedRaftLogCache (AutoCloseableReadWriteLock.java:logLocking(65)) - s0@group-E8AE2E048FCA: readLock RELEASED 0 by SegmentedRaftLogCache$LogSegmentList.countCached
2022-07-14 02:38:07,191 [s0@group-E8AE2E048FCA-LeaderStateImpl] TRACE segmented.SegmentedRaftLogCache (AutoCloseableReadWriteLock.java:logLocking(65)) - s0@group-E8AE2E048FCA: readLock ACQUIRED 1 by SegmentedRaftLogCache$LogSegmentList.getTotalCacheSize
2022-07-14 02:38:07,191 [s0@group-E8AE2E048FCA-LeaderStateImpl] TRACE segmented.SegmentedRaftLogCache (AutoCloseableReadWriteLock.java:logLocking(65)) - s0@group-E8AE2E048FCA: readLock RELEASED 0 by SegmentedRaftLogCache$LogSegmentList.getTotalCacheSize
2022-07-14 02:38:07,191 [s0@group-E8AE2E048FCA-LeaderStateImpl] DEBUG segmented.SegmentedRaftLogWorker (SegmentedRaftLogWorker.java:addIOTask(270)) - s0@group-E8AE2E048FCA-SegmentedRaftLogWorker adds IO task WriteLog:2: (t:1, i:2), METADATAENTRY(c:1)
2022-07-14 02:38:07,191 [s0@group-E8AE2E048FCA-StateMachineUpdater] INFO  statemachine.SimpleStateMachine4Testing (SimpleStateMachine4Testing.java:put(204)) - s0: put 1, m0 -> (t:1, i:1), STATEMACHINELOGENTRY, 328@client-4187B1F4E061
2022-07-14 02:38:07,191 [s0@group-E8AE2E048FCA-SegmentedRaftLogWorker] DEBUG segmented.SegmentedRaftLogWorker (SegmentedRaftLogWorker.java:flushIfNecessary(365)) - s0@group-E8AE2E048FCA-SegmentedRaftLogWorker: flush SegmentedRaftLogOutputStream(/home/runner/work/ratis/ratis/ratis-test/target/test/data/f69c223b/MiniRaftClusterWithSimulatedRpc37250022/s0/24813b6b-21de-410f-95d3-e8ae2e048fca/current/log_inprogress_0)
2022-07-14 02:38:07,194 [s0@group-E8AE2E048FCA-LeaderStateImpl] TRACE segmented.SegmentedRaftLogCache (AutoCloseableReadWriteLock.java:logLocking(65)) - s0@group-E8AE2E048FCA: readLock ACQUIRED 1 by SegmentedRaftLogCache.getStartIndex
2022-07-14 02:38:07,194 [s0@group-E8AE2E048FCA-LeaderStateImpl] TRACE segmented.SegmentedRaftLogCache (AutoCloseableReadWriteLock.java:logLocking(65)) -   s0@group-E8AE2E048FCA: readLock ACQUIRED 2 by SegmentedRaftLogCache$LogSegmentList.isEmpty
2022-07-14 02:38:07,194 [s0@group-E8AE2E048FCA-LeaderStateImpl] TRACE segmented.SegmentedRaftLogCache (AutoCloseableReadWriteLock.java:logLocking(65)) -   s0@group-E8AE2E048FCA: readLock RELEASED 1 by SegmentedRaftLogCache$LogSegmentList.isEmpty
2022-07-14 02:38:07,195 [s0@group-E8AE2E048FCA-LeaderStateImpl] TRACE segmented.SegmentedRaftLogCache (AutoCloseableReadWriteLock.java:logLocking(65)) - s0@group-E8AE2E048FCA: readLock RELEASED 0 by SegmentedRaftLogCache.getStartIndex
2022-07-14 02:38:07,195 [s0@group-E8AE2E048FCA-LeaderStateImpl] TRACE segmented.SegmentedRaftLogCache (AutoCloseableReadWriteLock.java:logLocking(65)) - s0@group-E8AE2E048FCA: readLock ACQUIRED 1 by SegmentedRaftLogCache.getEndIndex
2022-07-14 02:38:07,195 [s0@group-E8AE2E048FCA-LeaderStateImpl] TRACE segmented.SegmentedRaftLogCache (AutoCloseableReadWriteLock.java:logLocking(65)) - s0@group-E8AE2E048FCA: readLock RELEASED 0 by SegmentedRaftLogCache.getEndIndex
2022-07-14 02:38:07,195 [s0@group-E8AE2E048FCA-LeaderStateImpl] TRACE segmented.SegmentedRaftLogCache (AutoCloseableReadWriteLock.java:logLocking(65)) - s0@group-E8AE2E048FCA: readLock ACQUIRED 1 by SegmentedRaftLogCache$LogSegmentList.getTermIndex
2022-07-14 02:38:07,195 [s0@group-E8AE2E048FCA-LeaderStateImpl] TRACE segmented.SegmentedRaftLogCache (AutoCloseableReadWriteLock.java:logLocking(65)) - s0@group-E8AE2E048FCA: readLock RELEASED 0 by SegmentedRaftLogCache$LogSegmentList.getTermIndex
2022-07-14 02:38:07,197 [s0-client-thread1] TRACE segmented.SegmentedRaftLogCache (AutoCloseableReadWriteLock.java:logLocking(65)) - s0@group-E8AE2E048FCA: readLock ACQUIRED 1 by SegmentedRaftLogCache.getLastTermIndex
2022-07-14 02:38:07,197 [s0-client-thread1] TRACE segmented.SegmentedRaftLogCache (AutoCloseableReadWriteLock.java:logLocking(65)) - s0@group-E8AE2E048FCA: readLock RELEASED 0 by SegmentedRaftLogCache.getLastTermIndex
2022-07-14 02:38:07,197 [s0-client-thread1] TRACE segmented.SegmentedRaftLogCache (AutoCloseableReadWriteLock.java:logLocking(65)) - s0@group-E8AE2E048FCA: readLock ACQUIRED 1 by SegmentedRaftLogCache.getLastTermIndex
2022-07-14 02:38:07,197 [s0-client-thread1] TRACE segmented.SegmentedRaftLogCache (AutoCloseableReadWriteLock.java:logLocking(65)) - s0@group-E8AE2E048FCA: readLock RELEASED 0 by SegmentedRaftLogCache.getLastTermIndex
2022-07-14 02:38:07,197 [s0-client-thread1] TRACE segmented.SegmentedRaftLogCache (AutoCloseableReadWriteLock.java:logLocking(65)) - s0@group-E8AE2E048FCA: readLock ACQUIRED 1 by SegmentedRaftLogCache$LogSegmentList.countCached
2022-07-14 02:38:07,197 [s0-client-thread1] TRACE segmented.SegmentedRaftLogCache (AutoCloseableReadWriteLock.java:logLocking(65)) - s0@group-E8AE2E048FCA: readLock RELEASED 0 by SegmentedRaftLogCache$LogSegmentList.countCached
2022-07-14 02:38:07,197 [s0-client-thread1] TRACE segmented.SegmentedRaftLogCache (AutoCloseableReadWriteLock.java:logLocking(65)) - s0@group-E8AE2E048FCA: readLock ACQUIRED 1 by SegmentedRaftLogCache$LogSegmentList.getTotalCacheSize
2022-07-14 02:38:07,197 [s0-client-thread1] TRACE segmented.SegmentedRaftLogCache (AutoCloseableReadWriteLock.java:logLocking(65)) - s0@group-E8AE2E048FCA: readLock RELEASED 0 by SegmentedRaftLogCache$LogSegmentList.getTotalCacheSize
2022-07-14 02:38:07,197 [s0-client-thread1] DEBUG segmented.SegmentedRaftLogWorker (SegmentedRaftLogWorker.java:addIOTask(270)) - s0@group-E8AE2E048FCA-SegmentedRaftLogWorker adds IO task WriteLog:3: (t:1, i:3), STATEMACHINELOGENTRY, StateMachineLogEntryProto:329@client-4187B1F4E061
2022-07-14 02:38:07,197 [s0@group-E8AE2E048FCA-SegmentedRaftLogWorker] DEBUG segmented.SegmentedRaftLogWorker (SegmentedRaftLogWorker.java:flushIfNecessary(365)) - s0@group-E8AE2E048FCA-SegmentedRaftLogWorker: flush SegmentedRaftLogOutputStream(/home/runner/work/ratis/ratis/ratis-test/target/test/data/f69c223b/MiniRaftClusterWithSimulatedRpc37250022/s0/24813b6b-21de-410f-95d3-e8ae2e048fca/current/log_inprogress_0)
2022-07-14 02:38:07,198 [s0@group-E8AE2E048FCA-LeaderStateImpl] TRACE segmented.SegmentedRaftLogCache (AutoCloseableReadWriteLock.java:logLocking(65)) - s0@group-E8AE2E048FCA: readLock ACQUIRED 1 by SegmentedRaftLogCache.getStartIndex
2022-07-14 02:38:07,198 [s0@group-E8AE2E048FCA-LeaderStateImpl] TRACE segmented.SegmentedRaftLogCache (AutoCloseableReadWriteLock.java:logLocking(65)) -   s0@group-E8AE2E048FCA: readLock ACQUIRED 2 by SegmentedRaftLogCache$LogSegmentList.isEmpty
2022-07-14 02:38:07,198 [s0@group-E8AE2E048FCA-LeaderStateImpl] TRACE segmented.SegmentedRaftLogCache (AutoCloseableReadWriteLock.java:logLocking(65)) -   s0@group-E8AE2E048FCA: readLock RELEASED 1 by SegmentedRaftLogCache$LogSegmentList.isEmpty
2022-07-14 02:38:07,198 [s0@group-E8AE2E048FCA-LeaderStateImpl] TRACE segmented.SegmentedRaftLogCache (AutoCloseableReadWriteLock.java:logLocking(65)) - s0@group-E8AE2E048FCA: readLock RELEASED 0 by SegmentedRaftLogCache.getStartIndex
2022-07-14 02:38:07,198 [s0@group-E8AE2E048FCA-LeaderStateImpl] TRACE segmented.SegmentedRaftLogCache (AutoCloseableReadWriteLock.java:logLocking(65)) - s0@group-E8AE2E048FCA: readLock ACQUIRED 1 by SegmentedRaftLogCache.getEndIndex
2022-07-14 02:38:07,198 [s0@group-E8AE2E048FCA-LeaderStateImpl] TRACE segmented.SegmentedRaftLogCache (AutoCloseableReadWriteLock.java:logLocking(65)) - s0@group-E8AE2E048FCA: readLock RELEASED 0 by SegmentedRaftLogCache.getEndIndex
2022-07-14 02:38:07,198 [s0@group-E8AE2E048FCA-LeaderStateImpl] TRACE segmented.SegmentedRaftLogCache (AutoCloseableReadWriteLock.java:logLocking(65)) - s0@group-E8AE2E048FCA: readLock ACQUIRED 1 by SegmentedRaftLogCache$LogSegmentList.getTermIndex
2022-07-14 02:38:07,198 [s0@group-E8AE2E048FCA-LeaderStateImpl] TRACE segmented.SegmentedRaftLogCache (AutoCloseableReadWriteLock.java:logLocking(65)) - s0@group-E8AE2E048FCA: readLock RELEASED 0 by SegmentedRaftLogCache$LogSegmentList.getTermIndex
2022-07-14 02:38:07,198 [s0@group-E8AE2E048FCA-LeaderStateImpl] TRACE segmented.SegmentedRaftLogCache (AutoCloseableReadWriteLock.java:logLocking(65)) - s0@group-E8AE2E048FCA: readLock ACQUIRED 1 by SegmentedRaftLogCache.getLastTermIndex
2022-07-14 02:38:07,198 [s0@group-E8AE2E048FCA-LeaderStateImpl] TRACE segmented.SegmentedRaftLogCache (AutoCloseableReadWriteLock.java:logLocking(65)) - s0@group-E8AE2E048FCA: readLock RELEASED 0 by SegmentedRaftLogCache.getLastTermIndex
2022-07-14 02:38:07,198 [s0@group-E8AE2E048FCA-LeaderStateImpl] TRACE segmented.SegmentedRaftLogCache (AutoCloseableReadWriteLock.java:logLocking(65)) - s0@group-E8AE2E048FCA: readLock ACQUIRED 1 by SegmentedRaftLogCache$LogSegmentList.countCached
2022-07-14 02:38:07,199 [s0@group-E8AE2E048FCA-LeaderStateImpl] TRACE segmented.SegmentedRaftLogCache (AutoCloseableReadWriteLock.java:logLocking(65)) - s0@group-E8AE2E048FCA: readLock RELEASED 0 by SegmentedRaftLogCache$LogSegmentList.countCached
2022-07-14 02:38:07,199 [s0@group-E8AE2E048FCA-LeaderStateImpl] TRACE segmented.SegmentedRaftLogCache (AutoCloseableReadWriteLock.java:logLocking(65)) - s0@group-E8AE2E048FCA: readLock ACQUIRED 1 by SegmentedRaftLogCache$LogSegmentList.getTotalCacheSize
2022-07-14 02:38:07,199 [s0@group-E8AE2E048FCA-LeaderStateImpl] TRACE segmented.SegmentedRaftLogCache (AutoCloseableReadWriteLock.java:logLocking(65)) - s0@group-E8AE2E048FCA: readLock RELEASED 0 by SegmentedRaftLogCache$LogSegmentList.getTotalCacheSize
2022-07-14 02:38:07,199 [s0@group-E8AE2E048FCA-LeaderStateImpl] DEBUG segmented.SegmentedRaftLogWorker (SegmentedRaftLogWorker.java:addIOTask(270)) - s0@group-E8AE2E048FCA-SegmentedRaftLogWorker adds IO task WriteLog:4: (t:1, i:4), METADATAENTRY(c:3)
2022-07-14 02:38:07,199 [s0@group-E8AE2E048FCA-StateMachineUpdater] INFO  statemachine.SimpleStateMachine4Testing (SimpleStateMachine4Testing.java:put(204)) - s0: put 3, m1 -> (t:1, i:3), STATEMACHINELOGENTRY, 329@client-4187B1F4E061
2022-07-14 02:38:07,199 [s0@group-E8AE2E048FCA-SegmentedRaftLogWorker] DEBUG segmented.SegmentedRaftLogWorker (SegmentedRaftLogWorker.java:flushIfNecessary(365)) - s0@group-E8AE2E048FCA-SegmentedRaftLogWorker: flush SegmentedRaftLogOutputStream(/home/runner/work/ratis/ratis/ratis-test/target/test/data/f69c223b/MiniRaftClusterWithSimulatedRpc37250022/s0/24813b6b-21de-410f-95d3-e8ae2e048fca/current/log_inprogress_0)
2022-07-14 02:38:07,199 [s0-client-thread1] TRACE segmented.SegmentedRaftLogCache (AutoCloseableReadWriteLock.java:logLocking(65)) - s0@group-E8AE2E048FCA: readLock ACQUIRED 1 by SegmentedRaftLogCache.getLastTermIndex
2022-07-14 02:38:07,200 [s0-client-thread1] TRACE segmented.SegmentedRaftLogCache (AutoCloseableReadWriteLock.java:logLocking(65)) - s0@group-E8AE2E048FCA: readLock RELEASED 0 by SegmentedRaftLogCache.getLastTermIndex
2022-07-14 02:38:07,200 [s0-client-thread1] TRACE segmented.SegmentedRaftLogCache (AutoCloseableReadWriteLock.java:logLocking(65)) - s0@group-E8AE2E048FCA: readLock ACQUIRED 1 by SegmentedRaftLogCache.getLastTermIndex
2022-07-14 02:38:07,200 [s0-client-thread1] TRACE segmented.SegmentedRaftLogCache (AutoCloseableReadWriteLock.java:logLocking(65)) - s0@group-E8AE2E048FCA: readLock RELEASED 0 by SegmentedRaftLogCache.getLastTermIndex
2022-07-14 02:38:07,200 [s0-client-thread1] TRACE segmented.SegmentedRaftLogCache (AutoCloseableReadWriteLock.java:logLocking(65)) - s0@group-E8AE2E048FCA: readLock ACQUIRED 1 by SegmentedRaftLogCache$LogSegmentList.countCached
2022-07-14 02:38:07,200 [s0-client-thread1] TRACE segmented.SegmentedRaftLogCache (AutoCloseableReadWriteLock.java:logLocking(65)) - s0@group-E8AE2E048FCA: readLock RELEASED 0 by SegmentedRaftLogCache$LogSegmentList.countCached
2022-07-14 02:38:07,200 [s0-client-thread1] TRACE segmented.SegmentedRaftLogCache (AutoCloseableReadWriteLock.java:logLocking(65)) - s0@group-E8AE2E048FCA: readLock ACQUIRED 1 by SegmentedRaftLogCache$LogSegmentList.getTotalCacheSize
2022-07-14 02:38:07,200 [s0-client-thread1] TRACE segmented.SegmentedRaftLogCache (AutoCloseableReadWriteLock.java:logLocking(65)) - s0@group-E8AE2E048FCA: readLock RELEASED 0 by SegmentedRaftLogCache$LogSegmentList.getTotalCacheSize
2022-07-14 02:38:07,200 [s0-client-thread1] DEBUG segmented.SegmentedRaftLogWorker (SegmentedRaftLogWorker.java:addIOTask(270)) - s0@group-E8AE2E048FCA-SegmentedRaftLogWorker adds IO task WriteLog:5: (t:1, i:5), STATEMACHINELOGENTRY, StateMachineLogEntryProto:330@client-4187B1F4E061
2022-07-14 02:38:07,200 [s0@group-E8AE2E048FCA-SegmentedRaftLogWorker] DEBUG segmented.SegmentedRaftLogWorker (SegmentedRaftLogWorker.java:flushIfNecessary(365)) - s0@group-E8AE2E048FCA-SegmentedRaftLogWorker: flush SegmentedRaftLogOutputStream(/home/runner/work/ratis/ratis/ratis-test/target/test/data/f69c223b/MiniRaftClusterWithSimulatedRpc37250022/s0/24813b6b-21de-410f-95d3-e8ae2e048fca/current/log_inprogress_0)
2022-07-14 02:38:07,200 [s0@group-E8AE2E048FCA-LeaderStateImpl] TRACE segmented.SegmentedRaftLogCache (AutoCloseableReadWriteLock.java:logLocking(65)) - s0@group-E8AE2E048FCA: readLock ACQUIRED 1 by SegmentedRaftLogCache.getStartIndex
2022-07-14 02:38:07,200 [s0@group-E8AE2E048FCA-LeaderStateImpl] TRACE segmented.SegmentedRaftLogCache (AutoCloseableReadWriteLock.java:logLocking(65)) -   s0@group-E8AE2E048FCA: readLock ACQUIRED 2 by SegmentedRaftLogCache$LogSegmentList.isEmpty
2022-07-14 02:38:07,200 [s0@group-E8AE2E048FCA-LeaderStateImpl] TRACE segmented.SegmentedRaftLogCache (AutoCloseableReadWriteLock.java:logLocking(65)) -   s0@group-E8AE2E048FCA: readLock RELEASED 1 by SegmentedRaftLogCache$LogSegmentList.isEmpty
2022-07-14 02:38:07,200 [s0@group-E8AE2E048FCA-LeaderStateImpl] TRACE segmented.SegmentedRaftLogCache (AutoCloseableReadWriteLock.java:logLocking(65)) - s0@group-E8AE2E048FCA: readLock RELEASED 0 by SegmentedRaftLogCache.getStartIndex
2022-07-14 02:38:07,200 [s0@group-E8AE2E048FCA-LeaderStateImpl] TRACE segmented.SegmentedRaftLogCache (AutoCloseableReadWriteLock.java:logLocking(65)) - s0@group-E8AE2E048FCA: readLock ACQUIRED 1 by SegmentedRaftLogCache.getEndIndex
2022-07-14 02:38:07,200 [s0@group-E8AE2E048FCA-LeaderStateImpl] TRACE segmented.SegmentedRaftLogCache (AutoCloseableReadWriteLock.java:logLocking(65)) - s0@group-E8AE2E048FCA: readLock RELEASED 0 by SegmentedRaftLogCache.getEndIndex
2022-07-14 02:38:07,201 [s0@group-E8AE2E048FCA-LeaderStateImpl] TRACE segmented.SegmentedRaftLogCache (AutoCloseableReadWriteLock.java:logLocking(65)) - s0@group-E8AE2E048FCA: readLock ACQUIRED 1 by SegmentedRaftLogCache$LogSegmentList.getTermIndex
2022-07-14 02:38:07,201 [s0@group-E8AE2E048FCA-LeaderStateImpl] TRACE segmented.SegmentedRaftLogCache (AutoCloseableReadWriteLock.java:logLocking(65)) - s0@group-E8AE2E048FCA: readLock RELEASED 0 by SegmentedRaftLogCache$LogSegmentList.getTermIndex
2022-07-14 02:38:07,201 [s0@group-E8AE2E048FCA-LeaderStateImpl] TRACE segmented.SegmentedRaftLogCache (AutoCloseableReadWriteLock.java:logLocking(65)) - s0@group-E8AE2E048FCA: readLock ACQUIRED 1 by SegmentedRaftLogCache.getStartIndex
2022-07-14 02:38:07,201 [s0@group-E8AE2E048FCA-LeaderStateImpl] TRACE segmented.SegmentedRaftLogCache (AutoCloseableReadWriteLock.java:logLocking(65)) -   s0@group-E8AE2E048FCA: readLock ACQUIRED 2 by SegmentedRaftLogCache$LogSegmentList.isEmpty
2022-07-14 02:38:07,201 [s0@group-E8AE2E048FCA-LeaderStateImpl] TRACE segmented.SegmentedRaftLogCache (AutoCloseableReadWriteLock.java:logLocking(65)) -   s0@group-E8AE2E048FCA: readLock RELEASED 1 by SegmentedRaftLogCache$LogSegmentList.isEmpty
2022-07-14 02:38:07,201 [s0@group-E8AE2E048FCA-LeaderStateImpl] TRACE segmented.SegmentedRaftLogCache (AutoCloseableReadWriteLock.java:logLocking(65)) - s0@group-E8AE2E048FCA: readLock RELEASED 0 by SegmentedRaftLogCache.getStartIndex
2022-07-14 02:38:07,201 [s0@group-E8AE2E048FCA-LeaderStateImpl] TRACE segmented.SegmentedRaftLogCache (AutoCloseableReadWriteLock.java:logLocking(65)) - s0@group-E8AE2E048FCA: readLock ACQUIRED 1 by SegmentedRaftLogCache.getEndIndex
2022-07-14 02:38:07,201 [s0@group-E8AE2E048FCA-LeaderStateImpl] TRACE segmented.SegmentedRaftLogCache (AutoCloseableReadWriteLock.java:logLocking(65)) - s0@group-E8AE2E048FCA: readLock RELEASED 0 by SegmentedRaftLogCache.getEndIndex
2022-07-14 02:38:07,201 [s0@group-E8AE2E048FCA-LeaderStateImpl] TRACE segmented.SegmentedRaftLogCache (AutoCloseableReadWriteLock.java:logLocking(65)) - s0@group-E8AE2E048FCA: readLock ACQUIRED 1 by SegmentedRaftLogCache$LogSegmentList.getTermIndex
2022-07-14 02:38:07,201 [s0@group-E8AE2E048FCA-LeaderStateImpl] TRACE segmented.SegmentedRaftLogCache (AutoCloseableReadWriteLock.java:logLocking(65)) - s0@group-E8AE2E048FCA: readLock RELEASED 0 by SegmentedRaftLogCache$LogSegmentList.getTermIndex
2022-07-14 02:38:07,201 [s0@group-E8AE2E048FCA-StateMachineUpdater] INFO  statemachine.SimpleStateMachine4Testing (SimpleStateMachine4Testing.java:put(204)) - s0: put 5, m2 -> (t:1, i:5), STATEMACHINELOGENTRY, 330@client-4187B1F4E061
2022-07-14 02:38:07,201 [s0@group-E8AE2E048FCA-LeaderStateImpl] TRACE segmented.SegmentedRaftLogCache (AutoCloseableReadWriteLock.java:logLocking(65)) - s0@group-E8AE2E048FCA: readLock ACQUIRED 1 by SegmentedRaftLogCache.getLastTermIndex
2022-07-14 02:38:07,201 [s0@group-E8AE2E048FCA-LeaderStateImpl] TRACE segmented.SegmentedRaftLogCache (AutoCloseableReadWriteLock.java:logLocking(65)) - s0@group-E8AE2E048FCA: readLock RELEASED 0 by SegmentedRaftLogCache.getLastTermIndex
2022-07-14 02:38:07,201 [s0@group-E8AE2E048FCA-LeaderStateImpl] TRACE segmented.SegmentedRaftLogCache (AutoCloseableReadWriteLock.java:logLocking(65)) - s0@group-E8AE2E048FCA: readLock ACQUIRED 1 by SegmentedRaftLogCache$LogSegmentList.countCached
2022-07-14 02:38:07,202 [s0@group-E8AE2E048FCA-LeaderStateImpl] TRACE segmented.SegmentedRaftLogCache (AutoCloseableReadWriteLock.java:logLocking(65)) - s0@group-E8AE2E048FCA: readLock RELEASED 0 by SegmentedRaftLogCache$LogSegmentList.countCached
2022-07-14 02:38:07,202 [s0@group-E8AE2E048FCA-LeaderStateImpl] TRACE segmented.SegmentedRaftLogCache (AutoCloseableReadWriteLock.java:logLocking(65)) - s0@group-E8AE2E048FCA: readLock ACQUIRED 1 by SegmentedRaftLogCache$LogSegmentList.getTotalCacheSize
2022-07-14 02:38:07,202 [s0@group-E8AE2E048FCA-LeaderStateImpl] TRACE segmented.SegmentedRaftLogCache (AutoCloseableReadWriteLock.java:logLocking(65)) - s0@group-E8AE2E048FCA: readLock RELEASED 0 by SegmentedRaftLogCache$LogSegmentList.getTotalCacheSize
2022-07-14 02:38:07,202 [s0@group-E8AE2E048FCA-LeaderStateImpl] DEBUG segmented.SegmentedRaftLogWorker (SegmentedRaftLogWorker.java:addIOTask(270)) - s0@group-E8AE2E048FCA-SegmentedRaftLogWorker adds IO task WriteLog:6: (t:1, i:6), METADATAENTRY(c:5)
2022-07-14 02:38:07,202 [s0@group-E8AE2E048FCA-SegmentedRaftLogWorker] DEBUG segmented.SegmentedRaftLogWorker (SegmentedRaftLogWorker.java:flushIfNecessary(365)) - s0@group-E8AE2E048FCA-SegmentedRaftLogWorker: flush SegmentedRaftLogOutputStream(/home/runner/work/ratis/ratis/ratis-test/target/test/data/f69c223b/MiniRaftClusterWithSimulatedRpc37250022/s0/24813b6b-21de-410f-95d3-e8ae2e048fca/current/log_inprogress_0)
2022-07-14 02:38:07,202 [s0@group-E8AE2E048FCA-LeaderStateImpl] TRACE segmented.SegmentedRaftLogCache (AutoCloseableReadWriteLock.java:logLocking(65)) - s0@group-E8AE2E048FCA: readLock ACQUIRED 1 by SegmentedRaftLogCache.getStartIndex
2022-07-14 02:38:07,202 [s0@group-E8AE2E048FCA-LeaderStateImpl] TRACE segmented.SegmentedRaftLogCache (AutoCloseableReadWriteLock.java:logLocking(65)) -   s0@group-E8AE2E048FCA: readLock ACQUIRED 2 by SegmentedRaftLogCache$LogSegmentList.isEmpty
2022-07-14 02:38:07,202 [s0@group-E8AE2E048FCA-LeaderStateImpl] TRACE segmented.SegmentedRaftLogCache (AutoCloseableReadWriteLock.java:logLocking(65)) -   s0@group-E8AE2E048FCA: readLock RELEASED 1 by SegmentedRaftLogCache$LogSegmentList.isEmpty
2022-07-14 02:38:07,202 [s0@group-E8AE2E048FCA-LeaderStateImpl] TRACE segmented.SegmentedRaftLogCache (AutoCloseableReadWriteLock.java:logLocking(65)) - s0@group-E8AE2E048FCA: readLock RELEASED 0 by SegmentedRaftLogCache.getStartIndex
2022-07-14 02:38:07,202 [s0@group-E8AE2E048FCA-LeaderStateImpl] TRACE segmented.SegmentedRaftLogCache (AutoCloseableReadWriteLock.java:logLocking(65)) - s0@group-E8AE2E048FCA: readLock ACQUIRED 1 by SegmentedRaftLogCache.getEndIndex
2022-07-14 02:38:07,202 [s0@group-E8AE2E048FCA-LeaderStateImpl] TRACE segmented.SegmentedRaftLogCache (AutoCloseableReadWriteLock.java:logLocking(65)) - s0@group-E8AE2E048FCA: readLock RELEASED 0 by SegmentedRaftLogCache.getEndIndex
2022-07-14 02:38:07,203 [s0@group-E8AE2E048FCA-LeaderStateImpl] TRACE segmented.SegmentedRaftLogCache (AutoCloseableReadWriteLock.java:logLocking(65)) - s0@group-E8AE2E048FCA: readLock ACQUIRED 1 by SegmentedRaftLogCache$LogSegmentList.getTermIndex
2022-07-14 02:38:07,203 [s0@group-E8AE2E048FCA-LeaderStateImpl] TRACE segmented.SegmentedRaftLogCache (AutoCloseableReadWriteLock.java:logLocking(65)) - s0@group-E8AE2E048FCA: readLock RELEASED 0 by SegmentedRaftLogCache$LogSegmentList.getTermIndex
2022-07-14 02:38:07,204 [s0-client-thread1] TRACE segmented.SegmentedRaftLogCache (AutoCloseableReadWriteLock.java:logLocking(65)) - s0@group-E8AE2E048FCA: readLock ACQUIRED 1 by SegmentedRaftLogCache.getLastTermIndex
2022-07-14 02:38:07,205 [s0-client-thread1] TRACE segmented.SegmentedRaftLogCache (AutoCloseableReadWriteLock.java:logLocking(65)) - s0@group-E8AE2E048FCA: readLock RELEASED 0 by SegmentedRaftLogCache.getLastTermIndex
2022-07-14 02:38:07,205 [s0-client-thread1] TRACE segmented.SegmentedRaftLogCache (AutoCloseableReadWriteLock.java:logLocking(65)) - s0@group-E8AE2E048FCA: readLock ACQUIRED 1 by SegmentedRaftLogCache.getLastTermIndex
2022-07-14 02:38:07,205 [s0-client-thread1] TRACE segmented.SegmentedRaftLogCache (AutoCloseableReadWriteLock.java:logLocking(65)) - s0@group-E8AE2E048FCA: readLock RELEASED 0 by SegmentedRaftLogCache.getLastTermIndex
2022-07-14 02:38:07,205 [s0-client-thread1] TRACE segmented.SegmentedRaftLogCache (AutoCloseableReadWriteLock.java:logLocking(65)) - s0@group-E8AE2E048FCA: readLock ACQUIRED 1 by SegmentedRaftLogCache$LogSegmentList.countCached
2022-07-14 02:38:07,205 [s0-client-thread1] TRACE segmented.SegmentedRaftLogCache (AutoCloseableReadWriteLock.java:logLocking(65)) - s0@group-E8AE2E048FCA: readLock RELEASED 0 by SegmentedRaftLogCache$LogSegmentList.countCached
2022-07-14 02:38:07,205 [s0-client-thread1] TRACE segmented.SegmentedRaftLogCache (AutoCloseableReadWriteLock.java:logLocking(65)) - s0@group-E8AE2E048FCA: readLock ACQUIRED 1 by SegmentedRaftLogCache$LogSegmentList.getTotalCacheSize
2022-07-14 02:38:07,205 [s0-client-thread1] TRACE segmented.SegmentedRaftLogCache (AutoCloseableReadWriteLock.java:logLocking(65)) - s0@group-E8AE2E048FCA: readLock RELEASED 0 by SegmentedRaftLogCache$LogSegmentList.getTotalCacheSize
2022-07-14 02:38:07,205 [s0-client-thread1] DEBUG segmented.SegmentedRaftLogWorker (SegmentedRaftLogWorker.java:addIOTask(270)) - s0@group-E8AE2E048FCA-SegmentedRaftLogWorker adds IO task WriteLog:7: (t:1, i:7), STATEMACHINELOGENTRY, StateMachineLogEntryProto:331@client-4187B1F4E061
2022-07-14 02:38:07,205 [s0@group-E8AE2E048FCA-SegmentedRaftLogWorker] DEBUG segmented.SegmentedRaftLogWorker (SegmentedRaftLogWorker.java:flushIfNecessary(365)) - s0@group-E8AE2E048FCA-SegmentedRaftLogWorker: flush SegmentedRaftLogOutputStream(/home/runner/work/ratis/ratis/ratis-test/target/test/data/f69c223b/MiniRaftClusterWithSimulatedRpc37250022/s0/24813b6b-21de-410f-95d3-e8ae2e048fca/current/log_inprogress_0)
2022-07-14 02:38:07,207 [s0@group-E8AE2E048FCA-LeaderStateImpl] TRACE segmented.SegmentedRaftLogCache (AutoCloseableReadWriteLock.java:logLocking(65)) - s0@group-E8AE2E048FCA: readLock ACQUIRED 1 by SegmentedRaftLogCache.getStartIndex
2022-07-14 02:38:07,207 [s0@group-E8AE2E048FCA-LeaderStateImpl] TRACE segmented.SegmentedRaftLogCache (AutoCloseableReadWriteLock.java:logLocking(65)) -   s0@group-E8AE2E048FCA: readLock ACQUIRED 2 by SegmentedRaftLogCache$LogSegmentList.isEmpty
2022-07-14 02:38:07,207 [s0@group-E8AE2E048FCA-LeaderStateImpl] TRACE segmented.SegmentedRaftLogCache (AutoCloseableReadWriteLock.java:logLocking(65)) -   s0@group-E8AE2E048FCA: readLock RELEASED 1 by SegmentedRaftLogCache$LogSegmentList.isEmpty
2022-07-14 02:38:07,207 [s0@group-E8AE2E048FCA-LeaderStateImpl] TRACE segmented.SegmentedRaftLogCache (AutoCloseableReadWriteLock.java:logLocking(65)) - s0@group-E8AE2E048FCA: readLock RELEASED 0 by SegmentedRaftLogCache.getStartIndex
2022-07-14 02:38:07,207 [s0@group-E8AE2E048FCA-LeaderStateImpl] TRACE segmented.SegmentedRaftLogCache (AutoCloseableReadWriteLock.java:logLocking(65)) - s0@group-E8AE2E048FCA: readLock ACQUIRED 1 by SegmentedRaftLogCache.getEndIndex
2022-07-14 02:38:07,207 [s0@group-E8AE2E048FCA-LeaderStateImpl] TRACE segmented.SegmentedRaftLogCache (AutoCloseableReadWriteLock.java:logLocking(65)) - s0@group-E8AE2E048FCA: readLock RELEASED 0 by SegmentedRaftLogCache.getEndIndex
2022-07-14 02:38:07,207 [s0@group-E8AE2E048FCA-LeaderStateImpl] TRACE segmented.SegmentedRaftLogCache (AutoCloseableReadWriteLock.java:logLocking(65)) - s0@group-E8AE2E048FCA: readLock ACQUIRED 1 by SegmentedRaftLogCache$LogSegmentList.getTermIndex
2022-07-14 02:38:07,207 [s0@group-E8AE2E048FCA-LeaderStateImpl] TRACE segmented.SegmentedRaftLogCache (AutoCloseableReadWriteLock.java:logLocking(65)) - s0@group-E8AE2E048FCA: readLock RELEASED 0 by SegmentedRaftLogCache$LogSegmentList.getTermIndex
2022-07-14 02:38:07,207 [s0@group-E8AE2E048FCA-StateMachineUpdater] INFO  statemachine.SimpleStateMachine4Testing (SimpleStateMachine4Testing.java:put(204)) - s0: put 7, m3 -> (t:1, i:7), STATEMACHINELOGENTRY, 331@client-4187B1F4E061
2022-07-14 02:38:07,207 [s0@group-E8AE2E048FCA-LeaderStateImpl] TRACE segmented.SegmentedRaftLogCache (AutoCloseableReadWriteLock.java:logLocking(65)) - s0@group-E8AE2E048FCA: readLock ACQUIRED 1 by SegmentedRaftLogCache.getLastTermIndex
2022-07-14 02:38:07,207 [s0@group-E8AE2E048FCA-LeaderStateImpl] TRACE segmented.SegmentedRaftLogCache (AutoCloseableReadWriteLock.java:logLocking(65)) - s0@group-E8AE2E048FCA: readLock RELEASED 0 by SegmentedRaftLogCache.getLastTermIndex
2022-07-14 02:38:07,207 [s0@group-E8AE2E048FCA-LeaderStateImpl] TRACE segmented.SegmentedRaftLogCache (AutoCloseableReadWriteLock.java:logLocking(65)) - s0@group-E8AE2E048FCA: readLock ACQUIRED 1 by SegmentedRaftLogCache$LogSegmentList.countCached
2022-07-14 02:38:07,207 [s0@group-E8AE2E048FCA-LeaderStateImpl] TRACE segmented.SegmentedRaftLogCache (AutoCloseableReadWriteLock.java:logLocking(65)) - s0@group-E8AE2E048FCA: readLock RELEASED 0 by SegmentedRaftLogCache$LogSegmentList.countCached
2022-07-14 02:38:07,208 [s0@group-E8AE2E048FCA-LeaderStateImpl] TRACE segmented.SegmentedRaftLogCache (AutoCloseableReadWriteLock.java:logLocking(65)) - s0@group-E8AE2E048FCA: readLock ACQUIRED 1 by SegmentedRaftLogCache$LogSegmentList.getTotalCacheSize
2022-07-14 02:38:07,208 [s0@group-E8AE2E048FCA-LeaderStateImpl] TRACE segmented.SegmentedRaftLogCache (AutoCloseableReadWriteLock.java:logLocking(65)) - s0@group-E8AE2E048FCA: readLock RELEASED 0 by SegmentedRaftLogCache$LogSegmentList.getTotalCacheSize
2022-07-14 02:38:07,208 [s0@group-E8AE2E048FCA-LeaderStateImpl] DEBUG segmented.SegmentedRaftLogWorker (SegmentedRaftLogWorker.java:addIOTask(270)) - s0@group-E8AE2E048FCA-SegmentedRaftLogWorker adds IO task WriteLog:8: (t:1, i:8), METADATAENTRY(c:7)
2022-07-14 02:38:07,208 [s0@group-E8AE2E048FCA-SegmentedRaftLogWorker] DEBUG segmented.SegmentedRaftLogWorker (SegmentedRaftLogWorker.java:flushIfNecessary(365)) - s0@group-E8AE2E048FCA-SegmentedRaftLogWorker: flush SegmentedRaftLogOutputStream(/home/runner/work/ratis/ratis/ratis-test/target/test/data/f69c223b/MiniRaftClusterWithSimulatedRpc37250022/s0/24813b6b-21de-410f-95d3-e8ae2e048fca/current/log_inprogress_0)
2022-07-14 02:38:07,208 [s0-client-thread1] TRACE segmented.SegmentedRaftLogCache (AutoCloseableReadWriteLock.java:logLocking(65)) - s0@group-E8AE2E048FCA: readLock ACQUIRED 1 by SegmentedRaftLogCache.getLastTermIndex
2022-07-14 02:38:07,208 [s0-client-thread1] TRACE segmented.SegmentedRaftLogCache (AutoCloseableReadWriteLock.java:logLocking(65)) - s0@group-E8AE2E048FCA: readLock RELEASED 0 by SegmentedRaftLogCache.getLastTermIndex
2022-07-14 02:38:07,208 [s0-client-thread1] TRACE segmented.SegmentedRaftLogCache (AutoCloseableReadWriteLock.java:logLocking(65)) - s0@group-E8AE2E048FCA: readLock ACQUIRED 1 by SegmentedRaftLogCache.getLastTermIndex
2022-07-14 02:38:07,208 [s0-client-thread1] TRACE segmented.SegmentedRaftLogCache (AutoCloseableReadWriteLock.java:logLocking(65)) - s0@group-E8AE2E048FCA: readLock RELEASED 0 by SegmentedRaftLogCache.getLastTermIndex
2022-07-14 02:38:07,208 [s0-client-thread1] TRACE segmented.SegmentedRaftLogCache (AutoCloseableReadWriteLock.java:logLocking(65)) - s0@group-E8AE2E048FCA: readLock ACQUIRED 1 by SegmentedRaftLogCache$LogSegmentList.countCached
2022-07-14 02:38:07,208 [s0-client-thread1] TRACE segmented.SegmentedRaftLogCache (AutoCloseableReadWriteLock.java:logLocking(65)) - s0@group-E8AE2E048FCA: readLock RELEASED 0 by SegmentedRaftLogCache$LogSegmentList.countCached
2022-07-14 02:38:07,208 [s0-client-thread1] TRACE segmented.SegmentedRaftLogCache (AutoCloseableReadWriteLock.java:logLocking(65)) - s0@group-E8AE2E048FCA: readLock ACQUIRED 1 by SegmentedRaftLogCache$LogSegmentList.getTotalCacheSize
2022-07-14 02:38:07,208 [s0-client-thread1] TRACE segmented.SegmentedRaftLogCache (AutoCloseableReadWriteLock.java:logLocking(65)) - s0@group-E8AE2E048FCA: readLock RELEASED 0 by SegmentedRaftLogCache$LogSegmentList.getTotalCacheSize
2022-07-14 02:38:07,208 [s0-client-thread1] DEBUG segmented.SegmentedRaftLogWorker (SegmentedRaftLogWorker.java:addIOTask(270)) - s0@group-E8AE2E048FCA-SegmentedRaftLogWorker adds IO task WriteLog:9: (t:1, i:9), STATEMACHINELOGENTRY, StateMachineLogEntryProto:332@client-4187B1F4E061
2022-07-14 02:38:07,209 [s0@group-E8AE2E048FCA-SegmentedRaftLogWorker] DEBUG segmented.SegmentedRaftLogWorker (SegmentedRaftLogWorker.java:flushIfNecessary(365)) - s0@group-E8AE2E048FCA-SegmentedRaftLogWorker: flush SegmentedRaftLogOutputStream(/home/runner/work/ratis/ratis/ratis-test/target/test/data/f69c223b/MiniRaftClusterWithSimulatedRpc37250022/s0/24813b6b-21de-410f-95d3-e8ae2e048fca/current/log_inprogress_0)
2022-07-14 02:38:07,209 [s0@group-E8AE2E048FCA-LeaderStateImpl] TRACE segmented.SegmentedRaftLogCache (AutoCloseableReadWriteLock.java:logLocking(65)) - s0@group-E8AE2E048FCA: readLock ACQUIRED 1 by SegmentedRaftLogCache.getStartIndex
2022-07-14 02:38:07,209 [s0@group-E8AE2E048FCA-LeaderStateImpl] TRACE segmented.SegmentedRaftLogCache (AutoCloseableReadWriteLock.java:logLocking(65)) -   s0@group-E8AE2E048FCA: readLock ACQUIRED 2 by SegmentedRaftLogCache$LogSegmentList.isEmpty
2022-07-14 02:38:07,209 [s0@group-E8AE2E048FCA-LeaderStateImpl] TRACE segmented.SegmentedRaftLogCache (AutoCloseableReadWriteLock.java:logLocking(65)) -   s0@group-E8AE2E048FCA: readLock RELEASED 1 by SegmentedRaftLogCache$LogSegmentList.isEmpty
2022-07-14 02:38:07,209 [s0@group-E8AE2E048FCA-LeaderStateImpl] TRACE segmented.SegmentedRaftLogCache (AutoCloseableReadWriteLock.java:logLocking(65)) - s0@group-E8AE2E048FCA: readLock RELEASED 0 by SegmentedRaftLogCache.getStartIndex
2022-07-14 02:38:07,209 [s0@group-E8AE2E048FCA-LeaderStateImpl] TRACE segmented.SegmentedRaftLogCache (AutoCloseableReadWriteLock.java:logLocking(65)) - s0@group-E8AE2E048FCA: readLock ACQUIRED 1 by SegmentedRaftLogCache.getEndIndex
2022-07-14 02:38:07,209 [s0@group-E8AE2E048FCA-LeaderStateImpl] TRACE segmented.SegmentedRaftLogCache (AutoCloseableReadWriteLock.java:logLocking(65)) - s0@group-E8AE2E048FCA: readLock RELEASED 0 by SegmentedRaftLogCache.getEndIndex
2022-07-14 02:38:07,209 [s0@group-E8AE2E048FCA-LeaderStateImpl] TRACE segmented.SegmentedRaftLogCache (AutoCloseableReadWriteLock.java:logLocking(65)) - s0@group-E8AE2E048FCA: readLock ACQUIRED 1 by SegmentedRaftLogCache$LogSegmentList.getTermIndex
2022-07-14 02:38:07,209 [s0@group-E8AE2E048FCA-LeaderStateImpl] TRACE segmented.SegmentedRaftLogCache (AutoCloseableReadWriteLock.java:logLocking(65)) - s0@group-E8AE2E048FCA: readLock RELEASED 0 by SegmentedRaftLogCache$LogSegmentList.getTermIndex
2022-07-14 02:38:07,209 [s0@group-E8AE2E048FCA-LeaderStateImpl] TRACE segmented.SegmentedRaftLogCache (AutoCloseableReadWriteLock.java:logLocking(65)) - s0@group-E8AE2E048FCA: readLock ACQUIRED 1 by SegmentedRaftLogCache.getStartIndex
2022-07-14 02:38:07,210 [s0@group-E8AE2E048FCA-LeaderStateImpl] TRACE segmented.SegmentedRaftLogCache (AutoCloseableReadWriteLock.java:logLocking(65)) -   s0@group-E8AE2E048FCA: readLock ACQUIRED 2 by SegmentedRaftLogCache$LogSegmentList.isEmpty
2022-07-14 02:38:07,210 [s0@group-E8AE2E048FCA-LeaderStateImpl] TRACE segmented.SegmentedRaftLogCache (AutoCloseableReadWriteLock.java:logLocking(65)) -   s0@group-E8AE2E048FCA: readLock RELEASED 1 by SegmentedRaftLogCache$LogSegmentList.isEmpty
2022-07-14 02:38:07,210 [s0@group-E8AE2E048FCA-LeaderStateImpl] TRACE segmented.SegmentedRaftLogCache (AutoCloseableReadWriteLock.java:logLocking(65)) - s0@group-E8AE2E048FCA: readLock RELEASED 0 by SegmentedRaftLogCache.getStartIndex
2022-07-14 02:38:07,210 [s0@group-E8AE2E048FCA-LeaderStateImpl] TRACE segmented.SegmentedRaftLogCache (AutoCloseableReadWriteLock.java:logLocking(65)) - s0@group-E8AE2E048FCA: readLock ACQUIRED 1 by SegmentedRaftLogCache.getEndIndex
2022-07-14 02:38:07,210 [s0@group-E8AE2E048FCA-LeaderStateImpl] TRACE segmented.SegmentedRaftLogCache (AutoCloseableReadWriteLock.java:logLocking(65)) - s0@group-E8AE2E048FCA: readLock RELEASED 0 by SegmentedRaftLogCache.getEndIndex
2022-07-14 02:38:07,210 [s0@group-E8AE2E048FCA-LeaderStateImpl] TRACE segmented.SegmentedRaftLogCache (AutoCloseableReadWriteLock.java:logLocking(65)) - s0@group-E8AE2E048FCA: readLock ACQUIRED 1 by SegmentedRaftLogCache$LogSegmentList.getTermIndex
2022-07-14 02:38:07,210 [s0@group-E8AE2E048FCA-LeaderStateImpl] TRACE segmented.SegmentedRaftLogCache (AutoCloseableReadWriteLock.java:logLocking(65)) - s0@group-E8AE2E048FCA: readLock RELEASED 0 by SegmentedRaftLogCache$LogSegmentList.getTermIndex
2022-07-14 02:38:07,210 [s0@group-E8AE2E048FCA-LeaderStateImpl] TRACE segmented.SegmentedRaftLogCache (AutoCloseableReadWriteLock.java:logLocking(65)) - s0@group-E8AE2E048FCA: readLock ACQUIRED 1 by SegmentedRaftLogCache.getLastTermIndex
2022-07-14 02:38:07,210 [s0@group-E8AE2E048FCA-LeaderStateImpl] TRACE segmented.SegmentedRaftLogCache (AutoCloseableReadWriteLock.java:logLocking(65)) - s0@group-E8AE2E048FCA: readLock RELEASED 0 by SegmentedRaftLogCache.getLastTermIndex
2022-07-14 02:38:07,210 [s0@group-E8AE2E048FCA-LeaderStateImpl] TRACE segmented.SegmentedRaftLogCache (AutoCloseableReadWriteLock.java:logLocking(65)) - s0@group-E8AE2E048FCA: readLock ACQUIRED 1 by SegmentedRaftLogCache$LogSegmentList.countCached
2022-07-14 02:38:07,210 [s0@group-E8AE2E048FCA-LeaderStateImpl] TRACE segmented.SegmentedRaftLogCache (AutoCloseableReadWriteLock.java:logLocking(65)) - s0@group-E8AE2E048FCA: readLock RELEASED 0 by SegmentedRaftLogCache$LogSegmentList.countCached
2022-07-14 02:38:07,210 [s0@group-E8AE2E048FCA-LeaderStateImpl] TRACE segmented.SegmentedRaftLogCache (AutoCloseableReadWriteLock.java:logLocking(65)) - s0@group-E8AE2E048FCA: readLock ACQUIRED 1 by SegmentedRaftLogCache$LogSegmentList.getTotalCacheSize
2022-07-14 02:38:07,210 [s0@group-E8AE2E048FCA-LeaderStateImpl] TRACE segmented.SegmentedRaftLogCache (AutoCloseableReadWriteLock.java:logLocking(65)) - s0@group-E8AE2E048FCA: readLock RELEASED 0 by SegmentedRaftLogCache$LogSegmentList.getTotalCacheSize
2022-07-14 02:38:07,210 [s0@group-E8AE2E048FCA-LeaderStateImpl] DEBUG segmented.SegmentedRaftLogWorker (SegmentedRaftLogWorker.java:addIOTask(270)) - s0@group-E8AE2E048FCA-SegmentedRaftLogWorker adds IO task WriteLog:10: (t:1, i:10), METADATAENTRY(c:9)
2022-07-14 02:38:07,210 [s0@group-E8AE2E048FCA-SegmentedRaftLogWorker] DEBUG segmented.SegmentedRaftLogWorker (SegmentedRaftLogWorker.java:flushIfNecessary(365)) - s0@group-E8AE2E048FCA-SegmentedRaftLogWorker: flush SegmentedRaftLogOutputStream(/home/runner/work/ratis/ratis/ratis-test/target/test/data/f69c223b/MiniRaftClusterWithSimulatedRpc37250022/s0/24813b6b-21de-410f-95d3-e8ae2e048fca/current/log_inprogress_0)
2022-07-14 02:38:07,210 [s0@group-E8AE2E048FCA-StateMachineUpdater] INFO  statemachine.SimpleStateMachine4Testing (SimpleStateMachine4Testing.java:put(204)) - s0: put 9, m4 -> (t:1, i:9), STATEMACHINELOGENTRY, 332@client-4187B1F4E061
2022-07-14 02:38:07,211 [s0-client-thread1] TRACE segmented.SegmentedRaftLogCache (AutoCloseableReadWriteLock.java:logLocking(65)) - s0@group-E8AE2E048FCA: readLock ACQUIRED 1 by SegmentedRaftLogCache.getLastTermIndex
2022-07-14 02:38:07,211 [s0-client-thread1] TRACE segmented.SegmentedRaftLogCache (AutoCloseableReadWriteLock.java:logLocking(65)) - s0@group-E8AE2E048FCA: readLock RELEASED 0 by SegmentedRaftLogCache.getLastTermIndex
2022-07-14 02:38:07,211 [s0-client-thread1] TRACE segmented.SegmentedRaftLogCache (AutoCloseableReadWriteLock.java:logLocking(65)) - s0@group-E8AE2E048FCA: readLock ACQUIRED 1 by SegmentedRaftLogCache.getLastTermIndex
2022-07-14 02:38:07,211 [s0-client-thread1] TRACE segmented.SegmentedRaftLogCache (AutoCloseableReadWriteLock.java:logLocking(65)) - s0@group-E8AE2E048FCA: readLock RELEASED 0 by SegmentedRaftLogCache.getLastTermIndex
2022-07-14 02:38:07,211 [s0-client-thread1] TRACE segmented.SegmentedRaftLogCache (AutoCloseableReadWriteLock.java:logLocking(65)) - s0@group-E8AE2E048FCA: readLock ACQUIRED 1 by SegmentedRaftLogCache$LogSegmentList.countCached
2022-07-14 02:38:07,211 [s0-client-thread1] TRACE segmented.SegmentedRaftLogCache (AutoCloseableReadWriteLock.java:logLocking(65)) - s0@group-E8AE2E048FCA: readLock RELEASED 0 by SegmentedRaftLogCache$LogSegmentList.countCached
2022-07-14 02:38:07,211 [s0-client-thread1] TRACE segmented.SegmentedRaftLogCache (AutoCloseableReadWriteLock.java:logLocking(65)) - s0@group-E8AE2E048FCA: readLock ACQUIRED 1 by SegmentedRaftLogCache$LogSegmentList.getTotalCacheSize
2022-07-14 02:38:07,211 [s0-client-thread1] TRACE segmented.SegmentedRaftLogCache (AutoCloseableReadWriteLock.java:logLocking(65)) - s0@group-E8AE2E048FCA: readLock RELEASED 0 by SegmentedRaftLogCache$LogSegmentList.getTotalCacheSize
2022-07-14 02:38:07,211 [s0-client-thread1] DEBUG segmented.SegmentedRaftLogWorker (SegmentedRaftLogWorker.java:addIOTask(270)) - s0@group-E8AE2E048FCA-SegmentedRaftLogWorker adds IO task WriteLog:11: (t:1, i:11), STATEMACHINELOGENTRY, StateMachineLogEntryProto:333@client-4187B1F4E061
2022-07-14 02:38:07,211 [s0@group-E8AE2E048FCA-SegmentedRaftLogWorker] DEBUG segmented.SegmentedRaftLogWorker (SegmentedRaftLogWorker.java:flushIfNecessary(365)) - s0@group-E8AE2E048FCA-SegmentedRaftLogWorker: flush SegmentedRaftLogOutputStream(/home/runner/work/ratis/ratis/ratis-test/target/test/data/f69c223b/MiniRaftClusterWithSimulatedRpc37250022/s0/24813b6b-21de-410f-95d3-e8ae2e048fca/current/log_inprogress_0)
2022-07-14 02:38:07,211 [s0@group-E8AE2E048FCA-LeaderStateImpl] TRACE segmented.SegmentedRaftLogCache (AutoCloseableReadWriteLock.java:logLocking(65)) - s0@group-E8AE2E048FCA: readLock ACQUIRED 1 by SegmentedRaftLogCache.getStartIndex
2022-07-14 02:38:07,211 [s0@group-E8AE2E048FCA-LeaderStateImpl] TRACE segmented.SegmentedRaftLogCache (AutoCloseableReadWriteLock.java:logLocking(65)) -   s0@group-E8AE2E048FCA: readLock ACQUIRED 2 by SegmentedRaftLogCache$LogSegmentList.isEmpty
2022-07-14 02:38:07,211 [s0@group-E8AE2E048FCA-LeaderStateImpl] TRACE segmented.SegmentedRaftLogCache (AutoCloseableReadWriteLock.java:logLocking(65)) -   s0@group-E8AE2E048FCA: readLock RELEASED 1 by SegmentedRaftLogCache$LogSegmentList.isEmpty
2022-07-14 02:38:07,212 [s0@group-E8AE2E048FCA-LeaderStateImpl] TRACE segmented.SegmentedRaftLogCache (AutoCloseableReadWriteLock.java:logLocking(65)) - s0@group-E8AE2E048FCA: readLock RELEASED 0 by SegmentedRaftLogCache.getStartIndex
2022-07-14 02:38:07,212 [s0@group-E8AE2E048FCA-LeaderStateImpl] TRACE segmented.SegmentedRaftLogCache (AutoCloseableReadWriteLock.java:logLocking(65)) - s0@group-E8AE2E048FCA: readLock ACQUIRED 1 by SegmentedRaftLogCache.getEndIndex
2022-07-14 02:38:07,212 [s0@group-E8AE2E048FCA-LeaderStateImpl] TRACE segmented.SegmentedRaftLogCache (AutoCloseableReadWriteLock.java:logLocking(65)) - s0@group-E8AE2E048FCA: readLock RELEASED 0 by SegmentedRaftLogCache.getEndIndex
2022-07-14 02:38:07,212 [s0@group-E8AE2E048FCA-LeaderStateImpl] TRACE segmented.SegmentedRaftLogCache (AutoCloseableReadWriteLock.java:logLocking(65)) - s0@group-E8AE2E048FCA: readLock ACQUIRED 1 by SegmentedRaftLogCache$LogSegmentList.getTermIndex
2022-07-14 02:38:07,212 [s0@group-E8AE2E048FCA-LeaderStateImpl] TRACE segmented.SegmentedRaftLogCache (AutoCloseableReadWriteLock.java:logLocking(65)) - s0@group-E8AE2E048FCA: readLock RELEASED 0 by SegmentedRaftLogCache$LogSegmentList.getTermIndex
2022-07-14 02:38:07,212 [s0@group-E8AE2E048FCA-LeaderStateImpl] TRACE segmented.SegmentedRaftLogCache (AutoCloseableReadWriteLock.java:logLocking(65)) - s0@group-E8AE2E048FCA: readLock ACQUIRED 1 by SegmentedRaftLogCache.getStartIndex
2022-07-14 02:38:07,212 [s0@group-E8AE2E048FCA-LeaderStateImpl] TRACE segmented.SegmentedRaftLogCache (AutoCloseableReadWriteLock.java:logLocking(65)) -   s0@group-E8AE2E048FCA: readLock ACQUIRED 2 by SegmentedRaftLogCache$LogSegmentList.isEmpty
2022-07-14 02:38:07,212 [s0@group-E8AE2E048FCA-LeaderStateImpl] TRACE segmented.SegmentedRaftLogCache (AutoCloseableReadWriteLock.java:logLocking(65)) -   s0@group-E8AE2E048FCA: readLock RELEASED 1 by SegmentedRaftLogCache$LogSegmentList.isEmpty
2022-07-14 02:38:07,212 [s0@group-E8AE2E048FCA-LeaderStateImpl] TRACE segmented.SegmentedRaftLogCache (AutoCloseableReadWriteLock.java:logLocking(65)) - s0@group-E8AE2E048FCA: readLock RELEASED 0 by SegmentedRaftLogCache.getStartIndex
2022-07-14 02:38:07,212 [s0@group-E8AE2E048FCA-LeaderStateImpl] TRACE segmented.SegmentedRaftLogCache (AutoCloseableReadWriteLock.java:logLocking(65)) - s0@group-E8AE2E048FCA: readLock ACQUIRED 1 by SegmentedRaftLogCache.getEndIndex
2022-07-14 02:38:07,212 [s0@group-E8AE2E048FCA-LeaderStateImpl] TRACE segmented.SegmentedRaftLogCache (AutoCloseableReadWriteLock.java:logLocking(65)) - s0@group-E8AE2E048FCA: readLock RELEASED 0 by SegmentedRaftLogCache.getEndIndex
2022-07-14 02:38:07,212 [s0@group-E8AE2E048FCA-LeaderStateImpl] TRACE segmented.SegmentedRaftLogCache (AutoCloseableReadWriteLock.java:logLocking(65)) - s0@group-E8AE2E048FCA: readLock ACQUIRED 1 by SegmentedRaftLogCache$LogSegmentList.getTermIndex
2022-07-14 02:38:07,212 [s0@group-E8AE2E048FCA-LeaderStateImpl] TRACE segmented.SegmentedRaftLogCache (AutoCloseableReadWriteLock.java:logLocking(65)) - s0@group-E8AE2E048FCA: readLock RELEASED 0 by SegmentedRaftLogCache$LogSegmentList.getTermIndex
2022-07-14 02:38:07,212 [s0@group-E8AE2E048FCA-LeaderStateImpl] TRACE segmented.SegmentedRaftLogCache (AutoCloseableReadWriteLock.java:logLocking(65)) - s0@group-E8AE2E048FCA: readLock ACQUIRED 1 by SegmentedRaftLogCache.getLastTermIndex
2022-07-14 02:38:07,212 [s0@group-E8AE2E048FCA-LeaderStateImpl] TRACE segmented.SegmentedRaftLogCache (AutoCloseableReadWriteLock.java:logLocking(65)) - s0@group-E8AE2E048FCA: readLock RELEASED 0 by SegmentedRaftLogCache.getLastTermIndex
2022-07-14 02:38:07,213 [s0@group-E8AE2E048FCA-LeaderStateImpl] TRACE segmented.SegmentedRaftLogCache (AutoCloseableReadWriteLock.java:logLocking(65)) - s0@group-E8AE2E048FCA: readLock ACQUIRED 1 by SegmentedRaftLogCache$LogSegmentList.countCached
2022-07-14 02:38:07,213 [s0@group-E8AE2E048FCA-LeaderStateImpl] TRACE segmented.SegmentedRaftLogCache (AutoCloseableReadWriteLock.java:logLocking(65)) - s0@group-E8AE2E048FCA: readLock RELEASED 0 by SegmentedRaftLogCache$LogSegmentList.countCached
2022-07-14 02:38:07,213 [s0@group-E8AE2E048FCA-LeaderStateImpl] TRACE segmented.SegmentedRaftLogCache (AutoCloseableReadWriteLock.java:logLocking(65)) - s0@group-E8AE2E048FCA: readLock ACQUIRED 1 by SegmentedRaftLogCache$LogSegmentList.getTotalCacheSize
2022-07-14 02:38:07,213 [s0@group-E8AE2E048FCA-LeaderStateImpl] TRACE segmented.SegmentedRaftLogCache (AutoCloseableReadWriteLock.java:logLocking(65)) - s0@group-E8AE2E048FCA: readLock RELEASED 0 by SegmentedRaftLogCache$LogSegmentList.getTotalCacheSize
2022-07-14 02:38:07,213 [s0@group-E8AE2E048FCA-LeaderStateImpl] DEBUG segmented.SegmentedRaftLogWorker (SegmentedRaftLogWorker.java:addIOTask(270)) - s0@group-E8AE2E048FCA-SegmentedRaftLogWorker adds IO task WriteLog:12: (t:1, i:12), METADATAENTRY(c:11)
2022-07-14 02:38:07,213 [s0@group-E8AE2E048FCA-SegmentedRaftLogWorker] DEBUG segmented.SegmentedRaftLogWorker (SegmentedRaftLogWorker.java:flushIfNecessary(365)) - s0@group-E8AE2E048FCA-SegmentedRaftLogWorker: flush SegmentedRaftLogOutputStream(/home/runner/work/ratis/ratis/ratis-test/target/test/data/f69c223b/MiniRaftClusterWithSimulatedRpc37250022/s0/24813b6b-21de-410f-95d3-e8ae2e048fca/current/log_inprogress_0)
2022-07-14 02:38:07,213 [s0@group-E8AE2E048FCA-StateMachineUpdater] INFO  statemachine.SimpleStateMachine4Testing (SimpleStateMachine4Testing.java:put(204)) - s0: put 11, m5 -> (t:1, i:11), STATEMACHINELOGENTRY, 333@client-4187B1F4E061
2022-07-14 02:38:07,213 [s0-client-thread1] TRACE segmented.SegmentedRaftLogCache (AutoCloseableReadWriteLock.java:logLocking(65)) - s0@group-E8AE2E048FCA: readLock ACQUIRED 1 by SegmentedRaftLogCache.getLastTermIndex
2022-07-14 02:38:07,213 [s0-client-thread1] TRACE segmented.SegmentedRaftLogCache (AutoCloseableReadWriteLock.java:logLocking(65)) - s0@group-E8AE2E048FCA: readLock RELEASED 0 by SegmentedRaftLogCache.getLastTermIndex
2022-07-14 02:38:07,214 [s0-client-thread1] TRACE segmented.SegmentedRaftLogCache (AutoCloseableReadWriteLock.java:logLocking(65)) - s0@group-E8AE2E048FCA: readLock ACQUIRED 1 by SegmentedRaftLogCache.getLastTermIndex
2022-07-14 02:38:07,214 [s0-client-thread1] TRACE segmented.SegmentedRaftLogCache (AutoCloseableReadWriteLock.java:logLocking(65)) - s0@group-E8AE2E048FCA: readLock RELEASED 0 by SegmentedRaftLogCache.getLastTermIndex
2022-07-14 02:38:07,214 [s0-client-thread1] TRACE segmented.SegmentedRaftLogCache (AutoCloseableReadWriteLock.java:logLocking(65)) - s0@group-E8AE2E048FCA: readLock ACQUIRED 1 by SegmentedRaftLogCache$LogSegmentList.countCached
2022-07-14 02:38:07,214 [s0-client-thread1] TRACE segmented.SegmentedRaftLogCache (AutoCloseableReadWriteLock.java:logLocking(65)) - s0@group-E8AE2E048FCA: readLock RELEASED 0 by SegmentedRaftLogCache$LogSegmentList.countCached
2022-07-14 02:38:07,214 [s0-client-thread1] TRACE segmented.SegmentedRaftLogCache (AutoCloseableReadWriteLock.java:logLocking(65)) - s0@group-E8AE2E048FCA: readLock ACQUIRED 1 by SegmentedRaftLogCache$LogSegmentList.getTotalCacheSize
2022-07-14 02:38:07,214 [s0-client-thread1] TRACE segmented.SegmentedRaftLogCache (AutoCloseableReadWriteLock.java:logLocking(65)) - s0@group-E8AE2E048FCA: readLock RELEASED 0 by SegmentedRaftLogCache$LogSegmentList.getTotalCacheSize
2022-07-14 02:38:07,214 [s0-client-thread1] DEBUG segmented.SegmentedRaftLogWorker (SegmentedRaftLogWorker.java:addIOTask(270)) - s0@group-E8AE2E048FCA-SegmentedRaftLogWorker adds IO task WriteLog:13: (t:1, i:13), STATEMACHINELOGENTRY, StateMachineLogEntryProto:334@client-4187B1F4E061
2022-07-14 02:38:07,214 [s0@group-E8AE2E048FCA-SegmentedRaftLogWorker] DEBUG segmented.SegmentedRaftLogWorker (SegmentedRaftLogWorker.java:flushIfNecessary(365)) - s0@group-E8AE2E048FCA-SegmentedRaftLogWorker: flush SegmentedRaftLogOutputStream(/home/runner/work/ratis/ratis/ratis-test/target/test/data/f69c223b/MiniRaftClusterWithSimulatedRpc37250022/s0/24813b6b-21de-410f-95d3-e8ae2e048fca/current/log_inprogress_0)
2022-07-14 02:38:07,214 [s0@group-E8AE2E048FCA-LeaderStateImpl] TRACE segmented.SegmentedRaftLogCache (AutoCloseableReadWriteLock.java:logLocking(65)) - s0@group-E8AE2E048FCA: readLock ACQUIRED 1 by SegmentedRaftLogCache.getStartIndex
2022-07-14 02:38:07,214 [s0@group-E8AE2E048FCA-LeaderStateImpl] TRACE segmented.SegmentedRaftLogCache (AutoCloseableReadWriteLock.java:logLocking(65)) -   s0@group-E8AE2E048FCA: readLock ACQUIRED 2 by SegmentedRaftLogCache$LogSegmentList.isEmpty
2022-07-14 02:38:07,214 [s0@group-E8AE2E048FCA-LeaderStateImpl] TRACE segmented.SegmentedRaftLogCache (AutoCloseableReadWriteLock.java:logLocking(65)) -   s0@group-E8AE2E048FCA: readLock RELEASED 1 by SegmentedRaftLogCache$LogSegmentList.isEmpty
2022-07-14 02:38:07,214 [s0@group-E8AE2E048FCA-LeaderStateImpl] TRACE segmented.SegmentedRaftLogCache (AutoCloseableReadWriteLock.java:logLocking(65)) - s0@group-E8AE2E048FCA: readLock RELEASED 0 by SegmentedRaftLogCache.getStartIndex
2022-07-14 02:38:07,214 [s0@group-E8AE2E048FCA-LeaderStateImpl] TRACE segmented.SegmentedRaftLogCache (AutoCloseableReadWriteLock.java:logLocking(65)) - s0@group-E8AE2E048FCA: readLock ACQUIRED 1 by SegmentedRaftLogCache.getEndIndex
2022-07-14 02:38:07,215 [s0@group-E8AE2E048FCA-LeaderStateImpl] TRACE segmented.SegmentedRaftLogCache (AutoCloseableReadWriteLock.java:logLocking(65)) - s0@group-E8AE2E048FCA: readLock RELEASED 0 by SegmentedRaftLogCache.getEndIndex
2022-07-14 02:38:07,215 [s0@group-E8AE2E048FCA-LeaderStateImpl] TRACE segmented.SegmentedRaftLogCache (AutoCloseableReadWriteLock.java:logLocking(65)) - s0@group-E8AE2E048FCA: readLock ACQUIRED 1 by SegmentedRaftLogCache$LogSegmentList.getTermIndex
2022-07-14 02:38:07,215 [s0@group-E8AE2E048FCA-LeaderStateImpl] TRACE segmented.SegmentedRaftLogCache (AutoCloseableReadWriteLock.java:logLocking(65)) - s0@group-E8AE2E048FCA: readLock RELEASED 0 by SegmentedRaftLogCache$LogSegmentList.getTermIndex
2022-07-14 02:38:07,215 [s0@group-E8AE2E048FCA-LeaderStateImpl] TRACE segmented.SegmentedRaftLogCache (AutoCloseableReadWriteLock.java:logLocking(65)) - s0@group-E8AE2E048FCA: readLock ACQUIRED 1 by SegmentedRaftLogCache.getStartIndex
2022-07-14 02:38:07,215 [s0@group-E8AE2E048FCA-LeaderStateImpl] TRACE segmented.SegmentedRaftLogCache (AutoCloseableReadWriteLock.java:logLocking(65)) -   s0@group-E8AE2E048FCA: readLock ACQUIRED 2 by SegmentedRaftLogCache$LogSegmentList.isEmpty
2022-07-14 02:38:07,215 [s0@group-E8AE2E048FCA-LeaderStateImpl] TRACE segmented.SegmentedRaftLogCache (AutoCloseableReadWriteLock.java:logLocking(65)) -   s0@group-E8AE2E048FCA: readLock RELEASED 1 by SegmentedRaftLogCache$LogSegmentList.isEmpty
2022-07-14 02:38:07,215 [s0@group-E8AE2E048FCA-LeaderStateImpl] TRACE segmented.SegmentedRaftLogCache (AutoCloseableReadWriteLock.java:logLocking(65)) - s0@group-E8AE2E048FCA: readLock RELEASED 0 by SegmentedRaftLogCache.getStartIndex
2022-07-14 02:38:07,215 [s0@group-E8AE2E048FCA-LeaderStateImpl] TRACE segmented.SegmentedRaftLogCache (AutoCloseableReadWriteLock.java:logLocking(65)) - s0@group-E8AE2E048FCA: readLock ACQUIRED 1 by SegmentedRaftLogCache.getEndIndex
2022-07-14 02:38:07,215 [s0@group-E8AE2E048FCA-LeaderStateImpl] TRACE segmented.SegmentedRaftLogCache (AutoCloseableReadWriteLock.java:logLocking(65)) - s0@group-E8AE2E048FCA: readLock RELEASED 0 by SegmentedRaftLogCache.getEndIndex
2022-07-14 02:38:07,215 [s0@group-E8AE2E048FCA-LeaderStateImpl] TRACE segmented.SegmentedRaftLogCache (AutoCloseableReadWriteLock.java:logLocking(65)) - s0@group-E8AE2E048FCA: readLock ACQUIRED 1 by SegmentedRaftLogCache$LogSegmentList.getTermIndex
2022-07-14 02:38:07,215 [s0@group-E8AE2E048FCA-LeaderStateImpl] TRACE segmented.SegmentedRaftLogCache (AutoCloseableReadWriteLock.java:logLocking(65)) - s0@group-E8AE2E048FCA: readLock RELEASED 0 by SegmentedRaftLogCache$LogSegmentList.getTermIndex
2022-07-14 02:38:07,215 [s0@group-E8AE2E048FCA-StateMachineUpdater] INFO  statemachine.SimpleStateMachine4Testing (SimpleStateMachine4Testing.java:put(204)) - s0: put 13, m6 -> (t:1, i:13), STATEMACHINELOGENTRY, 334@client-4187B1F4E061
2022-07-14 02:38:07,216 [s0@group-E8AE2E048FCA-LeaderStateImpl] TRACE segmented.SegmentedRaftLogCache (AutoCloseableReadWriteLock.java:logLocking(65)) - s0@group-E8AE2E048FCA: readLock ACQUIRED 1 by SegmentedRaftLogCache.getLastTermIndex
2022-07-14 02:38:07,216 [s0@group-E8AE2E048FCA-LeaderStateImpl] TRACE segmented.SegmentedRaftLogCache (AutoCloseableReadWriteLock.java:logLocking(65)) - s0@group-E8AE2E048FCA: readLock RELEASED 0 by SegmentedRaftLogCache.getLastTermIndex
2022-07-14 02:38:07,216 [s0@group-E8AE2E048FCA-LeaderStateImpl] TRACE segmented.SegmentedRaftLogCache (AutoCloseableReadWriteLock.java:logLocking(65)) - s0@group-E8AE2E048FCA: readLock ACQUIRED 1 by SegmentedRaftLogCache$LogSegmentList.countCached
2022-07-14 02:38:07,216 [s0@group-E8AE2E048FCA-LeaderStateImpl] TRACE segmented.SegmentedRaftLogCache (AutoCloseableReadWriteLock.java:logLocking(65)) - s0@group-E8AE2E048FCA: readLock RELEASED 0 by SegmentedRaftLogCache$LogSegmentList.countCached
2022-07-14 02:38:07,216 [s0@group-E8AE2E048FCA-LeaderStateImpl] TRACE segmented.SegmentedRaftLogCache (AutoCloseableReadWriteLock.java:logLocking(65)) - s0@group-E8AE2E048FCA: readLock ACQUIRED 1 by SegmentedRaftLogCache$LogSegmentList.getTotalCacheSize
2022-07-14 02:38:07,216 [s0@group-E8AE2E048FCA-LeaderStateImpl] TRACE segmented.SegmentedRaftLogCache (AutoCloseableReadWriteLock.java:logLocking(65)) - s0@group-E8AE2E048FCA: readLock RELEASED 0 by SegmentedRaftLogCache$LogSegmentList.getTotalCacheSize
2022-07-14 02:38:07,216 [s0@group-E8AE2E048FCA-LeaderStateImpl] DEBUG segmented.SegmentedRaftLogWorker (SegmentedRaftLogWorker.java:addIOTask(270)) - s0@group-E8AE2E048FCA-SegmentedRaftLogWorker adds IO task WriteLog:14: (t:1, i:14), METADATAENTRY(c:13)
2022-07-14 02:38:07,216 [s0@group-E8AE2E048FCA-SegmentedRaftLogWorker] DEBUG segmented.SegmentedRaftLogWorker (SegmentedRaftLogWorker.java:flushIfNecessary(365)) - s0@group-E8AE2E048FCA-SegmentedRaftLogWorker: flush SegmentedRaftLogOutputStream(/home/runner/work/ratis/ratis/ratis-test/target/test/data/f69c223b/MiniRaftClusterWithSimulatedRpc37250022/s0/24813b6b-21de-410f-95d3-e8ae2e048fca/current/log_inprogress_0)
2022-07-14 02:38:07,216 [s0-client-thread1] TRACE segmented.SegmentedRaftLogCache (AutoCloseableReadWriteLock.java:logLocking(65)) - s0@group-E8AE2E048FCA: readLock ACQUIRED 1 by SegmentedRaftLogCache.getLastTermIndex
2022-07-14 02:38:07,216 [s0-client-thread1] TRACE segmented.SegmentedRaftLogCache (AutoCloseableReadWriteLock.java:logLocking(65)) - s0@group-E8AE2E048FCA: readLock RELEASED 0 by SegmentedRaftLogCache.getLastTermIndex
2022-07-14 02:38:07,216 [s0-client-thread1] TRACE segmented.SegmentedRaftLogCache (AutoCloseableReadWriteLock.java:logLocking(65)) - s0@group-E8AE2E048FCA: readLock ACQUIRED 1 by SegmentedRaftLogCache.getLastTermIndex
2022-07-14 02:38:07,216 [s0-client-thread1] TRACE segmented.SegmentedRaftLogCache (AutoCloseableReadWriteLock.java:logLocking(65)) - s0@group-E8AE2E048FCA: readLock RELEASED 0 by SegmentedRaftLogCache.getLastTermIndex
2022-07-14 02:38:07,216 [s0-client-thread1] TRACE segmented.SegmentedRaftLogCache (AutoCloseableReadWriteLock.java:logLocking(65)) - s0@group-E8AE2E048FCA: readLock ACQUIRED 1 by SegmentedRaftLogCache$LogSegmentList.countCached
2022-07-14 02:38:07,216 [s0-client-thread1] TRACE segmented.SegmentedRaftLogCache (AutoCloseableReadWriteLock.java:logLocking(65)) - s0@group-E8AE2E048FCA: readLock RELEASED 0 by SegmentedRaftLogCache$LogSegmentList.countCached
2022-07-14 02:38:07,217 [s0-client-thread1] TRACE segmented.SegmentedRaftLogCache (AutoCloseableReadWriteLock.java:logLocking(65)) - s0@group-E8AE2E048FCA: readLock ACQUIRED 1 by SegmentedRaftLogCache$LogSegmentList.getTotalCacheSize
2022-07-14 02:38:07,217 [s0-client-thread1] TRACE segmented.SegmentedRaftLogCache (AutoCloseableReadWriteLock.java:logLocking(65)) - s0@group-E8AE2E048FCA: readLock RELEASED 0 by SegmentedRaftLogCache$LogSegmentList.getTotalCacheSize
2022-07-14 02:38:07,217 [s0-client-thread1] DEBUG segmented.SegmentedRaftLogWorker (SegmentedRaftLogWorker.java:addIOTask(270)) - s0@group-E8AE2E048FCA-SegmentedRaftLogWorker adds IO task WriteLog:15: (t:1, i:15), STATEMACHINELOGENTRY, StateMachineLogEntryProto:335@client-4187B1F4E061
2022-07-14 02:38:07,217 [s0@group-E8AE2E048FCA-SegmentedRaftLogWorker] DEBUG segmented.SegmentedRaftLogWorker (SegmentedRaftLogWorker.java:flushIfNecessary(365)) - s0@group-E8AE2E048FCA-SegmentedRaftLogWorker: flush SegmentedRaftLogOutputStream(/home/runner/work/ratis/ratis/ratis-test/target/test/data/f69c223b/MiniRaftClusterWithSimulatedRpc37250022/s0/24813b6b-21de-410f-95d3-e8ae2e048fca/current/log_inprogress_0)
2022-07-14 02:38:07,217 [s0@group-E8AE2E048FCA-LeaderStateImpl] TRACE segmented.SegmentedRaftLogCache (AutoCloseableReadWriteLock.java:logLocking(65)) - s0@group-E8AE2E048FCA: readLock ACQUIRED 1 by SegmentedRaftLogCache.getStartIndex
2022-07-14 02:38:07,217 [s0@group-E8AE2E048FCA-LeaderStateImpl] TRACE segmented.SegmentedRaftLogCache (AutoCloseableReadWriteLock.java:logLocking(65)) -   s0@group-E8AE2E048FCA: readLock ACQUIRED 2 by SegmentedRaftLogCache$LogSegmentList.isEmpty
2022-07-14 02:38:07,217 [s0@group-E8AE2E048FCA-LeaderStateImpl] TRACE segmented.SegmentedRaftLogCache (AutoCloseableReadWriteLock.java:logLocking(65)) -   s0@group-E8AE2E048FCA: readLock RELEASED 1 by SegmentedRaftLogCache$LogSegmentList.isEmpty
2022-07-14 02:38:07,217 [s0@group-E8AE2E048FCA-LeaderStateImpl] TRACE segmented.SegmentedRaftLogCache (AutoCloseableReadWriteLock.java:logLocking(65)) - s0@group-E8AE2E048FCA: readLock RELEASED 0 by SegmentedRaftLogCache.getStartIndex
2022-07-14 02:38:07,217 [s0@group-E8AE2E048FCA-LeaderStateImpl] TRACE segmented.SegmentedRaftLogCache (AutoCloseableReadWriteLock.java:logLocking(65)) - s0@group-E8AE2E048FCA: readLock ACQUIRED 1 by SegmentedRaftLogCache.getEndIndex
2022-07-14 02:38:07,217 [s0@group-E8AE2E048FCA-LeaderStateImpl] TRACE segmented.SegmentedRaftLogCache (AutoCloseableReadWriteLock.java:logLocking(65)) - s0@group-E8AE2E048FCA: readLock RELEASED 0 by SegmentedRaftLogCache.getEndIndex
2022-07-14 02:38:07,218 [s0@group-E8AE2E048FCA-LeaderStateImpl] TRACE segmented.SegmentedRaftLogCache (AutoCloseableReadWriteLock.java:logLocking(65)) - s0@group-E8AE2E048FCA: readLock ACQUIRED 1 by SegmentedRaftLogCache$LogSegmentList.getTermIndex
2022-07-14 02:38:07,218 [s0@group-E8AE2E048FCA-LeaderStateImpl] TRACE segmented.SegmentedRaftLogCache (AutoCloseableReadWriteLock.java:logLocking(65)) - s0@group-E8AE2E048FCA: readLock RELEASED 0 by SegmentedRaftLogCache$LogSegmentList.getTermIndex
2022-07-14 02:38:07,218 [s0@group-E8AE2E048FCA-LeaderStateImpl] TRACE segmented.SegmentedRaftLogCache (AutoCloseableReadWriteLock.java:logLocking(65)) - s0@group-E8AE2E048FCA: readLock ACQUIRED 1 by SegmentedRaftLogCache.getStartIndex
2022-07-14 02:38:07,218 [s0@group-E8AE2E048FCA-LeaderStateImpl] TRACE segmented.SegmentedRaftLogCache (AutoCloseableReadWriteLock.java:logLocking(65)) -   s0@group-E8AE2E048FCA: readLock ACQUIRED 2 by SegmentedRaftLogCache$LogSegmentList.isEmpty
2022-07-14 02:38:07,218 [s0@group-E8AE2E048FCA-LeaderStateImpl] TRACE segmented.SegmentedRaftLogCache (AutoCloseableReadWriteLock.java:logLocking(65)) -   s0@group-E8AE2E048FCA: readLock RELEASED 1 by SegmentedRaftLogCache$LogSegmentList.isEmpty
2022-07-14 02:38:07,218 [s0@group-E8AE2E048FCA-LeaderStateImpl] TRACE segmented.SegmentedRaftLogCache (AutoCloseableReadWriteLock.java:logLocking(65)) - s0@group-E8AE2E048FCA: readLock RELEASED 0 by SegmentedRaftLogCache.getStartIndex
2022-07-14 02:38:07,218 [s0@group-E8AE2E048FCA-LeaderStateImpl] TRACE segmented.SegmentedRaftLogCache (AutoCloseableReadWriteLock.java:logLocking(65)) - s0@group-E8AE2E048FCA: readLock ACQUIRED 1 by SegmentedRaftLogCache.getEndIndex
2022-07-14 02:38:07,218 [s0@group-E8AE2E048FCA-LeaderStateImpl] TRACE segmented.SegmentedRaftLogCache (AutoCloseableReadWriteLock.java:logLocking(65)) - s0@group-E8AE2E048FCA: readLock RELEASED 0 by SegmentedRaftLogCache.getEndIndex
2022-07-14 02:38:07,218 [s0@group-E8AE2E048FCA-LeaderStateImpl] TRACE segmented.SegmentedRaftLogCache (AutoCloseableReadWriteLock.java:logLocking(65)) - s0@group-E8AE2E048FCA: readLock ACQUIRED 1 by SegmentedRaftLogCache$LogSegmentList.getTermIndex
2022-07-14 02:38:07,218 [s0@group-E8AE2E048FCA-LeaderStateImpl] TRACE segmented.SegmentedRaftLogCache (AutoCloseableReadWriteLock.java:logLocking(65)) - s0@group-E8AE2E048FCA: readLock RELEASED 0 by SegmentedRaftLogCache$LogSegmentList.getTermIndex
2022-07-14 02:38:07,218 [s0@group-E8AE2E048FCA-StateMachineUpdater] INFO  statemachine.SimpleStateMachine4Testing (SimpleStateMachine4Testing.java:put(204)) - s0: put 15, m7 -> (t:1, i:15), STATEMACHINELOGENTRY, 335@client-4187B1F4E061
2022-07-14 02:38:07,218 [s0@group-E8AE2E048FCA-LeaderStateImpl] TRACE segmented.SegmentedRaftLogCache (AutoCloseableReadWriteLock.java:logLocking(65)) - s0@group-E8AE2E048FCA: readLock ACQUIRED 1 by SegmentedRaftLogCache.getLastTermIndex
2022-07-14 02:38:07,219 [s0@group-E8AE2E048FCA-LeaderStateImpl] TRACE segmented.SegmentedRaftLogCache (AutoCloseableReadWriteLock.java:logLocking(65)) - s0@group-E8AE2E048FCA: readLock RELEASED 0 by SegmentedRaftLogCache.getLastTermIndex
2022-07-14 02:38:07,219 [s0@group-E8AE2E048FCA-LeaderStateImpl] TRACE segmented.SegmentedRaftLogCache (AutoCloseableReadWriteLock.java:logLocking(65)) - s0@group-E8AE2E048FCA: readLock ACQUIRED 1 by SegmentedRaftLogCache$LogSegmentList.countCached
2022-07-14 02:38:07,219 [s0@group-E8AE2E048FCA-LeaderStateImpl] TRACE segmented.SegmentedRaftLogCache (AutoCloseableReadWriteLock.java:logLocking(65)) - s0@group-E8AE2E048FCA: readLock RELEASED 0 by SegmentedRaftLogCache$LogSegmentList.countCached
2022-07-14 02:38:07,219 [s0@group-E8AE2E048FCA-LeaderStateImpl] TRACE segmented.SegmentedRaftLogCache (AutoCloseableReadWriteLock.java:logLocking(65)) - s0@group-E8AE2E048FCA: readLock ACQUIRED 1 by SegmentedRaftLogCache$LogSegmentList.getTotalCacheSize
2022-07-14 02:38:07,219 [s0@group-E8AE2E048FCA-LeaderStateImpl] TRACE segmented.SegmentedRaftLogCache (AutoCloseableReadWriteLock.java:logLocking(65)) - s0@group-E8AE2E048FCA: readLock RELEASED 0 by SegmentedRaftLogCache$LogSegmentList.getTotalCacheSize
2022-07-14 02:38:07,219 [s0@group-E8AE2E048FCA-LeaderStateImpl] DEBUG segmented.SegmentedRaftLogWorker (SegmentedRaftLogWorker.java:addIOTask(270)) - s0@group-E8AE2E048FCA-SegmentedRaftLogWorker adds IO task WriteLog:16: (t:1, i:16), METADATAENTRY(c:15)
2022-07-14 02:38:07,219 [s0@group-E8AE2E048FCA-SegmentedRaftLogWorker] DEBUG segmented.SegmentedRaftLogWorker (SegmentedRaftLogWorker.java:flushIfNecessary(365)) - s0@group-E8AE2E048FCA-SegmentedRaftLogWorker: flush SegmentedRaftLogOutputStream(/home/runner/work/ratis/ratis/ratis-test/target/test/data/f69c223b/MiniRaftClusterWithSimulatedRpc37250022/s0/24813b6b-21de-410f-95d3-e8ae2e048fca/current/log_inprogress_0)
2022-07-14 02:38:07,219 [s0-client-thread1] TRACE segmented.SegmentedRaftLogCache (AutoCloseableReadWriteLock.java:logLocking(65)) - s0@group-E8AE2E048FCA: readLock ACQUIRED 1 by SegmentedRaftLogCache.getLastTermIndex
2022-07-14 02:38:07,219 [s0-client-thread1] TRACE segmented.SegmentedRaftLogCache (AutoCloseableReadWriteLock.java:logLocking(65)) - s0@group-E8AE2E048FCA: readLock RELEASED 0 by SegmentedRaftLogCache.getLastTermIndex
2022-07-14 02:38:07,219 [s0-client-thread1] TRACE segmented.SegmentedRaftLogCache (AutoCloseableReadWriteLock.java:logLocking(65)) - s0@group-E8AE2E048FCA: readLock ACQUIRED 1 by SegmentedRaftLogCache.getLastTermIndex
2022-07-14 02:38:07,219 [s0-client-thread1] TRACE segmented.SegmentedRaftLogCache (AutoCloseableReadWriteLock.java:logLocking(65)) - s0@group-E8AE2E048FCA: readLock RELEASED 0 by SegmentedRaftLogCache.getLastTermIndex
2022-07-14 02:38:07,220 [s0-client-thread1] TRACE segmented.SegmentedRaftLogCache (AutoCloseableReadWriteLock.java:logLocking(65)) - s0@group-E8AE2E048FCA: readLock ACQUIRED 1 by SegmentedRaftLogCache$LogSegmentList.countCached
2022-07-14 02:38:07,220 [s0-client-thread1] TRACE segmented.SegmentedRaftLogCache (AutoCloseableReadWriteLock.java:logLocking(65)) - s0@group-E8AE2E048FCA: readLock RELEASED 0 by SegmentedRaftLogCache$LogSegmentList.countCached
2022-07-14 02:38:07,220 [s0-client-thread1] TRACE segmented.SegmentedRaftLogCache (AutoCloseableReadWriteLock.java:logLocking(65)) - s0@group-E8AE2E048FCA: readLock ACQUIRED 1 by SegmentedRaftLogCache$LogSegmentList.getTotalCacheSize
2022-07-14 02:38:07,220 [s0-client-thread1] TRACE segmented.SegmentedRaftLogCache (AutoCloseableReadWriteLock.java:logLocking(65)) - s0@group-E8AE2E048FCA: readLock RELEASED 0 by SegmentedRaftLogCache$LogSegmentList.getTotalCacheSize
2022-07-14 02:38:07,220 [s0-client-thread1] DEBUG segmented.SegmentedRaftLogWorker (SegmentedRaftLogWorker.java:addIOTask(270)) - s0@group-E8AE2E048FCA-SegmentedRaftLogWorker adds IO task WriteLog:17: (t:1, i:17), STATEMACHINELOGENTRY, StateMachineLogEntryProto:336@client-4187B1F4E061
2022-07-14 02:38:07,220 [s0@group-E8AE2E048FCA-SegmentedRaftLogWorker] DEBUG segmented.SegmentedRaftLogWorker (SegmentedRaftLogWorker.java:flushIfNecessary(365)) - s0@group-E8AE2E048FCA-SegmentedRaftLogWorker: flush SegmentedRaftLogOutputStream(/home/runner/work/ratis/ratis/ratis-test/target/test/data/f69c223b/MiniRaftClusterWithSimulatedRpc37250022/s0/24813b6b-21de-410f-95d3-e8ae2e048fca/current/log_inprogress_0)
2022-07-14 02:38:07,220 [s0@group-E8AE2E048FCA-LeaderStateImpl] TRACE segmented.SegmentedRaftLogCache (AutoCloseableReadWriteLock.java:logLocking(65)) - s0@group-E8AE2E048FCA: readLock ACQUIRED 1 by SegmentedRaftLogCache.getStartIndex
2022-07-14 02:38:07,220 [s0@group-E8AE2E048FCA-LeaderStateImpl] TRACE segmented.SegmentedRaftLogCache (AutoCloseableReadWriteLock.java:logLocking(65)) -   s0@group-E8AE2E048FCA: readLock ACQUIRED 2 by SegmentedRaftLogCache$LogSegmentList.isEmpty
2022-07-14 02:38:07,220 [s0@group-E8AE2E048FCA-LeaderStateImpl] TRACE segmented.SegmentedRaftLogCache (AutoCloseableReadWriteLock.java:logLocking(65)) -   s0@group-E8AE2E048FCA: readLock RELEASED 1 by SegmentedRaftLogCache$LogSegmentList.isEmpty
2022-07-14 02:38:07,220 [s0@group-E8AE2E048FCA-LeaderStateImpl] TRACE segmented.SegmentedRaftLogCache (AutoCloseableReadWriteLock.java:logLocking(65)) - s0@group-E8AE2E048FCA: readLock RELEASED 0 by SegmentedRaftLogCache.getStartIndex
2022-07-14 02:38:07,220 [s0@group-E8AE2E048FCA-LeaderStateImpl] TRACE segmented.SegmentedRaftLogCache (AutoCloseableReadWriteLock.java:logLocking(65)) - s0@group-E8AE2E048FCA: readLock ACQUIRED 1 by SegmentedRaftLogCache.getEndIndex
2022-07-14 02:38:07,221 [s0@group-E8AE2E048FCA-LeaderStateImpl] TRACE segmented.SegmentedRaftLogCache (AutoCloseableReadWriteLock.java:logLocking(65)) - s0@group-E8AE2E048FCA: readLock RELEASED 0 by SegmentedRaftLogCache.getEndIndex
2022-07-14 02:38:07,221 [s0@group-E8AE2E048FCA-LeaderStateImpl] TRACE segmented.SegmentedRaftLogCache (AutoCloseableReadWriteLock.java:logLocking(65)) - s0@group-E8AE2E048FCA: readLock ACQUIRED 1 by SegmentedRaftLogCache$LogSegmentList.getTermIndex
2022-07-14 02:38:07,221 [s0@group-E8AE2E048FCA-LeaderStateImpl] TRACE segmented.SegmentedRaftLogCache (AutoCloseableReadWriteLock.java:logLocking(65)) - s0@group-E8AE2E048FCA: readLock RELEASED 0 by SegmentedRaftLogCache$LogSegmentList.getTermIndex
2022-07-14 02:38:07,221 [s0@group-E8AE2E048FCA-LeaderStateImpl] TRACE segmented.SegmentedRaftLogCache (AutoCloseableReadWriteLock.java:logLocking(65)) - s0@group-E8AE2E048FCA: readLock ACQUIRED 1 by SegmentedRaftLogCache.getStartIndex
2022-07-14 02:38:07,221 [s0@group-E8AE2E048FCA-LeaderStateImpl] TRACE segmented.SegmentedRaftLogCache (AutoCloseableReadWriteLock.java:logLocking(65)) -   s0@group-E8AE2E048FCA: readLock ACQUIRED 2 by SegmentedRaftLogCache$LogSegmentList.isEmpty
2022-07-14 02:38:07,221 [s0@group-E8AE2E048FCA-LeaderStateImpl] TRACE segmented.SegmentedRaftLogCache (AutoCloseableReadWriteLock.java:logLocking(65)) -   s0@group-E8AE2E048FCA: readLock RELEASED 1 by SegmentedRaftLogCache$LogSegmentList.isEmpty
2022-07-14 02:38:07,221 [s0@group-E8AE2E048FCA-LeaderStateImpl] TRACE segmented.SegmentedRaftLogCache (AutoCloseableReadWriteLock.java:logLocking(65)) - s0@group-E8AE2E048FCA: readLock RELEASED 0 by SegmentedRaftLogCache.getStartIndex
2022-07-14 02:38:07,221 [s0@group-E8AE2E048FCA-LeaderStateImpl] TRACE segmented.SegmentedRaftLogCache (AutoCloseableReadWriteLock.java:logLocking(65)) - s0@group-E8AE2E048FCA: readLock ACQUIRED 1 by SegmentedRaftLogCache.getEndIndex
2022-07-14 02:38:07,221 [s0@group-E8AE2E048FCA-LeaderStateImpl] TRACE segmented.SegmentedRaftLogCache (AutoCloseableReadWriteLock.java:logLocking(65)) - s0@group-E8AE2E048FCA: readLock RELEASED 0 by SegmentedRaftLogCache.getEndIndex
2022-07-14 02:38:07,222 [s0@group-E8AE2E048FCA-LeaderStateImpl] TRACE segmented.SegmentedRaftLogCache (AutoCloseableReadWriteLock.java:logLocking(65)) - s0@group-E8AE2E048FCA: readLock ACQUIRED 1 by SegmentedRaftLogCache$LogSegmentList.getTermIndex
2022-07-14 02:38:07,222 [s0@group-E8AE2E048FCA-LeaderStateImpl] TRACE segmented.SegmentedRaftLogCache (AutoCloseableReadWriteLock.java:logLocking(65)) - s0@group-E8AE2E048FCA: readLock RELEASED 0 by SegmentedRaftLogCache$LogSegmentList.getTermIndex
2022-07-14 02:38:07,222 [s0@group-E8AE2E048FCA-StateMachineUpdater] INFO  statemachine.SimpleStateMachine4Testing (SimpleStateMachine4Testing.java:put(204)) - s0: put 17, m8 -> (t:1, i:17), STATEMACHINELOGENTRY, 336@client-4187B1F4E061
2022-07-14 02:38:07,224 [s0@group-E8AE2E048FCA-LeaderStateImpl] TRACE segmented.SegmentedRaftLogCache (AutoCloseableReadWriteLock.java:logLocking(65)) - s0@group-E8AE2E048FCA: readLock ACQUIRED 1 by SegmentedRaftLogCache.getLastTermIndex
2022-07-14 02:38:07,224 [s0@group-E8AE2E048FCA-LeaderStateImpl] TRACE segmented.SegmentedRaftLogCache (AutoCloseableReadWriteLock.java:logLocking(65)) - s0@group-E8AE2E048FCA: readLock RELEASED 0 by SegmentedRaftLogCache.getLastTermIndex
2022-07-14 02:38:07,224 [s0@group-E8AE2E048FCA-LeaderStateImpl] TRACE segmented.SegmentedRaftLogCache (AutoCloseableReadWriteLock.java:logLocking(65)) - s0@group-E8AE2E048FCA: readLock ACQUIRED 1 by SegmentedRaftLogCache$LogSegmentList.countCached
2022-07-14 02:38:07,224 [s0@group-E8AE2E048FCA-LeaderStateImpl] TRACE segmented.SegmentedRaftLogCache (AutoCloseableReadWriteLock.java:logLocking(65)) - s0@group-E8AE2E048FCA: readLock RELEASED 0 by SegmentedRaftLogCache$LogSegmentList.countCached
2022-07-14 02:38:07,225 [s0@group-E8AE2E048FCA-LeaderStateImpl] TRACE segmented.SegmentedRaftLogCache (AutoCloseableReadWriteLock.java:logLocking(65)) - s0@group-E8AE2E048FCA: readLock ACQUIRED 1 by SegmentedRaftLogCache$LogSegmentList.getTotalCacheSize
2022-07-14 02:38:07,225 [s0@group-E8AE2E048FCA-LeaderStateImpl] TRACE segmented.SegmentedRaftLogCache (AutoCloseableReadWriteLock.java:logLocking(65)) - s0@group-E8AE2E048FCA: readLock RELEASED 0 by SegmentedRaftLogCache$LogSegmentList.getTotalCacheSize
2022-07-14 02:38:07,225 [s0@group-E8AE2E048FCA-LeaderStateImpl] DEBUG segmented.SegmentedRaftLogWorker (SegmentedRaftLogWorker.java:addIOTask(270)) - s0@group-E8AE2E048FCA-SegmentedRaftLogWorker adds IO task WriteLog:18: (t:1, i:18), METADATAENTRY(c:17)
2022-07-14 02:38:07,225 [s0@group-E8AE2E048FCA-SegmentedRaftLogWorker] DEBUG segmented.SegmentedRaftLogWorker (SegmentedRaftLogWorker.java:flushIfNecessary(365)) - s0@group-E8AE2E048FCA-SegmentedRaftLogWorker: flush SegmentedRaftLogOutputStream(/home/runner/work/ratis/ratis/ratis-test/target/test/data/f69c223b/MiniRaftClusterWithSimulatedRpc37250022/s0/24813b6b-21de-410f-95d3-e8ae2e048fca/current/log_inprogress_0)
2022-07-14 02:38:07,225 [s0-client-thread1] TRACE segmented.SegmentedRaftLogCache (AutoCloseableReadWriteLock.java:logLocking(65)) - s0@group-E8AE2E048FCA: readLock ACQUIRED 1 by SegmentedRaftLogCache.getLastTermIndex
2022-07-14 02:38:07,225 [s0-client-thread1] TRACE segmented.SegmentedRaftLogCache (AutoCloseableReadWriteLock.java:logLocking(65)) - s0@group-E8AE2E048FCA: readLock RELEASED 0 by SegmentedRaftLogCache.getLastTermIndex
2022-07-14 02:38:07,225 [s0-client-thread1] TRACE segmented.SegmentedRaftLogCache (AutoCloseableReadWriteLock.java:logLocking(65)) - s0@group-E8AE2E048FCA: readLock ACQUIRED 1 by SegmentedRaftLogCache.getLastTermIndex
2022-07-14 02:38:07,225 [s0-client-thread1] TRACE segmented.SegmentedRaftLogCache (AutoCloseableReadWriteLock.java:logLocking(65)) - s0@group-E8AE2E048FCA: readLock RELEASED 0 by SegmentedRaftLogCache.getLastTermIndex
2022-07-14 02:38:07,225 [s0-client-thread1] TRACE segmented.SegmentedRaftLogCache (AutoCloseableReadWriteLock.java:logLocking(65)) - s0@group-E8AE2E048FCA: readLock ACQUIRED 1 by SegmentedRaftLogCache$LogSegmentList.countCached
2022-07-14 02:38:07,225 [s0-client-thread1] TRACE segmented.SegmentedRaftLogCache (AutoCloseableReadWriteLock.java:logLocking(65)) - s0@group-E8AE2E048FCA: readLock RELEASED 0 by SegmentedRaftLogCache$LogSegmentList.countCached
2022-07-14 02:38:07,225 [s0-client-thread1] TRACE segmented.SegmentedRaftLogCache (AutoCloseableReadWriteLock.java:logLocking(65)) - s0@group-E8AE2E048FCA: readLock ACQUIRED 1 by SegmentedRaftLogCache$LogSegmentList.getTotalCacheSize
2022-07-14 02:38:07,226 [s0-client-thread1] TRACE segmented.SegmentedRaftLogCache (AutoCloseableReadWriteLock.java:logLocking(65)) - s0@group-E8AE2E048FCA: readLock RELEASED 0 by SegmentedRaftLogCache$LogSegmentList.getTotalCacheSize
2022-07-14 02:38:07,226 [s0-client-thread1] DEBUG segmented.SegmentedRaftLogWorker (SegmentedRaftLogWorker.java:addIOTask(270)) - s0@group-E8AE2E048FCA-SegmentedRaftLogWorker adds IO task WriteLog:19: (t:1, i:19), STATEMACHINELOGENTRY, StateMachineLogEntryProto:337@client-4187B1F4E061
2022-07-14 02:38:07,226 [s0@group-E8AE2E048FCA-SegmentedRaftLogWorker] DEBUG segmented.SegmentedRaftLogWorker (SegmentedRaftLogWorker.java:flushIfNecessary(365)) - s0@group-E8AE2E048FCA-SegmentedRaftLogWorker: flush SegmentedRaftLogOutputStream(/home/runner/work/ratis/ratis/ratis-test/target/test/data/f69c223b/MiniRaftClusterWithSimulatedRpc37250022/s0/24813b6b-21de-410f-95d3-e8ae2e048fca/current/log_inprogress_0)
2022-07-14 02:38:07,229 [s0@group-E8AE2E048FCA-LeaderStateImpl] TRACE segmented.SegmentedRaftLogCache (AutoCloseableReadWriteLock.java:logLocking(65)) - s0@group-E8AE2E048FCA: readLock ACQUIRED 1 by SegmentedRaftLogCache.getStartIndex
2022-07-14 02:38:07,229 [s0@group-E8AE2E048FCA-LeaderStateImpl] TRACE segmented.SegmentedRaftLogCache (AutoCloseableReadWriteLock.java:logLocking(65)) -   s0@group-E8AE2E048FCA: readLock ACQUIRED 2 by SegmentedRaftLogCache$LogSegmentList.isEmpty
2022-07-14 02:38:07,229 [s0@group-E8AE2E048FCA-LeaderStateImpl] TRACE segmented.SegmentedRaftLogCache (AutoCloseableReadWriteLock.java:logLocking(65)) -   s0@group-E8AE2E048FCA: readLock RELEASED 1 by SegmentedRaftLogCache$LogSegmentList.isEmpty
2022-07-14 02:38:07,229 [s0@group-E8AE2E048FCA-LeaderStateImpl] TRACE segmented.SegmentedRaftLogCache (AutoCloseableReadWriteLock.java:logLocking(65)) - s0@group-E8AE2E048FCA: readLock RELEASED 0 by SegmentedRaftLogCache.getStartIndex
2022-07-14 02:38:07,229 [s0@group-E8AE2E048FCA-LeaderStateImpl] TRACE segmented.SegmentedRaftLogCache (AutoCloseableReadWriteLock.java:logLocking(65)) - s0@group-E8AE2E048FCA: readLock ACQUIRED 1 by SegmentedRaftLogCache.getEndIndex
2022-07-14 02:38:07,229 [s0@group-E8AE2E048FCA-LeaderStateImpl] TRACE segmented.SegmentedRaftLogCache (AutoCloseableReadWriteLock.java:logLocking(65)) - s0@group-E8AE2E048FCA: readLock RELEASED 0 by SegmentedRaftLogCache.getEndIndex
2022-07-14 02:38:07,229 [s0@group-E8AE2E048FCA-LeaderStateImpl] TRACE segmented.SegmentedRaftLogCache (AutoCloseableReadWriteLock.java:logLocking(65)) - s0@group-E8AE2E048FCA: readLock ACQUIRED 1 by SegmentedRaftLogCache$LogSegmentList.getTermIndex
2022-07-14 02:38:07,229 [s0@group-E8AE2E048FCA-LeaderStateImpl] TRACE segmented.SegmentedRaftLogCache (AutoCloseableReadWriteLock.java:logLocking(65)) - s0@group-E8AE2E048FCA: readLock RELEASED 0 by SegmentedRaftLogCache$LogSegmentList.getTermIndex
2022-07-14 02:38:07,229 [s0@group-E8AE2E048FCA-StateMachineUpdater] INFO  statemachine.SimpleStateMachine4Testing (SimpleStateMachine4Testing.java:put(204)) - s0: put 19, m9 -> (t:1, i:19), STATEMACHINELOGENTRY, 337@client-4187B1F4E061
2022-07-14 02:38:07,229 [s0@group-E8AE2E048FCA-LeaderStateImpl] TRACE segmented.SegmentedRaftLogCache (AutoCloseableReadWriteLock.java:logLocking(65)) - s0@group-E8AE2E048FCA: readLock ACQUIRED 1 by SegmentedRaftLogCache.getLastTermIndex
2022-07-14 02:38:07,229 [s0@group-E8AE2E048FCA-LeaderStateImpl] TRACE segmented.SegmentedRaftLogCache (AutoCloseableReadWriteLock.java:logLocking(65)) - s0@group-E8AE2E048FCA: readLock RELEASED 0 by SegmentedRaftLogCache.getLastTermIndex
2022-07-14 02:38:07,229 [s0@group-E8AE2E048FCA-LeaderStateImpl] TRACE segmented.SegmentedRaftLogCache (AutoCloseableReadWriteLock.java:logLocking(65)) - s0@group-E8AE2E048FCA: readLock ACQUIRED 1 by SegmentedRaftLogCache$LogSegmentList.countCached
2022-07-14 02:38:07,229 [s0@group-E8AE2E048FCA-LeaderStateImpl] TRACE segmented.SegmentedRaftLogCache (AutoCloseableReadWriteLock.java:logLocking(65)) - s0@group-E8AE2E048FCA: readLock RELEASED 0 by SegmentedRaftLogCache$LogSegmentList.countCached
2022-07-14 02:38:07,229 [s0@group-E8AE2E048FCA-LeaderStateImpl] TRACE segmented.SegmentedRaftLogCache (AutoCloseableReadWriteLock.java:logLocking(65)) - s0@group-E8AE2E048FCA: readLock ACQUIRED 1 by SegmentedRaftLogCache$LogSegmentList.getTotalCacheSize
2022-07-14 02:38:07,229 [s0@group-E8AE2E048FCA-LeaderStateImpl] TRACE segmented.SegmentedRaftLogCache (AutoCloseableReadWriteLock.java:logLocking(65)) - s0@group-E8AE2E048FCA: readLock RELEASED 0 by SegmentedRaftLogCache$LogSegmentList.getTotalCacheSize
2022-07-14 02:38:07,229 [s0@group-E8AE2E048FCA-LeaderStateImpl] DEBUG segmented.SegmentedRaftLogWorker (SegmentedRaftLogWorker.java:addIOTask(270)) - s0@group-E8AE2E048FCA-SegmentedRaftLogWorker adds IO task WriteLog:20: (t:1, i:20), METADATAENTRY(c:19)
2022-07-14 02:38:07,230 [s0@group-E8AE2E048FCA-SegmentedRaftLogWorker] DEBUG segmented.SegmentedRaftLogWorker (SegmentedRaftLogWorker.java:flushIfNecessary(365)) - s0@group-E8AE2E048FCA-SegmentedRaftLogWorker: flush SegmentedRaftLogOutputStream(/home/runner/work/ratis/ratis/ratis-test/target/test/data/f69c223b/MiniRaftClusterWithSimulatedRpc37250022/s0/24813b6b-21de-410f-95d3-e8ae2e048fca/current/log_inprogress_0)
2022-07-14 02:38:07,230 [s0-client-thread1] TRACE segmented.SegmentedRaftLogCache (AutoCloseableReadWriteLock.java:logLocking(65)) - s0@group-E8AE2E048FCA: readLock ACQUIRED 1 by SegmentedRaftLogCache.getLastTermIndex
2022-07-14 02:38:07,230 [s0-client-thread1] TRACE segmented.SegmentedRaftLogCache (AutoCloseableReadWriteLock.java:logLocking(65)) - s0@group-E8AE2E048FCA: readLock RELEASED 0 by SegmentedRaftLogCache.getLastTermIndex
2022-07-14 02:38:07,230 [s0-client-thread1] TRACE segmented.SegmentedRaftLogCache (AutoCloseableReadWriteLock.java:logLocking(65)) - s0@group-E8AE2E048FCA: readLock ACQUIRED 1 by SegmentedRaftLogCache.getLastTermIndex
2022-07-14 02:38:07,230 [s0-client-thread1] TRACE segmented.SegmentedRaftLogCache (AutoCloseableReadWriteLock.java:logLocking(65)) - s0@group-E8AE2E048FCA: readLock RELEASED 0 by SegmentedRaftLogCache.getLastTermIndex
2022-07-14 02:38:07,230 [s0-client-thread1] TRACE segmented.SegmentedRaftLogCache (AutoCloseableReadWriteLock.java:logLocking(65)) - s0@group-E8AE2E048FCA: readLock ACQUIRED 1 by SegmentedRaftLogCache$LogSegmentList.countCached
2022-07-14 02:38:07,230 [s0-client-thread1] TRACE segmented.SegmentedRaftLogCache (AutoCloseableReadWriteLock.java:logLocking(65)) - s0@group-E8AE2E048FCA: readLock RELEASED 0 by SegmentedRaftLogCache$LogSegmentList.countCached
2022-07-14 02:38:07,230 [s0-client-thread1] TRACE segmented.SegmentedRaftLogCache (AutoCloseableReadWriteLock.java:logLocking(65)) - s0@group-E8AE2E048FCA: readLock ACQUIRED 1 by SegmentedRaftLogCache$LogSegmentList.getTotalCacheSize
2022-07-14 02:38:07,230 [s0-client-thread1] TRACE segmented.SegmentedRaftLogCache (AutoCloseableReadWriteLock.java:logLocking(65)) - s0@group-E8AE2E048FCA: readLock RELEASED 0 by SegmentedRaftLogCache$LogSegmentList.getTotalCacheSize
2022-07-14 02:38:07,230 [s0-client-thread1] DEBUG segmented.SegmentedRaftLogWorker (SegmentedRaftLogWorker.java:addIOTask(270)) - s0@group-E8AE2E048FCA-SegmentedRaftLogWorker adds IO task WriteLog:21: (t:1, i:21), STATEMACHINELOGENTRY, StateMachineLogEntryProto:338@client-4187B1F4E061
2022-07-14 02:38:07,230 [s0@group-E8AE2E048FCA-SegmentedRaftLogWorker] DEBUG segmented.SegmentedRaftLogWorker (SegmentedRaftLogWorker.java:flushIfNecessary(365)) - s0@group-E8AE2E048FCA-SegmentedRaftLogWorker: flush SegmentedRaftLogOutputStream(/home/runner/work/ratis/ratis/ratis-test/target/test/data/f69c223b/MiniRaftClusterWithSimulatedRpc37250022/s0/24813b6b-21de-410f-95d3-e8ae2e048fca/current/log_inprogress_0)
2022-07-14 02:38:07,231 [s0@group-E8AE2E048FCA-LeaderStateImpl] TRACE segmented.SegmentedRaftLogCache (AutoCloseableReadWriteLock.java:logLocking(65)) - s0@group-E8AE2E048FCA: readLock ACQUIRED 1 by SegmentedRaftLogCache.getStartIndex
2022-07-14 02:38:07,231 [s0@group-E8AE2E048FCA-LeaderStateImpl] TRACE segmented.SegmentedRaftLogCache (AutoCloseableReadWriteLock.java:logLocking(65)) -   s0@group-E8AE2E048FCA: readLock ACQUIRED 2 by SegmentedRaftLogCache$LogSegmentList.isEmpty
2022-07-14 02:38:07,231 [s0@group-E8AE2E048FCA-LeaderStateImpl] TRACE segmented.SegmentedRaftLogCache (AutoCloseableReadWriteLock.java:logLocking(65)) -   s0@group-E8AE2E048FCA: readLock RELEASED 1 by SegmentedRaftLogCache$LogSegmentList.isEmpty
2022-07-14 02:38:07,231 [s0@group-E8AE2E048FCA-LeaderStateImpl] TRACE segmented.SegmentedRaftLogCache (AutoCloseableReadWriteLock.java:logLocking(65)) - s0@group-E8AE2E048FCA: readLock RELEASED 0 by SegmentedRaftLogCache.getStartIndex
2022-07-14 02:38:07,231 [s0@group-E8AE2E048FCA-LeaderStateImpl] TRACE segmented.SegmentedRaftLogCache (AutoCloseableReadWriteLock.java:logLocking(65)) - s0@group-E8AE2E048FCA: readLock ACQUIRED 1 by SegmentedRaftLogCache.getEndIndex
2022-07-14 02:38:07,231 [s0@group-E8AE2E048FCA-LeaderStateImpl] TRACE segmented.SegmentedRaftLogCache (AutoCloseableReadWriteLock.java:logLocking(65)) - s0@group-E8AE2E048FCA: readLock RELEASED 0 by SegmentedRaftLogCache.getEndIndex
2022-07-14 02:38:07,231 [s0@group-E8AE2E048FCA-LeaderStateImpl] TRACE segmented.SegmentedRaftLogCache (AutoCloseableReadWriteLock.java:logLocking(65)) - s0@group-E8AE2E048FCA: readLock ACQUIRED 1 by SegmentedRaftLogCache$LogSegmentList.getTermIndex
2022-07-14 02:38:07,231 [s0@group-E8AE2E048FCA-LeaderStateImpl] TRACE segmented.SegmentedRaftLogCache (AutoCloseableReadWriteLock.java:logLocking(65)) - s0@group-E8AE2E048FCA: readLock RELEASED 0 by SegmentedRaftLogCache$LogSegmentList.getTermIndex
2022-07-14 02:38:07,231 [s0@group-E8AE2E048FCA-LeaderStateImpl] TRACE segmented.SegmentedRaftLogCache (AutoCloseableReadWriteLock.java:logLocking(65)) - s0@group-E8AE2E048FCA: readLock ACQUIRED 1 by SegmentedRaftLogCache.getStartIndex
2022-07-14 02:38:07,231 [s0@group-E8AE2E048FCA-LeaderStateImpl] TRACE segmented.SegmentedRaftLogCache (AutoCloseableReadWriteLock.java:logLocking(65)) -   s0@group-E8AE2E048FCA: readLock ACQUIRED 2 by SegmentedRaftLogCache$LogSegmentList.isEmpty
2022-07-14 02:38:07,231 [s0@group-E8AE2E048FCA-LeaderStateImpl] TRACE segmented.SegmentedRaftLogCache (AutoCloseableReadWriteLock.java:logLocking(65)) -   s0@group-E8AE2E048FCA: readLock RELEASED 1 by SegmentedRaftLogCache$LogSegmentList.isEmpty
2022-07-14 02:38:07,231 [s0@group-E8AE2E048FCA-LeaderStateImpl] TRACE segmented.SegmentedRaftLogCache (AutoCloseableReadWriteLock.java:logLocking(65)) - s0@group-E8AE2E048FCA: readLock RELEASED 0 by SegmentedRaftLogCache.getStartIndex
2022-07-14 02:38:07,231 [s0@group-E8AE2E048FCA-LeaderStateImpl] TRACE segmented.SegmentedRaftLogCache (AutoCloseableReadWriteLock.java:logLocking(65)) - s0@group-E8AE2E048FCA: readLock ACQUIRED 1 by SegmentedRaftLogCache.getEndIndex
2022-07-14 02:38:07,231 [s0@group-E8AE2E048FCA-LeaderStateImpl] TRACE segmented.SegmentedRaftLogCache (AutoCloseableReadWriteLock.java:logLocking(65)) - s0@group-E8AE2E048FCA: readLock RELEASED 0 by SegmentedRaftLogCache.getEndIndex
2022-07-14 02:38:07,231 [s0@group-E8AE2E048FCA-LeaderStateImpl] TRACE segmented.SegmentedRaftLogCache (AutoCloseableReadWriteLock.java:logLocking(65)) - s0@group-E8AE2E048FCA: readLock ACQUIRED 1 by SegmentedRaftLogCache$LogSegmentList.getTermIndex
2022-07-14 02:38:07,231 [s0@group-E8AE2E048FCA-LeaderStateImpl] TRACE segmented.SegmentedRaftLogCache (AutoCloseableReadWriteLock.java:logLocking(65)) - s0@group-E8AE2E048FCA: readLock RELEASED 0 by SegmentedRaftLogCache$LogSegmentList.getTermIndex
2022-07-14 02:38:07,231 [s0@group-E8AE2E048FCA-StateMachineUpdater] INFO  statemachine.SimpleStateMachine4Testing (SimpleStateMachine4Testing.java:put(204)) - s0: put 21, m10 -> (t:1, i:21), STATEMACHINELOGENTRY, 338@client-4187B1F4E061
2022-07-14 02:38:07,232 [s0@group-E8AE2E048FCA-LeaderStateImpl] TRACE segmented.SegmentedRaftLogCache (AutoCloseableReadWriteLock.java:logLocking(65)) - s0@group-E8AE2E048FCA: readLock ACQUIRED 1 by SegmentedRaftLogCache.getLastTermIndex
2022-07-14 02:38:07,232 [s0@group-E8AE2E048FCA-LeaderStateImpl] TRACE segmented.SegmentedRaftLogCache (AutoCloseableReadWriteLock.java:logLocking(65)) - s0@group-E8AE2E048FCA: readLock RELEASED 0 by SegmentedRaftLogCache.getLastTermIndex
2022-07-14 02:38:07,232 [s0@group-E8AE2E048FCA-LeaderStateImpl] TRACE segmented.SegmentedRaftLogCache (AutoCloseableReadWriteLock.java:logLocking(65)) - s0@group-E8AE2E048FCA: readLock ACQUIRED 1 by SegmentedRaftLogCache$LogSegmentList.countCached
2022-07-14 02:38:07,232 [s0@group-E8AE2E048FCA-LeaderStateImpl] TRACE segmented.SegmentedRaftLogCache (AutoCloseableReadWriteLock.java:logLocking(65)) - s0@group-E8AE2E048FCA: readLock RELEASED 0 by SegmentedRaftLogCache$LogSegmentList.countCached
2022-07-14 02:38:07,232 [s0@group-E8AE2E048FCA-LeaderStateImpl] TRACE segmented.SegmentedRaftLogCache (AutoCloseableReadWriteLock.java:logLocking(65)) - s0@group-E8AE2E048FCA: readLock ACQUIRED 1 by SegmentedRaftLogCache$LogSegmentList.getTotalCacheSize
2022-07-14 02:38:07,232 [s0@group-E8AE2E048FCA-LeaderStateImpl] TRACE segmented.SegmentedRaftLogCache (AutoCloseableReadWriteLock.java:logLocking(65)) - s0@group-E8AE2E048FCA: readLock RELEASED 0 by SegmentedRaftLogCache$LogSegmentList.getTotalCacheSize
2022-07-14 02:38:07,234 [s0@group-E8AE2E048FCA-LeaderStateImpl] DEBUG segmented.SegmentedRaftLogWorker (SegmentedRaftLogWorker.java:addIOTask(270)) - s0@group-E8AE2E048FCA-SegmentedRaftLogWorker adds IO task WriteLog:22: (t:1, i:22), METADATAENTRY(c:21)
2022-07-14 02:38:07,241 [s0@group-E8AE2E048FCA-SegmentedRaftLogWorker] DEBUG segmented.SegmentedRaftLogWorker (SegmentedRaftLogWorker.java:flushIfNecessary(365)) - s0@group-E8AE2E048FCA-SegmentedRaftLogWorker: flush SegmentedRaftLogOutputStream(/home/runner/work/ratis/ratis/ratis-test/target/test/data/f69c223b/MiniRaftClusterWithSimulatedRpc37250022/s0/24813b6b-21de-410f-95d3-e8ae2e048fca/current/log_inprogress_0)
2022-07-14 02:38:07,241 [s0-client-thread1] TRACE segmented.SegmentedRaftLogCache (AutoCloseableReadWriteLock.java:logLocking(65)) - s0@group-E8AE2E048FCA: readLock ACQUIRED 1 by SegmentedRaftLogCache.getLastTermIndex
2022-07-14 02:38:07,241 [s0-client-thread1] TRACE segmented.SegmentedRaftLogCache (AutoCloseableReadWriteLock.java:logLocking(65)) - s0@group-E8AE2E048FCA: readLock RELEASED 0 by SegmentedRaftLogCache.getLastTermIndex
2022-07-14 02:38:07,241 [s0-client-thread1] TRACE segmented.SegmentedRaftLogCache (AutoCloseableReadWriteLock.java:logLocking(65)) - s0@group-E8AE2E048FCA: readLock ACQUIRED 1 by SegmentedRaftLogCache.getLastTermIndex
2022-07-14 02:38:07,241 [s0-client-thread1] TRACE segmented.SegmentedRaftLogCache (AutoCloseableReadWriteLock.java:logLocking(65)) - s0@group-E8AE2E048FCA: readLock RELEASED 0 by SegmentedRaftLogCache.getLastTermIndex
2022-07-14 02:38:07,241 [s0-client-thread1] TRACE segmented.SegmentedRaftLogCache (AutoCloseableReadWriteLock.java:logLocking(65)) - s0@group-E8AE2E048FCA: readLock ACQUIRED 1 by SegmentedRaftLogCache$LogSegmentList.countCached
2022-07-14 02:38:07,241 [s0-client-thread1] TRACE segmented.SegmentedRaftLogCache (AutoCloseableReadWriteLock.java:logLocking(65)) - s0@group-E8AE2E048FCA: readLock RELEASED 0 by SegmentedRaftLogCache$LogSegmentList.countCached
2022-07-14 02:38:07,242 [s0-client-thread1] TRACE segmented.SegmentedRaftLogCache (AutoCloseableReadWriteLock.java:logLocking(65)) - s0@group-E8AE2E048FCA: readLock ACQUIRED 1 by SegmentedRaftLogCache$LogSegmentList.getTotalCacheSize
2022-07-14 02:38:07,242 [s0-client-thread1] TRACE segmented.SegmentedRaftLogCache (AutoCloseableReadWriteLock.java:logLocking(65)) - s0@group-E8AE2E048FCA: readLock RELEASED 0 by SegmentedRaftLogCache$LogSegmentList.getTotalCacheSize
2022-07-14 02:38:07,242 [s0-client-thread1] DEBUG segmented.SegmentedRaftLogWorker (SegmentedRaftLogWorker.java:addIOTask(270)) - s0@group-E8AE2E048FCA-SegmentedRaftLogWorker adds IO task WriteLog:23: (t:1, i:23), STATEMACHINELOGENTRY, StateMachineLogEntryProto:339@client-4187B1F4E061
2022-07-14 02:38:07,242 [s0@group-E8AE2E048FCA-SegmentedRaftLogWorker] DEBUG segmented.SegmentedRaftLogWorker (SegmentedRaftLogWorker.java:flushIfNecessary(365)) - s0@group-E8AE2E048FCA-SegmentedRaftLogWorker: flush SegmentedRaftLogOutputStream(/home/runner/work/ratis/ratis/ratis-test/target/test/data/f69c223b/MiniRaftClusterWithSimulatedRpc37250022/s0/24813b6b-21de-410f-95d3-e8ae2e048fca/current/log_inprogress_0)
2022-07-14 02:38:07,242 [s0@group-E8AE2E048FCA-LeaderStateImpl] TRACE segmented.SegmentedRaftLogCache (AutoCloseableReadWriteLock.java:logLocking(65)) - s0@group-E8AE2E048FCA: readLock ACQUIRED 1 by SegmentedRaftLogCache.getStartIndex
2022-07-14 02:38:07,242 [s0@group-E8AE2E048FCA-LeaderStateImpl] TRACE segmented.SegmentedRaftLogCache (AutoCloseableReadWriteLock.java:logLocking(65)) -   s0@group-E8AE2E048FCA: readLock ACQUIRED 2 by SegmentedRaftLogCache$LogSegmentList.isEmpty
2022-07-14 02:38:07,242 [s0@group-E8AE2E048FCA-LeaderStateImpl] TRACE segmented.SegmentedRaftLogCache (AutoCloseableReadWriteLock.java:logLocking(65)) -   s0@group-E8AE2E048FCA: readLock RELEASED 1 by SegmentedRaftLogCache$LogSegmentList.isEmpty
2022-07-14 02:38:07,242 [s0@group-E8AE2E048FCA-LeaderStateImpl] TRACE segmented.SegmentedRaftLogCache (AutoCloseableReadWriteLock.java:logLocking(65)) - s0@group-E8AE2E048FCA: readLock RELEASED 0 by SegmentedRaftLogCache.getStartIndex
2022-07-14 02:38:07,242 [s0@group-E8AE2E048FCA-LeaderStateImpl] TRACE segmented.SegmentedRaftLogCache (AutoCloseableReadWriteLock.java:logLocking(65)) - s0@group-E8AE2E048FCA: readLock ACQUIRED 1 by SegmentedRaftLogCache.getEndIndex
2022-07-14 02:38:07,242 [s0@group-E8AE2E048FCA-LeaderStateImpl] TRACE segmented.SegmentedRaftLogCache (AutoCloseableReadWriteLock.java:logLocking(65)) - s0@group-E8AE2E048FCA: readLock RELEASED 0 by SegmentedRaftLogCache.getEndIndex
2022-07-14 02:38:07,242 [s0@group-E8AE2E048FCA-LeaderStateImpl] TRACE segmented.SegmentedRaftLogCache (AutoCloseableReadWriteLock.java:logLocking(65)) - s0@group-E8AE2E048FCA: readLock ACQUIRED 1 by SegmentedRaftLogCache$LogSegmentList.getTermIndex
2022-07-14 02:38:07,242 [s0@group-E8AE2E048FCA-LeaderStateImpl] TRACE segmented.SegmentedRaftLogCache (AutoCloseableReadWriteLock.java:logLocking(65)) - s0@group-E8AE2E048FCA: readLock RELEASED 0 by SegmentedRaftLogCache$LogSegmentList.getTermIndex
2022-07-14 02:38:07,243 [s0@group-E8AE2E048FCA-LeaderStateImpl] TRACE segmented.SegmentedRaftLogCache (AutoCloseableReadWriteLock.java:logLocking(65)) - s0@group-E8AE2E048FCA: readLock ACQUIRED 1 by SegmentedRaftLogCache.getStartIndex
2022-07-14 02:38:07,243 [s0@group-E8AE2E048FCA-LeaderStateImpl] TRACE segmented.SegmentedRaftLogCache (AutoCloseableReadWriteLock.java:logLocking(65)) -   s0@group-E8AE2E048FCA: readLock ACQUIRED 2 by SegmentedRaftLogCache$LogSegmentList.isEmpty
2022-07-14 02:38:07,243 [s0@group-E8AE2E048FCA-LeaderStateImpl] TRACE segmented.SegmentedRaftLogCache (AutoCloseableReadWriteLock.java:logLocking(65)) -   s0@group-E8AE2E048FCA: readLock RELEASED 1 by SegmentedRaftLogCache$LogSegmentList.isEmpty
2022-07-14 02:38:07,243 [s0@group-E8AE2E048FCA-LeaderStateImpl] TRACE segmented.SegmentedRaftLogCache (AutoCloseableReadWriteLock.java:logLocking(65)) - s0@group-E8AE2E048FCA: readLock RELEASED 0 by SegmentedRaftLogCache.getStartIndex
2022-07-14 02:38:07,243 [s0@group-E8AE2E048FCA-LeaderStateImpl] TRACE segmented.SegmentedRaftLogCache (AutoCloseableReadWriteLock.java:logLocking(65)) - s0@group-E8AE2E048FCA: readLock ACQUIRED 1 by SegmentedRaftLogCache.getEndIndex
2022-07-14 02:38:07,243 [s0@group-E8AE2E048FCA-LeaderStateImpl] TRACE segmented.SegmentedRaftLogCache (AutoCloseableReadWriteLock.java:logLocking(65)) - s0@group-E8AE2E048FCA: readLock RELEASED 0 by SegmentedRaftLogCache.getEndIndex
2022-07-14 02:38:07,243 [s0@group-E8AE2E048FCA-LeaderStateImpl] TRACE segmented.SegmentedRaftLogCache (AutoCloseableReadWriteLock.java:logLocking(65)) - s0@group-E8AE2E048FCA: readLock ACQUIRED 1 by SegmentedRaftLogCache$LogSegmentList.getTermIndex
2022-07-14 02:38:07,243 [s0@group-E8AE2E048FCA-LeaderStateImpl] TRACE segmented.SegmentedRaftLogCache (AutoCloseableReadWriteLock.java:logLocking(65)) - s0@group-E8AE2E048FCA: readLock RELEASED 0 by SegmentedRaftLogCache$LogSegmentList.getTermIndex
2022-07-14 02:38:07,243 [s0@group-E8AE2E048FCA-StateMachineUpdater] INFO  statemachine.SimpleStateMachine4Testing (SimpleStateMachine4Testing.java:put(204)) - s0: put 23, m11 -> (t:1, i:23), STATEMACHINELOGENTRY, 339@client-4187B1F4E061
2022-07-14 02:38:07,243 [s0@group-E8AE2E048FCA-LeaderStateImpl] TRACE segmented.SegmentedRaftLogCache (AutoCloseableReadWriteLock.java:logLocking(65)) - s0@group-E8AE2E048FCA: readLock ACQUIRED 1 by SegmentedRaftLogCache.getLastTermIndex
2022-07-14 02:38:07,243 [s0@group-E8AE2E048FCA-LeaderStateImpl] TRACE segmented.SegmentedRaftLogCache (AutoCloseableReadWriteLock.java:logLocking(65)) - s0@group-E8AE2E048FCA: readLock RELEASED 0 by SegmentedRaftLogCache.getLastTermIndex
2022-07-14 02:38:07,244 [s0@group-E8AE2E048FCA-LeaderStateImpl] TRACE segmented.SegmentedRaftLogCache (AutoCloseableReadWriteLock.java:logLocking(65)) - s0@group-E8AE2E048FCA: readLock ACQUIRED 1 by SegmentedRaftLogCache$LogSegmentList.countCached
2022-07-14 02:38:07,244 [s0@group-E8AE2E048FCA-LeaderStateImpl] TRACE segmented.SegmentedRaftLogCache (AutoCloseableReadWriteLock.java:logLocking(65)) - s0@group-E8AE2E048FCA: readLock RELEASED 0 by SegmentedRaftLogCache$LogSegmentList.countCached
2022-07-14 02:38:07,244 [s0@group-E8AE2E048FCA-LeaderStateImpl] TRACE segmented.SegmentedRaftLogCache (AutoCloseableReadWriteLock.java:logLocking(65)) - s0@group-E8AE2E048FCA: readLock ACQUIRED 1 by SegmentedRaftLogCache$LogSegmentList.getTotalCacheSize
2022-07-14 02:38:07,244 [s0@group-E8AE2E048FCA-LeaderStateImpl] TRACE segmented.SegmentedRaftLogCache (AutoCloseableReadWriteLock.java:logLocking(65)) - s0@group-E8AE2E048FCA: readLock RELEASED 0 by SegmentedRaftLogCache$LogSegmentList.getTotalCacheSize
2022-07-14 02:38:07,244 [s0@group-E8AE2E048FCA-LeaderStateImpl] DEBUG segmented.SegmentedRaftLogWorker (SegmentedRaftLogWorker.java:addIOTask(270)) - s0@group-E8AE2E048FCA-SegmentedRaftLogWorker adds IO task WriteLog:24: (t:1, i:24), METADATAENTRY(c:23)
2022-07-14 02:38:07,244 [s0@group-E8AE2E048FCA-SegmentedRaftLogWorker] DEBUG segmented.SegmentedRaftLogWorker (SegmentedRaftLogWorker.java:flushIfNecessary(365)) - s0@group-E8AE2E048FCA-SegmentedRaftLogWorker: flush SegmentedRaftLogOutputStream(/home/runner/work/ratis/ratis/ratis-test/target/test/data/f69c223b/MiniRaftClusterWithSimulatedRpc37250022/s0/24813b6b-21de-410f-95d3-e8ae2e048fca/current/log_inprogress_0)
2022-07-14 02:38:07,244 [s0-client-thread1] TRACE segmented.SegmentedRaftLogCache (AutoCloseableReadWriteLock.java:logLocking(65)) - s0@group-E8AE2E048FCA: readLock ACQUIRED 1 by SegmentedRaftLogCache.getLastTermIndex
2022-07-14 02:38:07,244 [s0-client-thread1] TRACE segmented.SegmentedRaftLogCache (AutoCloseableReadWriteLock.java:logLocking(65)) - s0@group-E8AE2E048FCA: readLock RELEASED 0 by SegmentedRaftLogCache.getLastTermIndex
2022-07-14 02:38:07,244 [s0-client-thread1] TRACE segmented.SegmentedRaftLogCache (AutoCloseableReadWriteLock.java:logLocking(65)) - s0@group-E8AE2E048FCA: readLock ACQUIRED 1 by SegmentedRaftLogCache.getLastTermIndex
2022-07-14 02:38:07,244 [s0-client-thread1] TRACE segmented.SegmentedRaftLogCache (AutoCloseableReadWriteLock.java:logLocking(65)) - s0@group-E8AE2E048FCA: readLock RELEASED 0 by SegmentedRaftLogCache.getLastTermIndex
2022-07-14 02:38:07,244 [s0-client-thread1] TRACE segmented.SegmentedRaftLogCache (AutoCloseableReadWriteLock.java:logLocking(65)) - s0@group-E8AE2E048FCA: readLock ACQUIRED 1 by SegmentedRaftLogCache$LogSegmentList.countCached
2022-07-14 02:38:07,244 [s0-client-thread1] TRACE segmented.SegmentedRaftLogCache (AutoCloseableReadWriteLock.java:logLocking(65)) - s0@group-E8AE2E048FCA: readLock RELEASED 0 by SegmentedRaftLogCache$LogSegmentList.countCached
2022-07-14 02:38:07,244 [s0-client-thread1] TRACE segmented.SegmentedRaftLogCache (AutoCloseableReadWriteLock.java:logLocking(65)) - s0@group-E8AE2E048FCA: readLock ACQUIRED 1 by SegmentedRaftLogCache$LogSegmentList.getTotalCacheSize
2022-07-14 02:38:07,244 [s0-client-thread1] TRACE segmented.SegmentedRaftLogCache (AutoCloseableReadWriteLock.java:logLocking(65)) - s0@group-E8AE2E048FCA: readLock RELEASED 0 by SegmentedRaftLogCache$LogSegmentList.getTotalCacheSize
2022-07-14 02:38:07,245 [s0-client-thread1] DEBUG segmented.SegmentedRaftLogWorker (SegmentedRaftLogWorker.java:addIOTask(270)) - s0@group-E8AE2E048FCA-SegmentedRaftLogWorker adds IO task WriteLog:25: (t:1, i:25), STATEMACHINELOGENTRY, StateMachineLogEntryProto:340@client-4187B1F4E061
2022-07-14 02:38:07,245 [s0@group-E8AE2E048FCA-SegmentedRaftLogWorker] DEBUG segmented.SegmentedRaftLogWorker (SegmentedRaftLogWorker.java:flushIfNecessary(365)) - s0@group-E8AE2E048FCA-SegmentedRaftLogWorker: flush SegmentedRaftLogOutputStream(/home/runner/work/ratis/ratis/ratis-test/target/test/data/f69c223b/MiniRaftClusterWithSimulatedRpc37250022/s0/24813b6b-21de-410f-95d3-e8ae2e048fca/current/log_inprogress_0)
2022-07-14 02:38:07,245 [s0@group-E8AE2E048FCA-LeaderStateImpl] TRACE segmented.SegmentedRaftLogCache (AutoCloseableReadWriteLock.java:logLocking(65)) - s0@group-E8AE2E048FCA: readLock ACQUIRED 1 by SegmentedRaftLogCache.getStartIndex
2022-07-14 02:38:07,245 [s0@group-E8AE2E048FCA-LeaderStateImpl] TRACE segmented.SegmentedRaftLogCache (AutoCloseableReadWriteLock.java:logLocking(65)) -   s0@group-E8AE2E048FCA: readLock ACQUIRED 2 by SegmentedRaftLogCache$LogSegmentList.isEmpty
2022-07-14 02:38:07,245 [s0@group-E8AE2E048FCA-LeaderStateImpl] TRACE segmented.SegmentedRaftLogCache (AutoCloseableReadWriteLock.java:logLocking(65)) -   s0@group-E8AE2E048FCA: readLock RELEASED 1 by SegmentedRaftLogCache$LogSegmentList.isEmpty
2022-07-14 02:38:07,245 [s0@group-E8AE2E048FCA-LeaderStateImpl] TRACE segmented.SegmentedRaftLogCache (AutoCloseableReadWriteLock.java:logLocking(65)) - s0@group-E8AE2E048FCA: readLock RELEASED 0 by SegmentedRaftLogCache.getStartIndex
2022-07-14 02:38:07,245 [s0@group-E8AE2E048FCA-LeaderStateImpl] TRACE segmented.SegmentedRaftLogCache (AutoCloseableReadWriteLock.java:logLocking(65)) - s0@group-E8AE2E048FCA: readLock ACQUIRED 1 by SegmentedRaftLogCache.getEndIndex
2022-07-14 02:38:07,245 [s0@group-E8AE2E048FCA-LeaderStateImpl] TRACE segmented.SegmentedRaftLogCache (AutoCloseableReadWriteLock.java:logLocking(65)) - s0@group-E8AE2E048FCA: readLock RELEASED 0 by SegmentedRaftLogCache.getEndIndex
2022-07-14 02:38:07,245 [s0@group-E8AE2E048FCA-LeaderStateImpl] TRACE segmented.SegmentedRaftLogCache (AutoCloseableReadWriteLock.java:logLocking(65)) - s0@group-E8AE2E048FCA: readLock ACQUIRED 1 by SegmentedRaftLogCache$LogSegmentList.getTermIndex
2022-07-14 02:38:07,245 [s0@group-E8AE2E048FCA-LeaderStateImpl] TRACE segmented.SegmentedRaftLogCache (AutoCloseableReadWriteLock.java:logLocking(65)) - s0@group-E8AE2E048FCA: readLock RELEASED 0 by SegmentedRaftLogCache$LogSegmentList.getTermIndex
2022-07-14 02:38:07,246 [s0@group-E8AE2E048FCA-LeaderStateImpl] TRACE segmented.SegmentedRaftLogCache (AutoCloseableReadWriteLock.java:logLocking(65)) - s0@group-E8AE2E048FCA: readLock ACQUIRED 1 by SegmentedRaftLogCache.getStartIndex
2022-07-14 02:38:07,246 [s0@group-E8AE2E048FCA-LeaderStateImpl] TRACE segmented.SegmentedRaftLogCache (AutoCloseableReadWriteLock.java:logLocking(65)) -   s0@group-E8AE2E048FCA: readLock ACQUIRED 2 by SegmentedRaftLogCache$LogSegmentList.isEmpty
2022-07-14 02:38:07,246 [s0@group-E8AE2E048FCA-LeaderStateImpl] TRACE segmented.SegmentedRaftLogCache (AutoCloseableReadWriteLock.java:logLocking(65)) -   s0@group-E8AE2E048FCA: readLock RELEASED 1 by SegmentedRaftLogCache$LogSegmentList.isEmpty
2022-07-14 02:38:07,246 [s0@group-E8AE2E048FCA-LeaderStateImpl] TRACE segmented.SegmentedRaftLogCache (AutoCloseableReadWriteLock.java:logLocking(65)) - s0@group-E8AE2E048FCA: readLock RELEASED 0 by SegmentedRaftLogCache.getStartIndex
2022-07-14 02:38:07,246 [s0@group-E8AE2E048FCA-LeaderStateImpl] TRACE segmented.SegmentedRaftLogCache (AutoCloseableReadWriteLock.java:logLocking(65)) - s0@group-E8AE2E048FCA: readLock ACQUIRED 1 by SegmentedRaftLogCache.getEndIndex
2022-07-14 02:38:07,246 [s0@group-E8AE2E048FCA-LeaderStateImpl] TRACE segmented.SegmentedRaftLogCache (AutoCloseableReadWriteLock.java:logLocking(65)) - s0@group-E8AE2E048FCA: readLock RELEASED 0 by SegmentedRaftLogCache.getEndIndex
2022-07-14 02:38:07,246 [s0@group-E8AE2E048FCA-LeaderStateImpl] TRACE segmented.SegmentedRaftLogCache (AutoCloseableReadWriteLock.java:logLocking(65)) - s0@group-E8AE2E048FCA: readLock ACQUIRED 1 by SegmentedRaftLogCache$LogSegmentList.getTermIndex
2022-07-14 02:38:07,246 [s0@group-E8AE2E048FCA-LeaderStateImpl] TRACE segmented.SegmentedRaftLogCache (AutoCloseableReadWriteLock.java:logLocking(65)) - s0@group-E8AE2E048FCA: readLock RELEASED 0 by SegmentedRaftLogCache$LogSegmentList.getTermIndex
2022-07-14 02:38:07,246 [s0@group-E8AE2E048FCA-StateMachineUpdater] INFO  statemachine.SimpleStateMachine4Testing (SimpleStateMachine4Testing.java:put(204)) - s0: put 25, m12 -> (t:1, i:25), STATEMACHINELOGENTRY, 340@client-4187B1F4E061
2022-07-14 02:38:07,246 [s0@group-E8AE2E048FCA-LeaderStateImpl] TRACE segmented.SegmentedRaftLogCache (AutoCloseableReadWriteLock.java:logLocking(65)) - s0@group-E8AE2E048FCA: readLock ACQUIRED 1 by SegmentedRaftLogCache.getLastTermIndex
2022-07-14 02:38:07,246 [s0@group-E8AE2E048FCA-LeaderStateImpl] TRACE segmented.SegmentedRaftLogCache (AutoCloseableReadWriteLock.java:logLocking(65)) - s0@group-E8AE2E048FCA: readLock RELEASED 0 by SegmentedRaftLogCache.getLastTermIndex
2022-07-14 02:38:07,246 [s0@group-E8AE2E048FCA-LeaderStateImpl] TRACE segmented.SegmentedRaftLogCache (AutoCloseableReadWriteLock.java:logLocking(65)) - s0@group-E8AE2E048FCA: readLock ACQUIRED 1 by SegmentedRaftLogCache$LogSegmentList.countCached
2022-07-14 02:38:07,246 [s0@group-E8AE2E048FCA-LeaderStateImpl] TRACE segmented.SegmentedRaftLogCache (AutoCloseableReadWriteLock.java:logLocking(65)) - s0@group-E8AE2E048FCA: readLock RELEASED 0 by SegmentedRaftLogCache$LogSegmentList.countCached
2022-07-14 02:38:07,246 [s0@group-E8AE2E048FCA-LeaderStateImpl] TRACE segmented.SegmentedRaftLogCache (AutoCloseableReadWriteLock.java:logLocking(65)) - s0@group-E8AE2E048FCA: readLock ACQUIRED 1 by SegmentedRaftLogCache$LogSegmentList.getTotalCacheSize
2022-07-14 02:38:07,246 [s0@group-E8AE2E048FCA-LeaderStateImpl] TRACE segmented.SegmentedRaftLogCache (AutoCloseableReadWriteLock.java:logLocking(65)) - s0@group-E8AE2E048FCA: readLock RELEASED 0 by SegmentedRaftLogCache$LogSegmentList.getTotalCacheSize
2022-07-14 02:38:07,246 [s0@group-E8AE2E048FCA-LeaderStateImpl] DEBUG segmented.SegmentedRaftLogWorker (SegmentedRaftLogWorker.java:addIOTask(270)) - s0@group-E8AE2E048FCA-SegmentedRaftLogWorker adds IO task WriteLog:26: (t:1, i:26), METADATAENTRY(c:25)
2022-07-14 02:38:07,247 [s0@group-E8AE2E048FCA-SegmentedRaftLogWorker] DEBUG segmented.SegmentedRaftLogWorker (SegmentedRaftLogWorker.java:flushIfNecessary(365)) - s0@group-E8AE2E048FCA-SegmentedRaftLogWorker: flush SegmentedRaftLogOutputStream(/home/runner/work/ratis/ratis/ratis-test/target/test/data/f69c223b/MiniRaftClusterWithSimulatedRpc37250022/s0/24813b6b-21de-410f-95d3-e8ae2e048fca/current/log_inprogress_0)
2022-07-14 02:38:07,247 [s0-client-thread1] TRACE segmented.SegmentedRaftLogCache (AutoCloseableReadWriteLock.java:logLocking(65)) - s0@group-E8AE2E048FCA: readLock ACQUIRED 1 by SegmentedRaftLogCache.getLastTermIndex
2022-07-14 02:38:07,247 [s0-client-thread1] TRACE segmented.SegmentedRaftLogCache (AutoCloseableReadWriteLock.java:logLocking(65)) - s0@group-E8AE2E048FCA: readLock RELEASED 0 by SegmentedRaftLogCache.getLastTermIndex
2022-07-14 02:38:07,247 [s0-client-thread1] TRACE segmented.SegmentedRaftLogCache (AutoCloseableReadWriteLock.java:logLocking(65)) - s0@group-E8AE2E048FCA: readLock ACQUIRED 1 by SegmentedRaftLogCache.getLastTermIndex
2022-07-14 02:38:07,247 [s0-client-thread1] TRACE segmented.SegmentedRaftLogCache (AutoCloseableReadWriteLock.java:logLocking(65)) - s0@group-E8AE2E048FCA: readLock RELEASED 0 by SegmentedRaftLogCache.getLastTermIndex
2022-07-14 02:38:07,247 [s0-client-thread1] TRACE segmented.SegmentedRaftLogCache (AutoCloseableReadWriteLock.java:logLocking(65)) - s0@group-E8AE2E048FCA: readLock ACQUIRED 1 by SegmentedRaftLogCache$LogSegmentList.countCached
2022-07-14 02:38:07,247 [s0-client-thread1] TRACE segmented.SegmentedRaftLogCache (AutoCloseableReadWriteLock.java:logLocking(65)) - s0@group-E8AE2E048FCA: readLock RELEASED 0 by SegmentedRaftLogCache$LogSegmentList.countCached
2022-07-14 02:38:07,247 [s0-client-thread1] TRACE segmented.SegmentedRaftLogCache (AutoCloseableReadWriteLock.java:logLocking(65)) - s0@group-E8AE2E048FCA: readLock ACQUIRED 1 by SegmentedRaftLogCache$LogSegmentList.getTotalCacheSize
2022-07-14 02:38:07,247 [s0-client-thread1] TRACE segmented.SegmentedRaftLogCache (AutoCloseableReadWriteLock.java:logLocking(65)) - s0@group-E8AE2E048FCA: readLock RELEASED 0 by SegmentedRaftLogCache$LogSegmentList.getTotalCacheSize
2022-07-14 02:38:07,247 [s0-client-thread1] DEBUG segmented.SegmentedRaftLogWorker (SegmentedRaftLogWorker.java:addIOTask(270)) - s0@group-E8AE2E048FCA-SegmentedRaftLogWorker adds IO task WriteLog:27: (t:1, i:27), STATEMACHINELOGENTRY, StateMachineLogEntryProto:341@client-4187B1F4E061
2022-07-14 02:38:07,247 [s0@group-E8AE2E048FCA-SegmentedRaftLogWorker] DEBUG segmented.SegmentedRaftLogWorker (SegmentedRaftLogWorker.java:flushIfNecessary(365)) - s0@group-E8AE2E048FCA-SegmentedRaftLogWorker: flush SegmentedRaftLogOutputStream(/home/runner/work/ratis/ratis/ratis-test/target/test/data/f69c223b/MiniRaftClusterWithSimulatedRpc37250022/s0/24813b6b-21de-410f-95d3-e8ae2e048fca/current/log_inprogress_0)
2022-07-14 02:38:07,247 [s0@group-E8AE2E048FCA-LeaderStateImpl] TRACE segmented.SegmentedRaftLogCache (AutoCloseableReadWriteLock.java:logLocking(65)) - s0@group-E8AE2E048FCA: readLock ACQUIRED 1 by SegmentedRaftLogCache.getStartIndex
2022-07-14 02:38:07,247 [s0@group-E8AE2E048FCA-LeaderStateImpl] TRACE segmented.SegmentedRaftLogCache (AutoCloseableReadWriteLock.java:logLocking(65)) -   s0@group-E8AE2E048FCA: readLock ACQUIRED 2 by SegmentedRaftLogCache$LogSegmentList.isEmpty
2022-07-14 02:38:07,248 [s0@group-E8AE2E048FCA-LeaderStateImpl] TRACE segmented.SegmentedRaftLogCache (AutoCloseableReadWriteLock.java:logLocking(65)) -   s0@group-E8AE2E048FCA: readLock RELEASED 1 by SegmentedRaftLogCache$LogSegmentList.isEmpty
2022-07-14 02:38:07,248 [s0@group-E8AE2E048FCA-LeaderStateImpl] TRACE segmented.SegmentedRaftLogCache (AutoCloseableReadWriteLock.java:logLocking(65)) - s0@group-E8AE2E048FCA: readLock RELEASED 0 by SegmentedRaftLogCache.getStartIndex
2022-07-14 02:38:07,248 [s0@group-E8AE2E048FCA-LeaderStateImpl] TRACE segmented.SegmentedRaftLogCache (AutoCloseableReadWriteLock.java:logLocking(65)) - s0@group-E8AE2E048FCA: readLock ACQUIRED 1 by SegmentedRaftLogCache.getEndIndex
2022-07-14 02:38:07,248 [s0@group-E8AE2E048FCA-LeaderStateImpl] TRACE segmented.SegmentedRaftLogCache (AutoCloseableReadWriteLock.java:logLocking(65)) - s0@group-E8AE2E048FCA: readLock RELEASED 0 by SegmentedRaftLogCache.getEndIndex
2022-07-14 02:38:07,248 [s0@group-E8AE2E048FCA-LeaderStateImpl] TRACE segmented.SegmentedRaftLogCache (AutoCloseableReadWriteLock.java:logLocking(65)) - s0@group-E8AE2E048FCA: readLock ACQUIRED 1 by SegmentedRaftLogCache$LogSegmentList.getTermIndex
2022-07-14 02:38:07,248 [s0@group-E8AE2E048FCA-LeaderStateImpl] TRACE segmented.SegmentedRaftLogCache (AutoCloseableReadWriteLock.java:logLocking(65)) - s0@group-E8AE2E048FCA: readLock RELEASED 0 by SegmentedRaftLogCache$LogSegmentList.getTermIndex
2022-07-14 02:38:07,248 [s0@group-E8AE2E048FCA-LeaderStateImpl] TRACE segmented.SegmentedRaftLogCache (AutoCloseableReadWriteLock.java:logLocking(65)) - s0@group-E8AE2E048FCA: readLock ACQUIRED 1 by SegmentedRaftLogCache.getStartIndex
2022-07-14 02:38:07,248 [s0@group-E8AE2E048FCA-LeaderStateImpl] TRACE segmented.SegmentedRaftLogCache (AutoCloseableReadWriteLock.java:logLocking(65)) -   s0@group-E8AE2E048FCA: readLock ACQUIRED 2 by SegmentedRaftLogCache$LogSegmentList.isEmpty
2022-07-14 02:38:07,248 [s0@group-E8AE2E048FCA-LeaderStateImpl] TRACE segmented.SegmentedRaftLogCache (AutoCloseableReadWriteLock.java:logLocking(65)) -   s0@group-E8AE2E048FCA: readLock RELEASED 1 by SegmentedRaftLogCache$LogSegmentList.isEmpty
2022-07-14 02:38:07,248 [s0@group-E8AE2E048FCA-LeaderStateImpl] TRACE segmented.SegmentedRaftLogCache (AutoCloseableReadWriteLock.java:logLocking(65)) - s0@group-E8AE2E048FCA: readLock RELEASED 0 by SegmentedRaftLogCache.getStartIndex
2022-07-14 02:38:07,248 [s0@group-E8AE2E048FCA-LeaderStateImpl] TRACE segmented.SegmentedRaftLogCache (AutoCloseableReadWriteLock.java:logLocking(65)) - s0@group-E8AE2E048FCA: readLock ACQUIRED 1 by SegmentedRaftLogCache.getEndIndex
2022-07-14 02:38:07,248 [s0@group-E8AE2E048FCA-LeaderStateImpl] TRACE segmented.SegmentedRaftLogCache (AutoCloseableReadWriteLock.java:logLocking(65)) - s0@group-E8AE2E048FCA: readLock RELEASED 0 by SegmentedRaftLogCache.getEndIndex
2022-07-14 02:38:07,248 [s0@group-E8AE2E048FCA-LeaderStateImpl] TRACE segmented.SegmentedRaftLogCache (AutoCloseableReadWriteLock.java:logLocking(65)) - s0@group-E8AE2E048FCA: readLock ACQUIRED 1 by SegmentedRaftLogCache$LogSegmentList.getTermIndex
2022-07-14 02:38:07,248 [s0@group-E8AE2E048FCA-LeaderStateImpl] TRACE segmented.SegmentedRaftLogCache (AutoCloseableReadWriteLock.java:logLocking(65)) - s0@group-E8AE2E048FCA: readLock RELEASED 0 by SegmentedRaftLogCache$LogSegmentList.getTermIndex
2022-07-14 02:38:07,248 [s0@group-E8AE2E048FCA-StateMachineUpdater] INFO  statemachine.SimpleStateMachine4Testing (SimpleStateMachine4Testing.java:put(204)) - s0: put 27, m13 -> (t:1, i:27), STATEMACHINELOGENTRY, 341@client-4187B1F4E061
2022-07-14 02:38:07,248 [s0@group-E8AE2E048FCA-LeaderStateImpl] TRACE segmented.SegmentedRaftLogCache (AutoCloseableReadWriteLock.java:logLocking(65)) - s0@group-E8AE2E048FCA: readLock ACQUIRED 1 by SegmentedRaftLogCache.getLastTermIndex
2022-07-14 02:38:07,248 [s0@group-E8AE2E048FCA-LeaderStateImpl] TRACE segmented.SegmentedRaftLogCache (AutoCloseableReadWriteLock.java:logLocking(65)) - s0@group-E8AE2E048FCA: readLock RELEASED 0 by SegmentedRaftLogCache.getLastTermIndex
2022-07-14 02:38:07,248 [s0@group-E8AE2E048FCA-LeaderStateImpl] TRACE segmented.SegmentedRaftLogCache (AutoCloseableReadWriteLock.java:logLocking(65)) - s0@group-E8AE2E048FCA: readLock ACQUIRED 1 by SegmentedRaftLogCache$LogSegmentList.countCached
2022-07-14 02:38:07,248 [s0@group-E8AE2E048FCA-LeaderStateImpl] TRACE segmented.SegmentedRaftLogCache (AutoCloseableReadWriteLock.java:logLocking(65)) - s0@group-E8AE2E048FCA: readLock RELEASED 0 by SegmentedRaftLogCache$LogSegmentList.countCached
2022-07-14 02:38:07,249 [s0@group-E8AE2E048FCA-LeaderStateImpl] TRACE segmented.SegmentedRaftLogCache (AutoCloseableReadWriteLock.java:logLocking(65)) - s0@group-E8AE2E048FCA: readLock ACQUIRED 1 by SegmentedRaftLogCache$LogSegmentList.getTotalCacheSize
2022-07-14 02:38:07,249 [s0@group-E8AE2E048FCA-LeaderStateImpl] TRACE segmented.SegmentedRaftLogCache (AutoCloseableReadWriteLock.java:logLocking(65)) - s0@group-E8AE2E048FCA: readLock RELEASED 0 by SegmentedRaftLogCache$LogSegmentList.getTotalCacheSize
2022-07-14 02:38:07,249 [s0@group-E8AE2E048FCA-LeaderStateImpl] DEBUG segmented.SegmentedRaftLogWorker (SegmentedRaftLogWorker.java:addIOTask(270)) - s0@group-E8AE2E048FCA-SegmentedRaftLogWorker adds IO task WriteLog:28: (t:1, i:28), METADATAENTRY(c:27)
2022-07-14 02:38:07,249 [s0@group-E8AE2E048FCA-SegmentedRaftLogWorker] DEBUG segmented.SegmentedRaftLogWorker (SegmentedRaftLogWorker.java:flushIfNecessary(365)) - s0@group-E8AE2E048FCA-SegmentedRaftLogWorker: flush SegmentedRaftLogOutputStream(/home/runner/work/ratis/ratis/ratis-test/target/test/data/f69c223b/MiniRaftClusterWithSimulatedRpc37250022/s0/24813b6b-21de-410f-95d3-e8ae2e048fca/current/log_inprogress_0)
2022-07-14 02:38:07,249 [s0-client-thread1] TRACE segmented.SegmentedRaftLogCache (AutoCloseableReadWriteLock.java:logLocking(65)) - s0@group-E8AE2E048FCA: readLock ACQUIRED 1 by SegmentedRaftLogCache.getLastTermIndex
2022-07-14 02:38:07,249 [s0-client-thread1] TRACE segmented.SegmentedRaftLogCache (AutoCloseableReadWriteLock.java:logLocking(65)) - s0@group-E8AE2E048FCA: readLock RELEASED 0 by SegmentedRaftLogCache.getLastTermIndex
2022-07-14 02:38:07,249 [s0-client-thread1] TRACE segmented.SegmentedRaftLogCache (AutoCloseableReadWriteLock.java:logLocking(65)) - s0@group-E8AE2E048FCA: readLock ACQUIRED 1 by SegmentedRaftLogCache.getLastTermIndex
2022-07-14 02:38:07,249 [s0-client-thread1] TRACE segmented.SegmentedRaftLogCache (AutoCloseableReadWriteLock.java:logLocking(65)) - s0@group-E8AE2E048FCA: readLock RELEASED 0 by SegmentedRaftLogCache.getLastTermIndex
2022-07-14 02:38:07,249 [s0-client-thread1] TRACE segmented.SegmentedRaftLogCache (AutoCloseableReadWriteLock.java:logLocking(65)) - s0@group-E8AE2E048FCA: readLock ACQUIRED 1 by SegmentedRaftLogCache$LogSegmentList.countCached
2022-07-14 02:38:07,249 [s0-client-thread1] TRACE segmented.SegmentedRaftLogCache (AutoCloseableReadWriteLock.java:logLocking(65)) - s0@group-E8AE2E048FCA: readLock RELEASED 0 by SegmentedRaftLogCache$LogSegmentList.countCached
2022-07-14 02:38:07,249 [s0-client-thread1] TRACE segmented.SegmentedRaftLogCache (AutoCloseableReadWriteLock.java:logLocking(65)) - s0@group-E8AE2E048FCA: readLock ACQUIRED 1 by SegmentedRaftLogCache$LogSegmentList.getTotalCacheSize
2022-07-14 02:38:07,249 [s0-client-thread1] TRACE segmented.SegmentedRaftLogCache (AutoCloseableReadWriteLock.java:logLocking(65)) - s0@group-E8AE2E048FCA: readLock RELEASED 0 by SegmentedRaftLogCache$LogSegmentList.getTotalCacheSize
2022-07-14 02:38:07,250 [s0-client-thread1] DEBUG segmented.SegmentedRaftLogWorker (SegmentedRaftLogWorker.java:addIOTask(270)) - s0@group-E8AE2E048FCA-SegmentedRaftLogWorker adds IO task WriteLog:29: (t:1, i:29), STATEMACHINELOGENTRY, StateMachineLogEntryProto:342@client-4187B1F4E061
2022-07-14 02:38:07,250 [s0@group-E8AE2E048FCA-SegmentedRaftLogWorker] DEBUG segmented.SegmentedRaftLogWorker (SegmentedRaftLogWorker.java:flushIfNecessary(365)) - s0@group-E8AE2E048FCA-SegmentedRaftLogWorker: flush SegmentedRaftLogOutputStream(/home/runner/work/ratis/ratis/ratis-test/target/test/data/f69c223b/MiniRaftClusterWithSimulatedRpc37250022/s0/24813b6b-21de-410f-95d3-e8ae2e048fca/current/log_inprogress_0)
2022-07-14 02:38:07,250 [s0@group-E8AE2E048FCA-LeaderStateImpl] TRACE segmented.SegmentedRaftLogCache (AutoCloseableReadWriteLock.java:logLocking(65)) - s0@group-E8AE2E048FCA: readLock ACQUIRED 1 by SegmentedRaftLogCache.getStartIndex
2022-07-14 02:38:07,250 [s0@group-E8AE2E048FCA-LeaderStateImpl] TRACE segmented.SegmentedRaftLogCache (AutoCloseableReadWriteLock.java:logLocking(65)) -   s0@group-E8AE2E048FCA: readLock ACQUIRED 2 by SegmentedRaftLogCache$LogSegmentList.isEmpty
2022-07-14 02:38:07,250 [s0@group-E8AE2E048FCA-LeaderStateImpl] TRACE segmented.SegmentedRaftLogCache (AutoCloseableReadWriteLock.java:logLocking(65)) -   s0@group-E8AE2E048FCA: readLock RELEASED 1 by SegmentedRaftLogCache$LogSegmentList.isEmpty
2022-07-14 02:38:07,250 [s0@group-E8AE2E048FCA-LeaderStateImpl] TRACE segmented.SegmentedRaftLogCache (AutoCloseableReadWriteLock.java:logLocking(65)) - s0@group-E8AE2E048FCA: readLock RELEASED 0 by SegmentedRaftLogCache.getStartIndex
2022-07-14 02:38:07,250 [s0@group-E8AE2E048FCA-LeaderStateImpl] TRACE segmented.SegmentedRaftLogCache (AutoCloseableReadWriteLock.java:logLocking(65)) - s0@group-E8AE2E048FCA: readLock ACQUIRED 1 by SegmentedRaftLogCache.getEndIndex
2022-07-14 02:38:07,250 [s0@group-E8AE2E048FCA-LeaderStateImpl] TRACE segmented.SegmentedRaftLogCache (AutoCloseableReadWriteLock.java:logLocking(65)) - s0@group-E8AE2E048FCA: readLock RELEASED 0 by SegmentedRaftLogCache.getEndIndex
2022-07-14 02:38:07,250 [s0@group-E8AE2E048FCA-LeaderStateImpl] TRACE segmented.SegmentedRaftLogCache (AutoCloseableReadWriteLock.java:logLocking(65)) - s0@group-E8AE2E048FCA: readLock ACQUIRED 1 by SegmentedRaftLogCache$LogSegmentList.getTermIndex
2022-07-14 02:38:07,250 [s0@group-E8AE2E048FCA-LeaderStateImpl] TRACE segmented.SegmentedRaftLogCache (AutoCloseableReadWriteLock.java:logLocking(65)) - s0@group-E8AE2E048FCA: readLock RELEASED 0 by SegmentedRaftLogCache$LogSegmentList.getTermIndex
2022-07-14 02:38:07,250 [s0@group-E8AE2E048FCA-LeaderStateImpl] TRACE segmented.SegmentedRaftLogCache (AutoCloseableReadWriteLock.java:logLocking(65)) - s0@group-E8AE2E048FCA: readLock ACQUIRED 1 by SegmentedRaftLogCache.getStartIndex
2022-07-14 02:38:07,250 [s0@group-E8AE2E048FCA-LeaderStateImpl] TRACE segmented.SegmentedRaftLogCache (AutoCloseableReadWriteLock.java:logLocking(65)) -   s0@group-E8AE2E048FCA: readLock ACQUIRED 2 by SegmentedRaftLogCache$LogSegmentList.isEmpty
2022-07-14 02:38:07,250 [s0@group-E8AE2E048FCA-LeaderStateImpl] TRACE segmented.SegmentedRaftLogCache (AutoCloseableReadWriteLock.java:logLocking(65)) -   s0@group-E8AE2E048FCA: readLock RELEASED 1 by SegmentedRaftLogCache$LogSegmentList.isEmpty
2022-07-14 02:38:07,250 [s0@group-E8AE2E048FCA-LeaderStateImpl] TRACE segmented.SegmentedRaftLogCache (AutoCloseableReadWriteLock.java:logLocking(65)) - s0@group-E8AE2E048FCA: readLock RELEASED 0 by SegmentedRaftLogCache.getStartIndex
2022-07-14 02:38:07,250 [s0@group-E8AE2E048FCA-LeaderStateImpl] TRACE segmented.SegmentedRaftLogCache (AutoCloseableReadWriteLock.java:logLocking(65)) - s0@group-E8AE2E048FCA: readLock ACQUIRED 1 by SegmentedRaftLogCache.getEndIndex
2022-07-14 02:38:07,250 [s0@group-E8AE2E048FCA-LeaderStateImpl] TRACE segmented.SegmentedRaftLogCache (AutoCloseableReadWriteLock.java:logLocking(65)) - s0@group-E8AE2E048FCA: readLock RELEASED 0 by SegmentedRaftLogCache.getEndIndex
2022-07-14 02:38:07,250 [s0@group-E8AE2E048FCA-LeaderStateImpl] TRACE segmented.SegmentedRaftLogCache (AutoCloseableReadWriteLock.java:logLocking(65)) - s0@group-E8AE2E048FCA: readLock ACQUIRED 1 by SegmentedRaftLogCache$LogSegmentList.getTermIndex
2022-07-14 02:38:07,250 [s0@group-E8AE2E048FCA-LeaderStateImpl] TRACE segmented.SegmentedRaftLogCache (AutoCloseableReadWriteLock.java:logLocking(65)) - s0@group-E8AE2E048FCA: readLock RELEASED 0 by SegmentedRaftLogCache$LogSegmentList.getTermIndex
2022-07-14 02:38:07,250 [s0@group-E8AE2E048FCA-StateMachineUpdater] INFO  statemachine.SimpleStateMachine4Testing (SimpleStateMachine4Testing.java:put(204)) - s0: put 29, m14 -> (t:1, i:29), STATEMACHINELOGENTRY, 342@client-4187B1F4E061
2022-07-14 02:38:07,251 [s0@group-E8AE2E048FCA-LeaderStateImpl] TRACE segmented.SegmentedRaftLogCache (AutoCloseableReadWriteLock.java:logLocking(65)) - s0@group-E8AE2E048FCA: readLock ACQUIRED 1 by SegmentedRaftLogCache.getLastTermIndex
2022-07-14 02:38:07,251 [s0@group-E8AE2E048FCA-LeaderStateImpl] TRACE segmented.SegmentedRaftLogCache (AutoCloseableReadWriteLock.java:logLocking(65)) - s0@group-E8AE2E048FCA: readLock RELEASED 0 by SegmentedRaftLogCache.getLastTermIndex
2022-07-14 02:38:07,251 [s0@group-E8AE2E048FCA-LeaderStateImpl] TRACE segmented.SegmentedRaftLogCache (AutoCloseableReadWriteLock.java:logLocking(65)) - s0@group-E8AE2E048FCA: readLock ACQUIRED 1 by SegmentedRaftLogCache$LogSegmentList.countCached
2022-07-14 02:38:07,251 [s0@group-E8AE2E048FCA-LeaderStateImpl] TRACE segmented.SegmentedRaftLogCache (AutoCloseableReadWriteLock.java:logLocking(65)) - s0@group-E8AE2E048FCA: readLock RELEASED 0 by SegmentedRaftLogCache$LogSegmentList.countCached
2022-07-14 02:38:07,251 [s0@group-E8AE2E048FCA-LeaderStateImpl] TRACE segmented.SegmentedRaftLogCache (AutoCloseableReadWriteLock.java:logLocking(65)) - s0@group-E8AE2E048FCA: readLock ACQUIRED 1 by SegmentedRaftLogCache$LogSegmentList.getTotalCacheSize
2022-07-14 02:38:07,251 [s0@group-E8AE2E048FCA-LeaderStateImpl] TRACE segmented.SegmentedRaftLogCache (AutoCloseableReadWriteLock.java:logLocking(65)) - s0@group-E8AE2E048FCA: readLock RELEASED 0 by SegmentedRaftLogCache$LogSegmentList.getTotalCacheSize
2022-07-14 02:38:07,251 [s0@group-E8AE2E048FCA-LeaderStateImpl] DEBUG segmented.SegmentedRaftLogWorker (SegmentedRaftLogWorker.java:addIOTask(270)) - s0@group-E8AE2E048FCA-SegmentedRaftLogWorker adds IO task WriteLog:30: (t:1, i:30), METADATAENTRY(c:29)
2022-07-14 02:38:07,251 [s0@group-E8AE2E048FCA-SegmentedRaftLogWorker] DEBUG segmented.SegmentedRaftLogWorker (SegmentedRaftLogWorker.java:flushIfNecessary(365)) - s0@group-E8AE2E048FCA-SegmentedRaftLogWorker: flush SegmentedRaftLogOutputStream(/home/runner/work/ratis/ratis/ratis-test/target/test/data/f69c223b/MiniRaftClusterWithSimulatedRpc37250022/s0/24813b6b-21de-410f-95d3-e8ae2e048fca/current/log_inprogress_0)
2022-07-14 02:38:07,251 [s0-client-thread1] TRACE segmented.SegmentedRaftLogCache (AutoCloseableReadWriteLock.java:logLocking(65)) - s0@group-E8AE2E048FCA: readLock ACQUIRED 1 by SegmentedRaftLogCache.getLastTermIndex
2022-07-14 02:38:07,251 [s0-client-thread1] TRACE segmented.SegmentedRaftLogCache (AutoCloseableReadWriteLock.java:logLocking(65)) - s0@group-E8AE2E048FCA: readLock RELEASED 0 by SegmentedRaftLogCache.getLastTermIndex
2022-07-14 02:38:07,251 [s0-client-thread1] TRACE segmented.SegmentedRaftLogCache (AutoCloseableReadWriteLock.java:logLocking(65)) - s0@group-E8AE2E048FCA: readLock ACQUIRED 1 by SegmentedRaftLogCache.getLastTermIndex
2022-07-14 02:38:07,251 [s0-client-thread1] TRACE segmented.SegmentedRaftLogCache (AutoCloseableReadWriteLock.java:logLocking(65)) - s0@group-E8AE2E048FCA: readLock RELEASED 0 by SegmentedRaftLogCache.getLastTermIndex
2022-07-14 02:38:07,251 [s0-client-thread1] TRACE segmented.SegmentedRaftLogCache (AutoCloseableReadWriteLock.java:logLocking(65)) - s0@group-E8AE2E048FCA: readLock ACQUIRED 1 by SegmentedRaftLogCache$LogSegmentList.countCached
2022-07-14 02:38:07,251 [s0-client-thread1] TRACE segmented.SegmentedRaftLogCache (AutoCloseableReadWriteLock.java:logLocking(65)) - s0@group-E8AE2E048FCA: readLock RELEASED 0 by SegmentedRaftLogCache$LogSegmentList.countCached
2022-07-14 02:38:07,251 [s0-client-thread1] TRACE segmented.SegmentedRaftLogCache (AutoCloseableReadWriteLock.java:logLocking(65)) - s0@group-E8AE2E048FCA: readLock ACQUIRED 1 by SegmentedRaftLogCache$LogSegmentList.getTotalCacheSize
2022-07-14 02:38:07,251 [s0-client-thread1] TRACE segmented.SegmentedRaftLogCache (AutoCloseableReadWriteLock.java:logLocking(65)) - s0@group-E8AE2E048FCA: readLock RELEASED 0 by SegmentedRaftLogCache$LogSegmentList.getTotalCacheSize
2022-07-14 02:38:07,252 [s0-client-thread1] DEBUG segmented.SegmentedRaftLogWorker (SegmentedRaftLogWorker.java:addIOTask(270)) - s0@group-E8AE2E048FCA-SegmentedRaftLogWorker adds IO task WriteLog:31: (t:1, i:31), STATEMACHINELOGENTRY, StateMachineLogEntryProto:343@client-4187B1F4E061
2022-07-14 02:38:07,252 [s0@group-E8AE2E048FCA-LeaderStateImpl] TRACE segmented.SegmentedRaftLogCache (AutoCloseableReadWriteLock.java:logLocking(65)) - s0@group-E8AE2E048FCA: readLock ACQUIRED 1 by SegmentedRaftLogCache.getStartIndex
2022-07-14 02:38:07,252 [s0@group-E8AE2E048FCA-SegmentedRaftLogWorker] DEBUG segmented.SegmentedRaftLogWorker (SegmentedRaftLogWorker.java:flushIfNecessary(365)) - s0@group-E8AE2E048FCA-SegmentedRaftLogWorker: flush SegmentedRaftLogOutputStream(/home/runner/work/ratis/ratis/ratis-test/target/test/data/f69c223b/MiniRaftClusterWithSimulatedRpc37250022/s0/24813b6b-21de-410f-95d3-e8ae2e048fca/current/log_inprogress_0)
2022-07-14 02:38:07,252 [s0@group-E8AE2E048FCA-LeaderStateImpl] TRACE segmented.SegmentedRaftLogCache (AutoCloseableReadWriteLock.java:logLocking(65)) -   s0@group-E8AE2E048FCA: readLock ACQUIRED 2 by SegmentedRaftLogCache$LogSegmentList.isEmpty
2022-07-14 02:38:07,252 [s0@group-E8AE2E048FCA-LeaderStateImpl] TRACE segmented.SegmentedRaftLogCache (AutoCloseableReadWriteLock.java:logLocking(65)) -   s0@group-E8AE2E048FCA: readLock RELEASED 1 by SegmentedRaftLogCache$LogSegmentList.isEmpty
2022-07-14 02:38:07,252 [s0@group-E8AE2E048FCA-LeaderStateImpl] TRACE segmented.SegmentedRaftLogCache (AutoCloseableReadWriteLock.java:logLocking(65)) - s0@group-E8AE2E048FCA: readLock RELEASED 0 by SegmentedRaftLogCache.getStartIndex
2022-07-14 02:38:07,252 [s0@group-E8AE2E048FCA-LeaderStateImpl] TRACE segmented.SegmentedRaftLogCache (AutoCloseableReadWriteLock.java:logLocking(65)) - s0@group-E8AE2E048FCA: readLock ACQUIRED 1 by SegmentedRaftLogCache.getEndIndex
2022-07-14 02:38:07,252 [s0@group-E8AE2E048FCA-LeaderStateImpl] TRACE segmented.SegmentedRaftLogCache (AutoCloseableReadWriteLock.java:logLocking(65)) - s0@group-E8AE2E048FCA: readLock RELEASED 0 by SegmentedRaftLogCache.getEndIndex
2022-07-14 02:38:07,252 [s0@group-E8AE2E048FCA-LeaderStateImpl] TRACE segmented.SegmentedRaftLogCache (AutoCloseableReadWriteLock.java:logLocking(65)) - s0@group-E8AE2E048FCA: readLock ACQUIRED 1 by SegmentedRaftLogCache$LogSegmentList.getTermIndex
2022-07-14 02:38:07,252 [s0@group-E8AE2E048FCA-LeaderStateImpl] TRACE segmented.SegmentedRaftLogCache (AutoCloseableReadWriteLock.java:logLocking(65)) - s0@group-E8AE2E048FCA: readLock RELEASED 0 by SegmentedRaftLogCache$LogSegmentList.getTermIndex
2022-07-14 02:38:07,253 [s0@group-E8AE2E048FCA-LeaderStateImpl] TRACE segmented.SegmentedRaftLogCache (AutoCloseableReadWriteLock.java:logLocking(65)) - s0@group-E8AE2E048FCA: readLock ACQUIRED 1 by SegmentedRaftLogCache.getStartIndex
2022-07-14 02:38:07,253 [s0@group-E8AE2E048FCA-LeaderStateImpl] TRACE segmented.SegmentedRaftLogCache (AutoCloseableReadWriteLock.java:logLocking(65)) -   s0@group-E8AE2E048FCA: readLock ACQUIRED 2 by SegmentedRaftLogCache$LogSegmentList.isEmpty
2022-07-14 02:38:07,253 [s0@group-E8AE2E048FCA-LeaderStateImpl] TRACE segmented.SegmentedRaftLogCache (AutoCloseableReadWriteLock.java:logLocking(65)) -   s0@group-E8AE2E048FCA: readLock RELEASED 1 by SegmentedRaftLogCache$LogSegmentList.isEmpty
2022-07-14 02:38:07,253 [s0@group-E8AE2E048FCA-LeaderStateImpl] TRACE segmented.SegmentedRaftLogCache (AutoCloseableReadWriteLock.java:logLocking(65)) - s0@group-E8AE2E048FCA: readLock RELEASED 0 by SegmentedRaftLogCache.getStartIndex
2022-07-14 02:38:07,253 [s0@group-E8AE2E048FCA-LeaderStateImpl] TRACE segmented.SegmentedRaftLogCache (AutoCloseableReadWriteLock.java:logLocking(65)) - s0@group-E8AE2E048FCA: readLock ACQUIRED 1 by SegmentedRaftLogCache.getEndIndex
2022-07-14 02:38:07,253 [s0@group-E8AE2E048FCA-LeaderStateImpl] TRACE segmented.SegmentedRaftLogCache (AutoCloseableReadWriteLock.java:logLocking(65)) - s0@group-E8AE2E048FCA: readLock RELEASED 0 by SegmentedRaftLogCache.getEndIndex
2022-07-14 02:38:07,253 [s0@group-E8AE2E048FCA-LeaderStateImpl] TRACE segmented.SegmentedRaftLogCache (AutoCloseableReadWriteLock.java:logLocking(65)) - s0@group-E8AE2E048FCA: readLock ACQUIRED 1 by SegmentedRaftLogCache$LogSegmentList.getTermIndex
2022-07-14 02:38:07,253 [s0@group-E8AE2E048FCA-LeaderStateImpl] TRACE segmented.SegmentedRaftLogCache (AutoCloseableReadWriteLock.java:logLocking(65)) - s0@group-E8AE2E048FCA: readLock RELEASED 0 by SegmentedRaftLogCache$LogSegmentList.getTermIndex
2022-07-14 02:38:07,253 [s0@group-E8AE2E048FCA-StateMachineUpdater] INFO  statemachine.SimpleStateMachine4Testing (SimpleStateMachine4Testing.java:put(204)) - s0: put 31, m15 -> (t:1, i:31), STATEMACHINELOGENTRY, 343@client-4187B1F4E061
2022-07-14 02:38:07,253 [s0@group-E8AE2E048FCA-LeaderStateImpl] TRACE segmented.SegmentedRaftLogCache (AutoCloseableReadWriteLock.java:logLocking(65)) - s0@group-E8AE2E048FCA: readLock ACQUIRED 1 by SegmentedRaftLogCache.getLastTermIndex
2022-07-14 02:38:07,253 [s0@group-E8AE2E048FCA-LeaderStateImpl] TRACE segmented.SegmentedRaftLogCache (AutoCloseableReadWriteLock.java:logLocking(65)) - s0@group-E8AE2E048FCA: readLock RELEASED 0 by SegmentedRaftLogCache.getLastTermIndex
2022-07-14 02:38:07,253 [s0@group-E8AE2E048FCA-LeaderStateImpl] TRACE segmented.SegmentedRaftLogCache (AutoCloseableReadWriteLock.java:logLocking(65)) - s0@group-E8AE2E048FCA: readLock ACQUIRED 1 by SegmentedRaftLogCache$LogSegmentList.countCached
2022-07-14 02:38:07,253 [s0@group-E8AE2E048FCA-LeaderStateImpl] TRACE segmented.SegmentedRaftLogCache (AutoCloseableReadWriteLock.java:logLocking(65)) - s0@group-E8AE2E048FCA: readLock RELEASED 0 by SegmentedRaftLogCache$LogSegmentList.countCached
2022-07-14 02:38:07,253 [s0@group-E8AE2E048FCA-LeaderStateImpl] TRACE segmented.SegmentedRaftLogCache (AutoCloseableReadWriteLock.java:logLocking(65)) - s0@group-E8AE2E048FCA: readLock ACQUIRED 1 by SegmentedRaftLogCache$LogSegmentList.getTotalCacheSize
2022-07-14 02:38:07,253 [s0@group-E8AE2E048FCA-LeaderStateImpl] TRACE segmented.SegmentedRaftLogCache (AutoCloseableReadWriteLock.java:logLocking(65)) - s0@group-E8AE2E048FCA: readLock RELEASED 0 by SegmentedRaftLogCache$LogSegmentList.getTotalCacheSize
2022-07-14 02:38:07,253 [s0@group-E8AE2E048FCA-LeaderStateImpl] DEBUG segmented.SegmentedRaftLogWorker (SegmentedRaftLogWorker.java:addIOTask(270)) - s0@group-E8AE2E048FCA-SegmentedRaftLogWorker adds IO task WriteLog:32: (t:1, i:32), METADATAENTRY(c:31)
2022-07-14 02:38:07,254 [s0@group-E8AE2E048FCA-SegmentedRaftLogWorker] DEBUG segmented.SegmentedRaftLogWorker (SegmentedRaftLogWorker.java:flushIfNecessary(365)) - s0@group-E8AE2E048FCA-SegmentedRaftLogWorker: flush SegmentedRaftLogOutputStream(/home/runner/work/ratis/ratis/ratis-test/target/test/data/f69c223b/MiniRaftClusterWithSimulatedRpc37250022/s0/24813b6b-21de-410f-95d3-e8ae2e048fca/current/log_inprogress_0)
2022-07-14 02:38:07,254 [s0-client-thread1] TRACE segmented.SegmentedRaftLogCache (AutoCloseableReadWriteLock.java:logLocking(65)) - s0@group-E8AE2E048FCA: readLock ACQUIRED 1 by SegmentedRaftLogCache.getLastTermIndex
2022-07-14 02:38:07,254 [s0-client-thread1] TRACE segmented.SegmentedRaftLogCache (AutoCloseableReadWriteLock.java:logLocking(65)) - s0@group-E8AE2E048FCA: readLock RELEASED 0 by SegmentedRaftLogCache.getLastTermIndex
2022-07-14 02:38:07,254 [s0-client-thread1] TRACE segmented.SegmentedRaftLogCache (AutoCloseableReadWriteLock.java:logLocking(65)) - s0@group-E8AE2E048FCA: readLock ACQUIRED 1 by SegmentedRaftLogCache.getLastTermIndex
2022-07-14 02:38:07,254 [s0-client-thread1] TRACE segmented.SegmentedRaftLogCache (AutoCloseableReadWriteLock.java:logLocking(65)) - s0@group-E8AE2E048FCA: readLock RELEASED 0 by SegmentedRaftLogCache.getLastTermIndex
2022-07-14 02:38:07,254 [s0-client-thread1] TRACE segmented.SegmentedRaftLogCache (AutoCloseableReadWriteLock.java:logLocking(65)) - s0@group-E8AE2E048FCA: readLock ACQUIRED 1 by SegmentedRaftLogCache$LogSegmentList.countCached
2022-07-14 02:38:07,254 [s0-client-thread1] TRACE segmented.SegmentedRaftLogCache (AutoCloseableReadWriteLock.java:logLocking(65)) - s0@group-E8AE2E048FCA: readLock RELEASED 0 by SegmentedRaftLogCache$LogSegmentList.countCached
2022-07-14 02:38:07,254 [s0-client-thread1] TRACE segmented.SegmentedRaftLogCache (AutoCloseableReadWriteLock.java:logLocking(65)) - s0@group-E8AE2E048FCA: readLock ACQUIRED 1 by SegmentedRaftLogCache$LogSegmentList.getTotalCacheSize
2022-07-14 02:38:07,254 [s0-client-thread1] TRACE segmented.SegmentedRaftLogCache (AutoCloseableReadWriteLock.java:logLocking(65)) - s0@group-E8AE2E048FCA: readLock RELEASED 0 by SegmentedRaftLogCache$LogSegmentList.getTotalCacheSize
2022-07-14 02:38:07,254 [s0-client-thread1] DEBUG segmented.SegmentedRaftLogWorker (SegmentedRaftLogWorker.java:addIOTask(270)) - s0@group-E8AE2E048FCA-SegmentedRaftLogWorker adds IO task WriteLog:33: (t:1, i:33), STATEMACHINELOGENTRY, StateMachineLogEntryProto:344@client-4187B1F4E061
2022-07-14 02:38:07,254 [s0@group-E8AE2E048FCA-SegmentedRaftLogWorker] DEBUG segmented.SegmentedRaftLogWorker (SegmentedRaftLogWorker.java:flushIfNecessary(365)) - s0@group-E8AE2E048FCA-SegmentedRaftLogWorker: flush SegmentedRaftLogOutputStream(/home/runner/work/ratis/ratis/ratis-test/target/test/data/f69c223b/MiniRaftClusterWithSimulatedRpc37250022/s0/24813b6b-21de-410f-95d3-e8ae2e048fca/current/log_inprogress_0)
2022-07-14 02:38:07,255 [s0@group-E8AE2E048FCA-LeaderStateImpl] TRACE segmented.SegmentedRaftLogCache (AutoCloseableReadWriteLock.java:logLocking(65)) - s0@group-E8AE2E048FCA: readLock ACQUIRED 1 by SegmentedRaftLogCache.getStartIndex
2022-07-14 02:38:07,255 [s0@group-E8AE2E048FCA-LeaderStateImpl] TRACE segmented.SegmentedRaftLogCache (AutoCloseableReadWriteLock.java:logLocking(65)) -   s0@group-E8AE2E048FCA: readLock ACQUIRED 2 by SegmentedRaftLogCache$LogSegmentList.isEmpty
2022-07-14 02:38:07,255 [s0@group-E8AE2E048FCA-LeaderStateImpl] TRACE segmented.SegmentedRaftLogCache (AutoCloseableReadWriteLock.java:logLocking(65)) -   s0@group-E8AE2E048FCA: readLock RELEASED 1 by SegmentedRaftLogCache$LogSegmentList.isEmpty
2022-07-14 02:38:07,255 [s0@group-E8AE2E048FCA-LeaderStateImpl] TRACE segmented.SegmentedRaftLogCache (AutoCloseableReadWriteLock.java:logLocking(65)) - s0@group-E8AE2E048FCA: readLock RELEASED 0 by SegmentedRaftLogCache.getStartIndex
2022-07-14 02:38:07,255 [s0@group-E8AE2E048FCA-LeaderStateImpl] TRACE segmented.SegmentedRaftLogCache (AutoCloseableReadWriteLock.java:logLocking(65)) - s0@group-E8AE2E048FCA: readLock ACQUIRED 1 by SegmentedRaftLogCache.getEndIndex
2022-07-14 02:38:07,255 [s0@group-E8AE2E048FCA-LeaderStateImpl] TRACE segmented.SegmentedRaftLogCache (AutoCloseableReadWriteLock.java:logLocking(65)) - s0@group-E8AE2E048FCA: readLock RELEASED 0 by SegmentedRaftLogCache.getEndIndex
2022-07-14 02:38:07,255 [s0@group-E8AE2E048FCA-LeaderStateImpl] TRACE segmented.SegmentedRaftLogCache (AutoCloseableReadWriteLock.java:logLocking(65)) - s0@group-E8AE2E048FCA: readLock ACQUIRED 1 by SegmentedRaftLogCache$LogSegmentList.getTermIndex
2022-07-14 02:38:07,255 [s0@group-E8AE2E048FCA-LeaderStateImpl] TRACE segmented.SegmentedRaftLogCache (AutoCloseableReadWriteLock.java:logLocking(65)) - s0@group-E8AE2E048FCA: readLock RELEASED 0 by SegmentedRaftLogCache$LogSegmentList.getTermIndex
2022-07-14 02:38:07,255 [s0@group-E8AE2E048FCA-LeaderStateImpl] TRACE segmented.SegmentedRaftLogCache (AutoCloseableReadWriteLock.java:logLocking(65)) - s0@group-E8AE2E048FCA: readLock ACQUIRED 1 by SegmentedRaftLogCache.getStartIndex
2022-07-14 02:38:07,255 [s0@group-E8AE2E048FCA-LeaderStateImpl] TRACE segmented.SegmentedRaftLogCache (AutoCloseableReadWriteLock.java:logLocking(65)) -   s0@group-E8AE2E048FCA: readLock ACQUIRED 2 by SegmentedRaftLogCache$LogSegmentList.isEmpty
2022-07-14 02:38:07,255 [s0@group-E8AE2E048FCA-LeaderStateImpl] TRACE segmented.SegmentedRaftLogCache (AutoCloseableReadWriteLock.java:logLocking(65)) -   s0@group-E8AE2E048FCA: readLock RELEASED 1 by SegmentedRaftLogCache$LogSegmentList.isEmpty
2022-07-14 02:38:07,255 [s0@group-E8AE2E048FCA-LeaderStateImpl] TRACE segmented.SegmentedRaftLogCache (AutoCloseableReadWriteLock.java:logLocking(65)) - s0@group-E8AE2E048FCA: readLock RELEASED 0 by SegmentedRaftLogCache.getStartIndex
2022-07-14 02:38:07,255 [s0@group-E8AE2E048FCA-LeaderStateImpl] TRACE segmented.SegmentedRaftLogCache (AutoCloseableReadWriteLock.java:logLocking(65)) - s0@group-E8AE2E048FCA: readLock ACQUIRED 1 by SegmentedRaftLogCache.getEndIndex
2022-07-14 02:38:07,255 [s0@group-E8AE2E048FCA-LeaderStateImpl] TRACE segmented.SegmentedRaftLogCache (AutoCloseableReadWriteLock.java:logLocking(65)) - s0@group-E8AE2E048FCA: readLock RELEASED 0 by SegmentedRaftLogCache.getEndIndex
2022-07-14 02:38:07,255 [s0@group-E8AE2E048FCA-LeaderStateImpl] TRACE segmented.SegmentedRaftLogCache (AutoCloseableReadWriteLock.java:logLocking(65)) - s0@group-E8AE2E048FCA: readLock ACQUIRED 1 by SegmentedRaftLogCache$LogSegmentList.getTermIndex
2022-07-14 02:38:07,255 [s0@group-E8AE2E048FCA-LeaderStateImpl] TRACE segmented.SegmentedRaftLogCache (AutoCloseableReadWriteLock.java:logLocking(65)) - s0@group-E8AE2E048FCA: readLock RELEASED 0 by SegmentedRaftLogCache$LogSegmentList.getTermIndex
2022-07-14 02:38:07,255 [s0@group-E8AE2E048FCA-StateMachineUpdater] INFO  statemachine.SimpleStateMachine4Testing (SimpleStateMachine4Testing.java:put(204)) - s0: put 33, m16 -> (t:1, i:33), STATEMACHINELOGENTRY, 344@client-4187B1F4E061
2022-07-14 02:38:07,256 [s0@group-E8AE2E048FCA-LeaderStateImpl] TRACE segmented.SegmentedRaftLogCache (AutoCloseableReadWriteLock.java:logLocking(65)) - s0@group-E8AE2E048FCA: readLock ACQUIRED 1 by SegmentedRaftLogCache.getLastTermIndex
2022-07-14 02:38:07,256 [s0@group-E8AE2E048FCA-LeaderStateImpl] TRACE segmented.SegmentedRaftLogCache (AutoCloseableReadWriteLock.java:logLocking(65)) - s0@group-E8AE2E048FCA: readLock RELEASED 0 by SegmentedRaftLogCache.getLastTermIndex
2022-07-14 02:38:07,256 [s0@group-E8AE2E048FCA-LeaderStateImpl] TRACE segmented.SegmentedRaftLogCache (AutoCloseableReadWriteLock.java:logLocking(65)) - s0@group-E8AE2E048FCA: readLock ACQUIRED 1 by SegmentedRaftLogCache$LogSegmentList.countCached
2022-07-14 02:38:07,256 [s0@group-E8AE2E048FCA-LeaderStateImpl] TRACE segmented.SegmentedRaftLogCache (AutoCloseableReadWriteLock.java:logLocking(65)) - s0@group-E8AE2E048FCA: readLock RELEASED 0 by SegmentedRaftLogCache$LogSegmentList.countCached
2022-07-14 02:38:07,256 [s0@group-E8AE2E048FCA-LeaderStateImpl] TRACE segmented.SegmentedRaftLogCache (AutoCloseableReadWriteLock.java:logLocking(65)) - s0@group-E8AE2E048FCA: readLock ACQUIRED 1 by SegmentedRaftLogCache$LogSegmentList.getTotalCacheSize
2022-07-14 02:38:07,256 [s0@group-E8AE2E048FCA-LeaderStateImpl] TRACE segmented.SegmentedRaftLogCache (AutoCloseableReadWriteLock.java:logLocking(65)) - s0@group-E8AE2E048FCA: readLock RELEASED 0 by SegmentedRaftLogCache$LogSegmentList.getTotalCacheSize
2022-07-14 02:38:07,256 [s0@group-E8AE2E048FCA-LeaderStateImpl] DEBUG segmented.SegmentedRaftLogWorker (SegmentedRaftLogWorker.java:addIOTask(270)) - s0@group-E8AE2E048FCA-SegmentedRaftLogWorker adds IO task WriteLog:34: (t:1, i:34), METADATAENTRY(c:33)
2022-07-14 02:38:07,256 [s0@group-E8AE2E048FCA-SegmentedRaftLogWorker] DEBUG segmented.SegmentedRaftLogWorker (SegmentedRaftLogWorker.java:flushIfNecessary(365)) - s0@group-E8AE2E048FCA-SegmentedRaftLogWorker: flush SegmentedRaftLogOutputStream(/home/runner/work/ratis/ratis/ratis-test/target/test/data/f69c223b/MiniRaftClusterWithSimulatedRpc37250022/s0/24813b6b-21de-410f-95d3-e8ae2e048fca/current/log_inprogress_0)
2022-07-14 02:38:07,256 [s0-client-thread1] TRACE segmented.SegmentedRaftLogCache (AutoCloseableReadWriteLock.java:logLocking(65)) - s0@group-E8AE2E048FCA: readLock ACQUIRED 1 by SegmentedRaftLogCache.getLastTermIndex
2022-07-14 02:38:07,256 [s0-client-thread1] TRACE segmented.SegmentedRaftLogCache (AutoCloseableReadWriteLock.java:logLocking(65)) - s0@group-E8AE2E048FCA: readLock RELEASED 0 by SegmentedRaftLogCache.getLastTermIndex
2022-07-14 02:38:07,256 [s0-client-thread1] TRACE segmented.SegmentedRaftLogCache (AutoCloseableReadWriteLock.java:logLocking(65)) - s0@group-E8AE2E048FCA: readLock ACQUIRED 1 by SegmentedRaftLogCache.getLastTermIndex
2022-07-14 02:38:07,256 [s0-client-thread1] TRACE segmented.SegmentedRaftLogCache (AutoCloseableReadWriteLock.java:logLocking(65)) - s0@group-E8AE2E048FCA: readLock RELEASED 0 by SegmentedRaftLogCache.getLastTermIndex
2022-07-14 02:38:07,256 [s0-client-thread1] TRACE segmented.SegmentedRaftLogCache (AutoCloseableReadWriteLock.java:logLocking(65)) - s0@group-E8AE2E048FCA: readLock ACQUIRED 1 by SegmentedRaftLogCache$LogSegmentList.countCached
2022-07-14 02:38:07,257 [s0-client-thread1] TRACE segmented.SegmentedRaftLogCache (AutoCloseableReadWriteLock.java:logLocking(65)) - s0@group-E8AE2E048FCA: readLock RELEASED 0 by SegmentedRaftLogCache$LogSegmentList.countCached
2022-07-14 02:38:07,257 [s0-client-thread1] TRACE segmented.SegmentedRaftLogCache (AutoCloseableReadWriteLock.java:logLocking(65)) - s0@group-E8AE2E048FCA: readLock ACQUIRED 1 by SegmentedRaftLogCache$LogSegmentList.getTotalCacheSize
2022-07-14 02:38:07,257 [s0-client-thread1] TRACE segmented.SegmentedRaftLogCache (AutoCloseableReadWriteLock.java:logLocking(65)) - s0@group-E8AE2E048FCA: readLock RELEASED 0 by SegmentedRaftLogCache$LogSegmentList.getTotalCacheSize
2022-07-14 02:38:07,257 [s0-client-thread1] DEBUG segmented.SegmentedRaftLogWorker (SegmentedRaftLogWorker.java:addIOTask(270)) - s0@group-E8AE2E048FCA-SegmentedRaftLogWorker adds IO task WriteLog:35: (t:1, i:35), STATEMACHINELOGENTRY, StateMachineLogEntryProto:345@client-4187B1F4E061
2022-07-14 02:38:07,257 [s0@group-E8AE2E048FCA-SegmentedRaftLogWorker] DEBUG segmented.SegmentedRaftLogWorker (SegmentedRaftLogWorker.java:flushIfNecessary(365)) - s0@group-E8AE2E048FCA-SegmentedRaftLogWorker: flush SegmentedRaftLogOutputStream(/home/runner/work/ratis/ratis/ratis-test/target/test/data/f69c223b/MiniRaftClusterWithSimulatedRpc37250022/s0/24813b6b-21de-410f-95d3-e8ae2e048fca/current/log_inprogress_0)
2022-07-14 02:38:07,257 [s0@group-E8AE2E048FCA-LeaderStateImpl] TRACE segmented.SegmentedRaftLogCache (AutoCloseableReadWriteLock.java:logLocking(65)) - s0@group-E8AE2E048FCA: readLock ACQUIRED 1 by SegmentedRaftLogCache.getStartIndex
2022-07-14 02:38:07,257 [s0@group-E8AE2E048FCA-LeaderStateImpl] TRACE segmented.SegmentedRaftLogCache (AutoCloseableReadWriteLock.java:logLocking(65)) -   s0@group-E8AE2E048FCA: readLock ACQUIRED 2 by SegmentedRaftLogCache$LogSegmentList.isEmpty
2022-07-14 02:38:07,257 [s0@group-E8AE2E048FCA-LeaderStateImpl] TRACE segmented.SegmentedRaftLogCache (AutoCloseableReadWriteLock.java:logLocking(65)) -   s0@group-E8AE2E048FCA: readLock RELEASED 1 by SegmentedRaftLogCache$LogSegmentList.isEmpty
2022-07-14 02:38:07,257 [s0@group-E8AE2E048FCA-LeaderStateImpl] TRACE segmented.SegmentedRaftLogCache (AutoCloseableReadWriteLock.java:logLocking(65)) - s0@group-E8AE2E048FCA: readLock RELEASED 0 by SegmentedRaftLogCache.getStartIndex
2022-07-14 02:38:07,257 [s0@group-E8AE2E048FCA-LeaderStateImpl] TRACE segmented.SegmentedRaftLogCache (AutoCloseableReadWriteLock.java:logLocking(65)) - s0@group-E8AE2E048FCA: readLock ACQUIRED 1 by SegmentedRaftLogCache.getEndIndex
2022-07-14 02:38:07,257 [s0@group-E8AE2E048FCA-LeaderStateImpl] TRACE segmented.SegmentedRaftLogCache (AutoCloseableReadWriteLock.java:logLocking(65)) - s0@group-E8AE2E048FCA: readLock RELEASED 0 by SegmentedRaftLogCache.getEndIndex
2022-07-14 02:38:07,257 [s0@group-E8AE2E048FCA-LeaderStateImpl] TRACE segmented.SegmentedRaftLogCache (AutoCloseableReadWriteLock.java:logLocking(65)) - s0@group-E8AE2E048FCA: readLock ACQUIRED 1 by SegmentedRaftLogCache$LogSegmentList.getTermIndex
2022-07-14 02:38:07,257 [s0@group-E8AE2E048FCA-LeaderStateImpl] TRACE segmented.SegmentedRaftLogCache (AutoCloseableReadWriteLock.java:logLocking(65)) - s0@group-E8AE2E048FCA: readLock RELEASED 0 by SegmentedRaftLogCache$LogSegmentList.getTermIndex
2022-07-14 02:38:07,257 [s0@group-E8AE2E048FCA-LeaderStateImpl] TRACE segmented.SegmentedRaftLogCache (AutoCloseableReadWriteLock.java:logLocking(65)) - s0@group-E8AE2E048FCA: readLock ACQUIRED 1 by SegmentedRaftLogCache.getStartIndex
2022-07-14 02:38:07,257 [s0@group-E8AE2E048FCA-LeaderStateImpl] TRACE segmented.SegmentedRaftLogCache (AutoCloseableReadWriteLock.java:logLocking(65)) -   s0@group-E8AE2E048FCA: readLock ACQUIRED 2 by SegmentedRaftLogCache$LogSegmentList.isEmpty
2022-07-14 02:38:07,258 [s0@group-E8AE2E048FCA-LeaderStateImpl] TRACE segmented.SegmentedRaftLogCache (AutoCloseableReadWriteLock.java:logLocking(65)) -   s0@group-E8AE2E048FCA: readLock RELEASED 1 by SegmentedRaftLogCache$LogSegmentList.isEmpty
2022-07-14 02:38:07,258 [s0@group-E8AE2E048FCA-LeaderStateImpl] TRACE segmented.SegmentedRaftLogCache (AutoCloseableReadWriteLock.java:logLocking(65)) - s0@group-E8AE2E048FCA: readLock RELEASED 0 by SegmentedRaftLogCache.getStartIndex
2022-07-14 02:38:07,258 [s0@group-E8AE2E048FCA-LeaderStateImpl] TRACE segmented.SegmentedRaftLogCache (AutoCloseableReadWriteLock.java:logLocking(65)) - s0@group-E8AE2E048FCA: readLock ACQUIRED 1 by SegmentedRaftLogCache.getEndIndex
2022-07-14 02:38:07,258 [s0@group-E8AE2E048FCA-LeaderStateImpl] TRACE segmented.SegmentedRaftLogCache (AutoCloseableReadWriteLock.java:logLocking(65)) - s0@group-E8AE2E048FCA: readLock RELEASED 0 by SegmentedRaftLogCache.getEndIndex
2022-07-14 02:38:07,258 [s0@group-E8AE2E048FCA-LeaderStateImpl] TRACE segmented.SegmentedRaftLogCache (AutoCloseableReadWriteLock.java:logLocking(65)) - s0@group-E8AE2E048FCA: readLock ACQUIRED 1 by SegmentedRaftLogCache$LogSegmentList.getTermIndex
2022-07-14 02:38:07,258 [s0@group-E8AE2E048FCA-LeaderStateImpl] TRACE segmented.SegmentedRaftLogCache (AutoCloseableReadWriteLock.java:logLocking(65)) - s0@group-E8AE2E048FCA: readLock RELEASED 0 by SegmentedRaftLogCache$LogSegmentList.getTermIndex
2022-07-14 02:38:07,258 [s0@group-E8AE2E048FCA-StateMachineUpdater] INFO  statemachine.SimpleStateMachine4Testing (SimpleStateMachine4Testing.java:put(204)) - s0: put 35, m17 -> (t:1, i:35), STATEMACHINELOGENTRY, 345@client-4187B1F4E061
2022-07-14 02:38:07,258 [s0@group-E8AE2E048FCA-LeaderStateImpl] TRACE segmented.SegmentedRaftLogCache (AutoCloseableReadWriteLock.java:logLocking(65)) - s0@group-E8AE2E048FCA: readLock ACQUIRED 1 by SegmentedRaftLogCache.getLastTermIndex
2022-07-14 02:38:07,258 [s0@group-E8AE2E048FCA-LeaderStateImpl] TRACE segmented.SegmentedRaftLogCache (AutoCloseableReadWriteLock.java:logLocking(65)) - s0@group-E8AE2E048FCA: readLock RELEASED 0 by SegmentedRaftLogCache.getLastTermIndex
2022-07-14 02:38:07,258 [s0@group-E8AE2E048FCA-LeaderStateImpl] TRACE segmented.SegmentedRaftLogCache (AutoCloseableReadWriteLock.java:logLocking(65)) - s0@group-E8AE2E048FCA: readLock ACQUIRED 1 by SegmentedRaftLogCache$LogSegmentList.countCached
2022-07-14 02:38:07,258 [s0@group-E8AE2E048FCA-LeaderStateImpl] TRACE segmented.SegmentedRaftLogCache (AutoCloseableReadWriteLock.java:logLocking(65)) - s0@group-E8AE2E048FCA: readLock RELEASED 0 by SegmentedRaftLogCache$LogSegmentList.countCached
2022-07-14 02:38:07,258 [s0@group-E8AE2E048FCA-LeaderStateImpl] TRACE segmented.SegmentedRaftLogCache (AutoCloseableReadWriteLock.java:logLocking(65)) - s0@group-E8AE2E048FCA: readLock ACQUIRED 1 by SegmentedRaftLogCache$LogSegmentList.getTotalCacheSize
2022-07-14 02:38:07,258 [s0@group-E8AE2E048FCA-LeaderStateImpl] TRACE segmented.SegmentedRaftLogCache (AutoCloseableReadWriteLock.java:logLocking(65)) - s0@group-E8AE2E048FCA: readLock RELEASED 0 by SegmentedRaftLogCache$LogSegmentList.getTotalCacheSize
2022-07-14 02:38:07,258 [s0@group-E8AE2E048FCA-LeaderStateImpl] DEBUG segmented.SegmentedRaftLogWorker (SegmentedRaftLogWorker.java:addIOTask(270)) - s0@group-E8AE2E048FCA-SegmentedRaftLogWorker adds IO task WriteLog:36: (t:1, i:36), METADATAENTRY(c:35)
2022-07-14 02:38:07,258 [s0@group-E8AE2E048FCA-SegmentedRaftLogWorker] DEBUG segmented.SegmentedRaftLogWorker (SegmentedRaftLogWorker.java:flushIfNecessary(365)) - s0@group-E8AE2E048FCA-SegmentedRaftLogWorker: flush SegmentedRaftLogOutputStream(/home/runner/work/ratis/ratis/ratis-test/target/test/data/f69c223b/MiniRaftClusterWithSimulatedRpc37250022/s0/24813b6b-21de-410f-95d3-e8ae2e048fca/current/log_inprogress_0)
2022-07-14 02:38:07,259 [s0-client-thread1] TRACE segmented.SegmentedRaftLogCache (AutoCloseableReadWriteLock.java:logLocking(65)) - s0@group-E8AE2E048FCA: readLock ACQUIRED 1 by SegmentedRaftLogCache.getLastTermIndex
2022-07-14 02:38:07,259 [s0-client-thread1] TRACE segmented.SegmentedRaftLogCache (AutoCloseableReadWriteLock.java:logLocking(65)) - s0@group-E8AE2E048FCA: readLock RELEASED 0 by SegmentedRaftLogCache.getLastTermIndex
2022-07-14 02:38:07,259 [s0-client-thread1] TRACE segmented.SegmentedRaftLogCache (AutoCloseableReadWriteLock.java:logLocking(65)) - s0@group-E8AE2E048FCA: readLock ACQUIRED 1 by SegmentedRaftLogCache.getLastTermIndex
2022-07-14 02:38:07,259 [s0-client-thread1] TRACE segmented.SegmentedRaftLogCache (AutoCloseableReadWriteLock.java:logLocking(65)) - s0@group-E8AE2E048FCA: readLock RELEASED 0 by SegmentedRaftLogCache.getLastTermIndex
2022-07-14 02:38:07,259 [s0-client-thread1] TRACE segmented.SegmentedRaftLogCache (AutoCloseableReadWriteLock.java:logLocking(65)) - s0@group-E8AE2E048FCA: readLock ACQUIRED 1 by SegmentedRaftLogCache$LogSegmentList.countCached
2022-07-14 02:38:07,259 [s0-client-thread1] TRACE segmented.SegmentedRaftLogCache (AutoCloseableReadWriteLock.java:logLocking(65)) - s0@group-E8AE2E048FCA: readLock RELEASED 0 by SegmentedRaftLogCache$LogSegmentList.countCached
2022-07-14 02:38:07,259 [s0-client-thread1] TRACE segmented.SegmentedRaftLogCache (AutoCloseableReadWriteLock.java:logLocking(65)) - s0@group-E8AE2E048FCA: readLock ACQUIRED 1 by SegmentedRaftLogCache$LogSegmentList.getTotalCacheSize
2022-07-14 02:38:07,259 [s0-client-thread1] TRACE segmented.SegmentedRaftLogCache (AutoCloseableReadWriteLock.java:logLocking(65)) - s0@group-E8AE2E048FCA: readLock RELEASED 0 by SegmentedRaftLogCache$LogSegmentList.getTotalCacheSize
2022-07-14 02:38:07,259 [s0-client-thread1] DEBUG segmented.SegmentedRaftLogWorker (SegmentedRaftLogWorker.java:addIOTask(270)) - s0@group-E8AE2E048FCA-SegmentedRaftLogWorker adds IO task WriteLog:37: (t:1, i:37), STATEMACHINELOGENTRY, StateMachineLogEntryProto:346@client-4187B1F4E061
2022-07-14 02:38:07,259 [s0@group-E8AE2E048FCA-SegmentedRaftLogWorker] DEBUG segmented.SegmentedRaftLogWorker (SegmentedRaftLogWorker.java:flushIfNecessary(365)) - s0@group-E8AE2E048FCA-SegmentedRaftLogWorker: flush SegmentedRaftLogOutputStream(/home/runner/work/ratis/ratis/ratis-test/target/test/data/f69c223b/MiniRaftClusterWithSimulatedRpc37250022/s0/24813b6b-21de-410f-95d3-e8ae2e048fca/current/log_inprogress_0)
2022-07-14 02:38:07,259 [s0@group-E8AE2E048FCA-LeaderStateImpl] TRACE segmented.SegmentedRaftLogCache (AutoCloseableReadWriteLock.java:logLocking(65)) - s0@group-E8AE2E048FCA: readLock ACQUIRED 1 by SegmentedRaftLogCache.getStartIndex
2022-07-14 02:38:07,259 [s0@group-E8AE2E048FCA-LeaderStateImpl] TRACE segmented.SegmentedRaftLogCache (AutoCloseableReadWriteLock.java:logLocking(65)) -   s0@group-E8AE2E048FCA: readLock ACQUIRED 2 by SegmentedRaftLogCache$LogSegmentList.isEmpty
2022-07-14 02:38:07,259 [s0@group-E8AE2E048FCA-LeaderStateImpl] TRACE segmented.SegmentedRaftLogCache (AutoCloseableReadWriteLock.java:logLocking(65)) -   s0@group-E8AE2E048FCA: readLock RELEASED 1 by SegmentedRaftLogCache$LogSegmentList.isEmpty
2022-07-14 02:38:07,259 [s0@group-E8AE2E048FCA-LeaderStateImpl] TRACE segmented.SegmentedRaftLogCache (AutoCloseableReadWriteLock.java:logLocking(65)) - s0@group-E8AE2E048FCA: readLock RELEASED 0 by SegmentedRaftLogCache.getStartIndex
2022-07-14 02:38:07,259 [s0@group-E8AE2E048FCA-LeaderStateImpl] TRACE segmented.SegmentedRaftLogCache (AutoCloseableReadWriteLock.java:logLocking(65)) - s0@group-E8AE2E048FCA: readLock ACQUIRED 1 by SegmentedRaftLogCache.getEndIndex
2022-07-14 02:38:07,259 [s0@group-E8AE2E048FCA-LeaderStateImpl] TRACE segmented.SegmentedRaftLogCache (AutoCloseableReadWriteLock.java:logLocking(65)) - s0@group-E8AE2E048FCA: readLock RELEASED 0 by SegmentedRaftLogCache.getEndIndex
2022-07-14 02:38:07,260 [s0@group-E8AE2E048FCA-LeaderStateImpl] TRACE segmented.SegmentedRaftLogCache (AutoCloseableReadWriteLock.java:logLocking(65)) - s0@group-E8AE2E048FCA: readLock ACQUIRED 1 by SegmentedRaftLogCache$LogSegmentList.getTermIndex
2022-07-14 02:38:07,260 [s0@group-E8AE2E048FCA-LeaderStateImpl] TRACE segmented.SegmentedRaftLogCache (AutoCloseableReadWriteLock.java:logLocking(65)) - s0@group-E8AE2E048FCA: readLock RELEASED 0 by SegmentedRaftLogCache$LogSegmentList.getTermIndex
2022-07-14 02:38:07,260 [s0@group-E8AE2E048FCA-LeaderStateImpl] TRACE segmented.SegmentedRaftLogCache (AutoCloseableReadWriteLock.java:logLocking(65)) - s0@group-E8AE2E048FCA: readLock ACQUIRED 1 by SegmentedRaftLogCache.getStartIndex
2022-07-14 02:38:07,260 [s0@group-E8AE2E048FCA-LeaderStateImpl] TRACE segmented.SegmentedRaftLogCache (AutoCloseableReadWriteLock.java:logLocking(65)) -   s0@group-E8AE2E048FCA: readLock ACQUIRED 2 by SegmentedRaftLogCache$LogSegmentList.isEmpty
2022-07-14 02:38:07,260 [s0@group-E8AE2E048FCA-LeaderStateImpl] TRACE segmented.SegmentedRaftLogCache (AutoCloseableReadWriteLock.java:logLocking(65)) -   s0@group-E8AE2E048FCA: readLock RELEASED 1 by SegmentedRaftLogCache$LogSegmentList.isEmpty
2022-07-14 02:38:07,260 [s0@group-E8AE2E048FCA-LeaderStateImpl] TRACE segmented.SegmentedRaftLogCache (AutoCloseableReadWriteLock.java:logLocking(65)) - s0@group-E8AE2E048FCA: readLock RELEASED 0 by SegmentedRaftLogCache.getStartIndex
2022-07-14 02:38:07,260 [s0@group-E8AE2E048FCA-LeaderStateImpl] TRACE segmented.SegmentedRaftLogCache (AutoCloseableReadWriteLock.java:logLocking(65)) - s0@group-E8AE2E048FCA: readLock ACQUIRED 1 by SegmentedRaftLogCache.getEndIndex
2022-07-14 02:38:07,260 [s0@group-E8AE2E048FCA-LeaderStateImpl] TRACE segmented.SegmentedRaftLogCache (AutoCloseableReadWriteLock.java:logLocking(65)) - s0@group-E8AE2E048FCA: readLock RELEASED 0 by SegmentedRaftLogCache.getEndIndex
2022-07-14 02:38:07,260 [s0@group-E8AE2E048FCA-LeaderStateImpl] TRACE segmented.SegmentedRaftLogCache (AutoCloseableReadWriteLock.java:logLocking(65)) - s0@group-E8AE2E048FCA: readLock ACQUIRED 1 by SegmentedRaftLogCache$LogSegmentList.getTermIndex
2022-07-14 02:38:07,260 [s0@group-E8AE2E048FCA-LeaderStateImpl] TRACE segmented.SegmentedRaftLogCache (AutoCloseableReadWriteLock.java:logLocking(65)) - s0@group-E8AE2E048FCA: readLock RELEASED 0 by SegmentedRaftLogCache$LogSegmentList.getTermIndex
2022-07-14 02:38:07,260 [s0@group-E8AE2E048FCA-StateMachineUpdater] INFO  statemachine.SimpleStateMachine4Testing (SimpleStateMachine4Testing.java:put(204)) - s0: put 37, m18 -> (t:1, i:37), STATEMACHINELOGENTRY, 346@client-4187B1F4E061
2022-07-14 02:38:07,260 [s0@group-E8AE2E048FCA-LeaderStateImpl] TRACE segmented.SegmentedRaftLogCache (AutoCloseableReadWriteLock.java:logLocking(65)) - s0@group-E8AE2E048FCA: readLock ACQUIRED 1 by SegmentedRaftLogCache.getLastTermIndex
2022-07-14 02:38:07,260 [s0@group-E8AE2E048FCA-LeaderStateImpl] TRACE segmented.SegmentedRaftLogCache (AutoCloseableReadWriteLock.java:logLocking(65)) - s0@group-E8AE2E048FCA: readLock RELEASED 0 by SegmentedRaftLogCache.getLastTermIndex
2022-07-14 02:38:07,260 [s0@group-E8AE2E048FCA-LeaderStateImpl] TRACE segmented.SegmentedRaftLogCache (AutoCloseableReadWriteLock.java:logLocking(65)) - s0@group-E8AE2E048FCA: readLock ACQUIRED 1 by SegmentedRaftLogCache$LogSegmentList.countCached
2022-07-14 02:38:07,260 [s0@group-E8AE2E048FCA-LeaderStateImpl] TRACE segmented.SegmentedRaftLogCache (AutoCloseableReadWriteLock.java:logLocking(65)) - s0@group-E8AE2E048FCA: readLock RELEASED 0 by SegmentedRaftLogCache$LogSegmentList.countCached
2022-07-14 02:38:07,260 [s0@group-E8AE2E048FCA-LeaderStateImpl] TRACE segmented.SegmentedRaftLogCache (AutoCloseableReadWriteLock.java:logLocking(65)) - s0@group-E8AE2E048FCA: readLock ACQUIRED 1 by SegmentedRaftLogCache$LogSegmentList.getTotalCacheSize
2022-07-14 02:38:07,260 [s0@group-E8AE2E048FCA-LeaderStateImpl] TRACE segmented.SegmentedRaftLogCache (AutoCloseableReadWriteLock.java:logLocking(65)) - s0@group-E8AE2E048FCA: readLock RELEASED 0 by SegmentedRaftLogCache$LogSegmentList.getTotalCacheSize
2022-07-14 02:38:07,261 [s0@group-E8AE2E048FCA-LeaderStateImpl] DEBUG segmented.SegmentedRaftLogWorker (SegmentedRaftLogWorker.java:addIOTask(270)) - s0@group-E8AE2E048FCA-SegmentedRaftLogWorker adds IO task WriteLog:38: (t:1, i:38), METADATAENTRY(c:37)
2022-07-14 02:38:07,261 [s0@group-E8AE2E048FCA-SegmentedRaftLogWorker] DEBUG segmented.SegmentedRaftLogWorker (SegmentedRaftLogWorker.java:flushIfNecessary(365)) - s0@group-E8AE2E048FCA-SegmentedRaftLogWorker: flush SegmentedRaftLogOutputStream(/home/runner/work/ratis/ratis/ratis-test/target/test/data/f69c223b/MiniRaftClusterWithSimulatedRpc37250022/s0/24813b6b-21de-410f-95d3-e8ae2e048fca/current/log_inprogress_0)
2022-07-14 02:38:07,261 [s0-client-thread1] TRACE segmented.SegmentedRaftLogCache (AutoCloseableReadWriteLock.java:logLocking(65)) - s0@group-E8AE2E048FCA: readLock ACQUIRED 1 by SegmentedRaftLogCache.getLastTermIndex
2022-07-14 02:38:07,261 [s0-client-thread1] TRACE segmented.SegmentedRaftLogCache (AutoCloseableReadWriteLock.java:logLocking(65)) - s0@group-E8AE2E048FCA: readLock RELEASED 0 by SegmentedRaftLogCache.getLastTermIndex
2022-07-14 02:38:07,261 [s0-client-thread1] TRACE segmented.SegmentedRaftLogCache (AutoCloseableReadWriteLock.java:logLocking(65)) - s0@group-E8AE2E048FCA: readLock ACQUIRED 1 by SegmentedRaftLogCache.getLastTermIndex
2022-07-14 02:38:07,261 [s0-client-thread1] TRACE segmented.SegmentedRaftLogCache (AutoCloseableReadWriteLock.java:logLocking(65)) - s0@group-E8AE2E048FCA: readLock RELEASED 0 by SegmentedRaftLogCache.getLastTermIndex
2022-07-14 02:38:07,261 [s0-client-thread1] TRACE segmented.SegmentedRaftLogCache (AutoCloseableReadWriteLock.java:logLocking(65)) - s0@group-E8AE2E048FCA: readLock ACQUIRED 1 by SegmentedRaftLogCache$LogSegmentList.countCached
2022-07-14 02:38:07,261 [s0-client-thread1] TRACE segmented.SegmentedRaftLogCache (AutoCloseableReadWriteLock.java:logLocking(65)) - s0@group-E8AE2E048FCA: readLock RELEASED 0 by SegmentedRaftLogCache$LogSegmentList.countCached
2022-07-14 02:38:07,261 [s0-client-thread1] TRACE segmented.SegmentedRaftLogCache (AutoCloseableReadWriteLock.java:logLocking(65)) - s0@group-E8AE2E048FCA: readLock ACQUIRED 1 by SegmentedRaftLogCache$LogSegmentList.getTotalCacheSize
2022-07-14 02:38:07,261 [s0-client-thread1] TRACE segmented.SegmentedRaftLogCache (AutoCloseableReadWriteLock.java:logLocking(65)) - s0@group-E8AE2E048FCA: readLock RELEASED 0 by SegmentedRaftLogCache$LogSegmentList.getTotalCacheSize
2022-07-14 02:38:07,261 [s0-client-thread1] DEBUG segmented.SegmentedRaftLogWorker (SegmentedRaftLogWorker.java:addIOTask(270)) - s0@group-E8AE2E048FCA-SegmentedRaftLogWorker adds IO task WriteLog:39: (t:1, i:39), STATEMACHINELOGENTRY, StateMachineLogEntryProto:347@client-4187B1F4E061
2022-07-14 02:38:07,261 [s0@group-E8AE2E048FCA-SegmentedRaftLogWorker] DEBUG segmented.SegmentedRaftLogWorker (SegmentedRaftLogWorker.java:flushIfNecessary(365)) - s0@group-E8AE2E048FCA-SegmentedRaftLogWorker: flush SegmentedRaftLogOutputStream(/home/runner/work/ratis/ratis/ratis-test/target/test/data/f69c223b/MiniRaftClusterWithSimulatedRpc37250022/s0/24813b6b-21de-410f-95d3-e8ae2e048fca/current/log_inprogress_0)
2022-07-14 02:38:07,262 [s0@group-E8AE2E048FCA-LeaderStateImpl] TRACE segmented.SegmentedRaftLogCache (AutoCloseableReadWriteLock.java:logLocking(65)) - s0@group-E8AE2E048FCA: readLock ACQUIRED 1 by SegmentedRaftLogCache.getStartIndex
2022-07-14 02:38:07,262 [s0@group-E8AE2E048FCA-LeaderStateImpl] TRACE segmented.SegmentedRaftLogCache (AutoCloseableReadWriteLock.java:logLocking(65)) -   s0@group-E8AE2E048FCA: readLock ACQUIRED 2 by SegmentedRaftLogCache$LogSegmentList.isEmpty
2022-07-14 02:38:07,262 [s0@group-E8AE2E048FCA-LeaderStateImpl] TRACE segmented.SegmentedRaftLogCache (AutoCloseableReadWriteLock.java:logLocking(65)) -   s0@group-E8AE2E048FCA: readLock RELEASED 1 by SegmentedRaftLogCache$LogSegmentList.isEmpty
2022-07-14 02:38:07,262 [s0@group-E8AE2E048FCA-LeaderStateImpl] TRACE segmented.SegmentedRaftLogCache (AutoCloseableReadWriteLock.java:logLocking(65)) - s0@group-E8AE2E048FCA: readLock RELEASED 0 by SegmentedRaftLogCache.getStartIndex
2022-07-14 02:38:07,262 [s0@group-E8AE2E048FCA-LeaderStateImpl] TRACE segmented.SegmentedRaftLogCache (AutoCloseableReadWriteLock.java:logLocking(65)) - s0@group-E8AE2E048FCA: readLock ACQUIRED 1 by SegmentedRaftLogCache.getEndIndex
2022-07-14 02:38:07,262 [s0@group-E8AE2E048FCA-LeaderStateImpl] TRACE segmented.SegmentedRaftLogCache (AutoCloseableReadWriteLock.java:logLocking(65)) - s0@group-E8AE2E048FCA: readLock RELEASED 0 by SegmentedRaftLogCache.getEndIndex
2022-07-14 02:38:07,262 [s0@group-E8AE2E048FCA-LeaderStateImpl] TRACE segmented.SegmentedRaftLogCache (AutoCloseableReadWriteLock.java:logLocking(65)) - s0@group-E8AE2E048FCA: readLock ACQUIRED 1 by SegmentedRaftLogCache$LogSegmentList.getTermIndex
2022-07-14 02:38:07,262 [s0@group-E8AE2E048FCA-LeaderStateImpl] TRACE segmented.SegmentedRaftLogCache (AutoCloseableReadWriteLock.java:logLocking(65)) - s0@group-E8AE2E048FCA: readLock RELEASED 0 by SegmentedRaftLogCache$LogSegmentList.getTermIndex
2022-07-14 02:38:07,262 [s0@group-E8AE2E048FCA-LeaderStateImpl] TRACE segmented.SegmentedRaftLogCache (AutoCloseableReadWriteLock.java:logLocking(65)) - s0@group-E8AE2E048FCA: readLock ACQUIRED 1 by SegmentedRaftLogCache.getStartIndex
2022-07-14 02:38:07,262 [s0@group-E8AE2E048FCA-LeaderStateImpl] TRACE segmented.SegmentedRaftLogCache (AutoCloseableReadWriteLock.java:logLocking(65)) -   s0@group-E8AE2E048FCA: readLock ACQUIRED 2 by SegmentedRaftLogCache$LogSegmentList.isEmpty
2022-07-14 02:38:07,262 [s0@group-E8AE2E048FCA-LeaderStateImpl] TRACE segmented.SegmentedRaftLogCache (AutoCloseableReadWriteLock.java:logLocking(65)) -   s0@group-E8AE2E048FCA: readLock RELEASED 1 by SegmentedRaftLogCache$LogSegmentList.isEmpty
2022-07-14 02:38:07,262 [s0@group-E8AE2E048FCA-LeaderStateImpl] TRACE segmented.SegmentedRaftLogCache (AutoCloseableReadWriteLock.java:logLocking(65)) - s0@group-E8AE2E048FCA: readLock RELEASED 0 by SegmentedRaftLogCache.getStartIndex
2022-07-14 02:38:07,262 [s0@group-E8AE2E048FCA-LeaderStateImpl] TRACE segmented.SegmentedRaftLogCache (AutoCloseableReadWriteLock.java:logLocking(65)) - s0@group-E8AE2E048FCA: readLock ACQUIRED 1 by SegmentedRaftLogCache.getEndIndex
2022-07-14 02:38:07,262 [s0@group-E8AE2E048FCA-LeaderStateImpl] TRACE segmented.SegmentedRaftLogCache (AutoCloseableReadWriteLock.java:logLocking(65)) - s0@group-E8AE2E048FCA: readLock RELEASED 0 by SegmentedRaftLogCache.getEndIndex
2022-07-14 02:38:07,262 [s0@group-E8AE2E048FCA-LeaderStateImpl] TRACE segmented.SegmentedRaftLogCache (AutoCloseableReadWriteLock.java:logLocking(65)) - s0@group-E8AE2E048FCA: readLock ACQUIRED 1 by SegmentedRaftLogCache$LogSegmentList.getTermIndex
2022-07-14 02:38:07,262 [s0@group-E8AE2E048FCA-LeaderStateImpl] TRACE segmented.SegmentedRaftLogCache (AutoCloseableReadWriteLock.java:logLocking(65)) - s0@group-E8AE2E048FCA: readLock RELEASED 0 by SegmentedRaftLogCache$LogSegmentList.getTermIndex
2022-07-14 02:38:07,262 [s0@group-E8AE2E048FCA-LeaderStateImpl] TRACE segmented.SegmentedRaftLogCache (AutoCloseableReadWriteLock.java:logLocking(65)) - s0@group-E8AE2E048FCA: readLock ACQUIRED 1 by SegmentedRaftLogCache.getLastTermIndex
2022-07-14 02:38:07,262 [s0@group-E8AE2E048FCA-LeaderStateImpl] TRACE segmented.SegmentedRaftLogCache (AutoCloseableReadWriteLock.java:logLocking(65)) - s0@group-E8AE2E048FCA: readLock RELEASED 0 by SegmentedRaftLogCache.getLastTermIndex
2022-07-14 02:38:07,263 [s0@group-E8AE2E048FCA-LeaderStateImpl] TRACE segmented.SegmentedRaftLogCache (AutoCloseableReadWriteLock.java:logLocking(65)) - s0@group-E8AE2E048FCA: readLock ACQUIRED 1 by SegmentedRaftLogCache$LogSegmentList.countCached
2022-07-14 02:38:07,263 [s0@group-E8AE2E048FCA-LeaderStateImpl] TRACE segmented.SegmentedRaftLogCache (AutoCloseableReadWriteLock.java:logLocking(65)) - s0@group-E8AE2E048FCA: readLock RELEASED 0 by SegmentedRaftLogCache$LogSegmentList.countCached
2022-07-14 02:38:07,263 [s0@group-E8AE2E048FCA-LeaderStateImpl] TRACE segmented.SegmentedRaftLogCache (AutoCloseableReadWriteLock.java:logLocking(65)) - s0@group-E8AE2E048FCA: readLock ACQUIRED 1 by SegmentedRaftLogCache$LogSegmentList.getTotalCacheSize
2022-07-14 02:38:07,263 [s0@group-E8AE2E048FCA-LeaderStateImpl] TRACE segmented.SegmentedRaftLogCache (AutoCloseableReadWriteLock.java:logLocking(65)) - s0@group-E8AE2E048FCA: readLock RELEASED 0 by SegmentedRaftLogCache$LogSegmentList.getTotalCacheSize
2022-07-14 02:38:07,263 [s0@group-E8AE2E048FCA-LeaderStateImpl] DEBUG segmented.SegmentedRaftLogWorker (SegmentedRaftLogWorker.java:addIOTask(270)) - s0@group-E8AE2E048FCA-SegmentedRaftLogWorker adds IO task WriteLog:40: (t:1, i:40), METADATAENTRY(c:39)
2022-07-14 02:38:07,263 [s0@group-E8AE2E048FCA-SegmentedRaftLogWorker] DEBUG segmented.SegmentedRaftLogWorker (SegmentedRaftLogWorker.java:flushIfNecessary(365)) - s0@group-E8AE2E048FCA-SegmentedRaftLogWorker: flush SegmentedRaftLogOutputStream(/home/runner/work/ratis/ratis/ratis-test/target/test/data/f69c223b/MiniRaftClusterWithSimulatedRpc37250022/s0/24813b6b-21de-410f-95d3-e8ae2e048fca/current/log_inprogress_0)
2022-07-14 02:38:07,263 [s0@group-E8AE2E048FCA-StateMachineUpdater] INFO  statemachine.SimpleStateMachine4Testing (SimpleStateMachine4Testing.java:put(204)) - s0: put 39, m19 -> (t:1, i:39), STATEMACHINELOGENTRY, 347@client-4187B1F4E061
2022-07-14 02:38:07,263 [s0-client-thread1] TRACE segmented.SegmentedRaftLogCache (AutoCloseableReadWriteLock.java:logLocking(65)) - s0@group-E8AE2E048FCA: readLock ACQUIRED 1 by SegmentedRaftLogCache.getLastTermIndex
2022-07-14 02:38:07,263 [s0-client-thread1] TRACE segmented.SegmentedRaftLogCache (AutoCloseableReadWriteLock.java:logLocking(65)) - s0@group-E8AE2E048FCA: readLock RELEASED 0 by SegmentedRaftLogCache.getLastTermIndex
2022-07-14 02:38:07,264 [s0-client-thread1] TRACE segmented.SegmentedRaftLogCache (AutoCloseableReadWriteLock.java:logLocking(65)) - s0@group-E8AE2E048FCA: readLock ACQUIRED 1 by SegmentedRaftLogCache.getLastTermIndex
2022-07-14 02:38:07,264 [s0-client-thread1] TRACE segmented.SegmentedRaftLogCache (AutoCloseableReadWriteLock.java:logLocking(65)) - s0@group-E8AE2E048FCA: readLock RELEASED 0 by SegmentedRaftLogCache.getLastTermIndex
2022-07-14 02:38:07,264 [s0-client-thread1] TRACE segmented.SegmentedRaftLogCache (AutoCloseableReadWriteLock.java:logLocking(65)) - s0@group-E8AE2E048FCA: readLock ACQUIRED 1 by SegmentedRaftLogCache$LogSegmentList.countCached
2022-07-14 02:38:07,264 [s0-client-thread1] TRACE segmented.SegmentedRaftLogCache (AutoCloseableReadWriteLock.java:logLocking(65)) - s0@group-E8AE2E048FCA: readLock RELEASED 0 by SegmentedRaftLogCache$LogSegmentList.countCached
2022-07-14 02:38:07,264 [s0-client-thread1] TRACE segmented.SegmentedRaftLogCache (AutoCloseableReadWriteLock.java:logLocking(65)) - s0@group-E8AE2E048FCA: readLock ACQUIRED 1 by SegmentedRaftLogCache$LogSegmentList.getTotalCacheSize
2022-07-14 02:38:07,264 [s0-client-thread1] TRACE segmented.SegmentedRaftLogCache (AutoCloseableReadWriteLock.java:logLocking(65)) - s0@group-E8AE2E048FCA: readLock RELEASED 0 by SegmentedRaftLogCache$LogSegmentList.getTotalCacheSize
2022-07-14 02:38:07,264 [s0-client-thread1] DEBUG segmented.SegmentedRaftLogWorker (SegmentedRaftLogWorker.java:addIOTask(270)) - s0@group-E8AE2E048FCA-SegmentedRaftLogWorker adds IO task WriteLog:41: (t:1, i:41), STATEMACHINELOGENTRY, StateMachineLogEntryProto:348@client-4187B1F4E061
2022-07-14 02:38:07,264 [s0@group-E8AE2E048FCA-SegmentedRaftLogWorker] DEBUG segmented.SegmentedRaftLogWorker (SegmentedRaftLogWorker.java:flushIfNecessary(365)) - s0@group-E8AE2E048FCA-SegmentedRaftLogWorker: flush SegmentedRaftLogOutputStream(/home/runner/work/ratis/ratis/ratis-test/target/test/data/f69c223b/MiniRaftClusterWithSimulatedRpc37250022/s0/24813b6b-21de-410f-95d3-e8ae2e048fca/current/log_inprogress_0)
2022-07-14 02:38:07,264 [s0@group-E8AE2E048FCA-LeaderStateImpl] TRACE segmented.SegmentedRaftLogCache (AutoCloseableReadWriteLock.java:logLocking(65)) - s0@group-E8AE2E048FCA: readLock ACQUIRED 1 by SegmentedRaftLogCache.getStartIndex
2022-07-14 02:38:07,264 [s0@group-E8AE2E048FCA-LeaderStateImpl] TRACE segmented.SegmentedRaftLogCache (AutoCloseableReadWriteLock.java:logLocking(65)) -   s0@group-E8AE2E048FCA: readLock ACQUIRED 2 by SegmentedRaftLogCache$LogSegmentList.isEmpty
2022-07-14 02:38:07,264 [s0@group-E8AE2E048FCA-LeaderStateImpl] TRACE segmented.SegmentedRaftLogCache (AutoCloseableReadWriteLock.java:logLocking(65)) -   s0@group-E8AE2E048FCA: readLock RELEASED 1 by SegmentedRaftLogCache$LogSegmentList.isEmpty
2022-07-14 02:38:07,264 [s0@group-E8AE2E048FCA-LeaderStateImpl] TRACE segmented.SegmentedRaftLogCache (AutoCloseableReadWriteLock.java:logLocking(65)) - s0@group-E8AE2E048FCA: readLock RELEASED 0 by SegmentedRaftLogCache.getStartIndex
2022-07-14 02:38:07,264 [s0@group-E8AE2E048FCA-LeaderStateImpl] TRACE segmented.SegmentedRaftLogCache (AutoCloseableReadWriteLock.java:logLocking(65)) - s0@group-E8AE2E048FCA: readLock ACQUIRED 1 by SegmentedRaftLogCache.getEndIndex
2022-07-14 02:38:07,264 [s0@group-E8AE2E048FCA-LeaderStateImpl] TRACE segmented.SegmentedRaftLogCache (AutoCloseableReadWriteLock.java:logLocking(65)) - s0@group-E8AE2E048FCA: readLock RELEASED 0 by SegmentedRaftLogCache.getEndIndex
2022-07-14 02:38:07,264 [s0@group-E8AE2E048FCA-LeaderStateImpl] TRACE segmented.SegmentedRaftLogCache (AutoCloseableReadWriteLock.java:logLocking(65)) - s0@group-E8AE2E048FCA: readLock ACQUIRED 1 by SegmentedRaftLogCache$LogSegmentList.getTermIndex
2022-07-14 02:38:07,264 [s0@group-E8AE2E048FCA-LeaderStateImpl] TRACE segmented.SegmentedRaftLogCache (AutoCloseableReadWriteLock.java:logLocking(65)) - s0@group-E8AE2E048FCA: readLock RELEASED 0 by SegmentedRaftLogCache$LogSegmentList.getTermIndex
2022-07-14 02:38:07,265 [s0@group-E8AE2E048FCA-LeaderStateImpl] TRACE segmented.SegmentedRaftLogCache (AutoCloseableReadWriteLock.java:logLocking(65)) - s0@group-E8AE2E048FCA: readLock ACQUIRED 1 by SegmentedRaftLogCache.getStartIndex
2022-07-14 02:38:07,265 [s0@group-E8AE2E048FCA-LeaderStateImpl] TRACE segmented.SegmentedRaftLogCache (AutoCloseableReadWriteLock.java:logLocking(65)) -   s0@group-E8AE2E048FCA: readLock ACQUIRED 2 by SegmentedRaftLogCache$LogSegmentList.isEmpty
2022-07-14 02:38:07,265 [s0@group-E8AE2E048FCA-LeaderStateImpl] TRACE segmented.SegmentedRaftLogCache (AutoCloseableReadWriteLock.java:logLocking(65)) -   s0@group-E8AE2E048FCA: readLock RELEASED 1 by SegmentedRaftLogCache$LogSegmentList.isEmpty
2022-07-14 02:38:07,265 [s0@group-E8AE2E048FCA-LeaderStateImpl] TRACE segmented.SegmentedRaftLogCache (AutoCloseableReadWriteLock.java:logLocking(65)) - s0@group-E8AE2E048FCA: readLock RELEASED 0 by SegmentedRaftLogCache.getStartIndex
2022-07-14 02:38:07,265 [s0@group-E8AE2E048FCA-LeaderStateImpl] TRACE segmented.SegmentedRaftLogCache (AutoCloseableReadWriteLock.java:logLocking(65)) - s0@group-E8AE2E048FCA: readLock ACQUIRED 1 by SegmentedRaftLogCache.getEndIndex
2022-07-14 02:38:07,265 [s0@group-E8AE2E048FCA-LeaderStateImpl] TRACE segmented.SegmentedRaftLogCache (AutoCloseableReadWriteLock.java:logLocking(65)) - s0@group-E8AE2E048FCA: readLock RELEASED 0 by SegmentedRaftLogCache.getEndIndex
2022-07-14 02:38:07,265 [s0@group-E8AE2E048FCA-LeaderStateImpl] TRACE segmented.SegmentedRaftLogCache (AutoCloseableReadWriteLock.java:logLocking(65)) - s0@group-E8AE2E048FCA: readLock ACQUIRED 1 by SegmentedRaftLogCache$LogSegmentList.getTermIndex
2022-07-14 02:38:07,265 [s0@group-E8AE2E048FCA-LeaderStateImpl] TRACE segmented.SegmentedRaftLogCache (AutoCloseableReadWriteLock.java:logLocking(65)) - s0@group-E8AE2E048FCA: readLock RELEASED 0 by SegmentedRaftLogCache$LogSegmentList.getTermIndex
2022-07-14 02:38:07,265 [s0@group-E8AE2E048FCA-LeaderStateImpl] TRACE segmented.SegmentedRaftLogCache (AutoCloseableReadWriteLock.java:logLocking(65)) - s0@group-E8AE2E048FCA: readLock ACQUIRED 1 by SegmentedRaftLogCache.getLastTermIndex
2022-07-14 02:38:07,265 [s0@group-E8AE2E048FCA-LeaderStateImpl] TRACE segmented.SegmentedRaftLogCache (AutoCloseableReadWriteLock.java:logLocking(65)) - s0@group-E8AE2E048FCA: readLock RELEASED 0 by SegmentedRaftLogCache.getLastTermIndex
2022-07-14 02:38:07,265 [s0@group-E8AE2E048FCA-LeaderStateImpl] TRACE segmented.SegmentedRaftLogCache (AutoCloseableReadWriteLock.java:logLocking(65)) - s0@group-E8AE2E048FCA: readLock ACQUIRED 1 by SegmentedRaftLogCache$LogSegmentList.countCached
2022-07-14 02:38:07,265 [s0@group-E8AE2E048FCA-LeaderStateImpl] TRACE segmented.SegmentedRaftLogCache (AutoCloseableReadWriteLock.java:logLocking(65)) - s0@group-E8AE2E048FCA: readLock RELEASED 0 by SegmentedRaftLogCache$LogSegmentList.countCached
2022-07-14 02:38:07,265 [s0@group-E8AE2E048FCA-LeaderStateImpl] TRACE segmented.SegmentedRaftLogCache (AutoCloseableReadWriteLock.java:logLocking(65)) - s0@group-E8AE2E048FCA: readLock ACQUIRED 1 by SegmentedRaftLogCache$LogSegmentList.getTotalCacheSize
2022-07-14 02:38:07,265 [s0@group-E8AE2E048FCA-LeaderStateImpl] TRACE segmented.SegmentedRaftLogCache (AutoCloseableReadWriteLock.java:logLocking(65)) - s0@group-E8AE2E048FCA: readLock RELEASED 0 by SegmentedRaftLogCache$LogSegmentList.getTotalCacheSize
2022-07-14 02:38:07,265 [s0@group-E8AE2E048FCA-LeaderStateImpl] DEBUG segmented.SegmentedRaftLogWorker (SegmentedRaftLogWorker.java:addIOTask(270)) - s0@group-E8AE2E048FCA-SegmentedRaftLogWorker adds IO task WriteLog:42: (t:1, i:42), METADATAENTRY(c:41)
2022-07-14 02:38:07,266 [s0@group-E8AE2E048FCA-SegmentedRaftLogWorker] DEBUG segmented.SegmentedRaftLogWorker (SegmentedRaftLogWorker.java:flushIfNecessary(365)) - s0@group-E8AE2E048FCA-SegmentedRaftLogWorker: flush SegmentedRaftLogOutputStream(/home/runner/work/ratis/ratis/ratis-test/target/test/data/f69c223b/MiniRaftClusterWithSimulatedRpc37250022/s0/24813b6b-21de-410f-95d3-e8ae2e048fca/current/log_inprogress_0)
2022-07-14 02:38:07,266 [s0@group-E8AE2E048FCA-StateMachineUpdater] INFO  statemachine.SimpleStateMachine4Testing (SimpleStateMachine4Testing.java:put(204)) - s0: put 41, m20 -> (t:1, i:41), STATEMACHINELOGENTRY, 348@client-4187B1F4E061
2022-07-14 02:38:07,266 [s0-client-thread1] TRACE segmented.SegmentedRaftLogCache (AutoCloseableReadWriteLock.java:logLocking(65)) - s0@group-E8AE2E048FCA: readLock ACQUIRED 1 by SegmentedRaftLogCache.getLastTermIndex
2022-07-14 02:38:07,266 [s0-client-thread1] TRACE segmented.SegmentedRaftLogCache (AutoCloseableReadWriteLock.java:logLocking(65)) - s0@group-E8AE2E048FCA: readLock RELEASED 0 by SegmentedRaftLogCache.getLastTermIndex
2022-07-14 02:38:07,266 [s0-client-thread1] TRACE segmented.SegmentedRaftLogCache (AutoCloseableReadWriteLock.java:logLocking(65)) - s0@group-E8AE2E048FCA: readLock ACQUIRED 1 by SegmentedRaftLogCache.getLastTermIndex
2022-07-14 02:38:07,266 [s0-client-thread1] TRACE segmented.SegmentedRaftLogCache (AutoCloseableReadWriteLock.java:logLocking(65)) - s0@group-E8AE2E048FCA: readLock RELEASED 0 by SegmentedRaftLogCache.getLastTermIndex
2022-07-14 02:38:07,266 [s0-client-thread1] TRACE segmented.SegmentedRaftLogCache (AutoCloseableReadWriteLock.java:logLocking(65)) - s0@group-E8AE2E048FCA: readLock ACQUIRED 1 by SegmentedRaftLogCache$LogSegmentList.countCached
2022-07-14 02:38:07,266 [s0-client-thread1] TRACE segmented.SegmentedRaftLogCache (AutoCloseableReadWriteLock.java:logLocking(65)) - s0@group-E8AE2E048FCA: readLock RELEASED 0 by SegmentedRaftLogCache$LogSegmentList.countCached
2022-07-14 02:38:07,266 [s0-client-thread1] TRACE segmented.SegmentedRaftLogCache (AutoCloseableReadWriteLock.java:logLocking(65)) - s0@group-E8AE2E048FCA: readLock ACQUIRED 1 by SegmentedRaftLogCache$LogSegmentList.getTotalCacheSize
2022-07-14 02:38:07,266 [s0-client-thread1] TRACE segmented.SegmentedRaftLogCache (AutoCloseableReadWriteLock.java:logLocking(65)) - s0@group-E8AE2E048FCA: readLock RELEASED 0 by SegmentedRaftLogCache$LogSegmentList.getTotalCacheSize
2022-07-14 02:38:07,267 [s0-client-thread1] DEBUG segmented.SegmentedRaftLogWorker (SegmentedRaftLogWorker.java:addIOTask(270)) - s0@group-E8AE2E048FCA-SegmentedRaftLogWorker adds IO task WriteLog:43: (t:1, i:43), STATEMACHINELOGENTRY, StateMachineLogEntryProto:349@client-4187B1F4E061
2022-07-14 02:38:07,267 [s0@group-E8AE2E048FCA-SegmentedRaftLogWorker] DEBUG segmented.SegmentedRaftLogWorker (SegmentedRaftLogWorker.java:flushIfNecessary(365)) - s0@group-E8AE2E048FCA-SegmentedRaftLogWorker: flush SegmentedRaftLogOutputStream(/home/runner/work/ratis/ratis/ratis-test/target/test/data/f69c223b/MiniRaftClusterWithSimulatedRpc37250022/s0/24813b6b-21de-410f-95d3-e8ae2e048fca/current/log_inprogress_0)
2022-07-14 02:38:07,267 [s0@group-E8AE2E048FCA-LeaderStateImpl] TRACE segmented.SegmentedRaftLogCache (AutoCloseableReadWriteLock.java:logLocking(65)) - s0@group-E8AE2E048FCA: readLock ACQUIRED 1 by SegmentedRaftLogCache.getStartIndex
2022-07-14 02:38:07,267 [s0@group-E8AE2E048FCA-LeaderStateImpl] TRACE segmented.SegmentedRaftLogCache (AutoCloseableReadWriteLock.java:logLocking(65)) -   s0@group-E8AE2E048FCA: readLock ACQUIRED 2 by SegmentedRaftLogCache$LogSegmentList.isEmpty
2022-07-14 02:38:07,267 [s0@group-E8AE2E048FCA-LeaderStateImpl] TRACE segmented.SegmentedRaftLogCache (AutoCloseableReadWriteLock.java:logLocking(65)) -   s0@group-E8AE2E048FCA: readLock RELEASED 1 by SegmentedRaftLogCache$LogSegmentList.isEmpty
2022-07-14 02:38:07,267 [s0@group-E8AE2E048FCA-LeaderStateImpl] TRACE segmented.SegmentedRaftLogCache (AutoCloseableReadWriteLock.java:logLocking(65)) - s0@group-E8AE2E048FCA: readLock RELEASED 0 by SegmentedRaftLogCache.getStartIndex
2022-07-14 02:38:07,267 [s0@group-E8AE2E048FCA-LeaderStateImpl] TRACE segmented.SegmentedRaftLogCache (AutoCloseableReadWriteLock.java:logLocking(65)) - s0@group-E8AE2E048FCA: readLock ACQUIRED 1 by SegmentedRaftLogCache.getEndIndex
2022-07-14 02:38:07,267 [s0@group-E8AE2E048FCA-LeaderStateImpl] TRACE segmented.SegmentedRaftLogCache (AutoCloseableReadWriteLock.java:logLocking(65)) - s0@group-E8AE2E048FCA: readLock RELEASED 0 by SegmentedRaftLogCache.getEndIndex
2022-07-14 02:38:07,267 [s0@group-E8AE2E048FCA-LeaderStateImpl] TRACE segmented.SegmentedRaftLogCache (AutoCloseableReadWriteLock.java:logLocking(65)) - s0@group-E8AE2E048FCA: readLock ACQUIRED 1 by SegmentedRaftLogCache$LogSegmentList.getTermIndex
2022-07-14 02:38:07,267 [s0@group-E8AE2E048FCA-LeaderStateImpl] TRACE segmented.SegmentedRaftLogCache (AutoCloseableReadWriteLock.java:logLocking(65)) - s0@group-E8AE2E048FCA: readLock RELEASED 0 by SegmentedRaftLogCache$LogSegmentList.getTermIndex
2022-07-14 02:38:07,267 [s0@group-E8AE2E048FCA-LeaderStateImpl] TRACE segmented.SegmentedRaftLogCache (AutoCloseableReadWriteLock.java:logLocking(65)) - s0@group-E8AE2E048FCA: readLock ACQUIRED 1 by SegmentedRaftLogCache.getStartIndex
2022-07-14 02:38:07,267 [s0@group-E8AE2E048FCA-LeaderStateImpl] TRACE segmented.SegmentedRaftLogCache (AutoCloseableReadWriteLock.java:logLocking(65)) -   s0@group-E8AE2E048FCA: readLock ACQUIRED 2 by SegmentedRaftLogCache$LogSegmentList.isEmpty
2022-07-14 02:38:07,267 [s0@group-E8AE2E048FCA-LeaderStateImpl] TRACE segmented.SegmentedRaftLogCache (AutoCloseableReadWriteLock.java:logLocking(65)) -   s0@group-E8AE2E048FCA: readLock RELEASED 1 by SegmentedRaftLogCache$LogSegmentList.isEmpty
2022-07-14 02:38:07,267 [s0@group-E8AE2E048FCA-LeaderStateImpl] TRACE segmented.SegmentedRaftLogCache (AutoCloseableReadWriteLock.java:logLocking(65)) - s0@group-E8AE2E048FCA: readLock RELEASED 0 by SegmentedRaftLogCache.getStartIndex
2022-07-14 02:38:07,268 [s0@group-E8AE2E048FCA-LeaderStateImpl] TRACE segmented.SegmentedRaftLogCache (AutoCloseableReadWriteLock.java:logLocking(65)) - s0@group-E8AE2E048FCA: readLock ACQUIRED 1 by SegmentedRaftLogCache.getEndIndex
2022-07-14 02:38:07,268 [s0@group-E8AE2E048FCA-LeaderStateImpl] TRACE segmented.SegmentedRaftLogCache (AutoCloseableReadWriteLock.java:logLocking(65)) - s0@group-E8AE2E048FCA: readLock RELEASED 0 by SegmentedRaftLogCache.getEndIndex
2022-07-14 02:38:07,268 [s0@group-E8AE2E048FCA-LeaderStateImpl] TRACE segmented.SegmentedRaftLogCache (AutoCloseableReadWriteLock.java:logLocking(65)) - s0@group-E8AE2E048FCA: readLock ACQUIRED 1 by SegmentedRaftLogCache$LogSegmentList.getTermIndex
2022-07-14 02:38:07,268 [s0@group-E8AE2E048FCA-LeaderStateImpl] TRACE segmented.SegmentedRaftLogCache (AutoCloseableReadWriteLock.java:logLocking(65)) - s0@group-E8AE2E048FCA: readLock RELEASED 0 by SegmentedRaftLogCache$LogSegmentList.getTermIndex
2022-07-14 02:38:07,268 [s0@group-E8AE2E048FCA-LeaderStateImpl] TRACE segmented.SegmentedRaftLogCache (AutoCloseableReadWriteLock.java:logLocking(65)) - s0@group-E8AE2E048FCA: readLock ACQUIRED 1 by SegmentedRaftLogCache.getLastTermIndex
2022-07-14 02:38:07,268 [s0@group-E8AE2E048FCA-LeaderStateImpl] TRACE segmented.SegmentedRaftLogCache (AutoCloseableReadWriteLock.java:logLocking(65)) - s0@group-E8AE2E048FCA: readLock RELEASED 0 by SegmentedRaftLogCache.getLastTermIndex
2022-07-14 02:38:07,268 [s0@group-E8AE2E048FCA-LeaderStateImpl] TRACE segmented.SegmentedRaftLogCache (AutoCloseableReadWriteLock.java:logLocking(65)) - s0@group-E8AE2E048FCA: readLock ACQUIRED 1 by SegmentedRaftLogCache$LogSegmentList.countCached
2022-07-14 02:38:07,268 [s0@group-E8AE2E048FCA-LeaderStateImpl] TRACE segmented.SegmentedRaftLogCache (AutoCloseableReadWriteLock.java:logLocking(65)) - s0@group-E8AE2E048FCA: readLock RELEASED 0 by SegmentedRaftLogCache$LogSegmentList.countCached
2022-07-14 02:38:07,268 [s0@group-E8AE2E048FCA-LeaderStateImpl] TRACE segmented.SegmentedRaftLogCache (AutoCloseableReadWriteLock.java:logLocking(65)) - s0@group-E8AE2E048FCA: readLock ACQUIRED 1 by SegmentedRaftLogCache$LogSegmentList.getTotalCacheSize
2022-07-14 02:38:07,268 [s0@group-E8AE2E048FCA-LeaderStateImpl] TRACE segmented.SegmentedRaftLogCache (AutoCloseableReadWriteLock.java:logLocking(65)) - s0@group-E8AE2E048FCA: readLock RELEASED 0 by SegmentedRaftLogCache$LogSegmentList.getTotalCacheSize
2022-07-14 02:38:07,268 [s0@group-E8AE2E048FCA-LeaderStateImpl] DEBUG segmented.SegmentedRaftLogWorker (SegmentedRaftLogWorker.java:addIOTask(270)) - s0@group-E8AE2E048FCA-SegmentedRaftLogWorker adds IO task WriteLog:44: (t:1, i:44), METADATAENTRY(c:43)
2022-07-14 02:38:07,268 [s0@group-E8AE2E048FCA-SegmentedRaftLogWorker] DEBUG segmented.SegmentedRaftLogWorker (SegmentedRaftLogWorker.java:flushIfNecessary(365)) - s0@group-E8AE2E048FCA-SegmentedRaftLogWorker: flush SegmentedRaftLogOutputStream(/home/runner/work/ratis/ratis/ratis-test/target/test/data/f69c223b/MiniRaftClusterWithSimulatedRpc37250022/s0/24813b6b-21de-410f-95d3-e8ae2e048fca/current/log_inprogress_0)
2022-07-14 02:38:07,268 [s0@group-E8AE2E048FCA-StateMachineUpdater] INFO  statemachine.SimpleStateMachine4Testing (SimpleStateMachine4Testing.java:put(204)) - s0: put 43, m21 -> (t:1, i:43), STATEMACHINELOGENTRY, 349@client-4187B1F4E061
2022-07-14 02:38:07,269 [s0-client-thread1] TRACE segmented.SegmentedRaftLogCache (AutoCloseableReadWriteLock.java:logLocking(65)) - s0@group-E8AE2E048FCA: readLock ACQUIRED 1 by SegmentedRaftLogCache.getLastTermIndex
2022-07-14 02:38:07,269 [s0-client-thread1] TRACE segmented.SegmentedRaftLogCache (AutoCloseableReadWriteLock.java:logLocking(65)) - s0@group-E8AE2E048FCA: readLock RELEASED 0 by SegmentedRaftLogCache.getLastTermIndex
2022-07-14 02:38:07,269 [s0-client-thread1] TRACE segmented.SegmentedRaftLogCache (AutoCloseableReadWriteLock.java:logLocking(65)) - s0@group-E8AE2E048FCA: readLock ACQUIRED 1 by SegmentedRaftLogCache.getLastTermIndex
2022-07-14 02:38:07,269 [s0-client-thread1] TRACE segmented.SegmentedRaftLogCache (AutoCloseableReadWriteLock.java:logLocking(65)) - s0@group-E8AE2E048FCA: readLock RELEASED 0 by SegmentedRaftLogCache.getLastTermIndex
2022-07-14 02:38:07,269 [s0-client-thread1] TRACE segmented.SegmentedRaftLogCache (AutoCloseableReadWriteLock.java:logLocking(65)) - s0@group-E8AE2E048FCA: readLock ACQUIRED 1 by SegmentedRaftLogCache$LogSegmentList.countCached
2022-07-14 02:38:07,269 [s0-client-thread1] TRACE segmented.SegmentedRaftLogCache (AutoCloseableReadWriteLock.java:logLocking(65)) - s0@group-E8AE2E048FCA: readLock RELEASED 0 by SegmentedRaftLogCache$LogSegmentList.countCached
2022-07-14 02:38:07,269 [s0-client-thread1] TRACE segmented.SegmentedRaftLogCache (AutoCloseableReadWriteLock.java:logLocking(65)) - s0@group-E8AE2E048FCA: readLock ACQUIRED 1 by SegmentedRaftLogCache$LogSegmentList.getTotalCacheSize
2022-07-14 02:38:07,269 [s0-client-thread1] TRACE segmented.SegmentedRaftLogCache (AutoCloseableReadWriteLock.java:logLocking(65)) - s0@group-E8AE2E048FCA: readLock RELEASED 0 by SegmentedRaftLogCache$LogSegmentList.getTotalCacheSize
2022-07-14 02:38:07,269 [s0-client-thread1] DEBUG segmented.SegmentedRaftLogWorker (SegmentedRaftLogWorker.java:addIOTask(270)) - s0@group-E8AE2E048FCA-SegmentedRaftLogWorker adds IO task WriteLog:45: (t:1, i:45), STATEMACHINELOGENTRY, StateMachineLogEntryProto:350@client-4187B1F4E061
2022-07-14 02:38:07,270 [s0@group-E8AE2E048FCA-SegmentedRaftLogWorker] DEBUG segmented.SegmentedRaftLogWorker (SegmentedRaftLogWorker.java:flushIfNecessary(365)) - s0@group-E8AE2E048FCA-SegmentedRaftLogWorker: flush SegmentedRaftLogOutputStream(/home/runner/work/ratis/ratis/ratis-test/target/test/data/f69c223b/MiniRaftClusterWithSimulatedRpc37250022/s0/24813b6b-21de-410f-95d3-e8ae2e048fca/current/log_inprogress_0)
2022-07-14 02:38:07,270 [s0@group-E8AE2E048FCA-LeaderStateImpl] TRACE segmented.SegmentedRaftLogCache (AutoCloseableReadWriteLock.java:logLocking(65)) - s0@group-E8AE2E048FCA: readLock ACQUIRED 1 by SegmentedRaftLogCache.getStartIndex
2022-07-14 02:38:07,270 [s0@group-E8AE2E048FCA-LeaderStateImpl] TRACE segmented.SegmentedRaftLogCache (AutoCloseableReadWriteLock.java:logLocking(65)) -   s0@group-E8AE2E048FCA: readLock ACQUIRED 2 by SegmentedRaftLogCache$LogSegmentList.isEmpty
2022-07-14 02:38:07,270 [s0@group-E8AE2E048FCA-LeaderStateImpl] TRACE segmented.SegmentedRaftLogCache (AutoCloseableReadWriteLock.java:logLocking(65)) -   s0@group-E8AE2E048FCA: readLock RELEASED 1 by SegmentedRaftLogCache$LogSegmentList.isEmpty
2022-07-14 02:38:07,270 [s0@group-E8AE2E048FCA-LeaderStateImpl] TRACE segmented.SegmentedRaftLogCache (AutoCloseableReadWriteLock.java:logLocking(65)) - s0@group-E8AE2E048FCA: readLock RELEASED 0 by SegmentedRaftLogCache.getStartIndex
2022-07-14 02:38:07,270 [s0@group-E8AE2E048FCA-LeaderStateImpl] TRACE segmented.SegmentedRaftLogCache (AutoCloseableReadWriteLock.java:logLocking(65)) - s0@group-E8AE2E048FCA: readLock ACQUIRED 1 by SegmentedRaftLogCache.getEndIndex
2022-07-14 02:38:07,270 [s0@group-E8AE2E048FCA-LeaderStateImpl] TRACE segmented.SegmentedRaftLogCache (AutoCloseableReadWriteLock.java:logLocking(65)) - s0@group-E8AE2E048FCA: readLock RELEASED 0 by SegmentedRaftLogCache.getEndIndex
2022-07-14 02:38:07,270 [s0@group-E8AE2E048FCA-LeaderStateImpl] TRACE segmented.SegmentedRaftLogCache (AutoCloseableReadWriteLock.java:logLocking(65)) - s0@group-E8AE2E048FCA: readLock ACQUIRED 1 by SegmentedRaftLogCache$LogSegmentList.getTermIndex
2022-07-14 02:38:07,270 [s0@group-E8AE2E048FCA-LeaderStateImpl] TRACE segmented.SegmentedRaftLogCache (AutoCloseableReadWriteLock.java:logLocking(65)) - s0@group-E8AE2E048FCA: readLock RELEASED 0 by SegmentedRaftLogCache$LogSegmentList.getTermIndex
2022-07-14 02:38:07,270 [s0@group-E8AE2E048FCA-LeaderStateImpl] TRACE segmented.SegmentedRaftLogCache (AutoCloseableReadWriteLock.java:logLocking(65)) - s0@group-E8AE2E048FCA: readLock ACQUIRED 1 by SegmentedRaftLogCache.getStartIndex
2022-07-14 02:38:07,270 [s0@group-E8AE2E048FCA-LeaderStateImpl] TRACE segmented.SegmentedRaftLogCache (AutoCloseableReadWriteLock.java:logLocking(65)) -   s0@group-E8AE2E048FCA: readLock ACQUIRED 2 by SegmentedRaftLogCache$LogSegmentList.isEmpty
2022-07-14 02:38:07,270 [s0@group-E8AE2E048FCA-LeaderStateImpl] TRACE segmented.SegmentedRaftLogCache (AutoCloseableReadWriteLock.java:logLocking(65)) -   s0@group-E8AE2E048FCA: readLock RELEASED 1 by SegmentedRaftLogCache$LogSegmentList.isEmpty
2022-07-14 02:38:07,270 [s0@group-E8AE2E048FCA-LeaderStateImpl] TRACE segmented.SegmentedRaftLogCache (AutoCloseableReadWriteLock.java:logLocking(65)) - s0@group-E8AE2E048FCA: readLock RELEASED 0 by SegmentedRaftLogCache.getStartIndex
2022-07-14 02:38:07,270 [s0@group-E8AE2E048FCA-LeaderStateImpl] TRACE segmented.SegmentedRaftLogCache (AutoCloseableReadWriteLock.java:logLocking(65)) - s0@group-E8AE2E048FCA: readLock ACQUIRED 1 by SegmentedRaftLogCache.getEndIndex
2022-07-14 02:38:07,270 [s0@group-E8AE2E048FCA-LeaderStateImpl] TRACE segmented.SegmentedRaftLogCache (AutoCloseableReadWriteLock.java:logLocking(65)) - s0@group-E8AE2E048FCA: readLock RELEASED 0 by SegmentedRaftLogCache.getEndIndex
2022-07-14 02:38:07,270 [s0@group-E8AE2E048FCA-LeaderStateImpl] TRACE segmented.SegmentedRaftLogCache (AutoCloseableReadWriteLock.java:logLocking(65)) - s0@group-E8AE2E048FCA: readLock ACQUIRED 1 by SegmentedRaftLogCache$LogSegmentList.getTermIndex
2022-07-14 02:38:07,270 [s0@group-E8AE2E048FCA-LeaderStateImpl] TRACE segmented.SegmentedRaftLogCache (AutoCloseableReadWriteLock.java:logLocking(65)) - s0@group-E8AE2E048FCA: readLock RELEASED 0 by SegmentedRaftLogCache$LogSegmentList.getTermIndex
2022-07-14 02:38:07,270 [s0@group-E8AE2E048FCA-StateMachineUpdater] INFO  statemachine.SimpleStateMachine4Testing (SimpleStateMachine4Testing.java:put(204)) - s0: put 45, m22 -> (t:1, i:45), STATEMACHINELOGENTRY, 350@client-4187B1F4E061
2022-07-14 02:38:07,270 [s0@group-E8AE2E048FCA-LeaderStateImpl] TRACE segmented.SegmentedRaftLogCache (AutoCloseableReadWriteLock.java:logLocking(65)) - s0@group-E8AE2E048FCA: readLock ACQUIRED 1 by SegmentedRaftLogCache.getLastTermIndex
2022-07-14 02:38:07,271 [s0@group-E8AE2E048FCA-LeaderStateImpl] TRACE segmented.SegmentedRaftLogCache (AutoCloseableReadWriteLock.java:logLocking(65)) - s0@group-E8AE2E048FCA: readLock RELEASED 0 by SegmentedRaftLogCache.getLastTermIndex
2022-07-14 02:38:07,271 [s0@group-E8AE2E048FCA-LeaderStateImpl] TRACE segmented.SegmentedRaftLogCache (AutoCloseableReadWriteLock.java:logLocking(65)) - s0@group-E8AE2E048FCA: readLock ACQUIRED 1 by SegmentedRaftLogCache$LogSegmentList.countCached
2022-07-14 02:38:07,271 [s0@group-E8AE2E048FCA-LeaderStateImpl] TRACE segmented.SegmentedRaftLogCache (AutoCloseableReadWriteLock.java:logLocking(65)) - s0@group-E8AE2E048FCA: readLock RELEASED 0 by SegmentedRaftLogCache$LogSegmentList.countCached
2022-07-14 02:38:07,271 [s0@group-E8AE2E048FCA-LeaderStateImpl] TRACE segmented.SegmentedRaftLogCache (AutoCloseableReadWriteLock.java:logLocking(65)) - s0@group-E8AE2E048FCA: readLock ACQUIRED 1 by SegmentedRaftLogCache$LogSegmentList.getTotalCacheSize
2022-07-14 02:38:07,271 [s0@group-E8AE2E048FCA-LeaderStateImpl] TRACE segmented.SegmentedRaftLogCache (AutoCloseableReadWriteLock.java:logLocking(65)) - s0@group-E8AE2E048FCA: readLock RELEASED 0 by SegmentedRaftLogCache$LogSegmentList.getTotalCacheSize
2022-07-14 02:38:07,271 [s0@group-E8AE2E048FCA-LeaderStateImpl] DEBUG segmented.SegmentedRaftLogWorker (SegmentedRaftLogWorker.java:addIOTask(270)) - s0@group-E8AE2E048FCA-SegmentedRaftLogWorker adds IO task WriteLog:46: (t:1, i:46), METADATAENTRY(c:45)
2022-07-14 02:38:07,271 [s0@group-E8AE2E048FCA-SegmentedRaftLogWorker] DEBUG segmented.SegmentedRaftLogWorker (SegmentedRaftLogWorker.java:flushIfNecessary(365)) - s0@group-E8AE2E048FCA-SegmentedRaftLogWorker: flush SegmentedRaftLogOutputStream(/home/runner/work/ratis/ratis/ratis-test/target/test/data/f69c223b/MiniRaftClusterWithSimulatedRpc37250022/s0/24813b6b-21de-410f-95d3-e8ae2e048fca/current/log_inprogress_0)
2022-07-14 02:38:07,271 [s0-client-thread1] TRACE segmented.SegmentedRaftLogCache (AutoCloseableReadWriteLock.java:logLocking(65)) - s0@group-E8AE2E048FCA: readLock ACQUIRED 1 by SegmentedRaftLogCache.getLastTermIndex
2022-07-14 02:38:07,271 [s0-client-thread1] TRACE segmented.SegmentedRaftLogCache (AutoCloseableReadWriteLock.java:logLocking(65)) - s0@group-E8AE2E048FCA: readLock RELEASED 0 by SegmentedRaftLogCache.getLastTermIndex
2022-07-14 02:38:07,271 [s0-client-thread1] TRACE segmented.SegmentedRaftLogCache (AutoCloseableReadWriteLock.java:logLocking(65)) - s0@group-E8AE2E048FCA: readLock ACQUIRED 1 by SegmentedRaftLogCache.getLastTermIndex
2022-07-14 02:38:07,271 [s0-client-thread1] TRACE segmented.SegmentedRaftLogCache (AutoCloseableReadWriteLock.java:logLocking(65)) - s0@group-E8AE2E048FCA: readLock RELEASED 0 by SegmentedRaftLogCache.getLastTermIndex
2022-07-14 02:38:07,271 [s0-client-thread1] TRACE segmented.SegmentedRaftLogCache (AutoCloseableReadWriteLock.java:logLocking(65)) - s0@group-E8AE2E048FCA: readLock ACQUIRED 1 by SegmentedRaftLogCache$LogSegmentList.countCached
2022-07-14 02:38:07,271 [s0-client-thread1] TRACE segmented.SegmentedRaftLogCache (AutoCloseableReadWriteLock.java:logLocking(65)) - s0@group-E8AE2E048FCA: readLock RELEASED 0 by SegmentedRaftLogCache$LogSegmentList.countCached
2022-07-14 02:38:07,271 [s0-client-thread1] TRACE segmented.SegmentedRaftLogCache (AutoCloseableReadWriteLock.java:logLocking(65)) - s0@group-E8AE2E048FCA: readLock ACQUIRED 1 by SegmentedRaftLogCache$LogSegmentList.getTotalCacheSize
2022-07-14 02:38:07,271 [s0-client-thread1] TRACE segmented.SegmentedRaftLogCache (AutoCloseableReadWriteLock.java:logLocking(65)) - s0@group-E8AE2E048FCA: readLock RELEASED 0 by SegmentedRaftLogCache$LogSegmentList.getTotalCacheSize
2022-07-14 02:38:07,272 [s0-client-thread1] DEBUG segmented.SegmentedRaftLogWorker (SegmentedRaftLogWorker.java:addIOTask(270)) - s0@group-E8AE2E048FCA-SegmentedRaftLogWorker adds IO task WriteLog:47: (t:1, i:47), STATEMACHINELOGENTRY, StateMachineLogEntryProto:351@client-4187B1F4E061
2022-07-14 02:38:07,272 [s0@group-E8AE2E048FCA-SegmentedRaftLogWorker] DEBUG segmented.SegmentedRaftLogWorker (SegmentedRaftLogWorker.java:flushIfNecessary(365)) - s0@group-E8AE2E048FCA-SegmentedRaftLogWorker: flush SegmentedRaftLogOutputStream(/home/runner/work/ratis/ratis/ratis-test/target/test/data/f69c223b/MiniRaftClusterWithSimulatedRpc37250022/s0/24813b6b-21de-410f-95d3-e8ae2e048fca/current/log_inprogress_0)
2022-07-14 02:38:07,272 [s0@group-E8AE2E048FCA-LeaderStateImpl] TRACE segmented.SegmentedRaftLogCache (AutoCloseableReadWriteLock.java:logLocking(65)) - s0@group-E8AE2E048FCA: readLock ACQUIRED 1 by SegmentedRaftLogCache.getStartIndex
2022-07-14 02:38:07,272 [s0@group-E8AE2E048FCA-LeaderStateImpl] TRACE segmented.SegmentedRaftLogCache (AutoCloseableReadWriteLock.java:logLocking(65)) -   s0@group-E8AE2E048FCA: readLock ACQUIRED 2 by SegmentedRaftLogCache$LogSegmentList.isEmpty
2022-07-14 02:38:07,272 [s0@group-E8AE2E048FCA-LeaderStateImpl] TRACE segmented.SegmentedRaftLogCache (AutoCloseableReadWriteLock.java:logLocking(65)) -   s0@group-E8AE2E048FCA: readLock RELEASED 1 by SegmentedRaftLogCache$LogSegmentList.isEmpty
2022-07-14 02:38:07,272 [s0@group-E8AE2E048FCA-LeaderStateImpl] TRACE segmented.SegmentedRaftLogCache (AutoCloseableReadWriteLock.java:logLocking(65)) - s0@group-E8AE2E048FCA: readLock RELEASED 0 by SegmentedRaftLogCache.getStartIndex
2022-07-14 02:38:07,272 [s0@group-E8AE2E048FCA-LeaderStateImpl] TRACE segmented.SegmentedRaftLogCache (AutoCloseableReadWriteLock.java:logLocking(65)) - s0@group-E8AE2E048FCA: readLock ACQUIRED 1 by SegmentedRaftLogCache.getEndIndex
2022-07-14 02:38:07,273 [s0@group-E8AE2E048FCA-LeaderStateImpl] TRACE segmented.SegmentedRaftLogCache (AutoCloseableReadWriteLock.java:logLocking(65)) - s0@group-E8AE2E048FCA: readLock RELEASED 0 by SegmentedRaftLogCache.getEndIndex
2022-07-14 02:38:07,273 [s0@group-E8AE2E048FCA-LeaderStateImpl] TRACE segmented.SegmentedRaftLogCache (AutoCloseableReadWriteLock.java:logLocking(65)) - s0@group-E8AE2E048FCA: readLock ACQUIRED 1 by SegmentedRaftLogCache$LogSegmentList.getTermIndex
2022-07-14 02:38:07,273 [s0@group-E8AE2E048FCA-LeaderStateImpl] TRACE segmented.SegmentedRaftLogCache (AutoCloseableReadWriteLock.java:logLocking(65)) - s0@group-E8AE2E048FCA: readLock RELEASED 0 by SegmentedRaftLogCache$LogSegmentList.getTermIndex
2022-07-14 02:38:07,273 [s0@group-E8AE2E048FCA-LeaderStateImpl] TRACE segmented.SegmentedRaftLogCache (AutoCloseableReadWriteLock.java:logLocking(65)) - s0@group-E8AE2E048FCA: readLock ACQUIRED 1 by SegmentedRaftLogCache.getStartIndex
2022-07-14 02:38:07,273 [s0@group-E8AE2E048FCA-LeaderStateImpl] TRACE segmented.SegmentedRaftLogCache (AutoCloseableReadWriteLock.java:logLocking(65)) -   s0@group-E8AE2E048FCA: readLock ACQUIRED 2 by SegmentedRaftLogCache$LogSegmentList.isEmpty
2022-07-14 02:38:07,273 [s0@group-E8AE2E048FCA-LeaderStateImpl] TRACE segmented.SegmentedRaftLogCache (AutoCloseableReadWriteLock.java:logLocking(65)) -   s0@group-E8AE2E048FCA: readLock RELEASED 1 by SegmentedRaftLogCache$LogSegmentList.isEmpty
2022-07-14 02:38:07,273 [s0@group-E8AE2E048FCA-LeaderStateImpl] TRACE segmented.SegmentedRaftLogCache (AutoCloseableReadWriteLock.java:logLocking(65)) - s0@group-E8AE2E048FCA: readLock RELEASED 0 by SegmentedRaftLogCache.getStartIndex
2022-07-14 02:38:07,273 [s0@group-E8AE2E048FCA-LeaderStateImpl] TRACE segmented.SegmentedRaftLogCache (AutoCloseableReadWriteLock.java:logLocking(65)) - s0@group-E8AE2E048FCA: readLock ACQUIRED 1 by SegmentedRaftLogCache.getEndIndex
2022-07-14 02:38:07,273 [s0@group-E8AE2E048FCA-LeaderStateImpl] TRACE segmented.SegmentedRaftLogCache (AutoCloseableReadWriteLock.java:logLocking(65)) - s0@group-E8AE2E048FCA: readLock RELEASED 0 by SegmentedRaftLogCache.getEndIndex
2022-07-14 02:38:07,273 [s0@group-E8AE2E048FCA-LeaderStateImpl] TRACE segmented.SegmentedRaftLogCache (AutoCloseableReadWriteLock.java:logLocking(65)) - s0@group-E8AE2E048FCA: readLock ACQUIRED 1 by SegmentedRaftLogCache$LogSegmentList.getTermIndex
2022-07-14 02:38:07,273 [s0@group-E8AE2E048FCA-LeaderStateImpl] TRACE segmented.SegmentedRaftLogCache (AutoCloseableReadWriteLock.java:logLocking(65)) - s0@group-E8AE2E048FCA: readLock RELEASED 0 by SegmentedRaftLogCache$LogSegmentList.getTermIndex
2022-07-14 02:38:07,273 [s0@group-E8AE2E048FCA-StateMachineUpdater] INFO  statemachine.SimpleStateMachine4Testing (SimpleStateMachine4Testing.java:put(204)) - s0: put 47, m23 -> (t:1, i:47), STATEMACHINELOGENTRY, 351@client-4187B1F4E061
2022-07-14 02:38:07,273 [s0@group-E8AE2E048FCA-LeaderStateImpl] TRACE segmented.SegmentedRaftLogCache (AutoCloseableReadWriteLock.java:logLocking(65)) - s0@group-E8AE2E048FCA: readLock ACQUIRED 1 by SegmentedRaftLogCache.getLastTermIndex
2022-07-14 02:38:07,273 [s0@group-E8AE2E048FCA-LeaderStateImpl] TRACE segmented.SegmentedRaftLogCache (AutoCloseableReadWriteLock.java:logLocking(65)) - s0@group-E8AE2E048FCA: readLock RELEASED 0 by SegmentedRaftLogCache.getLastTermIndex
2022-07-14 02:38:07,274 [s0@group-E8AE2E048FCA-LeaderStateImpl] TRACE segmented.SegmentedRaftLogCache (AutoCloseableReadWriteLock.java:logLocking(65)) - s0@group-E8AE2E048FCA: readLock ACQUIRED 1 by SegmentedRaftLogCache$LogSegmentList.countCached
2022-07-14 02:38:07,274 [s0@group-E8AE2E048FCA-LeaderStateImpl] TRACE segmented.SegmentedRaftLogCache (AutoCloseableReadWriteLock.java:logLocking(65)) - s0@group-E8AE2E048FCA: readLock RELEASED 0 by SegmentedRaftLogCache$LogSegmentList.countCached
2022-07-14 02:38:07,274 [s0@group-E8AE2E048FCA-LeaderStateImpl] TRACE segmented.SegmentedRaftLogCache (AutoCloseableReadWriteLock.java:logLocking(65)) - s0@group-E8AE2E048FCA: readLock ACQUIRED 1 by SegmentedRaftLogCache$LogSegmentList.getTotalCacheSize
2022-07-14 02:38:07,274 [s0@group-E8AE2E048FCA-LeaderStateImpl] TRACE segmented.SegmentedRaftLogCache (AutoCloseableReadWriteLock.java:logLocking(65)) - s0@group-E8AE2E048FCA: readLock RELEASED 0 by SegmentedRaftLogCache$LogSegmentList.getTotalCacheSize
2022-07-14 02:38:07,274 [s0@group-E8AE2E048FCA-LeaderStateImpl] DEBUG segmented.SegmentedRaftLogWorker (SegmentedRaftLogWorker.java:addIOTask(270)) - s0@group-E8AE2E048FCA-SegmentedRaftLogWorker adds IO task WriteLog:48: (t:1, i:48), METADATAENTRY(c:47)
2022-07-14 02:38:07,274 [s0@group-E8AE2E048FCA-SegmentedRaftLogWorker] DEBUG segmented.SegmentedRaftLogWorker (SegmentedRaftLogWorker.java:flushIfNecessary(365)) - s0@group-E8AE2E048FCA-SegmentedRaftLogWorker: flush SegmentedRaftLogOutputStream(/home/runner/work/ratis/ratis/ratis-test/target/test/data/f69c223b/MiniRaftClusterWithSimulatedRpc37250022/s0/24813b6b-21de-410f-95d3-e8ae2e048fca/current/log_inprogress_0)
2022-07-14 02:38:07,274 [s0-client-thread1] TRACE segmented.SegmentedRaftLogCache (AutoCloseableReadWriteLock.java:logLocking(65)) - s0@group-E8AE2E048FCA: readLock ACQUIRED 1 by SegmentedRaftLogCache.getLastTermIndex
2022-07-14 02:38:07,274 [s0-client-thread1] TRACE segmented.SegmentedRaftLogCache (AutoCloseableReadWriteLock.java:logLocking(65)) - s0@group-E8AE2E048FCA: readLock RELEASED 0 by SegmentedRaftLogCache.getLastTermIndex
2022-07-14 02:38:07,274 [s0-client-thread1] TRACE segmented.SegmentedRaftLogCache (AutoCloseableReadWriteLock.java:logLocking(65)) - s0@group-E8AE2E048FCA: readLock ACQUIRED 1 by SegmentedRaftLogCache.getLastTermIndex
2022-07-14 02:38:07,274 [s0-client-thread1] TRACE segmented.SegmentedRaftLogCache (AutoCloseableReadWriteLock.java:logLocking(65)) - s0@group-E8AE2E048FCA: readLock RELEASED 0 by SegmentedRaftLogCache.getLastTermIndex
2022-07-14 02:38:07,274 [s0-client-thread1] TRACE segmented.SegmentedRaftLogCache (AutoCloseableReadWriteLock.java:logLocking(65)) - s0@group-E8AE2E048FCA: readLock ACQUIRED 1 by SegmentedRaftLogCache$LogSegmentList.countCached
2022-07-14 02:38:07,275 [s0-client-thread1] TRACE segmented.SegmentedRaftLogCache (AutoCloseableReadWriteLock.java:logLocking(65)) - s0@group-E8AE2E048FCA: readLock RELEASED 0 by SegmentedRaftLogCache$LogSegmentList.countCached
2022-07-14 02:38:07,275 [s0-client-thread1] TRACE segmented.SegmentedRaftLogCache (AutoCloseableReadWriteLock.java:logLocking(65)) - s0@group-E8AE2E048FCA: readLock ACQUIRED 1 by SegmentedRaftLogCache$LogSegmentList.getTotalCacheSize
2022-07-14 02:38:07,275 [s0-client-thread1] TRACE segmented.SegmentedRaftLogCache (AutoCloseableReadWriteLock.java:logLocking(65)) - s0@group-E8AE2E048FCA: readLock RELEASED 0 by SegmentedRaftLogCache$LogSegmentList.getTotalCacheSize
2022-07-14 02:38:07,275 [s0-client-thread1] DEBUG segmented.SegmentedRaftLogWorker (SegmentedRaftLogWorker.java:addIOTask(270)) - s0@group-E8AE2E048FCA-SegmentedRaftLogWorker adds IO task WriteLog:49: (t:1, i:49), STATEMACHINELOGENTRY, StateMachineLogEntryProto:352@client-4187B1F4E061
2022-07-14 02:38:07,275 [s0@group-E8AE2E048FCA-SegmentedRaftLogWorker] DEBUG segmented.SegmentedRaftLogWorker (SegmentedRaftLogWorker.java:flushIfNecessary(365)) - s0@group-E8AE2E048FCA-SegmentedRaftLogWorker: flush SegmentedRaftLogOutputStream(/home/runner/work/ratis/ratis/ratis-test/target/test/data/f69c223b/MiniRaftClusterWithSimulatedRpc37250022/s0/24813b6b-21de-410f-95d3-e8ae2e048fca/current/log_inprogress_0)
2022-07-14 02:38:07,275 [s0@group-E8AE2E048FCA-LeaderStateImpl] TRACE segmented.SegmentedRaftLogCache (AutoCloseableReadWriteLock.java:logLocking(65)) - s0@group-E8AE2E048FCA: readLock ACQUIRED 1 by SegmentedRaftLogCache.getStartIndex
2022-07-14 02:38:07,275 [s0@group-E8AE2E048FCA-LeaderStateImpl] TRACE segmented.SegmentedRaftLogCache (AutoCloseableReadWriteLock.java:logLocking(65)) -   s0@group-E8AE2E048FCA: readLock ACQUIRED 2 by SegmentedRaftLogCache$LogSegmentList.isEmpty
2022-07-14 02:38:07,275 [s0@group-E8AE2E048FCA-LeaderStateImpl] TRACE segmented.SegmentedRaftLogCache (AutoCloseableReadWriteLock.java:logLocking(65)) -   s0@group-E8AE2E048FCA: readLock RELEASED 1 by SegmentedRaftLogCache$LogSegmentList.isEmpty
2022-07-14 02:38:07,275 [s0@group-E8AE2E048FCA-LeaderStateImpl] TRACE segmented.SegmentedRaftLogCache (AutoCloseableReadWriteLock.java:logLocking(65)) - s0@group-E8AE2E048FCA: readLock RELEASED 0 by SegmentedRaftLogCache.getStartIndex
2022-07-14 02:38:07,275 [s0@group-E8AE2E048FCA-LeaderStateImpl] TRACE segmented.SegmentedRaftLogCache (AutoCloseableReadWriteLock.java:logLocking(65)) - s0@group-E8AE2E048FCA: readLock ACQUIRED 1 by SegmentedRaftLogCache.getEndIndex
2022-07-14 02:38:07,275 [s0@group-E8AE2E048FCA-LeaderStateImpl] TRACE segmented.SegmentedRaftLogCache (AutoCloseableReadWriteLock.java:logLocking(65)) - s0@group-E8AE2E048FCA: readLock RELEASED 0 by SegmentedRaftLogCache.getEndIndex
2022-07-14 02:38:07,275 [s0@group-E8AE2E048FCA-LeaderStateImpl] TRACE segmented.SegmentedRaftLogCache (AutoCloseableReadWriteLock.java:logLocking(65)) - s0@group-E8AE2E048FCA: readLock ACQUIRED 1 by SegmentedRaftLogCache$LogSegmentList.getTermIndex
2022-07-14 02:38:07,275 [s0@group-E8AE2E048FCA-LeaderStateImpl] TRACE segmented.SegmentedRaftLogCache (AutoCloseableReadWriteLock.java:logLocking(65)) - s0@group-E8AE2E048FCA: readLock RELEASED 0 by SegmentedRaftLogCache$LogSegmentList.getTermIndex
2022-07-14 02:38:07,275 [s0@group-E8AE2E048FCA-LeaderStateImpl] TRACE segmented.SegmentedRaftLogCache (AutoCloseableReadWriteLock.java:logLocking(65)) - s0@group-E8AE2E048FCA: readLock ACQUIRED 1 by SegmentedRaftLogCache.getStartIndex
2022-07-14 02:38:07,275 [s0@group-E8AE2E048FCA-LeaderStateImpl] TRACE segmented.SegmentedRaftLogCache (AutoCloseableReadWriteLock.java:logLocking(65)) -   s0@group-E8AE2E048FCA: readLock ACQUIRED 2 by SegmentedRaftLogCache$LogSegmentList.isEmpty
2022-07-14 02:38:07,275 [s0@group-E8AE2E048FCA-LeaderStateImpl] TRACE segmented.SegmentedRaftLogCache (AutoCloseableReadWriteLock.java:logLocking(65)) -   s0@group-E8AE2E048FCA: readLock RELEASED 1 by SegmentedRaftLogCache$LogSegmentList.isEmpty
2022-07-14 02:38:07,275 [s0@group-E8AE2E048FCA-LeaderStateImpl] TRACE segmented.SegmentedRaftLogCache (AutoCloseableReadWriteLock.java:logLocking(65)) - s0@group-E8AE2E048FCA: readLock RELEASED 0 by SegmentedRaftLogCache.getStartIndex
2022-07-14 02:38:07,275 [s0@group-E8AE2E048FCA-LeaderStateImpl] TRACE segmented.SegmentedRaftLogCache (AutoCloseableReadWriteLock.java:logLocking(65)) - s0@group-E8AE2E048FCA: readLock ACQUIRED 1 by SegmentedRaftLogCache.getEndIndex
2022-07-14 02:38:07,275 [s0@group-E8AE2E048FCA-LeaderStateImpl] TRACE segmented.SegmentedRaftLogCache (AutoCloseableReadWriteLock.java:logLocking(65)) - s0@group-E8AE2E048FCA: readLock RELEASED 0 by SegmentedRaftLogCache.getEndIndex
2022-07-14 02:38:07,275 [s0@group-E8AE2E048FCA-LeaderStateImpl] TRACE segmented.SegmentedRaftLogCache (AutoCloseableReadWriteLock.java:logLocking(65)) - s0@group-E8AE2E048FCA: readLock ACQUIRED 1 by SegmentedRaftLogCache$LogSegmentList.getTermIndex
2022-07-14 02:38:07,275 [s0@group-E8AE2E048FCA-LeaderStateImpl] TRACE segmented.SegmentedRaftLogCache (AutoCloseableReadWriteLock.java:logLocking(65)) - s0@group-E8AE2E048FCA: readLock RELEASED 0 by SegmentedRaftLogCache$LogSegmentList.getTermIndex
2022-07-14 02:38:07,276 [s0@group-E8AE2E048FCA-StateMachineUpdater] INFO  statemachine.SimpleStateMachine4Testing (SimpleStateMachine4Testing.java:put(204)) - s0: put 49, m24 -> (t:1, i:49), STATEMACHINELOGENTRY, 352@client-4187B1F4E061
2022-07-14 02:38:07,276 [s0@group-E8AE2E048FCA-LeaderStateImpl] TRACE segmented.SegmentedRaftLogCache (AutoCloseableReadWriteLock.java:logLocking(65)) - s0@group-E8AE2E048FCA: readLock ACQUIRED 1 by SegmentedRaftLogCache.getLastTermIndex
2022-07-14 02:38:07,276 [s0@group-E8AE2E048FCA-LeaderStateImpl] TRACE segmented.SegmentedRaftLogCache (AutoCloseableReadWriteLock.java:logLocking(65)) - s0@group-E8AE2E048FCA: readLock RELEASED 0 by SegmentedRaftLogCache.getLastTermIndex
2022-07-14 02:38:07,276 [s0@group-E8AE2E048FCA-LeaderStateImpl] TRACE segmented.SegmentedRaftLogCache (AutoCloseableReadWriteLock.java:logLocking(65)) - s0@group-E8AE2E048FCA: readLock ACQUIRED 1 by SegmentedRaftLogCache$LogSegmentList.countCached
2022-07-14 02:38:07,276 [s0@group-E8AE2E048FCA-LeaderStateImpl] TRACE segmented.SegmentedRaftLogCache (AutoCloseableReadWriteLock.java:logLocking(65)) - s0@group-E8AE2E048FCA: readLock RELEASED 0 by SegmentedRaftLogCache$LogSegmentList.countCached
2022-07-14 02:38:07,276 [s0@group-E8AE2E048FCA-LeaderStateImpl] TRACE segmented.SegmentedRaftLogCache (AutoCloseableReadWriteLock.java:logLocking(65)) - s0@group-E8AE2E048FCA: readLock ACQUIRED 1 by SegmentedRaftLogCache$LogSegmentList.getTotalCacheSize
2022-07-14 02:38:07,276 [s0@group-E8AE2E048FCA-LeaderStateImpl] TRACE segmented.SegmentedRaftLogCache (AutoCloseableReadWriteLock.java:logLocking(65)) - s0@group-E8AE2E048FCA: readLock RELEASED 0 by SegmentedRaftLogCache$LogSegmentList.getTotalCacheSize
2022-07-14 02:38:07,276 [s0@group-E8AE2E048FCA-LeaderStateImpl] DEBUG segmented.SegmentedRaftLogWorker (SegmentedRaftLogWorker.java:addIOTask(270)) - s0@group-E8AE2E048FCA-SegmentedRaftLogWorker adds IO task WriteLog:50: (t:1, i:50), METADATAENTRY(c:49)
2022-07-14 02:38:07,276 [s0@group-E8AE2E048FCA-SegmentedRaftLogWorker] DEBUG segmented.SegmentedRaftLogWorker (SegmentedRaftLogWorker.java:flushIfNecessary(365)) - s0@group-E8AE2E048FCA-SegmentedRaftLogWorker: flush SegmentedRaftLogOutputStream(/home/runner/work/ratis/ratis/ratis-test/target/test/data/f69c223b/MiniRaftClusterWithSimulatedRpc37250022/s0/24813b6b-21de-410f-95d3-e8ae2e048fca/current/log_inprogress_0)
2022-07-14 02:38:07,276 [s0-client-thread1] TRACE segmented.SegmentedRaftLogCache (AutoCloseableReadWriteLock.java:logLocking(65)) - s0@group-E8AE2E048FCA: readLock ACQUIRED 1 by SegmentedRaftLogCache.getLastTermIndex
2022-07-14 02:38:07,276 [s0-client-thread1] TRACE segmented.SegmentedRaftLogCache (AutoCloseableReadWriteLock.java:logLocking(65)) - s0@group-E8AE2E048FCA: readLock RELEASED 0 by SegmentedRaftLogCache.getLastTermIndex
2022-07-14 02:38:07,276 [s0-client-thread1] TRACE segmented.SegmentedRaftLogCache (AutoCloseableReadWriteLock.java:logLocking(65)) - s0@group-E8AE2E048FCA: readLock ACQUIRED 1 by SegmentedRaftLogCache.getLastTermIndex
2022-07-14 02:38:07,276 [s0-client-thread1] TRACE segmented.SegmentedRaftLogCache (AutoCloseableReadWriteLock.java:logLocking(65)) - s0@group-E8AE2E048FCA: readLock RELEASED 0 by SegmentedRaftLogCache.getLastTermIndex
2022-07-14 02:38:07,277 [s0-client-thread1] TRACE segmented.SegmentedRaftLogCache (AutoCloseableReadWriteLock.java:logLocking(65)) - s0@group-E8AE2E048FCA: readLock ACQUIRED 1 by SegmentedRaftLogCache$LogSegmentList.countCached
2022-07-14 02:38:07,277 [s0-client-thread1] TRACE segmented.SegmentedRaftLogCache (AutoCloseableReadWriteLock.java:logLocking(65)) - s0@group-E8AE2E048FCA: readLock RELEASED 0 by SegmentedRaftLogCache$LogSegmentList.countCached
2022-07-14 02:38:07,277 [s0-client-thread1] TRACE segmented.SegmentedRaftLogCache (AutoCloseableReadWriteLock.java:logLocking(65)) - s0@group-E8AE2E048FCA: readLock ACQUIRED 1 by SegmentedRaftLogCache$LogSegmentList.getTotalCacheSize
2022-07-14 02:38:07,277 [s0-client-thread1] TRACE segmented.SegmentedRaftLogCache (AutoCloseableReadWriteLock.java:logLocking(65)) - s0@group-E8AE2E048FCA: readLock RELEASED 0 by SegmentedRaftLogCache$LogSegmentList.getTotalCacheSize
2022-07-14 02:38:07,277 [s0-client-thread1] DEBUG segmented.SegmentedRaftLogWorker (SegmentedRaftLogWorker.java:addIOTask(270)) - s0@group-E8AE2E048FCA-SegmentedRaftLogWorker adds IO task WriteLog:51: (t:1, i:51), STATEMACHINELOGENTRY, StateMachineLogEntryProto:353@client-4187B1F4E061
2022-07-14 02:38:07,277 [s0@group-E8AE2E048FCA-SegmentedRaftLogWorker] DEBUG segmented.SegmentedRaftLogWorker (SegmentedRaftLogWorker.java:flushIfNecessary(365)) - s0@group-E8AE2E048FCA-SegmentedRaftLogWorker: flush SegmentedRaftLogOutputStream(/home/runner/work/ratis/ratis/ratis-test/target/test/data/f69c223b/MiniRaftClusterWithSimulatedRpc37250022/s0/24813b6b-21de-410f-95d3-e8ae2e048fca/current/log_inprogress_0)
2022-07-14 02:38:07,277 [s0@group-E8AE2E048FCA-LeaderStateImpl] TRACE segmented.SegmentedRaftLogCache (AutoCloseableReadWriteLock.java:logLocking(65)) - s0@group-E8AE2E048FCA: readLock ACQUIRED 1 by SegmentedRaftLogCache.getStartIndex
2022-07-14 02:38:07,277 [s0@group-E8AE2E048FCA-LeaderStateImpl] TRACE segmented.SegmentedRaftLogCache (AutoCloseableReadWriteLock.java:logLocking(65)) -   s0@group-E8AE2E048FCA: readLock ACQUIRED 2 by SegmentedRaftLogCache$LogSegmentList.isEmpty
2022-07-14 02:38:07,277 [s0@group-E8AE2E048FCA-LeaderStateImpl] TRACE segmented.SegmentedRaftLogCache (AutoCloseableReadWriteLock.java:logLocking(65)) -   s0@group-E8AE2E048FCA: readLock RELEASED 1 by SegmentedRaftLogCache$LogSegmentList.isEmpty
2022-07-14 02:38:07,277 [s0@group-E8AE2E048FCA-LeaderStateImpl] TRACE segmented.SegmentedRaftLogCache (AutoCloseableReadWriteLock.java:logLocking(65)) - s0@group-E8AE2E048FCA: readLock RELEASED 0 by SegmentedRaftLogCache.getStartIndex
2022-07-14 02:38:07,277 [s0@group-E8AE2E048FCA-LeaderStateImpl] TRACE segmented.SegmentedRaftLogCache (AutoCloseableReadWriteLock.java:logLocking(65)) - s0@group-E8AE2E048FCA: readLock ACQUIRED 1 by SegmentedRaftLogCache.getEndIndex
2022-07-14 02:38:07,277 [s0@group-E8AE2E048FCA-LeaderStateImpl] TRACE segmented.SegmentedRaftLogCache (AutoCloseableReadWriteLock.java:logLocking(65)) - s0@group-E8AE2E048FCA: readLock RELEASED 0 by SegmentedRaftLogCache.getEndIndex
2022-07-14 02:38:07,277 [s0@group-E8AE2E048FCA-LeaderStateImpl] TRACE segmented.SegmentedRaftLogCache (AutoCloseableReadWriteLock.java:logLocking(65)) - s0@group-E8AE2E048FCA: readLock ACQUIRED 1 by SegmentedRaftLogCache$LogSegmentList.getTermIndex
2022-07-14 02:38:07,277 [s0@group-E8AE2E048FCA-LeaderStateImpl] TRACE segmented.SegmentedRaftLogCache (AutoCloseableReadWriteLock.java:logLocking(65)) - s0@group-E8AE2E048FCA: readLock RELEASED 0 by SegmentedRaftLogCache$LogSegmentList.getTermIndex
2022-07-14 02:38:07,277 [s0@group-E8AE2E048FCA-LeaderStateImpl] TRACE segmented.SegmentedRaftLogCache (AutoCloseableReadWriteLock.java:logLocking(65)) - s0@group-E8AE2E048FCA: readLock ACQUIRED 1 by SegmentedRaftLogCache.getStartIndex
2022-07-14 02:38:07,277 [s0@group-E8AE2E048FCA-LeaderStateImpl] TRACE segmented.SegmentedRaftLogCache (AutoCloseableReadWriteLock.java:logLocking(65)) -   s0@group-E8AE2E048FCA: readLock ACQUIRED 2 by SegmentedRaftLogCache$LogSegmentList.isEmpty
2022-07-14 02:38:07,277 [s0@group-E8AE2E048FCA-LeaderStateImpl] TRACE segmented.SegmentedRaftLogCache (AutoCloseableReadWriteLock.java:logLocking(65)) -   s0@group-E8AE2E048FCA: readLock RELEASED 1 by SegmentedRaftLogCache$LogSegmentList.isEmpty
2022-07-14 02:38:07,277 [s0@group-E8AE2E048FCA-LeaderStateImpl] TRACE segmented.SegmentedRaftLogCache (AutoCloseableReadWriteLock.java:logLocking(65)) - s0@group-E8AE2E048FCA: readLock RELEASED 0 by SegmentedRaftLogCache.getStartIndex
2022-07-14 02:38:07,277 [s0@group-E8AE2E048FCA-LeaderStateImpl] TRACE segmented.SegmentedRaftLogCache (AutoCloseableReadWriteLock.java:logLocking(65)) - s0@group-E8AE2E048FCA: readLock ACQUIRED 1 by SegmentedRaftLogCache.getEndIndex
2022-07-14 02:38:07,278 [s0@group-E8AE2E048FCA-LeaderStateImpl] TRACE segmented.SegmentedRaftLogCache (AutoCloseableReadWriteLock.java:logLocking(65)) - s0@group-E8AE2E048FCA: readLock RELEASED 0 by SegmentedRaftLogCache.getEndIndex
2022-07-14 02:38:07,278 [s0@group-E8AE2E048FCA-LeaderStateImpl] TRACE segmented.SegmentedRaftLogCache (AutoCloseableReadWriteLock.java:logLocking(65)) - s0@group-E8AE2E048FCA: readLock ACQUIRED 1 by SegmentedRaftLogCache$LogSegmentList.getTermIndex
2022-07-14 02:38:07,278 [s0@group-E8AE2E048FCA-LeaderStateImpl] TRACE segmented.SegmentedRaftLogCache (AutoCloseableReadWriteLock.java:logLocking(65)) - s0@group-E8AE2E048FCA: readLock RELEASED 0 by SegmentedRaftLogCache$LogSegmentList.getTermIndex
2022-07-14 02:38:07,278 [s0@group-E8AE2E048FCA-StateMachineUpdater] INFO  statemachine.SimpleStateMachine4Testing (SimpleStateMachine4Testing.java:put(204)) - s0: put 51, m25 -> (t:1, i:51), STATEMACHINELOGENTRY, 353@client-4187B1F4E061
2022-07-14 02:38:07,278 [s0@group-E8AE2E048FCA-LeaderStateImpl] TRACE segmented.SegmentedRaftLogCache (AutoCloseableReadWriteLock.java:logLocking(65)) - s0@group-E8AE2E048FCA: readLock ACQUIRED 1 by SegmentedRaftLogCache.getLastTermIndex
2022-07-14 02:38:07,278 [s0@group-E8AE2E048FCA-LeaderStateImpl] TRACE segmented.SegmentedRaftLogCache (AutoCloseableReadWriteLock.java:logLocking(65)) - s0@group-E8AE2E048FCA: readLock RELEASED 0 by SegmentedRaftLogCache.getLastTermIndex
2022-07-14 02:38:07,278 [s0@group-E8AE2E048FCA-LeaderStateImpl] TRACE segmented.SegmentedRaftLogCache (AutoCloseableReadWriteLock.java:logLocking(65)) - s0@group-E8AE2E048FCA: readLock ACQUIRED 1 by SegmentedRaftLogCache$LogSegmentList.countCached
2022-07-14 02:38:07,278 [s0@group-E8AE2E048FCA-LeaderStateImpl] TRACE segmented.SegmentedRaftLogCache (AutoCloseableReadWriteLock.java:logLocking(65)) - s0@group-E8AE2E048FCA: readLock RELEASED 0 by SegmentedRaftLogCache$LogSegmentList.countCached
2022-07-14 02:38:07,278 [s0@group-E8AE2E048FCA-LeaderStateImpl] TRACE segmented.SegmentedRaftLogCache (AutoCloseableReadWriteLock.java:logLocking(65)) - s0@group-E8AE2E048FCA: readLock ACQUIRED 1 by SegmentedRaftLogCache$LogSegmentList.getTotalCacheSize
2022-07-14 02:38:07,278 [s0@group-E8AE2E048FCA-LeaderStateImpl] TRACE segmented.SegmentedRaftLogCache (AutoCloseableReadWriteLock.java:logLocking(65)) - s0@group-E8AE2E048FCA: readLock RELEASED 0 by SegmentedRaftLogCache$LogSegmentList.getTotalCacheSize
2022-07-14 02:38:07,278 [s0@group-E8AE2E048FCA-LeaderStateImpl] DEBUG segmented.SegmentedRaftLogWorker (SegmentedRaftLogWorker.java:addIOTask(270)) - s0@group-E8AE2E048FCA-SegmentedRaftLogWorker adds IO task WriteLog:52: (t:1, i:52), METADATAENTRY(c:51)
2022-07-14 02:38:07,278 [s0-client-thread1] TRACE segmented.SegmentedRaftLogCache (AutoCloseableReadWriteLock.java:logLocking(65)) - s0@group-E8AE2E048FCA: readLock ACQUIRED 1 by SegmentedRaftLogCache.getLastTermIndex
2022-07-14 02:38:07,278 [s0-client-thread1] TRACE segmented.SegmentedRaftLogCache (AutoCloseableReadWriteLock.java:logLocking(65)) - s0@group-E8AE2E048FCA: readLock RELEASED 0 by SegmentedRaftLogCache.getLastTermIndex
2022-07-14 02:38:07,278 [s0-client-thread1] TRACE segmented.SegmentedRaftLogCache (AutoCloseableReadWriteLock.java:logLocking(65)) - s0@group-E8AE2E048FCA: readLock ACQUIRED 1 by SegmentedRaftLogCache.getLastTermIndex
2022-07-14 02:38:07,278 [s0-client-thread1] TRACE segmented.SegmentedRaftLogCache (AutoCloseableReadWriteLock.java:logLocking(65)) - s0@group-E8AE2E048FCA: readLock RELEASED 0 by SegmentedRaftLogCache.getLastTermIndex
2022-07-14 02:38:07,278 [s0-client-thread1] TRACE segmented.SegmentedRaftLogCache (AutoCloseableReadWriteLock.java:logLocking(65)) - s0@group-E8AE2E048FCA: readLock ACQUIRED 1 by SegmentedRaftLogCache$LogSegmentList.countCached
2022-07-14 02:38:07,278 [s0-client-thread1] TRACE segmented.SegmentedRaftLogCache (AutoCloseableReadWriteLock.java:logLocking(65)) - s0@group-E8AE2E048FCA: readLock RELEASED 0 by SegmentedRaftLogCache$LogSegmentList.countCached
2022-07-14 02:38:07,279 [s0@group-E8AE2E048FCA-SegmentedRaftLogWorker] DEBUG segmented.SegmentedRaftLogWorker (SegmentedRaftLogWorker.java:flushIfNecessary(365)) - s0@group-E8AE2E048FCA-SegmentedRaftLogWorker: flush SegmentedRaftLogOutputStream(/home/runner/work/ratis/ratis/ratis-test/target/test/data/f69c223b/MiniRaftClusterWithSimulatedRpc37250022/s0/24813b6b-21de-410f-95d3-e8ae2e048fca/current/log_inprogress_0)
2022-07-14 02:38:07,279 [s0-client-thread1] TRACE segmented.SegmentedRaftLogCache (AutoCloseableReadWriteLock.java:logLocking(65)) - s0@group-E8AE2E048FCA: readLock ACQUIRED 1 by SegmentedRaftLogCache$LogSegmentList.getTotalCacheSize
2022-07-14 02:38:07,279 [s0-client-thread1] TRACE segmented.SegmentedRaftLogCache (AutoCloseableReadWriteLock.java:logLocking(65)) - s0@group-E8AE2E048FCA: readLock RELEASED 0 by SegmentedRaftLogCache$LogSegmentList.getTotalCacheSize
2022-07-14 02:38:07,279 [s0-client-thread1] DEBUG segmented.SegmentedRaftLogWorker (SegmentedRaftLogWorker.java:addIOTask(270)) - s0@group-E8AE2E048FCA-SegmentedRaftLogWorker adds IO task WriteLog:53: (t:1, i:53), STATEMACHINELOGENTRY, StateMachineLogEntryProto:354@client-4187B1F4E061
2022-07-14 02:38:07,279 [s0@group-E8AE2E048FCA-SegmentedRaftLogWorker] DEBUG segmented.SegmentedRaftLogWorker (SegmentedRaftLogWorker.java:flushIfNecessary(365)) - s0@group-E8AE2E048FCA-SegmentedRaftLogWorker: flush SegmentedRaftLogOutputStream(/home/runner/work/ratis/ratis/ratis-test/target/test/data/f69c223b/MiniRaftClusterWithSimulatedRpc37250022/s0/24813b6b-21de-410f-95d3-e8ae2e048fca/current/log_inprogress_0)
2022-07-14 02:38:07,279 [s0@group-E8AE2E048FCA-LeaderStateImpl] TRACE segmented.SegmentedRaftLogCache (AutoCloseableReadWriteLock.java:logLocking(65)) - s0@group-E8AE2E048FCA: readLock ACQUIRED 1 by SegmentedRaftLogCache.getStartIndex
2022-07-14 02:38:07,279 [s0@group-E8AE2E048FCA-LeaderStateImpl] TRACE segmented.SegmentedRaftLogCache (AutoCloseableReadWriteLock.java:logLocking(65)) -   s0@group-E8AE2E048FCA: readLock ACQUIRED 2 by SegmentedRaftLogCache$LogSegmentList.isEmpty
2022-07-14 02:38:07,279 [s0@group-E8AE2E048FCA-LeaderStateImpl] TRACE segmented.SegmentedRaftLogCache (AutoCloseableReadWriteLock.java:logLocking(65)) -   s0@group-E8AE2E048FCA: readLock RELEASED 1 by SegmentedRaftLogCache$LogSegmentList.isEmpty
2022-07-14 02:38:07,279 [s0@group-E8AE2E048FCA-LeaderStateImpl] TRACE segmented.SegmentedRaftLogCache (AutoCloseableReadWriteLock.java:logLocking(65)) - s0@group-E8AE2E048FCA: readLock RELEASED 0 by SegmentedRaftLogCache.getStartIndex
2022-07-14 02:38:07,279 [s0@group-E8AE2E048FCA-LeaderStateImpl] TRACE segmented.SegmentedRaftLogCache (AutoCloseableReadWriteLock.java:logLocking(65)) - s0@group-E8AE2E048FCA: readLock ACQUIRED 1 by SegmentedRaftLogCache.getEndIndex
2022-07-14 02:38:07,279 [s0@group-E8AE2E048FCA-LeaderStateImpl] TRACE segmented.SegmentedRaftLogCache (AutoCloseableReadWriteLock.java:logLocking(65)) - s0@group-E8AE2E048FCA: readLock RELEASED 0 by SegmentedRaftLogCache.getEndIndex
2022-07-14 02:38:07,279 [s0@group-E8AE2E048FCA-LeaderStateImpl] TRACE segmented.SegmentedRaftLogCache (AutoCloseableReadWriteLock.java:logLocking(65)) - s0@group-E8AE2E048FCA: readLock ACQUIRED 1 by SegmentedRaftLogCache$LogSegmentList.getTermIndex
2022-07-14 02:38:07,279 [s0@group-E8AE2E048FCA-LeaderStateImpl] TRACE segmented.SegmentedRaftLogCache (AutoCloseableReadWriteLock.java:logLocking(65)) - s0@group-E8AE2E048FCA: readLock RELEASED 0 by SegmentedRaftLogCache$LogSegmentList.getTermIndex
2022-07-14 02:38:07,280 [s0@group-E8AE2E048FCA-LeaderStateImpl] TRACE segmented.SegmentedRaftLogCache (AutoCloseableReadWriteLock.java:logLocking(65)) - s0@group-E8AE2E048FCA: readLock ACQUIRED 1 by SegmentedRaftLogCache.getStartIndex
2022-07-14 02:38:07,280 [s0@group-E8AE2E048FCA-LeaderStateImpl] TRACE segmented.SegmentedRaftLogCache (AutoCloseableReadWriteLock.java:logLocking(65)) -   s0@group-E8AE2E048FCA: readLock ACQUIRED 2 by SegmentedRaftLogCache$LogSegmentList.isEmpty
2022-07-14 02:38:07,280 [s0@group-E8AE2E048FCA-LeaderStateImpl] TRACE segmented.SegmentedRaftLogCache (AutoCloseableReadWriteLock.java:logLocking(65)) -   s0@group-E8AE2E048FCA: readLock RELEASED 1 by SegmentedRaftLogCache$LogSegmentList.isEmpty
2022-07-14 02:38:07,280 [s0@group-E8AE2E048FCA-LeaderStateImpl] TRACE segmented.SegmentedRaftLogCache (AutoCloseableReadWriteLock.java:logLocking(65)) - s0@group-E8AE2E048FCA: readLock RELEASED 0 by SegmentedRaftLogCache.getStartIndex
2022-07-14 02:38:07,280 [s0@group-E8AE2E048FCA-LeaderStateImpl] TRACE segmented.SegmentedRaftLogCache (AutoCloseableReadWriteLock.java:logLocking(65)) - s0@group-E8AE2E048FCA: readLock ACQUIRED 1 by SegmentedRaftLogCache.getEndIndex
2022-07-14 02:38:07,280 [s0@group-E8AE2E048FCA-LeaderStateImpl] TRACE segmented.SegmentedRaftLogCache (AutoCloseableReadWriteLock.java:logLocking(65)) - s0@group-E8AE2E048FCA: readLock RELEASED 0 by SegmentedRaftLogCache.getEndIndex
2022-07-14 02:38:07,280 [s0@group-E8AE2E048FCA-LeaderStateImpl] TRACE segmented.SegmentedRaftLogCache (AutoCloseableReadWriteLock.java:logLocking(65)) - s0@group-E8AE2E048FCA: readLock ACQUIRED 1 by SegmentedRaftLogCache$LogSegmentList.getTermIndex
2022-07-14 02:38:07,280 [s0@group-E8AE2E048FCA-LeaderStateImpl] TRACE segmented.SegmentedRaftLogCache (AutoCloseableReadWriteLock.java:logLocking(65)) - s0@group-E8AE2E048FCA: readLock RELEASED 0 by SegmentedRaftLogCache$LogSegmentList.getTermIndex
2022-07-14 02:38:07,280 [s0@group-E8AE2E048FCA-LeaderStateImpl] TRACE segmented.SegmentedRaftLogCache (AutoCloseableReadWriteLock.java:logLocking(65)) - s0@group-E8AE2E048FCA: readLock ACQUIRED 1 by SegmentedRaftLogCache.getLastTermIndex
2022-07-14 02:38:07,280 [s0@group-E8AE2E048FCA-LeaderStateImpl] TRACE segmented.SegmentedRaftLogCache (AutoCloseableReadWriteLock.java:logLocking(65)) - s0@group-E8AE2E048FCA: readLock RELEASED 0 by SegmentedRaftLogCache.getLastTermIndex
2022-07-14 02:38:07,280 [s0@group-E8AE2E048FCA-LeaderStateImpl] TRACE segmented.SegmentedRaftLogCache (AutoCloseableReadWriteLock.java:logLocking(65)) - s0@group-E8AE2E048FCA: readLock ACQUIRED 1 by SegmentedRaftLogCache$LogSegmentList.countCached
2022-07-14 02:38:07,280 [s0@group-E8AE2E048FCA-LeaderStateImpl] TRACE segmented.SegmentedRaftLogCache (AutoCloseableReadWriteLock.java:logLocking(65)) - s0@group-E8AE2E048FCA: readLock RELEASED 0 by SegmentedRaftLogCache$LogSegmentList.countCached
2022-07-14 02:38:07,280 [s0@group-E8AE2E048FCA-LeaderStateImpl] TRACE segmented.SegmentedRaftLogCache (AutoCloseableReadWriteLock.java:logLocking(65)) - s0@group-E8AE2E048FCA: readLock ACQUIRED 1 by SegmentedRaftLogCache$LogSegmentList.getTotalCacheSize
2022-07-14 02:38:07,280 [s0@group-E8AE2E048FCA-LeaderStateImpl] TRACE segmented.SegmentedRaftLogCache (AutoCloseableReadWriteLock.java:logLocking(65)) - s0@group-E8AE2E048FCA: readLock RELEASED 0 by SegmentedRaftLogCache$LogSegmentList.getTotalCacheSize
2022-07-14 02:38:07,280 [s0@group-E8AE2E048FCA-LeaderStateImpl] DEBUG segmented.SegmentedRaftLogWorker (SegmentedRaftLogWorker.java:addIOTask(270)) - s0@group-E8AE2E048FCA-SegmentedRaftLogWorker adds IO task WriteLog:54: (t:1, i:54), METADATAENTRY(c:53)
2022-07-14 02:38:07,281 [s0@group-E8AE2E048FCA-SegmentedRaftLogWorker] DEBUG segmented.SegmentedRaftLogWorker (SegmentedRaftLogWorker.java:flushIfNecessary(365)) - s0@group-E8AE2E048FCA-SegmentedRaftLogWorker: flush SegmentedRaftLogOutputStream(/home/runner/work/ratis/ratis/ratis-test/target/test/data/f69c223b/MiniRaftClusterWithSimulatedRpc37250022/s0/24813b6b-21de-410f-95d3-e8ae2e048fca/current/log_inprogress_0)
2022-07-14 02:38:07,281 [s0@group-E8AE2E048FCA-StateMachineUpdater] INFO  statemachine.SimpleStateMachine4Testing (SimpleStateMachine4Testing.java:put(204)) - s0: put 53, m26 -> (t:1, i:53), STATEMACHINELOGENTRY, 354@client-4187B1F4E061
2022-07-14 02:38:07,281 [s0-client-thread1] TRACE segmented.SegmentedRaftLogCache (AutoCloseableReadWriteLock.java:logLocking(65)) - s0@group-E8AE2E048FCA: readLock ACQUIRED 1 by SegmentedRaftLogCache.getLastTermIndex
2022-07-14 02:38:07,281 [s0-client-thread1] TRACE segmented.SegmentedRaftLogCache (AutoCloseableReadWriteLock.java:logLocking(65)) - s0@group-E8AE2E048FCA: readLock RELEASED 0 by SegmentedRaftLogCache.getLastTermIndex
2022-07-14 02:38:07,281 [s0-client-thread1] TRACE segmented.SegmentedRaftLogCache (AutoCloseableReadWriteLock.java:logLocking(65)) - s0@group-E8AE2E048FCA: readLock ACQUIRED 1 by SegmentedRaftLogCache.getLastTermIndex
2022-07-14 02:38:07,281 [s0-client-thread1] TRACE segmented.SegmentedRaftLogCache (AutoCloseableReadWriteLock.java:logLocking(65)) - s0@group-E8AE2E048FCA: readLock RELEASED 0 by SegmentedRaftLogCache.getLastTermIndex
2022-07-14 02:38:07,281 [s0-client-thread1] TRACE segmented.SegmentedRaftLogCache (AutoCloseableReadWriteLock.java:logLocking(65)) - s0@group-E8AE2E048FCA: readLock ACQUIRED 1 by SegmentedRaftLogCache$LogSegmentList.countCached
2022-07-14 02:38:07,281 [s0-client-thread1] TRACE segmented.SegmentedRaftLogCache (AutoCloseableReadWriteLock.java:logLocking(65)) - s0@group-E8AE2E048FCA: readLock RELEASED 0 by SegmentedRaftLogCache$LogSegmentList.countCached
2022-07-14 02:38:07,281 [s0-client-thread1] TRACE segmented.SegmentedRaftLogCache (AutoCloseableReadWriteLock.java:logLocking(65)) - s0@group-E8AE2E048FCA: readLock ACQUIRED 1 by SegmentedRaftLogCache$LogSegmentList.getTotalCacheSize
2022-07-14 02:38:07,281 [s0-client-thread1] TRACE segmented.SegmentedRaftLogCache (AutoCloseableReadWriteLock.java:logLocking(65)) - s0@group-E8AE2E048FCA: readLock RELEASED 0 by SegmentedRaftLogCache$LogSegmentList.getTotalCacheSize
2022-07-14 02:38:07,282 [s0-client-thread1] DEBUG segmented.SegmentedRaftLogWorker (SegmentedRaftLogWorker.java:addIOTask(270)) - s0@group-E8AE2E048FCA-SegmentedRaftLogWorker adds IO task WriteLog:55: (t:1, i:55), STATEMACHINELOGENTRY, StateMachineLogEntryProto:355@client-4187B1F4E061
2022-07-14 02:38:07,282 [s0@group-E8AE2E048FCA-SegmentedRaftLogWorker] DEBUG segmented.SegmentedRaftLogWorker (SegmentedRaftLogWorker.java:flushIfNecessary(365)) - s0@group-E8AE2E048FCA-SegmentedRaftLogWorker: flush SegmentedRaftLogOutputStream(/home/runner/work/ratis/ratis/ratis-test/target/test/data/f69c223b/MiniRaftClusterWithSimulatedRpc37250022/s0/24813b6b-21de-410f-95d3-e8ae2e048fca/current/log_inprogress_0)
2022-07-14 02:38:07,282 [s0@group-E8AE2E048FCA-LeaderStateImpl] TRACE segmented.SegmentedRaftLogCache (AutoCloseableReadWriteLock.java:logLocking(65)) - s0@group-E8AE2E048FCA: readLock ACQUIRED 1 by SegmentedRaftLogCache.getStartIndex
2022-07-14 02:38:07,282 [s0@group-E8AE2E048FCA-LeaderStateImpl] TRACE segmented.SegmentedRaftLogCache (AutoCloseableReadWriteLock.java:logLocking(65)) -   s0@group-E8AE2E048FCA: readLock ACQUIRED 2 by SegmentedRaftLogCache$LogSegmentList.isEmpty
2022-07-14 02:38:07,282 [s0@group-E8AE2E048FCA-LeaderStateImpl] TRACE segmented.SegmentedRaftLogCache (AutoCloseableReadWriteLock.java:logLocking(65)) -   s0@group-E8AE2E048FCA: readLock RELEASED 1 by SegmentedRaftLogCache$LogSegmentList.isEmpty
2022-07-14 02:38:07,282 [s0@group-E8AE2E048FCA-LeaderStateImpl] TRACE segmented.SegmentedRaftLogCache (AutoCloseableReadWriteLock.java:logLocking(65)) - s0@group-E8AE2E048FCA: readLock RELEASED 0 by SegmentedRaftLogCache.getStartIndex
2022-07-14 02:38:07,282 [s0@group-E8AE2E048FCA-LeaderStateImpl] TRACE segmented.SegmentedRaftLogCache (AutoCloseableReadWriteLock.java:logLocking(65)) - s0@group-E8AE2E048FCA: readLock ACQUIRED 1 by SegmentedRaftLogCache.getEndIndex
2022-07-14 02:38:07,282 [s0@group-E8AE2E048FCA-LeaderStateImpl] TRACE segmented.SegmentedRaftLogCache (AutoCloseableReadWriteLock.java:logLocking(65)) - s0@group-E8AE2E048FCA: readLock RELEASED 0 by SegmentedRaftLogCache.getEndIndex
2022-07-14 02:38:07,282 [s0@group-E8AE2E048FCA-LeaderStateImpl] TRACE segmented.SegmentedRaftLogCache (AutoCloseableReadWriteLock.java:logLocking(65)) - s0@group-E8AE2E048FCA: readLock ACQUIRED 1 by SegmentedRaftLogCache$LogSegmentList.getTermIndex
2022-07-14 02:38:07,282 [s0@group-E8AE2E048FCA-LeaderStateImpl] TRACE segmented.SegmentedRaftLogCache (AutoCloseableReadWriteLock.java:logLocking(65)) - s0@group-E8AE2E048FCA: readLock RELEASED 0 by SegmentedRaftLogCache$LogSegmentList.getTermIndex
2022-07-14 02:38:07,282 [s0@group-E8AE2E048FCA-LeaderStateImpl] TRACE segmented.SegmentedRaftLogCache (AutoCloseableReadWriteLock.java:logLocking(65)) - s0@group-E8AE2E048FCA: readLock ACQUIRED 1 by SegmentedRaftLogCache.getStartIndex
2022-07-14 02:38:07,282 [s0@group-E8AE2E048FCA-LeaderStateImpl] TRACE segmented.SegmentedRaftLogCache (AutoCloseableReadWriteLock.java:logLocking(65)) -   s0@group-E8AE2E048FCA: readLock ACQUIRED 2 by SegmentedRaftLogCache$LogSegmentList.isEmpty
2022-07-14 02:38:07,282 [s0@group-E8AE2E048FCA-LeaderStateImpl] TRACE segmented.SegmentedRaftLogCache (AutoCloseableReadWriteLock.java:logLocking(65)) -   s0@group-E8AE2E048FCA: readLock RELEASED 1 by SegmentedRaftLogCache$LogSegmentList.isEmpty
2022-07-14 02:38:07,282 [s0@group-E8AE2E048FCA-LeaderStateImpl] TRACE segmented.SegmentedRaftLogCache (AutoCloseableReadWriteLock.java:logLocking(65)) - s0@group-E8AE2E048FCA: readLock RELEASED 0 by SegmentedRaftLogCache.getStartIndex
2022-07-14 02:38:07,282 [s0@group-E8AE2E048FCA-LeaderStateImpl] TRACE segmented.SegmentedRaftLogCache (AutoCloseableReadWriteLock.java:logLocking(65)) - s0@group-E8AE2E048FCA: readLock ACQUIRED 1 by SegmentedRaftLogCache.getEndIndex
2022-07-14 02:38:07,282 [s0@group-E8AE2E048FCA-LeaderStateImpl] TRACE segmented.SegmentedRaftLogCache (AutoCloseableReadWriteLock.java:logLocking(65)) - s0@group-E8AE2E048FCA: readLock RELEASED 0 by SegmentedRaftLogCache.getEndIndex
2022-07-14 02:38:07,282 [s0@group-E8AE2E048FCA-LeaderStateImpl] TRACE segmented.SegmentedRaftLogCache (AutoCloseableReadWriteLock.java:logLocking(65)) - s0@group-E8AE2E048FCA: readLock ACQUIRED 1 by SegmentedRaftLogCache$LogSegmentList.getTermIndex
2022-07-14 02:38:07,282 [s0@group-E8AE2E048FCA-LeaderStateImpl] TRACE segmented.SegmentedRaftLogCache (AutoCloseableReadWriteLock.java:logLocking(65)) - s0@group-E8AE2E048FCA: readLock RELEASED 0 by SegmentedRaftLogCache$LogSegmentList.getTermIndex
2022-07-14 02:38:07,282 [s0@group-E8AE2E048FCA-StateMachineUpdater] INFO  statemachine.SimpleStateMachine4Testing (SimpleStateMachine4Testing.java:put(204)) - s0: put 55, m27 -> (t:1, i:55), STATEMACHINELOGENTRY, 355@client-4187B1F4E061
2022-07-14 02:38:07,282 [s0@group-E8AE2E048FCA-LeaderStateImpl] TRACE segmented.SegmentedRaftLogCache (AutoCloseableReadWriteLock.java:logLocking(65)) - s0@group-E8AE2E048FCA: readLock ACQUIRED 1 by SegmentedRaftLogCache.getLastTermIndex
2022-07-14 02:38:07,283 [s0@group-E8AE2E048FCA-LeaderStateImpl] TRACE segmented.SegmentedRaftLogCache (AutoCloseableReadWriteLock.java:logLocking(65)) - s0@group-E8AE2E048FCA: readLock RELEASED 0 by SegmentedRaftLogCache.getLastTermIndex
2022-07-14 02:38:07,283 [s0@group-E8AE2E048FCA-LeaderStateImpl] TRACE segmented.SegmentedRaftLogCache (AutoCloseableReadWriteLock.java:logLocking(65)) - s0@group-E8AE2E048FCA: readLock ACQUIRED 1 by SegmentedRaftLogCache$LogSegmentList.countCached
2022-07-14 02:38:07,283 [s0@group-E8AE2E048FCA-LeaderStateImpl] TRACE segmented.SegmentedRaftLogCache (AutoCloseableReadWriteLock.java:logLocking(65)) - s0@group-E8AE2E048FCA: readLock RELEASED 0 by SegmentedRaftLogCache$LogSegmentList.countCached
2022-07-14 02:38:07,283 [s0@group-E8AE2E048FCA-LeaderStateImpl] TRACE segmented.SegmentedRaftLogCache (AutoCloseableReadWriteLock.java:logLocking(65)) - s0@group-E8AE2E048FCA: readLock ACQUIRED 1 by SegmentedRaftLogCache$LogSegmentList.getTotalCacheSize
2022-07-14 02:38:07,283 [s0@group-E8AE2E048FCA-LeaderStateImpl] TRACE segmented.SegmentedRaftLogCache (AutoCloseableReadWriteLock.java:logLocking(65)) - s0@group-E8AE2E048FCA: readLock RELEASED 0 by SegmentedRaftLogCache$LogSegmentList.getTotalCacheSize
2022-07-14 02:38:07,283 [s0@group-E8AE2E048FCA-LeaderStateImpl] DEBUG segmented.SegmentedRaftLogWorker (SegmentedRaftLogWorker.java:addIOTask(270)) - s0@group-E8AE2E048FCA-SegmentedRaftLogWorker adds IO task WriteLog:56: (t:1, i:56), METADATAENTRY(c:55)
2022-07-14 02:38:07,283 [s0-client-thread1] TRACE segmented.SegmentedRaftLogCache (AutoCloseableReadWriteLock.java:logLocking(65)) - s0@group-E8AE2E048FCA: readLock ACQUIRED 1 by SegmentedRaftLogCache.getLastTermIndex
2022-07-14 02:38:07,283 [s0-client-thread1] TRACE segmented.SegmentedRaftLogCache (AutoCloseableReadWriteLock.java:logLocking(65)) - s0@group-E8AE2E048FCA: readLock RELEASED 0 by SegmentedRaftLogCache.getLastTermIndex
2022-07-14 02:38:07,283 [s0-client-thread1] TRACE segmented.SegmentedRaftLogCache (AutoCloseableReadWriteLock.java:logLocking(65)) - s0@group-E8AE2E048FCA: readLock ACQUIRED 1 by SegmentedRaftLogCache.getLastTermIndex
2022-07-14 02:38:07,283 [s0-client-thread1] TRACE segmented.SegmentedRaftLogCache (AutoCloseableReadWriteLock.java:logLocking(65)) - s0@group-E8AE2E048FCA: readLock RELEASED 0 by SegmentedRaftLogCache.getLastTermIndex
2022-07-14 02:38:07,283 [s0-client-thread1] TRACE segmented.SegmentedRaftLogCache (AutoCloseableReadWriteLock.java:logLocking(65)) - s0@group-E8AE2E048FCA: readLock ACQUIRED 1 by SegmentedRaftLogCache$LogSegmentList.countCached
2022-07-14 02:38:07,283 [s0-client-thread1] TRACE segmented.SegmentedRaftLogCache (AutoCloseableReadWriteLock.java:logLocking(65)) - s0@group-E8AE2E048FCA: readLock RELEASED 0 by SegmentedRaftLogCache$LogSegmentList.countCached
2022-07-14 02:38:07,284 [s0-client-thread1] TRACE segmented.SegmentedRaftLogCache (AutoCloseableReadWriteLock.java:logLocking(65)) - s0@group-E8AE2E048FCA: readLock ACQUIRED 1 by SegmentedRaftLogCache$LogSegmentList.getTotalCacheSize
2022-07-14 02:38:07,284 [s0-client-thread1] TRACE segmented.SegmentedRaftLogCache (AutoCloseableReadWriteLock.java:logLocking(65)) - s0@group-E8AE2E048FCA: readLock RELEASED 0 by SegmentedRaftLogCache$LogSegmentList.getTotalCacheSize
2022-07-14 02:38:07,284 [s0-client-thread1] DEBUG segmented.SegmentedRaftLogWorker (SegmentedRaftLogWorker.java:addIOTask(270)) - s0@group-E8AE2E048FCA-SegmentedRaftLogWorker adds IO task WriteLog:57: (t:1, i:57), STATEMACHINELOGENTRY, StateMachineLogEntryProto:356@client-4187B1F4E061
2022-07-14 02:38:07,284 [s0@group-E8AE2E048FCA-SegmentedRaftLogWorker] DEBUG segmented.SegmentedRaftLogWorker (SegmentedRaftLogWorker.java:flushIfNecessary(365)) - s0@group-E8AE2E048FCA-SegmentedRaftLogWorker: flush SegmentedRaftLogOutputStream(/home/runner/work/ratis/ratis/ratis-test/target/test/data/f69c223b/MiniRaftClusterWithSimulatedRpc37250022/s0/24813b6b-21de-410f-95d3-e8ae2e048fca/current/log_inprogress_0)
2022-07-14 02:38:07,284 [s0@group-E8AE2E048FCA-LeaderStateImpl] TRACE segmented.SegmentedRaftLogCache (AutoCloseableReadWriteLock.java:logLocking(65)) - s0@group-E8AE2E048FCA: readLock ACQUIRED 1 by SegmentedRaftLogCache.getStartIndex
2022-07-14 02:38:07,285 [s0@group-E8AE2E048FCA-LeaderStateImpl] TRACE segmented.SegmentedRaftLogCache (AutoCloseableReadWriteLock.java:logLocking(65)) -   s0@group-E8AE2E048FCA: readLock ACQUIRED 2 by SegmentedRaftLogCache$LogSegmentList.isEmpty
2022-07-14 02:38:07,285 [s0@group-E8AE2E048FCA-LeaderStateImpl] TRACE segmented.SegmentedRaftLogCache (AutoCloseableReadWriteLock.java:logLocking(65)) -   s0@group-E8AE2E048FCA: readLock RELEASED 1 by SegmentedRaftLogCache$LogSegmentList.isEmpty
2022-07-14 02:38:07,285 [s0@group-E8AE2E048FCA-LeaderStateImpl] TRACE segmented.SegmentedRaftLogCache (AutoCloseableReadWriteLock.java:logLocking(65)) - s0@group-E8AE2E048FCA: readLock RELEASED 0 by SegmentedRaftLogCache.getStartIndex
2022-07-14 02:38:07,285 [s0@group-E8AE2E048FCA-LeaderStateImpl] TRACE segmented.SegmentedRaftLogCache (AutoCloseableReadWriteLock.java:logLocking(65)) - s0@group-E8AE2E048FCA: readLock ACQUIRED 1 by SegmentedRaftLogCache.getEndIndex
2022-07-14 02:38:07,285 [s0@group-E8AE2E048FCA-LeaderStateImpl] TRACE segmented.SegmentedRaftLogCache (AutoCloseableReadWriteLock.java:logLocking(65)) - s0@group-E8AE2E048FCA: readLock RELEASED 0 by SegmentedRaftLogCache.getEndIndex
2022-07-14 02:38:07,285 [s0@group-E8AE2E048FCA-LeaderStateImpl] TRACE segmented.SegmentedRaftLogCache (AutoCloseableReadWriteLock.java:logLocking(65)) - s0@group-E8AE2E048FCA: readLock ACQUIRED 1 by SegmentedRaftLogCache$LogSegmentList.getTermIndex
2022-07-14 02:38:07,285 [s0@group-E8AE2E048FCA-LeaderStateImpl] TRACE segmented.SegmentedRaftLogCache (AutoCloseableReadWriteLock.java:logLocking(65)) - s0@group-E8AE2E048FCA: readLock RELEASED 0 by SegmentedRaftLogCache$LogSegmentList.getTermIndex
2022-07-14 02:38:07,285 [s0@group-E8AE2E048FCA-LeaderStateImpl] TRACE segmented.SegmentedRaftLogCache (AutoCloseableReadWriteLock.java:logLocking(65)) - s0@group-E8AE2E048FCA: readLock ACQUIRED 1 by SegmentedRaftLogCache.getLastTermIndex
2022-07-14 02:38:07,285 [s0@group-E8AE2E048FCA-LeaderStateImpl] TRACE segmented.SegmentedRaftLogCache (AutoCloseableReadWriteLock.java:logLocking(65)) - s0@group-E8AE2E048FCA: readLock RELEASED 0 by SegmentedRaftLogCache.getLastTermIndex
2022-07-14 02:38:07,285 [s0@group-E8AE2E048FCA-LeaderStateImpl] TRACE segmented.SegmentedRaftLogCache (AutoCloseableReadWriteLock.java:logLocking(65)) - s0@group-E8AE2E048FCA: readLock ACQUIRED 1 by SegmentedRaftLogCache$LogSegmentList.countCached
2022-07-14 02:38:07,285 [s0@group-E8AE2E048FCA-LeaderStateImpl] TRACE segmented.SegmentedRaftLogCache (AutoCloseableReadWriteLock.java:logLocking(65)) - s0@group-E8AE2E048FCA: readLock RELEASED 0 by SegmentedRaftLogCache$LogSegmentList.countCached
2022-07-14 02:38:07,285 [s0@group-E8AE2E048FCA-LeaderStateImpl] TRACE segmented.SegmentedRaftLogCache (AutoCloseableReadWriteLock.java:logLocking(65)) - s0@group-E8AE2E048FCA: readLock ACQUIRED 1 by SegmentedRaftLogCache$LogSegmentList.getTotalCacheSize
2022-07-14 02:38:07,285 [s0@group-E8AE2E048FCA-LeaderStateImpl] TRACE segmented.SegmentedRaftLogCache (AutoCloseableReadWriteLock.java:logLocking(65)) - s0@group-E8AE2E048FCA: readLock RELEASED 0 by SegmentedRaftLogCache$LogSegmentList.getTotalCacheSize
2022-07-14 02:38:07,285 [s0@group-E8AE2E048FCA-LeaderStateImpl] DEBUG segmented.SegmentedRaftLogWorker (SegmentedRaftLogWorker.java:addIOTask(270)) - s0@group-E8AE2E048FCA-SegmentedRaftLogWorker adds IO task WriteLog:58: (t:1, i:58), METADATAENTRY(c:57)
2022-07-14 02:38:07,285 [s0@group-E8AE2E048FCA-SegmentedRaftLogWorker] DEBUG segmented.SegmentedRaftLogWorker (SegmentedRaftLogWorker.java:flushIfNecessary(365)) - s0@group-E8AE2E048FCA-SegmentedRaftLogWorker: flush SegmentedRaftLogOutputStream(/home/runner/work/ratis/ratis/ratis-test/target/test/data/f69c223b/MiniRaftClusterWithSimulatedRpc37250022/s0/24813b6b-21de-410f-95d3-e8ae2e048fca/current/log_inprogress_0)
2022-07-14 02:38:07,286 [s0@group-E8AE2E048FCA-StateMachineUpdater] INFO  statemachine.SimpleStateMachine4Testing (SimpleStateMachine4Testing.java:put(204)) - s0: put 57, m28 -> (t:1, i:57), STATEMACHINELOGENTRY, 356@client-4187B1F4E061
2022-07-14 02:38:07,286 [s0-client-thread1] TRACE segmented.SegmentedRaftLogCache (AutoCloseableReadWriteLock.java:logLocking(65)) - s0@group-E8AE2E048FCA: readLock ACQUIRED 1 by SegmentedRaftLogCache.getLastTermIndex
2022-07-14 02:38:07,286 [s0-client-thread1] TRACE segmented.SegmentedRaftLogCache (AutoCloseableReadWriteLock.java:logLocking(65)) - s0@group-E8AE2E048FCA: readLock RELEASED 0 by SegmentedRaftLogCache.getLastTermIndex
2022-07-14 02:38:07,286 [s0-client-thread1] TRACE segmented.SegmentedRaftLogCache (AutoCloseableReadWriteLock.java:logLocking(65)) - s0@group-E8AE2E048FCA: readLock ACQUIRED 1 by SegmentedRaftLogCache.getLastTermIndex
2022-07-14 02:38:07,286 [s0-client-thread1] TRACE segmented.SegmentedRaftLogCache (AutoCloseableReadWriteLock.java:logLocking(65)) - s0@group-E8AE2E048FCA: readLock RELEASED 0 by SegmentedRaftLogCache.getLastTermIndex
2022-07-14 02:38:07,286 [s0-client-thread1] TRACE segmented.SegmentedRaftLogCache (AutoCloseableReadWriteLock.java:logLocking(65)) - s0@group-E8AE2E048FCA: readLock ACQUIRED 1 by SegmentedRaftLogCache$LogSegmentList.countCached
2022-07-14 02:38:07,286 [s0-client-thread1] TRACE segmented.SegmentedRaftLogCache (AutoCloseableReadWriteLock.java:logLocking(65)) - s0@group-E8AE2E048FCA: readLock RELEASED 0 by SegmentedRaftLogCache$LogSegmentList.countCached
2022-07-14 02:38:07,286 [s0-client-thread1] TRACE segmented.SegmentedRaftLogCache (AutoCloseableReadWriteLock.java:logLocking(65)) - s0@group-E8AE2E048FCA: readLock ACQUIRED 1 by SegmentedRaftLogCache$LogSegmentList.getTotalCacheSize
2022-07-14 02:38:07,286 [s0-client-thread1] TRACE segmented.SegmentedRaftLogCache (AutoCloseableReadWriteLock.java:logLocking(65)) - s0@group-E8AE2E048FCA: readLock RELEASED 0 by SegmentedRaftLogCache$LogSegmentList.getTotalCacheSize
2022-07-14 02:38:07,286 [s0-client-thread1] DEBUG segmented.SegmentedRaftLogWorker (SegmentedRaftLogWorker.java:addIOTask(270)) - s0@group-E8AE2E048FCA-SegmentedRaftLogWorker adds IO task WriteLog:59: (t:1, i:59), STATEMACHINELOGENTRY, StateMachineLogEntryProto:357@client-4187B1F4E061
2022-07-14 02:38:07,286 [s0@group-E8AE2E048FCA-SegmentedRaftLogWorker] DEBUG segmented.SegmentedRaftLogWorker (SegmentedRaftLogWorker.java:flushIfNecessary(365)) - s0@group-E8AE2E048FCA-SegmentedRaftLogWorker: flush SegmentedRaftLogOutputStream(/home/runner/work/ratis/ratis/ratis-test/target/test/data/f69c223b/MiniRaftClusterWithSimulatedRpc37250022/s0/24813b6b-21de-410f-95d3-e8ae2e048fca/current/log_inprogress_0)
2022-07-14 02:38:07,286 [s0@group-E8AE2E048FCA-LeaderStateImpl] TRACE segmented.SegmentedRaftLogCache (AutoCloseableReadWriteLock.java:logLocking(65)) - s0@group-E8AE2E048FCA: readLock ACQUIRED 1 by SegmentedRaftLogCache.getStartIndex
2022-07-14 02:38:07,286 [s0@group-E8AE2E048FCA-LeaderStateImpl] TRACE segmented.SegmentedRaftLogCache (AutoCloseableReadWriteLock.java:logLocking(65)) -   s0@group-E8AE2E048FCA: readLock ACQUIRED 2 by SegmentedRaftLogCache$LogSegmentList.isEmpty
2022-07-14 02:38:07,286 [s0@group-E8AE2E048FCA-LeaderStateImpl] TRACE segmented.SegmentedRaftLogCache (AutoCloseableReadWriteLock.java:logLocking(65)) -   s0@group-E8AE2E048FCA: readLock RELEASED 1 by SegmentedRaftLogCache$LogSegmentList.isEmpty
2022-07-14 02:38:07,287 [s0@group-E8AE2E048FCA-LeaderStateImpl] TRACE segmented.SegmentedRaftLogCache (AutoCloseableReadWriteLock.java:logLocking(65)) - s0@group-E8AE2E048FCA: readLock RELEASED 0 by SegmentedRaftLogCache.getStartIndex
2022-07-14 02:38:07,287 [s0@group-E8AE2E048FCA-LeaderStateImpl] TRACE segmented.SegmentedRaftLogCache (AutoCloseableReadWriteLock.java:logLocking(65)) - s0@group-E8AE2E048FCA: readLock ACQUIRED 1 by SegmentedRaftLogCache.getEndIndex
2022-07-14 02:38:07,287 [s0@group-E8AE2E048FCA-LeaderStateImpl] TRACE segmented.SegmentedRaftLogCache (AutoCloseableReadWriteLock.java:logLocking(65)) - s0@group-E8AE2E048FCA: readLock RELEASED 0 by SegmentedRaftLogCache.getEndIndex
2022-07-14 02:38:07,287 [s0@group-E8AE2E048FCA-LeaderStateImpl] TRACE segmented.SegmentedRaftLogCache (AutoCloseableReadWriteLock.java:logLocking(65)) - s0@group-E8AE2E048FCA: readLock ACQUIRED 1 by SegmentedRaftLogCache$LogSegmentList.getTermIndex
2022-07-14 02:38:07,287 [s0@group-E8AE2E048FCA-LeaderStateImpl] TRACE segmented.SegmentedRaftLogCache (AutoCloseableReadWriteLock.java:logLocking(65)) - s0@group-E8AE2E048FCA: readLock RELEASED 0 by SegmentedRaftLogCache$LogSegmentList.getTermIndex
2022-07-14 02:38:07,287 [s0@group-E8AE2E048FCA-LeaderStateImpl] TRACE segmented.SegmentedRaftLogCache (AutoCloseableReadWriteLock.java:logLocking(65)) - s0@group-E8AE2E048FCA: readLock ACQUIRED 1 by SegmentedRaftLogCache.getStartIndex
2022-07-14 02:38:07,287 [s0@group-E8AE2E048FCA-LeaderStateImpl] TRACE segmented.SegmentedRaftLogCache (AutoCloseableReadWriteLock.java:logLocking(65)) -   s0@group-E8AE2E048FCA: readLock ACQUIRED 2 by SegmentedRaftLogCache$LogSegmentList.isEmpty
2022-07-14 02:38:07,287 [s0@group-E8AE2E048FCA-LeaderStateImpl] TRACE segmented.SegmentedRaftLogCache (AutoCloseableReadWriteLock.java:logLocking(65)) -   s0@group-E8AE2E048FCA: readLock RELEASED 1 by SegmentedRaftLogCache$LogSegmentList.isEmpty
2022-07-14 02:38:07,287 [s0@group-E8AE2E048FCA-LeaderStateImpl] TRACE segmented.SegmentedRaftLogCache (AutoCloseableReadWriteLock.java:logLocking(65)) - s0@group-E8AE2E048FCA: readLock RELEASED 0 by SegmentedRaftLogCache.getStartIndex
2022-07-14 02:38:07,287 [s0@group-E8AE2E048FCA-LeaderStateImpl] TRACE segmented.SegmentedRaftLogCache (AutoCloseableReadWriteLock.java:logLocking(65)) - s0@group-E8AE2E048FCA: readLock ACQUIRED 1 by SegmentedRaftLogCache.getEndIndex
2022-07-14 02:38:07,287 [s0@group-E8AE2E048FCA-LeaderStateImpl] TRACE segmented.SegmentedRaftLogCache (AutoCloseableReadWriteLock.java:logLocking(65)) - s0@group-E8AE2E048FCA: readLock RELEASED 0 by SegmentedRaftLogCache.getEndIndex
2022-07-14 02:38:07,287 [s0@group-E8AE2E048FCA-LeaderStateImpl] TRACE segmented.SegmentedRaftLogCache (AutoCloseableReadWriteLock.java:logLocking(65)) - s0@group-E8AE2E048FCA: readLock ACQUIRED 1 by SegmentedRaftLogCache$LogSegmentList.getTermIndex
2022-07-14 02:38:07,287 [s0@group-E8AE2E048FCA-LeaderStateImpl] TRACE segmented.SegmentedRaftLogCache (AutoCloseableReadWriteLock.java:logLocking(65)) - s0@group-E8AE2E048FCA: readLock RELEASED 0 by SegmentedRaftLogCache$LogSegmentList.getTermIndex
2022-07-14 02:38:07,287 [s0@group-E8AE2E048FCA-LeaderStateImpl] TRACE segmented.SegmentedRaftLogCache (AutoCloseableReadWriteLock.java:logLocking(65)) - s0@group-E8AE2E048FCA: readLock ACQUIRED 1 by SegmentedRaftLogCache.getLastTermIndex
2022-07-14 02:38:07,287 [s0@group-E8AE2E048FCA-LeaderStateImpl] TRACE segmented.SegmentedRaftLogCache (AutoCloseableReadWriteLock.java:logLocking(65)) - s0@group-E8AE2E048FCA: readLock RELEASED 0 by SegmentedRaftLogCache.getLastTermIndex
2022-07-14 02:38:07,287 [s0@group-E8AE2E048FCA-LeaderStateImpl] TRACE segmented.SegmentedRaftLogCache (AutoCloseableReadWriteLock.java:logLocking(65)) - s0@group-E8AE2E048FCA: readLock ACQUIRED 1 by SegmentedRaftLogCache$LogSegmentList.countCached
2022-07-14 02:38:07,287 [s0@group-E8AE2E048FCA-LeaderStateImpl] TRACE segmented.SegmentedRaftLogCache (AutoCloseableReadWriteLock.java:logLocking(65)) - s0@group-E8AE2E048FCA: readLock RELEASED 0 by SegmentedRaftLogCache$LogSegmentList.countCached
2022-07-14 02:38:07,287 [s0@group-E8AE2E048FCA-LeaderStateImpl] TRACE segmented.SegmentedRaftLogCache (AutoCloseableReadWriteLock.java:logLocking(65)) - s0@group-E8AE2E048FCA: readLock ACQUIRED 1 by SegmentedRaftLogCache$LogSegmentList.getTotalCacheSize
2022-07-14 02:38:07,287 [s0@group-E8AE2E048FCA-LeaderStateImpl] TRACE segmented.SegmentedRaftLogCache (AutoCloseableReadWriteLock.java:logLocking(65)) - s0@group-E8AE2E048FCA: readLock RELEASED 0 by SegmentedRaftLogCache$LogSegmentList.getTotalCacheSize
2022-07-14 02:38:07,287 [s0@group-E8AE2E048FCA-LeaderStateImpl] DEBUG segmented.SegmentedRaftLogWorker (SegmentedRaftLogWorker.java:addIOTask(270)) - s0@group-E8AE2E048FCA-SegmentedRaftLogWorker adds IO task WriteLog:60: (t:1, i:60), METADATAENTRY(c:59)
2022-07-14 02:38:07,287 [s0@group-E8AE2E048FCA-SegmentedRaftLogWorker] DEBUG segmented.SegmentedRaftLogWorker (SegmentedRaftLogWorker.java:flushIfNecessary(365)) - s0@group-E8AE2E048FCA-SegmentedRaftLogWorker: flush SegmentedRaftLogOutputStream(/home/runner/work/ratis/ratis/ratis-test/target/test/data/f69c223b/MiniRaftClusterWithSimulatedRpc37250022/s0/24813b6b-21de-410f-95d3-e8ae2e048fca/current/log_inprogress_0)
2022-07-14 02:38:07,288 [s0@group-E8AE2E048FCA-StateMachineUpdater] INFO  statemachine.SimpleStateMachine4Testing (SimpleStateMachine4Testing.java:put(204)) - s0: put 59, m29 -> (t:1, i:59), STATEMACHINELOGENTRY, 357@client-4187B1F4E061
2022-07-14 02:38:07,288 [s0-client-thread1] TRACE segmented.SegmentedRaftLogCache (AutoCloseableReadWriteLock.java:logLocking(65)) - s0@group-E8AE2E048FCA: readLock ACQUIRED 1 by SegmentedRaftLogCache.getLastTermIndex
2022-07-14 02:38:07,288 [s0-client-thread1] TRACE segmented.SegmentedRaftLogCache (AutoCloseableReadWriteLock.java:logLocking(65)) - s0@group-E8AE2E048FCA: readLock RELEASED 0 by SegmentedRaftLogCache.getLastTermIndex
2022-07-14 02:38:07,288 [s0-client-thread1] TRACE segmented.SegmentedRaftLogCache (AutoCloseableReadWriteLock.java:logLocking(65)) - s0@group-E8AE2E048FCA: readLock ACQUIRED 1 by SegmentedRaftLogCache.getLastTermIndex
2022-07-14 02:38:07,288 [s0-client-thread1] TRACE segmented.SegmentedRaftLogCache (AutoCloseableReadWriteLock.java:logLocking(65)) - s0@group-E8AE2E048FCA: readLock RELEASED 0 by SegmentedRaftLogCache.getLastTermIndex
2022-07-14 02:38:07,288 [s0-client-thread1] TRACE segmented.SegmentedRaftLogCache (AutoCloseableReadWriteLock.java:logLocking(65)) - s0@group-E8AE2E048FCA: readLock ACQUIRED 1 by SegmentedRaftLogCache$LogSegmentList.countCached
2022-07-14 02:38:07,288 [s0-client-thread1] TRACE segmented.SegmentedRaftLogCache (AutoCloseableReadWriteLock.java:logLocking(65)) - s0@group-E8AE2E048FCA: readLock RELEASED 0 by SegmentedRaftLogCache$LogSegmentList.countCached
2022-07-14 02:38:07,288 [s0-client-thread1] TRACE segmented.SegmentedRaftLogCache (AutoCloseableReadWriteLock.java:logLocking(65)) - s0@group-E8AE2E048FCA: readLock ACQUIRED 1 by SegmentedRaftLogCache$LogSegmentList.getTotalCacheSize
2022-07-14 02:38:07,288 [s0-client-thread1] TRACE segmented.SegmentedRaftLogCache (AutoCloseableReadWriteLock.java:logLocking(65)) - s0@group-E8AE2E048FCA: readLock RELEASED 0 by SegmentedRaftLogCache$LogSegmentList.getTotalCacheSize
2022-07-14 02:38:07,288 [s0-client-thread1] DEBUG segmented.SegmentedRaftLogWorker (SegmentedRaftLogWorker.java:addIOTask(270)) - s0@group-E8AE2E048FCA-SegmentedRaftLogWorker adds IO task WriteLog:61: (t:1, i:61), STATEMACHINELOGENTRY, StateMachineLogEntryProto:358@client-4187B1F4E061
2022-07-14 02:38:07,288 [s0@group-E8AE2E048FCA-SegmentedRaftLogWorker] DEBUG segmented.SegmentedRaftLogWorker (SegmentedRaftLogWorker.java:flushIfNecessary(365)) - s0@group-E8AE2E048FCA-SegmentedRaftLogWorker: flush SegmentedRaftLogOutputStream(/home/runner/work/ratis/ratis/ratis-test/target/test/data/f69c223b/MiniRaftClusterWithSimulatedRpc37250022/s0/24813b6b-21de-410f-95d3-e8ae2e048fca/current/log_inprogress_0)
2022-07-14 02:38:07,289 [s0@group-E8AE2E048FCA-LeaderStateImpl] TRACE segmented.SegmentedRaftLogCache (AutoCloseableReadWriteLock.java:logLocking(65)) - s0@group-E8AE2E048FCA: readLock ACQUIRED 1 by SegmentedRaftLogCache.getStartIndex
2022-07-14 02:38:07,289 [s0@group-E8AE2E048FCA-LeaderStateImpl] TRACE segmented.SegmentedRaftLogCache (AutoCloseableReadWriteLock.java:logLocking(65)) -   s0@group-E8AE2E048FCA: readLock ACQUIRED 2 by SegmentedRaftLogCache$LogSegmentList.isEmpty
2022-07-14 02:38:07,289 [s0@group-E8AE2E048FCA-LeaderStateImpl] TRACE segmented.SegmentedRaftLogCache (AutoCloseableReadWriteLock.java:logLocking(65)) -   s0@group-E8AE2E048FCA: readLock RELEASED 1 by SegmentedRaftLogCache$LogSegmentList.isEmpty
2022-07-14 02:38:07,289 [s0@group-E8AE2E048FCA-LeaderStateImpl] TRACE segmented.SegmentedRaftLogCache (AutoCloseableReadWriteLock.java:logLocking(65)) - s0@group-E8AE2E048FCA: readLock RELEASED 0 by SegmentedRaftLogCache.getStartIndex
2022-07-14 02:38:07,289 [s0@group-E8AE2E048FCA-LeaderStateImpl] TRACE segmented.SegmentedRaftLogCache (AutoCloseableReadWriteLock.java:logLocking(65)) - s0@group-E8AE2E048FCA: readLock ACQUIRED 1 by SegmentedRaftLogCache.getEndIndex
2022-07-14 02:38:07,289 [s0@group-E8AE2E048FCA-LeaderStateImpl] TRACE segmented.SegmentedRaftLogCache (AutoCloseableReadWriteLock.java:logLocking(65)) - s0@group-E8AE2E048FCA: readLock RELEASED 0 by SegmentedRaftLogCache.getEndIndex
2022-07-14 02:38:07,289 [s0@group-E8AE2E048FCA-LeaderStateImpl] TRACE segmented.SegmentedRaftLogCache (AutoCloseableReadWriteLock.java:logLocking(65)) - s0@group-E8AE2E048FCA: readLock ACQUIRED 1 by SegmentedRaftLogCache$LogSegmentList.getTermIndex
2022-07-14 02:38:07,289 [s0@group-E8AE2E048FCA-LeaderStateImpl] TRACE segmented.SegmentedRaftLogCache (AutoCloseableReadWriteLock.java:logLocking(65)) - s0@group-E8AE2E048FCA: readLock RELEASED 0 by SegmentedRaftLogCache$LogSegmentList.getTermIndex
2022-07-14 02:38:07,289 [s0@group-E8AE2E048FCA-LeaderStateImpl] TRACE segmented.SegmentedRaftLogCache (AutoCloseableReadWriteLock.java:logLocking(65)) - s0@group-E8AE2E048FCA: readLock ACQUIRED 1 by SegmentedRaftLogCache.getStartIndex
2022-07-14 02:38:07,289 [s0@group-E8AE2E048FCA-LeaderStateImpl] TRACE segmented.SegmentedRaftLogCache (AutoCloseableReadWriteLock.java:logLocking(65)) -   s0@group-E8AE2E048FCA: readLock ACQUIRED 2 by SegmentedRaftLogCache$LogSegmentList.isEmpty
2022-07-14 02:38:07,289 [s0@group-E8AE2E048FCA-LeaderStateImpl] TRACE segmented.SegmentedRaftLogCache (AutoCloseableReadWriteLock.java:logLocking(65)) -   s0@group-E8AE2E048FCA: readLock RELEASED 1 by SegmentedRaftLogCache$LogSegmentList.isEmpty
2022-07-14 02:38:07,289 [s0@group-E8AE2E048FCA-LeaderStateImpl] TRACE segmented.SegmentedRaftLogCache (AutoCloseableReadWriteLock.java:logLocking(65)) - s0@group-E8AE2E048FCA: readLock RELEASED 0 by SegmentedRaftLogCache.getStartIndex
2022-07-14 02:38:07,289 [s0@group-E8AE2E048FCA-LeaderStateImpl] TRACE segmented.SegmentedRaftLogCache (AutoCloseableReadWriteLock.java:logLocking(65)) - s0@group-E8AE2E048FCA: readLock ACQUIRED 1 by SegmentedRaftLogCache.getEndIndex
2022-07-14 02:38:07,289 [s0@group-E8AE2E048FCA-LeaderStateImpl] TRACE segmented.SegmentedRaftLogCache (AutoCloseableReadWriteLock.java:logLocking(65)) - s0@group-E8AE2E048FCA: readLock RELEASED 0 by SegmentedRaftLogCache.getEndIndex
2022-07-14 02:38:07,289 [s0@group-E8AE2E048FCA-LeaderStateImpl] TRACE segmented.SegmentedRaftLogCache (AutoCloseableReadWriteLock.java:logLocking(65)) - s0@group-E8AE2E048FCA: readLock ACQUIRED 1 by SegmentedRaftLogCache$LogSegmentList.getTermIndex
2022-07-14 02:38:07,289 [s0@group-E8AE2E048FCA-LeaderStateImpl] TRACE segmented.SegmentedRaftLogCache (AutoCloseableReadWriteLock.java:logLocking(65)) - s0@group-E8AE2E048FCA: readLock RELEASED 0 by SegmentedRaftLogCache$LogSegmentList.getTermIndex
2022-07-14 02:38:07,290 [s0@group-E8AE2E048FCA-LeaderStateImpl] TRACE segmented.SegmentedRaftLogCache (AutoCloseableReadWriteLock.java:logLocking(65)) - s0@group-E8AE2E048FCA: readLock ACQUIRED 1 by SegmentedRaftLogCache.getLastTermIndex
2022-07-14 02:38:07,290 [s0@group-E8AE2E048FCA-LeaderStateImpl] TRACE segmented.SegmentedRaftLogCache (AutoCloseableReadWriteLock.java:logLocking(65)) - s0@group-E8AE2E048FCA: readLock RELEASED 0 by SegmentedRaftLogCache.getLastTermIndex
2022-07-14 02:38:07,290 [s0@group-E8AE2E048FCA-LeaderStateImpl] TRACE segmented.SegmentedRaftLogCache (AutoCloseableReadWriteLock.java:logLocking(65)) - s0@group-E8AE2E048FCA: readLock ACQUIRED 1 by SegmentedRaftLogCache$LogSegmentList.countCached
2022-07-14 02:38:07,290 [s0@group-E8AE2E048FCA-LeaderStateImpl] TRACE segmented.SegmentedRaftLogCache (AutoCloseableReadWriteLock.java:logLocking(65)) - s0@group-E8AE2E048FCA: readLock RELEASED 0 by SegmentedRaftLogCache$LogSegmentList.countCached
2022-07-14 02:38:07,290 [s0@group-E8AE2E048FCA-LeaderStateImpl] TRACE segmented.SegmentedRaftLogCache (AutoCloseableReadWriteLock.java:logLocking(65)) - s0@group-E8AE2E048FCA: readLock ACQUIRED 1 by SegmentedRaftLogCache$LogSegmentList.getTotalCacheSize
2022-07-14 02:38:07,290 [s0@group-E8AE2E048FCA-LeaderStateImpl] TRACE segmented.SegmentedRaftLogCache (AutoCloseableReadWriteLock.java:logLocking(65)) - s0@group-E8AE2E048FCA: readLock RELEASED 0 by SegmentedRaftLogCache$LogSegmentList.getTotalCacheSize
2022-07-14 02:38:07,290 [s0@group-E8AE2E048FCA-LeaderStateImpl] DEBUG segmented.SegmentedRaftLogWorker (SegmentedRaftLogWorker.java:addIOTask(270)) - s0@group-E8AE2E048FCA-SegmentedRaftLogWorker adds IO task WriteLog:62: (t:1, i:62), METADATAENTRY(c:61)
2022-07-14 02:38:07,290 [s0@group-E8AE2E048FCA-SegmentedRaftLogWorker] DEBUG segmented.SegmentedRaftLogWorker (SegmentedRaftLogWorker.java:flushIfNecessary(365)) - s0@group-E8AE2E048FCA-SegmentedRaftLogWorker: flush SegmentedRaftLogOutputStream(/home/runner/work/ratis/ratis/ratis-test/target/test/data/f69c223b/MiniRaftClusterWithSimulatedRpc37250022/s0/24813b6b-21de-410f-95d3-e8ae2e048fca/current/log_inprogress_0)
2022-07-14 02:38:07,290 [s0@group-E8AE2E048FCA-StateMachineUpdater] INFO  statemachine.SimpleStateMachine4Testing (SimpleStateMachine4Testing.java:put(204)) - s0: put 61, m30 -> (t:1, i:61), STATEMACHINELOGENTRY, 358@client-4187B1F4E061
2022-07-14 02:38:07,291 [s0-client-thread1] TRACE segmented.SegmentedRaftLogCache (AutoCloseableReadWriteLock.java:logLocking(65)) - s0@group-E8AE2E048FCA: readLock ACQUIRED 1 by SegmentedRaftLogCache.getLastTermIndex
2022-07-14 02:38:07,291 [s0-client-thread1] TRACE segmented.SegmentedRaftLogCache (AutoCloseableReadWriteLock.java:logLocking(65)) - s0@group-E8AE2E048FCA: readLock RELEASED 0 by SegmentedRaftLogCache.getLastTermIndex
2022-07-14 02:38:07,291 [s0-client-thread1] TRACE segmented.SegmentedRaftLogCache (AutoCloseableReadWriteLock.java:logLocking(65)) - s0@group-E8AE2E048FCA: readLock ACQUIRED 1 by SegmentedRaftLogCache.getLastTermIndex
2022-07-14 02:38:07,291 [s0-client-thread1] TRACE segmented.SegmentedRaftLogCache (AutoCloseableReadWriteLock.java:logLocking(65)) - s0@group-E8AE2E048FCA: readLock RELEASED 0 by SegmentedRaftLogCache.getLastTermIndex
2022-07-14 02:38:07,291 [s0-client-thread1] TRACE segmented.SegmentedRaftLogCache (AutoCloseableReadWriteLock.java:logLocking(65)) - s0@group-E8AE2E048FCA: readLock ACQUIRED 1 by SegmentedRaftLogCache$LogSegmentList.countCached
2022-07-14 02:38:07,291 [s0-client-thread1] TRACE segmented.SegmentedRaftLogCache (AutoCloseableReadWriteLock.java:logLocking(65)) - s0@group-E8AE2E048FCA: readLock RELEASED 0 by SegmentedRaftLogCache$LogSegmentList.countCached
2022-07-14 02:38:07,291 [s0-client-thread1] TRACE segmented.SegmentedRaftLogCache (AutoCloseableReadWriteLock.java:logLocking(65)) - s0@group-E8AE2E048FCA: readLock ACQUIRED 1 by SegmentedRaftLogCache$LogSegmentList.getTotalCacheSize
2022-07-14 02:38:07,291 [s0-client-thread1] TRACE segmented.SegmentedRaftLogCache (AutoCloseableReadWriteLock.java:logLocking(65)) - s0@group-E8AE2E048FCA: readLock RELEASED 0 by SegmentedRaftLogCache$LogSegmentList.getTotalCacheSize
2022-07-14 02:38:07,291 [s0-client-thread1] DEBUG segmented.SegmentedRaftLogWorker (SegmentedRaftLogWorker.java:addIOTask(270)) - s0@group-E8AE2E048FCA-SegmentedRaftLogWorker adds IO task WriteLog:63: (t:1, i:63), STATEMACHINELOGENTRY, StateMachineLogEntryProto:359@client-4187B1F4E061
2022-07-14 02:38:07,291 [s0@group-E8AE2E048FCA-SegmentedRaftLogWorker] DEBUG segmented.SegmentedRaftLogWorker (SegmentedRaftLogWorker.java:flushIfNecessary(365)) - s0@group-E8AE2E048FCA-SegmentedRaftLogWorker: flush SegmentedRaftLogOutputStream(/home/runner/work/ratis/ratis/ratis-test/target/test/data/f69c223b/MiniRaftClusterWithSimulatedRpc37250022/s0/24813b6b-21de-410f-95d3-e8ae2e048fca/current/log_inprogress_0)
2022-07-14 02:38:07,291 [s0@group-E8AE2E048FCA-LeaderStateImpl] TRACE segmented.SegmentedRaftLogCache (AutoCloseableReadWriteLock.java:logLocking(65)) - s0@group-E8AE2E048FCA: readLock ACQUIRED 1 by SegmentedRaftLogCache.getStartIndex
2022-07-14 02:38:07,291 [s0@group-E8AE2E048FCA-LeaderStateImpl] TRACE segmented.SegmentedRaftLogCache (AutoCloseableReadWriteLock.java:logLocking(65)) -   s0@group-E8AE2E048FCA: readLock ACQUIRED 2 by SegmentedRaftLogCache$LogSegmentList.isEmpty
2022-07-14 02:38:07,292 [s0@group-E8AE2E048FCA-LeaderStateImpl] TRACE segmented.SegmentedRaftLogCache (AutoCloseableReadWriteLock.java:logLocking(65)) -   s0@group-E8AE2E048FCA: readLock RELEASED 1 by SegmentedRaftLogCache$LogSegmentList.isEmpty
2022-07-14 02:38:07,292 [s0@group-E8AE2E048FCA-LeaderStateImpl] TRACE segmented.SegmentedRaftLogCache (AutoCloseableReadWriteLock.java:logLocking(65)) - s0@group-E8AE2E048FCA: readLock RELEASED 0 by SegmentedRaftLogCache.getStartIndex
2022-07-14 02:38:07,292 [s0@group-E8AE2E048FCA-LeaderStateImpl] TRACE segmented.SegmentedRaftLogCache (AutoCloseableReadWriteLock.java:logLocking(65)) - s0@group-E8AE2E048FCA: readLock ACQUIRED 1 by SegmentedRaftLogCache.getEndIndex
2022-07-14 02:38:07,292 [s0@group-E8AE2E048FCA-LeaderStateImpl] TRACE segmented.SegmentedRaftLogCache (AutoCloseableReadWriteLock.java:logLocking(65)) - s0@group-E8AE2E048FCA: readLock RELEASED 0 by SegmentedRaftLogCache.getEndIndex
2022-07-14 02:38:07,292 [s0@group-E8AE2E048FCA-LeaderStateImpl] TRACE segmented.SegmentedRaftLogCache (AutoCloseableReadWriteLock.java:logLocking(65)) - s0@group-E8AE2E048FCA: readLock ACQUIRED 1 by SegmentedRaftLogCache$LogSegmentList.getTermIndex
2022-07-14 02:38:07,292 [s0@group-E8AE2E048FCA-LeaderStateImpl] TRACE segmented.SegmentedRaftLogCache (AutoCloseableReadWriteLock.java:logLocking(65)) - s0@group-E8AE2E048FCA: readLock RELEASED 0 by SegmentedRaftLogCache$LogSegmentList.getTermIndex
2022-07-14 02:38:07,292 [s0@group-E8AE2E048FCA-LeaderStateImpl] TRACE segmented.SegmentedRaftLogCache (AutoCloseableReadWriteLock.java:logLocking(65)) - s0@group-E8AE2E048FCA: readLock ACQUIRED 1 by SegmentedRaftLogCache.getStartIndex
2022-07-14 02:38:07,292 [s0@group-E8AE2E048FCA-LeaderStateImpl] TRACE segmented.SegmentedRaftLogCache (AutoCloseableReadWriteLock.java:logLocking(65)) -   s0@group-E8AE2E048FCA: readLock ACQUIRED 2 by SegmentedRaftLogCache$LogSegmentList.isEmpty
2022-07-14 02:38:07,292 [s0@group-E8AE2E048FCA-LeaderStateImpl] TRACE segmented.SegmentedRaftLogCache (AutoCloseableReadWriteLock.java:logLocking(65)) -   s0@group-E8AE2E048FCA: readLock RELEASED 1 by SegmentedRaftLogCache$LogSegmentList.isEmpty
2022-07-14 02:38:07,292 [s0@group-E8AE2E048FCA-LeaderStateImpl] TRACE segmented.SegmentedRaftLogCache (AutoCloseableReadWriteLock.java:logLocking(65)) - s0@group-E8AE2E048FCA: readLock RELEASED 0 by SegmentedRaftLogCache.getStartIndex
2022-07-14 02:38:07,292 [s0@group-E8AE2E048FCA-LeaderStateImpl] TRACE segmented.SegmentedRaftLogCache (AutoCloseableReadWriteLock.java:logLocking(65)) - s0@group-E8AE2E048FCA: readLock ACQUIRED 1 by SegmentedRaftLogCache.getEndIndex
2022-07-14 02:38:07,292 [s0@group-E8AE2E048FCA-LeaderStateImpl] TRACE segmented.SegmentedRaftLogCache (AutoCloseableReadWriteLock.java:logLocking(65)) - s0@group-E8AE2E048FCA: readLock RELEASED 0 by SegmentedRaftLogCache.getEndIndex
2022-07-14 02:38:07,292 [s0@group-E8AE2E048FCA-LeaderStateImpl] TRACE segmented.SegmentedRaftLogCache (AutoCloseableReadWriteLock.java:logLocking(65)) - s0@group-E8AE2E048FCA: readLock ACQUIRED 1 by SegmentedRaftLogCache$LogSegmentList.getTermIndex
2022-07-14 02:38:07,292 [s0@group-E8AE2E048FCA-LeaderStateImpl] TRACE segmented.SegmentedRaftLogCache (AutoCloseableReadWriteLock.java:logLocking(65)) - s0@group-E8AE2E048FCA: readLock RELEASED 0 by SegmentedRaftLogCache$LogSegmentList.getTermIndex
2022-07-14 02:38:07,292 [s0@group-E8AE2E048FCA-LeaderStateImpl] TRACE segmented.SegmentedRaftLogCache (AutoCloseableReadWriteLock.java:logLocking(65)) - s0@group-E8AE2E048FCA: readLock ACQUIRED 1 by SegmentedRaftLogCache.getLastTermIndex
2022-07-14 02:38:07,293 [s0@group-E8AE2E048FCA-LeaderStateImpl] TRACE segmented.SegmentedRaftLogCache (AutoCloseableReadWriteLock.java:logLocking(65)) - s0@group-E8AE2E048FCA: readLock RELEASED 0 by SegmentedRaftLogCache.getLastTermIndex
2022-07-14 02:38:07,293 [s0@group-E8AE2E048FCA-LeaderStateImpl] TRACE segmented.SegmentedRaftLogCache (AutoCloseableReadWriteLock.java:logLocking(65)) - s0@group-E8AE2E048FCA: readLock ACQUIRED 1 by SegmentedRaftLogCache$LogSegmentList.countCached
2022-07-14 02:38:07,293 [s0@group-E8AE2E048FCA-LeaderStateImpl] TRACE segmented.SegmentedRaftLogCache (AutoCloseableReadWriteLock.java:logLocking(65)) - s0@group-E8AE2E048FCA: readLock RELEASED 0 by SegmentedRaftLogCache$LogSegmentList.countCached
2022-07-14 02:38:07,293 [s0@group-E8AE2E048FCA-LeaderStateImpl] TRACE segmented.SegmentedRaftLogCache (AutoCloseableReadWriteLock.java:logLocking(65)) - s0@group-E8AE2E048FCA: readLock ACQUIRED 1 by SegmentedRaftLogCache$LogSegmentList.getTotalCacheSize
2022-07-14 02:38:07,293 [s0@group-E8AE2E048FCA-LeaderStateImpl] TRACE segmented.SegmentedRaftLogCache (AutoCloseableReadWriteLock.java:logLocking(65)) - s0@group-E8AE2E048FCA: readLock RELEASED 0 by SegmentedRaftLogCache$LogSegmentList.getTotalCacheSize
2022-07-14 02:38:07,293 [s0@group-E8AE2E048FCA-LeaderStateImpl] DEBUG segmented.SegmentedRaftLogWorker (SegmentedRaftLogWorker.java:addIOTask(270)) - s0@group-E8AE2E048FCA-SegmentedRaftLogWorker adds IO task WriteLog:64: (t:1, i:64), METADATAENTRY(c:63)
2022-07-14 02:38:07,293 [s0@group-E8AE2E048FCA-SegmentedRaftLogWorker] DEBUG segmented.SegmentedRaftLogWorker (SegmentedRaftLogWorker.java:flushIfNecessary(365)) - s0@group-E8AE2E048FCA-SegmentedRaftLogWorker: flush SegmentedRaftLogOutputStream(/home/runner/work/ratis/ratis/ratis-test/target/test/data/f69c223b/MiniRaftClusterWithSimulatedRpc37250022/s0/24813b6b-21de-410f-95d3-e8ae2e048fca/current/log_inprogress_0)
2022-07-14 02:38:07,293 [s0@group-E8AE2E048FCA-StateMachineUpdater] INFO  statemachine.SimpleStateMachine4Testing (SimpleStateMachine4Testing.java:put(204)) - s0: put 63, m31 -> (t:1, i:63), STATEMACHINELOGENTRY, 359@client-4187B1F4E061
2022-07-14 02:38:07,294 [s0-client-thread1] TRACE segmented.SegmentedRaftLogCache (AutoCloseableReadWriteLock.java:logLocking(65)) - s0@group-E8AE2E048FCA: readLock ACQUIRED 1 by SegmentedRaftLogCache.getLastTermIndex
2022-07-14 02:38:07,294 [s0-client-thread1] TRACE segmented.SegmentedRaftLogCache (AutoCloseableReadWriteLock.java:logLocking(65)) - s0@group-E8AE2E048FCA: readLock RELEASED 0 by SegmentedRaftLogCache.getLastTermIndex
2022-07-14 02:38:07,294 [s0-client-thread1] TRACE segmented.SegmentedRaftLogCache (AutoCloseableReadWriteLock.java:logLocking(65)) - s0@group-E8AE2E048FCA: readLock ACQUIRED 1 by SegmentedRaftLogCache.getLastTermIndex
2022-07-14 02:38:07,294 [s0-client-thread1] TRACE segmented.SegmentedRaftLogCache (AutoCloseableReadWriteLock.java:logLocking(65)) - s0@group-E8AE2E048FCA: readLock RELEASED 0 by SegmentedRaftLogCache.getLastTermIndex
2022-07-14 02:38:07,294 [s0-client-thread1] TRACE segmented.SegmentedRaftLogCache (AutoCloseableReadWriteLock.java:logLocking(65)) - s0@group-E8AE2E048FCA: readLock ACQUIRED 1 by SegmentedRaftLogCache$LogSegmentList.countCached
2022-07-14 02:38:07,294 [s0-client-thread1] TRACE segmented.SegmentedRaftLogCache (AutoCloseableReadWriteLock.java:logLocking(65)) - s0@group-E8AE2E048FCA: readLock RELEASED 0 by SegmentedRaftLogCache$LogSegmentList.countCached
2022-07-14 02:38:07,294 [s0-client-thread1] TRACE segmented.SegmentedRaftLogCache (AutoCloseableReadWriteLock.java:logLocking(65)) - s0@group-E8AE2E048FCA: readLock ACQUIRED 1 by SegmentedRaftLogCache$LogSegmentList.getTotalCacheSize
2022-07-14 02:38:07,294 [s0-client-thread1] TRACE segmented.SegmentedRaftLogCache (AutoCloseableReadWriteLock.java:logLocking(65)) - s0@group-E8AE2E048FCA: readLock RELEASED 0 by SegmentedRaftLogCache$LogSegmentList.getTotalCacheSize
2022-07-14 02:38:07,294 [s0-client-thread1] DEBUG segmented.SegmentedRaftLogWorker (SegmentedRaftLogWorker.java:addIOTask(270)) - s0@group-E8AE2E048FCA-SegmentedRaftLogWorker adds IO task WriteLog:65: (t:1, i:65), STATEMACHINELOGENTRY, StateMachineLogEntryProto:360@client-4187B1F4E061
2022-07-14 02:38:07,294 [s0@group-E8AE2E048FCA-SegmentedRaftLogWorker] DEBUG segmented.SegmentedRaftLogWorker (SegmentedRaftLogWorker.java:flushIfNecessary(365)) - s0@group-E8AE2E048FCA-SegmentedRaftLogWorker: flush SegmentedRaftLogOutputStream(/home/runner/work/ratis/ratis/ratis-test/target/test/data/f69c223b/MiniRaftClusterWithSimulatedRpc37250022/s0/24813b6b-21de-410f-95d3-e8ae2e048fca/current/log_inprogress_0)
2022-07-14 02:38:07,294 [s0@group-E8AE2E048FCA-LeaderStateImpl] TRACE segmented.SegmentedRaftLogCache (AutoCloseableReadWriteLock.java:logLocking(65)) - s0@group-E8AE2E048FCA: readLock ACQUIRED 1 by SegmentedRaftLogCache.getStartIndex
2022-07-14 02:38:07,294 [s0@group-E8AE2E048FCA-LeaderStateImpl] TRACE segmented.SegmentedRaftLogCache (AutoCloseableReadWriteLock.java:logLocking(65)) -   s0@group-E8AE2E048FCA: readLock ACQUIRED 2 by SegmentedRaftLogCache$LogSegmentList.isEmpty
2022-07-14 02:38:07,294 [s0@group-E8AE2E048FCA-LeaderStateImpl] TRACE segmented.SegmentedRaftLogCache (AutoCloseableReadWriteLock.java:logLocking(65)) -   s0@group-E8AE2E048FCA: readLock RELEASED 1 by SegmentedRaftLogCache$LogSegmentList.isEmpty
2022-07-14 02:38:07,295 [s0@group-E8AE2E048FCA-LeaderStateImpl] TRACE segmented.SegmentedRaftLogCache (AutoCloseableReadWriteLock.java:logLocking(65)) - s0@group-E8AE2E048FCA: readLock RELEASED 0 by SegmentedRaftLogCache.getStartIndex
2022-07-14 02:38:07,295 [s0@group-E8AE2E048FCA-LeaderStateImpl] TRACE segmented.SegmentedRaftLogCache (AutoCloseableReadWriteLock.java:logLocking(65)) - s0@group-E8AE2E048FCA: readLock ACQUIRED 1 by SegmentedRaftLogCache.getEndIndex
2022-07-14 02:38:07,295 [s0@group-E8AE2E048FCA-LeaderStateImpl] TRACE segmented.SegmentedRaftLogCache (AutoCloseableReadWriteLock.java:logLocking(65)) - s0@group-E8AE2E048FCA: readLock RELEASED 0 by SegmentedRaftLogCache.getEndIndex
2022-07-14 02:38:07,295 [s0@group-E8AE2E048FCA-LeaderStateImpl] TRACE segmented.SegmentedRaftLogCache (AutoCloseableReadWriteLock.java:logLocking(65)) - s0@group-E8AE2E048FCA: readLock ACQUIRED 1 by SegmentedRaftLogCache$LogSegmentList.getTermIndex
2022-07-14 02:38:07,295 [s0@group-E8AE2E048FCA-LeaderStateImpl] TRACE segmented.SegmentedRaftLogCache (AutoCloseableReadWriteLock.java:logLocking(65)) - s0@group-E8AE2E048FCA: readLock RELEASED 0 by SegmentedRaftLogCache$LogSegmentList.getTermIndex
2022-07-14 02:38:07,298 [s0@group-E8AE2E048FCA-LeaderStateImpl] TRACE segmented.SegmentedRaftLogCache (AutoCloseableReadWriteLock.java:logLocking(65)) - s0@group-E8AE2E048FCA: readLock ACQUIRED 1 by SegmentedRaftLogCache.getStartIndex
2022-07-14 02:38:07,299 [s0@group-E8AE2E048FCA-LeaderStateImpl] TRACE segmented.SegmentedRaftLogCache (AutoCloseableReadWriteLock.java:logLocking(65)) -   s0@group-E8AE2E048FCA: readLock ACQUIRED 2 by SegmentedRaftLogCache$LogSegmentList.isEmpty
2022-07-14 02:38:07,299 [s0@group-E8AE2E048FCA-LeaderStateImpl] TRACE segmented.SegmentedRaftLogCache (AutoCloseableReadWriteLock.java:logLocking(65)) -   s0@group-E8AE2E048FCA: readLock RELEASED 1 by SegmentedRaftLogCache$LogSegmentList.isEmpty
2022-07-14 02:38:07,299 [s0@group-E8AE2E048FCA-LeaderStateImpl] TRACE segmented.SegmentedRaftLogCache (AutoCloseableReadWriteLock.java:logLocking(65)) - s0@group-E8AE2E048FCA: readLock RELEASED 0 by SegmentedRaftLogCache.getStartIndex
2022-07-14 02:38:07,299 [s0@group-E8AE2E048FCA-LeaderStateImpl] TRACE segmented.SegmentedRaftLogCache (AutoCloseableReadWriteLock.java:logLocking(65)) - s0@group-E8AE2E048FCA: readLock ACQUIRED 1 by SegmentedRaftLogCache.getEndIndex
2022-07-14 02:38:07,299 [s0@group-E8AE2E048FCA-LeaderStateImpl] TRACE segmented.SegmentedRaftLogCache (AutoCloseableReadWriteLock.java:logLocking(65)) - s0@group-E8AE2E048FCA: readLock RELEASED 0 by SegmentedRaftLogCache.getEndIndex
2022-07-14 02:38:07,299 [s0@group-E8AE2E048FCA-LeaderStateImpl] TRACE segmented.SegmentedRaftLogCache (AutoCloseableReadWriteLock.java:logLocking(65)) - s0@group-E8AE2E048FCA: readLock ACQUIRED 1 by SegmentedRaftLogCache$LogSegmentList.getTermIndex
2022-07-14 02:38:07,299 [s0@group-E8AE2E048FCA-LeaderStateImpl] TRACE segmented.SegmentedRaftLogCache (AutoCloseableReadWriteLock.java:logLocking(65)) - s0@group-E8AE2E048FCA: readLock RELEASED 0 by SegmentedRaftLogCache$LogSegmentList.getTermIndex
2022-07-14 02:38:07,299 [s0@group-E8AE2E048FCA-LeaderStateImpl] TRACE segmented.SegmentedRaftLogCache (AutoCloseableReadWriteLock.java:logLocking(65)) - s0@group-E8AE2E048FCA: readLock ACQUIRED 1 by SegmentedRaftLogCache.getLastTermIndex
2022-07-14 02:38:07,299 [s0@group-E8AE2E048FCA-LeaderStateImpl] TRACE segmented.SegmentedRaftLogCache (AutoCloseableReadWriteLock.java:logLocking(65)) - s0@group-E8AE2E048FCA: readLock RELEASED 0 by SegmentedRaftLogCache.getLastTermIndex
2022-07-14 02:38:07,299 [s0@group-E8AE2E048FCA-LeaderStateImpl] TRACE segmented.SegmentedRaftLogCache (AutoCloseableReadWriteLock.java:logLocking(65)) - s0@group-E8AE2E048FCA: readLock ACQUIRED 1 by SegmentedRaftLogCache$LogSegmentList.countCached
2022-07-14 02:38:07,300 [s0@group-E8AE2E048FCA-LeaderStateImpl] TRACE segmented.SegmentedRaftLogCache (AutoCloseableReadWriteLock.java:logLocking(65)) - s0@group-E8AE2E048FCA: readLock RELEASED 0 by SegmentedRaftLogCache$LogSegmentList.countCached
2022-07-14 02:38:07,300 [s0@group-E8AE2E048FCA-LeaderStateImpl] TRACE segmented.SegmentedRaftLogCache (AutoCloseableReadWriteLock.java:logLocking(65)) - s0@group-E8AE2E048FCA: readLock ACQUIRED 1 by SegmentedRaftLogCache$LogSegmentList.getTotalCacheSize
2022-07-14 02:38:07,300 [s0@group-E8AE2E048FCA-LeaderStateImpl] TRACE segmented.SegmentedRaftLogCache (AutoCloseableReadWriteLock.java:logLocking(65)) - s0@group-E8AE2E048FCA: readLock RELEASED 0 by SegmentedRaftLogCache$LogSegmentList.getTotalCacheSize
2022-07-14 02:38:07,300 [s0@group-E8AE2E048FCA-LeaderStateImpl] DEBUG segmented.SegmentedRaftLogWorker (SegmentedRaftLogWorker.java:addIOTask(270)) - s0@group-E8AE2E048FCA-SegmentedRaftLogWorker adds IO task WriteLog:66: (t:1, i:66), METADATAENTRY(c:65)
2022-07-14 02:38:07,300 [s0@group-E8AE2E048FCA-SegmentedRaftLogWorker] DEBUG segmented.SegmentedRaftLogWorker (SegmentedRaftLogWorker.java:flushIfNecessary(365)) - s0@group-E8AE2E048FCA-SegmentedRaftLogWorker: flush SegmentedRaftLogOutputStream(/home/runner/work/ratis/ratis/ratis-test/target/test/data/f69c223b/MiniRaftClusterWithSimulatedRpc37250022/s0/24813b6b-21de-410f-95d3-e8ae2e048fca/current/log_inprogress_0)
2022-07-14 02:38:07,300 [s0@group-E8AE2E048FCA-StateMachineUpdater] INFO  statemachine.SimpleStateMachine4Testing (SimpleStateMachine4Testing.java:put(204)) - s0: put 65, m32 -> (t:1, i:65), STATEMACHINELOGENTRY, 360@client-4187B1F4E061
2022-07-14 02:38:07,300 [s0-client-thread1] TRACE segmented.SegmentedRaftLogCache (AutoCloseableReadWriteLock.java:logLocking(65)) - s0@group-E8AE2E048FCA: readLock ACQUIRED 1 by SegmentedRaftLogCache.getLastTermIndex
2022-07-14 02:38:07,300 [s0-client-thread1] TRACE segmented.SegmentedRaftLogCache (AutoCloseableReadWriteLock.java:logLocking(65)) - s0@group-E8AE2E048FCA: readLock RELEASED 0 by SegmentedRaftLogCache.getLastTermIndex
2022-07-14 02:38:07,300 [s0-client-thread1] TRACE segmented.SegmentedRaftLogCache (AutoCloseableReadWriteLock.java:logLocking(65)) - s0@group-E8AE2E048FCA: readLock ACQUIRED 1 by SegmentedRaftLogCache.getLastTermIndex
2022-07-14 02:38:07,301 [s0-client-thread1] TRACE segmented.SegmentedRaftLogCache (AutoCloseableReadWriteLock.java:logLocking(65)) - s0@group-E8AE2E048FCA: readLock RELEASED 0 by SegmentedRaftLogCache.getLastTermIndex
2022-07-14 02:38:07,301 [s0-client-thread1] TRACE segmented.SegmentedRaftLogCache (AutoCloseableReadWriteLock.java:logLocking(65)) - s0@group-E8AE2E048FCA: readLock ACQUIRED 1 by SegmentedRaftLogCache$LogSegmentList.countCached
2022-07-14 02:38:07,301 [s0-client-thread1] TRACE segmented.SegmentedRaftLogCache (AutoCloseableReadWriteLock.java:logLocking(65)) - s0@group-E8AE2E048FCA: readLock RELEASED 0 by SegmentedRaftLogCache$LogSegmentList.countCached
2022-07-14 02:38:07,301 [s0-client-thread1] TRACE segmented.SegmentedRaftLogCache (AutoCloseableReadWriteLock.java:logLocking(65)) - s0@group-E8AE2E048FCA: readLock ACQUIRED 1 by SegmentedRaftLogCache$LogSegmentList.getTotalCacheSize
2022-07-14 02:38:07,301 [s0-client-thread1] TRACE segmented.SegmentedRaftLogCache (AutoCloseableReadWriteLock.java:logLocking(65)) - s0@group-E8AE2E048FCA: readLock RELEASED 0 by SegmentedRaftLogCache$LogSegmentList.getTotalCacheSize
2022-07-14 02:38:07,301 [s0-client-thread1] DEBUG segmented.SegmentedRaftLogWorker (SegmentedRaftLogWorker.java:addIOTask(270)) - s0@group-E8AE2E048FCA-SegmentedRaftLogWorker adds IO task WriteLog:67: (t:1, i:67), STATEMACHINELOGENTRY, StateMachineLogEntryProto:361@client-4187B1F4E061
2022-07-14 02:38:07,302 [s0@group-E8AE2E048FCA-SegmentedRaftLogWorker] DEBUG segmented.SegmentedRaftLogWorker (SegmentedRaftLogWorker.java:flushIfNecessary(365)) - s0@group-E8AE2E048FCA-SegmentedRaftLogWorker: flush SegmentedRaftLogOutputStream(/home/runner/work/ratis/ratis/ratis-test/target/test/data/f69c223b/MiniRaftClusterWithSimulatedRpc37250022/s0/24813b6b-21de-410f-95d3-e8ae2e048fca/current/log_inprogress_0)
2022-07-14 02:38:07,303 [s0@group-E8AE2E048FCA-LeaderStateImpl] TRACE segmented.SegmentedRaftLogCache (AutoCloseableReadWriteLock.java:logLocking(65)) - s0@group-E8AE2E048FCA: readLock ACQUIRED 1 by SegmentedRaftLogCache.getStartIndex
2022-07-14 02:38:07,303 [s0@group-E8AE2E048FCA-LeaderStateImpl] TRACE segmented.SegmentedRaftLogCache (AutoCloseableReadWriteLock.java:logLocking(65)) -   s0@group-E8AE2E048FCA: readLock ACQUIRED 2 by SegmentedRaftLogCache$LogSegmentList.isEmpty
2022-07-14 02:38:07,303 [s0@group-E8AE2E048FCA-LeaderStateImpl] TRACE segmented.SegmentedRaftLogCache (AutoCloseableReadWriteLock.java:logLocking(65)) -   s0@group-E8AE2E048FCA: readLock RELEASED 1 by SegmentedRaftLogCache$LogSegmentList.isEmpty
2022-07-14 02:38:07,303 [s0@group-E8AE2E048FCA-LeaderStateImpl] TRACE segmented.SegmentedRaftLogCache (AutoCloseableReadWriteLock.java:logLocking(65)) - s0@group-E8AE2E048FCA: readLock RELEASED 0 by SegmentedRaftLogCache.getStartIndex
2022-07-14 02:38:07,303 [s0@group-E8AE2E048FCA-LeaderStateImpl] TRACE segmented.SegmentedRaftLogCache (AutoCloseableReadWriteLock.java:logLocking(65)) - s0@group-E8AE2E048FCA: readLock ACQUIRED 1 by SegmentedRaftLogCache.getEndIndex
2022-07-14 02:38:07,303 [s0@group-E8AE2E048FCA-LeaderStateImpl] TRACE segmented.SegmentedRaftLogCache (AutoCloseableReadWriteLock.java:logLocking(65)) - s0@group-E8AE2E048FCA: readLock RELEASED 0 by SegmentedRaftLogCache.getEndIndex
2022-07-14 02:38:07,303 [s0@group-E8AE2E048FCA-LeaderStateImpl] TRACE segmented.SegmentedRaftLogCache (AutoCloseableReadWriteLock.java:logLocking(65)) - s0@group-E8AE2E048FCA: readLock ACQUIRED 1 by SegmentedRaftLogCache$LogSegmentList.getTermIndex
2022-07-14 02:38:07,303 [s0@group-E8AE2E048FCA-LeaderStateImpl] TRACE segmented.SegmentedRaftLogCache (AutoCloseableReadWriteLock.java:logLocking(65)) - s0@group-E8AE2E048FCA: readLock RELEASED 0 by SegmentedRaftLogCache$LogSegmentList.getTermIndex
2022-07-14 02:38:07,303 [s0@group-E8AE2E048FCA-LeaderStateImpl] TRACE segmented.SegmentedRaftLogCache (AutoCloseableReadWriteLock.java:logLocking(65)) - s0@group-E8AE2E048FCA: readLock ACQUIRED 1 by SegmentedRaftLogCache.getStartIndex
2022-07-14 02:38:07,303 [s0@group-E8AE2E048FCA-LeaderStateImpl] TRACE segmented.SegmentedRaftLogCache (AutoCloseableReadWriteLock.java:logLocking(65)) -   s0@group-E8AE2E048FCA: readLock ACQUIRED 2 by SegmentedRaftLogCache$LogSegmentList.isEmpty
2022-07-14 02:38:07,303 [s0@group-E8AE2E048FCA-LeaderStateImpl] TRACE segmented.SegmentedRaftLogCache (AutoCloseableReadWriteLock.java:logLocking(65)) -   s0@group-E8AE2E048FCA: readLock RELEASED 1 by SegmentedRaftLogCache$LogSegmentList.isEmpty
2022-07-14 02:38:07,303 [s0@group-E8AE2E048FCA-LeaderStateImpl] TRACE segmented.SegmentedRaftLogCache (AutoCloseableReadWriteLock.java:logLocking(65)) - s0@group-E8AE2E048FCA: readLock RELEASED 0 by SegmentedRaftLogCache.getStartIndex
2022-07-14 02:38:07,303 [s0@group-E8AE2E048FCA-LeaderStateImpl] TRACE segmented.SegmentedRaftLogCache (AutoCloseableReadWriteLock.java:logLocking(65)) - s0@group-E8AE2E048FCA: readLock ACQUIRED 1 by SegmentedRaftLogCache.getEndIndex
2022-07-14 02:38:07,303 [s0@group-E8AE2E048FCA-LeaderStateImpl] TRACE segmented.SegmentedRaftLogCache (AutoCloseableReadWriteLock.java:logLocking(65)) - s0@group-E8AE2E048FCA: readLock RELEASED 0 by SegmentedRaftLogCache.getEndIndex
2022-07-14 02:38:07,303 [s0@group-E8AE2E048FCA-LeaderStateImpl] TRACE segmented.SegmentedRaftLogCache (AutoCloseableReadWriteLock.java:logLocking(65)) - s0@group-E8AE2E048FCA: readLock ACQUIRED 1 by SegmentedRaftLogCache$LogSegmentList.getTermIndex
2022-07-14 02:38:07,304 [s0@group-E8AE2E048FCA-LeaderStateImpl] TRACE segmented.SegmentedRaftLogCache (AutoCloseableReadWriteLock.java:logLocking(65)) - s0@group-E8AE2E048FCA: readLock RELEASED 0 by SegmentedRaftLogCache$LogSegmentList.getTermIndex
2022-07-14 02:38:07,304 [s0@group-E8AE2E048FCA-LeaderStateImpl] TRACE segmented.SegmentedRaftLogCache (AutoCloseableReadWriteLock.java:logLocking(65)) - s0@group-E8AE2E048FCA: readLock ACQUIRED 1 by SegmentedRaftLogCache.getLastTermIndex
2022-07-14 02:38:07,304 [s0@group-E8AE2E048FCA-LeaderStateImpl] TRACE segmented.SegmentedRaftLogCache (AutoCloseableReadWriteLock.java:logLocking(65)) - s0@group-E8AE2E048FCA: readLock RELEASED 0 by SegmentedRaftLogCache.getLastTermIndex
2022-07-14 02:38:07,304 [s0@group-E8AE2E048FCA-LeaderStateImpl] TRACE segmented.SegmentedRaftLogCache (AutoCloseableReadWriteLock.java:logLocking(65)) - s0@group-E8AE2E048FCA: readLock ACQUIRED 1 by SegmentedRaftLogCache$LogSegmentList.countCached
2022-07-14 02:38:07,304 [s0@group-E8AE2E048FCA-LeaderStateImpl] TRACE segmented.SegmentedRaftLogCache (AutoCloseableReadWriteLock.java:logLocking(65)) - s0@group-E8AE2E048FCA: readLock RELEASED 0 by SegmentedRaftLogCache$LogSegmentList.countCached
2022-07-14 02:38:07,304 [s0@group-E8AE2E048FCA-LeaderStateImpl] TRACE segmented.SegmentedRaftLogCache (AutoCloseableReadWriteLock.java:logLocking(65)) - s0@group-E8AE2E048FCA: readLock ACQUIRED 1 by SegmentedRaftLogCache$LogSegmentList.getTotalCacheSize
2022-07-14 02:38:07,304 [s0@group-E8AE2E048FCA-LeaderStateImpl] TRACE segmented.SegmentedRaftLogCache (AutoCloseableReadWriteLock.java:logLocking(65)) - s0@group-E8AE2E048FCA: readLock RELEASED 0 by SegmentedRaftLogCache$LogSegmentList.getTotalCacheSize
2022-07-14 02:38:07,304 [s0@group-E8AE2E048FCA-LeaderStateImpl] DEBUG segmented.SegmentedRaftLogWorker (SegmentedRaftLogWorker.java:addIOTask(270)) - s0@group-E8AE2E048FCA-SegmentedRaftLogWorker adds IO task WriteLog:68: (t:1, i:68), METADATAENTRY(c:67)
2022-07-14 02:38:07,304 [s0@group-E8AE2E048FCA-SegmentedRaftLogWorker] DEBUG segmented.SegmentedRaftLogWorker (SegmentedRaftLogWorker.java:flushIfNecessary(365)) - s0@group-E8AE2E048FCA-SegmentedRaftLogWorker: flush SegmentedRaftLogOutputStream(/home/runner/work/ratis/ratis/ratis-test/target/test/data/f69c223b/MiniRaftClusterWithSimulatedRpc37250022/s0/24813b6b-21de-410f-95d3-e8ae2e048fca/current/log_inprogress_0)
2022-07-14 02:38:07,304 [s0@group-E8AE2E048FCA-StateMachineUpdater] INFO  statemachine.SimpleStateMachine4Testing (SimpleStateMachine4Testing.java:put(204)) - s0: put 67, m33 -> (t:1, i:67), STATEMACHINELOGENTRY, 361@client-4187B1F4E061
2022-07-14 02:38:07,305 [s0-client-thread1] TRACE segmented.SegmentedRaftLogCache (AutoCloseableReadWriteLock.java:logLocking(65)) - s0@group-E8AE2E048FCA: readLock ACQUIRED 1 by SegmentedRaftLogCache.getLastTermIndex
2022-07-14 02:38:07,305 [s0-client-thread1] TRACE segmented.SegmentedRaftLogCache (AutoCloseableReadWriteLock.java:logLocking(65)) - s0@group-E8AE2E048FCA: readLock RELEASED 0 by SegmentedRaftLogCache.getLastTermIndex
2022-07-14 02:38:07,305 [s0-client-thread1] TRACE segmented.SegmentedRaftLogCache (AutoCloseableReadWriteLock.java:logLocking(65)) - s0@group-E8AE2E048FCA: readLock ACQUIRED 1 by SegmentedRaftLogCache.getLastTermIndex
2022-07-14 02:38:07,305 [s0-client-thread1] TRACE segmented.SegmentedRaftLogCache (AutoCloseableReadWriteLock.java:logLocking(65)) - s0@group-E8AE2E048FCA: readLock RELEASED 0 by SegmentedRaftLogCache.getLastTermIndex
2022-07-14 02:38:07,305 [s0-client-thread1] TRACE segmented.SegmentedRaftLogCache (AutoCloseableReadWriteLock.java:logLocking(65)) - s0@group-E8AE2E048FCA: readLock ACQUIRED 1 by SegmentedRaftLogCache$LogSegmentList.countCached
2022-07-14 02:38:07,305 [s0-client-thread1] TRACE segmented.SegmentedRaftLogCache (AutoCloseableReadWriteLock.java:logLocking(65)) - s0@group-E8AE2E048FCA: readLock RELEASED 0 by SegmentedRaftLogCache$LogSegmentList.countCached
2022-07-14 02:38:07,305 [s0-client-thread1] TRACE segmented.SegmentedRaftLogCache (AutoCloseableReadWriteLock.java:logLocking(65)) - s0@group-E8AE2E048FCA: readLock ACQUIRED 1 by SegmentedRaftLogCache$LogSegmentList.getTotalCacheSize
2022-07-14 02:38:07,305 [s0-client-thread1] TRACE segmented.SegmentedRaftLogCache (AutoCloseableReadWriteLock.java:logLocking(65)) - s0@group-E8AE2E048FCA: readLock RELEASED 0 by SegmentedRaftLogCache$LogSegmentList.getTotalCacheSize
2022-07-14 02:38:07,305 [s0-client-thread1] DEBUG segmented.SegmentedRaftLogWorker (SegmentedRaftLogWorker.java:addIOTask(270)) - s0@group-E8AE2E048FCA-SegmentedRaftLogWorker adds IO task WriteLog:69: (t:1, i:69), STATEMACHINELOGENTRY, StateMachineLogEntryProto:362@client-4187B1F4E061
2022-07-14 02:38:07,305 [s0@group-E8AE2E048FCA-SegmentedRaftLogWorker] DEBUG segmented.SegmentedRaftLogWorker (SegmentedRaftLogWorker.java:flushIfNecessary(365)) - s0@group-E8AE2E048FCA-SegmentedRaftLogWorker: flush SegmentedRaftLogOutputStream(/home/runner/work/ratis/ratis/ratis-test/target/test/data/f69c223b/MiniRaftClusterWithSimulatedRpc37250022/s0/24813b6b-21de-410f-95d3-e8ae2e048fca/current/log_inprogress_0)
2022-07-14 02:38:07,305 [s0@group-E8AE2E048FCA-LeaderStateImpl] TRACE segmented.SegmentedRaftLogCache (AutoCloseableReadWriteLock.java:logLocking(65)) - s0@group-E8AE2E048FCA: readLock ACQUIRED 1 by SegmentedRaftLogCache.getStartIndex
2022-07-14 02:38:07,306 [s0@group-E8AE2E048FCA-LeaderStateImpl] TRACE segmented.SegmentedRaftLogCache (AutoCloseableReadWriteLock.java:logLocking(65)) -   s0@group-E8AE2E048FCA: readLock ACQUIRED 2 by SegmentedRaftLogCache$LogSegmentList.isEmpty
2022-07-14 02:38:07,306 [s0@group-E8AE2E048FCA-LeaderStateImpl] TRACE segmented.SegmentedRaftLogCache (AutoCloseableReadWriteLock.java:logLocking(65)) -   s0@group-E8AE2E048FCA: readLock RELEASED 1 by SegmentedRaftLogCache$LogSegmentList.isEmpty
2022-07-14 02:38:07,306 [s0@group-E8AE2E048FCA-LeaderStateImpl] TRACE segmented.SegmentedRaftLogCache (AutoCloseableReadWriteLock.java:logLocking(65)) - s0@group-E8AE2E048FCA: readLock RELEASED 0 by SegmentedRaftLogCache.getStartIndex
2022-07-14 02:38:07,306 [s0@group-E8AE2E048FCA-LeaderStateImpl] TRACE segmented.SegmentedRaftLogCache (AutoCloseableReadWriteLock.java:logLocking(65)) - s0@group-E8AE2E048FCA: readLock ACQUIRED 1 by SegmentedRaftLogCache.getEndIndex
2022-07-14 02:38:07,306 [s0@group-E8AE2E048FCA-LeaderStateImpl] TRACE segmented.SegmentedRaftLogCache (AutoCloseableReadWriteLock.java:logLocking(65)) - s0@group-E8AE2E048FCA: readLock RELEASED 0 by SegmentedRaftLogCache.getEndIndex
2022-07-14 02:38:07,306 [s0@group-E8AE2E048FCA-LeaderStateImpl] TRACE segmented.SegmentedRaftLogCache (AutoCloseableReadWriteLock.java:logLocking(65)) - s0@group-E8AE2E048FCA: readLock ACQUIRED 1 by SegmentedRaftLogCache$LogSegmentList.getTermIndex
2022-07-14 02:38:07,306 [s0@group-E8AE2E048FCA-LeaderStateImpl] TRACE segmented.SegmentedRaftLogCache (AutoCloseableReadWriteLock.java:logLocking(65)) - s0@group-E8AE2E048FCA: readLock RELEASED 0 by SegmentedRaftLogCache$LogSegmentList.getTermIndex
2022-07-14 02:38:07,306 [s0@group-E8AE2E048FCA-LeaderStateImpl] TRACE segmented.SegmentedRaftLogCache (AutoCloseableReadWriteLock.java:logLocking(65)) - s0@group-E8AE2E048FCA: readLock ACQUIRED 1 by SegmentedRaftLogCache.getStartIndex
2022-07-14 02:38:07,306 [s0@group-E8AE2E048FCA-LeaderStateImpl] TRACE segmented.SegmentedRaftLogCache (AutoCloseableReadWriteLock.java:logLocking(65)) -   s0@group-E8AE2E048FCA: readLock ACQUIRED 2 by SegmentedRaftLogCache$LogSegmentList.isEmpty
2022-07-14 02:38:07,306 [s0@group-E8AE2E048FCA-LeaderStateImpl] TRACE segmented.SegmentedRaftLogCache (AutoCloseableReadWriteLock.java:logLocking(65)) -   s0@group-E8AE2E048FCA: readLock RELEASED 1 by SegmentedRaftLogCache$LogSegmentList.isEmpty
2022-07-14 02:38:07,306 [s0@group-E8AE2E048FCA-LeaderStateImpl] TRACE segmented.SegmentedRaftLogCache (AutoCloseableReadWriteLock.java:logLocking(65)) - s0@group-E8AE2E048FCA: readLock RELEASED 0 by SegmentedRaftLogCache.getStartIndex
2022-07-14 02:38:07,306 [s0@group-E8AE2E048FCA-LeaderStateImpl] TRACE segmented.SegmentedRaftLogCache (AutoCloseableReadWriteLock.java:logLocking(65)) - s0@group-E8AE2E048FCA: readLock ACQUIRED 1 by SegmentedRaftLogCache.getEndIndex
2022-07-14 02:38:07,306 [s0@group-E8AE2E048FCA-LeaderStateImpl] TRACE segmented.SegmentedRaftLogCache (AutoCloseableReadWriteLock.java:logLocking(65)) - s0@group-E8AE2E048FCA: readLock RELEASED 0 by SegmentedRaftLogCache.getEndIndex
2022-07-14 02:38:07,306 [s0@group-E8AE2E048FCA-LeaderStateImpl] TRACE segmented.SegmentedRaftLogCache (AutoCloseableReadWriteLock.java:logLocking(65)) - s0@group-E8AE2E048FCA: readLock ACQUIRED 1 by SegmentedRaftLogCache$LogSegmentList.getTermIndex
2022-07-14 02:38:07,306 [s0@group-E8AE2E048FCA-LeaderStateImpl] TRACE segmented.SegmentedRaftLogCache (AutoCloseableReadWriteLock.java:logLocking(65)) - s0@group-E8AE2E048FCA: readLock RELEASED 0 by SegmentedRaftLogCache$LogSegmentList.getTermIndex
2022-07-14 02:38:07,307 [s0@group-E8AE2E048FCA-LeaderStateImpl] TRACE segmented.SegmentedRaftLogCache (AutoCloseableReadWriteLock.java:logLocking(65)) - s0@group-E8AE2E048FCA: readLock ACQUIRED 1 by SegmentedRaftLogCache.getLastTermIndex
2022-07-14 02:38:07,307 [s0@group-E8AE2E048FCA-LeaderStateImpl] TRACE segmented.SegmentedRaftLogCache (AutoCloseableReadWriteLock.java:logLocking(65)) - s0@group-E8AE2E048FCA: readLock RELEASED 0 by SegmentedRaftLogCache.getLastTermIndex
2022-07-14 02:38:07,307 [s0@group-E8AE2E048FCA-LeaderStateImpl] TRACE segmented.SegmentedRaftLogCache (AutoCloseableReadWriteLock.java:logLocking(65)) - s0@group-E8AE2E048FCA: readLock ACQUIRED 1 by SegmentedRaftLogCache$LogSegmentList.countCached
2022-07-14 02:38:07,307 [s0@group-E8AE2E048FCA-LeaderStateImpl] TRACE segmented.SegmentedRaftLogCache (AutoCloseableReadWriteLock.java:logLocking(65)) - s0@group-E8AE2E048FCA: readLock RELEASED 0 by SegmentedRaftLogCache$LogSegmentList.countCached
2022-07-14 02:38:07,307 [s0@group-E8AE2E048FCA-LeaderStateImpl] TRACE segmented.SegmentedRaftLogCache (AutoCloseableReadWriteLock.java:logLocking(65)) - s0@group-E8AE2E048FCA: readLock ACQUIRED 1 by SegmentedRaftLogCache$LogSegmentList.getTotalCacheSize
2022-07-14 02:38:07,307 [s0@group-E8AE2E048FCA-LeaderStateImpl] TRACE segmented.SegmentedRaftLogCache (AutoCloseableReadWriteLock.java:logLocking(65)) - s0@group-E8AE2E048FCA: readLock RELEASED 0 by SegmentedRaftLogCache$LogSegmentList.getTotalCacheSize
2022-07-14 02:38:07,307 [s0@group-E8AE2E048FCA-LeaderStateImpl] DEBUG segmented.SegmentedRaftLogWorker (SegmentedRaftLogWorker.java:addIOTask(270)) - s0@group-E8AE2E048FCA-SegmentedRaftLogWorker adds IO task WriteLog:70: (t:1, i:70), METADATAENTRY(c:69)
2022-07-14 02:38:07,307 [s0@group-E8AE2E048FCA-StateMachineUpdater] INFO  statemachine.SimpleStateMachine4Testing (SimpleStateMachine4Testing.java:put(204)) - s0: put 69, m34 -> (t:1, i:69), STATEMACHINELOGENTRY, 362@client-4187B1F4E061
2022-07-14 02:38:07,307 [s0@group-E8AE2E048FCA-SegmentedRaftLogWorker] DEBUG segmented.SegmentedRaftLogWorker (SegmentedRaftLogWorker.java:flushIfNecessary(365)) - s0@group-E8AE2E048FCA-SegmentedRaftLogWorker: flush SegmentedRaftLogOutputStream(/home/runner/work/ratis/ratis/ratis-test/target/test/data/f69c223b/MiniRaftClusterWithSimulatedRpc37250022/s0/24813b6b-21de-410f-95d3-e8ae2e048fca/current/log_inprogress_0)
2022-07-14 02:38:07,308 [s0-client-thread1] TRACE segmented.SegmentedRaftLogCache (AutoCloseableReadWriteLock.java:logLocking(65)) - s0@group-E8AE2E048FCA: readLock ACQUIRED 1 by SegmentedRaftLogCache.getLastTermIndex
2022-07-14 02:38:07,308 [s0-client-thread1] TRACE segmented.SegmentedRaftLogCache (AutoCloseableReadWriteLock.java:logLocking(65)) - s0@group-E8AE2E048FCA: readLock RELEASED 0 by SegmentedRaftLogCache.getLastTermIndex
2022-07-14 02:38:07,308 [s0-client-thread1] TRACE segmented.SegmentedRaftLogCache (AutoCloseableReadWriteLock.java:logLocking(65)) - s0@group-E8AE2E048FCA: readLock ACQUIRED 1 by SegmentedRaftLogCache.getLastTermIndex
2022-07-14 02:38:07,308 [s0-client-thread1] TRACE segmented.SegmentedRaftLogCache (AutoCloseableReadWriteLock.java:logLocking(65)) - s0@group-E8AE2E048FCA: readLock RELEASED 0 by SegmentedRaftLogCache.getLastTermIndex
2022-07-14 02:38:07,308 [s0-client-thread1] TRACE segmented.SegmentedRaftLogCache (AutoCloseableReadWriteLock.java:logLocking(65)) - s0@group-E8AE2E048FCA: readLock ACQUIRED 1 by SegmentedRaftLogCache$LogSegmentList.countCached
2022-07-14 02:38:07,308 [s0-client-thread1] TRACE segmented.SegmentedRaftLogCache (AutoCloseableReadWriteLock.java:logLocking(65)) - s0@group-E8AE2E048FCA: readLock RELEASED 0 by SegmentedRaftLogCache$LogSegmentList.countCached
2022-07-14 02:38:07,308 [s0-client-thread1] TRACE segmented.SegmentedRaftLogCache (AutoCloseableReadWriteLock.java:logLocking(65)) - s0@group-E8AE2E048FCA: readLock ACQUIRED 1 by SegmentedRaftLogCache$LogSegmentList.getTotalCacheSize
2022-07-14 02:38:07,308 [s0-client-thread1] TRACE segmented.SegmentedRaftLogCache (AutoCloseableReadWriteLock.java:logLocking(65)) - s0@group-E8AE2E048FCA: readLock RELEASED 0 by SegmentedRaftLogCache$LogSegmentList.getTotalCacheSize
2022-07-14 02:38:07,308 [s0-client-thread1] DEBUG segmented.SegmentedRaftLogWorker (SegmentedRaftLogWorker.java:addIOTask(270)) - s0@group-E8AE2E048FCA-SegmentedRaftLogWorker adds IO task WriteLog:71: (t:1, i:71), STATEMACHINELOGENTRY, StateMachineLogEntryProto:363@client-4187B1F4E061
2022-07-14 02:38:07,308 [s0@group-E8AE2E048FCA-SegmentedRaftLogWorker] DEBUG segmented.SegmentedRaftLogWorker (SegmentedRaftLogWorker.java:flushIfNecessary(365)) - s0@group-E8AE2E048FCA-SegmentedRaftLogWorker: flush SegmentedRaftLogOutputStream(/home/runner/work/ratis/ratis/ratis-test/target/test/data/f69c223b/MiniRaftClusterWithSimulatedRpc37250022/s0/24813b6b-21de-410f-95d3-e8ae2e048fca/current/log_inprogress_0)
2022-07-14 02:38:07,308 [s0@group-E8AE2E048FCA-LeaderStateImpl] TRACE segmented.SegmentedRaftLogCache (AutoCloseableReadWriteLock.java:logLocking(65)) - s0@group-E8AE2E048FCA: readLock ACQUIRED 1 by SegmentedRaftLogCache.getStartIndex
2022-07-14 02:38:07,308 [s0@group-E8AE2E048FCA-LeaderStateImpl] TRACE segmented.SegmentedRaftLogCache (AutoCloseableReadWriteLock.java:logLocking(65)) -   s0@group-E8AE2E048FCA: readLock ACQUIRED 2 by SegmentedRaftLogCache$LogSegmentList.isEmpty
2022-07-14 02:38:07,308 [s0@group-E8AE2E048FCA-LeaderStateImpl] TRACE segmented.SegmentedRaftLogCache (AutoCloseableReadWriteLock.java:logLocking(65)) -   s0@group-E8AE2E048FCA: readLock RELEASED 1 by SegmentedRaftLogCache$LogSegmentList.isEmpty
2022-07-14 02:38:07,308 [s0@group-E8AE2E048FCA-LeaderStateImpl] TRACE segmented.SegmentedRaftLogCache (AutoCloseableReadWriteLock.java:logLocking(65)) - s0@group-E8AE2E048FCA: readLock RELEASED 0 by SegmentedRaftLogCache.getStartIndex
2022-07-14 02:38:07,308 [s0@group-E8AE2E048FCA-LeaderStateImpl] TRACE segmented.SegmentedRaftLogCache (AutoCloseableReadWriteLock.java:logLocking(65)) - s0@group-E8AE2E048FCA: readLock ACQUIRED 1 by SegmentedRaftLogCache.getEndIndex
2022-07-14 02:38:07,308 [s0@group-E8AE2E048FCA-LeaderStateImpl] TRACE segmented.SegmentedRaftLogCache (AutoCloseableReadWriteLock.java:logLocking(65)) - s0@group-E8AE2E048FCA: readLock RELEASED 0 by SegmentedRaftLogCache.getEndIndex
2022-07-14 02:38:07,309 [s0@group-E8AE2E048FCA-LeaderStateImpl] TRACE segmented.SegmentedRaftLogCache (AutoCloseableReadWriteLock.java:logLocking(65)) - s0@group-E8AE2E048FCA: readLock ACQUIRED 1 by SegmentedRaftLogCache$LogSegmentList.getTermIndex
2022-07-14 02:38:07,309 [s0@group-E8AE2E048FCA-LeaderStateImpl] TRACE segmented.SegmentedRaftLogCache (AutoCloseableReadWriteLock.java:logLocking(65)) - s0@group-E8AE2E048FCA: readLock RELEASED 0 by SegmentedRaftLogCache$LogSegmentList.getTermIndex
2022-07-14 02:38:07,309 [s0@group-E8AE2E048FCA-LeaderStateImpl] TRACE segmented.SegmentedRaftLogCache (AutoCloseableReadWriteLock.java:logLocking(65)) - s0@group-E8AE2E048FCA: readLock ACQUIRED 1 by SegmentedRaftLogCache.getStartIndex
2022-07-14 02:38:07,309 [s0@group-E8AE2E048FCA-LeaderStateImpl] TRACE segmented.SegmentedRaftLogCache (AutoCloseableReadWriteLock.java:logLocking(65)) -   s0@group-E8AE2E048FCA: readLock ACQUIRED 2 by SegmentedRaftLogCache$LogSegmentList.isEmpty
2022-07-14 02:38:07,309 [s0@group-E8AE2E048FCA-LeaderStateImpl] TRACE segmented.SegmentedRaftLogCache (AutoCloseableReadWriteLock.java:logLocking(65)) -   s0@group-E8AE2E048FCA: readLock RELEASED 1 by SegmentedRaftLogCache$LogSegmentList.isEmpty
2022-07-14 02:38:07,309 [s0@group-E8AE2E048FCA-LeaderStateImpl] TRACE segmented.SegmentedRaftLogCache (AutoCloseableReadWriteLock.java:logLocking(65)) - s0@group-E8AE2E048FCA: readLock RELEASED 0 by SegmentedRaftLogCache.getStartIndex
2022-07-14 02:38:07,310 [s0@group-E8AE2E048FCA-LeaderStateImpl] TRACE segmented.SegmentedRaftLogCache (AutoCloseableReadWriteLock.java:logLocking(65)) - s0@group-E8AE2E048FCA: readLock ACQUIRED 1 by SegmentedRaftLogCache.getEndIndex
2022-07-14 02:38:07,310 [s0@group-E8AE2E048FCA-LeaderStateImpl] TRACE segmented.SegmentedRaftLogCache (AutoCloseableReadWriteLock.java:logLocking(65)) - s0@group-E8AE2E048FCA: readLock RELEASED 0 by SegmentedRaftLogCache.getEndIndex
2022-07-14 02:38:07,310 [s0@group-E8AE2E048FCA-LeaderStateImpl] TRACE segmented.SegmentedRaftLogCache (AutoCloseableReadWriteLock.java:logLocking(65)) - s0@group-E8AE2E048FCA: readLock ACQUIRED 1 by SegmentedRaftLogCache$LogSegmentList.getTermIndex
2022-07-14 02:38:07,310 [s0@group-E8AE2E048FCA-LeaderStateImpl] TRACE segmented.SegmentedRaftLogCache (AutoCloseableReadWriteLock.java:logLocking(65)) - s0@group-E8AE2E048FCA: readLock RELEASED 0 by SegmentedRaftLogCache$LogSegmentList.getTermIndex
2022-07-14 02:38:07,310 [s0@group-E8AE2E048FCA-LeaderStateImpl] TRACE segmented.SegmentedRaftLogCache (AutoCloseableReadWriteLock.java:logLocking(65)) - s0@group-E8AE2E048FCA: readLock ACQUIRED 1 by SegmentedRaftLogCache.getLastTermIndex
2022-07-14 02:38:07,310 [s0@group-E8AE2E048FCA-LeaderStateImpl] TRACE segmented.SegmentedRaftLogCache (AutoCloseableReadWriteLock.java:logLocking(65)) - s0@group-E8AE2E048FCA: readLock RELEASED 0 by SegmentedRaftLogCache.getLastTermIndex
2022-07-14 02:38:07,310 [s0@group-E8AE2E048FCA-LeaderStateImpl] TRACE segmented.SegmentedRaftLogCache (AutoCloseableReadWriteLock.java:logLocking(65)) - s0@group-E8AE2E048FCA: readLock ACQUIRED 1 by SegmentedRaftLogCache$LogSegmentList.countCached
2022-07-14 02:38:07,310 [s0@group-E8AE2E048FCA-LeaderStateImpl] TRACE segmented.SegmentedRaftLogCache (AutoCloseableReadWriteLock.java:logLocking(65)) - s0@group-E8AE2E048FCA: readLock RELEASED 0 by SegmentedRaftLogCache$LogSegmentList.countCached
2022-07-14 02:38:07,310 [s0@group-E8AE2E048FCA-LeaderStateImpl] TRACE segmented.SegmentedRaftLogCache (AutoCloseableReadWriteLock.java:logLocking(65)) - s0@group-E8AE2E048FCA: readLock ACQUIRED 1 by SegmentedRaftLogCache$LogSegmentList.getTotalCacheSize
2022-07-14 02:38:07,310 [s0@group-E8AE2E048FCA-LeaderStateImpl] TRACE segmented.SegmentedRaftLogCache (AutoCloseableReadWriteLock.java:logLocking(65)) - s0@group-E8AE2E048FCA: readLock RELEASED 0 by SegmentedRaftLogCache$LogSegmentList.getTotalCacheSize
2022-07-14 02:38:07,310 [s0@group-E8AE2E048FCA-LeaderStateImpl] DEBUG segmented.SegmentedRaftLogWorker (SegmentedRaftLogWorker.java:addIOTask(270)) - s0@group-E8AE2E048FCA-SegmentedRaftLogWorker adds IO task WriteLog:72: (t:1, i:72), METADATAENTRY(c:71)
2022-07-14 02:38:07,310 [s0@group-E8AE2E048FCA-SegmentedRaftLogWorker] DEBUG segmented.SegmentedRaftLogWorker (SegmentedRaftLogWorker.java:flushIfNecessary(365)) - s0@group-E8AE2E048FCA-SegmentedRaftLogWorker: flush SegmentedRaftLogOutputStream(/home/runner/work/ratis/ratis/ratis-test/target/test/data/f69c223b/MiniRaftClusterWithSimulatedRpc37250022/s0/24813b6b-21de-410f-95d3-e8ae2e048fca/current/log_inprogress_0)
2022-07-14 02:38:07,310 [s0@group-E8AE2E048FCA-StateMachineUpdater] INFO  statemachine.SimpleStateMachine4Testing (SimpleStateMachine4Testing.java:put(204)) - s0: put 71, m35 -> (t:1, i:71), STATEMACHINELOGENTRY, 363@client-4187B1F4E061
2022-07-14 02:38:07,311 [s0-client-thread1] TRACE segmented.SegmentedRaftLogCache (AutoCloseableReadWriteLock.java:logLocking(65)) - s0@group-E8AE2E048FCA: readLock ACQUIRED 1 by SegmentedRaftLogCache.getLastTermIndex
2022-07-14 02:38:07,311 [s0-client-thread1] TRACE segmented.SegmentedRaftLogCache (AutoCloseableReadWriteLock.java:logLocking(65)) - s0@group-E8AE2E048FCA: readLock RELEASED 0 by SegmentedRaftLogCache.getLastTermIndex
2022-07-14 02:38:07,311 [s0-client-thread1] TRACE segmented.SegmentedRaftLogCache (AutoCloseableReadWriteLock.java:logLocking(65)) - s0@group-E8AE2E048FCA: readLock ACQUIRED 1 by SegmentedRaftLogCache.getLastTermIndex
2022-07-14 02:38:07,311 [s0-client-thread1] TRACE segmented.SegmentedRaftLogCache (AutoCloseableReadWriteLock.java:logLocking(65)) - s0@group-E8AE2E048FCA: readLock RELEASED 0 by SegmentedRaftLogCache.getLastTermIndex
2022-07-14 02:38:07,311 [s0-client-thread1] TRACE segmented.SegmentedRaftLogCache (AutoCloseableReadWriteLock.java:logLocking(65)) - s0@group-E8AE2E048FCA: readLock ACQUIRED 1 by SegmentedRaftLogCache$LogSegmentList.countCached
2022-07-14 02:38:07,311 [s0-client-thread1] TRACE segmented.SegmentedRaftLogCache (AutoCloseableReadWriteLock.java:logLocking(65)) - s0@group-E8AE2E048FCA: readLock RELEASED 0 by SegmentedRaftLogCache$LogSegmentList.countCached
2022-07-14 02:38:07,311 [s0-client-thread1] TRACE segmented.SegmentedRaftLogCache (AutoCloseableReadWriteLock.java:logLocking(65)) - s0@group-E8AE2E048FCA: readLock ACQUIRED 1 by SegmentedRaftLogCache$LogSegmentList.getTotalCacheSize
2022-07-14 02:38:07,311 [s0-client-thread1] TRACE segmented.SegmentedRaftLogCache (AutoCloseableReadWriteLock.java:logLocking(65)) - s0@group-E8AE2E048FCA: readLock RELEASED 0 by SegmentedRaftLogCache$LogSegmentList.getTotalCacheSize
2022-07-14 02:38:07,311 [s0-client-thread1] DEBUG segmented.SegmentedRaftLogWorker (SegmentedRaftLogWorker.java:addIOTask(270)) - s0@group-E8AE2E048FCA-SegmentedRaftLogWorker adds IO task WriteLog:73: (t:1, i:73), STATEMACHINELOGENTRY, StateMachineLogEntryProto:364@client-4187B1F4E061
2022-07-14 02:38:07,311 [s0@group-E8AE2E048FCA-SegmentedRaftLogWorker] DEBUG segmented.SegmentedRaftLogWorker (SegmentedRaftLogWorker.java:flushIfNecessary(365)) - s0@group-E8AE2E048FCA-SegmentedRaftLogWorker: flush SegmentedRaftLogOutputStream(/home/runner/work/ratis/ratis/ratis-test/target/test/data/f69c223b/MiniRaftClusterWithSimulatedRpc37250022/s0/24813b6b-21de-410f-95d3-e8ae2e048fca/current/log_inprogress_0)
2022-07-14 02:38:07,311 [s0@group-E8AE2E048FCA-LeaderStateImpl] TRACE segmented.SegmentedRaftLogCache (AutoCloseableReadWriteLock.java:logLocking(65)) - s0@group-E8AE2E048FCA: readLock ACQUIRED 1 by SegmentedRaftLogCache.getStartIndex
2022-07-14 02:38:07,312 [s0@group-E8AE2E048FCA-LeaderStateImpl] TRACE segmented.SegmentedRaftLogCache (AutoCloseableReadWriteLock.java:logLocking(65)) -   s0@group-E8AE2E048FCA: readLock ACQUIRED 2 by SegmentedRaftLogCache$LogSegmentList.isEmpty
2022-07-14 02:38:07,312 [s0@group-E8AE2E048FCA-LeaderStateImpl] TRACE segmented.SegmentedRaftLogCache (AutoCloseableReadWriteLock.java:logLocking(65)) -   s0@group-E8AE2E048FCA: readLock RELEASED 1 by SegmentedRaftLogCache$LogSegmentList.isEmpty
2022-07-14 02:38:07,312 [s0@group-E8AE2E048FCA-LeaderStateImpl] TRACE segmented.SegmentedRaftLogCache (AutoCloseableReadWriteLock.java:logLocking(65)) - s0@group-E8AE2E048FCA: readLock RELEASED 0 by SegmentedRaftLogCache.getStartIndex
2022-07-14 02:38:07,312 [s0@group-E8AE2E048FCA-LeaderStateImpl] TRACE segmented.SegmentedRaftLogCache (AutoCloseableReadWriteLock.java:logLocking(65)) - s0@group-E8AE2E048FCA: readLock ACQUIRED 1 by SegmentedRaftLogCache.getEndIndex
2022-07-14 02:38:07,312 [s0@group-E8AE2E048FCA-LeaderStateImpl] TRACE segmented.SegmentedRaftLogCache (AutoCloseableReadWriteLock.java:logLocking(65)) - s0@group-E8AE2E048FCA: readLock RELEASED 0 by SegmentedRaftLogCache.getEndIndex
2022-07-14 02:38:07,312 [s0@group-E8AE2E048FCA-LeaderStateImpl] TRACE segmented.SegmentedRaftLogCache (AutoCloseableReadWriteLock.java:logLocking(65)) - s0@group-E8AE2E048FCA: readLock ACQUIRED 1 by SegmentedRaftLogCache$LogSegmentList.getTermIndex
2022-07-14 02:38:07,312 [s0@group-E8AE2E048FCA-LeaderStateImpl] TRACE segmented.SegmentedRaftLogCache (AutoCloseableReadWriteLock.java:logLocking(65)) - s0@group-E8AE2E048FCA: readLock RELEASED 0 by SegmentedRaftLogCache$LogSegmentList.getTermIndex
2022-07-14 02:38:07,313 [s0@group-E8AE2E048FCA-LeaderStateImpl] TRACE segmented.SegmentedRaftLogCache (AutoCloseableReadWriteLock.java:logLocking(65)) - s0@group-E8AE2E048FCA: readLock ACQUIRED 1 by SegmentedRaftLogCache.getStartIndex
2022-07-14 02:38:07,313 [s0@group-E8AE2E048FCA-LeaderStateImpl] TRACE segmented.SegmentedRaftLogCache (AutoCloseableReadWriteLock.java:logLocking(65)) -   s0@group-E8AE2E048FCA: readLock ACQUIRED 2 by SegmentedRaftLogCache$LogSegmentList.isEmpty
2022-07-14 02:38:07,313 [s0@group-E8AE2E048FCA-LeaderStateImpl] TRACE segmented.SegmentedRaftLogCache (AutoCloseableReadWriteLock.java:logLocking(65)) -   s0@group-E8AE2E048FCA: readLock RELEASED 1 by SegmentedRaftLogCache$LogSegmentList.isEmpty
2022-07-14 02:38:07,313 [s0@group-E8AE2E048FCA-LeaderStateImpl] TRACE segmented.SegmentedRaftLogCache (AutoCloseableReadWriteLock.java:logLocking(65)) - s0@group-E8AE2E048FCA: readLock RELEASED 0 by SegmentedRaftLogCache.getStartIndex
2022-07-14 02:38:07,313 [s0@group-E8AE2E048FCA-LeaderStateImpl] TRACE segmented.SegmentedRaftLogCache (AutoCloseableReadWriteLock.java:logLocking(65)) - s0@group-E8AE2E048FCA: readLock ACQUIRED 1 by SegmentedRaftLogCache.getEndIndex
2022-07-14 02:38:07,313 [s0@group-E8AE2E048FCA-LeaderStateImpl] TRACE segmented.SegmentedRaftLogCache (AutoCloseableReadWriteLock.java:logLocking(65)) - s0@group-E8AE2E048FCA: readLock RELEASED 0 by SegmentedRaftLogCache.getEndIndex
2022-07-14 02:38:07,313 [s0@group-E8AE2E048FCA-LeaderStateImpl] TRACE segmented.SegmentedRaftLogCache (AutoCloseableReadWriteLock.java:logLocking(65)) - s0@group-E8AE2E048FCA: readLock ACQUIRED 1 by SegmentedRaftLogCache$LogSegmentList.getTermIndex
2022-07-14 02:38:07,313 [s0@group-E8AE2E048FCA-LeaderStateImpl] TRACE segmented.SegmentedRaftLogCache (AutoCloseableReadWriteLock.java:logLocking(65)) - s0@group-E8AE2E048FCA: readLock RELEASED 0 by SegmentedRaftLogCache$LogSegmentList.getTermIndex
2022-07-14 02:38:07,313 [s0@group-E8AE2E048FCA-LeaderStateImpl] TRACE segmented.SegmentedRaftLogCache (AutoCloseableReadWriteLock.java:logLocking(65)) - s0@group-E8AE2E048FCA: readLock ACQUIRED 1 by SegmentedRaftLogCache.getLastTermIndex
2022-07-14 02:38:07,313 [s0@group-E8AE2E048FCA-LeaderStateImpl] TRACE segmented.SegmentedRaftLogCache (AutoCloseableReadWriteLock.java:logLocking(65)) - s0@group-E8AE2E048FCA: readLock RELEASED 0 by SegmentedRaftLogCache.getLastTermIndex
2022-07-14 02:38:07,313 [s0@group-E8AE2E048FCA-StateMachineUpdater] INFO  statemachine.SimpleStateMachine4Testing (SimpleStateMachine4Testing.java:put(204)) - s0: put 73, m36 -> (t:1, i:73), STATEMACHINELOGENTRY, 364@client-4187B1F4E061
2022-07-14 02:38:07,313 [s0@group-E8AE2E048FCA-LeaderStateImpl] TRACE segmented.SegmentedRaftLogCache (AutoCloseableReadWriteLock.java:logLocking(65)) - s0@group-E8AE2E048FCA: readLock ACQUIRED 1 by SegmentedRaftLogCache$LogSegmentList.countCached
2022-07-14 02:38:07,313 [s0@group-E8AE2E048FCA-LeaderStateImpl] TRACE segmented.SegmentedRaftLogCache (AutoCloseableReadWriteLock.java:logLocking(65)) - s0@group-E8AE2E048FCA: readLock RELEASED 0 by SegmentedRaftLogCache$LogSegmentList.countCached
2022-07-14 02:38:07,314 [s0@group-E8AE2E048FCA-LeaderStateImpl] TRACE segmented.SegmentedRaftLogCache (AutoCloseableReadWriteLock.java:logLocking(65)) - s0@group-E8AE2E048FCA: readLock ACQUIRED 1 by SegmentedRaftLogCache$LogSegmentList.getTotalCacheSize
2022-07-14 02:38:07,314 [s0@group-E8AE2E048FCA-LeaderStateImpl] TRACE segmented.SegmentedRaftLogCache (AutoCloseableReadWriteLock.java:logLocking(65)) - s0@group-E8AE2E048FCA: readLock RELEASED 0 by SegmentedRaftLogCache$LogSegmentList.getTotalCacheSize
2022-07-14 02:38:07,314 [s0@group-E8AE2E048FCA-LeaderStateImpl] DEBUG segmented.SegmentedRaftLogWorker (SegmentedRaftLogWorker.java:addIOTask(270)) - s0@group-E8AE2E048FCA-SegmentedRaftLogWorker adds IO task WriteLog:74: (t:1, i:74), METADATAENTRY(c:73)
2022-07-14 02:38:07,314 [s0@group-E8AE2E048FCA-SegmentedRaftLogWorker] DEBUG segmented.SegmentedRaftLogWorker (SegmentedRaftLogWorker.java:flushIfNecessary(365)) - s0@group-E8AE2E048FCA-SegmentedRaftLogWorker: flush SegmentedRaftLogOutputStream(/home/runner/work/ratis/ratis/ratis-test/target/test/data/f69c223b/MiniRaftClusterWithSimulatedRpc37250022/s0/24813b6b-21de-410f-95d3-e8ae2e048fca/current/log_inprogress_0)
2022-07-14 02:38:07,314 [s0-client-thread1] TRACE segmented.SegmentedRaftLogCache (AutoCloseableReadWriteLock.java:logLocking(65)) - s0@group-E8AE2E048FCA: readLock ACQUIRED 1 by SegmentedRaftLogCache.getLastTermIndex
2022-07-14 02:38:07,314 [s0-client-thread1] TRACE segmented.SegmentedRaftLogCache (AutoCloseableReadWriteLock.java:logLocking(65)) - s0@group-E8AE2E048FCA: readLock RELEASED 0 by SegmentedRaftLogCache.getLastTermIndex
2022-07-14 02:38:07,314 [s0-client-thread1] TRACE segmented.SegmentedRaftLogCache (AutoCloseableReadWriteLock.java:logLocking(65)) - s0@group-E8AE2E048FCA: readLock ACQUIRED 1 by SegmentedRaftLogCache.getLastTermIndex
2022-07-14 02:38:07,314 [s0-client-thread1] TRACE segmented.SegmentedRaftLogCache (AutoCloseableReadWriteLock.java:logLocking(65)) - s0@group-E8AE2E048FCA: readLock RELEASED 0 by SegmentedRaftLogCache.getLastTermIndex
2022-07-14 02:38:07,314 [s0-client-thread1] TRACE segmented.SegmentedRaftLogCache (AutoCloseableReadWriteLock.java:logLocking(65)) - s0@group-E8AE2E048FCA: readLock ACQUIRED 1 by SegmentedRaftLogCache$LogSegmentList.countCached
2022-07-14 02:38:07,314 [s0-client-thread1] TRACE segmented.SegmentedRaftLogCache (AutoCloseableReadWriteLock.java:logLocking(65)) - s0@group-E8AE2E048FCA: readLock RELEASED 0 by SegmentedRaftLogCache$LogSegmentList.countCached
2022-07-14 02:38:07,314 [s0-client-thread1] TRACE segmented.SegmentedRaftLogCache (AutoCloseableReadWriteLock.java:logLocking(65)) - s0@group-E8AE2E048FCA: readLock ACQUIRED 1 by SegmentedRaftLogCache$LogSegmentList.getTotalCacheSize
2022-07-14 02:38:07,315 [s0-client-thread1] TRACE segmented.SegmentedRaftLogCache (AutoCloseableReadWriteLock.java:logLocking(65)) - s0@group-E8AE2E048FCA: readLock RELEASED 0 by SegmentedRaftLogCache$LogSegmentList.getTotalCacheSize
2022-07-14 02:38:07,315 [s0-client-thread1] DEBUG segmented.SegmentedRaftLogWorker (SegmentedRaftLogWorker.java:addIOTask(270)) - s0@group-E8AE2E048FCA-SegmentedRaftLogWorker adds IO task WriteLog:75: (t:1, i:75), STATEMACHINELOGENTRY, StateMachineLogEntryProto:365@client-4187B1F4E061
2022-07-14 02:38:07,315 [s0@group-E8AE2E048FCA-SegmentedRaftLogWorker] DEBUG segmented.SegmentedRaftLogWorker (SegmentedRaftLogWorker.java:flushIfNecessary(365)) - s0@group-E8AE2E048FCA-SegmentedRaftLogWorker: flush SegmentedRaftLogOutputStream(/home/runner/work/ratis/ratis/ratis-test/target/test/data/f69c223b/MiniRaftClusterWithSimulatedRpc37250022/s0/24813b6b-21de-410f-95d3-e8ae2e048fca/current/log_inprogress_0)
2022-07-14 02:38:07,315 [s0@group-E8AE2E048FCA-LeaderStateImpl] TRACE segmented.SegmentedRaftLogCache (AutoCloseableReadWriteLock.java:logLocking(65)) - s0@group-E8AE2E048FCA: readLock ACQUIRED 1 by SegmentedRaftLogCache.getStartIndex
2022-07-14 02:38:07,315 [s0@group-E8AE2E048FCA-LeaderStateImpl] TRACE segmented.SegmentedRaftLogCache (AutoCloseableReadWriteLock.java:logLocking(65)) -   s0@group-E8AE2E048FCA: readLock ACQUIRED 2 by SegmentedRaftLogCache$LogSegmentList.isEmpty
2022-07-14 02:38:07,315 [s0@group-E8AE2E048FCA-LeaderStateImpl] TRACE segmented.SegmentedRaftLogCache (AutoCloseableReadWriteLock.java:logLocking(65)) -   s0@group-E8AE2E048FCA: readLock RELEASED 1 by SegmentedRaftLogCache$LogSegmentList.isEmpty
2022-07-14 02:38:07,315 [s0@group-E8AE2E048FCA-LeaderStateImpl] TRACE segmented.SegmentedRaftLogCache (AutoCloseableReadWriteLock.java:logLocking(65)) - s0@group-E8AE2E048FCA: readLock RELEASED 0 by SegmentedRaftLogCache.getStartIndex
2022-07-14 02:38:07,315 [s0@group-E8AE2E048FCA-LeaderStateImpl] TRACE segmented.SegmentedRaftLogCache (AutoCloseableReadWriteLock.java:logLocking(65)) - s0@group-E8AE2E048FCA: readLock ACQUIRED 1 by SegmentedRaftLogCache.getEndIndex
2022-07-14 02:38:07,315 [s0@group-E8AE2E048FCA-LeaderStateImpl] TRACE segmented.SegmentedRaftLogCache (AutoCloseableReadWriteLock.java:logLocking(65)) - s0@group-E8AE2E048FCA: readLock RELEASED 0 by SegmentedRaftLogCache.getEndIndex
2022-07-14 02:38:07,315 [s0@group-E8AE2E048FCA-LeaderStateImpl] TRACE segmented.SegmentedRaftLogCache (AutoCloseableReadWriteLock.java:logLocking(65)) - s0@group-E8AE2E048FCA: readLock ACQUIRED 1 by SegmentedRaftLogCache$LogSegmentList.getTermIndex
2022-07-14 02:38:07,315 [s0@group-E8AE2E048FCA-LeaderStateImpl] TRACE segmented.SegmentedRaftLogCache (AutoCloseableReadWriteLock.java:logLocking(65)) - s0@group-E8AE2E048FCA: readLock RELEASED 0 by SegmentedRaftLogCache$LogSegmentList.getTermIndex
2022-07-14 02:38:07,315 [s0@group-E8AE2E048FCA-LeaderStateImpl] TRACE segmented.SegmentedRaftLogCache (AutoCloseableReadWriteLock.java:logLocking(65)) - s0@group-E8AE2E048FCA: readLock ACQUIRED 1 by SegmentedRaftLogCache.getStartIndex
2022-07-14 02:38:07,315 [s0@group-E8AE2E048FCA-LeaderStateImpl] TRACE segmented.SegmentedRaftLogCache (AutoCloseableReadWriteLock.java:logLocking(65)) -   s0@group-E8AE2E048FCA: readLock ACQUIRED 2 by SegmentedRaftLogCache$LogSegmentList.isEmpty
2022-07-14 02:38:07,315 [s0@group-E8AE2E048FCA-LeaderStateImpl] TRACE segmented.SegmentedRaftLogCache (AutoCloseableReadWriteLock.java:logLocking(65)) -   s0@group-E8AE2E048FCA: readLock RELEASED 1 by SegmentedRaftLogCache$LogSegmentList.isEmpty
2022-07-14 02:38:07,316 [s0@group-E8AE2E048FCA-LeaderStateImpl] TRACE segmented.SegmentedRaftLogCache (AutoCloseableReadWriteLock.java:logLocking(65)) - s0@group-E8AE2E048FCA: readLock RELEASED 0 by SegmentedRaftLogCache.getStartIndex
2022-07-14 02:38:07,316 [s0@group-E8AE2E048FCA-LeaderStateImpl] TRACE segmented.SegmentedRaftLogCache (AutoCloseableReadWriteLock.java:logLocking(65)) - s0@group-E8AE2E048FCA: readLock ACQUIRED 1 by SegmentedRaftLogCache.getEndIndex
2022-07-14 02:38:07,316 [s0@group-E8AE2E048FCA-LeaderStateImpl] TRACE segmented.SegmentedRaftLogCache (AutoCloseableReadWriteLock.java:logLocking(65)) - s0@group-E8AE2E048FCA: readLock RELEASED 0 by SegmentedRaftLogCache.getEndIndex
2022-07-14 02:38:07,316 [s0@group-E8AE2E048FCA-LeaderStateImpl] TRACE segmented.SegmentedRaftLogCache (AutoCloseableReadWriteLock.java:logLocking(65)) - s0@group-E8AE2E048FCA: readLock ACQUIRED 1 by SegmentedRaftLogCache$LogSegmentList.getTermIndex
2022-07-14 02:38:07,316 [s0@group-E8AE2E048FCA-LeaderStateImpl] TRACE segmented.SegmentedRaftLogCache (AutoCloseableReadWriteLock.java:logLocking(65)) - s0@group-E8AE2E048FCA: readLock RELEASED 0 by SegmentedRaftLogCache$LogSegmentList.getTermIndex
2022-07-14 02:38:07,316 [s0@group-E8AE2E048FCA-LeaderStateImpl] TRACE segmented.SegmentedRaftLogCache (AutoCloseableReadWriteLock.java:logLocking(65)) - s0@group-E8AE2E048FCA: readLock ACQUIRED 1 by SegmentedRaftLogCache.getLastTermIndex
2022-07-14 02:38:07,316 [s0@group-E8AE2E048FCA-LeaderStateImpl] TRACE segmented.SegmentedRaftLogCache (AutoCloseableReadWriteLock.java:logLocking(65)) - s0@group-E8AE2E048FCA: readLock RELEASED 0 by SegmentedRaftLogCache.getLastTermIndex
2022-07-14 02:38:07,316 [s0@group-E8AE2E048FCA-LeaderStateImpl] TRACE segmented.SegmentedRaftLogCache (AutoCloseableReadWriteLock.java:logLocking(65)) - s0@group-E8AE2E048FCA: readLock ACQUIRED 1 by SegmentedRaftLogCache$LogSegmentList.countCached
2022-07-14 02:38:07,316 [s0@group-E8AE2E048FCA-LeaderStateImpl] TRACE segmented.SegmentedRaftLogCache (AutoCloseableReadWriteLock.java:logLocking(65)) - s0@group-E8AE2E048FCA: readLock RELEASED 0 by SegmentedRaftLogCache$LogSegmentList.countCached
2022-07-14 02:38:07,316 [s0@group-E8AE2E048FCA-LeaderStateImpl] TRACE segmented.SegmentedRaftLogCache (AutoCloseableReadWriteLock.java:logLocking(65)) - s0@group-E8AE2E048FCA: readLock ACQUIRED 1 by SegmentedRaftLogCache$LogSegmentList.getTotalCacheSize
2022-07-14 02:38:07,316 [s0@group-E8AE2E048FCA-LeaderStateImpl] TRACE segmented.SegmentedRaftLogCache (AutoCloseableReadWriteLock.java:logLocking(65)) - s0@group-E8AE2E048FCA: readLock RELEASED 0 by SegmentedRaftLogCache$LogSegmentList.getTotalCacheSize
2022-07-14 02:38:07,316 [s0@group-E8AE2E048FCA-LeaderStateImpl] DEBUG segmented.SegmentedRaftLogWorker (SegmentedRaftLogWorker.java:addIOTask(270)) - s0@group-E8AE2E048FCA-SegmentedRaftLogWorker adds IO task WriteLog:76: (t:1, i:76), METADATAENTRY(c:75)
2022-07-14 02:38:07,316 [s0@group-E8AE2E048FCA-SegmentedRaftLogWorker] DEBUG segmented.SegmentedRaftLogWorker (SegmentedRaftLogWorker.java:flushIfNecessary(365)) - s0@group-E8AE2E048FCA-SegmentedRaftLogWorker: flush SegmentedRaftLogOutputStream(/home/runner/work/ratis/ratis/ratis-test/target/test/data/f69c223b/MiniRaftClusterWithSimulatedRpc37250022/s0/24813b6b-21de-410f-95d3-e8ae2e048fca/current/log_inprogress_0)
2022-07-14 02:38:07,317 [s0@group-E8AE2E048FCA-StateMachineUpdater] INFO  statemachine.SimpleStateMachine4Testing (SimpleStateMachine4Testing.java:put(204)) - s0: put 75, m37 -> (t:1, i:75), STATEMACHINELOGENTRY, 365@client-4187B1F4E061
2022-07-14 02:38:07,317 [s0-client-thread1] TRACE segmented.SegmentedRaftLogCache (AutoCloseableReadWriteLock.java:logLocking(65)) - s0@group-E8AE2E048FCA: readLock ACQUIRED 1 by SegmentedRaftLogCache.getLastTermIndex
2022-07-14 02:38:07,317 [s0-client-thread1] TRACE segmented.SegmentedRaftLogCache (AutoCloseableReadWriteLock.java:logLocking(65)) - s0@group-E8AE2E048FCA: readLock RELEASED 0 by SegmentedRaftLogCache.getLastTermIndex
2022-07-14 02:38:07,317 [s0-client-thread1] TRACE segmented.SegmentedRaftLogCache (AutoCloseableReadWriteLock.java:logLocking(65)) - s0@group-E8AE2E048FCA: readLock ACQUIRED 1 by SegmentedRaftLogCache.getLastTermIndex
2022-07-14 02:38:07,317 [s0-client-thread1] TRACE segmented.SegmentedRaftLogCache (AutoCloseableReadWriteLock.java:logLocking(65)) - s0@group-E8AE2E048FCA: readLock RELEASED 0 by SegmentedRaftLogCache.getLastTermIndex
2022-07-14 02:38:07,317 [s0-client-thread1] TRACE segmented.SegmentedRaftLogCache (AutoCloseableReadWriteLock.java:logLocking(65)) - s0@group-E8AE2E048FCA: readLock ACQUIRED 1 by SegmentedRaftLogCache$LogSegmentList.countCached
2022-07-14 02:38:07,317 [s0-client-thread1] TRACE segmented.SegmentedRaftLogCache (AutoCloseableReadWriteLock.java:logLocking(65)) - s0@group-E8AE2E048FCA: readLock RELEASED 0 by SegmentedRaftLogCache$LogSegmentList.countCached
2022-07-14 02:38:07,317 [s0-client-thread1] TRACE segmented.SegmentedRaftLogCache (AutoCloseableReadWriteLock.java:logLocking(65)) - s0@group-E8AE2E048FCA: readLock ACQUIRED 1 by SegmentedRaftLogCache$LogSegmentList.getTotalCacheSize
2022-07-14 02:38:07,317 [s0-client-thread1] TRACE segmented.SegmentedRaftLogCache (AutoCloseableReadWriteLock.java:logLocking(65)) - s0@group-E8AE2E048FCA: readLock RELEASED 0 by SegmentedRaftLogCache$LogSegmentList.getTotalCacheSize
2022-07-14 02:38:07,318 [s0-client-thread1] DEBUG segmented.SegmentedRaftLogWorker (SegmentedRaftLogWorker.java:addIOTask(270)) - s0@group-E8AE2E048FCA-SegmentedRaftLogWorker adds IO task WriteLog:77: (t:1, i:77), STATEMACHINELOGENTRY, StateMachineLogEntryProto:366@client-4187B1F4E061
2022-07-14 02:38:07,318 [s0@group-E8AE2E048FCA-SegmentedRaftLogWorker] DEBUG segmented.SegmentedRaftLogWorker (SegmentedRaftLogWorker.java:flushIfNecessary(365)) - s0@group-E8AE2E048FCA-SegmentedRaftLogWorker: flush SegmentedRaftLogOutputStream(/home/runner/work/ratis/ratis/ratis-test/target/test/data/f69c223b/MiniRaftClusterWithSimulatedRpc37250022/s0/24813b6b-21de-410f-95d3-e8ae2e048fca/current/log_inprogress_0)
2022-07-14 02:38:07,318 [s0@group-E8AE2E048FCA-LeaderStateImpl] TRACE segmented.SegmentedRaftLogCache (AutoCloseableReadWriteLock.java:logLocking(65)) - s0@group-E8AE2E048FCA: readLock ACQUIRED 1 by SegmentedRaftLogCache.getStartIndex
2022-07-14 02:38:07,318 [s0@group-E8AE2E048FCA-LeaderStateImpl] TRACE segmented.SegmentedRaftLogCache (AutoCloseableReadWriteLock.java:logLocking(65)) -   s0@group-E8AE2E048FCA: readLock ACQUIRED 2 by SegmentedRaftLogCache$LogSegmentList.isEmpty
2022-07-14 02:38:07,318 [s0@group-E8AE2E048FCA-LeaderStateImpl] TRACE segmented.SegmentedRaftLogCache (AutoCloseableReadWriteLock.java:logLocking(65)) -   s0@group-E8AE2E048FCA: readLock RELEASED 1 by SegmentedRaftLogCache$LogSegmentList.isEmpty
2022-07-14 02:38:07,318 [s0@group-E8AE2E048FCA-LeaderStateImpl] TRACE segmented.SegmentedRaftLogCache (AutoCloseableReadWriteLock.java:logLocking(65)) - s0@group-E8AE2E048FCA: readLock RELEASED 0 by SegmentedRaftLogCache.getStartIndex
2022-07-14 02:38:07,318 [s0@group-E8AE2E048FCA-LeaderStateImpl] TRACE segmented.SegmentedRaftLogCache (AutoCloseableReadWriteLock.java:logLocking(65)) - s0@group-E8AE2E048FCA: readLock ACQUIRED 1 by SegmentedRaftLogCache.getEndIndex
2022-07-14 02:38:07,318 [s0@group-E8AE2E048FCA-LeaderStateImpl] TRACE segmented.SegmentedRaftLogCache (AutoCloseableReadWriteLock.java:logLocking(65)) - s0@group-E8AE2E048FCA: readLock RELEASED 0 by SegmentedRaftLogCache.getEndIndex
2022-07-14 02:38:07,318 [s0@group-E8AE2E048FCA-LeaderStateImpl] TRACE segmented.SegmentedRaftLogCache (AutoCloseableReadWriteLock.java:logLocking(65)) - s0@group-E8AE2E048FCA: readLock ACQUIRED 1 by SegmentedRaftLogCache$LogSegmentList.getTermIndex
2022-07-14 02:38:07,318 [s0@group-E8AE2E048FCA-LeaderStateImpl] TRACE segmented.SegmentedRaftLogCache (AutoCloseableReadWriteLock.java:logLocking(65)) - s0@group-E8AE2E048FCA: readLock RELEASED 0 by SegmentedRaftLogCache$LogSegmentList.getTermIndex
2022-07-14 02:38:07,318 [s0@group-E8AE2E048FCA-LeaderStateImpl] TRACE segmented.SegmentedRaftLogCache (AutoCloseableReadWriteLock.java:logLocking(65)) - s0@group-E8AE2E048FCA: readLock ACQUIRED 1 by SegmentedRaftLogCache.getStartIndex
2022-07-14 02:38:07,318 [s0@group-E8AE2E048FCA-LeaderStateImpl] TRACE segmented.SegmentedRaftLogCache (AutoCloseableReadWriteLock.java:logLocking(65)) -   s0@group-E8AE2E048FCA: readLock ACQUIRED 2 by SegmentedRaftLogCache$LogSegmentList.isEmpty
2022-07-14 02:38:07,318 [s0@group-E8AE2E048FCA-LeaderStateImpl] TRACE segmented.SegmentedRaftLogCache (AutoCloseableReadWriteLock.java:logLocking(65)) -   s0@group-E8AE2E048FCA: readLock RELEASED 1 by SegmentedRaftLogCache$LogSegmentList.isEmpty
2022-07-14 02:38:07,319 [s0@group-E8AE2E048FCA-LeaderStateImpl] TRACE segmented.SegmentedRaftLogCache (AutoCloseableReadWriteLock.java:logLocking(65)) - s0@group-E8AE2E048FCA: readLock RELEASED 0 by SegmentedRaftLogCache.getStartIndex
2022-07-14 02:38:07,319 [s0@group-E8AE2E048FCA-LeaderStateImpl] TRACE segmented.SegmentedRaftLogCache (AutoCloseableReadWriteLock.java:logLocking(65)) - s0@group-E8AE2E048FCA: readLock ACQUIRED 1 by SegmentedRaftLogCache.getEndIndex
2022-07-14 02:38:07,319 [s0@group-E8AE2E048FCA-LeaderStateImpl] TRACE segmented.SegmentedRaftLogCache (AutoCloseableReadWriteLock.java:logLocking(65)) - s0@group-E8AE2E048FCA: readLock RELEASED 0 by SegmentedRaftLogCache.getEndIndex
2022-07-14 02:38:07,319 [s0@group-E8AE2E048FCA-LeaderStateImpl] TRACE segmented.SegmentedRaftLogCache (AutoCloseableReadWriteLock.java:logLocking(65)) - s0@group-E8AE2E048FCA: readLock ACQUIRED 1 by SegmentedRaftLogCache$LogSegmentList.getTermIndex
2022-07-14 02:38:07,319 [s0@group-E8AE2E048FCA-LeaderStateImpl] TRACE segmented.SegmentedRaftLogCache (AutoCloseableReadWriteLock.java:logLocking(65)) - s0@group-E8AE2E048FCA: readLock RELEASED 0 by SegmentedRaftLogCache$LogSegmentList.getTermIndex
2022-07-14 02:38:07,319 [s0@group-E8AE2E048FCA-LeaderStateImpl] TRACE segmented.SegmentedRaftLogCache (AutoCloseableReadWriteLock.java:logLocking(65)) - s0@group-E8AE2E048FCA: readLock ACQUIRED 1 by SegmentedRaftLogCache.getLastTermIndex
2022-07-14 02:38:07,319 [s0@group-E8AE2E048FCA-LeaderStateImpl] TRACE segmented.SegmentedRaftLogCache (AutoCloseableReadWriteLock.java:logLocking(65)) - s0@group-E8AE2E048FCA: readLock RELEASED 0 by SegmentedRaftLogCache.getLastTermIndex
2022-07-14 02:38:07,319 [s0@group-E8AE2E048FCA-LeaderStateImpl] TRACE segmented.SegmentedRaftLogCache (AutoCloseableReadWriteLock.java:logLocking(65)) - s0@group-E8AE2E048FCA: readLock ACQUIRED 1 by SegmentedRaftLogCache$LogSegmentList.countCached
2022-07-14 02:38:07,319 [s0@group-E8AE2E048FCA-LeaderStateImpl] TRACE segmented.SegmentedRaftLogCache (AutoCloseableReadWriteLock.java:logLocking(65)) - s0@group-E8AE2E048FCA: readLock RELEASED 0 by SegmentedRaftLogCache$LogSegmentList.countCached
2022-07-14 02:38:07,319 [s0@group-E8AE2E048FCA-LeaderStateImpl] TRACE segmented.SegmentedRaftLogCache (AutoCloseableReadWriteLock.java:logLocking(65)) - s0@group-E8AE2E048FCA: readLock ACQUIRED 1 by SegmentedRaftLogCache$LogSegmentList.getTotalCacheSize
2022-07-14 02:38:07,319 [s0@group-E8AE2E048FCA-LeaderStateImpl] TRACE segmented.SegmentedRaftLogCache (AutoCloseableReadWriteLock.java:logLocking(65)) - s0@group-E8AE2E048FCA: readLock RELEASED 0 by SegmentedRaftLogCache$LogSegmentList.getTotalCacheSize
2022-07-14 02:38:07,319 [s0@group-E8AE2E048FCA-LeaderStateImpl] DEBUG segmented.SegmentedRaftLogWorker (SegmentedRaftLogWorker.java:addIOTask(270)) - s0@group-E8AE2E048FCA-SegmentedRaftLogWorker adds IO task WriteLog:78: (t:1, i:78), METADATAENTRY(c:77)
2022-07-14 02:38:07,319 [s0@group-E8AE2E048FCA-SegmentedRaftLogWorker] DEBUG segmented.SegmentedRaftLogWorker (SegmentedRaftLogWorker.java:flushIfNecessary(365)) - s0@group-E8AE2E048FCA-SegmentedRaftLogWorker: flush SegmentedRaftLogOutputStream(/home/runner/work/ratis/ratis/ratis-test/target/test/data/f69c223b/MiniRaftClusterWithSimulatedRpc37250022/s0/24813b6b-21de-410f-95d3-e8ae2e048fca/current/log_inprogress_0)
2022-07-14 02:38:07,319 [s0@group-E8AE2E048FCA-StateMachineUpdater] INFO  statemachine.SimpleStateMachine4Testing (SimpleStateMachine4Testing.java:put(204)) - s0: put 77, m38 -> (t:1, i:77), STATEMACHINELOGENTRY, 366@client-4187B1F4E061
2022-07-14 02:38:07,320 [s0-client-thread1] TRACE segmented.SegmentedRaftLogCache (AutoCloseableReadWriteLock.java:logLocking(65)) - s0@group-E8AE2E048FCA: readLock ACQUIRED 1 by SegmentedRaftLogCache.getLastTermIndex
2022-07-14 02:38:07,320 [s0-client-thread1] TRACE segmented.SegmentedRaftLogCache (AutoCloseableReadWriteLock.java:logLocking(65)) - s0@group-E8AE2E048FCA: readLock RELEASED 0 by SegmentedRaftLogCache.getLastTermIndex
2022-07-14 02:38:07,320 [s0-client-thread1] TRACE segmented.SegmentedRaftLogCache (AutoCloseableReadWriteLock.java:logLocking(65)) - s0@group-E8AE2E048FCA: readLock ACQUIRED 1 by SegmentedRaftLogCache.getLastTermIndex
2022-07-14 02:38:07,320 [s0-client-thread1] TRACE segmented.SegmentedRaftLogCache (AutoCloseableReadWriteLock.java:logLocking(65)) - s0@group-E8AE2E048FCA: readLock RELEASED 0 by SegmentedRaftLogCache.getLastTermIndex
2022-07-14 02:38:07,320 [s0-client-thread1] TRACE segmented.SegmentedRaftLogCache (AutoCloseableReadWriteLock.java:logLocking(65)) - s0@group-E8AE2E048FCA: readLock ACQUIRED 1 by SegmentedRaftLogCache$LogSegmentList.countCached
2022-07-14 02:38:07,320 [s0-client-thread1] TRACE segmented.SegmentedRaftLogCache (AutoCloseableReadWriteLock.java:logLocking(65)) - s0@group-E8AE2E048FCA: readLock RELEASED 0 by SegmentedRaftLogCache$LogSegmentList.countCached
2022-07-14 02:38:07,320 [s0-client-thread1] TRACE segmented.SegmentedRaftLogCache (AutoCloseableReadWriteLock.java:logLocking(65)) - s0@group-E8AE2E048FCA: readLock ACQUIRED 1 by SegmentedRaftLogCache$LogSegmentList.getTotalCacheSize
2022-07-14 02:38:07,320 [s0-client-thread1] TRACE segmented.SegmentedRaftLogCache (AutoCloseableReadWriteLock.java:logLocking(65)) - s0@group-E8AE2E048FCA: readLock RELEASED 0 by SegmentedRaftLogCache$LogSegmentList.getTotalCacheSize
2022-07-14 02:38:07,320 [s0-client-thread1] DEBUG segmented.SegmentedRaftLogWorker (SegmentedRaftLogWorker.java:addIOTask(270)) - s0@group-E8AE2E048FCA-SegmentedRaftLogWorker adds IO task WriteLog:79: (t:1, i:79), STATEMACHINELOGENTRY, StateMachineLogEntryProto:367@client-4187B1F4E061
2022-07-14 02:38:07,321 [s0@group-E8AE2E048FCA-SegmentedRaftLogWorker] DEBUG segmented.SegmentedRaftLogWorker (SegmentedRaftLogWorker.java:flushIfNecessary(365)) - s0@group-E8AE2E048FCA-SegmentedRaftLogWorker: flush SegmentedRaftLogOutputStream(/home/runner/work/ratis/ratis/ratis-test/target/test/data/f69c223b/MiniRaftClusterWithSimulatedRpc37250022/s0/24813b6b-21de-410f-95d3-e8ae2e048fca/current/log_inprogress_0)
2022-07-14 02:38:07,321 [s0@group-E8AE2E048FCA-LeaderStateImpl] TRACE segmented.SegmentedRaftLogCache (AutoCloseableReadWriteLock.java:logLocking(65)) - s0@group-E8AE2E048FCA: readLock ACQUIRED 1 by SegmentedRaftLogCache.getStartIndex
2022-07-14 02:38:07,321 [s0@group-E8AE2E048FCA-LeaderStateImpl] TRACE segmented.SegmentedRaftLogCache (AutoCloseableReadWriteLock.java:logLocking(65)) -   s0@group-E8AE2E048FCA: readLock ACQUIRED 2 by SegmentedRaftLogCache$LogSegmentList.isEmpty
2022-07-14 02:38:07,321 [s0@group-E8AE2E048FCA-LeaderStateImpl] TRACE segmented.SegmentedRaftLogCache (AutoCloseableReadWriteLock.java:logLocking(65)) -   s0@group-E8AE2E048FCA: readLock RELEASED 1 by SegmentedRaftLogCache$LogSegmentList.isEmpty
2022-07-14 02:38:07,321 [s0@group-E8AE2E048FCA-LeaderStateImpl] TRACE segmented.SegmentedRaftLogCache (AutoCloseableReadWriteLock.java:logLocking(65)) - s0@group-E8AE2E048FCA: readLock RELEASED 0 by SegmentedRaftLogCache.getStartIndex
2022-07-14 02:38:07,321 [s0@group-E8AE2E048FCA-LeaderStateImpl] TRACE segmented.SegmentedRaftLogCache (AutoCloseableReadWriteLock.java:logLocking(65)) - s0@group-E8AE2E048FCA: readLock ACQUIRED 1 by SegmentedRaftLogCache.getEndIndex
2022-07-14 02:38:07,321 [s0@group-E8AE2E048FCA-LeaderStateImpl] TRACE segmented.SegmentedRaftLogCache (AutoCloseableReadWriteLock.java:logLocking(65)) - s0@group-E8AE2E048FCA: readLock RELEASED 0 by SegmentedRaftLogCache.getEndIndex
2022-07-14 02:38:07,321 [s0@group-E8AE2E048FCA-LeaderStateImpl] TRACE segmented.SegmentedRaftLogCache (AutoCloseableReadWriteLock.java:logLocking(65)) - s0@group-E8AE2E048FCA: readLock ACQUIRED 1 by SegmentedRaftLogCache$LogSegmentList.getTermIndex
2022-07-14 02:38:07,321 [s0@group-E8AE2E048FCA-LeaderStateImpl] TRACE segmented.SegmentedRaftLogCache (AutoCloseableReadWriteLock.java:logLocking(65)) - s0@group-E8AE2E048FCA: readLock RELEASED 0 by SegmentedRaftLogCache$LogSegmentList.getTermIndex
2022-07-14 02:38:07,322 [s0@group-E8AE2E048FCA-LeaderStateImpl] TRACE segmented.SegmentedRaftLogCache (AutoCloseableReadWriteLock.java:logLocking(65)) - s0@group-E8AE2E048FCA: readLock ACQUIRED 1 by SegmentedRaftLogCache.getStartIndex
2022-07-14 02:38:07,322 [s0@group-E8AE2E048FCA-LeaderStateImpl] TRACE segmented.SegmentedRaftLogCache (AutoCloseableReadWriteLock.java:logLocking(65)) -   s0@group-E8AE2E048FCA: readLock ACQUIRED 2 by SegmentedRaftLogCache$LogSegmentList.isEmpty
2022-07-14 02:38:07,322 [s0@group-E8AE2E048FCA-LeaderStateImpl] TRACE segmented.SegmentedRaftLogCache (AutoCloseableReadWriteLock.java:logLocking(65)) -   s0@group-E8AE2E048FCA: readLock RELEASED 1 by SegmentedRaftLogCache$LogSegmentList.isEmpty
2022-07-14 02:38:07,322 [s0@group-E8AE2E048FCA-LeaderStateImpl] TRACE segmented.SegmentedRaftLogCache (AutoCloseableReadWriteLock.java:logLocking(65)) - s0@group-E8AE2E048FCA: readLock RELEASED 0 by SegmentedRaftLogCache.getStartIndex
2022-07-14 02:38:07,322 [s0@group-E8AE2E048FCA-LeaderStateImpl] TRACE segmented.SegmentedRaftLogCache (AutoCloseableReadWriteLock.java:logLocking(65)) - s0@group-E8AE2E048FCA: readLock ACQUIRED 1 by SegmentedRaftLogCache.getEndIndex
2022-07-14 02:38:07,322 [s0@group-E8AE2E048FCA-LeaderStateImpl] TRACE segmented.SegmentedRaftLogCache (AutoCloseableReadWriteLock.java:logLocking(65)) - s0@group-E8AE2E048FCA: readLock RELEASED 0 by SegmentedRaftLogCache.getEndIndex
2022-07-14 02:38:07,322 [s0@group-E8AE2E048FCA-LeaderStateImpl] TRACE segmented.SegmentedRaftLogCache (AutoCloseableReadWriteLock.java:logLocking(65)) - s0@group-E8AE2E048FCA: readLock ACQUIRED 1 by SegmentedRaftLogCache$LogSegmentList.getTermIndex
2022-07-14 02:38:07,322 [s0@group-E8AE2E048FCA-LeaderStateImpl] TRACE segmented.SegmentedRaftLogCache (AutoCloseableReadWriteLock.java:logLocking(65)) - s0@group-E8AE2E048FCA: readLock RELEASED 0 by SegmentedRaftLogCache$LogSegmentList.getTermIndex
2022-07-14 02:38:07,322 [s0@group-E8AE2E048FCA-LeaderStateImpl] TRACE segmented.SegmentedRaftLogCache (AutoCloseableReadWriteLock.java:logLocking(65)) - s0@group-E8AE2E048FCA: readLock ACQUIRED 1 by SegmentedRaftLogCache.getLastTermIndex
2022-07-14 02:38:07,322 [s0@group-E8AE2E048FCA-LeaderStateImpl] TRACE segmented.SegmentedRaftLogCache (AutoCloseableReadWriteLock.java:logLocking(65)) - s0@group-E8AE2E048FCA: readLock RELEASED 0 by SegmentedRaftLogCache.getLastTermIndex
2022-07-14 02:38:07,322 [s0@group-E8AE2E048FCA-StateMachineUpdater] INFO  statemachine.SimpleStateMachine4Testing (SimpleStateMachine4Testing.java:put(204)) - s0: put 79, m39 -> (t:1, i:79), STATEMACHINELOGENTRY, 367@client-4187B1F4E061
2022-07-14 02:38:07,322 [s0@group-E8AE2E048FCA-LeaderStateImpl] TRACE segmented.SegmentedRaftLogCache (AutoCloseableReadWriteLock.java:logLocking(65)) - s0@group-E8AE2E048FCA: readLock ACQUIRED 1 by SegmentedRaftLogCache$LogSegmentList.countCached
2022-07-14 02:38:07,322 [s0@group-E8AE2E048FCA-LeaderStateImpl] TRACE segmented.SegmentedRaftLogCache (AutoCloseableReadWriteLock.java:logLocking(65)) - s0@group-E8AE2E048FCA: readLock RELEASED 0 by SegmentedRaftLogCache$LogSegmentList.countCached
2022-07-14 02:38:07,322 [s0@group-E8AE2E048FCA-LeaderStateImpl] TRACE segmented.SegmentedRaftLogCache (AutoCloseableReadWriteLock.java:logLocking(65)) - s0@group-E8AE2E048FCA: readLock ACQUIRED 1 by SegmentedRaftLogCache$LogSegmentList.getTotalCacheSize
2022-07-14 02:38:07,323 [s0@group-E8AE2E048FCA-LeaderStateImpl] TRACE segmented.SegmentedRaftLogCache (AutoCloseableReadWriteLock.java:logLocking(65)) - s0@group-E8AE2E048FCA: readLock RELEASED 0 by SegmentedRaftLogCache$LogSegmentList.getTotalCacheSize
2022-07-14 02:38:07,323 [s0@group-E8AE2E048FCA-LeaderStateImpl] DEBUG segmented.SegmentedRaftLogWorker (SegmentedRaftLogWorker.java:addIOTask(270)) - s0@group-E8AE2E048FCA-SegmentedRaftLogWorker adds IO task WriteLog:80: (t:1, i:80), METADATAENTRY(c:79)
2022-07-14 02:38:07,323 [s0@group-E8AE2E048FCA-SegmentedRaftLogWorker] DEBUG segmented.SegmentedRaftLogWorker (SegmentedRaftLogWorker.java:flushIfNecessary(365)) - s0@group-E8AE2E048FCA-SegmentedRaftLogWorker: flush SegmentedRaftLogOutputStream(/home/runner/work/ratis/ratis/ratis-test/target/test/data/f69c223b/MiniRaftClusterWithSimulatedRpc37250022/s0/24813b6b-21de-410f-95d3-e8ae2e048fca/current/log_inprogress_0)
2022-07-14 02:38:07,323 [s0-client-thread1] TRACE segmented.SegmentedRaftLogCache (AutoCloseableReadWriteLock.java:logLocking(65)) - s0@group-E8AE2E048FCA: readLock ACQUIRED 1 by SegmentedRaftLogCache.getLastTermIndex
2022-07-14 02:38:07,323 [s0-client-thread1] TRACE segmented.SegmentedRaftLogCache (AutoCloseableReadWriteLock.java:logLocking(65)) - s0@group-E8AE2E048FCA: readLock RELEASED 0 by SegmentedRaftLogCache.getLastTermIndex
2022-07-14 02:38:07,323 [s0-client-thread1] TRACE segmented.SegmentedRaftLogCache (AutoCloseableReadWriteLock.java:logLocking(65)) - s0@group-E8AE2E048FCA: readLock ACQUIRED 1 by SegmentedRaftLogCache.getLastTermIndex
2022-07-14 02:38:07,323 [s0-client-thread1] TRACE segmented.SegmentedRaftLogCache (AutoCloseableReadWriteLock.java:logLocking(65)) - s0@group-E8AE2E048FCA: readLock RELEASED 0 by SegmentedRaftLogCache.getLastTermIndex
2022-07-14 02:38:07,324 [s0-client-thread1] TRACE segmented.SegmentedRaftLogCache (AutoCloseableReadWriteLock.java:logLocking(65)) - s0@group-E8AE2E048FCA: readLock ACQUIRED 1 by SegmentedRaftLogCache$LogSegmentList.countCached
2022-07-14 02:38:07,324 [s0-client-thread1] TRACE segmented.SegmentedRaftLogCache (AutoCloseableReadWriteLock.java:logLocking(65)) - s0@group-E8AE2E048FCA: readLock RELEASED 0 by SegmentedRaftLogCache$LogSegmentList.countCached
2022-07-14 02:38:07,324 [s0-client-thread1] TRACE segmented.SegmentedRaftLogCache (AutoCloseableReadWriteLock.java:logLocking(65)) - s0@group-E8AE2E048FCA: readLock ACQUIRED 1 by SegmentedRaftLogCache$LogSegmentList.getTotalCacheSize
2022-07-14 02:38:07,324 [s0-client-thread1] TRACE segmented.SegmentedRaftLogCache (AutoCloseableReadWriteLock.java:logLocking(65)) - s0@group-E8AE2E048FCA: readLock RELEASED 0 by SegmentedRaftLogCache$LogSegmentList.getTotalCacheSize
2022-07-14 02:38:07,324 [s0-client-thread1] DEBUG segmented.SegmentedRaftLogWorker (SegmentedRaftLogWorker.java:addIOTask(270)) - s0@group-E8AE2E048FCA-SegmentedRaftLogWorker adds IO task WriteLog:81: (t:1, i:81), STATEMACHINELOGENTRY, StateMachineLogEntryProto:368@client-4187B1F4E061
2022-07-14 02:38:07,324 [s0@group-E8AE2E048FCA-SegmentedRaftLogWorker] DEBUG segmented.SegmentedRaftLogWorker (SegmentedRaftLogWorker.java:flushIfNecessary(365)) - s0@group-E8AE2E048FCA-SegmentedRaftLogWorker: flush SegmentedRaftLogOutputStream(/home/runner/work/ratis/ratis/ratis-test/target/test/data/f69c223b/MiniRaftClusterWithSimulatedRpc37250022/s0/24813b6b-21de-410f-95d3-e8ae2e048fca/current/log_inprogress_0)
2022-07-14 02:38:07,324 [s0@group-E8AE2E048FCA-LeaderStateImpl] TRACE segmented.SegmentedRaftLogCache (AutoCloseableReadWriteLock.java:logLocking(65)) - s0@group-E8AE2E048FCA: readLock ACQUIRED 1 by SegmentedRaftLogCache.getStartIndex
2022-07-14 02:38:07,324 [s0@group-E8AE2E048FCA-LeaderStateImpl] TRACE segmented.SegmentedRaftLogCache (AutoCloseableReadWriteLock.java:logLocking(65)) -   s0@group-E8AE2E048FCA: readLock ACQUIRED 2 by SegmentedRaftLogCache$LogSegmentList.isEmpty
2022-07-14 02:38:07,324 [s0@group-E8AE2E048FCA-LeaderStateImpl] TRACE segmented.SegmentedRaftLogCache (AutoCloseableReadWriteLock.java:logLocking(65)) -   s0@group-E8AE2E048FCA: readLock RELEASED 1 by SegmentedRaftLogCache$LogSegmentList.isEmpty
2022-07-14 02:38:07,324 [s0@group-E8AE2E048FCA-LeaderStateImpl] TRACE segmented.SegmentedRaftLogCache (AutoCloseableReadWriteLock.java:logLocking(65)) - s0@group-E8AE2E048FCA: readLock RELEASED 0 by SegmentedRaftLogCache.getStartIndex
2022-07-14 02:38:07,324 [s0@group-E8AE2E048FCA-LeaderStateImpl] TRACE segmented.SegmentedRaftLogCache (AutoCloseableReadWriteLock.java:logLocking(65)) - s0@group-E8AE2E048FCA: readLock ACQUIRED 1 by SegmentedRaftLogCache.getEndIndex
2022-07-14 02:38:07,324 [s0@group-E8AE2E048FCA-LeaderStateImpl] TRACE segmented.SegmentedRaftLogCache (AutoCloseableReadWriteLock.java:logLocking(65)) - s0@group-E8AE2E048FCA: readLock RELEASED 0 by SegmentedRaftLogCache.getEndIndex
2022-07-14 02:38:07,324 [s0@group-E8AE2E048FCA-LeaderStateImpl] TRACE segmented.SegmentedRaftLogCache (AutoCloseableReadWriteLock.java:logLocking(65)) - s0@group-E8AE2E048FCA: readLock ACQUIRED 1 by SegmentedRaftLogCache$LogSegmentList.getTermIndex
2022-07-14 02:38:07,324 [s0@group-E8AE2E048FCA-LeaderStateImpl] TRACE segmented.SegmentedRaftLogCache (AutoCloseableReadWriteLock.java:logLocking(65)) - s0@group-E8AE2E048FCA: readLock RELEASED 0 by SegmentedRaftLogCache$LogSegmentList.getTermIndex
2022-07-14 02:38:07,325 [s0@group-E8AE2E048FCA-LeaderStateImpl] TRACE segmented.SegmentedRaftLogCache (AutoCloseableReadWriteLock.java:logLocking(65)) - s0@group-E8AE2E048FCA: readLock ACQUIRED 1 by SegmentedRaftLogCache.getStartIndex
2022-07-14 02:38:07,325 [s0@group-E8AE2E048FCA-LeaderStateImpl] TRACE segmented.SegmentedRaftLogCache (AutoCloseableReadWriteLock.java:logLocking(65)) -   s0@group-E8AE2E048FCA: readLock ACQUIRED 2 by SegmentedRaftLogCache$LogSegmentList.isEmpty
2022-07-14 02:38:07,325 [s0@group-E8AE2E048FCA-LeaderStateImpl] TRACE segmented.SegmentedRaftLogCache (AutoCloseableReadWriteLock.java:logLocking(65)) -   s0@group-E8AE2E048FCA: readLock RELEASED 1 by SegmentedRaftLogCache$LogSegmentList.isEmpty
2022-07-14 02:38:07,325 [s0@group-E8AE2E048FCA-LeaderStateImpl] TRACE segmented.SegmentedRaftLogCache (AutoCloseableReadWriteLock.java:logLocking(65)) - s0@group-E8AE2E048FCA: readLock RELEASED 0 by SegmentedRaftLogCache.getStartIndex
2022-07-14 02:38:07,325 [s0@group-E8AE2E048FCA-LeaderStateImpl] TRACE segmented.SegmentedRaftLogCache (AutoCloseableReadWriteLock.java:logLocking(65)) - s0@group-E8AE2E048FCA: readLock ACQUIRED 1 by SegmentedRaftLogCache.getEndIndex
2022-07-14 02:38:07,325 [s0@group-E8AE2E048FCA-LeaderStateImpl] TRACE segmented.SegmentedRaftLogCache (AutoCloseableReadWriteLock.java:logLocking(65)) - s0@group-E8AE2E048FCA: readLock RELEASED 0 by SegmentedRaftLogCache.getEndIndex
2022-07-14 02:38:07,325 [s0@group-E8AE2E048FCA-LeaderStateImpl] TRACE segmented.SegmentedRaftLogCache (AutoCloseableReadWriteLock.java:logLocking(65)) - s0@group-E8AE2E048FCA: readLock ACQUIRED 1 by SegmentedRaftLogCache$LogSegmentList.getTermIndex
2022-07-14 02:38:07,325 [s0@group-E8AE2E048FCA-LeaderStateImpl] TRACE segmented.SegmentedRaftLogCache (AutoCloseableReadWriteLock.java:logLocking(65)) - s0@group-E8AE2E048FCA: readLock RELEASED 0 by SegmentedRaftLogCache$LogSegmentList.getTermIndex
2022-07-14 02:38:07,325 [s0@group-E8AE2E048FCA-LeaderStateImpl] TRACE segmented.SegmentedRaftLogCache (AutoCloseableReadWriteLock.java:logLocking(65)) - s0@group-E8AE2E048FCA: readLock ACQUIRED 1 by SegmentedRaftLogCache.getLastTermIndex
2022-07-14 02:38:07,325 [s0@group-E8AE2E048FCA-LeaderStateImpl] TRACE segmented.SegmentedRaftLogCache (AutoCloseableReadWriteLock.java:logLocking(65)) - s0@group-E8AE2E048FCA: readLock RELEASED 0 by SegmentedRaftLogCache.getLastTermIndex
2022-07-14 02:38:07,325 [s0@group-E8AE2E048FCA-StateMachineUpdater] INFO  statemachine.SimpleStateMachine4Testing (SimpleStateMachine4Testing.java:put(204)) - s0: put 81, m40 -> (t:1, i:81), STATEMACHINELOGENTRY, 368@client-4187B1F4E061
2022-07-14 02:38:07,325 [s0@group-E8AE2E048FCA-LeaderStateImpl] TRACE segmented.SegmentedRaftLogCache (AutoCloseableReadWriteLock.java:logLocking(65)) - s0@group-E8AE2E048FCA: readLock ACQUIRED 1 by SegmentedRaftLogCache$LogSegmentList.countCached
2022-07-14 02:38:07,325 [s0@group-E8AE2E048FCA-LeaderStateImpl] TRACE segmented.SegmentedRaftLogCache (AutoCloseableReadWriteLock.java:logLocking(65)) - s0@group-E8AE2E048FCA: readLock RELEASED 0 by SegmentedRaftLogCache$LogSegmentList.countCached
2022-07-14 02:38:07,325 [s0@group-E8AE2E048FCA-LeaderStateImpl] TRACE segmented.SegmentedRaftLogCache (AutoCloseableReadWriteLock.java:logLocking(65)) - s0@group-E8AE2E048FCA: readLock ACQUIRED 1 by SegmentedRaftLogCache$LogSegmentList.getTotalCacheSize
2022-07-14 02:38:07,325 [s0@group-E8AE2E048FCA-LeaderStateImpl] TRACE segmented.SegmentedRaftLogCache (AutoCloseableReadWriteLock.java:logLocking(65)) - s0@group-E8AE2E048FCA: readLock RELEASED 0 by SegmentedRaftLogCache$LogSegmentList.getTotalCacheSize
2022-07-14 02:38:07,326 [s0@group-E8AE2E048FCA-LeaderStateImpl] DEBUG segmented.SegmentedRaftLogWorker (SegmentedRaftLogWorker.java:addIOTask(270)) - s0@group-E8AE2E048FCA-SegmentedRaftLogWorker adds IO task WriteLog:82: (t:1, i:82), METADATAENTRY(c:81)
2022-07-14 02:38:07,326 [s0@group-E8AE2E048FCA-SegmentedRaftLogWorker] DEBUG segmented.SegmentedRaftLogWorker (SegmentedRaftLogWorker.java:flushIfNecessary(365)) - s0@group-E8AE2E048FCA-SegmentedRaftLogWorker: flush SegmentedRaftLogOutputStream(/home/runner/work/ratis/ratis/ratis-test/target/test/data/f69c223b/MiniRaftClusterWithSimulatedRpc37250022/s0/24813b6b-21de-410f-95d3-e8ae2e048fca/current/log_inprogress_0)
2022-07-14 02:38:07,326 [s0-client-thread1] TRACE segmented.SegmentedRaftLogCache (AutoCloseableReadWriteLock.java:logLocking(65)) - s0@group-E8AE2E048FCA: readLock ACQUIRED 1 by SegmentedRaftLogCache.getLastTermIndex
2022-07-14 02:38:07,326 [s0-client-thread1] TRACE segmented.SegmentedRaftLogCache (AutoCloseableReadWriteLock.java:logLocking(65)) - s0@group-E8AE2E048FCA: readLock RELEASED 0 by SegmentedRaftLogCache.getLastTermIndex
2022-07-14 02:38:07,326 [s0-client-thread1] TRACE segmented.SegmentedRaftLogCache (AutoCloseableReadWriteLock.java:logLocking(65)) - s0@group-E8AE2E048FCA: readLock ACQUIRED 1 by SegmentedRaftLogCache.getLastTermIndex
2022-07-14 02:38:07,326 [s0-client-thread1] TRACE segmented.SegmentedRaftLogCache (AutoCloseableReadWriteLock.java:logLocking(65)) - s0@group-E8AE2E048FCA: readLock RELEASED 0 by SegmentedRaftLogCache.getLastTermIndex
2022-07-14 02:38:07,326 [s0-client-thread1] TRACE segmented.SegmentedRaftLogCache (AutoCloseableReadWriteLock.java:logLocking(65)) - s0@group-E8AE2E048FCA: readLock ACQUIRED 1 by SegmentedRaftLogCache$LogSegmentList.countCached
2022-07-14 02:38:07,326 [s0-client-thread1] TRACE segmented.SegmentedRaftLogCache (AutoCloseableReadWriteLock.java:logLocking(65)) - s0@group-E8AE2E048FCA: readLock RELEASED 0 by SegmentedRaftLogCache$LogSegmentList.countCached
2022-07-14 02:38:07,326 [s0-client-thread1] TRACE segmented.SegmentedRaftLogCache (AutoCloseableReadWriteLock.java:logLocking(65)) - s0@group-E8AE2E048FCA: readLock ACQUIRED 1 by SegmentedRaftLogCache$LogSegmentList.getTotalCacheSize
2022-07-14 02:38:07,326 [s0-client-thread1] TRACE segmented.SegmentedRaftLogCache (AutoCloseableReadWriteLock.java:logLocking(65)) - s0@group-E8AE2E048FCA: readLock RELEASED 0 by SegmentedRaftLogCache$LogSegmentList.getTotalCacheSize
2022-07-14 02:38:07,326 [s0-client-thread1] DEBUG segmented.SegmentedRaftLogWorker (SegmentedRaftLogWorker.java:addIOTask(270)) - s0@group-E8AE2E048FCA-SegmentedRaftLogWorker adds IO task WriteLog:83: (t:1, i:83), STATEMACHINELOGENTRY, StateMachineLogEntryProto:369@client-4187B1F4E061
2022-07-14 02:38:07,327 [s0@group-E8AE2E048FCA-SegmentedRaftLogWorker] DEBUG segmented.SegmentedRaftLogWorker (SegmentedRaftLogWorker.java:flushIfNecessary(365)) - s0@group-E8AE2E048FCA-SegmentedRaftLogWorker: flush SegmentedRaftLogOutputStream(/home/runner/work/ratis/ratis/ratis-test/target/test/data/f69c223b/MiniRaftClusterWithSimulatedRpc37250022/s0/24813b6b-21de-410f-95d3-e8ae2e048fca/current/log_inprogress_0)
2022-07-14 02:38:07,327 [s0@group-E8AE2E048FCA-LeaderStateImpl] TRACE segmented.SegmentedRaftLogCache (AutoCloseableReadWriteLock.java:logLocking(65)) - s0@group-E8AE2E048FCA: readLock ACQUIRED 1 by SegmentedRaftLogCache.getStartIndex
2022-07-14 02:38:07,327 [s0@group-E8AE2E048FCA-LeaderStateImpl] TRACE segmented.SegmentedRaftLogCache (AutoCloseableReadWriteLock.java:logLocking(65)) -   s0@group-E8AE2E048FCA: readLock ACQUIRED 2 by SegmentedRaftLogCache$LogSegmentList.isEmpty
2022-07-14 02:38:07,327 [s0@group-E8AE2E048FCA-LeaderStateImpl] TRACE segmented.SegmentedRaftLogCache (AutoCloseableReadWriteLock.java:logLocking(65)) -   s0@group-E8AE2E048FCA: readLock RELEASED 1 by SegmentedRaftLogCache$LogSegmentList.isEmpty
2022-07-14 02:38:07,327 [s0@group-E8AE2E048FCA-LeaderStateImpl] TRACE segmented.SegmentedRaftLogCache (AutoCloseableReadWriteLock.java:logLocking(65)) - s0@group-E8AE2E048FCA: readLock RELEASED 0 by SegmentedRaftLogCache.getStartIndex
2022-07-14 02:38:07,327 [s0@group-E8AE2E048FCA-LeaderStateImpl] TRACE segmented.SegmentedRaftLogCache (AutoCloseableReadWriteLock.java:logLocking(65)) - s0@group-E8AE2E048FCA: readLock ACQUIRED 1 by SegmentedRaftLogCache.getEndIndex
2022-07-14 02:38:07,327 [s0@group-E8AE2E048FCA-LeaderStateImpl] TRACE segmented.SegmentedRaftLogCache (AutoCloseableReadWriteLock.java:logLocking(65)) - s0@group-E8AE2E048FCA: readLock RELEASED 0 by SegmentedRaftLogCache.getEndIndex
2022-07-14 02:38:07,327 [s0@group-E8AE2E048FCA-LeaderStateImpl] TRACE segmented.SegmentedRaftLogCache (AutoCloseableReadWriteLock.java:logLocking(65)) - s0@group-E8AE2E048FCA: readLock ACQUIRED 1 by SegmentedRaftLogCache$LogSegmentList.getTermIndex
2022-07-14 02:38:07,327 [s0@group-E8AE2E048FCA-LeaderStateImpl] TRACE segmented.SegmentedRaftLogCache (AutoCloseableReadWriteLock.java:logLocking(65)) - s0@group-E8AE2E048FCA: readLock RELEASED 0 by SegmentedRaftLogCache$LogSegmentList.getTermIndex
2022-07-14 02:38:07,327 [s0@group-E8AE2E048FCA-LeaderStateImpl] TRACE segmented.SegmentedRaftLogCache (AutoCloseableReadWriteLock.java:logLocking(65)) - s0@group-E8AE2E048FCA: readLock ACQUIRED 1 by SegmentedRaftLogCache.getStartIndex
2022-07-14 02:38:07,327 [s0@group-E8AE2E048FCA-LeaderStateImpl] TRACE segmented.SegmentedRaftLogCache (AutoCloseableReadWriteLock.java:logLocking(65)) -   s0@group-E8AE2E048FCA: readLock ACQUIRED 2 by SegmentedRaftLogCache$LogSegmentList.isEmpty
2022-07-14 02:38:07,327 [s0@group-E8AE2E048FCA-LeaderStateImpl] TRACE segmented.SegmentedRaftLogCache (AutoCloseableReadWriteLock.java:logLocking(65)) -   s0@group-E8AE2E048FCA: readLock RELEASED 1 by SegmentedRaftLogCache$LogSegmentList.isEmpty
2022-07-14 02:38:07,327 [s0@group-E8AE2E048FCA-LeaderStateImpl] TRACE segmented.SegmentedRaftLogCache (AutoCloseableReadWriteLock.java:logLocking(65)) - s0@group-E8AE2E048FCA: readLock RELEASED 0 by SegmentedRaftLogCache.getStartIndex
2022-07-14 02:38:07,327 [s0@group-E8AE2E048FCA-LeaderStateImpl] TRACE segmented.SegmentedRaftLogCache (AutoCloseableReadWriteLock.java:logLocking(65)) - s0@group-E8AE2E048FCA: readLock ACQUIRED 1 by SegmentedRaftLogCache.getEndIndex
2022-07-14 02:38:07,327 [s0@group-E8AE2E048FCA-LeaderStateImpl] TRACE segmented.SegmentedRaftLogCache (AutoCloseableReadWriteLock.java:logLocking(65)) - s0@group-E8AE2E048FCA: readLock RELEASED 0 by SegmentedRaftLogCache.getEndIndex
2022-07-14 02:38:07,328 [s0@group-E8AE2E048FCA-LeaderStateImpl] TRACE segmented.SegmentedRaftLogCache (AutoCloseableReadWriteLock.java:logLocking(65)) - s0@group-E8AE2E048FCA: readLock ACQUIRED 1 by SegmentedRaftLogCache$LogSegmentList.getTermIndex
2022-07-14 02:38:07,328 [s0@group-E8AE2E048FCA-LeaderStateImpl] TRACE segmented.SegmentedRaftLogCache (AutoCloseableReadWriteLock.java:logLocking(65)) - s0@group-E8AE2E048FCA: readLock RELEASED 0 by SegmentedRaftLogCache$LogSegmentList.getTermIndex
2022-07-14 02:38:07,328 [s0@group-E8AE2E048FCA-LeaderStateImpl] TRACE segmented.SegmentedRaftLogCache (AutoCloseableReadWriteLock.java:logLocking(65)) - s0@group-E8AE2E048FCA: readLock ACQUIRED 1 by SegmentedRaftLogCache.getLastTermIndex
2022-07-14 02:38:07,328 [s0@group-E8AE2E048FCA-LeaderStateImpl] TRACE segmented.SegmentedRaftLogCache (AutoCloseableReadWriteLock.java:logLocking(65)) - s0@group-E8AE2E048FCA: readLock RELEASED 0 by SegmentedRaftLogCache.getLastTermIndex
2022-07-14 02:38:07,328 [s0@group-E8AE2E048FCA-LeaderStateImpl] TRACE segmented.SegmentedRaftLogCache (AutoCloseableReadWriteLock.java:logLocking(65)) - s0@group-E8AE2E048FCA: readLock ACQUIRED 1 by SegmentedRaftLogCache$LogSegmentList.countCached
2022-07-14 02:38:07,328 [s0@group-E8AE2E048FCA-LeaderStateImpl] TRACE segmented.SegmentedRaftLogCache (AutoCloseableReadWriteLock.java:logLocking(65)) - s0@group-E8AE2E048FCA: readLock RELEASED 0 by SegmentedRaftLogCache$LogSegmentList.countCached
2022-07-14 02:38:07,328 [s0@group-E8AE2E048FCA-LeaderStateImpl] TRACE segmented.SegmentedRaftLogCache (AutoCloseableReadWriteLock.java:logLocking(65)) - s0@group-E8AE2E048FCA: readLock ACQUIRED 1 by SegmentedRaftLogCache$LogSegmentList.getTotalCacheSize
2022-07-14 02:38:07,328 [s0@group-E8AE2E048FCA-LeaderStateImpl] TRACE segmented.SegmentedRaftLogCache (AutoCloseableReadWriteLock.java:logLocking(65)) - s0@group-E8AE2E048FCA: readLock RELEASED 0 by SegmentedRaftLogCache$LogSegmentList.getTotalCacheSize
2022-07-14 02:38:07,328 [s0@group-E8AE2E048FCA-LeaderStateImpl] DEBUG segmented.SegmentedRaftLogWorker (SegmentedRaftLogWorker.java:addIOTask(270)) - s0@group-E8AE2E048FCA-SegmentedRaftLogWorker adds IO task WriteLog:84: (t:1, i:84), METADATAENTRY(c:83)
2022-07-14 02:38:07,328 [s0@group-E8AE2E048FCA-SegmentedRaftLogWorker] DEBUG segmented.SegmentedRaftLogWorker (SegmentedRaftLogWorker.java:flushIfNecessary(365)) - s0@group-E8AE2E048FCA-SegmentedRaftLogWorker: flush SegmentedRaftLogOutputStream(/home/runner/work/ratis/ratis/ratis-test/target/test/data/f69c223b/MiniRaftClusterWithSimulatedRpc37250022/s0/24813b6b-21de-410f-95d3-e8ae2e048fca/current/log_inprogress_0)
2022-07-14 02:38:07,328 [s0@group-E8AE2E048FCA-StateMachineUpdater] INFO  statemachine.SimpleStateMachine4Testing (SimpleStateMachine4Testing.java:put(204)) - s0: put 83, m41 -> (t:1, i:83), STATEMACHINELOGENTRY, 369@client-4187B1F4E061
2022-07-14 02:38:07,329 [s0@group-E8AE2E048FCA-LeaderStateImpl] TRACE segmented.SegmentedRaftLogCache (AutoCloseableReadWriteLock.java:logLocking(65)) - s0@group-E8AE2E048FCA: readLock ACQUIRED 1 by SegmentedRaftLogCache.getStartIndex
2022-07-14 02:38:07,329 [s0@group-E8AE2E048FCA-LeaderStateImpl] TRACE segmented.SegmentedRaftLogCache (AutoCloseableReadWriteLock.java:logLocking(65)) -   s0@group-E8AE2E048FCA: readLock ACQUIRED 2 by SegmentedRaftLogCache$LogSegmentList.isEmpty
2022-07-14 02:38:07,329 [s0@group-E8AE2E048FCA-LeaderStateImpl] TRACE segmented.SegmentedRaftLogCache (AutoCloseableReadWriteLock.java:logLocking(65)) -   s0@group-E8AE2E048FCA: readLock RELEASED 1 by SegmentedRaftLogCache$LogSegmentList.isEmpty
2022-07-14 02:38:07,329 [s0@group-E8AE2E048FCA-LeaderStateImpl] TRACE segmented.SegmentedRaftLogCache (AutoCloseableReadWriteLock.java:logLocking(65)) - s0@group-E8AE2E048FCA: readLock RELEASED 0 by SegmentedRaftLogCache.getStartIndex
2022-07-14 02:38:07,329 [s0@group-E8AE2E048FCA-LeaderStateImpl] TRACE segmented.SegmentedRaftLogCache (AutoCloseableReadWriteLock.java:logLocking(65)) - s0@group-E8AE2E048FCA: readLock ACQUIRED 1 by SegmentedRaftLogCache.getEndIndex
2022-07-14 02:38:07,329 [s0@group-E8AE2E048FCA-LeaderStateImpl] TRACE segmented.SegmentedRaftLogCache (AutoCloseableReadWriteLock.java:logLocking(65)) - s0@group-E8AE2E048FCA: readLock RELEASED 0 by SegmentedRaftLogCache.getEndIndex
2022-07-14 02:38:07,329 [s0@group-E8AE2E048FCA-LeaderStateImpl] TRACE segmented.SegmentedRaftLogCache (AutoCloseableReadWriteLock.java:logLocking(65)) - s0@group-E8AE2E048FCA: readLock ACQUIRED 1 by SegmentedRaftLogCache$LogSegmentList.getTermIndex
2022-07-14 02:38:07,329 [s0@group-E8AE2E048FCA-LeaderStateImpl] TRACE segmented.SegmentedRaftLogCache (AutoCloseableReadWriteLock.java:logLocking(65)) - s0@group-E8AE2E048FCA: readLock RELEASED 0 by SegmentedRaftLogCache$LogSegmentList.getTermIndex
2022-07-14 02:38:07,329 [s0-client-thread1] TRACE segmented.SegmentedRaftLogCache (AutoCloseableReadWriteLock.java:logLocking(65)) - s0@group-E8AE2E048FCA: readLock ACQUIRED 1 by SegmentedRaftLogCache.getLastTermIndex
2022-07-14 02:38:07,329 [s0-client-thread1] TRACE segmented.SegmentedRaftLogCache (AutoCloseableReadWriteLock.java:logLocking(65)) - s0@group-E8AE2E048FCA: readLock RELEASED 0 by SegmentedRaftLogCache.getLastTermIndex
2022-07-14 02:38:07,329 [s0-client-thread1] TRACE segmented.SegmentedRaftLogCache (AutoCloseableReadWriteLock.java:logLocking(65)) - s0@group-E8AE2E048FCA: readLock ACQUIRED 1 by SegmentedRaftLogCache.getLastTermIndex
2022-07-14 02:38:07,329 [s0-client-thread1] TRACE segmented.SegmentedRaftLogCache (AutoCloseableReadWriteLock.java:logLocking(65)) - s0@group-E8AE2E048FCA: readLock RELEASED 0 by SegmentedRaftLogCache.getLastTermIndex
2022-07-14 02:38:07,329 [s0-client-thread1] TRACE segmented.SegmentedRaftLogCache (AutoCloseableReadWriteLock.java:logLocking(65)) - s0@group-E8AE2E048FCA: readLock ACQUIRED 1 by SegmentedRaftLogCache$LogSegmentList.countCached
2022-07-14 02:38:07,329 [s0-client-thread1] TRACE segmented.SegmentedRaftLogCache (AutoCloseableReadWriteLock.java:logLocking(65)) - s0@group-E8AE2E048FCA: readLock RELEASED 0 by SegmentedRaftLogCache$LogSegmentList.countCached
2022-07-14 02:38:07,330 [s0-client-thread1] TRACE segmented.SegmentedRaftLogCache (AutoCloseableReadWriteLock.java:logLocking(65)) - s0@group-E8AE2E048FCA: readLock ACQUIRED 1 by SegmentedRaftLogCache$LogSegmentList.getTotalCacheSize
2022-07-14 02:38:07,330 [s0-client-thread1] TRACE segmented.SegmentedRaftLogCache (AutoCloseableReadWriteLock.java:logLocking(65)) - s0@group-E8AE2E048FCA: readLock RELEASED 0 by SegmentedRaftLogCache$LogSegmentList.getTotalCacheSize
2022-07-14 02:38:07,330 [s0-client-thread1] DEBUG segmented.SegmentedRaftLogWorker (SegmentedRaftLogWorker.java:addIOTask(270)) - s0@group-E8AE2E048FCA-SegmentedRaftLogWorker adds IO task WriteLog:85: (t:1, i:85), STATEMACHINELOGENTRY, StateMachineLogEntryProto:370@client-4187B1F4E061
2022-07-14 02:38:07,330 [s0@group-E8AE2E048FCA-SegmentedRaftLogWorker] DEBUG segmented.SegmentedRaftLogWorker (SegmentedRaftLogWorker.java:flushIfNecessary(365)) - s0@group-E8AE2E048FCA-SegmentedRaftLogWorker: flush SegmentedRaftLogOutputStream(/home/runner/work/ratis/ratis/ratis-test/target/test/data/f69c223b/MiniRaftClusterWithSimulatedRpc37250022/s0/24813b6b-21de-410f-95d3-e8ae2e048fca/current/log_inprogress_0)
2022-07-14 02:38:07,330 [s0@group-E8AE2E048FCA-LeaderStateImpl] TRACE segmented.SegmentedRaftLogCache (AutoCloseableReadWriteLock.java:logLocking(65)) - s0@group-E8AE2E048FCA: readLock ACQUIRED 1 by SegmentedRaftLogCache.getStartIndex
2022-07-14 02:38:07,330 [s0@group-E8AE2E048FCA-LeaderStateImpl] TRACE segmented.SegmentedRaftLogCache (AutoCloseableReadWriteLock.java:logLocking(65)) -   s0@group-E8AE2E048FCA: readLock ACQUIRED 2 by SegmentedRaftLogCache$LogSegmentList.isEmpty
2022-07-14 02:38:07,331 [s0@group-E8AE2E048FCA-LeaderStateImpl] TRACE segmented.SegmentedRaftLogCache (AutoCloseableReadWriteLock.java:logLocking(65)) -   s0@group-E8AE2E048FCA: readLock RELEASED 1 by SegmentedRaftLogCache$LogSegmentList.isEmpty
2022-07-14 02:38:07,331 [s0@group-E8AE2E048FCA-LeaderStateImpl] TRACE segmented.SegmentedRaftLogCache (AutoCloseableReadWriteLock.java:logLocking(65)) - s0@group-E8AE2E048FCA: readLock RELEASED 0 by SegmentedRaftLogCache.getStartIndex
2022-07-14 02:38:07,331 [s0@group-E8AE2E048FCA-LeaderStateImpl] TRACE segmented.SegmentedRaftLogCache (AutoCloseableReadWriteLock.java:logLocking(65)) - s0@group-E8AE2E048FCA: readLock ACQUIRED 1 by SegmentedRaftLogCache.getEndIndex
2022-07-14 02:38:07,331 [s0@group-E8AE2E048FCA-LeaderStateImpl] TRACE segmented.SegmentedRaftLogCache (AutoCloseableReadWriteLock.java:logLocking(65)) - s0@group-E8AE2E048FCA: readLock RELEASED 0 by SegmentedRaftLogCache.getEndIndex
2022-07-14 02:38:07,331 [s0@group-E8AE2E048FCA-LeaderStateImpl] TRACE segmented.SegmentedRaftLogCache (AutoCloseableReadWriteLock.java:logLocking(65)) - s0@group-E8AE2E048FCA: readLock ACQUIRED 1 by SegmentedRaftLogCache$LogSegmentList.getTermIndex
2022-07-14 02:38:07,331 [s0@group-E8AE2E048FCA-LeaderStateImpl] TRACE segmented.SegmentedRaftLogCache (AutoCloseableReadWriteLock.java:logLocking(65)) - s0@group-E8AE2E048FCA: readLock RELEASED 0 by SegmentedRaftLogCache$LogSegmentList.getTermIndex
2022-07-14 02:38:07,331 [s0@group-E8AE2E048FCA-StateMachineUpdater] INFO  statemachine.SimpleStateMachine4Testing (SimpleStateMachine4Testing.java:put(204)) - s0: put 85, m42 -> (t:1, i:85), STATEMACHINELOGENTRY, 370@client-4187B1F4E061
2022-07-14 02:38:07,331 [s0@group-E8AE2E048FCA-LeaderStateImpl] TRACE segmented.SegmentedRaftLogCache (AutoCloseableReadWriteLock.java:logLocking(65)) - s0@group-E8AE2E048FCA: readLock ACQUIRED 1 by SegmentedRaftLogCache.getLastTermIndex
2022-07-14 02:38:07,331 [s0@group-E8AE2E048FCA-LeaderStateImpl] TRACE segmented.SegmentedRaftLogCache (AutoCloseableReadWriteLock.java:logLocking(65)) - s0@group-E8AE2E048FCA: readLock RELEASED 0 by SegmentedRaftLogCache.getLastTermIndex
2022-07-14 02:38:07,331 [s0@group-E8AE2E048FCA-LeaderStateImpl] TRACE segmented.SegmentedRaftLogCache (AutoCloseableReadWriteLock.java:logLocking(65)) - s0@group-E8AE2E048FCA: readLock ACQUIRED 1 by SegmentedRaftLogCache$LogSegmentList.countCached
2022-07-14 02:38:07,331 [s0@group-E8AE2E048FCA-LeaderStateImpl] TRACE segmented.SegmentedRaftLogCache (AutoCloseableReadWriteLock.java:logLocking(65)) - s0@group-E8AE2E048FCA: readLock RELEASED 0 by SegmentedRaftLogCache$LogSegmentList.countCached
2022-07-14 02:38:07,331 [s0@group-E8AE2E048FCA-LeaderStateImpl] TRACE segmented.SegmentedRaftLogCache (AutoCloseableReadWriteLock.java:logLocking(65)) - s0@group-E8AE2E048FCA: readLock ACQUIRED 1 by SegmentedRaftLogCache$LogSegmentList.getTotalCacheSize
2022-07-14 02:38:07,331 [s0@group-E8AE2E048FCA-LeaderStateImpl] TRACE segmented.SegmentedRaftLogCache (AutoCloseableReadWriteLock.java:logLocking(65)) - s0@group-E8AE2E048FCA: readLock RELEASED 0 by SegmentedRaftLogCache$LogSegmentList.getTotalCacheSize
2022-07-14 02:38:07,331 [s0@group-E8AE2E048FCA-LeaderStateImpl] DEBUG segmented.SegmentedRaftLogWorker (SegmentedRaftLogWorker.java:addIOTask(270)) - s0@group-E8AE2E048FCA-SegmentedRaftLogWorker adds IO task WriteLog:86: (t:1, i:86), METADATAENTRY(c:85)
2022-07-14 02:38:07,332 [s0@group-E8AE2E048FCA-SegmentedRaftLogWorker] DEBUG segmented.SegmentedRaftLogWorker (SegmentedRaftLogWorker.java:flushIfNecessary(365)) - s0@group-E8AE2E048FCA-SegmentedRaftLogWorker: flush SegmentedRaftLogOutputStream(/home/runner/work/ratis/ratis/ratis-test/target/test/data/f69c223b/MiniRaftClusterWithSimulatedRpc37250022/s0/24813b6b-21de-410f-95d3-e8ae2e048fca/current/log_inprogress_0)
2022-07-14 02:38:07,332 [s0-client-thread1] TRACE segmented.SegmentedRaftLogCache (AutoCloseableReadWriteLock.java:logLocking(65)) - s0@group-E8AE2E048FCA: readLock ACQUIRED 1 by SegmentedRaftLogCache.getLastTermIndex
2022-07-14 02:38:07,332 [s0-client-thread1] TRACE segmented.SegmentedRaftLogCache (AutoCloseableReadWriteLock.java:logLocking(65)) - s0@group-E8AE2E048FCA: readLock RELEASED 0 by SegmentedRaftLogCache.getLastTermIndex
2022-07-14 02:38:07,332 [s0-client-thread1] TRACE segmented.SegmentedRaftLogCache (AutoCloseableReadWriteLock.java:logLocking(65)) - s0@group-E8AE2E048FCA: readLock ACQUIRED 1 by SegmentedRaftLogCache.getLastTermIndex
2022-07-14 02:38:07,332 [s0-client-thread1] TRACE segmented.SegmentedRaftLogCache (AutoCloseableReadWriteLock.java:logLocking(65)) - s0@group-E8AE2E048FCA: readLock RELEASED 0 by SegmentedRaftLogCache.getLastTermIndex
2022-07-14 02:38:07,332 [s0-client-thread1] TRACE segmented.SegmentedRaftLogCache (AutoCloseableReadWriteLock.java:logLocking(65)) - s0@group-E8AE2E048FCA: readLock ACQUIRED 1 by SegmentedRaftLogCache$LogSegmentList.countCached
2022-07-14 02:38:07,332 [s0-client-thread1] TRACE segmented.SegmentedRaftLogCache (AutoCloseableReadWriteLock.java:logLocking(65)) - s0@group-E8AE2E048FCA: readLock RELEASED 0 by SegmentedRaftLogCache$LogSegmentList.countCached
2022-07-14 02:38:07,332 [s0-client-thread1] TRACE segmented.SegmentedRaftLogCache (AutoCloseableReadWriteLock.java:logLocking(65)) - s0@group-E8AE2E048FCA: readLock ACQUIRED 1 by SegmentedRaftLogCache$LogSegmentList.getTotalCacheSize
2022-07-14 02:38:07,332 [s0-client-thread1] TRACE segmented.SegmentedRaftLogCache (AutoCloseableReadWriteLock.java:logLocking(65)) - s0@group-E8AE2E048FCA: readLock RELEASED 0 by SegmentedRaftLogCache$LogSegmentList.getTotalCacheSize
2022-07-14 02:38:07,332 [s0-client-thread1] DEBUG segmented.SegmentedRaftLogWorker (SegmentedRaftLogWorker.java:addIOTask(270)) - s0@group-E8AE2E048FCA-SegmentedRaftLogWorker adds IO task WriteLog:87: (t:1, i:87), STATEMACHINELOGENTRY, StateMachineLogEntryProto:371@client-4187B1F4E061
2022-07-14 02:38:07,332 [s0@group-E8AE2E048FCA-SegmentedRaftLogWorker] DEBUG segmented.SegmentedRaftLogWorker (SegmentedRaftLogWorker.java:flushIfNecessary(365)) - s0@group-E8AE2E048FCA-SegmentedRaftLogWorker: flush SegmentedRaftLogOutputStream(/home/runner/work/ratis/ratis/ratis-test/target/test/data/f69c223b/MiniRaftClusterWithSimulatedRpc37250022/s0/24813b6b-21de-410f-95d3-e8ae2e048fca/current/log_inprogress_0)
2022-07-14 02:38:07,332 [s0@group-E8AE2E048FCA-LeaderStateImpl] TRACE segmented.SegmentedRaftLogCache (AutoCloseableReadWriteLock.java:logLocking(65)) - s0@group-E8AE2E048FCA: readLock ACQUIRED 1 by SegmentedRaftLogCache.getStartIndex
2022-07-14 02:38:07,333 [s0@group-E8AE2E048FCA-LeaderStateImpl] TRACE segmented.SegmentedRaftLogCache (AutoCloseableReadWriteLock.java:logLocking(65)) -   s0@group-E8AE2E048FCA: readLock ACQUIRED 2 by SegmentedRaftLogCache$LogSegmentList.isEmpty
2022-07-14 02:38:07,333 [s0@group-E8AE2E048FCA-LeaderStateImpl] TRACE segmented.SegmentedRaftLogCache (AutoCloseableReadWriteLock.java:logLocking(65)) -   s0@group-E8AE2E048FCA: readLock RELEASED 1 by SegmentedRaftLogCache$LogSegmentList.isEmpty
2022-07-14 02:38:07,333 [s0@group-E8AE2E048FCA-LeaderStateImpl] TRACE segmented.SegmentedRaftLogCache (AutoCloseableReadWriteLock.java:logLocking(65)) - s0@group-E8AE2E048FCA: readLock RELEASED 0 by SegmentedRaftLogCache.getStartIndex
2022-07-14 02:38:07,333 [s0@group-E8AE2E048FCA-LeaderStateImpl] TRACE segmented.SegmentedRaftLogCache (AutoCloseableReadWriteLock.java:logLocking(65)) - s0@group-E8AE2E048FCA: readLock ACQUIRED 1 by SegmentedRaftLogCache.getEndIndex
2022-07-14 02:38:07,333 [s0@group-E8AE2E048FCA-LeaderStateImpl] TRACE segmented.SegmentedRaftLogCache (AutoCloseableReadWriteLock.java:logLocking(65)) - s0@group-E8AE2E048FCA: readLock RELEASED 0 by SegmentedRaftLogCache.getEndIndex
2022-07-14 02:38:07,333 [s0@group-E8AE2E048FCA-LeaderStateImpl] TRACE segmented.SegmentedRaftLogCache (AutoCloseableReadWriteLock.java:logLocking(65)) - s0@group-E8AE2E048FCA: readLock ACQUIRED 1 by SegmentedRaftLogCache$LogSegmentList.getTermIndex
2022-07-14 02:38:07,333 [s0@group-E8AE2E048FCA-LeaderStateImpl] TRACE segmented.SegmentedRaftLogCache (AutoCloseableReadWriteLock.java:logLocking(65)) - s0@group-E8AE2E048FCA: readLock RELEASED 0 by SegmentedRaftLogCache$LogSegmentList.getTermIndex
2022-07-14 02:38:07,333 [s0@group-E8AE2E048FCA-LeaderStateImpl] TRACE segmented.SegmentedRaftLogCache (AutoCloseableReadWriteLock.java:logLocking(65)) - s0@group-E8AE2E048FCA: readLock ACQUIRED 1 by SegmentedRaftLogCache.getStartIndex
2022-07-14 02:38:07,333 [s0@group-E8AE2E048FCA-LeaderStateImpl] TRACE segmented.SegmentedRaftLogCache (AutoCloseableReadWriteLock.java:logLocking(65)) -   s0@group-E8AE2E048FCA: readLock ACQUIRED 2 by SegmentedRaftLogCache$LogSegmentList.isEmpty
2022-07-14 02:38:07,333 [s0@group-E8AE2E048FCA-LeaderStateImpl] TRACE segmented.SegmentedRaftLogCache (AutoCloseableReadWriteLock.java:logLocking(65)) -   s0@group-E8AE2E048FCA: readLock RELEASED 1 by SegmentedRaftLogCache$LogSegmentList.isEmpty
2022-07-14 02:38:07,333 [s0@group-E8AE2E048FCA-LeaderStateImpl] TRACE segmented.SegmentedRaftLogCache (AutoCloseableReadWriteLock.java:logLocking(65)) - s0@group-E8AE2E048FCA: readLock RELEASED 0 by SegmentedRaftLogCache.getStartIndex
2022-07-14 02:38:07,333 [s0@group-E8AE2E048FCA-LeaderStateImpl] TRACE segmented.SegmentedRaftLogCache (AutoCloseableReadWriteLock.java:logLocking(65)) - s0@group-E8AE2E048FCA: readLock ACQUIRED 1 by SegmentedRaftLogCache.getEndIndex
2022-07-14 02:38:07,333 [s0@group-E8AE2E048FCA-LeaderStateImpl] TRACE segmented.SegmentedRaftLogCache (AutoCloseableReadWriteLock.java:logLocking(65)) - s0@group-E8AE2E048FCA: readLock RELEASED 0 by SegmentedRaftLogCache.getEndIndex
2022-07-14 02:38:07,333 [s0@group-E8AE2E048FCA-LeaderStateImpl] TRACE segmented.SegmentedRaftLogCache (AutoCloseableReadWriteLock.java:logLocking(65)) - s0@group-E8AE2E048FCA: readLock ACQUIRED 1 by SegmentedRaftLogCache$LogSegmentList.getTermIndex
2022-07-14 02:38:07,333 [s0@group-E8AE2E048FCA-LeaderStateImpl] TRACE segmented.SegmentedRaftLogCache (AutoCloseableReadWriteLock.java:logLocking(65)) - s0@group-E8AE2E048FCA: readLock RELEASED 0 by SegmentedRaftLogCache$LogSegmentList.getTermIndex
2022-07-14 02:38:07,333 [s0@group-E8AE2E048FCA-StateMachineUpdater] INFO  statemachine.SimpleStateMachine4Testing (SimpleStateMachine4Testing.java:put(204)) - s0: put 87, m43 -> (t:1, i:87), STATEMACHINELOGENTRY, 371@client-4187B1F4E061
2022-07-14 02:38:07,333 [s0@group-E8AE2E048FCA-LeaderStateImpl] TRACE segmented.SegmentedRaftLogCache (AutoCloseableReadWriteLock.java:logLocking(65)) - s0@group-E8AE2E048FCA: readLock ACQUIRED 1 by SegmentedRaftLogCache.getLastTermIndex
2022-07-14 02:38:07,334 [s0@group-E8AE2E048FCA-LeaderStateImpl] TRACE segmented.SegmentedRaftLogCache (AutoCloseableReadWriteLock.java:logLocking(65)) - s0@group-E8AE2E048FCA: readLock RELEASED 0 by SegmentedRaftLogCache.getLastTermIndex
2022-07-14 02:38:07,334 [s0@group-E8AE2E048FCA-LeaderStateImpl] TRACE segmented.SegmentedRaftLogCache (AutoCloseableReadWriteLock.java:logLocking(65)) - s0@group-E8AE2E048FCA: readLock ACQUIRED 1 by SegmentedRaftLogCache$LogSegmentList.countCached
2022-07-14 02:38:07,334 [s0@group-E8AE2E048FCA-LeaderStateImpl] TRACE segmented.SegmentedRaftLogCache (AutoCloseableReadWriteLock.java:logLocking(65)) - s0@group-E8AE2E048FCA: readLock RELEASED 0 by SegmentedRaftLogCache$LogSegmentList.countCached
2022-07-14 02:38:07,335 [s0@group-E8AE2E048FCA-LeaderStateImpl] TRACE segmented.SegmentedRaftLogCache (AutoCloseableReadWriteLock.java:logLocking(65)) - s0@group-E8AE2E048FCA: readLock ACQUIRED 1 by SegmentedRaftLogCache$LogSegmentList.getTotalCacheSize
2022-07-14 02:38:07,335 [s0@group-E8AE2E048FCA-LeaderStateImpl] TRACE segmented.SegmentedRaftLogCache (AutoCloseableReadWriteLock.java:logLocking(65)) - s0@group-E8AE2E048FCA: readLock RELEASED 0 by SegmentedRaftLogCache$LogSegmentList.getTotalCacheSize
2022-07-14 02:38:07,335 [s0@group-E8AE2E048FCA-LeaderStateImpl] DEBUG segmented.SegmentedRaftLogWorker (SegmentedRaftLogWorker.java:addIOTask(270)) - s0@group-E8AE2E048FCA-SegmentedRaftLogWorker adds IO task WriteLog:88: (t:1, i:88), METADATAENTRY(c:87)
2022-07-14 02:38:07,335 [s0@group-E8AE2E048FCA-SegmentedRaftLogWorker] DEBUG segmented.SegmentedRaftLogWorker (SegmentedRaftLogWorker.java:flushIfNecessary(365)) - s0@group-E8AE2E048FCA-SegmentedRaftLogWorker: flush SegmentedRaftLogOutputStream(/home/runner/work/ratis/ratis/ratis-test/target/test/data/f69c223b/MiniRaftClusterWithSimulatedRpc37250022/s0/24813b6b-21de-410f-95d3-e8ae2e048fca/current/log_inprogress_0)
2022-07-14 02:38:07,335 [s0-client-thread1] TRACE segmented.SegmentedRaftLogCache (AutoCloseableReadWriteLock.java:logLocking(65)) - s0@group-E8AE2E048FCA: readLock ACQUIRED 1 by SegmentedRaftLogCache.getLastTermIndex
2022-07-14 02:38:07,335 [s0-client-thread1] TRACE segmented.SegmentedRaftLogCache (AutoCloseableReadWriteLock.java:logLocking(65)) - s0@group-E8AE2E048FCA: readLock RELEASED 0 by SegmentedRaftLogCache.getLastTermIndex
2022-07-14 02:38:07,335 [s0-client-thread1] TRACE segmented.SegmentedRaftLogCache (AutoCloseableReadWriteLock.java:logLocking(65)) - s0@group-E8AE2E048FCA: readLock ACQUIRED 1 by SegmentedRaftLogCache.getLastTermIndex
2022-07-14 02:38:07,335 [s0-client-thread1] TRACE segmented.SegmentedRaftLogCache (AutoCloseableReadWriteLock.java:logLocking(65)) - s0@group-E8AE2E048FCA: readLock RELEASED 0 by SegmentedRaftLogCache.getLastTermIndex
2022-07-14 02:38:07,335 [s0-client-thread1] TRACE segmented.SegmentedRaftLogCache (AutoCloseableReadWriteLock.java:logLocking(65)) - s0@group-E8AE2E048FCA: readLock ACQUIRED 1 by SegmentedRaftLogCache$LogSegmentList.countCached
2022-07-14 02:38:07,335 [s0-client-thread1] TRACE segmented.SegmentedRaftLogCache (AutoCloseableReadWriteLock.java:logLocking(65)) - s0@group-E8AE2E048FCA: readLock RELEASED 0 by SegmentedRaftLogCache$LogSegmentList.countCached
2022-07-14 02:38:07,335 [s0-client-thread1] TRACE segmented.SegmentedRaftLogCache (AutoCloseableReadWriteLock.java:logLocking(65)) - s0@group-E8AE2E048FCA: readLock ACQUIRED 1 by SegmentedRaftLogCache$LogSegmentList.getTotalCacheSize
2022-07-14 02:38:07,335 [s0-client-thread1] TRACE segmented.SegmentedRaftLogCache (AutoCloseableReadWriteLock.java:logLocking(65)) - s0@group-E8AE2E048FCA: readLock RELEASED 0 by SegmentedRaftLogCache$LogSegmentList.getTotalCacheSize
2022-07-14 02:38:07,336 [s0-client-thread1] DEBUG segmented.SegmentedRaftLogWorker (SegmentedRaftLogWorker.java:addIOTask(270)) - s0@group-E8AE2E048FCA-SegmentedRaftLogWorker adds IO task WriteLog:89: (t:1, i:89), STATEMACHINELOGENTRY, StateMachineLogEntryProto:372@client-4187B1F4E061
2022-07-14 02:38:07,336 [s0@group-E8AE2E048FCA-SegmentedRaftLogWorker] DEBUG segmented.SegmentedRaftLogWorker (SegmentedRaftLogWorker.java:flushIfNecessary(365)) - s0@group-E8AE2E048FCA-SegmentedRaftLogWorker: flush SegmentedRaftLogOutputStream(/home/runner/work/ratis/ratis/ratis-test/target/test/data/f69c223b/MiniRaftClusterWithSimulatedRpc37250022/s0/24813b6b-21de-410f-95d3-e8ae2e048fca/current/log_inprogress_0)
2022-07-14 02:38:07,336 [s0@group-E8AE2E048FCA-LeaderStateImpl] TRACE segmented.SegmentedRaftLogCache (AutoCloseableReadWriteLock.java:logLocking(65)) - s0@group-E8AE2E048FCA: readLock ACQUIRED 1 by SegmentedRaftLogCache.getStartIndex
2022-07-14 02:38:07,336 [s0@group-E8AE2E048FCA-LeaderStateImpl] TRACE segmented.SegmentedRaftLogCache (AutoCloseableReadWriteLock.java:logLocking(65)) -   s0@group-E8AE2E048FCA: readLock ACQUIRED 2 by SegmentedRaftLogCache$LogSegmentList.isEmpty
2022-07-14 02:38:07,336 [s0@group-E8AE2E048FCA-LeaderStateImpl] TRACE segmented.SegmentedRaftLogCache (AutoCloseableReadWriteLock.java:logLocking(65)) -   s0@group-E8AE2E048FCA: readLock RELEASED 1 by SegmentedRaftLogCache$LogSegmentList.isEmpty
2022-07-14 02:38:07,336 [s0@group-E8AE2E048FCA-LeaderStateImpl] TRACE segmented.SegmentedRaftLogCache (AutoCloseableReadWriteLock.java:logLocking(65)) - s0@group-E8AE2E048FCA: readLock RELEASED 0 by SegmentedRaftLogCache.getStartIndex
2022-07-14 02:38:07,336 [s0@group-E8AE2E048FCA-LeaderStateImpl] TRACE segmented.SegmentedRaftLogCache (AutoCloseableReadWriteLock.java:logLocking(65)) - s0@group-E8AE2E048FCA: readLock ACQUIRED 1 by SegmentedRaftLogCache.getEndIndex
2022-07-14 02:38:07,336 [s0@group-E8AE2E048FCA-LeaderStateImpl] TRACE segmented.SegmentedRaftLogCache (AutoCloseableReadWriteLock.java:logLocking(65)) - s0@group-E8AE2E048FCA: readLock RELEASED 0 by SegmentedRaftLogCache.getEndIndex
2022-07-14 02:38:07,336 [s0@group-E8AE2E048FCA-LeaderStateImpl] TRACE segmented.SegmentedRaftLogCache (AutoCloseableReadWriteLock.java:logLocking(65)) - s0@group-E8AE2E048FCA: readLock ACQUIRED 1 by SegmentedRaftLogCache$LogSegmentList.getTermIndex
2022-07-14 02:38:07,336 [s0@group-E8AE2E048FCA-LeaderStateImpl] TRACE segmented.SegmentedRaftLogCache (AutoCloseableReadWriteLock.java:logLocking(65)) - s0@group-E8AE2E048FCA: readLock RELEASED 0 by SegmentedRaftLogCache$LogSegmentList.getTermIndex
2022-07-14 02:38:07,336 [s0@group-E8AE2E048FCA-LeaderStateImpl] TRACE segmented.SegmentedRaftLogCache (AutoCloseableReadWriteLock.java:logLocking(65)) - s0@group-E8AE2E048FCA: readLock ACQUIRED 1 by SegmentedRaftLogCache.getStartIndex
2022-07-14 02:38:07,336 [s0@group-E8AE2E048FCA-LeaderStateImpl] TRACE segmented.SegmentedRaftLogCache (AutoCloseableReadWriteLock.java:logLocking(65)) -   s0@group-E8AE2E048FCA: readLock ACQUIRED 2 by SegmentedRaftLogCache$LogSegmentList.isEmpty
2022-07-14 02:38:07,336 [s0@group-E8AE2E048FCA-LeaderStateImpl] TRACE segmented.SegmentedRaftLogCache (AutoCloseableReadWriteLock.java:logLocking(65)) -   s0@group-E8AE2E048FCA: readLock RELEASED 1 by SegmentedRaftLogCache$LogSegmentList.isEmpty
2022-07-14 02:38:07,336 [s0@group-E8AE2E048FCA-LeaderStateImpl] TRACE segmented.SegmentedRaftLogCache (AutoCloseableReadWriteLock.java:logLocking(65)) - s0@group-E8AE2E048FCA: readLock RELEASED 0 by SegmentedRaftLogCache.getStartIndex
2022-07-14 02:38:07,336 [s0@group-E8AE2E048FCA-LeaderStateImpl] TRACE segmented.SegmentedRaftLogCache (AutoCloseableReadWriteLock.java:logLocking(65)) - s0@group-E8AE2E048FCA: readLock ACQUIRED 1 by SegmentedRaftLogCache.getEndIndex
2022-07-14 02:38:07,336 [s0@group-E8AE2E048FCA-LeaderStateImpl] TRACE segmented.SegmentedRaftLogCache (AutoCloseableReadWriteLock.java:logLocking(65)) - s0@group-E8AE2E048FCA: readLock RELEASED 0 by SegmentedRaftLogCache.getEndIndex
2022-07-14 02:38:07,337 [s0@group-E8AE2E048FCA-LeaderStateImpl] TRACE segmented.SegmentedRaftLogCache (AutoCloseableReadWriteLock.java:logLocking(65)) - s0@group-E8AE2E048FCA: readLock ACQUIRED 1 by SegmentedRaftLogCache$LogSegmentList.getTermIndex
2022-07-14 02:38:07,337 [s0@group-E8AE2E048FCA-LeaderStateImpl] TRACE segmented.SegmentedRaftLogCache (AutoCloseableReadWriteLock.java:logLocking(65)) - s0@group-E8AE2E048FCA: readLock RELEASED 0 by SegmentedRaftLogCache$LogSegmentList.getTermIndex
2022-07-14 02:38:07,337 [s0@group-E8AE2E048FCA-StateMachineUpdater] INFO  statemachine.SimpleStateMachine4Testing (SimpleStateMachine4Testing.java:put(204)) - s0: put 89, m44 -> (t:1, i:89), STATEMACHINELOGENTRY, 372@client-4187B1F4E061
2022-07-14 02:38:07,337 [s0@group-E8AE2E048FCA-LeaderStateImpl] TRACE segmented.SegmentedRaftLogCache (AutoCloseableReadWriteLock.java:logLocking(65)) - s0@group-E8AE2E048FCA: readLock ACQUIRED 1 by SegmentedRaftLogCache.getLastTermIndex
2022-07-14 02:38:07,337 [s0@group-E8AE2E048FCA-LeaderStateImpl] TRACE segmented.SegmentedRaftLogCache (AutoCloseableReadWriteLock.java:logLocking(65)) - s0@group-E8AE2E048FCA: readLock RELEASED 0 by SegmentedRaftLogCache.getLastTermIndex
2022-07-14 02:38:07,337 [s0@group-E8AE2E048FCA-LeaderStateImpl] TRACE segmented.SegmentedRaftLogCache (AutoCloseableReadWriteLock.java:logLocking(65)) - s0@group-E8AE2E048FCA: readLock ACQUIRED 1 by SegmentedRaftLogCache$LogSegmentList.countCached
2022-07-14 02:38:07,337 [s0@group-E8AE2E048FCA-LeaderStateImpl] TRACE segmented.SegmentedRaftLogCache (AutoCloseableReadWriteLock.java:logLocking(65)) - s0@group-E8AE2E048FCA: readLock RELEASED 0 by SegmentedRaftLogCache$LogSegmentList.countCached
2022-07-14 02:38:07,337 [s0@group-E8AE2E048FCA-LeaderStateImpl] TRACE segmented.SegmentedRaftLogCache (AutoCloseableReadWriteLock.java:logLocking(65)) - s0@group-E8AE2E048FCA: readLock ACQUIRED 1 by SegmentedRaftLogCache$LogSegmentList.getTotalCacheSize
2022-07-14 02:38:07,337 [s0@group-E8AE2E048FCA-LeaderStateImpl] TRACE segmented.SegmentedRaftLogCache (AutoCloseableReadWriteLock.java:logLocking(65)) - s0@group-E8AE2E048FCA: readLock RELEASED 0 by SegmentedRaftLogCache$LogSegmentList.getTotalCacheSize
2022-07-14 02:38:07,337 [s0@group-E8AE2E048FCA-LeaderStateImpl] DEBUG segmented.SegmentedRaftLogWorker (SegmentedRaftLogWorker.java:addIOTask(270)) - s0@group-E8AE2E048FCA-SegmentedRaftLogWorker adds IO task WriteLog:90: (t:1, i:90), METADATAENTRY(c:89)
2022-07-14 02:38:07,338 [s0@group-E8AE2E048FCA-SegmentedRaftLogWorker] DEBUG segmented.SegmentedRaftLogWorker (SegmentedRaftLogWorker.java:flushIfNecessary(365)) - s0@group-E8AE2E048FCA-SegmentedRaftLogWorker: flush SegmentedRaftLogOutputStream(/home/runner/work/ratis/ratis/ratis-test/target/test/data/f69c223b/MiniRaftClusterWithSimulatedRpc37250022/s0/24813b6b-21de-410f-95d3-e8ae2e048fca/current/log_inprogress_0)
2022-07-14 02:38:07,338 [s0-client-thread1] TRACE segmented.SegmentedRaftLogCache (AutoCloseableReadWriteLock.java:logLocking(65)) - s0@group-E8AE2E048FCA: readLock ACQUIRED 1 by SegmentedRaftLogCache.getLastTermIndex
2022-07-14 02:38:07,338 [s0-client-thread1] TRACE segmented.SegmentedRaftLogCache (AutoCloseableReadWriteLock.java:logLocking(65)) - s0@group-E8AE2E048FCA: readLock RELEASED 0 by SegmentedRaftLogCache.getLastTermIndex
2022-07-14 02:38:07,338 [s0-client-thread1] TRACE segmented.SegmentedRaftLogCache (AutoCloseableReadWriteLock.java:logLocking(65)) - s0@group-E8AE2E048FCA: readLock ACQUIRED 1 by SegmentedRaftLogCache.getLastTermIndex
2022-07-14 02:38:07,338 [s0-client-thread1] TRACE segmented.SegmentedRaftLogCache (AutoCloseableReadWriteLock.java:logLocking(65)) - s0@group-E8AE2E048FCA: readLock RELEASED 0 by SegmentedRaftLogCache.getLastTermIndex
2022-07-14 02:38:07,338 [s0-client-thread1] TRACE segmented.SegmentedRaftLogCache (AutoCloseableReadWriteLock.java:logLocking(65)) - s0@group-E8AE2E048FCA: readLock ACQUIRED 1 by SegmentedRaftLogCache$LogSegmentList.countCached
2022-07-14 02:38:07,338 [s0-client-thread1] TRACE segmented.SegmentedRaftLogCache (AutoCloseableReadWriteLock.java:logLocking(65)) - s0@group-E8AE2E048FCA: readLock RELEASED 0 by SegmentedRaftLogCache$LogSegmentList.countCached
2022-07-14 02:38:07,338 [s0-client-thread1] TRACE segmented.SegmentedRaftLogCache (AutoCloseableReadWriteLock.java:logLocking(65)) - s0@group-E8AE2E048FCA: readLock ACQUIRED 1 by SegmentedRaftLogCache$LogSegmentList.getTotalCacheSize
2022-07-14 02:38:07,338 [s0-client-thread1] TRACE segmented.SegmentedRaftLogCache (AutoCloseableReadWriteLock.java:logLocking(65)) - s0@group-E8AE2E048FCA: readLock RELEASED 0 by SegmentedRaftLogCache$LogSegmentList.getTotalCacheSize
2022-07-14 02:38:07,339 [s0-client-thread1] DEBUG segmented.SegmentedRaftLogWorker (SegmentedRaftLogWorker.java:addIOTask(270)) - s0@group-E8AE2E048FCA-SegmentedRaftLogWorker adds IO task WriteLog:91: (t:1, i:91), STATEMACHINELOGENTRY, StateMachineLogEntryProto:373@client-4187B1F4E061
2022-07-14 02:38:07,339 [s0@group-E8AE2E048FCA-SegmentedRaftLogWorker] DEBUG segmented.SegmentedRaftLogWorker (SegmentedRaftLogWorker.java:flushIfNecessary(365)) - s0@group-E8AE2E048FCA-SegmentedRaftLogWorker: flush SegmentedRaftLogOutputStream(/home/runner/work/ratis/ratis/ratis-test/target/test/data/f69c223b/MiniRaftClusterWithSimulatedRpc37250022/s0/24813b6b-21de-410f-95d3-e8ae2e048fca/current/log_inprogress_0)
2022-07-14 02:38:07,339 [s0@group-E8AE2E048FCA-LeaderStateImpl] TRACE segmented.SegmentedRaftLogCache (AutoCloseableReadWriteLock.java:logLocking(65)) - s0@group-E8AE2E048FCA: readLock ACQUIRED 1 by SegmentedRaftLogCache.getStartIndex
2022-07-14 02:38:07,339 [s0@group-E8AE2E048FCA-LeaderStateImpl] TRACE segmented.SegmentedRaftLogCache (AutoCloseableReadWriteLock.java:logLocking(65)) -   s0@group-E8AE2E048FCA: readLock ACQUIRED 2 by SegmentedRaftLogCache$LogSegmentList.isEmpty
2022-07-14 02:38:07,339 [s0@group-E8AE2E048FCA-LeaderStateImpl] TRACE segmented.SegmentedRaftLogCache (AutoCloseableReadWriteLock.java:logLocking(65)) -   s0@group-E8AE2E048FCA: readLock RELEASED 1 by SegmentedRaftLogCache$LogSegmentList.isEmpty
2022-07-14 02:38:07,339 [s0@group-E8AE2E048FCA-LeaderStateImpl] TRACE segmented.SegmentedRaftLogCache (AutoCloseableReadWriteLock.java:logLocking(65)) - s0@group-E8AE2E048FCA: readLock RELEASED 0 by SegmentedRaftLogCache.getStartIndex
2022-07-14 02:38:07,339 [s0@group-E8AE2E048FCA-LeaderStateImpl] TRACE segmented.SegmentedRaftLogCache (AutoCloseableReadWriteLock.java:logLocking(65)) - s0@group-E8AE2E048FCA: readLock ACQUIRED 1 by SegmentedRaftLogCache.getEndIndex
2022-07-14 02:38:07,339 [s0@group-E8AE2E048FCA-LeaderStateImpl] TRACE segmented.SegmentedRaftLogCache (AutoCloseableReadWriteLock.java:logLocking(65)) - s0@group-E8AE2E048FCA: readLock RELEASED 0 by SegmentedRaftLogCache.getEndIndex
2022-07-14 02:38:07,339 [s0@group-E8AE2E048FCA-LeaderStateImpl] TRACE segmented.SegmentedRaftLogCache (AutoCloseableReadWriteLock.java:logLocking(65)) - s0@group-E8AE2E048FCA: readLock ACQUIRED 1 by SegmentedRaftLogCache$LogSegmentList.getTermIndex
2022-07-14 02:38:07,339 [s0@group-E8AE2E048FCA-LeaderStateImpl] TRACE segmented.SegmentedRaftLogCache (AutoCloseableReadWriteLock.java:logLocking(65)) - s0@group-E8AE2E048FCA: readLock RELEASED 0 by SegmentedRaftLogCache$LogSegmentList.getTermIndex
2022-07-14 02:38:07,339 [s0@group-E8AE2E048FCA-LeaderStateImpl] TRACE segmented.SegmentedRaftLogCache (AutoCloseableReadWriteLock.java:logLocking(65)) - s0@group-E8AE2E048FCA: readLock ACQUIRED 1 by SegmentedRaftLogCache.getStartIndex
2022-07-14 02:38:07,339 [s0@group-E8AE2E048FCA-LeaderStateImpl] TRACE segmented.SegmentedRaftLogCache (AutoCloseableReadWriteLock.java:logLocking(65)) -   s0@group-E8AE2E048FCA: readLock ACQUIRED 2 by SegmentedRaftLogCache$LogSegmentList.isEmpty
2022-07-14 02:38:07,339 [s0@group-E8AE2E048FCA-LeaderStateImpl] TRACE segmented.SegmentedRaftLogCache (AutoCloseableReadWriteLock.java:logLocking(65)) -   s0@group-E8AE2E048FCA: readLock RELEASED 1 by SegmentedRaftLogCache$LogSegmentList.isEmpty
2022-07-14 02:38:07,339 [s0@group-E8AE2E048FCA-LeaderStateImpl] TRACE segmented.SegmentedRaftLogCache (AutoCloseableReadWriteLock.java:logLocking(65)) - s0@group-E8AE2E048FCA: readLock RELEASED 0 by SegmentedRaftLogCache.getStartIndex
2022-07-14 02:38:07,339 [s0@group-E8AE2E048FCA-LeaderStateImpl] TRACE segmented.SegmentedRaftLogCache (AutoCloseableReadWriteLock.java:logLocking(65)) - s0@group-E8AE2E048FCA: readLock ACQUIRED 1 by SegmentedRaftLogCache.getEndIndex
2022-07-14 02:38:07,340 [s0@group-E8AE2E048FCA-LeaderStateImpl] TRACE segmented.SegmentedRaftLogCache (AutoCloseableReadWriteLock.java:logLocking(65)) - s0@group-E8AE2E048FCA: readLock RELEASED 0 by SegmentedRaftLogCache.getEndIndex
2022-07-14 02:38:07,340 [s0@group-E8AE2E048FCA-LeaderStateImpl] TRACE segmented.SegmentedRaftLogCache (AutoCloseableReadWriteLock.java:logLocking(65)) - s0@group-E8AE2E048FCA: readLock ACQUIRED 1 by SegmentedRaftLogCache$LogSegmentList.getTermIndex
2022-07-14 02:38:07,340 [s0@group-E8AE2E048FCA-LeaderStateImpl] TRACE segmented.SegmentedRaftLogCache (AutoCloseableReadWriteLock.java:logLocking(65)) - s0@group-E8AE2E048FCA: readLock RELEASED 0 by SegmentedRaftLogCache$LogSegmentList.getTermIndex
2022-07-14 02:38:07,340 [s0@group-E8AE2E048FCA-LeaderStateImpl] TRACE segmented.SegmentedRaftLogCache (AutoCloseableReadWriteLock.java:logLocking(65)) - s0@group-E8AE2E048FCA: readLock ACQUIRED 1 by SegmentedRaftLogCache.getLastTermIndex
2022-07-14 02:38:07,340 [s0@group-E8AE2E048FCA-LeaderStateImpl] TRACE segmented.SegmentedRaftLogCache (AutoCloseableReadWriteLock.java:logLocking(65)) - s0@group-E8AE2E048FCA: readLock RELEASED 0 by SegmentedRaftLogCache.getLastTermIndex
2022-07-14 02:38:07,340 [s0@group-E8AE2E048FCA-LeaderStateImpl] TRACE segmented.SegmentedRaftLogCache (AutoCloseableReadWriteLock.java:logLocking(65)) - s0@group-E8AE2E048FCA: readLock ACQUIRED 1 by SegmentedRaftLogCache$LogSegmentList.countCached
2022-07-14 02:38:07,340 [s0@group-E8AE2E048FCA-LeaderStateImpl] TRACE segmented.SegmentedRaftLogCache (AutoCloseableReadWriteLock.java:logLocking(65)) - s0@group-E8AE2E048FCA: readLock RELEASED 0 by SegmentedRaftLogCache$LogSegmentList.countCached
2022-07-14 02:38:07,340 [s0@group-E8AE2E048FCA-LeaderStateImpl] TRACE segmented.SegmentedRaftLogCache (AutoCloseableReadWriteLock.java:logLocking(65)) - s0@group-E8AE2E048FCA: readLock ACQUIRED 1 by SegmentedRaftLogCache$LogSegmentList.getTotalCacheSize
2022-07-14 02:38:07,340 [s0@group-E8AE2E048FCA-LeaderStateImpl] TRACE segmented.SegmentedRaftLogCache (AutoCloseableReadWriteLock.java:logLocking(65)) - s0@group-E8AE2E048FCA: readLock RELEASED 0 by SegmentedRaftLogCache$LogSegmentList.getTotalCacheSize
2022-07-14 02:38:07,340 [s0@group-E8AE2E048FCA-LeaderStateImpl] DEBUG segmented.SegmentedRaftLogWorker (SegmentedRaftLogWorker.java:addIOTask(270)) - s0@group-E8AE2E048FCA-SegmentedRaftLogWorker adds IO task WriteLog:92: (t:1, i:92), METADATAENTRY(c:91)
2022-07-14 02:38:07,340 [s0@group-E8AE2E048FCA-SegmentedRaftLogWorker] DEBUG segmented.SegmentedRaftLogWorker (SegmentedRaftLogWorker.java:flushIfNecessary(365)) - s0@group-E8AE2E048FCA-SegmentedRaftLogWorker: flush SegmentedRaftLogOutputStream(/home/runner/work/ratis/ratis/ratis-test/target/test/data/f69c223b/MiniRaftClusterWithSimulatedRpc37250022/s0/24813b6b-21de-410f-95d3-e8ae2e048fca/current/log_inprogress_0)
2022-07-14 02:38:07,340 [s0@group-E8AE2E048FCA-StateMachineUpdater] INFO  statemachine.SimpleStateMachine4Testing (SimpleStateMachine4Testing.java:put(204)) - s0: put 91, m45 -> (t:1, i:91), STATEMACHINELOGENTRY, 373@client-4187B1F4E061
2022-07-14 02:38:07,341 [s0-client-thread1] TRACE segmented.SegmentedRaftLogCache (AutoCloseableReadWriteLock.java:logLocking(65)) - s0@group-E8AE2E048FCA: readLock ACQUIRED 1 by SegmentedRaftLogCache.getLastTermIndex
2022-07-14 02:38:07,341 [s0-client-thread1] TRACE segmented.SegmentedRaftLogCache (AutoCloseableReadWriteLock.java:logLocking(65)) - s0@group-E8AE2E048FCA: readLock RELEASED 0 by SegmentedRaftLogCache.getLastTermIndex
2022-07-14 02:38:07,341 [s0-client-thread1] TRACE segmented.SegmentedRaftLogCache (AutoCloseableReadWriteLock.java:logLocking(65)) - s0@group-E8AE2E048FCA: readLock ACQUIRED 1 by SegmentedRaftLogCache.getLastTermIndex
2022-07-14 02:38:07,341 [s0-client-thread1] TRACE segmented.SegmentedRaftLogCache (AutoCloseableReadWriteLock.java:logLocking(65)) - s0@group-E8AE2E048FCA: readLock RELEASED 0 by SegmentedRaftLogCache.getLastTermIndex
2022-07-14 02:38:07,341 [s0-client-thread1] TRACE segmented.SegmentedRaftLogCache (AutoCloseableReadWriteLock.java:logLocking(65)) - s0@group-E8AE2E048FCA: readLock ACQUIRED 1 by SegmentedRaftLogCache$LogSegmentList.countCached
2022-07-14 02:38:07,341 [s0-client-thread1] TRACE segmented.SegmentedRaftLogCache (AutoCloseableReadWriteLock.java:logLocking(65)) - s0@group-E8AE2E048FCA: readLock RELEASED 0 by SegmentedRaftLogCache$LogSegmentList.countCached
2022-07-14 02:38:07,341 [s0-client-thread1] TRACE segmented.SegmentedRaftLogCache (AutoCloseableReadWriteLock.java:logLocking(65)) - s0@group-E8AE2E048FCA: readLock ACQUIRED 1 by SegmentedRaftLogCache$LogSegmentList.getTotalCacheSize
2022-07-14 02:38:07,341 [s0-client-thread1] TRACE segmented.SegmentedRaftLogCache (AutoCloseableReadWriteLock.java:logLocking(65)) - s0@group-E8AE2E048FCA: readLock RELEASED 0 by SegmentedRaftLogCache$LogSegmentList.getTotalCacheSize
2022-07-14 02:38:07,341 [s0-client-thread1] DEBUG segmented.SegmentedRaftLogWorker (SegmentedRaftLogWorker.java:addIOTask(270)) - s0@group-E8AE2E048FCA-SegmentedRaftLogWorker adds IO task WriteLog:93: (t:1, i:93), STATEMACHINELOGENTRY, StateMachineLogEntryProto:374@client-4187B1F4E061
2022-07-14 02:38:07,342 [s0@group-E8AE2E048FCA-SegmentedRaftLogWorker] DEBUG segmented.SegmentedRaftLogWorker (SegmentedRaftLogWorker.java:flushIfNecessary(365)) - s0@group-E8AE2E048FCA-SegmentedRaftLogWorker: flush SegmentedRaftLogOutputStream(/home/runner/work/ratis/ratis/ratis-test/target/test/data/f69c223b/MiniRaftClusterWithSimulatedRpc37250022/s0/24813b6b-21de-410f-95d3-e8ae2e048fca/current/log_inprogress_0)
2022-07-14 02:38:07,342 [s0@group-E8AE2E048FCA-LeaderStateImpl] TRACE segmented.SegmentedRaftLogCache (AutoCloseableReadWriteLock.java:logLocking(65)) - s0@group-E8AE2E048FCA: readLock ACQUIRED 1 by SegmentedRaftLogCache.getStartIndex
2022-07-14 02:38:07,342 [s0@group-E8AE2E048FCA-LeaderStateImpl] TRACE segmented.SegmentedRaftLogCache (AutoCloseableReadWriteLock.java:logLocking(65)) -   s0@group-E8AE2E048FCA: readLock ACQUIRED 2 by SegmentedRaftLogCache$LogSegmentList.isEmpty
2022-07-14 02:38:07,342 [s0@group-E8AE2E048FCA-LeaderStateImpl] TRACE segmented.SegmentedRaftLogCache (AutoCloseableReadWriteLock.java:logLocking(65)) -   s0@group-E8AE2E048FCA: readLock RELEASED 1 by SegmentedRaftLogCache$LogSegmentList.isEmpty
2022-07-14 02:38:07,342 [s0@group-E8AE2E048FCA-LeaderStateImpl] TRACE segmented.SegmentedRaftLogCache (AutoCloseableReadWriteLock.java:logLocking(65)) - s0@group-E8AE2E048FCA: readLock RELEASED 0 by SegmentedRaftLogCache.getStartIndex
2022-07-14 02:38:07,342 [s0@group-E8AE2E048FCA-LeaderStateImpl] TRACE segmented.SegmentedRaftLogCache (AutoCloseableReadWriteLock.java:logLocking(65)) - s0@group-E8AE2E048FCA: readLock ACQUIRED 1 by SegmentedRaftLogCache.getEndIndex
2022-07-14 02:38:07,342 [s0@group-E8AE2E048FCA-LeaderStateImpl] TRACE segmented.SegmentedRaftLogCache (AutoCloseableReadWriteLock.java:logLocking(65)) - s0@group-E8AE2E048FCA: readLock RELEASED 0 by SegmentedRaftLogCache.getEndIndex
2022-07-14 02:38:07,342 [s0@group-E8AE2E048FCA-LeaderStateImpl] TRACE segmented.SegmentedRaftLogCache (AutoCloseableReadWriteLock.java:logLocking(65)) - s0@group-E8AE2E048FCA: readLock ACQUIRED 1 by SegmentedRaftLogCache$LogSegmentList.getTermIndex
2022-07-14 02:38:07,342 [s0@group-E8AE2E048FCA-LeaderStateImpl] TRACE segmented.SegmentedRaftLogCache (AutoCloseableReadWriteLock.java:logLocking(65)) - s0@group-E8AE2E048FCA: readLock RELEASED 0 by SegmentedRaftLogCache$LogSegmentList.getTermIndex
2022-07-14 02:38:07,342 [s0@group-E8AE2E048FCA-LeaderStateImpl] TRACE segmented.SegmentedRaftLogCache (AutoCloseableReadWriteLock.java:logLocking(65)) - s0@group-E8AE2E048FCA: readLock ACQUIRED 1 by SegmentedRaftLogCache.getStartIndex
2022-07-14 02:38:07,342 [s0@group-E8AE2E048FCA-LeaderStateImpl] TRACE segmented.SegmentedRaftLogCache (AutoCloseableReadWriteLock.java:logLocking(65)) -   s0@group-E8AE2E048FCA: readLock ACQUIRED 2 by SegmentedRaftLogCache$LogSegmentList.isEmpty
2022-07-14 02:38:07,342 [s0@group-E8AE2E048FCA-LeaderStateImpl] TRACE segmented.SegmentedRaftLogCache (AutoCloseableReadWriteLock.java:logLocking(65)) -   s0@group-E8AE2E048FCA: readLock RELEASED 1 by SegmentedRaftLogCache$LogSegmentList.isEmpty
2022-07-14 02:38:07,342 [s0@group-E8AE2E048FCA-LeaderStateImpl] TRACE segmented.SegmentedRaftLogCache (AutoCloseableReadWriteLock.java:logLocking(65)) - s0@group-E8AE2E048FCA: readLock RELEASED 0 by SegmentedRaftLogCache.getStartIndex
2022-07-14 02:38:07,342 [s0@group-E8AE2E048FCA-LeaderStateImpl] TRACE segmented.SegmentedRaftLogCache (AutoCloseableReadWriteLock.java:logLocking(65)) - s0@group-E8AE2E048FCA: readLock ACQUIRED 1 by SegmentedRaftLogCache.getEndIndex
2022-07-14 02:38:07,342 [s0@group-E8AE2E048FCA-LeaderStateImpl] TRACE segmented.SegmentedRaftLogCache (AutoCloseableReadWriteLock.java:logLocking(65)) - s0@group-E8AE2E048FCA: readLock RELEASED 0 by SegmentedRaftLogCache.getEndIndex
2022-07-14 02:38:07,342 [s0@group-E8AE2E048FCA-LeaderStateImpl] TRACE segmented.SegmentedRaftLogCache (AutoCloseableReadWriteLock.java:logLocking(65)) - s0@group-E8AE2E048FCA: readLock ACQUIRED 1 by SegmentedRaftLogCache$LogSegmentList.getTermIndex
2022-07-14 02:38:07,342 [s0@group-E8AE2E048FCA-LeaderStateImpl] TRACE segmented.SegmentedRaftLogCache (AutoCloseableReadWriteLock.java:logLocking(65)) - s0@group-E8AE2E048FCA: readLock RELEASED 0 by SegmentedRaftLogCache$LogSegmentList.getTermIndex
2022-07-14 02:38:07,343 [s0@group-E8AE2E048FCA-LeaderStateImpl] TRACE segmented.SegmentedRaftLogCache (AutoCloseableReadWriteLock.java:logLocking(65)) - s0@group-E8AE2E048FCA: readLock ACQUIRED 1 by SegmentedRaftLogCache.getLastTermIndex
2022-07-14 02:38:07,343 [s0@group-E8AE2E048FCA-LeaderStateImpl] TRACE segmented.SegmentedRaftLogCache (AutoCloseableReadWriteLock.java:logLocking(65)) - s0@group-E8AE2E048FCA: readLock RELEASED 0 by SegmentedRaftLogCache.getLastTermIndex
2022-07-14 02:38:07,343 [s0@group-E8AE2E048FCA-StateMachineUpdater] INFO  statemachine.SimpleStateMachine4Testing (SimpleStateMachine4Testing.java:put(204)) - s0: put 93, m46 -> (t:1, i:93), STATEMACHINELOGENTRY, 374@client-4187B1F4E061
2022-07-14 02:38:07,343 [s0@group-E8AE2E048FCA-LeaderStateImpl] TRACE segmented.SegmentedRaftLogCache (AutoCloseableReadWriteLock.java:logLocking(65)) - s0@group-E8AE2E048FCA: readLock ACQUIRED 1 by SegmentedRaftLogCache$LogSegmentList.countCached
2022-07-14 02:38:07,343 [s0@group-E8AE2E048FCA-LeaderStateImpl] TRACE segmented.SegmentedRaftLogCache (AutoCloseableReadWriteLock.java:logLocking(65)) - s0@group-E8AE2E048FCA: readLock RELEASED 0 by SegmentedRaftLogCache$LogSegmentList.countCached
2022-07-14 02:38:07,343 [s0@group-E8AE2E048FCA-LeaderStateImpl] TRACE segmented.SegmentedRaftLogCache (AutoCloseableReadWriteLock.java:logLocking(65)) - s0@group-E8AE2E048FCA: readLock ACQUIRED 1 by SegmentedRaftLogCache$LogSegmentList.getTotalCacheSize
2022-07-14 02:38:07,343 [s0@group-E8AE2E048FCA-LeaderStateImpl] TRACE segmented.SegmentedRaftLogCache (AutoCloseableReadWriteLock.java:logLocking(65)) - s0@group-E8AE2E048FCA: readLock RELEASED 0 by SegmentedRaftLogCache$LogSegmentList.getTotalCacheSize
2022-07-14 02:38:07,343 [s0@group-E8AE2E048FCA-LeaderStateImpl] DEBUG segmented.SegmentedRaftLogWorker (SegmentedRaftLogWorker.java:addIOTask(270)) - s0@group-E8AE2E048FCA-SegmentedRaftLogWorker adds IO task WriteLog:94: (t:1, i:94), METADATAENTRY(c:93)
2022-07-14 02:38:07,343 [s0@group-E8AE2E048FCA-SegmentedRaftLogWorker] DEBUG segmented.SegmentedRaftLogWorker (SegmentedRaftLogWorker.java:flushIfNecessary(365)) - s0@group-E8AE2E048FCA-SegmentedRaftLogWorker: flush SegmentedRaftLogOutputStream(/home/runner/work/ratis/ratis/ratis-test/target/test/data/f69c223b/MiniRaftClusterWithSimulatedRpc37250022/s0/24813b6b-21de-410f-95d3-e8ae2e048fca/current/log_inprogress_0)
2022-07-14 02:38:07,343 [s0-client-thread1] TRACE segmented.SegmentedRaftLogCache (AutoCloseableReadWriteLock.java:logLocking(65)) - s0@group-E8AE2E048FCA: readLock ACQUIRED 1 by SegmentedRaftLogCache.getLastTermIndex
2022-07-14 02:38:07,343 [s0-client-thread1] TRACE segmented.SegmentedRaftLogCache (AutoCloseableReadWriteLock.java:logLocking(65)) - s0@group-E8AE2E048FCA: readLock RELEASED 0 by SegmentedRaftLogCache.getLastTermIndex
2022-07-14 02:38:07,343 [s0-client-thread1] TRACE segmented.SegmentedRaftLogCache (AutoCloseableReadWriteLock.java:logLocking(65)) - s0@group-E8AE2E048FCA: readLock ACQUIRED 1 by SegmentedRaftLogCache.getLastTermIndex
2022-07-14 02:38:07,343 [s0-client-thread1] TRACE segmented.SegmentedRaftLogCache (AutoCloseableReadWriteLock.java:logLocking(65)) - s0@group-E8AE2E048FCA: readLock RELEASED 0 by SegmentedRaftLogCache.getLastTermIndex
2022-07-14 02:38:07,343 [s0-client-thread1] TRACE segmented.SegmentedRaftLogCache (AutoCloseableReadWriteLock.java:logLocking(65)) - s0@group-E8AE2E048FCA: readLock ACQUIRED 1 by SegmentedRaftLogCache$LogSegmentList.countCached
2022-07-14 02:38:07,344 [s0-client-thread1] TRACE segmented.SegmentedRaftLogCache (AutoCloseableReadWriteLock.java:logLocking(65)) - s0@group-E8AE2E048FCA: readLock RELEASED 0 by SegmentedRaftLogCache$LogSegmentList.countCached
2022-07-14 02:38:07,344 [s0-client-thread1] TRACE segmented.SegmentedRaftLogCache (AutoCloseableReadWriteLock.java:logLocking(65)) - s0@group-E8AE2E048FCA: readLock ACQUIRED 1 by SegmentedRaftLogCache$LogSegmentList.getTotalCacheSize
2022-07-14 02:38:07,344 [s0-client-thread1] TRACE segmented.SegmentedRaftLogCache (AutoCloseableReadWriteLock.java:logLocking(65)) - s0@group-E8AE2E048FCA: readLock RELEASED 0 by SegmentedRaftLogCache$LogSegmentList.getTotalCacheSize
2022-07-14 02:38:07,344 [s0-client-thread1] DEBUG segmented.SegmentedRaftLogWorker (SegmentedRaftLogWorker.java:addIOTask(270)) - s0@group-E8AE2E048FCA-SegmentedRaftLogWorker adds IO task WriteLog:95: (t:1, i:95), STATEMACHINELOGENTRY, StateMachineLogEntryProto:375@client-4187B1F4E061
2022-07-14 02:38:07,345 [s0@group-E8AE2E048FCA-LeaderStateImpl] TRACE segmented.SegmentedRaftLogCache (AutoCloseableReadWriteLock.java:logLocking(65)) - s0@group-E8AE2E048FCA: readLock ACQUIRED 1 by SegmentedRaftLogCache.getStartIndex
2022-07-14 02:38:07,345 [s0@group-E8AE2E048FCA-SegmentedRaftLogWorker] DEBUG segmented.SegmentedRaftLogWorker (SegmentedRaftLogWorker.java:flushIfNecessary(365)) - s0@group-E8AE2E048FCA-SegmentedRaftLogWorker: flush SegmentedRaftLogOutputStream(/home/runner/work/ratis/ratis/ratis-test/target/test/data/f69c223b/MiniRaftClusterWithSimulatedRpc37250022/s0/24813b6b-21de-410f-95d3-e8ae2e048fca/current/log_inprogress_0)
2022-07-14 02:38:07,345 [s0@group-E8AE2E048FCA-LeaderStateImpl] TRACE segmented.SegmentedRaftLogCache (AutoCloseableReadWriteLock.java:logLocking(65)) -   s0@group-E8AE2E048FCA: readLock ACQUIRED 2 by SegmentedRaftLogCache$LogSegmentList.isEmpty
2022-07-14 02:38:07,345 [s0@group-E8AE2E048FCA-LeaderStateImpl] TRACE segmented.SegmentedRaftLogCache (AutoCloseableReadWriteLock.java:logLocking(65)) -   s0@group-E8AE2E048FCA: readLock RELEASED 1 by SegmentedRaftLogCache$LogSegmentList.isEmpty
2022-07-14 02:38:07,345 [s0@group-E8AE2E048FCA-LeaderStateImpl] TRACE segmented.SegmentedRaftLogCache (AutoCloseableReadWriteLock.java:logLocking(65)) - s0@group-E8AE2E048FCA: readLock RELEASED 0 by SegmentedRaftLogCache.getStartIndex
2022-07-14 02:38:07,345 [s0@group-E8AE2E048FCA-LeaderStateImpl] TRACE segmented.SegmentedRaftLogCache (AutoCloseableReadWriteLock.java:logLocking(65)) - s0@group-E8AE2E048FCA: readLock ACQUIRED 1 by SegmentedRaftLogCache.getEndIndex
2022-07-14 02:38:07,345 [s0@group-E8AE2E048FCA-LeaderStateImpl] TRACE segmented.SegmentedRaftLogCache (AutoCloseableReadWriteLock.java:logLocking(65)) - s0@group-E8AE2E048FCA: readLock RELEASED 0 by SegmentedRaftLogCache.getEndIndex
2022-07-14 02:38:07,345 [s0@group-E8AE2E048FCA-LeaderStateImpl] TRACE segmented.SegmentedRaftLogCache (AutoCloseableReadWriteLock.java:logLocking(65)) - s0@group-E8AE2E048FCA: readLock ACQUIRED 1 by SegmentedRaftLogCache$LogSegmentList.getTermIndex
2022-07-14 02:38:07,345 [s0@group-E8AE2E048FCA-LeaderStateImpl] TRACE segmented.SegmentedRaftLogCache (AutoCloseableReadWriteLock.java:logLocking(65)) - s0@group-E8AE2E048FCA: readLock RELEASED 0 by SegmentedRaftLogCache$LogSegmentList.getTermIndex
2022-07-14 02:38:07,345 [s0@group-E8AE2E048FCA-LeaderStateImpl] TRACE segmented.SegmentedRaftLogCache (AutoCloseableReadWriteLock.java:logLocking(65)) - s0@group-E8AE2E048FCA: readLock ACQUIRED 1 by SegmentedRaftLogCache.getStartIndex
2022-07-14 02:38:07,346 [s0@group-E8AE2E048FCA-LeaderStateImpl] TRACE segmented.SegmentedRaftLogCache (AutoCloseableReadWriteLock.java:logLocking(65)) -   s0@group-E8AE2E048FCA: readLock ACQUIRED 2 by SegmentedRaftLogCache$LogSegmentList.isEmpty
2022-07-14 02:38:07,346 [s0@group-E8AE2E048FCA-LeaderStateImpl] TRACE segmented.SegmentedRaftLogCache (AutoCloseableReadWriteLock.java:logLocking(65)) -   s0@group-E8AE2E048FCA: readLock RELEASED 1 by SegmentedRaftLogCache$LogSegmentList.isEmpty
2022-07-14 02:38:07,346 [s0@group-E8AE2E048FCA-LeaderStateImpl] TRACE segmented.SegmentedRaftLogCache (AutoCloseableReadWriteLock.java:logLocking(65)) - s0@group-E8AE2E048FCA: readLock RELEASED 0 by SegmentedRaftLogCache.getStartIndex
2022-07-14 02:38:07,346 [s0@group-E8AE2E048FCA-LeaderStateImpl] TRACE segmented.SegmentedRaftLogCache (AutoCloseableReadWriteLock.java:logLocking(65)) - s0@group-E8AE2E048FCA: readLock ACQUIRED 1 by SegmentedRaftLogCache.getEndIndex
2022-07-14 02:38:07,346 [s0@group-E8AE2E048FCA-LeaderStateImpl] TRACE segmented.SegmentedRaftLogCache (AutoCloseableReadWriteLock.java:logLocking(65)) - s0@group-E8AE2E048FCA: readLock RELEASED 0 by SegmentedRaftLogCache.getEndIndex
2022-07-14 02:38:07,346 [s0@group-E8AE2E048FCA-LeaderStateImpl] TRACE segmented.SegmentedRaftLogCache (AutoCloseableReadWriteLock.java:logLocking(65)) - s0@group-E8AE2E048FCA: readLock ACQUIRED 1 by SegmentedRaftLogCache$LogSegmentList.getTermIndex
2022-07-14 02:38:07,346 [s0@group-E8AE2E048FCA-LeaderStateImpl] TRACE segmented.SegmentedRaftLogCache (AutoCloseableReadWriteLock.java:logLocking(65)) - s0@group-E8AE2E048FCA: readLock RELEASED 0 by SegmentedRaftLogCache$LogSegmentList.getTermIndex
2022-07-14 02:38:07,346 [s0@group-E8AE2E048FCA-LeaderStateImpl] TRACE segmented.SegmentedRaftLogCache (AutoCloseableReadWriteLock.java:logLocking(65)) - s0@group-E8AE2E048FCA: readLock ACQUIRED 1 by SegmentedRaftLogCache.getLastTermIndex
2022-07-14 02:38:07,346 [s0@group-E8AE2E048FCA-LeaderStateImpl] TRACE segmented.SegmentedRaftLogCache (AutoCloseableReadWriteLock.java:logLocking(65)) - s0@group-E8AE2E048FCA: readLock RELEASED 0 by SegmentedRaftLogCache.getLastTermIndex
2022-07-14 02:38:07,346 [s0@group-E8AE2E048FCA-StateMachineUpdater] INFO  statemachine.SimpleStateMachine4Testing (SimpleStateMachine4Testing.java:put(204)) - s0: put 95, m47 -> (t:1, i:95), STATEMACHINELOGENTRY, 375@client-4187B1F4E061
2022-07-14 02:38:07,346 [s0@group-E8AE2E048FCA-LeaderStateImpl] TRACE segmented.SegmentedRaftLogCache (AutoCloseableReadWriteLock.java:logLocking(65)) - s0@group-E8AE2E048FCA: readLock ACQUIRED 1 by SegmentedRaftLogCache$LogSegmentList.countCached
2022-07-14 02:38:07,346 [s0@group-E8AE2E048FCA-LeaderStateImpl] TRACE segmented.SegmentedRaftLogCache (AutoCloseableReadWriteLock.java:logLocking(65)) - s0@group-E8AE2E048FCA: readLock RELEASED 0 by SegmentedRaftLogCache$LogSegmentList.countCached
2022-07-14 02:38:07,346 [s0@group-E8AE2E048FCA-LeaderStateImpl] TRACE segmented.SegmentedRaftLogCache (AutoCloseableReadWriteLock.java:logLocking(65)) - s0@group-E8AE2E048FCA: readLock ACQUIRED 1 by SegmentedRaftLogCache$LogSegmentList.getTotalCacheSize
2022-07-14 02:38:07,346 [s0@group-E8AE2E048FCA-LeaderStateImpl] TRACE segmented.SegmentedRaftLogCache (AutoCloseableReadWriteLock.java:logLocking(65)) - s0@group-E8AE2E048FCA: readLock RELEASED 0 by SegmentedRaftLogCache$LogSegmentList.getTotalCacheSize
2022-07-14 02:38:07,346 [s0@group-E8AE2E048FCA-LeaderStateImpl] DEBUG segmented.SegmentedRaftLogWorker (SegmentedRaftLogWorker.java:addIOTask(270)) - s0@group-E8AE2E048FCA-SegmentedRaftLogWorker adds IO task WriteLog:96: (t:1, i:96), METADATAENTRY(c:95)
2022-07-14 02:38:07,347 [s0-client-thread1] TRACE segmented.SegmentedRaftLogCache (AutoCloseableReadWriteLock.java:logLocking(65)) - s0@group-E8AE2E048FCA: readLock ACQUIRED 1 by SegmentedRaftLogCache.getLastTermIndex
2022-07-14 02:38:07,347 [s0-client-thread1] TRACE segmented.SegmentedRaftLogCache (AutoCloseableReadWriteLock.java:logLocking(65)) - s0@group-E8AE2E048FCA: readLock RELEASED 0 by SegmentedRaftLogCache.getLastTermIndex
2022-07-14 02:38:07,347 [s0-client-thread1] TRACE segmented.SegmentedRaftLogCache (AutoCloseableReadWriteLock.java:logLocking(65)) - s0@group-E8AE2E048FCA: readLock ACQUIRED 1 by SegmentedRaftLogCache.getLastTermIndex
2022-07-14 02:38:07,347 [s0-client-thread1] TRACE segmented.SegmentedRaftLogCache (AutoCloseableReadWriteLock.java:logLocking(65)) - s0@group-E8AE2E048FCA: readLock RELEASED 0 by SegmentedRaftLogCache.getLastTermIndex
2022-07-14 02:38:07,347 [s0-client-thread1] TRACE segmented.SegmentedRaftLogCache (AutoCloseableReadWriteLock.java:logLocking(65)) - s0@group-E8AE2E048FCA: readLock ACQUIRED 1 by SegmentedRaftLogCache$LogSegmentList.countCached
2022-07-14 02:38:07,347 [s0-client-thread1] TRACE segmented.SegmentedRaftLogCache (AutoCloseableReadWriteLock.java:logLocking(65)) - s0@group-E8AE2E048FCA: readLock RELEASED 0 by SegmentedRaftLogCache$LogSegmentList.countCached
2022-07-14 02:38:07,347 [s0-client-thread1] TRACE segmented.SegmentedRaftLogCache (AutoCloseableReadWriteLock.java:logLocking(65)) - s0@group-E8AE2E048FCA: readLock ACQUIRED 1 by SegmentedRaftLogCache$LogSegmentList.getTotalCacheSize
2022-07-14 02:38:07,347 [s0-client-thread1] TRACE segmented.SegmentedRaftLogCache (AutoCloseableReadWriteLock.java:logLocking(65)) - s0@group-E8AE2E048FCA: readLock RELEASED 0 by SegmentedRaftLogCache$LogSegmentList.getTotalCacheSize
2022-07-14 02:38:07,347 [s0-client-thread1] DEBUG segmented.SegmentedRaftLogWorker (SegmentedRaftLogWorker.java:addIOTask(270)) - s0@group-E8AE2E048FCA-SegmentedRaftLogWorker adds IO task WriteLog:97: (t:1, i:97), STATEMACHINELOGENTRY, StateMachineLogEntryProto:376@client-4187B1F4E061
2022-07-14 02:38:07,347 [s0@group-E8AE2E048FCA-SegmentedRaftLogWorker] DEBUG segmented.SegmentedRaftLogWorker (SegmentedRaftLogWorker.java:flushIfNecessary(365)) - s0@group-E8AE2E048FCA-SegmentedRaftLogWorker: flush SegmentedRaftLogOutputStream(/home/runner/work/ratis/ratis/ratis-test/target/test/data/f69c223b/MiniRaftClusterWithSimulatedRpc37250022/s0/24813b6b-21de-410f-95d3-e8ae2e048fca/current/log_inprogress_0)
2022-07-14 02:38:07,348 [s0@group-E8AE2E048FCA-LeaderStateImpl] TRACE segmented.SegmentedRaftLogCache (AutoCloseableReadWriteLock.java:logLocking(65)) - s0@group-E8AE2E048FCA: readLock ACQUIRED 1 by SegmentedRaftLogCache.getStartIndex
2022-07-14 02:38:07,348 [s0@group-E8AE2E048FCA-LeaderStateImpl] TRACE segmented.SegmentedRaftLogCache (AutoCloseableReadWriteLock.java:logLocking(65)) -   s0@group-E8AE2E048FCA: readLock ACQUIRED 2 by SegmentedRaftLogCache$LogSegmentList.isEmpty
2022-07-14 02:38:07,348 [s0@group-E8AE2E048FCA-LeaderStateImpl] TRACE segmented.SegmentedRaftLogCache (AutoCloseableReadWriteLock.java:logLocking(65)) -   s0@group-E8AE2E048FCA: readLock RELEASED 1 by SegmentedRaftLogCache$LogSegmentList.isEmpty
2022-07-14 02:38:07,348 [s0@group-E8AE2E048FCA-LeaderStateImpl] TRACE segmented.SegmentedRaftLogCache (AutoCloseableReadWriteLock.java:logLocking(65)) - s0@group-E8AE2E048FCA: readLock RELEASED 0 by SegmentedRaftLogCache.getStartIndex
2022-07-14 02:38:07,348 [s0@group-E8AE2E048FCA-LeaderStateImpl] TRACE segmented.SegmentedRaftLogCache (AutoCloseableReadWriteLock.java:logLocking(65)) - s0@group-E8AE2E048FCA: readLock ACQUIRED 1 by SegmentedRaftLogCache.getEndIndex
2022-07-14 02:38:07,348 [s0@group-E8AE2E048FCA-LeaderStateImpl] TRACE segmented.SegmentedRaftLogCache (AutoCloseableReadWriteLock.java:logLocking(65)) - s0@group-E8AE2E048FCA: readLock RELEASED 0 by SegmentedRaftLogCache.getEndIndex
2022-07-14 02:38:07,348 [s0@group-E8AE2E048FCA-LeaderStateImpl] TRACE segmented.SegmentedRaftLogCache (AutoCloseableReadWriteLock.java:logLocking(65)) - s0@group-E8AE2E048FCA: readLock ACQUIRED 1 by SegmentedRaftLogCache$LogSegmentList.getTermIndex
2022-07-14 02:38:07,348 [s0@group-E8AE2E048FCA-LeaderStateImpl] TRACE segmented.SegmentedRaftLogCache (AutoCloseableReadWriteLock.java:logLocking(65)) - s0@group-E8AE2E048FCA: readLock RELEASED 0 by SegmentedRaftLogCache$LogSegmentList.getTermIndex
2022-07-14 02:38:07,348 [s0@group-E8AE2E048FCA-LeaderStateImpl] TRACE segmented.SegmentedRaftLogCache (AutoCloseableReadWriteLock.java:logLocking(65)) - s0@group-E8AE2E048FCA: readLock ACQUIRED 1 by SegmentedRaftLogCache.getLastTermIndex
2022-07-14 02:38:07,348 [s0@group-E8AE2E048FCA-LeaderStateImpl] TRACE segmented.SegmentedRaftLogCache (AutoCloseableReadWriteLock.java:logLocking(65)) - s0@group-E8AE2E048FCA: readLock RELEASED 0 by SegmentedRaftLogCache.getLastTermIndex
2022-07-14 02:38:07,348 [s0@group-E8AE2E048FCA-LeaderStateImpl] TRACE segmented.SegmentedRaftLogCache (AutoCloseableReadWriteLock.java:logLocking(65)) - s0@group-E8AE2E048FCA: readLock ACQUIRED 1 by SegmentedRaftLogCache$LogSegmentList.countCached
2022-07-14 02:38:07,349 [s0@group-E8AE2E048FCA-LeaderStateImpl] TRACE segmented.SegmentedRaftLogCache (AutoCloseableReadWriteLock.java:logLocking(65)) - s0@group-E8AE2E048FCA: readLock RELEASED 0 by SegmentedRaftLogCache$LogSegmentList.countCached
2022-07-14 02:38:07,349 [s0@group-E8AE2E048FCA-LeaderStateImpl] TRACE segmented.SegmentedRaftLogCache (AutoCloseableReadWriteLock.java:logLocking(65)) - s0@group-E8AE2E048FCA: readLock ACQUIRED 1 by SegmentedRaftLogCache$LogSegmentList.getTotalCacheSize
2022-07-14 02:38:07,349 [s0@group-E8AE2E048FCA-LeaderStateImpl] TRACE segmented.SegmentedRaftLogCache (AutoCloseableReadWriteLock.java:logLocking(65)) - s0@group-E8AE2E048FCA: readLock RELEASED 0 by SegmentedRaftLogCache$LogSegmentList.getTotalCacheSize
2022-07-14 02:38:07,349 [s0@group-E8AE2E048FCA-LeaderStateImpl] DEBUG segmented.SegmentedRaftLogWorker (SegmentedRaftLogWorker.java:addIOTask(270)) - s0@group-E8AE2E048FCA-SegmentedRaftLogWorker adds IO task WriteLog:98: (t:1, i:98), METADATAENTRY(c:97)
2022-07-14 02:38:07,349 [s0@group-E8AE2E048FCA-SegmentedRaftLogWorker] DEBUG segmented.SegmentedRaftLogWorker (SegmentedRaftLogWorker.java:flushIfNecessary(365)) - s0@group-E8AE2E048FCA-SegmentedRaftLogWorker: flush SegmentedRaftLogOutputStream(/home/runner/work/ratis/ratis/ratis-test/target/test/data/f69c223b/MiniRaftClusterWithSimulatedRpc37250022/s0/24813b6b-21de-410f-95d3-e8ae2e048fca/current/log_inprogress_0)
2022-07-14 02:38:07,349 [s0@group-E8AE2E048FCA-StateMachineUpdater] INFO  statemachine.SimpleStateMachine4Testing (SimpleStateMachine4Testing.java:put(204)) - s0: put 97, m48 -> (t:1, i:97), STATEMACHINELOGENTRY, 376@client-4187B1F4E061
2022-07-14 02:38:07,349 [s0-client-thread1] TRACE segmented.SegmentedRaftLogCache (AutoCloseableReadWriteLock.java:logLocking(65)) - s0@group-E8AE2E048FCA: readLock ACQUIRED 1 by SegmentedRaftLogCache.getLastTermIndex
2022-07-14 02:38:07,349 [s0-client-thread1] TRACE segmented.SegmentedRaftLogCache (AutoCloseableReadWriteLock.java:logLocking(65)) - s0@group-E8AE2E048FCA: readLock RELEASED 0 by SegmentedRaftLogCache.getLastTermIndex
2022-07-14 02:38:07,349 [s0-client-thread1] TRACE segmented.SegmentedRaftLogCache (AutoCloseableReadWriteLock.java:logLocking(65)) - s0@group-E8AE2E048FCA: readLock ACQUIRED 1 by SegmentedRaftLogCache.getLastTermIndex
2022-07-14 02:38:07,350 [s0-client-thread1] TRACE segmented.SegmentedRaftLogCache (AutoCloseableReadWriteLock.java:logLocking(65)) - s0@group-E8AE2E048FCA: readLock RELEASED 0 by SegmentedRaftLogCache.getLastTermIndex
2022-07-14 02:38:07,350 [s0-client-thread1] TRACE segmented.SegmentedRaftLogCache (AutoCloseableReadWriteLock.java:logLocking(65)) - s0@group-E8AE2E048FCA: readLock ACQUIRED 1 by SegmentedRaftLogCache$LogSegmentList.countCached
2022-07-14 02:38:07,350 [s0-client-thread1] TRACE segmented.SegmentedRaftLogCache (AutoCloseableReadWriteLock.java:logLocking(65)) - s0@group-E8AE2E048FCA: readLock RELEASED 0 by SegmentedRaftLogCache$LogSegmentList.countCached
2022-07-14 02:38:07,350 [s0-client-thread1] TRACE segmented.SegmentedRaftLogCache (AutoCloseableReadWriteLock.java:logLocking(65)) - s0@group-E8AE2E048FCA: readLock ACQUIRED 1 by SegmentedRaftLogCache$LogSegmentList.getTotalCacheSize
2022-07-14 02:38:07,350 [s0-client-thread1] TRACE segmented.SegmentedRaftLogCache (AutoCloseableReadWriteLock.java:logLocking(65)) - s0@group-E8AE2E048FCA: readLock RELEASED 0 by SegmentedRaftLogCache$LogSegmentList.getTotalCacheSize
2022-07-14 02:38:07,350 [s0-client-thread1] DEBUG segmented.SegmentedRaftLogWorker (SegmentedRaftLogWorker.java:addIOTask(270)) - s0@group-E8AE2E048FCA-SegmentedRaftLogWorker adds IO task WriteLog:99: (t:1, i:99), STATEMACHINELOGENTRY, StateMachineLogEntryProto:377@client-4187B1F4E061
2022-07-14 02:38:07,350 [s0@group-E8AE2E048FCA-SegmentedRaftLogWorker] DEBUG segmented.SegmentedRaftLogWorker (SegmentedRaftLogWorker.java:flushIfNecessary(365)) - s0@group-E8AE2E048FCA-SegmentedRaftLogWorker: flush SegmentedRaftLogOutputStream(/home/runner/work/ratis/ratis/ratis-test/target/test/data/f69c223b/MiniRaftClusterWithSimulatedRpc37250022/s0/24813b6b-21de-410f-95d3-e8ae2e048fca/current/log_inprogress_0)
2022-07-14 02:38:07,350 [s0@group-E8AE2E048FCA-LeaderStateImpl] TRACE segmented.SegmentedRaftLogCache (AutoCloseableReadWriteLock.java:logLocking(65)) - s0@group-E8AE2E048FCA: readLock ACQUIRED 1 by SegmentedRaftLogCache.getStartIndex
2022-07-14 02:38:07,350 [s0@group-E8AE2E048FCA-LeaderStateImpl] TRACE segmented.SegmentedRaftLogCache (AutoCloseableReadWriteLock.java:logLocking(65)) -   s0@group-E8AE2E048FCA: readLock ACQUIRED 2 by SegmentedRaftLogCache$LogSegmentList.isEmpty
2022-07-14 02:38:07,350 [s0@group-E8AE2E048FCA-LeaderStateImpl] TRACE segmented.SegmentedRaftLogCache (AutoCloseableReadWriteLock.java:logLocking(65)) -   s0@group-E8AE2E048FCA: readLock RELEASED 1 by SegmentedRaftLogCache$LogSegmentList.isEmpty
2022-07-14 02:38:07,350 [s0@group-E8AE2E048FCA-LeaderStateImpl] TRACE segmented.SegmentedRaftLogCache (AutoCloseableReadWriteLock.java:logLocking(65)) - s0@group-E8AE2E048FCA: readLock RELEASED 0 by SegmentedRaftLogCache.getStartIndex
2022-07-14 02:38:07,350 [s0@group-E8AE2E048FCA-LeaderStateImpl] TRACE segmented.SegmentedRaftLogCache (AutoCloseableReadWriteLock.java:logLocking(65)) - s0@group-E8AE2E048FCA: readLock ACQUIRED 1 by SegmentedRaftLogCache.getEndIndex
2022-07-14 02:38:07,350 [s0@group-E8AE2E048FCA-LeaderStateImpl] TRACE segmented.SegmentedRaftLogCache (AutoCloseableReadWriteLock.java:logLocking(65)) - s0@group-E8AE2E048FCA: readLock RELEASED 0 by SegmentedRaftLogCache.getEndIndex
2022-07-14 02:38:07,350 [s0@group-E8AE2E048FCA-LeaderStateImpl] TRACE segmented.SegmentedRaftLogCache (AutoCloseableReadWriteLock.java:logLocking(65)) - s0@group-E8AE2E048FCA: readLock ACQUIRED 1 by SegmentedRaftLogCache$LogSegmentList.getTermIndex
2022-07-14 02:38:07,350 [s0@group-E8AE2E048FCA-LeaderStateImpl] TRACE segmented.SegmentedRaftLogCache (AutoCloseableReadWriteLock.java:logLocking(65)) - s0@group-E8AE2E048FCA: readLock RELEASED 0 by SegmentedRaftLogCache$LogSegmentList.getTermIndex
2022-07-14 02:38:07,351 [s0@group-E8AE2E048FCA-LeaderStateImpl] TRACE segmented.SegmentedRaftLogCache (AutoCloseableReadWriteLock.java:logLocking(65)) - s0@group-E8AE2E048FCA: readLock ACQUIRED 1 by SegmentedRaftLogCache.getStartIndex
2022-07-14 02:38:07,351 [s0@group-E8AE2E048FCA-LeaderStateImpl] TRACE segmented.SegmentedRaftLogCache (AutoCloseableReadWriteLock.java:logLocking(65)) -   s0@group-E8AE2E048FCA: readLock ACQUIRED 2 by SegmentedRaftLogCache$LogSegmentList.isEmpty
2022-07-14 02:38:07,351 [s0@group-E8AE2E048FCA-LeaderStateImpl] TRACE segmented.SegmentedRaftLogCache (AutoCloseableReadWriteLock.java:logLocking(65)) -   s0@group-E8AE2E048FCA: readLock RELEASED 1 by SegmentedRaftLogCache$LogSegmentList.isEmpty
2022-07-14 02:38:07,351 [s0@group-E8AE2E048FCA-LeaderStateImpl] TRACE segmented.SegmentedRaftLogCache (AutoCloseableReadWriteLock.java:logLocking(65)) - s0@group-E8AE2E048FCA: readLock RELEASED 0 by SegmentedRaftLogCache.getStartIndex
2022-07-14 02:38:07,351 [s0@group-E8AE2E048FCA-LeaderStateImpl] TRACE segmented.SegmentedRaftLogCache (AutoCloseableReadWriteLock.java:logLocking(65)) - s0@group-E8AE2E048FCA: readLock ACQUIRED 1 by SegmentedRaftLogCache.getEndIndex
2022-07-14 02:38:07,351 [s0@group-E8AE2E048FCA-LeaderStateImpl] TRACE segmented.SegmentedRaftLogCache (AutoCloseableReadWriteLock.java:logLocking(65)) - s0@group-E8AE2E048FCA: readLock RELEASED 0 by SegmentedRaftLogCache.getEndIndex
2022-07-14 02:38:07,351 [s0@group-E8AE2E048FCA-LeaderStateImpl] TRACE segmented.SegmentedRaftLogCache (AutoCloseableReadWriteLock.java:logLocking(65)) - s0@group-E8AE2E048FCA: readLock ACQUIRED 1 by SegmentedRaftLogCache$LogSegmentList.getTermIndex
2022-07-14 02:38:07,351 [s0@group-E8AE2E048FCA-LeaderStateImpl] TRACE segmented.SegmentedRaftLogCache (AutoCloseableReadWriteLock.java:logLocking(65)) - s0@group-E8AE2E048FCA: readLock RELEASED 0 by SegmentedRaftLogCache$LogSegmentList.getTermIndex
2022-07-14 02:38:07,351 [s0@group-E8AE2E048FCA-LeaderStateImpl] TRACE segmented.SegmentedRaftLogCache (AutoCloseableReadWriteLock.java:logLocking(65)) - s0@group-E8AE2E048FCA: readLock ACQUIRED 1 by SegmentedRaftLogCache.getLastTermIndex
2022-07-14 02:38:07,351 [s0@group-E8AE2E048FCA-LeaderStateImpl] TRACE segmented.SegmentedRaftLogCache (AutoCloseableReadWriteLock.java:logLocking(65)) - s0@group-E8AE2E048FCA: readLock RELEASED 0 by SegmentedRaftLogCache.getLastTermIndex
2022-07-14 02:38:07,351 [s0@group-E8AE2E048FCA-LeaderStateImpl] TRACE segmented.SegmentedRaftLogCache (AutoCloseableReadWriteLock.java:logLocking(65)) - s0@group-E8AE2E048FCA: readLock ACQUIRED 1 by SegmentedRaftLogCache$LogSegmentList.countCached
2022-07-14 02:38:07,351 [s0@group-E8AE2E048FCA-LeaderStateImpl] TRACE segmented.SegmentedRaftLogCache (AutoCloseableReadWriteLock.java:logLocking(65)) - s0@group-E8AE2E048FCA: readLock RELEASED 0 by SegmentedRaftLogCache$LogSegmentList.countCached
2022-07-14 02:38:07,351 [s0@group-E8AE2E048FCA-LeaderStateImpl] TRACE segmented.SegmentedRaftLogCache (AutoCloseableReadWriteLock.java:logLocking(65)) - s0@group-E8AE2E048FCA: readLock ACQUIRED 1 by SegmentedRaftLogCache$LogSegmentList.getTotalCacheSize
2022-07-14 02:38:07,351 [s0@group-E8AE2E048FCA-LeaderStateImpl] TRACE segmented.SegmentedRaftLogCache (AutoCloseableReadWriteLock.java:logLocking(65)) - s0@group-E8AE2E048FCA: readLock RELEASED 0 by SegmentedRaftLogCache$LogSegmentList.getTotalCacheSize
2022-07-14 02:38:07,351 [s0@group-E8AE2E048FCA-LeaderStateImpl] DEBUG segmented.SegmentedRaftLogWorker (SegmentedRaftLogWorker.java:addIOTask(270)) - s0@group-E8AE2E048FCA-SegmentedRaftLogWorker adds IO task WriteLog:100: (t:1, i:100), METADATAENTRY(c:99)
2022-07-14 02:38:07,352 [s0@group-E8AE2E048FCA-SegmentedRaftLogWorker] DEBUG segmented.SegmentedRaftLogWorker (SegmentedRaftLogWorker.java:flushIfNecessary(365)) - s0@group-E8AE2E048FCA-SegmentedRaftLogWorker: flush SegmentedRaftLogOutputStream(/home/runner/work/ratis/ratis/ratis-test/target/test/data/f69c223b/MiniRaftClusterWithSimulatedRpc37250022/s0/24813b6b-21de-410f-95d3-e8ae2e048fca/current/log_inprogress_0)
2022-07-14 02:38:07,352 [s0@group-E8AE2E048FCA-StateMachineUpdater] INFO  statemachine.SimpleStateMachine4Testing (SimpleStateMachine4Testing.java:put(204)) - s0: put 99, m49 -> (t:1, i:99), STATEMACHINELOGENTRY, 377@client-4187B1F4E061
2022-07-14 02:38:07,353 [s0-client-thread1] TRACE segmented.SegmentedRaftLogCache (AutoCloseableReadWriteLock.java:logLocking(65)) - s0@group-E8AE2E048FCA: readLock ACQUIRED 1 by SegmentedRaftLogCache.getLastTermIndex
2022-07-14 02:38:07,353 [s0-client-thread1] TRACE segmented.SegmentedRaftLogCache (AutoCloseableReadWriteLock.java:logLocking(65)) - s0@group-E8AE2E048FCA: readLock RELEASED 0 by SegmentedRaftLogCache.getLastTermIndex
2022-07-14 02:38:07,353 [s0-client-thread1] TRACE segmented.SegmentedRaftLogCache (AutoCloseableReadWriteLock.java:logLocking(65)) - s0@group-E8AE2E048FCA: readLock ACQUIRED 1 by SegmentedRaftLogCache.getLastTermIndex
2022-07-14 02:38:07,353 [s0-client-thread1] TRACE segmented.SegmentedRaftLogCache (AutoCloseableReadWriteLock.java:logLocking(65)) - s0@group-E8AE2E048FCA: readLock RELEASED 0 by SegmentedRaftLogCache.getLastTermIndex
2022-07-14 02:38:07,353 [s0-client-thread1] TRACE segmented.SegmentedRaftLogCache (AutoCloseableReadWriteLock.java:logLocking(65)) - s0@group-E8AE2E048FCA: readLock ACQUIRED 1 by SegmentedRaftLogCache$LogSegmentList.countCached
2022-07-14 02:38:07,353 [s0-client-thread1] TRACE segmented.SegmentedRaftLogCache (AutoCloseableReadWriteLock.java:logLocking(65)) - s0@group-E8AE2E048FCA: readLock RELEASED 0 by SegmentedRaftLogCache$LogSegmentList.countCached
2022-07-14 02:38:07,353 [s0-client-thread1] TRACE segmented.SegmentedRaftLogCache (AutoCloseableReadWriteLock.java:logLocking(65)) - s0@group-E8AE2E048FCA: readLock ACQUIRED 1 by SegmentedRaftLogCache$LogSegmentList.getTotalCacheSize
2022-07-14 02:38:07,353 [s0-client-thread1] TRACE segmented.SegmentedRaftLogCache (AutoCloseableReadWriteLock.java:logLocking(65)) - s0@group-E8AE2E048FCA: readLock RELEASED 0 by SegmentedRaftLogCache$LogSegmentList.getTotalCacheSize
2022-07-14 02:38:07,353 [s0-client-thread1] DEBUG segmented.SegmentedRaftLogWorker (SegmentedRaftLogWorker.java:addIOTask(270)) - s0@group-E8AE2E048FCA-SegmentedRaftLogWorker adds IO task WriteLog:101: (t:1, i:101), STATEMACHINELOGENTRY, StateMachineLogEntryProto:378@client-4187B1F4E061
2022-07-14 02:38:07,353 [s0@group-E8AE2E048FCA-SegmentedRaftLogWorker] DEBUG segmented.SegmentedRaftLogWorker (SegmentedRaftLogWorker.java:flushIfNecessary(365)) - s0@group-E8AE2E048FCA-SegmentedRaftLogWorker: flush SegmentedRaftLogOutputStream(/home/runner/work/ratis/ratis/ratis-test/target/test/data/f69c223b/MiniRaftClusterWithSimulatedRpc37250022/s0/24813b6b-21de-410f-95d3-e8ae2e048fca/current/log_inprogress_0)
2022-07-14 02:38:07,354 [s0@group-E8AE2E048FCA-LeaderStateImpl] TRACE segmented.SegmentedRaftLogCache (AutoCloseableReadWriteLock.java:logLocking(65)) - s0@group-E8AE2E048FCA: readLock ACQUIRED 1 by SegmentedRaftLogCache.getStartIndex
2022-07-14 02:38:07,354 [s0@group-E8AE2E048FCA-LeaderStateImpl] TRACE segmented.SegmentedRaftLogCache (AutoCloseableReadWriteLock.java:logLocking(65)) -   s0@group-E8AE2E048FCA: readLock ACQUIRED 2 by SegmentedRaftLogCache$LogSegmentList.isEmpty
2022-07-14 02:38:07,354 [s0@group-E8AE2E048FCA-LeaderStateImpl] TRACE segmented.SegmentedRaftLogCache (AutoCloseableReadWriteLock.java:logLocking(65)) -   s0@group-E8AE2E048FCA: readLock RELEASED 1 by SegmentedRaftLogCache$LogSegmentList.isEmpty
2022-07-14 02:38:07,354 [s0@group-E8AE2E048FCA-LeaderStateImpl] TRACE segmented.SegmentedRaftLogCache (AutoCloseableReadWriteLock.java:logLocking(65)) - s0@group-E8AE2E048FCA: readLock RELEASED 0 by SegmentedRaftLogCache.getStartIndex
2022-07-14 02:38:07,354 [s0@group-E8AE2E048FCA-LeaderStateImpl] TRACE segmented.SegmentedRaftLogCache (AutoCloseableReadWriteLock.java:logLocking(65)) - s0@group-E8AE2E048FCA: readLock ACQUIRED 1 by SegmentedRaftLogCache.getEndIndex
2022-07-14 02:38:07,354 [s0@group-E8AE2E048FCA-LeaderStateImpl] TRACE segmented.SegmentedRaftLogCache (AutoCloseableReadWriteLock.java:logLocking(65)) - s0@group-E8AE2E048FCA: readLock RELEASED 0 by SegmentedRaftLogCache.getEndIndex
2022-07-14 02:38:07,354 [s0@group-E8AE2E048FCA-LeaderStateImpl] TRACE segmented.SegmentedRaftLogCache (AutoCloseableReadWriteLock.java:logLocking(65)) - s0@group-E8AE2E048FCA: readLock ACQUIRED 1 by SegmentedRaftLogCache$LogSegmentList.getTermIndex
2022-07-14 02:38:07,354 [s0@group-E8AE2E048FCA-LeaderStateImpl] TRACE segmented.SegmentedRaftLogCache (AutoCloseableReadWriteLock.java:logLocking(65)) - s0@group-E8AE2E048FCA: readLock RELEASED 0 by SegmentedRaftLogCache$LogSegmentList.getTermIndex
2022-07-14 02:38:07,354 [s0@group-E8AE2E048FCA-LeaderStateImpl] TRACE segmented.SegmentedRaftLogCache (AutoCloseableReadWriteLock.java:logLocking(65)) - s0@group-E8AE2E048FCA: readLock ACQUIRED 1 by SegmentedRaftLogCache.getStartIndex
2022-07-14 02:38:07,354 [s0@group-E8AE2E048FCA-LeaderStateImpl] TRACE segmented.SegmentedRaftLogCache (AutoCloseableReadWriteLock.java:logLocking(65)) -   s0@group-E8AE2E048FCA: readLock ACQUIRED 2 by SegmentedRaftLogCache$LogSegmentList.isEmpty
2022-07-14 02:38:07,354 [s0@group-E8AE2E048FCA-LeaderStateImpl] TRACE segmented.SegmentedRaftLogCache (AutoCloseableReadWriteLock.java:logLocking(65)) -   s0@group-E8AE2E048FCA: readLock RELEASED 1 by SegmentedRaftLogCache$LogSegmentList.isEmpty
2022-07-14 02:38:07,354 [s0@group-E8AE2E048FCA-LeaderStateImpl] TRACE segmented.SegmentedRaftLogCache (AutoCloseableReadWriteLock.java:logLocking(65)) - s0@group-E8AE2E048FCA: readLock RELEASED 0 by SegmentedRaftLogCache.getStartIndex
2022-07-14 02:38:07,354 [s0@group-E8AE2E048FCA-LeaderStateImpl] TRACE segmented.SegmentedRaftLogCache (AutoCloseableReadWriteLock.java:logLocking(65)) - s0@group-E8AE2E048FCA: readLock ACQUIRED 1 by SegmentedRaftLogCache.getEndIndex
2022-07-14 02:38:07,354 [s0@group-E8AE2E048FCA-LeaderStateImpl] TRACE segmented.SegmentedRaftLogCache (AutoCloseableReadWriteLock.java:logLocking(65)) - s0@group-E8AE2E048FCA: readLock RELEASED 0 by SegmentedRaftLogCache.getEndIndex
2022-07-14 02:38:07,354 [s0@group-E8AE2E048FCA-LeaderStateImpl] TRACE segmented.SegmentedRaftLogCache (AutoCloseableReadWriteLock.java:logLocking(65)) - s0@group-E8AE2E048FCA: readLock ACQUIRED 1 by SegmentedRaftLogCache$LogSegmentList.getTermIndex
2022-07-14 02:38:07,354 [s0@group-E8AE2E048FCA-LeaderStateImpl] TRACE segmented.SegmentedRaftLogCache (AutoCloseableReadWriteLock.java:logLocking(65)) - s0@group-E8AE2E048FCA: readLock RELEASED 0 by SegmentedRaftLogCache$LogSegmentList.getTermIndex
2022-07-14 02:38:07,354 [s0@group-E8AE2E048FCA-LeaderStateImpl] TRACE segmented.SegmentedRaftLogCache (AutoCloseableReadWriteLock.java:logLocking(65)) - s0@group-E8AE2E048FCA: readLock ACQUIRED 1 by SegmentedRaftLogCache.getLastTermIndex
2022-07-14 02:38:07,354 [s0@group-E8AE2E048FCA-LeaderStateImpl] TRACE segmented.SegmentedRaftLogCache (AutoCloseableReadWriteLock.java:logLocking(65)) - s0@group-E8AE2E048FCA: readLock RELEASED 0 by SegmentedRaftLogCache.getLastTermIndex
2022-07-14 02:38:07,354 [s0@group-E8AE2E048FCA-LeaderStateImpl] TRACE segmented.SegmentedRaftLogCache (AutoCloseableReadWriteLock.java:logLocking(65)) - s0@group-E8AE2E048FCA: readLock ACQUIRED 1 by SegmentedRaftLogCache$LogSegmentList.countCached
2022-07-14 02:38:07,355 [s0@group-E8AE2E048FCA-LeaderStateImpl] TRACE segmented.SegmentedRaftLogCache (AutoCloseableReadWriteLock.java:logLocking(65)) - s0@group-E8AE2E048FCA: readLock RELEASED 0 by SegmentedRaftLogCache$LogSegmentList.countCached
2022-07-14 02:38:07,355 [s0@group-E8AE2E048FCA-LeaderStateImpl] TRACE segmented.SegmentedRaftLogCache (AutoCloseableReadWriteLock.java:logLocking(65)) - s0@group-E8AE2E048FCA: readLock ACQUIRED 1 by SegmentedRaftLogCache$LogSegmentList.getTotalCacheSize
2022-07-14 02:38:07,355 [s0@group-E8AE2E048FCA-LeaderStateImpl] TRACE segmented.SegmentedRaftLogCache (AutoCloseableReadWriteLock.java:logLocking(65)) - s0@group-E8AE2E048FCA: readLock RELEASED 0 by SegmentedRaftLogCache$LogSegmentList.getTotalCacheSize
2022-07-14 02:38:07,355 [s0@group-E8AE2E048FCA-LeaderStateImpl] DEBUG segmented.SegmentedRaftLogWorker (SegmentedRaftLogWorker.java:addIOTask(270)) - s0@group-E8AE2E048FCA-SegmentedRaftLogWorker adds IO task WriteLog:102: (t:1, i:102), METADATAENTRY(c:101)
2022-07-14 02:38:07,355 [s0@group-E8AE2E048FCA-SegmentedRaftLogWorker] DEBUG segmented.SegmentedRaftLogWorker (SegmentedRaftLogWorker.java:flushIfNecessary(365)) - s0@group-E8AE2E048FCA-SegmentedRaftLogWorker: flush SegmentedRaftLogOutputStream(/home/runner/work/ratis/ratis/ratis-test/target/test/data/f69c223b/MiniRaftClusterWithSimulatedRpc37250022/s0/24813b6b-21de-410f-95d3-e8ae2e048fca/current/log_inprogress_0)
2022-07-14 02:38:07,355 [s0@group-E8AE2E048FCA-StateMachineUpdater] INFO  statemachine.SimpleStateMachine4Testing (SimpleStateMachine4Testing.java:put(204)) - s0: put 101, m50 -> (t:1, i:101), STATEMACHINELOGENTRY, 378@client-4187B1F4E061
2022-07-14 02:38:07,355 [s0-client-thread1] TRACE segmented.SegmentedRaftLogCache (AutoCloseableReadWriteLock.java:logLocking(65)) - s0@group-E8AE2E048FCA: readLock ACQUIRED 1 by SegmentedRaftLogCache.getLastTermIndex
2022-07-14 02:38:07,355 [s0-client-thread1] TRACE segmented.SegmentedRaftLogCache (AutoCloseableReadWriteLock.java:logLocking(65)) - s0@group-E8AE2E048FCA: readLock RELEASED 0 by SegmentedRaftLogCache.getLastTermIndex
2022-07-14 02:38:07,356 [s0-client-thread1] TRACE segmented.SegmentedRaftLogCache (AutoCloseableReadWriteLock.java:logLocking(65)) - s0@group-E8AE2E048FCA: readLock ACQUIRED 1 by SegmentedRaftLogCache.getLastTermIndex
2022-07-14 02:38:07,356 [s0-client-thread1] TRACE segmented.SegmentedRaftLogCache (AutoCloseableReadWriteLock.java:logLocking(65)) - s0@group-E8AE2E048FCA: readLock RELEASED 0 by SegmentedRaftLogCache.getLastTermIndex
2022-07-14 02:38:07,356 [s0-client-thread1] TRACE segmented.SegmentedRaftLogCache (AutoCloseableReadWriteLock.java:logLocking(65)) - s0@group-E8AE2E048FCA: readLock ACQUIRED 1 by SegmentedRaftLogCache$LogSegmentList.countCached
2022-07-14 02:38:07,356 [s0-client-thread1] TRACE segmented.SegmentedRaftLogCache (AutoCloseableReadWriteLock.java:logLocking(65)) - s0@group-E8AE2E048FCA: readLock RELEASED 0 by SegmentedRaftLogCache$LogSegmentList.countCached
2022-07-14 02:38:07,356 [s0-client-thread1] TRACE segmented.SegmentedRaftLogCache (AutoCloseableReadWriteLock.java:logLocking(65)) - s0@group-E8AE2E048FCA: readLock ACQUIRED 1 by SegmentedRaftLogCache$LogSegmentList.getTotalCacheSize
2022-07-14 02:38:07,356 [s0-client-thread1] TRACE segmented.SegmentedRaftLogCache (AutoCloseableReadWriteLock.java:logLocking(65)) - s0@group-E8AE2E048FCA: readLock RELEASED 0 by SegmentedRaftLogCache$LogSegmentList.getTotalCacheSize
2022-07-14 02:38:07,356 [s0-client-thread1] DEBUG segmented.SegmentedRaftLogWorker (SegmentedRaftLogWorker.java:addIOTask(270)) - s0@group-E8AE2E048FCA-SegmentedRaftLogWorker adds IO task WriteLog:103: (t:1, i:103), STATEMACHINELOGENTRY, StateMachineLogEntryProto:379@client-4187B1F4E061
2022-07-14 02:38:07,356 [s0@group-E8AE2E048FCA-SegmentedRaftLogWorker] DEBUG segmented.SegmentedRaftLogWorker (SegmentedRaftLogWorker.java:flushIfNecessary(365)) - s0@group-E8AE2E048FCA-SegmentedRaftLogWorker: flush SegmentedRaftLogOutputStream(/home/runner/work/ratis/ratis/ratis-test/target/test/data/f69c223b/MiniRaftClusterWithSimulatedRpc37250022/s0/24813b6b-21de-410f-95d3-e8ae2e048fca/current/log_inprogress_0)
2022-07-14 02:38:07,356 [s0@group-E8AE2E048FCA-LeaderStateImpl] TRACE segmented.SegmentedRaftLogCache (AutoCloseableReadWriteLock.java:logLocking(65)) - s0@group-E8AE2E048FCA: readLock ACQUIRED 1 by SegmentedRaftLogCache.getStartIndex
2022-07-14 02:38:07,356 [s0@group-E8AE2E048FCA-LeaderStateImpl] TRACE segmented.SegmentedRaftLogCache (AutoCloseableReadWriteLock.java:logLocking(65)) -   s0@group-E8AE2E048FCA: readLock ACQUIRED 2 by SegmentedRaftLogCache$LogSegmentList.isEmpty
2022-07-14 02:38:07,356 [s0@group-E8AE2E048FCA-LeaderStateImpl] TRACE segmented.SegmentedRaftLogCache (AutoCloseableReadWriteLock.java:logLocking(65)) -   s0@group-E8AE2E048FCA: readLock RELEASED 1 by SegmentedRaftLogCache$LogSegmentList.isEmpty
2022-07-14 02:38:07,356 [s0@group-E8AE2E048FCA-LeaderStateImpl] TRACE segmented.SegmentedRaftLogCache (AutoCloseableReadWriteLock.java:logLocking(65)) - s0@group-E8AE2E048FCA: readLock RELEASED 0 by SegmentedRaftLogCache.getStartIndex
2022-07-14 02:38:07,356 [s0@group-E8AE2E048FCA-LeaderStateImpl] TRACE segmented.SegmentedRaftLogCache (AutoCloseableReadWriteLock.java:logLocking(65)) - s0@group-E8AE2E048FCA: readLock ACQUIRED 1 by SegmentedRaftLogCache.getEndIndex
2022-07-14 02:38:07,356 [s0@group-E8AE2E048FCA-LeaderStateImpl] TRACE segmented.SegmentedRaftLogCache (AutoCloseableReadWriteLock.java:logLocking(65)) - s0@group-E8AE2E048FCA: readLock RELEASED 0 by SegmentedRaftLogCache.getEndIndex
2022-07-14 02:38:07,356 [s0@group-E8AE2E048FCA-LeaderStateImpl] TRACE segmented.SegmentedRaftLogCache (AutoCloseableReadWriteLock.java:logLocking(65)) - s0@group-E8AE2E048FCA: readLock ACQUIRED 1 by SegmentedRaftLogCache$LogSegmentList.getTermIndex
2022-07-14 02:38:07,356 [s0@group-E8AE2E048FCA-LeaderStateImpl] TRACE segmented.SegmentedRaftLogCache (AutoCloseableReadWriteLock.java:logLocking(65)) - s0@group-E8AE2E048FCA: readLock RELEASED 0 by SegmentedRaftLogCache$LogSegmentList.getTermIndex
2022-07-14 02:38:07,357 [s0@group-E8AE2E048FCA-LeaderStateImpl] TRACE segmented.SegmentedRaftLogCache (AutoCloseableReadWriteLock.java:logLocking(65)) - s0@group-E8AE2E048FCA: readLock ACQUIRED 1 by SegmentedRaftLogCache.getStartIndex
2022-07-14 02:38:07,357 [s0@group-E8AE2E048FCA-LeaderStateImpl] TRACE segmented.SegmentedRaftLogCache (AutoCloseableReadWriteLock.java:logLocking(65)) -   s0@group-E8AE2E048FCA: readLock ACQUIRED 2 by SegmentedRaftLogCache$LogSegmentList.isEmpty
2022-07-14 02:38:07,357 [s0@group-E8AE2E048FCA-LeaderStateImpl] TRACE segmented.SegmentedRaftLogCache (AutoCloseableReadWriteLock.java:logLocking(65)) -   s0@group-E8AE2E048FCA: readLock RELEASED 1 by SegmentedRaftLogCache$LogSegmentList.isEmpty
2022-07-14 02:38:07,357 [s0@group-E8AE2E048FCA-LeaderStateImpl] TRACE segmented.SegmentedRaftLogCache (AutoCloseableReadWriteLock.java:logLocking(65)) - s0@group-E8AE2E048FCA: readLock RELEASED 0 by SegmentedRaftLogCache.getStartIndex
2022-07-14 02:38:07,357 [s0@group-E8AE2E048FCA-LeaderStateImpl] TRACE segmented.SegmentedRaftLogCache (AutoCloseableReadWriteLock.java:logLocking(65)) - s0@group-E8AE2E048FCA: readLock ACQUIRED 1 by SegmentedRaftLogCache.getEndIndex
2022-07-14 02:38:07,357 [s0@group-E8AE2E048FCA-LeaderStateImpl] TRACE segmented.SegmentedRaftLogCache (AutoCloseableReadWriteLock.java:logLocking(65)) - s0@group-E8AE2E048FCA: readLock RELEASED 0 by SegmentedRaftLogCache.getEndIndex
2022-07-14 02:38:07,357 [s0@group-E8AE2E048FCA-LeaderStateImpl] TRACE segmented.SegmentedRaftLogCache (AutoCloseableReadWriteLock.java:logLocking(65)) - s0@group-E8AE2E048FCA: readLock ACQUIRED 1 by SegmentedRaftLogCache$LogSegmentList.getTermIndex
2022-07-14 02:38:07,357 [s0@group-E8AE2E048FCA-LeaderStateImpl] TRACE segmented.SegmentedRaftLogCache (AutoCloseableReadWriteLock.java:logLocking(65)) - s0@group-E8AE2E048FCA: readLock RELEASED 0 by SegmentedRaftLogCache$LogSegmentList.getTermIndex
2022-07-14 02:38:07,357 [s0@group-E8AE2E048FCA-LeaderStateImpl] TRACE segmented.SegmentedRaftLogCache (AutoCloseableReadWriteLock.java:logLocking(65)) - s0@group-E8AE2E048FCA: readLock ACQUIRED 1 by SegmentedRaftLogCache.getLastTermIndex
2022-07-14 02:38:07,357 [s0@group-E8AE2E048FCA-LeaderStateImpl] TRACE segmented.SegmentedRaftLogCache (AutoCloseableReadWriteLock.java:logLocking(65)) - s0@group-E8AE2E048FCA: readLock RELEASED 0 by SegmentedRaftLogCache.getLastTermIndex
2022-07-14 02:38:07,357 [s0@group-E8AE2E048FCA-LeaderStateImpl] TRACE segmented.SegmentedRaftLogCache (AutoCloseableReadWriteLock.java:logLocking(65)) - s0@group-E8AE2E048FCA: readLock ACQUIRED 1 by SegmentedRaftLogCache$LogSegmentList.countCached
2022-07-14 02:38:07,357 [s0@group-E8AE2E048FCA-LeaderStateImpl] TRACE segmented.SegmentedRaftLogCache (AutoCloseableReadWriteLock.java:logLocking(65)) - s0@group-E8AE2E048FCA: readLock RELEASED 0 by SegmentedRaftLogCache$LogSegmentList.countCached
2022-07-14 02:38:07,357 [s0@group-E8AE2E048FCA-LeaderStateImpl] TRACE segmented.SegmentedRaftLogCache (AutoCloseableReadWriteLock.java:logLocking(65)) - s0@group-E8AE2E048FCA: readLock ACQUIRED 1 by SegmentedRaftLogCache$LogSegmentList.getTotalCacheSize
2022-07-14 02:38:07,357 [s0@group-E8AE2E048FCA-LeaderStateImpl] TRACE segmented.SegmentedRaftLogCache (AutoCloseableReadWriteLock.java:logLocking(65)) - s0@group-E8AE2E048FCA: readLock RELEASED 0 by SegmentedRaftLogCache$LogSegmentList.getTotalCacheSize
2022-07-14 02:38:07,357 [s0@group-E8AE2E048FCA-LeaderStateImpl] DEBUG segmented.SegmentedRaftLogWorker (SegmentedRaftLogWorker.java:addIOTask(270)) - s0@group-E8AE2E048FCA-SegmentedRaftLogWorker adds IO task WriteLog:104: (t:1, i:104), METADATAENTRY(c:103)
2022-07-14 02:38:07,357 [s0@group-E8AE2E048FCA-SegmentedRaftLogWorker] DEBUG segmented.SegmentedRaftLogWorker (SegmentedRaftLogWorker.java:flushIfNecessary(365)) - s0@group-E8AE2E048FCA-SegmentedRaftLogWorker: flush SegmentedRaftLogOutputStream(/home/runner/work/ratis/ratis/ratis-test/target/test/data/f69c223b/MiniRaftClusterWithSimulatedRpc37250022/s0/24813b6b-21de-410f-95d3-e8ae2e048fca/current/log_inprogress_0)
2022-07-14 02:38:07,357 [s0@group-E8AE2E048FCA-StateMachineUpdater] INFO  statemachine.SimpleStateMachine4Testing (SimpleStateMachine4Testing.java:put(204)) - s0: put 103, m51 -> (t:1, i:103), STATEMACHINELOGENTRY, 379@client-4187B1F4E061
2022-07-14 02:38:07,361 [s0@group-E8AE2E048FCA-LeaderStateImpl] TRACE segmented.SegmentedRaftLogCache (AutoCloseableReadWriteLock.java:logLocking(65)) - s0@group-E8AE2E048FCA: readLock ACQUIRED 1 by SegmentedRaftLogCache.getStartIndex
2022-07-14 02:38:07,361 [s0@group-E8AE2E048FCA-LeaderStateImpl] TRACE segmented.SegmentedRaftLogCache (AutoCloseableReadWriteLock.java:logLocking(65)) -   s0@group-E8AE2E048FCA: readLock ACQUIRED 2 by SegmentedRaftLogCache$LogSegmentList.isEmpty
2022-07-14 02:38:07,361 [s0@group-E8AE2E048FCA-LeaderStateImpl] TRACE segmented.SegmentedRaftLogCache (AutoCloseableReadWriteLock.java:logLocking(65)) -   s0@group-E8AE2E048FCA: readLock RELEASED 1 by SegmentedRaftLogCache$LogSegmentList.isEmpty
2022-07-14 02:38:07,361 [s0@group-E8AE2E048FCA-LeaderStateImpl] TRACE segmented.SegmentedRaftLogCache (AutoCloseableReadWriteLock.java:logLocking(65)) - s0@group-E8AE2E048FCA: readLock RELEASED 0 by SegmentedRaftLogCache.getStartIndex
2022-07-14 02:38:07,361 [s0@group-E8AE2E048FCA-LeaderStateImpl] TRACE segmented.SegmentedRaftLogCache (AutoCloseableReadWriteLock.java:logLocking(65)) - s0@group-E8AE2E048FCA: readLock ACQUIRED 1 by SegmentedRaftLogCache.getEndIndex
2022-07-14 02:38:07,361 [s0@group-E8AE2E048FCA-LeaderStateImpl] TRACE segmented.SegmentedRaftLogCache (AutoCloseableReadWriteLock.java:logLocking(65)) - s0@group-E8AE2E048FCA: readLock RELEASED 0 by SegmentedRaftLogCache.getEndIndex
2022-07-14 02:38:07,361 [s0@group-E8AE2E048FCA-LeaderStateImpl] TRACE segmented.SegmentedRaftLogCache (AutoCloseableReadWriteLock.java:logLocking(65)) - s0@group-E8AE2E048FCA: readLock ACQUIRED 1 by SegmentedRaftLogCache$LogSegmentList.getTermIndex
2022-07-14 02:38:07,361 [s0@group-E8AE2E048FCA-LeaderStateImpl] TRACE segmented.SegmentedRaftLogCache (AutoCloseableReadWriteLock.java:logLocking(65)) - s0@group-E8AE2E048FCA: readLock RELEASED 0 by SegmentedRaftLogCache$LogSegmentList.getTermIndex
2022-07-14 02:38:07,361 [s0-client-thread1] TRACE segmented.SegmentedRaftLogCache (AutoCloseableReadWriteLock.java:logLocking(65)) - s0@group-E8AE2E048FCA: readLock ACQUIRED 1 by SegmentedRaftLogCache.getLastTermIndex
2022-07-14 02:38:07,361 [s0-client-thread1] TRACE segmented.SegmentedRaftLogCache (AutoCloseableReadWriteLock.java:logLocking(65)) - s0@group-E8AE2E048FCA: readLock RELEASED 0 by SegmentedRaftLogCache.getLastTermIndex
2022-07-14 02:38:07,362 [s0-client-thread1] TRACE segmented.SegmentedRaftLogCache (AutoCloseableReadWriteLock.java:logLocking(65)) - s0@group-E8AE2E048FCA: readLock ACQUIRED 1 by SegmentedRaftLogCache.getLastTermIndex
2022-07-14 02:38:07,362 [s0-client-thread1] TRACE segmented.SegmentedRaftLogCache (AutoCloseableReadWriteLock.java:logLocking(65)) - s0@group-E8AE2E048FCA: readLock RELEASED 0 by SegmentedRaftLogCache.getLastTermIndex
2022-07-14 02:38:07,362 [s0-client-thread1] TRACE segmented.SegmentedRaftLogCache (AutoCloseableReadWriteLock.java:logLocking(65)) - s0@group-E8AE2E048FCA: readLock ACQUIRED 1 by SegmentedRaftLogCache$LogSegmentList.countCached
2022-07-14 02:38:07,362 [s0-client-thread1] TRACE segmented.SegmentedRaftLogCache (AutoCloseableReadWriteLock.java:logLocking(65)) - s0@group-E8AE2E048FCA: readLock RELEASED 0 by SegmentedRaftLogCache$LogSegmentList.countCached
2022-07-14 02:38:07,362 [s0-client-thread1] TRACE segmented.SegmentedRaftLogCache (AutoCloseableReadWriteLock.java:logLocking(65)) - s0@group-E8AE2E048FCA: readLock ACQUIRED 1 by SegmentedRaftLogCache$LogSegmentList.getTotalCacheSize
2022-07-14 02:38:07,362 [s0-client-thread1] TRACE segmented.SegmentedRaftLogCache (AutoCloseableReadWriteLock.java:logLocking(65)) - s0@group-E8AE2E048FCA: readLock RELEASED 0 by SegmentedRaftLogCache$LogSegmentList.getTotalCacheSize
2022-07-14 02:38:07,362 [s0-client-thread1] DEBUG segmented.SegmentedRaftLogWorker (SegmentedRaftLogWorker.java:addIOTask(270)) - s0@group-E8AE2E048FCA-SegmentedRaftLogWorker adds IO task WriteLog:105: (t:1, i:105), STATEMACHINELOGENTRY, StateMachineLogEntryProto:380@client-4187B1F4E061
2022-07-14 02:38:07,362 [s0@group-E8AE2E048FCA-SegmentedRaftLogWorker] DEBUG segmented.SegmentedRaftLogWorker (SegmentedRaftLogWorker.java:flushIfNecessary(365)) - s0@group-E8AE2E048FCA-SegmentedRaftLogWorker: flush SegmentedRaftLogOutputStream(/home/runner/work/ratis/ratis/ratis-test/target/test/data/f69c223b/MiniRaftClusterWithSimulatedRpc37250022/s0/24813b6b-21de-410f-95d3-e8ae2e048fca/current/log_inprogress_0)
2022-07-14 02:38:07,364 [s0@group-E8AE2E048FCA-LeaderStateImpl] TRACE segmented.SegmentedRaftLogCache (AutoCloseableReadWriteLock.java:logLocking(65)) - s0@group-E8AE2E048FCA: readLock ACQUIRED 1 by SegmentedRaftLogCache.getStartIndex
2022-07-14 02:38:07,364 [s0@group-E8AE2E048FCA-LeaderStateImpl] TRACE segmented.SegmentedRaftLogCache (AutoCloseableReadWriteLock.java:logLocking(65)) -   s0@group-E8AE2E048FCA: readLock ACQUIRED 2 by SegmentedRaftLogCache$LogSegmentList.isEmpty
2022-07-14 02:38:07,364 [s0@group-E8AE2E048FCA-LeaderStateImpl] TRACE segmented.SegmentedRaftLogCache (AutoCloseableReadWriteLock.java:logLocking(65)) -   s0@group-E8AE2E048FCA: readLock RELEASED 1 by SegmentedRaftLogCache$LogSegmentList.isEmpty
2022-07-14 02:38:07,364 [s0@group-E8AE2E048FCA-LeaderStateImpl] TRACE segmented.SegmentedRaftLogCache (AutoCloseableReadWriteLock.java:logLocking(65)) - s0@group-E8AE2E048FCA: readLock RELEASED 0 by SegmentedRaftLogCache.getStartIndex
2022-07-14 02:38:07,364 [s0@group-E8AE2E048FCA-LeaderStateImpl] TRACE segmented.SegmentedRaftLogCache (AutoCloseableReadWriteLock.java:logLocking(65)) - s0@group-E8AE2E048FCA: readLock ACQUIRED 1 by SegmentedRaftLogCache.getEndIndex
2022-07-14 02:38:07,364 [s0@group-E8AE2E048FCA-LeaderStateImpl] TRACE segmented.SegmentedRaftLogCache (AutoCloseableReadWriteLock.java:logLocking(65)) - s0@group-E8AE2E048FCA: readLock RELEASED 0 by SegmentedRaftLogCache.getEndIndex
2022-07-14 02:38:07,364 [s0@group-E8AE2E048FCA-LeaderStateImpl] TRACE segmented.SegmentedRaftLogCache (AutoCloseableReadWriteLock.java:logLocking(65)) - s0@group-E8AE2E048FCA: readLock ACQUIRED 1 by SegmentedRaftLogCache$LogSegmentList.getTermIndex
2022-07-14 02:38:07,364 [s0@group-E8AE2E048FCA-LeaderStateImpl] TRACE segmented.SegmentedRaftLogCache (AutoCloseableReadWriteLock.java:logLocking(65)) - s0@group-E8AE2E048FCA: readLock RELEASED 0 by SegmentedRaftLogCache$LogSegmentList.getTermIndex
2022-07-14 02:38:07,364 [s0@group-E8AE2E048FCA-StateMachineUpdater] INFO  statemachine.SimpleStateMachine4Testing (SimpleStateMachine4Testing.java:put(204)) - s0: put 105, m52 -> (t:1, i:105), STATEMACHINELOGENTRY, 380@client-4187B1F4E061
2022-07-14 02:38:07,364 [s0@group-E8AE2E048FCA-LeaderStateImpl] TRACE segmented.SegmentedRaftLogCache (AutoCloseableReadWriteLock.java:logLocking(65)) - s0@group-E8AE2E048FCA: readLock ACQUIRED 1 by SegmentedRaftLogCache.getLastTermIndex
2022-07-14 02:38:07,365 [s0@group-E8AE2E048FCA-LeaderStateImpl] TRACE segmented.SegmentedRaftLogCache (AutoCloseableReadWriteLock.java:logLocking(65)) - s0@group-E8AE2E048FCA: readLock RELEASED 0 by SegmentedRaftLogCache.getLastTermIndex
2022-07-14 02:38:07,365 [s0@group-E8AE2E048FCA-LeaderStateImpl] TRACE segmented.SegmentedRaftLogCache (AutoCloseableReadWriteLock.java:logLocking(65)) - s0@group-E8AE2E048FCA: readLock ACQUIRED 1 by SegmentedRaftLogCache$LogSegmentList.countCached
2022-07-14 02:38:07,365 [s0@group-E8AE2E048FCA-LeaderStateImpl] TRACE segmented.SegmentedRaftLogCache (AutoCloseableReadWriteLock.java:logLocking(65)) - s0@group-E8AE2E048FCA: readLock RELEASED 0 by SegmentedRaftLogCache$LogSegmentList.countCached
2022-07-14 02:38:07,365 [s0@group-E8AE2E048FCA-LeaderStateImpl] TRACE segmented.SegmentedRaftLogCache (AutoCloseableReadWriteLock.java:logLocking(65)) - s0@group-E8AE2E048FCA: readLock ACQUIRED 1 by SegmentedRaftLogCache$LogSegmentList.getTotalCacheSize
2022-07-14 02:38:07,365 [s0@group-E8AE2E048FCA-LeaderStateImpl] TRACE segmented.SegmentedRaftLogCache (AutoCloseableReadWriteLock.java:logLocking(65)) - s0@group-E8AE2E048FCA: readLock RELEASED 0 by SegmentedRaftLogCache$LogSegmentList.getTotalCacheSize
2022-07-14 02:38:07,365 [s0@group-E8AE2E048FCA-LeaderStateImpl] DEBUG segmented.SegmentedRaftLogWorker (SegmentedRaftLogWorker.java:addIOTask(270)) - s0@group-E8AE2E048FCA-SegmentedRaftLogWorker adds IO task WriteLog:106: (t:1, i:106), METADATAENTRY(c:105)
2022-07-14 02:38:07,365 [s0@group-E8AE2E048FCA-SegmentedRaftLogWorker] DEBUG segmented.SegmentedRaftLogWorker (SegmentedRaftLogWorker.java:flushIfNecessary(365)) - s0@group-E8AE2E048FCA-SegmentedRaftLogWorker: flush SegmentedRaftLogOutputStream(/home/runner/work/ratis/ratis/ratis-test/target/test/data/f69c223b/MiniRaftClusterWithSimulatedRpc37250022/s0/24813b6b-21de-410f-95d3-e8ae2e048fca/current/log_inprogress_0)
2022-07-14 02:38:07,365 [s0-client-thread1] TRACE segmented.SegmentedRaftLogCache (AutoCloseableReadWriteLock.java:logLocking(65)) - s0@group-E8AE2E048FCA: readLock ACQUIRED 1 by SegmentedRaftLogCache.getLastTermIndex
2022-07-14 02:38:07,366 [s0-client-thread1] TRACE segmented.SegmentedRaftLogCache (AutoCloseableReadWriteLock.java:logLocking(65)) - s0@group-E8AE2E048FCA: readLock RELEASED 0 by SegmentedRaftLogCache.getLastTermIndex
2022-07-14 02:38:07,366 [s0-client-thread1] TRACE segmented.SegmentedRaftLogCache (AutoCloseableReadWriteLock.java:logLocking(65)) - s0@group-E8AE2E048FCA: readLock ACQUIRED 1 by SegmentedRaftLogCache.getLastTermIndex
2022-07-14 02:38:07,366 [s0-client-thread1] TRACE segmented.SegmentedRaftLogCache (AutoCloseableReadWriteLock.java:logLocking(65)) - s0@group-E8AE2E048FCA: readLock RELEASED 0 by SegmentedRaftLogCache.getLastTermIndex
2022-07-14 02:38:07,366 [s0-client-thread1] TRACE segmented.SegmentedRaftLogCache (AutoCloseableReadWriteLock.java:logLocking(65)) - s0@group-E8AE2E048FCA: readLock ACQUIRED 1 by SegmentedRaftLogCache$LogSegmentList.countCached
2022-07-14 02:38:07,366 [s0-client-thread1] TRACE segmented.SegmentedRaftLogCache (AutoCloseableReadWriteLock.java:logLocking(65)) - s0@group-E8AE2E048FCA: readLock RELEASED 0 by SegmentedRaftLogCache$LogSegmentList.countCached
2022-07-14 02:38:07,366 [s0-client-thread1] TRACE segmented.SegmentedRaftLogCache (AutoCloseableReadWriteLock.java:logLocking(65)) - s0@group-E8AE2E048FCA: readLock ACQUIRED 1 by SegmentedRaftLogCache$LogSegmentList.getTotalCacheSize
2022-07-14 02:38:07,366 [s0-client-thread1] TRACE segmented.SegmentedRaftLogCache (AutoCloseableReadWriteLock.java:logLocking(65)) - s0@group-E8AE2E048FCA: readLock RELEASED 0 by SegmentedRaftLogCache$LogSegmentList.getTotalCacheSize
2022-07-14 02:38:07,366 [s0-client-thread1] DEBUG segmented.SegmentedRaftLogWorker (SegmentedRaftLogWorker.java:addIOTask(270)) - s0@group-E8AE2E048FCA-SegmentedRaftLogWorker adds IO task WriteLog:107: (t:1, i:107), STATEMACHINELOGENTRY, StateMachineLogEntryProto:381@client-4187B1F4E061
2022-07-14 02:38:07,366 [s0@group-E8AE2E048FCA-SegmentedRaftLogWorker] DEBUG segmented.SegmentedRaftLogWorker (SegmentedRaftLogWorker.java:flushIfNecessary(365)) - s0@group-E8AE2E048FCA-SegmentedRaftLogWorker: flush SegmentedRaftLogOutputStream(/home/runner/work/ratis/ratis/ratis-test/target/test/data/f69c223b/MiniRaftClusterWithSimulatedRpc37250022/s0/24813b6b-21de-410f-95d3-e8ae2e048fca/current/log_inprogress_0)
2022-07-14 02:38:07,366 [s0@group-E8AE2E048FCA-LeaderStateImpl] TRACE segmented.SegmentedRaftLogCache (AutoCloseableReadWriteLock.java:logLocking(65)) - s0@group-E8AE2E048FCA: readLock ACQUIRED 1 by SegmentedRaftLogCache.getStartIndex
2022-07-14 02:38:07,367 [s0@group-E8AE2E048FCA-LeaderStateImpl] TRACE segmented.SegmentedRaftLogCache (AutoCloseableReadWriteLock.java:logLocking(65)) -   s0@group-E8AE2E048FCA: readLock ACQUIRED 2 by SegmentedRaftLogCache$LogSegmentList.isEmpty
2022-07-14 02:38:07,367 [s0@group-E8AE2E048FCA-LeaderStateImpl] TRACE segmented.SegmentedRaftLogCache (AutoCloseableReadWriteLock.java:logLocking(65)) -   s0@group-E8AE2E048FCA: readLock RELEASED 1 by SegmentedRaftLogCache$LogSegmentList.isEmpty
2022-07-14 02:38:07,367 [s0@group-E8AE2E048FCA-LeaderStateImpl] TRACE segmented.SegmentedRaftLogCache (AutoCloseableReadWriteLock.java:logLocking(65)) - s0@group-E8AE2E048FCA: readLock RELEASED 0 by SegmentedRaftLogCache.getStartIndex
2022-07-14 02:38:07,367 [s0@group-E8AE2E048FCA-LeaderStateImpl] TRACE segmented.SegmentedRaftLogCache (AutoCloseableReadWriteLock.java:logLocking(65)) - s0@group-E8AE2E048FCA: readLock ACQUIRED 1 by SegmentedRaftLogCache.getEndIndex
2022-07-14 02:38:07,367 [s0@group-E8AE2E048FCA-LeaderStateImpl] TRACE segmented.SegmentedRaftLogCache (AutoCloseableReadWriteLock.java:logLocking(65)) - s0@group-E8AE2E048FCA: readLock RELEASED 0 by SegmentedRaftLogCache.getEndIndex
2022-07-14 02:38:07,367 [s0@group-E8AE2E048FCA-LeaderStateImpl] TRACE segmented.SegmentedRaftLogCache (AutoCloseableReadWriteLock.java:logLocking(65)) - s0@group-E8AE2E048FCA: readLock ACQUIRED 1 by SegmentedRaftLogCache$LogSegmentList.getTermIndex
2022-07-14 02:38:07,367 [s0@group-E8AE2E048FCA-LeaderStateImpl] TRACE segmented.SegmentedRaftLogCache (AutoCloseableReadWriteLock.java:logLocking(65)) - s0@group-E8AE2E048FCA: readLock RELEASED 0 by SegmentedRaftLogCache$LogSegmentList.getTermIndex
2022-07-14 02:38:07,367 [s0@group-E8AE2E048FCA-LeaderStateImpl] TRACE segmented.SegmentedRaftLogCache (AutoCloseableReadWriteLock.java:logLocking(65)) - s0@group-E8AE2E048FCA: readLock ACQUIRED 1 by SegmentedRaftLogCache.getStartIndex
2022-07-14 02:38:07,367 [s0@group-E8AE2E048FCA-LeaderStateImpl] TRACE segmented.SegmentedRaftLogCache (AutoCloseableReadWriteLock.java:logLocking(65)) -   s0@group-E8AE2E048FCA: readLock ACQUIRED 2 by SegmentedRaftLogCache$LogSegmentList.isEmpty
2022-07-14 02:38:07,367 [s0@group-E8AE2E048FCA-LeaderStateImpl] TRACE segmented.SegmentedRaftLogCache (AutoCloseableReadWriteLock.java:logLocking(65)) -   s0@group-E8AE2E048FCA: readLock RELEASED 1 by SegmentedRaftLogCache$LogSegmentList.isEmpty
2022-07-14 02:38:07,367 [s0@group-E8AE2E048FCA-LeaderStateImpl] TRACE segmented.SegmentedRaftLogCache (AutoCloseableReadWriteLock.java:logLocking(65)) - s0@group-E8AE2E048FCA: readLock RELEASED 0 by SegmentedRaftLogCache.getStartIndex
2022-07-14 02:38:07,367 [s0@group-E8AE2E048FCA-LeaderStateImpl] TRACE segmented.SegmentedRaftLogCache (AutoCloseableReadWriteLock.java:logLocking(65)) - s0@group-E8AE2E048FCA: readLock ACQUIRED 1 by SegmentedRaftLogCache.getEndIndex
2022-07-14 02:38:07,367 [s0@group-E8AE2E048FCA-LeaderStateImpl] TRACE segmented.SegmentedRaftLogCache (AutoCloseableReadWriteLock.java:logLocking(65)) - s0@group-E8AE2E048FCA: readLock RELEASED 0 by SegmentedRaftLogCache.getEndIndex
2022-07-14 02:38:07,367 [s0@group-E8AE2E048FCA-LeaderStateImpl] TRACE segmented.SegmentedRaftLogCache (AutoCloseableReadWriteLock.java:logLocking(65)) - s0@group-E8AE2E048FCA: readLock ACQUIRED 1 by SegmentedRaftLogCache$LogSegmentList.getTermIndex
2022-07-14 02:38:07,367 [s0@group-E8AE2E048FCA-LeaderStateImpl] TRACE segmented.SegmentedRaftLogCache (AutoCloseableReadWriteLock.java:logLocking(65)) - s0@group-E8AE2E048FCA: readLock RELEASED 0 by SegmentedRaftLogCache$LogSegmentList.getTermIndex
2022-07-14 02:38:07,367 [s0@group-E8AE2E048FCA-LeaderStateImpl] TRACE segmented.SegmentedRaftLogCache (AutoCloseableReadWriteLock.java:logLocking(65)) - s0@group-E8AE2E048FCA: readLock ACQUIRED 1 by SegmentedRaftLogCache.getLastTermIndex
2022-07-14 02:38:07,368 [s0@group-E8AE2E048FCA-LeaderStateImpl] TRACE segmented.SegmentedRaftLogCache (AutoCloseableReadWriteLock.java:logLocking(65)) - s0@group-E8AE2E048FCA: readLock RELEASED 0 by SegmentedRaftLogCache.getLastTermIndex
2022-07-14 02:38:07,367 [s0@group-E8AE2E048FCA-StateMachineUpdater] INFO  statemachine.SimpleStateMachine4Testing (SimpleStateMachine4Testing.java:put(204)) - s0: put 107, m53 -> (t:1, i:107), STATEMACHINELOGENTRY, 381@client-4187B1F4E061
2022-07-14 02:38:07,368 [s0@group-E8AE2E048FCA-LeaderStateImpl] TRACE segmented.SegmentedRaftLogCache (AutoCloseableReadWriteLock.java:logLocking(65)) - s0@group-E8AE2E048FCA: readLock ACQUIRED 1 by SegmentedRaftLogCache$LogSegmentList.countCached
2022-07-14 02:38:07,368 [s0@group-E8AE2E048FCA-LeaderStateImpl] TRACE segmented.SegmentedRaftLogCache (AutoCloseableReadWriteLock.java:logLocking(65)) - s0@group-E8AE2E048FCA: readLock RELEASED 0 by SegmentedRaftLogCache$LogSegmentList.countCached
2022-07-14 02:38:07,368 [s0@group-E8AE2E048FCA-LeaderStateImpl] TRACE segmented.SegmentedRaftLogCache (AutoCloseableReadWriteLock.java:logLocking(65)) - s0@group-E8AE2E048FCA: readLock ACQUIRED 1 by SegmentedRaftLogCache$LogSegmentList.getTotalCacheSize
2022-07-14 02:38:07,368 [s0@group-E8AE2E048FCA-LeaderStateImpl] TRACE segmented.SegmentedRaftLogCache (AutoCloseableReadWriteLock.java:logLocking(65)) - s0@group-E8AE2E048FCA: readLock RELEASED 0 by SegmentedRaftLogCache$LogSegmentList.getTotalCacheSize
2022-07-14 02:38:07,368 [s0@group-E8AE2E048FCA-LeaderStateImpl] DEBUG segmented.SegmentedRaftLogWorker (SegmentedRaftLogWorker.java:addIOTask(270)) - s0@group-E8AE2E048FCA-SegmentedRaftLogWorker adds IO task WriteLog:108: (t:1, i:108), METADATAENTRY(c:107)
2022-07-14 02:38:07,368 [s0@group-E8AE2E048FCA-SegmentedRaftLogWorker] DEBUG segmented.SegmentedRaftLogWorker (SegmentedRaftLogWorker.java:flushIfNecessary(365)) - s0@group-E8AE2E048FCA-SegmentedRaftLogWorker: flush SegmentedRaftLogOutputStream(/home/runner/work/ratis/ratis/ratis-test/target/test/data/f69c223b/MiniRaftClusterWithSimulatedRpc37250022/s0/24813b6b-21de-410f-95d3-e8ae2e048fca/current/log_inprogress_0)
2022-07-14 02:38:07,368 [s0-client-thread1] TRACE segmented.SegmentedRaftLogCache (AutoCloseableReadWriteLock.java:logLocking(65)) - s0@group-E8AE2E048FCA: readLock ACQUIRED 1 by SegmentedRaftLogCache.getLastTermIndex
2022-07-14 02:38:07,368 [s0-client-thread1] TRACE segmented.SegmentedRaftLogCache (AutoCloseableReadWriteLock.java:logLocking(65)) - s0@group-E8AE2E048FCA: readLock RELEASED 0 by SegmentedRaftLogCache.getLastTermIndex
2022-07-14 02:38:07,368 [s0-client-thread1] TRACE segmented.SegmentedRaftLogCache (AutoCloseableReadWriteLock.java:logLocking(65)) - s0@group-E8AE2E048FCA: readLock ACQUIRED 1 by SegmentedRaftLogCache.getLastTermIndex
2022-07-14 02:38:07,368 [s0-client-thread1] TRACE segmented.SegmentedRaftLogCache (AutoCloseableReadWriteLock.java:logLocking(65)) - s0@group-E8AE2E048FCA: readLock RELEASED 0 by SegmentedRaftLogCache.getLastTermIndex
2022-07-14 02:38:07,368 [s0-client-thread1] TRACE segmented.SegmentedRaftLogCache (AutoCloseableReadWriteLock.java:logLocking(65)) - s0@group-E8AE2E048FCA: readLock ACQUIRED 1 by SegmentedRaftLogCache$LogSegmentList.countCached
2022-07-14 02:38:07,369 [s0-client-thread1] TRACE segmented.SegmentedRaftLogCache (AutoCloseableReadWriteLock.java:logLocking(65)) - s0@group-E8AE2E048FCA: readLock RELEASED 0 by SegmentedRaftLogCache$LogSegmentList.countCached
2022-07-14 02:38:07,369 [s0-client-thread1] TRACE segmented.SegmentedRaftLogCache (AutoCloseableReadWriteLock.java:logLocking(65)) - s0@group-E8AE2E048FCA: readLock ACQUIRED 1 by SegmentedRaftLogCache$LogSegmentList.getTotalCacheSize
2022-07-14 02:38:07,369 [s0-client-thread1] TRACE segmented.SegmentedRaftLogCache (AutoCloseableReadWriteLock.java:logLocking(65)) - s0@group-E8AE2E048FCA: readLock RELEASED 0 by SegmentedRaftLogCache$LogSegmentList.getTotalCacheSize
2022-07-14 02:38:07,369 [s0-client-thread1] DEBUG segmented.SegmentedRaftLogWorker (SegmentedRaftLogWorker.java:addIOTask(270)) - s0@group-E8AE2E048FCA-SegmentedRaftLogWorker adds IO task WriteLog:109: (t:1, i:109), STATEMACHINELOGENTRY, StateMachineLogEntryProto:382@client-4187B1F4E061
2022-07-14 02:38:07,369 [s0@group-E8AE2E048FCA-LeaderStateImpl] TRACE segmented.SegmentedRaftLogCache (AutoCloseableReadWriteLock.java:logLocking(65)) - s0@group-E8AE2E048FCA: readLock ACQUIRED 1 by SegmentedRaftLogCache.getStartIndex
2022-07-14 02:38:07,369 [s0@group-E8AE2E048FCA-LeaderStateImpl] TRACE segmented.SegmentedRaftLogCache (AutoCloseableReadWriteLock.java:logLocking(65)) -   s0@group-E8AE2E048FCA: readLock ACQUIRED 2 by SegmentedRaftLogCache$LogSegmentList.isEmpty
2022-07-14 02:38:07,369 [s0@group-E8AE2E048FCA-LeaderStateImpl] TRACE segmented.SegmentedRaftLogCache (AutoCloseableReadWriteLock.java:logLocking(65)) -   s0@group-E8AE2E048FCA: readLock RELEASED 1 by SegmentedRaftLogCache$LogSegmentList.isEmpty
2022-07-14 02:38:07,369 [s0@group-E8AE2E048FCA-LeaderStateImpl] TRACE segmented.SegmentedRaftLogCache (AutoCloseableReadWriteLock.java:logLocking(65)) - s0@group-E8AE2E048FCA: readLock RELEASED 0 by SegmentedRaftLogCache.getStartIndex
2022-07-14 02:38:07,369 [s0@group-E8AE2E048FCA-LeaderStateImpl] TRACE segmented.SegmentedRaftLogCache (AutoCloseableReadWriteLock.java:logLocking(65)) - s0@group-E8AE2E048FCA: readLock ACQUIRED 1 by SegmentedRaftLogCache.getEndIndex
2022-07-14 02:38:07,369 [s0@group-E8AE2E048FCA-LeaderStateImpl] TRACE segmented.SegmentedRaftLogCache (AutoCloseableReadWriteLock.java:logLocking(65)) - s0@group-E8AE2E048FCA: readLock RELEASED 0 by SegmentedRaftLogCache.getEndIndex
2022-07-14 02:38:07,369 [s0@group-E8AE2E048FCA-LeaderStateImpl] TRACE segmented.SegmentedRaftLogCache (AutoCloseableReadWriteLock.java:logLocking(65)) - s0@group-E8AE2E048FCA: readLock ACQUIRED 1 by SegmentedRaftLogCache$LogSegmentList.getTermIndex
2022-07-14 02:38:07,369 [s0@group-E8AE2E048FCA-LeaderStateImpl] TRACE segmented.SegmentedRaftLogCache (AutoCloseableReadWriteLock.java:logLocking(65)) - s0@group-E8AE2E048FCA: readLock RELEASED 0 by SegmentedRaftLogCache$LogSegmentList.getTermIndex
2022-07-14 02:38:07,373 [s0@group-E8AE2E048FCA-SegmentedRaftLogWorker] DEBUG segmented.SegmentedRaftLogWorker (SegmentedRaftLogWorker.java:flushIfNecessary(365)) - s0@group-E8AE2E048FCA-SegmentedRaftLogWorker: flush SegmentedRaftLogOutputStream(/home/runner/work/ratis/ratis/ratis-test/target/test/data/f69c223b/MiniRaftClusterWithSimulatedRpc37250022/s0/24813b6b-21de-410f-95d3-e8ae2e048fca/current/log_inprogress_0)
2022-07-14 02:38:07,373 [s0@group-E8AE2E048FCA-LeaderStateImpl] TRACE segmented.SegmentedRaftLogCache (AutoCloseableReadWriteLock.java:logLocking(65)) - s0@group-E8AE2E048FCA: readLock ACQUIRED 1 by SegmentedRaftLogCache.getStartIndex
2022-07-14 02:38:07,373 [s0@group-E8AE2E048FCA-LeaderStateImpl] TRACE segmented.SegmentedRaftLogCache (AutoCloseableReadWriteLock.java:logLocking(65)) -   s0@group-E8AE2E048FCA: readLock ACQUIRED 2 by SegmentedRaftLogCache$LogSegmentList.isEmpty
2022-07-14 02:38:07,373 [s0@group-E8AE2E048FCA-LeaderStateImpl] TRACE segmented.SegmentedRaftLogCache (AutoCloseableReadWriteLock.java:logLocking(65)) -   s0@group-E8AE2E048FCA: readLock RELEASED 1 by SegmentedRaftLogCache$LogSegmentList.isEmpty
2022-07-14 02:38:07,373 [s0@group-E8AE2E048FCA-LeaderStateImpl] TRACE segmented.SegmentedRaftLogCache (AutoCloseableReadWriteLock.java:logLocking(65)) - s0@group-E8AE2E048FCA: readLock RELEASED 0 by SegmentedRaftLogCache.getStartIndex
2022-07-14 02:38:07,373 [s0@group-E8AE2E048FCA-LeaderStateImpl] TRACE segmented.SegmentedRaftLogCache (AutoCloseableReadWriteLock.java:logLocking(65)) - s0@group-E8AE2E048FCA: readLock ACQUIRED 1 by SegmentedRaftLogCache.getEndIndex
2022-07-14 02:38:07,373 [s0@group-E8AE2E048FCA-LeaderStateImpl] TRACE segmented.SegmentedRaftLogCache (AutoCloseableReadWriteLock.java:logLocking(65)) - s0@group-E8AE2E048FCA: readLock RELEASED 0 by SegmentedRaftLogCache.getEndIndex
2022-07-14 02:38:07,374 [s0@group-E8AE2E048FCA-LeaderStateImpl] TRACE segmented.SegmentedRaftLogCache (AutoCloseableReadWriteLock.java:logLocking(65)) - s0@group-E8AE2E048FCA: readLock ACQUIRED 1 by SegmentedRaftLogCache$LogSegmentList.getTermIndex
2022-07-14 02:38:07,374 [s0@group-E8AE2E048FCA-LeaderStateImpl] TRACE segmented.SegmentedRaftLogCache (AutoCloseableReadWriteLock.java:logLocking(65)) - s0@group-E8AE2E048FCA: readLock RELEASED 0 by SegmentedRaftLogCache$LogSegmentList.getTermIndex
2022-07-14 02:38:07,374 [s0@group-E8AE2E048FCA-LeaderStateImpl] TRACE segmented.SegmentedRaftLogCache (AutoCloseableReadWriteLock.java:logLocking(65)) - s0@group-E8AE2E048FCA: readLock ACQUIRED 1 by SegmentedRaftLogCache.getLastTermIndex
2022-07-14 02:38:07,374 [s0@group-E8AE2E048FCA-LeaderStateImpl] TRACE segmented.SegmentedRaftLogCache (AutoCloseableReadWriteLock.java:logLocking(65)) - s0@group-E8AE2E048FCA: readLock RELEASED 0 by SegmentedRaftLogCache.getLastTermIndex
2022-07-14 02:38:07,374 [s0@group-E8AE2E048FCA-LeaderStateImpl] TRACE segmented.SegmentedRaftLogCache (AutoCloseableReadWriteLock.java:logLocking(65)) - s0@group-E8AE2E048FCA: readLock ACQUIRED 1 by SegmentedRaftLogCache$LogSegmentList.countCached
2022-07-14 02:38:07,374 [s0@group-E8AE2E048FCA-LeaderStateImpl] TRACE segmented.SegmentedRaftLogCache (AutoCloseableReadWriteLock.java:logLocking(65)) - s0@group-E8AE2E048FCA: readLock RELEASED 0 by SegmentedRaftLogCache$LogSegmentList.countCached
2022-07-14 02:38:07,374 [s0@group-E8AE2E048FCA-LeaderStateImpl] TRACE segmented.SegmentedRaftLogCache (AutoCloseableReadWriteLock.java:logLocking(65)) - s0@group-E8AE2E048FCA: readLock ACQUIRED 1 by SegmentedRaftLogCache$LogSegmentList.getTotalCacheSize
2022-07-14 02:38:07,374 [s0@group-E8AE2E048FCA-LeaderStateImpl] TRACE segmented.SegmentedRaftLogCache (AutoCloseableReadWriteLock.java:logLocking(65)) - s0@group-E8AE2E048FCA: readLock RELEASED 0 by SegmentedRaftLogCache$LogSegmentList.getTotalCacheSize
2022-07-14 02:38:07,374 [s0@group-E8AE2E048FCA-LeaderStateImpl] DEBUG segmented.SegmentedRaftLogWorker (SegmentedRaftLogWorker.java:addIOTask(270)) - s0@group-E8AE2E048FCA-SegmentedRaftLogWorker adds IO task WriteLog:110: (t:1, i:110), METADATAENTRY(c:109)
2022-07-14 02:38:07,374 [s0@group-E8AE2E048FCA-SegmentedRaftLogWorker] DEBUG segmented.SegmentedRaftLogWorker (SegmentedRaftLogWorker.java:flushIfNecessary(365)) - s0@group-E8AE2E048FCA-SegmentedRaftLogWorker: flush SegmentedRaftLogOutputStream(/home/runner/work/ratis/ratis/ratis-test/target/test/data/f69c223b/MiniRaftClusterWithSimulatedRpc37250022/s0/24813b6b-21de-410f-95d3-e8ae2e048fca/current/log_inprogress_0)
2022-07-14 02:38:07,375 [s0@group-E8AE2E048FCA-StateMachineUpdater] INFO  statemachine.SimpleStateMachine4Testing (SimpleStateMachine4Testing.java:put(204)) - s0: put 109, m54 -> (t:1, i:109), STATEMACHINELOGENTRY, 382@client-4187B1F4E061
2022-07-14 02:38:07,375 [s0-client-thread1] TRACE segmented.SegmentedRaftLogCache (AutoCloseableReadWriteLock.java:logLocking(65)) - s0@group-E8AE2E048FCA: readLock ACQUIRED 1 by SegmentedRaftLogCache.getLastTermIndex
2022-07-14 02:38:07,375 [s0-client-thread1] TRACE segmented.SegmentedRaftLogCache (AutoCloseableReadWriteLock.java:logLocking(65)) - s0@group-E8AE2E048FCA: readLock RELEASED 0 by SegmentedRaftLogCache.getLastTermIndex
2022-07-14 02:38:07,375 [s0-client-thread1] TRACE segmented.SegmentedRaftLogCache (AutoCloseableReadWriteLock.java:logLocking(65)) - s0@group-E8AE2E048FCA: readLock ACQUIRED 1 by SegmentedRaftLogCache.getLastTermIndex
2022-07-14 02:38:07,375 [s0-client-thread1] TRACE segmented.SegmentedRaftLogCache (AutoCloseableReadWriteLock.java:logLocking(65)) - s0@group-E8AE2E048FCA: readLock RELEASED 0 by SegmentedRaftLogCache.getLastTermIndex
2022-07-14 02:38:07,375 [s0-client-thread1] TRACE segmented.SegmentedRaftLogCache (AutoCloseableReadWriteLock.java:logLocking(65)) - s0@group-E8AE2E048FCA: readLock ACQUIRED 1 by SegmentedRaftLogCache$LogSegmentList.countCached
2022-07-14 02:38:07,375 [s0-client-thread1] TRACE segmented.SegmentedRaftLogCache (AutoCloseableReadWriteLock.java:logLocking(65)) - s0@group-E8AE2E048FCA: readLock RELEASED 0 by SegmentedRaftLogCache$LogSegmentList.countCached
2022-07-14 02:38:07,376 [s0-client-thread1] TRACE segmented.SegmentedRaftLogCache (AutoCloseableReadWriteLock.java:logLocking(65)) - s0@group-E8AE2E048FCA: readLock ACQUIRED 1 by SegmentedRaftLogCache$LogSegmentList.getTotalCacheSize
2022-07-14 02:38:07,376 [s0-client-thread1] TRACE segmented.SegmentedRaftLogCache (AutoCloseableReadWriteLock.java:logLocking(65)) - s0@group-E8AE2E048FCA: readLock RELEASED 0 by SegmentedRaftLogCache$LogSegmentList.getTotalCacheSize
2022-07-14 02:38:07,376 [s0-client-thread1] DEBUG segmented.SegmentedRaftLogWorker (SegmentedRaftLogWorker.java:addIOTask(270)) - s0@group-E8AE2E048FCA-SegmentedRaftLogWorker adds IO task WriteLog:111: (t:1, i:111), STATEMACHINELOGENTRY, StateMachineLogEntryProto:383@client-4187B1F4E061
2022-07-14 02:38:07,376 [s0@group-E8AE2E048FCA-SegmentedRaftLogWorker] DEBUG segmented.SegmentedRaftLogWorker (SegmentedRaftLogWorker.java:flushIfNecessary(365)) - s0@group-E8AE2E048FCA-SegmentedRaftLogWorker: flush SegmentedRaftLogOutputStream(/home/runner/work/ratis/ratis/ratis-test/target/test/data/f69c223b/MiniRaftClusterWithSimulatedRpc37250022/s0/24813b6b-21de-410f-95d3-e8ae2e048fca/current/log_inprogress_0)
2022-07-14 02:38:07,376 [s0@group-E8AE2E048FCA-LeaderStateImpl] TRACE segmented.SegmentedRaftLogCache (AutoCloseableReadWriteLock.java:logLocking(65)) - s0@group-E8AE2E048FCA: readLock ACQUIRED 1 by SegmentedRaftLogCache.getStartIndex
2022-07-14 02:38:07,376 [s0@group-E8AE2E048FCA-LeaderStateImpl] TRACE segmented.SegmentedRaftLogCache (AutoCloseableReadWriteLock.java:logLocking(65)) -   s0@group-E8AE2E048FCA: readLock ACQUIRED 2 by SegmentedRaftLogCache$LogSegmentList.isEmpty
2022-07-14 02:38:07,376 [s0@group-E8AE2E048FCA-LeaderStateImpl] TRACE segmented.SegmentedRaftLogCache (AutoCloseableReadWriteLock.java:logLocking(65)) -   s0@group-E8AE2E048FCA: readLock RELEASED 1 by SegmentedRaftLogCache$LogSegmentList.isEmpty
2022-07-14 02:38:07,376 [s0@group-E8AE2E048FCA-LeaderStateImpl] TRACE segmented.SegmentedRaftLogCache (AutoCloseableReadWriteLock.java:logLocking(65)) - s0@group-E8AE2E048FCA: readLock RELEASED 0 by SegmentedRaftLogCache.getStartIndex
2022-07-14 02:38:07,377 [s0@group-E8AE2E048FCA-LeaderStateImpl] TRACE segmented.SegmentedRaftLogCache (AutoCloseableReadWriteLock.java:logLocking(65)) - s0@group-E8AE2E048FCA: readLock ACQUIRED 1 by SegmentedRaftLogCache.getEndIndex
2022-07-14 02:38:07,377 [s0@group-E8AE2E048FCA-LeaderStateImpl] TRACE segmented.SegmentedRaftLogCache (AutoCloseableReadWriteLock.java:logLocking(65)) - s0@group-E8AE2E048FCA: readLock RELEASED 0 by SegmentedRaftLogCache.getEndIndex
2022-07-14 02:38:07,377 [s0@group-E8AE2E048FCA-LeaderStateImpl] TRACE segmented.SegmentedRaftLogCache (AutoCloseableReadWriteLock.java:logLocking(65)) - s0@group-E8AE2E048FCA: readLock ACQUIRED 1 by SegmentedRaftLogCache$LogSegmentList.getTermIndex
2022-07-14 02:38:07,377 [s0@group-E8AE2E048FCA-LeaderStateImpl] TRACE segmented.SegmentedRaftLogCache (AutoCloseableReadWriteLock.java:logLocking(65)) - s0@group-E8AE2E048FCA: readLock RELEASED 0 by SegmentedRaftLogCache$LogSegmentList.getTermIndex
2022-07-14 02:38:07,377 [s0@group-E8AE2E048FCA-LeaderStateImpl] TRACE segmented.SegmentedRaftLogCache (AutoCloseableReadWriteLock.java:logLocking(65)) - s0@group-E8AE2E048FCA: readLock ACQUIRED 1 by SegmentedRaftLogCache.getStartIndex
2022-07-14 02:38:07,377 [s0@group-E8AE2E048FCA-LeaderStateImpl] TRACE segmented.SegmentedRaftLogCache (AutoCloseableReadWriteLock.java:logLocking(65)) -   s0@group-E8AE2E048FCA: readLock ACQUIRED 2 by SegmentedRaftLogCache$LogSegmentList.isEmpty
2022-07-14 02:38:07,377 [s0@group-E8AE2E048FCA-LeaderStateImpl] TRACE segmented.SegmentedRaftLogCache (AutoCloseableReadWriteLock.java:logLocking(65)) -   s0@group-E8AE2E048FCA: readLock RELEASED 1 by SegmentedRaftLogCache$LogSegmentList.isEmpty
2022-07-14 02:38:07,377 [s0@group-E8AE2E048FCA-LeaderStateImpl] TRACE segmented.SegmentedRaftLogCache (AutoCloseableReadWriteLock.java:logLocking(65)) - s0@group-E8AE2E048FCA: readLock RELEASED 0 by SegmentedRaftLogCache.getStartIndex
2022-07-14 02:38:07,377 [s0@group-E8AE2E048FCA-LeaderStateImpl] TRACE segmented.SegmentedRaftLogCache (AutoCloseableReadWriteLock.java:logLocking(65)) - s0@group-E8AE2E048FCA: readLock ACQUIRED 1 by SegmentedRaftLogCache.getEndIndex
2022-07-14 02:38:07,377 [s0@group-E8AE2E048FCA-LeaderStateImpl] TRACE segmented.SegmentedRaftLogCache (AutoCloseableReadWriteLock.java:logLocking(65)) - s0@group-E8AE2E048FCA: readLock RELEASED 0 by SegmentedRaftLogCache.getEndIndex
2022-07-14 02:38:07,377 [s0@group-E8AE2E048FCA-LeaderStateImpl] TRACE segmented.SegmentedRaftLogCache (AutoCloseableReadWriteLock.java:logLocking(65)) - s0@group-E8AE2E048FCA: readLock ACQUIRED 1 by SegmentedRaftLogCache$LogSegmentList.getTermIndex
2022-07-14 02:38:07,377 [s0@group-E8AE2E048FCA-LeaderStateImpl] TRACE segmented.SegmentedRaftLogCache (AutoCloseableReadWriteLock.java:logLocking(65)) - s0@group-E8AE2E048FCA: readLock RELEASED 0 by SegmentedRaftLogCache$LogSegmentList.getTermIndex
2022-07-14 02:38:07,377 [s0@group-E8AE2E048FCA-LeaderStateImpl] TRACE segmented.SegmentedRaftLogCache (AutoCloseableReadWriteLock.java:logLocking(65)) - s0@group-E8AE2E048FCA: readLock ACQUIRED 1 by SegmentedRaftLogCache.getLastTermIndex
2022-07-14 02:38:07,377 [s0@group-E8AE2E048FCA-LeaderStateImpl] TRACE segmented.SegmentedRaftLogCache (AutoCloseableReadWriteLock.java:logLocking(65)) - s0@group-E8AE2E048FCA: readLock RELEASED 0 by SegmentedRaftLogCache.getLastTermIndex
2022-07-14 02:38:07,377 [s0@group-E8AE2E048FCA-LeaderStateImpl] TRACE segmented.SegmentedRaftLogCache (AutoCloseableReadWriteLock.java:logLocking(65)) - s0@group-E8AE2E048FCA: readLock ACQUIRED 1 by SegmentedRaftLogCache$LogSegmentList.countCached
2022-07-14 02:38:07,377 [s0@group-E8AE2E048FCA-LeaderStateImpl] TRACE segmented.SegmentedRaftLogCache (AutoCloseableReadWriteLock.java:logLocking(65)) - s0@group-E8AE2E048FCA: readLock RELEASED 0 by SegmentedRaftLogCache$LogSegmentList.countCached
2022-07-14 02:38:07,377 [s0@group-E8AE2E048FCA-LeaderStateImpl] TRACE segmented.SegmentedRaftLogCache (AutoCloseableReadWriteLock.java:logLocking(65)) - s0@group-E8AE2E048FCA: readLock ACQUIRED 1 by SegmentedRaftLogCache$LogSegmentList.getTotalCacheSize
2022-07-14 02:38:07,377 [s0@group-E8AE2E048FCA-LeaderStateImpl] TRACE segmented.SegmentedRaftLogCache (AutoCloseableReadWriteLock.java:logLocking(65)) - s0@group-E8AE2E048FCA: readLock RELEASED 0 by SegmentedRaftLogCache$LogSegmentList.getTotalCacheSize
2022-07-14 02:38:07,377 [s0@group-E8AE2E048FCA-LeaderStateImpl] DEBUG segmented.SegmentedRaftLogWorker (SegmentedRaftLogWorker.java:addIOTask(270)) - s0@group-E8AE2E048FCA-SegmentedRaftLogWorker adds IO task WriteLog:112: (t:1, i:112), METADATAENTRY(c:111)
2022-07-14 02:38:07,378 [s0@group-E8AE2E048FCA-SegmentedRaftLogWorker] DEBUG segmented.SegmentedRaftLogWorker (SegmentedRaftLogWorker.java:flushIfNecessary(365)) - s0@group-E8AE2E048FCA-SegmentedRaftLogWorker: flush SegmentedRaftLogOutputStream(/home/runner/work/ratis/ratis/ratis-test/target/test/data/f69c223b/MiniRaftClusterWithSimulatedRpc37250022/s0/24813b6b-21de-410f-95d3-e8ae2e048fca/current/log_inprogress_0)
2022-07-14 02:38:07,378 [s0@group-E8AE2E048FCA-StateMachineUpdater] INFO  statemachine.SimpleStateMachine4Testing (SimpleStateMachine4Testing.java:put(204)) - s0: put 111, m55 -> (t:1, i:111), STATEMACHINELOGENTRY, 383@client-4187B1F4E061
2022-07-14 02:38:07,379 [s0-client-thread1] TRACE segmented.SegmentedRaftLogCache (AutoCloseableReadWriteLock.java:logLocking(65)) - s0@group-E8AE2E048FCA: readLock ACQUIRED 1 by SegmentedRaftLogCache.getLastTermIndex
2022-07-14 02:38:07,379 [s0-client-thread1] TRACE segmented.SegmentedRaftLogCache (AutoCloseableReadWriteLock.java:logLocking(65)) - s0@group-E8AE2E048FCA: readLock RELEASED 0 by SegmentedRaftLogCache.getLastTermIndex
2022-07-14 02:38:07,379 [s0-client-thread1] TRACE segmented.SegmentedRaftLogCache (AutoCloseableReadWriteLock.java:logLocking(65)) - s0@group-E8AE2E048FCA: readLock ACQUIRED 1 by SegmentedRaftLogCache.getLastTermIndex
2022-07-14 02:38:07,379 [s0-client-thread1] TRACE segmented.SegmentedRaftLogCache (AutoCloseableReadWriteLock.java:logLocking(65)) - s0@group-E8AE2E048FCA: readLock RELEASED 0 by SegmentedRaftLogCache.getLastTermIndex
2022-07-14 02:38:07,379 [s0-client-thread1] TRACE segmented.SegmentedRaftLogCache (AutoCloseableReadWriteLock.java:logLocking(65)) - s0@group-E8AE2E048FCA: readLock ACQUIRED 1 by SegmentedRaftLogCache$LogSegmentList.countCached
2022-07-14 02:38:07,379 [s0-client-thread1] TRACE segmented.SegmentedRaftLogCache (AutoCloseableReadWriteLock.java:logLocking(65)) - s0@group-E8AE2E048FCA: readLock RELEASED 0 by SegmentedRaftLogCache$LogSegmentList.countCached
2022-07-14 02:38:07,379 [s0-client-thread1] TRACE segmented.SegmentedRaftLogCache (AutoCloseableReadWriteLock.java:logLocking(65)) - s0@group-E8AE2E048FCA: readLock ACQUIRED 1 by SegmentedRaftLogCache$LogSegmentList.getTotalCacheSize
2022-07-14 02:38:07,379 [s0-client-thread1] TRACE segmented.SegmentedRaftLogCache (AutoCloseableReadWriteLock.java:logLocking(65)) - s0@group-E8AE2E048FCA: readLock RELEASED 0 by SegmentedRaftLogCache$LogSegmentList.getTotalCacheSize
2022-07-14 02:38:07,379 [s0-client-thread1] DEBUG segmented.SegmentedRaftLogWorker (SegmentedRaftLogWorker.java:addIOTask(270)) - s0@group-E8AE2E048FCA-SegmentedRaftLogWorker adds IO task WriteLog:113: (t:1, i:113), STATEMACHINELOGENTRY, StateMachineLogEntryProto:384@client-4187B1F4E061
2022-07-14 02:38:07,379 [s0@group-E8AE2E048FCA-SegmentedRaftLogWorker] DEBUG segmented.SegmentedRaftLogWorker (SegmentedRaftLogWorker.java:flushIfNecessary(365)) - s0@group-E8AE2E048FCA-SegmentedRaftLogWorker: flush SegmentedRaftLogOutputStream(/home/runner/work/ratis/ratis/ratis-test/target/test/data/f69c223b/MiniRaftClusterWithSimulatedRpc37250022/s0/24813b6b-21de-410f-95d3-e8ae2e048fca/current/log_inprogress_0)
2022-07-14 02:38:07,380 [s0@group-E8AE2E048FCA-LeaderStateImpl] TRACE segmented.SegmentedRaftLogCache (AutoCloseableReadWriteLock.java:logLocking(65)) - s0@group-E8AE2E048FCA: readLock ACQUIRED 1 by SegmentedRaftLogCache.getStartIndex
2022-07-14 02:38:07,380 [s0@group-E8AE2E048FCA-LeaderStateImpl] TRACE segmented.SegmentedRaftLogCache (AutoCloseableReadWriteLock.java:logLocking(65)) -   s0@group-E8AE2E048FCA: readLock ACQUIRED 2 by SegmentedRaftLogCache$LogSegmentList.isEmpty
2022-07-14 02:38:07,380 [s0@group-E8AE2E048FCA-LeaderStateImpl] TRACE segmented.SegmentedRaftLogCache (AutoCloseableReadWriteLock.java:logLocking(65)) -   s0@group-E8AE2E048FCA: readLock RELEASED 1 by SegmentedRaftLogCache$LogSegmentList.isEmpty
2022-07-14 02:38:07,380 [s0@group-E8AE2E048FCA-LeaderStateImpl] TRACE segmented.SegmentedRaftLogCache (AutoCloseableReadWriteLock.java:logLocking(65)) - s0@group-E8AE2E048FCA: readLock RELEASED 0 by SegmentedRaftLogCache.getStartIndex
2022-07-14 02:38:07,380 [s0@group-E8AE2E048FCA-LeaderStateImpl] TRACE segmented.SegmentedRaftLogCache (AutoCloseableReadWriteLock.java:logLocking(65)) - s0@group-E8AE2E048FCA: readLock ACQUIRED 1 by SegmentedRaftLogCache.getEndIndex
2022-07-14 02:38:07,380 [s0@group-E8AE2E048FCA-LeaderStateImpl] TRACE segmented.SegmentedRaftLogCache (AutoCloseableReadWriteLock.java:logLocking(65)) - s0@group-E8AE2E048FCA: readLock RELEASED 0 by SegmentedRaftLogCache.getEndIndex
2022-07-14 02:38:07,380 [s0@group-E8AE2E048FCA-LeaderStateImpl] TRACE segmented.SegmentedRaftLogCache (AutoCloseableReadWriteLock.java:logLocking(65)) - s0@group-E8AE2E048FCA: readLock ACQUIRED 1 by SegmentedRaftLogCache$LogSegmentList.getTermIndex
2022-07-14 02:38:07,380 [s0@group-E8AE2E048FCA-LeaderStateImpl] TRACE segmented.SegmentedRaftLogCache (AutoCloseableReadWriteLock.java:logLocking(65)) - s0@group-E8AE2E048FCA: readLock RELEASED 0 by SegmentedRaftLogCache$LogSegmentList.getTermIndex
2022-07-14 02:38:07,380 [s0@group-E8AE2E048FCA-LeaderStateImpl] TRACE segmented.SegmentedRaftLogCache (AutoCloseableReadWriteLock.java:logLocking(65)) - s0@group-E8AE2E048FCA: readLock ACQUIRED 1 by SegmentedRaftLogCache.getStartIndex
2022-07-14 02:38:07,380 [s0@group-E8AE2E048FCA-LeaderStateImpl] TRACE segmented.SegmentedRaftLogCache (AutoCloseableReadWriteLock.java:logLocking(65)) -   s0@group-E8AE2E048FCA: readLock ACQUIRED 2 by SegmentedRaftLogCache$LogSegmentList.isEmpty
2022-07-14 02:38:07,380 [s0@group-E8AE2E048FCA-LeaderStateImpl] TRACE segmented.SegmentedRaftLogCache (AutoCloseableReadWriteLock.java:logLocking(65)) -   s0@group-E8AE2E048FCA: readLock RELEASED 1 by SegmentedRaftLogCache$LogSegmentList.isEmpty
2022-07-14 02:38:07,380 [s0@group-E8AE2E048FCA-LeaderStateImpl] TRACE segmented.SegmentedRaftLogCache (AutoCloseableReadWriteLock.java:logLocking(65)) - s0@group-E8AE2E048FCA: readLock RELEASED 0 by SegmentedRaftLogCache.getStartIndex
2022-07-14 02:38:07,380 [s0@group-E8AE2E048FCA-LeaderStateImpl] TRACE segmented.SegmentedRaftLogCache (AutoCloseableReadWriteLock.java:logLocking(65)) - s0@group-E8AE2E048FCA: readLock ACQUIRED 1 by SegmentedRaftLogCache.getEndIndex
2022-07-14 02:38:07,380 [s0@group-E8AE2E048FCA-LeaderStateImpl] TRACE segmented.SegmentedRaftLogCache (AutoCloseableReadWriteLock.java:logLocking(65)) - s0@group-E8AE2E048FCA: readLock RELEASED 0 by SegmentedRaftLogCache.getEndIndex
2022-07-14 02:38:07,380 [s0@group-E8AE2E048FCA-LeaderStateImpl] TRACE segmented.SegmentedRaftLogCache (AutoCloseableReadWriteLock.java:logLocking(65)) - s0@group-E8AE2E048FCA: readLock ACQUIRED 1 by SegmentedRaftLogCache$LogSegmentList.getTermIndex
2022-07-14 02:38:07,380 [s0@group-E8AE2E048FCA-LeaderStateImpl] TRACE segmented.SegmentedRaftLogCache (AutoCloseableReadWriteLock.java:logLocking(65)) - s0@group-E8AE2E048FCA: readLock RELEASED 0 by SegmentedRaftLogCache$LogSegmentList.getTermIndex
2022-07-14 02:38:07,380 [s0@group-E8AE2E048FCA-StateMachineUpdater] INFO  statemachine.SimpleStateMachine4Testing (SimpleStateMachine4Testing.java:put(204)) - s0: put 113, m56 -> (t:1, i:113), STATEMACHINELOGENTRY, 384@client-4187B1F4E061
2022-07-14 02:38:07,381 [s0@group-E8AE2E048FCA-LeaderStateImpl] TRACE segmented.SegmentedRaftLogCache (AutoCloseableReadWriteLock.java:logLocking(65)) - s0@group-E8AE2E048FCA: readLock ACQUIRED 1 by SegmentedRaftLogCache.getLastTermIndex
2022-07-14 02:38:07,381 [s0@group-E8AE2E048FCA-LeaderStateImpl] TRACE segmented.SegmentedRaftLogCache (AutoCloseableReadWriteLock.java:logLocking(65)) - s0@group-E8AE2E048FCA: readLock RELEASED 0 by SegmentedRaftLogCache.getLastTermIndex
2022-07-14 02:38:07,381 [s0@group-E8AE2E048FCA-LeaderStateImpl] TRACE segmented.SegmentedRaftLogCache (AutoCloseableReadWriteLock.java:logLocking(65)) - s0@group-E8AE2E048FCA: readLock ACQUIRED 1 by SegmentedRaftLogCache$LogSegmentList.countCached
2022-07-14 02:38:07,381 [s0@group-E8AE2E048FCA-LeaderStateImpl] TRACE segmented.SegmentedRaftLogCache (AutoCloseableReadWriteLock.java:logLocking(65)) - s0@group-E8AE2E048FCA: readLock RELEASED 0 by SegmentedRaftLogCache$LogSegmentList.countCached
2022-07-14 02:38:07,381 [s0@group-E8AE2E048FCA-LeaderStateImpl] TRACE segmented.SegmentedRaftLogCache (AutoCloseableReadWriteLock.java:logLocking(65)) - s0@group-E8AE2E048FCA: readLock ACQUIRED 1 by SegmentedRaftLogCache$LogSegmentList.getTotalCacheSize
2022-07-14 02:38:07,381 [s0@group-E8AE2E048FCA-LeaderStateImpl] TRACE segmented.SegmentedRaftLogCache (AutoCloseableReadWriteLock.java:logLocking(65)) - s0@group-E8AE2E048FCA: readLock RELEASED 0 by SegmentedRaftLogCache$LogSegmentList.getTotalCacheSize
2022-07-14 02:38:07,381 [s0@group-E8AE2E048FCA-LeaderStateImpl] DEBUG segmented.SegmentedRaftLogWorker (SegmentedRaftLogWorker.java:addIOTask(270)) - s0@group-E8AE2E048FCA-SegmentedRaftLogWorker adds IO task WriteLog:114: (t:1, i:114), METADATAENTRY(c:113)
2022-07-14 02:38:07,381 [s0@group-E8AE2E048FCA-SegmentedRaftLogWorker] DEBUG segmented.SegmentedRaftLogWorker (SegmentedRaftLogWorker.java:flushIfNecessary(365)) - s0@group-E8AE2E048FCA-SegmentedRaftLogWorker: flush SegmentedRaftLogOutputStream(/home/runner/work/ratis/ratis/ratis-test/target/test/data/f69c223b/MiniRaftClusterWithSimulatedRpc37250022/s0/24813b6b-21de-410f-95d3-e8ae2e048fca/current/log_inprogress_0)
2022-07-14 02:38:07,382 [s0-client-thread1] TRACE segmented.SegmentedRaftLogCache (AutoCloseableReadWriteLock.java:logLocking(65)) - s0@group-E8AE2E048FCA: readLock ACQUIRED 1 by SegmentedRaftLogCache.getLastTermIndex
2022-07-14 02:38:07,382 [s0-client-thread1] TRACE segmented.SegmentedRaftLogCache (AutoCloseableReadWriteLock.java:logLocking(65)) - s0@group-E8AE2E048FCA: readLock RELEASED 0 by SegmentedRaftLogCache.getLastTermIndex
2022-07-14 02:38:07,382 [s0-client-thread1] TRACE segmented.SegmentedRaftLogCache (AutoCloseableReadWriteLock.java:logLocking(65)) - s0@group-E8AE2E048FCA: readLock ACQUIRED 1 by SegmentedRaftLogCache.getLastTermIndex
2022-07-14 02:38:07,382 [s0-client-thread1] TRACE segmented.SegmentedRaftLogCache (AutoCloseableReadWriteLock.java:logLocking(65)) - s0@group-E8AE2E048FCA: readLock RELEASED 0 by SegmentedRaftLogCache.getLastTermIndex
2022-07-14 02:38:07,382 [s0-client-thread1] TRACE segmented.SegmentedRaftLogCache (AutoCloseableReadWriteLock.java:logLocking(65)) - s0@group-E8AE2E048FCA: readLock ACQUIRED 1 by SegmentedRaftLogCache$LogSegmentList.countCached
2022-07-14 02:38:07,382 [s0-client-thread1] TRACE segmented.SegmentedRaftLogCache (AutoCloseableReadWriteLock.java:logLocking(65)) - s0@group-E8AE2E048FCA: readLock RELEASED 0 by SegmentedRaftLogCache$LogSegmentList.countCached
2022-07-14 02:38:07,382 [s0-client-thread1] TRACE segmented.SegmentedRaftLogCache (AutoCloseableReadWriteLock.java:logLocking(65)) - s0@group-E8AE2E048FCA: readLock ACQUIRED 1 by SegmentedRaftLogCache$LogSegmentList.getTotalCacheSize
2022-07-14 02:38:07,382 [s0-client-thread1] TRACE segmented.SegmentedRaftLogCache (AutoCloseableReadWriteLock.java:logLocking(65)) - s0@group-E8AE2E048FCA: readLock RELEASED 0 by SegmentedRaftLogCache$LogSegmentList.getTotalCacheSize
2022-07-14 02:38:07,382 [s0-client-thread1] DEBUG segmented.SegmentedRaftLogWorker (SegmentedRaftLogWorker.java:addIOTask(270)) - s0@group-E8AE2E048FCA-SegmentedRaftLogWorker adds IO task WriteLog:115: (t:1, i:115), STATEMACHINELOGENTRY, StateMachineLogEntryProto:385@client-4187B1F4E061
2022-07-14 02:38:07,382 [s0@group-E8AE2E048FCA-SegmentedRaftLogWorker] DEBUG segmented.SegmentedRaftLogWorker (SegmentedRaftLogWorker.java:flushIfNecessary(365)) - s0@group-E8AE2E048FCA-SegmentedRaftLogWorker: flush SegmentedRaftLogOutputStream(/home/runner/work/ratis/ratis/ratis-test/target/test/data/f69c223b/MiniRaftClusterWithSimulatedRpc37250022/s0/24813b6b-21de-410f-95d3-e8ae2e048fca/current/log_inprogress_0)
2022-07-14 02:38:07,382 [s0@group-E8AE2E048FCA-LeaderStateImpl] TRACE segmented.SegmentedRaftLogCache (AutoCloseableReadWriteLock.java:logLocking(65)) - s0@group-E8AE2E048FCA: readLock ACQUIRED 1 by SegmentedRaftLogCache.getStartIndex
2022-07-14 02:38:07,383 [s0@group-E8AE2E048FCA-LeaderStateImpl] TRACE segmented.SegmentedRaftLogCache (AutoCloseableReadWriteLock.java:logLocking(65)) -   s0@group-E8AE2E048FCA: readLock ACQUIRED 2 by SegmentedRaftLogCache$LogSegmentList.isEmpty
2022-07-14 02:38:07,383 [s0@group-E8AE2E048FCA-LeaderStateImpl] TRACE segmented.SegmentedRaftLogCache (AutoCloseableReadWriteLock.java:logLocking(65)) -   s0@group-E8AE2E048FCA: readLock RELEASED 1 by SegmentedRaftLogCache$LogSegmentList.isEmpty
2022-07-14 02:38:07,383 [s0@group-E8AE2E048FCA-LeaderStateImpl] TRACE segmented.SegmentedRaftLogCache (AutoCloseableReadWriteLock.java:logLocking(65)) - s0@group-E8AE2E048FCA: readLock RELEASED 0 by SegmentedRaftLogCache.getStartIndex
2022-07-14 02:38:07,383 [s0@group-E8AE2E048FCA-LeaderStateImpl] TRACE segmented.SegmentedRaftLogCache (AutoCloseableReadWriteLock.java:logLocking(65)) - s0@group-E8AE2E048FCA: readLock ACQUIRED 1 by SegmentedRaftLogCache.getEndIndex
2022-07-14 02:38:07,383 [s0@group-E8AE2E048FCA-LeaderStateImpl] TRACE segmented.SegmentedRaftLogCache (AutoCloseableReadWriteLock.java:logLocking(65)) - s0@group-E8AE2E048FCA: readLock RELEASED 0 by SegmentedRaftLogCache.getEndIndex
2022-07-14 02:38:07,383 [s0@group-E8AE2E048FCA-LeaderStateImpl] TRACE segmented.SegmentedRaftLogCache (AutoCloseableReadWriteLock.java:logLocking(65)) - s0@group-E8AE2E048FCA: readLock ACQUIRED 1 by SegmentedRaftLogCache$LogSegmentList.getTermIndex
2022-07-14 02:38:07,383 [s0@group-E8AE2E048FCA-LeaderStateImpl] TRACE segmented.SegmentedRaftLogCache (AutoCloseableReadWriteLock.java:logLocking(65)) - s0@group-E8AE2E048FCA: readLock RELEASED 0 by SegmentedRaftLogCache$LogSegmentList.getTermIndex
2022-07-14 02:38:07,383 [s0@group-E8AE2E048FCA-LeaderStateImpl] TRACE segmented.SegmentedRaftLogCache (AutoCloseableReadWriteLock.java:logLocking(65)) - s0@group-E8AE2E048FCA: readLock ACQUIRED 1 by SegmentedRaftLogCache.getStartIndex
2022-07-14 02:38:07,383 [s0@group-E8AE2E048FCA-LeaderStateImpl] TRACE segmented.SegmentedRaftLogCache (AutoCloseableReadWriteLock.java:logLocking(65)) -   s0@group-E8AE2E048FCA: readLock ACQUIRED 2 by SegmentedRaftLogCache$LogSegmentList.isEmpty
2022-07-14 02:38:07,383 [s0@group-E8AE2E048FCA-LeaderStateImpl] TRACE segmented.SegmentedRaftLogCache (AutoCloseableReadWriteLock.java:logLocking(65)) -   s0@group-E8AE2E048FCA: readLock RELEASED 1 by SegmentedRaftLogCache$LogSegmentList.isEmpty
2022-07-14 02:38:07,383 [s0@group-E8AE2E048FCA-LeaderStateImpl] TRACE segmented.SegmentedRaftLogCache (AutoCloseableReadWriteLock.java:logLocking(65)) - s0@group-E8AE2E048FCA: readLock RELEASED 0 by SegmentedRaftLogCache.getStartIndex
2022-07-14 02:38:07,384 [s0@group-E8AE2E048FCA-LeaderStateImpl] TRACE segmented.SegmentedRaftLogCache (AutoCloseableReadWriteLock.java:logLocking(65)) - s0@group-E8AE2E048FCA: readLock ACQUIRED 1 by SegmentedRaftLogCache.getEndIndex
2022-07-14 02:38:07,384 [s0@group-E8AE2E048FCA-LeaderStateImpl] TRACE segmented.SegmentedRaftLogCache (AutoCloseableReadWriteLock.java:logLocking(65)) - s0@group-E8AE2E048FCA: readLock RELEASED 0 by SegmentedRaftLogCache.getEndIndex
2022-07-14 02:38:07,384 [s0@group-E8AE2E048FCA-LeaderStateImpl] TRACE segmented.SegmentedRaftLogCache (AutoCloseableReadWriteLock.java:logLocking(65)) - s0@group-E8AE2E048FCA: readLock ACQUIRED 1 by SegmentedRaftLogCache$LogSegmentList.getTermIndex
2022-07-14 02:38:07,384 [s0@group-E8AE2E048FCA-LeaderStateImpl] TRACE segmented.SegmentedRaftLogCache (AutoCloseableReadWriteLock.java:logLocking(65)) - s0@group-E8AE2E048FCA: readLock RELEASED 0 by SegmentedRaftLogCache$LogSegmentList.getTermIndex
2022-07-14 02:38:07,384 [s0@group-E8AE2E048FCA-StateMachineUpdater] INFO  statemachine.SimpleStateMachine4Testing (SimpleStateMachine4Testing.java:put(204)) - s0: put 115, m57 -> (t:1, i:115), STATEMACHINELOGENTRY, 385@client-4187B1F4E061
2022-07-14 02:38:07,386 [s0@group-E8AE2E048FCA-LeaderStateImpl] TRACE segmented.SegmentedRaftLogCache (AutoCloseableReadWriteLock.java:logLocking(65)) - s0@group-E8AE2E048FCA: readLock ACQUIRED 1 by SegmentedRaftLogCache.getLastTermIndex
2022-07-14 02:38:07,386 [s0@group-E8AE2E048FCA-LeaderStateImpl] TRACE segmented.SegmentedRaftLogCache (AutoCloseableReadWriteLock.java:logLocking(65)) - s0@group-E8AE2E048FCA: readLock RELEASED 0 by SegmentedRaftLogCache.getLastTermIndex
2022-07-14 02:38:07,386 [s0@group-E8AE2E048FCA-LeaderStateImpl] TRACE segmented.SegmentedRaftLogCache (AutoCloseableReadWriteLock.java:logLocking(65)) - s0@group-E8AE2E048FCA: readLock ACQUIRED 1 by SegmentedRaftLogCache$LogSegmentList.countCached
2022-07-14 02:38:07,386 [s0@group-E8AE2E048FCA-LeaderStateImpl] TRACE segmented.SegmentedRaftLogCache (AutoCloseableReadWriteLock.java:logLocking(65)) - s0@group-E8AE2E048FCA: readLock RELEASED 0 by SegmentedRaftLogCache$LogSegmentList.countCached
2022-07-14 02:38:07,386 [s0@group-E8AE2E048FCA-LeaderStateImpl] TRACE segmented.SegmentedRaftLogCache (AutoCloseableReadWriteLock.java:logLocking(65)) - s0@group-E8AE2E048FCA: readLock ACQUIRED 1 by SegmentedRaftLogCache$LogSegmentList.getTotalCacheSize
2022-07-14 02:38:07,386 [s0@group-E8AE2E048FCA-LeaderStateImpl] TRACE segmented.SegmentedRaftLogCache (AutoCloseableReadWriteLock.java:logLocking(65)) - s0@group-E8AE2E048FCA: readLock RELEASED 0 by SegmentedRaftLogCache$LogSegmentList.getTotalCacheSize
2022-07-14 02:38:07,386 [s0@group-E8AE2E048FCA-LeaderStateImpl] DEBUG segmented.SegmentedRaftLogWorker (SegmentedRaftLogWorker.java:addIOTask(270)) - s0@group-E8AE2E048FCA-SegmentedRaftLogWorker adds IO task WriteLog:116: (t:1, i:116), METADATAENTRY(c:115)
2022-07-14 02:38:07,386 [s0@group-E8AE2E048FCA-SegmentedRaftLogWorker] DEBUG segmented.SegmentedRaftLogWorker (SegmentedRaftLogWorker.java:flushIfNecessary(365)) - s0@group-E8AE2E048FCA-SegmentedRaftLogWorker: flush SegmentedRaftLogOutputStream(/home/runner/work/ratis/ratis/ratis-test/target/test/data/f69c223b/MiniRaftClusterWithSimulatedRpc37250022/s0/24813b6b-21de-410f-95d3-e8ae2e048fca/current/log_inprogress_0)
2022-07-14 02:38:07,386 [s0-client-thread1] TRACE segmented.SegmentedRaftLogCache (AutoCloseableReadWriteLock.java:logLocking(65)) - s0@group-E8AE2E048FCA: readLock ACQUIRED 1 by SegmentedRaftLogCache.getLastTermIndex
2022-07-14 02:38:07,387 [s0-client-thread1] TRACE segmented.SegmentedRaftLogCache (AutoCloseableReadWriteLock.java:logLocking(65)) - s0@group-E8AE2E048FCA: readLock RELEASED 0 by SegmentedRaftLogCache.getLastTermIndex
2022-07-14 02:38:07,387 [s0-client-thread1] TRACE segmented.SegmentedRaftLogCache (AutoCloseableReadWriteLock.java:logLocking(65)) - s0@group-E8AE2E048FCA: readLock ACQUIRED 1 by SegmentedRaftLogCache.getLastTermIndex
2022-07-14 02:38:07,387 [s0-client-thread1] TRACE segmented.SegmentedRaftLogCache (AutoCloseableReadWriteLock.java:logLocking(65)) - s0@group-E8AE2E048FCA: readLock RELEASED 0 by SegmentedRaftLogCache.getLastTermIndex
2022-07-14 02:38:07,387 [s0-client-thread1] TRACE segmented.SegmentedRaftLogCache (AutoCloseableReadWriteLock.java:logLocking(65)) - s0@group-E8AE2E048FCA: readLock ACQUIRED 1 by SegmentedRaftLogCache$LogSegmentList.countCached
2022-07-14 02:38:07,387 [s0-client-thread1] TRACE segmented.SegmentedRaftLogCache (AutoCloseableReadWriteLock.java:logLocking(65)) - s0@group-E8AE2E048FCA: readLock RELEASED 0 by SegmentedRaftLogCache$LogSegmentList.countCached
2022-07-14 02:38:07,387 [s0-client-thread1] TRACE segmented.SegmentedRaftLogCache (AutoCloseableReadWriteLock.java:logLocking(65)) - s0@group-E8AE2E048FCA: readLock ACQUIRED 1 by SegmentedRaftLogCache$LogSegmentList.getTotalCacheSize
2022-07-14 02:38:07,387 [s0-client-thread1] TRACE segmented.SegmentedRaftLogCache (AutoCloseableReadWriteLock.java:logLocking(65)) - s0@group-E8AE2E048FCA: readLock RELEASED 0 by SegmentedRaftLogCache$LogSegmentList.getTotalCacheSize
2022-07-14 02:38:07,387 [s0-client-thread1] DEBUG segmented.SegmentedRaftLogWorker (SegmentedRaftLogWorker.java:addIOTask(270)) - s0@group-E8AE2E048FCA-SegmentedRaftLogWorker adds IO task WriteLog:117: (t:1, i:117), STATEMACHINELOGENTRY, StateMachineLogEntryProto:386@client-4187B1F4E061
2022-07-14 02:38:07,387 [s0@group-E8AE2E048FCA-SegmentedRaftLogWorker] DEBUG segmented.SegmentedRaftLogWorker (SegmentedRaftLogWorker.java:flushIfNecessary(365)) - s0@group-E8AE2E048FCA-SegmentedRaftLogWorker: flush SegmentedRaftLogOutputStream(/home/runner/work/ratis/ratis/ratis-test/target/test/data/f69c223b/MiniRaftClusterWithSimulatedRpc37250022/s0/24813b6b-21de-410f-95d3-e8ae2e048fca/current/log_inprogress_0)
2022-07-14 02:38:07,387 [s0@group-E8AE2E048FCA-LeaderStateImpl] TRACE segmented.SegmentedRaftLogCache (AutoCloseableReadWriteLock.java:logLocking(65)) - s0@group-E8AE2E048FCA: readLock ACQUIRED 1 by SegmentedRaftLogCache.getStartIndex
2022-07-14 02:38:07,388 [s0@group-E8AE2E048FCA-LeaderStateImpl] TRACE segmented.SegmentedRaftLogCache (AutoCloseableReadWriteLock.java:logLocking(65)) -   s0@group-E8AE2E048FCA: readLock ACQUIRED 2 by SegmentedRaftLogCache$LogSegmentList.isEmpty
2022-07-14 02:38:07,388 [s0@group-E8AE2E048FCA-LeaderStateImpl] TRACE segmented.SegmentedRaftLogCache (AutoCloseableReadWriteLock.java:logLocking(65)) -   s0@group-E8AE2E048FCA: readLock RELEASED 1 by SegmentedRaftLogCache$LogSegmentList.isEmpty
2022-07-14 02:38:07,388 [s0@group-E8AE2E048FCA-LeaderStateImpl] TRACE segmented.SegmentedRaftLogCache (AutoCloseableReadWriteLock.java:logLocking(65)) - s0@group-E8AE2E048FCA: readLock RELEASED 0 by SegmentedRaftLogCache.getStartIndex
2022-07-14 02:38:07,388 [s0@group-E8AE2E048FCA-LeaderStateImpl] TRACE segmented.SegmentedRaftLogCache (AutoCloseableReadWriteLock.java:logLocking(65)) - s0@group-E8AE2E048FCA: readLock ACQUIRED 1 by SegmentedRaftLogCache.getEndIndex
2022-07-14 02:38:07,388 [s0@group-E8AE2E048FCA-LeaderStateImpl] TRACE segmented.SegmentedRaftLogCache (AutoCloseableReadWriteLock.java:logLocking(65)) - s0@group-E8AE2E048FCA: readLock RELEASED 0 by SegmentedRaftLogCache.getEndIndex
2022-07-14 02:38:07,388 [s0@group-E8AE2E048FCA-LeaderStateImpl] TRACE segmented.SegmentedRaftLogCache (AutoCloseableReadWriteLock.java:logLocking(65)) - s0@group-E8AE2E048FCA: readLock ACQUIRED 1 by SegmentedRaftLogCache$LogSegmentList.getTermIndex
2022-07-14 02:38:07,388 [s0@group-E8AE2E048FCA-LeaderStateImpl] TRACE segmented.SegmentedRaftLogCache (AutoCloseableReadWriteLock.java:logLocking(65)) - s0@group-E8AE2E048FCA: readLock RELEASED 0 by SegmentedRaftLogCache$LogSegmentList.getTermIndex
2022-07-14 02:38:07,388 [s0@group-E8AE2E048FCA-LeaderStateImpl] TRACE segmented.SegmentedRaftLogCache (AutoCloseableReadWriteLock.java:logLocking(65)) - s0@group-E8AE2E048FCA: readLock ACQUIRED 1 by SegmentedRaftLogCache.getStartIndex
2022-07-14 02:38:07,388 [s0@group-E8AE2E048FCA-LeaderStateImpl] TRACE segmented.SegmentedRaftLogCache (AutoCloseableReadWriteLock.java:logLocking(65)) -   s0@group-E8AE2E048FCA: readLock ACQUIRED 2 by SegmentedRaftLogCache$LogSegmentList.isEmpty
2022-07-14 02:38:07,388 [s0@group-E8AE2E048FCA-LeaderStateImpl] TRACE segmented.SegmentedRaftLogCache (AutoCloseableReadWriteLock.java:logLocking(65)) -   s0@group-E8AE2E048FCA: readLock RELEASED 1 by SegmentedRaftLogCache$LogSegmentList.isEmpty
2022-07-14 02:38:07,388 [s0@group-E8AE2E048FCA-LeaderStateImpl] TRACE segmented.SegmentedRaftLogCache (AutoCloseableReadWriteLock.java:logLocking(65)) - s0@group-E8AE2E048FCA: readLock RELEASED 0 by SegmentedRaftLogCache.getStartIndex
2022-07-14 02:38:07,388 [s0@group-E8AE2E048FCA-LeaderStateImpl] TRACE segmented.SegmentedRaftLogCache (AutoCloseableReadWriteLock.java:logLocking(65)) - s0@group-E8AE2E048FCA: readLock ACQUIRED 1 by SegmentedRaftLogCache.getEndIndex
2022-07-14 02:38:07,388 [s0@group-E8AE2E048FCA-LeaderStateImpl] TRACE segmented.SegmentedRaftLogCache (AutoCloseableReadWriteLock.java:logLocking(65)) - s0@group-E8AE2E048FCA: readLock RELEASED 0 by SegmentedRaftLogCache.getEndIndex
2022-07-14 02:38:07,388 [s0@group-E8AE2E048FCA-LeaderStateImpl] TRACE segmented.SegmentedRaftLogCache (AutoCloseableReadWriteLock.java:logLocking(65)) - s0@group-E8AE2E048FCA: readLock ACQUIRED 1 by SegmentedRaftLogCache$LogSegmentList.getTermIndex
2022-07-14 02:38:07,388 [s0@group-E8AE2E048FCA-LeaderStateImpl] TRACE segmented.SegmentedRaftLogCache (AutoCloseableReadWriteLock.java:logLocking(65)) - s0@group-E8AE2E048FCA: readLock RELEASED 0 by SegmentedRaftLogCache$LogSegmentList.getTermIndex
2022-07-14 02:38:07,388 [s0@group-E8AE2E048FCA-LeaderStateImpl] TRACE segmented.SegmentedRaftLogCache (AutoCloseableReadWriteLock.java:logLocking(65)) - s0@group-E8AE2E048FCA: readLock ACQUIRED 1 by SegmentedRaftLogCache.getLastTermIndex
2022-07-14 02:38:07,389 [s0@group-E8AE2E048FCA-LeaderStateImpl] TRACE segmented.SegmentedRaftLogCache (AutoCloseableReadWriteLock.java:logLocking(65)) - s0@group-E8AE2E048FCA: readLock RELEASED 0 by SegmentedRaftLogCache.getLastTermIndex
2022-07-14 02:38:07,388 [s0@group-E8AE2E048FCA-StateMachineUpdater] INFO  statemachine.SimpleStateMachine4Testing (SimpleStateMachine4Testing.java:put(204)) - s0: put 117, m58 -> (t:1, i:117), STATEMACHINELOGENTRY, 386@client-4187B1F4E061
2022-07-14 02:38:07,389 [s0@group-E8AE2E048FCA-LeaderStateImpl] TRACE segmented.SegmentedRaftLogCache (AutoCloseableReadWriteLock.java:logLocking(65)) - s0@group-E8AE2E048FCA: readLock ACQUIRED 1 by SegmentedRaftLogCache$LogSegmentList.countCached
2022-07-14 02:38:07,389 [s0@group-E8AE2E048FCA-LeaderStateImpl] TRACE segmented.SegmentedRaftLogCache (AutoCloseableReadWriteLock.java:logLocking(65)) - s0@group-E8AE2E048FCA: readLock RELEASED 0 by SegmentedRaftLogCache$LogSegmentList.countCached
2022-07-14 02:38:07,389 [s0@group-E8AE2E048FCA-LeaderStateImpl] TRACE segmented.SegmentedRaftLogCache (AutoCloseableReadWriteLock.java:logLocking(65)) - s0@group-E8AE2E048FCA: readLock ACQUIRED 1 by SegmentedRaftLogCache$LogSegmentList.getTotalCacheSize
2022-07-14 02:38:07,389 [s0@group-E8AE2E048FCA-LeaderStateImpl] TRACE segmented.SegmentedRaftLogCache (AutoCloseableReadWriteLock.java:logLocking(65)) - s0@group-E8AE2E048FCA: readLock RELEASED 0 by SegmentedRaftLogCache$LogSegmentList.getTotalCacheSize
2022-07-14 02:38:07,389 [s0@group-E8AE2E048FCA-LeaderStateImpl] DEBUG segmented.SegmentedRaftLogWorker (SegmentedRaftLogWorker.java:addIOTask(270)) - s0@group-E8AE2E048FCA-SegmentedRaftLogWorker adds IO task WriteLog:118: (t:1, i:118), METADATAENTRY(c:117)
2022-07-14 02:38:07,389 [s0@group-E8AE2E048FCA-SegmentedRaftLogWorker] DEBUG segmented.SegmentedRaftLogWorker (SegmentedRaftLogWorker.java:flushIfNecessary(365)) - s0@group-E8AE2E048FCA-SegmentedRaftLogWorker: flush SegmentedRaftLogOutputStream(/home/runner/work/ratis/ratis/ratis-test/target/test/data/f69c223b/MiniRaftClusterWithSimulatedRpc37250022/s0/24813b6b-21de-410f-95d3-e8ae2e048fca/current/log_inprogress_0)
2022-07-14 02:38:07,389 [s0-client-thread1] TRACE segmented.SegmentedRaftLogCache (AutoCloseableReadWriteLock.java:logLocking(65)) - s0@group-E8AE2E048FCA: readLock ACQUIRED 1 by SegmentedRaftLogCache.getLastTermIndex
2022-07-14 02:38:07,390 [s0-client-thread1] TRACE segmented.SegmentedRaftLogCache (AutoCloseableReadWriteLock.java:logLocking(65)) - s0@group-E8AE2E048FCA: readLock RELEASED 0 by SegmentedRaftLogCache.getLastTermIndex
2022-07-14 02:38:07,390 [s0-client-thread1] TRACE segmented.SegmentedRaftLogCache (AutoCloseableReadWriteLock.java:logLocking(65)) - s0@group-E8AE2E048FCA: readLock ACQUIRED 1 by SegmentedRaftLogCache.getLastTermIndex
2022-07-14 02:38:07,390 [s0-client-thread1] TRACE segmented.SegmentedRaftLogCache (AutoCloseableReadWriteLock.java:logLocking(65)) - s0@group-E8AE2E048FCA: readLock RELEASED 0 by SegmentedRaftLogCache.getLastTermIndex
2022-07-14 02:38:07,390 [s0-client-thread1] TRACE segmented.SegmentedRaftLogCache (AutoCloseableReadWriteLock.java:logLocking(65)) - s0@group-E8AE2E048FCA: readLock ACQUIRED 1 by SegmentedRaftLogCache$LogSegmentList.countCached
2022-07-14 02:38:07,390 [s0-client-thread1] TRACE segmented.SegmentedRaftLogCache (AutoCloseableReadWriteLock.java:logLocking(65)) - s0@group-E8AE2E048FCA: readLock RELEASED 0 by SegmentedRaftLogCache$LogSegmentList.countCached
2022-07-14 02:38:07,390 [s0-client-thread1] TRACE segmented.SegmentedRaftLogCache (AutoCloseableReadWriteLock.java:logLocking(65)) - s0@group-E8AE2E048FCA: readLock ACQUIRED 1 by SegmentedRaftLogCache$LogSegmentList.getTotalCacheSize
2022-07-14 02:38:07,390 [s0-client-thread1] TRACE segmented.SegmentedRaftLogCache (AutoCloseableReadWriteLock.java:logLocking(65)) - s0@group-E8AE2E048FCA: readLock RELEASED 0 by SegmentedRaftLogCache$LogSegmentList.getTotalCacheSize
2022-07-14 02:38:07,390 [s0-client-thread1] DEBUG segmented.SegmentedRaftLogWorker (SegmentedRaftLogWorker.java:addIOTask(270)) - s0@group-E8AE2E048FCA-SegmentedRaftLogWorker adds IO task WriteLog:119: (t:1, i:119), STATEMACHINELOGENTRY, StateMachineLogEntryProto:387@client-4187B1F4E061
2022-07-14 02:38:07,390 [s0@group-E8AE2E048FCA-SegmentedRaftLogWorker] DEBUG segmented.SegmentedRaftLogWorker (SegmentedRaftLogWorker.java:flushIfNecessary(365)) - s0@group-E8AE2E048FCA-SegmentedRaftLogWorker: flush SegmentedRaftLogOutputStream(/home/runner/work/ratis/ratis/ratis-test/target/test/data/f69c223b/MiniRaftClusterWithSimulatedRpc37250022/s0/24813b6b-21de-410f-95d3-e8ae2e048fca/current/log_inprogress_0)
2022-07-14 02:38:07,390 [s0@group-E8AE2E048FCA-LeaderStateImpl] TRACE segmented.SegmentedRaftLogCache (AutoCloseableReadWriteLock.java:logLocking(65)) - s0@group-E8AE2E048FCA: readLock ACQUIRED 1 by SegmentedRaftLogCache.getStartIndex
2022-07-14 02:38:07,390 [s0@group-E8AE2E048FCA-LeaderStateImpl] TRACE segmented.SegmentedRaftLogCache (AutoCloseableReadWriteLock.java:logLocking(65)) -   s0@group-E8AE2E048FCA: readLock ACQUIRED 2 by SegmentedRaftLogCache$LogSegmentList.isEmpty
2022-07-14 02:38:07,390 [s0@group-E8AE2E048FCA-LeaderStateImpl] TRACE segmented.SegmentedRaftLogCache (AutoCloseableReadWriteLock.java:logLocking(65)) -   s0@group-E8AE2E048FCA: readLock RELEASED 1 by SegmentedRaftLogCache$LogSegmentList.isEmpty
2022-07-14 02:38:07,390 [s0@group-E8AE2E048FCA-LeaderStateImpl] TRACE segmented.SegmentedRaftLogCache (AutoCloseableReadWriteLock.java:logLocking(65)) - s0@group-E8AE2E048FCA: readLock RELEASED 0 by SegmentedRaftLogCache.getStartIndex
2022-07-14 02:38:07,390 [s0@group-E8AE2E048FCA-LeaderStateImpl] TRACE segmented.SegmentedRaftLogCache (AutoCloseableReadWriteLock.java:logLocking(65)) - s0@group-E8AE2E048FCA: readLock ACQUIRED 1 by SegmentedRaftLogCache.getEndIndex
2022-07-14 02:38:07,391 [s0@group-E8AE2E048FCA-LeaderStateImpl] TRACE segmented.SegmentedRaftLogCache (AutoCloseableReadWriteLock.java:logLocking(65)) - s0@group-E8AE2E048FCA: readLock RELEASED 0 by SegmentedRaftLogCache.getEndIndex
2022-07-14 02:38:07,391 [s0@group-E8AE2E048FCA-LeaderStateImpl] TRACE segmented.SegmentedRaftLogCache (AutoCloseableReadWriteLock.java:logLocking(65)) - s0@group-E8AE2E048FCA: readLock ACQUIRED 1 by SegmentedRaftLogCache$LogSegmentList.getTermIndex
2022-07-14 02:38:07,391 [s0@group-E8AE2E048FCA-LeaderStateImpl] TRACE segmented.SegmentedRaftLogCache (AutoCloseableReadWriteLock.java:logLocking(65)) - s0@group-E8AE2E048FCA: readLock RELEASED 0 by SegmentedRaftLogCache$LogSegmentList.getTermIndex
2022-07-14 02:38:07,391 [s0@group-E8AE2E048FCA-LeaderStateImpl] TRACE segmented.SegmentedRaftLogCache (AutoCloseableReadWriteLock.java:logLocking(65)) - s0@group-E8AE2E048FCA: readLock ACQUIRED 1 by SegmentedRaftLogCache.getStartIndex
2022-07-14 02:38:07,391 [s0@group-E8AE2E048FCA-LeaderStateImpl] TRACE segmented.SegmentedRaftLogCache (AutoCloseableReadWriteLock.java:logLocking(65)) -   s0@group-E8AE2E048FCA: readLock ACQUIRED 2 by SegmentedRaftLogCache$LogSegmentList.isEmpty
2022-07-14 02:38:07,391 [s0@group-E8AE2E048FCA-LeaderStateImpl] TRACE segmented.SegmentedRaftLogCache (AutoCloseableReadWriteLock.java:logLocking(65)) -   s0@group-E8AE2E048FCA: readLock RELEASED 1 by SegmentedRaftLogCache$LogSegmentList.isEmpty
2022-07-14 02:38:07,391 [s0@group-E8AE2E048FCA-LeaderStateImpl] TRACE segmented.SegmentedRaftLogCache (AutoCloseableReadWriteLock.java:logLocking(65)) - s0@group-E8AE2E048FCA: readLock RELEASED 0 by SegmentedRaftLogCache.getStartIndex
2022-07-14 02:38:07,391 [s0@group-E8AE2E048FCA-LeaderStateImpl] TRACE segmented.SegmentedRaftLogCache (AutoCloseableReadWriteLock.java:logLocking(65)) - s0@group-E8AE2E048FCA: readLock ACQUIRED 1 by SegmentedRaftLogCache.getEndIndex
2022-07-14 02:38:07,391 [s0@group-E8AE2E048FCA-LeaderStateImpl] TRACE segmented.SegmentedRaftLogCache (AutoCloseableReadWriteLock.java:logLocking(65)) - s0@group-E8AE2E048FCA: readLock RELEASED 0 by SegmentedRaftLogCache.getEndIndex
2022-07-14 02:38:07,391 [s0@group-E8AE2E048FCA-LeaderStateImpl] TRACE segmented.SegmentedRaftLogCache (AutoCloseableReadWriteLock.java:logLocking(65)) - s0@group-E8AE2E048FCA: readLock ACQUIRED 1 by SegmentedRaftLogCache$LogSegmentList.getTermIndex
2022-07-14 02:38:07,391 [s0@group-E8AE2E048FCA-LeaderStateImpl] TRACE segmented.SegmentedRaftLogCache (AutoCloseableReadWriteLock.java:logLocking(65)) - s0@group-E8AE2E048FCA: readLock RELEASED 0 by SegmentedRaftLogCache$LogSegmentList.getTermIndex
2022-07-14 02:38:07,391 [s0@group-E8AE2E048FCA-StateMachineUpdater] INFO  statemachine.SimpleStateMachine4Testing (SimpleStateMachine4Testing.java:put(204)) - s0: put 119, m59 -> (t:1, i:119), STATEMACHINELOGENTRY, 387@client-4187B1F4E061
2022-07-14 02:38:07,391 [s0@group-E8AE2E048FCA-LeaderStateImpl] TRACE segmented.SegmentedRaftLogCache (AutoCloseableReadWriteLock.java:logLocking(65)) - s0@group-E8AE2E048FCA: readLock ACQUIRED 1 by SegmentedRaftLogCache.getLastTermIndex
2022-07-14 02:38:07,392 [s0@group-E8AE2E048FCA-LeaderStateImpl] TRACE segmented.SegmentedRaftLogCache (AutoCloseableReadWriteLock.java:logLocking(65)) - s0@group-E8AE2E048FCA: readLock RELEASED 0 by SegmentedRaftLogCache.getLastTermIndex
2022-07-14 02:38:07,392 [s0@group-E8AE2E048FCA-LeaderStateImpl] TRACE segmented.SegmentedRaftLogCache (AutoCloseableReadWriteLock.java:logLocking(65)) - s0@group-E8AE2E048FCA: readLock ACQUIRED 1 by SegmentedRaftLogCache$LogSegmentList.countCached
2022-07-14 02:38:07,392 [s0@group-E8AE2E048FCA-LeaderStateImpl] TRACE segmented.SegmentedRaftLogCache (AutoCloseableReadWriteLock.java:logLocking(65)) - s0@group-E8AE2E048FCA: readLock RELEASED 0 by SegmentedRaftLogCache$LogSegmentList.countCached
2022-07-14 02:38:07,392 [s0@group-E8AE2E048FCA-LeaderStateImpl] TRACE segmented.SegmentedRaftLogCache (AutoCloseableReadWriteLock.java:logLocking(65)) - s0@group-E8AE2E048FCA: readLock ACQUIRED 1 by SegmentedRaftLogCache$LogSegmentList.getTotalCacheSize
2022-07-14 02:38:07,392 [s0@group-E8AE2E048FCA-LeaderStateImpl] TRACE segmented.SegmentedRaftLogCache (AutoCloseableReadWriteLock.java:logLocking(65)) - s0@group-E8AE2E048FCA: readLock RELEASED 0 by SegmentedRaftLogCache$LogSegmentList.getTotalCacheSize
2022-07-14 02:38:07,392 [s0@group-E8AE2E048FCA-LeaderStateImpl] DEBUG segmented.SegmentedRaftLogWorker (SegmentedRaftLogWorker.java:addIOTask(270)) - s0@group-E8AE2E048FCA-SegmentedRaftLogWorker adds IO task WriteLog:120: (t:1, i:120), METADATAENTRY(c:119)
2022-07-14 02:38:07,392 [s0@group-E8AE2E048FCA-SegmentedRaftLogWorker] DEBUG segmented.SegmentedRaftLogWorker (SegmentedRaftLogWorker.java:flushIfNecessary(365)) - s0@group-E8AE2E048FCA-SegmentedRaftLogWorker: flush SegmentedRaftLogOutputStream(/home/runner/work/ratis/ratis/ratis-test/target/test/data/f69c223b/MiniRaftClusterWithSimulatedRpc37250022/s0/24813b6b-21de-410f-95d3-e8ae2e048fca/current/log_inprogress_0)
2022-07-14 02:38:07,392 [s0-client-thread1] TRACE segmented.SegmentedRaftLogCache (AutoCloseableReadWriteLock.java:logLocking(65)) - s0@group-E8AE2E048FCA: readLock ACQUIRED 1 by SegmentedRaftLogCache.getLastTermIndex
2022-07-14 02:38:07,392 [s0-client-thread1] TRACE segmented.SegmentedRaftLogCache (AutoCloseableReadWriteLock.java:logLocking(65)) - s0@group-E8AE2E048FCA: readLock RELEASED 0 by SegmentedRaftLogCache.getLastTermIndex
2022-07-14 02:38:07,392 [s0-client-thread1] TRACE segmented.SegmentedRaftLogCache (AutoCloseableReadWriteLock.java:logLocking(65)) - s0@group-E8AE2E048FCA: readLock ACQUIRED 1 by SegmentedRaftLogCache.getLastTermIndex
2022-07-14 02:38:07,392 [s0-client-thread1] TRACE segmented.SegmentedRaftLogCache (AutoCloseableReadWriteLock.java:logLocking(65)) - s0@group-E8AE2E048FCA: readLock RELEASED 0 by SegmentedRaftLogCache.getLastTermIndex
2022-07-14 02:38:07,393 [s0-client-thread1] TRACE segmented.SegmentedRaftLogCache (AutoCloseableReadWriteLock.java:logLocking(65)) - s0@group-E8AE2E048FCA: readLock ACQUIRED 1 by SegmentedRaftLogCache$LogSegmentList.countCached
2022-07-14 02:38:07,393 [s0-client-thread1] TRACE segmented.SegmentedRaftLogCache (AutoCloseableReadWriteLock.java:logLocking(65)) - s0@group-E8AE2E048FCA: readLock RELEASED 0 by SegmentedRaftLogCache$LogSegmentList.countCached
2022-07-14 02:38:07,393 [s0-client-thread1] TRACE segmented.SegmentedRaftLogCache (AutoCloseableReadWriteLock.java:logLocking(65)) - s0@group-E8AE2E048FCA: readLock ACQUIRED 1 by SegmentedRaftLogCache$LogSegmentList.getTotalCacheSize
2022-07-14 02:38:07,393 [s0-client-thread1] TRACE segmented.SegmentedRaftLogCache (AutoCloseableReadWriteLock.java:logLocking(65)) - s0@group-E8AE2E048FCA: readLock RELEASED 0 by SegmentedRaftLogCache$LogSegmentList.getTotalCacheSize
2022-07-14 02:38:07,393 [s0-client-thread1] DEBUG segmented.SegmentedRaftLogWorker (SegmentedRaftLogWorker.java:addIOTask(270)) - s0@group-E8AE2E048FCA-SegmentedRaftLogWorker adds IO task WriteLog:121: (t:1, i:121), STATEMACHINELOGENTRY, StateMachineLogEntryProto:388@client-4187B1F4E061
2022-07-14 02:38:07,393 [s0@group-E8AE2E048FCA-SegmentedRaftLogWorker] DEBUG segmented.SegmentedRaftLogWorker (SegmentedRaftLogWorker.java:flushIfNecessary(365)) - s0@group-E8AE2E048FCA-SegmentedRaftLogWorker: flush SegmentedRaftLogOutputStream(/home/runner/work/ratis/ratis/ratis-test/target/test/data/f69c223b/MiniRaftClusterWithSimulatedRpc37250022/s0/24813b6b-21de-410f-95d3-e8ae2e048fca/current/log_inprogress_0)
2022-07-14 02:38:07,393 [s0@group-E8AE2E048FCA-LeaderStateImpl] TRACE segmented.SegmentedRaftLogCache (AutoCloseableReadWriteLock.java:logLocking(65)) - s0@group-E8AE2E048FCA: readLock ACQUIRED 1 by SegmentedRaftLogCache.getStartIndex
2022-07-14 02:38:07,393 [s0@group-E8AE2E048FCA-LeaderStateImpl] TRACE segmented.SegmentedRaftLogCache (AutoCloseableReadWriteLock.java:logLocking(65)) -   s0@group-E8AE2E048FCA: readLock ACQUIRED 2 by SegmentedRaftLogCache$LogSegmentList.isEmpty
2022-07-14 02:38:07,393 [s0@group-E8AE2E048FCA-LeaderStateImpl] TRACE segmented.SegmentedRaftLogCache (AutoCloseableReadWriteLock.java:logLocking(65)) -   s0@group-E8AE2E048FCA: readLock RELEASED 1 by SegmentedRaftLogCache$LogSegmentList.isEmpty
2022-07-14 02:38:07,393 [s0@group-E8AE2E048FCA-LeaderStateImpl] TRACE segmented.SegmentedRaftLogCache (AutoCloseableReadWriteLock.java:logLocking(65)) - s0@group-E8AE2E048FCA: readLock RELEASED 0 by SegmentedRaftLogCache.getStartIndex
2022-07-14 02:38:07,393 [s0@group-E8AE2E048FCA-LeaderStateImpl] TRACE segmented.SegmentedRaftLogCache (AutoCloseableReadWriteLock.java:logLocking(65)) - s0@group-E8AE2E048FCA: readLock ACQUIRED 1 by SegmentedRaftLogCache.getEndIndex
2022-07-14 02:38:07,393 [s0@group-E8AE2E048FCA-LeaderStateImpl] TRACE segmented.SegmentedRaftLogCache (AutoCloseableReadWriteLock.java:logLocking(65)) - s0@group-E8AE2E048FCA: readLock RELEASED 0 by SegmentedRaftLogCache.getEndIndex
2022-07-14 02:38:07,394 [s0@group-E8AE2E048FCA-LeaderStateImpl] TRACE segmented.SegmentedRaftLogCache (AutoCloseableReadWriteLock.java:logLocking(65)) - s0@group-E8AE2E048FCA: readLock ACQUIRED 1 by SegmentedRaftLogCache$LogSegmentList.getTermIndex
2022-07-14 02:38:07,394 [s0@group-E8AE2E048FCA-LeaderStateImpl] TRACE segmented.SegmentedRaftLogCache (AutoCloseableReadWriteLock.java:logLocking(65)) - s0@group-E8AE2E048FCA: readLock RELEASED 0 by SegmentedRaftLogCache$LogSegmentList.getTermIndex
2022-07-14 02:38:07,394 [s0@group-E8AE2E048FCA-LeaderStateImpl] TRACE segmented.SegmentedRaftLogCache (AutoCloseableReadWriteLock.java:logLocking(65)) - s0@group-E8AE2E048FCA: readLock ACQUIRED 1 by SegmentedRaftLogCache.getStartIndex
2022-07-14 02:38:07,394 [s0@group-E8AE2E048FCA-LeaderStateImpl] TRACE segmented.SegmentedRaftLogCache (AutoCloseableReadWriteLock.java:logLocking(65)) -   s0@group-E8AE2E048FCA: readLock ACQUIRED 2 by SegmentedRaftLogCache$LogSegmentList.isEmpty
2022-07-14 02:38:07,394 [s0@group-E8AE2E048FCA-LeaderStateImpl] TRACE segmented.SegmentedRaftLogCache (AutoCloseableReadWriteLock.java:logLocking(65)) -   s0@group-E8AE2E048FCA: readLock RELEASED 1 by SegmentedRaftLogCache$LogSegmentList.isEmpty
2022-07-14 02:38:07,394 [s0@group-E8AE2E048FCA-LeaderStateImpl] TRACE segmented.SegmentedRaftLogCache (AutoCloseableReadWriteLock.java:logLocking(65)) - s0@group-E8AE2E048FCA: readLock RELEASED 0 by SegmentedRaftLogCache.getStartIndex
2022-07-14 02:38:07,394 [s0@group-E8AE2E048FCA-LeaderStateImpl] TRACE segmented.SegmentedRaftLogCache (AutoCloseableReadWriteLock.java:logLocking(65)) - s0@group-E8AE2E048FCA: readLock ACQUIRED 1 by SegmentedRaftLogCache.getEndIndex
2022-07-14 02:38:07,394 [s0@group-E8AE2E048FCA-LeaderStateImpl] TRACE segmented.SegmentedRaftLogCache (AutoCloseableReadWriteLock.java:logLocking(65)) - s0@group-E8AE2E048FCA: readLock RELEASED 0 by SegmentedRaftLogCache.getEndIndex
2022-07-14 02:38:07,394 [s0@group-E8AE2E048FCA-LeaderStateImpl] TRACE segmented.SegmentedRaftLogCache (AutoCloseableReadWriteLock.java:logLocking(65)) - s0@group-E8AE2E048FCA: readLock ACQUIRED 1 by SegmentedRaftLogCache$LogSegmentList.getTermIndex
2022-07-14 02:38:07,394 [s0@group-E8AE2E048FCA-LeaderStateImpl] TRACE segmented.SegmentedRaftLogCache (AutoCloseableReadWriteLock.java:logLocking(65)) - s0@group-E8AE2E048FCA: readLock RELEASED 0 by SegmentedRaftLogCache$LogSegmentList.getTermIndex
2022-07-14 02:38:07,395 [s0@group-E8AE2E048FCA-StateMachineUpdater] INFO  statemachine.SimpleStateMachine4Testing (SimpleStateMachine4Testing.java:put(204)) - s0: put 121, m60 -> (t:1, i:121), STATEMACHINELOGENTRY, 388@client-4187B1F4E061
2022-07-14 02:38:07,395 [s0@group-E8AE2E048FCA-LeaderStateImpl] TRACE segmented.SegmentedRaftLogCache (AutoCloseableReadWriteLock.java:logLocking(65)) - s0@group-E8AE2E048FCA: readLock ACQUIRED 1 by SegmentedRaftLogCache.getLastTermIndex
2022-07-14 02:38:07,395 [s0@group-E8AE2E048FCA-LeaderStateImpl] TRACE segmented.SegmentedRaftLogCache (AutoCloseableReadWriteLock.java:logLocking(65)) - s0@group-E8AE2E048FCA: readLock RELEASED 0 by SegmentedRaftLogCache.getLastTermIndex
2022-07-14 02:38:07,395 [s0@group-E8AE2E048FCA-LeaderStateImpl] TRACE segmented.SegmentedRaftLogCache (AutoCloseableReadWriteLock.java:logLocking(65)) - s0@group-E8AE2E048FCA: readLock ACQUIRED 1 by SegmentedRaftLogCache$LogSegmentList.countCached
2022-07-14 02:38:07,395 [s0@group-E8AE2E048FCA-LeaderStateImpl] TRACE segmented.SegmentedRaftLogCache (AutoCloseableReadWriteLock.java:logLocking(65)) - s0@group-E8AE2E048FCA: readLock RELEASED 0 by SegmentedRaftLogCache$LogSegmentList.countCached
2022-07-14 02:38:07,395 [s0@group-E8AE2E048FCA-LeaderStateImpl] TRACE segmented.SegmentedRaftLogCache (AutoCloseableReadWriteLock.java:logLocking(65)) - s0@group-E8AE2E048FCA: readLock ACQUIRED 1 by SegmentedRaftLogCache$LogSegmentList.getTotalCacheSize
2022-07-14 02:38:07,395 [s0@group-E8AE2E048FCA-LeaderStateImpl] TRACE segmented.SegmentedRaftLogCache (AutoCloseableReadWriteLock.java:logLocking(65)) - s0@group-E8AE2E048FCA: readLock RELEASED 0 by SegmentedRaftLogCache$LogSegmentList.getTotalCacheSize
2022-07-14 02:38:07,395 [s0@group-E8AE2E048FCA-LeaderStateImpl] DEBUG segmented.SegmentedRaftLogWorker (SegmentedRaftLogWorker.java:addIOTask(270)) - s0@group-E8AE2E048FCA-SegmentedRaftLogWorker adds IO task WriteLog:122: (t:1, i:122), METADATAENTRY(c:121)
2022-07-14 02:38:07,395 [s0@group-E8AE2E048FCA-SegmentedRaftLogWorker] DEBUG segmented.SegmentedRaftLogWorker (SegmentedRaftLogWorker.java:flushIfNecessary(365)) - s0@group-E8AE2E048FCA-SegmentedRaftLogWorker: flush SegmentedRaftLogOutputStream(/home/runner/work/ratis/ratis/ratis-test/target/test/data/f69c223b/MiniRaftClusterWithSimulatedRpc37250022/s0/24813b6b-21de-410f-95d3-e8ae2e048fca/current/log_inprogress_0)
2022-07-14 02:38:07,396 [s0-client-thread1] TRACE segmented.SegmentedRaftLogCache (AutoCloseableReadWriteLock.java:logLocking(65)) - s0@group-E8AE2E048FCA: readLock ACQUIRED 1 by SegmentedRaftLogCache.getLastTermIndex
2022-07-14 02:38:07,396 [s0-client-thread1] TRACE segmented.SegmentedRaftLogCache (AutoCloseableReadWriteLock.java:logLocking(65)) - s0@group-E8AE2E048FCA: readLock RELEASED 0 by SegmentedRaftLogCache.getLastTermIndex
2022-07-14 02:38:07,396 [s0-client-thread1] TRACE segmented.SegmentedRaftLogCache (AutoCloseableReadWriteLock.java:logLocking(65)) - s0@group-E8AE2E048FCA: readLock ACQUIRED 1 by SegmentedRaftLogCache.getLastTermIndex
2022-07-14 02:38:07,396 [s0-client-thread1] TRACE segmented.SegmentedRaftLogCache (AutoCloseableReadWriteLock.java:logLocking(65)) - s0@group-E8AE2E048FCA: readLock RELEASED 0 by SegmentedRaftLogCache.getLastTermIndex
2022-07-14 02:38:07,396 [s0-client-thread1] TRACE segmented.SegmentedRaftLogCache (AutoCloseableReadWriteLock.java:logLocking(65)) - s0@group-E8AE2E048FCA: readLock ACQUIRED 1 by SegmentedRaftLogCache$LogSegmentList.countCached
2022-07-14 02:38:07,396 [s0-client-thread1] TRACE segmented.SegmentedRaftLogCache (AutoCloseableReadWriteLock.java:logLocking(65)) - s0@group-E8AE2E048FCA: readLock RELEASED 0 by SegmentedRaftLogCache$LogSegmentList.countCached
2022-07-14 02:38:07,396 [s0-client-thread1] TRACE segmented.SegmentedRaftLogCache (AutoCloseableReadWriteLock.java:logLocking(65)) - s0@group-E8AE2E048FCA: readLock ACQUIRED 1 by SegmentedRaftLogCache$LogSegmentList.getTotalCacheSize
2022-07-14 02:38:07,396 [s0-client-thread1] TRACE segmented.SegmentedRaftLogCache (AutoCloseableReadWriteLock.java:logLocking(65)) - s0@group-E8AE2E048FCA: readLock RELEASED 0 by SegmentedRaftLogCache$LogSegmentList.getTotalCacheSize
2022-07-14 02:38:07,396 [s0-client-thread1] DEBUG segmented.SegmentedRaftLogWorker (SegmentedRaftLogWorker.java:addIOTask(270)) - s0@group-E8AE2E048FCA-SegmentedRaftLogWorker adds IO task WriteLog:123: (t:1, i:123), STATEMACHINELOGENTRY, StateMachineLogEntryProto:389@client-4187B1F4E061
2022-07-14 02:38:07,396 [s0@group-E8AE2E048FCA-SegmentedRaftLogWorker] DEBUG segmented.SegmentedRaftLogWorker (SegmentedRaftLogWorker.java:flushIfNecessary(365)) - s0@group-E8AE2E048FCA-SegmentedRaftLogWorker: flush SegmentedRaftLogOutputStream(/home/runner/work/ratis/ratis/ratis-test/target/test/data/f69c223b/MiniRaftClusterWithSimulatedRpc37250022/s0/24813b6b-21de-410f-95d3-e8ae2e048fca/current/log_inprogress_0)
2022-07-14 02:38:07,396 [s0@group-E8AE2E048FCA-LeaderStateImpl] TRACE segmented.SegmentedRaftLogCache (AutoCloseableReadWriteLock.java:logLocking(65)) - s0@group-E8AE2E048FCA: readLock ACQUIRED 1 by SegmentedRaftLogCache.getStartIndex
2022-07-14 02:38:07,397 [s0@group-E8AE2E048FCA-LeaderStateImpl] TRACE segmented.SegmentedRaftLogCache (AutoCloseableReadWriteLock.java:logLocking(65)) -   s0@group-E8AE2E048FCA: readLock ACQUIRED 2 by SegmentedRaftLogCache$LogSegmentList.isEmpty
2022-07-14 02:38:07,397 [s0@group-E8AE2E048FCA-LeaderStateImpl] TRACE segmented.SegmentedRaftLogCache (AutoCloseableReadWriteLock.java:logLocking(65)) -   s0@group-E8AE2E048FCA: readLock RELEASED 1 by SegmentedRaftLogCache$LogSegmentList.isEmpty
2022-07-14 02:38:07,397 [s0@group-E8AE2E048FCA-LeaderStateImpl] TRACE segmented.SegmentedRaftLogCache (AutoCloseableReadWriteLock.java:logLocking(65)) - s0@group-E8AE2E048FCA: readLock RELEASED 0 by SegmentedRaftLogCache.getStartIndex
2022-07-14 02:38:07,397 [s0@group-E8AE2E048FCA-LeaderStateImpl] TRACE segmented.SegmentedRaftLogCache (AutoCloseableReadWriteLock.java:logLocking(65)) - s0@group-E8AE2E048FCA: readLock ACQUIRED 1 by SegmentedRaftLogCache.getEndIndex
2022-07-14 02:38:07,397 [s0@group-E8AE2E048FCA-LeaderStateImpl] TRACE segmented.SegmentedRaftLogCache (AutoCloseableReadWriteLock.java:logLocking(65)) - s0@group-E8AE2E048FCA: readLock RELEASED 0 by SegmentedRaftLogCache.getEndIndex
2022-07-14 02:38:07,397 [s0@group-E8AE2E048FCA-LeaderStateImpl] TRACE segmented.SegmentedRaftLogCache (AutoCloseableReadWriteLock.java:logLocking(65)) - s0@group-E8AE2E048FCA: readLock ACQUIRED 1 by SegmentedRaftLogCache$LogSegmentList.getTermIndex
2022-07-14 02:38:07,397 [s0@group-E8AE2E048FCA-LeaderStateImpl] TRACE segmented.SegmentedRaftLogCache (AutoCloseableReadWriteLock.java:logLocking(65)) - s0@group-E8AE2E048FCA: readLock RELEASED 0 by SegmentedRaftLogCache$LogSegmentList.getTermIndex
2022-07-14 02:38:07,397 [s0@group-E8AE2E048FCA-LeaderStateImpl] TRACE segmented.SegmentedRaftLogCache (AutoCloseableReadWriteLock.java:logLocking(65)) - s0@group-E8AE2E048FCA: readLock ACQUIRED 1 by SegmentedRaftLogCache.getStartIndex
2022-07-14 02:38:07,397 [s0@group-E8AE2E048FCA-LeaderStateImpl] TRACE segmented.SegmentedRaftLogCache (AutoCloseableReadWriteLock.java:logLocking(65)) -   s0@group-E8AE2E048FCA: readLock ACQUIRED 2 by SegmentedRaftLogCache$LogSegmentList.isEmpty
2022-07-14 02:38:07,397 [s0@group-E8AE2E048FCA-LeaderStateImpl] TRACE segmented.SegmentedRaftLogCache (AutoCloseableReadWriteLock.java:logLocking(65)) -   s0@group-E8AE2E048FCA: readLock RELEASED 1 by SegmentedRaftLogCache$LogSegmentList.isEmpty
2022-07-14 02:38:07,397 [s0@group-E8AE2E048FCA-LeaderStateImpl] TRACE segmented.SegmentedRaftLogCache (AutoCloseableReadWriteLock.java:logLocking(65)) - s0@group-E8AE2E048FCA: readLock RELEASED 0 by SegmentedRaftLogCache.getStartIndex
2022-07-14 02:38:07,397 [s0@group-E8AE2E048FCA-LeaderStateImpl] TRACE segmented.SegmentedRaftLogCache (AutoCloseableReadWriteLock.java:logLocking(65)) - s0@group-E8AE2E048FCA: readLock ACQUIRED 1 by SegmentedRaftLogCache.getEndIndex
2022-07-14 02:38:07,397 [s0@group-E8AE2E048FCA-LeaderStateImpl] TRACE segmented.SegmentedRaftLogCache (AutoCloseableReadWriteLock.java:logLocking(65)) - s0@group-E8AE2E048FCA: readLock RELEASED 0 by SegmentedRaftLogCache.getEndIndex
2022-07-14 02:38:07,397 [s0@group-E8AE2E048FCA-LeaderStateImpl] TRACE segmented.SegmentedRaftLogCache (AutoCloseableReadWriteLock.java:logLocking(65)) - s0@group-E8AE2E048FCA: readLock ACQUIRED 1 by SegmentedRaftLogCache$LogSegmentList.getTermIndex
2022-07-14 02:38:07,397 [s0@group-E8AE2E048FCA-LeaderStateImpl] TRACE segmented.SegmentedRaftLogCache (AutoCloseableReadWriteLock.java:logLocking(65)) - s0@group-E8AE2E048FCA: readLock RELEASED 0 by SegmentedRaftLogCache$LogSegmentList.getTermIndex
2022-07-14 02:38:07,398 [s0@group-E8AE2E048FCA-LeaderStateImpl] TRACE segmented.SegmentedRaftLogCache (AutoCloseableReadWriteLock.java:logLocking(65)) - s0@group-E8AE2E048FCA: readLock ACQUIRED 1 by SegmentedRaftLogCache.getLastTermIndex
2022-07-14 02:38:07,398 [s0@group-E8AE2E048FCA-LeaderStateImpl] TRACE segmented.SegmentedRaftLogCache (AutoCloseableReadWriteLock.java:logLocking(65)) - s0@group-E8AE2E048FCA: readLock RELEASED 0 by SegmentedRaftLogCache.getLastTermIndex
2022-07-14 02:38:07,398 [s0@group-E8AE2E048FCA-LeaderStateImpl] TRACE segmented.SegmentedRaftLogCache (AutoCloseableReadWriteLock.java:logLocking(65)) - s0@group-E8AE2E048FCA: readLock ACQUIRED 1 by SegmentedRaftLogCache$LogSegmentList.countCached
2022-07-14 02:38:07,398 [s0@group-E8AE2E048FCA-LeaderStateImpl] TRACE segmented.SegmentedRaftLogCache (AutoCloseableReadWriteLock.java:logLocking(65)) - s0@group-E8AE2E048FCA: readLock RELEASED 0 by SegmentedRaftLogCache$LogSegmentList.countCached
2022-07-14 02:38:07,398 [s0@group-E8AE2E048FCA-LeaderStateImpl] TRACE segmented.SegmentedRaftLogCache (AutoCloseableReadWriteLock.java:logLocking(65)) - s0@group-E8AE2E048FCA: readLock ACQUIRED 1 by SegmentedRaftLogCache$LogSegmentList.getTotalCacheSize
2022-07-14 02:38:07,398 [s0@group-E8AE2E048FCA-LeaderStateImpl] TRACE segmented.SegmentedRaftLogCache (AutoCloseableReadWriteLock.java:logLocking(65)) - s0@group-E8AE2E048FCA: readLock RELEASED 0 by SegmentedRaftLogCache$LogSegmentList.getTotalCacheSize
2022-07-14 02:38:07,398 [s0@group-E8AE2E048FCA-LeaderStateImpl] DEBUG segmented.SegmentedRaftLogWorker (SegmentedRaftLogWorker.java:addIOTask(270)) - s0@group-E8AE2E048FCA-SegmentedRaftLogWorker adds IO task WriteLog:124: (t:1, i:124), METADATAENTRY(c:123)
2022-07-14 02:38:07,398 [s0@group-E8AE2E048FCA-SegmentedRaftLogWorker] DEBUG segmented.SegmentedRaftLogWorker (SegmentedRaftLogWorker.java:flushIfNecessary(365)) - s0@group-E8AE2E048FCA-SegmentedRaftLogWorker: flush SegmentedRaftLogOutputStream(/home/runner/work/ratis/ratis/ratis-test/target/test/data/f69c223b/MiniRaftClusterWithSimulatedRpc37250022/s0/24813b6b-21de-410f-95d3-e8ae2e048fca/current/log_inprogress_0)
2022-07-14 02:38:07,398 [s0@group-E8AE2E048FCA-StateMachineUpdater] INFO  statemachine.SimpleStateMachine4Testing (SimpleStateMachine4Testing.java:put(204)) - s0: put 123, m61 -> (t:1, i:123), STATEMACHINELOGENTRY, 389@client-4187B1F4E061
2022-07-14 02:38:07,399 [s0-client-thread1] TRACE segmented.SegmentedRaftLogCache (AutoCloseableReadWriteLock.java:logLocking(65)) - s0@group-E8AE2E048FCA: readLock ACQUIRED 1 by SegmentedRaftLogCache.getLastTermIndex
2022-07-14 02:38:07,399 [s0-client-thread1] TRACE segmented.SegmentedRaftLogCache (AutoCloseableReadWriteLock.java:logLocking(65)) - s0@group-E8AE2E048FCA: readLock RELEASED 0 by SegmentedRaftLogCache.getLastTermIndex
2022-07-14 02:38:07,399 [s0-client-thread1] TRACE segmented.SegmentedRaftLogCache (AutoCloseableReadWriteLock.java:logLocking(65)) - s0@group-E8AE2E048FCA: readLock ACQUIRED 1 by SegmentedRaftLogCache.getLastTermIndex
2022-07-14 02:38:07,399 [s0-client-thread1] TRACE segmented.SegmentedRaftLogCache (AutoCloseableReadWriteLock.java:logLocking(65)) - s0@group-E8AE2E048FCA: readLock RELEASED 0 by SegmentedRaftLogCache.getLastTermIndex
2022-07-14 02:38:07,399 [s0-client-thread1] TRACE segmented.SegmentedRaftLogCache (AutoCloseableReadWriteLock.java:logLocking(65)) - s0@group-E8AE2E048FCA: readLock ACQUIRED 1 by SegmentedRaftLogCache$LogSegmentList.countCached
2022-07-14 02:38:07,399 [s0-client-thread1] TRACE segmented.SegmentedRaftLogCache (AutoCloseableReadWriteLock.java:logLocking(65)) - s0@group-E8AE2E048FCA: readLock RELEASED 0 by SegmentedRaftLogCache$LogSegmentList.countCached
2022-07-14 02:38:07,399 [s0-client-thread1] TRACE segmented.SegmentedRaftLogCache (AutoCloseableReadWriteLock.java:logLocking(65)) - s0@group-E8AE2E048FCA: readLock ACQUIRED 1 by SegmentedRaftLogCache$LogSegmentList.getTotalCacheSize
2022-07-14 02:38:07,399 [s0-client-thread1] TRACE segmented.SegmentedRaftLogCache (AutoCloseableReadWriteLock.java:logLocking(65)) - s0@group-E8AE2E048FCA: readLock RELEASED 0 by SegmentedRaftLogCache$LogSegmentList.getTotalCacheSize
2022-07-14 02:38:07,399 [s0-client-thread1] DEBUG segmented.SegmentedRaftLogWorker (SegmentedRaftLogWorker.java:addIOTask(270)) - s0@group-E8AE2E048FCA-SegmentedRaftLogWorker adds IO task WriteLog:125: (t:1, i:125), STATEMACHINELOGENTRY, StateMachineLogEntryProto:390@client-4187B1F4E061
2022-07-14 02:38:07,400 [s0@group-E8AE2E048FCA-SegmentedRaftLogWorker] DEBUG segmented.SegmentedRaftLogWorker (SegmentedRaftLogWorker.java:flushIfNecessary(365)) - s0@group-E8AE2E048FCA-SegmentedRaftLogWorker: flush SegmentedRaftLogOutputStream(/home/runner/work/ratis/ratis/ratis-test/target/test/data/f69c223b/MiniRaftClusterWithSimulatedRpc37250022/s0/24813b6b-21de-410f-95d3-e8ae2e048fca/current/log_inprogress_0)
2022-07-14 02:38:07,400 [s0@group-E8AE2E048FCA-LeaderStateImpl] TRACE segmented.SegmentedRaftLogCache (AutoCloseableReadWriteLock.java:logLocking(65)) - s0@group-E8AE2E048FCA: readLock ACQUIRED 1 by SegmentedRaftLogCache.getStartIndex
2022-07-14 02:38:07,400 [s0@group-E8AE2E048FCA-LeaderStateImpl] TRACE segmented.SegmentedRaftLogCache (AutoCloseableReadWriteLock.java:logLocking(65)) -   s0@group-E8AE2E048FCA: readLock ACQUIRED 2 by SegmentedRaftLogCache$LogSegmentList.isEmpty
2022-07-14 02:38:07,400 [s0@group-E8AE2E048FCA-LeaderStateImpl] TRACE segmented.SegmentedRaftLogCache (AutoCloseableReadWriteLock.java:logLocking(65)) -   s0@group-E8AE2E048FCA: readLock RELEASED 1 by SegmentedRaftLogCache$LogSegmentList.isEmpty
2022-07-14 02:38:07,400 [s0@group-E8AE2E048FCA-LeaderStateImpl] TRACE segmented.SegmentedRaftLogCache (AutoCloseableReadWriteLock.java:logLocking(65)) - s0@group-E8AE2E048FCA: readLock RELEASED 0 by SegmentedRaftLogCache.getStartIndex
2022-07-14 02:38:07,400 [s0@group-E8AE2E048FCA-LeaderStateImpl] TRACE segmented.SegmentedRaftLogCache (AutoCloseableReadWriteLock.java:logLocking(65)) - s0@group-E8AE2E048FCA: readLock ACQUIRED 1 by SegmentedRaftLogCache.getEndIndex
2022-07-14 02:38:07,400 [s0@group-E8AE2E048FCA-LeaderStateImpl] TRACE segmented.SegmentedRaftLogCache (AutoCloseableReadWriteLock.java:logLocking(65)) - s0@group-E8AE2E048FCA: readLock RELEASED 0 by SegmentedRaftLogCache.getEndIndex
2022-07-14 02:38:07,400 [s0@group-E8AE2E048FCA-LeaderStateImpl] TRACE segmented.SegmentedRaftLogCache (AutoCloseableReadWriteLock.java:logLocking(65)) - s0@group-E8AE2E048FCA: readLock ACQUIRED 1 by SegmentedRaftLogCache$LogSegmentList.getTermIndex
2022-07-14 02:38:07,400 [s0@group-E8AE2E048FCA-LeaderStateImpl] TRACE segmented.SegmentedRaftLogCache (AutoCloseableReadWriteLock.java:logLocking(65)) - s0@group-E8AE2E048FCA: readLock RELEASED 0 by SegmentedRaftLogCache$LogSegmentList.getTermIndex
2022-07-14 02:38:07,400 [s0@group-E8AE2E048FCA-LeaderStateImpl] TRACE segmented.SegmentedRaftLogCache (AutoCloseableReadWriteLock.java:logLocking(65)) - s0@group-E8AE2E048FCA: readLock ACQUIRED 1 by SegmentedRaftLogCache.getStartIndex
2022-07-14 02:38:07,400 [s0@group-E8AE2E048FCA-LeaderStateImpl] TRACE segmented.SegmentedRaftLogCache (AutoCloseableReadWriteLock.java:logLocking(65)) -   s0@group-E8AE2E048FCA: readLock ACQUIRED 2 by SegmentedRaftLogCache$LogSegmentList.isEmpty
2022-07-14 02:38:07,400 [s0@group-E8AE2E048FCA-LeaderStateImpl] TRACE segmented.SegmentedRaftLogCache (AutoCloseableReadWriteLock.java:logLocking(65)) -   s0@group-E8AE2E048FCA: readLock RELEASED 1 by SegmentedRaftLogCache$LogSegmentList.isEmpty
2022-07-14 02:38:07,400 [s0@group-E8AE2E048FCA-LeaderStateImpl] TRACE segmented.SegmentedRaftLogCache (AutoCloseableReadWriteLock.java:logLocking(65)) - s0@group-E8AE2E048FCA: readLock RELEASED 0 by SegmentedRaftLogCache.getStartIndex
2022-07-14 02:38:07,400 [s0@group-E8AE2E048FCA-LeaderStateImpl] TRACE segmented.SegmentedRaftLogCache (AutoCloseableReadWriteLock.java:logLocking(65)) - s0@group-E8AE2E048FCA: readLock ACQUIRED 1 by SegmentedRaftLogCache.getEndIndex
2022-07-14 02:38:07,400 [s0@group-E8AE2E048FCA-LeaderStateImpl] TRACE segmented.SegmentedRaftLogCache (AutoCloseableReadWriteLock.java:logLocking(65)) - s0@group-E8AE2E048FCA: readLock RELEASED 0 by SegmentedRaftLogCache.getEndIndex
2022-07-14 02:38:07,401 [s0@group-E8AE2E048FCA-LeaderStateImpl] TRACE segmented.SegmentedRaftLogCache (AutoCloseableReadWriteLock.java:logLocking(65)) - s0@group-E8AE2E048FCA: readLock ACQUIRED 1 by SegmentedRaftLogCache$LogSegmentList.getTermIndex
2022-07-14 02:38:07,401 [s0@group-E8AE2E048FCA-LeaderStateImpl] TRACE segmented.SegmentedRaftLogCache (AutoCloseableReadWriteLock.java:logLocking(65)) - s0@group-E8AE2E048FCA: readLock RELEASED 0 by SegmentedRaftLogCache$LogSegmentList.getTermIndex
2022-07-14 02:38:07,401 [s0@group-E8AE2E048FCA-LeaderStateImpl] TRACE segmented.SegmentedRaftLogCache (AutoCloseableReadWriteLock.java:logLocking(65)) - s0@group-E8AE2E048FCA: readLock ACQUIRED 1 by SegmentedRaftLogCache.getLastTermIndex
2022-07-14 02:38:07,401 [s0@group-E8AE2E048FCA-LeaderStateImpl] TRACE segmented.SegmentedRaftLogCache (AutoCloseableReadWriteLock.java:logLocking(65)) - s0@group-E8AE2E048FCA: readLock RELEASED 0 by SegmentedRaftLogCache.getLastTermIndex
2022-07-14 02:38:07,401 [s0@group-E8AE2E048FCA-LeaderStateImpl] TRACE segmented.SegmentedRaftLogCache (AutoCloseableReadWriteLock.java:logLocking(65)) - s0@group-E8AE2E048FCA: readLock ACQUIRED 1 by SegmentedRaftLogCache$LogSegmentList.countCached
2022-07-14 02:38:07,401 [s0@group-E8AE2E048FCA-LeaderStateImpl] TRACE segmented.SegmentedRaftLogCache (AutoCloseableReadWriteLock.java:logLocking(65)) - s0@group-E8AE2E048FCA: readLock RELEASED 0 by SegmentedRaftLogCache$LogSegmentList.countCached
2022-07-14 02:38:07,401 [s0@group-E8AE2E048FCA-LeaderStateImpl] TRACE segmented.SegmentedRaftLogCache (AutoCloseableReadWriteLock.java:logLocking(65)) - s0@group-E8AE2E048FCA: readLock ACQUIRED 1 by SegmentedRaftLogCache$LogSegmentList.getTotalCacheSize
2022-07-14 02:38:07,401 [s0@group-E8AE2E048FCA-LeaderStateImpl] TRACE segmented.SegmentedRaftLogCache (AutoCloseableReadWriteLock.java:logLocking(65)) - s0@group-E8AE2E048FCA: readLock RELEASED 0 by SegmentedRaftLogCache$LogSegmentList.getTotalCacheSize
2022-07-14 02:38:07,401 [s0@group-E8AE2E048FCA-LeaderStateImpl] DEBUG segmented.SegmentedRaftLogWorker (SegmentedRaftLogWorker.java:addIOTask(270)) - s0@group-E8AE2E048FCA-SegmentedRaftLogWorker adds IO task WriteLog:126: (t:1, i:126), METADATAENTRY(c:125)
2022-07-14 02:38:07,401 [s0@group-E8AE2E048FCA-SegmentedRaftLogWorker] DEBUG segmented.SegmentedRaftLogWorker (SegmentedRaftLogWorker.java:flushIfNecessary(365)) - s0@group-E8AE2E048FCA-SegmentedRaftLogWorker: flush SegmentedRaftLogOutputStream(/home/runner/work/ratis/ratis/ratis-test/target/test/data/f69c223b/MiniRaftClusterWithSimulatedRpc37250022/s0/24813b6b-21de-410f-95d3-e8ae2e048fca/current/log_inprogress_0)
2022-07-14 02:38:07,401 [s0@group-E8AE2E048FCA-StateMachineUpdater] INFO  statemachine.SimpleStateMachine4Testing (SimpleStateMachine4Testing.java:put(204)) - s0: put 125, m62 -> (t:1, i:125), STATEMACHINELOGENTRY, 390@client-4187B1F4E061
2022-07-14 02:38:07,402 [s0@group-E8AE2E048FCA-LeaderStateImpl] TRACE segmented.SegmentedRaftLogCache (AutoCloseableReadWriteLock.java:logLocking(65)) - s0@group-E8AE2E048FCA: readLock ACQUIRED 1 by SegmentedRaftLogCache.getStartIndex
2022-07-14 02:38:07,402 [s0@group-E8AE2E048FCA-LeaderStateImpl] TRACE segmented.SegmentedRaftLogCache (AutoCloseableReadWriteLock.java:logLocking(65)) -   s0@group-E8AE2E048FCA: readLock ACQUIRED 2 by SegmentedRaftLogCache$LogSegmentList.isEmpty
2022-07-14 02:38:07,402 [s0@group-E8AE2E048FCA-LeaderStateImpl] TRACE segmented.SegmentedRaftLogCache (AutoCloseableReadWriteLock.java:logLocking(65)) -   s0@group-E8AE2E048FCA: readLock RELEASED 1 by SegmentedRaftLogCache$LogSegmentList.isEmpty
2022-07-14 02:38:07,402 [s0@group-E8AE2E048FCA-LeaderStateImpl] TRACE segmented.SegmentedRaftLogCache (AutoCloseableReadWriteLock.java:logLocking(65)) - s0@group-E8AE2E048FCA: readLock RELEASED 0 by SegmentedRaftLogCache.getStartIndex
2022-07-14 02:38:07,402 [s0@group-E8AE2E048FCA-LeaderStateImpl] TRACE segmented.SegmentedRaftLogCache (AutoCloseableReadWriteLock.java:logLocking(65)) - s0@group-E8AE2E048FCA: readLock ACQUIRED 1 by SegmentedRaftLogCache.getEndIndex
2022-07-14 02:38:07,402 [s0@group-E8AE2E048FCA-LeaderStateImpl] TRACE segmented.SegmentedRaftLogCache (AutoCloseableReadWriteLock.java:logLocking(65)) - s0@group-E8AE2E048FCA: readLock RELEASED 0 by SegmentedRaftLogCache.getEndIndex
2022-07-14 02:38:07,402 [s0@group-E8AE2E048FCA-LeaderStateImpl] TRACE segmented.SegmentedRaftLogCache (AutoCloseableReadWriteLock.java:logLocking(65)) - s0@group-E8AE2E048FCA: readLock ACQUIRED 1 by SegmentedRaftLogCache$LogSegmentList.getTermIndex
2022-07-14 02:38:07,402 [s0@group-E8AE2E048FCA-LeaderStateImpl] TRACE segmented.SegmentedRaftLogCache (AutoCloseableReadWriteLock.java:logLocking(65)) - s0@group-E8AE2E048FCA: readLock RELEASED 0 by SegmentedRaftLogCache$LogSegmentList.getTermIndex
2022-07-14 02:38:07,402 [s0-client-thread1] TRACE segmented.SegmentedRaftLogCache (AutoCloseableReadWriteLock.java:logLocking(65)) - s0@group-E8AE2E048FCA: readLock ACQUIRED 1 by SegmentedRaftLogCache.getLastTermIndex
2022-07-14 02:38:07,402 [s0-client-thread1] TRACE segmented.SegmentedRaftLogCache (AutoCloseableReadWriteLock.java:logLocking(65)) - s0@group-E8AE2E048FCA: readLock RELEASED 0 by SegmentedRaftLogCache.getLastTermIndex
2022-07-14 02:38:07,402 [s0-client-thread1] TRACE segmented.SegmentedRaftLogCache (AutoCloseableReadWriteLock.java:logLocking(65)) - s0@group-E8AE2E048FCA: readLock ACQUIRED 1 by SegmentedRaftLogCache.getLastTermIndex
2022-07-14 02:38:07,402 [s0-client-thread1] TRACE segmented.SegmentedRaftLogCache (AutoCloseableReadWriteLock.java:logLocking(65)) - s0@group-E8AE2E048FCA: readLock RELEASED 0 by SegmentedRaftLogCache.getLastTermIndex
2022-07-14 02:38:07,402 [s0-client-thread1] TRACE segmented.SegmentedRaftLogCache (AutoCloseableReadWriteLock.java:logLocking(65)) - s0@group-E8AE2E048FCA: readLock ACQUIRED 1 by SegmentedRaftLogCache$LogSegmentList.countCached
2022-07-14 02:38:07,403 [s0-client-thread1] TRACE segmented.SegmentedRaftLogCache (AutoCloseableReadWriteLock.java:logLocking(65)) - s0@group-E8AE2E048FCA: readLock RELEASED 0 by SegmentedRaftLogCache$LogSegmentList.countCached
2022-07-14 02:38:07,403 [s0-client-thread1] TRACE segmented.SegmentedRaftLogCache (AutoCloseableReadWriteLock.java:logLocking(65)) - s0@group-E8AE2E048FCA: readLock ACQUIRED 1 by SegmentedRaftLogCache$LogSegmentList.getTotalCacheSize
2022-07-14 02:38:07,403 [s0-client-thread1] TRACE segmented.SegmentedRaftLogCache (AutoCloseableReadWriteLock.java:logLocking(65)) - s0@group-E8AE2E048FCA: readLock RELEASED 0 by SegmentedRaftLogCache$LogSegmentList.getTotalCacheSize
2022-07-14 02:38:07,403 [s0-client-thread1] DEBUG segmented.SegmentedRaftLogWorker (SegmentedRaftLogWorker.java:addIOTask(270)) - s0@group-E8AE2E048FCA-SegmentedRaftLogWorker adds IO task WriteLog:127: (t:1, i:127), STATEMACHINELOGENTRY, StateMachineLogEntryProto:391@client-4187B1F4E061
2022-07-14 02:38:07,403 [s0@group-E8AE2E048FCA-SegmentedRaftLogWorker] DEBUG segmented.SegmentedRaftLogWorker (SegmentedRaftLogWorker.java:flushIfNecessary(365)) - s0@group-E8AE2E048FCA-SegmentedRaftLogWorker: flush SegmentedRaftLogOutputStream(/home/runner/work/ratis/ratis/ratis-test/target/test/data/f69c223b/MiniRaftClusterWithSimulatedRpc37250022/s0/24813b6b-21de-410f-95d3-e8ae2e048fca/current/log_inprogress_0)
2022-07-14 02:38:07,403 [s0@group-E8AE2E048FCA-LeaderStateImpl] TRACE segmented.SegmentedRaftLogCache (AutoCloseableReadWriteLock.java:logLocking(65)) - s0@group-E8AE2E048FCA: readLock ACQUIRED 1 by SegmentedRaftLogCache.getStartIndex
2022-07-14 02:38:07,403 [s0@group-E8AE2E048FCA-LeaderStateImpl] TRACE segmented.SegmentedRaftLogCache (AutoCloseableReadWriteLock.java:logLocking(65)) -   s0@group-E8AE2E048FCA: readLock ACQUIRED 2 by SegmentedRaftLogCache$LogSegmentList.isEmpty
2022-07-14 02:38:07,404 [s0@group-E8AE2E048FCA-LeaderStateImpl] TRACE segmented.SegmentedRaftLogCache (AutoCloseableReadWriteLock.java:logLocking(65)) -   s0@group-E8AE2E048FCA: readLock RELEASED 1 by SegmentedRaftLogCache$LogSegmentList.isEmpty
2022-07-14 02:38:07,404 [s0@group-E8AE2E048FCA-LeaderStateImpl] TRACE segmented.SegmentedRaftLogCache (AutoCloseableReadWriteLock.java:logLocking(65)) - s0@group-E8AE2E048FCA: readLock RELEASED 0 by SegmentedRaftLogCache.getStartIndex
2022-07-14 02:38:07,404 [s0@group-E8AE2E048FCA-LeaderStateImpl] TRACE segmented.SegmentedRaftLogCache (AutoCloseableReadWriteLock.java:logLocking(65)) - s0@group-E8AE2E048FCA: readLock ACQUIRED 1 by SegmentedRaftLogCache.getEndIndex
2022-07-14 02:38:07,404 [s0@group-E8AE2E048FCA-LeaderStateImpl] TRACE segmented.SegmentedRaftLogCache (AutoCloseableReadWriteLock.java:logLocking(65)) - s0@group-E8AE2E048FCA: readLock RELEASED 0 by SegmentedRaftLogCache.getEndIndex
2022-07-14 02:38:07,404 [s0@group-E8AE2E048FCA-LeaderStateImpl] TRACE segmented.SegmentedRaftLogCache (AutoCloseableReadWriteLock.java:logLocking(65)) - s0@group-E8AE2E048FCA: readLock ACQUIRED 1 by SegmentedRaftLogCache$LogSegmentList.getTermIndex
2022-07-14 02:38:07,404 [s0@group-E8AE2E048FCA-LeaderStateImpl] TRACE segmented.SegmentedRaftLogCache (AutoCloseableReadWriteLock.java:logLocking(65)) - s0@group-E8AE2E048FCA: readLock RELEASED 0 by SegmentedRaftLogCache$LogSegmentList.getTermIndex
2022-07-14 02:38:07,404 [s0@group-E8AE2E048FCA-LeaderStateImpl] TRACE segmented.SegmentedRaftLogCache (AutoCloseableReadWriteLock.java:logLocking(65)) - s0@group-E8AE2E048FCA: readLock ACQUIRED 1 by SegmentedRaftLogCache.getLastTermIndex
2022-07-14 02:38:07,404 [s0@group-E8AE2E048FCA-LeaderStateImpl] TRACE segmented.SegmentedRaftLogCache (AutoCloseableReadWriteLock.java:logLocking(65)) - s0@group-E8AE2E048FCA: readLock RELEASED 0 by SegmentedRaftLogCache.getLastTermIndex
2022-07-14 02:38:07,404 [s0@group-E8AE2E048FCA-LeaderStateImpl] TRACE segmented.SegmentedRaftLogCache (AutoCloseableReadWriteLock.java:logLocking(65)) - s0@group-E8AE2E048FCA: readLock ACQUIRED 1 by SegmentedRaftLogCache$LogSegmentList.countCached
2022-07-14 02:38:07,404 [s0@group-E8AE2E048FCA-LeaderStateImpl] TRACE segmented.SegmentedRaftLogCache (AutoCloseableReadWriteLock.java:logLocking(65)) - s0@group-E8AE2E048FCA: readLock RELEASED 0 by SegmentedRaftLogCache$LogSegmentList.countCached
2022-07-14 02:38:07,404 [s0@group-E8AE2E048FCA-LeaderStateImpl] TRACE segmented.SegmentedRaftLogCache (AutoCloseableReadWriteLock.java:logLocking(65)) - s0@group-E8AE2E048FCA: readLock ACQUIRED 1 by SegmentedRaftLogCache$LogSegmentList.getTotalCacheSize
2022-07-14 02:38:07,404 [s0@group-E8AE2E048FCA-LeaderStateImpl] TRACE segmented.SegmentedRaftLogCache (AutoCloseableReadWriteLock.java:logLocking(65)) - s0@group-E8AE2E048FCA: readLock RELEASED 0 by SegmentedRaftLogCache$LogSegmentList.getTotalCacheSize
2022-07-14 02:38:07,404 [s0@group-E8AE2E048FCA-LeaderStateImpl] DEBUG segmented.SegmentedRaftLogWorker (SegmentedRaftLogWorker.java:addIOTask(270)) - s0@group-E8AE2E048FCA-SegmentedRaftLogWorker adds IO task WriteLog:128: (t:1, i:128), METADATAENTRY(c:127)
2022-07-14 02:38:07,405 [s0@group-E8AE2E048FCA-SegmentedRaftLogWorker] DEBUG segmented.SegmentedRaftLogWorker (SegmentedRaftLogWorker.java:flushIfNecessary(365)) - s0@group-E8AE2E048FCA-SegmentedRaftLogWorker: flush SegmentedRaftLogOutputStream(/home/runner/work/ratis/ratis/ratis-test/target/test/data/f69c223b/MiniRaftClusterWithSimulatedRpc37250022/s0/24813b6b-21de-410f-95d3-e8ae2e048fca/current/log_inprogress_0)
2022-07-14 02:38:07,405 [s0@group-E8AE2E048FCA-StateMachineUpdater] INFO  statemachine.SimpleStateMachine4Testing (SimpleStateMachine4Testing.java:put(204)) - s0: put 127, m63 -> (t:1, i:127), STATEMACHINELOGENTRY, 391@client-4187B1F4E061
2022-07-14 02:38:07,405 [s0@group-E8AE2E048FCA-LeaderStateImpl] TRACE segmented.SegmentedRaftLogCache (AutoCloseableReadWriteLock.java:logLocking(65)) - s0@group-E8AE2E048FCA: readLock ACQUIRED 1 by SegmentedRaftLogCache.getStartIndex
2022-07-14 02:38:07,405 [s0@group-E8AE2E048FCA-LeaderStateImpl] TRACE segmented.SegmentedRaftLogCache (AutoCloseableReadWriteLock.java:logLocking(65)) -   s0@group-E8AE2E048FCA: readLock ACQUIRED 2 by SegmentedRaftLogCache$LogSegmentList.isEmpty
2022-07-14 02:38:07,406 [s0@group-E8AE2E048FCA-LeaderStateImpl] TRACE segmented.SegmentedRaftLogCache (AutoCloseableReadWriteLock.java:logLocking(65)) -   s0@group-E8AE2E048FCA: readLock RELEASED 1 by SegmentedRaftLogCache$LogSegmentList.isEmpty
2022-07-14 02:38:07,406 [s0@group-E8AE2E048FCA-LeaderStateImpl] TRACE segmented.SegmentedRaftLogCache (AutoCloseableReadWriteLock.java:logLocking(65)) - s0@group-E8AE2E048FCA: readLock RELEASED 0 by SegmentedRaftLogCache.getStartIndex
2022-07-14 02:38:07,406 [s0@group-E8AE2E048FCA-LeaderStateImpl] TRACE segmented.SegmentedRaftLogCache (AutoCloseableReadWriteLock.java:logLocking(65)) - s0@group-E8AE2E048FCA: readLock ACQUIRED 1 by SegmentedRaftLogCache.getEndIndex
2022-07-14 02:38:07,406 [s0@group-E8AE2E048FCA-LeaderStateImpl] TRACE segmented.SegmentedRaftLogCache (AutoCloseableReadWriteLock.java:logLocking(65)) - s0@group-E8AE2E048FCA: readLock RELEASED 0 by SegmentedRaftLogCache.getEndIndex
2022-07-14 02:38:07,406 [s0@group-E8AE2E048FCA-LeaderStateImpl] TRACE segmented.SegmentedRaftLogCache (AutoCloseableReadWriteLock.java:logLocking(65)) - s0@group-E8AE2E048FCA: readLock ACQUIRED 1 by SegmentedRaftLogCache$LogSegmentList.getTermIndex
2022-07-14 02:38:07,406 [s0@group-E8AE2E048FCA-LeaderStateImpl] TRACE segmented.SegmentedRaftLogCache (AutoCloseableReadWriteLock.java:logLocking(65)) - s0@group-E8AE2E048FCA: readLock RELEASED 0 by SegmentedRaftLogCache$LogSegmentList.getTermIndex
2022-07-14 02:38:07,406 [s0-client-thread1] TRACE segmented.SegmentedRaftLogCache (AutoCloseableReadWriteLock.java:logLocking(65)) - s0@group-E8AE2E048FCA: readLock ACQUIRED 1 by SegmentedRaftLogCache.getLastTermIndex
2022-07-14 02:38:07,406 [s0-client-thread1] TRACE segmented.SegmentedRaftLogCache (AutoCloseableReadWriteLock.java:logLocking(65)) - s0@group-E8AE2E048FCA: readLock RELEASED 0 by SegmentedRaftLogCache.getLastTermIndex
2022-07-14 02:38:07,406 [s0-client-thread1] TRACE segmented.SegmentedRaftLogCache (AutoCloseableReadWriteLock.java:logLocking(65)) - s0@group-E8AE2E048FCA: readLock ACQUIRED 1 by SegmentedRaftLogCache.getLastTermIndex
2022-07-14 02:38:07,406 [s0-client-thread1] TRACE segmented.SegmentedRaftLogCache (AutoCloseableReadWriteLock.java:logLocking(65)) - s0@group-E8AE2E048FCA: readLock RELEASED 0 by SegmentedRaftLogCache.getLastTermIndex
2022-07-14 02:38:07,406 [s0-client-thread1] TRACE segmented.SegmentedRaftLogCache (AutoCloseableReadWriteLock.java:logLocking(65)) - s0@group-E8AE2E048FCA: readLock ACQUIRED 1 by SegmentedRaftLogCache$LogSegmentList.countCached
2022-07-14 02:38:07,406 [s0-client-thread1] TRACE segmented.SegmentedRaftLogCache (AutoCloseableReadWriteLock.java:logLocking(65)) - s0@group-E8AE2E048FCA: readLock RELEASED 0 by SegmentedRaftLogCache$LogSegmentList.countCached
2022-07-14 02:38:07,406 [s0-client-thread1] TRACE segmented.SegmentedRaftLogCache (AutoCloseableReadWriteLock.java:logLocking(65)) - s0@group-E8AE2E048FCA: readLock ACQUIRED 1 by SegmentedRaftLogCache$LogSegmentList.getTotalCacheSize
2022-07-14 02:38:07,406 [s0-client-thread1] TRACE segmented.SegmentedRaftLogCache (AutoCloseableReadWriteLock.java:logLocking(65)) - s0@group-E8AE2E048FCA: readLock RELEASED 0 by SegmentedRaftLogCache$LogSegmentList.getTotalCacheSize
2022-07-14 02:38:07,406 [s0-client-thread1] DEBUG segmented.SegmentedRaftLogWorker (SegmentedRaftLogWorker.java:addIOTask(270)) - s0@group-E8AE2E048FCA-SegmentedRaftLogWorker adds IO task WriteLog:129: (t:1, i:129), STATEMACHINELOGENTRY, StateMachineLogEntryProto:392@client-4187B1F4E061
2022-07-14 02:38:07,407 [s0@group-E8AE2E048FCA-SegmentedRaftLogWorker] DEBUG segmented.SegmentedRaftLogWorker (SegmentedRaftLogWorker.java:flushIfNecessary(365)) - s0@group-E8AE2E048FCA-SegmentedRaftLogWorker: flush SegmentedRaftLogOutputStream(/home/runner/work/ratis/ratis/ratis-test/target/test/data/f69c223b/MiniRaftClusterWithSimulatedRpc37250022/s0/24813b6b-21de-410f-95d3-e8ae2e048fca/current/log_inprogress_0)
2022-07-14 02:38:07,408 [s0@group-E8AE2E048FCA-LeaderStateImpl] TRACE segmented.SegmentedRaftLogCache (AutoCloseableReadWriteLock.java:logLocking(65)) - s0@group-E8AE2E048FCA: readLock ACQUIRED 1 by SegmentedRaftLogCache.getStartIndex
2022-07-14 02:38:07,408 [s0@group-E8AE2E048FCA-LeaderStateImpl] TRACE segmented.SegmentedRaftLogCache (AutoCloseableReadWriteLock.java:logLocking(65)) -   s0@group-E8AE2E048FCA: readLock ACQUIRED 2 by SegmentedRaftLogCache$LogSegmentList.isEmpty
2022-07-14 02:38:07,408 [s0@group-E8AE2E048FCA-LeaderStateImpl] TRACE segmented.SegmentedRaftLogCache (AutoCloseableReadWriteLock.java:logLocking(65)) -   s0@group-E8AE2E048FCA: readLock RELEASED 1 by SegmentedRaftLogCache$LogSegmentList.isEmpty
2022-07-14 02:38:07,408 [s0@group-E8AE2E048FCA-LeaderStateImpl] TRACE segmented.SegmentedRaftLogCache (AutoCloseableReadWriteLock.java:logLocking(65)) - s0@group-E8AE2E048FCA: readLock RELEASED 0 by SegmentedRaftLogCache.getStartIndex
2022-07-14 02:38:07,408 [s0@group-E8AE2E048FCA-LeaderStateImpl] TRACE segmented.SegmentedRaftLogCache (AutoCloseableReadWriteLock.java:logLocking(65)) - s0@group-E8AE2E048FCA: readLock ACQUIRED 1 by SegmentedRaftLogCache.getEndIndex
2022-07-14 02:38:07,408 [s0@group-E8AE2E048FCA-LeaderStateImpl] TRACE segmented.SegmentedRaftLogCache (AutoCloseableReadWriteLock.java:logLocking(65)) - s0@group-E8AE2E048FCA: readLock RELEASED 0 by SegmentedRaftLogCache.getEndIndex
2022-07-14 02:38:07,408 [s0@group-E8AE2E048FCA-LeaderStateImpl] TRACE segmented.SegmentedRaftLogCache (AutoCloseableReadWriteLock.java:logLocking(65)) - s0@group-E8AE2E048FCA: readLock ACQUIRED 1 by SegmentedRaftLogCache$LogSegmentList.getTermIndex
2022-07-14 02:38:07,408 [s0@group-E8AE2E048FCA-LeaderStateImpl] TRACE segmented.SegmentedRaftLogCache (AutoCloseableReadWriteLock.java:logLocking(65)) - s0@group-E8AE2E048FCA: readLock RELEASED 0 by SegmentedRaftLogCache$LogSegmentList.getTermIndex
2022-07-14 02:38:07,408 [s0@group-E8AE2E048FCA-LeaderStateImpl] TRACE segmented.SegmentedRaftLogCache (AutoCloseableReadWriteLock.java:logLocking(65)) - s0@group-E8AE2E048FCA: readLock ACQUIRED 1 by SegmentedRaftLogCache.getLastTermIndex
2022-07-14 02:38:07,408 [s0@group-E8AE2E048FCA-LeaderStateImpl] TRACE segmented.SegmentedRaftLogCache (AutoCloseableReadWriteLock.java:logLocking(65)) - s0@group-E8AE2E048FCA: readLock RELEASED 0 by SegmentedRaftLogCache.getLastTermIndex
2022-07-14 02:38:07,408 [s0@group-E8AE2E048FCA-LeaderStateImpl] TRACE segmented.SegmentedRaftLogCache (AutoCloseableReadWriteLock.java:logLocking(65)) - s0@group-E8AE2E048FCA: readLock ACQUIRED 1 by SegmentedRaftLogCache$LogSegmentList.countCached
2022-07-14 02:38:07,408 [s0@group-E8AE2E048FCA-LeaderStateImpl] TRACE segmented.SegmentedRaftLogCache (AutoCloseableReadWriteLock.java:logLocking(65)) - s0@group-E8AE2E048FCA: readLock RELEASED 0 by SegmentedRaftLogCache$LogSegmentList.countCached
2022-07-14 02:38:07,408 [s0@group-E8AE2E048FCA-LeaderStateImpl] TRACE segmented.SegmentedRaftLogCache (AutoCloseableReadWriteLock.java:logLocking(65)) - s0@group-E8AE2E048FCA: readLock ACQUIRED 1 by SegmentedRaftLogCache$LogSegmentList.getTotalCacheSize
2022-07-14 02:38:07,408 [s0@group-E8AE2E048FCA-LeaderStateImpl] TRACE segmented.SegmentedRaftLogCache (AutoCloseableReadWriteLock.java:logLocking(65)) - s0@group-E8AE2E048FCA: readLock RELEASED 0 by SegmentedRaftLogCache$LogSegmentList.getTotalCacheSize
2022-07-14 02:38:07,408 [s0@group-E8AE2E048FCA-LeaderStateImpl] DEBUG segmented.SegmentedRaftLogWorker (SegmentedRaftLogWorker.java:addIOTask(270)) - s0@group-E8AE2E048FCA-SegmentedRaftLogWorker adds IO task WriteLog:130: (t:1, i:130), METADATAENTRY(c:129)
2022-07-14 02:38:07,408 [s0@group-E8AE2E048FCA-SegmentedRaftLogWorker] DEBUG segmented.SegmentedRaftLogWorker (SegmentedRaftLogWorker.java:flushIfNecessary(365)) - s0@group-E8AE2E048FCA-SegmentedRaftLogWorker: flush SegmentedRaftLogOutputStream(/home/runner/work/ratis/ratis/ratis-test/target/test/data/f69c223b/MiniRaftClusterWithSimulatedRpc37250022/s0/24813b6b-21de-410f-95d3-e8ae2e048fca/current/log_inprogress_0)
2022-07-14 02:38:07,409 [s0@group-E8AE2E048FCA-StateMachineUpdater] INFO  statemachine.SimpleStateMachine4Testing (SimpleStateMachine4Testing.java:put(204)) - s0: put 129, m64 -> (t:1, i:129), STATEMACHINELOGENTRY, 392@client-4187B1F4E061
2022-07-14 02:38:07,409 [s0-client-thread1] TRACE segmented.SegmentedRaftLogCache (AutoCloseableReadWriteLock.java:logLocking(65)) - s0@group-E8AE2E048FCA: readLock ACQUIRED 1 by SegmentedRaftLogCache.getLastTermIndex
2022-07-14 02:38:07,409 [s0-client-thread1] TRACE segmented.SegmentedRaftLogCache (AutoCloseableReadWriteLock.java:logLocking(65)) - s0@group-E8AE2E048FCA: readLock RELEASED 0 by SegmentedRaftLogCache.getLastTermIndex
2022-07-14 02:38:07,409 [s0-client-thread1] TRACE segmented.SegmentedRaftLogCache (AutoCloseableReadWriteLock.java:logLocking(65)) - s0@group-E8AE2E048FCA: readLock ACQUIRED 1 by SegmentedRaftLogCache.getLastTermIndex
2022-07-14 02:38:07,409 [s0-client-thread1] TRACE segmented.SegmentedRaftLogCache (AutoCloseableReadWriteLock.java:logLocking(65)) - s0@group-E8AE2E048FCA: readLock RELEASED 0 by SegmentedRaftLogCache.getLastTermIndex
2022-07-14 02:38:07,409 [s0-client-thread1] TRACE segmented.SegmentedRaftLogCache (AutoCloseableReadWriteLock.java:logLocking(65)) - s0@group-E8AE2E048FCA: readLock ACQUIRED 1 by SegmentedRaftLogCache$LogSegmentList.countCached
2022-07-14 02:38:07,409 [s0-client-thread1] TRACE segmented.SegmentedRaftLogCache (AutoCloseableReadWriteLock.java:logLocking(65)) - s0@group-E8AE2E048FCA: readLock RELEASED 0 by SegmentedRaftLogCache$LogSegmentList.countCached
2022-07-14 02:38:07,409 [s0-client-thread1] TRACE segmented.SegmentedRaftLogCache (AutoCloseableReadWriteLock.java:logLocking(65)) - s0@group-E8AE2E048FCA: readLock ACQUIRED 1 by SegmentedRaftLogCache$LogSegmentList.getTotalCacheSize
2022-07-14 02:38:07,409 [s0-client-thread1] TRACE segmented.SegmentedRaftLogCache (AutoCloseableReadWriteLock.java:logLocking(65)) - s0@group-E8AE2E048FCA: readLock RELEASED 0 by SegmentedRaftLogCache$LogSegmentList.getTotalCacheSize
2022-07-14 02:38:07,409 [s0-client-thread1] DEBUG segmented.SegmentedRaftLogWorker (SegmentedRaftLogWorker.java:addIOTask(270)) - s0@group-E8AE2E048FCA-SegmentedRaftLogWorker adds IO task WriteLog:131: (t:1, i:131), STATEMACHINELOGENTRY, StateMachineLogEntryProto:393@client-4187B1F4E061
2022-07-14 02:38:07,410 [s0@group-E8AE2E048FCA-SegmentedRaftLogWorker] DEBUG segmented.SegmentedRaftLogWorker (SegmentedRaftLogWorker.java:flushIfNecessary(365)) - s0@group-E8AE2E048FCA-SegmentedRaftLogWorker: flush SegmentedRaftLogOutputStream(/home/runner/work/ratis/ratis/ratis-test/target/test/data/f69c223b/MiniRaftClusterWithSimulatedRpc37250022/s0/24813b6b-21de-410f-95d3-e8ae2e048fca/current/log_inprogress_0)
2022-07-14 02:38:07,410 [s0@group-E8AE2E048FCA-LeaderStateImpl] TRACE segmented.SegmentedRaftLogCache (AutoCloseableReadWriteLock.java:logLocking(65)) - s0@group-E8AE2E048FCA: readLock ACQUIRED 1 by SegmentedRaftLogCache.getStartIndex
2022-07-14 02:38:07,410 [s0@group-E8AE2E048FCA-LeaderStateImpl] TRACE segmented.SegmentedRaftLogCache (AutoCloseableReadWriteLock.java:logLocking(65)) -   s0@group-E8AE2E048FCA: readLock ACQUIRED 2 by SegmentedRaftLogCache$LogSegmentList.isEmpty
2022-07-14 02:38:07,410 [s0@group-E8AE2E048FCA-LeaderStateImpl] TRACE segmented.SegmentedRaftLogCache (AutoCloseableReadWriteLock.java:logLocking(65)) -   s0@group-E8AE2E048FCA: readLock RELEASED 1 by SegmentedRaftLogCache$LogSegmentList.isEmpty
2022-07-14 02:38:07,410 [s0@group-E8AE2E048FCA-LeaderStateImpl] TRACE segmented.SegmentedRaftLogCache (AutoCloseableReadWriteLock.java:logLocking(65)) - s0@group-E8AE2E048FCA: readLock RELEASED 0 by SegmentedRaftLogCache.getStartIndex
2022-07-14 02:38:07,410 [s0@group-E8AE2E048FCA-LeaderStateImpl] TRACE segmented.SegmentedRaftLogCache (AutoCloseableReadWriteLock.java:logLocking(65)) - s0@group-E8AE2E048FCA: readLock ACQUIRED 1 by SegmentedRaftLogCache.getEndIndex
2022-07-14 02:38:07,410 [s0@group-E8AE2E048FCA-LeaderStateImpl] TRACE segmented.SegmentedRaftLogCache (AutoCloseableReadWriteLock.java:logLocking(65)) - s0@group-E8AE2E048FCA: readLock RELEASED 0 by SegmentedRaftLogCache.getEndIndex
2022-07-14 02:38:07,410 [s0@group-E8AE2E048FCA-LeaderStateImpl] TRACE segmented.SegmentedRaftLogCache (AutoCloseableReadWriteLock.java:logLocking(65)) - s0@group-E8AE2E048FCA: readLock ACQUIRED 1 by SegmentedRaftLogCache$LogSegmentList.getTermIndex
2022-07-14 02:38:07,410 [s0@group-E8AE2E048FCA-LeaderStateImpl] TRACE segmented.SegmentedRaftLogCache (AutoCloseableReadWriteLock.java:logLocking(65)) - s0@group-E8AE2E048FCA: readLock RELEASED 0 by SegmentedRaftLogCache$LogSegmentList.getTermIndex
2022-07-14 02:38:07,411 [s0@group-E8AE2E048FCA-LeaderStateImpl] TRACE segmented.SegmentedRaftLogCache (AutoCloseableReadWriteLock.java:logLocking(65)) - s0@group-E8AE2E048FCA: readLock ACQUIRED 1 by SegmentedRaftLogCache.getStartIndex
2022-07-14 02:38:07,411 [s0@group-E8AE2E048FCA-LeaderStateImpl] TRACE segmented.SegmentedRaftLogCache (AutoCloseableReadWriteLock.java:logLocking(65)) -   s0@group-E8AE2E048FCA: readLock ACQUIRED 2 by SegmentedRaftLogCache$LogSegmentList.isEmpty
2022-07-14 02:38:07,411 [s0@group-E8AE2E048FCA-LeaderStateImpl] TRACE segmented.SegmentedRaftLogCache (AutoCloseableReadWriteLock.java:logLocking(65)) -   s0@group-E8AE2E048FCA: readLock RELEASED 1 by SegmentedRaftLogCache$LogSegmentList.isEmpty
2022-07-14 02:38:07,411 [s0@group-E8AE2E048FCA-LeaderStateImpl] TRACE segmented.SegmentedRaftLogCache (AutoCloseableReadWriteLock.java:logLocking(65)) - s0@group-E8AE2E048FCA: readLock RELEASED 0 by SegmentedRaftLogCache.getStartIndex
2022-07-14 02:38:07,411 [s0@group-E8AE2E048FCA-LeaderStateImpl] TRACE segmented.SegmentedRaftLogCache (AutoCloseableReadWriteLock.java:logLocking(65)) - s0@group-E8AE2E048FCA: readLock ACQUIRED 1 by SegmentedRaftLogCache.getEndIndex
2022-07-14 02:38:07,411 [s0@group-E8AE2E048FCA-LeaderStateImpl] TRACE segmented.SegmentedRaftLogCache (AutoCloseableReadWriteLock.java:logLocking(65)) - s0@group-E8AE2E048FCA: readLock RELEASED 0 by SegmentedRaftLogCache.getEndIndex
2022-07-14 02:38:07,411 [s0@group-E8AE2E048FCA-LeaderStateImpl] TRACE segmented.SegmentedRaftLogCache (AutoCloseableReadWriteLock.java:logLocking(65)) - s0@group-E8AE2E048FCA: readLock ACQUIRED 1 by SegmentedRaftLogCache$LogSegmentList.getTermIndex
2022-07-14 02:38:07,411 [s0@group-E8AE2E048FCA-LeaderStateImpl] TRACE segmented.SegmentedRaftLogCache (AutoCloseableReadWriteLock.java:logLocking(65)) - s0@group-E8AE2E048FCA: readLock RELEASED 0 by SegmentedRaftLogCache$LogSegmentList.getTermIndex
2022-07-14 02:38:07,411 [s0@group-E8AE2E048FCA-LeaderStateImpl] TRACE segmented.SegmentedRaftLogCache (AutoCloseableReadWriteLock.java:logLocking(65)) - s0@group-E8AE2E048FCA: readLock ACQUIRED 1 by SegmentedRaftLogCache.getLastTermIndex
2022-07-14 02:38:07,412 [s0@group-E8AE2E048FCA-LeaderStateImpl] TRACE segmented.SegmentedRaftLogCache (AutoCloseableReadWriteLock.java:logLocking(65)) - s0@group-E8AE2E048FCA: readLock RELEASED 0 by SegmentedRaftLogCache.getLastTermIndex
2022-07-14 02:38:07,412 [s0@group-E8AE2E048FCA-LeaderStateImpl] TRACE segmented.SegmentedRaftLogCache (AutoCloseableReadWriteLock.java:logLocking(65)) - s0@group-E8AE2E048FCA: readLock ACQUIRED 1 by SegmentedRaftLogCache$LogSegmentList.countCached
2022-07-14 02:38:07,412 [s0@group-E8AE2E048FCA-LeaderStateImpl] TRACE segmented.SegmentedRaftLogCache (AutoCloseableReadWriteLock.java:logLocking(65)) - s0@group-E8AE2E048FCA: readLock RELEASED 0 by SegmentedRaftLogCache$LogSegmentList.countCached
2022-07-14 02:38:07,412 [s0@group-E8AE2E048FCA-LeaderStateImpl] TRACE segmented.SegmentedRaftLogCache (AutoCloseableReadWriteLock.java:logLocking(65)) - s0@group-E8AE2E048FCA: readLock ACQUIRED 1 by SegmentedRaftLogCache$LogSegmentList.getTotalCacheSize
2022-07-14 02:38:07,412 [s0@group-E8AE2E048FCA-LeaderStateImpl] TRACE segmented.SegmentedRaftLogCache (AutoCloseableReadWriteLock.java:logLocking(65)) - s0@group-E8AE2E048FCA: readLock RELEASED 0 by SegmentedRaftLogCache$LogSegmentList.getTotalCacheSize
2022-07-14 02:38:07,412 [s0@group-E8AE2E048FCA-LeaderStateImpl] DEBUG segmented.SegmentedRaftLogWorker (SegmentedRaftLogWorker.java:addIOTask(270)) - s0@group-E8AE2E048FCA-SegmentedRaftLogWorker adds IO task WriteLog:132: (t:1, i:132), METADATAENTRY(c:131)
2022-07-14 02:38:07,412 [s0@group-E8AE2E048FCA-SegmentedRaftLogWorker] DEBUG segmented.SegmentedRaftLogWorker (SegmentedRaftLogWorker.java:flushIfNecessary(365)) - s0@group-E8AE2E048FCA-SegmentedRaftLogWorker: flush SegmentedRaftLogOutputStream(/home/runner/work/ratis/ratis/ratis-test/target/test/data/f69c223b/MiniRaftClusterWithSimulatedRpc37250022/s0/24813b6b-21de-410f-95d3-e8ae2e048fca/current/log_inprogress_0)
2022-07-14 02:38:07,412 [s0@group-E8AE2E048FCA-StateMachineUpdater] INFO  statemachine.SimpleStateMachine4Testing (SimpleStateMachine4Testing.java:put(204)) - s0: put 131, m65 -> (t:1, i:131), STATEMACHINELOGENTRY, 393@client-4187B1F4E061
2022-07-14 02:38:07,413 [s0@group-E8AE2E048FCA-LeaderStateImpl] TRACE segmented.SegmentedRaftLogCache (AutoCloseableReadWriteLock.java:logLocking(65)) - s0@group-E8AE2E048FCA: readLock ACQUIRED 1 by SegmentedRaftLogCache.getStartIndex
2022-07-14 02:38:07,413 [s0@group-E8AE2E048FCA-LeaderStateImpl] TRACE segmented.SegmentedRaftLogCache (AutoCloseableReadWriteLock.java:logLocking(65)) -   s0@group-E8AE2E048FCA: readLock ACQUIRED 2 by SegmentedRaftLogCache$LogSegmentList.isEmpty
2022-07-14 02:38:07,413 [s0@group-E8AE2E048FCA-LeaderStateImpl] TRACE segmented.SegmentedRaftLogCache (AutoCloseableReadWriteLock.java:logLocking(65)) -   s0@group-E8AE2E048FCA: readLock RELEASED 1 by SegmentedRaftLogCache$LogSegmentList.isEmpty
2022-07-14 02:38:07,413 [s0@group-E8AE2E048FCA-LeaderStateImpl] TRACE segmented.SegmentedRaftLogCache (AutoCloseableReadWriteLock.java:logLocking(65)) - s0@group-E8AE2E048FCA: readLock RELEASED 0 by SegmentedRaftLogCache.getStartIndex
2022-07-14 02:38:07,413 [s0@group-E8AE2E048FCA-LeaderStateImpl] TRACE segmented.SegmentedRaftLogCache (AutoCloseableReadWriteLock.java:logLocking(65)) - s0@group-E8AE2E048FCA: readLock ACQUIRED 1 by SegmentedRaftLogCache.getEndIndex
2022-07-14 02:38:07,413 [s0@group-E8AE2E048FCA-LeaderStateImpl] TRACE segmented.SegmentedRaftLogCache (AutoCloseableReadWriteLock.java:logLocking(65)) - s0@group-E8AE2E048FCA: readLock RELEASED 0 by SegmentedRaftLogCache.getEndIndex
2022-07-14 02:38:07,413 [s0@group-E8AE2E048FCA-LeaderStateImpl] TRACE segmented.SegmentedRaftLogCache (AutoCloseableReadWriteLock.java:logLocking(65)) - s0@group-E8AE2E048FCA: readLock ACQUIRED 1 by SegmentedRaftLogCache$LogSegmentList.getTermIndex
2022-07-14 02:38:07,413 [s0@group-E8AE2E048FCA-LeaderStateImpl] TRACE segmented.SegmentedRaftLogCache (AutoCloseableReadWriteLock.java:logLocking(65)) - s0@group-E8AE2E048FCA: readLock RELEASED 0 by SegmentedRaftLogCache$LogSegmentList.getTermIndex
2022-07-14 02:38:07,413 [s0-client-thread1] TRACE segmented.SegmentedRaftLogCache (AutoCloseableReadWriteLock.java:logLocking(65)) - s0@group-E8AE2E048FCA: readLock ACQUIRED 1 by SegmentedRaftLogCache.getLastTermIndex
2022-07-14 02:38:07,413 [s0-client-thread1] TRACE segmented.SegmentedRaftLogCache (AutoCloseableReadWriteLock.java:logLocking(65)) - s0@group-E8AE2E048FCA: readLock RELEASED 0 by SegmentedRaftLogCache.getLastTermIndex
2022-07-14 02:38:07,413 [s0-client-thread1] TRACE segmented.SegmentedRaftLogCache (AutoCloseableReadWriteLock.java:logLocking(65)) - s0@group-E8AE2E048FCA: readLock ACQUIRED 1 by SegmentedRaftLogCache.getLastTermIndex
2022-07-14 02:38:07,413 [s0-client-thread1] TRACE segmented.SegmentedRaftLogCache (AutoCloseableReadWriteLock.java:logLocking(65)) - s0@group-E8AE2E048FCA: readLock RELEASED 0 by SegmentedRaftLogCache.getLastTermIndex
2022-07-14 02:38:07,414 [s0-client-thread1] TRACE segmented.SegmentedRaftLogCache (AutoCloseableReadWriteLock.java:logLocking(65)) - s0@group-E8AE2E048FCA: readLock ACQUIRED 1 by SegmentedRaftLogCache$LogSegmentList.countCached
2022-07-14 02:38:07,414 [s0-client-thread1] TRACE segmented.SegmentedRaftLogCache (AutoCloseableReadWriteLock.java:logLocking(65)) - s0@group-E8AE2E048FCA: readLock RELEASED 0 by SegmentedRaftLogCache$LogSegmentList.countCached
2022-07-14 02:38:07,414 [s0-client-thread1] TRACE segmented.SegmentedRaftLogCache (AutoCloseableReadWriteLock.java:logLocking(65)) - s0@group-E8AE2E048FCA: readLock ACQUIRED 1 by SegmentedRaftLogCache$LogSegmentList.getTotalCacheSize
2022-07-14 02:38:07,414 [s0-client-thread1] TRACE segmented.SegmentedRaftLogCache (AutoCloseableReadWriteLock.java:logLocking(65)) - s0@group-E8AE2E048FCA: readLock RELEASED 0 by SegmentedRaftLogCache$LogSegmentList.getTotalCacheSize
2022-07-14 02:38:07,414 [s0-client-thread1] DEBUG segmented.SegmentedRaftLogWorker (SegmentedRaftLogWorker.java:addIOTask(270)) - s0@group-E8AE2E048FCA-SegmentedRaftLogWorker adds IO task WriteLog:133: (t:1, i:133), STATEMACHINELOGENTRY, StateMachineLogEntryProto:394@client-4187B1F4E061
2022-07-14 02:38:07,414 [s0@group-E8AE2E048FCA-SegmentedRaftLogWorker] DEBUG segmented.SegmentedRaftLogWorker (SegmentedRaftLogWorker.java:flushIfNecessary(365)) - s0@group-E8AE2E048FCA-SegmentedRaftLogWorker: flush SegmentedRaftLogOutputStream(/home/runner/work/ratis/ratis/ratis-test/target/test/data/f69c223b/MiniRaftClusterWithSimulatedRpc37250022/s0/24813b6b-21de-410f-95d3-e8ae2e048fca/current/log_inprogress_0)
2022-07-14 02:38:07,415 [s0@group-E8AE2E048FCA-LeaderStateImpl] TRACE segmented.SegmentedRaftLogCache (AutoCloseableReadWriteLock.java:logLocking(65)) - s0@group-E8AE2E048FCA: readLock ACQUIRED 1 by SegmentedRaftLogCache.getStartIndex
2022-07-14 02:38:07,415 [s0@group-E8AE2E048FCA-LeaderStateImpl] TRACE segmented.SegmentedRaftLogCache (AutoCloseableReadWriteLock.java:logLocking(65)) -   s0@group-E8AE2E048FCA: readLock ACQUIRED 2 by SegmentedRaftLogCache$LogSegmentList.isEmpty
2022-07-14 02:38:07,415 [s0@group-E8AE2E048FCA-LeaderStateImpl] TRACE segmented.SegmentedRaftLogCache (AutoCloseableReadWriteLock.java:logLocking(65)) -   s0@group-E8AE2E048FCA: readLock RELEASED 1 by SegmentedRaftLogCache$LogSegmentList.isEmpty
2022-07-14 02:38:07,415 [s0@group-E8AE2E048FCA-LeaderStateImpl] TRACE segmented.SegmentedRaftLogCache (AutoCloseableReadWriteLock.java:logLocking(65)) - s0@group-E8AE2E048FCA: readLock RELEASED 0 by SegmentedRaftLogCache.getStartIndex
2022-07-14 02:38:07,415 [s0@group-E8AE2E048FCA-LeaderStateImpl] TRACE segmented.SegmentedRaftLogCache (AutoCloseableReadWriteLock.java:logLocking(65)) - s0@group-E8AE2E048FCA: readLock ACQUIRED 1 by SegmentedRaftLogCache.getEndIndex
2022-07-14 02:38:07,415 [s0@group-E8AE2E048FCA-LeaderStateImpl] TRACE segmented.SegmentedRaftLogCache (AutoCloseableReadWriteLock.java:logLocking(65)) - s0@group-E8AE2E048FCA: readLock RELEASED 0 by SegmentedRaftLogCache.getEndIndex
2022-07-14 02:38:07,415 [s0@group-E8AE2E048FCA-LeaderStateImpl] TRACE segmented.SegmentedRaftLogCache (AutoCloseableReadWriteLock.java:logLocking(65)) - s0@group-E8AE2E048FCA: readLock ACQUIRED 1 by SegmentedRaftLogCache$LogSegmentList.getTermIndex
2022-07-14 02:38:07,415 [s0@group-E8AE2E048FCA-LeaderStateImpl] TRACE segmented.SegmentedRaftLogCache (AutoCloseableReadWriteLock.java:logLocking(65)) - s0@group-E8AE2E048FCA: readLock RELEASED 0 by SegmentedRaftLogCache$LogSegmentList.getTermIndex
2022-07-14 02:38:07,415 [s0@group-E8AE2E048FCA-LeaderStateImpl] TRACE segmented.SegmentedRaftLogCache (AutoCloseableReadWriteLock.java:logLocking(65)) - s0@group-E8AE2E048FCA: readLock ACQUIRED 1 by SegmentedRaftLogCache.getLastTermIndex
2022-07-14 02:38:07,415 [s0@group-E8AE2E048FCA-LeaderStateImpl] TRACE segmented.SegmentedRaftLogCache (AutoCloseableReadWriteLock.java:logLocking(65)) - s0@group-E8AE2E048FCA: readLock RELEASED 0 by SegmentedRaftLogCache.getLastTermIndex
2022-07-14 02:38:07,415 [s0@group-E8AE2E048FCA-LeaderStateImpl] TRACE segmented.SegmentedRaftLogCache (AutoCloseableReadWriteLock.java:logLocking(65)) - s0@group-E8AE2E048FCA: readLock ACQUIRED 1 by SegmentedRaftLogCache$LogSegmentList.countCached
2022-07-14 02:38:07,416 [s0@group-E8AE2E048FCA-LeaderStateImpl] TRACE segmented.SegmentedRaftLogCache (AutoCloseableReadWriteLock.java:logLocking(65)) - s0@group-E8AE2E048FCA: readLock RELEASED 0 by SegmentedRaftLogCache$LogSegmentList.countCached
2022-07-14 02:38:07,416 [s0@group-E8AE2E048FCA-LeaderStateImpl] TRACE segmented.SegmentedRaftLogCache (AutoCloseableReadWriteLock.java:logLocking(65)) - s0@group-E8AE2E048FCA: readLock ACQUIRED 1 by SegmentedRaftLogCache$LogSegmentList.getTotalCacheSize
2022-07-14 02:38:07,416 [s0@group-E8AE2E048FCA-LeaderStateImpl] TRACE segmented.SegmentedRaftLogCache (AutoCloseableReadWriteLock.java:logLocking(65)) - s0@group-E8AE2E048FCA: readLock RELEASED 0 by SegmentedRaftLogCache$LogSegmentList.getTotalCacheSize
2022-07-14 02:38:07,416 [s0@group-E8AE2E048FCA-LeaderStateImpl] DEBUG segmented.SegmentedRaftLogWorker (SegmentedRaftLogWorker.java:addIOTask(270)) - s0@group-E8AE2E048FCA-SegmentedRaftLogWorker adds IO task WriteLog:134: (t:1, i:134), METADATAENTRY(c:133)
2022-07-14 02:38:07,416 [s0@group-E8AE2E048FCA-SegmentedRaftLogWorker] DEBUG segmented.SegmentedRaftLogWorker (SegmentedRaftLogWorker.java:flushIfNecessary(365)) - s0@group-E8AE2E048FCA-SegmentedRaftLogWorker: flush SegmentedRaftLogOutputStream(/home/runner/work/ratis/ratis/ratis-test/target/test/data/f69c223b/MiniRaftClusterWithSimulatedRpc37250022/s0/24813b6b-21de-410f-95d3-e8ae2e048fca/current/log_inprogress_0)
2022-07-14 02:38:07,416 [s0@group-E8AE2E048FCA-StateMachineUpdater] INFO  statemachine.SimpleStateMachine4Testing (SimpleStateMachine4Testing.java:put(204)) - s0: put 133, m66 -> (t:1, i:133), STATEMACHINELOGENTRY, 394@client-4187B1F4E061
2022-07-14 02:38:07,416 [s0-client-thread1] TRACE segmented.SegmentedRaftLogCache (AutoCloseableReadWriteLock.java:logLocking(65)) - s0@group-E8AE2E048FCA: readLock ACQUIRED 1 by SegmentedRaftLogCache.getLastTermIndex
2022-07-14 02:38:07,416 [s0-client-thread1] TRACE segmented.SegmentedRaftLogCache (AutoCloseableReadWriteLock.java:logLocking(65)) - s0@group-E8AE2E048FCA: readLock RELEASED 0 by SegmentedRaftLogCache.getLastTermIndex
2022-07-14 02:38:07,417 [s0-client-thread1] TRACE segmented.SegmentedRaftLogCache (AutoCloseableReadWriteLock.java:logLocking(65)) - s0@group-E8AE2E048FCA: readLock ACQUIRED 1 by SegmentedRaftLogCache.getLastTermIndex
2022-07-14 02:38:07,417 [s0-client-thread1] TRACE segmented.SegmentedRaftLogCache (AutoCloseableReadWriteLock.java:logLocking(65)) - s0@group-E8AE2E048FCA: readLock RELEASED 0 by SegmentedRaftLogCache.getLastTermIndex
2022-07-14 02:38:07,417 [s0-client-thread1] TRACE segmented.SegmentedRaftLogCache (AutoCloseableReadWriteLock.java:logLocking(65)) - s0@group-E8AE2E048FCA: readLock ACQUIRED 1 by SegmentedRaftLogCache$LogSegmentList.countCached
2022-07-14 02:38:07,417 [s0-client-thread1] TRACE segmented.SegmentedRaftLogCache (AutoCloseableReadWriteLock.java:logLocking(65)) - s0@group-E8AE2E048FCA: readLock RELEASED 0 by SegmentedRaftLogCache$LogSegmentList.countCached
2022-07-14 02:38:07,417 [s0-client-thread1] TRACE segmented.SegmentedRaftLogCache (AutoCloseableReadWriteLock.java:logLocking(65)) - s0@group-E8AE2E048FCA: readLock ACQUIRED 1 by SegmentedRaftLogCache$LogSegmentList.getTotalCacheSize
2022-07-14 02:38:07,417 [s0-client-thread1] TRACE segmented.SegmentedRaftLogCache (AutoCloseableReadWriteLock.java:logLocking(65)) - s0@group-E8AE2E048FCA: readLock RELEASED 0 by SegmentedRaftLogCache$LogSegmentList.getTotalCacheSize
2022-07-14 02:38:07,417 [s0-client-thread1] DEBUG segmented.SegmentedRaftLogWorker (SegmentedRaftLogWorker.java:addIOTask(270)) - s0@group-E8AE2E048FCA-SegmentedRaftLogWorker adds IO task WriteLog:135: (t:1, i:135), STATEMACHINELOGENTRY, StateMachineLogEntryProto:395@client-4187B1F4E061
2022-07-14 02:38:07,417 [s0@group-E8AE2E048FCA-SegmentedRaftLogWorker] DEBUG segmented.SegmentedRaftLogWorker (SegmentedRaftLogWorker.java:flushIfNecessary(365)) - s0@group-E8AE2E048FCA-SegmentedRaftLogWorker: flush SegmentedRaftLogOutputStream(/home/runner/work/ratis/ratis/ratis-test/target/test/data/f69c223b/MiniRaftClusterWithSimulatedRpc37250022/s0/24813b6b-21de-410f-95d3-e8ae2e048fca/current/log_inprogress_0)
2022-07-14 02:38:07,417 [s0@group-E8AE2E048FCA-LeaderStateImpl] TRACE segmented.SegmentedRaftLogCache (AutoCloseableReadWriteLock.java:logLocking(65)) - s0@group-E8AE2E048FCA: readLock ACQUIRED 1 by SegmentedRaftLogCache.getStartIndex
2022-07-14 02:38:07,417 [s0@group-E8AE2E048FCA-LeaderStateImpl] TRACE segmented.SegmentedRaftLogCache (AutoCloseableReadWriteLock.java:logLocking(65)) -   s0@group-E8AE2E048FCA: readLock ACQUIRED 2 by SegmentedRaftLogCache$LogSegmentList.isEmpty
2022-07-14 02:38:07,417 [s0@group-E8AE2E048FCA-LeaderStateImpl] TRACE segmented.SegmentedRaftLogCache (AutoCloseableReadWriteLock.java:logLocking(65)) -   s0@group-E8AE2E048FCA: readLock RELEASED 1 by SegmentedRaftLogCache$LogSegmentList.isEmpty
2022-07-14 02:38:07,417 [s0@group-E8AE2E048FCA-LeaderStateImpl] TRACE segmented.SegmentedRaftLogCache (AutoCloseableReadWriteLock.java:logLocking(65)) - s0@group-E8AE2E048FCA: readLock RELEASED 0 by SegmentedRaftLogCache.getStartIndex
2022-07-14 02:38:07,417 [s0@group-E8AE2E048FCA-LeaderStateImpl] TRACE segmented.SegmentedRaftLogCache (AutoCloseableReadWriteLock.java:logLocking(65)) - s0@group-E8AE2E048FCA: readLock ACQUIRED 1 by SegmentedRaftLogCache.getEndIndex
2022-07-14 02:38:07,417 [s0@group-E8AE2E048FCA-LeaderStateImpl] TRACE segmented.SegmentedRaftLogCache (AutoCloseableReadWriteLock.java:logLocking(65)) - s0@group-E8AE2E048FCA: readLock RELEASED 0 by SegmentedRaftLogCache.getEndIndex
2022-07-14 02:38:07,417 [s0@group-E8AE2E048FCA-LeaderStateImpl] TRACE segmented.SegmentedRaftLogCache (AutoCloseableReadWriteLock.java:logLocking(65)) - s0@group-E8AE2E048FCA: readLock ACQUIRED 1 by SegmentedRaftLogCache$LogSegmentList.getTermIndex
2022-07-14 02:38:07,418 [s0@group-E8AE2E048FCA-LeaderStateImpl] TRACE segmented.SegmentedRaftLogCache (AutoCloseableReadWriteLock.java:logLocking(65)) - s0@group-E8AE2E048FCA: readLock RELEASED 0 by SegmentedRaftLogCache$LogSegmentList.getTermIndex
2022-07-14 02:38:07,418 [s0@group-E8AE2E048FCA-LeaderStateImpl] TRACE segmented.SegmentedRaftLogCache (AutoCloseableReadWriteLock.java:logLocking(65)) - s0@group-E8AE2E048FCA: readLock ACQUIRED 1 by SegmentedRaftLogCache.getStartIndex
2022-07-14 02:38:07,418 [s0@group-E8AE2E048FCA-LeaderStateImpl] TRACE segmented.SegmentedRaftLogCache (AutoCloseableReadWriteLock.java:logLocking(65)) -   s0@group-E8AE2E048FCA: readLock ACQUIRED 2 by SegmentedRaftLogCache$LogSegmentList.isEmpty
2022-07-14 02:38:07,418 [s0@group-E8AE2E048FCA-LeaderStateImpl] TRACE segmented.SegmentedRaftLogCache (AutoCloseableReadWriteLock.java:logLocking(65)) -   s0@group-E8AE2E048FCA: readLock RELEASED 1 by SegmentedRaftLogCache$LogSegmentList.isEmpty
2022-07-14 02:38:07,418 [s0@group-E8AE2E048FCA-LeaderStateImpl] TRACE segmented.SegmentedRaftLogCache (AutoCloseableReadWriteLock.java:logLocking(65)) - s0@group-E8AE2E048FCA: readLock RELEASED 0 by SegmentedRaftLogCache.getStartIndex
2022-07-14 02:38:07,418 [s0@group-E8AE2E048FCA-LeaderStateImpl] TRACE segmented.SegmentedRaftLogCache (AutoCloseableReadWriteLock.java:logLocking(65)) - s0@group-E8AE2E048FCA: readLock ACQUIRED 1 by SegmentedRaftLogCache.getEndIndex
2022-07-14 02:38:07,418 [s0@group-E8AE2E048FCA-LeaderStateImpl] TRACE segmented.SegmentedRaftLogCache (AutoCloseableReadWriteLock.java:logLocking(65)) - s0@group-E8AE2E048FCA: readLock RELEASED 0 by SegmentedRaftLogCache.getEndIndex
2022-07-14 02:38:07,418 [s0@group-E8AE2E048FCA-LeaderStateImpl] TRACE segmented.SegmentedRaftLogCache (AutoCloseableReadWriteLock.java:logLocking(65)) - s0@group-E8AE2E048FCA: readLock ACQUIRED 1 by SegmentedRaftLogCache$LogSegmentList.getTermIndex
2022-07-14 02:38:07,419 [s0@group-E8AE2E048FCA-LeaderStateImpl] TRACE segmented.SegmentedRaftLogCache (AutoCloseableReadWriteLock.java:logLocking(65)) - s0@group-E8AE2E048FCA: readLock RELEASED 0 by SegmentedRaftLogCache$LogSegmentList.getTermIndex
2022-07-14 02:38:07,419 [s0@group-E8AE2E048FCA-LeaderStateImpl] TRACE segmented.SegmentedRaftLogCache (AutoCloseableReadWriteLock.java:logLocking(65)) - s0@group-E8AE2E048FCA: readLock ACQUIRED 1 by SegmentedRaftLogCache.getLastTermIndex
2022-07-14 02:38:07,419 [s0@group-E8AE2E048FCA-LeaderStateImpl] TRACE segmented.SegmentedRaftLogCache (AutoCloseableReadWriteLock.java:logLocking(65)) - s0@group-E8AE2E048FCA: readLock RELEASED 0 by SegmentedRaftLogCache.getLastTermIndex
2022-07-14 02:38:07,419 [s0@group-E8AE2E048FCA-LeaderStateImpl] TRACE segmented.SegmentedRaftLogCache (AutoCloseableReadWriteLock.java:logLocking(65)) - s0@group-E8AE2E048FCA: readLock ACQUIRED 1 by SegmentedRaftLogCache$LogSegmentList.countCached
2022-07-14 02:38:07,419 [s0@group-E8AE2E048FCA-LeaderStateImpl] TRACE segmented.SegmentedRaftLogCache (AutoCloseableReadWriteLock.java:logLocking(65)) - s0@group-E8AE2E048FCA: readLock RELEASED 0 by SegmentedRaftLogCache$LogSegmentList.countCached
2022-07-14 02:38:07,419 [s0@group-E8AE2E048FCA-LeaderStateImpl] TRACE segmented.SegmentedRaftLogCache (AutoCloseableReadWriteLock.java:logLocking(65)) - s0@group-E8AE2E048FCA: readLock ACQUIRED 1 by SegmentedRaftLogCache$LogSegmentList.getTotalCacheSize
2022-07-14 02:38:07,419 [s0@group-E8AE2E048FCA-LeaderStateImpl] TRACE segmented.SegmentedRaftLogCache (AutoCloseableReadWriteLock.java:logLocking(65)) - s0@group-E8AE2E048FCA: readLock RELEASED 0 by SegmentedRaftLogCache$LogSegmentList.getTotalCacheSize
2022-07-14 02:38:07,419 [s0@group-E8AE2E048FCA-LeaderStateImpl] DEBUG segmented.SegmentedRaftLogWorker (SegmentedRaftLogWorker.java:addIOTask(270)) - s0@group-E8AE2E048FCA-SegmentedRaftLogWorker adds IO task WriteLog:136: (t:1, i:136), METADATAENTRY(c:135)
2022-07-14 02:38:07,419 [s0@group-E8AE2E048FCA-SegmentedRaftLogWorker] DEBUG segmented.SegmentedRaftLogWorker (SegmentedRaftLogWorker.java:flushIfNecessary(365)) - s0@group-E8AE2E048FCA-SegmentedRaftLogWorker: flush SegmentedRaftLogOutputStream(/home/runner/work/ratis/ratis/ratis-test/target/test/data/f69c223b/MiniRaftClusterWithSimulatedRpc37250022/s0/24813b6b-21de-410f-95d3-e8ae2e048fca/current/log_inprogress_0)
2022-07-14 02:38:07,419 [s0@group-E8AE2E048FCA-StateMachineUpdater] INFO  statemachine.SimpleStateMachine4Testing (SimpleStateMachine4Testing.java:put(204)) - s0: put 135, m67 -> (t:1, i:135), STATEMACHINELOGENTRY, 395@client-4187B1F4E061
2022-07-14 02:38:07,420 [s0@group-E8AE2E048FCA-LeaderStateImpl] TRACE segmented.SegmentedRaftLogCache (AutoCloseableReadWriteLock.java:logLocking(65)) - s0@group-E8AE2E048FCA: readLock ACQUIRED 1 by SegmentedRaftLogCache.getStartIndex
2022-07-14 02:38:07,420 [s0@group-E8AE2E048FCA-LeaderStateImpl] TRACE segmented.SegmentedRaftLogCache (AutoCloseableReadWriteLock.java:logLocking(65)) -   s0@group-E8AE2E048FCA: readLock ACQUIRED 2 by SegmentedRaftLogCache$LogSegmentList.isEmpty
2022-07-14 02:38:07,420 [s0@group-E8AE2E048FCA-LeaderStateImpl] TRACE segmented.SegmentedRaftLogCache (AutoCloseableReadWriteLock.java:logLocking(65)) -   s0@group-E8AE2E048FCA: readLock RELEASED 1 by SegmentedRaftLogCache$LogSegmentList.isEmpty
2022-07-14 02:38:07,420 [s0@group-E8AE2E048FCA-LeaderStateImpl] TRACE segmented.SegmentedRaftLogCache (AutoCloseableReadWriteLock.java:logLocking(65)) - s0@group-E8AE2E048FCA: readLock RELEASED 0 by SegmentedRaftLogCache.getStartIndex
2022-07-14 02:38:07,420 [s0@group-E8AE2E048FCA-LeaderStateImpl] TRACE segmented.SegmentedRaftLogCache (AutoCloseableReadWriteLock.java:logLocking(65)) - s0@group-E8AE2E048FCA: readLock ACQUIRED 1 by SegmentedRaftLogCache.getEndIndex
2022-07-14 02:38:07,420 [s0@group-E8AE2E048FCA-LeaderStateImpl] TRACE segmented.SegmentedRaftLogCache (AutoCloseableReadWriteLock.java:logLocking(65)) - s0@group-E8AE2E048FCA: readLock RELEASED 0 by SegmentedRaftLogCache.getEndIndex
2022-07-14 02:38:07,420 [s0@group-E8AE2E048FCA-LeaderStateImpl] TRACE segmented.SegmentedRaftLogCache (AutoCloseableReadWriteLock.java:logLocking(65)) - s0@group-E8AE2E048FCA: readLock ACQUIRED 1 by SegmentedRaftLogCache$LogSegmentList.getTermIndex
2022-07-14 02:38:07,420 [s0@group-E8AE2E048FCA-LeaderStateImpl] TRACE segmented.SegmentedRaftLogCache (AutoCloseableReadWriteLock.java:logLocking(65)) - s0@group-E8AE2E048FCA: readLock RELEASED 0 by SegmentedRaftLogCache$LogSegmentList.getTermIndex
2022-07-14 02:38:07,420 [s0-client-thread1] TRACE segmented.SegmentedRaftLogCache (AutoCloseableReadWriteLock.java:logLocking(65)) - s0@group-E8AE2E048FCA: readLock ACQUIRED 1 by SegmentedRaftLogCache.getLastTermIndex
2022-07-14 02:38:07,420 [s0-client-thread1] TRACE segmented.SegmentedRaftLogCache (AutoCloseableReadWriteLock.java:logLocking(65)) - s0@group-E8AE2E048FCA: readLock RELEASED 0 by SegmentedRaftLogCache.getLastTermIndex
2022-07-14 02:38:07,420 [s0-client-thread1] TRACE segmented.SegmentedRaftLogCache (AutoCloseableReadWriteLock.java:logLocking(65)) - s0@group-E8AE2E048FCA: readLock ACQUIRED 1 by SegmentedRaftLogCache.getLastTermIndex
2022-07-14 02:38:07,420 [s0-client-thread1] TRACE segmented.SegmentedRaftLogCache (AutoCloseableReadWriteLock.java:logLocking(65)) - s0@group-E8AE2E048FCA: readLock RELEASED 0 by SegmentedRaftLogCache.getLastTermIndex
2022-07-14 02:38:07,420 [s0-client-thread1] TRACE segmented.SegmentedRaftLogCache (AutoCloseableReadWriteLock.java:logLocking(65)) - s0@group-E8AE2E048FCA: readLock ACQUIRED 1 by SegmentedRaftLogCache$LogSegmentList.countCached
2022-07-14 02:38:07,420 [s0-client-thread1] TRACE segmented.SegmentedRaftLogCache (AutoCloseableReadWriteLock.java:logLocking(65)) - s0@group-E8AE2E048FCA: readLock RELEASED 0 by SegmentedRaftLogCache$LogSegmentList.countCached
2022-07-14 02:38:07,420 [s0-client-thread1] TRACE segmented.SegmentedRaftLogCache (AutoCloseableReadWriteLock.java:logLocking(65)) - s0@group-E8AE2E048FCA: readLock ACQUIRED 1 by SegmentedRaftLogCache$LogSegmentList.getTotalCacheSize
2022-07-14 02:38:07,421 [s0-client-thread1] TRACE segmented.SegmentedRaftLogCache (AutoCloseableReadWriteLock.java:logLocking(65)) - s0@group-E8AE2E048FCA: readLock RELEASED 0 by SegmentedRaftLogCache$LogSegmentList.getTotalCacheSize
2022-07-14 02:38:07,421 [s0-client-thread1] DEBUG segmented.SegmentedRaftLogWorker (SegmentedRaftLogWorker.java:addIOTask(270)) - s0@group-E8AE2E048FCA-SegmentedRaftLogWorker adds IO task WriteLog:137: (t:1, i:137), STATEMACHINELOGENTRY, StateMachineLogEntryProto:396@client-4187B1F4E061
2022-07-14 02:38:07,421 [s0@group-E8AE2E048FCA-SegmentedRaftLogWorker] DEBUG segmented.SegmentedRaftLogWorker (SegmentedRaftLogWorker.java:flushIfNecessary(365)) - s0@group-E8AE2E048FCA-SegmentedRaftLogWorker: flush SegmentedRaftLogOutputStream(/home/runner/work/ratis/ratis/ratis-test/target/test/data/f69c223b/MiniRaftClusterWithSimulatedRpc37250022/s0/24813b6b-21de-410f-95d3-e8ae2e048fca/current/log_inprogress_0)
2022-07-14 02:38:07,421 [s0@group-E8AE2E048FCA-LeaderStateImpl] TRACE segmented.SegmentedRaftLogCache (AutoCloseableReadWriteLock.java:logLocking(65)) - s0@group-E8AE2E048FCA: readLock ACQUIRED 1 by SegmentedRaftLogCache.getStartIndex
2022-07-14 02:38:07,421 [s0@group-E8AE2E048FCA-LeaderStateImpl] TRACE segmented.SegmentedRaftLogCache (AutoCloseableReadWriteLock.java:logLocking(65)) -   s0@group-E8AE2E048FCA: readLock ACQUIRED 2 by SegmentedRaftLogCache$LogSegmentList.isEmpty
2022-07-14 02:38:07,421 [s0@group-E8AE2E048FCA-LeaderStateImpl] TRACE segmented.SegmentedRaftLogCache (AutoCloseableReadWriteLock.java:logLocking(65)) -   s0@group-E8AE2E048FCA: readLock RELEASED 1 by SegmentedRaftLogCache$LogSegmentList.isEmpty
2022-07-14 02:38:07,421 [s0@group-E8AE2E048FCA-LeaderStateImpl] TRACE segmented.SegmentedRaftLogCache (AutoCloseableReadWriteLock.java:logLocking(65)) - s0@group-E8AE2E048FCA: readLock RELEASED 0 by SegmentedRaftLogCache.getStartIndex
2022-07-14 02:38:07,422 [s0@group-E8AE2E048FCA-LeaderStateImpl] TRACE segmented.SegmentedRaftLogCache (AutoCloseableReadWriteLock.java:logLocking(65)) - s0@group-E8AE2E048FCA: readLock ACQUIRED 1 by SegmentedRaftLogCache.getEndIndex
2022-07-14 02:38:07,422 [s0@group-E8AE2E048FCA-LeaderStateImpl] TRACE segmented.SegmentedRaftLogCache (AutoCloseableReadWriteLock.java:logLocking(65)) - s0@group-E8AE2E048FCA: readLock RELEASED 0 by SegmentedRaftLogCache.getEndIndex
2022-07-14 02:38:07,422 [s0@group-E8AE2E048FCA-LeaderStateImpl] TRACE segmented.SegmentedRaftLogCache (AutoCloseableReadWriteLock.java:logLocking(65)) - s0@group-E8AE2E048FCA: readLock ACQUIRED 1 by SegmentedRaftLogCache$LogSegmentList.getTermIndex
2022-07-14 02:38:07,422 [s0@group-E8AE2E048FCA-LeaderStateImpl] TRACE segmented.SegmentedRaftLogCache (AutoCloseableReadWriteLock.java:logLocking(65)) - s0@group-E8AE2E048FCA: readLock RELEASED 0 by SegmentedRaftLogCache$LogSegmentList.getTermIndex
2022-07-14 02:38:07,422 [s0@group-E8AE2E048FCA-LeaderStateImpl] TRACE segmented.SegmentedRaftLogCache (AutoCloseableReadWriteLock.java:logLocking(65)) - s0@group-E8AE2E048FCA: readLock ACQUIRED 1 by SegmentedRaftLogCache.getLastTermIndex
2022-07-14 02:38:07,422 [s0@group-E8AE2E048FCA-LeaderStateImpl] TRACE segmented.SegmentedRaftLogCache (AutoCloseableReadWriteLock.java:logLocking(65)) - s0@group-E8AE2E048FCA: readLock RELEASED 0 by SegmentedRaftLogCache.getLastTermIndex
2022-07-14 02:38:07,422 [s0@group-E8AE2E048FCA-LeaderStateImpl] TRACE segmented.SegmentedRaftLogCache (AutoCloseableReadWriteLock.java:logLocking(65)) - s0@group-E8AE2E048FCA: readLock ACQUIRED 1 by SegmentedRaftLogCache$LogSegmentList.countCached
2022-07-14 02:38:07,422 [s0@group-E8AE2E048FCA-LeaderStateImpl] TRACE segmented.SegmentedRaftLogCache (AutoCloseableReadWriteLock.java:logLocking(65)) - s0@group-E8AE2E048FCA: readLock RELEASED 0 by SegmentedRaftLogCache$LogSegmentList.countCached
2022-07-14 02:38:07,422 [s0@group-E8AE2E048FCA-LeaderStateImpl] TRACE segmented.SegmentedRaftLogCache (AutoCloseableReadWriteLock.java:logLocking(65)) - s0@group-E8AE2E048FCA: readLock ACQUIRED 1 by SegmentedRaftLogCache$LogSegmentList.getTotalCacheSize
2022-07-14 02:38:07,422 [s0@group-E8AE2E048FCA-LeaderStateImpl] TRACE segmented.SegmentedRaftLogCache (AutoCloseableReadWriteLock.java:logLocking(65)) - s0@group-E8AE2E048FCA: readLock RELEASED 0 by SegmentedRaftLogCache$LogSegmentList.getTotalCacheSize
2022-07-14 02:38:07,422 [s0@group-E8AE2E048FCA-LeaderStateImpl] DEBUG segmented.SegmentedRaftLogWorker (SegmentedRaftLogWorker.java:addIOTask(270)) - s0@group-E8AE2E048FCA-SegmentedRaftLogWorker adds IO task WriteLog:138: (t:1, i:138), METADATAENTRY(c:137)
2022-07-14 02:38:07,422 [s0@group-E8AE2E048FCA-SegmentedRaftLogWorker] DEBUG segmented.SegmentedRaftLogWorker (SegmentedRaftLogWorker.java:flushIfNecessary(365)) - s0@group-E8AE2E048FCA-SegmentedRaftLogWorker: flush SegmentedRaftLogOutputStream(/home/runner/work/ratis/ratis/ratis-test/target/test/data/f69c223b/MiniRaftClusterWithSimulatedRpc37250022/s0/24813b6b-21de-410f-95d3-e8ae2e048fca/current/log_inprogress_0)
2022-07-14 02:38:07,422 [s0@group-E8AE2E048FCA-StateMachineUpdater] INFO  statemachine.SimpleStateMachine4Testing (SimpleStateMachine4Testing.java:put(204)) - s0: put 137, m68 -> (t:1, i:137), STATEMACHINELOGENTRY, 396@client-4187B1F4E061
2022-07-14 02:38:07,423 [s0-client-thread1] TRACE segmented.SegmentedRaftLogCache (AutoCloseableReadWriteLock.java:logLocking(65)) - s0@group-E8AE2E048FCA: readLock ACQUIRED 1 by SegmentedRaftLogCache.getLastTermIndex
2022-07-14 02:38:07,423 [s0-client-thread1] TRACE segmented.SegmentedRaftLogCache (AutoCloseableReadWriteLock.java:logLocking(65)) - s0@group-E8AE2E048FCA: readLock RELEASED 0 by SegmentedRaftLogCache.getLastTermIndex
2022-07-14 02:38:07,423 [s0-client-thread1] TRACE segmented.SegmentedRaftLogCache (AutoCloseableReadWriteLock.java:logLocking(65)) - s0@group-E8AE2E048FCA: readLock ACQUIRED 1 by SegmentedRaftLogCache.getLastTermIndex
2022-07-14 02:38:07,423 [s0-client-thread1] TRACE segmented.SegmentedRaftLogCache (AutoCloseableReadWriteLock.java:logLocking(65)) - s0@group-E8AE2E048FCA: readLock RELEASED 0 by SegmentedRaftLogCache.getLastTermIndex
2022-07-14 02:38:07,423 [s0-client-thread1] TRACE segmented.SegmentedRaftLogCache (AutoCloseableReadWriteLock.java:logLocking(65)) - s0@group-E8AE2E048FCA: readLock ACQUIRED 1 by SegmentedRaftLogCache$LogSegmentList.countCached
2022-07-14 02:38:07,423 [s0-client-thread1] TRACE segmented.SegmentedRaftLogCache (AutoCloseableReadWriteLock.java:logLocking(65)) - s0@group-E8AE2E048FCA: readLock RELEASED 0 by SegmentedRaftLogCache$LogSegmentList.countCached
2022-07-14 02:38:07,423 [s0-client-thread1] TRACE segmented.SegmentedRaftLogCache (AutoCloseableReadWriteLock.java:logLocking(65)) - s0@group-E8AE2E048FCA: readLock ACQUIRED 1 by SegmentedRaftLogCache$LogSegmentList.getTotalCacheSize
2022-07-14 02:38:07,423 [s0-client-thread1] TRACE segmented.SegmentedRaftLogCache (AutoCloseableReadWriteLock.java:logLocking(65)) - s0@group-E8AE2E048FCA: readLock RELEASED 0 by SegmentedRaftLogCache$LogSegmentList.getTotalCacheSize
2022-07-14 02:38:07,423 [s0-client-thread1] DEBUG segmented.SegmentedRaftLogWorker (SegmentedRaftLogWorker.java:addIOTask(270)) - s0@group-E8AE2E048FCA-SegmentedRaftLogWorker adds IO task WriteLog:139: (t:1, i:139), STATEMACHINELOGENTRY, StateMachineLogEntryProto:397@client-4187B1F4E061
2022-07-14 02:38:07,424 [s0@group-E8AE2E048FCA-SegmentedRaftLogWorker] DEBUG segmented.SegmentedRaftLogWorker (SegmentedRaftLogWorker.java:flushIfNecessary(365)) - s0@group-E8AE2E048FCA-SegmentedRaftLogWorker: flush SegmentedRaftLogOutputStream(/home/runner/work/ratis/ratis/ratis-test/target/test/data/f69c223b/MiniRaftClusterWithSimulatedRpc37250022/s0/24813b6b-21de-410f-95d3-e8ae2e048fca/current/log_inprogress_0)
2022-07-14 02:38:07,424 [s0@group-E8AE2E048FCA-LeaderStateImpl] TRACE segmented.SegmentedRaftLogCache (AutoCloseableReadWriteLock.java:logLocking(65)) - s0@group-E8AE2E048FCA: readLock ACQUIRED 1 by SegmentedRaftLogCache.getStartIndex
2022-07-14 02:38:07,424 [s0@group-E8AE2E048FCA-LeaderStateImpl] TRACE segmented.SegmentedRaftLogCache (AutoCloseableReadWriteLock.java:logLocking(65)) -   s0@group-E8AE2E048FCA: readLock ACQUIRED 2 by SegmentedRaftLogCache$LogSegmentList.isEmpty
2022-07-14 02:38:07,424 [s0@group-E8AE2E048FCA-LeaderStateImpl] TRACE segmented.SegmentedRaftLogCache (AutoCloseableReadWriteLock.java:logLocking(65)) -   s0@group-E8AE2E048FCA: readLock RELEASED 1 by SegmentedRaftLogCache$LogSegmentList.isEmpty
2022-07-14 02:38:07,424 [s0@group-E8AE2E048FCA-LeaderStateImpl] TRACE segmented.SegmentedRaftLogCache (AutoCloseableReadWriteLock.java:logLocking(65)) - s0@group-E8AE2E048FCA: readLock RELEASED 0 by SegmentedRaftLogCache.getStartIndex
2022-07-14 02:38:07,424 [s0@group-E8AE2E048FCA-LeaderStateImpl] TRACE segmented.SegmentedRaftLogCache (AutoCloseableReadWriteLock.java:logLocking(65)) - s0@group-E8AE2E048FCA: readLock ACQUIRED 1 by SegmentedRaftLogCache.getEndIndex
2022-07-14 02:38:07,424 [s0@group-E8AE2E048FCA-LeaderStateImpl] TRACE segmented.SegmentedRaftLogCache (AutoCloseableReadWriteLock.java:logLocking(65)) - s0@group-E8AE2E048FCA: readLock RELEASED 0 by SegmentedRaftLogCache.getEndIndex
2022-07-14 02:38:07,424 [s0@group-E8AE2E048FCA-LeaderStateImpl] TRACE segmented.SegmentedRaftLogCache (AutoCloseableReadWriteLock.java:logLocking(65)) - s0@group-E8AE2E048FCA: readLock ACQUIRED 1 by SegmentedRaftLogCache$LogSegmentList.getTermIndex
2022-07-14 02:38:07,424 [s0@group-E8AE2E048FCA-LeaderStateImpl] TRACE segmented.SegmentedRaftLogCache (AutoCloseableReadWriteLock.java:logLocking(65)) - s0@group-E8AE2E048FCA: readLock RELEASED 0 by SegmentedRaftLogCache$LogSegmentList.getTermIndex
2022-07-14 02:38:07,424 [s0@group-E8AE2E048FCA-LeaderStateImpl] TRACE segmented.SegmentedRaftLogCache (AutoCloseableReadWriteLock.java:logLocking(65)) - s0@group-E8AE2E048FCA: readLock ACQUIRED 1 by SegmentedRaftLogCache.getStartIndex
2022-07-14 02:38:07,424 [s0@group-E8AE2E048FCA-LeaderStateImpl] TRACE segmented.SegmentedRaftLogCache (AutoCloseableReadWriteLock.java:logLocking(65)) -   s0@group-E8AE2E048FCA: readLock ACQUIRED 2 by SegmentedRaftLogCache$LogSegmentList.isEmpty
2022-07-14 02:38:07,424 [s0@group-E8AE2E048FCA-LeaderStateImpl] TRACE segmented.SegmentedRaftLogCache (AutoCloseableReadWriteLock.java:logLocking(65)) -   s0@group-E8AE2E048FCA: readLock RELEASED 1 by SegmentedRaftLogCache$LogSegmentList.isEmpty
2022-07-14 02:38:07,424 [s0@group-E8AE2E048FCA-LeaderStateImpl] TRACE segmented.SegmentedRaftLogCache (AutoCloseableReadWriteLock.java:logLocking(65)) - s0@group-E8AE2E048FCA: readLock RELEASED 0 by SegmentedRaftLogCache.getStartIndex
2022-07-14 02:38:07,425 [s0@group-E8AE2E048FCA-LeaderStateImpl] TRACE segmented.SegmentedRaftLogCache (AutoCloseableReadWriteLock.java:logLocking(65)) - s0@group-E8AE2E048FCA: readLock ACQUIRED 1 by SegmentedRaftLogCache.getEndIndex
2022-07-14 02:38:07,425 [s0@group-E8AE2E048FCA-LeaderStateImpl] TRACE segmented.SegmentedRaftLogCache (AutoCloseableReadWriteLock.java:logLocking(65)) - s0@group-E8AE2E048FCA: readLock RELEASED 0 by SegmentedRaftLogCache.getEndIndex
2022-07-14 02:38:07,425 [s0@group-E8AE2E048FCA-LeaderStateImpl] TRACE segmented.SegmentedRaftLogCache (AutoCloseableReadWriteLock.java:logLocking(65)) - s0@group-E8AE2E048FCA: readLock ACQUIRED 1 by SegmentedRaftLogCache$LogSegmentList.getTermIndex
2022-07-14 02:38:07,425 [s0@group-E8AE2E048FCA-LeaderStateImpl] TRACE segmented.SegmentedRaftLogCache (AutoCloseableReadWriteLock.java:logLocking(65)) - s0@group-E8AE2E048FCA: readLock RELEASED 0 by SegmentedRaftLogCache$LogSegmentList.getTermIndex
2022-07-14 02:38:07,425 [s0@group-E8AE2E048FCA-LeaderStateImpl] TRACE segmented.SegmentedRaftLogCache (AutoCloseableReadWriteLock.java:logLocking(65)) - s0@group-E8AE2E048FCA: readLock ACQUIRED 1 by SegmentedRaftLogCache.getLastTermIndex
2022-07-14 02:38:07,425 [s0@group-E8AE2E048FCA-LeaderStateImpl] TRACE segmented.SegmentedRaftLogCache (AutoCloseableReadWriteLock.java:logLocking(65)) - s0@group-E8AE2E048FCA: readLock RELEASED 0 by SegmentedRaftLogCache.getLastTermIndex
2022-07-14 02:38:07,425 [s0@group-E8AE2E048FCA-LeaderStateImpl] TRACE segmented.SegmentedRaftLogCache (AutoCloseableReadWriteLock.java:logLocking(65)) - s0@group-E8AE2E048FCA: readLock ACQUIRED 1 by SegmentedRaftLogCache$LogSegmentList.countCached
2022-07-14 02:38:07,425 [s0@group-E8AE2E048FCA-LeaderStateImpl] TRACE segmented.SegmentedRaftLogCache (AutoCloseableReadWriteLock.java:logLocking(65)) - s0@group-E8AE2E048FCA: readLock RELEASED 0 by SegmentedRaftLogCache$LogSegmentList.countCached
2022-07-14 02:38:07,425 [s0@group-E8AE2E048FCA-LeaderStateImpl] TRACE segmented.SegmentedRaftLogCache (AutoCloseableReadWriteLock.java:logLocking(65)) - s0@group-E8AE2E048FCA: readLock ACQUIRED 1 by SegmentedRaftLogCache$LogSegmentList.getTotalCacheSize
2022-07-14 02:38:07,425 [s0@group-E8AE2E048FCA-LeaderStateImpl] TRACE segmented.SegmentedRaftLogCache (AutoCloseableReadWriteLock.java:logLocking(65)) - s0@group-E8AE2E048FCA: readLock RELEASED 0 by SegmentedRaftLogCache$LogSegmentList.getTotalCacheSize
2022-07-14 02:38:07,425 [s0@group-E8AE2E048FCA-LeaderStateImpl] DEBUG segmented.SegmentedRaftLogWorker (SegmentedRaftLogWorker.java:addIOTask(270)) - s0@group-E8AE2E048FCA-SegmentedRaftLogWorker adds IO task WriteLog:140: (t:1, i:140), METADATAENTRY(c:139)
2022-07-14 02:38:07,426 [s0@group-E8AE2E048FCA-SegmentedRaftLogWorker] DEBUG segmented.SegmentedRaftLogWorker (SegmentedRaftLogWorker.java:flushIfNecessary(365)) - s0@group-E8AE2E048FCA-SegmentedRaftLogWorker: flush SegmentedRaftLogOutputStream(/home/runner/work/ratis/ratis/ratis-test/target/test/data/f69c223b/MiniRaftClusterWithSimulatedRpc37250022/s0/24813b6b-21de-410f-95d3-e8ae2e048fca/current/log_inprogress_0)
2022-07-14 02:38:07,426 [s0@group-E8AE2E048FCA-StateMachineUpdater] INFO  statemachine.SimpleStateMachine4Testing (SimpleStateMachine4Testing.java:put(204)) - s0: put 139, m69 -> (t:1, i:139), STATEMACHINELOGENTRY, 397@client-4187B1F4E061
2022-07-14 02:38:07,426 [s0-client-thread1] TRACE segmented.SegmentedRaftLogCache (AutoCloseableReadWriteLock.java:logLocking(65)) - s0@group-E8AE2E048FCA: readLock ACQUIRED 1 by SegmentedRaftLogCache.getLastTermIndex
2022-07-14 02:38:07,426 [s0-client-thread1] TRACE segmented.SegmentedRaftLogCache (AutoCloseableReadWriteLock.java:logLocking(65)) - s0@group-E8AE2E048FCA: readLock RELEASED 0 by SegmentedRaftLogCache.getLastTermIndex
2022-07-14 02:38:07,426 [s0-client-thread1] TRACE segmented.SegmentedRaftLogCache (AutoCloseableReadWriteLock.java:logLocking(65)) - s0@group-E8AE2E048FCA: readLock ACQUIRED 1 by SegmentedRaftLogCache.getLastTermIndex
2022-07-14 02:38:07,426 [s0-client-thread1] TRACE segmented.SegmentedRaftLogCache (AutoCloseableReadWriteLock.java:logLocking(65)) - s0@group-E8AE2E048FCA: readLock RELEASED 0 by SegmentedRaftLogCache.getLastTermIndex
2022-07-14 02:38:07,426 [s0-client-thread1] TRACE segmented.SegmentedRaftLogCache (AutoCloseableReadWriteLock.java:logLocking(65)) - s0@group-E8AE2E048FCA: readLock ACQUIRED 1 by SegmentedRaftLogCache$LogSegmentList.countCached
2022-07-14 02:38:07,426 [s0-client-thread1] TRACE segmented.SegmentedRaftLogCache (AutoCloseableReadWriteLock.java:logLocking(65)) - s0@group-E8AE2E048FCA: readLock RELEASED 0 by SegmentedRaftLogCache$LogSegmentList.countCached
2022-07-14 02:38:07,426 [s0-client-thread1] TRACE segmented.SegmentedRaftLogCache (AutoCloseableReadWriteLock.java:logLocking(65)) - s0@group-E8AE2E048FCA: readLock ACQUIRED 1 by SegmentedRaftLogCache$LogSegmentList.getTotalCacheSize
2022-07-14 02:38:07,426 [s0-client-thread1] TRACE segmented.SegmentedRaftLogCache (AutoCloseableReadWriteLock.java:logLocking(65)) - s0@group-E8AE2E048FCA: readLock RELEASED 0 by SegmentedRaftLogCache$LogSegmentList.getTotalCacheSize
2022-07-14 02:38:07,427 [s0-client-thread1] DEBUG segmented.SegmentedRaftLogWorker (SegmentedRaftLogWorker.java:addIOTask(270)) - s0@group-E8AE2E048FCA-SegmentedRaftLogWorker adds IO task WriteLog:141: (t:1, i:141), STATEMACHINELOGENTRY, StateMachineLogEntryProto:398@client-4187B1F4E061
2022-07-14 02:38:07,427 [s0@group-E8AE2E048FCA-SegmentedRaftLogWorker] DEBUG segmented.SegmentedRaftLogWorker (SegmentedRaftLogWorker.java:flushIfNecessary(365)) - s0@group-E8AE2E048FCA-SegmentedRaftLogWorker: flush SegmentedRaftLogOutputStream(/home/runner/work/ratis/ratis/ratis-test/target/test/data/f69c223b/MiniRaftClusterWithSimulatedRpc37250022/s0/24813b6b-21de-410f-95d3-e8ae2e048fca/current/log_inprogress_0)
2022-07-14 02:38:07,427 [s0@group-E8AE2E048FCA-LeaderStateImpl] TRACE segmented.SegmentedRaftLogCache (AutoCloseableReadWriteLock.java:logLocking(65)) - s0@group-E8AE2E048FCA: readLock ACQUIRED 1 by SegmentedRaftLogCache.getStartIndex
2022-07-14 02:38:07,427 [s0@group-E8AE2E048FCA-LeaderStateImpl] TRACE segmented.SegmentedRaftLogCache (AutoCloseableReadWriteLock.java:logLocking(65)) -   s0@group-E8AE2E048FCA: readLock ACQUIRED 2 by SegmentedRaftLogCache$LogSegmentList.isEmpty
2022-07-14 02:38:07,427 [s0@group-E8AE2E048FCA-LeaderStateImpl] TRACE segmented.SegmentedRaftLogCache (AutoCloseableReadWriteLock.java:logLocking(65)) -   s0@group-E8AE2E048FCA: readLock RELEASED 1 by SegmentedRaftLogCache$LogSegmentList.isEmpty
2022-07-14 02:38:07,427 [s0@group-E8AE2E048FCA-LeaderStateImpl] TRACE segmented.SegmentedRaftLogCache (AutoCloseableReadWriteLock.java:logLocking(65)) - s0@group-E8AE2E048FCA: readLock RELEASED 0 by SegmentedRaftLogCache.getStartIndex
2022-07-14 02:38:07,427 [s0@group-E8AE2E048FCA-LeaderStateImpl] TRACE segmented.SegmentedRaftLogCache (AutoCloseableReadWriteLock.java:logLocking(65)) - s0@group-E8AE2E048FCA: readLock ACQUIRED 1 by SegmentedRaftLogCache.getEndIndex
2022-07-14 02:38:07,427 [s0@group-E8AE2E048FCA-LeaderStateImpl] TRACE segmented.SegmentedRaftLogCache (AutoCloseableReadWriteLock.java:logLocking(65)) - s0@group-E8AE2E048FCA: readLock RELEASED 0 by SegmentedRaftLogCache.getEndIndex
2022-07-14 02:38:07,427 [s0@group-E8AE2E048FCA-LeaderStateImpl] TRACE segmented.SegmentedRaftLogCache (AutoCloseableReadWriteLock.java:logLocking(65)) - s0@group-E8AE2E048FCA: readLock ACQUIRED 1 by SegmentedRaftLogCache$LogSegmentList.getTermIndex
2022-07-14 02:38:07,427 [s0@group-E8AE2E048FCA-LeaderStateImpl] TRACE segmented.SegmentedRaftLogCache (AutoCloseableReadWriteLock.java:logLocking(65)) - s0@group-E8AE2E048FCA: readLock RELEASED 0 by SegmentedRaftLogCache$LogSegmentList.getTermIndex
2022-07-14 02:38:07,427 [s0@group-E8AE2E048FCA-LeaderStateImpl] TRACE segmented.SegmentedRaftLogCache (AutoCloseableReadWriteLock.java:logLocking(65)) - s0@group-E8AE2E048FCA: readLock ACQUIRED 1 by SegmentedRaftLogCache.getStartIndex
2022-07-14 02:38:07,428 [s0@group-E8AE2E048FCA-LeaderStateImpl] TRACE segmented.SegmentedRaftLogCache (AutoCloseableReadWriteLock.java:logLocking(65)) -   s0@group-E8AE2E048FCA: readLock ACQUIRED 2 by SegmentedRaftLogCache$LogSegmentList.isEmpty
2022-07-14 02:38:07,428 [s0@group-E8AE2E048FCA-LeaderStateImpl] TRACE segmented.SegmentedRaftLogCache (AutoCloseableReadWriteLock.java:logLocking(65)) -   s0@group-E8AE2E048FCA: readLock RELEASED 1 by SegmentedRaftLogCache$LogSegmentList.isEmpty
2022-07-14 02:38:07,428 [s0@group-E8AE2E048FCA-LeaderStateImpl] TRACE segmented.SegmentedRaftLogCache (AutoCloseableReadWriteLock.java:logLocking(65)) - s0@group-E8AE2E048FCA: readLock RELEASED 0 by SegmentedRaftLogCache.getStartIndex
2022-07-14 02:38:07,428 [s0@group-E8AE2E048FCA-LeaderStateImpl] TRACE segmented.SegmentedRaftLogCache (AutoCloseableReadWriteLock.java:logLocking(65)) - s0@group-E8AE2E048FCA: readLock ACQUIRED 1 by SegmentedRaftLogCache.getEndIndex
2022-07-14 02:38:07,428 [s0@group-E8AE2E048FCA-LeaderStateImpl] TRACE segmented.SegmentedRaftLogCache (AutoCloseableReadWriteLock.java:logLocking(65)) - s0@group-E8AE2E048FCA: readLock RELEASED 0 by SegmentedRaftLogCache.getEndIndex
2022-07-14 02:38:07,428 [s0@group-E8AE2E048FCA-LeaderStateImpl] TRACE segmented.SegmentedRaftLogCache (AutoCloseableReadWriteLock.java:logLocking(65)) - s0@group-E8AE2E048FCA: readLock ACQUIRED 1 by SegmentedRaftLogCache$LogSegmentList.getTermIndex
2022-07-14 02:38:07,428 [s0@group-E8AE2E048FCA-LeaderStateImpl] TRACE segmented.SegmentedRaftLogCache (AutoCloseableReadWriteLock.java:logLocking(65)) - s0@group-E8AE2E048FCA: readLock RELEASED 0 by SegmentedRaftLogCache$LogSegmentList.getTermIndex
2022-07-14 02:38:07,428 [s0@group-E8AE2E048FCA-LeaderStateImpl] TRACE segmented.SegmentedRaftLogCache (AutoCloseableReadWriteLock.java:logLocking(65)) - s0@group-E8AE2E048FCA: readLock ACQUIRED 1 by SegmentedRaftLogCache.getLastTermIndex
2022-07-14 02:38:07,428 [s0@group-E8AE2E048FCA-LeaderStateImpl] TRACE segmented.SegmentedRaftLogCache (AutoCloseableReadWriteLock.java:logLocking(65)) - s0@group-E8AE2E048FCA: readLock RELEASED 0 by SegmentedRaftLogCache.getLastTermIndex
2022-07-14 02:38:07,428 [s0@group-E8AE2E048FCA-LeaderStateImpl] TRACE segmented.SegmentedRaftLogCache (AutoCloseableReadWriteLock.java:logLocking(65)) - s0@group-E8AE2E048FCA: readLock ACQUIRED 1 by SegmentedRaftLogCache$LogSegmentList.countCached
2022-07-14 02:38:07,428 [s0@group-E8AE2E048FCA-LeaderStateImpl] TRACE segmented.SegmentedRaftLogCache (AutoCloseableReadWriteLock.java:logLocking(65)) - s0@group-E8AE2E048FCA: readLock RELEASED 0 by SegmentedRaftLogCache$LogSegmentList.countCached
2022-07-14 02:38:07,428 [s0@group-E8AE2E048FCA-LeaderStateImpl] TRACE segmented.SegmentedRaftLogCache (AutoCloseableReadWriteLock.java:logLocking(65)) - s0@group-E8AE2E048FCA: readLock ACQUIRED 1 by SegmentedRaftLogCache$LogSegmentList.getTotalCacheSize
2022-07-14 02:38:07,428 [s0@group-E8AE2E048FCA-LeaderStateImpl] TRACE segmented.SegmentedRaftLogCache (AutoCloseableReadWriteLock.java:logLocking(65)) - s0@group-E8AE2E048FCA: readLock RELEASED 0 by SegmentedRaftLogCache$LogSegmentList.getTotalCacheSize
2022-07-14 02:38:07,428 [s0@group-E8AE2E048FCA-LeaderStateImpl] DEBUG segmented.SegmentedRaftLogWorker (SegmentedRaftLogWorker.java:addIOTask(270)) - s0@group-E8AE2E048FCA-SegmentedRaftLogWorker adds IO task WriteLog:142: (t:1, i:142), METADATAENTRY(c:141)
2022-07-14 02:38:07,428 [s0@group-E8AE2E048FCA-SegmentedRaftLogWorker] DEBUG segmented.SegmentedRaftLogWorker (SegmentedRaftLogWorker.java:flushIfNecessary(365)) - s0@group-E8AE2E048FCA-SegmentedRaftLogWorker: flush SegmentedRaftLogOutputStream(/home/runner/work/ratis/ratis/ratis-test/target/test/data/f69c223b/MiniRaftClusterWithSimulatedRpc37250022/s0/24813b6b-21de-410f-95d3-e8ae2e048fca/current/log_inprogress_0)
2022-07-14 02:38:07,429 [s0@group-E8AE2E048FCA-StateMachineUpdater] INFO  statemachine.SimpleStateMachine4Testing (SimpleStateMachine4Testing.java:put(204)) - s0: put 141, m70 -> (t:1, i:141), STATEMACHINELOGENTRY, 398@client-4187B1F4E061
2022-07-14 02:38:07,429 [s0-client-thread1] TRACE segmented.SegmentedRaftLogCache (AutoCloseableReadWriteLock.java:logLocking(65)) - s0@group-E8AE2E048FCA: readLock ACQUIRED 1 by SegmentedRaftLogCache.getLastTermIndex
2022-07-14 02:38:07,429 [s0-client-thread1] TRACE segmented.SegmentedRaftLogCache (AutoCloseableReadWriteLock.java:logLocking(65)) - s0@group-E8AE2E048FCA: readLock RELEASED 0 by SegmentedRaftLogCache.getLastTermIndex
2022-07-14 02:38:07,429 [s0-client-thread1] TRACE segmented.SegmentedRaftLogCache (AutoCloseableReadWriteLock.java:logLocking(65)) - s0@group-E8AE2E048FCA: readLock ACQUIRED 1 by SegmentedRaftLogCache.getLastTermIndex
2022-07-14 02:38:07,429 [s0-client-thread1] TRACE segmented.SegmentedRaftLogCache (AutoCloseableReadWriteLock.java:logLocking(65)) - s0@group-E8AE2E048FCA: readLock RELEASED 0 by SegmentedRaftLogCache.getLastTermIndex
2022-07-14 02:38:07,429 [s0-client-thread1] TRACE segmented.SegmentedRaftLogCache (AutoCloseableReadWriteLock.java:logLocking(65)) - s0@group-E8AE2E048FCA: readLock ACQUIRED 1 by SegmentedRaftLogCache$LogSegmentList.countCached
2022-07-14 02:38:07,429 [s0-client-thread1] TRACE segmented.SegmentedRaftLogCache (AutoCloseableReadWriteLock.java:logLocking(65)) - s0@group-E8AE2E048FCA: readLock RELEASED 0 by SegmentedRaftLogCache$LogSegmentList.countCached
2022-07-14 02:38:07,429 [s0-client-thread1] TRACE segmented.SegmentedRaftLogCache (AutoCloseableReadWriteLock.java:logLocking(65)) - s0@group-E8AE2E048FCA: readLock ACQUIRED 1 by SegmentedRaftLogCache$LogSegmentList.getTotalCacheSize
2022-07-14 02:38:07,429 [s0-client-thread1] TRACE segmented.SegmentedRaftLogCache (AutoCloseableReadWriteLock.java:logLocking(65)) - s0@group-E8AE2E048FCA: readLock RELEASED 0 by SegmentedRaftLogCache$LogSegmentList.getTotalCacheSize
2022-07-14 02:38:07,429 [s0-client-thread1] DEBUG segmented.SegmentedRaftLogWorker (SegmentedRaftLogWorker.java:addIOTask(270)) - s0@group-E8AE2E048FCA-SegmentedRaftLogWorker adds IO task WriteLog:143: (t:1, i:143), STATEMACHINELOGENTRY, StateMachineLogEntryProto:399@client-4187B1F4E061
2022-07-14 02:38:07,430 [s0@group-E8AE2E048FCA-SegmentedRaftLogWorker] DEBUG segmented.SegmentedRaftLogWorker (SegmentedRaftLogWorker.java:flushIfNecessary(365)) - s0@group-E8AE2E048FCA-SegmentedRaftLogWorker: flush SegmentedRaftLogOutputStream(/home/runner/work/ratis/ratis/ratis-test/target/test/data/f69c223b/MiniRaftClusterWithSimulatedRpc37250022/s0/24813b6b-21de-410f-95d3-e8ae2e048fca/current/log_inprogress_0)
2022-07-14 02:38:07,430 [s0@group-E8AE2E048FCA-LeaderStateImpl] TRACE segmented.SegmentedRaftLogCache (AutoCloseableReadWriteLock.java:logLocking(65)) - s0@group-E8AE2E048FCA: readLock ACQUIRED 1 by SegmentedRaftLogCache.getStartIndex
2022-07-14 02:38:07,430 [s0@group-E8AE2E048FCA-LeaderStateImpl] TRACE segmented.SegmentedRaftLogCache (AutoCloseableReadWriteLock.java:logLocking(65)) -   s0@group-E8AE2E048FCA: readLock ACQUIRED 2 by SegmentedRaftLogCache$LogSegmentList.isEmpty
2022-07-14 02:38:07,430 [s0@group-E8AE2E048FCA-LeaderStateImpl] TRACE segmented.SegmentedRaftLogCache (AutoCloseableReadWriteLock.java:logLocking(65)) -   s0@group-E8AE2E048FCA: readLock RELEASED 1 by SegmentedRaftLogCache$LogSegmentList.isEmpty
2022-07-14 02:38:07,430 [s0@group-E8AE2E048FCA-LeaderStateImpl] TRACE segmented.SegmentedRaftLogCache (AutoCloseableReadWriteLock.java:logLocking(65)) - s0@group-E8AE2E048FCA: readLock RELEASED 0 by SegmentedRaftLogCache.getStartIndex
2022-07-14 02:38:07,430 [s0@group-E8AE2E048FCA-LeaderStateImpl] TRACE segmented.SegmentedRaftLogCache (AutoCloseableReadWriteLock.java:logLocking(65)) - s0@group-E8AE2E048FCA: readLock ACQUIRED 1 by SegmentedRaftLogCache.getEndIndex
2022-07-14 02:38:07,430 [s0@group-E8AE2E048FCA-LeaderStateImpl] TRACE segmented.SegmentedRaftLogCache (AutoCloseableReadWriteLock.java:logLocking(65)) - s0@group-E8AE2E048FCA: readLock RELEASED 0 by SegmentedRaftLogCache.getEndIndex
2022-07-14 02:38:07,430 [s0@group-E8AE2E048FCA-LeaderStateImpl] TRACE segmented.SegmentedRaftLogCache (AutoCloseableReadWriteLock.java:logLocking(65)) - s0@group-E8AE2E048FCA: readLock ACQUIRED 1 by SegmentedRaftLogCache$LogSegmentList.getTermIndex
2022-07-14 02:38:07,430 [s0@group-E8AE2E048FCA-LeaderStateImpl] TRACE segmented.SegmentedRaftLogCache (AutoCloseableReadWriteLock.java:logLocking(65)) - s0@group-E8AE2E048FCA: readLock RELEASED 0 by SegmentedRaftLogCache$LogSegmentList.getTermIndex
2022-07-14 02:38:07,430 [s0@group-E8AE2E048FCA-LeaderStateImpl] TRACE segmented.SegmentedRaftLogCache (AutoCloseableReadWriteLock.java:logLocking(65)) - s0@group-E8AE2E048FCA: readLock ACQUIRED 1 by SegmentedRaftLogCache.getStartIndex
2022-07-14 02:38:07,430 [s0@group-E8AE2E048FCA-LeaderStateImpl] TRACE segmented.SegmentedRaftLogCache (AutoCloseableReadWriteLock.java:logLocking(65)) -   s0@group-E8AE2E048FCA: readLock ACQUIRED 2 by SegmentedRaftLogCache$LogSegmentList.isEmpty
2022-07-14 02:38:07,431 [s0@group-E8AE2E048FCA-LeaderStateImpl] TRACE segmented.SegmentedRaftLogCache (AutoCloseableReadWriteLock.java:logLocking(65)) -   s0@group-E8AE2E048FCA: readLock RELEASED 1 by SegmentedRaftLogCache$LogSegmentList.isEmpty
2022-07-14 02:38:07,431 [s0@group-E8AE2E048FCA-LeaderStateImpl] TRACE segmented.SegmentedRaftLogCache (AutoCloseableReadWriteLock.java:logLocking(65)) - s0@group-E8AE2E048FCA: readLock RELEASED 0 by SegmentedRaftLogCache.getStartIndex
2022-07-14 02:38:07,431 [s0@group-E8AE2E048FCA-LeaderStateImpl] TRACE segmented.SegmentedRaftLogCache (AutoCloseableReadWriteLock.java:logLocking(65)) - s0@group-E8AE2E048FCA: readLock ACQUIRED 1 by SegmentedRaftLogCache.getEndIndex
2022-07-14 02:38:07,431 [s0@group-E8AE2E048FCA-LeaderStateImpl] TRACE segmented.SegmentedRaftLogCache (AutoCloseableReadWriteLock.java:logLocking(65)) - s0@group-E8AE2E048FCA: readLock RELEASED 0 by SegmentedRaftLogCache.getEndIndex
2022-07-14 02:38:07,431 [s0@group-E8AE2E048FCA-LeaderStateImpl] TRACE segmented.SegmentedRaftLogCache (AutoCloseableReadWriteLock.java:logLocking(65)) - s0@group-E8AE2E048FCA: readLock ACQUIRED 1 by SegmentedRaftLogCache$LogSegmentList.getTermIndex
2022-07-14 02:38:07,431 [s0@group-E8AE2E048FCA-LeaderStateImpl] TRACE segmented.SegmentedRaftLogCache (AutoCloseableReadWriteLock.java:logLocking(65)) - s0@group-E8AE2E048FCA: readLock RELEASED 0 by SegmentedRaftLogCache$LogSegmentList.getTermIndex
2022-07-14 02:38:07,431 [s0@group-E8AE2E048FCA-LeaderStateImpl] TRACE segmented.SegmentedRaftLogCache (AutoCloseableReadWriteLock.java:logLocking(65)) - s0@group-E8AE2E048FCA: readLock ACQUIRED 1 by SegmentedRaftLogCache.getLastTermIndex
2022-07-14 02:38:07,431 [s0@group-E8AE2E048FCA-LeaderStateImpl] TRACE segmented.SegmentedRaftLogCache (AutoCloseableReadWriteLock.java:logLocking(65)) - s0@group-E8AE2E048FCA: readLock RELEASED 0 by SegmentedRaftLogCache.getLastTermIndex
2022-07-14 02:38:07,431 [s0@group-E8AE2E048FCA-LeaderStateImpl] TRACE segmented.SegmentedRaftLogCache (AutoCloseableReadWriteLock.java:logLocking(65)) - s0@group-E8AE2E048FCA: readLock ACQUIRED 1 by SegmentedRaftLogCache$LogSegmentList.countCached
2022-07-14 02:38:07,431 [s0@group-E8AE2E048FCA-LeaderStateImpl] TRACE segmented.SegmentedRaftLogCache (AutoCloseableReadWriteLock.java:logLocking(65)) - s0@group-E8AE2E048FCA: readLock RELEASED 0 by SegmentedRaftLogCache$LogSegmentList.countCached
2022-07-14 02:38:07,431 [s0@group-E8AE2E048FCA-LeaderStateImpl] TRACE segmented.SegmentedRaftLogCache (AutoCloseableReadWriteLock.java:logLocking(65)) - s0@group-E8AE2E048FCA: readLock ACQUIRED 1 by SegmentedRaftLogCache$LogSegmentList.getTotalCacheSize
2022-07-14 02:38:07,431 [s0@group-E8AE2E048FCA-LeaderStateImpl] TRACE segmented.SegmentedRaftLogCache (AutoCloseableReadWriteLock.java:logLocking(65)) - s0@group-E8AE2E048FCA: readLock RELEASED 0 by SegmentedRaftLogCache$LogSegmentList.getTotalCacheSize
2022-07-14 02:38:07,431 [s0@group-E8AE2E048FCA-LeaderStateImpl] DEBUG segmented.SegmentedRaftLogWorker (SegmentedRaftLogWorker.java:addIOTask(270)) - s0@group-E8AE2E048FCA-SegmentedRaftLogWorker adds IO task WriteLog:144: (t:1, i:144), METADATAENTRY(c:143)
2022-07-14 02:38:07,431 [s0@group-E8AE2E048FCA-SegmentedRaftLogWorker] DEBUG segmented.SegmentedRaftLogWorker (SegmentedRaftLogWorker.java:flushIfNecessary(365)) - s0@group-E8AE2E048FCA-SegmentedRaftLogWorker: flush SegmentedRaftLogOutputStream(/home/runner/work/ratis/ratis/ratis-test/target/test/data/f69c223b/MiniRaftClusterWithSimulatedRpc37250022/s0/24813b6b-21de-410f-95d3-e8ae2e048fca/current/log_inprogress_0)
2022-07-14 02:38:07,432 [s0@group-E8AE2E048FCA-StateMachineUpdater] INFO  statemachine.SimpleStateMachine4Testing (SimpleStateMachine4Testing.java:put(204)) - s0: put 143, m71 -> (t:1, i:143), STATEMACHINELOGENTRY, 399@client-4187B1F4E061
2022-07-14 02:38:07,432 [s0-client-thread1] TRACE segmented.SegmentedRaftLogCache (AutoCloseableReadWriteLock.java:logLocking(65)) - s0@group-E8AE2E048FCA: readLock ACQUIRED 1 by SegmentedRaftLogCache.getLastTermIndex
2022-07-14 02:38:07,432 [s0-client-thread1] TRACE segmented.SegmentedRaftLogCache (AutoCloseableReadWriteLock.java:logLocking(65)) - s0@group-E8AE2E048FCA: readLock RELEASED 0 by SegmentedRaftLogCache.getLastTermIndex
2022-07-14 02:38:07,432 [s0-client-thread1] TRACE segmented.SegmentedRaftLogCache (AutoCloseableReadWriteLock.java:logLocking(65)) - s0@group-E8AE2E048FCA: readLock ACQUIRED 1 by SegmentedRaftLogCache.getLastTermIndex
2022-07-14 02:38:07,432 [s0-client-thread1] TRACE segmented.SegmentedRaftLogCache (AutoCloseableReadWriteLock.java:logLocking(65)) - s0@group-E8AE2E048FCA: readLock RELEASED 0 by SegmentedRaftLogCache.getLastTermIndex
2022-07-14 02:38:07,432 [s0-client-thread1] TRACE segmented.SegmentedRaftLogCache (AutoCloseableReadWriteLock.java:logLocking(65)) - s0@group-E8AE2E048FCA: readLock ACQUIRED 1 by SegmentedRaftLogCache$LogSegmentList.countCached
2022-07-14 02:38:07,432 [s0-client-thread1] TRACE segmented.SegmentedRaftLogCache (AutoCloseableReadWriteLock.java:logLocking(65)) - s0@group-E8AE2E048FCA: readLock RELEASED 0 by SegmentedRaftLogCache$LogSegmentList.countCached
2022-07-14 02:38:07,432 [s0-client-thread1] TRACE segmented.SegmentedRaftLogCache (AutoCloseableReadWriteLock.java:logLocking(65)) - s0@group-E8AE2E048FCA: readLock ACQUIRED 1 by SegmentedRaftLogCache$LogSegmentList.getTotalCacheSize
2022-07-14 02:38:07,432 [s0-client-thread1] TRACE segmented.SegmentedRaftLogCache (AutoCloseableReadWriteLock.java:logLocking(65)) - s0@group-E8AE2E048FCA: readLock RELEASED 0 by SegmentedRaftLogCache$LogSegmentList.getTotalCacheSize
2022-07-14 02:38:07,432 [s0-client-thread1] DEBUG segmented.SegmentedRaftLogWorker (SegmentedRaftLogWorker.java:addIOTask(270)) - s0@group-E8AE2E048FCA-SegmentedRaftLogWorker adds IO task WriteLog:145: (t:1, i:145), STATEMACHINELOGENTRY, StateMachineLogEntryProto:400@client-4187B1F4E061
2022-07-14 02:38:07,433 [s0@group-E8AE2E048FCA-SegmentedRaftLogWorker] DEBUG segmented.SegmentedRaftLogWorker (SegmentedRaftLogWorker.java:flushIfNecessary(365)) - s0@group-E8AE2E048FCA-SegmentedRaftLogWorker: flush SegmentedRaftLogOutputStream(/home/runner/work/ratis/ratis/ratis-test/target/test/data/f69c223b/MiniRaftClusterWithSimulatedRpc37250022/s0/24813b6b-21de-410f-95d3-e8ae2e048fca/current/log_inprogress_0)
2022-07-14 02:38:07,433 [s0@group-E8AE2E048FCA-LeaderStateImpl] TRACE segmented.SegmentedRaftLogCache (AutoCloseableReadWriteLock.java:logLocking(65)) - s0@group-E8AE2E048FCA: readLock ACQUIRED 1 by SegmentedRaftLogCache.getStartIndex
2022-07-14 02:38:07,433 [s0@group-E8AE2E048FCA-LeaderStateImpl] TRACE segmented.SegmentedRaftLogCache (AutoCloseableReadWriteLock.java:logLocking(65)) -   s0@group-E8AE2E048FCA: readLock ACQUIRED 2 by SegmentedRaftLogCache$LogSegmentList.isEmpty
2022-07-14 02:38:07,433 [s0@group-E8AE2E048FCA-LeaderStateImpl] TRACE segmented.SegmentedRaftLogCache (AutoCloseableReadWriteLock.java:logLocking(65)) -   s0@group-E8AE2E048FCA: readLock RELEASED 1 by SegmentedRaftLogCache$LogSegmentList.isEmpty
2022-07-14 02:38:07,433 [s0@group-E8AE2E048FCA-LeaderStateImpl] TRACE segmented.SegmentedRaftLogCache (AutoCloseableReadWriteLock.java:logLocking(65)) - s0@group-E8AE2E048FCA: readLock RELEASED 0 by SegmentedRaftLogCache.getStartIndex
2022-07-14 02:38:07,433 [s0@group-E8AE2E048FCA-LeaderStateImpl] TRACE segmented.SegmentedRaftLogCache (AutoCloseableReadWriteLock.java:logLocking(65)) - s0@group-E8AE2E048FCA: readLock ACQUIRED 1 by SegmentedRaftLogCache.getEndIndex
2022-07-14 02:38:07,433 [s0@group-E8AE2E048FCA-LeaderStateImpl] TRACE segmented.SegmentedRaftLogCache (AutoCloseableReadWriteLock.java:logLocking(65)) - s0@group-E8AE2E048FCA: readLock RELEASED 0 by SegmentedRaftLogCache.getEndIndex
2022-07-14 02:38:07,433 [s0@group-E8AE2E048FCA-LeaderStateImpl] TRACE segmented.SegmentedRaftLogCache (AutoCloseableReadWriteLock.java:logLocking(65)) - s0@group-E8AE2E048FCA: readLock ACQUIRED 1 by SegmentedRaftLogCache$LogSegmentList.getTermIndex
2022-07-14 02:38:07,433 [s0@group-E8AE2E048FCA-LeaderStateImpl] TRACE segmented.SegmentedRaftLogCache (AutoCloseableReadWriteLock.java:logLocking(65)) - s0@group-E8AE2E048FCA: readLock RELEASED 0 by SegmentedRaftLogCache$LogSegmentList.getTermIndex
2022-07-14 02:38:07,433 [s0@group-E8AE2E048FCA-LeaderStateImpl] TRACE segmented.SegmentedRaftLogCache (AutoCloseableReadWriteLock.java:logLocking(65)) - s0@group-E8AE2E048FCA: readLock ACQUIRED 1 by SegmentedRaftLogCache.getStartIndex
2022-07-14 02:38:07,433 [s0@group-E8AE2E048FCA-LeaderStateImpl] TRACE segmented.SegmentedRaftLogCache (AutoCloseableReadWriteLock.java:logLocking(65)) -   s0@group-E8AE2E048FCA: readLock ACQUIRED 2 by SegmentedRaftLogCache$LogSegmentList.isEmpty
2022-07-14 02:38:07,433 [s0@group-E8AE2E048FCA-LeaderStateImpl] TRACE segmented.SegmentedRaftLogCache (AutoCloseableReadWriteLock.java:logLocking(65)) -   s0@group-E8AE2E048FCA: readLock RELEASED 1 by SegmentedRaftLogCache$LogSegmentList.isEmpty
2022-07-14 02:38:07,433 [s0@group-E8AE2E048FCA-LeaderStateImpl] TRACE segmented.SegmentedRaftLogCache (AutoCloseableReadWriteLock.java:logLocking(65)) - s0@group-E8AE2E048FCA: readLock RELEASED 0 by SegmentedRaftLogCache.getStartIndex
2022-07-14 02:38:07,434 [s0@group-E8AE2E048FCA-LeaderStateImpl] TRACE segmented.SegmentedRaftLogCache (AutoCloseableReadWriteLock.java:logLocking(65)) - s0@group-E8AE2E048FCA: readLock ACQUIRED 1 by SegmentedRaftLogCache.getEndIndex
2022-07-14 02:38:07,434 [s0@group-E8AE2E048FCA-LeaderStateImpl] TRACE segmented.SegmentedRaftLogCache (AutoCloseableReadWriteLock.java:logLocking(65)) - s0@group-E8AE2E048FCA: readLock RELEASED 0 by SegmentedRaftLogCache.getEndIndex
2022-07-14 02:38:07,434 [s0@group-E8AE2E048FCA-LeaderStateImpl] TRACE segmented.SegmentedRaftLogCache (AutoCloseableReadWriteLock.java:logLocking(65)) - s0@group-E8AE2E048FCA: readLock ACQUIRED 1 by SegmentedRaftLogCache$LogSegmentList.getTermIndex
2022-07-14 02:38:07,434 [s0@group-E8AE2E048FCA-LeaderStateImpl] TRACE segmented.SegmentedRaftLogCache (AutoCloseableReadWriteLock.java:logLocking(65)) - s0@group-E8AE2E048FCA: readLock RELEASED 0 by SegmentedRaftLogCache$LogSegmentList.getTermIndex
2022-07-14 02:38:07,434 [s0@group-E8AE2E048FCA-LeaderStateImpl] TRACE segmented.SegmentedRaftLogCache (AutoCloseableReadWriteLock.java:logLocking(65)) - s0@group-E8AE2E048FCA: readLock ACQUIRED 1 by SegmentedRaftLogCache.getLastTermIndex
2022-07-14 02:38:07,434 [s0@group-E8AE2E048FCA-LeaderStateImpl] TRACE segmented.SegmentedRaftLogCache (AutoCloseableReadWriteLock.java:logLocking(65)) - s0@group-E8AE2E048FCA: readLock RELEASED 0 by SegmentedRaftLogCache.getLastTermIndex
2022-07-14 02:38:07,434 [s0@group-E8AE2E048FCA-LeaderStateImpl] TRACE segmented.SegmentedRaftLogCache (AutoCloseableReadWriteLock.java:logLocking(65)) - s0@group-E8AE2E048FCA: readLock ACQUIRED 1 by SegmentedRaftLogCache$LogSegmentList.countCached
2022-07-14 02:38:07,434 [s0@group-E8AE2E048FCA-LeaderStateImpl] TRACE segmented.SegmentedRaftLogCache (AutoCloseableReadWriteLock.java:logLocking(65)) - s0@group-E8AE2E048FCA: readLock RELEASED 0 by SegmentedRaftLogCache$LogSegmentList.countCached
2022-07-14 02:38:07,434 [s0@group-E8AE2E048FCA-LeaderStateImpl] TRACE segmented.SegmentedRaftLogCache (AutoCloseableReadWriteLock.java:logLocking(65)) - s0@group-E8AE2E048FCA: readLock ACQUIRED 1 by SegmentedRaftLogCache$LogSegmentList.getTotalCacheSize
2022-07-14 02:38:07,434 [s0@group-E8AE2E048FCA-LeaderStateImpl] TRACE segmented.SegmentedRaftLogCache (AutoCloseableReadWriteLock.java:logLocking(65)) - s0@group-E8AE2E048FCA: readLock RELEASED 0 by SegmentedRaftLogCache$LogSegmentList.getTotalCacheSize
2022-07-14 02:38:07,434 [s0@group-E8AE2E048FCA-LeaderStateImpl] DEBUG segmented.SegmentedRaftLogWorker (SegmentedRaftLogWorker.java:addIOTask(270)) - s0@group-E8AE2E048FCA-SegmentedRaftLogWorker adds IO task WriteLog:146: (t:1, i:146), METADATAENTRY(c:145)
2022-07-14 02:38:07,434 [s0@group-E8AE2E048FCA-SegmentedRaftLogWorker] DEBUG segmented.SegmentedRaftLogWorker (SegmentedRaftLogWorker.java:flushIfNecessary(365)) - s0@group-E8AE2E048FCA-SegmentedRaftLogWorker: flush SegmentedRaftLogOutputStream(/home/runner/work/ratis/ratis/ratis-test/target/test/data/f69c223b/MiniRaftClusterWithSimulatedRpc37250022/s0/24813b6b-21de-410f-95d3-e8ae2e048fca/current/log_inprogress_0)
2022-07-14 02:38:07,434 [s0@group-E8AE2E048FCA-StateMachineUpdater] INFO  statemachine.SimpleStateMachine4Testing (SimpleStateMachine4Testing.java:put(204)) - s0: put 145, m72 -> (t:1, i:145), STATEMACHINELOGENTRY, 400@client-4187B1F4E061
2022-07-14 02:38:07,435 [s0-client-thread1] TRACE segmented.SegmentedRaftLogCache (AutoCloseableReadWriteLock.java:logLocking(65)) - s0@group-E8AE2E048FCA: readLock ACQUIRED 1 by SegmentedRaftLogCache.getLastTermIndex
2022-07-14 02:38:07,435 [s0-client-thread1] TRACE segmented.SegmentedRaftLogCache (AutoCloseableReadWriteLock.java:logLocking(65)) - s0@group-E8AE2E048FCA: readLock RELEASED 0 by SegmentedRaftLogCache.getLastTermIndex
2022-07-14 02:38:07,435 [s0-client-thread1] TRACE segmented.SegmentedRaftLogCache (AutoCloseableReadWriteLock.java:logLocking(65)) - s0@group-E8AE2E048FCA: readLock ACQUIRED 1 by SegmentedRaftLogCache.getLastTermIndex
2022-07-14 02:38:07,435 [s0-client-thread1] TRACE segmented.SegmentedRaftLogCache (AutoCloseableReadWriteLock.java:logLocking(65)) - s0@group-E8AE2E048FCA: readLock RELEASED 0 by SegmentedRaftLogCache.getLastTermIndex
2022-07-14 02:38:07,435 [s0-client-thread1] TRACE segmented.SegmentedRaftLogCache (AutoCloseableReadWriteLock.java:logLocking(65)) - s0@group-E8AE2E048FCA: readLock ACQUIRED 1 by SegmentedRaftLogCache$LogSegmentList.countCached
2022-07-14 02:38:07,435 [s0-client-thread1] TRACE segmented.SegmentedRaftLogCache (AutoCloseableReadWriteLock.java:logLocking(65)) - s0@group-E8AE2E048FCA: readLock RELEASED 0 by SegmentedRaftLogCache$LogSegmentList.countCached
2022-07-14 02:38:07,435 [s0-client-thread1] TRACE segmented.SegmentedRaftLogCache (AutoCloseableReadWriteLock.java:logLocking(65)) - s0@group-E8AE2E048FCA: readLock ACQUIRED 1 by SegmentedRaftLogCache$LogSegmentList.getTotalCacheSize
2022-07-14 02:38:07,435 [s0-client-thread1] TRACE segmented.SegmentedRaftLogCache (AutoCloseableReadWriteLock.java:logLocking(65)) - s0@group-E8AE2E048FCA: readLock RELEASED 0 by SegmentedRaftLogCache$LogSegmentList.getTotalCacheSize
2022-07-14 02:38:07,436 [s0-client-thread1] DEBUG segmented.SegmentedRaftLogWorker (SegmentedRaftLogWorker.java:addIOTask(270)) - s0@group-E8AE2E048FCA-SegmentedRaftLogWorker adds IO task WriteLog:147: (t:1, i:147), STATEMACHINELOGENTRY, StateMachineLogEntryProto:401@client-4187B1F4E061
2022-07-14 02:38:07,436 [s0@group-E8AE2E048FCA-SegmentedRaftLogWorker] DEBUG segmented.SegmentedRaftLogWorker (SegmentedRaftLogWorker.java:flushIfNecessary(365)) - s0@group-E8AE2E048FCA-SegmentedRaftLogWorker: flush SegmentedRaftLogOutputStream(/home/runner/work/ratis/ratis/ratis-test/target/test/data/f69c223b/MiniRaftClusterWithSimulatedRpc37250022/s0/24813b6b-21de-410f-95d3-e8ae2e048fca/current/log_inprogress_0)
2022-07-14 02:38:07,436 [s0@group-E8AE2E048FCA-LeaderStateImpl] TRACE segmented.SegmentedRaftLogCache (AutoCloseableReadWriteLock.java:logLocking(65)) - s0@group-E8AE2E048FCA: readLock ACQUIRED 1 by SegmentedRaftLogCache.getStartIndex
2022-07-14 02:38:07,436 [s0@group-E8AE2E048FCA-LeaderStateImpl] TRACE segmented.SegmentedRaftLogCache (AutoCloseableReadWriteLock.java:logLocking(65)) -   s0@group-E8AE2E048FCA: readLock ACQUIRED 2 by SegmentedRaftLogCache$LogSegmentList.isEmpty
2022-07-14 02:38:07,436 [s0@group-E8AE2E048FCA-LeaderStateImpl] TRACE segmented.SegmentedRaftLogCache (AutoCloseableReadWriteLock.java:logLocking(65)) -   s0@group-E8AE2E048FCA: readLock RELEASED 1 by SegmentedRaftLogCache$LogSegmentList.isEmpty
2022-07-14 02:38:07,436 [s0@group-E8AE2E048FCA-LeaderStateImpl] TRACE segmented.SegmentedRaftLogCache (AutoCloseableReadWriteLock.java:logLocking(65)) - s0@group-E8AE2E048FCA: readLock RELEASED 0 by SegmentedRaftLogCache.getStartIndex
2022-07-14 02:38:07,436 [s0@group-E8AE2E048FCA-LeaderStateImpl] TRACE segmented.SegmentedRaftLogCache (AutoCloseableReadWriteLock.java:logLocking(65)) - s0@group-E8AE2E048FCA: readLock ACQUIRED 1 by SegmentedRaftLogCache.getEndIndex
2022-07-14 02:38:07,436 [s0@group-E8AE2E048FCA-LeaderStateImpl] TRACE segmented.SegmentedRaftLogCache (AutoCloseableReadWriteLock.java:logLocking(65)) - s0@group-E8AE2E048FCA: readLock RELEASED 0 by SegmentedRaftLogCache.getEndIndex
2022-07-14 02:38:07,436 [s0@group-E8AE2E048FCA-LeaderStateImpl] TRACE segmented.SegmentedRaftLogCache (AutoCloseableReadWriteLock.java:logLocking(65)) - s0@group-E8AE2E048FCA: readLock ACQUIRED 1 by SegmentedRaftLogCache$LogSegmentList.getTermIndex
2022-07-14 02:38:07,437 [s0@group-E8AE2E048FCA-LeaderStateImpl] TRACE segmented.SegmentedRaftLogCache (AutoCloseableReadWriteLock.java:logLocking(65)) - s0@group-E8AE2E048FCA: readLock RELEASED 0 by SegmentedRaftLogCache$LogSegmentList.getTermIndex
2022-07-14 02:38:07,437 [s0@group-E8AE2E048FCA-LeaderStateImpl] TRACE segmented.SegmentedRaftLogCache (AutoCloseableReadWriteLock.java:logLocking(65)) - s0@group-E8AE2E048FCA: readLock ACQUIRED 1 by SegmentedRaftLogCache.getStartIndex
2022-07-14 02:38:07,437 [s0@group-E8AE2E048FCA-LeaderStateImpl] TRACE segmented.SegmentedRaftLogCache (AutoCloseableReadWriteLock.java:logLocking(65)) -   s0@group-E8AE2E048FCA: readLock ACQUIRED 2 by SegmentedRaftLogCache$LogSegmentList.isEmpty
2022-07-14 02:38:07,437 [s0@group-E8AE2E048FCA-LeaderStateImpl] TRACE segmented.SegmentedRaftLogCache (AutoCloseableReadWriteLock.java:logLocking(65)) -   s0@group-E8AE2E048FCA: readLock RELEASED 1 by SegmentedRaftLogCache$LogSegmentList.isEmpty
2022-07-14 02:38:07,437 [s0@group-E8AE2E048FCA-LeaderStateImpl] TRACE segmented.SegmentedRaftLogCache (AutoCloseableReadWriteLock.java:logLocking(65)) - s0@group-E8AE2E048FCA: readLock RELEASED 0 by SegmentedRaftLogCache.getStartIndex
2022-07-14 02:38:07,437 [s0@group-E8AE2E048FCA-LeaderStateImpl] TRACE segmented.SegmentedRaftLogCache (AutoCloseableReadWriteLock.java:logLocking(65)) - s0@group-E8AE2E048FCA: readLock ACQUIRED 1 by SegmentedRaftLogCache.getEndIndex
2022-07-14 02:38:07,437 [s0@group-E8AE2E048FCA-LeaderStateImpl] TRACE segmented.SegmentedRaftLogCache (AutoCloseableReadWriteLock.java:logLocking(65)) - s0@group-E8AE2E048FCA: readLock RELEASED 0 by SegmentedRaftLogCache.getEndIndex
2022-07-14 02:38:07,437 [s0@group-E8AE2E048FCA-LeaderStateImpl] TRACE segmented.SegmentedRaftLogCache (AutoCloseableReadWriteLock.java:logLocking(65)) - s0@group-E8AE2E048FCA: readLock ACQUIRED 1 by SegmentedRaftLogCache$LogSegmentList.getTermIndex
2022-07-14 02:38:07,437 [s0@group-E8AE2E048FCA-LeaderStateImpl] TRACE segmented.SegmentedRaftLogCache (AutoCloseableReadWriteLock.java:logLocking(65)) - s0@group-E8AE2E048FCA: readLock RELEASED 0 by SegmentedRaftLogCache$LogSegmentList.getTermIndex
2022-07-14 02:38:07,437 [s0@group-E8AE2E048FCA-LeaderStateImpl] TRACE segmented.SegmentedRaftLogCache (AutoCloseableReadWriteLock.java:logLocking(65)) - s0@group-E8AE2E048FCA: readLock ACQUIRED 1 by SegmentedRaftLogCache.getLastTermIndex
2022-07-14 02:38:07,437 [s0@group-E8AE2E048FCA-LeaderStateImpl] TRACE segmented.SegmentedRaftLogCache (AutoCloseableReadWriteLock.java:logLocking(65)) - s0@group-E8AE2E048FCA: readLock RELEASED 0 by SegmentedRaftLogCache.getLastTermIndex
2022-07-14 02:38:07,437 [s0@group-E8AE2E048FCA-LeaderStateImpl] TRACE segmented.SegmentedRaftLogCache (AutoCloseableReadWriteLock.java:logLocking(65)) - s0@group-E8AE2E048FCA: readLock ACQUIRED 1 by SegmentedRaftLogCache$LogSegmentList.countCached
2022-07-14 02:38:07,437 [s0@group-E8AE2E048FCA-LeaderStateImpl] TRACE segmented.SegmentedRaftLogCache (AutoCloseableReadWriteLock.java:logLocking(65)) - s0@group-E8AE2E048FCA: readLock RELEASED 0 by SegmentedRaftLogCache$LogSegmentList.countCached
2022-07-14 02:38:07,437 [s0@group-E8AE2E048FCA-LeaderStateImpl] TRACE segmented.SegmentedRaftLogCache (AutoCloseableReadWriteLock.java:logLocking(65)) - s0@group-E8AE2E048FCA: readLock ACQUIRED 1 by SegmentedRaftLogCache$LogSegmentList.getTotalCacheSize
2022-07-14 02:38:07,438 [s0@group-E8AE2E048FCA-LeaderStateImpl] TRACE segmented.SegmentedRaftLogCache (AutoCloseableReadWriteLock.java:logLocking(65)) - s0@group-E8AE2E048FCA: readLock RELEASED 0 by SegmentedRaftLogCache$LogSegmentList.getTotalCacheSize
2022-07-14 02:38:07,438 [s0@group-E8AE2E048FCA-LeaderStateImpl] DEBUG segmented.SegmentedRaftLogWorker (SegmentedRaftLogWorker.java:addIOTask(270)) - s0@group-E8AE2E048FCA-SegmentedRaftLogWorker adds IO task WriteLog:148: (t:1, i:148), METADATAENTRY(c:147)
2022-07-14 02:38:07,438 [s0@group-E8AE2E048FCA-SegmentedRaftLogWorker] DEBUG segmented.SegmentedRaftLogWorker (SegmentedRaftLogWorker.java:flushIfNecessary(365)) - s0@group-E8AE2E048FCA-SegmentedRaftLogWorker: flush SegmentedRaftLogOutputStream(/home/runner/work/ratis/ratis/ratis-test/target/test/data/f69c223b/MiniRaftClusterWithSimulatedRpc37250022/s0/24813b6b-21de-410f-95d3-e8ae2e048fca/current/log_inprogress_0)
2022-07-14 02:38:07,437 [s0@group-E8AE2E048FCA-StateMachineUpdater] INFO  statemachine.SimpleStateMachine4Testing (SimpleStateMachine4Testing.java:put(204)) - s0: put 147, m73 -> (t:1, i:147), STATEMACHINELOGENTRY, 401@client-4187B1F4E061
2022-07-14 02:38:07,438 [s0-client-thread1] TRACE segmented.SegmentedRaftLogCache (AutoCloseableReadWriteLock.java:logLocking(65)) - s0@group-E8AE2E048FCA: readLock ACQUIRED 1 by SegmentedRaftLogCache.getLastTermIndex
2022-07-14 02:38:07,438 [s0-client-thread1] TRACE segmented.SegmentedRaftLogCache (AutoCloseableReadWriteLock.java:logLocking(65)) - s0@group-E8AE2E048FCA: readLock RELEASED 0 by SegmentedRaftLogCache.getLastTermIndex
2022-07-14 02:38:07,438 [s0-client-thread1] TRACE segmented.SegmentedRaftLogCache (AutoCloseableReadWriteLock.java:logLocking(65)) - s0@group-E8AE2E048FCA: readLock ACQUIRED 1 by SegmentedRaftLogCache.getLastTermIndex
2022-07-14 02:38:07,438 [s0-client-thread1] TRACE segmented.SegmentedRaftLogCache (AutoCloseableReadWriteLock.java:logLocking(65)) - s0@group-E8AE2E048FCA: readLock RELEASED 0 by SegmentedRaftLogCache.getLastTermIndex
2022-07-14 02:38:07,438 [s0-client-thread1] TRACE segmented.SegmentedRaftLogCache (AutoCloseableReadWriteLock.java:logLocking(65)) - s0@group-E8AE2E048FCA: readLock ACQUIRED 1 by SegmentedRaftLogCache$LogSegmentList.countCached
2022-07-14 02:38:07,438 [s0-client-thread1] TRACE segmented.SegmentedRaftLogCache (AutoCloseableReadWriteLock.java:logLocking(65)) - s0@group-E8AE2E048FCA: readLock RELEASED 0 by SegmentedRaftLogCache$LogSegmentList.countCached
2022-07-14 02:38:07,438 [s0-client-thread1] TRACE segmented.SegmentedRaftLogCache (AutoCloseableReadWriteLock.java:logLocking(65)) - s0@group-E8AE2E048FCA: readLock ACQUIRED 1 by SegmentedRaftLogCache$LogSegmentList.getTotalCacheSize
2022-07-14 02:38:07,439 [s0-client-thread1] TRACE segmented.SegmentedRaftLogCache (AutoCloseableReadWriteLock.java:logLocking(65)) - s0@group-E8AE2E048FCA: readLock RELEASED 0 by SegmentedRaftLogCache$LogSegmentList.getTotalCacheSize
2022-07-14 02:38:07,439 [s0-client-thread1] DEBUG segmented.SegmentedRaftLogWorker (SegmentedRaftLogWorker.java:addIOTask(270)) - s0@group-E8AE2E048FCA-SegmentedRaftLogWorker adds IO task WriteLog:149: (t:1, i:149), STATEMACHINELOGENTRY, StateMachineLogEntryProto:402@client-4187B1F4E061
2022-07-14 02:38:07,439 [s0@group-E8AE2E048FCA-SegmentedRaftLogWorker] DEBUG segmented.SegmentedRaftLogWorker (SegmentedRaftLogWorker.java:flushIfNecessary(365)) - s0@group-E8AE2E048FCA-SegmentedRaftLogWorker: flush SegmentedRaftLogOutputStream(/home/runner/work/ratis/ratis/ratis-test/target/test/data/f69c223b/MiniRaftClusterWithSimulatedRpc37250022/s0/24813b6b-21de-410f-95d3-e8ae2e048fca/current/log_inprogress_0)
2022-07-14 02:38:07,439 [s0@group-E8AE2E048FCA-LeaderStateImpl] TRACE segmented.SegmentedRaftLogCache (AutoCloseableReadWriteLock.java:logLocking(65)) - s0@group-E8AE2E048FCA: readLock ACQUIRED 1 by SegmentedRaftLogCache.getStartIndex
2022-07-14 02:38:07,439 [s0@group-E8AE2E048FCA-LeaderStateImpl] TRACE segmented.SegmentedRaftLogCache (AutoCloseableReadWriteLock.java:logLocking(65)) -   s0@group-E8AE2E048FCA: readLock ACQUIRED 2 by SegmentedRaftLogCache$LogSegmentList.isEmpty
2022-07-14 02:38:07,439 [s0@group-E8AE2E048FCA-LeaderStateImpl] TRACE segmented.SegmentedRaftLogCache (AutoCloseableReadWriteLock.java:logLocking(65)) -   s0@group-E8AE2E048FCA: readLock RELEASED 1 by SegmentedRaftLogCache$LogSegmentList.isEmpty
2022-07-14 02:38:07,439 [s0@group-E8AE2E048FCA-LeaderStateImpl] TRACE segmented.SegmentedRaftLogCache (AutoCloseableReadWriteLock.java:logLocking(65)) - s0@group-E8AE2E048FCA: readLock RELEASED 0 by SegmentedRaftLogCache.getStartIndex
2022-07-14 02:38:07,439 [s0@group-E8AE2E048FCA-LeaderStateImpl] TRACE segmented.SegmentedRaftLogCache (AutoCloseableReadWriteLock.java:logLocking(65)) - s0@group-E8AE2E048FCA: readLock ACQUIRED 1 by SegmentedRaftLogCache.getEndIndex
2022-07-14 02:38:07,439 [s0@group-E8AE2E048FCA-LeaderStateImpl] TRACE segmented.SegmentedRaftLogCache (AutoCloseableReadWriteLock.java:logLocking(65)) - s0@group-E8AE2E048FCA: readLock RELEASED 0 by SegmentedRaftLogCache.getEndIndex
2022-07-14 02:38:07,439 [s0@group-E8AE2E048FCA-LeaderStateImpl] TRACE segmented.SegmentedRaftLogCache (AutoCloseableReadWriteLock.java:logLocking(65)) - s0@group-E8AE2E048FCA: readLock ACQUIRED 1 by SegmentedRaftLogCache$LogSegmentList.getTermIndex
2022-07-14 02:38:07,439 [s0@group-E8AE2E048FCA-LeaderStateImpl] TRACE segmented.SegmentedRaftLogCache (AutoCloseableReadWriteLock.java:logLocking(65)) - s0@group-E8AE2E048FCA: readLock RELEASED 0 by SegmentedRaftLogCache$LogSegmentList.getTermIndex
2022-07-14 02:38:07,439 [s0@group-E8AE2E048FCA-LeaderStateImpl] TRACE segmented.SegmentedRaftLogCache (AutoCloseableReadWriteLock.java:logLocking(65)) - s0@group-E8AE2E048FCA: readLock ACQUIRED 1 by SegmentedRaftLogCache.getStartIndex
2022-07-14 02:38:07,440 [s0@group-E8AE2E048FCA-LeaderStateImpl] TRACE segmented.SegmentedRaftLogCache (AutoCloseableReadWriteLock.java:logLocking(65)) -   s0@group-E8AE2E048FCA: readLock ACQUIRED 2 by SegmentedRaftLogCache$LogSegmentList.isEmpty
2022-07-14 02:38:07,440 [s0@group-E8AE2E048FCA-LeaderStateImpl] TRACE segmented.SegmentedRaftLogCache (AutoCloseableReadWriteLock.java:logLocking(65)) -   s0@group-E8AE2E048FCA: readLock RELEASED 1 by SegmentedRaftLogCache$LogSegmentList.isEmpty
2022-07-14 02:38:07,440 [s0@group-E8AE2E048FCA-LeaderStateImpl] TRACE segmented.SegmentedRaftLogCache (AutoCloseableReadWriteLock.java:logLocking(65)) - s0@group-E8AE2E048FCA: readLock RELEASED 0 by SegmentedRaftLogCache.getStartIndex
2022-07-14 02:38:07,440 [s0@group-E8AE2E048FCA-LeaderStateImpl] TRACE segmented.SegmentedRaftLogCache (AutoCloseableReadWriteLock.java:logLocking(65)) - s0@group-E8AE2E048FCA: readLock ACQUIRED 1 by SegmentedRaftLogCache.getEndIndex
2022-07-14 02:38:07,440 [s0@group-E8AE2E048FCA-LeaderStateImpl] TRACE segmented.SegmentedRaftLogCache (AutoCloseableReadWriteLock.java:logLocking(65)) - s0@group-E8AE2E048FCA: readLock RELEASED 0 by SegmentedRaftLogCache.getEndIndex
2022-07-14 02:38:07,440 [s0@group-E8AE2E048FCA-LeaderStateImpl] TRACE segmented.SegmentedRaftLogCache (AutoCloseableReadWriteLock.java:logLocking(65)) - s0@group-E8AE2E048FCA: readLock ACQUIRED 1 by SegmentedRaftLogCache$LogSegmentList.getTermIndex
2022-07-14 02:38:07,440 [s0@group-E8AE2E048FCA-LeaderStateImpl] TRACE segmented.SegmentedRaftLogCache (AutoCloseableReadWriteLock.java:logLocking(65)) - s0@group-E8AE2E048FCA: readLock RELEASED 0 by SegmentedRaftLogCache$LogSegmentList.getTermIndex
2022-07-14 02:38:07,440 [s0@group-E8AE2E048FCA-LeaderStateImpl] TRACE segmented.SegmentedRaftLogCache (AutoCloseableReadWriteLock.java:logLocking(65)) - s0@group-E8AE2E048FCA: readLock ACQUIRED 1 by SegmentedRaftLogCache.getLastTermIndex
2022-07-14 02:38:07,440 [s0@group-E8AE2E048FCA-LeaderStateImpl] TRACE segmented.SegmentedRaftLogCache (AutoCloseableReadWriteLock.java:logLocking(65)) - s0@group-E8AE2E048FCA: readLock RELEASED 0 by SegmentedRaftLogCache.getLastTermIndex
2022-07-14 02:38:07,440 [s0@group-E8AE2E048FCA-LeaderStateImpl] TRACE segmented.SegmentedRaftLogCache (AutoCloseableReadWriteLock.java:logLocking(65)) - s0@group-E8AE2E048FCA: readLock ACQUIRED 1 by SegmentedRaftLogCache$LogSegmentList.countCached
2022-07-14 02:38:07,440 [s0@group-E8AE2E048FCA-LeaderStateImpl] TRACE segmented.SegmentedRaftLogCache (AutoCloseableReadWriteLock.java:logLocking(65)) - s0@group-E8AE2E048FCA: readLock RELEASED 0 by SegmentedRaftLogCache$LogSegmentList.countCached
2022-07-14 02:38:07,440 [s0@group-E8AE2E048FCA-LeaderStateImpl] TRACE segmented.SegmentedRaftLogCache (AutoCloseableReadWriteLock.java:logLocking(65)) - s0@group-E8AE2E048FCA: readLock ACQUIRED 1 by SegmentedRaftLogCache$LogSegmentList.getTotalCacheSize
2022-07-14 02:38:07,440 [s0@group-E8AE2E048FCA-LeaderStateImpl] TRACE segmented.SegmentedRaftLogCache (AutoCloseableReadWriteLock.java:logLocking(65)) - s0@group-E8AE2E048FCA: readLock RELEASED 0 by SegmentedRaftLogCache$LogSegmentList.getTotalCacheSize
2022-07-14 02:38:07,440 [s0@group-E8AE2E048FCA-LeaderStateImpl] DEBUG segmented.SegmentedRaftLogWorker (SegmentedRaftLogWorker.java:addIOTask(270)) - s0@group-E8AE2E048FCA-SegmentedRaftLogWorker adds IO task WriteLog:150: (t:1, i:150), METADATAENTRY(c:149)
2022-07-14 02:38:07,440 [s0@group-E8AE2E048FCA-SegmentedRaftLogWorker] DEBUG segmented.SegmentedRaftLogWorker (SegmentedRaftLogWorker.java:flushIfNecessary(365)) - s0@group-E8AE2E048FCA-SegmentedRaftLogWorker: flush SegmentedRaftLogOutputStream(/home/runner/work/ratis/ratis/ratis-test/target/test/data/f69c223b/MiniRaftClusterWithSimulatedRpc37250022/s0/24813b6b-21de-410f-95d3-e8ae2e048fca/current/log_inprogress_0)
2022-07-14 02:38:07,441 [s0@group-E8AE2E048FCA-StateMachineUpdater] INFO  statemachine.SimpleStateMachine4Testing (SimpleStateMachine4Testing.java:put(204)) - s0: put 149, m74 -> (t:1, i:149), STATEMACHINELOGENTRY, 402@client-4187B1F4E061
2022-07-14 02:38:07,441 [s0-client-thread1] TRACE segmented.SegmentedRaftLogCache (AutoCloseableReadWriteLock.java:logLocking(65)) - s0@group-E8AE2E048FCA: readLock ACQUIRED 1 by SegmentedRaftLogCache.getLastTermIndex
2022-07-14 02:38:07,441 [s0-client-thread1] TRACE segmented.SegmentedRaftLogCache (AutoCloseableReadWriteLock.java:logLocking(65)) - s0@group-E8AE2E048FCA: readLock RELEASED 0 by SegmentedRaftLogCache.getLastTermIndex
2022-07-14 02:38:07,441 [s0-client-thread1] TRACE segmented.SegmentedRaftLogCache (AutoCloseableReadWriteLock.java:logLocking(65)) - s0@group-E8AE2E048FCA: readLock ACQUIRED 1 by SegmentedRaftLogCache.getLastTermIndex
2022-07-14 02:38:07,441 [s0-client-thread1] TRACE segmented.SegmentedRaftLogCache (AutoCloseableReadWriteLock.java:logLocking(65)) - s0@group-E8AE2E048FCA: readLock RELEASED 0 by SegmentedRaftLogCache.getLastTermIndex
2022-07-14 02:38:07,441 [s0-client-thread1] TRACE segmented.SegmentedRaftLogCache (AutoCloseableReadWriteLock.java:logLocking(65)) - s0@group-E8AE2E048FCA: readLock ACQUIRED 1 by SegmentedRaftLogCache$LogSegmentList.countCached
2022-07-14 02:38:07,441 [s0-client-thread1] TRACE segmented.SegmentedRaftLogCache (AutoCloseableReadWriteLock.java:logLocking(65)) - s0@group-E8AE2E048FCA: readLock RELEASED 0 by SegmentedRaftLogCache$LogSegmentList.countCached
2022-07-14 02:38:07,441 [s0-client-thread1] TRACE segmented.SegmentedRaftLogCache (AutoCloseableReadWriteLock.java:logLocking(65)) - s0@group-E8AE2E048FCA: readLock ACQUIRED 1 by SegmentedRaftLogCache$LogSegmentList.getTotalCacheSize
2022-07-14 02:38:07,441 [s0-client-thread1] TRACE segmented.SegmentedRaftLogCache (AutoCloseableReadWriteLock.java:logLocking(65)) - s0@group-E8AE2E048FCA: readLock RELEASED 0 by SegmentedRaftLogCache$LogSegmentList.getTotalCacheSize
2022-07-14 02:38:07,441 [s0-client-thread1] DEBUG segmented.SegmentedRaftLogWorker (SegmentedRaftLogWorker.java:addIOTask(270)) - s0@group-E8AE2E048FCA-SegmentedRaftLogWorker adds IO task WriteLog:151: (t:1, i:151), STATEMACHINELOGENTRY, StateMachineLogEntryProto:403@client-4187B1F4E061
2022-07-14 02:38:07,442 [s0@group-E8AE2E048FCA-SegmentedRaftLogWorker] DEBUG segmented.SegmentedRaftLogWorker (SegmentedRaftLogWorker.java:flushIfNecessary(365)) - s0@group-E8AE2E048FCA-SegmentedRaftLogWorker: flush SegmentedRaftLogOutputStream(/home/runner/work/ratis/ratis/ratis-test/target/test/data/f69c223b/MiniRaftClusterWithSimulatedRpc37250022/s0/24813b6b-21de-410f-95d3-e8ae2e048fca/current/log_inprogress_0)
2022-07-14 02:38:07,442 [s0@group-E8AE2E048FCA-LeaderStateImpl] TRACE segmented.SegmentedRaftLogCache (AutoCloseableReadWriteLock.java:logLocking(65)) - s0@group-E8AE2E048FCA: readLock ACQUIRED 1 by SegmentedRaftLogCache.getStartIndex
2022-07-14 02:38:07,442 [s0@group-E8AE2E048FCA-LeaderStateImpl] TRACE segmented.SegmentedRaftLogCache (AutoCloseableReadWriteLock.java:logLocking(65)) -   s0@group-E8AE2E048FCA: readLock ACQUIRED 2 by SegmentedRaftLogCache$LogSegmentList.isEmpty
2022-07-14 02:38:07,442 [s0@group-E8AE2E048FCA-LeaderStateImpl] TRACE segmented.SegmentedRaftLogCache (AutoCloseableReadWriteLock.java:logLocking(65)) -   s0@group-E8AE2E048FCA: readLock RELEASED 1 by SegmentedRaftLogCache$LogSegmentList.isEmpty
2022-07-14 02:38:07,442 [s0@group-E8AE2E048FCA-LeaderStateImpl] TRACE segmented.SegmentedRaftLogCache (AutoCloseableReadWriteLock.java:logLocking(65)) - s0@group-E8AE2E048FCA: readLock RELEASED 0 by SegmentedRaftLogCache.getStartIndex
2022-07-14 02:38:07,442 [s0@group-E8AE2E048FCA-LeaderStateImpl] TRACE segmented.SegmentedRaftLogCache (AutoCloseableReadWriteLock.java:logLocking(65)) - s0@group-E8AE2E048FCA: readLock ACQUIRED 1 by SegmentedRaftLogCache.getEndIndex
2022-07-14 02:38:07,442 [s0@group-E8AE2E048FCA-LeaderStateImpl] TRACE segmented.SegmentedRaftLogCache (AutoCloseableReadWriteLock.java:logLocking(65)) - s0@group-E8AE2E048FCA: readLock RELEASED 0 by SegmentedRaftLogCache.getEndIndex
2022-07-14 02:38:07,442 [s0@group-E8AE2E048FCA-LeaderStateImpl] TRACE segmented.SegmentedRaftLogCache (AutoCloseableReadWriteLock.java:logLocking(65)) - s0@group-E8AE2E048FCA: readLock ACQUIRED 1 by SegmentedRaftLogCache$LogSegmentList.getTermIndex
2022-07-14 02:38:07,442 [s0@group-E8AE2E048FCA-LeaderStateImpl] TRACE segmented.SegmentedRaftLogCache (AutoCloseableReadWriteLock.java:logLocking(65)) - s0@group-E8AE2E048FCA: readLock RELEASED 0 by SegmentedRaftLogCache$LogSegmentList.getTermIndex
2022-07-14 02:38:07,443 [s0@group-E8AE2E048FCA-LeaderStateImpl] TRACE segmented.SegmentedRaftLogCache (AutoCloseableReadWriteLock.java:logLocking(65)) - s0@group-E8AE2E048FCA: readLock ACQUIRED 1 by SegmentedRaftLogCache.getStartIndex
2022-07-14 02:38:07,443 [s0@group-E8AE2E048FCA-LeaderStateImpl] TRACE segmented.SegmentedRaftLogCache (AutoCloseableReadWriteLock.java:logLocking(65)) -   s0@group-E8AE2E048FCA: readLock ACQUIRED 2 by SegmentedRaftLogCache$LogSegmentList.isEmpty
2022-07-14 02:38:07,443 [s0@group-E8AE2E048FCA-LeaderStateImpl] TRACE segmented.SegmentedRaftLogCache (AutoCloseableReadWriteLock.java:logLocking(65)) -   s0@group-E8AE2E048FCA: readLock RELEASED 1 by SegmentedRaftLogCache$LogSegmentList.isEmpty
2022-07-14 02:38:07,443 [s0@group-E8AE2E048FCA-LeaderStateImpl] TRACE segmented.SegmentedRaftLogCache (AutoCloseableReadWriteLock.java:logLocking(65)) - s0@group-E8AE2E048FCA: readLock RELEASED 0 by SegmentedRaftLogCache.getStartIndex
2022-07-14 02:38:07,443 [s0@group-E8AE2E048FCA-LeaderStateImpl] TRACE segmented.SegmentedRaftLogCache (AutoCloseableReadWriteLock.java:logLocking(65)) - s0@group-E8AE2E048FCA: readLock ACQUIRED 1 by SegmentedRaftLogCache.getEndIndex
2022-07-14 02:38:07,443 [s0@group-E8AE2E048FCA-LeaderStateImpl] TRACE segmented.SegmentedRaftLogCache (AutoCloseableReadWriteLock.java:logLocking(65)) - s0@group-E8AE2E048FCA: readLock RELEASED 0 by SegmentedRaftLogCache.getEndIndex
2022-07-14 02:38:07,443 [s0@group-E8AE2E048FCA-LeaderStateImpl] TRACE segmented.SegmentedRaftLogCache (AutoCloseableReadWriteLock.java:logLocking(65)) - s0@group-E8AE2E048FCA: readLock ACQUIRED 1 by SegmentedRaftLogCache$LogSegmentList.getTermIndex
2022-07-14 02:38:07,443 [s0@group-E8AE2E048FCA-LeaderStateImpl] TRACE segmented.SegmentedRaftLogCache (AutoCloseableReadWriteLock.java:logLocking(65)) - s0@group-E8AE2E048FCA: readLock RELEASED 0 by SegmentedRaftLogCache$LogSegmentList.getTermIndex
2022-07-14 02:38:07,443 [s0@group-E8AE2E048FCA-LeaderStateImpl] TRACE segmented.SegmentedRaftLogCache (AutoCloseableReadWriteLock.java:logLocking(65)) - s0@group-E8AE2E048FCA: readLock ACQUIRED 1 by SegmentedRaftLogCache.getLastTermIndex
2022-07-14 02:38:07,443 [s0@group-E8AE2E048FCA-LeaderStateImpl] TRACE segmented.SegmentedRaftLogCache (AutoCloseableReadWriteLock.java:logLocking(65)) - s0@group-E8AE2E048FCA: readLock RELEASED 0 by SegmentedRaftLogCache.getLastTermIndex
2022-07-14 02:38:07,443 [s0@group-E8AE2E048FCA-LeaderStateImpl] TRACE segmented.SegmentedRaftLogCache (AutoCloseableReadWriteLock.java:logLocking(65)) - s0@group-E8AE2E048FCA: readLock ACQUIRED 1 by SegmentedRaftLogCache$LogSegmentList.countCached
2022-07-14 02:38:07,443 [s0@group-E8AE2E048FCA-LeaderStateImpl] TRACE segmented.SegmentedRaftLogCache (AutoCloseableReadWriteLock.java:logLocking(65)) - s0@group-E8AE2E048FCA: readLock RELEASED 0 by SegmentedRaftLogCache$LogSegmentList.countCached
2022-07-14 02:38:07,443 [s0@group-E8AE2E048FCA-LeaderStateImpl] TRACE segmented.SegmentedRaftLogCache (AutoCloseableReadWriteLock.java:logLocking(65)) - s0@group-E8AE2E048FCA: readLock ACQUIRED 1 by SegmentedRaftLogCache$LogSegmentList.getTotalCacheSize
2022-07-14 02:38:07,444 [s0@group-E8AE2E048FCA-LeaderStateImpl] TRACE segmented.SegmentedRaftLogCache (AutoCloseableReadWriteLock.java:logLocking(65)) - s0@group-E8AE2E048FCA: readLock RELEASED 0 by SegmentedRaftLogCache$LogSegmentList.getTotalCacheSize
2022-07-14 02:38:07,444 [s0@group-E8AE2E048FCA-LeaderStateImpl] DEBUG segmented.SegmentedRaftLogWorker (SegmentedRaftLogWorker.java:addIOTask(270)) - s0@group-E8AE2E048FCA-SegmentedRaftLogWorker adds IO task WriteLog:152: (t:1, i:152), METADATAENTRY(c:151)
2022-07-14 02:38:07,444 [s0@group-E8AE2E048FCA-SegmentedRaftLogWorker] DEBUG segmented.SegmentedRaftLogWorker (SegmentedRaftLogWorker.java:flushIfNecessary(365)) - s0@group-E8AE2E048FCA-SegmentedRaftLogWorker: flush SegmentedRaftLogOutputStream(/home/runner/work/ratis/ratis/ratis-test/target/test/data/f69c223b/MiniRaftClusterWithSimulatedRpc37250022/s0/24813b6b-21de-410f-95d3-e8ae2e048fca/current/log_inprogress_0)
2022-07-14 02:38:07,444 [s0@group-E8AE2E048FCA-StateMachineUpdater] INFO  statemachine.SimpleStateMachine4Testing (SimpleStateMachine4Testing.java:put(204)) - s0: put 151, m75 -> (t:1, i:151), STATEMACHINELOGENTRY, 403@client-4187B1F4E061
2022-07-14 02:38:07,444 [s0-client-thread1] TRACE segmented.SegmentedRaftLogCache (AutoCloseableReadWriteLock.java:logLocking(65)) - s0@group-E8AE2E048FCA: readLock ACQUIRED 1 by SegmentedRaftLogCache.getLastTermIndex
2022-07-14 02:38:07,444 [s0-client-thread1] TRACE segmented.SegmentedRaftLogCache (AutoCloseableReadWriteLock.java:logLocking(65)) - s0@group-E8AE2E048FCA: readLock RELEASED 0 by SegmentedRaftLogCache.getLastTermIndex
2022-07-14 02:38:07,444 [s0-client-thread1] TRACE segmented.SegmentedRaftLogCache (AutoCloseableReadWriteLock.java:logLocking(65)) - s0@group-E8AE2E048FCA: readLock ACQUIRED 1 by SegmentedRaftLogCache.getLastTermIndex
2022-07-14 02:38:07,444 [s0-client-thread1] TRACE segmented.SegmentedRaftLogCache (AutoCloseableReadWriteLock.java:logLocking(65)) - s0@group-E8AE2E048FCA: readLock RELEASED 0 by SegmentedRaftLogCache.getLastTermIndex
2022-07-14 02:38:07,444 [s0-client-thread1] TRACE segmented.SegmentedRaftLogCache (AutoCloseableReadWriteLock.java:logLocking(65)) - s0@group-E8AE2E048FCA: readLock ACQUIRED 1 by SegmentedRaftLogCache$LogSegmentList.countCached
2022-07-14 02:38:07,444 [s0-client-thread1] TRACE segmented.SegmentedRaftLogCache (AutoCloseableReadWriteLock.java:logLocking(65)) - s0@group-E8AE2E048FCA: readLock RELEASED 0 by SegmentedRaftLogCache$LogSegmentList.countCached
2022-07-14 02:38:07,445 [s0-client-thread1] TRACE segmented.SegmentedRaftLogCache (AutoCloseableReadWriteLock.java:logLocking(65)) - s0@group-E8AE2E048FCA: readLock ACQUIRED 1 by SegmentedRaftLogCache$LogSegmentList.getTotalCacheSize
2022-07-14 02:38:07,445 [s0-client-thread1] TRACE segmented.SegmentedRaftLogCache (AutoCloseableReadWriteLock.java:logLocking(65)) - s0@group-E8AE2E048FCA: readLock RELEASED 0 by SegmentedRaftLogCache$LogSegmentList.getTotalCacheSize
2022-07-14 02:38:07,445 [s0-client-thread1] DEBUG segmented.SegmentedRaftLogWorker (SegmentedRaftLogWorker.java:addIOTask(270)) - s0@group-E8AE2E048FCA-SegmentedRaftLogWorker adds IO task WriteLog:153: (t:1, i:153), STATEMACHINELOGENTRY, StateMachineLogEntryProto:404@client-4187B1F4E061
2022-07-14 02:38:07,445 [s0@group-E8AE2E048FCA-SegmentedRaftLogWorker] DEBUG segmented.SegmentedRaftLogWorker (SegmentedRaftLogWorker.java:flushIfNecessary(365)) - s0@group-E8AE2E048FCA-SegmentedRaftLogWorker: flush SegmentedRaftLogOutputStream(/home/runner/work/ratis/ratis/ratis-test/target/test/data/f69c223b/MiniRaftClusterWithSimulatedRpc37250022/s0/24813b6b-21de-410f-95d3-e8ae2e048fca/current/log_inprogress_0)
2022-07-14 02:38:07,445 [s0@group-E8AE2E048FCA-LeaderStateImpl] TRACE segmented.SegmentedRaftLogCache (AutoCloseableReadWriteLock.java:logLocking(65)) - s0@group-E8AE2E048FCA: readLock ACQUIRED 1 by SegmentedRaftLogCache.getStartIndex
2022-07-14 02:38:07,445 [s0@group-E8AE2E048FCA-LeaderStateImpl] TRACE segmented.SegmentedRaftLogCache (AutoCloseableReadWriteLock.java:logLocking(65)) -   s0@group-E8AE2E048FCA: readLock ACQUIRED 2 by SegmentedRaftLogCache$LogSegmentList.isEmpty
2022-07-14 02:38:07,445 [s0@group-E8AE2E048FCA-LeaderStateImpl] TRACE segmented.SegmentedRaftLogCache (AutoCloseableReadWriteLock.java:logLocking(65)) -   s0@group-E8AE2E048FCA: readLock RELEASED 1 by SegmentedRaftLogCache$LogSegmentList.isEmpty
2022-07-14 02:38:07,445 [s0@group-E8AE2E048FCA-LeaderStateImpl] TRACE segmented.SegmentedRaftLogCache (AutoCloseableReadWriteLock.java:logLocking(65)) - s0@group-E8AE2E048FCA: readLock RELEASED 0 by SegmentedRaftLogCache.getStartIndex
2022-07-14 02:38:07,445 [s0@group-E8AE2E048FCA-LeaderStateImpl] TRACE segmented.SegmentedRaftLogCache (AutoCloseableReadWriteLock.java:logLocking(65)) - s0@group-E8AE2E048FCA: readLock ACQUIRED 1 by SegmentedRaftLogCache.getEndIndex
2022-07-14 02:38:07,445 [s0@group-E8AE2E048FCA-LeaderStateImpl] TRACE segmented.SegmentedRaftLogCache (AutoCloseableReadWriteLock.java:logLocking(65)) - s0@group-E8AE2E048FCA: readLock RELEASED 0 by SegmentedRaftLogCache.getEndIndex
2022-07-14 02:38:07,446 [s0@group-E8AE2E048FCA-LeaderStateImpl] TRACE segmented.SegmentedRaftLogCache (AutoCloseableReadWriteLock.java:logLocking(65)) - s0@group-E8AE2E048FCA: readLock ACQUIRED 1 by SegmentedRaftLogCache$LogSegmentList.getTermIndex
2022-07-14 02:38:07,446 [s0@group-E8AE2E048FCA-LeaderStateImpl] TRACE segmented.SegmentedRaftLogCache (AutoCloseableReadWriteLock.java:logLocking(65)) - s0@group-E8AE2E048FCA: readLock RELEASED 0 by SegmentedRaftLogCache$LogSegmentList.getTermIndex
2022-07-14 02:38:07,446 [s0@group-E8AE2E048FCA-LeaderStateImpl] TRACE segmented.SegmentedRaftLogCache (AutoCloseableReadWriteLock.java:logLocking(65)) - s0@group-E8AE2E048FCA: readLock ACQUIRED 1 by SegmentedRaftLogCache.getStartIndex
2022-07-14 02:38:07,446 [s0@group-E8AE2E048FCA-LeaderStateImpl] TRACE segmented.SegmentedRaftLogCache (AutoCloseableReadWriteLock.java:logLocking(65)) -   s0@group-E8AE2E048FCA: readLock ACQUIRED 2 by SegmentedRaftLogCache$LogSegmentList.isEmpty
2022-07-14 02:38:07,446 [s0@group-E8AE2E048FCA-LeaderStateImpl] TRACE segmented.SegmentedRaftLogCache (AutoCloseableReadWriteLock.java:logLocking(65)) -   s0@group-E8AE2E048FCA: readLock RELEASED 1 by SegmentedRaftLogCache$LogSegmentList.isEmpty
2022-07-14 02:38:07,446 [s0@group-E8AE2E048FCA-LeaderStateImpl] TRACE segmented.SegmentedRaftLogCache (AutoCloseableReadWriteLock.java:logLocking(65)) - s0@group-E8AE2E048FCA: readLock RELEASED 0 by SegmentedRaftLogCache.getStartIndex
2022-07-14 02:38:07,446 [s0@group-E8AE2E048FCA-LeaderStateImpl] TRACE segmented.SegmentedRaftLogCache (AutoCloseableReadWriteLock.java:logLocking(65)) - s0@group-E8AE2E048FCA: readLock ACQUIRED 1 by SegmentedRaftLogCache.getEndIndex
2022-07-14 02:38:07,446 [s0@group-E8AE2E048FCA-LeaderStateImpl] TRACE segmented.SegmentedRaftLogCache (AutoCloseableReadWriteLock.java:logLocking(65)) - s0@group-E8AE2E048FCA: readLock RELEASED 0 by SegmentedRaftLogCache.getEndIndex
2022-07-14 02:38:07,446 [s0@group-E8AE2E048FCA-LeaderStateImpl] TRACE segmented.SegmentedRaftLogCache (AutoCloseableReadWriteLock.java:logLocking(65)) - s0@group-E8AE2E048FCA: readLock ACQUIRED 1 by SegmentedRaftLogCache$LogSegmentList.getTermIndex
2022-07-14 02:38:07,446 [s0@group-E8AE2E048FCA-LeaderStateImpl] TRACE segmented.SegmentedRaftLogCache (AutoCloseableReadWriteLock.java:logLocking(65)) - s0@group-E8AE2E048FCA: readLock RELEASED 0 by SegmentedRaftLogCache$LogSegmentList.getTermIndex
2022-07-14 02:38:07,446 [s0@group-E8AE2E048FCA-StateMachineUpdater] INFO  statemachine.SimpleStateMachine4Testing (SimpleStateMachine4Testing.java:put(204)) - s0: put 153, m76 -> (t:1, i:153), STATEMACHINELOGENTRY, 404@client-4187B1F4E061
2022-07-14 02:38:07,446 [s0@group-E8AE2E048FCA-LeaderStateImpl] TRACE segmented.SegmentedRaftLogCache (AutoCloseableReadWriteLock.java:logLocking(65)) - s0@group-E8AE2E048FCA: readLock ACQUIRED 1 by SegmentedRaftLogCache.getLastTermIndex
2022-07-14 02:38:07,447 [s0@group-E8AE2E048FCA-LeaderStateImpl] TRACE segmented.SegmentedRaftLogCache (AutoCloseableReadWriteLock.java:logLocking(65)) - s0@group-E8AE2E048FCA: readLock RELEASED 0 by SegmentedRaftLogCache.getLastTermIndex
2022-07-14 02:38:07,447 [s0@group-E8AE2E048FCA-LeaderStateImpl] TRACE segmented.SegmentedRaftLogCache (AutoCloseableReadWriteLock.java:logLocking(65)) - s0@group-E8AE2E048FCA: readLock ACQUIRED 1 by SegmentedRaftLogCache$LogSegmentList.countCached
2022-07-14 02:38:07,447 [s0@group-E8AE2E048FCA-LeaderStateImpl] TRACE segmented.SegmentedRaftLogCache (AutoCloseableReadWriteLock.java:logLocking(65)) - s0@group-E8AE2E048FCA: readLock RELEASED 0 by SegmentedRaftLogCache$LogSegmentList.countCached
2022-07-14 02:38:07,447 [s0@group-E8AE2E048FCA-LeaderStateImpl] TRACE segmented.SegmentedRaftLogCache (AutoCloseableReadWriteLock.java:logLocking(65)) - s0@group-E8AE2E048FCA: readLock ACQUIRED 1 by SegmentedRaftLogCache$LogSegmentList.getTotalCacheSize
2022-07-14 02:38:07,447 [s0@group-E8AE2E048FCA-LeaderStateImpl] TRACE segmented.SegmentedRaftLogCache (AutoCloseableReadWriteLock.java:logLocking(65)) - s0@group-E8AE2E048FCA: readLock RELEASED 0 by SegmentedRaftLogCache$LogSegmentList.getTotalCacheSize
2022-07-14 02:38:07,447 [s0@group-E8AE2E048FCA-LeaderStateImpl] DEBUG segmented.SegmentedRaftLogWorker (SegmentedRaftLogWorker.java:addIOTask(270)) - s0@group-E8AE2E048FCA-SegmentedRaftLogWorker adds IO task WriteLog:154: (t:1, i:154), METADATAENTRY(c:153)
2022-07-14 02:38:07,447 [s0@group-E8AE2E048FCA-SegmentedRaftLogWorker] DEBUG segmented.SegmentedRaftLogWorker (SegmentedRaftLogWorker.java:flushIfNecessary(365)) - s0@group-E8AE2E048FCA-SegmentedRaftLogWorker: flush SegmentedRaftLogOutputStream(/home/runner/work/ratis/ratis/ratis-test/target/test/data/f69c223b/MiniRaftClusterWithSimulatedRpc37250022/s0/24813b6b-21de-410f-95d3-e8ae2e048fca/current/log_inprogress_0)
2022-07-14 02:38:07,447 [s0-client-thread1] TRACE segmented.SegmentedRaftLogCache (AutoCloseableReadWriteLock.java:logLocking(65)) - s0@group-E8AE2E048FCA: readLock ACQUIRED 1 by SegmentedRaftLogCache.getLastTermIndex
2022-07-14 02:38:07,447 [s0-client-thread1] TRACE segmented.SegmentedRaftLogCache (AutoCloseableReadWriteLock.java:logLocking(65)) - s0@group-E8AE2E048FCA: readLock RELEASED 0 by SegmentedRaftLogCache.getLastTermIndex
2022-07-14 02:38:07,447 [s0-client-thread1] TRACE segmented.SegmentedRaftLogCache (AutoCloseableReadWriteLock.java:logLocking(65)) - s0@group-E8AE2E048FCA: readLock ACQUIRED 1 by SegmentedRaftLogCache.getLastTermIndex
2022-07-14 02:38:07,448 [s0-client-thread1] TRACE segmented.SegmentedRaftLogCache (AutoCloseableReadWriteLock.java:logLocking(65)) - s0@group-E8AE2E048FCA: readLock RELEASED 0 by SegmentedRaftLogCache.getLastTermIndex
2022-07-14 02:38:07,448 [s0-client-thread1] TRACE segmented.SegmentedRaftLogCache (AutoCloseableReadWriteLock.java:logLocking(65)) - s0@group-E8AE2E048FCA: readLock ACQUIRED 1 by SegmentedRaftLogCache$LogSegmentList.countCached
2022-07-14 02:38:07,448 [s0-client-thread1] TRACE segmented.SegmentedRaftLogCache (AutoCloseableReadWriteLock.java:logLocking(65)) - s0@group-E8AE2E048FCA: readLock RELEASED 0 by SegmentedRaftLogCache$LogSegmentList.countCached
2022-07-14 02:38:07,448 [s0-client-thread1] TRACE segmented.SegmentedRaftLogCache (AutoCloseableReadWriteLock.java:logLocking(65)) - s0@group-E8AE2E048FCA: readLock ACQUIRED 1 by SegmentedRaftLogCache$LogSegmentList.getTotalCacheSize
2022-07-14 02:38:07,448 [s0-client-thread1] TRACE segmented.SegmentedRaftLogCache (AutoCloseableReadWriteLock.java:logLocking(65)) - s0@group-E8AE2E048FCA: readLock RELEASED 0 by SegmentedRaftLogCache$LogSegmentList.getTotalCacheSize
2022-07-14 02:38:07,448 [s0-client-thread1] DEBUG segmented.SegmentedRaftLogWorker (SegmentedRaftLogWorker.java:addIOTask(270)) - s0@group-E8AE2E048FCA-SegmentedRaftLogWorker adds IO task WriteLog:155: (t:1, i:155), STATEMACHINELOGENTRY, StateMachineLogEntryProto:405@client-4187B1F4E061
2022-07-14 02:38:07,449 [s0@group-E8AE2E048FCA-SegmentedRaftLogWorker] DEBUG segmented.SegmentedRaftLogWorker (SegmentedRaftLogWorker.java:flushIfNecessary(365)) - s0@group-E8AE2E048FCA-SegmentedRaftLogWorker: flush SegmentedRaftLogOutputStream(/home/runner/work/ratis/ratis/ratis-test/target/test/data/f69c223b/MiniRaftClusterWithSimulatedRpc37250022/s0/24813b6b-21de-410f-95d3-e8ae2e048fca/current/log_inprogress_0)
2022-07-14 02:38:07,449 [s0@group-E8AE2E048FCA-LeaderStateImpl] TRACE segmented.SegmentedRaftLogCache (AutoCloseableReadWriteLock.java:logLocking(65)) - s0@group-E8AE2E048FCA: readLock ACQUIRED 1 by SegmentedRaftLogCache.getStartIndex
2022-07-14 02:38:07,449 [s0@group-E8AE2E048FCA-LeaderStateImpl] TRACE segmented.SegmentedRaftLogCache (AutoCloseableReadWriteLock.java:logLocking(65)) -   s0@group-E8AE2E048FCA: readLock ACQUIRED 2 by SegmentedRaftLogCache$LogSegmentList.isEmpty
2022-07-14 02:38:07,449 [s0@group-E8AE2E048FCA-LeaderStateImpl] TRACE segmented.SegmentedRaftLogCache (AutoCloseableReadWriteLock.java:logLocking(65)) -   s0@group-E8AE2E048FCA: readLock RELEASED 1 by SegmentedRaftLogCache$LogSegmentList.isEmpty
2022-07-14 02:38:07,449 [s0@group-E8AE2E048FCA-LeaderStateImpl] TRACE segmented.SegmentedRaftLogCache (AutoCloseableReadWriteLock.java:logLocking(65)) - s0@group-E8AE2E048FCA: readLock RELEASED 0 by SegmentedRaftLogCache.getStartIndex
2022-07-14 02:38:07,449 [s0@group-E8AE2E048FCA-LeaderStateImpl] TRACE segmented.SegmentedRaftLogCache (AutoCloseableReadWriteLock.java:logLocking(65)) - s0@group-E8AE2E048FCA: readLock ACQUIRED 1 by SegmentedRaftLogCache.getEndIndex
2022-07-14 02:38:07,449 [s0@group-E8AE2E048FCA-LeaderStateImpl] TRACE segmented.SegmentedRaftLogCache (AutoCloseableReadWriteLock.java:logLocking(65)) - s0@group-E8AE2E048FCA: readLock RELEASED 0 by SegmentedRaftLogCache.getEndIndex
2022-07-14 02:38:07,449 [s0@group-E8AE2E048FCA-LeaderStateImpl] TRACE segmented.SegmentedRaftLogCache (AutoCloseableReadWriteLock.java:logLocking(65)) - s0@group-E8AE2E048FCA: readLock ACQUIRED 1 by SegmentedRaftLogCache$LogSegmentList.getTermIndex
2022-07-14 02:38:07,449 [s0@group-E8AE2E048FCA-LeaderStateImpl] TRACE segmented.SegmentedRaftLogCache (AutoCloseableReadWriteLock.java:logLocking(65)) - s0@group-E8AE2E048FCA: readLock RELEASED 0 by SegmentedRaftLogCache$LogSegmentList.getTermIndex
2022-07-14 02:38:07,450 [s0@group-E8AE2E048FCA-LeaderStateImpl] TRACE segmented.SegmentedRaftLogCache (AutoCloseableReadWriteLock.java:logLocking(65)) - s0@group-E8AE2E048FCA: readLock ACQUIRED 1 by SegmentedRaftLogCache.getStartIndex
2022-07-14 02:38:07,451 [s0@group-E8AE2E048FCA-LeaderStateImpl] TRACE segmented.SegmentedRaftLogCache (AutoCloseableReadWriteLock.java:logLocking(65)) -   s0@group-E8AE2E048FCA: readLock ACQUIRED 2 by SegmentedRaftLogCache$LogSegmentList.isEmpty
2022-07-14 02:38:07,451 [s0@group-E8AE2E048FCA-LeaderStateImpl] TRACE segmented.SegmentedRaftLogCache (AutoCloseableReadWriteLock.java:logLocking(65)) -   s0@group-E8AE2E048FCA: readLock RELEASED 1 by SegmentedRaftLogCache$LogSegmentList.isEmpty
2022-07-14 02:38:07,451 [s0@group-E8AE2E048FCA-LeaderStateImpl] TRACE segmented.SegmentedRaftLogCache (AutoCloseableReadWriteLock.java:logLocking(65)) - s0@group-E8AE2E048FCA: readLock RELEASED 0 by SegmentedRaftLogCache.getStartIndex
2022-07-14 02:38:07,451 [s0@group-E8AE2E048FCA-LeaderStateImpl] TRACE segmented.SegmentedRaftLogCache (AutoCloseableReadWriteLock.java:logLocking(65)) - s0@group-E8AE2E048FCA: readLock ACQUIRED 1 by SegmentedRaftLogCache.getEndIndex
2022-07-14 02:38:07,451 [s0@group-E8AE2E048FCA-LeaderStateImpl] TRACE segmented.SegmentedRaftLogCache (AutoCloseableReadWriteLock.java:logLocking(65)) - s0@group-E8AE2E048FCA: readLock RELEASED 0 by SegmentedRaftLogCache.getEndIndex
2022-07-14 02:38:07,451 [s0@group-E8AE2E048FCA-LeaderStateImpl] TRACE segmented.SegmentedRaftLogCache (AutoCloseableReadWriteLock.java:logLocking(65)) - s0@group-E8AE2E048FCA: readLock ACQUIRED 1 by SegmentedRaftLogCache$LogSegmentList.getTermIndex
2022-07-14 02:38:07,451 [s0@group-E8AE2E048FCA-LeaderStateImpl] TRACE segmented.SegmentedRaftLogCache (AutoCloseableReadWriteLock.java:logLocking(65)) - s0@group-E8AE2E048FCA: readLock RELEASED 0 by SegmentedRaftLogCache$LogSegmentList.getTermIndex
2022-07-14 02:38:07,451 [s0@group-E8AE2E048FCA-LeaderStateImpl] TRACE segmented.SegmentedRaftLogCache (AutoCloseableReadWriteLock.java:logLocking(65)) - s0@group-E8AE2E048FCA: readLock ACQUIRED 1 by SegmentedRaftLogCache.getLastTermIndex
2022-07-14 02:38:07,451 [s0@group-E8AE2E048FCA-LeaderStateImpl] TRACE segmented.SegmentedRaftLogCache (AutoCloseableReadWriteLock.java:logLocking(65)) - s0@group-E8AE2E048FCA: readLock RELEASED 0 by SegmentedRaftLogCache.getLastTermIndex
2022-07-14 02:38:07,451 [s0@group-E8AE2E048FCA-LeaderStateImpl] TRACE segmented.SegmentedRaftLogCache (AutoCloseableReadWriteLock.java:logLocking(65)) - s0@group-E8AE2E048FCA: readLock ACQUIRED 1 by SegmentedRaftLogCache$LogSegmentList.countCached
2022-07-14 02:38:07,451 [s0@group-E8AE2E048FCA-LeaderStateImpl] TRACE segmented.SegmentedRaftLogCache (AutoCloseableReadWriteLock.java:logLocking(65)) - s0@group-E8AE2E048FCA: readLock RELEASED 0 by SegmentedRaftLogCache$LogSegmentList.countCached
2022-07-14 02:38:07,451 [s0@group-E8AE2E048FCA-LeaderStateImpl] TRACE segmented.SegmentedRaftLogCache (AutoCloseableReadWriteLock.java:logLocking(65)) - s0@group-E8AE2E048FCA: readLock ACQUIRED 1 by SegmentedRaftLogCache$LogSegmentList.getTotalCacheSize
2022-07-14 02:38:07,451 [s0@group-E8AE2E048FCA-LeaderStateImpl] TRACE segmented.SegmentedRaftLogCache (AutoCloseableReadWriteLock.java:logLocking(65)) - s0@group-E8AE2E048FCA: readLock RELEASED 0 by SegmentedRaftLogCache$LogSegmentList.getTotalCacheSize
2022-07-14 02:38:07,451 [s0@group-E8AE2E048FCA-LeaderStateImpl] DEBUG segmented.SegmentedRaftLogWorker (SegmentedRaftLogWorker.java:addIOTask(270)) - s0@group-E8AE2E048FCA-SegmentedRaftLogWorker adds IO task WriteLog:156: (t:1, i:156), METADATAENTRY(c:155)
2022-07-14 02:38:07,451 [s0@group-E8AE2E048FCA-SegmentedRaftLogWorker] DEBUG segmented.SegmentedRaftLogWorker (SegmentedRaftLogWorker.java:flushIfNecessary(365)) - s0@group-E8AE2E048FCA-SegmentedRaftLogWorker: flush SegmentedRaftLogOutputStream(/home/runner/work/ratis/ratis/ratis-test/target/test/data/f69c223b/MiniRaftClusterWithSimulatedRpc37250022/s0/24813b6b-21de-410f-95d3-e8ae2e048fca/current/log_inprogress_0)
2022-07-14 02:38:07,452 [s0@group-E8AE2E048FCA-StateMachineUpdater] INFO  statemachine.SimpleStateMachine4Testing (SimpleStateMachine4Testing.java:put(204)) - s0: put 155, m77 -> (t:1, i:155), STATEMACHINELOGENTRY, 405@client-4187B1F4E061
2022-07-14 02:38:07,452 [s0-client-thread1] TRACE segmented.SegmentedRaftLogCache (AutoCloseableReadWriteLock.java:logLocking(65)) - s0@group-E8AE2E048FCA: readLock ACQUIRED 1 by SegmentedRaftLogCache.getLastTermIndex
2022-07-14 02:38:07,452 [s0-client-thread1] TRACE segmented.SegmentedRaftLogCache (AutoCloseableReadWriteLock.java:logLocking(65)) - s0@group-E8AE2E048FCA: readLock RELEASED 0 by SegmentedRaftLogCache.getLastTermIndex
2022-07-14 02:38:07,452 [s0-client-thread1] TRACE segmented.SegmentedRaftLogCache (AutoCloseableReadWriteLock.java:logLocking(65)) - s0@group-E8AE2E048FCA: readLock ACQUIRED 1 by SegmentedRaftLogCache.getLastTermIndex
2022-07-14 02:38:07,452 [s0-client-thread1] TRACE segmented.SegmentedRaftLogCache (AutoCloseableReadWriteLock.java:logLocking(65)) - s0@group-E8AE2E048FCA: readLock RELEASED 0 by SegmentedRaftLogCache.getLastTermIndex
2022-07-14 02:38:07,452 [s0-client-thread1] TRACE segmented.SegmentedRaftLogCache (AutoCloseableReadWriteLock.java:logLocking(65)) - s0@group-E8AE2E048FCA: readLock ACQUIRED 1 by SegmentedRaftLogCache$LogSegmentList.countCached
2022-07-14 02:38:07,452 [s0-client-thread1] TRACE segmented.SegmentedRaftLogCache (AutoCloseableReadWriteLock.java:logLocking(65)) - s0@group-E8AE2E048FCA: readLock RELEASED 0 by SegmentedRaftLogCache$LogSegmentList.countCached
2022-07-14 02:38:07,452 [s0-client-thread1] TRACE segmented.SegmentedRaftLogCache (AutoCloseableReadWriteLock.java:logLocking(65)) - s0@group-E8AE2E048FCA: readLock ACQUIRED 1 by SegmentedRaftLogCache$LogSegmentList.getTotalCacheSize
2022-07-14 02:38:07,452 [s0-client-thread1] TRACE segmented.SegmentedRaftLogCache (AutoCloseableReadWriteLock.java:logLocking(65)) - s0@group-E8AE2E048FCA: readLock RELEASED 0 by SegmentedRaftLogCache$LogSegmentList.getTotalCacheSize
2022-07-14 02:38:07,452 [s0-client-thread1] DEBUG segmented.SegmentedRaftLogWorker (SegmentedRaftLogWorker.java:addIOTask(270)) - s0@group-E8AE2E048FCA-SegmentedRaftLogWorker adds IO task WriteLog:157: (t:1, i:157), STATEMACHINELOGENTRY, StateMachineLogEntryProto:406@client-4187B1F4E061
2022-07-14 02:38:07,453 [s0@group-E8AE2E048FCA-SegmentedRaftLogWorker] DEBUG segmented.SegmentedRaftLogWorker (SegmentedRaftLogWorker.java:flushIfNecessary(365)) - s0@group-E8AE2E048FCA-SegmentedRaftLogWorker: flush SegmentedRaftLogOutputStream(/home/runner/work/ratis/ratis/ratis-test/target/test/data/f69c223b/MiniRaftClusterWithSimulatedRpc37250022/s0/24813b6b-21de-410f-95d3-e8ae2e048fca/current/log_inprogress_0)
2022-07-14 02:38:07,453 [s0@group-E8AE2E048FCA-LeaderStateImpl] TRACE segmented.SegmentedRaftLogCache (AutoCloseableReadWriteLock.java:logLocking(65)) - s0@group-E8AE2E048FCA: readLock ACQUIRED 1 by SegmentedRaftLogCache.getStartIndex
2022-07-14 02:38:07,453 [s0@group-E8AE2E048FCA-LeaderStateImpl] TRACE segmented.SegmentedRaftLogCache (AutoCloseableReadWriteLock.java:logLocking(65)) -   s0@group-E8AE2E048FCA: readLock ACQUIRED 2 by SegmentedRaftLogCache$LogSegmentList.isEmpty
2022-07-14 02:38:07,453 [s0@group-E8AE2E048FCA-LeaderStateImpl] TRACE segmented.SegmentedRaftLogCache (AutoCloseableReadWriteLock.java:logLocking(65)) -   s0@group-E8AE2E048FCA: readLock RELEASED 1 by SegmentedRaftLogCache$LogSegmentList.isEmpty
2022-07-14 02:38:07,453 [s0@group-E8AE2E048FCA-LeaderStateImpl] TRACE segmented.SegmentedRaftLogCache (AutoCloseableReadWriteLock.java:logLocking(65)) - s0@group-E8AE2E048FCA: readLock RELEASED 0 by SegmentedRaftLogCache.getStartIndex
2022-07-14 02:38:07,453 [s0@group-E8AE2E048FCA-LeaderStateImpl] TRACE segmented.SegmentedRaftLogCache (AutoCloseableReadWriteLock.java:logLocking(65)) - s0@group-E8AE2E048FCA: readLock ACQUIRED 1 by SegmentedRaftLogCache.getEndIndex
2022-07-14 02:38:07,453 [s0@group-E8AE2E048FCA-LeaderStateImpl] TRACE segmented.SegmentedRaftLogCache (AutoCloseableReadWriteLock.java:logLocking(65)) - s0@group-E8AE2E048FCA: readLock RELEASED 0 by SegmentedRaftLogCache.getEndIndex
2022-07-14 02:38:07,453 [s0@group-E8AE2E048FCA-LeaderStateImpl] TRACE segmented.SegmentedRaftLogCache (AutoCloseableReadWriteLock.java:logLocking(65)) - s0@group-E8AE2E048FCA: readLock ACQUIRED 1 by SegmentedRaftLogCache$LogSegmentList.getTermIndex
2022-07-14 02:38:07,453 [s0@group-E8AE2E048FCA-LeaderStateImpl] TRACE segmented.SegmentedRaftLogCache (AutoCloseableReadWriteLock.java:logLocking(65)) - s0@group-E8AE2E048FCA: readLock RELEASED 0 by SegmentedRaftLogCache$LogSegmentList.getTermIndex
2022-07-14 02:38:07,454 [s0@group-E8AE2E048FCA-LeaderStateImpl] TRACE segmented.SegmentedRaftLogCache (AutoCloseableReadWriteLock.java:logLocking(65)) - s0@group-E8AE2E048FCA: readLock ACQUIRED 1 by SegmentedRaftLogCache.getStartIndex
2022-07-14 02:38:07,454 [s0@group-E8AE2E048FCA-LeaderStateImpl] TRACE segmented.SegmentedRaftLogCache (AutoCloseableReadWriteLock.java:logLocking(65)) -   s0@group-E8AE2E048FCA: readLock ACQUIRED 2 by SegmentedRaftLogCache$LogSegmentList.isEmpty
2022-07-14 02:38:07,454 [s0@group-E8AE2E048FCA-LeaderStateImpl] TRACE segmented.SegmentedRaftLogCache (AutoCloseableReadWriteLock.java:logLocking(65)) -   s0@group-E8AE2E048FCA: readLock RELEASED 1 by SegmentedRaftLogCache$LogSegmentList.isEmpty
2022-07-14 02:38:07,454 [s0@group-E8AE2E048FCA-LeaderStateImpl] TRACE segmented.SegmentedRaftLogCache (AutoCloseableReadWriteLock.java:logLocking(65)) - s0@group-E8AE2E048FCA: readLock RELEASED 0 by SegmentedRaftLogCache.getStartIndex
2022-07-14 02:38:07,454 [s0@group-E8AE2E048FCA-LeaderStateImpl] TRACE segmented.SegmentedRaftLogCache (AutoCloseableReadWriteLock.java:logLocking(65)) - s0@group-E8AE2E048FCA: readLock ACQUIRED 1 by SegmentedRaftLogCache.getEndIndex
2022-07-14 02:38:07,454 [s0@group-E8AE2E048FCA-LeaderStateImpl] TRACE segmented.SegmentedRaftLogCache (AutoCloseableReadWriteLock.java:logLocking(65)) - s0@group-E8AE2E048FCA: readLock RELEASED 0 by SegmentedRaftLogCache.getEndIndex
2022-07-14 02:38:07,455 [s0@group-E8AE2E048FCA-LeaderStateImpl] TRACE segmented.SegmentedRaftLogCache (AutoCloseableReadWriteLock.java:logLocking(65)) - s0@group-E8AE2E048FCA: readLock ACQUIRED 1 by SegmentedRaftLogCache$LogSegmentList.getTermIndex
2022-07-14 02:38:07,455 [s0@group-E8AE2E048FCA-LeaderStateImpl] TRACE segmented.SegmentedRaftLogCache (AutoCloseableReadWriteLock.java:logLocking(65)) - s0@group-E8AE2E048FCA: readLock RELEASED 0 by SegmentedRaftLogCache$LogSegmentList.getTermIndex
2022-07-14 02:38:07,455 [s0@group-E8AE2E048FCA-LeaderStateImpl] TRACE segmented.SegmentedRaftLogCache (AutoCloseableReadWriteLock.java:logLocking(65)) - s0@group-E8AE2E048FCA: readLock ACQUIRED 1 by SegmentedRaftLogCache.getLastTermIndex
2022-07-14 02:38:07,455 [s0@group-E8AE2E048FCA-LeaderStateImpl] TRACE segmented.SegmentedRaftLogCache (AutoCloseableReadWriteLock.java:logLocking(65)) - s0@group-E8AE2E048FCA: readLock RELEASED 0 by SegmentedRaftLogCache.getLastTermIndex
2022-07-14 02:38:07,455 [s0@group-E8AE2E048FCA-LeaderStateImpl] TRACE segmented.SegmentedRaftLogCache (AutoCloseableReadWriteLock.java:logLocking(65)) - s0@group-E8AE2E048FCA: readLock ACQUIRED 1 by SegmentedRaftLogCache$LogSegmentList.countCached
2022-07-14 02:38:07,455 [s0@group-E8AE2E048FCA-LeaderStateImpl] TRACE segmented.SegmentedRaftLogCache (AutoCloseableReadWriteLock.java:logLocking(65)) - s0@group-E8AE2E048FCA: readLock RELEASED 0 by SegmentedRaftLogCache$LogSegmentList.countCached
2022-07-14 02:38:07,455 [s0@group-E8AE2E048FCA-LeaderStateImpl] TRACE segmented.SegmentedRaftLogCache (AutoCloseableReadWriteLock.java:logLocking(65)) - s0@group-E8AE2E048FCA: readLock ACQUIRED 1 by SegmentedRaftLogCache$LogSegmentList.getTotalCacheSize
2022-07-14 02:38:07,455 [s0@group-E8AE2E048FCA-LeaderStateImpl] TRACE segmented.SegmentedRaftLogCache (AutoCloseableReadWriteLock.java:logLocking(65)) - s0@group-E8AE2E048FCA: readLock RELEASED 0 by SegmentedRaftLogCache$LogSegmentList.getTotalCacheSize
2022-07-14 02:38:07,455 [s0@group-E8AE2E048FCA-LeaderStateImpl] DEBUG segmented.SegmentedRaftLogWorker (SegmentedRaftLogWorker.java:addIOTask(270)) - s0@group-E8AE2E048FCA-SegmentedRaftLogWorker adds IO task WriteLog:158: (t:1, i:158), METADATAENTRY(c:157)
2022-07-14 02:38:07,455 [s0@group-E8AE2E048FCA-SegmentedRaftLogWorker] DEBUG segmented.SegmentedRaftLogWorker (SegmentedRaftLogWorker.java:flushIfNecessary(365)) - s0@group-E8AE2E048FCA-SegmentedRaftLogWorker: flush SegmentedRaftLogOutputStream(/home/runner/work/ratis/ratis/ratis-test/target/test/data/f69c223b/MiniRaftClusterWithSimulatedRpc37250022/s0/24813b6b-21de-410f-95d3-e8ae2e048fca/current/log_inprogress_0)
2022-07-14 02:38:07,455 [s0@group-E8AE2E048FCA-StateMachineUpdater] INFO  statemachine.SimpleStateMachine4Testing (SimpleStateMachine4Testing.java:put(204)) - s0: put 157, m78 -> (t:1, i:157), STATEMACHINELOGENTRY, 406@client-4187B1F4E061
2022-07-14 02:38:07,456 [s0-client-thread1] TRACE segmented.SegmentedRaftLogCache (AutoCloseableReadWriteLock.java:logLocking(65)) - s0@group-E8AE2E048FCA: readLock ACQUIRED 1 by SegmentedRaftLogCache.getLastTermIndex
2022-07-14 02:38:07,456 [s0-client-thread1] TRACE segmented.SegmentedRaftLogCache (AutoCloseableReadWriteLock.java:logLocking(65)) - s0@group-E8AE2E048FCA: readLock RELEASED 0 by SegmentedRaftLogCache.getLastTermIndex
2022-07-14 02:38:07,456 [s0-client-thread1] TRACE segmented.SegmentedRaftLogCache (AutoCloseableReadWriteLock.java:logLocking(65)) - s0@group-E8AE2E048FCA: readLock ACQUIRED 1 by SegmentedRaftLogCache.getLastTermIndex
2022-07-14 02:38:07,456 [s0-client-thread1] TRACE segmented.SegmentedRaftLogCache (AutoCloseableReadWriteLock.java:logLocking(65)) - s0@group-E8AE2E048FCA: readLock RELEASED 0 by SegmentedRaftLogCache.getLastTermIndex
2022-07-14 02:38:07,456 [s0-client-thread1] TRACE segmented.SegmentedRaftLogCache (AutoCloseableReadWriteLock.java:logLocking(65)) - s0@group-E8AE2E048FCA: readLock ACQUIRED 1 by SegmentedRaftLogCache$LogSegmentList.countCached
2022-07-14 02:38:07,456 [s0-client-thread1] TRACE segmented.SegmentedRaftLogCache (AutoCloseableReadWriteLock.java:logLocking(65)) - s0@group-E8AE2E048FCA: readLock RELEASED 0 by SegmentedRaftLogCache$LogSegmentList.countCached
2022-07-14 02:38:07,456 [s0-client-thread1] TRACE segmented.SegmentedRaftLogCache (AutoCloseableReadWriteLock.java:logLocking(65)) - s0@group-E8AE2E048FCA: readLock ACQUIRED 1 by SegmentedRaftLogCache$LogSegmentList.getTotalCacheSize
2022-07-14 02:38:07,456 [s0-client-thread1] TRACE segmented.SegmentedRaftLogCache (AutoCloseableReadWriteLock.java:logLocking(65)) - s0@group-E8AE2E048FCA: readLock RELEASED 0 by SegmentedRaftLogCache$LogSegmentList.getTotalCacheSize
2022-07-14 02:38:07,456 [s0-client-thread1] DEBUG segmented.SegmentedRaftLogWorker (SegmentedRaftLogWorker.java:addIOTask(270)) - s0@group-E8AE2E048FCA-SegmentedRaftLogWorker adds IO task WriteLog:159: (t:1, i:159), STATEMACHINELOGENTRY, StateMachineLogEntryProto:407@client-4187B1F4E061
2022-07-14 02:38:07,457 [s0@group-E8AE2E048FCA-SegmentedRaftLogWorker] DEBUG segmented.SegmentedRaftLogWorker (SegmentedRaftLogWorker.java:flushIfNecessary(365)) - s0@group-E8AE2E048FCA-SegmentedRaftLogWorker: flush SegmentedRaftLogOutputStream(/home/runner/work/ratis/ratis/ratis-test/target/test/data/f69c223b/MiniRaftClusterWithSimulatedRpc37250022/s0/24813b6b-21de-410f-95d3-e8ae2e048fca/current/log_inprogress_0)
2022-07-14 02:38:07,457 [s0@group-E8AE2E048FCA-LeaderStateImpl] TRACE segmented.SegmentedRaftLogCache (AutoCloseableReadWriteLock.java:logLocking(65)) - s0@group-E8AE2E048FCA: readLock ACQUIRED 1 by SegmentedRaftLogCache.getStartIndex
2022-07-14 02:38:07,457 [s0@group-E8AE2E048FCA-LeaderStateImpl] TRACE segmented.SegmentedRaftLogCache (AutoCloseableReadWriteLock.java:logLocking(65)) -   s0@group-E8AE2E048FCA: readLock ACQUIRED 2 by SegmentedRaftLogCache$LogSegmentList.isEmpty
2022-07-14 02:38:07,457 [s0@group-E8AE2E048FCA-LeaderStateImpl] TRACE segmented.SegmentedRaftLogCache (AutoCloseableReadWriteLock.java:logLocking(65)) -   s0@group-E8AE2E048FCA: readLock RELEASED 1 by SegmentedRaftLogCache$LogSegmentList.isEmpty
2022-07-14 02:38:07,457 [s0@group-E8AE2E048FCA-LeaderStateImpl] TRACE segmented.SegmentedRaftLogCache (AutoCloseableReadWriteLock.java:logLocking(65)) - s0@group-E8AE2E048FCA: readLock RELEASED 0 by SegmentedRaftLogCache.getStartIndex
2022-07-14 02:38:07,457 [s0@group-E8AE2E048FCA-LeaderStateImpl] TRACE segmented.SegmentedRaftLogCache (AutoCloseableReadWriteLock.java:logLocking(65)) - s0@group-E8AE2E048FCA: readLock ACQUIRED 1 by SegmentedRaftLogCache.getEndIndex
2022-07-14 02:38:07,457 [s0@group-E8AE2E048FCA-LeaderStateImpl] TRACE segmented.SegmentedRaftLogCache (AutoCloseableReadWriteLock.java:logLocking(65)) - s0@group-E8AE2E048FCA: readLock RELEASED 0 by SegmentedRaftLogCache.getEndIndex
2022-07-14 02:38:07,457 [s0@group-E8AE2E048FCA-LeaderStateImpl] TRACE segmented.SegmentedRaftLogCache (AutoCloseableReadWriteLock.java:logLocking(65)) - s0@group-E8AE2E048FCA: readLock ACQUIRED 1 by SegmentedRaftLogCache$LogSegmentList.getTermIndex
2022-07-14 02:38:07,457 [s0@group-E8AE2E048FCA-LeaderStateImpl] TRACE segmented.SegmentedRaftLogCache (AutoCloseableReadWriteLock.java:logLocking(65)) - s0@group-E8AE2E048FCA: readLock RELEASED 0 by SegmentedRaftLogCache$LogSegmentList.getTermIndex
2022-07-14 02:38:07,458 [s0@group-E8AE2E048FCA-LeaderStateImpl] TRACE segmented.SegmentedRaftLogCache (AutoCloseableReadWriteLock.java:logLocking(65)) - s0@group-E8AE2E048FCA: readLock ACQUIRED 1 by SegmentedRaftLogCache.getStartIndex
2022-07-14 02:38:07,458 [s0@group-E8AE2E048FCA-LeaderStateImpl] TRACE segmented.SegmentedRaftLogCache (AutoCloseableReadWriteLock.java:logLocking(65)) -   s0@group-E8AE2E048FCA: readLock ACQUIRED 2 by SegmentedRaftLogCache$LogSegmentList.isEmpty
2022-07-14 02:38:07,458 [s0@group-E8AE2E048FCA-LeaderStateImpl] TRACE segmented.SegmentedRaftLogCache (AutoCloseableReadWriteLock.java:logLocking(65)) -   s0@group-E8AE2E048FCA: readLock RELEASED 1 by SegmentedRaftLogCache$LogSegmentList.isEmpty
2022-07-14 02:38:07,458 [s0@group-E8AE2E048FCA-LeaderStateImpl] TRACE segmented.SegmentedRaftLogCache (AutoCloseableReadWriteLock.java:logLocking(65)) - s0@group-E8AE2E048FCA: readLock RELEASED 0 by SegmentedRaftLogCache.getStartIndex
2022-07-14 02:38:07,458 [s0@group-E8AE2E048FCA-LeaderStateImpl] TRACE segmented.SegmentedRaftLogCache (AutoCloseableReadWriteLock.java:logLocking(65)) - s0@group-E8AE2E048FCA: readLock ACQUIRED 1 by SegmentedRaftLogCache.getEndIndex
2022-07-14 02:38:07,458 [s0@group-E8AE2E048FCA-LeaderStateImpl] TRACE segmented.SegmentedRaftLogCache (AutoCloseableReadWriteLock.java:logLocking(65)) - s0@group-E8AE2E048FCA: readLock RELEASED 0 by SegmentedRaftLogCache.getEndIndex
2022-07-14 02:38:07,458 [s0@group-E8AE2E048FCA-LeaderStateImpl] TRACE segmented.SegmentedRaftLogCache (AutoCloseableReadWriteLock.java:logLocking(65)) - s0@group-E8AE2E048FCA: readLock ACQUIRED 1 by SegmentedRaftLogCache$LogSegmentList.getTermIndex
2022-07-14 02:38:07,458 [s0@group-E8AE2E048FCA-LeaderStateImpl] TRACE segmented.SegmentedRaftLogCache (AutoCloseableReadWriteLock.java:logLocking(65)) - s0@group-E8AE2E048FCA: readLock RELEASED 0 by SegmentedRaftLogCache$LogSegmentList.getTermIndex
2022-07-14 02:38:07,458 [s0@group-E8AE2E048FCA-LeaderStateImpl] TRACE segmented.SegmentedRaftLogCache (AutoCloseableReadWriteLock.java:logLocking(65)) - s0@group-E8AE2E048FCA: readLock ACQUIRED 1 by SegmentedRaftLogCache.getLastTermIndex
2022-07-14 02:38:07,458 [s0@group-E8AE2E048FCA-LeaderStateImpl] TRACE segmented.SegmentedRaftLogCache (AutoCloseableReadWriteLock.java:logLocking(65)) - s0@group-E8AE2E048FCA: readLock RELEASED 0 by SegmentedRaftLogCache.getLastTermIndex
2022-07-14 02:38:07,458 [s0@group-E8AE2E048FCA-LeaderStateImpl] TRACE segmented.SegmentedRaftLogCache (AutoCloseableReadWriteLock.java:logLocking(65)) - s0@group-E8AE2E048FCA: readLock ACQUIRED 1 by SegmentedRaftLogCache$LogSegmentList.countCached
2022-07-14 02:38:07,458 [s0@group-E8AE2E048FCA-LeaderStateImpl] TRACE segmented.SegmentedRaftLogCache (AutoCloseableReadWriteLock.java:logLocking(65)) - s0@group-E8AE2E048FCA: readLock RELEASED 0 by SegmentedRaftLogCache$LogSegmentList.countCached
2022-07-14 02:38:07,458 [s0@group-E8AE2E048FCA-LeaderStateImpl] TRACE segmented.SegmentedRaftLogCache (AutoCloseableReadWriteLock.java:logLocking(65)) - s0@group-E8AE2E048FCA: readLock ACQUIRED 1 by SegmentedRaftLogCache$LogSegmentList.getTotalCacheSize
2022-07-14 02:38:07,458 [s0@group-E8AE2E048FCA-LeaderStateImpl] TRACE segmented.SegmentedRaftLogCache (AutoCloseableReadWriteLock.java:logLocking(65)) - s0@group-E8AE2E048FCA: readLock RELEASED 0 by SegmentedRaftLogCache$LogSegmentList.getTotalCacheSize
2022-07-14 02:38:07,458 [s0@group-E8AE2E048FCA-LeaderStateImpl] DEBUG segmented.SegmentedRaftLogWorker (SegmentedRaftLogWorker.java:addIOTask(270)) - s0@group-E8AE2E048FCA-SegmentedRaftLogWorker adds IO task WriteLog:160: (t:1, i:160), METADATAENTRY(c:159)
2022-07-14 02:38:07,458 [s0@group-E8AE2E048FCA-SegmentedRaftLogWorker] DEBUG segmented.SegmentedRaftLogWorker (SegmentedRaftLogWorker.java:flushIfNecessary(365)) - s0@group-E8AE2E048FCA-SegmentedRaftLogWorker: flush SegmentedRaftLogOutputStream(/home/runner/work/ratis/ratis/ratis-test/target/test/data/f69c223b/MiniRaftClusterWithSimulatedRpc37250022/s0/24813b6b-21de-410f-95d3-e8ae2e048fca/current/log_inprogress_0)
2022-07-14 02:38:07,459 [s0@group-E8AE2E048FCA-StateMachineUpdater] INFO  statemachine.SimpleStateMachine4Testing (SimpleStateMachine4Testing.java:put(204)) - s0: put 159, m79 -> (t:1, i:159), STATEMACHINELOGENTRY, 407@client-4187B1F4E061
2022-07-14 02:38:07,459 [s0-client-thread1] TRACE segmented.SegmentedRaftLogCache (AutoCloseableReadWriteLock.java:logLocking(65)) - s0@group-E8AE2E048FCA: readLock ACQUIRED 1 by SegmentedRaftLogCache.getLastTermIndex
2022-07-14 02:38:07,459 [s0-client-thread1] TRACE segmented.SegmentedRaftLogCache (AutoCloseableReadWriteLock.java:logLocking(65)) - s0@group-E8AE2E048FCA: readLock RELEASED 0 by SegmentedRaftLogCache.getLastTermIndex
2022-07-14 02:38:07,459 [s0-client-thread1] TRACE segmented.SegmentedRaftLogCache (AutoCloseableReadWriteLock.java:logLocking(65)) - s0@group-E8AE2E048FCA: readLock ACQUIRED 1 by SegmentedRaftLogCache.getLastTermIndex
2022-07-14 02:38:07,459 [s0-client-thread1] TRACE segmented.SegmentedRaftLogCache (AutoCloseableReadWriteLock.java:logLocking(65)) - s0@group-E8AE2E048FCA: readLock RELEASED 0 by SegmentedRaftLogCache.getLastTermIndex
2022-07-14 02:38:07,459 [s0-client-thread1] TRACE segmented.SegmentedRaftLogCache (AutoCloseableReadWriteLock.java:logLocking(65)) - s0@group-E8AE2E048FCA: readLock ACQUIRED 1 by SegmentedRaftLogCache$LogSegmentList.countCached
2022-07-14 02:38:07,459 [s0-client-thread1] TRACE segmented.SegmentedRaftLogCache (AutoCloseableReadWriteLock.java:logLocking(65)) - s0@group-E8AE2E048FCA: readLock RELEASED 0 by SegmentedRaftLogCache$LogSegmentList.countCached
2022-07-14 02:38:07,459 [s0-client-thread1] TRACE segmented.SegmentedRaftLogCache (AutoCloseableReadWriteLock.java:logLocking(65)) - s0@group-E8AE2E048FCA: readLock ACQUIRED 1 by SegmentedRaftLogCache$LogSegmentList.getTotalCacheSize
2022-07-14 02:38:07,459 [s0-client-thread1] TRACE segmented.SegmentedRaftLogCache (AutoCloseableReadWriteLock.java:logLocking(65)) - s0@group-E8AE2E048FCA: readLock RELEASED 0 by SegmentedRaftLogCache$LogSegmentList.getTotalCacheSize
2022-07-14 02:38:07,459 [s0-client-thread1] DEBUG segmented.SegmentedRaftLogWorker (SegmentedRaftLogWorker.java:addIOTask(270)) - s0@group-E8AE2E048FCA-SegmentedRaftLogWorker adds IO task WriteLog:161: (t:1, i:161), STATEMACHINELOGENTRY, StateMachineLogEntryProto:408@client-4187B1F4E061
2022-07-14 02:38:07,460 [s0@group-E8AE2E048FCA-SegmentedRaftLogWorker] DEBUG segmented.SegmentedRaftLogWorker (SegmentedRaftLogWorker.java:flushIfNecessary(365)) - s0@group-E8AE2E048FCA-SegmentedRaftLogWorker: flush SegmentedRaftLogOutputStream(/home/runner/work/ratis/ratis/ratis-test/target/test/data/f69c223b/MiniRaftClusterWithSimulatedRpc37250022/s0/24813b6b-21de-410f-95d3-e8ae2e048fca/current/log_inprogress_0)
2022-07-14 02:38:07,460 [s0@group-E8AE2E048FCA-LeaderStateImpl] TRACE segmented.SegmentedRaftLogCache (AutoCloseableReadWriteLock.java:logLocking(65)) - s0@group-E8AE2E048FCA: readLock ACQUIRED 1 by SegmentedRaftLogCache.getStartIndex
2022-07-14 02:38:07,460 [s0@group-E8AE2E048FCA-LeaderStateImpl] TRACE segmented.SegmentedRaftLogCache (AutoCloseableReadWriteLock.java:logLocking(65)) -   s0@group-E8AE2E048FCA: readLock ACQUIRED 2 by SegmentedRaftLogCache$LogSegmentList.isEmpty
2022-07-14 02:38:07,460 [s0@group-E8AE2E048FCA-LeaderStateImpl] TRACE segmented.SegmentedRaftLogCache (AutoCloseableReadWriteLock.java:logLocking(65)) -   s0@group-E8AE2E048FCA: readLock RELEASED 1 by SegmentedRaftLogCache$LogSegmentList.isEmpty
2022-07-14 02:38:07,460 [s0@group-E8AE2E048FCA-LeaderStateImpl] TRACE segmented.SegmentedRaftLogCache (AutoCloseableReadWriteLock.java:logLocking(65)) - s0@group-E8AE2E048FCA: readLock RELEASED 0 by SegmentedRaftLogCache.getStartIndex
2022-07-14 02:38:07,460 [s0@group-E8AE2E048FCA-LeaderStateImpl] TRACE segmented.SegmentedRaftLogCache (AutoCloseableReadWriteLock.java:logLocking(65)) - s0@group-E8AE2E048FCA: readLock ACQUIRED 1 by SegmentedRaftLogCache.getEndIndex
2022-07-14 02:38:07,460 [s0@group-E8AE2E048FCA-LeaderStateImpl] TRACE segmented.SegmentedRaftLogCache (AutoCloseableReadWriteLock.java:logLocking(65)) - s0@group-E8AE2E048FCA: readLock RELEASED 0 by SegmentedRaftLogCache.getEndIndex
2022-07-14 02:38:07,460 [s0@group-E8AE2E048FCA-LeaderStateImpl] TRACE segmented.SegmentedRaftLogCache (AutoCloseableReadWriteLock.java:logLocking(65)) - s0@group-E8AE2E048FCA: readLock ACQUIRED 1 by SegmentedRaftLogCache$LogSegmentList.getTermIndex
2022-07-14 02:38:07,460 [s0@group-E8AE2E048FCA-LeaderStateImpl] TRACE segmented.SegmentedRaftLogCache (AutoCloseableReadWriteLock.java:logLocking(65)) - s0@group-E8AE2E048FCA: readLock RELEASED 0 by SegmentedRaftLogCache$LogSegmentList.getTermIndex
2022-07-14 02:38:07,460 [s0@group-E8AE2E048FCA-LeaderStateImpl] TRACE segmented.SegmentedRaftLogCache (AutoCloseableReadWriteLock.java:logLocking(65)) - s0@group-E8AE2E048FCA: readLock ACQUIRED 1 by SegmentedRaftLogCache.getStartIndex
2022-07-14 02:38:07,461 [s0@group-E8AE2E048FCA-LeaderStateImpl] TRACE segmented.SegmentedRaftLogCache (AutoCloseableReadWriteLock.java:logLocking(65)) -   s0@group-E8AE2E048FCA: readLock ACQUIRED 2 by SegmentedRaftLogCache$LogSegmentList.isEmpty
2022-07-14 02:38:07,461 [s0@group-E8AE2E048FCA-LeaderStateImpl] TRACE segmented.SegmentedRaftLogCache (AutoCloseableReadWriteLock.java:logLocking(65)) -   s0@group-E8AE2E048FCA: readLock RELEASED 1 by SegmentedRaftLogCache$LogSegmentList.isEmpty
2022-07-14 02:38:07,461 [s0@group-E8AE2E048FCA-LeaderStateImpl] TRACE segmented.SegmentedRaftLogCache (AutoCloseableReadWriteLock.java:logLocking(65)) - s0@group-E8AE2E048FCA: readLock RELEASED 0 by SegmentedRaftLogCache.getStartIndex
2022-07-14 02:38:07,461 [s0@group-E8AE2E048FCA-LeaderStateImpl] TRACE segmented.SegmentedRaftLogCache (AutoCloseableReadWriteLock.java:logLocking(65)) - s0@group-E8AE2E048FCA: readLock ACQUIRED 1 by SegmentedRaftLogCache.getEndIndex
2022-07-14 02:38:07,461 [s0@group-E8AE2E048FCA-LeaderStateImpl] TRACE segmented.SegmentedRaftLogCache (AutoCloseableReadWriteLock.java:logLocking(65)) - s0@group-E8AE2E048FCA: readLock RELEASED 0 by SegmentedRaftLogCache.getEndIndex
2022-07-14 02:38:07,461 [s0@group-E8AE2E048FCA-LeaderStateImpl] TRACE segmented.SegmentedRaftLogCache (AutoCloseableReadWriteLock.java:logLocking(65)) - s0@group-E8AE2E048FCA: readLock ACQUIRED 1 by SegmentedRaftLogCache$LogSegmentList.getTermIndex
2022-07-14 02:38:07,461 [s0@group-E8AE2E048FCA-LeaderStateImpl] TRACE segmented.SegmentedRaftLogCache (AutoCloseableReadWriteLock.java:logLocking(65)) - s0@group-E8AE2E048FCA: readLock RELEASED 0 by SegmentedRaftLogCache$LogSegmentList.getTermIndex
2022-07-14 02:38:07,461 [s0@group-E8AE2E048FCA-LeaderStateImpl] TRACE segmented.SegmentedRaftLogCache (AutoCloseableReadWriteLock.java:logLocking(65)) - s0@group-E8AE2E048FCA: readLock ACQUIRED 1 by SegmentedRaftLogCache.getLastTermIndex
2022-07-14 02:38:07,461 [s0@group-E8AE2E048FCA-LeaderStateImpl] TRACE segmented.SegmentedRaftLogCache (AutoCloseableReadWriteLock.java:logLocking(65)) - s0@group-E8AE2E048FCA: readLock RELEASED 0 by SegmentedRaftLogCache.getLastTermIndex
2022-07-14 02:38:07,461 [s0@group-E8AE2E048FCA-LeaderStateImpl] TRACE segmented.SegmentedRaftLogCache (AutoCloseableReadWriteLock.java:logLocking(65)) - s0@group-E8AE2E048FCA: readLock ACQUIRED 1 by SegmentedRaftLogCache$LogSegmentList.countCached
2022-07-14 02:38:07,461 [s0@group-E8AE2E048FCA-LeaderStateImpl] TRACE segmented.SegmentedRaftLogCache (AutoCloseableReadWriteLock.java:logLocking(65)) - s0@group-E8AE2E048FCA: readLock RELEASED 0 by SegmentedRaftLogCache$LogSegmentList.countCached
2022-07-14 02:38:07,461 [s0@group-E8AE2E048FCA-LeaderStateImpl] TRACE segmented.SegmentedRaftLogCache (AutoCloseableReadWriteLock.java:logLocking(65)) - s0@group-E8AE2E048FCA: readLock ACQUIRED 1 by SegmentedRaftLogCache$LogSegmentList.getTotalCacheSize
2022-07-14 02:38:07,461 [s0@group-E8AE2E048FCA-LeaderStateImpl] TRACE segmented.SegmentedRaftLogCache (AutoCloseableReadWriteLock.java:logLocking(65)) - s0@group-E8AE2E048FCA: readLock RELEASED 0 by SegmentedRaftLogCache$LogSegmentList.getTotalCacheSize
2022-07-14 02:38:07,461 [s0@group-E8AE2E048FCA-LeaderStateImpl] DEBUG segmented.SegmentedRaftLogWorker (SegmentedRaftLogWorker.java:addIOTask(270)) - s0@group-E8AE2E048FCA-SegmentedRaftLogWorker adds IO task WriteLog:162: (t:1, i:162), METADATAENTRY(c:161)
2022-07-14 02:38:07,461 [s0@group-E8AE2E048FCA-SegmentedRaftLogWorker] DEBUG segmented.SegmentedRaftLogWorker (SegmentedRaftLogWorker.java:flushIfNecessary(365)) - s0@group-E8AE2E048FCA-SegmentedRaftLogWorker: flush SegmentedRaftLogOutputStream(/home/runner/work/ratis/ratis/ratis-test/target/test/data/f69c223b/MiniRaftClusterWithSimulatedRpc37250022/s0/24813b6b-21de-410f-95d3-e8ae2e048fca/current/log_inprogress_0)
2022-07-14 02:38:07,462 [s0@group-E8AE2E048FCA-StateMachineUpdater] INFO  statemachine.SimpleStateMachine4Testing (SimpleStateMachine4Testing.java:put(204)) - s0: put 161, m80 -> (t:1, i:161), STATEMACHINELOGENTRY, 408@client-4187B1F4E061
2022-07-14 02:38:07,462 [s0-client-thread1] TRACE segmented.SegmentedRaftLogCache (AutoCloseableReadWriteLock.java:logLocking(65)) - s0@group-E8AE2E048FCA: readLock ACQUIRED 1 by SegmentedRaftLogCache.getLastTermIndex
2022-07-14 02:38:07,462 [s0-client-thread1] TRACE segmented.SegmentedRaftLogCache (AutoCloseableReadWriteLock.java:logLocking(65)) - s0@group-E8AE2E048FCA: readLock RELEASED 0 by SegmentedRaftLogCache.getLastTermIndex
2022-07-14 02:38:07,462 [s0-client-thread1] TRACE segmented.SegmentedRaftLogCache (AutoCloseableReadWriteLock.java:logLocking(65)) - s0@group-E8AE2E048FCA: readLock ACQUIRED 1 by SegmentedRaftLogCache.getLastTermIndex
2022-07-14 02:38:07,462 [s0-client-thread1] TRACE segmented.SegmentedRaftLogCache (AutoCloseableReadWriteLock.java:logLocking(65)) - s0@group-E8AE2E048FCA: readLock RELEASED 0 by SegmentedRaftLogCache.getLastTermIndex
2022-07-14 02:38:07,462 [s0-client-thread1] TRACE segmented.SegmentedRaftLogCache (AutoCloseableReadWriteLock.java:logLocking(65)) - s0@group-E8AE2E048FCA: readLock ACQUIRED 1 by SegmentedRaftLogCache$LogSegmentList.countCached
2022-07-14 02:38:07,462 [s0-client-thread1] TRACE segmented.SegmentedRaftLogCache (AutoCloseableReadWriteLock.java:logLocking(65)) - s0@group-E8AE2E048FCA: readLock RELEASED 0 by SegmentedRaftLogCache$LogSegmentList.countCached
2022-07-14 02:38:07,462 [s0-client-thread1] TRACE segmented.SegmentedRaftLogCache (AutoCloseableReadWriteLock.java:logLocking(65)) - s0@group-E8AE2E048FCA: readLock ACQUIRED 1 by SegmentedRaftLogCache$LogSegmentList.getTotalCacheSize
2022-07-14 02:38:07,462 [s0-client-thread1] TRACE segmented.SegmentedRaftLogCache (AutoCloseableReadWriteLock.java:logLocking(65)) - s0@group-E8AE2E048FCA: readLock RELEASED 0 by SegmentedRaftLogCache$LogSegmentList.getTotalCacheSize
2022-07-14 02:38:07,463 [s0-client-thread1] DEBUG segmented.SegmentedRaftLogWorker (SegmentedRaftLogWorker.java:addIOTask(270)) - s0@group-E8AE2E048FCA-SegmentedRaftLogWorker adds IO task WriteLog:163: (t:1, i:163), STATEMACHINELOGENTRY, StateMachineLogEntryProto:409@client-4187B1F4E061
2022-07-14 02:38:07,463 [s0@group-E8AE2E048FCA-SegmentedRaftLogWorker] DEBUG segmented.SegmentedRaftLogWorker (SegmentedRaftLogWorker.java:flushIfNecessary(365)) - s0@group-E8AE2E048FCA-SegmentedRaftLogWorker: flush SegmentedRaftLogOutputStream(/home/runner/work/ratis/ratis/ratis-test/target/test/data/f69c223b/MiniRaftClusterWithSimulatedRpc37250022/s0/24813b6b-21de-410f-95d3-e8ae2e048fca/current/log_inprogress_0)
2022-07-14 02:38:07,463 [s0@group-E8AE2E048FCA-LeaderStateImpl] TRACE segmented.SegmentedRaftLogCache (AutoCloseableReadWriteLock.java:logLocking(65)) - s0@group-E8AE2E048FCA: readLock ACQUIRED 1 by SegmentedRaftLogCache.getStartIndex
2022-07-14 02:38:07,463 [s0@group-E8AE2E048FCA-LeaderStateImpl] TRACE segmented.SegmentedRaftLogCache (AutoCloseableReadWriteLock.java:logLocking(65)) -   s0@group-E8AE2E048FCA: readLock ACQUIRED 2 by SegmentedRaftLogCache$LogSegmentList.isEmpty
2022-07-14 02:38:07,463 [s0@group-E8AE2E048FCA-LeaderStateImpl] TRACE segmented.SegmentedRaftLogCache (AutoCloseableReadWriteLock.java:logLocking(65)) -   s0@group-E8AE2E048FCA: readLock RELEASED 1 by SegmentedRaftLogCache$LogSegmentList.isEmpty
2022-07-14 02:38:07,463 [s0@group-E8AE2E048FCA-LeaderStateImpl] TRACE segmented.SegmentedRaftLogCache (AutoCloseableReadWriteLock.java:logLocking(65)) - s0@group-E8AE2E048FCA: readLock RELEASED 0 by SegmentedRaftLogCache.getStartIndex
2022-07-14 02:38:07,463 [s0@group-E8AE2E048FCA-LeaderStateImpl] TRACE segmented.SegmentedRaftLogCache (AutoCloseableReadWriteLock.java:logLocking(65)) - s0@group-E8AE2E048FCA: readLock ACQUIRED 1 by SegmentedRaftLogCache.getEndIndex
2022-07-14 02:38:07,463 [s0@group-E8AE2E048FCA-LeaderStateImpl] TRACE segmented.SegmentedRaftLogCache (AutoCloseableReadWriteLock.java:logLocking(65)) - s0@group-E8AE2E048FCA: readLock RELEASED 0 by SegmentedRaftLogCache.getEndIndex
2022-07-14 02:38:07,463 [s0@group-E8AE2E048FCA-LeaderStateImpl] TRACE segmented.SegmentedRaftLogCache (AutoCloseableReadWriteLock.java:logLocking(65)) - s0@group-E8AE2E048FCA: readLock ACQUIRED 1 by SegmentedRaftLogCache$LogSegmentList.getTermIndex
2022-07-14 02:38:07,463 [s0@group-E8AE2E048FCA-LeaderStateImpl] TRACE segmented.SegmentedRaftLogCache (AutoCloseableReadWriteLock.java:logLocking(65)) - s0@group-E8AE2E048FCA: readLock RELEASED 0 by SegmentedRaftLogCache$LogSegmentList.getTermIndex
2022-07-14 02:38:07,464 [s0@group-E8AE2E048FCA-LeaderStateImpl] TRACE segmented.SegmentedRaftLogCache (AutoCloseableReadWriteLock.java:logLocking(65)) - s0@group-E8AE2E048FCA: readLock ACQUIRED 1 by SegmentedRaftLogCache.getStartIndex
2022-07-14 02:38:07,464 [s0@group-E8AE2E048FCA-LeaderStateImpl] TRACE segmented.SegmentedRaftLogCache (AutoCloseableReadWriteLock.java:logLocking(65)) -   s0@group-E8AE2E048FCA: readLock ACQUIRED 2 by SegmentedRaftLogCache$LogSegmentList.isEmpty
2022-07-14 02:38:07,464 [s0@group-E8AE2E048FCA-LeaderStateImpl] TRACE segmented.SegmentedRaftLogCache (AutoCloseableReadWriteLock.java:logLocking(65)) -   s0@group-E8AE2E048FCA: readLock RELEASED 1 by SegmentedRaftLogCache$LogSegmentList.isEmpty
2022-07-14 02:38:07,464 [s0@group-E8AE2E048FCA-LeaderStateImpl] TRACE segmented.SegmentedRaftLogCache (AutoCloseableReadWriteLock.java:logLocking(65)) - s0@group-E8AE2E048FCA: readLock RELEASED 0 by SegmentedRaftLogCache.getStartIndex
2022-07-14 02:38:07,464 [s0@group-E8AE2E048FCA-LeaderStateImpl] TRACE segmented.SegmentedRaftLogCache (AutoCloseableReadWriteLock.java:logLocking(65)) - s0@group-E8AE2E048FCA: readLock ACQUIRED 1 by SegmentedRaftLogCache.getEndIndex
2022-07-14 02:38:07,464 [s0@group-E8AE2E048FCA-LeaderStateImpl] TRACE segmented.SegmentedRaftLogCache (AutoCloseableReadWriteLock.java:logLocking(65)) - s0@group-E8AE2E048FCA: readLock RELEASED 0 by SegmentedRaftLogCache.getEndIndex
2022-07-14 02:38:07,464 [s0@group-E8AE2E048FCA-LeaderStateImpl] TRACE segmented.SegmentedRaftLogCache (AutoCloseableReadWriteLock.java:logLocking(65)) - s0@group-E8AE2E048FCA: readLock ACQUIRED 1 by SegmentedRaftLogCache$LogSegmentList.getTermIndex
2022-07-14 02:38:07,464 [s0@group-E8AE2E048FCA-LeaderStateImpl] TRACE segmented.SegmentedRaftLogCache (AutoCloseableReadWriteLock.java:logLocking(65)) - s0@group-E8AE2E048FCA: readLock RELEASED 0 by SegmentedRaftLogCache$LogSegmentList.getTermIndex
2022-07-14 02:38:07,464 [s0@group-E8AE2E048FCA-LeaderStateImpl] TRACE segmented.SegmentedRaftLogCache (AutoCloseableReadWriteLock.java:logLocking(65)) - s0@group-E8AE2E048FCA: readLock ACQUIRED 1 by SegmentedRaftLogCache.getLastTermIndex
2022-07-14 02:38:07,464 [s0@group-E8AE2E048FCA-LeaderStateImpl] TRACE segmented.SegmentedRaftLogCache (AutoCloseableReadWriteLock.java:logLocking(65)) - s0@group-E8AE2E048FCA: readLock RELEASED 0 by SegmentedRaftLogCache.getLastTermIndex
2022-07-14 02:38:07,465 [s0@group-E8AE2E048FCA-LeaderStateImpl] TRACE segmented.SegmentedRaftLogCache (AutoCloseableReadWriteLock.java:logLocking(65)) - s0@group-E8AE2E048FCA: readLock ACQUIRED 1 by SegmentedRaftLogCache$LogSegmentList.countCached
2022-07-14 02:38:07,465 [s0@group-E8AE2E048FCA-LeaderStateImpl] TRACE segmented.SegmentedRaftLogCache (AutoCloseableReadWriteLock.java:logLocking(65)) - s0@group-E8AE2E048FCA: readLock RELEASED 0 by SegmentedRaftLogCache$LogSegmentList.countCached
2022-07-14 02:38:07,465 [s0@group-E8AE2E048FCA-LeaderStateImpl] TRACE segmented.SegmentedRaftLogCache (AutoCloseableReadWriteLock.java:logLocking(65)) - s0@group-E8AE2E048FCA: readLock ACQUIRED 1 by SegmentedRaftLogCache$LogSegmentList.getTotalCacheSize
2022-07-14 02:38:07,465 [s0@group-E8AE2E048FCA-LeaderStateImpl] TRACE segmented.SegmentedRaftLogCache (AutoCloseableReadWriteLock.java:logLocking(65)) - s0@group-E8AE2E048FCA: readLock RELEASED 0 by SegmentedRaftLogCache$LogSegmentList.getTotalCacheSize
2022-07-14 02:38:07,465 [s0@group-E8AE2E048FCA-LeaderStateImpl] DEBUG segmented.SegmentedRaftLogWorker (SegmentedRaftLogWorker.java:addIOTask(270)) - s0@group-E8AE2E048FCA-SegmentedRaftLogWorker adds IO task WriteLog:164: (t:1, i:164), METADATAENTRY(c:163)
2022-07-14 02:38:07,465 [s0@group-E8AE2E048FCA-SegmentedRaftLogWorker] DEBUG segmented.SegmentedRaftLogWorker (SegmentedRaftLogWorker.java:flushIfNecessary(365)) - s0@group-E8AE2E048FCA-SegmentedRaftLogWorker: flush SegmentedRaftLogOutputStream(/home/runner/work/ratis/ratis/ratis-test/target/test/data/f69c223b/MiniRaftClusterWithSimulatedRpc37250022/s0/24813b6b-21de-410f-95d3-e8ae2e048fca/current/log_inprogress_0)
2022-07-14 02:38:07,465 [s0@group-E8AE2E048FCA-StateMachineUpdater] INFO  statemachine.SimpleStateMachine4Testing (SimpleStateMachine4Testing.java:put(204)) - s0: put 163, m81 -> (t:1, i:163), STATEMACHINELOGENTRY, 409@client-4187B1F4E061
2022-07-14 02:38:07,467 [s0-client-thread1] TRACE segmented.SegmentedRaftLogCache (AutoCloseableReadWriteLock.java:logLocking(65)) - s0@group-E8AE2E048FCA: readLock ACQUIRED 1 by SegmentedRaftLogCache.getLastTermIndex
2022-07-14 02:38:07,467 [s0-client-thread1] TRACE segmented.SegmentedRaftLogCache (AutoCloseableReadWriteLock.java:logLocking(65)) - s0@group-E8AE2E048FCA: readLock RELEASED 0 by SegmentedRaftLogCache.getLastTermIndex
2022-07-14 02:38:07,467 [s0-client-thread1] TRACE segmented.SegmentedRaftLogCache (AutoCloseableReadWriteLock.java:logLocking(65)) - s0@group-E8AE2E048FCA: readLock ACQUIRED 1 by SegmentedRaftLogCache.getLastTermIndex
2022-07-14 02:38:07,467 [s0-client-thread1] TRACE segmented.SegmentedRaftLogCache (AutoCloseableReadWriteLock.java:logLocking(65)) - s0@group-E8AE2E048FCA: readLock RELEASED 0 by SegmentedRaftLogCache.getLastTermIndex
2022-07-14 02:38:07,468 [s0-client-thread1] TRACE segmented.SegmentedRaftLogCache (AutoCloseableReadWriteLock.java:logLocking(65)) - s0@group-E8AE2E048FCA: readLock ACQUIRED 1 by SegmentedRaftLogCache$LogSegmentList.countCached
2022-07-14 02:38:07,468 [s0-client-thread1] TRACE segmented.SegmentedRaftLogCache (AutoCloseableReadWriteLock.java:logLocking(65)) - s0@group-E8AE2E048FCA: readLock RELEASED 0 by SegmentedRaftLogCache$LogSegmentList.countCached
2022-07-14 02:38:07,468 [s0-client-thread1] TRACE segmented.SegmentedRaftLogCache (AutoCloseableReadWriteLock.java:logLocking(65)) - s0@group-E8AE2E048FCA: readLock ACQUIRED 1 by SegmentedRaftLogCache$LogSegmentList.getTotalCacheSize
2022-07-14 02:38:07,468 [s0-client-thread1] TRACE segmented.SegmentedRaftLogCache (AutoCloseableReadWriteLock.java:logLocking(65)) - s0@group-E8AE2E048FCA: readLock RELEASED 0 by SegmentedRaftLogCache$LogSegmentList.getTotalCacheSize
2022-07-14 02:38:07,468 [s0-client-thread1] DEBUG segmented.SegmentedRaftLogWorker (SegmentedRaftLogWorker.java:addIOTask(270)) - s0@group-E8AE2E048FCA-SegmentedRaftLogWorker adds IO task WriteLog:165: (t:1, i:165), STATEMACHINELOGENTRY, StateMachineLogEntryProto:410@client-4187B1F4E061
2022-07-14 02:38:07,468 [s0@group-E8AE2E048FCA-SegmentedRaftLogWorker] DEBUG segmented.SegmentedRaftLogWorker (SegmentedRaftLogWorker.java:flushIfNecessary(365)) - s0@group-E8AE2E048FCA-SegmentedRaftLogWorker: flush SegmentedRaftLogOutputStream(/home/runner/work/ratis/ratis/ratis-test/target/test/data/f69c223b/MiniRaftClusterWithSimulatedRpc37250022/s0/24813b6b-21de-410f-95d3-e8ae2e048fca/current/log_inprogress_0)
2022-07-14 02:38:07,468 [s0@group-E8AE2E048FCA-LeaderStateImpl] TRACE segmented.SegmentedRaftLogCache (AutoCloseableReadWriteLock.java:logLocking(65)) - s0@group-E8AE2E048FCA: readLock ACQUIRED 1 by SegmentedRaftLogCache.getStartIndex
2022-07-14 02:38:07,468 [s0@group-E8AE2E048FCA-LeaderStateImpl] TRACE segmented.SegmentedRaftLogCache (AutoCloseableReadWriteLock.java:logLocking(65)) -   s0@group-E8AE2E048FCA: readLock ACQUIRED 2 by SegmentedRaftLogCache$LogSegmentList.isEmpty
2022-07-14 02:38:07,468 [s0@group-E8AE2E048FCA-LeaderStateImpl] TRACE segmented.SegmentedRaftLogCache (AutoCloseableReadWriteLock.java:logLocking(65)) -   s0@group-E8AE2E048FCA: readLock RELEASED 1 by SegmentedRaftLogCache$LogSegmentList.isEmpty
2022-07-14 02:38:07,468 [s0@group-E8AE2E048FCA-LeaderStateImpl] TRACE segmented.SegmentedRaftLogCache (AutoCloseableReadWriteLock.java:logLocking(65)) - s0@group-E8AE2E048FCA: readLock RELEASED 0 by SegmentedRaftLogCache.getStartIndex
2022-07-14 02:38:07,468 [s0@group-E8AE2E048FCA-LeaderStateImpl] TRACE segmented.SegmentedRaftLogCache (AutoCloseableReadWriteLock.java:logLocking(65)) - s0@group-E8AE2E048FCA: readLock ACQUIRED 1 by SegmentedRaftLogCache.getEndIndex
2022-07-14 02:38:07,468 [s0@group-E8AE2E048FCA-LeaderStateImpl] TRACE segmented.SegmentedRaftLogCache (AutoCloseableReadWriteLock.java:logLocking(65)) - s0@group-E8AE2E048FCA: readLock RELEASED 0 by SegmentedRaftLogCache.getEndIndex
2022-07-14 02:38:07,468 [s0@group-E8AE2E048FCA-LeaderStateImpl] TRACE segmented.SegmentedRaftLogCache (AutoCloseableReadWriteLock.java:logLocking(65)) - s0@group-E8AE2E048FCA: readLock ACQUIRED 1 by SegmentedRaftLogCache$LogSegmentList.getTermIndex
2022-07-14 02:38:07,469 [s0@group-E8AE2E048FCA-LeaderStateImpl] TRACE segmented.SegmentedRaftLogCache (AutoCloseableReadWriteLock.java:logLocking(65)) - s0@group-E8AE2E048FCA: readLock RELEASED 0 by SegmentedRaftLogCache$LogSegmentList.getTermIndex
2022-07-14 02:38:07,470 [s0@group-E8AE2E048FCA-LeaderStateImpl] TRACE segmented.SegmentedRaftLogCache (AutoCloseableReadWriteLock.java:logLocking(65)) - s0@group-E8AE2E048FCA: readLock ACQUIRED 1 by SegmentedRaftLogCache.getStartIndex
2022-07-14 02:38:07,470 [s0@group-E8AE2E048FCA-LeaderStateImpl] TRACE segmented.SegmentedRaftLogCache (AutoCloseableReadWriteLock.java:logLocking(65)) -   s0@group-E8AE2E048FCA: readLock ACQUIRED 2 by SegmentedRaftLogCache$LogSegmentList.isEmpty
2022-07-14 02:38:07,470 [s0@group-E8AE2E048FCA-LeaderStateImpl] TRACE segmented.SegmentedRaftLogCache (AutoCloseableReadWriteLock.java:logLocking(65)) -   s0@group-E8AE2E048FCA: readLock RELEASED 1 by SegmentedRaftLogCache$LogSegmentList.isEmpty
2022-07-14 02:38:07,470 [s0@group-E8AE2E048FCA-LeaderStateImpl] TRACE segmented.SegmentedRaftLogCache (AutoCloseableReadWriteLock.java:logLocking(65)) - s0@group-E8AE2E048FCA: readLock RELEASED 0 by SegmentedRaftLogCache.getStartIndex
2022-07-14 02:38:07,470 [s0@group-E8AE2E048FCA-LeaderStateImpl] TRACE segmented.SegmentedRaftLogCache (AutoCloseableReadWriteLock.java:logLocking(65)) - s0@group-E8AE2E048FCA: readLock ACQUIRED 1 by SegmentedRaftLogCache.getEndIndex
2022-07-14 02:38:07,470 [s0@group-E8AE2E048FCA-LeaderStateImpl] TRACE segmented.SegmentedRaftLogCache (AutoCloseableReadWriteLock.java:logLocking(65)) - s0@group-E8AE2E048FCA: readLock RELEASED 0 by SegmentedRaftLogCache.getEndIndex
2022-07-14 02:38:07,470 [s0@group-E8AE2E048FCA-LeaderStateImpl] TRACE segmented.SegmentedRaftLogCache (AutoCloseableReadWriteLock.java:logLocking(65)) - s0@group-E8AE2E048FCA: readLock ACQUIRED 1 by SegmentedRaftLogCache$LogSegmentList.getTermIndex
2022-07-14 02:38:07,470 [s0@group-E8AE2E048FCA-LeaderStateImpl] TRACE segmented.SegmentedRaftLogCache (AutoCloseableReadWriteLock.java:logLocking(65)) - s0@group-E8AE2E048FCA: readLock RELEASED 0 by SegmentedRaftLogCache$LogSegmentList.getTermIndex
2022-07-14 02:38:07,470 [s0@group-E8AE2E048FCA-LeaderStateImpl] TRACE segmented.SegmentedRaftLogCache (AutoCloseableReadWriteLock.java:logLocking(65)) - s0@group-E8AE2E048FCA: readLock ACQUIRED 1 by SegmentedRaftLogCache.getLastTermIndex
2022-07-14 02:38:07,470 [s0@group-E8AE2E048FCA-LeaderStateImpl] TRACE segmented.SegmentedRaftLogCache (AutoCloseableReadWriteLock.java:logLocking(65)) - s0@group-E8AE2E048FCA: readLock RELEASED 0 by SegmentedRaftLogCache.getLastTermIndex
2022-07-14 02:38:07,470 [s0@group-E8AE2E048FCA-LeaderStateImpl] TRACE segmented.SegmentedRaftLogCache (AutoCloseableReadWriteLock.java:logLocking(65)) - s0@group-E8AE2E048FCA: readLock ACQUIRED 1 by SegmentedRaftLogCache$LogSegmentList.countCached
2022-07-14 02:38:07,470 [s0@group-E8AE2E048FCA-LeaderStateImpl] TRACE segmented.SegmentedRaftLogCache (AutoCloseableReadWriteLock.java:logLocking(65)) - s0@group-E8AE2E048FCA: readLock RELEASED 0 by SegmentedRaftLogCache$LogSegmentList.countCached
2022-07-14 02:38:07,470 [s0@group-E8AE2E048FCA-LeaderStateImpl] TRACE segmented.SegmentedRaftLogCache (AutoCloseableReadWriteLock.java:logLocking(65)) - s0@group-E8AE2E048FCA: readLock ACQUIRED 1 by SegmentedRaftLogCache$LogSegmentList.getTotalCacheSize
2022-07-14 02:38:07,470 [s0@group-E8AE2E048FCA-LeaderStateImpl] TRACE segmented.SegmentedRaftLogCache (AutoCloseableReadWriteLock.java:logLocking(65)) - s0@group-E8AE2E048FCA: readLock RELEASED 0 by SegmentedRaftLogCache$LogSegmentList.getTotalCacheSize
2022-07-14 02:38:07,471 [s0@group-E8AE2E048FCA-LeaderStateImpl] DEBUG segmented.SegmentedRaftLogWorker (SegmentedRaftLogWorker.java:addIOTask(270)) - s0@group-E8AE2E048FCA-SegmentedRaftLogWorker adds IO task WriteLog:166: (t:1, i:166), METADATAENTRY(c:165)
2022-07-14 02:38:07,471 [s0@group-E8AE2E048FCA-SegmentedRaftLogWorker] DEBUG segmented.SegmentedRaftLogWorker (SegmentedRaftLogWorker.java:flushIfNecessary(365)) - s0@group-E8AE2E048FCA-SegmentedRaftLogWorker: flush SegmentedRaftLogOutputStream(/home/runner/work/ratis/ratis/ratis-test/target/test/data/f69c223b/MiniRaftClusterWithSimulatedRpc37250022/s0/24813b6b-21de-410f-95d3-e8ae2e048fca/current/log_inprogress_0)
2022-07-14 02:38:07,471 [s0@group-E8AE2E048FCA-StateMachineUpdater] INFO  statemachine.SimpleStateMachine4Testing (SimpleStateMachine4Testing.java:put(204)) - s0: put 165, m82 -> (t:1, i:165), STATEMACHINELOGENTRY, 410@client-4187B1F4E061
2022-07-14 02:38:07,471 [s0-client-thread1] TRACE segmented.SegmentedRaftLogCache (AutoCloseableReadWriteLock.java:logLocking(65)) - s0@group-E8AE2E048FCA: readLock ACQUIRED 1 by SegmentedRaftLogCache.getLastTermIndex
2022-07-14 02:38:07,471 [s0-client-thread1] TRACE segmented.SegmentedRaftLogCache (AutoCloseableReadWriteLock.java:logLocking(65)) - s0@group-E8AE2E048FCA: readLock RELEASED 0 by SegmentedRaftLogCache.getLastTermIndex
2022-07-14 02:38:07,471 [s0-client-thread1] TRACE segmented.SegmentedRaftLogCache (AutoCloseableReadWriteLock.java:logLocking(65)) - s0@group-E8AE2E048FCA: readLock ACQUIRED 1 by SegmentedRaftLogCache.getLastTermIndex
2022-07-14 02:38:07,471 [s0-client-thread1] TRACE segmented.SegmentedRaftLogCache (AutoCloseableReadWriteLock.java:logLocking(65)) - s0@group-E8AE2E048FCA: readLock RELEASED 0 by SegmentedRaftLogCache.getLastTermIndex
2022-07-14 02:38:07,471 [s0-client-thread1] TRACE segmented.SegmentedRaftLogCache (AutoCloseableReadWriteLock.java:logLocking(65)) - s0@group-E8AE2E048FCA: readLock ACQUIRED 1 by SegmentedRaftLogCache$LogSegmentList.countCached
2022-07-14 02:38:07,472 [s0-client-thread1] TRACE segmented.SegmentedRaftLogCache (AutoCloseableReadWriteLock.java:logLocking(65)) - s0@group-E8AE2E048FCA: readLock RELEASED 0 by SegmentedRaftLogCache$LogSegmentList.countCached
2022-07-14 02:38:07,472 [s0-client-thread1] TRACE segmented.SegmentedRaftLogCache (AutoCloseableReadWriteLock.java:logLocking(65)) - s0@group-E8AE2E048FCA: readLock ACQUIRED 1 by SegmentedRaftLogCache$LogSegmentList.getTotalCacheSize
2022-07-14 02:38:07,472 [s0-client-thread1] TRACE segmented.SegmentedRaftLogCache (AutoCloseableReadWriteLock.java:logLocking(65)) - s0@group-E8AE2E048FCA: readLock RELEASED 0 by SegmentedRaftLogCache$LogSegmentList.getTotalCacheSize
2022-07-14 02:38:07,472 [s0-client-thread1] DEBUG segmented.SegmentedRaftLogWorker (SegmentedRaftLogWorker.java:addIOTask(270)) - s0@group-E8AE2E048FCA-SegmentedRaftLogWorker adds IO task WriteLog:167: (t:1, i:167), STATEMACHINELOGENTRY, StateMachineLogEntryProto:411@client-4187B1F4E061
2022-07-14 02:38:07,472 [s0@group-E8AE2E048FCA-SegmentedRaftLogWorker] DEBUG segmented.SegmentedRaftLogWorker (SegmentedRaftLogWorker.java:flushIfNecessary(365)) - s0@group-E8AE2E048FCA-SegmentedRaftLogWorker: flush SegmentedRaftLogOutputStream(/home/runner/work/ratis/ratis/ratis-test/target/test/data/f69c223b/MiniRaftClusterWithSimulatedRpc37250022/s0/24813b6b-21de-410f-95d3-e8ae2e048fca/current/log_inprogress_0)
2022-07-14 02:38:07,472 [s0@group-E8AE2E048FCA-LeaderStateImpl] TRACE segmented.SegmentedRaftLogCache (AutoCloseableReadWriteLock.java:logLocking(65)) - s0@group-E8AE2E048FCA: readLock ACQUIRED 1 by SegmentedRaftLogCache.getStartIndex
2022-07-14 02:38:07,472 [s0@group-E8AE2E048FCA-LeaderStateImpl] TRACE segmented.SegmentedRaftLogCache (AutoCloseableReadWriteLock.java:logLocking(65)) -   s0@group-E8AE2E048FCA: readLock ACQUIRED 2 by SegmentedRaftLogCache$LogSegmentList.isEmpty
2022-07-14 02:38:07,472 [s0@group-E8AE2E048FCA-LeaderStateImpl] TRACE segmented.SegmentedRaftLogCache (AutoCloseableReadWriteLock.java:logLocking(65)) -   s0@group-E8AE2E048FCA: readLock RELEASED 1 by SegmentedRaftLogCache$LogSegmentList.isEmpty
2022-07-14 02:38:07,472 [s0@group-E8AE2E048FCA-LeaderStateImpl] TRACE segmented.SegmentedRaftLogCache (AutoCloseableReadWriteLock.java:logLocking(65)) - s0@group-E8AE2E048FCA: readLock RELEASED 0 by SegmentedRaftLogCache.getStartIndex
2022-07-14 02:38:07,472 [s0@group-E8AE2E048FCA-LeaderStateImpl] TRACE segmented.SegmentedRaftLogCache (AutoCloseableReadWriteLock.java:logLocking(65)) - s0@group-E8AE2E048FCA: readLock ACQUIRED 1 by SegmentedRaftLogCache.getEndIndex
2022-07-14 02:38:07,472 [s0@group-E8AE2E048FCA-LeaderStateImpl] TRACE segmented.SegmentedRaftLogCache (AutoCloseableReadWriteLock.java:logLocking(65)) - s0@group-E8AE2E048FCA: readLock RELEASED 0 by SegmentedRaftLogCache.getEndIndex
2022-07-14 02:38:07,472 [s0@group-E8AE2E048FCA-LeaderStateImpl] TRACE segmented.SegmentedRaftLogCache (AutoCloseableReadWriteLock.java:logLocking(65)) - s0@group-E8AE2E048FCA: readLock ACQUIRED 1 by SegmentedRaftLogCache$LogSegmentList.getTermIndex
2022-07-14 02:38:07,472 [s0@group-E8AE2E048FCA-LeaderStateImpl] TRACE segmented.SegmentedRaftLogCache (AutoCloseableReadWriteLock.java:logLocking(65)) - s0@group-E8AE2E048FCA: readLock RELEASED 0 by SegmentedRaftLogCache$LogSegmentList.getTermIndex
2022-07-14 02:38:07,473 [s0@group-E8AE2E048FCA-LeaderStateImpl] TRACE segmented.SegmentedRaftLogCache (AutoCloseableReadWriteLock.java:logLocking(65)) - s0@group-E8AE2E048FCA: readLock ACQUIRED 1 by SegmentedRaftLogCache.getStartIndex
2022-07-14 02:38:07,473 [s0@group-E8AE2E048FCA-LeaderStateImpl] TRACE segmented.SegmentedRaftLogCache (AutoCloseableReadWriteLock.java:logLocking(65)) -   s0@group-E8AE2E048FCA: readLock ACQUIRED 2 by SegmentedRaftLogCache$LogSegmentList.isEmpty
2022-07-14 02:38:07,473 [s0@group-E8AE2E048FCA-LeaderStateImpl] TRACE segmented.SegmentedRaftLogCache (AutoCloseableReadWriteLock.java:logLocking(65)) -   s0@group-E8AE2E048FCA: readLock RELEASED 1 by SegmentedRaftLogCache$LogSegmentList.isEmpty
2022-07-14 02:38:07,473 [s0@group-E8AE2E048FCA-LeaderStateImpl] TRACE segmented.SegmentedRaftLogCache (AutoCloseableReadWriteLock.java:logLocking(65)) - s0@group-E8AE2E048FCA: readLock RELEASED 0 by SegmentedRaftLogCache.getStartIndex
2022-07-14 02:38:07,473 [s0@group-E8AE2E048FCA-LeaderStateImpl] TRACE segmented.SegmentedRaftLogCache (AutoCloseableReadWriteLock.java:logLocking(65)) - s0@group-E8AE2E048FCA: readLock ACQUIRED 1 by SegmentedRaftLogCache.getEndIndex
2022-07-14 02:38:07,473 [s0@group-E8AE2E048FCA-LeaderStateImpl] TRACE segmented.SegmentedRaftLogCache (AutoCloseableReadWriteLock.java:logLocking(65)) - s0@group-E8AE2E048FCA: readLock RELEASED 0 by SegmentedRaftLogCache.getEndIndex
2022-07-14 02:38:07,473 [s0@group-E8AE2E048FCA-LeaderStateImpl] TRACE segmented.SegmentedRaftLogCache (AutoCloseableReadWriteLock.java:logLocking(65)) - s0@group-E8AE2E048FCA: readLock ACQUIRED 1 by SegmentedRaftLogCache$LogSegmentList.getTermIndex
2022-07-14 02:38:07,473 [s0@group-E8AE2E048FCA-LeaderStateImpl] TRACE segmented.SegmentedRaftLogCache (AutoCloseableReadWriteLock.java:logLocking(65)) - s0@group-E8AE2E048FCA: readLock RELEASED 0 by SegmentedRaftLogCache$LogSegmentList.getTermIndex
2022-07-14 02:38:07,473 [s0@group-E8AE2E048FCA-LeaderStateImpl] TRACE segmented.SegmentedRaftLogCache (AutoCloseableReadWriteLock.java:logLocking(65)) - s0@group-E8AE2E048FCA: readLock ACQUIRED 1 by SegmentedRaftLogCache.getLastTermIndex
2022-07-14 02:38:07,473 [s0@group-E8AE2E048FCA-LeaderStateImpl] TRACE segmented.SegmentedRaftLogCache (AutoCloseableReadWriteLock.java:logLocking(65)) - s0@group-E8AE2E048FCA: readLock RELEASED 0 by SegmentedRaftLogCache.getLastTermIndex
2022-07-14 02:38:07,473 [s0@group-E8AE2E048FCA-LeaderStateImpl] TRACE segmented.SegmentedRaftLogCache (AutoCloseableReadWriteLock.java:logLocking(65)) - s0@group-E8AE2E048FCA: readLock ACQUIRED 1 by SegmentedRaftLogCache$LogSegmentList.countCached
2022-07-14 02:38:07,473 [s0@group-E8AE2E048FCA-LeaderStateImpl] TRACE segmented.SegmentedRaftLogCache (AutoCloseableReadWriteLock.java:logLocking(65)) - s0@group-E8AE2E048FCA: readLock RELEASED 0 by SegmentedRaftLogCache$LogSegmentList.countCached
2022-07-14 02:38:07,473 [s0@group-E8AE2E048FCA-LeaderStateImpl] TRACE segmented.SegmentedRaftLogCache (AutoCloseableReadWriteLock.java:logLocking(65)) - s0@group-E8AE2E048FCA: readLock ACQUIRED 1 by SegmentedRaftLogCache$LogSegmentList.getTotalCacheSize
2022-07-14 02:38:07,474 [s0@group-E8AE2E048FCA-LeaderStateImpl] TRACE segmented.SegmentedRaftLogCache (AutoCloseableReadWriteLock.java:logLocking(65)) - s0@group-E8AE2E048FCA: readLock RELEASED 0 by SegmentedRaftLogCache$LogSegmentList.getTotalCacheSize
2022-07-14 02:38:07,474 [s0@group-E8AE2E048FCA-LeaderStateImpl] DEBUG segmented.SegmentedRaftLogWorker (SegmentedRaftLogWorker.java:addIOTask(270)) - s0@group-E8AE2E048FCA-SegmentedRaftLogWorker adds IO task WriteLog:168: (t:1, i:168), METADATAENTRY(c:167)
2022-07-14 02:38:07,474 [s0@group-E8AE2E048FCA-SegmentedRaftLogWorker] DEBUG segmented.SegmentedRaftLogWorker (SegmentedRaftLogWorker.java:flushIfNecessary(365)) - s0@group-E8AE2E048FCA-SegmentedRaftLogWorker: flush SegmentedRaftLogOutputStream(/home/runner/work/ratis/ratis/ratis-test/target/test/data/f69c223b/MiniRaftClusterWithSimulatedRpc37250022/s0/24813b6b-21de-410f-95d3-e8ae2e048fca/current/log_inprogress_0)
2022-07-14 02:38:07,474 [s0@group-E8AE2E048FCA-StateMachineUpdater] INFO  statemachine.SimpleStateMachine4Testing (SimpleStateMachine4Testing.java:put(204)) - s0: put 167, m83 -> (t:1, i:167), STATEMACHINELOGENTRY, 411@client-4187B1F4E061
2022-07-14 02:38:07,474 [s0@group-E8AE2E048FCA-LeaderStateImpl] TRACE segmented.SegmentedRaftLogCache (AutoCloseableReadWriteLock.java:logLocking(65)) - s0@group-E8AE2E048FCA: readLock ACQUIRED 1 by SegmentedRaftLogCache.getStartIndex
2022-07-14 02:38:07,474 [s0@group-E8AE2E048FCA-LeaderStateImpl] TRACE segmented.SegmentedRaftLogCache (AutoCloseableReadWriteLock.java:logLocking(65)) -   s0@group-E8AE2E048FCA: readLock ACQUIRED 2 by SegmentedRaftLogCache$LogSegmentList.isEmpty
2022-07-14 02:38:07,474 [s0@group-E8AE2E048FCA-LeaderStateImpl] TRACE segmented.SegmentedRaftLogCache (AutoCloseableReadWriteLock.java:logLocking(65)) -   s0@group-E8AE2E048FCA: readLock RELEASED 1 by SegmentedRaftLogCache$LogSegmentList.isEmpty
2022-07-14 02:38:07,474 [s0@group-E8AE2E048FCA-LeaderStateImpl] TRACE segmented.SegmentedRaftLogCache (AutoCloseableReadWriteLock.java:logLocking(65)) - s0@group-E8AE2E048FCA: readLock RELEASED 0 by SegmentedRaftLogCache.getStartIndex
2022-07-14 02:38:07,474 [s0@group-E8AE2E048FCA-LeaderStateImpl] TRACE segmented.SegmentedRaftLogCache (AutoCloseableReadWriteLock.java:logLocking(65)) - s0@group-E8AE2E048FCA: readLock ACQUIRED 1 by SegmentedRaftLogCache.getEndIndex
2022-07-14 02:38:07,474 [s0@group-E8AE2E048FCA-LeaderStateImpl] TRACE segmented.SegmentedRaftLogCache (AutoCloseableReadWriteLock.java:logLocking(65)) - s0@group-E8AE2E048FCA: readLock RELEASED 0 by SegmentedRaftLogCache.getEndIndex
2022-07-14 02:38:07,475 [s0@group-E8AE2E048FCA-LeaderStateImpl] TRACE segmented.SegmentedRaftLogCache (AutoCloseableReadWriteLock.java:logLocking(65)) - s0@group-E8AE2E048FCA: readLock ACQUIRED 1 by SegmentedRaftLogCache$LogSegmentList.getTermIndex
2022-07-14 02:38:07,475 [s0@group-E8AE2E048FCA-LeaderStateImpl] TRACE segmented.SegmentedRaftLogCache (AutoCloseableReadWriteLock.java:logLocking(65)) - s0@group-E8AE2E048FCA: readLock RELEASED 0 by SegmentedRaftLogCache$LogSegmentList.getTermIndex
2022-07-14 02:38:07,476 [s0-client-thread1] TRACE segmented.SegmentedRaftLogCache (AutoCloseableReadWriteLock.java:logLocking(65)) - s0@group-E8AE2E048FCA: readLock ACQUIRED 1 by SegmentedRaftLogCache.getLastTermIndex
2022-07-14 02:38:07,476 [s0-client-thread1] TRACE segmented.SegmentedRaftLogCache (AutoCloseableReadWriteLock.java:logLocking(65)) - s0@group-E8AE2E048FCA: readLock RELEASED 0 by SegmentedRaftLogCache.getLastTermIndex
2022-07-14 02:38:07,476 [s0-client-thread1] TRACE segmented.SegmentedRaftLogCache (AutoCloseableReadWriteLock.java:logLocking(65)) - s0@group-E8AE2E048FCA: readLock ACQUIRED 1 by SegmentedRaftLogCache.getLastTermIndex
2022-07-14 02:38:07,476 [s0-client-thread1] TRACE segmented.SegmentedRaftLogCache (AutoCloseableReadWriteLock.java:logLocking(65)) - s0@group-E8AE2E048FCA: readLock RELEASED 0 by SegmentedRaftLogCache.getLastTermIndex
2022-07-14 02:38:07,476 [s0-client-thread1] TRACE segmented.SegmentedRaftLogCache (AutoCloseableReadWriteLock.java:logLocking(65)) - s0@group-E8AE2E048FCA: readLock ACQUIRED 1 by SegmentedRaftLogCache$LogSegmentList.countCached
2022-07-14 02:38:07,476 [s0-client-thread1] TRACE segmented.SegmentedRaftLogCache (AutoCloseableReadWriteLock.java:logLocking(65)) - s0@group-E8AE2E048FCA: readLock RELEASED 0 by SegmentedRaftLogCache$LogSegmentList.countCached
2022-07-14 02:38:07,476 [s0-client-thread1] TRACE segmented.SegmentedRaftLogCache (AutoCloseableReadWriteLock.java:logLocking(65)) - s0@group-E8AE2E048FCA: readLock ACQUIRED 1 by SegmentedRaftLogCache$LogSegmentList.getTotalCacheSize
2022-07-14 02:38:07,476 [s0-client-thread1] TRACE segmented.SegmentedRaftLogCache (AutoCloseableReadWriteLock.java:logLocking(65)) - s0@group-E8AE2E048FCA: readLock RELEASED 0 by SegmentedRaftLogCache$LogSegmentList.getTotalCacheSize
2022-07-14 02:38:07,476 [s0-client-thread1] DEBUG segmented.SegmentedRaftLogWorker (SegmentedRaftLogWorker.java:addIOTask(270)) - s0@group-E8AE2E048FCA-SegmentedRaftLogWorker adds IO task WriteLog:169: (t:1, i:169), STATEMACHINELOGENTRY, StateMachineLogEntryProto:412@client-4187B1F4E061
2022-07-14 02:38:07,477 [s0@group-E8AE2E048FCA-SegmentedRaftLogWorker] DEBUG segmented.SegmentedRaftLogWorker (SegmentedRaftLogWorker.java:flushIfNecessary(365)) - s0@group-E8AE2E048FCA-SegmentedRaftLogWorker: flush SegmentedRaftLogOutputStream(/home/runner/work/ratis/ratis/ratis-test/target/test/data/f69c223b/MiniRaftClusterWithSimulatedRpc37250022/s0/24813b6b-21de-410f-95d3-e8ae2e048fca/current/log_inprogress_0)
2022-07-14 02:38:07,477 [s0@group-E8AE2E048FCA-LeaderStateImpl] TRACE segmented.SegmentedRaftLogCache (AutoCloseableReadWriteLock.java:logLocking(65)) - s0@group-E8AE2E048FCA: readLock ACQUIRED 1 by SegmentedRaftLogCache.getStartIndex
2022-07-14 02:38:07,477 [s0@group-E8AE2E048FCA-LeaderStateImpl] TRACE segmented.SegmentedRaftLogCache (AutoCloseableReadWriteLock.java:logLocking(65)) -   s0@group-E8AE2E048FCA: readLock ACQUIRED 2 by SegmentedRaftLogCache$LogSegmentList.isEmpty
2022-07-14 02:38:07,477 [s0@group-E8AE2E048FCA-LeaderStateImpl] TRACE segmented.SegmentedRaftLogCache (AutoCloseableReadWriteLock.java:logLocking(65)) -   s0@group-E8AE2E048FCA: readLock RELEASED 1 by SegmentedRaftLogCache$LogSegmentList.isEmpty
2022-07-14 02:38:07,477 [s0@group-E8AE2E048FCA-LeaderStateImpl] TRACE segmented.SegmentedRaftLogCache (AutoCloseableReadWriteLock.java:logLocking(65)) - s0@group-E8AE2E048FCA: readLock RELEASED 0 by SegmentedRaftLogCache.getStartIndex
2022-07-14 02:38:07,477 [s0@group-E8AE2E048FCA-LeaderStateImpl] TRACE segmented.SegmentedRaftLogCache (AutoCloseableReadWriteLock.java:logLocking(65)) - s0@group-E8AE2E048FCA: readLock ACQUIRED 1 by SegmentedRaftLogCache.getEndIndex
2022-07-14 02:38:07,477 [s0@group-E8AE2E048FCA-LeaderStateImpl] TRACE segmented.SegmentedRaftLogCache (AutoCloseableReadWriteLock.java:logLocking(65)) - s0@group-E8AE2E048FCA: readLock RELEASED 0 by SegmentedRaftLogCache.getEndIndex
2022-07-14 02:38:07,478 [s0@group-E8AE2E048FCA-LeaderStateImpl] TRACE segmented.SegmentedRaftLogCache (AutoCloseableReadWriteLock.java:logLocking(65)) - s0@group-E8AE2E048FCA: readLock ACQUIRED 1 by SegmentedRaftLogCache$LogSegmentList.getTermIndex
2022-07-14 02:38:07,478 [s0@group-E8AE2E048FCA-LeaderStateImpl] TRACE segmented.SegmentedRaftLogCache (AutoCloseableReadWriteLock.java:logLocking(65)) - s0@group-E8AE2E048FCA: readLock RELEASED 0 by SegmentedRaftLogCache$LogSegmentList.getTermIndex
2022-07-14 02:38:07,478 [s0@group-E8AE2E048FCA-LeaderStateImpl] TRACE segmented.SegmentedRaftLogCache (AutoCloseableReadWriteLock.java:logLocking(65)) - s0@group-E8AE2E048FCA: readLock ACQUIRED 1 by SegmentedRaftLogCache.getLastTermIndex
2022-07-14 02:38:07,478 [s0@group-E8AE2E048FCA-LeaderStateImpl] TRACE segmented.SegmentedRaftLogCache (AutoCloseableReadWriteLock.java:logLocking(65)) - s0@group-E8AE2E048FCA: readLock RELEASED 0 by SegmentedRaftLogCache.getLastTermIndex
2022-07-14 02:38:07,478 [s0@group-E8AE2E048FCA-LeaderStateImpl] TRACE segmented.SegmentedRaftLogCache (AutoCloseableReadWriteLock.java:logLocking(65)) - s0@group-E8AE2E048FCA: readLock ACQUIRED 1 by SegmentedRaftLogCache$LogSegmentList.countCached
2022-07-14 02:38:07,478 [s0@group-E8AE2E048FCA-LeaderStateImpl] TRACE segmented.SegmentedRaftLogCache (AutoCloseableReadWriteLock.java:logLocking(65)) - s0@group-E8AE2E048FCA: readLock RELEASED 0 by SegmentedRaftLogCache$LogSegmentList.countCached
2022-07-14 02:38:07,478 [s0@group-E8AE2E048FCA-LeaderStateImpl] TRACE segmented.SegmentedRaftLogCache (AutoCloseableReadWriteLock.java:logLocking(65)) - s0@group-E8AE2E048FCA: readLock ACQUIRED 1 by SegmentedRaftLogCache$LogSegmentList.getTotalCacheSize
2022-07-14 02:38:07,478 [s0@group-E8AE2E048FCA-LeaderStateImpl] TRACE segmented.SegmentedRaftLogCache (AutoCloseableReadWriteLock.java:logLocking(65)) - s0@group-E8AE2E048FCA: readLock RELEASED 0 by SegmentedRaftLogCache$LogSegmentList.getTotalCacheSize
2022-07-14 02:38:07,478 [s0@group-E8AE2E048FCA-LeaderStateImpl] DEBUG segmented.SegmentedRaftLogWorker (SegmentedRaftLogWorker.java:addIOTask(270)) - s0@group-E8AE2E048FCA-SegmentedRaftLogWorker adds IO task WriteLog:170: (t:1, i:170), METADATAENTRY(c:169)
2022-07-14 02:38:07,478 [s0@group-E8AE2E048FCA-SegmentedRaftLogWorker] DEBUG segmented.SegmentedRaftLogWorker (SegmentedRaftLogWorker.java:flushIfNecessary(365)) - s0@group-E8AE2E048FCA-SegmentedRaftLogWorker: flush SegmentedRaftLogOutputStream(/home/runner/work/ratis/ratis/ratis-test/target/test/data/f69c223b/MiniRaftClusterWithSimulatedRpc37250022/s0/24813b6b-21de-410f-95d3-e8ae2e048fca/current/log_inprogress_0)
2022-07-14 02:38:07,478 [s0@group-E8AE2E048FCA-StateMachineUpdater] INFO  statemachine.SimpleStateMachine4Testing (SimpleStateMachine4Testing.java:put(204)) - s0: put 169, m84 -> (t:1, i:169), STATEMACHINELOGENTRY, 412@client-4187B1F4E061
2022-07-14 02:38:07,479 [s0-client-thread1] TRACE segmented.SegmentedRaftLogCache (AutoCloseableReadWriteLock.java:logLocking(65)) - s0@group-E8AE2E048FCA: readLock ACQUIRED 1 by SegmentedRaftLogCache.getLastTermIndex
2022-07-14 02:38:07,479 [s0-client-thread1] TRACE segmented.SegmentedRaftLogCache (AutoCloseableReadWriteLock.java:logLocking(65)) - s0@group-E8AE2E048FCA: readLock RELEASED 0 by SegmentedRaftLogCache.getLastTermIndex
2022-07-14 02:38:07,479 [s0-client-thread1] TRACE segmented.SegmentedRaftLogCache (AutoCloseableReadWriteLock.java:logLocking(65)) - s0@group-E8AE2E048FCA: readLock ACQUIRED 1 by SegmentedRaftLogCache.getLastTermIndex
2022-07-14 02:38:07,479 [s0-client-thread1] TRACE segmented.SegmentedRaftLogCache (AutoCloseableReadWriteLock.java:logLocking(65)) - s0@group-E8AE2E048FCA: readLock RELEASED 0 by SegmentedRaftLogCache.getLastTermIndex
2022-07-14 02:38:07,479 [s0-client-thread1] TRACE segmented.SegmentedRaftLogCache (AutoCloseableReadWriteLock.java:logLocking(65)) - s0@group-E8AE2E048FCA: readLock ACQUIRED 1 by SegmentedRaftLogCache$LogSegmentList.countCached
2022-07-14 02:38:07,479 [s0-client-thread1] TRACE segmented.SegmentedRaftLogCache (AutoCloseableReadWriteLock.java:logLocking(65)) - s0@group-E8AE2E048FCA: readLock RELEASED 0 by SegmentedRaftLogCache$LogSegmentList.countCached
2022-07-14 02:38:07,479 [s0-client-thread1] TRACE segmented.SegmentedRaftLogCache (AutoCloseableReadWriteLock.java:logLocking(65)) - s0@group-E8AE2E048FCA: readLock ACQUIRED 1 by SegmentedRaftLogCache$LogSegmentList.getTotalCacheSize
2022-07-14 02:38:07,479 [s0-client-thread1] TRACE segmented.SegmentedRaftLogCache (AutoCloseableReadWriteLock.java:logLocking(65)) - s0@group-E8AE2E048FCA: readLock RELEASED 0 by SegmentedRaftLogCache$LogSegmentList.getTotalCacheSize
2022-07-14 02:38:07,479 [s0-client-thread1] DEBUG segmented.SegmentedRaftLogWorker (SegmentedRaftLogWorker.java:addIOTask(270)) - s0@group-E8AE2E048FCA-SegmentedRaftLogWorker adds IO task WriteLog:171: (t:1, i:171), STATEMACHINELOGENTRY, StateMachineLogEntryProto:413@client-4187B1F4E061
2022-07-14 02:38:07,480 [s0@group-E8AE2E048FCA-SegmentedRaftLogWorker] DEBUG segmented.SegmentedRaftLogWorker (SegmentedRaftLogWorker.java:flushIfNecessary(365)) - s0@group-E8AE2E048FCA-SegmentedRaftLogWorker: flush SegmentedRaftLogOutputStream(/home/runner/work/ratis/ratis/ratis-test/target/test/data/f69c223b/MiniRaftClusterWithSimulatedRpc37250022/s0/24813b6b-21de-410f-95d3-e8ae2e048fca/current/log_inprogress_0)
2022-07-14 02:38:07,480 [s0@group-E8AE2E048FCA-LeaderStateImpl] TRACE segmented.SegmentedRaftLogCache (AutoCloseableReadWriteLock.java:logLocking(65)) - s0@group-E8AE2E048FCA: readLock ACQUIRED 1 by SegmentedRaftLogCache.getStartIndex
2022-07-14 02:38:07,480 [s0@group-E8AE2E048FCA-LeaderStateImpl] TRACE segmented.SegmentedRaftLogCache (AutoCloseableReadWriteLock.java:logLocking(65)) -   s0@group-E8AE2E048FCA: readLock ACQUIRED 2 by SegmentedRaftLogCache$LogSegmentList.isEmpty
2022-07-14 02:38:07,480 [s0@group-E8AE2E048FCA-LeaderStateImpl] TRACE segmented.SegmentedRaftLogCache (AutoCloseableReadWriteLock.java:logLocking(65)) -   s0@group-E8AE2E048FCA: readLock RELEASED 1 by SegmentedRaftLogCache$LogSegmentList.isEmpty
2022-07-14 02:38:07,480 [s0@group-E8AE2E048FCA-LeaderStateImpl] TRACE segmented.SegmentedRaftLogCache (AutoCloseableReadWriteLock.java:logLocking(65)) - s0@group-E8AE2E048FCA: readLock RELEASED 0 by SegmentedRaftLogCache.getStartIndex
2022-07-14 02:38:07,480 [s0@group-E8AE2E048FCA-LeaderStateImpl] TRACE segmented.SegmentedRaftLogCache (AutoCloseableReadWriteLock.java:logLocking(65)) - s0@group-E8AE2E048FCA: readLock ACQUIRED 1 by SegmentedRaftLogCache.getEndIndex
2022-07-14 02:38:07,480 [s0@group-E8AE2E048FCA-LeaderStateImpl] TRACE segmented.SegmentedRaftLogCache (AutoCloseableReadWriteLock.java:logLocking(65)) - s0@group-E8AE2E048FCA: readLock RELEASED 0 by SegmentedRaftLogCache.getEndIndex
2022-07-14 02:38:07,480 [s0@group-E8AE2E048FCA-LeaderStateImpl] TRACE segmented.SegmentedRaftLogCache (AutoCloseableReadWriteLock.java:logLocking(65)) - s0@group-E8AE2E048FCA: readLock ACQUIRED 1 by SegmentedRaftLogCache$LogSegmentList.getTermIndex
2022-07-14 02:38:07,480 [s0@group-E8AE2E048FCA-LeaderStateImpl] TRACE segmented.SegmentedRaftLogCache (AutoCloseableReadWriteLock.java:logLocking(65)) - s0@group-E8AE2E048FCA: readLock RELEASED 0 by SegmentedRaftLogCache$LogSegmentList.getTermIndex
2022-07-14 02:38:07,481 [s0@group-E8AE2E048FCA-LeaderStateImpl] TRACE segmented.SegmentedRaftLogCache (AutoCloseableReadWriteLock.java:logLocking(65)) - s0@group-E8AE2E048FCA: readLock ACQUIRED 1 by SegmentedRaftLogCache.getStartIndex
2022-07-14 02:38:07,481 [s0@group-E8AE2E048FCA-LeaderStateImpl] TRACE segmented.SegmentedRaftLogCache (AutoCloseableReadWriteLock.java:logLocking(65)) -   s0@group-E8AE2E048FCA: readLock ACQUIRED 2 by SegmentedRaftLogCache$LogSegmentList.isEmpty
2022-07-14 02:38:07,481 [s0@group-E8AE2E048FCA-LeaderStateImpl] TRACE segmented.SegmentedRaftLogCache (AutoCloseableReadWriteLock.java:logLocking(65)) -   s0@group-E8AE2E048FCA: readLock RELEASED 1 by SegmentedRaftLogCache$LogSegmentList.isEmpty
2022-07-14 02:38:07,481 [s0@group-E8AE2E048FCA-LeaderStateImpl] TRACE segmented.SegmentedRaftLogCache (AutoCloseableReadWriteLock.java:logLocking(65)) - s0@group-E8AE2E048FCA: readLock RELEASED 0 by SegmentedRaftLogCache.getStartIndex
2022-07-14 02:38:07,481 [s0@group-E8AE2E048FCA-LeaderStateImpl] TRACE segmented.SegmentedRaftLogCache (AutoCloseableReadWriteLock.java:logLocking(65)) - s0@group-E8AE2E048FCA: readLock ACQUIRED 1 by SegmentedRaftLogCache.getEndIndex
2022-07-14 02:38:07,481 [s0@group-E8AE2E048FCA-LeaderStateImpl] TRACE segmented.SegmentedRaftLogCache (AutoCloseableReadWriteLock.java:logLocking(65)) - s0@group-E8AE2E048FCA: readLock RELEASED 0 by SegmentedRaftLogCache.getEndIndex
2022-07-14 02:38:07,481 [s0@group-E8AE2E048FCA-LeaderStateImpl] TRACE segmented.SegmentedRaftLogCache (AutoCloseableReadWriteLock.java:logLocking(65)) - s0@group-E8AE2E048FCA: readLock ACQUIRED 1 by SegmentedRaftLogCache$LogSegmentList.getTermIndex
2022-07-14 02:38:07,481 [s0@group-E8AE2E048FCA-LeaderStateImpl] TRACE segmented.SegmentedRaftLogCache (AutoCloseableReadWriteLock.java:logLocking(65)) - s0@group-E8AE2E048FCA: readLock RELEASED 0 by SegmentedRaftLogCache$LogSegmentList.getTermIndex
2022-07-14 02:38:07,481 [s0@group-E8AE2E048FCA-LeaderStateImpl] TRACE segmented.SegmentedRaftLogCache (AutoCloseableReadWriteLock.java:logLocking(65)) - s0@group-E8AE2E048FCA: readLock ACQUIRED 1 by SegmentedRaftLogCache.getLastTermIndex
2022-07-14 02:38:07,481 [s0@group-E8AE2E048FCA-LeaderStateImpl] TRACE segmented.SegmentedRaftLogCache (AutoCloseableReadWriteLock.java:logLocking(65)) - s0@group-E8AE2E048FCA: readLock RELEASED 0 by SegmentedRaftLogCache.getLastTermIndex
2022-07-14 02:38:07,481 [s0@group-E8AE2E048FCA-LeaderStateImpl] TRACE segmented.SegmentedRaftLogCache (AutoCloseableReadWriteLock.java:logLocking(65)) - s0@group-E8AE2E048FCA: readLock ACQUIRED 1 by SegmentedRaftLogCache$LogSegmentList.countCached
2022-07-14 02:38:07,481 [s0@group-E8AE2E048FCA-LeaderStateImpl] TRACE segmented.SegmentedRaftLogCache (AutoCloseableReadWriteLock.java:logLocking(65)) - s0@group-E8AE2E048FCA: readLock RELEASED 0 by SegmentedRaftLogCache$LogSegmentList.countCached
2022-07-14 02:38:07,481 [s0@group-E8AE2E048FCA-LeaderStateImpl] TRACE segmented.SegmentedRaftLogCache (AutoCloseableReadWriteLock.java:logLocking(65)) - s0@group-E8AE2E048FCA: readLock ACQUIRED 1 by SegmentedRaftLogCache$LogSegmentList.getTotalCacheSize
2022-07-14 02:38:07,481 [s0@group-E8AE2E048FCA-LeaderStateImpl] TRACE segmented.SegmentedRaftLogCache (AutoCloseableReadWriteLock.java:logLocking(65)) - s0@group-E8AE2E048FCA: readLock RELEASED 0 by SegmentedRaftLogCache$LogSegmentList.getTotalCacheSize
2022-07-14 02:38:07,482 [s0@group-E8AE2E048FCA-LeaderStateImpl] DEBUG segmented.SegmentedRaftLogWorker (SegmentedRaftLogWorker.java:addIOTask(270)) - s0@group-E8AE2E048FCA-SegmentedRaftLogWorker adds IO task WriteLog:172: (t:1, i:172), METADATAENTRY(c:171)
2022-07-14 02:38:07,482 [s0@group-E8AE2E048FCA-SegmentedRaftLogWorker] DEBUG segmented.SegmentedRaftLogWorker (SegmentedRaftLogWorker.java:flushIfNecessary(365)) - s0@group-E8AE2E048FCA-SegmentedRaftLogWorker: flush SegmentedRaftLogOutputStream(/home/runner/work/ratis/ratis/ratis-test/target/test/data/f69c223b/MiniRaftClusterWithSimulatedRpc37250022/s0/24813b6b-21de-410f-95d3-e8ae2e048fca/current/log_inprogress_0)
2022-07-14 02:38:07,482 [s0@group-E8AE2E048FCA-StateMachineUpdater] INFO  statemachine.SimpleStateMachine4Testing (SimpleStateMachine4Testing.java:put(204)) - s0: put 171, m85 -> (t:1, i:171), STATEMACHINELOGENTRY, 413@client-4187B1F4E061
2022-07-14 02:38:07,482 [s0-client-thread1] TRACE segmented.SegmentedRaftLogCache (AutoCloseableReadWriteLock.java:logLocking(65)) - s0@group-E8AE2E048FCA: readLock ACQUIRED 1 by SegmentedRaftLogCache.getLastTermIndex
2022-07-14 02:38:07,482 [s0-client-thread1] TRACE segmented.SegmentedRaftLogCache (AutoCloseableReadWriteLock.java:logLocking(65)) - s0@group-E8AE2E048FCA: readLock RELEASED 0 by SegmentedRaftLogCache.getLastTermIndex
2022-07-14 02:38:07,482 [s0-client-thread1] TRACE segmented.SegmentedRaftLogCache (AutoCloseableReadWriteLock.java:logLocking(65)) - s0@group-E8AE2E048FCA: readLock ACQUIRED 1 by SegmentedRaftLogCache.getLastTermIndex
2022-07-14 02:38:07,482 [s0-client-thread1] TRACE segmented.SegmentedRaftLogCache (AutoCloseableReadWriteLock.java:logLocking(65)) - s0@group-E8AE2E048FCA: readLock RELEASED 0 by SegmentedRaftLogCache.getLastTermIndex
2022-07-14 02:38:07,482 [s0-client-thread1] TRACE segmented.SegmentedRaftLogCache (AutoCloseableReadWriteLock.java:logLocking(65)) - s0@group-E8AE2E048FCA: readLock ACQUIRED 1 by SegmentedRaftLogCache$LogSegmentList.countCached
2022-07-14 02:38:07,482 [s0-client-thread1] TRACE segmented.SegmentedRaftLogCache (AutoCloseableReadWriteLock.java:logLocking(65)) - s0@group-E8AE2E048FCA: readLock RELEASED 0 by SegmentedRaftLogCache$LogSegmentList.countCached
2022-07-14 02:38:07,483 [s0-client-thread1] TRACE segmented.SegmentedRaftLogCache (AutoCloseableReadWriteLock.java:logLocking(65)) - s0@group-E8AE2E048FCA: readLock ACQUIRED 1 by SegmentedRaftLogCache$LogSegmentList.getTotalCacheSize
2022-07-14 02:38:07,483 [s0-client-thread1] TRACE segmented.SegmentedRaftLogCache (AutoCloseableReadWriteLock.java:logLocking(65)) - s0@group-E8AE2E048FCA: readLock RELEASED 0 by SegmentedRaftLogCache$LogSegmentList.getTotalCacheSize
2022-07-14 02:38:07,483 [s0-client-thread1] DEBUG segmented.SegmentedRaftLogWorker (SegmentedRaftLogWorker.java:addIOTask(270)) - s0@group-E8AE2E048FCA-SegmentedRaftLogWorker adds IO task WriteLog:173: (t:1, i:173), STATEMACHINELOGENTRY, StateMachineLogEntryProto:414@client-4187B1F4E061
2022-07-14 02:38:07,483 [s0@group-E8AE2E048FCA-SegmentedRaftLogWorker] DEBUG segmented.SegmentedRaftLogWorker (SegmentedRaftLogWorker.java:flushIfNecessary(365)) - s0@group-E8AE2E048FCA-SegmentedRaftLogWorker: flush SegmentedRaftLogOutputStream(/home/runner/work/ratis/ratis/ratis-test/target/test/data/f69c223b/MiniRaftClusterWithSimulatedRpc37250022/s0/24813b6b-21de-410f-95d3-e8ae2e048fca/current/log_inprogress_0)
2022-07-14 02:38:07,483 [s0@group-E8AE2E048FCA-LeaderStateImpl] TRACE segmented.SegmentedRaftLogCache (AutoCloseableReadWriteLock.java:logLocking(65)) - s0@group-E8AE2E048FCA: readLock ACQUIRED 1 by SegmentedRaftLogCache.getStartIndex
2022-07-14 02:38:07,483 [s0@group-E8AE2E048FCA-LeaderStateImpl] TRACE segmented.SegmentedRaftLogCache (AutoCloseableReadWriteLock.java:logLocking(65)) -   s0@group-E8AE2E048FCA: readLock ACQUIRED 2 by SegmentedRaftLogCache$LogSegmentList.isEmpty
2022-07-14 02:38:07,483 [s0@group-E8AE2E048FCA-LeaderStateImpl] TRACE segmented.SegmentedRaftLogCache (AutoCloseableReadWriteLock.java:logLocking(65)) -   s0@group-E8AE2E048FCA: readLock RELEASED 1 by SegmentedRaftLogCache$LogSegmentList.isEmpty
2022-07-14 02:38:07,483 [s0@group-E8AE2E048FCA-LeaderStateImpl] TRACE segmented.SegmentedRaftLogCache (AutoCloseableReadWriteLock.java:logLocking(65)) - s0@group-E8AE2E048FCA: readLock RELEASED 0 by SegmentedRaftLogCache.getStartIndex
2022-07-14 02:38:07,484 [s0@group-E8AE2E048FCA-LeaderStateImpl] TRACE segmented.SegmentedRaftLogCache (AutoCloseableReadWriteLock.java:logLocking(65)) - s0@group-E8AE2E048FCA: readLock ACQUIRED 1 by SegmentedRaftLogCache.getEndIndex
2022-07-14 02:38:07,484 [s0@group-E8AE2E048FCA-LeaderStateImpl] TRACE segmented.SegmentedRaftLogCache (AutoCloseableReadWriteLock.java:logLocking(65)) - s0@group-E8AE2E048FCA: readLock RELEASED 0 by SegmentedRaftLogCache.getEndIndex
2022-07-14 02:38:07,484 [s0@group-E8AE2E048FCA-LeaderStateImpl] TRACE segmented.SegmentedRaftLogCache (AutoCloseableReadWriteLock.java:logLocking(65)) - s0@group-E8AE2E048FCA: readLock ACQUIRED 1 by SegmentedRaftLogCache$LogSegmentList.getTermIndex
2022-07-14 02:38:07,484 [s0@group-E8AE2E048FCA-LeaderStateImpl] TRACE segmented.SegmentedRaftLogCache (AutoCloseableReadWriteLock.java:logLocking(65)) - s0@group-E8AE2E048FCA: readLock RELEASED 0 by SegmentedRaftLogCache$LogSegmentList.getTermIndex
2022-07-14 02:38:07,484 [s0@group-E8AE2E048FCA-LeaderStateImpl] TRACE segmented.SegmentedRaftLogCache (AutoCloseableReadWriteLock.java:logLocking(65)) - s0@group-E8AE2E048FCA: readLock ACQUIRED 1 by SegmentedRaftLogCache.getStartIndex
2022-07-14 02:38:07,484 [s0@group-E8AE2E048FCA-LeaderStateImpl] TRACE segmented.SegmentedRaftLogCache (AutoCloseableReadWriteLock.java:logLocking(65)) -   s0@group-E8AE2E048FCA: readLock ACQUIRED 2 by SegmentedRaftLogCache$LogSegmentList.isEmpty
2022-07-14 02:38:07,484 [s0@group-E8AE2E048FCA-LeaderStateImpl] TRACE segmented.SegmentedRaftLogCache (AutoCloseableReadWriteLock.java:logLocking(65)) -   s0@group-E8AE2E048FCA: readLock RELEASED 1 by SegmentedRaftLogCache$LogSegmentList.isEmpty
2022-07-14 02:38:07,484 [s0@group-E8AE2E048FCA-LeaderStateImpl] TRACE segmented.SegmentedRaftLogCache (AutoCloseableReadWriteLock.java:logLocking(65)) - s0@group-E8AE2E048FCA: readLock RELEASED 0 by SegmentedRaftLogCache.getStartIndex
2022-07-14 02:38:07,484 [s0@group-E8AE2E048FCA-LeaderStateImpl] TRACE segmented.SegmentedRaftLogCache (AutoCloseableReadWriteLock.java:logLocking(65)) - s0@group-E8AE2E048FCA: readLock ACQUIRED 1 by SegmentedRaftLogCache.getEndIndex
2022-07-14 02:38:07,484 [s0@group-E8AE2E048FCA-LeaderStateImpl] TRACE segmented.SegmentedRaftLogCache (AutoCloseableReadWriteLock.java:logLocking(65)) - s0@group-E8AE2E048FCA: readLock RELEASED 0 by SegmentedRaftLogCache.getEndIndex
2022-07-14 02:38:07,484 [s0@group-E8AE2E048FCA-LeaderStateImpl] TRACE segmented.SegmentedRaftLogCache (AutoCloseableReadWriteLock.java:logLocking(65)) - s0@group-E8AE2E048FCA: readLock ACQUIRED 1 by SegmentedRaftLogCache$LogSegmentList.getTermIndex
2022-07-14 02:38:07,484 [s0@group-E8AE2E048FCA-LeaderStateImpl] TRACE segmented.SegmentedRaftLogCache (AutoCloseableReadWriteLock.java:logLocking(65)) - s0@group-E8AE2E048FCA: readLock RELEASED 0 by SegmentedRaftLogCache$LogSegmentList.getTermIndex
2022-07-14 02:38:07,484 [s0@group-E8AE2E048FCA-LeaderStateImpl] TRACE segmented.SegmentedRaftLogCache (AutoCloseableReadWriteLock.java:logLocking(65)) - s0@group-E8AE2E048FCA: readLock ACQUIRED 1 by SegmentedRaftLogCache.getLastTermIndex
2022-07-14 02:38:07,484 [s0@group-E8AE2E048FCA-LeaderStateImpl] TRACE segmented.SegmentedRaftLogCache (AutoCloseableReadWriteLock.java:logLocking(65)) - s0@group-E8AE2E048FCA: readLock RELEASED 0 by SegmentedRaftLogCache.getLastTermIndex
2022-07-14 02:38:07,484 [s0@group-E8AE2E048FCA-LeaderStateImpl] TRACE segmented.SegmentedRaftLogCache (AutoCloseableReadWriteLock.java:logLocking(65)) - s0@group-E8AE2E048FCA: readLock ACQUIRED 1 by SegmentedRaftLogCache$LogSegmentList.countCached
2022-07-14 02:38:07,485 [s0@group-E8AE2E048FCA-LeaderStateImpl] TRACE segmented.SegmentedRaftLogCache (AutoCloseableReadWriteLock.java:logLocking(65)) - s0@group-E8AE2E048FCA: readLock RELEASED 0 by SegmentedRaftLogCache$LogSegmentList.countCached
2022-07-14 02:38:07,485 [s0@group-E8AE2E048FCA-LeaderStateImpl] TRACE segmented.SegmentedRaftLogCache (AutoCloseableReadWriteLock.java:logLocking(65)) - s0@group-E8AE2E048FCA: readLock ACQUIRED 1 by SegmentedRaftLogCache$LogSegmentList.getTotalCacheSize
2022-07-14 02:38:07,485 [s0@group-E8AE2E048FCA-LeaderStateImpl] TRACE segmented.SegmentedRaftLogCache (AutoCloseableReadWriteLock.java:logLocking(65)) - s0@group-E8AE2E048FCA: readLock RELEASED 0 by SegmentedRaftLogCache$LogSegmentList.getTotalCacheSize
2022-07-14 02:38:07,485 [s0@group-E8AE2E048FCA-LeaderStateImpl] DEBUG segmented.SegmentedRaftLogWorker (SegmentedRaftLogWorker.java:addIOTask(270)) - s0@group-E8AE2E048FCA-SegmentedRaftLogWorker adds IO task WriteLog:174: (t:1, i:174), METADATAENTRY(c:173)
2022-07-14 02:38:07,485 [s0@group-E8AE2E048FCA-SegmentedRaftLogWorker] DEBUG segmented.SegmentedRaftLogWorker (SegmentedRaftLogWorker.java:flushIfNecessary(365)) - s0@group-E8AE2E048FCA-SegmentedRaftLogWorker: flush SegmentedRaftLogOutputStream(/home/runner/work/ratis/ratis/ratis-test/target/test/data/f69c223b/MiniRaftClusterWithSimulatedRpc37250022/s0/24813b6b-21de-410f-95d3-e8ae2e048fca/current/log_inprogress_0)
2022-07-14 02:38:07,485 [s0@group-E8AE2E048FCA-StateMachineUpdater] INFO  statemachine.SimpleStateMachine4Testing (SimpleStateMachine4Testing.java:put(204)) - s0: put 173, m86 -> (t:1, i:173), STATEMACHINELOGENTRY, 414@client-4187B1F4E061
2022-07-14 02:38:07,485 [s0-client-thread1] TRACE segmented.SegmentedRaftLogCache (AutoCloseableReadWriteLock.java:logLocking(65)) - s0@group-E8AE2E048FCA: readLock ACQUIRED 1 by SegmentedRaftLogCache.getLastTermIndex
2022-07-14 02:38:07,486 [s0-client-thread1] TRACE segmented.SegmentedRaftLogCache (AutoCloseableReadWriteLock.java:logLocking(65)) - s0@group-E8AE2E048FCA: readLock RELEASED 0 by SegmentedRaftLogCache.getLastTermIndex
2022-07-14 02:38:07,486 [s0-client-thread1] TRACE segmented.SegmentedRaftLogCache (AutoCloseableReadWriteLock.java:logLocking(65)) - s0@group-E8AE2E048FCA: readLock ACQUIRED 1 by SegmentedRaftLogCache.getLastTermIndex
2022-07-14 02:38:07,486 [s0-client-thread1] TRACE segmented.SegmentedRaftLogCache (AutoCloseableReadWriteLock.java:logLocking(65)) - s0@group-E8AE2E048FCA: readLock RELEASED 0 by SegmentedRaftLogCache.getLastTermIndex
2022-07-14 02:38:07,486 [s0-client-thread1] TRACE segmented.SegmentedRaftLogCache (AutoCloseableReadWriteLock.java:logLocking(65)) - s0@group-E8AE2E048FCA: readLock ACQUIRED 1 by SegmentedRaftLogCache$LogSegmentList.countCached
2022-07-14 02:38:07,486 [s0-client-thread1] TRACE segmented.SegmentedRaftLogCache (AutoCloseableReadWriteLock.java:logLocking(65)) - s0@group-E8AE2E048FCA: readLock RELEASED 0 by SegmentedRaftLogCache$LogSegmentList.countCached
2022-07-14 02:38:07,486 [s0-client-thread1] TRACE segmented.SegmentedRaftLogCache (AutoCloseableReadWriteLock.java:logLocking(65)) - s0@group-E8AE2E048FCA: readLock ACQUIRED 1 by SegmentedRaftLogCache$LogSegmentList.getTotalCacheSize
2022-07-14 02:38:07,486 [s0-client-thread1] TRACE segmented.SegmentedRaftLogCache (AutoCloseableReadWriteLock.java:logLocking(65)) - s0@group-E8AE2E048FCA: readLock RELEASED 0 by SegmentedRaftLogCache$LogSegmentList.getTotalCacheSize
2022-07-14 02:38:07,487 [s0-client-thread1] DEBUG segmented.SegmentedRaftLogWorker (SegmentedRaftLogWorker.java:addIOTask(270)) - s0@group-E8AE2E048FCA-SegmentedRaftLogWorker adds IO task WriteLog:175: (t:1, i:175), STATEMACHINELOGENTRY, StateMachineLogEntryProto:415@client-4187B1F4E061
2022-07-14 02:38:07,487 [s0@group-E8AE2E048FCA-SegmentedRaftLogWorker] DEBUG segmented.SegmentedRaftLogWorker (SegmentedRaftLogWorker.java:flushIfNecessary(365)) - s0@group-E8AE2E048FCA-SegmentedRaftLogWorker: flush SegmentedRaftLogOutputStream(/home/runner/work/ratis/ratis/ratis-test/target/test/data/f69c223b/MiniRaftClusterWithSimulatedRpc37250022/s0/24813b6b-21de-410f-95d3-e8ae2e048fca/current/log_inprogress_0)
2022-07-14 02:38:07,487 [s0@group-E8AE2E048FCA-LeaderStateImpl] TRACE segmented.SegmentedRaftLogCache (AutoCloseableReadWriteLock.java:logLocking(65)) - s0@group-E8AE2E048FCA: readLock ACQUIRED 1 by SegmentedRaftLogCache.getStartIndex
2022-07-14 02:38:07,487 [s0@group-E8AE2E048FCA-LeaderStateImpl] TRACE segmented.SegmentedRaftLogCache (AutoCloseableReadWriteLock.java:logLocking(65)) -   s0@group-E8AE2E048FCA: readLock ACQUIRED 2 by SegmentedRaftLogCache$LogSegmentList.isEmpty
2022-07-14 02:38:07,487 [s0@group-E8AE2E048FCA-LeaderStateImpl] TRACE segmented.SegmentedRaftLogCache (AutoCloseableReadWriteLock.java:logLocking(65)) -   s0@group-E8AE2E048FCA: readLock RELEASED 1 by SegmentedRaftLogCache$LogSegmentList.isEmpty
2022-07-14 02:38:07,487 [s0@group-E8AE2E048FCA-LeaderStateImpl] TRACE segmented.SegmentedRaftLogCache (AutoCloseableReadWriteLock.java:logLocking(65)) - s0@group-E8AE2E048FCA: readLock RELEASED 0 by SegmentedRaftLogCache.getStartIndex
2022-07-14 02:38:07,487 [s0@group-E8AE2E048FCA-LeaderStateImpl] TRACE segmented.SegmentedRaftLogCache (AutoCloseableReadWriteLock.java:logLocking(65)) - s0@group-E8AE2E048FCA: readLock ACQUIRED 1 by SegmentedRaftLogCache.getEndIndex
2022-07-14 02:38:07,487 [s0@group-E8AE2E048FCA-LeaderStateImpl] TRACE segmented.SegmentedRaftLogCache (AutoCloseableReadWriteLock.java:logLocking(65)) - s0@group-E8AE2E048FCA: readLock RELEASED 0 by SegmentedRaftLogCache.getEndIndex
2022-07-14 02:38:07,487 [s0@group-E8AE2E048FCA-LeaderStateImpl] TRACE segmented.SegmentedRaftLogCache (AutoCloseableReadWriteLock.java:logLocking(65)) - s0@group-E8AE2E048FCA: readLock ACQUIRED 1 by SegmentedRaftLogCache$LogSegmentList.getTermIndex
2022-07-14 02:38:07,487 [s0@group-E8AE2E048FCA-LeaderStateImpl] TRACE segmented.SegmentedRaftLogCache (AutoCloseableReadWriteLock.java:logLocking(65)) - s0@group-E8AE2E048FCA: readLock RELEASED 0 by SegmentedRaftLogCache$LogSegmentList.getTermIndex
2022-07-14 02:38:07,488 [s0@group-E8AE2E048FCA-LeaderStateImpl] TRACE segmented.SegmentedRaftLogCache (AutoCloseableReadWriteLock.java:logLocking(65)) - s0@group-E8AE2E048FCA: readLock ACQUIRED 1 by SegmentedRaftLogCache.getStartIndex
2022-07-14 02:38:07,488 [s0@group-E8AE2E048FCA-LeaderStateImpl] TRACE segmented.SegmentedRaftLogCache (AutoCloseableReadWriteLock.java:logLocking(65)) -   s0@group-E8AE2E048FCA: readLock ACQUIRED 2 by SegmentedRaftLogCache$LogSegmentList.isEmpty
2022-07-14 02:38:07,488 [s0@group-E8AE2E048FCA-LeaderStateImpl] TRACE segmented.SegmentedRaftLogCache (AutoCloseableReadWriteLock.java:logLocking(65)) -   s0@group-E8AE2E048FCA: readLock RELEASED 1 by SegmentedRaftLogCache$LogSegmentList.isEmpty
2022-07-14 02:38:07,488 [s0@group-E8AE2E048FCA-LeaderStateImpl] TRACE segmented.SegmentedRaftLogCache (AutoCloseableReadWriteLock.java:logLocking(65)) - s0@group-E8AE2E048FCA: readLock RELEASED 0 by SegmentedRaftLogCache.getStartIndex
2022-07-14 02:38:07,488 [s0@group-E8AE2E048FCA-LeaderStateImpl] TRACE segmented.SegmentedRaftLogCache (AutoCloseableReadWriteLock.java:logLocking(65)) - s0@group-E8AE2E048FCA: readLock ACQUIRED 1 by SegmentedRaftLogCache.getEndIndex
2022-07-14 02:38:07,488 [s0@group-E8AE2E048FCA-LeaderStateImpl] TRACE segmented.SegmentedRaftLogCache (AutoCloseableReadWriteLock.java:logLocking(65)) - s0@group-E8AE2E048FCA: readLock RELEASED 0 by SegmentedRaftLogCache.getEndIndex
2022-07-14 02:38:07,488 [s0@group-E8AE2E048FCA-LeaderStateImpl] TRACE segmented.SegmentedRaftLogCache (AutoCloseableReadWriteLock.java:logLocking(65)) - s0@group-E8AE2E048FCA: readLock ACQUIRED 1 by SegmentedRaftLogCache$LogSegmentList.getTermIndex
2022-07-14 02:38:07,488 [s0@group-E8AE2E048FCA-LeaderStateImpl] TRACE segmented.SegmentedRaftLogCache (AutoCloseableReadWriteLock.java:logLocking(65)) - s0@group-E8AE2E048FCA: readLock RELEASED 0 by SegmentedRaftLogCache$LogSegmentList.getTermIndex
2022-07-14 02:38:07,489 [s0@group-E8AE2E048FCA-LeaderStateImpl] TRACE segmented.SegmentedRaftLogCache (AutoCloseableReadWriteLock.java:logLocking(65)) - s0@group-E8AE2E048FCA: readLock ACQUIRED 1 by SegmentedRaftLogCache.getLastTermIndex
2022-07-14 02:38:07,489 [s0@group-E8AE2E048FCA-LeaderStateImpl] TRACE segmented.SegmentedRaftLogCache (AutoCloseableReadWriteLock.java:logLocking(65)) - s0@group-E8AE2E048FCA: readLock RELEASED 0 by SegmentedRaftLogCache.getLastTermIndex
2022-07-14 02:38:07,489 [s0@group-E8AE2E048FCA-LeaderStateImpl] TRACE segmented.SegmentedRaftLogCache (AutoCloseableReadWriteLock.java:logLocking(65)) - s0@group-E8AE2E048FCA: readLock ACQUIRED 1 by SegmentedRaftLogCache$LogSegmentList.countCached
2022-07-14 02:38:07,489 [s0@group-E8AE2E048FCA-LeaderStateImpl] TRACE segmented.SegmentedRaftLogCache (AutoCloseableReadWriteLock.java:logLocking(65)) - s0@group-E8AE2E048FCA: readLock RELEASED 0 by SegmentedRaftLogCache$LogSegmentList.countCached
2022-07-14 02:38:07,489 [s0@group-E8AE2E048FCA-LeaderStateImpl] TRACE segmented.SegmentedRaftLogCache (AutoCloseableReadWriteLock.java:logLocking(65)) - s0@group-E8AE2E048FCA: readLock ACQUIRED 1 by SegmentedRaftLogCache$LogSegmentList.getTotalCacheSize
2022-07-14 02:38:07,489 [s0@group-E8AE2E048FCA-LeaderStateImpl] TRACE segmented.SegmentedRaftLogCache (AutoCloseableReadWriteLock.java:logLocking(65)) - s0@group-E8AE2E048FCA: readLock RELEASED 0 by SegmentedRaftLogCache$LogSegmentList.getTotalCacheSize
2022-07-14 02:38:07,489 [s0@group-E8AE2E048FCA-LeaderStateImpl] DEBUG segmented.SegmentedRaftLogWorker (SegmentedRaftLogWorker.java:addIOTask(270)) - s0@group-E8AE2E048FCA-SegmentedRaftLogWorker adds IO task WriteLog:176: (t:1, i:176), METADATAENTRY(c:175)
2022-07-14 02:38:07,489 [s0@group-E8AE2E048FCA-SegmentedRaftLogWorker] DEBUG segmented.SegmentedRaftLogWorker (SegmentedRaftLogWorker.java:flushIfNecessary(365)) - s0@group-E8AE2E048FCA-SegmentedRaftLogWorker: flush SegmentedRaftLogOutputStream(/home/runner/work/ratis/ratis/ratis-test/target/test/data/f69c223b/MiniRaftClusterWithSimulatedRpc37250022/s0/24813b6b-21de-410f-95d3-e8ae2e048fca/current/log_inprogress_0)
2022-07-14 02:38:07,489 [s0@group-E8AE2E048FCA-StateMachineUpdater] INFO  statemachine.SimpleStateMachine4Testing (SimpleStateMachine4Testing.java:put(204)) - s0: put 175, m87 -> (t:1, i:175), STATEMACHINELOGENTRY, 415@client-4187B1F4E061
2022-07-14 02:38:07,490 [s0-client-thread1] TRACE segmented.SegmentedRaftLogCache (AutoCloseableReadWriteLock.java:logLocking(65)) - s0@group-E8AE2E048FCA: readLock ACQUIRED 1 by SegmentedRaftLogCache.getLastTermIndex
2022-07-14 02:38:07,490 [s0-client-thread1] TRACE segmented.SegmentedRaftLogCache (AutoCloseableReadWriteLock.java:logLocking(65)) - s0@group-E8AE2E048FCA: readLock RELEASED 0 by SegmentedRaftLogCache.getLastTermIndex
2022-07-14 02:38:07,490 [s0-client-thread1] TRACE segmented.SegmentedRaftLogCache (AutoCloseableReadWriteLock.java:logLocking(65)) - s0@group-E8AE2E048FCA: readLock ACQUIRED 1 by SegmentedRaftLogCache.getLastTermIndex
2022-07-14 02:38:07,490 [s0-client-thread1] TRACE segmented.SegmentedRaftLogCache (AutoCloseableReadWriteLock.java:logLocking(65)) - s0@group-E8AE2E048FCA: readLock RELEASED 0 by SegmentedRaftLogCache.getLastTermIndex
2022-07-14 02:38:07,490 [s0-client-thread1] TRACE segmented.SegmentedRaftLogCache (AutoCloseableReadWriteLock.java:logLocking(65)) - s0@group-E8AE2E048FCA: readLock ACQUIRED 1 by SegmentedRaftLogCache$LogSegmentList.countCached
2022-07-14 02:38:07,490 [s0-client-thread1] TRACE segmented.SegmentedRaftLogCache (AutoCloseableReadWriteLock.java:logLocking(65)) - s0@group-E8AE2E048FCA: readLock RELEASED 0 by SegmentedRaftLogCache$LogSegmentList.countCached
2022-07-14 02:38:07,490 [s0-client-thread1] TRACE segmented.SegmentedRaftLogCache (AutoCloseableReadWriteLock.java:logLocking(65)) - s0@group-E8AE2E048FCA: readLock ACQUIRED 1 by SegmentedRaftLogCache$LogSegmentList.getTotalCacheSize
2022-07-14 02:38:07,490 [s0-client-thread1] TRACE segmented.SegmentedRaftLogCache (AutoCloseableReadWriteLock.java:logLocking(65)) - s0@group-E8AE2E048FCA: readLock RELEASED 0 by SegmentedRaftLogCache$LogSegmentList.getTotalCacheSize
2022-07-14 02:38:07,490 [s0-client-thread1] DEBUG segmented.SegmentedRaftLogWorker (SegmentedRaftLogWorker.java:addIOTask(270)) - s0@group-E8AE2E048FCA-SegmentedRaftLogWorker adds IO task WriteLog:177: (t:1, i:177), STATEMACHINELOGENTRY, StateMachineLogEntryProto:416@client-4187B1F4E061
2022-07-14 02:38:07,490 [s0@group-E8AE2E048FCA-SegmentedRaftLogWorker] DEBUG segmented.SegmentedRaftLogWorker (SegmentedRaftLogWorker.java:flushIfNecessary(365)) - s0@group-E8AE2E048FCA-SegmentedRaftLogWorker: flush SegmentedRaftLogOutputStream(/home/runner/work/ratis/ratis/ratis-test/target/test/data/f69c223b/MiniRaftClusterWithSimulatedRpc37250022/s0/24813b6b-21de-410f-95d3-e8ae2e048fca/current/log_inprogress_0)
2022-07-14 02:38:07,491 [s0@group-E8AE2E048FCA-LeaderStateImpl] TRACE segmented.SegmentedRaftLogCache (AutoCloseableReadWriteLock.java:logLocking(65)) - s0@group-E8AE2E048FCA: readLock ACQUIRED 1 by SegmentedRaftLogCache.getStartIndex
2022-07-14 02:38:07,491 [s0@group-E8AE2E048FCA-LeaderStateImpl] TRACE segmented.SegmentedRaftLogCache (AutoCloseableReadWriteLock.java:logLocking(65)) -   s0@group-E8AE2E048FCA: readLock ACQUIRED 2 by SegmentedRaftLogCache$LogSegmentList.isEmpty
2022-07-14 02:38:07,491 [s0@group-E8AE2E048FCA-LeaderStateImpl] TRACE segmented.SegmentedRaftLogCache (AutoCloseableReadWriteLock.java:logLocking(65)) -   s0@group-E8AE2E048FCA: readLock RELEASED 1 by SegmentedRaftLogCache$LogSegmentList.isEmpty
2022-07-14 02:38:07,491 [s0@group-E8AE2E048FCA-LeaderStateImpl] TRACE segmented.SegmentedRaftLogCache (AutoCloseableReadWriteLock.java:logLocking(65)) - s0@group-E8AE2E048FCA: readLock RELEASED 0 by SegmentedRaftLogCache.getStartIndex
2022-07-14 02:38:07,491 [s0@group-E8AE2E048FCA-LeaderStateImpl] TRACE segmented.SegmentedRaftLogCache (AutoCloseableReadWriteLock.java:logLocking(65)) - s0@group-E8AE2E048FCA: readLock ACQUIRED 1 by SegmentedRaftLogCache.getEndIndex
2022-07-14 02:38:07,491 [s0@group-E8AE2E048FCA-LeaderStateImpl] TRACE segmented.SegmentedRaftLogCache (AutoCloseableReadWriteLock.java:logLocking(65)) - s0@group-E8AE2E048FCA: readLock RELEASED 0 by SegmentedRaftLogCache.getEndIndex
2022-07-14 02:38:07,491 [s0@group-E8AE2E048FCA-LeaderStateImpl] TRACE segmented.SegmentedRaftLogCache (AutoCloseableReadWriteLock.java:logLocking(65)) - s0@group-E8AE2E048FCA: readLock ACQUIRED 1 by SegmentedRaftLogCache$LogSegmentList.getTermIndex
2022-07-14 02:38:07,491 [s0@group-E8AE2E048FCA-LeaderStateImpl] TRACE segmented.SegmentedRaftLogCache (AutoCloseableReadWriteLock.java:logLocking(65)) - s0@group-E8AE2E048FCA: readLock RELEASED 0 by SegmentedRaftLogCache$LogSegmentList.getTermIndex
2022-07-14 02:38:07,493 [s0@group-E8AE2E048FCA-LeaderStateImpl] TRACE segmented.SegmentedRaftLogCache (AutoCloseableReadWriteLock.java:logLocking(65)) - s0@group-E8AE2E048FCA: readLock ACQUIRED 1 by SegmentedRaftLogCache.getStartIndex
2022-07-14 02:38:07,493 [s0@group-E8AE2E048FCA-LeaderStateImpl] TRACE segmented.SegmentedRaftLogCache (AutoCloseableReadWriteLock.java:logLocking(65)) -   s0@group-E8AE2E048FCA: readLock ACQUIRED 2 by SegmentedRaftLogCache$LogSegmentList.isEmpty
2022-07-14 02:38:07,493 [s0@group-E8AE2E048FCA-LeaderStateImpl] TRACE segmented.SegmentedRaftLogCache (AutoCloseableReadWriteLock.java:logLocking(65)) -   s0@group-E8AE2E048FCA: readLock RELEASED 1 by SegmentedRaftLogCache$LogSegmentList.isEmpty
2022-07-14 02:38:07,493 [s0@group-E8AE2E048FCA-LeaderStateImpl] TRACE segmented.SegmentedRaftLogCache (AutoCloseableReadWriteLock.java:logLocking(65)) - s0@group-E8AE2E048FCA: readLock RELEASED 0 by SegmentedRaftLogCache.getStartIndex
2022-07-14 02:38:07,493 [s0@group-E8AE2E048FCA-LeaderStateImpl] TRACE segmented.SegmentedRaftLogCache (AutoCloseableReadWriteLock.java:logLocking(65)) - s0@group-E8AE2E048FCA: readLock ACQUIRED 1 by SegmentedRaftLogCache.getEndIndex
2022-07-14 02:38:07,493 [s0@group-E8AE2E048FCA-LeaderStateImpl] TRACE segmented.SegmentedRaftLogCache (AutoCloseableReadWriteLock.java:logLocking(65)) - s0@group-E8AE2E048FCA: readLock RELEASED 0 by SegmentedRaftLogCache.getEndIndex
2022-07-14 02:38:07,493 [s0@group-E8AE2E048FCA-LeaderStateImpl] TRACE segmented.SegmentedRaftLogCache (AutoCloseableReadWriteLock.java:logLocking(65)) - s0@group-E8AE2E048FCA: readLock ACQUIRED 1 by SegmentedRaftLogCache$LogSegmentList.getTermIndex
2022-07-14 02:38:07,493 [s0@group-E8AE2E048FCA-LeaderStateImpl] TRACE segmented.SegmentedRaftLogCache (AutoCloseableReadWriteLock.java:logLocking(65)) - s0@group-E8AE2E048FCA: readLock RELEASED 0 by SegmentedRaftLogCache$LogSegmentList.getTermIndex
2022-07-14 02:38:07,494 [s0@group-E8AE2E048FCA-LeaderStateImpl] TRACE segmented.SegmentedRaftLogCache (AutoCloseableReadWriteLock.java:logLocking(65)) - s0@group-E8AE2E048FCA: readLock ACQUIRED 1 by SegmentedRaftLogCache.getLastTermIndex
2022-07-14 02:38:07,494 [s0@group-E8AE2E048FCA-LeaderStateImpl] TRACE segmented.SegmentedRaftLogCache (AutoCloseableReadWriteLock.java:logLocking(65)) - s0@group-E8AE2E048FCA: readLock RELEASED 0 by SegmentedRaftLogCache.getLastTermIndex
2022-07-14 02:38:07,494 [s0@group-E8AE2E048FCA-LeaderStateImpl] TRACE segmented.SegmentedRaftLogCache (AutoCloseableReadWriteLock.java:logLocking(65)) - s0@group-E8AE2E048FCA: readLock ACQUIRED 1 by SegmentedRaftLogCache$LogSegmentList.countCached
2022-07-14 02:38:07,494 [s0@group-E8AE2E048FCA-LeaderStateImpl] TRACE segmented.SegmentedRaftLogCache (AutoCloseableReadWriteLock.java:logLocking(65)) - s0@group-E8AE2E048FCA: readLock RELEASED 0 by SegmentedRaftLogCache$LogSegmentList.countCached
2022-07-14 02:38:07,494 [s0@group-E8AE2E048FCA-LeaderStateImpl] TRACE segmented.SegmentedRaftLogCache (AutoCloseableReadWriteLock.java:logLocking(65)) - s0@group-E8AE2E048FCA: readLock ACQUIRED 1 by SegmentedRaftLogCache$LogSegmentList.getTotalCacheSize
2022-07-14 02:38:07,494 [s0@group-E8AE2E048FCA-LeaderStateImpl] TRACE segmented.SegmentedRaftLogCache (AutoCloseableReadWriteLock.java:logLocking(65)) - s0@group-E8AE2E048FCA: readLock RELEASED 0 by SegmentedRaftLogCache$LogSegmentList.getTotalCacheSize
2022-07-14 02:38:07,494 [s0@group-E8AE2E048FCA-LeaderStateImpl] DEBUG segmented.SegmentedRaftLogWorker (SegmentedRaftLogWorker.java:addIOTask(270)) - s0@group-E8AE2E048FCA-SegmentedRaftLogWorker adds IO task WriteLog:178: (t:1, i:178), METADATAENTRY(c:177)
2022-07-14 02:38:07,494 [s0@group-E8AE2E048FCA-SegmentedRaftLogWorker] DEBUG segmented.SegmentedRaftLogWorker (SegmentedRaftLogWorker.java:flushIfNecessary(365)) - s0@group-E8AE2E048FCA-SegmentedRaftLogWorker: flush SegmentedRaftLogOutputStream(/home/runner/work/ratis/ratis/ratis-test/target/test/data/f69c223b/MiniRaftClusterWithSimulatedRpc37250022/s0/24813b6b-21de-410f-95d3-e8ae2e048fca/current/log_inprogress_0)
2022-07-14 02:38:07,494 [s0@group-E8AE2E048FCA-StateMachineUpdater] INFO  statemachine.SimpleStateMachine4Testing (SimpleStateMachine4Testing.java:put(204)) - s0: put 177, m88 -> (t:1, i:177), STATEMACHINELOGENTRY, 416@client-4187B1F4E061
2022-07-14 02:38:07,495 [s0-client-thread1] TRACE segmented.SegmentedRaftLogCache (AutoCloseableReadWriteLock.java:logLocking(65)) - s0@group-E8AE2E048FCA: readLock ACQUIRED 1 by SegmentedRaftLogCache.getLastTermIndex
2022-07-14 02:38:07,495 [s0-client-thread1] TRACE segmented.SegmentedRaftLogCache (AutoCloseableReadWriteLock.java:logLocking(65)) - s0@group-E8AE2E048FCA: readLock RELEASED 0 by SegmentedRaftLogCache.getLastTermIndex
2022-07-14 02:38:07,495 [s0-client-thread1] TRACE segmented.SegmentedRaftLogCache (AutoCloseableReadWriteLock.java:logLocking(65)) - s0@group-E8AE2E048FCA: readLock ACQUIRED 1 by SegmentedRaftLogCache.getLastTermIndex
2022-07-14 02:38:07,495 [s0-client-thread1] TRACE segmented.SegmentedRaftLogCache (AutoCloseableReadWriteLock.java:logLocking(65)) - s0@group-E8AE2E048FCA: readLock RELEASED 0 by SegmentedRaftLogCache.getLastTermIndex
2022-07-14 02:38:07,495 [s0-client-thread1] TRACE segmented.SegmentedRaftLogCache (AutoCloseableReadWriteLock.java:logLocking(65)) - s0@group-E8AE2E048FCA: readLock ACQUIRED 1 by SegmentedRaftLogCache$LogSegmentList.countCached
2022-07-14 02:38:07,495 [s0-client-thread1] TRACE segmented.SegmentedRaftLogCache (AutoCloseableReadWriteLock.java:logLocking(65)) - s0@group-E8AE2E048FCA: readLock RELEASED 0 by SegmentedRaftLogCache$LogSegmentList.countCached
2022-07-14 02:38:07,495 [s0-client-thread1] TRACE segmented.SegmentedRaftLogCache (AutoCloseableReadWriteLock.java:logLocking(65)) - s0@group-E8AE2E048FCA: readLock ACQUIRED 1 by SegmentedRaftLogCache$LogSegmentList.getTotalCacheSize
2022-07-14 02:38:07,495 [s0-client-thread1] TRACE segmented.SegmentedRaftLogCache (AutoCloseableReadWriteLock.java:logLocking(65)) - s0@group-E8AE2E048FCA: readLock RELEASED 0 by SegmentedRaftLogCache$LogSegmentList.getTotalCacheSize
2022-07-14 02:38:07,495 [s0-client-thread1] DEBUG segmented.SegmentedRaftLogWorker (SegmentedRaftLogWorker.java:addIOTask(270)) - s0@group-E8AE2E048FCA-SegmentedRaftLogWorker adds IO task WriteLog:179: (t:1, i:179), STATEMACHINELOGENTRY, StateMachineLogEntryProto:417@client-4187B1F4E061
2022-07-14 02:38:07,495 [s0@group-E8AE2E048FCA-SegmentedRaftLogWorker] DEBUG segmented.SegmentedRaftLogWorker (SegmentedRaftLogWorker.java:flushIfNecessary(365)) - s0@group-E8AE2E048FCA-SegmentedRaftLogWorker: flush SegmentedRaftLogOutputStream(/home/runner/work/ratis/ratis/ratis-test/target/test/data/f69c223b/MiniRaftClusterWithSimulatedRpc37250022/s0/24813b6b-21de-410f-95d3-e8ae2e048fca/current/log_inprogress_0)
2022-07-14 02:38:07,495 [s0@group-E8AE2E048FCA-LeaderStateImpl] TRACE segmented.SegmentedRaftLogCache (AutoCloseableReadWriteLock.java:logLocking(65)) - s0@group-E8AE2E048FCA: readLock ACQUIRED 1 by SegmentedRaftLogCache.getStartIndex
2022-07-14 02:38:07,495 [s0@group-E8AE2E048FCA-LeaderStateImpl] TRACE segmented.SegmentedRaftLogCache (AutoCloseableReadWriteLock.java:logLocking(65)) -   s0@group-E8AE2E048FCA: readLock ACQUIRED 2 by SegmentedRaftLogCache$LogSegmentList.isEmpty
2022-07-14 02:38:07,495 [s0@group-E8AE2E048FCA-LeaderStateImpl] TRACE segmented.SegmentedRaftLogCache (AutoCloseableReadWriteLock.java:logLocking(65)) -   s0@group-E8AE2E048FCA: readLock RELEASED 1 by SegmentedRaftLogCache$LogSegmentList.isEmpty
2022-07-14 02:38:07,496 [s0@group-E8AE2E048FCA-LeaderStateImpl] TRACE segmented.SegmentedRaftLogCache (AutoCloseableReadWriteLock.java:logLocking(65)) - s0@group-E8AE2E048FCA: readLock RELEASED 0 by SegmentedRaftLogCache.getStartIndex
2022-07-14 02:38:07,496 [s0@group-E8AE2E048FCA-LeaderStateImpl] TRACE segmented.SegmentedRaftLogCache (AutoCloseableReadWriteLock.java:logLocking(65)) - s0@group-E8AE2E048FCA: readLock ACQUIRED 1 by SegmentedRaftLogCache.getEndIndex
2022-07-14 02:38:07,496 [s0@group-E8AE2E048FCA-LeaderStateImpl] TRACE segmented.SegmentedRaftLogCache (AutoCloseableReadWriteLock.java:logLocking(65)) - s0@group-E8AE2E048FCA: readLock RELEASED 0 by SegmentedRaftLogCache.getEndIndex
2022-07-14 02:38:07,496 [s0@group-E8AE2E048FCA-LeaderStateImpl] TRACE segmented.SegmentedRaftLogCache (AutoCloseableReadWriteLock.java:logLocking(65)) - s0@group-E8AE2E048FCA: readLock ACQUIRED 1 by SegmentedRaftLogCache$LogSegmentList.getTermIndex
2022-07-14 02:38:07,496 [s0@group-E8AE2E048FCA-LeaderStateImpl] TRACE segmented.SegmentedRaftLogCache (AutoCloseableReadWriteLock.java:logLocking(65)) - s0@group-E8AE2E048FCA: readLock RELEASED 0 by SegmentedRaftLogCache$LogSegmentList.getTermIndex
2022-07-14 02:38:07,496 [s0@group-E8AE2E048FCA-LeaderStateImpl] TRACE segmented.SegmentedRaftLogCache (AutoCloseableReadWriteLock.java:logLocking(65)) - s0@group-E8AE2E048FCA: readLock ACQUIRED 1 by SegmentedRaftLogCache.getStartIndex
2022-07-14 02:38:07,496 [s0@group-E8AE2E048FCA-LeaderStateImpl] TRACE segmented.SegmentedRaftLogCache (AutoCloseableReadWriteLock.java:logLocking(65)) -   s0@group-E8AE2E048FCA: readLock ACQUIRED 2 by SegmentedRaftLogCache$LogSegmentList.isEmpty
2022-07-14 02:38:07,496 [s0@group-E8AE2E048FCA-LeaderStateImpl] TRACE segmented.SegmentedRaftLogCache (AutoCloseableReadWriteLock.java:logLocking(65)) -   s0@group-E8AE2E048FCA: readLock RELEASED 1 by SegmentedRaftLogCache$LogSegmentList.isEmpty
2022-07-14 02:38:07,496 [s0@group-E8AE2E048FCA-LeaderStateImpl] TRACE segmented.SegmentedRaftLogCache (AutoCloseableReadWriteLock.java:logLocking(65)) - s0@group-E8AE2E048FCA: readLock RELEASED 0 by SegmentedRaftLogCache.getStartIndex
2022-07-14 02:38:07,496 [s0@group-E8AE2E048FCA-LeaderStateImpl] TRACE segmented.SegmentedRaftLogCache (AutoCloseableReadWriteLock.java:logLocking(65)) - s0@group-E8AE2E048FCA: readLock ACQUIRED 1 by SegmentedRaftLogCache.getEndIndex
2022-07-14 02:38:07,496 [s0@group-E8AE2E048FCA-LeaderStateImpl] TRACE segmented.SegmentedRaftLogCache (AutoCloseableReadWriteLock.java:logLocking(65)) - s0@group-E8AE2E048FCA: readLock RELEASED 0 by SegmentedRaftLogCache.getEndIndex
2022-07-14 02:38:07,497 [s0@group-E8AE2E048FCA-LeaderStateImpl] TRACE segmented.SegmentedRaftLogCache (AutoCloseableReadWriteLock.java:logLocking(65)) - s0@group-E8AE2E048FCA: readLock ACQUIRED 1 by SegmentedRaftLogCache$LogSegmentList.getTermIndex
2022-07-14 02:38:07,497 [s0@group-E8AE2E048FCA-LeaderStateImpl] TRACE segmented.SegmentedRaftLogCache (AutoCloseableReadWriteLock.java:logLocking(65)) - s0@group-E8AE2E048FCA: readLock RELEASED 0 by SegmentedRaftLogCache$LogSegmentList.getTermIndex
2022-07-14 02:38:07,497 [s0@group-E8AE2E048FCA-LeaderStateImpl] TRACE segmented.SegmentedRaftLogCache (AutoCloseableReadWriteLock.java:logLocking(65)) - s0@group-E8AE2E048FCA: readLock ACQUIRED 1 by SegmentedRaftLogCache.getLastTermIndex
2022-07-14 02:38:07,497 [s0@group-E8AE2E048FCA-LeaderStateImpl] TRACE segmented.SegmentedRaftLogCache (AutoCloseableReadWriteLock.java:logLocking(65)) - s0@group-E8AE2E048FCA: readLock RELEASED 0 by SegmentedRaftLogCache.getLastTermIndex
2022-07-14 02:38:07,497 [s0@group-E8AE2E048FCA-LeaderStateImpl] TRACE segmented.SegmentedRaftLogCache (AutoCloseableReadWriteLock.java:logLocking(65)) - s0@group-E8AE2E048FCA: readLock ACQUIRED 1 by SegmentedRaftLogCache$LogSegmentList.countCached
2022-07-14 02:38:07,497 [s0@group-E8AE2E048FCA-LeaderStateImpl] TRACE segmented.SegmentedRaftLogCache (AutoCloseableReadWriteLock.java:logLocking(65)) - s0@group-E8AE2E048FCA: readLock RELEASED 0 by SegmentedRaftLogCache$LogSegmentList.countCached
2022-07-14 02:38:07,497 [s0@group-E8AE2E048FCA-LeaderStateImpl] TRACE segmented.SegmentedRaftLogCache (AutoCloseableReadWriteLock.java:logLocking(65)) - s0@group-E8AE2E048FCA: readLock ACQUIRED 1 by SegmentedRaftLogCache$LogSegmentList.getTotalCacheSize
2022-07-14 02:38:07,497 [s0@group-E8AE2E048FCA-LeaderStateImpl] TRACE segmented.SegmentedRaftLogCache (AutoCloseableReadWriteLock.java:logLocking(65)) - s0@group-E8AE2E048FCA: readLock RELEASED 0 by SegmentedRaftLogCache$LogSegmentList.getTotalCacheSize
2022-07-14 02:38:07,497 [s0@group-E8AE2E048FCA-LeaderStateImpl] DEBUG segmented.SegmentedRaftLogWorker (SegmentedRaftLogWorker.java:addIOTask(270)) - s0@group-E8AE2E048FCA-SegmentedRaftLogWorker adds IO task WriteLog:180: (t:1, i:180), METADATAENTRY(c:179)
2022-07-14 02:38:07,497 [s0@group-E8AE2E048FCA-SegmentedRaftLogWorker] DEBUG segmented.SegmentedRaftLogWorker (SegmentedRaftLogWorker.java:flushIfNecessary(365)) - s0@group-E8AE2E048FCA-SegmentedRaftLogWorker: flush SegmentedRaftLogOutputStream(/home/runner/work/ratis/ratis/ratis-test/target/test/data/f69c223b/MiniRaftClusterWithSimulatedRpc37250022/s0/24813b6b-21de-410f-95d3-e8ae2e048fca/current/log_inprogress_0)
2022-07-14 02:38:07,497 [s0@group-E8AE2E048FCA-StateMachineUpdater] INFO  statemachine.SimpleStateMachine4Testing (SimpleStateMachine4Testing.java:put(204)) - s0: put 179, m89 -> (t:1, i:179), STATEMACHINELOGENTRY, 417@client-4187B1F4E061
2022-07-14 02:38:07,498 [s0@group-E8AE2E048FCA-LeaderStateImpl] TRACE segmented.SegmentedRaftLogCache (AutoCloseableReadWriteLock.java:logLocking(65)) - s0@group-E8AE2E048FCA: readLock ACQUIRED 1 by SegmentedRaftLogCache.getStartIndex
2022-07-14 02:38:07,498 [s0@group-E8AE2E048FCA-LeaderStateImpl] TRACE segmented.SegmentedRaftLogCache (AutoCloseableReadWriteLock.java:logLocking(65)) -   s0@group-E8AE2E048FCA: readLock ACQUIRED 2 by SegmentedRaftLogCache$LogSegmentList.isEmpty
2022-07-14 02:38:07,498 [s0@group-E8AE2E048FCA-LeaderStateImpl] TRACE segmented.SegmentedRaftLogCache (AutoCloseableReadWriteLock.java:logLocking(65)) -   s0@group-E8AE2E048FCA: readLock RELEASED 1 by SegmentedRaftLogCache$LogSegmentList.isEmpty
2022-07-14 02:38:07,498 [s0@group-E8AE2E048FCA-LeaderStateImpl] TRACE segmented.SegmentedRaftLogCache (AutoCloseableReadWriteLock.java:logLocking(65)) - s0@group-E8AE2E048FCA: readLock RELEASED 0 by SegmentedRaftLogCache.getStartIndex
2022-07-14 02:38:07,498 [s0@group-E8AE2E048FCA-LeaderStateImpl] TRACE segmented.SegmentedRaftLogCache (AutoCloseableReadWriteLock.java:logLocking(65)) - s0@group-E8AE2E048FCA: readLock ACQUIRED 1 by SegmentedRaftLogCache.getEndIndex
2022-07-14 02:38:07,498 [s0@group-E8AE2E048FCA-LeaderStateImpl] TRACE segmented.SegmentedRaftLogCache (AutoCloseableReadWriteLock.java:logLocking(65)) - s0@group-E8AE2E048FCA: readLock RELEASED 0 by SegmentedRaftLogCache.getEndIndex
2022-07-14 02:38:07,498 [s0@group-E8AE2E048FCA-LeaderStateImpl] TRACE segmented.SegmentedRaftLogCache (AutoCloseableReadWriteLock.java:logLocking(65)) - s0@group-E8AE2E048FCA: readLock ACQUIRED 1 by SegmentedRaftLogCache$LogSegmentList.getTermIndex
2022-07-14 02:38:07,498 [s0@group-E8AE2E048FCA-LeaderStateImpl] TRACE segmented.SegmentedRaftLogCache (AutoCloseableReadWriteLock.java:logLocking(65)) - s0@group-E8AE2E048FCA: readLock RELEASED 0 by SegmentedRaftLogCache$LogSegmentList.getTermIndex
2022-07-14 02:38:07,498 [s0-client-thread1] TRACE segmented.SegmentedRaftLogCache (AutoCloseableReadWriteLock.java:logLocking(65)) - s0@group-E8AE2E048FCA: readLock ACQUIRED 1 by SegmentedRaftLogCache.getLastTermIndex
2022-07-14 02:38:07,498 [s0-client-thread1] TRACE segmented.SegmentedRaftLogCache (AutoCloseableReadWriteLock.java:logLocking(65)) - s0@group-E8AE2E048FCA: readLock RELEASED 0 by SegmentedRaftLogCache.getLastTermIndex
2022-07-14 02:38:07,499 [s0-client-thread1] TRACE segmented.SegmentedRaftLogCache (AutoCloseableReadWriteLock.java:logLocking(65)) - s0@group-E8AE2E048FCA: readLock ACQUIRED 1 by SegmentedRaftLogCache.getLastTermIndex
2022-07-14 02:38:07,499 [s0-client-thread1] TRACE segmented.SegmentedRaftLogCache (AutoCloseableReadWriteLock.java:logLocking(65)) - s0@group-E8AE2E048FCA: readLock RELEASED 0 by SegmentedRaftLogCache.getLastTermIndex
2022-07-14 02:38:07,499 [s0-client-thread1] TRACE segmented.SegmentedRaftLogCache (AutoCloseableReadWriteLock.java:logLocking(65)) - s0@group-E8AE2E048FCA: readLock ACQUIRED 1 by SegmentedRaftLogCache$LogSegmentList.countCached
2022-07-14 02:38:07,499 [s0-client-thread1] TRACE segmented.SegmentedRaftLogCache (AutoCloseableReadWriteLock.java:logLocking(65)) - s0@group-E8AE2E048FCA: readLock RELEASED 0 by SegmentedRaftLogCache$LogSegmentList.countCached
2022-07-14 02:38:07,499 [s0-client-thread1] TRACE segmented.SegmentedRaftLogCache (AutoCloseableReadWriteLock.java:logLocking(65)) - s0@group-E8AE2E048FCA: readLock ACQUIRED 1 by SegmentedRaftLogCache$LogSegmentList.getTotalCacheSize
2022-07-14 02:38:07,499 [s0-client-thread1] TRACE segmented.SegmentedRaftLogCache (AutoCloseableReadWriteLock.java:logLocking(65)) - s0@group-E8AE2E048FCA: readLock RELEASED 0 by SegmentedRaftLogCache$LogSegmentList.getTotalCacheSize
2022-07-14 02:38:07,499 [s0-client-thread1] DEBUG segmented.SegmentedRaftLogWorker (SegmentedRaftLogWorker.java:addIOTask(270)) - s0@group-E8AE2E048FCA-SegmentedRaftLogWorker adds IO task WriteLog:181: (t:1, i:181), STATEMACHINELOGENTRY, StateMachineLogEntryProto:418@client-4187B1F4E061
2022-07-14 02:38:07,499 [s0@group-E8AE2E048FCA-SegmentedRaftLogWorker] DEBUG segmented.SegmentedRaftLogWorker (SegmentedRaftLogWorker.java:flushIfNecessary(365)) - s0@group-E8AE2E048FCA-SegmentedRaftLogWorker: flush SegmentedRaftLogOutputStream(/home/runner/work/ratis/ratis/ratis-test/target/test/data/f69c223b/MiniRaftClusterWithSimulatedRpc37250022/s0/24813b6b-21de-410f-95d3-e8ae2e048fca/current/log_inprogress_0)
2022-07-14 02:38:07,499 [s0@group-E8AE2E048FCA-LeaderStateImpl] TRACE segmented.SegmentedRaftLogCache (AutoCloseableReadWriteLock.java:logLocking(65)) - s0@group-E8AE2E048FCA: readLock ACQUIRED 1 by SegmentedRaftLogCache.getStartIndex
2022-07-14 02:38:07,500 [s0@group-E8AE2E048FCA-LeaderStateImpl] TRACE segmented.SegmentedRaftLogCache (AutoCloseableReadWriteLock.java:logLocking(65)) -   s0@group-E8AE2E048FCA: readLock ACQUIRED 2 by SegmentedRaftLogCache$LogSegmentList.isEmpty
2022-07-14 02:38:07,500 [s0@group-E8AE2E048FCA-LeaderStateImpl] TRACE segmented.SegmentedRaftLogCache (AutoCloseableReadWriteLock.java:logLocking(65)) -   s0@group-E8AE2E048FCA: readLock RELEASED 1 by SegmentedRaftLogCache$LogSegmentList.isEmpty
2022-07-14 02:38:07,500 [s0@group-E8AE2E048FCA-LeaderStateImpl] TRACE segmented.SegmentedRaftLogCache (AutoCloseableReadWriteLock.java:logLocking(65)) - s0@group-E8AE2E048FCA: readLock RELEASED 0 by SegmentedRaftLogCache.getStartIndex
2022-07-14 02:38:07,500 [s0@group-E8AE2E048FCA-LeaderStateImpl] TRACE segmented.SegmentedRaftLogCache (AutoCloseableReadWriteLock.java:logLocking(65)) - s0@group-E8AE2E048FCA: readLock ACQUIRED 1 by SegmentedRaftLogCache.getEndIndex
2022-07-14 02:38:07,500 [s0@group-E8AE2E048FCA-LeaderStateImpl] TRACE segmented.SegmentedRaftLogCache (AutoCloseableReadWriteLock.java:logLocking(65)) - s0@group-E8AE2E048FCA: readLock RELEASED 0 by SegmentedRaftLogCache.getEndIndex
2022-07-14 02:38:07,500 [s0@group-E8AE2E048FCA-LeaderStateImpl] TRACE segmented.SegmentedRaftLogCache (AutoCloseableReadWriteLock.java:logLocking(65)) - s0@group-E8AE2E048FCA: readLock ACQUIRED 1 by SegmentedRaftLogCache$LogSegmentList.getTermIndex
2022-07-14 02:38:07,500 [s0@group-E8AE2E048FCA-LeaderStateImpl] TRACE segmented.SegmentedRaftLogCache (AutoCloseableReadWriteLock.java:logLocking(65)) - s0@group-E8AE2E048FCA: readLock RELEASED 0 by SegmentedRaftLogCache$LogSegmentList.getTermIndex
2022-07-14 02:38:07,500 [s0@group-E8AE2E048FCA-LeaderStateImpl] TRACE segmented.SegmentedRaftLogCache (AutoCloseableReadWriteLock.java:logLocking(65)) - s0@group-E8AE2E048FCA: readLock ACQUIRED 1 by SegmentedRaftLogCache.getLastTermIndex
2022-07-14 02:38:07,500 [s0@group-E8AE2E048FCA-LeaderStateImpl] TRACE segmented.SegmentedRaftLogCache (AutoCloseableReadWriteLock.java:logLocking(65)) - s0@group-E8AE2E048FCA: readLock RELEASED 0 by SegmentedRaftLogCache.getLastTermIndex
2022-07-14 02:38:07,500 [s0@group-E8AE2E048FCA-LeaderStateImpl] TRACE segmented.SegmentedRaftLogCache (AutoCloseableReadWriteLock.java:logLocking(65)) - s0@group-E8AE2E048FCA: readLock ACQUIRED 1 by SegmentedRaftLogCache$LogSegmentList.countCached
2022-07-14 02:38:07,500 [s0@group-E8AE2E048FCA-LeaderStateImpl] TRACE segmented.SegmentedRaftLogCache (AutoCloseableReadWriteLock.java:logLocking(65)) - s0@group-E8AE2E048FCA: readLock RELEASED 0 by SegmentedRaftLogCache$LogSegmentList.countCached
2022-07-14 02:38:07,500 [s0@group-E8AE2E048FCA-LeaderStateImpl] TRACE segmented.SegmentedRaftLogCache (AutoCloseableReadWriteLock.java:logLocking(65)) - s0@group-E8AE2E048FCA: readLock ACQUIRED 1 by SegmentedRaftLogCache$LogSegmentList.getTotalCacheSize
2022-07-14 02:38:07,500 [s0@group-E8AE2E048FCA-LeaderStateImpl] TRACE segmented.SegmentedRaftLogCache (AutoCloseableReadWriteLock.java:logLocking(65)) - s0@group-E8AE2E048FCA: readLock RELEASED 0 by SegmentedRaftLogCache$LogSegmentList.getTotalCacheSize
2022-07-14 02:38:07,500 [s0@group-E8AE2E048FCA-LeaderStateImpl] DEBUG segmented.SegmentedRaftLogWorker (SegmentedRaftLogWorker.java:addIOTask(270)) - s0@group-E8AE2E048FCA-SegmentedRaftLogWorker adds IO task WriteLog:182: (t:1, i:182), METADATAENTRY(c:181)
2022-07-14 02:38:07,500 [s0@group-E8AE2E048FCA-SegmentedRaftLogWorker] DEBUG segmented.SegmentedRaftLogWorker (SegmentedRaftLogWorker.java:flushIfNecessary(365)) - s0@group-E8AE2E048FCA-SegmentedRaftLogWorker: flush SegmentedRaftLogOutputStream(/home/runner/work/ratis/ratis/ratis-test/target/test/data/f69c223b/MiniRaftClusterWithSimulatedRpc37250022/s0/24813b6b-21de-410f-95d3-e8ae2e048fca/current/log_inprogress_0)
2022-07-14 02:38:07,501 [s0@group-E8AE2E048FCA-StateMachineUpdater] INFO  statemachine.SimpleStateMachine4Testing (SimpleStateMachine4Testing.java:put(204)) - s0: put 181, m90 -> (t:1, i:181), STATEMACHINELOGENTRY, 418@client-4187B1F4E061
2022-07-14 02:38:07,502 [s0-client-thread1] TRACE segmented.SegmentedRaftLogCache (AutoCloseableReadWriteLock.java:logLocking(65)) - s0@group-E8AE2E048FCA: readLock ACQUIRED 1 by SegmentedRaftLogCache.getLastTermIndex
2022-07-14 02:38:07,502 [s0-client-thread1] TRACE segmented.SegmentedRaftLogCache (AutoCloseableReadWriteLock.java:logLocking(65)) - s0@group-E8AE2E048FCA: readLock RELEASED 0 by SegmentedRaftLogCache.getLastTermIndex
2022-07-14 02:38:07,502 [s0-client-thread1] TRACE segmented.SegmentedRaftLogCache (AutoCloseableReadWriteLock.java:logLocking(65)) - s0@group-E8AE2E048FCA: readLock ACQUIRED 1 by SegmentedRaftLogCache.getLastTermIndex
2022-07-14 02:38:07,502 [s0-client-thread1] TRACE segmented.SegmentedRaftLogCache (AutoCloseableReadWriteLock.java:logLocking(65)) - s0@group-E8AE2E048FCA: readLock RELEASED 0 by SegmentedRaftLogCache.getLastTermIndex
2022-07-14 02:38:07,502 [s0-client-thread1] TRACE segmented.SegmentedRaftLogCache (AutoCloseableReadWriteLock.java:logLocking(65)) - s0@group-E8AE2E048FCA: readLock ACQUIRED 1 by SegmentedRaftLogCache$LogSegmentList.countCached
2022-07-14 02:38:07,502 [s0-client-thread1] TRACE segmented.SegmentedRaftLogCache (AutoCloseableReadWriteLock.java:logLocking(65)) - s0@group-E8AE2E048FCA: readLock RELEASED 0 by SegmentedRaftLogCache$LogSegmentList.countCached
2022-07-14 02:38:07,502 [s0-client-thread1] TRACE segmented.SegmentedRaftLogCache (AutoCloseableReadWriteLock.java:logLocking(65)) - s0@group-E8AE2E048FCA: readLock ACQUIRED 1 by SegmentedRaftLogCache$LogSegmentList.getTotalCacheSize
2022-07-14 02:38:07,502 [s0-client-thread1] TRACE segmented.SegmentedRaftLogCache (AutoCloseableReadWriteLock.java:logLocking(65)) - s0@group-E8AE2E048FCA: readLock RELEASED 0 by SegmentedRaftLogCache$LogSegmentList.getTotalCacheSize
2022-07-14 02:38:07,502 [s0-client-thread1] DEBUG segmented.SegmentedRaftLogWorker (SegmentedRaftLogWorker.java:addIOTask(270)) - s0@group-E8AE2E048FCA-SegmentedRaftLogWorker adds IO task WriteLog:183: (t:1, i:183), STATEMACHINELOGENTRY, StateMachineLogEntryProto:419@client-4187B1F4E061
2022-07-14 02:38:07,502 [s0@group-E8AE2E048FCA-SegmentedRaftLogWorker] DEBUG segmented.SegmentedRaftLogWorker (SegmentedRaftLogWorker.java:flushIfNecessary(365)) - s0@group-E8AE2E048FCA-SegmentedRaftLogWorker: flush SegmentedRaftLogOutputStream(/home/runner/work/ratis/ratis/ratis-test/target/test/data/f69c223b/MiniRaftClusterWithSimulatedRpc37250022/s0/24813b6b-21de-410f-95d3-e8ae2e048fca/current/log_inprogress_0)
2022-07-14 02:38:07,503 [s0@group-E8AE2E048FCA-LeaderStateImpl] TRACE segmented.SegmentedRaftLogCache (AutoCloseableReadWriteLock.java:logLocking(65)) - s0@group-E8AE2E048FCA: readLock ACQUIRED 1 by SegmentedRaftLogCache.getStartIndex
2022-07-14 02:38:07,503 [s0@group-E8AE2E048FCA-LeaderStateImpl] TRACE segmented.SegmentedRaftLogCache (AutoCloseableReadWriteLock.java:logLocking(65)) -   s0@group-E8AE2E048FCA: readLock ACQUIRED 2 by SegmentedRaftLogCache$LogSegmentList.isEmpty
2022-07-14 02:38:07,503 [s0@group-E8AE2E048FCA-LeaderStateImpl] TRACE segmented.SegmentedRaftLogCache (AutoCloseableReadWriteLock.java:logLocking(65)) -   s0@group-E8AE2E048FCA: readLock RELEASED 1 by SegmentedRaftLogCache$LogSegmentList.isEmpty
2022-07-14 02:38:07,503 [s0@group-E8AE2E048FCA-LeaderStateImpl] TRACE segmented.SegmentedRaftLogCache (AutoCloseableReadWriteLock.java:logLocking(65)) - s0@group-E8AE2E048FCA: readLock RELEASED 0 by SegmentedRaftLogCache.getStartIndex
2022-07-14 02:38:07,503 [s0@group-E8AE2E048FCA-LeaderStateImpl] TRACE segmented.SegmentedRaftLogCache (AutoCloseableReadWriteLock.java:logLocking(65)) - s0@group-E8AE2E048FCA: readLock ACQUIRED 1 by SegmentedRaftLogCache.getEndIndex
2022-07-14 02:38:07,503 [s0@group-E8AE2E048FCA-LeaderStateImpl] TRACE segmented.SegmentedRaftLogCache (AutoCloseableReadWriteLock.java:logLocking(65)) - s0@group-E8AE2E048FCA: readLock RELEASED 0 by SegmentedRaftLogCache.getEndIndex
2022-07-14 02:38:07,503 [s0@group-E8AE2E048FCA-LeaderStateImpl] TRACE segmented.SegmentedRaftLogCache (AutoCloseableReadWriteLock.java:logLocking(65)) - s0@group-E8AE2E048FCA: readLock ACQUIRED 1 by SegmentedRaftLogCache$LogSegmentList.getTermIndex
2022-07-14 02:38:07,503 [s0@group-E8AE2E048FCA-LeaderStateImpl] TRACE segmented.SegmentedRaftLogCache (AutoCloseableReadWriteLock.java:logLocking(65)) - s0@group-E8AE2E048FCA: readLock RELEASED 0 by SegmentedRaftLogCache$LogSegmentList.getTermIndex
2022-07-14 02:38:07,504 [s0@group-E8AE2E048FCA-LeaderStateImpl] TRACE segmented.SegmentedRaftLogCache (AutoCloseableReadWriteLock.java:logLocking(65)) - s0@group-E8AE2E048FCA: readLock ACQUIRED 1 by SegmentedRaftLogCache.getStartIndex
2022-07-14 02:38:07,504 [s0@group-E8AE2E048FCA-LeaderStateImpl] TRACE segmented.SegmentedRaftLogCache (AutoCloseableReadWriteLock.java:logLocking(65)) -   s0@group-E8AE2E048FCA: readLock ACQUIRED 2 by SegmentedRaftLogCache$LogSegmentList.isEmpty
2022-07-14 02:38:07,504 [s0@group-E8AE2E048FCA-LeaderStateImpl] TRACE segmented.SegmentedRaftLogCache (AutoCloseableReadWriteLock.java:logLocking(65)) -   s0@group-E8AE2E048FCA: readLock RELEASED 1 by SegmentedRaftLogCache$LogSegmentList.isEmpty
2022-07-14 02:38:07,504 [s0@group-E8AE2E048FCA-LeaderStateImpl] TRACE segmented.SegmentedRaftLogCache (AutoCloseableReadWriteLock.java:logLocking(65)) - s0@group-E8AE2E048FCA: readLock RELEASED 0 by SegmentedRaftLogCache.getStartIndex
2022-07-14 02:38:07,504 [s0@group-E8AE2E048FCA-LeaderStateImpl] TRACE segmented.SegmentedRaftLogCache (AutoCloseableReadWriteLock.java:logLocking(65)) - s0@group-E8AE2E048FCA: readLock ACQUIRED 1 by SegmentedRaftLogCache.getEndIndex
2022-07-14 02:38:07,504 [s0@group-E8AE2E048FCA-LeaderStateImpl] TRACE segmented.SegmentedRaftLogCache (AutoCloseableReadWriteLock.java:logLocking(65)) - s0@group-E8AE2E048FCA: readLock RELEASED 0 by SegmentedRaftLogCache.getEndIndex
2022-07-14 02:38:07,504 [s0@group-E8AE2E048FCA-LeaderStateImpl] TRACE segmented.SegmentedRaftLogCache (AutoCloseableReadWriteLock.java:logLocking(65)) - s0@group-E8AE2E048FCA: readLock ACQUIRED 1 by SegmentedRaftLogCache$LogSegmentList.getTermIndex
2022-07-14 02:38:07,504 [s0@group-E8AE2E048FCA-LeaderStateImpl] TRACE segmented.SegmentedRaftLogCache (AutoCloseableReadWriteLock.java:logLocking(65)) - s0@group-E8AE2E048FCA: readLock RELEASED 0 by SegmentedRaftLogCache$LogSegmentList.getTermIndex
2022-07-14 02:38:07,504 [s0@group-E8AE2E048FCA-LeaderStateImpl] TRACE segmented.SegmentedRaftLogCache (AutoCloseableReadWriteLock.java:logLocking(65)) - s0@group-E8AE2E048FCA: readLock ACQUIRED 1 by SegmentedRaftLogCache.getLastTermIndex
2022-07-14 02:38:07,504 [s0@group-E8AE2E048FCA-LeaderStateImpl] TRACE segmented.SegmentedRaftLogCache (AutoCloseableReadWriteLock.java:logLocking(65)) - s0@group-E8AE2E048FCA: readLock RELEASED 0 by SegmentedRaftLogCache.getLastTermIndex
2022-07-14 02:38:07,505 [s0@group-E8AE2E048FCA-LeaderStateImpl] TRACE segmented.SegmentedRaftLogCache (AutoCloseableReadWriteLock.java:logLocking(65)) - s0@group-E8AE2E048FCA: readLock ACQUIRED 1 by SegmentedRaftLogCache$LogSegmentList.countCached
2022-07-14 02:38:07,505 [s0@group-E8AE2E048FCA-LeaderStateImpl] TRACE segmented.SegmentedRaftLogCache (AutoCloseableReadWriteLock.java:logLocking(65)) - s0@group-E8AE2E048FCA: readLock RELEASED 0 by SegmentedRaftLogCache$LogSegmentList.countCached
2022-07-14 02:38:07,505 [s0@group-E8AE2E048FCA-LeaderStateImpl] TRACE segmented.SegmentedRaftLogCache (AutoCloseableReadWriteLock.java:logLocking(65)) - s0@group-E8AE2E048FCA: readLock ACQUIRED 1 by SegmentedRaftLogCache$LogSegmentList.getTotalCacheSize
2022-07-14 02:38:07,505 [s0@group-E8AE2E048FCA-LeaderStateImpl] TRACE segmented.SegmentedRaftLogCache (AutoCloseableReadWriteLock.java:logLocking(65)) - s0@group-E8AE2E048FCA: readLock RELEASED 0 by SegmentedRaftLogCache$LogSegmentList.getTotalCacheSize
2022-07-14 02:38:07,505 [s0@group-E8AE2E048FCA-LeaderStateImpl] DEBUG segmented.SegmentedRaftLogWorker (SegmentedRaftLogWorker.java:addIOTask(270)) - s0@group-E8AE2E048FCA-SegmentedRaftLogWorker adds IO task WriteLog:184: (t:1, i:184), METADATAENTRY(c:183)
2022-07-14 02:38:07,505 [s0@group-E8AE2E048FCA-SegmentedRaftLogWorker] DEBUG segmented.SegmentedRaftLogWorker (SegmentedRaftLogWorker.java:flushIfNecessary(365)) - s0@group-E8AE2E048FCA-SegmentedRaftLogWorker: flush SegmentedRaftLogOutputStream(/home/runner/work/ratis/ratis/ratis-test/target/test/data/f69c223b/MiniRaftClusterWithSimulatedRpc37250022/s0/24813b6b-21de-410f-95d3-e8ae2e048fca/current/log_inprogress_0)
2022-07-14 02:38:07,505 [s0@group-E8AE2E048FCA-StateMachineUpdater] INFO  statemachine.SimpleStateMachine4Testing (SimpleStateMachine4Testing.java:put(204)) - s0: put 183, m91 -> (t:1, i:183), STATEMACHINELOGENTRY, 419@client-4187B1F4E061
2022-07-14 02:38:07,506 [s0-client-thread1] TRACE segmented.SegmentedRaftLogCache (AutoCloseableReadWriteLock.java:logLocking(65)) - s0@group-E8AE2E048FCA: readLock ACQUIRED 1 by SegmentedRaftLogCache.getLastTermIndex
2022-07-14 02:38:07,506 [s0-client-thread1] TRACE segmented.SegmentedRaftLogCache (AutoCloseableReadWriteLock.java:logLocking(65)) - s0@group-E8AE2E048FCA: readLock RELEASED 0 by SegmentedRaftLogCache.getLastTermIndex
2022-07-14 02:38:07,506 [s0-client-thread1] TRACE segmented.SegmentedRaftLogCache (AutoCloseableReadWriteLock.java:logLocking(65)) - s0@group-E8AE2E048FCA: readLock ACQUIRED 1 by SegmentedRaftLogCache.getLastTermIndex
2022-07-14 02:38:07,506 [s0-client-thread1] TRACE segmented.SegmentedRaftLogCache (AutoCloseableReadWriteLock.java:logLocking(65)) - s0@group-E8AE2E048FCA: readLock RELEASED 0 by SegmentedRaftLogCache.getLastTermIndex
2022-07-14 02:38:07,506 [s0-client-thread1] TRACE segmented.SegmentedRaftLogCache (AutoCloseableReadWriteLock.java:logLocking(65)) - s0@group-E8AE2E048FCA: readLock ACQUIRED 1 by SegmentedRaftLogCache$LogSegmentList.countCached
2022-07-14 02:38:07,506 [s0-client-thread1] TRACE segmented.SegmentedRaftLogCache (AutoCloseableReadWriteLock.java:logLocking(65)) - s0@group-E8AE2E048FCA: readLock RELEASED 0 by SegmentedRaftLogCache$LogSegmentList.countCached
2022-07-14 02:38:07,506 [s0-client-thread1] TRACE segmented.SegmentedRaftLogCache (AutoCloseableReadWriteLock.java:logLocking(65)) - s0@group-E8AE2E048FCA: readLock ACQUIRED 1 by SegmentedRaftLogCache$LogSegmentList.getTotalCacheSize
2022-07-14 02:38:07,506 [s0-client-thread1] TRACE segmented.SegmentedRaftLogCache (AutoCloseableReadWriteLock.java:logLocking(65)) - s0@group-E8AE2E048FCA: readLock RELEASED 0 by SegmentedRaftLogCache$LogSegmentList.getTotalCacheSize
2022-07-14 02:38:07,506 [s0-client-thread1] DEBUG segmented.SegmentedRaftLogWorker (SegmentedRaftLogWorker.java:addIOTask(270)) - s0@group-E8AE2E048FCA-SegmentedRaftLogWorker adds IO task WriteLog:185: (t:1, i:185), STATEMACHINELOGENTRY, StateMachineLogEntryProto:420@client-4187B1F4E061
2022-07-14 02:38:07,506 [s0@group-E8AE2E048FCA-SegmentedRaftLogWorker] DEBUG segmented.SegmentedRaftLogWorker (SegmentedRaftLogWorker.java:flushIfNecessary(365)) - s0@group-E8AE2E048FCA-SegmentedRaftLogWorker: flush SegmentedRaftLogOutputStream(/home/runner/work/ratis/ratis/ratis-test/target/test/data/f69c223b/MiniRaftClusterWithSimulatedRpc37250022/s0/24813b6b-21de-410f-95d3-e8ae2e048fca/current/log_inprogress_0)
2022-07-14 02:38:07,507 [s0@group-E8AE2E048FCA-LeaderStateImpl] TRACE segmented.SegmentedRaftLogCache (AutoCloseableReadWriteLock.java:logLocking(65)) - s0@group-E8AE2E048FCA: readLock ACQUIRED 1 by SegmentedRaftLogCache.getStartIndex
2022-07-14 02:38:07,507 [s0@group-E8AE2E048FCA-LeaderStateImpl] TRACE segmented.SegmentedRaftLogCache (AutoCloseableReadWriteLock.java:logLocking(65)) -   s0@group-E8AE2E048FCA: readLock ACQUIRED 2 by SegmentedRaftLogCache$LogSegmentList.isEmpty
2022-07-14 02:38:07,507 [s0@group-E8AE2E048FCA-LeaderStateImpl] TRACE segmented.SegmentedRaftLogCache (AutoCloseableReadWriteLock.java:logLocking(65)) -   s0@group-E8AE2E048FCA: readLock RELEASED 1 by SegmentedRaftLogCache$LogSegmentList.isEmpty
2022-07-14 02:38:07,507 [s0@group-E8AE2E048FCA-LeaderStateImpl] TRACE segmented.SegmentedRaftLogCache (AutoCloseableReadWriteLock.java:logLocking(65)) - s0@group-E8AE2E048FCA: readLock RELEASED 0 by SegmentedRaftLogCache.getStartIndex
2022-07-14 02:38:07,507 [s0@group-E8AE2E048FCA-LeaderStateImpl] TRACE segmented.SegmentedRaftLogCache (AutoCloseableReadWriteLock.java:logLocking(65)) - s0@group-E8AE2E048FCA: readLock ACQUIRED 1 by SegmentedRaftLogCache.getEndIndex
2022-07-14 02:38:07,507 [s0@group-E8AE2E048FCA-LeaderStateImpl] TRACE segmented.SegmentedRaftLogCache (AutoCloseableReadWriteLock.java:logLocking(65)) - s0@group-E8AE2E048FCA: readLock RELEASED 0 by SegmentedRaftLogCache.getEndIndex
2022-07-14 02:38:07,507 [s0@group-E8AE2E048FCA-LeaderStateImpl] TRACE segmented.SegmentedRaftLogCache (AutoCloseableReadWriteLock.java:logLocking(65)) - s0@group-E8AE2E048FCA: readLock ACQUIRED 1 by SegmentedRaftLogCache$LogSegmentList.getTermIndex
2022-07-14 02:38:07,507 [s0@group-E8AE2E048FCA-LeaderStateImpl] TRACE segmented.SegmentedRaftLogCache (AutoCloseableReadWriteLock.java:logLocking(65)) - s0@group-E8AE2E048FCA: readLock RELEASED 0 by SegmentedRaftLogCache$LogSegmentList.getTermIndex
2022-07-14 02:38:07,507 [s0@group-E8AE2E048FCA-LeaderStateImpl] TRACE segmented.SegmentedRaftLogCache (AutoCloseableReadWriteLock.java:logLocking(65)) - s0@group-E8AE2E048FCA: readLock ACQUIRED 1 by SegmentedRaftLogCache.getStartIndex
2022-07-14 02:38:07,507 [s0@group-E8AE2E048FCA-LeaderStateImpl] TRACE segmented.SegmentedRaftLogCache (AutoCloseableReadWriteLock.java:logLocking(65)) -   s0@group-E8AE2E048FCA: readLock ACQUIRED 2 by SegmentedRaftLogCache$LogSegmentList.isEmpty
2022-07-14 02:38:07,507 [s0@group-E8AE2E048FCA-LeaderStateImpl] TRACE segmented.SegmentedRaftLogCache (AutoCloseableReadWriteLock.java:logLocking(65)) -   s0@group-E8AE2E048FCA: readLock RELEASED 1 by SegmentedRaftLogCache$LogSegmentList.isEmpty
2022-07-14 02:38:07,507 [s0@group-E8AE2E048FCA-LeaderStateImpl] TRACE segmented.SegmentedRaftLogCache (AutoCloseableReadWriteLock.java:logLocking(65)) - s0@group-E8AE2E048FCA: readLock RELEASED 0 by SegmentedRaftLogCache.getStartIndex
2022-07-14 02:38:07,507 [s0@group-E8AE2E048FCA-LeaderStateImpl] TRACE segmented.SegmentedRaftLogCache (AutoCloseableReadWriteLock.java:logLocking(65)) - s0@group-E8AE2E048FCA: readLock ACQUIRED 1 by SegmentedRaftLogCache.getEndIndex
2022-07-14 02:38:07,508 [s0@group-E8AE2E048FCA-LeaderStateImpl] TRACE segmented.SegmentedRaftLogCache (AutoCloseableReadWriteLock.java:logLocking(65)) - s0@group-E8AE2E048FCA: readLock RELEASED 0 by SegmentedRaftLogCache.getEndIndex
2022-07-14 02:38:07,508 [s0@group-E8AE2E048FCA-LeaderStateImpl] TRACE segmented.SegmentedRaftLogCache (AutoCloseableReadWriteLock.java:logLocking(65)) - s0@group-E8AE2E048FCA: readLock ACQUIRED 1 by SegmentedRaftLogCache$LogSegmentList.getTermIndex
2022-07-14 02:38:07,508 [s0@group-E8AE2E048FCA-LeaderStateImpl] TRACE segmented.SegmentedRaftLogCache (AutoCloseableReadWriteLock.java:logLocking(65)) - s0@group-E8AE2E048FCA: readLock RELEASED 0 by SegmentedRaftLogCache$LogSegmentList.getTermIndex
2022-07-14 02:38:07,508 [s0@group-E8AE2E048FCA-LeaderStateImpl] TRACE segmented.SegmentedRaftLogCache (AutoCloseableReadWriteLock.java:logLocking(65)) - s0@group-E8AE2E048FCA: readLock ACQUIRED 1 by SegmentedRaftLogCache.getLastTermIndex
2022-07-14 02:38:07,508 [s0@group-E8AE2E048FCA-LeaderStateImpl] TRACE segmented.SegmentedRaftLogCache (AutoCloseableReadWriteLock.java:logLocking(65)) - s0@group-E8AE2E048FCA: readLock RELEASED 0 by SegmentedRaftLogCache.getLastTermIndex
2022-07-14 02:38:07,508 [s0@group-E8AE2E048FCA-LeaderStateImpl] TRACE segmented.SegmentedRaftLogCache (AutoCloseableReadWriteLock.java:logLocking(65)) - s0@group-E8AE2E048FCA: readLock ACQUIRED 1 by SegmentedRaftLogCache$LogSegmentList.countCached
2022-07-14 02:38:07,508 [s0@group-E8AE2E048FCA-LeaderStateImpl] TRACE segmented.SegmentedRaftLogCache (AutoCloseableReadWriteLock.java:logLocking(65)) - s0@group-E8AE2E048FCA: readLock RELEASED 0 by SegmentedRaftLogCache$LogSegmentList.countCached
2022-07-14 02:38:07,508 [s0@group-E8AE2E048FCA-LeaderStateImpl] TRACE segmented.SegmentedRaftLogCache (AutoCloseableReadWriteLock.java:logLocking(65)) - s0@group-E8AE2E048FCA: readLock ACQUIRED 1 by SegmentedRaftLogCache$LogSegmentList.getTotalCacheSize
2022-07-14 02:38:07,508 [s0@group-E8AE2E048FCA-LeaderStateImpl] TRACE segmented.SegmentedRaftLogCache (AutoCloseableReadWriteLock.java:logLocking(65)) - s0@group-E8AE2E048FCA: readLock RELEASED 0 by SegmentedRaftLogCache$LogSegmentList.getTotalCacheSize
2022-07-14 02:38:07,508 [s0@group-E8AE2E048FCA-LeaderStateImpl] DEBUG segmented.SegmentedRaftLogWorker (SegmentedRaftLogWorker.java:addIOTask(270)) - s0@group-E8AE2E048FCA-SegmentedRaftLogWorker adds IO task WriteLog:186: (t:1, i:186), METADATAENTRY(c:185)
2022-07-14 02:38:07,508 [s0@group-E8AE2E048FCA-SegmentedRaftLogWorker] DEBUG segmented.SegmentedRaftLogWorker (SegmentedRaftLogWorker.java:flushIfNecessary(365)) - s0@group-E8AE2E048FCA-SegmentedRaftLogWorker: flush SegmentedRaftLogOutputStream(/home/runner/work/ratis/ratis/ratis-test/target/test/data/f69c223b/MiniRaftClusterWithSimulatedRpc37250022/s0/24813b6b-21de-410f-95d3-e8ae2e048fca/current/log_inprogress_0)
2022-07-14 02:38:07,508 [s0@group-E8AE2E048FCA-StateMachineUpdater] INFO  statemachine.SimpleStateMachine4Testing (SimpleStateMachine4Testing.java:put(204)) - s0: put 185, m92 -> (t:1, i:185), STATEMACHINELOGENTRY, 420@client-4187B1F4E061
2022-07-14 02:38:07,509 [s0-client-thread1] TRACE segmented.SegmentedRaftLogCache (AutoCloseableReadWriteLock.java:logLocking(65)) - s0@group-E8AE2E048FCA: readLock ACQUIRED 1 by SegmentedRaftLogCache.getLastTermIndex
2022-07-14 02:38:07,509 [s0-client-thread1] TRACE segmented.SegmentedRaftLogCache (AutoCloseableReadWriteLock.java:logLocking(65)) - s0@group-E8AE2E048FCA: readLock RELEASED 0 by SegmentedRaftLogCache.getLastTermIndex
2022-07-14 02:38:07,509 [s0-client-thread1] TRACE segmented.SegmentedRaftLogCache (AutoCloseableReadWriteLock.java:logLocking(65)) - s0@group-E8AE2E048FCA: readLock ACQUIRED 1 by SegmentedRaftLogCache.getLastTermIndex
2022-07-14 02:38:07,509 [s0-client-thread1] TRACE segmented.SegmentedRaftLogCache (AutoCloseableReadWriteLock.java:logLocking(65)) - s0@group-E8AE2E048FCA: readLock RELEASED 0 by SegmentedRaftLogCache.getLastTermIndex
2022-07-14 02:38:07,509 [s0-client-thread1] TRACE segmented.SegmentedRaftLogCache (AutoCloseableReadWriteLock.java:logLocking(65)) - s0@group-E8AE2E048FCA: readLock ACQUIRED 1 by SegmentedRaftLogCache$LogSegmentList.countCached
2022-07-14 02:38:07,509 [s0-client-thread1] TRACE segmented.SegmentedRaftLogCache (AutoCloseableReadWriteLock.java:logLocking(65)) - s0@group-E8AE2E048FCA: readLock RELEASED 0 by SegmentedRaftLogCache$LogSegmentList.countCached
2022-07-14 02:38:07,509 [s0-client-thread1] TRACE segmented.SegmentedRaftLogCache (AutoCloseableReadWriteLock.java:logLocking(65)) - s0@group-E8AE2E048FCA: readLock ACQUIRED 1 by SegmentedRaftLogCache$LogSegmentList.getTotalCacheSize
2022-07-14 02:38:07,509 [s0-client-thread1] TRACE segmented.SegmentedRaftLogCache (AutoCloseableReadWriteLock.java:logLocking(65)) - s0@group-E8AE2E048FCA: readLock RELEASED 0 by SegmentedRaftLogCache$LogSegmentList.getTotalCacheSize
2022-07-14 02:38:07,510 [s0-client-thread1] DEBUG segmented.SegmentedRaftLogWorker (SegmentedRaftLogWorker.java:addIOTask(270)) - s0@group-E8AE2E048FCA-SegmentedRaftLogWorker adds IO task WriteLog:187: (t:1, i:187), STATEMACHINELOGENTRY, StateMachineLogEntryProto:421@client-4187B1F4E061
2022-07-14 02:38:07,510 [s0@group-E8AE2E048FCA-SegmentedRaftLogWorker] DEBUG segmented.SegmentedRaftLogWorker (SegmentedRaftLogWorker.java:flushIfNecessary(365)) - s0@group-E8AE2E048FCA-SegmentedRaftLogWorker: flush SegmentedRaftLogOutputStream(/home/runner/work/ratis/ratis/ratis-test/target/test/data/f69c223b/MiniRaftClusterWithSimulatedRpc37250022/s0/24813b6b-21de-410f-95d3-e8ae2e048fca/current/log_inprogress_0)
2022-07-14 02:38:07,510 [s0@group-E8AE2E048FCA-LeaderStateImpl] TRACE segmented.SegmentedRaftLogCache (AutoCloseableReadWriteLock.java:logLocking(65)) - s0@group-E8AE2E048FCA: readLock ACQUIRED 1 by SegmentedRaftLogCache.getStartIndex
2022-07-14 02:38:07,510 [s0@group-E8AE2E048FCA-LeaderStateImpl] TRACE segmented.SegmentedRaftLogCache (AutoCloseableReadWriteLock.java:logLocking(65)) -   s0@group-E8AE2E048FCA: readLock ACQUIRED 2 by SegmentedRaftLogCache$LogSegmentList.isEmpty
2022-07-14 02:38:07,510 [s0@group-E8AE2E048FCA-LeaderStateImpl] TRACE segmented.SegmentedRaftLogCache (AutoCloseableReadWriteLock.java:logLocking(65)) -   s0@group-E8AE2E048FCA: readLock RELEASED 1 by SegmentedRaftLogCache$LogSegmentList.isEmpty
2022-07-14 02:38:07,510 [s0@group-E8AE2E048FCA-LeaderStateImpl] TRACE segmented.SegmentedRaftLogCache (AutoCloseableReadWriteLock.java:logLocking(65)) - s0@group-E8AE2E048FCA: readLock RELEASED 0 by SegmentedRaftLogCache.getStartIndex
2022-07-14 02:38:07,510 [s0@group-E8AE2E048FCA-LeaderStateImpl] TRACE segmented.SegmentedRaftLogCache (AutoCloseableReadWriteLock.java:logLocking(65)) - s0@group-E8AE2E048FCA: readLock ACQUIRED 1 by SegmentedRaftLogCache.getEndIndex
2022-07-14 02:38:07,510 [s0@group-E8AE2E048FCA-LeaderStateImpl] TRACE segmented.SegmentedRaftLogCache (AutoCloseableReadWriteLock.java:logLocking(65)) - s0@group-E8AE2E048FCA: readLock RELEASED 0 by SegmentedRaftLogCache.getEndIndex
2022-07-14 02:38:07,510 [s0@group-E8AE2E048FCA-LeaderStateImpl] TRACE segmented.SegmentedRaftLogCache (AutoCloseableReadWriteLock.java:logLocking(65)) - s0@group-E8AE2E048FCA: readLock ACQUIRED 1 by SegmentedRaftLogCache$LogSegmentList.getTermIndex
2022-07-14 02:38:07,510 [s0@group-E8AE2E048FCA-LeaderStateImpl] TRACE segmented.SegmentedRaftLogCache (AutoCloseableReadWriteLock.java:logLocking(65)) - s0@group-E8AE2E048FCA: readLock RELEASED 0 by SegmentedRaftLogCache$LogSegmentList.getTermIndex
2022-07-14 02:38:07,510 [s0@group-E8AE2E048FCA-LeaderStateImpl] TRACE segmented.SegmentedRaftLogCache (AutoCloseableReadWriteLock.java:logLocking(65)) - s0@group-E8AE2E048FCA: readLock ACQUIRED 1 by SegmentedRaftLogCache.getStartIndex
2022-07-14 02:38:07,511 [s0@group-E8AE2E048FCA-LeaderStateImpl] TRACE segmented.SegmentedRaftLogCache (AutoCloseableReadWriteLock.java:logLocking(65)) -   s0@group-E8AE2E048FCA: readLock ACQUIRED 2 by SegmentedRaftLogCache$LogSegmentList.isEmpty
2022-07-14 02:38:07,511 [s0@group-E8AE2E048FCA-LeaderStateImpl] TRACE segmented.SegmentedRaftLogCache (AutoCloseableReadWriteLock.java:logLocking(65)) -   s0@group-E8AE2E048FCA: readLock RELEASED 1 by SegmentedRaftLogCache$LogSegmentList.isEmpty
2022-07-14 02:38:07,511 [s0@group-E8AE2E048FCA-LeaderStateImpl] TRACE segmented.SegmentedRaftLogCache (AutoCloseableReadWriteLock.java:logLocking(65)) - s0@group-E8AE2E048FCA: readLock RELEASED 0 by SegmentedRaftLogCache.getStartIndex
2022-07-14 02:38:07,511 [s0@group-E8AE2E048FCA-LeaderStateImpl] TRACE segmented.SegmentedRaftLogCache (AutoCloseableReadWriteLock.java:logLocking(65)) - s0@group-E8AE2E048FCA: readLock ACQUIRED 1 by SegmentedRaftLogCache.getEndIndex
2022-07-14 02:38:07,511 [s0@group-E8AE2E048FCA-LeaderStateImpl] TRACE segmented.SegmentedRaftLogCache (AutoCloseableReadWriteLock.java:logLocking(65)) - s0@group-E8AE2E048FCA: readLock RELEASED 0 by SegmentedRaftLogCache.getEndIndex
2022-07-14 02:38:07,511 [s0@group-E8AE2E048FCA-LeaderStateImpl] TRACE segmented.SegmentedRaftLogCache (AutoCloseableReadWriteLock.java:logLocking(65)) - s0@group-E8AE2E048FCA: readLock ACQUIRED 1 by SegmentedRaftLogCache$LogSegmentList.getTermIndex
2022-07-14 02:38:07,511 [s0@group-E8AE2E048FCA-LeaderStateImpl] TRACE segmented.SegmentedRaftLogCache (AutoCloseableReadWriteLock.java:logLocking(65)) - s0@group-E8AE2E048FCA: readLock RELEASED 0 by SegmentedRaftLogCache$LogSegmentList.getTermIndex
2022-07-14 02:38:07,511 [s0@group-E8AE2E048FCA-LeaderStateImpl] TRACE segmented.SegmentedRaftLogCache (AutoCloseableReadWriteLock.java:logLocking(65)) - s0@group-E8AE2E048FCA: readLock ACQUIRED 1 by SegmentedRaftLogCache.getLastTermIndex
2022-07-14 02:38:07,511 [s0@group-E8AE2E048FCA-LeaderStateImpl] TRACE segmented.SegmentedRaftLogCache (AutoCloseableReadWriteLock.java:logLocking(65)) - s0@group-E8AE2E048FCA: readLock RELEASED 0 by SegmentedRaftLogCache.getLastTermIndex
2022-07-14 02:38:07,511 [s0@group-E8AE2E048FCA-LeaderStateImpl] TRACE segmented.SegmentedRaftLogCache (AutoCloseableReadWriteLock.java:logLocking(65)) - s0@group-E8AE2E048FCA: readLock ACQUIRED 1 by SegmentedRaftLogCache$LogSegmentList.countCached
2022-07-14 02:38:07,511 [s0@group-E8AE2E048FCA-LeaderStateImpl] TRACE segmented.SegmentedRaftLogCache (AutoCloseableReadWriteLock.java:logLocking(65)) - s0@group-E8AE2E048FCA: readLock RELEASED 0 by SegmentedRaftLogCache$LogSegmentList.countCached
2022-07-14 02:38:07,511 [s0@group-E8AE2E048FCA-LeaderStateImpl] TRACE segmented.SegmentedRaftLogCache (AutoCloseableReadWriteLock.java:logLocking(65)) - s0@group-E8AE2E048FCA: readLock ACQUIRED 1 by SegmentedRaftLogCache$LogSegmentList.getTotalCacheSize
2022-07-14 02:38:07,511 [s0@group-E8AE2E048FCA-LeaderStateImpl] TRACE segmented.SegmentedRaftLogCache (AutoCloseableReadWriteLock.java:logLocking(65)) - s0@group-E8AE2E048FCA: readLock RELEASED 0 by SegmentedRaftLogCache$LogSegmentList.getTotalCacheSize
2022-07-14 02:38:07,512 [s0@group-E8AE2E048FCA-LeaderStateImpl] DEBUG segmented.SegmentedRaftLogWorker (SegmentedRaftLogWorker.java:addIOTask(270)) - s0@group-E8AE2E048FCA-SegmentedRaftLogWorker adds IO task WriteLog:188: (t:1, i:188), METADATAENTRY(c:187)
2022-07-14 02:38:07,512 [s0@group-E8AE2E048FCA-SegmentedRaftLogWorker] DEBUG segmented.SegmentedRaftLogWorker (SegmentedRaftLogWorker.java:flushIfNecessary(365)) - s0@group-E8AE2E048FCA-SegmentedRaftLogWorker: flush SegmentedRaftLogOutputStream(/home/runner/work/ratis/ratis/ratis-test/target/test/data/f69c223b/MiniRaftClusterWithSimulatedRpc37250022/s0/24813b6b-21de-410f-95d3-e8ae2e048fca/current/log_inprogress_0)
2022-07-14 02:38:07,512 [s0@group-E8AE2E048FCA-StateMachineUpdater] INFO  statemachine.SimpleStateMachine4Testing (SimpleStateMachine4Testing.java:put(204)) - s0: put 187, m93 -> (t:1, i:187), STATEMACHINELOGENTRY, 421@client-4187B1F4E061
2022-07-14 02:38:07,513 [s0@group-E8AE2E048FCA-LeaderStateImpl] TRACE segmented.SegmentedRaftLogCache (AutoCloseableReadWriteLock.java:logLocking(65)) - s0@group-E8AE2E048FCA: readLock ACQUIRED 1 by SegmentedRaftLogCache.getStartIndex
2022-07-14 02:38:07,513 [s0@group-E8AE2E048FCA-LeaderStateImpl] TRACE segmented.SegmentedRaftLogCache (AutoCloseableReadWriteLock.java:logLocking(65)) -   s0@group-E8AE2E048FCA: readLock ACQUIRED 2 by SegmentedRaftLogCache$LogSegmentList.isEmpty
2022-07-14 02:38:07,513 [s0@group-E8AE2E048FCA-LeaderStateImpl] TRACE segmented.SegmentedRaftLogCache (AutoCloseableReadWriteLock.java:logLocking(65)) -   s0@group-E8AE2E048FCA: readLock RELEASED 1 by SegmentedRaftLogCache$LogSegmentList.isEmpty
2022-07-14 02:38:07,513 [s0@group-E8AE2E048FCA-LeaderStateImpl] TRACE segmented.SegmentedRaftLogCache (AutoCloseableReadWriteLock.java:logLocking(65)) - s0@group-E8AE2E048FCA: readLock RELEASED 0 by SegmentedRaftLogCache.getStartIndex
2022-07-14 02:38:07,514 [s0@group-E8AE2E048FCA-LeaderStateImpl] TRACE segmented.SegmentedRaftLogCache (AutoCloseableReadWriteLock.java:logLocking(65)) - s0@group-E8AE2E048FCA: readLock ACQUIRED 1 by SegmentedRaftLogCache.getEndIndex
2022-07-14 02:38:07,514 [s0@group-E8AE2E048FCA-LeaderStateImpl] TRACE segmented.SegmentedRaftLogCache (AutoCloseableReadWriteLock.java:logLocking(65)) - s0@group-E8AE2E048FCA: readLock RELEASED 0 by SegmentedRaftLogCache.getEndIndex
2022-07-14 02:38:07,514 [s0@group-E8AE2E048FCA-LeaderStateImpl] TRACE segmented.SegmentedRaftLogCache (AutoCloseableReadWriteLock.java:logLocking(65)) - s0@group-E8AE2E048FCA: readLock ACQUIRED 1 by SegmentedRaftLogCache$LogSegmentList.getTermIndex
2022-07-14 02:38:07,514 [s0@group-E8AE2E048FCA-LeaderStateImpl] TRACE segmented.SegmentedRaftLogCache (AutoCloseableReadWriteLock.java:logLocking(65)) - s0@group-E8AE2E048FCA: readLock RELEASED 0 by SegmentedRaftLogCache$LogSegmentList.getTermIndex
2022-07-14 02:38:07,514 [s0-client-thread1] TRACE segmented.SegmentedRaftLogCache (AutoCloseableReadWriteLock.java:logLocking(65)) - s0@group-E8AE2E048FCA: readLock ACQUIRED 1 by SegmentedRaftLogCache.getLastTermIndex
2022-07-14 02:38:07,514 [s0-client-thread1] TRACE segmented.SegmentedRaftLogCache (AutoCloseableReadWriteLock.java:logLocking(65)) - s0@group-E8AE2E048FCA: readLock RELEASED 0 by SegmentedRaftLogCache.getLastTermIndex
2022-07-14 02:38:07,514 [s0-client-thread1] TRACE segmented.SegmentedRaftLogCache (AutoCloseableReadWriteLock.java:logLocking(65)) - s0@group-E8AE2E048FCA: readLock ACQUIRED 1 by SegmentedRaftLogCache.getLastTermIndex
2022-07-14 02:38:07,514 [s0-client-thread1] TRACE segmented.SegmentedRaftLogCache (AutoCloseableReadWriteLock.java:logLocking(65)) - s0@group-E8AE2E048FCA: readLock RELEASED 0 by SegmentedRaftLogCache.getLastTermIndex
2022-07-14 02:38:07,514 [s0-client-thread1] TRACE segmented.SegmentedRaftLogCache (AutoCloseableReadWriteLock.java:logLocking(65)) - s0@group-E8AE2E048FCA: readLock ACQUIRED 1 by SegmentedRaftLogCache$LogSegmentList.countCached
2022-07-14 02:38:07,514 [s0-client-thread1] TRACE segmented.SegmentedRaftLogCache (AutoCloseableReadWriteLock.java:logLocking(65)) - s0@group-E8AE2E048FCA: readLock RELEASED 0 by SegmentedRaftLogCache$LogSegmentList.countCached
2022-07-14 02:38:07,514 [s0-client-thread1] TRACE segmented.SegmentedRaftLogCache (AutoCloseableReadWriteLock.java:logLocking(65)) - s0@group-E8AE2E048FCA: readLock ACQUIRED 1 by SegmentedRaftLogCache$LogSegmentList.getTotalCacheSize
2022-07-14 02:38:07,514 [s0-client-thread1] TRACE segmented.SegmentedRaftLogCache (AutoCloseableReadWriteLock.java:logLocking(65)) - s0@group-E8AE2E048FCA: readLock RELEASED 0 by SegmentedRaftLogCache$LogSegmentList.getTotalCacheSize
2022-07-14 02:38:07,514 [s0-client-thread1] DEBUG segmented.SegmentedRaftLogWorker (SegmentedRaftLogWorker.java:addIOTask(270)) - s0@group-E8AE2E048FCA-SegmentedRaftLogWorker adds IO task WriteLog:189: (t:1, i:189), STATEMACHINELOGENTRY, StateMachineLogEntryProto:422@client-4187B1F4E061
2022-07-14 02:38:07,514 [s0@group-E8AE2E048FCA-SegmentedRaftLogWorker] DEBUG segmented.SegmentedRaftLogWorker (SegmentedRaftLogWorker.java:flushIfNecessary(365)) - s0@group-E8AE2E048FCA-SegmentedRaftLogWorker: flush SegmentedRaftLogOutputStream(/home/runner/work/ratis/ratis/ratis-test/target/test/data/f69c223b/MiniRaftClusterWithSimulatedRpc37250022/s0/24813b6b-21de-410f-95d3-e8ae2e048fca/current/log_inprogress_0)
2022-07-14 02:38:07,515 [s0@group-E8AE2E048FCA-LeaderStateImpl] TRACE segmented.SegmentedRaftLogCache (AutoCloseableReadWriteLock.java:logLocking(65)) - s0@group-E8AE2E048FCA: readLock ACQUIRED 1 by SegmentedRaftLogCache.getStartIndex
2022-07-14 02:38:07,516 [s0@group-E8AE2E048FCA-LeaderStateImpl] TRACE segmented.SegmentedRaftLogCache (AutoCloseableReadWriteLock.java:logLocking(65)) -   s0@group-E8AE2E048FCA: readLock ACQUIRED 2 by SegmentedRaftLogCache$LogSegmentList.isEmpty
2022-07-14 02:38:07,516 [s0@group-E8AE2E048FCA-LeaderStateImpl] TRACE segmented.SegmentedRaftLogCache (AutoCloseableReadWriteLock.java:logLocking(65)) -   s0@group-E8AE2E048FCA: readLock RELEASED 1 by SegmentedRaftLogCache$LogSegmentList.isEmpty
2022-07-14 02:38:07,516 [s0@group-E8AE2E048FCA-LeaderStateImpl] TRACE segmented.SegmentedRaftLogCache (AutoCloseableReadWriteLock.java:logLocking(65)) - s0@group-E8AE2E048FCA: readLock RELEASED 0 by SegmentedRaftLogCache.getStartIndex
2022-07-14 02:38:07,516 [s0@group-E8AE2E048FCA-LeaderStateImpl] TRACE segmented.SegmentedRaftLogCache (AutoCloseableReadWriteLock.java:logLocking(65)) - s0@group-E8AE2E048FCA: readLock ACQUIRED 1 by SegmentedRaftLogCache.getEndIndex
2022-07-14 02:38:07,516 [s0@group-E8AE2E048FCA-LeaderStateImpl] TRACE segmented.SegmentedRaftLogCache (AutoCloseableReadWriteLock.java:logLocking(65)) - s0@group-E8AE2E048FCA: readLock RELEASED 0 by SegmentedRaftLogCache.getEndIndex
2022-07-14 02:38:07,516 [s0@group-E8AE2E048FCA-LeaderStateImpl] TRACE segmented.SegmentedRaftLogCache (AutoCloseableReadWriteLock.java:logLocking(65)) - s0@group-E8AE2E048FCA: readLock ACQUIRED 1 by SegmentedRaftLogCache$LogSegmentList.getTermIndex
2022-07-14 02:38:07,516 [s0@group-E8AE2E048FCA-LeaderStateImpl] TRACE segmented.SegmentedRaftLogCache (AutoCloseableReadWriteLock.java:logLocking(65)) - s0@group-E8AE2E048FCA: readLock RELEASED 0 by SegmentedRaftLogCache$LogSegmentList.getTermIndex
2022-07-14 02:38:07,516 [s0@group-E8AE2E048FCA-LeaderStateImpl] TRACE segmented.SegmentedRaftLogCache (AutoCloseableReadWriteLock.java:logLocking(65)) - s0@group-E8AE2E048FCA: readLock ACQUIRED 1 by SegmentedRaftLogCache.getLastTermIndex
2022-07-14 02:38:07,516 [s0@group-E8AE2E048FCA-LeaderStateImpl] TRACE segmented.SegmentedRaftLogCache (AutoCloseableReadWriteLock.java:logLocking(65)) - s0@group-E8AE2E048FCA: readLock RELEASED 0 by SegmentedRaftLogCache.getLastTermIndex
2022-07-14 02:38:07,516 [s0@group-E8AE2E048FCA-StateMachineUpdater] INFO  statemachine.SimpleStateMachine4Testing (SimpleStateMachine4Testing.java:put(204)) - s0: put 189, m94 -> (t:1, i:189), STATEMACHINELOGENTRY, 422@client-4187B1F4E061
2022-07-14 02:38:07,516 [s0@group-E8AE2E048FCA-LeaderStateImpl] TRACE segmented.SegmentedRaftLogCache (AutoCloseableReadWriteLock.java:logLocking(65)) - s0@group-E8AE2E048FCA: readLock ACQUIRED 1 by SegmentedRaftLogCache$LogSegmentList.countCached
2022-07-14 02:38:07,516 [s0@group-E8AE2E048FCA-LeaderStateImpl] TRACE segmented.SegmentedRaftLogCache (AutoCloseableReadWriteLock.java:logLocking(65)) - s0@group-E8AE2E048FCA: readLock RELEASED 0 by SegmentedRaftLogCache$LogSegmentList.countCached
2022-07-14 02:38:07,517 [s0@group-E8AE2E048FCA-LeaderStateImpl] TRACE segmented.SegmentedRaftLogCache (AutoCloseableReadWriteLock.java:logLocking(65)) - s0@group-E8AE2E048FCA: readLock ACQUIRED 1 by SegmentedRaftLogCache$LogSegmentList.getTotalCacheSize
2022-07-14 02:38:07,517 [s0@group-E8AE2E048FCA-LeaderStateImpl] TRACE segmented.SegmentedRaftLogCache (AutoCloseableReadWriteLock.java:logLocking(65)) - s0@group-E8AE2E048FCA: readLock RELEASED 0 by SegmentedRaftLogCache$LogSegmentList.getTotalCacheSize
2022-07-14 02:38:07,517 [s0@group-E8AE2E048FCA-LeaderStateImpl] DEBUG segmented.SegmentedRaftLogWorker (SegmentedRaftLogWorker.java:addIOTask(270)) - s0@group-E8AE2E048FCA-SegmentedRaftLogWorker adds IO task WriteLog:190: (t:1, i:190), METADATAENTRY(c:189)
2022-07-14 02:38:07,517 [s0@group-E8AE2E048FCA-SegmentedRaftLogWorker] DEBUG segmented.SegmentedRaftLogWorker (SegmentedRaftLogWorker.java:flushIfNecessary(365)) - s0@group-E8AE2E048FCA-SegmentedRaftLogWorker: flush SegmentedRaftLogOutputStream(/home/runner/work/ratis/ratis/ratis-test/target/test/data/f69c223b/MiniRaftClusterWithSimulatedRpc37250022/s0/24813b6b-21de-410f-95d3-e8ae2e048fca/current/log_inprogress_0)
2022-07-14 02:38:07,517 [s0-client-thread1] TRACE segmented.SegmentedRaftLogCache (AutoCloseableReadWriteLock.java:logLocking(65)) - s0@group-E8AE2E048FCA: readLock ACQUIRED 1 by SegmentedRaftLogCache.getLastTermIndex
2022-07-14 02:38:07,517 [s0-client-thread1] TRACE segmented.SegmentedRaftLogCache (AutoCloseableReadWriteLock.java:logLocking(65)) - s0@group-E8AE2E048FCA: readLock RELEASED 0 by SegmentedRaftLogCache.getLastTermIndex
2022-07-14 02:38:07,517 [s0-client-thread1] TRACE segmented.SegmentedRaftLogCache (AutoCloseableReadWriteLock.java:logLocking(65)) - s0@group-E8AE2E048FCA: readLock ACQUIRED 1 by SegmentedRaftLogCache.getLastTermIndex
2022-07-14 02:38:07,517 [s0-client-thread1] TRACE segmented.SegmentedRaftLogCache (AutoCloseableReadWriteLock.java:logLocking(65)) - s0@group-E8AE2E048FCA: readLock RELEASED 0 by SegmentedRaftLogCache.getLastTermIndex
2022-07-14 02:38:07,517 [s0-client-thread1] TRACE segmented.SegmentedRaftLogCache (AutoCloseableReadWriteLock.java:logLocking(65)) - s0@group-E8AE2E048FCA: readLock ACQUIRED 1 by SegmentedRaftLogCache$LogSegmentList.countCached
2022-07-14 02:38:07,517 [s0-client-thread1] TRACE segmented.SegmentedRaftLogCache (AutoCloseableReadWriteLock.java:logLocking(65)) - s0@group-E8AE2E048FCA: readLock RELEASED 0 by SegmentedRaftLogCache$LogSegmentList.countCached
2022-07-14 02:38:07,517 [s0-client-thread1] TRACE segmented.SegmentedRaftLogCache (AutoCloseableReadWriteLock.java:logLocking(65)) - s0@group-E8AE2E048FCA: readLock ACQUIRED 1 by SegmentedRaftLogCache$LogSegmentList.getTotalCacheSize
2022-07-14 02:38:07,518 [s0-client-thread1] TRACE segmented.SegmentedRaftLogCache (AutoCloseableReadWriteLock.java:logLocking(65)) - s0@group-E8AE2E048FCA: readLock RELEASED 0 by SegmentedRaftLogCache$LogSegmentList.getTotalCacheSize
2022-07-14 02:38:07,518 [s0-client-thread1] DEBUG segmented.SegmentedRaftLogWorker (SegmentedRaftLogWorker.java:addIOTask(270)) - s0@group-E8AE2E048FCA-SegmentedRaftLogWorker adds IO task WriteLog:191: (t:1, i:191), STATEMACHINELOGENTRY, StateMachineLogEntryProto:423@client-4187B1F4E061
2022-07-14 02:38:07,518 [s0@group-E8AE2E048FCA-SegmentedRaftLogWorker] DEBUG segmented.SegmentedRaftLogWorker (SegmentedRaftLogWorker.java:flushIfNecessary(365)) - s0@group-E8AE2E048FCA-SegmentedRaftLogWorker: flush SegmentedRaftLogOutputStream(/home/runner/work/ratis/ratis/ratis-test/target/test/data/f69c223b/MiniRaftClusterWithSimulatedRpc37250022/s0/24813b6b-21de-410f-95d3-e8ae2e048fca/current/log_inprogress_0)
2022-07-14 02:38:07,518 [s0@group-E8AE2E048FCA-LeaderStateImpl] TRACE segmented.SegmentedRaftLogCache (AutoCloseableReadWriteLock.java:logLocking(65)) - s0@group-E8AE2E048FCA: readLock ACQUIRED 1 by SegmentedRaftLogCache.getStartIndex
2022-07-14 02:38:07,518 [s0@group-E8AE2E048FCA-LeaderStateImpl] TRACE segmented.SegmentedRaftLogCache (AutoCloseableReadWriteLock.java:logLocking(65)) -   s0@group-E8AE2E048FCA: readLock ACQUIRED 2 by SegmentedRaftLogCache$LogSegmentList.isEmpty
2022-07-14 02:38:07,518 [s0@group-E8AE2E048FCA-LeaderStateImpl] TRACE segmented.SegmentedRaftLogCache (AutoCloseableReadWriteLock.java:logLocking(65)) -   s0@group-E8AE2E048FCA: readLock RELEASED 1 by SegmentedRaftLogCache$LogSegmentList.isEmpty
2022-07-14 02:38:07,518 [s0@group-E8AE2E048FCA-LeaderStateImpl] TRACE segmented.SegmentedRaftLogCache (AutoCloseableReadWriteLock.java:logLocking(65)) - s0@group-E8AE2E048FCA: readLock RELEASED 0 by SegmentedRaftLogCache.getStartIndex
2022-07-14 02:38:07,518 [s0@group-E8AE2E048FCA-LeaderStateImpl] TRACE segmented.SegmentedRaftLogCache (AutoCloseableReadWriteLock.java:logLocking(65)) - s0@group-E8AE2E048FCA: readLock ACQUIRED 1 by SegmentedRaftLogCache.getEndIndex
2022-07-14 02:38:07,518 [s0@group-E8AE2E048FCA-LeaderStateImpl] TRACE segmented.SegmentedRaftLogCache (AutoCloseableReadWriteLock.java:logLocking(65)) - s0@group-E8AE2E048FCA: readLock RELEASED 0 by SegmentedRaftLogCache.getEndIndex
2022-07-14 02:38:07,518 [s0@group-E8AE2E048FCA-LeaderStateImpl] TRACE segmented.SegmentedRaftLogCache (AutoCloseableReadWriteLock.java:logLocking(65)) - s0@group-E8AE2E048FCA: readLock ACQUIRED 1 by SegmentedRaftLogCache$LogSegmentList.getTermIndex
2022-07-14 02:38:07,519 [s0@group-E8AE2E048FCA-LeaderStateImpl] TRACE segmented.SegmentedRaftLogCache (AutoCloseableReadWriteLock.java:logLocking(65)) - s0@group-E8AE2E048FCA: readLock RELEASED 0 by SegmentedRaftLogCache$LogSegmentList.getTermIndex
2022-07-14 02:38:07,519 [s0@group-E8AE2E048FCA-LeaderStateImpl] TRACE segmented.SegmentedRaftLogCache (AutoCloseableReadWriteLock.java:logLocking(65)) - s0@group-E8AE2E048FCA: readLock ACQUIRED 1 by SegmentedRaftLogCache.getStartIndex
2022-07-14 02:38:07,519 [s0@group-E8AE2E048FCA-LeaderStateImpl] TRACE segmented.SegmentedRaftLogCache (AutoCloseableReadWriteLock.java:logLocking(65)) -   s0@group-E8AE2E048FCA: readLock ACQUIRED 2 by SegmentedRaftLogCache$LogSegmentList.isEmpty
2022-07-14 02:38:07,519 [s0@group-E8AE2E048FCA-LeaderStateImpl] TRACE segmented.SegmentedRaftLogCache (AutoCloseableReadWriteLock.java:logLocking(65)) -   s0@group-E8AE2E048FCA: readLock RELEASED 1 by SegmentedRaftLogCache$LogSegmentList.isEmpty
2022-07-14 02:38:07,519 [s0@group-E8AE2E048FCA-LeaderStateImpl] TRACE segmented.SegmentedRaftLogCache (AutoCloseableReadWriteLock.java:logLocking(65)) - s0@group-E8AE2E048FCA: readLock RELEASED 0 by SegmentedRaftLogCache.getStartIndex
2022-07-14 02:38:07,519 [s0@group-E8AE2E048FCA-LeaderStateImpl] TRACE segmented.SegmentedRaftLogCache (AutoCloseableReadWriteLock.java:logLocking(65)) - s0@group-E8AE2E048FCA: readLock ACQUIRED 1 by SegmentedRaftLogCache.getEndIndex
2022-07-14 02:38:07,519 [s0@group-E8AE2E048FCA-LeaderStateImpl] TRACE segmented.SegmentedRaftLogCache (AutoCloseableReadWriteLock.java:logLocking(65)) - s0@group-E8AE2E048FCA: readLock RELEASED 0 by SegmentedRaftLogCache.getEndIndex
2022-07-14 02:38:07,519 [s0@group-E8AE2E048FCA-LeaderStateImpl] TRACE segmented.SegmentedRaftLogCache (AutoCloseableReadWriteLock.java:logLocking(65)) - s0@group-E8AE2E048FCA: readLock ACQUIRED 1 by SegmentedRaftLogCache$LogSegmentList.getTermIndex
2022-07-14 02:38:07,519 [s0@group-E8AE2E048FCA-LeaderStateImpl] TRACE segmented.SegmentedRaftLogCache (AutoCloseableReadWriteLock.java:logLocking(65)) - s0@group-E8AE2E048FCA: readLock RELEASED 0 by SegmentedRaftLogCache$LogSegmentList.getTermIndex
2022-07-14 02:38:07,519 [s0@group-E8AE2E048FCA-StateMachineUpdater] INFO  statemachine.SimpleStateMachine4Testing (SimpleStateMachine4Testing.java:put(204)) - s0: put 191, m95 -> (t:1, i:191), STATEMACHINELOGENTRY, 423@client-4187B1F4E061
2022-07-14 02:38:07,519 [s0@group-E8AE2E048FCA-LeaderStateImpl] TRACE segmented.SegmentedRaftLogCache (AutoCloseableReadWriteLock.java:logLocking(65)) - s0@group-E8AE2E048FCA: readLock ACQUIRED 1 by SegmentedRaftLogCache.getLastTermIndex
2022-07-14 02:38:07,520 [s0@group-E8AE2E048FCA-LeaderStateImpl] TRACE segmented.SegmentedRaftLogCache (AutoCloseableReadWriteLock.java:logLocking(65)) - s0@group-E8AE2E048FCA: readLock RELEASED 0 by SegmentedRaftLogCache.getLastTermIndex
2022-07-14 02:38:07,520 [s0@group-E8AE2E048FCA-LeaderStateImpl] TRACE segmented.SegmentedRaftLogCache (AutoCloseableReadWriteLock.java:logLocking(65)) - s0@group-E8AE2E048FCA: readLock ACQUIRED 1 by SegmentedRaftLogCache$LogSegmentList.countCached
2022-07-14 02:38:07,520 [s0@group-E8AE2E048FCA-LeaderStateImpl] TRACE segmented.SegmentedRaftLogCache (AutoCloseableReadWriteLock.java:logLocking(65)) - s0@group-E8AE2E048FCA: readLock RELEASED 0 by SegmentedRaftLogCache$LogSegmentList.countCached
2022-07-14 02:38:07,520 [s0@group-E8AE2E048FCA-LeaderStateImpl] TRACE segmented.SegmentedRaftLogCache (AutoCloseableReadWriteLock.java:logLocking(65)) - s0@group-E8AE2E048FCA: readLock ACQUIRED 1 by SegmentedRaftLogCache$LogSegmentList.getTotalCacheSize
2022-07-14 02:38:07,520 [s0@group-E8AE2E048FCA-LeaderStateImpl] TRACE segmented.SegmentedRaftLogCache (AutoCloseableReadWriteLock.java:logLocking(65)) - s0@group-E8AE2E048FCA: readLock RELEASED 0 by SegmentedRaftLogCache$LogSegmentList.getTotalCacheSize
2022-07-14 02:38:07,520 [s0@group-E8AE2E048FCA-LeaderStateImpl] DEBUG segmented.SegmentedRaftLogWorker (SegmentedRaftLogWorker.java:addIOTask(270)) - s0@group-E8AE2E048FCA-SegmentedRaftLogWorker adds IO task WriteLog:192: (t:1, i:192), METADATAENTRY(c:191)
2022-07-14 02:38:07,520 [s0@group-E8AE2E048FCA-SegmentedRaftLogWorker] DEBUG segmented.SegmentedRaftLogWorker (SegmentedRaftLogWorker.java:flushIfNecessary(365)) - s0@group-E8AE2E048FCA-SegmentedRaftLogWorker: flush SegmentedRaftLogOutputStream(/home/runner/work/ratis/ratis/ratis-test/target/test/data/f69c223b/MiniRaftClusterWithSimulatedRpc37250022/s0/24813b6b-21de-410f-95d3-e8ae2e048fca/current/log_inprogress_0)
2022-07-14 02:38:07,520 [s0-client-thread1] TRACE segmented.SegmentedRaftLogCache (AutoCloseableReadWriteLock.java:logLocking(65)) - s0@group-E8AE2E048FCA: readLock ACQUIRED 1 by SegmentedRaftLogCache.getLastTermIndex
2022-07-14 02:38:07,520 [s0-client-thread1] TRACE segmented.SegmentedRaftLogCache (AutoCloseableReadWriteLock.java:logLocking(65)) - s0@group-E8AE2E048FCA: readLock RELEASED 0 by SegmentedRaftLogCache.getLastTermIndex
2022-07-14 02:38:07,520 [s0-client-thread1] TRACE segmented.SegmentedRaftLogCache (AutoCloseableReadWriteLock.java:logLocking(65)) - s0@group-E8AE2E048FCA: readLock ACQUIRED 1 by SegmentedRaftLogCache.getLastTermIndex
2022-07-14 02:38:07,520 [s0-client-thread1] TRACE segmented.SegmentedRaftLogCache (AutoCloseableReadWriteLock.java:logLocking(65)) - s0@group-E8AE2E048FCA: readLock RELEASED 0 by SegmentedRaftLogCache.getLastTermIndex
2022-07-14 02:38:07,521 [s0-client-thread1] TRACE segmented.SegmentedRaftLogCache (AutoCloseableReadWriteLock.java:logLocking(65)) - s0@group-E8AE2E048FCA: readLock ACQUIRED 1 by SegmentedRaftLogCache$LogSegmentList.countCached
2022-07-14 02:38:07,521 [s0-client-thread1] TRACE segmented.SegmentedRaftLogCache (AutoCloseableReadWriteLock.java:logLocking(65)) - s0@group-E8AE2E048FCA: readLock RELEASED 0 by SegmentedRaftLogCache$LogSegmentList.countCached
2022-07-14 02:38:07,521 [s0-client-thread1] TRACE segmented.SegmentedRaftLogCache (AutoCloseableReadWriteLock.java:logLocking(65)) - s0@group-E8AE2E048FCA: readLock ACQUIRED 1 by SegmentedRaftLogCache$LogSegmentList.getTotalCacheSize
2022-07-14 02:38:07,521 [s0-client-thread1] TRACE segmented.SegmentedRaftLogCache (AutoCloseableReadWriteLock.java:logLocking(65)) - s0@group-E8AE2E048FCA: readLock RELEASED 0 by SegmentedRaftLogCache$LogSegmentList.getTotalCacheSize
2022-07-14 02:38:07,521 [s0-client-thread1] DEBUG segmented.SegmentedRaftLogWorker (SegmentedRaftLogWorker.java:addIOTask(270)) - s0@group-E8AE2E048FCA-SegmentedRaftLogWorker adds IO task WriteLog:193: (t:1, i:193), STATEMACHINELOGENTRY, StateMachineLogEntryProto:424@client-4187B1F4E061
2022-07-14 02:38:07,521 [s0@group-E8AE2E048FCA-SegmentedRaftLogWorker] DEBUG segmented.SegmentedRaftLogWorker (SegmentedRaftLogWorker.java:flushIfNecessary(365)) - s0@group-E8AE2E048FCA-SegmentedRaftLogWorker: flush SegmentedRaftLogOutputStream(/home/runner/work/ratis/ratis/ratis-test/target/test/data/f69c223b/MiniRaftClusterWithSimulatedRpc37250022/s0/24813b6b-21de-410f-95d3-e8ae2e048fca/current/log_inprogress_0)
2022-07-14 02:38:07,521 [s0@group-E8AE2E048FCA-LeaderStateImpl] TRACE segmented.SegmentedRaftLogCache (AutoCloseableReadWriteLock.java:logLocking(65)) - s0@group-E8AE2E048FCA: readLock ACQUIRED 1 by SegmentedRaftLogCache.getStartIndex
2022-07-14 02:38:07,521 [s0@group-E8AE2E048FCA-LeaderStateImpl] TRACE segmented.SegmentedRaftLogCache (AutoCloseableReadWriteLock.java:logLocking(65)) -   s0@group-E8AE2E048FCA: readLock ACQUIRED 2 by SegmentedRaftLogCache$LogSegmentList.isEmpty
2022-07-14 02:38:07,521 [s0@group-E8AE2E048FCA-LeaderStateImpl] TRACE segmented.SegmentedRaftLogCache (AutoCloseableReadWriteLock.java:logLocking(65)) -   s0@group-E8AE2E048FCA: readLock RELEASED 1 by SegmentedRaftLogCache$LogSegmentList.isEmpty
2022-07-14 02:38:07,522 [s0@group-E8AE2E048FCA-LeaderStateImpl] TRACE segmented.SegmentedRaftLogCache (AutoCloseableReadWriteLock.java:logLocking(65)) - s0@group-E8AE2E048FCA: readLock RELEASED 0 by SegmentedRaftLogCache.getStartIndex
2022-07-14 02:38:07,522 [s0@group-E8AE2E048FCA-LeaderStateImpl] TRACE segmented.SegmentedRaftLogCache (AutoCloseableReadWriteLock.java:logLocking(65)) - s0@group-E8AE2E048FCA: readLock ACQUIRED 1 by SegmentedRaftLogCache.getEndIndex
2022-07-14 02:38:07,522 [s0@group-E8AE2E048FCA-LeaderStateImpl] TRACE segmented.SegmentedRaftLogCache (AutoCloseableReadWriteLock.java:logLocking(65)) - s0@group-E8AE2E048FCA: readLock RELEASED 0 by SegmentedRaftLogCache.getEndIndex
2022-07-14 02:38:07,522 [s0@group-E8AE2E048FCA-LeaderStateImpl] TRACE segmented.SegmentedRaftLogCache (AutoCloseableReadWriteLock.java:logLocking(65)) - s0@group-E8AE2E048FCA: readLock ACQUIRED 1 by SegmentedRaftLogCache$LogSegmentList.getTermIndex
2022-07-14 02:38:07,522 [s0@group-E8AE2E048FCA-LeaderStateImpl] TRACE segmented.SegmentedRaftLogCache (AutoCloseableReadWriteLock.java:logLocking(65)) - s0@group-E8AE2E048FCA: readLock RELEASED 0 by SegmentedRaftLogCache$LogSegmentList.getTermIndex
2022-07-14 02:38:07,522 [s0@group-E8AE2E048FCA-LeaderStateImpl] TRACE segmented.SegmentedRaftLogCache (AutoCloseableReadWriteLock.java:logLocking(65)) - s0@group-E8AE2E048FCA: readLock ACQUIRED 1 by SegmentedRaftLogCache.getStartIndex
2022-07-14 02:38:07,522 [s0@group-E8AE2E048FCA-LeaderStateImpl] TRACE segmented.SegmentedRaftLogCache (AutoCloseableReadWriteLock.java:logLocking(65)) -   s0@group-E8AE2E048FCA: readLock ACQUIRED 2 by SegmentedRaftLogCache$LogSegmentList.isEmpty
2022-07-14 02:38:07,522 [s0@group-E8AE2E048FCA-LeaderStateImpl] TRACE segmented.SegmentedRaftLogCache (AutoCloseableReadWriteLock.java:logLocking(65)) -   s0@group-E8AE2E048FCA: readLock RELEASED 1 by SegmentedRaftLogCache$LogSegmentList.isEmpty
2022-07-14 02:38:07,522 [s0@group-E8AE2E048FCA-LeaderStateImpl] TRACE segmented.SegmentedRaftLogCache (AutoCloseableReadWriteLock.java:logLocking(65)) - s0@group-E8AE2E048FCA: readLock RELEASED 0 by SegmentedRaftLogCache.getStartIndex
2022-07-14 02:38:07,522 [s0@group-E8AE2E048FCA-LeaderStateImpl] TRACE segmented.SegmentedRaftLogCache (AutoCloseableReadWriteLock.java:logLocking(65)) - s0@group-E8AE2E048FCA: readLock ACQUIRED 1 by SegmentedRaftLogCache.getEndIndex
2022-07-14 02:38:07,522 [s0@group-E8AE2E048FCA-LeaderStateImpl] TRACE segmented.SegmentedRaftLogCache (AutoCloseableReadWriteLock.java:logLocking(65)) - s0@group-E8AE2E048FCA: readLock RELEASED 0 by SegmentedRaftLogCache.getEndIndex
2022-07-14 02:38:07,522 [s0@group-E8AE2E048FCA-LeaderStateImpl] TRACE segmented.SegmentedRaftLogCache (AutoCloseableReadWriteLock.java:logLocking(65)) - s0@group-E8AE2E048FCA: readLock ACQUIRED 1 by SegmentedRaftLogCache$LogSegmentList.getTermIndex
2022-07-14 02:38:07,522 [s0@group-E8AE2E048FCA-LeaderStateImpl] TRACE segmented.SegmentedRaftLogCache (AutoCloseableReadWriteLock.java:logLocking(65)) - s0@group-E8AE2E048FCA: readLock RELEASED 0 by SegmentedRaftLogCache$LogSegmentList.getTermIndex
2022-07-14 02:38:07,522 [s0@group-E8AE2E048FCA-LeaderStateImpl] TRACE segmented.SegmentedRaftLogCache (AutoCloseableReadWriteLock.java:logLocking(65)) - s0@group-E8AE2E048FCA: readLock ACQUIRED 1 by SegmentedRaftLogCache.getLastTermIndex
2022-07-14 02:38:07,522 [s0@group-E8AE2E048FCA-LeaderStateImpl] TRACE segmented.SegmentedRaftLogCache (AutoCloseableReadWriteLock.java:logLocking(65)) - s0@group-E8AE2E048FCA: readLock RELEASED 0 by SegmentedRaftLogCache.getLastTermIndex
2022-07-14 02:38:07,522 [s0@group-E8AE2E048FCA-LeaderStateImpl] TRACE segmented.SegmentedRaftLogCache (AutoCloseableReadWriteLock.java:logLocking(65)) - s0@group-E8AE2E048FCA: readLock ACQUIRED 1 by SegmentedRaftLogCache$LogSegmentList.countCached
2022-07-14 02:38:07,523 [s0@group-E8AE2E048FCA-LeaderStateImpl] TRACE segmented.SegmentedRaftLogCache (AutoCloseableReadWriteLock.java:logLocking(65)) - s0@group-E8AE2E048FCA: readLock RELEASED 0 by SegmentedRaftLogCache$LogSegmentList.countCached
2022-07-14 02:38:07,523 [s0@group-E8AE2E048FCA-LeaderStateImpl] TRACE segmented.SegmentedRaftLogCache (AutoCloseableReadWriteLock.java:logLocking(65)) - s0@group-E8AE2E048FCA: readLock ACQUIRED 1 by SegmentedRaftLogCache$LogSegmentList.getTotalCacheSize
2022-07-14 02:38:07,523 [s0@group-E8AE2E048FCA-LeaderStateImpl] TRACE segmented.SegmentedRaftLogCache (AutoCloseableReadWriteLock.java:logLocking(65)) - s0@group-E8AE2E048FCA: readLock RELEASED 0 by SegmentedRaftLogCache$LogSegmentList.getTotalCacheSize
2022-07-14 02:38:07,523 [s0@group-E8AE2E048FCA-LeaderStateImpl] DEBUG segmented.SegmentedRaftLogWorker (SegmentedRaftLogWorker.java:addIOTask(270)) - s0@group-E8AE2E048FCA-SegmentedRaftLogWorker adds IO task WriteLog:194: (t:1, i:194), METADATAENTRY(c:193)
2022-07-14 02:38:07,523 [s0@group-E8AE2E048FCA-SegmentedRaftLogWorker] DEBUG segmented.SegmentedRaftLogWorker (SegmentedRaftLogWorker.java:flushIfNecessary(365)) - s0@group-E8AE2E048FCA-SegmentedRaftLogWorker: flush SegmentedRaftLogOutputStream(/home/runner/work/ratis/ratis/ratis-test/target/test/data/f69c223b/MiniRaftClusterWithSimulatedRpc37250022/s0/24813b6b-21de-410f-95d3-e8ae2e048fca/current/log_inprogress_0)
2022-07-14 02:38:07,523 [s0@group-E8AE2E048FCA-StateMachineUpdater] INFO  statemachine.SimpleStateMachine4Testing (SimpleStateMachine4Testing.java:put(204)) - s0: put 193, m96 -> (t:1, i:193), STATEMACHINELOGENTRY, 424@client-4187B1F4E061
2022-07-14 02:38:07,523 [s0-client-thread1] TRACE segmented.SegmentedRaftLogCache (AutoCloseableReadWriteLock.java:logLocking(65)) - s0@group-E8AE2E048FCA: readLock ACQUIRED 1 by SegmentedRaftLogCache.getLastTermIndex
2022-07-14 02:38:07,523 [s0-client-thread1] TRACE segmented.SegmentedRaftLogCache (AutoCloseableReadWriteLock.java:logLocking(65)) - s0@group-E8AE2E048FCA: readLock RELEASED 0 by SegmentedRaftLogCache.getLastTermIndex
2022-07-14 02:38:07,523 [s0-client-thread1] TRACE segmented.SegmentedRaftLogCache (AutoCloseableReadWriteLock.java:logLocking(65)) - s0@group-E8AE2E048FCA: readLock ACQUIRED 1 by SegmentedRaftLogCache.getLastTermIndex
2022-07-14 02:38:07,524 [s0-client-thread1] TRACE segmented.SegmentedRaftLogCache (AutoCloseableReadWriteLock.java:logLocking(65)) - s0@group-E8AE2E048FCA: readLock RELEASED 0 by SegmentedRaftLogCache.getLastTermIndex
2022-07-14 02:38:07,524 [s0-client-thread1] TRACE segmented.SegmentedRaftLogCache (AutoCloseableReadWriteLock.java:logLocking(65)) - s0@group-E8AE2E048FCA: readLock ACQUIRED 1 by SegmentedRaftLogCache$LogSegmentList.countCached
2022-07-14 02:38:07,524 [s0-client-thread1] TRACE segmented.SegmentedRaftLogCache (AutoCloseableReadWriteLock.java:logLocking(65)) - s0@group-E8AE2E048FCA: readLock RELEASED 0 by SegmentedRaftLogCache$LogSegmentList.countCached
2022-07-14 02:38:07,524 [s0-client-thread1] TRACE segmented.SegmentedRaftLogCache (AutoCloseableReadWriteLock.java:logLocking(65)) - s0@group-E8AE2E048FCA: readLock ACQUIRED 1 by SegmentedRaftLogCache$LogSegmentList.getTotalCacheSize
2022-07-14 02:38:07,524 [s0-client-thread1] TRACE segmented.SegmentedRaftLogCache (AutoCloseableReadWriteLock.java:logLocking(65)) - s0@group-E8AE2E048FCA: readLock RELEASED 0 by SegmentedRaftLogCache$LogSegmentList.getTotalCacheSize
2022-07-14 02:38:07,524 [s0-client-thread1] DEBUG segmented.SegmentedRaftLogWorker (SegmentedRaftLogWorker.java:addIOTask(270)) - s0@group-E8AE2E048FCA-SegmentedRaftLogWorker adds IO task WriteLog:195: (t:1, i:195), STATEMACHINELOGENTRY, StateMachineLogEntryProto:425@client-4187B1F4E061
2022-07-14 02:38:07,524 [s0@group-E8AE2E048FCA-SegmentedRaftLogWorker] DEBUG segmented.SegmentedRaftLogWorker (SegmentedRaftLogWorker.java:flushIfNecessary(365)) - s0@group-E8AE2E048FCA-SegmentedRaftLogWorker: flush SegmentedRaftLogOutputStream(/home/runner/work/ratis/ratis/ratis-test/target/test/data/f69c223b/MiniRaftClusterWithSimulatedRpc37250022/s0/24813b6b-21de-410f-95d3-e8ae2e048fca/current/log_inprogress_0)
2022-07-14 02:38:07,524 [s0@group-E8AE2E048FCA-LeaderStateImpl] TRACE segmented.SegmentedRaftLogCache (AutoCloseableReadWriteLock.java:logLocking(65)) - s0@group-E8AE2E048FCA: readLock ACQUIRED 1 by SegmentedRaftLogCache.getStartIndex
2022-07-14 02:38:07,525 [s0@group-E8AE2E048FCA-LeaderStateImpl] TRACE segmented.SegmentedRaftLogCache (AutoCloseableReadWriteLock.java:logLocking(65)) -   s0@group-E8AE2E048FCA: readLock ACQUIRED 2 by SegmentedRaftLogCache$LogSegmentList.isEmpty
2022-07-14 02:38:07,525 [s0@group-E8AE2E048FCA-LeaderStateImpl] TRACE segmented.SegmentedRaftLogCache (AutoCloseableReadWriteLock.java:logLocking(65)) -   s0@group-E8AE2E048FCA: readLock RELEASED 1 by SegmentedRaftLogCache$LogSegmentList.isEmpty
2022-07-14 02:38:07,525 [s0@group-E8AE2E048FCA-LeaderStateImpl] TRACE segmented.SegmentedRaftLogCache (AutoCloseableReadWriteLock.java:logLocking(65)) - s0@group-E8AE2E048FCA: readLock RELEASED 0 by SegmentedRaftLogCache.getStartIndex
2022-07-14 02:38:07,525 [s0@group-E8AE2E048FCA-LeaderStateImpl] TRACE segmented.SegmentedRaftLogCache (AutoCloseableReadWriteLock.java:logLocking(65)) - s0@group-E8AE2E048FCA: readLock ACQUIRED 1 by SegmentedRaftLogCache.getEndIndex
2022-07-14 02:38:07,525 [s0@group-E8AE2E048FCA-LeaderStateImpl] TRACE segmented.SegmentedRaftLogCache (AutoCloseableReadWriteLock.java:logLocking(65)) - s0@group-E8AE2E048FCA: readLock RELEASED 0 by SegmentedRaftLogCache.getEndIndex
2022-07-14 02:38:07,525 [s0@group-E8AE2E048FCA-LeaderStateImpl] TRACE segmented.SegmentedRaftLogCache (AutoCloseableReadWriteLock.java:logLocking(65)) - s0@group-E8AE2E048FCA: readLock ACQUIRED 1 by SegmentedRaftLogCache$LogSegmentList.getTermIndex
2022-07-14 02:38:07,525 [s0@group-E8AE2E048FCA-LeaderStateImpl] TRACE segmented.SegmentedRaftLogCache (AutoCloseableReadWriteLock.java:logLocking(65)) - s0@group-E8AE2E048FCA: readLock RELEASED 0 by SegmentedRaftLogCache$LogSegmentList.getTermIndex
2022-07-14 02:38:07,525 [s0@group-E8AE2E048FCA-LeaderStateImpl] TRACE segmented.SegmentedRaftLogCache (AutoCloseableReadWriteLock.java:logLocking(65)) - s0@group-E8AE2E048FCA: readLock ACQUIRED 1 by SegmentedRaftLogCache.getStartIndex
2022-07-14 02:38:07,525 [s0@group-E8AE2E048FCA-LeaderStateImpl] TRACE segmented.SegmentedRaftLogCache (AutoCloseableReadWriteLock.java:logLocking(65)) -   s0@group-E8AE2E048FCA: readLock ACQUIRED 2 by SegmentedRaftLogCache$LogSegmentList.isEmpty
2022-07-14 02:38:07,525 [s0@group-E8AE2E048FCA-LeaderStateImpl] TRACE segmented.SegmentedRaftLogCache (AutoCloseableReadWriteLock.java:logLocking(65)) -   s0@group-E8AE2E048FCA: readLock RELEASED 1 by SegmentedRaftLogCache$LogSegmentList.isEmpty
2022-07-14 02:38:07,525 [s0@group-E8AE2E048FCA-LeaderStateImpl] TRACE segmented.SegmentedRaftLogCache (AutoCloseableReadWriteLock.java:logLocking(65)) - s0@group-E8AE2E048FCA: readLock RELEASED 0 by SegmentedRaftLogCache.getStartIndex
2022-07-14 02:38:07,525 [s0@group-E8AE2E048FCA-LeaderStateImpl] TRACE segmented.SegmentedRaftLogCache (AutoCloseableReadWriteLock.java:logLocking(65)) - s0@group-E8AE2E048FCA: readLock ACQUIRED 1 by SegmentedRaftLogCache.getEndIndex
2022-07-14 02:38:07,525 [s0@group-E8AE2E048FCA-LeaderStateImpl] TRACE segmented.SegmentedRaftLogCache (AutoCloseableReadWriteLock.java:logLocking(65)) - s0@group-E8AE2E048FCA: readLock RELEASED 0 by SegmentedRaftLogCache.getEndIndex
2022-07-14 02:38:07,525 [s0@group-E8AE2E048FCA-LeaderStateImpl] TRACE segmented.SegmentedRaftLogCache (AutoCloseableReadWriteLock.java:logLocking(65)) - s0@group-E8AE2E048FCA: readLock ACQUIRED 1 by SegmentedRaftLogCache$LogSegmentList.getTermIndex
2022-07-14 02:38:07,525 [s0@group-E8AE2E048FCA-LeaderStateImpl] TRACE segmented.SegmentedRaftLogCache (AutoCloseableReadWriteLock.java:logLocking(65)) - s0@group-E8AE2E048FCA: readLock RELEASED 0 by SegmentedRaftLogCache$LogSegmentList.getTermIndex
2022-07-14 02:38:07,526 [s0@group-E8AE2E048FCA-LeaderStateImpl] TRACE segmented.SegmentedRaftLogCache (AutoCloseableReadWriteLock.java:logLocking(65)) - s0@group-E8AE2E048FCA: readLock ACQUIRED 1 by SegmentedRaftLogCache.getLastTermIndex
2022-07-14 02:38:07,526 [s0@group-E8AE2E048FCA-LeaderStateImpl] TRACE segmented.SegmentedRaftLogCache (AutoCloseableReadWriteLock.java:logLocking(65)) - s0@group-E8AE2E048FCA: readLock RELEASED 0 by SegmentedRaftLogCache.getLastTermIndex
2022-07-14 02:38:07,526 [s0@group-E8AE2E048FCA-LeaderStateImpl] TRACE segmented.SegmentedRaftLogCache (AutoCloseableReadWriteLock.java:logLocking(65)) - s0@group-E8AE2E048FCA: readLock ACQUIRED 1 by SegmentedRaftLogCache$LogSegmentList.countCached
2022-07-14 02:38:07,526 [s0@group-E8AE2E048FCA-LeaderStateImpl] TRACE segmented.SegmentedRaftLogCache (AutoCloseableReadWriteLock.java:logLocking(65)) - s0@group-E8AE2E048FCA: readLock RELEASED 0 by SegmentedRaftLogCache$LogSegmentList.countCached
2022-07-14 02:38:07,526 [s0@group-E8AE2E048FCA-LeaderStateImpl] TRACE segmented.SegmentedRaftLogCache (AutoCloseableReadWriteLock.java:logLocking(65)) - s0@group-E8AE2E048FCA: readLock ACQUIRED 1 by SegmentedRaftLogCache$LogSegmentList.getTotalCacheSize
2022-07-14 02:38:07,526 [s0@group-E8AE2E048FCA-LeaderStateImpl] TRACE segmented.SegmentedRaftLogCache (AutoCloseableReadWriteLock.java:logLocking(65)) - s0@group-E8AE2E048FCA: readLock RELEASED 0 by SegmentedRaftLogCache$LogSegmentList.getTotalCacheSize
2022-07-14 02:38:07,526 [s0@group-E8AE2E048FCA-LeaderStateImpl] DEBUG segmented.SegmentedRaftLogWorker (SegmentedRaftLogWorker.java:addIOTask(270)) - s0@group-E8AE2E048FCA-SegmentedRaftLogWorker adds IO task WriteLog:196: (t:1, i:196), METADATAENTRY(c:195)
2022-07-14 02:38:07,526 [s0@group-E8AE2E048FCA-SegmentedRaftLogWorker] DEBUG segmented.SegmentedRaftLogWorker (SegmentedRaftLogWorker.java:flushIfNecessary(365)) - s0@group-E8AE2E048FCA-SegmentedRaftLogWorker: flush SegmentedRaftLogOutputStream(/home/runner/work/ratis/ratis/ratis-test/target/test/data/f69c223b/MiniRaftClusterWithSimulatedRpc37250022/s0/24813b6b-21de-410f-95d3-e8ae2e048fca/current/log_inprogress_0)
2022-07-14 02:38:07,527 [s0@group-E8AE2E048FCA-LeaderStateImpl] TRACE segmented.SegmentedRaftLogCache (AutoCloseableReadWriteLock.java:logLocking(65)) - s0@group-E8AE2E048FCA: readLock ACQUIRED 1 by SegmentedRaftLogCache.getStartIndex
2022-07-14 02:38:07,527 [s0@group-E8AE2E048FCA-LeaderStateImpl] TRACE segmented.SegmentedRaftLogCache (AutoCloseableReadWriteLock.java:logLocking(65)) -   s0@group-E8AE2E048FCA: readLock ACQUIRED 2 by SegmentedRaftLogCache$LogSegmentList.isEmpty
2022-07-14 02:38:07,527 [s0@group-E8AE2E048FCA-LeaderStateImpl] TRACE segmented.SegmentedRaftLogCache (AutoCloseableReadWriteLock.java:logLocking(65)) -   s0@group-E8AE2E048FCA: readLock RELEASED 1 by SegmentedRaftLogCache$LogSegmentList.isEmpty
2022-07-14 02:38:07,527 [s0@group-E8AE2E048FCA-LeaderStateImpl] TRACE segmented.SegmentedRaftLogCache (AutoCloseableReadWriteLock.java:logLocking(65)) - s0@group-E8AE2E048FCA: readLock RELEASED 0 by SegmentedRaftLogCache.getStartIndex
2022-07-14 02:38:07,527 [s0@group-E8AE2E048FCA-LeaderStateImpl] TRACE segmented.SegmentedRaftLogCache (AutoCloseableReadWriteLock.java:logLocking(65)) - s0@group-E8AE2E048FCA: readLock ACQUIRED 1 by SegmentedRaftLogCache.getEndIndex
2022-07-14 02:38:07,527 [s0@group-E8AE2E048FCA-LeaderStateImpl] TRACE segmented.SegmentedRaftLogCache (AutoCloseableReadWriteLock.java:logLocking(65)) - s0@group-E8AE2E048FCA: readLock RELEASED 0 by SegmentedRaftLogCache.getEndIndex
2022-07-14 02:38:07,527 [s0@group-E8AE2E048FCA-LeaderStateImpl] TRACE segmented.SegmentedRaftLogCache (AutoCloseableReadWriteLock.java:logLocking(65)) - s0@group-E8AE2E048FCA: readLock ACQUIRED 1 by SegmentedRaftLogCache$LogSegmentList.getTermIndex
2022-07-14 02:38:07,527 [s0@group-E8AE2E048FCA-LeaderStateImpl] TRACE segmented.SegmentedRaftLogCache (AutoCloseableReadWriteLock.java:logLocking(65)) - s0@group-E8AE2E048FCA: readLock RELEASED 0 by SegmentedRaftLogCache$LogSegmentList.getTermIndex
2022-07-14 02:38:07,529 [s0@group-E8AE2E048FCA-StateMachineUpdater] INFO  statemachine.SimpleStateMachine4Testing (SimpleStateMachine4Testing.java:put(204)) - s0: put 195, m97 -> (t:1, i:195), STATEMACHINELOGENTRY, 425@client-4187B1F4E061
2022-07-14 02:38:07,529 [s0-client-thread1] TRACE segmented.SegmentedRaftLogCache (AutoCloseableReadWriteLock.java:logLocking(65)) - s0@group-E8AE2E048FCA: readLock ACQUIRED 1 by SegmentedRaftLogCache.getLastTermIndex
2022-07-14 02:38:07,529 [s0-client-thread1] TRACE segmented.SegmentedRaftLogCache (AutoCloseableReadWriteLock.java:logLocking(65)) - s0@group-E8AE2E048FCA: readLock RELEASED 0 by SegmentedRaftLogCache.getLastTermIndex
2022-07-14 02:38:07,529 [s0-client-thread1] TRACE segmented.SegmentedRaftLogCache (AutoCloseableReadWriteLock.java:logLocking(65)) - s0@group-E8AE2E048FCA: readLock ACQUIRED 1 by SegmentedRaftLogCache.getLastTermIndex
2022-07-14 02:38:07,530 [s0-client-thread1] TRACE segmented.SegmentedRaftLogCache (AutoCloseableReadWriteLock.java:logLocking(65)) - s0@group-E8AE2E048FCA: readLock RELEASED 0 by SegmentedRaftLogCache.getLastTermIndex
2022-07-14 02:38:07,530 [s0-client-thread1] TRACE segmented.SegmentedRaftLogCache (AutoCloseableReadWriteLock.java:logLocking(65)) - s0@group-E8AE2E048FCA: readLock ACQUIRED 1 by SegmentedRaftLogCache$LogSegmentList.countCached
2022-07-14 02:38:07,530 [s0-client-thread1] TRACE segmented.SegmentedRaftLogCache (AutoCloseableReadWriteLock.java:logLocking(65)) - s0@group-E8AE2E048FCA: readLock RELEASED 0 by SegmentedRaftLogCache$LogSegmentList.countCached
2022-07-14 02:38:07,530 [s0-client-thread1] TRACE segmented.SegmentedRaftLogCache (AutoCloseableReadWriteLock.java:logLocking(65)) - s0@group-E8AE2E048FCA: readLock ACQUIRED 1 by SegmentedRaftLogCache$LogSegmentList.getTotalCacheSize
2022-07-14 02:38:07,530 [s0-client-thread1] TRACE segmented.SegmentedRaftLogCache (AutoCloseableReadWriteLock.java:logLocking(65)) - s0@group-E8AE2E048FCA: readLock RELEASED 0 by SegmentedRaftLogCache$LogSegmentList.getTotalCacheSize
2022-07-14 02:38:07,530 [s0-client-thread1] DEBUG segmented.SegmentedRaftLogWorker (SegmentedRaftLogWorker.java:addIOTask(270)) - s0@group-E8AE2E048FCA-SegmentedRaftLogWorker adds IO task WriteLog:197: (t:1, i:197), STATEMACHINELOGENTRY, StateMachineLogEntryProto:426@client-4187B1F4E061
2022-07-14 02:38:07,530 [s0@group-E8AE2E048FCA-SegmentedRaftLogWorker] DEBUG segmented.SegmentedRaftLogWorker (SegmentedRaftLogWorker.java:flushIfNecessary(365)) - s0@group-E8AE2E048FCA-SegmentedRaftLogWorker: flush SegmentedRaftLogOutputStream(/home/runner/work/ratis/ratis/ratis-test/target/test/data/f69c223b/MiniRaftClusterWithSimulatedRpc37250022/s0/24813b6b-21de-410f-95d3-e8ae2e048fca/current/log_inprogress_0)
2022-07-14 02:38:07,531 [s0@group-E8AE2E048FCA-LeaderStateImpl] TRACE segmented.SegmentedRaftLogCache (AutoCloseableReadWriteLock.java:logLocking(65)) - s0@group-E8AE2E048FCA: readLock ACQUIRED 1 by SegmentedRaftLogCache.getStartIndex
2022-07-14 02:38:07,531 [s0@group-E8AE2E048FCA-LeaderStateImpl] TRACE segmented.SegmentedRaftLogCache (AutoCloseableReadWriteLock.java:logLocking(65)) -   s0@group-E8AE2E048FCA: readLock ACQUIRED 2 by SegmentedRaftLogCache$LogSegmentList.isEmpty
2022-07-14 02:38:07,531 [s0@group-E8AE2E048FCA-LeaderStateImpl] TRACE segmented.SegmentedRaftLogCache (AutoCloseableReadWriteLock.java:logLocking(65)) -   s0@group-E8AE2E048FCA: readLock RELEASED 1 by SegmentedRaftLogCache$LogSegmentList.isEmpty
2022-07-14 02:38:07,531 [s0@group-E8AE2E048FCA-LeaderStateImpl] TRACE segmented.SegmentedRaftLogCache (AutoCloseableReadWriteLock.java:logLocking(65)) - s0@group-E8AE2E048FCA: readLock RELEASED 0 by SegmentedRaftLogCache.getStartIndex
2022-07-14 02:38:07,531 [s0@group-E8AE2E048FCA-LeaderStateImpl] TRACE segmented.SegmentedRaftLogCache (AutoCloseableReadWriteLock.java:logLocking(65)) - s0@group-E8AE2E048FCA: readLock ACQUIRED 1 by SegmentedRaftLogCache.getEndIndex
2022-07-14 02:38:07,531 [s0@group-E8AE2E048FCA-LeaderStateImpl] TRACE segmented.SegmentedRaftLogCache (AutoCloseableReadWriteLock.java:logLocking(65)) - s0@group-E8AE2E048FCA: readLock RELEASED 0 by SegmentedRaftLogCache.getEndIndex
2022-07-14 02:38:07,531 [s0@group-E8AE2E048FCA-LeaderStateImpl] TRACE segmented.SegmentedRaftLogCache (AutoCloseableReadWriteLock.java:logLocking(65)) - s0@group-E8AE2E048FCA: readLock ACQUIRED 1 by SegmentedRaftLogCache$LogSegmentList.getTermIndex
2022-07-14 02:38:07,531 [s0@group-E8AE2E048FCA-LeaderStateImpl] TRACE segmented.SegmentedRaftLogCache (AutoCloseableReadWriteLock.java:logLocking(65)) - s0@group-E8AE2E048FCA: readLock RELEASED 0 by SegmentedRaftLogCache$LogSegmentList.getTermIndex
2022-07-14 02:38:07,532 [s0@group-E8AE2E048FCA-LeaderStateImpl] TRACE segmented.SegmentedRaftLogCache (AutoCloseableReadWriteLock.java:logLocking(65)) - s0@group-E8AE2E048FCA: readLock ACQUIRED 1 by SegmentedRaftLogCache.getLastTermIndex
2022-07-14 02:38:07,532 [s0@group-E8AE2E048FCA-LeaderStateImpl] TRACE segmented.SegmentedRaftLogCache (AutoCloseableReadWriteLock.java:logLocking(65)) - s0@group-E8AE2E048FCA: readLock RELEASED 0 by SegmentedRaftLogCache.getLastTermIndex
2022-07-14 02:38:07,532 [s0@group-E8AE2E048FCA-LeaderStateImpl] TRACE segmented.SegmentedRaftLogCache (AutoCloseableReadWriteLock.java:logLocking(65)) - s0@group-E8AE2E048FCA: readLock ACQUIRED 1 by SegmentedRaftLogCache$LogSegmentList.countCached
2022-07-14 02:38:07,532 [s0@group-E8AE2E048FCA-LeaderStateImpl] TRACE segmented.SegmentedRaftLogCache (AutoCloseableReadWriteLock.java:logLocking(65)) - s0@group-E8AE2E048FCA: readLock RELEASED 0 by SegmentedRaftLogCache$LogSegmentList.countCached
2022-07-14 02:38:07,532 [s0@group-E8AE2E048FCA-LeaderStateImpl] TRACE segmented.SegmentedRaftLogCache (AutoCloseableReadWriteLock.java:logLocking(65)) - s0@group-E8AE2E048FCA: readLock ACQUIRED 1 by SegmentedRaftLogCache$LogSegmentList.getTotalCacheSize
2022-07-14 02:38:07,532 [s0@group-E8AE2E048FCA-LeaderStateImpl] TRACE segmented.SegmentedRaftLogCache (AutoCloseableReadWriteLock.java:logLocking(65)) - s0@group-E8AE2E048FCA: readLock RELEASED 0 by SegmentedRaftLogCache$LogSegmentList.getTotalCacheSize
2022-07-14 02:38:07,532 [s0@group-E8AE2E048FCA-LeaderStateImpl] DEBUG segmented.SegmentedRaftLogWorker (SegmentedRaftLogWorker.java:addIOTask(270)) - s0@group-E8AE2E048FCA-SegmentedRaftLogWorker adds IO task WriteLog:198: (t:1, i:198), METADATAENTRY(c:197)
2022-07-14 02:38:07,532 [s0@group-E8AE2E048FCA-SegmentedRaftLogWorker] DEBUG segmented.SegmentedRaftLogWorker (SegmentedRaftLogWorker.java:flushIfNecessary(365)) - s0@group-E8AE2E048FCA-SegmentedRaftLogWorker: flush SegmentedRaftLogOutputStream(/home/runner/work/ratis/ratis/ratis-test/target/test/data/f69c223b/MiniRaftClusterWithSimulatedRpc37250022/s0/24813b6b-21de-410f-95d3-e8ae2e048fca/current/log_inprogress_0)
2022-07-14 02:38:07,532 [s0@group-E8AE2E048FCA-StateMachineUpdater] INFO  statemachine.SimpleStateMachine4Testing (SimpleStateMachine4Testing.java:put(204)) - s0: put 197, m98 -> (t:1, i:197), STATEMACHINELOGENTRY, 426@client-4187B1F4E061
2022-07-14 02:38:07,533 [s0@group-E8AE2E048FCA-LeaderStateImpl] TRACE segmented.SegmentedRaftLogCache (AutoCloseableReadWriteLock.java:logLocking(65)) - s0@group-E8AE2E048FCA: readLock ACQUIRED 1 by SegmentedRaftLogCache.getStartIndex
2022-07-14 02:38:07,533 [s0@group-E8AE2E048FCA-LeaderStateImpl] TRACE segmented.SegmentedRaftLogCache (AutoCloseableReadWriteLock.java:logLocking(65)) -   s0@group-E8AE2E048FCA: readLock ACQUIRED 2 by SegmentedRaftLogCache$LogSegmentList.isEmpty
2022-07-14 02:38:07,533 [s0@group-E8AE2E048FCA-LeaderStateImpl] TRACE segmented.SegmentedRaftLogCache (AutoCloseableReadWriteLock.java:logLocking(65)) -   s0@group-E8AE2E048FCA: readLock RELEASED 1 by SegmentedRaftLogCache$LogSegmentList.isEmpty
2022-07-14 02:38:07,533 [s0@group-E8AE2E048FCA-LeaderStateImpl] TRACE segmented.SegmentedRaftLogCache (AutoCloseableReadWriteLock.java:logLocking(65)) - s0@group-E8AE2E048FCA: readLock RELEASED 0 by SegmentedRaftLogCache.getStartIndex
2022-07-14 02:38:07,533 [s0@group-E8AE2E048FCA-LeaderStateImpl] TRACE segmented.SegmentedRaftLogCache (AutoCloseableReadWriteLock.java:logLocking(65)) - s0@group-E8AE2E048FCA: readLock ACQUIRED 1 by SegmentedRaftLogCache.getEndIndex
2022-07-14 02:38:07,533 [s0@group-E8AE2E048FCA-LeaderStateImpl] TRACE segmented.SegmentedRaftLogCache (AutoCloseableReadWriteLock.java:logLocking(65)) - s0@group-E8AE2E048FCA: readLock RELEASED 0 by SegmentedRaftLogCache.getEndIndex
2022-07-14 02:38:07,533 [s0@group-E8AE2E048FCA-LeaderStateImpl] TRACE segmented.SegmentedRaftLogCache (AutoCloseableReadWriteLock.java:logLocking(65)) - s0@group-E8AE2E048FCA: readLock ACQUIRED 1 by SegmentedRaftLogCache$LogSegmentList.getTermIndex
2022-07-14 02:38:07,533 [s0@group-E8AE2E048FCA-LeaderStateImpl] TRACE segmented.SegmentedRaftLogCache (AutoCloseableReadWriteLock.java:logLocking(65)) - s0@group-E8AE2E048FCA: readLock RELEASED 0 by SegmentedRaftLogCache$LogSegmentList.getTermIndex
2022-07-14 02:38:07,534 [s0-client-thread1] TRACE segmented.SegmentedRaftLogCache (AutoCloseableReadWriteLock.java:logLocking(65)) - s0@group-E8AE2E048FCA: readLock ACQUIRED 1 by SegmentedRaftLogCache.getLastTermIndex
2022-07-14 02:38:07,534 [s0-client-thread1] TRACE segmented.SegmentedRaftLogCache (AutoCloseableReadWriteLock.java:logLocking(65)) - s0@group-E8AE2E048FCA: readLock RELEASED 0 by SegmentedRaftLogCache.getLastTermIndex
2022-07-14 02:38:07,534 [s0-client-thread1] TRACE segmented.SegmentedRaftLogCache (AutoCloseableReadWriteLock.java:logLocking(65)) - s0@group-E8AE2E048FCA: readLock ACQUIRED 1 by SegmentedRaftLogCache.getLastTermIndex
2022-07-14 02:38:07,534 [s0-client-thread1] TRACE segmented.SegmentedRaftLogCache (AutoCloseableReadWriteLock.java:logLocking(65)) - s0@group-E8AE2E048FCA: readLock RELEASED 0 by SegmentedRaftLogCache.getLastTermIndex
2022-07-14 02:38:07,534 [s0-client-thread1] TRACE segmented.SegmentedRaftLogCache (AutoCloseableReadWriteLock.java:logLocking(65)) - s0@group-E8AE2E048FCA: readLock ACQUIRED 1 by SegmentedRaftLogCache$LogSegmentList.countCached
2022-07-14 02:38:07,534 [s0-client-thread1] TRACE segmented.SegmentedRaftLogCache (AutoCloseableReadWriteLock.java:logLocking(65)) - s0@group-E8AE2E048FCA: readLock RELEASED 0 by SegmentedRaftLogCache$LogSegmentList.countCached
2022-07-14 02:38:07,534 [s0-client-thread1] TRACE segmented.SegmentedRaftLogCache (AutoCloseableReadWriteLock.java:logLocking(65)) - s0@group-E8AE2E048FCA: readLock ACQUIRED 1 by SegmentedRaftLogCache$LogSegmentList.getTotalCacheSize
2022-07-14 02:38:07,534 [s0-client-thread1] TRACE segmented.SegmentedRaftLogCache (AutoCloseableReadWriteLock.java:logLocking(65)) - s0@group-E8AE2E048FCA: readLock RELEASED 0 by SegmentedRaftLogCache$LogSegmentList.getTotalCacheSize
2022-07-14 02:38:07,534 [s0-client-thread1] DEBUG segmented.SegmentedRaftLogWorker (SegmentedRaftLogWorker.java:addIOTask(270)) - s0@group-E8AE2E048FCA-SegmentedRaftLogWorker adds IO task WriteLog:199: (t:1, i:199), STATEMACHINELOGENTRY, StateMachineLogEntryProto:427@client-4187B1F4E061
2022-07-14 02:38:07,534 [s0@group-E8AE2E048FCA-SegmentedRaftLogWorker] DEBUG segmented.SegmentedRaftLogWorker (SegmentedRaftLogWorker.java:flushIfNecessary(365)) - s0@group-E8AE2E048FCA-SegmentedRaftLogWorker: flush SegmentedRaftLogOutputStream(/home/runner/work/ratis/ratis/ratis-test/target/test/data/f69c223b/MiniRaftClusterWithSimulatedRpc37250022/s0/24813b6b-21de-410f-95d3-e8ae2e048fca/current/log_inprogress_0)
2022-07-14 02:38:07,537 [s0@group-E8AE2E048FCA-LeaderStateImpl] TRACE segmented.SegmentedRaftLogCache (AutoCloseableReadWriteLock.java:logLocking(65)) - s0@group-E8AE2E048FCA: readLock ACQUIRED 1 by SegmentedRaftLogCache.getStartIndex
2022-07-14 02:38:07,537 [s0@group-E8AE2E048FCA-LeaderStateImpl] TRACE segmented.SegmentedRaftLogCache (AutoCloseableReadWriteLock.java:logLocking(65)) -   s0@group-E8AE2E048FCA: readLock ACQUIRED 2 by SegmentedRaftLogCache$LogSegmentList.isEmpty
2022-07-14 02:38:07,537 [s0@group-E8AE2E048FCA-LeaderStateImpl] TRACE segmented.SegmentedRaftLogCache (AutoCloseableReadWriteLock.java:logLocking(65)) -   s0@group-E8AE2E048FCA: readLock RELEASED 1 by SegmentedRaftLogCache$LogSegmentList.isEmpty
2022-07-14 02:38:07,537 [s0@group-E8AE2E048FCA-LeaderStateImpl] TRACE segmented.SegmentedRaftLogCache (AutoCloseableReadWriteLock.java:logLocking(65)) - s0@group-E8AE2E048FCA: readLock RELEASED 0 by SegmentedRaftLogCache.getStartIndex
2022-07-14 02:38:07,537 [s0@group-E8AE2E048FCA-LeaderStateImpl] TRACE segmented.SegmentedRaftLogCache (AutoCloseableReadWriteLock.java:logLocking(65)) - s0@group-E8AE2E048FCA: readLock ACQUIRED 1 by SegmentedRaftLogCache.getEndIndex
2022-07-14 02:38:07,537 [s0@group-E8AE2E048FCA-LeaderStateImpl] TRACE segmented.SegmentedRaftLogCache (AutoCloseableReadWriteLock.java:logLocking(65)) - s0@group-E8AE2E048FCA: readLock RELEASED 0 by SegmentedRaftLogCache.getEndIndex
2022-07-14 02:38:07,537 [s0@group-E8AE2E048FCA-LeaderStateImpl] TRACE segmented.SegmentedRaftLogCache (AutoCloseableReadWriteLock.java:logLocking(65)) - s0@group-E8AE2E048FCA: readLock ACQUIRED 1 by SegmentedRaftLogCache$LogSegmentList.getTermIndex
2022-07-14 02:38:07,537 [s0@group-E8AE2E048FCA-LeaderStateImpl] TRACE segmented.SegmentedRaftLogCache (AutoCloseableReadWriteLock.java:logLocking(65)) - s0@group-E8AE2E048FCA: readLock RELEASED 0 by SegmentedRaftLogCache$LogSegmentList.getTermIndex
2022-07-14 02:38:07,537 [s0@group-E8AE2E048FCA-StateMachineUpdater] INFO  statemachine.SimpleStateMachine4Testing (SimpleStateMachine4Testing.java:put(204)) - s0: put 199, m99 -> (t:1, i:199), STATEMACHINELOGENTRY, 427@client-4187B1F4E061
2022-07-14 02:38:07,537 [s0@group-E8AE2E048FCA-LeaderStateImpl] TRACE segmented.SegmentedRaftLogCache (AutoCloseableReadWriteLock.java:logLocking(65)) - s0@group-E8AE2E048FCA: readLock ACQUIRED 1 by SegmentedRaftLogCache.getLastTermIndex
2022-07-14 02:38:07,537 [s0@group-E8AE2E048FCA-LeaderStateImpl] TRACE segmented.SegmentedRaftLogCache (AutoCloseableReadWriteLock.java:logLocking(65)) - s0@group-E8AE2E048FCA: readLock RELEASED 0 by SegmentedRaftLogCache.getLastTermIndex
2022-07-14 02:38:07,538 [s0@group-E8AE2E048FCA-LeaderStateImpl] TRACE segmented.SegmentedRaftLogCache (AutoCloseableReadWriteLock.java:logLocking(65)) - s0@group-E8AE2E048FCA: readLock ACQUIRED 1 by SegmentedRaftLogCache$LogSegmentList.countCached
2022-07-14 02:38:07,538 [s0@group-E8AE2E048FCA-LeaderStateImpl] TRACE segmented.SegmentedRaftLogCache (AutoCloseableReadWriteLock.java:logLocking(65)) - s0@group-E8AE2E048FCA: readLock RELEASED 0 by SegmentedRaftLogCache$LogSegmentList.countCached
2022-07-14 02:38:07,538 [s0-client-thread1] INFO  statemachine.SimpleStateMachine4Testing (SimpleStateMachine4Testing.java:query(344)) - query m99
2022-07-14 02:38:07,538 [s0@group-E8AE2E048FCA-LeaderStateImpl] TRACE segmented.SegmentedRaftLogCache (AutoCloseableReadWriteLock.java:logLocking(65)) - s0@group-E8AE2E048FCA: readLock ACQUIRED 1 by SegmentedRaftLogCache$LogSegmentList.getTotalCacheSize
2022-07-14 02:38:07,538 [s0@group-E8AE2E048FCA-LeaderStateImpl] TRACE segmented.SegmentedRaftLogCache (AutoCloseableReadWriteLock.java:logLocking(65)) - s0@group-E8AE2E048FCA: readLock RELEASED 0 by SegmentedRaftLogCache$LogSegmentList.getTotalCacheSize
2022-07-14 02:38:07,538 [s0@group-E8AE2E048FCA-LeaderStateImpl] DEBUG segmented.SegmentedRaftLogWorker (SegmentedRaftLogWorker.java:addIOTask(270)) - s0@group-E8AE2E048FCA-SegmentedRaftLogWorker adds IO task WriteLog:200: (t:1, i:200), METADATAENTRY(c:199)
2022-07-14 02:38:07,538 [s0@group-E8AE2E048FCA-SegmentedRaftLogWorker] DEBUG segmented.SegmentedRaftLogWorker (SegmentedRaftLogWorker.java:flushIfNecessary(365)) - s0@group-E8AE2E048FCA-SegmentedRaftLogWorker: flush SegmentedRaftLogOutputStream(/home/runner/work/ratis/ratis/ratis-test/target/test/data/f69c223b/MiniRaftClusterWithSimulatedRpc37250022/s0/24813b6b-21de-410f-95d3-e8ae2e048fca/current/log_inprogress_0)
2022-07-14 02:38:07,538 [Time-limited test] INFO  server.RaftServer (RaftServerProxy.java:lambda$close$6(401)) - s0: close
2022-07-14 02:38:07,538 [Time-limited test] INFO  server.RaftServer$Division (RaftServerImpl.java:lambda$close$4(437)) - s0@group-E8AE2E048FCA: shutdown
2022-07-14 02:38:07,539 [Time-limited test] INFO  util.JmxRegister (JmxRegister.java:unregister(73)) - Successfully un-registered JMX Bean with object name Ratis:service=RaftServer,group=group-E8AE2E048FCA,id=s0
2022-07-14 02:38:07,539 [Time-limited test] INFO  impl.RoleInfo (RoleInfo.java:shutdownLeaderState(93)) - s0: shutdown s0@group-E8AE2E048FCA-LeaderStateImpl
2022-07-14 02:38:07,539 [s0@group-E8AE2E048FCA-LeaderStateImpl] TRACE segmented.SegmentedRaftLogCache (AutoCloseableReadWriteLock.java:logLocking(65)) - s0@group-E8AE2E048FCA: readLock ACQUIRED 1 by SegmentedRaftLogCache.getStartIndex
2022-07-14 02:38:07,539 [Time-limited test] INFO  impl.PendingRequests (PendingRequests.java:sendNotLeaderResponses(282)) - s0@group-E8AE2E048FCA-PendingRequests: sendNotLeaderResponses
2022-07-14 02:38:07,539 [s0@group-E8AE2E048FCA-LeaderStateImpl] TRACE segmented.SegmentedRaftLogCache (AutoCloseableReadWriteLock.java:logLocking(65)) -   s0@group-E8AE2E048FCA: readLock ACQUIRED 2 by SegmentedRaftLogCache$LogSegmentList.isEmpty
2022-07-14 02:38:07,539 [s0@group-E8AE2E048FCA-LeaderStateImpl] TRACE segmented.SegmentedRaftLogCache (AutoCloseableReadWriteLock.java:logLocking(65)) -   s0@group-E8AE2E048FCA: readLock RELEASED 1 by SegmentedRaftLogCache$LogSegmentList.isEmpty
2022-07-14 02:38:07,540 [s0@group-E8AE2E048FCA-LeaderStateImpl] TRACE segmented.SegmentedRaftLogCache (AutoCloseableReadWriteLock.java:logLocking(65)) - s0@group-E8AE2E048FCA: readLock RELEASED 0 by SegmentedRaftLogCache.getStartIndex
2022-07-14 02:38:07,540 [s0@group-E8AE2E048FCA-LeaderStateImpl] TRACE segmented.SegmentedRaftLogCache (AutoCloseableReadWriteLock.java:logLocking(65)) - s0@group-E8AE2E048FCA: readLock ACQUIRED 1 by SegmentedRaftLogCache.getEndIndex
2022-07-14 02:38:07,540 [s0@group-E8AE2E048FCA-LeaderStateImpl] TRACE segmented.SegmentedRaftLogCache (AutoCloseableReadWriteLock.java:logLocking(65)) - s0@group-E8AE2E048FCA: readLock RELEASED 0 by SegmentedRaftLogCache.getEndIndex
2022-07-14 02:38:07,540 [s0@group-E8AE2E048FCA-LeaderStateImpl] TRACE segmented.SegmentedRaftLogCache (AutoCloseableReadWriteLock.java:logLocking(65)) - s0@group-E8AE2E048FCA: readLock ACQUIRED 1 by SegmentedRaftLogCache$LogSegmentList.getTermIndex
2022-07-14 02:38:07,540 [s0@group-E8AE2E048FCA-LeaderStateImpl] TRACE segmented.SegmentedRaftLogCache (AutoCloseableReadWriteLock.java:logLocking(65)) - s0@group-E8AE2E048FCA: readLock RELEASED 0 by SegmentedRaftLogCache$LogSegmentList.getTermIndex
2022-07-14 02:38:07,540 [Time-limited test] INFO  impl.StateMachineUpdater (StateMachineUpdater.java:stopAndJoin(153)) - s0@group-E8AE2E048FCA-StateMachineUpdater: set stopIndex = 199
2022-07-14 02:38:07,540 [Time-limited test] INFO  server.RaftServer$Division (ServerState.java:close(456)) - s0@group-E8AE2E048FCA: closes. applyIndex: 199
2022-07-14 02:38:07,540 [Time-limited test] TRACE segmented.SegmentedRaftLogCache (SegmentedRaftLogCache.java:clearOpenSegment(456)) - s0@group-E8AE2E048FCA-SegmentedRaftLogCache: clearOpenSegment log_inprogress_0
2022-07-14 02:38:07,541 [Time-limited test] TRACE segmented.SegmentedRaftLogCache (AutoCloseableReadWriteLock.java:logLocking(65)) - s0@group-E8AE2E048FCA: writeLock ACQUIRED 1 by SegmentedRaftLogCache$LogSegmentList.clear
2022-07-14 02:38:07,541 [Time-limited test] TRACE segmented.SegmentedRaftLogCache (AutoCloseableReadWriteLock.java:logLocking(65)) - s0@group-E8AE2E048FCA: writeLock RELEASED 0 by SegmentedRaftLogCache$LogSegmentList.clear
2022-07-14 02:38:07,541 [s0@group-E8AE2E048FCA-SegmentedRaftLogWorker] INFO  segmented.SegmentedRaftLogWorker (SegmentedRaftLogWorker.java:run(336)) - s0@group-E8AE2E048FCA-SegmentedRaftLogWorker was interrupted, exiting. There are 0 tasks remaining in the queue.
2022-07-14 02:38:07,541 [Time-limited test] INFO  segmented.SegmentedRaftLogWorker (SegmentedRaftLogWorker.java:close(246)) - s0@group-E8AE2E048FCA-SegmentedRaftLogWorker close()
2022-07-14 02:38:07,542 [Thread-819] INFO  simulation.RequestHandler (RequestHandler.java:run(126)) - s0.clientHandler0 is interrupted by java.io.InterruptedIOException: 
2022-07-14 02:38:07,542 [Thread-820] INFO  simulation.RequestHandler (RequestHandler.java:run(126)) - s0.clientHandler1 is interrupted by java.io.InterruptedIOException: 
2022-07-14 02:38:07,542 [Thread-821] INFO  simulation.RequestHandler (RequestHandler.java:run(126)) - s0.clientHandler2 is interrupted by java.io.InterruptedIOException: 
2022-07-14 02:38:07,543 [Thread-816] INFO  simulation.RequestHandler (RequestHandler.java:run(126)) - s0.serverHandler0 is interrupted by java.io.InterruptedIOException: 
2022-07-14 02:38:07,543 [Thread-817] INFO  simulation.RequestHandler (RequestHandler.java:run(126)) - s0.serverHandler1 is interrupted by java.io.InterruptedIOException: 
2022-07-14 02:38:07,543 [Thread-818] INFO  simulation.RequestHandler (RequestHandler.java:run(126)) - s0.serverHandler2 is interrupted by java.io.InterruptedIOException: 
2022-07-14 02:38:07,543 [org.apache.ratis.util.JvmPauseMonitor$$Lambda$260/812557502@549f431d] INFO  util.JvmPauseMonitor (JvmPauseMonitor.java:run(109)) - JvmPauseMonitor-s0: Stopped
2022-07-14 02:38:07,550 [Time-limited test] INFO  impl.MiniRaftCluster (MiniRaftCluster.java:killServer(487)) - killServer s0
2022-07-14 02:38:07,550 [Time-limited test] INFO  impl.MiniRaftCluster (MiniRaftCluster.java:newRaftServer(348)) - newRaftServer: s0, group-E8AE2E048FCA:[s0|rpc:localhost:37449|admin:localhost:41963|client:localhost:39721|dataStream:localhost:44703|priority:0], format? false
2022-07-14 02:38:07,551 [Time-limited test] INFO  server.RaftServer (ConfUtils.java:logGet(46)) - raft.rpc.type = org.apache.ratis.server.simulation.SimulatedRpc (custom)
2022-07-14 02:38:07,551 [Time-limited test] INFO  impl.DataStreamServerImpl (ConfUtils.java:logGet(46)) - raft.datastream.type = DISABLED (default)
2022-07-14 02:38:07,551 [Time-limited test] INFO  server.RaftServerConfigKeys (ConfUtils.java:logGet(46)) - raft.server.threadpool.proxy.cached = true (default)
2022-07-14 02:38:07,551 [Time-limited test] INFO  server.RaftServerConfigKeys (ConfUtils.java:logGet(46)) - raft.server.threadpool.proxy.size = 0 (default)
2022-07-14 02:38:07,551 [Time-limited test] INFO  server.RaftServerConfigKeys (ConfUtils.java:logGet(46)) - raft.server.rpc.slowness.timeout = 60s (default)
2022-07-14 02:38:07,551 [Time-limited test] INFO  server.RaftServerConfigKeys (ConfUtils.java:logGet(46)) - raft.server.leaderelection.leader.step-down.wait-time = 10s (default)
2022-07-14 02:38:07,551 [Time-limited test] INFO  server.RaftServerConfigKeys (ConfUtils.java:logGet(46)) - raft.server.storage.dir = [/home/runner/work/ratis/ratis/ratis-test/target/test/data/f69c223b/MiniRaftClusterWithSimulatedRpc37250022/s0] (custom)
2022-07-14 02:38:07,552 [s0-impl-thread1] INFO  server.RaftServer (RaftServerProxy.java:initGroupDir(247)) - s0: found a subdirectory /home/runner/work/ratis/ratis/ratis-test/target/test/data/f69c223b/MiniRaftClusterWithSimulatedRpc37250022/s0/24813b6b-21de-410f-95d3-e8ae2e048fca
2022-07-14 02:38:07,553 [Time-limited test] INFO  server.RaftServer (RaftServerProxy.java:addNew(96)) - s0: addNew group-E8AE2E048FCA:[s0|rpc:localhost:37449|admin:localhost:41963|client:localhost:39721|dataStream:localhost:44703|priority:0] returns group-E8AE2E048FCA:java.util.concurrent.CompletableFuture@7e74c66d[Not completed]
2022-07-14 02:38:07,553 [pool-50-thread-1] INFO  server.RaftServerConfigKeys (ConfUtils.java:logGet(46)) - raft.server.log.segment.size.max = 8MB (=8388608) (default)
2022-07-14 02:38:07,553 [pool-50-thread-1] INFO  server.RaftServerConfigKeys (ConfUtils.java:logGet(46)) - raft.server.log.preallocated.size = 4MB (=4194304) (default)
2022-07-14 02:38:07,553 [pool-50-thread-1] INFO  server.RaftServerConfigKeys (ConfUtils.java:logGet(46)) - raft.server.log.write.buffer.size = 64KB (=65536) (default)
2022-07-14 02:38:07,553 [pool-50-thread-1] INFO  server.RaftServer$Division (RaftServerImpl.java:<init>(191)) - s0: new RaftServerImpl for group-E8AE2E048FCA:[s0|rpc:localhost:37449|admin:localhost:41963|client:localhost:39721|dataStream:localhost:44703|priority:0] with SimpleStateMachine4Testing:uninitialized
2022-07-14 02:38:07,553 [pool-50-thread-1] INFO  server.RaftServerConfigKeys (ConfUtils.java:logGet(46)) - raft.server.rpc.timeout.min = 150ms (default)
2022-07-14 02:38:07,553 [pool-50-thread-1] INFO  server.RaftServerConfigKeys (ConfUtils.java:logGet(46)) - raft.server.rpc.timeout.max = 300ms (default)
2022-07-14 02:38:07,553 [pool-50-thread-1] INFO  server.RaftServerConfigKeys (ConfUtils.java:logGet(46)) - raft.server.rpc.sleep.time = 25ms (default)
2022-07-14 02:38:07,553 [pool-50-thread-1] INFO  server.RaftServerConfigKeys (ConfUtils.java:logGet(46)) - raft.server.rpc.slowness.timeout = 60s (default)
2022-07-14 02:38:07,553 [pool-50-thread-1] INFO  server.RaftServerConfigKeys (ConfUtils.java:logGet(46)) - raft.server.leaderelection.leader.step-down.wait-time = 10s (default)
2022-07-14 02:38:07,554 [pool-50-thread-1] INFO  server.RaftServerConfigKeys (ConfUtils.java:logGet(46)) - raft.server.sleep.deviation.threshold = 300ms (default)
2022-07-14 02:38:07,554 [pool-50-thread-1] INFO  server.RaftServer$Division (ServerState.java:<init>(109)) - s0@group-E8AE2E048FCA: ConfigurationManager, init=-1: [s0|rpc:localhost:37449|admin:localhost:41963|client:localhost:39721|dataStream:localhost:44703|priority:0], old=null, confs=<EMPTY_MAP>
2022-07-14 02:38:07,554 [pool-50-thread-1] INFO  server.RaftServerConfigKeys (ConfUtils.java:logGet(46)) - raft.server.storage.dir = [/home/runner/work/ratis/ratis/ratis-test/target/test/data/f69c223b/MiniRaftClusterWithSimulatedRpc37250022/s0] (custom)
2022-07-14 02:38:07,554 [pool-50-thread-1] INFO  server.RaftServerConfigKeys (ConfUtils.java:logGet(46)) - raft.server.log.corruption.policy = EXCEPTION (default)
2022-07-14 02:38:07,554 [pool-50-thread-1] INFO  server.RaftServerConfigKeys (ConfUtils.java:logGet(46)) - raft.server.storage.free-space.min = 0MB (=0) (default)
2022-07-14 02:38:07,554 [pool-50-thread-1] INFO  server.RaftServerConfigKeys (ConfUtils.java:logGet(46)) - raft.server.notification.no-leader.timeout = 60s (default)
2022-07-14 02:38:07,554 [pool-50-thread-1] INFO  server.RaftServerConfigKeys (ConfUtils.java:logGet(46)) - raft.server.retrycache.expirytime = 60s (default)
2022-07-14 02:38:07,554 [pool-50-thread-1] INFO  server.RaftServerConfigKeys (ConfUtils.java:logGet(46)) - raft.server.retrycache.statistics.expirytime = 100μs (default)
2022-07-14 02:38:07,555 [pool-50-thread-1] INFO  server.RaftServerConfigKeys (ConfUtils.java:logGet(46)) - raft.server.log.appender.install.snapshot.enabled = true (default)
2022-07-14 02:38:07,555 [pool-50-thread-1] INFO  server.RaftServerConfigKeys (ConfUtils.java:logGet(46)) - raft.server.threadpool.server.cached = true (default)
2022-07-14 02:38:07,555 [pool-50-thread-1] INFO  server.RaftServerConfigKeys (ConfUtils.java:logGet(46)) - raft.server.threadpool.server.size = 0 (default)
2022-07-14 02:38:07,555 [pool-50-thread-1] INFO  server.RaftServerConfigKeys (ConfUtils.java:logGet(46)) - raft.server.threadpool.client.cached = true (default)
2022-07-14 02:38:07,555 [pool-50-thread-1] INFO  server.RaftServerConfigKeys (ConfUtils.java:logGet(46)) - raft.server.threadpool.client.size = 0 (default)
2022-07-14 02:38:07,557 [s0-impl-thread1] INFO  storage.RaftStorageDirectory (RaftStorageDirectoryImpl.java:tryLock(231)) - Lock on /home/runner/work/ratis/ratis/ratis-test/target/test/data/f69c223b/MiniRaftClusterWithSimulatedRpc37250022/s0/24813b6b-21de-410f-95d3-e8ae2e048fca/in_use.lock acquired by nodename 14298@fv-az54-379.qczjibyfz4dularrisj3jz1gre.bx.internal.cloudapp.net
2022-07-14 02:38:07,558 [s0-impl-thread1] INFO  storage.RaftStorage (RaftStorageImpl.java:analyzeAndRecoverStorage(117)) - Read RaftStorageMetadata{term=1, votedFor=s0} from /home/runner/work/ratis/ratis/ratis-test/target/test/data/f69c223b/MiniRaftClusterWithSimulatedRpc37250022/s0/24813b6b-21de-410f-95d3-e8ae2e048fca/current/raft-meta
2022-07-14 02:38:07,558 [s0-impl-thread1] INFO  server.RaftServer$Division (ServerState.java:setRaftConf(420)) - s0@group-E8AE2E048FCA: set configuration 0: [s0|rpc:localhost:37449|admin:localhost:41963|client:localhost:39721|dataStream:localhost:44703|priority:0], old=null
2022-07-14 02:38:07,558 [s0-impl-thread1] INFO  statemachine.SimpleStateMachine4Testing (SimpleStateMachine4Testing.java:initialize(212)) - Initializing SimpleStateMachine4Testing:uninitialized
2022-07-14 02:38:07,558 [s0-impl-thread1] INFO  statemachine.SimpleStateMachine4Testing (SimpleStateMachine4Testing.java:loadSnapshot(306)) - The snapshot file null does not exist
2022-07-14 02:38:07,558 [s0-impl-thread1] INFO  server.RaftServerConfigKeys (ConfUtils.java:logGet(46)) - raft.server.log.use.memory = false (default)
2022-07-14 02:38:07,558 [s0-impl-thread1] INFO  server.RaftServerConfigKeys (ConfUtils.java:logGet(46)) - raft.server.log.purge.gap = 1024 (default)
2022-07-14 02:38:07,558 [s0-impl-thread1] INFO  server.RaftServerConfigKeys (ConfUtils.java:logGet(46)) - raft.server.log.appender.buffer.byte-limit = 4MB (=4194304) (default)
2022-07-14 02:38:07,558 [s0-impl-thread1] INFO  server.RaftServerConfigKeys (ConfUtils.java:logGet(46)) - raft.server.log.statemachine.data.read.timeout = 1000ms (default)
2022-07-14 02:38:07,559 [s0-impl-thread1] INFO  server.RaftServerConfigKeys (ConfUtils.java:logGet(46)) - raft.server.log.segment.size.max = 8KB (=8192) (custom)
2022-07-14 02:38:07,559 [s0-impl-thread1] INFO  server.RaftServerConfigKeys (ConfUtils.java:logGet(46)) - raft.server.log.segment.cache.num.max = 6 (default)
2022-07-14 02:38:07,559 [s0-impl-thread1] INFO  server.RaftServerConfigKeys (ConfUtils.java:logGet(46)) - raft.server.log.segment.cache.size.max = 200MB (=209715200) (default)
2022-07-14 02:38:07,559 [s0-impl-thread1] INFO  segmented.SegmentedRaftLogWorker (SegmentedRaftLogWorker.java:<init>(187)) - new s0@group-E8AE2E048FCA-SegmentedRaftLogWorker for RaftStorageImpl:Storage Directory /home/runner/work/ratis/ratis/ratis-test/target/test/data/f69c223b/MiniRaftClusterWithSimulatedRpc37250022/s0/24813b6b-21de-410f-95d3-e8ae2e048fca
2022-07-14 02:38:07,559 [s0-impl-thread1] INFO  server.RaftServerConfigKeys (ConfUtils.java:logGet(46)) - raft.server.log.queue.byte-limit = 64MB (=67108864) (default)
2022-07-14 02:38:07,559 [s0-impl-thread1] INFO  server.RaftServerConfigKeys (ConfUtils.java:logGet(46)) - raft.server.log.queue.element-limit = 4096 (default)
2022-07-14 02:38:07,559 [s0-impl-thread1] INFO  server.RaftServerConfigKeys (ConfUtils.java:logGet(46)) - raft.server.log.segment.size.max = 8KB (=8192) (custom)
2022-07-14 02:38:07,559 [s0-impl-thread1] INFO  server.RaftServerConfigKeys (ConfUtils.java:logGet(46)) - raft.server.log.preallocated.size = 4MB (=4194304) (default)
2022-07-14 02:38:07,559 [s0-impl-thread1] INFO  server.RaftServerConfigKeys (ConfUtils.java:logGet(46)) - raft.server.log.force.sync.num = 128 (default)
2022-07-14 02:38:07,559 [s0-impl-thread1] INFO  server.RaftServerConfigKeys (ConfUtils.java:logGet(46)) - raft.server.log.statemachine.data.sync = true (default)
2022-07-14 02:38:07,559 [s0-impl-thread1] INFO  server.RaftServerConfigKeys (ConfUtils.java:logGet(46)) - raft.server.log.statemachine.data.sync.timeout = 10s (default)
2022-07-14 02:38:07,559 [s0-impl-thread1] INFO  server.RaftServerConfigKeys (ConfUtils.java:logGet(46)) - raft.server.log.statemachine.data.sync.timeout.retry = -1 (default)
2022-07-14 02:38:07,559 [s0-impl-thread1] INFO  server.RaftServerConfigKeys (ConfUtils.java:logGet(46)) - raft.server.log.write.buffer.size = 64KB (=65536) (default)
2022-07-14 02:38:07,559 [s0-impl-thread1] INFO  server.RaftServerConfigKeys (ConfUtils.java:logGet(46)) - raft.server.log.unsafe-flush.enabled = false (default)
2022-07-14 02:38:07,560 [s0-impl-thread1] INFO  server.RaftServerConfigKeys (ConfUtils.java:logGet(46)) - raft.server.log.statemachine.data.caching.enabled = false (default)
2022-07-14 02:38:07,560 [s0-impl-thread1] INFO  server.RaftServer$Division (ServerState.java:setRaftConf(420)) - s0@group-E8AE2E048FCA: set configuration 0: [s0|rpc:localhost:37449|admin:localhost:41963|client:localhost:39721|dataStream:localhost:44703|priority:0], old=null
2022-07-14 02:38:07,564 [s0-impl-thread1] INFO  segmented.LogSegment (LogSegment.java:loadSegment(173)) - Successfully read 132 entries from segment file /home/runner/work/ratis/ratis/ratis-test/target/test/data/f69c223b/MiniRaftClusterWithSimulatedRpc37250022/s0/24813b6b-21de-410f-95d3-e8ae2e048fca/current/log_inprogress_0
2022-07-14 02:38:07,568 [s0-impl-thread1] TRACE util.FileUtils (LogUtils.java:runAndLog(49)) - Successfully ran FileOutputStream.getChannel().truncate /home/runner/work/ratis/ratis/ratis-test/target/test/data/f69c223b/MiniRaftClusterWithSimulatedRpc37250022/s0/24813b6b-21de-410f-95d3-e8ae2e048fca/current/log_inprogress_0 length: 7275 -> 3637
2022-07-14 02:38:07,568 [s0-impl-thread1] TRACE segmented.SegmentedRaftLogCache (AutoCloseableReadWriteLock.java:logLocking(65)) - s0@group-E8AE2E048FCA: readLock ACQUIRED 1 by SegmentedRaftLogCache$LogSegmentList.getLast
2022-07-14 02:38:07,568 [s0-impl-thread1] TRACE segmented.SegmentedRaftLogCache (AutoCloseableReadWriteLock.java:logLocking(65)) - s0@group-E8AE2E048FCA: readLock RELEASED 0 by SegmentedRaftLogCache$LogSegmentList.getLast
2022-07-14 02:38:07,568 [s0-impl-thread1] TRACE segmented.SegmentedRaftLogCache (SegmentedRaftLogCache.java:setOpenSegment(450)) - s0@group-E8AE2E048FCA-SegmentedRaftLogCache: setOpenSegment to log_inprogress_0
2022-07-14 02:38:07,568 [s0-impl-thread1] TRACE segmented.SegmentedRaftLogCache (AutoCloseableReadWriteLock.java:logLocking(65)) - s0@group-E8AE2E048FCA: readLock ACQUIRED 1 by SegmentedRaftLogCache$LogSegmentList.isEmpty
2022-07-14 02:38:07,568 [s0-impl-thread1] TRACE segmented.SegmentedRaftLogCache (AutoCloseableReadWriteLock.java:logLocking(65)) - s0@group-E8AE2E048FCA: readLock RELEASED 0 by SegmentedRaftLogCache$LogSegmentList.isEmpty
2022-07-14 02:38:07,568 [s0-impl-thread1] TRACE segmented.SegmentedRaftLogCache (AutoCloseableReadWriteLock.java:logLocking(65)) - s0@group-E8AE2E048FCA: readLock ACQUIRED 1 by SegmentedRaftLogCache.getEndIndex
2022-07-14 02:38:07,568 [s0-impl-thread1] TRACE segmented.SegmentedRaftLogCache (AutoCloseableReadWriteLock.java:logLocking(65)) - s0@group-E8AE2E048FCA: readLock RELEASED 0 by SegmentedRaftLogCache.getEndIndex
2022-07-14 02:38:07,568 [s0-impl-thread1] TRACE segmented.SegmentedRaftLogCache (AutoCloseableReadWriteLock.java:logLocking(65)) - s0@group-E8AE2E048FCA: readLock ACQUIRED 1 by SegmentedRaftLogCache.getEndIndex
2022-07-14 02:38:07,568 [s0-impl-thread1] TRACE segmented.SegmentedRaftLogCache (AutoCloseableReadWriteLock.java:logLocking(65)) - s0@group-E8AE2E048FCA: readLock RELEASED 0 by SegmentedRaftLogCache.getEndIndex
2022-07-14 02:38:07,568 [s0-impl-thread1] TRACE segmented.SegmentedRaftLogCache (AutoCloseableReadWriteLock.java:logLocking(65)) - s0@group-E8AE2E048FCA: readLock ACQUIRED 1 by SegmentedRaftLogCache.getLastIndexInClosedSegments
2022-07-14 02:38:07,568 [s0-impl-thread1] TRACE segmented.SegmentedRaftLogCache (AutoCloseableReadWriteLock.java:logLocking(65)) -   s0@group-E8AE2E048FCA: readLock ACQUIRED 2 by SegmentedRaftLogCache$LogSegmentList.isEmpty
2022-07-14 02:38:07,569 [s0-impl-thread1] TRACE segmented.SegmentedRaftLogCache (AutoCloseableReadWriteLock.java:logLocking(65)) -   s0@group-E8AE2E048FCA: readLock RELEASED 1 by SegmentedRaftLogCache$LogSegmentList.isEmpty
2022-07-14 02:38:07,569 [s0-impl-thread1] TRACE segmented.SegmentedRaftLogCache (AutoCloseableReadWriteLock.java:logLocking(65)) - s0@group-E8AE2E048FCA: readLock RELEASED 0 by SegmentedRaftLogCache.getLastIndexInClosedSegments
2022-07-14 02:38:07,569 [s0-impl-thread1] INFO  segmented.SegmentedRaftLogWorker (SegmentedRaftLogWorker.java:lambda$new$0(135)) - s0@group-E8AE2E048FCA-SegmentedRaftLogWorker: flushIndex: setUnconditionally 0 -> 131
2022-07-14 02:38:07,569 [s0-impl-thread1] INFO  segmented.SegmentedRaftLogWorker (SegmentedRaftLogWorker.java:lambda$new$0(135)) - s0@group-E8AE2E048FCA-SegmentedRaftLogWorker: safeCacheEvictIndex: setUnconditionally 0 -> -1
2022-07-14 02:38:07,573 [s0-impl-thread1] INFO  raftlog.RaftLog (RaftLogBase.java:lambda$new$0(53)) - s0@group-E8AE2E048FCA-SegmentedRaftLog: commitIndex: updateToMax old=-1, new=129, updated? true
2022-07-14 02:38:07,573 [s0-impl-thread1] TRACE segmented.SegmentedRaftLogCache (AutoCloseableReadWriteLock.java:logLocking(65)) - s0@group-E8AE2E048FCA: readLock ACQUIRED 1 by SegmentedRaftLogCache.getStartIndex
2022-07-14 02:38:07,573 [s0-impl-thread1] TRACE segmented.SegmentedRaftLogCache (AutoCloseableReadWriteLock.java:logLocking(65)) -   s0@group-E8AE2E048FCA: readLock ACQUIRED 2 by SegmentedRaftLogCache$LogSegmentList.isEmpty
2022-07-14 02:38:07,573 [s0-impl-thread1] TRACE segmented.SegmentedRaftLogCache (AutoCloseableReadWriteLock.java:logLocking(65)) -   s0@group-E8AE2E048FCA: readLock RELEASED 1 by SegmentedRaftLogCache$LogSegmentList.isEmpty
2022-07-14 02:38:07,573 [s0-impl-thread1] TRACE segmented.SegmentedRaftLogCache (AutoCloseableReadWriteLock.java:logLocking(65)) - s0@group-E8AE2E048FCA: readLock RELEASED 0 by SegmentedRaftLogCache.getStartIndex
2022-07-14 02:38:07,573 [s0-impl-thread1] INFO  server.RaftServer$Division (RaftServerImpl.java:start(313)) - s0@group-E8AE2E048FCA: start as a follower, conf=0: [s0|rpc:localhost:37449|admin:localhost:41963|client:localhost:39721|dataStream:localhost:44703|priority:0], old=null
2022-07-14 02:38:07,573 [s0-impl-thread1] INFO  server.RaftServer$Division (RaftServerImpl.java:setRole(300)) - s0@group-E8AE2E048FCA: changes role from      null to FOLLOWER at term 1 for startAsFollower
2022-07-14 02:38:07,573 [s0-impl-thread1] INFO  impl.RoleInfo (RoleInfo.java:updateAndGet(139)) - s0: start s0@group-E8AE2E048FCA-FollowerState
2022-07-14 02:38:07,574 [s0-impl-thread1] INFO  util.JmxRegister (JmxRegister.java:tryRegister(44)) - Successfully registered JMX Bean with object name Ratis:service=RaftServer,group=group-E8AE2E048FCA,id=s0
2022-07-14 02:38:07,574 [s0-impl-thread1] INFO  server.RaftServerConfigKeys (ConfUtils.java:logGet(46)) - raft.server.snapshot.auto.trigger.enabled = false (default)
2022-07-14 02:38:07,574 [s0-impl-thread1] INFO  server.RaftServerConfigKeys (ConfUtils.java:logGet(46)) - raft.server.snapshot.retention.file.num = -1 (default)
2022-07-14 02:38:07,574 [s0-impl-thread1] INFO  server.RaftServerConfigKeys (ConfUtils.java:logGet(46)) - raft.server.log.purge.upto.snapshot.index = false (default)
2022-07-14 02:38:07,574 [Time-limited test] INFO  server.RaftServer (RaftServerProxy.java:startImpl(385)) - s0: start RPC server
2022-07-14 02:38:07,575 [s0@group-E8AE2E048FCA-StateMachineUpdater] INFO  statemachine.SimpleStateMachine4Testing (SimpleStateMachine4Testing.java:put(204)) - s0: put 1, m0 -> (t:1, i:1), STATEMACHINELOGENTRY, 328@client-4187B1F4E061
2022-07-14 02:38:07,575 [s0@group-E8AE2E048FCA-StateMachineUpdater] INFO  statemachine.SimpleStateMachine4Testing (SimpleStateMachine4Testing.java:put(204)) - s0: put 3, m1 -> (t:1, i:3), STATEMACHINELOGENTRY, 329@client-4187B1F4E061
2022-07-14 02:38:07,576 [s0@group-E8AE2E048FCA-StateMachineUpdater] INFO  statemachine.SimpleStateMachine4Testing (SimpleStateMachine4Testing.java:put(204)) - s0: put 5, m2 -> (t:1, i:5), STATEMACHINELOGENTRY, 330@client-4187B1F4E061
2022-07-14 02:38:07,576 [s0@group-E8AE2E048FCA-StateMachineUpdater] INFO  statemachine.SimpleStateMachine4Testing (SimpleStateMachine4Testing.java:put(204)) - s0: put 7, m3 -> (t:1, i:7), STATEMACHINELOGENTRY, 331@client-4187B1F4E061
2022-07-14 02:38:07,576 [s0@group-E8AE2E048FCA-StateMachineUpdater] INFO  statemachine.SimpleStateMachine4Testing (SimpleStateMachine4Testing.java:put(204)) - s0: put 9, m4 -> (t:1, i:9), STATEMACHINELOGENTRY, 332@client-4187B1F4E061
2022-07-14 02:38:07,577 [s0@group-E8AE2E048FCA-StateMachineUpdater] INFO  statemachine.SimpleStateMachine4Testing (SimpleStateMachine4Testing.java:put(204)) - s0: put 11, m5 -> (t:1, i:11), STATEMACHINELOGENTRY, 333@client-4187B1F4E061
2022-07-14 02:38:07,577 [s0@group-E8AE2E048FCA-StateMachineUpdater] INFO  statemachine.SimpleStateMachine4Testing (SimpleStateMachine4Testing.java:put(204)) - s0: put 13, m6 -> (t:1, i:13), STATEMACHINELOGENTRY, 334@client-4187B1F4E061
2022-07-14 02:38:07,577 [s0@group-E8AE2E048FCA-StateMachineUpdater] INFO  statemachine.SimpleStateMachine4Testing (SimpleStateMachine4Testing.java:put(204)) - s0: put 15, m7 -> (t:1, i:15), STATEMACHINELOGENTRY, 335@client-4187B1F4E061
2022-07-14 02:38:07,577 [s0@group-E8AE2E048FCA-StateMachineUpdater] INFO  statemachine.SimpleStateMachine4Testing (SimpleStateMachine4Testing.java:put(204)) - s0: put 17, m8 -> (t:1, i:17), STATEMACHINELOGENTRY, 336@client-4187B1F4E061
2022-07-14 02:38:07,577 [s0@group-E8AE2E048FCA-StateMachineUpdater] INFO  statemachine.SimpleStateMachine4Testing (SimpleStateMachine4Testing.java:put(204)) - s0: put 19, m9 -> (t:1, i:19), STATEMACHINELOGENTRY, 337@client-4187B1F4E061
2022-07-14 02:38:07,577 [s0@group-E8AE2E048FCA-StateMachineUpdater] INFO  statemachine.SimpleStateMachine4Testing (SimpleStateMachine4Testing.java:put(204)) - s0: put 21, m10 -> (t:1, i:21), STATEMACHINELOGENTRY, 338@client-4187B1F4E061
2022-07-14 02:38:07,577 [s0@group-E8AE2E048FCA-StateMachineUpdater] INFO  statemachine.SimpleStateMachine4Testing (SimpleStateMachine4Testing.java:put(204)) - s0: put 23, m11 -> (t:1, i:23), STATEMACHINELOGENTRY, 339@client-4187B1F4E061
2022-07-14 02:38:07,578 [s0@group-E8AE2E048FCA-StateMachineUpdater] INFO  statemachine.SimpleStateMachine4Testing (SimpleStateMachine4Testing.java:put(204)) - s0: put 25, m12 -> (t:1, i:25), STATEMACHINELOGENTRY, 340@client-4187B1F4E061
2022-07-14 02:38:07,578 [s0@group-E8AE2E048FCA-StateMachineUpdater] INFO  statemachine.SimpleStateMachine4Testing (SimpleStateMachine4Testing.java:put(204)) - s0: put 27, m13 -> (t:1, i:27), STATEMACHINELOGENTRY, 341@client-4187B1F4E061
2022-07-14 02:38:07,578 [s0@group-E8AE2E048FCA-StateMachineUpdater] INFO  statemachine.SimpleStateMachine4Testing (SimpleStateMachine4Testing.java:put(204)) - s0: put 29, m14 -> (t:1, i:29), STATEMACHINELOGENTRY, 342@client-4187B1F4E061
2022-07-14 02:38:07,578 [s0@group-E8AE2E048FCA-StateMachineUpdater] INFO  statemachine.SimpleStateMachine4Testing (SimpleStateMachine4Testing.java:put(204)) - s0: put 31, m15 -> (t:1, i:31), STATEMACHINELOGENTRY, 343@client-4187B1F4E061
2022-07-14 02:38:07,578 [s0@group-E8AE2E048FCA-StateMachineUpdater] INFO  statemachine.SimpleStateMachine4Testing (SimpleStateMachine4Testing.java:put(204)) - s0: put 33, m16 -> (t:1, i:33), STATEMACHINELOGENTRY, 344@client-4187B1F4E061
2022-07-14 02:38:07,578 [s0@group-E8AE2E048FCA-StateMachineUpdater] INFO  statemachine.SimpleStateMachine4Testing (SimpleStateMachine4Testing.java:put(204)) - s0: put 35, m17 -> (t:1, i:35), STATEMACHINELOGENTRY, 345@client-4187B1F4E061
2022-07-14 02:38:07,583 [s0@group-E8AE2E048FCA-StateMachineUpdater] INFO  statemachine.SimpleStateMachine4Testing (SimpleStateMachine4Testing.java:put(204)) - s0: put 37, m18 -> (t:1, i:37), STATEMACHINELOGENTRY, 346@client-4187B1F4E061
2022-07-14 02:38:07,586 [s0@group-E8AE2E048FCA-StateMachineUpdater] INFO  statemachine.SimpleStateMachine4Testing (SimpleStateMachine4Testing.java:put(204)) - s0: put 39, m19 -> (t:1, i:39), STATEMACHINELOGENTRY, 347@client-4187B1F4E061
2022-07-14 02:38:07,586 [s0@group-E8AE2E048FCA-StateMachineUpdater] INFO  statemachine.SimpleStateMachine4Testing (SimpleStateMachine4Testing.java:put(204)) - s0: put 41, m20 -> (t:1, i:41), STATEMACHINELOGENTRY, 348@client-4187B1F4E061
2022-07-14 02:38:07,586 [s0@group-E8AE2E048FCA-StateMachineUpdater] INFO  statemachine.SimpleStateMachine4Testing (SimpleStateMachine4Testing.java:put(204)) - s0: put 43, m21 -> (t:1, i:43), STATEMACHINELOGENTRY, 349@client-4187B1F4E061
2022-07-14 02:38:07,586 [s0@group-E8AE2E048FCA-StateMachineUpdater] INFO  statemachine.SimpleStateMachine4Testing (SimpleStateMachine4Testing.java:put(204)) - s0: put 45, m22 -> (t:1, i:45), STATEMACHINELOGENTRY, 350@client-4187B1F4E061
2022-07-14 02:38:07,586 [s0@group-E8AE2E048FCA-StateMachineUpdater] INFO  statemachine.SimpleStateMachine4Testing (SimpleStateMachine4Testing.java:put(204)) - s0: put 47, m23 -> (t:1, i:47), STATEMACHINELOGENTRY, 351@client-4187B1F4E061
2022-07-14 02:38:07,586 [s0@group-E8AE2E048FCA-StateMachineUpdater] INFO  statemachine.SimpleStateMachine4Testing (SimpleStateMachine4Testing.java:put(204)) - s0: put 49, m24 -> (t:1, i:49), STATEMACHINELOGENTRY, 352@client-4187B1F4E061
2022-07-14 02:38:07,587 [s0@group-E8AE2E048FCA-StateMachineUpdater] INFO  statemachine.SimpleStateMachine4Testing (SimpleStateMachine4Testing.java:put(204)) - s0: put 51, m25 -> (t:1, i:51), STATEMACHINELOGENTRY, 353@client-4187B1F4E061
2022-07-14 02:38:07,587 [s0@group-E8AE2E048FCA-StateMachineUpdater] INFO  statemachine.SimpleStateMachine4Testing (SimpleStateMachine4Testing.java:put(204)) - s0: put 53, m26 -> (t:1, i:53), STATEMACHINELOGENTRY, 354@client-4187B1F4E061
2022-07-14 02:38:07,587 [s0@group-E8AE2E048FCA-StateMachineUpdater] INFO  statemachine.SimpleStateMachine4Testing (SimpleStateMachine4Testing.java:put(204)) - s0: put 55, m27 -> (t:1, i:55), STATEMACHINELOGENTRY, 355@client-4187B1F4E061
2022-07-14 02:38:07,587 [s0@group-E8AE2E048FCA-StateMachineUpdater] INFO  statemachine.SimpleStateMachine4Testing (SimpleStateMachine4Testing.java:put(204)) - s0: put 57, m28 -> (t:1, i:57), STATEMACHINELOGENTRY, 356@client-4187B1F4E061
2022-07-14 02:38:07,587 [s0@group-E8AE2E048FCA-StateMachineUpdater] INFO  statemachine.SimpleStateMachine4Testing (SimpleStateMachine4Testing.java:put(204)) - s0: put 59, m29 -> (t:1, i:59), STATEMACHINELOGENTRY, 357@client-4187B1F4E061
2022-07-14 02:38:07,587 [s0@group-E8AE2E048FCA-StateMachineUpdater] INFO  statemachine.SimpleStateMachine4Testing (SimpleStateMachine4Testing.java:put(204)) - s0: put 61, m30 -> (t:1, i:61), STATEMACHINELOGENTRY, 358@client-4187B1F4E061
2022-07-14 02:38:07,587 [s0@group-E8AE2E048FCA-StateMachineUpdater] INFO  statemachine.SimpleStateMachine4Testing (SimpleStateMachine4Testing.java:put(204)) - s0: put 63, m31 -> (t:1, i:63), STATEMACHINELOGENTRY, 359@client-4187B1F4E061
2022-07-14 02:38:07,587 [s0@group-E8AE2E048FCA-StateMachineUpdater] INFO  statemachine.SimpleStateMachine4Testing (SimpleStateMachine4Testing.java:put(204)) - s0: put 65, m32 -> (t:1, i:65), STATEMACHINELOGENTRY, 360@client-4187B1F4E061
2022-07-14 02:38:07,588 [s0@group-E8AE2E048FCA-StateMachineUpdater] INFO  statemachine.SimpleStateMachine4Testing (SimpleStateMachine4Testing.java:put(204)) - s0: put 67, m33 -> (t:1, i:67), STATEMACHINELOGENTRY, 361@client-4187B1F4E061
2022-07-14 02:38:07,588 [s0@group-E8AE2E048FCA-StateMachineUpdater] INFO  statemachine.SimpleStateMachine4Testing (SimpleStateMachine4Testing.java:put(204)) - s0: put 69, m34 -> (t:1, i:69), STATEMACHINELOGENTRY, 362@client-4187B1F4E061
2022-07-14 02:38:07,588 [s0@group-E8AE2E048FCA-StateMachineUpdater] INFO  statemachine.SimpleStateMachine4Testing (SimpleStateMachine4Testing.java:put(204)) - s0: put 71, m35 -> (t:1, i:71), STATEMACHINELOGENTRY, 363@client-4187B1F4E061
2022-07-14 02:38:07,588 [s0@group-E8AE2E048FCA-StateMachineUpdater] INFO  statemachine.SimpleStateMachine4Testing (SimpleStateMachine4Testing.java:put(204)) - s0: put 73, m36 -> (t:1, i:73), STATEMACHINELOGENTRY, 364@client-4187B1F4E061
2022-07-14 02:38:07,588 [s0@group-E8AE2E048FCA-StateMachineUpdater] INFO  statemachine.SimpleStateMachine4Testing (SimpleStateMachine4Testing.java:put(204)) - s0: put 75, m37 -> (t:1, i:75), STATEMACHINELOGENTRY, 365@client-4187B1F4E061
2022-07-14 02:38:07,588 [s0@group-E8AE2E048FCA-StateMachineUpdater] INFO  statemachine.SimpleStateMachine4Testing (SimpleStateMachine4Testing.java:put(204)) - s0: put 77, m38 -> (t:1, i:77), STATEMACHINELOGENTRY, 366@client-4187B1F4E061
2022-07-14 02:38:07,588 [s0@group-E8AE2E048FCA-StateMachineUpdater] INFO  statemachine.SimpleStateMachine4Testing (SimpleStateMachine4Testing.java:put(204)) - s0: put 79, m39 -> (t:1, i:79), STATEMACHINELOGENTRY, 367@client-4187B1F4E061
2022-07-14 02:38:07,588 [s0@group-E8AE2E048FCA-StateMachineUpdater] INFO  statemachine.SimpleStateMachine4Testing (SimpleStateMachine4Testing.java:put(204)) - s0: put 81, m40 -> (t:1, i:81), STATEMACHINELOGENTRY, 368@client-4187B1F4E061
2022-07-14 02:38:07,588 [s0@group-E8AE2E048FCA-StateMachineUpdater] INFO  statemachine.SimpleStateMachine4Testing (SimpleStateMachine4Testing.java:put(204)) - s0: put 83, m41 -> (t:1, i:83), STATEMACHINELOGENTRY, 369@client-4187B1F4E061
2022-07-14 02:38:07,589 [s0@group-E8AE2E048FCA-StateMachineUpdater] INFO  statemachine.SimpleStateMachine4Testing (SimpleStateMachine4Testing.java:put(204)) - s0: put 85, m42 -> (t:1, i:85), STATEMACHINELOGENTRY, 370@client-4187B1F4E061
2022-07-14 02:38:07,589 [s0@group-E8AE2E048FCA-StateMachineUpdater] INFO  statemachine.SimpleStateMachine4Testing (SimpleStateMachine4Testing.java:put(204)) - s0: put 87, m43 -> (t:1, i:87), STATEMACHINELOGENTRY, 371@client-4187B1F4E061
2022-07-14 02:38:07,589 [s0@group-E8AE2E048FCA-StateMachineUpdater] INFO  statemachine.SimpleStateMachine4Testing (SimpleStateMachine4Testing.java:put(204)) - s0: put 89, m44 -> (t:1, i:89), STATEMACHINELOGENTRY, 372@client-4187B1F4E061
2022-07-14 02:38:07,589 [s0@group-E8AE2E048FCA-StateMachineUpdater] INFO  statemachine.SimpleStateMachine4Testing (SimpleStateMachine4Testing.java:put(204)) - s0: put 91, m45 -> (t:1, i:91), STATEMACHINELOGENTRY, 373@client-4187B1F4E061
2022-07-14 02:38:07,589 [s0@group-E8AE2E048FCA-StateMachineUpdater] INFO  statemachine.SimpleStateMachine4Testing (SimpleStateMachine4Testing.java:put(204)) - s0: put 93, m46 -> (t:1, i:93), STATEMACHINELOGENTRY, 374@client-4187B1F4E061
2022-07-14 02:38:07,589 [s0@group-E8AE2E048FCA-StateMachineUpdater] INFO  statemachine.SimpleStateMachine4Testing (SimpleStateMachine4Testing.java:put(204)) - s0: put 95, m47 -> (t:1, i:95), STATEMACHINELOGENTRY, 375@client-4187B1F4E061
2022-07-14 02:38:07,589 [s0@group-E8AE2E048FCA-StateMachineUpdater] INFO  statemachine.SimpleStateMachine4Testing (SimpleStateMachine4Testing.java:put(204)) - s0: put 97, m48 -> (t:1, i:97), STATEMACHINELOGENTRY, 376@client-4187B1F4E061
2022-07-14 02:38:07,589 [s0@group-E8AE2E048FCA-StateMachineUpdater] INFO  statemachine.SimpleStateMachine4Testing (SimpleStateMachine4Testing.java:put(204)) - s0: put 99, m49 -> (t:1, i:99), STATEMACHINELOGENTRY, 377@client-4187B1F4E061
2022-07-14 02:38:07,589 [s0@group-E8AE2E048FCA-StateMachineUpdater] INFO  statemachine.SimpleStateMachine4Testing (SimpleStateMachine4Testing.java:put(204)) - s0: put 101, m50 -> (t:1, i:101), STATEMACHINELOGENTRY, 378@client-4187B1F4E061
2022-07-14 02:38:07,590 [s0@group-E8AE2E048FCA-StateMachineUpdater] INFO  statemachine.SimpleStateMachine4Testing (SimpleStateMachine4Testing.java:put(204)) - s0: put 103, m51 -> (t:1, i:103), STATEMACHINELOGENTRY, 379@client-4187B1F4E061
2022-07-14 02:38:07,590 [s0@group-E8AE2E048FCA-StateMachineUpdater] INFO  statemachine.SimpleStateMachine4Testing (SimpleStateMachine4Testing.java:put(204)) - s0: put 105, m52 -> (t:1, i:105), STATEMACHINELOGENTRY, 380@client-4187B1F4E061
2022-07-14 02:38:07,590 [s0@group-E8AE2E048FCA-StateMachineUpdater] INFO  statemachine.SimpleStateMachine4Testing (SimpleStateMachine4Testing.java:put(204)) - s0: put 107, m53 -> (t:1, i:107), STATEMACHINELOGENTRY, 381@client-4187B1F4E061
2022-07-14 02:38:07,590 [s0@group-E8AE2E048FCA-StateMachineUpdater] INFO  statemachine.SimpleStateMachine4Testing (SimpleStateMachine4Testing.java:put(204)) - s0: put 109, m54 -> (t:1, i:109), STATEMACHINELOGENTRY, 382@client-4187B1F4E061
2022-07-14 02:38:07,590 [s0@group-E8AE2E048FCA-StateMachineUpdater] INFO  statemachine.SimpleStateMachine4Testing (SimpleStateMachine4Testing.java:put(204)) - s0: put 111, m55 -> (t:1, i:111), STATEMACHINELOGENTRY, 383@client-4187B1F4E061
2022-07-14 02:38:07,590 [s0@group-E8AE2E048FCA-StateMachineUpdater] INFO  statemachine.SimpleStateMachine4Testing (SimpleStateMachine4Testing.java:put(204)) - s0: put 113, m56 -> (t:1, i:113), STATEMACHINELOGENTRY, 384@client-4187B1F4E061
2022-07-14 02:38:07,590 [s0@group-E8AE2E048FCA-StateMachineUpdater] INFO  statemachine.SimpleStateMachine4Testing (SimpleStateMachine4Testing.java:put(204)) - s0: put 115, m57 -> (t:1, i:115), STATEMACHINELOGENTRY, 385@client-4187B1F4E061
2022-07-14 02:38:07,590 [s0@group-E8AE2E048FCA-StateMachineUpdater] INFO  statemachine.SimpleStateMachine4Testing (SimpleStateMachine4Testing.java:put(204)) - s0: put 117, m58 -> (t:1, i:117), STATEMACHINELOGENTRY, 386@client-4187B1F4E061
2022-07-14 02:38:07,590 [s0@group-E8AE2E048FCA-StateMachineUpdater] INFO  statemachine.SimpleStateMachine4Testing (SimpleStateMachine4Testing.java:put(204)) - s0: put 119, m59 -> (t:1, i:119), STATEMACHINELOGENTRY, 387@client-4187B1F4E061
2022-07-14 02:38:07,590 [s0@group-E8AE2E048FCA-StateMachineUpdater] INFO  statemachine.SimpleStateMachine4Testing (SimpleStateMachine4Testing.java:put(204)) - s0: put 121, m60 -> (t:1, i:121), STATEMACHINELOGENTRY, 388@client-4187B1F4E061
2022-07-14 02:38:07,591 [s0@group-E8AE2E048FCA-StateMachineUpdater] INFO  statemachine.SimpleStateMachine4Testing (SimpleStateMachine4Testing.java:put(204)) - s0: put 123, m61 -> (t:1, i:123), STATEMACHINELOGENTRY, 389@client-4187B1F4E061
2022-07-14 02:38:07,591 [s0@group-E8AE2E048FCA-StateMachineUpdater] INFO  statemachine.SimpleStateMachine4Testing (SimpleStateMachine4Testing.java:put(204)) - s0: put 125, m62 -> (t:1, i:125), STATEMACHINELOGENTRY, 390@client-4187B1F4E061
2022-07-14 02:38:07,591 [s0@group-E8AE2E048FCA-StateMachineUpdater] INFO  statemachine.SimpleStateMachine4Testing (SimpleStateMachine4Testing.java:put(204)) - s0: put 127, m63 -> (t:1, i:127), STATEMACHINELOGENTRY, 391@client-4187B1F4E061
2022-07-14 02:38:07,591 [s0@group-E8AE2E048FCA-StateMachineUpdater] INFO  statemachine.SimpleStateMachine4Testing (SimpleStateMachine4Testing.java:put(204)) - s0: put 129, m64 -> (t:1, i:129), STATEMACHINELOGENTRY, 392@client-4187B1F4E061
2022-07-14 02:38:07,591 [Time-limited test] INFO  simulation.TestServerRestartWithSimulatedRpc (BaseTest.java:testFailureCase(151)) - run 'last-entry-not-found'
2022-07-14 02:38:07,592 [org.apache.ratis.util.JvmPauseMonitor$$Lambda$260/812557502@d5002f3] INFO  util.JvmPauseMonitor (JvmPauseMonitor.java:run(103)) - JvmPauseMonitor-s0: Started
2022-07-14 02:38:07,757 [s0@group-E8AE2E048FCA-FollowerState] INFO  impl.FollowerState (FollowerState.java:run(143)) - s0@group-E8AE2E048FCA-FollowerState: change to CANDIDATE, lastRpcElapsedTime:184092965ns, electionTimeout:183ms
2022-07-14 02:38:07,758 [s0@group-E8AE2E048FCA-FollowerState] INFO  impl.RoleInfo (RoleInfo.java:shutdownFollowerState(110)) - s0: shutdown s0@group-E8AE2E048FCA-FollowerState
2022-07-14 02:38:07,758 [s0@group-E8AE2E048FCA-FollowerState] INFO  server.RaftServer$Division (RaftServerImpl.java:setRole(300)) - s0@group-E8AE2E048FCA: changes role from  FOLLOWER to CANDIDATE at term 1 for changeToCandidate
2022-07-14 02:38:07,758 [s0@group-E8AE2E048FCA-FollowerState] INFO  server.RaftServerConfigKeys (ConfUtils.java:logGet(46)) - raft.server.leaderelection.pre-vote = true (default)
2022-07-14 02:38:07,758 [s0@group-E8AE2E048FCA-FollowerState] INFO  impl.RoleInfo (RoleInfo.java:updateAndGet(139)) - s0: start s0@group-E8AE2E048FCA-LeaderElection10
2022-07-14 02:38:07,759 [s0@group-E8AE2E048FCA-LeaderElection10] INFO  impl.LeaderElection (LeaderElection.java:askForVotes(310)) - s0@group-E8AE2E048FCA-LeaderElection10 PRE_VOTE round 0: submit vote requests at term 1 for 0: [s0|rpc:localhost:37449|admin:localhost:41963|client:localhost:39721|dataStream:localhost:44703|priority:0], old=null
2022-07-14 02:38:07,759 [s0@group-E8AE2E048FCA-LeaderElection10] INFO  impl.LeaderElection (LeaderElection.java:askForVotes(312)) - s0@group-E8AE2E048FCA-LeaderElection10 PRE_VOTE round 0: result PASSED (term=1)
2022-07-14 02:38:07,762 [s0@group-E8AE2E048FCA-LeaderElection10] INFO  impl.LeaderElection (LeaderElection.java:askForVotes(310)) - s0@group-E8AE2E048FCA-LeaderElection10 ELECTION round 0: submit vote requests at term 2 for 0: [s0|rpc:localhost:37449|admin:localhost:41963|client:localhost:39721|dataStream:localhost:44703|priority:0], old=null
2022-07-14 02:38:07,762 [s0@group-E8AE2E048FCA-LeaderElection10] INFO  impl.LeaderElection (LeaderElection.java:askForVotes(312)) - s0@group-E8AE2E048FCA-LeaderElection10 ELECTION round 0: result PASSED (term=2)
2022-07-14 02:38:07,762 [s0@group-E8AE2E048FCA-LeaderElection10] INFO  impl.RoleInfo (RoleInfo.java:shutdownLeaderElection(130)) - s0: shutdown s0@group-E8AE2E048FCA-LeaderElection10
2022-07-14 02:38:07,762 [s0@group-E8AE2E048FCA-LeaderElection10] INFO  server.RaftServer$Division (RaftServerImpl.java:setRole(300)) - s0@group-E8AE2E048FCA: changes role from CANDIDATE to LEADER at term 2 for changeToLeader
2022-07-14 02:38:07,762 [s0@group-E8AE2E048FCA-LeaderElection10] INFO  server.RaftServer$Division (ServerState.java:setLeader(304)) - s0@group-E8AE2E048FCA: change Leader from null to s0 at term 2 for becomeLeader, leader elected after 207ms
2022-07-14 02:38:07,762 [s0@group-E8AE2E048FCA-LeaderElection10] INFO  server.RaftServerConfigKeys (ConfUtils.java:logGet(46)) - raft.server.staging.catchup.gap = 1000 (default)
2022-07-14 02:38:07,762 [s0@group-E8AE2E048FCA-LeaderElection10] INFO  server.RaftServerConfigKeys (ConfUtils.java:logGet(46)) - raft.server.write.element-limit = 4096 (default)
2022-07-14 02:38:07,762 [s0@group-E8AE2E048FCA-LeaderElection10] INFO  server.RaftServerConfigKeys (ConfUtils.java:logGet(46)) - raft.server.write.byte-limit = 64MB (=67108864) (default)
2022-07-14 02:38:07,763 [s0@group-E8AE2E048FCA-LeaderElection10] INFO  server.RaftServerConfigKeys (ConfUtils.java:logGet(46)) - raft.server.watch.timeout = 10s (default)
2022-07-14 02:38:07,763 [s0@group-E8AE2E048FCA-LeaderElection10] INFO  server.RaftServerConfigKeys (ConfUtils.java:logGet(46)) - raft.server.watch.timeout.denomination = 1s (default)
2022-07-14 02:38:07,763 [s0@group-E8AE2E048FCA-LeaderElection10] INFO  server.RaftServerConfigKeys (ConfUtils.java:logGet(46)) - raft.server.watch.element-limit = 65536 (default)
2022-07-14 02:38:07,763 [s0@group-E8AE2E048FCA-LeaderElection10] INFO  server.RaftServerConfigKeys (ConfUtils.java:logGet(46)) - raft.server.write.element-limit = 4096 (default)
2022-07-14 02:38:07,763 [s0@group-E8AE2E048FCA-LeaderElection10] INFO  server.RaftServerConfigKeys (ConfUtils.java:logGet(46)) - raft.server.write.follower.gap.ratio.max = -1.0 (default)
2022-07-14 02:38:07,763 [s0@group-E8AE2E048FCA-LeaderElection10] TRACE segmented.SegmentedRaftLogCache (AutoCloseableReadWriteLock.java:logLocking(65)) - s0@group-E8AE2E048FCA: readLock ACQUIRED 1 by SegmentedRaftLogCache.getLastTermIndex
2022-07-14 02:38:07,763 [s0@group-E8AE2E048FCA-LeaderElection10] TRACE segmented.SegmentedRaftLogCache (AutoCloseableReadWriteLock.java:logLocking(65)) - s0@group-E8AE2E048FCA: readLock RELEASED 0 by SegmentedRaftLogCache.getLastTermIndex
2022-07-14 02:38:07,763 [s0@group-E8AE2E048FCA-LeaderElection10] INFO  impl.RoleInfo (RoleInfo.java:updateAndGet(139)) - s0: start s0@group-E8AE2E048FCA-LeaderStateImpl
2022-07-14 02:38:07,763 [s0@group-E8AE2E048FCA-LeaderElection10] TRACE segmented.SegmentedRaftLogCache (AutoCloseableReadWriteLock.java:logLocking(65)) - s0@group-E8AE2E048FCA: readLock ACQUIRED 1 by SegmentedRaftLogCache.getLastTermIndex
2022-07-14 02:38:07,763 [s0@group-E8AE2E048FCA-LeaderElection10] TRACE segmented.SegmentedRaftLogCache (AutoCloseableReadWriteLock.java:logLocking(65)) - s0@group-E8AE2E048FCA: readLock RELEASED 0 by SegmentedRaftLogCache.getLastTermIndex
2022-07-14 02:38:07,763 [s0@group-E8AE2E048FCA-LeaderElection10] TRACE segmented.SegmentedRaftLogCache (AutoCloseableReadWriteLock.java:logLocking(65)) - s0@group-E8AE2E048FCA: readLock ACQUIRED 1 by SegmentedRaftLogCache.computeTruncateIndices
2022-07-14 02:38:07,763 [s0@group-E8AE2E048FCA-LeaderElection10] TRACE segmented.SegmentedRaftLogCache (AutoCloseableReadWriteLock.java:logLocking(65)) -   s0@group-E8AE2E048FCA: readLock ACQUIRED 2 by SegmentedRaftLogCache$LogSegmentList.binarySearch
2022-07-14 02:38:07,763 [s0@group-E8AE2E048FCA-LeaderElection10] TRACE segmented.SegmentedRaftLogCache (AutoCloseableReadWriteLock.java:logLocking(65)) -   s0@group-E8AE2E048FCA: readLock RELEASED 1 by SegmentedRaftLogCache$LogSegmentList.binarySearch
2022-07-14 02:38:07,764 [s0@group-E8AE2E048FCA-LeaderElection10] TRACE segmented.SegmentedRaftLogCache (AutoCloseableReadWriteLock.java:logLocking(65)) -   s0@group-E8AE2E048FCA: readLock ACQUIRED 2 by SegmentedRaftLogCache$LogSegmentList.size
2022-07-14 02:38:07,764 [s0@group-E8AE2E048FCA-LeaderElection10] TRACE segmented.SegmentedRaftLogCache (AutoCloseableReadWriteLock.java:logLocking(65)) -   s0@group-E8AE2E048FCA: readLock RELEASED 1 by SegmentedRaftLogCache$LogSegmentList.size
2022-07-14 02:38:07,764 [s0@group-E8AE2E048FCA-LeaderElection10] TRACE segmented.SegmentedRaftLogCache (AutoCloseableReadWriteLock.java:logLocking(65)) - s0@group-E8AE2E048FCA: readLock RELEASED 0 by SegmentedRaftLogCache.computeTruncateIndices
2022-07-14 02:38:07,764 [s0@group-E8AE2E048FCA-LeaderElection10] DEBUG raftlog.RaftLog (SegmentedRaftLog.java:appendImpl(447)) - truncateIndex=-1, arrayIndex=0
2022-07-14 02:38:07,764 [s0@group-E8AE2E048FCA-LeaderElection10] TRACE segmented.SegmentedRaftLogCache (AutoCloseableReadWriteLock.java:logLocking(65)) - s0@group-E8AE2E048FCA: readLock ACQUIRED 1 by SegmentedRaftLogCache.getLastTermIndex
2022-07-14 02:38:07,764 [s0@group-E8AE2E048FCA-LeaderElection10] TRACE segmented.SegmentedRaftLogCache (AutoCloseableReadWriteLock.java:logLocking(65)) - s0@group-E8AE2E048FCA: readLock RELEASED 0 by SegmentedRaftLogCache.getLastTermIndex
2022-07-14 02:38:07,764 [s0@group-E8AE2E048FCA-LeaderElection10] TRACE segmented.SegmentedRaftLogCache (AutoCloseableReadWriteLock.java:logLocking(65)) - s0@group-E8AE2E048FCA: writeLock ACQUIRED 1 by SegmentedRaftLogCache$LogSegmentList.add
2022-07-14 02:38:07,764 [s0@group-E8AE2E048FCA-LeaderElection10] TRACE segmented.SegmentedRaftLogCache (AutoCloseableReadWriteLock.java:logLocking(65)) - s0@group-E8AE2E048FCA: writeLock RELEASED 0 by SegmentedRaftLogCache$LogSegmentList.add
2022-07-14 02:38:07,764 [s0@group-E8AE2E048FCA-LeaderElection10] TRACE segmented.SegmentedRaftLogCache (SegmentedRaftLogCache.java:clearOpenSegment(456)) - s0@group-E8AE2E048FCA-SegmentedRaftLogCache: clearOpenSegment log-0_131
2022-07-14 02:38:07,764 [s0@group-E8AE2E048FCA-LeaderElection10] TRACE segmented.SegmentedRaftLogCache (SegmentedRaftLogCache.java:setOpenSegment(450)) - s0@group-E8AE2E048FCA-SegmentedRaftLogCache: setOpenSegment to log_inprogress_132
2022-07-14 02:38:07,764 [s0@group-E8AE2E048FCA-LeaderElection10] INFO  segmented.SegmentedRaftLogWorker (SegmentedRaftLogWorker.java:rollLogSegment(430)) - s0@group-E8AE2E048FCA-SegmentedRaftLogWorker: Rolling segment log-0_131 to index:131
2022-07-14 02:38:07,764 [s0@group-E8AE2E048FCA-LeaderElection10] DEBUG segmented.SegmentedRaftLogWorker (SegmentedRaftLogWorker.java:addIOTask(270)) - s0@group-E8AE2E048FCA-SegmentedRaftLogWorker adds IO task FinalizeLogSegment:131: startIndex=0 endIndex=131
2022-07-14 02:38:07,764 [s0@group-E8AE2E048FCA-LeaderElection10] DEBUG segmented.SegmentedRaftLogWorker (SegmentedRaftLogWorker.java:addIOTask(270)) - s0@group-E8AE2E048FCA-SegmentedRaftLogWorker adds IO task StartLogSegment:132
2022-07-14 02:38:07,765 [s0@group-E8AE2E048FCA-LeaderElection10] TRACE segmented.SegmentedRaftLogCache (AutoCloseableReadWriteLock.java:logLocking(65)) - s0@group-E8AE2E048FCA: readLock ACQUIRED 1 by SegmentedRaftLogCache$LogSegmentList.countCached
2022-07-14 02:38:07,765 [s0@group-E8AE2E048FCA-LeaderElection10] TRACE segmented.SegmentedRaftLogCache (AutoCloseableReadWriteLock.java:logLocking(65)) - s0@group-E8AE2E048FCA: readLock RELEASED 0 by SegmentedRaftLogCache$LogSegmentList.countCached
2022-07-14 02:38:07,765 [s0@group-E8AE2E048FCA-LeaderElection10] TRACE segmented.SegmentedRaftLogCache (AutoCloseableReadWriteLock.java:logLocking(65)) - s0@group-E8AE2E048FCA: readLock ACQUIRED 1 by SegmentedRaftLogCache$LogSegmentList.getTotalCacheSize
2022-07-14 02:38:07,765 [s0@group-E8AE2E048FCA-LeaderElection10] TRACE segmented.SegmentedRaftLogCache (AutoCloseableReadWriteLock.java:logLocking(65)) - s0@group-E8AE2E048FCA: readLock RELEASED 0 by SegmentedRaftLogCache$LogSegmentList.getTotalCacheSize
2022-07-14 02:38:07,765 [s0@group-E8AE2E048FCA-LeaderElection10] DEBUG segmented.SegmentedRaftLogWorker (SegmentedRaftLogWorker.java:addIOTask(270)) - s0@group-E8AE2E048FCA-SegmentedRaftLogWorker adds IO task WriteLog:132: (t:2, i:132), CONFIGURATIONENTRY
2022-07-14 02:38:07,765 [s0@group-E8AE2E048FCA-SegmentedRaftLogWorker] TRACE util.FileUtils (LogUtils.java:runAndLog(49)) - Successfully ran Files.move /home/runner/work/ratis/ratis/ratis-test/target/test/data/f69c223b/MiniRaftClusterWithSimulatedRpc37250022/s0/24813b6b-21de-410f-95d3-e8ae2e048fca/current/log_inprogress_0 to /home/runner/work/ratis/ratis/ratis-test/target/test/data/f69c223b/MiniRaftClusterWithSimulatedRpc37250022/s0/24813b6b-21de-410f-95d3-e8ae2e048fca/current/log_0-131
2022-07-14 02:38:07,765 [s0@group-E8AE2E048FCA-SegmentedRaftLogWorker] INFO  segmented.SegmentedRaftLogWorker (SegmentedRaftLogWorker.java:execute(586)) - s0@group-E8AE2E048FCA-SegmentedRaftLogWorker: Rolled log segment from /home/runner/work/ratis/ratis/ratis-test/target/test/data/f69c223b/MiniRaftClusterWithSimulatedRpc37250022/s0/24813b6b-21de-410f-95d3-e8ae2e048fca/current/log_inprogress_0 to /home/runner/work/ratis/ratis/ratis-test/target/test/data/f69c223b/MiniRaftClusterWithSimulatedRpc37250022/s0/24813b6b-21de-410f-95d3-e8ae2e048fca/current/log_0-131
2022-07-14 02:38:07,766 [s0@group-E8AE2E048FCA-LeaderElection10] INFO  server.RaftServer$Division (ServerState.java:setRaftConf(420)) - s0@group-E8AE2E048FCA: set configuration 132: [s0|rpc:localhost:37449|admin:localhost:41963|client:localhost:39721|dataStream:localhost:44703|priority:0], old=null
2022-07-14 02:38:07,766 [s0@group-E8AE2E048FCA-LeaderStateImpl] TRACE segmented.SegmentedRaftLogCache (AutoCloseableReadWriteLock.java:logLocking(65)) - s0@group-E8AE2E048FCA: readLock ACQUIRED 1 by SegmentedRaftLogCache.getStartIndex
2022-07-14 02:38:07,766 [s0@group-E8AE2E048FCA-LeaderStateImpl] TRACE segmented.SegmentedRaftLogCache (AutoCloseableReadWriteLock.java:logLocking(65)) -   s0@group-E8AE2E048FCA: readLock ACQUIRED 2 by SegmentedRaftLogCache$LogSegmentList.isEmpty
2022-07-14 02:38:07,766 [s0@group-E8AE2E048FCA-LeaderStateImpl] TRACE segmented.SegmentedRaftLogCache (AutoCloseableReadWriteLock.java:logLocking(65)) -   s0@group-E8AE2E048FCA: readLock RELEASED 1 by SegmentedRaftLogCache$LogSegmentList.isEmpty
2022-07-14 02:38:07,766 [s0@group-E8AE2E048FCA-LeaderStateImpl] TRACE segmented.SegmentedRaftLogCache (AutoCloseableReadWriteLock.java:logLocking(65)) -   s0@group-E8AE2E048FCA: readLock ACQUIRED 2 by SegmentedRaftLogCache$LogSegmentList.get
2022-07-14 02:38:07,766 [s0@group-E8AE2E048FCA-LeaderStateImpl] TRACE segmented.SegmentedRaftLogCache (AutoCloseableReadWriteLock.java:logLocking(65)) -   s0@group-E8AE2E048FCA: readLock RELEASED 1 by SegmentedRaftLogCache$LogSegmentList.get
2022-07-14 02:38:07,766 [s0@group-E8AE2E048FCA-LeaderStateImpl] TRACE segmented.SegmentedRaftLogCache (AutoCloseableReadWriteLock.java:logLocking(65)) - s0@group-E8AE2E048FCA: readLock RELEASED 0 by SegmentedRaftLogCache.getStartIndex
2022-07-14 02:38:07,766 [s0@group-E8AE2E048FCA-LeaderStateImpl] TRACE segmented.SegmentedRaftLogCache (AutoCloseableReadWriteLock.java:logLocking(65)) - s0@group-E8AE2E048FCA: readLock ACQUIRED 1 by SegmentedRaftLogCache.getEndIndex
2022-07-14 02:38:07,766 [s0@group-E8AE2E048FCA-LeaderStateImpl] TRACE segmented.SegmentedRaftLogCache (AutoCloseableReadWriteLock.java:logLocking(65)) - s0@group-E8AE2E048FCA: readLock RELEASED 0 by SegmentedRaftLogCache.getEndIndex
2022-07-14 02:38:07,766 [s0@group-E8AE2E048FCA-LeaderStateImpl] TRACE segmented.SegmentedRaftLogCache (AutoCloseableReadWriteLock.java:logLocking(65)) - s0@group-E8AE2E048FCA: readLock ACQUIRED 1 by SegmentedRaftLogCache$LogSegmentList.getTermIndex
2022-07-14 02:38:07,766 [s0@group-E8AE2E048FCA-LeaderStateImpl] TRACE segmented.SegmentedRaftLogCache (AutoCloseableReadWriteLock.java:logLocking(65)) - s0@group-E8AE2E048FCA: readLock RELEASED 0 by SegmentedRaftLogCache$LogSegmentList.getTermIndex
2022-07-14 02:38:07,766 [s0@group-E8AE2E048FCA-LeaderStateImpl] TRACE segmented.SegmentedRaftLogCache (AutoCloseableReadWriteLock.java:logLocking(65)) - s0@group-E8AE2E048FCA: readLock ACQUIRED 1 by SegmentedRaftLogCache$LogSegmentList.search
2022-07-14 02:38:07,767 [s0@group-E8AE2E048FCA-LeaderStateImpl] TRACE segmented.SegmentedRaftLogCache (AutoCloseableReadWriteLock.java:logLocking(65)) - s0@group-E8AE2E048FCA: readLock RELEASED 0 by SegmentedRaftLogCache$LogSegmentList.search
2022-07-14 02:38:07,768 [s0@group-E8AE2E048FCA-SegmentedRaftLogWorker] INFO  segmented.SegmentedRaftLogWorker (SegmentedRaftLogWorker.java:execute(629)) - s0@group-E8AE2E048FCA-SegmentedRaftLogWorker: created new log segment /home/runner/work/ratis/ratis/ratis-test/target/test/data/f69c223b/MiniRaftClusterWithSimulatedRpc37250022/s0/24813b6b-21de-410f-95d3-e8ae2e048fca/current/log_inprogress_132
2022-07-14 02:38:07,768 [s0@group-E8AE2E048FCA-SegmentedRaftLogWorker] DEBUG segmented.SegmentedRaftLogWorker (SegmentedRaftLogWorker.java:flushIfNecessary(365)) - s0@group-E8AE2E048FCA-SegmentedRaftLogWorker: flush SegmentedRaftLogOutputStream(/home/runner/work/ratis/ratis/ratis-test/target/test/data/f69c223b/MiniRaftClusterWithSimulatedRpc37250022/s0/24813b6b-21de-410f-95d3-e8ae2e048fca/current/log_inprogress_132)
2022-07-14 02:38:07,769 [s0@group-E8AE2E048FCA-LeaderStateImpl] TRACE segmented.SegmentedRaftLogCache (AutoCloseableReadWriteLock.java:logLocking(65)) - s0@group-E8AE2E048FCA: readLock ACQUIRED 1 by SegmentedRaftLogCache.getStartIndex
2022-07-14 02:38:07,769 [s0@group-E8AE2E048FCA-LeaderStateImpl] TRACE segmented.SegmentedRaftLogCache (AutoCloseableReadWriteLock.java:logLocking(65)) -   s0@group-E8AE2E048FCA: readLock ACQUIRED 2 by SegmentedRaftLogCache$LogSegmentList.isEmpty
2022-07-14 02:38:07,769 [s0@group-E8AE2E048FCA-LeaderStateImpl] TRACE segmented.SegmentedRaftLogCache (AutoCloseableReadWriteLock.java:logLocking(65)) -   s0@group-E8AE2E048FCA: readLock RELEASED 1 by SegmentedRaftLogCache$LogSegmentList.isEmpty
2022-07-14 02:38:07,769 [s0@group-E8AE2E048FCA-LeaderStateImpl] TRACE segmented.SegmentedRaftLogCache (AutoCloseableReadWriteLock.java:logLocking(65)) -   s0@group-E8AE2E048FCA: readLock ACQUIRED 2 by SegmentedRaftLogCache$LogSegmentList.get
2022-07-14 02:38:07,769 [s0@group-E8AE2E048FCA-LeaderStateImpl] TRACE segmented.SegmentedRaftLogCache (AutoCloseableReadWriteLock.java:logLocking(65)) -   s0@group-E8AE2E048FCA: readLock RELEASED 1 by SegmentedRaftLogCache$LogSegmentList.get
2022-07-14 02:38:07,769 [s0@group-E8AE2E048FCA-LeaderStateImpl] TRACE segmented.SegmentedRaftLogCache (AutoCloseableReadWriteLock.java:logLocking(65)) - s0@group-E8AE2E048FCA: readLock RELEASED 0 by SegmentedRaftLogCache.getStartIndex
2022-07-14 02:38:07,769 [s0@group-E8AE2E048FCA-LeaderStateImpl] TRACE segmented.SegmentedRaftLogCache (AutoCloseableReadWriteLock.java:logLocking(65)) - s0@group-E8AE2E048FCA: readLock ACQUIRED 1 by SegmentedRaftLogCache.getEndIndex
2022-07-14 02:38:07,769 [s0@group-E8AE2E048FCA-LeaderStateImpl] TRACE segmented.SegmentedRaftLogCache (AutoCloseableReadWriteLock.java:logLocking(65)) - s0@group-E8AE2E048FCA: readLock RELEASED 0 by SegmentedRaftLogCache.getEndIndex
2022-07-14 02:38:07,769 [s0@group-E8AE2E048FCA-LeaderStateImpl] TRACE segmented.SegmentedRaftLogCache (AutoCloseableReadWriteLock.java:logLocking(65)) - s0@group-E8AE2E048FCA: readLock ACQUIRED 1 by SegmentedRaftLogCache$LogSegmentList.getTermIndex
2022-07-14 02:38:07,769 [s0@group-E8AE2E048FCA-LeaderStateImpl] TRACE segmented.SegmentedRaftLogCache (AutoCloseableReadWriteLock.java:logLocking(65)) - s0@group-E8AE2E048FCA: readLock RELEASED 0 by SegmentedRaftLogCache$LogSegmentList.getTermIndex
2022-07-14 02:38:07,769 [s0@group-E8AE2E048FCA-LeaderStateImpl] TRACE segmented.SegmentedRaftLogCache (AutoCloseableReadWriteLock.java:logLocking(65)) - s0@group-E8AE2E048FCA: readLock ACQUIRED 1 by SegmentedRaftLogCache.getLastTermIndex
2022-07-14 02:38:07,769 [s0@group-E8AE2E048FCA-LeaderStateImpl] TRACE segmented.SegmentedRaftLogCache (AutoCloseableReadWriteLock.java:logLocking(65)) - s0@group-E8AE2E048FCA: readLock RELEASED 0 by SegmentedRaftLogCache.getLastTermIndex
2022-07-14 02:38:07,769 [s0@group-E8AE2E048FCA-LeaderStateImpl] TRACE segmented.SegmentedRaftLogCache (AutoCloseableReadWriteLock.java:logLocking(65)) - s0@group-E8AE2E048FCA: readLock ACQUIRED 1 by SegmentedRaftLogCache$LogSegmentList.countCached
2022-07-14 02:38:07,769 [s0@group-E8AE2E048FCA-LeaderStateImpl] TRACE segmented.SegmentedRaftLogCache (AutoCloseableReadWriteLock.java:logLocking(65)) - s0@group-E8AE2E048FCA: readLock RELEASED 0 by SegmentedRaftLogCache$LogSegmentList.countCached
2022-07-14 02:38:07,770 [s0@group-E8AE2E048FCA-LeaderStateImpl] TRACE segmented.SegmentedRaftLogCache (AutoCloseableReadWriteLock.java:logLocking(65)) - s0@group-E8AE2E048FCA: readLock ACQUIRED 1 by SegmentedRaftLogCache$LogSegmentList.getTotalCacheSize
2022-07-14 02:38:07,770 [s0@group-E8AE2E048FCA-LeaderStateImpl] TRACE segmented.SegmentedRaftLogCache (AutoCloseableReadWriteLock.java:logLocking(65)) - s0@group-E8AE2E048FCA: readLock RELEASED 0 by SegmentedRaftLogCache$LogSegmentList.getTotalCacheSize
2022-07-14 02:38:07,770 [s0@group-E8AE2E048FCA-LeaderStateImpl] DEBUG segmented.SegmentedRaftLogWorker (SegmentedRaftLogWorker.java:addIOTask(270)) - s0@group-E8AE2E048FCA-SegmentedRaftLogWorker adds IO task WriteLog:133: (t:2, i:133), METADATAENTRY(c:132)
2022-07-14 02:38:07,770 [s0@group-E8AE2E048FCA-SegmentedRaftLogWorker] DEBUG segmented.SegmentedRaftLogWorker (SegmentedRaftLogWorker.java:flushIfNecessary(365)) - s0@group-E8AE2E048FCA-SegmentedRaftLogWorker: flush SegmentedRaftLogOutputStream(/home/runner/work/ratis/ratis/ratis-test/target/test/data/f69c223b/MiniRaftClusterWithSimulatedRpc37250022/s0/24813b6b-21de-410f-95d3-e8ae2e048fca/current/log_inprogress_132)
2022-07-14 02:38:07,770 [s0@group-E8AE2E048FCA-StateMachineUpdater] TRACE segmented.SegmentedRaftLogCache (AutoCloseableReadWriteLock.java:logLocking(65)) - s0@group-E8AE2E048FCA: readLock ACQUIRED 1 by SegmentedRaftLogCache$LogSegmentList.search
2022-07-14 02:38:07,770 [s0@group-E8AE2E048FCA-StateMachineUpdater] TRACE segmented.SegmentedRaftLogCache (AutoCloseableReadWriteLock.java:logLocking(65)) - s0@group-E8AE2E048FCA: readLock RELEASED 0 by SegmentedRaftLogCache$LogSegmentList.search
2022-07-14 02:38:07,770 [s0@group-E8AE2E048FCA-StateMachineUpdater] TRACE segmented.SegmentedRaftLogCache (AutoCloseableReadWriteLock.java:logLocking(65)) - s0@group-E8AE2E048FCA: readLock ACQUIRED 1 by SegmentedRaftLogCache$LogSegmentList.search
2022-07-14 02:38:07,770 [s0@group-E8AE2E048FCA-StateMachineUpdater] TRACE segmented.SegmentedRaftLogCache (AutoCloseableReadWriteLock.java:logLocking(65)) - s0@group-E8AE2E048FCA: readLock RELEASED 0 by SegmentedRaftLogCache$LogSegmentList.search
2022-07-14 02:38:07,770 [s0@group-E8AE2E048FCA-StateMachineUpdater] INFO  statemachine.SimpleStateMachine4Testing (SimpleStateMachine4Testing.java:put(204)) - s0: put 131, m65 -> (t:1, i:131), STATEMACHINELOGENTRY, 393@client-4187B1F4E061
2022-07-14 02:38:07,770 [s0@group-E8AE2E048FCA-LeaderStateImpl] TRACE segmented.SegmentedRaftLogCache (AutoCloseableReadWriteLock.java:logLocking(65)) - s0@group-E8AE2E048FCA: readLock ACQUIRED 1 by SegmentedRaftLogCache.getStartIndex
2022-07-14 02:38:07,770 [s0@group-E8AE2E048FCA-LeaderStateImpl] TRACE segmented.SegmentedRaftLogCache (AutoCloseableReadWriteLock.java:logLocking(65)) -   s0@group-E8AE2E048FCA: readLock ACQUIRED 2 by SegmentedRaftLogCache$LogSegmentList.isEmpty
2022-07-14 02:38:07,770 [s0@group-E8AE2E048FCA-LeaderStateImpl] TRACE segmented.SegmentedRaftLogCache (AutoCloseableReadWriteLock.java:logLocking(65)) -   s0@group-E8AE2E048FCA: readLock RELEASED 1 by SegmentedRaftLogCache$LogSegmentList.isEmpty
2022-07-14 02:38:07,770 [s0@group-E8AE2E048FCA-LeaderStateImpl] TRACE segmented.SegmentedRaftLogCache (AutoCloseableReadWriteLock.java:logLocking(65)) -   s0@group-E8AE2E048FCA: readLock ACQUIRED 2 by SegmentedRaftLogCache$LogSegmentList.get
2022-07-14 02:38:07,770 [s0@group-E8AE2E048FCA-LeaderStateImpl] TRACE segmented.SegmentedRaftLogCache (AutoCloseableReadWriteLock.java:logLocking(65)) -   s0@group-E8AE2E048FCA: readLock RELEASED 1 by SegmentedRaftLogCache$LogSegmentList.get
2022-07-14 02:38:07,770 [s0@group-E8AE2E048FCA-LeaderStateImpl] TRACE segmented.SegmentedRaftLogCache (AutoCloseableReadWriteLock.java:logLocking(65)) - s0@group-E8AE2E048FCA: readLock RELEASED 0 by SegmentedRaftLogCache.getStartIndex
2022-07-14 02:38:07,770 [s0@group-E8AE2E048FCA-LeaderStateImpl] TRACE segmented.SegmentedRaftLogCache (AutoCloseableReadWriteLock.java:logLocking(65)) - s0@group-E8AE2E048FCA: readLock ACQUIRED 1 by SegmentedRaftLogCache.getEndIndex
2022-07-14 02:38:07,771 [s0@group-E8AE2E048FCA-LeaderStateImpl] TRACE segmented.SegmentedRaftLogCache (AutoCloseableReadWriteLock.java:logLocking(65)) - s0@group-E8AE2E048FCA: readLock RELEASED 0 by SegmentedRaftLogCache.getEndIndex
2022-07-14 02:38:07,771 [s0@group-E8AE2E048FCA-LeaderStateImpl] TRACE segmented.SegmentedRaftLogCache (AutoCloseableReadWriteLock.java:logLocking(65)) - s0@group-E8AE2E048FCA: readLock ACQUIRED 1 by SegmentedRaftLogCache$LogSegmentList.getTermIndex
2022-07-14 02:38:07,771 [s0@group-E8AE2E048FCA-LeaderStateImpl] TRACE segmented.SegmentedRaftLogCache (AutoCloseableReadWriteLock.java:logLocking(65)) - s0@group-E8AE2E048FCA: readLock RELEASED 0 by SegmentedRaftLogCache$LogSegmentList.getTermIndex
2022-07-14 02:38:07,794 [s0-client-thread1] INFO  statemachine.SimpleStateMachine4Testing (SimpleStateMachine4Testing.java:query(344)) - query m99
2022-07-14 02:38:07,795 [Time-limited test] INFO  simulation.TestServerRestartWithSimulatedRpc (BaseTest.java:assertThrowable(133)) - The test "last-entry-not-found" throws StateMachineException
org.apache.ratis.protocol.exceptions.StateMachineException: Failed request m99
	at org.apache.ratis.statemachine.SimpleStateMachine4Testing.query(SimpleStateMachine4Testing.java:354)
	at org.apache.ratis.server.impl.RaftServerImpl.submitClientRequestAsync(RaftServerImpl.java:825)
	at org.apache.ratis.server.impl.RaftServerImpl.lambda$null$12(RaftServerImpl.java:786)
	at org.apache.ratis.util.JavaUtils.callAsUnchecked(JavaUtils.java:115)
	at org.apache.ratis.server.impl.RaftServerImpl.lambda$executeSubmitClientRequestAsync$13(RaftServerImpl.java:786)
	at java.util.concurrent.CompletableFuture$AsyncSupply.run(CompletableFuture.java:1604)
	at java.util.concurrent.ThreadPoolExecutor.runWorker(ThreadPoolExecutor.java:1149)
	at java.util.concurrent.ThreadPoolExecutor$Worker.run(ThreadPoolExecutor.java:624)
	at java.lang.Thread.run(Thread.java:750)
Caused by: java.lang.IndexOutOfBoundsException: s0: LogEntry not found for query m99
	at org.apache.ratis.statemachine.SimpleStateMachine4Testing.query(SimpleStateMachine4Testing.java:349)
	... 8 more
2022-07-14 02:38:07,796 [Time-limited test] INFO  impl.MiniRaftCluster (MiniRaftCluster.java:shutdown(779)) - ************************************************************** 
2022-07-14 02:38:07,796 [Time-limited test] INFO  impl.MiniRaftCluster (MiniRaftCluster.java:shutdown(780)) - *** 
2022-07-14 02:38:07,796 [Time-limited test] INFO  impl.MiniRaftCluster (MiniRaftCluster.java:shutdown(781)) - ***     Stopping MiniRaftClusterWithSimulatedRpc
2022-07-14 02:38:07,796 [Time-limited test] INFO  impl.MiniRaftCluster (MiniRaftCluster.java:shutdown(782)) - *** 
2022-07-14 02:38:07,796 [Time-limited test] INFO  impl.MiniRaftCluster (MiniRaftCluster.java:shutdown(783)) - ************************************************************** 
2022-07-14 02:38:07,796 [Time-limited test] INFO  impl.MiniRaftCluster (MiniRaftCluster.java:shutdown(784)) - printing ALL groups
  s0:  RUNNING    LEADER s0@group-E8AE2E048FCA:t2, leader=s0, voted=s0, raftlog=Memoized:s0@group-E8AE2E048FCA-SegmentedRaftLog:OPENED:c133, conf=132: [s0|rpc:localhost:37449|admin:localhost:41963|client:localhost:39721|dataStream:localhost:44703|priority:0], old=null RUNNING
2022-07-14 02:38:07,797 [java.util.concurrent.ThreadPoolExecutor$Worker@46767d44[State = -1, empty queue]] INFO  server.RaftServer (RaftServerProxy.java:lambda$close$6(401)) - s0: close
2022-07-14 02:38:07,797 [java.util.concurrent.ThreadPoolExecutor$Worker@46767d44[State = -1, empty queue]] INFO  server.RaftServer$Division (RaftServerImpl.java:lambda$close$4(437)) - s0@group-E8AE2E048FCA: shutdown
2022-07-14 02:38:07,797 [java.util.concurrent.ThreadPoolExecutor$Worker@46767d44[State = -1, empty queue]] INFO  util.JmxRegister (JmxRegister.java:unregister(73)) - Successfully un-registered JMX Bean with object name Ratis:service=RaftServer,group=group-E8AE2E048FCA,id=s0
2022-07-14 02:38:07,797 [java.util.concurrent.ThreadPoolExecutor$Worker@46767d44[State = -1, empty queue]] INFO  impl.RoleInfo (RoleInfo.java:shutdownLeaderState(93)) - s0: shutdown s0@group-E8AE2E048FCA-LeaderStateImpl
2022-07-14 02:38:07,798 [java.util.concurrent.ThreadPoolExecutor$Worker@46767d44[State = -1, empty queue]] INFO  impl.PendingRequests (PendingRequests.java:sendNotLeaderResponses(282)) - s0@group-E8AE2E048FCA-PendingRequests: sendNotLeaderResponses
2022-07-14 02:38:07,798 [java.util.concurrent.ThreadPoolExecutor$Worker@46767d44[State = -1, empty queue]] INFO  impl.StateMachineUpdater (StateMachineUpdater.java:stopAndJoin(153)) - s0@group-E8AE2E048FCA-StateMachineUpdater: set stopIndex = 133
2022-07-14 02:38:07,799 [java.util.concurrent.ThreadPoolExecutor$Worker@46767d44[State = -1, empty queue]] INFO  server.RaftServer$Division (ServerState.java:close(456)) - s0@group-E8AE2E048FCA: closes. applyIndex: 133
2022-07-14 02:38:07,799 [java.util.concurrent.ThreadPoolExecutor$Worker@46767d44[State = -1, empty queue]] TRACE segmented.SegmentedRaftLogCache (SegmentedRaftLogCache.java:clearOpenSegment(456)) - s0@group-E8AE2E048FCA-SegmentedRaftLogCache: clearOpenSegment log_inprogress_132
2022-07-14 02:38:07,799 [java.util.concurrent.ThreadPoolExecutor$Worker@46767d44[State = -1, empty queue]] TRACE segmented.SegmentedRaftLogCache (AutoCloseableReadWriteLock.java:logLocking(65)) - s0@group-E8AE2E048FCA: writeLock ACQUIRED 1 by SegmentedRaftLogCache$LogSegmentList.clear
2022-07-14 02:38:07,799 [java.util.concurrent.ThreadPoolExecutor$Worker@46767d44[State = -1, empty queue]] TRACE segmented.SegmentedRaftLogCache (AutoCloseableReadWriteLock.java:logLocking(65)) - s0@group-E8AE2E048FCA: writeLock RELEASED 0 by SegmentedRaftLogCache$LogSegmentList.clear
2022-07-14 02:38:07,799 [s0@group-E8AE2E048FCA-SegmentedRaftLogWorker] INFO  segmented.SegmentedRaftLogWorker (SegmentedRaftLogWorker.java:run(336)) - s0@group-E8AE2E048FCA-SegmentedRaftLogWorker was interrupted, exiting. There are 0 tasks remaining in the queue.
2022-07-14 02:38:07,800 [java.util.concurrent.ThreadPoolExecutor$Worker@46767d44[State = -1, empty queue]] INFO  segmented.SegmentedRaftLogWorker (SegmentedRaftLogWorker.java:close(246)) - s0@group-E8AE2E048FCA-SegmentedRaftLogWorker close()
2022-07-14 02:38:07,800 [Thread-838] INFO  simulation.RequestHandler (RequestHandler.java:run(126)) - s0.clientHandler1 is interrupted by java.io.InterruptedIOException: 
2022-07-14 02:38:07,800 [Thread-837] INFO  simulation.RequestHandler (RequestHandler.java:run(126)) - s0.clientHandler0 is interrupted by java.io.InterruptedIOException: 
2022-07-14 02:38:07,801 [Thread-839] INFO  simulation.RequestHandler (RequestHandler.java:run(126)) - s0.clientHandler2 is interrupted by java.io.InterruptedIOException: 
2022-07-14 02:38:07,801 [Thread-834] INFO  simulation.RequestHandler (RequestHandler.java:run(126)) - s0.serverHandler0 is interrupted by java.io.InterruptedIOException: 
2022-07-14 02:38:07,801 [Thread-835] INFO  simulation.RequestHandler (RequestHandler.java:run(126)) - s0.serverHandler1 is interrupted by java.io.InterruptedIOException: 
2022-07-14 02:38:07,801 [Thread-836] INFO  simulation.RequestHandler (RequestHandler.java:run(126)) - s0.serverHandler2 is interrupted by java.io.InterruptedIOException: 
2022-07-14 02:38:07,802 [org.apache.ratis.util.JvmPauseMonitor$$Lambda$260/812557502@d5002f3] INFO  util.JvmPauseMonitor (JvmPauseMonitor.java:run(109)) - JvmPauseMonitor-s0: Stopped
2022-07-14 02:38:07,802 [Time-limited test] INFO  impl.MiniRaftCluster (MiniRaftCluster.java:shutdown(802)) - MiniRaftClusterWithSimulatedRpc shutdown completed
]]></system-out>
  </testcase>
</testsuite>