<?xml version="1.0" encoding="UTF-8"?>
<testsuite xmlns:xsi="http://www.w3.org/2001/XMLSchema-instance" xsi:noNamespaceSchemaLocation="https://maven.apache.org/surefire/maven-surefire-plugin/xsd/surefire-test-report-3.0.xsd" version="3.0" name="org.apache.ratis.grpc.TestRaftLogTruncateWithGrpc" time="11.864" tests="1" errors="0" skipped="0" failures="1">
  <properties>
    <property name="awt.toolkit" value="sun.awt.X11.XToolkit"/>
    <property name="file.encoding.pkg" value="sun.io"/>
    <property name="java.specification.version" value="1.8"/>
    <property name="sun.cpu.isalist" value=""/>
    <property name="sun.jnu.encoding" value="UTF-8"/>
    <property name="java.class.path" value="/home/runner/work/ratis/ratis/ratis-test/target/test-classes:/home/runner/work/ratis/ratis/ratis-test/target/classes:/home/runner/work/ratis/ratis/ratis-common/target/classes:/home/runner/.m2/repository/org/apache/ratis/ratis-thirdparty-misc/1.0.5/ratis-thirdparty-misc-1.0.5.jar:/home/runner/work/ratis/ratis/ratis-proto/target/classes:/home/runner/work/ratis/ratis/ratis-common/target/test-classes:/home/runner/work/ratis/ratis/ratis-client/target/classes:/home/runner/work/ratis/ratis/ratis-server/target/classes:/home/runner/work/ratis/ratis/ratis-server-api/target/classes:/home/runner/work/ratis/ratis/ratis-metrics-api/target/classes:/home/runner/work/ratis/ratis/ratis-server/target/test-classes:/home/runner/work/ratis/ratis/ratis-metrics-default/target/classes:/home/runner/work/ratis/ratis/ratis-netty/target/classes:/home/runner/work/ratis/ratis/ratis-netty/target/test-classes:/home/runner/work/ratis/ratis/ratis-grpc/target/classes:/home/runner/work/ratis/ratis/ratis-grpc/target/test-classes:/home/runner/work/ratis/ratis/ratis-shell/target/classes:/home/runner/.m2/repository/commons-cli/commons-cli/1.5.0/commons-cli-1.5.0.jar:/home/runner/.m2/repository/org/reflections/reflections/0.10.2/reflections-0.10.2.jar:/home/runner/.m2/repository/org/javassist/javassist/3.28.0-GA/javassist-3.28.0-GA.jar:/home/runner/.m2/repository/com/google/code/findbugs/jsr305/3.0.2/jsr305-3.0.2.jar:/home/runner/.m2/repository/org/bouncycastle/bcprov-jdk18on/1.76/bcprov-jdk18on-1.76.jar:/home/runner/.m2/repository/org/bouncycastle/bcpkix-jdk18on/1.76/bcpkix-jdk18on-1.76.jar:/home/runner/.m2/repository/org/bouncycastle/bcutil-jdk18on/1.76/bcutil-jdk18on-1.76.jar:/home/runner/.m2/repository/org/slf4j/slf4j-api/2.0.7/slf4j-api-2.0.7.jar:/home/runner/.m2/repository/org/slf4j/slf4j-reload4j/2.0.7/slf4j-reload4j-2.0.7.jar:/home/runner/.m2/repository/ch/qos/reload4j/reload4j/1.2.22/reload4j-1.2.22.jar:/home/runner/.m2/repository/junit/junit/4.13.2/junit-4.13.2.jar:/home/runner/.m2/repository/org/hamcrest/hamcrest-core/1.3/hamcrest-core-1.3.jar:/home/runner/.m2/repository/org/junit/jupiter/junit-jupiter-engine/5.10.1/junit-jupiter-engine-5.10.1.jar:/home/runner/.m2/repository/org/junit/platform/junit-platform-engine/1.10.1/junit-platform-engine-1.10.1.jar:/home/runner/.m2/repository/org/apiguardian/apiguardian-api/1.1.2/apiguardian-api-1.1.2.jar:/home/runner/.m2/repository/org/junit/jupiter/junit-jupiter-api/5.10.1/junit-jupiter-api-5.10.1.jar:/home/runner/.m2/repository/org/opentest4j/opentest4j/1.3.0/opentest4j-1.3.0.jar:/home/runner/.m2/repository/org/junit/platform/junit-platform-commons/1.10.1/junit-platform-commons-1.10.1.jar:/home/runner/.m2/repository/org/junit/jupiter/junit-jupiter-params/5.10.1/junit-jupiter-params-5.10.1.jar:/home/runner/.m2/repository/org/mockito/mockito-core/4.3.1/mockito-core-4.3.1.jar:/home/runner/.m2/repository/net/bytebuddy/byte-buddy/1.12.7/byte-buddy-1.12.7.jar:/home/runner/.m2/repository/net/bytebuddy/byte-buddy-agent/1.12.7/byte-buddy-agent-1.12.7.jar:/home/runner/.m2/repository/org/objenesis/objenesis/3.2/objenesis-3.2.jar:"/>
    <property name="java.vm.vendor" value="Temurin"/>
    <property name="sun.arch.data.model" value="64"/>
    <property name="java.vendor.url" value="https://adoptium.net/"/>
    <property name="user.timezone" value="Etc/UTC"/>
    <property name="java.vm.specification.version" value="1.8"/>
    <property name="os.name" value="Linux"/>
    <property name="sun.java.launcher" value="SUN_STANDARD"/>
    <property name="sun.boot.library.path" value="/usr/lib/jvm/temurin-8-jdk-amd64/jre/lib/amd64"/>
    <property name="sun.java.command" value="/home/runner/work/ratis/ratis/ratis-test/target/surefire/surefirebooter-20240325151355847_10.jar /home/runner/work/ratis/ratis/ratis-test/target/surefire 2024-03-25T15-13-25_282-jvmRun1 surefire-20240325151355847_8tmp surefire_1-20240325151355847_9tmp"/>
    <property name="surefire.test.class.path" value="/home/runner/work/ratis/ratis/ratis-test/target/test-classes:/home/runner/work/ratis/ratis/ratis-test/target/classes:/home/runner/work/ratis/ratis/ratis-common/target/classes:/home/runner/.m2/repository/org/apache/ratis/ratis-thirdparty-misc/1.0.5/ratis-thirdparty-misc-1.0.5.jar:/home/runner/work/ratis/ratis/ratis-proto/target/classes:/home/runner/work/ratis/ratis/ratis-common/target/test-classes:/home/runner/work/ratis/ratis/ratis-client/target/classes:/home/runner/work/ratis/ratis/ratis-server/target/classes:/home/runner/work/ratis/ratis/ratis-server-api/target/classes:/home/runner/work/ratis/ratis/ratis-metrics-api/target/classes:/home/runner/work/ratis/ratis/ratis-server/target/test-classes:/home/runner/work/ratis/ratis/ratis-metrics-default/target/classes:/home/runner/work/ratis/ratis/ratis-netty/target/classes:/home/runner/work/ratis/ratis/ratis-netty/target/test-classes:/home/runner/work/ratis/ratis/ratis-grpc/target/classes:/home/runner/work/ratis/ratis/ratis-grpc/target/test-classes:/home/runner/work/ratis/ratis/ratis-shell/target/classes:/home/runner/.m2/repository/commons-cli/commons-cli/1.5.0/commons-cli-1.5.0.jar:/home/runner/.m2/repository/org/reflections/reflections/0.10.2/reflections-0.10.2.jar:/home/runner/.m2/repository/org/javassist/javassist/3.28.0-GA/javassist-3.28.0-GA.jar:/home/runner/.m2/repository/com/google/code/findbugs/jsr305/3.0.2/jsr305-3.0.2.jar:/home/runner/.m2/repository/org/bouncycastle/bcprov-jdk18on/1.76/bcprov-jdk18on-1.76.jar:/home/runner/.m2/repository/org/bouncycastle/bcpkix-jdk18on/1.76/bcpkix-jdk18on-1.76.jar:/home/runner/.m2/repository/org/bouncycastle/bcutil-jdk18on/1.76/bcutil-jdk18on-1.76.jar:/home/runner/.m2/repository/org/slf4j/slf4j-api/2.0.7/slf4j-api-2.0.7.jar:/home/runner/.m2/repository/org/slf4j/slf4j-reload4j/2.0.7/slf4j-reload4j-2.0.7.jar:/home/runner/.m2/repository/ch/qos/reload4j/reload4j/1.2.22/reload4j-1.2.22.jar:/home/runner/.m2/repository/junit/junit/4.13.2/junit-4.13.2.jar:/home/runner/.m2/repository/org/hamcrest/hamcrest-core/1.3/hamcrest-core-1.3.jar:/home/runner/.m2/repository/org/junit/jupiter/junit-jupiter-engine/5.10.1/junit-jupiter-engine-5.10.1.jar:/home/runner/.m2/repository/org/junit/platform/junit-platform-engine/1.10.1/junit-platform-engine-1.10.1.jar:/home/runner/.m2/repository/org/apiguardian/apiguardian-api/1.1.2/apiguardian-api-1.1.2.jar:/home/runner/.m2/repository/org/junit/jupiter/junit-jupiter-api/5.10.1/junit-jupiter-api-5.10.1.jar:/home/runner/.m2/repository/org/opentest4j/opentest4j/1.3.0/opentest4j-1.3.0.jar:/home/runner/.m2/repository/org/junit/platform/junit-platform-commons/1.10.1/junit-platform-commons-1.10.1.jar:/home/runner/.m2/repository/org/junit/jupiter/junit-jupiter-params/5.10.1/junit-jupiter-params-5.10.1.jar:/home/runner/.m2/repository/org/mockito/mockito-core/4.3.1/mockito-core-4.3.1.jar:/home/runner/.m2/repository/net/bytebuddy/byte-buddy/1.12.7/byte-buddy-1.12.7.jar:/home/runner/.m2/repository/net/bytebuddy/byte-buddy-agent/1.12.7/byte-buddy-agent-1.12.7.jar:/home/runner/.m2/repository/org/objenesis/objenesis/3.2/objenesis-3.2.jar:"/>
    <property name="sun.cpu.endian" value="little"/>
    <property name="user.home" value="/home/runner"/>
    <property name="user.language" value="en"/>
    <property name="java.specification.vendor" value="Oracle Corporation"/>
    <property name="java.home" value="/usr/lib/jvm/temurin-8-jdk-amd64/jre"/>
    <property name="basedir" value="/home/runner/work/ratis/ratis/ratis-test"/>
    <property name="file.separator" value="/"/>
    <property name="line.separator" value="&#10;"/>
    <property name="java.vm.specification.vendor" value="Oracle Corporation"/>
    <property name="java.specification.name" value="Java Platform API Specification"/>
    <property name="java.awt.graphicsenv" value="sun.awt.X11GraphicsEnvironment"/>
    <property name="surefire.real.class.path" value="/home/runner/work/ratis/ratis/ratis-test/target/surefire/surefirebooter-20240325151355847_10.jar:/home/runner/.m2/repository/org/jacoco/org.jacoco.agent/0.8.11/org.jacoco.agent-0.8.11-runtime.jar"/>
    <property name="sun.boot.class.path" value="/usr/lib/jvm/temurin-8-jdk-amd64/jre/lib/resources.jar:/usr/lib/jvm/temurin-8-jdk-amd64/jre/lib/rt.jar:/usr/lib/jvm/temurin-8-jdk-amd64/jre/lib/sunrsasign.jar:/usr/lib/jvm/temurin-8-jdk-amd64/jre/lib/jsse.jar:/usr/lib/jvm/temurin-8-jdk-amd64/jre/lib/jce.jar:/usr/lib/jvm/temurin-8-jdk-amd64/jre/lib/charsets.jar:/usr/lib/jvm/temurin-8-jdk-amd64/jre/lib/jfr.jar:/usr/lib/jvm/temurin-8-jdk-amd64/jre/classes"/>
    <property name="sun.management.compiler" value="HotSpot 64-Bit Tiered Compilers"/>
    <property name="java.runtime.version" value="1.8.0_402-b06"/>
    <property name="java.net.preferIPv4Stack" value="true"/>
    <property name="user.name" value="runner"/>
    <property name="path.separator" value=":"/>
    <property name="os.version" value="5.15.0-1058-azure"/>
    <property name="java.endorsed.dirs" value="/usr/lib/jvm/temurin-8-jdk-amd64/jre/lib/endorsed"/>
    <property name="java.runtime.name" value="OpenJDK Runtime Environment"/>
    <property name="file.encoding" value="UTF-8"/>
    <property name="java.vm.name" value="OpenJDK 64-Bit Server VM"/>
    <property name="localRepository" value="/home/runner/.m2/repository"/>
    <property name="java.vendor.url.bug" value="https://github.com/adoptium/adoptium-support/issues"/>
    <property name="java.io.tmpdir" value="/tmp"/>
    <property name="java.version" value="1.8.0_402"/>
    <property name="user.dir" value="/home/runner/work/ratis/ratis/ratis-test"/>
    <property name="os.arch" value="amd64"/>
    <property name="ratis.tmp.dir" value="/home/runner/work/ratis/ratis/ratis-test/target/tmp"/>
    <property name="java.vm.specification.name" value="Java Virtual Machine Specification"/>
    <property name="java.awt.printerjob" value="sun.print.PSPrinterJob"/>
    <property name="ratis.log.dir" value="/home/runner/work/ratis/ratis/ratis-test/target/log"/>
    <property name="sun.os.patch.level" value="unknown"/>
    <property name="org.apache.ratis.thirdparty.io.netty.allocator.useCacheForAllThreads" value="false"/>
    <property name="java.library.path" value="/usr/java/packages/lib/amd64:/usr/lib64:/lib64:/lib:/usr/lib"/>
    <property name="java.vm.info" value="mixed mode"/>
    <property name="java.vendor" value="Temurin"/>
    <property name="java.vm.version" value="25.402-b06"/>
    <property name="java.specification.maintenance.version" value="5"/>
    <property name="java.ext.dirs" value="/usr/lib/jvm/temurin-8-jdk-amd64/jre/lib/ext:/usr/java/packages/lib/ext"/>
    <property name="sun.io.unicode.encoding" value="UnicodeLittle"/>
    <property name="java.class.version" value="52.0"/>
  </properties>
  <testcase name="testLogTruncate" classname="org.apache.ratis.grpc.TestRaftLogTruncateWithGrpc" time="11.617">
    <failure message="s3 TransactionContextMap is non-empty ==&gt; expected: &lt;true&gt; but was: &lt;false&gt;" type="org.opentest4j.AssertionFailedError"><![CDATA[org.opentest4j.AssertionFailedError: s3 TransactionContextMap is non-empty ==> expected: <true> but was: <false>
	at org.apache.ratis.RaftLogTruncateTests.assertEmptyTransactionContextMap(RaftLogTruncateTests.java:235)
	at org.apache.ratis.RaftLogTruncateTests.runTestLogTruncate(RaftLogTruncateTests.java:147)
	at org.apache.ratis.RaftLogTruncateTests.runTestLogTruncate(RaftLogTruncateTests.java:115)
	at org.apache.ratis.server.impl.MiniRaftCluster$Factory$Get.runWithNewCluster(MiniRaftCluster.java:141)
	at org.apache.ratis.server.impl.MiniRaftCluster$Factory$Get.runWithNewCluster(MiniRaftCluster.java:121)
	at org.apache.ratis.RaftLogTruncateTests.testLogTruncate(RaftLogTruncateTests.java:93)
	at java.lang.reflect.Method.invoke(Method.java:498)
	at java.util.ArrayList.forEach(ArrayList.java:1259)
	at java.util.ArrayList.forEach(ArrayList.java:1259)
]]></failure>
    <system-out><![CDATA[2024-03-25 15:14:11,231 [main] INFO  util.LogUtils (Slf4jUtils.java:setLogLevel(38)) - Successfully set org.apache.ratis.conf.ConfUtils log level to WARN
2024-03-25 15:14:11,239 [main] INFO  util.LogUtils (Slf4jUtils.java:setLogLevel(38)) - Successfully set org.apache.ratis.util.FileUtils log level to TRACE
2024-03-25 15:14:11,353 [main] INFO  util.LogUtils (Slf4jUtils.java:setLogLevel(38)) - Successfully set org.apache.ratis.server.impl.TransactionManager log level to TRACE
2024-03-25 15:14:11,357 [main] INFO  util.LogUtils (Slf4jUtils.java:setLogLevel(38)) - Successfully set org.apache.ratis.client.impl.OrderedAsync log level to ERROR
2024-03-25 15:14:11,361 [main] INFO  util.LogUtils (Slf4jUtils.java:setLogLevel(38)) - Successfully set org.apache.ratis.server.RaftServerConfigKeys log level to ERROR
2024-03-25 15:14:11,361 [main] INFO  util.LogUtils (Slf4jUtils.java:setLogLevel(38)) - Successfully set org.apache.ratis.client.RaftClientConfigKeys log level to ERROR
2024-03-25 15:14:11,362 [main] INFO  util.LogUtils (Slf4jUtils.java:setLogLevel(38)) - Successfully set org.apache.ratis.client.RaftClientConfigKeys log level to ERROR
2024-03-25 15:14:11,403 [main] INFO  impl.MiniRaftCluster (MiniRaftCluster.java:runWithNewCluster(135)) - Running runWithNewCluster
2024-03-25 15:14:11,435 [main] INFO  impl.MiniRaftCluster (MiniRaftCluster.java:<init>(306)) - new MiniRaftClusterWithGrpc with group-9D3409BEE5F0:[s3|localhost:15012, s4|localhost:15016, s0|localhost:15000, s1|localhost:15004, s2|localhost:15008]
2024-03-25 15:14:11,436 [main] INFO  impl.MiniRaftCluster (MiniRaftCluster.java:start(339)) - .............................................................. 
2024-03-25 15:14:11,436 [main] INFO  impl.MiniRaftCluster (MiniRaftCluster.java:start(340)) - ... 
2024-03-25 15:14:11,436 [main] INFO  impl.MiniRaftCluster (MiniRaftCluster.java:start(341)) - ...     Starting MiniRaftClusterWithGrpc
2024-03-25 15:14:11,436 [main] INFO  impl.MiniRaftCluster (MiniRaftCluster.java:start(342)) - ... 
2024-03-25 15:14:11,436 [main] INFO  impl.MiniRaftCluster (MiniRaftCluster.java:start(343)) - .............................................................. 
2024-03-25 15:14:11,437 [main] INFO  impl.MiniRaftCluster (MiniRaftCluster.java:initServers(318)) - servers = {}
2024-03-25 15:14:11,445 [main] INFO  impl.MiniRaftCluster (MiniRaftCluster.java:newRaftServer(382)) - newRaftServer: s3, group-9D3409BEE5F0:[s3|localhost:15012, s4|localhost:15016, s0|localhost:15000, s1|localhost:15004, s2|localhost:15008], format? true
2024-03-25 15:14:11,446 [main] TRACE util.FileUtils (FileUtils.java:deleteFully(305)) - deleteFully target/test/data/ca1c2ba0/MiniRaftClusterWithGrpcb71097c6/s3
2024-03-25 15:14:11,449 [main] TRACE util.FileUtils (FileUtils.java:deleteFully(318)) - deleteFully: target/test/data/ca1c2ba0/MiniRaftClusterWithGrpcb71097c6/s3 does not exist.
2024-03-25 15:14:11,449 [main] INFO  impl.MiniRaftCluster (MiniRaftCluster.java:newRaftServer(387)) - Formatted directory target/test/data/ca1c2ba0/MiniRaftClusterWithGrpcb71097c6/s3
2024-03-25 15:14:11,472 [main] INFO  server.RaftServer (ConfUtils.java:logGet(46)) - raft.rpc.type = GRPC (default)
2024-03-25 15:14:11,625 [main] INFO  grpc.GrpcConfigKeys (ConfUtils.java:logFallback(53)) - raft.grpc.admin.host = null (fallback to raft.grpc.server.host)
2024-03-25 15:14:11,626 [main] INFO  grpc.GrpcConfigKeys (ConfUtils.java:logGet(46)) - raft.grpc.admin.port = 15013 (custom)
2024-03-25 15:14:11,627 [main] INFO  grpc.GrpcConfigKeys (ConfUtils.java:logFallback(53)) - raft.grpc.client.host = null (fallback to raft.grpc.server.host)
2024-03-25 15:14:11,628 [main] INFO  grpc.GrpcConfigKeys (ConfUtils.java:logGet(46)) - raft.grpc.client.port = 15014 (custom)
2024-03-25 15:14:11,628 [main] INFO  grpc.GrpcConfigKeys (ConfUtils.java:logGet(46)) - raft.grpc.server.host = null (default)
2024-03-25 15:14:11,628 [main] INFO  grpc.GrpcConfigKeys (ConfUtils.java:logGet(46)) - raft.grpc.server.port = 15012 (custom)
2024-03-25 15:14:11,629 [main] INFO  server.GrpcService (ConfUtils.java:logGet(46)) - raft.grpc.message.size.max = 64MB (=67108864) (default)
2024-03-25 15:14:11,632 [main] INFO  server.GrpcService (ConfUtils.java:logGet(46)) - raft.grpc.flow.control.window = 1MB (=1048576) (default)
2024-03-25 15:14:11,652 [main] INFO  grpc.GrpcConfigKeys (ConfUtils.java:logGet(46)) - raft.grpc.server.heartbeat.channel = true (default)
2024-03-25 15:14:11,656 [main] INFO  grpc.GrpcConfigKeys (ConfUtils.java:logGet(46)) - raft.grpc.server.async.request.thread.pool.cached = true (default)
2024-03-25 15:14:11,657 [main] INFO  grpc.GrpcConfigKeys (ConfUtils.java:logGet(46)) - raft.grpc.server.async.request.thread.pool.size = 32 (default)
2024-03-25 15:14:11,664 [main] INFO  metrics.MetricRegistries (MetricRegistriesLoader.java:load(64)) - Loaded MetricRegistries class org.apache.ratis.metrics.impl.MetricRegistriesImpl
2024-03-25 15:14:12,046 [main] INFO  impl.DataStreamServerImpl (ConfUtils.java:logGet(46)) - raft.datastream.type = DISABLED (default)
2024-03-25 15:14:12,065 [main] INFO  server.RaftServer (RaftServerProxy.java:addNew(101)) - s3: addNew group-9D3409BEE5F0:[s3|localhost:15012, s4|localhost:15016, s0|localhost:15000, s1|localhost:15004, s2|localhost:15008] returns group-9D3409BEE5F0:java.util.concurrent.CompletableFuture@6fc6f68f[Not completed]
2024-03-25 15:14:12,065 [main] INFO  impl.MiniRaftCluster (MiniRaftCluster.java:newRaftServer(382)) - newRaftServer: s4, group-9D3409BEE5F0:[s3|localhost:15012, s4|localhost:15016, s0|localhost:15000, s1|localhost:15004, s2|localhost:15008], format? true
2024-03-25 15:14:12,066 [main] TRACE util.FileUtils (FileUtils.java:deleteFully(305)) - deleteFully target/test/data/ca1c2ba0/MiniRaftClusterWithGrpcb71097c6/s4
2024-03-25 15:14:12,066 [main] TRACE util.FileUtils (FileUtils.java:deleteFully(318)) - deleteFully: target/test/data/ca1c2ba0/MiniRaftClusterWithGrpcb71097c6/s4 does not exist.
2024-03-25 15:14:12,066 [main] INFO  impl.MiniRaftCluster (MiniRaftCluster.java:newRaftServer(387)) - Formatted directory target/test/data/ca1c2ba0/MiniRaftClusterWithGrpcb71097c6/s4
2024-03-25 15:14:12,067 [main] INFO  server.RaftServer (ConfUtils.java:logGet(46)) - raft.rpc.type = GRPC (default)
2024-03-25 15:14:12,067 [main] INFO  grpc.GrpcConfigKeys (ConfUtils.java:logFallback(53)) - raft.grpc.admin.host = null (fallback to raft.grpc.server.host)
2024-03-25 15:14:12,068 [main] INFO  grpc.GrpcConfigKeys (ConfUtils.java:logGet(46)) - raft.grpc.admin.port = 15017 (custom)
2024-03-25 15:14:12,068 [main] INFO  grpc.GrpcConfigKeys (ConfUtils.java:logFallback(53)) - raft.grpc.client.host = null (fallback to raft.grpc.server.host)
2024-03-25 15:14:12,069 [main] INFO  grpc.GrpcConfigKeys (ConfUtils.java:logGet(46)) - raft.grpc.client.port = 15018 (custom)
2024-03-25 15:14:12,069 [main] INFO  grpc.GrpcConfigKeys (ConfUtils.java:logGet(46)) - raft.grpc.server.host = null (default)
2024-03-25 15:14:12,069 [main] INFO  grpc.GrpcConfigKeys (ConfUtils.java:logGet(46)) - raft.grpc.server.port = 15016 (custom)
2024-03-25 15:14:12,070 [main] INFO  server.GrpcService (ConfUtils.java:logGet(46)) - raft.grpc.message.size.max = 64MB (=67108864) (default)
2024-03-25 15:14:12,070 [main] INFO  server.GrpcService (ConfUtils.java:logGet(46)) - raft.grpc.flow.control.window = 1MB (=1048576) (default)
2024-03-25 15:14:12,071 [main] INFO  grpc.GrpcConfigKeys (ConfUtils.java:logGet(46)) - raft.grpc.server.heartbeat.channel = true (default)
2024-03-25 15:14:12,071 [main] INFO  grpc.GrpcConfigKeys (ConfUtils.java:logGet(46)) - raft.grpc.server.async.request.thread.pool.cached = true (default)
2024-03-25 15:14:12,071 [main] INFO  grpc.GrpcConfigKeys (ConfUtils.java:logGet(46)) - raft.grpc.server.async.request.thread.pool.size = 32 (default)
2024-03-25 15:14:12,074 [main] INFO  impl.DataStreamServerImpl (ConfUtils.java:logGet(46)) - raft.datastream.type = DISABLED (default)
2024-03-25 15:14:12,076 [main] INFO  server.RaftServer (RaftServerProxy.java:addNew(101)) - s4: addNew group-9D3409BEE5F0:[s3|localhost:15012, s4|localhost:15016, s0|localhost:15000, s1|localhost:15004, s2|localhost:15008] returns group-9D3409BEE5F0:java.util.concurrent.CompletableFuture@762f8ff6[Not completed]
2024-03-25 15:14:12,076 [main] INFO  impl.MiniRaftCluster (MiniRaftCluster.java:newRaftServer(382)) - newRaftServer: s0, group-9D3409BEE5F0:[s3|localhost:15012, s4|localhost:15016, s0|localhost:15000, s1|localhost:15004, s2|localhost:15008], format? true
2024-03-25 15:14:12,077 [main] TRACE util.FileUtils (FileUtils.java:deleteFully(305)) - deleteFully target/test/data/ca1c2ba0/MiniRaftClusterWithGrpcb71097c6/s0
2024-03-25 15:14:12,077 [main] TRACE util.FileUtils (FileUtils.java:deleteFully(318)) - deleteFully: target/test/data/ca1c2ba0/MiniRaftClusterWithGrpcb71097c6/s0 does not exist.
2024-03-25 15:14:12,077 [main] INFO  impl.MiniRaftCluster (MiniRaftCluster.java:newRaftServer(387)) - Formatted directory target/test/data/ca1c2ba0/MiniRaftClusterWithGrpcb71097c6/s0
2024-03-25 15:14:12,078 [main] INFO  server.RaftServer (ConfUtils.java:logGet(46)) - raft.rpc.type = GRPC (default)
2024-03-25 15:14:12,078 [main] INFO  grpc.GrpcConfigKeys (ConfUtils.java:logFallback(53)) - raft.grpc.admin.host = null (fallback to raft.grpc.server.host)
2024-03-25 15:14:12,078 [main] INFO  grpc.GrpcConfigKeys (ConfUtils.java:logGet(46)) - raft.grpc.admin.port = 15001 (custom)
2024-03-25 15:14:12,079 [main] INFO  grpc.GrpcConfigKeys (ConfUtils.java:logFallback(53)) - raft.grpc.client.host = null (fallback to raft.grpc.server.host)
2024-03-25 15:14:12,079 [main] INFO  grpc.GrpcConfigKeys (ConfUtils.java:logGet(46)) - raft.grpc.client.port = 15002 (custom)
2024-03-25 15:14:12,079 [main] INFO  grpc.GrpcConfigKeys (ConfUtils.java:logGet(46)) - raft.grpc.server.host = null (default)
2024-03-25 15:14:12,080 [main] INFO  grpc.GrpcConfigKeys (ConfUtils.java:logGet(46)) - raft.grpc.server.port = 15000 (custom)
2024-03-25 15:14:12,080 [main] INFO  server.GrpcService (ConfUtils.java:logGet(46)) - raft.grpc.message.size.max = 64MB (=67108864) (default)
2024-03-25 15:14:12,080 [main] INFO  server.GrpcService (ConfUtils.java:logGet(46)) - raft.grpc.flow.control.window = 1MB (=1048576) (default)
2024-03-25 15:14:12,081 [main] INFO  grpc.GrpcConfigKeys (ConfUtils.java:logGet(46)) - raft.grpc.server.heartbeat.channel = true (default)
2024-03-25 15:14:12,081 [main] INFO  grpc.GrpcConfigKeys (ConfUtils.java:logGet(46)) - raft.grpc.server.async.request.thread.pool.cached = true (default)
2024-03-25 15:14:12,081 [main] INFO  grpc.GrpcConfigKeys (ConfUtils.java:logGet(46)) - raft.grpc.server.async.request.thread.pool.size = 32 (default)
2024-03-25 15:14:12,085 [main] INFO  impl.DataStreamServerImpl (ConfUtils.java:logGet(46)) - raft.datastream.type = DISABLED (default)
2024-03-25 15:14:12,087 [main] INFO  server.RaftServer (RaftServerProxy.java:addNew(101)) - s0: addNew group-9D3409BEE5F0:[s3|localhost:15012, s4|localhost:15016, s0|localhost:15000, s1|localhost:15004, s2|localhost:15008] returns group-9D3409BEE5F0:java.util.concurrent.CompletableFuture@1e406cbe[Not completed]
2024-03-25 15:14:12,087 [main] INFO  impl.MiniRaftCluster (MiniRaftCluster.java:newRaftServer(382)) - newRaftServer: s1, group-9D3409BEE5F0:[s3|localhost:15012, s4|localhost:15016, s0|localhost:15000, s1|localhost:15004, s2|localhost:15008], format? true
2024-03-25 15:14:12,087 [main] TRACE util.FileUtils (FileUtils.java:deleteFully(305)) - deleteFully target/test/data/ca1c2ba0/MiniRaftClusterWithGrpcb71097c6/s1
2024-03-25 15:14:12,088 [main] TRACE util.FileUtils (FileUtils.java:deleteFully(318)) - deleteFully: target/test/data/ca1c2ba0/MiniRaftClusterWithGrpcb71097c6/s1 does not exist.
2024-03-25 15:14:12,088 [main] INFO  impl.MiniRaftCluster (MiniRaftCluster.java:newRaftServer(387)) - Formatted directory target/test/data/ca1c2ba0/MiniRaftClusterWithGrpcb71097c6/s1
2024-03-25 15:14:12,089 [main] INFO  server.RaftServer (ConfUtils.java:logGet(46)) - raft.rpc.type = GRPC (default)
2024-03-25 15:14:12,089 [main] INFO  grpc.GrpcConfigKeys (ConfUtils.java:logFallback(53)) - raft.grpc.admin.host = null (fallback to raft.grpc.server.host)
2024-03-25 15:14:12,089 [main] INFO  grpc.GrpcConfigKeys (ConfUtils.java:logGet(46)) - raft.grpc.admin.port = 15005 (custom)
2024-03-25 15:14:12,090 [main] INFO  grpc.GrpcConfigKeys (ConfUtils.java:logFallback(53)) - raft.grpc.client.host = null (fallback to raft.grpc.server.host)
2024-03-25 15:14:12,090 [main] INFO  grpc.GrpcConfigKeys (ConfUtils.java:logGet(46)) - raft.grpc.client.port = 15006 (custom)
2024-03-25 15:14:12,090 [main] INFO  grpc.GrpcConfigKeys (ConfUtils.java:logGet(46)) - raft.grpc.server.host = null (default)
2024-03-25 15:14:12,091 [main] INFO  grpc.GrpcConfigKeys (ConfUtils.java:logGet(46)) - raft.grpc.server.port = 15004 (custom)
2024-03-25 15:14:12,091 [main] INFO  server.GrpcService (ConfUtils.java:logGet(46)) - raft.grpc.message.size.max = 64MB (=67108864) (default)
2024-03-25 15:14:12,091 [main] INFO  server.GrpcService (ConfUtils.java:logGet(46)) - raft.grpc.flow.control.window = 1MB (=1048576) (default)
2024-03-25 15:14:12,092 [main] INFO  grpc.GrpcConfigKeys (ConfUtils.java:logGet(46)) - raft.grpc.server.heartbeat.channel = true (default)
2024-03-25 15:14:12,092 [main] INFO  grpc.GrpcConfigKeys (ConfUtils.java:logGet(46)) - raft.grpc.server.async.request.thread.pool.cached = true (default)
2024-03-25 15:14:12,092 [main] INFO  grpc.GrpcConfigKeys (ConfUtils.java:logGet(46)) - raft.grpc.server.async.request.thread.pool.size = 32 (default)
2024-03-25 15:14:12,094 [s4-groupManagement] INFO  server.RaftServer$Division (RaftServerImpl.java:<init>(253)) - s4: new RaftServerImpl for group-9D3409BEE5F0:[s3|localhost:15012, s4|localhost:15016, s0|localhost:15000, s1|localhost:15004, s2|localhost:15008] with SimpleStateMachine4Testing:uninitialized
2024-03-25 15:14:12,095 [main] INFO  impl.DataStreamServerImpl (ConfUtils.java:logGet(46)) - raft.datastream.type = DISABLED (default)
2024-03-25 15:14:12,101 [s0-groupManagement] INFO  server.RaftServer$Division (RaftServerImpl.java:<init>(253)) - s0: new RaftServerImpl for group-9D3409BEE5F0:[s3|localhost:15012, s4|localhost:15016, s0|localhost:15000, s1|localhost:15004, s2|localhost:15008] with SimpleStateMachine4Testing:uninitialized
2024-03-25 15:14:12,101 [s3-groupManagement] INFO  server.RaftServer$Division (RaftServerImpl.java:<init>(253)) - s3: new RaftServerImpl for group-9D3409BEE5F0:[s3|localhost:15012, s4|localhost:15016, s0|localhost:15000, s1|localhost:15004, s2|localhost:15008] with SimpleStateMachine4Testing:uninitialized
2024-03-25 15:14:12,108 [main] INFO  server.RaftServer (RaftServerProxy.java:addNew(101)) - s1: addNew group-9D3409BEE5F0:[s3|localhost:15012, s4|localhost:15016, s0|localhost:15000, s1|localhost:15004, s2|localhost:15008] returns group-9D3409BEE5F0:java.util.concurrent.CompletableFuture@5e34a84b[Not completed]
2024-03-25 15:14:12,108 [s4-groupManagement] INFO  server.RaftServer$Division (ServerState.java:<init>(113)) - s4@group-9D3409BEE5F0: ConfigurationManager, init=conf: {index: -1, cur=peers:[s3|localhost:15012, s4|localhost:15016, s0|localhost:15000, s1|localhost:15004, s2|localhost:15008]|listeners:[], old=null}, confs=<EMPTY_MAP>
2024-03-25 15:14:12,108 [main] INFO  impl.MiniRaftCluster (MiniRaftCluster.java:newRaftServer(382)) - newRaftServer: s2, group-9D3409BEE5F0:[s3|localhost:15012, s4|localhost:15016, s0|localhost:15000, s1|localhost:15004, s2|localhost:15008], format? true
2024-03-25 15:14:12,108 [main] TRACE util.FileUtils (FileUtils.java:deleteFully(305)) - deleteFully target/test/data/ca1c2ba0/MiniRaftClusterWithGrpcb71097c6/s2
2024-03-25 15:14:12,109 [main] TRACE util.FileUtils (FileUtils.java:deleteFully(318)) - deleteFully: target/test/data/ca1c2ba0/MiniRaftClusterWithGrpcb71097c6/s2 does not exist.
2024-03-25 15:14:12,109 [main] INFO  impl.MiniRaftCluster (MiniRaftCluster.java:newRaftServer(387)) - Formatted directory target/test/data/ca1c2ba0/MiniRaftClusterWithGrpcb71097c6/s2
2024-03-25 15:14:12,109 [main] INFO  server.RaftServer (ConfUtils.java:logGet(46)) - raft.rpc.type = GRPC (default)
2024-03-25 15:14:12,110 [main] INFO  grpc.GrpcConfigKeys (ConfUtils.java:logFallback(53)) - raft.grpc.admin.host = null (fallback to raft.grpc.server.host)
2024-03-25 15:14:12,110 [main] INFO  grpc.GrpcConfigKeys (ConfUtils.java:logGet(46)) - raft.grpc.admin.port = 15009 (custom)
2024-03-25 15:14:12,111 [main] INFO  grpc.GrpcConfigKeys (ConfUtils.java:logFallback(53)) - raft.grpc.client.host = null (fallback to raft.grpc.server.host)
2024-03-25 15:14:12,111 [main] INFO  grpc.GrpcConfigKeys (ConfUtils.java:logGet(46)) - raft.grpc.client.port = 15010 (custom)
2024-03-25 15:14:12,111 [main] INFO  grpc.GrpcConfigKeys (ConfUtils.java:logGet(46)) - raft.grpc.server.host = null (default)
2024-03-25 15:14:12,111 [main] INFO  grpc.GrpcConfigKeys (ConfUtils.java:logGet(46)) - raft.grpc.server.port = 15008 (custom)
2024-03-25 15:14:12,112 [main] INFO  server.GrpcService (ConfUtils.java:logGet(46)) - raft.grpc.message.size.max = 64MB (=67108864) (default)
2024-03-25 15:14:12,112 [main] INFO  server.GrpcService (ConfUtils.java:logGet(46)) - raft.grpc.flow.control.window = 1MB (=1048576) (default)
2024-03-25 15:14:12,112 [main] INFO  grpc.GrpcConfigKeys (ConfUtils.java:logGet(46)) - raft.grpc.server.heartbeat.channel = true (default)
2024-03-25 15:14:12,113 [main] INFO  grpc.GrpcConfigKeys (ConfUtils.java:logGet(46)) - raft.grpc.server.async.request.thread.pool.cached = true (default)
2024-03-25 15:14:12,113 [main] INFO  grpc.GrpcConfigKeys (ConfUtils.java:logGet(46)) - raft.grpc.server.async.request.thread.pool.size = 32 (default)
2024-03-25 15:14:12,115 [s0-groupManagement] INFO  server.RaftServer$Division (ServerState.java:<init>(113)) - s0@group-9D3409BEE5F0: ConfigurationManager, init=conf: {index: -1, cur=peers:[s3|localhost:15012, s4|localhost:15016, s0|localhost:15000, s1|localhost:15004, s2|localhost:15008]|listeners:[], old=null}, confs=<EMPTY_MAP>
2024-03-25 15:14:12,116 [main] INFO  impl.DataStreamServerImpl (ConfUtils.java:logGet(46)) - raft.datastream.type = DISABLED (default)
2024-03-25 15:14:12,117 [s3-groupManagement] INFO  server.RaftServer$Division (ServerState.java:<init>(113)) - s3@group-9D3409BEE5F0: ConfigurationManager, init=conf: {index: -1, cur=peers:[s3|localhost:15012, s4|localhost:15016, s0|localhost:15000, s1|localhost:15004, s2|localhost:15008]|listeners:[], old=null}, confs=<EMPTY_MAP>
2024-03-25 15:14:12,123 [s1-groupManagement] INFO  server.RaftServer$Division (RaftServerImpl.java:<init>(253)) - s1: new RaftServerImpl for group-9D3409BEE5F0:[s3|localhost:15012, s4|localhost:15016, s0|localhost:15000, s1|localhost:15004, s2|localhost:15008] with SimpleStateMachine4Testing:uninitialized
2024-03-25 15:14:12,124 [s1-groupManagement] INFO  server.RaftServer$Division (ServerState.java:<init>(113)) - s1@group-9D3409BEE5F0: ConfigurationManager, init=conf: {index: -1, cur=peers:[s3|localhost:15012, s4|localhost:15016, s0|localhost:15000, s1|localhost:15004, s2|localhost:15008]|listeners:[], old=null}, confs=<EMPTY_MAP>
2024-03-25 15:14:12,127 [main] INFO  server.RaftServer (RaftServerProxy.java:addNew(101)) - s2: addNew group-9D3409BEE5F0:[s3|localhost:15012, s4|localhost:15016, s0|localhost:15000, s1|localhost:15004, s2|localhost:15008] returns group-9D3409BEE5F0:java.util.concurrent.CompletableFuture@37b80ec7[Not completed]
2024-03-25 15:14:12,132 [s2-groupManagement] INFO  server.RaftServer$Division (RaftServerImpl.java:<init>(253)) - s2: new RaftServerImpl for group-9D3409BEE5F0:[s3|localhost:15012, s4|localhost:15016, s0|localhost:15000, s1|localhost:15004, s2|localhost:15008] with SimpleStateMachine4Testing:uninitialized
2024-03-25 15:14:12,133 [s2-groupManagement] INFO  server.RaftServer$Division (ServerState.java:<init>(113)) - s2@group-9D3409BEE5F0: ConfigurationManager, init=conf: {index: -1, cur=peers:[s3|localhost:15012, s4|localhost:15016, s0|localhost:15000, s1|localhost:15004, s2|localhost:15008]|listeners:[], old=null}, confs=<EMPTY_MAP>
2024-03-25 15:14:12,189 [s3-impl-thread1] INFO  storage.RaftStorageDirectory (RaftStorageDirectoryImpl.java:analyzeStorage(138)) - The storage directory /home/runner/work/ratis/ratis/ratis-test/target/test/data/ca1c2ba0/MiniRaftClusterWithGrpcb71097c6/s3/9393d5d7-2db7-4118-a8bd-9d3409bee5f0 does not exist. Creating ...
2024-03-25 15:14:12,190 [s3-impl-thread1] TRACE util.FileUtils (LogUtils.java:runAndLog(49)) - Successfully ran Files.createDirectories /home/runner/work/ratis/ratis/ratis-test/target/test/data/ca1c2ba0/MiniRaftClusterWithGrpcb71097c6/s3/9393d5d7-2db7-4118-a8bd-9d3409bee5f0
2024-03-25 15:14:12,192 [s3-impl-thread1] INFO  storage.RaftStorageDirectory (RaftStorageDirectoryImpl.java:tryLock(228)) - Lock on /home/runner/work/ratis/ratis/ratis-test/target/test/data/ca1c2ba0/MiniRaftClusterWithGrpcb71097c6/s3/9393d5d7-2db7-4118-a8bd-9d3409bee5f0/in_use.lock acquired by nodename 3082@fv-az656-22
2024-03-25 15:14:12,193 [s3-impl-thread1] TRACE util.FileUtils (LogUtils.java:runAndLog(49)) - Successfully ran Files.createDirectories /home/runner/work/ratis/ratis/ratis-test/target/test/data/ca1c2ba0/MiniRaftClusterWithGrpcb71097c6/s3/9393d5d7-2db7-4118-a8bd-9d3409bee5f0/current
2024-03-25 15:14:12,193 [s3-impl-thread1] TRACE util.FileUtils (LogUtils.java:runAndLog(49)) - Successfully ran Files.createDirectories /home/runner/work/ratis/ratis/ratis-test/target/test/data/ca1c2ba0/MiniRaftClusterWithGrpcb71097c6/s3/9393d5d7-2db7-4118-a8bd-9d3409bee5f0/sm
2024-03-25 15:14:12,198 [s3-impl-thread1] TRACE util.FileUtils (LogUtils.java:supplyAndLog(69)) - Successfully supplied FileChannel.open /home/runner/work/ratis/ratis/ratis-test/target/test/data/ca1c2ba0/MiniRaftClusterWithGrpcb71097c6/s3/9393d5d7-2db7-4118-a8bd-9d3409bee5f0/current/raft-meta.tmp with options [CREATE, WRITE]: sun.nio.ch.FileChannelImpl@208040bb
2024-03-25 15:14:12,204 [s3-impl-thread1] TRACE util.FileUtils (LogUtils.java:runAndLog(49)) - Successfully ran Atomic Files.move /home/runner/work/ratis/ratis/ratis-test/target/test/data/ca1c2ba0/MiniRaftClusterWithGrpcb71097c6/s3/9393d5d7-2db7-4118-a8bd-9d3409bee5f0/current/raft-meta.tmp to /home/runner/work/ratis/ratis/ratis-test/target/test/data/ca1c2ba0/MiniRaftClusterWithGrpcb71097c6/s3/9393d5d7-2db7-4118-a8bd-9d3409bee5f0/current/raft-meta with options [REPLACE_EXISTING]
2024-03-25 15:14:12,204 [s3-impl-thread1] INFO  storage.RaftStorage (RaftStorageImpl.java:format(98)) - Storage directory /home/runner/work/ratis/ratis/ratis-test/target/test/data/ca1c2ba0/MiniRaftClusterWithGrpcb71097c6/s3/9393d5d7-2db7-4118-a8bd-9d3409bee5f0 has been successfully formatted.
2024-03-25 15:14:12,204 [s3-impl-thread1] INFO  impl.SimpleStateMachine4Testing (SimpleStateMachine4Testing.java:initialize(216)) - Initializing SimpleStateMachine4Testing:uninitialized
2024-03-25 15:14:12,207 [s3-impl-thread1] INFO  impl.SimpleStateMachine4Testing (SimpleStateMachine4Testing.java:loadSnapshot(301)) - Loading snapshot null
2024-03-25 15:14:12,232 [s3-impl-thread1] INFO  util.AwaitToRun (AwaitToRun.java:start(81)) - Thread[s3@group-9D3409BEE5F0-cacheEviction-AwaitToRun,5,main] started
2024-03-25 15:14:12,238 [s3-impl-thread1] INFO  segmented.SegmentedRaftLogWorker (SegmentedRaftLogWorker.java:<init>(182)) - new s3@group-9D3409BEE5F0-SegmentedRaftLogWorker for RaftStorageImpl:Storage Directory /home/runner/work/ratis/ratis/ratis-test/target/test/data/ca1c2ba0/MiniRaftClusterWithGrpcb71097c6/s3/9393d5d7-2db7-4118-a8bd-9d3409bee5f0
2024-03-25 15:14:12,253 [s3-impl-thread1] INFO  segmented.SegmentedRaftLogWorker (SegmentedRaftLogWorker.java:lambda$new$0(134)) - s3@group-9D3409BEE5F0-SegmentedRaftLogWorker: flushIndex: setUnconditionally 0 -> -1
2024-03-25 15:14:12,253 [s3-impl-thread1] INFO  segmented.SegmentedRaftLogWorker (SegmentedRaftLogWorker.java:lambda$new$0(134)) - s3@group-9D3409BEE5F0-SegmentedRaftLogWorker: safeCacheEvictIndex: setUnconditionally 0 -> -1
2024-03-25 15:14:12,255 [s3-impl-thread1] INFO  server.RaftServer$Division (RaftServerImpl.java:start(389)) - s3@group-9D3409BEE5F0: start as a follower, conf=conf: {index: -1, cur=peers:[s3|localhost:15012, s4|localhost:15016, s0|localhost:15000, s1|localhost:15004, s2|localhost:15008]|listeners:[], old=null}
2024-03-25 15:14:12,255 [s3-impl-thread1] INFO  server.RaftServer$Division (RaftServerImpl.java:setRole(376)) - s3@group-9D3409BEE5F0: changes role from      null to FOLLOWER at term 0 for startAsFollower
2024-03-25 15:14:12,256 [s3-impl-thread1] INFO  impl.RoleInfo (RoleInfo.java:updateAndGet(148)) - s3: start s3@group-9D3409BEE5F0-FollowerState
2024-03-25 15:14:12,258 [s3-impl-thread1] INFO  util.JmxRegister (JmxRegister.java:tryRegister(44)) - Successfully registered JMX Bean with object name Ratis:service=RaftServer,group=group-9D3409BEE5F0,id=s3
2024-03-25 15:14:12,258 [s3-impl-thread1] INFO  util.JmxRegister (JmxRegister.java:register(58)) - register mxBean class org.apache.ratis.server.impl.RaftServerJmxAdapter as Ratis:service=RaftServer,group=group-9D3409BEE5F0,id=s3
2024-03-25 15:14:12,265 [main] INFO  server.RaftServer (RaftServerProxy.java:startImpl(407)) - s3: start RPC server
2024-03-25 15:14:12,338 [main] INFO  server.GrpcService (GrpcService.java:startImpl(309)) - s3: GrpcService started, listening on 15014
2024-03-25 15:14:12,339 [main] INFO  server.GrpcService (GrpcService.java:startImpl(309)) - s3: GrpcService started, listening on 15012
2024-03-25 15:14:12,340 [main] INFO  server.GrpcService (GrpcService.java:startImpl(309)) - s3: GrpcService started, listening on 15013
2024-03-25 15:14:12,342 [JvmPauseMonitor0] INFO  util.JvmPauseMonitor (JvmPauseMonitor.java:run(146)) - JvmPauseMonitor-s3: Started
2024-03-25 15:14:12,342 [s4-impl-thread1] INFO  storage.RaftStorageDirectory (RaftStorageDirectoryImpl.java:analyzeStorage(138)) - The storage directory /home/runner/work/ratis/ratis/ratis-test/target/test/data/ca1c2ba0/MiniRaftClusterWithGrpcb71097c6/s4/9393d5d7-2db7-4118-a8bd-9d3409bee5f0 does not exist. Creating ...
2024-03-25 15:14:12,342 [s4-impl-thread1] TRACE util.FileUtils (LogUtils.java:runAndLog(49)) - Successfully ran Files.createDirectories /home/runner/work/ratis/ratis/ratis-test/target/test/data/ca1c2ba0/MiniRaftClusterWithGrpcb71097c6/s4/9393d5d7-2db7-4118-a8bd-9d3409bee5f0
2024-03-25 15:14:12,343 [s4-impl-thread1] INFO  storage.RaftStorageDirectory (RaftStorageDirectoryImpl.java:tryLock(228)) - Lock on /home/runner/work/ratis/ratis/ratis-test/target/test/data/ca1c2ba0/MiniRaftClusterWithGrpcb71097c6/s4/9393d5d7-2db7-4118-a8bd-9d3409bee5f0/in_use.lock acquired by nodename 3082@fv-az656-22
2024-03-25 15:14:12,344 [s4-impl-thread1] TRACE util.FileUtils (LogUtils.java:runAndLog(49)) - Successfully ran Files.createDirectories /home/runner/work/ratis/ratis/ratis-test/target/test/data/ca1c2ba0/MiniRaftClusterWithGrpcb71097c6/s4/9393d5d7-2db7-4118-a8bd-9d3409bee5f0/current
2024-03-25 15:14:12,344 [s4-impl-thread1] TRACE util.FileUtils (LogUtils.java:runAndLog(49)) - Successfully ran Files.createDirectories /home/runner/work/ratis/ratis/ratis-test/target/test/data/ca1c2ba0/MiniRaftClusterWithGrpcb71097c6/s4/9393d5d7-2db7-4118-a8bd-9d3409bee5f0/sm
2024-03-25 15:14:12,344 [s4-impl-thread1] TRACE util.FileUtils (LogUtils.java:supplyAndLog(69)) - Successfully supplied FileChannel.open /home/runner/work/ratis/ratis/ratis-test/target/test/data/ca1c2ba0/MiniRaftClusterWithGrpcb71097c6/s4/9393d5d7-2db7-4118-a8bd-9d3409bee5f0/current/raft-meta.tmp with options [CREATE, WRITE]: sun.nio.ch.FileChannelImpl@1cbae518
2024-03-25 15:14:12,345 [s4-impl-thread1] TRACE util.FileUtils (LogUtils.java:runAndLog(49)) - Successfully ran Atomic Files.move /home/runner/work/ratis/ratis/ratis-test/target/test/data/ca1c2ba0/MiniRaftClusterWithGrpcb71097c6/s4/9393d5d7-2db7-4118-a8bd-9d3409bee5f0/current/raft-meta.tmp to /home/runner/work/ratis/ratis/ratis-test/target/test/data/ca1c2ba0/MiniRaftClusterWithGrpcb71097c6/s4/9393d5d7-2db7-4118-a8bd-9d3409bee5f0/current/raft-meta with options [REPLACE_EXISTING]
2024-03-25 15:14:12,346 [s4-impl-thread1] INFO  storage.RaftStorage (RaftStorageImpl.java:format(98)) - Storage directory /home/runner/work/ratis/ratis/ratis-test/target/test/data/ca1c2ba0/MiniRaftClusterWithGrpcb71097c6/s4/9393d5d7-2db7-4118-a8bd-9d3409bee5f0 has been successfully formatted.
2024-03-25 15:14:12,346 [s4-impl-thread1] INFO  impl.SimpleStateMachine4Testing (SimpleStateMachine4Testing.java:initialize(216)) - Initializing SimpleStateMachine4Testing:uninitialized
2024-03-25 15:14:12,346 [s4-impl-thread1] INFO  impl.SimpleStateMachine4Testing (SimpleStateMachine4Testing.java:loadSnapshot(301)) - Loading snapshot null
2024-03-25 15:14:12,348 [s4-impl-thread1] INFO  util.AwaitToRun (AwaitToRun.java:start(81)) - Thread[s4@group-9D3409BEE5F0-cacheEviction-AwaitToRun,5,main] started
2024-03-25 15:14:12,348 [s4-impl-thread1] INFO  segmented.SegmentedRaftLogWorker (SegmentedRaftLogWorker.java:<init>(182)) - new s4@group-9D3409BEE5F0-SegmentedRaftLogWorker for RaftStorageImpl:Storage Directory /home/runner/work/ratis/ratis/ratis-test/target/test/data/ca1c2ba0/MiniRaftClusterWithGrpcb71097c6/s4/9393d5d7-2db7-4118-a8bd-9d3409bee5f0
2024-03-25 15:14:12,350 [s4-impl-thread1] INFO  segmented.SegmentedRaftLogWorker (SegmentedRaftLogWorker.java:lambda$new$0(134)) - s4@group-9D3409BEE5F0-SegmentedRaftLogWorker: flushIndex: setUnconditionally 0 -> -1
2024-03-25 15:14:12,350 [s4-impl-thread1] INFO  segmented.SegmentedRaftLogWorker (SegmentedRaftLogWorker.java:lambda$new$0(134)) - s4@group-9D3409BEE5F0-SegmentedRaftLogWorker: safeCacheEvictIndex: setUnconditionally 0 -> -1
2024-03-25 15:14:12,350 [s4-impl-thread1] INFO  server.RaftServer$Division (RaftServerImpl.java:start(389)) - s4@group-9D3409BEE5F0: start as a follower, conf=conf: {index: -1, cur=peers:[s3|localhost:15012, s4|localhost:15016, s0|localhost:15000, s1|localhost:15004, s2|localhost:15008]|listeners:[], old=null}
2024-03-25 15:14:12,351 [s4-impl-thread1] INFO  server.RaftServer$Division (RaftServerImpl.java:setRole(376)) - s4@group-9D3409BEE5F0: changes role from      null to FOLLOWER at term 0 for startAsFollower
2024-03-25 15:14:12,351 [s4-impl-thread1] INFO  impl.RoleInfo (RoleInfo.java:updateAndGet(148)) - s4: start s4@group-9D3409BEE5F0-FollowerState
2024-03-25 15:14:12,351 [s4-impl-thread1] INFO  util.JmxRegister (JmxRegister.java:tryRegister(44)) - Successfully registered JMX Bean with object name Ratis:service=RaftServer,group=group-9D3409BEE5F0,id=s4
2024-03-25 15:14:12,352 [s4-impl-thread1] INFO  util.JmxRegister (JmxRegister.java:register(58)) - register mxBean class org.apache.ratis.server.impl.RaftServerJmxAdapter as Ratis:service=RaftServer,group=group-9D3409BEE5F0,id=s4
2024-03-25 15:14:12,355 [main] INFO  server.RaftServer (RaftServerProxy.java:startImpl(407)) - s4: start RPC server
2024-03-25 15:14:12,356 [main] INFO  server.GrpcService (GrpcService.java:startImpl(309)) - s4: GrpcService started, listening on 15018
2024-03-25 15:14:12,357 [main] INFO  server.GrpcService (GrpcService.java:startImpl(309)) - s4: GrpcService started, listening on 15016
2024-03-25 15:14:12,358 [main] INFO  server.GrpcService (GrpcService.java:startImpl(309)) - s4: GrpcService started, listening on 15017
2024-03-25 15:14:12,358 [JvmPauseMonitor1] INFO  util.JvmPauseMonitor (JvmPauseMonitor.java:run(146)) - JvmPauseMonitor-s4: Started
2024-03-25 15:14:12,359 [s0-impl-thread1] INFO  storage.RaftStorageDirectory (RaftStorageDirectoryImpl.java:analyzeStorage(138)) - The storage directory /home/runner/work/ratis/ratis/ratis-test/target/test/data/ca1c2ba0/MiniRaftClusterWithGrpcb71097c6/s0/9393d5d7-2db7-4118-a8bd-9d3409bee5f0 does not exist. Creating ...
2024-03-25 15:14:12,359 [s0-impl-thread1] TRACE util.FileUtils (LogUtils.java:runAndLog(49)) - Successfully ran Files.createDirectories /home/runner/work/ratis/ratis/ratis-test/target/test/data/ca1c2ba0/MiniRaftClusterWithGrpcb71097c6/s0/9393d5d7-2db7-4118-a8bd-9d3409bee5f0
2024-03-25 15:14:12,360 [s0-impl-thread1] INFO  storage.RaftStorageDirectory (RaftStorageDirectoryImpl.java:tryLock(228)) - Lock on /home/runner/work/ratis/ratis/ratis-test/target/test/data/ca1c2ba0/MiniRaftClusterWithGrpcb71097c6/s0/9393d5d7-2db7-4118-a8bd-9d3409bee5f0/in_use.lock acquired by nodename 3082@fv-az656-22
2024-03-25 15:14:12,360 [s0-impl-thread1] TRACE util.FileUtils (LogUtils.java:runAndLog(49)) - Successfully ran Files.createDirectories /home/runner/work/ratis/ratis/ratis-test/target/test/data/ca1c2ba0/MiniRaftClusterWithGrpcb71097c6/s0/9393d5d7-2db7-4118-a8bd-9d3409bee5f0/current
2024-03-25 15:14:12,361 [s0-impl-thread1] TRACE util.FileUtils (LogUtils.java:runAndLog(49)) - Successfully ran Files.createDirectories /home/runner/work/ratis/ratis/ratis-test/target/test/data/ca1c2ba0/MiniRaftClusterWithGrpcb71097c6/s0/9393d5d7-2db7-4118-a8bd-9d3409bee5f0/sm
2024-03-25 15:14:12,361 [s0-impl-thread1] TRACE util.FileUtils (LogUtils.java:supplyAndLog(69)) - Successfully supplied FileChannel.open /home/runner/work/ratis/ratis/ratis-test/target/test/data/ca1c2ba0/MiniRaftClusterWithGrpcb71097c6/s0/9393d5d7-2db7-4118-a8bd-9d3409bee5f0/current/raft-meta.tmp with options [CREATE, WRITE]: sun.nio.ch.FileChannelImpl@1169d511
2024-03-25 15:14:12,363 [s0-impl-thread1] TRACE util.FileUtils (LogUtils.java:runAndLog(49)) - Successfully ran Atomic Files.move /home/runner/work/ratis/ratis/ratis-test/target/test/data/ca1c2ba0/MiniRaftClusterWithGrpcb71097c6/s0/9393d5d7-2db7-4118-a8bd-9d3409bee5f0/current/raft-meta.tmp to /home/runner/work/ratis/ratis/ratis-test/target/test/data/ca1c2ba0/MiniRaftClusterWithGrpcb71097c6/s0/9393d5d7-2db7-4118-a8bd-9d3409bee5f0/current/raft-meta with options [REPLACE_EXISTING]
2024-03-25 15:14:12,363 [s0-impl-thread1] INFO  storage.RaftStorage (RaftStorageImpl.java:format(98)) - Storage directory /home/runner/work/ratis/ratis/ratis-test/target/test/data/ca1c2ba0/MiniRaftClusterWithGrpcb71097c6/s0/9393d5d7-2db7-4118-a8bd-9d3409bee5f0 has been successfully formatted.
2024-03-25 15:14:12,363 [s0-impl-thread1] INFO  impl.SimpleStateMachine4Testing (SimpleStateMachine4Testing.java:initialize(216)) - Initializing SimpleStateMachine4Testing:uninitialized
2024-03-25 15:14:12,363 [s0-impl-thread1] INFO  impl.SimpleStateMachine4Testing (SimpleStateMachine4Testing.java:loadSnapshot(301)) - Loading snapshot null
2024-03-25 15:14:12,367 [s0-impl-thread1] INFO  util.AwaitToRun (AwaitToRun.java:start(81)) - Thread[s0@group-9D3409BEE5F0-cacheEviction-AwaitToRun,5,main] started
2024-03-25 15:14:12,367 [s0-impl-thread1] INFO  segmented.SegmentedRaftLogWorker (SegmentedRaftLogWorker.java:<init>(182)) - new s0@group-9D3409BEE5F0-SegmentedRaftLogWorker for RaftStorageImpl:Storage Directory /home/runner/work/ratis/ratis/ratis-test/target/test/data/ca1c2ba0/MiniRaftClusterWithGrpcb71097c6/s0/9393d5d7-2db7-4118-a8bd-9d3409bee5f0
2024-03-25 15:14:12,369 [s0-impl-thread1] INFO  segmented.SegmentedRaftLogWorker (SegmentedRaftLogWorker.java:lambda$new$0(134)) - s0@group-9D3409BEE5F0-SegmentedRaftLogWorker: flushIndex: setUnconditionally 0 -> -1
2024-03-25 15:14:12,369 [s0-impl-thread1] INFO  segmented.SegmentedRaftLogWorker (SegmentedRaftLogWorker.java:lambda$new$0(134)) - s0@group-9D3409BEE5F0-SegmentedRaftLogWorker: safeCacheEvictIndex: setUnconditionally 0 -> -1
2024-03-25 15:14:12,370 [s0-impl-thread1] INFO  server.RaftServer$Division (RaftServerImpl.java:start(389)) - s0@group-9D3409BEE5F0: start as a follower, conf=conf: {index: -1, cur=peers:[s3|localhost:15012, s4|localhost:15016, s0|localhost:15000, s1|localhost:15004, s2|localhost:15008]|listeners:[], old=null}
2024-03-25 15:14:12,370 [s0-impl-thread1] INFO  server.RaftServer$Division (RaftServerImpl.java:setRole(376)) - s0@group-9D3409BEE5F0: changes role from      null to FOLLOWER at term 0 for startAsFollower
2024-03-25 15:14:12,370 [s0-impl-thread1] INFO  impl.RoleInfo (RoleInfo.java:updateAndGet(148)) - s0: start s0@group-9D3409BEE5F0-FollowerState
2024-03-25 15:14:12,370 [s0-impl-thread1] INFO  util.JmxRegister (JmxRegister.java:tryRegister(44)) - Successfully registered JMX Bean with object name Ratis:service=RaftServer,group=group-9D3409BEE5F0,id=s0
2024-03-25 15:14:12,370 [s0-impl-thread1] INFO  util.JmxRegister (JmxRegister.java:register(58)) - register mxBean class org.apache.ratis.server.impl.RaftServerJmxAdapter as Ratis:service=RaftServer,group=group-9D3409BEE5F0,id=s0
2024-03-25 15:14:12,371 [main] INFO  server.RaftServer (RaftServerProxy.java:startImpl(407)) - s0: start RPC server
2024-03-25 15:14:12,372 [main] INFO  server.GrpcService (GrpcService.java:startImpl(309)) - s0: GrpcService started, listening on 15002
2024-03-25 15:14:12,373 [main] INFO  server.GrpcService (GrpcService.java:startImpl(309)) - s0: GrpcService started, listening on 15000
2024-03-25 15:14:12,373 [main] INFO  server.GrpcService (GrpcService.java:startImpl(309)) - s0: GrpcService started, listening on 15001
2024-03-25 15:14:12,374 [s1-impl-thread1] INFO  storage.RaftStorageDirectory (RaftStorageDirectoryImpl.java:analyzeStorage(138)) - The storage directory /home/runner/work/ratis/ratis/ratis-test/target/test/data/ca1c2ba0/MiniRaftClusterWithGrpcb71097c6/s1/9393d5d7-2db7-4118-a8bd-9d3409bee5f0 does not exist. Creating ...
2024-03-25 15:14:12,375 [s1-impl-thread1] TRACE util.FileUtils (LogUtils.java:runAndLog(49)) - Successfully ran Files.createDirectories /home/runner/work/ratis/ratis/ratis-test/target/test/data/ca1c2ba0/MiniRaftClusterWithGrpcb71097c6/s1/9393d5d7-2db7-4118-a8bd-9d3409bee5f0
2024-03-25 15:14:12,375 [JvmPauseMonitor2] INFO  util.JvmPauseMonitor (JvmPauseMonitor.java:run(146)) - JvmPauseMonitor-s0: Started
2024-03-25 15:14:12,376 [s1-impl-thread1] INFO  storage.RaftStorageDirectory (RaftStorageDirectoryImpl.java:tryLock(228)) - Lock on /home/runner/work/ratis/ratis/ratis-test/target/test/data/ca1c2ba0/MiniRaftClusterWithGrpcb71097c6/s1/9393d5d7-2db7-4118-a8bd-9d3409bee5f0/in_use.lock acquired by nodename 3082@fv-az656-22
2024-03-25 15:14:12,376 [s1-impl-thread1] TRACE util.FileUtils (LogUtils.java:runAndLog(49)) - Successfully ran Files.createDirectories /home/runner/work/ratis/ratis/ratis-test/target/test/data/ca1c2ba0/MiniRaftClusterWithGrpcb71097c6/s1/9393d5d7-2db7-4118-a8bd-9d3409bee5f0/current
2024-03-25 15:14:12,376 [s1-impl-thread1] TRACE util.FileUtils (LogUtils.java:runAndLog(49)) - Successfully ran Files.createDirectories /home/runner/work/ratis/ratis/ratis-test/target/test/data/ca1c2ba0/MiniRaftClusterWithGrpcb71097c6/s1/9393d5d7-2db7-4118-a8bd-9d3409bee5f0/sm
2024-03-25 15:14:12,376 [s1-impl-thread1] TRACE util.FileUtils (LogUtils.java:supplyAndLog(69)) - Successfully supplied FileChannel.open /home/runner/work/ratis/ratis/ratis-test/target/test/data/ca1c2ba0/MiniRaftClusterWithGrpcb71097c6/s1/9393d5d7-2db7-4118-a8bd-9d3409bee5f0/current/raft-meta.tmp with options [CREATE, WRITE]: sun.nio.ch.FileChannelImpl@101a30a7
2024-03-25 15:14:12,378 [s1-impl-thread1] TRACE util.FileUtils (LogUtils.java:runAndLog(49)) - Successfully ran Atomic Files.move /home/runner/work/ratis/ratis/ratis-test/target/test/data/ca1c2ba0/MiniRaftClusterWithGrpcb71097c6/s1/9393d5d7-2db7-4118-a8bd-9d3409bee5f0/current/raft-meta.tmp to /home/runner/work/ratis/ratis/ratis-test/target/test/data/ca1c2ba0/MiniRaftClusterWithGrpcb71097c6/s1/9393d5d7-2db7-4118-a8bd-9d3409bee5f0/current/raft-meta with options [REPLACE_EXISTING]
2024-03-25 15:14:12,378 [s1-impl-thread1] INFO  storage.RaftStorage (RaftStorageImpl.java:format(98)) - Storage directory /home/runner/work/ratis/ratis/ratis-test/target/test/data/ca1c2ba0/MiniRaftClusterWithGrpcb71097c6/s1/9393d5d7-2db7-4118-a8bd-9d3409bee5f0 has been successfully formatted.
2024-03-25 15:14:12,378 [s1-impl-thread1] INFO  impl.SimpleStateMachine4Testing (SimpleStateMachine4Testing.java:initialize(216)) - Initializing SimpleStateMachine4Testing:uninitialized
2024-03-25 15:14:12,378 [s1-impl-thread1] INFO  impl.SimpleStateMachine4Testing (SimpleStateMachine4Testing.java:loadSnapshot(301)) - Loading snapshot null
2024-03-25 15:14:12,380 [s1-impl-thread1] INFO  util.AwaitToRun (AwaitToRun.java:start(81)) - Thread[s1@group-9D3409BEE5F0-cacheEviction-AwaitToRun,5,main] started
2024-03-25 15:14:12,380 [s1-impl-thread1] INFO  segmented.SegmentedRaftLogWorker (SegmentedRaftLogWorker.java:<init>(182)) - new s1@group-9D3409BEE5F0-SegmentedRaftLogWorker for RaftStorageImpl:Storage Directory /home/runner/work/ratis/ratis/ratis-test/target/test/data/ca1c2ba0/MiniRaftClusterWithGrpcb71097c6/s1/9393d5d7-2db7-4118-a8bd-9d3409bee5f0
2024-03-25 15:14:12,382 [s1-impl-thread1] INFO  segmented.SegmentedRaftLogWorker (SegmentedRaftLogWorker.java:lambda$new$0(134)) - s1@group-9D3409BEE5F0-SegmentedRaftLogWorker: flushIndex: setUnconditionally 0 -> -1
2024-03-25 15:14:12,382 [s1-impl-thread1] INFO  segmented.SegmentedRaftLogWorker (SegmentedRaftLogWorker.java:lambda$new$0(134)) - s1@group-9D3409BEE5F0-SegmentedRaftLogWorker: safeCacheEvictIndex: setUnconditionally 0 -> -1
2024-03-25 15:14:12,383 [s1-impl-thread1] INFO  server.RaftServer$Division (RaftServerImpl.java:start(389)) - s1@group-9D3409BEE5F0: start as a follower, conf=conf: {index: -1, cur=peers:[s3|localhost:15012, s4|localhost:15016, s0|localhost:15000, s1|localhost:15004, s2|localhost:15008]|listeners:[], old=null}
2024-03-25 15:14:12,383 [s1-impl-thread1] INFO  server.RaftServer$Division (RaftServerImpl.java:setRole(376)) - s1@group-9D3409BEE5F0: changes role from      null to FOLLOWER at term 0 for startAsFollower
2024-03-25 15:14:12,383 [s1-impl-thread1] INFO  impl.RoleInfo (RoleInfo.java:updateAndGet(148)) - s1: start s1@group-9D3409BEE5F0-FollowerState
2024-03-25 15:14:12,383 [s1-impl-thread1] INFO  util.JmxRegister (JmxRegister.java:tryRegister(44)) - Successfully registered JMX Bean with object name Ratis:service=RaftServer,group=group-9D3409BEE5F0,id=s1
2024-03-25 15:14:12,383 [s1-impl-thread1] INFO  util.JmxRegister (JmxRegister.java:register(58)) - register mxBean class org.apache.ratis.server.impl.RaftServerJmxAdapter as Ratis:service=RaftServer,group=group-9D3409BEE5F0,id=s1
2024-03-25 15:14:12,384 [main] INFO  server.RaftServer (RaftServerProxy.java:startImpl(407)) - s1: start RPC server
2024-03-25 15:14:12,385 [main] INFO  server.GrpcService (GrpcService.java:startImpl(309)) - s1: GrpcService started, listening on 15006
2024-03-25 15:14:12,386 [main] INFO  server.GrpcService (GrpcService.java:startImpl(309)) - s1: GrpcService started, listening on 15004
2024-03-25 15:14:12,387 [main] INFO  server.GrpcService (GrpcService.java:startImpl(309)) - s1: GrpcService started, listening on 15005
2024-03-25 15:14:12,391 [JvmPauseMonitor3] INFO  util.JvmPauseMonitor (JvmPauseMonitor.java:run(146)) - JvmPauseMonitor-s1: Started
2024-03-25 15:14:12,391 [s2-impl-thread1] INFO  storage.RaftStorageDirectory (RaftStorageDirectoryImpl.java:analyzeStorage(138)) - The storage directory /home/runner/work/ratis/ratis/ratis-test/target/test/data/ca1c2ba0/MiniRaftClusterWithGrpcb71097c6/s2/9393d5d7-2db7-4118-a8bd-9d3409bee5f0 does not exist. Creating ...
2024-03-25 15:14:12,392 [s2-impl-thread1] TRACE util.FileUtils (LogUtils.java:runAndLog(49)) - Successfully ran Files.createDirectories /home/runner/work/ratis/ratis/ratis-test/target/test/data/ca1c2ba0/MiniRaftClusterWithGrpcb71097c6/s2/9393d5d7-2db7-4118-a8bd-9d3409bee5f0
2024-03-25 15:14:12,393 [s2-impl-thread1] INFO  storage.RaftStorageDirectory (RaftStorageDirectoryImpl.java:tryLock(228)) - Lock on /home/runner/work/ratis/ratis/ratis-test/target/test/data/ca1c2ba0/MiniRaftClusterWithGrpcb71097c6/s2/9393d5d7-2db7-4118-a8bd-9d3409bee5f0/in_use.lock acquired by nodename 3082@fv-az656-22
2024-03-25 15:14:12,393 [s2-impl-thread1] TRACE util.FileUtils (LogUtils.java:runAndLog(49)) - Successfully ran Files.createDirectories /home/runner/work/ratis/ratis/ratis-test/target/test/data/ca1c2ba0/MiniRaftClusterWithGrpcb71097c6/s2/9393d5d7-2db7-4118-a8bd-9d3409bee5f0/current
2024-03-25 15:14:12,393 [s2-impl-thread1] TRACE util.FileUtils (LogUtils.java:runAndLog(49)) - Successfully ran Files.createDirectories /home/runner/work/ratis/ratis/ratis-test/target/test/data/ca1c2ba0/MiniRaftClusterWithGrpcb71097c6/s2/9393d5d7-2db7-4118-a8bd-9d3409bee5f0/sm
2024-03-25 15:14:12,393 [s2-impl-thread1] TRACE util.FileUtils (LogUtils.java:supplyAndLog(69)) - Successfully supplied FileChannel.open /home/runner/work/ratis/ratis/ratis-test/target/test/data/ca1c2ba0/MiniRaftClusterWithGrpcb71097c6/s2/9393d5d7-2db7-4118-a8bd-9d3409bee5f0/current/raft-meta.tmp with options [CREATE, WRITE]: sun.nio.ch.FileChannelImpl@4c10348d
2024-03-25 15:14:12,395 [s2-impl-thread1] TRACE util.FileUtils (LogUtils.java:runAndLog(49)) - Successfully ran Atomic Files.move /home/runner/work/ratis/ratis/ratis-test/target/test/data/ca1c2ba0/MiniRaftClusterWithGrpcb71097c6/s2/9393d5d7-2db7-4118-a8bd-9d3409bee5f0/current/raft-meta.tmp to /home/runner/work/ratis/ratis/ratis-test/target/test/data/ca1c2ba0/MiniRaftClusterWithGrpcb71097c6/s2/9393d5d7-2db7-4118-a8bd-9d3409bee5f0/current/raft-meta with options [REPLACE_EXISTING]
2024-03-25 15:14:12,395 [s2-impl-thread1] INFO  storage.RaftStorage (RaftStorageImpl.java:format(98)) - Storage directory /home/runner/work/ratis/ratis/ratis-test/target/test/data/ca1c2ba0/MiniRaftClusterWithGrpcb71097c6/s2/9393d5d7-2db7-4118-a8bd-9d3409bee5f0 has been successfully formatted.
2024-03-25 15:14:12,395 [s2-impl-thread1] INFO  impl.SimpleStateMachine4Testing (SimpleStateMachine4Testing.java:initialize(216)) - Initializing SimpleStateMachine4Testing:uninitialized
2024-03-25 15:14:12,396 [s2-impl-thread1] INFO  impl.SimpleStateMachine4Testing (SimpleStateMachine4Testing.java:loadSnapshot(301)) - Loading snapshot null
2024-03-25 15:14:12,398 [s2-impl-thread1] INFO  util.AwaitToRun (AwaitToRun.java:start(81)) - Thread[s2@group-9D3409BEE5F0-cacheEviction-AwaitToRun,5,main] started
2024-03-25 15:14:12,398 [s2-impl-thread1] INFO  segmented.SegmentedRaftLogWorker (SegmentedRaftLogWorker.java:<init>(182)) - new s2@group-9D3409BEE5F0-SegmentedRaftLogWorker for RaftStorageImpl:Storage Directory /home/runner/work/ratis/ratis/ratis-test/target/test/data/ca1c2ba0/MiniRaftClusterWithGrpcb71097c6/s2/9393d5d7-2db7-4118-a8bd-9d3409bee5f0
2024-03-25 15:14:12,400 [s2-impl-thread1] INFO  segmented.SegmentedRaftLogWorker (SegmentedRaftLogWorker.java:lambda$new$0(134)) - s2@group-9D3409BEE5F0-SegmentedRaftLogWorker: flushIndex: setUnconditionally 0 -> -1
2024-03-25 15:14:12,400 [s2-impl-thread1] INFO  segmented.SegmentedRaftLogWorker (SegmentedRaftLogWorker.java:lambda$new$0(134)) - s2@group-9D3409BEE5F0-SegmentedRaftLogWorker: safeCacheEvictIndex: setUnconditionally 0 -> -1
2024-03-25 15:14:12,400 [s2-impl-thread1] INFO  server.RaftServer$Division (RaftServerImpl.java:start(389)) - s2@group-9D3409BEE5F0: start as a follower, conf=conf: {index: -1, cur=peers:[s3|localhost:15012, s4|localhost:15016, s0|localhost:15000, s1|localhost:15004, s2|localhost:15008]|listeners:[], old=null}
2024-03-25 15:14:12,400 [s2-impl-thread1] INFO  server.RaftServer$Division (RaftServerImpl.java:setRole(376)) - s2@group-9D3409BEE5F0: changes role from      null to FOLLOWER at term 0 for startAsFollower
2024-03-25 15:14:12,400 [s2-impl-thread1] INFO  impl.RoleInfo (RoleInfo.java:updateAndGet(148)) - s2: start s2@group-9D3409BEE5F0-FollowerState
2024-03-25 15:14:12,401 [s2-impl-thread1] INFO  util.JmxRegister (JmxRegister.java:tryRegister(44)) - Successfully registered JMX Bean with object name Ratis:service=RaftServer,group=group-9D3409BEE5F0,id=s2
2024-03-25 15:14:12,401 [s2-impl-thread1] INFO  util.JmxRegister (JmxRegister.java:register(58)) - register mxBean class org.apache.ratis.server.impl.RaftServerJmxAdapter as Ratis:service=RaftServer,group=group-9D3409BEE5F0,id=s2
2024-03-25 15:14:12,402 [main] INFO  server.RaftServer (RaftServerProxy.java:startImpl(407)) - s2: start RPC server
2024-03-25 15:14:12,402 [main] INFO  server.GrpcService (GrpcService.java:startImpl(309)) - s2: GrpcService started, listening on 15010
2024-03-25 15:14:12,415 [main] INFO  server.GrpcService (GrpcService.java:startImpl(309)) - s2: GrpcService started, listening on 15008
2024-03-25 15:14:12,416 [main] INFO  server.GrpcService (GrpcService.java:startImpl(309)) - s2: GrpcService started, listening on 15009
2024-03-25 15:14:12,428 [main] INFO  ratis.RaftTestUtil (RaftTestUtil.java:waitForLeader(107)) - printing ALL groups
  s3:  RUNNING  FOLLOWER s3@group-9D3409BEE5F0:t0, leader=null, voted=, raftlog=Memoized:s3@group-9D3409BEE5F0-SegmentedRaftLog:OPENED:c-1:lastnull, conf=conf: {index: -1, cur=peers:[s3|localhost:15012, s4|localhost:15016, s0|localhost:15000, s1|localhost:15004, s2|localhost:15008]|listeners:[], old=null} RUNNING
  s4:  RUNNING  FOLLOWER s4@group-9D3409BEE5F0:t0, leader=null, voted=, raftlog=Memoized:s4@group-9D3409BEE5F0-SegmentedRaftLog:OPENED:c-1:lastnull, conf=conf: {index: -1, cur=peers:[s3|localhost:15012, s4|localhost:15016, s0|localhost:15000, s1|localhost:15004, s2|localhost:15008]|listeners:[], old=null} RUNNING
  s0:  RUNNING  FOLLOWER s0@group-9D3409BEE5F0:t0, leader=null, voted=, raftlog=Memoized:s0@group-9D3409BEE5F0-SegmentedRaftLog:OPENED:c-1:lastnull, conf=conf: {index: -1, cur=peers:[s3|localhost:15012, s4|localhost:15016, s0|localhost:15000, s1|localhost:15004, s2|localhost:15008]|listeners:[], old=null} RUNNING
  s1:  RUNNING  FOLLOWER s1@group-9D3409BEE5F0:t0, leader=null, voted=, raftlog=Memoized:s1@group-9D3409BEE5F0-SegmentedRaftLog:OPENED:c-1:lastnull, conf=conf: {index: -1, cur=peers:[s3|localhost:15012, s4|localhost:15016, s0|localhost:15000, s1|localhost:15004, s2|localhost:15008]|listeners:[], old=null} RUNNING
  s2:  RUNNING  FOLLOWER s2@group-9D3409BEE5F0:t0, leader=null, voted=, raftlog=Memoized:s2@group-9D3409BEE5F0-SegmentedRaftLog:OPENED:c-1:lastnull, conf=conf: {index: -1, cur=peers:[s3|localhost:15012, s4|localhost:15016, s0|localhost:15000, s1|localhost:15004, s2|localhost:15008]|listeners:[], old=null} RUNNING
2024-03-25 15:14:12,431 [JvmPauseMonitor4] INFO  util.JvmPauseMonitor (JvmPauseMonitor.java:run(146)) - JvmPauseMonitor-s2: Started
2024-03-25 15:14:12,434 [main] WARN  ratis.RaftTestUtil (RaftTestUtil.java:lambda$waitForLeader$3(126)) - Attempt #1 failed: java.lang.IllegalStateException: No leader yet : printing ALL groups
  s3:  RUNNING  FOLLOWER s3@group-9D3409BEE5F0:t0, leader=null, voted=, raftlog=Memoized:s3@group-9D3409BEE5F0-SegmentedRaftLog:OPENED:c-1:lastnull, conf=conf: {index: -1, cur=peers:[s3|localhost:15012, s4|localhost:15016, s0|localhost:15000, s1|localhost:15004, s2|localhost:15008]|listeners:[], old=null} RUNNING
  s4:  RUNNING  FOLLOWER s4@group-9D3409BEE5F0:t0, leader=null, voted=, raftlog=Memoized:s4@group-9D3409BEE5F0-SegmentedRaftLog:OPENED:c-1:lastnull, conf=conf: {index: -1, cur=peers:[s3|localhost:15012, s4|localhost:15016, s0|localhost:15000, s1|localhost:15004, s2|localhost:15008]|listeners:[], old=null} RUNNING
  s0:  RUNNING  FOLLOWER s0@group-9D3409BEE5F0:t0, leader=null, voted=, raftlog=Memoized:s0@group-9D3409BEE5F0-SegmentedRaftLog:OPENED:c-1:lastnull, conf=conf: {index: -1, cur=peers:[s3|localhost:15012, s4|localhost:15016, s0|localhost:15000, s1|localhost:15004, s2|localhost:15008]|listeners:[], old=null} RUNNING
  s1:  RUNNING  FOLLOWER s1@group-9D3409BEE5F0:t0, leader=null, voted=, raftlog=Memoized:s1@group-9D3409BEE5F0-SegmentedRaftLog:OPENED:c-1:lastnull, conf=conf: {index: -1, cur=peers:[s3|localhost:15012, s4|localhost:15016, s0|localhost:15000, s1|localhost:15004, s2|localhost:15008]|listeners:[], old=null} RUNNING
  s2:  RUNNING  FOLLOWER s2@group-9D3409BEE5F0:t0, leader=null, voted=, raftlog=Memoized:s2@group-9D3409BEE5F0-SegmentedRaftLog:OPENED:c-1:lastnull, conf=conf: {index: -1, cur=peers:[s3|localhost:15012, s4|localhost:15016, s0|localhost:15000, s1|localhost:15004, s2|localhost:15008]|listeners:[], old=null} RUNNING
2024-03-25 15:14:13,579 [s0@group-9D3409BEE5F0-FollowerState] INFO  impl.FollowerState (FollowerState.java:run(143)) - s0@group-9D3409BEE5F0-FollowerState: change to CANDIDATE, lastRpcElapsedTime:1208756740ns, electionTimeout:1206ms
2024-03-25 15:14:13,579 [s0@group-9D3409BEE5F0-FollowerState] INFO  impl.RoleInfo (RoleInfo.java:shutdownFollowerState(119)) - s0: shutdown s0@group-9D3409BEE5F0-FollowerState
2024-03-25 15:14:13,579 [s0@group-9D3409BEE5F0-FollowerState] INFO  server.RaftServer$Division (RaftServerImpl.java:setRole(376)) - s0@group-9D3409BEE5F0: changes role from  FOLLOWER to CANDIDATE at term 0 for changeToCandidate
2024-03-25 15:14:13,584 [s0@group-9D3409BEE5F0-FollowerState] INFO  impl.RoleInfo (RoleInfo.java:updateAndGet(148)) - s0: start s0@group-9D3409BEE5F0-LeaderElection1
2024-03-25 15:14:13,588 [s0@group-9D3409BEE5F0-LeaderElection1] INFO  impl.LeaderElection (LeaderElection.java:askForVotes(321)) - s0@group-9D3409BEE5F0-LeaderElection1 PRE_VOTE round 0: submit vote requests at term 0 for conf: {index: -1, cur=peers:[s3|localhost:15012, s4|localhost:15016, s0|localhost:15000, s1|localhost:15004, s2|localhost:15008]|listeners:[], old=null}
2024-03-25 15:14:13,627 [s0@group-9D3409BEE5F0-LeaderElection1-2] INFO  server.GrpcServerProtocolClient (GrpcServerProtocolClient.java:<init>(65)) - Build channel for s4|localhost:15016
2024-03-25 15:14:13,628 [s0@group-9D3409BEE5F0-LeaderElection1-3] INFO  server.GrpcServerProtocolClient (GrpcServerProtocolClient.java:<init>(65)) - Build channel for s1|localhost:15004
2024-03-25 15:14:13,628 [s0@group-9D3409BEE5F0-LeaderElection1-4] INFO  server.GrpcServerProtocolClient (GrpcServerProtocolClient.java:<init>(65)) - Build channel for s2|localhost:15008
2024-03-25 15:14:13,629 [s0@group-9D3409BEE5F0-LeaderElection1-1] INFO  server.GrpcServerProtocolClient (GrpcServerProtocolClient.java:<init>(65)) - Build channel for s3|localhost:15012
2024-03-25 15:14:13,816 [s4@group-9D3409BEE5F0-FollowerState] INFO  impl.FollowerState (FollowerState.java:run(143)) - s4@group-9D3409BEE5F0-FollowerState: change to CANDIDATE, lastRpcElapsedTime:1465023839ns, electionTimeout:1464ms
2024-03-25 15:14:13,816 [s4@group-9D3409BEE5F0-FollowerState] INFO  impl.RoleInfo (RoleInfo.java:shutdownFollowerState(119)) - s4: shutdown s4@group-9D3409BEE5F0-FollowerState
2024-03-25 15:14:13,816 [s4@group-9D3409BEE5F0-FollowerState] INFO  server.RaftServer$Division (RaftServerImpl.java:setRole(376)) - s4@group-9D3409BEE5F0: changes role from  FOLLOWER to CANDIDATE at term 0 for changeToCandidate
2024-03-25 15:14:13,816 [s4@group-9D3409BEE5F0-FollowerState] INFO  impl.RoleInfo (RoleInfo.java:updateAndGet(148)) - s4: start s4@group-9D3409BEE5F0-LeaderElection2
2024-03-25 15:14:13,818 [s4@group-9D3409BEE5F0-LeaderElection2] INFO  impl.LeaderElection (LeaderElection.java:askForVotes(321)) - s4@group-9D3409BEE5F0-LeaderElection2 PRE_VOTE round 0: submit vote requests at term 0 for conf: {index: -1, cur=peers:[s3|localhost:15012, s4|localhost:15016, s0|localhost:15000, s1|localhost:15004, s2|localhost:15008]|listeners:[], old=null}
2024-03-25 15:14:13,819 [s4@group-9D3409BEE5F0-LeaderElection2-1] INFO  server.GrpcServerProtocolClient (GrpcServerProtocolClient.java:<init>(65)) - Build channel for s3|localhost:15012
2024-03-25 15:14:13,821 [s4@group-9D3409BEE5F0-LeaderElection2-2] INFO  server.GrpcServerProtocolClient (GrpcServerProtocolClient.java:<init>(65)) - Build channel for s0|localhost:15000
2024-03-25 15:14:13,826 [s4@group-9D3409BEE5F0-LeaderElection2-3] INFO  server.GrpcServerProtocolClient (GrpcServerProtocolClient.java:<init>(65)) - Build channel for s1|localhost:15004
2024-03-25 15:14:13,829 [s4@group-9D3409BEE5F0-LeaderElection2-4] INFO  server.GrpcServerProtocolClient (GrpcServerProtocolClient.java:<init>(65)) - Build channel for s2|localhost:15008
2024-03-25 15:14:14,051 [s3@group-9D3409BEE5F0-FollowerState] INFO  impl.FollowerState (FollowerState.java:run(143)) - s3@group-9D3409BEE5F0-FollowerState: change to CANDIDATE, lastRpcElapsedTime:1795294408ns, electionTimeout:1794ms
2024-03-25 15:14:14,052 [s3@group-9D3409BEE5F0-FollowerState] INFO  impl.RoleInfo (RoleInfo.java:shutdownFollowerState(119)) - s3: shutdown s3@group-9D3409BEE5F0-FollowerState
2024-03-25 15:14:14,052 [s3@group-9D3409BEE5F0-FollowerState] INFO  server.RaftServer$Division (RaftServerImpl.java:setRole(376)) - s3@group-9D3409BEE5F0: changes role from  FOLLOWER to CANDIDATE at term 0 for changeToCandidate
2024-03-25 15:14:14,052 [s3@group-9D3409BEE5F0-FollowerState] INFO  impl.RoleInfo (RoleInfo.java:updateAndGet(148)) - s3: start s3@group-9D3409BEE5F0-LeaderElection3
2024-03-25 15:14:14,062 [s3@group-9D3409BEE5F0-LeaderElection3] INFO  impl.LeaderElection (LeaderElection.java:askForVotes(321)) - s3@group-9D3409BEE5F0-LeaderElection3 PRE_VOTE round 0: submit vote requests at term 0 for conf: {index: -1, cur=peers:[s3|localhost:15012, s4|localhost:15016, s0|localhost:15000, s1|localhost:15004, s2|localhost:15008]|listeners:[], old=null}
2024-03-25 15:14:14,063 [s3@group-9D3409BEE5F0-LeaderElection3-1] INFO  server.GrpcServerProtocolClient (GrpcServerProtocolClient.java:<init>(65)) - Build channel for s4|localhost:15016
2024-03-25 15:14:14,065 [s3@group-9D3409BEE5F0-LeaderElection3-2] INFO  server.GrpcServerProtocolClient (GrpcServerProtocolClient.java:<init>(65)) - Build channel for s0|localhost:15000
2024-03-25 15:14:14,069 [s3@group-9D3409BEE5F0-LeaderElection3-3] INFO  server.GrpcServerProtocolClient (GrpcServerProtocolClient.java:<init>(65)) - Build channel for s1|localhost:15004
2024-03-25 15:14:14,077 [s3@group-9D3409BEE5F0-LeaderElection3-4] INFO  server.GrpcServerProtocolClient (GrpcServerProtocolClient.java:<init>(65)) - Build channel for s2|localhost:15008
2024-03-25 15:14:14,111 [s1@group-9D3409BEE5F0-FollowerState] INFO  impl.FollowerState (FollowerState.java:run(143)) - s1@group-9D3409BEE5F0-FollowerState: change to CANDIDATE, lastRpcElapsedTime:1727749313ns, electionTimeout:1727ms
2024-03-25 15:14:14,111 [s1@group-9D3409BEE5F0-FollowerState] INFO  impl.RoleInfo (RoleInfo.java:shutdownFollowerState(119)) - s1: shutdown s1@group-9D3409BEE5F0-FollowerState
2024-03-25 15:14:14,111 [s1@group-9D3409BEE5F0-FollowerState] INFO  server.RaftServer$Division (RaftServerImpl.java:setRole(376)) - s1@group-9D3409BEE5F0: changes role from  FOLLOWER to CANDIDATE at term 0 for changeToCandidate
2024-03-25 15:14:14,111 [s1@group-9D3409BEE5F0-FollowerState] INFO  impl.RoleInfo (RoleInfo.java:updateAndGet(148)) - s1: start s1@group-9D3409BEE5F0-LeaderElection4
2024-03-25 15:14:14,112 [s1@group-9D3409BEE5F0-LeaderElection4] INFO  impl.LeaderElection (LeaderElection.java:askForVotes(321)) - s1@group-9D3409BEE5F0-LeaderElection4 PRE_VOTE round 0: submit vote requests at term 0 for conf: {index: -1, cur=peers:[s3|localhost:15012, s4|localhost:15016, s0|localhost:15000, s1|localhost:15004, s2|localhost:15008]|listeners:[], old=null}
2024-03-25 15:14:14,114 [s1@group-9D3409BEE5F0-LeaderElection4-1] INFO  server.GrpcServerProtocolClient (GrpcServerProtocolClient.java:<init>(65)) - Build channel for s3|localhost:15012
2024-03-25 15:14:14,119 [s1@group-9D3409BEE5F0-LeaderElection4-2] INFO  server.GrpcServerProtocolClient (GrpcServerProtocolClient.java:<init>(65)) - Build channel for s4|localhost:15016
2024-03-25 15:14:14,128 [s1@group-9D3409BEE5F0-LeaderElection4-3] INFO  server.GrpcServerProtocolClient (GrpcServerProtocolClient.java:<init>(65)) - Build channel for s0|localhost:15000
2024-03-25 15:14:14,128 [s1@group-9D3409BEE5F0-LeaderElection4-4] INFO  server.GrpcServerProtocolClient (GrpcServerProtocolClient.java:<init>(65)) - Build channel for s2|localhost:15008
2024-03-25 15:14:14,144 [s2@group-9D3409BEE5F0-FollowerState] INFO  impl.FollowerState (FollowerState.java:run(143)) - s2@group-9D3409BEE5F0-FollowerState: change to CANDIDATE, lastRpcElapsedTime:1743415050ns, electionTimeout:1742ms
2024-03-25 15:14:14,144 [s2@group-9D3409BEE5F0-FollowerState] INFO  impl.RoleInfo (RoleInfo.java:shutdownFollowerState(119)) - s2: shutdown s2@group-9D3409BEE5F0-FollowerState
2024-03-25 15:14:14,144 [s2@group-9D3409BEE5F0-FollowerState] INFO  server.RaftServer$Division (RaftServerImpl.java:setRole(376)) - s2@group-9D3409BEE5F0: changes role from  FOLLOWER to CANDIDATE at term 0 for changeToCandidate
2024-03-25 15:14:14,144 [s2@group-9D3409BEE5F0-FollowerState] INFO  impl.RoleInfo (RoleInfo.java:updateAndGet(148)) - s2: start s2@group-9D3409BEE5F0-LeaderElection5
2024-03-25 15:14:14,152 [s2@group-9D3409BEE5F0-LeaderElection5] INFO  impl.LeaderElection (LeaderElection.java:askForVotes(321)) - s2@group-9D3409BEE5F0-LeaderElection5 PRE_VOTE round 0: submit vote requests at term 0 for conf: {index: -1, cur=peers:[s3|localhost:15012, s4|localhost:15016, s0|localhost:15000, s1|localhost:15004, s2|localhost:15008]|listeners:[], old=null}
2024-03-25 15:14:14,152 [s2@group-9D3409BEE5F0-LeaderElection5-1] INFO  server.GrpcServerProtocolClient (GrpcServerProtocolClient.java:<init>(65)) - Build channel for s3|localhost:15012
2024-03-25 15:14:14,152 [s2@group-9D3409BEE5F0-LeaderElection5-2] INFO  server.GrpcServerProtocolClient (GrpcServerProtocolClient.java:<init>(65)) - Build channel for s4|localhost:15016
2024-03-25 15:14:14,153 [s2@group-9D3409BEE5F0-LeaderElection5-4] INFO  server.GrpcServerProtocolClient (GrpcServerProtocolClient.java:<init>(65)) - Build channel for s1|localhost:15004
2024-03-25 15:14:14,154 [s2@group-9D3409BEE5F0-LeaderElection5-3] INFO  server.GrpcServerProtocolClient (GrpcServerProtocolClient.java:<init>(65)) - Build channel for s0|localhost:15000
2024-03-25 15:14:14,185 [grpc-default-executor-4] INFO  server.RaftServer$Division (RaftServerImpl.java:requestVote(1402)) - s0@group-9D3409BEE5F0: receive requestVote(PRE_VOTE, s4, group-9D3409BEE5F0, 0, (t:0, i:0))
2024-03-25 15:14:14,186 [grpc-default-executor-1] INFO  server.RaftServer$Division (RaftServerImpl.java:requestVote(1402)) - s3@group-9D3409BEE5F0: receive requestVote(PRE_VOTE, s0, group-9D3409BEE5F0, 0, (t:0, i:0))
2024-03-25 15:14:14,186 [grpc-default-executor-6] INFO  server.RaftServer$Division (RaftServerImpl.java:requestVote(1402)) - s2@group-9D3409BEE5F0: receive requestVote(PRE_VOTE, s1, group-9D3409BEE5F0, 0, (t:0, i:0))
2024-03-25 15:14:14,187 [grpc-default-executor-2] INFO  server.RaftServer$Division (RaftServerImpl.java:requestVote(1402)) - s2@group-9D3409BEE5F0: receive requestVote(PRE_VOTE, s3, group-9D3409BEE5F0, 0, (t:0, i:0))
2024-03-25 15:14:14,187 [grpc-default-executor-7] INFO  server.RaftServer$Division (RaftServerImpl.java:requestVote(1402)) - s2@group-9D3409BEE5F0: receive requestVote(PRE_VOTE, s4, group-9D3409BEE5F0, 0, (t:0, i:0))
2024-03-25 15:14:14,187 [grpc-default-executor-0] INFO  server.RaftServer$Division (RaftServerImpl.java:requestVote(1402)) - s1@group-9D3409BEE5F0: receive requestVote(PRE_VOTE, s3, group-9D3409BEE5F0, 0, (t:0, i:0))
2024-03-25 15:14:14,188 [grpc-default-executor-5] INFO  server.RaftServer$Division (RaftServerImpl.java:requestVote(1402)) - s0@group-9D3409BEE5F0: receive requestVote(PRE_VOTE, s3, group-9D3409BEE5F0, 0, (t:0, i:0))
2024-03-25 15:14:14,189 [grpc-default-executor-6] INFO  impl.VoteContext (VoteContext.java:log(49)) - s2@group-9D3409BEE5F0-CANDIDATE: accept PRE_VOTE from s1: our priority 0 <= candidate's priority 0
2024-03-25 15:14:14,189 [grpc-default-executor-0] INFO  impl.VoteContext (VoteContext.java:log(49)) - s1@group-9D3409BEE5F0-CANDIDATE: accept PRE_VOTE from s3: our priority 0 <= candidate's priority 0
2024-03-25 15:14:14,191 [grpc-default-executor-1] INFO  impl.VoteContext (VoteContext.java:log(49)) - s3@group-9D3409BEE5F0-CANDIDATE: accept PRE_VOTE from s0: our priority 0 <= candidate's priority 0
2024-03-25 15:14:14,190 [grpc-default-executor-3] INFO  server.RaftServer$Division (RaftServerImpl.java:requestVote(1402)) - s2@group-9D3409BEE5F0: receive requestVote(PRE_VOTE, s0, group-9D3409BEE5F0, 0, (t:0, i:0))
2024-03-25 15:14:14,191 [grpc-default-executor-4] INFO  impl.VoteContext (VoteContext.java:log(49)) - s0@group-9D3409BEE5F0-CANDIDATE: accept PRE_VOTE from s4: our priority 0 <= candidate's priority 0
2024-03-25 15:14:14,194 [grpc-default-executor-8] INFO  server.RaftServer$Division (RaftServerImpl.java:requestVote(1402)) - s4@group-9D3409BEE5F0: receive requestVote(PRE_VOTE, s0, group-9D3409BEE5F0, 0, (t:0, i:0))
2024-03-25 15:14:14,194 [grpc-default-executor-8] INFO  impl.VoteContext (VoteContext.java:log(49)) - s4@group-9D3409BEE5F0-CANDIDATE: accept PRE_VOTE from s0: our priority 0 <= candidate's priority 0
2024-03-25 15:14:14,194 [grpc-default-executor-10] INFO  server.RaftServer$Division (RaftServerImpl.java:requestVote(1402)) - s1@group-9D3409BEE5F0: receive requestVote(PRE_VOTE, s0, group-9D3409BEE5F0, 0, (t:0, i:0))
2024-03-25 15:14:14,194 [grpc-default-executor-9] INFO  server.RaftServer$Division (RaftServerImpl.java:requestVote(1402)) - s3@group-9D3409BEE5F0: receive requestVote(PRE_VOTE, s4, group-9D3409BEE5F0, 0, (t:0, i:0))
2024-03-25 15:14:14,195 [grpc-default-executor-11] INFO  server.RaftServer$Division (RaftServerImpl.java:requestVote(1402)) - s1@group-9D3409BEE5F0: receive requestVote(PRE_VOTE, s4, group-9D3409BEE5F0, 0, (t:0, i:0))
2024-03-25 15:14:14,199 [grpc-default-executor-1] INFO  server.RaftServer$Division (RaftServerImpl.java:requestVote(1435)) - s3@group-9D3409BEE5F0 replies to PRE_VOTE vote request: s0<-s3#0:OK-t0. Peer's state: s3@group-9D3409BEE5F0:t0, leader=null, voted=, raftlog=Memoized:s3@group-9D3409BEE5F0-SegmentedRaftLog:OPENED:c-1:lastnull, conf=conf: {index: -1, cur=peers:[s3|localhost:15012, s4|localhost:15016, s0|localhost:15000, s1|localhost:15004, s2|localhost:15008]|listeners:[], old=null}
2024-03-25 15:14:14,199 [grpc-default-executor-4] INFO  server.RaftServer$Division (RaftServerImpl.java:requestVote(1435)) - s0@group-9D3409BEE5F0 replies to PRE_VOTE vote request: s4<-s0#0:OK-t0. Peer's state: s0@group-9D3409BEE5F0:t0, leader=null, voted=, raftlog=Memoized:s0@group-9D3409BEE5F0-SegmentedRaftLog:OPENED:c-1:lastnull, conf=conf: {index: -1, cur=peers:[s3|localhost:15012, s4|localhost:15016, s0|localhost:15000, s1|localhost:15004, s2|localhost:15008]|listeners:[], old=null}
2024-03-25 15:14:14,199 [grpc-default-executor-9] INFO  impl.VoteContext (VoteContext.java:log(49)) - s3@group-9D3409BEE5F0-CANDIDATE: accept PRE_VOTE from s4: our priority 0 <= candidate's priority 0
2024-03-25 15:14:14,200 [grpc-default-executor-9] INFO  server.RaftServer$Division (RaftServerImpl.java:requestVote(1435)) - s3@group-9D3409BEE5F0 replies to PRE_VOTE vote request: s4<-s3#0:OK-t0. Peer's state: s3@group-9D3409BEE5F0:t0, leader=null, voted=, raftlog=Memoized:s3@group-9D3409BEE5F0-SegmentedRaftLog:OPENED:c-1:lastnull, conf=conf: {index: -1, cur=peers:[s3|localhost:15012, s4|localhost:15016, s0|localhost:15000, s1|localhost:15004, s2|localhost:15008]|listeners:[], old=null}
2024-03-25 15:14:14,201 [grpc-default-executor-0] INFO  server.RaftServer$Division (RaftServerImpl.java:requestVote(1435)) - s1@group-9D3409BEE5F0 replies to PRE_VOTE vote request: s3<-s1#0:OK-t0. Peer's state: s1@group-9D3409BEE5F0:t0, leader=null, voted=, raftlog=Memoized:s1@group-9D3409BEE5F0-SegmentedRaftLog:OPENED:c-1:lastnull, conf=conf: {index: -1, cur=peers:[s3|localhost:15012, s4|localhost:15016, s0|localhost:15000, s1|localhost:15004, s2|localhost:15008]|listeners:[], old=null}
2024-03-25 15:14:14,202 [grpc-default-executor-12] INFO  server.RaftServer$Division (RaftServerImpl.java:requestVote(1402)) - s4@group-9D3409BEE5F0: receive requestVote(PRE_VOTE, s3, group-9D3409BEE5F0, 0, (t:0, i:0))
2024-03-25 15:14:14,202 [grpc-default-executor-5] INFO  impl.VoteContext (VoteContext.java:log(49)) - s0@group-9D3409BEE5F0-CANDIDATE: accept PRE_VOTE from s3: our priority 0 <= candidate's priority 0
2024-03-25 15:14:14,202 [grpc-default-executor-8] INFO  server.RaftServer$Division (RaftServerImpl.java:requestVote(1435)) - s4@group-9D3409BEE5F0 replies to PRE_VOTE vote request: s0<-s4#0:OK-t0. Peer's state: s4@group-9D3409BEE5F0:t0, leader=null, voted=, raftlog=Memoized:s4@group-9D3409BEE5F0-SegmentedRaftLog:OPENED:c-1:lastnull, conf=conf: {index: -1, cur=peers:[s3|localhost:15012, s4|localhost:15016, s0|localhost:15000, s1|localhost:15004, s2|localhost:15008]|listeners:[], old=null}
2024-03-25 15:14:14,202 [grpc-default-executor-5] INFO  server.RaftServer$Division (RaftServerImpl.java:requestVote(1435)) - s0@group-9D3409BEE5F0 replies to PRE_VOTE vote request: s3<-s0#0:OK-t0. Peer's state: s0@group-9D3409BEE5F0:t0, leader=null, voted=, raftlog=Memoized:s0@group-9D3409BEE5F0-SegmentedRaftLog:OPENED:c-1:lastnull, conf=conf: {index: -1, cur=peers:[s3|localhost:15012, s4|localhost:15016, s0|localhost:15000, s1|localhost:15004, s2|localhost:15008]|listeners:[], old=null}
2024-03-25 15:14:14,204 [grpc-default-executor-10] INFO  impl.VoteContext (VoteContext.java:log(49)) - s1@group-9D3409BEE5F0-CANDIDATE: accept PRE_VOTE from s0: our priority 0 <= candidate's priority 0
2024-03-25 15:14:14,204 [grpc-default-executor-10] INFO  server.RaftServer$Division (RaftServerImpl.java:requestVote(1435)) - s1@group-9D3409BEE5F0 replies to PRE_VOTE vote request: s0<-s1#0:OK-t0. Peer's state: s1@group-9D3409BEE5F0:t0, leader=null, voted=, raftlog=Memoized:s1@group-9D3409BEE5F0-SegmentedRaftLog:OPENED:c-1:lastnull, conf=conf: {index: -1, cur=peers:[s3|localhost:15012, s4|localhost:15016, s0|localhost:15000, s1|localhost:15004, s2|localhost:15008]|listeners:[], old=null}
2024-03-25 15:14:14,205 [grpc-default-executor-11] INFO  impl.VoteContext (VoteContext.java:log(49)) - s1@group-9D3409BEE5F0-CANDIDATE: accept PRE_VOTE from s4: our priority 0 <= candidate's priority 0
2024-03-25 15:14:14,205 [grpc-default-executor-11] INFO  server.RaftServer$Division (RaftServerImpl.java:requestVote(1435)) - s1@group-9D3409BEE5F0 replies to PRE_VOTE vote request: s4<-s1#0:OK-t0. Peer's state: s1@group-9D3409BEE5F0:t0, leader=null, voted=, raftlog=Memoized:s1@group-9D3409BEE5F0-SegmentedRaftLog:OPENED:c-1:lastnull, conf=conf: {index: -1, cur=peers:[s3|localhost:15012, s4|localhost:15016, s0|localhost:15000, s1|localhost:15004, s2|localhost:15008]|listeners:[], old=null}
2024-03-25 15:14:14,206 [grpc-default-executor-12] INFO  impl.VoteContext (VoteContext.java:log(49)) - s4@group-9D3409BEE5F0-CANDIDATE: accept PRE_VOTE from s3: our priority 0 <= candidate's priority 0
2024-03-25 15:14:14,206 [grpc-default-executor-12] INFO  server.RaftServer$Division (RaftServerImpl.java:requestVote(1435)) - s4@group-9D3409BEE5F0 replies to PRE_VOTE vote request: s3<-s4#0:OK-t0. Peer's state: s4@group-9D3409BEE5F0:t0, leader=null, voted=, raftlog=Memoized:s4@group-9D3409BEE5F0-SegmentedRaftLog:OPENED:c-1:lastnull, conf=conf: {index: -1, cur=peers:[s3|localhost:15012, s4|localhost:15016, s0|localhost:15000, s1|localhost:15004, s2|localhost:15008]|listeners:[], old=null}
2024-03-25 15:14:14,209 [grpc-default-executor-6] INFO  server.RaftServer$Division (RaftServerImpl.java:requestVote(1435)) - s2@group-9D3409BEE5F0 replies to PRE_VOTE vote request: s1<-s2#0:OK-t0. Peer's state: s2@group-9D3409BEE5F0:t0, leader=null, voted=, raftlog=Memoized:s2@group-9D3409BEE5F0-SegmentedRaftLog:OPENED:c-1:lastnull, conf=conf: {index: -1, cur=peers:[s3|localhost:15012, s4|localhost:15016, s0|localhost:15000, s1|localhost:15004, s2|localhost:15008]|listeners:[], old=null}
2024-03-25 15:14:14,212 [grpc-default-executor-3] INFO  impl.VoteContext (VoteContext.java:log(49)) - s2@group-9D3409BEE5F0-CANDIDATE: accept PRE_VOTE from s0: our priority 0 <= candidate's priority 0
2024-03-25 15:14:14,213 [grpc-default-executor-3] INFO  server.RaftServer$Division (RaftServerImpl.java:requestVote(1435)) - s2@group-9D3409BEE5F0 replies to PRE_VOTE vote request: s0<-s2#0:OK-t0. Peer's state: s2@group-9D3409BEE5F0:t0, leader=null, voted=, raftlog=Memoized:s2@group-9D3409BEE5F0-SegmentedRaftLog:OPENED:c-1:lastnull, conf=conf: {index: -1, cur=peers:[s3|localhost:15012, s4|localhost:15016, s0|localhost:15000, s1|localhost:15004, s2|localhost:15008]|listeners:[], old=null}
2024-03-25 15:14:14,213 [grpc-default-executor-7] INFO  impl.VoteContext (VoteContext.java:log(49)) - s2@group-9D3409BEE5F0-CANDIDATE: accept PRE_VOTE from s4: our priority 0 <= candidate's priority 0
2024-03-25 15:14:14,213 [grpc-default-executor-7] INFO  server.RaftServer$Division (RaftServerImpl.java:requestVote(1435)) - s2@group-9D3409BEE5F0 replies to PRE_VOTE vote request: s4<-s2#0:OK-t0. Peer's state: s2@group-9D3409BEE5F0:t0, leader=null, voted=, raftlog=Memoized:s2@group-9D3409BEE5F0-SegmentedRaftLog:OPENED:c-1:lastnull, conf=conf: {index: -1, cur=peers:[s3|localhost:15012, s4|localhost:15016, s0|localhost:15000, s1|localhost:15004, s2|localhost:15008]|listeners:[], old=null}
2024-03-25 15:14:14,214 [grpc-default-executor-2] INFO  impl.VoteContext (VoteContext.java:log(49)) - s2@group-9D3409BEE5F0-CANDIDATE: accept PRE_VOTE from s3: our priority 0 <= candidate's priority 0
2024-03-25 15:14:14,214 [grpc-default-executor-2] INFO  server.RaftServer$Division (RaftServerImpl.java:requestVote(1435)) - s2@group-9D3409BEE5F0 replies to PRE_VOTE vote request: s3<-s2#0:OK-t0. Peer's state: s2@group-9D3409BEE5F0:t0, leader=null, voted=, raftlog=Memoized:s2@group-9D3409BEE5F0-SegmentedRaftLog:OPENED:c-1:lastnull, conf=conf: {index: -1, cur=peers:[s3|localhost:15012, s4|localhost:15016, s0|localhost:15000, s1|localhost:15004, s2|localhost:15008]|listeners:[], old=null}
2024-03-25 15:14:14,221 [grpc-default-executor-7] INFO  server.RaftServer$Division (RaftServerImpl.java:requestVote(1402)) - s4@group-9D3409BEE5F0: receive requestVote(PRE_VOTE, s1, group-9D3409BEE5F0, 0, (t:0, i:0))
2024-03-25 15:14:14,222 [grpc-default-executor-7] INFO  impl.VoteContext (VoteContext.java:log(49)) - s4@group-9D3409BEE5F0-CANDIDATE: accept PRE_VOTE from s1: our priority 0 <= candidate's priority 0
2024-03-25 15:14:14,222 [grpc-default-executor-7] INFO  server.RaftServer$Division (RaftServerImpl.java:requestVote(1435)) - s4@group-9D3409BEE5F0 replies to PRE_VOTE vote request: s1<-s4#0:OK-t0. Peer's state: s4@group-9D3409BEE5F0:t0, leader=null, voted=, raftlog=Memoized:s4@group-9D3409BEE5F0-SegmentedRaftLog:OPENED:c-1:lastnull, conf=conf: {index: -1, cur=peers:[s3|localhost:15012, s4|localhost:15016, s0|localhost:15000, s1|localhost:15004, s2|localhost:15008]|listeners:[], old=null}
2024-03-25 15:14:14,223 [grpc-default-executor-11] INFO  server.RaftServer$Division (RaftServerImpl.java:requestVote(1402)) - s0@group-9D3409BEE5F0: receive requestVote(PRE_VOTE, s1, group-9D3409BEE5F0, 0, (t:0, i:0))
2024-03-25 15:14:14,224 [grpc-default-executor-11] INFO  impl.VoteContext (VoteContext.java:log(49)) - s0@group-9D3409BEE5F0-CANDIDATE: accept PRE_VOTE from s1: our priority 0 <= candidate's priority 0
2024-03-25 15:14:14,224 [grpc-default-executor-11] INFO  server.RaftServer$Division (RaftServerImpl.java:requestVote(1435)) - s0@group-9D3409BEE5F0 replies to PRE_VOTE vote request: s1<-s0#0:OK-t0. Peer's state: s0@group-9D3409BEE5F0:t0, leader=null, voted=, raftlog=Memoized:s0@group-9D3409BEE5F0-SegmentedRaftLog:OPENED:c-1:lastnull, conf=conf: {index: -1, cur=peers:[s3|localhost:15012, s4|localhost:15016, s0|localhost:15000, s1|localhost:15004, s2|localhost:15008]|listeners:[], old=null}
2024-03-25 15:14:14,225 [s0@group-9D3409BEE5F0-LeaderElection1] INFO  impl.LeaderElection (LeaderElection.java:logAndReturn(89)) - s0@group-9D3409BEE5F0-LeaderElection1: PRE_VOTE PASSED received 2 response(s) and 0 exception(s):
2024-03-25 15:14:14,225 [s0@group-9D3409BEE5F0-LeaderElection1] INFO  impl.LeaderElection (LeaderElection.java:logAndReturn(93)) -   Response 0: s0<-s3#0:OK-t0
2024-03-25 15:14:14,225 [s0@group-9D3409BEE5F0-LeaderElection1] INFO  impl.LeaderElection (LeaderElection.java:logAndReturn(93)) -   Response 1: s0<-s4#0:OK-t0
2024-03-25 15:14:14,225 [s0@group-9D3409BEE5F0-LeaderElection1] INFO  impl.LeaderElection (LeaderElection.java:askForVotes(323)) - s0@group-9D3409BEE5F0-LeaderElection1 PRE_VOTE round 0: result PASSED
2024-03-25 15:14:14,225 [s4@group-9D3409BEE5F0-LeaderElection2] INFO  impl.LeaderElection (LeaderElection.java:logAndReturn(89)) - s4@group-9D3409BEE5F0-LeaderElection2: PRE_VOTE PASSED received 2 response(s) and 0 exception(s):
2024-03-25 15:14:14,226 [s4@group-9D3409BEE5F0-LeaderElection2] INFO  impl.LeaderElection (LeaderElection.java:logAndReturn(93)) -   Response 0: s4<-s1#0:OK-t0
2024-03-25 15:14:14,226 [s4@group-9D3409BEE5F0-LeaderElection2] INFO  impl.LeaderElection (LeaderElection.java:logAndReturn(93)) -   Response 1: s4<-s2#0:OK-t0
2024-03-25 15:14:14,226 [s4@group-9D3409BEE5F0-LeaderElection2] INFO  impl.LeaderElection (LeaderElection.java:askForVotes(323)) - s4@group-9D3409BEE5F0-LeaderElection2 PRE_VOTE round 0: result PASSED
2024-03-25 15:14:14,226 [s0@group-9D3409BEE5F0-LeaderElection1] TRACE util.FileUtils (LogUtils.java:supplyAndLog(69)) - Successfully supplied FileChannel.open /home/runner/work/ratis/ratis/ratis-test/target/test/data/ca1c2ba0/MiniRaftClusterWithGrpcb71097c6/s0/9393d5d7-2db7-4118-a8bd-9d3409bee5f0/current/raft-meta.tmp with options [CREATE, WRITE]: sun.nio.ch.FileChannelImpl@595d546
2024-03-25 15:14:14,227 [s3@group-9D3409BEE5F0-LeaderElection3] INFO  impl.LeaderElection (LeaderElection.java:logAndReturn(89)) - s3@group-9D3409BEE5F0-LeaderElection3: PRE_VOTE PASSED received 2 response(s) and 0 exception(s):
2024-03-25 15:14:14,227 [s3@group-9D3409BEE5F0-LeaderElection3] INFO  impl.LeaderElection (LeaderElection.java:logAndReturn(93)) -   Response 0: s3<-s4#0:OK-t0
2024-03-25 15:14:14,227 [s3@group-9D3409BEE5F0-LeaderElection3] INFO  impl.LeaderElection (LeaderElection.java:logAndReturn(93)) -   Response 1: s3<-s0#0:OK-t0
2024-03-25 15:14:14,227 [s3@group-9D3409BEE5F0-LeaderElection3] INFO  impl.LeaderElection (LeaderElection.java:askForVotes(323)) - s3@group-9D3409BEE5F0-LeaderElection3 PRE_VOTE round 0: result PASSED
2024-03-25 15:14:14,227 [s3@group-9D3409BEE5F0-LeaderElection3] TRACE util.FileUtils (LogUtils.java:supplyAndLog(69)) - Successfully supplied FileChannel.open /home/runner/work/ratis/ratis/ratis-test/target/test/data/ca1c2ba0/MiniRaftClusterWithGrpcb71097c6/s3/9393d5d7-2db7-4118-a8bd-9d3409bee5f0/current/raft-meta.tmp with options [CREATE, WRITE]: sun.nio.ch.FileChannelImpl@2cb55b13
2024-03-25 15:14:14,227 [grpc-default-executor-14] INFO  server.RaftServer$Division (RaftServerImpl.java:requestVote(1402)) - s3@group-9D3409BEE5F0: receive requestVote(PRE_VOTE, s1, group-9D3409BEE5F0, 0, (t:0, i:0))
2024-03-25 15:14:14,224 [grpc-default-executor-7] INFO  server.RaftServer$Division (RaftServerImpl.java:requestVote(1402)) - s1@group-9D3409BEE5F0: receive requestVote(PRE_VOTE, s2, group-9D3409BEE5F0, 0, (t:0, i:0))
2024-03-25 15:14:14,228 [s1@group-9D3409BEE5F0-LeaderElection4] INFO  impl.LeaderElection (LeaderElection.java:logAndReturn(89)) - s1@group-9D3409BEE5F0-LeaderElection4: PRE_VOTE PASSED received 2 response(s) and 0 exception(s):
2024-03-25 15:14:14,229 [s1@group-9D3409BEE5F0-LeaderElection4] INFO  impl.LeaderElection (LeaderElection.java:logAndReturn(93)) -   Response 0: s1<-s4#0:OK-t0
2024-03-25 15:14:14,229 [s1@group-9D3409BEE5F0-LeaderElection4] INFO  impl.LeaderElection (LeaderElection.java:logAndReturn(93)) -   Response 1: s1<-s2#0:OK-t0
2024-03-25 15:14:14,229 [s1@group-9D3409BEE5F0-LeaderElection4] INFO  impl.LeaderElection (LeaderElection.java:askForVotes(323)) - s1@group-9D3409BEE5F0-LeaderElection4 PRE_VOTE round 0: result PASSED
2024-03-25 15:14:14,229 [s1@group-9D3409BEE5F0-LeaderElection4] TRACE util.FileUtils (LogUtils.java:supplyAndLog(69)) - Successfully supplied FileChannel.open /home/runner/work/ratis/ratis/ratis-test/target/test/data/ca1c2ba0/MiniRaftClusterWithGrpcb71097c6/s1/9393d5d7-2db7-4118-a8bd-9d3409bee5f0/current/raft-meta.tmp with options [CREATE, WRITE]: sun.nio.ch.FileChannelImpl@4c4846d5
2024-03-25 15:14:14,226 [s4@group-9D3409BEE5F0-LeaderElection2] TRACE util.FileUtils (LogUtils.java:supplyAndLog(69)) - Successfully supplied FileChannel.open /home/runner/work/ratis/ratis/ratis-test/target/test/data/ca1c2ba0/MiniRaftClusterWithGrpcb71097c6/s4/9393d5d7-2db7-4118-a8bd-9d3409bee5f0/current/raft-meta.tmp with options [CREATE, WRITE]: sun.nio.ch.FileChannelImpl@5ce8ea92
2024-03-25 15:14:14,231 [s3@group-9D3409BEE5F0-LeaderElection3] TRACE util.FileUtils (LogUtils.java:runAndLog(49)) - Successfully ran Atomic Files.move /home/runner/work/ratis/ratis/ratis-test/target/test/data/ca1c2ba0/MiniRaftClusterWithGrpcb71097c6/s3/9393d5d7-2db7-4118-a8bd-9d3409bee5f0/current/raft-meta.tmp to /home/runner/work/ratis/ratis/ratis-test/target/test/data/ca1c2ba0/MiniRaftClusterWithGrpcb71097c6/s3/9393d5d7-2db7-4118-a8bd-9d3409bee5f0/current/raft-meta with options [REPLACE_EXISTING]
2024-03-25 15:14:14,232 [s3@group-9D3409BEE5F0-LeaderElection3] INFO  impl.LeaderElection (LeaderElection.java:askForVotes(321)) - s3@group-9D3409BEE5F0-LeaderElection3 ELECTION round 0: submit vote requests at term 1 for conf: {index: -1, cur=peers:[s3|localhost:15012, s4|localhost:15016, s0|localhost:15000, s1|localhost:15004, s2|localhost:15008]|listeners:[], old=null}
2024-03-25 15:14:14,231 [s1@group-9D3409BEE5F0-LeaderElection4] TRACE util.FileUtils (LogUtils.java:runAndLog(49)) - Successfully ran Atomic Files.move /home/runner/work/ratis/ratis/ratis-test/target/test/data/ca1c2ba0/MiniRaftClusterWithGrpcb71097c6/s1/9393d5d7-2db7-4118-a8bd-9d3409bee5f0/current/raft-meta.tmp to /home/runner/work/ratis/ratis/ratis-test/target/test/data/ca1c2ba0/MiniRaftClusterWithGrpcb71097c6/s1/9393d5d7-2db7-4118-a8bd-9d3409bee5f0/current/raft-meta with options [REPLACE_EXISTING]
2024-03-25 15:14:14,232 [s1@group-9D3409BEE5F0-LeaderElection4] INFO  impl.LeaderElection (LeaderElection.java:askForVotes(321)) - s1@group-9D3409BEE5F0-LeaderElection4 ELECTION round 0: submit vote requests at term 1 for conf: {index: -1, cur=peers:[s3|localhost:15012, s4|localhost:15016, s0|localhost:15000, s1|localhost:15004, s2|localhost:15008]|listeners:[], old=null}
2024-03-25 15:14:14,231 [s4@group-9D3409BEE5F0-LeaderElection2] TRACE util.FileUtils (LogUtils.java:runAndLog(49)) - Successfully ran Atomic Files.move /home/runner/work/ratis/ratis/ratis-test/target/test/data/ca1c2ba0/MiniRaftClusterWithGrpcb71097c6/s4/9393d5d7-2db7-4118-a8bd-9d3409bee5f0/current/raft-meta.tmp to /home/runner/work/ratis/ratis/ratis-test/target/test/data/ca1c2ba0/MiniRaftClusterWithGrpcb71097c6/s4/9393d5d7-2db7-4118-a8bd-9d3409bee5f0/current/raft-meta with options [REPLACE_EXISTING]
2024-03-25 15:14:14,232 [s4@group-9D3409BEE5F0-LeaderElection2] INFO  impl.LeaderElection (LeaderElection.java:askForVotes(321)) - s4@group-9D3409BEE5F0-LeaderElection2 ELECTION round 0: submit vote requests at term 1 for conf: {index: -1, cur=peers:[s3|localhost:15012, s4|localhost:15016, s0|localhost:15000, s1|localhost:15004, s2|localhost:15008]|listeners:[], old=null}
2024-03-25 15:14:14,233 [grpc-default-executor-7] INFO  impl.VoteContext (VoteContext.java:log(49)) - s1@group-9D3409BEE5F0-CANDIDATE: accept PRE_VOTE from s2: our priority 0 <= candidate's priority 0
2024-03-25 15:14:14,233 [grpc-default-executor-7] INFO  server.RaftServer$Division (RaftServerImpl.java:requestVote(1435)) - s1@group-9D3409BEE5F0 replies to PRE_VOTE vote request: s2<-s1#0:OK-t1. Peer's state: s1@group-9D3409BEE5F0:t1, leader=null, voted=s1, raftlog=Memoized:s1@group-9D3409BEE5F0-SegmentedRaftLog:OPENED:c-1:lastnull, conf=conf: {index: -1, cur=peers:[s3|localhost:15012, s4|localhost:15016, s0|localhost:15000, s1|localhost:15004, s2|localhost:15008]|listeners:[], old=null}
2024-03-25 15:14:14,234 [s0@group-9D3409BEE5F0-LeaderElection1] TRACE util.FileUtils (LogUtils.java:runAndLog(49)) - Successfully ran Atomic Files.move /home/runner/work/ratis/ratis/ratis-test/target/test/data/ca1c2ba0/MiniRaftClusterWithGrpcb71097c6/s0/9393d5d7-2db7-4118-a8bd-9d3409bee5f0/current/raft-meta.tmp to /home/runner/work/ratis/ratis/ratis-test/target/test/data/ca1c2ba0/MiniRaftClusterWithGrpcb71097c6/s0/9393d5d7-2db7-4118-a8bd-9d3409bee5f0/current/raft-meta with options [REPLACE_EXISTING]
2024-03-25 15:14:14,234 [s0@group-9D3409BEE5F0-LeaderElection1] INFO  impl.LeaderElection (LeaderElection.java:askForVotes(321)) - s0@group-9D3409BEE5F0-LeaderElection1 ELECTION round 0: submit vote requests at term 1 for conf: {index: -1, cur=peers:[s3|localhost:15012, s4|localhost:15016, s0|localhost:15000, s1|localhost:15004, s2|localhost:15008]|listeners:[], old=null}
2024-03-25 15:14:14,234 [grpc-default-executor-14] INFO  impl.VoteContext (VoteContext.java:log(49)) - s3@group-9D3409BEE5F0-CANDIDATE: accept PRE_VOTE from s1: our priority 0 <= candidate's priority 0
2024-03-25 15:14:14,234 [grpc-default-executor-14] INFO  server.RaftServer$Division (RaftServerImpl.java:requestVote(1435)) - s3@group-9D3409BEE5F0 replies to PRE_VOTE vote request: s1<-s3#0:OK-t1. Peer's state: s3@group-9D3409BEE5F0:t1, leader=null, voted=s3, raftlog=Memoized:s3@group-9D3409BEE5F0-SegmentedRaftLog:OPENED:c-1:lastnull, conf=conf: {index: -1, cur=peers:[s3|localhost:15012, s4|localhost:15016, s0|localhost:15000, s1|localhost:15004, s2|localhost:15008]|listeners:[], old=null}
2024-03-25 15:14:14,238 [grpc-default-executor-13] INFO  server.RaftServer$Division (RaftServerImpl.java:requestVote(1402)) - s0@group-9D3409BEE5F0: receive requestVote(PRE_VOTE, s2, group-9D3409BEE5F0, 0, (t:0, i:0))
2024-03-25 15:14:14,238 [grpc-default-executor-13] INFO  impl.VoteContext (VoteContext.java:log(49)) - s0@group-9D3409BEE5F0-CANDIDATE: accept PRE_VOTE from s2: our priority 0 <= candidate's priority 0
2024-03-25 15:14:14,239 [grpc-default-executor-13] INFO  server.RaftServer$Division (RaftServerImpl.java:requestVote(1435)) - s0@group-9D3409BEE5F0 replies to PRE_VOTE vote request: s2<-s0#0:OK-t1. Peer's state: s0@group-9D3409BEE5F0:t1, leader=null, voted=s0, raftlog=Memoized:s0@group-9D3409BEE5F0-SegmentedRaftLog:OPENED:c-1:lastnull, conf=conf: {index: -1, cur=peers:[s3|localhost:15012, s4|localhost:15016, s0|localhost:15000, s1|localhost:15004, s2|localhost:15008]|listeners:[], old=null}
2024-03-25 15:14:14,245 [grpc-default-executor-13] INFO  server.RaftServer$Division (RaftServerImpl.java:requestVote(1402)) - s3@group-9D3409BEE5F0: receive requestVote(PRE_VOTE, s2, group-9D3409BEE5F0, 0, (t:0, i:0))
2024-03-25 15:14:14,246 [grpc-default-executor-13] INFO  impl.VoteContext (VoteContext.java:log(49)) - s3@group-9D3409BEE5F0-CANDIDATE: accept PRE_VOTE from s2: our priority 0 <= candidate's priority 0
2024-03-25 15:14:14,246 [grpc-default-executor-13] INFO  server.RaftServer$Division (RaftServerImpl.java:requestVote(1435)) - s3@group-9D3409BEE5F0 replies to PRE_VOTE vote request: s2<-s3#0:OK-t1. Peer's state: s3@group-9D3409BEE5F0:t1, leader=null, voted=s3, raftlog=Memoized:s3@group-9D3409BEE5F0-SegmentedRaftLog:OPENED:c-1:lastnull, conf=conf: {index: -1, cur=peers:[s3|localhost:15012, s4|localhost:15016, s0|localhost:15000, s1|localhost:15004, s2|localhost:15008]|listeners:[], old=null}
2024-03-25 15:14:14,247 [grpc-default-executor-13] INFO  server.RaftServer$Division (RaftServerImpl.java:requestVote(1402)) - s4@group-9D3409BEE5F0: receive requestVote(PRE_VOTE, s2, group-9D3409BEE5F0, 0, (t:0, i:0))
2024-03-25 15:14:14,247 [grpc-default-executor-13] INFO  impl.VoteContext (VoteContext.java:log(49)) - s4@group-9D3409BEE5F0-CANDIDATE: accept PRE_VOTE from s2: our priority 0 <= candidate's priority 0
2024-03-25 15:14:14,247 [grpc-default-executor-13] INFO  server.RaftServer$Division (RaftServerImpl.java:requestVote(1435)) - s4@group-9D3409BEE5F0 replies to PRE_VOTE vote request: s2<-s4#0:OK-t1. Peer's state: s4@group-9D3409BEE5F0:t1, leader=null, voted=s4, raftlog=Memoized:s4@group-9D3409BEE5F0-SegmentedRaftLog:OPENED:c-1:lastnull, conf=conf: {index: -1, cur=peers:[s3|localhost:15012, s4|localhost:15016, s0|localhost:15000, s1|localhost:15004, s2|localhost:15008]|listeners:[], old=null}
2024-03-25 15:14:14,248 [grpc-default-executor-13] INFO  server.RaftServer$Division (RaftServerImpl.java:requestVote(1402)) - s3@group-9D3409BEE5F0: receive requestVote(ELECTION, s0, group-9D3409BEE5F0, 1, (t:0, i:0))
2024-03-25 15:14:14,248 [grpc-default-executor-13] INFO  impl.VoteContext (VoteContext.java:log(49)) - s3@group-9D3409BEE5F0-CANDIDATE: reject ELECTION from s0: already has voted for s3 at current term 1
2024-03-25 15:14:14,248 [grpc-default-executor-13] INFO  server.RaftServer$Division (RaftServerImpl.java:requestVote(1435)) - s3@group-9D3409BEE5F0 replies to ELECTION vote request: s0<-s3#0:FAIL-t1. Peer's state: s3@group-9D3409BEE5F0:t1, leader=null, voted=s3, raftlog=Memoized:s3@group-9D3409BEE5F0-SegmentedRaftLog:OPENED:c-1:lastnull, conf=conf: {index: -1, cur=peers:[s3|localhost:15012, s4|localhost:15016, s0|localhost:15000, s1|localhost:15004, s2|localhost:15008]|listeners:[], old=null}
2024-03-25 15:14:14,255 [grpc-default-executor-7] INFO  server.RaftServer$Division (RaftServerImpl.java:requestVote(1402)) - s4@group-9D3409BEE5F0: receive requestVote(ELECTION, s0, group-9D3409BEE5F0, 1, (t:0, i:0))
2024-03-25 15:14:14,255 [grpc-default-executor-7] INFO  impl.VoteContext (VoteContext.java:log(49)) - s4@group-9D3409BEE5F0-CANDIDATE: reject ELECTION from s0: already has voted for s4 at current term 1
2024-03-25 15:14:14,255 [grpc-default-executor-7] INFO  server.RaftServer$Division (RaftServerImpl.java:requestVote(1435)) - s4@group-9D3409BEE5F0 replies to ELECTION vote request: s0<-s4#0:FAIL-t1. Peer's state: s4@group-9D3409BEE5F0:t1, leader=null, voted=s4, raftlog=Memoized:s4@group-9D3409BEE5F0-SegmentedRaftLog:OPENED:c-1:lastnull, conf=conf: {index: -1, cur=peers:[s3|localhost:15012, s4|localhost:15016, s0|localhost:15000, s1|localhost:15004, s2|localhost:15008]|listeners:[], old=null}
2024-03-25 15:14:14,256 [grpc-default-executor-7] INFO  server.RaftServer$Division (RaftServerImpl.java:requestVote(1402)) - s1@group-9D3409BEE5F0: receive requestVote(ELECTION, s3, group-9D3409BEE5F0, 1, (t:0, i:0))
2024-03-25 15:14:14,256 [grpc-default-executor-7] INFO  impl.VoteContext (VoteContext.java:log(49)) - s1@group-9D3409BEE5F0-CANDIDATE: reject ELECTION from s3: already has voted for s1 at current term 1
2024-03-25 15:14:14,256 [grpc-default-executor-7] INFO  server.RaftServer$Division (RaftServerImpl.java:requestVote(1435)) - s1@group-9D3409BEE5F0 replies to ELECTION vote request: s3<-s1#0:FAIL-t1. Peer's state: s1@group-9D3409BEE5F0:t1, leader=null, voted=s1, raftlog=Memoized:s1@group-9D3409BEE5F0-SegmentedRaftLog:OPENED:c-1:lastnull, conf=conf: {index: -1, cur=peers:[s3|localhost:15012, s4|localhost:15016, s0|localhost:15000, s1|localhost:15004, s2|localhost:15008]|listeners:[], old=null}
2024-03-25 15:14:14,258 [grpc-default-executor-7] INFO  server.RaftServer$Division (RaftServerImpl.java:requestVote(1402)) - s3@group-9D3409BEE5F0: receive requestVote(ELECTION, s4, group-9D3409BEE5F0, 1, (t:0, i:0))
2024-03-25 15:14:14,258 [grpc-default-executor-7] INFO  impl.VoteContext (VoteContext.java:log(49)) - s3@group-9D3409BEE5F0-CANDIDATE: reject ELECTION from s4: already has voted for s3 at current term 1
2024-03-25 15:14:14,258 [grpc-default-executor-7] INFO  server.RaftServer$Division (RaftServerImpl.java:requestVote(1435)) - s3@group-9D3409BEE5F0 replies to ELECTION vote request: s4<-s3#0:FAIL-t1. Peer's state: s3@group-9D3409BEE5F0:t1, leader=null, voted=s3, raftlog=Memoized:s3@group-9D3409BEE5F0-SegmentedRaftLog:OPENED:c-1:lastnull, conf=conf: {index: -1, cur=peers:[s3|localhost:15012, s4|localhost:15016, s0|localhost:15000, s1|localhost:15004, s2|localhost:15008]|listeners:[], old=null}
2024-03-25 15:14:14,260 [grpc-default-executor-7] INFO  server.RaftServer$Division (RaftServerImpl.java:requestVote(1402)) - s2@group-9D3409BEE5F0: receive requestVote(ELECTION, s3, group-9D3409BEE5F0, 1, (t:0, i:0))
2024-03-25 15:14:14,260 [grpc-default-executor-7] INFO  impl.VoteContext (VoteContext.java:log(49)) - s2@group-9D3409BEE5F0-CANDIDATE: accept ELECTION from s3: our priority 0 <= candidate's priority 0
2024-03-25 15:14:14,261 [grpc-default-executor-7] INFO  server.RaftServer$Division (RaftServerImpl.java:setRole(376)) - s2@group-9D3409BEE5F0: changes role from CANDIDATE to FOLLOWER at term 1 for candidate:s3
2024-03-25 15:14:14,261 [grpc-default-executor-7] INFO  impl.RoleInfo (RoleInfo.java:shutdownLeaderElection(139)) - s2: shutdown s2@group-9D3409BEE5F0-LeaderElection5
2024-03-25 15:14:14,265 [grpc-default-executor-7] INFO  impl.RoleInfo (RoleInfo.java:updateAndGet(148)) - s2: start s2@group-9D3409BEE5F0-FollowerState
2024-03-25 15:14:14,266 [grpc-default-executor-7] INFO  server.RaftServer$Division (RaftServerImpl.java:setFirstElection(549)) - s2@group-9D3409BEE5F0: set firstElectionSinceStartup to false for candidate:s3
2024-03-25 15:14:14,266 [grpc-default-executor-7] TRACE util.FileUtils (LogUtils.java:supplyAndLog(69)) - Successfully supplied FileChannel.open /home/runner/work/ratis/ratis/ratis-test/target/test/data/ca1c2ba0/MiniRaftClusterWithGrpcb71097c6/s2/9393d5d7-2db7-4118-a8bd-9d3409bee5f0/current/raft-meta.tmp with options [CREATE, WRITE]: sun.nio.ch.FileChannelImpl@16c22226
2024-03-25 15:14:14,267 [s2@group-9D3409BEE5F0-LeaderElection5] INFO  impl.LeaderElection (LeaderElection.java:logAndReturn(89)) - s2@group-9D3409BEE5F0-LeaderElection5: PRE_VOTE DISCOVERED_A_NEW_TERM (term=1) received 1 response(s) and 0 exception(s):
2024-03-25 15:14:14,267 [s2@group-9D3409BEE5F0-LeaderElection5] INFO  impl.LeaderElection (LeaderElection.java:logAndReturn(93)) -   Response 0: s2<-s1#0:OK-t1
2024-03-25 15:14:14,267 [s2@group-9D3409BEE5F0-LeaderElection5] INFO  impl.LeaderElection (LeaderElection.java:askForVotes(323)) - s2@group-9D3409BEE5F0-LeaderElection5 PRE_VOTE round 0: result DISCOVERED_A_NEW_TERM (term=1)
2024-03-25 15:14:14,268 [grpc-default-executor-7] TRACE util.FileUtils (LogUtils.java:runAndLog(49)) - Successfully ran Atomic Files.move /home/runner/work/ratis/ratis/ratis-test/target/test/data/ca1c2ba0/MiniRaftClusterWithGrpcb71097c6/s2/9393d5d7-2db7-4118-a8bd-9d3409bee5f0/current/raft-meta.tmp to /home/runner/work/ratis/ratis/ratis-test/target/test/data/ca1c2ba0/MiniRaftClusterWithGrpcb71097c6/s2/9393d5d7-2db7-4118-a8bd-9d3409bee5f0/current/raft-meta with options [REPLACE_EXISTING]
2024-03-25 15:14:14,270 [grpc-default-executor-7] INFO  server.RaftServer$Division (RaftServerImpl.java:requestVote(1435)) - s2@group-9D3409BEE5F0 replies to ELECTION vote request: s3<-s2#0:OK-t1. Peer's state: s2@group-9D3409BEE5F0:t1, leader=null, voted=s3, raftlog=Memoized:s2@group-9D3409BEE5F0-SegmentedRaftLog:OPENED:c-1:lastnull, conf=conf: {index: -1, cur=peers:[s3|localhost:15012, s4|localhost:15016, s0|localhost:15000, s1|localhost:15004, s2|localhost:15008]|listeners:[], old=null}
2024-03-25 15:14:14,272 [grpc-default-executor-2] INFO  server.RaftServer$Division (RaftServerImpl.java:requestVote(1402)) - s0@group-9D3409BEE5F0: receive requestVote(ELECTION, s4, group-9D3409BEE5F0, 1, (t:0, i:0))
2024-03-25 15:14:14,272 [grpc-default-executor-2] INFO  impl.VoteContext (VoteContext.java:log(49)) - s0@group-9D3409BEE5F0-CANDIDATE: reject ELECTION from s4: already has voted for s0 at current term 1
2024-03-25 15:14:14,272 [grpc-default-executor-2] INFO  server.RaftServer$Division (RaftServerImpl.java:requestVote(1435)) - s0@group-9D3409BEE5F0 replies to ELECTION vote request: s4<-s0#0:FAIL-t1. Peer's state: s0@group-9D3409BEE5F0:t1, leader=null, voted=s0, raftlog=Memoized:s0@group-9D3409BEE5F0-SegmentedRaftLog:OPENED:c-1:lastnull, conf=conf: {index: -1, cur=peers:[s3|localhost:15012, s4|localhost:15016, s0|localhost:15000, s1|localhost:15004, s2|localhost:15008]|listeners:[], old=null}
2024-03-25 15:14:14,273 [grpc-default-executor-3] INFO  server.RaftServer$Division (RaftServerImpl.java:requestVote(1402)) - s4@group-9D3409BEE5F0: receive requestVote(ELECTION, s1, group-9D3409BEE5F0, 1, (t:0, i:0))
2024-03-25 15:14:14,273 [grpc-default-executor-3] INFO  impl.VoteContext (VoteContext.java:log(49)) - s4@group-9D3409BEE5F0-CANDIDATE: reject ELECTION from s1: already has voted for s4 at current term 1
2024-03-25 15:14:14,274 [grpc-default-executor-3] INFO  server.RaftServer$Division (RaftServerImpl.java:requestVote(1435)) - s4@group-9D3409BEE5F0 replies to ELECTION vote request: s1<-s4#0:FAIL-t1. Peer's state: s4@group-9D3409BEE5F0:t1, leader=null, voted=s4, raftlog=Memoized:s4@group-9D3409BEE5F0-SegmentedRaftLog:OPENED:c-1:lastnull, conf=conf: {index: -1, cur=peers:[s3|localhost:15012, s4|localhost:15016, s0|localhost:15000, s1|localhost:15004, s2|localhost:15008]|listeners:[], old=null}
2024-03-25 15:14:14,274 [grpc-default-executor-13] INFO  server.RaftServer$Division (RaftServerImpl.java:requestVote(1402)) - s1@group-9D3409BEE5F0: receive requestVote(ELECTION, s0, group-9D3409BEE5F0, 1, (t:0, i:0))
2024-03-25 15:14:14,274 [grpc-default-executor-13] INFO  impl.VoteContext (VoteContext.java:log(49)) - s1@group-9D3409BEE5F0-CANDIDATE: reject ELECTION from s0: already has voted for s1 at current term 1
2024-03-25 15:14:14,274 [grpc-default-executor-13] INFO  server.RaftServer$Division (RaftServerImpl.java:requestVote(1435)) - s1@group-9D3409BEE5F0 replies to ELECTION vote request: s0<-s1#0:FAIL-t1. Peer's state: s1@group-9D3409BEE5F0:t1, leader=null, voted=s1, raftlog=Memoized:s1@group-9D3409BEE5F0-SegmentedRaftLog:OPENED:c-1:lastnull, conf=conf: {index: -1, cur=peers:[s3|localhost:15012, s4|localhost:15016, s0|localhost:15000, s1|localhost:15004, s2|localhost:15008]|listeners:[], old=null}
2024-03-25 15:14:14,277 [grpc-default-executor-3] INFO  server.RaftServer$Division (RaftServerImpl.java:requestVote(1402)) - s2@group-9D3409BEE5F0: receive requestVote(ELECTION, s1, group-9D3409BEE5F0, 1, (t:0, i:0))
2024-03-25 15:14:14,277 [grpc-default-executor-3] INFO  impl.VoteContext (VoteContext.java:log(49)) - s2@group-9D3409BEE5F0-FOLLOWER: reject ELECTION from s1: already has voted for s3 at current term 1
2024-03-25 15:14:14,277 [grpc-default-executor-3] INFO  server.RaftServer$Division (RaftServerImpl.java:requestVote(1435)) - s2@group-9D3409BEE5F0 replies to ELECTION vote request: s1<-s2#0:FAIL-t1. Peer's state: s2@group-9D3409BEE5F0:t1, leader=null, voted=s3, raftlog=Memoized:s2@group-9D3409BEE5F0-SegmentedRaftLog:OPENED:c-1:lastnull, conf=conf: {index: -1, cur=peers:[s3|localhost:15012, s4|localhost:15016, s0|localhost:15000, s1|localhost:15004, s2|localhost:15008]|listeners:[], old=null}
2024-03-25 15:14:14,280 [grpc-default-executor-3] INFO  server.RaftServer$Division (RaftServerImpl.java:requestVote(1402)) - s0@group-9D3409BEE5F0: receive requestVote(ELECTION, s3, group-9D3409BEE5F0, 1, (t:0, i:0))
2024-03-25 15:14:14,280 [grpc-default-executor-3] INFO  impl.VoteContext (VoteContext.java:log(49)) - s0@group-9D3409BEE5F0-CANDIDATE: reject ELECTION from s3: already has voted for s0 at current term 1
2024-03-25 15:14:14,280 [grpc-default-executor-3] INFO  server.RaftServer$Division (RaftServerImpl.java:requestVote(1435)) - s0@group-9D3409BEE5F0 replies to ELECTION vote request: s3<-s0#0:FAIL-t1. Peer's state: s0@group-9D3409BEE5F0:t1, leader=null, voted=s0, raftlog=Memoized:s0@group-9D3409BEE5F0-SegmentedRaftLog:OPENED:c-1:lastnull, conf=conf: {index: -1, cur=peers:[s3|localhost:15012, s4|localhost:15016, s0|localhost:15000, s1|localhost:15004, s2|localhost:15008]|listeners:[], old=null}
2024-03-25 15:14:14,282 [grpc-default-executor-7] INFO  server.RaftServer$Division (RaftServerImpl.java:requestVote(1402)) - s2@group-9D3409BEE5F0: receive requestVote(ELECTION, s0, group-9D3409BEE5F0, 1, (t:0, i:0))
2024-03-25 15:14:14,282 [grpc-default-executor-7] INFO  impl.VoteContext (VoteContext.java:log(49)) - s2@group-9D3409BEE5F0-FOLLOWER: reject ELECTION from s0: already has voted for s3 at current term 1
2024-03-25 15:14:14,282 [grpc-default-executor-3] INFO  server.RaftServer$Division (RaftServerImpl.java:requestVote(1402)) - s0@group-9D3409BEE5F0: receive requestVote(ELECTION, s1, group-9D3409BEE5F0, 1, (t:0, i:0))
2024-03-25 15:14:14,282 [grpc-default-executor-3] INFO  impl.VoteContext (VoteContext.java:log(49)) - s0@group-9D3409BEE5F0-CANDIDATE: reject ELECTION from s1: already has voted for s0 at current term 1
2024-03-25 15:14:14,282 [grpc-default-executor-3] INFO  server.RaftServer$Division (RaftServerImpl.java:requestVote(1435)) - s0@group-9D3409BEE5F0 replies to ELECTION vote request: s1<-s0#0:FAIL-t1. Peer's state: s0@group-9D3409BEE5F0:t1, leader=null, voted=s0, raftlog=Memoized:s0@group-9D3409BEE5F0-SegmentedRaftLog:OPENED:c-1:lastnull, conf=conf: {index: -1, cur=peers:[s3|localhost:15012, s4|localhost:15016, s0|localhost:15000, s1|localhost:15004, s2|localhost:15008]|listeners:[], old=null}
2024-03-25 15:14:14,282 [grpc-default-executor-2] INFO  server.RaftServer$Division (RaftServerImpl.java:requestVote(1402)) - s4@group-9D3409BEE5F0: receive requestVote(ELECTION, s3, group-9D3409BEE5F0, 1, (t:0, i:0))
2024-03-25 15:14:14,283 [grpc-default-executor-2] INFO  impl.VoteContext (VoteContext.java:log(49)) - s4@group-9D3409BEE5F0-CANDIDATE: reject ELECTION from s3: already has voted for s4 at current term 1
2024-03-25 15:14:14,283 [grpc-default-executor-2] INFO  server.RaftServer$Division (RaftServerImpl.java:requestVote(1435)) - s4@group-9D3409BEE5F0 replies to ELECTION vote request: s3<-s4#0:FAIL-t1. Peer's state: s4@group-9D3409BEE5F0:t1, leader=null, voted=s4, raftlog=Memoized:s4@group-9D3409BEE5F0-SegmentedRaftLog:OPENED:c-1:lastnull, conf=conf: {index: -1, cur=peers:[s3|localhost:15012, s4|localhost:15016, s0|localhost:15000, s1|localhost:15004, s2|localhost:15008]|listeners:[], old=null}
2024-03-25 15:14:14,282 [grpc-default-executor-7] INFO  server.RaftServer$Division (RaftServerImpl.java:requestVote(1435)) - s2@group-9D3409BEE5F0 replies to ELECTION vote request: s0<-s2#0:FAIL-t1. Peer's state: s2@group-9D3409BEE5F0:t1, leader=null, voted=s3, raftlog=Memoized:s2@group-9D3409BEE5F0-SegmentedRaftLog:OPENED:c-1:lastnull, conf=conf: {index: -1, cur=peers:[s3|localhost:15012, s4|localhost:15016, s0|localhost:15000, s1|localhost:15004, s2|localhost:15008]|listeners:[], old=null}
2024-03-25 15:14:14,282 [s0@group-9D3409BEE5F0-LeaderElection1] INFO  impl.LeaderElection (LeaderElection.java:logAndReturn(89)) - s0@group-9D3409BEE5F0-LeaderElection1: ELECTION REJECTED received 3 response(s) and 0 exception(s):
2024-03-25 15:14:14,283 [s0@group-9D3409BEE5F0-LeaderElection1] INFO  impl.LeaderElection (LeaderElection.java:logAndReturn(93)) -   Response 0: s0<-s3#0:FAIL-t1
2024-03-25 15:14:14,283 [s0@group-9D3409BEE5F0-LeaderElection1] INFO  impl.LeaderElection (LeaderElection.java:logAndReturn(93)) -   Response 1: s0<-s4#0:FAIL-t1
2024-03-25 15:14:14,284 [s0@group-9D3409BEE5F0-LeaderElection1] INFO  impl.LeaderElection (LeaderElection.java:logAndReturn(93)) -   Response 2: s0<-s1#0:FAIL-t1
2024-03-25 15:14:14,284 [s0@group-9D3409BEE5F0-LeaderElection1] INFO  impl.LeaderElection (LeaderElection.java:askForVotes(323)) - s0@group-9D3409BEE5F0-LeaderElection1 ELECTION round 0: result REJECTED
2024-03-25 15:14:14,284 [s0@group-9D3409BEE5F0-LeaderElection1] INFO  server.RaftServer$Division (RaftServerImpl.java:setRole(376)) - s0@group-9D3409BEE5F0: changes role from CANDIDATE to FOLLOWER at term 1 for REJECTED
2024-03-25 15:14:14,284 [s0@group-9D3409BEE5F0-LeaderElection1] INFO  impl.RoleInfo (RoleInfo.java:shutdownLeaderElection(139)) - s0: shutdown s0@group-9D3409BEE5F0-LeaderElection1
2024-03-25 15:14:14,284 [s0@group-9D3409BEE5F0-LeaderElection1] INFO  impl.RoleInfo (RoleInfo.java:updateAndGet(148)) - s0: start s0@group-9D3409BEE5F0-FollowerState
2024-03-25 15:14:14,284 [grpc-default-executor-11] INFO  server.RaftServer$Division (RaftServerImpl.java:requestVote(1402)) - s2@group-9D3409BEE5F0: receive requestVote(ELECTION, s4, group-9D3409BEE5F0, 1, (t:0, i:0))
2024-03-25 15:14:14,285 [grpc-default-executor-11] INFO  impl.VoteContext (VoteContext.java:log(49)) - s2@group-9D3409BEE5F0-FOLLOWER: reject ELECTION from s4: already has voted for s3 at current term 1
2024-03-25 15:14:14,285 [grpc-default-executor-11] INFO  server.RaftServer$Division (RaftServerImpl.java:requestVote(1435)) - s2@group-9D3409BEE5F0 replies to ELECTION vote request: s4<-s2#0:FAIL-t1. Peer's state: s2@group-9D3409BEE5F0:t1, leader=null, voted=s3, raftlog=Memoized:s2@group-9D3409BEE5F0-SegmentedRaftLog:OPENED:c-1:lastnull, conf=conf: {index: -1, cur=peers:[s3|localhost:15012, s4|localhost:15016, s0|localhost:15000, s1|localhost:15004, s2|localhost:15008]|listeners:[], old=null}
2024-03-25 15:14:14,287 [grpc-default-executor-11] INFO  server.RaftServer$Division (RaftServerImpl.java:requestVote(1402)) - s1@group-9D3409BEE5F0: receive requestVote(ELECTION, s4, group-9D3409BEE5F0, 1, (t:0, i:0))
2024-03-25 15:14:14,287 [grpc-default-executor-11] INFO  impl.VoteContext (VoteContext.java:log(49)) - s1@group-9D3409BEE5F0-CANDIDATE: reject ELECTION from s4: already has voted for s1 at current term 1
2024-03-25 15:14:14,287 [grpc-default-executor-11] INFO  server.RaftServer$Division (RaftServerImpl.java:requestVote(1435)) - s1@group-9D3409BEE5F0 replies to ELECTION vote request: s4<-s1#0:FAIL-t1. Peer's state: s1@group-9D3409BEE5F0:t1, leader=null, voted=s1, raftlog=Memoized:s1@group-9D3409BEE5F0-SegmentedRaftLog:OPENED:c-1:lastnull, conf=conf: {index: -1, cur=peers:[s3|localhost:15012, s4|localhost:15016, s0|localhost:15000, s1|localhost:15004, s2|localhost:15008]|listeners:[], old=null}
2024-03-25 15:14:14,287 [s0@group-9D3409BEE5F0-LeaderElection1] INFO  server.RaftServer$Division (RaftServerImpl.java:setFirstElection(549)) - s0@group-9D3409BEE5F0: set firstElectionSinceStartup to false for REJECTED
2024-03-25 15:14:14,287 [grpc-default-executor-11] INFO  server.RaftServer$Division (RaftServerImpl.java:requestVote(1402)) - s3@group-9D3409BEE5F0: receive requestVote(ELECTION, s1, group-9D3409BEE5F0, 1, (t:0, i:0))
2024-03-25 15:14:14,287 [grpc-default-executor-11] INFO  impl.VoteContext (VoteContext.java:log(49)) - s3@group-9D3409BEE5F0-CANDIDATE: reject ELECTION from s1: already has voted for s3 at current term 1
2024-03-25 15:14:14,287 [grpc-default-executor-11] INFO  server.RaftServer$Division (RaftServerImpl.java:requestVote(1435)) - s3@group-9D3409BEE5F0 replies to ELECTION vote request: s1<-s3#0:FAIL-t1. Peer's state: s3@group-9D3409BEE5F0:t1, leader=null, voted=s3, raftlog=Memoized:s3@group-9D3409BEE5F0-SegmentedRaftLog:OPENED:c-1:lastnull, conf=conf: {index: -1, cur=peers:[s3|localhost:15012, s4|localhost:15016, s0|localhost:15000, s1|localhost:15004, s2|localhost:15008]|listeners:[], old=null}
2024-03-25 15:14:14,288 [s3@group-9D3409BEE5F0-LeaderElection3] INFO  impl.LeaderElection (LeaderElection.java:logAndReturn(89)) - s3@group-9D3409BEE5F0-LeaderElection3: ELECTION REJECTED received 4 response(s) and 0 exception(s):
2024-03-25 15:14:14,288 [s3@group-9D3409BEE5F0-LeaderElection3] INFO  impl.LeaderElection (LeaderElection.java:logAndReturn(93)) -   Response 0: s3<-s4#0:FAIL-t1
2024-03-25 15:14:14,288 [s3@group-9D3409BEE5F0-LeaderElection3] INFO  impl.LeaderElection (LeaderElection.java:logAndReturn(93)) -   Response 1: s3<-s0#0:FAIL-t1
2024-03-25 15:14:14,288 [s3@group-9D3409BEE5F0-LeaderElection3] INFO  impl.LeaderElection (LeaderElection.java:logAndReturn(93)) -   Response 2: s3<-s1#0:FAIL-t1
2024-03-25 15:14:14,288 [s3@group-9D3409BEE5F0-LeaderElection3] INFO  impl.LeaderElection (LeaderElection.java:logAndReturn(93)) -   Response 3: s3<-s2#0:OK-t1
2024-03-25 15:14:14,288 [s3@group-9D3409BEE5F0-LeaderElection3] INFO  impl.LeaderElection (LeaderElection.java:askForVotes(323)) - s3@group-9D3409BEE5F0-LeaderElection3 ELECTION round 0: result REJECTED
2024-03-25 15:14:14,288 [s3@group-9D3409BEE5F0-LeaderElection3] INFO  server.RaftServer$Division (RaftServerImpl.java:setRole(376)) - s3@group-9D3409BEE5F0: changes role from CANDIDATE to FOLLOWER at term 1 for REJECTED
2024-03-25 15:14:14,288 [s3@group-9D3409BEE5F0-LeaderElection3] INFO  impl.RoleInfo (RoleInfo.java:shutdownLeaderElection(139)) - s3: shutdown s3@group-9D3409BEE5F0-LeaderElection3
2024-03-25 15:14:14,288 [s3@group-9D3409BEE5F0-LeaderElection3] INFO  impl.RoleInfo (RoleInfo.java:updateAndGet(148)) - s3: start s3@group-9D3409BEE5F0-FollowerState
2024-03-25 15:14:14,289 [s1@group-9D3409BEE5F0-LeaderElection4] INFO  impl.LeaderElection (LeaderElection.java:logAndReturn(89)) - s1@group-9D3409BEE5F0-LeaderElection4: ELECTION REJECTED received 3 response(s) and 0 exception(s):
2024-03-25 15:14:14,289 [s1@group-9D3409BEE5F0-LeaderElection4] INFO  impl.LeaderElection (LeaderElection.java:logAndReturn(93)) -   Response 0: s1<-s4#0:FAIL-t1
2024-03-25 15:14:14,289 [s1@group-9D3409BEE5F0-LeaderElection4] INFO  impl.LeaderElection (LeaderElection.java:logAndReturn(93)) -   Response 1: s1<-s0#0:FAIL-t1
2024-03-25 15:14:14,289 [s1@group-9D3409BEE5F0-LeaderElection4] INFO  impl.LeaderElection (LeaderElection.java:logAndReturn(93)) -   Response 2: s1<-s2#0:FAIL-t1
2024-03-25 15:14:14,290 [s3@group-9D3409BEE5F0-LeaderElection3] INFO  server.RaftServer$Division (RaftServerImpl.java:setFirstElection(549)) - s3@group-9D3409BEE5F0: set firstElectionSinceStartup to false for REJECTED
2024-03-25 15:14:14,290 [s4@group-9D3409BEE5F0-LeaderElection2] INFO  impl.LeaderElection (LeaderElection.java:logAndReturn(89)) - s4@group-9D3409BEE5F0-LeaderElection2: ELECTION REJECTED received 3 response(s) and 0 exception(s):
2024-03-25 15:14:14,290 [s4@group-9D3409BEE5F0-LeaderElection2] INFO  impl.LeaderElection (LeaderElection.java:logAndReturn(93)) -   Response 0: s4<-s3#0:FAIL-t1
2024-03-25 15:14:14,291 [s4@group-9D3409BEE5F0-LeaderElection2] INFO  impl.LeaderElection (LeaderElection.java:logAndReturn(93)) -   Response 1: s4<-s0#0:FAIL-t1
2024-03-25 15:14:14,291 [s4@group-9D3409BEE5F0-LeaderElection2] INFO  impl.LeaderElection (LeaderElection.java:logAndReturn(93)) -   Response 2: s4<-s1#0:FAIL-t1
2024-03-25 15:14:14,291 [s4@group-9D3409BEE5F0-LeaderElection2] INFO  impl.LeaderElection (LeaderElection.java:askForVotes(323)) - s4@group-9D3409BEE5F0-LeaderElection2 ELECTION round 0: result REJECTED
2024-03-25 15:14:14,291 [s4@group-9D3409BEE5F0-LeaderElection2] INFO  server.RaftServer$Division (RaftServerImpl.java:setRole(376)) - s4@group-9D3409BEE5F0: changes role from CANDIDATE to FOLLOWER at term 1 for REJECTED
2024-03-25 15:14:14,291 [s1@group-9D3409BEE5F0-LeaderElection4] INFO  impl.LeaderElection (LeaderElection.java:askForVotes(323)) - s1@group-9D3409BEE5F0-LeaderElection4 ELECTION round 0: result REJECTED
2024-03-25 15:14:14,291 [s1@group-9D3409BEE5F0-LeaderElection4] INFO  server.RaftServer$Division (RaftServerImpl.java:setRole(376)) - s1@group-9D3409BEE5F0: changes role from CANDIDATE to FOLLOWER at term 1 for REJECTED
2024-03-25 15:14:14,291 [s1@group-9D3409BEE5F0-LeaderElection4] INFO  impl.RoleInfo (RoleInfo.java:shutdownLeaderElection(139)) - s1: shutdown s1@group-9D3409BEE5F0-LeaderElection4
2024-03-25 15:14:14,291 [s1@group-9D3409BEE5F0-LeaderElection4] INFO  impl.RoleInfo (RoleInfo.java:updateAndGet(148)) - s1: start s1@group-9D3409BEE5F0-FollowerState
2024-03-25 15:14:14,291 [s4@group-9D3409BEE5F0-LeaderElection2] INFO  impl.RoleInfo (RoleInfo.java:shutdownLeaderElection(139)) - s4: shutdown s4@group-9D3409BEE5F0-LeaderElection2
2024-03-25 15:14:14,292 [s1@group-9D3409BEE5F0-LeaderElection4] INFO  server.RaftServer$Division (RaftServerImpl.java:setFirstElection(549)) - s1@group-9D3409BEE5F0: set firstElectionSinceStartup to false for REJECTED
2024-03-25 15:14:14,292 [s4@group-9D3409BEE5F0-LeaderElection2] INFO  impl.RoleInfo (RoleInfo.java:updateAndGet(148)) - s4: start s4@group-9D3409BEE5F0-FollowerState
2024-03-25 15:14:14,293 [s4@group-9D3409BEE5F0-LeaderElection2] INFO  server.RaftServer$Division (RaftServerImpl.java:setFirstElection(549)) - s4@group-9D3409BEE5F0: set firstElectionSinceStartup to false for REJECTED
2024-03-25 15:14:18,554 [s1@group-9D3409BEE5F0-FollowerState] INFO  impl.FollowerState (FollowerState.java:run(143)) - s1@group-9D3409BEE5F0-FollowerState: change to CANDIDATE, lastRpcElapsedTime:4262827758ns, electionTimeout:4261ms
2024-03-25 15:14:18,554 [s1@group-9D3409BEE5F0-FollowerState] INFO  impl.RoleInfo (RoleInfo.java:shutdownFollowerState(119)) - s1: shutdown s1@group-9D3409BEE5F0-FollowerState
2024-03-25 15:14:18,554 [s1@group-9D3409BEE5F0-FollowerState] INFO  server.RaftServer$Division (RaftServerImpl.java:setRole(376)) - s1@group-9D3409BEE5F0: changes role from  FOLLOWER to CANDIDATE at term 1 for changeToCandidate
2024-03-25 15:14:18,555 [s1@group-9D3409BEE5F0-FollowerState] INFO  impl.RoleInfo (RoleInfo.java:updateAndGet(148)) - s1: start s1@group-9D3409BEE5F0-LeaderElection6
2024-03-25 15:14:18,555 [s1@group-9D3409BEE5F0-LeaderElection6] INFO  impl.LeaderElection (LeaderElection.java:askForVotes(321)) - s1@group-9D3409BEE5F0-LeaderElection6 PRE_VOTE round 0: submit vote requests at term 1 for conf: {index: -1, cur=peers:[s3|localhost:15012, s4|localhost:15016, s0|localhost:15000, s1|localhost:15004, s2|localhost:15008]|listeners:[], old=null}
2024-03-25 15:14:18,560 [grpc-default-executor-11] INFO  server.RaftServer$Division (RaftServerImpl.java:requestVote(1402)) - s0@group-9D3409BEE5F0: receive requestVote(PRE_VOTE, s1, group-9D3409BEE5F0, 1, (t:0, i:0))
2024-03-25 15:14:18,560 [grpc-default-executor-13] INFO  server.RaftServer$Division (RaftServerImpl.java:requestVote(1402)) - s4@group-9D3409BEE5F0: receive requestVote(PRE_VOTE, s1, group-9D3409BEE5F0, 1, (t:0, i:0))
2024-03-25 15:14:18,560 [grpc-default-executor-11] INFO  impl.VoteContext (VoteContext.java:log(49)) - s0@group-9D3409BEE5F0-FOLLOWER: accept PRE_VOTE from s1: our priority 0 <= candidate's priority 0
2024-03-25 15:14:18,560 [grpc-default-executor-13] INFO  impl.VoteContext (VoteContext.java:log(49)) - s4@group-9D3409BEE5F0-FOLLOWER: accept PRE_VOTE from s1: our priority 0 <= candidate's priority 0
2024-03-25 15:14:18,560 [grpc-default-executor-11] INFO  server.RaftServer$Division (RaftServerImpl.java:requestVote(1435)) - s0@group-9D3409BEE5F0 replies to PRE_VOTE vote request: s1<-s0#0:OK-t1. Peer's state: s0@group-9D3409BEE5F0:t1, leader=null, voted=s0, raftlog=Memoized:s0@group-9D3409BEE5F0-SegmentedRaftLog:OPENED:c-1:lastnull, conf=conf: {index: -1, cur=peers:[s3|localhost:15012, s4|localhost:15016, s0|localhost:15000, s1|localhost:15004, s2|localhost:15008]|listeners:[], old=null}
2024-03-25 15:14:18,560 [grpc-default-executor-13] INFO  server.RaftServer$Division (RaftServerImpl.java:requestVote(1435)) - s4@group-9D3409BEE5F0 replies to PRE_VOTE vote request: s1<-s4#0:OK-t1. Peer's state: s4@group-9D3409BEE5F0:t1, leader=null, voted=s4, raftlog=Memoized:s4@group-9D3409BEE5F0-SegmentedRaftLog:OPENED:c-1:lastnull, conf=conf: {index: -1, cur=peers:[s3|localhost:15012, s4|localhost:15016, s0|localhost:15000, s1|localhost:15004, s2|localhost:15008]|listeners:[], old=null}
2024-03-25 15:14:18,564 [grpc-default-executor-11] INFO  server.RaftServer$Division (RaftServerImpl.java:requestVote(1402)) - s3@group-9D3409BEE5F0: receive requestVote(PRE_VOTE, s1, group-9D3409BEE5F0, 1, (t:0, i:0))
2024-03-25 15:14:18,564 [grpc-default-executor-11] INFO  impl.VoteContext (VoteContext.java:log(49)) - s3@group-9D3409BEE5F0-FOLLOWER: accept PRE_VOTE from s1: our priority 0 <= candidate's priority 0
2024-03-25 15:14:18,564 [grpc-default-executor-11] INFO  server.RaftServer$Division (RaftServerImpl.java:requestVote(1435)) - s3@group-9D3409BEE5F0 replies to PRE_VOTE vote request: s1<-s3#0:OK-t1. Peer's state: s3@group-9D3409BEE5F0:t1, leader=null, voted=s3, raftlog=Memoized:s3@group-9D3409BEE5F0-SegmentedRaftLog:OPENED:c-1:lastnull, conf=conf: {index: -1, cur=peers:[s3|localhost:15012, s4|localhost:15016, s0|localhost:15000, s1|localhost:15004, s2|localhost:15008]|listeners:[], old=null}
2024-03-25 15:14:18,565 [s1@group-9D3409BEE5F0-LeaderElection6] INFO  impl.LeaderElection (LeaderElection.java:logAndReturn(89)) - s1@group-9D3409BEE5F0-LeaderElection6: PRE_VOTE PASSED received 2 response(s) and 0 exception(s):
2024-03-25 15:14:18,565 [s1@group-9D3409BEE5F0-LeaderElection6] INFO  impl.LeaderElection (LeaderElection.java:logAndReturn(93)) -   Response 0: s1<-s4#0:OK-t1
2024-03-25 15:14:18,565 [s1@group-9D3409BEE5F0-LeaderElection6] INFO  impl.LeaderElection (LeaderElection.java:logAndReturn(93)) -   Response 1: s1<-s0#0:OK-t1
2024-03-25 15:14:18,566 [s1@group-9D3409BEE5F0-LeaderElection6] INFO  impl.LeaderElection (LeaderElection.java:askForVotes(323)) - s1@group-9D3409BEE5F0-LeaderElection6 PRE_VOTE round 0: result PASSED
2024-03-25 15:14:18,566 [s1@group-9D3409BEE5F0-LeaderElection6] TRACE util.FileUtils (LogUtils.java:supplyAndLog(69)) - Successfully supplied FileChannel.open /home/runner/work/ratis/ratis/ratis-test/target/test/data/ca1c2ba0/MiniRaftClusterWithGrpcb71097c6/s1/9393d5d7-2db7-4118-a8bd-9d3409bee5f0/current/raft-meta.tmp with options [CREATE, WRITE]: sun.nio.ch.FileChannelImpl@1a2531b7
2024-03-25 15:14:18,567 [grpc-default-executor-7] INFO  server.RaftServer$Division (RaftServerImpl.java:requestVote(1402)) - s2@group-9D3409BEE5F0: receive requestVote(PRE_VOTE, s1, group-9D3409BEE5F0, 1, (t:0, i:0))
2024-03-25 15:14:18,568 [grpc-default-executor-7] INFO  impl.VoteContext (VoteContext.java:log(49)) - s2@group-9D3409BEE5F0-FOLLOWER: accept PRE_VOTE from s1: our priority 0 <= candidate's priority 0
2024-03-25 15:14:18,568 [s1@group-9D3409BEE5F0-LeaderElection6] TRACE util.FileUtils (LogUtils.java:runAndLog(49)) - Successfully ran Atomic Files.move /home/runner/work/ratis/ratis/ratis-test/target/test/data/ca1c2ba0/MiniRaftClusterWithGrpcb71097c6/s1/9393d5d7-2db7-4118-a8bd-9d3409bee5f0/current/raft-meta.tmp to /home/runner/work/ratis/ratis/ratis-test/target/test/data/ca1c2ba0/MiniRaftClusterWithGrpcb71097c6/s1/9393d5d7-2db7-4118-a8bd-9d3409bee5f0/current/raft-meta with options [REPLACE_EXISTING]
2024-03-25 15:14:18,568 [grpc-default-executor-7] INFO  server.RaftServer$Division (RaftServerImpl.java:requestVote(1435)) - s2@group-9D3409BEE5F0 replies to PRE_VOTE vote request: s1<-s2#0:OK-t1. Peer's state: s2@group-9D3409BEE5F0:t1, leader=null, voted=s3, raftlog=Memoized:s2@group-9D3409BEE5F0-SegmentedRaftLog:OPENED:c-1:lastnull, conf=conf: {index: -1, cur=peers:[s3|localhost:15012, s4|localhost:15016, s0|localhost:15000, s1|localhost:15004, s2|localhost:15008]|listeners:[], old=null}
2024-03-25 15:14:18,568 [s1@group-9D3409BEE5F0-LeaderElection6] INFO  impl.LeaderElection (LeaderElection.java:askForVotes(321)) - s1@group-9D3409BEE5F0-LeaderElection6 ELECTION round 0: submit vote requests at term 2 for conf: {index: -1, cur=peers:[s3|localhost:15012, s4|localhost:15016, s0|localhost:15000, s1|localhost:15004, s2|localhost:15008]|listeners:[], old=null}
2024-03-25 15:14:18,578 [grpc-default-executor-7] INFO  server.RaftServer$Division (RaftServerImpl.java:requestVote(1402)) - s3@group-9D3409BEE5F0: receive requestVote(ELECTION, s1, group-9D3409BEE5F0, 2, (t:0, i:0))
2024-03-25 15:14:18,579 [grpc-default-executor-7] INFO  impl.VoteContext (VoteContext.java:log(49)) - s3@group-9D3409BEE5F0-FOLLOWER: accept ELECTION from s1: our priority 0 <= candidate's priority 0
2024-03-25 15:14:18,579 [grpc-default-executor-7] INFO  server.RaftServer$Division (RaftServerImpl.java:setRole(376)) - s3@group-9D3409BEE5F0: changes role from  FOLLOWER to FOLLOWER at term 2 for candidate:s1
2024-03-25 15:14:18,579 [grpc-default-executor-7] INFO  impl.RoleInfo (RoleInfo.java:shutdownFollowerState(119)) - s3: shutdown s3@group-9D3409BEE5F0-FollowerState
2024-03-25 15:14:18,579 [grpc-default-executor-7] INFO  impl.RoleInfo (RoleInfo.java:updateAndGet(148)) - s3: start s3@group-9D3409BEE5F0-FollowerState
2024-03-25 15:14:18,580 [s3@group-9D3409BEE5F0-FollowerState] INFO  impl.FollowerState (FollowerState.java:run(152)) - s3@group-9D3409BEE5F0-FollowerState was interrupted
2024-03-25 15:14:18,583 [grpc-default-executor-7] TRACE util.FileUtils (LogUtils.java:supplyAndLog(69)) - Successfully supplied FileChannel.open /home/runner/work/ratis/ratis/ratis-test/target/test/data/ca1c2ba0/MiniRaftClusterWithGrpcb71097c6/s3/9393d5d7-2db7-4118-a8bd-9d3409bee5f0/current/raft-meta.tmp with options [CREATE, WRITE]: sun.nio.ch.FileChannelImpl@189b323
2024-03-25 15:14:18,584 [grpc-default-executor-11] INFO  server.RaftServer$Division (RaftServerImpl.java:requestVote(1402)) - s4@group-9D3409BEE5F0: receive requestVote(ELECTION, s1, group-9D3409BEE5F0, 2, (t:0, i:0))
2024-03-25 15:14:18,584 [grpc-default-executor-11] INFO  impl.VoteContext (VoteContext.java:log(49)) - s4@group-9D3409BEE5F0-FOLLOWER: accept ELECTION from s1: our priority 0 <= candidate's priority 0
2024-03-25 15:14:18,584 [grpc-default-executor-11] INFO  server.RaftServer$Division (RaftServerImpl.java:setRole(376)) - s4@group-9D3409BEE5F0: changes role from  FOLLOWER to FOLLOWER at term 2 for candidate:s1
2024-03-25 15:14:18,584 [grpc-default-executor-11] INFO  impl.RoleInfo (RoleInfo.java:shutdownFollowerState(119)) - s4: shutdown s4@group-9D3409BEE5F0-FollowerState
2024-03-25 15:14:18,585 [grpc-default-executor-7] TRACE util.FileUtils (LogUtils.java:runAndLog(49)) - Successfully ran Atomic Files.move /home/runner/work/ratis/ratis/ratis-test/target/test/data/ca1c2ba0/MiniRaftClusterWithGrpcb71097c6/s3/9393d5d7-2db7-4118-a8bd-9d3409bee5f0/current/raft-meta.tmp to /home/runner/work/ratis/ratis/ratis-test/target/test/data/ca1c2ba0/MiniRaftClusterWithGrpcb71097c6/s3/9393d5d7-2db7-4118-a8bd-9d3409bee5f0/current/raft-meta with options [REPLACE_EXISTING]
2024-03-25 15:14:18,585 [grpc-default-executor-11] INFO  impl.RoleInfo (RoleInfo.java:updateAndGet(148)) - s4: start s4@group-9D3409BEE5F0-FollowerState
2024-03-25 15:14:18,585 [s4@group-9D3409BEE5F0-FollowerState] INFO  impl.FollowerState (FollowerState.java:run(152)) - s4@group-9D3409BEE5F0-FollowerState was interrupted
2024-03-25 15:14:18,585 [grpc-default-executor-7] INFO  server.RaftServer$Division (RaftServerImpl.java:requestVote(1435)) - s3@group-9D3409BEE5F0 replies to ELECTION vote request: s1<-s3#0:OK-t2. Peer's state: s3@group-9D3409BEE5F0:t2, leader=null, voted=s1, raftlog=Memoized:s3@group-9D3409BEE5F0-SegmentedRaftLog:OPENED:c-1:lastnull, conf=conf: {index: -1, cur=peers:[s3|localhost:15012, s4|localhost:15016, s0|localhost:15000, s1|localhost:15004, s2|localhost:15008]|listeners:[], old=null}
2024-03-25 15:14:18,585 [grpc-default-executor-11] TRACE util.FileUtils (LogUtils.java:supplyAndLog(69)) - Successfully supplied FileChannel.open /home/runner/work/ratis/ratis/ratis-test/target/test/data/ca1c2ba0/MiniRaftClusterWithGrpcb71097c6/s4/9393d5d7-2db7-4118-a8bd-9d3409bee5f0/current/raft-meta.tmp with options [CREATE, WRITE]: sun.nio.ch.FileChannelImpl@252ad374
2024-03-25 15:14:18,586 [grpc-default-executor-11] TRACE util.FileUtils (LogUtils.java:runAndLog(49)) - Successfully ran Atomic Files.move /home/runner/work/ratis/ratis/ratis-test/target/test/data/ca1c2ba0/MiniRaftClusterWithGrpcb71097c6/s4/9393d5d7-2db7-4118-a8bd-9d3409bee5f0/current/raft-meta.tmp to /home/runner/work/ratis/ratis/ratis-test/target/test/data/ca1c2ba0/MiniRaftClusterWithGrpcb71097c6/s4/9393d5d7-2db7-4118-a8bd-9d3409bee5f0/current/raft-meta with options [REPLACE_EXISTING]
2024-03-25 15:14:18,587 [grpc-default-executor-11] INFO  server.RaftServer$Division (RaftServerImpl.java:requestVote(1435)) - s4@group-9D3409BEE5F0 replies to ELECTION vote request: s1<-s4#0:OK-t2. Peer's state: s4@group-9D3409BEE5F0:t2, leader=null, voted=s1, raftlog=Memoized:s4@group-9D3409BEE5F0-SegmentedRaftLog:OPENED:c-1:lastnull, conf=conf: {index: -1, cur=peers:[s3|localhost:15012, s4|localhost:15016, s0|localhost:15000, s1|localhost:15004, s2|localhost:15008]|listeners:[], old=null}
2024-03-25 15:14:18,589 [grpc-default-executor-7] INFO  server.RaftServer$Division (RaftServerImpl.java:requestVote(1402)) - s0@group-9D3409BEE5F0: receive requestVote(ELECTION, s1, group-9D3409BEE5F0, 2, (t:0, i:0))
2024-03-25 15:14:18,589 [grpc-default-executor-7] INFO  impl.VoteContext (VoteContext.java:log(49)) - s0@group-9D3409BEE5F0-FOLLOWER: accept ELECTION from s1: our priority 0 <= candidate's priority 0
2024-03-25 15:14:18,589 [grpc-default-executor-7] INFO  server.RaftServer$Division (RaftServerImpl.java:setRole(376)) - s0@group-9D3409BEE5F0: changes role from  FOLLOWER to FOLLOWER at term 2 for candidate:s1
2024-03-25 15:14:18,589 [grpc-default-executor-7] INFO  impl.RoleInfo (RoleInfo.java:shutdownFollowerState(119)) - s0: shutdown s0@group-9D3409BEE5F0-FollowerState
2024-03-25 15:14:18,589 [grpc-default-executor-7] INFO  impl.RoleInfo (RoleInfo.java:updateAndGet(148)) - s0: start s0@group-9D3409BEE5F0-FollowerState
2024-03-25 15:14:18,590 [grpc-default-executor-7] TRACE util.FileUtils (LogUtils.java:supplyAndLog(69)) - Successfully supplied FileChannel.open /home/runner/work/ratis/ratis/ratis-test/target/test/data/ca1c2ba0/MiniRaftClusterWithGrpcb71097c6/s0/9393d5d7-2db7-4118-a8bd-9d3409bee5f0/current/raft-meta.tmp with options [CREATE, WRITE]: sun.nio.ch.FileChannelImpl@6859ce32
2024-03-25 15:14:18,591 [grpc-default-executor-7] TRACE util.FileUtils (LogUtils.java:runAndLog(49)) - Successfully ran Atomic Files.move /home/runner/work/ratis/ratis/ratis-test/target/test/data/ca1c2ba0/MiniRaftClusterWithGrpcb71097c6/s0/9393d5d7-2db7-4118-a8bd-9d3409bee5f0/current/raft-meta.tmp to /home/runner/work/ratis/ratis/ratis-test/target/test/data/ca1c2ba0/MiniRaftClusterWithGrpcb71097c6/s0/9393d5d7-2db7-4118-a8bd-9d3409bee5f0/current/raft-meta with options [REPLACE_EXISTING]
2024-03-25 15:14:18,591 [grpc-default-executor-11] INFO  server.RaftServer$Division (RaftServerImpl.java:requestVote(1402)) - s2@group-9D3409BEE5F0: receive requestVote(ELECTION, s1, group-9D3409BEE5F0, 2, (t:0, i:0))
2024-03-25 15:14:18,591 [grpc-default-executor-7] INFO  server.RaftServer$Division (RaftServerImpl.java:requestVote(1435)) - s0@group-9D3409BEE5F0 replies to ELECTION vote request: s1<-s0#0:OK-t2. Peer's state: s0@group-9D3409BEE5F0:t2, leader=null, voted=s1, raftlog=Memoized:s0@group-9D3409BEE5F0-SegmentedRaftLog:OPENED:c-1:lastnull, conf=conf: {index: -1, cur=peers:[s3|localhost:15012, s4|localhost:15016, s0|localhost:15000, s1|localhost:15004, s2|localhost:15008]|listeners:[], old=null}
2024-03-25 15:14:18,591 [grpc-default-executor-11] INFO  impl.VoteContext (VoteContext.java:log(49)) - s2@group-9D3409BEE5F0-FOLLOWER: accept ELECTION from s1: our priority 0 <= candidate's priority 0
2024-03-25 15:14:18,592 [grpc-default-executor-11] INFO  server.RaftServer$Division (RaftServerImpl.java:setRole(376)) - s2@group-9D3409BEE5F0: changes role from  FOLLOWER to FOLLOWER at term 2 for candidate:s1
2024-03-25 15:14:18,592 [s0@group-9D3409BEE5F0-FollowerState] INFO  impl.FollowerState (FollowerState.java:run(152)) - s0@group-9D3409BEE5F0-FollowerState was interrupted
2024-03-25 15:14:18,592 [grpc-default-executor-11] INFO  impl.RoleInfo (RoleInfo.java:shutdownFollowerState(119)) - s2: shutdown s2@group-9D3409BEE5F0-FollowerState
2024-03-25 15:14:18,592 [grpc-default-executor-11] INFO  impl.RoleInfo (RoleInfo.java:updateAndGet(148)) - s2: start s2@group-9D3409BEE5F0-FollowerState
2024-03-25 15:14:18,592 [s2@group-9D3409BEE5F0-FollowerState] INFO  impl.FollowerState (FollowerState.java:run(152)) - s2@group-9D3409BEE5F0-FollowerState was interrupted
2024-03-25 15:14:18,592 [s1@group-9D3409BEE5F0-LeaderElection6] INFO  impl.LeaderElection (LeaderElection.java:logAndReturn(89)) - s1@group-9D3409BEE5F0-LeaderElection6: ELECTION PASSED received 2 response(s) and 0 exception(s):
2024-03-25 15:14:18,592 [grpc-default-executor-11] TRACE util.FileUtils (LogUtils.java:supplyAndLog(69)) - Successfully supplied FileChannel.open /home/runner/work/ratis/ratis/ratis-test/target/test/data/ca1c2ba0/MiniRaftClusterWithGrpcb71097c6/s2/9393d5d7-2db7-4118-a8bd-9d3409bee5f0/current/raft-meta.tmp with options [CREATE, WRITE]: sun.nio.ch.FileChannelImpl@2bed39a1
2024-03-25 15:14:18,592 [s1@group-9D3409BEE5F0-LeaderElection6] INFO  impl.LeaderElection (LeaderElection.java:logAndReturn(93)) -   Response 0: s1<-s3#0:OK-t2
2024-03-25 15:14:18,592 [s1@group-9D3409BEE5F0-LeaderElection6] INFO  impl.LeaderElection (LeaderElection.java:logAndReturn(93)) -   Response 1: s1<-s4#0:OK-t2
2024-03-25 15:14:18,593 [s1@group-9D3409BEE5F0-LeaderElection6] INFO  impl.LeaderElection (LeaderElection.java:askForVotes(323)) - s1@group-9D3409BEE5F0-LeaderElection6 ELECTION round 0: result PASSED
2024-03-25 15:14:18,593 [s1@group-9D3409BEE5F0-LeaderElection6] INFO  impl.RoleInfo (RoleInfo.java:shutdownLeaderElection(139)) - s1: shutdown s1@group-9D3409BEE5F0-LeaderElection6
2024-03-25 15:14:18,595 [s1@group-9D3409BEE5F0-LeaderElection6] INFO  server.RaftServer$Division (RaftServerImpl.java:setRole(376)) - s1@group-9D3409BEE5F0: changes role from CANDIDATE to LEADER at term 2 for changeToLeader
2024-03-25 15:14:18,596 [grpc-default-executor-11] TRACE util.FileUtils (LogUtils.java:runAndLog(49)) - Successfully ran Atomic Files.move /home/runner/work/ratis/ratis/ratis-test/target/test/data/ca1c2ba0/MiniRaftClusterWithGrpcb71097c6/s2/9393d5d7-2db7-4118-a8bd-9d3409bee5f0/current/raft-meta.tmp to /home/runner/work/ratis/ratis/ratis-test/target/test/data/ca1c2ba0/MiniRaftClusterWithGrpcb71097c6/s2/9393d5d7-2db7-4118-a8bd-9d3409bee5f0/current/raft-meta with options [REPLACE_EXISTING]
2024-03-25 15:14:18,596 [grpc-default-executor-11] INFO  server.RaftServer$Division (RaftServerImpl.java:requestVote(1435)) - s2@group-9D3409BEE5F0 replies to ELECTION vote request: s1<-s2#0:OK-t2. Peer's state: s2@group-9D3409BEE5F0:t2, leader=null, voted=s1, raftlog=Memoized:s2@group-9D3409BEE5F0-SegmentedRaftLog:OPENED:c-1:lastnull, conf=conf: {index: -1, cur=peers:[s3|localhost:15012, s4|localhost:15016, s0|localhost:15000, s1|localhost:15004, s2|localhost:15008]|listeners:[], old=null}
2024-03-25 15:14:18,641 [s1@group-9D3409BEE5F0-LeaderElection6] INFO  grpc.GrpcConfigKeys (ConfUtils.java:logGet(46)) - raft.grpc.server.leader.outstanding.appends.max = 8 (default)
2024-03-25 15:14:18,641 [s1@group-9D3409BEE5F0-LeaderElection6] INFO  grpc.GrpcConfigKeys (ConfUtils.java:logGet(46)) - raft.grpc.server.install_snapshot.request.element-limit = 8 (default)
2024-03-25 15:14:18,642 [s1@group-9D3409BEE5F0-LeaderElection6] INFO  grpc.GrpcConfigKeys (ConfUtils.java:logGet(46)) - raft.grpc.server.install_snapshot.request.timeout = 3000ms (default)
2024-03-25 15:14:18,642 [s1@group-9D3409BEE5F0-LeaderElection6] INFO  grpc.GrpcConfigKeys (ConfUtils.java:logGet(46)) - raft.grpc.server.log-message.batch.duration = 5s (default)
2024-03-25 15:14:18,642 [s1@group-9D3409BEE5F0-LeaderElection6] INFO  grpc.GrpcConfigKeys (ConfUtils.java:logGet(46)) - raft.grpc.server.heartbeat.channel = true (default)
2024-03-25 15:14:18,647 [s1@group-9D3409BEE5F0-LeaderElection6] INFO  grpc.GrpcConfigKeys (ConfUtils.java:logGet(46)) - raft.grpc.server.leader.outstanding.appends.max = 8 (default)
2024-03-25 15:14:18,647 [s1@group-9D3409BEE5F0-LeaderElection6] INFO  grpc.GrpcConfigKeys (ConfUtils.java:logGet(46)) - raft.grpc.server.install_snapshot.request.element-limit = 8 (default)
2024-03-25 15:14:18,647 [s1@group-9D3409BEE5F0-LeaderElection6] INFO  grpc.GrpcConfigKeys (ConfUtils.java:logGet(46)) - raft.grpc.server.install_snapshot.request.timeout = 3000ms (default)
2024-03-25 15:14:18,647 [s1@group-9D3409BEE5F0-LeaderElection6] INFO  grpc.GrpcConfigKeys (ConfUtils.java:logGet(46)) - raft.grpc.server.log-message.batch.duration = 5s (default)
2024-03-25 15:14:18,647 [s1@group-9D3409BEE5F0-LeaderElection6] INFO  grpc.GrpcConfigKeys (ConfUtils.java:logGet(46)) - raft.grpc.server.heartbeat.channel = true (default)
2024-03-25 15:14:18,649 [s1@group-9D3409BEE5F0-LeaderElection6] INFO  grpc.GrpcConfigKeys (ConfUtils.java:logGet(46)) - raft.grpc.server.leader.outstanding.appends.max = 8 (default)
2024-03-25 15:14:18,649 [s1@group-9D3409BEE5F0-LeaderElection6] INFO  grpc.GrpcConfigKeys (ConfUtils.java:logGet(46)) - raft.grpc.server.install_snapshot.request.element-limit = 8 (default)
2024-03-25 15:14:18,649 [s1@group-9D3409BEE5F0-LeaderElection6] INFO  grpc.GrpcConfigKeys (ConfUtils.java:logGet(46)) - raft.grpc.server.install_snapshot.request.timeout = 3000ms (default)
2024-03-25 15:14:18,649 [s1@group-9D3409BEE5F0-LeaderElection6] INFO  grpc.GrpcConfigKeys (ConfUtils.java:logGet(46)) - raft.grpc.server.log-message.batch.duration = 5s (default)
2024-03-25 15:14:18,649 [s1@group-9D3409BEE5F0-LeaderElection6] INFO  grpc.GrpcConfigKeys (ConfUtils.java:logGet(46)) - raft.grpc.server.heartbeat.channel = true (default)
2024-03-25 15:14:18,650 [s1@group-9D3409BEE5F0-LeaderElection6] INFO  grpc.GrpcConfigKeys (ConfUtils.java:logGet(46)) - raft.grpc.server.leader.outstanding.appends.max = 8 (default)
2024-03-25 15:14:18,650 [s1@group-9D3409BEE5F0-LeaderElection6] INFO  grpc.GrpcConfigKeys (ConfUtils.java:logGet(46)) - raft.grpc.server.install_snapshot.request.element-limit = 8 (default)
2024-03-25 15:14:18,650 [s1@group-9D3409BEE5F0-LeaderElection6] INFO  grpc.GrpcConfigKeys (ConfUtils.java:logGet(46)) - raft.grpc.server.install_snapshot.request.timeout = 3000ms (default)
2024-03-25 15:14:18,650 [s1@group-9D3409BEE5F0-LeaderElection6] INFO  grpc.GrpcConfigKeys (ConfUtils.java:logGet(46)) - raft.grpc.server.log-message.batch.duration = 5s (default)
2024-03-25 15:14:18,650 [s1@group-9D3409BEE5F0-LeaderElection6] INFO  grpc.GrpcConfigKeys (ConfUtils.java:logGet(46)) - raft.grpc.server.heartbeat.channel = true (default)
2024-03-25 15:14:18,652 [s1@group-9D3409BEE5F0-LeaderElection6] INFO  impl.RoleInfo (RoleInfo.java:updateAndGet(148)) - s1: start s1@group-9D3409BEE5F0-LeaderStateImpl
2024-03-25 15:14:18,652 [s1@group-9D3409BEE5F0-LeaderElection6] INFO  server.RaftServer$Division (ServerState.java:setLeader(270)) - s1@group-9D3409BEE5F0: change Leader from null to s1 at term 2 for becomeLeader, leader elected after 6527ms
2024-03-25 15:14:18,716 [s1@group-9D3409BEE5F0-LeaderElection6] INFO  util.LeakDetector (LeakDetector.java:start(72)) - Starting leak detector thread SIMPLE0.
2024-03-25 15:14:18,722 [s1@group-9D3409BEE5F0-LeaderElection6] INFO  segmented.SegmentedRaftLogWorker (SegmentedRaftLogWorker.java:startLogSegment(430)) - s1@group-9D3409BEE5F0-SegmentedRaftLogWorker: Starting segment from index:0
2024-03-25 15:14:18,733 [s1@group-9D3409BEE5F0-LeaderElection6] INFO  server.RaftServer$Division (ServerState.java:setRaftConf(384)) - s1@group-9D3409BEE5F0: set configuration conf: {index: 0, cur=peers:[s3|localhost:15012, s4|localhost:15016, s0|localhost:15000, s1|localhost:15004, s2|localhost:15008]|listeners:[], old=null}
2024-03-25 15:14:18,750 [s1@group-9D3409BEE5F0-SegmentedRaftLogWorker] INFO  segmented.BufferedWriteChannel (BufferedWriteChannel.java:open(61)) - open log_inprogress_0 at position 0
2024-03-25 15:14:18,761 [s1@group-9D3409BEE5F0-SegmentedRaftLogWorker] INFO  segmented.SegmentedRaftLogWorker (SegmentedRaftLogWorker.java:execute(638)) - s1@group-9D3409BEE5F0-SegmentedRaftLogWorker: created new log segment /home/runner/work/ratis/ratis/ratis-test/target/test/data/ca1c2ba0/MiniRaftClusterWithGrpcb71097c6/s1/9393d5d7-2db7-4118-a8bd-9d3409bee5f0/current/log_inprogress_0
2024-03-25 15:14:18,823 [s3-server-thread1] INFO  server.RaftServer$Division (ServerState.java:setLeader(270)) - s3@group-9D3409BEE5F0: change Leader from null to s1 at term 2 for appendEntries, leader elected after 6704ms
2024-03-25 15:14:18,840 [s4-server-thread1] INFO  server.RaftServer$Division (ServerState.java:setLeader(270)) - s4@group-9D3409BEE5F0: change Leader from null to s1 at term 2 for appendEntries, leader elected after 6722ms
2024-03-25 15:14:18,857 [s0-server-thread1] INFO  server.RaftServer$Division (ServerState.java:setLeader(270)) - s0@group-9D3409BEE5F0: change Leader from null to s1 at term 2 for appendEntries, leader elected after 6738ms
2024-03-25 15:14:18,868 [s0-server-thread2] INFO  server.RaftServer$Division (ServerState.java:setRaftConf(384)) - s0@group-9D3409BEE5F0: set configuration conf: {index: 0, cur=peers:[s3|localhost:15012, s4|localhost:15016, s0|localhost:15000, s1|localhost:15004, s2|localhost:15008]|listeners:[], old=null}
2024-03-25 15:14:18,869 [s4-server-thread1] INFO  server.RaftServer$Division (ServerState.java:setRaftConf(384)) - s4@group-9D3409BEE5F0: set configuration conf: {index: 0, cur=peers:[s3|localhost:15012, s4|localhost:15016, s0|localhost:15000, s1|localhost:15004, s2|localhost:15008]|listeners:[], old=null}
2024-03-25 15:14:18,871 [s4-server-thread1] INFO  segmented.SegmentedRaftLogWorker (SegmentedRaftLogWorker.java:startLogSegment(430)) - s4@group-9D3409BEE5F0-SegmentedRaftLogWorker: Starting segment from index:0
2024-03-25 15:14:18,872 [s3-server-thread1] INFO  server.RaftServer$Division (ServerState.java:setRaftConf(384)) - s3@group-9D3409BEE5F0: set configuration conf: {index: 0, cur=peers:[s3|localhost:15012, s4|localhost:15016, s0|localhost:15000, s1|localhost:15004, s2|localhost:15008]|listeners:[], old=null}
2024-03-25 15:14:18,872 [s3-server-thread1] INFO  segmented.SegmentedRaftLogWorker (SegmentedRaftLogWorker.java:startLogSegment(430)) - s3@group-9D3409BEE5F0-SegmentedRaftLogWorker: Starting segment from index:0
2024-03-25 15:14:18,871 [s0-server-thread2] INFO  segmented.SegmentedRaftLogWorker (SegmentedRaftLogWorker.java:startLogSegment(430)) - s0@group-9D3409BEE5F0-SegmentedRaftLogWorker: Starting segment from index:0
2024-03-25 15:14:18,883 [s0@group-9D3409BEE5F0-SegmentedRaftLogWorker] INFO  segmented.BufferedWriteChannel (BufferedWriteChannel.java:open(61)) - open log_inprogress_0 at position 0
2024-03-25 15:14:18,885 [s2-server-thread1] INFO  server.RaftServer$Division (ServerState.java:setLeader(270)) - s2@group-9D3409BEE5F0: change Leader from null to s1 at term 2 for appendEntries, leader elected after 6751ms
2024-03-25 15:14:18,887 [s3@group-9D3409BEE5F0-SegmentedRaftLogWorker] INFO  segmented.BufferedWriteChannel (BufferedWriteChannel.java:open(61)) - open log_inprogress_0 at position 0
2024-03-25 15:14:18,880 [s4@group-9D3409BEE5F0-SegmentedRaftLogWorker] INFO  segmented.BufferedWriteChannel (BufferedWriteChannel.java:open(61)) - open log_inprogress_0 at position 0
2024-03-25 15:14:18,897 [s3@group-9D3409BEE5F0-SegmentedRaftLogWorker] INFO  segmented.SegmentedRaftLogWorker (SegmentedRaftLogWorker.java:execute(638)) - s3@group-9D3409BEE5F0-SegmentedRaftLogWorker: created new log segment /home/runner/work/ratis/ratis/ratis-test/target/test/data/ca1c2ba0/MiniRaftClusterWithGrpcb71097c6/s3/9393d5d7-2db7-4118-a8bd-9d3409bee5f0/current/log_inprogress_0
2024-03-25 15:14:18,899 [s0@group-9D3409BEE5F0-SegmentedRaftLogWorker] INFO  segmented.SegmentedRaftLogWorker (SegmentedRaftLogWorker.java:execute(638)) - s0@group-9D3409BEE5F0-SegmentedRaftLogWorker: created new log segment /home/runner/work/ratis/ratis/ratis-test/target/test/data/ca1c2ba0/MiniRaftClusterWithGrpcb71097c6/s0/9393d5d7-2db7-4118-a8bd-9d3409bee5f0/current/log_inprogress_0
2024-03-25 15:14:18,901 [s2-server-thread2] INFO  server.RaftServer$Division (ServerState.java:setRaftConf(384)) - s2@group-9D3409BEE5F0: set configuration conf: {index: 0, cur=peers:[s3|localhost:15012, s4|localhost:15016, s0|localhost:15000, s1|localhost:15004, s2|localhost:15008]|listeners:[], old=null}
2024-03-25 15:14:18,901 [s2-server-thread2] INFO  segmented.SegmentedRaftLogWorker (SegmentedRaftLogWorker.java:startLogSegment(430)) - s2@group-9D3409BEE5F0-SegmentedRaftLogWorker: Starting segment from index:0
2024-03-25 15:14:18,901 [s2@group-9D3409BEE5F0-SegmentedRaftLogWorker] INFO  segmented.BufferedWriteChannel (BufferedWriteChannel.java:open(61)) - open log_inprogress_0 at position 0
2024-03-25 15:14:18,907 [s1@group-9D3409BEE5F0-StateMachineUpdater] TRACE util.FileUtils (LogUtils.java:supplyAndLog(69)) - Successfully supplied FileChannel.open /home/runner/work/ratis/ratis/ratis-test/target/test/data/ca1c2ba0/MiniRaftClusterWithGrpcb71097c6/s1/9393d5d7-2db7-4118-a8bd-9d3409bee5f0/current/raft-meta.conf.tmp with options [CREATE, WRITE]: sun.nio.ch.FileChannelImpl@73ec1368
2024-03-25 15:14:18,908 [s4@group-9D3409BEE5F0-SegmentedRaftLogWorker] INFO  segmented.SegmentedRaftLogWorker (SegmentedRaftLogWorker.java:execute(638)) - s4@group-9D3409BEE5F0-SegmentedRaftLogWorker: created new log segment /home/runner/work/ratis/ratis/ratis-test/target/test/data/ca1c2ba0/MiniRaftClusterWithGrpcb71097c6/s4/9393d5d7-2db7-4118-a8bd-9d3409bee5f0/current/log_inprogress_0
2024-03-25 15:14:18,910 [s2@group-9D3409BEE5F0-SegmentedRaftLogWorker] INFO  segmented.SegmentedRaftLogWorker (SegmentedRaftLogWorker.java:execute(638)) - s2@group-9D3409BEE5F0-SegmentedRaftLogWorker: created new log segment /home/runner/work/ratis/ratis/ratis-test/target/test/data/ca1c2ba0/MiniRaftClusterWithGrpcb71097c6/s2/9393d5d7-2db7-4118-a8bd-9d3409bee5f0/current/log_inprogress_0
2024-03-25 15:14:18,911 [s1@group-9D3409BEE5F0-StateMachineUpdater] TRACE util.FileUtils (LogUtils.java:runAndLog(49)) - Successfully ran Atomic Files.move /home/runner/work/ratis/ratis/ratis-test/target/test/data/ca1c2ba0/MiniRaftClusterWithGrpcb71097c6/s1/9393d5d7-2db7-4118-a8bd-9d3409bee5f0/current/raft-meta.conf.tmp to /home/runner/work/ratis/ratis/ratis-test/target/test/data/ca1c2ba0/MiniRaftClusterWithGrpcb71097c6/s1/9393d5d7-2db7-4118-a8bd-9d3409bee5f0/current/raft-meta.conf with options [REPLACE_EXISTING]
2024-03-25 15:14:18,911 [s1@group-9D3409BEE5F0-StateMachineUpdater] INFO  server.RaftServer$Division (LeaderStateImpl.java:checkStartIndex(317)) - Leader s1@group-9D3409BEE5F0-LeaderStateImpl is ready since appliedIndex == startIndex == 0
2024-03-25 15:14:20,408 [s3@group-9D3409BEE5F0-StateMachineUpdater] TRACE util.FileUtils (LogUtils.java:supplyAndLog(69)) - Successfully supplied FileChannel.open /home/runner/work/ratis/ratis/ratis-test/target/test/data/ca1c2ba0/MiniRaftClusterWithGrpcb71097c6/s3/9393d5d7-2db7-4118-a8bd-9d3409bee5f0/current/raft-meta.conf.tmp with options [CREATE, WRITE]: sun.nio.ch.FileChannelImpl@3505002e
2024-03-25 15:14:20,412 [s3@group-9D3409BEE5F0-StateMachineUpdater] TRACE util.FileUtils (LogUtils.java:runAndLog(49)) - Successfully ran Atomic Files.move /home/runner/work/ratis/ratis/ratis-test/target/test/data/ca1c2ba0/MiniRaftClusterWithGrpcb71097c6/s3/9393d5d7-2db7-4118-a8bd-9d3409bee5f0/current/raft-meta.conf.tmp to /home/runner/work/ratis/ratis/ratis-test/target/test/data/ca1c2ba0/MiniRaftClusterWithGrpcb71097c6/s3/9393d5d7-2db7-4118-a8bd-9d3409bee5f0/current/raft-meta.conf with options [REPLACE_EXISTING]
2024-03-25 15:14:20,413 [s0@group-9D3409BEE5F0-StateMachineUpdater] TRACE util.FileUtils (LogUtils.java:supplyAndLog(69)) - Successfully supplied FileChannel.open /home/runner/work/ratis/ratis/ratis-test/target/test/data/ca1c2ba0/MiniRaftClusterWithGrpcb71097c6/s0/9393d5d7-2db7-4118-a8bd-9d3409bee5f0/current/raft-meta.conf.tmp with options [CREATE, WRITE]: sun.nio.ch.FileChannelImpl@2f26cb32
2024-03-25 15:14:20,416 [s4@group-9D3409BEE5F0-StateMachineUpdater] TRACE util.FileUtils (LogUtils.java:supplyAndLog(69)) - Successfully supplied FileChannel.open /home/runner/work/ratis/ratis/ratis-test/target/test/data/ca1c2ba0/MiniRaftClusterWithGrpcb71097c6/s4/9393d5d7-2db7-4118-a8bd-9d3409bee5f0/current/raft-meta.conf.tmp with options [CREATE, WRITE]: sun.nio.ch.FileChannelImpl@3cd27dbe
2024-03-25 15:14:20,418 [s2@group-9D3409BEE5F0-StateMachineUpdater] TRACE util.FileUtils (LogUtils.java:supplyAndLog(69)) - Successfully supplied FileChannel.open /home/runner/work/ratis/ratis/ratis-test/target/test/data/ca1c2ba0/MiniRaftClusterWithGrpcb71097c6/s2/9393d5d7-2db7-4118-a8bd-9d3409bee5f0/current/raft-meta.conf.tmp with options [CREATE, WRITE]: sun.nio.ch.FileChannelImpl@258a556b
2024-03-25 15:14:20,419 [s0@group-9D3409BEE5F0-StateMachineUpdater] TRACE util.FileUtils (LogUtils.java:runAndLog(49)) - Successfully ran Atomic Files.move /home/runner/work/ratis/ratis/ratis-test/target/test/data/ca1c2ba0/MiniRaftClusterWithGrpcb71097c6/s0/9393d5d7-2db7-4118-a8bd-9d3409bee5f0/current/raft-meta.conf.tmp to /home/runner/work/ratis/ratis/ratis-test/target/test/data/ca1c2ba0/MiniRaftClusterWithGrpcb71097c6/s0/9393d5d7-2db7-4118-a8bd-9d3409bee5f0/current/raft-meta.conf with options [REPLACE_EXISTING]
2024-03-25 15:14:20,420 [s4@group-9D3409BEE5F0-StateMachineUpdater] TRACE util.FileUtils (LogUtils.java:runAndLog(49)) - Successfully ran Atomic Files.move /home/runner/work/ratis/ratis/ratis-test/target/test/data/ca1c2ba0/MiniRaftClusterWithGrpcb71097c6/s4/9393d5d7-2db7-4118-a8bd-9d3409bee5f0/current/raft-meta.conf.tmp to /home/runner/work/ratis/ratis/ratis-test/target/test/data/ca1c2ba0/MiniRaftClusterWithGrpcb71097c6/s4/9393d5d7-2db7-4118-a8bd-9d3409bee5f0/current/raft-meta.conf with options [REPLACE_EXISTING]
2024-03-25 15:14:20,420 [s2@group-9D3409BEE5F0-StateMachineUpdater] TRACE util.FileUtils (LogUtils.java:runAndLog(49)) - Successfully ran Atomic Files.move /home/runner/work/ratis/ratis/ratis-test/target/test/data/ca1c2ba0/MiniRaftClusterWithGrpcb71097c6/s2/9393d5d7-2db7-4118-a8bd-9d3409bee5f0/current/raft-meta.conf.tmp to /home/runner/work/ratis/ratis/ratis-test/target/test/data/ca1c2ba0/MiniRaftClusterWithGrpcb71097c6/s2/9393d5d7-2db7-4118-a8bd-9d3409bee5f0/current/raft-meta.conf with options [REPLACE_EXISTING]
2024-03-25 15:14:21,437 [main] INFO  ratis.RaftTestUtil (RaftTestUtil.java:waitForLeader(131)) - printing ALL groups
  s3:  RUNNING  FOLLOWER s3@group-9D3409BEE5F0:t2, leader=s1, voted=s1, raftlog=Memoized:s3@group-9D3409BEE5F0-SegmentedRaftLog:OPENED:c0:last(t:2, i:0), conf=conf: {index: 0, cur=peers:[s3|localhost:15012, s4|localhost:15016, s0|localhost:15000, s1|localhost:15004, s2|localhost:15008]|listeners:[], old=null} RUNNING
  s4:  RUNNING  FOLLOWER s4@group-9D3409BEE5F0:t2, leader=s1, voted=s1, raftlog=Memoized:s4@group-9D3409BEE5F0-SegmentedRaftLog:OPENED:c0:last(t:2, i:0), conf=conf: {index: 0, cur=peers:[s3|localhost:15012, s4|localhost:15016, s0|localhost:15000, s1|localhost:15004, s2|localhost:15008]|listeners:[], old=null} RUNNING
  s0:  RUNNING  FOLLOWER s0@group-9D3409BEE5F0:t2, leader=s1, voted=s1, raftlog=Memoized:s0@group-9D3409BEE5F0-SegmentedRaftLog:OPENED:c0:last(t:2, i:0), conf=conf: {index: 0, cur=peers:[s3|localhost:15012, s4|localhost:15016, s0|localhost:15000, s1|localhost:15004, s2|localhost:15008]|listeners:[], old=null} RUNNING
  s1:  RUNNING    LEADER s1@group-9D3409BEE5F0:t2, leader=s1, voted=s1, raftlog=Memoized:s1@group-9D3409BEE5F0-SegmentedRaftLog:OPENED:c0:last(t:2, i:0), conf=conf: {index: 0, cur=peers:[s3|localhost:15012, s4|localhost:15016, s0|localhost:15000, s1|localhost:15004, s2|localhost:15008]|listeners:[], old=null} RUNNING
  s2:  RUNNING  FOLLOWER s2@group-9D3409BEE5F0:t2, leader=s1, voted=s1, raftlog=Memoized:s2@group-9D3409BEE5F0-SegmentedRaftLog:OPENED:c0:last(t:2, i:0), conf=conf: {index: 0, cur=peers:[s3|localhost:15012, s4|localhost:15016, s0|localhost:15000, s1|localhost:15004, s2|localhost:15008]|listeners:[], old=null} RUNNING
2024-03-25 15:14:21,441 [main] INFO  grpc.TestRaftLogTruncateWithGrpc (RaftLogTruncateTests.java:runTestLogTruncate(127)) - oldLeader: s1, term=2
2024-03-25 15:14:21,441 [main] INFO  grpc.TestRaftLogTruncateWithGrpc (RaftLogTruncateTests.java:runTestLogTruncate(128)) - killedPeers   : [s3, s4, s0]
2024-03-25 15:14:21,441 [main] INFO  grpc.TestRaftLogTruncateWithGrpc (RaftLogTruncateTests.java:runTestLogTruncate(129)) - remainingPeers: [s1, s2]
2024-03-25 15:14:21,442 [main] DEBUG impl.TransactionManager (TransactionManager.java:getMap(49)) - s3-TransactionManager <empty>
2024-03-25 15:14:21,443 [main] DEBUG impl.TransactionManager (TransactionManager.java:getMap(49)) - s4-TransactionManager <empty>
2024-03-25 15:14:21,443 [main] DEBUG impl.TransactionManager (TransactionManager.java:getMap(49)) - s0-TransactionManager <empty>
2024-03-25 15:14:21,443 [main] DEBUG impl.TransactionManager (TransactionManager.java:getMap(49)) - s1-TransactionManager <empty>
2024-03-25 15:14:21,443 [main] DEBUG impl.TransactionManager (TransactionManager.java:getMap(49)) - s2-TransactionManager <empty>
2024-03-25 15:14:21,526 [s2-server-thread1] DEBUG impl.TransactionManager (TransactionManager.java:computeIfAbsent(60)) - (t:2, i:1): s2-TransactionManager
  (t:2, i:1): initialized? false
2024-03-25 15:14:21,530 [s4-server-thread2] DEBUG impl.TransactionManager (TransactionManager.java:computeIfAbsent(60)) - (t:2, i:1): s4-TransactionManager
  (t:2, i:1): initialized? false
2024-03-25 15:14:21,530 [s0-server-thread1] DEBUG impl.TransactionManager (TransactionManager.java:computeIfAbsent(60)) - (t:2, i:1): s0-TransactionManager
  (t:2, i:1): initialized? false
2024-03-25 15:14:21,532 [s3-server-thread2] DEBUG impl.TransactionManager (TransactionManager.java:computeIfAbsent(60)) - (t:2, i:1): s3-TransactionManager
  (t:2, i:1): initialized? false
2024-03-25 15:14:21,540 [s1@group-9D3409BEE5F0-StateMachineUpdater] INFO  impl.SimpleStateMachine4Testing (SimpleStateMachine4Testing.java:applyTransaction(252)) - applyTransaction for log index 1
2024-03-25 15:14:21,553 [s3@group-9D3409BEE5F0-StateMachineUpdater] INFO  impl.SimpleStateMachine4Testing (SimpleStateMachine4Testing.java:applyTransaction(252)) - applyTransaction for log index 1
2024-03-25 15:14:21,555 [s0@group-9D3409BEE5F0-StateMachineUpdater] INFO  impl.SimpleStateMachine4Testing (SimpleStateMachine4Testing.java:applyTransaction(252)) - applyTransaction for log index 1
2024-03-25 15:14:21,557 [s4@group-9D3409BEE5F0-StateMachineUpdater] INFO  impl.SimpleStateMachine4Testing (SimpleStateMachine4Testing.java:applyTransaction(252)) - applyTransaction for log index 1
2024-03-25 15:14:21,566 [s2@group-9D3409BEE5F0-StateMachineUpdater] INFO  impl.SimpleStateMachine4Testing (SimpleStateMachine4Testing.java:applyTransaction(252)) - applyTransaction for log index 1
2024-03-25 15:14:21,674 [s0@group-9D3409BEE5F0-StateMachineUpdater] INFO  impl.SimpleStateMachine4Testing (SimpleStateMachine4Testing.java:put(208)) - s0: put 1, first0 -> (t:2, i:1), STATEMACHINELOGENTRY, logData:<ByteString@21e130a6 size=6 contents="first0">, stateMachineEntry:WRITE:stateMachineData: "StateMachine Data"

2024-03-25 15:14:21,674 [s2@group-9D3409BEE5F0-StateMachineUpdater] INFO  impl.SimpleStateMachine4Testing (SimpleStateMachine4Testing.java:put(208)) - s2: put 1, first0 -> (t:2, i:1), STATEMACHINELOGENTRY, logData:<ByteString@2b4dafaa size=6 contents="first0">, stateMachineEntry:WRITE:stateMachineData: "StateMachine Data"

2024-03-25 15:14:21,674 [s1@group-9D3409BEE5F0-StateMachineUpdater] INFO  impl.SimpleStateMachine4Testing (SimpleStateMachine4Testing.java:put(208)) - s1: put 1, first0 -> (t:2, i:1), STATEMACHINELOGENTRY, logData:<ByteString@2536fff6 size=6 contents="first0">, stateMachineEntry:WRITE:stateMachineData: "StateMachine Data"

2024-03-25 15:14:21,675 [s4@group-9D3409BEE5F0-StateMachineUpdater] INFO  impl.SimpleStateMachine4Testing (SimpleStateMachine4Testing.java:put(208)) - s4: put 1, first0 -> (t:2, i:1), STATEMACHINELOGENTRY, logData:<ByteString@32158454 size=6 contents="first0">, stateMachineEntry:WRITE:stateMachineData: "StateMachine Data"

2024-03-25 15:14:21,675 [s2@group-9D3409BEE5F0-StateMachineUpdater] DEBUG impl.TransactionManager (TransactionManager.java:remove(68)) - (t:2, i:1): s2-TransactionManager <empty>
2024-03-25 15:14:21,675 [s4@group-9D3409BEE5F0-StateMachineUpdater] DEBUG impl.TransactionManager (TransactionManager.java:remove(68)) - (t:2, i:1): s4-TransactionManager <empty>
2024-03-25 15:14:21,676 [s3@group-9D3409BEE5F0-StateMachineUpdater] INFO  impl.SimpleStateMachine4Testing (SimpleStateMachine4Testing.java:put(208)) - s3: put 1, first0 -> (t:2, i:1), STATEMACHINELOGENTRY, logData:<ByteString@313a9256 size=6 contents="first0">, stateMachineEntry:WRITE:stateMachineData: "StateMachine Data"

2024-03-25 15:14:21,677 [s3@group-9D3409BEE5F0-StateMachineUpdater] DEBUG impl.TransactionManager (TransactionManager.java:remove(68)) - (t:2, i:1): s3-TransactionManager <empty>
2024-03-25 15:14:21,677 [s0@group-9D3409BEE5F0-StateMachineUpdater] DEBUG impl.TransactionManager (TransactionManager.java:remove(68)) - (t:2, i:1): s0-TransactionManager <empty>
2024-03-25 15:14:21,720 [s0-server-thread1] DEBUG impl.TransactionManager (TransactionManager.java:computeIfAbsent(60)) - (t:2, i:3): s0-TransactionManager
  (t:2, i:3): initialized? false
2024-03-25 15:14:21,720 [s2-server-thread1] DEBUG impl.TransactionManager (TransactionManager.java:computeIfAbsent(60)) - (t:2, i:3): s2-TransactionManager
  (t:2, i:3): initialized? false
2024-03-25 15:14:21,725 [s1@group-9D3409BEE5F0-StateMachineUpdater] INFO  impl.SimpleStateMachine4Testing (SimpleStateMachine4Testing.java:applyTransaction(252)) - applyTransaction for log index 3
2024-03-25 15:14:21,725 [s1@group-9D3409BEE5F0-StateMachineUpdater] INFO  impl.SimpleStateMachine4Testing (SimpleStateMachine4Testing.java:put(208)) - s1: put 3, first1 -> (t:2, i:3), STATEMACHINELOGENTRY, logData:<ByteString@123dffb9 size=6 contents="first1">, stateMachineEntry:WRITE:stateMachineData: "StateMachine Data"

2024-03-25 15:14:21,725 [s3-server-thread2] DEBUG impl.TransactionManager (TransactionManager.java:computeIfAbsent(60)) - (t:2, i:3): s3-TransactionManager
  (t:2, i:3): initialized? false
2024-03-25 15:14:21,726 [s4-server-thread2] DEBUG impl.TransactionManager (TransactionManager.java:computeIfAbsent(60)) - (t:2, i:3): s4-TransactionManager
  (t:2, i:3): initialized? false
2024-03-25 15:14:21,734 [s3@group-9D3409BEE5F0-StateMachineUpdater] INFO  impl.SimpleStateMachine4Testing (SimpleStateMachine4Testing.java:applyTransaction(252)) - applyTransaction for log index 3
2024-03-25 15:14:21,734 [s3@group-9D3409BEE5F0-StateMachineUpdater] INFO  impl.SimpleStateMachine4Testing (SimpleStateMachine4Testing.java:put(208)) - s3: put 3, first1 -> (t:2, i:3), STATEMACHINELOGENTRY, logData:<ByteString@42a29551 size=6 contents="first1">, stateMachineEntry:WRITE:stateMachineData: "StateMachine Data"

2024-03-25 15:14:21,734 [s2@group-9D3409BEE5F0-StateMachineUpdater] INFO  impl.SimpleStateMachine4Testing (SimpleStateMachine4Testing.java:applyTransaction(252)) - applyTransaction for log index 3
2024-03-25 15:14:21,735 [s3@group-9D3409BEE5F0-StateMachineUpdater] DEBUG impl.TransactionManager (TransactionManager.java:remove(68)) - (t:2, i:3): s3-TransactionManager <empty>
2024-03-25 15:14:21,735 [s2@group-9D3409BEE5F0-StateMachineUpdater] INFO  impl.SimpleStateMachine4Testing (SimpleStateMachine4Testing.java:put(208)) - s2: put 3, first1 -> (t:2, i:3), STATEMACHINELOGENTRY, logData:<ByteString@35bc8cb7 size=6 contents="first1">, stateMachineEntry:WRITE:stateMachineData: "StateMachine Data"

2024-03-25 15:14:21,735 [s2@group-9D3409BEE5F0-StateMachineUpdater] DEBUG impl.TransactionManager (TransactionManager.java:remove(68)) - (t:2, i:3): s2-TransactionManager <empty>
2024-03-25 15:14:21,736 [s0@group-9D3409BEE5F0-StateMachineUpdater] INFO  impl.SimpleStateMachine4Testing (SimpleStateMachine4Testing.java:applyTransaction(252)) - applyTransaction for log index 3
2024-03-25 15:14:21,736 [s4@group-9D3409BEE5F0-StateMachineUpdater] INFO  impl.SimpleStateMachine4Testing (SimpleStateMachine4Testing.java:applyTransaction(252)) - applyTransaction for log index 3
2024-03-25 15:14:21,736 [s0@group-9D3409BEE5F0-StateMachineUpdater] INFO  impl.SimpleStateMachine4Testing (SimpleStateMachine4Testing.java:put(208)) - s0: put 3, first1 -> (t:2, i:3), STATEMACHINELOGENTRY, logData:<ByteString@733567b5 size=6 contents="first1">, stateMachineEntry:WRITE:stateMachineData: "StateMachine Data"

2024-03-25 15:14:21,736 [s0@group-9D3409BEE5F0-StateMachineUpdater] DEBUG impl.TransactionManager (TransactionManager.java:remove(68)) - (t:2, i:3): s0-TransactionManager <empty>
2024-03-25 15:14:21,737 [s4@group-9D3409BEE5F0-StateMachineUpdater] INFO  impl.SimpleStateMachine4Testing (SimpleStateMachine4Testing.java:put(208)) - s4: put 3, first1 -> (t:2, i:3), STATEMACHINELOGENTRY, logData:<ByteString@45bfac41 size=6 contents="first1">, stateMachineEntry:WRITE:stateMachineData: "StateMachine Data"

2024-03-25 15:14:21,737 [s4@group-9D3409BEE5F0-StateMachineUpdater] DEBUG impl.TransactionManager (TransactionManager.java:remove(68)) - (t:2, i:3): s4-TransactionManager <empty>
2024-03-25 15:14:21,742 [s0-server-thread1] DEBUG impl.TransactionManager (TransactionManager.java:computeIfAbsent(60)) - (t:2, i:5): s0-TransactionManager
  (t:2, i:5): initialized? false
2024-03-25 15:14:21,742 [s2-server-thread1] DEBUG impl.TransactionManager (TransactionManager.java:computeIfAbsent(60)) - (t:2, i:5): s2-TransactionManager
  (t:2, i:5): initialized? false
2024-03-25 15:14:21,746 [s3-server-thread2] DEBUG impl.TransactionManager (TransactionManager.java:computeIfAbsent(60)) - (t:2, i:5): s3-TransactionManager
  (t:2, i:5): initialized? false
2024-03-25 15:14:21,746 [s4-server-thread2] DEBUG impl.TransactionManager (TransactionManager.java:computeIfAbsent(60)) - (t:2, i:5): s4-TransactionManager
  (t:2, i:5): initialized? false
2024-03-25 15:14:21,748 [s1@group-9D3409BEE5F0-StateMachineUpdater] INFO  impl.SimpleStateMachine4Testing (SimpleStateMachine4Testing.java:applyTransaction(252)) - applyTransaction for log index 5
2024-03-25 15:14:21,748 [s1@group-9D3409BEE5F0-StateMachineUpdater] INFO  impl.SimpleStateMachine4Testing (SimpleStateMachine4Testing.java:put(208)) - s1: put 5, first2 -> (t:2, i:5), STATEMACHINELOGENTRY, logData:<ByteString@4aa27221 size=6 contents="first2">, stateMachineEntry:WRITE:stateMachineData: "StateMachine Data"

2024-03-25 15:14:21,755 [s2@group-9D3409BEE5F0-StateMachineUpdater] INFO  impl.SimpleStateMachine4Testing (SimpleStateMachine4Testing.java:applyTransaction(252)) - applyTransaction for log index 5
2024-03-25 15:14:21,755 [s0@group-9D3409BEE5F0-StateMachineUpdater] INFO  impl.SimpleStateMachine4Testing (SimpleStateMachine4Testing.java:applyTransaction(252)) - applyTransaction for log index 5
2024-03-25 15:14:21,755 [s2@group-9D3409BEE5F0-StateMachineUpdater] INFO  impl.SimpleStateMachine4Testing (SimpleStateMachine4Testing.java:put(208)) - s2: put 5, first2 -> (t:2, i:5), STATEMACHINELOGENTRY, logData:<ByteString@328b1e94 size=6 contents="first2">, stateMachineEntry:WRITE:stateMachineData: "StateMachine Data"

2024-03-25 15:14:21,755 [s0@group-9D3409BEE5F0-StateMachineUpdater] INFO  impl.SimpleStateMachine4Testing (SimpleStateMachine4Testing.java:put(208)) - s0: put 5, first2 -> (t:2, i:5), STATEMACHINELOGENTRY, logData:<ByteString@5c192d3a size=6 contents="first2">, stateMachineEntry:WRITE:stateMachineData: "StateMachine Data"

2024-03-25 15:14:21,755 [s2@group-9D3409BEE5F0-StateMachineUpdater] DEBUG impl.TransactionManager (TransactionManager.java:remove(68)) - (t:2, i:5): s2-TransactionManager <empty>
2024-03-25 15:14:21,755 [s0@group-9D3409BEE5F0-StateMachineUpdater] DEBUG impl.TransactionManager (TransactionManager.java:remove(68)) - (t:2, i:5): s0-TransactionManager <empty>
2024-03-25 15:14:21,757 [s4@group-9D3409BEE5F0-StateMachineUpdater] INFO  impl.SimpleStateMachine4Testing (SimpleStateMachine4Testing.java:applyTransaction(252)) - applyTransaction for log index 5
2024-03-25 15:14:21,757 [s4@group-9D3409BEE5F0-StateMachineUpdater] INFO  impl.SimpleStateMachine4Testing (SimpleStateMachine4Testing.java:put(208)) - s4: put 5, first2 -> (t:2, i:5), STATEMACHINELOGENTRY, logData:<ByteString@17490e96 size=6 contents="first2">, stateMachineEntry:WRITE:stateMachineData: "StateMachine Data"

2024-03-25 15:14:21,758 [s4@group-9D3409BEE5F0-StateMachineUpdater] DEBUG impl.TransactionManager (TransactionManager.java:remove(68)) - (t:2, i:5): s4-TransactionManager <empty>
2024-03-25 15:14:21,760 [s3@group-9D3409BEE5F0-StateMachineUpdater] INFO  impl.SimpleStateMachine4Testing (SimpleStateMachine4Testing.java:applyTransaction(252)) - applyTransaction for log index 5
2024-03-25 15:14:21,760 [s3@group-9D3409BEE5F0-StateMachineUpdater] INFO  impl.SimpleStateMachine4Testing (SimpleStateMachine4Testing.java:put(208)) - s3: put 5, first2 -> (t:2, i:5), STATEMACHINELOGENTRY, logData:<ByteString@3b4f12fa size=6 contents="first2">, stateMachineEntry:WRITE:stateMachineData: "StateMachine Data"

2024-03-25 15:14:21,761 [s3@group-9D3409BEE5F0-StateMachineUpdater] DEBUG impl.TransactionManager (TransactionManager.java:remove(68)) - (t:2, i:5): s3-TransactionManager <empty>
2024-03-25 15:14:21,766 [s0-server-thread1] DEBUG impl.TransactionManager (TransactionManager.java:computeIfAbsent(60)) - (t:2, i:7): s0-TransactionManager
  (t:2, i:7): initialized? false
2024-03-25 15:14:21,766 [s2-server-thread1] DEBUG impl.TransactionManager (TransactionManager.java:computeIfAbsent(60)) - (t:2, i:7): s2-TransactionManager
  (t:2, i:7): initialized? false
2024-03-25 15:14:21,769 [s3-server-thread2] DEBUG impl.TransactionManager (TransactionManager.java:computeIfAbsent(60)) - (t:2, i:7): s3-TransactionManager
  (t:2, i:7): initialized? false
2024-03-25 15:14:21,769 [s1@group-9D3409BEE5F0-StateMachineUpdater] INFO  impl.SimpleStateMachine4Testing (SimpleStateMachine4Testing.java:applyTransaction(252)) - applyTransaction for log index 7
2024-03-25 15:14:21,770 [s1@group-9D3409BEE5F0-StateMachineUpdater] INFO  impl.SimpleStateMachine4Testing (SimpleStateMachine4Testing.java:put(208)) - s1: put 7, first3 -> (t:2, i:7), STATEMACHINELOGENTRY, logData:<ByteString@538b6e5e size=6 contents="first3">, stateMachineEntry:WRITE:stateMachineData: "StateMachine Data"

2024-03-25 15:14:21,770 [s4-server-thread2] DEBUG impl.TransactionManager (TransactionManager.java:computeIfAbsent(60)) - (t:2, i:7): s4-TransactionManager
  (t:2, i:7): initialized? false
2024-03-25 15:14:21,776 [s0@group-9D3409BEE5F0-StateMachineUpdater] INFO  impl.SimpleStateMachine4Testing (SimpleStateMachine4Testing.java:applyTransaction(252)) - applyTransaction for log index 7
2024-03-25 15:14:21,776 [s2@group-9D3409BEE5F0-StateMachineUpdater] INFO  impl.SimpleStateMachine4Testing (SimpleStateMachine4Testing.java:applyTransaction(252)) - applyTransaction for log index 7
2024-03-25 15:14:21,776 [s4@group-9D3409BEE5F0-StateMachineUpdater] INFO  impl.SimpleStateMachine4Testing (SimpleStateMachine4Testing.java:applyTransaction(252)) - applyTransaction for log index 7
2024-03-25 15:14:21,777 [s4@group-9D3409BEE5F0-StateMachineUpdater] INFO  impl.SimpleStateMachine4Testing (SimpleStateMachine4Testing.java:put(208)) - s4: put 7, first3 -> (t:2, i:7), STATEMACHINELOGENTRY, logData:<ByteString@e90344 size=6 contents="first3">, stateMachineEntry:WRITE:stateMachineData: "StateMachine Data"

2024-03-25 15:14:21,777 [s0@group-9D3409BEE5F0-StateMachineUpdater] INFO  impl.SimpleStateMachine4Testing (SimpleStateMachine4Testing.java:put(208)) - s0: put 7, first3 -> (t:2, i:7), STATEMACHINELOGENTRY, logData:<ByteString@526b2013 size=6 contents="first3">, stateMachineEntry:WRITE:stateMachineData: "StateMachine Data"

2024-03-25 15:14:21,777 [s2@group-9D3409BEE5F0-StateMachineUpdater] INFO  impl.SimpleStateMachine4Testing (SimpleStateMachine4Testing.java:put(208)) - s2: put 7, first3 -> (t:2, i:7), STATEMACHINELOGENTRY, logData:<ByteString@703d3b14 size=6 contents="first3">, stateMachineEntry:WRITE:stateMachineData: "StateMachine Data"

2024-03-25 15:14:21,777 [s4@group-9D3409BEE5F0-StateMachineUpdater] DEBUG impl.TransactionManager (TransactionManager.java:remove(68)) - (t:2, i:7): s4-TransactionManager <empty>
2024-03-25 15:14:21,777 [s0@group-9D3409BEE5F0-StateMachineUpdater] DEBUG impl.TransactionManager (TransactionManager.java:remove(68)) - (t:2, i:7): s0-TransactionManager <empty>
2024-03-25 15:14:21,777 [s2@group-9D3409BEE5F0-StateMachineUpdater] DEBUG impl.TransactionManager (TransactionManager.java:remove(68)) - (t:2, i:7): s2-TransactionManager <empty>
2024-03-25 15:14:21,781 [s3@group-9D3409BEE5F0-StateMachineUpdater] INFO  impl.SimpleStateMachine4Testing (SimpleStateMachine4Testing.java:applyTransaction(252)) - applyTransaction for log index 7
2024-03-25 15:14:21,781 [s3@group-9D3409BEE5F0-StateMachineUpdater] INFO  impl.SimpleStateMachine4Testing (SimpleStateMachine4Testing.java:put(208)) - s3: put 7, first3 -> (t:2, i:7), STATEMACHINELOGENTRY, logData:<ByteString@10598dec size=6 contents="first3">, stateMachineEntry:WRITE:stateMachineData: "StateMachine Data"

2024-03-25 15:14:21,782 [s3@group-9D3409BEE5F0-StateMachineUpdater] DEBUG impl.TransactionManager (TransactionManager.java:remove(68)) - (t:2, i:7): s3-TransactionManager <empty>
2024-03-25 15:14:21,791 [s3-server-thread2] DEBUG impl.TransactionManager (TransactionManager.java:computeIfAbsent(60)) - (t:2, i:9): s3-TransactionManager
  (t:2, i:9): initialized? false
2024-03-25 15:14:21,791 [s2-server-thread1] DEBUG impl.TransactionManager (TransactionManager.java:computeIfAbsent(60)) - (t:2, i:9): s2-TransactionManager
  (t:2, i:9): initialized? false
2024-03-25 15:14:21,792 [s0-server-thread1] DEBUG impl.TransactionManager (TransactionManager.java:computeIfAbsent(60)) - (t:2, i:9): s0-TransactionManager
  (t:2, i:9): initialized? false
2024-03-25 15:14:21,796 [s1@group-9D3409BEE5F0-StateMachineUpdater] INFO  impl.SimpleStateMachine4Testing (SimpleStateMachine4Testing.java:applyTransaction(252)) - applyTransaction for log index 9
2024-03-25 15:14:21,796 [s1@group-9D3409BEE5F0-StateMachineUpdater] INFO  impl.SimpleStateMachine4Testing (SimpleStateMachine4Testing.java:put(208)) - s1: put 9, first4 -> (t:2, i:9), STATEMACHINELOGENTRY, logData:<ByteString@1b6a70c size=6 contents="first4">, stateMachineEntry:WRITE:stateMachineData: "StateMachine Data"

2024-03-25 15:14:21,797 [s4-server-thread2] DEBUG impl.TransactionManager (TransactionManager.java:computeIfAbsent(60)) - (t:2, i:9): s4-TransactionManager
  (t:2, i:9): initialized? false
2024-03-25 15:14:21,801 [s4@group-9D3409BEE5F0-StateMachineUpdater] INFO  impl.SimpleStateMachine4Testing (SimpleStateMachine4Testing.java:applyTransaction(252)) - applyTransaction for log index 9
2024-03-25 15:14:21,801 [s4@group-9D3409BEE5F0-StateMachineUpdater] INFO  impl.SimpleStateMachine4Testing (SimpleStateMachine4Testing.java:put(208)) - s4: put 9, first4 -> (t:2, i:9), STATEMACHINELOGENTRY, logData:<ByteString@388c6abc size=6 contents="first4">, stateMachineEntry:WRITE:stateMachineData: "StateMachine Data"

2024-03-25 15:14:21,802 [s4@group-9D3409BEE5F0-StateMachineUpdater] DEBUG impl.TransactionManager (TransactionManager.java:remove(68)) - (t:2, i:9): s4-TransactionManager <empty>
2024-03-25 15:14:21,812 [s2@group-9D3409BEE5F0-StateMachineUpdater] INFO  impl.SimpleStateMachine4Testing (SimpleStateMachine4Testing.java:applyTransaction(252)) - applyTransaction for log index 9
2024-03-25 15:14:21,812 [s2@group-9D3409BEE5F0-StateMachineUpdater] INFO  impl.SimpleStateMachine4Testing (SimpleStateMachine4Testing.java:put(208)) - s2: put 9, first4 -> (t:2, i:9), STATEMACHINELOGENTRY, logData:<ByteString@5defc6be size=6 contents="first4">, stateMachineEntry:WRITE:stateMachineData: "StateMachine Data"

2024-03-25 15:14:21,812 [s2@group-9D3409BEE5F0-StateMachineUpdater] DEBUG impl.TransactionManager (TransactionManager.java:remove(68)) - (t:2, i:9): s2-TransactionManager <empty>
2024-03-25 15:14:21,813 [s0@group-9D3409BEE5F0-StateMachineUpdater] INFO  impl.SimpleStateMachine4Testing (SimpleStateMachine4Testing.java:applyTransaction(252)) - applyTransaction for log index 9
2024-03-25 15:14:21,814 [s0@group-9D3409BEE5F0-StateMachineUpdater] INFO  impl.SimpleStateMachine4Testing (SimpleStateMachine4Testing.java:put(208)) - s0: put 9, first4 -> (t:2, i:9), STATEMACHINELOGENTRY, logData:<ByteString@76470589 size=6 contents="first4">, stateMachineEntry:WRITE:stateMachineData: "StateMachine Data"

2024-03-25 15:14:21,814 [s0@group-9D3409BEE5F0-StateMachineUpdater] DEBUG impl.TransactionManager (TransactionManager.java:remove(68)) - (t:2, i:9): s0-TransactionManager <empty>
2024-03-25 15:14:21,819 [main] DEBUG impl.TransactionManager (TransactionManager.java:getMap(49)) - s3-TransactionManager
  (t:2, i:9): initialized? true
2024-03-25 15:14:21,823 [s3@group-9D3409BEE5F0-StateMachineUpdater] INFO  impl.SimpleStateMachine4Testing (SimpleStateMachine4Testing.java:applyTransaction(252)) - applyTransaction for log index 9
2024-03-25 15:14:21,823 [s3@group-9D3409BEE5F0-StateMachineUpdater] INFO  impl.SimpleStateMachine4Testing (SimpleStateMachine4Testing.java:put(208)) - s3: put 9, first4 -> (t:2, i:9), STATEMACHINELOGENTRY, logData:<ByteString@493193c1 size=6 contents="first4">, stateMachineEntry:WRITE:stateMachineData: "StateMachine Data"

2024-03-25 15:14:21,823 [s3@group-9D3409BEE5F0-StateMachineUpdater] DEBUG impl.TransactionManager (TransactionManager.java:remove(68)) - (t:2, i:9): s3-TransactionManager <empty>
2024-03-25 15:14:21,847 [main] INFO  grpc.TestRaftLogTruncateWithGrpc (RaftLogTruncateTests.java:runTestLogTruncate(117)) - killedPeers   : [s3, s4, s0]
2024-03-25 15:14:21,847 [main] INFO  grpc.TestRaftLogTruncateWithGrpc (RaftLogTruncateTests.java:runTestLogTruncate(118)) - remainingPeers: [s1, s2]
2024-03-25 15:14:21,847 [main] INFO  impl.MiniRaftCluster (MiniRaftCluster.java:shutdown(833)) - ************************************************************** 
2024-03-25 15:14:21,848 [main] INFO  impl.MiniRaftCluster (MiniRaftCluster.java:shutdown(834)) - *** 
2024-03-25 15:14:21,848 [main] INFO  impl.MiniRaftCluster (MiniRaftCluster.java:shutdown(835)) - ***     Stopping MiniRaftClusterWithGrpc
2024-03-25 15:14:21,848 [main] INFO  impl.MiniRaftCluster (MiniRaftCluster.java:shutdown(836)) - *** 
2024-03-25 15:14:21,848 [main] INFO  impl.MiniRaftCluster (MiniRaftCluster.java:shutdown(837)) - ************************************************************** 
2024-03-25 15:14:21,849 [main] INFO  impl.MiniRaftCluster (MiniRaftCluster.java:shutdown(838)) - printing ALL groups
  s3:  RUNNING  FOLLOWER s3@group-9D3409BEE5F0:t2, leader=s1, voted=s1, raftlog=Memoized:s3@group-9D3409BEE5F0-SegmentedRaftLog:OPENED:c9:last(t:2, i:10), conf=conf: {index: 0, cur=peers:[s3|localhost:15012, s4|localhost:15016, s0|localhost:15000, s1|localhost:15004, s2|localhost:15008]|listeners:[], old=null} RUNNING
  s4:  RUNNING  FOLLOWER s4@group-9D3409BEE5F0:t2, leader=s1, voted=s1, raftlog=Memoized:s4@group-9D3409BEE5F0-SegmentedRaftLog:OPENED:c9:last(t:2, i:10), conf=conf: {index: 0, cur=peers:[s3|localhost:15012, s4|localhost:15016, s0|localhost:15000, s1|localhost:15004, s2|localhost:15008]|listeners:[], old=null} RUNNING
  s0:  RUNNING  FOLLOWER s0@group-9D3409BEE5F0:t2, leader=s1, voted=s1, raftlog=Memoized:s0@group-9D3409BEE5F0-SegmentedRaftLog:OPENED:c9:last(t:2, i:10), conf=conf: {index: 0, cur=peers:[s3|localhost:15012, s4|localhost:15016, s0|localhost:15000, s1|localhost:15004, s2|localhost:15008]|listeners:[], old=null} RUNNING
  s1:  RUNNING    LEADER s1@group-9D3409BEE5F0:t2, leader=s1, voted=s1, raftlog=Memoized:s1@group-9D3409BEE5F0-SegmentedRaftLog:OPENED:c10:last(t:2, i:10), conf=conf: {index: 0, cur=peers:[s3|localhost:15012, s4|localhost:15016, s0|localhost:15000, s1|localhost:15004, s2|localhost:15008]|listeners:[], old=null} RUNNING
  s2:  RUNNING  FOLLOWER s2@group-9D3409BEE5F0:t2, leader=s1, voted=s1, raftlog=Memoized:s2@group-9D3409BEE5F0-SegmentedRaftLog:OPENED:c9:last(t:2, i:10), conf=conf: {index: 0, cur=peers:[s3|localhost:15012, s4|localhost:15016, s0|localhost:15000, s1|localhost:15004, s2|localhost:15008]|listeners:[], old=null} RUNNING
2024-03-25 15:14:21,852 [MiniRaftCluster-1] INFO  server.RaftServer (RaftServerProxy.java:lambda$close$9(417)) - s3: close
2024-03-25 15:14:21,852 [MiniRaftCluster-1] INFO  server.GrpcService (GrpcService.java:closeImpl(318)) - s3: shutdown server org.apache.ratis.grpc.server.GrpcClientProtocolService now
2024-03-25 15:14:21,852 [s3-impl-thread1] INFO  server.RaftServer$Division (RaftServerImpl.java:lambda$close$1(501)) - s3@group-9D3409BEE5F0: shutdown
2024-03-25 15:14:21,854 [s3-impl-thread1] INFO  util.JmxRegister (JmxRegister.java:unregister(74)) - Successfully un-registered JMX Bean with object name Ratis:service=RaftServer,group=group-9D3409BEE5F0,id=s3
2024-03-25 15:14:21,854 [s3-impl-thread1] INFO  impl.RoleInfo (RoleInfo.java:shutdownFollowerState(119)) - s3: shutdown s3@group-9D3409BEE5F0-FollowerState
2024-03-25 15:14:21,854 [s3@group-9D3409BEE5F0-FollowerState] INFO  impl.FollowerState (FollowerState.java:run(152)) - s3@group-9D3409BEE5F0-FollowerState was interrupted
2024-03-25 15:14:21,853 [MiniRaftCluster-4] INFO  server.RaftServer (RaftServerProxy.java:lambda$close$9(417)) - s1: close
2024-03-25 15:14:21,853 [MiniRaftCluster-3] INFO  server.RaftServer (RaftServerProxy.java:lambda$close$9(417)) - s0: close
2024-03-25 15:14:21,853 [MiniRaftCluster-2] INFO  server.RaftServer (RaftServerProxy.java:lambda$close$9(417)) - s4: close
2024-03-25 15:14:21,855 [MiniRaftCluster-3] INFO  server.GrpcService (GrpcService.java:closeImpl(318)) - s0: shutdown server org.apache.ratis.grpc.server.GrpcClientProtocolService now
2024-03-25 15:14:21,855 [s4-impl-thread1] INFO  server.RaftServer$Division (RaftServerImpl.java:lambda$close$1(501)) - s4@group-9D3409BEE5F0: shutdown
2024-03-25 15:14:21,855 [s0-impl-thread1] INFO  server.RaftServer$Division (RaftServerImpl.java:lambda$close$1(501)) - s0@group-9D3409BEE5F0: shutdown
2024-03-25 15:14:21,855 [s4-impl-thread1] INFO  util.JmxRegister (JmxRegister.java:unregister(74)) - Successfully un-registered JMX Bean with object name Ratis:service=RaftServer,group=group-9D3409BEE5F0,id=s4
2024-03-25 15:14:21,855 [s0-impl-thread1] INFO  util.JmxRegister (JmxRegister.java:unregister(74)) - Successfully un-registered JMX Bean with object name Ratis:service=RaftServer,group=group-9D3409BEE5F0,id=s0
2024-03-25 15:14:21,855 [s0-impl-thread1] INFO  impl.RoleInfo (RoleInfo.java:shutdownFollowerState(119)) - s0: shutdown s0@group-9D3409BEE5F0-FollowerState
2024-03-25 15:14:21,855 [s0-impl-thread1] INFO  impl.StateMachineUpdater (StateMachineUpdater.java:stopAndJoin(164)) - s0@group-9D3409BEE5F0-StateMachineUpdater: set stopIndex = 9
2024-03-25 15:14:21,855 [s0@group-9D3409BEE5F0-FollowerState] INFO  impl.FollowerState (FollowerState.java:run(152)) - s0@group-9D3409BEE5F0-FollowerState was interrupted
2024-03-25 15:14:21,856 [s0@group-9D3409BEE5F0-StateMachineUpdater] INFO  impl.StateMachineUpdater (StateMachineUpdater.java:stop(141)) - s0@group-9D3409BEE5F0-StateMachineUpdater: closing SimpleStateMachine4Testing, lastApplied=(t:2, i:9)
2024-03-25 15:14:21,855 [MiniRaftCluster-2] INFO  server.GrpcService (GrpcService.java:closeImpl(318)) - s4: shutdown server org.apache.ratis.grpc.server.GrpcClientProtocolService now
2024-03-25 15:14:21,855 [s3@group-9D3409BEE5F0-StateMachineUpdater] INFO  impl.StateMachineUpdater (StateMachineUpdater.java:stop(141)) - s3@group-9D3409BEE5F0-StateMachineUpdater: closing SimpleStateMachine4Testing, lastApplied=(t:2, i:9)
2024-03-25 15:14:21,854 [s3-impl-thread1] INFO  impl.StateMachineUpdater (StateMachineUpdater.java:stopAndJoin(164)) - s3@group-9D3409BEE5F0-StateMachineUpdater: set stopIndex = 9
2024-03-25 15:14:21,855 [s4-impl-thread1] INFO  impl.RoleInfo (RoleInfo.java:shutdownFollowerState(119)) - s4: shutdown s4@group-9D3409BEE5F0-FollowerState
2024-03-25 15:14:21,857 [s4-impl-thread1] INFO  impl.StateMachineUpdater (StateMachineUpdater.java:stopAndJoin(164)) - s4@group-9D3409BEE5F0-StateMachineUpdater: set stopIndex = 9
2024-03-25 15:14:21,857 [s3@group-9D3409BEE5F0-cacheEviction-AwaitToRun] INFO  util.AwaitToRun (AwaitToRun.java:run(49)) - s3@group-9D3409BEE5F0-cacheEviction-AwaitToRun-AwaitForSignal is interrupted
2024-03-25 15:14:21,857 [s4@group-9D3409BEE5F0-StateMachineUpdater] INFO  impl.StateMachineUpdater (StateMachineUpdater.java:stop(141)) - s4@group-9D3409BEE5F0-StateMachineUpdater: closing SimpleStateMachine4Testing, lastApplied=(t:2, i:9)
2024-03-25 15:14:21,857 [s0@group-9D3409BEE5F0-cacheEviction-AwaitToRun] INFO  util.AwaitToRun (AwaitToRun.java:run(49)) - s0@group-9D3409BEE5F0-cacheEviction-AwaitToRun-AwaitForSignal is interrupted
2024-03-25 15:14:21,858 [s4@group-9D3409BEE5F0-cacheEviction-AwaitToRun] INFO  util.AwaitToRun (AwaitToRun.java:run(49)) - s4@group-9D3409BEE5F0-cacheEviction-AwaitToRun-AwaitForSignal is interrupted
2024-03-25 15:14:21,857 [s1-impl-thread1] INFO  server.RaftServer$Division (RaftServerImpl.java:lambda$close$1(501)) - s1@group-9D3409BEE5F0: shutdown
2024-03-25 15:14:21,859 [s1-impl-thread1] INFO  util.JmxRegister (JmxRegister.java:unregister(74)) - Successfully un-registered JMX Bean with object name Ratis:service=RaftServer,group=group-9D3409BEE5F0,id=s1
2024-03-25 15:14:21,859 [s1-impl-thread1] INFO  impl.RoleInfo (RoleInfo.java:shutdownLeaderState(103)) - s1: shutdown s1@group-9D3409BEE5F0-LeaderStateImpl
2024-03-25 15:14:21,860 [s1-impl-thread1] INFO  impl.PendingRequests (PendingRequests.java:sendNotLeaderResponses(287)) - s1@group-9D3409BEE5F0-PendingRequests: sendNotLeaderResponses
2024-03-25 15:14:21,860 [s1@group-9D3409BEE5F0->s3-GrpcLogAppender-LogAppenderDaemon] WARN  server.GrpcLogAppender (GrpcLogAppender.java:mayWait(292)) - s1@group-9D3409BEE5F0->s3-GrpcLogAppender: Wait interrupted by java.lang.InterruptedException
2024-03-25 15:14:21,856 [MiniRaftCluster-5] INFO  server.RaftServer (RaftServerProxy.java:lambda$close$9(417)) - s2: close
2024-03-25 15:14:21,857 [MiniRaftCluster-4] INFO  server.GrpcService (GrpcService.java:closeImpl(318)) - s1: shutdown server org.apache.ratis.grpc.server.GrpcClientProtocolService now
2024-03-25 15:14:21,866 [grpc-default-executor-7] INFO  server.GrpcServerProtocolService (GrpcServerProtocolService.java:onCompleted(200)) - s3: Completed APPEND_ENTRIES, lastRequest: null
2024-03-25 15:14:21,866 [s2-impl-thread1] INFO  server.RaftServer$Division (RaftServerImpl.java:lambda$close$1(501)) - s2@group-9D3409BEE5F0: shutdown
2024-03-25 15:14:21,866 [s2-impl-thread1] INFO  util.JmxRegister (JmxRegister.java:unregister(74)) - Successfully un-registered JMX Bean with object name Ratis:service=RaftServer,group=group-9D3409BEE5F0,id=s2
2024-03-25 15:14:21,866 [s2-impl-thread1] INFO  impl.RoleInfo (RoleInfo.java:shutdownFollowerState(119)) - s2: shutdown s2@group-9D3409BEE5F0-FollowerState
2024-03-25 15:14:21,866 [MiniRaftCluster-5] INFO  server.GrpcService (GrpcService.java:closeImpl(318)) - s2: shutdown server org.apache.ratis.grpc.server.GrpcClientProtocolService now
2024-03-25 15:14:21,866 [Thread-140] INFO  server.GrpcServerProtocolClient (GrpcServerProtocolClient.java:close(103)) - s1 Close channels
2024-03-25 15:14:21,865 [Thread-137] INFO  server.GrpcServerProtocolClient (GrpcServerProtocolClient.java:close(103)) - s3 Close channels
2024-03-25 15:14:21,874 [s2@group-9D3409BEE5F0-StateMachineUpdater] INFO  impl.StateMachineUpdater (StateMachineUpdater.java:stop(141)) - s2@group-9D3409BEE5F0-StateMachineUpdater: closing SimpleStateMachine4Testing, lastApplied=(t:2, i:9)
2024-03-25 15:14:21,863 [grpc-default-executor-13] INFO  server.GrpcServerProtocolService (GrpcServerProtocolService.java:onCompleted(200)) - s3: Completed APPEND_ENTRIES, lastRequest: s1->s3#35-t2,previous=(t:2, i:9),leaderCommit=9,initializing? false,entries: size=1, first=(t:2, i:10), METADATAENTRY(c:9)
2024-03-25 15:14:21,880 [grpc-default-executor-13] INFO  server.GrpcServerProtocolService (GrpcServerProtocolService.java:lambda$onCompleted$7(202)) - s3: Completed APPEND_ENTRIES, lastReply: null
2024-03-25 15:14:21,880 [Thread-156] INFO  server.GrpcServerProtocolClient (GrpcServerProtocolClient.java:close(103)) - s2 Close channels
2024-03-25 15:14:21,861 [s1@group-9D3409BEE5F0->s2-GrpcLogAppender-LogAppenderDaemon] WARN  server.GrpcLogAppender (GrpcLogAppender.java:mayWait(292)) - s1@group-9D3409BEE5F0->s2-GrpcLogAppender: Wait interrupted by java.lang.InterruptedException
2024-03-25 15:14:21,861 [s1@group-9D3409BEE5F0->s0-GrpcLogAppender-LogAppenderDaemon] WARN  server.GrpcLogAppender (GrpcLogAppender.java:mayWait(292)) - s1@group-9D3409BEE5F0->s0-GrpcLogAppender: Wait interrupted by java.lang.InterruptedException
2024-03-25 15:14:21,861 [s1@group-9D3409BEE5F0->s4-GrpcLogAppender-LogAppenderDaemon] WARN  server.GrpcLogAppender (GrpcLogAppender.java:mayWait(292)) - s1@group-9D3409BEE5F0->s4-GrpcLogAppender: Wait interrupted by java.lang.InterruptedException
2024-03-25 15:14:21,881 [s1-impl-thread1] INFO  impl.StateMachineUpdater (StateMachineUpdater.java:stopAndJoin(164)) - s1@group-9D3409BEE5F0-StateMachineUpdater: set stopIndex = 10
2024-03-25 15:14:21,881 [s1@group-9D3409BEE5F0-StateMachineUpdater] INFO  impl.StateMachineUpdater (StateMachineUpdater.java:stop(141)) - s1@group-9D3409BEE5F0-StateMachineUpdater: closing SimpleStateMachine4Testing, lastApplied=(t:2, i:10)
2024-03-25 15:14:21,857 [s4@group-9D3409BEE5F0-FollowerState] INFO  impl.FollowerState (FollowerState.java:run(152)) - s4@group-9D3409BEE5F0-FollowerState was interrupted
2024-03-25 15:14:21,881 [grpc-default-executor-13] INFO  server.GrpcServerProtocolService (GrpcServerProtocolService.java:onCompleted(200)) - s2: Completed APPEND_ENTRIES, lastRequest: s1->s2#30-t2,previous=(t:2, i:9),leaderCommit=9,initializing? false,entries: size=1, first=(t:2, i:10), METADATAENTRY(c:9)
2024-03-25 15:14:21,882 [grpc-default-executor-13] INFO  server.GrpcServerProtocolService (GrpcServerProtocolService.java:lambda$onCompleted$7(202)) - s2: Completed APPEND_ENTRIES, lastReply: null
2024-03-25 15:14:21,882 [s1@group-9D3409BEE5F0-cacheEviction-AwaitToRun] INFO  util.AwaitToRun (AwaitToRun.java:run(49)) - s1@group-9D3409BEE5F0-cacheEviction-AwaitToRun-AwaitForSignal is interrupted
2024-03-25 15:14:21,881 [Thread-143] INFO  server.GrpcServerProtocolClient (GrpcServerProtocolClient.java:close(103)) - s3 Close channels
2024-03-25 15:14:21,880 [Thread-155] INFO  server.GrpcServerProtocolClient (GrpcServerProtocolClient.java:close(103)) - s1 Close channels
2024-03-25 15:14:21,880 [Thread-151] INFO  server.GrpcServerProtocolClient (GrpcServerProtocolClient.java:close(103)) - s0 Close channels
2024-03-25 15:14:21,884 [grpc-default-executor-3] INFO  server.GrpcLogAppender (GrpcLogAppender.java:onCompleted(549)) - s1@group-9D3409BEE5F0->s3-AppendLogResponseHandler: follower responses appendEntries COMPLETED
2024-03-25 15:14:21,880 [Thread-152] INFO  server.GrpcServerProtocolClient (GrpcServerProtocolClient.java:close(103)) - s4 Close channels
2024-03-25 15:14:21,879 [Thread-144] INFO  server.GrpcServerProtocolClient (GrpcServerProtocolClient.java:close(103)) - s3 Close channels
2024-03-25 15:14:21,885 [grpc-default-executor-2] INFO  server.GrpcLogAppender (GrpcLogAppender.java:onCompleted(549)) - s1@group-9D3409BEE5F0->s2-AppendLogResponseHandler: follower responses appendEntries COMPLETED
2024-03-25 15:14:21,885 [grpc-default-executor-6] INFO  server.GrpcServerProtocolService (GrpcServerProtocolService.java:onCompleted(200)) - s0: Completed APPEND_ENTRIES, lastRequest: s1->s0#29-t2,previous=(t:2, i:9),leaderCommit=9,initializing? false,entries: size=1, first=(t:2, i:10), METADATAENTRY(c:9)
2024-03-25 15:14:21,885 [grpc-default-executor-6] INFO  server.GrpcServerProtocolService (GrpcServerProtocolService.java:lambda$onCompleted$7(202)) - s0: Completed APPEND_ENTRIES, lastReply: null
2024-03-25 15:14:21,885 [grpc-default-executor-3] WARN  server.GrpcLogAppender (GrpcLogAppender.java:resetClient(229)) - s1@group-9D3409BEE5F0->s3-GrpcLogAppender: Failed to getClient for s3
org.apache.ratis.protocol.exceptions.AlreadyClosedException: s1 is already CLOSED
	at org.apache.ratis.util.PeerProxyMap$PeerAndProxy.getProxy(PeerProxyMap.java:66)
	at org.apache.ratis.util.PeerProxyMap.getProxy(PeerProxyMap.java:123)
	at org.apache.ratis.grpc.server.GrpcLogAppender.getClient(GrpcLogAppender.java:199)
	at org.apache.ratis.grpc.server.GrpcLogAppender.resetClient(GrpcLogAppender.java:204)
	at org.apache.ratis.grpc.server.GrpcLogAppender.access$800(GrpcLogAppender.java:64)
	at org.apache.ratis.grpc.server.GrpcLogAppender$AppendLogResponseHandler.onCompleted(GrpcLogAppender.java:550)
	at org.apache.ratis.thirdparty.io.grpc.stub.ClientCalls$StreamObserverToCallListenerAdapter.onClose(ClientCalls.java:479)
	at org.apache.ratis.thirdparty.io.grpc.internal.ClientCallImpl.closeObserver(ClientCallImpl.java:567)
	at org.apache.ratis.thirdparty.io.grpc.internal.ClientCallImpl.access$300(ClientCallImpl.java:71)
	at org.apache.ratis.thirdparty.io.grpc.internal.ClientCallImpl$ClientStreamListenerImpl$1StreamClosed.runInternal(ClientCallImpl.java:735)
	at org.apache.ratis.thirdparty.io.grpc.internal.ClientCallImpl$ClientStreamListenerImpl$1StreamClosed.runInContext(ClientCallImpl.java:716)
	at org.apache.ratis.thirdparty.io.grpc.internal.ContextRunnable.run(ContextRunnable.java:37)
	at org.apache.ratis.thirdparty.io.grpc.internal.SerializingExecutor.run(SerializingExecutor.java:133)
	at java.util.concurrent.ThreadPoolExecutor.runWorker(ThreadPoolExecutor.java:1149)
	at java.util.concurrent.ThreadPoolExecutor$Worker.run(ThreadPoolExecutor.java:624)
	at java.lang.Thread.run(Thread.java:750)
2024-03-25 15:14:21,879 [Thread-150] INFO  server.GrpcServerProtocolClient (GrpcServerProtocolClient.java:close(103)) - s4 Close channels
2024-03-25 15:14:21,879 [Thread-149] INFO  server.GrpcServerProtocolClient (GrpcServerProtocolClient.java:close(103)) - s2 Close channels
2024-03-25 15:14:21,875 [Thread-148] INFO  server.GrpcServerProtocolClient (GrpcServerProtocolClient.java:close(103)) - s1 Close channels
2024-03-25 15:14:21,874 [s2@group-9D3409BEE5F0-FollowerState] INFO  impl.FollowerState (FollowerState.java:run(152)) - s2@group-9D3409BEE5F0-FollowerState was interrupted
2024-03-25 15:14:21,874 [s2-impl-thread1] INFO  impl.StateMachineUpdater (StateMachineUpdater.java:stopAndJoin(164)) - s2@group-9D3409BEE5F0-StateMachineUpdater: set stopIndex = 9
2024-03-25 15:14:21,874 [Thread-139] INFO  server.GrpcServerProtocolClient (GrpcServerProtocolClient.java:close(103)) - s0 Close channels
2024-03-25 15:14:21,892 [s2@group-9D3409BEE5F0-cacheEviction-AwaitToRun] INFO  util.AwaitToRun (AwaitToRun.java:run(49)) - s2@group-9D3409BEE5F0-cacheEviction-AwaitToRun-AwaitForSignal is interrupted
2024-03-25 15:14:21,874 [Thread-146] INFO  server.GrpcServerProtocolClient (GrpcServerProtocolClient.java:close(103)) - s4 Close channels
2024-03-25 15:14:21,872 [Thread-141] INFO  server.GrpcServerProtocolClient (GrpcServerProtocolClient.java:close(103)) - s2 Close channels
2024-03-25 15:14:21,872 [Thread-142] INFO  server.GrpcServerProtocolClient (GrpcServerProtocolClient.java:close(103)) - s3 Close channels
2024-03-25 15:14:21,872 [grpc-default-executor-7] INFO  server.GrpcServerProtocolService (GrpcServerProtocolService.java:lambda$onCompleted$7(202)) - s3: Completed APPEND_ENTRIES, lastReply: serverReply {
  requestorId: "s1"
  replyId: "s3"
  raftGroupId {
    id: "\223\223\325\327-\267A\030\250\275\2354\t\276\345\360"
  }
  callId: 3
  success: true
}
term: 2
nextIndex: 1
matchIndex: 18446744073709551615
isHearbeat: true

2024-03-25 15:14:21,895 [grpc-default-executor-7] INFO  server.GrpcServerProtocolService (GrpcServerProtocolService.java:onCompleted(200)) - s4: Completed APPEND_ENTRIES, lastRequest: null
2024-03-25 15:14:21,891 [grpc-default-executor-3] INFO  server.GrpcServerProtocolService (GrpcServerProtocolService.java:onCompleted(200)) - s2: Completed APPEND_ENTRIES, lastRequest: null
2024-03-25 15:14:21,895 [grpc-default-executor-3] INFO  server.GrpcServerProtocolService (GrpcServerProtocolService.java:lambda$onCompleted$7(202)) - s2: Completed APPEND_ENTRIES, lastReply: serverReply {
  requestorId: "s1"
  replyId: "s2"
  raftGroupId {
    id: "\223\223\325\327-\267A\030\250\275\2354\t\276\345\360"
  }
  callId: 6
  success: true
}
term: 2
nextIndex: 1
matchIndex: 18446744073709551615
isHearbeat: true

2024-03-25 15:14:21,896 [MiniRaftCluster-1] INFO  server.GrpcService (GrpcService.java:closeImpl(327)) - s3: shutdown server org.apache.ratis.grpc.server.GrpcClientProtocolService successfully
2024-03-25 15:14:21,887 [Thread-159] INFO  server.GrpcServerProtocolClient (GrpcServerProtocolClient.java:close(103)) - s2 Close channels
2024-03-25 15:14:21,887 [Thread-157] INFO  server.GrpcServerProtocolClient (GrpcServerProtocolClient.java:close(103)) - s0 Close channels
2024-03-25 15:14:21,887 [Thread-154] INFO  server.GrpcServerProtocolClient (GrpcServerProtocolClient.java:close(103)) - s4 Close channels
2024-03-25 15:14:21,886 [grpc-default-executor-12] INFO  server.GrpcLogAppender (GrpcLogAppender.java:onCompleted(549)) - s1@group-9D3409BEE5F0->s0-AppendLogResponseHandler: follower responses appendEntries COMPLETED
2024-03-25 15:14:21,896 [grpc-default-executor-12] WARN  server.GrpcLogAppender (GrpcLogAppender.java:resetClient(229)) - s1@group-9D3409BEE5F0->s0-GrpcLogAppender: Failed to getClient for s0
org.apache.ratis.protocol.exceptions.AlreadyClosedException: s1 is already CLOSED
	at org.apache.ratis.util.PeerProxyMap$PeerAndProxy.getProxy(PeerProxyMap.java:66)
	at org.apache.ratis.util.PeerProxyMap.getProxy(PeerProxyMap.java:123)
	at org.apache.ratis.grpc.server.GrpcLogAppender.getClient(GrpcLogAppender.java:199)
	at org.apache.ratis.grpc.server.GrpcLogAppender.resetClient(GrpcLogAppender.java:204)
	at org.apache.ratis.grpc.server.GrpcLogAppender.access$800(GrpcLogAppender.java:64)
	at org.apache.ratis.grpc.server.GrpcLogAppender$AppendLogResponseHandler.onCompleted(GrpcLogAppender.java:550)
	at org.apache.ratis.thirdparty.io.grpc.stub.ClientCalls$StreamObserverToCallListenerAdapter.onClose(ClientCalls.java:479)
	at org.apache.ratis.thirdparty.io.grpc.internal.ClientCallImpl.closeObserver(ClientCallImpl.java:567)
	at org.apache.ratis.thirdparty.io.grpc.internal.ClientCallImpl.access$300(ClientCallImpl.java:71)
	at org.apache.ratis.thirdparty.io.grpc.internal.ClientCallImpl$ClientStreamListenerImpl$1StreamClosed.runInternal(ClientCallImpl.java:735)
	at org.apache.ratis.thirdparty.io.grpc.internal.ClientCallImpl$ClientStreamListenerImpl$1StreamClosed.runInContext(ClientCallImpl.java:716)
	at org.apache.ratis.thirdparty.io.grpc.internal.ContextRunnable.run(ContextRunnable.java:37)
	at org.apache.ratis.thirdparty.io.grpc.internal.SerializingExecutor.run(SerializingExecutor.java:133)
	at java.util.concurrent.ThreadPoolExecutor.runWorker(ThreadPoolExecutor.java:1149)
	at java.util.concurrent.ThreadPoolExecutor$Worker.run(ThreadPoolExecutor.java:624)
	at java.lang.Thread.run(Thread.java:750)
2024-03-25 15:14:21,885 [grpc-default-executor-14] INFO  server.GrpcServerProtocolService (GrpcServerProtocolService.java:onCompleted(200)) - s0: Completed APPEND_ENTRIES, lastRequest: null
2024-03-25 15:14:21,896 [grpc-default-executor-3] INFO  server.GrpcServerProtocolService (GrpcServerProtocolService.java:onCompleted(200)) - s4: Completed APPEND_ENTRIES, lastRequest: s1->s4#35-t2,previous=(t:2, i:9),leaderCommit=9,initializing? false,entries: size=1, first=(t:2, i:10), METADATAENTRY(c:9)
2024-03-25 15:14:21,897 [grpc-default-executor-3] INFO  server.GrpcServerProtocolService (GrpcServerProtocolService.java:lambda$onCompleted$7(202)) - s4: Completed APPEND_ENTRIES, lastReply: null
2024-03-25 15:14:21,897 [grpc-default-executor-14] INFO  server.GrpcServerProtocolService (GrpcServerProtocolService.java:lambda$onCompleted$7(202)) - s0: Completed APPEND_ENTRIES, lastReply: serverReply {
  requestorId: "s1"
  replyId: "s0"
  raftGroupId {
    id: "\223\223\325\327-\267A\030\250\275\2354\t\276\345\360"
  }
  callId: 4
  success: true
}
term: 2
nextIndex: 1
matchIndex: 18446744073709551615
isHearbeat: true

2024-03-25 15:14:21,896 [Thread-153] INFO  server.GrpcServerProtocolClient (GrpcServerProtocolClient.java:close(103)) - s0 Close channels
2024-03-25 15:14:21,896 [MiniRaftCluster-1] INFO  server.GrpcService (GrpcService.java:closeImpl(318)) - s3: shutdown server GrpcServerProtocolService now
2024-03-25 15:14:21,895 [grpc-default-executor-7] INFO  server.GrpcServerProtocolService (GrpcServerProtocolService.java:lambda$onCompleted$7(202)) - s4: Completed APPEND_ENTRIES, lastReply: serverReply {
  requestorId: "s1"
  replyId: "s4"
  raftGroupId {
    id: "\223\223\325\327-\267A\030\250\275\2354\t\276\345\360"
  }
  callId: 6
  success: true
}
term: 2
nextIndex: 1
matchIndex: 18446744073709551615
isHearbeat: true

2024-03-25 15:14:21,901 [Thread-160] INFO  server.GrpcServerProtocolClient (GrpcServerProtocolClient.java:close(103)) - s1 Close channels
2024-03-25 15:14:21,907 [grpc-default-executor-11] INFO  server.GrpcLogAppender (GrpcLogAppender.java:onCompleted(549)) - s1@group-9D3409BEE5F0->s4-AppendLogResponseHandler: follower responses appendEntries COMPLETED
2024-03-25 15:14:21,907 [grpc-default-executor-11] WARN  server.GrpcLogAppender (GrpcLogAppender.java:resetClient(229)) - s1@group-9D3409BEE5F0->s4-GrpcLogAppender: Failed to getClient for s4
org.apache.ratis.protocol.exceptions.AlreadyClosedException: s1 is already CLOSED
	at org.apache.ratis.util.PeerProxyMap$PeerAndProxy.getProxy(PeerProxyMap.java:66)
	at org.apache.ratis.util.PeerProxyMap.getProxy(PeerProxyMap.java:123)
	at org.apache.ratis.grpc.server.GrpcLogAppender.getClient(GrpcLogAppender.java:199)
	at org.apache.ratis.grpc.server.GrpcLogAppender.resetClient(GrpcLogAppender.java:204)
	at org.apache.ratis.grpc.server.GrpcLogAppender.access$800(GrpcLogAppender.java:64)
	at org.apache.ratis.grpc.server.GrpcLogAppender$AppendLogResponseHandler.onCompleted(GrpcLogAppender.java:550)
	at org.apache.ratis.thirdparty.io.grpc.stub.ClientCalls$StreamObserverToCallListenerAdapter.onClose(ClientCalls.java:479)
	at org.apache.ratis.thirdparty.io.grpc.internal.ClientCallImpl.closeObserver(ClientCallImpl.java:567)
	at org.apache.ratis.thirdparty.io.grpc.internal.ClientCallImpl.access$300(ClientCallImpl.java:71)
	at org.apache.ratis.thirdparty.io.grpc.internal.ClientCallImpl$ClientStreamListenerImpl$1StreamClosed.runInternal(ClientCallImpl.java:735)
	at org.apache.ratis.thirdparty.io.grpc.internal.ClientCallImpl$ClientStreamListenerImpl$1StreamClosed.runInContext(ClientCallImpl.java:716)
	at org.apache.ratis.thirdparty.io.grpc.internal.ContextRunnable.run(ContextRunnable.java:37)
	at org.apache.ratis.thirdparty.io.grpc.internal.SerializingExecutor.run(SerializingExecutor.java:133)
	at java.util.concurrent.ThreadPoolExecutor.runWorker(ThreadPoolExecutor.java:1149)
	at java.util.concurrent.ThreadPoolExecutor$Worker.run(ThreadPoolExecutor.java:624)
	at java.lang.Thread.run(Thread.java:750)
2024-03-25 15:14:21,909 [grpc-default-executor-11] INFO  server.GrpcLogAppender (GrpcLogAppender.java:onCompleted(549)) - s1@group-9D3409BEE5F0->s0-AppendLogResponseHandler: follower responses appendEntries COMPLETED
2024-03-25 15:14:21,909 [grpc-default-executor-11] WARN  server.GrpcLogAppender (GrpcLogAppender.java:resetClient(229)) - s1@group-9D3409BEE5F0->s0-GrpcLogAppender: Failed to getClient for s0
org.apache.ratis.protocol.exceptions.AlreadyClosedException: s1 is already CLOSED
	at org.apache.ratis.util.PeerProxyMap$PeerAndProxy.getProxy(PeerProxyMap.java:66)
	at org.apache.ratis.util.PeerProxyMap.getProxy(PeerProxyMap.java:123)
	at org.apache.ratis.grpc.server.GrpcLogAppender.getClient(GrpcLogAppender.java:199)
	at org.apache.ratis.grpc.server.GrpcLogAppender.resetClient(GrpcLogAppender.java:204)
	at org.apache.ratis.grpc.server.GrpcLogAppender.access$800(GrpcLogAppender.java:64)
	at org.apache.ratis.grpc.server.GrpcLogAppender$AppendLogResponseHandler.onCompleted(GrpcLogAppender.java:550)
	at org.apache.ratis.thirdparty.io.grpc.stub.ClientCalls$StreamObserverToCallListenerAdapter.onClose(ClientCalls.java:479)
	at org.apache.ratis.thirdparty.io.grpc.internal.DelayedClientCall$DelayedListener$3.run(DelayedClientCall.java:489)
	at org.apache.ratis.thirdparty.io.grpc.internal.DelayedClientCall$DelayedListener.delayOrExecute(DelayedClientCall.java:453)
	at org.apache.ratis.thirdparty.io.grpc.internal.DelayedClientCall$DelayedListener.onClose(DelayedClientCall.java:486)
	at org.apache.ratis.thirdparty.io.grpc.internal.ClientCallImpl.closeObserver(ClientCallImpl.java:567)
	at org.apache.ratis.thirdparty.io.grpc.internal.ClientCallImpl.access$300(ClientCallImpl.java:71)
	at org.apache.ratis.thirdparty.io.grpc.internal.ClientCallImpl$ClientStreamListenerImpl$1StreamClosed.runInternal(ClientCallImpl.java:735)
	at org.apache.ratis.thirdparty.io.grpc.internal.ClientCallImpl$ClientStreamListenerImpl$1StreamClosed.runInContext(ClientCallImpl.java:716)
	at org.apache.ratis.thirdparty.io.grpc.internal.ContextRunnable.run(ContextRunnable.java:37)
	at org.apache.ratis.thirdparty.io.grpc.internal.SerializingExecutor.run(SerializingExecutor.java:133)
	at java.util.concurrent.ThreadPoolExecutor.runWorker(ThreadPoolExecutor.java:1149)
	at java.util.concurrent.ThreadPoolExecutor$Worker.run(ThreadPoolExecutor.java:624)
	at java.lang.Thread.run(Thread.java:750)
2024-03-25 15:14:21,910 [grpc-default-executor-2] INFO  server.GrpcLogAppender (GrpcLogAppender.java:onCompleted(549)) - s1@group-9D3409BEE5F0->s2-AppendLogResponseHandler: follower responses appendEntries COMPLETED
2024-03-25 15:14:21,910 [grpc-default-executor-2] WARN  server.GrpcLogAppender (GrpcLogAppender.java:resetClient(229)) - s1@group-9D3409BEE5F0->s2-GrpcLogAppender: Failed to getClient for s2
org.apache.ratis.protocol.exceptions.AlreadyClosedException: s1 is already CLOSED
	at org.apache.ratis.util.PeerProxyMap$PeerAndProxy.getProxy(PeerProxyMap.java:66)
	at org.apache.ratis.util.PeerProxyMap.getProxy(PeerProxyMap.java:123)
	at org.apache.ratis.grpc.server.GrpcLogAppender.getClient(GrpcLogAppender.java:199)
	at org.apache.ratis.grpc.server.GrpcLogAppender.resetClient(GrpcLogAppender.java:204)
	at org.apache.ratis.grpc.server.GrpcLogAppender.access$800(GrpcLogAppender.java:64)
	at org.apache.ratis.grpc.server.GrpcLogAppender$AppendLogResponseHandler.onCompleted(GrpcLogAppender.java:550)
	at org.apache.ratis.thirdparty.io.grpc.stub.ClientCalls$StreamObserverToCallListenerAdapter.onClose(ClientCalls.java:479)
	at org.apache.ratis.thirdparty.io.grpc.internal.ClientCallImpl.closeObserver(ClientCallImpl.java:567)
	at org.apache.ratis.thirdparty.io.grpc.internal.ClientCallImpl.access$300(ClientCallImpl.java:71)
	at org.apache.ratis.thirdparty.io.grpc.internal.ClientCallImpl$ClientStreamListenerImpl$1StreamClosed.runInternal(ClientCallImpl.java:735)
	at org.apache.ratis.thirdparty.io.grpc.internal.ClientCallImpl$ClientStreamListenerImpl$1StreamClosed.runInContext(ClientCallImpl.java:716)
	at org.apache.ratis.thirdparty.io.grpc.internal.ContextRunnable.run(ContextRunnable.java:37)
	at org.apache.ratis.thirdparty.io.grpc.internal.SerializingExecutor.run(SerializingExecutor.java:133)
	at java.util.concurrent.ThreadPoolExecutor.runWorker(ThreadPoolExecutor.java:1149)
	at java.util.concurrent.ThreadPoolExecutor$Worker.run(ThreadPoolExecutor.java:624)
	at java.lang.Thread.run(Thread.java:750)
2024-03-25 15:14:21,914 [MiniRaftCluster-1] INFO  server.GrpcService (GrpcService.java:closeImpl(327)) - s3: shutdown server GrpcServerProtocolService successfully
2024-03-25 15:14:21,914 [MiniRaftCluster-1] INFO  server.GrpcService (GrpcService.java:closeImpl(318)) - s3: shutdown server org.apache.ratis.grpc.server.GrpcAdminProtocolService now
2024-03-25 15:14:21,914 [MiniRaftCluster-1] INFO  server.GrpcService (GrpcService.java:closeImpl(327)) - s3: shutdown server org.apache.ratis.grpc.server.GrpcAdminProtocolService successfully
2024-03-25 15:14:21,915 [MiniRaftCluster-2] INFO  server.GrpcService (GrpcService.java:closeImpl(327)) - s4: shutdown server org.apache.ratis.grpc.server.GrpcClientProtocolService successfully
2024-03-25 15:14:21,915 [MiniRaftCluster-2] INFO  server.GrpcService (GrpcService.java:closeImpl(318)) - s4: shutdown server GrpcServerProtocolService now
2024-03-25 15:14:21,916 [MiniRaftCluster-3] INFO  server.GrpcService (GrpcService.java:closeImpl(327)) - s0: shutdown server org.apache.ratis.grpc.server.GrpcClientProtocolService successfully
2024-03-25 15:14:21,916 [MiniRaftCluster-3] INFO  server.GrpcService (GrpcService.java:closeImpl(318)) - s0: shutdown server GrpcServerProtocolService now
2024-03-25 15:14:21,917 [MiniRaftCluster-2] INFO  server.GrpcService (GrpcService.java:closeImpl(327)) - s4: shutdown server GrpcServerProtocolService successfully
2024-03-25 15:14:21,917 [MiniRaftCluster-2] INFO  server.GrpcService (GrpcService.java:closeImpl(318)) - s4: shutdown server org.apache.ratis.grpc.server.GrpcAdminProtocolService now
2024-03-25 15:14:21,917 [MiniRaftCluster-2] INFO  server.GrpcService (GrpcService.java:closeImpl(327)) - s4: shutdown server org.apache.ratis.grpc.server.GrpcAdminProtocolService successfully
2024-03-25 15:14:21,918 [MiniRaftCluster-3] INFO  server.GrpcService (GrpcService.java:closeImpl(327)) - s0: shutdown server GrpcServerProtocolService successfully
2024-03-25 15:14:21,918 [MiniRaftCluster-3] INFO  server.GrpcService (GrpcService.java:closeImpl(318)) - s0: shutdown server org.apache.ratis.grpc.server.GrpcAdminProtocolService now
2024-03-25 15:14:21,918 [MiniRaftCluster-3] INFO  server.GrpcService (GrpcService.java:closeImpl(327)) - s0: shutdown server org.apache.ratis.grpc.server.GrpcAdminProtocolService successfully
2024-03-25 15:14:21,924 [MiniRaftCluster-5] INFO  server.GrpcService (GrpcService.java:closeImpl(327)) - s2: shutdown server org.apache.ratis.grpc.server.GrpcClientProtocolService successfully
2024-03-25 15:14:21,924 [MiniRaftCluster-5] INFO  server.GrpcService (GrpcService.java:closeImpl(318)) - s2: shutdown server GrpcServerProtocolService now
2024-03-25 15:14:21,925 [grpc-default-executor-14] INFO  server.GrpcLogAppender (GrpcLogAppender.java:onCompleted(549)) - s1@group-9D3409BEE5F0->s4-AppendLogResponseHandler: follower responses appendEntries COMPLETED
2024-03-25 15:14:21,925 [grpc-default-executor-14] WARN  server.GrpcLogAppender (GrpcLogAppender.java:resetClient(229)) - s1@group-9D3409BEE5F0->s4-GrpcLogAppender: Failed to getClient for s4
org.apache.ratis.protocol.exceptions.AlreadyClosedException: s1 is already CLOSED
	at org.apache.ratis.util.PeerProxyMap$PeerAndProxy.getProxy(PeerProxyMap.java:66)
	at org.apache.ratis.util.PeerProxyMap.getProxy(PeerProxyMap.java:123)
	at org.apache.ratis.grpc.server.GrpcLogAppender.getClient(GrpcLogAppender.java:199)
	at org.apache.ratis.grpc.server.GrpcLogAppender.resetClient(GrpcLogAppender.java:204)
	at org.apache.ratis.grpc.server.GrpcLogAppender.access$800(GrpcLogAppender.java:64)
	at org.apache.ratis.grpc.server.GrpcLogAppender$AppendLogResponseHandler.onCompleted(GrpcLogAppender.java:550)
	at org.apache.ratis.thirdparty.io.grpc.stub.ClientCalls$StreamObserverToCallListenerAdapter.onClose(ClientCalls.java:479)
	at org.apache.ratis.thirdparty.io.grpc.internal.ClientCallImpl.closeObserver(ClientCallImpl.java:567)
	at org.apache.ratis.thirdparty.io.grpc.internal.ClientCallImpl.access$300(ClientCallImpl.java:71)
	at org.apache.ratis.thirdparty.io.grpc.internal.ClientCallImpl$ClientStreamListenerImpl$1StreamClosed.runInternal(ClientCallImpl.java:735)
	at org.apache.ratis.thirdparty.io.grpc.internal.ClientCallImpl$ClientStreamListenerImpl$1StreamClosed.runInContext(ClientCallImpl.java:716)
	at org.apache.ratis.thirdparty.io.grpc.internal.ContextRunnable.run(ContextRunnable.java:37)
	at org.apache.ratis.thirdparty.io.grpc.internal.SerializingExecutor.run(SerializingExecutor.java:133)
	at java.util.concurrent.ThreadPoolExecutor.runWorker(ThreadPoolExecutor.java:1149)
	at java.util.concurrent.ThreadPoolExecutor$Worker.run(ThreadPoolExecutor.java:624)
	at java.lang.Thread.run(Thread.java:750)
2024-03-25 15:14:21,927 [grpc-default-executor-14] INFO  server.GrpcLogAppender (GrpcLogAppender.java:onCompleted(549)) - s1@group-9D3409BEE5F0->s3-AppendLogResponseHandler: follower responses appendEntries COMPLETED
2024-03-25 15:14:21,927 [grpc-default-executor-14] WARN  server.GrpcLogAppender (GrpcLogAppender.java:resetClient(229)) - s1@group-9D3409BEE5F0->s3-GrpcLogAppender: Failed to getClient for s3
org.apache.ratis.protocol.exceptions.AlreadyClosedException: s1 is already CLOSED
	at org.apache.ratis.util.PeerProxyMap$PeerAndProxy.getProxy(PeerProxyMap.java:66)
	at org.apache.ratis.util.PeerProxyMap.getProxy(PeerProxyMap.java:123)
	at org.apache.ratis.grpc.server.GrpcLogAppender.getClient(GrpcLogAppender.java:199)
	at org.apache.ratis.grpc.server.GrpcLogAppender.resetClient(GrpcLogAppender.java:204)
	at org.apache.ratis.grpc.server.GrpcLogAppender.access$800(GrpcLogAppender.java:64)
	at org.apache.ratis.grpc.server.GrpcLogAppender$AppendLogResponseHandler.onCompleted(GrpcLogAppender.java:550)
	at org.apache.ratis.thirdparty.io.grpc.stub.ClientCalls$StreamObserverToCallListenerAdapter.onClose(ClientCalls.java:479)
	at org.apache.ratis.thirdparty.io.grpc.internal.DelayedClientCall$DelayedListener$3.run(DelayedClientCall.java:489)
	at org.apache.ratis.thirdparty.io.grpc.internal.DelayedClientCall$DelayedListener.delayOrExecute(DelayedClientCall.java:453)
	at org.apache.ratis.thirdparty.io.grpc.internal.DelayedClientCall$DelayedListener.onClose(DelayedClientCall.java:486)
	at org.apache.ratis.thirdparty.io.grpc.internal.ClientCallImpl.closeObserver(ClientCallImpl.java:567)
	at org.apache.ratis.thirdparty.io.grpc.internal.ClientCallImpl.access$300(ClientCallImpl.java:71)
	at org.apache.ratis.thirdparty.io.grpc.internal.ClientCallImpl$ClientStreamListenerImpl$1StreamClosed.runInternal(ClientCallImpl.java:735)
	at org.apache.ratis.thirdparty.io.grpc.internal.ClientCallImpl$ClientStreamListenerImpl$1StreamClosed.runInContext(ClientCallImpl.java:716)
	at org.apache.ratis.thirdparty.io.grpc.internal.ContextRunnable.run(ContextRunnable.java:37)
	at org.apache.ratis.thirdparty.io.grpc.internal.SerializingExecutor.run(SerializingExecutor.java:133)
	at java.util.concurrent.ThreadPoolExecutor.runWorker(ThreadPoolExecutor.java:1149)
	at java.util.concurrent.ThreadPoolExecutor$Worker.run(ThreadPoolExecutor.java:624)
	at java.lang.Thread.run(Thread.java:750)
2024-03-25 15:14:21,931 [MiniRaftCluster-5] INFO  server.GrpcService (GrpcService.java:closeImpl(327)) - s2: shutdown server GrpcServerProtocolService successfully
2024-03-25 15:14:21,931 [MiniRaftCluster-5] INFO  server.GrpcService (GrpcService.java:closeImpl(318)) - s2: shutdown server org.apache.ratis.grpc.server.GrpcAdminProtocolService now
2024-03-25 15:14:21,932 [MiniRaftCluster-5] INFO  server.GrpcService (GrpcService.java:closeImpl(327)) - s2: shutdown server org.apache.ratis.grpc.server.GrpcAdminProtocolService successfully
2024-03-25 15:14:21,932 [MiniRaftCluster-4] INFO  server.GrpcService (GrpcService.java:closeImpl(327)) - s1: shutdown server org.apache.ratis.grpc.server.GrpcClientProtocolService successfully
2024-03-25 15:14:21,932 [MiniRaftCluster-4] INFO  server.GrpcService (GrpcService.java:closeImpl(318)) - s1: shutdown server GrpcServerProtocolService now
2024-03-25 15:14:21,933 [MiniRaftCluster-4] INFO  server.GrpcService (GrpcService.java:closeImpl(327)) - s1: shutdown server GrpcServerProtocolService successfully
2024-03-25 15:14:21,933 [MiniRaftCluster-4] INFO  server.GrpcService (GrpcService.java:closeImpl(318)) - s1: shutdown server org.apache.ratis.grpc.server.GrpcAdminProtocolService now
2024-03-25 15:14:21,934 [MiniRaftCluster-4] INFO  server.GrpcService (GrpcService.java:closeImpl(327)) - s1: shutdown server org.apache.ratis.grpc.server.GrpcAdminProtocolService successfully
2024-03-25 15:14:22,419 [Timer-0] INFO  impl.MiniRaftCluster (MiniRaftCluster.java:lambda$null$7(349)) - TIMED-PRINT: printing ALL groups
  s3:  CLOSING  FOLLOWER s3@group-9D3409BEE5F0:t2, leader=s1, voted=s1, raftlog=Memoized:s3@group-9D3409BEE5F0-SegmentedRaftLog:CLOSED:c9, conf=conf: {index: 0, cur=peers:[s3|localhost:15012, s4|localhost:15016, s0|localhost:15000, s1|localhost:15004, s2|localhost:15008]|listeners:[], old=null} CLOSING
  s4:  CLOSING  FOLLOWER s4@group-9D3409BEE5F0:t2, leader=s1, voted=s1, raftlog=Memoized:s4@group-9D3409BEE5F0-SegmentedRaftLog:CLOSED:c9, conf=conf: {index: 0, cur=peers:[s3|localhost:15012, s4|localhost:15016, s0|localhost:15000, s1|localhost:15004, s2|localhost:15008]|listeners:[], old=null} CLOSING
  s0:  CLOSING  FOLLOWER s0@group-9D3409BEE5F0:t2, leader=s1, voted=s1, raftlog=Memoized:s0@group-9D3409BEE5F0-SegmentedRaftLog:CLOSED:c9, conf=conf: {index: 0, cur=peers:[s3|localhost:15012, s4|localhost:15016, s0|localhost:15000, s1|localhost:15004, s2|localhost:15008]|listeners:[], old=null} CLOSING
  s1:  CLOSING    LEADER s1@group-9D3409BEE5F0:t2, leader=s1, voted=s1, raftlog=Memoized:s1@group-9D3409BEE5F0-SegmentedRaftLog:CLOSED:c10, conf=conf: {index: 0, cur=peers:[s3|localhost:15012, s4|localhost:15016, s0|localhost:15000, s1|localhost:15004, s2|localhost:15008]|listeners:[], old=null} CLOSING
  s2:  CLOSING  FOLLOWER s2@group-9D3409BEE5F0:t2, leader=s1, voted=s1, raftlog=Memoized:s2@group-9D3409BEE5F0-SegmentedRaftLog:CLOSED:c9, conf=conf: {index: 0, cur=peers:[s3|localhost:15012, s4|localhost:15016, s0|localhost:15000, s1|localhost:15004, s2|localhost:15008]|listeners:[], old=null} CLOSING
2024-03-25 15:14:22,797 [s1-impl-thread1] INFO  segmented.SegmentedRaftLogWorker (SegmentedRaftLogWorker.java:close(245)) - s1@group-9D3409BEE5F0-SegmentedRaftLogWorker close()
2024-03-25 15:14:22,798 [JvmPauseMonitor3] INFO  util.JvmPauseMonitor (JvmPauseMonitor.java:run(152)) - JvmPauseMonitor-s1: Stopped
2024-03-25 15:14:22,801 [s4-impl-thread1] INFO  segmented.SegmentedRaftLogWorker (SegmentedRaftLogWorker.java:close(245)) - s4@group-9D3409BEE5F0-SegmentedRaftLogWorker close()
2024-03-25 15:14:22,802 [JvmPauseMonitor1] INFO  util.JvmPauseMonitor (JvmPauseMonitor.java:run(152)) - JvmPauseMonitor-s4: Stopped
2024-03-25 15:14:22,812 [s2-impl-thread1] INFO  segmented.SegmentedRaftLogWorker (SegmentedRaftLogWorker.java:close(245)) - s2@group-9D3409BEE5F0-SegmentedRaftLogWorker close()
2024-03-25 15:14:22,813 [JvmPauseMonitor4] INFO  util.JvmPauseMonitor (JvmPauseMonitor.java:run(152)) - JvmPauseMonitor-s2: Stopped
2024-03-25 15:14:22,814 [s0-impl-thread1] INFO  segmented.SegmentedRaftLogWorker (SegmentedRaftLogWorker.java:close(245)) - s0@group-9D3409BEE5F0-SegmentedRaftLogWorker close()
2024-03-25 15:14:22,815 [JvmPauseMonitor2] INFO  util.JvmPauseMonitor (JvmPauseMonitor.java:run(152)) - JvmPauseMonitor-s0: Stopped
2024-03-25 15:14:22,823 [s3-impl-thread1] INFO  segmented.SegmentedRaftLogWorker (SegmentedRaftLogWorker.java:close(245)) - s3@group-9D3409BEE5F0-SegmentedRaftLogWorker close()
2024-03-25 15:14:22,824 [JvmPauseMonitor0] INFO  util.JvmPauseMonitor (JvmPauseMonitor.java:run(152)) - JvmPauseMonitor-s3: Stopped
2024-03-25 15:14:22,825 [main] INFO  impl.MiniRaftCluster (MiniRaftCluster.java:shutdown(857)) - MiniRaftClusterWithGrpc shutdown completed
2024-03-25 15:14:22,825 [main] INFO  ratis.RaftTestUtil (RaftTestUtil.java:gc(578)) - gc 0
2024-03-25 15:14:22,982 [main] INFO  impl.MiniRaftCluster (MiniRaftClusterWithGrpc.java:lambda$null$2(97)) - Checking s3-group-9D3409BEE5F0
2024-03-25 15:14:22,983 [main] INFO  impl.MiniRaftCluster (MiniRaftClusterWithGrpc.java:lambda$null$2(97)) - Checking s4-group-9D3409BEE5F0
2024-03-25 15:14:22,983 [main] INFO  impl.MiniRaftCluster (MiniRaftClusterWithGrpc.java:lambda$null$2(97)) - Checking s0-group-9D3409BEE5F0
2024-03-25 15:14:22,983 [main] INFO  impl.MiniRaftCluster (MiniRaftClusterWithGrpc.java:lambda$null$2(97)) - Checking s1-group-9D3409BEE5F0
2024-03-25 15:14:22,983 [main] INFO  impl.MiniRaftCluster (MiniRaftClusterWithGrpc.java:lambda$null$2(97)) - Checking s2-group-9D3409BEE5F0
]]></system-out>
  </testcase>
</testsuite>