<?xml version="1.0" encoding="UTF-8"?>
<testsuite xmlns:xsi="http://www.w3.org/2001/XMLSchema-instance" xsi:noNamespaceSchemaLocation="https://maven.apache.org/surefire/maven-surefire-plugin/xsd/surefire-test-report.xsd" name="org.apache.ratis.grpc.TestRaftServerWithGrpc" time="43.206" tests="12" errors="0" skipped="0" failures="1">
  <properties>
    <property name="awt.toolkit" value="sun.awt.X11.XToolkit"/>
    <property name="java.specification.version" value="11"/>
    <property name="sun.cpu.isalist" value=""/>
    <property name="sun.jnu.encoding" value="UTF-8"/>
    <property name="java.class.path" value="/home/runner/work/ratis/ratis/ratis-test/target/test-classes:/home/runner/work/ratis/ratis/ratis-test/target/classes:/home/runner/work/ratis/ratis/ratis-common/target/classes:/home/runner/.m2/repository/org/apache/ratis/ratis-thirdparty-misc/1.0.3/ratis-thirdparty-misc-1.0.3.jar:/home/runner/work/ratis/ratis/ratis-proto/target/ratis-proto-3.0.0-SNAPSHOT.jar:/home/runner/work/ratis/ratis/ratis-common/target/test-classes:/home/runner/work/ratis/ratis/ratis-client/target/classes:/home/runner/work/ratis/ratis/ratis-server/target/classes:/home/runner/work/ratis/ratis/ratis-server-api/target/classes:/home/runner/work/ratis/ratis/ratis-metrics-api/target/classes:/home/runner/work/ratis/ratis/ratis-server/target/test-classes:/home/runner/work/ratis/ratis/ratis-metrics-default/target/classes:/home/runner/work/ratis/ratis/ratis-netty/target/classes:/home/runner/work/ratis/ratis/ratis-netty/target/test-classes:/home/runner/work/ratis/ratis/ratis-grpc/target/classes:/home/runner/work/ratis/ratis/ratis-grpc/target/test-classes:/home/runner/work/ratis/ratis/ratis-shell/target/classes:/home/runner/.m2/repository/commons-cli/commons-cli/1.5.0/commons-cli-1.5.0.jar:/home/runner/.m2/repository/org/reflections/reflections/0.10.2/reflections-0.10.2.jar:/home/runner/.m2/repository/org/javassist/javassist/3.28.0-GA/javassist-3.28.0-GA.jar:/home/runner/.m2/repository/com/google/code/findbugs/jsr305/3.0.2/jsr305-3.0.2.jar:/home/runner/.m2/repository/org/bouncycastle/bcprov-jdk15on/1.70/bcprov-jdk15on-1.70.jar:/home/runner/.m2/repository/org/bouncycastle/bcpkix-jdk15on/1.70/bcpkix-jdk15on-1.70.jar:/home/runner/.m2/repository/org/bouncycastle/bcutil-jdk15on/1.70/bcutil-jdk15on-1.70.jar:/home/runner/.m2/repository/org/slf4j/slf4j-api/1.7.36/slf4j-api-1.7.36.jar:/home/runner/.m2/repository/org/slf4j/slf4j-reload4j/1.7.36/slf4j-reload4j-1.7.36.jar:/home/runner/.m2/repository/ch/qos/reload4j/reload4j/1.2.19/reload4j-1.2.19.jar:/home/runner/.m2/repository/junit/junit/4.13.2/junit-4.13.2.jar:/home/runner/.m2/repository/org/hamcrest/hamcrest-core/1.3/hamcrest-core-1.3.jar:/home/runner/.m2/repository/org/mockito/mockito-core/4.3.1/mockito-core-4.3.1.jar:/home/runner/.m2/repository/net/bytebuddy/byte-buddy/1.12.7/byte-buddy-1.12.7.jar:/home/runner/.m2/repository/net/bytebuddy/byte-buddy-agent/1.12.7/byte-buddy-agent-1.12.7.jar:/home/runner/.m2/repository/org/objenesis/objenesis/3.2/objenesis-3.2.jar:"/>
    <property name="java.vm.vendor" value="Eclipse Adoptium"/>
    <property name="sun.arch.data.model" value="64"/>
    <property name="java.vendor.url" value="https://adoptium.net/"/>
    <property name="user.timezone" value=""/>
    <property name="java.vm.specification.version" value="11"/>
    <property name="os.name" value="Linux"/>
    <property name="sun.java.launcher" value="SUN_STANDARD"/>
    <property name="sun.boot.library.path" value="/usr/lib/jvm/temurin-11-jdk-amd64/lib"/>
    <property name="sun.java.command" value="/home/runner/work/ratis/ratis/ratis-test/target/surefire/surefirebooter15862921887702975924.jar /home/runner/work/ratis/ratis/ratis-test/target/surefire 2023-03-06T08-04-09_726-jvmRun1 surefire16425367016712957865tmp surefire_2217535472167124559173tmp"/>
    <property name="jdk.debug" value="release"/>
    <property name="surefire.test.class.path" value="/home/runner/work/ratis/ratis/ratis-test/target/test-classes:/home/runner/work/ratis/ratis/ratis-test/target/classes:/home/runner/work/ratis/ratis/ratis-common/target/classes:/home/runner/.m2/repository/org/apache/ratis/ratis-thirdparty-misc/1.0.3/ratis-thirdparty-misc-1.0.3.jar:/home/runner/work/ratis/ratis/ratis-proto/target/ratis-proto-3.0.0-SNAPSHOT.jar:/home/runner/work/ratis/ratis/ratis-common/target/test-classes:/home/runner/work/ratis/ratis/ratis-client/target/classes:/home/runner/work/ratis/ratis/ratis-server/target/classes:/home/runner/work/ratis/ratis/ratis-server-api/target/classes:/home/runner/work/ratis/ratis/ratis-metrics-api/target/classes:/home/runner/work/ratis/ratis/ratis-server/target/test-classes:/home/runner/work/ratis/ratis/ratis-metrics-default/target/classes:/home/runner/work/ratis/ratis/ratis-netty/target/classes:/home/runner/work/ratis/ratis/ratis-netty/target/test-classes:/home/runner/work/ratis/ratis/ratis-grpc/target/classes:/home/runner/work/ratis/ratis/ratis-grpc/target/test-classes:/home/runner/work/ratis/ratis/ratis-shell/target/classes:/home/runner/.m2/repository/commons-cli/commons-cli/1.5.0/commons-cli-1.5.0.jar:/home/runner/.m2/repository/org/reflections/reflections/0.10.2/reflections-0.10.2.jar:/home/runner/.m2/repository/org/javassist/javassist/3.28.0-GA/javassist-3.28.0-GA.jar:/home/runner/.m2/repository/com/google/code/findbugs/jsr305/3.0.2/jsr305-3.0.2.jar:/home/runner/.m2/repository/org/bouncycastle/bcprov-jdk15on/1.70/bcprov-jdk15on-1.70.jar:/home/runner/.m2/repository/org/bouncycastle/bcpkix-jdk15on/1.70/bcpkix-jdk15on-1.70.jar:/home/runner/.m2/repository/org/bouncycastle/bcutil-jdk15on/1.70/bcutil-jdk15on-1.70.jar:/home/runner/.m2/repository/org/slf4j/slf4j-api/1.7.36/slf4j-api-1.7.36.jar:/home/runner/.m2/repository/org/slf4j/slf4j-reload4j/1.7.36/slf4j-reload4j-1.7.36.jar:/home/runner/.m2/repository/ch/qos/reload4j/reload4j/1.2.19/reload4j-1.2.19.jar:/home/runner/.m2/repository/junit/junit/4.13.2/junit-4.13.2.jar:/home/runner/.m2/repository/org/hamcrest/hamcrest-core/1.3/hamcrest-core-1.3.jar:/home/runner/.m2/repository/org/mockito/mockito-core/4.3.1/mockito-core-4.3.1.jar:/home/runner/.m2/repository/net/bytebuddy/byte-buddy/1.12.7/byte-buddy-1.12.7.jar:/home/runner/.m2/repository/net/bytebuddy/byte-buddy-agent/1.12.7/byte-buddy-agent-1.12.7.jar:/home/runner/.m2/repository/org/objenesis/objenesis/3.2/objenesis-3.2.jar:"/>
    <property name="sun.cpu.endian" value="little"/>
    <property name="user.home" value="/home/runner"/>
    <property name="user.language" value="en"/>
    <property name="java.specification.vendor" value="Oracle Corporation"/>
    <property name="java.version.date" value="2023-01-17"/>
    <property name="java.home" value="/usr/lib/jvm/temurin-11-jdk-amd64"/>
    <property name="file.separator" value="/"/>
    <property name="basedir" value="/home/runner/work/ratis/ratis/ratis-test"/>
    <property name="java.vm.compressedOopsMode" value="32-bit"/>
    <property name="line.separator" value="&#10;"/>
    <property name="java.specification.name" value="Java Platform API Specification"/>
    <property name="java.vm.specification.vendor" value="Oracle Corporation"/>
    <property name="java.awt.graphicsenv" value="sun.awt.X11GraphicsEnvironment"/>
    <property name="surefire.real.class.path" value="/home/runner/work/ratis/ratis/ratis-test/target/surefire/surefirebooter15862921887702975924.jar"/>
    <property name="sun.management.compiler" value="HotSpot 64-Bit Tiered Compilers"/>
    <property name="java.runtime.version" value="11.0.18+10"/>
    <property name="user.name" value="runner"/>
    <property name="java.net.preferIPv4Stack" value="true"/>
    <property name="path.separator" value=":"/>
    <property name="os.version" value="5.15.0-1033-azure"/>
    <property name="java.runtime.name" value="OpenJDK Runtime Environment"/>
    <property name="file.encoding" value="UTF-8"/>
    <property name="java.vm.name" value="OpenJDK 64-Bit Server VM"/>
    <property name="java.vendor.version" value="Temurin-11.0.18+10"/>
    <property name="localRepository" value="/home/runner/.m2/repository"/>
    <property name="java.vendor.url.bug" value="https://github.com/adoptium/adoptium-support/issues"/>
    <property name="java.io.tmpdir" value="/tmp"/>
    <property name="java.version" value="11.0.18"/>
    <property name="user.dir" value="/home/runner/work/ratis/ratis/ratis-test"/>
    <property name="os.arch" value="amd64"/>
    <property name="ratis.tmp.dir" value="/home/runner/work/ratis/ratis/ratis-test/target/tmp"/>
    <property name="java.vm.specification.name" value="Java Virtual Machine Specification"/>
    <property name="java.awt.printerjob" value="sun.print.PSPrinterJob"/>
    <property name="ratis.log.dir" value="/home/runner/work/ratis/ratis/ratis-test/target/log"/>
    <property name="sun.os.patch.level" value="unknown"/>
    <property name="java.library.path" value="/usr/java/packages/lib:/usr/lib64:/lib64:/lib:/usr/lib"/>
    <property name="java.vm.info" value="mixed mode"/>
    <property name="java.vendor" value="Eclipse Adoptium"/>
    <property name="java.vm.version" value="11.0.18+10"/>
    <property name="sun.io.unicode.encoding" value="UnicodeLittle"/>
    <property name="java.class.version" value="55.0"/>
  </properties>
  <testcase name="testRaftClientMetrics[0]" classname="org.apache.ratis.grpc.TestRaftServerWithGrpc" time="3.555">
    <failure type="java.lang.AssertionError">java.lang.AssertionError
	at org.junit.Assert.fail(Assert.java:87)
	at org.junit.Assert.assertTrue(Assert.java:42)
	at org.junit.Assert.assertTrue(Assert.java:53)
	at org.apache.ratis.grpc.TestRaftServerWithGrpc.testRaftClientRequestMetrics(TestRaftServerWithGrpc.java:316)
	at org.apache.ratis.server.impl.MiniRaftCluster$Factory$Get.runWithNewCluster(MiniRaftCluster.java:141)
	at org.apache.ratis.server.impl.MiniRaftCluster$Factory$Get.runWithNewCluster(MiniRaftCluster.java:121)
	at org.apache.ratis.grpc.TestRaftServerWithGrpc.testRaftClientMetrics(TestRaftServerWithGrpc.java:219)
	at java.base/jdk.internal.reflect.NativeMethodAccessorImpl.invoke0(Native Method)
	at java.base/jdk.internal.reflect.NativeMethodAccessorImpl.invoke(NativeMethodAccessorImpl.java:62)
	at java.base/jdk.internal.reflect.DelegatingMethodAccessorImpl.invoke(DelegatingMethodAccessorImpl.java:43)
	at java.base/java.lang.reflect.Method.invoke(Method.java:566)
	at org.junit.runners.model.FrameworkMethod$1.runReflectiveCall(FrameworkMethod.java:59)
	at org.junit.internal.runners.model.ReflectiveCallable.run(ReflectiveCallable.java:12)
	at org.junit.runners.model.FrameworkMethod.invokeExplosively(FrameworkMethod.java:56)
	at org.junit.internal.runners.statements.InvokeMethod.evaluate(InvokeMethod.java:17)
	at org.junit.internal.runners.statements.RunBefores.evaluate(RunBefores.java:26)
	at org.junit.internal.runners.statements.RunAfters.evaluate(RunAfters.java:27)
	at org.junit.internal.runners.statements.FailOnTimeout$CallableStatement.call(FailOnTimeout.java:299)
	at org.junit.internal.runners.statements.FailOnTimeout$CallableStatement.call(FailOnTimeout.java:293)
	at java.base/java.util.concurrent.FutureTask.run(FutureTask.java:264)
	at java.base/java.lang.Thread.run(Thread.java:829)
</failure>
    <system-out><![CDATA[2023-03-06 08:13:38,732 [main] INFO  util.LogUtils (Slf4jUtils.java:setLogLevel(38)) - Successfully set org.apache.ratis.conf.ConfUtils log level to WARN
2023-03-06 08:13:38,734 [main] INFO  util.LogUtils (Slf4jUtils.java:setLogLevel(38)) - Successfully set org.apache.ratis.util.FileUtils log level to TRACE
2023-03-06 08:13:38,738 [main] INFO  util.LogUtils (Slf4jUtils.java:setLogLevel(38)) - Successfully set org.apache.ratis.grpc.client.GrpcClientProtocolClient log level to TRACE
2023-03-06 08:13:38,761 [Time-limited test] INFO  impl.MiniRaftCluster (MiniRaftCluster.java:runWithNewCluster(135)) - Running runWithNewCluster
2023-03-06 08:13:38,805 [Time-limited test] INFO  impl.MiniRaftCluster (MiniRaftCluster.java:<init>(306)) - new MiniRaftClusterWithGrpc with group-B349ED2EEE2C:[s0|rpc:localhost:37609|admin:localhost:42785|client:localhost:34827|dataStream:localhost:38843|priority:0|startupRole:FOLLOWER, s1|rpc:localhost:46689|admin:localhost:39169|client:localhost:42699|dataStream:localhost:34391|priority:0|startupRole:FOLLOWER, s2|rpc:localhost:33055|admin:localhost:41791|client:localhost:37557|dataStream:localhost:45779|priority:0|startupRole:FOLLOWER]
2023-03-06 08:13:38,805 [Time-limited test] INFO  impl.MiniRaftCluster (MiniRaftCluster.java:start(339)) - .............................................................. 
2023-03-06 08:13:38,805 [Time-limited test] INFO  impl.MiniRaftCluster (MiniRaftCluster.java:start(340)) - ... 
2023-03-06 08:13:38,805 [Time-limited test] INFO  impl.MiniRaftCluster (MiniRaftCluster.java:start(341)) - ...     Starting MiniRaftClusterWithGrpc
2023-03-06 08:13:38,805 [Time-limited test] INFO  impl.MiniRaftCluster (MiniRaftCluster.java:start(342)) - ... 
2023-03-06 08:13:38,806 [Time-limited test] INFO  impl.MiniRaftCluster (MiniRaftCluster.java:start(343)) - .............................................................. 
2023-03-06 08:13:38,806 [Time-limited test] INFO  impl.MiniRaftCluster (MiniRaftCluster.java:initServers(318)) - servers = {}
2023-03-06 08:13:38,809 [Time-limited test] INFO  impl.MiniRaftCluster (MiniRaftCluster.java:newRaftServer(382)) - newRaftServer: s0, group-B349ED2EEE2C:[s0|rpc:localhost:37609|admin:localhost:42785|client:localhost:34827|dataStream:localhost:38843|priority:0|startupRole:FOLLOWER, s1|rpc:localhost:46689|admin:localhost:39169|client:localhost:42699|dataStream:localhost:34391|priority:0|startupRole:FOLLOWER, s2|rpc:localhost:33055|admin:localhost:41791|client:localhost:37557|dataStream:localhost:45779|priority:0|startupRole:FOLLOWER], format? true
2023-03-06 08:13:38,810 [Time-limited test] TRACE util.FileUtils (FileUtils.java:deleteFully(201)) - deleteFully target/test/data/2ac2c1d0/MiniRaftClusterWithGrpcf16dc9bc/s0
2023-03-06 08:13:38,811 [Time-limited test] TRACE util.FileUtils (FileUtils.java:deleteFully(217)) - deleteFully: target/test/data/2ac2c1d0/MiniRaftClusterWithGrpcf16dc9bc/s0 does not exist.
2023-03-06 08:13:38,811 [Time-limited test] INFO  impl.MiniRaftCluster (MiniRaftCluster.java:newRaftServer(387)) - Formatted directory target/test/data/2ac2c1d0/MiniRaftClusterWithGrpcf16dc9bc/s0
2023-03-06 08:13:38,826 [Time-limited test] INFO  server.RaftServer (ConfUtils.java:logGet(46)) - raft.rpc.type = GRPC (default)
2023-03-06 08:13:38,892 [Time-limited test] INFO  grpc.GrpcConfigKeys (ConfUtils.java:logFallback(53)) - raft.grpc.admin.host = null (fallback to raft.grpc.server.host)
2023-03-06 08:13:38,894 [Time-limited test] INFO  grpc.GrpcConfigKeys (ConfUtils.java:logGet(46)) - raft.grpc.admin.port = 42785 (custom)
2023-03-06 08:13:38,894 [Time-limited test] INFO  grpc.GrpcConfigKeys (ConfUtils.java:logFallback(53)) - raft.grpc.client.host = null (fallback to raft.grpc.server.host)
2023-03-06 08:13:38,895 [Time-limited test] INFO  grpc.GrpcConfigKeys (ConfUtils.java:logGet(46)) - raft.grpc.client.port = 34827 (custom)
2023-03-06 08:13:38,895 [Time-limited test] INFO  grpc.GrpcConfigKeys (ConfUtils.java:logGet(46)) - raft.grpc.server.host = null (default)
2023-03-06 08:13:38,895 [Time-limited test] INFO  grpc.GrpcConfigKeys (ConfUtils.java:logGet(46)) - raft.grpc.server.port = 37609 (custom)
2023-03-06 08:13:38,896 [Time-limited test] INFO  server.GrpcService (ConfUtils.java:logGet(46)) - raft.grpc.message.size.max = 64MB (=67108864) (default)
2023-03-06 08:13:38,898 [Time-limited test] INFO  server.RaftServerConfigKeys (ConfUtils.java:logGet(46)) - raft.server.log.appender.buffer.byte-limit = 4MB (=4194304) (default)
2023-03-06 08:13:38,898 [Time-limited test] INFO  server.GrpcService (ConfUtils.java:logGet(46)) - raft.grpc.flow.control.window = 1MB (=1048576) (default)
2023-03-06 08:13:38,899 [Time-limited test] INFO  server.RaftServerConfigKeys (ConfUtils.java:logGet(46)) - raft.server.rpc.request.timeout = 3000ms (default)
2023-03-06 08:13:38,913 [Time-limited test] INFO  grpc.GrpcConfigKeys (ConfUtils.java:logGet(46)) - raft.grpc.server.heartbeat.channel = false (custom)
2023-03-06 08:13:38,916 [Time-limited test] INFO  grpc.GrpcConfigKeys (ConfUtils.java:logGet(46)) - raft.grpc.server.async.request.thread.pool.cached = true (default)
2023-03-06 08:13:38,917 [Time-limited test] INFO  grpc.GrpcConfigKeys (ConfUtils.java:logGet(46)) - raft.grpc.server.async.request.thread.pool.size = 32 (default)
2023-03-06 08:13:39,076 [Time-limited test] INFO  impl.DataStreamServerImpl (ConfUtils.java:logGet(46)) - raft.datastream.type = DISABLED (default)
2023-03-06 08:13:39,079 [Time-limited test] INFO  server.RaftServerConfigKeys (ConfUtils.java:logGet(46)) - raft.server.threadpool.proxy.cached = true (default)
2023-03-06 08:13:39,079 [Time-limited test] INFO  server.RaftServerConfigKeys (ConfUtils.java:logGet(46)) - raft.server.threadpool.proxy.size = 0 (default)
2023-03-06 08:13:39,079 [Time-limited test] INFO  server.RaftServerConfigKeys (ConfUtils.java:logGet(46)) - raft.server.rpc.slowness.timeout = 60s (default)
2023-03-06 08:13:39,081 [Time-limited test] INFO  server.RaftServerConfigKeys (ConfUtils.java:logGet(46)) - raft.server.leaderelection.leader.step-down.wait-time = 10s (default)
2023-03-06 08:13:39,083 [Time-limited test] INFO  server.RaftServerConfigKeys (ConfUtils.java:logGet(46)) - raft.server.storage.dir = [/home/runner/work/ratis/ratis/ratis-test/target/test/data/2ac2c1d0/MiniRaftClusterWithGrpcf16dc9bc/s0] (custom)
2023-03-06 08:13:39,093 [Time-limited test] INFO  server.RaftServer (RaftServerProxy.java:addNew(99)) - s0: addNew group-B349ED2EEE2C:[s0|rpc:localhost:37609|admin:localhost:42785|client:localhost:34827|dataStream:localhost:38843|priority:0|startupRole:FOLLOWER, s1|rpc:localhost:46689|admin:localhost:39169|client:localhost:42699|dataStream:localhost:34391|priority:0|startupRole:FOLLOWER, s2|rpc:localhost:33055|admin:localhost:41791|client:localhost:37557|dataStream:localhost:45779|priority:0|startupRole:FOLLOWER] returns group-B349ED2EEE2C:java.util.concurrent.CompletableFuture@753f11e0[Not completed]
2023-03-06 08:13:39,094 [Time-limited test] INFO  impl.MiniRaftCluster (MiniRaftCluster.java:newRaftServer(382)) - newRaftServer: s1, group-B349ED2EEE2C:[s0|rpc:localhost:37609|admin:localhost:42785|client:localhost:34827|dataStream:localhost:38843|priority:0|startupRole:FOLLOWER, s1|rpc:localhost:46689|admin:localhost:39169|client:localhost:42699|dataStream:localhost:34391|priority:0|startupRole:FOLLOWER, s2|rpc:localhost:33055|admin:localhost:41791|client:localhost:37557|dataStream:localhost:45779|priority:0|startupRole:FOLLOWER], format? true
2023-03-06 08:13:39,095 [Time-limited test] TRACE util.FileUtils (FileUtils.java:deleteFully(201)) - deleteFully target/test/data/2ac2c1d0/MiniRaftClusterWithGrpcf16dc9bc/s1
2023-03-06 08:13:39,095 [Time-limited test] TRACE util.FileUtils (FileUtils.java:deleteFully(217)) - deleteFully: target/test/data/2ac2c1d0/MiniRaftClusterWithGrpcf16dc9bc/s1 does not exist.
2023-03-06 08:13:39,095 [Time-limited test] INFO  impl.MiniRaftCluster (MiniRaftCluster.java:newRaftServer(387)) - Formatted directory target/test/data/2ac2c1d0/MiniRaftClusterWithGrpcf16dc9bc/s1
2023-03-06 08:13:39,095 [Time-limited test] INFO  server.RaftServer (ConfUtils.java:logGet(46)) - raft.rpc.type = GRPC (default)
2023-03-06 08:13:39,096 [Time-limited test] INFO  grpc.GrpcConfigKeys (ConfUtils.java:logFallback(53)) - raft.grpc.admin.host = null (fallback to raft.grpc.server.host)
2023-03-06 08:13:39,096 [Time-limited test] INFO  grpc.GrpcConfigKeys (ConfUtils.java:logGet(46)) - raft.grpc.admin.port = 39169 (custom)
2023-03-06 08:13:39,096 [Time-limited test] INFO  grpc.GrpcConfigKeys (ConfUtils.java:logFallback(53)) - raft.grpc.client.host = null (fallback to raft.grpc.server.host)
2023-03-06 08:13:39,096 [Time-limited test] INFO  grpc.GrpcConfigKeys (ConfUtils.java:logGet(46)) - raft.grpc.client.port = 42699 (custom)
2023-03-06 08:13:39,096 [Time-limited test] INFO  grpc.GrpcConfigKeys (ConfUtils.java:logGet(46)) - raft.grpc.server.host = null (default)
2023-03-06 08:13:39,096 [Time-limited test] INFO  grpc.GrpcConfigKeys (ConfUtils.java:logGet(46)) - raft.grpc.server.port = 46689 (custom)
2023-03-06 08:13:39,097 [Time-limited test] INFO  server.GrpcService (ConfUtils.java:logGet(46)) - raft.grpc.message.size.max = 64MB (=67108864) (default)
2023-03-06 08:13:39,097 [Time-limited test] INFO  server.RaftServerConfigKeys (ConfUtils.java:logGet(46)) - raft.server.log.appender.buffer.byte-limit = 4MB (=4194304) (default)
2023-03-06 08:13:39,101 [Time-limited test] INFO  server.GrpcService (ConfUtils.java:logGet(46)) - raft.grpc.flow.control.window = 1MB (=1048576) (default)
2023-03-06 08:13:39,101 [Time-limited test] INFO  server.RaftServerConfigKeys (ConfUtils.java:logGet(46)) - raft.server.rpc.request.timeout = 3000ms (default)
2023-03-06 08:13:39,101 [Time-limited test] INFO  grpc.GrpcConfigKeys (ConfUtils.java:logGet(46)) - raft.grpc.server.heartbeat.channel = false (custom)
2023-03-06 08:13:39,101 [Time-limited test] INFO  grpc.GrpcConfigKeys (ConfUtils.java:logGet(46)) - raft.grpc.server.async.request.thread.pool.cached = true (default)
2023-03-06 08:13:39,102 [Time-limited test] INFO  grpc.GrpcConfigKeys (ConfUtils.java:logGet(46)) - raft.grpc.server.async.request.thread.pool.size = 32 (default)
2023-03-06 08:13:39,104 [Time-limited test] INFO  impl.DataStreamServerImpl (ConfUtils.java:logGet(46)) - raft.datastream.type = DISABLED (default)
2023-03-06 08:13:39,104 [Time-limited test] INFO  server.RaftServerConfigKeys (ConfUtils.java:logGet(46)) - raft.server.threadpool.proxy.cached = true (default)
2023-03-06 08:13:39,104 [Time-limited test] INFO  server.RaftServerConfigKeys (ConfUtils.java:logGet(46)) - raft.server.threadpool.proxy.size = 0 (default)
2023-03-06 08:13:39,104 [Time-limited test] INFO  server.RaftServerConfigKeys (ConfUtils.java:logGet(46)) - raft.server.rpc.slowness.timeout = 60s (default)
2023-03-06 08:13:39,104 [Time-limited test] INFO  server.RaftServerConfigKeys (ConfUtils.java:logGet(46)) - raft.server.leaderelection.leader.step-down.wait-time = 10s (default)
2023-03-06 08:13:39,105 [Time-limited test] INFO  server.RaftServerConfigKeys (ConfUtils.java:logGet(46)) - raft.server.storage.dir = [/home/runner/work/ratis/ratis/ratis-test/target/test/data/2ac2c1d0/MiniRaftClusterWithGrpcf16dc9bc/s1] (custom)
2023-03-06 08:13:39,119 [Time-limited test] INFO  server.RaftServer (RaftServerProxy.java:addNew(99)) - s1: addNew group-B349ED2EEE2C:[s0|rpc:localhost:37609|admin:localhost:42785|client:localhost:34827|dataStream:localhost:38843|priority:0|startupRole:FOLLOWER, s1|rpc:localhost:46689|admin:localhost:39169|client:localhost:42699|dataStream:localhost:34391|priority:0|startupRole:FOLLOWER, s2|rpc:localhost:33055|admin:localhost:41791|client:localhost:37557|dataStream:localhost:45779|priority:0|startupRole:FOLLOWER] returns group-B349ED2EEE2C:java.util.concurrent.CompletableFuture@148fd432[Not completed]
2023-03-06 08:13:39,119 [Time-limited test] INFO  impl.MiniRaftCluster (MiniRaftCluster.java:newRaftServer(382)) - newRaftServer: s2, group-B349ED2EEE2C:[s0|rpc:localhost:37609|admin:localhost:42785|client:localhost:34827|dataStream:localhost:38843|priority:0|startupRole:FOLLOWER, s1|rpc:localhost:46689|admin:localhost:39169|client:localhost:42699|dataStream:localhost:34391|priority:0|startupRole:FOLLOWER, s2|rpc:localhost:33055|admin:localhost:41791|client:localhost:37557|dataStream:localhost:45779|priority:0|startupRole:FOLLOWER], format? true
2023-03-06 08:13:39,119 [Time-limited test] TRACE util.FileUtils (FileUtils.java:deleteFully(201)) - deleteFully target/test/data/2ac2c1d0/MiniRaftClusterWithGrpcf16dc9bc/s2
2023-03-06 08:13:39,119 [Time-limited test] TRACE util.FileUtils (FileUtils.java:deleteFully(217)) - deleteFully: target/test/data/2ac2c1d0/MiniRaftClusterWithGrpcf16dc9bc/s2 does not exist.
2023-03-06 08:13:39,119 [Time-limited test] INFO  impl.MiniRaftCluster (MiniRaftCluster.java:newRaftServer(387)) - Formatted directory target/test/data/2ac2c1d0/MiniRaftClusterWithGrpcf16dc9bc/s2
2023-03-06 08:13:39,120 [Time-limited test] INFO  server.RaftServer (ConfUtils.java:logGet(46)) - raft.rpc.type = GRPC (default)
2023-03-06 08:13:39,120 [Time-limited test] INFO  grpc.GrpcConfigKeys (ConfUtils.java:logFallback(53)) - raft.grpc.admin.host = null (fallback to raft.grpc.server.host)
2023-03-06 08:13:39,120 [Time-limited test] INFO  grpc.GrpcConfigKeys (ConfUtils.java:logGet(46)) - raft.grpc.admin.port = 41791 (custom)
2023-03-06 08:13:39,120 [Time-limited test] INFO  grpc.GrpcConfigKeys (ConfUtils.java:logFallback(53)) - raft.grpc.client.host = null (fallback to raft.grpc.server.host)
2023-03-06 08:13:39,120 [Time-limited test] INFO  grpc.GrpcConfigKeys (ConfUtils.java:logGet(46)) - raft.grpc.client.port = 37557 (custom)
2023-03-06 08:13:39,121 [Time-limited test] INFO  grpc.GrpcConfigKeys (ConfUtils.java:logGet(46)) - raft.grpc.server.host = null (default)
2023-03-06 08:13:39,121 [Time-limited test] INFO  grpc.GrpcConfigKeys (ConfUtils.java:logGet(46)) - raft.grpc.server.port = 33055 (custom)
2023-03-06 08:13:39,121 [Time-limited test] INFO  server.GrpcService (ConfUtils.java:logGet(46)) - raft.grpc.message.size.max = 64MB (=67108864) (default)
2023-03-06 08:13:39,121 [Time-limited test] INFO  server.RaftServerConfigKeys (ConfUtils.java:logGet(46)) - raft.server.log.appender.buffer.byte-limit = 4MB (=4194304) (default)
2023-03-06 08:13:39,121 [Time-limited test] INFO  server.GrpcService (ConfUtils.java:logGet(46)) - raft.grpc.flow.control.window = 1MB (=1048576) (default)
2023-03-06 08:13:39,121 [Time-limited test] INFO  server.RaftServerConfigKeys (ConfUtils.java:logGet(46)) - raft.server.rpc.request.timeout = 3000ms (default)
2023-03-06 08:13:39,121 [Time-limited test] INFO  grpc.GrpcConfigKeys (ConfUtils.java:logGet(46)) - raft.grpc.server.heartbeat.channel = false (custom)
2023-03-06 08:13:39,121 [Time-limited test] INFO  grpc.GrpcConfigKeys (ConfUtils.java:logGet(46)) - raft.grpc.server.async.request.thread.pool.cached = true (default)
2023-03-06 08:13:39,122 [Time-limited test] INFO  grpc.GrpcConfigKeys (ConfUtils.java:logGet(46)) - raft.grpc.server.async.request.thread.pool.size = 32 (default)
2023-03-06 08:13:39,123 [Time-limited test] INFO  impl.DataStreamServerImpl (ConfUtils.java:logGet(46)) - raft.datastream.type = DISABLED (default)
2023-03-06 08:13:39,124 [Time-limited test] INFO  server.RaftServerConfigKeys (ConfUtils.java:logGet(46)) - raft.server.threadpool.proxy.cached = true (default)
2023-03-06 08:13:39,124 [Time-limited test] INFO  server.RaftServerConfigKeys (ConfUtils.java:logGet(46)) - raft.server.threadpool.proxy.size = 0 (default)
2023-03-06 08:13:39,124 [Time-limited test] INFO  server.RaftServerConfigKeys (ConfUtils.java:logGet(46)) - raft.server.rpc.slowness.timeout = 60s (default)
2023-03-06 08:13:39,124 [Time-limited test] INFO  server.RaftServerConfigKeys (ConfUtils.java:logGet(46)) - raft.server.leaderelection.leader.step-down.wait-time = 10s (default)
2023-03-06 08:13:39,124 [Time-limited test] INFO  server.RaftServerConfigKeys (ConfUtils.java:logGet(46)) - raft.server.storage.dir = [/home/runner/work/ratis/ratis/ratis-test/target/test/data/2ac2c1d0/MiniRaftClusterWithGrpcf16dc9bc/s2] (custom)
2023-03-06 08:13:39,125 [s1-groupManagement] INFO  server.RaftServerConfigKeys (ConfUtils.java:logGet(46)) - raft.server.log.segment.size.max = 8MB (=8388608) (default)
2023-03-06 08:13:39,134 [Time-limited test] INFO  server.RaftServer (RaftServerProxy.java:addNew(99)) - s2: addNew group-B349ED2EEE2C:[s0|rpc:localhost:37609|admin:localhost:42785|client:localhost:34827|dataStream:localhost:38843|priority:0|startupRole:FOLLOWER, s1|rpc:localhost:46689|admin:localhost:39169|client:localhost:42699|dataStream:localhost:34391|priority:0|startupRole:FOLLOWER, s2|rpc:localhost:33055|admin:localhost:41791|client:localhost:37557|dataStream:localhost:45779|priority:0|startupRole:FOLLOWER] returns group-B349ED2EEE2C:java.util.concurrent.CompletableFuture@c11825b[Not completed]
2023-03-06 08:13:39,118 [s0-groupManagement] INFO  server.RaftServerConfigKeys (ConfUtils.java:logGet(46)) - raft.server.log.segment.size.max = 8MB (=8388608) (default)
2023-03-06 08:13:39,136 [s0-groupManagement] INFO  server.RaftServerConfigKeys (ConfUtils.java:logGet(46)) - raft.server.log.preallocated.size = 4MB (=4194304) (default)
2023-03-06 08:13:39,136 [s0-groupManagement] INFO  server.RaftServerConfigKeys (ConfUtils.java:logGet(46)) - raft.server.log.write.buffer.size = 64KB (=65536) (default)
2023-03-06 08:13:39,139 [s0-groupManagement] INFO  server.RaftServer$Division (RaftServerImpl.java:<init>(198)) - s0: new RaftServerImpl for group-B349ED2EEE2C:[s0|rpc:localhost:37609|admin:localhost:42785|client:localhost:34827|dataStream:localhost:38843|priority:0|startupRole:FOLLOWER, s1|rpc:localhost:46689|admin:localhost:39169|client:localhost:42699|dataStream:localhost:34391|priority:0|startupRole:FOLLOWER, s2|rpc:localhost:33055|admin:localhost:41791|client:localhost:37557|dataStream:localhost:45779|priority:0|startupRole:FOLLOWER] with SimpleStateMachine4Testing:uninitialized
2023-03-06 08:13:39,140 [s2-groupManagement] INFO  server.RaftServerConfigKeys (ConfUtils.java:logGet(46)) - raft.server.log.segment.size.max = 8MB (=8388608) (default)
2023-03-06 08:13:39,142 [s2-groupManagement] INFO  server.RaftServerConfigKeys (ConfUtils.java:logGet(46)) - raft.server.log.preallocated.size = 4MB (=4194304) (default)
2023-03-06 08:13:39,142 [s2-groupManagement] INFO  server.RaftServerConfigKeys (ConfUtils.java:logGet(46)) - raft.server.log.write.buffer.size = 64KB (=65536) (default)
2023-03-06 08:13:39,142 [s2-groupManagement] INFO  server.RaftServer$Division (RaftServerImpl.java:<init>(198)) - s2: new RaftServerImpl for group-B349ED2EEE2C:[s0|rpc:localhost:37609|admin:localhost:42785|client:localhost:34827|dataStream:localhost:38843|priority:0|startupRole:FOLLOWER, s1|rpc:localhost:46689|admin:localhost:39169|client:localhost:42699|dataStream:localhost:34391|priority:0|startupRole:FOLLOWER, s2|rpc:localhost:33055|admin:localhost:41791|client:localhost:37557|dataStream:localhost:45779|priority:0|startupRole:FOLLOWER] with SimpleStateMachine4Testing:uninitialized
2023-03-06 08:13:39,143 [s2-groupManagement] INFO  server.RaftServerConfigKeys (ConfUtils.java:logGet(46)) - raft.server.rpc.timeout.min = 150ms (default)
2023-03-06 08:13:39,143 [s2-groupManagement] INFO  server.RaftServerConfigKeys (ConfUtils.java:logGet(46)) - raft.server.rpc.timeout.max = 300ms (default)
2023-03-06 08:13:39,143 [s2-groupManagement] INFO  server.RaftServerConfigKeys (ConfUtils.java:logGet(46)) - raft.server.rpc.sleep.time = 25ms (default)
2023-03-06 08:13:39,143 [s2-groupManagement] INFO  server.RaftServerConfigKeys (ConfUtils.java:logGet(46)) - raft.server.rpc.slowness.timeout = 60s (default)
2023-03-06 08:13:39,142 [s0-groupManagement] INFO  server.RaftServerConfigKeys (ConfUtils.java:logGet(46)) - raft.server.rpc.timeout.min = 150ms (default)
2023-03-06 08:13:39,140 [s1-groupManagement] INFO  server.RaftServerConfigKeys (ConfUtils.java:logGet(46)) - raft.server.log.preallocated.size = 4MB (=4194304) (default)
2023-03-06 08:13:39,144 [s1-groupManagement] INFO  server.RaftServerConfigKeys (ConfUtils.java:logGet(46)) - raft.server.log.write.buffer.size = 64KB (=65536) (default)
2023-03-06 08:13:39,144 [s1-groupManagement] INFO  server.RaftServer$Division (RaftServerImpl.java:<init>(198)) - s1: new RaftServerImpl for group-B349ED2EEE2C:[s0|rpc:localhost:37609|admin:localhost:42785|client:localhost:34827|dataStream:localhost:38843|priority:0|startupRole:FOLLOWER, s1|rpc:localhost:46689|admin:localhost:39169|client:localhost:42699|dataStream:localhost:34391|priority:0|startupRole:FOLLOWER, s2|rpc:localhost:33055|admin:localhost:41791|client:localhost:37557|dataStream:localhost:45779|priority:0|startupRole:FOLLOWER] with SimpleStateMachine4Testing:uninitialized
2023-03-06 08:13:39,145 [s1-groupManagement] INFO  server.RaftServerConfigKeys (ConfUtils.java:logGet(46)) - raft.server.rpc.timeout.min = 150ms (default)
2023-03-06 08:13:39,145 [s1-groupManagement] INFO  server.RaftServerConfigKeys (ConfUtils.java:logGet(46)) - raft.server.rpc.timeout.max = 300ms (default)
2023-03-06 08:13:39,145 [s1-groupManagement] INFO  server.RaftServerConfigKeys (ConfUtils.java:logGet(46)) - raft.server.rpc.sleep.time = 25ms (default)
2023-03-06 08:13:39,145 [s1-groupManagement] INFO  server.RaftServerConfigKeys (ConfUtils.java:logGet(46)) - raft.server.rpc.slowness.timeout = 60s (default)
2023-03-06 08:13:39,145 [s1-groupManagement] INFO  server.RaftServerConfigKeys (ConfUtils.java:logGet(46)) - raft.server.leaderelection.leader.step-down.wait-time = 10s (default)
2023-03-06 08:13:39,145 [s1-groupManagement] INFO  server.RaftServerConfigKeys (ConfUtils.java:logGet(46)) - raft.server.sleep.deviation.threshold = 300ms (default)
2023-03-06 08:13:39,149 [s0-groupManagement] INFO  server.RaftServerConfigKeys (ConfUtils.java:logGet(46)) - raft.server.rpc.timeout.max = 300ms (default)
2023-03-06 08:13:39,151 [s0-groupManagement] INFO  server.RaftServerConfigKeys (ConfUtils.java:logGet(46)) - raft.server.rpc.sleep.time = 25ms (default)
2023-03-06 08:13:39,151 [s2-groupManagement] INFO  server.RaftServerConfigKeys (ConfUtils.java:logGet(46)) - raft.server.leaderelection.leader.step-down.wait-time = 10s (default)
2023-03-06 08:13:39,153 [s2-groupManagement] INFO  server.RaftServerConfigKeys (ConfUtils.java:logGet(46)) - raft.server.sleep.deviation.threshold = 300ms (default)
2023-03-06 08:13:39,151 [s0-groupManagement] INFO  server.RaftServerConfigKeys (ConfUtils.java:logGet(46)) - raft.server.rpc.slowness.timeout = 60s (default)
2023-03-06 08:13:39,154 [s0-groupManagement] INFO  server.RaftServerConfigKeys (ConfUtils.java:logGet(46)) - raft.server.leaderelection.leader.step-down.wait-time = 10s (default)
2023-03-06 08:13:39,154 [s0-groupManagement] INFO  server.RaftServerConfigKeys (ConfUtils.java:logGet(46)) - raft.server.sleep.deviation.threshold = 300ms (default)
2023-03-06 08:13:39,158 [s1-groupManagement] INFO  server.RaftServer$Division (ServerState.java:<init>(113)) - s1@group-B349ED2EEE2C: ConfigurationManager, init=-1: peers:[s0|rpc:localhost:37609|admin:localhost:42785|client:localhost:34827|dataStream:localhost:38843|priority:0|startupRole:FOLLOWER, s1|rpc:localhost:46689|admin:localhost:39169|client:localhost:42699|dataStream:localhost:34391|priority:0|startupRole:FOLLOWER, s2|rpc:localhost:33055|admin:localhost:41791|client:localhost:37557|dataStream:localhost:45779|priority:0|startupRole:FOLLOWER]|listeners:[], old=null, confs=<EMPTY_MAP>
2023-03-06 08:13:39,160 [s0-groupManagement] INFO  server.RaftServer$Division (ServerState.java:<init>(113)) - s0@group-B349ED2EEE2C: ConfigurationManager, init=-1: peers:[s0|rpc:localhost:37609|admin:localhost:42785|client:localhost:34827|dataStream:localhost:38843|priority:0|startupRole:FOLLOWER, s1|rpc:localhost:46689|admin:localhost:39169|client:localhost:42699|dataStream:localhost:34391|priority:0|startupRole:FOLLOWER, s2|rpc:localhost:33055|admin:localhost:41791|client:localhost:37557|dataStream:localhost:45779|priority:0|startupRole:FOLLOWER]|listeners:[], old=null, confs=<EMPTY_MAP>
2023-03-06 08:13:39,161 [s2-groupManagement] INFO  server.RaftServer$Division (ServerState.java:<init>(113)) - s2@group-B349ED2EEE2C: ConfigurationManager, init=-1: peers:[s0|rpc:localhost:37609|admin:localhost:42785|client:localhost:34827|dataStream:localhost:38843|priority:0|startupRole:FOLLOWER, s1|rpc:localhost:46689|admin:localhost:39169|client:localhost:42699|dataStream:localhost:34391|priority:0|startupRole:FOLLOWER, s2|rpc:localhost:33055|admin:localhost:41791|client:localhost:37557|dataStream:localhost:45779|priority:0|startupRole:FOLLOWER]|listeners:[], old=null, confs=<EMPTY_MAP>
2023-03-06 08:13:39,175 [s1-groupManagement] INFO  server.RaftServerConfigKeys (ConfUtils.java:logGet(46)) - raft.server.notification.no-leader.timeout = 60s (default)
2023-03-06 08:13:39,177 [s0-groupManagement] INFO  server.RaftServerConfigKeys (ConfUtils.java:logGet(46)) - raft.server.notification.no-leader.timeout = 60s (default)
2023-03-06 08:13:39,181 [s2-groupManagement] INFO  server.RaftServerConfigKeys (ConfUtils.java:logGet(46)) - raft.server.notification.no-leader.timeout = 60s (default)
2023-03-06 08:13:39,183 [s2-groupManagement] INFO  server.RaftServerConfigKeys (ConfUtils.java:logGet(46)) - raft.server.read.timeout = 10s (default)
2023-03-06 08:13:39,183 [s0-groupManagement] INFO  server.RaftServerConfigKeys (ConfUtils.java:logGet(46)) - raft.server.read.timeout = 10s (default)
2023-03-06 08:13:39,183 [s1-groupManagement] INFO  server.RaftServerConfigKeys (ConfUtils.java:logGet(46)) - raft.server.read.timeout = 10s (default)
2023-03-06 08:13:39,191 [s1-groupManagement] INFO  server.RaftServerConfigKeys (ConfUtils.java:logGet(46)) - raft.server.retrycache.expirytime = 60s (default)
2023-03-06 08:13:39,191 [s0-groupManagement] INFO  server.RaftServerConfigKeys (ConfUtils.java:logGet(46)) - raft.server.retrycache.expirytime = 60s (default)
2023-03-06 08:13:39,192 [s0-groupManagement] INFO  server.RaftServerConfigKeys (ConfUtils.java:logGet(46)) - raft.server.retrycache.statistics.expirytime = 100μs (default)
2023-03-06 08:13:39,195 [s1-groupManagement] INFO  server.RaftServerConfigKeys (ConfUtils.java:logGet(46)) - raft.server.retrycache.statistics.expirytime = 100μs (default)
2023-03-06 08:13:39,195 [s2-groupManagement] INFO  server.RaftServerConfigKeys (ConfUtils.java:logGet(46)) - raft.server.retrycache.expirytime = 60s (default)
2023-03-06 08:13:39,205 [s2-groupManagement] INFO  server.RaftServerConfigKeys (ConfUtils.java:logGet(46)) - raft.server.retrycache.statistics.expirytime = 100μs (default)
2023-03-06 08:13:39,209 [s0-groupManagement] INFO  server.RaftServerConfigKeys (ConfUtils.java:logGet(46)) - raft.server.read.option = DEFAULT (default)
2023-03-06 08:13:39,210 [s2-groupManagement] INFO  server.RaftServerConfigKeys (ConfUtils.java:logGet(46)) - raft.server.read.option = DEFAULT (default)
2023-03-06 08:13:39,213 [s1-groupManagement] INFO  server.RaftServerConfigKeys (ConfUtils.java:logGet(46)) - raft.server.read.option = DEFAULT (default)
2023-03-06 08:13:39,216 [s2-groupManagement] INFO  metrics.MetricRegistries (MetricRegistriesLoader.java:load(64)) - Loaded MetricRegistries class org.apache.ratis.metrics.impl.MetricRegistriesImpl
2023-03-06 08:13:39,380 [s1-groupManagement] INFO  server.RaftServerConfigKeys (ConfUtils.java:logGet(46)) - raft.server.log.appender.install.snapshot.enabled = true (default)
2023-03-06 08:13:39,381 [s1-groupManagement] INFO  server.RaftServerConfigKeys (ConfUtils.java:logGet(46)) - raft.server.threadpool.server.cached = true (default)
2023-03-06 08:13:39,381 [s1-groupManagement] INFO  server.RaftServerConfigKeys (ConfUtils.java:logGet(46)) - raft.server.threadpool.server.size = 0 (default)
2023-03-06 08:13:39,382 [s0-groupManagement] INFO  server.RaftServerConfigKeys (ConfUtils.java:logGet(46)) - raft.server.log.appender.install.snapshot.enabled = true (default)
2023-03-06 08:13:39,383 [s0-groupManagement] INFO  server.RaftServerConfigKeys (ConfUtils.java:logGet(46)) - raft.server.threadpool.server.cached = true (default)
2023-03-06 08:13:39,383 [s0-groupManagement] INFO  server.RaftServerConfigKeys (ConfUtils.java:logGet(46)) - raft.server.threadpool.server.size = 0 (default)
2023-03-06 08:13:39,383 [s0-groupManagement] INFO  server.RaftServerConfigKeys (ConfUtils.java:logGet(46)) - raft.server.threadpool.client.cached = true (default)
2023-03-06 08:13:39,383 [s0-groupManagement] INFO  server.RaftServerConfigKeys (ConfUtils.java:logGet(46)) - raft.server.threadpool.client.size = 0 (default)
2023-03-06 08:13:39,384 [s2-groupManagement] INFO  server.RaftServerConfigKeys (ConfUtils.java:logGet(46)) - raft.server.log.appender.install.snapshot.enabled = true (default)
2023-03-06 08:13:39,384 [s2-groupManagement] INFO  server.RaftServerConfigKeys (ConfUtils.java:logGet(46)) - raft.server.threadpool.server.cached = true (default)
2023-03-06 08:13:39,384 [s2-groupManagement] INFO  server.RaftServerConfigKeys (ConfUtils.java:logGet(46)) - raft.server.threadpool.server.size = 0 (default)
2023-03-06 08:13:39,384 [s2-groupManagement] INFO  server.RaftServerConfigKeys (ConfUtils.java:logGet(46)) - raft.server.threadpool.client.cached = true (default)
2023-03-06 08:13:39,384 [s2-groupManagement] INFO  server.RaftServerConfigKeys (ConfUtils.java:logGet(46)) - raft.server.threadpool.client.size = 0 (default)
2023-03-06 08:13:39,385 [s0-impl-thread1] INFO  server.RaftServerConfigKeys (ConfUtils.java:logGet(46)) - raft.server.storage.free-space.min = 0MB (=0) (default)
2023-03-06 08:13:39,385 [s1-groupManagement] INFO  server.RaftServerConfigKeys (ConfUtils.java:logGet(46)) - raft.server.threadpool.client.cached = true (default)
2023-03-06 08:13:39,385 [s1-groupManagement] INFO  server.RaftServerConfigKeys (ConfUtils.java:logGet(46)) - raft.server.threadpool.client.size = 0 (default)
2023-03-06 08:13:39,385 [s0-impl-thread1] INFO  server.RaftServerConfigKeys (ConfUtils.java:logGet(46)) - raft.server.log.corruption.policy = EXCEPTION (default)
2023-03-06 08:13:39,385 [s0-impl-thread1] INFO  server.RaftServerConfigKeys (ConfUtils.java:logGet(46)) - raft.server.storage.dir = [/home/runner/work/ratis/ratis/ratis-test/target/test/data/2ac2c1d0/MiniRaftClusterWithGrpcf16dc9bc/s0] (custom)
2023-03-06 08:13:39,393 [s0-impl-thread1] INFO  storage.RaftStorageDirectory (RaftStorageDirectoryImpl.java:analyzeStorage(138)) - The storage directory /home/runner/work/ratis/ratis/ratis-test/target/test/data/2ac2c1d0/MiniRaftClusterWithGrpcf16dc9bc/s0/3a06a965-7db0-4d10-a7ce-b349ed2eee2c does not exist. Creating ...
2023-03-06 08:13:39,397 [s0-impl-thread1] TRACE util.FileUtils (LogUtils.java:runAndLog(49)) - Successfully ran Files.createDirectories /home/runner/work/ratis/ratis/ratis-test/target/test/data/2ac2c1d0/MiniRaftClusterWithGrpcf16dc9bc/s0/3a06a965-7db0-4d10-a7ce-b349ed2eee2c
2023-03-06 08:13:39,402 [s0-impl-thread1] INFO  storage.RaftStorageDirectory (RaftStorageDirectoryImpl.java:tryLock(232)) - Lock on /home/runner/work/ratis/ratis/ratis-test/target/test/data/2ac2c1d0/MiniRaftClusterWithGrpcf16dc9bc/s0/3a06a965-7db0-4d10-a7ce-b349ed2eee2c/in_use.lock acquired by nodename 17343@fv-az246-120
2023-03-06 08:13:39,402 [s0-impl-thread1] TRACE util.FileUtils (LogUtils.java:runAndLog(49)) - Successfully ran Files.createDirectories /home/runner/work/ratis/ratis/ratis-test/target/test/data/2ac2c1d0/MiniRaftClusterWithGrpcf16dc9bc/s0/3a06a965-7db0-4d10-a7ce-b349ed2eee2c/current
2023-03-06 08:13:39,402 [s0-impl-thread1] TRACE util.FileUtils (LogUtils.java:runAndLog(49)) - Successfully ran Files.createDirectories /home/runner/work/ratis/ratis/ratis-test/target/test/data/2ac2c1d0/MiniRaftClusterWithGrpcf16dc9bc/s0/3a06a965-7db0-4d10-a7ce-b349ed2eee2c/sm
2023-03-06 08:13:39,415 [s0-impl-thread1] INFO  storage.RaftStorage (RaftStorageImpl.java:format(96)) - Storage directory /home/runner/work/ratis/ratis/ratis-test/target/test/data/2ac2c1d0/MiniRaftClusterWithGrpcf16dc9bc/s0/3a06a965-7db0-4d10-a7ce-b349ed2eee2c has been successfully formatted.
2023-03-06 08:13:39,417 [s0-impl-thread1] INFO  impl.SimpleStateMachine4Testing (SimpleStateMachine4Testing.java:initialize(213)) - Initializing SimpleStateMachine4Testing:uninitialized
2023-03-06 08:13:39,419 [s0-impl-thread1] INFO  impl.SimpleStateMachine4Testing (SimpleStateMachine4Testing.java:loadSnapshot(293)) - Loading snapshot null
2023-03-06 08:13:39,420 [s0-impl-thread1] INFO  server.RaftServerConfigKeys (ConfUtils.java:logGet(46)) - raft.server.log.use.memory = false (default)
2023-03-06 08:13:39,426 [s0-impl-thread1] INFO  server.RaftServerConfigKeys (ConfUtils.java:logGet(46)) - raft.server.log.purge.gap = 1024 (default)
2023-03-06 08:13:39,427 [s0-impl-thread1] INFO  server.RaftServerConfigKeys (ConfUtils.java:logGet(46)) - raft.server.log.appender.buffer.byte-limit = 4MB (=4194304) (default)
2023-03-06 08:13:39,428 [s0-impl-thread1] INFO  server.RaftServerConfigKeys (ConfUtils.java:logGet(46)) - raft.server.log.statemachine.data.read.timeout = 1000ms (default)
2023-03-06 08:13:39,429 [s0-impl-thread1] INFO  server.RaftServerConfigKeys (ConfUtils.java:logGet(46)) - raft.server.log.purge.preservation.log.num = 0 (default)
2023-03-06 08:13:39,432 [s0-impl-thread1] INFO  server.RaftServerConfigKeys (ConfUtils.java:logGet(46)) - raft.server.log.segment.size.max = 8MB (=8388608) (default)
2023-03-06 08:13:39,436 [s0-impl-thread1] INFO  server.RaftServerConfigKeys (ConfUtils.java:logGet(46)) - raft.server.log.segment.cache.num.max = 6 (default)
2023-03-06 08:13:39,437 [s0-impl-thread1] INFO  server.RaftServerConfigKeys (ConfUtils.java:logGet(46)) - raft.server.log.segment.cache.size.max = 200MB (=209715200) (default)
2023-03-06 08:13:39,437 [s0-impl-thread1] INFO  server.RaftServerConfigKeys (ConfUtils.java:logGet(46)) - raft.server.log.appender.buffer.byte-limit = 4MB (=4194304) (default)
2023-03-06 08:13:39,440 [s0-impl-thread1] INFO  segmented.SegmentedRaftLogWorker (SegmentedRaftLogWorker.java:<init>(183)) - new s0@group-B349ED2EEE2C-SegmentedRaftLogWorker for RaftStorageImpl:Storage Directory /home/runner/work/ratis/ratis/ratis-test/target/test/data/2ac2c1d0/MiniRaftClusterWithGrpcf16dc9bc/s0/3a06a965-7db0-4d10-a7ce-b349ed2eee2c
2023-03-06 08:13:39,440 [s0-impl-thread1] INFO  server.RaftServerConfigKeys (ConfUtils.java:logGet(46)) - raft.server.log.queue.byte-limit = 64MB (=67108864) (default)
2023-03-06 08:13:39,440 [s0-impl-thread1] INFO  server.RaftServerConfigKeys (ConfUtils.java:logGet(46)) - raft.server.log.queue.element-limit = 4096 (default)
2023-03-06 08:13:39,442 [s0-impl-thread1] INFO  server.RaftServerConfigKeys (ConfUtils.java:logGet(46)) - raft.server.log.segment.size.max = 8MB (=8388608) (default)
2023-03-06 08:13:39,442 [s0-impl-thread1] INFO  server.RaftServerConfigKeys (ConfUtils.java:logGet(46)) - raft.server.log.preallocated.size = 4MB (=4194304) (default)
2023-03-06 08:13:39,442 [s0-impl-thread1] INFO  server.RaftServerConfigKeys (ConfUtils.java:logGet(46)) - raft.server.log.force.sync.num = 128 (default)
2023-03-06 08:13:39,443 [s0-impl-thread1] INFO  server.RaftServerConfigKeys (ConfUtils.java:logGet(46)) - raft.server.log.statemachine.data.sync = true (default)
2023-03-06 08:13:39,443 [s0-impl-thread1] INFO  server.RaftServerConfigKeys (ConfUtils.java:logGet(46)) - raft.server.log.statemachine.data.sync.timeout = 10s (default)
2023-03-06 08:13:39,443 [s0-impl-thread1] INFO  server.RaftServerConfigKeys (ConfUtils.java:logGet(46)) - raft.server.log.statemachine.data.sync.timeout.retry = -1 (default)
2023-03-06 08:13:39,445 [s0-impl-thread1] INFO  server.RaftServerConfigKeys (ConfUtils.java:logGet(46)) - raft.server.log.write.buffer.size = 64KB (=65536) (default)
2023-03-06 08:13:39,445 [s0-impl-thread1] INFO  server.RaftServerConfigKeys (ConfUtils.java:logGet(46)) - raft.server.log.appender.buffer.byte-limit = 4MB (=4194304) (default)
2023-03-06 08:13:39,447 [s0-impl-thread1] INFO  server.RaftServerConfigKeys (ConfUtils.java:logGet(46)) - raft.server.log.unsafe-flush.enabled = false (default)
2023-03-06 08:13:39,447 [s0-impl-thread1] INFO  server.RaftServerConfigKeys (ConfUtils.java:logGet(46)) - raft.server.log.async-flush.enabled = false (default)
2023-03-06 08:13:39,448 [s0-impl-thread1] INFO  server.RaftServerConfigKeys (ConfUtils.java:logGet(46)) - raft.server.log.statemachine.data.caching.enabled = false (default)
2023-03-06 08:13:39,453 [s0-impl-thread1] INFO  segmented.SegmentedRaftLogWorker (SegmentedRaftLogWorker.java:lambda$new$0(134)) - s0@group-B349ED2EEE2C-SegmentedRaftLogWorker: flushIndex: setUnconditionally 0 -> -1
2023-03-06 08:13:39,453 [s0-impl-thread1] INFO  segmented.SegmentedRaftLogWorker (SegmentedRaftLogWorker.java:lambda$new$0(134)) - s0@group-B349ED2EEE2C-SegmentedRaftLogWorker: safeCacheEvictIndex: setUnconditionally 0 -> -1
2023-03-06 08:13:39,455 [s0-impl-thread1] INFO  server.RaftServer$Division (RaftServerImpl.java:start(342)) - s0@group-B349ED2EEE2C: start as a follower, conf=-1: peers:[s0|rpc:localhost:37609|admin:localhost:42785|client:localhost:34827|dataStream:localhost:38843|priority:0|startupRole:FOLLOWER, s1|rpc:localhost:46689|admin:localhost:39169|client:localhost:42699|dataStream:localhost:34391|priority:0|startupRole:FOLLOWER, s2|rpc:localhost:33055|admin:localhost:41791|client:localhost:37557|dataStream:localhost:45779|priority:0|startupRole:FOLLOWER]|listeners:[], old=null
2023-03-06 08:13:39,455 [s0-impl-thread1] INFO  server.RaftServer$Division (RaftServerImpl.java:setRole(329)) - s0@group-B349ED2EEE2C: changes role from      null to FOLLOWER at term 0 for startAsFollower
2023-03-06 08:13:39,456 [s0-impl-thread1] INFO  impl.RoleInfo (RoleInfo.java:updateAndGet(139)) - s0: start s0@group-B349ED2EEE2C-FollowerState
2023-03-06 08:13:39,459 [s0-impl-thread1] INFO  util.JmxRegister (JmxRegister.java:tryRegister(44)) - Successfully registered JMX Bean with object name Ratis:service=RaftServer,group=group-B349ED2EEE2C,id=s0
2023-03-06 08:13:39,460 [s0-impl-thread1] INFO  server.RaftServerConfigKeys (ConfUtils.java:logGet(46)) - raft.server.snapshot.auto.trigger.enabled = false (default)
2023-03-06 08:13:39,461 [s0-impl-thread1] INFO  server.RaftServerConfigKeys (ConfUtils.java:logGet(46)) - raft.server.snapshot.retention.file.num = -1 (default)
2023-03-06 08:13:39,461 [s0-impl-thread1] INFO  server.RaftServerConfigKeys (ConfUtils.java:logGet(46)) - raft.server.log.purge.upto.snapshot.index = false (default)
2023-03-06 08:13:39,464 [Time-limited test] INFO  server.RaftServer (RaftServerProxy.java:startImpl(401)) - s0: start RPC server
2023-03-06 08:13:39,465 [s0@group-B349ED2EEE2C-FollowerState] INFO  server.RaftServerConfigKeys (ConfUtils.java:logFallback(53)) - raft.server.rpc.first-election.timeout.min = 150ms (fallback to raft.server.rpc.timeout.min)
2023-03-06 08:13:39,466 [s0@group-B349ED2EEE2C-FollowerState] INFO  server.RaftServerConfigKeys (ConfUtils.java:logFallback(53)) - raft.server.rpc.first-election.timeout.max = 300ms (fallback to raft.server.rpc.timeout.max)
2023-03-06 08:13:39,503 [Time-limited test] INFO  server.GrpcService (GrpcService.java:startImpl(302)) - s0: GrpcService started, listening on 34827
2023-03-06 08:13:39,505 [Time-limited test] INFO  server.GrpcService (GrpcService.java:startImpl(302)) - s0: GrpcService started, listening on 37609
2023-03-06 08:13:39,506 [Time-limited test] INFO  server.GrpcService (GrpcService.java:startImpl(302)) - s0: GrpcService started, listening on 42785
2023-03-06 08:13:39,509 [s1-impl-thread1] INFO  server.RaftServerConfigKeys (ConfUtils.java:logGet(46)) - raft.server.storage.free-space.min = 0MB (=0) (default)
2023-03-06 08:13:39,510 [s1-impl-thread1] INFO  server.RaftServerConfigKeys (ConfUtils.java:logGet(46)) - raft.server.log.corruption.policy = EXCEPTION (default)
2023-03-06 08:13:39,510 [s1-impl-thread1] INFO  server.RaftServerConfigKeys (ConfUtils.java:logGet(46)) - raft.server.storage.dir = [/home/runner/work/ratis/ratis/ratis-test/target/test/data/2ac2c1d0/MiniRaftClusterWithGrpcf16dc9bc/s1] (custom)
2023-03-06 08:13:39,510 [s1-impl-thread1] INFO  storage.RaftStorageDirectory (RaftStorageDirectoryImpl.java:analyzeStorage(138)) - The storage directory /home/runner/work/ratis/ratis/ratis-test/target/test/data/2ac2c1d0/MiniRaftClusterWithGrpcf16dc9bc/s1/3a06a965-7db0-4d10-a7ce-b349ed2eee2c does not exist. Creating ...
2023-03-06 08:13:39,514 [s1-impl-thread1] TRACE util.FileUtils (LogUtils.java:runAndLog(49)) - Successfully ran Files.createDirectories /home/runner/work/ratis/ratis/ratis-test/target/test/data/2ac2c1d0/MiniRaftClusterWithGrpcf16dc9bc/s1/3a06a965-7db0-4d10-a7ce-b349ed2eee2c
2023-03-06 08:13:39,515 [JvmPauseMonitor0] INFO  util.JvmPauseMonitor (JvmPauseMonitor.java:run(103)) - JvmPauseMonitor-s0: Started
2023-03-06 08:13:39,515 [s1-impl-thread1] INFO  storage.RaftStorageDirectory (RaftStorageDirectoryImpl.java:tryLock(232)) - Lock on /home/runner/work/ratis/ratis/ratis-test/target/test/data/2ac2c1d0/MiniRaftClusterWithGrpcf16dc9bc/s1/3a06a965-7db0-4d10-a7ce-b349ed2eee2c/in_use.lock acquired by nodename 17343@fv-az246-120
2023-03-06 08:13:39,516 [s1-impl-thread1] TRACE util.FileUtils (LogUtils.java:runAndLog(49)) - Successfully ran Files.createDirectories /home/runner/work/ratis/ratis/ratis-test/target/test/data/2ac2c1d0/MiniRaftClusterWithGrpcf16dc9bc/s1/3a06a965-7db0-4d10-a7ce-b349ed2eee2c/current
2023-03-06 08:13:39,516 [s1-impl-thread1] TRACE util.FileUtils (LogUtils.java:runAndLog(49)) - Successfully ran Files.createDirectories /home/runner/work/ratis/ratis/ratis-test/target/test/data/2ac2c1d0/MiniRaftClusterWithGrpcf16dc9bc/s1/3a06a965-7db0-4d10-a7ce-b349ed2eee2c/sm
2023-03-06 08:13:39,517 [s1-impl-thread1] INFO  storage.RaftStorage (RaftStorageImpl.java:format(96)) - Storage directory /home/runner/work/ratis/ratis/ratis-test/target/test/data/2ac2c1d0/MiniRaftClusterWithGrpcf16dc9bc/s1/3a06a965-7db0-4d10-a7ce-b349ed2eee2c has been successfully formatted.
2023-03-06 08:13:39,521 [s1-impl-thread1] INFO  impl.SimpleStateMachine4Testing (SimpleStateMachine4Testing.java:initialize(213)) - Initializing SimpleStateMachine4Testing:uninitialized
2023-03-06 08:13:39,521 [s1-impl-thread1] INFO  impl.SimpleStateMachine4Testing (SimpleStateMachine4Testing.java:loadSnapshot(293)) - Loading snapshot null
2023-03-06 08:13:39,521 [s1-impl-thread1] INFO  server.RaftServerConfigKeys (ConfUtils.java:logGet(46)) - raft.server.log.use.memory = false (default)
2023-03-06 08:13:39,522 [s1-impl-thread1] INFO  server.RaftServerConfigKeys (ConfUtils.java:logGet(46)) - raft.server.log.purge.gap = 1024 (default)
2023-03-06 08:13:39,525 [s1-impl-thread1] INFO  server.RaftServerConfigKeys (ConfUtils.java:logGet(46)) - raft.server.log.appender.buffer.byte-limit = 4MB (=4194304) (default)
2023-03-06 08:13:39,526 [s1-impl-thread1] INFO  server.RaftServerConfigKeys (ConfUtils.java:logGet(46)) - raft.server.log.statemachine.data.read.timeout = 1000ms (default)
2023-03-06 08:13:39,526 [s1-impl-thread1] INFO  server.RaftServerConfigKeys (ConfUtils.java:logGet(46)) - raft.server.log.purge.preservation.log.num = 0 (default)
2023-03-06 08:13:39,528 [s1-impl-thread1] INFO  server.RaftServerConfigKeys (ConfUtils.java:logGet(46)) - raft.server.log.segment.size.max = 8MB (=8388608) (default)
2023-03-06 08:13:39,529 [s1-impl-thread1] INFO  server.RaftServerConfigKeys (ConfUtils.java:logGet(46)) - raft.server.log.segment.cache.num.max = 6 (default)
2023-03-06 08:13:39,529 [s1-impl-thread1] INFO  server.RaftServerConfigKeys (ConfUtils.java:logGet(46)) - raft.server.log.segment.cache.size.max = 200MB (=209715200) (default)
2023-03-06 08:13:39,529 [s1-impl-thread1] INFO  server.RaftServerConfigKeys (ConfUtils.java:logGet(46)) - raft.server.log.appender.buffer.byte-limit = 4MB (=4194304) (default)
2023-03-06 08:13:39,531 [s1-impl-thread1] INFO  segmented.SegmentedRaftLogWorker (SegmentedRaftLogWorker.java:<init>(183)) - new s1@group-B349ED2EEE2C-SegmentedRaftLogWorker for RaftStorageImpl:Storage Directory /home/runner/work/ratis/ratis/ratis-test/target/test/data/2ac2c1d0/MiniRaftClusterWithGrpcf16dc9bc/s1/3a06a965-7db0-4d10-a7ce-b349ed2eee2c
2023-03-06 08:13:39,531 [s1-impl-thread1] INFO  server.RaftServerConfigKeys (ConfUtils.java:logGet(46)) - raft.server.log.queue.byte-limit = 64MB (=67108864) (default)
2023-03-06 08:13:39,531 [s1-impl-thread1] INFO  server.RaftServerConfigKeys (ConfUtils.java:logGet(46)) - raft.server.log.queue.element-limit = 4096 (default)
2023-03-06 08:13:39,531 [s1-impl-thread1] INFO  server.RaftServerConfigKeys (ConfUtils.java:logGet(46)) - raft.server.log.segment.size.max = 8MB (=8388608) (default)
2023-03-06 08:13:39,531 [s1-impl-thread1] INFO  server.RaftServerConfigKeys (ConfUtils.java:logGet(46)) - raft.server.log.preallocated.size = 4MB (=4194304) (default)
2023-03-06 08:13:39,532 [s1-impl-thread1] INFO  server.RaftServerConfigKeys (ConfUtils.java:logGet(46)) - raft.server.log.force.sync.num = 128 (default)
2023-03-06 08:13:39,532 [s1-impl-thread1] INFO  server.RaftServerConfigKeys (ConfUtils.java:logGet(46)) - raft.server.log.statemachine.data.sync = true (default)
2023-03-06 08:13:39,533 [s1-impl-thread1] INFO  server.RaftServerConfigKeys (ConfUtils.java:logGet(46)) - raft.server.log.statemachine.data.sync.timeout = 10s (default)
2023-03-06 08:13:39,533 [s1-impl-thread1] INFO  server.RaftServerConfigKeys (ConfUtils.java:logGet(46)) - raft.server.log.statemachine.data.sync.timeout.retry = -1 (default)
2023-03-06 08:13:39,533 [s1-impl-thread1] INFO  server.RaftServerConfigKeys (ConfUtils.java:logGet(46)) - raft.server.log.write.buffer.size = 64KB (=65536) (default)
2023-03-06 08:13:39,533 [s1-impl-thread1] INFO  server.RaftServerConfigKeys (ConfUtils.java:logGet(46)) - raft.server.log.appender.buffer.byte-limit = 4MB (=4194304) (default)
2023-03-06 08:13:39,535 [s1-impl-thread1] INFO  server.RaftServerConfigKeys (ConfUtils.java:logGet(46)) - raft.server.log.unsafe-flush.enabled = false (default)
2023-03-06 08:13:39,535 [s1-impl-thread1] INFO  server.RaftServerConfigKeys (ConfUtils.java:logGet(46)) - raft.server.log.async-flush.enabled = false (default)
2023-03-06 08:13:39,535 [s1-impl-thread1] INFO  server.RaftServerConfigKeys (ConfUtils.java:logGet(46)) - raft.server.log.statemachine.data.caching.enabled = false (default)
2023-03-06 08:13:39,535 [s1-impl-thread1] INFO  segmented.SegmentedRaftLogWorker (SegmentedRaftLogWorker.java:lambda$new$0(134)) - s1@group-B349ED2EEE2C-SegmentedRaftLogWorker: flushIndex: setUnconditionally 0 -> -1
2023-03-06 08:13:39,535 [s1-impl-thread1] INFO  segmented.SegmentedRaftLogWorker (SegmentedRaftLogWorker.java:lambda$new$0(134)) - s1@group-B349ED2EEE2C-SegmentedRaftLogWorker: safeCacheEvictIndex: setUnconditionally 0 -> -1
2023-03-06 08:13:39,537 [s1-impl-thread1] INFO  server.RaftServer$Division (RaftServerImpl.java:start(342)) - s1@group-B349ED2EEE2C: start as a follower, conf=-1: peers:[s0|rpc:localhost:37609|admin:localhost:42785|client:localhost:34827|dataStream:localhost:38843|priority:0|startupRole:FOLLOWER, s1|rpc:localhost:46689|admin:localhost:39169|client:localhost:42699|dataStream:localhost:34391|priority:0|startupRole:FOLLOWER, s2|rpc:localhost:33055|admin:localhost:41791|client:localhost:37557|dataStream:localhost:45779|priority:0|startupRole:FOLLOWER]|listeners:[], old=null
2023-03-06 08:13:39,537 [s1-impl-thread1] INFO  server.RaftServer$Division (RaftServerImpl.java:setRole(329)) - s1@group-B349ED2EEE2C: changes role from      null to FOLLOWER at term 0 for startAsFollower
2023-03-06 08:13:39,537 [s1-impl-thread1] INFO  impl.RoleInfo (RoleInfo.java:updateAndGet(139)) - s1: start s1@group-B349ED2EEE2C-FollowerState
2023-03-06 08:13:39,541 [s1-impl-thread1] INFO  util.JmxRegister (JmxRegister.java:tryRegister(44)) - Successfully registered JMX Bean with object name Ratis:service=RaftServer,group=group-B349ED2EEE2C,id=s1
2023-03-06 08:13:39,544 [s1-impl-thread1] INFO  server.RaftServerConfigKeys (ConfUtils.java:logGet(46)) - raft.server.snapshot.auto.trigger.enabled = false (default)
2023-03-06 08:13:39,544 [s1-impl-thread1] INFO  server.RaftServerConfigKeys (ConfUtils.java:logGet(46)) - raft.server.snapshot.retention.file.num = -1 (default)
2023-03-06 08:13:39,544 [s1-impl-thread1] INFO  server.RaftServerConfigKeys (ConfUtils.java:logGet(46)) - raft.server.log.purge.upto.snapshot.index = false (default)
2023-03-06 08:13:39,546 [Time-limited test] INFO  server.RaftServer (RaftServerProxy.java:startImpl(401)) - s1: start RPC server
2023-03-06 08:13:39,550 [Time-limited test] INFO  server.GrpcService (GrpcService.java:startImpl(302)) - s1: GrpcService started, listening on 42699
2023-03-06 08:13:39,551 [Time-limited test] INFO  server.GrpcService (GrpcService.java:startImpl(302)) - s1: GrpcService started, listening on 46689
2023-03-06 08:13:39,552 [Time-limited test] INFO  server.GrpcService (GrpcService.java:startImpl(302)) - s1: GrpcService started, listening on 39169
2023-03-06 08:13:39,553 [s2-impl-thread1] INFO  server.RaftServerConfigKeys (ConfUtils.java:logGet(46)) - raft.server.storage.free-space.min = 0MB (=0) (default)
2023-03-06 08:13:39,553 [s2-impl-thread1] INFO  server.RaftServerConfigKeys (ConfUtils.java:logGet(46)) - raft.server.log.corruption.policy = EXCEPTION (default)
2023-03-06 08:13:39,553 [s2-impl-thread1] INFO  server.RaftServerConfigKeys (ConfUtils.java:logGet(46)) - raft.server.storage.dir = [/home/runner/work/ratis/ratis/ratis-test/target/test/data/2ac2c1d0/MiniRaftClusterWithGrpcf16dc9bc/s2] (custom)
2023-03-06 08:13:39,554 [s2-impl-thread1] INFO  storage.RaftStorageDirectory (RaftStorageDirectoryImpl.java:analyzeStorage(138)) - The storage directory /home/runner/work/ratis/ratis/ratis-test/target/test/data/2ac2c1d0/MiniRaftClusterWithGrpcf16dc9bc/s2/3a06a965-7db0-4d10-a7ce-b349ed2eee2c does not exist. Creating ...
2023-03-06 08:13:39,554 [s2-impl-thread1] TRACE util.FileUtils (LogUtils.java:runAndLog(49)) - Successfully ran Files.createDirectories /home/runner/work/ratis/ratis/ratis-test/target/test/data/2ac2c1d0/MiniRaftClusterWithGrpcf16dc9bc/s2/3a06a965-7db0-4d10-a7ce-b349ed2eee2c
2023-03-06 08:13:39,555 [s1@group-B349ED2EEE2C-FollowerState] INFO  server.RaftServerConfigKeys (ConfUtils.java:logFallback(53)) - raft.server.rpc.first-election.timeout.min = 150ms (fallback to raft.server.rpc.timeout.min)
2023-03-06 08:13:39,555 [s1@group-B349ED2EEE2C-FollowerState] INFO  server.RaftServerConfigKeys (ConfUtils.java:logFallback(53)) - raft.server.rpc.first-election.timeout.max = 300ms (fallback to raft.server.rpc.timeout.max)
2023-03-06 08:13:39,555 [s2-impl-thread1] INFO  storage.RaftStorageDirectory (RaftStorageDirectoryImpl.java:tryLock(232)) - Lock on /home/runner/work/ratis/ratis/ratis-test/target/test/data/2ac2c1d0/MiniRaftClusterWithGrpcf16dc9bc/s2/3a06a965-7db0-4d10-a7ce-b349ed2eee2c/in_use.lock acquired by nodename 17343@fv-az246-120
2023-03-06 08:13:39,556 [s2-impl-thread1] TRACE util.FileUtils (LogUtils.java:runAndLog(49)) - Successfully ran Files.createDirectories /home/runner/work/ratis/ratis/ratis-test/target/test/data/2ac2c1d0/MiniRaftClusterWithGrpcf16dc9bc/s2/3a06a965-7db0-4d10-a7ce-b349ed2eee2c/current
2023-03-06 08:13:39,557 [s2-impl-thread1] TRACE util.FileUtils (LogUtils.java:runAndLog(49)) - Successfully ran Files.createDirectories /home/runner/work/ratis/ratis/ratis-test/target/test/data/2ac2c1d0/MiniRaftClusterWithGrpcf16dc9bc/s2/3a06a965-7db0-4d10-a7ce-b349ed2eee2c/sm
2023-03-06 08:13:39,556 [JvmPauseMonitor1] INFO  util.JvmPauseMonitor (JvmPauseMonitor.java:run(103)) - JvmPauseMonitor-s1: Started
2023-03-06 08:13:39,558 [s2-impl-thread1] INFO  storage.RaftStorage (RaftStorageImpl.java:format(96)) - Storage directory /home/runner/work/ratis/ratis/ratis-test/target/test/data/2ac2c1d0/MiniRaftClusterWithGrpcf16dc9bc/s2/3a06a965-7db0-4d10-a7ce-b349ed2eee2c has been successfully formatted.
2023-03-06 08:13:39,559 [s2-impl-thread1] INFO  impl.SimpleStateMachine4Testing (SimpleStateMachine4Testing.java:initialize(213)) - Initializing SimpleStateMachine4Testing:uninitialized
2023-03-06 08:13:39,559 [s2-impl-thread1] INFO  impl.SimpleStateMachine4Testing (SimpleStateMachine4Testing.java:loadSnapshot(293)) - Loading snapshot null
2023-03-06 08:13:39,559 [s2-impl-thread1] INFO  server.RaftServerConfigKeys (ConfUtils.java:logGet(46)) - raft.server.log.use.memory = false (default)
2023-03-06 08:13:39,559 [s2-impl-thread1] INFO  server.RaftServerConfigKeys (ConfUtils.java:logGet(46)) - raft.server.log.purge.gap = 1024 (default)
2023-03-06 08:13:39,559 [s2-impl-thread1] INFO  server.RaftServerConfigKeys (ConfUtils.java:logGet(46)) - raft.server.log.appender.buffer.byte-limit = 4MB (=4194304) (default)
2023-03-06 08:13:39,559 [s2-impl-thread1] INFO  server.RaftServerConfigKeys (ConfUtils.java:logGet(46)) - raft.server.log.statemachine.data.read.timeout = 1000ms (default)
2023-03-06 08:13:39,559 [s2-impl-thread1] INFO  server.RaftServerConfigKeys (ConfUtils.java:logGet(46)) - raft.server.log.purge.preservation.log.num = 0 (default)
2023-03-06 08:13:39,561 [s2-impl-thread1] INFO  server.RaftServerConfigKeys (ConfUtils.java:logGet(46)) - raft.server.log.segment.size.max = 8MB (=8388608) (default)
2023-03-06 08:13:39,561 [s2-impl-thread1] INFO  server.RaftServerConfigKeys (ConfUtils.java:logGet(46)) - raft.server.log.segment.cache.num.max = 6 (default)
2023-03-06 08:13:39,561 [s2-impl-thread1] INFO  server.RaftServerConfigKeys (ConfUtils.java:logGet(46)) - raft.server.log.segment.cache.size.max = 200MB (=209715200) (default)
2023-03-06 08:13:39,561 [s2-impl-thread1] INFO  server.RaftServerConfigKeys (ConfUtils.java:logGet(46)) - raft.server.log.appender.buffer.byte-limit = 4MB (=4194304) (default)
2023-03-06 08:13:39,561 [s2-impl-thread1] INFO  segmented.SegmentedRaftLogWorker (SegmentedRaftLogWorker.java:<init>(183)) - new s2@group-B349ED2EEE2C-SegmentedRaftLogWorker for RaftStorageImpl:Storage Directory /home/runner/work/ratis/ratis/ratis-test/target/test/data/2ac2c1d0/MiniRaftClusterWithGrpcf16dc9bc/s2/3a06a965-7db0-4d10-a7ce-b349ed2eee2c
2023-03-06 08:13:39,562 [s2-impl-thread1] INFO  server.RaftServerConfigKeys (ConfUtils.java:logGet(46)) - raft.server.log.queue.byte-limit = 64MB (=67108864) (default)
2023-03-06 08:13:39,562 [s2-impl-thread1] INFO  server.RaftServerConfigKeys (ConfUtils.java:logGet(46)) - raft.server.log.queue.element-limit = 4096 (default)
2023-03-06 08:13:39,562 [s2-impl-thread1] INFO  server.RaftServerConfigKeys (ConfUtils.java:logGet(46)) - raft.server.log.segment.size.max = 8MB (=8388608) (default)
2023-03-06 08:13:39,562 [s2-impl-thread1] INFO  server.RaftServerConfigKeys (ConfUtils.java:logGet(46)) - raft.server.log.preallocated.size = 4MB (=4194304) (default)
2023-03-06 08:13:39,562 [s2-impl-thread1] INFO  server.RaftServerConfigKeys (ConfUtils.java:logGet(46)) - raft.server.log.force.sync.num = 128 (default)
2023-03-06 08:13:39,562 [s2-impl-thread1] INFO  server.RaftServerConfigKeys (ConfUtils.java:logGet(46)) - raft.server.log.statemachine.data.sync = true (default)
2023-03-06 08:13:39,562 [s2-impl-thread1] INFO  server.RaftServerConfigKeys (ConfUtils.java:logGet(46)) - raft.server.log.statemachine.data.sync.timeout = 10s (default)
2023-03-06 08:13:39,562 [s2-impl-thread1] INFO  server.RaftServerConfigKeys (ConfUtils.java:logGet(46)) - raft.server.log.statemachine.data.sync.timeout.retry = -1 (default)
2023-03-06 08:13:39,566 [s2-impl-thread1] INFO  server.RaftServerConfigKeys (ConfUtils.java:logGet(46)) - raft.server.log.write.buffer.size = 64KB (=65536) (default)
2023-03-06 08:13:39,567 [s2-impl-thread1] INFO  server.RaftServerConfigKeys (ConfUtils.java:logGet(46)) - raft.server.log.appender.buffer.byte-limit = 4MB (=4194304) (default)
2023-03-06 08:13:39,568 [s2-impl-thread1] INFO  server.RaftServerConfigKeys (ConfUtils.java:logGet(46)) - raft.server.log.unsafe-flush.enabled = false (default)
2023-03-06 08:13:39,568 [s2-impl-thread1] INFO  server.RaftServerConfigKeys (ConfUtils.java:logGet(46)) - raft.server.log.async-flush.enabled = false (default)
2023-03-06 08:13:39,568 [s2-impl-thread1] INFO  server.RaftServerConfigKeys (ConfUtils.java:logGet(46)) - raft.server.log.statemachine.data.caching.enabled = false (default)
2023-03-06 08:13:39,569 [s2-impl-thread1] INFO  segmented.SegmentedRaftLogWorker (SegmentedRaftLogWorker.java:lambda$new$0(134)) - s2@group-B349ED2EEE2C-SegmentedRaftLogWorker: flushIndex: setUnconditionally 0 -> -1
2023-03-06 08:13:39,569 [s2-impl-thread1] INFO  segmented.SegmentedRaftLogWorker (SegmentedRaftLogWorker.java:lambda$new$0(134)) - s2@group-B349ED2EEE2C-SegmentedRaftLogWorker: safeCacheEvictIndex: setUnconditionally 0 -> -1
2023-03-06 08:13:39,570 [s2-impl-thread1] INFO  server.RaftServer$Division (RaftServerImpl.java:start(342)) - s2@group-B349ED2EEE2C: start as a follower, conf=-1: peers:[s0|rpc:localhost:37609|admin:localhost:42785|client:localhost:34827|dataStream:localhost:38843|priority:0|startupRole:FOLLOWER, s1|rpc:localhost:46689|admin:localhost:39169|client:localhost:42699|dataStream:localhost:34391|priority:0|startupRole:FOLLOWER, s2|rpc:localhost:33055|admin:localhost:41791|client:localhost:37557|dataStream:localhost:45779|priority:0|startupRole:FOLLOWER]|listeners:[], old=null
2023-03-06 08:13:39,570 [s2-impl-thread1] INFO  server.RaftServer$Division (RaftServerImpl.java:setRole(329)) - s2@group-B349ED2EEE2C: changes role from      null to FOLLOWER at term 0 for startAsFollower
2023-03-06 08:13:39,570 [s2-impl-thread1] INFO  impl.RoleInfo (RoleInfo.java:updateAndGet(139)) - s2: start s2@group-B349ED2EEE2C-FollowerState
2023-03-06 08:13:39,571 [s2-impl-thread1] INFO  util.JmxRegister (JmxRegister.java:tryRegister(44)) - Successfully registered JMX Bean with object name Ratis:service=RaftServer,group=group-B349ED2EEE2C,id=s2
2023-03-06 08:13:39,571 [s2-impl-thread1] INFO  server.RaftServerConfigKeys (ConfUtils.java:logGet(46)) - raft.server.snapshot.auto.trigger.enabled = false (default)
2023-03-06 08:13:39,571 [s2-impl-thread1] INFO  server.RaftServerConfigKeys (ConfUtils.java:logGet(46)) - raft.server.snapshot.retention.file.num = -1 (default)
2023-03-06 08:13:39,571 [s2-impl-thread1] INFO  server.RaftServerConfigKeys (ConfUtils.java:logGet(46)) - raft.server.log.purge.upto.snapshot.index = false (default)
2023-03-06 08:13:39,574 [Time-limited test] INFO  server.RaftServer (RaftServerProxy.java:startImpl(401)) - s2: start RPC server
2023-03-06 08:13:39,575 [Time-limited test] INFO  server.GrpcService (GrpcService.java:startImpl(302)) - s2: GrpcService started, listening on 37557
2023-03-06 08:13:39,576 [Time-limited test] INFO  server.GrpcService (GrpcService.java:startImpl(302)) - s2: GrpcService started, listening on 33055
2023-03-06 08:13:39,577 [Time-limited test] INFO  server.GrpcService (GrpcService.java:startImpl(302)) - s2: GrpcService started, listening on 41791
2023-03-06 08:13:39,578 [JvmPauseMonitor2] INFO  util.JvmPauseMonitor (JvmPauseMonitor.java:run(103)) - JvmPauseMonitor-s2: Started
2023-03-06 08:13:39,583 [Time-limited test] INFO  server.RaftServerConfigKeys (ConfUtils.java:logGet(46)) - raft.server.rpc.timeout.max = 300ms (default)
2023-03-06 08:13:39,584 [Time-limited test] INFO  ratis.RaftTestUtil (RaftTestUtil.java:waitForLeader(100)) - printing ALL groups
  s0:  RUNNING  FOLLOWER s0@group-B349ED2EEE2C:t0, leader=null, voted=, raftlog=Memoized:s0@group-B349ED2EEE2C-SegmentedRaftLog:OPENED:c-1, conf=-1: peers:[s0|rpc:localhost:37609|admin:localhost:42785|client:localhost:34827|dataStream:localhost:38843|priority:0|startupRole:FOLLOWER, s1|rpc:localhost:46689|admin:localhost:39169|client:localhost:42699|dataStream:localhost:34391|priority:0|startupRole:FOLLOWER, s2|rpc:localhost:33055|admin:localhost:41791|client:localhost:37557|dataStream:localhost:45779|priority:0|startupRole:FOLLOWER]|listeners:[], old=null RUNNING
  s1:  RUNNING  FOLLOWER s1@group-B349ED2EEE2C:t0, leader=null, voted=, raftlog=Memoized:s1@group-B349ED2EEE2C-SegmentedRaftLog:OPENED:c-1, conf=-1: peers:[s0|rpc:localhost:37609|admin:localhost:42785|client:localhost:34827|dataStream:localhost:38843|priority:0|startupRole:FOLLOWER, s1|rpc:localhost:46689|admin:localhost:39169|client:localhost:42699|dataStream:localhost:34391|priority:0|startupRole:FOLLOWER, s2|rpc:localhost:33055|admin:localhost:41791|client:localhost:37557|dataStream:localhost:45779|priority:0|startupRole:FOLLOWER]|listeners:[], old=null RUNNING
  s2:  RUNNING  FOLLOWER s2@group-B349ED2EEE2C:t0, leader=null, voted=, raftlog=Memoized:s2@group-B349ED2EEE2C-SegmentedRaftLog:OPENED:c-1, conf=-1: peers:[s0|rpc:localhost:37609|admin:localhost:42785|client:localhost:34827|dataStream:localhost:38843|priority:0|startupRole:FOLLOWER, s1|rpc:localhost:46689|admin:localhost:39169|client:localhost:42699|dataStream:localhost:34391|priority:0|startupRole:FOLLOWER, s2|rpc:localhost:33055|admin:localhost:41791|client:localhost:37557|dataStream:localhost:45779|priority:0|startupRole:FOLLOWER]|listeners:[], old=null RUNNING
2023-03-06 08:13:39,586 [s2@group-B349ED2EEE2C-FollowerState] INFO  server.RaftServerConfigKeys (ConfUtils.java:logFallback(53)) - raft.server.rpc.first-election.timeout.min = 150ms (fallback to raft.server.rpc.timeout.min)
2023-03-06 08:13:39,586 [s2@group-B349ED2EEE2C-FollowerState] INFO  server.RaftServerConfigKeys (ConfUtils.java:logFallback(53)) - raft.server.rpc.first-election.timeout.max = 300ms (fallback to raft.server.rpc.timeout.max)
2023-03-06 08:13:39,589 [Time-limited test] WARN  ratis.RaftTestUtil (JavaUtils.java:attempt(217)) - FAILED "waitForLeader-null-(expectLeader? true)", attempt #1/100: java.lang.IllegalStateException: No leader yet : printing ALL groups
  s0:  RUNNING  FOLLOWER s0@group-B349ED2EEE2C:t0, leader=null, voted=, raftlog=Memoized:s0@group-B349ED2EEE2C-SegmentedRaftLog:OPENED:c-1, conf=-1: peers:[s0|rpc:localhost:37609|admin:localhost:42785|client:localhost:34827|dataStream:localhost:38843|priority:0|startupRole:FOLLOWER, s1|rpc:localhost:46689|admin:localhost:39169|client:localhost:42699|dataStream:localhost:34391|priority:0|startupRole:FOLLOWER, s2|rpc:localhost:33055|admin:localhost:41791|client:localhost:37557|dataStream:localhost:45779|priority:0|startupRole:FOLLOWER]|listeners:[], old=null RUNNING
  s1:  RUNNING  FOLLOWER s1@group-B349ED2EEE2C:t0, leader=null, voted=, raftlog=Memoized:s1@group-B349ED2EEE2C-SegmentedRaftLog:OPENED:c-1, conf=-1: peers:[s0|rpc:localhost:37609|admin:localhost:42785|client:localhost:34827|dataStream:localhost:38843|priority:0|startupRole:FOLLOWER, s1|rpc:localhost:46689|admin:localhost:39169|client:localhost:42699|dataStream:localhost:34391|priority:0|startupRole:FOLLOWER, s2|rpc:localhost:33055|admin:localhost:41791|client:localhost:37557|dataStream:localhost:45779|priority:0|startupRole:FOLLOWER]|listeners:[], old=null RUNNING
  s2:  RUNNING  FOLLOWER s2@group-B349ED2EEE2C:t0, leader=null, voted=, raftlog=Memoized:s2@group-B349ED2EEE2C-SegmentedRaftLog:OPENED:c-1, conf=-1: peers:[s0|rpc:localhost:37609|admin:localhost:42785|client:localhost:34827|dataStream:localhost:38843|priority:0|startupRole:FOLLOWER, s1|rpc:localhost:46689|admin:localhost:39169|client:localhost:42699|dataStream:localhost:34391|priority:0|startupRole:FOLLOWER, s2|rpc:localhost:33055|admin:localhost:41791|client:localhost:37557|dataStream:localhost:45779|priority:0|startupRole:FOLLOWER]|listeners:[], old=null RUNNING, sleep 450ms and then retry.
java.lang.IllegalStateException: No leader yet : printing ALL groups
  s0:  RUNNING  FOLLOWER s0@group-B349ED2EEE2C:t0, leader=null, voted=, raftlog=Memoized:s0@group-B349ED2EEE2C-SegmentedRaftLog:OPENED:c-1, conf=-1: peers:[s0|rpc:localhost:37609|admin:localhost:42785|client:localhost:34827|dataStream:localhost:38843|priority:0|startupRole:FOLLOWER, s1|rpc:localhost:46689|admin:localhost:39169|client:localhost:42699|dataStream:localhost:34391|priority:0|startupRole:FOLLOWER, s2|rpc:localhost:33055|admin:localhost:41791|client:localhost:37557|dataStream:localhost:45779|priority:0|startupRole:FOLLOWER]|listeners:[], old=null RUNNING
  s1:  RUNNING  FOLLOWER s1@group-B349ED2EEE2C:t0, leader=null, voted=, raftlog=Memoized:s1@group-B349ED2EEE2C-SegmentedRaftLog:OPENED:c-1, conf=-1: peers:[s0|rpc:localhost:37609|admin:localhost:42785|client:localhost:34827|dataStream:localhost:38843|priority:0|startupRole:FOLLOWER, s1|rpc:localhost:46689|admin:localhost:39169|client:localhost:42699|dataStream:localhost:34391|priority:0|startupRole:FOLLOWER, s2|rpc:localhost:33055|admin:localhost:41791|client:localhost:37557|dataStream:localhost:45779|priority:0|startupRole:FOLLOWER]|listeners:[], old=null RUNNING
  s2:  RUNNING  FOLLOWER s2@group-B349ED2EEE2C:t0, leader=null, voted=, raftlog=Memoized:s2@group-B349ED2EEE2C-SegmentedRaftLog:OPENED:c-1, conf=-1: peers:[s0|rpc:localhost:37609|admin:localhost:42785|client:localhost:34827|dataStream:localhost:38843|priority:0|startupRole:FOLLOWER, s1|rpc:localhost:46689|admin:localhost:39169|client:localhost:42699|dataStream:localhost:34391|priority:0|startupRole:FOLLOWER, s2|rpc:localhost:33055|admin:localhost:41791|client:localhost:37557|dataStream:localhost:45779|priority:0|startupRole:FOLLOWER]|listeners:[], old=null RUNNING
	at org.apache.ratis.server.impl.MiniRaftCluster.newIllegalStateExceptionForNoLeaders(MiniRaftCluster.java:581)
	at org.apache.ratis.RaftTestUtil.lambda$waitForLeader$1(RaftTestUtil.java:104)
	at org.apache.ratis.server.impl.MiniRaftCluster.getLeader(MiniRaftCluster.java:615)
	at org.apache.ratis.server.impl.MiniRaftCluster.getLeader(MiniRaftCluster.java:608)
	at org.apache.ratis.RaftTestUtil.lambda$waitForLeader$3(RaftTestUtil.java:112)
	at org.apache.ratis.util.JavaUtils.attempt(JavaUtils.java:211)
	at org.apache.ratis.util.JavaUtils.attemptRepeatedly(JavaUtils.java:197)
	at org.apache.ratis.RaftTestUtil.waitForLeader(RaftTestUtil.java:111)
	at org.apache.ratis.RaftTestUtil.waitForLeader(RaftTestUtil.java:92)
	at org.apache.ratis.RaftTestUtil.waitForLeader(RaftTestUtil.java:87)
	at org.apache.ratis.grpc.TestRaftServerWithGrpc.testRaftClientRequestMetrics(TestRaftServerWithGrpc.java:308)
	at org.apache.ratis.server.impl.MiniRaftCluster$Factory$Get.runWithNewCluster(MiniRaftCluster.java:141)
	at org.apache.ratis.server.impl.MiniRaftCluster$Factory$Get.runWithNewCluster(MiniRaftCluster.java:121)
	at org.apache.ratis.grpc.TestRaftServerWithGrpc.testRaftClientMetrics(TestRaftServerWithGrpc.java:219)
	at java.base/jdk.internal.reflect.NativeMethodAccessorImpl.invoke0(Native Method)
	at java.base/jdk.internal.reflect.NativeMethodAccessorImpl.invoke(NativeMethodAccessorImpl.java:62)
	at java.base/jdk.internal.reflect.DelegatingMethodAccessorImpl.invoke(DelegatingMethodAccessorImpl.java:43)
	at java.base/java.lang.reflect.Method.invoke(Method.java:566)
	at org.junit.runners.model.FrameworkMethod$1.runReflectiveCall(FrameworkMethod.java:59)
	at org.junit.internal.runners.model.ReflectiveCallable.run(ReflectiveCallable.java:12)
	at org.junit.runners.model.FrameworkMethod.invokeExplosively(FrameworkMethod.java:56)
	at org.junit.internal.runners.statements.InvokeMethod.evaluate(InvokeMethod.java:17)
	at org.junit.internal.runners.statements.RunBefores.evaluate(RunBefores.java:26)
	at org.junit.internal.runners.statements.RunAfters.evaluate(RunAfters.java:27)
	at org.junit.internal.runners.statements.FailOnTimeout$CallableStatement.call(FailOnTimeout.java:299)
	at org.junit.internal.runners.statements.FailOnTimeout$CallableStatement.call(FailOnTimeout.java:293)
	at java.base/java.util.concurrent.FutureTask.run(FutureTask.java:264)
	at java.base/java.lang.Thread.run(Thread.java:829)
2023-03-06 08:13:39,747 [s0@group-B349ED2EEE2C-FollowerState] INFO  impl.FollowerState (FollowerState.java:run(143)) - s0@group-B349ED2EEE2C-FollowerState: change to CANDIDATE, lastRpcElapsedTime:290767682ns, electionTimeout:280ms
2023-03-06 08:13:39,747 [s0@group-B349ED2EEE2C-FollowerState] INFO  impl.RoleInfo (RoleInfo.java:shutdownFollowerState(110)) - s0: shutdown s0@group-B349ED2EEE2C-FollowerState
2023-03-06 08:13:39,747 [s0@group-B349ED2EEE2C-FollowerState] INFO  server.RaftServer$Division (RaftServerImpl.java:setRole(329)) - s0@group-B349ED2EEE2C: changes role from  FOLLOWER to CANDIDATE at term 0 for changeToCandidate
2023-03-06 08:13:39,750 [s0@group-B349ED2EEE2C-FollowerState] INFO  server.RaftServerConfigKeys (ConfUtils.java:logGet(46)) - raft.server.leaderelection.pre-vote = true (default)
2023-03-06 08:13:39,750 [s0@group-B349ED2EEE2C-FollowerState] INFO  impl.RoleInfo (RoleInfo.java:updateAndGet(139)) - s0: start s0@group-B349ED2EEE2C-LeaderElection1
2023-03-06 08:13:39,754 [s0@group-B349ED2EEE2C-LeaderElection1] INFO  impl.LeaderElection (LeaderElection.java:askForVotes(309)) - s0@group-B349ED2EEE2C-LeaderElection1 PRE_VOTE round 0: submit vote requests at term 0 for -1: peers:[s0|rpc:localhost:37609|admin:localhost:42785|client:localhost:34827|dataStream:localhost:38843|priority:0|startupRole:FOLLOWER, s1|rpc:localhost:46689|admin:localhost:39169|client:localhost:42699|dataStream:localhost:34391|priority:0|startupRole:FOLLOWER, s2|rpc:localhost:33055|admin:localhost:41791|client:localhost:37557|dataStream:localhost:45779|priority:0|startupRole:FOLLOWER]|listeners:[], old=null
2023-03-06 08:13:39,770 [s0@group-B349ED2EEE2C-LeaderElection1] INFO  server.RaftServerConfigKeys (ConfUtils.java:logFallback(53)) - raft.server.rpc.first-election.timeout.min = 150ms (fallback to raft.server.rpc.timeout.min)
2023-03-06 08:13:39,770 [s0@group-B349ED2EEE2C-LeaderElection1] INFO  server.RaftServerConfigKeys (ConfUtils.java:logFallback(53)) - raft.server.rpc.first-election.timeout.max = 300ms (fallback to raft.server.rpc.timeout.max)
2023-03-06 08:13:39,771 [s0@group-B349ED2EEE2C-LeaderElection1-1] INFO  server.GrpcServerProtocolClient (GrpcServerProtocolClient.java:<init>(63)) - Build channel for s1
2023-03-06 08:13:39,773 [s0@group-B349ED2EEE2C-LeaderElection1-2] INFO  server.GrpcServerProtocolClient (GrpcServerProtocolClient.java:<init>(63)) - Build channel for s2
2023-03-06 08:13:39,790 [s1@group-B349ED2EEE2C-FollowerState] INFO  impl.FollowerState (FollowerState.java:run(143)) - s1@group-B349ED2EEE2C-FollowerState: change to CANDIDATE, lastRpcElapsedTime:252688579ns, electionTimeout:234ms
2023-03-06 08:13:39,791 [s1@group-B349ED2EEE2C-FollowerState] INFO  impl.RoleInfo (RoleInfo.java:shutdownFollowerState(110)) - s1: shutdown s1@group-B349ED2EEE2C-FollowerState
2023-03-06 08:13:39,791 [s1@group-B349ED2EEE2C-FollowerState] INFO  server.RaftServer$Division (RaftServerImpl.java:setRole(329)) - s1@group-B349ED2EEE2C: changes role from  FOLLOWER to CANDIDATE at term 0 for changeToCandidate
2023-03-06 08:13:39,791 [s1@group-B349ED2EEE2C-FollowerState] INFO  server.RaftServerConfigKeys (ConfUtils.java:logGet(46)) - raft.server.leaderelection.pre-vote = true (default)
2023-03-06 08:13:39,791 [s1@group-B349ED2EEE2C-FollowerState] INFO  impl.RoleInfo (RoleInfo.java:updateAndGet(139)) - s1: start s1@group-B349ED2EEE2C-LeaderElection2
2023-03-06 08:13:39,809 [s1@group-B349ED2EEE2C-LeaderElection2] INFO  impl.LeaderElection (LeaderElection.java:askForVotes(309)) - s1@group-B349ED2EEE2C-LeaderElection2 PRE_VOTE round 0: submit vote requests at term 0 for -1: peers:[s0|rpc:localhost:37609|admin:localhost:42785|client:localhost:34827|dataStream:localhost:38843|priority:0|startupRole:FOLLOWER, s1|rpc:localhost:46689|admin:localhost:39169|client:localhost:42699|dataStream:localhost:34391|priority:0|startupRole:FOLLOWER, s2|rpc:localhost:33055|admin:localhost:41791|client:localhost:37557|dataStream:localhost:45779|priority:0|startupRole:FOLLOWER]|listeners:[], old=null
2023-03-06 08:13:39,810 [s1@group-B349ED2EEE2C-LeaderElection2-1] INFO  server.GrpcServerProtocolClient (GrpcServerProtocolClient.java:<init>(63)) - Build channel for s0
2023-03-06 08:13:39,810 [s1@group-B349ED2EEE2C-LeaderElection2] INFO  server.RaftServerConfigKeys (ConfUtils.java:logFallback(53)) - raft.server.rpc.first-election.timeout.min = 150ms (fallback to raft.server.rpc.timeout.min)
2023-03-06 08:13:39,814 [s1@group-B349ED2EEE2C-LeaderElection2] INFO  server.RaftServerConfigKeys (ConfUtils.java:logFallback(53)) - raft.server.rpc.first-election.timeout.max = 300ms (fallback to raft.server.rpc.timeout.max)
2023-03-06 08:13:39,822 [s1@group-B349ED2EEE2C-LeaderElection2-2] INFO  server.GrpcServerProtocolClient (GrpcServerProtocolClient.java:<init>(63)) - Build channel for s2
2023-03-06 08:13:39,855 [s2@group-B349ED2EEE2C-FollowerState] INFO  impl.FollowerState (FollowerState.java:run(143)) - s2@group-B349ED2EEE2C-FollowerState: change to CANDIDATE, lastRpcElapsedTime:284547416ns, electionTimeout:268ms
2023-03-06 08:13:39,855 [s2@group-B349ED2EEE2C-FollowerState] INFO  impl.RoleInfo (RoleInfo.java:shutdownFollowerState(110)) - s2: shutdown s2@group-B349ED2EEE2C-FollowerState
2023-03-06 08:13:39,855 [s2@group-B349ED2EEE2C-FollowerState] INFO  server.RaftServer$Division (RaftServerImpl.java:setRole(329)) - s2@group-B349ED2EEE2C: changes role from  FOLLOWER to CANDIDATE at term 0 for changeToCandidate
2023-03-06 08:13:39,865 [s2@group-B349ED2EEE2C-FollowerState] INFO  server.RaftServerConfigKeys (ConfUtils.java:logGet(46)) - raft.server.leaderelection.pre-vote = true (default)
2023-03-06 08:13:39,865 [s2@group-B349ED2EEE2C-FollowerState] INFO  impl.RoleInfo (RoleInfo.java:updateAndGet(139)) - s2: start s2@group-B349ED2EEE2C-LeaderElection3
2023-03-06 08:13:39,874 [s2@group-B349ED2EEE2C-LeaderElection3] INFO  impl.LeaderElection (LeaderElection.java:askForVotes(309)) - s2@group-B349ED2EEE2C-LeaderElection3 PRE_VOTE round 0: submit vote requests at term 0 for -1: peers:[s0|rpc:localhost:37609|admin:localhost:42785|client:localhost:34827|dataStream:localhost:38843|priority:0|startupRole:FOLLOWER, s1|rpc:localhost:46689|admin:localhost:39169|client:localhost:42699|dataStream:localhost:34391|priority:0|startupRole:FOLLOWER, s2|rpc:localhost:33055|admin:localhost:41791|client:localhost:37557|dataStream:localhost:45779|priority:0|startupRole:FOLLOWER]|listeners:[], old=null
2023-03-06 08:13:39,882 [s2@group-B349ED2EEE2C-LeaderElection3-1] INFO  server.GrpcServerProtocolClient (GrpcServerProtocolClient.java:<init>(63)) - Build channel for s0
2023-03-06 08:13:39,885 [s2@group-B349ED2EEE2C-LeaderElection3] INFO  server.RaftServerConfigKeys (ConfUtils.java:logFallback(53)) - raft.server.rpc.first-election.timeout.min = 150ms (fallback to raft.server.rpc.timeout.min)
2023-03-06 08:13:39,894 [s2@group-B349ED2EEE2C-LeaderElection3] INFO  server.RaftServerConfigKeys (ConfUtils.java:logFallback(53)) - raft.server.rpc.first-election.timeout.max = 300ms (fallback to raft.server.rpc.timeout.max)
2023-03-06 08:13:39,895 [s2@group-B349ED2EEE2C-LeaderElection3-2] INFO  server.GrpcServerProtocolClient (GrpcServerProtocolClient.java:<init>(63)) - Build channel for s1
2023-03-06 08:13:39,945 [s0@group-B349ED2EEE2C-LeaderElection1] INFO  impl.LeaderElection (LeaderElection.java:logAndReturn(89)) - s0@group-B349ED2EEE2C-LeaderElection1: PRE_VOTE TIMEOUT received 0 response(s) and 0 exception(s):
2023-03-06 08:13:39,945 [s0@group-B349ED2EEE2C-LeaderElection1] INFO  impl.LeaderElection (LeaderElection.java:askForVotes(311)) - s0@group-B349ED2EEE2C-LeaderElection1 PRE_VOTE round 0: result TIMEOUT
2023-03-06 08:13:39,945 [s0@group-B349ED2EEE2C-LeaderElection1] INFO  impl.LeaderElection (LeaderElection.java:askForVotes(309)) - s0@group-B349ED2EEE2C-LeaderElection1 PRE_VOTE round 1: submit vote requests at term 0 for -1: peers:[s0|rpc:localhost:37609|admin:localhost:42785|client:localhost:34827|dataStream:localhost:38843|priority:0|startupRole:FOLLOWER, s1|rpc:localhost:46689|admin:localhost:39169|client:localhost:42699|dataStream:localhost:34391|priority:0|startupRole:FOLLOWER, s2|rpc:localhost:33055|admin:localhost:41791|client:localhost:37557|dataStream:localhost:45779|priority:0|startupRole:FOLLOWER]|listeners:[], old=null
2023-03-06 08:13:39,960 [s0@group-B349ED2EEE2C-LeaderElection1] INFO  server.RaftServerConfigKeys (ConfUtils.java:logFallback(53)) - raft.server.rpc.first-election.timeout.min = 150ms (fallback to raft.server.rpc.timeout.min)
2023-03-06 08:13:39,961 [s0@group-B349ED2EEE2C-LeaderElection1] INFO  server.RaftServerConfigKeys (ConfUtils.java:logFallback(53)) - raft.server.rpc.first-election.timeout.max = 300ms (fallback to raft.server.rpc.timeout.max)
2023-03-06 08:13:40,046 [Time-limited test] WARN  ratis.RaftTestUtil (JavaUtils.java:attempt(217)) - FAILED "waitForLeader-null-(expectLeader? true)", attempt #2/100: java.lang.IllegalStateException: No leader yet : printing ALL groups
  s0:  RUNNING CANDIDATE s0@group-B349ED2EEE2C:t0, leader=null, voted=, raftlog=Memoized:s0@group-B349ED2EEE2C-SegmentedRaftLog:OPENED:c-1, conf=-1: peers:[s0|rpc:localhost:37609|admin:localhost:42785|client:localhost:34827|dataStream:localhost:38843|priority:0|startupRole:FOLLOWER, s1|rpc:localhost:46689|admin:localhost:39169|client:localhost:42699|dataStream:localhost:34391|priority:0|startupRole:FOLLOWER, s2|rpc:localhost:33055|admin:localhost:41791|client:localhost:37557|dataStream:localhost:45779|priority:0|startupRole:FOLLOWER]|listeners:[], old=null RUNNING
  s1:  RUNNING CANDIDATE s1@group-B349ED2EEE2C:t0, leader=null, voted=, raftlog=Memoized:s1@group-B349ED2EEE2C-SegmentedRaftLog:OPENED:c-1, conf=-1: peers:[s0|rpc:localhost:37609|admin:localhost:42785|client:localhost:34827|dataStream:localhost:38843|priority:0|startupRole:FOLLOWER, s1|rpc:localhost:46689|admin:localhost:39169|client:localhost:42699|dataStream:localhost:34391|priority:0|startupRole:FOLLOWER, s2|rpc:localhost:33055|admin:localhost:41791|client:localhost:37557|dataStream:localhost:45779|priority:0|startupRole:FOLLOWER]|listeners:[], old=null RUNNING
  s2:  RUNNING CANDIDATE s2@group-B349ED2EEE2C:t0, leader=null, voted=, raftlog=Memoized:s2@group-B349ED2EEE2C-SegmentedRaftLog:OPENED:c-1, conf=-1: peers:[s0|rpc:localhost:37609|admin:localhost:42785|client:localhost:34827|dataStream:localhost:38843|priority:0|startupRole:FOLLOWER, s1|rpc:localhost:46689|admin:localhost:39169|client:localhost:42699|dataStream:localhost:34391|priority:0|startupRole:FOLLOWER, s2|rpc:localhost:33055|admin:localhost:41791|client:localhost:37557|dataStream:localhost:45779|priority:0|startupRole:FOLLOWER]|listeners:[], old=null RUNNING, sleep 450ms and then retry.
java.lang.IllegalStateException: No leader yet : printing ALL groups
  s0:  RUNNING CANDIDATE s0@group-B349ED2EEE2C:t0, leader=null, voted=, raftlog=Memoized:s0@group-B349ED2EEE2C-SegmentedRaftLog:OPENED:c-1, conf=-1: peers:[s0|rpc:localhost:37609|admin:localhost:42785|client:localhost:34827|dataStream:localhost:38843|priority:0|startupRole:FOLLOWER, s1|rpc:localhost:46689|admin:localhost:39169|client:localhost:42699|dataStream:localhost:34391|priority:0|startupRole:FOLLOWER, s2|rpc:localhost:33055|admin:localhost:41791|client:localhost:37557|dataStream:localhost:45779|priority:0|startupRole:FOLLOWER]|listeners:[], old=null RUNNING
  s1:  RUNNING CANDIDATE s1@group-B349ED2EEE2C:t0, leader=null, voted=, raftlog=Memoized:s1@group-B349ED2EEE2C-SegmentedRaftLog:OPENED:c-1, conf=-1: peers:[s0|rpc:localhost:37609|admin:localhost:42785|client:localhost:34827|dataStream:localhost:38843|priority:0|startupRole:FOLLOWER, s1|rpc:localhost:46689|admin:localhost:39169|client:localhost:42699|dataStream:localhost:34391|priority:0|startupRole:FOLLOWER, s2|rpc:localhost:33055|admin:localhost:41791|client:localhost:37557|dataStream:localhost:45779|priority:0|startupRole:FOLLOWER]|listeners:[], old=null RUNNING
  s2:  RUNNING CANDIDATE s2@group-B349ED2EEE2C:t0, leader=null, voted=, raftlog=Memoized:s2@group-B349ED2EEE2C-SegmentedRaftLog:OPENED:c-1, conf=-1: peers:[s0|rpc:localhost:37609|admin:localhost:42785|client:localhost:34827|dataStream:localhost:38843|priority:0|startupRole:FOLLOWER, s1|rpc:localhost:46689|admin:localhost:39169|client:localhost:42699|dataStream:localhost:34391|priority:0|startupRole:FOLLOWER, s2|rpc:localhost:33055|admin:localhost:41791|client:localhost:37557|dataStream:localhost:45779|priority:0|startupRole:FOLLOWER]|listeners:[], old=null RUNNING
	at org.apache.ratis.server.impl.MiniRaftCluster.newIllegalStateExceptionForNoLeaders(MiniRaftCluster.java:581)
	at org.apache.ratis.RaftTestUtil.lambda$waitForLeader$1(RaftTestUtil.java:104)
	at org.apache.ratis.server.impl.MiniRaftCluster.getLeader(MiniRaftCluster.java:615)
	at org.apache.ratis.server.impl.MiniRaftCluster.getLeader(MiniRaftCluster.java:608)
	at org.apache.ratis.RaftTestUtil.lambda$waitForLeader$3(RaftTestUtil.java:112)
	at org.apache.ratis.util.JavaUtils.attempt(JavaUtils.java:211)
	at org.apache.ratis.util.JavaUtils.attemptRepeatedly(JavaUtils.java:197)
	at org.apache.ratis.RaftTestUtil.waitForLeader(RaftTestUtil.java:111)
	at org.apache.ratis.RaftTestUtil.waitForLeader(RaftTestUtil.java:92)
	at org.apache.ratis.RaftTestUtil.waitForLeader(RaftTestUtil.java:87)
	at org.apache.ratis.grpc.TestRaftServerWithGrpc.testRaftClientRequestMetrics(TestRaftServerWithGrpc.java:308)
	at org.apache.ratis.server.impl.MiniRaftCluster$Factory$Get.runWithNewCluster(MiniRaftCluster.java:141)
	at org.apache.ratis.server.impl.MiniRaftCluster$Factory$Get.runWithNewCluster(MiniRaftCluster.java:121)
	at org.apache.ratis.grpc.TestRaftServerWithGrpc.testRaftClientMetrics(TestRaftServerWithGrpc.java:219)
	at java.base/jdk.internal.reflect.NativeMethodAccessorImpl.invoke0(Native Method)
	at java.base/jdk.internal.reflect.NativeMethodAccessorImpl.invoke(NativeMethodAccessorImpl.java:62)
	at java.base/jdk.internal.reflect.DelegatingMethodAccessorImpl.invoke(DelegatingMethodAccessorImpl.java:43)
	at java.base/java.lang.reflect.Method.invoke(Method.java:566)
	at org.junit.runners.model.FrameworkMethod$1.runReflectiveCall(FrameworkMethod.java:59)
	at org.junit.internal.runners.model.ReflectiveCallable.run(ReflectiveCallable.java:12)
	at org.junit.runners.model.FrameworkMethod.invokeExplosively(FrameworkMethod.java:56)
	at org.junit.internal.runners.statements.InvokeMethod.evaluate(InvokeMethod.java:17)
	at org.junit.internal.runners.statements.RunBefores.evaluate(RunBefores.java:26)
	at org.junit.internal.runners.statements.RunAfters.evaluate(RunAfters.java:27)
	at org.junit.internal.runners.statements.FailOnTimeout$CallableStatement.call(FailOnTimeout.java:299)
	at org.junit.internal.runners.statements.FailOnTimeout$CallableStatement.call(FailOnTimeout.java:293)
	at java.base/java.util.concurrent.FutureTask.run(FutureTask.java:264)
	at java.base/java.lang.Thread.run(Thread.java:829)
2023-03-06 08:13:40,101 [s1@group-B349ED2EEE2C-LeaderElection2] INFO  impl.LeaderElection (LeaderElection.java:logAndReturn(89)) - s1@group-B349ED2EEE2C-LeaderElection2: PRE_VOTE TIMEOUT received 0 response(s) and 0 exception(s):
2023-03-06 08:13:40,101 [s1@group-B349ED2EEE2C-LeaderElection2] INFO  impl.LeaderElection (LeaderElection.java:askForVotes(311)) - s1@group-B349ED2EEE2C-LeaderElection2 PRE_VOTE round 0: result TIMEOUT
2023-03-06 08:13:40,101 [s1@group-B349ED2EEE2C-LeaderElection2] INFO  impl.LeaderElection (LeaderElection.java:askForVotes(309)) - s1@group-B349ED2EEE2C-LeaderElection2 PRE_VOTE round 1: submit vote requests at term 0 for -1: peers:[s0|rpc:localhost:37609|admin:localhost:42785|client:localhost:34827|dataStream:localhost:38843|priority:0|startupRole:FOLLOWER, s1|rpc:localhost:46689|admin:localhost:39169|client:localhost:42699|dataStream:localhost:34391|priority:0|startupRole:FOLLOWER, s2|rpc:localhost:33055|admin:localhost:41791|client:localhost:37557|dataStream:localhost:45779|priority:0|startupRole:FOLLOWER]|listeners:[], old=null
2023-03-06 08:13:40,108 [s1@group-B349ED2EEE2C-LeaderElection2] INFO  server.RaftServerConfigKeys (ConfUtils.java:logFallback(53)) - raft.server.rpc.first-election.timeout.min = 150ms (fallback to raft.server.rpc.timeout.min)
2023-03-06 08:13:40,109 [s1@group-B349ED2EEE2C-LeaderElection2] INFO  server.RaftServerConfigKeys (ConfUtils.java:logFallback(53)) - raft.server.rpc.first-election.timeout.max = 300ms (fallback to raft.server.rpc.timeout.max)
2023-03-06 08:13:40,116 [s2@group-B349ED2EEE2C-LeaderElection3] INFO  impl.LeaderElection (LeaderElection.java:logAndReturn(89)) - s2@group-B349ED2EEE2C-LeaderElection3: PRE_VOTE TIMEOUT received 0 response(s) and 0 exception(s):
2023-03-06 08:13:40,117 [s2@group-B349ED2EEE2C-LeaderElection3] INFO  impl.LeaderElection (LeaderElection.java:askForVotes(311)) - s2@group-B349ED2EEE2C-LeaderElection3 PRE_VOTE round 0: result TIMEOUT
2023-03-06 08:13:40,118 [s2@group-B349ED2EEE2C-LeaderElection3] INFO  impl.LeaderElection (LeaderElection.java:askForVotes(309)) - s2@group-B349ED2EEE2C-LeaderElection3 PRE_VOTE round 1: submit vote requests at term 0 for -1: peers:[s0|rpc:localhost:37609|admin:localhost:42785|client:localhost:34827|dataStream:localhost:38843|priority:0|startupRole:FOLLOWER, s1|rpc:localhost:46689|admin:localhost:39169|client:localhost:42699|dataStream:localhost:34391|priority:0|startupRole:FOLLOWER, s2|rpc:localhost:33055|admin:localhost:41791|client:localhost:37557|dataStream:localhost:45779|priority:0|startupRole:FOLLOWER]|listeners:[], old=null
2023-03-06 08:13:40,119 [s2@group-B349ED2EEE2C-LeaderElection3] INFO  server.RaftServerConfigKeys (ConfUtils.java:logFallback(53)) - raft.server.rpc.first-election.timeout.min = 150ms (fallback to raft.server.rpc.timeout.min)
2023-03-06 08:13:40,119 [s2@group-B349ED2EEE2C-LeaderElection3] INFO  server.RaftServerConfigKeys (ConfUtils.java:logFallback(53)) - raft.server.rpc.first-election.timeout.max = 300ms (fallback to raft.server.rpc.timeout.max)
2023-03-06 08:13:40,134 [grpc-default-executor-4] INFO  server.RaftServer$Division (RaftServerImpl.java:requestVote(1302)) - s1@group-B349ED2EEE2C: receive requestVote(PRE_VOTE, s2, group-B349ED2EEE2C, 0, (t:0, i:0))
2023-03-06 08:13:40,140 [grpc-default-executor-4] INFO  impl.VoteContext (VoteContext.java:log(49)) - s1@group-B349ED2EEE2C-CANDIDATE: accept PRE_VOTE from s2: our priority 0 <= candidate's priority 0
2023-03-06 08:13:40,143 [grpc-default-executor-3] INFO  server.RaftServer$Division (RaftServerImpl.java:requestVote(1302)) - s2@group-B349ED2EEE2C: receive requestVote(PRE_VOTE, s0, group-B349ED2EEE2C, 0, (t:0, i:0))
2023-03-06 08:13:40,143 [grpc-default-executor-3] INFO  impl.VoteContext (VoteContext.java:log(49)) - s2@group-B349ED2EEE2C-CANDIDATE: accept PRE_VOTE from s0: our priority 0 <= candidate's priority 0
2023-03-06 08:13:40,144 [grpc-default-executor-0] INFO  server.RaftServer$Division (RaftServerImpl.java:requestVote(1302)) - s0@group-B349ED2EEE2C: receive requestVote(PRE_VOTE, s2, group-B349ED2EEE2C, 0, (t:0, i:0))
2023-03-06 08:13:40,144 [grpc-default-executor-0] INFO  impl.VoteContext (VoteContext.java:log(49)) - s0@group-B349ED2EEE2C-CANDIDATE: accept PRE_VOTE from s2: our priority 0 <= candidate's priority 0
2023-03-06 08:13:40,145 [grpc-default-executor-5] INFO  server.RaftServer$Division (RaftServerImpl.java:requestVote(1302)) - s2@group-B349ED2EEE2C: receive requestVote(PRE_VOTE, s0, group-B349ED2EEE2C, 0, (t:0, i:0))
2023-03-06 08:13:40,145 [grpc-default-executor-1] INFO  server.RaftServer$Division (RaftServerImpl.java:requestVote(1302)) - s2@group-B349ED2EEE2C: receive requestVote(PRE_VOTE, s1, group-B349ED2EEE2C, 0, (t:0, i:0))
2023-03-06 08:13:40,149 [grpc-default-executor-0] INFO  server.RaftServer$Division (RaftServerImpl.java:requestVote(1335)) - s0@group-B349ED2EEE2C replies to PRE_VOTE vote request: s2<-s0#0:OK-t0. Peer's state: s0@group-B349ED2EEE2C:t0, leader=null, voted=, raftlog=Memoized:s0@group-B349ED2EEE2C-SegmentedRaftLog:OPENED:c-1, conf=-1: peers:[s0|rpc:localhost:37609|admin:localhost:42785|client:localhost:34827|dataStream:localhost:38843|priority:0|startupRole:FOLLOWER, s1|rpc:localhost:46689|admin:localhost:39169|client:localhost:42699|dataStream:localhost:34391|priority:0|startupRole:FOLLOWER, s2|rpc:localhost:33055|admin:localhost:41791|client:localhost:37557|dataStream:localhost:45779|priority:0|startupRole:FOLLOWER]|listeners:[], old=null
2023-03-06 08:13:40,149 [grpc-default-executor-3] INFO  server.RaftServer$Division (RaftServerImpl.java:requestVote(1335)) - s2@group-B349ED2EEE2C replies to PRE_VOTE vote request: s0<-s2#0:OK-t0. Peer's state: s2@group-B349ED2EEE2C:t0, leader=null, voted=, raftlog=Memoized:s2@group-B349ED2EEE2C-SegmentedRaftLog:OPENED:c-1, conf=-1: peers:[s0|rpc:localhost:37609|admin:localhost:42785|client:localhost:34827|dataStream:localhost:38843|priority:0|startupRole:FOLLOWER, s1|rpc:localhost:46689|admin:localhost:39169|client:localhost:42699|dataStream:localhost:34391|priority:0|startupRole:FOLLOWER, s2|rpc:localhost:33055|admin:localhost:41791|client:localhost:37557|dataStream:localhost:45779|priority:0|startupRole:FOLLOWER]|listeners:[], old=null
2023-03-06 08:13:40,150 [grpc-default-executor-1] INFO  impl.VoteContext (VoteContext.java:log(49)) - s2@group-B349ED2EEE2C-CANDIDATE: accept PRE_VOTE from s1: our priority 0 <= candidate's priority 0
2023-03-06 08:13:40,152 [grpc-default-executor-1] INFO  server.RaftServer$Division (RaftServerImpl.java:requestVote(1335)) - s2@group-B349ED2EEE2C replies to PRE_VOTE vote request: s1<-s2#0:OK-t0. Peer's state: s2@group-B349ED2EEE2C:t0, leader=null, voted=, raftlog=Memoized:s2@group-B349ED2EEE2C-SegmentedRaftLog:OPENED:c-1, conf=-1: peers:[s0|rpc:localhost:37609|admin:localhost:42785|client:localhost:34827|dataStream:localhost:38843|priority:0|startupRole:FOLLOWER, s1|rpc:localhost:46689|admin:localhost:39169|client:localhost:42699|dataStream:localhost:34391|priority:0|startupRole:FOLLOWER, s2|rpc:localhost:33055|admin:localhost:41791|client:localhost:37557|dataStream:localhost:45779|priority:0|startupRole:FOLLOWER]|listeners:[], old=null
2023-03-06 08:13:40,153 [grpc-default-executor-1] INFO  server.RaftServer$Division (RaftServerImpl.java:requestVote(1302)) - s1@group-B349ED2EEE2C: receive requestVote(PRE_VOTE, s2, group-B349ED2EEE2C, 0, (t:0, i:0))
2023-03-06 08:13:40,155 [grpc-default-executor-5] INFO  impl.VoteContext (VoteContext.java:log(49)) - s2@group-B349ED2EEE2C-CANDIDATE: accept PRE_VOTE from s0: our priority 0 <= candidate's priority 0
2023-03-06 08:13:40,157 [grpc-default-executor-5] INFO  server.RaftServer$Division (RaftServerImpl.java:requestVote(1335)) - s2@group-B349ED2EEE2C replies to PRE_VOTE vote request: s0<-s2#0:OK-t0. Peer's state: s2@group-B349ED2EEE2C:t0, leader=null, voted=, raftlog=Memoized:s2@group-B349ED2EEE2C-SegmentedRaftLog:OPENED:c-1, conf=-1: peers:[s0|rpc:localhost:37609|admin:localhost:42785|client:localhost:34827|dataStream:localhost:38843|priority:0|startupRole:FOLLOWER, s1|rpc:localhost:46689|admin:localhost:39169|client:localhost:42699|dataStream:localhost:34391|priority:0|startupRole:FOLLOWER, s2|rpc:localhost:33055|admin:localhost:41791|client:localhost:37557|dataStream:localhost:45779|priority:0|startupRole:FOLLOWER]|listeners:[], old=null
2023-03-06 08:13:40,152 [grpc-default-executor-4] INFO  server.RaftServer$Division (RaftServerImpl.java:requestVote(1335)) - s1@group-B349ED2EEE2C replies to PRE_VOTE vote request: s2<-s1#0:OK-t0. Peer's state: s1@group-B349ED2EEE2C:t0, leader=null, voted=, raftlog=Memoized:s1@group-B349ED2EEE2C-SegmentedRaftLog:OPENED:c-1, conf=-1: peers:[s0|rpc:localhost:37609|admin:localhost:42785|client:localhost:34827|dataStream:localhost:38843|priority:0|startupRole:FOLLOWER, s1|rpc:localhost:46689|admin:localhost:39169|client:localhost:42699|dataStream:localhost:34391|priority:0|startupRole:FOLLOWER, s2|rpc:localhost:33055|admin:localhost:41791|client:localhost:37557|dataStream:localhost:45779|priority:0|startupRole:FOLLOWER]|listeners:[], old=null
2023-03-06 08:13:40,158 [grpc-default-executor-1] INFO  impl.VoteContext (VoteContext.java:log(49)) - s1@group-B349ED2EEE2C-CANDIDATE: accept PRE_VOTE from s2: our priority 0 <= candidate's priority 0
2023-03-06 08:13:40,156 [grpc-default-executor-0] INFO  server.RaftServer$Division (RaftServerImpl.java:requestVote(1302)) - s1@group-B349ED2EEE2C: receive requestVote(PRE_VOTE, s0, group-B349ED2EEE2C, 0, (t:0, i:0))
2023-03-06 08:13:40,155 [grpc-default-executor-3] INFO  server.RaftServer$Division (RaftServerImpl.java:requestVote(1302)) - s0@group-B349ED2EEE2C: receive requestVote(PRE_VOTE, s2, group-B349ED2EEE2C, 0, (t:0, i:0))
2023-03-06 08:13:40,162 [grpc-default-executor-1] INFO  server.RaftServer$Division (RaftServerImpl.java:requestVote(1335)) - s1@group-B349ED2EEE2C replies to PRE_VOTE vote request: s2<-s1#0:OK-t0. Peer's state: s1@group-B349ED2EEE2C:t0, leader=null, voted=, raftlog=Memoized:s1@group-B349ED2EEE2C-SegmentedRaftLog:OPENED:c-1, conf=-1: peers:[s0|rpc:localhost:37609|admin:localhost:42785|client:localhost:34827|dataStream:localhost:38843|priority:0|startupRole:FOLLOWER, s1|rpc:localhost:46689|admin:localhost:39169|client:localhost:42699|dataStream:localhost:34391|priority:0|startupRole:FOLLOWER, s2|rpc:localhost:33055|admin:localhost:41791|client:localhost:37557|dataStream:localhost:45779|priority:0|startupRole:FOLLOWER]|listeners:[], old=null
2023-03-06 08:13:40,158 [grpc-default-executor-6] INFO  server.RaftServer$Division (RaftServerImpl.java:requestVote(1302)) - s1@group-B349ED2EEE2C: receive requestVote(PRE_VOTE, s0, group-B349ED2EEE2C, 0, (t:0, i:0))
2023-03-06 08:13:40,163 [grpc-default-executor-6] INFO  impl.VoteContext (VoteContext.java:log(49)) - s1@group-B349ED2EEE2C-CANDIDATE: accept PRE_VOTE from s0: our priority 0 <= candidate's priority 0
2023-03-06 08:13:40,163 [grpc-default-executor-3] INFO  impl.VoteContext (VoteContext.java:log(49)) - s0@group-B349ED2EEE2C-CANDIDATE: accept PRE_VOTE from s2: our priority 0 <= candidate's priority 0
2023-03-06 08:13:40,164 [grpc-default-executor-3] INFO  server.RaftServer$Division (RaftServerImpl.java:requestVote(1335)) - s0@group-B349ED2EEE2C replies to PRE_VOTE vote request: s2<-s0#0:OK-t0. Peer's state: s0@group-B349ED2EEE2C:t0, leader=null, voted=, raftlog=Memoized:s0@group-B349ED2EEE2C-SegmentedRaftLog:OPENED:c-1, conf=-1: peers:[s0|rpc:localhost:37609|admin:localhost:42785|client:localhost:34827|dataStream:localhost:38843|priority:0|startupRole:FOLLOWER, s1|rpc:localhost:46689|admin:localhost:39169|client:localhost:42699|dataStream:localhost:34391|priority:0|startupRole:FOLLOWER, s2|rpc:localhost:33055|admin:localhost:41791|client:localhost:37557|dataStream:localhost:45779|priority:0|startupRole:FOLLOWER]|listeners:[], old=null
2023-03-06 08:13:40,163 [grpc-default-executor-6] INFO  server.RaftServer$Division (RaftServerImpl.java:requestVote(1335)) - s1@group-B349ED2EEE2C replies to PRE_VOTE vote request: s0<-s1#0:OK-t0. Peer's state: s1@group-B349ED2EEE2C:t0, leader=null, voted=, raftlog=Memoized:s1@group-B349ED2EEE2C-SegmentedRaftLog:OPENED:c-1, conf=-1: peers:[s0|rpc:localhost:37609|admin:localhost:42785|client:localhost:34827|dataStream:localhost:38843|priority:0|startupRole:FOLLOWER, s1|rpc:localhost:46689|admin:localhost:39169|client:localhost:42699|dataStream:localhost:34391|priority:0|startupRole:FOLLOWER, s2|rpc:localhost:33055|admin:localhost:41791|client:localhost:37557|dataStream:localhost:45779|priority:0|startupRole:FOLLOWER]|listeners:[], old=null
2023-03-06 08:13:40,165 [grpc-default-executor-0] INFO  impl.VoteContext (VoteContext.java:log(49)) - s1@group-B349ED2EEE2C-CANDIDATE: accept PRE_VOTE from s0: our priority 0 <= candidate's priority 0
2023-03-06 08:13:40,165 [grpc-default-executor-0] INFO  server.RaftServer$Division (RaftServerImpl.java:requestVote(1335)) - s1@group-B349ED2EEE2C replies to PRE_VOTE vote request: s0<-s1#0:OK-t0. Peer's state: s1@group-B349ED2EEE2C:t0, leader=null, voted=, raftlog=Memoized:s1@group-B349ED2EEE2C-SegmentedRaftLog:OPENED:c-1, conf=-1: peers:[s0|rpc:localhost:37609|admin:localhost:42785|client:localhost:34827|dataStream:localhost:38843|priority:0|startupRole:FOLLOWER, s1|rpc:localhost:46689|admin:localhost:39169|client:localhost:42699|dataStream:localhost:34391|priority:0|startupRole:FOLLOWER, s2|rpc:localhost:33055|admin:localhost:41791|client:localhost:37557|dataStream:localhost:45779|priority:0|startupRole:FOLLOWER]|listeners:[], old=null
2023-03-06 08:13:40,171 [grpc-default-executor-0] INFO  server.RaftServer$Division (RaftServerImpl.java:requestVote(1302)) - s0@group-B349ED2EEE2C: receive requestVote(PRE_VOTE, s1, group-B349ED2EEE2C, 0, (t:0, i:0))
2023-03-06 08:13:40,171 [grpc-default-executor-0] INFO  impl.VoteContext (VoteContext.java:log(49)) - s0@group-B349ED2EEE2C-CANDIDATE: accept PRE_VOTE from s1: our priority 0 <= candidate's priority 0
2023-03-06 08:13:40,171 [grpc-default-executor-0] INFO  server.RaftServer$Division (RaftServerImpl.java:requestVote(1335)) - s0@group-B349ED2EEE2C replies to PRE_VOTE vote request: s1<-s0#0:OK-t0. Peer's state: s0@group-B349ED2EEE2C:t0, leader=null, voted=, raftlog=Memoized:s0@group-B349ED2EEE2C-SegmentedRaftLog:OPENED:c-1, conf=-1: peers:[s0|rpc:localhost:37609|admin:localhost:42785|client:localhost:34827|dataStream:localhost:38843|priority:0|startupRole:FOLLOWER, s1|rpc:localhost:46689|admin:localhost:39169|client:localhost:42699|dataStream:localhost:34391|priority:0|startupRole:FOLLOWER, s2|rpc:localhost:33055|admin:localhost:41791|client:localhost:37557|dataStream:localhost:45779|priority:0|startupRole:FOLLOWER]|listeners:[], old=null
2023-03-06 08:13:40,172 [grpc-default-executor-0] INFO  server.RaftServer$Division (RaftServerImpl.java:requestVote(1302)) - s0@group-B349ED2EEE2C: receive requestVote(PRE_VOTE, s1, group-B349ED2EEE2C, 0, (t:0, i:0))
2023-03-06 08:13:40,172 [grpc-default-executor-0] INFO  impl.VoteContext (VoteContext.java:log(49)) - s0@group-B349ED2EEE2C-CANDIDATE: accept PRE_VOTE from s1: our priority 0 <= candidate's priority 0
2023-03-06 08:13:40,172 [grpc-default-executor-0] INFO  server.RaftServer$Division (RaftServerImpl.java:requestVote(1335)) - s0@group-B349ED2EEE2C replies to PRE_VOTE vote request: s1<-s0#0:OK-t0. Peer's state: s0@group-B349ED2EEE2C:t0, leader=null, voted=, raftlog=Memoized:s0@group-B349ED2EEE2C-SegmentedRaftLog:OPENED:c-1, conf=-1: peers:[s0|rpc:localhost:37609|admin:localhost:42785|client:localhost:34827|dataStream:localhost:38843|priority:0|startupRole:FOLLOWER, s1|rpc:localhost:46689|admin:localhost:39169|client:localhost:42699|dataStream:localhost:34391|priority:0|startupRole:FOLLOWER, s2|rpc:localhost:33055|admin:localhost:41791|client:localhost:37557|dataStream:localhost:45779|priority:0|startupRole:FOLLOWER]|listeners:[], old=null
2023-03-06 08:13:40,172 [grpc-default-executor-0] INFO  server.RaftServer$Division (RaftServerImpl.java:requestVote(1302)) - s2@group-B349ED2EEE2C: receive requestVote(PRE_VOTE, s1, group-B349ED2EEE2C, 0, (t:0, i:0))
2023-03-06 08:13:40,173 [grpc-default-executor-0] INFO  impl.VoteContext (VoteContext.java:log(49)) - s2@group-B349ED2EEE2C-CANDIDATE: accept PRE_VOTE from s1: our priority 0 <= candidate's priority 0
2023-03-06 08:13:40,173 [grpc-default-executor-0] INFO  server.RaftServer$Division (RaftServerImpl.java:requestVote(1335)) - s2@group-B349ED2EEE2C replies to PRE_VOTE vote request: s1<-s2#0:OK-t0. Peer's state: s2@group-B349ED2EEE2C:t0, leader=null, voted=, raftlog=Memoized:s2@group-B349ED2EEE2C-SegmentedRaftLog:OPENED:c-1, conf=-1: peers:[s0|rpc:localhost:37609|admin:localhost:42785|client:localhost:34827|dataStream:localhost:38843|priority:0|startupRole:FOLLOWER, s1|rpc:localhost:46689|admin:localhost:39169|client:localhost:42699|dataStream:localhost:34391|priority:0|startupRole:FOLLOWER, s2|rpc:localhost:33055|admin:localhost:41791|client:localhost:37557|dataStream:localhost:45779|priority:0|startupRole:FOLLOWER]|listeners:[], old=null
2023-03-06 08:13:40,179 [s0@group-B349ED2EEE2C-LeaderElection1] INFO  impl.LeaderElection (LeaderElection.java:logAndReturn(89)) - s0@group-B349ED2EEE2C-LeaderElection1: PRE_VOTE PASSED received 1 response(s) and 0 exception(s):
2023-03-06 08:13:40,182 [s0@group-B349ED2EEE2C-LeaderElection1] INFO  impl.LeaderElection (LeaderElection.java:logAndReturn(93)) -   Response 0: s0<-s2#0:OK-t0
2023-03-06 08:13:40,182 [s0@group-B349ED2EEE2C-LeaderElection1] INFO  impl.LeaderElection (LeaderElection.java:askForVotes(311)) - s0@group-B349ED2EEE2C-LeaderElection1 PRE_VOTE round 1: result PASSED
2023-03-06 08:13:40,185 [s0@group-B349ED2EEE2C-LeaderElection1] INFO  impl.LeaderElection (LeaderElection.java:askForVotes(309)) - s0@group-B349ED2EEE2C-LeaderElection1 ELECTION round 0: submit vote requests at term 1 for -1: peers:[s0|rpc:localhost:37609|admin:localhost:42785|client:localhost:34827|dataStream:localhost:38843|priority:0|startupRole:FOLLOWER, s1|rpc:localhost:46689|admin:localhost:39169|client:localhost:42699|dataStream:localhost:34391|priority:0|startupRole:FOLLOWER, s2|rpc:localhost:33055|admin:localhost:41791|client:localhost:37557|dataStream:localhost:45779|priority:0|startupRole:FOLLOWER]|listeners:[], old=null
2023-03-06 08:13:40,186 [s0@group-B349ED2EEE2C-LeaderElection1] INFO  server.RaftServerConfigKeys (ConfUtils.java:logFallback(53)) - raft.server.rpc.first-election.timeout.min = 150ms (fallback to raft.server.rpc.timeout.min)
2023-03-06 08:13:40,186 [s0@group-B349ED2EEE2C-LeaderElection1] INFO  server.RaftServerConfigKeys (ConfUtils.java:logFallback(53)) - raft.server.rpc.first-election.timeout.max = 300ms (fallback to raft.server.rpc.timeout.max)
2023-03-06 08:13:40,188 [s2@group-B349ED2EEE2C-LeaderElection3] INFO  impl.LeaderElection (LeaderElection.java:logAndReturn(89)) - s2@group-B349ED2EEE2C-LeaderElection3: PRE_VOTE PASSED received 1 response(s) and 0 exception(s):
2023-03-06 08:13:40,190 [s2@group-B349ED2EEE2C-LeaderElection3] INFO  impl.LeaderElection (LeaderElection.java:logAndReturn(93)) -   Response 0: s2<-s1#0:OK-t0
2023-03-06 08:13:40,190 [s2@group-B349ED2EEE2C-LeaderElection3] INFO  impl.LeaderElection (LeaderElection.java:askForVotes(311)) - s2@group-B349ED2EEE2C-LeaderElection3 PRE_VOTE round 1: result PASSED
2023-03-06 08:13:40,192 [s1@group-B349ED2EEE2C-LeaderElection2] INFO  impl.LeaderElection (LeaderElection.java:logAndReturn(89)) - s1@group-B349ED2EEE2C-LeaderElection2: PRE_VOTE PASSED received 1 response(s) and 0 exception(s):
2023-03-06 08:13:40,192 [s1@group-B349ED2EEE2C-LeaderElection2] INFO  impl.LeaderElection (LeaderElection.java:logAndReturn(93)) -   Response 0: s1<-s0#0:OK-t0
2023-03-06 08:13:40,192 [s1@group-B349ED2EEE2C-LeaderElection2] INFO  impl.LeaderElection (LeaderElection.java:askForVotes(311)) - s1@group-B349ED2EEE2C-LeaderElection2 PRE_VOTE round 1: result PASSED
2023-03-06 08:13:40,193 [s2@group-B349ED2EEE2C-LeaderElection3] INFO  impl.LeaderElection (LeaderElection.java:askForVotes(309)) - s2@group-B349ED2EEE2C-LeaderElection3 ELECTION round 0: submit vote requests at term 1 for -1: peers:[s0|rpc:localhost:37609|admin:localhost:42785|client:localhost:34827|dataStream:localhost:38843|priority:0|startupRole:FOLLOWER, s1|rpc:localhost:46689|admin:localhost:39169|client:localhost:42699|dataStream:localhost:34391|priority:0|startupRole:FOLLOWER, s2|rpc:localhost:33055|admin:localhost:41791|client:localhost:37557|dataStream:localhost:45779|priority:0|startupRole:FOLLOWER]|listeners:[], old=null
2023-03-06 08:13:40,194 [s1@group-B349ED2EEE2C-LeaderElection2] INFO  impl.LeaderElection (LeaderElection.java:askForVotes(309)) - s1@group-B349ED2EEE2C-LeaderElection2 ELECTION round 0: submit vote requests at term 1 for -1: peers:[s0|rpc:localhost:37609|admin:localhost:42785|client:localhost:34827|dataStream:localhost:38843|priority:0|startupRole:FOLLOWER, s1|rpc:localhost:46689|admin:localhost:39169|client:localhost:42699|dataStream:localhost:34391|priority:0|startupRole:FOLLOWER, s2|rpc:localhost:33055|admin:localhost:41791|client:localhost:37557|dataStream:localhost:45779|priority:0|startupRole:FOLLOWER]|listeners:[], old=null
2023-03-06 08:13:40,202 [grpc-default-executor-0] INFO  server.RaftServer$Division (RaftServerImpl.java:requestVote(1302)) - s2@group-B349ED2EEE2C: receive requestVote(ELECTION, s0, group-B349ED2EEE2C, 1, (t:0, i:0))
2023-03-06 08:13:40,202 [grpc-default-executor-0] INFO  impl.VoteContext (VoteContext.java:log(49)) - s2@group-B349ED2EEE2C-CANDIDATE: reject ELECTION from s0: already has voted for s2 at current term 1
2023-03-06 08:13:40,202 [grpc-default-executor-0] INFO  server.RaftServer$Division (RaftServerImpl.java:requestVote(1335)) - s2@group-B349ED2EEE2C replies to ELECTION vote request: s0<-s2#0:FAIL-t1. Peer's state: s2@group-B349ED2EEE2C:t1, leader=null, voted=s2, raftlog=Memoized:s2@group-B349ED2EEE2C-SegmentedRaftLog:OPENED:c-1, conf=-1: peers:[s0|rpc:localhost:37609|admin:localhost:42785|client:localhost:34827|dataStream:localhost:38843|priority:0|startupRole:FOLLOWER, s1|rpc:localhost:46689|admin:localhost:39169|client:localhost:42699|dataStream:localhost:34391|priority:0|startupRole:FOLLOWER, s2|rpc:localhost:33055|admin:localhost:41791|client:localhost:37557|dataStream:localhost:45779|priority:0|startupRole:FOLLOWER]|listeners:[], old=null
2023-03-06 08:13:40,203 [grpc-default-executor-6] INFO  server.RaftServer$Division (RaftServerImpl.java:requestVote(1302)) - s1@group-B349ED2EEE2C: receive requestVote(ELECTION, s0, group-B349ED2EEE2C, 1, (t:0, i:0))
2023-03-06 08:13:40,208 [grpc-default-executor-6] INFO  impl.VoteContext (VoteContext.java:log(49)) - s1@group-B349ED2EEE2C-CANDIDATE: reject ELECTION from s0: already has voted for s1 at current term 1
2023-03-06 08:13:40,208 [grpc-default-executor-6] INFO  server.RaftServer$Division (RaftServerImpl.java:requestVote(1335)) - s1@group-B349ED2EEE2C replies to ELECTION vote request: s0<-s1#0:FAIL-t1. Peer's state: s1@group-B349ED2EEE2C:t1, leader=null, voted=s1, raftlog=Memoized:s1@group-B349ED2EEE2C-SegmentedRaftLog:OPENED:c-1, conf=-1: peers:[s0|rpc:localhost:37609|admin:localhost:42785|client:localhost:34827|dataStream:localhost:38843|priority:0|startupRole:FOLLOWER, s1|rpc:localhost:46689|admin:localhost:39169|client:localhost:42699|dataStream:localhost:34391|priority:0|startupRole:FOLLOWER, s2|rpc:localhost:33055|admin:localhost:41791|client:localhost:37557|dataStream:localhost:45779|priority:0|startupRole:FOLLOWER]|listeners:[], old=null
2023-03-06 08:13:40,202 [grpc-default-executor-1] INFO  server.RaftServer$Division (RaftServerImpl.java:requestVote(1302)) - s0@group-B349ED2EEE2C: receive requestVote(ELECTION, s1, group-B349ED2EEE2C, 1, (t:0, i:0))
2023-03-06 08:13:40,211 [grpc-default-executor-1] INFO  impl.VoteContext (VoteContext.java:log(49)) - s0@group-B349ED2EEE2C-CANDIDATE: reject ELECTION from s1: already has voted for s0 at current term 1
2023-03-06 08:13:40,211 [grpc-default-executor-0] INFO  server.RaftServer$Division (RaftServerImpl.java:requestVote(1302)) - s1@group-B349ED2EEE2C: receive requestVote(ELECTION, s2, group-B349ED2EEE2C, 1, (t:0, i:0))
2023-03-06 08:13:40,212 [grpc-default-executor-0] INFO  impl.VoteContext (VoteContext.java:log(49)) - s1@group-B349ED2EEE2C-CANDIDATE: reject ELECTION from s2: already has voted for s1 at current term 1
2023-03-06 08:13:40,212 [grpc-default-executor-0] INFO  server.RaftServer$Division (RaftServerImpl.java:requestVote(1335)) - s1@group-B349ED2EEE2C replies to ELECTION vote request: s2<-s1#0:FAIL-t1. Peer's state: s1@group-B349ED2EEE2C:t1, leader=null, voted=s1, raftlog=Memoized:s1@group-B349ED2EEE2C-SegmentedRaftLog:OPENED:c-1, conf=-1: peers:[s0|rpc:localhost:37609|admin:localhost:42785|client:localhost:34827|dataStream:localhost:38843|priority:0|startupRole:FOLLOWER, s1|rpc:localhost:46689|admin:localhost:39169|client:localhost:42699|dataStream:localhost:34391|priority:0|startupRole:FOLLOWER, s2|rpc:localhost:33055|admin:localhost:41791|client:localhost:37557|dataStream:localhost:45779|priority:0|startupRole:FOLLOWER]|listeners:[], old=null
2023-03-06 08:13:40,202 [s1@group-B349ED2EEE2C-LeaderElection2] INFO  server.RaftServerConfigKeys (ConfUtils.java:logFallback(53)) - raft.server.rpc.first-election.timeout.min = 150ms (fallback to raft.server.rpc.timeout.min)
2023-03-06 08:13:40,217 [s1@group-B349ED2EEE2C-LeaderElection2] INFO  server.RaftServerConfigKeys (ConfUtils.java:logFallback(53)) - raft.server.rpc.first-election.timeout.max = 300ms (fallback to raft.server.rpc.timeout.max)
2023-03-06 08:13:40,211 [grpc-default-executor-1] INFO  server.RaftServer$Division (RaftServerImpl.java:requestVote(1335)) - s0@group-B349ED2EEE2C replies to ELECTION vote request: s1<-s0#0:FAIL-t1. Peer's state: s0@group-B349ED2EEE2C:t1, leader=null, voted=s0, raftlog=Memoized:s0@group-B349ED2EEE2C-SegmentedRaftLog:OPENED:c-1, conf=-1: peers:[s0|rpc:localhost:37609|admin:localhost:42785|client:localhost:34827|dataStream:localhost:38843|priority:0|startupRole:FOLLOWER, s1|rpc:localhost:46689|admin:localhost:39169|client:localhost:42699|dataStream:localhost:34391|priority:0|startupRole:FOLLOWER, s2|rpc:localhost:33055|admin:localhost:41791|client:localhost:37557|dataStream:localhost:45779|priority:0|startupRole:FOLLOWER]|listeners:[], old=null
2023-03-06 08:13:40,211 [s0@group-B349ED2EEE2C-LeaderElection1] INFO  impl.LeaderElection (LeaderElection.java:logAndReturn(89)) - s0@group-B349ED2EEE2C-LeaderElection1: ELECTION REJECTED received 2 response(s) and 0 exception(s):
2023-03-06 08:13:40,218 [s0@group-B349ED2EEE2C-LeaderElection1] INFO  impl.LeaderElection (LeaderElection.java:logAndReturn(93)) -   Response 0: s0<-s1#0:FAIL-t1
2023-03-06 08:13:40,218 [s0@group-B349ED2EEE2C-LeaderElection1] INFO  impl.LeaderElection (LeaderElection.java:logAndReturn(93)) -   Response 1: s0<-s2#0:FAIL-t1
2023-03-06 08:13:40,218 [s0@group-B349ED2EEE2C-LeaderElection1] INFO  impl.LeaderElection (LeaderElection.java:askForVotes(311)) - s0@group-B349ED2EEE2C-LeaderElection1 ELECTION round 0: result REJECTED
2023-03-06 08:13:40,210 [grpc-default-executor-3] INFO  server.RaftServer$Division (RaftServerImpl.java:requestVote(1302)) - s0@group-B349ED2EEE2C: receive requestVote(ELECTION, s2, group-B349ED2EEE2C, 1, (t:0, i:0))
2023-03-06 08:13:40,210 [grpc-default-executor-4] INFO  server.RaftServer$Division (RaftServerImpl.java:requestVote(1302)) - s2@group-B349ED2EEE2C: receive requestVote(ELECTION, s1, group-B349ED2EEE2C, 1, (t:0, i:0))
2023-03-06 08:13:40,208 [s2@group-B349ED2EEE2C-LeaderElection3] INFO  server.RaftServerConfigKeys (ConfUtils.java:logFallback(53)) - raft.server.rpc.first-election.timeout.min = 150ms (fallback to raft.server.rpc.timeout.min)
2023-03-06 08:13:40,220 [s2@group-B349ED2EEE2C-LeaderElection3] INFO  server.RaftServerConfigKeys (ConfUtils.java:logFallback(53)) - raft.server.rpc.first-election.timeout.max = 300ms (fallback to raft.server.rpc.timeout.max)
2023-03-06 08:13:40,220 [s0@group-B349ED2EEE2C-LeaderElection1] INFO  server.RaftServer$Division (RaftServerImpl.java:setRole(329)) - s0@group-B349ED2EEE2C: changes role from CANDIDATE to FOLLOWER at term 1 for REJECTED
2023-03-06 08:13:40,220 [s0@group-B349ED2EEE2C-LeaderElection1] INFO  impl.RoleInfo (RoleInfo.java:shutdownLeaderElection(130)) - s0: shutdown s0@group-B349ED2EEE2C-LeaderElection1
2023-03-06 08:13:40,220 [grpc-default-executor-4] INFO  impl.VoteContext (VoteContext.java:log(49)) - s2@group-B349ED2EEE2C-CANDIDATE: reject ELECTION from s1: already has voted for s2 at current term 1
2023-03-06 08:13:40,221 [grpc-default-executor-4] INFO  server.RaftServer$Division (RaftServerImpl.java:requestVote(1335)) - s2@group-B349ED2EEE2C replies to ELECTION vote request: s1<-s2#0:FAIL-t1. Peer's state: s2@group-B349ED2EEE2C:t1, leader=null, voted=s2, raftlog=Memoized:s2@group-B349ED2EEE2C-SegmentedRaftLog:OPENED:c-1, conf=-1: peers:[s0|rpc:localhost:37609|admin:localhost:42785|client:localhost:34827|dataStream:localhost:38843|priority:0|startupRole:FOLLOWER, s1|rpc:localhost:46689|admin:localhost:39169|client:localhost:42699|dataStream:localhost:34391|priority:0|startupRole:FOLLOWER, s2|rpc:localhost:33055|admin:localhost:41791|client:localhost:37557|dataStream:localhost:45779|priority:0|startupRole:FOLLOWER]|listeners:[], old=null
2023-03-06 08:13:40,221 [s0@group-B349ED2EEE2C-LeaderElection1] INFO  impl.RoleInfo (RoleInfo.java:updateAndGet(139)) - s0: start s0@group-B349ED2EEE2C-FollowerState
2023-03-06 08:13:40,225 [s1@group-B349ED2EEE2C-LeaderElection2] INFO  impl.LeaderElection (LeaderElection.java:logAndReturn(89)) - s1@group-B349ED2EEE2C-LeaderElection2: ELECTION REJECTED received 2 response(s) and 0 exception(s):
2023-03-06 08:13:40,225 [s1@group-B349ED2EEE2C-LeaderElection2] INFO  impl.LeaderElection (LeaderElection.java:logAndReturn(93)) -   Response 0: s1<-s0#0:FAIL-t1
2023-03-06 08:13:40,225 [s1@group-B349ED2EEE2C-LeaderElection2] INFO  impl.LeaderElection (LeaderElection.java:logAndReturn(93)) -   Response 1: s1<-s2#0:FAIL-t1
2023-03-06 08:13:40,225 [s1@group-B349ED2EEE2C-LeaderElection2] INFO  impl.LeaderElection (LeaderElection.java:askForVotes(311)) - s1@group-B349ED2EEE2C-LeaderElection2 ELECTION round 0: result REJECTED
2023-03-06 08:13:40,225 [s1@group-B349ED2EEE2C-LeaderElection2] INFO  server.RaftServer$Division (RaftServerImpl.java:setRole(329)) - s1@group-B349ED2EEE2C: changes role from CANDIDATE to FOLLOWER at term 1 for REJECTED
2023-03-06 08:13:40,225 [s1@group-B349ED2EEE2C-LeaderElection2] INFO  impl.RoleInfo (RoleInfo.java:shutdownLeaderElection(130)) - s1: shutdown s1@group-B349ED2EEE2C-LeaderElection2
2023-03-06 08:13:40,225 [s1@group-B349ED2EEE2C-LeaderElection2] INFO  impl.RoleInfo (RoleInfo.java:updateAndGet(139)) - s1: start s1@group-B349ED2EEE2C-FollowerState
2023-03-06 08:13:40,226 [s1@group-B349ED2EEE2C-FollowerState] INFO  server.RaftServerConfigKeys (ConfUtils.java:logFallback(53)) - raft.server.rpc.first-election.timeout.min = 150ms (fallback to raft.server.rpc.timeout.min)
2023-03-06 08:13:40,226 [s1@group-B349ED2EEE2C-FollowerState] INFO  server.RaftServerConfigKeys (ConfUtils.java:logFallback(53)) - raft.server.rpc.first-election.timeout.max = 300ms (fallback to raft.server.rpc.timeout.max)
2023-03-06 08:13:40,226 [grpc-default-executor-3] INFO  impl.VoteContext (VoteContext.java:log(49)) - s0@group-B349ED2EEE2C-FOLLOWER: reject ELECTION from s2: already has voted for s0 at current term 1
2023-03-06 08:13:40,226 [grpc-default-executor-3] INFO  server.RaftServer$Division (RaftServerImpl.java:requestVote(1335)) - s0@group-B349ED2EEE2C replies to ELECTION vote request: s2<-s0#0:FAIL-t1. Peer's state: s0@group-B349ED2EEE2C:t1, leader=null, voted=s0, raftlog=Memoized:s0@group-B349ED2EEE2C-SegmentedRaftLog:OPENED:c-1, conf=-1: peers:[s0|rpc:localhost:37609|admin:localhost:42785|client:localhost:34827|dataStream:localhost:38843|priority:0|startupRole:FOLLOWER, s1|rpc:localhost:46689|admin:localhost:39169|client:localhost:42699|dataStream:localhost:34391|priority:0|startupRole:FOLLOWER, s2|rpc:localhost:33055|admin:localhost:41791|client:localhost:37557|dataStream:localhost:45779|priority:0|startupRole:FOLLOWER]|listeners:[], old=null
2023-03-06 08:13:40,227 [s0@group-B349ED2EEE2C-FollowerState] INFO  server.RaftServerConfigKeys (ConfUtils.java:logFallback(53)) - raft.server.rpc.first-election.timeout.min = 150ms (fallback to raft.server.rpc.timeout.min)
2023-03-06 08:13:40,227 [s0@group-B349ED2EEE2C-FollowerState] INFO  server.RaftServerConfigKeys (ConfUtils.java:logFallback(53)) - raft.server.rpc.first-election.timeout.max = 300ms (fallback to raft.server.rpc.timeout.max)
2023-03-06 08:13:40,228 [s2@group-B349ED2EEE2C-LeaderElection3] INFO  impl.LeaderElection (LeaderElection.java:logAndReturn(89)) - s2@group-B349ED2EEE2C-LeaderElection3: ELECTION REJECTED received 2 response(s) and 0 exception(s):
2023-03-06 08:13:40,228 [s2@group-B349ED2EEE2C-LeaderElection3] INFO  impl.LeaderElection (LeaderElection.java:logAndReturn(93)) -   Response 0: s2<-s0#0:FAIL-t1
2023-03-06 08:13:40,228 [s2@group-B349ED2EEE2C-LeaderElection3] INFO  impl.LeaderElection (LeaderElection.java:logAndReturn(93)) -   Response 1: s2<-s1#0:FAIL-t1
2023-03-06 08:13:40,228 [s2@group-B349ED2EEE2C-LeaderElection3] INFO  impl.LeaderElection (LeaderElection.java:askForVotes(311)) - s2@group-B349ED2EEE2C-LeaderElection3 ELECTION round 0: result REJECTED
2023-03-06 08:13:40,228 [s2@group-B349ED2EEE2C-LeaderElection3] INFO  server.RaftServer$Division (RaftServerImpl.java:setRole(329)) - s2@group-B349ED2EEE2C: changes role from CANDIDATE to FOLLOWER at term 1 for REJECTED
2023-03-06 08:13:40,228 [s2@group-B349ED2EEE2C-LeaderElection3] INFO  impl.RoleInfo (RoleInfo.java:shutdownLeaderElection(130)) - s2: shutdown s2@group-B349ED2EEE2C-LeaderElection3
2023-03-06 08:13:40,228 [s2@group-B349ED2EEE2C-LeaderElection3] INFO  impl.RoleInfo (RoleInfo.java:updateAndGet(139)) - s2: start s2@group-B349ED2EEE2C-FollowerState
2023-03-06 08:13:40,230 [s2@group-B349ED2EEE2C-FollowerState] INFO  server.RaftServerConfigKeys (ConfUtils.java:logFallback(53)) - raft.server.rpc.first-election.timeout.min = 150ms (fallback to raft.server.rpc.timeout.min)
2023-03-06 08:13:40,230 [s2@group-B349ED2EEE2C-FollowerState] INFO  server.RaftServerConfigKeys (ConfUtils.java:logFallback(53)) - raft.server.rpc.first-election.timeout.max = 300ms (fallback to raft.server.rpc.timeout.max)
2023-03-06 08:13:40,381 [s1@group-B349ED2EEE2C-FollowerState] INFO  impl.FollowerState (FollowerState.java:run(143)) - s1@group-B349ED2EEE2C-FollowerState: change to CANDIDATE, lastRpcElapsedTime:155846552ns, electionTimeout:155ms
2023-03-06 08:13:40,381 [s1@group-B349ED2EEE2C-FollowerState] INFO  impl.RoleInfo (RoleInfo.java:shutdownFollowerState(110)) - s1: shutdown s1@group-B349ED2EEE2C-FollowerState
2023-03-06 08:13:40,381 [s1@group-B349ED2EEE2C-FollowerState] INFO  server.RaftServer$Division (RaftServerImpl.java:setRole(329)) - s1@group-B349ED2EEE2C: changes role from  FOLLOWER to CANDIDATE at term 1 for changeToCandidate
2023-03-06 08:13:40,382 [s1@group-B349ED2EEE2C-FollowerState] INFO  server.RaftServerConfigKeys (ConfUtils.java:logGet(46)) - raft.server.leaderelection.pre-vote = true (default)
2023-03-06 08:13:40,382 [s1@group-B349ED2EEE2C-FollowerState] INFO  impl.RoleInfo (RoleInfo.java:updateAndGet(139)) - s1: start s1@group-B349ED2EEE2C-LeaderElection4
2023-03-06 08:13:40,385 [s0@group-B349ED2EEE2C-FollowerState] INFO  impl.FollowerState (FollowerState.java:run(143)) - s0@group-B349ED2EEE2C-FollowerState: change to CANDIDATE, lastRpcElapsedTime:164176440ns, electionTimeout:155ms
2023-03-06 08:13:40,385 [s0@group-B349ED2EEE2C-FollowerState] INFO  impl.RoleInfo (RoleInfo.java:shutdownFollowerState(110)) - s0: shutdown s0@group-B349ED2EEE2C-FollowerState
2023-03-06 08:13:40,385 [s0@group-B349ED2EEE2C-FollowerState] INFO  server.RaftServer$Division (RaftServerImpl.java:setRole(329)) - s0@group-B349ED2EEE2C: changes role from  FOLLOWER to CANDIDATE at term 1 for changeToCandidate
2023-03-06 08:13:40,385 [s0@group-B349ED2EEE2C-FollowerState] INFO  server.RaftServerConfigKeys (ConfUtils.java:logGet(46)) - raft.server.leaderelection.pre-vote = true (default)
2023-03-06 08:13:40,385 [s0@group-B349ED2EEE2C-FollowerState] INFO  impl.RoleInfo (RoleInfo.java:updateAndGet(139)) - s0: start s0@group-B349ED2EEE2C-LeaderElection5
2023-03-06 08:13:40,385 [s1@group-B349ED2EEE2C-LeaderElection4] INFO  impl.LeaderElection (LeaderElection.java:askForVotes(309)) - s1@group-B349ED2EEE2C-LeaderElection4 PRE_VOTE round 0: submit vote requests at term 1 for -1: peers:[s0|rpc:localhost:37609|admin:localhost:42785|client:localhost:34827|dataStream:localhost:38843|priority:0|startupRole:FOLLOWER, s1|rpc:localhost:46689|admin:localhost:39169|client:localhost:42699|dataStream:localhost:34391|priority:0|startupRole:FOLLOWER, s2|rpc:localhost:33055|admin:localhost:41791|client:localhost:37557|dataStream:localhost:45779|priority:0|startupRole:FOLLOWER]|listeners:[], old=null
2023-03-06 08:13:40,386 [s0@group-B349ED2EEE2C-LeaderElection5] INFO  impl.LeaderElection (LeaderElection.java:askForVotes(309)) - s0@group-B349ED2EEE2C-LeaderElection5 PRE_VOTE round 0: submit vote requests at term 1 for -1: peers:[s0|rpc:localhost:37609|admin:localhost:42785|client:localhost:34827|dataStream:localhost:38843|priority:0|startupRole:FOLLOWER, s1|rpc:localhost:46689|admin:localhost:39169|client:localhost:42699|dataStream:localhost:34391|priority:0|startupRole:FOLLOWER, s2|rpc:localhost:33055|admin:localhost:41791|client:localhost:37557|dataStream:localhost:45779|priority:0|startupRole:FOLLOWER]|listeners:[], old=null
2023-03-06 08:13:40,387 [s1@group-B349ED2EEE2C-LeaderElection4] INFO  server.RaftServerConfigKeys (ConfUtils.java:logFallback(53)) - raft.server.rpc.first-election.timeout.min = 150ms (fallback to raft.server.rpc.timeout.min)
2023-03-06 08:13:40,387 [s1@group-B349ED2EEE2C-LeaderElection4] INFO  server.RaftServerConfigKeys (ConfUtils.java:logFallback(53)) - raft.server.rpc.first-election.timeout.max = 300ms (fallback to raft.server.rpc.timeout.max)
2023-03-06 08:13:40,389 [s0@group-B349ED2EEE2C-LeaderElection5] INFO  server.RaftServerConfigKeys (ConfUtils.java:logFallback(53)) - raft.server.rpc.first-election.timeout.min = 150ms (fallback to raft.server.rpc.timeout.min)
2023-03-06 08:13:40,392 [s0@group-B349ED2EEE2C-LeaderElection5] INFO  server.RaftServerConfigKeys (ConfUtils.java:logFallback(53)) - raft.server.rpc.first-election.timeout.max = 300ms (fallback to raft.server.rpc.timeout.max)
2023-03-06 08:13:40,392 [grpc-default-executor-0] INFO  server.RaftServer$Division (RaftServerImpl.java:requestVote(1302)) - s2@group-B349ED2EEE2C: receive requestVote(PRE_VOTE, s0, group-B349ED2EEE2C, 1, (t:0, i:0))
2023-03-06 08:13:40,392 [grpc-default-executor-0] INFO  impl.VoteContext (VoteContext.java:log(49)) - s2@group-B349ED2EEE2C-FOLLOWER: accept PRE_VOTE from s0: our priority 0 <= candidate's priority 0
2023-03-06 08:13:40,392 [grpc-default-executor-4] INFO  server.RaftServer$Division (RaftServerImpl.java:requestVote(1302)) - s1@group-B349ED2EEE2C: receive requestVote(PRE_VOTE, s0, group-B349ED2EEE2C, 1, (t:0, i:0))
2023-03-06 08:13:40,393 [grpc-default-executor-4] INFO  impl.VoteContext (VoteContext.java:log(49)) - s1@group-B349ED2EEE2C-CANDIDATE: accept PRE_VOTE from s0: our priority 0 <= candidate's priority 0
2023-03-06 08:13:40,393 [grpc-default-executor-4] INFO  server.RaftServer$Division (RaftServerImpl.java:requestVote(1335)) - s1@group-B349ED2EEE2C replies to PRE_VOTE vote request: s0<-s1#0:OK-t1. Peer's state: s1@group-B349ED2EEE2C:t1, leader=null, voted=s1, raftlog=Memoized:s1@group-B349ED2EEE2C-SegmentedRaftLog:OPENED:c-1, conf=-1: peers:[s0|rpc:localhost:37609|admin:localhost:42785|client:localhost:34827|dataStream:localhost:38843|priority:0|startupRole:FOLLOWER, s1|rpc:localhost:46689|admin:localhost:39169|client:localhost:42699|dataStream:localhost:34391|priority:0|startupRole:FOLLOWER, s2|rpc:localhost:33055|admin:localhost:41791|client:localhost:37557|dataStream:localhost:45779|priority:0|startupRole:FOLLOWER]|listeners:[], old=null
2023-03-06 08:13:40,395 [grpc-default-executor-3] INFO  server.RaftServer$Division (RaftServerImpl.java:requestVote(1302)) - s0@group-B349ED2EEE2C: receive requestVote(PRE_VOTE, s1, group-B349ED2EEE2C, 1, (t:0, i:0))
2023-03-06 08:13:40,395 [grpc-default-executor-3] INFO  impl.VoteContext (VoteContext.java:log(49)) - s0@group-B349ED2EEE2C-CANDIDATE: accept PRE_VOTE from s1: our priority 0 <= candidate's priority 0
2023-03-06 08:13:40,395 [grpc-default-executor-3] INFO  server.RaftServer$Division (RaftServerImpl.java:requestVote(1335)) - s0@group-B349ED2EEE2C replies to PRE_VOTE vote request: s1<-s0#0:OK-t1. Peer's state: s0@group-B349ED2EEE2C:t1, leader=null, voted=s0, raftlog=Memoized:s0@group-B349ED2EEE2C-SegmentedRaftLog:OPENED:c-1, conf=-1: peers:[s0|rpc:localhost:37609|admin:localhost:42785|client:localhost:34827|dataStream:localhost:38843|priority:0|startupRole:FOLLOWER, s1|rpc:localhost:46689|admin:localhost:39169|client:localhost:42699|dataStream:localhost:34391|priority:0|startupRole:FOLLOWER, s2|rpc:localhost:33055|admin:localhost:41791|client:localhost:37557|dataStream:localhost:45779|priority:0|startupRole:FOLLOWER]|listeners:[], old=null
2023-03-06 08:13:40,396 [grpc-default-executor-0] INFO  server.RaftServer$Division (RaftServerImpl.java:requestVote(1335)) - s2@group-B349ED2EEE2C replies to PRE_VOTE vote request: s0<-s2#0:OK-t1. Peer's state: s2@group-B349ED2EEE2C:t1, leader=null, voted=s2, raftlog=Memoized:s2@group-B349ED2EEE2C-SegmentedRaftLog:OPENED:c-1, conf=-1: peers:[s0|rpc:localhost:37609|admin:localhost:42785|client:localhost:34827|dataStream:localhost:38843|priority:0|startupRole:FOLLOWER, s1|rpc:localhost:46689|admin:localhost:39169|client:localhost:42699|dataStream:localhost:34391|priority:0|startupRole:FOLLOWER, s2|rpc:localhost:33055|admin:localhost:41791|client:localhost:37557|dataStream:localhost:45779|priority:0|startupRole:FOLLOWER]|listeners:[], old=null
2023-03-06 08:13:40,399 [grpc-default-executor-0] INFO  server.RaftServer$Division (RaftServerImpl.java:requestVote(1302)) - s2@group-B349ED2EEE2C: receive requestVote(PRE_VOTE, s1, group-B349ED2EEE2C, 1, (t:0, i:0))
2023-03-06 08:13:40,399 [s1@group-B349ED2EEE2C-LeaderElection4] INFO  impl.LeaderElection (LeaderElection.java:logAndReturn(89)) - s1@group-B349ED2EEE2C-LeaderElection4: PRE_VOTE PASSED received 1 response(s) and 0 exception(s):
2023-03-06 08:13:40,402 [s1@group-B349ED2EEE2C-LeaderElection4] INFO  impl.LeaderElection (LeaderElection.java:logAndReturn(93)) -   Response 0: s1<-s0#0:OK-t1
2023-03-06 08:13:40,402 [s1@group-B349ED2EEE2C-LeaderElection4] INFO  impl.LeaderElection (LeaderElection.java:askForVotes(311)) - s1@group-B349ED2EEE2C-LeaderElection4 PRE_VOTE round 0: result PASSED
2023-03-06 08:13:40,403 [grpc-default-executor-0] INFO  impl.VoteContext (VoteContext.java:log(49)) - s2@group-B349ED2EEE2C-FOLLOWER: accept PRE_VOTE from s1: our priority 0 <= candidate's priority 0
2023-03-06 08:13:40,403 [grpc-default-executor-0] INFO  server.RaftServer$Division (RaftServerImpl.java:requestVote(1335)) - s2@group-B349ED2EEE2C replies to PRE_VOTE vote request: s1<-s2#0:OK-t1. Peer's state: s2@group-B349ED2EEE2C:t1, leader=null, voted=s2, raftlog=Memoized:s2@group-B349ED2EEE2C-SegmentedRaftLog:OPENED:c-1, conf=-1: peers:[s0|rpc:localhost:37609|admin:localhost:42785|client:localhost:34827|dataStream:localhost:38843|priority:0|startupRole:FOLLOWER, s1|rpc:localhost:46689|admin:localhost:39169|client:localhost:42699|dataStream:localhost:34391|priority:0|startupRole:FOLLOWER, s2|rpc:localhost:33055|admin:localhost:41791|client:localhost:37557|dataStream:localhost:45779|priority:0|startupRole:FOLLOWER]|listeners:[], old=null
2023-03-06 08:13:40,404 [s1@group-B349ED2EEE2C-LeaderElection4] INFO  impl.LeaderElection (LeaderElection.java:askForVotes(309)) - s1@group-B349ED2EEE2C-LeaderElection4 ELECTION round 0: submit vote requests at term 2 for -1: peers:[s0|rpc:localhost:37609|admin:localhost:42785|client:localhost:34827|dataStream:localhost:38843|priority:0|startupRole:FOLLOWER, s1|rpc:localhost:46689|admin:localhost:39169|client:localhost:42699|dataStream:localhost:34391|priority:0|startupRole:FOLLOWER, s2|rpc:localhost:33055|admin:localhost:41791|client:localhost:37557|dataStream:localhost:45779|priority:0|startupRole:FOLLOWER]|listeners:[], old=null
2023-03-06 08:13:40,405 [s0@group-B349ED2EEE2C-LeaderElection5] INFO  impl.LeaderElection (LeaderElection.java:logAndReturn(89)) - s0@group-B349ED2EEE2C-LeaderElection5: PRE_VOTE PASSED received 1 response(s) and 0 exception(s):
2023-03-06 08:13:40,410 [s0@group-B349ED2EEE2C-LeaderElection5] INFO  impl.LeaderElection (LeaderElection.java:logAndReturn(93)) -   Response 0: s0<-s2#0:OK-t1
2023-03-06 08:13:40,410 [s0@group-B349ED2EEE2C-LeaderElection5] INFO  impl.LeaderElection (LeaderElection.java:askForVotes(311)) - s0@group-B349ED2EEE2C-LeaderElection5 PRE_VOTE round 0: result PASSED
2023-03-06 08:13:40,412 [s1@group-B349ED2EEE2C-LeaderElection4] INFO  server.RaftServerConfigKeys (ConfUtils.java:logFallback(53)) - raft.server.rpc.first-election.timeout.min = 150ms (fallback to raft.server.rpc.timeout.min)
2023-03-06 08:13:40,412 [s1@group-B349ED2EEE2C-LeaderElection4] INFO  server.RaftServerConfigKeys (ConfUtils.java:logFallback(53)) - raft.server.rpc.first-election.timeout.max = 300ms (fallback to raft.server.rpc.timeout.max)
2023-03-06 08:13:40,413 [s2@group-B349ED2EEE2C-FollowerState] INFO  server.RaftServerConfigKeys (ConfUtils.java:logFallback(53)) - raft.server.rpc.first-election.timeout.min = 150ms (fallback to raft.server.rpc.timeout.min)
2023-03-06 08:13:40,413 [s2@group-B349ED2EEE2C-FollowerState] INFO  server.RaftServerConfigKeys (ConfUtils.java:logFallback(53)) - raft.server.rpc.first-election.timeout.max = 300ms (fallback to raft.server.rpc.timeout.max)
2023-03-06 08:13:40,413 [s0@group-B349ED2EEE2C-LeaderElection5] INFO  impl.LeaderElection (LeaderElection.java:askForVotes(309)) - s0@group-B349ED2EEE2C-LeaderElection5 ELECTION round 0: submit vote requests at term 2 for -1: peers:[s0|rpc:localhost:37609|admin:localhost:42785|client:localhost:34827|dataStream:localhost:38843|priority:0|startupRole:FOLLOWER, s1|rpc:localhost:46689|admin:localhost:39169|client:localhost:42699|dataStream:localhost:34391|priority:0|startupRole:FOLLOWER, s2|rpc:localhost:33055|admin:localhost:41791|client:localhost:37557|dataStream:localhost:45779|priority:0|startupRole:FOLLOWER]|listeners:[], old=null
2023-03-06 08:13:40,418 [grpc-default-executor-3] INFO  server.RaftServer$Division (RaftServerImpl.java:requestVote(1302)) - s2@group-B349ED2EEE2C: receive requestVote(ELECTION, s1, group-B349ED2EEE2C, 2, (t:0, i:0))
2023-03-06 08:13:40,418 [grpc-default-executor-3] INFO  impl.VoteContext (VoteContext.java:log(49)) - s2@group-B349ED2EEE2C-FOLLOWER: accept ELECTION from s1: our priority 0 <= candidate's priority 0
2023-03-06 08:13:40,418 [grpc-default-executor-3] INFO  server.RaftServer$Division (RaftServerImpl.java:setRole(329)) - s2@group-B349ED2EEE2C: changes role from  FOLLOWER to FOLLOWER at term 2 for candidate:s1
2023-03-06 08:13:40,418 [grpc-default-executor-3] INFO  impl.RoleInfo (RoleInfo.java:shutdownFollowerState(110)) - s2: shutdown s2@group-B349ED2EEE2C-FollowerState
2023-03-06 08:13:40,418 [grpc-default-executor-3] INFO  impl.RoleInfo (RoleInfo.java:updateAndGet(139)) - s2: start s2@group-B349ED2EEE2C-FollowerState
2023-03-06 08:13:40,418 [grpc-default-executor-1] INFO  server.RaftServer$Division (RaftServerImpl.java:requestVote(1302)) - s0@group-B349ED2EEE2C: receive requestVote(ELECTION, s1, group-B349ED2EEE2C, 2, (t:0, i:0))
2023-03-06 08:13:40,418 [grpc-default-executor-1] INFO  impl.VoteContext (VoteContext.java:log(49)) - s0@group-B349ED2EEE2C-CANDIDATE: reject ELECTION from s1: already has voted for s0 at current term 2
2023-03-06 08:13:40,419 [grpc-default-executor-1] INFO  server.RaftServer$Division (RaftServerImpl.java:requestVote(1335)) - s0@group-B349ED2EEE2C replies to ELECTION vote request: s1<-s0#0:FAIL-t2. Peer's state: s0@group-B349ED2EEE2C:t2, leader=null, voted=s0, raftlog=Memoized:s0@group-B349ED2EEE2C-SegmentedRaftLog:OPENED:c-1, conf=-1: peers:[s0|rpc:localhost:37609|admin:localhost:42785|client:localhost:34827|dataStream:localhost:38843|priority:0|startupRole:FOLLOWER, s1|rpc:localhost:46689|admin:localhost:39169|client:localhost:42699|dataStream:localhost:34391|priority:0|startupRole:FOLLOWER, s2|rpc:localhost:33055|admin:localhost:41791|client:localhost:37557|dataStream:localhost:45779|priority:0|startupRole:FOLLOWER]|listeners:[], old=null
2023-03-06 08:13:40,419 [s2@group-B349ED2EEE2C-FollowerState] INFO  impl.FollowerState (FollowerState.java:run(152)) - s2@group-B349ED2EEE2C-FollowerState was interrupted
2023-03-06 08:13:40,424 [s0@group-B349ED2EEE2C-LeaderElection5] INFO  server.RaftServerConfigKeys (ConfUtils.java:logFallback(53)) - raft.server.rpc.first-election.timeout.min = 150ms (fallback to raft.server.rpc.timeout.min)
2023-03-06 08:13:40,424 [s0@group-B349ED2EEE2C-LeaderElection5] INFO  server.RaftServerConfigKeys (ConfUtils.java:logFallback(53)) - raft.server.rpc.first-election.timeout.max = 300ms (fallback to raft.server.rpc.timeout.max)
2023-03-06 08:13:40,425 [s2@group-B349ED2EEE2C-FollowerState] INFO  server.RaftServerConfigKeys (ConfUtils.java:logFallback(53)) - raft.server.rpc.first-election.timeout.min = 150ms (fallback to raft.server.rpc.timeout.min)
2023-03-06 08:13:40,425 [s2@group-B349ED2EEE2C-FollowerState] INFO  server.RaftServerConfigKeys (ConfUtils.java:logFallback(53)) - raft.server.rpc.first-election.timeout.max = 300ms (fallback to raft.server.rpc.timeout.max)
2023-03-06 08:13:40,428 [grpc-default-executor-3] INFO  server.RaftServer$Division (RaftServerImpl.java:requestVote(1335)) - s2@group-B349ED2EEE2C replies to ELECTION vote request: s1<-s2#0:OK-t2. Peer's state: s2@group-B349ED2EEE2C:t2, leader=null, voted=s1, raftlog=Memoized:s2@group-B349ED2EEE2C-SegmentedRaftLog:OPENED:c-1, conf=-1: peers:[s0|rpc:localhost:37609|admin:localhost:42785|client:localhost:34827|dataStream:localhost:38843|priority:0|startupRole:FOLLOWER, s1|rpc:localhost:46689|admin:localhost:39169|client:localhost:42699|dataStream:localhost:34391|priority:0|startupRole:FOLLOWER, s2|rpc:localhost:33055|admin:localhost:41791|client:localhost:37557|dataStream:localhost:45779|priority:0|startupRole:FOLLOWER]|listeners:[], old=null
2023-03-06 08:13:40,430 [grpc-default-executor-1] INFO  server.RaftServer$Division (RaftServerImpl.java:requestVote(1302)) - s1@group-B349ED2EEE2C: receive requestVote(ELECTION, s0, group-B349ED2EEE2C, 2, (t:0, i:0))
2023-03-06 08:13:40,430 [grpc-default-executor-1] INFO  impl.VoteContext (VoteContext.java:log(49)) - s1@group-B349ED2EEE2C-CANDIDATE: reject ELECTION from s0: already has voted for s1 at current term 2
2023-03-06 08:13:40,430 [grpc-default-executor-1] INFO  server.RaftServer$Division (RaftServerImpl.java:requestVote(1335)) - s1@group-B349ED2EEE2C replies to ELECTION vote request: s0<-s1#0:FAIL-t2. Peer's state: s1@group-B349ED2EEE2C:t2, leader=null, voted=s1, raftlog=Memoized:s1@group-B349ED2EEE2C-SegmentedRaftLog:OPENED:c-1, conf=-1: peers:[s0|rpc:localhost:37609|admin:localhost:42785|client:localhost:34827|dataStream:localhost:38843|priority:0|startupRole:FOLLOWER, s1|rpc:localhost:46689|admin:localhost:39169|client:localhost:42699|dataStream:localhost:34391|priority:0|startupRole:FOLLOWER, s2|rpc:localhost:33055|admin:localhost:41791|client:localhost:37557|dataStream:localhost:45779|priority:0|startupRole:FOLLOWER]|listeners:[], old=null
2023-03-06 08:13:40,432 [s1@group-B349ED2EEE2C-LeaderElection4] INFO  impl.LeaderElection (LeaderElection.java:logAndReturn(89)) - s1@group-B349ED2EEE2C-LeaderElection4: ELECTION PASSED received 2 response(s) and 0 exception(s):
2023-03-06 08:13:40,432 [s1@group-B349ED2EEE2C-LeaderElection4] INFO  impl.LeaderElection (LeaderElection.java:logAndReturn(93)) -   Response 0: s1<-s0#0:FAIL-t2
2023-03-06 08:13:40,432 [s1@group-B349ED2EEE2C-LeaderElection4] INFO  impl.LeaderElection (LeaderElection.java:logAndReturn(93)) -   Response 1: s1<-s2#0:OK-t2
2023-03-06 08:13:40,432 [s1@group-B349ED2EEE2C-LeaderElection4] INFO  impl.LeaderElection (LeaderElection.java:askForVotes(311)) - s1@group-B349ED2EEE2C-LeaderElection4 ELECTION round 0: result PASSED
2023-03-06 08:13:40,432 [s1@group-B349ED2EEE2C-LeaderElection4] INFO  impl.RoleInfo (RoleInfo.java:shutdownLeaderElection(130)) - s1: shutdown s1@group-B349ED2EEE2C-LeaderElection4
2023-03-06 08:13:40,432 [s1@group-B349ED2EEE2C-LeaderElection4] INFO  server.RaftServer$Division (RaftServerImpl.java:setRole(329)) - s1@group-B349ED2EEE2C: changes role from CANDIDATE to LEADER at term 2 for changeToLeader
2023-03-06 08:13:40,432 [s1@group-B349ED2EEE2C-LeaderElection4] INFO  server.RaftServer$Division (ServerState.java:setLeader(260)) - s1@group-B349ED2EEE2C: change Leader from null to s1 at term 2 for becomeLeader, leader elected after 1257ms
2023-03-06 08:13:40,438 [grpc-default-executor-3] INFO  server.RaftServer$Division (RaftServerImpl.java:requestVote(1302)) - s2@group-B349ED2EEE2C: receive requestVote(ELECTION, s0, group-B349ED2EEE2C, 2, (t:0, i:0))
2023-03-06 08:13:40,438 [grpc-default-executor-3] INFO  impl.VoteContext (VoteContext.java:log(49)) - s2@group-B349ED2EEE2C-FOLLOWER: reject ELECTION from s0: already has voted for s1 at current term 2
2023-03-06 08:13:40,438 [grpc-default-executor-3] INFO  server.RaftServer$Division (RaftServerImpl.java:requestVote(1335)) - s2@group-B349ED2EEE2C replies to ELECTION vote request: s0<-s2#0:FAIL-t2. Peer's state: s2@group-B349ED2EEE2C:t2, leader=null, voted=s1, raftlog=Memoized:s2@group-B349ED2EEE2C-SegmentedRaftLog:OPENED:c-1, conf=-1: peers:[s0|rpc:localhost:37609|admin:localhost:42785|client:localhost:34827|dataStream:localhost:38843|priority:0|startupRole:FOLLOWER, s1|rpc:localhost:46689|admin:localhost:39169|client:localhost:42699|dataStream:localhost:34391|priority:0|startupRole:FOLLOWER, s2|rpc:localhost:33055|admin:localhost:41791|client:localhost:37557|dataStream:localhost:45779|priority:0|startupRole:FOLLOWER]|listeners:[], old=null
2023-03-06 08:13:40,439 [s0@group-B349ED2EEE2C-LeaderElection5] INFO  impl.LeaderElection (LeaderElection.java:logAndReturn(89)) - s0@group-B349ED2EEE2C-LeaderElection5: ELECTION REJECTED received 2 response(s) and 0 exception(s):
2023-03-06 08:13:40,440 [s0@group-B349ED2EEE2C-LeaderElection5] INFO  impl.LeaderElection (LeaderElection.java:logAndReturn(93)) -   Response 0: s0<-s1#0:FAIL-t2
2023-03-06 08:13:40,440 [s0@group-B349ED2EEE2C-LeaderElection5] INFO  impl.LeaderElection (LeaderElection.java:logAndReturn(93)) -   Response 1: s0<-s2#0:FAIL-t2
2023-03-06 08:13:40,440 [s0@group-B349ED2EEE2C-LeaderElection5] INFO  impl.LeaderElection (LeaderElection.java:askForVotes(311)) - s0@group-B349ED2EEE2C-LeaderElection5 ELECTION round 0: result REJECTED
2023-03-06 08:13:40,442 [s1@group-B349ED2EEE2C-LeaderElection4] INFO  server.RaftServerConfigKeys (ConfUtils.java:logGet(46)) - raft.server.staging.catchup.gap = 1000 (default)
2023-03-06 08:13:40,445 [s1@group-B349ED2EEE2C-LeaderElection4] INFO  server.RaftServerConfigKeys (ConfUtils.java:logGet(46)) - raft.server.write.element-limit = 4096 (default)
2023-03-06 08:13:40,445 [s0@group-B349ED2EEE2C-LeaderElection5] INFO  server.RaftServer$Division (RaftServerImpl.java:setRole(329)) - s0@group-B349ED2EEE2C: changes role from CANDIDATE to FOLLOWER at term 2 for REJECTED
2023-03-06 08:13:40,445 [s0@group-B349ED2EEE2C-LeaderElection5] INFO  impl.RoleInfo (RoleInfo.java:shutdownLeaderElection(130)) - s0: shutdown s0@group-B349ED2EEE2C-LeaderElection5
2023-03-06 08:13:40,445 [s0@group-B349ED2EEE2C-LeaderElection5] INFO  impl.RoleInfo (RoleInfo.java:updateAndGet(139)) - s0: start s0@group-B349ED2EEE2C-FollowerState
2023-03-06 08:13:40,447 [s1@group-B349ED2EEE2C-LeaderElection4] INFO  server.RaftServerConfigKeys (ConfUtils.java:logGet(46)) - raft.server.write.byte-limit = 64MB (=67108864) (default)
2023-03-06 08:13:40,450 [s1@group-B349ED2EEE2C-LeaderElection4] INFO  server.RaftServerConfigKeys (ConfUtils.java:logGet(46)) - raft.server.watch.timeout = 10s (default)
2023-03-06 08:13:40,450 [s0@group-B349ED2EEE2C-FollowerState] INFO  server.RaftServerConfigKeys (ConfUtils.java:logFallback(53)) - raft.server.rpc.first-election.timeout.min = 150ms (fallback to raft.server.rpc.timeout.min)
2023-03-06 08:13:40,450 [s1@group-B349ED2EEE2C-LeaderElection4] INFO  server.RaftServerConfigKeys (ConfUtils.java:logGet(46)) - raft.server.watch.timeout.denomination = 1s (default)
2023-03-06 08:13:40,450 [s1@group-B349ED2EEE2C-LeaderElection4] INFO  server.RaftServerConfigKeys (ConfUtils.java:logGet(46)) - raft.server.watch.element-limit = 65536 (default)
2023-03-06 08:13:40,451 [s0@group-B349ED2EEE2C-FollowerState] INFO  server.RaftServerConfigKeys (ConfUtils.java:logFallback(53)) - raft.server.rpc.first-election.timeout.max = 300ms (fallback to raft.server.rpc.timeout.max)
2023-03-06 08:13:40,455 [s1@group-B349ED2EEE2C-LeaderElection4] INFO  server.RaftServerConfigKeys (ConfUtils.java:logGet(46)) - raft.server.write.element-limit = 4096 (default)
2023-03-06 08:13:40,456 [s1@group-B349ED2EEE2C-LeaderElection4] INFO  server.RaftServerConfigKeys (ConfUtils.java:logGet(46)) - raft.server.write.follower.gap.ratio.max = -1.0 (default)
2023-03-06 08:13:40,463 [s1@group-B349ED2EEE2C-LeaderElection4] INFO  server.RaftServerConfigKeys (ConfUtils.java:logGet(46)) - raft.server.log.appender.snapshot.chunk.size.max = 16MB (=16777216) (default)
2023-03-06 08:13:40,463 [s1@group-B349ED2EEE2C-LeaderElection4] INFO  server.RaftServerConfigKeys (ConfUtils.java:logGet(46)) - raft.server.log.appender.buffer.byte-limit = 4MB (=4194304) (default)
2023-03-06 08:13:40,463 [s1@group-B349ED2EEE2C-LeaderElection4] INFO  server.RaftServerConfigKeys (ConfUtils.java:logGet(46)) - raft.server.log.appender.buffer.element-limit = 0 (default)
2023-03-06 08:13:40,465 [s1@group-B349ED2EEE2C-LeaderElection4] INFO  server.RaftServerConfigKeys (ConfUtils.java:logGet(46)) - raft.server.log.appender.wait-time.min = 10ms (default)
2023-03-06 08:13:40,466 [s1@group-B349ED2EEE2C-LeaderElection4] INFO  grpc.GrpcConfigKeys (ConfUtils.java:logGet(46)) - raft.grpc.server.leader.outstanding.appends.max = 128 (default)
2023-03-06 08:13:40,466 [s1@group-B349ED2EEE2C-LeaderElection4] INFO  server.RaftServerConfigKeys (ConfUtils.java:logGet(46)) - raft.server.rpc.request.timeout = 3000ms (default)
2023-03-06 08:13:40,466 [s1@group-B349ED2EEE2C-LeaderElection4] INFO  server.RaftServerConfigKeys (ConfUtils.java:logGet(46)) - raft.server.log.appender.install.snapshot.enabled = true (default)
2023-03-06 08:13:40,466 [s1@group-B349ED2EEE2C-LeaderElection4] INFO  grpc.GrpcConfigKeys (ConfUtils.java:logGet(46)) - raft.grpc.server.heartbeat.channel = false (custom)
2023-03-06 08:13:40,468 [s1@group-B349ED2EEE2C-LeaderElection4] INFO  server.RaftServerConfigKeys (ConfUtils.java:logGet(46)) - raft.server.log.appender.snapshot.chunk.size.max = 16MB (=16777216) (default)
2023-03-06 08:13:40,468 [s1@group-B349ED2EEE2C-LeaderElection4] INFO  server.RaftServerConfigKeys (ConfUtils.java:logGet(46)) - raft.server.log.appender.buffer.byte-limit = 4MB (=4194304) (default)
2023-03-06 08:13:40,468 [s1@group-B349ED2EEE2C-LeaderElection4] INFO  server.RaftServerConfigKeys (ConfUtils.java:logGet(46)) - raft.server.log.appender.buffer.element-limit = 0 (default)
2023-03-06 08:13:40,469 [s1@group-B349ED2EEE2C-LeaderElection4] INFO  server.RaftServerConfigKeys (ConfUtils.java:logGet(46)) - raft.server.log.appender.wait-time.min = 10ms (default)
2023-03-06 08:13:40,469 [s1@group-B349ED2EEE2C-LeaderElection4] INFO  grpc.GrpcConfigKeys (ConfUtils.java:logGet(46)) - raft.grpc.server.leader.outstanding.appends.max = 128 (default)
2023-03-06 08:13:40,469 [s1@group-B349ED2EEE2C-LeaderElection4] INFO  server.RaftServerConfigKeys (ConfUtils.java:logGet(46)) - raft.server.rpc.request.timeout = 3000ms (default)
2023-03-06 08:13:40,469 [s1@group-B349ED2EEE2C-LeaderElection4] INFO  server.RaftServerConfigKeys (ConfUtils.java:logGet(46)) - raft.server.log.appender.install.snapshot.enabled = true (default)
2023-03-06 08:13:40,469 [s1@group-B349ED2EEE2C-LeaderElection4] INFO  grpc.GrpcConfigKeys (ConfUtils.java:logGet(46)) - raft.grpc.server.heartbeat.channel = false (custom)
2023-03-06 08:13:40,470 [s1@group-B349ED2EEE2C-LeaderElection4] INFO  impl.RoleInfo (RoleInfo.java:updateAndGet(139)) - s1: start s1@group-B349ED2EEE2C-LeaderStateImpl
2023-03-06 08:13:40,481 [s1@group-B349ED2EEE2C-LeaderElection4] INFO  segmented.SegmentedRaftLogWorker (SegmentedRaftLogWorker.java:startLogSegment(426)) - s1@group-B349ED2EEE2C-SegmentedRaftLogWorker: Starting segment from index:0
2023-03-06 08:13:40,500 [Time-limited test] WARN  ratis.RaftTestUtil (JavaUtils.java:attempt(217)) - FAILED "waitForLeader-null-(expectLeader? true)", attempt #3/100: java.lang.IllegalStateException: Leader: s1@group-B349ED2EEE2C not ready, sleep 450ms and then retry.
java.lang.IllegalStateException: Leader: s1@group-B349ED2EEE2C not ready
	at org.apache.ratis.RaftTestUtil.lambda$waitForLeader$3(RaftTestUtil.java:114)
	at org.apache.ratis.util.JavaUtils.attempt(JavaUtils.java:211)
	at org.apache.ratis.util.JavaUtils.attemptRepeatedly(JavaUtils.java:197)
	at org.apache.ratis.RaftTestUtil.waitForLeader(RaftTestUtil.java:111)
	at org.apache.ratis.RaftTestUtil.waitForLeader(RaftTestUtil.java:92)
	at org.apache.ratis.RaftTestUtil.waitForLeader(RaftTestUtil.java:87)
	at org.apache.ratis.grpc.TestRaftServerWithGrpc.testRaftClientRequestMetrics(TestRaftServerWithGrpc.java:308)
	at org.apache.ratis.server.impl.MiniRaftCluster$Factory$Get.runWithNewCluster(MiniRaftCluster.java:141)
	at org.apache.ratis.server.impl.MiniRaftCluster$Factory$Get.runWithNewCluster(MiniRaftCluster.java:121)
	at org.apache.ratis.grpc.TestRaftServerWithGrpc.testRaftClientMetrics(TestRaftServerWithGrpc.java:219)
	at java.base/jdk.internal.reflect.NativeMethodAccessorImpl.invoke0(Native Method)
	at java.base/jdk.internal.reflect.NativeMethodAccessorImpl.invoke(NativeMethodAccessorImpl.java:62)
	at java.base/jdk.internal.reflect.DelegatingMethodAccessorImpl.invoke(DelegatingMethodAccessorImpl.java:43)
	at java.base/java.lang.reflect.Method.invoke(Method.java:566)
	at org.junit.runners.model.FrameworkMethod$1.runReflectiveCall(FrameworkMethod.java:59)
	at org.junit.internal.runners.model.ReflectiveCallable.run(ReflectiveCallable.java:12)
	at org.junit.runners.model.FrameworkMethod.invokeExplosively(FrameworkMethod.java:56)
	at org.junit.internal.runners.statements.InvokeMethod.evaluate(InvokeMethod.java:17)
	at org.junit.internal.runners.statements.RunBefores.evaluate(RunBefores.java:26)
	at org.junit.internal.runners.statements.RunAfters.evaluate(RunAfters.java:27)
	at org.junit.internal.runners.statements.FailOnTimeout$CallableStatement.call(FailOnTimeout.java:299)
	at org.junit.internal.runners.statements.FailOnTimeout$CallableStatement.call(FailOnTimeout.java:293)
	at java.base/java.util.concurrent.FutureTask.run(FutureTask.java:264)
	at java.base/java.lang.Thread.run(Thread.java:829)
2023-03-06 08:13:40,539 [s1@group-B349ED2EEE2C-LeaderElection4] INFO  server.RaftServer$Division (ServerState.java:setRaftConf(378)) - s1@group-B349ED2EEE2C: set configuration 0: peers:[s0|rpc:localhost:37609|admin:localhost:42785|client:localhost:34827|dataStream:localhost:38843|priority:0|startupRole:FOLLOWER, s1|rpc:localhost:46689|admin:localhost:39169|client:localhost:42699|dataStream:localhost:34391|priority:0|startupRole:FOLLOWER, s2|rpc:localhost:33055|admin:localhost:41791|client:localhost:37557|dataStream:localhost:45779|priority:0|startupRole:FOLLOWER]|listeners:[], old=null
2023-03-06 08:13:40,565 [s1@group-B349ED2EEE2C-SegmentedRaftLogWorker] INFO  segmented.SegmentedRaftLogWorker (SegmentedRaftLogWorker.java:execute(630)) - s1@group-B349ED2EEE2C-SegmentedRaftLogWorker: created new log segment /home/runner/work/ratis/ratis/ratis-test/target/test/data/2ac2c1d0/MiniRaftClusterWithGrpcf16dc9bc/s1/3a06a965-7db0-4d10-a7ce-b349ed2eee2c/current/log_inprogress_0
2023-03-06 08:13:40,571 [s2-server-thread1] INFO  server.RaftServer$Division (ServerState.java:setLeader(260)) - s2@group-B349ED2EEE2C: change Leader from null to s1 at term 2 for appendEntries, leader elected after 1388ms
2023-03-06 08:13:40,573 [s0-server-thread1] INFO  server.RaftServer$Division (ServerState.java:setLeader(260)) - s0@group-B349ED2EEE2C: change Leader from null to s1 at term 2 for appendEntries, leader elected after 1395ms
2023-03-06 08:13:40,583 [s2-server-thread1] INFO  server.RaftServer$Division (ServerState.java:setRaftConf(378)) - s2@group-B349ED2EEE2C: set configuration 0: peers:[s0|rpc:localhost:37609|admin:localhost:42785|client:localhost:34827|dataStream:localhost:38843|priority:0|startupRole:FOLLOWER, s1|rpc:localhost:46689|admin:localhost:39169|client:localhost:42699|dataStream:localhost:34391|priority:0|startupRole:FOLLOWER, s2|rpc:localhost:33055|admin:localhost:41791|client:localhost:37557|dataStream:localhost:45779|priority:0|startupRole:FOLLOWER]|listeners:[], old=null
2023-03-06 08:13:40,584 [s2-server-thread1] INFO  segmented.SegmentedRaftLogWorker (SegmentedRaftLogWorker.java:startLogSegment(426)) - s2@group-B349ED2EEE2C-SegmentedRaftLogWorker: Starting segment from index:0
2023-03-06 08:13:40,594 [s2@group-B349ED2EEE2C-SegmentedRaftLogWorker] INFO  segmented.SegmentedRaftLogWorker (SegmentedRaftLogWorker.java:execute(630)) - s2@group-B349ED2EEE2C-SegmentedRaftLogWorker: created new log segment /home/runner/work/ratis/ratis/ratis-test/target/test/data/2ac2c1d0/MiniRaftClusterWithGrpcf16dc9bc/s2/3a06a965-7db0-4d10-a7ce-b349ed2eee2c/current/log_inprogress_0
2023-03-06 08:13:40,609 [s0-server-thread1] INFO  server.RaftServer$Division (ServerState.java:setRaftConf(378)) - s0@group-B349ED2EEE2C: set configuration 0: peers:[s0|rpc:localhost:37609|admin:localhost:42785|client:localhost:34827|dataStream:localhost:38843|priority:0|startupRole:FOLLOWER, s1|rpc:localhost:46689|admin:localhost:39169|client:localhost:42699|dataStream:localhost:34391|priority:0|startupRole:FOLLOWER, s2|rpc:localhost:33055|admin:localhost:41791|client:localhost:37557|dataStream:localhost:45779|priority:0|startupRole:FOLLOWER]|listeners:[], old=null
2023-03-06 08:13:40,610 [s0-server-thread1] INFO  segmented.SegmentedRaftLogWorker (SegmentedRaftLogWorker.java:startLogSegment(426)) - s0@group-B349ED2EEE2C-SegmentedRaftLogWorker: Starting segment from index:0
2023-03-06 08:13:40,624 [s0@group-B349ED2EEE2C-SegmentedRaftLogWorker] INFO  segmented.SegmentedRaftLogWorker (SegmentedRaftLogWorker.java:execute(630)) - s0@group-B349ED2EEE2C-SegmentedRaftLogWorker: created new log segment /home/runner/work/ratis/ratis/ratis-test/target/test/data/2ac2c1d0/MiniRaftClusterWithGrpcf16dc9bc/s0/3a06a965-7db0-4d10-a7ce-b349ed2eee2c/current/log_inprogress_0
2023-03-06 08:13:40,951 [Time-limited test] INFO  ratis.RaftTestUtil (RaftTestUtil.java:waitForLeader(119)) - printing ALL groups
  s0:  RUNNING  FOLLOWER s0@group-B349ED2EEE2C:t2, leader=s1, voted=s0, raftlog=Memoized:s0@group-B349ED2EEE2C-SegmentedRaftLog:OPENED:c0, conf=0: peers:[s0|rpc:localhost:37609|admin:localhost:42785|client:localhost:34827|dataStream:localhost:38843|priority:0|startupRole:FOLLOWER, s1|rpc:localhost:46689|admin:localhost:39169|client:localhost:42699|dataStream:localhost:34391|priority:0|startupRole:FOLLOWER, s2|rpc:localhost:33055|admin:localhost:41791|client:localhost:37557|dataStream:localhost:45779|priority:0|startupRole:FOLLOWER]|listeners:[], old=null RUNNING
  s1:  RUNNING    LEADER s1@group-B349ED2EEE2C:t2, leader=s1, voted=s1, raftlog=Memoized:s1@group-B349ED2EEE2C-SegmentedRaftLog:OPENED:c0, conf=0: peers:[s0|rpc:localhost:37609|admin:localhost:42785|client:localhost:34827|dataStream:localhost:38843|priority:0|startupRole:FOLLOWER, s1|rpc:localhost:46689|admin:localhost:39169|client:localhost:42699|dataStream:localhost:34391|priority:0|startupRole:FOLLOWER, s2|rpc:localhost:33055|admin:localhost:41791|client:localhost:37557|dataStream:localhost:45779|priority:0|startupRole:FOLLOWER]|listeners:[], old=null RUNNING
  s2:  RUNNING  FOLLOWER s2@group-B349ED2EEE2C:t2, leader=s1, voted=s1, raftlog=Memoized:s2@group-B349ED2EEE2C-SegmentedRaftLog:OPENED:c0, conf=0: peers:[s0|rpc:localhost:37609|admin:localhost:42785|client:localhost:34827|dataStream:localhost:38843|priority:0|startupRole:FOLLOWER, s1|rpc:localhost:46689|admin:localhost:39169|client:localhost:42699|dataStream:localhost:34391|priority:0|startupRole:FOLLOWER, s2|rpc:localhost:33055|admin:localhost:41791|client:localhost:37557|dataStream:localhost:45779|priority:0|startupRole:FOLLOWER]|listeners:[], old=null RUNNING
2023-03-06 08:13:41,022 [Time-limited test] DEBUG client.GrpcClientProtocolClient (ConfUtils.java:logGet(46)) - raft.grpc.flow.control.window = 1MB (=1048576) (default)
2023-03-06 08:13:41,023 [Time-limited test] DEBUG client.GrpcClientProtocolClient (ConfUtils.java:logGet(46)) - raft.grpc.message.size.max = 64MB (=67108864) (default)
2023-03-06 08:13:41,154 [grpc-default-executor-3] TRACE client.GrpcClientProtocolClient (GrpcClientProtocolClient.java:onNext(311)) - client-97282884C53E->s0: receive RaftClientReply:client-97282884C53E->s0@group-B349ED2EEE2C, cid=0, FAILED org.apache.ratis.protocol.exceptions.NotLeaderException: Server s0@group-B349ED2EEE2C is not the leader s1|rpc:localhost:46689|admin:localhost:39169|client:localhost:42699|dataStream:localhost:34391|priority:0|startupRole:FOLLOWER, logIndex=0, commits[s0:c0, s1:c0, s2:c0]
2023-03-06 08:13:41,173 [timer5] DEBUG client.GrpcClientProtocolClient (ConfUtils.java:logGet(46)) - raft.grpc.flow.control.window = 1MB (=1048576) (default)
2023-03-06 08:13:41,173 [timer5] DEBUG client.GrpcClientProtocolClient (ConfUtils.java:logGet(46)) - raft.grpc.message.size.max = 64MB (=67108864) (default)
2023-03-06 08:13:41,214 [grpc-default-executor-0] TRACE client.GrpcClientProtocolClient (GrpcClientProtocolClient.java:onNext(311)) - client-97282884C53E->s1: receive RaftClientReply:client-97282884C53E->s1@group-B349ED2EEE2C, cid=0, SUCCESS, logIndex=0, commits[s1:c0, s0:c0, s2:c0]
2023-03-06 08:13:41,246 [s1@group-B349ED2EEE2C-StateMachineUpdater] INFO  impl.SimpleStateMachine4Testing (SimpleStateMachine4Testing.java:put(205)) - s1: put 1, testing -> (t:2, i:1), STATEMACHINELOGENTRY, 1@client-97282884C53E
2023-03-06 08:13:41,248 [grpc-default-executor-3] TRACE client.GrpcClientProtocolClient (GrpcClientProtocolClient.java:onNext(311)) - client-97282884C53E->s1: receive RaftClientReply:client-97282884C53E->s1@group-B349ED2EEE2C, cid=1, SUCCESS, logIndex=1, commits[s1:c1, s0:c0, s2:c0]
2023-03-06 08:13:41,254 [s2@group-B349ED2EEE2C-StateMachineUpdater] INFO  impl.SimpleStateMachine4Testing (SimpleStateMachine4Testing.java:put(205)) - s2: put 1, testing -> (t:2, i:1), STATEMACHINELOGENTRY, 1@client-97282884C53E
2023-03-06 08:13:41,263 [s0@group-B349ED2EEE2C-StateMachineUpdater] INFO  impl.SimpleStateMachine4Testing (SimpleStateMachine4Testing.java:put(205)) - s0: put 1, testing -> (t:2, i:1), STATEMACHINELOGENTRY, 1@client-97282884C53E
2023-03-06 08:13:41,311 [Time-limited test] INFO  impl.MiniRaftCluster (MiniRaftCluster.java:shutdown(831)) - ************************************************************** 
2023-03-06 08:13:41,311 [Time-limited test] INFO  impl.MiniRaftCluster (MiniRaftCluster.java:shutdown(832)) - *** 
2023-03-06 08:13:41,311 [Time-limited test] INFO  impl.MiniRaftCluster (MiniRaftCluster.java:shutdown(833)) - ***     Stopping MiniRaftClusterWithGrpc
2023-03-06 08:13:41,311 [Time-limited test] INFO  impl.MiniRaftCluster (MiniRaftCluster.java:shutdown(834)) - *** 
2023-03-06 08:13:41,311 [Time-limited test] INFO  impl.MiniRaftCluster (MiniRaftCluster.java:shutdown(835)) - ************************************************************** 
2023-03-06 08:13:41,311 [Time-limited test] INFO  impl.MiniRaftCluster (MiniRaftCluster.java:shutdown(836)) - printing ALL groups
  s0:  RUNNING  FOLLOWER s0@group-B349ED2EEE2C:t2, leader=s1, voted=s0, raftlog=Memoized:s0@group-B349ED2EEE2C-SegmentedRaftLog:OPENED:c2, conf=0: peers:[s0|rpc:localhost:37609|admin:localhost:42785|client:localhost:34827|dataStream:localhost:38843|priority:0|startupRole:FOLLOWER, s1|rpc:localhost:46689|admin:localhost:39169|client:localhost:42699|dataStream:localhost:34391|priority:0|startupRole:FOLLOWER, s2|rpc:localhost:33055|admin:localhost:41791|client:localhost:37557|dataStream:localhost:45779|priority:0|startupRole:FOLLOWER]|listeners:[], old=null RUNNING
  s1:  RUNNING    LEADER s1@group-B349ED2EEE2C:t2, leader=s1, voted=s1, raftlog=Memoized:s1@group-B349ED2EEE2C-SegmentedRaftLog:OPENED:c2, conf=0: peers:[s0|rpc:localhost:37609|admin:localhost:42785|client:localhost:34827|dataStream:localhost:38843|priority:0|startupRole:FOLLOWER, s1|rpc:localhost:46689|admin:localhost:39169|client:localhost:42699|dataStream:localhost:34391|priority:0|startupRole:FOLLOWER, s2|rpc:localhost:33055|admin:localhost:41791|client:localhost:37557|dataStream:localhost:45779|priority:0|startupRole:FOLLOWER]|listeners:[], old=null RUNNING
  s2:  RUNNING  FOLLOWER s2@group-B349ED2EEE2C:t2, leader=s1, voted=s1, raftlog=Memoized:s2@group-B349ED2EEE2C-SegmentedRaftLog:OPENED:c1, conf=0: peers:[s0|rpc:localhost:37609|admin:localhost:42785|client:localhost:34827|dataStream:localhost:38843|priority:0|startupRole:FOLLOWER, s1|rpc:localhost:46689|admin:localhost:39169|client:localhost:42699|dataStream:localhost:34391|priority:0|startupRole:FOLLOWER, s2|rpc:localhost:33055|admin:localhost:41791|client:localhost:37557|dataStream:localhost:45779|priority:0|startupRole:FOLLOWER]|listeners:[], old=null RUNNING
2023-03-06 08:13:41,332 [MiniRaftCluster-2] INFO  server.RaftServer (RaftServerProxy.java:lambda$close$7(417)) - s1: close
2023-03-06 08:13:41,345 [s1-impl-thread1] INFO  server.RaftServer$Division (RaftServerImpl.java:lambda$close$4(466)) - s1@group-B349ED2EEE2C: shutdown
2023-03-06 08:13:41,345 [s1-impl-thread1] INFO  util.JmxRegister (JmxRegister.java:unregister(73)) - Successfully un-registered JMX Bean with object name Ratis:service=RaftServer,group=group-B349ED2EEE2C,id=s1
2023-03-06 08:13:41,345 [s1-impl-thread1] INFO  impl.RoleInfo (RoleInfo.java:shutdownLeaderState(93)) - s1: shutdown s1@group-B349ED2EEE2C-LeaderStateImpl
2023-03-06 08:13:41,346 [s1-impl-thread1] INFO  impl.PendingRequests (PendingRequests.java:sendNotLeaderResponses(282)) - s1@group-B349ED2EEE2C-PendingRequests: sendNotLeaderResponses
2023-03-06 08:13:41,345 [MiniRaftCluster-2] INFO  server.GrpcService (GrpcService.java:closeImpl(311)) - s1: shutdown server org.apache.ratis.grpc.server.GrpcClientProtocolService now
2023-03-06 08:13:41,351 [s1-impl-thread1] INFO  impl.StateMachineUpdater (StateMachineUpdater.java:stopAndJoin(154)) - s1@group-B349ED2EEE2C-StateMachineUpdater: set stopIndex = 2
2023-03-06 08:13:41,351 [s1-impl-thread1] INFO  server.RaftServer$Division (ServerState.java:close(414)) - s1@group-B349ED2EEE2C: applyIndex: 2
2023-03-06 08:13:41,353 [s1@group-B349ED2EEE2C->s0-GrpcLogAppender-LogAppenderDaemon] ERROR leader.LogAppenderDaemon (LogAppenderDaemon.java:run(87)) - s1@group-B349ED2EEE2C->s0-GrpcLogAppender-LogAppenderDaemon failed
java.lang.IllegalStateException: s1@group-B349ED2EEE2C-SegmentedRaftLog is expected to be opened but it is CLOSED
	at org.apache.ratis.util.OpenCloseState.assertOpen(OpenCloseState.java:63)
	at org.apache.ratis.server.raftlog.RaftLogBase.checkLogState(RaftLogBase.java:111)
	at org.apache.ratis.server.raftlog.segmented.SegmentedRaftLog.getLastEntryTermIndex(SegmentedRaftLog.java:341)
	at org.apache.ratis.server.raftlog.RaftLog.getNextIndex(RaftLog.java:83)
	at org.apache.ratis.server.leader.LogAppender.hasAppendEntries(LogAppender.java:166)
	at org.apache.ratis.server.leader.LogAppender.shouldSendAppendEntries(LogAppender.java:161)
	at org.apache.ratis.server.leader.LogAppenderBase.shouldSendAppendEntries(LogAppenderBase.java:92)
	at org.apache.ratis.grpc.server.GrpcLogAppender.shouldSendAppendEntries(GrpcLogAppender.java:203)
	at org.apache.ratis.grpc.server.GrpcLogAppender.getWaitTimeMs(GrpcLogAppender.java:171)
	at org.apache.ratis.grpc.server.GrpcLogAppender.mayWait(GrpcLogAppender.java:188)
	at org.apache.ratis.grpc.server.GrpcLogAppender.run(GrpcLogAppender.java:139)
	at org.apache.ratis.server.leader.LogAppenderDaemon.run(LogAppenderDaemon.java:78)
	at java.base/java.lang.Thread.run(Thread.java:829)
Caused by: org.apache.ratis.util.OpenCloseState$CloseTrace: Close s1@group-B349ED2EEE2C-SegmentedRaftLog
	at org.apache.ratis.util.OpenCloseState.lambda$close$1(OpenCloseState.java:109)
	at java.base/java.util.concurrent.atomic.AtomicReference.getAndUpdate(AtomicReference.java:187)
	at org.apache.ratis.util.OpenCloseState.close(OpenCloseState.java:109)
	at org.apache.ratis.server.raftlog.RaftLogBase.close(RaftLogBase.java:365)
	at org.apache.ratis.server.raftlog.segmented.SegmentedRaftLog.close(SegmentedRaftLog.java:505)
	at org.apache.ratis.server.impl.ServerState.close(ServerState.java:418)
	at org.apache.ratis.server.impl.RaftServerImpl.lambda$close$4(RaftServerImpl.java:488)
	at org.apache.ratis.util.LifeCycle.lambda$checkStateAndClose$4(LifeCycle.java:299)
	at org.apache.ratis.util.LifeCycle.checkStateAndClose(LifeCycle.java:319)
	at org.apache.ratis.util.LifeCycle.checkStateAndClose(LifeCycle.java:297)
	at org.apache.ratis.server.impl.RaftServerImpl.close(RaftServerImpl.java:465)
	at org.apache.ratis.server.impl.RaftServerProxy$ImplMap.close(RaftServerProxy.java:135)
	at org.apache.ratis.server.impl.RaftServerProxy$ImplMap.lambda$close$0(RaftServerProxy.java:122)
	at org.apache.ratis.util.ConcurrentUtils.accept(ConcurrentUtils.java:188)
	at org.apache.ratis.util.ConcurrentUtils.lambda$parallelForEachAsync$4(ConcurrentUtils.java:180)
	at java.base/java.util.concurrent.ThreadPoolExecutor.runWorker(ThreadPoolExecutor.java:1128)
	at java.base/java.util.concurrent.ThreadPoolExecutor$Worker.run(ThreadPoolExecutor.java:628)
	... 1 more
2023-03-06 08:13:41,357 [MiniRaftCluster-1] INFO  server.RaftServer (RaftServerProxy.java:lambda$close$7(417)) - s0: close
2023-03-06 08:13:41,358 [MiniRaftCluster-3] INFO  server.RaftServer (RaftServerProxy.java:lambda$close$7(417)) - s2: close
2023-03-06 08:13:41,358 [Thread-87] INFO  server.GrpcServerProtocolClient (GrpcServerProtocolClient.java:close(101)) - s0 Close channels
2023-03-06 08:13:41,359 [Thread-89] INFO  server.GrpcServerProtocolClient (GrpcServerProtocolClient.java:close(101)) - s2 Close channels
2023-03-06 08:13:41,360 [MiniRaftCluster-1] INFO  server.GrpcService (GrpcService.java:closeImpl(311)) - s0: shutdown server org.apache.ratis.grpc.server.GrpcClientProtocolService now
2023-03-06 08:13:41,360 [s0-impl-thread1] INFO  server.RaftServer$Division (RaftServerImpl.java:lambda$close$4(466)) - s0@group-B349ED2EEE2C: shutdown
2023-03-06 08:13:41,360 [s0-impl-thread1] INFO  util.JmxRegister (JmxRegister.java:unregister(73)) - Successfully un-registered JMX Bean with object name Ratis:service=RaftServer,group=group-B349ED2EEE2C,id=s0
2023-03-06 08:13:41,360 [s0-impl-thread1] INFO  impl.RoleInfo (RoleInfo.java:shutdownFollowerState(110)) - s0: shutdown s0@group-B349ED2EEE2C-FollowerState
2023-03-06 08:13:41,360 [s0@group-B349ED2EEE2C-FollowerState] INFO  impl.FollowerState (FollowerState.java:run(152)) - s0@group-B349ED2EEE2C-FollowerState was interrupted
2023-03-06 08:13:41,358 [s1@group-B349ED2EEE2C->s2-GrpcLogAppender-LogAppenderDaemon] ERROR leader.LogAppenderDaemon (LogAppenderDaemon.java:run(87)) - s1@group-B349ED2EEE2C->s2-GrpcLogAppender-LogAppenderDaemon failed
java.lang.IllegalStateException: s1@group-B349ED2EEE2C-SegmentedRaftLog is expected to be opened but it is CLOSED
	at org.apache.ratis.util.OpenCloseState.assertOpen(OpenCloseState.java:63)
	at org.apache.ratis.server.raftlog.RaftLogBase.checkLogState(RaftLogBase.java:111)
	at org.apache.ratis.server.raftlog.segmented.SegmentedRaftLog.getLastEntryTermIndex(SegmentedRaftLog.java:341)
	at org.apache.ratis.server.raftlog.RaftLog.getNextIndex(RaftLog.java:83)
	at org.apache.ratis.server.leader.LogAppender.hasAppendEntries(LogAppender.java:166)
	at org.apache.ratis.server.leader.LogAppender.shouldSendAppendEntries(LogAppender.java:161)
	at org.apache.ratis.server.leader.LogAppenderBase.shouldSendAppendEntries(LogAppenderBase.java:92)
	at org.apache.ratis.grpc.server.GrpcLogAppender.shouldSendAppendEntries(GrpcLogAppender.java:203)
	at org.apache.ratis.grpc.server.GrpcLogAppender.getWaitTimeMs(GrpcLogAppender.java:171)
	at org.apache.ratis.grpc.server.GrpcLogAppender.mayWait(GrpcLogAppender.java:188)
	at org.apache.ratis.grpc.server.GrpcLogAppender.run(GrpcLogAppender.java:139)
	at org.apache.ratis.server.leader.LogAppenderDaemon.run(LogAppenderDaemon.java:78)
	at java.base/java.lang.Thread.run(Thread.java:829)
Caused by: org.apache.ratis.util.OpenCloseState$CloseTrace: Close s1@group-B349ED2EEE2C-SegmentedRaftLog
	at org.apache.ratis.util.OpenCloseState.lambda$close$1(OpenCloseState.java:109)
	at java.base/java.util.concurrent.atomic.AtomicReference.getAndUpdate(AtomicReference.java:187)
	at org.apache.ratis.util.OpenCloseState.close(OpenCloseState.java:109)
	at org.apache.ratis.server.raftlog.RaftLogBase.close(RaftLogBase.java:365)
	at org.apache.ratis.server.raftlog.segmented.SegmentedRaftLog.close(SegmentedRaftLog.java:505)
	at org.apache.ratis.server.impl.ServerState.close(ServerState.java:418)
	at org.apache.ratis.server.impl.RaftServerImpl.lambda$close$4(RaftServerImpl.java:488)
	at org.apache.ratis.util.LifeCycle.lambda$checkStateAndClose$4(LifeCycle.java:299)
	at org.apache.ratis.util.LifeCycle.checkStateAndClose(LifeCycle.java:319)
	at org.apache.ratis.util.LifeCycle.checkStateAndClose(LifeCycle.java:297)
	at org.apache.ratis.server.impl.RaftServerImpl.close(RaftServerImpl.java:465)
	at org.apache.ratis.server.impl.RaftServerProxy$ImplMap.close(RaftServerProxy.java:135)
	at org.apache.ratis.server.impl.RaftServerProxy$ImplMap.lambda$close$0(RaftServerProxy.java:122)
	at org.apache.ratis.util.ConcurrentUtils.accept(ConcurrentUtils.java:188)
	at org.apache.ratis.util.ConcurrentUtils.lambda$parallelForEachAsync$4(ConcurrentUtils.java:180)
	at java.base/java.util.concurrent.ThreadPoolExecutor.runWorker(ThreadPoolExecutor.java:1128)
	at java.base/java.util.concurrent.ThreadPoolExecutor$Worker.run(ThreadPoolExecutor.java:628)
	... 1 more
2023-03-06 08:13:41,361 [s2-impl-thread1] INFO  server.RaftServer$Division (RaftServerImpl.java:lambda$close$4(466)) - s2@group-B349ED2EEE2C: shutdown
2023-03-06 08:13:41,361 [MiniRaftCluster-3] INFO  server.GrpcService (GrpcService.java:closeImpl(311)) - s2: shutdown server org.apache.ratis.grpc.server.GrpcClientProtocolService now
2023-03-06 08:13:41,361 [s2-impl-thread1] INFO  util.JmxRegister (JmxRegister.java:unregister(73)) - Successfully un-registered JMX Bean with object name Ratis:service=RaftServer,group=group-B349ED2EEE2C,id=s2
2023-03-06 08:13:41,361 [s2-impl-thread1] INFO  impl.RoleInfo (RoleInfo.java:shutdownFollowerState(110)) - s2: shutdown s2@group-B349ED2EEE2C-FollowerState
2023-03-06 08:13:41,361 [s2@group-B349ED2EEE2C-FollowerState] INFO  impl.FollowerState (FollowerState.java:run(152)) - s2@group-B349ED2EEE2C-FollowerState was interrupted
2023-03-06 08:13:41,360 [s0-impl-thread1] INFO  impl.StateMachineUpdater (StateMachineUpdater.java:stopAndJoin(154)) - s0@group-B349ED2EEE2C-StateMachineUpdater: set stopIndex = 2
2023-03-06 08:13:41,369 [s0-impl-thread1] INFO  server.RaftServer$Division (ServerState.java:close(414)) - s0@group-B349ED2EEE2C: applyIndex: 2
2023-03-06 08:13:41,361 [s2-impl-thread1] INFO  impl.StateMachineUpdater (StateMachineUpdater.java:stopAndJoin(154)) - s2@group-B349ED2EEE2C-StateMachineUpdater: set stopIndex = 2
2023-03-06 08:13:41,370 [s2-impl-thread1] INFO  server.RaftServer$Division (ServerState.java:close(414)) - s2@group-B349ED2EEE2C: applyIndex: 2
2023-03-06 08:13:41,370 [Thread-92] INFO  server.GrpcServerProtocolClient (GrpcServerProtocolClient.java:close(101)) - s2 Close channels
2023-03-06 08:13:41,370 [Thread-91] INFO  server.GrpcServerProtocolClient (GrpcServerProtocolClient.java:close(101)) - s1 Close channels
2023-03-06 08:13:41,373 [MiniRaftCluster-1] INFO  server.GrpcService (GrpcService.java:closeImpl(320)) - s0: shutdown server org.apache.ratis.grpc.server.GrpcClientProtocolService successfully
2023-03-06 08:13:41,373 [MiniRaftCluster-1] INFO  server.GrpcService (GrpcService.java:closeImpl(311)) - s0: shutdown server GrpcServerProtocolService now
2023-03-06 08:13:41,375 [Thread-93] INFO  server.GrpcServerProtocolClient (GrpcServerProtocolClient.java:close(101)) - s0 Close channels
2023-03-06 08:13:41,378 [grpc-default-executor-3] WARN  server.GrpcServerProtocolService (LogUtils.java:warn(122)) - s0: installSnapshot onError, lastRequest: s1->s0#80-t2,previous=(t:2, i:1),leaderCommit=2,initializing? true,entries: size=1, first=(t:2, i:2), METADATAENTRY(c:1): org.apache.ratis.thirdparty.io.grpc.StatusRuntimeException: CANCELLED: client cancelled
2023-03-06 08:13:41,380 [grpc-default-executor-3] INFO  server.GrpcLogAppender (GrpcLogAppender.java:onError(406)) - s1@group-B349ED2EEE2C->s0-GrpcLogAppender is already stopped
2023-03-06 08:13:41,381 [Thread-94] INFO  server.GrpcServerProtocolClient (GrpcServerProtocolClient.java:close(101)) - s1 Close channels
2023-03-06 08:13:41,386 [MiniRaftCluster-3] INFO  server.GrpcService (GrpcService.java:closeImpl(320)) - s2: shutdown server org.apache.ratis.grpc.server.GrpcClientProtocolService successfully
2023-03-06 08:13:41,386 [MiniRaftCluster-3] INFO  server.GrpcService (GrpcService.java:closeImpl(311)) - s2: shutdown server GrpcServerProtocolService now
2023-03-06 08:13:41,387 [grpc-default-executor-3] WARN  server.GrpcServerProtocolService (LogUtils.java:warn(122)) - s2: installSnapshot onError, lastRequest: s1->s2#815-t2,previous=(t:2, i:1),leaderCommit=1,initializing? true,entries: size=1, first=(t:2, i:2), METADATAENTRY(c:1): org.apache.ratis.thirdparty.io.grpc.StatusRuntimeException: CANCELLED: client cancelled
2023-03-06 08:13:41,388 [MiniRaftCluster-1] INFO  server.GrpcService (GrpcService.java:closeImpl(320)) - s0: shutdown server GrpcServerProtocolService successfully
2023-03-06 08:13:41,388 [MiniRaftCluster-1] INFO  server.GrpcService (GrpcService.java:closeImpl(311)) - s0: shutdown server org.apache.ratis.grpc.server.GrpcAdminProtocolService now
2023-03-06 08:13:41,390 [grpc-default-executor-3] INFO  server.GrpcLogAppender (GrpcLogAppender.java:onError(406)) - s1@group-B349ED2EEE2C->s2-GrpcLogAppender is already stopped
2023-03-06 08:13:41,401 [MiniRaftCluster-1] INFO  server.GrpcService (GrpcService.java:closeImpl(320)) - s0: shutdown server org.apache.ratis.grpc.server.GrpcAdminProtocolService successfully
2023-03-06 08:13:41,401 [MiniRaftCluster-2] INFO  server.GrpcService (GrpcService.java:closeImpl(320)) - s1: shutdown server org.apache.ratis.grpc.server.GrpcClientProtocolService successfully
2023-03-06 08:13:41,401 [MiniRaftCluster-2] INFO  server.GrpcService (GrpcService.java:closeImpl(311)) - s1: shutdown server GrpcServerProtocolService now
2023-03-06 08:13:41,405 [MiniRaftCluster-3] INFO  server.GrpcService (GrpcService.java:closeImpl(320)) - s2: shutdown server GrpcServerProtocolService successfully
2023-03-06 08:13:41,405 [MiniRaftCluster-3] INFO  server.GrpcService (GrpcService.java:closeImpl(311)) - s2: shutdown server org.apache.ratis.grpc.server.GrpcAdminProtocolService now
2023-03-06 08:13:41,410 [MiniRaftCluster-2] INFO  server.GrpcService (GrpcService.java:closeImpl(320)) - s1: shutdown server GrpcServerProtocolService successfully
2023-03-06 08:13:41,410 [MiniRaftCluster-2] INFO  server.GrpcService (GrpcService.java:closeImpl(311)) - s1: shutdown server org.apache.ratis.grpc.server.GrpcAdminProtocolService now
2023-03-06 08:13:41,411 [MiniRaftCluster-3] INFO  server.GrpcService (GrpcService.java:closeImpl(320)) - s2: shutdown server org.apache.ratis.grpc.server.GrpcAdminProtocolService successfully
2023-03-06 08:13:41,414 [MiniRaftCluster-2] INFO  server.GrpcService (GrpcService.java:closeImpl(320)) - s1: shutdown server org.apache.ratis.grpc.server.GrpcAdminProtocolService successfully
2023-03-06 08:13:42,249 [s1-impl-thread1] INFO  segmented.SegmentedRaftLogWorker (SegmentedRaftLogWorker.java:close(242)) - s1@group-B349ED2EEE2C-SegmentedRaftLogWorker close()
2023-03-06 08:13:42,250 [JvmPauseMonitor1] INFO  util.JvmPauseMonitor (JvmPauseMonitor.java:run(109)) - JvmPauseMonitor-s1: Stopped
2023-03-06 08:13:42,254 [s2-impl-thread1] INFO  segmented.SegmentedRaftLogWorker (SegmentedRaftLogWorker.java:close(242)) - s2@group-B349ED2EEE2C-SegmentedRaftLogWorker close()
2023-03-06 08:13:42,255 [JvmPauseMonitor2] INFO  util.JvmPauseMonitor (JvmPauseMonitor.java:run(109)) - JvmPauseMonitor-s2: Stopped
2023-03-06 08:13:42,264 [s0-impl-thread1] INFO  segmented.SegmentedRaftLogWorker (SegmentedRaftLogWorker.java:close(242)) - s0@group-B349ED2EEE2C-SegmentedRaftLogWorker close()
2023-03-06 08:13:42,265 [JvmPauseMonitor0] INFO  util.JvmPauseMonitor (JvmPauseMonitor.java:run(109)) - JvmPauseMonitor-s0: Stopped
2023-03-06 08:13:42,266 [Time-limited test] INFO  impl.MiniRaftCluster (MiniRaftCluster.java:shutdown(855)) - MiniRaftClusterWithGrpc shutdown completed
]]></system-out>
  </testcase>
  <testcase name="testTlsWithKeyAndTrustManager[0]" classname="org.apache.ratis.grpc.TestRaftServerWithGrpc" time="2.885"/>
  <testcase name="testRaftServerMetrics[0]" classname="org.apache.ratis.grpc.TestRaftServerWithGrpc" time="1.949"/>
  <testcase name="testUnsupportedMethods[0]" classname="org.apache.ratis.grpc.TestRaftServerWithGrpc" time="1.242"/>
  <testcase name="testServerRestartOnException[0]" classname="org.apache.ratis.grpc.TestRaftServerWithGrpc" time="5.247"/>
  <testcase name="testLeaderRestart[0]" classname="org.apache.ratis.grpc.TestRaftServerWithGrpc" time="6.061"/>
  <testcase name="testRaftClientMetrics[1]" classname="org.apache.ratis.grpc.TestRaftServerWithGrpc" time="5.591"/>
  <testcase name="testTlsWithKeyAndTrustManager[1]" classname="org.apache.ratis.grpc.TestRaftServerWithGrpc" time="2.211"/>
  <testcase name="testRaftServerMetrics[1]" classname="org.apache.ratis.grpc.TestRaftServerWithGrpc" time="1.735"/>
  <testcase name="testUnsupportedMethods[1]" classname="org.apache.ratis.grpc.TestRaftServerWithGrpc" time="1.322"/>
  <testcase name="testServerRestartOnException[1]" classname="org.apache.ratis.grpc.TestRaftServerWithGrpc" time="5.292"/>
  <testcase name="testLeaderRestart[1]" classname="org.apache.ratis.grpc.TestRaftServerWithGrpc" time="5.938"/>
</testsuite>