<?xml version="1.0" encoding="UTF-8"?>
<testsuite xmlns:xsi="http://www.w3.org/2001/XMLSchema-instance" xsi:noNamespaceSchemaLocation="https://maven.apache.org/surefire/maven-surefire-plugin/xsd/surefire-test-report.xsd" name="org.apache.ratis.server.simulation.TestLeaderElectionWithSimulatedRpc" time="44.812" tests="16" errors="0" skipped="0" failures="1">
  <properties>
    <property name="awt.toolkit" value="sun.awt.X11.XToolkit"/>
    <property name="java.specification.version" value="11"/>
    <property name="sun.cpu.isalist" value=""/>
    <property name="sun.jnu.encoding" value="UTF-8"/>
    <property name="java.class.path" value="/home/runner/work/ratis/ratis/ratis-test/target/test-classes:/home/runner/work/ratis/ratis/ratis-test/target/classes:/home/runner/work/ratis/ratis/ratis-common/target/classes:/home/runner/.m2/repository/org/apache/ratis/ratis-thirdparty-misc/1.0.2/ratis-thirdparty-misc-1.0.2.jar:/home/runner/work/ratis/ratis/ratis-proto/target/ratis-proto-3.0.0-SNAPSHOT.jar:/home/runner/work/ratis/ratis/ratis-common/target/test-classes:/home/runner/work/ratis/ratis/ratis-client/target/classes:/home/runner/work/ratis/ratis/ratis-server/target/classes:/home/runner/work/ratis/ratis/ratis-server-api/target/classes:/home/runner/work/ratis/ratis/ratis-metrics/target/classes:/home/runner/work/ratis/ratis/ratis-server/target/test-classes:/home/runner/work/ratis/ratis/ratis-netty/target/classes:/home/runner/work/ratis/ratis/ratis-netty/target/test-classes:/home/runner/work/ratis/ratis/ratis-grpc/target/classes:/home/runner/work/ratis/ratis/ratis-grpc/target/test-classes:/home/runner/.m2/repository/org/slf4j/slf4j-api/1.7.29/slf4j-api-1.7.29.jar:/home/runner/.m2/repository/org/slf4j/slf4j-log4j12/1.7.29/slf4j-log4j12-1.7.29.jar:/home/runner/.m2/repository/log4j/log4j/1.2.17/log4j-1.2.17.jar:/home/runner/.m2/repository/junit/junit/4.13.2/junit-4.13.2.jar:/home/runner/.m2/repository/org/hamcrest/hamcrest-core/1.3/hamcrest-core-1.3.jar:/home/runner/.m2/repository/org/mockito/mockito-core/4.3.1/mockito-core-4.3.1.jar:/home/runner/.m2/repository/net/bytebuddy/byte-buddy/1.12.7/byte-buddy-1.12.7.jar:/home/runner/.m2/repository/net/bytebuddy/byte-buddy-agent/1.12.7/byte-buddy-agent-1.12.7.jar:/home/runner/.m2/repository/org/objenesis/objenesis/3.2/objenesis-3.2.jar:/home/runner/work/ratis/ratis/ratis-shell/target/classes:/home/runner/.m2/repository/commons-cli/commons-cli/1.5.0/commons-cli-1.5.0.jar:/home/runner/.m2/repository/org/slf4j/slf4j-simple/1.7.29/slf4j-simple-1.7.29.jar:/home/runner/.m2/repository/org/reflections/reflections/0.10.2/reflections-0.10.2.jar:/home/runner/.m2/repository/org/javassist/javassist/3.28.0-GA/javassist-3.28.0-GA.jar:/home/runner/.m2/repository/com/google/code/findbugs/jsr305/3.0.2/jsr305-3.0.2.jar:"/>
    <property name="java.vm.vendor" value="Eclipse Adoptium"/>
    <property name="sun.arch.data.model" value="64"/>
    <property name="java.vendor.url" value="https://adoptium.net/"/>
    <property name="user.timezone" value=""/>
    <property name="java.vm.specification.version" value="11"/>
    <property name="os.name" value="Linux"/>
    <property name="sun.java.launcher" value="SUN_STANDARD"/>
    <property name="sun.boot.library.path" value="/usr/lib/jvm/temurin-11-jdk-amd64/lib"/>
    <property name="sun.java.command" value="/home/runner/work/ratis/ratis/ratis-test/target/surefire/surefirebooter10915106105285019645.jar /home/runner/work/ratis/ratis/ratis-test/target/surefire 2022-08-26T16-56-53_720-jvmRun1 surefire10516025518166585446tmp surefire_1516008740587651851730tmp"/>
    <property name="jdk.debug" value="release"/>
    <property name="surefire.test.class.path" value="/home/runner/work/ratis/ratis/ratis-test/target/test-classes:/home/runner/work/ratis/ratis/ratis-test/target/classes:/home/runner/work/ratis/ratis/ratis-common/target/classes:/home/runner/.m2/repository/org/apache/ratis/ratis-thirdparty-misc/1.0.2/ratis-thirdparty-misc-1.0.2.jar:/home/runner/work/ratis/ratis/ratis-proto/target/ratis-proto-3.0.0-SNAPSHOT.jar:/home/runner/work/ratis/ratis/ratis-common/target/test-classes:/home/runner/work/ratis/ratis/ratis-client/target/classes:/home/runner/work/ratis/ratis/ratis-server/target/classes:/home/runner/work/ratis/ratis/ratis-server-api/target/classes:/home/runner/work/ratis/ratis/ratis-metrics/target/classes:/home/runner/work/ratis/ratis/ratis-server/target/test-classes:/home/runner/work/ratis/ratis/ratis-netty/target/classes:/home/runner/work/ratis/ratis/ratis-netty/target/test-classes:/home/runner/work/ratis/ratis/ratis-grpc/target/classes:/home/runner/work/ratis/ratis/ratis-grpc/target/test-classes:/home/runner/.m2/repository/org/slf4j/slf4j-api/1.7.29/slf4j-api-1.7.29.jar:/home/runner/.m2/repository/org/slf4j/slf4j-log4j12/1.7.29/slf4j-log4j12-1.7.29.jar:/home/runner/.m2/repository/log4j/log4j/1.2.17/log4j-1.2.17.jar:/home/runner/.m2/repository/junit/junit/4.13.2/junit-4.13.2.jar:/home/runner/.m2/repository/org/hamcrest/hamcrest-core/1.3/hamcrest-core-1.3.jar:/home/runner/.m2/repository/org/mockito/mockito-core/4.3.1/mockito-core-4.3.1.jar:/home/runner/.m2/repository/net/bytebuddy/byte-buddy/1.12.7/byte-buddy-1.12.7.jar:/home/runner/.m2/repository/net/bytebuddy/byte-buddy-agent/1.12.7/byte-buddy-agent-1.12.7.jar:/home/runner/.m2/repository/org/objenesis/objenesis/3.2/objenesis-3.2.jar:/home/runner/work/ratis/ratis/ratis-shell/target/classes:/home/runner/.m2/repository/commons-cli/commons-cli/1.5.0/commons-cli-1.5.0.jar:/home/runner/.m2/repository/org/slf4j/slf4j-simple/1.7.29/slf4j-simple-1.7.29.jar:/home/runner/.m2/repository/org/reflections/reflections/0.10.2/reflections-0.10.2.jar:/home/runner/.m2/repository/org/javassist/javassist/3.28.0-GA/javassist-3.28.0-GA.jar:/home/runner/.m2/repository/com/google/code/findbugs/jsr305/3.0.2/jsr305-3.0.2.jar:"/>
    <property name="sun.cpu.endian" value="little"/>
    <property name="user.home" value="/home/runner"/>
    <property name="user.language" value="en"/>
    <property name="java.specification.vendor" value="Oracle Corporation"/>
    <property name="java.version.date" value="2022-07-19"/>
    <property name="java.home" value="/usr/lib/jvm/temurin-11-jdk-amd64"/>
    <property name="file.separator" value="/"/>
    <property name="basedir" value="/home/runner/work/ratis/ratis/ratis-test"/>
    <property name="java.vm.compressedOopsMode" value="32-bit"/>
    <property name="line.separator" value="&#10;"/>
    <property name="java.specification.name" value="Java Platform API Specification"/>
    <property name="java.vm.specification.vendor" value="Oracle Corporation"/>
    <property name="java.awt.graphicsenv" value="sun.awt.X11GraphicsEnvironment"/>
    <property name="surefire.real.class.path" value="/home/runner/work/ratis/ratis/ratis-test/target/surefire/surefirebooter10915106105285019645.jar"/>
    <property name="sun.management.compiler" value="HotSpot 64-Bit Tiered Compilers"/>
    <property name="java.runtime.version" value="11.0.16+8"/>
    <property name="user.name" value="runner"/>
    <property name="java.net.preferIPv4Stack" value="true"/>
    <property name="path.separator" value=":"/>
    <property name="os.version" value="5.15.0-1017-azure"/>
    <property name="java.runtime.name" value="OpenJDK Runtime Environment"/>
    <property name="file.encoding" value="UTF-8"/>
    <property name="java.vm.name" value="OpenJDK 64-Bit Server VM"/>
    <property name="java.vendor.version" value="Temurin-11.0.16+8"/>
    <property name="localRepository" value="/home/runner/.m2/repository"/>
    <property name="java.vendor.url.bug" value="https://github.com/adoptium/adoptium-support/issues"/>
    <property name="java.io.tmpdir" value="/tmp"/>
    <property name="java.version" value="11.0.16"/>
    <property name="user.dir" value="/home/runner/work/ratis/ratis/ratis-test"/>
    <property name="os.arch" value="amd64"/>
    <property name="ratis.tmp.dir" value="/home/runner/work/ratis/ratis/ratis-test/target/tmp"/>
    <property name="java.vm.specification.name" value="Java Virtual Machine Specification"/>
    <property name="java.awt.printerjob" value="sun.print.PSPrinterJob"/>
    <property name="ratis.log.dir" value="/home/runner/work/ratis/ratis/ratis-test/target/log"/>
    <property name="sun.os.patch.level" value="unknown"/>
    <property name="java.library.path" value="/usr/java/packages/lib:/usr/lib64:/lib64:/lib:/usr/lib"/>
    <property name="java.vm.info" value="mixed mode"/>
    <property name="java.vendor" value="Eclipse Adoptium"/>
    <property name="java.vm.version" value="11.0.16+8"/>
    <property name="sun.io.unicode.encoding" value="UnicodeLittle"/>
    <property name="java.class.version" value="55.0"/>
  </properties>
  <testcase name="testRemoveListener" classname="org.apache.ratis.server.simulation.TestLeaderElectionWithSimulatedRpc" time="1.403"/>
  <testcase name="testEnforceLeader" classname="org.apache.ratis.server.simulation.TestLeaderElectionWithSimulatedRpc" time="10.513">
    <failure message="expected:&lt;s[0]&gt; but was:&lt;s[2]&gt;" type="org.junit.ComparisonFailure"><![CDATA[org.junit.ComparisonFailure: expected:<s[0]> but was:<s[2]>
	at org.junit.Assert.assertEquals(Assert.java:117)
	at org.junit.Assert.assertEquals(Assert.java:146)
	at org.apache.ratis.server.impl.LeaderElectionTests.enforceLeader(LeaderElectionTests.java:254)
	at org.apache.ratis.server.impl.LeaderElectionTests.testEnforceLeader(LeaderElectionTests.java:240)
	at java.base/jdk.internal.reflect.NativeMethodAccessorImpl.invoke0(Native Method)
	at java.base/jdk.internal.reflect.NativeMethodAccessorImpl.invoke(NativeMethodAccessorImpl.java:62)
	at java.base/jdk.internal.reflect.DelegatingMethodAccessorImpl.invoke(DelegatingMethodAccessorImpl.java:43)
	at java.base/java.lang.reflect.Method.invoke(Method.java:566)
	at org.junit.runners.model.FrameworkMethod$1.runReflectiveCall(FrameworkMethod.java:59)
	at org.junit.internal.runners.model.ReflectiveCallable.run(ReflectiveCallable.java:12)
	at org.junit.runners.model.FrameworkMethod.invokeExplosively(FrameworkMethod.java:56)
	at org.junit.internal.runners.statements.InvokeMethod.evaluate(InvokeMethod.java:17)
	at org.junit.internal.runners.statements.RunAfters.evaluate(RunAfters.java:27)
	at org.junit.internal.runners.statements.FailOnTimeout$CallableStatement.call(FailOnTimeout.java:299)
	at org.junit.internal.runners.statements.FailOnTimeout$CallableStatement.call(FailOnTimeout.java:293)
	at java.base/java.util.concurrent.FutureTask.run(FutureTask.java:264)
	at java.base/java.lang.Thread.run(Thread.java:829)
]]></failure>
    <system-out><![CDATA[2022-08-26 17:03:22,850 [main] INFO  util.LogUtils (Log4jUtils.java:setLogLevel(32)) - Set org.apache.ratis.conf.ConfUtils log level to WARN
2022-08-26 17:03:22,851 [main] INFO  util.LogUtils (Log4jUtils.java:setLogLevel(32)) - Set org.apache.ratis.util.FileUtils log level to TRACE
2022-08-26 17:03:22,851 [main] INFO  util.LogUtils (Log4jUtils.java:setLogLevel(32)) - Set org.apache.ratis.server.RaftServer$Division log level to DEBUG
2022-08-26 17:03:22,851 [main] INFO  util.LogUtils (Log4jUtils.java:setLogLevel(32)) - Set org.apache.ratis.client.RaftClient log level to DEBUG
2022-08-26 17:03:22,852 [Time-limited test] INFO  simulation.TestLeaderElectionWithSimulatedRpc (LeaderElectionTests.java:testEnforceLeader(228)) - Running testEnforceLeader
2022-08-26 17:03:22,852 [Time-limited test] INFO  simulation.MiniRaftClusterWithSimulatedRpc (ConfUtils.java:logGet(46)) - org.apache.ratis.server.simulation.SimulatedRequestReply.simulateLatencyMs = 150 (default)
2022-08-26 17:03:22,853 [Time-limited test] INFO  impl.MiniRaftCluster (MiniRaftCluster.java:<init>(304)) - new MiniRaftClusterWithSimulatedRpc with group-6458135C7B8A:[s3|rpc:localhost:34629|admin:localhost:38947|client:localhost:34343|dataStream:localhost:36131|priority:0|startupRole:FOLLOWER, s4|rpc:localhost:41115|admin:localhost:34281|client:localhost:37581|dataStream:localhost:43601|priority:0|startupRole:FOLLOWER, s0|rpc:localhost:41743|admin:localhost:42389|client:localhost:43463|dataStream:localhost:33005|priority:0|startupRole:FOLLOWER, s1|rpc:localhost:43623|admin:localhost:45655|client:localhost:33463|dataStream:localhost:33813|priority:0|startupRole:FOLLOWER, s2|rpc:localhost:37993|admin:localhost:44397|client:localhost:35825|dataStream:localhost:43663|priority:0|startupRole:FOLLOWER]
2022-08-26 17:03:22,853 [Time-limited test] INFO  impl.MiniRaftCluster (MiniRaftCluster.java:start(337)) - .............................................................. 
2022-08-26 17:03:22,853 [Time-limited test] INFO  impl.MiniRaftCluster (MiniRaftCluster.java:start(338)) - ... 
2022-08-26 17:03:22,853 [Time-limited test] INFO  impl.MiniRaftCluster (MiniRaftCluster.java:start(339)) - ...     Starting MiniRaftClusterWithSimulatedRpc
2022-08-26 17:03:22,853 [Time-limited test] INFO  impl.MiniRaftCluster (MiniRaftCluster.java:start(340)) - ... 
2022-08-26 17:03:22,853 [Time-limited test] INFO  impl.MiniRaftCluster (MiniRaftCluster.java:start(341)) - .............................................................. 
2022-08-26 17:03:22,853 [Time-limited test] INFO  impl.MiniRaftCluster (MiniRaftCluster.java:initServers(316)) - servers = {}
2022-08-26 17:03:22,853 [Time-limited test] INFO  impl.MiniRaftCluster (MiniRaftCluster.java:newRaftServer(380)) - newRaftServer: s3, group-6458135C7B8A:[s3|rpc:localhost:34629|admin:localhost:38947|client:localhost:34343|dataStream:localhost:36131|priority:0|startupRole:FOLLOWER, s4|rpc:localhost:41115|admin:localhost:34281|client:localhost:37581|dataStream:localhost:43601|priority:0|startupRole:FOLLOWER, s0|rpc:localhost:41743|admin:localhost:42389|client:localhost:43463|dataStream:localhost:33005|priority:0|startupRole:FOLLOWER, s1|rpc:localhost:43623|admin:localhost:45655|client:localhost:33463|dataStream:localhost:33813|priority:0|startupRole:FOLLOWER, s2|rpc:localhost:37993|admin:localhost:44397|client:localhost:35825|dataStream:localhost:43663|priority:0|startupRole:FOLLOWER], format? true
2022-08-26 17:03:22,853 [Time-limited test] TRACE util.FileUtils (FileUtils.java:deleteFully(168)) - deleteFully target/test/data/52ed935e/MiniRaftClusterWithSimulatedRpc6556e5ab/s3
2022-08-26 17:03:22,853 [Time-limited test] TRACE util.FileUtils (FileUtils.java:deleteFully(184)) - deleteFully: target/test/data/52ed935e/MiniRaftClusterWithSimulatedRpc6556e5ab/s3 does not exist.
2022-08-26 17:03:22,853 [Time-limited test] INFO  impl.MiniRaftCluster (MiniRaftCluster.java:newRaftServer(385)) - Formatted directory target/test/data/52ed935e/MiniRaftClusterWithSimulatedRpc6556e5ab/s3
2022-08-26 17:03:22,854 [Time-limited test] INFO  server.RaftServer (ConfUtils.java:logGet(46)) - raft.rpc.type = org.apache.ratis.server.simulation.SimulatedRpc (custom)
2022-08-26 17:03:22,854 [Time-limited test] INFO  impl.DataStreamServerImpl (ConfUtils.java:logGet(46)) - raft.datastream.type = DISABLED (default)
2022-08-26 17:03:22,854 [Time-limited test] INFO  server.RaftServerConfigKeys (ConfUtils.java:logGet(46)) - raft.server.threadpool.proxy.cached = true (default)
2022-08-26 17:03:22,854 [Time-limited test] INFO  server.RaftServerConfigKeys (ConfUtils.java:logGet(46)) - raft.server.threadpool.proxy.size = 0 (default)
2022-08-26 17:03:22,854 [Time-limited test] INFO  server.RaftServerConfigKeys (ConfUtils.java:logGet(46)) - raft.server.rpc.slowness.timeout = 60s (default)
2022-08-26 17:03:22,854 [Time-limited test] INFO  server.RaftServerConfigKeys (ConfUtils.java:logGet(46)) - raft.server.leaderelection.leader.step-down.wait-time = 10s (default)
2022-08-26 17:03:22,854 [Time-limited test] INFO  server.RaftServerConfigKeys (ConfUtils.java:logGet(46)) - raft.server.storage.dir = [/home/runner/work/ratis/ratis/ratis-test/target/test/data/52ed935e/MiniRaftClusterWithSimulatedRpc6556e5ab/s3] (custom)
2022-08-26 17:03:22,855 [Time-limited test] INFO  server.RaftServer (RaftServerProxy.java:addNew(97)) - s3: addNew group-6458135C7B8A:[s3|rpc:localhost:34629|admin:localhost:38947|client:localhost:34343|dataStream:localhost:36131|priority:0|startupRole:FOLLOWER, s4|rpc:localhost:41115|admin:localhost:34281|client:localhost:37581|dataStream:localhost:43601|priority:0|startupRole:FOLLOWER, s0|rpc:localhost:41743|admin:localhost:42389|client:localhost:43463|dataStream:localhost:33005|priority:0|startupRole:FOLLOWER, s1|rpc:localhost:43623|admin:localhost:45655|client:localhost:33463|dataStream:localhost:33813|priority:0|startupRole:FOLLOWER, s2|rpc:localhost:37993|admin:localhost:44397|client:localhost:35825|dataStream:localhost:43663|priority:0|startupRole:FOLLOWER] returns group-6458135C7B8A:java.util.concurrent.CompletableFuture@2be4d1d[Not completed]
2022-08-26 17:03:22,855 [Time-limited test] INFO  impl.MiniRaftCluster (MiniRaftCluster.java:newRaftServer(380)) - newRaftServer: s4, group-6458135C7B8A:[s3|rpc:localhost:34629|admin:localhost:38947|client:localhost:34343|dataStream:localhost:36131|priority:0|startupRole:FOLLOWER, s4|rpc:localhost:41115|admin:localhost:34281|client:localhost:37581|dataStream:localhost:43601|priority:0|startupRole:FOLLOWER, s0|rpc:localhost:41743|admin:localhost:42389|client:localhost:43463|dataStream:localhost:33005|priority:0|startupRole:FOLLOWER, s1|rpc:localhost:43623|admin:localhost:45655|client:localhost:33463|dataStream:localhost:33813|priority:0|startupRole:FOLLOWER, s2|rpc:localhost:37993|admin:localhost:44397|client:localhost:35825|dataStream:localhost:43663|priority:0|startupRole:FOLLOWER], format? true
2022-08-26 17:03:22,855 [Time-limited test] TRACE util.FileUtils (FileUtils.java:deleteFully(168)) - deleteFully target/test/data/52ed935e/MiniRaftClusterWithSimulatedRpc6556e5ab/s4
2022-08-26 17:03:22,855 [Time-limited test] TRACE util.FileUtils (FileUtils.java:deleteFully(184)) - deleteFully: target/test/data/52ed935e/MiniRaftClusterWithSimulatedRpc6556e5ab/s4 does not exist.
2022-08-26 17:03:22,855 [Time-limited test] INFO  impl.MiniRaftCluster (MiniRaftCluster.java:newRaftServer(385)) - Formatted directory target/test/data/52ed935e/MiniRaftClusterWithSimulatedRpc6556e5ab/s4
2022-08-26 17:03:22,855 [Time-limited test] INFO  server.RaftServer (ConfUtils.java:logGet(46)) - raft.rpc.type = org.apache.ratis.server.simulation.SimulatedRpc (custom)
2022-08-26 17:03:22,856 [Time-limited test] INFO  impl.DataStreamServerImpl (ConfUtils.java:logGet(46)) - raft.datastream.type = DISABLED (default)
2022-08-26 17:03:22,856 [Time-limited test] INFO  server.RaftServerConfigKeys (ConfUtils.java:logGet(46)) - raft.server.threadpool.proxy.cached = true (default)
2022-08-26 17:03:22,856 [Time-limited test] INFO  server.RaftServerConfigKeys (ConfUtils.java:logGet(46)) - raft.server.threadpool.proxy.size = 0 (default)
2022-08-26 17:03:22,856 [Time-limited test] INFO  server.RaftServerConfigKeys (ConfUtils.java:logGet(46)) - raft.server.rpc.slowness.timeout = 60s (default)
2022-08-26 17:03:22,856 [Time-limited test] INFO  server.RaftServerConfigKeys (ConfUtils.java:logGet(46)) - raft.server.leaderelection.leader.step-down.wait-time = 10s (default)
2022-08-26 17:03:22,856 [Time-limited test] INFO  server.RaftServerConfigKeys (ConfUtils.java:logGet(46)) - raft.server.storage.dir = [/home/runner/work/ratis/ratis/ratis-test/target/test/data/52ed935e/MiniRaftClusterWithSimulatedRpc6556e5ab/s4] (custom)
2022-08-26 17:03:22,856 [pool-5-thread-1] INFO  server.RaftServer$Division (RaftServerImpl.java:<init>(195)) - s3: new RaftServerImpl for group-6458135C7B8A:[s3|rpc:localhost:34629|admin:localhost:38947|client:localhost:34343|dataStream:localhost:36131|priority:0|startupRole:FOLLOWER, s4|rpc:localhost:41115|admin:localhost:34281|client:localhost:37581|dataStream:localhost:43601|priority:0|startupRole:FOLLOWER, s0|rpc:localhost:41743|admin:localhost:42389|client:localhost:43463|dataStream:localhost:33005|priority:0|startupRole:FOLLOWER, s1|rpc:localhost:43623|admin:localhost:45655|client:localhost:33463|dataStream:localhost:33813|priority:0|startupRole:FOLLOWER, s2|rpc:localhost:37993|admin:localhost:44397|client:localhost:35825|dataStream:localhost:43663|priority:0|startupRole:FOLLOWER] with BaseStateMachine:uninitialized
2022-08-26 17:03:22,857 [pool-5-thread-1] INFO  server.RaftServerConfigKeys (ConfUtils.java:logGet(46)) - raft.server.rpc.timeout.min = 150ms (default)
2022-08-26 17:03:22,857 [pool-5-thread-1] INFO  server.RaftServerConfigKeys (ConfUtils.java:logGet(46)) - raft.server.rpc.timeout.max = 300ms (default)
2022-08-26 17:03:22,857 [pool-5-thread-1] INFO  server.RaftServerConfigKeys (ConfUtils.java:logGet(46)) - raft.server.rpc.sleep.time = 25ms (default)
2022-08-26 17:03:22,857 [pool-5-thread-1] INFO  server.RaftServerConfigKeys (ConfUtils.java:logGet(46)) - raft.server.rpc.slowness.timeout = 60s (default)
2022-08-26 17:03:22,857 [pool-5-thread-1] INFO  server.RaftServerConfigKeys (ConfUtils.java:logGet(46)) - raft.server.leaderelection.leader.step-down.wait-time = 10s (default)
2022-08-26 17:03:22,857 [pool-5-thread-1] INFO  server.RaftServerConfigKeys (ConfUtils.java:logGet(46)) - raft.server.sleep.deviation.threshold = 300ms (default)
2022-08-26 17:03:22,857 [pool-5-thread-1] INFO  server.RaftServer$Division (ServerState.java:<init>(111)) - s3@group-6458135C7B8A: ConfigurationManager, init=-1: peers:[s3|rpc:localhost:34629|admin:localhost:38947|client:localhost:34343|dataStream:localhost:36131|priority:0|startupRole:FOLLOWER, s4|rpc:localhost:41115|admin:localhost:34281|client:localhost:37581|dataStream:localhost:43601|priority:0|startupRole:FOLLOWER, s0|rpc:localhost:41743|admin:localhost:42389|client:localhost:43463|dataStream:localhost:33005|priority:0|startupRole:FOLLOWER, s1|rpc:localhost:43623|admin:localhost:45655|client:localhost:33463|dataStream:localhost:33813|priority:0|startupRole:FOLLOWER, s2|rpc:localhost:37993|admin:localhost:44397|client:localhost:35825|dataStream:localhost:43663|priority:0|startupRole:FOLLOWER]|listeners:[], old=null, confs=<EMPTY_MAP>
2022-08-26 17:03:22,857 [pool-5-thread-1] INFO  server.RaftServerConfigKeys (ConfUtils.java:logGet(46)) - raft.server.notification.no-leader.timeout = 60s (default)
2022-08-26 17:03:22,857 [pool-5-thread-1] INFO  server.RaftServerConfigKeys (ConfUtils.java:logGet(46)) - raft.server.retrycache.expirytime = 60s (default)
2022-08-26 17:03:22,857 [pool-5-thread-1] INFO  server.RaftServerConfigKeys (ConfUtils.java:logGet(46)) - raft.server.retrycache.statistics.expirytime = 100μs (default)
2022-08-26 17:03:22,858 [pool-5-thread-1] INFO  server.RaftServerConfigKeys (ConfUtils.java:logGet(46)) - raft.server.log.appender.install.snapshot.enabled = true (default)
2022-08-26 17:03:22,858 [pool-5-thread-1] INFO  server.RaftServerConfigKeys (ConfUtils.java:logGet(46)) - raft.server.threadpool.server.cached = true (default)
2022-08-26 17:03:22,858 [pool-5-thread-1] INFO  server.RaftServerConfigKeys (ConfUtils.java:logGet(46)) - raft.server.threadpool.server.size = 0 (default)
2022-08-26 17:03:22,858 [pool-5-thread-1] INFO  server.RaftServerConfigKeys (ConfUtils.java:logGet(46)) - raft.server.threadpool.client.cached = true (default)
2022-08-26 17:03:22,858 [pool-5-thread-1] INFO  server.RaftServerConfigKeys (ConfUtils.java:logGet(46)) - raft.server.threadpool.client.size = 0 (default)
2022-08-26 17:03:22,862 [Time-limited test] INFO  server.RaftServer (RaftServerProxy.java:addNew(97)) - s4: addNew group-6458135C7B8A:[s3|rpc:localhost:34629|admin:localhost:38947|client:localhost:34343|dataStream:localhost:36131|priority:0|startupRole:FOLLOWER, s4|rpc:localhost:41115|admin:localhost:34281|client:localhost:37581|dataStream:localhost:43601|priority:0|startupRole:FOLLOWER, s0|rpc:localhost:41743|admin:localhost:42389|client:localhost:43463|dataStream:localhost:33005|priority:0|startupRole:FOLLOWER, s1|rpc:localhost:43623|admin:localhost:45655|client:localhost:33463|dataStream:localhost:33813|priority:0|startupRole:FOLLOWER, s2|rpc:localhost:37993|admin:localhost:44397|client:localhost:35825|dataStream:localhost:43663|priority:0|startupRole:FOLLOWER] returns group-6458135C7B8A:java.util.concurrent.CompletableFuture@76b14740[Not completed]
2022-08-26 17:03:22,863 [Time-limited test] INFO  impl.MiniRaftCluster (MiniRaftCluster.java:newRaftServer(380)) - newRaftServer: s0, group-6458135C7B8A:[s3|rpc:localhost:34629|admin:localhost:38947|client:localhost:34343|dataStream:localhost:36131|priority:0|startupRole:FOLLOWER, s4|rpc:localhost:41115|admin:localhost:34281|client:localhost:37581|dataStream:localhost:43601|priority:0|startupRole:FOLLOWER, s0|rpc:localhost:41743|admin:localhost:42389|client:localhost:43463|dataStream:localhost:33005|priority:0|startupRole:FOLLOWER, s1|rpc:localhost:43623|admin:localhost:45655|client:localhost:33463|dataStream:localhost:33813|priority:0|startupRole:FOLLOWER, s2|rpc:localhost:37993|admin:localhost:44397|client:localhost:35825|dataStream:localhost:43663|priority:0|startupRole:FOLLOWER], format? true
2022-08-26 17:03:22,863 [Time-limited test] TRACE util.FileUtils (FileUtils.java:deleteFully(168)) - deleteFully target/test/data/52ed935e/MiniRaftClusterWithSimulatedRpc6556e5ab/s0
2022-08-26 17:03:22,863 [Time-limited test] TRACE util.FileUtils (FileUtils.java:deleteFully(184)) - deleteFully: target/test/data/52ed935e/MiniRaftClusterWithSimulatedRpc6556e5ab/s0 does not exist.
2022-08-26 17:03:22,863 [Time-limited test] INFO  impl.MiniRaftCluster (MiniRaftCluster.java:newRaftServer(385)) - Formatted directory target/test/data/52ed935e/MiniRaftClusterWithSimulatedRpc6556e5ab/s0
2022-08-26 17:03:22,863 [Time-limited test] INFO  server.RaftServer (ConfUtils.java:logGet(46)) - raft.rpc.type = org.apache.ratis.server.simulation.SimulatedRpc (custom)
2022-08-26 17:03:22,863 [Time-limited test] INFO  impl.DataStreamServerImpl (ConfUtils.java:logGet(46)) - raft.datastream.type = DISABLED (default)
2022-08-26 17:03:22,864 [Time-limited test] INFO  server.RaftServerConfigKeys (ConfUtils.java:logGet(46)) - raft.server.threadpool.proxy.cached = true (default)
2022-08-26 17:03:22,864 [Time-limited test] INFO  server.RaftServerConfigKeys (ConfUtils.java:logGet(46)) - raft.server.threadpool.proxy.size = 0 (default)
2022-08-26 17:03:22,864 [Time-limited test] INFO  server.RaftServerConfigKeys (ConfUtils.java:logGet(46)) - raft.server.rpc.slowness.timeout = 60s (default)
2022-08-26 17:03:22,864 [Time-limited test] INFO  server.RaftServerConfigKeys (ConfUtils.java:logGet(46)) - raft.server.leaderelection.leader.step-down.wait-time = 10s (default)
2022-08-26 17:03:22,864 [Time-limited test] INFO  server.RaftServerConfigKeys (ConfUtils.java:logGet(46)) - raft.server.storage.dir = [/home/runner/work/ratis/ratis/ratis-test/target/test/data/52ed935e/MiniRaftClusterWithSimulatedRpc6556e5ab/s0] (custom)
2022-08-26 17:03:22,866 [pool-6-thread-1] INFO  server.RaftServer$Division (RaftServerImpl.java:<init>(195)) - s4: new RaftServerImpl for group-6458135C7B8A:[s3|rpc:localhost:34629|admin:localhost:38947|client:localhost:34343|dataStream:localhost:36131|priority:0|startupRole:FOLLOWER, s4|rpc:localhost:41115|admin:localhost:34281|client:localhost:37581|dataStream:localhost:43601|priority:0|startupRole:FOLLOWER, s0|rpc:localhost:41743|admin:localhost:42389|client:localhost:43463|dataStream:localhost:33005|priority:0|startupRole:FOLLOWER, s1|rpc:localhost:43623|admin:localhost:45655|client:localhost:33463|dataStream:localhost:33813|priority:0|startupRole:FOLLOWER, s2|rpc:localhost:37993|admin:localhost:44397|client:localhost:35825|dataStream:localhost:43663|priority:0|startupRole:FOLLOWER] with BaseStateMachine:uninitialized
2022-08-26 17:03:22,866 [pool-6-thread-1] INFO  server.RaftServerConfigKeys (ConfUtils.java:logGet(46)) - raft.server.rpc.timeout.min = 150ms (default)
2022-08-26 17:03:22,866 [pool-6-thread-1] INFO  server.RaftServerConfigKeys (ConfUtils.java:logGet(46)) - raft.server.rpc.timeout.max = 300ms (default)
2022-08-26 17:03:22,866 [pool-6-thread-1] INFO  server.RaftServerConfigKeys (ConfUtils.java:logGet(46)) - raft.server.rpc.sleep.time = 25ms (default)
2022-08-26 17:03:22,866 [pool-6-thread-1] INFO  server.RaftServerConfigKeys (ConfUtils.java:logGet(46)) - raft.server.rpc.slowness.timeout = 60s (default)
2022-08-26 17:03:22,866 [pool-6-thread-1] INFO  server.RaftServerConfigKeys (ConfUtils.java:logGet(46)) - raft.server.leaderelection.leader.step-down.wait-time = 10s (default)
2022-08-26 17:03:22,866 [pool-6-thread-1] INFO  server.RaftServerConfigKeys (ConfUtils.java:logGet(46)) - raft.server.sleep.deviation.threshold = 300ms (default)
2022-08-26 17:03:22,866 [pool-6-thread-1] INFO  server.RaftServer$Division (ServerState.java:<init>(111)) - s4@group-6458135C7B8A: ConfigurationManager, init=-1: peers:[s3|rpc:localhost:34629|admin:localhost:38947|client:localhost:34343|dataStream:localhost:36131|priority:0|startupRole:FOLLOWER, s4|rpc:localhost:41115|admin:localhost:34281|client:localhost:37581|dataStream:localhost:43601|priority:0|startupRole:FOLLOWER, s0|rpc:localhost:41743|admin:localhost:42389|client:localhost:43463|dataStream:localhost:33005|priority:0|startupRole:FOLLOWER, s1|rpc:localhost:43623|admin:localhost:45655|client:localhost:33463|dataStream:localhost:33813|priority:0|startupRole:FOLLOWER, s2|rpc:localhost:37993|admin:localhost:44397|client:localhost:35825|dataStream:localhost:43663|priority:0|startupRole:FOLLOWER]|listeners:[], old=null, confs=<EMPTY_MAP>
2022-08-26 17:03:22,866 [pool-6-thread-1] INFO  server.RaftServerConfigKeys (ConfUtils.java:logGet(46)) - raft.server.notification.no-leader.timeout = 60s (default)
2022-08-26 17:03:22,866 [pool-6-thread-1] INFO  server.RaftServerConfigKeys (ConfUtils.java:logGet(46)) - raft.server.retrycache.expirytime = 60s (default)
2022-08-26 17:03:22,866 [pool-6-thread-1] INFO  server.RaftServerConfigKeys (ConfUtils.java:logGet(46)) - raft.server.retrycache.statistics.expirytime = 100μs (default)
2022-08-26 17:03:22,867 [pool-6-thread-1] INFO  server.RaftServerConfigKeys (ConfUtils.java:logGet(46)) - raft.server.log.appender.install.snapshot.enabled = true (default)
2022-08-26 17:03:22,867 [pool-6-thread-1] INFO  server.RaftServerConfigKeys (ConfUtils.java:logGet(46)) - raft.server.threadpool.server.cached = true (default)
2022-08-26 17:03:22,867 [pool-6-thread-1] INFO  server.RaftServerConfigKeys (ConfUtils.java:logGet(46)) - raft.server.threadpool.server.size = 0 (default)
2022-08-26 17:03:22,867 [pool-6-thread-1] INFO  server.RaftServerConfigKeys (ConfUtils.java:logGet(46)) - raft.server.threadpool.client.cached = true (default)
2022-08-26 17:03:22,867 [pool-6-thread-1] INFO  server.RaftServerConfigKeys (ConfUtils.java:logGet(46)) - raft.server.threadpool.client.size = 0 (default)
2022-08-26 17:03:22,871 [Time-limited test] INFO  server.RaftServer (RaftServerProxy.java:addNew(97)) - s0: addNew group-6458135C7B8A:[s3|rpc:localhost:34629|admin:localhost:38947|client:localhost:34343|dataStream:localhost:36131|priority:0|startupRole:FOLLOWER, s4|rpc:localhost:41115|admin:localhost:34281|client:localhost:37581|dataStream:localhost:43601|priority:0|startupRole:FOLLOWER, s0|rpc:localhost:41743|admin:localhost:42389|client:localhost:43463|dataStream:localhost:33005|priority:0|startupRole:FOLLOWER, s1|rpc:localhost:43623|admin:localhost:45655|client:localhost:33463|dataStream:localhost:33813|priority:0|startupRole:FOLLOWER, s2|rpc:localhost:37993|admin:localhost:44397|client:localhost:35825|dataStream:localhost:43663|priority:0|startupRole:FOLLOWER] returns group-6458135C7B8A:java.util.concurrent.CompletableFuture@5e1dff49[Not completed]
2022-08-26 17:03:22,871 [Time-limited test] INFO  impl.MiniRaftCluster (MiniRaftCluster.java:newRaftServer(380)) - newRaftServer: s1, group-6458135C7B8A:[s3|rpc:localhost:34629|admin:localhost:38947|client:localhost:34343|dataStream:localhost:36131|priority:0|startupRole:FOLLOWER, s4|rpc:localhost:41115|admin:localhost:34281|client:localhost:37581|dataStream:localhost:43601|priority:0|startupRole:FOLLOWER, s0|rpc:localhost:41743|admin:localhost:42389|client:localhost:43463|dataStream:localhost:33005|priority:0|startupRole:FOLLOWER, s1|rpc:localhost:43623|admin:localhost:45655|client:localhost:33463|dataStream:localhost:33813|priority:0|startupRole:FOLLOWER, s2|rpc:localhost:37993|admin:localhost:44397|client:localhost:35825|dataStream:localhost:43663|priority:0|startupRole:FOLLOWER], format? true
2022-08-26 17:03:22,871 [Time-limited test] TRACE util.FileUtils (FileUtils.java:deleteFully(168)) - deleteFully target/test/data/52ed935e/MiniRaftClusterWithSimulatedRpc6556e5ab/s1
2022-08-26 17:03:22,871 [Time-limited test] TRACE util.FileUtils (FileUtils.java:deleteFully(184)) - deleteFully: target/test/data/52ed935e/MiniRaftClusterWithSimulatedRpc6556e5ab/s1 does not exist.
2022-08-26 17:03:22,871 [Time-limited test] INFO  impl.MiniRaftCluster (MiniRaftCluster.java:newRaftServer(385)) - Formatted directory target/test/data/52ed935e/MiniRaftClusterWithSimulatedRpc6556e5ab/s1
2022-08-26 17:03:22,871 [Time-limited test] INFO  server.RaftServer (ConfUtils.java:logGet(46)) - raft.rpc.type = org.apache.ratis.server.simulation.SimulatedRpc (custom)
2022-08-26 17:03:22,871 [Time-limited test] INFO  impl.DataStreamServerImpl (ConfUtils.java:logGet(46)) - raft.datastream.type = DISABLED (default)
2022-08-26 17:03:22,872 [Time-limited test] INFO  server.RaftServerConfigKeys (ConfUtils.java:logGet(46)) - raft.server.threadpool.proxy.cached = true (default)
2022-08-26 17:03:22,872 [Time-limited test] INFO  server.RaftServerConfigKeys (ConfUtils.java:logGet(46)) - raft.server.threadpool.proxy.size = 0 (default)
2022-08-26 17:03:22,872 [Time-limited test] INFO  server.RaftServerConfigKeys (ConfUtils.java:logGet(46)) - raft.server.rpc.slowness.timeout = 60s (default)
2022-08-26 17:03:22,872 [Time-limited test] INFO  server.RaftServerConfigKeys (ConfUtils.java:logGet(46)) - raft.server.leaderelection.leader.step-down.wait-time = 10s (default)
2022-08-26 17:03:22,872 [Time-limited test] INFO  server.RaftServerConfigKeys (ConfUtils.java:logGet(46)) - raft.server.storage.dir = [/home/runner/work/ratis/ratis/ratis-test/target/test/data/52ed935e/MiniRaftClusterWithSimulatedRpc6556e5ab/s1] (custom)
2022-08-26 17:03:22,872 [pool-7-thread-1] INFO  server.RaftServer$Division (RaftServerImpl.java:<init>(195)) - s0: new RaftServerImpl for group-6458135C7B8A:[s3|rpc:localhost:34629|admin:localhost:38947|client:localhost:34343|dataStream:localhost:36131|priority:0|startupRole:FOLLOWER, s4|rpc:localhost:41115|admin:localhost:34281|client:localhost:37581|dataStream:localhost:43601|priority:0|startupRole:FOLLOWER, s0|rpc:localhost:41743|admin:localhost:42389|client:localhost:43463|dataStream:localhost:33005|priority:0|startupRole:FOLLOWER, s1|rpc:localhost:43623|admin:localhost:45655|client:localhost:33463|dataStream:localhost:33813|priority:0|startupRole:FOLLOWER, s2|rpc:localhost:37993|admin:localhost:44397|client:localhost:35825|dataStream:localhost:43663|priority:0|startupRole:FOLLOWER] with BaseStateMachine:uninitialized
2022-08-26 17:03:22,872 [pool-7-thread-1] INFO  server.RaftServerConfigKeys (ConfUtils.java:logGet(46)) - raft.server.rpc.timeout.min = 150ms (default)
2022-08-26 17:03:22,872 [pool-7-thread-1] INFO  server.RaftServerConfigKeys (ConfUtils.java:logGet(46)) - raft.server.rpc.timeout.max = 300ms (default)
2022-08-26 17:03:22,872 [pool-7-thread-1] INFO  server.RaftServerConfigKeys (ConfUtils.java:logGet(46)) - raft.server.rpc.sleep.time = 25ms (default)
2022-08-26 17:03:22,872 [pool-7-thread-1] INFO  server.RaftServerConfigKeys (ConfUtils.java:logGet(46)) - raft.server.rpc.slowness.timeout = 60s (default)
2022-08-26 17:03:22,873 [pool-7-thread-1] INFO  server.RaftServerConfigKeys (ConfUtils.java:logGet(46)) - raft.server.leaderelection.leader.step-down.wait-time = 10s (default)
2022-08-26 17:03:22,873 [pool-7-thread-1] INFO  server.RaftServerConfigKeys (ConfUtils.java:logGet(46)) - raft.server.sleep.deviation.threshold = 300ms (default)
2022-08-26 17:03:22,873 [pool-7-thread-1] INFO  server.RaftServer$Division (ServerState.java:<init>(111)) - s0@group-6458135C7B8A: ConfigurationManager, init=-1: peers:[s3|rpc:localhost:34629|admin:localhost:38947|client:localhost:34343|dataStream:localhost:36131|priority:0|startupRole:FOLLOWER, s4|rpc:localhost:41115|admin:localhost:34281|client:localhost:37581|dataStream:localhost:43601|priority:0|startupRole:FOLLOWER, s0|rpc:localhost:41743|admin:localhost:42389|client:localhost:43463|dataStream:localhost:33005|priority:0|startupRole:FOLLOWER, s1|rpc:localhost:43623|admin:localhost:45655|client:localhost:33463|dataStream:localhost:33813|priority:0|startupRole:FOLLOWER, s2|rpc:localhost:37993|admin:localhost:44397|client:localhost:35825|dataStream:localhost:43663|priority:0|startupRole:FOLLOWER]|listeners:[], old=null, confs=<EMPTY_MAP>
2022-08-26 17:03:22,873 [pool-7-thread-1] INFO  server.RaftServerConfigKeys (ConfUtils.java:logGet(46)) - raft.server.notification.no-leader.timeout = 60s (default)
2022-08-26 17:03:22,873 [pool-7-thread-1] INFO  server.RaftServerConfigKeys (ConfUtils.java:logGet(46)) - raft.server.retrycache.expirytime = 60s (default)
2022-08-26 17:03:22,873 [pool-7-thread-1] INFO  server.RaftServerConfigKeys (ConfUtils.java:logGet(46)) - raft.server.retrycache.statistics.expirytime = 100μs (default)
2022-08-26 17:03:22,874 [pool-7-thread-1] INFO  server.RaftServerConfigKeys (ConfUtils.java:logGet(46)) - raft.server.log.appender.install.snapshot.enabled = true (default)
2022-08-26 17:03:22,874 [pool-7-thread-1] INFO  server.RaftServerConfigKeys (ConfUtils.java:logGet(46)) - raft.server.threadpool.server.cached = true (default)
2022-08-26 17:03:22,874 [pool-7-thread-1] INFO  server.RaftServerConfigKeys (ConfUtils.java:logGet(46)) - raft.server.threadpool.server.size = 0 (default)
2022-08-26 17:03:22,874 [pool-7-thread-1] INFO  server.RaftServerConfigKeys (ConfUtils.java:logGet(46)) - raft.server.threadpool.client.cached = true (default)
2022-08-26 17:03:22,874 [pool-7-thread-1] INFO  server.RaftServerConfigKeys (ConfUtils.java:logGet(46)) - raft.server.threadpool.client.size = 0 (default)
2022-08-26 17:03:22,876 [Time-limited test] INFO  server.RaftServer (RaftServerProxy.java:addNew(97)) - s1: addNew group-6458135C7B8A:[s3|rpc:localhost:34629|admin:localhost:38947|client:localhost:34343|dataStream:localhost:36131|priority:0|startupRole:FOLLOWER, s4|rpc:localhost:41115|admin:localhost:34281|client:localhost:37581|dataStream:localhost:43601|priority:0|startupRole:FOLLOWER, s0|rpc:localhost:41743|admin:localhost:42389|client:localhost:43463|dataStream:localhost:33005|priority:0|startupRole:FOLLOWER, s1|rpc:localhost:43623|admin:localhost:45655|client:localhost:33463|dataStream:localhost:33813|priority:0|startupRole:FOLLOWER, s2|rpc:localhost:37993|admin:localhost:44397|client:localhost:35825|dataStream:localhost:43663|priority:0|startupRole:FOLLOWER] returns group-6458135C7B8A:java.util.concurrent.CompletableFuture@23dde743[Not completed]
2022-08-26 17:03:22,876 [Time-limited test] INFO  impl.MiniRaftCluster (MiniRaftCluster.java:newRaftServer(380)) - newRaftServer: s2, group-6458135C7B8A:[s3|rpc:localhost:34629|admin:localhost:38947|client:localhost:34343|dataStream:localhost:36131|priority:0|startupRole:FOLLOWER, s4|rpc:localhost:41115|admin:localhost:34281|client:localhost:37581|dataStream:localhost:43601|priority:0|startupRole:FOLLOWER, s0|rpc:localhost:41743|admin:localhost:42389|client:localhost:43463|dataStream:localhost:33005|priority:0|startupRole:FOLLOWER, s1|rpc:localhost:43623|admin:localhost:45655|client:localhost:33463|dataStream:localhost:33813|priority:0|startupRole:FOLLOWER, s2|rpc:localhost:37993|admin:localhost:44397|client:localhost:35825|dataStream:localhost:43663|priority:0|startupRole:FOLLOWER], format? true
2022-08-26 17:03:22,876 [Time-limited test] TRACE util.FileUtils (FileUtils.java:deleteFully(168)) - deleteFully target/test/data/52ed935e/MiniRaftClusterWithSimulatedRpc6556e5ab/s2
2022-08-26 17:03:22,876 [Time-limited test] TRACE util.FileUtils (FileUtils.java:deleteFully(184)) - deleteFully: target/test/data/52ed935e/MiniRaftClusterWithSimulatedRpc6556e5ab/s2 does not exist.
2022-08-26 17:03:22,876 [Time-limited test] INFO  impl.MiniRaftCluster (MiniRaftCluster.java:newRaftServer(385)) - Formatted directory target/test/data/52ed935e/MiniRaftClusterWithSimulatedRpc6556e5ab/s2
2022-08-26 17:03:22,876 [Time-limited test] INFO  server.RaftServer (ConfUtils.java:logGet(46)) - raft.rpc.type = org.apache.ratis.server.simulation.SimulatedRpc (custom)
2022-08-26 17:03:22,877 [Time-limited test] INFO  impl.DataStreamServerImpl (ConfUtils.java:logGet(46)) - raft.datastream.type = DISABLED (default)
2022-08-26 17:03:22,877 [Time-limited test] INFO  server.RaftServerConfigKeys (ConfUtils.java:logGet(46)) - raft.server.threadpool.proxy.cached = true (default)
2022-08-26 17:03:22,877 [Time-limited test] INFO  server.RaftServerConfigKeys (ConfUtils.java:logGet(46)) - raft.server.threadpool.proxy.size = 0 (default)
2022-08-26 17:03:22,877 [Time-limited test] INFO  server.RaftServerConfigKeys (ConfUtils.java:logGet(46)) - raft.server.rpc.slowness.timeout = 60s (default)
2022-08-26 17:03:22,877 [Time-limited test] INFO  server.RaftServerConfigKeys (ConfUtils.java:logGet(46)) - raft.server.leaderelection.leader.step-down.wait-time = 10s (default)
2022-08-26 17:03:22,877 [Time-limited test] INFO  server.RaftServerConfigKeys (ConfUtils.java:logGet(46)) - raft.server.storage.dir = [/home/runner/work/ratis/ratis/ratis-test/target/test/data/52ed935e/MiniRaftClusterWithSimulatedRpc6556e5ab/s2] (custom)
2022-08-26 17:03:22,878 [pool-8-thread-1] INFO  server.RaftServer$Division (RaftServerImpl.java:<init>(195)) - s1: new RaftServerImpl for group-6458135C7B8A:[s3|rpc:localhost:34629|admin:localhost:38947|client:localhost:34343|dataStream:localhost:36131|priority:0|startupRole:FOLLOWER, s4|rpc:localhost:41115|admin:localhost:34281|client:localhost:37581|dataStream:localhost:43601|priority:0|startupRole:FOLLOWER, s0|rpc:localhost:41743|admin:localhost:42389|client:localhost:43463|dataStream:localhost:33005|priority:0|startupRole:FOLLOWER, s1|rpc:localhost:43623|admin:localhost:45655|client:localhost:33463|dataStream:localhost:33813|priority:0|startupRole:FOLLOWER, s2|rpc:localhost:37993|admin:localhost:44397|client:localhost:35825|dataStream:localhost:43663|priority:0|startupRole:FOLLOWER] with BaseStateMachine:uninitialized
2022-08-26 17:03:22,878 [pool-8-thread-1] INFO  server.RaftServerConfigKeys (ConfUtils.java:logGet(46)) - raft.server.rpc.timeout.min = 150ms (default)
2022-08-26 17:03:22,878 [pool-8-thread-1] INFO  server.RaftServerConfigKeys (ConfUtils.java:logGet(46)) - raft.server.rpc.timeout.max = 300ms (default)
2022-08-26 17:03:22,878 [pool-8-thread-1] INFO  server.RaftServerConfigKeys (ConfUtils.java:logGet(46)) - raft.server.rpc.sleep.time = 25ms (default)
2022-08-26 17:03:22,878 [pool-8-thread-1] INFO  server.RaftServerConfigKeys (ConfUtils.java:logGet(46)) - raft.server.rpc.slowness.timeout = 60s (default)
2022-08-26 17:03:22,878 [pool-8-thread-1] INFO  server.RaftServerConfigKeys (ConfUtils.java:logGet(46)) - raft.server.leaderelection.leader.step-down.wait-time = 10s (default)
2022-08-26 17:03:22,878 [pool-8-thread-1] INFO  server.RaftServerConfigKeys (ConfUtils.java:logGet(46)) - raft.server.sleep.deviation.threshold = 300ms (default)
2022-08-26 17:03:22,878 [pool-8-thread-1] INFO  server.RaftServer$Division (ServerState.java:<init>(111)) - s1@group-6458135C7B8A: ConfigurationManager, init=-1: peers:[s3|rpc:localhost:34629|admin:localhost:38947|client:localhost:34343|dataStream:localhost:36131|priority:0|startupRole:FOLLOWER, s4|rpc:localhost:41115|admin:localhost:34281|client:localhost:37581|dataStream:localhost:43601|priority:0|startupRole:FOLLOWER, s0|rpc:localhost:41743|admin:localhost:42389|client:localhost:43463|dataStream:localhost:33005|priority:0|startupRole:FOLLOWER, s1|rpc:localhost:43623|admin:localhost:45655|client:localhost:33463|dataStream:localhost:33813|priority:0|startupRole:FOLLOWER, s2|rpc:localhost:37993|admin:localhost:44397|client:localhost:35825|dataStream:localhost:43663|priority:0|startupRole:FOLLOWER]|listeners:[], old=null, confs=<EMPTY_MAP>
2022-08-26 17:03:22,878 [pool-8-thread-1] INFO  server.RaftServerConfigKeys (ConfUtils.java:logGet(46)) - raft.server.notification.no-leader.timeout = 60s (default)
2022-08-26 17:03:22,878 [pool-8-thread-1] INFO  server.RaftServerConfigKeys (ConfUtils.java:logGet(46)) - raft.server.retrycache.expirytime = 60s (default)
2022-08-26 17:03:22,878 [pool-8-thread-1] INFO  server.RaftServerConfigKeys (ConfUtils.java:logGet(46)) - raft.server.retrycache.statistics.expirytime = 100μs (default)
2022-08-26 17:03:22,879 [pool-8-thread-1] INFO  server.RaftServerConfigKeys (ConfUtils.java:logGet(46)) - raft.server.log.appender.install.snapshot.enabled = true (default)
2022-08-26 17:03:22,880 [pool-8-thread-1] INFO  server.RaftServerConfigKeys (ConfUtils.java:logGet(46)) - raft.server.threadpool.server.cached = true (default)
2022-08-26 17:03:22,880 [pool-8-thread-1] INFO  server.RaftServerConfigKeys (ConfUtils.java:logGet(46)) - raft.server.threadpool.server.size = 0 (default)
2022-08-26 17:03:22,880 [pool-8-thread-1] INFO  server.RaftServerConfigKeys (ConfUtils.java:logGet(46)) - raft.server.threadpool.client.cached = true (default)
2022-08-26 17:03:22,880 [pool-8-thread-1] INFO  server.RaftServerConfigKeys (ConfUtils.java:logGet(46)) - raft.server.threadpool.client.size = 0 (default)
2022-08-26 17:03:22,880 [Time-limited test] INFO  server.RaftServer (RaftServerProxy.java:addNew(97)) - s2: addNew group-6458135C7B8A:[s3|rpc:localhost:34629|admin:localhost:38947|client:localhost:34343|dataStream:localhost:36131|priority:0|startupRole:FOLLOWER, s4|rpc:localhost:41115|admin:localhost:34281|client:localhost:37581|dataStream:localhost:43601|priority:0|startupRole:FOLLOWER, s0|rpc:localhost:41743|admin:localhost:42389|client:localhost:43463|dataStream:localhost:33005|priority:0|startupRole:FOLLOWER, s1|rpc:localhost:43623|admin:localhost:45655|client:localhost:33463|dataStream:localhost:33813|priority:0|startupRole:FOLLOWER, s2|rpc:localhost:37993|admin:localhost:44397|client:localhost:35825|dataStream:localhost:43663|priority:0|startupRole:FOLLOWER] returns group-6458135C7B8A:java.util.concurrent.CompletableFuture@61405544[Not completed]
2022-08-26 17:03:22,881 [s3-impl-thread1] INFO  server.RaftServerConfigKeys (ConfUtils.java:logGet(46)) - raft.server.storage.free-space.min = 0MB (=0) (default)
2022-08-26 17:03:22,881 [s3-impl-thread1] INFO  server.RaftServerConfigKeys (ConfUtils.java:logGet(46)) - raft.server.log.corruption.policy = EXCEPTION (default)
2022-08-26 17:03:22,881 [s3-impl-thread1] INFO  server.RaftServerConfigKeys (ConfUtils.java:logGet(46)) - raft.server.storage.dir = [/home/runner/work/ratis/ratis/ratis-test/target/test/data/52ed935e/MiniRaftClusterWithSimulatedRpc6556e5ab/s3] (custom)
2022-08-26 17:03:22,881 [s3-impl-thread1] INFO  storage.RaftStorageDirectory (RaftStorageDirectoryImpl.java:analyzeStorage(138)) - The storage directory /home/runner/work/ratis/ratis/ratis-test/target/test/data/52ed935e/MiniRaftClusterWithSimulatedRpc6556e5ab/s3/7207ec40-1066-49fd-af1e-6458135c7b8a does not exist. Creating ...
2022-08-26 17:03:22,881 [s3-impl-thread1] TRACE util.FileUtils (LogUtils.java:runAndLog(49)) - Successfully ran Files.createDirectories /home/runner/work/ratis/ratis/ratis-test/target/test/data/52ed935e/MiniRaftClusterWithSimulatedRpc6556e5ab/s3/7207ec40-1066-49fd-af1e-6458135c7b8a
2022-08-26 17:03:22,882 [pool-9-thread-1] INFO  server.RaftServer$Division (RaftServerImpl.java:<init>(195)) - s2: new RaftServerImpl for group-6458135C7B8A:[s3|rpc:localhost:34629|admin:localhost:38947|client:localhost:34343|dataStream:localhost:36131|priority:0|startupRole:FOLLOWER, s4|rpc:localhost:41115|admin:localhost:34281|client:localhost:37581|dataStream:localhost:43601|priority:0|startupRole:FOLLOWER, s0|rpc:localhost:41743|admin:localhost:42389|client:localhost:43463|dataStream:localhost:33005|priority:0|startupRole:FOLLOWER, s1|rpc:localhost:43623|admin:localhost:45655|client:localhost:33463|dataStream:localhost:33813|priority:0|startupRole:FOLLOWER, s2|rpc:localhost:37993|admin:localhost:44397|client:localhost:35825|dataStream:localhost:43663|priority:0|startupRole:FOLLOWER] with BaseStateMachine:uninitialized
2022-08-26 17:03:22,883 [pool-9-thread-1] INFO  server.RaftServerConfigKeys (ConfUtils.java:logGet(46)) - raft.server.rpc.timeout.min = 150ms (default)
2022-08-26 17:03:22,883 [pool-9-thread-1] INFO  server.RaftServerConfigKeys (ConfUtils.java:logGet(46)) - raft.server.rpc.timeout.max = 300ms (default)
2022-08-26 17:03:22,883 [pool-9-thread-1] INFO  server.RaftServerConfigKeys (ConfUtils.java:logGet(46)) - raft.server.rpc.sleep.time = 25ms (default)
2022-08-26 17:03:22,883 [pool-9-thread-1] INFO  server.RaftServerConfigKeys (ConfUtils.java:logGet(46)) - raft.server.rpc.slowness.timeout = 60s (default)
2022-08-26 17:03:22,883 [pool-9-thread-1] INFO  server.RaftServerConfigKeys (ConfUtils.java:logGet(46)) - raft.server.leaderelection.leader.step-down.wait-time = 10s (default)
2022-08-26 17:03:22,883 [pool-9-thread-1] INFO  server.RaftServerConfigKeys (ConfUtils.java:logGet(46)) - raft.server.sleep.deviation.threshold = 300ms (default)
2022-08-26 17:03:22,883 [s3-impl-thread1] INFO  storage.RaftStorageDirectory (RaftStorageDirectoryImpl.java:tryLock(232)) - Lock on /home/runner/work/ratis/ratis/ratis-test/target/test/data/52ed935e/MiniRaftClusterWithSimulatedRpc6556e5ab/s3/7207ec40-1066-49fd-af1e-6458135c7b8a/in_use.lock acquired by nodename 7316@fv-az180-188
2022-08-26 17:03:22,883 [s3-impl-thread1] TRACE util.FileUtils (LogUtils.java:runAndLog(49)) - Successfully ran Files.createDirectories /home/runner/work/ratis/ratis/ratis-test/target/test/data/52ed935e/MiniRaftClusterWithSimulatedRpc6556e5ab/s3/7207ec40-1066-49fd-af1e-6458135c7b8a/current
2022-08-26 17:03:22,883 [s3-impl-thread1] TRACE util.FileUtils (LogUtils.java:runAndLog(49)) - Successfully ran Files.createDirectories /home/runner/work/ratis/ratis/ratis-test/target/test/data/52ed935e/MiniRaftClusterWithSimulatedRpc6556e5ab/s3/7207ec40-1066-49fd-af1e-6458135c7b8a/sm
2022-08-26 17:03:22,885 [s3-impl-thread1] INFO  storage.RaftStorage (RaftStorageImpl.java:format(96)) - Storage directory /home/runner/work/ratis/ratis/ratis-test/target/test/data/52ed935e/MiniRaftClusterWithSimulatedRpc6556e5ab/s3/7207ec40-1066-49fd-af1e-6458135c7b8a has been successfully formatted.
2022-08-26 17:03:22,885 [s3-impl-thread1] INFO  server.RaftServerConfigKeys (ConfUtils.java:logGet(46)) - raft.server.log.use.memory = false (default)
2022-08-26 17:03:22,885 [s3-impl-thread1] INFO  server.RaftServerConfigKeys (ConfUtils.java:logGet(46)) - raft.server.log.purge.gap = 1024 (default)
2022-08-26 17:03:22,885 [s3-impl-thread1] INFO  server.RaftServerConfigKeys (ConfUtils.java:logGet(46)) - raft.server.log.appender.buffer.byte-limit = 4MB (=4194304) (default)
2022-08-26 17:03:22,885 [s3-impl-thread1] INFO  server.RaftServerConfigKeys (ConfUtils.java:logGet(46)) - raft.server.log.statemachine.data.read.timeout = 1000ms (default)
2022-08-26 17:03:22,885 [s3-impl-thread1] INFO  server.RaftServerConfigKeys (ConfUtils.java:logGet(46)) - raft.server.log.purge.preservation.log.num = 0 (default)
2022-08-26 17:03:22,885 [s3-impl-thread1] INFO  server.RaftServerConfigKeys (ConfUtils.java:logGet(46)) - raft.server.log.segment.size.max = 8MB (=8388608) (default)
2022-08-26 17:03:22,886 [s3-impl-thread1] INFO  server.RaftServerConfigKeys (ConfUtils.java:logGet(46)) - raft.server.log.segment.cache.num.max = 6 (default)
2022-08-26 17:03:22,886 [s3-impl-thread1] INFO  server.RaftServerConfigKeys (ConfUtils.java:logGet(46)) - raft.server.log.segment.cache.size.max = 200MB (=209715200) (default)
2022-08-26 17:03:22,886 [s3-impl-thread1] INFO  segmented.SegmentedRaftLogWorker (SegmentedRaftLogWorker.java:<init>(191)) - new s3@group-6458135C7B8A-SegmentedRaftLogWorker for RaftStorageImpl:Storage Directory /home/runner/work/ratis/ratis/ratis-test/target/test/data/52ed935e/MiniRaftClusterWithSimulatedRpc6556e5ab/s3/7207ec40-1066-49fd-af1e-6458135c7b8a
2022-08-26 17:03:22,886 [s3-impl-thread1] INFO  server.RaftServerConfigKeys (ConfUtils.java:logGet(46)) - raft.server.log.queue.byte-limit = 64MB (=67108864) (default)
2022-08-26 17:03:22,886 [s3-impl-thread1] INFO  server.RaftServerConfigKeys (ConfUtils.java:logGet(46)) - raft.server.log.queue.element-limit = 4096 (default)
2022-08-26 17:03:22,886 [s3-impl-thread1] INFO  server.RaftServerConfigKeys (ConfUtils.java:logGet(46)) - raft.server.log.segment.size.max = 8MB (=8388608) (default)
2022-08-26 17:03:22,886 [s3-impl-thread1] INFO  server.RaftServerConfigKeys (ConfUtils.java:logGet(46)) - raft.server.log.preallocated.size = 4MB (=4194304) (default)
2022-08-26 17:03:22,886 [s3-impl-thread1] INFO  server.RaftServerConfigKeys (ConfUtils.java:logGet(46)) - raft.server.log.force.sync.num = 128 (default)
2022-08-26 17:03:22,886 [s3-impl-thread1] INFO  server.RaftServerConfigKeys (ConfUtils.java:logGet(46)) - raft.server.log.statemachine.data.sync = true (default)
2022-08-26 17:03:22,886 [s3-impl-thread1] INFO  server.RaftServerConfigKeys (ConfUtils.java:logGet(46)) - raft.server.log.statemachine.data.sync.timeout = 10s (default)
2022-08-26 17:03:22,886 [s3-impl-thread1] INFO  server.RaftServerConfigKeys (ConfUtils.java:logGet(46)) - raft.server.log.statemachine.data.sync.timeout.retry = -1 (default)
2022-08-26 17:03:22,887 [s3-impl-thread1] INFO  server.RaftServerConfigKeys (ConfUtils.java:logGet(46)) - raft.server.log.write.buffer.size = 64KB (=65536) (default)
2022-08-26 17:03:22,887 [s3-impl-thread1] INFO  server.RaftServerConfigKeys (ConfUtils.java:logGet(46)) - raft.server.log.unsafe-flush.enabled = false (default)
2022-08-26 17:03:22,887 [s3-impl-thread1] INFO  server.RaftServerConfigKeys (ConfUtils.java:logGet(46)) - raft.server.log.async-flush.enabled = false (default)
2022-08-26 17:03:22,887 [s3-impl-thread1] INFO  server.RaftServerConfigKeys (ConfUtils.java:logGet(46)) - raft.server.log.statemachine.data.caching.enabled = false (default)
2022-08-26 17:03:22,887 [s3-impl-thread1] INFO  segmented.SegmentedRaftLogWorker (SegmentedRaftLogWorker.java:lambda$new$0(136)) - s3@group-6458135C7B8A-SegmentedRaftLogWorker: flushIndex: setUnconditionally 0 -> -1
2022-08-26 17:03:22,887 [s3-impl-thread1] INFO  segmented.SegmentedRaftLogWorker (SegmentedRaftLogWorker.java:lambda$new$0(136)) - s3@group-6458135C7B8A-SegmentedRaftLogWorker: safeCacheEvictIndex: setUnconditionally 0 -> -1
2022-08-26 17:03:22,887 [pool-9-thread-1] INFO  server.RaftServer$Division (ServerState.java:<init>(111)) - s2@group-6458135C7B8A: ConfigurationManager, init=-1: peers:[s3|rpc:localhost:34629|admin:localhost:38947|client:localhost:34343|dataStream:localhost:36131|priority:0|startupRole:FOLLOWER, s4|rpc:localhost:41115|admin:localhost:34281|client:localhost:37581|dataStream:localhost:43601|priority:0|startupRole:FOLLOWER, s0|rpc:localhost:41743|admin:localhost:42389|client:localhost:43463|dataStream:localhost:33005|priority:0|startupRole:FOLLOWER, s1|rpc:localhost:43623|admin:localhost:45655|client:localhost:33463|dataStream:localhost:33813|priority:0|startupRole:FOLLOWER, s2|rpc:localhost:37993|admin:localhost:44397|client:localhost:35825|dataStream:localhost:43663|priority:0|startupRole:FOLLOWER]|listeners:[], old=null, confs=<EMPTY_MAP>
2022-08-26 17:03:22,888 [pool-9-thread-1] INFO  server.RaftServerConfigKeys (ConfUtils.java:logGet(46)) - raft.server.notification.no-leader.timeout = 60s (default)
2022-08-26 17:03:22,888 [s3-impl-thread1] INFO  server.RaftServer$Division (RaftServerImpl.java:start(328)) - s3@group-6458135C7B8A: start as a follower, conf=-1: peers:[s3|rpc:localhost:34629|admin:localhost:38947|client:localhost:34343|dataStream:localhost:36131|priority:0|startupRole:FOLLOWER, s4|rpc:localhost:41115|admin:localhost:34281|client:localhost:37581|dataStream:localhost:43601|priority:0|startupRole:FOLLOWER, s0|rpc:localhost:41743|admin:localhost:42389|client:localhost:43463|dataStream:localhost:33005|priority:0|startupRole:FOLLOWER, s1|rpc:localhost:43623|admin:localhost:45655|client:localhost:33463|dataStream:localhost:33813|priority:0|startupRole:FOLLOWER, s2|rpc:localhost:37993|admin:localhost:44397|client:localhost:35825|dataStream:localhost:43663|priority:0|startupRole:FOLLOWER]|listeners:[], old=null
2022-08-26 17:03:22,888 [s3-impl-thread1] INFO  server.RaftServer$Division (RaftServerImpl.java:setRole(315)) - s3@group-6458135C7B8A: changes role from      null to FOLLOWER at term 0 for startAsFollower
2022-08-26 17:03:22,888 [s3-impl-thread1] INFO  impl.RoleInfo (RoleInfo.java:updateAndGet(139)) - s3: start s3@group-6458135C7B8A-FollowerState
2022-08-26 17:03:22,889 [s3@group-6458135C7B8A-FollowerState] INFO  server.RaftServerConfigKeys (ConfUtils.java:logFallback(53)) - raft.server.rpc.first-election.timeout.min = 150ms (fallback to raft.server.rpc.timeout.min)
2022-08-26 17:03:22,889 [s3@group-6458135C7B8A-FollowerState] INFO  server.RaftServerConfigKeys (ConfUtils.java:logFallback(53)) - raft.server.rpc.first-election.timeout.max = 300ms (fallback to raft.server.rpc.timeout.max)
2022-08-26 17:03:22,889 [s3-impl-thread1] INFO  util.JmxRegister (JmxRegister.java:tryRegister(44)) - Successfully registered JMX Bean with object name Ratis:service=RaftServer,group=group-6458135C7B8A,id=s3
2022-08-26 17:03:22,889 [s3-impl-thread1] INFO  server.RaftServerConfigKeys (ConfUtils.java:logGet(46)) - raft.server.snapshot.auto.trigger.enabled = false (default)
2022-08-26 17:03:22,889 [s3-impl-thread1] INFO  server.RaftServerConfigKeys (ConfUtils.java:logGet(46)) - raft.server.snapshot.retention.file.num = -1 (default)
2022-08-26 17:03:22,889 [s3-impl-thread1] INFO  server.RaftServerConfigKeys (ConfUtils.java:logGet(46)) - raft.server.log.purge.upto.snapshot.index = false (default)
2022-08-26 17:03:22,889 [Time-limited test] INFO  server.RaftServer (RaftServerProxy.java:startImpl(388)) - s3: start RPC server
2022-08-26 17:03:22,890 [pool-9-thread-1] INFO  server.RaftServerConfigKeys (ConfUtils.java:logGet(46)) - raft.server.retrycache.expirytime = 60s (default)
2022-08-26 17:03:22,890 [pool-9-thread-1] INFO  server.RaftServerConfigKeys (ConfUtils.java:logGet(46)) - raft.server.retrycache.statistics.expirytime = 100μs (default)
2022-08-26 17:03:22,890 [org.apache.ratis.util.JvmPauseMonitor$$Lambda$310/0x0000000100238440@2d6b41d0] INFO  util.JvmPauseMonitor (JvmPauseMonitor.java:run(103)) - JvmPauseMonitor-s3: Started
2022-08-26 17:03:22,890 [s4-impl-thread1] INFO  server.RaftServerConfigKeys (ConfUtils.java:logGet(46)) - raft.server.storage.free-space.min = 0MB (=0) (default)
2022-08-26 17:03:22,894 [s4-impl-thread1] INFO  server.RaftServerConfigKeys (ConfUtils.java:logGet(46)) - raft.server.log.corruption.policy = EXCEPTION (default)
2022-08-26 17:03:22,895 [s4-impl-thread1] INFO  server.RaftServerConfigKeys (ConfUtils.java:logGet(46)) - raft.server.storage.dir = [/home/runner/work/ratis/ratis/ratis-test/target/test/data/52ed935e/MiniRaftClusterWithSimulatedRpc6556e5ab/s4] (custom)
2022-08-26 17:03:22,895 [s4-impl-thread1] INFO  storage.RaftStorageDirectory (RaftStorageDirectoryImpl.java:analyzeStorage(138)) - The storage directory /home/runner/work/ratis/ratis/ratis-test/target/test/data/52ed935e/MiniRaftClusterWithSimulatedRpc6556e5ab/s4/7207ec40-1066-49fd-af1e-6458135c7b8a does not exist. Creating ...
2022-08-26 17:03:22,895 [s4-impl-thread1] TRACE util.FileUtils (LogUtils.java:runAndLog(49)) - Successfully ran Files.createDirectories /home/runner/work/ratis/ratis/ratis-test/target/test/data/52ed935e/MiniRaftClusterWithSimulatedRpc6556e5ab/s4/7207ec40-1066-49fd-af1e-6458135c7b8a
2022-08-26 17:03:22,896 [pool-9-thread-1] INFO  server.RaftServerConfigKeys (ConfUtils.java:logGet(46)) - raft.server.log.appender.install.snapshot.enabled = true (default)
2022-08-26 17:03:22,896 [pool-9-thread-1] INFO  server.RaftServerConfigKeys (ConfUtils.java:logGet(46)) - raft.server.threadpool.server.cached = true (default)
2022-08-26 17:03:22,896 [s4-impl-thread1] INFO  storage.RaftStorageDirectory (RaftStorageDirectoryImpl.java:tryLock(232)) - Lock on /home/runner/work/ratis/ratis/ratis-test/target/test/data/52ed935e/MiniRaftClusterWithSimulatedRpc6556e5ab/s4/7207ec40-1066-49fd-af1e-6458135c7b8a/in_use.lock acquired by nodename 7316@fv-az180-188
2022-08-26 17:03:22,896 [s4-impl-thread1] TRACE util.FileUtils (LogUtils.java:runAndLog(49)) - Successfully ran Files.createDirectories /home/runner/work/ratis/ratis/ratis-test/target/test/data/52ed935e/MiniRaftClusterWithSimulatedRpc6556e5ab/s4/7207ec40-1066-49fd-af1e-6458135c7b8a/current
2022-08-26 17:03:22,896 [s4-impl-thread1] TRACE util.FileUtils (LogUtils.java:runAndLog(49)) - Successfully ran Files.createDirectories /home/runner/work/ratis/ratis/ratis-test/target/test/data/52ed935e/MiniRaftClusterWithSimulatedRpc6556e5ab/s4/7207ec40-1066-49fd-af1e-6458135c7b8a/sm
2022-08-26 17:03:22,897 [s4-impl-thread1] INFO  storage.RaftStorage (RaftStorageImpl.java:format(96)) - Storage directory /home/runner/work/ratis/ratis/ratis-test/target/test/data/52ed935e/MiniRaftClusterWithSimulatedRpc6556e5ab/s4/7207ec40-1066-49fd-af1e-6458135c7b8a has been successfully formatted.
2022-08-26 17:03:22,897 [s4-impl-thread1] INFO  server.RaftServerConfigKeys (ConfUtils.java:logGet(46)) - raft.server.log.use.memory = false (default)
2022-08-26 17:03:22,897 [s4-impl-thread1] INFO  server.RaftServerConfigKeys (ConfUtils.java:logGet(46)) - raft.server.log.purge.gap = 1024 (default)
2022-08-26 17:03:22,897 [s4-impl-thread1] INFO  server.RaftServerConfigKeys (ConfUtils.java:logGet(46)) - raft.server.log.appender.buffer.byte-limit = 4MB (=4194304) (default)
2022-08-26 17:03:22,897 [s4-impl-thread1] INFO  server.RaftServerConfigKeys (ConfUtils.java:logGet(46)) - raft.server.log.statemachine.data.read.timeout = 1000ms (default)
2022-08-26 17:03:22,898 [s4-impl-thread1] INFO  server.RaftServerConfigKeys (ConfUtils.java:logGet(46)) - raft.server.log.purge.preservation.log.num = 0 (default)
2022-08-26 17:03:22,898 [s4-impl-thread1] INFO  server.RaftServerConfigKeys (ConfUtils.java:logGet(46)) - raft.server.log.segment.size.max = 8MB (=8388608) (default)
2022-08-26 17:03:22,898 [s4-impl-thread1] INFO  server.RaftServerConfigKeys (ConfUtils.java:logGet(46)) - raft.server.log.segment.cache.num.max = 6 (default)
2022-08-26 17:03:22,898 [s4-impl-thread1] INFO  server.RaftServerConfigKeys (ConfUtils.java:logGet(46)) - raft.server.log.segment.cache.size.max = 200MB (=209715200) (default)
2022-08-26 17:03:22,898 [s4-impl-thread1] INFO  segmented.SegmentedRaftLogWorker (SegmentedRaftLogWorker.java:<init>(191)) - new s4@group-6458135C7B8A-SegmentedRaftLogWorker for RaftStorageImpl:Storage Directory /home/runner/work/ratis/ratis/ratis-test/target/test/data/52ed935e/MiniRaftClusterWithSimulatedRpc6556e5ab/s4/7207ec40-1066-49fd-af1e-6458135c7b8a
2022-08-26 17:03:22,898 [s4-impl-thread1] INFO  server.RaftServerConfigKeys (ConfUtils.java:logGet(46)) - raft.server.log.queue.byte-limit = 64MB (=67108864) (default)
2022-08-26 17:03:22,898 [s4-impl-thread1] INFO  server.RaftServerConfigKeys (ConfUtils.java:logGet(46)) - raft.server.log.queue.element-limit = 4096 (default)
2022-08-26 17:03:22,898 [s4-impl-thread1] INFO  server.RaftServerConfigKeys (ConfUtils.java:logGet(46)) - raft.server.log.segment.size.max = 8MB (=8388608) (default)
2022-08-26 17:03:22,898 [s4-impl-thread1] INFO  server.RaftServerConfigKeys (ConfUtils.java:logGet(46)) - raft.server.log.preallocated.size = 4MB (=4194304) (default)
2022-08-26 17:03:22,898 [s4-impl-thread1] INFO  server.RaftServerConfigKeys (ConfUtils.java:logGet(46)) - raft.server.log.force.sync.num = 128 (default)
2022-08-26 17:03:22,898 [s4-impl-thread1] INFO  server.RaftServerConfigKeys (ConfUtils.java:logGet(46)) - raft.server.log.statemachine.data.sync = true (default)
2022-08-26 17:03:22,898 [s4-impl-thread1] INFO  server.RaftServerConfigKeys (ConfUtils.java:logGet(46)) - raft.server.log.statemachine.data.sync.timeout = 10s (default)
2022-08-26 17:03:22,898 [s4-impl-thread1] INFO  server.RaftServerConfigKeys (ConfUtils.java:logGet(46)) - raft.server.log.statemachine.data.sync.timeout.retry = -1 (default)
2022-08-26 17:03:22,899 [s4-impl-thread1] INFO  server.RaftServerConfigKeys (ConfUtils.java:logGet(46)) - raft.server.log.write.buffer.size = 64KB (=65536) (default)
2022-08-26 17:03:22,899 [s4-impl-thread1] INFO  server.RaftServerConfigKeys (ConfUtils.java:logGet(46)) - raft.server.log.unsafe-flush.enabled = false (default)
2022-08-26 17:03:22,899 [s4-impl-thread1] INFO  server.RaftServerConfigKeys (ConfUtils.java:logGet(46)) - raft.server.log.async-flush.enabled = false (default)
2022-08-26 17:03:22,899 [s4-impl-thread1] INFO  server.RaftServerConfigKeys (ConfUtils.java:logGet(46)) - raft.server.log.statemachine.data.caching.enabled = false (default)
2022-08-26 17:03:22,899 [s4-impl-thread1] INFO  segmented.SegmentedRaftLogWorker (SegmentedRaftLogWorker.java:lambda$new$0(136)) - s4@group-6458135C7B8A-SegmentedRaftLogWorker: flushIndex: setUnconditionally 0 -> -1
2022-08-26 17:03:22,900 [s4-impl-thread1] INFO  segmented.SegmentedRaftLogWorker (SegmentedRaftLogWorker.java:lambda$new$0(136)) - s4@group-6458135C7B8A-SegmentedRaftLogWorker: safeCacheEvictIndex: setUnconditionally 0 -> -1
2022-08-26 17:03:22,902 [s4-impl-thread1] INFO  server.RaftServer$Division (RaftServerImpl.java:start(328)) - s4@group-6458135C7B8A: start as a follower, conf=-1: peers:[s3|rpc:localhost:34629|admin:localhost:38947|client:localhost:34343|dataStream:localhost:36131|priority:0|startupRole:FOLLOWER, s4|rpc:localhost:41115|admin:localhost:34281|client:localhost:37581|dataStream:localhost:43601|priority:0|startupRole:FOLLOWER, s0|rpc:localhost:41743|admin:localhost:42389|client:localhost:43463|dataStream:localhost:33005|priority:0|startupRole:FOLLOWER, s1|rpc:localhost:43623|admin:localhost:45655|client:localhost:33463|dataStream:localhost:33813|priority:0|startupRole:FOLLOWER, s2|rpc:localhost:37993|admin:localhost:44397|client:localhost:35825|dataStream:localhost:43663|priority:0|startupRole:FOLLOWER]|listeners:[], old=null
2022-08-26 17:03:22,902 [s4-impl-thread1] INFO  server.RaftServer$Division (RaftServerImpl.java:setRole(315)) - s4@group-6458135C7B8A: changes role from      null to FOLLOWER at term 0 for startAsFollower
2022-08-26 17:03:22,902 [s4-impl-thread1] INFO  impl.RoleInfo (RoleInfo.java:updateAndGet(139)) - s4: start s4@group-6458135C7B8A-FollowerState
2022-08-26 17:03:22,896 [pool-9-thread-1] INFO  server.RaftServerConfigKeys (ConfUtils.java:logGet(46)) - raft.server.threadpool.server.size = 0 (default)
2022-08-26 17:03:22,906 [pool-9-thread-1] INFO  server.RaftServerConfigKeys (ConfUtils.java:logGet(46)) - raft.server.threadpool.client.cached = true (default)
2022-08-26 17:03:22,907 [s4-impl-thread1] INFO  util.JmxRegister (JmxRegister.java:tryRegister(44)) - Successfully registered JMX Bean with object name Ratis:service=RaftServer,group=group-6458135C7B8A,id=s4
2022-08-26 17:03:22,907 [s4-impl-thread1] INFO  server.RaftServerConfigKeys (ConfUtils.java:logGet(46)) - raft.server.snapshot.auto.trigger.enabled = false (default)
2022-08-26 17:03:22,907 [s4-impl-thread1] INFO  server.RaftServerConfigKeys (ConfUtils.java:logGet(46)) - raft.server.snapshot.retention.file.num = -1 (default)
2022-08-26 17:03:22,907 [s4-impl-thread1] INFO  server.RaftServerConfigKeys (ConfUtils.java:logGet(46)) - raft.server.log.purge.upto.snapshot.index = false (default)
2022-08-26 17:03:22,907 [pool-9-thread-1] INFO  server.RaftServerConfigKeys (ConfUtils.java:logGet(46)) - raft.server.threadpool.client.size = 0 (default)
2022-08-26 17:03:22,907 [s4@group-6458135C7B8A-FollowerState] INFO  server.RaftServerConfigKeys (ConfUtils.java:logFallback(53)) - raft.server.rpc.first-election.timeout.min = 150ms (fallback to raft.server.rpc.timeout.min)
2022-08-26 17:03:22,907 [s4@group-6458135C7B8A-FollowerState] INFO  server.RaftServerConfigKeys (ConfUtils.java:logFallback(53)) - raft.server.rpc.first-election.timeout.max = 300ms (fallback to raft.server.rpc.timeout.max)
2022-08-26 17:03:22,910 [Time-limited test] INFO  server.RaftServer (RaftServerProxy.java:startImpl(388)) - s4: start RPC server
2022-08-26 17:03:22,915 [s0-impl-thread1] INFO  server.RaftServerConfigKeys (ConfUtils.java:logGet(46)) - raft.server.storage.free-space.min = 0MB (=0) (default)
2022-08-26 17:03:22,916 [s0-impl-thread1] INFO  server.RaftServerConfigKeys (ConfUtils.java:logGet(46)) - raft.server.log.corruption.policy = EXCEPTION (default)
2022-08-26 17:03:22,916 [s0-impl-thread1] INFO  server.RaftServerConfigKeys (ConfUtils.java:logGet(46)) - raft.server.storage.dir = [/home/runner/work/ratis/ratis/ratis-test/target/test/data/52ed935e/MiniRaftClusterWithSimulatedRpc6556e5ab/s0] (custom)
2022-08-26 17:03:22,916 [s0-impl-thread1] INFO  storage.RaftStorageDirectory (RaftStorageDirectoryImpl.java:analyzeStorage(138)) - The storage directory /home/runner/work/ratis/ratis/ratis-test/target/test/data/52ed935e/MiniRaftClusterWithSimulatedRpc6556e5ab/s0/7207ec40-1066-49fd-af1e-6458135c7b8a does not exist. Creating ...
2022-08-26 17:03:22,916 [s0-impl-thread1] TRACE util.FileUtils (LogUtils.java:runAndLog(49)) - Successfully ran Files.createDirectories /home/runner/work/ratis/ratis/ratis-test/target/test/data/52ed935e/MiniRaftClusterWithSimulatedRpc6556e5ab/s0/7207ec40-1066-49fd-af1e-6458135c7b8a
2022-08-26 17:03:22,917 [org.apache.ratis.util.JvmPauseMonitor$$Lambda$310/0x0000000100238440@62b14238] INFO  util.JvmPauseMonitor (JvmPauseMonitor.java:run(103)) - JvmPauseMonitor-s4: Started
2022-08-26 17:03:22,917 [s0-impl-thread1] INFO  storage.RaftStorageDirectory (RaftStorageDirectoryImpl.java:tryLock(232)) - Lock on /home/runner/work/ratis/ratis/ratis-test/target/test/data/52ed935e/MiniRaftClusterWithSimulatedRpc6556e5ab/s0/7207ec40-1066-49fd-af1e-6458135c7b8a/in_use.lock acquired by nodename 7316@fv-az180-188
2022-08-26 17:03:22,917 [s0-impl-thread1] TRACE util.FileUtils (LogUtils.java:runAndLog(49)) - Successfully ran Files.createDirectories /home/runner/work/ratis/ratis/ratis-test/target/test/data/52ed935e/MiniRaftClusterWithSimulatedRpc6556e5ab/s0/7207ec40-1066-49fd-af1e-6458135c7b8a/current
2022-08-26 17:03:22,917 [s0-impl-thread1] TRACE util.FileUtils (LogUtils.java:runAndLog(49)) - Successfully ran Files.createDirectories /home/runner/work/ratis/ratis/ratis-test/target/test/data/52ed935e/MiniRaftClusterWithSimulatedRpc6556e5ab/s0/7207ec40-1066-49fd-af1e-6458135c7b8a/sm
2022-08-26 17:03:22,918 [s0-impl-thread1] INFO  storage.RaftStorage (RaftStorageImpl.java:format(96)) - Storage directory /home/runner/work/ratis/ratis/ratis-test/target/test/data/52ed935e/MiniRaftClusterWithSimulatedRpc6556e5ab/s0/7207ec40-1066-49fd-af1e-6458135c7b8a has been successfully formatted.
2022-08-26 17:03:22,918 [s0-impl-thread1] INFO  server.RaftServerConfigKeys (ConfUtils.java:logGet(46)) - raft.server.log.use.memory = false (default)
2022-08-26 17:03:22,919 [s0-impl-thread1] INFO  server.RaftServerConfigKeys (ConfUtils.java:logGet(46)) - raft.server.log.purge.gap = 1024 (default)
2022-08-26 17:03:22,919 [s0-impl-thread1] INFO  server.RaftServerConfigKeys (ConfUtils.java:logGet(46)) - raft.server.log.appender.buffer.byte-limit = 4MB (=4194304) (default)
2022-08-26 17:03:22,919 [s0-impl-thread1] INFO  server.RaftServerConfigKeys (ConfUtils.java:logGet(46)) - raft.server.log.statemachine.data.read.timeout = 1000ms (default)
2022-08-26 17:03:22,919 [s0-impl-thread1] INFO  server.RaftServerConfigKeys (ConfUtils.java:logGet(46)) - raft.server.log.purge.preservation.log.num = 0 (default)
2022-08-26 17:03:22,919 [s0-impl-thread1] INFO  server.RaftServerConfigKeys (ConfUtils.java:logGet(46)) - raft.server.log.segment.size.max = 8MB (=8388608) (default)
2022-08-26 17:03:22,919 [s0-impl-thread1] INFO  server.RaftServerConfigKeys (ConfUtils.java:logGet(46)) - raft.server.log.segment.cache.num.max = 6 (default)
2022-08-26 17:03:22,919 [s0-impl-thread1] INFO  server.RaftServerConfigKeys (ConfUtils.java:logGet(46)) - raft.server.log.segment.cache.size.max = 200MB (=209715200) (default)
2022-08-26 17:03:22,919 [s0-impl-thread1] INFO  segmented.SegmentedRaftLogWorker (SegmentedRaftLogWorker.java:<init>(191)) - new s0@group-6458135C7B8A-SegmentedRaftLogWorker for RaftStorageImpl:Storage Directory /home/runner/work/ratis/ratis/ratis-test/target/test/data/52ed935e/MiniRaftClusterWithSimulatedRpc6556e5ab/s0/7207ec40-1066-49fd-af1e-6458135c7b8a
2022-08-26 17:03:22,919 [s0-impl-thread1] INFO  server.RaftServerConfigKeys (ConfUtils.java:logGet(46)) - raft.server.log.queue.byte-limit = 64MB (=67108864) (default)
2022-08-26 17:03:22,919 [s0-impl-thread1] INFO  server.RaftServerConfigKeys (ConfUtils.java:logGet(46)) - raft.server.log.queue.element-limit = 4096 (default)
2022-08-26 17:03:22,919 [s0-impl-thread1] INFO  server.RaftServerConfigKeys (ConfUtils.java:logGet(46)) - raft.server.log.segment.size.max = 8MB (=8388608) (default)
2022-08-26 17:03:22,920 [s0-impl-thread1] INFO  server.RaftServerConfigKeys (ConfUtils.java:logGet(46)) - raft.server.log.preallocated.size = 4MB (=4194304) (default)
2022-08-26 17:03:22,920 [s0-impl-thread1] INFO  server.RaftServerConfigKeys (ConfUtils.java:logGet(46)) - raft.server.log.force.sync.num = 128 (default)
2022-08-26 17:03:22,920 [s0-impl-thread1] INFO  server.RaftServerConfigKeys (ConfUtils.java:logGet(46)) - raft.server.log.statemachine.data.sync = true (default)
2022-08-26 17:03:22,920 [s0-impl-thread1] INFO  server.RaftServerConfigKeys (ConfUtils.java:logGet(46)) - raft.server.log.statemachine.data.sync.timeout = 10s (default)
2022-08-26 17:03:22,920 [s0-impl-thread1] INFO  server.RaftServerConfigKeys (ConfUtils.java:logGet(46)) - raft.server.log.statemachine.data.sync.timeout.retry = -1 (default)
2022-08-26 17:03:22,920 [s0-impl-thread1] INFO  server.RaftServerConfigKeys (ConfUtils.java:logGet(46)) - raft.server.log.write.buffer.size = 64KB (=65536) (default)
2022-08-26 17:03:22,920 [s0-impl-thread1] INFO  server.RaftServerConfigKeys (ConfUtils.java:logGet(46)) - raft.server.log.unsafe-flush.enabled = false (default)
2022-08-26 17:03:22,920 [s0-impl-thread1] INFO  server.RaftServerConfigKeys (ConfUtils.java:logGet(46)) - raft.server.log.async-flush.enabled = false (default)
2022-08-26 17:03:22,921 [s0-impl-thread1] INFO  server.RaftServerConfigKeys (ConfUtils.java:logGet(46)) - raft.server.log.statemachine.data.caching.enabled = false (default)
2022-08-26 17:03:22,921 [s0-impl-thread1] INFO  segmented.SegmentedRaftLogWorker (SegmentedRaftLogWorker.java:lambda$new$0(136)) - s0@group-6458135C7B8A-SegmentedRaftLogWorker: flushIndex: setUnconditionally 0 -> -1
2022-08-26 17:03:22,921 [s0-impl-thread1] INFO  segmented.SegmentedRaftLogWorker (SegmentedRaftLogWorker.java:lambda$new$0(136)) - s0@group-6458135C7B8A-SegmentedRaftLogWorker: safeCacheEvictIndex: setUnconditionally 0 -> -1
2022-08-26 17:03:22,930 [s0-impl-thread1] INFO  server.RaftServer$Division (RaftServerImpl.java:start(328)) - s0@group-6458135C7B8A: start as a follower, conf=-1: peers:[s3|rpc:localhost:34629|admin:localhost:38947|client:localhost:34343|dataStream:localhost:36131|priority:0|startupRole:FOLLOWER, s4|rpc:localhost:41115|admin:localhost:34281|client:localhost:37581|dataStream:localhost:43601|priority:0|startupRole:FOLLOWER, s0|rpc:localhost:41743|admin:localhost:42389|client:localhost:43463|dataStream:localhost:33005|priority:0|startupRole:FOLLOWER, s1|rpc:localhost:43623|admin:localhost:45655|client:localhost:33463|dataStream:localhost:33813|priority:0|startupRole:FOLLOWER, s2|rpc:localhost:37993|admin:localhost:44397|client:localhost:35825|dataStream:localhost:43663|priority:0|startupRole:FOLLOWER]|listeners:[], old=null
2022-08-26 17:03:22,931 [s0-impl-thread1] INFO  server.RaftServer$Division (RaftServerImpl.java:setRole(315)) - s0@group-6458135C7B8A: changes role from      null to FOLLOWER at term 0 for startAsFollower
2022-08-26 17:03:22,931 [s0-impl-thread1] INFO  impl.RoleInfo (RoleInfo.java:updateAndGet(139)) - s0: start s0@group-6458135C7B8A-FollowerState
2022-08-26 17:03:22,935 [s0-impl-thread1] INFO  util.JmxRegister (JmxRegister.java:tryRegister(44)) - Successfully registered JMX Bean with object name Ratis:service=RaftServer,group=group-6458135C7B8A,id=s0
2022-08-26 17:03:22,935 [s0-impl-thread1] INFO  server.RaftServerConfigKeys (ConfUtils.java:logGet(46)) - raft.server.snapshot.auto.trigger.enabled = false (default)
2022-08-26 17:03:22,935 [s0-impl-thread1] INFO  server.RaftServerConfigKeys (ConfUtils.java:logGet(46)) - raft.server.snapshot.retention.file.num = -1 (default)
2022-08-26 17:03:22,935 [s0-impl-thread1] INFO  server.RaftServerConfigKeys (ConfUtils.java:logGet(46)) - raft.server.log.purge.upto.snapshot.index = false (default)
2022-08-26 17:03:22,935 [s0@group-6458135C7B8A-FollowerState] INFO  server.RaftServerConfigKeys (ConfUtils.java:logFallback(53)) - raft.server.rpc.first-election.timeout.min = 150ms (fallback to raft.server.rpc.timeout.min)
2022-08-26 17:03:22,936 [s0@group-6458135C7B8A-FollowerState] INFO  server.RaftServerConfigKeys (ConfUtils.java:logFallback(53)) - raft.server.rpc.first-election.timeout.max = 300ms (fallback to raft.server.rpc.timeout.max)
2022-08-26 17:03:22,936 [Time-limited test] INFO  server.RaftServer (RaftServerProxy.java:startImpl(388)) - s0: start RPC server
2022-08-26 17:03:22,937 [s1-impl-thread1] INFO  server.RaftServerConfigKeys (ConfUtils.java:logGet(46)) - raft.server.storage.free-space.min = 0MB (=0) (default)
2022-08-26 17:03:22,937 [org.apache.ratis.util.JvmPauseMonitor$$Lambda$310/0x0000000100238440@314efd2b] INFO  util.JvmPauseMonitor (JvmPauseMonitor.java:run(103)) - JvmPauseMonitor-s0: Started
2022-08-26 17:03:22,937 [s1-impl-thread1] INFO  server.RaftServerConfigKeys (ConfUtils.java:logGet(46)) - raft.server.log.corruption.policy = EXCEPTION (default)
2022-08-26 17:03:22,937 [s1-impl-thread1] INFO  server.RaftServerConfigKeys (ConfUtils.java:logGet(46)) - raft.server.storage.dir = [/home/runner/work/ratis/ratis/ratis-test/target/test/data/52ed935e/MiniRaftClusterWithSimulatedRpc6556e5ab/s1] (custom)
2022-08-26 17:03:22,937 [s1-impl-thread1] INFO  storage.RaftStorageDirectory (RaftStorageDirectoryImpl.java:analyzeStorage(138)) - The storage directory /home/runner/work/ratis/ratis/ratis-test/target/test/data/52ed935e/MiniRaftClusterWithSimulatedRpc6556e5ab/s1/7207ec40-1066-49fd-af1e-6458135c7b8a does not exist. Creating ...
2022-08-26 17:03:22,937 [s1-impl-thread1] TRACE util.FileUtils (LogUtils.java:runAndLog(49)) - Successfully ran Files.createDirectories /home/runner/work/ratis/ratis/ratis-test/target/test/data/52ed935e/MiniRaftClusterWithSimulatedRpc6556e5ab/s1/7207ec40-1066-49fd-af1e-6458135c7b8a
2022-08-26 17:03:22,938 [s1-impl-thread1] INFO  storage.RaftStorageDirectory (RaftStorageDirectoryImpl.java:tryLock(232)) - Lock on /home/runner/work/ratis/ratis/ratis-test/target/test/data/52ed935e/MiniRaftClusterWithSimulatedRpc6556e5ab/s1/7207ec40-1066-49fd-af1e-6458135c7b8a/in_use.lock acquired by nodename 7316@fv-az180-188
2022-08-26 17:03:22,938 [s1-impl-thread1] TRACE util.FileUtils (LogUtils.java:runAndLog(49)) - Successfully ran Files.createDirectories /home/runner/work/ratis/ratis/ratis-test/target/test/data/52ed935e/MiniRaftClusterWithSimulatedRpc6556e5ab/s1/7207ec40-1066-49fd-af1e-6458135c7b8a/current
2022-08-26 17:03:22,939 [s1-impl-thread1] TRACE util.FileUtils (LogUtils.java:runAndLog(49)) - Successfully ran Files.createDirectories /home/runner/work/ratis/ratis/ratis-test/target/test/data/52ed935e/MiniRaftClusterWithSimulatedRpc6556e5ab/s1/7207ec40-1066-49fd-af1e-6458135c7b8a/sm
2022-08-26 17:03:22,939 [s1-impl-thread1] INFO  storage.RaftStorage (RaftStorageImpl.java:format(96)) - Storage directory /home/runner/work/ratis/ratis/ratis-test/target/test/data/52ed935e/MiniRaftClusterWithSimulatedRpc6556e5ab/s1/7207ec40-1066-49fd-af1e-6458135c7b8a has been successfully formatted.
2022-08-26 17:03:22,940 [s1-impl-thread1] INFO  server.RaftServerConfigKeys (ConfUtils.java:logGet(46)) - raft.server.log.use.memory = false (default)
2022-08-26 17:03:22,940 [s1-impl-thread1] INFO  server.RaftServerConfigKeys (ConfUtils.java:logGet(46)) - raft.server.log.purge.gap = 1024 (default)
2022-08-26 17:03:22,940 [s1-impl-thread1] INFO  server.RaftServerConfigKeys (ConfUtils.java:logGet(46)) - raft.server.log.appender.buffer.byte-limit = 4MB (=4194304) (default)
2022-08-26 17:03:22,940 [s1-impl-thread1] INFO  server.RaftServerConfigKeys (ConfUtils.java:logGet(46)) - raft.server.log.statemachine.data.read.timeout = 1000ms (default)
2022-08-26 17:03:22,940 [s1-impl-thread1] INFO  server.RaftServerConfigKeys (ConfUtils.java:logGet(46)) - raft.server.log.purge.preservation.log.num = 0 (default)
2022-08-26 17:03:22,940 [s1-impl-thread1] INFO  server.RaftServerConfigKeys (ConfUtils.java:logGet(46)) - raft.server.log.segment.size.max = 8MB (=8388608) (default)
2022-08-26 17:03:22,940 [s1-impl-thread1] INFO  server.RaftServerConfigKeys (ConfUtils.java:logGet(46)) - raft.server.log.segment.cache.num.max = 6 (default)
2022-08-26 17:03:22,940 [s1-impl-thread1] INFO  server.RaftServerConfigKeys (ConfUtils.java:logGet(46)) - raft.server.log.segment.cache.size.max = 200MB (=209715200) (default)
2022-08-26 17:03:22,940 [s1-impl-thread1] INFO  segmented.SegmentedRaftLogWorker (SegmentedRaftLogWorker.java:<init>(191)) - new s1@group-6458135C7B8A-SegmentedRaftLogWorker for RaftStorageImpl:Storage Directory /home/runner/work/ratis/ratis/ratis-test/target/test/data/52ed935e/MiniRaftClusterWithSimulatedRpc6556e5ab/s1/7207ec40-1066-49fd-af1e-6458135c7b8a
2022-08-26 17:03:22,940 [s1-impl-thread1] INFO  server.RaftServerConfigKeys (ConfUtils.java:logGet(46)) - raft.server.log.queue.byte-limit = 64MB (=67108864) (default)
2022-08-26 17:03:22,940 [s1-impl-thread1] INFO  server.RaftServerConfigKeys (ConfUtils.java:logGet(46)) - raft.server.log.queue.element-limit = 4096 (default)
2022-08-26 17:03:22,940 [s1-impl-thread1] INFO  server.RaftServerConfigKeys (ConfUtils.java:logGet(46)) - raft.server.log.segment.size.max = 8MB (=8388608) (default)
2022-08-26 17:03:22,941 [s1-impl-thread1] INFO  server.RaftServerConfigKeys (ConfUtils.java:logGet(46)) - raft.server.log.preallocated.size = 4MB (=4194304) (default)
2022-08-26 17:03:22,941 [s1-impl-thread1] INFO  server.RaftServerConfigKeys (ConfUtils.java:logGet(46)) - raft.server.log.force.sync.num = 128 (default)
2022-08-26 17:03:22,941 [s1-impl-thread1] INFO  server.RaftServerConfigKeys (ConfUtils.java:logGet(46)) - raft.server.log.statemachine.data.sync = true (default)
2022-08-26 17:03:22,941 [s1-impl-thread1] INFO  server.RaftServerConfigKeys (ConfUtils.java:logGet(46)) - raft.server.log.statemachine.data.sync.timeout = 10s (default)
2022-08-26 17:03:22,941 [s1-impl-thread1] INFO  server.RaftServerConfigKeys (ConfUtils.java:logGet(46)) - raft.server.log.statemachine.data.sync.timeout.retry = -1 (default)
2022-08-26 17:03:22,941 [s1-impl-thread1] INFO  server.RaftServerConfigKeys (ConfUtils.java:logGet(46)) - raft.server.log.write.buffer.size = 64KB (=65536) (default)
2022-08-26 17:03:22,941 [s1-impl-thread1] INFO  server.RaftServerConfigKeys (ConfUtils.java:logGet(46)) - raft.server.log.unsafe-flush.enabled = false (default)
2022-08-26 17:03:22,941 [s1-impl-thread1] INFO  server.RaftServerConfigKeys (ConfUtils.java:logGet(46)) - raft.server.log.async-flush.enabled = false (default)
2022-08-26 17:03:22,941 [s1-impl-thread1] INFO  server.RaftServerConfigKeys (ConfUtils.java:logGet(46)) - raft.server.log.statemachine.data.caching.enabled = false (default)
2022-08-26 17:03:22,942 [s1-impl-thread1] INFO  segmented.SegmentedRaftLogWorker (SegmentedRaftLogWorker.java:lambda$new$0(136)) - s1@group-6458135C7B8A-SegmentedRaftLogWorker: flushIndex: setUnconditionally 0 -> -1
2022-08-26 17:03:22,942 [s1-impl-thread1] INFO  segmented.SegmentedRaftLogWorker (SegmentedRaftLogWorker.java:lambda$new$0(136)) - s1@group-6458135C7B8A-SegmentedRaftLogWorker: safeCacheEvictIndex: setUnconditionally 0 -> -1
2022-08-26 17:03:22,942 [s1-impl-thread1] INFO  server.RaftServer$Division (RaftServerImpl.java:start(328)) - s1@group-6458135C7B8A: start as a follower, conf=-1: peers:[s3|rpc:localhost:34629|admin:localhost:38947|client:localhost:34343|dataStream:localhost:36131|priority:0|startupRole:FOLLOWER, s4|rpc:localhost:41115|admin:localhost:34281|client:localhost:37581|dataStream:localhost:43601|priority:0|startupRole:FOLLOWER, s0|rpc:localhost:41743|admin:localhost:42389|client:localhost:43463|dataStream:localhost:33005|priority:0|startupRole:FOLLOWER, s1|rpc:localhost:43623|admin:localhost:45655|client:localhost:33463|dataStream:localhost:33813|priority:0|startupRole:FOLLOWER, s2|rpc:localhost:37993|admin:localhost:44397|client:localhost:35825|dataStream:localhost:43663|priority:0|startupRole:FOLLOWER]|listeners:[], old=null
2022-08-26 17:03:22,942 [s1-impl-thread1] INFO  server.RaftServer$Division (RaftServerImpl.java:setRole(315)) - s1@group-6458135C7B8A: changes role from      null to FOLLOWER at term 0 for startAsFollower
2022-08-26 17:03:22,942 [s1-impl-thread1] INFO  impl.RoleInfo (RoleInfo.java:updateAndGet(139)) - s1: start s1@group-6458135C7B8A-FollowerState
2022-08-26 17:03:22,942 [s1-impl-thread1] INFO  util.JmxRegister (JmxRegister.java:tryRegister(44)) - Successfully registered JMX Bean with object name Ratis:service=RaftServer,group=group-6458135C7B8A,id=s1
2022-08-26 17:03:22,943 [s1-impl-thread1] INFO  server.RaftServerConfigKeys (ConfUtils.java:logGet(46)) - raft.server.snapshot.auto.trigger.enabled = false (default)
2022-08-26 17:03:22,943 [s1-impl-thread1] INFO  server.RaftServerConfigKeys (ConfUtils.java:logGet(46)) - raft.server.snapshot.retention.file.num = -1 (default)
2022-08-26 17:03:22,943 [s1-impl-thread1] INFO  server.RaftServerConfigKeys (ConfUtils.java:logGet(46)) - raft.server.log.purge.upto.snapshot.index = false (default)
2022-08-26 17:03:22,943 [s1@group-6458135C7B8A-FollowerState] INFO  server.RaftServerConfigKeys (ConfUtils.java:logFallback(53)) - raft.server.rpc.first-election.timeout.min = 150ms (fallback to raft.server.rpc.timeout.min)
2022-08-26 17:03:22,943 [s1@group-6458135C7B8A-FollowerState] INFO  server.RaftServerConfigKeys (ConfUtils.java:logFallback(53)) - raft.server.rpc.first-election.timeout.max = 300ms (fallback to raft.server.rpc.timeout.max)
2022-08-26 17:03:22,943 [Time-limited test] INFO  server.RaftServer (RaftServerProxy.java:startImpl(388)) - s1: start RPC server
2022-08-26 17:03:22,944 [s2-impl-thread1] INFO  server.RaftServerConfigKeys (ConfUtils.java:logGet(46)) - raft.server.storage.free-space.min = 0MB (=0) (default)
2022-08-26 17:03:22,944 [s2-impl-thread1] INFO  server.RaftServerConfigKeys (ConfUtils.java:logGet(46)) - raft.server.log.corruption.policy = EXCEPTION (default)
2022-08-26 17:03:22,944 [s2-impl-thread1] INFO  server.RaftServerConfigKeys (ConfUtils.java:logGet(46)) - raft.server.storage.dir = [/home/runner/work/ratis/ratis/ratis-test/target/test/data/52ed935e/MiniRaftClusterWithSimulatedRpc6556e5ab/s2] (custom)
2022-08-26 17:03:22,945 [s2-impl-thread1] INFO  storage.RaftStorageDirectory (RaftStorageDirectoryImpl.java:analyzeStorage(138)) - The storage directory /home/runner/work/ratis/ratis/ratis-test/target/test/data/52ed935e/MiniRaftClusterWithSimulatedRpc6556e5ab/s2/7207ec40-1066-49fd-af1e-6458135c7b8a does not exist. Creating ...
2022-08-26 17:03:22,945 [s2-impl-thread1] TRACE util.FileUtils (LogUtils.java:runAndLog(49)) - Successfully ran Files.createDirectories /home/runner/work/ratis/ratis/ratis-test/target/test/data/52ed935e/MiniRaftClusterWithSimulatedRpc6556e5ab/s2/7207ec40-1066-49fd-af1e-6458135c7b8a
2022-08-26 17:03:22,945 [org.apache.ratis.util.JvmPauseMonitor$$Lambda$310/0x0000000100238440@52c77433] INFO  util.JvmPauseMonitor (JvmPauseMonitor.java:run(103)) - JvmPauseMonitor-s1: Started
2022-08-26 17:03:22,946 [s2-impl-thread1] INFO  storage.RaftStorageDirectory (RaftStorageDirectoryImpl.java:tryLock(232)) - Lock on /home/runner/work/ratis/ratis/ratis-test/target/test/data/52ed935e/MiniRaftClusterWithSimulatedRpc6556e5ab/s2/7207ec40-1066-49fd-af1e-6458135c7b8a/in_use.lock acquired by nodename 7316@fv-az180-188
2022-08-26 17:03:22,946 [s2-impl-thread1] TRACE util.FileUtils (LogUtils.java:runAndLog(49)) - Successfully ran Files.createDirectories /home/runner/work/ratis/ratis/ratis-test/target/test/data/52ed935e/MiniRaftClusterWithSimulatedRpc6556e5ab/s2/7207ec40-1066-49fd-af1e-6458135c7b8a/current
2022-08-26 17:03:22,946 [s2-impl-thread1] TRACE util.FileUtils (LogUtils.java:runAndLog(49)) - Successfully ran Files.createDirectories /home/runner/work/ratis/ratis/ratis-test/target/test/data/52ed935e/MiniRaftClusterWithSimulatedRpc6556e5ab/s2/7207ec40-1066-49fd-af1e-6458135c7b8a/sm
2022-08-26 17:03:22,947 [s2-impl-thread1] INFO  storage.RaftStorage (RaftStorageImpl.java:format(96)) - Storage directory /home/runner/work/ratis/ratis/ratis-test/target/test/data/52ed935e/MiniRaftClusterWithSimulatedRpc6556e5ab/s2/7207ec40-1066-49fd-af1e-6458135c7b8a has been successfully formatted.
2022-08-26 17:03:22,947 [s2-impl-thread1] INFO  server.RaftServerConfigKeys (ConfUtils.java:logGet(46)) - raft.server.log.use.memory = false (default)
2022-08-26 17:03:22,947 [s2-impl-thread1] INFO  server.RaftServerConfigKeys (ConfUtils.java:logGet(46)) - raft.server.log.purge.gap = 1024 (default)
2022-08-26 17:03:22,947 [s2-impl-thread1] INFO  server.RaftServerConfigKeys (ConfUtils.java:logGet(46)) - raft.server.log.appender.buffer.byte-limit = 4MB (=4194304) (default)
2022-08-26 17:03:22,947 [s2-impl-thread1] INFO  server.RaftServerConfigKeys (ConfUtils.java:logGet(46)) - raft.server.log.statemachine.data.read.timeout = 1000ms (default)
2022-08-26 17:03:22,947 [s2-impl-thread1] INFO  server.RaftServerConfigKeys (ConfUtils.java:logGet(46)) - raft.server.log.purge.preservation.log.num = 0 (default)
2022-08-26 17:03:22,948 [s2-impl-thread1] INFO  server.RaftServerConfigKeys (ConfUtils.java:logGet(46)) - raft.server.log.segment.size.max = 8MB (=8388608) (default)
2022-08-26 17:03:22,948 [s2-impl-thread1] INFO  server.RaftServerConfigKeys (ConfUtils.java:logGet(46)) - raft.server.log.segment.cache.num.max = 6 (default)
2022-08-26 17:03:22,948 [s2-impl-thread1] INFO  server.RaftServerConfigKeys (ConfUtils.java:logGet(46)) - raft.server.log.segment.cache.size.max = 200MB (=209715200) (default)
2022-08-26 17:03:22,948 [s2-impl-thread1] INFO  segmented.SegmentedRaftLogWorker (SegmentedRaftLogWorker.java:<init>(191)) - new s2@group-6458135C7B8A-SegmentedRaftLogWorker for RaftStorageImpl:Storage Directory /home/runner/work/ratis/ratis/ratis-test/target/test/data/52ed935e/MiniRaftClusterWithSimulatedRpc6556e5ab/s2/7207ec40-1066-49fd-af1e-6458135c7b8a
2022-08-26 17:03:22,948 [s2-impl-thread1] INFO  server.RaftServerConfigKeys (ConfUtils.java:logGet(46)) - raft.server.log.queue.byte-limit = 64MB (=67108864) (default)
2022-08-26 17:03:22,948 [s2-impl-thread1] INFO  server.RaftServerConfigKeys (ConfUtils.java:logGet(46)) - raft.server.log.queue.element-limit = 4096 (default)
2022-08-26 17:03:22,948 [s2-impl-thread1] INFO  server.RaftServerConfigKeys (ConfUtils.java:logGet(46)) - raft.server.log.segment.size.max = 8MB (=8388608) (default)
2022-08-26 17:03:22,948 [s2-impl-thread1] INFO  server.RaftServerConfigKeys (ConfUtils.java:logGet(46)) - raft.server.log.preallocated.size = 4MB (=4194304) (default)
2022-08-26 17:03:22,948 [s2-impl-thread1] INFO  server.RaftServerConfigKeys (ConfUtils.java:logGet(46)) - raft.server.log.force.sync.num = 128 (default)
2022-08-26 17:03:22,948 [s2-impl-thread1] INFO  server.RaftServerConfigKeys (ConfUtils.java:logGet(46)) - raft.server.log.statemachine.data.sync = true (default)
2022-08-26 17:03:22,948 [s2-impl-thread1] INFO  server.RaftServerConfigKeys (ConfUtils.java:logGet(46)) - raft.server.log.statemachine.data.sync.timeout = 10s (default)
2022-08-26 17:03:22,948 [s2-impl-thread1] INFO  server.RaftServerConfigKeys (ConfUtils.java:logGet(46)) - raft.server.log.statemachine.data.sync.timeout.retry = -1 (default)
2022-08-26 17:03:22,949 [s2-impl-thread1] INFO  server.RaftServerConfigKeys (ConfUtils.java:logGet(46)) - raft.server.log.write.buffer.size = 64KB (=65536) (default)
2022-08-26 17:03:22,949 [s2-impl-thread1] INFO  server.RaftServerConfigKeys (ConfUtils.java:logGet(46)) - raft.server.log.unsafe-flush.enabled = false (default)
2022-08-26 17:03:22,949 [s2-impl-thread1] INFO  server.RaftServerConfigKeys (ConfUtils.java:logGet(46)) - raft.server.log.async-flush.enabled = false (default)
2022-08-26 17:03:22,949 [s2-impl-thread1] INFO  server.RaftServerConfigKeys (ConfUtils.java:logGet(46)) - raft.server.log.statemachine.data.caching.enabled = false (default)
2022-08-26 17:03:22,949 [s2-impl-thread1] INFO  segmented.SegmentedRaftLogWorker (SegmentedRaftLogWorker.java:lambda$new$0(136)) - s2@group-6458135C7B8A-SegmentedRaftLogWorker: flushIndex: setUnconditionally 0 -> -1
2022-08-26 17:03:22,949 [s2-impl-thread1] INFO  segmented.SegmentedRaftLogWorker (SegmentedRaftLogWorker.java:lambda$new$0(136)) - s2@group-6458135C7B8A-SegmentedRaftLogWorker: safeCacheEvictIndex: setUnconditionally 0 -> -1
2022-08-26 17:03:22,954 [s2-impl-thread1] INFO  server.RaftServer$Division (RaftServerImpl.java:start(328)) - s2@group-6458135C7B8A: start as a follower, conf=-1: peers:[s3|rpc:localhost:34629|admin:localhost:38947|client:localhost:34343|dataStream:localhost:36131|priority:0|startupRole:FOLLOWER, s4|rpc:localhost:41115|admin:localhost:34281|client:localhost:37581|dataStream:localhost:43601|priority:0|startupRole:FOLLOWER, s0|rpc:localhost:41743|admin:localhost:42389|client:localhost:43463|dataStream:localhost:33005|priority:0|startupRole:FOLLOWER, s1|rpc:localhost:43623|admin:localhost:45655|client:localhost:33463|dataStream:localhost:33813|priority:0|startupRole:FOLLOWER, s2|rpc:localhost:37993|admin:localhost:44397|client:localhost:35825|dataStream:localhost:43663|priority:0|startupRole:FOLLOWER]|listeners:[], old=null
2022-08-26 17:03:22,955 [s2-impl-thread1] INFO  server.RaftServer$Division (RaftServerImpl.java:setRole(315)) - s2@group-6458135C7B8A: changes role from      null to FOLLOWER at term 0 for startAsFollower
2022-08-26 17:03:22,955 [s2-impl-thread1] INFO  impl.RoleInfo (RoleInfo.java:updateAndGet(139)) - s2: start s2@group-6458135C7B8A-FollowerState
2022-08-26 17:03:22,959 [s2-impl-thread1] INFO  util.JmxRegister (JmxRegister.java:tryRegister(44)) - Successfully registered JMX Bean with object name Ratis:service=RaftServer,group=group-6458135C7B8A,id=s2
2022-08-26 17:03:22,959 [s2-impl-thread1] INFO  server.RaftServerConfigKeys (ConfUtils.java:logGet(46)) - raft.server.snapshot.auto.trigger.enabled = false (default)
2022-08-26 17:03:22,959 [s2-impl-thread1] INFO  server.RaftServerConfigKeys (ConfUtils.java:logGet(46)) - raft.server.snapshot.retention.file.num = -1 (default)
2022-08-26 17:03:22,959 [s2-impl-thread1] INFO  server.RaftServerConfigKeys (ConfUtils.java:logGet(46)) - raft.server.log.purge.upto.snapshot.index = false (default)
2022-08-26 17:03:22,959 [s2@group-6458135C7B8A-FollowerState] INFO  server.RaftServerConfigKeys (ConfUtils.java:logFallback(53)) - raft.server.rpc.first-election.timeout.min = 150ms (fallback to raft.server.rpc.timeout.min)
2022-08-26 17:03:22,959 [s2@group-6458135C7B8A-FollowerState] INFO  server.RaftServerConfigKeys (ConfUtils.java:logFallback(53)) - raft.server.rpc.first-election.timeout.max = 300ms (fallback to raft.server.rpc.timeout.max)
2022-08-26 17:03:22,960 [Time-limited test] INFO  server.RaftServer (RaftServerProxy.java:startImpl(388)) - s2: start RPC server
2022-08-26 17:03:22,961 [org.apache.ratis.util.JvmPauseMonitor$$Lambda$310/0x0000000100238440@2555ca7a] INFO  util.JvmPauseMonitor (JvmPauseMonitor.java:run(103)) - JvmPauseMonitor-s2: Started
2022-08-26 17:03:22,961 [Time-limited test] INFO  server.RaftServerConfigKeys (ConfUtils.java:logGet(46)) - raft.server.rpc.timeout.max = 300ms (default)
2022-08-26 17:03:22,962 [Time-limited test] INFO  ratis.RaftTestUtil (RaftTestUtil.java:waitForLeader(100)) - printing ALL groups
  s3:  RUNNING  FOLLOWER s3@group-6458135C7B8A:t0, leader=null, voted=, raftlog=Memoized:s3@group-6458135C7B8A-SegmentedRaftLog:OPENED:c-1, conf=-1: peers:[s3|rpc:localhost:34629|admin:localhost:38947|client:localhost:34343|dataStream:localhost:36131|priority:0|startupRole:FOLLOWER, s4|rpc:localhost:41115|admin:localhost:34281|client:localhost:37581|dataStream:localhost:43601|priority:0|startupRole:FOLLOWER, s0|rpc:localhost:41743|admin:localhost:42389|client:localhost:43463|dataStream:localhost:33005|priority:0|startupRole:FOLLOWER, s1|rpc:localhost:43623|admin:localhost:45655|client:localhost:33463|dataStream:localhost:33813|priority:0|startupRole:FOLLOWER, s2|rpc:localhost:37993|admin:localhost:44397|client:localhost:35825|dataStream:localhost:43663|priority:0|startupRole:FOLLOWER]|listeners:[], old=null RUNNING
  s4:  RUNNING  FOLLOWER s4@group-6458135C7B8A:t0, leader=null, voted=, raftlog=Memoized:s4@group-6458135C7B8A-SegmentedRaftLog:OPENED:c-1, conf=-1: peers:[s3|rpc:localhost:34629|admin:localhost:38947|client:localhost:34343|dataStream:localhost:36131|priority:0|startupRole:FOLLOWER, s4|rpc:localhost:41115|admin:localhost:34281|client:localhost:37581|dataStream:localhost:43601|priority:0|startupRole:FOLLOWER, s0|rpc:localhost:41743|admin:localhost:42389|client:localhost:43463|dataStream:localhost:33005|priority:0|startupRole:FOLLOWER, s1|rpc:localhost:43623|admin:localhost:45655|client:localhost:33463|dataStream:localhost:33813|priority:0|startupRole:FOLLOWER, s2|rpc:localhost:37993|admin:localhost:44397|client:localhost:35825|dataStream:localhost:43663|priority:0|startupRole:FOLLOWER]|listeners:[], old=null RUNNING
  s0:  RUNNING  FOLLOWER s0@group-6458135C7B8A:t0, leader=null, voted=, raftlog=Memoized:s0@group-6458135C7B8A-SegmentedRaftLog:OPENED:c-1, conf=-1: peers:[s3|rpc:localhost:34629|admin:localhost:38947|client:localhost:34343|dataStream:localhost:36131|priority:0|startupRole:FOLLOWER, s4|rpc:localhost:41115|admin:localhost:34281|client:localhost:37581|dataStream:localhost:43601|priority:0|startupRole:FOLLOWER, s0|rpc:localhost:41743|admin:localhost:42389|client:localhost:43463|dataStream:localhost:33005|priority:0|startupRole:FOLLOWER, s1|rpc:localhost:43623|admin:localhost:45655|client:localhost:33463|dataStream:localhost:33813|priority:0|startupRole:FOLLOWER, s2|rpc:localhost:37993|admin:localhost:44397|client:localhost:35825|dataStream:localhost:43663|priority:0|startupRole:FOLLOWER]|listeners:[], old=null RUNNING
  s1:  RUNNING  FOLLOWER s1@group-6458135C7B8A:t0, leader=null, voted=, raftlog=Memoized:s1@group-6458135C7B8A-SegmentedRaftLog:OPENED:c-1, conf=-1: peers:[s3|rpc:localhost:34629|admin:localhost:38947|client:localhost:34343|dataStream:localhost:36131|priority:0|startupRole:FOLLOWER, s4|rpc:localhost:41115|admin:localhost:34281|client:localhost:37581|dataStream:localhost:43601|priority:0|startupRole:FOLLOWER, s0|rpc:localhost:41743|admin:localhost:42389|client:localhost:43463|dataStream:localhost:33005|priority:0|startupRole:FOLLOWER, s1|rpc:localhost:43623|admin:localhost:45655|client:localhost:33463|dataStream:localhost:33813|priority:0|startupRole:FOLLOWER, s2|rpc:localhost:37993|admin:localhost:44397|client:localhost:35825|dataStream:localhost:43663|priority:0|startupRole:FOLLOWER]|listeners:[], old=null RUNNING
  s2:  RUNNING  FOLLOWER s2@group-6458135C7B8A:t0, leader=null, voted=, raftlog=Memoized:s2@group-6458135C7B8A-SegmentedRaftLog:OPENED:c-1, conf=-1: peers:[s3|rpc:localhost:34629|admin:localhost:38947|client:localhost:34343|dataStream:localhost:36131|priority:0|startupRole:FOLLOWER, s4|rpc:localhost:41115|admin:localhost:34281|client:localhost:37581|dataStream:localhost:43601|priority:0|startupRole:FOLLOWER, s0|rpc:localhost:41743|admin:localhost:42389|client:localhost:43463|dataStream:localhost:33005|priority:0|startupRole:FOLLOWER, s1|rpc:localhost:43623|admin:localhost:45655|client:localhost:33463|dataStream:localhost:33813|priority:0|startupRole:FOLLOWER, s2|rpc:localhost:37993|admin:localhost:44397|client:localhost:35825|dataStream:localhost:43663|priority:0|startupRole:FOLLOWER]|listeners:[], old=null RUNNING
2022-08-26 17:03:22,962 [Time-limited test] WARN  ratis.RaftTestUtil (JavaUtils.java:attempt(217)) - FAILED "waitForLeader-null-(expectLeader? true)", attempt #1/100: java.lang.IllegalStateException: No leader yet : printing ALL groups
  s3:  RUNNING  FOLLOWER s3@group-6458135C7B8A:t0, leader=null, voted=, raftlog=Memoized:s3@group-6458135C7B8A-SegmentedRaftLog:OPENED:c-1, conf=-1: peers:[s3|rpc:localhost:34629|admin:localhost:38947|client:localhost:34343|dataStream:localhost:36131|priority:0|startupRole:FOLLOWER, s4|rpc:localhost:41115|admin:localhost:34281|client:localhost:37581|dataStream:localhost:43601|priority:0|startupRole:FOLLOWER, s0|rpc:localhost:41743|admin:localhost:42389|client:localhost:43463|dataStream:localhost:33005|priority:0|startupRole:FOLLOWER, s1|rpc:localhost:43623|admin:localhost:45655|client:localhost:33463|dataStream:localhost:33813|priority:0|startupRole:FOLLOWER, s2|rpc:localhost:37993|admin:localhost:44397|client:localhost:35825|dataStream:localhost:43663|priority:0|startupRole:FOLLOWER]|listeners:[], old=null RUNNING
  s4:  RUNNING  FOLLOWER s4@group-6458135C7B8A:t0, leader=null, voted=, raftlog=Memoized:s4@group-6458135C7B8A-SegmentedRaftLog:OPENED:c-1, conf=-1: peers:[s3|rpc:localhost:34629|admin:localhost:38947|client:localhost:34343|dataStream:localhost:36131|priority:0|startupRole:FOLLOWER, s4|rpc:localhost:41115|admin:localhost:34281|client:localhost:37581|dataStream:localhost:43601|priority:0|startupRole:FOLLOWER, s0|rpc:localhost:41743|admin:localhost:42389|client:localhost:43463|dataStream:localhost:33005|priority:0|startupRole:FOLLOWER, s1|rpc:localhost:43623|admin:localhost:45655|client:localhost:33463|dataStream:localhost:33813|priority:0|startupRole:FOLLOWER, s2|rpc:localhost:37993|admin:localhost:44397|client:localhost:35825|dataStream:localhost:43663|priority:0|startupRole:FOLLOWER]|listeners:[], old=null RUNNING
  s0:  RUNNING  FOLLOWER s0@group-6458135C7B8A:t0, leader=null, voted=, raftlog=Memoized:s0@group-6458135C7B8A-SegmentedRaftLog:OPENED:c-1, conf=-1: peers:[s3|rpc:localhost:34629|admin:localhost:38947|client:localhost:34343|dataStream:localhost:36131|priority:0|startupRole:FOLLOWER, s4|rpc:localhost:41115|admin:localhost:34281|client:localhost:37581|dataStream:localhost:43601|priority:0|startupRole:FOLLOWER, s0|rpc:localhost:41743|admin:localhost:42389|client:localhost:43463|dataStream:localhost:33005|priority:0|startupRole:FOLLOWER, s1|rpc:localhost:43623|admin:localhost:45655|client:localhost:33463|dataStream:localhost:33813|priority:0|startupRole:FOLLOWER, s2|rpc:localhost:37993|admin:localhost:44397|client:localhost:35825|dataStream:localhost:43663|priority:0|startupRole:FOLLOWER]|listeners:[], old=null RUNNING
  s1:  RUNNING  FOLLOWER s1@group-6458135C7B8A:t0, leader=null, voted=, raftlog=Memoized:s1@group-6458135C7B8A-SegmentedRaftLog:OPENED:c-1, conf=-1: peers:[s3|rpc:localhost:34629|admin:localhost:38947|client:localhost:34343|dataStream:localhost:36131|priority:0|startupRole:FOLLOWER, s4|rpc:localhost:41115|admin:localhost:34281|client:localhost:37581|dataStream:localhost:43601|priority:0|startupRole:FOLLOWER, s0|rpc:localhost:41743|admin:localhost:42389|client:localhost:43463|dataStream:localhost:33005|priority:0|startupRole:FOLLOWER, s1|rpc:localhost:43623|admin:localhost:45655|client:localhost:33463|dataStream:localhost:33813|priority:0|startupRole:FOLLOWER, s2|rpc:localhost:37993|admin:localhost:44397|client:localhost:35825|dataStream:localhost:43663|priority:0|startupRole:FOLLOWER]|listeners:[], old=null RUNNING
  s2:  RUNNING  FOLLOWER s2@group-6458135C7B8A:t0, leader=null, voted=, raftlog=Memoized:s2@group-6458135C7B8A-SegmentedRaftLog:OPENED:c-1, conf=-1: peers:[s3|rpc:localhost:34629|admin:localhost:38947|client:localhost:34343|dataStream:localhost:36131|priority:0|startupRole:FOLLOWER, s4|rpc:localhost:41115|admin:localhost:34281|client:localhost:37581|dataStream:localhost:43601|priority:0|startupRole:FOLLOWER, s0|rpc:localhost:41743|admin:localhost:42389|client:localhost:43463|dataStream:localhost:33005|priority:0|startupRole:FOLLOWER, s1|rpc:localhost:43623|admin:localhost:45655|client:localhost:33463|dataStream:localhost:33813|priority:0|startupRole:FOLLOWER, s2|rpc:localhost:37993|admin:localhost:44397|client:localhost:35825|dataStream:localhost:43663|priority:0|startupRole:FOLLOWER]|listeners:[], old=null RUNNING, sleep 450ms and then retry.
java.lang.IllegalStateException: No leader yet : printing ALL groups
  s3:  RUNNING  FOLLOWER s3@group-6458135C7B8A:t0, leader=null, voted=, raftlog=Memoized:s3@group-6458135C7B8A-SegmentedRaftLog:OPENED:c-1, conf=-1: peers:[s3|rpc:localhost:34629|admin:localhost:38947|client:localhost:34343|dataStream:localhost:36131|priority:0|startupRole:FOLLOWER, s4|rpc:localhost:41115|admin:localhost:34281|client:localhost:37581|dataStream:localhost:43601|priority:0|startupRole:FOLLOWER, s0|rpc:localhost:41743|admin:localhost:42389|client:localhost:43463|dataStream:localhost:33005|priority:0|startupRole:FOLLOWER, s1|rpc:localhost:43623|admin:localhost:45655|client:localhost:33463|dataStream:localhost:33813|priority:0|startupRole:FOLLOWER, s2|rpc:localhost:37993|admin:localhost:44397|client:localhost:35825|dataStream:localhost:43663|priority:0|startupRole:FOLLOWER]|listeners:[], old=null RUNNING
  s4:  RUNNING  FOLLOWER s4@group-6458135C7B8A:t0, leader=null, voted=, raftlog=Memoized:s4@group-6458135C7B8A-SegmentedRaftLog:OPENED:c-1, conf=-1: peers:[s3|rpc:localhost:34629|admin:localhost:38947|client:localhost:34343|dataStream:localhost:36131|priority:0|startupRole:FOLLOWER, s4|rpc:localhost:41115|admin:localhost:34281|client:localhost:37581|dataStream:localhost:43601|priority:0|startupRole:FOLLOWER, s0|rpc:localhost:41743|admin:localhost:42389|client:localhost:43463|dataStream:localhost:33005|priority:0|startupRole:FOLLOWER, s1|rpc:localhost:43623|admin:localhost:45655|client:localhost:33463|dataStream:localhost:33813|priority:0|startupRole:FOLLOWER, s2|rpc:localhost:37993|admin:localhost:44397|client:localhost:35825|dataStream:localhost:43663|priority:0|startupRole:FOLLOWER]|listeners:[], old=null RUNNING
  s0:  RUNNING  FOLLOWER s0@group-6458135C7B8A:t0, leader=null, voted=, raftlog=Memoized:s0@group-6458135C7B8A-SegmentedRaftLog:OPENED:c-1, conf=-1: peers:[s3|rpc:localhost:34629|admin:localhost:38947|client:localhost:34343|dataStream:localhost:36131|priority:0|startupRole:FOLLOWER, s4|rpc:localhost:41115|admin:localhost:34281|client:localhost:37581|dataStream:localhost:43601|priority:0|startupRole:FOLLOWER, s0|rpc:localhost:41743|admin:localhost:42389|client:localhost:43463|dataStream:localhost:33005|priority:0|startupRole:FOLLOWER, s1|rpc:localhost:43623|admin:localhost:45655|client:localhost:33463|dataStream:localhost:33813|priority:0|startupRole:FOLLOWER, s2|rpc:localhost:37993|admin:localhost:44397|client:localhost:35825|dataStream:localhost:43663|priority:0|startupRole:FOLLOWER]|listeners:[], old=null RUNNING
  s1:  RUNNING  FOLLOWER s1@group-6458135C7B8A:t0, leader=null, voted=, raftlog=Memoized:s1@group-6458135C7B8A-SegmentedRaftLog:OPENED:c-1, conf=-1: peers:[s3|rpc:localhost:34629|admin:localhost:38947|client:localhost:34343|dataStream:localhost:36131|priority:0|startupRole:FOLLOWER, s4|rpc:localhost:41115|admin:localhost:34281|client:localhost:37581|dataStream:localhost:43601|priority:0|startupRole:FOLLOWER, s0|rpc:localhost:41743|admin:localhost:42389|client:localhost:43463|dataStream:localhost:33005|priority:0|startupRole:FOLLOWER, s1|rpc:localhost:43623|admin:localhost:45655|client:localhost:33463|dataStream:localhost:33813|priority:0|startupRole:FOLLOWER, s2|rpc:localhost:37993|admin:localhost:44397|client:localhost:35825|dataStream:localhost:43663|priority:0|startupRole:FOLLOWER]|listeners:[], old=null RUNNING
  s2:  RUNNING  FOLLOWER s2@group-6458135C7B8A:t0, leader=null, voted=, raftlog=Memoized:s2@group-6458135C7B8A-SegmentedRaftLog:OPENED:c-1, conf=-1: peers:[s3|rpc:localhost:34629|admin:localhost:38947|client:localhost:34343|dataStream:localhost:36131|priority:0|startupRole:FOLLOWER, s4|rpc:localhost:41115|admin:localhost:34281|client:localhost:37581|dataStream:localhost:43601|priority:0|startupRole:FOLLOWER, s0|rpc:localhost:41743|admin:localhost:42389|client:localhost:43463|dataStream:localhost:33005|priority:0|startupRole:FOLLOWER, s1|rpc:localhost:43623|admin:localhost:45655|client:localhost:33463|dataStream:localhost:33813|priority:0|startupRole:FOLLOWER, s2|rpc:localhost:37993|admin:localhost:44397|client:localhost:35825|dataStream:localhost:43663|priority:0|startupRole:FOLLOWER]|listeners:[], old=null RUNNING
	at org.apache.ratis.server.impl.MiniRaftCluster.newIllegalStateExceptionForNoLeaders(MiniRaftCluster.java:579)
	at org.apache.ratis.RaftTestUtil.lambda$waitForLeader$1(RaftTestUtil.java:104)
	at org.apache.ratis.server.impl.MiniRaftCluster.getLeader(MiniRaftCluster.java:613)
	at org.apache.ratis.server.impl.MiniRaftCluster.getLeader(MiniRaftCluster.java:606)
	at org.apache.ratis.RaftTestUtil.lambda$waitForLeader$3(RaftTestUtil.java:112)
	at org.apache.ratis.util.JavaUtils.attempt(JavaUtils.java:211)
	at org.apache.ratis.util.JavaUtils.attemptRepeatedly(JavaUtils.java:197)
	at org.apache.ratis.RaftTestUtil.waitForLeader(RaftTestUtil.java:111)
	at org.apache.ratis.RaftTestUtil.waitForLeader(RaftTestUtil.java:92)
	at org.apache.ratis.RaftTestUtil.waitForLeader(RaftTestUtil.java:87)
	at org.apache.ratis.server.impl.LeaderElectionTests.testEnforceLeader(LeaderElectionTests.java:233)
	at java.base/jdk.internal.reflect.NativeMethodAccessorImpl.invoke0(Native Method)
	at java.base/jdk.internal.reflect.NativeMethodAccessorImpl.invoke(NativeMethodAccessorImpl.java:62)
	at java.base/jdk.internal.reflect.DelegatingMethodAccessorImpl.invoke(DelegatingMethodAccessorImpl.java:43)
	at java.base/java.lang.reflect.Method.invoke(Method.java:566)
	at org.junit.runners.model.FrameworkMethod$1.runReflectiveCall(FrameworkMethod.java:59)
	at org.junit.internal.runners.model.ReflectiveCallable.run(ReflectiveCallable.java:12)
	at org.junit.runners.model.FrameworkMethod.invokeExplosively(FrameworkMethod.java:56)
	at org.junit.internal.runners.statements.InvokeMethod.evaluate(InvokeMethod.java:17)
	at org.junit.internal.runners.statements.RunAfters.evaluate(RunAfters.java:27)
	at org.junit.internal.runners.statements.FailOnTimeout$CallableStatement.call(FailOnTimeout.java:299)
	at org.junit.internal.runners.statements.FailOnTimeout$CallableStatement.call(FailOnTimeout.java:293)
	at java.base/java.util.concurrent.FutureTask.run(FutureTask.java:264)
	at java.base/java.lang.Thread.run(Thread.java:829)
2022-08-26 17:03:23,110 [s2@group-6458135C7B8A-FollowerState] INFO  impl.FollowerState (FollowerState.java:run(143)) - s2@group-6458135C7B8A-FollowerState: change to CANDIDATE, lastRpcElapsedTime:155110839ns, electionTimeout:150ms
2022-08-26 17:03:23,110 [s2@group-6458135C7B8A-FollowerState] INFO  impl.RoleInfo (RoleInfo.java:shutdownFollowerState(110)) - s2: shutdown s2@group-6458135C7B8A-FollowerState
2022-08-26 17:03:23,111 [s2@group-6458135C7B8A-FollowerState] INFO  server.RaftServer$Division (RaftServerImpl.java:setRole(315)) - s2@group-6458135C7B8A: changes role from  FOLLOWER to CANDIDATE at term 0 for changeToCandidate
2022-08-26 17:03:23,111 [s2@group-6458135C7B8A-FollowerState] INFO  server.RaftServerConfigKeys (ConfUtils.java:logGet(46)) - raft.server.leaderelection.pre-vote = true (default)
2022-08-26 17:03:23,111 [s2@group-6458135C7B8A-FollowerState] INFO  impl.RoleInfo (RoleInfo.java:updateAndGet(139)) - s2: start s2@group-6458135C7B8A-LeaderElection2
2022-08-26 17:03:23,112 [s2@group-6458135C7B8A-LeaderElection2] INFO  impl.LeaderElection (LeaderElection.java:askForVotes(310)) - s2@group-6458135C7B8A-LeaderElection2 PRE_VOTE round 0: submit vote requests at term 0 for -1: peers:[s3|rpc:localhost:34629|admin:localhost:38947|client:localhost:34343|dataStream:localhost:36131|priority:0|startupRole:FOLLOWER, s4|rpc:localhost:41115|admin:localhost:34281|client:localhost:37581|dataStream:localhost:43601|priority:0|startupRole:FOLLOWER, s0|rpc:localhost:41743|admin:localhost:42389|client:localhost:43463|dataStream:localhost:33005|priority:0|startupRole:FOLLOWER, s1|rpc:localhost:43623|admin:localhost:45655|client:localhost:33463|dataStream:localhost:33813|priority:0|startupRole:FOLLOWER, s2|rpc:localhost:37993|admin:localhost:44397|client:localhost:35825|dataStream:localhost:43663|priority:0|startupRole:FOLLOWER]|listeners:[], old=null
2022-08-26 17:03:23,113 [Thread-67] INFO  server.RaftServer$Division (RaftServerImpl.java:requestVote(1212)) - s3@group-6458135C7B8A: receive requestVote(PRE_VOTE, s2, group-6458135C7B8A, 0, (t:0, i:0))
2022-08-26 17:03:23,113 [Thread-67] INFO  impl.VoteContext (VoteContext.java:log(48)) - s3@group-6458135C7B8A-FOLLOWER: accept PRE_VOTE from s2: our priority 0 <= candidate's priority 0
2022-08-26 17:03:23,113 [Thread-67] INFO  server.RaftServer$Division (RaftServerImpl.java:requestVote(1245)) - s3@group-6458135C7B8A replies to PRE_VOTE vote request: s2<-s3#0:OK-t0. Peer's state: s3@group-6458135C7B8A:t0, leader=null, voted=, raftlog=Memoized:s3@group-6458135C7B8A-SegmentedRaftLog:OPENED:c-1, conf=-1: peers:[s3|rpc:localhost:34629|admin:localhost:38947|client:localhost:34343|dataStream:localhost:36131|priority:0|startupRole:FOLLOWER, s4|rpc:localhost:41115|admin:localhost:34281|client:localhost:37581|dataStream:localhost:43601|priority:0|startupRole:FOLLOWER, s0|rpc:localhost:41743|admin:localhost:42389|client:localhost:43463|dataStream:localhost:33005|priority:0|startupRole:FOLLOWER, s1|rpc:localhost:43623|admin:localhost:45655|client:localhost:33463|dataStream:localhost:33813|priority:0|startupRole:FOLLOWER, s2|rpc:localhost:37993|admin:localhost:44397|client:localhost:35825|dataStream:localhost:43663|priority:0|startupRole:FOLLOWER]|listeners:[], old=null
2022-08-26 17:03:23,113 [Thread-74] INFO  server.RaftServer$Division (RaftServerImpl.java:requestVote(1212)) - s4@group-6458135C7B8A: receive requestVote(PRE_VOTE, s2, group-6458135C7B8A, 0, (t:0, i:0))
2022-08-26 17:03:23,114 [Thread-74] INFO  impl.VoteContext (VoteContext.java:log(48)) - s4@group-6458135C7B8A-FOLLOWER: accept PRE_VOTE from s2: our priority 0 <= candidate's priority 0
2022-08-26 17:03:23,114 [Thread-74] INFO  server.RaftServer$Division (RaftServerImpl.java:requestVote(1245)) - s4@group-6458135C7B8A replies to PRE_VOTE vote request: s2<-s4#0:OK-t0. Peer's state: s4@group-6458135C7B8A:t0, leader=null, voted=, raftlog=Memoized:s4@group-6458135C7B8A-SegmentedRaftLog:OPENED:c-1, conf=-1: peers:[s3|rpc:localhost:34629|admin:localhost:38947|client:localhost:34343|dataStream:localhost:36131|priority:0|startupRole:FOLLOWER, s4|rpc:localhost:41115|admin:localhost:34281|client:localhost:37581|dataStream:localhost:43601|priority:0|startupRole:FOLLOWER, s0|rpc:localhost:41743|admin:localhost:42389|client:localhost:43463|dataStream:localhost:33005|priority:0|startupRole:FOLLOWER, s1|rpc:localhost:43623|admin:localhost:45655|client:localhost:33463|dataStream:localhost:33813|priority:0|startupRole:FOLLOWER, s2|rpc:localhost:37993|admin:localhost:44397|client:localhost:35825|dataStream:localhost:43663|priority:0|startupRole:FOLLOWER]|listeners:[], old=null
2022-08-26 17:03:23,114 [s2@group-6458135C7B8A-LeaderElection2] INFO  server.RaftServerConfigKeys (ConfUtils.java:logFallback(53)) - raft.server.rpc.first-election.timeout.min = 150ms (fallback to raft.server.rpc.timeout.min)
2022-08-26 17:03:23,114 [s2@group-6458135C7B8A-LeaderElection2] INFO  server.RaftServerConfigKeys (ConfUtils.java:logFallback(53)) - raft.server.rpc.first-election.timeout.max = 300ms (fallback to raft.server.rpc.timeout.max)
2022-08-26 17:03:23,114 [Thread-81] INFO  server.RaftServer$Division (RaftServerImpl.java:requestVote(1212)) - s0@group-6458135C7B8A: receive requestVote(PRE_VOTE, s2, group-6458135C7B8A, 0, (t:0, i:0))
2022-08-26 17:03:23,114 [Thread-81] INFO  impl.VoteContext (VoteContext.java:log(48)) - s0@group-6458135C7B8A-FOLLOWER: accept PRE_VOTE from s2: our priority 0 <= candidate's priority 0
2022-08-26 17:03:23,114 [Thread-88] INFO  server.RaftServer$Division (RaftServerImpl.java:requestVote(1212)) - s1@group-6458135C7B8A: receive requestVote(PRE_VOTE, s2, group-6458135C7B8A, 0, (t:0, i:0))
2022-08-26 17:03:23,114 [Thread-81] INFO  server.RaftServer$Division (RaftServerImpl.java:requestVote(1245)) - s0@group-6458135C7B8A replies to PRE_VOTE vote request: s2<-s0#0:OK-t0. Peer's state: s0@group-6458135C7B8A:t0, leader=null, voted=, raftlog=Memoized:s0@group-6458135C7B8A-SegmentedRaftLog:OPENED:c-1, conf=-1: peers:[s3|rpc:localhost:34629|admin:localhost:38947|client:localhost:34343|dataStream:localhost:36131|priority:0|startupRole:FOLLOWER, s4|rpc:localhost:41115|admin:localhost:34281|client:localhost:37581|dataStream:localhost:43601|priority:0|startupRole:FOLLOWER, s0|rpc:localhost:41743|admin:localhost:42389|client:localhost:43463|dataStream:localhost:33005|priority:0|startupRole:FOLLOWER, s1|rpc:localhost:43623|admin:localhost:45655|client:localhost:33463|dataStream:localhost:33813|priority:0|startupRole:FOLLOWER, s2|rpc:localhost:37993|admin:localhost:44397|client:localhost:35825|dataStream:localhost:43663|priority:0|startupRole:FOLLOWER]|listeners:[], old=null
2022-08-26 17:03:23,114 [Thread-88] INFO  impl.VoteContext (VoteContext.java:log(48)) - s1@group-6458135C7B8A-FOLLOWER: accept PRE_VOTE from s2: our priority 0 <= candidate's priority 0
2022-08-26 17:03:23,115 [Thread-88] INFO  server.RaftServer$Division (RaftServerImpl.java:requestVote(1245)) - s1@group-6458135C7B8A replies to PRE_VOTE vote request: s2<-s1#0:OK-t0. Peer's state: s1@group-6458135C7B8A:t0, leader=null, voted=, raftlog=Memoized:s1@group-6458135C7B8A-SegmentedRaftLog:OPENED:c-1, conf=-1: peers:[s3|rpc:localhost:34629|admin:localhost:38947|client:localhost:34343|dataStream:localhost:36131|priority:0|startupRole:FOLLOWER, s4|rpc:localhost:41115|admin:localhost:34281|client:localhost:37581|dataStream:localhost:43601|priority:0|startupRole:FOLLOWER, s0|rpc:localhost:41743|admin:localhost:42389|client:localhost:43463|dataStream:localhost:33005|priority:0|startupRole:FOLLOWER, s1|rpc:localhost:43623|admin:localhost:45655|client:localhost:33463|dataStream:localhost:33813|priority:0|startupRole:FOLLOWER, s2|rpc:localhost:37993|admin:localhost:44397|client:localhost:35825|dataStream:localhost:43663|priority:0|startupRole:FOLLOWER]|listeners:[], old=null
2022-08-26 17:03:23,127 [s2@group-6458135C7B8A-LeaderElection2] INFO  impl.LeaderElection (LeaderElection.java:logAndReturn(90)) - s2@group-6458135C7B8A-LeaderElection2: PRE_VOTE PASSED received 2 response(s) and 0 exception(s):
2022-08-26 17:03:23,127 [s2@group-6458135C7B8A-LeaderElection2] INFO  impl.LeaderElection (LeaderElection.java:logAndReturn(94)) -   Response 0: s2<-s4#0:OK-t0
2022-08-26 17:03:23,127 [s2@group-6458135C7B8A-LeaderElection2] INFO  impl.LeaderElection (LeaderElection.java:logAndReturn(94)) -   Response 1: s2<-s0#0:OK-t0
2022-08-26 17:03:23,127 [s2@group-6458135C7B8A-LeaderElection2] INFO  impl.LeaderElection (LeaderElection.java:askForVotes(312)) - s2@group-6458135C7B8A-LeaderElection2 PRE_VOTE round 0: result PASSED
2022-08-26 17:03:23,129 [s2@group-6458135C7B8A-LeaderElection2] INFO  impl.LeaderElection (LeaderElection.java:askForVotes(310)) - s2@group-6458135C7B8A-LeaderElection2 ELECTION round 0: submit vote requests at term 1 for -1: peers:[s3|rpc:localhost:34629|admin:localhost:38947|client:localhost:34343|dataStream:localhost:36131|priority:0|startupRole:FOLLOWER, s4|rpc:localhost:41115|admin:localhost:34281|client:localhost:37581|dataStream:localhost:43601|priority:0|startupRole:FOLLOWER, s0|rpc:localhost:41743|admin:localhost:42389|client:localhost:43463|dataStream:localhost:33005|priority:0|startupRole:FOLLOWER, s1|rpc:localhost:43623|admin:localhost:45655|client:localhost:33463|dataStream:localhost:33813|priority:0|startupRole:FOLLOWER, s2|rpc:localhost:37993|admin:localhost:44397|client:localhost:35825|dataStream:localhost:43663|priority:0|startupRole:FOLLOWER]|listeners:[], old=null
2022-08-26 17:03:23,130 [Thread-67] INFO  server.RaftServer$Division (RaftServerImpl.java:requestVote(1212)) - s3@group-6458135C7B8A: receive requestVote(ELECTION, s2, group-6458135C7B8A, 1, (t:0, i:0))
2022-08-26 17:03:23,130 [Thread-67] INFO  impl.VoteContext (VoteContext.java:log(48)) - s3@group-6458135C7B8A-FOLLOWER: accept ELECTION from s2: our priority 0 <= candidate's priority 0
2022-08-26 17:03:23,130 [Thread-75] INFO  server.RaftServer$Division (RaftServerImpl.java:requestVote(1212)) - s4@group-6458135C7B8A: receive requestVote(ELECTION, s2, group-6458135C7B8A, 1, (t:0, i:0))
2022-08-26 17:03:23,130 [Thread-67] INFO  server.RaftServer$Division (RaftServerImpl.java:setRole(315)) - s3@group-6458135C7B8A: changes role from  FOLLOWER to FOLLOWER at term 1 for candidate:s2
2022-08-26 17:03:23,130 [Thread-67] INFO  impl.RoleInfo (RoleInfo.java:shutdownFollowerState(110)) - s3: shutdown s3@group-6458135C7B8A-FollowerState
2022-08-26 17:03:23,130 [Thread-67] INFO  impl.RoleInfo (RoleInfo.java:updateAndGet(139)) - s3: start s3@group-6458135C7B8A-FollowerState
2022-08-26 17:03:23,130 [s3@group-6458135C7B8A-FollowerState] INFO  impl.FollowerState (FollowerState.java:run(152)) - s3@group-6458135C7B8A-FollowerState was interrupted
2022-08-26 17:03:23,130 [Thread-82] INFO  server.RaftServer$Division (RaftServerImpl.java:requestVote(1212)) - s0@group-6458135C7B8A: receive requestVote(ELECTION, s2, group-6458135C7B8A, 1, (t:0, i:0))
2022-08-26 17:03:23,130 [s2@group-6458135C7B8A-LeaderElection2] INFO  server.RaftServerConfigKeys (ConfUtils.java:logFallback(53)) - raft.server.rpc.first-election.timeout.min = 150ms (fallback to raft.server.rpc.timeout.min)
2022-08-26 17:03:23,131 [s2@group-6458135C7B8A-LeaderElection2] INFO  server.RaftServerConfigKeys (ConfUtils.java:logFallback(53)) - raft.server.rpc.first-election.timeout.max = 300ms (fallback to raft.server.rpc.timeout.max)
2022-08-26 17:03:23,134 [Thread-75] INFO  impl.VoteContext (VoteContext.java:log(48)) - s4@group-6458135C7B8A-FOLLOWER: accept ELECTION from s2: our priority 0 <= candidate's priority 0
2022-08-26 17:03:23,134 [Thread-82] INFO  impl.VoteContext (VoteContext.java:log(48)) - s0@group-6458135C7B8A-FOLLOWER: accept ELECTION from s2: our priority 0 <= candidate's priority 0
2022-08-26 17:03:23,134 [Thread-82] INFO  server.RaftServer$Division (RaftServerImpl.java:setRole(315)) - s0@group-6458135C7B8A: changes role from  FOLLOWER to FOLLOWER at term 1 for candidate:s2
2022-08-26 17:03:23,134 [Thread-82] INFO  impl.RoleInfo (RoleInfo.java:shutdownFollowerState(110)) - s0: shutdown s0@group-6458135C7B8A-FollowerState
2022-08-26 17:03:23,134 [Thread-82] INFO  impl.RoleInfo (RoleInfo.java:updateAndGet(139)) - s0: start s0@group-6458135C7B8A-FollowerState
2022-08-26 17:03:23,134 [Thread-75] INFO  server.RaftServer$Division (RaftServerImpl.java:setRole(315)) - s4@group-6458135C7B8A: changes role from  FOLLOWER to FOLLOWER at term 1 for candidate:s2
2022-08-26 17:03:23,135 [Thread-75] INFO  impl.RoleInfo (RoleInfo.java:shutdownFollowerState(110)) - s4: shutdown s4@group-6458135C7B8A-FollowerState
2022-08-26 17:03:23,135 [Thread-75] INFO  impl.RoleInfo (RoleInfo.java:updateAndGet(139)) - s4: start s4@group-6458135C7B8A-FollowerState
2022-08-26 17:03:23,134 [s0@group-6458135C7B8A-FollowerState] INFO  impl.FollowerState (FollowerState.java:run(152)) - s0@group-6458135C7B8A-FollowerState was interrupted
2022-08-26 17:03:23,135 [s4@group-6458135C7B8A-FollowerState] INFO  impl.FollowerState (FollowerState.java:run(152)) - s4@group-6458135C7B8A-FollowerState was interrupted
2022-08-26 17:03:23,135 [s0@group-6458135C7B8A-FollowerState] INFO  server.RaftServerConfigKeys (ConfUtils.java:logFallback(53)) - raft.server.rpc.first-election.timeout.min = 150ms (fallback to raft.server.rpc.timeout.min)
2022-08-26 17:03:23,135 [s0@group-6458135C7B8A-FollowerState] INFO  server.RaftServerConfigKeys (ConfUtils.java:logFallback(53)) - raft.server.rpc.first-election.timeout.max = 300ms (fallback to raft.server.rpc.timeout.max)
2022-08-26 17:03:23,136 [Thread-89] INFO  server.RaftServer$Division (RaftServerImpl.java:requestVote(1212)) - s1@group-6458135C7B8A: receive requestVote(ELECTION, s2, group-6458135C7B8A, 1, (t:0, i:0))
2022-08-26 17:03:23,136 [Thread-82] INFO  server.RaftServer$Division (RaftServerImpl.java:requestVote(1245)) - s0@group-6458135C7B8A replies to ELECTION vote request: s2<-s0#0:OK-t1. Peer's state: s0@group-6458135C7B8A:t1, leader=null, voted=s2, raftlog=Memoized:s0@group-6458135C7B8A-SegmentedRaftLog:OPENED:c-1, conf=-1: peers:[s3|rpc:localhost:34629|admin:localhost:38947|client:localhost:34343|dataStream:localhost:36131|priority:0|startupRole:FOLLOWER, s4|rpc:localhost:41115|admin:localhost:34281|client:localhost:37581|dataStream:localhost:43601|priority:0|startupRole:FOLLOWER, s0|rpc:localhost:41743|admin:localhost:42389|client:localhost:43463|dataStream:localhost:33005|priority:0|startupRole:FOLLOWER, s1|rpc:localhost:43623|admin:localhost:45655|client:localhost:33463|dataStream:localhost:33813|priority:0|startupRole:FOLLOWER, s2|rpc:localhost:37993|admin:localhost:44397|client:localhost:35825|dataStream:localhost:43663|priority:0|startupRole:FOLLOWER]|listeners:[], old=null
2022-08-26 17:03:23,137 [Thread-89] INFO  impl.VoteContext (VoteContext.java:log(48)) - s1@group-6458135C7B8A-FOLLOWER: accept ELECTION from s2: our priority 0 <= candidate's priority 0
2022-08-26 17:03:23,137 [Thread-89] INFO  server.RaftServer$Division (RaftServerImpl.java:setRole(315)) - s1@group-6458135C7B8A: changes role from  FOLLOWER to FOLLOWER at term 1 for candidate:s2
2022-08-26 17:03:23,137 [Thread-89] INFO  impl.RoleInfo (RoleInfo.java:shutdownFollowerState(110)) - s1: shutdown s1@group-6458135C7B8A-FollowerState
2022-08-26 17:03:23,138 [Thread-89] INFO  impl.RoleInfo (RoleInfo.java:updateAndGet(139)) - s1: start s1@group-6458135C7B8A-FollowerState
2022-08-26 17:03:23,138 [s1@group-6458135C7B8A-FollowerState] INFO  impl.FollowerState (FollowerState.java:run(152)) - s1@group-6458135C7B8A-FollowerState was interrupted
2022-08-26 17:03:23,141 [s3@group-6458135C7B8A-FollowerState] INFO  server.RaftServerConfigKeys (ConfUtils.java:logFallback(53)) - raft.server.rpc.first-election.timeout.min = 150ms (fallback to raft.server.rpc.timeout.min)
2022-08-26 17:03:23,142 [s3@group-6458135C7B8A-FollowerState] INFO  server.RaftServerConfigKeys (ConfUtils.java:logFallback(53)) - raft.server.rpc.first-election.timeout.max = 300ms (fallback to raft.server.rpc.timeout.max)
2022-08-26 17:03:23,142 [s4@group-6458135C7B8A-FollowerState] INFO  server.RaftServerConfigKeys (ConfUtils.java:logFallback(53)) - raft.server.rpc.first-election.timeout.min = 150ms (fallback to raft.server.rpc.timeout.min)
2022-08-26 17:03:23,142 [s4@group-6458135C7B8A-FollowerState] INFO  server.RaftServerConfigKeys (ConfUtils.java:logFallback(53)) - raft.server.rpc.first-election.timeout.max = 300ms (fallback to raft.server.rpc.timeout.max)
2022-08-26 17:03:23,142 [s1@group-6458135C7B8A-FollowerState] INFO  server.RaftServerConfigKeys (ConfUtils.java:logFallback(53)) - raft.server.rpc.first-election.timeout.min = 150ms (fallback to raft.server.rpc.timeout.min)
2022-08-26 17:03:23,143 [s1@group-6458135C7B8A-FollowerState] INFO  server.RaftServerConfigKeys (ConfUtils.java:logFallback(53)) - raft.server.rpc.first-election.timeout.max = 300ms (fallback to raft.server.rpc.timeout.max)
2022-08-26 17:03:23,142 [Thread-89] INFO  server.RaftServer$Division (RaftServerImpl.java:requestVote(1245)) - s1@group-6458135C7B8A replies to ELECTION vote request: s2<-s1#0:OK-t1. Peer's state: s1@group-6458135C7B8A:t1, leader=null, voted=s2, raftlog=Memoized:s1@group-6458135C7B8A-SegmentedRaftLog:OPENED:c-1, conf=-1: peers:[s3|rpc:localhost:34629|admin:localhost:38947|client:localhost:34343|dataStream:localhost:36131|priority:0|startupRole:FOLLOWER, s4|rpc:localhost:41115|admin:localhost:34281|client:localhost:37581|dataStream:localhost:43601|priority:0|startupRole:FOLLOWER, s0|rpc:localhost:41743|admin:localhost:42389|client:localhost:43463|dataStream:localhost:33005|priority:0|startupRole:FOLLOWER, s1|rpc:localhost:43623|admin:localhost:45655|client:localhost:33463|dataStream:localhost:33813|priority:0|startupRole:FOLLOWER, s2|rpc:localhost:37993|admin:localhost:44397|client:localhost:35825|dataStream:localhost:43663|priority:0|startupRole:FOLLOWER]|listeners:[], old=null
2022-08-26 17:03:23,142 [Thread-67] INFO  server.RaftServer$Division (RaftServerImpl.java:requestVote(1245)) - s3@group-6458135C7B8A replies to ELECTION vote request: s2<-s3#0:OK-t1. Peer's state: s3@group-6458135C7B8A:t1, leader=null, voted=s2, raftlog=Memoized:s3@group-6458135C7B8A-SegmentedRaftLog:OPENED:c-1, conf=-1: peers:[s3|rpc:localhost:34629|admin:localhost:38947|client:localhost:34343|dataStream:localhost:36131|priority:0|startupRole:FOLLOWER, s4|rpc:localhost:41115|admin:localhost:34281|client:localhost:37581|dataStream:localhost:43601|priority:0|startupRole:FOLLOWER, s0|rpc:localhost:41743|admin:localhost:42389|client:localhost:43463|dataStream:localhost:33005|priority:0|startupRole:FOLLOWER, s1|rpc:localhost:43623|admin:localhost:45655|client:localhost:33463|dataStream:localhost:33813|priority:0|startupRole:FOLLOWER, s2|rpc:localhost:37993|admin:localhost:44397|client:localhost:35825|dataStream:localhost:43663|priority:0|startupRole:FOLLOWER]|listeners:[], old=null
2022-08-26 17:03:23,143 [Thread-75] INFO  server.RaftServer$Division (RaftServerImpl.java:requestVote(1245)) - s4@group-6458135C7B8A replies to ELECTION vote request: s2<-s4#0:OK-t1. Peer's state: s4@group-6458135C7B8A:t1, leader=null, voted=s2, raftlog=Memoized:s4@group-6458135C7B8A-SegmentedRaftLog:OPENED:c-1, conf=-1: peers:[s3|rpc:localhost:34629|admin:localhost:38947|client:localhost:34343|dataStream:localhost:36131|priority:0|startupRole:FOLLOWER, s4|rpc:localhost:41115|admin:localhost:34281|client:localhost:37581|dataStream:localhost:43601|priority:0|startupRole:FOLLOWER, s0|rpc:localhost:41743|admin:localhost:42389|client:localhost:43463|dataStream:localhost:33005|priority:0|startupRole:FOLLOWER, s1|rpc:localhost:43623|admin:localhost:45655|client:localhost:33463|dataStream:localhost:33813|priority:0|startupRole:FOLLOWER, s2|rpc:localhost:37993|admin:localhost:44397|client:localhost:35825|dataStream:localhost:43663|priority:0|startupRole:FOLLOWER]|listeners:[], old=null
2022-08-26 17:03:23,153 [s2@group-6458135C7B8A-LeaderElection2] INFO  impl.LeaderElection (LeaderElection.java:logAndReturn(90)) - s2@group-6458135C7B8A-LeaderElection2: ELECTION PASSED received 2 response(s) and 0 exception(s):
2022-08-26 17:03:23,153 [s2@group-6458135C7B8A-LeaderElection2] INFO  impl.LeaderElection (LeaderElection.java:logAndReturn(94)) -   Response 0: s2<-s4#0:OK-t1
2022-08-26 17:03:23,153 [s2@group-6458135C7B8A-LeaderElection2] INFO  impl.LeaderElection (LeaderElection.java:logAndReturn(94)) -   Response 1: s2<-s0#0:OK-t1
2022-08-26 17:03:23,154 [s2@group-6458135C7B8A-LeaderElection2] INFO  impl.LeaderElection (LeaderElection.java:askForVotes(312)) - s2@group-6458135C7B8A-LeaderElection2 ELECTION round 0: result PASSED
2022-08-26 17:03:23,154 [s2@group-6458135C7B8A-LeaderElection2] INFO  impl.RoleInfo (RoleInfo.java:shutdownLeaderElection(130)) - s2: shutdown s2@group-6458135C7B8A-LeaderElection2
2022-08-26 17:03:23,154 [s2@group-6458135C7B8A-LeaderElection2] INFO  server.RaftServer$Division (RaftServerImpl.java:setRole(315)) - s2@group-6458135C7B8A: changes role from CANDIDATE to LEADER at term 1 for changeToLeader
2022-08-26 17:03:23,154 [s2@group-6458135C7B8A-LeaderElection2] INFO  server.RaftServer$Division (ServerState.java:setLeader(255)) - s2@group-6458135C7B8A: change Leader from null to s2 at term 1 for becomeLeader, leader elected after 266ms
2022-08-26 17:03:23,154 [s2@group-6458135C7B8A-LeaderElection2] INFO  server.RaftServerConfigKeys (ConfUtils.java:logGet(46)) - raft.server.staging.catchup.gap = 1000 (default)
2022-08-26 17:03:23,154 [s2@group-6458135C7B8A-LeaderElection2] INFO  server.RaftServerConfigKeys (ConfUtils.java:logGet(46)) - raft.server.write.element-limit = 4096 (default)
2022-08-26 17:03:23,154 [s2@group-6458135C7B8A-LeaderElection2] INFO  server.RaftServerConfigKeys (ConfUtils.java:logGet(46)) - raft.server.write.byte-limit = 64MB (=67108864) (default)
2022-08-26 17:03:23,154 [s2@group-6458135C7B8A-LeaderElection2] INFO  server.RaftServerConfigKeys (ConfUtils.java:logGet(46)) - raft.server.watch.timeout = 10s (default)
2022-08-26 17:03:23,155 [s2@group-6458135C7B8A-LeaderElection2] INFO  server.RaftServerConfigKeys (ConfUtils.java:logGet(46)) - raft.server.watch.timeout.denomination = 1s (default)
2022-08-26 17:03:23,155 [s2@group-6458135C7B8A-LeaderElection2] INFO  server.RaftServerConfigKeys (ConfUtils.java:logGet(46)) - raft.server.watch.element-limit = 65536 (default)
2022-08-26 17:03:23,155 [s2@group-6458135C7B8A-LeaderElection2] INFO  server.RaftServerConfigKeys (ConfUtils.java:logGet(46)) - raft.server.write.element-limit = 4096 (default)
2022-08-26 17:03:23,155 [s2@group-6458135C7B8A-LeaderElection2] INFO  server.RaftServerConfigKeys (ConfUtils.java:logGet(46)) - raft.server.write.follower.gap.ratio.max = -1.0 (default)
2022-08-26 17:03:23,155 [s2@group-6458135C7B8A-LeaderElection2] INFO  server.RaftServerConfigKeys (ConfUtils.java:logGet(46)) - raft.server.log.appender.snapshot.chunk.size.max = 16MB (=16777216) (default)
2022-08-26 17:03:23,155 [s2@group-6458135C7B8A-LeaderElection2] INFO  server.RaftServerConfigKeys (ConfUtils.java:logGet(46)) - raft.server.log.appender.buffer.byte-limit = 4MB (=4194304) (default)
2022-08-26 17:03:23,156 [s2@group-6458135C7B8A-LeaderElection2] INFO  server.RaftServerConfigKeys (ConfUtils.java:logGet(46)) - raft.server.log.appender.buffer.element-limit = 0 (default)
2022-08-26 17:03:23,156 [s2@group-6458135C7B8A-LeaderElection2] INFO  server.RaftServerConfigKeys (ConfUtils.java:logGet(46)) - raft.server.log.appender.snapshot.chunk.size.max = 16MB (=16777216) (default)
2022-08-26 17:03:23,156 [s2@group-6458135C7B8A-LeaderElection2] INFO  server.RaftServerConfigKeys (ConfUtils.java:logGet(46)) - raft.server.log.appender.buffer.byte-limit = 4MB (=4194304) (default)
2022-08-26 17:03:23,156 [s2@group-6458135C7B8A-LeaderElection2] INFO  server.RaftServerConfigKeys (ConfUtils.java:logGet(46)) - raft.server.log.appender.buffer.element-limit = 0 (default)
2022-08-26 17:03:23,157 [s2@group-6458135C7B8A-LeaderElection2] INFO  server.RaftServerConfigKeys (ConfUtils.java:logGet(46)) - raft.server.log.appender.snapshot.chunk.size.max = 16MB (=16777216) (default)
2022-08-26 17:03:23,157 [s2@group-6458135C7B8A-LeaderElection2] INFO  server.RaftServerConfigKeys (ConfUtils.java:logGet(46)) - raft.server.log.appender.buffer.byte-limit = 4MB (=4194304) (default)
2022-08-26 17:03:23,157 [s2@group-6458135C7B8A-LeaderElection2] INFO  server.RaftServerConfigKeys (ConfUtils.java:logGet(46)) - raft.server.log.appender.buffer.element-limit = 0 (default)
2022-08-26 17:03:23,157 [s2@group-6458135C7B8A-LeaderElection2] INFO  server.RaftServerConfigKeys (ConfUtils.java:logGet(46)) - raft.server.log.appender.snapshot.chunk.size.max = 16MB (=16777216) (default)
2022-08-26 17:03:23,157 [s2@group-6458135C7B8A-LeaderElection2] INFO  server.RaftServerConfigKeys (ConfUtils.java:logGet(46)) - raft.server.log.appender.buffer.byte-limit = 4MB (=4194304) (default)
2022-08-26 17:03:23,158 [s2@group-6458135C7B8A-LeaderElection2] INFO  server.RaftServerConfigKeys (ConfUtils.java:logGet(46)) - raft.server.log.appender.buffer.element-limit = 0 (default)
2022-08-26 17:03:23,158 [s2@group-6458135C7B8A-LeaderElection2] INFO  impl.RoleInfo (RoleInfo.java:updateAndGet(139)) - s2: start s2@group-6458135C7B8A-LeaderStateImpl
2022-08-26 17:03:23,158 [s2@group-6458135C7B8A-LeaderElection2] INFO  segmented.SegmentedRaftLogWorker (SegmentedRaftLogWorker.java:startLogSegment(452)) - s2@group-6458135C7B8A-SegmentedRaftLogWorker: Starting segment from index:0
2022-08-26 17:03:23,169 [s2@group-6458135C7B8A-SegmentedRaftLogWorker] INFO  segmented.SegmentedRaftLogWorker (SegmentedRaftLogWorker.java:execute(656)) - s2@group-6458135C7B8A-SegmentedRaftLogWorker: created new log segment /home/runner/work/ratis/ratis/ratis-test/target/test/data/52ed935e/MiniRaftClusterWithSimulatedRpc6556e5ab/s2/7207ec40-1066-49fd-af1e-6458135c7b8a/current/log_inprogress_0
2022-08-26 17:03:23,172 [Thread-76] INFO  server.RaftServer$Division (ServerState.java:setLeader(255)) - s4@group-6458135C7B8A: change Leader from null to s2 at term 1 for appendEntries, leader elected after 305ms
2022-08-26 17:03:23,177 [Thread-83] INFO  server.RaftServer$Division (ServerState.java:setLeader(255)) - s0@group-6458135C7B8A: change Leader from null to s2 at term 1 for appendEntries, leader elected after 304ms
2022-08-26 17:03:23,178 [Thread-90] INFO  server.RaftServer$Division (ServerState.java:setLeader(255)) - s1@group-6458135C7B8A: change Leader from null to s2 at term 1 for appendEntries, leader elected after 299ms
2022-08-26 17:03:23,187 [Thread-69] INFO  server.RaftServer$Division (ServerState.java:setLeader(255)) - s3@group-6458135C7B8A: change Leader from null to s2 at term 1 for appendEntries, leader elected after 329ms
2022-08-26 17:03:23,187 [s2@group-6458135C7B8A-LeaderElection2] INFO  server.RaftServer$Division (ServerState.java:setRaftConf(372)) - s2@group-6458135C7B8A: set configuration 0: peers:[s3|rpc:localhost:34629|admin:localhost:38947|client:localhost:34343|dataStream:localhost:36131|priority:0|startupRole:FOLLOWER, s4|rpc:localhost:41115|admin:localhost:34281|client:localhost:37581|dataStream:localhost:43601|priority:0|startupRole:FOLLOWER, s0|rpc:localhost:41743|admin:localhost:42389|client:localhost:43463|dataStream:localhost:33005|priority:0|startupRole:FOLLOWER, s1|rpc:localhost:43623|admin:localhost:45655|client:localhost:33463|dataStream:localhost:33813|priority:0|startupRole:FOLLOWER, s2|rpc:localhost:37993|admin:localhost:44397|client:localhost:35825|dataStream:localhost:43663|priority:0|startupRole:FOLLOWER]|listeners:[], old=null
2022-08-26 17:03:23,200 [Thread-81] DEBUG server.RaftServer$Division (RaftServerImpl.java:logAppendEntries(1318)) - s0@group-6458135C7B8A: receive appendEntries(s2, 1, null, 0, true, commits:[s2:c0, s3:c-1, s4:c-1, s0:c-1, s1:c-1], cId:33, entries: [(t:1, i:0), CONFIGURATIONENTRY(current:id: "s3"
address: "localhost:34629"
dataStreamAddress: "localhost:36131"
clientAddress: "localhost:34343"
adminAddress: "localhost:38947"
startupRole: FOLLOWER
,id: "s4"
address: "localhost:41115"
dataStreamAddress: "localhost:43601"
clientAddress: "localhost:37581"
adminAddress: "localhost:34281"
startupRole: FOLLOWER
,id: "s0"
address: "localhost:41743"
dataStreamAddress: "localhost:33005"
clientAddress: "localhost:43463"
adminAddress: "localhost:42389"
startupRole: FOLLOWER
,id: "s1"
address: "localhost:43623"
dataStreamAddress: "localhost:33813"
clientAddress: "localhost:33463"
adminAddress: "localhost:45655"
startupRole: FOLLOWER
,id: "s2"
address: "localhost:37993"
dataStreamAddress: "localhost:43663"
clientAddress: "localhost:35825"
adminAddress: "localhost:44397"
startupRole: FOLLOWER
, old:)]
2022-08-26 17:03:23,200 [Thread-81] INFO  server.RaftServer$Division (ServerState.java:setRaftConf(372)) - s0@group-6458135C7B8A: set configuration 0: peers:[s3|rpc:localhost:34629|admin:localhost:38947|client:localhost:34343|dataStream:localhost:36131|priority:0|startupRole:FOLLOWER, s4|rpc:localhost:41115|admin:localhost:34281|client:localhost:37581|dataStream:localhost:43601|priority:0|startupRole:FOLLOWER, s0|rpc:localhost:41743|admin:localhost:42389|client:localhost:43463|dataStream:localhost:33005|priority:0|startupRole:FOLLOWER, s1|rpc:localhost:43623|admin:localhost:45655|client:localhost:33463|dataStream:localhost:33813|priority:0|startupRole:FOLLOWER, s2|rpc:localhost:37993|admin:localhost:44397|client:localhost:35825|dataStream:localhost:43663|priority:0|startupRole:FOLLOWER]|listeners:[], old=null
2022-08-26 17:03:23,201 [Thread-81] INFO  segmented.SegmentedRaftLogWorker (SegmentedRaftLogWorker.java:startLogSegment(452)) - s0@group-6458135C7B8A-SegmentedRaftLogWorker: Starting segment from index:0
2022-08-26 17:03:23,203 [Thread-74] DEBUG server.RaftServer$Division (RaftServerImpl.java:logAppendEntries(1318)) - s4@group-6458135C7B8A: receive appendEntries(s2, 1, null, 0, true, commits:[s2:c0, s3:c-1, s4:c-1, s0:c-1, s1:c-1], cId:34, entries: [(t:1, i:0), CONFIGURATIONENTRY(current:id: "s3"
address: "localhost:34629"
dataStreamAddress: "localhost:36131"
clientAddress: "localhost:34343"
adminAddress: "localhost:38947"
startupRole: FOLLOWER
,id: "s4"
address: "localhost:41115"
dataStreamAddress: "localhost:43601"
clientAddress: "localhost:37581"
adminAddress: "localhost:34281"
startupRole: FOLLOWER
,id: "s0"
address: "localhost:41743"
dataStreamAddress: "localhost:33005"
clientAddress: "localhost:43463"
adminAddress: "localhost:42389"
startupRole: FOLLOWER
,id: "s1"
address: "localhost:43623"
dataStreamAddress: "localhost:33813"
clientAddress: "localhost:33463"
adminAddress: "localhost:45655"
startupRole: FOLLOWER
,id: "s2"
address: "localhost:37993"
dataStreamAddress: "localhost:43663"
clientAddress: "localhost:35825"
adminAddress: "localhost:44397"
startupRole: FOLLOWER
, old:)]
2022-08-26 17:03:23,205 [Thread-74] INFO  server.RaftServer$Division (ServerState.java:setRaftConf(372)) - s4@group-6458135C7B8A: set configuration 0: peers:[s3|rpc:localhost:34629|admin:localhost:38947|client:localhost:34343|dataStream:localhost:36131|priority:0|startupRole:FOLLOWER, s4|rpc:localhost:41115|admin:localhost:34281|client:localhost:37581|dataStream:localhost:43601|priority:0|startupRole:FOLLOWER, s0|rpc:localhost:41743|admin:localhost:42389|client:localhost:43463|dataStream:localhost:33005|priority:0|startupRole:FOLLOWER, s1|rpc:localhost:43623|admin:localhost:45655|client:localhost:33463|dataStream:localhost:33813|priority:0|startupRole:FOLLOWER, s2|rpc:localhost:37993|admin:localhost:44397|client:localhost:35825|dataStream:localhost:43663|priority:0|startupRole:FOLLOWER]|listeners:[], old=null
2022-08-26 17:03:23,206 [Thread-74] INFO  segmented.SegmentedRaftLogWorker (SegmentedRaftLogWorker.java:startLogSegment(452)) - s4@group-6458135C7B8A-SegmentedRaftLogWorker: Starting segment from index:0
2022-08-26 17:03:23,210 [Thread-88] DEBUG server.RaftServer$Division (RaftServerImpl.java:logAppendEntries(1318)) - s1@group-6458135C7B8A: receive appendEntries(s2, 1, null, 0, true, commits:[s2:c0, s3:c-1, s4:c-1, s0:c-1, s1:c-1], cId:35, entries: [(t:1, i:0), CONFIGURATIONENTRY(current:id: "s3"
address: "localhost:34629"
dataStreamAddress: "localhost:36131"
clientAddress: "localhost:34343"
adminAddress: "localhost:38947"
startupRole: FOLLOWER
,id: "s4"
address: "localhost:41115"
dataStreamAddress: "localhost:43601"
clientAddress: "localhost:37581"
adminAddress: "localhost:34281"
startupRole: FOLLOWER
,id: "s0"
address: "localhost:41743"
dataStreamAddress: "localhost:33005"
clientAddress: "localhost:43463"
adminAddress: "localhost:42389"
startupRole: FOLLOWER
,id: "s1"
address: "localhost:43623"
dataStreamAddress: "localhost:33813"
clientAddress: "localhost:33463"
adminAddress: "localhost:45655"
startupRole: FOLLOWER
,id: "s2"
address: "localhost:37993"
dataStreamAddress: "localhost:43663"
clientAddress: "localhost:35825"
adminAddress: "localhost:44397"
startupRole: FOLLOWER
, old:)]
2022-08-26 17:03:23,211 [Thread-88] INFO  server.RaftServer$Division (ServerState.java:setRaftConf(372)) - s1@group-6458135C7B8A: set configuration 0: peers:[s3|rpc:localhost:34629|admin:localhost:38947|client:localhost:34343|dataStream:localhost:36131|priority:0|startupRole:FOLLOWER, s4|rpc:localhost:41115|admin:localhost:34281|client:localhost:37581|dataStream:localhost:43601|priority:0|startupRole:FOLLOWER, s0|rpc:localhost:41743|admin:localhost:42389|client:localhost:43463|dataStream:localhost:33005|priority:0|startupRole:FOLLOWER, s1|rpc:localhost:43623|admin:localhost:45655|client:localhost:33463|dataStream:localhost:33813|priority:0|startupRole:FOLLOWER, s2|rpc:localhost:37993|admin:localhost:44397|client:localhost:35825|dataStream:localhost:43663|priority:0|startupRole:FOLLOWER]|listeners:[], old=null
2022-08-26 17:03:23,211 [Thread-88] INFO  segmented.SegmentedRaftLogWorker (SegmentedRaftLogWorker.java:startLogSegment(452)) - s1@group-6458135C7B8A-SegmentedRaftLogWorker: Starting segment from index:0
2022-08-26 17:03:23,212 [s0@group-6458135C7B8A-SegmentedRaftLogWorker] INFO  segmented.SegmentedRaftLogWorker (SegmentedRaftLogWorker.java:execute(656)) - s0@group-6458135C7B8A-SegmentedRaftLogWorker: created new log segment /home/runner/work/ratis/ratis/ratis-test/target/test/data/52ed935e/MiniRaftClusterWithSimulatedRpc6556e5ab/s0/7207ec40-1066-49fd-af1e-6458135c7b8a/current/log_inprogress_0
2022-08-26 17:03:23,212 [Thread-68] DEBUG server.RaftServer$Division (RaftServerImpl.java:logAppendEntries(1318)) - s3@group-6458135C7B8A: receive appendEntries(s2, 1, null, 0, true, commits:[s2:c0, s3:c-1, s4:c-1, s0:c-1, s1:c-1], cId:36, entries: [(t:1, i:0), CONFIGURATIONENTRY(current:id: "s3"
address: "localhost:34629"
dataStreamAddress: "localhost:36131"
clientAddress: "localhost:34343"
adminAddress: "localhost:38947"
startupRole: FOLLOWER
,id: "s4"
address: "localhost:41115"
dataStreamAddress: "localhost:43601"
clientAddress: "localhost:37581"
adminAddress: "localhost:34281"
startupRole: FOLLOWER
,id: "s0"
address: "localhost:41743"
dataStreamAddress: "localhost:33005"
clientAddress: "localhost:43463"
adminAddress: "localhost:42389"
startupRole: FOLLOWER
,id: "s1"
address: "localhost:43623"
dataStreamAddress: "localhost:33813"
clientAddress: "localhost:33463"
adminAddress: "localhost:45655"
startupRole: FOLLOWER
,id: "s2"
address: "localhost:37993"
dataStreamAddress: "localhost:43663"
clientAddress: "localhost:35825"
adminAddress: "localhost:44397"
startupRole: FOLLOWER
, old:)]
2022-08-26 17:03:23,214 [Thread-68] INFO  server.RaftServer$Division (ServerState.java:setRaftConf(372)) - s3@group-6458135C7B8A: set configuration 0: peers:[s3|rpc:localhost:34629|admin:localhost:38947|client:localhost:34343|dataStream:localhost:36131|priority:0|startupRole:FOLLOWER, s4|rpc:localhost:41115|admin:localhost:34281|client:localhost:37581|dataStream:localhost:43601|priority:0|startupRole:FOLLOWER, s0|rpc:localhost:41743|admin:localhost:42389|client:localhost:43463|dataStream:localhost:33005|priority:0|startupRole:FOLLOWER, s1|rpc:localhost:43623|admin:localhost:45655|client:localhost:33463|dataStream:localhost:33813|priority:0|startupRole:FOLLOWER, s2|rpc:localhost:37993|admin:localhost:44397|client:localhost:35825|dataStream:localhost:43663|priority:0|startupRole:FOLLOWER]|listeners:[], old=null
2022-08-26 17:03:23,214 [Thread-68] INFO  segmented.SegmentedRaftLogWorker (SegmentedRaftLogWorker.java:startLogSegment(452)) - s3@group-6458135C7B8A-SegmentedRaftLogWorker: Starting segment from index:0
2022-08-26 17:03:23,230 [s0-server-thread1] DEBUG server.RaftServer$Division (RaftServerImpl.java:logAppendEntries(1318)) - s0@group-6458135C7B8A: succeeded to handle AppendEntries. Reply: s2<-s0#33:OK-t1,SUCCESS,nextIndex=1,followerCommit=0,matchIndex=0
2022-08-26 17:03:23,235 [s3@group-6458135C7B8A-SegmentedRaftLogWorker] INFO  segmented.SegmentedRaftLogWorker (SegmentedRaftLogWorker.java:execute(656)) - s3@group-6458135C7B8A-SegmentedRaftLogWorker: created new log segment /home/runner/work/ratis/ratis/ratis-test/target/test/data/52ed935e/MiniRaftClusterWithSimulatedRpc6556e5ab/s3/7207ec40-1066-49fd-af1e-6458135c7b8a/current/log_inprogress_0
2022-08-26 17:03:23,236 [s1@group-6458135C7B8A-SegmentedRaftLogWorker] INFO  segmented.SegmentedRaftLogWorker (SegmentedRaftLogWorker.java:execute(656)) - s1@group-6458135C7B8A-SegmentedRaftLogWorker: created new log segment /home/runner/work/ratis/ratis/ratis-test/target/test/data/52ed935e/MiniRaftClusterWithSimulatedRpc6556e5ab/s1/7207ec40-1066-49fd-af1e-6458135c7b8a/current/log_inprogress_0
2022-08-26 17:03:23,236 [s4@group-6458135C7B8A-SegmentedRaftLogWorker] INFO  segmented.SegmentedRaftLogWorker (SegmentedRaftLogWorker.java:execute(656)) - s4@group-6458135C7B8A-SegmentedRaftLogWorker: created new log segment /home/runner/work/ratis/ratis/ratis-test/target/test/data/52ed935e/MiniRaftClusterWithSimulatedRpc6556e5ab/s4/7207ec40-1066-49fd-af1e-6458135c7b8a/current/log_inprogress_0
2022-08-26 17:03:23,237 [s1-server-thread1] DEBUG server.RaftServer$Division (RaftServerImpl.java:logAppendEntries(1318)) - s1@group-6458135C7B8A: succeeded to handle AppendEntries. Reply: s2<-s1#35:OK-t1,SUCCESS,nextIndex=1,followerCommit=0,matchIndex=0
2022-08-26 17:03:23,237 [s3-server-thread1] DEBUG server.RaftServer$Division (RaftServerImpl.java:logAppendEntries(1318)) - s3@group-6458135C7B8A: succeeded to handle AppendEntries. Reply: s2<-s3#36:OK-t1,SUCCESS,nextIndex=1,followerCommit=0,matchIndex=0
2022-08-26 17:03:23,238 [s4-server-thread1] DEBUG server.RaftServer$Division (RaftServerImpl.java:logAppendEntries(1318)) - s4@group-6458135C7B8A: succeeded to handle AppendEntries. Reply: s2<-s4#34:OK-t1,SUCCESS,nextIndex=1,followerCommit=0,matchIndex=0
2022-08-26 17:03:23,414 [Time-limited test] INFO  ratis.RaftTestUtil (RaftTestUtil.java:waitForLeader(119)) - printing ALL groups
  s3:  RUNNING  FOLLOWER s3@group-6458135C7B8A:t1, leader=s2, voted=s2, raftlog=Memoized:s3@group-6458135C7B8A-SegmentedRaftLog:OPENED:c0, conf=0: peers:[s3|rpc:localhost:34629|admin:localhost:38947|client:localhost:34343|dataStream:localhost:36131|priority:0|startupRole:FOLLOWER, s4|rpc:localhost:41115|admin:localhost:34281|client:localhost:37581|dataStream:localhost:43601|priority:0|startupRole:FOLLOWER, s0|rpc:localhost:41743|admin:localhost:42389|client:localhost:43463|dataStream:localhost:33005|priority:0|startupRole:FOLLOWER, s1|rpc:localhost:43623|admin:localhost:45655|client:localhost:33463|dataStream:localhost:33813|priority:0|startupRole:FOLLOWER, s2|rpc:localhost:37993|admin:localhost:44397|client:localhost:35825|dataStream:localhost:43663|priority:0|startupRole:FOLLOWER]|listeners:[], old=null RUNNING
  s4:  RUNNING  FOLLOWER s4@group-6458135C7B8A:t1, leader=s2, voted=s2, raftlog=Memoized:s4@group-6458135C7B8A-SegmentedRaftLog:OPENED:c0, conf=0: peers:[s3|rpc:localhost:34629|admin:localhost:38947|client:localhost:34343|dataStream:localhost:36131|priority:0|startupRole:FOLLOWER, s4|rpc:localhost:41115|admin:localhost:34281|client:localhost:37581|dataStream:localhost:43601|priority:0|startupRole:FOLLOWER, s0|rpc:localhost:41743|admin:localhost:42389|client:localhost:43463|dataStream:localhost:33005|priority:0|startupRole:FOLLOWER, s1|rpc:localhost:43623|admin:localhost:45655|client:localhost:33463|dataStream:localhost:33813|priority:0|startupRole:FOLLOWER, s2|rpc:localhost:37993|admin:localhost:44397|client:localhost:35825|dataStream:localhost:43663|priority:0|startupRole:FOLLOWER]|listeners:[], old=null RUNNING
  s0:  RUNNING  FOLLOWER s0@group-6458135C7B8A:t1, leader=s2, voted=s2, raftlog=Memoized:s0@group-6458135C7B8A-SegmentedRaftLog:OPENED:c0, conf=0: peers:[s3|rpc:localhost:34629|admin:localhost:38947|client:localhost:34343|dataStream:localhost:36131|priority:0|startupRole:FOLLOWER, s4|rpc:localhost:41115|admin:localhost:34281|client:localhost:37581|dataStream:localhost:43601|priority:0|startupRole:FOLLOWER, s0|rpc:localhost:41743|admin:localhost:42389|client:localhost:43463|dataStream:localhost:33005|priority:0|startupRole:FOLLOWER, s1|rpc:localhost:43623|admin:localhost:45655|client:localhost:33463|dataStream:localhost:33813|priority:0|startupRole:FOLLOWER, s2|rpc:localhost:37993|admin:localhost:44397|client:localhost:35825|dataStream:localhost:43663|priority:0|startupRole:FOLLOWER]|listeners:[], old=null RUNNING
  s1:  RUNNING  FOLLOWER s1@group-6458135C7B8A:t1, leader=s2, voted=s2, raftlog=Memoized:s1@group-6458135C7B8A-SegmentedRaftLog:OPENED:c0, conf=0: peers:[s3|rpc:localhost:34629|admin:localhost:38947|client:localhost:34343|dataStream:localhost:36131|priority:0|startupRole:FOLLOWER, s4|rpc:localhost:41115|admin:localhost:34281|client:localhost:37581|dataStream:localhost:43601|priority:0|startupRole:FOLLOWER, s0|rpc:localhost:41743|admin:localhost:42389|client:localhost:43463|dataStream:localhost:33005|priority:0|startupRole:FOLLOWER, s1|rpc:localhost:43623|admin:localhost:45655|client:localhost:33463|dataStream:localhost:33813|priority:0|startupRole:FOLLOWER, s2|rpc:localhost:37993|admin:localhost:44397|client:localhost:35825|dataStream:localhost:43663|priority:0|startupRole:FOLLOWER]|listeners:[], old=null RUNNING
  s2:  RUNNING    LEADER s2@group-6458135C7B8A:t1, leader=s2, voted=s2, raftlog=Memoized:s2@group-6458135C7B8A-SegmentedRaftLog:OPENED:c0, conf=0: peers:[s3|rpc:localhost:34629|admin:localhost:38947|client:localhost:34343|dataStream:localhost:36131|priority:0|startupRole:FOLLOWER, s4|rpc:localhost:41115|admin:localhost:34281|client:localhost:37581|dataStream:localhost:43601|priority:0|startupRole:FOLLOWER, s0|rpc:localhost:41743|admin:localhost:42389|client:localhost:43463|dataStream:localhost:33005|priority:0|startupRole:FOLLOWER, s1|rpc:localhost:43623|admin:localhost:45655|client:localhost:33463|dataStream:localhost:33813|priority:0|startupRole:FOLLOWER, s2|rpc:localhost:37993|admin:localhost:44397|client:localhost:35825|dataStream:localhost:43663|priority:0|startupRole:FOLLOWER]|listeners:[], old=null RUNNING
2022-08-26 17:03:23,414 [Time-limited test] INFO  simulation.TestLeaderElectionWithSimulatedRpc (LeaderElectionTests.java:testEnforceLeader(234)) - firstLeader = s2
2022-08-26 17:03:23,414 [Time-limited test] INFO  simulation.TestLeaderElectionWithSimulatedRpc (LeaderElectionTests.java:testEnforceLeader(239)) - enforce leader to s0
2022-08-26 17:03:23,414 [Time-limited test] INFO  simulation.TestLeaderElectionWithSimulatedRpc (LeaderElectionTests.java:enforceLeader(245)) - printing ALL groups
  s3:  RUNNING  FOLLOWER s3@group-6458135C7B8A:t1, leader=s2, voted=s2, raftlog=Memoized:s3@group-6458135C7B8A-SegmentedRaftLog:OPENED:c0, conf=0: peers:[s3|rpc:localhost:34629|admin:localhost:38947|client:localhost:34343|dataStream:localhost:36131|priority:0|startupRole:FOLLOWER, s4|rpc:localhost:41115|admin:localhost:34281|client:localhost:37581|dataStream:localhost:43601|priority:0|startupRole:FOLLOWER, s0|rpc:localhost:41743|admin:localhost:42389|client:localhost:43463|dataStream:localhost:33005|priority:0|startupRole:FOLLOWER, s1|rpc:localhost:43623|admin:localhost:45655|client:localhost:33463|dataStream:localhost:33813|priority:0|startupRole:FOLLOWER, s2|rpc:localhost:37993|admin:localhost:44397|client:localhost:35825|dataStream:localhost:43663|priority:0|startupRole:FOLLOWER]|listeners:[], old=null RUNNING
  s4:  RUNNING  FOLLOWER s4@group-6458135C7B8A:t1, leader=s2, voted=s2, raftlog=Memoized:s4@group-6458135C7B8A-SegmentedRaftLog:OPENED:c0, conf=0: peers:[s3|rpc:localhost:34629|admin:localhost:38947|client:localhost:34343|dataStream:localhost:36131|priority:0|startupRole:FOLLOWER, s4|rpc:localhost:41115|admin:localhost:34281|client:localhost:37581|dataStream:localhost:43601|priority:0|startupRole:FOLLOWER, s0|rpc:localhost:41743|admin:localhost:42389|client:localhost:43463|dataStream:localhost:33005|priority:0|startupRole:FOLLOWER, s1|rpc:localhost:43623|admin:localhost:45655|client:localhost:33463|dataStream:localhost:33813|priority:0|startupRole:FOLLOWER, s2|rpc:localhost:37993|admin:localhost:44397|client:localhost:35825|dataStream:localhost:43663|priority:0|startupRole:FOLLOWER]|listeners:[], old=null RUNNING
  s0:  RUNNING  FOLLOWER s0@group-6458135C7B8A:t1, leader=s2, voted=s2, raftlog=Memoized:s0@group-6458135C7B8A-SegmentedRaftLog:OPENED:c0, conf=0: peers:[s3|rpc:localhost:34629|admin:localhost:38947|client:localhost:34343|dataStream:localhost:36131|priority:0|startupRole:FOLLOWER, s4|rpc:localhost:41115|admin:localhost:34281|client:localhost:37581|dataStream:localhost:43601|priority:0|startupRole:FOLLOWER, s0|rpc:localhost:41743|admin:localhost:42389|client:localhost:43463|dataStream:localhost:33005|priority:0|startupRole:FOLLOWER, s1|rpc:localhost:43623|admin:localhost:45655|client:localhost:33463|dataStream:localhost:33813|priority:0|startupRole:FOLLOWER, s2|rpc:localhost:37993|admin:localhost:44397|client:localhost:35825|dataStream:localhost:43663|priority:0|startupRole:FOLLOWER]|listeners:[], old=null RUNNING
  s1:  RUNNING  FOLLOWER s1@group-6458135C7B8A:t1, leader=s2, voted=s2, raftlog=Memoized:s1@group-6458135C7B8A-SegmentedRaftLog:OPENED:c0, conf=0: peers:[s3|rpc:localhost:34629|admin:localhost:38947|client:localhost:34343|dataStream:localhost:36131|priority:0|startupRole:FOLLOWER, s4|rpc:localhost:41115|admin:localhost:34281|client:localhost:37581|dataStream:localhost:43601|priority:0|startupRole:FOLLOWER, s0|rpc:localhost:41743|admin:localhost:42389|client:localhost:43463|dataStream:localhost:33005|priority:0|startupRole:FOLLOWER, s1|rpc:localhost:43623|admin:localhost:45655|client:localhost:33463|dataStream:localhost:33813|priority:0|startupRole:FOLLOWER, s2|rpc:localhost:37993|admin:localhost:44397|client:localhost:35825|dataStream:localhost:43663|priority:0|startupRole:FOLLOWER]|listeners:[], old=null RUNNING
  s2:  RUNNING    LEADER s2@group-6458135C7B8A:t1, leader=s2, voted=s2, raftlog=Memoized:s2@group-6458135C7B8A-SegmentedRaftLog:OPENED:c0, conf=0: peers:[s3|rpc:localhost:34629|admin:localhost:38947|client:localhost:34343|dataStream:localhost:36131|priority:0|startupRole:FOLLOWER, s4|rpc:localhost:41115|admin:localhost:34281|client:localhost:37581|dataStream:localhost:43601|priority:0|startupRole:FOLLOWER, s0|rpc:localhost:41743|admin:localhost:42389|client:localhost:43463|dataStream:localhost:33005|priority:0|startupRole:FOLLOWER, s1|rpc:localhost:43623|admin:localhost:45655|client:localhost:33463|dataStream:localhost:33813|priority:0|startupRole:FOLLOWER, s2|rpc:localhost:37993|admin:localhost:44397|client:localhost:35825|dataStream:localhost:43663|priority:0|startupRole:FOLLOWER]|listeners:[], old=null RUNNING
2022-08-26 17:03:23,416 [Time-limited test] INFO  server.RaftServerConfigKeys (ConfUtils.java:logGet(46)) - raft.server.rpc.timeout.max = 300ms (default)
2022-08-26 17:03:23,684 [s0@group-6458135C7B8A-FollowerState] INFO  impl.FollowerState (FollowerState.java:run(143)) - s0@group-6458135C7B8A-FollowerState: change to CANDIDATE, lastRpcElapsedTime:357503847ns, electionTimeout:259ms
2022-08-26 17:03:23,684 [s0@group-6458135C7B8A-FollowerState] INFO  impl.RoleInfo (RoleInfo.java:shutdownFollowerState(110)) - s0: shutdown s0@group-6458135C7B8A-FollowerState
2022-08-26 17:03:23,684 [s0@group-6458135C7B8A-FollowerState] INFO  server.RaftServer$Division (RaftServerImpl.java:setRole(315)) - s0@group-6458135C7B8A: changes role from  FOLLOWER to CANDIDATE at term 1 for changeToCandidate
2022-08-26 17:03:23,684 [s0@group-6458135C7B8A-FollowerState] INFO  server.RaftServerConfigKeys (ConfUtils.java:logGet(46)) - raft.server.leaderelection.pre-vote = true (default)
2022-08-26 17:03:23,684 [s0@group-6458135C7B8A-FollowerState] INFO  impl.RoleInfo (RoleInfo.java:updateAndGet(139)) - s0: start s0@group-6458135C7B8A-LeaderElection3
2022-08-26 17:03:23,687 [s0@group-6458135C7B8A-LeaderElection3] INFO  server.RaftServer$Division (ServerState.java:setLeader(255)) - s0@group-6458135C7B8A: change Leader from s2 to null at term 1 for PRE_VOTE
2022-08-26 17:03:23,687 [s0@group-6458135C7B8A-LeaderElection3] INFO  impl.LeaderElection (LeaderElection.java:askForVotes(310)) - s0@group-6458135C7B8A-LeaderElection3 PRE_VOTE round 0: submit vote requests at term 1 for 0: peers:[s3|rpc:localhost:34629|admin:localhost:38947|client:localhost:34343|dataStream:localhost:36131|priority:0|startupRole:FOLLOWER, s4|rpc:localhost:41115|admin:localhost:34281|client:localhost:37581|dataStream:localhost:43601|priority:0|startupRole:FOLLOWER, s0|rpc:localhost:41743|admin:localhost:42389|client:localhost:43463|dataStream:localhost:33005|priority:0|startupRole:FOLLOWER, s1|rpc:localhost:43623|admin:localhost:45655|client:localhost:33463|dataStream:localhost:33813|priority:0|startupRole:FOLLOWER, s2|rpc:localhost:37993|admin:localhost:44397|client:localhost:35825|dataStream:localhost:43663|priority:0|startupRole:FOLLOWER]|listeners:[], old=null
2022-08-26 17:03:23,838 [Thread-67] INFO  server.RaftServer$Division (RaftServerImpl.java:requestVote(1212)) - s3@group-6458135C7B8A: receive requestVote(PRE_VOTE, s0, group-6458135C7B8A, 1, (t:1, i:0))
2022-08-26 17:03:23,839 [Thread-89] INFO  server.RaftServer$Division (RaftServerImpl.java:requestVote(1212)) - s1@group-6458135C7B8A: receive requestVote(PRE_VOTE, s0, group-6458135C7B8A, 1, (t:1, i:0))
2022-08-26 17:03:23,839 [Thread-89] INFO  impl.VoteContext (VoteContext.java:log(48)) - s1@group-6458135C7B8A-FOLLOWER: reject PRE_VOTE from s0: this server is a follower and still has a valid leader s2
2022-08-26 17:03:23,840 [Thread-89] INFO  server.RaftServer$Division (RaftServerImpl.java:requestVote(1245)) - s1@group-6458135C7B8A replies to PRE_VOTE vote request: s0<-s1#0:FAIL-t1. Peer's state: s1@group-6458135C7B8A:t1, leader=s2, voted=s2, raftlog=Memoized:s1@group-6458135C7B8A-SegmentedRaftLog:OPENED:c0, conf=0: peers:[s3|rpc:localhost:34629|admin:localhost:38947|client:localhost:34343|dataStream:localhost:36131|priority:0|startupRole:FOLLOWER, s4|rpc:localhost:41115|admin:localhost:34281|client:localhost:37581|dataStream:localhost:43601|priority:0|startupRole:FOLLOWER, s0|rpc:localhost:41743|admin:localhost:42389|client:localhost:43463|dataStream:localhost:33005|priority:0|startupRole:FOLLOWER, s1|rpc:localhost:43623|admin:localhost:45655|client:localhost:33463|dataStream:localhost:33813|priority:0|startupRole:FOLLOWER, s2|rpc:localhost:37993|admin:localhost:44397|client:localhost:35825|dataStream:localhost:43663|priority:0|startupRole:FOLLOWER]|listeners:[], old=null
2022-08-26 17:03:23,840 [Thread-95] INFO  server.RaftServer$Division (RaftServerImpl.java:requestVote(1212)) - s2@group-6458135C7B8A: receive requestVote(PRE_VOTE, s0, group-6458135C7B8A, 1, (t:1, i:0))
2022-08-26 17:03:23,840 [Thread-95] INFO  impl.VoteContext (VoteContext.java:log(48)) - s2@group-6458135C7B8A-LEADER: reject PRE_VOTE from s0: this server is the leader and still has leadership
2022-08-26 17:03:23,840 [Thread-95] INFO  server.RaftServer$Division (RaftServerImpl.java:requestVote(1245)) - s2@group-6458135C7B8A replies to PRE_VOTE vote request: s0<-s2#0:FAIL-t1. Peer's state: s2@group-6458135C7B8A:t1, leader=s2, voted=s2, raftlog=Memoized:s2@group-6458135C7B8A-SegmentedRaftLog:OPENED:c0, conf=0: peers:[s3|rpc:localhost:34629|admin:localhost:38947|client:localhost:34343|dataStream:localhost:36131|priority:0|startupRole:FOLLOWER, s4|rpc:localhost:41115|admin:localhost:34281|client:localhost:37581|dataStream:localhost:43601|priority:0|startupRole:FOLLOWER, s0|rpc:localhost:41743|admin:localhost:42389|client:localhost:43463|dataStream:localhost:33005|priority:0|startupRole:FOLLOWER, s1|rpc:localhost:43623|admin:localhost:45655|client:localhost:33463|dataStream:localhost:33813|priority:0|startupRole:FOLLOWER, s2|rpc:localhost:37993|admin:localhost:44397|client:localhost:35825|dataStream:localhost:43663|priority:0|startupRole:FOLLOWER]|listeners:[], old=null
2022-08-26 17:03:23,838 [Thread-75] INFO  server.RaftServer$Division (RaftServerImpl.java:requestVote(1212)) - s4@group-6458135C7B8A: receive requestVote(PRE_VOTE, s0, group-6458135C7B8A, 1, (t:1, i:0))
2022-08-26 17:03:23,840 [Thread-75] INFO  impl.VoteContext (VoteContext.java:log(48)) - s4@group-6458135C7B8A-FOLLOWER: reject PRE_VOTE from s0: this server is a follower and still has a valid leader s2
2022-08-26 17:03:23,840 [Thread-75] INFO  server.RaftServer$Division (RaftServerImpl.java:requestVote(1245)) - s4@group-6458135C7B8A replies to PRE_VOTE vote request: s0<-s4#0:FAIL-t1. Peer's state: s4@group-6458135C7B8A:t1, leader=s2, voted=s2, raftlog=Memoized:s4@group-6458135C7B8A-SegmentedRaftLog:OPENED:c0, conf=0: peers:[s3|rpc:localhost:34629|admin:localhost:38947|client:localhost:34343|dataStream:localhost:36131|priority:0|startupRole:FOLLOWER, s4|rpc:localhost:41115|admin:localhost:34281|client:localhost:37581|dataStream:localhost:43601|priority:0|startupRole:FOLLOWER, s0|rpc:localhost:41743|admin:localhost:42389|client:localhost:43463|dataStream:localhost:33005|priority:0|startupRole:FOLLOWER, s1|rpc:localhost:43623|admin:localhost:45655|client:localhost:33463|dataStream:localhost:33813|priority:0|startupRole:FOLLOWER, s2|rpc:localhost:37993|admin:localhost:44397|client:localhost:35825|dataStream:localhost:43663|priority:0|startupRole:FOLLOWER]|listeners:[], old=null
2022-08-26 17:03:23,839 [Thread-67] INFO  impl.VoteContext (VoteContext.java:log(48)) - s3@group-6458135C7B8A-FOLLOWER: reject PRE_VOTE from s0: this server is a follower and still has a valid leader s2
2022-08-26 17:03:23,841 [Thread-67] INFO  server.RaftServer$Division (RaftServerImpl.java:requestVote(1245)) - s3@group-6458135C7B8A replies to PRE_VOTE vote request: s0<-s3#0:FAIL-t1. Peer's state: s3@group-6458135C7B8A:t1, leader=s2, voted=s2, raftlog=Memoized:s3@group-6458135C7B8A-SegmentedRaftLog:OPENED:c0, conf=0: peers:[s3|rpc:localhost:34629|admin:localhost:38947|client:localhost:34343|dataStream:localhost:36131|priority:0|startupRole:FOLLOWER, s4|rpc:localhost:41115|admin:localhost:34281|client:localhost:37581|dataStream:localhost:43601|priority:0|startupRole:FOLLOWER, s0|rpc:localhost:41743|admin:localhost:42389|client:localhost:43463|dataStream:localhost:33005|priority:0|startupRole:FOLLOWER, s1|rpc:localhost:43623|admin:localhost:45655|client:localhost:33463|dataStream:localhost:33813|priority:0|startupRole:FOLLOWER, s2|rpc:localhost:37993|admin:localhost:44397|client:localhost:35825|dataStream:localhost:43663|priority:0|startupRole:FOLLOWER]|listeners:[], old=null
2022-08-26 17:03:23,855 [s0@group-6458135C7B8A-LeaderElection3] INFO  impl.LeaderElection (LeaderElection.java:logAndReturn(90)) - s0@group-6458135C7B8A-LeaderElection3: PRE_VOTE REJECTED received 3 response(s) and 0 exception(s):
2022-08-26 17:03:23,855 [s0@group-6458135C7B8A-LeaderElection3] INFO  impl.LeaderElection (LeaderElection.java:logAndReturn(94)) -   Response 0: s0<-s4#0:FAIL-t1
2022-08-26 17:03:23,855 [s0@group-6458135C7B8A-LeaderElection3] INFO  impl.LeaderElection (LeaderElection.java:logAndReturn(94)) -   Response 1: s0<-s1#0:FAIL-t1
2022-08-26 17:03:23,855 [s0@group-6458135C7B8A-LeaderElection3] INFO  impl.LeaderElection (LeaderElection.java:logAndReturn(94)) -   Response 2: s0<-s2#0:FAIL-t1
2022-08-26 17:03:23,855 [s0@group-6458135C7B8A-LeaderElection3] INFO  impl.LeaderElection (LeaderElection.java:askForVotes(312)) - s0@group-6458135C7B8A-LeaderElection3 PRE_VOTE round 0: result REJECTED
2022-08-26 17:03:23,857 [s0@group-6458135C7B8A-LeaderElection3] INFO  server.RaftServer$Division (RaftServerImpl.java:setRole(315)) - s0@group-6458135C7B8A: changes role from CANDIDATE to FOLLOWER at term 1 for REJECTED
2022-08-26 17:03:23,858 [s0@group-6458135C7B8A-LeaderElection3] INFO  impl.RoleInfo (RoleInfo.java:shutdownLeaderElection(130)) - s0: shutdown s0@group-6458135C7B8A-LeaderElection3
2022-08-26 17:03:23,858 [s0@group-6458135C7B8A-LeaderElection3] INFO  impl.RoleInfo (RoleInfo.java:updateAndGet(139)) - s0: start s0@group-6458135C7B8A-FollowerState
2022-08-26 17:03:23,866 [Time-limited test] INFO  server.RaftServerConfigKeys (ConfUtils.java:logGet(46)) - raft.server.rpc.timeout.max = 300ms (default)
2022-08-26 17:03:24,020 [Thread-83] INFO  server.RaftServer$Division (ServerState.java:setLeader(255)) - s0@group-6458135C7B8A: change Leader from null to s2 at term 1 for appendEntries, leader elected after 333ms
2022-08-26 17:03:24,317 [Time-limited test] INFO  simulation.TestLeaderElectionWithSimulatedRpc (LeaderElectionTests.java:enforceLeader(248)) - try enforcing leader to s0 but new leader is s2
2022-08-26 17:03:24,317 [Time-limited test] INFO  server.RaftServerConfigKeys (ConfUtils.java:logGet(46)) - raft.server.rpc.timeout.max = 300ms (default)
2022-08-26 17:03:24,441 [s3@group-6458135C7B8A-FollowerState] INFO  impl.FollowerState (FollowerState.java:run(143)) - s3@group-6458135C7B8A-FollowerState: change to CANDIDATE, lastRpcElapsedTime:184267260ns, electionTimeout:179ms
2022-08-26 17:03:24,441 [s3@group-6458135C7B8A-FollowerState] INFO  impl.RoleInfo (RoleInfo.java:shutdownFollowerState(110)) - s3: shutdown s3@group-6458135C7B8A-FollowerState
2022-08-26 17:03:24,441 [s3@group-6458135C7B8A-FollowerState] INFO  server.RaftServer$Division (RaftServerImpl.java:setRole(315)) - s3@group-6458135C7B8A: changes role from  FOLLOWER to CANDIDATE at term 1 for changeToCandidate
2022-08-26 17:03:24,441 [s3@group-6458135C7B8A-FollowerState] INFO  server.RaftServerConfigKeys (ConfUtils.java:logGet(46)) - raft.server.leaderelection.pre-vote = true (default)
2022-08-26 17:03:24,441 [s3@group-6458135C7B8A-FollowerState] INFO  impl.RoleInfo (RoleInfo.java:updateAndGet(139)) - s3: start s3@group-6458135C7B8A-LeaderElection4
2022-08-26 17:03:24,442 [s3@group-6458135C7B8A-LeaderElection4] INFO  server.RaftServer$Division (ServerState.java:setLeader(255)) - s3@group-6458135C7B8A: change Leader from s2 to null at term 1 for PRE_VOTE
2022-08-26 17:03:24,442 [s3@group-6458135C7B8A-LeaderElection4] INFO  impl.LeaderElection (LeaderElection.java:askForVotes(310)) - s3@group-6458135C7B8A-LeaderElection4 PRE_VOTE round 0: submit vote requests at term 1 for 0: peers:[s3|rpc:localhost:34629|admin:localhost:38947|client:localhost:34343|dataStream:localhost:36131|priority:0|startupRole:FOLLOWER, s4|rpc:localhost:41115|admin:localhost:34281|client:localhost:37581|dataStream:localhost:43601|priority:0|startupRole:FOLLOWER, s0|rpc:localhost:41743|admin:localhost:42389|client:localhost:43463|dataStream:localhost:33005|priority:0|startupRole:FOLLOWER, s1|rpc:localhost:43623|admin:localhost:45655|client:localhost:33463|dataStream:localhost:33813|priority:0|startupRole:FOLLOWER, s2|rpc:localhost:37993|admin:localhost:44397|client:localhost:35825|dataStream:localhost:43663|priority:0|startupRole:FOLLOWER]|listeners:[], old=null
2022-08-26 17:03:24,494 [Thread-67] INFO  server.RaftServer$Division (RaftServerImpl.java:setRole(315)) - s3@group-6458135C7B8A: changes role from CANDIDATE to FOLLOWER at term 1 for appendEntries
2022-08-26 17:03:24,494 [Thread-67] INFO  impl.RoleInfo (RoleInfo.java:shutdownLeaderElection(130)) - s3: shutdown s3@group-6458135C7B8A-LeaderElection4
2022-08-26 17:03:24,494 [Thread-67] INFO  impl.RoleInfo (RoleInfo.java:updateAndGet(139)) - s3: start s3@group-6458135C7B8A-FollowerState
2022-08-26 17:03:24,494 [Thread-67] INFO  server.RaftServer$Division (ServerState.java:setLeader(255)) - s3@group-6458135C7B8A: change Leader from null to s2 at term 1 for appendEntries, leader elected after 51ms
2022-08-26 17:03:24,593 [Thread-76] INFO  server.RaftServer$Division (RaftServerImpl.java:requestVote(1212)) - s4@group-6458135C7B8A: receive requestVote(PRE_VOTE, s3, group-6458135C7B8A, 1, (t:1, i:0))
2022-08-26 17:03:24,593 [Thread-76] INFO  impl.VoteContext (VoteContext.java:log(48)) - s4@group-6458135C7B8A-FOLLOWER: reject PRE_VOTE from s3: this server is a follower and still has a valid leader s2
2022-08-26 17:03:24,593 [Thread-90] INFO  server.RaftServer$Division (RaftServerImpl.java:requestVote(1212)) - s1@group-6458135C7B8A: receive requestVote(PRE_VOTE, s3, group-6458135C7B8A, 1, (t:1, i:0))
2022-08-26 17:03:24,594 [Thread-76] INFO  server.RaftServer$Division (RaftServerImpl.java:requestVote(1245)) - s4@group-6458135C7B8A replies to PRE_VOTE vote request: s3<-s4#0:FAIL-t1. Peer's state: s4@group-6458135C7B8A:t1, leader=s2, voted=s2, raftlog=Memoized:s4@group-6458135C7B8A-SegmentedRaftLog:OPENED:c0, conf=0: peers:[s3|rpc:localhost:34629|admin:localhost:38947|client:localhost:34343|dataStream:localhost:36131|priority:0|startupRole:FOLLOWER, s4|rpc:localhost:41115|admin:localhost:34281|client:localhost:37581|dataStream:localhost:43601|priority:0|startupRole:FOLLOWER, s0|rpc:localhost:41743|admin:localhost:42389|client:localhost:43463|dataStream:localhost:33005|priority:0|startupRole:FOLLOWER, s1|rpc:localhost:43623|admin:localhost:45655|client:localhost:33463|dataStream:localhost:33813|priority:0|startupRole:FOLLOWER, s2|rpc:localhost:37993|admin:localhost:44397|client:localhost:35825|dataStream:localhost:43663|priority:0|startupRole:FOLLOWER]|listeners:[], old=null
2022-08-26 17:03:24,594 [Thread-90] INFO  impl.VoteContext (VoteContext.java:log(48)) - s1@group-6458135C7B8A-FOLLOWER: reject PRE_VOTE from s3: this server is a follower and still has a valid leader s2
2022-08-26 17:03:24,594 [Thread-90] INFO  server.RaftServer$Division (RaftServerImpl.java:requestVote(1245)) - s1@group-6458135C7B8A replies to PRE_VOTE vote request: s3<-s1#0:FAIL-t1. Peer's state: s1@group-6458135C7B8A:t1, leader=s2, voted=s2, raftlog=Memoized:s1@group-6458135C7B8A-SegmentedRaftLog:OPENED:c0, conf=0: peers:[s3|rpc:localhost:34629|admin:localhost:38947|client:localhost:34343|dataStream:localhost:36131|priority:0|startupRole:FOLLOWER, s4|rpc:localhost:41115|admin:localhost:34281|client:localhost:37581|dataStream:localhost:43601|priority:0|startupRole:FOLLOWER, s0|rpc:localhost:41743|admin:localhost:42389|client:localhost:43463|dataStream:localhost:33005|priority:0|startupRole:FOLLOWER, s1|rpc:localhost:43623|admin:localhost:45655|client:localhost:33463|dataStream:localhost:33813|priority:0|startupRole:FOLLOWER, s2|rpc:localhost:37993|admin:localhost:44397|client:localhost:35825|dataStream:localhost:43663|priority:0|startupRole:FOLLOWER]|listeners:[], old=null
2022-08-26 17:03:24,594 [Thread-96] INFO  server.RaftServer$Division (RaftServerImpl.java:requestVote(1212)) - s2@group-6458135C7B8A: receive requestVote(PRE_VOTE, s3, group-6458135C7B8A, 1, (t:1, i:0))
2022-08-26 17:03:24,594 [Thread-96] INFO  impl.VoteContext (VoteContext.java:log(48)) - s2@group-6458135C7B8A-LEADER: reject PRE_VOTE from s3: this server is the leader and still has leadership
2022-08-26 17:03:24,594 [Thread-96] INFO  server.RaftServer$Division (RaftServerImpl.java:requestVote(1245)) - s2@group-6458135C7B8A replies to PRE_VOTE vote request: s3<-s2#0:FAIL-t1. Peer's state: s2@group-6458135C7B8A:t1, leader=s2, voted=s2, raftlog=Memoized:s2@group-6458135C7B8A-SegmentedRaftLog:OPENED:c0, conf=0: peers:[s3|rpc:localhost:34629|admin:localhost:38947|client:localhost:34343|dataStream:localhost:36131|priority:0|startupRole:FOLLOWER, s4|rpc:localhost:41115|admin:localhost:34281|client:localhost:37581|dataStream:localhost:43601|priority:0|startupRole:FOLLOWER, s0|rpc:localhost:41743|admin:localhost:42389|client:localhost:43463|dataStream:localhost:33005|priority:0|startupRole:FOLLOWER, s1|rpc:localhost:43623|admin:localhost:45655|client:localhost:33463|dataStream:localhost:33813|priority:0|startupRole:FOLLOWER, s2|rpc:localhost:37993|admin:localhost:44397|client:localhost:35825|dataStream:localhost:43663|priority:0|startupRole:FOLLOWER]|listeners:[], old=null
2022-08-26 17:03:24,608 [s3@group-6458135C7B8A-LeaderElection4] INFO  impl.LeaderElection (LeaderElection.java:logAndReturn(90)) - s3@group-6458135C7B8A-LeaderElection4: PRE_VOTE REJECTED received 1 response(s) and 0 exception(s):
2022-08-26 17:03:24,608 [s3@group-6458135C7B8A-LeaderElection4] INFO  impl.LeaderElection (LeaderElection.java:logAndReturn(94)) -   Response 0: s3<-s1#0:FAIL-t1
2022-08-26 17:03:24,608 [s3@group-6458135C7B8A-LeaderElection4] INFO  impl.LeaderElection (LeaderElection.java:askForVotes(312)) - s3@group-6458135C7B8A-LeaderElection4 PRE_VOTE round 0: result REJECTED
2022-08-26 17:03:24,611 [s0@group-6458135C7B8A-FollowerState] INFO  impl.FollowerState (FollowerState.java:run(143)) - s0@group-6458135C7B8A-FollowerState: change to CANDIDATE, lastRpcElapsedTime:319705311ns, electionTimeout:213ms
2022-08-26 17:03:24,611 [s0@group-6458135C7B8A-FollowerState] INFO  impl.RoleInfo (RoleInfo.java:shutdownFollowerState(110)) - s0: shutdown s0@group-6458135C7B8A-FollowerState
2022-08-26 17:03:24,611 [s0@group-6458135C7B8A-FollowerState] INFO  server.RaftServer$Division (RaftServerImpl.java:setRole(315)) - s0@group-6458135C7B8A: changes role from  FOLLOWER to CANDIDATE at term 1 for changeToCandidate
2022-08-26 17:03:24,611 [s0@group-6458135C7B8A-FollowerState] INFO  server.RaftServerConfigKeys (ConfUtils.java:logGet(46)) - raft.server.leaderelection.pre-vote = true (default)
2022-08-26 17:03:24,611 [s0@group-6458135C7B8A-FollowerState] INFO  impl.RoleInfo (RoleInfo.java:updateAndGet(139)) - s0: start s0@group-6458135C7B8A-LeaderElection5
2022-08-26 17:03:24,611 [s0@group-6458135C7B8A-LeaderElection5] INFO  server.RaftServer$Division (ServerState.java:setLeader(255)) - s0@group-6458135C7B8A: change Leader from s2 to null at term 1 for PRE_VOTE
2022-08-26 17:03:24,611 [s0@group-6458135C7B8A-LeaderElection5] INFO  impl.LeaderElection (LeaderElection.java:askForVotes(310)) - s0@group-6458135C7B8A-LeaderElection5 PRE_VOTE round 0: submit vote requests at term 1 for 0: peers:[s3|rpc:localhost:34629|admin:localhost:38947|client:localhost:34343|dataStream:localhost:36131|priority:0|startupRole:FOLLOWER, s4|rpc:localhost:41115|admin:localhost:34281|client:localhost:37581|dataStream:localhost:43601|priority:0|startupRole:FOLLOWER, s0|rpc:localhost:41743|admin:localhost:42389|client:localhost:43463|dataStream:localhost:33005|priority:0|startupRole:FOLLOWER, s1|rpc:localhost:43623|admin:localhost:45655|client:localhost:33463|dataStream:localhost:33813|priority:0|startupRole:FOLLOWER, s2|rpc:localhost:37993|admin:localhost:44397|client:localhost:35825|dataStream:localhost:43663|priority:0|startupRole:FOLLOWER]|listeners:[], old=null
2022-08-26 17:03:24,762 [Thread-75] INFO  server.RaftServer$Division (RaftServerImpl.java:requestVote(1212)) - s4@group-6458135C7B8A: receive requestVote(PRE_VOTE, s0, group-6458135C7B8A, 1, (t:1, i:0))
2022-08-26 17:03:24,763 [Thread-75] INFO  impl.VoteContext (VoteContext.java:log(48)) - s4@group-6458135C7B8A-FOLLOWER: reject PRE_VOTE from s0: this server is a follower and still has a valid leader s2
2022-08-26 17:03:24,763 [Thread-75] INFO  server.RaftServer$Division (RaftServerImpl.java:requestVote(1245)) - s4@group-6458135C7B8A replies to PRE_VOTE vote request: s0<-s4#0:FAIL-t1. Peer's state: s4@group-6458135C7B8A:t1, leader=s2, voted=s2, raftlog=Memoized:s4@group-6458135C7B8A-SegmentedRaftLog:OPENED:c0, conf=0: peers:[s3|rpc:localhost:34629|admin:localhost:38947|client:localhost:34343|dataStream:localhost:36131|priority:0|startupRole:FOLLOWER, s4|rpc:localhost:41115|admin:localhost:34281|client:localhost:37581|dataStream:localhost:43601|priority:0|startupRole:FOLLOWER, s0|rpc:localhost:41743|admin:localhost:42389|client:localhost:43463|dataStream:localhost:33005|priority:0|startupRole:FOLLOWER, s1|rpc:localhost:43623|admin:localhost:45655|client:localhost:33463|dataStream:localhost:33813|priority:0|startupRole:FOLLOWER, s2|rpc:localhost:37993|admin:localhost:44397|client:localhost:35825|dataStream:localhost:43663|priority:0|startupRole:FOLLOWER]|listeners:[], old=null
2022-08-26 17:03:24,763 [Thread-68] INFO  server.RaftServer$Division (RaftServerImpl.java:requestVote(1212)) - s3@group-6458135C7B8A: receive requestVote(PRE_VOTE, s0, group-6458135C7B8A, 1, (t:1, i:0))
2022-08-26 17:03:24,763 [Thread-68] INFO  impl.VoteContext (VoteContext.java:log(48)) - s3@group-6458135C7B8A-FOLLOWER: reject PRE_VOTE from s0: this server is a follower and still has a valid leader s2
2022-08-26 17:03:24,763 [Thread-68] INFO  server.RaftServer$Division (RaftServerImpl.java:requestVote(1245)) - s3@group-6458135C7B8A replies to PRE_VOTE vote request: s0<-s3#0:FAIL-t1. Peer's state: s3@group-6458135C7B8A:t1, leader=s2, voted=s2, raftlog=Memoized:s3@group-6458135C7B8A-SegmentedRaftLog:OPENED:c0, conf=0: peers:[s3|rpc:localhost:34629|admin:localhost:38947|client:localhost:34343|dataStream:localhost:36131|priority:0|startupRole:FOLLOWER, s4|rpc:localhost:41115|admin:localhost:34281|client:localhost:37581|dataStream:localhost:43601|priority:0|startupRole:FOLLOWER, s0|rpc:localhost:41743|admin:localhost:42389|client:localhost:43463|dataStream:localhost:33005|priority:0|startupRole:FOLLOWER, s1|rpc:localhost:43623|admin:localhost:45655|client:localhost:33463|dataStream:localhost:33813|priority:0|startupRole:FOLLOWER, s2|rpc:localhost:37993|admin:localhost:44397|client:localhost:35825|dataStream:localhost:43663|priority:0|startupRole:FOLLOWER]|listeners:[], old=null
2022-08-26 17:03:24,763 [Thread-89] INFO  server.RaftServer$Division (RaftServerImpl.java:requestVote(1212)) - s1@group-6458135C7B8A: receive requestVote(PRE_VOTE, s0, group-6458135C7B8A, 1, (t:1, i:0))
2022-08-26 17:03:24,763 [Thread-89] INFO  impl.VoteContext (VoteContext.java:log(48)) - s1@group-6458135C7B8A-FOLLOWER: reject PRE_VOTE from s0: this server is a follower and still has a valid leader s2
2022-08-26 17:03:24,763 [Thread-89] INFO  server.RaftServer$Division (RaftServerImpl.java:requestVote(1245)) - s1@group-6458135C7B8A replies to PRE_VOTE vote request: s0<-s1#0:FAIL-t1. Peer's state: s1@group-6458135C7B8A:t1, leader=s2, voted=s2, raftlog=Memoized:s1@group-6458135C7B8A-SegmentedRaftLog:OPENED:c0, conf=0: peers:[s3|rpc:localhost:34629|admin:localhost:38947|client:localhost:34343|dataStream:localhost:36131|priority:0|startupRole:FOLLOWER, s4|rpc:localhost:41115|admin:localhost:34281|client:localhost:37581|dataStream:localhost:43601|priority:0|startupRole:FOLLOWER, s0|rpc:localhost:41743|admin:localhost:42389|client:localhost:43463|dataStream:localhost:33005|priority:0|startupRole:FOLLOWER, s1|rpc:localhost:43623|admin:localhost:45655|client:localhost:33463|dataStream:localhost:33813|priority:0|startupRole:FOLLOWER, s2|rpc:localhost:37993|admin:localhost:44397|client:localhost:35825|dataStream:localhost:43663|priority:0|startupRole:FOLLOWER]|listeners:[], old=null
2022-08-26 17:03:24,767 [Thread-97] INFO  server.RaftServer$Division (RaftServerImpl.java:requestVote(1212)) - s2@group-6458135C7B8A: receive requestVote(PRE_VOTE, s0, group-6458135C7B8A, 1, (t:1, i:0))
2022-08-26 17:03:24,767 [Time-limited test] INFO  server.RaftServerConfigKeys (ConfUtils.java:logGet(46)) - raft.server.rpc.timeout.max = 300ms (default)
2022-08-26 17:03:24,767 [Thread-97] INFO  impl.VoteContext (VoteContext.java:log(48)) - s2@group-6458135C7B8A-LEADER: reject PRE_VOTE from s0: this server is the leader and still has leadership
2022-08-26 17:03:24,768 [Thread-97] INFO  server.RaftServer$Division (RaftServerImpl.java:requestVote(1245)) - s2@group-6458135C7B8A replies to PRE_VOTE vote request: s0<-s2#0:FAIL-t1. Peer's state: s2@group-6458135C7B8A:t1, leader=s2, voted=s2, raftlog=Memoized:s2@group-6458135C7B8A-SegmentedRaftLog:OPENED:c0, conf=0: peers:[s3|rpc:localhost:34629|admin:localhost:38947|client:localhost:34343|dataStream:localhost:36131|priority:0|startupRole:FOLLOWER, s4|rpc:localhost:41115|admin:localhost:34281|client:localhost:37581|dataStream:localhost:43601|priority:0|startupRole:FOLLOWER, s0|rpc:localhost:41743|admin:localhost:42389|client:localhost:43463|dataStream:localhost:33005|priority:0|startupRole:FOLLOWER, s1|rpc:localhost:43623|admin:localhost:45655|client:localhost:33463|dataStream:localhost:33813|priority:0|startupRole:FOLLOWER, s2|rpc:localhost:37993|admin:localhost:44397|client:localhost:35825|dataStream:localhost:43663|priority:0|startupRole:FOLLOWER]|listeners:[], old=null
2022-08-26 17:03:24,780 [s0@group-6458135C7B8A-LeaderElection5] INFO  impl.LeaderElection (LeaderElection.java:logAndReturn(90)) - s0@group-6458135C7B8A-LeaderElection5: PRE_VOTE REJECTED received 3 response(s) and 0 exception(s):
2022-08-26 17:03:24,780 [s0@group-6458135C7B8A-LeaderElection5] INFO  impl.LeaderElection (LeaderElection.java:logAndReturn(94)) -   Response 0: s0<-s3#0:FAIL-t1
2022-08-26 17:03:24,780 [s0@group-6458135C7B8A-LeaderElection5] INFO  impl.LeaderElection (LeaderElection.java:logAndReturn(94)) -   Response 1: s0<-s4#0:FAIL-t1
2022-08-26 17:03:24,780 [s0@group-6458135C7B8A-LeaderElection5] INFO  impl.LeaderElection (LeaderElection.java:logAndReturn(94)) -   Response 2: s0<-s1#0:FAIL-t1
2022-08-26 17:03:24,780 [s0@group-6458135C7B8A-LeaderElection5] INFO  impl.LeaderElection (LeaderElection.java:askForVotes(312)) - s0@group-6458135C7B8A-LeaderElection5 PRE_VOTE round 0: result REJECTED
2022-08-26 17:03:24,780 [s0@group-6458135C7B8A-LeaderElection5] INFO  server.RaftServer$Division (RaftServerImpl.java:setRole(315)) - s0@group-6458135C7B8A: changes role from CANDIDATE to FOLLOWER at term 1 for REJECTED
2022-08-26 17:03:24,780 [s0@group-6458135C7B8A-LeaderElection5] INFO  impl.RoleInfo (RoleInfo.java:shutdownLeaderElection(130)) - s0: shutdown s0@group-6458135C7B8A-LeaderElection5
2022-08-26 17:03:24,780 [s0@group-6458135C7B8A-LeaderElection5] INFO  impl.RoleInfo (RoleInfo.java:updateAndGet(139)) - s0: start s0@group-6458135C7B8A-FollowerState
2022-08-26 17:03:24,980 [Thread-81] INFO  server.RaftServer$Division (ServerState.java:setLeader(255)) - s0@group-6458135C7B8A: change Leader from null to s2 at term 1 for appendEntries, leader elected after 369ms
2022-08-26 17:03:25,043 [Thread-82] INFO  server.RaftServer$Division (RaftServerImpl.java:requestVote(1212)) - s0@group-6458135C7B8A: receive requestVote(PRE_VOTE, s3, group-6458135C7B8A, 1, (t:1, i:0))
2022-08-26 17:03:25,044 [Thread-82] INFO  impl.VoteContext (VoteContext.java:log(48)) - s0@group-6458135C7B8A-FOLLOWER: reject PRE_VOTE from s3: this server is a follower and still has a valid leader s2
2022-08-26 17:03:25,044 [Thread-82] INFO  server.RaftServer$Division (RaftServerImpl.java:requestVote(1245)) - s0@group-6458135C7B8A replies to PRE_VOTE vote request: s3<-s0#0:FAIL-t1. Peer's state: s0@group-6458135C7B8A:t1, leader=s2, voted=s2, raftlog=Memoized:s0@group-6458135C7B8A-SegmentedRaftLog:OPENED:c0, conf=0: peers:[s3|rpc:localhost:34629|admin:localhost:38947|client:localhost:34343|dataStream:localhost:36131|priority:0|startupRole:FOLLOWER, s4|rpc:localhost:41115|admin:localhost:34281|client:localhost:37581|dataStream:localhost:43601|priority:0|startupRole:FOLLOWER, s0|rpc:localhost:41743|admin:localhost:42389|client:localhost:43463|dataStream:localhost:33005|priority:0|startupRole:FOLLOWER, s1|rpc:localhost:43623|admin:localhost:45655|client:localhost:33463|dataStream:localhost:33813|priority:0|startupRole:FOLLOWER, s2|rpc:localhost:37993|admin:localhost:44397|client:localhost:35825|dataStream:localhost:43663|priority:0|startupRole:FOLLOWER]|listeners:[], old=null
2022-08-26 17:03:25,218 [Time-limited test] INFO  simulation.TestLeaderElectionWithSimulatedRpc (LeaderElectionTests.java:enforceLeader(248)) - try enforcing leader to s0 but new leader is s2
2022-08-26 17:03:25,218 [Time-limited test] INFO  server.RaftServerConfigKeys (ConfUtils.java:logGet(46)) - raft.server.rpc.timeout.max = 300ms (default)
2022-08-26 17:03:25,634 [s0@group-6458135C7B8A-FollowerState] INFO  impl.FollowerState (FollowerState.java:run(143)) - s0@group-6458135C7B8A-FollowerState: change to CANDIDATE, lastRpcElapsedTime:471077157ns, electionTimeout:280ms
2022-08-26 17:03:25,634 [s0@group-6458135C7B8A-FollowerState] INFO  impl.RoleInfo (RoleInfo.java:shutdownFollowerState(110)) - s0: shutdown s0@group-6458135C7B8A-FollowerState
2022-08-26 17:03:25,634 [s0@group-6458135C7B8A-FollowerState] INFO  server.RaftServer$Division (RaftServerImpl.java:setRole(315)) - s0@group-6458135C7B8A: changes role from  FOLLOWER to CANDIDATE at term 1 for changeToCandidate
2022-08-26 17:03:25,634 [s0@group-6458135C7B8A-FollowerState] INFO  server.RaftServerConfigKeys (ConfUtils.java:logGet(46)) - raft.server.leaderelection.pre-vote = true (default)
2022-08-26 17:03:25,634 [s0@group-6458135C7B8A-FollowerState] INFO  impl.RoleInfo (RoleInfo.java:updateAndGet(139)) - s0: start s0@group-6458135C7B8A-LeaderElection6
2022-08-26 17:03:25,635 [s0@group-6458135C7B8A-LeaderElection6] INFO  server.RaftServer$Division (ServerState.java:setLeader(255)) - s0@group-6458135C7B8A: change Leader from s2 to null at term 1 for PRE_VOTE
2022-08-26 17:03:25,635 [s0@group-6458135C7B8A-LeaderElection6] INFO  impl.LeaderElection (LeaderElection.java:askForVotes(310)) - s0@group-6458135C7B8A-LeaderElection6 PRE_VOTE round 0: submit vote requests at term 1 for 0: peers:[s3|rpc:localhost:34629|admin:localhost:38947|client:localhost:34343|dataStream:localhost:36131|priority:0|startupRole:FOLLOWER, s4|rpc:localhost:41115|admin:localhost:34281|client:localhost:37581|dataStream:localhost:43601|priority:0|startupRole:FOLLOWER, s0|rpc:localhost:41743|admin:localhost:42389|client:localhost:43463|dataStream:localhost:33005|priority:0|startupRole:FOLLOWER, s1|rpc:localhost:43623|admin:localhost:45655|client:localhost:33463|dataStream:localhost:33813|priority:0|startupRole:FOLLOWER, s2|rpc:localhost:37993|admin:localhost:44397|client:localhost:35825|dataStream:localhost:43663|priority:0|startupRole:FOLLOWER]|listeners:[], old=null
2022-08-26 17:03:25,635 [s1@group-6458135C7B8A-FollowerState] INFO  impl.FollowerState (FollowerState.java:run(143)) - s1@group-6458135C7B8A-FollowerState: change to CANDIDATE, lastRpcElapsedTime:210131800ns, electionTimeout:205ms
2022-08-26 17:03:25,635 [s1@group-6458135C7B8A-FollowerState] INFO  impl.RoleInfo (RoleInfo.java:shutdownFollowerState(110)) - s1: shutdown s1@group-6458135C7B8A-FollowerState
2022-08-26 17:03:25,635 [s1@group-6458135C7B8A-FollowerState] INFO  server.RaftServer$Division (RaftServerImpl.java:setRole(315)) - s1@group-6458135C7B8A: changes role from  FOLLOWER to CANDIDATE at term 1 for changeToCandidate
2022-08-26 17:03:25,636 [s1@group-6458135C7B8A-FollowerState] INFO  server.RaftServerConfigKeys (ConfUtils.java:logGet(46)) - raft.server.leaderelection.pre-vote = true (default)
2022-08-26 17:03:25,636 [s1@group-6458135C7B8A-FollowerState] INFO  impl.RoleInfo (RoleInfo.java:updateAndGet(139)) - s1: start s1@group-6458135C7B8A-LeaderElection7
2022-08-26 17:03:25,640 [s1@group-6458135C7B8A-LeaderElection7] INFO  server.RaftServer$Division (ServerState.java:setLeader(255)) - s1@group-6458135C7B8A: change Leader from s2 to null at term 1 for PRE_VOTE
2022-08-26 17:03:25,640 [s1@group-6458135C7B8A-LeaderElection7] INFO  impl.LeaderElection (LeaderElection.java:askForVotes(310)) - s1@group-6458135C7B8A-LeaderElection7 PRE_VOTE round 0: submit vote requests at term 1 for 0: peers:[s3|rpc:localhost:34629|admin:localhost:38947|client:localhost:34343|dataStream:localhost:36131|priority:0|startupRole:FOLLOWER, s4|rpc:localhost:41115|admin:localhost:34281|client:localhost:37581|dataStream:localhost:43601|priority:0|startupRole:FOLLOWER, s0|rpc:localhost:41743|admin:localhost:42389|client:localhost:43463|dataStream:localhost:33005|priority:0|startupRole:FOLLOWER, s1|rpc:localhost:43623|admin:localhost:45655|client:localhost:33463|dataStream:localhost:33813|priority:0|startupRole:FOLLOWER, s2|rpc:localhost:37993|admin:localhost:44397|client:localhost:35825|dataStream:localhost:43663|priority:0|startupRole:FOLLOWER]|listeners:[], old=null
2022-08-26 17:03:25,668 [Thread-90] INFO  server.RaftServer$Division (RaftServerImpl.java:setRole(315)) - s1@group-6458135C7B8A: changes role from CANDIDATE to FOLLOWER at term 1 for appendEntries
2022-08-26 17:03:25,668 [Thread-90] INFO  impl.RoleInfo (RoleInfo.java:shutdownLeaderElection(130)) - s1: shutdown s1@group-6458135C7B8A-LeaderElection7
2022-08-26 17:03:25,668 [Thread-90] INFO  impl.RoleInfo (RoleInfo.java:updateAndGet(139)) - s1: start s1@group-6458135C7B8A-FollowerState
2022-08-26 17:03:25,669 [Thread-90] INFO  server.RaftServer$Division (ServerState.java:setLeader(255)) - s1@group-6458135C7B8A: change Leader from null to s2 at term 1 for appendEntries, leader elected after 28ms
2022-08-26 17:03:25,669 [Time-limited test] INFO  server.RaftServerConfigKeys (ConfUtils.java:logGet(46)) - raft.server.rpc.timeout.max = 300ms (default)
2022-08-26 17:03:25,786 [Thread-74] INFO  server.RaftServer$Division (RaftServerImpl.java:requestVote(1212)) - s4@group-6458135C7B8A: receive requestVote(PRE_VOTE, s0, group-6458135C7B8A, 1, (t:1, i:0))
2022-08-26 17:03:25,786 [Thread-74] INFO  impl.VoteContext (VoteContext.java:log(48)) - s4@group-6458135C7B8A-FOLLOWER: reject PRE_VOTE from s0: this server is a follower and still has a valid leader s2
2022-08-26 17:03:25,786 [Thread-69] INFO  server.RaftServer$Division (RaftServerImpl.java:requestVote(1212)) - s3@group-6458135C7B8A: receive requestVote(PRE_VOTE, s0, group-6458135C7B8A, 1, (t:1, i:0))
2022-08-26 17:03:25,787 [Thread-74] INFO  server.RaftServer$Division (RaftServerImpl.java:requestVote(1245)) - s4@group-6458135C7B8A replies to PRE_VOTE vote request: s0<-s4#0:FAIL-t1. Peer's state: s4@group-6458135C7B8A:t1, leader=s2, voted=s2, raftlog=Memoized:s4@group-6458135C7B8A-SegmentedRaftLog:OPENED:c0, conf=0: peers:[s3|rpc:localhost:34629|admin:localhost:38947|client:localhost:34343|dataStream:localhost:36131|priority:0|startupRole:FOLLOWER, s4|rpc:localhost:41115|admin:localhost:34281|client:localhost:37581|dataStream:localhost:43601|priority:0|startupRole:FOLLOWER, s0|rpc:localhost:41743|admin:localhost:42389|client:localhost:43463|dataStream:localhost:33005|priority:0|startupRole:FOLLOWER, s1|rpc:localhost:43623|admin:localhost:45655|client:localhost:33463|dataStream:localhost:33813|priority:0|startupRole:FOLLOWER, s2|rpc:localhost:37993|admin:localhost:44397|client:localhost:35825|dataStream:localhost:43663|priority:0|startupRole:FOLLOWER]|listeners:[], old=null
2022-08-26 17:03:25,787 [Thread-69] INFO  impl.VoteContext (VoteContext.java:log(48)) - s3@group-6458135C7B8A-FOLLOWER: reject PRE_VOTE from s0: this server is a follower and still has a valid leader s2
2022-08-26 17:03:25,787 [Thread-69] INFO  server.RaftServer$Division (RaftServerImpl.java:requestVote(1245)) - s3@group-6458135C7B8A replies to PRE_VOTE vote request: s0<-s3#0:FAIL-t1. Peer's state: s3@group-6458135C7B8A:t1, leader=s2, voted=s2, raftlog=Memoized:s3@group-6458135C7B8A-SegmentedRaftLog:OPENED:c0, conf=0: peers:[s3|rpc:localhost:34629|admin:localhost:38947|client:localhost:34343|dataStream:localhost:36131|priority:0|startupRole:FOLLOWER, s4|rpc:localhost:41115|admin:localhost:34281|client:localhost:37581|dataStream:localhost:43601|priority:0|startupRole:FOLLOWER, s0|rpc:localhost:41743|admin:localhost:42389|client:localhost:43463|dataStream:localhost:33005|priority:0|startupRole:FOLLOWER, s1|rpc:localhost:43623|admin:localhost:45655|client:localhost:33463|dataStream:localhost:33813|priority:0|startupRole:FOLLOWER, s2|rpc:localhost:37993|admin:localhost:44397|client:localhost:35825|dataStream:localhost:43663|priority:0|startupRole:FOLLOWER]|listeners:[], old=null
2022-08-26 17:03:25,791 [Thread-95] INFO  server.RaftServer$Division (RaftServerImpl.java:requestVote(1212)) - s2@group-6458135C7B8A: receive requestVote(PRE_VOTE, s0, group-6458135C7B8A, 1, (t:1, i:0))
2022-08-26 17:03:25,791 [Thread-88] INFO  server.RaftServer$Division (RaftServerImpl.java:requestVote(1212)) - s1@group-6458135C7B8A: receive requestVote(PRE_VOTE, s0, group-6458135C7B8A, 1, (t:1, i:0))
2022-08-26 17:03:25,791 [Thread-88] INFO  impl.VoteContext (VoteContext.java:log(48)) - s1@group-6458135C7B8A-FOLLOWER: reject PRE_VOTE from s0: this server is a follower and still has a valid leader s2
2022-08-26 17:03:25,791 [Thread-75] INFO  server.RaftServer$Division (RaftServerImpl.java:requestVote(1212)) - s4@group-6458135C7B8A: receive requestVote(PRE_VOTE, s1, group-6458135C7B8A, 1, (t:1, i:0))
2022-08-26 17:03:25,791 [Thread-75] INFO  impl.VoteContext (VoteContext.java:log(48)) - s4@group-6458135C7B8A-FOLLOWER: reject PRE_VOTE from s1: this server is a follower and still has a valid leader s2
2022-08-26 17:03:25,792 [Thread-88] INFO  server.RaftServer$Division (RaftServerImpl.java:requestVote(1245)) - s1@group-6458135C7B8A replies to PRE_VOTE vote request: s0<-s1#0:FAIL-t1. Peer's state: s1@group-6458135C7B8A:t1, leader=s2, voted=s2, raftlog=Memoized:s1@group-6458135C7B8A-SegmentedRaftLog:OPENED:c0, conf=0: peers:[s3|rpc:localhost:34629|admin:localhost:38947|client:localhost:34343|dataStream:localhost:36131|priority:0|startupRole:FOLLOWER, s4|rpc:localhost:41115|admin:localhost:34281|client:localhost:37581|dataStream:localhost:43601|priority:0|startupRole:FOLLOWER, s0|rpc:localhost:41743|admin:localhost:42389|client:localhost:43463|dataStream:localhost:33005|priority:0|startupRole:FOLLOWER, s1|rpc:localhost:43623|admin:localhost:45655|client:localhost:33463|dataStream:localhost:33813|priority:0|startupRole:FOLLOWER, s2|rpc:localhost:37993|admin:localhost:44397|client:localhost:35825|dataStream:localhost:43663|priority:0|startupRole:FOLLOWER]|listeners:[], old=null
2022-08-26 17:03:25,791 [Thread-95] INFO  impl.VoteContext (VoteContext.java:log(48)) - s2@group-6458135C7B8A-LEADER: reject PRE_VOTE from s0: this server is the leader and still has leadership
2022-08-26 17:03:25,792 [Thread-95] INFO  server.RaftServer$Division (RaftServerImpl.java:requestVote(1245)) - s2@group-6458135C7B8A replies to PRE_VOTE vote request: s0<-s2#0:FAIL-t1. Peer's state: s2@group-6458135C7B8A:t1, leader=s2, voted=s2, raftlog=Memoized:s2@group-6458135C7B8A-SegmentedRaftLog:OPENED:c0, conf=0: peers:[s3|rpc:localhost:34629|admin:localhost:38947|client:localhost:34343|dataStream:localhost:36131|priority:0|startupRole:FOLLOWER, s4|rpc:localhost:41115|admin:localhost:34281|client:localhost:37581|dataStream:localhost:43601|priority:0|startupRole:FOLLOWER, s0|rpc:localhost:41743|admin:localhost:42389|client:localhost:43463|dataStream:localhost:33005|priority:0|startupRole:FOLLOWER, s1|rpc:localhost:43623|admin:localhost:45655|client:localhost:33463|dataStream:localhost:33813|priority:0|startupRole:FOLLOWER, s2|rpc:localhost:37993|admin:localhost:44397|client:localhost:35825|dataStream:localhost:43663|priority:0|startupRole:FOLLOWER]|listeners:[], old=null
2022-08-26 17:03:25,792 [Thread-75] INFO  server.RaftServer$Division (RaftServerImpl.java:requestVote(1245)) - s4@group-6458135C7B8A replies to PRE_VOTE vote request: s1<-s4#0:FAIL-t1. Peer's state: s4@group-6458135C7B8A:t1, leader=s2, voted=s2, raftlog=Memoized:s4@group-6458135C7B8A-SegmentedRaftLog:OPENED:c0, conf=0: peers:[s3|rpc:localhost:34629|admin:localhost:38947|client:localhost:34343|dataStream:localhost:36131|priority:0|startupRole:FOLLOWER, s4|rpc:localhost:41115|admin:localhost:34281|client:localhost:37581|dataStream:localhost:43601|priority:0|startupRole:FOLLOWER, s0|rpc:localhost:41743|admin:localhost:42389|client:localhost:43463|dataStream:localhost:33005|priority:0|startupRole:FOLLOWER, s1|rpc:localhost:43623|admin:localhost:45655|client:localhost:33463|dataStream:localhost:33813|priority:0|startupRole:FOLLOWER, s2|rpc:localhost:37993|admin:localhost:44397|client:localhost:35825|dataStream:localhost:43663|priority:0|startupRole:FOLLOWER]|listeners:[], old=null
2022-08-26 17:03:25,792 [Thread-68] INFO  server.RaftServer$Division (RaftServerImpl.java:requestVote(1212)) - s3@group-6458135C7B8A: receive requestVote(PRE_VOTE, s1, group-6458135C7B8A, 1, (t:1, i:0))
2022-08-26 17:03:25,792 [Thread-68] INFO  impl.VoteContext (VoteContext.java:log(48)) - s3@group-6458135C7B8A-FOLLOWER: reject PRE_VOTE from s1: this server is a follower and still has a valid leader s2
2022-08-26 17:03:25,792 [Thread-96] INFO  server.RaftServer$Division (RaftServerImpl.java:requestVote(1212)) - s2@group-6458135C7B8A: receive requestVote(PRE_VOTE, s1, group-6458135C7B8A, 1, (t:1, i:0))
2022-08-26 17:03:25,792 [Thread-68] INFO  server.RaftServer$Division (RaftServerImpl.java:requestVote(1245)) - s3@group-6458135C7B8A replies to PRE_VOTE vote request: s1<-s3#0:FAIL-t1. Peer's state: s3@group-6458135C7B8A:t1, leader=s2, voted=s2, raftlog=Memoized:s3@group-6458135C7B8A-SegmentedRaftLog:OPENED:c0, conf=0: peers:[s3|rpc:localhost:34629|admin:localhost:38947|client:localhost:34343|dataStream:localhost:36131|priority:0|startupRole:FOLLOWER, s4|rpc:localhost:41115|admin:localhost:34281|client:localhost:37581|dataStream:localhost:43601|priority:0|startupRole:FOLLOWER, s0|rpc:localhost:41743|admin:localhost:42389|client:localhost:43463|dataStream:localhost:33005|priority:0|startupRole:FOLLOWER, s1|rpc:localhost:43623|admin:localhost:45655|client:localhost:33463|dataStream:localhost:33813|priority:0|startupRole:FOLLOWER, s2|rpc:localhost:37993|admin:localhost:44397|client:localhost:35825|dataStream:localhost:43663|priority:0|startupRole:FOLLOWER]|listeners:[], old=null
2022-08-26 17:03:25,792 [Thread-96] INFO  impl.VoteContext (VoteContext.java:log(48)) - s2@group-6458135C7B8A-LEADER: reject PRE_VOTE from s1: this server is the leader and still has leadership
2022-08-26 17:03:25,792 [Thread-96] INFO  server.RaftServer$Division (RaftServerImpl.java:requestVote(1245)) - s2@group-6458135C7B8A replies to PRE_VOTE vote request: s1<-s2#0:FAIL-t1. Peer's state: s2@group-6458135C7B8A:t1, leader=s2, voted=s2, raftlog=Memoized:s2@group-6458135C7B8A-SegmentedRaftLog:OPENED:c0, conf=0: peers:[s3|rpc:localhost:34629|admin:localhost:38947|client:localhost:34343|dataStream:localhost:36131|priority:0|startupRole:FOLLOWER, s4|rpc:localhost:41115|admin:localhost:34281|client:localhost:37581|dataStream:localhost:43601|priority:0|startupRole:FOLLOWER, s0|rpc:localhost:41743|admin:localhost:42389|client:localhost:43463|dataStream:localhost:33005|priority:0|startupRole:FOLLOWER, s1|rpc:localhost:43623|admin:localhost:45655|client:localhost:33463|dataStream:localhost:33813|priority:0|startupRole:FOLLOWER, s2|rpc:localhost:37993|admin:localhost:44397|client:localhost:35825|dataStream:localhost:43663|priority:0|startupRole:FOLLOWER]|listeners:[], old=null
2022-08-26 17:03:25,803 [s0@group-6458135C7B8A-LeaderElection6] INFO  impl.LeaderElection (LeaderElection.java:logAndReturn(90)) - s0@group-6458135C7B8A-LeaderElection6: PRE_VOTE REJECTED received 3 response(s) and 0 exception(s):
2022-08-26 17:03:25,803 [s0@group-6458135C7B8A-LeaderElection6] INFO  impl.LeaderElection (LeaderElection.java:logAndReturn(94)) -   Response 0: s0<-s3#0:FAIL-t1
2022-08-26 17:03:25,803 [s0@group-6458135C7B8A-LeaderElection6] INFO  impl.LeaderElection (LeaderElection.java:logAndReturn(94)) -   Response 1: s0<-s4#0:FAIL-t1
2022-08-26 17:03:25,803 [s0@group-6458135C7B8A-LeaderElection6] INFO  impl.LeaderElection (LeaderElection.java:logAndReturn(94)) -   Response 2: s0<-s1#0:FAIL-t1
2022-08-26 17:03:25,803 [s0@group-6458135C7B8A-LeaderElection6] INFO  impl.LeaderElection (LeaderElection.java:askForVotes(312)) - s0@group-6458135C7B8A-LeaderElection6 PRE_VOTE round 0: result REJECTED
2022-08-26 17:03:25,803 [s0@group-6458135C7B8A-LeaderElection6] INFO  server.RaftServer$Division (RaftServerImpl.java:setRole(315)) - s0@group-6458135C7B8A: changes role from CANDIDATE to FOLLOWER at term 1 for REJECTED
2022-08-26 17:03:25,803 [s0@group-6458135C7B8A-LeaderElection6] INFO  impl.RoleInfo (RoleInfo.java:shutdownLeaderElection(130)) - s0: shutdown s0@group-6458135C7B8A-LeaderElection6
2022-08-26 17:03:25,803 [s0@group-6458135C7B8A-LeaderElection6] INFO  impl.RoleInfo (RoleInfo.java:updateAndGet(139)) - s0: start s0@group-6458135C7B8A-FollowerState
2022-08-26 17:03:25,804 [s1@group-6458135C7B8A-LeaderElection7] INFO  impl.LeaderElection (LeaderElection.java:logAndReturn(90)) - s1@group-6458135C7B8A-LeaderElection7: PRE_VOTE REJECTED received 1 response(s) and 0 exception(s):
2022-08-26 17:03:25,804 [s1@group-6458135C7B8A-LeaderElection7] INFO  impl.LeaderElection (LeaderElection.java:logAndReturn(94)) -   Response 0: s1<-s3#0:FAIL-t1
2022-08-26 17:03:25,804 [s1@group-6458135C7B8A-LeaderElection7] INFO  impl.LeaderElection (LeaderElection.java:askForVotes(312)) - s1@group-6458135C7B8A-LeaderElection7 PRE_VOTE round 0: result REJECTED
2022-08-26 17:03:25,854 [Thread-82] INFO  server.RaftServer$Division (ServerState.java:setLeader(255)) - s0@group-6458135C7B8A: change Leader from null to s2 at term 1 for appendEntries, leader elected after 219ms
2022-08-26 17:03:25,941 [Thread-83] INFO  server.RaftServer$Division (RaftServerImpl.java:requestVote(1212)) - s0@group-6458135C7B8A: receive requestVote(PRE_VOTE, s1, group-6458135C7B8A, 1, (t:1, i:0))
2022-08-26 17:03:25,941 [Thread-83] INFO  impl.VoteContext (VoteContext.java:log(48)) - s0@group-6458135C7B8A-FOLLOWER: reject PRE_VOTE from s1: this server is a follower and still has a valid leader s2
2022-08-26 17:03:25,941 [Thread-83] INFO  server.RaftServer$Division (RaftServerImpl.java:requestVote(1245)) - s0@group-6458135C7B8A replies to PRE_VOTE vote request: s1<-s0#0:FAIL-t1. Peer's state: s0@group-6458135C7B8A:t1, leader=s2, voted=s2, raftlog=Memoized:s0@group-6458135C7B8A-SegmentedRaftLog:OPENED:c0, conf=0: peers:[s3|rpc:localhost:34629|admin:localhost:38947|client:localhost:34343|dataStream:localhost:36131|priority:0|startupRole:FOLLOWER, s4|rpc:localhost:41115|admin:localhost:34281|client:localhost:37581|dataStream:localhost:43601|priority:0|startupRole:FOLLOWER, s0|rpc:localhost:41743|admin:localhost:42389|client:localhost:43463|dataStream:localhost:33005|priority:0|startupRole:FOLLOWER, s1|rpc:localhost:43623|admin:localhost:45655|client:localhost:33463|dataStream:localhost:33813|priority:0|startupRole:FOLLOWER, s2|rpc:localhost:37993|admin:localhost:44397|client:localhost:35825|dataStream:localhost:43663|priority:0|startupRole:FOLLOWER]|listeners:[], old=null
2022-08-26 17:03:26,119 [Time-limited test] INFO  simulation.TestLeaderElectionWithSimulatedRpc (LeaderElectionTests.java:enforceLeader(248)) - try enforcing leader to s0 but new leader is s2
2022-08-26 17:03:26,120 [Time-limited test] INFO  server.RaftServerConfigKeys (ConfUtils.java:logGet(46)) - raft.server.rpc.timeout.max = 300ms (default)
2022-08-26 17:03:26,458 [s0@group-6458135C7B8A-FollowerState] INFO  impl.FollowerState (FollowerState.java:run(143)) - s0@group-6458135C7B8A-FollowerState: change to CANDIDATE, lastRpcElapsedTime:422746961ns, electionTimeout:207ms
2022-08-26 17:03:26,458 [s0@group-6458135C7B8A-FollowerState] INFO  impl.RoleInfo (RoleInfo.java:shutdownFollowerState(110)) - s0: shutdown s0@group-6458135C7B8A-FollowerState
2022-08-26 17:03:26,459 [s0@group-6458135C7B8A-FollowerState] INFO  server.RaftServer$Division (RaftServerImpl.java:setRole(315)) - s0@group-6458135C7B8A: changes role from  FOLLOWER to CANDIDATE at term 1 for changeToCandidate
2022-08-26 17:03:26,459 [s0@group-6458135C7B8A-FollowerState] INFO  server.RaftServerConfigKeys (ConfUtils.java:logGet(46)) - raft.server.leaderelection.pre-vote = true (default)
2022-08-26 17:03:26,459 [s0@group-6458135C7B8A-FollowerState] INFO  impl.RoleInfo (RoleInfo.java:updateAndGet(139)) - s0: start s0@group-6458135C7B8A-LeaderElection8
2022-08-26 17:03:26,459 [s0@group-6458135C7B8A-LeaderElection8] INFO  server.RaftServer$Division (ServerState.java:setLeader(255)) - s0@group-6458135C7B8A: change Leader from s2 to null at term 1 for PRE_VOTE
2022-08-26 17:03:26,459 [s0@group-6458135C7B8A-LeaderElection8] INFO  impl.LeaderElection (LeaderElection.java:askForVotes(310)) - s0@group-6458135C7B8A-LeaderElection8 PRE_VOTE round 0: submit vote requests at term 1 for 0: peers:[s3|rpc:localhost:34629|admin:localhost:38947|client:localhost:34343|dataStream:localhost:36131|priority:0|startupRole:FOLLOWER, s4|rpc:localhost:41115|admin:localhost:34281|client:localhost:37581|dataStream:localhost:43601|priority:0|startupRole:FOLLOWER, s0|rpc:localhost:41743|admin:localhost:42389|client:localhost:43463|dataStream:localhost:33005|priority:0|startupRole:FOLLOWER, s1|rpc:localhost:43623|admin:localhost:45655|client:localhost:33463|dataStream:localhost:33813|priority:0|startupRole:FOLLOWER, s2|rpc:localhost:37993|admin:localhost:44397|client:localhost:35825|dataStream:localhost:43663|priority:0|startupRole:FOLLOWER]|listeners:[], old=null
2022-08-26 17:03:26,570 [Time-limited test] INFO  server.RaftServerConfigKeys (ConfUtils.java:logGet(46)) - raft.server.rpc.timeout.max = 300ms (default)
2022-08-26 17:03:26,610 [Thread-67] INFO  server.RaftServer$Division (RaftServerImpl.java:requestVote(1212)) - s3@group-6458135C7B8A: receive requestVote(PRE_VOTE, s0, group-6458135C7B8A, 1, (t:1, i:0))
2022-08-26 17:03:26,610 [Thread-67] INFO  impl.VoteContext (VoteContext.java:log(48)) - s3@group-6458135C7B8A-FOLLOWER: reject PRE_VOTE from s0: this server is a follower and still has a valid leader s2
2022-08-26 17:03:26,610 [Thread-75] INFO  server.RaftServer$Division (RaftServerImpl.java:requestVote(1212)) - s4@group-6458135C7B8A: receive requestVote(PRE_VOTE, s0, group-6458135C7B8A, 1, (t:1, i:0))
2022-08-26 17:03:26,611 [Thread-75] INFO  impl.VoteContext (VoteContext.java:log(48)) - s4@group-6458135C7B8A-FOLLOWER: reject PRE_VOTE from s0: this server is a follower and still has a valid leader s2
2022-08-26 17:03:26,611 [Thread-88] INFO  server.RaftServer$Division (RaftServerImpl.java:requestVote(1212)) - s1@group-6458135C7B8A: receive requestVote(PRE_VOTE, s0, group-6458135C7B8A, 1, (t:1, i:0))
2022-08-26 17:03:26,611 [Thread-88] INFO  impl.VoteContext (VoteContext.java:log(48)) - s1@group-6458135C7B8A-FOLLOWER: reject PRE_VOTE from s0: this server is a follower and still has a valid leader s2
2022-08-26 17:03:26,611 [Thread-88] INFO  server.RaftServer$Division (RaftServerImpl.java:requestVote(1245)) - s1@group-6458135C7B8A replies to PRE_VOTE vote request: s0<-s1#0:FAIL-t1. Peer's state: s1@group-6458135C7B8A:t1, leader=s2, voted=s2, raftlog=Memoized:s1@group-6458135C7B8A-SegmentedRaftLog:OPENED:c0, conf=0: peers:[s3|rpc:localhost:34629|admin:localhost:38947|client:localhost:34343|dataStream:localhost:36131|priority:0|startupRole:FOLLOWER, s4|rpc:localhost:41115|admin:localhost:34281|client:localhost:37581|dataStream:localhost:43601|priority:0|startupRole:FOLLOWER, s0|rpc:localhost:41743|admin:localhost:42389|client:localhost:43463|dataStream:localhost:33005|priority:0|startupRole:FOLLOWER, s1|rpc:localhost:43623|admin:localhost:45655|client:localhost:33463|dataStream:localhost:33813|priority:0|startupRole:FOLLOWER, s2|rpc:localhost:37993|admin:localhost:44397|client:localhost:35825|dataStream:localhost:43663|priority:0|startupRole:FOLLOWER]|listeners:[], old=null
2022-08-26 17:03:26,610 [Thread-67] INFO  server.RaftServer$Division (RaftServerImpl.java:requestVote(1245)) - s3@group-6458135C7B8A replies to PRE_VOTE vote request: s0<-s3#0:FAIL-t1. Peer's state: s3@group-6458135C7B8A:t1, leader=s2, voted=s2, raftlog=Memoized:s3@group-6458135C7B8A-SegmentedRaftLog:OPENED:c0, conf=0: peers:[s3|rpc:localhost:34629|admin:localhost:38947|client:localhost:34343|dataStream:localhost:36131|priority:0|startupRole:FOLLOWER, s4|rpc:localhost:41115|admin:localhost:34281|client:localhost:37581|dataStream:localhost:43601|priority:0|startupRole:FOLLOWER, s0|rpc:localhost:41743|admin:localhost:42389|client:localhost:43463|dataStream:localhost:33005|priority:0|startupRole:FOLLOWER, s1|rpc:localhost:43623|admin:localhost:45655|client:localhost:33463|dataStream:localhost:33813|priority:0|startupRole:FOLLOWER, s2|rpc:localhost:37993|admin:localhost:44397|client:localhost:35825|dataStream:localhost:43663|priority:0|startupRole:FOLLOWER]|listeners:[], old=null
2022-08-26 17:03:26,611 [Thread-75] INFO  server.RaftServer$Division (RaftServerImpl.java:requestVote(1245)) - s4@group-6458135C7B8A replies to PRE_VOTE vote request: s0<-s4#0:FAIL-t1. Peer's state: s4@group-6458135C7B8A:t1, leader=s2, voted=s2, raftlog=Memoized:s4@group-6458135C7B8A-SegmentedRaftLog:OPENED:c0, conf=0: peers:[s3|rpc:localhost:34629|admin:localhost:38947|client:localhost:34343|dataStream:localhost:36131|priority:0|startupRole:FOLLOWER, s4|rpc:localhost:41115|admin:localhost:34281|client:localhost:37581|dataStream:localhost:43601|priority:0|startupRole:FOLLOWER, s0|rpc:localhost:41743|admin:localhost:42389|client:localhost:43463|dataStream:localhost:33005|priority:0|startupRole:FOLLOWER, s1|rpc:localhost:43623|admin:localhost:45655|client:localhost:33463|dataStream:localhost:33813|priority:0|startupRole:FOLLOWER, s2|rpc:localhost:37993|admin:localhost:44397|client:localhost:35825|dataStream:localhost:43663|priority:0|startupRole:FOLLOWER]|listeners:[], old=null
2022-08-26 17:03:26,611 [Thread-97] INFO  server.RaftServer$Division (RaftServerImpl.java:requestVote(1212)) - s2@group-6458135C7B8A: receive requestVote(PRE_VOTE, s0, group-6458135C7B8A, 1, (t:1, i:0))
2022-08-26 17:03:26,611 [Thread-97] INFO  impl.VoteContext (VoteContext.java:log(48)) - s2@group-6458135C7B8A-LEADER: reject PRE_VOTE from s0: this server is the leader and still has leadership
2022-08-26 17:03:26,611 [Thread-97] INFO  server.RaftServer$Division (RaftServerImpl.java:requestVote(1245)) - s2@group-6458135C7B8A replies to PRE_VOTE vote request: s0<-s2#0:FAIL-t1. Peer's state: s2@group-6458135C7B8A:t1, leader=s2, voted=s2, raftlog=Memoized:s2@group-6458135C7B8A-SegmentedRaftLog:OPENED:c0, conf=0: peers:[s3|rpc:localhost:34629|admin:localhost:38947|client:localhost:34343|dataStream:localhost:36131|priority:0|startupRole:FOLLOWER, s4|rpc:localhost:41115|admin:localhost:34281|client:localhost:37581|dataStream:localhost:43601|priority:0|startupRole:FOLLOWER, s0|rpc:localhost:41743|admin:localhost:42389|client:localhost:43463|dataStream:localhost:33005|priority:0|startupRole:FOLLOWER, s1|rpc:localhost:43623|admin:localhost:45655|client:localhost:33463|dataStream:localhost:33813|priority:0|startupRole:FOLLOWER, s2|rpc:localhost:37993|admin:localhost:44397|client:localhost:35825|dataStream:localhost:43663|priority:0|startupRole:FOLLOWER]|listeners:[], old=null
2022-08-26 17:03:26,629 [s0@group-6458135C7B8A-LeaderElection8] INFO  impl.LeaderElection (LeaderElection.java:logAndReturn(90)) - s0@group-6458135C7B8A-LeaderElection8: PRE_VOTE REJECTED received 3 response(s) and 0 exception(s):
2022-08-26 17:03:26,629 [s0@group-6458135C7B8A-LeaderElection8] INFO  impl.LeaderElection (LeaderElection.java:logAndReturn(94)) -   Response 0: s0<-s3#0:FAIL-t1
2022-08-26 17:03:26,629 [s0@group-6458135C7B8A-LeaderElection8] INFO  impl.LeaderElection (LeaderElection.java:logAndReturn(94)) -   Response 1: s0<-s1#0:FAIL-t1
2022-08-26 17:03:26,629 [s0@group-6458135C7B8A-LeaderElection8] INFO  impl.LeaderElection (LeaderElection.java:logAndReturn(94)) -   Response 2: s0<-s2#0:FAIL-t1
2022-08-26 17:03:26,629 [s0@group-6458135C7B8A-LeaderElection8] INFO  impl.LeaderElection (LeaderElection.java:askForVotes(312)) - s0@group-6458135C7B8A-LeaderElection8 PRE_VOTE round 0: result REJECTED
2022-08-26 17:03:26,629 [s0@group-6458135C7B8A-LeaderElection8] INFO  server.RaftServer$Division (RaftServerImpl.java:setRole(315)) - s0@group-6458135C7B8A: changes role from CANDIDATE to FOLLOWER at term 1 for REJECTED
2022-08-26 17:03:26,629 [s0@group-6458135C7B8A-LeaderElection8] INFO  impl.RoleInfo (RoleInfo.java:shutdownLeaderElection(130)) - s0: shutdown s0@group-6458135C7B8A-LeaderElection8
2022-08-26 17:03:26,629 [s0@group-6458135C7B8A-LeaderElection8] INFO  impl.RoleInfo (RoleInfo.java:updateAndGet(139)) - s0: start s0@group-6458135C7B8A-FollowerState
2022-08-26 17:03:26,723 [Thread-83] INFO  server.RaftServer$Division (ServerState.java:setLeader(255)) - s0@group-6458135C7B8A: change Leader from null to s2 at term 1 for appendEntries, leader elected after 263ms
2022-08-26 17:03:27,021 [Time-limited test] INFO  simulation.TestLeaderElectionWithSimulatedRpc (LeaderElectionTests.java:enforceLeader(248)) - try enforcing leader to s0 but new leader is s2
2022-08-26 17:03:27,021 [Time-limited test] INFO  server.RaftServerConfigKeys (ConfUtils.java:logGet(46)) - raft.server.rpc.timeout.max = 300ms (default)
2022-08-26 17:03:27,174 [s3@group-6458135C7B8A-FollowerState] INFO  impl.FollowerState (FollowerState.java:run(143)) - s3@group-6458135C7B8A-FollowerState: change to CANDIDATE, lastRpcElapsedTime:210470409ns, electionTimeout:160ms
2022-08-26 17:03:27,174 [s3@group-6458135C7B8A-FollowerState] INFO  impl.RoleInfo (RoleInfo.java:shutdownFollowerState(110)) - s3: shutdown s3@group-6458135C7B8A-FollowerState
2022-08-26 17:03:27,174 [s3@group-6458135C7B8A-FollowerState] INFO  server.RaftServer$Division (RaftServerImpl.java:setRole(315)) - s3@group-6458135C7B8A: changes role from  FOLLOWER to CANDIDATE at term 1 for changeToCandidate
2022-08-26 17:03:27,175 [s3@group-6458135C7B8A-FollowerState] INFO  server.RaftServerConfigKeys (ConfUtils.java:logGet(46)) - raft.server.leaderelection.pre-vote = true (default)
2022-08-26 17:03:27,175 [s3@group-6458135C7B8A-FollowerState] INFO  impl.RoleInfo (RoleInfo.java:updateAndGet(139)) - s3: start s3@group-6458135C7B8A-LeaderElection9
2022-08-26 17:03:27,178 [s3@group-6458135C7B8A-LeaderElection9] INFO  server.RaftServer$Division (ServerState.java:setLeader(255)) - s3@group-6458135C7B8A: change Leader from s2 to null at term 1 for PRE_VOTE
2022-08-26 17:03:27,179 [s3@group-6458135C7B8A-LeaderElection9] INFO  impl.LeaderElection (LeaderElection.java:askForVotes(310)) - s3@group-6458135C7B8A-LeaderElection9 PRE_VOTE round 0: submit vote requests at term 1 for 0: peers:[s3|rpc:localhost:34629|admin:localhost:38947|client:localhost:34343|dataStream:localhost:36131|priority:0|startupRole:FOLLOWER, s4|rpc:localhost:41115|admin:localhost:34281|client:localhost:37581|dataStream:localhost:43601|priority:0|startupRole:FOLLOWER, s0|rpc:localhost:41743|admin:localhost:42389|client:localhost:43463|dataStream:localhost:33005|priority:0|startupRole:FOLLOWER, s1|rpc:localhost:43623|admin:localhost:45655|client:localhost:33463|dataStream:localhost:33813|priority:0|startupRole:FOLLOWER, s2|rpc:localhost:37993|admin:localhost:44397|client:localhost:35825|dataStream:localhost:43663|priority:0|startupRole:FOLLOWER]|listeners:[], old=null
2022-08-26 17:03:27,201 [Thread-68] INFO  server.RaftServer$Division (RaftServerImpl.java:setRole(315)) - s3@group-6458135C7B8A: changes role from CANDIDATE to FOLLOWER at term 1 for appendEntries
2022-08-26 17:03:27,201 [Thread-68] INFO  impl.RoleInfo (RoleInfo.java:shutdownLeaderElection(130)) - s3: shutdown s3@group-6458135C7B8A-LeaderElection9
2022-08-26 17:03:27,201 [Thread-68] INFO  impl.RoleInfo (RoleInfo.java:updateAndGet(139)) - s3: start s3@group-6458135C7B8A-FollowerState
2022-08-26 17:03:27,201 [Thread-68] INFO  server.RaftServer$Division (ServerState.java:setLeader(255)) - s3@group-6458135C7B8A: change Leader from null to s2 at term 1 for appendEntries, leader elected after 22ms
2022-08-26 17:03:27,329 [Thread-76] INFO  server.RaftServer$Division (RaftServerImpl.java:requestVote(1212)) - s4@group-6458135C7B8A: receive requestVote(PRE_VOTE, s3, group-6458135C7B8A, 1, (t:1, i:0))
2022-08-26 17:03:27,330 [Thread-76] INFO  impl.VoteContext (VoteContext.java:log(48)) - s4@group-6458135C7B8A-FOLLOWER: reject PRE_VOTE from s3: this server is a follower and still has a valid leader s2
2022-08-26 17:03:27,330 [Thread-76] INFO  server.RaftServer$Division (RaftServerImpl.java:requestVote(1245)) - s4@group-6458135C7B8A replies to PRE_VOTE vote request: s3<-s4#0:FAIL-t1. Peer's state: s4@group-6458135C7B8A:t1, leader=s2, voted=s2, raftlog=Memoized:s4@group-6458135C7B8A-SegmentedRaftLog:OPENED:c0, conf=0: peers:[s3|rpc:localhost:34629|admin:localhost:38947|client:localhost:34343|dataStream:localhost:36131|priority:0|startupRole:FOLLOWER, s4|rpc:localhost:41115|admin:localhost:34281|client:localhost:37581|dataStream:localhost:43601|priority:0|startupRole:FOLLOWER, s0|rpc:localhost:41743|admin:localhost:42389|client:localhost:43463|dataStream:localhost:33005|priority:0|startupRole:FOLLOWER, s1|rpc:localhost:43623|admin:localhost:45655|client:localhost:33463|dataStream:localhost:33813|priority:0|startupRole:FOLLOWER, s2|rpc:localhost:37993|admin:localhost:44397|client:localhost:35825|dataStream:localhost:43663|priority:0|startupRole:FOLLOWER]|listeners:[], old=null
2022-08-26 17:03:27,331 [Thread-88] INFO  server.RaftServer$Division (RaftServerImpl.java:requestVote(1212)) - s1@group-6458135C7B8A: receive requestVote(PRE_VOTE, s3, group-6458135C7B8A, 1, (t:1, i:0))
2022-08-26 17:03:27,331 [Thread-88] INFO  impl.VoteContext (VoteContext.java:log(48)) - s1@group-6458135C7B8A-FOLLOWER: reject PRE_VOTE from s3: this server is a follower and still has a valid leader s2
2022-08-26 17:03:27,331 [Thread-88] INFO  server.RaftServer$Division (RaftServerImpl.java:requestVote(1245)) - s1@group-6458135C7B8A replies to PRE_VOTE vote request: s3<-s1#0:FAIL-t1. Peer's state: s1@group-6458135C7B8A:t1, leader=s2, voted=s2, raftlog=Memoized:s1@group-6458135C7B8A-SegmentedRaftLog:OPENED:c0, conf=0: peers:[s3|rpc:localhost:34629|admin:localhost:38947|client:localhost:34343|dataStream:localhost:36131|priority:0|startupRole:FOLLOWER, s4|rpc:localhost:41115|admin:localhost:34281|client:localhost:37581|dataStream:localhost:43601|priority:0|startupRole:FOLLOWER, s0|rpc:localhost:41743|admin:localhost:42389|client:localhost:43463|dataStream:localhost:33005|priority:0|startupRole:FOLLOWER, s1|rpc:localhost:43623|admin:localhost:45655|client:localhost:33463|dataStream:localhost:33813|priority:0|startupRole:FOLLOWER, s2|rpc:localhost:37993|admin:localhost:44397|client:localhost:35825|dataStream:localhost:43663|priority:0|startupRole:FOLLOWER]|listeners:[], old=null
2022-08-26 17:03:27,331 [Thread-95] INFO  server.RaftServer$Division (RaftServerImpl.java:requestVote(1212)) - s2@group-6458135C7B8A: receive requestVote(PRE_VOTE, s3, group-6458135C7B8A, 1, (t:1, i:0))
2022-08-26 17:03:27,331 [Thread-95] INFO  impl.VoteContext (VoteContext.java:log(48)) - s2@group-6458135C7B8A-LEADER: reject PRE_VOTE from s3: this server is the leader and still has leadership
2022-08-26 17:03:27,332 [Thread-95] INFO  server.RaftServer$Division (RaftServerImpl.java:requestVote(1245)) - s2@group-6458135C7B8A replies to PRE_VOTE vote request: s3<-s2#0:FAIL-t1. Peer's state: s2@group-6458135C7B8A:t1, leader=s2, voted=s2, raftlog=Memoized:s2@group-6458135C7B8A-SegmentedRaftLog:OPENED:c0, conf=0: peers:[s3|rpc:localhost:34629|admin:localhost:38947|client:localhost:34343|dataStream:localhost:36131|priority:0|startupRole:FOLLOWER, s4|rpc:localhost:41115|admin:localhost:34281|client:localhost:37581|dataStream:localhost:43601|priority:0|startupRole:FOLLOWER, s0|rpc:localhost:41743|admin:localhost:42389|client:localhost:43463|dataStream:localhost:33005|priority:0|startupRole:FOLLOWER, s1|rpc:localhost:43623|admin:localhost:45655|client:localhost:33463|dataStream:localhost:33813|priority:0|startupRole:FOLLOWER, s2|rpc:localhost:37993|admin:localhost:44397|client:localhost:35825|dataStream:localhost:43663|priority:0|startupRole:FOLLOWER]|listeners:[], old=null
2022-08-26 17:03:27,344 [s3@group-6458135C7B8A-LeaderElection9] INFO  impl.LeaderElection (LeaderElection.java:logAndReturn(90)) - s3@group-6458135C7B8A-LeaderElection9: PRE_VOTE REJECTED received 1 response(s) and 0 exception(s):
2022-08-26 17:03:27,344 [s3@group-6458135C7B8A-LeaderElection9] INFO  impl.LeaderElection (LeaderElection.java:logAndReturn(94)) -   Response 0: s3<-s1#0:FAIL-t1
2022-08-26 17:03:27,344 [s3@group-6458135C7B8A-LeaderElection9] INFO  impl.LeaderElection (LeaderElection.java:askForVotes(312)) - s3@group-6458135C7B8A-LeaderElection9 PRE_VOTE round 0: result REJECTED
2022-08-26 17:03:27,471 [Time-limited test] INFO  server.RaftServerConfigKeys (ConfUtils.java:logGet(46)) - raft.server.rpc.timeout.max = 300ms (default)
2022-08-26 17:03:27,481 [Thread-81] INFO  server.RaftServer$Division (RaftServerImpl.java:requestVote(1212)) - s0@group-6458135C7B8A: receive requestVote(PRE_VOTE, s3, group-6458135C7B8A, 1, (t:1, i:0))
2022-08-26 17:03:27,481 [Thread-81] INFO  impl.VoteContext (VoteContext.java:log(48)) - s0@group-6458135C7B8A-FOLLOWER: accept PRE_VOTE from s3: our priority 0 <= candidate's priority 0
2022-08-26 17:03:27,481 [Thread-81] INFO  server.RaftServer$Division (RaftServerImpl.java:requestVote(1245)) - s0@group-6458135C7B8A replies to PRE_VOTE vote request: s3<-s0#0:OK-t1. Peer's state: s0@group-6458135C7B8A:t1, leader=s2, voted=s2, raftlog=Memoized:s0@group-6458135C7B8A-SegmentedRaftLog:OPENED:c0, conf=0: peers:[s3|rpc:localhost:34629|admin:localhost:38947|client:localhost:34343|dataStream:localhost:36131|priority:0|startupRole:FOLLOWER, s4|rpc:localhost:41115|admin:localhost:34281|client:localhost:37581|dataStream:localhost:43601|priority:0|startupRole:FOLLOWER, s0|rpc:localhost:41743|admin:localhost:42389|client:localhost:43463|dataStream:localhost:33005|priority:0|startupRole:FOLLOWER, s1|rpc:localhost:43623|admin:localhost:45655|client:localhost:33463|dataStream:localhost:33813|priority:0|startupRole:FOLLOWER, s2|rpc:localhost:37993|admin:localhost:44397|client:localhost:35825|dataStream:localhost:43663|priority:0|startupRole:FOLLOWER]|listeners:[], old=null
2022-08-26 17:03:27,922 [Time-limited test] INFO  simulation.TestLeaderElectionWithSimulatedRpc (LeaderElectionTests.java:enforceLeader(248)) - try enforcing leader to s0 but new leader is s2
2022-08-26 17:03:27,922 [Time-limited test] INFO  server.RaftServerConfigKeys (ConfUtils.java:logGet(46)) - raft.server.rpc.timeout.max = 300ms (default)
2022-08-26 17:03:28,267 [s0@group-6458135C7B8A-FollowerState] INFO  impl.FollowerState (FollowerState.java:run(143)) - s0@group-6458135C7B8A-FollowerState: change to CANDIDATE, lastRpcElapsedTime:408482816ns, electionTimeout:243ms
2022-08-26 17:03:28,267 [s0@group-6458135C7B8A-FollowerState] INFO  impl.RoleInfo (RoleInfo.java:shutdownFollowerState(110)) - s0: shutdown s0@group-6458135C7B8A-FollowerState
2022-08-26 17:03:28,267 [s0@group-6458135C7B8A-FollowerState] INFO  server.RaftServer$Division (RaftServerImpl.java:setRole(315)) - s0@group-6458135C7B8A: changes role from  FOLLOWER to CANDIDATE at term 1 for changeToCandidate
2022-08-26 17:03:28,267 [s0@group-6458135C7B8A-FollowerState] INFO  server.RaftServerConfigKeys (ConfUtils.java:logGet(46)) - raft.server.leaderelection.pre-vote = true (default)
2022-08-26 17:03:28,267 [s0@group-6458135C7B8A-FollowerState] INFO  impl.RoleInfo (RoleInfo.java:updateAndGet(139)) - s0: start s0@group-6458135C7B8A-LeaderElection10
2022-08-26 17:03:28,271 [s0@group-6458135C7B8A-LeaderElection10] INFO  server.RaftServer$Division (ServerState.java:setLeader(255)) - s0@group-6458135C7B8A: change Leader from s2 to null at term 1 for PRE_VOTE
2022-08-26 17:03:28,271 [s0@group-6458135C7B8A-LeaderElection10] INFO  impl.LeaderElection (LeaderElection.java:askForVotes(310)) - s0@group-6458135C7B8A-LeaderElection10 PRE_VOTE round 0: submit vote requests at term 1 for 0: peers:[s3|rpc:localhost:34629|admin:localhost:38947|client:localhost:34343|dataStream:localhost:36131|priority:0|startupRole:FOLLOWER, s4|rpc:localhost:41115|admin:localhost:34281|client:localhost:37581|dataStream:localhost:43601|priority:0|startupRole:FOLLOWER, s0|rpc:localhost:41743|admin:localhost:42389|client:localhost:43463|dataStream:localhost:33005|priority:0|startupRole:FOLLOWER, s1|rpc:localhost:43623|admin:localhost:45655|client:localhost:33463|dataStream:localhost:33813|priority:0|startupRole:FOLLOWER, s2|rpc:localhost:37993|admin:localhost:44397|client:localhost:35825|dataStream:localhost:43663|priority:0|startupRole:FOLLOWER]|listeners:[], old=null
2022-08-26 17:03:28,329 [s3@group-6458135C7B8A-FollowerState] INFO  impl.FollowerState (FollowerState.java:run(143)) - s3@group-6458135C7B8A-FollowerState: change to CANDIDATE, lastRpcElapsedTime:188053046ns, electionTimeout:175ms
2022-08-26 17:03:28,329 [s3@group-6458135C7B8A-FollowerState] INFO  impl.RoleInfo (RoleInfo.java:shutdownFollowerState(110)) - s3: shutdown s3@group-6458135C7B8A-FollowerState
2022-08-26 17:03:28,330 [s3@group-6458135C7B8A-FollowerState] INFO  server.RaftServer$Division (RaftServerImpl.java:setRole(315)) - s3@group-6458135C7B8A: changes role from  FOLLOWER to CANDIDATE at term 1 for changeToCandidate
2022-08-26 17:03:28,330 [s3@group-6458135C7B8A-FollowerState] INFO  server.RaftServerConfigKeys (ConfUtils.java:logGet(46)) - raft.server.leaderelection.pre-vote = true (default)
2022-08-26 17:03:28,330 [s3@group-6458135C7B8A-FollowerState] INFO  impl.RoleInfo (RoleInfo.java:updateAndGet(139)) - s3: start s3@group-6458135C7B8A-LeaderElection11
2022-08-26 17:03:28,331 [s3@group-6458135C7B8A-LeaderElection11] INFO  server.RaftServer$Division (ServerState.java:setLeader(255)) - s3@group-6458135C7B8A: change Leader from s2 to null at term 1 for PRE_VOTE
2022-08-26 17:03:28,331 [s3@group-6458135C7B8A-LeaderElection11] INFO  impl.LeaderElection (LeaderElection.java:askForVotes(310)) - s3@group-6458135C7B8A-LeaderElection11 PRE_VOTE round 0: submit vote requests at term 1 for 0: peers:[s3|rpc:localhost:34629|admin:localhost:38947|client:localhost:34343|dataStream:localhost:36131|priority:0|startupRole:FOLLOWER, s4|rpc:localhost:41115|admin:localhost:34281|client:localhost:37581|dataStream:localhost:43601|priority:0|startupRole:FOLLOWER, s0|rpc:localhost:41743|admin:localhost:42389|client:localhost:43463|dataStream:localhost:33005|priority:0|startupRole:FOLLOWER, s1|rpc:localhost:43623|admin:localhost:45655|client:localhost:33463|dataStream:localhost:33813|priority:0|startupRole:FOLLOWER, s2|rpc:localhost:37993|admin:localhost:44397|client:localhost:35825|dataStream:localhost:43663|priority:0|startupRole:FOLLOWER]|listeners:[], old=null
2022-08-26 17:03:28,353 [s1@group-6458135C7B8A-FollowerState] INFO  impl.FollowerState (FollowerState.java:run(143)) - s1@group-6458135C7B8A-FollowerState: change to CANDIDATE, lastRpcElapsedTime:224239278ns, electionTimeout:190ms
2022-08-26 17:03:28,353 [s1@group-6458135C7B8A-FollowerState] INFO  impl.RoleInfo (RoleInfo.java:shutdownFollowerState(110)) - s1: shutdown s1@group-6458135C7B8A-FollowerState
2022-08-26 17:03:28,353 [s1@group-6458135C7B8A-FollowerState] INFO  server.RaftServer$Division (RaftServerImpl.java:setRole(315)) - s1@group-6458135C7B8A: changes role from  FOLLOWER to CANDIDATE at term 1 for changeToCandidate
2022-08-26 17:03:28,353 [s1@group-6458135C7B8A-FollowerState] INFO  server.RaftServerConfigKeys (ConfUtils.java:logGet(46)) - raft.server.leaderelection.pre-vote = true (default)
2022-08-26 17:03:28,353 [s1@group-6458135C7B8A-FollowerState] INFO  impl.RoleInfo (RoleInfo.java:updateAndGet(139)) - s1: start s1@group-6458135C7B8A-LeaderElection12
2022-08-26 17:03:28,354 [s1@group-6458135C7B8A-LeaderElection12] INFO  server.RaftServer$Division (ServerState.java:setLeader(255)) - s1@group-6458135C7B8A: change Leader from s2 to null at term 1 for PRE_VOTE
2022-08-26 17:03:28,354 [s1@group-6458135C7B8A-LeaderElection12] INFO  impl.LeaderElection (LeaderElection.java:askForVotes(310)) - s1@group-6458135C7B8A-LeaderElection12 PRE_VOTE round 0: submit vote requests at term 1 for 0: peers:[s3|rpc:localhost:34629|admin:localhost:38947|client:localhost:34343|dataStream:localhost:36131|priority:0|startupRole:FOLLOWER, s4|rpc:localhost:41115|admin:localhost:34281|client:localhost:37581|dataStream:localhost:43601|priority:0|startupRole:FOLLOWER, s0|rpc:localhost:41743|admin:localhost:42389|client:localhost:43463|dataStream:localhost:33005|priority:0|startupRole:FOLLOWER, s1|rpc:localhost:43623|admin:localhost:45655|client:localhost:33463|dataStream:localhost:33813|priority:0|startupRole:FOLLOWER, s2|rpc:localhost:37993|admin:localhost:44397|client:localhost:35825|dataStream:localhost:43663|priority:0|startupRole:FOLLOWER]|listeners:[], old=null
2022-08-26 17:03:28,365 [Thread-90] INFO  server.RaftServer$Division (RaftServerImpl.java:setRole(315)) - s1@group-6458135C7B8A: changes role from CANDIDATE to FOLLOWER at term 1 for appendEntries
2022-08-26 17:03:28,365 [Thread-90] INFO  impl.RoleInfo (RoleInfo.java:shutdownLeaderElection(130)) - s1: shutdown s1@group-6458135C7B8A-LeaderElection12
2022-08-26 17:03:28,365 [Thread-90] INFO  impl.RoleInfo (RoleInfo.java:updateAndGet(139)) - s1: start s1@group-6458135C7B8A-FollowerState
2022-08-26 17:03:28,365 [Thread-90] INFO  server.RaftServer$Division (ServerState.java:setLeader(255)) - s1@group-6458135C7B8A: change Leader from null to s2 at term 1 for appendEntries, leader elected after 11ms
2022-08-26 17:03:28,372 [Time-limited test] INFO  server.RaftServerConfigKeys (ConfUtils.java:logGet(46)) - raft.server.rpc.timeout.max = 300ms (default)
2022-08-26 17:03:28,382 [Thread-69] INFO  server.RaftServer$Division (RaftServerImpl.java:setRole(315)) - s3@group-6458135C7B8A: changes role from CANDIDATE to FOLLOWER at term 1 for appendEntries
2022-08-26 17:03:28,382 [Thread-69] INFO  impl.RoleInfo (RoleInfo.java:shutdownLeaderElection(130)) - s3: shutdown s3@group-6458135C7B8A-LeaderElection11
2022-08-26 17:03:28,382 [Thread-69] INFO  impl.RoleInfo (RoleInfo.java:updateAndGet(139)) - s3: start s3@group-6458135C7B8A-FollowerState
2022-08-26 17:03:28,382 [Thread-69] INFO  server.RaftServer$Division (ServerState.java:setLeader(255)) - s3@group-6458135C7B8A: change Leader from null to s2 at term 1 for appendEntries, leader elected after 51ms
2022-08-26 17:03:28,384 [Thread-75] INFO  server.RaftServer$Division (RaftServerImpl.java:requestVote(1212)) - s4@group-6458135C7B8A: receive requestVote(PRE_VOTE, s1, group-6458135C7B8A, 1, (t:1, i:0))
2022-08-26 17:03:28,384 [Thread-75] INFO  impl.VoteContext (VoteContext.java:log(48)) - s4@group-6458135C7B8A-FOLLOWER: reject PRE_VOTE from s1: this server is a follower and still has a valid leader s2
2022-08-26 17:03:28,384 [Thread-75] INFO  server.RaftServer$Division (RaftServerImpl.java:requestVote(1245)) - s4@group-6458135C7B8A replies to PRE_VOTE vote request: s1<-s4#0:FAIL-t1. Peer's state: s4@group-6458135C7B8A:t1, leader=s2, voted=s2, raftlog=Memoized:s4@group-6458135C7B8A-SegmentedRaftLog:OPENED:c0, conf=0: peers:[s3|rpc:localhost:34629|admin:localhost:38947|client:localhost:34343|dataStream:localhost:36131|priority:0|startupRole:FOLLOWER, s4|rpc:localhost:41115|admin:localhost:34281|client:localhost:37581|dataStream:localhost:43601|priority:0|startupRole:FOLLOWER, s0|rpc:localhost:41743|admin:localhost:42389|client:localhost:43463|dataStream:localhost:33005|priority:0|startupRole:FOLLOWER, s1|rpc:localhost:43623|admin:localhost:45655|client:localhost:33463|dataStream:localhost:33813|priority:0|startupRole:FOLLOWER, s2|rpc:localhost:37993|admin:localhost:44397|client:localhost:35825|dataStream:localhost:43663|priority:0|startupRole:FOLLOWER]|listeners:[], old=null
2022-08-26 17:03:28,398 [s1@group-6458135C7B8A-LeaderElection12] INFO  impl.LeaderElection (LeaderElection.java:logAndReturn(90)) - s1@group-6458135C7B8A-LeaderElection12: PRE_VOTE REJECTED received 1 response(s) and 0 exception(s):
2022-08-26 17:03:28,398 [s1@group-6458135C7B8A-LeaderElection12] INFO  impl.LeaderElection (LeaderElection.java:logAndReturn(94)) -   Response 0: s1<-s4#0:FAIL-t1
2022-08-26 17:03:28,398 [s1@group-6458135C7B8A-LeaderElection12] INFO  impl.LeaderElection (LeaderElection.java:askForVotes(312)) - s1@group-6458135C7B8A-LeaderElection12 PRE_VOTE round 0: result REJECTED
2022-08-26 17:03:28,422 [Thread-68] INFO  server.RaftServer$Division (RaftServerImpl.java:requestVote(1212)) - s3@group-6458135C7B8A: receive requestVote(PRE_VOTE, s0, group-6458135C7B8A, 1, (t:1, i:0))
2022-08-26 17:03:28,422 [Thread-68] INFO  impl.VoteContext (VoteContext.java:log(48)) - s3@group-6458135C7B8A-FOLLOWER: reject PRE_VOTE from s0: this server is a follower and still has a valid leader s2
2022-08-26 17:03:28,422 [Thread-68] INFO  server.RaftServer$Division (RaftServerImpl.java:requestVote(1245)) - s3@group-6458135C7B8A replies to PRE_VOTE vote request: s0<-s3#0:FAIL-t1. Peer's state: s3@group-6458135C7B8A:t1, leader=s2, voted=s2, raftlog=Memoized:s3@group-6458135C7B8A-SegmentedRaftLog:OPENED:c0, conf=0: peers:[s3|rpc:localhost:34629|admin:localhost:38947|client:localhost:34343|dataStream:localhost:36131|priority:0|startupRole:FOLLOWER, s4|rpc:localhost:41115|admin:localhost:34281|client:localhost:37581|dataStream:localhost:43601|priority:0|startupRole:FOLLOWER, s0|rpc:localhost:41743|admin:localhost:42389|client:localhost:43463|dataStream:localhost:33005|priority:0|startupRole:FOLLOWER, s1|rpc:localhost:43623|admin:localhost:45655|client:localhost:33463|dataStream:localhost:33813|priority:0|startupRole:FOLLOWER, s2|rpc:localhost:37993|admin:localhost:44397|client:localhost:35825|dataStream:localhost:43663|priority:0|startupRole:FOLLOWER]|listeners:[], old=null
2022-08-26 17:03:28,422 [Thread-76] INFO  server.RaftServer$Division (RaftServerImpl.java:requestVote(1212)) - s4@group-6458135C7B8A: receive requestVote(PRE_VOTE, s0, group-6458135C7B8A, 1, (t:1, i:0))
2022-08-26 17:03:28,422 [Thread-76] INFO  impl.VoteContext (VoteContext.java:log(48)) - s4@group-6458135C7B8A-FOLLOWER: reject PRE_VOTE from s0: this server is a follower and still has a valid leader s2
2022-08-26 17:03:28,423 [Thread-76] INFO  server.RaftServer$Division (RaftServerImpl.java:requestVote(1245)) - s4@group-6458135C7B8A replies to PRE_VOTE vote request: s0<-s4#0:FAIL-t1. Peer's state: s4@group-6458135C7B8A:t1, leader=s2, voted=s2, raftlog=Memoized:s4@group-6458135C7B8A-SegmentedRaftLog:OPENED:c0, conf=0: peers:[s3|rpc:localhost:34629|admin:localhost:38947|client:localhost:34343|dataStream:localhost:36131|priority:0|startupRole:FOLLOWER, s4|rpc:localhost:41115|admin:localhost:34281|client:localhost:37581|dataStream:localhost:43601|priority:0|startupRole:FOLLOWER, s0|rpc:localhost:41743|admin:localhost:42389|client:localhost:43463|dataStream:localhost:33005|priority:0|startupRole:FOLLOWER, s1|rpc:localhost:43623|admin:localhost:45655|client:localhost:33463|dataStream:localhost:33813|priority:0|startupRole:FOLLOWER, s2|rpc:localhost:37993|admin:localhost:44397|client:localhost:35825|dataStream:localhost:43663|priority:0|startupRole:FOLLOWER]|listeners:[], old=null
2022-08-26 17:03:28,423 [Thread-88] INFO  server.RaftServer$Division (RaftServerImpl.java:requestVote(1212)) - s1@group-6458135C7B8A: receive requestVote(PRE_VOTE, s0, group-6458135C7B8A, 1, (t:1, i:0))
2022-08-26 17:03:28,423 [Thread-88] INFO  impl.VoteContext (VoteContext.java:log(48)) - s1@group-6458135C7B8A-FOLLOWER: reject PRE_VOTE from s0: this server is a follower and still has a valid leader s2
2022-08-26 17:03:28,423 [Thread-88] INFO  server.RaftServer$Division (RaftServerImpl.java:requestVote(1245)) - s1@group-6458135C7B8A replies to PRE_VOTE vote request: s0<-s1#0:FAIL-t1. Peer's state: s1@group-6458135C7B8A:t1, leader=s2, voted=s2, raftlog=Memoized:s1@group-6458135C7B8A-SegmentedRaftLog:OPENED:c0, conf=0: peers:[s3|rpc:localhost:34629|admin:localhost:38947|client:localhost:34343|dataStream:localhost:36131|priority:0|startupRole:FOLLOWER, s4|rpc:localhost:41115|admin:localhost:34281|client:localhost:37581|dataStream:localhost:43601|priority:0|startupRole:FOLLOWER, s0|rpc:localhost:41743|admin:localhost:42389|client:localhost:43463|dataStream:localhost:33005|priority:0|startupRole:FOLLOWER, s1|rpc:localhost:43623|admin:localhost:45655|client:localhost:33463|dataStream:localhost:33813|priority:0|startupRole:FOLLOWER, s2|rpc:localhost:37993|admin:localhost:44397|client:localhost:35825|dataStream:localhost:43663|priority:0|startupRole:FOLLOWER]|listeners:[], old=null
2022-08-26 17:03:28,423 [Thread-96] INFO  server.RaftServer$Division (RaftServerImpl.java:requestVote(1212)) - s2@group-6458135C7B8A: receive requestVote(PRE_VOTE, s0, group-6458135C7B8A, 1, (t:1, i:0))
2022-08-26 17:03:28,423 [Thread-96] INFO  impl.VoteContext (VoteContext.java:log(48)) - s2@group-6458135C7B8A-LEADER: reject PRE_VOTE from s0: this server is the leader and still has leadership
2022-08-26 17:03:28,423 [Thread-96] INFO  server.RaftServer$Division (RaftServerImpl.java:requestVote(1245)) - s2@group-6458135C7B8A replies to PRE_VOTE vote request: s0<-s2#0:FAIL-t1. Peer's state: s2@group-6458135C7B8A:t1, leader=s2, voted=s2, raftlog=Memoized:s2@group-6458135C7B8A-SegmentedRaftLog:OPENED:c0, conf=0: peers:[s3|rpc:localhost:34629|admin:localhost:38947|client:localhost:34343|dataStream:localhost:36131|priority:0|startupRole:FOLLOWER, s4|rpc:localhost:41115|admin:localhost:34281|client:localhost:37581|dataStream:localhost:43601|priority:0|startupRole:FOLLOWER, s0|rpc:localhost:41743|admin:localhost:42389|client:localhost:43463|dataStream:localhost:33005|priority:0|startupRole:FOLLOWER, s1|rpc:localhost:43623|admin:localhost:45655|client:localhost:33463|dataStream:localhost:33813|priority:0|startupRole:FOLLOWER, s2|rpc:localhost:37993|admin:localhost:44397|client:localhost:35825|dataStream:localhost:43663|priority:0|startupRole:FOLLOWER]|listeners:[], old=null
2022-08-26 17:03:28,436 [s0@group-6458135C7B8A-LeaderElection10] INFO  impl.LeaderElection (LeaderElection.java:logAndReturn(90)) - s0@group-6458135C7B8A-LeaderElection10: PRE_VOTE TIMEOUT received 0 response(s) and 0 exception(s):
2022-08-26 17:03:28,436 [s0@group-6458135C7B8A-LeaderElection10] INFO  impl.LeaderElection (LeaderElection.java:askForVotes(312)) - s0@group-6458135C7B8A-LeaderElection10 PRE_VOTE round 0: result TIMEOUT
2022-08-26 17:03:28,436 [s0@group-6458135C7B8A-LeaderElection10] INFO  impl.LeaderElection (LeaderElection.java:askForVotes(310)) - s0@group-6458135C7B8A-LeaderElection10 PRE_VOTE round 1: submit vote requests at term 1 for 0: peers:[s3|rpc:localhost:34629|admin:localhost:38947|client:localhost:34343|dataStream:localhost:36131|priority:0|startupRole:FOLLOWER, s4|rpc:localhost:41115|admin:localhost:34281|client:localhost:37581|dataStream:localhost:43601|priority:0|startupRole:FOLLOWER, s0|rpc:localhost:41743|admin:localhost:42389|client:localhost:43463|dataStream:localhost:33005|priority:0|startupRole:FOLLOWER, s1|rpc:localhost:43623|admin:localhost:45655|client:localhost:33463|dataStream:localhost:33813|priority:0|startupRole:FOLLOWER, s2|rpc:localhost:37993|admin:localhost:44397|client:localhost:35825|dataStream:localhost:43663|priority:0|startupRole:FOLLOWER]|listeners:[], old=null
2022-08-26 17:03:28,437 [Thread-75] INFO  server.RaftServer$Division (RaftServerImpl.java:requestVote(1212)) - s4@group-6458135C7B8A: receive requestVote(PRE_VOTE, s0, group-6458135C7B8A, 1, (t:1, i:0))
2022-08-26 17:03:28,437 [Thread-75] INFO  impl.VoteContext (VoteContext.java:log(48)) - s4@group-6458135C7B8A-FOLLOWER: reject PRE_VOTE from s0: this server is a follower and still has a valid leader s2
2022-08-26 17:03:28,437 [Thread-75] INFO  server.RaftServer$Division (RaftServerImpl.java:requestVote(1245)) - s4@group-6458135C7B8A replies to PRE_VOTE vote request: s0<-s4#0:FAIL-t1. Peer's state: s4@group-6458135C7B8A:t1, leader=s2, voted=s2, raftlog=Memoized:s4@group-6458135C7B8A-SegmentedRaftLog:OPENED:c0, conf=0: peers:[s3|rpc:localhost:34629|admin:localhost:38947|client:localhost:34343|dataStream:localhost:36131|priority:0|startupRole:FOLLOWER, s4|rpc:localhost:41115|admin:localhost:34281|client:localhost:37581|dataStream:localhost:43601|priority:0|startupRole:FOLLOWER, s0|rpc:localhost:41743|admin:localhost:42389|client:localhost:43463|dataStream:localhost:33005|priority:0|startupRole:FOLLOWER, s1|rpc:localhost:43623|admin:localhost:45655|client:localhost:33463|dataStream:localhost:33813|priority:0|startupRole:FOLLOWER, s2|rpc:localhost:37993|admin:localhost:44397|client:localhost:35825|dataStream:localhost:43663|priority:0|startupRole:FOLLOWER]|listeners:[], old=null
2022-08-26 17:03:28,437 [Thread-90] INFO  server.RaftServer$Division (RaftServerImpl.java:requestVote(1212)) - s1@group-6458135C7B8A: receive requestVote(PRE_VOTE, s0, group-6458135C7B8A, 1, (t:1, i:0))
2022-08-26 17:03:28,437 [Thread-69] INFO  server.RaftServer$Division (RaftServerImpl.java:requestVote(1212)) - s3@group-6458135C7B8A: receive requestVote(PRE_VOTE, s0, group-6458135C7B8A, 1, (t:1, i:0))
2022-08-26 17:03:28,437 [Thread-69] INFO  impl.VoteContext (VoteContext.java:log(48)) - s3@group-6458135C7B8A-FOLLOWER: reject PRE_VOTE from s0: this server is a follower and still has a valid leader s2
2022-08-26 17:03:28,437 [Thread-69] INFO  server.RaftServer$Division (RaftServerImpl.java:requestVote(1245)) - s3@group-6458135C7B8A replies to PRE_VOTE vote request: s0<-s3#0:FAIL-t1. Peer's state: s3@group-6458135C7B8A:t1, leader=s2, voted=s2, raftlog=Memoized:s3@group-6458135C7B8A-SegmentedRaftLog:OPENED:c0, conf=0: peers:[s3|rpc:localhost:34629|admin:localhost:38947|client:localhost:34343|dataStream:localhost:36131|priority:0|startupRole:FOLLOWER, s4|rpc:localhost:41115|admin:localhost:34281|client:localhost:37581|dataStream:localhost:43601|priority:0|startupRole:FOLLOWER, s0|rpc:localhost:41743|admin:localhost:42389|client:localhost:43463|dataStream:localhost:33005|priority:0|startupRole:FOLLOWER, s1|rpc:localhost:43623|admin:localhost:45655|client:localhost:33463|dataStream:localhost:33813|priority:0|startupRole:FOLLOWER, s2|rpc:localhost:37993|admin:localhost:44397|client:localhost:35825|dataStream:localhost:43663|priority:0|startupRole:FOLLOWER]|listeners:[], old=null
2022-08-26 17:03:28,437 [Thread-90] INFO  impl.VoteContext (VoteContext.java:log(48)) - s1@group-6458135C7B8A-FOLLOWER: reject PRE_VOTE from s0: this server is a follower and still has a valid leader s2
2022-08-26 17:03:28,437 [Thread-90] INFO  server.RaftServer$Division (RaftServerImpl.java:requestVote(1245)) - s1@group-6458135C7B8A replies to PRE_VOTE vote request: s0<-s1#0:FAIL-t1. Peer's state: s1@group-6458135C7B8A:t1, leader=s2, voted=s2, raftlog=Memoized:s1@group-6458135C7B8A-SegmentedRaftLog:OPENED:c0, conf=0: peers:[s3|rpc:localhost:34629|admin:localhost:38947|client:localhost:34343|dataStream:localhost:36131|priority:0|startupRole:FOLLOWER, s4|rpc:localhost:41115|admin:localhost:34281|client:localhost:37581|dataStream:localhost:43601|priority:0|startupRole:FOLLOWER, s0|rpc:localhost:41743|admin:localhost:42389|client:localhost:43463|dataStream:localhost:33005|priority:0|startupRole:FOLLOWER, s1|rpc:localhost:43623|admin:localhost:45655|client:localhost:33463|dataStream:localhost:33813|priority:0|startupRole:FOLLOWER, s2|rpc:localhost:37993|admin:localhost:44397|client:localhost:35825|dataStream:localhost:43663|priority:0|startupRole:FOLLOWER]|listeners:[], old=null
2022-08-26 17:03:28,438 [Thread-96] INFO  server.RaftServer$Division (RaftServerImpl.java:requestVote(1212)) - s2@group-6458135C7B8A: receive requestVote(PRE_VOTE, s0, group-6458135C7B8A, 1, (t:1, i:0))
2022-08-26 17:03:28,438 [Thread-96] INFO  impl.VoteContext (VoteContext.java:log(48)) - s2@group-6458135C7B8A-LEADER: reject PRE_VOTE from s0: this server is the leader and still has leadership
2022-08-26 17:03:28,439 [Thread-96] INFO  server.RaftServer$Division (RaftServerImpl.java:requestVote(1245)) - s2@group-6458135C7B8A replies to PRE_VOTE vote request: s0<-s2#0:FAIL-t1. Peer's state: s2@group-6458135C7B8A:t1, leader=s2, voted=s2, raftlog=Memoized:s2@group-6458135C7B8A-SegmentedRaftLog:OPENED:c0, conf=0: peers:[s3|rpc:localhost:34629|admin:localhost:38947|client:localhost:34343|dataStream:localhost:36131|priority:0|startupRole:FOLLOWER, s4|rpc:localhost:41115|admin:localhost:34281|client:localhost:37581|dataStream:localhost:43601|priority:0|startupRole:FOLLOWER, s0|rpc:localhost:41743|admin:localhost:42389|client:localhost:43463|dataStream:localhost:33005|priority:0|startupRole:FOLLOWER, s1|rpc:localhost:43623|admin:localhost:45655|client:localhost:33463|dataStream:localhost:33813|priority:0|startupRole:FOLLOWER, s2|rpc:localhost:37993|admin:localhost:44397|client:localhost:35825|dataStream:localhost:43663|priority:0|startupRole:FOLLOWER]|listeners:[], old=null
2022-08-26 17:03:28,451 [s0@group-6458135C7B8A-LeaderElection10] INFO  impl.LeaderElection (LeaderElection.java:logAndReturn(90)) - s0@group-6458135C7B8A-LeaderElection10: PRE_VOTE REJECTED received 3 response(s) and 0 exception(s):
2022-08-26 17:03:28,451 [s0@group-6458135C7B8A-LeaderElection10] INFO  impl.LeaderElection (LeaderElection.java:logAndReturn(94)) -   Response 0: s0<-s4#0:FAIL-t1
2022-08-26 17:03:28,451 [s0@group-6458135C7B8A-LeaderElection10] INFO  impl.LeaderElection (LeaderElection.java:logAndReturn(94)) -   Response 1: s0<-s1#0:FAIL-t1
2022-08-26 17:03:28,451 [s0@group-6458135C7B8A-LeaderElection10] INFO  impl.LeaderElection (LeaderElection.java:logAndReturn(94)) -   Response 2: s0<-s2#0:FAIL-t1
2022-08-26 17:03:28,451 [s0@group-6458135C7B8A-LeaderElection10] INFO  impl.LeaderElection (LeaderElection.java:askForVotes(312)) - s0@group-6458135C7B8A-LeaderElection10 PRE_VOTE round 1: result REJECTED
2022-08-26 17:03:28,451 [s0@group-6458135C7B8A-LeaderElection10] INFO  server.RaftServer$Division (RaftServerImpl.java:setRole(315)) - s0@group-6458135C7B8A: changes role from CANDIDATE to FOLLOWER at term 1 for REJECTED
2022-08-26 17:03:28,451 [s0@group-6458135C7B8A-LeaderElection10] INFO  impl.RoleInfo (RoleInfo.java:shutdownLeaderElection(130)) - s0: shutdown s0@group-6458135C7B8A-LeaderElection10
2022-08-26 17:03:28,451 [s0@group-6458135C7B8A-LeaderElection10] INFO  impl.RoleInfo (RoleInfo.java:updateAndGet(139)) - s0: start s0@group-6458135C7B8A-FollowerState
2022-08-26 17:03:28,482 [Thread-74] INFO  server.RaftServer$Division (RaftServerImpl.java:requestVote(1212)) - s4@group-6458135C7B8A: receive requestVote(PRE_VOTE, s3, group-6458135C7B8A, 1, (t:1, i:0))
2022-08-26 17:03:28,483 [Thread-74] INFO  impl.VoteContext (VoteContext.java:log(48)) - s4@group-6458135C7B8A-FOLLOWER: reject PRE_VOTE from s3: this server is a follower and still has a valid leader s2
2022-08-26 17:03:28,483 [Thread-74] INFO  server.RaftServer$Division (RaftServerImpl.java:requestVote(1245)) - s4@group-6458135C7B8A replies to PRE_VOTE vote request: s3<-s4#0:FAIL-t1. Peer's state: s4@group-6458135C7B8A:t1, leader=s2, voted=s2, raftlog=Memoized:s4@group-6458135C7B8A-SegmentedRaftLog:OPENED:c0, conf=0: peers:[s3|rpc:localhost:34629|admin:localhost:38947|client:localhost:34343|dataStream:localhost:36131|priority:0|startupRole:FOLLOWER, s4|rpc:localhost:41115|admin:localhost:34281|client:localhost:37581|dataStream:localhost:43601|priority:0|startupRole:FOLLOWER, s0|rpc:localhost:41743|admin:localhost:42389|client:localhost:43463|dataStream:localhost:33005|priority:0|startupRole:FOLLOWER, s1|rpc:localhost:43623|admin:localhost:45655|client:localhost:33463|dataStream:localhost:33813|priority:0|startupRole:FOLLOWER, s2|rpc:localhost:37993|admin:localhost:44397|client:localhost:35825|dataStream:localhost:43663|priority:0|startupRole:FOLLOWER]|listeners:[], old=null
2022-08-26 17:03:28,483 [Thread-89] INFO  server.RaftServer$Division (RaftServerImpl.java:requestVote(1212)) - s1@group-6458135C7B8A: receive requestVote(PRE_VOTE, s3, group-6458135C7B8A, 1, (t:1, i:0))
2022-08-26 17:03:28,483 [Thread-89] INFO  impl.VoteContext (VoteContext.java:log(48)) - s1@group-6458135C7B8A-FOLLOWER: reject PRE_VOTE from s3: this server is a follower and still has a valid leader s2
2022-08-26 17:03:28,483 [Thread-89] INFO  server.RaftServer$Division (RaftServerImpl.java:requestVote(1245)) - s1@group-6458135C7B8A replies to PRE_VOTE vote request: s3<-s1#0:FAIL-t1. Peer's state: s1@group-6458135C7B8A:t1, leader=s2, voted=s2, raftlog=Memoized:s1@group-6458135C7B8A-SegmentedRaftLog:OPENED:c0, conf=0: peers:[s3|rpc:localhost:34629|admin:localhost:38947|client:localhost:34343|dataStream:localhost:36131|priority:0|startupRole:FOLLOWER, s4|rpc:localhost:41115|admin:localhost:34281|client:localhost:37581|dataStream:localhost:43601|priority:0|startupRole:FOLLOWER, s0|rpc:localhost:41743|admin:localhost:42389|client:localhost:43463|dataStream:localhost:33005|priority:0|startupRole:FOLLOWER, s1|rpc:localhost:43623|admin:localhost:45655|client:localhost:33463|dataStream:localhost:33813|priority:0|startupRole:FOLLOWER, s2|rpc:localhost:37993|admin:localhost:44397|client:localhost:35825|dataStream:localhost:43663|priority:0|startupRole:FOLLOWER]|listeners:[], old=null
2022-08-26 17:03:28,483 [Thread-97] INFO  server.RaftServer$Division (RaftServerImpl.java:requestVote(1212)) - s2@group-6458135C7B8A: receive requestVote(PRE_VOTE, s3, group-6458135C7B8A, 1, (t:1, i:0))
2022-08-26 17:03:28,484 [Thread-97] INFO  impl.VoteContext (VoteContext.java:log(48)) - s2@group-6458135C7B8A-LEADER: reject PRE_VOTE from s3: this server is the leader and still has leadership
2022-08-26 17:03:28,484 [Thread-97] INFO  server.RaftServer$Division (RaftServerImpl.java:requestVote(1245)) - s2@group-6458135C7B8A replies to PRE_VOTE vote request: s3<-s2#0:FAIL-t1. Peer's state: s2@group-6458135C7B8A:t1, leader=s2, voted=s2, raftlog=Memoized:s2@group-6458135C7B8A-SegmentedRaftLog:OPENED:c0, conf=0: peers:[s3|rpc:localhost:34629|admin:localhost:38947|client:localhost:34343|dataStream:localhost:36131|priority:0|startupRole:FOLLOWER, s4|rpc:localhost:41115|admin:localhost:34281|client:localhost:37581|dataStream:localhost:43601|priority:0|startupRole:FOLLOWER, s0|rpc:localhost:41743|admin:localhost:42389|client:localhost:43463|dataStream:localhost:33005|priority:0|startupRole:FOLLOWER, s1|rpc:localhost:43623|admin:localhost:45655|client:localhost:33463|dataStream:localhost:33813|priority:0|startupRole:FOLLOWER, s2|rpc:localhost:37993|admin:localhost:44397|client:localhost:35825|dataStream:localhost:43663|priority:0|startupRole:FOLLOWER]|listeners:[], old=null
2022-08-26 17:03:28,493 [s3@group-6458135C7B8A-LeaderElection11] INFO  impl.LeaderElection (LeaderElection.java:logAndReturn(90)) - s3@group-6458135C7B8A-LeaderElection11: PRE_VOTE REJECTED received 1 response(s) and 0 exception(s):
2022-08-26 17:03:28,493 [s3@group-6458135C7B8A-LeaderElection11] INFO  impl.LeaderElection (LeaderElection.java:logAndReturn(94)) -   Response 0: s3<-s4#0:FAIL-t1
2022-08-26 17:03:28,493 [s3@group-6458135C7B8A-LeaderElection11] INFO  impl.LeaderElection (LeaderElection.java:askForVotes(312)) - s3@group-6458135C7B8A-LeaderElection11 PRE_VOTE round 0: result REJECTED
2022-08-26 17:03:28,505 [Thread-67] INFO  server.RaftServer$Division (RaftServerImpl.java:requestVote(1212)) - s3@group-6458135C7B8A: receive requestVote(PRE_VOTE, s1, group-6458135C7B8A, 1, (t:1, i:0))
2022-08-26 17:03:28,505 [Thread-67] INFO  impl.VoteContext (VoteContext.java:log(48)) - s3@group-6458135C7B8A-FOLLOWER: reject PRE_VOTE from s1: this server is a follower and still has a valid leader s2
2022-08-26 17:03:28,505 [Thread-67] INFO  server.RaftServer$Division (RaftServerImpl.java:requestVote(1245)) - s3@group-6458135C7B8A replies to PRE_VOTE vote request: s1<-s3#0:FAIL-t1. Peer's state: s3@group-6458135C7B8A:t1, leader=s2, voted=s2, raftlog=Memoized:s3@group-6458135C7B8A-SegmentedRaftLog:OPENED:c0, conf=0: peers:[s3|rpc:localhost:34629|admin:localhost:38947|client:localhost:34343|dataStream:localhost:36131|priority:0|startupRole:FOLLOWER, s4|rpc:localhost:41115|admin:localhost:34281|client:localhost:37581|dataStream:localhost:43601|priority:0|startupRole:FOLLOWER, s0|rpc:localhost:41743|admin:localhost:42389|client:localhost:43463|dataStream:localhost:33005|priority:0|startupRole:FOLLOWER, s1|rpc:localhost:43623|admin:localhost:45655|client:localhost:33463|dataStream:localhost:33813|priority:0|startupRole:FOLLOWER, s2|rpc:localhost:37993|admin:localhost:44397|client:localhost:35825|dataStream:localhost:43663|priority:0|startupRole:FOLLOWER]|listeners:[], old=null
2022-08-26 17:03:28,505 [Thread-95] INFO  server.RaftServer$Division (RaftServerImpl.java:requestVote(1212)) - s2@group-6458135C7B8A: receive requestVote(PRE_VOTE, s1, group-6458135C7B8A, 1, (t:1, i:0))
2022-08-26 17:03:28,505 [Thread-95] INFO  impl.VoteContext (VoteContext.java:log(48)) - s2@group-6458135C7B8A-LEADER: reject PRE_VOTE from s1: this server is the leader and still has leadership
2022-08-26 17:03:28,506 [Thread-95] INFO  server.RaftServer$Division (RaftServerImpl.java:requestVote(1245)) - s2@group-6458135C7B8A replies to PRE_VOTE vote request: s1<-s2#0:FAIL-t1. Peer's state: s2@group-6458135C7B8A:t1, leader=s2, voted=s2, raftlog=Memoized:s2@group-6458135C7B8A-SegmentedRaftLog:OPENED:c0, conf=0: peers:[s3|rpc:localhost:34629|admin:localhost:38947|client:localhost:34343|dataStream:localhost:36131|priority:0|startupRole:FOLLOWER, s4|rpc:localhost:41115|admin:localhost:34281|client:localhost:37581|dataStream:localhost:43601|priority:0|startupRole:FOLLOWER, s0|rpc:localhost:41743|admin:localhost:42389|client:localhost:43463|dataStream:localhost:33005|priority:0|startupRole:FOLLOWER, s1|rpc:localhost:43623|admin:localhost:45655|client:localhost:33463|dataStream:localhost:33813|priority:0|startupRole:FOLLOWER, s2|rpc:localhost:37993|admin:localhost:44397|client:localhost:35825|dataStream:localhost:43663|priority:0|startupRole:FOLLOWER]|listeners:[], old=null
2022-08-26 17:03:28,544 [Thread-82] INFO  server.RaftServer$Division (ServerState.java:setLeader(255)) - s0@group-6458135C7B8A: change Leader from null to s2 at term 1 for appendEntries, leader elected after 273ms
2022-08-26 17:03:28,633 [Thread-81] INFO  server.RaftServer$Division (RaftServerImpl.java:requestVote(1212)) - s0@group-6458135C7B8A: receive requestVote(PRE_VOTE, s3, group-6458135C7B8A, 1, (t:1, i:0))
2022-08-26 17:03:28,633 [Thread-81] INFO  impl.VoteContext (VoteContext.java:log(48)) - s0@group-6458135C7B8A-FOLLOWER: reject PRE_VOTE from s3: this server is a follower and still has a valid leader s2
2022-08-26 17:03:28,633 [Thread-81] INFO  server.RaftServer$Division (RaftServerImpl.java:requestVote(1245)) - s0@group-6458135C7B8A replies to PRE_VOTE vote request: s3<-s0#0:FAIL-t1. Peer's state: s0@group-6458135C7B8A:t1, leader=s2, voted=s2, raftlog=Memoized:s0@group-6458135C7B8A-SegmentedRaftLog:OPENED:c0, conf=0: peers:[s3|rpc:localhost:34629|admin:localhost:38947|client:localhost:34343|dataStream:localhost:36131|priority:0|startupRole:FOLLOWER, s4|rpc:localhost:41115|admin:localhost:34281|client:localhost:37581|dataStream:localhost:43601|priority:0|startupRole:FOLLOWER, s0|rpc:localhost:41743|admin:localhost:42389|client:localhost:43463|dataStream:localhost:33005|priority:0|startupRole:FOLLOWER, s1|rpc:localhost:43623|admin:localhost:45655|client:localhost:33463|dataStream:localhost:33813|priority:0|startupRole:FOLLOWER, s2|rpc:localhost:37993|admin:localhost:44397|client:localhost:35825|dataStream:localhost:43663|priority:0|startupRole:FOLLOWER]|listeners:[], old=null
2022-08-26 17:03:28,655 [Thread-82] INFO  server.RaftServer$Division (RaftServerImpl.java:requestVote(1212)) - s0@group-6458135C7B8A: receive requestVote(PRE_VOTE, s1, group-6458135C7B8A, 1, (t:1, i:0))
2022-08-26 17:03:28,655 [Thread-82] INFO  impl.VoteContext (VoteContext.java:log(48)) - s0@group-6458135C7B8A-FOLLOWER: reject PRE_VOTE from s1: this server is a follower and still has a valid leader s2
2022-08-26 17:03:28,655 [Thread-82] INFO  server.RaftServer$Division (RaftServerImpl.java:requestVote(1245)) - s0@group-6458135C7B8A replies to PRE_VOTE vote request: s1<-s0#0:FAIL-t1. Peer's state: s0@group-6458135C7B8A:t1, leader=s2, voted=s2, raftlog=Memoized:s0@group-6458135C7B8A-SegmentedRaftLog:OPENED:c0, conf=0: peers:[s3|rpc:localhost:34629|admin:localhost:38947|client:localhost:34343|dataStream:localhost:36131|priority:0|startupRole:FOLLOWER, s4|rpc:localhost:41115|admin:localhost:34281|client:localhost:37581|dataStream:localhost:43601|priority:0|startupRole:FOLLOWER, s0|rpc:localhost:41743|admin:localhost:42389|client:localhost:43463|dataStream:localhost:33005|priority:0|startupRole:FOLLOWER, s1|rpc:localhost:43623|admin:localhost:45655|client:localhost:33463|dataStream:localhost:33813|priority:0|startupRole:FOLLOWER, s2|rpc:localhost:37993|admin:localhost:44397|client:localhost:35825|dataStream:localhost:43663|priority:0|startupRole:FOLLOWER]|listeners:[], old=null
2022-08-26 17:03:28,825 [Time-limited test] INFO  simulation.TestLeaderElectionWithSimulatedRpc (LeaderElectionTests.java:enforceLeader(248)) - try enforcing leader to s0 but new leader is s2
2022-08-26 17:03:28,825 [Time-limited test] INFO  server.RaftServerConfigKeys (ConfUtils.java:logGet(46)) - raft.server.rpc.timeout.max = 300ms (default)
2022-08-26 17:03:29,186 [s0@group-6458135C7B8A-FollowerState] INFO  impl.FollowerState (FollowerState.java:run(143)) - s0@group-6458135C7B8A-FollowerState: change to CANDIDATE, lastRpcElapsedTime:372714505ns, electionTimeout:281ms
2022-08-26 17:03:29,186 [s0@group-6458135C7B8A-FollowerState] INFO  impl.RoleInfo (RoleInfo.java:shutdownFollowerState(110)) - s0: shutdown s0@group-6458135C7B8A-FollowerState
2022-08-26 17:03:29,187 [s0@group-6458135C7B8A-FollowerState] INFO  server.RaftServer$Division (RaftServerImpl.java:setRole(315)) - s0@group-6458135C7B8A: changes role from  FOLLOWER to CANDIDATE at term 1 for changeToCandidate
2022-08-26 17:03:29,187 [s0@group-6458135C7B8A-FollowerState] INFO  server.RaftServerConfigKeys (ConfUtils.java:logGet(46)) - raft.server.leaderelection.pre-vote = true (default)
2022-08-26 17:03:29,187 [s0@group-6458135C7B8A-FollowerState] INFO  impl.RoleInfo (RoleInfo.java:updateAndGet(139)) - s0: start s0@group-6458135C7B8A-LeaderElection13
2022-08-26 17:03:29,191 [s0@group-6458135C7B8A-LeaderElection13] INFO  server.RaftServer$Division (ServerState.java:setLeader(255)) - s0@group-6458135C7B8A: change Leader from s2 to null at term 1 for PRE_VOTE
2022-08-26 17:03:29,191 [s0@group-6458135C7B8A-LeaderElection13] INFO  impl.LeaderElection (LeaderElection.java:askForVotes(310)) - s0@group-6458135C7B8A-LeaderElection13 PRE_VOTE round 0: submit vote requests at term 1 for 0: peers:[s3|rpc:localhost:34629|admin:localhost:38947|client:localhost:34343|dataStream:localhost:36131|priority:0|startupRole:FOLLOWER, s4|rpc:localhost:41115|admin:localhost:34281|client:localhost:37581|dataStream:localhost:43601|priority:0|startupRole:FOLLOWER, s0|rpc:localhost:41743|admin:localhost:42389|client:localhost:43463|dataStream:localhost:33005|priority:0|startupRole:FOLLOWER, s1|rpc:localhost:43623|admin:localhost:45655|client:localhost:33463|dataStream:localhost:33813|priority:0|startupRole:FOLLOWER, s2|rpc:localhost:37993|admin:localhost:44397|client:localhost:35825|dataStream:localhost:43663|priority:0|startupRole:FOLLOWER]|listeners:[], old=null
2022-08-26 17:03:29,276 [Time-limited test] INFO  server.RaftServerConfigKeys (ConfUtils.java:logGet(46)) - raft.server.rpc.timeout.max = 300ms (default)
2022-08-26 17:03:29,342 [Thread-67] INFO  server.RaftServer$Division (RaftServerImpl.java:requestVote(1212)) - s3@group-6458135C7B8A: receive requestVote(PRE_VOTE, s0, group-6458135C7B8A, 1, (t:1, i:0))
2022-08-26 17:03:29,342 [Thread-90] INFO  server.RaftServer$Division (RaftServerImpl.java:requestVote(1212)) - s1@group-6458135C7B8A: receive requestVote(PRE_VOTE, s0, group-6458135C7B8A, 1, (t:1, i:0))
2022-08-26 17:03:29,342 [Thread-75] INFO  server.RaftServer$Division (RaftServerImpl.java:requestVote(1212)) - s4@group-6458135C7B8A: receive requestVote(PRE_VOTE, s0, group-6458135C7B8A, 1, (t:1, i:0))
2022-08-26 17:03:29,342 [Thread-75] INFO  impl.VoteContext (VoteContext.java:log(48)) - s4@group-6458135C7B8A-FOLLOWER: reject PRE_VOTE from s0: this server is a follower and still has a valid leader s2
2022-08-26 17:03:29,342 [Thread-75] INFO  server.RaftServer$Division (RaftServerImpl.java:requestVote(1245)) - s4@group-6458135C7B8A replies to PRE_VOTE vote request: s0<-s4#0:FAIL-t1. Peer's state: s4@group-6458135C7B8A:t1, leader=s2, voted=s2, raftlog=Memoized:s4@group-6458135C7B8A-SegmentedRaftLog:OPENED:c0, conf=0: peers:[s3|rpc:localhost:34629|admin:localhost:38947|client:localhost:34343|dataStream:localhost:36131|priority:0|startupRole:FOLLOWER, s4|rpc:localhost:41115|admin:localhost:34281|client:localhost:37581|dataStream:localhost:43601|priority:0|startupRole:FOLLOWER, s0|rpc:localhost:41743|admin:localhost:42389|client:localhost:43463|dataStream:localhost:33005|priority:0|startupRole:FOLLOWER, s1|rpc:localhost:43623|admin:localhost:45655|client:localhost:33463|dataStream:localhost:33813|priority:0|startupRole:FOLLOWER, s2|rpc:localhost:37993|admin:localhost:44397|client:localhost:35825|dataStream:localhost:43663|priority:0|startupRole:FOLLOWER]|listeners:[], old=null
2022-08-26 17:03:29,342 [Thread-96] INFO  server.RaftServer$Division (RaftServerImpl.java:requestVote(1212)) - s2@group-6458135C7B8A: receive requestVote(PRE_VOTE, s0, group-6458135C7B8A, 1, (t:1, i:0))
2022-08-26 17:03:29,342 [Thread-67] INFO  impl.VoteContext (VoteContext.java:log(48)) - s3@group-6458135C7B8A-FOLLOWER: reject PRE_VOTE from s0: this server is a follower and still has a valid leader s2
2022-08-26 17:03:29,343 [Thread-96] INFO  impl.VoteContext (VoteContext.java:log(48)) - s2@group-6458135C7B8A-LEADER: reject PRE_VOTE from s0: this server is the leader and still has leadership
2022-08-26 17:03:29,343 [Thread-67] INFO  server.RaftServer$Division (RaftServerImpl.java:requestVote(1245)) - s3@group-6458135C7B8A replies to PRE_VOTE vote request: s0<-s3#0:FAIL-t1. Peer's state: s3@group-6458135C7B8A:t1, leader=s2, voted=s2, raftlog=Memoized:s3@group-6458135C7B8A-SegmentedRaftLog:OPENED:c0, conf=0: peers:[s3|rpc:localhost:34629|admin:localhost:38947|client:localhost:34343|dataStream:localhost:36131|priority:0|startupRole:FOLLOWER, s4|rpc:localhost:41115|admin:localhost:34281|client:localhost:37581|dataStream:localhost:43601|priority:0|startupRole:FOLLOWER, s0|rpc:localhost:41743|admin:localhost:42389|client:localhost:43463|dataStream:localhost:33005|priority:0|startupRole:FOLLOWER, s1|rpc:localhost:43623|admin:localhost:45655|client:localhost:33463|dataStream:localhost:33813|priority:0|startupRole:FOLLOWER, s2|rpc:localhost:37993|admin:localhost:44397|client:localhost:35825|dataStream:localhost:43663|priority:0|startupRole:FOLLOWER]|listeners:[], old=null
2022-08-26 17:03:29,342 [Thread-90] INFO  impl.VoteContext (VoteContext.java:log(48)) - s1@group-6458135C7B8A-FOLLOWER: reject PRE_VOTE from s0: this server is a follower and still has a valid leader s2
2022-08-26 17:03:29,343 [Thread-90] INFO  server.RaftServer$Division (RaftServerImpl.java:requestVote(1245)) - s1@group-6458135C7B8A replies to PRE_VOTE vote request: s0<-s1#0:FAIL-t1. Peer's state: s1@group-6458135C7B8A:t1, leader=s2, voted=s2, raftlog=Memoized:s1@group-6458135C7B8A-SegmentedRaftLog:OPENED:c0, conf=0: peers:[s3|rpc:localhost:34629|admin:localhost:38947|client:localhost:34343|dataStream:localhost:36131|priority:0|startupRole:FOLLOWER, s4|rpc:localhost:41115|admin:localhost:34281|client:localhost:37581|dataStream:localhost:43601|priority:0|startupRole:FOLLOWER, s0|rpc:localhost:41743|admin:localhost:42389|client:localhost:43463|dataStream:localhost:33005|priority:0|startupRole:FOLLOWER, s1|rpc:localhost:43623|admin:localhost:45655|client:localhost:33463|dataStream:localhost:33813|priority:0|startupRole:FOLLOWER, s2|rpc:localhost:37993|admin:localhost:44397|client:localhost:35825|dataStream:localhost:43663|priority:0|startupRole:FOLLOWER]|listeners:[], old=null
2022-08-26 17:03:29,343 [Thread-96] INFO  server.RaftServer$Division (RaftServerImpl.java:requestVote(1245)) - s2@group-6458135C7B8A replies to PRE_VOTE vote request: s0<-s2#0:FAIL-t1. Peer's state: s2@group-6458135C7B8A:t1, leader=s2, voted=s2, raftlog=Memoized:s2@group-6458135C7B8A-SegmentedRaftLog:OPENED:c0, conf=0: peers:[s3|rpc:localhost:34629|admin:localhost:38947|client:localhost:34343|dataStream:localhost:36131|priority:0|startupRole:FOLLOWER, s4|rpc:localhost:41115|admin:localhost:34281|client:localhost:37581|dataStream:localhost:43601|priority:0|startupRole:FOLLOWER, s0|rpc:localhost:41743|admin:localhost:42389|client:localhost:43463|dataStream:localhost:33005|priority:0|startupRole:FOLLOWER, s1|rpc:localhost:43623|admin:localhost:45655|client:localhost:33463|dataStream:localhost:33813|priority:0|startupRole:FOLLOWER, s2|rpc:localhost:37993|admin:localhost:44397|client:localhost:35825|dataStream:localhost:43663|priority:0|startupRole:FOLLOWER]|listeners:[], old=null
2022-08-26 17:03:29,358 [s0@group-6458135C7B8A-LeaderElection13] INFO  impl.LeaderElection (LeaderElection.java:logAndReturn(90)) - s0@group-6458135C7B8A-LeaderElection13: PRE_VOTE REJECTED received 3 response(s) and 0 exception(s):
2022-08-26 17:03:29,358 [s0@group-6458135C7B8A-LeaderElection13] INFO  impl.LeaderElection (LeaderElection.java:logAndReturn(94)) -   Response 0: s0<-s3#0:FAIL-t1
2022-08-26 17:03:29,358 [s0@group-6458135C7B8A-LeaderElection13] INFO  impl.LeaderElection (LeaderElection.java:logAndReturn(94)) -   Response 1: s0<-s4#0:FAIL-t1
2022-08-26 17:03:29,359 [s0@group-6458135C7B8A-LeaderElection13] INFO  impl.LeaderElection (LeaderElection.java:logAndReturn(94)) -   Response 2: s0<-s1#0:FAIL-t1
2022-08-26 17:03:29,359 [s0@group-6458135C7B8A-LeaderElection13] INFO  impl.LeaderElection (LeaderElection.java:askForVotes(312)) - s0@group-6458135C7B8A-LeaderElection13 PRE_VOTE round 0: result REJECTED
2022-08-26 17:03:29,359 [s0@group-6458135C7B8A-LeaderElection13] INFO  server.RaftServer$Division (RaftServerImpl.java:setRole(315)) - s0@group-6458135C7B8A: changes role from CANDIDATE to FOLLOWER at term 1 for REJECTED
2022-08-26 17:03:29,359 [s0@group-6458135C7B8A-LeaderElection13] INFO  impl.RoleInfo (RoleInfo.java:shutdownLeaderElection(130)) - s0: shutdown s0@group-6458135C7B8A-LeaderElection13
2022-08-26 17:03:29,359 [s0@group-6458135C7B8A-LeaderElection13] INFO  impl.RoleInfo (RoleInfo.java:updateAndGet(139)) - s0: start s0@group-6458135C7B8A-FollowerState
2022-08-26 17:03:29,506 [Thread-82] INFO  server.RaftServer$Division (ServerState.java:setLeader(255)) - s0@group-6458135C7B8A: change Leader from null to s2 at term 1 for appendEntries, leader elected after 315ms
2022-08-26 17:03:29,726 [Time-limited test] INFO  simulation.TestLeaderElectionWithSimulatedRpc (LeaderElectionTests.java:enforceLeader(248)) - try enforcing leader to s0 but new leader is s2
2022-08-26 17:03:29,727 [Time-limited test] INFO  server.RaftServerConfigKeys (ConfUtils.java:logGet(46)) - raft.server.rpc.timeout.max = 300ms (default)
2022-08-26 17:03:30,057 [s0@group-6458135C7B8A-FollowerState] INFO  impl.FollowerState (FollowerState.java:run(143)) - s0@group-6458135C7B8A-FollowerState: change to CANDIDATE, lastRpcElapsedTime:368378393ns, electionTimeout:242ms
2022-08-26 17:03:30,057 [s0@group-6458135C7B8A-FollowerState] INFO  impl.RoleInfo (RoleInfo.java:shutdownFollowerState(110)) - s0: shutdown s0@group-6458135C7B8A-FollowerState
2022-08-26 17:03:30,057 [s0@group-6458135C7B8A-FollowerState] INFO  server.RaftServer$Division (RaftServerImpl.java:setRole(315)) - s0@group-6458135C7B8A: changes role from  FOLLOWER to CANDIDATE at term 1 for changeToCandidate
2022-08-26 17:03:30,057 [s0@group-6458135C7B8A-FollowerState] INFO  server.RaftServerConfigKeys (ConfUtils.java:logGet(46)) - raft.server.leaderelection.pre-vote = true (default)
2022-08-26 17:03:30,057 [s0@group-6458135C7B8A-FollowerState] INFO  impl.RoleInfo (RoleInfo.java:updateAndGet(139)) - s0: start s0@group-6458135C7B8A-LeaderElection14
2022-08-26 17:03:30,058 [s0@group-6458135C7B8A-LeaderElection14] INFO  server.RaftServer$Division (ServerState.java:setLeader(255)) - s0@group-6458135C7B8A: change Leader from s2 to null at term 1 for PRE_VOTE
2022-08-26 17:03:30,058 [s0@group-6458135C7B8A-LeaderElection14] INFO  impl.LeaderElection (LeaderElection.java:askForVotes(310)) - s0@group-6458135C7B8A-LeaderElection14 PRE_VOTE round 0: submit vote requests at term 1 for 0: peers:[s3|rpc:localhost:34629|admin:localhost:38947|client:localhost:34343|dataStream:localhost:36131|priority:0|startupRole:FOLLOWER, s4|rpc:localhost:41115|admin:localhost:34281|client:localhost:37581|dataStream:localhost:43601|priority:0|startupRole:FOLLOWER, s0|rpc:localhost:41743|admin:localhost:42389|client:localhost:43463|dataStream:localhost:33005|priority:0|startupRole:FOLLOWER, s1|rpc:localhost:43623|admin:localhost:45655|client:localhost:33463|dataStream:localhost:33813|priority:0|startupRole:FOLLOWER, s2|rpc:localhost:37993|admin:localhost:44397|client:localhost:35825|dataStream:localhost:43663|priority:0|startupRole:FOLLOWER]|listeners:[], old=null
2022-08-26 17:03:30,125 [s4@group-6458135C7B8A-FollowerState] INFO  impl.FollowerState (FollowerState.java:run(143)) - s4@group-6458135C7B8A-FollowerState: change to CANDIDATE, lastRpcElapsedTime:231926377ns, electionTimeout:197ms
2022-08-26 17:03:30,126 [s4@group-6458135C7B8A-FollowerState] INFO  impl.RoleInfo (RoleInfo.java:shutdownFollowerState(110)) - s4: shutdown s4@group-6458135C7B8A-FollowerState
2022-08-26 17:03:30,126 [s4@group-6458135C7B8A-FollowerState] INFO  server.RaftServer$Division (RaftServerImpl.java:setRole(315)) - s4@group-6458135C7B8A: changes role from  FOLLOWER to CANDIDATE at term 1 for changeToCandidate
2022-08-26 17:03:30,126 [s4@group-6458135C7B8A-FollowerState] INFO  server.RaftServerConfigKeys (ConfUtils.java:logGet(46)) - raft.server.leaderelection.pre-vote = true (default)
2022-08-26 17:03:30,126 [s4@group-6458135C7B8A-FollowerState] INFO  impl.RoleInfo (RoleInfo.java:updateAndGet(139)) - s4: start s4@group-6458135C7B8A-LeaderElection15
2022-08-26 17:03:30,127 [s4@group-6458135C7B8A-LeaderElection15] INFO  server.RaftServer$Division (ServerState.java:setLeader(255)) - s4@group-6458135C7B8A: change Leader from s2 to null at term 1 for PRE_VOTE
2022-08-26 17:03:30,127 [s4@group-6458135C7B8A-LeaderElection15] INFO  impl.LeaderElection (LeaderElection.java:askForVotes(310)) - s4@group-6458135C7B8A-LeaderElection15 PRE_VOTE round 0: submit vote requests at term 1 for 0: peers:[s3|rpc:localhost:34629|admin:localhost:38947|client:localhost:34343|dataStream:localhost:36131|priority:0|startupRole:FOLLOWER, s4|rpc:localhost:41115|admin:localhost:34281|client:localhost:37581|dataStream:localhost:43601|priority:0|startupRole:FOLLOWER, s0|rpc:localhost:41743|admin:localhost:42389|client:localhost:43463|dataStream:localhost:33005|priority:0|startupRole:FOLLOWER, s1|rpc:localhost:43623|admin:localhost:45655|client:localhost:33463|dataStream:localhost:33813|priority:0|startupRole:FOLLOWER, s2|rpc:localhost:37993|admin:localhost:44397|client:localhost:35825|dataStream:localhost:43663|priority:0|startupRole:FOLLOWER]|listeners:[], old=null
2022-08-26 17:03:30,135 [Thread-75] INFO  server.RaftServer$Division (RaftServerImpl.java:setRole(315)) - s4@group-6458135C7B8A: changes role from CANDIDATE to FOLLOWER at term 1 for appendEntries
2022-08-26 17:03:30,136 [Thread-75] INFO  impl.RoleInfo (RoleInfo.java:shutdownLeaderElection(130)) - s4: shutdown s4@group-6458135C7B8A-LeaderElection15
2022-08-26 17:03:30,136 [Thread-75] INFO  impl.RoleInfo (RoleInfo.java:updateAndGet(139)) - s4: start s4@group-6458135C7B8A-FollowerState
2022-08-26 17:03:30,136 [Thread-75] INFO  server.RaftServer$Division (ServerState.java:setLeader(255)) - s4@group-6458135C7B8A: change Leader from null to s2 at term 1 for appendEntries, leader elected after 9ms
2022-08-26 17:03:30,177 [Time-limited test] INFO  server.RaftServerConfigKeys (ConfUtils.java:logGet(46)) - raft.server.rpc.timeout.max = 300ms (default)
2022-08-26 17:03:30,209 [Thread-68] INFO  server.RaftServer$Division (RaftServerImpl.java:requestVote(1212)) - s3@group-6458135C7B8A: receive requestVote(PRE_VOTE, s0, group-6458135C7B8A, 1, (t:1, i:0))
2022-08-26 17:03:30,209 [Thread-76] INFO  server.RaftServer$Division (RaftServerImpl.java:requestVote(1212)) - s4@group-6458135C7B8A: receive requestVote(PRE_VOTE, s0, group-6458135C7B8A, 1, (t:1, i:0))
2022-08-26 17:03:30,209 [Thread-88] INFO  server.RaftServer$Division (RaftServerImpl.java:requestVote(1212)) - s1@group-6458135C7B8A: receive requestVote(PRE_VOTE, s0, group-6458135C7B8A, 1, (t:1, i:0))
2022-08-26 17:03:30,209 [Thread-68] INFO  impl.VoteContext (VoteContext.java:log(48)) - s3@group-6458135C7B8A-FOLLOWER: reject PRE_VOTE from s0: this server is a follower and still has a valid leader s2
2022-08-26 17:03:30,209 [Thread-97] INFO  server.RaftServer$Division (RaftServerImpl.java:requestVote(1212)) - s2@group-6458135C7B8A: receive requestVote(PRE_VOTE, s0, group-6458135C7B8A, 1, (t:1, i:0))
2022-08-26 17:03:30,209 [Thread-68] INFO  server.RaftServer$Division (RaftServerImpl.java:requestVote(1245)) - s3@group-6458135C7B8A replies to PRE_VOTE vote request: s0<-s3#0:FAIL-t1. Peer's state: s3@group-6458135C7B8A:t1, leader=s2, voted=s2, raftlog=Memoized:s3@group-6458135C7B8A-SegmentedRaftLog:OPENED:c0, conf=0: peers:[s3|rpc:localhost:34629|admin:localhost:38947|client:localhost:34343|dataStream:localhost:36131|priority:0|startupRole:FOLLOWER, s4|rpc:localhost:41115|admin:localhost:34281|client:localhost:37581|dataStream:localhost:43601|priority:0|startupRole:FOLLOWER, s0|rpc:localhost:41743|admin:localhost:42389|client:localhost:43463|dataStream:localhost:33005|priority:0|startupRole:FOLLOWER, s1|rpc:localhost:43623|admin:localhost:45655|client:localhost:33463|dataStream:localhost:33813|priority:0|startupRole:FOLLOWER, s2|rpc:localhost:37993|admin:localhost:44397|client:localhost:35825|dataStream:localhost:43663|priority:0|startupRole:FOLLOWER]|listeners:[], old=null
2022-08-26 17:03:30,209 [Thread-97] INFO  impl.VoteContext (VoteContext.java:log(48)) - s2@group-6458135C7B8A-LEADER: reject PRE_VOTE from s0: this server is the leader and still has leadership
2022-08-26 17:03:30,209 [Thread-88] INFO  impl.VoteContext (VoteContext.java:log(48)) - s1@group-6458135C7B8A-FOLLOWER: reject PRE_VOTE from s0: this server is a follower and still has a valid leader s2
2022-08-26 17:03:30,210 [Thread-97] INFO  server.RaftServer$Division (RaftServerImpl.java:requestVote(1245)) - s2@group-6458135C7B8A replies to PRE_VOTE vote request: s0<-s2#0:FAIL-t1. Peer's state: s2@group-6458135C7B8A:t1, leader=s2, voted=s2, raftlog=Memoized:s2@group-6458135C7B8A-SegmentedRaftLog:OPENED:c0, conf=0: peers:[s3|rpc:localhost:34629|admin:localhost:38947|client:localhost:34343|dataStream:localhost:36131|priority:0|startupRole:FOLLOWER, s4|rpc:localhost:41115|admin:localhost:34281|client:localhost:37581|dataStream:localhost:43601|priority:0|startupRole:FOLLOWER, s0|rpc:localhost:41743|admin:localhost:42389|client:localhost:43463|dataStream:localhost:33005|priority:0|startupRole:FOLLOWER, s1|rpc:localhost:43623|admin:localhost:45655|client:localhost:33463|dataStream:localhost:33813|priority:0|startupRole:FOLLOWER, s2|rpc:localhost:37993|admin:localhost:44397|client:localhost:35825|dataStream:localhost:43663|priority:0|startupRole:FOLLOWER]|listeners:[], old=null
2022-08-26 17:03:30,210 [Thread-76] INFO  impl.VoteContext (VoteContext.java:log(48)) - s4@group-6458135C7B8A-FOLLOWER: reject PRE_VOTE from s0: this server is a follower and still has a valid leader s2
2022-08-26 17:03:30,210 [Thread-76] INFO  server.RaftServer$Division (RaftServerImpl.java:requestVote(1245)) - s4@group-6458135C7B8A replies to PRE_VOTE vote request: s0<-s4#0:FAIL-t1. Peer's state: s4@group-6458135C7B8A:t1, leader=s2, voted=s2, raftlog=Memoized:s4@group-6458135C7B8A-SegmentedRaftLog:OPENED:c0, conf=0: peers:[s3|rpc:localhost:34629|admin:localhost:38947|client:localhost:34343|dataStream:localhost:36131|priority:0|startupRole:FOLLOWER, s4|rpc:localhost:41115|admin:localhost:34281|client:localhost:37581|dataStream:localhost:43601|priority:0|startupRole:FOLLOWER, s0|rpc:localhost:41743|admin:localhost:42389|client:localhost:43463|dataStream:localhost:33005|priority:0|startupRole:FOLLOWER, s1|rpc:localhost:43623|admin:localhost:45655|client:localhost:33463|dataStream:localhost:33813|priority:0|startupRole:FOLLOWER, s2|rpc:localhost:37993|admin:localhost:44397|client:localhost:35825|dataStream:localhost:43663|priority:0|startupRole:FOLLOWER]|listeners:[], old=null
2022-08-26 17:03:30,210 [Thread-88] INFO  server.RaftServer$Division (RaftServerImpl.java:requestVote(1245)) - s1@group-6458135C7B8A replies to PRE_VOTE vote request: s0<-s1#0:FAIL-t1. Peer's state: s1@group-6458135C7B8A:t1, leader=s2, voted=s2, raftlog=Memoized:s1@group-6458135C7B8A-SegmentedRaftLog:OPENED:c0, conf=0: peers:[s3|rpc:localhost:34629|admin:localhost:38947|client:localhost:34343|dataStream:localhost:36131|priority:0|startupRole:FOLLOWER, s4|rpc:localhost:41115|admin:localhost:34281|client:localhost:37581|dataStream:localhost:43601|priority:0|startupRole:FOLLOWER, s0|rpc:localhost:41743|admin:localhost:42389|client:localhost:43463|dataStream:localhost:33005|priority:0|startupRole:FOLLOWER, s1|rpc:localhost:43623|admin:localhost:45655|client:localhost:33463|dataStream:localhost:33813|priority:0|startupRole:FOLLOWER, s2|rpc:localhost:37993|admin:localhost:44397|client:localhost:35825|dataStream:localhost:43663|priority:0|startupRole:FOLLOWER]|listeners:[], old=null
2022-08-26 17:03:30,228 [s0@group-6458135C7B8A-LeaderElection14] INFO  impl.LeaderElection (LeaderElection.java:logAndReturn(90)) - s0@group-6458135C7B8A-LeaderElection14: PRE_VOTE REJECTED received 3 response(s) and 0 exception(s):
2022-08-26 17:03:30,228 [s0@group-6458135C7B8A-LeaderElection14] INFO  impl.LeaderElection (LeaderElection.java:logAndReturn(94)) -   Response 0: s0<-s4#0:FAIL-t1
2022-08-26 17:03:30,228 [s0@group-6458135C7B8A-LeaderElection14] INFO  impl.LeaderElection (LeaderElection.java:logAndReturn(94)) -   Response 1: s0<-s1#0:FAIL-t1
2022-08-26 17:03:30,228 [s0@group-6458135C7B8A-LeaderElection14] INFO  impl.LeaderElection (LeaderElection.java:logAndReturn(94)) -   Response 2: s0<-s2#0:FAIL-t1
2022-08-26 17:03:30,229 [s0@group-6458135C7B8A-LeaderElection14] INFO  impl.LeaderElection (LeaderElection.java:askForVotes(312)) - s0@group-6458135C7B8A-LeaderElection14 PRE_VOTE round 0: result REJECTED
2022-08-26 17:03:30,229 [s0@group-6458135C7B8A-LeaderElection14] INFO  server.RaftServer$Division (RaftServerImpl.java:setRole(315)) - s0@group-6458135C7B8A: changes role from CANDIDATE to FOLLOWER at term 1 for REJECTED
2022-08-26 17:03:30,229 [s0@group-6458135C7B8A-LeaderElection14] INFO  impl.RoleInfo (RoleInfo.java:shutdownLeaderElection(130)) - s0: shutdown s0@group-6458135C7B8A-LeaderElection14
2022-08-26 17:03:30,229 [s0@group-6458135C7B8A-LeaderElection14] INFO  impl.RoleInfo (RoleInfo.java:updateAndGet(139)) - s0: start s0@group-6458135C7B8A-FollowerState
2022-08-26 17:03:30,277 [Thread-69] INFO  server.RaftServer$Division (RaftServerImpl.java:requestVote(1212)) - s3@group-6458135C7B8A: receive requestVote(PRE_VOTE, s4, group-6458135C7B8A, 1, (t:1, i:0))
2022-08-26 17:03:30,278 [Thread-69] INFO  impl.VoteContext (VoteContext.java:log(48)) - s3@group-6458135C7B8A-FOLLOWER: reject PRE_VOTE from s4: this server is a follower and still has a valid leader s2
2022-08-26 17:03:30,278 [Thread-69] INFO  server.RaftServer$Division (RaftServerImpl.java:requestVote(1245)) - s3@group-6458135C7B8A replies to PRE_VOTE vote request: s4<-s3#0:FAIL-t1. Peer's state: s3@group-6458135C7B8A:t1, leader=s2, voted=s2, raftlog=Memoized:s3@group-6458135C7B8A-SegmentedRaftLog:OPENED:c0, conf=0: peers:[s3|rpc:localhost:34629|admin:localhost:38947|client:localhost:34343|dataStream:localhost:36131|priority:0|startupRole:FOLLOWER, s4|rpc:localhost:41115|admin:localhost:34281|client:localhost:37581|dataStream:localhost:43601|priority:0|startupRole:FOLLOWER, s0|rpc:localhost:41743|admin:localhost:42389|client:localhost:43463|dataStream:localhost:33005|priority:0|startupRole:FOLLOWER, s1|rpc:localhost:43623|admin:localhost:45655|client:localhost:33463|dataStream:localhost:33813|priority:0|startupRole:FOLLOWER, s2|rpc:localhost:37993|admin:localhost:44397|client:localhost:35825|dataStream:localhost:43663|priority:0|startupRole:FOLLOWER]|listeners:[], old=null
2022-08-26 17:03:30,278 [Thread-89] INFO  server.RaftServer$Division (RaftServerImpl.java:requestVote(1212)) - s1@group-6458135C7B8A: receive requestVote(PRE_VOTE, s4, group-6458135C7B8A, 1, (t:1, i:0))
2022-08-26 17:03:30,279 [Thread-89] INFO  impl.VoteContext (VoteContext.java:log(48)) - s1@group-6458135C7B8A-FOLLOWER: reject PRE_VOTE from s4: this server is a follower and still has a valid leader s2
2022-08-26 17:03:30,279 [Thread-89] INFO  server.RaftServer$Division (RaftServerImpl.java:requestVote(1245)) - s1@group-6458135C7B8A replies to PRE_VOTE vote request: s4<-s1#0:FAIL-t1. Peer's state: s1@group-6458135C7B8A:t1, leader=s2, voted=s2, raftlog=Memoized:s1@group-6458135C7B8A-SegmentedRaftLog:OPENED:c0, conf=0: peers:[s3|rpc:localhost:34629|admin:localhost:38947|client:localhost:34343|dataStream:localhost:36131|priority:0|startupRole:FOLLOWER, s4|rpc:localhost:41115|admin:localhost:34281|client:localhost:37581|dataStream:localhost:43601|priority:0|startupRole:FOLLOWER, s0|rpc:localhost:41743|admin:localhost:42389|client:localhost:43463|dataStream:localhost:33005|priority:0|startupRole:FOLLOWER, s1|rpc:localhost:43623|admin:localhost:45655|client:localhost:33463|dataStream:localhost:33813|priority:0|startupRole:FOLLOWER, s2|rpc:localhost:37993|admin:localhost:44397|client:localhost:35825|dataStream:localhost:43663|priority:0|startupRole:FOLLOWER]|listeners:[], old=null
2022-08-26 17:03:30,279 [Thread-95] INFO  server.RaftServer$Division (RaftServerImpl.java:requestVote(1212)) - s2@group-6458135C7B8A: receive requestVote(PRE_VOTE, s4, group-6458135C7B8A, 1, (t:1, i:0))
2022-08-26 17:03:30,279 [Thread-95] INFO  impl.VoteContext (VoteContext.java:log(48)) - s2@group-6458135C7B8A-LEADER: reject PRE_VOTE from s4: this server is the leader and still has leadership
2022-08-26 17:03:30,279 [Thread-95] INFO  server.RaftServer$Division (RaftServerImpl.java:requestVote(1245)) - s2@group-6458135C7B8A replies to PRE_VOTE vote request: s4<-s2#0:FAIL-t1. Peer's state: s2@group-6458135C7B8A:t1, leader=s2, voted=s2, raftlog=Memoized:s2@group-6458135C7B8A-SegmentedRaftLog:OPENED:c0, conf=0: peers:[s3|rpc:localhost:34629|admin:localhost:38947|client:localhost:34343|dataStream:localhost:36131|priority:0|startupRole:FOLLOWER, s4|rpc:localhost:41115|admin:localhost:34281|client:localhost:37581|dataStream:localhost:43601|priority:0|startupRole:FOLLOWER, s0|rpc:localhost:41743|admin:localhost:42389|client:localhost:43463|dataStream:localhost:33005|priority:0|startupRole:FOLLOWER, s1|rpc:localhost:43623|admin:localhost:45655|client:localhost:33463|dataStream:localhost:33813|priority:0|startupRole:FOLLOWER, s2|rpc:localhost:37993|admin:localhost:44397|client:localhost:35825|dataStream:localhost:43663|priority:0|startupRole:FOLLOWER]|listeners:[], old=null
2022-08-26 17:03:30,288 [s4@group-6458135C7B8A-LeaderElection15] INFO  impl.LeaderElection (LeaderElection.java:logAndReturn(90)) - s4@group-6458135C7B8A-LeaderElection15: PRE_VOTE REJECTED received 1 response(s) and 0 exception(s):
2022-08-26 17:03:30,288 [s4@group-6458135C7B8A-LeaderElection15] INFO  impl.LeaderElection (LeaderElection.java:logAndReturn(94)) -   Response 0: s4<-s3#0:FAIL-t1
2022-08-26 17:03:30,288 [s4@group-6458135C7B8A-LeaderElection15] INFO  impl.LeaderElection (LeaderElection.java:askForVotes(312)) - s4@group-6458135C7B8A-LeaderElection15 PRE_VOTE round 0: result REJECTED
2022-08-26 17:03:30,379 [Thread-82] INFO  server.RaftServer$Division (ServerState.java:setLeader(255)) - s0@group-6458135C7B8A: change Leader from null to s2 at term 1 for appendEntries, leader elected after 320ms
2022-08-26 17:03:30,428 [Thread-83] INFO  server.RaftServer$Division (RaftServerImpl.java:requestVote(1212)) - s0@group-6458135C7B8A: receive requestVote(PRE_VOTE, s4, group-6458135C7B8A, 1, (t:1, i:0))
2022-08-26 17:03:30,428 [Thread-83] INFO  impl.VoteContext (VoteContext.java:log(48)) - s0@group-6458135C7B8A-FOLLOWER: reject PRE_VOTE from s4: this server is a follower and still has a valid leader s2
2022-08-26 17:03:30,428 [Thread-83] INFO  server.RaftServer$Division (RaftServerImpl.java:requestVote(1245)) - s0@group-6458135C7B8A replies to PRE_VOTE vote request: s4<-s0#0:FAIL-t1. Peer's state: s0@group-6458135C7B8A:t1, leader=s2, voted=s2, raftlog=Memoized:s0@group-6458135C7B8A-SegmentedRaftLog:OPENED:c0, conf=0: peers:[s3|rpc:localhost:34629|admin:localhost:38947|client:localhost:34343|dataStream:localhost:36131|priority:0|startupRole:FOLLOWER, s4|rpc:localhost:41115|admin:localhost:34281|client:localhost:37581|dataStream:localhost:43601|priority:0|startupRole:FOLLOWER, s0|rpc:localhost:41743|admin:localhost:42389|client:localhost:43463|dataStream:localhost:33005|priority:0|startupRole:FOLLOWER, s1|rpc:localhost:43623|admin:localhost:45655|client:localhost:33463|dataStream:localhost:33813|priority:0|startupRole:FOLLOWER, s2|rpc:localhost:37993|admin:localhost:44397|client:localhost:35825|dataStream:localhost:43663|priority:0|startupRole:FOLLOWER]|listeners:[], old=null
2022-08-26 17:03:30,627 [Time-limited test] INFO  simulation.TestLeaderElectionWithSimulatedRpc (LeaderElectionTests.java:enforceLeader(248)) - try enforcing leader to s0 but new leader is s2
2022-08-26 17:03:30,628 [Time-limited test] INFO  server.RaftServerConfigKeys (ConfUtils.java:logGet(46)) - raft.server.rpc.timeout.max = 300ms (default)
2022-08-26 17:03:30,804 [s4@group-6458135C7B8A-FollowerState] INFO  impl.FollowerState (FollowerState.java:run(143)) - s4@group-6458135C7B8A-FollowerState: change to CANDIDATE, lastRpcElapsedTime:204839079ns, electionTimeout:178ms
2022-08-26 17:03:30,804 [s4@group-6458135C7B8A-FollowerState] INFO  impl.RoleInfo (RoleInfo.java:shutdownFollowerState(110)) - s4: shutdown s4@group-6458135C7B8A-FollowerState
2022-08-26 17:03:30,804 [s4@group-6458135C7B8A-FollowerState] INFO  server.RaftServer$Division (RaftServerImpl.java:setRole(315)) - s4@group-6458135C7B8A: changes role from  FOLLOWER to CANDIDATE at term 1 for changeToCandidate
2022-08-26 17:03:30,804 [s4@group-6458135C7B8A-FollowerState] INFO  server.RaftServerConfigKeys (ConfUtils.java:logGet(46)) - raft.server.leaderelection.pre-vote = true (default)
2022-08-26 17:03:30,804 [s4@group-6458135C7B8A-FollowerState] INFO  impl.RoleInfo (RoleInfo.java:updateAndGet(139)) - s4: start s4@group-6458135C7B8A-LeaderElection16
2022-08-26 17:03:30,807 [s4@group-6458135C7B8A-LeaderElection16] INFO  server.RaftServer$Division (ServerState.java:setLeader(255)) - s4@group-6458135C7B8A: change Leader from s2 to null at term 1 for PRE_VOTE
2022-08-26 17:03:30,807 [s4@group-6458135C7B8A-LeaderElection16] INFO  impl.LeaderElection (LeaderElection.java:askForVotes(310)) - s4@group-6458135C7B8A-LeaderElection16 PRE_VOTE round 0: submit vote requests at term 1 for 0: peers:[s3|rpc:localhost:34629|admin:localhost:38947|client:localhost:34343|dataStream:localhost:36131|priority:0|startupRole:FOLLOWER, s4|rpc:localhost:41115|admin:localhost:34281|client:localhost:37581|dataStream:localhost:43601|priority:0|startupRole:FOLLOWER, s0|rpc:localhost:41743|admin:localhost:42389|client:localhost:43463|dataStream:localhost:33005|priority:0|startupRole:FOLLOWER, s1|rpc:localhost:43623|admin:localhost:45655|client:localhost:33463|dataStream:localhost:33813|priority:0|startupRole:FOLLOWER, s2|rpc:localhost:37993|admin:localhost:44397|client:localhost:35825|dataStream:localhost:43663|priority:0|startupRole:FOLLOWER]|listeners:[], old=null
2022-08-26 17:03:30,842 [Thread-76] INFO  server.RaftServer$Division (RaftServerImpl.java:setRole(315)) - s4@group-6458135C7B8A: changes role from CANDIDATE to FOLLOWER at term 1 for appendEntries
2022-08-26 17:03:30,842 [Thread-76] INFO  impl.RoleInfo (RoleInfo.java:shutdownLeaderElection(130)) - s4: shutdown s4@group-6458135C7B8A-LeaderElection16
2022-08-26 17:03:30,842 [Thread-76] INFO  impl.RoleInfo (RoleInfo.java:updateAndGet(139)) - s4: start s4@group-6458135C7B8A-FollowerState
2022-08-26 17:03:30,842 [Thread-76] INFO  server.RaftServer$Division (ServerState.java:setLeader(255)) - s4@group-6458135C7B8A: change Leader from null to s2 at term 1 for appendEntries, leader elected after 35ms
2022-08-26 17:03:30,951 [s0@group-6458135C7B8A-FollowerState] INFO  impl.FollowerState (FollowerState.java:run(143)) - s0@group-6458135C7B8A-FollowerState: change to CANDIDATE, lastRpcElapsedTime:388154503ns, electionTimeout:266ms
2022-08-26 17:03:30,951 [s0@group-6458135C7B8A-FollowerState] INFO  impl.RoleInfo (RoleInfo.java:shutdownFollowerState(110)) - s0: shutdown s0@group-6458135C7B8A-FollowerState
2022-08-26 17:03:30,951 [s0@group-6458135C7B8A-FollowerState] INFO  server.RaftServer$Division (RaftServerImpl.java:setRole(315)) - s0@group-6458135C7B8A: changes role from  FOLLOWER to CANDIDATE at term 1 for changeToCandidate
2022-08-26 17:03:30,951 [s0@group-6458135C7B8A-FollowerState] INFO  server.RaftServerConfigKeys (ConfUtils.java:logGet(46)) - raft.server.leaderelection.pre-vote = true (default)
2022-08-26 17:03:30,952 [s0@group-6458135C7B8A-FollowerState] INFO  impl.RoleInfo (RoleInfo.java:updateAndGet(139)) - s0: start s0@group-6458135C7B8A-LeaderElection17
2022-08-26 17:03:30,952 [s0@group-6458135C7B8A-LeaderElection17] INFO  server.RaftServer$Division (ServerState.java:setLeader(255)) - s0@group-6458135C7B8A: change Leader from s2 to null at term 1 for PRE_VOTE
2022-08-26 17:03:30,952 [s0@group-6458135C7B8A-LeaderElection17] INFO  impl.LeaderElection (LeaderElection.java:askForVotes(310)) - s0@group-6458135C7B8A-LeaderElection17 PRE_VOTE round 0: submit vote requests at term 1 for 0: peers:[s3|rpc:localhost:34629|admin:localhost:38947|client:localhost:34343|dataStream:localhost:36131|priority:0|startupRole:FOLLOWER, s4|rpc:localhost:41115|admin:localhost:34281|client:localhost:37581|dataStream:localhost:43601|priority:0|startupRole:FOLLOWER, s0|rpc:localhost:41743|admin:localhost:42389|client:localhost:43463|dataStream:localhost:33005|priority:0|startupRole:FOLLOWER, s1|rpc:localhost:43623|admin:localhost:45655|client:localhost:33463|dataStream:localhost:33813|priority:0|startupRole:FOLLOWER, s2|rpc:localhost:37993|admin:localhost:44397|client:localhost:35825|dataStream:localhost:43663|priority:0|startupRole:FOLLOWER]|listeners:[], old=null
2022-08-26 17:03:30,957 [Thread-69] INFO  server.RaftServer$Division (RaftServerImpl.java:requestVote(1212)) - s3@group-6458135C7B8A: receive requestVote(PRE_VOTE, s4, group-6458135C7B8A, 1, (t:1, i:0))
2022-08-26 17:03:30,958 [Thread-69] INFO  impl.VoteContext (VoteContext.java:log(48)) - s3@group-6458135C7B8A-FOLLOWER: reject PRE_VOTE from s4: this server is a follower and still has a valid leader s2
2022-08-26 17:03:30,958 [Thread-89] INFO  server.RaftServer$Division (RaftServerImpl.java:requestVote(1212)) - s1@group-6458135C7B8A: receive requestVote(PRE_VOTE, s4, group-6458135C7B8A, 1, (t:1, i:0))
2022-08-26 17:03:30,958 [Thread-69] INFO  server.RaftServer$Division (RaftServerImpl.java:requestVote(1245)) - s3@group-6458135C7B8A replies to PRE_VOTE vote request: s4<-s3#0:FAIL-t1. Peer's state: s3@group-6458135C7B8A:t1, leader=s2, voted=s2, raftlog=Memoized:s3@group-6458135C7B8A-SegmentedRaftLog:OPENED:c0, conf=0: peers:[s3|rpc:localhost:34629|admin:localhost:38947|client:localhost:34343|dataStream:localhost:36131|priority:0|startupRole:FOLLOWER, s4|rpc:localhost:41115|admin:localhost:34281|client:localhost:37581|dataStream:localhost:43601|priority:0|startupRole:FOLLOWER, s0|rpc:localhost:41743|admin:localhost:42389|client:localhost:43463|dataStream:localhost:33005|priority:0|startupRole:FOLLOWER, s1|rpc:localhost:43623|admin:localhost:45655|client:localhost:33463|dataStream:localhost:33813|priority:0|startupRole:FOLLOWER, s2|rpc:localhost:37993|admin:localhost:44397|client:localhost:35825|dataStream:localhost:43663|priority:0|startupRole:FOLLOWER]|listeners:[], old=null
2022-08-26 17:03:30,958 [Thread-89] INFO  impl.VoteContext (VoteContext.java:log(48)) - s1@group-6458135C7B8A-FOLLOWER: reject PRE_VOTE from s4: this server is a follower and still has a valid leader s2
2022-08-26 17:03:30,958 [Thread-89] INFO  server.RaftServer$Division (RaftServerImpl.java:requestVote(1245)) - s1@group-6458135C7B8A replies to PRE_VOTE vote request: s4<-s1#0:FAIL-t1. Peer's state: s1@group-6458135C7B8A:t1, leader=s2, voted=s2, raftlog=Memoized:s1@group-6458135C7B8A-SegmentedRaftLog:OPENED:c0, conf=0: peers:[s3|rpc:localhost:34629|admin:localhost:38947|client:localhost:34343|dataStream:localhost:36131|priority:0|startupRole:FOLLOWER, s4|rpc:localhost:41115|admin:localhost:34281|client:localhost:37581|dataStream:localhost:43601|priority:0|startupRole:FOLLOWER, s0|rpc:localhost:41743|admin:localhost:42389|client:localhost:43463|dataStream:localhost:33005|priority:0|startupRole:FOLLOWER, s1|rpc:localhost:43623|admin:localhost:45655|client:localhost:33463|dataStream:localhost:33813|priority:0|startupRole:FOLLOWER, s2|rpc:localhost:37993|admin:localhost:44397|client:localhost:35825|dataStream:localhost:43663|priority:0|startupRole:FOLLOWER]|listeners:[], old=null
2022-08-26 17:03:30,959 [Thread-96] INFO  server.RaftServer$Division (RaftServerImpl.java:requestVote(1212)) - s2@group-6458135C7B8A: receive requestVote(PRE_VOTE, s4, group-6458135C7B8A, 1, (t:1, i:0))
2022-08-26 17:03:30,959 [Thread-96] INFO  impl.VoteContext (VoteContext.java:log(48)) - s2@group-6458135C7B8A-LEADER: reject PRE_VOTE from s4: this server is the leader and still has leadership
2022-08-26 17:03:30,959 [Thread-96] INFO  server.RaftServer$Division (RaftServerImpl.java:requestVote(1245)) - s2@group-6458135C7B8A replies to PRE_VOTE vote request: s4<-s2#0:FAIL-t1. Peer's state: s2@group-6458135C7B8A:t1, leader=s2, voted=s2, raftlog=Memoized:s2@group-6458135C7B8A-SegmentedRaftLog:OPENED:c0, conf=0: peers:[s3|rpc:localhost:34629|admin:localhost:38947|client:localhost:34343|dataStream:localhost:36131|priority:0|startupRole:FOLLOWER, s4|rpc:localhost:41115|admin:localhost:34281|client:localhost:37581|dataStream:localhost:43601|priority:0|startupRole:FOLLOWER, s0|rpc:localhost:41743|admin:localhost:42389|client:localhost:43463|dataStream:localhost:33005|priority:0|startupRole:FOLLOWER, s1|rpc:localhost:43623|admin:localhost:45655|client:localhost:33463|dataStream:localhost:33813|priority:0|startupRole:FOLLOWER, s2|rpc:localhost:37993|admin:localhost:44397|client:localhost:35825|dataStream:localhost:43663|priority:0|startupRole:FOLLOWER]|listeners:[], old=null
2022-08-26 17:03:30,959 [s4@group-6458135C7B8A-LeaderElection16] INFO  impl.LeaderElection (LeaderElection.java:logAndReturn(90)) - s4@group-6458135C7B8A-LeaderElection16: PRE_VOTE REJECTED received 0 response(s) and 0 exception(s):
2022-08-26 17:03:30,959 [s4@group-6458135C7B8A-LeaderElection16] INFO  impl.LeaderElection (LeaderElection.java:askForVotes(312)) - s4@group-6458135C7B8A-LeaderElection16 PRE_VOTE round 0: result REJECTED
2022-08-26 17:03:31,067 [s4@group-6458135C7B8A-FollowerState] INFO  impl.FollowerState (FollowerState.java:run(143)) - s4@group-6458135C7B8A-FollowerState: change to CANDIDATE, lastRpcElapsedTime:225069400ns, electionTimeout:225ms
2022-08-26 17:03:31,067 [s4@group-6458135C7B8A-FollowerState] INFO  impl.RoleInfo (RoleInfo.java:shutdownFollowerState(110)) - s4: shutdown s4@group-6458135C7B8A-FollowerState
2022-08-26 17:03:31,068 [s4@group-6458135C7B8A-FollowerState] INFO  server.RaftServer$Division (RaftServerImpl.java:setRole(315)) - s4@group-6458135C7B8A: changes role from  FOLLOWER to CANDIDATE at term 1 for changeToCandidate
2022-08-26 17:03:31,068 [s4@group-6458135C7B8A-FollowerState] INFO  server.RaftServerConfigKeys (ConfUtils.java:logGet(46)) - raft.server.leaderelection.pre-vote = true (default)
2022-08-26 17:03:31,068 [s4@group-6458135C7B8A-FollowerState] INFO  impl.RoleInfo (RoleInfo.java:updateAndGet(139)) - s4: start s4@group-6458135C7B8A-LeaderElection18
2022-08-26 17:03:31,070 [s4@group-6458135C7B8A-LeaderElection18] INFO  server.RaftServer$Division (ServerState.java:setLeader(255)) - s4@group-6458135C7B8A: change Leader from s2 to null at term 1 for PRE_VOTE
2022-08-26 17:03:31,070 [s4@group-6458135C7B8A-LeaderElection18] INFO  impl.LeaderElection (LeaderElection.java:askForVotes(310)) - s4@group-6458135C7B8A-LeaderElection18 PRE_VOTE round 0: submit vote requests at term 1 for 0: peers:[s3|rpc:localhost:34629|admin:localhost:38947|client:localhost:34343|dataStream:localhost:36131|priority:0|startupRole:FOLLOWER, s4|rpc:localhost:41115|admin:localhost:34281|client:localhost:37581|dataStream:localhost:43601|priority:0|startupRole:FOLLOWER, s0|rpc:localhost:41743|admin:localhost:42389|client:localhost:43463|dataStream:localhost:33005|priority:0|startupRole:FOLLOWER, s1|rpc:localhost:43623|admin:localhost:45655|client:localhost:33463|dataStream:localhost:33813|priority:0|startupRole:FOLLOWER, s2|rpc:localhost:37993|admin:localhost:44397|client:localhost:35825|dataStream:localhost:43663|priority:0|startupRole:FOLLOWER]|listeners:[], old=null
2022-08-26 17:03:31,078 [Time-limited test] INFO  server.RaftServerConfigKeys (ConfUtils.java:logGet(46)) - raft.server.rpc.timeout.max = 300ms (default)
2022-08-26 17:03:31,081 [Thread-74] INFO  server.RaftServer$Division (RaftServerImpl.java:setRole(315)) - s4@group-6458135C7B8A: changes role from CANDIDATE to FOLLOWER at term 1 for appendEntries
2022-08-26 17:03:31,081 [Thread-74] INFO  impl.RoleInfo (RoleInfo.java:shutdownLeaderElection(130)) - s4: shutdown s4@group-6458135C7B8A-LeaderElection18
2022-08-26 17:03:31,081 [Thread-74] INFO  impl.RoleInfo (RoleInfo.java:updateAndGet(139)) - s4: start s4@group-6458135C7B8A-FollowerState
2022-08-26 17:03:31,081 [Thread-74] INFO  server.RaftServer$Division (ServerState.java:setLeader(255)) - s4@group-6458135C7B8A: change Leader from null to s2 at term 1 for appendEntries, leader elected after 11ms
2022-08-26 17:03:31,103 [Thread-75] INFO  server.RaftServer$Division (RaftServerImpl.java:requestVote(1212)) - s4@group-6458135C7B8A: receive requestVote(PRE_VOTE, s0, group-6458135C7B8A, 1, (t:1, i:0))
2022-08-26 17:03:31,103 [Thread-75] INFO  impl.VoteContext (VoteContext.java:log(48)) - s4@group-6458135C7B8A-FOLLOWER: reject PRE_VOTE from s0: this server is a follower and still has a valid leader s2
2022-08-26 17:03:31,103 [Thread-97] INFO  server.RaftServer$Division (RaftServerImpl.java:requestVote(1212)) - s2@group-6458135C7B8A: receive requestVote(PRE_VOTE, s0, group-6458135C7B8A, 1, (t:1, i:0))
2022-08-26 17:03:31,104 [Thread-97] INFO  impl.VoteContext (VoteContext.java:log(48)) - s2@group-6458135C7B8A-LEADER: reject PRE_VOTE from s0: this server is the leader and still has leadership
2022-08-26 17:03:31,104 [Thread-97] INFO  server.RaftServer$Division (RaftServerImpl.java:requestVote(1245)) - s2@group-6458135C7B8A replies to PRE_VOTE vote request: s0<-s2#0:FAIL-t1. Peer's state: s2@group-6458135C7B8A:t1, leader=s2, voted=s2, raftlog=Memoized:s2@group-6458135C7B8A-SegmentedRaftLog:OPENED:c0, conf=0: peers:[s3|rpc:localhost:34629|admin:localhost:38947|client:localhost:34343|dataStream:localhost:36131|priority:0|startupRole:FOLLOWER, s4|rpc:localhost:41115|admin:localhost:34281|client:localhost:37581|dataStream:localhost:43601|priority:0|startupRole:FOLLOWER, s0|rpc:localhost:41743|admin:localhost:42389|client:localhost:43463|dataStream:localhost:33005|priority:0|startupRole:FOLLOWER, s1|rpc:localhost:43623|admin:localhost:45655|client:localhost:33463|dataStream:localhost:33813|priority:0|startupRole:FOLLOWER, s2|rpc:localhost:37993|admin:localhost:44397|client:localhost:35825|dataStream:localhost:43663|priority:0|startupRole:FOLLOWER]|listeners:[], old=null
2022-08-26 17:03:31,103 [Thread-67] INFO  server.RaftServer$Division (RaftServerImpl.java:requestVote(1212)) - s3@group-6458135C7B8A: receive requestVote(PRE_VOTE, s0, group-6458135C7B8A, 1, (t:1, i:0))
2022-08-26 17:03:31,104 [Thread-67] INFO  impl.VoteContext (VoteContext.java:log(48)) - s3@group-6458135C7B8A-FOLLOWER: reject PRE_VOTE from s0: this server is a follower and still has a valid leader s2
2022-08-26 17:03:31,103 [Thread-90] INFO  server.RaftServer$Division (RaftServerImpl.java:requestVote(1212)) - s1@group-6458135C7B8A: receive requestVote(PRE_VOTE, s0, group-6458135C7B8A, 1, (t:1, i:0))
2022-08-26 17:03:31,104 [Thread-90] INFO  impl.VoteContext (VoteContext.java:log(48)) - s1@group-6458135C7B8A-FOLLOWER: reject PRE_VOTE from s0: this server is a follower and still has a valid leader s2
2022-08-26 17:03:31,104 [Thread-90] INFO  server.RaftServer$Division (RaftServerImpl.java:requestVote(1245)) - s1@group-6458135C7B8A replies to PRE_VOTE vote request: s0<-s1#0:FAIL-t1. Peer's state: s1@group-6458135C7B8A:t1, leader=s2, voted=s2, raftlog=Memoized:s1@group-6458135C7B8A-SegmentedRaftLog:OPENED:c0, conf=0: peers:[s3|rpc:localhost:34629|admin:localhost:38947|client:localhost:34343|dataStream:localhost:36131|priority:0|startupRole:FOLLOWER, s4|rpc:localhost:41115|admin:localhost:34281|client:localhost:37581|dataStream:localhost:43601|priority:0|startupRole:FOLLOWER, s0|rpc:localhost:41743|admin:localhost:42389|client:localhost:43463|dataStream:localhost:33005|priority:0|startupRole:FOLLOWER, s1|rpc:localhost:43623|admin:localhost:45655|client:localhost:33463|dataStream:localhost:33813|priority:0|startupRole:FOLLOWER, s2|rpc:localhost:37993|admin:localhost:44397|client:localhost:35825|dataStream:localhost:43663|priority:0|startupRole:FOLLOWER]|listeners:[], old=null
2022-08-26 17:03:31,104 [Thread-67] INFO  server.RaftServer$Division (RaftServerImpl.java:requestVote(1245)) - s3@group-6458135C7B8A replies to PRE_VOTE vote request: s0<-s3#0:FAIL-t1. Peer's state: s3@group-6458135C7B8A:t1, leader=s2, voted=s2, raftlog=Memoized:s3@group-6458135C7B8A-SegmentedRaftLog:OPENED:c0, conf=0: peers:[s3|rpc:localhost:34629|admin:localhost:38947|client:localhost:34343|dataStream:localhost:36131|priority:0|startupRole:FOLLOWER, s4|rpc:localhost:41115|admin:localhost:34281|client:localhost:37581|dataStream:localhost:43601|priority:0|startupRole:FOLLOWER, s0|rpc:localhost:41743|admin:localhost:42389|client:localhost:43463|dataStream:localhost:33005|priority:0|startupRole:FOLLOWER, s1|rpc:localhost:43623|admin:localhost:45655|client:localhost:33463|dataStream:localhost:33813|priority:0|startupRole:FOLLOWER, s2|rpc:localhost:37993|admin:localhost:44397|client:localhost:35825|dataStream:localhost:43663|priority:0|startupRole:FOLLOWER]|listeners:[], old=null
2022-08-26 17:03:31,103 [Thread-75] INFO  server.RaftServer$Division (RaftServerImpl.java:requestVote(1245)) - s4@group-6458135C7B8A replies to PRE_VOTE vote request: s0<-s4#0:FAIL-t1. Peer's state: s4@group-6458135C7B8A:t1, leader=s2, voted=s2, raftlog=Memoized:s4@group-6458135C7B8A-SegmentedRaftLog:OPENED:c0, conf=0: peers:[s3|rpc:localhost:34629|admin:localhost:38947|client:localhost:34343|dataStream:localhost:36131|priority:0|startupRole:FOLLOWER, s4|rpc:localhost:41115|admin:localhost:34281|client:localhost:37581|dataStream:localhost:43601|priority:0|startupRole:FOLLOWER, s0|rpc:localhost:41743|admin:localhost:42389|client:localhost:43463|dataStream:localhost:33005|priority:0|startupRole:FOLLOWER, s1|rpc:localhost:43623|admin:localhost:45655|client:localhost:33463|dataStream:localhost:33813|priority:0|startupRole:FOLLOWER, s2|rpc:localhost:37993|admin:localhost:44397|client:localhost:35825|dataStream:localhost:43663|priority:0|startupRole:FOLLOWER]|listeners:[], old=null
2022-08-26 17:03:31,109 [Thread-83] INFO  server.RaftServer$Division (RaftServerImpl.java:requestVote(1212)) - s0@group-6458135C7B8A: receive requestVote(PRE_VOTE, s4, group-6458135C7B8A, 1, (t:1, i:0))
2022-08-26 17:03:31,109 [Thread-83] INFO  impl.VoteContext (VoteContext.java:log(48)) - s0@group-6458135C7B8A-CANDIDATE: accept PRE_VOTE from s4: our priority 0 <= candidate's priority 0
2022-08-26 17:03:31,109 [Thread-83] INFO  server.RaftServer$Division (RaftServerImpl.java:requestVote(1245)) - s0@group-6458135C7B8A replies to PRE_VOTE vote request: s4<-s0#0:OK-t1. Peer's state: s0@group-6458135C7B8A:t1, leader=null, voted=s2, raftlog=Memoized:s0@group-6458135C7B8A-SegmentedRaftLog:OPENED:c0, conf=0: peers:[s3|rpc:localhost:34629|admin:localhost:38947|client:localhost:34343|dataStream:localhost:36131|priority:0|startupRole:FOLLOWER, s4|rpc:localhost:41115|admin:localhost:34281|client:localhost:37581|dataStream:localhost:43601|priority:0|startupRole:FOLLOWER, s0|rpc:localhost:41743|admin:localhost:42389|client:localhost:43463|dataStream:localhost:33005|priority:0|startupRole:FOLLOWER, s1|rpc:localhost:43623|admin:localhost:45655|client:localhost:33463|dataStream:localhost:33813|priority:0|startupRole:FOLLOWER, s2|rpc:localhost:37993|admin:localhost:44397|client:localhost:35825|dataStream:localhost:43663|priority:0|startupRole:FOLLOWER]|listeners:[], old=null
2022-08-26 17:03:31,119 [s0@group-6458135C7B8A-LeaderElection17] INFO  impl.LeaderElection (LeaderElection.java:logAndReturn(90)) - s0@group-6458135C7B8A-LeaderElection17: PRE_VOTE REJECTED received 3 response(s) and 0 exception(s):
2022-08-26 17:03:31,120 [s0@group-6458135C7B8A-LeaderElection17] INFO  impl.LeaderElection (LeaderElection.java:logAndReturn(94)) -   Response 0: s0<-s3#0:FAIL-t1
2022-08-26 17:03:31,120 [s0@group-6458135C7B8A-LeaderElection17] INFO  impl.LeaderElection (LeaderElection.java:logAndReturn(94)) -   Response 1: s0<-s1#0:FAIL-t1
2022-08-26 17:03:31,120 [s0@group-6458135C7B8A-LeaderElection17] INFO  impl.LeaderElection (LeaderElection.java:logAndReturn(94)) -   Response 2: s0<-s2#0:FAIL-t1
2022-08-26 17:03:31,120 [s0@group-6458135C7B8A-LeaderElection17] INFO  impl.LeaderElection (LeaderElection.java:askForVotes(312)) - s0@group-6458135C7B8A-LeaderElection17 PRE_VOTE round 0: result REJECTED
2022-08-26 17:03:31,120 [s0@group-6458135C7B8A-LeaderElection17] INFO  server.RaftServer$Division (RaftServerImpl.java:setRole(315)) - s0@group-6458135C7B8A: changes role from CANDIDATE to FOLLOWER at term 1 for REJECTED
2022-08-26 17:03:31,120 [s0@group-6458135C7B8A-LeaderElection17] INFO  impl.RoleInfo (RoleInfo.java:shutdownLeaderElection(130)) - s0: shutdown s0@group-6458135C7B8A-LeaderElection17
2022-08-26 17:03:31,120 [s0@group-6458135C7B8A-LeaderElection17] INFO  impl.RoleInfo (RoleInfo.java:updateAndGet(139)) - s0: start s0@group-6458135C7B8A-FollowerState
2022-08-26 17:03:31,221 [Thread-69] INFO  server.RaftServer$Division (RaftServerImpl.java:requestVote(1212)) - s3@group-6458135C7B8A: receive requestVote(PRE_VOTE, s4, group-6458135C7B8A, 1, (t:1, i:0))
2022-08-26 17:03:31,221 [Thread-69] INFO  impl.VoteContext (VoteContext.java:log(48)) - s3@group-6458135C7B8A-FOLLOWER: reject PRE_VOTE from s4: this server is a follower and still has a valid leader s2
2022-08-26 17:03:31,221 [Thread-69] INFO  server.RaftServer$Division (RaftServerImpl.java:requestVote(1245)) - s3@group-6458135C7B8A replies to PRE_VOTE vote request: s4<-s3#0:FAIL-t1. Peer's state: s3@group-6458135C7B8A:t1, leader=s2, voted=s2, raftlog=Memoized:s3@group-6458135C7B8A-SegmentedRaftLog:OPENED:c0, conf=0: peers:[s3|rpc:localhost:34629|admin:localhost:38947|client:localhost:34343|dataStream:localhost:36131|priority:0|startupRole:FOLLOWER, s4|rpc:localhost:41115|admin:localhost:34281|client:localhost:37581|dataStream:localhost:43601|priority:0|startupRole:FOLLOWER, s0|rpc:localhost:41743|admin:localhost:42389|client:localhost:43463|dataStream:localhost:33005|priority:0|startupRole:FOLLOWER, s1|rpc:localhost:43623|admin:localhost:45655|client:localhost:33463|dataStream:localhost:33813|priority:0|startupRole:FOLLOWER, s2|rpc:localhost:37993|admin:localhost:44397|client:localhost:35825|dataStream:localhost:43663|priority:0|startupRole:FOLLOWER]|listeners:[], old=null
2022-08-26 17:03:31,221 [Thread-95] INFO  server.RaftServer$Division (RaftServerImpl.java:requestVote(1212)) - s2@group-6458135C7B8A: receive requestVote(PRE_VOTE, s4, group-6458135C7B8A, 1, (t:1, i:0))
2022-08-26 17:03:31,221 [Thread-95] INFO  impl.VoteContext (VoteContext.java:log(48)) - s2@group-6458135C7B8A-LEADER: reject PRE_VOTE from s4: this server is the leader and still has leadership
2022-08-26 17:03:31,221 [Thread-89] INFO  server.RaftServer$Division (RaftServerImpl.java:requestVote(1212)) - s1@group-6458135C7B8A: receive requestVote(PRE_VOTE, s4, group-6458135C7B8A, 1, (t:1, i:0))
2022-08-26 17:03:31,221 [Thread-95] INFO  server.RaftServer$Division (RaftServerImpl.java:requestVote(1245)) - s2@group-6458135C7B8A replies to PRE_VOTE vote request: s4<-s2#0:FAIL-t1. Peer's state: s2@group-6458135C7B8A:t1, leader=s2, voted=s2, raftlog=Memoized:s2@group-6458135C7B8A-SegmentedRaftLog:OPENED:c0, conf=0: peers:[s3|rpc:localhost:34629|admin:localhost:38947|client:localhost:34343|dataStream:localhost:36131|priority:0|startupRole:FOLLOWER, s4|rpc:localhost:41115|admin:localhost:34281|client:localhost:37581|dataStream:localhost:43601|priority:0|startupRole:FOLLOWER, s0|rpc:localhost:41743|admin:localhost:42389|client:localhost:43463|dataStream:localhost:33005|priority:0|startupRole:FOLLOWER, s1|rpc:localhost:43623|admin:localhost:45655|client:localhost:33463|dataStream:localhost:33813|priority:0|startupRole:FOLLOWER, s2|rpc:localhost:37993|admin:localhost:44397|client:localhost:35825|dataStream:localhost:43663|priority:0|startupRole:FOLLOWER]|listeners:[], old=null
2022-08-26 17:03:31,221 [Thread-89] INFO  impl.VoteContext (VoteContext.java:log(48)) - s1@group-6458135C7B8A-FOLLOWER: reject PRE_VOTE from s4: this server is a follower and still has a valid leader s2
2022-08-26 17:03:31,222 [Thread-89] INFO  server.RaftServer$Division (RaftServerImpl.java:requestVote(1245)) - s1@group-6458135C7B8A replies to PRE_VOTE vote request: s4<-s1#0:FAIL-t1. Peer's state: s1@group-6458135C7B8A:t1, leader=s2, voted=s2, raftlog=Memoized:s1@group-6458135C7B8A-SegmentedRaftLog:OPENED:c0, conf=0: peers:[s3|rpc:localhost:34629|admin:localhost:38947|client:localhost:34343|dataStream:localhost:36131|priority:0|startupRole:FOLLOWER, s4|rpc:localhost:41115|admin:localhost:34281|client:localhost:37581|dataStream:localhost:43601|priority:0|startupRole:FOLLOWER, s0|rpc:localhost:41743|admin:localhost:42389|client:localhost:43463|dataStream:localhost:33005|priority:0|startupRole:FOLLOWER, s1|rpc:localhost:43623|admin:localhost:45655|client:localhost:33463|dataStream:localhost:33813|priority:0|startupRole:FOLLOWER, s2|rpc:localhost:37993|admin:localhost:44397|client:localhost:35825|dataStream:localhost:43663|priority:0|startupRole:FOLLOWER]|listeners:[], old=null
2022-08-26 17:03:31,231 [s4@group-6458135C7B8A-LeaderElection18] INFO  impl.LeaderElection (LeaderElection.java:logAndReturn(90)) - s4@group-6458135C7B8A-LeaderElection18: PRE_VOTE REJECTED received 1 response(s) and 0 exception(s):
2022-08-26 17:03:31,231 [s4@group-6458135C7B8A-LeaderElection18] INFO  impl.LeaderElection (LeaderElection.java:logAndReturn(94)) -   Response 0: s4<-s3#0:FAIL-t1
2022-08-26 17:03:31,232 [s4@group-6458135C7B8A-LeaderElection18] INFO  impl.LeaderElection (LeaderElection.java:askForVotes(312)) - s4@group-6458135C7B8A-LeaderElection18 PRE_VOTE round 0: result REJECTED
2022-08-26 17:03:31,255 [Thread-81] INFO  server.RaftServer$Division (ServerState.java:setLeader(255)) - s0@group-6458135C7B8A: change Leader from null to s2 at term 1 for appendEntries, leader elected after 302ms
2022-08-26 17:03:31,371 [Thread-83] INFO  server.RaftServer$Division (RaftServerImpl.java:requestVote(1212)) - s0@group-6458135C7B8A: receive requestVote(PRE_VOTE, s4, group-6458135C7B8A, 1, (t:1, i:0))
2022-08-26 17:03:31,371 [Thread-83] INFO  impl.VoteContext (VoteContext.java:log(48)) - s0@group-6458135C7B8A-FOLLOWER: reject PRE_VOTE from s4: this server is a follower and still has a valid leader s2
2022-08-26 17:03:31,371 [Thread-83] INFO  server.RaftServer$Division (RaftServerImpl.java:requestVote(1245)) - s0@group-6458135C7B8A replies to PRE_VOTE vote request: s4<-s0#0:FAIL-t1. Peer's state: s0@group-6458135C7B8A:t1, leader=s2, voted=s2, raftlog=Memoized:s0@group-6458135C7B8A-SegmentedRaftLog:OPENED:c0, conf=0: peers:[s3|rpc:localhost:34629|admin:localhost:38947|client:localhost:34343|dataStream:localhost:36131|priority:0|startupRole:FOLLOWER, s4|rpc:localhost:41115|admin:localhost:34281|client:localhost:37581|dataStream:localhost:43601|priority:0|startupRole:FOLLOWER, s0|rpc:localhost:41743|admin:localhost:42389|client:localhost:43463|dataStream:localhost:33005|priority:0|startupRole:FOLLOWER, s1|rpc:localhost:43623|admin:localhost:45655|client:localhost:33463|dataStream:localhost:33813|priority:0|startupRole:FOLLOWER, s2|rpc:localhost:37993|admin:localhost:44397|client:localhost:35825|dataStream:localhost:43663|priority:0|startupRole:FOLLOWER]|listeners:[], old=null
2022-08-26 17:03:31,529 [Time-limited test] INFO  simulation.TestLeaderElectionWithSimulatedRpc (LeaderElectionTests.java:enforceLeader(248)) - try enforcing leader to s0 but new leader is s2
2022-08-26 17:03:31,529 [Time-limited test] INFO  server.RaftServerConfigKeys (ConfUtils.java:logGet(46)) - raft.server.rpc.timeout.max = 300ms (default)
2022-08-26 17:03:31,672 [s4@group-6458135C7B8A-FollowerState] INFO  impl.FollowerState (FollowerState.java:run(143)) - s4@group-6458135C7B8A-FollowerState: change to CANDIDATE, lastRpcElapsedTime:221665212ns, electionTimeout:187ms
2022-08-26 17:03:31,672 [s4@group-6458135C7B8A-FollowerState] INFO  impl.RoleInfo (RoleInfo.java:shutdownFollowerState(110)) - s4: shutdown s4@group-6458135C7B8A-FollowerState
2022-08-26 17:03:31,672 [s4@group-6458135C7B8A-FollowerState] INFO  server.RaftServer$Division (RaftServerImpl.java:setRole(315)) - s4@group-6458135C7B8A: changes role from  FOLLOWER to CANDIDATE at term 1 for changeToCandidate
2022-08-26 17:03:31,672 [s4@group-6458135C7B8A-FollowerState] INFO  server.RaftServerConfigKeys (ConfUtils.java:logGet(46)) - raft.server.leaderelection.pre-vote = true (default)
2022-08-26 17:03:31,672 [s4@group-6458135C7B8A-FollowerState] INFO  impl.RoleInfo (RoleInfo.java:updateAndGet(139)) - s4: start s4@group-6458135C7B8A-LeaderElection19
2022-08-26 17:03:31,673 [s4@group-6458135C7B8A-LeaderElection19] INFO  server.RaftServer$Division (ServerState.java:setLeader(255)) - s4@group-6458135C7B8A: change Leader from s2 to null at term 1 for PRE_VOTE
2022-08-26 17:03:31,673 [s4@group-6458135C7B8A-LeaderElection19] INFO  impl.LeaderElection (LeaderElection.java:askForVotes(310)) - s4@group-6458135C7B8A-LeaderElection19 PRE_VOTE round 0: submit vote requests at term 1 for 0: peers:[s3|rpc:localhost:34629|admin:localhost:38947|client:localhost:34343|dataStream:localhost:36131|priority:0|startupRole:FOLLOWER, s4|rpc:localhost:41115|admin:localhost:34281|client:localhost:37581|dataStream:localhost:43601|priority:0|startupRole:FOLLOWER, s0|rpc:localhost:41743|admin:localhost:42389|client:localhost:43463|dataStream:localhost:33005|priority:0|startupRole:FOLLOWER, s1|rpc:localhost:43623|admin:localhost:45655|client:localhost:33463|dataStream:localhost:33813|priority:0|startupRole:FOLLOWER, s2|rpc:localhost:37993|admin:localhost:44397|client:localhost:35825|dataStream:localhost:43663|priority:0|startupRole:FOLLOWER]|listeners:[], old=null
2022-08-26 17:03:31,687 [Thread-74] INFO  server.RaftServer$Division (RaftServerImpl.java:setRole(315)) - s4@group-6458135C7B8A: changes role from CANDIDATE to FOLLOWER at term 1 for appendEntries
2022-08-26 17:03:31,687 [Thread-74] INFO  impl.RoleInfo (RoleInfo.java:shutdownLeaderElection(130)) - s4: shutdown s4@group-6458135C7B8A-LeaderElection19
2022-08-26 17:03:31,687 [Thread-74] INFO  impl.RoleInfo (RoleInfo.java:updateAndGet(139)) - s4: start s4@group-6458135C7B8A-FollowerState
2022-08-26 17:03:31,687 [Thread-74] INFO  server.RaftServer$Division (ServerState.java:setLeader(255)) - s4@group-6458135C7B8A: change Leader from null to s2 at term 1 for appendEntries, leader elected after 14ms
2022-08-26 17:03:31,823 [Thread-68] INFO  server.RaftServer$Division (RaftServerImpl.java:requestVote(1212)) - s3@group-6458135C7B8A: receive requestVote(PRE_VOTE, s4, group-6458135C7B8A, 1, (t:1, i:0))
2022-08-26 17:03:31,824 [Thread-68] INFO  impl.VoteContext (VoteContext.java:log(48)) - s3@group-6458135C7B8A-FOLLOWER: reject PRE_VOTE from s4: this server is a follower and still has a valid leader s2
2022-08-26 17:03:31,824 [Thread-89] INFO  server.RaftServer$Division (RaftServerImpl.java:requestVote(1212)) - s1@group-6458135C7B8A: receive requestVote(PRE_VOTE, s4, group-6458135C7B8A, 1, (t:1, i:0))
2022-08-26 17:03:31,824 [Thread-89] INFO  impl.VoteContext (VoteContext.java:log(48)) - s1@group-6458135C7B8A-FOLLOWER: reject PRE_VOTE from s4: this server is a follower and still has a valid leader s2
2022-08-26 17:03:31,824 [Thread-68] INFO  server.RaftServer$Division (RaftServerImpl.java:requestVote(1245)) - s3@group-6458135C7B8A replies to PRE_VOTE vote request: s4<-s3#0:FAIL-t1. Peer's state: s3@group-6458135C7B8A:t1, leader=s2, voted=s2, raftlog=Memoized:s3@group-6458135C7B8A-SegmentedRaftLog:OPENED:c0, conf=0: peers:[s3|rpc:localhost:34629|admin:localhost:38947|client:localhost:34343|dataStream:localhost:36131|priority:0|startupRole:FOLLOWER, s4|rpc:localhost:41115|admin:localhost:34281|client:localhost:37581|dataStream:localhost:43601|priority:0|startupRole:FOLLOWER, s0|rpc:localhost:41743|admin:localhost:42389|client:localhost:43463|dataStream:localhost:33005|priority:0|startupRole:FOLLOWER, s1|rpc:localhost:43623|admin:localhost:45655|client:localhost:33463|dataStream:localhost:33813|priority:0|startupRole:FOLLOWER, s2|rpc:localhost:37993|admin:localhost:44397|client:localhost:35825|dataStream:localhost:43663|priority:0|startupRole:FOLLOWER]|listeners:[], old=null
2022-08-26 17:03:31,824 [Thread-89] INFO  server.RaftServer$Division (RaftServerImpl.java:requestVote(1245)) - s1@group-6458135C7B8A replies to PRE_VOTE vote request: s4<-s1#0:FAIL-t1. Peer's state: s1@group-6458135C7B8A:t1, leader=s2, voted=s2, raftlog=Memoized:s1@group-6458135C7B8A-SegmentedRaftLog:OPENED:c0, conf=0: peers:[s3|rpc:localhost:34629|admin:localhost:38947|client:localhost:34343|dataStream:localhost:36131|priority:0|startupRole:FOLLOWER, s4|rpc:localhost:41115|admin:localhost:34281|client:localhost:37581|dataStream:localhost:43601|priority:0|startupRole:FOLLOWER, s0|rpc:localhost:41743|admin:localhost:42389|client:localhost:43463|dataStream:localhost:33005|priority:0|startupRole:FOLLOWER, s1|rpc:localhost:43623|admin:localhost:45655|client:localhost:33463|dataStream:localhost:33813|priority:0|startupRole:FOLLOWER, s2|rpc:localhost:37993|admin:localhost:44397|client:localhost:35825|dataStream:localhost:43663|priority:0|startupRole:FOLLOWER]|listeners:[], old=null
2022-08-26 17:03:31,824 [Thread-96] INFO  server.RaftServer$Division (RaftServerImpl.java:requestVote(1212)) - s2@group-6458135C7B8A: receive requestVote(PRE_VOTE, s4, group-6458135C7B8A, 1, (t:1, i:0))
2022-08-26 17:03:31,824 [Thread-96] INFO  impl.VoteContext (VoteContext.java:log(48)) - s2@group-6458135C7B8A-LEADER: reject PRE_VOTE from s4: this server is the leader and still has leadership
2022-08-26 17:03:31,824 [Thread-96] INFO  server.RaftServer$Division (RaftServerImpl.java:requestVote(1245)) - s2@group-6458135C7B8A replies to PRE_VOTE vote request: s4<-s2#0:FAIL-t1. Peer's state: s2@group-6458135C7B8A:t1, leader=s2, voted=s2, raftlog=Memoized:s2@group-6458135C7B8A-SegmentedRaftLog:OPENED:c0, conf=0: peers:[s3|rpc:localhost:34629|admin:localhost:38947|client:localhost:34343|dataStream:localhost:36131|priority:0|startupRole:FOLLOWER, s4|rpc:localhost:41115|admin:localhost:34281|client:localhost:37581|dataStream:localhost:43601|priority:0|startupRole:FOLLOWER, s0|rpc:localhost:41743|admin:localhost:42389|client:localhost:43463|dataStream:localhost:33005|priority:0|startupRole:FOLLOWER, s1|rpc:localhost:43623|admin:localhost:45655|client:localhost:33463|dataStream:localhost:33813|priority:0|startupRole:FOLLOWER, s2|rpc:localhost:37993|admin:localhost:44397|client:localhost:35825|dataStream:localhost:43663|priority:0|startupRole:FOLLOWER]|listeners:[], old=null
2022-08-26 17:03:31,836 [s4@group-6458135C7B8A-LeaderElection19] INFO  impl.LeaderElection (LeaderElection.java:logAndReturn(90)) - s4@group-6458135C7B8A-LeaderElection19: PRE_VOTE REJECTED received 1 response(s) and 0 exception(s):
2022-08-26 17:03:31,836 [s4@group-6458135C7B8A-LeaderElection19] INFO  impl.LeaderElection (LeaderElection.java:logAndReturn(94)) -   Response 0: s4<-s2#0:FAIL-t1
2022-08-26 17:03:31,836 [s4@group-6458135C7B8A-LeaderElection19] INFO  impl.LeaderElection (LeaderElection.java:askForVotes(312)) - s4@group-6458135C7B8A-LeaderElection19 PRE_VOTE round 0: result REJECTED
2022-08-26 17:03:31,879 [s0@group-6458135C7B8A-FollowerState] INFO  impl.FollowerState (FollowerState.java:run(143)) - s0@group-6458135C7B8A-FollowerState: change to CANDIDATE, lastRpcElapsedTime:441988590ns, electionTimeout:280ms
2022-08-26 17:03:31,879 [s0@group-6458135C7B8A-FollowerState] INFO  impl.RoleInfo (RoleInfo.java:shutdownFollowerState(110)) - s0: shutdown s0@group-6458135C7B8A-FollowerState
2022-08-26 17:03:31,879 [s0@group-6458135C7B8A-FollowerState] INFO  server.RaftServer$Division (RaftServerImpl.java:setRole(315)) - s0@group-6458135C7B8A: changes role from  FOLLOWER to CANDIDATE at term 1 for changeToCandidate
2022-08-26 17:03:31,879 [s0@group-6458135C7B8A-FollowerState] INFO  server.RaftServerConfigKeys (ConfUtils.java:logGet(46)) - raft.server.leaderelection.pre-vote = true (default)
2022-08-26 17:03:31,879 [s0@group-6458135C7B8A-FollowerState] INFO  impl.RoleInfo (RoleInfo.java:updateAndGet(139)) - s0: start s0@group-6458135C7B8A-LeaderElection20
2022-08-26 17:03:31,880 [s0@group-6458135C7B8A-LeaderElection20] INFO  server.RaftServer$Division (ServerState.java:setLeader(255)) - s0@group-6458135C7B8A: change Leader from s2 to null at term 1 for PRE_VOTE
2022-08-26 17:03:31,880 [s0@group-6458135C7B8A-LeaderElection20] INFO  impl.LeaderElection (LeaderElection.java:askForVotes(310)) - s0@group-6458135C7B8A-LeaderElection20 PRE_VOTE round 0: submit vote requests at term 1 for 0: peers:[s3|rpc:localhost:34629|admin:localhost:38947|client:localhost:34343|dataStream:localhost:36131|priority:0|startupRole:FOLLOWER, s4|rpc:localhost:41115|admin:localhost:34281|client:localhost:37581|dataStream:localhost:43601|priority:0|startupRole:FOLLOWER, s0|rpc:localhost:41743|admin:localhost:42389|client:localhost:43463|dataStream:localhost:33005|priority:0|startupRole:FOLLOWER, s1|rpc:localhost:43623|admin:localhost:45655|client:localhost:33463|dataStream:localhost:33813|priority:0|startupRole:FOLLOWER, s2|rpc:localhost:37993|admin:localhost:44397|client:localhost:35825|dataStream:localhost:43663|priority:0|startupRole:FOLLOWER]|listeners:[], old=null
2022-08-26 17:03:31,902 [s3@group-6458135C7B8A-FollowerState] INFO  impl.FollowerState (FollowerState.java:run(143)) - s3@group-6458135C7B8A-FollowerState: change to CANDIDATE, lastRpcElapsedTime:221281302ns, electionTimeout:166ms
2022-08-26 17:03:31,902 [s3@group-6458135C7B8A-FollowerState] INFO  impl.RoleInfo (RoleInfo.java:shutdownFollowerState(110)) - s3: shutdown s3@group-6458135C7B8A-FollowerState
2022-08-26 17:03:31,902 [s3@group-6458135C7B8A-FollowerState] INFO  server.RaftServer$Division (RaftServerImpl.java:setRole(315)) - s3@group-6458135C7B8A: changes role from  FOLLOWER to CANDIDATE at term 1 for changeToCandidate
2022-08-26 17:03:31,903 [s3@group-6458135C7B8A-FollowerState] INFO  server.RaftServerConfigKeys (ConfUtils.java:logGet(46)) - raft.server.leaderelection.pre-vote = true (default)
2022-08-26 17:03:31,903 [s3@group-6458135C7B8A-FollowerState] INFO  impl.RoleInfo (RoleInfo.java:updateAndGet(139)) - s3: start s3@group-6458135C7B8A-LeaderElection21
2022-08-26 17:03:31,903 [s3@group-6458135C7B8A-LeaderElection21] INFO  server.RaftServer$Division (ServerState.java:setLeader(255)) - s3@group-6458135C7B8A: change Leader from s2 to null at term 1 for PRE_VOTE
2022-08-26 17:03:31,903 [s3@group-6458135C7B8A-LeaderElection21] INFO  impl.LeaderElection (LeaderElection.java:askForVotes(310)) - s3@group-6458135C7B8A-LeaderElection21 PRE_VOTE round 0: submit vote requests at term 1 for 0: peers:[s3|rpc:localhost:34629|admin:localhost:38947|client:localhost:34343|dataStream:localhost:36131|priority:0|startupRole:FOLLOWER, s4|rpc:localhost:41115|admin:localhost:34281|client:localhost:37581|dataStream:localhost:43601|priority:0|startupRole:FOLLOWER, s0|rpc:localhost:41743|admin:localhost:42389|client:localhost:43463|dataStream:localhost:33005|priority:0|startupRole:FOLLOWER, s1|rpc:localhost:43623|admin:localhost:45655|client:localhost:33463|dataStream:localhost:33813|priority:0|startupRole:FOLLOWER, s2|rpc:localhost:37993|admin:localhost:44397|client:localhost:35825|dataStream:localhost:43663|priority:0|startupRole:FOLLOWER]|listeners:[], old=null
2022-08-26 17:03:31,921 [Thread-69] INFO  server.RaftServer$Division (RaftServerImpl.java:setRole(315)) - s3@group-6458135C7B8A: changes role from CANDIDATE to FOLLOWER at term 1 for appendEntries
2022-08-26 17:03:31,921 [Thread-69] INFO  impl.RoleInfo (RoleInfo.java:shutdownLeaderElection(130)) - s3: shutdown s3@group-6458135C7B8A-LeaderElection21
2022-08-26 17:03:31,921 [Thread-69] INFO  impl.RoleInfo (RoleInfo.java:updateAndGet(139)) - s3: start s3@group-6458135C7B8A-FollowerState
2022-08-26 17:03:31,921 [Thread-69] INFO  server.RaftServer$Division (ServerState.java:setLeader(255)) - s3@group-6458135C7B8A: change Leader from null to s2 at term 1 for appendEntries, leader elected after 18ms
2022-08-26 17:03:31,979 [Time-limited test] INFO  server.RaftServerConfigKeys (ConfUtils.java:logGet(46)) - raft.server.rpc.timeout.max = 300ms (default)
2022-08-26 17:03:32,031 [Thread-67] INFO  server.RaftServer$Division (RaftServerImpl.java:requestVote(1212)) - s3@group-6458135C7B8A: receive requestVote(PRE_VOTE, s0, group-6458135C7B8A, 1, (t:1, i:0))
2022-08-26 17:03:32,031 [Thread-88] INFO  server.RaftServer$Division (RaftServerImpl.java:requestVote(1212)) - s1@group-6458135C7B8A: receive requestVote(PRE_VOTE, s0, group-6458135C7B8A, 1, (t:1, i:0))
2022-08-26 17:03:32,031 [Thread-88] INFO  impl.VoteContext (VoteContext.java:log(48)) - s1@group-6458135C7B8A-FOLLOWER: reject PRE_VOTE from s0: this server is a follower and still has a valid leader s2
2022-08-26 17:03:32,031 [Thread-97] INFO  server.RaftServer$Division (RaftServerImpl.java:requestVote(1212)) - s2@group-6458135C7B8A: receive requestVote(PRE_VOTE, s0, group-6458135C7B8A, 1, (t:1, i:0))
2022-08-26 17:03:32,031 [Thread-97] INFO  impl.VoteContext (VoteContext.java:log(48)) - s2@group-6458135C7B8A-LEADER: reject PRE_VOTE from s0: this server is the leader and still has leadership
2022-08-26 17:03:32,032 [Thread-88] INFO  server.RaftServer$Division (RaftServerImpl.java:requestVote(1245)) - s1@group-6458135C7B8A replies to PRE_VOTE vote request: s0<-s1#0:FAIL-t1. Peer's state: s1@group-6458135C7B8A:t1, leader=s2, voted=s2, raftlog=Memoized:s1@group-6458135C7B8A-SegmentedRaftLog:OPENED:c0, conf=0: peers:[s3|rpc:localhost:34629|admin:localhost:38947|client:localhost:34343|dataStream:localhost:36131|priority:0|startupRole:FOLLOWER, s4|rpc:localhost:41115|admin:localhost:34281|client:localhost:37581|dataStream:localhost:43601|priority:0|startupRole:FOLLOWER, s0|rpc:localhost:41743|admin:localhost:42389|client:localhost:43463|dataStream:localhost:33005|priority:0|startupRole:FOLLOWER, s1|rpc:localhost:43623|admin:localhost:45655|client:localhost:33463|dataStream:localhost:33813|priority:0|startupRole:FOLLOWER, s2|rpc:localhost:37993|admin:localhost:44397|client:localhost:35825|dataStream:localhost:43663|priority:0|startupRole:FOLLOWER]|listeners:[], old=null
2022-08-26 17:03:32,031 [Thread-76] INFO  server.RaftServer$Division (RaftServerImpl.java:requestVote(1212)) - s4@group-6458135C7B8A: receive requestVote(PRE_VOTE, s0, group-6458135C7B8A, 1, (t:1, i:0))
2022-08-26 17:03:32,032 [Thread-76] INFO  impl.VoteContext (VoteContext.java:log(48)) - s4@group-6458135C7B8A-FOLLOWER: reject PRE_VOTE from s0: this server is a follower and still has a valid leader s2
2022-08-26 17:03:32,032 [Thread-76] INFO  server.RaftServer$Division (RaftServerImpl.java:requestVote(1245)) - s4@group-6458135C7B8A replies to PRE_VOTE vote request: s0<-s4#0:FAIL-t1. Peer's state: s4@group-6458135C7B8A:t1, leader=s2, voted=s2, raftlog=Memoized:s4@group-6458135C7B8A-SegmentedRaftLog:OPENED:c0, conf=0: peers:[s3|rpc:localhost:34629|admin:localhost:38947|client:localhost:34343|dataStream:localhost:36131|priority:0|startupRole:FOLLOWER, s4|rpc:localhost:41115|admin:localhost:34281|client:localhost:37581|dataStream:localhost:43601|priority:0|startupRole:FOLLOWER, s0|rpc:localhost:41743|admin:localhost:42389|client:localhost:43463|dataStream:localhost:33005|priority:0|startupRole:FOLLOWER, s1|rpc:localhost:43623|admin:localhost:45655|client:localhost:33463|dataStream:localhost:33813|priority:0|startupRole:FOLLOWER, s2|rpc:localhost:37993|admin:localhost:44397|client:localhost:35825|dataStream:localhost:43663|priority:0|startupRole:FOLLOWER]|listeners:[], old=null
2022-08-26 17:03:32,031 [Thread-67] INFO  impl.VoteContext (VoteContext.java:log(48)) - s3@group-6458135C7B8A-FOLLOWER: reject PRE_VOTE from s0: this server is a follower and still has a valid leader s2
2022-08-26 17:03:32,032 [Thread-67] INFO  server.RaftServer$Division (RaftServerImpl.java:requestVote(1245)) - s3@group-6458135C7B8A replies to PRE_VOTE vote request: s0<-s3#0:FAIL-t1. Peer's state: s3@group-6458135C7B8A:t1, leader=s2, voted=s2, raftlog=Memoized:s3@group-6458135C7B8A-SegmentedRaftLog:OPENED:c0, conf=0: peers:[s3|rpc:localhost:34629|admin:localhost:38947|client:localhost:34343|dataStream:localhost:36131|priority:0|startupRole:FOLLOWER, s4|rpc:localhost:41115|admin:localhost:34281|client:localhost:37581|dataStream:localhost:43601|priority:0|startupRole:FOLLOWER, s0|rpc:localhost:41743|admin:localhost:42389|client:localhost:43463|dataStream:localhost:33005|priority:0|startupRole:FOLLOWER, s1|rpc:localhost:43623|admin:localhost:45655|client:localhost:33463|dataStream:localhost:33813|priority:0|startupRole:FOLLOWER, s2|rpc:localhost:37993|admin:localhost:44397|client:localhost:35825|dataStream:localhost:43663|priority:0|startupRole:FOLLOWER]|listeners:[], old=null
2022-08-26 17:03:32,032 [Thread-97] INFO  server.RaftServer$Division (RaftServerImpl.java:requestVote(1245)) - s2@group-6458135C7B8A replies to PRE_VOTE vote request: s0<-s2#0:FAIL-t1. Peer's state: s2@group-6458135C7B8A:t1, leader=s2, voted=s2, raftlog=Memoized:s2@group-6458135C7B8A-SegmentedRaftLog:OPENED:c0, conf=0: peers:[s3|rpc:localhost:34629|admin:localhost:38947|client:localhost:34343|dataStream:localhost:36131|priority:0|startupRole:FOLLOWER, s4|rpc:localhost:41115|admin:localhost:34281|client:localhost:37581|dataStream:localhost:43601|priority:0|startupRole:FOLLOWER, s0|rpc:localhost:41743|admin:localhost:42389|client:localhost:43463|dataStream:localhost:33005|priority:0|startupRole:FOLLOWER, s1|rpc:localhost:43623|admin:localhost:45655|client:localhost:33463|dataStream:localhost:33813|priority:0|startupRole:FOLLOWER, s2|rpc:localhost:37993|admin:localhost:44397|client:localhost:35825|dataStream:localhost:43663|priority:0|startupRole:FOLLOWER]|listeners:[], old=null
2022-08-26 17:03:32,044 [s0@group-6458135C7B8A-LeaderElection20] INFO  impl.LeaderElection (LeaderElection.java:logAndReturn(90)) - s0@group-6458135C7B8A-LeaderElection20: PRE_VOTE REJECTED received 3 response(s) and 0 exception(s):
2022-08-26 17:03:32,044 [s0@group-6458135C7B8A-LeaderElection20] INFO  impl.LeaderElection (LeaderElection.java:logAndReturn(94)) -   Response 0: s0<-s4#0:FAIL-t1
2022-08-26 17:03:32,044 [s0@group-6458135C7B8A-LeaderElection20] INFO  impl.LeaderElection (LeaderElection.java:logAndReturn(94)) -   Response 1: s0<-s1#0:FAIL-t1
2022-08-26 17:03:32,044 [s0@group-6458135C7B8A-LeaderElection20] INFO  impl.LeaderElection (LeaderElection.java:logAndReturn(94)) -   Response 2: s0<-s2#0:FAIL-t1
2022-08-26 17:03:32,044 [s0@group-6458135C7B8A-LeaderElection20] INFO  impl.LeaderElection (LeaderElection.java:askForVotes(312)) - s0@group-6458135C7B8A-LeaderElection20 PRE_VOTE round 0: result REJECTED
2022-08-26 17:03:32,044 [s0@group-6458135C7B8A-LeaderElection20] INFO  server.RaftServer$Division (RaftServerImpl.java:setRole(315)) - s0@group-6458135C7B8A: changes role from CANDIDATE to FOLLOWER at term 1 for REJECTED
2022-08-26 17:03:32,044 [s0@group-6458135C7B8A-LeaderElection20] INFO  impl.RoleInfo (RoleInfo.java:shutdownLeaderElection(130)) - s0: shutdown s0@group-6458135C7B8A-LeaderElection20
2022-08-26 17:03:32,044 [s0@group-6458135C7B8A-LeaderElection20] INFO  impl.RoleInfo (RoleInfo.java:updateAndGet(139)) - s0: start s0@group-6458135C7B8A-FollowerState
2022-08-26 17:03:32,054 [Thread-74] INFO  server.RaftServer$Division (RaftServerImpl.java:requestVote(1212)) - s4@group-6458135C7B8A: receive requestVote(PRE_VOTE, s3, group-6458135C7B8A, 1, (t:1, i:0))
2022-08-26 17:03:32,054 [Thread-74] INFO  impl.VoteContext (VoteContext.java:log(48)) - s4@group-6458135C7B8A-FOLLOWER: reject PRE_VOTE from s3: this server is a follower and still has a valid leader s2
2022-08-26 17:03:32,054 [Thread-74] INFO  server.RaftServer$Division (RaftServerImpl.java:requestVote(1245)) - s4@group-6458135C7B8A replies to PRE_VOTE vote request: s3<-s4#0:FAIL-t1. Peer's state: s4@group-6458135C7B8A:t1, leader=s2, voted=s2, raftlog=Memoized:s4@group-6458135C7B8A-SegmentedRaftLog:OPENED:c0, conf=0: peers:[s3|rpc:localhost:34629|admin:localhost:38947|client:localhost:34343|dataStream:localhost:36131|priority:0|startupRole:FOLLOWER, s4|rpc:localhost:41115|admin:localhost:34281|client:localhost:37581|dataStream:localhost:43601|priority:0|startupRole:FOLLOWER, s0|rpc:localhost:41743|admin:localhost:42389|client:localhost:43463|dataStream:localhost:33005|priority:0|startupRole:FOLLOWER, s1|rpc:localhost:43623|admin:localhost:45655|client:localhost:33463|dataStream:localhost:33813|priority:0|startupRole:FOLLOWER, s2|rpc:localhost:37993|admin:localhost:44397|client:localhost:35825|dataStream:localhost:43663|priority:0|startupRole:FOLLOWER]|listeners:[], old=null
2022-08-26 17:03:32,055 [Thread-95] INFO  server.RaftServer$Division (RaftServerImpl.java:requestVote(1212)) - s2@group-6458135C7B8A: receive requestVote(PRE_VOTE, s3, group-6458135C7B8A, 1, (t:1, i:0))
2022-08-26 17:03:32,055 [Thread-95] INFO  impl.VoteContext (VoteContext.java:log(48)) - s2@group-6458135C7B8A-LEADER: reject PRE_VOTE from s3: this server is the leader and still has leadership
2022-08-26 17:03:32,055 [Thread-89] INFO  server.RaftServer$Division (RaftServerImpl.java:requestVote(1212)) - s1@group-6458135C7B8A: receive requestVote(PRE_VOTE, s3, group-6458135C7B8A, 1, (t:1, i:0))
2022-08-26 17:03:32,055 [Thread-95] INFO  server.RaftServer$Division (RaftServerImpl.java:requestVote(1245)) - s2@group-6458135C7B8A replies to PRE_VOTE vote request: s3<-s2#0:FAIL-t1. Peer's state: s2@group-6458135C7B8A:t1, leader=s2, voted=s2, raftlog=Memoized:s2@group-6458135C7B8A-SegmentedRaftLog:OPENED:c0, conf=0: peers:[s3|rpc:localhost:34629|admin:localhost:38947|client:localhost:34343|dataStream:localhost:36131|priority:0|startupRole:FOLLOWER, s4|rpc:localhost:41115|admin:localhost:34281|client:localhost:37581|dataStream:localhost:43601|priority:0|startupRole:FOLLOWER, s0|rpc:localhost:41743|admin:localhost:42389|client:localhost:43463|dataStream:localhost:33005|priority:0|startupRole:FOLLOWER, s1|rpc:localhost:43623|admin:localhost:45655|client:localhost:33463|dataStream:localhost:33813|priority:0|startupRole:FOLLOWER, s2|rpc:localhost:37993|admin:localhost:44397|client:localhost:35825|dataStream:localhost:43663|priority:0|startupRole:FOLLOWER]|listeners:[], old=null
2022-08-26 17:03:32,055 [Thread-89] INFO  impl.VoteContext (VoteContext.java:log(48)) - s1@group-6458135C7B8A-FOLLOWER: reject PRE_VOTE from s3: this server is a follower and still has a valid leader s2
2022-08-26 17:03:32,055 [Thread-89] INFO  server.RaftServer$Division (RaftServerImpl.java:requestVote(1245)) - s1@group-6458135C7B8A replies to PRE_VOTE vote request: s3<-s1#0:FAIL-t1. Peer's state: s1@group-6458135C7B8A:t1, leader=s2, voted=s2, raftlog=Memoized:s1@group-6458135C7B8A-SegmentedRaftLog:OPENED:c0, conf=0: peers:[s3|rpc:localhost:34629|admin:localhost:38947|client:localhost:34343|dataStream:localhost:36131|priority:0|startupRole:FOLLOWER, s4|rpc:localhost:41115|admin:localhost:34281|client:localhost:37581|dataStream:localhost:43601|priority:0|startupRole:FOLLOWER, s0|rpc:localhost:41743|admin:localhost:42389|client:localhost:43463|dataStream:localhost:33005|priority:0|startupRole:FOLLOWER, s1|rpc:localhost:43623|admin:localhost:45655|client:localhost:33463|dataStream:localhost:33813|priority:0|startupRole:FOLLOWER, s2|rpc:localhost:37993|admin:localhost:44397|client:localhost:35825|dataStream:localhost:43663|priority:0|startupRole:FOLLOWER]|listeners:[], old=null
2022-08-26 17:03:32,066 [s3@group-6458135C7B8A-LeaderElection21] INFO  impl.LeaderElection (LeaderElection.java:logAndReturn(90)) - s3@group-6458135C7B8A-LeaderElection21: PRE_VOTE REJECTED received 0 response(s) and 0 exception(s):
2022-08-26 17:03:32,067 [s3@group-6458135C7B8A-LeaderElection21] INFO  impl.LeaderElection (LeaderElection.java:askForVotes(312)) - s3@group-6458135C7B8A-LeaderElection21 PRE_VOTE round 0: result REJECTED
2022-08-26 17:03:32,130 [Thread-82] INFO  server.RaftServer$Division (ServerState.java:setLeader(255)) - s0@group-6458135C7B8A: change Leader from null to s2 at term 1 for appendEntries, leader elected after 250ms
2022-08-26 17:03:32,204 [Thread-83] INFO  server.RaftServer$Division (RaftServerImpl.java:requestVote(1212)) - s0@group-6458135C7B8A: receive requestVote(PRE_VOTE, s3, group-6458135C7B8A, 1, (t:1, i:0))
2022-08-26 17:03:32,204 [Thread-83] INFO  impl.VoteContext (VoteContext.java:log(48)) - s0@group-6458135C7B8A-FOLLOWER: reject PRE_VOTE from s3: this server is a follower and still has a valid leader s2
2022-08-26 17:03:32,205 [Thread-83] INFO  server.RaftServer$Division (RaftServerImpl.java:requestVote(1245)) - s0@group-6458135C7B8A replies to PRE_VOTE vote request: s3<-s0#0:FAIL-t1. Peer's state: s0@group-6458135C7B8A:t1, leader=s2, voted=s2, raftlog=Memoized:s0@group-6458135C7B8A-SegmentedRaftLog:OPENED:c0, conf=0: peers:[s3|rpc:localhost:34629|admin:localhost:38947|client:localhost:34343|dataStream:localhost:36131|priority:0|startupRole:FOLLOWER, s4|rpc:localhost:41115|admin:localhost:34281|client:localhost:37581|dataStream:localhost:43601|priority:0|startupRole:FOLLOWER, s0|rpc:localhost:41743|admin:localhost:42389|client:localhost:43463|dataStream:localhost:33005|priority:0|startupRole:FOLLOWER, s1|rpc:localhost:43623|admin:localhost:45655|client:localhost:33463|dataStream:localhost:33813|priority:0|startupRole:FOLLOWER, s2|rpc:localhost:37993|admin:localhost:44397|client:localhost:35825|dataStream:localhost:43663|priority:0|startupRole:FOLLOWER]|listeners:[], old=null
2022-08-26 17:03:32,274 [Thread-82] INFO  server.RaftServer$Division (RaftServerImpl.java:requestVote(1212)) - s0@group-6458135C7B8A: receive requestVote(PRE_VOTE, s4, group-6458135C7B8A, 1, (t:1, i:0))
2022-08-26 17:03:32,274 [Thread-82] INFO  impl.VoteContext (VoteContext.java:log(48)) - s0@group-6458135C7B8A-FOLLOWER: reject PRE_VOTE from s4: this server is a follower and still has a valid leader s2
2022-08-26 17:03:32,274 [Thread-82] INFO  server.RaftServer$Division (RaftServerImpl.java:requestVote(1245)) - s0@group-6458135C7B8A replies to PRE_VOTE vote request: s4<-s0#0:FAIL-t1. Peer's state: s0@group-6458135C7B8A:t1, leader=s2, voted=s2, raftlog=Memoized:s0@group-6458135C7B8A-SegmentedRaftLog:OPENED:c0, conf=0: peers:[s3|rpc:localhost:34629|admin:localhost:38947|client:localhost:34343|dataStream:localhost:36131|priority:0|startupRole:FOLLOWER, s4|rpc:localhost:41115|admin:localhost:34281|client:localhost:37581|dataStream:localhost:43601|priority:0|startupRole:FOLLOWER, s0|rpc:localhost:41743|admin:localhost:42389|client:localhost:43463|dataStream:localhost:33005|priority:0|startupRole:FOLLOWER, s1|rpc:localhost:43623|admin:localhost:45655|client:localhost:33463|dataStream:localhost:33813|priority:0|startupRole:FOLLOWER, s2|rpc:localhost:37993|admin:localhost:44397|client:localhost:35825|dataStream:localhost:43663|priority:0|startupRole:FOLLOWER]|listeners:[], old=null
2022-08-26 17:03:32,430 [Time-limited test] INFO  simulation.TestLeaderElectionWithSimulatedRpc (LeaderElectionTests.java:enforceLeader(248)) - try enforcing leader to s0 but new leader is s2
2022-08-26 17:03:32,430 [Time-limited test] INFO  server.RaftServerConfigKeys (ConfUtils.java:logGet(46)) - raft.server.rpc.timeout.max = 300ms (default)
2022-08-26 17:03:32,743 [s0@group-6458135C7B8A-FollowerState] INFO  impl.FollowerState (FollowerState.java:run(143)) - s0@group-6458135C7B8A-FollowerState: change to CANDIDATE, lastRpcElapsedTime:338612426ns, electionTimeout:261ms
2022-08-26 17:03:32,743 [s0@group-6458135C7B8A-FollowerState] INFO  impl.RoleInfo (RoleInfo.java:shutdownFollowerState(110)) - s0: shutdown s0@group-6458135C7B8A-FollowerState
2022-08-26 17:03:32,743 [s0@group-6458135C7B8A-FollowerState] INFO  server.RaftServer$Division (RaftServerImpl.java:setRole(315)) - s0@group-6458135C7B8A: changes role from  FOLLOWER to CANDIDATE at term 1 for changeToCandidate
2022-08-26 17:03:32,744 [s0@group-6458135C7B8A-FollowerState] INFO  server.RaftServerConfigKeys (ConfUtils.java:logGet(46)) - raft.server.leaderelection.pre-vote = true (default)
2022-08-26 17:03:32,744 [s0@group-6458135C7B8A-FollowerState] INFO  impl.RoleInfo (RoleInfo.java:updateAndGet(139)) - s0: start s0@group-6458135C7B8A-LeaderElection22
2022-08-26 17:03:32,744 [s0@group-6458135C7B8A-LeaderElection22] INFO  server.RaftServer$Division (ServerState.java:setLeader(255)) - s0@group-6458135C7B8A: change Leader from s2 to null at term 1 for PRE_VOTE
2022-08-26 17:03:32,744 [s0@group-6458135C7B8A-LeaderElection22] INFO  impl.LeaderElection (LeaderElection.java:askForVotes(310)) - s0@group-6458135C7B8A-LeaderElection22 PRE_VOTE round 0: submit vote requests at term 1 for 0: peers:[s3|rpc:localhost:34629|admin:localhost:38947|client:localhost:34343|dataStream:localhost:36131|priority:0|startupRole:FOLLOWER, s4|rpc:localhost:41115|admin:localhost:34281|client:localhost:37581|dataStream:localhost:43601|priority:0|startupRole:FOLLOWER, s0|rpc:localhost:41743|admin:localhost:42389|client:localhost:43463|dataStream:localhost:33005|priority:0|startupRole:FOLLOWER, s1|rpc:localhost:43623|admin:localhost:45655|client:localhost:33463|dataStream:localhost:33813|priority:0|startupRole:FOLLOWER, s2|rpc:localhost:37993|admin:localhost:44397|client:localhost:35825|dataStream:localhost:43663|priority:0|startupRole:FOLLOWER]|listeners:[], old=null
2022-08-26 17:03:32,880 [Time-limited test] INFO  server.RaftServerConfigKeys (ConfUtils.java:logGet(46)) - raft.server.rpc.timeout.max = 300ms (default)
2022-08-26 17:03:32,895 [Thread-69] INFO  server.RaftServer$Division (RaftServerImpl.java:requestVote(1212)) - s3@group-6458135C7B8A: receive requestVote(PRE_VOTE, s0, group-6458135C7B8A, 1, (t:1, i:0))
2022-08-26 17:03:32,895 [Thread-90] INFO  server.RaftServer$Division (RaftServerImpl.java:requestVote(1212)) - s1@group-6458135C7B8A: receive requestVote(PRE_VOTE, s0, group-6458135C7B8A, 1, (t:1, i:0))
2022-08-26 17:03:32,895 [Thread-90] INFO  impl.VoteContext (VoteContext.java:log(48)) - s1@group-6458135C7B8A-FOLLOWER: reject PRE_VOTE from s0: this server is a follower and still has a valid leader s2
2022-08-26 17:03:32,895 [Thread-96] INFO  server.RaftServer$Division (RaftServerImpl.java:requestVote(1212)) - s2@group-6458135C7B8A: receive requestVote(PRE_VOTE, s0, group-6458135C7B8A, 1, (t:1, i:0))
2022-08-26 17:03:32,895 [Thread-90] INFO  server.RaftServer$Division (RaftServerImpl.java:requestVote(1245)) - s1@group-6458135C7B8A replies to PRE_VOTE vote request: s0<-s1#0:FAIL-t1. Peer's state: s1@group-6458135C7B8A:t1, leader=s2, voted=s2, raftlog=Memoized:s1@group-6458135C7B8A-SegmentedRaftLog:OPENED:c0, conf=0: peers:[s3|rpc:localhost:34629|admin:localhost:38947|client:localhost:34343|dataStream:localhost:36131|priority:0|startupRole:FOLLOWER, s4|rpc:localhost:41115|admin:localhost:34281|client:localhost:37581|dataStream:localhost:43601|priority:0|startupRole:FOLLOWER, s0|rpc:localhost:41743|admin:localhost:42389|client:localhost:43463|dataStream:localhost:33005|priority:0|startupRole:FOLLOWER, s1|rpc:localhost:43623|admin:localhost:45655|client:localhost:33463|dataStream:localhost:33813|priority:0|startupRole:FOLLOWER, s2|rpc:localhost:37993|admin:localhost:44397|client:localhost:35825|dataStream:localhost:43663|priority:0|startupRole:FOLLOWER]|listeners:[], old=null
2022-08-26 17:03:32,895 [Thread-96] INFO  impl.VoteContext (VoteContext.java:log(48)) - s2@group-6458135C7B8A-LEADER: reject PRE_VOTE from s0: this server is the leader and still has leadership
2022-08-26 17:03:32,895 [Thread-75] INFO  server.RaftServer$Division (RaftServerImpl.java:requestVote(1212)) - s4@group-6458135C7B8A: receive requestVote(PRE_VOTE, s0, group-6458135C7B8A, 1, (t:1, i:0))
2022-08-26 17:03:32,896 [Thread-96] INFO  server.RaftServer$Division (RaftServerImpl.java:requestVote(1245)) - s2@group-6458135C7B8A replies to PRE_VOTE vote request: s0<-s2#0:FAIL-t1. Peer's state: s2@group-6458135C7B8A:t1, leader=s2, voted=s2, raftlog=Memoized:s2@group-6458135C7B8A-SegmentedRaftLog:OPENED:c0, conf=0: peers:[s3|rpc:localhost:34629|admin:localhost:38947|client:localhost:34343|dataStream:localhost:36131|priority:0|startupRole:FOLLOWER, s4|rpc:localhost:41115|admin:localhost:34281|client:localhost:37581|dataStream:localhost:43601|priority:0|startupRole:FOLLOWER, s0|rpc:localhost:41743|admin:localhost:42389|client:localhost:43463|dataStream:localhost:33005|priority:0|startupRole:FOLLOWER, s1|rpc:localhost:43623|admin:localhost:45655|client:localhost:33463|dataStream:localhost:33813|priority:0|startupRole:FOLLOWER, s2|rpc:localhost:37993|admin:localhost:44397|client:localhost:35825|dataStream:localhost:43663|priority:0|startupRole:FOLLOWER]|listeners:[], old=null
2022-08-26 17:03:32,895 [Thread-69] INFO  impl.VoteContext (VoteContext.java:log(48)) - s3@group-6458135C7B8A-FOLLOWER: reject PRE_VOTE from s0: this server is a follower and still has a valid leader s2
2022-08-26 17:03:32,896 [Thread-75] INFO  impl.VoteContext (VoteContext.java:log(48)) - s4@group-6458135C7B8A-FOLLOWER: reject PRE_VOTE from s0: this server is a follower and still has a valid leader s2
2022-08-26 17:03:32,896 [Thread-69] INFO  server.RaftServer$Division (RaftServerImpl.java:requestVote(1245)) - s3@group-6458135C7B8A replies to PRE_VOTE vote request: s0<-s3#0:FAIL-t1. Peer's state: s3@group-6458135C7B8A:t1, leader=s2, voted=s2, raftlog=Memoized:s3@group-6458135C7B8A-SegmentedRaftLog:OPENED:c0, conf=0: peers:[s3|rpc:localhost:34629|admin:localhost:38947|client:localhost:34343|dataStream:localhost:36131|priority:0|startupRole:FOLLOWER, s4|rpc:localhost:41115|admin:localhost:34281|client:localhost:37581|dataStream:localhost:43601|priority:0|startupRole:FOLLOWER, s0|rpc:localhost:41743|admin:localhost:42389|client:localhost:43463|dataStream:localhost:33005|priority:0|startupRole:FOLLOWER, s1|rpc:localhost:43623|admin:localhost:45655|client:localhost:33463|dataStream:localhost:33813|priority:0|startupRole:FOLLOWER, s2|rpc:localhost:37993|admin:localhost:44397|client:localhost:35825|dataStream:localhost:43663|priority:0|startupRole:FOLLOWER]|listeners:[], old=null
2022-08-26 17:03:32,896 [Thread-75] INFO  server.RaftServer$Division (RaftServerImpl.java:requestVote(1245)) - s4@group-6458135C7B8A replies to PRE_VOTE vote request: s0<-s4#0:FAIL-t1. Peer's state: s4@group-6458135C7B8A:t1, leader=s2, voted=s2, raftlog=Memoized:s4@group-6458135C7B8A-SegmentedRaftLog:OPENED:c0, conf=0: peers:[s3|rpc:localhost:34629|admin:localhost:38947|client:localhost:34343|dataStream:localhost:36131|priority:0|startupRole:FOLLOWER, s4|rpc:localhost:41115|admin:localhost:34281|client:localhost:37581|dataStream:localhost:43601|priority:0|startupRole:FOLLOWER, s0|rpc:localhost:41743|admin:localhost:42389|client:localhost:43463|dataStream:localhost:33005|priority:0|startupRole:FOLLOWER, s1|rpc:localhost:43623|admin:localhost:45655|client:localhost:33463|dataStream:localhost:33813|priority:0|startupRole:FOLLOWER, s2|rpc:localhost:37993|admin:localhost:44397|client:localhost:35825|dataStream:localhost:43663|priority:0|startupRole:FOLLOWER]|listeners:[], old=null
2022-08-26 17:03:32,904 [s0@group-6458135C7B8A-LeaderElection22] INFO  impl.LeaderElection (LeaderElection.java:logAndReturn(90)) - s0@group-6458135C7B8A-LeaderElection22: PRE_VOTE TIMEOUT received 0 response(s) and 0 exception(s):
2022-08-26 17:03:32,904 [s0@group-6458135C7B8A-LeaderElection22] INFO  impl.LeaderElection (LeaderElection.java:askForVotes(312)) - s0@group-6458135C7B8A-LeaderElection22 PRE_VOTE round 0: result TIMEOUT
2022-08-26 17:03:32,904 [s0@group-6458135C7B8A-LeaderElection22] INFO  impl.LeaderElection (LeaderElection.java:askForVotes(310)) - s0@group-6458135C7B8A-LeaderElection22 PRE_VOTE round 1: submit vote requests at term 1 for 0: peers:[s3|rpc:localhost:34629|admin:localhost:38947|client:localhost:34343|dataStream:localhost:36131|priority:0|startupRole:FOLLOWER, s4|rpc:localhost:41115|admin:localhost:34281|client:localhost:37581|dataStream:localhost:43601|priority:0|startupRole:FOLLOWER, s0|rpc:localhost:41743|admin:localhost:42389|client:localhost:43463|dataStream:localhost:33005|priority:0|startupRole:FOLLOWER, s1|rpc:localhost:43623|admin:localhost:45655|client:localhost:33463|dataStream:localhost:33813|priority:0|startupRole:FOLLOWER, s2|rpc:localhost:37993|admin:localhost:44397|client:localhost:35825|dataStream:localhost:43663|priority:0|startupRole:FOLLOWER]|listeners:[], old=null
2022-08-26 17:03:32,905 [Thread-68] INFO  server.RaftServer$Division (RaftServerImpl.java:requestVote(1212)) - s3@group-6458135C7B8A: receive requestVote(PRE_VOTE, s0, group-6458135C7B8A, 1, (t:1, i:0))
2022-08-26 17:03:32,905 [Thread-68] INFO  impl.VoteContext (VoteContext.java:log(48)) - s3@group-6458135C7B8A-FOLLOWER: reject PRE_VOTE from s0: this server is a follower and still has a valid leader s2
2022-08-26 17:03:32,905 [Thread-68] INFO  server.RaftServer$Division (RaftServerImpl.java:requestVote(1245)) - s3@group-6458135C7B8A replies to PRE_VOTE vote request: s0<-s3#0:FAIL-t1. Peer's state: s3@group-6458135C7B8A:t1, leader=s2, voted=s2, raftlog=Memoized:s3@group-6458135C7B8A-SegmentedRaftLog:OPENED:c0, conf=0: peers:[s3|rpc:localhost:34629|admin:localhost:38947|client:localhost:34343|dataStream:localhost:36131|priority:0|startupRole:FOLLOWER, s4|rpc:localhost:41115|admin:localhost:34281|client:localhost:37581|dataStream:localhost:43601|priority:0|startupRole:FOLLOWER, s0|rpc:localhost:41743|admin:localhost:42389|client:localhost:43463|dataStream:localhost:33005|priority:0|startupRole:FOLLOWER, s1|rpc:localhost:43623|admin:localhost:45655|client:localhost:33463|dataStream:localhost:33813|priority:0|startupRole:FOLLOWER, s2|rpc:localhost:37993|admin:localhost:44397|client:localhost:35825|dataStream:localhost:43663|priority:0|startupRole:FOLLOWER]|listeners:[], old=null
2022-08-26 17:03:32,905 [Thread-76] INFO  server.RaftServer$Division (RaftServerImpl.java:requestVote(1212)) - s4@group-6458135C7B8A: receive requestVote(PRE_VOTE, s0, group-6458135C7B8A, 1, (t:1, i:0))
2022-08-26 17:03:32,906 [Thread-76] INFO  impl.VoteContext (VoteContext.java:log(48)) - s4@group-6458135C7B8A-FOLLOWER: reject PRE_VOTE from s0: this server is a follower and still has a valid leader s2
2022-08-26 17:03:32,906 [Thread-76] INFO  server.RaftServer$Division (RaftServerImpl.java:requestVote(1245)) - s4@group-6458135C7B8A replies to PRE_VOTE vote request: s0<-s4#0:FAIL-t1. Peer's state: s4@group-6458135C7B8A:t1, leader=s2, voted=s2, raftlog=Memoized:s4@group-6458135C7B8A-SegmentedRaftLog:OPENED:c0, conf=0: peers:[s3|rpc:localhost:34629|admin:localhost:38947|client:localhost:34343|dataStream:localhost:36131|priority:0|startupRole:FOLLOWER, s4|rpc:localhost:41115|admin:localhost:34281|client:localhost:37581|dataStream:localhost:43601|priority:0|startupRole:FOLLOWER, s0|rpc:localhost:41743|admin:localhost:42389|client:localhost:43463|dataStream:localhost:33005|priority:0|startupRole:FOLLOWER, s1|rpc:localhost:43623|admin:localhost:45655|client:localhost:33463|dataStream:localhost:33813|priority:0|startupRole:FOLLOWER, s2|rpc:localhost:37993|admin:localhost:44397|client:localhost:35825|dataStream:localhost:43663|priority:0|startupRole:FOLLOWER]|listeners:[], old=null
2022-08-26 17:03:32,906 [Thread-97] INFO  server.RaftServer$Division (RaftServerImpl.java:requestVote(1212)) - s2@group-6458135C7B8A: receive requestVote(PRE_VOTE, s0, group-6458135C7B8A, 1, (t:1, i:0))
2022-08-26 17:03:32,906 [Thread-97] INFO  impl.VoteContext (VoteContext.java:log(48)) - s2@group-6458135C7B8A-LEADER: reject PRE_VOTE from s0: this server is the leader and still has leadership
2022-08-26 17:03:32,906 [Thread-97] INFO  server.RaftServer$Division (RaftServerImpl.java:requestVote(1245)) - s2@group-6458135C7B8A replies to PRE_VOTE vote request: s0<-s2#0:FAIL-t1. Peer's state: s2@group-6458135C7B8A:t1, leader=s2, voted=s2, raftlog=Memoized:s2@group-6458135C7B8A-SegmentedRaftLog:OPENED:c0, conf=0: peers:[s3|rpc:localhost:34629|admin:localhost:38947|client:localhost:34343|dataStream:localhost:36131|priority:0|startupRole:FOLLOWER, s4|rpc:localhost:41115|admin:localhost:34281|client:localhost:37581|dataStream:localhost:43601|priority:0|startupRole:FOLLOWER, s0|rpc:localhost:41743|admin:localhost:42389|client:localhost:43463|dataStream:localhost:33005|priority:0|startupRole:FOLLOWER, s1|rpc:localhost:43623|admin:localhost:45655|client:localhost:33463|dataStream:localhost:33813|priority:0|startupRole:FOLLOWER, s2|rpc:localhost:37993|admin:localhost:44397|client:localhost:35825|dataStream:localhost:43663|priority:0|startupRole:FOLLOWER]|listeners:[], old=null
2022-08-26 17:03:32,906 [Thread-88] INFO  server.RaftServer$Division (RaftServerImpl.java:requestVote(1212)) - s1@group-6458135C7B8A: receive requestVote(PRE_VOTE, s0, group-6458135C7B8A, 1, (t:1, i:0))
2022-08-26 17:03:32,906 [Thread-88] INFO  impl.VoteContext (VoteContext.java:log(48)) - s1@group-6458135C7B8A-FOLLOWER: reject PRE_VOTE from s0: this server is a follower and still has a valid leader s2
2022-08-26 17:03:32,906 [Thread-88] INFO  server.RaftServer$Division (RaftServerImpl.java:requestVote(1245)) - s1@group-6458135C7B8A replies to PRE_VOTE vote request: s0<-s1#0:FAIL-t1. Peer's state: s1@group-6458135C7B8A:t1, leader=s2, voted=s2, raftlog=Memoized:s1@group-6458135C7B8A-SegmentedRaftLog:OPENED:c0, conf=0: peers:[s3|rpc:localhost:34629|admin:localhost:38947|client:localhost:34343|dataStream:localhost:36131|priority:0|startupRole:FOLLOWER, s4|rpc:localhost:41115|admin:localhost:34281|client:localhost:37581|dataStream:localhost:43601|priority:0|startupRole:FOLLOWER, s0|rpc:localhost:41743|admin:localhost:42389|client:localhost:43463|dataStream:localhost:33005|priority:0|startupRole:FOLLOWER, s1|rpc:localhost:43623|admin:localhost:45655|client:localhost:33463|dataStream:localhost:33813|priority:0|startupRole:FOLLOWER, s2|rpc:localhost:37993|admin:localhost:44397|client:localhost:35825|dataStream:localhost:43663|priority:0|startupRole:FOLLOWER]|listeners:[], old=null
2022-08-26 17:03:32,922 [s0@group-6458135C7B8A-LeaderElection22] INFO  impl.LeaderElection (LeaderElection.java:logAndReturn(90)) - s0@group-6458135C7B8A-LeaderElection22: PRE_VOTE REJECTED received 3 response(s) and 0 exception(s):
2022-08-26 17:03:32,923 [s0@group-6458135C7B8A-LeaderElection22] INFO  impl.LeaderElection (LeaderElection.java:logAndReturn(94)) -   Response 0: s0<-s3#0:FAIL-t1
2022-08-26 17:03:32,923 [s0@group-6458135C7B8A-LeaderElection22] INFO  impl.LeaderElection (LeaderElection.java:logAndReturn(94)) -   Response 1: s0<-s1#0:FAIL-t1
2022-08-26 17:03:32,923 [s0@group-6458135C7B8A-LeaderElection22] INFO  impl.LeaderElection (LeaderElection.java:logAndReturn(94)) -   Response 2: s0<-s2#0:FAIL-t1
2022-08-26 17:03:32,923 [s0@group-6458135C7B8A-LeaderElection22] INFO  impl.LeaderElection (LeaderElection.java:askForVotes(312)) - s0@group-6458135C7B8A-LeaderElection22 PRE_VOTE round 1: result REJECTED
2022-08-26 17:03:32,923 [s0@group-6458135C7B8A-LeaderElection22] INFO  server.RaftServer$Division (RaftServerImpl.java:setRole(315)) - s0@group-6458135C7B8A: changes role from CANDIDATE to FOLLOWER at term 1 for REJECTED
2022-08-26 17:03:32,923 [s0@group-6458135C7B8A-LeaderElection22] INFO  impl.RoleInfo (RoleInfo.java:shutdownLeaderElection(130)) - s0: shutdown s0@group-6458135C7B8A-LeaderElection22
2022-08-26 17:03:32,923 [s0@group-6458135C7B8A-LeaderElection22] INFO  impl.RoleInfo (RoleInfo.java:updateAndGet(139)) - s0: start s0@group-6458135C7B8A-FollowerState
2022-08-26 17:03:32,962 [Timer-1] INFO  impl.MiniRaftCluster (MiniRaftCluster.java:lambda$start$6(347)) - TIMED-PRINT: printing ALL groups
  s3:  RUNNING  FOLLOWER s3@group-6458135C7B8A:t1, leader=s2, voted=s2, raftlog=Memoized:s3@group-6458135C7B8A-SegmentedRaftLog:OPENED:c0, conf=0: peers:[s3|rpc:localhost:34629|admin:localhost:38947|client:localhost:34343|dataStream:localhost:36131|priority:0|startupRole:FOLLOWER, s4|rpc:localhost:41115|admin:localhost:34281|client:localhost:37581|dataStream:localhost:43601|priority:0|startupRole:FOLLOWER, s0|rpc:localhost:41743|admin:localhost:42389|client:localhost:43463|dataStream:localhost:33005|priority:0|startupRole:FOLLOWER, s1|rpc:localhost:43623|admin:localhost:45655|client:localhost:33463|dataStream:localhost:33813|priority:0|startupRole:FOLLOWER, s2|rpc:localhost:37993|admin:localhost:44397|client:localhost:35825|dataStream:localhost:43663|priority:0|startupRole:FOLLOWER]|listeners:[], old=null RUNNING
  s4:  RUNNING  FOLLOWER s4@group-6458135C7B8A:t1, leader=s2, voted=s2, raftlog=Memoized:s4@group-6458135C7B8A-SegmentedRaftLog:OPENED:c0, conf=0: peers:[s3|rpc:localhost:34629|admin:localhost:38947|client:localhost:34343|dataStream:localhost:36131|priority:0|startupRole:FOLLOWER, s4|rpc:localhost:41115|admin:localhost:34281|client:localhost:37581|dataStream:localhost:43601|priority:0|startupRole:FOLLOWER, s0|rpc:localhost:41743|admin:localhost:42389|client:localhost:43463|dataStream:localhost:33005|priority:0|startupRole:FOLLOWER, s1|rpc:localhost:43623|admin:localhost:45655|client:localhost:33463|dataStream:localhost:33813|priority:0|startupRole:FOLLOWER, s2|rpc:localhost:37993|admin:localhost:44397|client:localhost:35825|dataStream:localhost:43663|priority:0|startupRole:FOLLOWER]|listeners:[], old=null RUNNING
  s0:  RUNNING  FOLLOWER s0@group-6458135C7B8A:t1, leader=null, voted=s2, raftlog=Memoized:s0@group-6458135C7B8A-SegmentedRaftLog:OPENED:c0, conf=0: peers:[s3|rpc:localhost:34629|admin:localhost:38947|client:localhost:34343|dataStream:localhost:36131|priority:0|startupRole:FOLLOWER, s4|rpc:localhost:41115|admin:localhost:34281|client:localhost:37581|dataStream:localhost:43601|priority:0|startupRole:FOLLOWER, s0|rpc:localhost:41743|admin:localhost:42389|client:localhost:43463|dataStream:localhost:33005|priority:0|startupRole:FOLLOWER, s1|rpc:localhost:43623|admin:localhost:45655|client:localhost:33463|dataStream:localhost:33813|priority:0|startupRole:FOLLOWER, s2|rpc:localhost:37993|admin:localhost:44397|client:localhost:35825|dataStream:localhost:43663|priority:0|startupRole:FOLLOWER]|listeners:[], old=null RUNNING
  s1:  RUNNING  FOLLOWER s1@group-6458135C7B8A:t1, leader=s2, voted=s2, raftlog=Memoized:s1@group-6458135C7B8A-SegmentedRaftLog:OPENED:c0, conf=0: peers:[s3|rpc:localhost:34629|admin:localhost:38947|client:localhost:34343|dataStream:localhost:36131|priority:0|startupRole:FOLLOWER, s4|rpc:localhost:41115|admin:localhost:34281|client:localhost:37581|dataStream:localhost:43601|priority:0|startupRole:FOLLOWER, s0|rpc:localhost:41743|admin:localhost:42389|client:localhost:43463|dataStream:localhost:33005|priority:0|startupRole:FOLLOWER, s1|rpc:localhost:43623|admin:localhost:45655|client:localhost:33463|dataStream:localhost:33813|priority:0|startupRole:FOLLOWER, s2|rpc:localhost:37993|admin:localhost:44397|client:localhost:35825|dataStream:localhost:43663|priority:0|startupRole:FOLLOWER]|listeners:[], old=null RUNNING
  s2:  RUNNING    LEADER s2@group-6458135C7B8A:t1, leader=s2, voted=s2, raftlog=Memoized:s2@group-6458135C7B8A-SegmentedRaftLog:OPENED:c0, conf=0: peers:[s3|rpc:localhost:34629|admin:localhost:38947|client:localhost:34343|dataStream:localhost:36131|priority:0|startupRole:FOLLOWER, s4|rpc:localhost:41115|admin:localhost:34281|client:localhost:37581|dataStream:localhost:43601|priority:0|startupRole:FOLLOWER, s0|rpc:localhost:41743|admin:localhost:42389|client:localhost:43463|dataStream:localhost:33005|priority:0|startupRole:FOLLOWER, s1|rpc:localhost:43623|admin:localhost:45655|client:localhost:33463|dataStream:localhost:33813|priority:0|startupRole:FOLLOWER, s2|rpc:localhost:37993|admin:localhost:44397|client:localhost:35825|dataStream:localhost:43663|priority:0|startupRole:FOLLOWER]|listeners:[], old=null RUNNING
2022-08-26 17:03:33,094 [Thread-82] INFO  server.RaftServer$Division (ServerState.java:setLeader(255)) - s0@group-6458135C7B8A: change Leader from null to s2 at term 1 for appendEntries, leader elected after 349ms
2022-08-26 17:03:33,331 [Time-limited test] INFO  simulation.TestLeaderElectionWithSimulatedRpc (LeaderElectionTests.java:enforceLeader(251)) - printing ALL groups
  s3:  RUNNING  FOLLOWER s3@group-6458135C7B8A:t1, leader=s2, voted=s2, raftlog=Memoized:s3@group-6458135C7B8A-SegmentedRaftLog:OPENED:c0, conf=0: peers:[s3|rpc:localhost:34629|admin:localhost:38947|client:localhost:34343|dataStream:localhost:36131|priority:0|startupRole:FOLLOWER, s4|rpc:localhost:41115|admin:localhost:34281|client:localhost:37581|dataStream:localhost:43601|priority:0|startupRole:FOLLOWER, s0|rpc:localhost:41743|admin:localhost:42389|client:localhost:43463|dataStream:localhost:33005|priority:0|startupRole:FOLLOWER, s1|rpc:localhost:43623|admin:localhost:45655|client:localhost:33463|dataStream:localhost:33813|priority:0|startupRole:FOLLOWER, s2|rpc:localhost:37993|admin:localhost:44397|client:localhost:35825|dataStream:localhost:43663|priority:0|startupRole:FOLLOWER]|listeners:[], old=null RUNNING
  s4:  RUNNING  FOLLOWER s4@group-6458135C7B8A:t1, leader=s2, voted=s2, raftlog=Memoized:s4@group-6458135C7B8A-SegmentedRaftLog:OPENED:c0, conf=0: peers:[s3|rpc:localhost:34629|admin:localhost:38947|client:localhost:34343|dataStream:localhost:36131|priority:0|startupRole:FOLLOWER, s4|rpc:localhost:41115|admin:localhost:34281|client:localhost:37581|dataStream:localhost:43601|priority:0|startupRole:FOLLOWER, s0|rpc:localhost:41743|admin:localhost:42389|client:localhost:43463|dataStream:localhost:33005|priority:0|startupRole:FOLLOWER, s1|rpc:localhost:43623|admin:localhost:45655|client:localhost:33463|dataStream:localhost:33813|priority:0|startupRole:FOLLOWER, s2|rpc:localhost:37993|admin:localhost:44397|client:localhost:35825|dataStream:localhost:43663|priority:0|startupRole:FOLLOWER]|listeners:[], old=null RUNNING
  s0:  RUNNING  FOLLOWER s0@group-6458135C7B8A:t1, leader=s2, voted=s2, raftlog=Memoized:s0@group-6458135C7B8A-SegmentedRaftLog:OPENED:c0, conf=0: peers:[s3|rpc:localhost:34629|admin:localhost:38947|client:localhost:34343|dataStream:localhost:36131|priority:0|startupRole:FOLLOWER, s4|rpc:localhost:41115|admin:localhost:34281|client:localhost:37581|dataStream:localhost:43601|priority:0|startupRole:FOLLOWER, s0|rpc:localhost:41743|admin:localhost:42389|client:localhost:43463|dataStream:localhost:33005|priority:0|startupRole:FOLLOWER, s1|rpc:localhost:43623|admin:localhost:45655|client:localhost:33463|dataStream:localhost:33813|priority:0|startupRole:FOLLOWER, s2|rpc:localhost:37993|admin:localhost:44397|client:localhost:35825|dataStream:localhost:43663|priority:0|startupRole:FOLLOWER]|listeners:[], old=null RUNNING
  s1:  RUNNING  FOLLOWER s1@group-6458135C7B8A:t1, leader=s2, voted=s2, raftlog=Memoized:s1@group-6458135C7B8A-SegmentedRaftLog:OPENED:c0, conf=0: peers:[s3|rpc:localhost:34629|admin:localhost:38947|client:localhost:34343|dataStream:localhost:36131|priority:0|startupRole:FOLLOWER, s4|rpc:localhost:41115|admin:localhost:34281|client:localhost:37581|dataStream:localhost:43601|priority:0|startupRole:FOLLOWER, s0|rpc:localhost:41743|admin:localhost:42389|client:localhost:43463|dataStream:localhost:33005|priority:0|startupRole:FOLLOWER, s1|rpc:localhost:43623|admin:localhost:45655|client:localhost:33463|dataStream:localhost:33813|priority:0|startupRole:FOLLOWER, s2|rpc:localhost:37993|admin:localhost:44397|client:localhost:35825|dataStream:localhost:43663|priority:0|startupRole:FOLLOWER]|listeners:[], old=null RUNNING
  s2:  RUNNING    LEADER s2@group-6458135C7B8A:t1, leader=s2, voted=s2, raftlog=Memoized:s2@group-6458135C7B8A-SegmentedRaftLog:OPENED:c0, conf=0: peers:[s3|rpc:localhost:34629|admin:localhost:38947|client:localhost:34343|dataStream:localhost:36131|priority:0|startupRole:FOLLOWER, s4|rpc:localhost:41115|admin:localhost:34281|client:localhost:37581|dataStream:localhost:43601|priority:0|startupRole:FOLLOWER, s0|rpc:localhost:41743|admin:localhost:42389|client:localhost:43463|dataStream:localhost:33005|priority:0|startupRole:FOLLOWER, s1|rpc:localhost:43623|admin:localhost:45655|client:localhost:33463|dataStream:localhost:33813|priority:0|startupRole:FOLLOWER, s2|rpc:localhost:37993|admin:localhost:44397|client:localhost:35825|dataStream:localhost:43663|priority:0|startupRole:FOLLOWER]|listeners:[], old=null RUNNING
2022-08-26 17:03:33,333 [Time-limited test] INFO  impl.MiniRaftCluster (MiniRaftCluster.java:shutdown(829)) - ************************************************************** 
2022-08-26 17:03:33,333 [Time-limited test] INFO  impl.MiniRaftCluster (MiniRaftCluster.java:shutdown(830)) - *** 
2022-08-26 17:03:33,333 [Time-limited test] INFO  impl.MiniRaftCluster (MiniRaftCluster.java:shutdown(831)) - ***     Stopping MiniRaftClusterWithSimulatedRpc
2022-08-26 17:03:33,333 [Time-limited test] INFO  impl.MiniRaftCluster (MiniRaftCluster.java:shutdown(832)) - *** 
2022-08-26 17:03:33,333 [Time-limited test] INFO  impl.MiniRaftCluster (MiniRaftCluster.java:shutdown(833)) - ************************************************************** 
2022-08-26 17:03:33,333 [Time-limited test] INFO  impl.MiniRaftCluster (MiniRaftCluster.java:shutdown(834)) - printing ALL groups
  s3:  RUNNING  FOLLOWER s3@group-6458135C7B8A:t1, leader=s2, voted=s2, raftlog=Memoized:s3@group-6458135C7B8A-SegmentedRaftLog:OPENED:c0, conf=0: peers:[s3|rpc:localhost:34629|admin:localhost:38947|client:localhost:34343|dataStream:localhost:36131|priority:0|startupRole:FOLLOWER, s4|rpc:localhost:41115|admin:localhost:34281|client:localhost:37581|dataStream:localhost:43601|priority:0|startupRole:FOLLOWER, s0|rpc:localhost:41743|admin:localhost:42389|client:localhost:43463|dataStream:localhost:33005|priority:0|startupRole:FOLLOWER, s1|rpc:localhost:43623|admin:localhost:45655|client:localhost:33463|dataStream:localhost:33813|priority:0|startupRole:FOLLOWER, s2|rpc:localhost:37993|admin:localhost:44397|client:localhost:35825|dataStream:localhost:43663|priority:0|startupRole:FOLLOWER]|listeners:[], old=null RUNNING
  s4:  RUNNING  FOLLOWER s4@group-6458135C7B8A:t1, leader=s2, voted=s2, raftlog=Memoized:s4@group-6458135C7B8A-SegmentedRaftLog:OPENED:c0, conf=0: peers:[s3|rpc:localhost:34629|admin:localhost:38947|client:localhost:34343|dataStream:localhost:36131|priority:0|startupRole:FOLLOWER, s4|rpc:localhost:41115|admin:localhost:34281|client:localhost:37581|dataStream:localhost:43601|priority:0|startupRole:FOLLOWER, s0|rpc:localhost:41743|admin:localhost:42389|client:localhost:43463|dataStream:localhost:33005|priority:0|startupRole:FOLLOWER, s1|rpc:localhost:43623|admin:localhost:45655|client:localhost:33463|dataStream:localhost:33813|priority:0|startupRole:FOLLOWER, s2|rpc:localhost:37993|admin:localhost:44397|client:localhost:35825|dataStream:localhost:43663|priority:0|startupRole:FOLLOWER]|listeners:[], old=null RUNNING
  s0:  RUNNING  FOLLOWER s0@group-6458135C7B8A:t1, leader=s2, voted=s2, raftlog=Memoized:s0@group-6458135C7B8A-SegmentedRaftLog:OPENED:c0, conf=0: peers:[s3|rpc:localhost:34629|admin:localhost:38947|client:localhost:34343|dataStream:localhost:36131|priority:0|startupRole:FOLLOWER, s4|rpc:localhost:41115|admin:localhost:34281|client:localhost:37581|dataStream:localhost:43601|priority:0|startupRole:FOLLOWER, s0|rpc:localhost:41743|admin:localhost:42389|client:localhost:43463|dataStream:localhost:33005|priority:0|startupRole:FOLLOWER, s1|rpc:localhost:43623|admin:localhost:45655|client:localhost:33463|dataStream:localhost:33813|priority:0|startupRole:FOLLOWER, s2|rpc:localhost:37993|admin:localhost:44397|client:localhost:35825|dataStream:localhost:43663|priority:0|startupRole:FOLLOWER]|listeners:[], old=null RUNNING
  s1:  RUNNING  FOLLOWER s1@group-6458135C7B8A:t1, leader=s2, voted=s2, raftlog=Memoized:s1@group-6458135C7B8A-SegmentedRaftLog:OPENED:c0, conf=0: peers:[s3|rpc:localhost:34629|admin:localhost:38947|client:localhost:34343|dataStream:localhost:36131|priority:0|startupRole:FOLLOWER, s4|rpc:localhost:41115|admin:localhost:34281|client:localhost:37581|dataStream:localhost:43601|priority:0|startupRole:FOLLOWER, s0|rpc:localhost:41743|admin:localhost:42389|client:localhost:43463|dataStream:localhost:33005|priority:0|startupRole:FOLLOWER, s1|rpc:localhost:43623|admin:localhost:45655|client:localhost:33463|dataStream:localhost:33813|priority:0|startupRole:FOLLOWER, s2|rpc:localhost:37993|admin:localhost:44397|client:localhost:35825|dataStream:localhost:43663|priority:0|startupRole:FOLLOWER]|listeners:[], old=null RUNNING
  s2:  RUNNING    LEADER s2@group-6458135C7B8A:t1, leader=s2, voted=s2, raftlog=Memoized:s2@group-6458135C7B8A-SegmentedRaftLog:OPENED:c0, conf=0: peers:[s3|rpc:localhost:34629|admin:localhost:38947|client:localhost:34343|dataStream:localhost:36131|priority:0|startupRole:FOLLOWER, s4|rpc:localhost:41115|admin:localhost:34281|client:localhost:37581|dataStream:localhost:43601|priority:0|startupRole:FOLLOWER, s0|rpc:localhost:41743|admin:localhost:42389|client:localhost:43463|dataStream:localhost:33005|priority:0|startupRole:FOLLOWER, s1|rpc:localhost:43623|admin:localhost:45655|client:localhost:33463|dataStream:localhost:33813|priority:0|startupRole:FOLLOWER, s2|rpc:localhost:37993|admin:localhost:44397|client:localhost:35825|dataStream:localhost:43663|priority:0|startupRole:FOLLOWER]|listeners:[], old=null RUNNING
2022-08-26 17:03:33,334 [java.util.concurrent.ThreadPoolExecutor$Worker@1e864030[State = -1, empty queue]] INFO  server.RaftServer (RaftServerProxy.java:lambda$close$7(404)) - s3: close
2022-08-26 17:03:33,334 [s3-impl-thread1] INFO  server.RaftServer$Division (RaftServerImpl.java:lambda$close$4(452)) - s3@group-6458135C7B8A: shutdown
2022-08-26 17:03:33,334 [s3-impl-thread1] INFO  util.JmxRegister (JmxRegister.java:unregister(73)) - Successfully un-registered JMX Bean with object name Ratis:service=RaftServer,group=group-6458135C7B8A,id=s3
2022-08-26 17:03:33,334 [s3-impl-thread1] INFO  impl.RoleInfo (RoleInfo.java:shutdownFollowerState(110)) - s3: shutdown s3@group-6458135C7B8A-FollowerState
2022-08-26 17:03:33,335 [s3-impl-thread1] INFO  impl.StateMachineUpdater (StateMachineUpdater.java:stopAndJoin(153)) - s3@group-6458135C7B8A-StateMachineUpdater: set stopIndex = 0
2022-08-26 17:03:33,335 [s3@group-6458135C7B8A-FollowerState] INFO  impl.FollowerState (FollowerState.java:run(152)) - s3@group-6458135C7B8A-FollowerState was interrupted
2022-08-26 17:03:33,335 [java.util.concurrent.ThreadPoolExecutor$Worker@7cf6826f[State = -1, empty queue]] INFO  server.RaftServer (RaftServerProxy.java:lambda$close$7(404)) - s4: close
2022-08-26 17:03:33,335 [s4-impl-thread1] INFO  server.RaftServer$Division (RaftServerImpl.java:lambda$close$4(452)) - s4@group-6458135C7B8A: shutdown
2022-08-26 17:03:33,335 [s4-impl-thread1] INFO  util.JmxRegister (JmxRegister.java:unregister(73)) - Successfully un-registered JMX Bean with object name Ratis:service=RaftServer,group=group-6458135C7B8A,id=s4
2022-08-26 17:03:33,335 [s4-impl-thread1] INFO  impl.RoleInfo (RoleInfo.java:shutdownFollowerState(110)) - s4: shutdown s4@group-6458135C7B8A-FollowerState
2022-08-26 17:03:33,335 [s4-impl-thread1] INFO  impl.StateMachineUpdater (StateMachineUpdater.java:stopAndJoin(153)) - s4@group-6458135C7B8A-StateMachineUpdater: set stopIndex = 0
2022-08-26 17:03:33,335 [s4@group-6458135C7B8A-FollowerState] INFO  impl.FollowerState (FollowerState.java:run(152)) - s4@group-6458135C7B8A-FollowerState was interrupted
2022-08-26 17:03:33,335 [Thread-77] INFO  simulation.RequestHandler (RequestHandler.java:run(126)) - s4.clientHandler0 is interrupted by java.io.InterruptedIOException: 
2022-08-26 17:03:33,335 [Thread-78] INFO  simulation.RequestHandler (RequestHandler.java:run(126)) - s4.clientHandler1 is interrupted by java.io.InterruptedIOException: 
2022-08-26 17:03:33,335 [java.util.concurrent.ThreadPoolExecutor$Worker@dde4368[State = -1, empty queue]] INFO  server.RaftServer (RaftServerProxy.java:lambda$close$7(404)) - s0: close
2022-08-26 17:03:33,335 [s0-impl-thread1] INFO  server.RaftServer$Division (RaftServerImpl.java:lambda$close$4(452)) - s0@group-6458135C7B8A: shutdown
2022-08-26 17:03:33,335 [s0-impl-thread1] INFO  util.JmxRegister (JmxRegister.java:unregister(73)) - Successfully un-registered JMX Bean with object name Ratis:service=RaftServer,group=group-6458135C7B8A,id=s0
2022-08-26 17:03:33,335 [s0-impl-thread1] INFO  impl.RoleInfo (RoleInfo.java:shutdownFollowerState(110)) - s0: shutdown s0@group-6458135C7B8A-FollowerState
2022-08-26 17:03:33,336 [s0-impl-thread1] INFO  impl.StateMachineUpdater (StateMachineUpdater.java:stopAndJoin(153)) - s0@group-6458135C7B8A-StateMachineUpdater: set stopIndex = 0
2022-08-26 17:03:33,336 [s0@group-6458135C7B8A-FollowerState] INFO  impl.FollowerState (FollowerState.java:run(152)) - s0@group-6458135C7B8A-FollowerState was interrupted
2022-08-26 17:03:33,334 [Thread-72] INFO  simulation.RequestHandler (RequestHandler.java:run(126)) - s3.clientHandler2 is interrupted by java.io.InterruptedIOException: 
2022-08-26 17:03:33,334 [Thread-71] INFO  simulation.RequestHandler (RequestHandler.java:run(126)) - s3.clientHandler1 is interrupted by java.io.InterruptedIOException: 
2022-08-26 17:03:33,334 [Thread-70] INFO  simulation.RequestHandler (RequestHandler.java:run(126)) - s3.clientHandler0 is interrupted by java.io.InterruptedIOException: 
2022-08-26 17:03:33,336 [s0-impl-thread1] INFO  server.RaftServer$Division (ServerState.java:close(408)) - s0@group-6458135C7B8A: applyIndex: 0
2022-08-26 17:03:33,335 [s4-impl-thread1] INFO  server.RaftServer$Division (ServerState.java:close(408)) - s4@group-6458135C7B8A: applyIndex: 0
2022-08-26 17:03:33,336 [s0@group-6458135C7B8A-SegmentedRaftLogWorker] INFO  segmented.SegmentedRaftLogWorker (SegmentedRaftLogWorker.java:run(345)) - s0@group-6458135C7B8A-SegmentedRaftLogWorker was interrupted, exiting. There are 0 tasks remaining in the queue.
2022-08-26 17:03:33,335 [Thread-79] INFO  simulation.RequestHandler (RequestHandler.java:run(126)) - s4.clientHandler2 is interrupted by java.io.InterruptedIOException: 
2022-08-26 17:03:33,336 [s4@group-6458135C7B8A-SegmentedRaftLogWorker] INFO  segmented.SegmentedRaftLogWorker (SegmentedRaftLogWorker.java:run(345)) - s4@group-6458135C7B8A-SegmentedRaftLogWorker was interrupted, exiting. There are 0 tasks remaining in the queue.
2022-08-26 17:03:33,336 [Thread-85] INFO  simulation.RequestHandler (RequestHandler.java:run(126)) - s0.clientHandler1 is interrupted by java.io.InterruptedIOException: 
2022-08-26 17:03:33,336 [Thread-84] INFO  simulation.RequestHandler (RequestHandler.java:run(126)) - s0.clientHandler0 is interrupted by java.io.InterruptedIOException: 
2022-08-26 17:03:33,336 [Thread-86] INFO  simulation.RequestHandler (RequestHandler.java:run(126)) - s0.clientHandler2 is interrupted by java.io.InterruptedIOException: 
2022-08-26 17:03:33,335 [s3-impl-thread1] INFO  server.RaftServer$Division (ServerState.java:close(408)) - s3@group-6458135C7B8A: applyIndex: 0
2022-08-26 17:03:33,336 [s3@group-6458135C7B8A-SegmentedRaftLogWorker] INFO  segmented.SegmentedRaftLogWorker (SegmentedRaftLogWorker.java:run(345)) - s3@group-6458135C7B8A-SegmentedRaftLogWorker was interrupted, exiting. There are 0 tasks remaining in the queue.
2022-08-26 17:03:33,339 [s0-impl-thread1] INFO  segmented.SegmentedRaftLogWorker (SegmentedRaftLogWorker.java:close(255)) - s0@group-6458135C7B8A-SegmentedRaftLogWorker close()
2022-08-26 17:03:33,339 [Thread-67] INFO  simulation.RequestHandler (RequestHandler.java:run(126)) - s3.serverHandler0 is interrupted by java.io.InterruptedIOException: 
2022-08-26 17:03:33,339 [Thread-68] INFO  simulation.RequestHandler (RequestHandler.java:run(126)) - s3.serverHandler1 is interrupted by java.io.InterruptedIOException: 
2022-08-26 17:03:33,339 [Thread-69] INFO  simulation.RequestHandler (RequestHandler.java:run(126)) - s3.serverHandler2 is interrupted by java.io.InterruptedIOException: 
2022-08-26 17:03:33,339 [Thread-75] INFO  simulation.RequestHandler (RequestHandler.java:run(126)) - s4.serverHandler1 is interrupted by java.io.InterruptedIOException: 
2022-08-26 17:03:33,347 [java.util.concurrent.ThreadPoolExecutor$Worker@77428c54[State = -1, empty queue]] INFO  server.RaftServer (RaftServerProxy.java:lambda$close$7(404)) - s1: close
2022-08-26 17:03:33,347 [s1-impl-thread1] INFO  server.RaftServer$Division (RaftServerImpl.java:lambda$close$4(452)) - s1@group-6458135C7B8A: shutdown
2022-08-26 17:03:33,347 [s1-impl-thread1] INFO  util.JmxRegister (JmxRegister.java:unregister(73)) - Successfully un-registered JMX Bean with object name Ratis:service=RaftServer,group=group-6458135C7B8A,id=s1
2022-08-26 17:03:33,347 [s1-impl-thread1] INFO  impl.RoleInfo (RoleInfo.java:shutdownFollowerState(110)) - s1: shutdown s1@group-6458135C7B8A-FollowerState
2022-08-26 17:03:33,347 [s1-impl-thread1] INFO  impl.StateMachineUpdater (StateMachineUpdater.java:stopAndJoin(153)) - s1@group-6458135C7B8A-StateMachineUpdater: set stopIndex = 0
2022-08-26 17:03:33,347 [s1@group-6458135C7B8A-FollowerState] INFO  impl.FollowerState (FollowerState.java:run(152)) - s1@group-6458135C7B8A-FollowerState was interrupted
2022-08-26 17:03:33,347 [s1-impl-thread1] INFO  server.RaftServer$Division (ServerState.java:close(408)) - s1@group-6458135C7B8A: applyIndex: 0
2022-08-26 17:03:33,347 [s1@group-6458135C7B8A-SegmentedRaftLogWorker] INFO  segmented.SegmentedRaftLogWorker (SegmentedRaftLogWorker.java:run(345)) - s1@group-6458135C7B8A-SegmentedRaftLogWorker was interrupted, exiting. There are 0 tasks remaining in the queue.
2022-08-26 17:03:33,348 [Thread-91] INFO  simulation.RequestHandler (RequestHandler.java:run(126)) - s1.clientHandler0 is interrupted by java.io.InterruptedIOException: 
2022-08-26 17:03:33,348 [Thread-92] INFO  simulation.RequestHandler (RequestHandler.java:run(126)) - s1.clientHandler1 is interrupted by java.io.InterruptedIOException: 
2022-08-26 17:03:33,348 [Thread-93] INFO  simulation.RequestHandler (RequestHandler.java:run(126)) - s1.clientHandler2 is interrupted by java.io.InterruptedIOException: 
2022-08-26 17:03:33,348 [Thread-88] INFO  simulation.RequestHandler (RequestHandler.java:run(126)) - s1.serverHandler0 is interrupted by java.io.InterruptedIOException: 
2022-08-26 17:03:33,348 [Thread-90] INFO  simulation.RequestHandler (RequestHandler.java:run(126)) - s1.serverHandler2 is interrupted by java.io.InterruptedIOException: 
2022-08-26 17:03:33,349 [Thread-89] INFO  simulation.RequestHandler (RequestHandler.java:run(126)) - s1.serverHandler1 is interrupted by java.io.InterruptedIOException: 
2022-08-26 17:03:33,349 [Thread-74] INFO  simulation.RequestHandler (RequestHandler.java:run(126)) - s4.serverHandler0 is interrupted by java.io.InterruptedIOException: 
2022-08-26 17:03:33,349 [Thread-81] INFO  simulation.RequestHandler (RequestHandler.java:run(126)) - s0.serverHandler0 is interrupted by java.io.InterruptedIOException: 
2022-08-26 17:03:33,349 [Thread-83] INFO  simulation.RequestHandler (RequestHandler.java:run(126)) - s0.serverHandler2 is interrupted by java.io.InterruptedIOException: 
2022-08-26 17:03:33,349 [Thread-82] INFO  simulation.RequestHandler (RequestHandler.java:run(126)) - s0.serverHandler1 is interrupted by java.io.InterruptedIOException: 
2022-08-26 17:03:33,349 [s4-impl-thread1] INFO  segmented.SegmentedRaftLogWorker (SegmentedRaftLogWorker.java:close(255)) - s4@group-6458135C7B8A-SegmentedRaftLogWorker close()
2022-08-26 17:03:33,349 [org.apache.ratis.util.JvmPauseMonitor$$Lambda$310/0x0000000100238440@314efd2b] INFO  util.JvmPauseMonitor (JvmPauseMonitor.java:run(109)) - JvmPauseMonitor-s0: Stopped
2022-08-26 17:03:33,350 [s3-impl-thread1] INFO  segmented.SegmentedRaftLogWorker (SegmentedRaftLogWorker.java:close(255)) - s3@group-6458135C7B8A-SegmentedRaftLogWorker close()
2022-08-26 17:03:33,350 [Thread-76] INFO  simulation.RequestHandler (RequestHandler.java:run(126)) - s4.serverHandler2 is interrupted by java.io.InterruptedIOException: 
2022-08-26 17:03:33,351 [org.apache.ratis.util.JvmPauseMonitor$$Lambda$310/0x0000000100238440@52c77433] INFO  util.JvmPauseMonitor (JvmPauseMonitor.java:run(109)) - JvmPauseMonitor-s1: Stopped
2022-08-26 17:03:33,352 [org.apache.ratis.util.JvmPauseMonitor$$Lambda$310/0x0000000100238440@62b14238] INFO  util.JvmPauseMonitor (JvmPauseMonitor.java:run(109)) - JvmPauseMonitor-s4: Stopped
2022-08-26 17:03:33,352 [java.util.concurrent.ThreadPoolExecutor$Worker@5b69d54c[State = -1, empty queue]] INFO  server.RaftServer (RaftServerProxy.java:lambda$close$7(404)) - s2: close
2022-08-26 17:03:33,352 [s2-impl-thread1] INFO  server.RaftServer$Division (RaftServerImpl.java:lambda$close$4(452)) - s2@group-6458135C7B8A: shutdown
2022-08-26 17:03:33,353 [s2-impl-thread1] INFO  util.JmxRegister (JmxRegister.java:unregister(73)) - Successfully un-registered JMX Bean with object name Ratis:service=RaftServer,group=group-6458135C7B8A,id=s2
2022-08-26 17:03:33,353 [s2-impl-thread1] INFO  impl.RoleInfo (RoleInfo.java:shutdownLeaderState(93)) - s2: shutdown s2@group-6458135C7B8A-LeaderStateImpl
2022-08-26 17:03:33,352 [s1-impl-thread1] INFO  segmented.SegmentedRaftLogWorker (SegmentedRaftLogWorker.java:close(255)) - s1@group-6458135C7B8A-SegmentedRaftLogWorker close()
2022-08-26 17:03:33,353 [s2-impl-thread1] INFO  impl.PendingRequests (PendingRequests.java:sendNotLeaderResponses(282)) - s2@group-6458135C7B8A-PendingRequests: sendNotLeaderResponses
2022-08-26 17:03:33,353 [s2@group-6458135C7B8A->s3-LogAppenderDefault-LogAppenderDaemon] INFO  leader.LogAppenderDaemon (LogAppenderDaemon.java:run(82)) - s2@group-6458135C7B8A->s3-LogAppenderDefault-LogAppenderDaemon was interrupted: java.lang.InterruptedException
2022-08-26 17:03:33,353 [s2-impl-thread1] INFO  impl.StateMachineUpdater (StateMachineUpdater.java:stopAndJoin(153)) - s2@group-6458135C7B8A-StateMachineUpdater: set stopIndex = 0
2022-08-26 17:03:33,352 [org.apache.ratis.util.JvmPauseMonitor$$Lambda$310/0x0000000100238440@2d6b41d0] INFO  util.JvmPauseMonitor (JvmPauseMonitor.java:run(109)) - JvmPauseMonitor-s3: Stopped
2022-08-26 17:03:33,353 [s2@group-6458135C7B8A->s0-LogAppenderDefault-LogAppenderDaemon] INFO  leader.LogAppenderDaemon (LogAppenderDaemon.java:run(82)) - s2@group-6458135C7B8A->s0-LogAppenderDefault-LogAppenderDaemon was interrupted: java.lang.InterruptedException
2022-08-26 17:03:33,353 [s2@group-6458135C7B8A->s1-LogAppenderDefault-LogAppenderDaemon] INFO  leader.LogAppenderDaemon (LogAppenderDaemon.java:run(82)) - s2@group-6458135C7B8A->s1-LogAppenderDefault-LogAppenderDaemon was interrupted: java.lang.InterruptedException
2022-08-26 17:03:33,354 [s2@group-6458135C7B8A->s4-LogAppenderDefault-LogAppenderDaemon] INFO  leader.LogAppenderDaemon (LogAppenderDaemon.java:run(82)) - s2@group-6458135C7B8A->s4-LogAppenderDefault-LogAppenderDaemon was interrupted: java.lang.InterruptedException
2022-08-26 17:03:33,354 [s2-impl-thread1] INFO  server.RaftServer$Division (ServerState.java:close(408)) - s2@group-6458135C7B8A: applyIndex: 0
2022-08-26 17:03:33,354 [s2@group-6458135C7B8A-SegmentedRaftLogWorker] INFO  segmented.SegmentedRaftLogWorker (SegmentedRaftLogWorker.java:run(345)) - s2@group-6458135C7B8A-SegmentedRaftLogWorker was interrupted, exiting. There are 0 tasks remaining in the queue.
2022-08-26 17:03:33,354 [Thread-98] INFO  simulation.RequestHandler (RequestHandler.java:run(126)) - s2.clientHandler0 is interrupted by java.io.InterruptedIOException: 
2022-08-26 17:03:33,354 [Thread-99] INFO  simulation.RequestHandler (RequestHandler.java:run(126)) - s2.clientHandler1 is interrupted by java.io.InterruptedIOException: 
2022-08-26 17:03:33,355 [Thread-100] INFO  simulation.RequestHandler (RequestHandler.java:run(126)) - s2.clientHandler2 is interrupted by java.io.InterruptedIOException: 
2022-08-26 17:03:33,355 [Thread-96] INFO  simulation.RequestHandler (RequestHandler.java:run(126)) - s2.serverHandler1 is interrupted by java.io.InterruptedIOException: 
2022-08-26 17:03:33,355 [Thread-97] INFO  simulation.RequestHandler (RequestHandler.java:run(126)) - s2.serverHandler2 is interrupted by java.io.InterruptedIOException: 
2022-08-26 17:03:33,355 [s2-impl-thread1] INFO  segmented.SegmentedRaftLogWorker (SegmentedRaftLogWorker.java:close(255)) - s2@group-6458135C7B8A-SegmentedRaftLogWorker close()
2022-08-26 17:03:33,355 [Thread-95] INFO  simulation.RequestHandler (RequestHandler.java:run(126)) - s2.serverHandler0 is interrupted by java.io.InterruptedIOException: 
2022-08-26 17:03:33,356 [org.apache.ratis.util.JvmPauseMonitor$$Lambda$310/0x0000000100238440@2555ca7a] INFO  util.JvmPauseMonitor (JvmPauseMonitor.java:run(109)) - JvmPauseMonitor-s2: Stopped
2022-08-26 17:03:33,356 [Time-limited test] INFO  impl.MiniRaftCluster (MiniRaftCluster.java:shutdown(852)) - MiniRaftClusterWithSimulatedRpc shutdown completed
]]></system-out>
  </testcase>
  <testcase name="testLostMajorityHeartbeats" classname="org.apache.ratis.server.simulation.TestLeaderElectionWithSimulatedRpc" time="1.129"/>
  <testcase name="testLateServerStart" classname="org.apache.ratis.server.simulation.TestLeaderElectionWithSimulatedRpc" time="4.5"/>
  <testcase name="testPreVote" classname="org.apache.ratis.server.simulation.TestLeaderElectionWithSimulatedRpc" time="4.539"/>
  <testcase name="testAddListener" classname="org.apache.ratis.server.simulation.TestLeaderElectionWithSimulatedRpc" time="0.593"/>
  <testcase name="testTransferLeaderTimeout" classname="org.apache.ratis.server.simulation.TestLeaderElectionWithSimulatedRpc" time="5.53"/>
  <testcase name="testBasicLeaderElection" classname="org.apache.ratis.server.simulation.TestLeaderElectionWithSimulatedRpc" time="5.492"/>
  <testcase name="testChangeFollowerToListener" classname="org.apache.ratis.server.simulation.TestLeaderElectionWithSimulatedRpc" time="0.525"/>
  <testcase name="testTransferLeader" classname="org.apache.ratis.server.simulation.TestLeaderElectionWithSimulatedRpc" time="1.409"/>
  <testcase name="testPauseResumeLeaderElection" classname="org.apache.ratis.server.simulation.TestLeaderElectionWithSimulatedRpc" time="1.031"/>
  <testcase name="testChangeLeader" classname="org.apache.ratis.server.simulation.TestLeaderElectionWithSimulatedRpc" time="5.35"/>
  <testcase name="testChangeListenerToFollower" classname="org.apache.ratis.server.simulation.TestLeaderElectionWithSimulatedRpc" time="0.515"/>
  <testcase name="testShutdownBeforeStart" classname="org.apache.ratis.server.simulation.TestLeaderElectionWithSimulatedRpc" time="1.604"/>
  <testcase name="testImmediatelyRevertedToFollower" classname="org.apache.ratis.server.simulation.TestLeaderElectionWithSimulatedRpc" time="0.006"/>
  <testcase name="testLeaderElectionMetrics" classname="org.apache.ratis.server.simulation.TestLeaderElectionWithSimulatedRpc" time="0.602"/>
</testsuite>