<?xml version="1.0" encoding="UTF-8"?>
<testsuite xmlns:xsi="http://www.w3.org/2001/XMLSchema-instance" xsi:noNamespaceSchemaLocation="https://maven.apache.org/surefire/maven-surefire-plugin/xsd/surefire-test-report.xsd" name="org.apache.ratis.server.simulation.TestServerRestartWithSimulatedRpc" time="46.786" tests="5" errors="0" skipped="0" failures="1">
  <properties>
    <property name="awt.toolkit" value="sun.awt.X11.XToolkit"/>
    <property name="java.specification.version" value="11"/>
    <property name="sun.cpu.isalist" value=""/>
    <property name="sun.jnu.encoding" value="UTF-8"/>
    <property name="java.class.path" value="/home/runner/work/ratis/ratis/ratis-test/target/test-classes:/home/runner/work/ratis/ratis/ratis-test/target/classes:/home/runner/work/ratis/ratis/ratis-common/target/classes:/home/runner/.m2/repository/org/apache/ratis/ratis-thirdparty-misc/1.0.3/ratis-thirdparty-misc-1.0.3.jar:/home/runner/work/ratis/ratis/ratis-proto/target/ratis-proto-3.0.0-SNAPSHOT.jar:/home/runner/work/ratis/ratis/ratis-common/target/test-classes:/home/runner/work/ratis/ratis/ratis-client/target/classes:/home/runner/work/ratis/ratis/ratis-server/target/classes:/home/runner/work/ratis/ratis/ratis-server-api/target/classes:/home/runner/work/ratis/ratis/ratis-metrics-api/target/classes:/home/runner/work/ratis/ratis/ratis-server/target/test-classes:/home/runner/work/ratis/ratis/ratis-metrics-default/target/classes:/home/runner/work/ratis/ratis/ratis-netty/target/classes:/home/runner/work/ratis/ratis/ratis-netty/target/test-classes:/home/runner/work/ratis/ratis/ratis-grpc/target/classes:/home/runner/work/ratis/ratis/ratis-grpc/target/test-classes:/home/runner/work/ratis/ratis/ratis-shell/target/classes:/home/runner/.m2/repository/commons-cli/commons-cli/1.5.0/commons-cli-1.5.0.jar:/home/runner/.m2/repository/org/reflections/reflections/0.10.2/reflections-0.10.2.jar:/home/runner/.m2/repository/org/javassist/javassist/3.28.0-GA/javassist-3.28.0-GA.jar:/home/runner/.m2/repository/com/google/code/findbugs/jsr305/3.0.2/jsr305-3.0.2.jar:/home/runner/.m2/repository/org/bouncycastle/bcprov-jdk15on/1.70/bcprov-jdk15on-1.70.jar:/home/runner/.m2/repository/org/bouncycastle/bcpkix-jdk15on/1.70/bcpkix-jdk15on-1.70.jar:/home/runner/.m2/repository/org/bouncycastle/bcutil-jdk15on/1.70/bcutil-jdk15on-1.70.jar:/home/runner/.m2/repository/org/slf4j/slf4j-api/1.7.36/slf4j-api-1.7.36.jar:/home/runner/.m2/repository/org/slf4j/slf4j-reload4j/1.7.36/slf4j-reload4j-1.7.36.jar:/home/runner/.m2/repository/ch/qos/reload4j/reload4j/1.2.19/reload4j-1.2.19.jar:/home/runner/.m2/repository/junit/junit/4.13.2/junit-4.13.2.jar:/home/runner/.m2/repository/org/hamcrest/hamcrest-core/1.3/hamcrest-core-1.3.jar:/home/runner/.m2/repository/org/mockito/mockito-core/4.3.1/mockito-core-4.3.1.jar:/home/runner/.m2/repository/net/bytebuddy/byte-buddy/1.12.7/byte-buddy-1.12.7.jar:/home/runner/.m2/repository/net/bytebuddy/byte-buddy-agent/1.12.7/byte-buddy-agent-1.12.7.jar:/home/runner/.m2/repository/org/objenesis/objenesis/3.2/objenesis-3.2.jar:"/>
    <property name="java.vm.vendor" value="Eclipse Adoptium"/>
    <property name="sun.arch.data.model" value="64"/>
    <property name="java.vendor.url" value="https://adoptium.net/"/>
    <property name="user.timezone" value=""/>
    <property name="java.vm.specification.version" value="11"/>
    <property name="os.name" value="Linux"/>
    <property name="sun.java.launcher" value="SUN_STANDARD"/>
    <property name="sun.boot.library.path" value="/usr/lib/jvm/temurin-11-jdk-amd64/lib"/>
    <property name="sun.java.command" value="/home/runner/work/ratis/ratis/ratis-test/target/surefire/surefirebooter18297513412122049890.jar /home/runner/work/ratis/ratis/ratis-test/target/surefire 2023-02-21T22-16-01_118-jvmRun1 surefire7251800790195060948tmp surefire_202871051276093475143tmp"/>
    <property name="jdk.debug" value="release"/>
    <property name="surefire.test.class.path" value="/home/runner/work/ratis/ratis/ratis-test/target/test-classes:/home/runner/work/ratis/ratis/ratis-test/target/classes:/home/runner/work/ratis/ratis/ratis-common/target/classes:/home/runner/.m2/repository/org/apache/ratis/ratis-thirdparty-misc/1.0.3/ratis-thirdparty-misc-1.0.3.jar:/home/runner/work/ratis/ratis/ratis-proto/target/ratis-proto-3.0.0-SNAPSHOT.jar:/home/runner/work/ratis/ratis/ratis-common/target/test-classes:/home/runner/work/ratis/ratis/ratis-client/target/classes:/home/runner/work/ratis/ratis/ratis-server/target/classes:/home/runner/work/ratis/ratis/ratis-server-api/target/classes:/home/runner/work/ratis/ratis/ratis-metrics-api/target/classes:/home/runner/work/ratis/ratis/ratis-server/target/test-classes:/home/runner/work/ratis/ratis/ratis-metrics-default/target/classes:/home/runner/work/ratis/ratis/ratis-netty/target/classes:/home/runner/work/ratis/ratis/ratis-netty/target/test-classes:/home/runner/work/ratis/ratis/ratis-grpc/target/classes:/home/runner/work/ratis/ratis/ratis-grpc/target/test-classes:/home/runner/work/ratis/ratis/ratis-shell/target/classes:/home/runner/.m2/repository/commons-cli/commons-cli/1.5.0/commons-cli-1.5.0.jar:/home/runner/.m2/repository/org/reflections/reflections/0.10.2/reflections-0.10.2.jar:/home/runner/.m2/repository/org/javassist/javassist/3.28.0-GA/javassist-3.28.0-GA.jar:/home/runner/.m2/repository/com/google/code/findbugs/jsr305/3.0.2/jsr305-3.0.2.jar:/home/runner/.m2/repository/org/bouncycastle/bcprov-jdk15on/1.70/bcprov-jdk15on-1.70.jar:/home/runner/.m2/repository/org/bouncycastle/bcpkix-jdk15on/1.70/bcpkix-jdk15on-1.70.jar:/home/runner/.m2/repository/org/bouncycastle/bcutil-jdk15on/1.70/bcutil-jdk15on-1.70.jar:/home/runner/.m2/repository/org/slf4j/slf4j-api/1.7.36/slf4j-api-1.7.36.jar:/home/runner/.m2/repository/org/slf4j/slf4j-reload4j/1.7.36/slf4j-reload4j-1.7.36.jar:/home/runner/.m2/repository/ch/qos/reload4j/reload4j/1.2.19/reload4j-1.2.19.jar:/home/runner/.m2/repository/junit/junit/4.13.2/junit-4.13.2.jar:/home/runner/.m2/repository/org/hamcrest/hamcrest-core/1.3/hamcrest-core-1.3.jar:/home/runner/.m2/repository/org/mockito/mockito-core/4.3.1/mockito-core-4.3.1.jar:/home/runner/.m2/repository/net/bytebuddy/byte-buddy/1.12.7/byte-buddy-1.12.7.jar:/home/runner/.m2/repository/net/bytebuddy/byte-buddy-agent/1.12.7/byte-buddy-agent-1.12.7.jar:/home/runner/.m2/repository/org/objenesis/objenesis/3.2/objenesis-3.2.jar:"/>
    <property name="sun.cpu.endian" value="little"/>
    <property name="user.home" value="/home/runner"/>
    <property name="user.language" value="en"/>
    <property name="java.specification.vendor" value="Oracle Corporation"/>
    <property name="java.version.date" value="2023-01-17"/>
    <property name="java.home" value="/usr/lib/jvm/temurin-11-jdk-amd64"/>
    <property name="file.separator" value="/"/>
    <property name="basedir" value="/home/runner/work/ratis/ratis/ratis-test"/>
    <property name="java.vm.compressedOopsMode" value="32-bit"/>
    <property name="line.separator" value="&#10;"/>
    <property name="java.specification.name" value="Java Platform API Specification"/>
    <property name="java.vm.specification.vendor" value="Oracle Corporation"/>
    <property name="java.awt.graphicsenv" value="sun.awt.X11GraphicsEnvironment"/>
    <property name="surefire.real.class.path" value="/home/runner/work/ratis/ratis/ratis-test/target/surefire/surefirebooter18297513412122049890.jar"/>
    <property name="sun.management.compiler" value="HotSpot 64-Bit Tiered Compilers"/>
    <property name="java.runtime.version" value="11.0.18+10"/>
    <property name="user.name" value="runner"/>
    <property name="java.net.preferIPv4Stack" value="true"/>
    <property name="path.separator" value=":"/>
    <property name="os.version" value="5.15.0-1033-azure"/>
    <property name="java.runtime.name" value="OpenJDK Runtime Environment"/>
    <property name="file.encoding" value="UTF-8"/>
    <property name="java.vm.name" value="OpenJDK 64-Bit Server VM"/>
    <property name="java.vendor.version" value="Temurin-11.0.18+10"/>
    <property name="localRepository" value="/home/runner/.m2/repository"/>
    <property name="java.vendor.url.bug" value="https://github.com/adoptium/adoptium-support/issues"/>
    <property name="java.io.tmpdir" value="/tmp"/>
    <property name="java.version" value="11.0.18"/>
    <property name="user.dir" value="/home/runner/work/ratis/ratis/ratis-test"/>
    <property name="os.arch" value="amd64"/>
    <property name="ratis.tmp.dir" value="/home/runner/work/ratis/ratis/ratis-test/target/tmp"/>
    <property name="java.vm.specification.name" value="Java Virtual Machine Specification"/>
    <property name="java.awt.printerjob" value="sun.print.PSPrinterJob"/>
    <property name="ratis.log.dir" value="/home/runner/work/ratis/ratis/ratis-test/target/log"/>
    <property name="sun.os.patch.level" value="unknown"/>
    <property name="java.library.path" value="/usr/java/packages/lib:/usr/lib64:/lib64:/lib:/usr/lib"/>
    <property name="java.vm.info" value="mixed mode"/>
    <property name="java.vendor" value="Eclipse Adoptium"/>
    <property name="java.vm.version" value="11.0.18+10"/>
    <property name="sun.io.unicode.encoding" value="UnicodeLittle"/>
    <property name="java.class.version" value="55.0"/>
  </properties>
  <testcase name="testRestartWithCorruptedLogHeader" classname="org.apache.ratis.server.simulation.TestServerRestartWithSimulatedRpc" time="27.899"/>
  <testcase name="testRestartWithCorruptedLogEntryWithWarnAndReturn" classname="org.apache.ratis.server.simulation.TestServerRestartWithSimulatedRpc" time="4.297"/>
  <testcase name="testRestartCommitIndex" classname="org.apache.ratis.server.simulation.TestServerRestartWithSimulatedRpc" time="5.76"/>
  <testcase name="testRestartFollower" classname="org.apache.ratis.server.simulation.TestServerRestartWithSimulatedRpc" time="7.141">
    <failure message="expected:&lt;39&gt; but was:&lt;42&gt;" type="java.lang.AssertionError"><![CDATA[java.lang.AssertionError: expected:<39> but was:<42>
	at org.junit.Assert.fail(Assert.java:89)
	at org.junit.Assert.failNotEquals(Assert.java:835)
	at org.junit.Assert.assertEquals(Assert.java:647)
	at org.junit.Assert.assertEquals(Assert.java:633)
	at org.apache.ratis.server.ServerRestartTests.assertTruncatedLog(ServerRestartTests.java:169)
	at org.apache.ratis.server.ServerRestartTests.runTestRestartFollower(ServerRestartTests.java:132)
	at org.apache.ratis.server.impl.MiniRaftCluster$Factory$Get.runWithNewCluster(MiniRaftCluster.java:141)
	at org.apache.ratis.server.impl.MiniRaftCluster$Factory$Get.runWithNewCluster(MiniRaftCluster.java:121)
	at org.apache.ratis.server.ServerRestartTests.testRestartFollower(ServerRestartTests.java:88)
	at java.base/jdk.internal.reflect.NativeMethodAccessorImpl.invoke0(Native Method)
	at java.base/jdk.internal.reflect.NativeMethodAccessorImpl.invoke(NativeMethodAccessorImpl.java:62)
	at java.base/jdk.internal.reflect.DelegatingMethodAccessorImpl.invoke(DelegatingMethodAccessorImpl.java:43)
	at java.base/java.lang.reflect.Method.invoke(Method.java:566)
	at org.junit.runners.model.FrameworkMethod$1.runReflectiveCall(FrameworkMethod.java:59)
	at org.junit.internal.runners.model.ReflectiveCallable.run(ReflectiveCallable.java:12)
	at org.junit.runners.model.FrameworkMethod.invokeExplosively(FrameworkMethod.java:56)
	at org.junit.internal.runners.statements.InvokeMethod.evaluate(InvokeMethod.java:17)
	at org.junit.internal.runners.statements.RunAfters.evaluate(RunAfters.java:27)
	at org.junit.internal.runners.statements.FailOnTimeout$CallableStatement.call(FailOnTimeout.java:299)
	at org.junit.internal.runners.statements.FailOnTimeout$CallableStatement.call(FailOnTimeout.java:293)
	at java.base/java.util.concurrent.FutureTask.run(FutureTask.java:264)
	at java.base/java.lang.Thread.run(Thread.java:829)
]]></failure>
    <system-out><![CDATA[2023-02-21 22:21:09,008 [main] INFO  util.LogUtils (Slf4jUtils.java:setLogLevel(38)) - Successfully set org.apache.ratis.conf.ConfUtils log level to WARN
2023-02-21 22:21:09,008 [main] INFO  util.LogUtils (Slf4jUtils.java:setLogLevel(38)) - Successfully set org.apache.ratis.util.FileUtils log level to TRACE
2023-02-21 22:21:09,009 [main] INFO  util.LogUtils (Slf4jUtils.java:setLogLevel(38)) - Successfully set org.apache.ratis.server.raftlog.RaftLog log level to DEBUG
2023-02-21 22:21:09,010 [Time-limited test] INFO  impl.MiniRaftCluster (MiniRaftCluster.java:runWithNewCluster(135)) - Running runWithNewCluster
2023-02-21 22:21:09,010 [Time-limited test] INFO  simulation.MiniRaftClusterWithSimulatedRpc (ConfUtils.java:logGet(46)) - org.apache.ratis.server.simulation.SimulatedRequestReply.simulateLatencyMs = 0 (custom)
2023-02-21 22:21:09,010 [Time-limited test] INFO  impl.MiniRaftCluster (MiniRaftCluster.java:<init>(306)) - new MiniRaftClusterWithSimulatedRpc with group-7AE7625EDE06:[s0|rpc:localhost:43927|admin:localhost:45157|client:localhost:40723|dataStream:localhost:44609|priority:0|startupRole:FOLLOWER, s1|rpc:localhost:42677|admin:localhost:44953|client:localhost:33023|dataStream:localhost:35837|priority:0|startupRole:FOLLOWER, s2|rpc:localhost:34337|admin:localhost:38237|client:localhost:44865|dataStream:localhost:42363|priority:0|startupRole:FOLLOWER]
2023-02-21 22:21:09,010 [Time-limited test] INFO  impl.MiniRaftCluster (MiniRaftCluster.java:start(339)) - .............................................................. 
2023-02-21 22:21:09,010 [Time-limited test] INFO  impl.MiniRaftCluster (MiniRaftCluster.java:start(340)) - ... 
2023-02-21 22:21:09,010 [Time-limited test] INFO  impl.MiniRaftCluster (MiniRaftCluster.java:start(341)) - ...     Starting MiniRaftClusterWithSimulatedRpc
2023-02-21 22:21:09,011 [Time-limited test] INFO  impl.MiniRaftCluster (MiniRaftCluster.java:start(342)) - ... 
2023-02-21 22:21:09,011 [Time-limited test] INFO  impl.MiniRaftCluster (MiniRaftCluster.java:start(343)) - .............................................................. 
2023-02-21 22:21:09,011 [Time-limited test] INFO  impl.MiniRaftCluster (MiniRaftCluster.java:initServers(318)) - servers = {}
2023-02-21 22:21:09,011 [Time-limited test] INFO  impl.MiniRaftCluster (MiniRaftCluster.java:newRaftServer(382)) - newRaftServer: s0, group-7AE7625EDE06:[s0|rpc:localhost:43927|admin:localhost:45157|client:localhost:40723|dataStream:localhost:44609|priority:0|startupRole:FOLLOWER, s1|rpc:localhost:42677|admin:localhost:44953|client:localhost:33023|dataStream:localhost:35837|priority:0|startupRole:FOLLOWER, s2|rpc:localhost:34337|admin:localhost:38237|client:localhost:44865|dataStream:localhost:42363|priority:0|startupRole:FOLLOWER], format? true
2023-02-21 22:21:09,011 [Time-limited test] TRACE util.FileUtils (FileUtils.java:deleteFully(201)) - deleteFully target/test/data/dc3d3723/MiniRaftClusterWithSimulatedRpcb1db0ebe/s0
2023-02-21 22:21:09,011 [Time-limited test] TRACE util.FileUtils (FileUtils.java:deleteFully(217)) - deleteFully: target/test/data/dc3d3723/MiniRaftClusterWithSimulatedRpcb1db0ebe/s0 does not exist.
2023-02-21 22:21:09,011 [Time-limited test] INFO  impl.MiniRaftCluster (MiniRaftCluster.java:newRaftServer(387)) - Formatted directory target/test/data/dc3d3723/MiniRaftClusterWithSimulatedRpcb1db0ebe/s0
2023-02-21 22:21:09,011 [Time-limited test] INFO  server.RaftServer (ConfUtils.java:logGet(46)) - raft.rpc.type = org.apache.ratis.server.simulation.SimulatedRpc (custom)
2023-02-21 22:21:09,011 [Time-limited test] INFO  impl.DataStreamServerImpl (ConfUtils.java:logGet(46)) - raft.datastream.type = DISABLED (default)
2023-02-21 22:21:09,011 [Time-limited test] INFO  server.RaftServerConfigKeys (ConfUtils.java:logGet(46)) - raft.server.threadpool.proxy.cached = true (default)
2023-02-21 22:21:09,011 [Time-limited test] INFO  server.RaftServerConfigKeys (ConfUtils.java:logGet(46)) - raft.server.threadpool.proxy.size = 0 (default)
2023-02-21 22:21:09,011 [Time-limited test] INFO  server.RaftServerConfigKeys (ConfUtils.java:logGet(46)) - raft.server.rpc.slowness.timeout = 60s (default)
2023-02-21 22:21:09,011 [Time-limited test] INFO  server.RaftServerConfigKeys (ConfUtils.java:logGet(46)) - raft.server.leaderelection.leader.step-down.wait-time = 10s (default)
2023-02-21 22:21:09,011 [Time-limited test] INFO  server.RaftServerConfigKeys (ConfUtils.java:logGet(46)) - raft.server.storage.dir = [/home/runner/work/ratis/ratis/ratis-test/target/test/data/dc3d3723/MiniRaftClusterWithSimulatedRpcb1db0ebe/s0] (custom)
2023-02-21 22:21:09,012 [Time-limited test] INFO  server.RaftServer (RaftServerProxy.java:addNew(99)) - s0: addNew group-7AE7625EDE06:[s0|rpc:localhost:43927|admin:localhost:45157|client:localhost:40723|dataStream:localhost:44609|priority:0|startupRole:FOLLOWER, s1|rpc:localhost:42677|admin:localhost:44953|client:localhost:33023|dataStream:localhost:35837|priority:0|startupRole:FOLLOWER, s2|rpc:localhost:34337|admin:localhost:38237|client:localhost:44865|dataStream:localhost:42363|priority:0|startupRole:FOLLOWER] returns group-7AE7625EDE06:java.util.concurrent.CompletableFuture@2a789eb3[Not completed]
2023-02-21 22:21:09,012 [s0-groupManagement] INFO  server.RaftServerConfigKeys (ConfUtils.java:logGet(46)) - raft.server.log.segment.size.max = 8MB (=8388608) (default)
2023-02-21 22:21:09,012 [s0-groupManagement] INFO  server.RaftServerConfigKeys (ConfUtils.java:logGet(46)) - raft.server.log.preallocated.size = 4MB (=4194304) (default)
2023-02-21 22:21:09,012 [s0-groupManagement] INFO  server.RaftServerConfigKeys (ConfUtils.java:logGet(46)) - raft.server.log.write.buffer.size = 64KB (=65536) (default)
2023-02-21 22:21:09,012 [Time-limited test] INFO  impl.MiniRaftCluster (MiniRaftCluster.java:newRaftServer(382)) - newRaftServer: s1, group-7AE7625EDE06:[s0|rpc:localhost:43927|admin:localhost:45157|client:localhost:40723|dataStream:localhost:44609|priority:0|startupRole:FOLLOWER, s1|rpc:localhost:42677|admin:localhost:44953|client:localhost:33023|dataStream:localhost:35837|priority:0|startupRole:FOLLOWER, s2|rpc:localhost:34337|admin:localhost:38237|client:localhost:44865|dataStream:localhost:42363|priority:0|startupRole:FOLLOWER], format? true
2023-02-21 22:21:09,012 [Time-limited test] TRACE util.FileUtils (FileUtils.java:deleteFully(201)) - deleteFully target/test/data/dc3d3723/MiniRaftClusterWithSimulatedRpcb1db0ebe/s1
2023-02-21 22:21:09,012 [s0-groupManagement] INFO  server.RaftServer$Division (RaftServerImpl.java:<init>(198)) - s0: new RaftServerImpl for group-7AE7625EDE06:[s0|rpc:localhost:43927|admin:localhost:45157|client:localhost:40723|dataStream:localhost:44609|priority:0|startupRole:FOLLOWER, s1|rpc:localhost:42677|admin:localhost:44953|client:localhost:33023|dataStream:localhost:35837|priority:0|startupRole:FOLLOWER, s2|rpc:localhost:34337|admin:localhost:38237|client:localhost:44865|dataStream:localhost:42363|priority:0|startupRole:FOLLOWER] with SimpleStateMachine4Testing:uninitialized
2023-02-21 22:21:09,012 [Time-limited test] TRACE util.FileUtils (FileUtils.java:deleteFully(217)) - deleteFully: target/test/data/dc3d3723/MiniRaftClusterWithSimulatedRpcb1db0ebe/s1 does not exist.
2023-02-21 22:21:09,012 [Time-limited test] INFO  impl.MiniRaftCluster (MiniRaftCluster.java:newRaftServer(387)) - Formatted directory target/test/data/dc3d3723/MiniRaftClusterWithSimulatedRpcb1db0ebe/s1
2023-02-21 22:21:09,012 [s0-groupManagement] INFO  server.RaftServerConfigKeys (ConfUtils.java:logGet(46)) - raft.server.rpc.timeout.min = 150ms (default)
2023-02-21 22:21:09,012 [s0-groupManagement] INFO  server.RaftServerConfigKeys (ConfUtils.java:logGet(46)) - raft.server.rpc.timeout.max = 300ms (default)
2023-02-21 22:21:09,012 [Time-limited test] INFO  server.RaftServer (ConfUtils.java:logGet(46)) - raft.rpc.type = org.apache.ratis.server.simulation.SimulatedRpc (custom)
2023-02-21 22:21:09,012 [s0-groupManagement] INFO  server.RaftServerConfigKeys (ConfUtils.java:logGet(46)) - raft.server.rpc.sleep.time = 25ms (default)
2023-02-21 22:21:09,013 [s0-groupManagement] INFO  server.RaftServerConfigKeys (ConfUtils.java:logGet(46)) - raft.server.rpc.slowness.timeout = 60s (default)
2023-02-21 22:21:09,013 [Time-limited test] INFO  impl.DataStreamServerImpl (ConfUtils.java:logGet(46)) - raft.datastream.type = DISABLED (default)
2023-02-21 22:21:09,013 [s0-groupManagement] INFO  server.RaftServerConfigKeys (ConfUtils.java:logGet(46)) - raft.server.leaderelection.leader.step-down.wait-time = 10s (default)
2023-02-21 22:21:09,013 [Time-limited test] INFO  server.RaftServerConfigKeys (ConfUtils.java:logGet(46)) - raft.server.threadpool.proxy.cached = true (default)
2023-02-21 22:21:09,013 [s0-groupManagement] INFO  server.RaftServerConfigKeys (ConfUtils.java:logGet(46)) - raft.server.sleep.deviation.threshold = 300ms (default)
2023-02-21 22:21:09,013 [Time-limited test] INFO  server.RaftServerConfigKeys (ConfUtils.java:logGet(46)) - raft.server.threadpool.proxy.size = 0 (default)
2023-02-21 22:21:09,013 [s0-groupManagement] INFO  server.RaftServer$Division (ServerState.java:<init>(113)) - s0@group-7AE7625EDE06: ConfigurationManager, init=-1: peers:[s0|rpc:localhost:43927|admin:localhost:45157|client:localhost:40723|dataStream:localhost:44609|priority:0|startupRole:FOLLOWER, s1|rpc:localhost:42677|admin:localhost:44953|client:localhost:33023|dataStream:localhost:35837|priority:0|startupRole:FOLLOWER, s2|rpc:localhost:34337|admin:localhost:38237|client:localhost:44865|dataStream:localhost:42363|priority:0|startupRole:FOLLOWER]|listeners:[], old=null, confs=<EMPTY_MAP>
2023-02-21 22:21:09,013 [Time-limited test] INFO  server.RaftServerConfigKeys (ConfUtils.java:logGet(46)) - raft.server.rpc.slowness.timeout = 60s (default)
2023-02-21 22:21:09,013 [s0-groupManagement] INFO  server.RaftServerConfigKeys (ConfUtils.java:logGet(46)) - raft.server.notification.no-leader.timeout = 60s (default)
2023-02-21 22:21:09,013 [Time-limited test] INFO  server.RaftServerConfigKeys (ConfUtils.java:logGet(46)) - raft.server.leaderelection.leader.step-down.wait-time = 10s (default)
2023-02-21 22:21:09,013 [s0-groupManagement] INFO  server.RaftServerConfigKeys (ConfUtils.java:logGet(46)) - raft.server.read.timeout = 10s (default)
2023-02-21 22:21:09,013 [s0-groupManagement] INFO  server.RaftServerConfigKeys (ConfUtils.java:logGet(46)) - raft.server.retrycache.expirytime = 60s (default)
2023-02-21 22:21:09,013 [Time-limited test] INFO  server.RaftServerConfigKeys (ConfUtils.java:logGet(46)) - raft.server.storage.dir = [/home/runner/work/ratis/ratis/ratis-test/target/test/data/dc3d3723/MiniRaftClusterWithSimulatedRpcb1db0ebe/s1] (custom)
2023-02-21 22:21:09,014 [Time-limited test] INFO  server.RaftServer (RaftServerProxy.java:addNew(99)) - s1: addNew group-7AE7625EDE06:[s0|rpc:localhost:43927|admin:localhost:45157|client:localhost:40723|dataStream:localhost:44609|priority:0|startupRole:FOLLOWER, s1|rpc:localhost:42677|admin:localhost:44953|client:localhost:33023|dataStream:localhost:35837|priority:0|startupRole:FOLLOWER, s2|rpc:localhost:34337|admin:localhost:38237|client:localhost:44865|dataStream:localhost:42363|priority:0|startupRole:FOLLOWER] returns group-7AE7625EDE06:java.util.concurrent.CompletableFuture@2434eecf[Not completed]
2023-02-21 22:21:09,014 [Time-limited test] INFO  impl.MiniRaftCluster (MiniRaftCluster.java:newRaftServer(382)) - newRaftServer: s2, group-7AE7625EDE06:[s0|rpc:localhost:43927|admin:localhost:45157|client:localhost:40723|dataStream:localhost:44609|priority:0|startupRole:FOLLOWER, s1|rpc:localhost:42677|admin:localhost:44953|client:localhost:33023|dataStream:localhost:35837|priority:0|startupRole:FOLLOWER, s2|rpc:localhost:34337|admin:localhost:38237|client:localhost:44865|dataStream:localhost:42363|priority:0|startupRole:FOLLOWER], format? true
2023-02-21 22:21:09,014 [Time-limited test] TRACE util.FileUtils (FileUtils.java:deleteFully(201)) - deleteFully target/test/data/dc3d3723/MiniRaftClusterWithSimulatedRpcb1db0ebe/s2
2023-02-21 22:21:09,014 [Time-limited test] TRACE util.FileUtils (FileUtils.java:deleteFully(217)) - deleteFully: target/test/data/dc3d3723/MiniRaftClusterWithSimulatedRpcb1db0ebe/s2 does not exist.
2023-02-21 22:21:09,014 [Time-limited test] INFO  impl.MiniRaftCluster (MiniRaftCluster.java:newRaftServer(387)) - Formatted directory target/test/data/dc3d3723/MiniRaftClusterWithSimulatedRpcb1db0ebe/s2
2023-02-21 22:21:09,014 [Time-limited test] INFO  server.RaftServer (ConfUtils.java:logGet(46)) - raft.rpc.type = org.apache.ratis.server.simulation.SimulatedRpc (custom)
2023-02-21 22:21:09,014 [Time-limited test] INFO  impl.DataStreamServerImpl (ConfUtils.java:logGet(46)) - raft.datastream.type = DISABLED (default)
2023-02-21 22:21:09,014 [Time-limited test] INFO  server.RaftServerConfigKeys (ConfUtils.java:logGet(46)) - raft.server.threadpool.proxy.cached = true (default)
2023-02-21 22:21:09,014 [Time-limited test] INFO  server.RaftServerConfigKeys (ConfUtils.java:logGet(46)) - raft.server.threadpool.proxy.size = 0 (default)
2023-02-21 22:21:09,014 [Time-limited test] INFO  server.RaftServerConfigKeys (ConfUtils.java:logGet(46)) - raft.server.rpc.slowness.timeout = 60s (default)
2023-02-21 22:21:09,014 [Time-limited test] INFO  server.RaftServerConfigKeys (ConfUtils.java:logGet(46)) - raft.server.leaderelection.leader.step-down.wait-time = 10s (default)
2023-02-21 22:21:09,014 [Time-limited test] INFO  server.RaftServerConfigKeys (ConfUtils.java:logGet(46)) - raft.server.storage.dir = [/home/runner/work/ratis/ratis/ratis-test/target/test/data/dc3d3723/MiniRaftClusterWithSimulatedRpcb1db0ebe/s2] (custom)
2023-02-21 22:21:09,014 [s1-groupManagement] INFO  server.RaftServerConfigKeys (ConfUtils.java:logGet(46)) - raft.server.log.segment.size.max = 8MB (=8388608) (default)
2023-02-21 22:21:09,014 [s1-groupManagement] INFO  server.RaftServerConfigKeys (ConfUtils.java:logGet(46)) - raft.server.log.preallocated.size = 4MB (=4194304) (default)
2023-02-21 22:21:09,015 [s1-groupManagement] INFO  server.RaftServerConfigKeys (ConfUtils.java:logGet(46)) - raft.server.log.write.buffer.size = 64KB (=65536) (default)
2023-02-21 22:21:09,015 [s1-groupManagement] INFO  server.RaftServer$Division (RaftServerImpl.java:<init>(198)) - s1: new RaftServerImpl for group-7AE7625EDE06:[s0|rpc:localhost:43927|admin:localhost:45157|client:localhost:40723|dataStream:localhost:44609|priority:0|startupRole:FOLLOWER, s1|rpc:localhost:42677|admin:localhost:44953|client:localhost:33023|dataStream:localhost:35837|priority:0|startupRole:FOLLOWER, s2|rpc:localhost:34337|admin:localhost:38237|client:localhost:44865|dataStream:localhost:42363|priority:0|startupRole:FOLLOWER] with SimpleStateMachine4Testing:uninitialized
2023-02-21 22:21:09,015 [s1-groupManagement] INFO  server.RaftServerConfigKeys (ConfUtils.java:logGet(46)) - raft.server.rpc.timeout.min = 150ms (default)
2023-02-21 22:21:09,015 [s1-groupManagement] INFO  server.RaftServerConfigKeys (ConfUtils.java:logGet(46)) - raft.server.rpc.timeout.max = 300ms (default)
2023-02-21 22:21:09,015 [s1-groupManagement] INFO  server.RaftServerConfigKeys (ConfUtils.java:logGet(46)) - raft.server.rpc.sleep.time = 25ms (default)
2023-02-21 22:21:09,015 [s1-groupManagement] INFO  server.RaftServerConfigKeys (ConfUtils.java:logGet(46)) - raft.server.rpc.slowness.timeout = 60s (default)
2023-02-21 22:21:09,015 [s1-groupManagement] INFO  server.RaftServerConfigKeys (ConfUtils.java:logGet(46)) - raft.server.leaderelection.leader.step-down.wait-time = 10s (default)
2023-02-21 22:21:09,015 [s1-groupManagement] INFO  server.RaftServerConfigKeys (ConfUtils.java:logGet(46)) - raft.server.sleep.deviation.threshold = 300ms (default)
2023-02-21 22:21:09,015 [s1-groupManagement] INFO  server.RaftServer$Division (ServerState.java:<init>(113)) - s1@group-7AE7625EDE06: ConfigurationManager, init=-1: peers:[s0|rpc:localhost:43927|admin:localhost:45157|client:localhost:40723|dataStream:localhost:44609|priority:0|startupRole:FOLLOWER, s1|rpc:localhost:42677|admin:localhost:44953|client:localhost:33023|dataStream:localhost:35837|priority:0|startupRole:FOLLOWER, s2|rpc:localhost:34337|admin:localhost:38237|client:localhost:44865|dataStream:localhost:42363|priority:0|startupRole:FOLLOWER]|listeners:[], old=null, confs=<EMPTY_MAP>
2023-02-21 22:21:09,015 [s1-groupManagement] INFO  server.RaftServerConfigKeys (ConfUtils.java:logGet(46)) - raft.server.notification.no-leader.timeout = 60s (default)
2023-02-21 22:21:09,015 [s1-groupManagement] INFO  server.RaftServerConfigKeys (ConfUtils.java:logGet(46)) - raft.server.read.timeout = 10s (default)
2023-02-21 22:21:09,015 [s1-groupManagement] INFO  server.RaftServerConfigKeys (ConfUtils.java:logGet(46)) - raft.server.retrycache.expirytime = 60s (default)
2023-02-21 22:21:09,015 [s1-groupManagement] INFO  server.RaftServerConfigKeys (ConfUtils.java:logGet(46)) - raft.server.retrycache.statistics.expirytime = 100μs (default)
2023-02-21 22:21:09,015 [s1-groupManagement] INFO  server.RaftServerConfigKeys (ConfUtils.java:logGet(46)) - raft.server.read.option = DEFAULT (default)
2023-02-21 22:21:09,016 [s1-groupManagement] INFO  server.RaftServerConfigKeys (ConfUtils.java:logGet(46)) - raft.server.log.appender.install.snapshot.enabled = true (default)
2023-02-21 22:21:09,016 [s1-groupManagement] INFO  server.RaftServerConfigKeys (ConfUtils.java:logGet(46)) - raft.server.threadpool.server.cached = true (default)
2023-02-21 22:21:09,016 [s1-groupManagement] INFO  server.RaftServerConfigKeys (ConfUtils.java:logGet(46)) - raft.server.threadpool.server.size = 0 (default)
2023-02-21 22:21:09,016 [s1-groupManagement] INFO  server.RaftServerConfigKeys (ConfUtils.java:logGet(46)) - raft.server.threadpool.client.cached = true (default)
2023-02-21 22:21:09,016 [s1-groupManagement] INFO  server.RaftServerConfigKeys (ConfUtils.java:logGet(46)) - raft.server.threadpool.client.size = 0 (default)
2023-02-21 22:21:09,018 [s0-groupManagement] INFO  server.RaftServerConfigKeys (ConfUtils.java:logGet(46)) - raft.server.retrycache.statistics.expirytime = 100μs (default)
2023-02-21 22:21:09,018 [s0-groupManagement] INFO  server.RaftServerConfigKeys (ConfUtils.java:logGet(46)) - raft.server.read.option = DEFAULT (default)
2023-02-21 22:21:09,019 [s0-groupManagement] INFO  server.RaftServerConfigKeys (ConfUtils.java:logGet(46)) - raft.server.log.appender.install.snapshot.enabled = true (default)
2023-02-21 22:21:09,019 [s0-groupManagement] INFO  server.RaftServerConfigKeys (ConfUtils.java:logGet(46)) - raft.server.threadpool.server.cached = true (default)
2023-02-21 22:21:09,019 [s0-groupManagement] INFO  server.RaftServerConfigKeys (ConfUtils.java:logGet(46)) - raft.server.threadpool.server.size = 0 (default)
2023-02-21 22:21:09,019 [s0-groupManagement] INFO  server.RaftServerConfigKeys (ConfUtils.java:logGet(46)) - raft.server.threadpool.client.cached = true (default)
2023-02-21 22:21:09,020 [s0-groupManagement] INFO  server.RaftServerConfigKeys (ConfUtils.java:logGet(46)) - raft.server.threadpool.client.size = 0 (default)
2023-02-21 22:21:09,022 [Time-limited test] INFO  server.RaftServer (RaftServerProxy.java:addNew(99)) - s2: addNew group-7AE7625EDE06:[s0|rpc:localhost:43927|admin:localhost:45157|client:localhost:40723|dataStream:localhost:44609|priority:0|startupRole:FOLLOWER, s1|rpc:localhost:42677|admin:localhost:44953|client:localhost:33023|dataStream:localhost:35837|priority:0|startupRole:FOLLOWER, s2|rpc:localhost:34337|admin:localhost:38237|client:localhost:44865|dataStream:localhost:42363|priority:0|startupRole:FOLLOWER] returns group-7AE7625EDE06:java.util.concurrent.CompletableFuture@3cf1c24e[Not completed]
2023-02-21 22:21:09,023 [s0-impl-thread1] INFO  server.RaftServerConfigKeys (ConfUtils.java:logGet(46)) - raft.server.storage.free-space.min = 0MB (=0) (default)
2023-02-21 22:21:09,023 [s0-impl-thread1] INFO  server.RaftServerConfigKeys (ConfUtils.java:logGet(46)) - raft.server.log.corruption.policy = EXCEPTION (default)
2023-02-21 22:21:09,023 [s2-groupManagement] INFO  server.RaftServerConfigKeys (ConfUtils.java:logGet(46)) - raft.server.log.segment.size.max = 8MB (=8388608) (default)
2023-02-21 22:21:09,023 [s2-groupManagement] INFO  server.RaftServerConfigKeys (ConfUtils.java:logGet(46)) - raft.server.log.preallocated.size = 4MB (=4194304) (default)
2023-02-21 22:21:09,023 [s2-groupManagement] INFO  server.RaftServerConfigKeys (ConfUtils.java:logGet(46)) - raft.server.log.write.buffer.size = 64KB (=65536) (default)
2023-02-21 22:21:09,023 [s2-groupManagement] INFO  server.RaftServer$Division (RaftServerImpl.java:<init>(198)) - s2: new RaftServerImpl for group-7AE7625EDE06:[s0|rpc:localhost:43927|admin:localhost:45157|client:localhost:40723|dataStream:localhost:44609|priority:0|startupRole:FOLLOWER, s1|rpc:localhost:42677|admin:localhost:44953|client:localhost:33023|dataStream:localhost:35837|priority:0|startupRole:FOLLOWER, s2|rpc:localhost:34337|admin:localhost:38237|client:localhost:44865|dataStream:localhost:42363|priority:0|startupRole:FOLLOWER] with SimpleStateMachine4Testing:uninitialized
2023-02-21 22:21:09,023 [s0-impl-thread1] INFO  server.RaftServerConfigKeys (ConfUtils.java:logGet(46)) - raft.server.storage.dir = [/home/runner/work/ratis/ratis/ratis-test/target/test/data/dc3d3723/MiniRaftClusterWithSimulatedRpcb1db0ebe/s0] (custom)
2023-02-21 22:21:09,023 [s2-groupManagement] INFO  server.RaftServerConfigKeys (ConfUtils.java:logGet(46)) - raft.server.rpc.timeout.min = 150ms (default)
2023-02-21 22:21:09,023 [s2-groupManagement] INFO  server.RaftServerConfigKeys (ConfUtils.java:logGet(46)) - raft.server.rpc.timeout.max = 300ms (default)
2023-02-21 22:21:09,023 [s2-groupManagement] INFO  server.RaftServerConfigKeys (ConfUtils.java:logGet(46)) - raft.server.rpc.sleep.time = 25ms (default)
2023-02-21 22:21:09,023 [s2-groupManagement] INFO  server.RaftServerConfigKeys (ConfUtils.java:logGet(46)) - raft.server.rpc.slowness.timeout = 60s (default)
2023-02-21 22:21:09,023 [s0-impl-thread1] INFO  storage.RaftStorageDirectory (RaftStorageDirectoryImpl.java:analyzeStorage(138)) - The storage directory /home/runner/work/ratis/ratis/ratis-test/target/test/data/dc3d3723/MiniRaftClusterWithSimulatedRpcb1db0ebe/s0/09fb769f-6c90-4502-87aa-7ae7625ede06 does not exist. Creating ...
2023-02-21 22:21:09,023 [s2-groupManagement] INFO  server.RaftServerConfigKeys (ConfUtils.java:logGet(46)) - raft.server.leaderelection.leader.step-down.wait-time = 10s (default)
2023-02-21 22:21:09,023 [s2-groupManagement] INFO  server.RaftServerConfigKeys (ConfUtils.java:logGet(46)) - raft.server.sleep.deviation.threshold = 300ms (default)
2023-02-21 22:21:09,023 [s2-groupManagement] INFO  server.RaftServer$Division (ServerState.java:<init>(113)) - s2@group-7AE7625EDE06: ConfigurationManager, init=-1: peers:[s0|rpc:localhost:43927|admin:localhost:45157|client:localhost:40723|dataStream:localhost:44609|priority:0|startupRole:FOLLOWER, s1|rpc:localhost:42677|admin:localhost:44953|client:localhost:33023|dataStream:localhost:35837|priority:0|startupRole:FOLLOWER, s2|rpc:localhost:34337|admin:localhost:38237|client:localhost:44865|dataStream:localhost:42363|priority:0|startupRole:FOLLOWER]|listeners:[], old=null, confs=<EMPTY_MAP>
2023-02-21 22:21:09,023 [s2-groupManagement] INFO  server.RaftServerConfigKeys (ConfUtils.java:logGet(46)) - raft.server.notification.no-leader.timeout = 60s (default)
2023-02-21 22:21:09,023 [s2-groupManagement] INFO  server.RaftServerConfigKeys (ConfUtils.java:logGet(46)) - raft.server.read.timeout = 10s (default)
2023-02-21 22:21:09,023 [s2-groupManagement] INFO  server.RaftServerConfigKeys (ConfUtils.java:logGet(46)) - raft.server.retrycache.expirytime = 60s (default)
2023-02-21 22:21:09,023 [s2-groupManagement] INFO  server.RaftServerConfigKeys (ConfUtils.java:logGet(46)) - raft.server.retrycache.statistics.expirytime = 100μs (default)
2023-02-21 22:21:09,023 [s0-impl-thread1] TRACE util.FileUtils (LogUtils.java:runAndLog(49)) - Successfully ran Files.createDirectories /home/runner/work/ratis/ratis/ratis-test/target/test/data/dc3d3723/MiniRaftClusterWithSimulatedRpcb1db0ebe/s0/09fb769f-6c90-4502-87aa-7ae7625ede06
2023-02-21 22:21:09,023 [s2-groupManagement] INFO  server.RaftServerConfigKeys (ConfUtils.java:logGet(46)) - raft.server.read.option = DEFAULT (default)
2023-02-21 22:21:09,025 [s2-groupManagement] INFO  server.RaftServerConfigKeys (ConfUtils.java:logGet(46)) - raft.server.log.appender.install.snapshot.enabled = true (default)
2023-02-21 22:21:09,025 [s2-groupManagement] INFO  server.RaftServerConfigKeys (ConfUtils.java:logGet(46)) - raft.server.threadpool.server.cached = true (default)
2023-02-21 22:21:09,025 [s2-groupManagement] INFO  server.RaftServerConfigKeys (ConfUtils.java:logGet(46)) - raft.server.threadpool.server.size = 0 (default)
2023-02-21 22:21:09,025 [s2-groupManagement] INFO  server.RaftServerConfigKeys (ConfUtils.java:logGet(46)) - raft.server.threadpool.client.cached = true (default)
2023-02-21 22:21:09,025 [s2-groupManagement] INFO  server.RaftServerConfigKeys (ConfUtils.java:logGet(46)) - raft.server.threadpool.client.size = 0 (default)
2023-02-21 22:21:09,025 [s0-impl-thread1] INFO  storage.RaftStorageDirectory (RaftStorageDirectoryImpl.java:tryLock(232)) - Lock on /home/runner/work/ratis/ratis/ratis-test/target/test/data/dc3d3723/MiniRaftClusterWithSimulatedRpcb1db0ebe/s0/09fb769f-6c90-4502-87aa-7ae7625ede06/in_use.lock acquired by nodename 5808@fv-az108-113
2023-02-21 22:21:09,026 [s0-impl-thread1] TRACE util.FileUtils (LogUtils.java:runAndLog(49)) - Successfully ran Files.createDirectories /home/runner/work/ratis/ratis/ratis-test/target/test/data/dc3d3723/MiniRaftClusterWithSimulatedRpcb1db0ebe/s0/09fb769f-6c90-4502-87aa-7ae7625ede06/current
2023-02-21 22:21:09,026 [s0-impl-thread1] TRACE util.FileUtils (LogUtils.java:runAndLog(49)) - Successfully ran Files.createDirectories /home/runner/work/ratis/ratis/ratis-test/target/test/data/dc3d3723/MiniRaftClusterWithSimulatedRpcb1db0ebe/s0/09fb769f-6c90-4502-87aa-7ae7625ede06/sm
2023-02-21 22:21:09,026 [s0-impl-thread1] INFO  storage.RaftStorage (RaftStorageImpl.java:format(96)) - Storage directory /home/runner/work/ratis/ratis/ratis-test/target/test/data/dc3d3723/MiniRaftClusterWithSimulatedRpcb1db0ebe/s0/09fb769f-6c90-4502-87aa-7ae7625ede06 has been successfully formatted.
2023-02-21 22:21:09,027 [s0-impl-thread1] INFO  impl.SimpleStateMachine4Testing (SimpleStateMachine4Testing.java:initialize(213)) - Initializing SimpleStateMachine4Testing:uninitialized
2023-02-21 22:21:09,027 [s0-impl-thread1] INFO  impl.SimpleStateMachine4Testing (SimpleStateMachine4Testing.java:loadSnapshot(293)) - Loading snapshot null
2023-02-21 22:21:09,027 [s0-impl-thread1] INFO  server.RaftServerConfigKeys (ConfUtils.java:logGet(46)) - raft.server.log.use.memory = false (default)
2023-02-21 22:21:09,027 [s0-impl-thread1] INFO  server.RaftServerConfigKeys (ConfUtils.java:logGet(46)) - raft.server.log.purge.gap = 1024 (default)
2023-02-21 22:21:09,027 [s0-impl-thread1] INFO  server.RaftServerConfigKeys (ConfUtils.java:logGet(46)) - raft.server.log.appender.buffer.byte-limit = 4MB (=4194304) (default)
2023-02-21 22:21:09,027 [s0-impl-thread1] INFO  server.RaftServerConfigKeys (ConfUtils.java:logGet(46)) - raft.server.log.statemachine.data.read.timeout = 1000ms (default)
2023-02-21 22:21:09,027 [s0-impl-thread1] INFO  server.RaftServerConfigKeys (ConfUtils.java:logGet(46)) - raft.server.log.purge.preservation.log.num = 0 (default)
2023-02-21 22:21:09,027 [s0-impl-thread1] INFO  server.RaftServerConfigKeys (ConfUtils.java:logGet(46)) - raft.server.log.segment.size.max = 8KB (=8192) (custom)
2023-02-21 22:21:09,027 [s0-impl-thread1] INFO  server.RaftServerConfigKeys (ConfUtils.java:logGet(46)) - raft.server.log.segment.cache.num.max = 6 (default)
2023-02-21 22:21:09,027 [s0-impl-thread1] INFO  server.RaftServerConfigKeys (ConfUtils.java:logGet(46)) - raft.server.log.segment.cache.size.max = 200MB (=209715200) (default)
2023-02-21 22:21:09,027 [s0-impl-thread1] INFO  server.RaftServerConfigKeys (ConfUtils.java:logGet(46)) - raft.server.log.appender.buffer.byte-limit = 4MB (=4194304) (default)
2023-02-21 22:21:09,027 [s0-impl-thread1] INFO  segmented.SegmentedRaftLogWorker (SegmentedRaftLogWorker.java:<init>(183)) - new s0@group-7AE7625EDE06-SegmentedRaftLogWorker for RaftStorageImpl:Storage Directory /home/runner/work/ratis/ratis/ratis-test/target/test/data/dc3d3723/MiniRaftClusterWithSimulatedRpcb1db0ebe/s0/09fb769f-6c90-4502-87aa-7ae7625ede06
2023-02-21 22:21:09,028 [s0-impl-thread1] INFO  server.RaftServerConfigKeys (ConfUtils.java:logGet(46)) - raft.server.log.queue.byte-limit = 64MB (=67108864) (default)
2023-02-21 22:21:09,028 [s0-impl-thread1] INFO  server.RaftServerConfigKeys (ConfUtils.java:logGet(46)) - raft.server.log.queue.element-limit = 4096 (default)
2023-02-21 22:21:09,028 [s0-impl-thread1] INFO  server.RaftServerConfigKeys (ConfUtils.java:logGet(46)) - raft.server.log.segment.size.max = 8KB (=8192) (custom)
2023-02-21 22:21:09,028 [s0-impl-thread1] INFO  server.RaftServerConfigKeys (ConfUtils.java:logGet(46)) - raft.server.log.preallocated.size = 4MB (=4194304) (default)
2023-02-21 22:21:09,028 [s0-impl-thread1] INFO  server.RaftServerConfigKeys (ConfUtils.java:logGet(46)) - raft.server.log.force.sync.num = 128 (default)
2023-02-21 22:21:09,028 [s0-impl-thread1] INFO  server.RaftServerConfigKeys (ConfUtils.java:logGet(46)) - raft.server.log.statemachine.data.sync = true (default)
2023-02-21 22:21:09,028 [s0-impl-thread1] INFO  server.RaftServerConfigKeys (ConfUtils.java:logGet(46)) - raft.server.log.statemachine.data.sync.timeout = 10s (default)
2023-02-21 22:21:09,028 [s0-impl-thread1] INFO  server.RaftServerConfigKeys (ConfUtils.java:logGet(46)) - raft.server.log.statemachine.data.sync.timeout.retry = -1 (default)
2023-02-21 22:21:09,028 [s0-impl-thread1] INFO  server.RaftServerConfigKeys (ConfUtils.java:logGet(46)) - raft.server.log.write.buffer.size = 64KB (=65536) (default)
2023-02-21 22:21:09,028 [s0-impl-thread1] INFO  server.RaftServerConfigKeys (ConfUtils.java:logGet(46)) - raft.server.log.appender.buffer.byte-limit = 4MB (=4194304) (default)
2023-02-21 22:21:09,028 [s0-impl-thread1] INFO  server.RaftServerConfigKeys (ConfUtils.java:logGet(46)) - raft.server.log.unsafe-flush.enabled = false (default)
2023-02-21 22:21:09,028 [s0-impl-thread1] INFO  server.RaftServerConfigKeys (ConfUtils.java:logGet(46)) - raft.server.log.async-flush.enabled = false (default)
2023-02-21 22:21:09,028 [s0-impl-thread1] INFO  server.RaftServerConfigKeys (ConfUtils.java:logGet(46)) - raft.server.log.statemachine.data.caching.enabled = false (default)
2023-02-21 22:21:09,028 [s0-impl-thread1] INFO  segmented.SegmentedRaftLogWorker (SegmentedRaftLogWorker.java:lambda$new$0(134)) - s0@group-7AE7625EDE06-SegmentedRaftLogWorker: flushIndex: setUnconditionally 0 -> -1
2023-02-21 22:21:09,028 [s0-impl-thread1] INFO  segmented.SegmentedRaftLogWorker (SegmentedRaftLogWorker.java:lambda$new$0(134)) - s0@group-7AE7625EDE06-SegmentedRaftLogWorker: safeCacheEvictIndex: setUnconditionally 0 -> -1
2023-02-21 22:21:09,029 [s0-impl-thread1] INFO  server.RaftServer$Division (RaftServerImpl.java:start(342)) - s0@group-7AE7625EDE06: start as a follower, conf=-1: peers:[s0|rpc:localhost:43927|admin:localhost:45157|client:localhost:40723|dataStream:localhost:44609|priority:0|startupRole:FOLLOWER, s1|rpc:localhost:42677|admin:localhost:44953|client:localhost:33023|dataStream:localhost:35837|priority:0|startupRole:FOLLOWER, s2|rpc:localhost:34337|admin:localhost:38237|client:localhost:44865|dataStream:localhost:42363|priority:0|startupRole:FOLLOWER]|listeners:[], old=null
2023-02-21 22:21:09,029 [s0-impl-thread1] INFO  server.RaftServer$Division (RaftServerImpl.java:setRole(329)) - s0@group-7AE7625EDE06: changes role from      null to FOLLOWER at term 0 for startAsFollower
2023-02-21 22:21:09,029 [s0-impl-thread1] INFO  impl.RoleInfo (RoleInfo.java:updateAndGet(139)) - s0: start s0@group-7AE7625EDE06-FollowerState
2023-02-21 22:21:09,029 [s0-impl-thread1] INFO  util.JmxRegister (JmxRegister.java:tryRegister(44)) - Successfully registered JMX Bean with object name Ratis:service=RaftServer,group=group-7AE7625EDE06,id=s0
2023-02-21 22:21:09,029 [s0-impl-thread1] INFO  server.RaftServerConfigKeys (ConfUtils.java:logGet(46)) - raft.server.snapshot.auto.trigger.enabled = false (default)
2023-02-21 22:21:09,029 [s0-impl-thread1] INFO  server.RaftServerConfigKeys (ConfUtils.java:logGet(46)) - raft.server.snapshot.retention.file.num = -1 (default)
2023-02-21 22:21:09,029 [s0-impl-thread1] INFO  server.RaftServerConfigKeys (ConfUtils.java:logGet(46)) - raft.server.log.purge.upto.snapshot.index = false (default)
2023-02-21 22:21:09,029 [s0@group-7AE7625EDE06-FollowerState] INFO  server.RaftServerConfigKeys (ConfUtils.java:logFallback(53)) - raft.server.rpc.first-election.timeout.min = 150ms (fallback to raft.server.rpc.timeout.min)
2023-02-21 22:21:09,029 [s0@group-7AE7625EDE06-FollowerState] INFO  server.RaftServerConfigKeys (ConfUtils.java:logFallback(53)) - raft.server.rpc.first-election.timeout.max = 300ms (fallback to raft.server.rpc.timeout.max)
2023-02-21 22:21:09,030 [Time-limited test] INFO  server.RaftServer (RaftServerProxy.java:startImpl(397)) - s0: start RPC server
2023-02-21 22:21:09,039 [JvmPauseMonitor35] INFO  util.JvmPauseMonitor (JvmPauseMonitor.java:run(105)) - JvmPauseMonitor-s0: Started
2023-02-21 22:21:09,039 [s1-impl-thread1] INFO  server.RaftServerConfigKeys (ConfUtils.java:logGet(46)) - raft.server.storage.free-space.min = 0MB (=0) (default)
2023-02-21 22:21:09,039 [s1-impl-thread1] INFO  server.RaftServerConfigKeys (ConfUtils.java:logGet(46)) - raft.server.log.corruption.policy = EXCEPTION (default)
2023-02-21 22:21:09,039 [s1-impl-thread1] INFO  server.RaftServerConfigKeys (ConfUtils.java:logGet(46)) - raft.server.storage.dir = [/home/runner/work/ratis/ratis/ratis-test/target/test/data/dc3d3723/MiniRaftClusterWithSimulatedRpcb1db0ebe/s1] (custom)
2023-02-21 22:21:09,039 [s1-impl-thread1] INFO  storage.RaftStorageDirectory (RaftStorageDirectoryImpl.java:analyzeStorage(138)) - The storage directory /home/runner/work/ratis/ratis/ratis-test/target/test/data/dc3d3723/MiniRaftClusterWithSimulatedRpcb1db0ebe/s1/09fb769f-6c90-4502-87aa-7ae7625ede06 does not exist. Creating ...
2023-02-21 22:21:09,039 [s1-impl-thread1] TRACE util.FileUtils (LogUtils.java:runAndLog(49)) - Successfully ran Files.createDirectories /home/runner/work/ratis/ratis/ratis-test/target/test/data/dc3d3723/MiniRaftClusterWithSimulatedRpcb1db0ebe/s1/09fb769f-6c90-4502-87aa-7ae7625ede06
2023-02-21 22:21:09,040 [s1-impl-thread1] INFO  storage.RaftStorageDirectory (RaftStorageDirectoryImpl.java:tryLock(232)) - Lock on /home/runner/work/ratis/ratis/ratis-test/target/test/data/dc3d3723/MiniRaftClusterWithSimulatedRpcb1db0ebe/s1/09fb769f-6c90-4502-87aa-7ae7625ede06/in_use.lock acquired by nodename 5808@fv-az108-113
2023-02-21 22:21:09,040 [s1-impl-thread1] TRACE util.FileUtils (LogUtils.java:runAndLog(49)) - Successfully ran Files.createDirectories /home/runner/work/ratis/ratis/ratis-test/target/test/data/dc3d3723/MiniRaftClusterWithSimulatedRpcb1db0ebe/s1/09fb769f-6c90-4502-87aa-7ae7625ede06/current
2023-02-21 22:21:09,040 [s1-impl-thread1] TRACE util.FileUtils (LogUtils.java:runAndLog(49)) - Successfully ran Files.createDirectories /home/runner/work/ratis/ratis/ratis-test/target/test/data/dc3d3723/MiniRaftClusterWithSimulatedRpcb1db0ebe/s1/09fb769f-6c90-4502-87aa-7ae7625ede06/sm
2023-02-21 22:21:09,042 [s1-impl-thread1] INFO  storage.RaftStorage (RaftStorageImpl.java:format(96)) - Storage directory /home/runner/work/ratis/ratis/ratis-test/target/test/data/dc3d3723/MiniRaftClusterWithSimulatedRpcb1db0ebe/s1/09fb769f-6c90-4502-87aa-7ae7625ede06 has been successfully formatted.
2023-02-21 22:21:09,042 [s1-impl-thread1] INFO  impl.SimpleStateMachine4Testing (SimpleStateMachine4Testing.java:initialize(213)) - Initializing SimpleStateMachine4Testing:uninitialized
2023-02-21 22:21:09,043 [s1-impl-thread1] INFO  impl.SimpleStateMachine4Testing (SimpleStateMachine4Testing.java:loadSnapshot(293)) - Loading snapshot null
2023-02-21 22:21:09,043 [s1-impl-thread1] INFO  server.RaftServerConfigKeys (ConfUtils.java:logGet(46)) - raft.server.log.use.memory = false (default)
2023-02-21 22:21:09,043 [s1-impl-thread1] INFO  server.RaftServerConfigKeys (ConfUtils.java:logGet(46)) - raft.server.log.purge.gap = 1024 (default)
2023-02-21 22:21:09,043 [s1-impl-thread1] INFO  server.RaftServerConfigKeys (ConfUtils.java:logGet(46)) - raft.server.log.appender.buffer.byte-limit = 4MB (=4194304) (default)
2023-02-21 22:21:09,043 [s1-impl-thread1] INFO  server.RaftServerConfigKeys (ConfUtils.java:logGet(46)) - raft.server.log.statemachine.data.read.timeout = 1000ms (default)
2023-02-21 22:21:09,043 [s1-impl-thread1] INFO  server.RaftServerConfigKeys (ConfUtils.java:logGet(46)) - raft.server.log.purge.preservation.log.num = 0 (default)
2023-02-21 22:21:09,043 [s1-impl-thread1] INFO  server.RaftServerConfigKeys (ConfUtils.java:logGet(46)) - raft.server.log.segment.size.max = 8KB (=8192) (custom)
2023-02-21 22:21:09,043 [s1-impl-thread1] INFO  server.RaftServerConfigKeys (ConfUtils.java:logGet(46)) - raft.server.log.segment.cache.num.max = 6 (default)
2023-02-21 22:21:09,043 [s1-impl-thread1] INFO  server.RaftServerConfigKeys (ConfUtils.java:logGet(46)) - raft.server.log.segment.cache.size.max = 200MB (=209715200) (default)
2023-02-21 22:21:09,043 [s1-impl-thread1] INFO  server.RaftServerConfigKeys (ConfUtils.java:logGet(46)) - raft.server.log.appender.buffer.byte-limit = 4MB (=4194304) (default)
2023-02-21 22:21:09,043 [s1-impl-thread1] INFO  segmented.SegmentedRaftLogWorker (SegmentedRaftLogWorker.java:<init>(183)) - new s1@group-7AE7625EDE06-SegmentedRaftLogWorker for RaftStorageImpl:Storage Directory /home/runner/work/ratis/ratis/ratis-test/target/test/data/dc3d3723/MiniRaftClusterWithSimulatedRpcb1db0ebe/s1/09fb769f-6c90-4502-87aa-7ae7625ede06
2023-02-21 22:21:09,043 [s1-impl-thread1] INFO  server.RaftServerConfigKeys (ConfUtils.java:logGet(46)) - raft.server.log.queue.byte-limit = 64MB (=67108864) (default)
2023-02-21 22:21:09,043 [s1-impl-thread1] INFO  server.RaftServerConfigKeys (ConfUtils.java:logGet(46)) - raft.server.log.queue.element-limit = 4096 (default)
2023-02-21 22:21:09,043 [s1-impl-thread1] INFO  server.RaftServerConfigKeys (ConfUtils.java:logGet(46)) - raft.server.log.segment.size.max = 8KB (=8192) (custom)
2023-02-21 22:21:09,044 [s1-impl-thread1] INFO  server.RaftServerConfigKeys (ConfUtils.java:logGet(46)) - raft.server.log.preallocated.size = 4MB (=4194304) (default)
2023-02-21 22:21:09,044 [s1-impl-thread1] INFO  server.RaftServerConfigKeys (ConfUtils.java:logGet(46)) - raft.server.log.force.sync.num = 128 (default)
2023-02-21 22:21:09,044 [s1-impl-thread1] INFO  server.RaftServerConfigKeys (ConfUtils.java:logGet(46)) - raft.server.log.statemachine.data.sync = true (default)
2023-02-21 22:21:09,044 [s1-impl-thread1] INFO  server.RaftServerConfigKeys (ConfUtils.java:logGet(46)) - raft.server.log.statemachine.data.sync.timeout = 10s (default)
2023-02-21 22:21:09,044 [s1-impl-thread1] INFO  server.RaftServerConfigKeys (ConfUtils.java:logGet(46)) - raft.server.log.statemachine.data.sync.timeout.retry = -1 (default)
2023-02-21 22:21:09,044 [s1-impl-thread1] INFO  server.RaftServerConfigKeys (ConfUtils.java:logGet(46)) - raft.server.log.write.buffer.size = 64KB (=65536) (default)
2023-02-21 22:21:09,044 [s1-impl-thread1] INFO  server.RaftServerConfigKeys (ConfUtils.java:logGet(46)) - raft.server.log.appender.buffer.byte-limit = 4MB (=4194304) (default)
2023-02-21 22:21:09,044 [s1-impl-thread1] INFO  server.RaftServerConfigKeys (ConfUtils.java:logGet(46)) - raft.server.log.unsafe-flush.enabled = false (default)
2023-02-21 22:21:09,044 [s1-impl-thread1] INFO  server.RaftServerConfigKeys (ConfUtils.java:logGet(46)) - raft.server.log.async-flush.enabled = false (default)
2023-02-21 22:21:09,044 [s1-impl-thread1] INFO  server.RaftServerConfigKeys (ConfUtils.java:logGet(46)) - raft.server.log.statemachine.data.caching.enabled = false (default)
2023-02-21 22:21:09,044 [s1-impl-thread1] INFO  segmented.SegmentedRaftLogWorker (SegmentedRaftLogWorker.java:lambda$new$0(134)) - s1@group-7AE7625EDE06-SegmentedRaftLogWorker: flushIndex: setUnconditionally 0 -> -1
2023-02-21 22:21:09,044 [s1-impl-thread1] INFO  segmented.SegmentedRaftLogWorker (SegmentedRaftLogWorker.java:lambda$new$0(134)) - s1@group-7AE7625EDE06-SegmentedRaftLogWorker: safeCacheEvictIndex: setUnconditionally 0 -> -1
2023-02-21 22:21:09,045 [s1-impl-thread1] INFO  server.RaftServer$Division (RaftServerImpl.java:start(342)) - s1@group-7AE7625EDE06: start as a follower, conf=-1: peers:[s0|rpc:localhost:43927|admin:localhost:45157|client:localhost:40723|dataStream:localhost:44609|priority:0|startupRole:FOLLOWER, s1|rpc:localhost:42677|admin:localhost:44953|client:localhost:33023|dataStream:localhost:35837|priority:0|startupRole:FOLLOWER, s2|rpc:localhost:34337|admin:localhost:38237|client:localhost:44865|dataStream:localhost:42363|priority:0|startupRole:FOLLOWER]|listeners:[], old=null
2023-02-21 22:21:09,045 [s1-impl-thread1] INFO  server.RaftServer$Division (RaftServerImpl.java:setRole(329)) - s1@group-7AE7625EDE06: changes role from      null to FOLLOWER at term 0 for startAsFollower
2023-02-21 22:21:09,045 [s1-impl-thread1] INFO  impl.RoleInfo (RoleInfo.java:updateAndGet(139)) - s1: start s1@group-7AE7625EDE06-FollowerState
2023-02-21 22:21:09,045 [s1@group-7AE7625EDE06-FollowerState] INFO  server.RaftServerConfigKeys (ConfUtils.java:logFallback(53)) - raft.server.rpc.first-election.timeout.min = 150ms (fallback to raft.server.rpc.timeout.min)
2023-02-21 22:21:09,045 [s1-impl-thread1] INFO  util.JmxRegister (JmxRegister.java:tryRegister(44)) - Successfully registered JMX Bean with object name Ratis:service=RaftServer,group=group-7AE7625EDE06,id=s1
2023-02-21 22:21:09,045 [s1@group-7AE7625EDE06-FollowerState] INFO  server.RaftServerConfigKeys (ConfUtils.java:logFallback(53)) - raft.server.rpc.first-election.timeout.max = 300ms (fallback to raft.server.rpc.timeout.max)
2023-02-21 22:21:09,045 [s1-impl-thread1] INFO  server.RaftServerConfigKeys (ConfUtils.java:logGet(46)) - raft.server.snapshot.auto.trigger.enabled = false (default)
2023-02-21 22:21:09,045 [s1-impl-thread1] INFO  server.RaftServerConfigKeys (ConfUtils.java:logGet(46)) - raft.server.snapshot.retention.file.num = -1 (default)
2023-02-21 22:21:09,045 [s1-impl-thread1] INFO  server.RaftServerConfigKeys (ConfUtils.java:logGet(46)) - raft.server.log.purge.upto.snapshot.index = false (default)
2023-02-21 22:21:09,045 [Time-limited test] INFO  server.RaftServer (RaftServerProxy.java:startImpl(397)) - s1: start RPC server
2023-02-21 22:21:09,046 [JvmPauseMonitor36] INFO  util.JvmPauseMonitor (JvmPauseMonitor.java:run(105)) - JvmPauseMonitor-s1: Started
2023-02-21 22:21:09,046 [s2-impl-thread1] INFO  server.RaftServerConfigKeys (ConfUtils.java:logGet(46)) - raft.server.storage.free-space.min = 0MB (=0) (default)
2023-02-21 22:21:09,046 [s2-impl-thread1] INFO  server.RaftServerConfigKeys (ConfUtils.java:logGet(46)) - raft.server.log.corruption.policy = EXCEPTION (default)
2023-02-21 22:21:09,046 [s2-impl-thread1] INFO  server.RaftServerConfigKeys (ConfUtils.java:logGet(46)) - raft.server.storage.dir = [/home/runner/work/ratis/ratis/ratis-test/target/test/data/dc3d3723/MiniRaftClusterWithSimulatedRpcb1db0ebe/s2] (custom)
2023-02-21 22:21:09,046 [s2-impl-thread1] INFO  storage.RaftStorageDirectory (RaftStorageDirectoryImpl.java:analyzeStorage(138)) - The storage directory /home/runner/work/ratis/ratis/ratis-test/target/test/data/dc3d3723/MiniRaftClusterWithSimulatedRpcb1db0ebe/s2/09fb769f-6c90-4502-87aa-7ae7625ede06 does not exist. Creating ...
2023-02-21 22:21:09,047 [s2-impl-thread1] TRACE util.FileUtils (LogUtils.java:runAndLog(49)) - Successfully ran Files.createDirectories /home/runner/work/ratis/ratis/ratis-test/target/test/data/dc3d3723/MiniRaftClusterWithSimulatedRpcb1db0ebe/s2/09fb769f-6c90-4502-87aa-7ae7625ede06
2023-02-21 22:21:09,047 [s2-impl-thread1] INFO  storage.RaftStorageDirectory (RaftStorageDirectoryImpl.java:tryLock(232)) - Lock on /home/runner/work/ratis/ratis/ratis-test/target/test/data/dc3d3723/MiniRaftClusterWithSimulatedRpcb1db0ebe/s2/09fb769f-6c90-4502-87aa-7ae7625ede06/in_use.lock acquired by nodename 5808@fv-az108-113
2023-02-21 22:21:09,048 [s2-impl-thread1] TRACE util.FileUtils (LogUtils.java:runAndLog(49)) - Successfully ran Files.createDirectories /home/runner/work/ratis/ratis/ratis-test/target/test/data/dc3d3723/MiniRaftClusterWithSimulatedRpcb1db0ebe/s2/09fb769f-6c90-4502-87aa-7ae7625ede06/current
2023-02-21 22:21:09,048 [s2-impl-thread1] TRACE util.FileUtils (LogUtils.java:runAndLog(49)) - Successfully ran Files.createDirectories /home/runner/work/ratis/ratis/ratis-test/target/test/data/dc3d3723/MiniRaftClusterWithSimulatedRpcb1db0ebe/s2/09fb769f-6c90-4502-87aa-7ae7625ede06/sm
2023-02-21 22:21:09,048 [s2-impl-thread1] INFO  storage.RaftStorage (RaftStorageImpl.java:format(96)) - Storage directory /home/runner/work/ratis/ratis/ratis-test/target/test/data/dc3d3723/MiniRaftClusterWithSimulatedRpcb1db0ebe/s2/09fb769f-6c90-4502-87aa-7ae7625ede06 has been successfully formatted.
2023-02-21 22:21:09,048 [s2-impl-thread1] INFO  impl.SimpleStateMachine4Testing (SimpleStateMachine4Testing.java:initialize(213)) - Initializing SimpleStateMachine4Testing:uninitialized
2023-02-21 22:21:09,049 [s2-impl-thread1] INFO  impl.SimpleStateMachine4Testing (SimpleStateMachine4Testing.java:loadSnapshot(293)) - Loading snapshot null
2023-02-21 22:21:09,049 [s2-impl-thread1] INFO  server.RaftServerConfigKeys (ConfUtils.java:logGet(46)) - raft.server.log.use.memory = false (default)
2023-02-21 22:21:09,049 [s2-impl-thread1] INFO  server.RaftServerConfigKeys (ConfUtils.java:logGet(46)) - raft.server.log.purge.gap = 1024 (default)
2023-02-21 22:21:09,049 [s2-impl-thread1] INFO  server.RaftServerConfigKeys (ConfUtils.java:logGet(46)) - raft.server.log.appender.buffer.byte-limit = 4MB (=4194304) (default)
2023-02-21 22:21:09,049 [s2-impl-thread1] INFO  server.RaftServerConfigKeys (ConfUtils.java:logGet(46)) - raft.server.log.statemachine.data.read.timeout = 1000ms (default)
2023-02-21 22:21:09,049 [s2-impl-thread1] INFO  server.RaftServerConfigKeys (ConfUtils.java:logGet(46)) - raft.server.log.purge.preservation.log.num = 0 (default)
2023-02-21 22:21:09,049 [s2-impl-thread1] INFO  server.RaftServerConfigKeys (ConfUtils.java:logGet(46)) - raft.server.log.segment.size.max = 8KB (=8192) (custom)
2023-02-21 22:21:09,049 [s2-impl-thread1] INFO  server.RaftServerConfigKeys (ConfUtils.java:logGet(46)) - raft.server.log.segment.cache.num.max = 6 (default)
2023-02-21 22:21:09,049 [s2-impl-thread1] INFO  server.RaftServerConfigKeys (ConfUtils.java:logGet(46)) - raft.server.log.segment.cache.size.max = 200MB (=209715200) (default)
2023-02-21 22:21:09,049 [s2-impl-thread1] INFO  server.RaftServerConfigKeys (ConfUtils.java:logGet(46)) - raft.server.log.appender.buffer.byte-limit = 4MB (=4194304) (default)
2023-02-21 22:21:09,049 [s2-impl-thread1] INFO  segmented.SegmentedRaftLogWorker (SegmentedRaftLogWorker.java:<init>(183)) - new s2@group-7AE7625EDE06-SegmentedRaftLogWorker for RaftStorageImpl:Storage Directory /home/runner/work/ratis/ratis/ratis-test/target/test/data/dc3d3723/MiniRaftClusterWithSimulatedRpcb1db0ebe/s2/09fb769f-6c90-4502-87aa-7ae7625ede06
2023-02-21 22:21:09,049 [s2-impl-thread1] INFO  server.RaftServerConfigKeys (ConfUtils.java:logGet(46)) - raft.server.log.queue.byte-limit = 64MB (=67108864) (default)
2023-02-21 22:21:09,049 [s2-impl-thread1] INFO  server.RaftServerConfigKeys (ConfUtils.java:logGet(46)) - raft.server.log.queue.element-limit = 4096 (default)
2023-02-21 22:21:09,049 [s2-impl-thread1] INFO  server.RaftServerConfigKeys (ConfUtils.java:logGet(46)) - raft.server.log.segment.size.max = 8KB (=8192) (custom)
2023-02-21 22:21:09,049 [s2-impl-thread1] INFO  server.RaftServerConfigKeys (ConfUtils.java:logGet(46)) - raft.server.log.preallocated.size = 4MB (=4194304) (default)
2023-02-21 22:21:09,050 [s2-impl-thread1] INFO  server.RaftServerConfigKeys (ConfUtils.java:logGet(46)) - raft.server.log.force.sync.num = 128 (default)
2023-02-21 22:21:09,050 [s2-impl-thread1] INFO  server.RaftServerConfigKeys (ConfUtils.java:logGet(46)) - raft.server.log.statemachine.data.sync = true (default)
2023-02-21 22:21:09,050 [s2-impl-thread1] INFO  server.RaftServerConfigKeys (ConfUtils.java:logGet(46)) - raft.server.log.statemachine.data.sync.timeout = 10s (default)
2023-02-21 22:21:09,050 [s2-impl-thread1] INFO  server.RaftServerConfigKeys (ConfUtils.java:logGet(46)) - raft.server.log.statemachine.data.sync.timeout.retry = -1 (default)
2023-02-21 22:21:09,050 [s2-impl-thread1] INFO  server.RaftServerConfigKeys (ConfUtils.java:logGet(46)) - raft.server.log.write.buffer.size = 64KB (=65536) (default)
2023-02-21 22:21:09,050 [s2-impl-thread1] INFO  server.RaftServerConfigKeys (ConfUtils.java:logGet(46)) - raft.server.log.appender.buffer.byte-limit = 4MB (=4194304) (default)
2023-02-21 22:21:09,050 [s2-impl-thread1] INFO  server.RaftServerConfigKeys (ConfUtils.java:logGet(46)) - raft.server.log.unsafe-flush.enabled = false (default)
2023-02-21 22:21:09,050 [s2-impl-thread1] INFO  server.RaftServerConfigKeys (ConfUtils.java:logGet(46)) - raft.server.log.async-flush.enabled = false (default)
2023-02-21 22:21:09,050 [s2-impl-thread1] INFO  server.RaftServerConfigKeys (ConfUtils.java:logGet(46)) - raft.server.log.statemachine.data.caching.enabled = false (default)
2023-02-21 22:21:09,050 [s2-impl-thread1] INFO  segmented.SegmentedRaftLogWorker (SegmentedRaftLogWorker.java:lambda$new$0(134)) - s2@group-7AE7625EDE06-SegmentedRaftLogWorker: flushIndex: setUnconditionally 0 -> -1
2023-02-21 22:21:09,050 [s2-impl-thread1] INFO  segmented.SegmentedRaftLogWorker (SegmentedRaftLogWorker.java:lambda$new$0(134)) - s2@group-7AE7625EDE06-SegmentedRaftLogWorker: safeCacheEvictIndex: setUnconditionally 0 -> -1
2023-02-21 22:21:09,051 [s2-impl-thread1] INFO  server.RaftServer$Division (RaftServerImpl.java:start(342)) - s2@group-7AE7625EDE06: start as a follower, conf=-1: peers:[s0|rpc:localhost:43927|admin:localhost:45157|client:localhost:40723|dataStream:localhost:44609|priority:0|startupRole:FOLLOWER, s1|rpc:localhost:42677|admin:localhost:44953|client:localhost:33023|dataStream:localhost:35837|priority:0|startupRole:FOLLOWER, s2|rpc:localhost:34337|admin:localhost:38237|client:localhost:44865|dataStream:localhost:42363|priority:0|startupRole:FOLLOWER]|listeners:[], old=null
2023-02-21 22:21:09,051 [s2-impl-thread1] INFO  server.RaftServer$Division (RaftServerImpl.java:setRole(329)) - s2@group-7AE7625EDE06: changes role from      null to FOLLOWER at term 0 for startAsFollower
2023-02-21 22:21:09,051 [s2-impl-thread1] INFO  impl.RoleInfo (RoleInfo.java:updateAndGet(139)) - s2: start s2@group-7AE7625EDE06-FollowerState
2023-02-21 22:21:09,051 [s2-impl-thread1] INFO  util.JmxRegister (JmxRegister.java:tryRegister(44)) - Successfully registered JMX Bean with object name Ratis:service=RaftServer,group=group-7AE7625EDE06,id=s2
2023-02-21 22:21:09,051 [s2-impl-thread1] INFO  server.RaftServerConfigKeys (ConfUtils.java:logGet(46)) - raft.server.snapshot.auto.trigger.enabled = false (default)
2023-02-21 22:21:09,051 [s2-impl-thread1] INFO  server.RaftServerConfigKeys (ConfUtils.java:logGet(46)) - raft.server.snapshot.retention.file.num = -1 (default)
2023-02-21 22:21:09,051 [s2-impl-thread1] INFO  server.RaftServerConfigKeys (ConfUtils.java:logGet(46)) - raft.server.log.purge.upto.snapshot.index = false (default)
2023-02-21 22:21:09,051 [s2@group-7AE7625EDE06-FollowerState] INFO  server.RaftServerConfigKeys (ConfUtils.java:logFallback(53)) - raft.server.rpc.first-election.timeout.min = 150ms (fallback to raft.server.rpc.timeout.min)
2023-02-21 22:21:09,051 [s2@group-7AE7625EDE06-FollowerState] INFO  server.RaftServerConfigKeys (ConfUtils.java:logFallback(53)) - raft.server.rpc.first-election.timeout.max = 300ms (fallback to raft.server.rpc.timeout.max)
2023-02-21 22:21:09,051 [Time-limited test] INFO  server.RaftServer (RaftServerProxy.java:startImpl(397)) - s2: start RPC server
2023-02-21 22:21:09,052 [JvmPauseMonitor37] INFO  util.JvmPauseMonitor (JvmPauseMonitor.java:run(105)) - JvmPauseMonitor-s2: Started
2023-02-21 22:21:09,052 [Time-limited test] INFO  server.RaftServerConfigKeys (ConfUtils.java:logGet(46)) - raft.server.rpc.timeout.max = 300ms (default)
2023-02-21 22:21:09,052 [Time-limited test] INFO  ratis.RaftTestUtil (RaftTestUtil.java:waitForLeader(100)) - printing ALL groups
  s0:  RUNNING  FOLLOWER s0@group-7AE7625EDE06:t0, leader=null, voted=, raftlog=Memoized:s0@group-7AE7625EDE06-SegmentedRaftLog:OPENED:c-1, conf=-1: peers:[s0|rpc:localhost:43927|admin:localhost:45157|client:localhost:40723|dataStream:localhost:44609|priority:0|startupRole:FOLLOWER, s1|rpc:localhost:42677|admin:localhost:44953|client:localhost:33023|dataStream:localhost:35837|priority:0|startupRole:FOLLOWER, s2|rpc:localhost:34337|admin:localhost:38237|client:localhost:44865|dataStream:localhost:42363|priority:0|startupRole:FOLLOWER]|listeners:[], old=null RUNNING
  s1:  RUNNING  FOLLOWER s1@group-7AE7625EDE06:t0, leader=null, voted=, raftlog=Memoized:s1@group-7AE7625EDE06-SegmentedRaftLog:OPENED:c-1, conf=-1: peers:[s0|rpc:localhost:43927|admin:localhost:45157|client:localhost:40723|dataStream:localhost:44609|priority:0|startupRole:FOLLOWER, s1|rpc:localhost:42677|admin:localhost:44953|client:localhost:33023|dataStream:localhost:35837|priority:0|startupRole:FOLLOWER, s2|rpc:localhost:34337|admin:localhost:38237|client:localhost:44865|dataStream:localhost:42363|priority:0|startupRole:FOLLOWER]|listeners:[], old=null RUNNING
  s2:  RUNNING  FOLLOWER s2@group-7AE7625EDE06:t0, leader=null, voted=, raftlog=Memoized:s2@group-7AE7625EDE06-SegmentedRaftLog:OPENED:c-1, conf=-1: peers:[s0|rpc:localhost:43927|admin:localhost:45157|client:localhost:40723|dataStream:localhost:44609|priority:0|startupRole:FOLLOWER, s1|rpc:localhost:42677|admin:localhost:44953|client:localhost:33023|dataStream:localhost:35837|priority:0|startupRole:FOLLOWER, s2|rpc:localhost:34337|admin:localhost:38237|client:localhost:44865|dataStream:localhost:42363|priority:0|startupRole:FOLLOWER]|listeners:[], old=null RUNNING
2023-02-21 22:21:09,053 [Time-limited test] WARN  ratis.RaftTestUtil (JavaUtils.java:attempt(217)) - FAILED "waitForLeader-null-(expectLeader? true)", attempt #1/100: java.lang.IllegalStateException: No leader yet : printing ALL groups
  s0:  RUNNING  FOLLOWER s0@group-7AE7625EDE06:t0, leader=null, voted=, raftlog=Memoized:s0@group-7AE7625EDE06-SegmentedRaftLog:OPENED:c-1, conf=-1: peers:[s0|rpc:localhost:43927|admin:localhost:45157|client:localhost:40723|dataStream:localhost:44609|priority:0|startupRole:FOLLOWER, s1|rpc:localhost:42677|admin:localhost:44953|client:localhost:33023|dataStream:localhost:35837|priority:0|startupRole:FOLLOWER, s2|rpc:localhost:34337|admin:localhost:38237|client:localhost:44865|dataStream:localhost:42363|priority:0|startupRole:FOLLOWER]|listeners:[], old=null RUNNING
  s1:  RUNNING  FOLLOWER s1@group-7AE7625EDE06:t0, leader=null, voted=, raftlog=Memoized:s1@group-7AE7625EDE06-SegmentedRaftLog:OPENED:c-1, conf=-1: peers:[s0|rpc:localhost:43927|admin:localhost:45157|client:localhost:40723|dataStream:localhost:44609|priority:0|startupRole:FOLLOWER, s1|rpc:localhost:42677|admin:localhost:44953|client:localhost:33023|dataStream:localhost:35837|priority:0|startupRole:FOLLOWER, s2|rpc:localhost:34337|admin:localhost:38237|client:localhost:44865|dataStream:localhost:42363|priority:0|startupRole:FOLLOWER]|listeners:[], old=null RUNNING
  s2:  RUNNING  FOLLOWER s2@group-7AE7625EDE06:t0, leader=null, voted=, raftlog=Memoized:s2@group-7AE7625EDE06-SegmentedRaftLog:OPENED:c-1, conf=-1: peers:[s0|rpc:localhost:43927|admin:localhost:45157|client:localhost:40723|dataStream:localhost:44609|priority:0|startupRole:FOLLOWER, s1|rpc:localhost:42677|admin:localhost:44953|client:localhost:33023|dataStream:localhost:35837|priority:0|startupRole:FOLLOWER, s2|rpc:localhost:34337|admin:localhost:38237|client:localhost:44865|dataStream:localhost:42363|priority:0|startupRole:FOLLOWER]|listeners:[], old=null RUNNING, sleep 450ms and then retry.
java.lang.IllegalStateException: No leader yet : printing ALL groups
  s0:  RUNNING  FOLLOWER s0@group-7AE7625EDE06:t0, leader=null, voted=, raftlog=Memoized:s0@group-7AE7625EDE06-SegmentedRaftLog:OPENED:c-1, conf=-1: peers:[s0|rpc:localhost:43927|admin:localhost:45157|client:localhost:40723|dataStream:localhost:44609|priority:0|startupRole:FOLLOWER, s1|rpc:localhost:42677|admin:localhost:44953|client:localhost:33023|dataStream:localhost:35837|priority:0|startupRole:FOLLOWER, s2|rpc:localhost:34337|admin:localhost:38237|client:localhost:44865|dataStream:localhost:42363|priority:0|startupRole:FOLLOWER]|listeners:[], old=null RUNNING
  s1:  RUNNING  FOLLOWER s1@group-7AE7625EDE06:t0, leader=null, voted=, raftlog=Memoized:s1@group-7AE7625EDE06-SegmentedRaftLog:OPENED:c-1, conf=-1: peers:[s0|rpc:localhost:43927|admin:localhost:45157|client:localhost:40723|dataStream:localhost:44609|priority:0|startupRole:FOLLOWER, s1|rpc:localhost:42677|admin:localhost:44953|client:localhost:33023|dataStream:localhost:35837|priority:0|startupRole:FOLLOWER, s2|rpc:localhost:34337|admin:localhost:38237|client:localhost:44865|dataStream:localhost:42363|priority:0|startupRole:FOLLOWER]|listeners:[], old=null RUNNING
  s2:  RUNNING  FOLLOWER s2@group-7AE7625EDE06:t0, leader=null, voted=, raftlog=Memoized:s2@group-7AE7625EDE06-SegmentedRaftLog:OPENED:c-1, conf=-1: peers:[s0|rpc:localhost:43927|admin:localhost:45157|client:localhost:40723|dataStream:localhost:44609|priority:0|startupRole:FOLLOWER, s1|rpc:localhost:42677|admin:localhost:44953|client:localhost:33023|dataStream:localhost:35837|priority:0|startupRole:FOLLOWER, s2|rpc:localhost:34337|admin:localhost:38237|client:localhost:44865|dataStream:localhost:42363|priority:0|startupRole:FOLLOWER]|listeners:[], old=null RUNNING
	at org.apache.ratis.server.impl.MiniRaftCluster.newIllegalStateExceptionForNoLeaders(MiniRaftCluster.java:581)
	at org.apache.ratis.RaftTestUtil.lambda$waitForLeader$1(RaftTestUtil.java:104)
	at org.apache.ratis.server.impl.MiniRaftCluster.getLeader(MiniRaftCluster.java:615)
	at org.apache.ratis.server.impl.MiniRaftCluster.getLeader(MiniRaftCluster.java:608)
	at org.apache.ratis.RaftTestUtil.lambda$waitForLeader$3(RaftTestUtil.java:112)
	at org.apache.ratis.util.JavaUtils.attempt(JavaUtils.java:211)
	at org.apache.ratis.util.JavaUtils.attemptRepeatedly(JavaUtils.java:197)
	at org.apache.ratis.RaftTestUtil.waitForLeader(RaftTestUtil.java:111)
	at org.apache.ratis.RaftTestUtil.waitForLeader(RaftTestUtil.java:92)
	at org.apache.ratis.RaftTestUtil.waitForLeader(RaftTestUtil.java:87)
	at org.apache.ratis.server.ServerRestartTests.runTestRestartFollower(ServerRestartTests.java:92)
	at org.apache.ratis.server.impl.MiniRaftCluster$Factory$Get.runWithNewCluster(MiniRaftCluster.java:141)
	at org.apache.ratis.server.impl.MiniRaftCluster$Factory$Get.runWithNewCluster(MiniRaftCluster.java:121)
	at org.apache.ratis.server.ServerRestartTests.testRestartFollower(ServerRestartTests.java:88)
	at java.base/jdk.internal.reflect.NativeMethodAccessorImpl.invoke0(Native Method)
	at java.base/jdk.internal.reflect.NativeMethodAccessorImpl.invoke(NativeMethodAccessorImpl.java:62)
	at java.base/jdk.internal.reflect.DelegatingMethodAccessorImpl.invoke(DelegatingMethodAccessorImpl.java:43)
	at java.base/java.lang.reflect.Method.invoke(Method.java:566)
	at org.junit.runners.model.FrameworkMethod$1.runReflectiveCall(FrameworkMethod.java:59)
	at org.junit.internal.runners.model.ReflectiveCallable.run(ReflectiveCallable.java:12)
	at org.junit.runners.model.FrameworkMethod.invokeExplosively(FrameworkMethod.java:56)
	at org.junit.internal.runners.statements.InvokeMethod.evaluate(InvokeMethod.java:17)
	at org.junit.internal.runners.statements.RunAfters.evaluate(RunAfters.java:27)
	at org.junit.internal.runners.statements.FailOnTimeout$CallableStatement.call(FailOnTimeout.java:299)
	at org.junit.internal.runners.statements.FailOnTimeout$CallableStatement.call(FailOnTimeout.java:293)
	at java.base/java.util.concurrent.FutureTask.run(FutureTask.java:264)
	at java.base/java.lang.Thread.run(Thread.java:829)
2023-02-21 22:21:09,229 [s0@group-7AE7625EDE06-FollowerState] INFO  impl.FollowerState (FollowerState.java:run(143)) - s0@group-7AE7625EDE06-FollowerState: change to CANDIDATE, lastRpcElapsedTime:199877441ns, electionTimeout:199ms
2023-02-21 22:21:09,229 [s0@group-7AE7625EDE06-FollowerState] INFO  impl.RoleInfo (RoleInfo.java:shutdownFollowerState(110)) - s0: shutdown s0@group-7AE7625EDE06-FollowerState
2023-02-21 22:21:09,229 [s0@group-7AE7625EDE06-FollowerState] INFO  server.RaftServer$Division (RaftServerImpl.java:setRole(329)) - s0@group-7AE7625EDE06: changes role from  FOLLOWER to CANDIDATE at term 0 for changeToCandidate
2023-02-21 22:21:09,229 [s0@group-7AE7625EDE06-FollowerState] INFO  server.RaftServerConfigKeys (ConfUtils.java:logGet(46)) - raft.server.leaderelection.pre-vote = true (default)
2023-02-21 22:21:09,229 [s0@group-7AE7625EDE06-FollowerState] INFO  impl.RoleInfo (RoleInfo.java:updateAndGet(139)) - s0: start s0@group-7AE7625EDE06-LeaderElection7
2023-02-21 22:21:09,229 [s0@group-7AE7625EDE06-LeaderElection7] INFO  impl.LeaderElection (LeaderElection.java:askForVotes(309)) - s0@group-7AE7625EDE06-LeaderElection7 PRE_VOTE round 0: submit vote requests at term 0 for -1: peers:[s0|rpc:localhost:43927|admin:localhost:45157|client:localhost:40723|dataStream:localhost:44609|priority:0|startupRole:FOLLOWER, s1|rpc:localhost:42677|admin:localhost:44953|client:localhost:33023|dataStream:localhost:35837|priority:0|startupRole:FOLLOWER, s2|rpc:localhost:34337|admin:localhost:38237|client:localhost:44865|dataStream:localhost:42363|priority:0|startupRole:FOLLOWER]|listeners:[], old=null
2023-02-21 22:21:09,230 [s0@group-7AE7625EDE06-LeaderElection7] INFO  server.RaftServerConfigKeys (ConfUtils.java:logFallback(53)) - raft.server.rpc.first-election.timeout.min = 150ms (fallback to raft.server.rpc.timeout.min)
2023-02-21 22:21:09,230 [s0@group-7AE7625EDE06-LeaderElection7] INFO  server.RaftServerConfigKeys (ConfUtils.java:logFallback(53)) - raft.server.rpc.first-election.timeout.max = 300ms (fallback to raft.server.rpc.timeout.max)
2023-02-21 22:21:09,230 [HandlerDaemon-0] INFO  server.RaftServer$Division (RaftServerImpl.java:requestVote(1302)) - s1@group-7AE7625EDE06: receive requestVote(PRE_VOTE, s0, group-7AE7625EDE06, 0, (t:0, i:0))
2023-02-21 22:21:09,230 [HandlerDaemon-0] INFO  impl.VoteContext (VoteContext.java:log(49)) - s1@group-7AE7625EDE06-FOLLOWER: accept PRE_VOTE from s0: our priority 0 <= candidate's priority 0
2023-02-21 22:21:09,230 [HandlerDaemon-0] INFO  server.RaftServer$Division (RaftServerImpl.java:requestVote(1302)) - s2@group-7AE7625EDE06: receive requestVote(PRE_VOTE, s0, group-7AE7625EDE06, 0, (t:0, i:0))
2023-02-21 22:21:09,230 [HandlerDaemon-0] INFO  impl.VoteContext (VoteContext.java:log(49)) - s2@group-7AE7625EDE06-FOLLOWER: accept PRE_VOTE from s0: our priority 0 <= candidate's priority 0
2023-02-21 22:21:09,230 [HandlerDaemon-0] INFO  server.RaftServer$Division (RaftServerImpl.java:requestVote(1335)) - s2@group-7AE7625EDE06 replies to PRE_VOTE vote request: s0<-s2#0:OK-t0. Peer's state: s2@group-7AE7625EDE06:t0, leader=null, voted=, raftlog=Memoized:s2@group-7AE7625EDE06-SegmentedRaftLog:OPENED:c-1, conf=-1: peers:[s0|rpc:localhost:43927|admin:localhost:45157|client:localhost:40723|dataStream:localhost:44609|priority:0|startupRole:FOLLOWER, s1|rpc:localhost:42677|admin:localhost:44953|client:localhost:33023|dataStream:localhost:35837|priority:0|startupRole:FOLLOWER, s2|rpc:localhost:34337|admin:localhost:38237|client:localhost:44865|dataStream:localhost:42363|priority:0|startupRole:FOLLOWER]|listeners:[], old=null
2023-02-21 22:21:09,230 [s0@group-7AE7625EDE06-LeaderElection7] INFO  impl.LeaderElection (LeaderElection.java:logAndReturn(89)) - s0@group-7AE7625EDE06-LeaderElection7: PRE_VOTE PASSED received 1 response(s) and 0 exception(s):
2023-02-21 22:21:09,230 [s0@group-7AE7625EDE06-LeaderElection7] INFO  impl.LeaderElection (LeaderElection.java:logAndReturn(93)) -   Response 0: s0<-s2#0:OK-t0
2023-02-21 22:21:09,230 [s0@group-7AE7625EDE06-LeaderElection7] INFO  impl.LeaderElection (LeaderElection.java:askForVotes(311)) - s0@group-7AE7625EDE06-LeaderElection7 PRE_VOTE round 0: result PASSED
2023-02-21 22:21:09,230 [HandlerDaemon-0] INFO  server.RaftServer$Division (RaftServerImpl.java:requestVote(1335)) - s1@group-7AE7625EDE06 replies to PRE_VOTE vote request: s0<-s1#0:OK-t0. Peer's state: s1@group-7AE7625EDE06:t0, leader=null, voted=, raftlog=Memoized:s1@group-7AE7625EDE06-SegmentedRaftLog:OPENED:c-1, conf=-1: peers:[s0|rpc:localhost:43927|admin:localhost:45157|client:localhost:40723|dataStream:localhost:44609|priority:0|startupRole:FOLLOWER, s1|rpc:localhost:42677|admin:localhost:44953|client:localhost:33023|dataStream:localhost:35837|priority:0|startupRole:FOLLOWER, s2|rpc:localhost:34337|admin:localhost:38237|client:localhost:44865|dataStream:localhost:42363|priority:0|startupRole:FOLLOWER]|listeners:[], old=null
2023-02-21 22:21:09,231 [s0@group-7AE7625EDE06-LeaderElection7] INFO  impl.LeaderElection (LeaderElection.java:askForVotes(309)) - s0@group-7AE7625EDE06-LeaderElection7 ELECTION round 0: submit vote requests at term 1 for -1: peers:[s0|rpc:localhost:43927|admin:localhost:45157|client:localhost:40723|dataStream:localhost:44609|priority:0|startupRole:FOLLOWER, s1|rpc:localhost:42677|admin:localhost:44953|client:localhost:33023|dataStream:localhost:35837|priority:0|startupRole:FOLLOWER, s2|rpc:localhost:34337|admin:localhost:38237|client:localhost:44865|dataStream:localhost:42363|priority:0|startupRole:FOLLOWER]|listeners:[], old=null
2023-02-21 22:21:09,232 [s0@group-7AE7625EDE06-LeaderElection7] INFO  server.RaftServerConfigKeys (ConfUtils.java:logFallback(53)) - raft.server.rpc.first-election.timeout.min = 150ms (fallback to raft.server.rpc.timeout.min)
2023-02-21 22:21:09,232 [s0@group-7AE7625EDE06-LeaderElection7] INFO  server.RaftServerConfigKeys (ConfUtils.java:logFallback(53)) - raft.server.rpc.first-election.timeout.max = 300ms (fallback to raft.server.rpc.timeout.max)
2023-02-21 22:21:09,232 [HandlerDaemon-1] INFO  server.RaftServer$Division (RaftServerImpl.java:requestVote(1302)) - s2@group-7AE7625EDE06: receive requestVote(ELECTION, s0, group-7AE7625EDE06, 1, (t:0, i:0))
2023-02-21 22:21:09,232 [HandlerDaemon-1] INFO  server.RaftServer$Division (RaftServerImpl.java:requestVote(1302)) - s1@group-7AE7625EDE06: receive requestVote(ELECTION, s0, group-7AE7625EDE06, 1, (t:0, i:0))
2023-02-21 22:21:09,232 [HandlerDaemon-1] INFO  impl.VoteContext (VoteContext.java:log(49)) - s2@group-7AE7625EDE06-FOLLOWER: accept ELECTION from s0: our priority 0 <= candidate's priority 0
2023-02-21 22:21:09,232 [HandlerDaemon-1] INFO  server.RaftServer$Division (RaftServerImpl.java:setRole(329)) - s2@group-7AE7625EDE06: changes role from  FOLLOWER to FOLLOWER at term 1 for candidate:s0
2023-02-21 22:21:09,232 [HandlerDaemon-1] INFO  impl.RoleInfo (RoleInfo.java:shutdownFollowerState(110)) - s2: shutdown s2@group-7AE7625EDE06-FollowerState
2023-02-21 22:21:09,232 [HandlerDaemon-1] INFO  impl.RoleInfo (RoleInfo.java:updateAndGet(139)) - s2: start s2@group-7AE7625EDE06-FollowerState
2023-02-21 22:21:09,232 [HandlerDaemon-1] INFO  impl.VoteContext (VoteContext.java:log(49)) - s1@group-7AE7625EDE06-FOLLOWER: accept ELECTION from s0: our priority 0 <= candidate's priority 0
2023-02-21 22:21:09,233 [HandlerDaemon-1] INFO  server.RaftServer$Division (RaftServerImpl.java:setRole(329)) - s1@group-7AE7625EDE06: changes role from  FOLLOWER to FOLLOWER at term 1 for candidate:s0
2023-02-21 22:21:09,233 [HandlerDaemon-1] INFO  impl.RoleInfo (RoleInfo.java:shutdownFollowerState(110)) - s1: shutdown s1@group-7AE7625EDE06-FollowerState
2023-02-21 22:21:09,233 [HandlerDaemon-1] INFO  impl.RoleInfo (RoleInfo.java:updateAndGet(139)) - s1: start s1@group-7AE7625EDE06-FollowerState
2023-02-21 22:21:09,233 [s1@group-7AE7625EDE06-FollowerState] INFO  impl.FollowerState (FollowerState.java:run(152)) - s1@group-7AE7625EDE06-FollowerState was interrupted
2023-02-21 22:21:09,232 [s2@group-7AE7625EDE06-FollowerState] INFO  impl.FollowerState (FollowerState.java:run(152)) - s2@group-7AE7625EDE06-FollowerState was interrupted
2023-02-21 22:21:09,233 [s2@group-7AE7625EDE06-FollowerState] INFO  server.RaftServerConfigKeys (ConfUtils.java:logFallback(53)) - raft.server.rpc.first-election.timeout.min = 150ms (fallback to raft.server.rpc.timeout.min)
2023-02-21 22:21:09,233 [s2@group-7AE7625EDE06-FollowerState] INFO  server.RaftServerConfigKeys (ConfUtils.java:logFallback(53)) - raft.server.rpc.first-election.timeout.max = 300ms (fallback to raft.server.rpc.timeout.max)
2023-02-21 22:21:09,234 [HandlerDaemon-1] INFO  server.RaftServer$Division (RaftServerImpl.java:requestVote(1335)) - s2@group-7AE7625EDE06 replies to ELECTION vote request: s0<-s2#0:OK-t1. Peer's state: s2@group-7AE7625EDE06:t1, leader=null, voted=s0, raftlog=Memoized:s2@group-7AE7625EDE06-SegmentedRaftLog:OPENED:c-1, conf=-1: peers:[s0|rpc:localhost:43927|admin:localhost:45157|client:localhost:40723|dataStream:localhost:44609|priority:0|startupRole:FOLLOWER, s1|rpc:localhost:42677|admin:localhost:44953|client:localhost:33023|dataStream:localhost:35837|priority:0|startupRole:FOLLOWER, s2|rpc:localhost:34337|admin:localhost:38237|client:localhost:44865|dataStream:localhost:42363|priority:0|startupRole:FOLLOWER]|listeners:[], old=null
2023-02-21 22:21:09,234 [s0@group-7AE7625EDE06-LeaderElection7] INFO  impl.LeaderElection (LeaderElection.java:logAndReturn(89)) - s0@group-7AE7625EDE06-LeaderElection7: ELECTION PASSED received 1 response(s) and 0 exception(s):
2023-02-21 22:21:09,234 [s0@group-7AE7625EDE06-LeaderElection7] INFO  impl.LeaderElection (LeaderElection.java:logAndReturn(93)) -   Response 0: s0<-s2#0:OK-t1
2023-02-21 22:21:09,234 [s0@group-7AE7625EDE06-LeaderElection7] INFO  impl.LeaderElection (LeaderElection.java:askForVotes(311)) - s0@group-7AE7625EDE06-LeaderElection7 ELECTION round 0: result PASSED
2023-02-21 22:21:09,234 [s0@group-7AE7625EDE06-LeaderElection7] INFO  impl.RoleInfo (RoleInfo.java:shutdownLeaderElection(130)) - s0: shutdown s0@group-7AE7625EDE06-LeaderElection7
2023-02-21 22:21:09,234 [s0@group-7AE7625EDE06-LeaderElection7] INFO  server.RaftServer$Division (RaftServerImpl.java:setRole(329)) - s0@group-7AE7625EDE06: changes role from CANDIDATE to LEADER at term 1 for changeToLeader
2023-02-21 22:21:09,234 [s0@group-7AE7625EDE06-LeaderElection7] INFO  server.RaftServer$Division (ServerState.java:setLeader(260)) - s0@group-7AE7625EDE06: change Leader from null to s0 at term 1 for becomeLeader, leader elected after 220ms
2023-02-21 22:21:09,234 [s0@group-7AE7625EDE06-LeaderElection7] INFO  server.RaftServerConfigKeys (ConfUtils.java:logGet(46)) - raft.server.staging.catchup.gap = 1000 (default)
2023-02-21 22:21:09,234 [s0@group-7AE7625EDE06-LeaderElection7] INFO  server.RaftServerConfigKeys (ConfUtils.java:logGet(46)) - raft.server.write.element-limit = 4096 (default)
2023-02-21 22:21:09,234 [s0@group-7AE7625EDE06-LeaderElection7] INFO  server.RaftServerConfigKeys (ConfUtils.java:logGet(46)) - raft.server.write.byte-limit = 64MB (=67108864) (default)
2023-02-21 22:21:09,234 [s1@group-7AE7625EDE06-FollowerState] INFO  server.RaftServerConfigKeys (ConfUtils.java:logFallback(53)) - raft.server.rpc.first-election.timeout.min = 150ms (fallback to raft.server.rpc.timeout.min)
2023-02-21 22:21:09,234 [s0@group-7AE7625EDE06-LeaderElection7] INFO  server.RaftServerConfigKeys (ConfUtils.java:logGet(46)) - raft.server.watch.timeout = 10s (default)
2023-02-21 22:21:09,235 [s0@group-7AE7625EDE06-LeaderElection7] INFO  server.RaftServerConfigKeys (ConfUtils.java:logGet(46)) - raft.server.watch.timeout.denomination = 1s (default)
2023-02-21 22:21:09,235 [s0@group-7AE7625EDE06-LeaderElection7] INFO  server.RaftServerConfigKeys (ConfUtils.java:logGet(46)) - raft.server.watch.element-limit = 65536 (default)
2023-02-21 22:21:09,235 [s0@group-7AE7625EDE06-LeaderElection7] INFO  server.RaftServerConfigKeys (ConfUtils.java:logGet(46)) - raft.server.write.element-limit = 4096 (default)
2023-02-21 22:21:09,235 [s0@group-7AE7625EDE06-LeaderElection7] INFO  server.RaftServerConfigKeys (ConfUtils.java:logGet(46)) - raft.server.write.follower.gap.ratio.max = -1.0 (default)
2023-02-21 22:21:09,235 [HandlerDaemon-1] INFO  server.RaftServer$Division (RaftServerImpl.java:requestVote(1335)) - s1@group-7AE7625EDE06 replies to ELECTION vote request: s0<-s1#0:OK-t1. Peer's state: s1@group-7AE7625EDE06:t1, leader=null, voted=s0, raftlog=Memoized:s1@group-7AE7625EDE06-SegmentedRaftLog:OPENED:c-1, conf=-1: peers:[s0|rpc:localhost:43927|admin:localhost:45157|client:localhost:40723|dataStream:localhost:44609|priority:0|startupRole:FOLLOWER, s1|rpc:localhost:42677|admin:localhost:44953|client:localhost:33023|dataStream:localhost:35837|priority:0|startupRole:FOLLOWER, s2|rpc:localhost:34337|admin:localhost:38237|client:localhost:44865|dataStream:localhost:42363|priority:0|startupRole:FOLLOWER]|listeners:[], old=null
2023-02-21 22:21:09,235 [s0@group-7AE7625EDE06-LeaderElection7] INFO  server.RaftServerConfigKeys (ConfUtils.java:logGet(46)) - raft.server.log.appender.snapshot.chunk.size.max = 16MB (=16777216) (default)
2023-02-21 22:21:09,235 [s0@group-7AE7625EDE06-LeaderElection7] INFO  server.RaftServerConfigKeys (ConfUtils.java:logGet(46)) - raft.server.log.appender.buffer.byte-limit = 4MB (=4194304) (default)
2023-02-21 22:21:09,235 [s0@group-7AE7625EDE06-LeaderElection7] INFO  server.RaftServerConfigKeys (ConfUtils.java:logGet(46)) - raft.server.log.appender.buffer.element-limit = 0 (default)
2023-02-21 22:21:09,235 [s0@group-7AE7625EDE06-LeaderElection7] INFO  server.RaftServerConfigKeys (ConfUtils.java:logGet(46)) - raft.server.log.appender.snapshot.chunk.size.max = 16MB (=16777216) (default)
2023-02-21 22:21:09,235 [s0@group-7AE7625EDE06-LeaderElection7] INFO  server.RaftServerConfigKeys (ConfUtils.java:logGet(46)) - raft.server.log.appender.buffer.byte-limit = 4MB (=4194304) (default)
2023-02-21 22:21:09,235 [s0@group-7AE7625EDE06-LeaderElection7] INFO  server.RaftServerConfigKeys (ConfUtils.java:logGet(46)) - raft.server.log.appender.buffer.element-limit = 0 (default)
2023-02-21 22:21:09,235 [s0@group-7AE7625EDE06-LeaderElection7] INFO  impl.RoleInfo (RoleInfo.java:updateAndGet(139)) - s0: start s0@group-7AE7625EDE06-LeaderStateImpl
2023-02-21 22:21:09,235 [s0@group-7AE7625EDE06-LeaderElection7] DEBUG raftlog.RaftLog (SegmentedRaftLog.java:appendImpl(446)) - truncateIndex=-1, arrayIndex=0
2023-02-21 22:21:09,235 [s0@group-7AE7625EDE06-LeaderElection7] INFO  segmented.SegmentedRaftLogWorker (SegmentedRaftLogWorker.java:startLogSegment(426)) - s0@group-7AE7625EDE06-SegmentedRaftLogWorker: Starting segment from index:0
2023-02-21 22:21:09,234 [s1@group-7AE7625EDE06-FollowerState] INFO  server.RaftServerConfigKeys (ConfUtils.java:logFallback(53)) - raft.server.rpc.first-election.timeout.max = 300ms (fallback to raft.server.rpc.timeout.max)
2023-02-21 22:21:09,237 [s0@group-7AE7625EDE06-LeaderElection7] INFO  server.RaftServer$Division (ServerState.java:setRaftConf(378)) - s0@group-7AE7625EDE06: set configuration 0: peers:[s0|rpc:localhost:43927|admin:localhost:45157|client:localhost:40723|dataStream:localhost:44609|priority:0|startupRole:FOLLOWER, s1|rpc:localhost:42677|admin:localhost:44953|client:localhost:33023|dataStream:localhost:35837|priority:0|startupRole:FOLLOWER, s2|rpc:localhost:34337|admin:localhost:38237|client:localhost:44865|dataStream:localhost:42363|priority:0|startupRole:FOLLOWER]|listeners:[], old=null
2023-02-21 22:21:09,238 [s0@group-7AE7625EDE06-SegmentedRaftLogWorker] INFO  segmented.SegmentedRaftLogWorker (SegmentedRaftLogWorker.java:execute(630)) - s0@group-7AE7625EDE06-SegmentedRaftLogWorker: created new log segment /home/runner/work/ratis/ratis/ratis-test/target/test/data/dc3d3723/MiniRaftClusterWithSimulatedRpcb1db0ebe/s0/09fb769f-6c90-4502-87aa-7ae7625ede06/current/log_inprogress_0
2023-02-21 22:21:09,238 [HandlerDaemon-2] INFO  server.RaftServer$Division (ServerState.java:setLeader(260)) - s1@group-7AE7625EDE06: change Leader from null to s0 at term 1 for appendEntries, leader elected after 222ms
2023-02-21 22:21:09,239 [HandlerDaemon-0] INFO  server.RaftServer$Division (ServerState.java:setRaftConf(378)) - s1@group-7AE7625EDE06: set configuration 0: peers:[s0|rpc:localhost:43927|admin:localhost:45157|client:localhost:40723|dataStream:localhost:44609|priority:0|startupRole:FOLLOWER, s1|rpc:localhost:42677|admin:localhost:44953|client:localhost:33023|dataStream:localhost:35837|priority:0|startupRole:FOLLOWER, s2|rpc:localhost:34337|admin:localhost:38237|client:localhost:44865|dataStream:localhost:42363|priority:0|startupRole:FOLLOWER]|listeners:[], old=null
2023-02-21 22:21:09,239 [HandlerDaemon-0] DEBUG raftlog.RaftLog (SegmentedRaftLog.java:appendImpl(446)) - truncateIndex=-1, arrayIndex=0
2023-02-21 22:21:09,239 [HandlerDaemon-0] INFO  segmented.SegmentedRaftLogWorker (SegmentedRaftLogWorker.java:startLogSegment(426)) - s1@group-7AE7625EDE06-SegmentedRaftLogWorker: Starting segment from index:0
2023-02-21 22:21:09,240 [s1@group-7AE7625EDE06-SegmentedRaftLogWorker] INFO  segmented.SegmentedRaftLogWorker (SegmentedRaftLogWorker.java:execute(630)) - s1@group-7AE7625EDE06-SegmentedRaftLogWorker: created new log segment /home/runner/work/ratis/ratis/ratis-test/target/test/data/dc3d3723/MiniRaftClusterWithSimulatedRpcb1db0ebe/s1/09fb769f-6c90-4502-87aa-7ae7625ede06/current/log_inprogress_0
2023-02-21 22:21:09,242 [HandlerDaemon-2] INFO  server.RaftServer$Division (ServerState.java:setLeader(260)) - s2@group-7AE7625EDE06: change Leader from null to s0 at term 1 for appendEntries, leader elected after 218ms
2023-02-21 22:21:09,243 [HandlerDaemon-0] INFO  server.RaftServer$Division (ServerState.java:setRaftConf(378)) - s2@group-7AE7625EDE06: set configuration 0: peers:[s0|rpc:localhost:43927|admin:localhost:45157|client:localhost:40723|dataStream:localhost:44609|priority:0|startupRole:FOLLOWER, s1|rpc:localhost:42677|admin:localhost:44953|client:localhost:33023|dataStream:localhost:35837|priority:0|startupRole:FOLLOWER, s2|rpc:localhost:34337|admin:localhost:38237|client:localhost:44865|dataStream:localhost:42363|priority:0|startupRole:FOLLOWER]|listeners:[], old=null
2023-02-21 22:21:09,243 [HandlerDaemon-0] DEBUG raftlog.RaftLog (SegmentedRaftLog.java:appendImpl(446)) - truncateIndex=-1, arrayIndex=0
2023-02-21 22:21:09,243 [HandlerDaemon-0] INFO  segmented.SegmentedRaftLogWorker (SegmentedRaftLogWorker.java:startLogSegment(426)) - s2@group-7AE7625EDE06-SegmentedRaftLogWorker: Starting segment from index:0
2023-02-21 22:21:09,244 [s2@group-7AE7625EDE06-SegmentedRaftLogWorker] INFO  segmented.SegmentedRaftLogWorker (SegmentedRaftLogWorker.java:execute(630)) - s2@group-7AE7625EDE06-SegmentedRaftLogWorker: created new log segment /home/runner/work/ratis/ratis/ratis-test/target/test/data/dc3d3723/MiniRaftClusterWithSimulatedRpcb1db0ebe/s2/09fb769f-6c90-4502-87aa-7ae7625ede06/current/log_inprogress_0
2023-02-21 22:21:09,503 [Time-limited test] INFO  ratis.RaftTestUtil (RaftTestUtil.java:waitForLeader(119)) - printing ALL groups
  s0:  RUNNING    LEADER s0@group-7AE7625EDE06:t1, leader=s0, voted=s0, raftlog=Memoized:s0@group-7AE7625EDE06-SegmentedRaftLog:OPENED:c0, conf=0: peers:[s0|rpc:localhost:43927|admin:localhost:45157|client:localhost:40723|dataStream:localhost:44609|priority:0|startupRole:FOLLOWER, s1|rpc:localhost:42677|admin:localhost:44953|client:localhost:33023|dataStream:localhost:35837|priority:0|startupRole:FOLLOWER, s2|rpc:localhost:34337|admin:localhost:38237|client:localhost:44865|dataStream:localhost:42363|priority:0|startupRole:FOLLOWER]|listeners:[], old=null RUNNING
  s1:  RUNNING  FOLLOWER s1@group-7AE7625EDE06:t1, leader=s0, voted=s0, raftlog=Memoized:s1@group-7AE7625EDE06-SegmentedRaftLog:OPENED:c0, conf=0: peers:[s0|rpc:localhost:43927|admin:localhost:45157|client:localhost:40723|dataStream:localhost:44609|priority:0|startupRole:FOLLOWER, s1|rpc:localhost:42677|admin:localhost:44953|client:localhost:33023|dataStream:localhost:35837|priority:0|startupRole:FOLLOWER, s2|rpc:localhost:34337|admin:localhost:38237|client:localhost:44865|dataStream:localhost:42363|priority:0|startupRole:FOLLOWER]|listeners:[], old=null RUNNING
  s2:  RUNNING  FOLLOWER s2@group-7AE7625EDE06:t1, leader=s0, voted=s0, raftlog=Memoized:s2@group-7AE7625EDE06-SegmentedRaftLog:OPENED:c0, conf=0: peers:[s0|rpc:localhost:43927|admin:localhost:45157|client:localhost:40723|dataStream:localhost:44609|priority:0|startupRole:FOLLOWER, s1|rpc:localhost:42677|admin:localhost:44953|client:localhost:33023|dataStream:localhost:35837|priority:0|startupRole:FOLLOWER, s2|rpc:localhost:34337|admin:localhost:38237|client:localhost:44865|dataStream:localhost:42363|priority:0|startupRole:FOLLOWER]|listeners:[], old=null RUNNING
2023-02-21 22:21:09,505 [HandlerDaemon-1] DEBUG raftlog.RaftLog (SegmentedRaftLog.java:appendImpl(446)) - truncateIndex=-1, arrayIndex=0
2023-02-21 22:21:09,505 [HandlerDaemon-1] DEBUG raftlog.RaftLog (SegmentedRaftLog.java:appendImpl(446)) - truncateIndex=-1, arrayIndex=0
2023-02-21 22:21:09,506 [s0@group-7AE7625EDE06-StateMachineUpdater] INFO  impl.SimpleStateMachine4Testing (SimpleStateMachine4Testing.java:put(205)) - s0: put 1, m0 -> (t:1, i:1), STATEMACHINELOGENTRY, 258@client-C9E13236D1A4
2023-02-21 22:21:09,509 [HandlerDaemon-2] DEBUG raftlog.RaftLog (SegmentedRaftLog.java:appendImpl(446)) - truncateIndex=-1, arrayIndex=0
2023-02-21 22:21:09,509 [s1@group-7AE7625EDE06-StateMachineUpdater] INFO  impl.SimpleStateMachine4Testing (SimpleStateMachine4Testing.java:put(205)) - s1: put 1, m0 -> (t:1, i:1), STATEMACHINELOGENTRY, 258@client-C9E13236D1A4
2023-02-21 22:21:09,510 [HandlerDaemon-2] DEBUG raftlog.RaftLog (SegmentedRaftLog.java:appendImpl(446)) - truncateIndex=-1, arrayIndex=0
2023-02-21 22:21:09,511 [s2@group-7AE7625EDE06-StateMachineUpdater] INFO  impl.SimpleStateMachine4Testing (SimpleStateMachine4Testing.java:put(205)) - s2: put 1, m0 -> (t:1, i:1), STATEMACHINELOGENTRY, 258@client-C9E13236D1A4
2023-02-21 22:21:09,512 [HandlerDaemon-0] DEBUG raftlog.RaftLog (SegmentedRaftLog.java:appendImpl(446)) - truncateIndex=-1, arrayIndex=0
2023-02-21 22:21:09,512 [HandlerDaemon-0] DEBUG raftlog.RaftLog (SegmentedRaftLog.java:appendImpl(446)) - truncateIndex=-1, arrayIndex=0
2023-02-21 22:21:09,513 [s0@group-7AE7625EDE06-StateMachineUpdater] INFO  impl.SimpleStateMachine4Testing (SimpleStateMachine4Testing.java:put(205)) - s0: put 3, m1 -> (t:1, i:3), STATEMACHINELOGENTRY, 262@client-C9E13236D1A4
2023-02-21 22:21:09,513 [HandlerDaemon-1] DEBUG raftlog.RaftLog (SegmentedRaftLog.java:appendImpl(446)) - truncateIndex=-1, arrayIndex=0
2023-02-21 22:21:09,514 [HandlerDaemon-1] DEBUG raftlog.RaftLog (SegmentedRaftLog.java:appendImpl(446)) - truncateIndex=-1, arrayIndex=0
2023-02-21 22:21:09,514 [s1@group-7AE7625EDE06-StateMachineUpdater] INFO  impl.SimpleStateMachine4Testing (SimpleStateMachine4Testing.java:put(205)) - s1: put 3, m1 -> (t:1, i:3), STATEMACHINELOGENTRY, 262@client-C9E13236D1A4
2023-02-21 22:21:09,515 [s2@group-7AE7625EDE06-StateMachineUpdater] INFO  impl.SimpleStateMachine4Testing (SimpleStateMachine4Testing.java:put(205)) - s2: put 3, m1 -> (t:1, i:3), STATEMACHINELOGENTRY, 262@client-C9E13236D1A4
2023-02-21 22:21:09,520 [HandlerDaemon-2] DEBUG raftlog.RaftLog (SegmentedRaftLog.java:appendImpl(446)) - truncateIndex=-1, arrayIndex=0
2023-02-21 22:21:09,520 [HandlerDaemon-2] DEBUG raftlog.RaftLog (SegmentedRaftLog.java:appendImpl(446)) - truncateIndex=-1, arrayIndex=0
2023-02-21 22:21:09,522 [s0@group-7AE7625EDE06-StateMachineUpdater] INFO  impl.SimpleStateMachine4Testing (SimpleStateMachine4Testing.java:put(205)) - s0: put 5, m2 -> (t:1, i:5), STATEMACHINELOGENTRY, 268@client-C9E13236D1A4
2023-02-21 22:21:09,522 [HandlerDaemon-0] DEBUG raftlog.RaftLog (SegmentedRaftLog.java:appendImpl(446)) - truncateIndex=-1, arrayIndex=0
2023-02-21 22:21:09,523 [HandlerDaemon-0] DEBUG raftlog.RaftLog (SegmentedRaftLog.java:appendImpl(446)) - truncateIndex=-1, arrayIndex=0
2023-02-21 22:21:09,523 [s2@group-7AE7625EDE06-StateMachineUpdater] INFO  impl.SimpleStateMachine4Testing (SimpleStateMachine4Testing.java:put(205)) - s2: put 5, m2 -> (t:1, i:5), STATEMACHINELOGENTRY, 268@client-C9E13236D1A4
2023-02-21 22:21:09,524 [s1@group-7AE7625EDE06-StateMachineUpdater] INFO  impl.SimpleStateMachine4Testing (SimpleStateMachine4Testing.java:put(205)) - s1: put 5, m2 -> (t:1, i:5), STATEMACHINELOGENTRY, 268@client-C9E13236D1A4
2023-02-21 22:21:09,525 [HandlerDaemon-1] DEBUG raftlog.RaftLog (SegmentedRaftLog.java:appendImpl(446)) - truncateIndex=-1, arrayIndex=0
2023-02-21 22:21:09,525 [HandlerDaemon-1] DEBUG raftlog.RaftLog (SegmentedRaftLog.java:appendImpl(446)) - truncateIndex=-1, arrayIndex=0
2023-02-21 22:21:09,526 [s0@group-7AE7625EDE06-StateMachineUpdater] INFO  impl.SimpleStateMachine4Testing (SimpleStateMachine4Testing.java:put(205)) - s0: put 7, m3 -> (t:1, i:7), STATEMACHINELOGENTRY, 273@client-C9E13236D1A4
2023-02-21 22:21:09,527 [HandlerDaemon-2] DEBUG raftlog.RaftLog (SegmentedRaftLog.java:appendImpl(446)) - truncateIndex=-1, arrayIndex=0
2023-02-21 22:21:09,527 [HandlerDaemon-2] DEBUG raftlog.RaftLog (SegmentedRaftLog.java:appendImpl(446)) - truncateIndex=-1, arrayIndex=0
2023-02-21 22:21:09,528 [s2@group-7AE7625EDE06-StateMachineUpdater] INFO  impl.SimpleStateMachine4Testing (SimpleStateMachine4Testing.java:put(205)) - s2: put 7, m3 -> (t:1, i:7), STATEMACHINELOGENTRY, 273@client-C9E13236D1A4
2023-02-21 22:21:09,528 [s1@group-7AE7625EDE06-StateMachineUpdater] INFO  impl.SimpleStateMachine4Testing (SimpleStateMachine4Testing.java:put(205)) - s1: put 7, m3 -> (t:1, i:7), STATEMACHINELOGENTRY, 273@client-C9E13236D1A4
2023-02-21 22:21:09,528 [s0@group-7AE7625EDE06-StateMachineUpdater] INFO  impl.SimpleStateMachine4Testing (SimpleStateMachine4Testing.java:put(205)) - s0: put 9, m4 -> (t:1, i:9), STATEMACHINELOGENTRY, 276@client-C9E13236D1A4
2023-02-21 22:21:09,529 [HandlerDaemon-0] DEBUG raftlog.RaftLog (SegmentedRaftLog.java:appendImpl(446)) - truncateIndex=-1, arrayIndex=0
2023-02-21 22:21:09,529 [HandlerDaemon-0] DEBUG raftlog.RaftLog (SegmentedRaftLog.java:appendImpl(446)) - truncateIndex=-1, arrayIndex=0
2023-02-21 22:21:09,530 [s1@group-7AE7625EDE06-StateMachineUpdater] INFO  impl.SimpleStateMachine4Testing (SimpleStateMachine4Testing.java:put(205)) - s1: put 9, m4 -> (t:1, i:9), STATEMACHINELOGENTRY, 276@client-C9E13236D1A4
2023-02-21 22:21:09,530 [HandlerDaemon-1] DEBUG raftlog.RaftLog (SegmentedRaftLog.java:appendImpl(446)) - truncateIndex=-1, arrayIndex=0
2023-02-21 22:21:09,531 [s2@group-7AE7625EDE06-StateMachineUpdater] INFO  impl.SimpleStateMachine4Testing (SimpleStateMachine4Testing.java:put(205)) - s2: put 9, m4 -> (t:1, i:9), STATEMACHINELOGENTRY, 276@client-C9E13236D1A4
2023-02-21 22:21:09,531 [s0@group-7AE7625EDE06-StateMachineUpdater] INFO  impl.SimpleStateMachine4Testing (SimpleStateMachine4Testing.java:put(205)) - s0: put 11, m5 -> (t:1, i:11), STATEMACHINELOGENTRY, 279@client-C9E13236D1A4
2023-02-21 22:21:09,532 [HandlerDaemon-1] DEBUG raftlog.RaftLog (SegmentedRaftLog.java:appendImpl(446)) - truncateIndex=-1, arrayIndex=0
2023-02-21 22:21:09,532 [HandlerDaemon-2] DEBUG raftlog.RaftLog (SegmentedRaftLog.java:appendImpl(446)) - truncateIndex=-1, arrayIndex=0
2023-02-21 22:21:09,533 [s2@group-7AE7625EDE06-StateMachineUpdater] INFO  impl.SimpleStateMachine4Testing (SimpleStateMachine4Testing.java:put(205)) - s2: put 11, m5 -> (t:1, i:11), STATEMACHINELOGENTRY, 279@client-C9E13236D1A4
2023-02-21 22:21:09,534 [s1@group-7AE7625EDE06-StateMachineUpdater] INFO  impl.SimpleStateMachine4Testing (SimpleStateMachine4Testing.java:put(205)) - s1: put 11, m5 -> (t:1, i:11), STATEMACHINELOGENTRY, 279@client-C9E13236D1A4
2023-02-21 22:21:09,535 [HandlerDaemon-2] DEBUG raftlog.RaftLog (SegmentedRaftLog.java:appendImpl(446)) - truncateIndex=-1, arrayIndex=0
2023-02-21 22:21:09,535 [HandlerDaemon-0] DEBUG raftlog.RaftLog (SegmentedRaftLog.java:appendImpl(446)) - truncateIndex=-1, arrayIndex=0
2023-02-21 22:21:09,536 [s0@group-7AE7625EDE06-StateMachineUpdater] INFO  impl.SimpleStateMachine4Testing (SimpleStateMachine4Testing.java:put(205)) - s0: put 13, m6 -> (t:1, i:13), STATEMACHINELOGENTRY, 285@client-C9E13236D1A4
2023-02-21 22:21:09,537 [HandlerDaemon-0] DEBUG raftlog.RaftLog (SegmentedRaftLog.java:appendImpl(446)) - truncateIndex=-1, arrayIndex=0
2023-02-21 22:21:09,538 [HandlerDaemon-1] DEBUG raftlog.RaftLog (SegmentedRaftLog.java:appendImpl(446)) - truncateIndex=-1, arrayIndex=0
2023-02-21 22:21:09,538 [s2@group-7AE7625EDE06-StateMachineUpdater] INFO  impl.SimpleStateMachine4Testing (SimpleStateMachine4Testing.java:put(205)) - s2: put 13, m6 -> (t:1, i:13), STATEMACHINELOGENTRY, 285@client-C9E13236D1A4
2023-02-21 22:21:09,538 [s1@group-7AE7625EDE06-StateMachineUpdater] INFO  impl.SimpleStateMachine4Testing (SimpleStateMachine4Testing.java:put(205)) - s1: put 13, m6 -> (t:1, i:13), STATEMACHINELOGENTRY, 285@client-C9E13236D1A4
2023-02-21 22:21:09,539 [s0@group-7AE7625EDE06-StateMachineUpdater] INFO  impl.SimpleStateMachine4Testing (SimpleStateMachine4Testing.java:put(205)) - s0: put 15, m7 -> (t:1, i:15), STATEMACHINELOGENTRY, 288@client-C9E13236D1A4
2023-02-21 22:21:09,540 [HandlerDaemon-2] DEBUG raftlog.RaftLog (SegmentedRaftLog.java:appendImpl(446)) - truncateIndex=-1, arrayIndex=0
2023-02-21 22:21:09,540 [HandlerDaemon-1] DEBUG raftlog.RaftLog (SegmentedRaftLog.java:appendImpl(446)) - truncateIndex=-1, arrayIndex=0
2023-02-21 22:21:09,541 [s1@group-7AE7625EDE06-StateMachineUpdater] INFO  impl.SimpleStateMachine4Testing (SimpleStateMachine4Testing.java:put(205)) - s1: put 15, m7 -> (t:1, i:15), STATEMACHINELOGENTRY, 288@client-C9E13236D1A4
2023-02-21 22:21:09,541 [s2@group-7AE7625EDE06-StateMachineUpdater] INFO  impl.SimpleStateMachine4Testing (SimpleStateMachine4Testing.java:put(205)) - s2: put 15, m7 -> (t:1, i:15), STATEMACHINELOGENTRY, 288@client-C9E13236D1A4
2023-02-21 22:21:09,541 [s0@group-7AE7625EDE06-StateMachineUpdater] INFO  impl.SimpleStateMachine4Testing (SimpleStateMachine4Testing.java:put(205)) - s0: put 17, m8 -> (t:1, i:17), STATEMACHINELOGENTRY, 291@client-C9E13236D1A4
2023-02-21 22:21:09,542 [HandlerDaemon-0] DEBUG raftlog.RaftLog (SegmentedRaftLog.java:appendImpl(446)) - truncateIndex=-1, arrayIndex=0
2023-02-21 22:21:09,542 [HandlerDaemon-2] DEBUG raftlog.RaftLog (SegmentedRaftLog.java:appendImpl(446)) - truncateIndex=-1, arrayIndex=0
2023-02-21 22:21:09,543 [s1@group-7AE7625EDE06-StateMachineUpdater] INFO  impl.SimpleStateMachine4Testing (SimpleStateMachine4Testing.java:put(205)) - s1: put 17, m8 -> (t:1, i:17), STATEMACHINELOGENTRY, 291@client-C9E13236D1A4
2023-02-21 22:21:09,543 [s2@group-7AE7625EDE06-StateMachineUpdater] INFO  impl.SimpleStateMachine4Testing (SimpleStateMachine4Testing.java:put(205)) - s2: put 17, m8 -> (t:1, i:17), STATEMACHINELOGENTRY, 291@client-C9E13236D1A4
2023-02-21 22:21:09,544 [HandlerDaemon-1] DEBUG raftlog.RaftLog (SegmentedRaftLog.java:appendImpl(446)) - truncateIndex=-1, arrayIndex=0
2023-02-21 22:21:09,544 [s0@group-7AE7625EDE06-StateMachineUpdater] INFO  impl.SimpleStateMachine4Testing (SimpleStateMachine4Testing.java:put(205)) - s0: put 19, m9 -> (t:1, i:19), STATEMACHINELOGENTRY, 294@client-C9E13236D1A4
2023-02-21 22:21:09,545 [HandlerDaemon-0] DEBUG raftlog.RaftLog (SegmentedRaftLog.java:appendImpl(446)) - truncateIndex=-1, arrayIndex=0
2023-02-21 22:21:09,545 [Time-limited test] INFO  simulation.TestServerRestartWithSimulatedRpc (ServerRestartTests.java:runTestRestartFollower(102)) - Restart follower s1
2023-02-21 22:21:09,545 [Time-limited test] INFO  impl.MiniRaftCluster (MiniRaftCluster.java:killServer(533)) - killServer s1
2023-02-21 22:21:09,545 [HandlerDaemon-2] DEBUG raftlog.RaftLog (SegmentedRaftLog.java:appendImpl(446)) - truncateIndex=-1, arrayIndex=0
2023-02-21 22:21:09,545 [Time-limited test] INFO  server.RaftServer (RaftServerProxy.java:lambda$close$7(413)) - s1: close
2023-02-21 22:21:09,545 [s1-impl-thread1] INFO  server.RaftServer$Division (RaftServerImpl.java:lambda$close$4(466)) - s1@group-7AE7625EDE06: shutdown
2023-02-21 22:21:09,545 [HandlerDaemon-1] INFO  simulation.RequestHandler (RequestHandler.java:run(127)) - s1.clientHandler1 is interrupted by java.io.InterruptedIOException: 
2023-02-21 22:21:09,545 [s1-impl-thread1] INFO  util.JmxRegister (JmxRegister.java:unregister(73)) - Successfully un-registered JMX Bean with object name Ratis:service=RaftServer,group=group-7AE7625EDE06,id=s1
2023-02-21 22:21:09,546 [s1-impl-thread1] INFO  impl.RoleInfo (RoleInfo.java:shutdownFollowerState(110)) - s1: shutdown s1@group-7AE7625EDE06-FollowerState
2023-02-21 22:21:09,546 [s1-impl-thread1] INFO  impl.StateMachineUpdater (StateMachineUpdater.java:stopAndJoin(154)) - s1@group-7AE7625EDE06-StateMachineUpdater: set stopIndex = 17
2023-02-21 22:21:09,546 [s1@group-7AE7625EDE06-FollowerState] INFO  impl.FollowerState (FollowerState.java:run(152)) - s1@group-7AE7625EDE06-FollowerState was interrupted
2023-02-21 22:21:09,545 [HandlerDaemon-0] INFO  simulation.RequestHandler (RequestHandler.java:run(127)) - s1.clientHandler0 is interrupted by java.io.InterruptedIOException: 
2023-02-21 22:21:09,546 [HandlerDaemon-2] INFO  simulation.RequestHandler (RequestHandler.java:run(127)) - s1.clientHandler2 is interrupted by java.io.InterruptedIOException: 
2023-02-21 22:21:09,546 [s2@group-7AE7625EDE06-StateMachineUpdater] INFO  impl.SimpleStateMachine4Testing (SimpleStateMachine4Testing.java:put(205)) - s2: put 19, m9 -> (t:1, i:19), STATEMACHINELOGENTRY, 294@client-C9E13236D1A4
2023-02-21 22:21:09,546 [HandlerDaemon-0] INFO  simulation.RequestHandler (RequestHandler.java:run(127)) - s1.serverHandler0 is interrupted by java.io.InterruptedIOException: 
2023-02-21 22:21:09,546 [HandlerDaemon-1] INFO  simulation.RequestHandler (RequestHandler.java:run(127)) - s1.serverHandler1 is interrupted by java.io.InterruptedIOException: 
2023-02-21 22:21:09,546 [s1-impl-thread1] INFO  server.RaftServer$Division (ServerState.java:close(414)) - s1@group-7AE7625EDE06: applyIndex: 17
2023-02-21 22:21:09,622 [s0@group-7AE7625EDE06->s1-LogAppenderDefault-LogAppenderDaemon] WARN  leader.LogAppender (LogAppenderDefault.java:sendAppendEntriesWithRetries(87)) - s0@group-7AE7625EDE06->s1-LogAppenderDefault: Failed to appendEntries (retry=1): {}
java.io.IOException: The peer s1 is not alive.
	at org.apache.ratis.server.simulation.SimulatedRequestReply.sendRequest(SimulatedRequestReply.java:117)
	at org.apache.ratis.server.simulation.SimulatedServerRpc.appendEntries(SimulatedServerRpc.java:115)
	at org.apache.ratis.server.leader.LogAppenderDefault.sendAppendEntriesWithRetries(LogAppenderDefault.java:77)
	at org.apache.ratis.server.leader.LogAppenderDefault.run(LogAppenderDefault.java:153)
	at org.apache.ratis.server.leader.LogAppenderDaemon.run(LogAppenderDaemon.java:78)
	at java.base/java.lang.Thread.run(Thread.java:829)
2023-02-21 22:21:09,659 [s0@group-7AE7625EDE06->s1-LogAppenderDefault-LogAppenderDaemon] WARN  leader.LogAppender (LogAppenderDefault.java:sendAppendEntriesWithRetries(87)) - s0@group-7AE7625EDE06->s1-LogAppenderDefault: Failed to appendEntries (retry=1): {}
java.io.IOException: The peer s1 is not alive.
	at org.apache.ratis.server.simulation.SimulatedRequestReply.sendRequest(SimulatedRequestReply.java:117)
	at org.apache.ratis.server.simulation.SimulatedServerRpc.appendEntries(SimulatedServerRpc.java:115)
	at org.apache.ratis.server.leader.LogAppenderDefault.sendAppendEntriesWithRetries(LogAppenderDefault.java:77)
	at org.apache.ratis.server.leader.LogAppenderDefault.run(LogAppenderDefault.java:153)
	at org.apache.ratis.server.leader.LogAppenderDaemon.run(LogAppenderDaemon.java:78)
	at java.base/java.lang.Thread.run(Thread.java:829)
2023-02-21 22:21:09,697 [s0@group-7AE7625EDE06->s1-LogAppenderDefault-LogAppenderDaemon] WARN  leader.LogAppender (LogAppenderDefault.java:sendAppendEntriesWithRetries(87)) - s0@group-7AE7625EDE06->s1-LogAppenderDefault: Failed to appendEntries (retry=1): {}
java.io.IOException: The peer s1 is not alive.
	at org.apache.ratis.server.simulation.SimulatedRequestReply.sendRequest(SimulatedRequestReply.java:117)
	at org.apache.ratis.server.simulation.SimulatedServerRpc.appendEntries(SimulatedServerRpc.java:115)
	at org.apache.ratis.server.leader.LogAppenderDefault.sendAppendEntriesWithRetries(LogAppenderDefault.java:77)
	at org.apache.ratis.server.leader.LogAppenderDefault.run(LogAppenderDefault.java:153)
	at org.apache.ratis.server.leader.LogAppenderDaemon.run(LogAppenderDaemon.java:78)
	at java.base/java.lang.Thread.run(Thread.java:829)
2023-02-21 22:21:09,734 [s0@group-7AE7625EDE06->s1-LogAppenderDefault-LogAppenderDaemon] WARN  leader.LogAppender (LogAppenderDefault.java:sendAppendEntriesWithRetries(87)) - s0@group-7AE7625EDE06->s1-LogAppenderDefault: Failed to appendEntries (retry=1): {}
java.io.IOException: The peer s1 is not alive.
	at org.apache.ratis.server.simulation.SimulatedRequestReply.sendRequest(SimulatedRequestReply.java:117)
	at org.apache.ratis.server.simulation.SimulatedServerRpc.appendEntries(SimulatedServerRpc.java:115)
	at org.apache.ratis.server.leader.LogAppenderDefault.sendAppendEntriesWithRetries(LogAppenderDefault.java:77)
	at org.apache.ratis.server.leader.LogAppenderDefault.run(LogAppenderDefault.java:153)
	at org.apache.ratis.server.leader.LogAppenderDaemon.run(LogAppenderDaemon.java:78)
	at java.base/java.lang.Thread.run(Thread.java:829)
2023-02-21 22:21:09,771 [s0@group-7AE7625EDE06->s1-LogAppenderDefault-LogAppenderDaemon] WARN  leader.LogAppender (LogAppenderDefault.java:sendAppendEntriesWithRetries(87)) - s0@group-7AE7625EDE06->s1-LogAppenderDefault: Failed to appendEntries (retry=1): {}
java.io.IOException: The peer s1 is not alive.
	at org.apache.ratis.server.simulation.SimulatedRequestReply.sendRequest(SimulatedRequestReply.java:117)
	at org.apache.ratis.server.simulation.SimulatedServerRpc.appendEntries(SimulatedServerRpc.java:115)
	at org.apache.ratis.server.leader.LogAppenderDefault.sendAppendEntriesWithRetries(LogAppenderDefault.java:77)
	at org.apache.ratis.server.leader.LogAppenderDefault.run(LogAppenderDefault.java:153)
	at org.apache.ratis.server.leader.LogAppenderDaemon.run(LogAppenderDaemon.java:78)
	at java.base/java.lang.Thread.run(Thread.java:829)
2023-02-21 22:21:09,809 [s0@group-7AE7625EDE06->s1-LogAppenderDefault-LogAppenderDaemon] WARN  leader.LogAppender (LogAppenderDefault.java:sendAppendEntriesWithRetries(87)) - s0@group-7AE7625EDE06->s1-LogAppenderDefault: Failed to appendEntries (retry=1): {}
java.io.IOException: The peer s1 is not alive.
	at org.apache.ratis.server.simulation.SimulatedRequestReply.sendRequest(SimulatedRequestReply.java:117)
	at org.apache.ratis.server.simulation.SimulatedServerRpc.appendEntries(SimulatedServerRpc.java:115)
	at org.apache.ratis.server.leader.LogAppenderDefault.sendAppendEntriesWithRetries(LogAppenderDefault.java:77)
	at org.apache.ratis.server.leader.LogAppenderDefault.run(LogAppenderDefault.java:153)
	at org.apache.ratis.server.leader.LogAppenderDaemon.run(LogAppenderDaemon.java:78)
	at java.base/java.lang.Thread.run(Thread.java:829)
2023-02-21 22:21:09,846 [s0@group-7AE7625EDE06->s1-LogAppenderDefault-LogAppenderDaemon] WARN  leader.LogAppender (LogAppenderDefault.java:sendAppendEntriesWithRetries(87)) - s0@group-7AE7625EDE06->s1-LogAppenderDefault: Failed to appendEntries (retry=1): {}
java.io.IOException: The peer s1 is not alive.
	at org.apache.ratis.server.simulation.SimulatedRequestReply.sendRequest(SimulatedRequestReply.java:117)
	at org.apache.ratis.server.simulation.SimulatedServerRpc.appendEntries(SimulatedServerRpc.java:115)
	at org.apache.ratis.server.leader.LogAppenderDefault.sendAppendEntriesWithRetries(LogAppenderDefault.java:77)
	at org.apache.ratis.server.leader.LogAppenderDefault.run(LogAppenderDefault.java:153)
	at org.apache.ratis.server.leader.LogAppenderDaemon.run(LogAppenderDaemon.java:78)
	at java.base/java.lang.Thread.run(Thread.java:829)
2023-02-21 22:21:09,884 [s0@group-7AE7625EDE06->s1-LogAppenderDefault-LogAppenderDaemon] WARN  leader.LogAppender (LogAppenderDefault.java:sendAppendEntriesWithRetries(87)) - s0@group-7AE7625EDE06->s1-LogAppenderDefault: Failed to appendEntries (retry=1): {}
java.io.IOException: The peer s1 is not alive.
	at org.apache.ratis.server.simulation.SimulatedRequestReply.sendRequest(SimulatedRequestReply.java:117)
	at org.apache.ratis.server.simulation.SimulatedServerRpc.appendEntries(SimulatedServerRpc.java:115)
	at org.apache.ratis.server.leader.LogAppenderDefault.sendAppendEntriesWithRetries(LogAppenderDefault.java:77)
	at org.apache.ratis.server.leader.LogAppenderDefault.run(LogAppenderDefault.java:153)
	at org.apache.ratis.server.leader.LogAppenderDaemon.run(LogAppenderDaemon.java:78)
	at java.base/java.lang.Thread.run(Thread.java:829)
2023-02-21 22:21:09,922 [s0@group-7AE7625EDE06->s1-LogAppenderDefault-LogAppenderDaemon] WARN  leader.LogAppender (LogAppenderDefault.java:sendAppendEntriesWithRetries(87)) - s0@group-7AE7625EDE06->s1-LogAppenderDefault: Failed to appendEntries (retry=1): {}
java.io.IOException: The peer s1 is not alive.
	at org.apache.ratis.server.simulation.SimulatedRequestReply.sendRequest(SimulatedRequestReply.java:117)
	at org.apache.ratis.server.simulation.SimulatedServerRpc.appendEntries(SimulatedServerRpc.java:115)
	at org.apache.ratis.server.leader.LogAppenderDefault.sendAppendEntriesWithRetries(LogAppenderDefault.java:77)
	at org.apache.ratis.server.leader.LogAppenderDefault.run(LogAppenderDefault.java:153)
	at org.apache.ratis.server.leader.LogAppenderDaemon.run(LogAppenderDaemon.java:78)
	at java.base/java.lang.Thread.run(Thread.java:829)
2023-02-21 22:21:09,959 [s0@group-7AE7625EDE06->s1-LogAppenderDefault-LogAppenderDaemon] WARN  leader.LogAppender (LogAppenderDefault.java:sendAppendEntriesWithRetries(87)) - s0@group-7AE7625EDE06->s1-LogAppenderDefault: Failed to appendEntries (retry=1): {}
java.io.IOException: The peer s1 is not alive.
	at org.apache.ratis.server.simulation.SimulatedRequestReply.sendRequest(SimulatedRequestReply.java:117)
	at org.apache.ratis.server.simulation.SimulatedServerRpc.appendEntries(SimulatedServerRpc.java:115)
	at org.apache.ratis.server.leader.LogAppenderDefault.sendAppendEntriesWithRetries(LogAppenderDefault.java:77)
	at org.apache.ratis.server.leader.LogAppenderDefault.run(LogAppenderDefault.java:153)
	at org.apache.ratis.server.leader.LogAppenderDaemon.run(LogAppenderDaemon.java:78)
	at java.base/java.lang.Thread.run(Thread.java:829)
2023-02-21 22:21:09,997 [s0@group-7AE7625EDE06->s1-LogAppenderDefault-LogAppenderDaemon] WARN  leader.LogAppender (LogAppenderDefault.java:sendAppendEntriesWithRetries(87)) - s0@group-7AE7625EDE06->s1-LogAppenderDefault: Failed to appendEntries (retry=1): {}
java.io.IOException: The peer s1 is not alive.
	at org.apache.ratis.server.simulation.SimulatedRequestReply.sendRequest(SimulatedRequestReply.java:117)
	at org.apache.ratis.server.simulation.SimulatedServerRpc.appendEntries(SimulatedServerRpc.java:115)
	at org.apache.ratis.server.leader.LogAppenderDefault.sendAppendEntriesWithRetries(LogAppenderDefault.java:77)
	at org.apache.ratis.server.leader.LogAppenderDefault.run(LogAppenderDefault.java:153)
	at org.apache.ratis.server.leader.LogAppenderDaemon.run(LogAppenderDaemon.java:78)
	at java.base/java.lang.Thread.run(Thread.java:829)
2023-02-21 22:21:10,034 [s0@group-7AE7625EDE06->s1-LogAppenderDefault-LogAppenderDaemon] WARN  leader.LogAppender (LogAppenderDefault.java:sendAppendEntriesWithRetries(87)) - s0@group-7AE7625EDE06->s1-LogAppenderDefault: Failed to appendEntries (retry=1): {}
java.io.IOException: The peer s1 is not alive.
	at org.apache.ratis.server.simulation.SimulatedRequestReply.sendRequest(SimulatedRequestReply.java:117)
	at org.apache.ratis.server.simulation.SimulatedServerRpc.appendEntries(SimulatedServerRpc.java:115)
	at org.apache.ratis.server.leader.LogAppenderDefault.sendAppendEntriesWithRetries(LogAppenderDefault.java:77)
	at org.apache.ratis.server.leader.LogAppenderDefault.run(LogAppenderDefault.java:153)
	at org.apache.ratis.server.leader.LogAppenderDaemon.run(LogAppenderDaemon.java:78)
	at java.base/java.lang.Thread.run(Thread.java:829)
2023-02-21 22:21:10,072 [s0@group-7AE7625EDE06->s1-LogAppenderDefault-LogAppenderDaemon] WARN  leader.LogAppender (LogAppenderDefault.java:sendAppendEntriesWithRetries(87)) - s0@group-7AE7625EDE06->s1-LogAppenderDefault: Failed to appendEntries (retry=1): {}
java.io.IOException: The peer s1 is not alive.
	at org.apache.ratis.server.simulation.SimulatedRequestReply.sendRequest(SimulatedRequestReply.java:117)
	at org.apache.ratis.server.simulation.SimulatedServerRpc.appendEntries(SimulatedServerRpc.java:115)
	at org.apache.ratis.server.leader.LogAppenderDefault.sendAppendEntriesWithRetries(LogAppenderDefault.java:77)
	at org.apache.ratis.server.leader.LogAppenderDefault.run(LogAppenderDefault.java:153)
	at org.apache.ratis.server.leader.LogAppenderDaemon.run(LogAppenderDaemon.java:78)
	at java.base/java.lang.Thread.run(Thread.java:829)
2023-02-21 22:21:10,110 [s0@group-7AE7625EDE06->s1-LogAppenderDefault-LogAppenderDaemon] WARN  leader.LogAppender (LogAppenderDefault.java:sendAppendEntriesWithRetries(87)) - s0@group-7AE7625EDE06->s1-LogAppenderDefault: Failed to appendEntries (retry=1): {}
java.io.IOException: The peer s1 is not alive.
	at org.apache.ratis.server.simulation.SimulatedRequestReply.sendRequest(SimulatedRequestReply.java:117)
	at org.apache.ratis.server.simulation.SimulatedServerRpc.appendEntries(SimulatedServerRpc.java:115)
	at org.apache.ratis.server.leader.LogAppenderDefault.sendAppendEntriesWithRetries(LogAppenderDefault.java:77)
	at org.apache.ratis.server.leader.LogAppenderDefault.run(LogAppenderDefault.java:153)
	at org.apache.ratis.server.leader.LogAppenderDaemon.run(LogAppenderDaemon.java:78)
	at java.base/java.lang.Thread.run(Thread.java:829)
2023-02-21 22:21:10,148 [s0@group-7AE7625EDE06->s1-LogAppenderDefault-LogAppenderDaemon] WARN  leader.LogAppender (LogAppenderDefault.java:sendAppendEntriesWithRetries(87)) - s0@group-7AE7625EDE06->s1-LogAppenderDefault: Failed to appendEntries (retry=1): {}
java.io.IOException: The peer s1 is not alive.
	at org.apache.ratis.server.simulation.SimulatedRequestReply.sendRequest(SimulatedRequestReply.java:117)
	at org.apache.ratis.server.simulation.SimulatedServerRpc.appendEntries(SimulatedServerRpc.java:115)
	at org.apache.ratis.server.leader.LogAppenderDefault.sendAppendEntriesWithRetries(LogAppenderDefault.java:77)
	at org.apache.ratis.server.leader.LogAppenderDefault.run(LogAppenderDefault.java:153)
	at org.apache.ratis.server.leader.LogAppenderDaemon.run(LogAppenderDaemon.java:78)
	at java.base/java.lang.Thread.run(Thread.java:829)
2023-02-21 22:21:10,185 [s0@group-7AE7625EDE06->s1-LogAppenderDefault-LogAppenderDaemon] WARN  leader.LogAppender (LogAppenderDefault.java:sendAppendEntriesWithRetries(87)) - s0@group-7AE7625EDE06->s1-LogAppenderDefault: Failed to appendEntries (retry=1): {}
java.io.IOException: The peer s1 is not alive.
	at org.apache.ratis.server.simulation.SimulatedRequestReply.sendRequest(SimulatedRequestReply.java:117)
	at org.apache.ratis.server.simulation.SimulatedServerRpc.appendEntries(SimulatedServerRpc.java:115)
	at org.apache.ratis.server.leader.LogAppenderDefault.sendAppendEntriesWithRetries(LogAppenderDefault.java:77)
	at org.apache.ratis.server.leader.LogAppenderDefault.run(LogAppenderDefault.java:153)
	at org.apache.ratis.server.leader.LogAppenderDaemon.run(LogAppenderDaemon.java:78)
	at java.base/java.lang.Thread.run(Thread.java:829)
2023-02-21 22:21:10,223 [s0@group-7AE7625EDE06->s1-LogAppenderDefault-LogAppenderDaemon] WARN  leader.LogAppender (LogAppenderDefault.java:sendAppendEntriesWithRetries(87)) - s0@group-7AE7625EDE06->s1-LogAppenderDefault: Failed to appendEntries (retry=1): {}
java.io.IOException: The peer s1 is not alive.
	at org.apache.ratis.server.simulation.SimulatedRequestReply.sendRequest(SimulatedRequestReply.java:117)
	at org.apache.ratis.server.simulation.SimulatedServerRpc.appendEntries(SimulatedServerRpc.java:115)
	at org.apache.ratis.server.leader.LogAppenderDefault.sendAppendEntriesWithRetries(LogAppenderDefault.java:77)
	at org.apache.ratis.server.leader.LogAppenderDefault.run(LogAppenderDefault.java:153)
	at org.apache.ratis.server.leader.LogAppenderDaemon.run(LogAppenderDaemon.java:78)
	at java.base/java.lang.Thread.run(Thread.java:829)
2023-02-21 22:21:10,260 [s0@group-7AE7625EDE06->s1-LogAppenderDefault-LogAppenderDaemon] WARN  leader.LogAppender (LogAppenderDefault.java:sendAppendEntriesWithRetries(87)) - s0@group-7AE7625EDE06->s1-LogAppenderDefault: Failed to appendEntries (retry=1): {}
java.io.IOException: The peer s1 is not alive.
	at org.apache.ratis.server.simulation.SimulatedRequestReply.sendRequest(SimulatedRequestReply.java:117)
	at org.apache.ratis.server.simulation.SimulatedServerRpc.appendEntries(SimulatedServerRpc.java:115)
	at org.apache.ratis.server.leader.LogAppenderDefault.sendAppendEntriesWithRetries(LogAppenderDefault.java:77)
	at org.apache.ratis.server.leader.LogAppenderDefault.run(LogAppenderDefault.java:153)
	at org.apache.ratis.server.leader.LogAppenderDaemon.run(LogAppenderDaemon.java:78)
	at java.base/java.lang.Thread.run(Thread.java:829)
2023-02-21 22:21:10,298 [s0@group-7AE7625EDE06->s1-LogAppenderDefault-LogAppenderDaemon] WARN  leader.LogAppender (LogAppenderDefault.java:sendAppendEntriesWithRetries(87)) - s0@group-7AE7625EDE06->s1-LogAppenderDefault: Failed to appendEntries (retry=1): {}
java.io.IOException: The peer s1 is not alive.
	at org.apache.ratis.server.simulation.SimulatedRequestReply.sendRequest(SimulatedRequestReply.java:117)
	at org.apache.ratis.server.simulation.SimulatedServerRpc.appendEntries(SimulatedServerRpc.java:115)
	at org.apache.ratis.server.leader.LogAppenderDefault.sendAppendEntriesWithRetries(LogAppenderDefault.java:77)
	at org.apache.ratis.server.leader.LogAppenderDefault.run(LogAppenderDefault.java:153)
	at org.apache.ratis.server.leader.LogAppenderDaemon.run(LogAppenderDaemon.java:78)
	at java.base/java.lang.Thread.run(Thread.java:829)
2023-02-21 22:21:10,335 [s0@group-7AE7625EDE06->s1-LogAppenderDefault-LogAppenderDaemon] WARN  leader.LogAppender (LogAppenderDefault.java:sendAppendEntriesWithRetries(87)) - s0@group-7AE7625EDE06->s1-LogAppenderDefault: Failed to appendEntries (retry=1): {}
java.io.IOException: The peer s1 is not alive.
	at org.apache.ratis.server.simulation.SimulatedRequestReply.sendRequest(SimulatedRequestReply.java:117)
	at org.apache.ratis.server.simulation.SimulatedServerRpc.appendEntries(SimulatedServerRpc.java:115)
	at org.apache.ratis.server.leader.LogAppenderDefault.sendAppendEntriesWithRetries(LogAppenderDefault.java:77)
	at org.apache.ratis.server.leader.LogAppenderDefault.run(LogAppenderDefault.java:153)
	at org.apache.ratis.server.leader.LogAppenderDaemon.run(LogAppenderDaemon.java:78)
	at java.base/java.lang.Thread.run(Thread.java:829)
2023-02-21 22:21:10,373 [s0@group-7AE7625EDE06->s1-LogAppenderDefault-LogAppenderDaemon] WARN  leader.LogAppender (LogAppenderDefault.java:sendAppendEntriesWithRetries(87)) - s0@group-7AE7625EDE06->s1-LogAppenderDefault: Failed to appendEntries (retry=1): {}
java.io.IOException: The peer s1 is not alive.
	at org.apache.ratis.server.simulation.SimulatedRequestReply.sendRequest(SimulatedRequestReply.java:117)
	at org.apache.ratis.server.simulation.SimulatedServerRpc.appendEntries(SimulatedServerRpc.java:115)
	at org.apache.ratis.server.leader.LogAppenderDefault.sendAppendEntriesWithRetries(LogAppenderDefault.java:77)
	at org.apache.ratis.server.leader.LogAppenderDefault.run(LogAppenderDefault.java:153)
	at org.apache.ratis.server.leader.LogAppenderDaemon.run(LogAppenderDaemon.java:78)
	at java.base/java.lang.Thread.run(Thread.java:829)
2023-02-21 22:21:10,410 [s0@group-7AE7625EDE06->s1-LogAppenderDefault-LogAppenderDaemon] WARN  leader.LogAppender (LogAppenderDefault.java:sendAppendEntriesWithRetries(87)) - s0@group-7AE7625EDE06->s1-LogAppenderDefault: Failed to appendEntries (retry=1): {}
java.io.IOException: The peer s1 is not alive.
	at org.apache.ratis.server.simulation.SimulatedRequestReply.sendRequest(SimulatedRequestReply.java:117)
	at org.apache.ratis.server.simulation.SimulatedServerRpc.appendEntries(SimulatedServerRpc.java:115)
	at org.apache.ratis.server.leader.LogAppenderDefault.sendAppendEntriesWithRetries(LogAppenderDefault.java:77)
	at org.apache.ratis.server.leader.LogAppenderDefault.run(LogAppenderDefault.java:153)
	at org.apache.ratis.server.leader.LogAppenderDaemon.run(LogAppenderDaemon.java:78)
	at java.base/java.lang.Thread.run(Thread.java:829)
2023-02-21 22:21:10,448 [s0@group-7AE7625EDE06->s1-LogAppenderDefault-LogAppenderDaemon] WARN  leader.LogAppender (LogAppenderDefault.java:sendAppendEntriesWithRetries(87)) - s0@group-7AE7625EDE06->s1-LogAppenderDefault: Failed to appendEntries (retry=1): {}
java.io.IOException: The peer s1 is not alive.
	at org.apache.ratis.server.simulation.SimulatedRequestReply.sendRequest(SimulatedRequestReply.java:117)
	at org.apache.ratis.server.simulation.SimulatedServerRpc.appendEntries(SimulatedServerRpc.java:115)
	at org.apache.ratis.server.leader.LogAppenderDefault.sendAppendEntriesWithRetries(LogAppenderDefault.java:77)
	at org.apache.ratis.server.leader.LogAppenderDefault.run(LogAppenderDefault.java:153)
	at org.apache.ratis.server.leader.LogAppenderDaemon.run(LogAppenderDaemon.java:78)
	at java.base/java.lang.Thread.run(Thread.java:829)
2023-02-21 22:21:10,485 [s0@group-7AE7625EDE06->s1-LogAppenderDefault-LogAppenderDaemon] WARN  leader.LogAppender (LogAppenderDefault.java:sendAppendEntriesWithRetries(87)) - s0@group-7AE7625EDE06->s1-LogAppenderDefault: Failed to appendEntries (retry=1): {}
java.io.IOException: The peer s1 is not alive.
	at org.apache.ratis.server.simulation.SimulatedRequestReply.sendRequest(SimulatedRequestReply.java:117)
	at org.apache.ratis.server.simulation.SimulatedServerRpc.appendEntries(SimulatedServerRpc.java:115)
	at org.apache.ratis.server.leader.LogAppenderDefault.sendAppendEntriesWithRetries(LogAppenderDefault.java:77)
	at org.apache.ratis.server.leader.LogAppenderDefault.run(LogAppenderDefault.java:153)
	at org.apache.ratis.server.leader.LogAppenderDaemon.run(LogAppenderDaemon.java:78)
	at java.base/java.lang.Thread.run(Thread.java:829)
2023-02-21 22:21:10,522 [s0@group-7AE7625EDE06->s1-LogAppenderDefault-LogAppenderDaemon] WARN  leader.LogAppender (LogAppenderDefault.java:sendAppendEntriesWithRetries(87)) - s0@group-7AE7625EDE06->s1-LogAppenderDefault: Failed to appendEntries (retry=1): {}
java.io.IOException: The peer s1 is not alive.
	at org.apache.ratis.server.simulation.SimulatedRequestReply.sendRequest(SimulatedRequestReply.java:117)
	at org.apache.ratis.server.simulation.SimulatedServerRpc.appendEntries(SimulatedServerRpc.java:115)
	at org.apache.ratis.server.leader.LogAppenderDefault.sendAppendEntriesWithRetries(LogAppenderDefault.java:77)
	at org.apache.ratis.server.leader.LogAppenderDefault.run(LogAppenderDefault.java:153)
	at org.apache.ratis.server.leader.LogAppenderDaemon.run(LogAppenderDaemon.java:78)
	at java.base/java.lang.Thread.run(Thread.java:829)
2023-02-21 22:21:10,546 [s1-impl-thread1] INFO  segmented.SegmentedRaftLogWorker (SegmentedRaftLogWorker.java:close(242)) - s1@group-7AE7625EDE06-SegmentedRaftLogWorker close()
2023-02-21 22:21:10,546 [JvmPauseMonitor36] INFO  util.JvmPauseMonitor (JvmPauseMonitor.java:run(111)) - JvmPauseMonitor-s1: Stopped
2023-02-21 22:21:10,546 [Time-limited test] INFO  impl.MiniRaftCluster (MiniRaftCluster.java:newRaftServer(382)) - newRaftServer: s1, group-7AE7625EDE06:[s0|rpc:localhost:43927|admin:localhost:45157|client:localhost:40723|dataStream:localhost:44609|priority:0|startupRole:FOLLOWER, s1|rpc:localhost:42677|admin:localhost:44953|client:localhost:33023|dataStream:localhost:35837|priority:0|startupRole:FOLLOWER, s2|rpc:localhost:34337|admin:localhost:38237|client:localhost:44865|dataStream:localhost:42363|priority:0|startupRole:FOLLOWER], format? false
2023-02-21 22:21:10,547 [Time-limited test] INFO  server.RaftServer (ConfUtils.java:logGet(46)) - raft.rpc.type = org.apache.ratis.server.simulation.SimulatedRpc (custom)
2023-02-21 22:21:10,547 [Time-limited test] INFO  impl.DataStreamServerImpl (ConfUtils.java:logGet(46)) - raft.datastream.type = DISABLED (default)
2023-02-21 22:21:10,547 [Time-limited test] INFO  server.RaftServerConfigKeys (ConfUtils.java:logGet(46)) - raft.server.threadpool.proxy.cached = true (default)
2023-02-21 22:21:10,547 [Time-limited test] INFO  server.RaftServerConfigKeys (ConfUtils.java:logGet(46)) - raft.server.threadpool.proxy.size = 0 (default)
2023-02-21 22:21:10,547 [Time-limited test] INFO  server.RaftServerConfigKeys (ConfUtils.java:logGet(46)) - raft.server.rpc.slowness.timeout = 60s (default)
2023-02-21 22:21:10,547 [Time-limited test] INFO  server.RaftServerConfigKeys (ConfUtils.java:logGet(46)) - raft.server.leaderelection.leader.step-down.wait-time = 10s (default)
2023-02-21 22:21:10,547 [Time-limited test] INFO  server.RaftServerConfigKeys (ConfUtils.java:logGet(46)) - raft.server.storage.dir = [/home/runner/work/ratis/ratis/ratis-test/target/test/data/dc3d3723/MiniRaftClusterWithSimulatedRpcb1db0ebe/s1] (custom)
2023-02-21 22:21:10,547 [s1-impl-thread1] INFO  server.RaftServer (RaftServerProxy.java:initGroupDir(255)) - s1: found a subdirectory /home/runner/work/ratis/ratis/ratis-test/target/test/data/dc3d3723/MiniRaftClusterWithSimulatedRpcb1db0ebe/s1/09fb769f-6c90-4502-87aa-7ae7625ede06
2023-02-21 22:21:10,548 [Time-limited test] INFO  server.RaftServer (RaftServerProxy.java:addNew(99)) - s1: addNew group-7AE7625EDE06:[s0|rpc:localhost:43927|admin:localhost:45157|client:localhost:40723|dataStream:localhost:44609|priority:0|startupRole:FOLLOWER, s1|rpc:localhost:42677|admin:localhost:44953|client:localhost:33023|dataStream:localhost:35837|priority:0|startupRole:FOLLOWER, s2|rpc:localhost:34337|admin:localhost:38237|client:localhost:44865|dataStream:localhost:42363|priority:0|startupRole:FOLLOWER] returns group-7AE7625EDE06:java.util.concurrent.CompletableFuture@10d107d0[Not completed]
2023-02-21 22:21:10,548 [s1-groupManagement] INFO  server.RaftServerConfigKeys (ConfUtils.java:logGet(46)) - raft.server.log.segment.size.max = 8MB (=8388608) (default)
2023-02-21 22:21:10,548 [s1-groupManagement] INFO  server.RaftServerConfigKeys (ConfUtils.java:logGet(46)) - raft.server.log.preallocated.size = 4MB (=4194304) (default)
2023-02-21 22:21:10,548 [s1-groupManagement] INFO  server.RaftServerConfigKeys (ConfUtils.java:logGet(46)) - raft.server.log.write.buffer.size = 64KB (=65536) (default)
2023-02-21 22:21:10,548 [s1-groupManagement] INFO  server.RaftServer$Division (RaftServerImpl.java:<init>(198)) - s1: new RaftServerImpl for group-7AE7625EDE06:[s0|rpc:localhost:43927|admin:localhost:45157|client:localhost:40723|dataStream:localhost:44609|priority:0|startupRole:FOLLOWER, s1|rpc:localhost:42677|admin:localhost:44953|client:localhost:33023|dataStream:localhost:35837|priority:0|startupRole:FOLLOWER, s2|rpc:localhost:34337|admin:localhost:38237|client:localhost:44865|dataStream:localhost:42363|priority:0|startupRole:FOLLOWER] with SimpleStateMachine4Testing:uninitialized
2023-02-21 22:21:10,548 [s1-groupManagement] INFO  server.RaftServerConfigKeys (ConfUtils.java:logGet(46)) - raft.server.rpc.timeout.min = 150ms (default)
2023-02-21 22:21:10,548 [s1-groupManagement] INFO  server.RaftServerConfigKeys (ConfUtils.java:logGet(46)) - raft.server.rpc.timeout.max = 300ms (default)
2023-02-21 22:21:10,548 [s1-groupManagement] INFO  server.RaftServerConfigKeys (ConfUtils.java:logGet(46)) - raft.server.rpc.sleep.time = 25ms (default)
2023-02-21 22:21:10,548 [s1-groupManagement] INFO  server.RaftServerConfigKeys (ConfUtils.java:logGet(46)) - raft.server.rpc.slowness.timeout = 60s (default)
2023-02-21 22:21:10,548 [s1-groupManagement] INFO  server.RaftServerConfigKeys (ConfUtils.java:logGet(46)) - raft.server.leaderelection.leader.step-down.wait-time = 10s (default)
2023-02-21 22:21:10,548 [s1-groupManagement] INFO  server.RaftServerConfigKeys (ConfUtils.java:logGet(46)) - raft.server.sleep.deviation.threshold = 300ms (default)
2023-02-21 22:21:10,548 [s1-groupManagement] INFO  server.RaftServer$Division (ServerState.java:<init>(113)) - s1@group-7AE7625EDE06: ConfigurationManager, init=-1: peers:[s0|rpc:localhost:43927|admin:localhost:45157|client:localhost:40723|dataStream:localhost:44609|priority:0|startupRole:FOLLOWER, s1|rpc:localhost:42677|admin:localhost:44953|client:localhost:33023|dataStream:localhost:35837|priority:0|startupRole:FOLLOWER, s2|rpc:localhost:34337|admin:localhost:38237|client:localhost:44865|dataStream:localhost:42363|priority:0|startupRole:FOLLOWER]|listeners:[], old=null, confs=<EMPTY_MAP>
2023-02-21 22:21:10,548 [s1-groupManagement] INFO  server.RaftServerConfigKeys (ConfUtils.java:logGet(46)) - raft.server.notification.no-leader.timeout = 60s (default)
2023-02-21 22:21:10,548 [s1-groupManagement] INFO  server.RaftServerConfigKeys (ConfUtils.java:logGet(46)) - raft.server.read.timeout = 10s (default)
2023-02-21 22:21:10,548 [s1-groupManagement] INFO  server.RaftServerConfigKeys (ConfUtils.java:logGet(46)) - raft.server.retrycache.expirytime = 60s (default)
2023-02-21 22:21:10,548 [s1-groupManagement] INFO  server.RaftServerConfigKeys (ConfUtils.java:logGet(46)) - raft.server.retrycache.statistics.expirytime = 100μs (default)
2023-02-21 22:21:10,548 [s1-groupManagement] INFO  server.RaftServerConfigKeys (ConfUtils.java:logGet(46)) - raft.server.read.option = DEFAULT (default)
2023-02-21 22:21:10,549 [s1-groupManagement] INFO  server.RaftServerConfigKeys (ConfUtils.java:logGet(46)) - raft.server.log.appender.install.snapshot.enabled = true (default)
2023-02-21 22:21:10,549 [s1-groupManagement] INFO  server.RaftServerConfigKeys (ConfUtils.java:logGet(46)) - raft.server.threadpool.server.cached = true (default)
2023-02-21 22:21:10,549 [s1-groupManagement] INFO  server.RaftServerConfigKeys (ConfUtils.java:logGet(46)) - raft.server.threadpool.server.size = 0 (default)
2023-02-21 22:21:10,549 [s1-groupManagement] INFO  server.RaftServerConfigKeys (ConfUtils.java:logGet(46)) - raft.server.threadpool.client.cached = true (default)
2023-02-21 22:21:10,549 [s1-groupManagement] INFO  server.RaftServerConfigKeys (ConfUtils.java:logGet(46)) - raft.server.threadpool.client.size = 0 (default)
2023-02-21 22:21:10,550 [s1-impl-thread1] INFO  server.RaftServerConfigKeys (ConfUtils.java:logGet(46)) - raft.server.storage.free-space.min = 0MB (=0) (default)
2023-02-21 22:21:10,550 [s1-impl-thread1] INFO  server.RaftServerConfigKeys (ConfUtils.java:logGet(46)) - raft.server.log.corruption.policy = EXCEPTION (default)
2023-02-21 22:21:10,550 [s1-impl-thread1] INFO  server.RaftServerConfigKeys (ConfUtils.java:logGet(46)) - raft.server.storage.dir = [/home/runner/work/ratis/ratis/ratis-test/target/test/data/dc3d3723/MiniRaftClusterWithSimulatedRpcb1db0ebe/s1] (custom)
2023-02-21 22:21:10,551 [s1-impl-thread1] INFO  storage.RaftStorageDirectory (RaftStorageDirectoryImpl.java:tryLock(232)) - Lock on /home/runner/work/ratis/ratis/ratis-test/target/test/data/dc3d3723/MiniRaftClusterWithSimulatedRpcb1db0ebe/s1/09fb769f-6c90-4502-87aa-7ae7625ede06/in_use.lock acquired by nodename 5808@fv-az108-113
2023-02-21 22:21:10,552 [s1-impl-thread1] INFO  storage.RaftStorage (RaftStorageImpl.java:analyzeAndRecoverStorage(117)) - Read RaftStorageMetadata{term=1, votedFor=s0} from /home/runner/work/ratis/ratis/ratis-test/target/test/data/dc3d3723/MiniRaftClusterWithSimulatedRpcb1db0ebe/s1/09fb769f-6c90-4502-87aa-7ae7625ede06/current/raft-meta
2023-02-21 22:21:10,552 [s1-impl-thread1] INFO  server.RaftServer$Division (ServerState.java:setRaftConf(378)) - s1@group-7AE7625EDE06: set configuration 0: peers:[s0|rpc:localhost:43927|admin:localhost:45157|client:localhost:40723|dataStream:localhost:44609|priority:0|startupRole:FOLLOWER, s1|rpc:localhost:42677|admin:localhost:44953|client:localhost:33023|dataStream:localhost:35837|priority:0|startupRole:FOLLOWER, s2|rpc:localhost:34337|admin:localhost:38237|client:localhost:44865|dataStream:localhost:42363|priority:0|startupRole:FOLLOWER]|listeners:[], old=null
2023-02-21 22:21:10,552 [s1-impl-thread1] INFO  impl.SimpleStateMachine4Testing (SimpleStateMachine4Testing.java:initialize(213)) - Initializing SimpleStateMachine4Testing:uninitialized
2023-02-21 22:21:10,552 [s1-impl-thread1] INFO  impl.SimpleStateMachine4Testing (SimpleStateMachine4Testing.java:loadSnapshot(293)) - Loading snapshot null
2023-02-21 22:21:10,552 [s1-impl-thread1] INFO  server.RaftServerConfigKeys (ConfUtils.java:logGet(46)) - raft.server.log.use.memory = false (default)
2023-02-21 22:21:10,552 [s1-impl-thread1] INFO  server.RaftServerConfigKeys (ConfUtils.java:logGet(46)) - raft.server.log.purge.gap = 1024 (default)
2023-02-21 22:21:10,552 [s1-impl-thread1] INFO  server.RaftServerConfigKeys (ConfUtils.java:logGet(46)) - raft.server.log.appender.buffer.byte-limit = 4MB (=4194304) (default)
2023-02-21 22:21:10,552 [s1-impl-thread1] INFO  server.RaftServerConfigKeys (ConfUtils.java:logGet(46)) - raft.server.log.statemachine.data.read.timeout = 1000ms (default)
2023-02-21 22:21:10,552 [s1-impl-thread1] INFO  server.RaftServerConfigKeys (ConfUtils.java:logGet(46)) - raft.server.log.purge.preservation.log.num = 0 (default)
2023-02-21 22:21:10,553 [s1-impl-thread1] INFO  server.RaftServerConfigKeys (ConfUtils.java:logGet(46)) - raft.server.log.segment.size.max = 8KB (=8192) (custom)
2023-02-21 22:21:10,553 [s1-impl-thread1] INFO  server.RaftServerConfigKeys (ConfUtils.java:logGet(46)) - raft.server.log.segment.cache.num.max = 6 (default)
2023-02-21 22:21:10,553 [s1-impl-thread1] INFO  server.RaftServerConfigKeys (ConfUtils.java:logGet(46)) - raft.server.log.segment.cache.size.max = 200MB (=209715200) (default)
2023-02-21 22:21:10,553 [s1-impl-thread1] INFO  server.RaftServerConfigKeys (ConfUtils.java:logGet(46)) - raft.server.log.appender.buffer.byte-limit = 4MB (=4194304) (default)
2023-02-21 22:21:10,553 [s1-impl-thread1] INFO  segmented.SegmentedRaftLogWorker (SegmentedRaftLogWorker.java:<init>(183)) - new s1@group-7AE7625EDE06-SegmentedRaftLogWorker for RaftStorageImpl:Storage Directory /home/runner/work/ratis/ratis/ratis-test/target/test/data/dc3d3723/MiniRaftClusterWithSimulatedRpcb1db0ebe/s1/09fb769f-6c90-4502-87aa-7ae7625ede06
2023-02-21 22:21:10,553 [s1-impl-thread1] INFO  server.RaftServerConfigKeys (ConfUtils.java:logGet(46)) - raft.server.log.queue.byte-limit = 64MB (=67108864) (default)
2023-02-21 22:21:10,553 [s1-impl-thread1] INFO  server.RaftServerConfigKeys (ConfUtils.java:logGet(46)) - raft.server.log.queue.element-limit = 4096 (default)
2023-02-21 22:21:10,553 [s1-impl-thread1] INFO  server.RaftServerConfigKeys (ConfUtils.java:logGet(46)) - raft.server.log.segment.size.max = 8KB (=8192) (custom)
2023-02-21 22:21:10,553 [s1-impl-thread1] INFO  server.RaftServerConfigKeys (ConfUtils.java:logGet(46)) - raft.server.log.preallocated.size = 4MB (=4194304) (default)
2023-02-21 22:21:10,553 [s1-impl-thread1] INFO  server.RaftServerConfigKeys (ConfUtils.java:logGet(46)) - raft.server.log.force.sync.num = 128 (default)
2023-02-21 22:21:10,553 [s1-impl-thread1] INFO  server.RaftServerConfigKeys (ConfUtils.java:logGet(46)) - raft.server.log.statemachine.data.sync = true (default)
2023-02-21 22:21:10,553 [s1-impl-thread1] INFO  server.RaftServerConfigKeys (ConfUtils.java:logGet(46)) - raft.server.log.statemachine.data.sync.timeout = 10s (default)
2023-02-21 22:21:10,553 [s1-impl-thread1] INFO  server.RaftServerConfigKeys (ConfUtils.java:logGet(46)) - raft.server.log.statemachine.data.sync.timeout.retry = -1 (default)
2023-02-21 22:21:10,553 [s1-impl-thread1] INFO  server.RaftServerConfigKeys (ConfUtils.java:logGet(46)) - raft.server.log.write.buffer.size = 64KB (=65536) (default)
2023-02-21 22:21:10,553 [s1-impl-thread1] INFO  server.RaftServerConfigKeys (ConfUtils.java:logGet(46)) - raft.server.log.appender.buffer.byte-limit = 4MB (=4194304) (default)
2023-02-21 22:21:10,554 [s1-impl-thread1] INFO  server.RaftServerConfigKeys (ConfUtils.java:logGet(46)) - raft.server.log.unsafe-flush.enabled = false (default)
2023-02-21 22:21:10,554 [s1-impl-thread1] INFO  server.RaftServerConfigKeys (ConfUtils.java:logGet(46)) - raft.server.log.async-flush.enabled = false (default)
2023-02-21 22:21:10,554 [s1-impl-thread1] INFO  server.RaftServerConfigKeys (ConfUtils.java:logGet(46)) - raft.server.log.statemachine.data.caching.enabled = false (default)
2023-02-21 22:21:10,554 [s1-impl-thread1] INFO  server.RaftServer$Division (ServerState.java:setRaftConf(378)) - s1@group-7AE7625EDE06: set configuration 0: peers:[s0|rpc:localhost:43927|admin:localhost:45157|client:localhost:40723|dataStream:localhost:44609|priority:0|startupRole:FOLLOWER, s1|rpc:localhost:42677|admin:localhost:44953|client:localhost:33023|dataStream:localhost:35837|priority:0|startupRole:FOLLOWER, s2|rpc:localhost:34337|admin:localhost:38237|client:localhost:44865|dataStream:localhost:42363|priority:0|startupRole:FOLLOWER]|listeners:[], old=null
2023-02-21 22:21:10,555 [s1-impl-thread1] INFO  segmented.LogSegment (LogSegment.java:loadSegment(170)) - Successfully read 21 entries from segment file /home/runner/work/ratis/ratis/ratis-test/target/test/data/dc3d3723/MiniRaftClusterWithSimulatedRpcb1db0ebe/s1/09fb769f-6c90-4502-87aa-7ae7625ede06/current/log_inprogress_0
2023-02-21 22:21:10,555 [s1-impl-thread1] INFO  segmented.SegmentedRaftLogWorker (SegmentedRaftLogWorker.java:lambda$new$0(134)) - s1@group-7AE7625EDE06-SegmentedRaftLogWorker: flushIndex: setUnconditionally 0 -> 20
2023-02-21 22:21:10,555 [s1-impl-thread1] INFO  segmented.SegmentedRaftLogWorker (SegmentedRaftLogWorker.java:lambda$new$0(134)) - s1@group-7AE7625EDE06-SegmentedRaftLogWorker: safeCacheEvictIndex: setUnconditionally 0 -> -1
2023-02-21 22:21:10,555 [s1-impl-thread1] INFO  raftlog.RaftLog (RaftLogBase.java:lambda$new$0(53)) - s1@group-7AE7625EDE06-SegmentedRaftLog: commitIndex: updateToMax old=-1, new=19, updated? true
2023-02-21 22:21:10,555 [s1-impl-thread1] INFO  server.RaftServer$Division (RaftServerImpl.java:start(342)) - s1@group-7AE7625EDE06: start as a follower, conf=0: peers:[s0|rpc:localhost:43927|admin:localhost:45157|client:localhost:40723|dataStream:localhost:44609|priority:0|startupRole:FOLLOWER, s1|rpc:localhost:42677|admin:localhost:44953|client:localhost:33023|dataStream:localhost:35837|priority:0|startupRole:FOLLOWER, s2|rpc:localhost:34337|admin:localhost:38237|client:localhost:44865|dataStream:localhost:42363|priority:0|startupRole:FOLLOWER]|listeners:[], old=null
2023-02-21 22:21:10,555 [s1-impl-thread1] INFO  server.RaftServer$Division (RaftServerImpl.java:setRole(329)) - s1@group-7AE7625EDE06: changes role from      null to FOLLOWER at term 1 for startAsFollower
2023-02-21 22:21:10,555 [s1-impl-thread1] INFO  impl.RoleInfo (RoleInfo.java:updateAndGet(139)) - s1: start s1@group-7AE7625EDE06-FollowerState
2023-02-21 22:21:10,555 [s1-impl-thread1] INFO  util.JmxRegister (JmxRegister.java:tryRegister(44)) - Successfully registered JMX Bean with object name Ratis:service=RaftServer,group=group-7AE7625EDE06,id=s1
2023-02-21 22:21:10,555 [s1-impl-thread1] INFO  server.RaftServerConfigKeys (ConfUtils.java:logGet(46)) - raft.server.snapshot.auto.trigger.enabled = false (default)
2023-02-21 22:21:10,555 [s1-impl-thread1] INFO  server.RaftServerConfigKeys (ConfUtils.java:logGet(46)) - raft.server.snapshot.retention.file.num = -1 (default)
2023-02-21 22:21:10,555 [s1-impl-thread1] INFO  server.RaftServerConfigKeys (ConfUtils.java:logGet(46)) - raft.server.log.purge.upto.snapshot.index = false (default)
2023-02-21 22:21:10,556 [Time-limited test] INFO  server.RaftServer (RaftServerProxy.java:startImpl(397)) - s1: start RPC server
2023-02-21 22:21:10,556 [s1@group-7AE7625EDE06-FollowerState] INFO  server.RaftServerConfigKeys (ConfUtils.java:logFallback(53)) - raft.server.rpc.first-election.timeout.min = 150ms (fallback to raft.server.rpc.timeout.min)
2023-02-21 22:21:10,556 [s1@group-7AE7625EDE06-FollowerState] INFO  server.RaftServerConfigKeys (ConfUtils.java:logFallback(53)) - raft.server.rpc.first-election.timeout.max = 300ms (fallback to raft.server.rpc.timeout.max)
2023-02-21 22:21:10,556 [s1@group-7AE7625EDE06-StateMachineUpdater] INFO  impl.SimpleStateMachine4Testing (SimpleStateMachine4Testing.java:put(205)) - s1: put 1, m0 -> (t:1, i:1), STATEMACHINELOGENTRY, 258@client-C9E13236D1A4
2023-02-21 22:21:10,556 [s1@group-7AE7625EDE06-StateMachineUpdater] INFO  impl.SimpleStateMachine4Testing (SimpleStateMachine4Testing.java:put(205)) - s1: put 3, m1 -> (t:1, i:3), STATEMACHINELOGENTRY, 262@client-C9E13236D1A4
2023-02-21 22:21:10,556 [s1@group-7AE7625EDE06-StateMachineUpdater] INFO  impl.SimpleStateMachine4Testing (SimpleStateMachine4Testing.java:put(205)) - s1: put 5, m2 -> (t:1, i:5), STATEMACHINELOGENTRY, 268@client-C9E13236D1A4
2023-02-21 22:21:10,557 [s1@group-7AE7625EDE06-StateMachineUpdater] INFO  impl.SimpleStateMachine4Testing (SimpleStateMachine4Testing.java:put(205)) - s1: put 7, m3 -> (t:1, i:7), STATEMACHINELOGENTRY, 273@client-C9E13236D1A4
2023-02-21 22:21:10,557 [s1@group-7AE7625EDE06-StateMachineUpdater] INFO  impl.SimpleStateMachine4Testing (SimpleStateMachine4Testing.java:put(205)) - s1: put 9, m4 -> (t:1, i:9), STATEMACHINELOGENTRY, 276@client-C9E13236D1A4
2023-02-21 22:21:10,557 [s1@group-7AE7625EDE06-StateMachineUpdater] INFO  impl.SimpleStateMachine4Testing (SimpleStateMachine4Testing.java:put(205)) - s1: put 11, m5 -> (t:1, i:11), STATEMACHINELOGENTRY, 279@client-C9E13236D1A4
2023-02-21 22:21:10,557 [s1@group-7AE7625EDE06-StateMachineUpdater] INFO  impl.SimpleStateMachine4Testing (SimpleStateMachine4Testing.java:put(205)) - s1: put 13, m6 -> (t:1, i:13), STATEMACHINELOGENTRY, 285@client-C9E13236D1A4
2023-02-21 22:21:10,557 [s1@group-7AE7625EDE06-StateMachineUpdater] INFO  impl.SimpleStateMachine4Testing (SimpleStateMachine4Testing.java:put(205)) - s1: put 15, m7 -> (t:1, i:15), STATEMACHINELOGENTRY, 288@client-C9E13236D1A4
2023-02-21 22:21:10,557 [s1@group-7AE7625EDE06-StateMachineUpdater] INFO  impl.SimpleStateMachine4Testing (SimpleStateMachine4Testing.java:put(205)) - s1: put 17, m8 -> (t:1, i:17), STATEMACHINELOGENTRY, 291@client-C9E13236D1A4
2023-02-21 22:21:10,557 [s1@group-7AE7625EDE06-StateMachineUpdater] INFO  impl.SimpleStateMachine4Testing (SimpleStateMachine4Testing.java:put(205)) - s1: put 19, m9 -> (t:1, i:19), STATEMACHINELOGENTRY, 294@client-C9E13236D1A4
2023-02-21 22:21:10,566 [HandlerDaemon-0] INFO  server.RaftServer$Division (ServerState.java:setLeader(260)) - s1@group-7AE7625EDE06: change Leader from null to s0 at term 1 for appendEntries, leader elected after 18ms
2023-02-21 22:21:10,571 [JvmPauseMonitor38] INFO  util.JvmPauseMonitor (JvmPauseMonitor.java:run(105)) - JvmPauseMonitor-s1: Started
2023-02-21 22:21:10,571 [HandlerDaemon-2] DEBUG raftlog.RaftLog (SegmentedRaftLog.java:appendImpl(446)) - truncateIndex=-1, arrayIndex=0
2023-02-21 22:21:10,571 [HandlerDaemon-1] DEBUG raftlog.RaftLog (SegmentedRaftLog.java:appendImpl(446)) - truncateIndex=-1, arrayIndex=0
2023-02-21 22:21:10,572 [s0@group-7AE7625EDE06-StateMachineUpdater] INFO  impl.SimpleStateMachine4Testing (SimpleStateMachine4Testing.java:put(205)) - s0: put 21, m10 -> (t:1, i:21), STATEMACHINELOGENTRY, 401@client-407B3E7F6375
2023-02-21 22:21:10,573 [HandlerDaemon-0] DEBUG raftlog.RaftLog (SegmentedRaftLog.java:appendImpl(446)) - truncateIndex=-1, arrayIndex=0
2023-02-21 22:21:10,574 [s2@group-7AE7625EDE06-StateMachineUpdater] INFO  impl.SimpleStateMachine4Testing (SimpleStateMachine4Testing.java:put(205)) - s2: put 21, m10 -> (t:1, i:21), STATEMACHINELOGENTRY, 401@client-407B3E7F6375
2023-02-21 22:21:10,574 [HandlerDaemon-1] DEBUG raftlog.RaftLog (SegmentedRaftLog.java:appendImpl(446)) - truncateIndex=-1, arrayIndex=0
2023-02-21 22:21:10,575 [s0@group-7AE7625EDE06-StateMachineUpdater] INFO  impl.SimpleStateMachine4Testing (SimpleStateMachine4Testing.java:put(205)) - s0: put 23, m11 -> (t:1, i:23), STATEMACHINELOGENTRY, 406@client-407B3E7F6375
2023-02-21 22:21:10,575 [HandlerDaemon-2] DEBUG raftlog.RaftLog (SegmentedRaftLog.java:appendImpl(446)) - truncateIndex=-1, arrayIndex=0
2023-02-21 22:21:10,576 [s2@group-7AE7625EDE06-StateMachineUpdater] INFO  impl.SimpleStateMachine4Testing (SimpleStateMachine4Testing.java:put(205)) - s2: put 23, m11 -> (t:1, i:23), STATEMACHINELOGENTRY, 406@client-407B3E7F6375
2023-02-21 22:21:10,576 [HandlerDaemon-0] DEBUG raftlog.RaftLog (SegmentedRaftLog.java:appendImpl(446)) - truncateIndex=-1, arrayIndex=0
2023-02-21 22:21:10,577 [HandlerDaemon-2] DEBUG raftlog.RaftLog (SegmentedRaftLog.java:appendImpl(446)) - truncateIndex=-1, arrayIndex=0
2023-02-21 22:21:10,578 [s0@group-7AE7625EDE06-StateMachineUpdater] INFO  impl.SimpleStateMachine4Testing (SimpleStateMachine4Testing.java:put(205)) - s0: put 25, m12 -> (t:1, i:25), STATEMACHINELOGENTRY, 409@client-407B3E7F6375
2023-02-21 22:21:10,578 [HandlerDaemon-1] DEBUG raftlog.RaftLog (SegmentedRaftLog.java:appendImpl(446)) - truncateIndex=-1, arrayIndex=0
2023-02-21 22:21:10,579 [s1@group-7AE7625EDE06-StateMachineUpdater] INFO  impl.SimpleStateMachine4Testing (SimpleStateMachine4Testing.java:put(205)) - s1: put 21, m10 -> (t:1, i:21), STATEMACHINELOGENTRY, 401@client-407B3E7F6375
2023-02-21 22:21:10,579 [s1@group-7AE7625EDE06-StateMachineUpdater] INFO  impl.SimpleStateMachine4Testing (SimpleStateMachine4Testing.java:put(205)) - s1: put 23, m11 -> (t:1, i:23), STATEMACHINELOGENTRY, 406@client-407B3E7F6375
2023-02-21 22:21:10,579 [s2@group-7AE7625EDE06-StateMachineUpdater] INFO  impl.SimpleStateMachine4Testing (SimpleStateMachine4Testing.java:put(205)) - s2: put 25, m12 -> (t:1, i:25), STATEMACHINELOGENTRY, 409@client-407B3E7F6375
2023-02-21 22:21:10,580 [s0@group-7AE7625EDE06-StateMachineUpdater] INFO  impl.SimpleStateMachine4Testing (SimpleStateMachine4Testing.java:put(205)) - s0: put 27, m13 -> (t:1, i:27), STATEMACHINELOGENTRY, 413@client-407B3E7F6375
2023-02-21 22:21:10,580 [HandlerDaemon-2] DEBUG raftlog.RaftLog (SegmentedRaftLog.java:appendImpl(446)) - truncateIndex=-1, arrayIndex=0
2023-02-21 22:21:10,581 [HandlerDaemon-0] DEBUG raftlog.RaftLog (SegmentedRaftLog.java:appendImpl(446)) - truncateIndex=-1, arrayIndex=0
2023-02-21 22:21:10,581 [s2@group-7AE7625EDE06-StateMachineUpdater] INFO  impl.SimpleStateMachine4Testing (SimpleStateMachine4Testing.java:put(205)) - s2: put 27, m13 -> (t:1, i:27), STATEMACHINELOGENTRY, 413@client-407B3E7F6375
2023-02-21 22:21:10,581 [HandlerDaemon-0] DEBUG raftlog.RaftLog (SegmentedRaftLog.java:appendImpl(446)) - truncateIndex=-1, arrayIndex=0
2023-02-21 22:21:10,582 [s1@group-7AE7625EDE06-StateMachineUpdater] INFO  impl.SimpleStateMachine4Testing (SimpleStateMachine4Testing.java:put(205)) - s1: put 25, m12 -> (t:1, i:25), STATEMACHINELOGENTRY, 409@client-407B3E7F6375
2023-02-21 22:21:10,582 [s1@group-7AE7625EDE06-StateMachineUpdater] INFO  impl.SimpleStateMachine4Testing (SimpleStateMachine4Testing.java:put(205)) - s1: put 27, m13 -> (t:1, i:27), STATEMACHINELOGENTRY, 413@client-407B3E7F6375
2023-02-21 22:21:10,583 [HandlerDaemon-1] DEBUG raftlog.RaftLog (SegmentedRaftLog.java:appendImpl(446)) - truncateIndex=-1, arrayIndex=0
2023-02-21 22:21:10,583 [s0@group-7AE7625EDE06-StateMachineUpdater] INFO  impl.SimpleStateMachine4Testing (SimpleStateMachine4Testing.java:put(205)) - s0: put 29, m14 -> (t:1, i:29), STATEMACHINELOGENTRY, 415@client-407B3E7F6375
2023-02-21 22:21:10,583 [HandlerDaemon-1] DEBUG raftlog.RaftLog (SegmentedRaftLog.java:appendImpl(446)) - truncateIndex=-1, arrayIndex=0
2023-02-21 22:21:10,584 [s2@group-7AE7625EDE06-StateMachineUpdater] INFO  impl.SimpleStateMachine4Testing (SimpleStateMachine4Testing.java:put(205)) - s2: put 29, m14 -> (t:1, i:29), STATEMACHINELOGENTRY, 415@client-407B3E7F6375
2023-02-21 22:21:10,584 [HandlerDaemon-2] DEBUG raftlog.RaftLog (SegmentedRaftLog.java:appendImpl(446)) - truncateIndex=-1, arrayIndex=0
2023-02-21 22:21:10,585 [s0@group-7AE7625EDE06-StateMachineUpdater] INFO  impl.SimpleStateMachine4Testing (SimpleStateMachine4Testing.java:put(205)) - s0: put 31, m15 -> (t:1, i:31), STATEMACHINELOGENTRY, 420@client-407B3E7F6375
2023-02-21 22:21:10,586 [HandlerDaemon-0] DEBUG raftlog.RaftLog (SegmentedRaftLog.java:appendImpl(446)) - truncateIndex=-1, arrayIndex=0
2023-02-21 22:21:10,586 [s1@group-7AE7625EDE06-StateMachineUpdater] INFO  impl.SimpleStateMachine4Testing (SimpleStateMachine4Testing.java:put(205)) - s1: put 29, m14 -> (t:1, i:29), STATEMACHINELOGENTRY, 415@client-407B3E7F6375
2023-02-21 22:21:10,587 [HandlerDaemon-2] DEBUG raftlog.RaftLog (SegmentedRaftLog.java:appendImpl(446)) - truncateIndex=-1, arrayIndex=0
2023-02-21 22:21:10,587 [s2@group-7AE7625EDE06-StateMachineUpdater] INFO  impl.SimpleStateMachine4Testing (SimpleStateMachine4Testing.java:put(205)) - s2: put 31, m15 -> (t:1, i:31), STATEMACHINELOGENTRY, 420@client-407B3E7F6375
2023-02-21 22:21:10,587 [s0@group-7AE7625EDE06-StateMachineUpdater] INFO  impl.SimpleStateMachine4Testing (SimpleStateMachine4Testing.java:put(205)) - s0: put 33, m16 -> (t:1, i:33), STATEMACHINELOGENTRY, 423@client-407B3E7F6375
2023-02-21 22:21:10,588 [HandlerDaemon-1] DEBUG raftlog.RaftLog (SegmentedRaftLog.java:appendImpl(446)) - truncateIndex=-1, arrayIndex=0
2023-02-21 22:21:10,589 [s2@group-7AE7625EDE06-StateMachineUpdater] INFO  impl.SimpleStateMachine4Testing (SimpleStateMachine4Testing.java:put(205)) - s2: put 33, m16 -> (t:1, i:33), STATEMACHINELOGENTRY, 423@client-407B3E7F6375
2023-02-21 22:21:10,589 [s0@group-7AE7625EDE06-StateMachineUpdater] INFO  impl.SimpleStateMachine4Testing (SimpleStateMachine4Testing.java:put(205)) - s0: put 35, m17 -> (t:1, i:35), STATEMACHINELOGENTRY, 426@client-407B3E7F6375
2023-02-21 22:21:10,590 [s1@group-7AE7625EDE06-StateMachineUpdater] INFO  impl.SimpleStateMachine4Testing (SimpleStateMachine4Testing.java:put(205)) - s1: put 31, m15 -> (t:1, i:31), STATEMACHINELOGENTRY, 420@client-407B3E7F6375
2023-02-21 22:21:10,590 [HandlerDaemon-0] DEBUG raftlog.RaftLog (SegmentedRaftLog.java:appendImpl(446)) - truncateIndex=-1, arrayIndex=0
2023-02-21 22:21:10,591 [s1@group-7AE7625EDE06-StateMachineUpdater] INFO  impl.SimpleStateMachine4Testing (SimpleStateMachine4Testing.java:put(205)) - s1: put 33, m16 -> (t:1, i:33), STATEMACHINELOGENTRY, 423@client-407B3E7F6375
2023-02-21 22:21:10,591 [s1@group-7AE7625EDE06-StateMachineUpdater] INFO  impl.SimpleStateMachine4Testing (SimpleStateMachine4Testing.java:put(205)) - s1: put 35, m17 -> (t:1, i:35), STATEMACHINELOGENTRY, 426@client-407B3E7F6375
2023-02-21 22:21:10,591 [HandlerDaemon-1] DEBUG raftlog.RaftLog (SegmentedRaftLog.java:appendImpl(446)) - truncateIndex=-1, arrayIndex=0
2023-02-21 22:21:10,592 [s0@group-7AE7625EDE06-StateMachineUpdater] INFO  impl.SimpleStateMachine4Testing (SimpleStateMachine4Testing.java:put(205)) - s0: put 37, m18 -> (t:1, i:37), STATEMACHINELOGENTRY, 428@client-407B3E7F6375
2023-02-21 22:21:10,592 [HandlerDaemon-2] DEBUG raftlog.RaftLog (SegmentedRaftLog.java:appendImpl(446)) - truncateIndex=-1, arrayIndex=0
2023-02-21 22:21:10,593 [s1@group-7AE7625EDE06-StateMachineUpdater] INFO  impl.SimpleStateMachine4Testing (SimpleStateMachine4Testing.java:put(205)) - s1: put 37, m18 -> (t:1, i:37), STATEMACHINELOGENTRY, 428@client-407B3E7F6375
2023-02-21 22:21:10,593 [HandlerDaemon-2] DEBUG raftlog.RaftLog (SegmentedRaftLog.java:appendImpl(446)) - truncateIndex=-1, arrayIndex=0
2023-02-21 22:21:10,594 [s2@group-7AE7625EDE06-StateMachineUpdater] INFO  impl.SimpleStateMachine4Testing (SimpleStateMachine4Testing.java:put(205)) - s2: put 35, m17 -> (t:1, i:35), STATEMACHINELOGENTRY, 426@client-407B3E7F6375
2023-02-21 22:21:10,594 [s2@group-7AE7625EDE06-StateMachineUpdater] INFO  impl.SimpleStateMachine4Testing (SimpleStateMachine4Testing.java:put(205)) - s2: put 37, m18 -> (t:1, i:37), STATEMACHINELOGENTRY, 428@client-407B3E7F6375
2023-02-21 22:21:10,595 [HandlerDaemon-0] DEBUG raftlog.RaftLog (SegmentedRaftLog.java:appendImpl(446)) - truncateIndex=-1, arrayIndex=0
2023-02-21 22:21:10,595 [s0@group-7AE7625EDE06-StateMachineUpdater] INFO  impl.SimpleStateMachine4Testing (SimpleStateMachine4Testing.java:put(205)) - s0: put 39, m19 -> (t:1, i:39), STATEMACHINELOGENTRY, 431@client-407B3E7F6375
2023-02-21 22:21:10,595 [HandlerDaemon-0] DEBUG raftlog.RaftLog (SegmentedRaftLog.java:appendImpl(446)) - truncateIndex=-1, arrayIndex=0
2023-02-21 22:21:10,595 [Time-limited test] WARN  simulation.TestServerRestartWithSimulatedRpc (JavaUtils.java:attempt(217)) - FAILED "follower catchup", attempt #1/10: java.lang.AssertionError, sleep 1s and then retry.
java.lang.AssertionError
	at org.junit.Assert.fail(Assert.java:87)
	at org.junit.Assert.assertTrue(Assert.java:42)
	at org.junit.Assert.assertTrue(Assert.java:53)
	at org.apache.ratis.server.ServerRestartTests.lambda$runTestRestartFollower$1(ServerRestartTests.java:113)
	at org.apache.ratis.util.JavaUtils.attempt(JavaUtils.java:211)
	at org.apache.ratis.util.JavaUtils.attemptRepeatedly(JavaUtils.java:197)
	at org.apache.ratis.server.ServerRestartTests.runTestRestartFollower(ServerRestartTests.java:112)
	at org.apache.ratis.server.impl.MiniRaftCluster$Factory$Get.runWithNewCluster(MiniRaftCluster.java:141)
	at org.apache.ratis.server.impl.MiniRaftCluster$Factory$Get.runWithNewCluster(MiniRaftCluster.java:121)
	at org.apache.ratis.server.ServerRestartTests.testRestartFollower(ServerRestartTests.java:88)
	at java.base/jdk.internal.reflect.NativeMethodAccessorImpl.invoke0(Native Method)
	at java.base/jdk.internal.reflect.NativeMethodAccessorImpl.invoke(NativeMethodAccessorImpl.java:62)
	at java.base/jdk.internal.reflect.DelegatingMethodAccessorImpl.invoke(DelegatingMethodAccessorImpl.java:43)
	at java.base/java.lang.reflect.Method.invoke(Method.java:566)
	at org.junit.runners.model.FrameworkMethod$1.runReflectiveCall(FrameworkMethod.java:59)
	at org.junit.internal.runners.model.ReflectiveCallable.run(ReflectiveCallable.java:12)
	at org.junit.runners.model.FrameworkMethod.invokeExplosively(FrameworkMethod.java:56)
	at org.junit.internal.runners.statements.InvokeMethod.evaluate(InvokeMethod.java:17)
	at org.junit.internal.runners.statements.RunAfters.evaluate(RunAfters.java:27)
	at org.junit.internal.runners.statements.FailOnTimeout$CallableStatement.call(FailOnTimeout.java:299)
	at org.junit.internal.runners.statements.FailOnTimeout$CallableStatement.call(FailOnTimeout.java:293)
	at java.base/java.util.concurrent.FutureTask.run(FutureTask.java:264)
	at java.base/java.lang.Thread.run(Thread.java:829)
2023-02-21 22:21:10,596 [s1@group-7AE7625EDE06-StateMachineUpdater] INFO  impl.SimpleStateMachine4Testing (SimpleStateMachine4Testing.java:put(205)) - s1: put 39, m19 -> (t:1, i:39), STATEMACHINELOGENTRY, 431@client-407B3E7F6375
2023-02-21 22:21:10,596 [s2@group-7AE7625EDE06-StateMachineUpdater] INFO  impl.SimpleStateMachine4Testing (SimpleStateMachine4Testing.java:put(205)) - s2: put 39, m19 -> (t:1, i:39), STATEMACHINELOGENTRY, 431@client-407B3E7F6375
2023-02-21 22:21:11,596 [Time-limited test] INFO  impl.MiniRaftCluster (MiniRaftCluster.java:killServer(533)) - killServer s1
2023-02-21 22:21:11,596 [Time-limited test] INFO  server.RaftServer (RaftServerProxy.java:lambda$close$7(413)) - s1: close
2023-02-21 22:21:11,596 [s1-impl-thread1] INFO  server.RaftServer$Division (RaftServerImpl.java:lambda$close$4(466)) - s1@group-7AE7625EDE06: shutdown
2023-02-21 22:21:11,596 [s1-impl-thread1] INFO  util.JmxRegister (JmxRegister.java:unregister(73)) - Successfully un-registered JMX Bean with object name Ratis:service=RaftServer,group=group-7AE7625EDE06,id=s1
2023-02-21 22:21:11,596 [s1-impl-thread1] INFO  impl.RoleInfo (RoleInfo.java:shutdownFollowerState(110)) - s1: shutdown s1@group-7AE7625EDE06-FollowerState
2023-02-21 22:21:11,596 [s1-impl-thread1] INFO  impl.StateMachineUpdater (StateMachineUpdater.java:stopAndJoin(154)) - s1@group-7AE7625EDE06-StateMachineUpdater: set stopIndex = 40
2023-02-21 22:21:11,596 [HandlerDaemon-2] INFO  simulation.RequestHandler (RequestHandler.java:run(127)) - s1.clientHandler2 is interrupted by java.io.InterruptedIOException: 
2023-02-21 22:21:11,596 [HandlerDaemon-1] INFO  simulation.RequestHandler (RequestHandler.java:run(127)) - s1.clientHandler1 is interrupted by java.io.InterruptedIOException: 
2023-02-21 22:21:11,596 [HandlerDaemon-0] INFO  simulation.RequestHandler (RequestHandler.java:run(127)) - s1.clientHandler0 is interrupted by java.io.InterruptedIOException: 
2023-02-21 22:21:11,597 [HandlerDaemon-0] INFO  simulation.RequestHandler (RequestHandler.java:run(127)) - s1.serverHandler0 is interrupted by java.io.InterruptedIOException: 
2023-02-21 22:21:11,597 [HandlerDaemon-2] INFO  simulation.RequestHandler (RequestHandler.java:run(127)) - s1.serverHandler2 is interrupted by java.io.InterruptedIOException: 
2023-02-21 22:21:11,597 [s1@group-7AE7625EDE06-FollowerState] INFO  impl.FollowerState (FollowerState.java:run(152)) - s1@group-7AE7625EDE06-FollowerState was interrupted
2023-02-21 22:21:11,597 [s1-impl-thread1] INFO  server.RaftServer$Division (ServerState.java:close(414)) - s1@group-7AE7625EDE06: applyIndex: 40
2023-02-21 22:21:11,597 [HandlerDaemon-1] INFO  simulation.RequestHandler (RequestHandler.java:run(127)) - s1.serverHandler1 is interrupted by java.io.InterruptedIOException: 
2023-02-21 22:21:11,654 [s0@group-7AE7625EDE06->s1-LogAppenderDefault-LogAppenderDaemon] WARN  leader.LogAppender (LogAppenderDefault.java:sendAppendEntriesWithRetries(87)) - s0@group-7AE7625EDE06->s1-LogAppenderDefault: Failed to appendEntries (retry=1): {}
java.io.IOException: The peer s1 is not alive.
	at org.apache.ratis.server.simulation.SimulatedRequestReply.sendRequest(SimulatedRequestReply.java:117)
	at org.apache.ratis.server.simulation.SimulatedServerRpc.appendEntries(SimulatedServerRpc.java:115)
	at org.apache.ratis.server.leader.LogAppenderDefault.sendAppendEntriesWithRetries(LogAppenderDefault.java:77)
	at org.apache.ratis.server.leader.LogAppenderDefault.run(LogAppenderDefault.java:153)
	at org.apache.ratis.server.leader.LogAppenderDaemon.run(LogAppenderDaemon.java:78)
	at java.base/java.lang.Thread.run(Thread.java:829)
2023-02-21 22:21:11,692 [s0@group-7AE7625EDE06->s1-LogAppenderDefault-LogAppenderDaemon] WARN  leader.LogAppender (LogAppenderDefault.java:sendAppendEntriesWithRetries(87)) - s0@group-7AE7625EDE06->s1-LogAppenderDefault: Failed to appendEntries (retry=1): {}
java.io.IOException: The peer s1 is not alive.
	at org.apache.ratis.server.simulation.SimulatedRequestReply.sendRequest(SimulatedRequestReply.java:117)
	at org.apache.ratis.server.simulation.SimulatedServerRpc.appendEntries(SimulatedServerRpc.java:115)
	at org.apache.ratis.server.leader.LogAppenderDefault.sendAppendEntriesWithRetries(LogAppenderDefault.java:77)
	at org.apache.ratis.server.leader.LogAppenderDefault.run(LogAppenderDefault.java:153)
	at org.apache.ratis.server.leader.LogAppenderDaemon.run(LogAppenderDaemon.java:78)
	at java.base/java.lang.Thread.run(Thread.java:829)
2023-02-21 22:21:11,729 [s0@group-7AE7625EDE06->s1-LogAppenderDefault-LogAppenderDaemon] WARN  leader.LogAppender (LogAppenderDefault.java:sendAppendEntriesWithRetries(87)) - s0@group-7AE7625EDE06->s1-LogAppenderDefault: Failed to appendEntries (retry=1): {}
java.io.IOException: The peer s1 is not alive.
	at org.apache.ratis.server.simulation.SimulatedRequestReply.sendRequest(SimulatedRequestReply.java:117)
	at org.apache.ratis.server.simulation.SimulatedServerRpc.appendEntries(SimulatedServerRpc.java:115)
	at org.apache.ratis.server.leader.LogAppenderDefault.sendAppendEntriesWithRetries(LogAppenderDefault.java:77)
	at org.apache.ratis.server.leader.LogAppenderDefault.run(LogAppenderDefault.java:153)
	at org.apache.ratis.server.leader.LogAppenderDaemon.run(LogAppenderDaemon.java:78)
	at java.base/java.lang.Thread.run(Thread.java:829)
2023-02-21 22:21:11,767 [s0@group-7AE7625EDE06->s1-LogAppenderDefault-LogAppenderDaemon] WARN  leader.LogAppender (LogAppenderDefault.java:sendAppendEntriesWithRetries(87)) - s0@group-7AE7625EDE06->s1-LogAppenderDefault: Failed to appendEntries (retry=1): {}
java.io.IOException: The peer s1 is not alive.
	at org.apache.ratis.server.simulation.SimulatedRequestReply.sendRequest(SimulatedRequestReply.java:117)
	at org.apache.ratis.server.simulation.SimulatedServerRpc.appendEntries(SimulatedServerRpc.java:115)
	at org.apache.ratis.server.leader.LogAppenderDefault.sendAppendEntriesWithRetries(LogAppenderDefault.java:77)
	at org.apache.ratis.server.leader.LogAppenderDefault.run(LogAppenderDefault.java:153)
	at org.apache.ratis.server.leader.LogAppenderDaemon.run(LogAppenderDaemon.java:78)
	at java.base/java.lang.Thread.run(Thread.java:829)
2023-02-21 22:21:11,804 [s0@group-7AE7625EDE06->s1-LogAppenderDefault-LogAppenderDaemon] WARN  leader.LogAppender (LogAppenderDefault.java:sendAppendEntriesWithRetries(87)) - s0@group-7AE7625EDE06->s1-LogAppenderDefault: Failed to appendEntries (retry=1): {}
java.io.IOException: The peer s1 is not alive.
	at org.apache.ratis.server.simulation.SimulatedRequestReply.sendRequest(SimulatedRequestReply.java:117)
	at org.apache.ratis.server.simulation.SimulatedServerRpc.appendEntries(SimulatedServerRpc.java:115)
	at org.apache.ratis.server.leader.LogAppenderDefault.sendAppendEntriesWithRetries(LogAppenderDefault.java:77)
	at org.apache.ratis.server.leader.LogAppenderDefault.run(LogAppenderDefault.java:153)
	at org.apache.ratis.server.leader.LogAppenderDaemon.run(LogAppenderDaemon.java:78)
	at java.base/java.lang.Thread.run(Thread.java:829)
2023-02-21 22:21:11,841 [s0@group-7AE7625EDE06->s1-LogAppenderDefault-LogAppenderDaemon] WARN  leader.LogAppender (LogAppenderDefault.java:sendAppendEntriesWithRetries(87)) - s0@group-7AE7625EDE06->s1-LogAppenderDefault: Failed to appendEntries (retry=1): {}
java.io.IOException: The peer s1 is not alive.
	at org.apache.ratis.server.simulation.SimulatedRequestReply.sendRequest(SimulatedRequestReply.java:117)
	at org.apache.ratis.server.simulation.SimulatedServerRpc.appendEntries(SimulatedServerRpc.java:115)
	at org.apache.ratis.server.leader.LogAppenderDefault.sendAppendEntriesWithRetries(LogAppenderDefault.java:77)
	at org.apache.ratis.server.leader.LogAppenderDefault.run(LogAppenderDefault.java:153)
	at org.apache.ratis.server.leader.LogAppenderDaemon.run(LogAppenderDaemon.java:78)
	at java.base/java.lang.Thread.run(Thread.java:829)
2023-02-21 22:21:11,879 [s0@group-7AE7625EDE06->s1-LogAppenderDefault-LogAppenderDaemon] WARN  leader.LogAppender (LogAppenderDefault.java:sendAppendEntriesWithRetries(87)) - s0@group-7AE7625EDE06->s1-LogAppenderDefault: Failed to appendEntries (retry=1): {}
java.io.IOException: The peer s1 is not alive.
	at org.apache.ratis.server.simulation.SimulatedRequestReply.sendRequest(SimulatedRequestReply.java:117)
	at org.apache.ratis.server.simulation.SimulatedServerRpc.appendEntries(SimulatedServerRpc.java:115)
	at org.apache.ratis.server.leader.LogAppenderDefault.sendAppendEntriesWithRetries(LogAppenderDefault.java:77)
	at org.apache.ratis.server.leader.LogAppenderDefault.run(LogAppenderDefault.java:153)
	at org.apache.ratis.server.leader.LogAppenderDaemon.run(LogAppenderDaemon.java:78)
	at java.base/java.lang.Thread.run(Thread.java:829)
2023-02-21 22:21:11,916 [s0@group-7AE7625EDE06->s1-LogAppenderDefault-LogAppenderDaemon] WARN  leader.LogAppender (LogAppenderDefault.java:sendAppendEntriesWithRetries(87)) - s0@group-7AE7625EDE06->s1-LogAppenderDefault: Failed to appendEntries (retry=1): {}
java.io.IOException: The peer s1 is not alive.
	at org.apache.ratis.server.simulation.SimulatedRequestReply.sendRequest(SimulatedRequestReply.java:117)
	at org.apache.ratis.server.simulation.SimulatedServerRpc.appendEntries(SimulatedServerRpc.java:115)
	at org.apache.ratis.server.leader.LogAppenderDefault.sendAppendEntriesWithRetries(LogAppenderDefault.java:77)
	at org.apache.ratis.server.leader.LogAppenderDefault.run(LogAppenderDefault.java:153)
	at org.apache.ratis.server.leader.LogAppenderDaemon.run(LogAppenderDaemon.java:78)
	at java.base/java.lang.Thread.run(Thread.java:829)
2023-02-21 22:21:11,954 [s0@group-7AE7625EDE06->s1-LogAppenderDefault-LogAppenderDaemon] WARN  leader.LogAppender (LogAppenderDefault.java:sendAppendEntriesWithRetries(87)) - s0@group-7AE7625EDE06->s1-LogAppenderDefault: Failed to appendEntries (retry=1): {}
java.io.IOException: The peer s1 is not alive.
	at org.apache.ratis.server.simulation.SimulatedRequestReply.sendRequest(SimulatedRequestReply.java:117)
	at org.apache.ratis.server.simulation.SimulatedServerRpc.appendEntries(SimulatedServerRpc.java:115)
	at org.apache.ratis.server.leader.LogAppenderDefault.sendAppendEntriesWithRetries(LogAppenderDefault.java:77)
	at org.apache.ratis.server.leader.LogAppenderDefault.run(LogAppenderDefault.java:153)
	at org.apache.ratis.server.leader.LogAppenderDaemon.run(LogAppenderDaemon.java:78)
	at java.base/java.lang.Thread.run(Thread.java:829)
2023-02-21 22:21:11,991 [s0@group-7AE7625EDE06->s1-LogAppenderDefault-LogAppenderDaemon] WARN  leader.LogAppender (LogAppenderDefault.java:sendAppendEntriesWithRetries(87)) - s0@group-7AE7625EDE06->s1-LogAppenderDefault: Failed to appendEntries (retry=1): {}
java.io.IOException: The peer s1 is not alive.
	at org.apache.ratis.server.simulation.SimulatedRequestReply.sendRequest(SimulatedRequestReply.java:117)
	at org.apache.ratis.server.simulation.SimulatedServerRpc.appendEntries(SimulatedServerRpc.java:115)
	at org.apache.ratis.server.leader.LogAppenderDefault.sendAppendEntriesWithRetries(LogAppenderDefault.java:77)
	at org.apache.ratis.server.leader.LogAppenderDefault.run(LogAppenderDefault.java:153)
	at org.apache.ratis.server.leader.LogAppenderDaemon.run(LogAppenderDaemon.java:78)
	at java.base/java.lang.Thread.run(Thread.java:829)
2023-02-21 22:21:12,029 [s0@group-7AE7625EDE06->s1-LogAppenderDefault-LogAppenderDaemon] WARN  leader.LogAppender (LogAppenderDefault.java:sendAppendEntriesWithRetries(87)) - s0@group-7AE7625EDE06->s1-LogAppenderDefault: Failed to appendEntries (retry=1): {}
java.io.IOException: The peer s1 is not alive.
	at org.apache.ratis.server.simulation.SimulatedRequestReply.sendRequest(SimulatedRequestReply.java:117)
	at org.apache.ratis.server.simulation.SimulatedServerRpc.appendEntries(SimulatedServerRpc.java:115)
	at org.apache.ratis.server.leader.LogAppenderDefault.sendAppendEntriesWithRetries(LogAppenderDefault.java:77)
	at org.apache.ratis.server.leader.LogAppenderDefault.run(LogAppenderDefault.java:153)
	at org.apache.ratis.server.leader.LogAppenderDaemon.run(LogAppenderDaemon.java:78)
	at java.base/java.lang.Thread.run(Thread.java:829)
2023-02-21 22:21:12,066 [s0@group-7AE7625EDE06->s1-LogAppenderDefault-LogAppenderDaemon] WARN  leader.LogAppender (LogAppenderDefault.java:sendAppendEntriesWithRetries(87)) - s0@group-7AE7625EDE06->s1-LogAppenderDefault: Failed to appendEntries (retry=1): {}
java.io.IOException: The peer s1 is not alive.
	at org.apache.ratis.server.simulation.SimulatedRequestReply.sendRequest(SimulatedRequestReply.java:117)
	at org.apache.ratis.server.simulation.SimulatedServerRpc.appendEntries(SimulatedServerRpc.java:115)
	at org.apache.ratis.server.leader.LogAppenderDefault.sendAppendEntriesWithRetries(LogAppenderDefault.java:77)
	at org.apache.ratis.server.leader.LogAppenderDefault.run(LogAppenderDefault.java:153)
	at org.apache.ratis.server.leader.LogAppenderDaemon.run(LogAppenderDaemon.java:78)
	at java.base/java.lang.Thread.run(Thread.java:829)
2023-02-21 22:21:12,104 [s0@group-7AE7625EDE06->s1-LogAppenderDefault-LogAppenderDaemon] WARN  leader.LogAppender (LogAppenderDefault.java:sendAppendEntriesWithRetries(87)) - s0@group-7AE7625EDE06->s1-LogAppenderDefault: Failed to appendEntries (retry=1): {}
java.io.IOException: The peer s1 is not alive.
	at org.apache.ratis.server.simulation.SimulatedRequestReply.sendRequest(SimulatedRequestReply.java:117)
	at org.apache.ratis.server.simulation.SimulatedServerRpc.appendEntries(SimulatedServerRpc.java:115)
	at org.apache.ratis.server.leader.LogAppenderDefault.sendAppendEntriesWithRetries(LogAppenderDefault.java:77)
	at org.apache.ratis.server.leader.LogAppenderDefault.run(LogAppenderDefault.java:153)
	at org.apache.ratis.server.leader.LogAppenderDaemon.run(LogAppenderDaemon.java:78)
	at java.base/java.lang.Thread.run(Thread.java:829)
2023-02-21 22:21:12,141 [s0@group-7AE7625EDE06->s1-LogAppenderDefault-LogAppenderDaemon] WARN  leader.LogAppender (LogAppenderDefault.java:sendAppendEntriesWithRetries(87)) - s0@group-7AE7625EDE06->s1-LogAppenderDefault: Failed to appendEntries (retry=1): {}
java.io.IOException: The peer s1 is not alive.
	at org.apache.ratis.server.simulation.SimulatedRequestReply.sendRequest(SimulatedRequestReply.java:117)
	at org.apache.ratis.server.simulation.SimulatedServerRpc.appendEntries(SimulatedServerRpc.java:115)
	at org.apache.ratis.server.leader.LogAppenderDefault.sendAppendEntriesWithRetries(LogAppenderDefault.java:77)
	at org.apache.ratis.server.leader.LogAppenderDefault.run(LogAppenderDefault.java:153)
	at org.apache.ratis.server.leader.LogAppenderDaemon.run(LogAppenderDaemon.java:78)
	at java.base/java.lang.Thread.run(Thread.java:829)
2023-02-21 22:21:12,179 [s0@group-7AE7625EDE06->s1-LogAppenderDefault-LogAppenderDaemon] WARN  leader.LogAppender (LogAppenderDefault.java:sendAppendEntriesWithRetries(87)) - s0@group-7AE7625EDE06->s1-LogAppenderDefault: Failed to appendEntries (retry=1): {}
java.io.IOException: The peer s1 is not alive.
	at org.apache.ratis.server.simulation.SimulatedRequestReply.sendRequest(SimulatedRequestReply.java:117)
	at org.apache.ratis.server.simulation.SimulatedServerRpc.appendEntries(SimulatedServerRpc.java:115)
	at org.apache.ratis.server.leader.LogAppenderDefault.sendAppendEntriesWithRetries(LogAppenderDefault.java:77)
	at org.apache.ratis.server.leader.LogAppenderDefault.run(LogAppenderDefault.java:153)
	at org.apache.ratis.server.leader.LogAppenderDaemon.run(LogAppenderDaemon.java:78)
	at java.base/java.lang.Thread.run(Thread.java:829)
2023-02-21 22:21:12,216 [s0@group-7AE7625EDE06->s1-LogAppenderDefault-LogAppenderDaemon] WARN  leader.LogAppender (LogAppenderDefault.java:sendAppendEntriesWithRetries(87)) - s0@group-7AE7625EDE06->s1-LogAppenderDefault: Failed to appendEntries (retry=1): {}
java.io.IOException: The peer s1 is not alive.
	at org.apache.ratis.server.simulation.SimulatedRequestReply.sendRequest(SimulatedRequestReply.java:117)
	at org.apache.ratis.server.simulation.SimulatedServerRpc.appendEntries(SimulatedServerRpc.java:115)
	at org.apache.ratis.server.leader.LogAppenderDefault.sendAppendEntriesWithRetries(LogAppenderDefault.java:77)
	at org.apache.ratis.server.leader.LogAppenderDefault.run(LogAppenderDefault.java:153)
	at org.apache.ratis.server.leader.LogAppenderDaemon.run(LogAppenderDaemon.java:78)
	at java.base/java.lang.Thread.run(Thread.java:829)
2023-02-21 22:21:12,254 [s0@group-7AE7625EDE06->s1-LogAppenderDefault-LogAppenderDaemon] WARN  leader.LogAppender (LogAppenderDefault.java:sendAppendEntriesWithRetries(87)) - s0@group-7AE7625EDE06->s1-LogAppenderDefault: Failed to appendEntries (retry=1): {}
java.io.IOException: The peer s1 is not alive.
	at org.apache.ratis.server.simulation.SimulatedRequestReply.sendRequest(SimulatedRequestReply.java:117)
	at org.apache.ratis.server.simulation.SimulatedServerRpc.appendEntries(SimulatedServerRpc.java:115)
	at org.apache.ratis.server.leader.LogAppenderDefault.sendAppendEntriesWithRetries(LogAppenderDefault.java:77)
	at org.apache.ratis.server.leader.LogAppenderDefault.run(LogAppenderDefault.java:153)
	at org.apache.ratis.server.leader.LogAppenderDaemon.run(LogAppenderDaemon.java:78)
	at java.base/java.lang.Thread.run(Thread.java:829)
2023-02-21 22:21:12,291 [s0@group-7AE7625EDE06->s1-LogAppenderDefault-LogAppenderDaemon] WARN  leader.LogAppender (LogAppenderDefault.java:sendAppendEntriesWithRetries(87)) - s0@group-7AE7625EDE06->s1-LogAppenderDefault: Failed to appendEntries (retry=1): {}
java.io.IOException: The peer s1 is not alive.
	at org.apache.ratis.server.simulation.SimulatedRequestReply.sendRequest(SimulatedRequestReply.java:117)
	at org.apache.ratis.server.simulation.SimulatedServerRpc.appendEntries(SimulatedServerRpc.java:115)
	at org.apache.ratis.server.leader.LogAppenderDefault.sendAppendEntriesWithRetries(LogAppenderDefault.java:77)
	at org.apache.ratis.server.leader.LogAppenderDefault.run(LogAppenderDefault.java:153)
	at org.apache.ratis.server.leader.LogAppenderDaemon.run(LogAppenderDaemon.java:78)
	at java.base/java.lang.Thread.run(Thread.java:829)
2023-02-21 22:21:12,329 [s0@group-7AE7625EDE06->s1-LogAppenderDefault-LogAppenderDaemon] WARN  leader.LogAppender (LogAppenderDefault.java:sendAppendEntriesWithRetries(87)) - s0@group-7AE7625EDE06->s1-LogAppenderDefault: Failed to appendEntries (retry=1): {}
java.io.IOException: The peer s1 is not alive.
	at org.apache.ratis.server.simulation.SimulatedRequestReply.sendRequest(SimulatedRequestReply.java:117)
	at org.apache.ratis.server.simulation.SimulatedServerRpc.appendEntries(SimulatedServerRpc.java:115)
	at org.apache.ratis.server.leader.LogAppenderDefault.sendAppendEntriesWithRetries(LogAppenderDefault.java:77)
	at org.apache.ratis.server.leader.LogAppenderDefault.run(LogAppenderDefault.java:153)
	at org.apache.ratis.server.leader.LogAppenderDaemon.run(LogAppenderDaemon.java:78)
	at java.base/java.lang.Thread.run(Thread.java:829)
2023-02-21 22:21:12,367 [s0@group-7AE7625EDE06->s1-LogAppenderDefault-LogAppenderDaemon] WARN  leader.LogAppender (LogAppenderDefault.java:sendAppendEntriesWithRetries(87)) - s0@group-7AE7625EDE06->s1-LogAppenderDefault: Failed to appendEntries (retry=1): {}
java.io.IOException: The peer s1 is not alive.
	at org.apache.ratis.server.simulation.SimulatedRequestReply.sendRequest(SimulatedRequestReply.java:117)
	at org.apache.ratis.server.simulation.SimulatedServerRpc.appendEntries(SimulatedServerRpc.java:115)
	at org.apache.ratis.server.leader.LogAppenderDefault.sendAppendEntriesWithRetries(LogAppenderDefault.java:77)
	at org.apache.ratis.server.leader.LogAppenderDefault.run(LogAppenderDefault.java:153)
	at org.apache.ratis.server.leader.LogAppenderDaemon.run(LogAppenderDaemon.java:78)
	at java.base/java.lang.Thread.run(Thread.java:829)
2023-02-21 22:21:12,404 [s0@group-7AE7625EDE06->s1-LogAppenderDefault-LogAppenderDaemon] WARN  leader.LogAppender (LogAppenderDefault.java:sendAppendEntriesWithRetries(87)) - s0@group-7AE7625EDE06->s1-LogAppenderDefault: Failed to appendEntries (retry=1): {}
java.io.IOException: The peer s1 is not alive.
	at org.apache.ratis.server.simulation.SimulatedRequestReply.sendRequest(SimulatedRequestReply.java:117)
	at org.apache.ratis.server.simulation.SimulatedServerRpc.appendEntries(SimulatedServerRpc.java:115)
	at org.apache.ratis.server.leader.LogAppenderDefault.sendAppendEntriesWithRetries(LogAppenderDefault.java:77)
	at org.apache.ratis.server.leader.LogAppenderDefault.run(LogAppenderDefault.java:153)
	at org.apache.ratis.server.leader.LogAppenderDaemon.run(LogAppenderDaemon.java:78)
	at java.base/java.lang.Thread.run(Thread.java:829)
2023-02-21 22:21:12,441 [s0@group-7AE7625EDE06->s1-LogAppenderDefault-LogAppenderDaemon] WARN  leader.LogAppender (LogAppenderDefault.java:sendAppendEntriesWithRetries(87)) - s0@group-7AE7625EDE06->s1-LogAppenderDefault: Failed to appendEntries (retry=1): {}
java.io.IOException: The peer s1 is not alive.
	at org.apache.ratis.server.simulation.SimulatedRequestReply.sendRequest(SimulatedRequestReply.java:117)
	at org.apache.ratis.server.simulation.SimulatedServerRpc.appendEntries(SimulatedServerRpc.java:115)
	at org.apache.ratis.server.leader.LogAppenderDefault.sendAppendEntriesWithRetries(LogAppenderDefault.java:77)
	at org.apache.ratis.server.leader.LogAppenderDefault.run(LogAppenderDefault.java:153)
	at org.apache.ratis.server.leader.LogAppenderDaemon.run(LogAppenderDaemon.java:78)
	at java.base/java.lang.Thread.run(Thread.java:829)
2023-02-21 22:21:12,479 [s0@group-7AE7625EDE06->s1-LogAppenderDefault-LogAppenderDaemon] WARN  leader.LogAppender (LogAppenderDefault.java:sendAppendEntriesWithRetries(87)) - s0@group-7AE7625EDE06->s1-LogAppenderDefault: Failed to appendEntries (retry=1): {}
java.io.IOException: The peer s1 is not alive.
	at org.apache.ratis.server.simulation.SimulatedRequestReply.sendRequest(SimulatedRequestReply.java:117)
	at org.apache.ratis.server.simulation.SimulatedServerRpc.appendEntries(SimulatedServerRpc.java:115)
	at org.apache.ratis.server.leader.LogAppenderDefault.sendAppendEntriesWithRetries(LogAppenderDefault.java:77)
	at org.apache.ratis.server.leader.LogAppenderDefault.run(LogAppenderDefault.java:153)
	at org.apache.ratis.server.leader.LogAppenderDaemon.run(LogAppenderDaemon.java:78)
	at java.base/java.lang.Thread.run(Thread.java:829)
2023-02-21 22:21:12,516 [s0@group-7AE7625EDE06->s1-LogAppenderDefault-LogAppenderDaemon] WARN  leader.LogAppender (LogAppenderDefault.java:sendAppendEntriesWithRetries(87)) - s0@group-7AE7625EDE06->s1-LogAppenderDefault: Failed to appendEntries (retry=1): {}
java.io.IOException: The peer s1 is not alive.
	at org.apache.ratis.server.simulation.SimulatedRequestReply.sendRequest(SimulatedRequestReply.java:117)
	at org.apache.ratis.server.simulation.SimulatedServerRpc.appendEntries(SimulatedServerRpc.java:115)
	at org.apache.ratis.server.leader.LogAppenderDefault.sendAppendEntriesWithRetries(LogAppenderDefault.java:77)
	at org.apache.ratis.server.leader.LogAppenderDefault.run(LogAppenderDefault.java:153)
	at org.apache.ratis.server.leader.LogAppenderDaemon.run(LogAppenderDaemon.java:78)
	at java.base/java.lang.Thread.run(Thread.java:829)
2023-02-21 22:21:12,554 [s0@group-7AE7625EDE06->s1-LogAppenderDefault-LogAppenderDaemon] WARN  leader.LogAppender (LogAppenderDefault.java:sendAppendEntriesWithRetries(87)) - s0@group-7AE7625EDE06->s1-LogAppenderDefault: Failed to appendEntries (retry=1): {}
java.io.IOException: The peer s1 is not alive.
	at org.apache.ratis.server.simulation.SimulatedRequestReply.sendRequest(SimulatedRequestReply.java:117)
	at org.apache.ratis.server.simulation.SimulatedServerRpc.appendEntries(SimulatedServerRpc.java:115)
	at org.apache.ratis.server.leader.LogAppenderDefault.sendAppendEntriesWithRetries(LogAppenderDefault.java:77)
	at org.apache.ratis.server.leader.LogAppenderDefault.run(LogAppenderDefault.java:153)
	at org.apache.ratis.server.leader.LogAppenderDaemon.run(LogAppenderDaemon.java:78)
	at java.base/java.lang.Thread.run(Thread.java:829)
2023-02-21 22:21:12,592 [s0@group-7AE7625EDE06->s1-LogAppenderDefault-LogAppenderDaemon] WARN  leader.LogAppender (LogAppenderDefault.java:sendAppendEntriesWithRetries(87)) - s0@group-7AE7625EDE06->s1-LogAppenderDefault: Failed to appendEntries (retry=1): {}
java.io.IOException: The peer s1 is not alive.
	at org.apache.ratis.server.simulation.SimulatedRequestReply.sendRequest(SimulatedRequestReply.java:117)
	at org.apache.ratis.server.simulation.SimulatedServerRpc.appendEntries(SimulatedServerRpc.java:115)
	at org.apache.ratis.server.leader.LogAppenderDefault.sendAppendEntriesWithRetries(LogAppenderDefault.java:77)
	at org.apache.ratis.server.leader.LogAppenderDefault.run(LogAppenderDefault.java:153)
	at org.apache.ratis.server.leader.LogAppenderDaemon.run(LogAppenderDaemon.java:78)
	at java.base/java.lang.Thread.run(Thread.java:829)
2023-02-21 22:21:12,596 [s1-impl-thread1] INFO  segmented.SegmentedRaftLogWorker (SegmentedRaftLogWorker.java:close(242)) - s1@group-7AE7625EDE06-SegmentedRaftLogWorker close()
2023-02-21 22:21:12,597 [JvmPauseMonitor38] INFO  util.JvmPauseMonitor (JvmPauseMonitor.java:run(111)) - JvmPauseMonitor-s1: Stopped
2023-02-21 22:21:12,597 [Time-limited test] INFO  impl.MiniRaftCluster (MiniRaftCluster.java:newRaftServer(382)) - newRaftServer: s1, group-7AE7625EDE06:[s0|rpc:localhost:43927|admin:localhost:45157|client:localhost:40723|dataStream:localhost:44609|priority:0|startupRole:FOLLOWER, s1|rpc:localhost:42677|admin:localhost:44953|client:localhost:33023|dataStream:localhost:35837|priority:0|startupRole:FOLLOWER, s2|rpc:localhost:34337|admin:localhost:38237|client:localhost:44865|dataStream:localhost:42363|priority:0|startupRole:FOLLOWER], format? false
2023-02-21 22:21:12,597 [Time-limited test] INFO  server.RaftServer (ConfUtils.java:logGet(46)) - raft.rpc.type = org.apache.ratis.server.simulation.SimulatedRpc (custom)
2023-02-21 22:21:12,597 [Time-limited test] INFO  impl.DataStreamServerImpl (ConfUtils.java:logGet(46)) - raft.datastream.type = DISABLED (default)
2023-02-21 22:21:12,597 [Time-limited test] INFO  server.RaftServerConfigKeys (ConfUtils.java:logGet(46)) - raft.server.threadpool.proxy.cached = true (default)
2023-02-21 22:21:12,597 [Time-limited test] INFO  server.RaftServerConfigKeys (ConfUtils.java:logGet(46)) - raft.server.threadpool.proxy.size = 0 (default)
2023-02-21 22:21:12,597 [Time-limited test] INFO  server.RaftServerConfigKeys (ConfUtils.java:logGet(46)) - raft.server.rpc.slowness.timeout = 60s (default)
2023-02-21 22:21:12,597 [Time-limited test] INFO  server.RaftServerConfigKeys (ConfUtils.java:logGet(46)) - raft.server.leaderelection.leader.step-down.wait-time = 10s (default)
2023-02-21 22:21:12,598 [Time-limited test] INFO  server.RaftServerConfigKeys (ConfUtils.java:logGet(46)) - raft.server.storage.dir = [/home/runner/work/ratis/ratis/ratis-test/target/test/data/dc3d3723/MiniRaftClusterWithSimulatedRpcb1db0ebe/s1] (custom)
2023-02-21 22:21:12,598 [s1-impl-thread1] INFO  server.RaftServer (RaftServerProxy.java:initGroupDir(255)) - s1: found a subdirectory /home/runner/work/ratis/ratis/ratis-test/target/test/data/dc3d3723/MiniRaftClusterWithSimulatedRpcb1db0ebe/s1/09fb769f-6c90-4502-87aa-7ae7625ede06
2023-02-21 22:21:12,598 [Time-limited test] INFO  server.RaftServer (RaftServerProxy.java:addNew(99)) - s1: addNew group-7AE7625EDE06:[s0|rpc:localhost:43927|admin:localhost:45157|client:localhost:40723|dataStream:localhost:44609|priority:0|startupRole:FOLLOWER, s1|rpc:localhost:42677|admin:localhost:44953|client:localhost:33023|dataStream:localhost:35837|priority:0|startupRole:FOLLOWER, s2|rpc:localhost:34337|admin:localhost:38237|client:localhost:44865|dataStream:localhost:42363|priority:0|startupRole:FOLLOWER] returns group-7AE7625EDE06:java.util.concurrent.CompletableFuture@b5ac241[Not completed]
2023-02-21 22:21:12,598 [s1-groupManagement] INFO  server.RaftServerConfigKeys (ConfUtils.java:logGet(46)) - raft.server.log.segment.size.max = 8MB (=8388608) (default)
2023-02-21 22:21:12,598 [s1-groupManagement] INFO  server.RaftServerConfigKeys (ConfUtils.java:logGet(46)) - raft.server.log.preallocated.size = 4MB (=4194304) (default)
2023-02-21 22:21:12,598 [s1-groupManagement] INFO  server.RaftServerConfigKeys (ConfUtils.java:logGet(46)) - raft.server.log.write.buffer.size = 64KB (=65536) (default)
2023-02-21 22:21:12,598 [s1-groupManagement] INFO  server.RaftServer$Division (RaftServerImpl.java:<init>(198)) - s1: new RaftServerImpl for group-7AE7625EDE06:[s0|rpc:localhost:43927|admin:localhost:45157|client:localhost:40723|dataStream:localhost:44609|priority:0|startupRole:FOLLOWER, s1|rpc:localhost:42677|admin:localhost:44953|client:localhost:33023|dataStream:localhost:35837|priority:0|startupRole:FOLLOWER, s2|rpc:localhost:34337|admin:localhost:38237|client:localhost:44865|dataStream:localhost:42363|priority:0|startupRole:FOLLOWER] with SimpleStateMachine4Testing:uninitialized
2023-02-21 22:21:12,598 [s1-groupManagement] INFO  server.RaftServerConfigKeys (ConfUtils.java:logGet(46)) - raft.server.rpc.timeout.min = 150ms (default)
2023-02-21 22:21:12,598 [s1-groupManagement] INFO  server.RaftServerConfigKeys (ConfUtils.java:logGet(46)) - raft.server.rpc.timeout.max = 300ms (default)
2023-02-21 22:21:12,598 [s1-groupManagement] INFO  server.RaftServerConfigKeys (ConfUtils.java:logGet(46)) - raft.server.rpc.sleep.time = 25ms (default)
2023-02-21 22:21:12,598 [s1-groupManagement] INFO  server.RaftServerConfigKeys (ConfUtils.java:logGet(46)) - raft.server.rpc.slowness.timeout = 60s (default)
2023-02-21 22:21:12,598 [s1-groupManagement] INFO  server.RaftServerConfigKeys (ConfUtils.java:logGet(46)) - raft.server.leaderelection.leader.step-down.wait-time = 10s (default)
2023-02-21 22:21:12,598 [s1-groupManagement] INFO  server.RaftServerConfigKeys (ConfUtils.java:logGet(46)) - raft.server.sleep.deviation.threshold = 300ms (default)
2023-02-21 22:21:12,599 [s1-groupManagement] INFO  server.RaftServer$Division (ServerState.java:<init>(113)) - s1@group-7AE7625EDE06: ConfigurationManager, init=-1: peers:[s0|rpc:localhost:43927|admin:localhost:45157|client:localhost:40723|dataStream:localhost:44609|priority:0|startupRole:FOLLOWER, s1|rpc:localhost:42677|admin:localhost:44953|client:localhost:33023|dataStream:localhost:35837|priority:0|startupRole:FOLLOWER, s2|rpc:localhost:34337|admin:localhost:38237|client:localhost:44865|dataStream:localhost:42363|priority:0|startupRole:FOLLOWER]|listeners:[], old=null, confs=<EMPTY_MAP>
2023-02-21 22:21:12,599 [s1-groupManagement] INFO  server.RaftServerConfigKeys (ConfUtils.java:logGet(46)) - raft.server.notification.no-leader.timeout = 60s (default)
2023-02-21 22:21:12,599 [s1-groupManagement] INFO  server.RaftServerConfigKeys (ConfUtils.java:logGet(46)) - raft.server.read.timeout = 10s (default)
2023-02-21 22:21:12,599 [s1-groupManagement] INFO  server.RaftServerConfigKeys (ConfUtils.java:logGet(46)) - raft.server.retrycache.expirytime = 60s (default)
2023-02-21 22:21:12,599 [s1-groupManagement] INFO  server.RaftServerConfigKeys (ConfUtils.java:logGet(46)) - raft.server.retrycache.statistics.expirytime = 100μs (default)
2023-02-21 22:21:12,599 [s1-groupManagement] INFO  server.RaftServerConfigKeys (ConfUtils.java:logGet(46)) - raft.server.read.option = DEFAULT (default)
2023-02-21 22:21:12,600 [s1-groupManagement] INFO  server.RaftServerConfigKeys (ConfUtils.java:logGet(46)) - raft.server.log.appender.install.snapshot.enabled = true (default)
2023-02-21 22:21:12,600 [s1-groupManagement] INFO  server.RaftServerConfigKeys (ConfUtils.java:logGet(46)) - raft.server.threadpool.server.cached = true (default)
2023-02-21 22:21:12,600 [s1-groupManagement] INFO  server.RaftServerConfigKeys (ConfUtils.java:logGet(46)) - raft.server.threadpool.server.size = 0 (default)
2023-02-21 22:21:12,600 [s1-groupManagement] INFO  server.RaftServerConfigKeys (ConfUtils.java:logGet(46)) - raft.server.threadpool.client.cached = true (default)
2023-02-21 22:21:12,600 [s1-groupManagement] INFO  server.RaftServerConfigKeys (ConfUtils.java:logGet(46)) - raft.server.threadpool.client.size = 0 (default)
2023-02-21 22:21:12,600 [s1-impl-thread1] INFO  server.RaftServerConfigKeys (ConfUtils.java:logGet(46)) - raft.server.storage.free-space.min = 0MB (=0) (default)
2023-02-21 22:21:12,600 [s1-impl-thread1] INFO  server.RaftServerConfigKeys (ConfUtils.java:logGet(46)) - raft.server.log.corruption.policy = EXCEPTION (default)
2023-02-21 22:21:12,600 [s1-impl-thread1] INFO  server.RaftServerConfigKeys (ConfUtils.java:logGet(46)) - raft.server.storage.dir = [/home/runner/work/ratis/ratis/ratis-test/target/test/data/dc3d3723/MiniRaftClusterWithSimulatedRpcb1db0ebe/s1] (custom)
2023-02-21 22:21:12,602 [s1-impl-thread1] INFO  storage.RaftStorageDirectory (RaftStorageDirectoryImpl.java:tryLock(232)) - Lock on /home/runner/work/ratis/ratis/ratis-test/target/test/data/dc3d3723/MiniRaftClusterWithSimulatedRpcb1db0ebe/s1/09fb769f-6c90-4502-87aa-7ae7625ede06/in_use.lock acquired by nodename 5808@fv-az108-113
2023-02-21 22:21:12,603 [s1-impl-thread1] INFO  storage.RaftStorage (RaftStorageImpl.java:analyzeAndRecoverStorage(117)) - Read RaftStorageMetadata{term=1, votedFor=s0} from /home/runner/work/ratis/ratis/ratis-test/target/test/data/dc3d3723/MiniRaftClusterWithSimulatedRpcb1db0ebe/s1/09fb769f-6c90-4502-87aa-7ae7625ede06/current/raft-meta
2023-02-21 22:21:12,603 [s1-impl-thread1] INFO  server.RaftServer$Division (ServerState.java:setRaftConf(378)) - s1@group-7AE7625EDE06: set configuration 0: peers:[s0|rpc:localhost:43927|admin:localhost:45157|client:localhost:40723|dataStream:localhost:44609|priority:0|startupRole:FOLLOWER, s1|rpc:localhost:42677|admin:localhost:44953|client:localhost:33023|dataStream:localhost:35837|priority:0|startupRole:FOLLOWER, s2|rpc:localhost:34337|admin:localhost:38237|client:localhost:44865|dataStream:localhost:42363|priority:0|startupRole:FOLLOWER]|listeners:[], old=null
2023-02-21 22:21:12,603 [s1-impl-thread1] INFO  impl.SimpleStateMachine4Testing (SimpleStateMachine4Testing.java:initialize(213)) - Initializing SimpleStateMachine4Testing:uninitialized
2023-02-21 22:21:12,604 [s1-impl-thread1] INFO  impl.SimpleStateMachine4Testing (SimpleStateMachine4Testing.java:loadSnapshot(293)) - Loading snapshot null
2023-02-21 22:21:12,604 [s1-impl-thread1] INFO  server.RaftServerConfigKeys (ConfUtils.java:logGet(46)) - raft.server.log.use.memory = false (default)
2023-02-21 22:21:12,604 [s1-impl-thread1] INFO  server.RaftServerConfigKeys (ConfUtils.java:logGet(46)) - raft.server.log.purge.gap = 1024 (default)
2023-02-21 22:21:12,604 [s1-impl-thread1] INFO  server.RaftServerConfigKeys (ConfUtils.java:logGet(46)) - raft.server.log.appender.buffer.byte-limit = 4MB (=4194304) (default)
2023-02-21 22:21:12,604 [s1-impl-thread1] INFO  server.RaftServerConfigKeys (ConfUtils.java:logGet(46)) - raft.server.log.statemachine.data.read.timeout = 1000ms (default)
2023-02-21 22:21:12,604 [s1-impl-thread1] INFO  server.RaftServerConfigKeys (ConfUtils.java:logGet(46)) - raft.server.log.purge.preservation.log.num = 0 (default)
2023-02-21 22:21:12,604 [s1-impl-thread1] INFO  server.RaftServerConfigKeys (ConfUtils.java:logGet(46)) - raft.server.log.segment.size.max = 8KB (=8192) (custom)
2023-02-21 22:21:12,604 [s1-impl-thread1] INFO  server.RaftServerConfigKeys (ConfUtils.java:logGet(46)) - raft.server.log.segment.cache.num.max = 6 (default)
2023-02-21 22:21:12,604 [s1-impl-thread1] INFO  server.RaftServerConfigKeys (ConfUtils.java:logGet(46)) - raft.server.log.segment.cache.size.max = 200MB (=209715200) (default)
2023-02-21 22:21:12,604 [s1-impl-thread1] INFO  server.RaftServerConfigKeys (ConfUtils.java:logGet(46)) - raft.server.log.appender.buffer.byte-limit = 4MB (=4194304) (default)
2023-02-21 22:21:12,604 [s1-impl-thread1] INFO  segmented.SegmentedRaftLogWorker (SegmentedRaftLogWorker.java:<init>(183)) - new s1@group-7AE7625EDE06-SegmentedRaftLogWorker for RaftStorageImpl:Storage Directory /home/runner/work/ratis/ratis/ratis-test/target/test/data/dc3d3723/MiniRaftClusterWithSimulatedRpcb1db0ebe/s1/09fb769f-6c90-4502-87aa-7ae7625ede06
2023-02-21 22:21:12,604 [s1-impl-thread1] INFO  server.RaftServerConfigKeys (ConfUtils.java:logGet(46)) - raft.server.log.queue.byte-limit = 64MB (=67108864) (default)
2023-02-21 22:21:12,604 [s1-impl-thread1] INFO  server.RaftServerConfigKeys (ConfUtils.java:logGet(46)) - raft.server.log.queue.element-limit = 4096 (default)
2023-02-21 22:21:12,604 [s1-impl-thread1] INFO  server.RaftServerConfigKeys (ConfUtils.java:logGet(46)) - raft.server.log.segment.size.max = 8KB (=8192) (custom)
2023-02-21 22:21:12,604 [s1-impl-thread1] INFO  server.RaftServerConfigKeys (ConfUtils.java:logGet(46)) - raft.server.log.preallocated.size = 4MB (=4194304) (default)
2023-02-21 22:21:12,604 [s1-impl-thread1] INFO  server.RaftServerConfigKeys (ConfUtils.java:logGet(46)) - raft.server.log.force.sync.num = 128 (default)
2023-02-21 22:21:12,604 [s1-impl-thread1] INFO  server.RaftServerConfigKeys (ConfUtils.java:logGet(46)) - raft.server.log.statemachine.data.sync = true (default)
2023-02-21 22:21:12,604 [s1-impl-thread1] INFO  server.RaftServerConfigKeys (ConfUtils.java:logGet(46)) - raft.server.log.statemachine.data.sync.timeout = 10s (default)
2023-02-21 22:21:12,604 [s1-impl-thread1] INFO  server.RaftServerConfigKeys (ConfUtils.java:logGet(46)) - raft.server.log.statemachine.data.sync.timeout.retry = -1 (default)
2023-02-21 22:21:12,605 [s1-impl-thread1] INFO  server.RaftServerConfigKeys (ConfUtils.java:logGet(46)) - raft.server.log.write.buffer.size = 64KB (=65536) (default)
2023-02-21 22:21:12,605 [s1-impl-thread1] INFO  server.RaftServerConfigKeys (ConfUtils.java:logGet(46)) - raft.server.log.appender.buffer.byte-limit = 4MB (=4194304) (default)
2023-02-21 22:21:12,615 [s1-impl-thread1] INFO  server.RaftServerConfigKeys (ConfUtils.java:logGet(46)) - raft.server.log.unsafe-flush.enabled = false (default)
2023-02-21 22:21:12,615 [s1-impl-thread1] INFO  server.RaftServerConfigKeys (ConfUtils.java:logGet(46)) - raft.server.log.async-flush.enabled = false (default)
2023-02-21 22:21:12,615 [s1-impl-thread1] INFO  server.RaftServerConfigKeys (ConfUtils.java:logGet(46)) - raft.server.log.statemachine.data.caching.enabled = false (default)
2023-02-21 22:21:12,615 [s1-impl-thread1] INFO  server.RaftServer$Division (ServerState.java:setRaftConf(378)) - s1@group-7AE7625EDE06: set configuration 0: peers:[s0|rpc:localhost:43927|admin:localhost:45157|client:localhost:40723|dataStream:localhost:44609|priority:0|startupRole:FOLLOWER, s1|rpc:localhost:42677|admin:localhost:44953|client:localhost:33023|dataStream:localhost:35837|priority:0|startupRole:FOLLOWER, s2|rpc:localhost:34337|admin:localhost:38237|client:localhost:44865|dataStream:localhost:42363|priority:0|startupRole:FOLLOWER]|listeners:[], old=null
2023-02-21 22:21:12,626 [s1-impl-thread1] INFO  segmented.LogSegment (LogSegment.java:loadSegment(170)) - Successfully read 41 entries from segment file /home/runner/work/ratis/ratis/ratis-test/target/test/data/dc3d3723/MiniRaftClusterWithSimulatedRpcb1db0ebe/s1/09fb769f-6c90-4502-87aa-7ae7625ede06/current/log_inprogress_0
2023-02-21 22:21:12,627 [s1-impl-thread1] INFO  segmented.SegmentedRaftLogWorker (SegmentedRaftLogWorker.java:lambda$new$0(134)) - s1@group-7AE7625EDE06-SegmentedRaftLogWorker: flushIndex: setUnconditionally 0 -> 40
2023-02-21 22:21:12,627 [s1-impl-thread1] INFO  segmented.SegmentedRaftLogWorker (SegmentedRaftLogWorker.java:lambda$new$0(134)) - s1@group-7AE7625EDE06-SegmentedRaftLogWorker: safeCacheEvictIndex: setUnconditionally 0 -> -1
2023-02-21 22:21:12,631 [s1-impl-thread1] INFO  raftlog.RaftLog (RaftLogBase.java:lambda$new$0(53)) - s1@group-7AE7625EDE06-SegmentedRaftLog: commitIndex: updateToMax old=-1, new=39, updated? true
2023-02-21 22:21:12,632 [s1-impl-thread1] INFO  server.RaftServer$Division (RaftServerImpl.java:start(342)) - s1@group-7AE7625EDE06: start as a follower, conf=0: peers:[s0|rpc:localhost:43927|admin:localhost:45157|client:localhost:40723|dataStream:localhost:44609|priority:0|startupRole:FOLLOWER, s1|rpc:localhost:42677|admin:localhost:44953|client:localhost:33023|dataStream:localhost:35837|priority:0|startupRole:FOLLOWER, s2|rpc:localhost:34337|admin:localhost:38237|client:localhost:44865|dataStream:localhost:42363|priority:0|startupRole:FOLLOWER]|listeners:[], old=null
2023-02-21 22:21:12,632 [s1-impl-thread1] INFO  server.RaftServer$Division (RaftServerImpl.java:setRole(329)) - s1@group-7AE7625EDE06: changes role from      null to FOLLOWER at term 1 for startAsFollower
2023-02-21 22:21:12,632 [s1-impl-thread1] INFO  impl.RoleInfo (RoleInfo.java:updateAndGet(139)) - s1: start s1@group-7AE7625EDE06-FollowerState
2023-02-21 22:21:12,635 [s1-impl-thread1] INFO  util.JmxRegister (JmxRegister.java:tryRegister(44)) - Successfully registered JMX Bean with object name Ratis:service=RaftServer,group=group-7AE7625EDE06,id=s1
2023-02-21 22:21:12,635 [s1@group-7AE7625EDE06-FollowerState] INFO  server.RaftServerConfigKeys (ConfUtils.java:logFallback(53)) - raft.server.rpc.first-election.timeout.min = 150ms (fallback to raft.server.rpc.timeout.min)
2023-02-21 22:21:12,635 [s1-impl-thread1] INFO  server.RaftServerConfigKeys (ConfUtils.java:logGet(46)) - raft.server.snapshot.auto.trigger.enabled = false (default)
2023-02-21 22:21:12,635 [s1@group-7AE7625EDE06-FollowerState] INFO  server.RaftServerConfigKeys (ConfUtils.java:logFallback(53)) - raft.server.rpc.first-election.timeout.max = 300ms (fallback to raft.server.rpc.timeout.max)
2023-02-21 22:21:12,635 [s1-impl-thread1] INFO  server.RaftServerConfigKeys (ConfUtils.java:logGet(46)) - raft.server.snapshot.retention.file.num = -1 (default)
2023-02-21 22:21:12,635 [s1-impl-thread1] INFO  server.RaftServerConfigKeys (ConfUtils.java:logGet(46)) - raft.server.log.purge.upto.snapshot.index = false (default)
2023-02-21 22:21:12,636 [Time-limited test] INFO  server.RaftServer (RaftServerProxy.java:startImpl(397)) - s1: start RPC server
2023-02-21 22:21:12,636 [HandlerDaemon-0] INFO  server.RaftServer$Division (ServerState.java:setLeader(260)) - s1@group-7AE7625EDE06: change Leader from null to s0 at term 1 for appendEntries, leader elected after 37ms
2023-02-21 22:21:12,637 [s1@group-7AE7625EDE06-StateMachineUpdater] INFO  impl.SimpleStateMachine4Testing (SimpleStateMachine4Testing.java:put(205)) - s1: put 1, m0 -> (t:1, i:1), STATEMACHINELOGENTRY, 258@client-C9E13236D1A4
2023-02-21 22:21:12,637 [s1@group-7AE7625EDE06-StateMachineUpdater] INFO  impl.SimpleStateMachine4Testing (SimpleStateMachine4Testing.java:put(205)) - s1: put 3, m1 -> (t:1, i:3), STATEMACHINELOGENTRY, 262@client-C9E13236D1A4
2023-02-21 22:21:12,637 [s1@group-7AE7625EDE06-StateMachineUpdater] INFO  impl.SimpleStateMachine4Testing (SimpleStateMachine4Testing.java:put(205)) - s1: put 5, m2 -> (t:1, i:5), STATEMACHINELOGENTRY, 268@client-C9E13236D1A4
2023-02-21 22:21:12,637 [s1@group-7AE7625EDE06-StateMachineUpdater] INFO  impl.SimpleStateMachine4Testing (SimpleStateMachine4Testing.java:put(205)) - s1: put 7, m3 -> (t:1, i:7), STATEMACHINELOGENTRY, 273@client-C9E13236D1A4
2023-02-21 22:21:12,638 [s1@group-7AE7625EDE06-StateMachineUpdater] INFO  impl.SimpleStateMachine4Testing (SimpleStateMachine4Testing.java:put(205)) - s1: put 9, m4 -> (t:1, i:9), STATEMACHINELOGENTRY, 276@client-C9E13236D1A4
2023-02-21 22:21:12,638 [s1@group-7AE7625EDE06-StateMachineUpdater] INFO  impl.SimpleStateMachine4Testing (SimpleStateMachine4Testing.java:put(205)) - s1: put 11, m5 -> (t:1, i:11), STATEMACHINELOGENTRY, 279@client-C9E13236D1A4
2023-02-21 22:21:12,638 [s1@group-7AE7625EDE06-StateMachineUpdater] INFO  impl.SimpleStateMachine4Testing (SimpleStateMachine4Testing.java:put(205)) - s1: put 13, m6 -> (t:1, i:13), STATEMACHINELOGENTRY, 285@client-C9E13236D1A4
2023-02-21 22:21:12,638 [s1@group-7AE7625EDE06-StateMachineUpdater] INFO  impl.SimpleStateMachine4Testing (SimpleStateMachine4Testing.java:put(205)) - s1: put 15, m7 -> (t:1, i:15), STATEMACHINELOGENTRY, 288@client-C9E13236D1A4
2023-02-21 22:21:12,638 [s1@group-7AE7625EDE06-StateMachineUpdater] INFO  impl.SimpleStateMachine4Testing (SimpleStateMachine4Testing.java:put(205)) - s1: put 17, m8 -> (t:1, i:17), STATEMACHINELOGENTRY, 291@client-C9E13236D1A4
2023-02-21 22:21:12,638 [s1@group-7AE7625EDE06-StateMachineUpdater] INFO  impl.SimpleStateMachine4Testing (SimpleStateMachine4Testing.java:put(205)) - s1: put 19, m9 -> (t:1, i:19), STATEMACHINELOGENTRY, 294@client-C9E13236D1A4
2023-02-21 22:21:12,639 [s1@group-7AE7625EDE06-StateMachineUpdater] INFO  impl.SimpleStateMachine4Testing (SimpleStateMachine4Testing.java:put(205)) - s1: put 21, m10 -> (t:1, i:21), STATEMACHINELOGENTRY, 401@client-407B3E7F6375
2023-02-21 22:21:12,639 [s1@group-7AE7625EDE06-StateMachineUpdater] INFO  impl.SimpleStateMachine4Testing (SimpleStateMachine4Testing.java:put(205)) - s1: put 23, m11 -> (t:1, i:23), STATEMACHINELOGENTRY, 406@client-407B3E7F6375
2023-02-21 22:21:12,639 [s1@group-7AE7625EDE06-StateMachineUpdater] INFO  impl.SimpleStateMachine4Testing (SimpleStateMachine4Testing.java:put(205)) - s1: put 25, m12 -> (t:1, i:25), STATEMACHINELOGENTRY, 409@client-407B3E7F6375
2023-02-21 22:21:12,639 [s1@group-7AE7625EDE06-StateMachineUpdater] INFO  impl.SimpleStateMachine4Testing (SimpleStateMachine4Testing.java:put(205)) - s1: put 27, m13 -> (t:1, i:27), STATEMACHINELOGENTRY, 413@client-407B3E7F6375
2023-02-21 22:21:12,642 [s1@group-7AE7625EDE06-StateMachineUpdater] INFO  impl.SimpleStateMachine4Testing (SimpleStateMachine4Testing.java:put(205)) - s1: put 29, m14 -> (t:1, i:29), STATEMACHINELOGENTRY, 415@client-407B3E7F6375
2023-02-21 22:21:12,642 [s1@group-7AE7625EDE06-StateMachineUpdater] INFO  impl.SimpleStateMachine4Testing (SimpleStateMachine4Testing.java:put(205)) - s1: put 31, m15 -> (t:1, i:31), STATEMACHINELOGENTRY, 420@client-407B3E7F6375
2023-02-21 22:21:12,642 [s1@group-7AE7625EDE06-StateMachineUpdater] INFO  impl.SimpleStateMachine4Testing (SimpleStateMachine4Testing.java:put(205)) - s1: put 33, m16 -> (t:1, i:33), STATEMACHINELOGENTRY, 423@client-407B3E7F6375
2023-02-21 22:21:12,642 [s1@group-7AE7625EDE06-StateMachineUpdater] INFO  impl.SimpleStateMachine4Testing (SimpleStateMachine4Testing.java:put(205)) - s1: put 35, m17 -> (t:1, i:35), STATEMACHINELOGENTRY, 426@client-407B3E7F6375
2023-02-21 22:21:12,642 [s1@group-7AE7625EDE06-StateMachineUpdater] INFO  impl.SimpleStateMachine4Testing (SimpleStateMachine4Testing.java:put(205)) - s1: put 37, m18 -> (t:1, i:37), STATEMACHINELOGENTRY, 428@client-407B3E7F6375
2023-02-21 22:21:12,642 [s1@group-7AE7625EDE06-StateMachineUpdater] INFO  impl.SimpleStateMachine4Testing (SimpleStateMachine4Testing.java:put(205)) - s1: put 39, m19 -> (t:1, i:39), STATEMACHINELOGENTRY, 431@client-407B3E7F6375
2023-02-21 22:21:12,643 [Time-limited test] INFO  server.RaftServer (RaftServerProxy.java:lambda$close$7(413)) - s0: close
2023-02-21 22:21:12,643 [s0-impl-thread1] INFO  server.RaftServer$Division (RaftServerImpl.java:lambda$close$4(466)) - s0@group-7AE7625EDE06: shutdown
2023-02-21 22:21:12,643 [HandlerDaemon-2] INFO  simulation.RequestHandler (RequestHandler.java:run(127)) - s0.clientHandler2 is interrupted by java.io.InterruptedIOException: 
2023-02-21 22:21:12,643 [s0-impl-thread1] INFO  util.JmxRegister (JmxRegister.java:unregister(73)) - Successfully un-registered JMX Bean with object name Ratis:service=RaftServer,group=group-7AE7625EDE06,id=s0
2023-02-21 22:21:12,643 [s0-impl-thread1] INFO  impl.RoleInfo (RoleInfo.java:shutdownLeaderState(93)) - s0: shutdown s0@group-7AE7625EDE06-LeaderStateImpl
2023-02-21 22:21:12,643 [s0-impl-thread1] INFO  impl.PendingRequests (PendingRequests.java:sendNotLeaderResponses(282)) - s0@group-7AE7625EDE06-PendingRequests: sendNotLeaderResponses
2023-02-21 22:21:12,643 [s0@group-7AE7625EDE06->s2-LogAppenderDefault-LogAppenderDaemon] INFO  leader.LogAppenderDaemon (LogAppenderDaemon.java:run(83)) - s0@group-7AE7625EDE06->s2-LogAppenderDefault-LogAppenderDaemon was interrupted: java.lang.InterruptedException
2023-02-21 22:21:12,643 [HandlerDaemon-1] INFO  simulation.RequestHandler (RequestHandler.java:run(127)) - s0.clientHandler1 is interrupted by java.io.InterruptedIOException: 
2023-02-21 22:21:12,643 [HandlerDaemon-0] INFO  simulation.RequestHandler (RequestHandler.java:run(127)) - s0.clientHandler0 is interrupted by java.io.InterruptedIOException: 
2023-02-21 22:21:12,644 [s0@group-7AE7625EDE06->s1-LogAppenderDefault-LogAppenderDaemon] INFO  leader.LogAppenderDaemon (LogAppenderDaemon.java:run(83)) - s0@group-7AE7625EDE06->s1-LogAppenderDefault-LogAppenderDaemon was interrupted: java.lang.InterruptedException
2023-02-21 22:21:12,643 [JvmPauseMonitor39] INFO  util.JvmPauseMonitor (JvmPauseMonitor.java:run(105)) - JvmPauseMonitor-s1: Started
2023-02-21 22:21:12,644 [HandlerDaemon-1] INFO  simulation.RequestHandler (RequestHandler.java:run(127)) - s0.serverHandler1 is interrupted by java.io.InterruptedIOException: 
2023-02-21 22:21:12,644 [HandlerDaemon-2] INFO  simulation.RequestHandler (RequestHandler.java:run(127)) - s0.serverHandler2 is interrupted by java.io.InterruptedIOException: 
2023-02-21 22:21:12,644 [HandlerDaemon-0] INFO  simulation.RequestHandler (RequestHandler.java:run(127)) - s0.serverHandler0 is interrupted by java.io.InterruptedIOException: 
2023-02-21 22:21:12,645 [s0-impl-thread1] INFO  impl.StateMachineUpdater (StateMachineUpdater.java:stopAndJoin(154)) - s0@group-7AE7625EDE06-StateMachineUpdater: set stopIndex = 40
2023-02-21 22:21:12,645 [s0-impl-thread1] INFO  server.RaftServer$Division (ServerState.java:close(414)) - s0@group-7AE7625EDE06: applyIndex: 40
2023-02-21 22:21:13,111 [s1@group-7AE7625EDE06-FollowerState] INFO  impl.FollowerState (FollowerState.java:run(143)) - s1@group-7AE7625EDE06-FollowerState: change to CANDIDATE, lastRpcElapsedTime:468882914ns, electionTimeout:290ms
2023-02-21 22:21:13,112 [s1@group-7AE7625EDE06-FollowerState] INFO  impl.RoleInfo (RoleInfo.java:shutdownFollowerState(110)) - s1: shutdown s1@group-7AE7625EDE06-FollowerState
2023-02-21 22:21:13,112 [s1@group-7AE7625EDE06-FollowerState] INFO  server.RaftServer$Division (RaftServerImpl.java:setRole(329)) - s1@group-7AE7625EDE06: changes role from  FOLLOWER to CANDIDATE at term 1 for changeToCandidate
2023-02-21 22:21:13,112 [s1@group-7AE7625EDE06-FollowerState] INFO  server.RaftServerConfigKeys (ConfUtils.java:logGet(46)) - raft.server.leaderelection.pre-vote = true (default)
2023-02-21 22:21:13,112 [s1@group-7AE7625EDE06-FollowerState] INFO  impl.RoleInfo (RoleInfo.java:updateAndGet(139)) - s1: start s1@group-7AE7625EDE06-LeaderElection8
2023-02-21 22:21:13,112 [s1@group-7AE7625EDE06-LeaderElection8] INFO  server.RaftServer$Division (ServerState.java:setLeader(260)) - s1@group-7AE7625EDE06: change Leader from s0 to null at term 1 for PRE_VOTE
2023-02-21 22:21:13,112 [s1@group-7AE7625EDE06-LeaderElection8] INFO  impl.LeaderElection (LeaderElection.java:askForVotes(309)) - s1@group-7AE7625EDE06-LeaderElection8 PRE_VOTE round 0: submit vote requests at term 1 for 0: peers:[s0|rpc:localhost:43927|admin:localhost:45157|client:localhost:40723|dataStream:localhost:44609|priority:0|startupRole:FOLLOWER, s1|rpc:localhost:42677|admin:localhost:44953|client:localhost:33023|dataStream:localhost:35837|priority:0|startupRole:FOLLOWER, s2|rpc:localhost:34337|admin:localhost:38237|client:localhost:44865|dataStream:localhost:42363|priority:0|startupRole:FOLLOWER]|listeners:[], old=null
2023-02-21 22:21:13,114 [s1@group-7AE7625EDE06-LeaderElection8] INFO  impl.LeaderElection (LogUtils.java:infoOrTrace(137)) - s1@group-7AE7625EDE06-LeaderElection8 got exception when requesting votes: java.util.concurrent.ExecutionException: java.io.IOException: The peer s0 is not alive.
2023-02-21 22:21:13,114 [HandlerDaemon-1] INFO  server.RaftServer$Division (RaftServerImpl.java:requestVote(1302)) - s2@group-7AE7625EDE06: receive requestVote(PRE_VOTE, s1, group-7AE7625EDE06, 1, (t:1, i:40))
2023-02-21 22:21:13,114 [HandlerDaemon-1] INFO  impl.VoteContext (VoteContext.java:log(49)) - s2@group-7AE7625EDE06-FOLLOWER: accept PRE_VOTE from s1: our priority 0 <= candidate's priority 0
2023-02-21 22:21:13,114 [HandlerDaemon-1] INFO  server.RaftServer$Division (RaftServerImpl.java:requestVote(1335)) - s2@group-7AE7625EDE06 replies to PRE_VOTE vote request: s1<-s2#0:OK-t1. Peer's state: s2@group-7AE7625EDE06:t1, leader=s0, voted=s0, raftlog=Memoized:s2@group-7AE7625EDE06-SegmentedRaftLog:OPENED:c40, conf=0: peers:[s0|rpc:localhost:43927|admin:localhost:45157|client:localhost:40723|dataStream:localhost:44609|priority:0|startupRole:FOLLOWER, s1|rpc:localhost:42677|admin:localhost:44953|client:localhost:33023|dataStream:localhost:35837|priority:0|startupRole:FOLLOWER, s2|rpc:localhost:34337|admin:localhost:38237|client:localhost:44865|dataStream:localhost:42363|priority:0|startupRole:FOLLOWER]|listeners:[], old=null
2023-02-21 22:21:13,118 [s1@group-7AE7625EDE06-LeaderElection8] INFO  impl.LeaderElection (LeaderElection.java:logAndReturn(89)) - s1@group-7AE7625EDE06-LeaderElection8: PRE_VOTE PASSED received 1 response(s) and 1 exception(s):
2023-02-21 22:21:13,118 [s1@group-7AE7625EDE06-LeaderElection8] INFO  impl.LeaderElection (LeaderElection.java:logAndReturn(93)) -   Response 0: s1<-s2#0:OK-t1
2023-02-21 22:21:13,118 [s1@group-7AE7625EDE06-LeaderElection8] INFO  impl.LeaderElection (LogUtils.java:infoOrTrace(137)) -   Exception 1: java.util.concurrent.ExecutionException: java.io.IOException: The peer s0 is not alive.
2023-02-21 22:21:13,118 [s1@group-7AE7625EDE06-LeaderElection8] INFO  impl.LeaderElection (LeaderElection.java:askForVotes(311)) - s1@group-7AE7625EDE06-LeaderElection8 PRE_VOTE round 0: result PASSED
2023-02-21 22:21:13,120 [s1@group-7AE7625EDE06-LeaderElection8] INFO  impl.LeaderElection (LeaderElection.java:askForVotes(309)) - s1@group-7AE7625EDE06-LeaderElection8 ELECTION round 0: submit vote requests at term 2 for 0: peers:[s0|rpc:localhost:43927|admin:localhost:45157|client:localhost:40723|dataStream:localhost:44609|priority:0|startupRole:FOLLOWER, s1|rpc:localhost:42677|admin:localhost:44953|client:localhost:33023|dataStream:localhost:35837|priority:0|startupRole:FOLLOWER, s2|rpc:localhost:34337|admin:localhost:38237|client:localhost:44865|dataStream:localhost:42363|priority:0|startupRole:FOLLOWER]|listeners:[], old=null
2023-02-21 22:21:13,121 [s1@group-7AE7625EDE06-LeaderElection8] INFO  impl.LeaderElection (LogUtils.java:infoOrTrace(137)) - s1@group-7AE7625EDE06-LeaderElection8 got exception when requesting votes: java.util.concurrent.ExecutionException: java.io.IOException: The peer s0 is not alive.
2023-02-21 22:21:13,121 [HandlerDaemon-2] INFO  server.RaftServer$Division (RaftServerImpl.java:requestVote(1302)) - s2@group-7AE7625EDE06: receive requestVote(ELECTION, s1, group-7AE7625EDE06, 2, (t:1, i:40))
2023-02-21 22:21:13,121 [HandlerDaemon-2] INFO  impl.VoteContext (VoteContext.java:log(49)) - s2@group-7AE7625EDE06-FOLLOWER: accept ELECTION from s1: our priority 0 <= candidate's priority 0
2023-02-21 22:21:13,121 [HandlerDaemon-2] INFO  server.RaftServer$Division (ServerState.java:setLeader(260)) - s2@group-7AE7625EDE06: change Leader from s0 to null at term 2 for updateCurrentTerm
2023-02-21 22:21:13,121 [HandlerDaemon-2] INFO  server.RaftServer$Division (RaftServerImpl.java:setRole(329)) - s2@group-7AE7625EDE06: changes role from  FOLLOWER to FOLLOWER at term 2 for candidate:s1
2023-02-21 22:21:13,121 [HandlerDaemon-2] INFO  impl.RoleInfo (RoleInfo.java:shutdownFollowerState(110)) - s2: shutdown s2@group-7AE7625EDE06-FollowerState
2023-02-21 22:21:13,121 [HandlerDaemon-2] INFO  impl.RoleInfo (RoleInfo.java:updateAndGet(139)) - s2: start s2@group-7AE7625EDE06-FollowerState
2023-02-21 22:21:13,121 [s2@group-7AE7625EDE06-FollowerState] INFO  impl.FollowerState (FollowerState.java:run(152)) - s2@group-7AE7625EDE06-FollowerState was interrupted
2023-02-21 22:21:13,123 [HandlerDaemon-2] INFO  server.RaftServer$Division (RaftServerImpl.java:requestVote(1335)) - s2@group-7AE7625EDE06 replies to ELECTION vote request: s1<-s2#0:OK-t2. Peer's state: s2@group-7AE7625EDE06:t2, leader=null, voted=s1, raftlog=Memoized:s2@group-7AE7625EDE06-SegmentedRaftLog:OPENED:c40, conf=0: peers:[s0|rpc:localhost:43927|admin:localhost:45157|client:localhost:40723|dataStream:localhost:44609|priority:0|startupRole:FOLLOWER, s1|rpc:localhost:42677|admin:localhost:44953|client:localhost:33023|dataStream:localhost:35837|priority:0|startupRole:FOLLOWER, s2|rpc:localhost:34337|admin:localhost:38237|client:localhost:44865|dataStream:localhost:42363|priority:0|startupRole:FOLLOWER]|listeners:[], old=null
2023-02-21 22:21:13,123 [s1@group-7AE7625EDE06-LeaderElection8] INFO  impl.LeaderElection (LeaderElection.java:logAndReturn(89)) - s1@group-7AE7625EDE06-LeaderElection8: ELECTION PASSED received 1 response(s) and 1 exception(s):
2023-02-21 22:21:13,123 [s1@group-7AE7625EDE06-LeaderElection8] INFO  impl.LeaderElection (LeaderElection.java:logAndReturn(93)) -   Response 0: s1<-s2#0:OK-t2
2023-02-21 22:21:13,123 [s1@group-7AE7625EDE06-LeaderElection8] INFO  impl.LeaderElection (LogUtils.java:infoOrTrace(137)) -   Exception 1: java.util.concurrent.ExecutionException: java.io.IOException: The peer s0 is not alive.
2023-02-21 22:21:13,123 [s1@group-7AE7625EDE06-LeaderElection8] INFO  impl.LeaderElection (LeaderElection.java:askForVotes(311)) - s1@group-7AE7625EDE06-LeaderElection8 ELECTION round 0: result PASSED
2023-02-21 22:21:13,123 [s1@group-7AE7625EDE06-LeaderElection8] INFO  impl.RoleInfo (RoleInfo.java:shutdownLeaderElection(130)) - s1: shutdown s1@group-7AE7625EDE06-LeaderElection8
2023-02-21 22:21:13,123 [s1@group-7AE7625EDE06-LeaderElection8] INFO  server.RaftServer$Division (RaftServerImpl.java:setRole(329)) - s1@group-7AE7625EDE06: changes role from CANDIDATE to LEADER at term 2 for changeToLeader
2023-02-21 22:21:13,123 [s1@group-7AE7625EDE06-LeaderElection8] INFO  server.RaftServer$Division (ServerState.java:setLeader(260)) - s1@group-7AE7625EDE06: change Leader from null to s1 at term 2 for becomeLeader, leader elected after 11ms
2023-02-21 22:21:13,124 [s1@group-7AE7625EDE06-LeaderElection8] INFO  server.RaftServerConfigKeys (ConfUtils.java:logGet(46)) - raft.server.staging.catchup.gap = 1000 (default)
2023-02-21 22:21:13,124 [s1@group-7AE7625EDE06-LeaderElection8] INFO  server.RaftServerConfigKeys (ConfUtils.java:logGet(46)) - raft.server.write.element-limit = 4096 (default)
2023-02-21 22:21:13,124 [s1@group-7AE7625EDE06-LeaderElection8] INFO  server.RaftServerConfigKeys (ConfUtils.java:logGet(46)) - raft.server.write.byte-limit = 64MB (=67108864) (default)
2023-02-21 22:21:13,124 [s1@group-7AE7625EDE06-LeaderElection8] INFO  server.RaftServerConfigKeys (ConfUtils.java:logGet(46)) - raft.server.watch.timeout = 10s (default)
2023-02-21 22:21:13,124 [s1@group-7AE7625EDE06-LeaderElection8] INFO  server.RaftServerConfigKeys (ConfUtils.java:logGet(46)) - raft.server.watch.timeout.denomination = 1s (default)
2023-02-21 22:21:13,124 [s1@group-7AE7625EDE06-LeaderElection8] INFO  server.RaftServerConfigKeys (ConfUtils.java:logGet(46)) - raft.server.watch.element-limit = 65536 (default)
2023-02-21 22:21:13,124 [s1@group-7AE7625EDE06-LeaderElection8] INFO  server.RaftServerConfigKeys (ConfUtils.java:logGet(46)) - raft.server.write.element-limit = 4096 (default)
2023-02-21 22:21:13,124 [s1@group-7AE7625EDE06-LeaderElection8] INFO  server.RaftServerConfigKeys (ConfUtils.java:logGet(46)) - raft.server.write.follower.gap.ratio.max = -1.0 (default)
2023-02-21 22:21:13,124 [s1@group-7AE7625EDE06-LeaderElection8] INFO  server.RaftServerConfigKeys (ConfUtils.java:logGet(46)) - raft.server.log.appender.snapshot.chunk.size.max = 16MB (=16777216) (default)
2023-02-21 22:21:13,124 [s1@group-7AE7625EDE06-LeaderElection8] INFO  server.RaftServerConfigKeys (ConfUtils.java:logGet(46)) - raft.server.log.appender.buffer.byte-limit = 4MB (=4194304) (default)
2023-02-21 22:21:13,124 [s1@group-7AE7625EDE06-LeaderElection8] INFO  server.RaftServerConfigKeys (ConfUtils.java:logGet(46)) - raft.server.log.appender.buffer.element-limit = 0 (default)
2023-02-21 22:21:13,124 [s1@group-7AE7625EDE06-LeaderElection8] INFO  server.RaftServerConfigKeys (ConfUtils.java:logGet(46)) - raft.server.log.appender.snapshot.chunk.size.max = 16MB (=16777216) (default)
2023-02-21 22:21:13,124 [s1@group-7AE7625EDE06-LeaderElection8] INFO  server.RaftServerConfigKeys (ConfUtils.java:logGet(46)) - raft.server.log.appender.buffer.byte-limit = 4MB (=4194304) (default)
2023-02-21 22:21:13,124 [s1@group-7AE7625EDE06-LeaderElection8] INFO  server.RaftServerConfigKeys (ConfUtils.java:logGet(46)) - raft.server.log.appender.buffer.element-limit = 0 (default)
2023-02-21 22:21:13,125 [s1@group-7AE7625EDE06-LeaderElection8] INFO  impl.RoleInfo (RoleInfo.java:updateAndGet(139)) - s1: start s1@group-7AE7625EDE06-LeaderStateImpl
2023-02-21 22:21:13,125 [s1@group-7AE7625EDE06-LeaderElection8] DEBUG raftlog.RaftLog (SegmentedRaftLog.java:appendImpl(446)) - truncateIndex=-1, arrayIndex=0
2023-02-21 22:21:13,125 [s1@group-7AE7625EDE06-LeaderElection8] INFO  segmented.SegmentedRaftLogWorker (SegmentedRaftLogWorker.java:rollLogSegment(431)) - s1@group-7AE7625EDE06-SegmentedRaftLogWorker: Rolling segment log-0_40 to index:40
2023-02-21 22:21:13,125 [s1@group-7AE7625EDE06-LeaderElection8] INFO  server.RaftServer$Division (ServerState.java:setRaftConf(378)) - s1@group-7AE7625EDE06: set configuration 41: peers:[s0|rpc:localhost:43927|admin:localhost:45157|client:localhost:40723|dataStream:localhost:44609|priority:0|startupRole:FOLLOWER, s1|rpc:localhost:42677|admin:localhost:44953|client:localhost:33023|dataStream:localhost:35837|priority:0|startupRole:FOLLOWER, s2|rpc:localhost:34337|admin:localhost:38237|client:localhost:44865|dataStream:localhost:42363|priority:0|startupRole:FOLLOWER]|listeners:[], old=null
2023-02-21 22:21:13,125 [s1@group-7AE7625EDE06->s0-LogAppenderDefault-LogAppenderDaemon] WARN  leader.LogAppender (LogAppenderDefault.java:sendAppendEntriesWithRetries(87)) - s1@group-7AE7625EDE06->s0-LogAppenderDefault: Failed to appendEntries (retry=1): {}
java.io.IOException: The peer s0 is not alive.
	at org.apache.ratis.server.simulation.SimulatedRequestReply.sendRequest(SimulatedRequestReply.java:117)
	at org.apache.ratis.server.simulation.SimulatedServerRpc.appendEntries(SimulatedServerRpc.java:115)
	at org.apache.ratis.server.leader.LogAppenderDefault.sendAppendEntriesWithRetries(LogAppenderDefault.java:77)
	at org.apache.ratis.server.leader.LogAppenderDefault.run(LogAppenderDefault.java:153)
	at org.apache.ratis.server.leader.LogAppenderDaemon.run(LogAppenderDaemon.java:78)
	at java.base/java.lang.Thread.run(Thread.java:829)
2023-02-21 22:21:13,127 [s1@group-7AE7625EDE06-SegmentedRaftLogWorker] TRACE util.FileUtils (LogUtils.java:runAndLog(49)) - Successfully ran Atomic Files.move /home/runner/work/ratis/ratis/ratis-test/target/test/data/dc3d3723/MiniRaftClusterWithSimulatedRpcb1db0ebe/s1/09fb769f-6c90-4502-87aa-7ae7625ede06/current/log_inprogress_0 to /home/runner/work/ratis/ratis/ratis-test/target/test/data/dc3d3723/MiniRaftClusterWithSimulatedRpcb1db0ebe/s1/09fb769f-6c90-4502-87aa-7ae7625ede06/current/log_0-40
2023-02-21 22:21:13,127 [s1@group-7AE7625EDE06-SegmentedRaftLogWorker] INFO  segmented.SegmentedRaftLogWorker (SegmentedRaftLogWorker.java:execute(587)) - s1@group-7AE7625EDE06-SegmentedRaftLogWorker: Rolled log segment from /home/runner/work/ratis/ratis/ratis-test/target/test/data/dc3d3723/MiniRaftClusterWithSimulatedRpcb1db0ebe/s1/09fb769f-6c90-4502-87aa-7ae7625ede06/current/log_inprogress_0 to /home/runner/work/ratis/ratis/ratis-test/target/test/data/dc3d3723/MiniRaftClusterWithSimulatedRpcb1db0ebe/s1/09fb769f-6c90-4502-87aa-7ae7625ede06/current/log_0-40
2023-02-21 22:21:13,127 [HandlerDaemon-0] INFO  server.RaftServer$Division (ServerState.java:setLeader(260)) - s2@group-7AE7625EDE06: change Leader from null to s1 at term 2 for appendEntries, leader elected after 6ms
2023-02-21 22:21:13,127 [s1@group-7AE7625EDE06-SegmentedRaftLogWorker] INFO  segmented.SegmentedRaftLogWorker (SegmentedRaftLogWorker.java:execute(630)) - s1@group-7AE7625EDE06-SegmentedRaftLogWorker: created new log segment /home/runner/work/ratis/ratis/ratis-test/target/test/data/dc3d3723/MiniRaftClusterWithSimulatedRpcb1db0ebe/s1/09fb769f-6c90-4502-87aa-7ae7625ede06/current/log_inprogress_41
2023-02-21 22:21:13,128 [HandlerDaemon-1] INFO  server.RaftServer$Division (ServerState.java:setRaftConf(378)) - s2@group-7AE7625EDE06: set configuration 41: peers:[s0|rpc:localhost:43927|admin:localhost:45157|client:localhost:40723|dataStream:localhost:44609|priority:0|startupRole:FOLLOWER, s1|rpc:localhost:42677|admin:localhost:44953|client:localhost:33023|dataStream:localhost:35837|priority:0|startupRole:FOLLOWER, s2|rpc:localhost:34337|admin:localhost:38237|client:localhost:44865|dataStream:localhost:42363|priority:0|startupRole:FOLLOWER]|listeners:[], old=null
2023-02-21 22:21:13,128 [HandlerDaemon-1] DEBUG raftlog.RaftLog (SegmentedRaftLog.java:appendImpl(446)) - truncateIndex=-1, arrayIndex=0
2023-02-21 22:21:13,128 [HandlerDaemon-1] INFO  segmented.SegmentedRaftLogWorker (SegmentedRaftLogWorker.java:rollLogSegment(431)) - s2@group-7AE7625EDE06-SegmentedRaftLogWorker: Rolling segment log-0_40 to index:40
2023-02-21 22:21:13,129 [s2@group-7AE7625EDE06-SegmentedRaftLogWorker] TRACE util.FileUtils (LogUtils.java:runAndLog(49)) - Successfully ran Atomic Files.move /home/runner/work/ratis/ratis/ratis-test/target/test/data/dc3d3723/MiniRaftClusterWithSimulatedRpcb1db0ebe/s2/09fb769f-6c90-4502-87aa-7ae7625ede06/current/log_inprogress_0 to /home/runner/work/ratis/ratis/ratis-test/target/test/data/dc3d3723/MiniRaftClusterWithSimulatedRpcb1db0ebe/s2/09fb769f-6c90-4502-87aa-7ae7625ede06/current/log_0-40
2023-02-21 22:21:13,129 [s2@group-7AE7625EDE06-SegmentedRaftLogWorker] INFO  segmented.SegmentedRaftLogWorker (SegmentedRaftLogWorker.java:execute(587)) - s2@group-7AE7625EDE06-SegmentedRaftLogWorker: Rolled log segment from /home/runner/work/ratis/ratis/ratis-test/target/test/data/dc3d3723/MiniRaftClusterWithSimulatedRpcb1db0ebe/s2/09fb769f-6c90-4502-87aa-7ae7625ede06/current/log_inprogress_0 to /home/runner/work/ratis/ratis/ratis-test/target/test/data/dc3d3723/MiniRaftClusterWithSimulatedRpcb1db0ebe/s2/09fb769f-6c90-4502-87aa-7ae7625ede06/current/log_0-40
2023-02-21 22:21:13,130 [s2@group-7AE7625EDE06-SegmentedRaftLogWorker] INFO  segmented.SegmentedRaftLogWorker (SegmentedRaftLogWorker.java:execute(630)) - s2@group-7AE7625EDE06-SegmentedRaftLogWorker: created new log segment /home/runner/work/ratis/ratis/ratis-test/target/test/data/dc3d3723/MiniRaftClusterWithSimulatedRpcb1db0ebe/s2/09fb769f-6c90-4502-87aa-7ae7625ede06/current/log_inprogress_41
2023-02-21 22:21:13,133 [HandlerDaemon-2] DEBUG raftlog.RaftLog (SegmentedRaftLog.java:appendImpl(446)) - truncateIndex=-1, arrayIndex=0
2023-02-21 22:21:13,353 [s1@group-7AE7625EDE06->s0-LogAppenderDefault-LogAppenderDaemon] WARN  leader.LogAppender (LogAppenderDefault.java:sendAppendEntriesWithRetries(87)) - s1@group-7AE7625EDE06->s0-LogAppenderDefault: Failed to appendEntries (retry=11): {}
java.io.IOException: The peer s0 is not alive.
	at org.apache.ratis.server.simulation.SimulatedRequestReply.sendRequest(SimulatedRequestReply.java:117)
	at org.apache.ratis.server.simulation.SimulatedServerRpc.appendEntries(SimulatedServerRpc.java:115)
	at org.apache.ratis.server.leader.LogAppenderDefault.sendAppendEntriesWithRetries(LogAppenderDefault.java:77)
	at org.apache.ratis.server.leader.LogAppenderDefault.run(LogAppenderDefault.java:153)
	at org.apache.ratis.server.leader.LogAppenderDaemon.run(LogAppenderDaemon.java:78)
	at java.base/java.lang.Thread.run(Thread.java:829)
2023-02-21 22:21:13,579 [s1@group-7AE7625EDE06->s0-LogAppenderDefault-LogAppenderDaemon] WARN  leader.LogAppender (LogAppenderDefault.java:sendAppendEntriesWithRetries(87)) - s1@group-7AE7625EDE06->s0-LogAppenderDefault: Failed to appendEntries (retry=21): {}
java.io.IOException: The peer s0 is not alive.
	at org.apache.ratis.server.simulation.SimulatedRequestReply.sendRequest(SimulatedRequestReply.java:117)
	at org.apache.ratis.server.simulation.SimulatedServerRpc.appendEntries(SimulatedServerRpc.java:115)
	at org.apache.ratis.server.leader.LogAppenderDefault.sendAppendEntriesWithRetries(LogAppenderDefault.java:77)
	at org.apache.ratis.server.leader.LogAppenderDefault.run(LogAppenderDefault.java:153)
	at org.apache.ratis.server.leader.LogAppenderDaemon.run(LogAppenderDaemon.java:78)
	at java.base/java.lang.Thread.run(Thread.java:829)
2023-02-21 22:21:13,596 [s0-impl-thread1] INFO  segmented.SegmentedRaftLogWorker (SegmentedRaftLogWorker.java:close(242)) - s0@group-7AE7625EDE06-SegmentedRaftLogWorker close()
2023-02-21 22:21:13,597 [JvmPauseMonitor35] INFO  util.JvmPauseMonitor (JvmPauseMonitor.java:run(111)) - JvmPauseMonitor-s0: Stopped
2023-02-21 22:21:13,597 [Time-limited test] INFO  server.RaftServer (RaftServerProxy.java:lambda$close$7(413)) - s1: close
2023-02-21 22:21:13,597 [s1-impl-thread1] INFO  server.RaftServer$Division (RaftServerImpl.java:lambda$close$4(466)) - s1@group-7AE7625EDE06: shutdown
2023-02-21 22:21:13,597 [HandlerDaemon-2] INFO  simulation.RequestHandler (RequestHandler.java:run(127)) - s1.clientHandler2 is interrupted by java.io.InterruptedIOException: 
2023-02-21 22:21:13,597 [s1-impl-thread1] INFO  util.JmxRegister (JmxRegister.java:unregister(73)) - Successfully un-registered JMX Bean with object name Ratis:service=RaftServer,group=group-7AE7625EDE06,id=s1
2023-02-21 22:21:13,597 [s1-impl-thread1] INFO  impl.RoleInfo (RoleInfo.java:shutdownLeaderState(93)) - s1: shutdown s1@group-7AE7625EDE06-LeaderStateImpl
2023-02-21 22:21:13,597 [HandlerDaemon-0] INFO  simulation.RequestHandler (RequestHandler.java:run(127)) - s1.clientHandler0 is interrupted by java.io.InterruptedIOException: 
2023-02-21 22:21:13,597 [s1-impl-thread1] INFO  impl.PendingRequests (PendingRequests.java:sendNotLeaderResponses(282)) - s1@group-7AE7625EDE06-PendingRequests: sendNotLeaderResponses
2023-02-21 22:21:13,597 [HandlerDaemon-1] INFO  simulation.RequestHandler (RequestHandler.java:run(127)) - s1.clientHandler1 is interrupted by java.io.InterruptedIOException: 
2023-02-21 22:21:13,598 [HandlerDaemon-0] INFO  simulation.RequestHandler (RequestHandler.java:run(127)) - s1.serverHandler0 is interrupted by java.io.InterruptedIOException: 
2023-02-21 22:21:13,598 [s1-impl-thread1] INFO  impl.StateMachineUpdater (StateMachineUpdater.java:stopAndJoin(154)) - s1@group-7AE7625EDE06-StateMachineUpdater: set stopIndex = 42
2023-02-21 22:21:13,598 [HandlerDaemon-1] INFO  simulation.RequestHandler (RequestHandler.java:run(127)) - s1.serverHandler1 is interrupted by java.io.InterruptedIOException: 
2023-02-21 22:21:13,598 [HandlerDaemon-2] INFO  simulation.RequestHandler (RequestHandler.java:run(127)) - s1.serverHandler2 is interrupted by java.io.InterruptedIOException: 
2023-02-21 22:21:13,598 [s1@group-7AE7625EDE06->s0-LogAppenderDefault-LogAppenderDaemon] INFO  leader.LogAppenderDaemon (LogAppenderDaemon.java:run(83)) - s1@group-7AE7625EDE06->s0-LogAppenderDefault-LogAppenderDaemon was interrupted: java.lang.InterruptedException: sleep interrupted
2023-02-21 22:21:13,597 [s1@group-7AE7625EDE06->s2-LogAppenderDefault-LogAppenderDaemon] INFO  leader.LogAppenderDaemon (LogAppenderDaemon.java:run(83)) - s1@group-7AE7625EDE06->s2-LogAppenderDefault-LogAppenderDaemon was interrupted: java.lang.InterruptedException
2023-02-21 22:21:13,598 [s1-impl-thread1] INFO  server.RaftServer$Division (ServerState.java:close(414)) - s1@group-7AE7625EDE06: applyIndex: 42
2023-02-21 22:21:13,854 [s2@group-7AE7625EDE06-FollowerState] INFO  impl.FollowerState (FollowerState.java:run(143)) - s2@group-7AE7625EDE06-FollowerState: change to CANDIDATE, lastRpcElapsedTime:265221855ns, electionTimeout:221ms
2023-02-21 22:21:13,854 [s2@group-7AE7625EDE06-FollowerState] INFO  impl.RoleInfo (RoleInfo.java:shutdownFollowerState(110)) - s2: shutdown s2@group-7AE7625EDE06-FollowerState
2023-02-21 22:21:13,854 [s2@group-7AE7625EDE06-FollowerState] INFO  server.RaftServer$Division (RaftServerImpl.java:setRole(329)) - s2@group-7AE7625EDE06: changes role from  FOLLOWER to CANDIDATE at term 2 for changeToCandidate
2023-02-21 22:21:13,854 [s2@group-7AE7625EDE06-FollowerState] INFO  server.RaftServerConfigKeys (ConfUtils.java:logGet(46)) - raft.server.leaderelection.pre-vote = true (default)
2023-02-21 22:21:13,854 [s2@group-7AE7625EDE06-FollowerState] INFO  impl.RoleInfo (RoleInfo.java:updateAndGet(139)) - s2: start s2@group-7AE7625EDE06-LeaderElection9
2023-02-21 22:21:13,855 [s2@group-7AE7625EDE06-LeaderElection9] INFO  server.RaftServer$Division (ServerState.java:setLeader(260)) - s2@group-7AE7625EDE06: change Leader from s1 to null at term 2 for PRE_VOTE
2023-02-21 22:21:13,855 [s2@group-7AE7625EDE06-LeaderElection9] INFO  impl.LeaderElection (LeaderElection.java:askForVotes(309)) - s2@group-7AE7625EDE06-LeaderElection9 PRE_VOTE round 0: submit vote requests at term 2 for 41: peers:[s0|rpc:localhost:43927|admin:localhost:45157|client:localhost:40723|dataStream:localhost:44609|priority:0|startupRole:FOLLOWER, s1|rpc:localhost:42677|admin:localhost:44953|client:localhost:33023|dataStream:localhost:35837|priority:0|startupRole:FOLLOWER, s2|rpc:localhost:34337|admin:localhost:38237|client:localhost:44865|dataStream:localhost:42363|priority:0|startupRole:FOLLOWER]|listeners:[], old=null
2023-02-21 22:21:13,855 [s2@group-7AE7625EDE06-LeaderElection9] INFO  impl.LeaderElection (LogUtils.java:infoOrTrace(137)) - s2@group-7AE7625EDE06-LeaderElection9 got exception when requesting votes: java.util.concurrent.ExecutionException: java.io.IOException: The peer s0 is not alive.
2023-02-21 22:21:13,856 [s2@group-7AE7625EDE06-LeaderElection9] INFO  impl.LeaderElection (LogUtils.java:infoOrTrace(137)) - s2@group-7AE7625EDE06-LeaderElection9 got exception when requesting votes: java.util.concurrent.ExecutionException: java.io.IOException: The peer s1 is not alive.
2023-02-21 22:21:13,856 [s2@group-7AE7625EDE06-LeaderElection9] INFO  impl.LeaderElection (LeaderElection.java:logAndReturn(89)) - s2@group-7AE7625EDE06-LeaderElection9: PRE_VOTE REJECTED received 0 response(s) and 2 exception(s):
2023-02-21 22:21:13,856 [s2@group-7AE7625EDE06-LeaderElection9] INFO  impl.LeaderElection (LogUtils.java:infoOrTrace(137)) -   Exception 0: java.util.concurrent.ExecutionException: java.io.IOException: The peer s0 is not alive.
2023-02-21 22:21:13,856 [s2@group-7AE7625EDE06-LeaderElection9] INFO  impl.LeaderElection (LogUtils.java:infoOrTrace(137)) -   Exception 1: java.util.concurrent.ExecutionException: java.io.IOException: The peer s1 is not alive.
2023-02-21 22:21:13,856 [s2@group-7AE7625EDE06-LeaderElection9] INFO  impl.LeaderElection (LeaderElection.java:askForVotes(311)) - s2@group-7AE7625EDE06-LeaderElection9 PRE_VOTE round 0: result REJECTED
2023-02-21 22:21:13,856 [s2@group-7AE7625EDE06-LeaderElection9] INFO  server.RaftServer$Division (RaftServerImpl.java:setRole(329)) - s2@group-7AE7625EDE06: changes role from CANDIDATE to FOLLOWER at term 2 for REJECTED
2023-02-21 22:21:13,856 [s2@group-7AE7625EDE06-LeaderElection9] INFO  impl.RoleInfo (RoleInfo.java:shutdownLeaderElection(130)) - s2: shutdown s2@group-7AE7625EDE06-LeaderElection9
2023-02-21 22:21:13,856 [s2@group-7AE7625EDE06-LeaderElection9] INFO  impl.RoleInfo (RoleInfo.java:updateAndGet(139)) - s2: start s2@group-7AE7625EDE06-FollowerState
2023-02-21 22:21:14,083 [s2@group-7AE7625EDE06-FollowerState] INFO  impl.FollowerState (FollowerState.java:run(143)) - s2@group-7AE7625EDE06-FollowerState: change to CANDIDATE, lastRpcElapsedTime:227485703ns, electionTimeout:227ms
2023-02-21 22:21:14,083 [s2@group-7AE7625EDE06-FollowerState] INFO  impl.RoleInfo (RoleInfo.java:shutdownFollowerState(110)) - s2: shutdown s2@group-7AE7625EDE06-FollowerState
2023-02-21 22:21:14,084 [s2@group-7AE7625EDE06-FollowerState] INFO  server.RaftServer$Division (RaftServerImpl.java:setRole(329)) - s2@group-7AE7625EDE06: changes role from  FOLLOWER to CANDIDATE at term 2 for changeToCandidate
2023-02-21 22:21:14,084 [s2@group-7AE7625EDE06-FollowerState] INFO  server.RaftServerConfigKeys (ConfUtils.java:logGet(46)) - raft.server.leaderelection.pre-vote = true (default)
2023-02-21 22:21:14,084 [s2@group-7AE7625EDE06-FollowerState] INFO  impl.RoleInfo (RoleInfo.java:updateAndGet(139)) - s2: start s2@group-7AE7625EDE06-LeaderElection10
2023-02-21 22:21:14,084 [s2@group-7AE7625EDE06-LeaderElection10] INFO  impl.LeaderElection (LeaderElection.java:askForVotes(309)) - s2@group-7AE7625EDE06-LeaderElection10 PRE_VOTE round 0: submit vote requests at term 2 for 41: peers:[s0|rpc:localhost:43927|admin:localhost:45157|client:localhost:40723|dataStream:localhost:44609|priority:0|startupRole:FOLLOWER, s1|rpc:localhost:42677|admin:localhost:44953|client:localhost:33023|dataStream:localhost:35837|priority:0|startupRole:FOLLOWER, s2|rpc:localhost:34337|admin:localhost:38237|client:localhost:44865|dataStream:localhost:42363|priority:0|startupRole:FOLLOWER]|listeners:[], old=null
2023-02-21 22:21:14,084 [s2@group-7AE7625EDE06-LeaderElection10] INFO  impl.LeaderElection (LogUtils.java:infoOrTrace(137)) - s2@group-7AE7625EDE06-LeaderElection10 got exception when requesting votes: java.util.concurrent.ExecutionException: java.io.IOException: The peer s0 is not alive.
2023-02-21 22:21:14,085 [s2@group-7AE7625EDE06-LeaderElection10] INFO  impl.LeaderElection (LogUtils.java:infoOrTrace(137)) - s2@group-7AE7625EDE06-LeaderElection10 got exception when requesting votes: java.util.concurrent.ExecutionException: java.io.IOException: The peer s1 is not alive.
2023-02-21 22:21:14,085 [s2@group-7AE7625EDE06-LeaderElection10] INFO  impl.LeaderElection (LeaderElection.java:logAndReturn(89)) - s2@group-7AE7625EDE06-LeaderElection10: PRE_VOTE REJECTED received 0 response(s) and 2 exception(s):
2023-02-21 22:21:14,085 [s2@group-7AE7625EDE06-LeaderElection10] INFO  impl.LeaderElection (LogUtils.java:infoOrTrace(137)) -   Exception 0: java.util.concurrent.ExecutionException: java.io.IOException: The peer s0 is not alive.
2023-02-21 22:21:14,085 [s2@group-7AE7625EDE06-LeaderElection10] INFO  impl.LeaderElection (LogUtils.java:infoOrTrace(137)) -   Exception 1: java.util.concurrent.ExecutionException: java.io.IOException: The peer s1 is not alive.
2023-02-21 22:21:14,085 [s2@group-7AE7625EDE06-LeaderElection10] INFO  impl.LeaderElection (LeaderElection.java:askForVotes(311)) - s2@group-7AE7625EDE06-LeaderElection10 PRE_VOTE round 0: result REJECTED
2023-02-21 22:21:14,085 [s2@group-7AE7625EDE06-LeaderElection10] INFO  server.RaftServer$Division (RaftServerImpl.java:setRole(329)) - s2@group-7AE7625EDE06: changes role from CANDIDATE to FOLLOWER at term 2 for REJECTED
2023-02-21 22:21:14,085 [s2@group-7AE7625EDE06-LeaderElection10] INFO  impl.RoleInfo (RoleInfo.java:shutdownLeaderElection(130)) - s2: shutdown s2@group-7AE7625EDE06-LeaderElection10
2023-02-21 22:21:14,085 [s2@group-7AE7625EDE06-LeaderElection10] INFO  impl.RoleInfo (RoleInfo.java:updateAndGet(139)) - s2: start s2@group-7AE7625EDE06-FollowerState
2023-02-21 22:21:14,132 [s1-impl-thread1] INFO  segmented.SegmentedRaftLogWorker (SegmentedRaftLogWorker.java:close(242)) - s1@group-7AE7625EDE06-SegmentedRaftLogWorker close()
2023-02-21 22:21:14,133 [JvmPauseMonitor39] INFO  util.JvmPauseMonitor (JvmPauseMonitor.java:run(111)) - JvmPauseMonitor-s1: Stopped
2023-02-21 22:21:14,133 [Time-limited test] INFO  server.RaftServer (RaftServerProxy.java:lambda$close$7(413)) - s2: close
2023-02-21 22:21:14,133 [s2-impl-thread1] INFO  server.RaftServer$Division (RaftServerImpl.java:lambda$close$4(466)) - s2@group-7AE7625EDE06: shutdown
2023-02-21 22:21:14,133 [s2-impl-thread1] INFO  util.JmxRegister (JmxRegister.java:unregister(73)) - Successfully un-registered JMX Bean with object name Ratis:service=RaftServer,group=group-7AE7625EDE06,id=s2
2023-02-21 22:21:14,133 [s2-impl-thread1] INFO  impl.RoleInfo (RoleInfo.java:shutdownFollowerState(110)) - s2: shutdown s2@group-7AE7625EDE06-FollowerState
2023-02-21 22:21:14,133 [s2-impl-thread1] INFO  impl.StateMachineUpdater (StateMachineUpdater.java:stopAndJoin(154)) - s2@group-7AE7625EDE06-StateMachineUpdater: set stopIndex = 42
2023-02-21 22:21:14,133 [HandlerDaemon-0] INFO  simulation.RequestHandler (RequestHandler.java:run(127)) - s2.clientHandler0 is interrupted by java.io.InterruptedIOException: 
2023-02-21 22:21:14,133 [HandlerDaemon-1] INFO  simulation.RequestHandler (RequestHandler.java:run(127)) - s2.clientHandler1 is interrupted by java.io.InterruptedIOException: 
2023-02-21 22:21:14,133 [HandlerDaemon-2] INFO  simulation.RequestHandler (RequestHandler.java:run(127)) - s2.clientHandler2 is interrupted by java.io.InterruptedIOException: 
2023-02-21 22:21:14,134 [s2-impl-thread1] INFO  server.RaftServer$Division (ServerState.java:close(414)) - s2@group-7AE7625EDE06: applyIndex: 42
2023-02-21 22:21:14,134 [s2@group-7AE7625EDE06-FollowerState] INFO  impl.FollowerState (FollowerState.java:run(152)) - s2@group-7AE7625EDE06-FollowerState was interrupted
2023-02-21 22:21:14,134 [HandlerDaemon-0] INFO  simulation.RequestHandler (RequestHandler.java:run(127)) - s2.serverHandler0 is interrupted by java.io.InterruptedIOException: 
2023-02-21 22:21:14,134 [HandlerDaemon-1] INFO  simulation.RequestHandler (RequestHandler.java:run(127)) - s2.serverHandler1 is interrupted by java.io.InterruptedIOException: 
2023-02-21 22:21:14,134 [HandlerDaemon-2] INFO  simulation.RequestHandler (RequestHandler.java:run(127)) - s2.serverHandler2 is interrupted by java.io.InterruptedIOException: 
2023-02-21 22:21:15,134 [s2-impl-thread1] INFO  segmented.SegmentedRaftLogWorker (SegmentedRaftLogWorker.java:close(242)) - s2@group-7AE7625EDE06-SegmentedRaftLogWorker close()
2023-02-21 22:21:15,134 [JvmPauseMonitor37] INFO  util.JvmPauseMonitor (JvmPauseMonitor.java:run(111)) - JvmPauseMonitor-s2: Stopped
2023-02-21 22:21:15,134 [Time-limited test] INFO  impl.MiniRaftCluster (MiniRaftCluster.java:killServer(533)) - killServer s1
2023-02-21 22:21:15,134 [Time-limited test] INFO  impl.MiniRaftCluster (MiniRaftCluster.java:newRaftServer(382)) - newRaftServer: s1, group-7AE7625EDE06:[s0|rpc:localhost:43927|admin:localhost:45157|client:localhost:40723|dataStream:localhost:44609|priority:0|startupRole:FOLLOWER, s1|rpc:localhost:42677|admin:localhost:44953|client:localhost:33023|dataStream:localhost:35837|priority:0|startupRole:FOLLOWER, s2|rpc:localhost:34337|admin:localhost:38237|client:localhost:44865|dataStream:localhost:42363|priority:0|startupRole:FOLLOWER], format? false
2023-02-21 22:21:15,135 [Time-limited test] INFO  server.RaftServer (ConfUtils.java:logGet(46)) - raft.rpc.type = org.apache.ratis.server.simulation.SimulatedRpc (custom)
2023-02-21 22:21:15,135 [Time-limited test] INFO  impl.DataStreamServerImpl (ConfUtils.java:logGet(46)) - raft.datastream.type = DISABLED (default)
2023-02-21 22:21:15,135 [Time-limited test] INFO  server.RaftServerConfigKeys (ConfUtils.java:logGet(46)) - raft.server.threadpool.proxy.cached = true (default)
2023-02-21 22:21:15,135 [Time-limited test] INFO  server.RaftServerConfigKeys (ConfUtils.java:logGet(46)) - raft.server.threadpool.proxy.size = 0 (default)
2023-02-21 22:21:15,135 [Time-limited test] INFO  server.RaftServerConfigKeys (ConfUtils.java:logGet(46)) - raft.server.rpc.slowness.timeout = 60s (default)
2023-02-21 22:21:15,135 [Time-limited test] INFO  server.RaftServerConfigKeys (ConfUtils.java:logGet(46)) - raft.server.leaderelection.leader.step-down.wait-time = 10s (default)
2023-02-21 22:21:15,135 [Time-limited test] INFO  server.RaftServerConfigKeys (ConfUtils.java:logGet(46)) - raft.server.storage.dir = [/home/runner/work/ratis/ratis/ratis-test/target/test/data/dc3d3723/MiniRaftClusterWithSimulatedRpcb1db0ebe/s1] (custom)
2023-02-21 22:21:15,135 [s1-impl-thread1] INFO  server.RaftServer (RaftServerProxy.java:initGroupDir(255)) - s1: found a subdirectory /home/runner/work/ratis/ratis/ratis-test/target/test/data/dc3d3723/MiniRaftClusterWithSimulatedRpcb1db0ebe/s1/09fb769f-6c90-4502-87aa-7ae7625ede06
2023-02-21 22:21:15,136 [Time-limited test] INFO  server.RaftServer (RaftServerProxy.java:addNew(99)) - s1: addNew group-7AE7625EDE06:[s0|rpc:localhost:43927|admin:localhost:45157|client:localhost:40723|dataStream:localhost:44609|priority:0|startupRole:FOLLOWER, s1|rpc:localhost:42677|admin:localhost:44953|client:localhost:33023|dataStream:localhost:35837|priority:0|startupRole:FOLLOWER, s2|rpc:localhost:34337|admin:localhost:38237|client:localhost:44865|dataStream:localhost:42363|priority:0|startupRole:FOLLOWER] returns group-7AE7625EDE06:java.util.concurrent.CompletableFuture@40b6e60c[Not completed]
2023-02-21 22:21:15,136 [s1-groupManagement] INFO  server.RaftServerConfigKeys (ConfUtils.java:logGet(46)) - raft.server.log.segment.size.max = 8MB (=8388608) (default)
2023-02-21 22:21:15,136 [s1-groupManagement] INFO  server.RaftServerConfigKeys (ConfUtils.java:logGet(46)) - raft.server.log.preallocated.size = 4MB (=4194304) (default)
2023-02-21 22:21:15,136 [s1-groupManagement] INFO  server.RaftServerConfigKeys (ConfUtils.java:logGet(46)) - raft.server.log.write.buffer.size = 64KB (=65536) (default)
2023-02-21 22:21:15,136 [s1-groupManagement] INFO  server.RaftServer$Division (RaftServerImpl.java:<init>(198)) - s1: new RaftServerImpl for group-7AE7625EDE06:[s0|rpc:localhost:43927|admin:localhost:45157|client:localhost:40723|dataStream:localhost:44609|priority:0|startupRole:FOLLOWER, s1|rpc:localhost:42677|admin:localhost:44953|client:localhost:33023|dataStream:localhost:35837|priority:0|startupRole:FOLLOWER, s2|rpc:localhost:34337|admin:localhost:38237|client:localhost:44865|dataStream:localhost:42363|priority:0|startupRole:FOLLOWER] with SimpleStateMachine4Testing:uninitialized
2023-02-21 22:21:15,136 [s1-groupManagement] INFO  server.RaftServerConfigKeys (ConfUtils.java:logGet(46)) - raft.server.rpc.timeout.min = 150ms (default)
2023-02-21 22:21:15,136 [s1-groupManagement] INFO  server.RaftServerConfigKeys (ConfUtils.java:logGet(46)) - raft.server.rpc.timeout.max = 300ms (default)
2023-02-21 22:21:15,136 [s1-groupManagement] INFO  server.RaftServerConfigKeys (ConfUtils.java:logGet(46)) - raft.server.rpc.sleep.time = 25ms (default)
2023-02-21 22:21:15,136 [s1-groupManagement] INFO  server.RaftServerConfigKeys (ConfUtils.java:logGet(46)) - raft.server.rpc.slowness.timeout = 60s (default)
2023-02-21 22:21:15,136 [s1-groupManagement] INFO  server.RaftServerConfigKeys (ConfUtils.java:logGet(46)) - raft.server.leaderelection.leader.step-down.wait-time = 10s (default)
2023-02-21 22:21:15,136 [s1-groupManagement] INFO  server.RaftServerConfigKeys (ConfUtils.java:logGet(46)) - raft.server.sleep.deviation.threshold = 300ms (default)
2023-02-21 22:21:15,136 [s1-groupManagement] INFO  server.RaftServer$Division (ServerState.java:<init>(113)) - s1@group-7AE7625EDE06: ConfigurationManager, init=-1: peers:[s0|rpc:localhost:43927|admin:localhost:45157|client:localhost:40723|dataStream:localhost:44609|priority:0|startupRole:FOLLOWER, s1|rpc:localhost:42677|admin:localhost:44953|client:localhost:33023|dataStream:localhost:35837|priority:0|startupRole:FOLLOWER, s2|rpc:localhost:34337|admin:localhost:38237|client:localhost:44865|dataStream:localhost:42363|priority:0|startupRole:FOLLOWER]|listeners:[], old=null, confs=<EMPTY_MAP>
2023-02-21 22:21:15,136 [s1-groupManagement] INFO  server.RaftServerConfigKeys (ConfUtils.java:logGet(46)) - raft.server.notification.no-leader.timeout = 60s (default)
2023-02-21 22:21:15,136 [s1-groupManagement] INFO  server.RaftServerConfigKeys (ConfUtils.java:logGet(46)) - raft.server.read.timeout = 10s (default)
2023-02-21 22:21:15,136 [s1-groupManagement] INFO  server.RaftServerConfigKeys (ConfUtils.java:logGet(46)) - raft.server.retrycache.expirytime = 60s (default)
2023-02-21 22:21:15,136 [s1-groupManagement] INFO  server.RaftServerConfigKeys (ConfUtils.java:logGet(46)) - raft.server.retrycache.statistics.expirytime = 100μs (default)
2023-02-21 22:21:15,136 [s1-groupManagement] INFO  server.RaftServerConfigKeys (ConfUtils.java:logGet(46)) - raft.server.read.option = DEFAULT (default)
2023-02-21 22:21:15,137 [s1-groupManagement] INFO  server.RaftServerConfigKeys (ConfUtils.java:logGet(46)) - raft.server.log.appender.install.snapshot.enabled = true (default)
2023-02-21 22:21:15,137 [s1-groupManagement] INFO  server.RaftServerConfigKeys (ConfUtils.java:logGet(46)) - raft.server.threadpool.server.cached = true (default)
2023-02-21 22:21:15,137 [s1-groupManagement] INFO  server.RaftServerConfigKeys (ConfUtils.java:logGet(46)) - raft.server.threadpool.server.size = 0 (default)
2023-02-21 22:21:15,137 [s1-groupManagement] INFO  server.RaftServerConfigKeys (ConfUtils.java:logGet(46)) - raft.server.threadpool.client.cached = true (default)
2023-02-21 22:21:15,137 [s1-groupManagement] INFO  server.RaftServerConfigKeys (ConfUtils.java:logGet(46)) - raft.server.threadpool.client.size = 0 (default)
2023-02-21 22:21:15,137 [s1-impl-thread1] INFO  server.RaftServerConfigKeys (ConfUtils.java:logGet(46)) - raft.server.storage.free-space.min = 0MB (=0) (default)
2023-02-21 22:21:15,137 [s1-impl-thread1] INFO  server.RaftServerConfigKeys (ConfUtils.java:logGet(46)) - raft.server.log.corruption.policy = EXCEPTION (default)
2023-02-21 22:21:15,137 [s1-impl-thread1] INFO  server.RaftServerConfigKeys (ConfUtils.java:logGet(46)) - raft.server.storage.dir = [/home/runner/work/ratis/ratis/ratis-test/target/test/data/dc3d3723/MiniRaftClusterWithSimulatedRpcb1db0ebe/s1] (custom)
2023-02-21 22:21:15,138 [s1-impl-thread1] INFO  storage.RaftStorageDirectory (RaftStorageDirectoryImpl.java:tryLock(232)) - Lock on /home/runner/work/ratis/ratis/ratis-test/target/test/data/dc3d3723/MiniRaftClusterWithSimulatedRpcb1db0ebe/s1/09fb769f-6c90-4502-87aa-7ae7625ede06/in_use.lock acquired by nodename 5808@fv-az108-113
2023-02-21 22:21:15,139 [s1-impl-thread1] INFO  storage.RaftStorage (RaftStorageImpl.java:analyzeAndRecoverStorage(117)) - Read RaftStorageMetadata{term=2, votedFor=s1} from /home/runner/work/ratis/ratis/ratis-test/target/test/data/dc3d3723/MiniRaftClusterWithSimulatedRpcb1db0ebe/s1/09fb769f-6c90-4502-87aa-7ae7625ede06/current/raft-meta
2023-02-21 22:21:15,139 [s1-impl-thread1] INFO  server.RaftServer$Division (ServerState.java:setRaftConf(378)) - s1@group-7AE7625EDE06: set configuration 41: peers:[s0|rpc:localhost:43927|admin:localhost:45157|client:localhost:40723|dataStream:localhost:44609|priority:0|startupRole:FOLLOWER, s1|rpc:localhost:42677|admin:localhost:44953|client:localhost:33023|dataStream:localhost:35837|priority:0|startupRole:FOLLOWER, s2|rpc:localhost:34337|admin:localhost:38237|client:localhost:44865|dataStream:localhost:42363|priority:0|startupRole:FOLLOWER]|listeners:[], old=null
2023-02-21 22:21:15,139 [s1-impl-thread1] INFO  impl.SimpleStateMachine4Testing (SimpleStateMachine4Testing.java:initialize(213)) - Initializing SimpleStateMachine4Testing:uninitialized
2023-02-21 22:21:15,139 [s1-impl-thread1] INFO  impl.SimpleStateMachine4Testing (SimpleStateMachine4Testing.java:loadSnapshot(293)) - Loading snapshot null
2023-02-21 22:21:15,139 [s1-impl-thread1] INFO  server.RaftServerConfigKeys (ConfUtils.java:logGet(46)) - raft.server.log.use.memory = false (default)
2023-02-21 22:21:15,139 [s1-impl-thread1] INFO  server.RaftServerConfigKeys (ConfUtils.java:logGet(46)) - raft.server.log.purge.gap = 1024 (default)
2023-02-21 22:21:15,139 [s1-impl-thread1] INFO  server.RaftServerConfigKeys (ConfUtils.java:logGet(46)) - raft.server.log.appender.buffer.byte-limit = 4MB (=4194304) (default)
2023-02-21 22:21:15,139 [s1-impl-thread1] INFO  server.RaftServerConfigKeys (ConfUtils.java:logGet(46)) - raft.server.log.statemachine.data.read.timeout = 1000ms (default)
2023-02-21 22:21:15,139 [s1-impl-thread1] INFO  server.RaftServerConfigKeys (ConfUtils.java:logGet(46)) - raft.server.log.purge.preservation.log.num = 0 (default)
2023-02-21 22:21:15,140 [s1-impl-thread1] INFO  server.RaftServerConfigKeys (ConfUtils.java:logGet(46)) - raft.server.log.segment.size.max = 8KB (=8192) (custom)
2023-02-21 22:21:15,140 [s1-impl-thread1] INFO  server.RaftServerConfigKeys (ConfUtils.java:logGet(46)) - raft.server.log.segment.cache.num.max = 6 (default)
2023-02-21 22:21:15,140 [s1-impl-thread1] INFO  server.RaftServerConfigKeys (ConfUtils.java:logGet(46)) - raft.server.log.segment.cache.size.max = 200MB (=209715200) (default)
2023-02-21 22:21:15,140 [s1-impl-thread1] INFO  server.RaftServerConfigKeys (ConfUtils.java:logGet(46)) - raft.server.log.appender.buffer.byte-limit = 4MB (=4194304) (default)
2023-02-21 22:21:15,140 [s1-impl-thread1] INFO  segmented.SegmentedRaftLogWorker (SegmentedRaftLogWorker.java:<init>(183)) - new s1@group-7AE7625EDE06-SegmentedRaftLogWorker for RaftStorageImpl:Storage Directory /home/runner/work/ratis/ratis/ratis-test/target/test/data/dc3d3723/MiniRaftClusterWithSimulatedRpcb1db0ebe/s1/09fb769f-6c90-4502-87aa-7ae7625ede06
2023-02-21 22:21:15,140 [s1-impl-thread1] INFO  server.RaftServerConfigKeys (ConfUtils.java:logGet(46)) - raft.server.log.queue.byte-limit = 64MB (=67108864) (default)
2023-02-21 22:21:15,140 [s1-impl-thread1] INFO  server.RaftServerConfigKeys (ConfUtils.java:logGet(46)) - raft.server.log.queue.element-limit = 4096 (default)
2023-02-21 22:21:15,140 [s1-impl-thread1] INFO  server.RaftServerConfigKeys (ConfUtils.java:logGet(46)) - raft.server.log.segment.size.max = 8KB (=8192) (custom)
2023-02-21 22:21:15,140 [s1-impl-thread1] INFO  server.RaftServerConfigKeys (ConfUtils.java:logGet(46)) - raft.server.log.preallocated.size = 4MB (=4194304) (default)
2023-02-21 22:21:15,140 [s1-impl-thread1] INFO  server.RaftServerConfigKeys (ConfUtils.java:logGet(46)) - raft.server.log.force.sync.num = 128 (default)
2023-02-21 22:21:15,140 [s1-impl-thread1] INFO  server.RaftServerConfigKeys (ConfUtils.java:logGet(46)) - raft.server.log.statemachine.data.sync = true (default)
2023-02-21 22:21:15,140 [s1-impl-thread1] INFO  server.RaftServerConfigKeys (ConfUtils.java:logGet(46)) - raft.server.log.statemachine.data.sync.timeout = 10s (default)
2023-02-21 22:21:15,140 [s1-impl-thread1] INFO  server.RaftServerConfigKeys (ConfUtils.java:logGet(46)) - raft.server.log.statemachine.data.sync.timeout.retry = -1 (default)
2023-02-21 22:21:15,140 [s1-impl-thread1] INFO  server.RaftServerConfigKeys (ConfUtils.java:logGet(46)) - raft.server.log.write.buffer.size = 64KB (=65536) (default)
2023-02-21 22:21:15,140 [s1-impl-thread1] INFO  server.RaftServerConfigKeys (ConfUtils.java:logGet(46)) - raft.server.log.appender.buffer.byte-limit = 4MB (=4194304) (default)
2023-02-21 22:21:15,140 [s1-impl-thread1] INFO  server.RaftServerConfigKeys (ConfUtils.java:logGet(46)) - raft.server.log.unsafe-flush.enabled = false (default)
2023-02-21 22:21:15,140 [s1-impl-thread1] INFO  server.RaftServerConfigKeys (ConfUtils.java:logGet(46)) - raft.server.log.async-flush.enabled = false (default)
2023-02-21 22:21:15,140 [s1-impl-thread1] INFO  server.RaftServerConfigKeys (ConfUtils.java:logGet(46)) - raft.server.log.statemachine.data.caching.enabled = false (default)
2023-02-21 22:21:15,141 [s1-impl-thread1] INFO  server.RaftServer$Division (ServerState.java:setRaftConf(378)) - s1@group-7AE7625EDE06: set configuration 0: peers:[s0|rpc:localhost:43927|admin:localhost:45157|client:localhost:40723|dataStream:localhost:44609|priority:0|startupRole:FOLLOWER, s1|rpc:localhost:42677|admin:localhost:44953|client:localhost:33023|dataStream:localhost:35837|priority:0|startupRole:FOLLOWER, s2|rpc:localhost:34337|admin:localhost:38237|client:localhost:44865|dataStream:localhost:42363|priority:0|startupRole:FOLLOWER]|listeners:[], old=null
2023-02-21 22:21:15,141 [s1-impl-thread1] INFO  segmented.LogSegment (LogSegment.java:loadSegment(170)) - Successfully read 41 entries from segment file /home/runner/work/ratis/ratis/ratis-test/target/test/data/dc3d3723/MiniRaftClusterWithSimulatedRpcb1db0ebe/s1/09fb769f-6c90-4502-87aa-7ae7625ede06/current/log_0-40
2023-02-21 22:21:15,142 [s1-impl-thread1] INFO  server.RaftServer$Division (ServerState.java:setRaftConf(378)) - s1@group-7AE7625EDE06: set configuration 41: peers:[s0|rpc:localhost:43927|admin:localhost:45157|client:localhost:40723|dataStream:localhost:44609|priority:0|startupRole:FOLLOWER, s1|rpc:localhost:42677|admin:localhost:44953|client:localhost:33023|dataStream:localhost:35837|priority:0|startupRole:FOLLOWER, s2|rpc:localhost:34337|admin:localhost:38237|client:localhost:44865|dataStream:localhost:42363|priority:0|startupRole:FOLLOWER]|listeners:[], old=null
2023-02-21 22:21:15,142 [s1-impl-thread1] INFO  segmented.LogSegment (LogSegment.java:loadSegment(170)) - Successfully read 2 entries from segment file /home/runner/work/ratis/ratis/ratis-test/target/test/data/dc3d3723/MiniRaftClusterWithSimulatedRpcb1db0ebe/s1/09fb769f-6c90-4502-87aa-7ae7625ede06/current/log_inprogress_41
2023-02-21 22:21:15,142 [s1-impl-thread1] INFO  segmented.SegmentedRaftLogWorker (SegmentedRaftLogWorker.java:lambda$new$0(134)) - s1@group-7AE7625EDE06-SegmentedRaftLogWorker: flushIndex: setUnconditionally 0 -> 42
2023-02-21 22:21:15,142 [s1-impl-thread1] INFO  segmented.SegmentedRaftLogWorker (SegmentedRaftLogWorker.java:lambda$new$0(134)) - s1@group-7AE7625EDE06-SegmentedRaftLogWorker: safeCacheEvictIndex: setUnconditionally 0 -> -1
2023-02-21 22:21:15,142 [s1-impl-thread1] INFO  raftlog.RaftLog (RaftLogBase.java:lambda$new$0(53)) - s1@group-7AE7625EDE06-SegmentedRaftLog: commitIndex: updateToMax old=-1, new=41, updated? true
2023-02-21 22:21:15,142 [s1-impl-thread1] INFO  server.RaftServer$Division (RaftServerImpl.java:start(342)) - s1@group-7AE7625EDE06: start as a follower, conf=41: peers:[s0|rpc:localhost:43927|admin:localhost:45157|client:localhost:40723|dataStream:localhost:44609|priority:0|startupRole:FOLLOWER, s1|rpc:localhost:42677|admin:localhost:44953|client:localhost:33023|dataStream:localhost:35837|priority:0|startupRole:FOLLOWER, s2|rpc:localhost:34337|admin:localhost:38237|client:localhost:44865|dataStream:localhost:42363|priority:0|startupRole:FOLLOWER]|listeners:[], old=null
2023-02-21 22:21:15,142 [s1-impl-thread1] INFO  server.RaftServer$Division (RaftServerImpl.java:setRole(329)) - s1@group-7AE7625EDE06: changes role from      null to FOLLOWER at term 2 for startAsFollower
2023-02-21 22:21:15,142 [s1-impl-thread1] INFO  impl.RoleInfo (RoleInfo.java:updateAndGet(139)) - s1: start s1@group-7AE7625EDE06-FollowerState
2023-02-21 22:21:15,143 [s1-impl-thread1] INFO  util.JmxRegister (JmxRegister.java:tryRegister(44)) - Successfully registered JMX Bean with object name Ratis:service=RaftServer,group=group-7AE7625EDE06,id=s1
2023-02-21 22:21:15,143 [s1@group-7AE7625EDE06-FollowerState] INFO  server.RaftServerConfigKeys (ConfUtils.java:logFallback(53)) - raft.server.rpc.first-election.timeout.min = 150ms (fallback to raft.server.rpc.timeout.min)
2023-02-21 22:21:15,143 [s1@group-7AE7625EDE06-FollowerState] INFO  server.RaftServerConfigKeys (ConfUtils.java:logFallback(53)) - raft.server.rpc.first-election.timeout.max = 300ms (fallback to raft.server.rpc.timeout.max)
2023-02-21 22:21:15,143 [s1-impl-thread1] INFO  server.RaftServerConfigKeys (ConfUtils.java:logGet(46)) - raft.server.snapshot.auto.trigger.enabled = false (default)
2023-02-21 22:21:15,143 [s1-impl-thread1] INFO  server.RaftServerConfigKeys (ConfUtils.java:logGet(46)) - raft.server.snapshot.retention.file.num = -1 (default)
2023-02-21 22:21:15,143 [s1-impl-thread1] INFO  server.RaftServerConfigKeys (ConfUtils.java:logGet(46)) - raft.server.log.purge.upto.snapshot.index = false (default)
2023-02-21 22:21:15,145 [Time-limited test] INFO  server.RaftServer (RaftServerProxy.java:startImpl(397)) - s1: start RPC server
2023-02-21 22:21:15,145 [s1@group-7AE7625EDE06-StateMachineUpdater] INFO  impl.SimpleStateMachine4Testing (SimpleStateMachine4Testing.java:put(205)) - s1: put 1, m0 -> (t:1, i:1), STATEMACHINELOGENTRY, 258@client-C9E13236D1A4
2023-02-21 22:21:15,145 [s1@group-7AE7625EDE06-StateMachineUpdater] INFO  impl.SimpleStateMachine4Testing (SimpleStateMachine4Testing.java:put(205)) - s1: put 3, m1 -> (t:1, i:3), STATEMACHINELOGENTRY, 262@client-C9E13236D1A4
2023-02-21 22:21:15,145 [s1@group-7AE7625EDE06-StateMachineUpdater] INFO  impl.SimpleStateMachine4Testing (SimpleStateMachine4Testing.java:put(205)) - s1: put 5, m2 -> (t:1, i:5), STATEMACHINELOGENTRY, 268@client-C9E13236D1A4
2023-02-21 22:21:15,146 [s1@group-7AE7625EDE06-StateMachineUpdater] INFO  impl.SimpleStateMachine4Testing (SimpleStateMachine4Testing.java:put(205)) - s1: put 7, m3 -> (t:1, i:7), STATEMACHINELOGENTRY, 273@client-C9E13236D1A4
2023-02-21 22:21:15,146 [s1@group-7AE7625EDE06-StateMachineUpdater] INFO  impl.SimpleStateMachine4Testing (SimpleStateMachine4Testing.java:put(205)) - s1: put 9, m4 -> (t:1, i:9), STATEMACHINELOGENTRY, 276@client-C9E13236D1A4
2023-02-21 22:21:15,146 [s1@group-7AE7625EDE06-StateMachineUpdater] INFO  impl.SimpleStateMachine4Testing (SimpleStateMachine4Testing.java:put(205)) - s1: put 11, m5 -> (t:1, i:11), STATEMACHINELOGENTRY, 279@client-C9E13236D1A4
2023-02-21 22:21:15,146 [s1@group-7AE7625EDE06-StateMachineUpdater] INFO  impl.SimpleStateMachine4Testing (SimpleStateMachine4Testing.java:put(205)) - s1: put 13, m6 -> (t:1, i:13), STATEMACHINELOGENTRY, 285@client-C9E13236D1A4
2023-02-21 22:21:15,146 [s1@group-7AE7625EDE06-StateMachineUpdater] INFO  impl.SimpleStateMachine4Testing (SimpleStateMachine4Testing.java:put(205)) - s1: put 15, m7 -> (t:1, i:15), STATEMACHINELOGENTRY, 288@client-C9E13236D1A4
2023-02-21 22:21:15,146 [s1@group-7AE7625EDE06-StateMachineUpdater] INFO  impl.SimpleStateMachine4Testing (SimpleStateMachine4Testing.java:put(205)) - s1: put 17, m8 -> (t:1, i:17), STATEMACHINELOGENTRY, 291@client-C9E13236D1A4
2023-02-21 22:21:15,146 [s1@group-7AE7625EDE06-StateMachineUpdater] INFO  impl.SimpleStateMachine4Testing (SimpleStateMachine4Testing.java:put(205)) - s1: put 19, m9 -> (t:1, i:19), STATEMACHINELOGENTRY, 294@client-C9E13236D1A4
2023-02-21 22:21:15,146 [s1@group-7AE7625EDE06-StateMachineUpdater] INFO  impl.SimpleStateMachine4Testing (SimpleStateMachine4Testing.java:put(205)) - s1: put 21, m10 -> (t:1, i:21), STATEMACHINELOGENTRY, 401@client-407B3E7F6375
2023-02-21 22:21:15,147 [s1@group-7AE7625EDE06-StateMachineUpdater] INFO  impl.SimpleStateMachine4Testing (SimpleStateMachine4Testing.java:put(205)) - s1: put 23, m11 -> (t:1, i:23), STATEMACHINELOGENTRY, 406@client-407B3E7F6375
2023-02-21 22:21:15,147 [s1@group-7AE7625EDE06-StateMachineUpdater] INFO  impl.SimpleStateMachine4Testing (SimpleStateMachine4Testing.java:put(205)) - s1: put 25, m12 -> (t:1, i:25), STATEMACHINELOGENTRY, 409@client-407B3E7F6375
2023-02-21 22:21:15,147 [s1@group-7AE7625EDE06-StateMachineUpdater] INFO  impl.SimpleStateMachine4Testing (SimpleStateMachine4Testing.java:put(205)) - s1: put 27, m13 -> (t:1, i:27), STATEMACHINELOGENTRY, 413@client-407B3E7F6375
2023-02-21 22:21:15,147 [s1@group-7AE7625EDE06-StateMachineUpdater] INFO  impl.SimpleStateMachine4Testing (SimpleStateMachine4Testing.java:put(205)) - s1: put 29, m14 -> (t:1, i:29), STATEMACHINELOGENTRY, 415@client-407B3E7F6375
2023-02-21 22:21:15,147 [s1@group-7AE7625EDE06-StateMachineUpdater] INFO  impl.SimpleStateMachine4Testing (SimpleStateMachine4Testing.java:put(205)) - s1: put 31, m15 -> (t:1, i:31), STATEMACHINELOGENTRY, 420@client-407B3E7F6375
2023-02-21 22:21:15,147 [s1@group-7AE7625EDE06-StateMachineUpdater] INFO  impl.SimpleStateMachine4Testing (SimpleStateMachine4Testing.java:put(205)) - s1: put 33, m16 -> (t:1, i:33), STATEMACHINELOGENTRY, 423@client-407B3E7F6375
2023-02-21 22:21:15,147 [s1@group-7AE7625EDE06-StateMachineUpdater] INFO  impl.SimpleStateMachine4Testing (SimpleStateMachine4Testing.java:put(205)) - s1: put 35, m17 -> (t:1, i:35), STATEMACHINELOGENTRY, 426@client-407B3E7F6375
2023-02-21 22:21:15,147 [s1@group-7AE7625EDE06-StateMachineUpdater] INFO  impl.SimpleStateMachine4Testing (SimpleStateMachine4Testing.java:put(205)) - s1: put 37, m18 -> (t:1, i:37), STATEMACHINELOGENTRY, 428@client-407B3E7F6375
2023-02-21 22:21:15,147 [s1@group-7AE7625EDE06-StateMachineUpdater] INFO  impl.SimpleStateMachine4Testing (SimpleStateMachine4Testing.java:put(205)) - s1: put 39, m19 -> (t:1, i:39), STATEMACHINELOGENTRY, 431@client-407B3E7F6375
2023-02-21 22:21:15,149 [Time-limited test] INFO  impl.MiniRaftCluster (MiniRaftCluster.java:shutdown(831)) - ************************************************************** 
2023-02-21 22:21:15,149 [Time-limited test] INFO  impl.MiniRaftCluster (MiniRaftCluster.java:shutdown(832)) - *** 
2023-02-21 22:21:15,149 [Time-limited test] INFO  impl.MiniRaftCluster (MiniRaftCluster.java:shutdown(833)) - ***     Stopping MiniRaftClusterWithSimulatedRpc
2023-02-21 22:21:15,149 [Time-limited test] INFO  impl.MiniRaftCluster (MiniRaftCluster.java:shutdown(834)) - *** 
2023-02-21 22:21:15,149 [Time-limited test] INFO  impl.MiniRaftCluster (MiniRaftCluster.java:shutdown(835)) - ************************************************************** 
2023-02-21 22:21:15,149 [Time-limited test] INFO  impl.MiniRaftCluster (MiniRaftCluster.java:shutdown(836)) - printing ALL groups
  s0:   CLOSED    LEADER s0@group-7AE7625EDE06:t1, leader=s0, voted=s0, raftlog=Memoized:s0@group-7AE7625EDE06-SegmentedRaftLog:CLOSED:c40, conf=0: peers:[s0|rpc:localhost:43927|admin:localhost:45157|client:localhost:40723|dataStream:localhost:44609|priority:0|startupRole:FOLLOWER, s1|rpc:localhost:42677|admin:localhost:44953|client:localhost:33023|dataStream:localhost:35837|priority:0|startupRole:FOLLOWER, s2|rpc:localhost:34337|admin:localhost:38237|client:localhost:44865|dataStream:localhost:42363|priority:0|startupRole:FOLLOWER]|listeners:[], old=null CLOSED
  s1:  RUNNING  FOLLOWER s1@group-7AE7625EDE06:t2, leader=null, voted=s1, raftlog=Memoized:s1@group-7AE7625EDE06-SegmentedRaftLog:OPENED:c41, conf=41: peers:[s0|rpc:localhost:43927|admin:localhost:45157|client:localhost:40723|dataStream:localhost:44609|priority:0|startupRole:FOLLOWER, s1|rpc:localhost:42677|admin:localhost:44953|client:localhost:33023|dataStream:localhost:35837|priority:0|startupRole:FOLLOWER, s2|rpc:localhost:34337|admin:localhost:38237|client:localhost:44865|dataStream:localhost:42363|priority:0|startupRole:FOLLOWER]|listeners:[], old=null RUNNING
  s2:   CLOSED  FOLLOWER s2@group-7AE7625EDE06:t2, leader=null, voted=s1, raftlog=Memoized:s2@group-7AE7625EDE06-SegmentedRaftLog:CLOSED:c42, conf=41: peers:[s0|rpc:localhost:43927|admin:localhost:45157|client:localhost:40723|dataStream:localhost:44609|priority:0|startupRole:FOLLOWER, s1|rpc:localhost:42677|admin:localhost:44953|client:localhost:33023|dataStream:localhost:35837|priority:0|startupRole:FOLLOWER, s2|rpc:localhost:34337|admin:localhost:38237|client:localhost:44865|dataStream:localhost:42363|priority:0|startupRole:FOLLOWER]|listeners:[], old=null CLOSED
2023-02-21 22:21:15,149 [JvmPauseMonitor40] INFO  util.JvmPauseMonitor (JvmPauseMonitor.java:run(105)) - JvmPauseMonitor-s1: Started
2023-02-21 22:21:15,149 [MiniRaftCluster-9] INFO  server.RaftServer (RaftServerProxy.java:lambda$close$7(413)) - s1: close
2023-02-21 22:21:15,150 [HandlerDaemon-0] INFO  simulation.RequestHandler (RequestHandler.java:run(127)) - s1.clientHandler0 is interrupted by java.io.InterruptedIOException: 
2023-02-21 22:21:15,150 [s1-impl-thread1] INFO  server.RaftServer$Division (RaftServerImpl.java:lambda$close$4(466)) - s1@group-7AE7625EDE06: shutdown
2023-02-21 22:21:15,150 [s1-impl-thread1] INFO  util.JmxRegister (JmxRegister.java:unregister(73)) - Successfully un-registered JMX Bean with object name Ratis:service=RaftServer,group=group-7AE7625EDE06,id=s1
2023-02-21 22:21:15,150 [s1-impl-thread1] INFO  impl.RoleInfo (RoleInfo.java:shutdownFollowerState(110)) - s1: shutdown s1@group-7AE7625EDE06-FollowerState
2023-02-21 22:21:15,150 [HandlerDaemon-1] INFO  simulation.RequestHandler (RequestHandler.java:run(127)) - s1.clientHandler1 is interrupted by java.io.InterruptedIOException: 
2023-02-21 22:21:15,150 [s1-impl-thread1] INFO  impl.StateMachineUpdater (StateMachineUpdater.java:stopAndJoin(154)) - s1@group-7AE7625EDE06-StateMachineUpdater: set stopIndex = 41
2023-02-21 22:21:15,150 [s1@group-7AE7625EDE06-FollowerState] INFO  impl.FollowerState (FollowerState.java:run(152)) - s1@group-7AE7625EDE06-FollowerState was interrupted
2023-02-21 22:21:15,150 [HandlerDaemon-0] INFO  simulation.RequestHandler (RequestHandler.java:run(127)) - s1.serverHandler0 is interrupted by java.io.InterruptedIOException: 
2023-02-21 22:21:15,150 [HandlerDaemon-1] INFO  simulation.RequestHandler (RequestHandler.java:run(127)) - s1.serverHandler1 is interrupted by java.io.InterruptedIOException: 
2023-02-21 22:21:15,150 [HandlerDaemon-2] INFO  simulation.RequestHandler (RequestHandler.java:run(127)) - s1.serverHandler2 is interrupted by java.io.InterruptedIOException: 
2023-02-21 22:21:15,151 [s1-impl-thread1] INFO  server.RaftServer$Division (ServerState.java:close(414)) - s1@group-7AE7625EDE06: applyIndex: 41
2023-02-21 22:21:16,143 [s1-impl-thread1] INFO  segmented.SegmentedRaftLogWorker (SegmentedRaftLogWorker.java:close(242)) - s1@group-7AE7625EDE06-SegmentedRaftLogWorker close()
2023-02-21 22:21:16,143 [JvmPauseMonitor40] INFO  util.JvmPauseMonitor (JvmPauseMonitor.java:run(111)) - JvmPauseMonitor-s1: Stopped
2023-02-21 22:21:16,143 [Time-limited test] INFO  impl.MiniRaftCluster (MiniRaftCluster.java:shutdown(855)) - MiniRaftClusterWithSimulatedRpc shutdown completed
]]></system-out>
  </testcase>
  <testcase name="testRestartWithCorruptedLogEntryWithException" classname="org.apache.ratis.server.simulation.TestServerRestartWithSimulatedRpc" time="1.597"/>
</testsuite>