<?xml version="1.0" encoding="UTF-8"?>
<testsuite xmlns:xsi="http://www.w3.org/2001/XMLSchema-instance" xsi:noNamespaceSchemaLocation="https://maven.apache.org/surefire/maven-surefire-plugin/xsd/surefire-test-report.xsd" name="org.apache.ratis.datastream.TestNettyDataStreamStarTopologyWithGrpcCluster" time="385.365" tests="4" errors="1" skipped="0" failures="0">
  <properties>
    <property name="awt.toolkit" value="sun.awt.X11.XToolkit"/>
    <property name="java.specification.version" value="11"/>
    <property name="sun.cpu.isalist" value=""/>
    <property name="sun.jnu.encoding" value="UTF-8"/>
    <property name="java.class.path" value="/home/runner/work/ratis/ratis/ratis-test/target/test-classes:/home/runner/work/ratis/ratis/ratis-test/target/classes:/home/runner/work/ratis/ratis/ratis-common/target/classes:/home/runner/.m2/repository/org/apache/ratis/ratis-thirdparty-misc/1.0.3/ratis-thirdparty-misc-1.0.3.jar:/home/runner/work/ratis/ratis/ratis-proto/target/ratis-proto-3.0.0-SNAPSHOT.jar:/home/runner/work/ratis/ratis/ratis-common/target/test-classes:/home/runner/work/ratis/ratis/ratis-client/target/classes:/home/runner/work/ratis/ratis/ratis-server/target/classes:/home/runner/work/ratis/ratis/ratis-server-api/target/classes:/home/runner/work/ratis/ratis/ratis-metrics-api/target/classes:/home/runner/work/ratis/ratis/ratis-server/target/test-classes:/home/runner/work/ratis/ratis/ratis-metrics-default/target/classes:/home/runner/work/ratis/ratis/ratis-netty/target/classes:/home/runner/work/ratis/ratis/ratis-netty/target/test-classes:/home/runner/work/ratis/ratis/ratis-grpc/target/classes:/home/runner/work/ratis/ratis/ratis-grpc/target/test-classes:/home/runner/work/ratis/ratis/ratis-shell/target/classes:/home/runner/.m2/repository/commons-cli/commons-cli/1.5.0/commons-cli-1.5.0.jar:/home/runner/.m2/repository/org/reflections/reflections/0.10.2/reflections-0.10.2.jar:/home/runner/.m2/repository/org/javassist/javassist/3.28.0-GA/javassist-3.28.0-GA.jar:/home/runner/.m2/repository/com/google/code/findbugs/jsr305/3.0.2/jsr305-3.0.2.jar:/home/runner/.m2/repository/org/bouncycastle/bcprov-jdk15on/1.70/bcprov-jdk15on-1.70.jar:/home/runner/.m2/repository/org/bouncycastle/bcpkix-jdk15on/1.70/bcpkix-jdk15on-1.70.jar:/home/runner/.m2/repository/org/bouncycastle/bcutil-jdk15on/1.70/bcutil-jdk15on-1.70.jar:/home/runner/.m2/repository/org/slf4j/slf4j-api/1.7.29/slf4j-api-1.7.29.jar:/home/runner/.m2/repository/org/slf4j/slf4j-log4j12/1.7.29/slf4j-log4j12-1.7.29.jar:/home/runner/.m2/repository/log4j/log4j/1.2.17/log4j-1.2.17.jar:/home/runner/.m2/repository/junit/junit/4.13.2/junit-4.13.2.jar:/home/runner/.m2/repository/org/hamcrest/hamcrest-core/1.3/hamcrest-core-1.3.jar:/home/runner/.m2/repository/org/mockito/mockito-core/4.3.1/mockito-core-4.3.1.jar:/home/runner/.m2/repository/net/bytebuddy/byte-buddy/1.12.7/byte-buddy-1.12.7.jar:/home/runner/.m2/repository/net/bytebuddy/byte-buddy-agent/1.12.7/byte-buddy-agent-1.12.7.jar:/home/runner/.m2/repository/org/objenesis/objenesis/3.2/objenesis-3.2.jar:"/>
    <property name="java.vm.vendor" value="Eclipse Adoptium"/>
    <property name="sun.arch.data.model" value="64"/>
    <property name="java.vendor.url" value="https://adoptium.net/"/>
    <property name="user.timezone" value=""/>
    <property name="java.vm.specification.version" value="11"/>
    <property name="os.name" value="Linux"/>
    <property name="sun.java.launcher" value="SUN_STANDARD"/>
    <property name="sun.boot.library.path" value="/usr/lib/jvm/temurin-11-jdk-amd64/lib"/>
    <property name="sun.java.command" value="/home/runner/work/ratis/ratis/ratis-test/target/surefire/surefirebooter14544192833698533468.jar /home/runner/work/ratis/ratis/ratis-test/target/surefire 2023-01-06T13-30-09_110-jvmRun1 surefire8250006947785809625tmp surefire_349684589940489607869tmp"/>
    <property name="jdk.debug" value="release"/>
    <property name="surefire.test.class.path" value="/home/runner/work/ratis/ratis/ratis-test/target/test-classes:/home/runner/work/ratis/ratis/ratis-test/target/classes:/home/runner/work/ratis/ratis/ratis-common/target/classes:/home/runner/.m2/repository/org/apache/ratis/ratis-thirdparty-misc/1.0.3/ratis-thirdparty-misc-1.0.3.jar:/home/runner/work/ratis/ratis/ratis-proto/target/ratis-proto-3.0.0-SNAPSHOT.jar:/home/runner/work/ratis/ratis/ratis-common/target/test-classes:/home/runner/work/ratis/ratis/ratis-client/target/classes:/home/runner/work/ratis/ratis/ratis-server/target/classes:/home/runner/work/ratis/ratis/ratis-server-api/target/classes:/home/runner/work/ratis/ratis/ratis-metrics-api/target/classes:/home/runner/work/ratis/ratis/ratis-server/target/test-classes:/home/runner/work/ratis/ratis/ratis-metrics-default/target/classes:/home/runner/work/ratis/ratis/ratis-netty/target/classes:/home/runner/work/ratis/ratis/ratis-netty/target/test-classes:/home/runner/work/ratis/ratis/ratis-grpc/target/classes:/home/runner/work/ratis/ratis/ratis-grpc/target/test-classes:/home/runner/work/ratis/ratis/ratis-shell/target/classes:/home/runner/.m2/repository/commons-cli/commons-cli/1.5.0/commons-cli-1.5.0.jar:/home/runner/.m2/repository/org/reflections/reflections/0.10.2/reflections-0.10.2.jar:/home/runner/.m2/repository/org/javassist/javassist/3.28.0-GA/javassist-3.28.0-GA.jar:/home/runner/.m2/repository/com/google/code/findbugs/jsr305/3.0.2/jsr305-3.0.2.jar:/home/runner/.m2/repository/org/bouncycastle/bcprov-jdk15on/1.70/bcprov-jdk15on-1.70.jar:/home/runner/.m2/repository/org/bouncycastle/bcpkix-jdk15on/1.70/bcpkix-jdk15on-1.70.jar:/home/runner/.m2/repository/org/bouncycastle/bcutil-jdk15on/1.70/bcutil-jdk15on-1.70.jar:/home/runner/.m2/repository/org/slf4j/slf4j-api/1.7.29/slf4j-api-1.7.29.jar:/home/runner/.m2/repository/org/slf4j/slf4j-log4j12/1.7.29/slf4j-log4j12-1.7.29.jar:/home/runner/.m2/repository/log4j/log4j/1.2.17/log4j-1.2.17.jar:/home/runner/.m2/repository/junit/junit/4.13.2/junit-4.13.2.jar:/home/runner/.m2/repository/org/hamcrest/hamcrest-core/1.3/hamcrest-core-1.3.jar:/home/runner/.m2/repository/org/mockito/mockito-core/4.3.1/mockito-core-4.3.1.jar:/home/runner/.m2/repository/net/bytebuddy/byte-buddy/1.12.7/byte-buddy-1.12.7.jar:/home/runner/.m2/repository/net/bytebuddy/byte-buddy-agent/1.12.7/byte-buddy-agent-1.12.7.jar:/home/runner/.m2/repository/org/objenesis/objenesis/3.2/objenesis-3.2.jar:"/>
    <property name="sun.cpu.endian" value="little"/>
    <property name="user.home" value="/home/runner"/>
    <property name="user.language" value="en"/>
    <property name="java.specification.vendor" value="Oracle Corporation"/>
    <property name="java.version.date" value="2022-10-18"/>
    <property name="java.home" value="/usr/lib/jvm/temurin-11-jdk-amd64"/>
    <property name="file.separator" value="/"/>
    <property name="basedir" value="/home/runner/work/ratis/ratis/ratis-test"/>
    <property name="java.vm.compressedOopsMode" value="32-bit"/>
    <property name="line.separator" value="&#10;"/>
    <property name="java.specification.name" value="Java Platform API Specification"/>
    <property name="java.vm.specification.vendor" value="Oracle Corporation"/>
    <property name="java.awt.graphicsenv" value="sun.awt.X11GraphicsEnvironment"/>
    <property name="surefire.real.class.path" value="/home/runner/work/ratis/ratis/ratis-test/target/surefire/surefirebooter14544192833698533468.jar"/>
    <property name="sun.management.compiler" value="HotSpot 64-Bit Tiered Compilers"/>
    <property name="java.runtime.version" value="11.0.17+8"/>
    <property name="user.name" value="runner"/>
    <property name="java.net.preferIPv4Stack" value="true"/>
    <property name="path.separator" value=":"/>
    <property name="os.version" value="5.15.0-1023-azure"/>
    <property name="java.runtime.name" value="OpenJDK Runtime Environment"/>
    <property name="file.encoding" value="UTF-8"/>
    <property name="java.vm.name" value="OpenJDK 64-Bit Server VM"/>
    <property name="java.vendor.version" value="Temurin-11.0.17+8"/>
    <property name="localRepository" value="/home/runner/.m2/repository"/>
    <property name="java.vendor.url.bug" value="https://github.com/adoptium/adoptium-support/issues"/>
    <property name="java.io.tmpdir" value="/tmp"/>
    <property name="java.version" value="11.0.17"/>
    <property name="user.dir" value="/home/runner/work/ratis/ratis/ratis-test"/>
    <property name="os.arch" value="amd64"/>
    <property name="ratis.tmp.dir" value="/home/runner/work/ratis/ratis/ratis-test/target/tmp"/>
    <property name="java.vm.specification.name" value="Java Virtual Machine Specification"/>
    <property name="java.awt.printerjob" value="sun.print.PSPrinterJob"/>
    <property name="ratis.log.dir" value="/home/runner/work/ratis/ratis/ratis-test/target/log"/>
    <property name="sun.os.patch.level" value="unknown"/>
    <property name="java.library.path" value="/usr/java/packages/lib:/usr/lib64:/lib64:/lib:/usr/lib"/>
    <property name="java.vm.info" value="mixed mode"/>
    <property name="java.vendor" value="Eclipse Adoptium"/>
    <property name="java.vm.version" value="11.0.17+8"/>
    <property name="sun.io.unicode.encoding" value="UnicodeLittle"/>
    <property name="java.class.version" value="55.0"/>
  </properties>
  <testcase name="testMultipleStreamsSingleServer" classname="org.apache.ratis.datastream.TestNettyDataStreamStarTopologyWithGrpcCluster" time="14.579"/>
  <testcase name="testMultipleStreamsMultipleServers" classname="org.apache.ratis.datastream.TestNettyDataStreamStarTopologyWithGrpcCluster" time="64.355"/>
  <testcase name="testMultipleStreamsMultipleServersStepDownLeader" classname="org.apache.ratis.datastream.TestNettyDataStreamStarTopologyWithGrpcCluster" time="300.009">
    <error message="test timed out after 300 seconds" type="org.junit.runners.model.TestTimedOutException">org.junit.runners.model.TestTimedOutException: test timed out after 300 seconds
	at java.base@11.0.17/jdk.internal.misc.Unsafe.park(Native Method)
	at java.base@11.0.17/java.util.concurrent.locks.LockSupport.park(LockSupport.java:194)
	at java.base@11.0.17/java.util.concurrent.CompletableFuture$Signaller.block(CompletableFuture.java:1796)
	at java.base@11.0.17/java.util.concurrent.ForkJoinPool.managedBlock(ForkJoinPool.java:3128)
	at java.base@11.0.17/java.util.concurrent.CompletableFuture.waitingGet(CompletableFuture.java:1823)
	at java.base@11.0.17/java.util.concurrent.CompletableFuture.join(CompletableFuture.java:2043)
	at app//org.apache.ratis.datastream.DataStreamAsyncClusterTests$$Lambda$515/0x0000000100341440.apply(Unknown Source)
	at java.base@11.0.17/java.util.stream.ReferencePipeline$3$1.accept(ReferencePipeline.java:195)
	at java.base@11.0.17/java.util.ArrayList$ArrayListSpliterator.forEachRemaining(ArrayList.java:1655)
	at java.base@11.0.17/java.util.stream.AbstractPipeline.copyInto(AbstractPipeline.java:484)
	at java.base@11.0.17/java.util.stream.AbstractPipeline.wrapAndCopyInto(AbstractPipeline.java:474)
	at java.base@11.0.17/java.util.stream.ReduceOps$ReduceOp.evaluateSequential(ReduceOps.java:913)
	at java.base@11.0.17/java.util.stream.AbstractPipeline.evaluate(AbstractPipeline.java:234)
	at java.base@11.0.17/java.util.stream.ReferencePipeline.reduce(ReferencePipeline.java:558)
	at java.base@11.0.17/java.util.stream.ReferencePipeline.max(ReferencePipeline.java:594)
	at app//org.apache.ratis.datastream.DataStreamAsyncClusterTests.runTestDataStream(DataStreamAsyncClusterTests.java:97)
	at app//org.apache.ratis.datastream.DataStreamAsyncClusterTests.runTestDataStreamStepDownLeader(DataStreamAsyncClusterTests.java:82)
	at app//org.apache.ratis.datastream.DataStreamAsyncClusterTests$$Lambda$951/0x00000001004a1c40.accept(Unknown Source)
	at app//org.apache.ratis.server.impl.MiniRaftCluster$Factory$Get.runWithNewCluster(MiniRaftCluster.java:141)
	at app//org.apache.ratis.server.impl.MiniRaftCluster$Factory$Get.runWithNewCluster(MiniRaftCluster.java:121)
	at app//org.apache.ratis.datastream.DataStreamAsyncClusterTests.testMultipleStreamsMultipleServersStepDownLeader(DataStreamAsyncClusterTests.java:78)
	at java.base@11.0.17/jdk.internal.reflect.NativeMethodAccessorImpl.invoke0(Native Method)
	at java.base@11.0.17/jdk.internal.reflect.NativeMethodAccessorImpl.invoke(NativeMethodAccessorImpl.java:62)
	at java.base@11.0.17/jdk.internal.reflect.DelegatingMethodAccessorImpl.invoke(DelegatingMethodAccessorImpl.java:43)
	at java.base@11.0.17/java.lang.reflect.Method.invoke(Method.java:566)
	at app//org.junit.runners.model.FrameworkMethod$1.runReflectiveCall(FrameworkMethod.java:59)
	at app//org.junit.internal.runners.model.ReflectiveCallable.run(ReflectiveCallable.java:12)
	at app//org.junit.runners.model.FrameworkMethod.invokeExplosively(FrameworkMethod.java:56)
	at app//org.junit.internal.runners.statements.InvokeMethod.evaluate(InvokeMethod.java:17)
	at app//org.junit.internal.runners.statements.RunBefores.evaluate(RunBefores.java:26)
	at app//org.junit.internal.runners.statements.RunAfters.evaluate(RunAfters.java:27)
	at app//org.junit.internal.runners.statements.FailOnTimeout$CallableStatement.call(FailOnTimeout.java:299)
	at app//org.junit.internal.runners.statements.FailOnTimeout$CallableStatement.call(FailOnTimeout.java:293)
	at java.base@11.0.17/java.util.concurrent.FutureTask.run(FutureTask.java:264)
	at java.base@11.0.17/java.lang.Thread.run(Thread.java:829)
</error>
    <system-out><![CDATA[2023-01-06 13:37:52,997 [main] INFO  util.LogUtils (Slf4jUtils.java:setLogLevel(38)) - Successfully set org.apache.ratis.conf.ConfUtils log level to WARN
2023-01-06 13:37:52,997 [main] INFO  util.LogUtils (Slf4jUtils.java:setLogLevel(38)) - Successfully set org.apache.ratis.util.FileUtils log level to TRACE
2023-01-06 13:37:52,998 [Time-limited test] INFO  impl.MiniRaftCluster (MiniRaftCluster.java:runWithNewCluster(135)) - Running runWithNewCluster
2023-01-06 13:37:52,998 [Time-limited test] INFO  impl.MiniRaftCluster (MiniRaftCluster.java:<init>(306)) - new MiniRaftClusterWithRpcTypeGrpcAndDataStreamTypeNetty with group-BE38CA648A1A:[s0|rpc:localhost:38633|admin:localhost:40929|client:localhost:41533|dataStream:localhost:40517|priority:0|startupRole:FOLLOWER, s1|rpc:localhost:34777|admin:localhost:37585|client:localhost:41985|dataStream:localhost:37955|priority:0|startupRole:FOLLOWER, s2|rpc:localhost:44299|admin:localhost:37199|client:localhost:33573|dataStream:localhost:37575|priority:0|startupRole:FOLLOWER]
2023-01-06 13:37:52,999 [Time-limited test] INFO  impl.MiniRaftCluster (MiniRaftCluster.java:start(339)) - .............................................................. 
2023-01-06 13:37:52,999 [Time-limited test] INFO  impl.MiniRaftCluster (MiniRaftCluster.java:start(340)) - ... 
2023-01-06 13:37:52,999 [Time-limited test] INFO  impl.MiniRaftCluster (MiniRaftCluster.java:start(341)) - ...     Starting MiniRaftClusterWithRpcTypeGrpcAndDataStreamTypeNetty
2023-01-06 13:37:52,999 [Time-limited test] INFO  impl.MiniRaftCluster (MiniRaftCluster.java:start(342)) - ... 
2023-01-06 13:37:52,999 [Time-limited test] INFO  impl.MiniRaftCluster (MiniRaftCluster.java:start(343)) - .............................................................. 
2023-01-06 13:37:52,999 [Time-limited test] INFO  impl.MiniRaftCluster (MiniRaftCluster.java:initServers(318)) - servers = {}
2023-01-06 13:37:52,999 [Time-limited test] INFO  impl.MiniRaftCluster (MiniRaftCluster.java:newRaftServer(382)) - newRaftServer: s0, group-BE38CA648A1A:[s0|rpc:localhost:38633|admin:localhost:40929|client:localhost:41533|dataStream:localhost:40517|priority:0|startupRole:FOLLOWER, s1|rpc:localhost:34777|admin:localhost:37585|client:localhost:41985|dataStream:localhost:37955|priority:0|startupRole:FOLLOWER, s2|rpc:localhost:44299|admin:localhost:37199|client:localhost:33573|dataStream:localhost:37575|priority:0|startupRole:FOLLOWER], format? true
2023-01-06 13:37:52,999 [Time-limited test] TRACE util.FileUtils (FileUtils.java:deleteFully(201)) - deleteFully target/test/data/8f79180b/MiniRaftClusterWithRpcTypeGrpcAndDataStreamTypeNettyc70cfbf9/s0
2023-01-06 13:37:52,999 [Time-limited test] TRACE util.FileUtils (FileUtils.java:deleteFully(217)) - deleteFully: target/test/data/8f79180b/MiniRaftClusterWithRpcTypeGrpcAndDataStreamTypeNettyc70cfbf9/s0 does not exist.
2023-01-06 13:37:52,999 [Time-limited test] INFO  impl.MiniRaftCluster (MiniRaftCluster.java:newRaftServer(387)) - Formatted directory target/test/data/8f79180b/MiniRaftClusterWithRpcTypeGrpcAndDataStreamTypeNettyc70cfbf9/s0
2023-01-06 13:37:53,000 [Time-limited test] INFO  server.RaftServer (ConfUtils.java:logGet(46)) - raft.rpc.type = GRPC (default)
2023-01-06 13:37:53,000 [Time-limited test] INFO  grpc.GrpcConfigKeys (ConfUtils.java:logFallback(53)) - raft.grpc.admin.host = null (fallback to raft.grpc.server.host)
2023-01-06 13:37:53,000 [Time-limited test] INFO  grpc.GrpcConfigKeys (ConfUtils.java:logGet(46)) - raft.grpc.admin.port = 40929 (custom)
2023-01-06 13:37:53,000 [Time-limited test] INFO  grpc.GrpcConfigKeys (ConfUtils.java:logFallback(53)) - raft.grpc.client.host = null (fallback to raft.grpc.server.host)
2023-01-06 13:37:53,000 [Time-limited test] INFO  grpc.GrpcConfigKeys (ConfUtils.java:logGet(46)) - raft.grpc.client.port = 41533 (custom)
2023-01-06 13:37:53,001 [Time-limited test] INFO  grpc.GrpcConfigKeys (ConfUtils.java:logGet(46)) - raft.grpc.server.host = null (default)
2023-01-06 13:37:53,001 [Time-limited test] INFO  grpc.GrpcConfigKeys (ConfUtils.java:logGet(46)) - raft.grpc.server.port = 38633 (custom)
2023-01-06 13:37:53,001 [Time-limited test] INFO  server.GrpcService (ConfUtils.java:logGet(46)) - raft.grpc.message.size.max = 64MB (=67108864) (default)
2023-01-06 13:37:53,001 [Time-limited test] INFO  server.RaftServerConfigKeys (ConfUtils.java:logGet(46)) - raft.server.log.appender.buffer.byte-limit = 4MB (=4194304) (default)
2023-01-06 13:37:53,001 [Time-limited test] INFO  server.GrpcService (ConfUtils.java:logGet(46)) - raft.grpc.flow.control.window = 1MB (=1048576) (default)
2023-01-06 13:37:53,001 [Time-limited test] INFO  server.RaftServerConfigKeys (ConfUtils.java:logGet(46)) - raft.server.rpc.request.timeout = 3000ms (default)
2023-01-06 13:37:53,001 [Time-limited test] INFO  grpc.GrpcConfigKeys (ConfUtils.java:logGet(46)) - raft.grpc.server.heartbeat.channel = true (default)
2023-01-06 13:37:53,001 [Time-limited test] INFO  grpc.GrpcConfigKeys (ConfUtils.java:logGet(46)) - raft.grpc.server.async.request.thread.pool.cached = true (default)
2023-01-06 13:37:53,001 [Time-limited test] INFO  grpc.GrpcConfigKeys (ConfUtils.java:logGet(46)) - raft.grpc.server.async.request.thread.pool.size = 32 (default)
2023-01-06 13:37:53,002 [Time-limited test] INFO  impl.DataStreamServerImpl (ConfUtils.java:logGet(46)) - raft.datastream.type = NETTY (custom)
2023-01-06 13:37:53,003 [Time-limited test] INFO  server.RaftServerConfigKeys (ConfUtils.java:logGet(46)) - raft.server.data-stream.async.request.thread.pool.cached = false (default)
2023-01-06 13:37:53,003 [Time-limited test] INFO  server.RaftServerConfigKeys (ConfUtils.java:logGet(46)) - raft.server.data-stream.async.request.thread.pool.size = 32 (default)
2023-01-06 13:37:53,003 [Time-limited test] INFO  server.RaftServerConfigKeys (ConfUtils.java:logGet(46)) - raft.server.data-stream.async.write.thread.pool.size = 16 (default)
2023-01-06 13:37:53,009 [Time-limited test] INFO  server.RaftServerConfigKeys (ConfUtils.java:logGet(46)) - raft.server.data-stream.client.pool.size = 10 (default)
2023-01-06 13:37:53,009 [Time-limited test] INFO  netty.NettyConfigKeys$DataStream (ConfUtils.java:logGet(46)) - raft.netty.dataStream.server.use-epoll = false (default)
2023-01-06 13:37:53,009 [Time-limited test] INFO  netty.NettyConfigKeys$DataStream (ConfUtils.java:logGet(46)) - raft.netty.dataStream.server.boss-group.size = 0 (default)
2023-01-06 13:37:53,010 [Time-limited test] INFO  netty.NettyConfigKeys$DataStream (ConfUtils.java:logGet(46)) - raft.netty.dataStream.server.worker-group.size = 0 (default)
2023-01-06 13:37:53,010 [Time-limited test] INFO  netty.NettyConfigKeys$DataStream (ConfUtils.java:logGet(46)) - raft.netty.dataStream.server.tls.conf = null (default)
2023-01-06 13:37:53,012 [Time-limited test] INFO  netty.NettyConfigKeys$DataStream (ConfUtils.java:logGet(46)) - raft.netty.dataStream.host = null (default)
2023-01-06 13:37:53,012 [Time-limited test] INFO  netty.NettyConfigKeys$DataStream (ConfUtils.java:logGet(46)) - raft.netty.dataStream.port = 40517 (custom)
2023-01-06 13:37:53,019 [Time-limited test] INFO  server.RaftServerConfigKeys (ConfUtils.java:logGet(46)) - raft.server.threadpool.proxy.cached = true (default)
2023-01-06 13:37:53,019 [Time-limited test] INFO  server.RaftServerConfigKeys (ConfUtils.java:logGet(46)) - raft.server.threadpool.proxy.size = 0 (default)
2023-01-06 13:37:53,020 [Time-limited test] INFO  server.RaftServerConfigKeys (ConfUtils.java:logGet(46)) - raft.server.rpc.slowness.timeout = 60s (default)
2023-01-06 13:37:53,020 [Time-limited test] INFO  server.RaftServerConfigKeys (ConfUtils.java:logGet(46)) - raft.server.leaderelection.leader.step-down.wait-time = 10s (default)
2023-01-06 13:37:53,020 [Time-limited test] INFO  server.RaftServerConfigKeys (ConfUtils.java:logGet(46)) - raft.server.storage.dir = [/home/runner/work/ratis/ratis/ratis-test/target/test/data/8f79180b/MiniRaftClusterWithRpcTypeGrpcAndDataStreamTypeNettyc70cfbf9/s0] (custom)
2023-01-06 13:37:53,020 [s0-NettyServerStreamRpc-bossGroup--thread1] INFO  logging.LoggingHandler (AbstractInternalLogger.java:log(148)) - [id: 0x8e0c728b] REGISTERED
2023-01-06 13:37:53,025 [s0-NettyServerStreamRpc-bossGroup--thread1] INFO  logging.LoggingHandler (AbstractInternalLogger.java:log(148)) - [id: 0x8e0c728b] BIND: 0.0.0.0/0.0.0.0:40517
2023-01-06 13:37:53,025 [s0-NettyServerStreamRpc-bossGroup--thread1] INFO  logging.LoggingHandler (AbstractInternalLogger.java:log(148)) - [id: 0x8e0c728b, L:/0.0.0.0:40517] ACTIVE
2023-01-06 13:37:53,021 [Time-limited test] INFO  server.RaftServer (RaftServerProxy.java:addNew(99)) - s0: addNew group-BE38CA648A1A:[s0|rpc:localhost:38633|admin:localhost:40929|client:localhost:41533|dataStream:localhost:40517|priority:0|startupRole:FOLLOWER, s1|rpc:localhost:34777|admin:localhost:37585|client:localhost:41985|dataStream:localhost:37955|priority:0|startupRole:FOLLOWER, s2|rpc:localhost:44299|admin:localhost:37199|client:localhost:33573|dataStream:localhost:37575|priority:0|startupRole:FOLLOWER] returns group-BE38CA648A1A:java.util.concurrent.CompletableFuture@6ab18cf0[Not completed]
2023-01-06 13:37:53,031 [Time-limited test] INFO  impl.MiniRaftCluster (MiniRaftCluster.java:newRaftServer(382)) - newRaftServer: s1, group-BE38CA648A1A:[s0|rpc:localhost:38633|admin:localhost:40929|client:localhost:41533|dataStream:localhost:40517|priority:0|startupRole:FOLLOWER, s1|rpc:localhost:34777|admin:localhost:37585|client:localhost:41985|dataStream:localhost:37955|priority:0|startupRole:FOLLOWER, s2|rpc:localhost:44299|admin:localhost:37199|client:localhost:33573|dataStream:localhost:37575|priority:0|startupRole:FOLLOWER], format? true
2023-01-06 13:37:53,031 [Time-limited test] TRACE util.FileUtils (FileUtils.java:deleteFully(201)) - deleteFully target/test/data/8f79180b/MiniRaftClusterWithRpcTypeGrpcAndDataStreamTypeNettyc70cfbf9/s1
2023-01-06 13:37:53,032 [Time-limited test] TRACE util.FileUtils (FileUtils.java:deleteFully(217)) - deleteFully: target/test/data/8f79180b/MiniRaftClusterWithRpcTypeGrpcAndDataStreamTypeNettyc70cfbf9/s1 does not exist.
2023-01-06 13:37:53,032 [Time-limited test] INFO  impl.MiniRaftCluster (MiniRaftCluster.java:newRaftServer(387)) - Formatted directory target/test/data/8f79180b/MiniRaftClusterWithRpcTypeGrpcAndDataStreamTypeNettyc70cfbf9/s1
2023-01-06 13:37:53,033 [Time-limited test] INFO  server.RaftServer (ConfUtils.java:logGet(46)) - raft.rpc.type = GRPC (default)
2023-01-06 13:37:53,033 [Time-limited test] INFO  grpc.GrpcConfigKeys (ConfUtils.java:logFallback(53)) - raft.grpc.admin.host = null (fallback to raft.grpc.server.host)
2023-01-06 13:37:53,033 [Time-limited test] INFO  grpc.GrpcConfigKeys (ConfUtils.java:logGet(46)) - raft.grpc.admin.port = 37585 (custom)
2023-01-06 13:37:53,033 [Time-limited test] INFO  grpc.GrpcConfigKeys (ConfUtils.java:logFallback(53)) - raft.grpc.client.host = null (fallback to raft.grpc.server.host)
2023-01-06 13:37:53,033 [Time-limited test] INFO  grpc.GrpcConfigKeys (ConfUtils.java:logGet(46)) - raft.grpc.client.port = 41985 (custom)
2023-01-06 13:37:53,033 [Time-limited test] INFO  grpc.GrpcConfigKeys (ConfUtils.java:logGet(46)) - raft.grpc.server.host = null (default)
2023-01-06 13:37:53,033 [Time-limited test] INFO  grpc.GrpcConfigKeys (ConfUtils.java:logGet(46)) - raft.grpc.server.port = 34777 (custom)
2023-01-06 13:37:53,033 [Time-limited test] INFO  server.GrpcService (ConfUtils.java:logGet(46)) - raft.grpc.message.size.max = 64MB (=67108864) (default)
2023-01-06 13:37:53,033 [Time-limited test] INFO  server.RaftServerConfigKeys (ConfUtils.java:logGet(46)) - raft.server.log.appender.buffer.byte-limit = 4MB (=4194304) (default)
2023-01-06 13:37:53,033 [Time-limited test] INFO  server.GrpcService (ConfUtils.java:logGet(46)) - raft.grpc.flow.control.window = 1MB (=1048576) (default)
2023-01-06 13:37:53,033 [Time-limited test] INFO  server.RaftServerConfigKeys (ConfUtils.java:logGet(46)) - raft.server.rpc.request.timeout = 3000ms (default)
2023-01-06 13:37:53,034 [Time-limited test] INFO  grpc.GrpcConfigKeys (ConfUtils.java:logGet(46)) - raft.grpc.server.heartbeat.channel = true (default)
2023-01-06 13:37:53,034 [Time-limited test] INFO  grpc.GrpcConfigKeys (ConfUtils.java:logGet(46)) - raft.grpc.server.async.request.thread.pool.cached = true (default)
2023-01-06 13:37:53,034 [Time-limited test] INFO  grpc.GrpcConfigKeys (ConfUtils.java:logGet(46)) - raft.grpc.server.async.request.thread.pool.size = 32 (default)
2023-01-06 13:37:53,035 [Time-limited test] INFO  impl.DataStreamServerImpl (ConfUtils.java:logGet(46)) - raft.datastream.type = NETTY (custom)
2023-01-06 13:37:53,035 [Time-limited test] INFO  server.RaftServerConfigKeys (ConfUtils.java:logGet(46)) - raft.server.data-stream.async.request.thread.pool.cached = false (default)
2023-01-06 13:37:53,035 [Time-limited test] INFO  server.RaftServerConfigKeys (ConfUtils.java:logGet(46)) - raft.server.data-stream.async.request.thread.pool.size = 32 (default)
2023-01-06 13:37:53,035 [Time-limited test] INFO  server.RaftServerConfigKeys (ConfUtils.java:logGet(46)) - raft.server.data-stream.async.write.thread.pool.size = 16 (default)
2023-01-06 13:37:53,035 [Time-limited test] INFO  server.RaftServerConfigKeys (ConfUtils.java:logGet(46)) - raft.server.data-stream.client.pool.size = 10 (default)
2023-01-06 13:37:53,035 [Time-limited test] INFO  netty.NettyConfigKeys$DataStream (ConfUtils.java:logGet(46)) - raft.netty.dataStream.server.use-epoll = false (default)
2023-01-06 13:37:53,035 [Time-limited test] INFO  netty.NettyConfigKeys$DataStream (ConfUtils.java:logGet(46)) - raft.netty.dataStream.server.boss-group.size = 0 (default)
2023-01-06 13:37:53,035 [Time-limited test] INFO  netty.NettyConfigKeys$DataStream (ConfUtils.java:logGet(46)) - raft.netty.dataStream.server.worker-group.size = 0 (default)
2023-01-06 13:37:53,035 [Time-limited test] INFO  netty.NettyConfigKeys$DataStream (ConfUtils.java:logGet(46)) - raft.netty.dataStream.server.tls.conf = null (default)
2023-01-06 13:37:53,036 [Time-limited test] INFO  netty.NettyConfigKeys$DataStream (ConfUtils.java:logGet(46)) - raft.netty.dataStream.host = null (default)
2023-01-06 13:37:53,037 [Time-limited test] INFO  netty.NettyConfigKeys$DataStream (ConfUtils.java:logGet(46)) - raft.netty.dataStream.port = 37955 (custom)
2023-01-06 13:37:53,038 [Time-limited test] INFO  server.RaftServerConfigKeys (ConfUtils.java:logGet(46)) - raft.server.threadpool.proxy.cached = true (default)
2023-01-06 13:37:53,038 [Time-limited test] INFO  server.RaftServerConfigKeys (ConfUtils.java:logGet(46)) - raft.server.threadpool.proxy.size = 0 (default)
2023-01-06 13:37:53,038 [Time-limited test] INFO  server.RaftServerConfigKeys (ConfUtils.java:logGet(46)) - raft.server.rpc.slowness.timeout = 60s (default)
2023-01-06 13:37:53,038 [Time-limited test] INFO  server.RaftServerConfigKeys (ConfUtils.java:logGet(46)) - raft.server.leaderelection.leader.step-down.wait-time = 10s (default)
2023-01-06 13:37:53,039 [Time-limited test] INFO  server.RaftServerConfigKeys (ConfUtils.java:logGet(46)) - raft.server.storage.dir = [/home/runner/work/ratis/ratis/ratis-test/target/test/data/8f79180b/MiniRaftClusterWithRpcTypeGrpcAndDataStreamTypeNettyc70cfbf9/s1] (custom)
2023-01-06 13:37:53,031 [pool-10-thread-1] INFO  server.RaftServer$Division (RaftServerImpl.java:<init>(198)) - s0: new RaftServerImpl for group-BE38CA648A1A:[s0|rpc:localhost:38633|admin:localhost:40929|client:localhost:41533|dataStream:localhost:40517|priority:0|startupRole:FOLLOWER, s1|rpc:localhost:34777|admin:localhost:37585|client:localhost:41985|dataStream:localhost:37955|priority:0|startupRole:FOLLOWER, s2|rpc:localhost:44299|admin:localhost:37199|client:localhost:33573|dataStream:localhost:37575|priority:0|startupRole:FOLLOWER] with MultiDataStreamStateMachine:uninitialized
2023-01-06 13:37:53,039 [s1-NettyServerStreamRpc-bossGroup--thread1] INFO  logging.LoggingHandler (AbstractInternalLogger.java:log(148)) - [id: 0xac6547ec] REGISTERED
2023-01-06 13:37:53,040 [s1-NettyServerStreamRpc-bossGroup--thread1] INFO  logging.LoggingHandler (AbstractInternalLogger.java:log(148)) - [id: 0xac6547ec] BIND: 0.0.0.0/0.0.0.0:37955
2023-01-06 13:37:53,040 [s1-NettyServerStreamRpc-bossGroup--thread1] INFO  logging.LoggingHandler (AbstractInternalLogger.java:log(148)) - [id: 0xac6547ec, L:/0.0.0.0:37955] ACTIVE
2023-01-06 13:37:53,040 [pool-10-thread-1] INFO  server.RaftServerConfigKeys (ConfUtils.java:logGet(46)) - raft.server.rpc.timeout.min = 150ms (default)
2023-01-06 13:37:53,050 [pool-10-thread-1] INFO  server.RaftServerConfigKeys (ConfUtils.java:logGet(46)) - raft.server.rpc.timeout.max = 300ms (default)
2023-01-06 13:37:53,050 [pool-10-thread-1] INFO  server.RaftServerConfigKeys (ConfUtils.java:logGet(46)) - raft.server.rpc.sleep.time = 25ms (default)
2023-01-06 13:37:53,051 [pool-10-thread-1] INFO  server.RaftServerConfigKeys (ConfUtils.java:logGet(46)) - raft.server.rpc.slowness.timeout = 60s (default)
2023-01-06 13:37:53,051 [pool-10-thread-1] INFO  server.RaftServerConfigKeys (ConfUtils.java:logGet(46)) - raft.server.leaderelection.leader.step-down.wait-time = 10s (default)
2023-01-06 13:37:53,051 [pool-10-thread-1] INFO  server.RaftServerConfigKeys (ConfUtils.java:logGet(46)) - raft.server.sleep.deviation.threshold = 300ms (default)
2023-01-06 13:37:53,051 [pool-10-thread-1] INFO  server.RaftServer$Division (ServerState.java:<init>(113)) - s0@group-BE38CA648A1A: ConfigurationManager, init=-1: peers:[s0|rpc:localhost:38633|admin:localhost:40929|client:localhost:41533|dataStream:localhost:40517|priority:0|startupRole:FOLLOWER, s1|rpc:localhost:34777|admin:localhost:37585|client:localhost:41985|dataStream:localhost:37955|priority:0|startupRole:FOLLOWER, s2|rpc:localhost:44299|admin:localhost:37199|client:localhost:33573|dataStream:localhost:37575|priority:0|startupRole:FOLLOWER]|listeners:[], old=null, confs=<EMPTY_MAP>
2023-01-06 13:37:53,051 [pool-10-thread-1] INFO  server.RaftServerConfigKeys (ConfUtils.java:logGet(46)) - raft.server.notification.no-leader.timeout = 60s (default)
2023-01-06 13:37:53,051 [pool-10-thread-1] INFO  server.RaftServerConfigKeys (ConfUtils.java:logGet(46)) - raft.server.read.timeout = 10s (default)
2023-01-06 13:37:53,051 [pool-10-thread-1] INFO  server.RaftServerConfigKeys (ConfUtils.java:logGet(46)) - raft.server.retrycache.expirytime = 60s (default)
2023-01-06 13:37:53,051 [pool-10-thread-1] INFO  server.RaftServerConfigKeys (ConfUtils.java:logGet(46)) - raft.server.retrycache.statistics.expirytime = 100μs (default)
2023-01-06 13:37:53,051 [pool-10-thread-1] INFO  server.RaftServerConfigKeys (ConfUtils.java:logGet(46)) - raft.server.read.option = DEFAULT (default)
2023-01-06 13:37:53,043 [pool-11-thread-1] INFO  server.RaftServer$Division (RaftServerImpl.java:<init>(198)) - s1: new RaftServerImpl for group-BE38CA648A1A:[s0|rpc:localhost:38633|admin:localhost:40929|client:localhost:41533|dataStream:localhost:40517|priority:0|startupRole:FOLLOWER, s1|rpc:localhost:34777|admin:localhost:37585|client:localhost:41985|dataStream:localhost:37955|priority:0|startupRole:FOLLOWER, s2|rpc:localhost:44299|admin:localhost:37199|client:localhost:33573|dataStream:localhost:37575|priority:0|startupRole:FOLLOWER] with MultiDataStreamStateMachine:uninitialized
2023-01-06 13:37:53,053 [pool-11-thread-1] INFO  server.RaftServerConfigKeys (ConfUtils.java:logGet(46)) - raft.server.rpc.timeout.min = 150ms (default)
2023-01-06 13:37:53,053 [pool-11-thread-1] INFO  server.RaftServerConfigKeys (ConfUtils.java:logGet(46)) - raft.server.rpc.timeout.max = 300ms (default)
2023-01-06 13:37:53,053 [pool-11-thread-1] INFO  server.RaftServerConfigKeys (ConfUtils.java:logGet(46)) - raft.server.rpc.sleep.time = 25ms (default)
2023-01-06 13:37:53,053 [pool-11-thread-1] INFO  server.RaftServerConfigKeys (ConfUtils.java:logGet(46)) - raft.server.rpc.slowness.timeout = 60s (default)
2023-01-06 13:37:53,053 [pool-11-thread-1] INFO  server.RaftServerConfigKeys (ConfUtils.java:logGet(46)) - raft.server.leaderelection.leader.step-down.wait-time = 10s (default)
2023-01-06 13:37:53,053 [pool-11-thread-1] INFO  server.RaftServerConfigKeys (ConfUtils.java:logGet(46)) - raft.server.sleep.deviation.threshold = 300ms (default)
2023-01-06 13:37:53,053 [pool-11-thread-1] INFO  server.RaftServer$Division (ServerState.java:<init>(113)) - s1@group-BE38CA648A1A: ConfigurationManager, init=-1: peers:[s0|rpc:localhost:38633|admin:localhost:40929|client:localhost:41533|dataStream:localhost:40517|priority:0|startupRole:FOLLOWER, s1|rpc:localhost:34777|admin:localhost:37585|client:localhost:41985|dataStream:localhost:37955|priority:0|startupRole:FOLLOWER, s2|rpc:localhost:44299|admin:localhost:37199|client:localhost:33573|dataStream:localhost:37575|priority:0|startupRole:FOLLOWER]|listeners:[], old=null, confs=<EMPTY_MAP>
2023-01-06 13:37:53,053 [pool-11-thread-1] INFO  server.RaftServerConfigKeys (ConfUtils.java:logGet(46)) - raft.server.notification.no-leader.timeout = 60s (default)
2023-01-06 13:37:53,053 [pool-11-thread-1] INFO  server.RaftServerConfigKeys (ConfUtils.java:logGet(46)) - raft.server.read.timeout = 10s (default)
2023-01-06 13:37:53,053 [pool-11-thread-1] INFO  server.RaftServerConfigKeys (ConfUtils.java:logGet(46)) - raft.server.retrycache.expirytime = 60s (default)
2023-01-06 13:37:53,053 [pool-11-thread-1] INFO  server.RaftServerConfigKeys (ConfUtils.java:logGet(46)) - raft.server.retrycache.statistics.expirytime = 100μs (default)
2023-01-06 13:37:53,053 [pool-11-thread-1] INFO  server.RaftServerConfigKeys (ConfUtils.java:logGet(46)) - raft.server.read.option = DEFAULT (default)
2023-01-06 13:37:53,054 [pool-11-thread-1] INFO  server.RaftServerConfigKeys (ConfUtils.java:logGet(46)) - raft.server.log.appender.install.snapshot.enabled = true (default)
2023-01-06 13:37:53,054 [pool-11-thread-1] INFO  server.RaftServerConfigKeys (ConfUtils.java:logGet(46)) - raft.server.threadpool.server.cached = true (default)
2023-01-06 13:37:53,054 [pool-11-thread-1] INFO  server.RaftServerConfigKeys (ConfUtils.java:logGet(46)) - raft.server.threadpool.server.size = 0 (default)
2023-01-06 13:37:53,054 [pool-11-thread-1] INFO  server.RaftServerConfigKeys (ConfUtils.java:logGet(46)) - raft.server.threadpool.client.cached = true (default)
2023-01-06 13:37:53,055 [pool-11-thread-1] INFO  server.RaftServerConfigKeys (ConfUtils.java:logGet(46)) - raft.server.threadpool.client.size = 0 (default)
2023-01-06 13:37:53,040 [Time-limited test] INFO  server.RaftServer (RaftServerProxy.java:addNew(99)) - s1: addNew group-BE38CA648A1A:[s0|rpc:localhost:38633|admin:localhost:40929|client:localhost:41533|dataStream:localhost:40517|priority:0|startupRole:FOLLOWER, s1|rpc:localhost:34777|admin:localhost:37585|client:localhost:41985|dataStream:localhost:37955|priority:0|startupRole:FOLLOWER, s2|rpc:localhost:44299|admin:localhost:37199|client:localhost:33573|dataStream:localhost:37575|priority:0|startupRole:FOLLOWER] returns group-BE38CA648A1A:java.util.concurrent.CompletableFuture@c937f4a[Not completed]
2023-01-06 13:37:53,052 [pool-10-thread-1] INFO  server.RaftServerConfigKeys (ConfUtils.java:logGet(46)) - raft.server.log.appender.install.snapshot.enabled = true (default)
2023-01-06 13:37:53,057 [pool-10-thread-1] INFO  server.RaftServerConfigKeys (ConfUtils.java:logGet(46)) - raft.server.threadpool.server.cached = true (default)
2023-01-06 13:37:53,057 [pool-10-thread-1] INFO  server.RaftServerConfigKeys (ConfUtils.java:logGet(46)) - raft.server.threadpool.server.size = 0 (default)
2023-01-06 13:37:53,057 [pool-10-thread-1] INFO  server.RaftServerConfigKeys (ConfUtils.java:logGet(46)) - raft.server.threadpool.client.cached = true (default)
2023-01-06 13:37:53,057 [pool-10-thread-1] INFO  server.RaftServerConfigKeys (ConfUtils.java:logGet(46)) - raft.server.threadpool.client.size = 0 (default)
2023-01-06 13:37:53,059 [Time-limited test] INFO  impl.MiniRaftCluster (MiniRaftCluster.java:newRaftServer(382)) - newRaftServer: s2, group-BE38CA648A1A:[s0|rpc:localhost:38633|admin:localhost:40929|client:localhost:41533|dataStream:localhost:40517|priority:0|startupRole:FOLLOWER, s1|rpc:localhost:34777|admin:localhost:37585|client:localhost:41985|dataStream:localhost:37955|priority:0|startupRole:FOLLOWER, s2|rpc:localhost:44299|admin:localhost:37199|client:localhost:33573|dataStream:localhost:37575|priority:0|startupRole:FOLLOWER], format? true
2023-01-06 13:37:53,059 [Time-limited test] TRACE util.FileUtils (FileUtils.java:deleteFully(201)) - deleteFully target/test/data/8f79180b/MiniRaftClusterWithRpcTypeGrpcAndDataStreamTypeNettyc70cfbf9/s2
2023-01-06 13:37:53,059 [Time-limited test] TRACE util.FileUtils (FileUtils.java:deleteFully(217)) - deleteFully: target/test/data/8f79180b/MiniRaftClusterWithRpcTypeGrpcAndDataStreamTypeNettyc70cfbf9/s2 does not exist.
2023-01-06 13:37:53,059 [Time-limited test] INFO  impl.MiniRaftCluster (MiniRaftCluster.java:newRaftServer(387)) - Formatted directory target/test/data/8f79180b/MiniRaftClusterWithRpcTypeGrpcAndDataStreamTypeNettyc70cfbf9/s2
2023-01-06 13:37:53,060 [Time-limited test] INFO  server.RaftServer (ConfUtils.java:logGet(46)) - raft.rpc.type = GRPC (default)
2023-01-06 13:37:53,060 [Time-limited test] INFO  grpc.GrpcConfigKeys (ConfUtils.java:logFallback(53)) - raft.grpc.admin.host = null (fallback to raft.grpc.server.host)
2023-01-06 13:37:53,060 [Time-limited test] INFO  grpc.GrpcConfigKeys (ConfUtils.java:logGet(46)) - raft.grpc.admin.port = 37199 (custom)
2023-01-06 13:37:53,060 [Time-limited test] INFO  grpc.GrpcConfigKeys (ConfUtils.java:logFallback(53)) - raft.grpc.client.host = null (fallback to raft.grpc.server.host)
2023-01-06 13:37:53,060 [Time-limited test] INFO  grpc.GrpcConfigKeys (ConfUtils.java:logGet(46)) - raft.grpc.client.port = 33573 (custom)
2023-01-06 13:37:53,060 [Time-limited test] INFO  grpc.GrpcConfigKeys (ConfUtils.java:logGet(46)) - raft.grpc.server.host = null (default)
2023-01-06 13:37:53,060 [Time-limited test] INFO  grpc.GrpcConfigKeys (ConfUtils.java:logGet(46)) - raft.grpc.server.port = 44299 (custom)
2023-01-06 13:37:53,060 [Time-limited test] INFO  server.GrpcService (ConfUtils.java:logGet(46)) - raft.grpc.message.size.max = 64MB (=67108864) (default)
2023-01-06 13:37:53,060 [Time-limited test] INFO  server.RaftServerConfigKeys (ConfUtils.java:logGet(46)) - raft.server.log.appender.buffer.byte-limit = 4MB (=4194304) (default)
2023-01-06 13:37:53,060 [Time-limited test] INFO  server.GrpcService (ConfUtils.java:logGet(46)) - raft.grpc.flow.control.window = 1MB (=1048576) (default)
2023-01-06 13:37:53,060 [Time-limited test] INFO  server.RaftServerConfigKeys (ConfUtils.java:logGet(46)) - raft.server.rpc.request.timeout = 3000ms (default)
2023-01-06 13:37:53,060 [Time-limited test] INFO  grpc.GrpcConfigKeys (ConfUtils.java:logGet(46)) - raft.grpc.server.heartbeat.channel = true (default)
2023-01-06 13:37:53,061 [Time-limited test] INFO  grpc.GrpcConfigKeys (ConfUtils.java:logGet(46)) - raft.grpc.server.async.request.thread.pool.cached = true (default)
2023-01-06 13:37:53,061 [Time-limited test] INFO  grpc.GrpcConfigKeys (ConfUtils.java:logGet(46)) - raft.grpc.server.async.request.thread.pool.size = 32 (default)
2023-01-06 13:37:53,062 [Time-limited test] INFO  impl.DataStreamServerImpl (ConfUtils.java:logGet(46)) - raft.datastream.type = NETTY (custom)
2023-01-06 13:37:53,062 [Time-limited test] INFO  server.RaftServerConfigKeys (ConfUtils.java:logGet(46)) - raft.server.data-stream.async.request.thread.pool.cached = false (default)
2023-01-06 13:37:53,062 [Time-limited test] INFO  server.RaftServerConfigKeys (ConfUtils.java:logGet(46)) - raft.server.data-stream.async.request.thread.pool.size = 32 (default)
2023-01-06 13:37:53,062 [Time-limited test] INFO  server.RaftServerConfigKeys (ConfUtils.java:logGet(46)) - raft.server.data-stream.async.write.thread.pool.size = 16 (default)
2023-01-06 13:37:53,062 [Time-limited test] INFO  server.RaftServerConfigKeys (ConfUtils.java:logGet(46)) - raft.server.data-stream.client.pool.size = 10 (default)
2023-01-06 13:37:53,062 [Time-limited test] INFO  netty.NettyConfigKeys$DataStream (ConfUtils.java:logGet(46)) - raft.netty.dataStream.server.use-epoll = false (default)
2023-01-06 13:37:53,062 [Time-limited test] INFO  netty.NettyConfigKeys$DataStream (ConfUtils.java:logGet(46)) - raft.netty.dataStream.server.boss-group.size = 0 (default)
2023-01-06 13:37:53,062 [Time-limited test] INFO  netty.NettyConfigKeys$DataStream (ConfUtils.java:logGet(46)) - raft.netty.dataStream.server.worker-group.size = 0 (default)
2023-01-06 13:37:53,062 [Time-limited test] INFO  netty.NettyConfigKeys$DataStream (ConfUtils.java:logGet(46)) - raft.netty.dataStream.server.tls.conf = null (default)
2023-01-06 13:37:53,062 [Time-limited test] INFO  netty.NettyConfigKeys$DataStream (ConfUtils.java:logGet(46)) - raft.netty.dataStream.host = null (default)
2023-01-06 13:37:53,063 [Time-limited test] INFO  netty.NettyConfigKeys$DataStream (ConfUtils.java:logGet(46)) - raft.netty.dataStream.port = 37575 (custom)
2023-01-06 13:37:53,063 [Time-limited test] INFO  server.RaftServerConfigKeys (ConfUtils.java:logGet(46)) - raft.server.threadpool.proxy.cached = true (default)
2023-01-06 13:37:53,063 [Time-limited test] INFO  server.RaftServerConfigKeys (ConfUtils.java:logGet(46)) - raft.server.threadpool.proxy.size = 0 (default)
2023-01-06 13:37:53,063 [Time-limited test] INFO  server.RaftServerConfigKeys (ConfUtils.java:logGet(46)) - raft.server.rpc.slowness.timeout = 60s (default)
2023-01-06 13:37:53,063 [Time-limited test] INFO  server.RaftServerConfigKeys (ConfUtils.java:logGet(46)) - raft.server.leaderelection.leader.step-down.wait-time = 10s (default)
2023-01-06 13:37:53,063 [Time-limited test] INFO  server.RaftServerConfigKeys (ConfUtils.java:logGet(46)) - raft.server.storage.dir = [/home/runner/work/ratis/ratis/ratis-test/target/test/data/8f79180b/MiniRaftClusterWithRpcTypeGrpcAndDataStreamTypeNettyc70cfbf9/s2] (custom)
2023-01-06 13:37:53,064 [s2-NettyServerStreamRpc-bossGroup--thread1] INFO  logging.LoggingHandler (AbstractInternalLogger.java:log(148)) - [id: 0x0c51fb98] REGISTERED
2023-01-06 13:37:53,066 [s2-NettyServerStreamRpc-bossGroup--thread1] INFO  logging.LoggingHandler (AbstractInternalLogger.java:log(148)) - [id: 0x0c51fb98] BIND: 0.0.0.0/0.0.0.0:37575
2023-01-06 13:37:53,066 [s2-NettyServerStreamRpc-bossGroup--thread1] INFO  logging.LoggingHandler (AbstractInternalLogger.java:log(148)) - [id: 0x0c51fb98, L:/0.0.0.0:37575] ACTIVE
2023-01-06 13:37:53,064 [pool-12-thread-1] INFO  server.RaftServer$Division (RaftServerImpl.java:<init>(198)) - s2: new RaftServerImpl for group-BE38CA648A1A:[s0|rpc:localhost:38633|admin:localhost:40929|client:localhost:41533|dataStream:localhost:40517|priority:0|startupRole:FOLLOWER, s1|rpc:localhost:34777|admin:localhost:37585|client:localhost:41985|dataStream:localhost:37955|priority:0|startupRole:FOLLOWER, s2|rpc:localhost:44299|admin:localhost:37199|client:localhost:33573|dataStream:localhost:37575|priority:0|startupRole:FOLLOWER] with MultiDataStreamStateMachine:uninitialized
2023-01-06 13:37:53,064 [Time-limited test] INFO  server.RaftServer (RaftServerProxy.java:addNew(99)) - s2: addNew group-BE38CA648A1A:[s0|rpc:localhost:38633|admin:localhost:40929|client:localhost:41533|dataStream:localhost:40517|priority:0|startupRole:FOLLOWER, s1|rpc:localhost:34777|admin:localhost:37585|client:localhost:41985|dataStream:localhost:37955|priority:0|startupRole:FOLLOWER, s2|rpc:localhost:44299|admin:localhost:37199|client:localhost:33573|dataStream:localhost:37575|priority:0|startupRole:FOLLOWER] returns group-BE38CA648A1A:java.util.concurrent.CompletableFuture@1b529274[Not completed]
2023-01-06 13:37:53,070 [pool-12-thread-1] INFO  server.RaftServerConfigKeys (ConfUtils.java:logGet(46)) - raft.server.rpc.timeout.min = 150ms (default)
2023-01-06 13:37:53,070 [s0-impl-thread1] INFO  server.RaftServerConfigKeys (ConfUtils.java:logGet(46)) - raft.server.storage.free-space.min = 0MB (=0) (default)
2023-01-06 13:37:53,074 [s0-impl-thread1] INFO  server.RaftServerConfigKeys (ConfUtils.java:logGet(46)) - raft.server.log.corruption.policy = EXCEPTION (default)
2023-01-06 13:37:53,074 [s0-impl-thread1] INFO  server.RaftServerConfigKeys (ConfUtils.java:logGet(46)) - raft.server.storage.dir = [/home/runner/work/ratis/ratis/ratis-test/target/test/data/8f79180b/MiniRaftClusterWithRpcTypeGrpcAndDataStreamTypeNettyc70cfbf9/s0] (custom)
2023-01-06 13:37:53,074 [s0-impl-thread1] INFO  storage.RaftStorageDirectory (RaftStorageDirectoryImpl.java:analyzeStorage(138)) - The storage directory /home/runner/work/ratis/ratis/ratis-test/target/test/data/8f79180b/MiniRaftClusterWithRpcTypeGrpcAndDataStreamTypeNettyc70cfbf9/s0/0c15a73c-3d24-47ed-988a-be38ca648a1a does not exist. Creating ...
2023-01-06 13:37:53,075 [s0-impl-thread1] TRACE util.FileUtils (LogUtils.java:runAndLog(49)) - Successfully ran Files.createDirectories /home/runner/work/ratis/ratis/ratis-test/target/test/data/8f79180b/MiniRaftClusterWithRpcTypeGrpcAndDataStreamTypeNettyc70cfbf9/s0/0c15a73c-3d24-47ed-988a-be38ca648a1a
2023-01-06 13:37:53,075 [pool-12-thread-1] INFO  server.RaftServerConfigKeys (ConfUtils.java:logGet(46)) - raft.server.rpc.timeout.max = 300ms (default)
2023-01-06 13:37:53,075 [pool-12-thread-1] INFO  server.RaftServerConfigKeys (ConfUtils.java:logGet(46)) - raft.server.rpc.sleep.time = 25ms (default)
2023-01-06 13:37:53,075 [pool-12-thread-1] INFO  server.RaftServerConfigKeys (ConfUtils.java:logGet(46)) - raft.server.rpc.slowness.timeout = 60s (default)
2023-01-06 13:37:53,075 [pool-12-thread-1] INFO  server.RaftServerConfigKeys (ConfUtils.java:logGet(46)) - raft.server.leaderelection.leader.step-down.wait-time = 10s (default)
2023-01-06 13:37:53,075 [pool-12-thread-1] INFO  server.RaftServerConfigKeys (ConfUtils.java:logGet(46)) - raft.server.sleep.deviation.threshold = 300ms (default)
2023-01-06 13:37:53,075 [pool-12-thread-1] INFO  server.RaftServer$Division (ServerState.java:<init>(113)) - s2@group-BE38CA648A1A: ConfigurationManager, init=-1: peers:[s0|rpc:localhost:38633|admin:localhost:40929|client:localhost:41533|dataStream:localhost:40517|priority:0|startupRole:FOLLOWER, s1|rpc:localhost:34777|admin:localhost:37585|client:localhost:41985|dataStream:localhost:37955|priority:0|startupRole:FOLLOWER, s2|rpc:localhost:44299|admin:localhost:37199|client:localhost:33573|dataStream:localhost:37575|priority:0|startupRole:FOLLOWER]|listeners:[], old=null, confs=<EMPTY_MAP>
2023-01-06 13:37:53,075 [pool-12-thread-1] INFO  server.RaftServerConfigKeys (ConfUtils.java:logGet(46)) - raft.server.notification.no-leader.timeout = 60s (default)
2023-01-06 13:37:53,075 [pool-12-thread-1] INFO  server.RaftServerConfigKeys (ConfUtils.java:logGet(46)) - raft.server.read.timeout = 10s (default)
2023-01-06 13:37:53,076 [s0-impl-thread1] INFO  storage.RaftStorageDirectory (RaftStorageDirectoryImpl.java:tryLock(232)) - Lock on /home/runner/work/ratis/ratis/ratis-test/target/test/data/8f79180b/MiniRaftClusterWithRpcTypeGrpcAndDataStreamTypeNettyc70cfbf9/s0/0c15a73c-3d24-47ed-988a-be38ca648a1a/in_use.lock acquired by nodename 11846@fv-az186-430
2023-01-06 13:37:53,076 [s0-impl-thread1] TRACE util.FileUtils (LogUtils.java:runAndLog(49)) - Successfully ran Files.createDirectories /home/runner/work/ratis/ratis/ratis-test/target/test/data/8f79180b/MiniRaftClusterWithRpcTypeGrpcAndDataStreamTypeNettyc70cfbf9/s0/0c15a73c-3d24-47ed-988a-be38ca648a1a/current
2023-01-06 13:37:53,077 [s0-impl-thread1] TRACE util.FileUtils (LogUtils.java:runAndLog(49)) - Successfully ran Files.createDirectories /home/runner/work/ratis/ratis/ratis-test/target/test/data/8f79180b/MiniRaftClusterWithRpcTypeGrpcAndDataStreamTypeNettyc70cfbf9/s0/0c15a73c-3d24-47ed-988a-be38ca648a1a/sm
2023-01-06 13:37:53,076 [pool-12-thread-1] INFO  server.RaftServerConfigKeys (ConfUtils.java:logGet(46)) - raft.server.retrycache.expirytime = 60s (default)
2023-01-06 13:37:53,077 [pool-12-thread-1] INFO  server.RaftServerConfigKeys (ConfUtils.java:logGet(46)) - raft.server.retrycache.statistics.expirytime = 100μs (default)
2023-01-06 13:37:53,077 [pool-12-thread-1] INFO  server.RaftServerConfigKeys (ConfUtils.java:logGet(46)) - raft.server.read.option = DEFAULT (default)
2023-01-06 13:37:53,078 [s0-impl-thread1] INFO  storage.RaftStorage (RaftStorageImpl.java:format(96)) - Storage directory /home/runner/work/ratis/ratis/ratis-test/target/test/data/8f79180b/MiniRaftClusterWithRpcTypeGrpcAndDataStreamTypeNettyc70cfbf9/s0/0c15a73c-3d24-47ed-988a-be38ca648a1a has been successfully formatted.
2023-01-06 13:37:53,078 [s0-impl-thread1] INFO  server.RaftServerConfigKeys (ConfUtils.java:logGet(46)) - raft.server.log.use.memory = false (default)
2023-01-06 13:37:53,078 [s0-impl-thread1] INFO  server.RaftServerConfigKeys (ConfUtils.java:logGet(46)) - raft.server.log.purge.gap = 1024 (default)
2023-01-06 13:37:53,078 [s0-impl-thread1] INFO  server.RaftServerConfigKeys (ConfUtils.java:logGet(46)) - raft.server.log.appender.buffer.byte-limit = 4MB (=4194304) (default)
2023-01-06 13:37:53,078 [s0-impl-thread1] INFO  server.RaftServerConfigKeys (ConfUtils.java:logGet(46)) - raft.server.log.statemachine.data.read.timeout = 1000ms (default)
2023-01-06 13:37:53,078 [s0-impl-thread1] INFO  server.RaftServerConfigKeys (ConfUtils.java:logGet(46)) - raft.server.log.purge.preservation.log.num = 0 (default)
2023-01-06 13:37:53,079 [s0-impl-thread1] INFO  server.RaftServerConfigKeys (ConfUtils.java:logGet(46)) - raft.server.log.segment.size.max = 8MB (=8388608) (default)
2023-01-06 13:37:53,079 [s0-impl-thread1] INFO  server.RaftServerConfigKeys (ConfUtils.java:logGet(46)) - raft.server.log.segment.cache.num.max = 6 (default)
2023-01-06 13:37:53,079 [s0-impl-thread1] INFO  server.RaftServerConfigKeys (ConfUtils.java:logGet(46)) - raft.server.log.segment.cache.size.max = 200MB (=209715200) (default)
2023-01-06 13:37:53,079 [s0-impl-thread1] INFO  segmented.SegmentedRaftLogWorker (SegmentedRaftLogWorker.java:<init>(184)) - new s0@group-BE38CA648A1A-SegmentedRaftLogWorker for RaftStorageImpl:Storage Directory /home/runner/work/ratis/ratis/ratis-test/target/test/data/8f79180b/MiniRaftClusterWithRpcTypeGrpcAndDataStreamTypeNettyc70cfbf9/s0/0c15a73c-3d24-47ed-988a-be38ca648a1a
2023-01-06 13:37:53,079 [s0-impl-thread1] INFO  server.RaftServerConfigKeys (ConfUtils.java:logGet(46)) - raft.server.log.queue.byte-limit = 64MB (=67108864) (default)
2023-01-06 13:37:53,079 [s0-impl-thread1] INFO  server.RaftServerConfigKeys (ConfUtils.java:logGet(46)) - raft.server.log.queue.element-limit = 4096 (default)
2023-01-06 13:37:53,079 [s0-impl-thread1] INFO  server.RaftServerConfigKeys (ConfUtils.java:logGet(46)) - raft.server.log.segment.size.max = 8MB (=8388608) (default)
2023-01-06 13:37:53,079 [s0-impl-thread1] INFO  server.RaftServerConfigKeys (ConfUtils.java:logGet(46)) - raft.server.log.preallocated.size = 4MB (=4194304) (default)
2023-01-06 13:37:53,079 [s0-impl-thread1] INFO  server.RaftServerConfigKeys (ConfUtils.java:logGet(46)) - raft.server.log.force.sync.num = 128 (default)
2023-01-06 13:37:53,079 [s0-impl-thread1] INFO  server.RaftServerConfigKeys (ConfUtils.java:logGet(46)) - raft.server.log.statemachine.data.sync = true (default)
2023-01-06 13:37:53,079 [s0-impl-thread1] INFO  server.RaftServerConfigKeys (ConfUtils.java:logGet(46)) - raft.server.log.statemachine.data.sync.timeout = 10s (default)
2023-01-06 13:37:53,079 [s0-impl-thread1] INFO  server.RaftServerConfigKeys (ConfUtils.java:logGet(46)) - raft.server.log.statemachine.data.sync.timeout.retry = -1 (default)
2023-01-06 13:37:53,080 [s0-impl-thread1] INFO  server.RaftServerConfigKeys (ConfUtils.java:logGet(46)) - raft.server.log.write.buffer.size = 64KB (=65536) (default)
2023-01-06 13:37:53,080 [s0-impl-thread1] INFO  server.RaftServerConfigKeys (ConfUtils.java:logGet(46)) - raft.server.log.appender.buffer.byte-limit = 4MB (=4194304) (default)
2023-01-06 13:37:53,080 [s0-impl-thread1] INFO  server.RaftServerConfigKeys (ConfUtils.java:logGet(46)) - raft.server.log.unsafe-flush.enabled = false (default)
2023-01-06 13:37:53,081 [s0-impl-thread1] INFO  server.RaftServerConfigKeys (ConfUtils.java:logGet(46)) - raft.server.log.async-flush.enabled = false (default)
2023-01-06 13:37:53,081 [s0-impl-thread1] INFO  server.RaftServerConfigKeys (ConfUtils.java:logGet(46)) - raft.server.log.statemachine.data.caching.enabled = false (default)
2023-01-06 13:37:53,081 [s0-impl-thread1] INFO  segmented.SegmentedRaftLogWorker (SegmentedRaftLogWorker.java:lambda$new$0(134)) - s0@group-BE38CA648A1A-SegmentedRaftLogWorker: flushIndex: setUnconditionally 0 -> -1
2023-01-06 13:37:53,081 [s0-impl-thread1] INFO  segmented.SegmentedRaftLogWorker (SegmentedRaftLogWorker.java:lambda$new$0(134)) - s0@group-BE38CA648A1A-SegmentedRaftLogWorker: safeCacheEvictIndex: setUnconditionally 0 -> -1
2023-01-06 13:37:53,082 [pool-12-thread-1] INFO  server.RaftServerConfigKeys (ConfUtils.java:logGet(46)) - raft.server.log.appender.install.snapshot.enabled = true (default)
2023-01-06 13:37:53,085 [pool-12-thread-1] INFO  server.RaftServerConfigKeys (ConfUtils.java:logGet(46)) - raft.server.threadpool.server.cached = true (default)
2023-01-06 13:37:53,085 [pool-12-thread-1] INFO  server.RaftServerConfigKeys (ConfUtils.java:logGet(46)) - raft.server.threadpool.server.size = 0 (default)
2023-01-06 13:37:53,085 [pool-12-thread-1] INFO  server.RaftServerConfigKeys (ConfUtils.java:logGet(46)) - raft.server.threadpool.client.cached = true (default)
2023-01-06 13:37:53,085 [pool-12-thread-1] INFO  server.RaftServerConfigKeys (ConfUtils.java:logGet(46)) - raft.server.threadpool.client.size = 0 (default)
2023-01-06 13:37:53,086 [s0-impl-thread1] INFO  server.RaftServer$Division (RaftServerImpl.java:start(338)) - s0@group-BE38CA648A1A: start as a follower, conf=-1: peers:[s0|rpc:localhost:38633|admin:localhost:40929|client:localhost:41533|dataStream:localhost:40517|priority:0|startupRole:FOLLOWER, s1|rpc:localhost:34777|admin:localhost:37585|client:localhost:41985|dataStream:localhost:37955|priority:0|startupRole:FOLLOWER, s2|rpc:localhost:44299|admin:localhost:37199|client:localhost:33573|dataStream:localhost:37575|priority:0|startupRole:FOLLOWER]|listeners:[], old=null
2023-01-06 13:37:53,086 [s0-impl-thread1] INFO  server.RaftServer$Division (RaftServerImpl.java:setRole(325)) - s0@group-BE38CA648A1A: changes role from      null to FOLLOWER at term 0 for startAsFollower
2023-01-06 13:37:53,086 [s0-impl-thread1] INFO  impl.RoleInfo (RoleInfo.java:updateAndGet(139)) - s0: start s0@group-BE38CA648A1A-FollowerState
2023-01-06 13:37:53,096 [s0-impl-thread1] INFO  util.JmxRegister (JmxRegister.java:tryRegister(44)) - Successfully registered JMX Bean with object name Ratis:service=RaftServer,group=group-BE38CA648A1A,id=s0
2023-01-06 13:37:53,096 [s0-impl-thread1] INFO  server.RaftServerConfigKeys (ConfUtils.java:logGet(46)) - raft.server.snapshot.auto.trigger.enabled = false (default)
2023-01-06 13:37:53,096 [s0-impl-thread1] INFO  server.RaftServerConfigKeys (ConfUtils.java:logGet(46)) - raft.server.snapshot.retention.file.num = -1 (default)
2023-01-06 13:37:53,096 [s0-impl-thread1] INFO  server.RaftServerConfigKeys (ConfUtils.java:logGet(46)) - raft.server.log.purge.upto.snapshot.index = false (default)
2023-01-06 13:37:53,097 [s0@group-BE38CA648A1A-FollowerState] INFO  server.RaftServerConfigKeys (ConfUtils.java:logFallback(53)) - raft.server.rpc.first-election.timeout.min = 150ms (fallback to raft.server.rpc.timeout.min)
2023-01-06 13:37:53,098 [s0@group-BE38CA648A1A-FollowerState] INFO  server.RaftServerConfigKeys (ConfUtils.java:logFallback(53)) - raft.server.rpc.first-election.timeout.max = 300ms (fallback to raft.server.rpc.timeout.max)
2023-01-06 13:37:53,097 [Time-limited test] INFO  server.RaftServer (RaftServerProxy.java:startImpl(396)) - s0: start RPC server
2023-01-06 13:37:53,100 [Time-limited test] INFO  server.GrpcService (GrpcService.java:startImpl(302)) - s0: GrpcService started, listening on 41533
2023-01-06 13:37:53,102 [Time-limited test] INFO  server.GrpcService (GrpcService.java:startImpl(302)) - s0: GrpcService started, listening on 38633
2023-01-06 13:37:53,104 [Time-limited test] INFO  server.GrpcService (GrpcService.java:startImpl(302)) - s0: GrpcService started, listening on 40929
2023-01-06 13:37:53,116 [s1-impl-thread1] INFO  server.RaftServerConfigKeys (ConfUtils.java:logGet(46)) - raft.server.storage.free-space.min = 0MB (=0) (default)
2023-01-06 13:37:53,116 [JvmPauseMonitor4] INFO  util.JvmPauseMonitor (JvmPauseMonitor.java:run(105)) - JvmPauseMonitor-s0: Started
2023-01-06 13:37:53,116 [s1-impl-thread1] INFO  server.RaftServerConfigKeys (ConfUtils.java:logGet(46)) - raft.server.log.corruption.policy = EXCEPTION (default)
2023-01-06 13:37:53,116 [s1-impl-thread1] INFO  server.RaftServerConfigKeys (ConfUtils.java:logGet(46)) - raft.server.storage.dir = [/home/runner/work/ratis/ratis/ratis-test/target/test/data/8f79180b/MiniRaftClusterWithRpcTypeGrpcAndDataStreamTypeNettyc70cfbf9/s1] (custom)
2023-01-06 13:37:53,116 [s1-impl-thread1] INFO  storage.RaftStorageDirectory (RaftStorageDirectoryImpl.java:analyzeStorage(138)) - The storage directory /home/runner/work/ratis/ratis/ratis-test/target/test/data/8f79180b/MiniRaftClusterWithRpcTypeGrpcAndDataStreamTypeNettyc70cfbf9/s1/0c15a73c-3d24-47ed-988a-be38ca648a1a does not exist. Creating ...
2023-01-06 13:37:53,117 [s1-impl-thread1] TRACE util.FileUtils (LogUtils.java:runAndLog(49)) - Successfully ran Files.createDirectories /home/runner/work/ratis/ratis/ratis-test/target/test/data/8f79180b/MiniRaftClusterWithRpcTypeGrpcAndDataStreamTypeNettyc70cfbf9/s1/0c15a73c-3d24-47ed-988a-be38ca648a1a
2023-01-06 13:37:53,118 [s1-impl-thread1] INFO  storage.RaftStorageDirectory (RaftStorageDirectoryImpl.java:tryLock(232)) - Lock on /home/runner/work/ratis/ratis/ratis-test/target/test/data/8f79180b/MiniRaftClusterWithRpcTypeGrpcAndDataStreamTypeNettyc70cfbf9/s1/0c15a73c-3d24-47ed-988a-be38ca648a1a/in_use.lock acquired by nodename 11846@fv-az186-430
2023-01-06 13:37:53,118 [s1-impl-thread1] TRACE util.FileUtils (LogUtils.java:runAndLog(49)) - Successfully ran Files.createDirectories /home/runner/work/ratis/ratis/ratis-test/target/test/data/8f79180b/MiniRaftClusterWithRpcTypeGrpcAndDataStreamTypeNettyc70cfbf9/s1/0c15a73c-3d24-47ed-988a-be38ca648a1a/current
2023-01-06 13:37:53,118 [s1-impl-thread1] TRACE util.FileUtils (LogUtils.java:runAndLog(49)) - Successfully ran Files.createDirectories /home/runner/work/ratis/ratis/ratis-test/target/test/data/8f79180b/MiniRaftClusterWithRpcTypeGrpcAndDataStreamTypeNettyc70cfbf9/s1/0c15a73c-3d24-47ed-988a-be38ca648a1a/sm
2023-01-06 13:37:53,119 [s1-impl-thread1] INFO  storage.RaftStorage (RaftStorageImpl.java:format(96)) - Storage directory /home/runner/work/ratis/ratis/ratis-test/target/test/data/8f79180b/MiniRaftClusterWithRpcTypeGrpcAndDataStreamTypeNettyc70cfbf9/s1/0c15a73c-3d24-47ed-988a-be38ca648a1a has been successfully formatted.
2023-01-06 13:37:53,120 [s1-impl-thread1] INFO  server.RaftServerConfigKeys (ConfUtils.java:logGet(46)) - raft.server.log.use.memory = false (default)
2023-01-06 13:37:53,120 [s1-impl-thread1] INFO  server.RaftServerConfigKeys (ConfUtils.java:logGet(46)) - raft.server.log.purge.gap = 1024 (default)
2023-01-06 13:37:53,120 [s1-impl-thread1] INFO  server.RaftServerConfigKeys (ConfUtils.java:logGet(46)) - raft.server.log.appender.buffer.byte-limit = 4MB (=4194304) (default)
2023-01-06 13:37:53,120 [s1-impl-thread1] INFO  server.RaftServerConfigKeys (ConfUtils.java:logGet(46)) - raft.server.log.statemachine.data.read.timeout = 1000ms (default)
2023-01-06 13:37:53,120 [s1-impl-thread1] INFO  server.RaftServerConfigKeys (ConfUtils.java:logGet(46)) - raft.server.log.purge.preservation.log.num = 0 (default)
2023-01-06 13:37:53,120 [s1-impl-thread1] INFO  server.RaftServerConfigKeys (ConfUtils.java:logGet(46)) - raft.server.log.segment.size.max = 8MB (=8388608) (default)
2023-01-06 13:37:53,121 [s1-impl-thread1] INFO  server.RaftServerConfigKeys (ConfUtils.java:logGet(46)) - raft.server.log.segment.cache.num.max = 6 (default)
2023-01-06 13:37:53,121 [s1-impl-thread1] INFO  server.RaftServerConfigKeys (ConfUtils.java:logGet(46)) - raft.server.log.segment.cache.size.max = 200MB (=209715200) (default)
2023-01-06 13:37:53,121 [s1-impl-thread1] INFO  segmented.SegmentedRaftLogWorker (SegmentedRaftLogWorker.java:<init>(184)) - new s1@group-BE38CA648A1A-SegmentedRaftLogWorker for RaftStorageImpl:Storage Directory /home/runner/work/ratis/ratis/ratis-test/target/test/data/8f79180b/MiniRaftClusterWithRpcTypeGrpcAndDataStreamTypeNettyc70cfbf9/s1/0c15a73c-3d24-47ed-988a-be38ca648a1a
2023-01-06 13:37:53,121 [s1-impl-thread1] INFO  server.RaftServerConfigKeys (ConfUtils.java:logGet(46)) - raft.server.log.queue.byte-limit = 64MB (=67108864) (default)
2023-01-06 13:37:53,121 [s1-impl-thread1] INFO  server.RaftServerConfigKeys (ConfUtils.java:logGet(46)) - raft.server.log.queue.element-limit = 4096 (default)
2023-01-06 13:37:53,121 [s1-impl-thread1] INFO  server.RaftServerConfigKeys (ConfUtils.java:logGet(46)) - raft.server.log.segment.size.max = 8MB (=8388608) (default)
2023-01-06 13:37:53,121 [s1-impl-thread1] INFO  server.RaftServerConfigKeys (ConfUtils.java:logGet(46)) - raft.server.log.preallocated.size = 4MB (=4194304) (default)
2023-01-06 13:37:53,121 [s1-impl-thread1] INFO  server.RaftServerConfigKeys (ConfUtils.java:logGet(46)) - raft.server.log.force.sync.num = 128 (default)
2023-01-06 13:37:53,121 [s1-impl-thread1] INFO  server.RaftServerConfigKeys (ConfUtils.java:logGet(46)) - raft.server.log.statemachine.data.sync = true (default)
2023-01-06 13:37:53,121 [s1-impl-thread1] INFO  server.RaftServerConfigKeys (ConfUtils.java:logGet(46)) - raft.server.log.statemachine.data.sync.timeout = 10s (default)
2023-01-06 13:37:53,121 [s1-impl-thread1] INFO  server.RaftServerConfigKeys (ConfUtils.java:logGet(46)) - raft.server.log.statemachine.data.sync.timeout.retry = -1 (default)
2023-01-06 13:37:53,123 [s1-impl-thread1] INFO  server.RaftServerConfigKeys (ConfUtils.java:logGet(46)) - raft.server.log.write.buffer.size = 64KB (=65536) (default)
2023-01-06 13:37:53,123 [s1-impl-thread1] INFO  server.RaftServerConfigKeys (ConfUtils.java:logGet(46)) - raft.server.log.appender.buffer.byte-limit = 4MB (=4194304) (default)
2023-01-06 13:37:53,124 [s1-impl-thread1] INFO  server.RaftServerConfigKeys (ConfUtils.java:logGet(46)) - raft.server.log.unsafe-flush.enabled = false (default)
2023-01-06 13:37:53,124 [s1-impl-thread1] INFO  server.RaftServerConfigKeys (ConfUtils.java:logGet(46)) - raft.server.log.async-flush.enabled = false (default)
2023-01-06 13:37:53,124 [s1-impl-thread1] INFO  server.RaftServerConfigKeys (ConfUtils.java:logGet(46)) - raft.server.log.statemachine.data.caching.enabled = false (default)
2023-01-06 13:37:53,124 [s1-impl-thread1] INFO  segmented.SegmentedRaftLogWorker (SegmentedRaftLogWorker.java:lambda$new$0(134)) - s1@group-BE38CA648A1A-SegmentedRaftLogWorker: flushIndex: setUnconditionally 0 -> -1
2023-01-06 13:37:53,125 [s1-impl-thread1] INFO  segmented.SegmentedRaftLogWorker (SegmentedRaftLogWorker.java:lambda$new$0(134)) - s1@group-BE38CA648A1A-SegmentedRaftLogWorker: safeCacheEvictIndex: setUnconditionally 0 -> -1
2023-01-06 13:37:53,129 [s1-impl-thread1] INFO  server.RaftServer$Division (RaftServerImpl.java:start(338)) - s1@group-BE38CA648A1A: start as a follower, conf=-1: peers:[s0|rpc:localhost:38633|admin:localhost:40929|client:localhost:41533|dataStream:localhost:40517|priority:0|startupRole:FOLLOWER, s1|rpc:localhost:34777|admin:localhost:37585|client:localhost:41985|dataStream:localhost:37955|priority:0|startupRole:FOLLOWER, s2|rpc:localhost:44299|admin:localhost:37199|client:localhost:33573|dataStream:localhost:37575|priority:0|startupRole:FOLLOWER]|listeners:[], old=null
2023-01-06 13:37:53,130 [s1-impl-thread1] INFO  server.RaftServer$Division (RaftServerImpl.java:setRole(325)) - s1@group-BE38CA648A1A: changes role from      null to FOLLOWER at term 0 for startAsFollower
2023-01-06 13:37:53,130 [s1-impl-thread1] INFO  impl.RoleInfo (RoleInfo.java:updateAndGet(139)) - s1: start s1@group-BE38CA648A1A-FollowerState
2023-01-06 13:37:53,133 [s1-impl-thread1] INFO  util.JmxRegister (JmxRegister.java:tryRegister(44)) - Successfully registered JMX Bean with object name Ratis:service=RaftServer,group=group-BE38CA648A1A,id=s1
2023-01-06 13:37:53,133 [s1-impl-thread1] INFO  server.RaftServerConfigKeys (ConfUtils.java:logGet(46)) - raft.server.snapshot.auto.trigger.enabled = false (default)
2023-01-06 13:37:53,133 [s1-impl-thread1] INFO  server.RaftServerConfigKeys (ConfUtils.java:logGet(46)) - raft.server.snapshot.retention.file.num = -1 (default)
2023-01-06 13:37:53,133 [s1-impl-thread1] INFO  server.RaftServerConfigKeys (ConfUtils.java:logGet(46)) - raft.server.log.purge.upto.snapshot.index = false (default)
2023-01-06 13:37:53,135 [Time-limited test] INFO  server.RaftServer (RaftServerProxy.java:startImpl(396)) - s1: start RPC server
2023-01-06 13:37:53,138 [s1@group-BE38CA648A1A-FollowerState] INFO  server.RaftServerConfigKeys (ConfUtils.java:logFallback(53)) - raft.server.rpc.first-election.timeout.min = 150ms (fallback to raft.server.rpc.timeout.min)
2023-01-06 13:37:53,139 [Time-limited test] INFO  server.GrpcService (GrpcService.java:startImpl(302)) - s1: GrpcService started, listening on 41985
2023-01-06 13:37:53,143 [s1@group-BE38CA648A1A-FollowerState] INFO  server.RaftServerConfigKeys (ConfUtils.java:logFallback(53)) - raft.server.rpc.first-election.timeout.max = 300ms (fallback to raft.server.rpc.timeout.max)
2023-01-06 13:37:53,144 [Time-limited test] INFO  server.GrpcService (GrpcService.java:startImpl(302)) - s1: GrpcService started, listening on 34777
2023-01-06 13:37:53,146 [Time-limited test] INFO  server.GrpcService (GrpcService.java:startImpl(302)) - s1: GrpcService started, listening on 37585
2023-01-06 13:37:53,151 [s2-impl-thread1] INFO  server.RaftServerConfigKeys (ConfUtils.java:logGet(46)) - raft.server.storage.free-space.min = 0MB (=0) (default)
2023-01-06 13:37:53,151 [s2-impl-thread1] INFO  server.RaftServerConfigKeys (ConfUtils.java:logGet(46)) - raft.server.log.corruption.policy = EXCEPTION (default)
2023-01-06 13:37:53,151 [s2-impl-thread1] INFO  server.RaftServerConfigKeys (ConfUtils.java:logGet(46)) - raft.server.storage.dir = [/home/runner/work/ratis/ratis/ratis-test/target/test/data/8f79180b/MiniRaftClusterWithRpcTypeGrpcAndDataStreamTypeNettyc70cfbf9/s2] (custom)
2023-01-06 13:37:53,151 [s2-impl-thread1] INFO  storage.RaftStorageDirectory (RaftStorageDirectoryImpl.java:analyzeStorage(138)) - The storage directory /home/runner/work/ratis/ratis/ratis-test/target/test/data/8f79180b/MiniRaftClusterWithRpcTypeGrpcAndDataStreamTypeNettyc70cfbf9/s2/0c15a73c-3d24-47ed-988a-be38ca648a1a does not exist. Creating ...
2023-01-06 13:37:53,151 [s2-impl-thread1] TRACE util.FileUtils (LogUtils.java:runAndLog(49)) - Successfully ran Files.createDirectories /home/runner/work/ratis/ratis/ratis-test/target/test/data/8f79180b/MiniRaftClusterWithRpcTypeGrpcAndDataStreamTypeNettyc70cfbf9/s2/0c15a73c-3d24-47ed-988a-be38ca648a1a
2023-01-06 13:37:53,152 [JvmPauseMonitor5] INFO  util.JvmPauseMonitor (JvmPauseMonitor.java:run(105)) - JvmPauseMonitor-s1: Started
2023-01-06 13:37:53,152 [s2-impl-thread1] INFO  storage.RaftStorageDirectory (RaftStorageDirectoryImpl.java:tryLock(232)) - Lock on /home/runner/work/ratis/ratis/ratis-test/target/test/data/8f79180b/MiniRaftClusterWithRpcTypeGrpcAndDataStreamTypeNettyc70cfbf9/s2/0c15a73c-3d24-47ed-988a-be38ca648a1a/in_use.lock acquired by nodename 11846@fv-az186-430
2023-01-06 13:37:53,153 [s2-impl-thread1] TRACE util.FileUtils (LogUtils.java:runAndLog(49)) - Successfully ran Files.createDirectories /home/runner/work/ratis/ratis/ratis-test/target/test/data/8f79180b/MiniRaftClusterWithRpcTypeGrpcAndDataStreamTypeNettyc70cfbf9/s2/0c15a73c-3d24-47ed-988a-be38ca648a1a/current
2023-01-06 13:37:53,153 [s2-impl-thread1] TRACE util.FileUtils (LogUtils.java:runAndLog(49)) - Successfully ran Files.createDirectories /home/runner/work/ratis/ratis/ratis-test/target/test/data/8f79180b/MiniRaftClusterWithRpcTypeGrpcAndDataStreamTypeNettyc70cfbf9/s2/0c15a73c-3d24-47ed-988a-be38ca648a1a/sm
2023-01-06 13:37:53,154 [s2-impl-thread1] INFO  storage.RaftStorage (RaftStorageImpl.java:format(96)) - Storage directory /home/runner/work/ratis/ratis/ratis-test/target/test/data/8f79180b/MiniRaftClusterWithRpcTypeGrpcAndDataStreamTypeNettyc70cfbf9/s2/0c15a73c-3d24-47ed-988a-be38ca648a1a has been successfully formatted.
2023-01-06 13:37:53,154 [s2-impl-thread1] INFO  server.RaftServerConfigKeys (ConfUtils.java:logGet(46)) - raft.server.log.use.memory = false (default)
2023-01-06 13:37:53,155 [s2-impl-thread1] INFO  server.RaftServerConfigKeys (ConfUtils.java:logGet(46)) - raft.server.log.purge.gap = 1024 (default)
2023-01-06 13:37:53,155 [s2-impl-thread1] INFO  server.RaftServerConfigKeys (ConfUtils.java:logGet(46)) - raft.server.log.appender.buffer.byte-limit = 4MB (=4194304) (default)
2023-01-06 13:37:53,155 [s2-impl-thread1] INFO  server.RaftServerConfigKeys (ConfUtils.java:logGet(46)) - raft.server.log.statemachine.data.read.timeout = 1000ms (default)
2023-01-06 13:37:53,155 [s2-impl-thread1] INFO  server.RaftServerConfigKeys (ConfUtils.java:logGet(46)) - raft.server.log.purge.preservation.log.num = 0 (default)
2023-01-06 13:37:53,155 [s2-impl-thread1] INFO  server.RaftServerConfigKeys (ConfUtils.java:logGet(46)) - raft.server.log.segment.size.max = 8MB (=8388608) (default)
2023-01-06 13:37:53,155 [s2-impl-thread1] INFO  server.RaftServerConfigKeys (ConfUtils.java:logGet(46)) - raft.server.log.segment.cache.num.max = 6 (default)
2023-01-06 13:37:53,155 [s2-impl-thread1] INFO  server.RaftServerConfigKeys (ConfUtils.java:logGet(46)) - raft.server.log.segment.cache.size.max = 200MB (=209715200) (default)
2023-01-06 13:37:53,155 [s2-impl-thread1] INFO  segmented.SegmentedRaftLogWorker (SegmentedRaftLogWorker.java:<init>(184)) - new s2@group-BE38CA648A1A-SegmentedRaftLogWorker for RaftStorageImpl:Storage Directory /home/runner/work/ratis/ratis/ratis-test/target/test/data/8f79180b/MiniRaftClusterWithRpcTypeGrpcAndDataStreamTypeNettyc70cfbf9/s2/0c15a73c-3d24-47ed-988a-be38ca648a1a
2023-01-06 13:37:53,155 [s2-impl-thread1] INFO  server.RaftServerConfigKeys (ConfUtils.java:logGet(46)) - raft.server.log.queue.byte-limit = 64MB (=67108864) (default)
2023-01-06 13:37:53,155 [s2-impl-thread1] INFO  server.RaftServerConfigKeys (ConfUtils.java:logGet(46)) - raft.server.log.queue.element-limit = 4096 (default)
2023-01-06 13:37:53,155 [s2-impl-thread1] INFO  server.RaftServerConfigKeys (ConfUtils.java:logGet(46)) - raft.server.log.segment.size.max = 8MB (=8388608) (default)
2023-01-06 13:37:53,155 [s2-impl-thread1] INFO  server.RaftServerConfigKeys (ConfUtils.java:logGet(46)) - raft.server.log.preallocated.size = 4MB (=4194304) (default)
2023-01-06 13:37:53,155 [s2-impl-thread1] INFO  server.RaftServerConfigKeys (ConfUtils.java:logGet(46)) - raft.server.log.force.sync.num = 128 (default)
2023-01-06 13:37:53,156 [s2-impl-thread1] INFO  server.RaftServerConfigKeys (ConfUtils.java:logGet(46)) - raft.server.log.statemachine.data.sync = true (default)
2023-01-06 13:37:53,156 [s2-impl-thread1] INFO  server.RaftServerConfigKeys (ConfUtils.java:logGet(46)) - raft.server.log.statemachine.data.sync.timeout = 10s (default)
2023-01-06 13:37:53,156 [s2-impl-thread1] INFO  server.RaftServerConfigKeys (ConfUtils.java:logGet(46)) - raft.server.log.statemachine.data.sync.timeout.retry = -1 (default)
2023-01-06 13:37:53,156 [s2-impl-thread1] INFO  server.RaftServerConfigKeys (ConfUtils.java:logGet(46)) - raft.server.log.write.buffer.size = 64KB (=65536) (default)
2023-01-06 13:37:53,158 [s2-impl-thread1] INFO  server.RaftServerConfigKeys (ConfUtils.java:logGet(46)) - raft.server.log.appender.buffer.byte-limit = 4MB (=4194304) (default)
2023-01-06 13:37:53,161 [s2-impl-thread1] INFO  server.RaftServerConfigKeys (ConfUtils.java:logGet(46)) - raft.server.log.unsafe-flush.enabled = false (default)
2023-01-06 13:37:53,161 [s2-impl-thread1] INFO  server.RaftServerConfigKeys (ConfUtils.java:logGet(46)) - raft.server.log.async-flush.enabled = false (default)
2023-01-06 13:37:53,161 [s2-impl-thread1] INFO  server.RaftServerConfigKeys (ConfUtils.java:logGet(46)) - raft.server.log.statemachine.data.caching.enabled = false (default)
2023-01-06 13:37:53,162 [s2-impl-thread1] INFO  segmented.SegmentedRaftLogWorker (SegmentedRaftLogWorker.java:lambda$new$0(134)) - s2@group-BE38CA648A1A-SegmentedRaftLogWorker: flushIndex: setUnconditionally 0 -> -1
2023-01-06 13:37:53,162 [s2-impl-thread1] INFO  segmented.SegmentedRaftLogWorker (SegmentedRaftLogWorker.java:lambda$new$0(134)) - s2@group-BE38CA648A1A-SegmentedRaftLogWorker: safeCacheEvictIndex: setUnconditionally 0 -> -1
2023-01-06 13:37:53,167 [s2-impl-thread1] INFO  server.RaftServer$Division (RaftServerImpl.java:start(338)) - s2@group-BE38CA648A1A: start as a follower, conf=-1: peers:[s0|rpc:localhost:38633|admin:localhost:40929|client:localhost:41533|dataStream:localhost:40517|priority:0|startupRole:FOLLOWER, s1|rpc:localhost:34777|admin:localhost:37585|client:localhost:41985|dataStream:localhost:37955|priority:0|startupRole:FOLLOWER, s2|rpc:localhost:44299|admin:localhost:37199|client:localhost:33573|dataStream:localhost:37575|priority:0|startupRole:FOLLOWER]|listeners:[], old=null
2023-01-06 13:37:53,167 [s2-impl-thread1] INFO  server.RaftServer$Division (RaftServerImpl.java:setRole(325)) - s2@group-BE38CA648A1A: changes role from      null to FOLLOWER at term 0 for startAsFollower
2023-01-06 13:37:53,167 [s2-impl-thread1] INFO  impl.RoleInfo (RoleInfo.java:updateAndGet(139)) - s2: start s2@group-BE38CA648A1A-FollowerState
2023-01-06 13:37:53,176 [s2-impl-thread1] INFO  util.JmxRegister (JmxRegister.java:tryRegister(44)) - Successfully registered JMX Bean with object name Ratis:service=RaftServer,group=group-BE38CA648A1A,id=s2
2023-01-06 13:37:53,176 [s2@group-BE38CA648A1A-FollowerState] INFO  server.RaftServerConfigKeys (ConfUtils.java:logFallback(53)) - raft.server.rpc.first-election.timeout.min = 150ms (fallback to raft.server.rpc.timeout.min)
2023-01-06 13:37:53,176 [s2-impl-thread1] INFO  server.RaftServerConfigKeys (ConfUtils.java:logGet(46)) - raft.server.snapshot.auto.trigger.enabled = false (default)
2023-01-06 13:37:53,177 [s2-impl-thread1] INFO  server.RaftServerConfigKeys (ConfUtils.java:logGet(46)) - raft.server.snapshot.retention.file.num = -1 (default)
2023-01-06 13:37:53,177 [s2-impl-thread1] INFO  server.RaftServerConfigKeys (ConfUtils.java:logGet(46)) - raft.server.log.purge.upto.snapshot.index = false (default)
2023-01-06 13:37:53,177 [s2@group-BE38CA648A1A-FollowerState] INFO  server.RaftServerConfigKeys (ConfUtils.java:logFallback(53)) - raft.server.rpc.first-election.timeout.max = 300ms (fallback to raft.server.rpc.timeout.max)
2023-01-06 13:37:53,180 [Time-limited test] INFO  server.RaftServer (RaftServerProxy.java:startImpl(396)) - s2: start RPC server
2023-01-06 13:37:53,186 [Time-limited test] INFO  server.GrpcService (GrpcService.java:startImpl(302)) - s2: GrpcService started, listening on 33573
2023-01-06 13:37:53,193 [Time-limited test] INFO  server.GrpcService (GrpcService.java:startImpl(302)) - s2: GrpcService started, listening on 44299
2023-01-06 13:37:53,196 [Time-limited test] INFO  server.GrpcService (GrpcService.java:startImpl(302)) - s2: GrpcService started, listening on 37199
2023-01-06 13:37:53,200 [JvmPauseMonitor6] INFO  util.JvmPauseMonitor (JvmPauseMonitor.java:run(105)) - JvmPauseMonitor-s2: Started
2023-01-06 13:37:53,209 [Time-limited test] INFO  server.RaftServerConfigKeys (ConfUtils.java:logGet(46)) - raft.server.rpc.timeout.max = 300ms (default)
2023-01-06 13:37:53,209 [Time-limited test] INFO  ratis.RaftTestUtil (RaftTestUtil.java:waitForLeader(100)) - printing ALL groups
  s0:  RUNNING  FOLLOWER s0@group-BE38CA648A1A:t0, leader=null, voted=, raftlog=Memoized:s0@group-BE38CA648A1A-SegmentedRaftLog:OPENED:c-1, conf=-1: peers:[s0|rpc:localhost:38633|admin:localhost:40929|client:localhost:41533|dataStream:localhost:40517|priority:0|startupRole:FOLLOWER, s1|rpc:localhost:34777|admin:localhost:37585|client:localhost:41985|dataStream:localhost:37955|priority:0|startupRole:FOLLOWER, s2|rpc:localhost:44299|admin:localhost:37199|client:localhost:33573|dataStream:localhost:37575|priority:0|startupRole:FOLLOWER]|listeners:[], old=null RUNNING
  s1:  RUNNING  FOLLOWER s1@group-BE38CA648A1A:t0, leader=null, voted=, raftlog=Memoized:s1@group-BE38CA648A1A-SegmentedRaftLog:OPENED:c-1, conf=-1: peers:[s0|rpc:localhost:38633|admin:localhost:40929|client:localhost:41533|dataStream:localhost:40517|priority:0|startupRole:FOLLOWER, s1|rpc:localhost:34777|admin:localhost:37585|client:localhost:41985|dataStream:localhost:37955|priority:0|startupRole:FOLLOWER, s2|rpc:localhost:44299|admin:localhost:37199|client:localhost:33573|dataStream:localhost:37575|priority:0|startupRole:FOLLOWER]|listeners:[], old=null RUNNING
  s2:  RUNNING  FOLLOWER s2@group-BE38CA648A1A:t0, leader=null, voted=, raftlog=Memoized:s2@group-BE38CA648A1A-SegmentedRaftLog:OPENED:c-1, conf=-1: peers:[s0|rpc:localhost:38633|admin:localhost:40929|client:localhost:41533|dataStream:localhost:40517|priority:0|startupRole:FOLLOWER, s1|rpc:localhost:34777|admin:localhost:37585|client:localhost:41985|dataStream:localhost:37955|priority:0|startupRole:FOLLOWER, s2|rpc:localhost:44299|admin:localhost:37199|client:localhost:33573|dataStream:localhost:37575|priority:0|startupRole:FOLLOWER]|listeners:[], old=null RUNNING
2023-01-06 13:37:53,209 [Time-limited test] WARN  ratis.RaftTestUtil (JavaUtils.java:attempt(217)) - FAILED "waitForLeader-null-(expectLeader? true)", attempt #1/100: java.lang.IllegalStateException: No leader yet : printing ALL groups
  s0:  RUNNING  FOLLOWER s0@group-BE38CA648A1A:t0, leader=null, voted=, raftlog=Memoized:s0@group-BE38CA648A1A-SegmentedRaftLog:OPENED:c-1, conf=-1: peers:[s0|rpc:localhost:38633|admin:localhost:40929|client:localhost:41533|dataStream:localhost:40517|priority:0|startupRole:FOLLOWER, s1|rpc:localhost:34777|admin:localhost:37585|client:localhost:41985|dataStream:localhost:37955|priority:0|startupRole:FOLLOWER, s2|rpc:localhost:44299|admin:localhost:37199|client:localhost:33573|dataStream:localhost:37575|priority:0|startupRole:FOLLOWER]|listeners:[], old=null RUNNING
  s1:  RUNNING  FOLLOWER s1@group-BE38CA648A1A:t0, leader=null, voted=, raftlog=Memoized:s1@group-BE38CA648A1A-SegmentedRaftLog:OPENED:c-1, conf=-1: peers:[s0|rpc:localhost:38633|admin:localhost:40929|client:localhost:41533|dataStream:localhost:40517|priority:0|startupRole:FOLLOWER, s1|rpc:localhost:34777|admin:localhost:37585|client:localhost:41985|dataStream:localhost:37955|priority:0|startupRole:FOLLOWER, s2|rpc:localhost:44299|admin:localhost:37199|client:localhost:33573|dataStream:localhost:37575|priority:0|startupRole:FOLLOWER]|listeners:[], old=null RUNNING
  s2:  RUNNING  FOLLOWER s2@group-BE38CA648A1A:t0, leader=null, voted=, raftlog=Memoized:s2@group-BE38CA648A1A-SegmentedRaftLog:OPENED:c-1, conf=-1: peers:[s0|rpc:localhost:38633|admin:localhost:40929|client:localhost:41533|dataStream:localhost:40517|priority:0|startupRole:FOLLOWER, s1|rpc:localhost:34777|admin:localhost:37585|client:localhost:41985|dataStream:localhost:37955|priority:0|startupRole:FOLLOWER, s2|rpc:localhost:44299|admin:localhost:37199|client:localhost:33573|dataStream:localhost:37575|priority:0|startupRole:FOLLOWER]|listeners:[], old=null RUNNING, sleep 450ms and then retry.
java.lang.IllegalStateException: No leader yet : printing ALL groups
  s0:  RUNNING  FOLLOWER s0@group-BE38CA648A1A:t0, leader=null, voted=, raftlog=Memoized:s0@group-BE38CA648A1A-SegmentedRaftLog:OPENED:c-1, conf=-1: peers:[s0|rpc:localhost:38633|admin:localhost:40929|client:localhost:41533|dataStream:localhost:40517|priority:0|startupRole:FOLLOWER, s1|rpc:localhost:34777|admin:localhost:37585|client:localhost:41985|dataStream:localhost:37955|priority:0|startupRole:FOLLOWER, s2|rpc:localhost:44299|admin:localhost:37199|client:localhost:33573|dataStream:localhost:37575|priority:0|startupRole:FOLLOWER]|listeners:[], old=null RUNNING
  s1:  RUNNING  FOLLOWER s1@group-BE38CA648A1A:t0, leader=null, voted=, raftlog=Memoized:s1@group-BE38CA648A1A-SegmentedRaftLog:OPENED:c-1, conf=-1: peers:[s0|rpc:localhost:38633|admin:localhost:40929|client:localhost:41533|dataStream:localhost:40517|priority:0|startupRole:FOLLOWER, s1|rpc:localhost:34777|admin:localhost:37585|client:localhost:41985|dataStream:localhost:37955|priority:0|startupRole:FOLLOWER, s2|rpc:localhost:44299|admin:localhost:37199|client:localhost:33573|dataStream:localhost:37575|priority:0|startupRole:FOLLOWER]|listeners:[], old=null RUNNING
  s2:  RUNNING  FOLLOWER s2@group-BE38CA648A1A:t0, leader=null, voted=, raftlog=Memoized:s2@group-BE38CA648A1A-SegmentedRaftLog:OPENED:c-1, conf=-1: peers:[s0|rpc:localhost:38633|admin:localhost:40929|client:localhost:41533|dataStream:localhost:40517|priority:0|startupRole:FOLLOWER, s1|rpc:localhost:34777|admin:localhost:37585|client:localhost:41985|dataStream:localhost:37955|priority:0|startupRole:FOLLOWER, s2|rpc:localhost:44299|admin:localhost:37199|client:localhost:33573|dataStream:localhost:37575|priority:0|startupRole:FOLLOWER]|listeners:[], old=null RUNNING
	at org.apache.ratis.server.impl.MiniRaftCluster.newIllegalStateExceptionForNoLeaders(MiniRaftCluster.java:581)
	at org.apache.ratis.RaftTestUtil.lambda$waitForLeader$1(RaftTestUtil.java:104)
	at org.apache.ratis.server.impl.MiniRaftCluster.getLeader(MiniRaftCluster.java:615)
	at org.apache.ratis.server.impl.MiniRaftCluster.getLeader(MiniRaftCluster.java:608)
	at org.apache.ratis.RaftTestUtil.lambda$waitForLeader$3(RaftTestUtil.java:112)
	at org.apache.ratis.util.JavaUtils.attempt(JavaUtils.java:211)
	at org.apache.ratis.util.JavaUtils.attemptRepeatedly(JavaUtils.java:197)
	at org.apache.ratis.RaftTestUtil.waitForLeader(RaftTestUtil.java:111)
	at org.apache.ratis.RaftTestUtil.waitForLeader(RaftTestUtil.java:92)
	at org.apache.ratis.RaftTestUtil.waitForLeader(RaftTestUtil.java:87)
	at org.apache.ratis.datastream.DataStreamAsyncClusterTests.runTestDataStream(DataStreamAsyncClusterTests.java:90)
	at org.apache.ratis.datastream.DataStreamAsyncClusterTests.runTestDataStreamStepDownLeader(DataStreamAsyncClusterTests.java:82)
	at org.apache.ratis.server.impl.MiniRaftCluster$Factory$Get.runWithNewCluster(MiniRaftCluster.java:141)
	at org.apache.ratis.server.impl.MiniRaftCluster$Factory$Get.runWithNewCluster(MiniRaftCluster.java:121)
	at org.apache.ratis.datastream.DataStreamAsyncClusterTests.testMultipleStreamsMultipleServersStepDownLeader(DataStreamAsyncClusterTests.java:78)
	at java.base/jdk.internal.reflect.NativeMethodAccessorImpl.invoke0(Native Method)
	at java.base/jdk.internal.reflect.NativeMethodAccessorImpl.invoke(NativeMethodAccessorImpl.java:62)
	at java.base/jdk.internal.reflect.DelegatingMethodAccessorImpl.invoke(DelegatingMethodAccessorImpl.java:43)
	at java.base/java.lang.reflect.Method.invoke(Method.java:566)
	at org.junit.runners.model.FrameworkMethod$1.runReflectiveCall(FrameworkMethod.java:59)
	at org.junit.internal.runners.model.ReflectiveCallable.run(ReflectiveCallable.java:12)
	at org.junit.runners.model.FrameworkMethod.invokeExplosively(FrameworkMethod.java:56)
	at org.junit.internal.runners.statements.InvokeMethod.evaluate(InvokeMethod.java:17)
	at org.junit.internal.runners.statements.RunBefores.evaluate(RunBefores.java:26)
	at org.junit.internal.runners.statements.RunAfters.evaluate(RunAfters.java:27)
	at org.junit.internal.runners.statements.FailOnTimeout$CallableStatement.call(FailOnTimeout.java:299)
	at org.junit.internal.runners.statements.FailOnTimeout$CallableStatement.call(FailOnTimeout.java:293)
	at java.base/java.util.concurrent.FutureTask.run(FutureTask.java:264)
	at java.base/java.lang.Thread.run(Thread.java:829)
2023-01-06 13:37:53,358 [s1@group-BE38CA648A1A-FollowerState] INFO  impl.FollowerState (FollowerState.java:run(143)) - s1@group-BE38CA648A1A-FollowerState: change to CANDIDATE, lastRpcElapsedTime:228674992ns, electionTimeout:214ms
2023-01-06 13:37:53,359 [s1@group-BE38CA648A1A-FollowerState] INFO  impl.RoleInfo (RoleInfo.java:shutdownFollowerState(110)) - s1: shutdown s1@group-BE38CA648A1A-FollowerState
2023-01-06 13:37:53,359 [s1@group-BE38CA648A1A-FollowerState] INFO  server.RaftServer$Division (RaftServerImpl.java:setRole(325)) - s1@group-BE38CA648A1A: changes role from  FOLLOWER to CANDIDATE at term 0 for changeToCandidate
2023-01-06 13:37:53,360 [s1@group-BE38CA648A1A-FollowerState] INFO  server.RaftServerConfigKeys (ConfUtils.java:logGet(46)) - raft.server.leaderelection.pre-vote = true (default)
2023-01-06 13:37:53,360 [s1@group-BE38CA648A1A-FollowerState] INFO  impl.RoleInfo (RoleInfo.java:updateAndGet(139)) - s1: start s1@group-BE38CA648A1A-LeaderElection3
2023-01-06 13:37:53,362 [s1@group-BE38CA648A1A-LeaderElection3] INFO  impl.LeaderElection (LeaderElection.java:askForVotes(309)) - s1@group-BE38CA648A1A-LeaderElection3 PRE_VOTE round 0: submit vote requests at term 0 for -1: peers:[s0|rpc:localhost:38633|admin:localhost:40929|client:localhost:41533|dataStream:localhost:40517|priority:0|startupRole:FOLLOWER, s1|rpc:localhost:34777|admin:localhost:37585|client:localhost:41985|dataStream:localhost:37955|priority:0|startupRole:FOLLOWER, s2|rpc:localhost:44299|admin:localhost:37199|client:localhost:33573|dataStream:localhost:37575|priority:0|startupRole:FOLLOWER]|listeners:[], old=null
2023-01-06 13:37:53,366 [s0@group-BE38CA648A1A-FollowerState] INFO  impl.FollowerState (FollowerState.java:run(143)) - s0@group-BE38CA648A1A-FollowerState: change to CANDIDATE, lastRpcElapsedTime:280091497ns, electionTimeout:265ms
2023-01-06 13:37:53,370 [s0@group-BE38CA648A1A-FollowerState] INFO  impl.RoleInfo (RoleInfo.java:shutdownFollowerState(110)) - s0: shutdown s0@group-BE38CA648A1A-FollowerState
2023-01-06 13:37:53,370 [s0@group-BE38CA648A1A-FollowerState] INFO  server.RaftServer$Division (RaftServerImpl.java:setRole(325)) - s0@group-BE38CA648A1A: changes role from  FOLLOWER to CANDIDATE at term 0 for changeToCandidate
2023-01-06 13:37:53,370 [s1@group-BE38CA648A1A-LeaderElection3-1] INFO  server.GrpcServerProtocolClient (GrpcServerProtocolClient.java:<init>(63)) - Build channel for s0
2023-01-06 13:37:53,372 [s0@group-BE38CA648A1A-FollowerState] INFO  server.RaftServerConfigKeys (ConfUtils.java:logGet(46)) - raft.server.leaderelection.pre-vote = true (default)
2023-01-06 13:37:53,373 [s0@group-BE38CA648A1A-FollowerState] INFO  impl.RoleInfo (RoleInfo.java:updateAndGet(139)) - s0: start s0@group-BE38CA648A1A-LeaderElection4
2023-01-06 13:37:53,370 [s1@group-BE38CA648A1A-LeaderElection3-2] INFO  server.GrpcServerProtocolClient (GrpcServerProtocolClient.java:<init>(63)) - Build channel for s2
2023-01-06 13:37:53,370 [s1@group-BE38CA648A1A-LeaderElection3] INFO  server.RaftServerConfigKeys (ConfUtils.java:logFallback(53)) - raft.server.rpc.first-election.timeout.min = 150ms (fallback to raft.server.rpc.timeout.min)
2023-01-06 13:37:53,375 [s1@group-BE38CA648A1A-LeaderElection3] INFO  server.RaftServerConfigKeys (ConfUtils.java:logFallback(53)) - raft.server.rpc.first-election.timeout.max = 300ms (fallback to raft.server.rpc.timeout.max)
2023-01-06 13:37:53,385 [grpc-default-executor-1] INFO  server.RaftServer$Division (RaftServerImpl.java:requestVote(1297)) - s2@group-BE38CA648A1A: receive requestVote(PRE_VOTE, s1, group-BE38CA648A1A, 0, (t:0, i:0))
2023-01-06 13:37:53,385 [grpc-default-executor-1] INFO  impl.VoteContext (VoteContext.java:log(49)) - s2@group-BE38CA648A1A-FOLLOWER: accept PRE_VOTE from s1: our priority 0 <= candidate's priority 0
2023-01-06 13:37:53,385 [grpc-default-executor-1] INFO  server.RaftServer$Division (RaftServerImpl.java:requestVote(1330)) - s2@group-BE38CA648A1A replies to PRE_VOTE vote request: s1<-s2#0:OK-t0. Peer's state: s2@group-BE38CA648A1A:t0, leader=null, voted=, raftlog=Memoized:s2@group-BE38CA648A1A-SegmentedRaftLog:OPENED:c-1, conf=-1: peers:[s0|rpc:localhost:38633|admin:localhost:40929|client:localhost:41533|dataStream:localhost:40517|priority:0|startupRole:FOLLOWER, s1|rpc:localhost:34777|admin:localhost:37585|client:localhost:41985|dataStream:localhost:37955|priority:0|startupRole:FOLLOWER, s2|rpc:localhost:44299|admin:localhost:37199|client:localhost:33573|dataStream:localhost:37575|priority:0|startupRole:FOLLOWER]|listeners:[], old=null
2023-01-06 13:37:53,385 [grpc-default-executor-5] INFO  server.RaftServer$Division (RaftServerImpl.java:requestVote(1297)) - s0@group-BE38CA648A1A: receive requestVote(PRE_VOTE, s1, group-BE38CA648A1A, 0, (t:0, i:0))
2023-01-06 13:37:53,386 [grpc-default-executor-5] INFO  impl.VoteContext (VoteContext.java:log(49)) - s0@group-BE38CA648A1A-CANDIDATE: accept PRE_VOTE from s1: our priority 0 <= candidate's priority 0
2023-01-06 13:37:53,386 [grpc-default-executor-5] INFO  server.RaftServer$Division (RaftServerImpl.java:requestVote(1330)) - s0@group-BE38CA648A1A replies to PRE_VOTE vote request: s1<-s0#0:OK-t0. Peer's state: s0@group-BE38CA648A1A:t0, leader=null, voted=, raftlog=Memoized:s0@group-BE38CA648A1A-SegmentedRaftLog:OPENED:c-1, conf=-1: peers:[s0|rpc:localhost:38633|admin:localhost:40929|client:localhost:41533|dataStream:localhost:40517|priority:0|startupRole:FOLLOWER, s1|rpc:localhost:34777|admin:localhost:37585|client:localhost:41985|dataStream:localhost:37955|priority:0|startupRole:FOLLOWER, s2|rpc:localhost:44299|admin:localhost:37199|client:localhost:33573|dataStream:localhost:37575|priority:0|startupRole:FOLLOWER]|listeners:[], old=null
2023-01-06 13:37:53,392 [s1@group-BE38CA648A1A-LeaderElection3] INFO  impl.LeaderElection (LeaderElection.java:logAndReturn(89)) - s1@group-BE38CA648A1A-LeaderElection3: PRE_VOTE PASSED received 1 response(s) and 0 exception(s):
2023-01-06 13:37:53,393 [s1@group-BE38CA648A1A-LeaderElection3] INFO  impl.LeaderElection (LeaderElection.java:logAndReturn(93)) -   Response 0: s1<-s0#0:OK-t0
2023-01-06 13:37:53,393 [s1@group-BE38CA648A1A-LeaderElection3] INFO  impl.LeaderElection (LeaderElection.java:askForVotes(311)) - s1@group-BE38CA648A1A-LeaderElection3 PRE_VOTE round 0: result PASSED
2023-01-06 13:37:53,395 [s1@group-BE38CA648A1A-LeaderElection3] INFO  impl.LeaderElection (LeaderElection.java:askForVotes(309)) - s1@group-BE38CA648A1A-LeaderElection3 ELECTION round 0: submit vote requests at term 1 for -1: peers:[s0|rpc:localhost:38633|admin:localhost:40929|client:localhost:41533|dataStream:localhost:40517|priority:0|startupRole:FOLLOWER, s1|rpc:localhost:34777|admin:localhost:37585|client:localhost:41985|dataStream:localhost:37955|priority:0|startupRole:FOLLOWER, s2|rpc:localhost:44299|admin:localhost:37199|client:localhost:33573|dataStream:localhost:37575|priority:0|startupRole:FOLLOWER]|listeners:[], old=null
2023-01-06 13:37:53,391 [s0@group-BE38CA648A1A-LeaderElection4] INFO  impl.LeaderElection (LeaderElection.java:askForVotes(309)) - s0@group-BE38CA648A1A-LeaderElection4 PRE_VOTE round 0: submit vote requests at term 0 for -1: peers:[s0|rpc:localhost:38633|admin:localhost:40929|client:localhost:41533|dataStream:localhost:40517|priority:0|startupRole:FOLLOWER, s1|rpc:localhost:34777|admin:localhost:37585|client:localhost:41985|dataStream:localhost:37955|priority:0|startupRole:FOLLOWER, s2|rpc:localhost:44299|admin:localhost:37199|client:localhost:33573|dataStream:localhost:37575|priority:0|startupRole:FOLLOWER]|listeners:[], old=null
2023-01-06 13:37:53,404 [s1@group-BE38CA648A1A-LeaderElection3] INFO  server.RaftServerConfigKeys (ConfUtils.java:logFallback(53)) - raft.server.rpc.first-election.timeout.min = 150ms (fallback to raft.server.rpc.timeout.min)
2023-01-06 13:37:53,416 [s1@group-BE38CA648A1A-LeaderElection3] INFO  server.RaftServerConfigKeys (ConfUtils.java:logFallback(53)) - raft.server.rpc.first-election.timeout.max = 300ms (fallback to raft.server.rpc.timeout.max)
2023-01-06 13:37:53,416 [grpc-default-executor-5] INFO  server.RaftServer$Division (RaftServerImpl.java:requestVote(1297)) - s2@group-BE38CA648A1A: receive requestVote(ELECTION, s1, group-BE38CA648A1A, 1, (t:0, i:0))
2023-01-06 13:37:53,413 [s0@group-BE38CA648A1A-LeaderElection4] INFO  server.RaftServerConfigKeys (ConfUtils.java:logFallback(53)) - raft.server.rpc.first-election.timeout.min = 150ms (fallback to raft.server.rpc.timeout.min)
2023-01-06 13:37:53,406 [s0@group-BE38CA648A1A-LeaderElection4-1] INFO  server.GrpcServerProtocolClient (GrpcServerProtocolClient.java:<init>(63)) - Build channel for s1
2023-01-06 13:37:53,420 [s0@group-BE38CA648A1A-LeaderElection4] INFO  server.RaftServerConfigKeys (ConfUtils.java:logFallback(53)) - raft.server.rpc.first-election.timeout.max = 300ms (fallback to raft.server.rpc.timeout.max)
2023-01-06 13:37:53,418 [s0@group-BE38CA648A1A-LeaderElection4-2] INFO  server.GrpcServerProtocolClient (GrpcServerProtocolClient.java:<init>(63)) - Build channel for s2
2023-01-06 13:37:53,416 [grpc-default-executor-1] INFO  server.RaftServer$Division (RaftServerImpl.java:requestVote(1297)) - s0@group-BE38CA648A1A: receive requestVote(ELECTION, s1, group-BE38CA648A1A, 1, (t:0, i:0))
2023-01-06 13:37:53,422 [grpc-default-executor-1] INFO  impl.VoteContext (VoteContext.java:log(49)) - s0@group-BE38CA648A1A-CANDIDATE: accept ELECTION from s1: our priority 0 <= candidate's priority 0
2023-01-06 13:37:53,422 [grpc-default-executor-1] INFO  server.RaftServer$Division (RaftServerImpl.java:setRole(325)) - s0@group-BE38CA648A1A: changes role from CANDIDATE to FOLLOWER at term 1 for candidate:s1
2023-01-06 13:37:53,422 [grpc-default-executor-1] INFO  impl.RoleInfo (RoleInfo.java:shutdownLeaderElection(130)) - s0: shutdown s0@group-BE38CA648A1A-LeaderElection4
2023-01-06 13:37:53,422 [grpc-default-executor-1] INFO  impl.RoleInfo (RoleInfo.java:updateAndGet(139)) - s0: start s0@group-BE38CA648A1A-FollowerState
2023-01-06 13:37:53,426 [s0@group-BE38CA648A1A-FollowerState] INFO  server.RaftServerConfigKeys (ConfUtils.java:logFallback(53)) - raft.server.rpc.first-election.timeout.min = 150ms (fallback to raft.server.rpc.timeout.min)
2023-01-06 13:37:53,426 [s0@group-BE38CA648A1A-FollowerState] INFO  server.RaftServerConfigKeys (ConfUtils.java:logFallback(53)) - raft.server.rpc.first-election.timeout.max = 300ms (fallback to raft.server.rpc.timeout.max)
2023-01-06 13:37:53,427 [grpc-default-executor-1] INFO  server.RaftServer$Division (RaftServerImpl.java:requestVote(1330)) - s0@group-BE38CA648A1A replies to ELECTION vote request: s1<-s0#0:OK-t1. Peer's state: s0@group-BE38CA648A1A:t1, leader=null, voted=s1, raftlog=Memoized:s0@group-BE38CA648A1A-SegmentedRaftLog:OPENED:c-1, conf=-1: peers:[s0|rpc:localhost:38633|admin:localhost:40929|client:localhost:41533|dataStream:localhost:40517|priority:0|startupRole:FOLLOWER, s1|rpc:localhost:34777|admin:localhost:37585|client:localhost:41985|dataStream:localhost:37955|priority:0|startupRole:FOLLOWER, s2|rpc:localhost:44299|admin:localhost:37199|client:localhost:33573|dataStream:localhost:37575|priority:0|startupRole:FOLLOWER]|listeners:[], old=null
2023-01-06 13:37:53,428 [s1@group-BE38CA648A1A-LeaderElection3] INFO  impl.LeaderElection (LeaderElection.java:logAndReturn(89)) - s1@group-BE38CA648A1A-LeaderElection3: ELECTION PASSED received 1 response(s) and 0 exception(s):
2023-01-06 13:37:53,428 [s1@group-BE38CA648A1A-LeaderElection3] INFO  impl.LeaderElection (LeaderElection.java:logAndReturn(93)) -   Response 0: s1<-s0#0:OK-t1
2023-01-06 13:37:53,428 [s1@group-BE38CA648A1A-LeaderElection3] INFO  impl.LeaderElection (LeaderElection.java:askForVotes(311)) - s1@group-BE38CA648A1A-LeaderElection3 ELECTION round 0: result PASSED
2023-01-06 13:37:53,428 [s1@group-BE38CA648A1A-LeaderElection3] INFO  impl.RoleInfo (RoleInfo.java:shutdownLeaderElection(130)) - s1: shutdown s1@group-BE38CA648A1A-LeaderElection3
2023-01-06 13:37:53,428 [s1@group-BE38CA648A1A-LeaderElection3] INFO  server.RaftServer$Division (RaftServerImpl.java:setRole(325)) - s1@group-BE38CA648A1A: changes role from CANDIDATE to LEADER at term 1 for changeToLeader
2023-01-06 13:37:53,428 [s1@group-BE38CA648A1A-LeaderElection3] INFO  server.RaftServer$Division (ServerState.java:setLeader(260)) - s1@group-BE38CA648A1A: change Leader from null to s1 at term 1 for becomeLeader, leader elected after 375ms
2023-01-06 13:37:53,429 [s1@group-BE38CA648A1A-LeaderElection3] INFO  server.RaftServerConfigKeys (ConfUtils.java:logGet(46)) - raft.server.staging.catchup.gap = 1000 (default)
2023-01-06 13:37:53,429 [s1@group-BE38CA648A1A-LeaderElection3] INFO  server.RaftServerConfigKeys (ConfUtils.java:logGet(46)) - raft.server.write.element-limit = 4096 (default)
2023-01-06 13:37:53,429 [s1@group-BE38CA648A1A-LeaderElection3] INFO  server.RaftServerConfigKeys (ConfUtils.java:logGet(46)) - raft.server.write.byte-limit = 64MB (=67108864) (default)
2023-01-06 13:37:53,429 [s1@group-BE38CA648A1A-LeaderElection3] INFO  server.RaftServerConfigKeys (ConfUtils.java:logGet(46)) - raft.server.watch.timeout = 10s (default)
2023-01-06 13:37:53,429 [s1@group-BE38CA648A1A-LeaderElection3] INFO  server.RaftServerConfigKeys (ConfUtils.java:logGet(46)) - raft.server.watch.timeout.denomination = 1s (default)
2023-01-06 13:37:53,429 [s1@group-BE38CA648A1A-LeaderElection3] INFO  server.RaftServerConfigKeys (ConfUtils.java:logGet(46)) - raft.server.watch.element-limit = 65536 (default)
2023-01-06 13:37:53,429 [s1@group-BE38CA648A1A-LeaderElection3] INFO  server.RaftServerConfigKeys (ConfUtils.java:logGet(46)) - raft.server.write.element-limit = 4096 (default)
2023-01-06 13:37:53,429 [s1@group-BE38CA648A1A-LeaderElection3] INFO  server.RaftServerConfigKeys (ConfUtils.java:logGet(46)) - raft.server.write.follower.gap.ratio.max = -1.0 (default)
2023-01-06 13:37:53,429 [s1@group-BE38CA648A1A-LeaderElection3] INFO  server.RaftServerConfigKeys (ConfUtils.java:logGet(46)) - raft.server.log.appender.snapshot.chunk.size.max = 16MB (=16777216) (default)
2023-01-06 13:37:53,429 [s1@group-BE38CA648A1A-LeaderElection3] INFO  server.RaftServerConfigKeys (ConfUtils.java:logGet(46)) - raft.server.log.appender.buffer.byte-limit = 4MB (=4194304) (default)
2023-01-06 13:37:53,430 [s1@group-BE38CA648A1A-LeaderElection3] INFO  server.RaftServerConfigKeys (ConfUtils.java:logGet(46)) - raft.server.log.appender.buffer.element-limit = 0 (default)
2023-01-06 13:37:53,430 [grpc-default-executor-5] INFO  impl.VoteContext (VoteContext.java:log(49)) - s2@group-BE38CA648A1A-FOLLOWER: accept ELECTION from s1: our priority 0 <= candidate's priority 0
2023-01-06 13:37:53,431 [grpc-default-executor-5] INFO  server.RaftServer$Division (RaftServerImpl.java:setRole(325)) - s2@group-BE38CA648A1A: changes role from  FOLLOWER to FOLLOWER at term 1 for candidate:s1
2023-01-06 13:37:53,431 [grpc-default-executor-5] INFO  impl.RoleInfo (RoleInfo.java:shutdownFollowerState(110)) - s2: shutdown s2@group-BE38CA648A1A-FollowerState
2023-01-06 13:37:53,431 [grpc-default-executor-1] INFO  server.RaftServer$Division (RaftServerImpl.java:requestVote(1297)) - s1@group-BE38CA648A1A: receive requestVote(PRE_VOTE, s0, group-BE38CA648A1A, 0, (t:0, i:0))
2023-01-06 13:37:53,430 [grpc-default-executor-4] INFO  server.RaftServer$Division (RaftServerImpl.java:requestVote(1297)) - s2@group-BE38CA648A1A: receive requestVote(PRE_VOTE, s0, group-BE38CA648A1A, 0, (t:0, i:0))
2023-01-06 13:37:53,430 [s1@group-BE38CA648A1A-LeaderElection3] INFO  grpc.GrpcConfigKeys (ConfUtils.java:logGet(46)) - raft.grpc.server.leader.outstanding.appends.max = 128 (default)
2023-01-06 13:37:53,432 [s1@group-BE38CA648A1A-LeaderElection3] INFO  server.RaftServerConfigKeys (ConfUtils.java:logGet(46)) - raft.server.rpc.request.timeout = 3000ms (default)
2023-01-06 13:37:53,432 [s1@group-BE38CA648A1A-LeaderElection3] INFO  server.RaftServerConfigKeys (ConfUtils.java:logGet(46)) - raft.server.log.appender.install.snapshot.enabled = true (default)
2023-01-06 13:37:53,431 [s2@group-BE38CA648A1A-FollowerState] INFO  impl.FollowerState (FollowerState.java:run(152)) - s2@group-BE38CA648A1A-FollowerState was interrupted
2023-01-06 13:37:53,432 [s1@group-BE38CA648A1A-LeaderElection3] INFO  grpc.GrpcConfigKeys (ConfUtils.java:logGet(46)) - raft.grpc.server.heartbeat.channel = true (default)
2023-01-06 13:37:53,432 [s1@group-BE38CA648A1A-LeaderElection3] INFO  server.RaftServerConfigKeys (ConfUtils.java:logGet(46)) - raft.server.log.appender.wait-time.min = 10ms (default)
2023-01-06 13:37:53,433 [grpc-default-executor-5] INFO  impl.RoleInfo (RoleInfo.java:updateAndGet(139)) - s2: start s2@group-BE38CA648A1A-FollowerState
2023-01-06 13:37:53,433 [s1@group-BE38CA648A1A-LeaderElection3] INFO  server.RaftServerConfigKeys (ConfUtils.java:logGet(46)) - raft.server.log.appender.snapshot.chunk.size.max = 16MB (=16777216) (default)
2023-01-06 13:37:53,433 [s1@group-BE38CA648A1A-LeaderElection3] INFO  server.RaftServerConfigKeys (ConfUtils.java:logGet(46)) - raft.server.log.appender.buffer.byte-limit = 4MB (=4194304) (default)
2023-01-06 13:37:53,433 [s1@group-BE38CA648A1A-LeaderElection3] INFO  server.RaftServerConfigKeys (ConfUtils.java:logGet(46)) - raft.server.log.appender.buffer.element-limit = 0 (default)
2023-01-06 13:37:53,433 [s1@group-BE38CA648A1A-LeaderElection3] INFO  grpc.GrpcConfigKeys (ConfUtils.java:logGet(46)) - raft.grpc.server.leader.outstanding.appends.max = 128 (default)
2023-01-06 13:37:53,433 [s1@group-BE38CA648A1A-LeaderElection3] INFO  server.RaftServerConfigKeys (ConfUtils.java:logGet(46)) - raft.server.rpc.request.timeout = 3000ms (default)
2023-01-06 13:37:53,433 [s1@group-BE38CA648A1A-LeaderElection3] INFO  server.RaftServerConfigKeys (ConfUtils.java:logGet(46)) - raft.server.log.appender.install.snapshot.enabled = true (default)
2023-01-06 13:37:53,433 [s1@group-BE38CA648A1A-LeaderElection3] INFO  grpc.GrpcConfigKeys (ConfUtils.java:logGet(46)) - raft.grpc.server.heartbeat.channel = true (default)
2023-01-06 13:37:53,433 [s1@group-BE38CA648A1A-LeaderElection3] INFO  server.RaftServerConfigKeys (ConfUtils.java:logGet(46)) - raft.server.log.appender.wait-time.min = 10ms (default)
2023-01-06 13:37:53,433 [s1@group-BE38CA648A1A-LeaderElection3] INFO  impl.RoleInfo (RoleInfo.java:updateAndGet(139)) - s1: start s1@group-BE38CA648A1A-LeaderStateImpl
2023-01-06 13:37:53,434 [s1@group-BE38CA648A1A-LeaderElection3] INFO  segmented.SegmentedRaftLogWorker (SegmentedRaftLogWorker.java:startLogSegment(431)) - s1@group-BE38CA648A1A-SegmentedRaftLogWorker: Starting segment from index:0
2023-01-06 13:37:53,447 [s2@group-BE38CA648A1A-FollowerState] INFO  server.RaftServerConfigKeys (ConfUtils.java:logFallback(53)) - raft.server.rpc.first-election.timeout.min = 150ms (fallback to raft.server.rpc.timeout.min)
2023-01-06 13:37:53,447 [s2@group-BE38CA648A1A-FollowerState] INFO  server.RaftServerConfigKeys (ConfUtils.java:logFallback(53)) - raft.server.rpc.first-election.timeout.max = 300ms (fallback to raft.server.rpc.timeout.max)
2023-01-06 13:37:53,448 [grpc-default-executor-5] INFO  server.RaftServer$Division (RaftServerImpl.java:requestVote(1330)) - s2@group-BE38CA648A1A replies to ELECTION vote request: s1<-s2#0:OK-t1. Peer's state: s2@group-BE38CA648A1A:t1, leader=null, voted=s1, raftlog=Memoized:s2@group-BE38CA648A1A-SegmentedRaftLog:OPENED:c-1, conf=-1: peers:[s0|rpc:localhost:38633|admin:localhost:40929|client:localhost:41533|dataStream:localhost:40517|priority:0|startupRole:FOLLOWER, s1|rpc:localhost:34777|admin:localhost:37585|client:localhost:41985|dataStream:localhost:37955|priority:0|startupRole:FOLLOWER, s2|rpc:localhost:44299|admin:localhost:37199|client:localhost:33573|dataStream:localhost:37575|priority:0|startupRole:FOLLOWER]|listeners:[], old=null
2023-01-06 13:37:53,448 [grpc-default-executor-4] INFO  impl.VoteContext (VoteContext.java:log(49)) - s2@group-BE38CA648A1A-FOLLOWER: accept PRE_VOTE from s0: our priority 0 <= candidate's priority 0
2023-01-06 13:37:53,449 [grpc-default-executor-4] INFO  server.RaftServer$Division (RaftServerImpl.java:requestVote(1330)) - s2@group-BE38CA648A1A replies to PRE_VOTE vote request: s0<-s2#0:OK-t1. Peer's state: s2@group-BE38CA648A1A:t1, leader=null, voted=s1, raftlog=Memoized:s2@group-BE38CA648A1A-SegmentedRaftLog:OPENED:c-1, conf=-1: peers:[s0|rpc:localhost:38633|admin:localhost:40929|client:localhost:41533|dataStream:localhost:40517|priority:0|startupRole:FOLLOWER, s1|rpc:localhost:34777|admin:localhost:37585|client:localhost:41985|dataStream:localhost:37955|priority:0|startupRole:FOLLOWER, s2|rpc:localhost:44299|admin:localhost:37199|client:localhost:33573|dataStream:localhost:37575|priority:0|startupRole:FOLLOWER]|listeners:[], old=null
2023-01-06 13:37:53,454 [s1@group-BE38CA648A1A-LeaderElection3] INFO  server.RaftServer$Division (ServerState.java:setRaftConf(378)) - s1@group-BE38CA648A1A: set configuration 0: peers:[s0|rpc:localhost:38633|admin:localhost:40929|client:localhost:41533|dataStream:localhost:40517|priority:0|startupRole:FOLLOWER, s1|rpc:localhost:34777|admin:localhost:37585|client:localhost:41985|dataStream:localhost:37955|priority:0|startupRole:FOLLOWER, s2|rpc:localhost:44299|admin:localhost:37199|client:localhost:33573|dataStream:localhost:37575|priority:0|startupRole:FOLLOWER]|listeners:[], old=null
2023-01-06 13:37:53,458 [s0@group-BE38CA648A1A-LeaderElection4] INFO  impl.LeaderElection (LeaderElection.java:logAndReturn(89)) - s0@group-BE38CA648A1A-LeaderElection4: PRE_VOTE DISCOVERED_A_NEW_TERM (term=1) received 1 response(s) and 0 exception(s):
2023-01-06 13:37:53,519 [s0@group-BE38CA648A1A-LeaderElection4] INFO  impl.LeaderElection (LeaderElection.java:logAndReturn(93)) -   Response 0: s0<-s2#0:OK-t1
2023-01-06 13:37:53,519 [s0@group-BE38CA648A1A-LeaderElection4] INFO  impl.LeaderElection (LeaderElection.java:askForVotes(311)) - s0@group-BE38CA648A1A-LeaderElection4 PRE_VOTE round 0: result DISCOVERED_A_NEW_TERM (term=1)
2023-01-06 13:37:53,459 [s1@group-BE38CA648A1A-SegmentedRaftLogWorker] INFO  segmented.SegmentedRaftLogWorker (SegmentedRaftLogWorker.java:execute(635)) - s1@group-BE38CA648A1A-SegmentedRaftLogWorker: created new log segment /home/runner/work/ratis/ratis/ratis-test/target/test/data/8f79180b/MiniRaftClusterWithRpcTypeGrpcAndDataStreamTypeNettyc70cfbf9/s1/0c15a73c-3d24-47ed-988a-be38ca648a1a/current/log_inprogress_0
2023-01-06 13:37:53,521 [grpc-default-executor-1] INFO  impl.VoteContext (VoteContext.java:log(49)) - s1@group-BE38CA648A1A-LEADER: reject PRE_VOTE from s0: this server is the leader and still has leadership
2023-01-06 13:37:53,530 [grpc-default-executor-1] INFO  server.RaftServer$Division (RaftServerImpl.java:requestVote(1330)) - s1@group-BE38CA648A1A replies to PRE_VOTE vote request: s0<-s1#0:FAIL-t1. Peer's state: s1@group-BE38CA648A1A:t1, leader=s1, voted=s1, raftlog=Memoized:s1@group-BE38CA648A1A-SegmentedRaftLog:OPENED:c-1, conf=0: peers:[s0|rpc:localhost:38633|admin:localhost:40929|client:localhost:41533|dataStream:localhost:40517|priority:0|startupRole:FOLLOWER, s1|rpc:localhost:34777|admin:localhost:37585|client:localhost:41985|dataStream:localhost:37955|priority:0|startupRole:FOLLOWER, s2|rpc:localhost:44299|admin:localhost:37199|client:localhost:33573|dataStream:localhost:37575|priority:0|startupRole:FOLLOWER]|listeners:[], old=null
2023-01-06 13:37:53,521 [s0-server-thread1] INFO  server.RaftServer$Division (ServerState.java:setLeader(260)) - s0@group-BE38CA648A1A: change Leader from null to s1 at term 1 for appendEntries, leader elected after 470ms
2023-01-06 13:37:53,535 [s0-server-thread1] INFO  server.RaftServer$Division (ServerState.java:setRaftConf(378)) - s0@group-BE38CA648A1A: set configuration 0: peers:[s0|rpc:localhost:38633|admin:localhost:40929|client:localhost:41533|dataStream:localhost:40517|priority:0|startupRole:FOLLOWER, s1|rpc:localhost:34777|admin:localhost:37585|client:localhost:41985|dataStream:localhost:37955|priority:0|startupRole:FOLLOWER, s2|rpc:localhost:44299|admin:localhost:37199|client:localhost:33573|dataStream:localhost:37575|priority:0|startupRole:FOLLOWER]|listeners:[], old=null
2023-01-06 13:37:53,535 [s0-server-thread1] INFO  segmented.SegmentedRaftLogWorker (SegmentedRaftLogWorker.java:startLogSegment(431)) - s0@group-BE38CA648A1A-SegmentedRaftLogWorker: Starting segment from index:0
2023-01-06 13:37:53,546 [s0@group-BE38CA648A1A-SegmentedRaftLogWorker] INFO  segmented.SegmentedRaftLogWorker (SegmentedRaftLogWorker.java:execute(635)) - s0@group-BE38CA648A1A-SegmentedRaftLogWorker: created new log segment /home/runner/work/ratis/ratis/ratis-test/target/test/data/8f79180b/MiniRaftClusterWithRpcTypeGrpcAndDataStreamTypeNettyc70cfbf9/s0/0c15a73c-3d24-47ed-988a-be38ca648a1a/current/log_inprogress_0
2023-01-06 13:37:53,549 [s2-server-thread2] INFO  server.RaftServer$Division (ServerState.java:setLeader(260)) - s2@group-BE38CA648A1A: change Leader from null to s1 at term 1 for appendEntries, leader elected after 473ms
2023-01-06 13:37:53,554 [s2-server-thread2] INFO  server.RaftServer$Division (ServerState.java:setRaftConf(378)) - s2@group-BE38CA648A1A: set configuration 0: peers:[s0|rpc:localhost:38633|admin:localhost:40929|client:localhost:41533|dataStream:localhost:40517|priority:0|startupRole:FOLLOWER, s1|rpc:localhost:34777|admin:localhost:37585|client:localhost:41985|dataStream:localhost:37955|priority:0|startupRole:FOLLOWER, s2|rpc:localhost:44299|admin:localhost:37199|client:localhost:33573|dataStream:localhost:37575|priority:0|startupRole:FOLLOWER]|listeners:[], old=null
2023-01-06 13:37:53,554 [s2-server-thread2] INFO  segmented.SegmentedRaftLogWorker (SegmentedRaftLogWorker.java:startLogSegment(431)) - s2@group-BE38CA648A1A-SegmentedRaftLogWorker: Starting segment from index:0
2023-01-06 13:37:53,566 [s2@group-BE38CA648A1A-SegmentedRaftLogWorker] INFO  segmented.SegmentedRaftLogWorker (SegmentedRaftLogWorker.java:execute(635)) - s2@group-BE38CA648A1A-SegmentedRaftLogWorker: created new log segment /home/runner/work/ratis/ratis/ratis-test/target/test/data/8f79180b/MiniRaftClusterWithRpcTypeGrpcAndDataStreamTypeNettyc70cfbf9/s2/0c15a73c-3d24-47ed-988a-be38ca648a1a/current/log_inprogress_0
2023-01-06 13:37:53,660 [Time-limited test] INFO  ratis.RaftTestUtil (RaftTestUtil.java:waitForLeader(119)) - printing ALL groups
  s0:  RUNNING  FOLLOWER s0@group-BE38CA648A1A:t1, leader=s1, voted=s1, raftlog=Memoized:s0@group-BE38CA648A1A-SegmentedRaftLog:OPENED:c0, conf=0: peers:[s0|rpc:localhost:38633|admin:localhost:40929|client:localhost:41533|dataStream:localhost:40517|priority:0|startupRole:FOLLOWER, s1|rpc:localhost:34777|admin:localhost:37585|client:localhost:41985|dataStream:localhost:37955|priority:0|startupRole:FOLLOWER, s2|rpc:localhost:44299|admin:localhost:37199|client:localhost:33573|dataStream:localhost:37575|priority:0|startupRole:FOLLOWER]|listeners:[], old=null RUNNING
  s1:  RUNNING    LEADER s1@group-BE38CA648A1A:t1, leader=s1, voted=s1, raftlog=Memoized:s1@group-BE38CA648A1A-SegmentedRaftLog:OPENED:c0, conf=0: peers:[s0|rpc:localhost:38633|admin:localhost:40929|client:localhost:41533|dataStream:localhost:40517|priority:0|startupRole:FOLLOWER, s1|rpc:localhost:34777|admin:localhost:37585|client:localhost:41985|dataStream:localhost:37955|priority:0|startupRole:FOLLOWER, s2|rpc:localhost:44299|admin:localhost:37199|client:localhost:33573|dataStream:localhost:37575|priority:0|startupRole:FOLLOWER]|listeners:[], old=null RUNNING
  s2:  RUNNING  FOLLOWER s2@group-BE38CA648A1A:t1, leader=s1, voted=s1, raftlog=Memoized:s2@group-BE38CA648A1A-SegmentedRaftLog:OPENED:c0, conf=0: peers:[s0|rpc:localhost:38633|admin:localhost:40929|client:localhost:41533|dataStream:localhost:40517|priority:0|startupRole:FOLLOWER, s1|rpc:localhost:34777|admin:localhost:37585|client:localhost:41985|dataStream:localhost:37955|priority:0|startupRole:FOLLOWER, s2|rpc:localhost:44299|admin:localhost:37199|client:localhost:33573|dataStream:localhost:37575|priority:0|startupRole:FOLLOWER]|listeners:[], old=null RUNNING
2023-01-06 13:37:53,680 [pool-9-thread-3] INFO  server.RaftServerConfigKeys (ConfUtils.java:logGet(46)) - raft.server.rpc.timeout.max = 300ms (default)
2023-01-06 13:37:53,696 [pool-9-thread-5] INFO  server.RaftServerConfigKeys (ConfUtils.java:logGet(46)) - raft.server.rpc.timeout.max = 300ms (default)
2023-01-06 13:37:53,705 [pool-9-thread-5] INFO  ratis.RaftTestUtil (RaftTestUtil.java:waitForLeader(100)) - printing ALL groups
  s0:  RUNNING  FOLLOWER s0@group-BE38CA648A1A:t1, leader=s1, voted=s1, raftlog=Memoized:s0@group-BE38CA648A1A-SegmentedRaftLog:OPENED:c0, conf=0: peers:[s0|rpc:localhost:38633|admin:localhost:40929|client:localhost:41533|dataStream:localhost:40517|priority:0|startupRole:FOLLOWER, s1|rpc:localhost:34777|admin:localhost:37585|client:localhost:41985|dataStream:localhost:37955|priority:0|startupRole:FOLLOWER, s2|rpc:localhost:44299|admin:localhost:37199|client:localhost:33573|dataStream:localhost:37575|priority:0|startupRole:FOLLOWER]|listeners:[], old=null RUNNING
  s1:  RUNNING    LEADER s1@group-BE38CA648A1A:t1, leader=s1, voted=s1, raftlog=Memoized:s1@group-BE38CA648A1A-SegmentedRaftLog:OPENED:c0, conf=0: peers:[s0|rpc:localhost:38633|admin:localhost:40929|client:localhost:41533|dataStream:localhost:40517|priority:0|startupRole:FOLLOWER, s1|rpc:localhost:34777|admin:localhost:37585|client:localhost:41985|dataStream:localhost:37955|priority:0|startupRole:FOLLOWER, s2|rpc:localhost:44299|admin:localhost:37199|client:localhost:33573|dataStream:localhost:37575|priority:0|startupRole:FOLLOWER]|listeners:[], old=null RUNNING
  s2:  RUNNING  FOLLOWER s2@group-BE38CA648A1A:t1, leader=s1, voted=s1, raftlog=Memoized:s2@group-BE38CA648A1A-SegmentedRaftLog:OPENED:c0, conf=0: peers:[s0|rpc:localhost:38633|admin:localhost:40929|client:localhost:41533|dataStream:localhost:40517|priority:0|startupRole:FOLLOWER, s1|rpc:localhost:34777|admin:localhost:37585|client:localhost:41985|dataStream:localhost:37955|priority:0|startupRole:FOLLOWER, s2|rpc:localhost:44299|admin:localhost:37199|client:localhost:33573|dataStream:localhost:37575|priority:0|startupRole:FOLLOWER]|listeners:[], old=null RUNNING
2023-01-06 13:37:53,705 [pool-9-thread-5] INFO  ratis.RaftTestUtil (RaftTestUtil.java:waitForLeader(119)) - printing ALL groups
  s0:  RUNNING  FOLLOWER s0@group-BE38CA648A1A:t1, leader=s1, voted=s1, raftlog=Memoized:s0@group-BE38CA648A1A-SegmentedRaftLog:OPENED:c0, conf=0: peers:[s0|rpc:localhost:38633|admin:localhost:40929|client:localhost:41533|dataStream:localhost:40517|priority:0|startupRole:FOLLOWER, s1|rpc:localhost:34777|admin:localhost:37585|client:localhost:41985|dataStream:localhost:37955|priority:0|startupRole:FOLLOWER, s2|rpc:localhost:44299|admin:localhost:37199|client:localhost:33573|dataStream:localhost:37575|priority:0|startupRole:FOLLOWER]|listeners:[], old=null RUNNING
  s1:  RUNNING    LEADER s1@group-BE38CA648A1A:t1, leader=s1, voted=s1, raftlog=Memoized:s1@group-BE38CA648A1A-SegmentedRaftLog:OPENED:c0, conf=0: peers:[s0|rpc:localhost:38633|admin:localhost:40929|client:localhost:41533|dataStream:localhost:40517|priority:0|startupRole:FOLLOWER, s1|rpc:localhost:34777|admin:localhost:37585|client:localhost:41985|dataStream:localhost:37955|priority:0|startupRole:FOLLOWER, s2|rpc:localhost:44299|admin:localhost:37199|client:localhost:33573|dataStream:localhost:37575|priority:0|startupRole:FOLLOWER]|listeners:[], old=null RUNNING
  s2:  RUNNING  FOLLOWER s2@group-BE38CA648A1A:t1, leader=s1, voted=s1, raftlog=Memoized:s2@group-BE38CA648A1A-SegmentedRaftLog:OPENED:c0, conf=0: peers:[s0|rpc:localhost:38633|admin:localhost:40929|client:localhost:41533|dataStream:localhost:40517|priority:0|startupRole:FOLLOWER, s1|rpc:localhost:34777|admin:localhost:37585|client:localhost:41985|dataStream:localhost:37955|priority:0|startupRole:FOLLOWER, s2|rpc:localhost:44299|admin:localhost:37199|client:localhost:33573|dataStream:localhost:37575|priority:0|startupRole:FOLLOWER]|listeners:[], old=null RUNNING
2023-01-06 13:37:53,705 [pool-9-thread-5] INFO  client.DataStreamClient (ConfUtils.java:logGet(46)) - raft.datastream.type = NETTY (custom)
2023-01-06 13:37:53,706 [pool-9-thread-5] INFO  netty.NettyConfigKeys$DataStream (ConfUtils.java:logGet(46)) - raft.netty.dataStream.client.tls.conf = null (default)
2023-01-06 13:37:53,706 [pool-9-thread-5] INFO  netty.NettyConfigKeys$DataStream (ConfUtils.java:logGet(46)) - raft.netty.dataStream.client.reply.queue.grace-period = 1s (default)
2023-01-06 13:37:53,706 [pool-9-thread-5] INFO  netty.NettyConfigKeys$DataStream (ConfUtils.java:logGet(46)) - raft.netty.dataStream.client.worker-group.share = false (default)
2023-01-06 13:37:53,706 [pool-9-thread-5] INFO  netty.NettyConfigKeys$DataStream (ConfUtils.java:logGet(46)) - raft.netty.dataStream.client.worker-group.size = 4 (default)
2023-01-06 13:37:53,705 [pool-9-thread-3] INFO  ratis.RaftTestUtil (RaftTestUtil.java:waitForLeader(100)) - printing ALL groups
  s0:  RUNNING  FOLLOWER s0@group-BE38CA648A1A:t1, leader=s1, voted=s1, raftlog=Memoized:s0@group-BE38CA648A1A-SegmentedRaftLog:OPENED:c0, conf=0: peers:[s0|rpc:localhost:38633|admin:localhost:40929|client:localhost:41533|dataStream:localhost:40517|priority:0|startupRole:FOLLOWER, s1|rpc:localhost:34777|admin:localhost:37585|client:localhost:41985|dataStream:localhost:37955|priority:0|startupRole:FOLLOWER, s2|rpc:localhost:44299|admin:localhost:37199|client:localhost:33573|dataStream:localhost:37575|priority:0|startupRole:FOLLOWER]|listeners:[], old=null RUNNING
  s1:  RUNNING    LEADER s1@group-BE38CA648A1A:t1, leader=s1, voted=s1, raftlog=Memoized:s1@group-BE38CA648A1A-SegmentedRaftLog:OPENED:c0, conf=0: peers:[s0|rpc:localhost:38633|admin:localhost:40929|client:localhost:41533|dataStream:localhost:40517|priority:0|startupRole:FOLLOWER, s1|rpc:localhost:34777|admin:localhost:37585|client:localhost:41985|dataStream:localhost:37955|priority:0|startupRole:FOLLOWER, s2|rpc:localhost:44299|admin:localhost:37199|client:localhost:33573|dataStream:localhost:37575|priority:0|startupRole:FOLLOWER]|listeners:[], old=null RUNNING
  s2:  RUNNING  FOLLOWER s2@group-BE38CA648A1A:t1, leader=s1, voted=s1, raftlog=Memoized:s2@group-BE38CA648A1A-SegmentedRaftLog:OPENED:c0, conf=0: peers:[s0|rpc:localhost:38633|admin:localhost:40929|client:localhost:41533|dataStream:localhost:40517|priority:0|startupRole:FOLLOWER, s1|rpc:localhost:34777|admin:localhost:37585|client:localhost:41985|dataStream:localhost:37955|priority:0|startupRole:FOLLOWER, s2|rpc:localhost:44299|admin:localhost:37199|client:localhost:33573|dataStream:localhost:37575|priority:0|startupRole:FOLLOWER]|listeners:[], old=null RUNNING
2023-01-06 13:37:53,713 [pool-9-thread-3] INFO  ratis.RaftTestUtil (RaftTestUtil.java:waitForLeader(119)) - printing ALL groups
  s0:  RUNNING  FOLLOWER s0@group-BE38CA648A1A:t1, leader=s1, voted=s1, raftlog=Memoized:s0@group-BE38CA648A1A-SegmentedRaftLog:OPENED:c0, conf=0: peers:[s0|rpc:localhost:38633|admin:localhost:40929|client:localhost:41533|dataStream:localhost:40517|priority:0|startupRole:FOLLOWER, s1|rpc:localhost:34777|admin:localhost:37585|client:localhost:41985|dataStream:localhost:37955|priority:0|startupRole:FOLLOWER, s2|rpc:localhost:44299|admin:localhost:37199|client:localhost:33573|dataStream:localhost:37575|priority:0|startupRole:FOLLOWER]|listeners:[], old=null RUNNING
  s1:  RUNNING    LEADER s1@group-BE38CA648A1A:t1, leader=s1, voted=s1, raftlog=Memoized:s1@group-BE38CA648A1A-SegmentedRaftLog:OPENED:c0, conf=0: peers:[s0|rpc:localhost:38633|admin:localhost:40929|client:localhost:41533|dataStream:localhost:40517|priority:0|startupRole:FOLLOWER, s1|rpc:localhost:34777|admin:localhost:37585|client:localhost:41985|dataStream:localhost:37955|priority:0|startupRole:FOLLOWER, s2|rpc:localhost:44299|admin:localhost:37199|client:localhost:33573|dataStream:localhost:37575|priority:0|startupRole:FOLLOWER]|listeners:[], old=null RUNNING
  s2:  RUNNING  FOLLOWER s2@group-BE38CA648A1A:t1, leader=s1, voted=s1, raftlog=Memoized:s2@group-BE38CA648A1A-SegmentedRaftLog:OPENED:c0, conf=0: peers:[s0|rpc:localhost:38633|admin:localhost:40929|client:localhost:41533|dataStream:localhost:40517|priority:0|startupRole:FOLLOWER, s1|rpc:localhost:34777|admin:localhost:37585|client:localhost:41985|dataStream:localhost:37955|priority:0|startupRole:FOLLOWER, s2|rpc:localhost:44299|admin:localhost:37199|client:localhost:33573|dataStream:localhost:37575|priority:0|startupRole:FOLLOWER]|listeners:[], old=null RUNNING
2023-01-06 13:37:53,714 [pool-9-thread-3] INFO  client.DataStreamClient (ConfUtils.java:logGet(46)) - raft.datastream.type = NETTY (custom)
2023-01-06 13:37:53,714 [pool-9-thread-3] INFO  netty.NettyConfigKeys$DataStream (ConfUtils.java:logGet(46)) - raft.netty.dataStream.client.tls.conf = null (default)
2023-01-06 13:37:53,714 [pool-9-thread-3] INFO  netty.NettyConfigKeys$DataStream (ConfUtils.java:logGet(46)) - raft.netty.dataStream.client.reply.queue.grace-period = 1s (default)
2023-01-06 13:37:53,714 [pool-9-thread-3] INFO  netty.NettyConfigKeys$DataStream (ConfUtils.java:logGet(46)) - raft.netty.dataStream.client.worker-group.share = false (default)
2023-01-06 13:37:53,714 [pool-9-thread-3] INFO  netty.NettyConfigKeys$DataStream (ConfUtils.java:logGet(46)) - raft.netty.dataStream.client.worker-group.size = 4 (default)
2023-01-06 13:37:53,701 [pool-9-thread-6] INFO  server.RaftServerConfigKeys (ConfUtils.java:logGet(46)) - raft.server.rpc.timeout.max = 300ms (default)
2023-01-06 13:37:53,722 [pool-9-thread-6] INFO  ratis.RaftTestUtil (RaftTestUtil.java:waitForLeader(100)) - printing ALL groups
  s0:  RUNNING  FOLLOWER s0@group-BE38CA648A1A:t1, leader=s1, voted=s1, raftlog=Memoized:s0@group-BE38CA648A1A-SegmentedRaftLog:OPENED:c0, conf=0: peers:[s0|rpc:localhost:38633|admin:localhost:40929|client:localhost:41533|dataStream:localhost:40517|priority:0|startupRole:FOLLOWER, s1|rpc:localhost:34777|admin:localhost:37585|client:localhost:41985|dataStream:localhost:37955|priority:0|startupRole:FOLLOWER, s2|rpc:localhost:44299|admin:localhost:37199|client:localhost:33573|dataStream:localhost:37575|priority:0|startupRole:FOLLOWER]|listeners:[], old=null RUNNING
  s1:  RUNNING    LEADER s1@group-BE38CA648A1A:t1, leader=s1, voted=s1, raftlog=Memoized:s1@group-BE38CA648A1A-SegmentedRaftLog:OPENED:c0, conf=0: peers:[s0|rpc:localhost:38633|admin:localhost:40929|client:localhost:41533|dataStream:localhost:40517|priority:0|startupRole:FOLLOWER, s1|rpc:localhost:34777|admin:localhost:37585|client:localhost:41985|dataStream:localhost:37955|priority:0|startupRole:FOLLOWER, s2|rpc:localhost:44299|admin:localhost:37199|client:localhost:33573|dataStream:localhost:37575|priority:0|startupRole:FOLLOWER]|listeners:[], old=null RUNNING
  s2:  RUNNING  FOLLOWER s2@group-BE38CA648A1A:t1, leader=s1, voted=s1, raftlog=Memoized:s2@group-BE38CA648A1A-SegmentedRaftLog:OPENED:c0, conf=0: peers:[s0|rpc:localhost:38633|admin:localhost:40929|client:localhost:41533|dataStream:localhost:40517|priority:0|startupRole:FOLLOWER, s1|rpc:localhost:34777|admin:localhost:37585|client:localhost:41985|dataStream:localhost:37955|priority:0|startupRole:FOLLOWER, s2|rpc:localhost:44299|admin:localhost:37199|client:localhost:33573|dataStream:localhost:37575|priority:0|startupRole:FOLLOWER]|listeners:[], old=null RUNNING
2023-01-06 13:37:53,722 [pool-9-thread-6] INFO  ratis.RaftTestUtil (RaftTestUtil.java:waitForLeader(119)) - printing ALL groups
  s0:  RUNNING  FOLLOWER s0@group-BE38CA648A1A:t1, leader=s1, voted=s1, raftlog=Memoized:s0@group-BE38CA648A1A-SegmentedRaftLog:OPENED:c0, conf=0: peers:[s0|rpc:localhost:38633|admin:localhost:40929|client:localhost:41533|dataStream:localhost:40517|priority:0|startupRole:FOLLOWER, s1|rpc:localhost:34777|admin:localhost:37585|client:localhost:41985|dataStream:localhost:37955|priority:0|startupRole:FOLLOWER, s2|rpc:localhost:44299|admin:localhost:37199|client:localhost:33573|dataStream:localhost:37575|priority:0|startupRole:FOLLOWER]|listeners:[], old=null RUNNING
  s1:  RUNNING    LEADER s1@group-BE38CA648A1A:t1, leader=s1, voted=s1, raftlog=Memoized:s1@group-BE38CA648A1A-SegmentedRaftLog:OPENED:c0, conf=0: peers:[s0|rpc:localhost:38633|admin:localhost:40929|client:localhost:41533|dataStream:localhost:40517|priority:0|startupRole:FOLLOWER, s1|rpc:localhost:34777|admin:localhost:37585|client:localhost:41985|dataStream:localhost:37955|priority:0|startupRole:FOLLOWER, s2|rpc:localhost:44299|admin:localhost:37199|client:localhost:33573|dataStream:localhost:37575|priority:0|startupRole:FOLLOWER]|listeners:[], old=null RUNNING
  s2:  RUNNING  FOLLOWER s2@group-BE38CA648A1A:t1, leader=s1, voted=s1, raftlog=Memoized:s2@group-BE38CA648A1A-SegmentedRaftLog:OPENED:c0, conf=0: peers:[s0|rpc:localhost:38633|admin:localhost:40929|client:localhost:41533|dataStream:localhost:40517|priority:0|startupRole:FOLLOWER, s1|rpc:localhost:34777|admin:localhost:37585|client:localhost:41985|dataStream:localhost:37955|priority:0|startupRole:FOLLOWER, s2|rpc:localhost:44299|admin:localhost:37199|client:localhost:33573|dataStream:localhost:37575|priority:0|startupRole:FOLLOWER]|listeners:[], old=null RUNNING
2023-01-06 13:37:53,722 [pool-9-thread-6] INFO  client.DataStreamClient (ConfUtils.java:logGet(46)) - raft.datastream.type = NETTY (custom)
2023-01-06 13:37:53,722 [pool-9-thread-6] INFO  netty.NettyConfigKeys$DataStream (ConfUtils.java:logGet(46)) - raft.netty.dataStream.client.tls.conf = null (default)
2023-01-06 13:37:53,722 [pool-9-thread-6] INFO  netty.NettyConfigKeys$DataStream (ConfUtils.java:logGet(46)) - raft.netty.dataStream.client.reply.queue.grace-period = 1s (default)
2023-01-06 13:37:53,697 [pool-9-thread-9] INFO  server.RaftServerConfigKeys (ConfUtils.java:logGet(46)) - raft.server.rpc.timeout.max = 300ms (default)
2023-01-06 13:37:53,738 [pool-9-thread-9] INFO  ratis.RaftTestUtil (RaftTestUtil.java:waitForLeader(100)) - printing ALL groups
  s0:  RUNNING  FOLLOWER s0@group-BE38CA648A1A:t1, leader=s1, voted=s1, raftlog=Memoized:s0@group-BE38CA648A1A-SegmentedRaftLog:OPENED:c0, conf=0: peers:[s0|rpc:localhost:38633|admin:localhost:40929|client:localhost:41533|dataStream:localhost:40517|priority:0|startupRole:FOLLOWER, s1|rpc:localhost:34777|admin:localhost:37585|client:localhost:41985|dataStream:localhost:37955|priority:0|startupRole:FOLLOWER, s2|rpc:localhost:44299|admin:localhost:37199|client:localhost:33573|dataStream:localhost:37575|priority:0|startupRole:FOLLOWER]|listeners:[], old=null RUNNING
  s1:  RUNNING    LEADER s1@group-BE38CA648A1A:t1, leader=s1, voted=s1, raftlog=Memoized:s1@group-BE38CA648A1A-SegmentedRaftLog:OPENED:c0, conf=0: peers:[s0|rpc:localhost:38633|admin:localhost:40929|client:localhost:41533|dataStream:localhost:40517|priority:0|startupRole:FOLLOWER, s1|rpc:localhost:34777|admin:localhost:37585|client:localhost:41985|dataStream:localhost:37955|priority:0|startupRole:FOLLOWER, s2|rpc:localhost:44299|admin:localhost:37199|client:localhost:33573|dataStream:localhost:37575|priority:0|startupRole:FOLLOWER]|listeners:[], old=null RUNNING
  s2:  RUNNING  FOLLOWER s2@group-BE38CA648A1A:t1, leader=s1, voted=s1, raftlog=Memoized:s2@group-BE38CA648A1A-SegmentedRaftLog:OPENED:c0, conf=0: peers:[s0|rpc:localhost:38633|admin:localhost:40929|client:localhost:41533|dataStream:localhost:40517|priority:0|startupRole:FOLLOWER, s1|rpc:localhost:34777|admin:localhost:37585|client:localhost:41985|dataStream:localhost:37955|priority:0|startupRole:FOLLOWER, s2|rpc:localhost:44299|admin:localhost:37199|client:localhost:33573|dataStream:localhost:37575|priority:0|startupRole:FOLLOWER]|listeners:[], old=null RUNNING
2023-01-06 13:37:53,738 [pool-9-thread-9] INFO  ratis.RaftTestUtil (RaftTestUtil.java:waitForLeader(119)) - printing ALL groups
  s0:  RUNNING  FOLLOWER s0@group-BE38CA648A1A:t1, leader=s1, voted=s1, raftlog=Memoized:s0@group-BE38CA648A1A-SegmentedRaftLog:OPENED:c0, conf=0: peers:[s0|rpc:localhost:38633|admin:localhost:40929|client:localhost:41533|dataStream:localhost:40517|priority:0|startupRole:FOLLOWER, s1|rpc:localhost:34777|admin:localhost:37585|client:localhost:41985|dataStream:localhost:37955|priority:0|startupRole:FOLLOWER, s2|rpc:localhost:44299|admin:localhost:37199|client:localhost:33573|dataStream:localhost:37575|priority:0|startupRole:FOLLOWER]|listeners:[], old=null RUNNING
  s1:  RUNNING    LEADER s1@group-BE38CA648A1A:t1, leader=s1, voted=s1, raftlog=Memoized:s1@group-BE38CA648A1A-SegmentedRaftLog:OPENED:c0, conf=0: peers:[s0|rpc:localhost:38633|admin:localhost:40929|client:localhost:41533|dataStream:localhost:40517|priority:0|startupRole:FOLLOWER, s1|rpc:localhost:34777|admin:localhost:37585|client:localhost:41985|dataStream:localhost:37955|priority:0|startupRole:FOLLOWER, s2|rpc:localhost:44299|admin:localhost:37199|client:localhost:33573|dataStream:localhost:37575|priority:0|startupRole:FOLLOWER]|listeners:[], old=null RUNNING
  s2:  RUNNING  FOLLOWER s2@group-BE38CA648A1A:t1, leader=s1, voted=s1, raftlog=Memoized:s2@group-BE38CA648A1A-SegmentedRaftLog:OPENED:c0, conf=0: peers:[s0|rpc:localhost:38633|admin:localhost:40929|client:localhost:41533|dataStream:localhost:40517|priority:0|startupRole:FOLLOWER, s1|rpc:localhost:34777|admin:localhost:37585|client:localhost:41985|dataStream:localhost:37955|priority:0|startupRole:FOLLOWER, s2|rpc:localhost:44299|admin:localhost:37199|client:localhost:33573|dataStream:localhost:37575|priority:0|startupRole:FOLLOWER]|listeners:[], old=null RUNNING
2023-01-06 13:37:53,738 [pool-9-thread-9] INFO  client.DataStreamClient (ConfUtils.java:logGet(46)) - raft.datastream.type = NETTY (custom)
2023-01-06 13:37:53,738 [pool-9-thread-9] INFO  netty.NettyConfigKeys$DataStream (ConfUtils.java:logGet(46)) - raft.netty.dataStream.client.tls.conf = null (default)
2023-01-06 13:37:53,738 [pool-9-thread-9] INFO  netty.NettyConfigKeys$DataStream (ConfUtils.java:logGet(46)) - raft.netty.dataStream.client.reply.queue.grace-period = 1s (default)
2023-01-06 13:37:53,738 [pool-9-thread-9] INFO  netty.NettyConfigKeys$DataStream (ConfUtils.java:logGet(46)) - raft.netty.dataStream.client.worker-group.share = false (default)
2023-01-06 13:37:53,738 [pool-9-thread-9] INFO  netty.NettyConfigKeys$DataStream (ConfUtils.java:logGet(46)) - raft.netty.dataStream.client.worker-group.size = 4 (default)
2023-01-06 13:37:53,697 [pool-9-thread-4] INFO  server.RaftServerConfigKeys (ConfUtils.java:logGet(46)) - raft.server.rpc.timeout.max = 300ms (default)
2023-01-06 13:37:53,697 [pool-9-thread-8] INFO  server.RaftServerConfigKeys (ConfUtils.java:logGet(46)) - raft.server.rpc.timeout.max = 300ms (default)
2023-01-06 13:37:53,741 [pool-9-thread-4] INFO  ratis.RaftTestUtil (RaftTestUtil.java:waitForLeader(100)) - printing ALL groups
  s0:  RUNNING  FOLLOWER s0@group-BE38CA648A1A:t1, leader=s1, voted=s1, raftlog=Memoized:s0@group-BE38CA648A1A-SegmentedRaftLog:OPENED:c0, conf=0: peers:[s0|rpc:localhost:38633|admin:localhost:40929|client:localhost:41533|dataStream:localhost:40517|priority:0|startupRole:FOLLOWER, s1|rpc:localhost:34777|admin:localhost:37585|client:localhost:41985|dataStream:localhost:37955|priority:0|startupRole:FOLLOWER, s2|rpc:localhost:44299|admin:localhost:37199|client:localhost:33573|dataStream:localhost:37575|priority:0|startupRole:FOLLOWER]|listeners:[], old=null RUNNING
  s1:  RUNNING    LEADER s1@group-BE38CA648A1A:t1, leader=s1, voted=s1, raftlog=Memoized:s1@group-BE38CA648A1A-SegmentedRaftLog:OPENED:c0, conf=0: peers:[s0|rpc:localhost:38633|admin:localhost:40929|client:localhost:41533|dataStream:localhost:40517|priority:0|startupRole:FOLLOWER, s1|rpc:localhost:34777|admin:localhost:37585|client:localhost:41985|dataStream:localhost:37955|priority:0|startupRole:FOLLOWER, s2|rpc:localhost:44299|admin:localhost:37199|client:localhost:33573|dataStream:localhost:37575|priority:0|startupRole:FOLLOWER]|listeners:[], old=null RUNNING
  s2:  RUNNING  FOLLOWER s2@group-BE38CA648A1A:t1, leader=s1, voted=s1, raftlog=Memoized:s2@group-BE38CA648A1A-SegmentedRaftLog:OPENED:c0, conf=0: peers:[s0|rpc:localhost:38633|admin:localhost:40929|client:localhost:41533|dataStream:localhost:40517|priority:0|startupRole:FOLLOWER, s1|rpc:localhost:34777|admin:localhost:37585|client:localhost:41985|dataStream:localhost:37955|priority:0|startupRole:FOLLOWER, s2|rpc:localhost:44299|admin:localhost:37199|client:localhost:33573|dataStream:localhost:37575|priority:0|startupRole:FOLLOWER]|listeners:[], old=null RUNNING
2023-01-06 13:37:53,741 [pool-9-thread-8] INFO  ratis.RaftTestUtil (RaftTestUtil.java:waitForLeader(100)) - printing ALL groups
  s0:  RUNNING  FOLLOWER s0@group-BE38CA648A1A:t1, leader=s1, voted=s1, raftlog=Memoized:s0@group-BE38CA648A1A-SegmentedRaftLog:OPENED:c0, conf=0: peers:[s0|rpc:localhost:38633|admin:localhost:40929|client:localhost:41533|dataStream:localhost:40517|priority:0|startupRole:FOLLOWER, s1|rpc:localhost:34777|admin:localhost:37585|client:localhost:41985|dataStream:localhost:37955|priority:0|startupRole:FOLLOWER, s2|rpc:localhost:44299|admin:localhost:37199|client:localhost:33573|dataStream:localhost:37575|priority:0|startupRole:FOLLOWER]|listeners:[], old=null RUNNING
  s1:  RUNNING    LEADER s1@group-BE38CA648A1A:t1, leader=s1, voted=s1, raftlog=Memoized:s1@group-BE38CA648A1A-SegmentedRaftLog:OPENED:c0, conf=0: peers:[s0|rpc:localhost:38633|admin:localhost:40929|client:localhost:41533|dataStream:localhost:40517|priority:0|startupRole:FOLLOWER, s1|rpc:localhost:34777|admin:localhost:37585|client:localhost:41985|dataStream:localhost:37955|priority:0|startupRole:FOLLOWER, s2|rpc:localhost:44299|admin:localhost:37199|client:localhost:33573|dataStream:localhost:37575|priority:0|startupRole:FOLLOWER]|listeners:[], old=null RUNNING
  s2:  RUNNING  FOLLOWER s2@group-BE38CA648A1A:t1, leader=s1, voted=s1, raftlog=Memoized:s2@group-BE38CA648A1A-SegmentedRaftLog:OPENED:c0, conf=0: peers:[s0|rpc:localhost:38633|admin:localhost:40929|client:localhost:41533|dataStream:localhost:40517|priority:0|startupRole:FOLLOWER, s1|rpc:localhost:34777|admin:localhost:37585|client:localhost:41985|dataStream:localhost:37955|priority:0|startupRole:FOLLOWER, s2|rpc:localhost:44299|admin:localhost:37199|client:localhost:33573|dataStream:localhost:37575|priority:0|startupRole:FOLLOWER]|listeners:[], old=null RUNNING
2023-01-06 13:37:53,741 [pool-9-thread-4] INFO  ratis.RaftTestUtil (RaftTestUtil.java:waitForLeader(119)) - printing ALL groups
  s0:  RUNNING  FOLLOWER s0@group-BE38CA648A1A:t1, leader=s1, voted=s1, raftlog=Memoized:s0@group-BE38CA648A1A-SegmentedRaftLog:OPENED:c0, conf=0: peers:[s0|rpc:localhost:38633|admin:localhost:40929|client:localhost:41533|dataStream:localhost:40517|priority:0|startupRole:FOLLOWER, s1|rpc:localhost:34777|admin:localhost:37585|client:localhost:41985|dataStream:localhost:37955|priority:0|startupRole:FOLLOWER, s2|rpc:localhost:44299|admin:localhost:37199|client:localhost:33573|dataStream:localhost:37575|priority:0|startupRole:FOLLOWER]|listeners:[], old=null RUNNING
  s1:  RUNNING    LEADER s1@group-BE38CA648A1A:t1, leader=s1, voted=s1, raftlog=Memoized:s1@group-BE38CA648A1A-SegmentedRaftLog:OPENED:c0, conf=0: peers:[s0|rpc:localhost:38633|admin:localhost:40929|client:localhost:41533|dataStream:localhost:40517|priority:0|startupRole:FOLLOWER, s1|rpc:localhost:34777|admin:localhost:37585|client:localhost:41985|dataStream:localhost:37955|priority:0|startupRole:FOLLOWER, s2|rpc:localhost:44299|admin:localhost:37199|client:localhost:33573|dataStream:localhost:37575|priority:0|startupRole:FOLLOWER]|listeners:[], old=null RUNNING
  s2:  RUNNING  FOLLOWER s2@group-BE38CA648A1A:t1, leader=s1, voted=s1, raftlog=Memoized:s2@group-BE38CA648A1A-SegmentedRaftLog:OPENED:c0, conf=0: peers:[s0|rpc:localhost:38633|admin:localhost:40929|client:localhost:41533|dataStream:localhost:40517|priority:0|startupRole:FOLLOWER, s1|rpc:localhost:34777|admin:localhost:37585|client:localhost:41985|dataStream:localhost:37955|priority:0|startupRole:FOLLOWER, s2|rpc:localhost:44299|admin:localhost:37199|client:localhost:33573|dataStream:localhost:37575|priority:0|startupRole:FOLLOWER]|listeners:[], old=null RUNNING
2023-01-06 13:37:53,696 [pool-9-thread-7] INFO  server.RaftServerConfigKeys (ConfUtils.java:logGet(46)) - raft.server.rpc.timeout.max = 300ms (default)
2023-01-06 13:37:53,743 [pool-9-thread-7] INFO  ratis.RaftTestUtil (RaftTestUtil.java:waitForLeader(100)) - printing ALL groups
  s0:  RUNNING  FOLLOWER s0@group-BE38CA648A1A:t1, leader=s1, voted=s1, raftlog=Memoized:s0@group-BE38CA648A1A-SegmentedRaftLog:OPENED:c0, conf=0: peers:[s0|rpc:localhost:38633|admin:localhost:40929|client:localhost:41533|dataStream:localhost:40517|priority:0|startupRole:FOLLOWER, s1|rpc:localhost:34777|admin:localhost:37585|client:localhost:41985|dataStream:localhost:37955|priority:0|startupRole:FOLLOWER, s2|rpc:localhost:44299|admin:localhost:37199|client:localhost:33573|dataStream:localhost:37575|priority:0|startupRole:FOLLOWER]|listeners:[], old=null RUNNING
  s1:  RUNNING    LEADER s1@group-BE38CA648A1A:t1, leader=s1, voted=s1, raftlog=Memoized:s1@group-BE38CA648A1A-SegmentedRaftLog:OPENED:c0, conf=0: peers:[s0|rpc:localhost:38633|admin:localhost:40929|client:localhost:41533|dataStream:localhost:40517|priority:0|startupRole:FOLLOWER, s1|rpc:localhost:34777|admin:localhost:37585|client:localhost:41985|dataStream:localhost:37955|priority:0|startupRole:FOLLOWER, s2|rpc:localhost:44299|admin:localhost:37199|client:localhost:33573|dataStream:localhost:37575|priority:0|startupRole:FOLLOWER]|listeners:[], old=null RUNNING
  s2:  RUNNING  FOLLOWER s2@group-BE38CA648A1A:t1, leader=s1, voted=s1, raftlog=Memoized:s2@group-BE38CA648A1A-SegmentedRaftLog:OPENED:c0, conf=0: peers:[s0|rpc:localhost:38633|admin:localhost:40929|client:localhost:41533|dataStream:localhost:40517|priority:0|startupRole:FOLLOWER, s1|rpc:localhost:34777|admin:localhost:37585|client:localhost:41985|dataStream:localhost:37955|priority:0|startupRole:FOLLOWER, s2|rpc:localhost:44299|admin:localhost:37199|client:localhost:33573|dataStream:localhost:37575|priority:0|startupRole:FOLLOWER]|listeners:[], old=null RUNNING
2023-01-06 13:37:53,743 [pool-9-thread-7] INFO  ratis.RaftTestUtil (RaftTestUtil.java:waitForLeader(119)) - printing ALL groups
  s0:  RUNNING  FOLLOWER s0@group-BE38CA648A1A:t1, leader=s1, voted=s1, raftlog=Memoized:s0@group-BE38CA648A1A-SegmentedRaftLog:OPENED:c0, conf=0: peers:[s0|rpc:localhost:38633|admin:localhost:40929|client:localhost:41533|dataStream:localhost:40517|priority:0|startupRole:FOLLOWER, s1|rpc:localhost:34777|admin:localhost:37585|client:localhost:41985|dataStream:localhost:37955|priority:0|startupRole:FOLLOWER, s2|rpc:localhost:44299|admin:localhost:37199|client:localhost:33573|dataStream:localhost:37575|priority:0|startupRole:FOLLOWER]|listeners:[], old=null RUNNING
  s1:  RUNNING    LEADER s1@group-BE38CA648A1A:t1, leader=s1, voted=s1, raftlog=Memoized:s1@group-BE38CA648A1A-SegmentedRaftLog:OPENED:c0, conf=0: peers:[s0|rpc:localhost:38633|admin:localhost:40929|client:localhost:41533|dataStream:localhost:40517|priority:0|startupRole:FOLLOWER, s1|rpc:localhost:34777|admin:localhost:37585|client:localhost:41985|dataStream:localhost:37955|priority:0|startupRole:FOLLOWER, s2|rpc:localhost:44299|admin:localhost:37199|client:localhost:33573|dataStream:localhost:37575|priority:0|startupRole:FOLLOWER]|listeners:[], old=null RUNNING
  s2:  RUNNING  FOLLOWER s2@group-BE38CA648A1A:t1, leader=s1, voted=s1, raftlog=Memoized:s2@group-BE38CA648A1A-SegmentedRaftLog:OPENED:c0, conf=0: peers:[s0|rpc:localhost:38633|admin:localhost:40929|client:localhost:41533|dataStream:localhost:40517|priority:0|startupRole:FOLLOWER, s1|rpc:localhost:34777|admin:localhost:37585|client:localhost:41985|dataStream:localhost:37955|priority:0|startupRole:FOLLOWER, s2|rpc:localhost:44299|admin:localhost:37199|client:localhost:33573|dataStream:localhost:37575|priority:0|startupRole:FOLLOWER]|listeners:[], old=null RUNNING
2023-01-06 13:37:53,743 [pool-9-thread-11] INFO  datastream.DataStreamTestUtils (DataStreamTestUtils.java:writeAndCloseAndAssertReplies(311)) - start Stream376
2023-01-06 13:37:53,742 [pool-9-thread-4] INFO  client.DataStreamClient (ConfUtils.java:logGet(46)) - raft.datastream.type = NETTY (custom)
2023-01-06 13:37:53,741 [pool-9-thread-8] INFO  ratis.RaftTestUtil (RaftTestUtil.java:waitForLeader(119)) - printing ALL groups
  s0:  RUNNING  FOLLOWER s0@group-BE38CA648A1A:t1, leader=s1, voted=s1, raftlog=Memoized:s0@group-BE38CA648A1A-SegmentedRaftLog:OPENED:c0, conf=0: peers:[s0|rpc:localhost:38633|admin:localhost:40929|client:localhost:41533|dataStream:localhost:40517|priority:0|startupRole:FOLLOWER, s1|rpc:localhost:34777|admin:localhost:37585|client:localhost:41985|dataStream:localhost:37955|priority:0|startupRole:FOLLOWER, s2|rpc:localhost:44299|admin:localhost:37199|client:localhost:33573|dataStream:localhost:37575|priority:0|startupRole:FOLLOWER]|listeners:[], old=null RUNNING
  s1:  RUNNING    LEADER s1@group-BE38CA648A1A:t1, leader=s1, voted=s1, raftlog=Memoized:s1@group-BE38CA648A1A-SegmentedRaftLog:OPENED:c0, conf=0: peers:[s0|rpc:localhost:38633|admin:localhost:40929|client:localhost:41533|dataStream:localhost:40517|priority:0|startupRole:FOLLOWER, s1|rpc:localhost:34777|admin:localhost:37585|client:localhost:41985|dataStream:localhost:37955|priority:0|startupRole:FOLLOWER, s2|rpc:localhost:44299|admin:localhost:37199|client:localhost:33573|dataStream:localhost:37575|priority:0|startupRole:FOLLOWER]|listeners:[], old=null RUNNING
  s2:  RUNNING  FOLLOWER s2@group-BE38CA648A1A:t1, leader=s1, voted=s1, raftlog=Memoized:s2@group-BE38CA648A1A-SegmentedRaftLog:OPENED:c0, conf=0: peers:[s0|rpc:localhost:38633|admin:localhost:40929|client:localhost:41533|dataStream:localhost:40517|priority:0|startupRole:FOLLOWER, s1|rpc:localhost:34777|admin:localhost:37585|client:localhost:41985|dataStream:localhost:37955|priority:0|startupRole:FOLLOWER, s2|rpc:localhost:44299|admin:localhost:37199|client:localhost:33573|dataStream:localhost:37575|priority:0|startupRole:FOLLOWER]|listeners:[], old=null RUNNING
2023-01-06 13:37:53,765 [pool-9-thread-8] INFO  client.DataStreamClient (ConfUtils.java:logGet(46)) - raft.datastream.type = NETTY (custom)
2023-01-06 13:37:53,765 [pool-9-thread-8] INFO  netty.NettyConfigKeys$DataStream (ConfUtils.java:logGet(46)) - raft.netty.dataStream.client.tls.conf = null (default)
2023-01-06 13:37:53,765 [pool-9-thread-8] INFO  netty.NettyConfigKeys$DataStream (ConfUtils.java:logGet(46)) - raft.netty.dataStream.client.reply.queue.grace-period = 1s (default)
2023-01-06 13:37:53,765 [pool-9-thread-8] INFO  netty.NettyConfigKeys$DataStream (ConfUtils.java:logGet(46)) - raft.netty.dataStream.client.worker-group.share = false (default)
2023-01-06 13:37:53,765 [pool-9-thread-8] INFO  netty.NettyConfigKeys$DataStream (ConfUtils.java:logGet(46)) - raft.netty.dataStream.client.worker-group.size = 4 (default)
2023-01-06 13:37:53,737 [pool-9-thread-16] INFO  datastream.DataStreamTestUtils (DataStreamTestUtils.java:writeAndCloseAndAssertReplies(311)) - start Stream382
2023-01-06 13:37:53,735 [pool-9-thread-15] INFO  datastream.DataStreamTestUtils (DataStreamTestUtils.java:writeAndCloseAndAssertReplies(311)) - start Stream381
2023-01-06 13:37:53,732 [pool-9-thread-14] INFO  datastream.DataStreamTestUtils (DataStreamTestUtils.java:writeAndCloseAndAssertReplies(311)) - start Stream380
2023-01-06 13:37:53,731 [pool-9-thread-13] INFO  datastream.DataStreamTestUtils (DataStreamTestUtils.java:writeAndCloseAndAssertReplies(311)) - start Stream379
2023-01-06 13:37:53,729 [pool-9-thread-12] INFO  datastream.DataStreamTestUtils (DataStreamTestUtils.java:writeAndCloseAndAssertReplies(311)) - start Stream378
2023-01-06 13:37:53,728 [pool-9-thread-10] INFO  datastream.DataStreamTestUtils (DataStreamTestUtils.java:writeAndCloseAndAssertReplies(311)) - start Stream377
2023-01-06 13:37:53,725 [pool-9-thread-6] INFO  netty.NettyConfigKeys$DataStream (ConfUtils.java:logGet(46)) - raft.netty.dataStream.client.worker-group.share = false (default)
2023-01-06 13:37:53,773 [pool-9-thread-6] INFO  netty.NettyConfigKeys$DataStream (ConfUtils.java:logGet(46)) - raft.netty.dataStream.client.worker-group.size = 4 (default)
2023-01-06 13:37:53,724 [s2-NettyServerStreamRpc-bossGroup--thread1] INFO  logging.LoggingHandler (AbstractInternalLogger.java:log(148)) - [id: 0x0c51fb98, L:/0.0.0.0:37575] READ: [id: 0x6efe95e2, L:/127.0.0.1:37575 - R:/127.0.0.1:47742]
2023-01-06 13:37:53,765 [pool-9-thread-4] INFO  netty.NettyConfigKeys$DataStream (ConfUtils.java:logGet(46)) - raft.netty.dataStream.client.tls.conf = null (default)
2023-01-06 13:37:53,773 [pool-9-thread-4] INFO  netty.NettyConfigKeys$DataStream (ConfUtils.java:logGet(46)) - raft.netty.dataStream.client.reply.queue.grace-period = 1s (default)
2023-01-06 13:37:53,773 [pool-9-thread-4] INFO  netty.NettyConfigKeys$DataStream (ConfUtils.java:logGet(46)) - raft.netty.dataStream.client.worker-group.share = false (default)
2023-01-06 13:37:53,773 [pool-9-thread-4] INFO  netty.NettyConfigKeys$DataStream (ConfUtils.java:logGet(46)) - raft.netty.dataStream.client.worker-group.size = 4 (default)
2023-01-06 13:37:53,743 [pool-9-thread-7] INFO  client.DataStreamClient (ConfUtils.java:logGet(46)) - raft.datastream.type = NETTY (custom)
2023-01-06 13:37:53,773 [pool-9-thread-7] INFO  netty.NettyConfigKeys$DataStream (ConfUtils.java:logGet(46)) - raft.netty.dataStream.client.tls.conf = null (default)
2023-01-06 13:37:53,773 [pool-9-thread-7] INFO  netty.NettyConfigKeys$DataStream (ConfUtils.java:logGet(46)) - raft.netty.dataStream.client.reply.queue.grace-period = 1s (default)
2023-01-06 13:37:53,773 [pool-9-thread-7] INFO  netty.NettyConfigKeys$DataStream (ConfUtils.java:logGet(46)) - raft.netty.dataStream.client.worker-group.share = false (default)
2023-01-06 13:37:53,773 [pool-9-thread-7] INFO  netty.NettyConfigKeys$DataStream (ConfUtils.java:logGet(46)) - raft.netty.dataStream.client.worker-group.size = 4 (default)
2023-01-06 13:37:53,783 [s0-NettyServerStreamRpc-bossGroup--thread1] INFO  logging.LoggingHandler (AbstractInternalLogger.java:log(148)) - [id: 0x8e0c728b, L:/0.0.0.0:40517] READ: [id: 0x8a011cf8, L:/127.0.0.1:40517 - R:/127.0.0.1:47824]
2023-01-06 13:37:53,786 [s1-NettyServerStreamRpc-bossGroup--thread1] INFO  logging.LoggingHandler (AbstractInternalLogger.java:log(148)) - [id: 0xac6547ec, L:/0.0.0.0:37955] READ: [id: 0xf81d4715, L:/127.0.0.1:37955 - R:/127.0.0.1:42686]
2023-01-06 13:37:53,787 [s2-NettyServerStreamRpc-bossGroup--thread1] INFO  logging.LoggingHandler (AbstractInternalLogger.java:log(148)) - [id: 0x0c51fb98, L:/0.0.0.0:37575] READ COMPLETE
2023-01-06 13:37:53,788 [s2-NettyServerStreamRpc-bossGroup--thread1] INFO  logging.LoggingHandler (AbstractInternalLogger.java:log(148)) - [id: 0x0c51fb98, L:/0.0.0.0:37575] READ: [id: 0xdc8b66c4, L:/127.0.0.1:37575 - R:/127.0.0.1:47750]
2023-01-06 13:37:53,789 [s2-NettyServerStreamRpc-workerGroup--thread1] INFO  client.DataStreamClient (ConfUtils.java:logGet(46)) - raft.datastream.type = NETTY (custom)
2023-01-06 13:37:53,789 [s2-NettyServerStreamRpc-workerGroup--thread1] INFO  netty.NettyConfigKeys$DataStream (ConfUtils.java:logGet(46)) - raft.netty.dataStream.client.tls.conf = null (default)
2023-01-06 13:37:53,789 [s2-NettyServerStreamRpc-workerGroup--thread1] INFO  netty.NettyConfigKeys$DataStream (ConfUtils.java:logGet(46)) - raft.netty.dataStream.client.reply.queue.grace-period = 1s (default)
2023-01-06 13:37:53,789 [s2-NettyServerStreamRpc-workerGroup--thread1] INFO  netty.NettyConfigKeys$DataStream (ConfUtils.java:logGet(46)) - raft.netty.dataStream.client.worker-group.share = false (default)
2023-01-06 13:37:53,789 [s2-NettyServerStreamRpc-workerGroup--thread1] INFO  netty.NettyConfigKeys$DataStream (ConfUtils.java:logGet(46)) - raft.netty.dataStream.client.worker-group.size = 4 (default)
2023-01-06 13:37:53,790 [s2-NettyServerStreamRpc-bossGroup--thread1] INFO  logging.LoggingHandler (AbstractInternalLogger.java:log(148)) - [id: 0x0c51fb98, L:/0.0.0.0:37575] READ: [id: 0x9671368e, L:/127.0.0.1:37575 - R:/127.0.0.1:47756]
2023-01-06 13:37:53,790 [s2-NettyServerStreamRpc-bossGroup--thread1] INFO  logging.LoggingHandler (AbstractInternalLogger.java:log(148)) - [id: 0x0c51fb98, L:/0.0.0.0:37575] READ: [id: 0xc41a4f4d, L:/127.0.0.1:37575 - R:/127.0.0.1:47770]
2023-01-06 13:37:53,791 [s2-NettyServerStreamRpc-workerGroup--thread3] INFO  client.DataStreamClient (ConfUtils.java:logGet(46)) - raft.datastream.type = NETTY (custom)
2023-01-06 13:37:53,791 [s2-NettyServerStreamRpc-workerGroup--thread3] INFO  netty.NettyConfigKeys$DataStream (ConfUtils.java:logGet(46)) - raft.netty.dataStream.client.tls.conf = null (default)
2023-01-06 13:37:53,791 [s2-NettyServerStreamRpc-workerGroup--thread3] INFO  netty.NettyConfigKeys$DataStream (ConfUtils.java:logGet(46)) - raft.netty.dataStream.client.reply.queue.grace-period = 1s (default)
2023-01-06 13:37:53,791 [s2-NettyServerStreamRpc-workerGroup--thread3] INFO  netty.NettyConfigKeys$DataStream (ConfUtils.java:logGet(46)) - raft.netty.dataStream.client.worker-group.share = false (default)
2023-01-06 13:37:53,791 [s2-NettyServerStreamRpc-workerGroup--thread3] INFO  netty.NettyConfigKeys$DataStream (ConfUtils.java:logGet(46)) - raft.netty.dataStream.client.worker-group.size = 4 (default)
2023-01-06 13:37:53,792 [s2-NettyServerStreamRpc-bossGroup--thread1] INFO  logging.LoggingHandler (AbstractInternalLogger.java:log(148)) - [id: 0x0c51fb98, L:/0.0.0.0:37575] READ COMPLETE
2023-01-06 13:37:53,792 [s1-NettyServerStreamRpc-bossGroup--thread1] INFO  logging.LoggingHandler (AbstractInternalLogger.java:log(148)) - [id: 0xac6547ec, L:/0.0.0.0:37955] READ COMPLETE
2023-01-06 13:37:53,793 [s1-NettyServerStreamRpc-workerGroup--thread1] INFO  client.DataStreamClient (ConfUtils.java:logGet(46)) - raft.datastream.type = NETTY (custom)
2023-01-06 13:37:53,793 [s1-NettyServerStreamRpc-workerGroup--thread1] INFO  netty.NettyConfigKeys$DataStream (ConfUtils.java:logGet(46)) - raft.netty.dataStream.client.tls.conf = null (default)
2023-01-06 13:37:53,793 [s1-NettyServerStreamRpc-workerGroup--thread1] INFO  netty.NettyConfigKeys$DataStream (ConfUtils.java:logGet(46)) - raft.netty.dataStream.client.reply.queue.grace-period = 1s (default)
2023-01-06 13:37:53,793 [s1-NettyServerStreamRpc-workerGroup--thread1] INFO  netty.NettyConfigKeys$DataStream (ConfUtils.java:logGet(46)) - raft.netty.dataStream.client.worker-group.share = false (default)
2023-01-06 13:37:53,793 [s1-NettyServerStreamRpc-workerGroup--thread1] INFO  netty.NettyConfigKeys$DataStream (ConfUtils.java:logGet(46)) - raft.netty.dataStream.client.worker-group.size = 4 (default)
2023-01-06 13:37:53,794 [s0-NettyServerStreamRpc-bossGroup--thread1] INFO  logging.LoggingHandler (AbstractInternalLogger.java:log(148)) - [id: 0x8e0c728b, L:/0.0.0.0:40517] READ COMPLETE
2023-01-06 13:37:53,794 [s0-NettyServerStreamRpc-bossGroup--thread1] INFO  logging.LoggingHandler (AbstractInternalLogger.java:log(148)) - [id: 0x8e0c728b, L:/0.0.0.0:40517] READ: [id: 0x73e79a7c, L:/127.0.0.1:40517 - R:/127.0.0.1:47830]
2023-01-06 13:37:53,795 [s0-NettyServerStreamRpc-workerGroup--thread1] INFO  client.DataStreamClient (ConfUtils.java:logGet(46)) - raft.datastream.type = NETTY (custom)
2023-01-06 13:37:53,795 [s0-NettyServerStreamRpc-workerGroup--thread1] INFO  netty.NettyConfigKeys$DataStream (ConfUtils.java:logGet(46)) - raft.netty.dataStream.client.tls.conf = null (default)
2023-01-06 13:37:53,795 [s0-NettyServerStreamRpc-workerGroup--thread1] INFO  netty.NettyConfigKeys$DataStream (ConfUtils.java:logGet(46)) - raft.netty.dataStream.client.reply.queue.grace-period = 1s (default)
2023-01-06 13:37:53,795 [s0-NettyServerStreamRpc-workerGroup--thread1] INFO  netty.NettyConfigKeys$DataStream (ConfUtils.java:logGet(46)) - raft.netty.dataStream.client.worker-group.share = false (default)
2023-01-06 13:37:53,795 [s0-NettyServerStreamRpc-workerGroup--thread1] INFO  netty.NettyConfigKeys$DataStream (ConfUtils.java:logGet(46)) - raft.netty.dataStream.client.worker-group.size = 4 (default)
2023-01-06 13:37:53,795 [s0-NettyServerStreamRpc-bossGroup--thread1] INFO  logging.LoggingHandler (AbstractInternalLogger.java:log(148)) - [id: 0x8e0c728b, L:/0.0.0.0:40517] READ COMPLETE
2023-01-06 13:37:53,796 [s0-NettyServerStreamRpc-workerGroup--thread2] INFO  client.DataStreamClient (ConfUtils.java:logGet(46)) - raft.datastream.type = NETTY (custom)
2023-01-06 13:37:53,796 [s0-NettyServerStreamRpc-workerGroup--thread2] INFO  netty.NettyConfigKeys$DataStream (ConfUtils.java:logGet(46)) - raft.netty.dataStream.client.tls.conf = null (default)
2023-01-06 13:37:53,796 [s0-NettyServerStreamRpc-workerGroup--thread2] INFO  netty.NettyConfigKeys$DataStream (ConfUtils.java:logGet(46)) - raft.netty.dataStream.client.reply.queue.grace-period = 1s (default)
2023-01-06 13:37:53,796 [s0-NettyServerStreamRpc-workerGroup--thread2] INFO  netty.NettyConfigKeys$DataStream (ConfUtils.java:logGet(46)) - raft.netty.dataStream.client.worker-group.share = false (default)
2023-01-06 13:37:53,797 [s0-NettyServerStreamRpc-workerGroup--thread2] INFO  netty.NettyConfigKeys$DataStream (ConfUtils.java:logGet(46)) - raft.netty.dataStream.client.worker-group.size = 4 (default)
2023-01-06 13:37:53,798 [s0-NettyServerStreamRpc-bossGroup--thread1] INFO  logging.LoggingHandler (AbstractInternalLogger.java:log(148)) - [id: 0x8e0c728b, L:/0.0.0.0:40517] READ: [id: 0x19cd54d2, L:/127.0.0.1:40517 - R:/127.0.0.1:47834]
2023-01-06 13:37:53,798 [s1-NettyServerStreamRpc-workerGroup--thread1] INFO  client.DataStreamClient (ConfUtils.java:logGet(46)) - raft.datastream.type = NETTY (custom)
2023-01-06 13:37:53,798 [s1-NettyServerStreamRpc-workerGroup--thread1] INFO  netty.NettyConfigKeys$DataStream (ConfUtils.java:logGet(46)) - raft.netty.dataStream.client.tls.conf = null (default)
2023-01-06 13:37:53,798 [s1-NettyServerStreamRpc-workerGroup--thread1] INFO  netty.NettyConfigKeys$DataStream (ConfUtils.java:logGet(46)) - raft.netty.dataStream.client.reply.queue.grace-period = 1s (default)
2023-01-06 13:37:53,798 [s1-NettyServerStreamRpc-workerGroup--thread1] INFO  netty.NettyConfigKeys$DataStream (ConfUtils.java:logGet(46)) - raft.netty.dataStream.client.worker-group.share = false (default)
2023-01-06 13:37:53,798 [s1-NettyServerStreamRpc-workerGroup--thread1] INFO  netty.NettyConfigKeys$DataStream (ConfUtils.java:logGet(46)) - raft.netty.dataStream.client.worker-group.size = 4 (default)
2023-01-06 13:37:53,824 [s2-NettyServerStreamRpc-bossGroup--thread1] INFO  logging.LoggingHandler (AbstractInternalLogger.java:log(148)) - [id: 0x0c51fb98, L:/0.0.0.0:37575] READ: [id: 0x8543ab4c, L:/127.0.0.1:37575 - R:/127.0.0.1:47772]
2023-01-06 13:37:53,824 [s2-NettyServerStreamRpc-bossGroup--thread1] INFO  logging.LoggingHandler (AbstractInternalLogger.java:log(148)) - [id: 0x0c51fb98, L:/0.0.0.0:37575] READ COMPLETE
2023-01-06 13:37:53,829 [s0-NettyServerStreamRpc-bossGroup--thread1] INFO  logging.LoggingHandler (AbstractInternalLogger.java:log(148)) - [id: 0x8e0c728b, L:/0.0.0.0:40517] READ COMPLETE
2023-01-06 13:37:53,834 [s1-NettyServerStreamRpc-bossGroup--thread1] INFO  logging.LoggingHandler (AbstractInternalLogger.java:log(148)) - [id: 0xac6547ec, L:/0.0.0.0:37955] READ: [id: 0xd5279b2b, L:/127.0.0.1:37955 - R:/127.0.0.1:42696]
2023-01-06 13:37:53,834 [s0-NettyServerStreamRpc-workerGroup--thread2] INFO  client.DataStreamClient (ConfUtils.java:logGet(46)) - raft.datastream.type = NETTY (custom)
2023-01-06 13:37:53,835 [s0-NettyServerStreamRpc-workerGroup--thread2] INFO  netty.NettyConfigKeys$DataStream (ConfUtils.java:logGet(46)) - raft.netty.dataStream.client.tls.conf = null (default)
2023-01-06 13:37:53,835 [s0-NettyServerStreamRpc-workerGroup--thread2] INFO  netty.NettyConfigKeys$DataStream (ConfUtils.java:logGet(46)) - raft.netty.dataStream.client.reply.queue.grace-period = 1s (default)
2023-01-06 13:37:53,835 [s0-NettyServerStreamRpc-workerGroup--thread2] INFO  netty.NettyConfigKeys$DataStream (ConfUtils.java:logGet(46)) - raft.netty.dataStream.client.worker-group.share = false (default)
2023-01-06 13:37:53,835 [s0-NettyServerStreamRpc-workerGroup--thread2] INFO  netty.NettyConfigKeys$DataStream (ConfUtils.java:logGet(46)) - raft.netty.dataStream.client.worker-group.size = 4 (default)
2023-01-06 13:37:53,837 [s0-NettyServerStreamRpc-workerGroup--thread1] INFO  client.DataStreamClient (ConfUtils.java:logGet(46)) - raft.datastream.type = NETTY (custom)
2023-01-06 13:37:53,837 [s0-NettyServerStreamRpc-workerGroup--thread1] INFO  netty.NettyConfigKeys$DataStream (ConfUtils.java:logGet(46)) - raft.netty.dataStream.client.tls.conf = null (default)
2023-01-06 13:37:53,837 [s0-NettyServerStreamRpc-workerGroup--thread1] INFO  netty.NettyConfigKeys$DataStream (ConfUtils.java:logGet(46)) - raft.netty.dataStream.client.reply.queue.grace-period = 1s (default)
2023-01-06 13:37:53,837 [s0-NettyServerStreamRpc-workerGroup--thread1] INFO  netty.NettyConfigKeys$DataStream (ConfUtils.java:logGet(46)) - raft.netty.dataStream.client.worker-group.share = false (default)
2023-01-06 13:37:53,837 [s0-NettyServerStreamRpc-workerGroup--thread1] INFO  netty.NettyConfigKeys$DataStream (ConfUtils.java:logGet(46)) - raft.netty.dataStream.client.worker-group.size = 4 (default)
2023-01-06 13:37:53,839 [s2-NettyServerStreamRpc-bossGroup--thread1] INFO  logging.LoggingHandler (AbstractInternalLogger.java:log(148)) - [id: 0x0c51fb98, L:/0.0.0.0:37575] READ: [id: 0x6a38c333, L:/127.0.0.1:37575 - R:/127.0.0.1:47778]
2023-01-06 13:37:53,839 [s2-NettyServerStreamRpc-bossGroup--thread1] INFO  logging.LoggingHandler (AbstractInternalLogger.java:log(148)) - [id: 0x0c51fb98, L:/0.0.0.0:37575] READ COMPLETE
2023-01-06 13:37:53,842 [s1-NettyServerStreamRpc-bossGroup--thread1] INFO  logging.LoggingHandler (AbstractInternalLogger.java:log(148)) - [id: 0xac6547ec, L:/0.0.0.0:37955] READ COMPLETE
2023-01-06 13:37:53,842 [s1-NettyServerStreamRpc-bossGroup--thread1] INFO  logging.LoggingHandler (AbstractInternalLogger.java:log(148)) - [id: 0xac6547ec, L:/0.0.0.0:37955] READ: [id: 0xae512fd4, L:/127.0.0.1:37955 - R:/127.0.0.1:42706]
2023-01-06 13:37:53,846 [s1-NettyServerStreamRpc-bossGroup--thread1] INFO  logging.LoggingHandler (AbstractInternalLogger.java:log(148)) - [id: 0xac6547ec, L:/0.0.0.0:37955] READ COMPLETE
2023-01-06 13:37:53,852 [s0-NettyServerStreamRpc-bossGroup--thread1] INFO  logging.LoggingHandler (AbstractInternalLogger.java:log(148)) - [id: 0x8e0c728b, L:/0.0.0.0:40517] READ: [id: 0xbd71398a, L:/127.0.0.1:40517 - R:/127.0.0.1:47842]
2023-01-06 13:37:53,852 [s2-NettyServerStreamRpc-workerGroup--thread1] INFO  client.DataStreamClient (ConfUtils.java:logGet(46)) - raft.datastream.type = NETTY (custom)
2023-01-06 13:37:53,852 [s2-NettyServerStreamRpc-workerGroup--thread1] INFO  netty.NettyConfigKeys$DataStream (ConfUtils.java:logGet(46)) - raft.netty.dataStream.client.tls.conf = null (default)
2023-01-06 13:37:53,853 [s0-NettyServerStreamRpc-bossGroup--thread1] INFO  logging.LoggingHandler (AbstractInternalLogger.java:log(148)) - [id: 0x8e0c728b, L:/0.0.0.0:40517] READ COMPLETE
2023-01-06 13:37:53,876 [s0-NettyServerStreamRpc-workerGroup--thread2] INFO  client.DataStreamClient (ConfUtils.java:logGet(46)) - raft.datastream.type = NETTY (custom)
2023-01-06 13:37:53,893 [s2-NettyServerStreamRpc-workerGroup--thread3] INFO  client.DataStreamClient (ConfUtils.java:logGet(46)) - raft.datastream.type = NETTY (custom)
2023-01-06 13:37:53,893 [s2-NettyServerStreamRpc-workerGroup--thread3] INFO  netty.NettyConfigKeys$DataStream (ConfUtils.java:logGet(46)) - raft.netty.dataStream.client.tls.conf = null (default)
2023-01-06 13:37:53,893 [s2-NettyServerStreamRpc-workerGroup--thread3] INFO  netty.NettyConfigKeys$DataStream (ConfUtils.java:logGet(46)) - raft.netty.dataStream.client.reply.queue.grace-period = 1s (default)
2023-01-06 13:37:53,894 [s2-NettyServerStreamRpc-workerGroup--thread3] INFO  netty.NettyConfigKeys$DataStream (ConfUtils.java:logGet(46)) - raft.netty.dataStream.client.worker-group.share = false (default)
2023-01-06 13:37:53,894 [s0-NettyServerStreamRpc-bossGroup--thread1] INFO  logging.LoggingHandler (AbstractInternalLogger.java:log(148)) - [id: 0x8e0c728b, L:/0.0.0.0:40517] READ: [id: 0xa9fcfaac, L:/127.0.0.1:40517 - R:/127.0.0.1:47850]
2023-01-06 13:37:53,894 [s2-NettyServerStreamRpc-workerGroup--thread3] INFO  netty.NettyConfigKeys$DataStream (ConfUtils.java:logGet(46)) - raft.netty.dataStream.client.worker-group.size = 4 (default)
2023-01-06 13:37:53,894 [s0-NettyServerStreamRpc-bossGroup--thread1] INFO  logging.LoggingHandler (AbstractInternalLogger.java:log(148)) - [id: 0x8e0c728b, L:/0.0.0.0:40517] READ COMPLETE
2023-01-06 13:37:53,894 [s2-NettyServerStreamRpc-workerGroup--thread1] INFO  netty.NettyConfigKeys$DataStream (ConfUtils.java:logGet(46)) - raft.netty.dataStream.client.reply.queue.grace-period = 1s (default)
2023-01-06 13:37:53,894 [s2-NettyServerStreamRpc-workerGroup--thread1] INFO  netty.NettyConfigKeys$DataStream (ConfUtils.java:logGet(46)) - raft.netty.dataStream.client.worker-group.share = false (default)
2023-01-06 13:37:53,894 [s2-NettyServerStreamRpc-workerGroup--thread1] INFO  netty.NettyConfigKeys$DataStream (ConfUtils.java:logGet(46)) - raft.netty.dataStream.client.worker-group.size = 4 (default)
2023-01-06 13:37:53,897 [s0-NettyServerStreamRpc-workerGroup--thread2] INFO  netty.NettyConfigKeys$DataStream (ConfUtils.java:logGet(46)) - raft.netty.dataStream.client.tls.conf = null (default)
2023-01-06 13:37:53,898 [s0-NettyServerStreamRpc-workerGroup--thread2] INFO  netty.NettyConfigKeys$DataStream (ConfUtils.java:logGet(46)) - raft.netty.dataStream.client.reply.queue.grace-period = 1s (default)
2023-01-06 13:37:53,898 [s0-NettyServerStreamRpc-workerGroup--thread2] INFO  netty.NettyConfigKeys$DataStream (ConfUtils.java:logGet(46)) - raft.netty.dataStream.client.worker-group.share = false (default)
2023-01-06 13:37:53,898 [s0-NettyServerStreamRpc-workerGroup--thread2] INFO  netty.NettyConfigKeys$DataStream (ConfUtils.java:logGet(46)) - raft.netty.dataStream.client.worker-group.size = 4 (default)
2023-01-06 13:37:53,902 [s1-NettyServerStreamRpc-bossGroup--thread1] INFO  logging.LoggingHandler (AbstractInternalLogger.java:log(148)) - [id: 0xac6547ec, L:/0.0.0.0:37955] READ: [id: 0xe7042bcd, L:/127.0.0.1:37955 - R:/127.0.0.1:42718]
2023-01-06 13:37:53,904 [s0-NettyServerStreamRpc-workerGroup--thread2] INFO  client.DataStreamClient (ConfUtils.java:logGet(46)) - raft.datastream.type = NETTY (custom)
2023-01-06 13:37:53,905 [s0-NettyServerStreamRpc-workerGroup--thread2] INFO  netty.NettyConfigKeys$DataStream (ConfUtils.java:logGet(46)) - raft.netty.dataStream.client.tls.conf = null (default)
2023-01-06 13:37:53,905 [s0-NettyServerStreamRpc-workerGroup--thread2] INFO  netty.NettyConfigKeys$DataStream (ConfUtils.java:logGet(46)) - raft.netty.dataStream.client.reply.queue.grace-period = 1s (default)
2023-01-06 13:37:53,905 [s0-NettyServerStreamRpc-workerGroup--thread2] INFO  netty.NettyConfigKeys$DataStream (ConfUtils.java:logGet(46)) - raft.netty.dataStream.client.worker-group.share = false (default)
2023-01-06 13:37:53,905 [s0-NettyServerStreamRpc-workerGroup--thread2] INFO  netty.NettyConfigKeys$DataStream (ConfUtils.java:logGet(46)) - raft.netty.dataStream.client.worker-group.size = 4 (default)
2023-01-06 13:37:53,911 [s1-NettyServerStreamRpc-workerGroup--thread1] INFO  client.DataStreamClient (ConfUtils.java:logGet(46)) - raft.datastream.type = NETTY (custom)
2023-01-06 13:37:53,912 [s1-NettyServerStreamRpc-workerGroup--thread1] INFO  netty.NettyConfigKeys$DataStream (ConfUtils.java:logGet(46)) - raft.netty.dataStream.client.tls.conf = null (default)
2023-01-06 13:37:53,912 [s1-NettyServerStreamRpc-workerGroup--thread1] INFO  netty.NettyConfigKeys$DataStream (ConfUtils.java:logGet(46)) - raft.netty.dataStream.client.reply.queue.grace-period = 1s (default)
2023-01-06 13:37:53,912 [s1-NettyServerStreamRpc-workerGroup--thread1] INFO  netty.NettyConfigKeys$DataStream (ConfUtils.java:logGet(46)) - raft.netty.dataStream.client.worker-group.share = false (default)
2023-01-06 13:37:53,912 [s1-NettyServerStreamRpc-workerGroup--thread1] INFO  netty.NettyConfigKeys$DataStream (ConfUtils.java:logGet(46)) - raft.netty.dataStream.client.worker-group.size = 4 (default)
2023-01-06 13:37:53,915 [s0-NettyServerStreamRpc-bossGroup--thread1] INFO  logging.LoggingHandler (AbstractInternalLogger.java:log(148)) - [id: 0x8e0c728b, L:/0.0.0.0:40517] READ: [id: 0x406b6420, L:/127.0.0.1:40517 - R:/127.0.0.1:47858]
2023-01-06 13:37:53,915 [s0-NettyServerStreamRpc-bossGroup--thread1] INFO  logging.LoggingHandler (AbstractInternalLogger.java:log(148)) - [id: 0x8e0c728b, L:/0.0.0.0:40517] READ COMPLETE
2023-01-06 13:37:53,915 [s1-NettyServerStreamRpc-workerGroup--thread1] INFO  client.DataStreamClient (ConfUtils.java:logGet(46)) - raft.datastream.type = NETTY (custom)
2023-01-06 13:37:53,915 [s1-NettyServerStreamRpc-workerGroup--thread1] INFO  netty.NettyConfigKeys$DataStream (ConfUtils.java:logGet(46)) - raft.netty.dataStream.client.tls.conf = null (default)
2023-01-06 13:37:53,915 [s1-NettyServerStreamRpc-workerGroup--thread1] INFO  netty.NettyConfigKeys$DataStream (ConfUtils.java:logGet(46)) - raft.netty.dataStream.client.reply.queue.grace-period = 1s (default)
2023-01-06 13:37:53,915 [s1-NettyServerStreamRpc-workerGroup--thread1] INFO  netty.NettyConfigKeys$DataStream (ConfUtils.java:logGet(46)) - raft.netty.dataStream.client.worker-group.share = false (default)
2023-01-06 13:37:53,915 [s1-NettyServerStreamRpc-workerGroup--thread1] INFO  netty.NettyConfigKeys$DataStream (ConfUtils.java:logGet(46)) - raft.netty.dataStream.client.worker-group.size = 4 (default)
2023-01-06 13:37:53,924 [s2-NettyServerStreamRpc-bossGroup--thread1] INFO  logging.LoggingHandler (AbstractInternalLogger.java:log(148)) - [id: 0x0c51fb98, L:/0.0.0.0:37575] READ: [id: 0x79443080, L:/127.0.0.1:37575 - R:/127.0.0.1:47788]
2023-01-06 13:37:53,924 [s2-NettyServerStreamRpc-bossGroup--thread1] INFO  logging.LoggingHandler (AbstractInternalLogger.java:log(148)) - [id: 0x0c51fb98, L:/0.0.0.0:37575] READ COMPLETE
2023-01-06 13:37:53,941 [s2-NettyServerStreamRpc-workerGroup--thread2] INFO  client.DataStreamClient (ConfUtils.java:logGet(46)) - raft.datastream.type = NETTY (custom)
2023-01-06 13:37:53,941 [s2-NettyServerStreamRpc-workerGroup--thread2] INFO  netty.NettyConfigKeys$DataStream (ConfUtils.java:logGet(46)) - raft.netty.dataStream.client.tls.conf = null (default)
2023-01-06 13:37:53,941 [s2-NettyServerStreamRpc-workerGroup--thread2] INFO  netty.NettyConfigKeys$DataStream (ConfUtils.java:logGet(46)) - raft.netty.dataStream.client.reply.queue.grace-period = 1s (default)
2023-01-06 13:37:53,941 [s2-NettyServerStreamRpc-workerGroup--thread2] INFO  netty.NettyConfigKeys$DataStream (ConfUtils.java:logGet(46)) - raft.netty.dataStream.client.worker-group.share = false (default)
2023-01-06 13:37:53,941 [s2-NettyServerStreamRpc-workerGroup--thread2] INFO  netty.NettyConfigKeys$DataStream (ConfUtils.java:logGet(46)) - raft.netty.dataStream.client.worker-group.size = 4 (default)
2023-01-06 13:37:53,954 [s0-NettyServerStreamRpc-bossGroup--thread1] INFO  logging.LoggingHandler (AbstractInternalLogger.java:log(148)) - [id: 0x8e0c728b, L:/0.0.0.0:40517] READ: [id: 0xc861c168, L:/127.0.0.1:40517 - R:/127.0.0.1:47868]
2023-01-06 13:37:53,954 [s0-NettyServerStreamRpc-bossGroup--thread1] INFO  logging.LoggingHandler (AbstractInternalLogger.java:log(148)) - [id: 0x8e0c728b, L:/0.0.0.0:40517] READ COMPLETE
2023-01-06 13:37:53,955 [s2-NettyServerStreamRpc-workerGroup--thread2] INFO  client.DataStreamClient (ConfUtils.java:logGet(46)) - raft.datastream.type = NETTY (custom)
2023-01-06 13:37:53,955 [s2-NettyServerStreamRpc-workerGroup--thread2] INFO  netty.NettyConfigKeys$DataStream (ConfUtils.java:logGet(46)) - raft.netty.dataStream.client.tls.conf = null (default)
2023-01-06 13:37:53,955 [s2-NettyServerStreamRpc-workerGroup--thread2] INFO  netty.NettyConfigKeys$DataStream (ConfUtils.java:logGet(46)) - raft.netty.dataStream.client.reply.queue.grace-period = 1s (default)
2023-01-06 13:37:53,955 [s2-NettyServerStreamRpc-workerGroup--thread2] INFO  netty.NettyConfigKeys$DataStream (ConfUtils.java:logGet(46)) - raft.netty.dataStream.client.worker-group.share = false (default)
2023-01-06 13:37:53,955 [s2-NettyServerStreamRpc-workerGroup--thread2] INFO  netty.NettyConfigKeys$DataStream (ConfUtils.java:logGet(46)) - raft.netty.dataStream.client.worker-group.size = 4 (default)
2023-01-06 13:37:53,968 [s2-NettyServerStreamRpc-workerGroup--thread4] INFO  client.DataStreamClient (ConfUtils.java:logGet(46)) - raft.datastream.type = NETTY (custom)
2023-01-06 13:37:53,968 [s2-NettyServerStreamRpc-workerGroup--thread4] INFO  netty.NettyConfigKeys$DataStream (ConfUtils.java:logGet(46)) - raft.netty.dataStream.client.tls.conf = null (default)
2023-01-06 13:37:53,968 [s2-NettyServerStreamRpc-workerGroup--thread4] INFO  netty.NettyConfigKeys$DataStream (ConfUtils.java:logGet(46)) - raft.netty.dataStream.client.reply.queue.grace-period = 1s (default)
2023-01-06 13:37:53,968 [s2-NettyServerStreamRpc-workerGroup--thread4] INFO  netty.NettyConfigKeys$DataStream (ConfUtils.java:logGet(46)) - raft.netty.dataStream.client.worker-group.share = false (default)
2023-01-06 13:37:53,968 [s2-NettyServerStreamRpc-workerGroup--thread4] INFO  netty.NettyConfigKeys$DataStream (ConfUtils.java:logGet(46)) - raft.netty.dataStream.client.worker-group.size = 4 (default)
2023-01-06 13:37:53,972 [s0-NettyServerStreamRpc-bossGroup--thread1] INFO  logging.LoggingHandler (AbstractInternalLogger.java:log(148)) - [id: 0x8e0c728b, L:/0.0.0.0:40517] READ: [id: 0x0f48bc32, L:/127.0.0.1:40517 - R:/127.0.0.1:47882]
2023-01-06 13:37:53,972 [s0-NettyServerStreamRpc-bossGroup--thread1] INFO  logging.LoggingHandler (AbstractInternalLogger.java:log(148)) - [id: 0x8e0c728b, L:/0.0.0.0:40517] READ COMPLETE
2023-01-06 13:37:53,973 [s2-NettyServerStreamRpc-workerGroup--thread4] INFO  client.DataStreamClient (ConfUtils.java:logGet(46)) - raft.datastream.type = NETTY (custom)
2023-01-06 13:37:53,973 [s2-NettyServerStreamRpc-workerGroup--thread4] INFO  netty.NettyConfigKeys$DataStream (ConfUtils.java:logGet(46)) - raft.netty.dataStream.client.tls.conf = null (default)
2023-01-06 13:37:53,973 [s2-NettyServerStreamRpc-workerGroup--thread4] INFO  netty.NettyConfigKeys$DataStream (ConfUtils.java:logGet(46)) - raft.netty.dataStream.client.reply.queue.grace-period = 1s (default)
2023-01-06 13:37:53,973 [s2-NettyServerStreamRpc-workerGroup--thread4] INFO  netty.NettyConfigKeys$DataStream (ConfUtils.java:logGet(46)) - raft.netty.dataStream.client.worker-group.share = false (default)
2023-01-06 13:37:53,973 [s2-NettyServerStreamRpc-workerGroup--thread4] INFO  netty.NettyConfigKeys$DataStream (ConfUtils.java:logGet(46)) - raft.netty.dataStream.client.worker-group.size = 4 (default)
2023-01-06 13:37:53,987 [s2-NettyServerStreamRpc-bossGroup--thread1] INFO  logging.LoggingHandler (AbstractInternalLogger.java:log(148)) - [id: 0x0c51fb98, L:/0.0.0.0:37575] READ: [id: 0xc2220e12, L:/127.0.0.1:37575 - R:/127.0.0.1:47790]
2023-01-06 13:37:53,987 [s2-NettyServerStreamRpc-bossGroup--thread1] INFO  logging.LoggingHandler (AbstractInternalLogger.java:log(148)) - [id: 0x0c51fb98, L:/0.0.0.0:37575] READ COMPLETE
2023-01-06 13:37:53,988 [s1-NettyServerStreamRpc-bossGroup--thread1] INFO  logging.LoggingHandler (AbstractInternalLogger.java:log(148)) - [id: 0xac6547ec, L:/0.0.0.0:37955] READ COMPLETE
2023-01-06 13:37:53,988 [s1-NettyServerStreamRpc-bossGroup--thread1] INFO  logging.LoggingHandler (AbstractInternalLogger.java:log(148)) - [id: 0xac6547ec, L:/0.0.0.0:37955] READ: [id: 0x345364fa, L:/127.0.0.1:37955 - R:/127.0.0.1:42728]
2023-01-06 13:37:53,988 [s1-NettyServerStreamRpc-bossGroup--thread1] INFO  logging.LoggingHandler (AbstractInternalLogger.java:log(148)) - [id: 0xac6547ec, L:/0.0.0.0:37955] READ: [id: 0x3eabf2ec, L:/127.0.0.1:37955 - R:/127.0.0.1:42738]
2023-01-06 13:37:53,988 [s1-NettyServerStreamRpc-bossGroup--thread1] INFO  logging.LoggingHandler (AbstractInternalLogger.java:log(148)) - [id: 0xac6547ec, L:/0.0.0.0:37955] READ COMPLETE
2023-01-06 13:37:53,989 [s2-NettyServerStreamRpc-bossGroup--thread1] INFO  logging.LoggingHandler (AbstractInternalLogger.java:log(148)) - [id: 0x0c51fb98, L:/0.0.0.0:37575] READ: [id: 0x776e965a, L:/127.0.0.1:37575 - R:/127.0.0.1:47796]
2023-01-06 13:37:53,990 [s2-NettyServerStreamRpc-bossGroup--thread1] INFO  logging.LoggingHandler (AbstractInternalLogger.java:log(148)) - [id: 0x0c51fb98, L:/0.0.0.0:37575] READ COMPLETE
2023-01-06 13:37:54,000 [s0-NettyServerStreamRpc-workerGroup--thread2] INFO  client.DataStreamClient (ConfUtils.java:logGet(46)) - raft.datastream.type = NETTY (custom)
2023-01-06 13:37:54,000 [s0-NettyServerStreamRpc-workerGroup--thread2] INFO  netty.NettyConfigKeys$DataStream (ConfUtils.java:logGet(46)) - raft.netty.dataStream.client.tls.conf = null (default)
2023-01-06 13:37:54,000 [s0-NettyServerStreamRpc-workerGroup--thread2] INFO  netty.NettyConfigKeys$DataStream (ConfUtils.java:logGet(46)) - raft.netty.dataStream.client.reply.queue.grace-period = 1s (default)
2023-01-06 13:37:54,000 [s0-NettyServerStreamRpc-workerGroup--thread2] INFO  netty.NettyConfigKeys$DataStream (ConfUtils.java:logGet(46)) - raft.netty.dataStream.client.worker-group.share = false (default)
2023-01-06 13:37:54,000 [s0-NettyServerStreamRpc-workerGroup--thread2] INFO  netty.NettyConfigKeys$DataStream (ConfUtils.java:logGet(46)) - raft.netty.dataStream.client.worker-group.size = 4 (default)
2023-01-06 13:37:54,001 [s1-NettyServerStreamRpc-bossGroup--thread1] INFO  logging.LoggingHandler (AbstractInternalLogger.java:log(148)) - [id: 0xac6547ec, L:/0.0.0.0:37955] READ: [id: 0xb874df83, L:/127.0.0.1:37955 - R:/127.0.0.1:42740]
2023-01-06 13:37:54,001 [s1-NettyServerStreamRpc-bossGroup--thread1] INFO  logging.LoggingHandler (AbstractInternalLogger.java:log(148)) - [id: 0xac6547ec, L:/0.0.0.0:37955] READ COMPLETE
2023-01-06 13:37:54,002 [s0-NettyServerStreamRpc-workerGroup--thread2] INFO  client.DataStreamClient (ConfUtils.java:logGet(46)) - raft.datastream.type = NETTY (custom)
2023-01-06 13:37:54,002 [s0-NettyServerStreamRpc-workerGroup--thread2] INFO  netty.NettyConfigKeys$DataStream (ConfUtils.java:logGet(46)) - raft.netty.dataStream.client.tls.conf = null (default)
2023-01-06 13:37:54,002 [s0-NettyServerStreamRpc-workerGroup--thread2] INFO  netty.NettyConfigKeys$DataStream (ConfUtils.java:logGet(46)) - raft.netty.dataStream.client.reply.queue.grace-period = 1s (default)
2023-01-06 13:37:54,002 [s0-NettyServerStreamRpc-workerGroup--thread2] INFO  netty.NettyConfigKeys$DataStream (ConfUtils.java:logGet(46)) - raft.netty.dataStream.client.worker-group.share = false (default)
2023-01-06 13:37:54,002 [s0-NettyServerStreamRpc-workerGroup--thread2] INFO  netty.NettyConfigKeys$DataStream (ConfUtils.java:logGet(46)) - raft.netty.dataStream.client.worker-group.size = 4 (default)
2023-01-06 13:37:54,003 [s1-NettyServerStreamRpc-workerGroup--thread1] INFO  client.DataStreamClient (ConfUtils.java:logGet(46)) - raft.datastream.type = NETTY (custom)
2023-01-06 13:37:54,003 [s1-NettyServerStreamRpc-workerGroup--thread1] INFO  netty.NettyConfigKeys$DataStream (ConfUtils.java:logGet(46)) - raft.netty.dataStream.client.tls.conf = null (default)
2023-01-06 13:37:54,003 [s1-NettyServerStreamRpc-workerGroup--thread1] INFO  netty.NettyConfigKeys$DataStream (ConfUtils.java:logGet(46)) - raft.netty.dataStream.client.reply.queue.grace-period = 1s (default)
2023-01-06 13:37:54,003 [s1-NettyServerStreamRpc-workerGroup--thread1] INFO  netty.NettyConfigKeys$DataStream (ConfUtils.java:logGet(46)) - raft.netty.dataStream.client.worker-group.share = false (default)
2023-01-06 13:37:54,003 [s1-NettyServerStreamRpc-workerGroup--thread1] INFO  netty.NettyConfigKeys$DataStream (ConfUtils.java:logGet(46)) - raft.netty.dataStream.client.worker-group.size = 4 (default)
2023-01-06 13:37:54,028 [s1-NettyServerStreamRpc-bossGroup--thread1] INFO  logging.LoggingHandler (AbstractInternalLogger.java:log(148)) - [id: 0xac6547ec, L:/0.0.0.0:37955] READ: [id: 0xc1d4854f, L:/127.0.0.1:37955 - R:/127.0.0.1:42754]
2023-01-06 13:37:54,028 [s1-NettyServerStreamRpc-bossGroup--thread1] INFO  logging.LoggingHandler (AbstractInternalLogger.java:log(148)) - [id: 0xac6547ec, L:/0.0.0.0:37955] READ COMPLETE
2023-01-06 13:37:54,048 [s1-NettyServerStreamRpc-bossGroup--thread1] INFO  logging.LoggingHandler (AbstractInternalLogger.java:log(148)) - [id: 0xac6547ec, L:/0.0.0.0:37955] READ: [id: 0xfc461a78, L:/127.0.0.1:37955 - R:/127.0.0.1:42756]
2023-01-06 13:37:54,049 [s1-NettyServerStreamRpc-bossGroup--thread1] INFO  logging.LoggingHandler (AbstractInternalLogger.java:log(148)) - [id: 0xac6547ec, L:/0.0.0.0:37955] READ COMPLETE
2023-01-06 13:37:54,058 [s2-NettyServerStreamRpc-workerGroup--thread1] INFO  client.DataStreamClient (ConfUtils.java:logGet(46)) - raft.datastream.type = NETTY (custom)
2023-01-06 13:37:54,058 [s2-NettyServerStreamRpc-workerGroup--thread1] INFO  netty.NettyConfigKeys$DataStream (ConfUtils.java:logGet(46)) - raft.netty.dataStream.client.tls.conf = null (default)
2023-01-06 13:37:54,058 [s2-NettyServerStreamRpc-workerGroup--thread1] INFO  netty.NettyConfigKeys$DataStream (ConfUtils.java:logGet(46)) - raft.netty.dataStream.client.reply.queue.grace-period = 1s (default)
2023-01-06 13:37:54,058 [s2-NettyServerStreamRpc-workerGroup--thread1] INFO  netty.NettyConfigKeys$DataStream (ConfUtils.java:logGet(46)) - raft.netty.dataStream.client.worker-group.share = false (default)
2023-01-06 13:37:54,058 [s2-NettyServerStreamRpc-workerGroup--thread1] INFO  netty.NettyConfigKeys$DataStream (ConfUtils.java:logGet(46)) - raft.netty.dataStream.client.worker-group.size = 4 (default)
2023-01-06 13:37:54,059 [s0-NettyServerStreamRpc-bossGroup--thread1] INFO  logging.LoggingHandler (AbstractInternalLogger.java:log(148)) - [id: 0x8e0c728b, L:/0.0.0.0:40517] READ: [id: 0x0329295d, L:/127.0.0.1:40517 - R:/127.0.0.1:47894]
2023-01-06 13:37:54,060 [s0-NettyServerStreamRpc-bossGroup--thread1] INFO  logging.LoggingHandler (AbstractInternalLogger.java:log(148)) - [id: 0x8e0c728b, L:/0.0.0.0:40517] READ COMPLETE
2023-01-06 13:37:54,060 [s2-NettyServerStreamRpc-workerGroup--thread1] INFO  client.DataStreamClient (ConfUtils.java:logGet(46)) - raft.datastream.type = NETTY (custom)
2023-01-06 13:37:54,060 [s2-NettyServerStreamRpc-workerGroup--thread1] INFO  netty.NettyConfigKeys$DataStream (ConfUtils.java:logGet(46)) - raft.netty.dataStream.client.tls.conf = null (default)
2023-01-06 13:37:54,060 [s2-NettyServerStreamRpc-workerGroup--thread1] INFO  netty.NettyConfigKeys$DataStream (ConfUtils.java:logGet(46)) - raft.netty.dataStream.client.reply.queue.grace-period = 1s (default)
2023-01-06 13:37:54,060 [s2-NettyServerStreamRpc-workerGroup--thread1] INFO  netty.NettyConfigKeys$DataStream (ConfUtils.java:logGet(46)) - raft.netty.dataStream.client.worker-group.share = false (default)
2023-01-06 13:37:54,060 [s2-NettyServerStreamRpc-workerGroup--thread1] INFO  netty.NettyConfigKeys$DataStream (ConfUtils.java:logGet(46)) - raft.netty.dataStream.client.worker-group.size = 4 (default)
2023-01-06 13:37:54,069 [s0-NettyServerStreamRpc-bossGroup--thread1] INFO  logging.LoggingHandler (AbstractInternalLogger.java:log(148)) - [id: 0x8e0c728b, L:/0.0.0.0:40517] READ: [id: 0x1cf294da, L:/127.0.0.1:40517 - R:/127.0.0.1:47898]
2023-01-06 13:37:54,069 [s0-NettyServerStreamRpc-bossGroup--thread1] INFO  logging.LoggingHandler (AbstractInternalLogger.java:log(148)) - [id: 0x8e0c728b, L:/0.0.0.0:40517] READ COMPLETE
2023-01-06 13:37:54,069 [s1-NettyServerStreamRpc-workerGroup--thread1] INFO  client.DataStreamClient (ConfUtils.java:logGet(46)) - raft.datastream.type = NETTY (custom)
2023-01-06 13:37:54,069 [s1-NettyServerStreamRpc-workerGroup--thread1] INFO  netty.NettyConfigKeys$DataStream (ConfUtils.java:logGet(46)) - raft.netty.dataStream.client.tls.conf = null (default)
2023-01-06 13:37:54,070 [s1-NettyServerStreamRpc-workerGroup--thread1] INFO  netty.NettyConfigKeys$DataStream (ConfUtils.java:logGet(46)) - raft.netty.dataStream.client.reply.queue.grace-period = 1s (default)
2023-01-06 13:37:54,070 [s1-NettyServerStreamRpc-workerGroup--thread1] INFO  netty.NettyConfigKeys$DataStream (ConfUtils.java:logGet(46)) - raft.netty.dataStream.client.worker-group.share = false (default)
2023-01-06 13:37:54,070 [s1-NettyServerStreamRpc-workerGroup--thread1] INFO  netty.NettyConfigKeys$DataStream (ConfUtils.java:logGet(46)) - raft.netty.dataStream.client.worker-group.size = 4 (default)
2023-01-06 13:37:54,070 [s2-NettyServerStreamRpc-bossGroup--thread1] INFO  logging.LoggingHandler (AbstractInternalLogger.java:log(148)) - [id: 0x0c51fb98, L:/0.0.0.0:37575] READ: [id: 0x1dbc4c64, L:/127.0.0.1:37575 - R:/127.0.0.1:47806]
2023-01-06 13:37:54,070 [s2-NettyServerStreamRpc-bossGroup--thread1] INFO  logging.LoggingHandler (AbstractInternalLogger.java:log(148)) - [id: 0x0c51fb98, L:/0.0.0.0:37575] READ COMPLETE
2023-01-06 13:37:54,074 [s2-NettyServerStreamRpc-bossGroup--thread1] INFO  logging.LoggingHandler (AbstractInternalLogger.java:log(148)) - [id: 0x0c51fb98, L:/0.0.0.0:37575] READ: [id: 0xbf3575f0, L:/127.0.0.1:37575 - R:/127.0.0.1:47820]
2023-01-06 13:37:54,074 [s2-NettyServerStreamRpc-bossGroup--thread1] INFO  logging.LoggingHandler (AbstractInternalLogger.java:log(148)) - [id: 0x0c51fb98, L:/0.0.0.0:37575] READ COMPLETE
2023-01-06 13:37:54,075 [s0-NettyServerStreamRpc-workerGroup--thread2] INFO  client.DataStreamClient (ConfUtils.java:logGet(46)) - raft.datastream.type = NETTY (custom)
2023-01-06 13:37:54,075 [s0-NettyServerStreamRpc-workerGroup--thread2] INFO  netty.NettyConfigKeys$DataStream (ConfUtils.java:logGet(46)) - raft.netty.dataStream.client.tls.conf = null (default)
2023-01-06 13:37:54,075 [s0-NettyServerStreamRpc-workerGroup--thread2] INFO  netty.NettyConfigKeys$DataStream (ConfUtils.java:logGet(46)) - raft.netty.dataStream.client.reply.queue.grace-period = 1s (default)
2023-01-06 13:37:54,075 [s0-NettyServerStreamRpc-workerGroup--thread2] INFO  netty.NettyConfigKeys$DataStream (ConfUtils.java:logGet(46)) - raft.netty.dataStream.client.worker-group.share = false (default)
2023-01-06 13:37:54,075 [s0-NettyServerStreamRpc-workerGroup--thread2] INFO  netty.NettyConfigKeys$DataStream (ConfUtils.java:logGet(46)) - raft.netty.dataStream.client.worker-group.size = 4 (default)
2023-01-06 13:37:54,076 [s1-NettyServerStreamRpc-bossGroup--thread1] INFO  logging.LoggingHandler (AbstractInternalLogger.java:log(148)) - [id: 0xac6547ec, L:/0.0.0.0:37955] READ: [id: 0x9cca5a82, L:/127.0.0.1:37955 - R:/127.0.0.1:42764]
2023-01-06 13:37:54,076 [s1-NettyServerStreamRpc-bossGroup--thread1] INFO  logging.LoggingHandler (AbstractInternalLogger.java:log(148)) - [id: 0xac6547ec, L:/0.0.0.0:37955] READ COMPLETE
2023-01-06 13:37:54,076 [s0-NettyServerStreamRpc-workerGroup--thread2] INFO  client.DataStreamClient (ConfUtils.java:logGet(46)) - raft.datastream.type = NETTY (custom)
2023-01-06 13:37:54,076 [s0-NettyServerStreamRpc-workerGroup--thread2] INFO  netty.NettyConfigKeys$DataStream (ConfUtils.java:logGet(46)) - raft.netty.dataStream.client.tls.conf = null (default)
2023-01-06 13:37:54,076 [s0-NettyServerStreamRpc-workerGroup--thread2] INFO  netty.NettyConfigKeys$DataStream (ConfUtils.java:logGet(46)) - raft.netty.dataStream.client.reply.queue.grace-period = 1s (default)
2023-01-06 13:37:54,076 [s0-NettyServerStreamRpc-workerGroup--thread2] INFO  netty.NettyConfigKeys$DataStream (ConfUtils.java:logGet(46)) - raft.netty.dataStream.client.worker-group.share = false (default)
2023-01-06 13:37:54,076 [s0-NettyServerStreamRpc-workerGroup--thread2] INFO  netty.NettyConfigKeys$DataStream (ConfUtils.java:logGet(46)) - raft.netty.dataStream.client.worker-group.size = 4 (default)
2023-01-06 13:37:54,079 [s1-NettyServerStreamRpc-bossGroup--thread1] INFO  logging.LoggingHandler (AbstractInternalLogger.java:log(148)) - [id: 0xac6547ec, L:/0.0.0.0:37955] READ: [id: 0xb3a3c47e, L:/127.0.0.1:37955 - R:/127.0.0.1:42780]
2023-01-06 13:37:54,079 [s1-NettyServerStreamRpc-bossGroup--thread1] INFO  logging.LoggingHandler (AbstractInternalLogger.java:log(148)) - [id: 0xac6547ec, L:/0.0.0.0:37955] READ COMPLETE
2023-01-06 13:37:54,091 [s2-NettyServerStreamRpc-workerGroup--thread2] INFO  client.DataStreamClient (ConfUtils.java:logGet(46)) - raft.datastream.type = NETTY (custom)
2023-01-06 13:37:54,092 [s2-NettyServerStreamRpc-workerGroup--thread2] INFO  netty.NettyConfigKeys$DataStream (ConfUtils.java:logGet(46)) - raft.netty.dataStream.client.tls.conf = null (default)
2023-01-06 13:37:54,092 [s2-NettyServerStreamRpc-workerGroup--thread2] INFO  netty.NettyConfigKeys$DataStream (ConfUtils.java:logGet(46)) - raft.netty.dataStream.client.reply.queue.grace-period = 1s (default)
2023-01-06 13:37:54,092 [s2-NettyServerStreamRpc-workerGroup--thread2] INFO  netty.NettyConfigKeys$DataStream (ConfUtils.java:logGet(46)) - raft.netty.dataStream.client.worker-group.share = false (default)
2023-01-06 13:37:54,092 [s2-NettyServerStreamRpc-workerGroup--thread2] INFO  netty.NettyConfigKeys$DataStream (ConfUtils.java:logGet(46)) - raft.netty.dataStream.client.worker-group.size = 4 (default)
2023-01-06 13:37:54,100 [s0-NettyServerStreamRpc-bossGroup--thread1] INFO  logging.LoggingHandler (AbstractInternalLogger.java:log(148)) - [id: 0x8e0c728b, L:/0.0.0.0:40517] READ: [id: 0x80e726dd, L:/127.0.0.1:40517 - R:/127.0.0.1:47908]
2023-01-06 13:37:54,100 [s0-NettyServerStreamRpc-bossGroup--thread1] INFO  logging.LoggingHandler (AbstractInternalLogger.java:log(148)) - [id: 0x8e0c728b, L:/0.0.0.0:40517] READ COMPLETE
2023-01-06 13:37:54,100 [s2-NettyServerStreamRpc-workerGroup--thread2] INFO  client.DataStreamClient (ConfUtils.java:logGet(46)) - raft.datastream.type = NETTY (custom)
2023-01-06 13:37:54,101 [s2-NettyServerStreamRpc-workerGroup--thread2] INFO  netty.NettyConfigKeys$DataStream (ConfUtils.java:logGet(46)) - raft.netty.dataStream.client.tls.conf = null (default)
2023-01-06 13:37:54,101 [s2-NettyServerStreamRpc-workerGroup--thread2] INFO  netty.NettyConfigKeys$DataStream (ConfUtils.java:logGet(46)) - raft.netty.dataStream.client.reply.queue.grace-period = 1s (default)
2023-01-06 13:37:54,101 [s2-NettyServerStreamRpc-workerGroup--thread2] INFO  netty.NettyConfigKeys$DataStream (ConfUtils.java:logGet(46)) - raft.netty.dataStream.client.worker-group.share = false (default)
2023-01-06 13:37:54,101 [s2-NettyServerStreamRpc-workerGroup--thread2] INFO  netty.NettyConfigKeys$DataStream (ConfUtils.java:logGet(46)) - raft.netty.dataStream.client.worker-group.size = 4 (default)
2023-01-06 13:37:54,111 [s2-NettyServerStreamRpc-bossGroup--thread1] INFO  logging.LoggingHandler (AbstractInternalLogger.java:log(148)) - [id: 0x0c51fb98, L:/0.0.0.0:37575] READ: [id: 0x14dfa919, L:/127.0.0.1:37575 - R:/127.0.0.1:47830]
2023-01-06 13:37:54,111 [s2-NettyServerStreamRpc-bossGroup--thread1] INFO  logging.LoggingHandler (AbstractInternalLogger.java:log(148)) - [id: 0x0c51fb98, L:/0.0.0.0:37575] READ COMPLETE
2023-01-06 13:37:54,113 [s1-NettyServerStreamRpc-workerGroup--thread1] INFO  client.DataStreamClient (ConfUtils.java:logGet(46)) - raft.datastream.type = NETTY (custom)
2023-01-06 13:37:54,113 [s1-NettyServerStreamRpc-workerGroup--thread1] INFO  netty.NettyConfigKeys$DataStream (ConfUtils.java:logGet(46)) - raft.netty.dataStream.client.tls.conf = null (default)
2023-01-06 13:37:54,113 [s1-NettyServerStreamRpc-workerGroup--thread1] INFO  netty.NettyConfigKeys$DataStream (ConfUtils.java:logGet(46)) - raft.netty.dataStream.client.reply.queue.grace-period = 1s (default)
2023-01-06 13:37:54,113 [s1-NettyServerStreamRpc-workerGroup--thread1] INFO  netty.NettyConfigKeys$DataStream (ConfUtils.java:logGet(46)) - raft.netty.dataStream.client.worker-group.share = false (default)
2023-01-06 13:37:54,113 [s1-NettyServerStreamRpc-workerGroup--thread1] INFO  netty.NettyConfigKeys$DataStream (ConfUtils.java:logGet(46)) - raft.netty.dataStream.client.worker-group.size = 4 (default)
2023-01-06 13:37:54,114 [s0-NettyServerStreamRpc-bossGroup--thread1] INFO  logging.LoggingHandler (AbstractInternalLogger.java:log(148)) - [id: 0x8e0c728b, L:/0.0.0.0:40517] READ: [id: 0xc831f725, L:/127.0.0.1:40517 - R:/127.0.0.1:47918]
2023-01-06 13:37:54,114 [s0-NettyServerStreamRpc-bossGroup--thread1] INFO  logging.LoggingHandler (AbstractInternalLogger.java:log(148)) - [id: 0x8e0c728b, L:/0.0.0.0:40517] READ COMPLETE
2023-01-06 13:37:54,115 [s1-NettyServerStreamRpc-workerGroup--thread1] INFO  client.DataStreamClient (ConfUtils.java:logGet(46)) - raft.datastream.type = NETTY (custom)
2023-01-06 13:37:54,115 [s1-NettyServerStreamRpc-workerGroup--thread1] INFO  netty.NettyConfigKeys$DataStream (ConfUtils.java:logGet(46)) - raft.netty.dataStream.client.tls.conf = null (default)
2023-01-06 13:37:54,115 [s1-NettyServerStreamRpc-workerGroup--thread1] INFO  netty.NettyConfigKeys$DataStream (ConfUtils.java:logGet(46)) - raft.netty.dataStream.client.reply.queue.grace-period = 1s (default)
2023-01-06 13:37:54,115 [s1-NettyServerStreamRpc-workerGroup--thread1] INFO  netty.NettyConfigKeys$DataStream (ConfUtils.java:logGet(46)) - raft.netty.dataStream.client.worker-group.share = false (default)
2023-01-06 13:37:54,115 [s1-NettyServerStreamRpc-workerGroup--thread1] INFO  netty.NettyConfigKeys$DataStream (ConfUtils.java:logGet(46)) - raft.netty.dataStream.client.worker-group.size = 4 (default)
2023-01-06 13:37:54,116 [s2-NettyServerStreamRpc-bossGroup--thread1] INFO  logging.LoggingHandler (AbstractInternalLogger.java:log(148)) - [id: 0x0c51fb98, L:/0.0.0.0:37575] READ: [id: 0x5a69d440, L:/127.0.0.1:37575 - R:/127.0.0.1:47836]
2023-01-06 13:37:54,116 [s2-NettyServerStreamRpc-bossGroup--thread1] INFO  logging.LoggingHandler (AbstractInternalLogger.java:log(148)) - [id: 0x0c51fb98, L:/0.0.0.0:37575] READ COMPLETE
2023-01-06 13:37:54,117 [s1-NettyServerStreamRpc-workerGroup--thread1] INFO  client.DataStreamClient (ConfUtils.java:logGet(46)) - raft.datastream.type = NETTY (custom)
2023-01-06 13:37:54,117 [s1-NettyServerStreamRpc-workerGroup--thread1] INFO  netty.NettyConfigKeys$DataStream (ConfUtils.java:logGet(46)) - raft.netty.dataStream.client.tls.conf = null (default)
2023-01-06 13:37:54,117 [s1-NettyServerStreamRpc-workerGroup--thread1] INFO  netty.NettyConfigKeys$DataStream (ConfUtils.java:logGet(46)) - raft.netty.dataStream.client.reply.queue.grace-period = 1s (default)
2023-01-06 13:37:54,117 [s1-NettyServerStreamRpc-workerGroup--thread1] INFO  netty.NettyConfigKeys$DataStream (ConfUtils.java:logGet(46)) - raft.netty.dataStream.client.worker-group.share = false (default)
2023-01-06 13:37:54,117 [s1-NettyServerStreamRpc-workerGroup--thread1] INFO  netty.NettyConfigKeys$DataStream (ConfUtils.java:logGet(46)) - raft.netty.dataStream.client.worker-group.size = 4 (default)
2023-01-06 13:37:54,124 [s0-NettyServerStreamRpc-bossGroup--thread1] INFO  logging.LoggingHandler (AbstractInternalLogger.java:log(148)) - [id: 0x8e0c728b, L:/0.0.0.0:40517] READ: [id: 0x70d3e349, L:/127.0.0.1:40517 - R:/127.0.0.1:47924]
2023-01-06 13:37:54,124 [s0-NettyServerStreamRpc-bossGroup--thread1] INFO  logging.LoggingHandler (AbstractInternalLogger.java:log(148)) - [id: 0x8e0c728b, L:/0.0.0.0:40517] READ COMPLETE
2023-01-06 13:37:54,124 [s1-NettyServerStreamRpc-workerGroup--thread1] INFO  client.DataStreamClient (ConfUtils.java:logGet(46)) - raft.datastream.type = NETTY (custom)
2023-01-06 13:37:54,124 [s1-NettyServerStreamRpc-workerGroup--thread1] INFO  netty.NettyConfigKeys$DataStream (ConfUtils.java:logGet(46)) - raft.netty.dataStream.client.tls.conf = null (default)
2023-01-06 13:37:54,124 [s1-NettyServerStreamRpc-workerGroup--thread1] INFO  netty.NettyConfigKeys$DataStream (ConfUtils.java:logGet(46)) - raft.netty.dataStream.client.reply.queue.grace-period = 1s (default)
2023-01-06 13:37:54,124 [s1-NettyServerStreamRpc-workerGroup--thread1] INFO  netty.NettyConfigKeys$DataStream (ConfUtils.java:logGet(46)) - raft.netty.dataStream.client.worker-group.share = false (default)
2023-01-06 13:37:54,124 [s1-NettyServerStreamRpc-workerGroup--thread1] INFO  netty.NettyConfigKeys$DataStream (ConfUtils.java:logGet(46)) - raft.netty.dataStream.client.worker-group.size = 4 (default)
2023-01-06 13:37:54,134 [s2-NettyServerStreamRpc-workerGroup--thread3] INFO  client.DataStreamClient (ConfUtils.java:logGet(46)) - raft.datastream.type = NETTY (custom)
2023-01-06 13:37:54,134 [s2-NettyServerStreamRpc-workerGroup--thread3] INFO  netty.NettyConfigKeys$DataStream (ConfUtils.java:logGet(46)) - raft.netty.dataStream.client.tls.conf = null (default)
2023-01-06 13:37:54,134 [s2-NettyServerStreamRpc-workerGroup--thread3] INFO  netty.NettyConfigKeys$DataStream (ConfUtils.java:logGet(46)) - raft.netty.dataStream.client.reply.queue.grace-period = 1s (default)
2023-01-06 13:37:54,135 [s2-NettyServerStreamRpc-workerGroup--thread3] INFO  netty.NettyConfigKeys$DataStream (ConfUtils.java:logGet(46)) - raft.netty.dataStream.client.worker-group.share = false (default)
2023-01-06 13:37:54,135 [s2-NettyServerStreamRpc-workerGroup--thread3] INFO  netty.NettyConfigKeys$DataStream (ConfUtils.java:logGet(46)) - raft.netty.dataStream.client.worker-group.size = 4 (default)
2023-01-06 13:37:54,141 [s0-NettyServerStreamRpc-workerGroup--thread2] INFO  client.DataStreamClient (ConfUtils.java:logGet(46)) - raft.datastream.type = NETTY (custom)
2023-01-06 13:37:54,141 [s0-NettyServerStreamRpc-workerGroup--thread2] INFO  netty.NettyConfigKeys$DataStream (ConfUtils.java:logGet(46)) - raft.netty.dataStream.client.tls.conf = null (default)
2023-01-06 13:37:54,141 [s0-NettyServerStreamRpc-workerGroup--thread2] INFO  netty.NettyConfigKeys$DataStream (ConfUtils.java:logGet(46)) - raft.netty.dataStream.client.reply.queue.grace-period = 1s (default)
2023-01-06 13:37:54,143 [s0-NettyServerStreamRpc-workerGroup--thread2] INFO  netty.NettyConfigKeys$DataStream (ConfUtils.java:logGet(46)) - raft.netty.dataStream.client.worker-group.share = false (default)
2023-01-06 13:37:54,143 [s0-NettyServerStreamRpc-workerGroup--thread2] INFO  netty.NettyConfigKeys$DataStream (ConfUtils.java:logGet(46)) - raft.netty.dataStream.client.worker-group.size = 4 (default)
2023-01-06 13:37:54,145 [s1-NettyServerStreamRpc-bossGroup--thread1] INFO  logging.LoggingHandler (AbstractInternalLogger.java:log(148)) - [id: 0xac6547ec, L:/0.0.0.0:37955] READ: [id: 0x5af35cc4, L:/127.0.0.1:37955 - R:/127.0.0.1:42788]
2023-01-06 13:37:54,145 [s1-NettyServerStreamRpc-bossGroup--thread1] INFO  logging.LoggingHandler (AbstractInternalLogger.java:log(148)) - [id: 0xac6547ec, L:/0.0.0.0:37955] READ COMPLETE
2023-01-06 13:37:54,146 [s0-NettyServerStreamRpc-bossGroup--thread1] INFO  logging.LoggingHandler (AbstractInternalLogger.java:log(148)) - [id: 0x8e0c728b, L:/0.0.0.0:40517] READ: [id: 0x89bd404a, L:/127.0.0.1:40517 - R:/127.0.0.1:47928]
2023-01-06 13:37:54,146 [s0-NettyServerStreamRpc-bossGroup--thread1] INFO  logging.LoggingHandler (AbstractInternalLogger.java:log(148)) - [id: 0x8e0c728b, L:/0.0.0.0:40517] READ COMPLETE
2023-01-06 13:37:54,146 [s2-NettyServerStreamRpc-workerGroup--thread3] INFO  client.DataStreamClient (ConfUtils.java:logGet(46)) - raft.datastream.type = NETTY (custom)
2023-01-06 13:37:54,146 [s2-NettyServerStreamRpc-workerGroup--thread3] INFO  netty.NettyConfigKeys$DataStream (ConfUtils.java:logGet(46)) - raft.netty.dataStream.client.tls.conf = null (default)
2023-01-06 13:37:54,146 [s2-NettyServerStreamRpc-workerGroup--thread3] INFO  netty.NettyConfigKeys$DataStream (ConfUtils.java:logGet(46)) - raft.netty.dataStream.client.reply.queue.grace-period = 1s (default)
2023-01-06 13:37:54,146 [s2-NettyServerStreamRpc-workerGroup--thread3] INFO  netty.NettyConfigKeys$DataStream (ConfUtils.java:logGet(46)) - raft.netty.dataStream.client.worker-group.share = false (default)
2023-01-06 13:37:54,146 [s2-NettyServerStreamRpc-workerGroup--thread3] INFO  netty.NettyConfigKeys$DataStream (ConfUtils.java:logGet(46)) - raft.netty.dataStream.client.worker-group.size = 4 (default)
2023-01-06 13:37:54,151 [s2-NettyServerStreamRpc-bossGroup--thread1] INFO  logging.LoggingHandler (AbstractInternalLogger.java:log(148)) - [id: 0x0c51fb98, L:/0.0.0.0:37575] READ: [id: 0x4270e782, L:/127.0.0.1:37575 - R:/127.0.0.1:47850]
2023-01-06 13:37:54,151 [s2-NettyServerStreamRpc-bossGroup--thread1] INFO  logging.LoggingHandler (AbstractInternalLogger.java:log(148)) - [id: 0x0c51fb98, L:/0.0.0.0:37575] READ COMPLETE
2023-01-06 13:37:54,151 [s1-NettyServerStreamRpc-workerGroup--thread1] INFO  client.DataStreamClient (ConfUtils.java:logGet(46)) - raft.datastream.type = NETTY (custom)
2023-01-06 13:37:54,151 [s1-NettyServerStreamRpc-workerGroup--thread1] INFO  netty.NettyConfigKeys$DataStream (ConfUtils.java:logGet(46)) - raft.netty.dataStream.client.tls.conf = null (default)
2023-01-06 13:37:54,151 [s1-NettyServerStreamRpc-workerGroup--thread1] INFO  netty.NettyConfigKeys$DataStream (ConfUtils.java:logGet(46)) - raft.netty.dataStream.client.reply.queue.grace-period = 1s (default)
2023-01-06 13:37:54,151 [s1-NettyServerStreamRpc-workerGroup--thread1] INFO  netty.NettyConfigKeys$DataStream (ConfUtils.java:logGet(46)) - raft.netty.dataStream.client.worker-group.share = false (default)
2023-01-06 13:37:54,152 [s1-NettyServerStreamRpc-workerGroup--thread1] INFO  netty.NettyConfigKeys$DataStream (ConfUtils.java:logGet(46)) - raft.netty.dataStream.client.worker-group.size = 4 (default)
2023-01-06 13:37:54,157 [s1-NettyServerStreamRpc-bossGroup--thread1] INFO  logging.LoggingHandler (AbstractInternalLogger.java:log(148)) - [id: 0xac6547ec, L:/0.0.0.0:37955] READ: [id: 0xde0fe3b1, L:/127.0.0.1:37955 - R:/127.0.0.1:42802]
2023-01-06 13:37:54,157 [s1-NettyServerStreamRpc-bossGroup--thread1] INFO  logging.LoggingHandler (AbstractInternalLogger.java:log(148)) - [id: 0xac6547ec, L:/0.0.0.0:37955] READ COMPLETE
2023-01-06 13:37:54,157 [s2-NettyServerStreamRpc-workerGroup--thread3] INFO  client.DataStreamClient (ConfUtils.java:logGet(46)) - raft.datastream.type = NETTY (custom)
2023-01-06 13:37:54,157 [s2-NettyServerStreamRpc-workerGroup--thread3] INFO  netty.NettyConfigKeys$DataStream (ConfUtils.java:logGet(46)) - raft.netty.dataStream.client.tls.conf = null (default)
2023-01-06 13:37:54,157 [s2-NettyServerStreamRpc-workerGroup--thread3] INFO  netty.NettyConfigKeys$DataStream (ConfUtils.java:logGet(46)) - raft.netty.dataStream.client.reply.queue.grace-period = 1s (default)
2023-01-06 13:37:54,157 [s2-NettyServerStreamRpc-workerGroup--thread3] INFO  netty.NettyConfigKeys$DataStream (ConfUtils.java:logGet(46)) - raft.netty.dataStream.client.worker-group.share = false (default)
2023-01-06 13:37:54,157 [s2-NettyServerStreamRpc-workerGroup--thread3] INFO  netty.NettyConfigKeys$DataStream (ConfUtils.java:logGet(46)) - raft.netty.dataStream.client.worker-group.size = 4 (default)
2023-01-06 13:37:54,162 [s0-NettyServerStreamRpc-bossGroup--thread1] INFO  logging.LoggingHandler (AbstractInternalLogger.java:log(148)) - [id: 0x8e0c728b, L:/0.0.0.0:40517] READ: [id: 0x94545448, L:/127.0.0.1:40517 - R:/127.0.0.1:47936]
2023-01-06 13:37:54,162 [s0-NettyServerStreamRpc-bossGroup--thread1] INFO  logging.LoggingHandler (AbstractInternalLogger.java:log(148)) - [id: 0x8e0c728b, L:/0.0.0.0:40517] READ COMPLETE
2023-01-06 13:37:54,162 [s1-NettyServerStreamRpc-workerGroup--thread1] INFO  client.DataStreamClient (ConfUtils.java:logGet(46)) - raft.datastream.type = NETTY (custom)
2023-01-06 13:37:54,163 [s1-NettyServerStreamRpc-workerGroup--thread1] INFO  netty.NettyConfigKeys$DataStream (ConfUtils.java:logGet(46)) - raft.netty.dataStream.client.tls.conf = null (default)
2023-01-06 13:37:54,163 [s1-NettyServerStreamRpc-workerGroup--thread1] INFO  netty.NettyConfigKeys$DataStream (ConfUtils.java:logGet(46)) - raft.netty.dataStream.client.reply.queue.grace-period = 1s (default)
2023-01-06 13:37:54,163 [s1-NettyServerStreamRpc-workerGroup--thread1] INFO  netty.NettyConfigKeys$DataStream (ConfUtils.java:logGet(46)) - raft.netty.dataStream.client.worker-group.share = false (default)
2023-01-06 13:37:54,163 [s1-NettyServerStreamRpc-workerGroup--thread1] INFO  netty.NettyConfigKeys$DataStream (ConfUtils.java:logGet(46)) - raft.netty.dataStream.client.worker-group.size = 4 (default)
2023-01-06 13:37:54,163 [s0-NettyServerStreamRpc-bossGroup--thread1] INFO  logging.LoggingHandler (AbstractInternalLogger.java:log(148)) - [id: 0x8e0c728b, L:/0.0.0.0:40517] READ: [id: 0x8fdaade0, L:/127.0.0.1:40517 - R:/127.0.0.1:47942]
2023-01-06 13:37:54,163 [s0-NettyServerStreamRpc-bossGroup--thread1] INFO  logging.LoggingHandler (AbstractInternalLogger.java:log(148)) - [id: 0x8e0c728b, L:/0.0.0.0:40517] READ COMPLETE
2023-01-06 13:37:54,164 [s2-NettyServerStreamRpc-workerGroup--thread3] INFO  client.DataStreamClient (ConfUtils.java:logGet(46)) - raft.datastream.type = NETTY (custom)
2023-01-06 13:37:54,164 [s2-NettyServerStreamRpc-workerGroup--thread3] INFO  netty.NettyConfigKeys$DataStream (ConfUtils.java:logGet(46)) - raft.netty.dataStream.client.tls.conf = null (default)
2023-01-06 13:37:54,164 [s2-NettyServerStreamRpc-workerGroup--thread3] INFO  netty.NettyConfigKeys$DataStream (ConfUtils.java:logGet(46)) - raft.netty.dataStream.client.reply.queue.grace-period = 1s (default)
2023-01-06 13:37:54,164 [s2-NettyServerStreamRpc-workerGroup--thread3] INFO  netty.NettyConfigKeys$DataStream (ConfUtils.java:logGet(46)) - raft.netty.dataStream.client.worker-group.share = false (default)
2023-01-06 13:37:54,164 [s2-NettyServerStreamRpc-workerGroup--thread3] INFO  netty.NettyConfigKeys$DataStream (ConfUtils.java:logGet(46)) - raft.netty.dataStream.client.worker-group.size = 4 (default)
2023-01-06 13:37:54,167 [s1-NettyServerStreamRpc-bossGroup--thread1] INFO  logging.LoggingHandler (AbstractInternalLogger.java:log(148)) - [id: 0xac6547ec, L:/0.0.0.0:37955] READ: [id: 0x304b01a5, L:/127.0.0.1:37955 - R:/127.0.0.1:42806]
2023-01-06 13:37:54,167 [s1-NettyServerStreamRpc-bossGroup--thread1] INFO  logging.LoggingHandler (AbstractInternalLogger.java:log(148)) - [id: 0xac6547ec, L:/0.0.0.0:37955] READ COMPLETE
2023-01-06 13:37:54,167 [s0-NettyServerStreamRpc-workerGroup--thread2] INFO  client.DataStreamClient (ConfUtils.java:logGet(46)) - raft.datastream.type = NETTY (custom)
2023-01-06 13:37:54,167 [s0-NettyServerStreamRpc-workerGroup--thread2] INFO  netty.NettyConfigKeys$DataStream (ConfUtils.java:logGet(46)) - raft.netty.dataStream.client.tls.conf = null (default)
2023-01-06 13:37:54,167 [s0-NettyServerStreamRpc-workerGroup--thread2] INFO  netty.NettyConfigKeys$DataStream (ConfUtils.java:logGet(46)) - raft.netty.dataStream.client.reply.queue.grace-period = 1s (default)
2023-01-06 13:37:54,168 [s0-NettyServerStreamRpc-workerGroup--thread2] INFO  netty.NettyConfigKeys$DataStream (ConfUtils.java:logGet(46)) - raft.netty.dataStream.client.worker-group.share = false (default)
2023-01-06 13:37:54,168 [s0-NettyServerStreamRpc-workerGroup--thread2] INFO  netty.NettyConfigKeys$DataStream (ConfUtils.java:logGet(46)) - raft.netty.dataStream.client.worker-group.size = 4 (default)
2023-01-06 13:37:54,168 [s1-NettyServerStreamRpc-workerGroup--thread1] INFO  client.DataStreamClient (ConfUtils.java:logGet(46)) - raft.datastream.type = NETTY (custom)
2023-01-06 13:37:54,168 [s1-NettyServerStreamRpc-workerGroup--thread1] INFO  netty.NettyConfigKeys$DataStream (ConfUtils.java:logGet(46)) - raft.netty.dataStream.client.tls.conf = null (default)
2023-01-06 13:37:54,168 [s1-NettyServerStreamRpc-workerGroup--thread1] INFO  netty.NettyConfigKeys$DataStream (ConfUtils.java:logGet(46)) - raft.netty.dataStream.client.reply.queue.grace-period = 1s (default)
2023-01-06 13:37:54,168 [s1-NettyServerStreamRpc-workerGroup--thread1] INFO  netty.NettyConfigKeys$DataStream (ConfUtils.java:logGet(46)) - raft.netty.dataStream.client.worker-group.share = false (default)
2023-01-06 13:37:54,168 [s1-NettyServerStreamRpc-workerGroup--thread1] INFO  netty.NettyConfigKeys$DataStream (ConfUtils.java:logGet(46)) - raft.netty.dataStream.client.worker-group.size = 4 (default)
2023-01-06 13:37:54,168 [s2-NettyServerStreamRpc-bossGroup--thread1] INFO  logging.LoggingHandler (AbstractInternalLogger.java:log(148)) - [id: 0x0c51fb98, L:/0.0.0.0:37575] READ: [id: 0x43fa6748, L:/127.0.0.1:37575 - R:/127.0.0.1:47860]
2023-01-06 13:37:54,169 [s2-NettyServerStreamRpc-bossGroup--thread1] INFO  logging.LoggingHandler (AbstractInternalLogger.java:log(148)) - [id: 0x0c51fb98, L:/0.0.0.0:37575] READ COMPLETE
2023-01-06 13:37:54,169 [s1-NettyServerStreamRpc-bossGroup--thread1] INFO  logging.LoggingHandler (AbstractInternalLogger.java:log(148)) - [id: 0xac6547ec, L:/0.0.0.0:37955] READ: [id: 0x2dd0b6f1, L:/127.0.0.1:37955 - R:/127.0.0.1:42816]
2023-01-06 13:37:54,169 [s1-NettyServerStreamRpc-bossGroup--thread1] INFO  logging.LoggingHandler (AbstractInternalLogger.java:log(148)) - [id: 0xac6547ec, L:/0.0.0.0:37955] READ COMPLETE
2023-01-06 13:37:54,170 [s2-NettyServerStreamRpc-workerGroup--thread1] INFO  client.DataStreamClient (ConfUtils.java:logGet(46)) - raft.datastream.type = NETTY (custom)
2023-01-06 13:37:54,170 [s2-NettyServerStreamRpc-workerGroup--thread1] INFO  netty.NettyConfigKeys$DataStream (ConfUtils.java:logGet(46)) - raft.netty.dataStream.client.tls.conf = null (default)
2023-01-06 13:37:54,170 [s2-NettyServerStreamRpc-workerGroup--thread1] INFO  netty.NettyConfigKeys$DataStream (ConfUtils.java:logGet(46)) - raft.netty.dataStream.client.reply.queue.grace-period = 1s (default)
2023-01-06 13:37:54,170 [s2-NettyServerStreamRpc-workerGroup--thread1] INFO  netty.NettyConfigKeys$DataStream (ConfUtils.java:logGet(46)) - raft.netty.dataStream.client.worker-group.share = false (default)
2023-01-06 13:37:54,170 [s2-NettyServerStreamRpc-workerGroup--thread1] INFO  netty.NettyConfigKeys$DataStream (ConfUtils.java:logGet(46)) - raft.netty.dataStream.client.worker-group.size = 4 (default)
2023-01-06 13:37:54,172 [s0-NettyServerStreamRpc-bossGroup--thread1] INFO  logging.LoggingHandler (AbstractInternalLogger.java:log(148)) - [id: 0x8e0c728b, L:/0.0.0.0:40517] READ: [id: 0x62c63f4f, L:/127.0.0.1:40517 - R:/127.0.0.1:47948]
2023-01-06 13:37:54,172 [s0-NettyServerStreamRpc-bossGroup--thread1] INFO  logging.LoggingHandler (AbstractInternalLogger.java:log(148)) - [id: 0x8e0c728b, L:/0.0.0.0:40517] READ COMPLETE
2023-01-06 13:37:54,172 [s1-NettyServerStreamRpc-workerGroup--thread1] INFO  client.DataStreamClient (ConfUtils.java:logGet(46)) - raft.datastream.type = NETTY (custom)
2023-01-06 13:37:54,172 [s1-NettyServerStreamRpc-workerGroup--thread1] INFO  netty.NettyConfigKeys$DataStream (ConfUtils.java:logGet(46)) - raft.netty.dataStream.client.tls.conf = null (default)
2023-01-06 13:37:54,172 [s1-NettyServerStreamRpc-workerGroup--thread1] INFO  netty.NettyConfigKeys$DataStream (ConfUtils.java:logGet(46)) - raft.netty.dataStream.client.reply.queue.grace-period = 1s (default)
2023-01-06 13:37:54,172 [s1-NettyServerStreamRpc-workerGroup--thread1] INFO  netty.NettyConfigKeys$DataStream (ConfUtils.java:logGet(46)) - raft.netty.dataStream.client.worker-group.share = false (default)
2023-01-06 13:37:54,172 [s1-NettyServerStreamRpc-workerGroup--thread1] INFO  netty.NettyConfigKeys$DataStream (ConfUtils.java:logGet(46)) - raft.netty.dataStream.client.worker-group.size = 4 (default)
2023-01-06 13:37:54,183 [s0-NettyServerStreamRpc-bossGroup--thread1] INFO  logging.LoggingHandler (AbstractInternalLogger.java:log(148)) - [id: 0x8e0c728b, L:/0.0.0.0:40517] READ: [id: 0xa44912d6, L:/127.0.0.1:40517 - R:/127.0.0.1:47950]
2023-01-06 13:37:54,183 [s0-NettyServerStreamRpc-bossGroup--thread1] INFO  logging.LoggingHandler (AbstractInternalLogger.java:log(148)) - [id: 0x8e0c728b, L:/0.0.0.0:40517] READ COMPLETE
2023-01-06 13:37:54,188 [s2-NettyServerStreamRpc-bossGroup--thread1] INFO  logging.LoggingHandler (AbstractInternalLogger.java:log(148)) - [id: 0x0c51fb98, L:/0.0.0.0:37575] READ: [id: 0x33ba9da8, L:/127.0.0.1:37575 - R:/127.0.0.1:47866]
2023-01-06 13:37:54,188 [s2-NettyServerStreamRpc-bossGroup--thread1] INFO  logging.LoggingHandler (AbstractInternalLogger.java:log(148)) - [id: 0x0c51fb98, L:/0.0.0.0:37575] READ COMPLETE
2023-01-06 13:37:54,188 [s0-NettyServerStreamRpc-workerGroup--thread2] INFO  client.DataStreamClient (ConfUtils.java:logGet(46)) - raft.datastream.type = NETTY (custom)
2023-01-06 13:37:54,188 [s0-NettyServerStreamRpc-workerGroup--thread2] INFO  netty.NettyConfigKeys$DataStream (ConfUtils.java:logGet(46)) - raft.netty.dataStream.client.tls.conf = null (default)
2023-01-06 13:37:54,188 [s0-NettyServerStreamRpc-workerGroup--thread2] INFO  netty.NettyConfigKeys$DataStream (ConfUtils.java:logGet(46)) - raft.netty.dataStream.client.reply.queue.grace-period = 1s (default)
2023-01-06 13:37:54,189 [s0-NettyServerStreamRpc-workerGroup--thread2] INFO  netty.NettyConfigKeys$DataStream (ConfUtils.java:logGet(46)) - raft.netty.dataStream.client.worker-group.share = false (default)
2023-01-06 13:37:54,189 [s0-NettyServerStreamRpc-workerGroup--thread2] INFO  netty.NettyConfigKeys$DataStream (ConfUtils.java:logGet(46)) - raft.netty.dataStream.client.worker-group.size = 4 (default)
2023-01-06 13:37:54,190 [s1-NettyServerStreamRpc-bossGroup--thread1] INFO  logging.LoggingHandler (AbstractInternalLogger.java:log(148)) - [id: 0xac6547ec, L:/0.0.0.0:37955] READ: [id: 0xfd2fea2f, L:/127.0.0.1:37955 - R:/127.0.0.1:42822]
2023-01-06 13:37:54,190 [s2-NettyServerStreamRpc-bossGroup--thread1] INFO  logging.LoggingHandler (AbstractInternalLogger.java:log(148)) - [id: 0x0c51fb98, L:/0.0.0.0:37575] READ: [id: 0x4b3a4317, L:/127.0.0.1:37575 - R:/127.0.0.1:47870]
2023-01-06 13:37:54,190 [s1-NettyServerStreamRpc-bossGroup--thread1] INFO  logging.LoggingHandler (AbstractInternalLogger.java:log(148)) - [id: 0xac6547ec, L:/0.0.0.0:37955] READ COMPLETE
2023-01-06 13:37:54,190 [s2-NettyServerStreamRpc-bossGroup--thread1] INFO  logging.LoggingHandler (AbstractInternalLogger.java:log(148)) - [id: 0x0c51fb98, L:/0.0.0.0:37575] READ COMPLETE
2023-01-06 13:37:54,190 [s1-NettyServerStreamRpc-workerGroup--thread1] INFO  client.DataStreamClient (ConfUtils.java:logGet(46)) - raft.datastream.type = NETTY (custom)
2023-01-06 13:37:54,190 [s1-NettyServerStreamRpc-workerGroup--thread1] INFO  netty.NettyConfigKeys$DataStream (ConfUtils.java:logGet(46)) - raft.netty.dataStream.client.tls.conf = null (default)
2023-01-06 13:37:54,191 [s1-NettyServerStreamRpc-workerGroup--thread1] INFO  netty.NettyConfigKeys$DataStream (ConfUtils.java:logGet(46)) - raft.netty.dataStream.client.reply.queue.grace-period = 1s (default)
2023-01-06 13:37:54,191 [s1-NettyServerStreamRpc-workerGroup--thread1] INFO  netty.NettyConfigKeys$DataStream (ConfUtils.java:logGet(46)) - raft.netty.dataStream.client.worker-group.share = false (default)
2023-01-06 13:37:54,191 [s1-NettyServerStreamRpc-workerGroup--thread1] INFO  netty.NettyConfigKeys$DataStream (ConfUtils.java:logGet(46)) - raft.netty.dataStream.client.worker-group.size = 4 (default)
2023-01-06 13:37:54,191 [s0-NettyServerStreamRpc-workerGroup--thread2] INFO  client.DataStreamClient (ConfUtils.java:logGet(46)) - raft.datastream.type = NETTY (custom)
2023-01-06 13:37:54,192 [s0-NettyServerStreamRpc-workerGroup--thread2] INFO  netty.NettyConfigKeys$DataStream (ConfUtils.java:logGet(46)) - raft.netty.dataStream.client.tls.conf = null (default)
2023-01-06 13:37:54,192 [s0-NettyServerStreamRpc-workerGroup--thread2] INFO  netty.NettyConfigKeys$DataStream (ConfUtils.java:logGet(46)) - raft.netty.dataStream.client.reply.queue.grace-period = 1s (default)
2023-01-06 13:37:54,192 [s0-NettyServerStreamRpc-workerGroup--thread2] INFO  netty.NettyConfigKeys$DataStream (ConfUtils.java:logGet(46)) - raft.netty.dataStream.client.worker-group.share = false (default)
2023-01-06 13:37:54,192 [s0-NettyServerStreamRpc-workerGroup--thread2] INFO  netty.NettyConfigKeys$DataStream (ConfUtils.java:logGet(46)) - raft.netty.dataStream.client.worker-group.size = 4 (default)
2023-01-06 13:37:54,196 [s0-NettyServerStreamRpc-bossGroup--thread1] INFO  logging.LoggingHandler (AbstractInternalLogger.java:log(148)) - [id: 0x8e0c728b, L:/0.0.0.0:40517] READ: [id: 0x9265d465, L:/127.0.0.1:40517 - R:/127.0.0.1:47958]
2023-01-06 13:37:54,196 [s0-NettyServerStreamRpc-bossGroup--thread1] INFO  logging.LoggingHandler (AbstractInternalLogger.java:log(148)) - [id: 0x8e0c728b, L:/0.0.0.0:40517] READ COMPLETE
2023-01-06 13:37:54,199 [s1-NettyServerStreamRpc-workerGroup--thread1] INFO  client.DataStreamClient (ConfUtils.java:logGet(46)) - raft.datastream.type = NETTY (custom)
2023-01-06 13:37:54,199 [s1-NettyServerStreamRpc-workerGroup--thread1] INFO  netty.NettyConfigKeys$DataStream (ConfUtils.java:logGet(46)) - raft.netty.dataStream.client.tls.conf = null (default)
2023-01-06 13:37:54,199 [s1-NettyServerStreamRpc-workerGroup--thread1] INFO  netty.NettyConfigKeys$DataStream (ConfUtils.java:logGet(46)) - raft.netty.dataStream.client.reply.queue.grace-period = 1s (default)
2023-01-06 13:37:54,199 [s1-NettyServerStreamRpc-workerGroup--thread1] INFO  netty.NettyConfigKeys$DataStream (ConfUtils.java:logGet(46)) - raft.netty.dataStream.client.worker-group.share = false (default)
2023-01-06 13:37:54,199 [s1-NettyServerStreamRpc-workerGroup--thread1] INFO  netty.NettyConfigKeys$DataStream (ConfUtils.java:logGet(46)) - raft.netty.dataStream.client.worker-group.size = 4 (default)
2023-01-06 13:37:54,204 [s2-NettyServerStreamRpc-bossGroup--thread1] INFO  logging.LoggingHandler (AbstractInternalLogger.java:log(148)) - [id: 0x0c51fb98, L:/0.0.0.0:37575] READ: [id: 0x0fdd189a, L:/127.0.0.1:37575 - R:/127.0.0.1:47878]
2023-01-06 13:37:54,205 [s2-NettyServerStreamRpc-bossGroup--thread1] INFO  logging.LoggingHandler (AbstractInternalLogger.java:log(148)) - [id: 0x0c51fb98, L:/0.0.0.0:37575] READ COMPLETE
2023-01-06 13:37:54,205 [s0-NettyServerStreamRpc-workerGroup--thread2] INFO  client.DataStreamClient (ConfUtils.java:logGet(46)) - raft.datastream.type = NETTY (custom)
2023-01-06 13:37:54,205 [s0-NettyServerStreamRpc-workerGroup--thread2] INFO  netty.NettyConfigKeys$DataStream (ConfUtils.java:logGet(46)) - raft.netty.dataStream.client.tls.conf = null (default)
2023-01-06 13:37:54,205 [s0-NettyServerStreamRpc-workerGroup--thread2] INFO  netty.NettyConfigKeys$DataStream (ConfUtils.java:logGet(46)) - raft.netty.dataStream.client.reply.queue.grace-period = 1s (default)
2023-01-06 13:37:54,205 [s0-NettyServerStreamRpc-workerGroup--thread2] INFO  netty.NettyConfigKeys$DataStream (ConfUtils.java:logGet(46)) - raft.netty.dataStream.client.worker-group.share = false (default)
2023-01-06 13:37:54,206 [s0-NettyServerStreamRpc-workerGroup--thread2] INFO  netty.NettyConfigKeys$DataStream (ConfUtils.java:logGet(46)) - raft.netty.dataStream.client.worker-group.size = 4 (default)
2023-01-06 13:37:54,207 [s2-NettyServerStreamRpc-workerGroup--thread1] INFO  client.DataStreamClient (ConfUtils.java:logGet(46)) - raft.datastream.type = NETTY (custom)
2023-01-06 13:37:54,207 [s2-NettyServerStreamRpc-workerGroup--thread1] INFO  netty.NettyConfigKeys$DataStream (ConfUtils.java:logGet(46)) - raft.netty.dataStream.client.tls.conf = null (default)
2023-01-06 13:37:54,207 [s2-NettyServerStreamRpc-workerGroup--thread1] INFO  netty.NettyConfigKeys$DataStream (ConfUtils.java:logGet(46)) - raft.netty.dataStream.client.reply.queue.grace-period = 1s (default)
2023-01-06 13:37:54,207 [s2-NettyServerStreamRpc-workerGroup--thread1] INFO  netty.NettyConfigKeys$DataStream (ConfUtils.java:logGet(46)) - raft.netty.dataStream.client.worker-group.share = false (default)
2023-01-06 13:37:54,207 [s2-NettyServerStreamRpc-workerGroup--thread1] INFO  netty.NettyConfigKeys$DataStream (ConfUtils.java:logGet(46)) - raft.netty.dataStream.client.worker-group.size = 4 (default)
2023-01-06 13:37:54,208 [s1-NettyServerStreamRpc-bossGroup--thread1] INFO  logging.LoggingHandler (AbstractInternalLogger.java:log(148)) - [id: 0xac6547ec, L:/0.0.0.0:37955] READ: [id: 0xbd7b685c, L:/127.0.0.1:37955 - R:/127.0.0.1:42828]
2023-01-06 13:37:54,208 [s1-NettyServerStreamRpc-bossGroup--thread1] INFO  logging.LoggingHandler (AbstractInternalLogger.java:log(148)) - [id: 0xac6547ec, L:/0.0.0.0:37955] READ COMPLETE
2023-01-06 13:37:54,208 [s0-NettyServerStreamRpc-workerGroup--thread2] INFO  client.DataStreamClient (ConfUtils.java:logGet(46)) - raft.datastream.type = NETTY (custom)
2023-01-06 13:37:54,208 [s0-NettyServerStreamRpc-workerGroup--thread2] INFO  netty.NettyConfigKeys$DataStream (ConfUtils.java:logGet(46)) - raft.netty.dataStream.client.tls.conf = null (default)
2023-01-06 13:37:54,209 [s0-NettyServerStreamRpc-workerGroup--thread2] INFO  netty.NettyConfigKeys$DataStream (ConfUtils.java:logGet(46)) - raft.netty.dataStream.client.reply.queue.grace-period = 1s (default)
2023-01-06 13:37:54,209 [s0-NettyServerStreamRpc-workerGroup--thread2] INFO  netty.NettyConfigKeys$DataStream (ConfUtils.java:logGet(46)) - raft.netty.dataStream.client.worker-group.share = false (default)
2023-01-06 13:37:54,209 [s0-NettyServerStreamRpc-workerGroup--thread2] INFO  netty.NettyConfigKeys$DataStream (ConfUtils.java:logGet(46)) - raft.netty.dataStream.client.worker-group.size = 4 (default)
2023-01-06 13:37:54,210 [s1-NettyServerStreamRpc-bossGroup--thread1] INFO  logging.LoggingHandler (AbstractInternalLogger.java:log(148)) - [id: 0xac6547ec, L:/0.0.0.0:37955] READ: [id: 0x1fcb3ded, L:/127.0.0.1:37955 - R:/127.0.0.1:42842]
2023-01-06 13:37:54,210 [s1-NettyServerStreamRpc-bossGroup--thread1] INFO  logging.LoggingHandler (AbstractInternalLogger.java:log(148)) - [id: 0xac6547ec, L:/0.0.0.0:37955] READ COMPLETE
2023-01-06 13:37:54,210 [s2-NettyServerStreamRpc-workerGroup--thread1] INFO  client.DataStreamClient (ConfUtils.java:logGet(46)) - raft.datastream.type = NETTY (custom)
2023-01-06 13:37:54,210 [s2-NettyServerStreamRpc-workerGroup--thread1] INFO  netty.NettyConfigKeys$DataStream (ConfUtils.java:logGet(46)) - raft.netty.dataStream.client.tls.conf = null (default)
2023-01-06 13:37:54,210 [s2-NettyServerStreamRpc-workerGroup--thread1] INFO  netty.NettyConfigKeys$DataStream (ConfUtils.java:logGet(46)) - raft.netty.dataStream.client.reply.queue.grace-period = 1s (default)
2023-01-06 13:37:54,211 [s1-NettyServerStreamRpc-workerGroup--thread1] INFO  client.DataStreamClient (ConfUtils.java:logGet(46)) - raft.datastream.type = NETTY (custom)
2023-01-06 13:37:54,211 [s1-NettyServerStreamRpc-workerGroup--thread1] INFO  netty.NettyConfigKeys$DataStream (ConfUtils.java:logGet(46)) - raft.netty.dataStream.client.tls.conf = null (default)
2023-01-06 13:37:54,211 [s1-NettyServerStreamRpc-workerGroup--thread1] INFO  netty.NettyConfigKeys$DataStream (ConfUtils.java:logGet(46)) - raft.netty.dataStream.client.reply.queue.grace-period = 1s (default)
2023-01-06 13:37:54,211 [s1-NettyServerStreamRpc-workerGroup--thread1] INFO  netty.NettyConfigKeys$DataStream (ConfUtils.java:logGet(46)) - raft.netty.dataStream.client.worker-group.share = false (default)
2023-01-06 13:37:54,211 [s1-NettyServerStreamRpc-workerGroup--thread1] INFO  netty.NettyConfigKeys$DataStream (ConfUtils.java:logGet(46)) - raft.netty.dataStream.client.worker-group.size = 4 (default)
2023-01-06 13:37:54,211 [s2-NettyServerStreamRpc-workerGroup--thread1] INFO  netty.NettyConfigKeys$DataStream (ConfUtils.java:logGet(46)) - raft.netty.dataStream.client.worker-group.share = false (default)
2023-01-06 13:37:54,211 [s2-NettyServerStreamRpc-workerGroup--thread1] INFO  netty.NettyConfigKeys$DataStream (ConfUtils.java:logGet(46)) - raft.netty.dataStream.client.worker-group.size = 4 (default)
2023-01-06 13:37:54,211 [s2-NettyServerStreamRpc-bossGroup--thread1] INFO  logging.LoggingHandler (AbstractInternalLogger.java:log(148)) - [id: 0x0c51fb98, L:/0.0.0.0:37575] READ: [id: 0x842c635f, L:/127.0.0.1:37575 - R:/127.0.0.1:47892]
2023-01-06 13:37:54,212 [s2-NettyServerStreamRpc-bossGroup--thread1] INFO  logging.LoggingHandler (AbstractInternalLogger.java:log(148)) - [id: 0x0c51fb98, L:/0.0.0.0:37575] READ COMPLETE
2023-01-06 13:37:54,231 [s2-NettyServerStreamRpc-bossGroup--thread1] INFO  logging.LoggingHandler (AbstractInternalLogger.java:log(148)) - [id: 0x0c51fb98, L:/0.0.0.0:37575] READ: [id: 0xd24f3589, L:/127.0.0.1:37575 - R:/127.0.0.1:47896]
2023-01-06 13:37:54,231 [s2-NettyServerStreamRpc-bossGroup--thread1] INFO  logging.LoggingHandler (AbstractInternalLogger.java:log(148)) - [id: 0x0c51fb98, L:/0.0.0.0:37575] READ COMPLETE
2023-01-06 13:37:54,232 [s0-NettyServerStreamRpc-workerGroup--thread2] INFO  client.DataStreamClient (ConfUtils.java:logGet(46)) - raft.datastream.type = NETTY (custom)
2023-01-06 13:37:54,232 [s0-NettyServerStreamRpc-workerGroup--thread2] INFO  netty.NettyConfigKeys$DataStream (ConfUtils.java:logGet(46)) - raft.netty.dataStream.client.tls.conf = null (default)
2023-01-06 13:37:54,232 [s0-NettyServerStreamRpc-workerGroup--thread2] INFO  netty.NettyConfigKeys$DataStream (ConfUtils.java:logGet(46)) - raft.netty.dataStream.client.reply.queue.grace-period = 1s (default)
2023-01-06 13:37:54,232 [s0-NettyServerStreamRpc-workerGroup--thread2] INFO  netty.NettyConfigKeys$DataStream (ConfUtils.java:logGet(46)) - raft.netty.dataStream.client.worker-group.share = false (default)
2023-01-06 13:37:54,232 [s0-NettyServerStreamRpc-workerGroup--thread2] INFO  netty.NettyConfigKeys$DataStream (ConfUtils.java:logGet(46)) - raft.netty.dataStream.client.worker-group.size = 4 (default)
2023-01-06 13:37:54,234 [s0-NettyServerStreamRpc-bossGroup--thread1] INFO  logging.LoggingHandler (AbstractInternalLogger.java:log(148)) - [id: 0x8e0c728b, L:/0.0.0.0:40517] READ: [id: 0xfc6e2cf3, L:/127.0.0.1:40517 - R:/127.0.0.1:47968]
2023-01-06 13:37:54,234 [s0-NettyServerStreamRpc-bossGroup--thread1] INFO  logging.LoggingHandler (AbstractInternalLogger.java:log(148)) - [id: 0x8e0c728b, L:/0.0.0.0:40517] READ COMPLETE
2023-01-06 13:37:54,234 [s2-NettyServerStreamRpc-workerGroup--thread1] INFO  client.DataStreamClient (ConfUtils.java:logGet(46)) - raft.datastream.type = NETTY (custom)
2023-01-06 13:37:54,234 [s2-NettyServerStreamRpc-workerGroup--thread1] INFO  netty.NettyConfigKeys$DataStream (ConfUtils.java:logGet(46)) - raft.netty.dataStream.client.tls.conf = null (default)
2023-01-06 13:37:54,234 [s2-NettyServerStreamRpc-workerGroup--thread1] INFO  netty.NettyConfigKeys$DataStream (ConfUtils.java:logGet(46)) - raft.netty.dataStream.client.reply.queue.grace-period = 1s (default)
2023-01-06 13:37:54,234 [s2-NettyServerStreamRpc-workerGroup--thread1] INFO  netty.NettyConfigKeys$DataStream (ConfUtils.java:logGet(46)) - raft.netty.dataStream.client.worker-group.share = false (default)
2023-01-06 13:37:54,235 [s2-NettyServerStreamRpc-workerGroup--thread1] INFO  netty.NettyConfigKeys$DataStream (ConfUtils.java:logGet(46)) - raft.netty.dataStream.client.worker-group.size = 4 (default)
2023-01-06 13:37:54,236 [s0-NettyServerStreamRpc-bossGroup--thread1] INFO  logging.LoggingHandler (AbstractInternalLogger.java:log(148)) - [id: 0x8e0c728b, L:/0.0.0.0:40517] READ: [id: 0x26af767e, L:/127.0.0.1:40517 - R:/127.0.0.1:47978]
2023-01-06 13:37:54,236 [s0-NettyServerStreamRpc-bossGroup--thread1] INFO  logging.LoggingHandler (AbstractInternalLogger.java:log(148)) - [id: 0x8e0c728b, L:/0.0.0.0:40517] READ COMPLETE
2023-01-06 13:37:54,246 [s1-NettyServerStreamRpc-bossGroup--thread1] INFO  logging.LoggingHandler (AbstractInternalLogger.java:log(148)) - [id: 0xac6547ec, L:/0.0.0.0:37955] READ: [id: 0x2dd32c80, L:/127.0.0.1:37955 - R:/127.0.0.1:42844]
2023-01-06 13:37:54,246 [s1-NettyServerStreamRpc-bossGroup--thread1] INFO  logging.LoggingHandler (AbstractInternalLogger.java:log(148)) - [id: 0xac6547ec, L:/0.0.0.0:37955] READ COMPLETE
2023-01-06 13:37:54,251 [s1-NettyServerStreamRpc-workerGroup--thread1] INFO  client.DataStreamClient (ConfUtils.java:logGet(46)) - raft.datastream.type = NETTY (custom)
2023-01-06 13:37:54,252 [s1-NettyServerStreamRpc-workerGroup--thread1] INFO  netty.NettyConfigKeys$DataStream (ConfUtils.java:logGet(46)) - raft.netty.dataStream.client.tls.conf = null (default)
2023-01-06 13:37:54,252 [s1-NettyServerStreamRpc-workerGroup--thread1] INFO  netty.NettyConfigKeys$DataStream (ConfUtils.java:logGet(46)) - raft.netty.dataStream.client.reply.queue.grace-period = 1s (default)
2023-01-06 13:37:54,252 [s1-NettyServerStreamRpc-workerGroup--thread1] INFO  netty.NettyConfigKeys$DataStream (ConfUtils.java:logGet(46)) - raft.netty.dataStream.client.worker-group.share = false (default)
2023-01-06 13:37:54,252 [s1-NettyServerStreamRpc-workerGroup--thread1] INFO  netty.NettyConfigKeys$DataStream (ConfUtils.java:logGet(46)) - raft.netty.dataStream.client.worker-group.size = 4 (default)
2023-01-06 13:37:54,255 [s1-NettyServerStreamRpc-bossGroup--thread1] INFO  logging.LoggingHandler (AbstractInternalLogger.java:log(148)) - [id: 0xac6547ec, L:/0.0.0.0:37955] READ: [id: 0xad094c46, L:/127.0.0.1:37955 - R:/127.0.0.1:42852]
2023-01-06 13:37:54,255 [s1-NettyServerStreamRpc-bossGroup--thread1] INFO  logging.LoggingHandler (AbstractInternalLogger.java:log(148)) - [id: 0xac6547ec, L:/0.0.0.0:37955] READ COMPLETE
2023-01-06 13:37:54,256 [s0-NettyServerStreamRpc-workerGroup--thread1] INFO  client.DataStreamClient (ConfUtils.java:logGet(46)) - raft.datastream.type = NETTY (custom)
2023-01-06 13:37:54,256 [s0-NettyServerStreamRpc-workerGroup--thread1] INFO  netty.NettyConfigKeys$DataStream (ConfUtils.java:logGet(46)) - raft.netty.dataStream.client.tls.conf = null (default)
2023-01-06 13:37:54,256 [s0-NettyServerStreamRpc-workerGroup--thread1] INFO  netty.NettyConfigKeys$DataStream (ConfUtils.java:logGet(46)) - raft.netty.dataStream.client.reply.queue.grace-period = 1s (default)
2023-01-06 13:37:54,256 [s0-NettyServerStreamRpc-workerGroup--thread1] INFO  netty.NettyConfigKeys$DataStream (ConfUtils.java:logGet(46)) - raft.netty.dataStream.client.worker-group.share = false (default)
2023-01-06 13:37:54,256 [s0-NettyServerStreamRpc-workerGroup--thread1] INFO  netty.NettyConfigKeys$DataStream (ConfUtils.java:logGet(46)) - raft.netty.dataStream.client.worker-group.size = 4 (default)
2023-01-06 13:37:54,263 [s2-NettyServerStreamRpc-bossGroup--thread1] INFO  logging.LoggingHandler (AbstractInternalLogger.java:log(148)) - [id: 0x0c51fb98, L:/0.0.0.0:37575] READ: [id: 0x67194cb1, L:/127.0.0.1:37575 - R:/127.0.0.1:47908]
2023-01-06 13:37:54,263 [s2-NettyServerStreamRpc-bossGroup--thread1] INFO  logging.LoggingHandler (AbstractInternalLogger.java:log(148)) - [id: 0x0c51fb98, L:/0.0.0.0:37575] READ COMPLETE
2023-01-06 13:37:54,264 [s0-NettyServerStreamRpc-workerGroup--thread2] INFO  client.DataStreamClient (ConfUtils.java:logGet(46)) - raft.datastream.type = NETTY (custom)
2023-01-06 13:37:54,264 [s0-NettyServerStreamRpc-workerGroup--thread2] INFO  netty.NettyConfigKeys$DataStream (ConfUtils.java:logGet(46)) - raft.netty.dataStream.client.tls.conf = null (default)
2023-01-06 13:37:54,264 [s0-NettyServerStreamRpc-workerGroup--thread2] INFO  netty.NettyConfigKeys$DataStream (ConfUtils.java:logGet(46)) - raft.netty.dataStream.client.reply.queue.grace-period = 1s (default)
2023-01-06 13:37:54,264 [s0-NettyServerStreamRpc-workerGroup--thread2] INFO  netty.NettyConfigKeys$DataStream (ConfUtils.java:logGet(46)) - raft.netty.dataStream.client.worker-group.share = false (default)
2023-01-06 13:37:54,264 [s0-NettyServerStreamRpc-workerGroup--thread2] INFO  netty.NettyConfigKeys$DataStream (ConfUtils.java:logGet(46)) - raft.netty.dataStream.client.worker-group.size = 4 (default)
2023-01-06 13:37:54,278 [s2-NettyServerStreamRpc-bossGroup--thread1] INFO  logging.LoggingHandler (AbstractInternalLogger.java:log(148)) - [id: 0x0c51fb98, L:/0.0.0.0:37575] READ: [id: 0xeb0c38e0, L:/127.0.0.1:37575 - R:/127.0.0.1:47914]
2023-01-06 13:37:54,278 [s2-NettyServerStreamRpc-bossGroup--thread1] INFO  logging.LoggingHandler (AbstractInternalLogger.java:log(148)) - [id: 0x0c51fb98, L:/0.0.0.0:37575] READ COMPLETE
2023-01-06 13:37:54,278 [s1-NettyServerStreamRpc-workerGroup--thread1] INFO  client.DataStreamClient (ConfUtils.java:logGet(46)) - raft.datastream.type = NETTY (custom)
2023-01-06 13:37:54,278 [s1-NettyServerStreamRpc-workerGroup--thread1] INFO  netty.NettyConfigKeys$DataStream (ConfUtils.java:logGet(46)) - raft.netty.dataStream.client.tls.conf = null (default)
2023-01-06 13:37:54,278 [s1-NettyServerStreamRpc-workerGroup--thread1] INFO  netty.NettyConfigKeys$DataStream (ConfUtils.java:logGet(46)) - raft.netty.dataStream.client.reply.queue.grace-period = 1s (default)
2023-01-06 13:37:54,278 [s1-NettyServerStreamRpc-workerGroup--thread1] INFO  netty.NettyConfigKeys$DataStream (ConfUtils.java:logGet(46)) - raft.netty.dataStream.client.worker-group.share = false (default)
2023-01-06 13:37:54,279 [s1-NettyServerStreamRpc-workerGroup--thread1] INFO  netty.NettyConfigKeys$DataStream (ConfUtils.java:logGet(46)) - raft.netty.dataStream.client.worker-group.size = 4 (default)
2023-01-06 13:37:54,287 [s0-NettyServerStreamRpc-bossGroup--thread1] INFO  logging.LoggingHandler (AbstractInternalLogger.java:log(148)) - [id: 0x8e0c728b, L:/0.0.0.0:40517] READ: [id: 0x490c727a, L:/127.0.0.1:40517 - R:/127.0.0.1:47982]
2023-01-06 13:37:54,287 [s0-NettyServerStreamRpc-bossGroup--thread1] INFO  logging.LoggingHandler (AbstractInternalLogger.java:log(148)) - [id: 0x8e0c728b, L:/0.0.0.0:40517] READ COMPLETE
2023-01-06 13:37:54,287 [s1-NettyServerStreamRpc-workerGroup--thread1] INFO  client.DataStreamClient (ConfUtils.java:logGet(46)) - raft.datastream.type = NETTY (custom)
2023-01-06 13:37:54,288 [s1-NettyServerStreamRpc-workerGroup--thread1] INFO  netty.NettyConfigKeys$DataStream (ConfUtils.java:logGet(46)) - raft.netty.dataStream.client.tls.conf = null (default)
2023-01-06 13:37:54,288 [s1-NettyServerStreamRpc-workerGroup--thread1] INFO  netty.NettyConfigKeys$DataStream (ConfUtils.java:logGet(46)) - raft.netty.dataStream.client.reply.queue.grace-period = 1s (default)
2023-01-06 13:37:54,288 [s1-NettyServerStreamRpc-workerGroup--thread1] INFO  netty.NettyConfigKeys$DataStream (ConfUtils.java:logGet(46)) - raft.netty.dataStream.client.worker-group.share = false (default)
2023-01-06 13:37:54,288 [s1-NettyServerStreamRpc-workerGroup--thread1] INFO  netty.NettyConfigKeys$DataStream (ConfUtils.java:logGet(46)) - raft.netty.dataStream.client.worker-group.size = 4 (default)
2023-01-06 13:37:54,289 [s1-NettyServerStreamRpc-bossGroup--thread1] INFO  logging.LoggingHandler (AbstractInternalLogger.java:log(148)) - [id: 0xac6547ec, L:/0.0.0.0:37955] READ: [id: 0x84fef83f, L:/127.0.0.1:37955 - R:/127.0.0.1:42868]
2023-01-06 13:37:54,289 [s1-NettyServerStreamRpc-bossGroup--thread1] INFO  logging.LoggingHandler (AbstractInternalLogger.java:log(148)) - [id: 0xac6547ec, L:/0.0.0.0:37955] READ COMPLETE
2023-01-06 13:37:54,289 [s0-NettyServerStreamRpc-workerGroup--thread2] INFO  client.DataStreamClient (ConfUtils.java:logGet(46)) - raft.datastream.type = NETTY (custom)
2023-01-06 13:37:54,289 [s0-NettyServerStreamRpc-workerGroup--thread2] INFO  netty.NettyConfigKeys$DataStream (ConfUtils.java:logGet(46)) - raft.netty.dataStream.client.tls.conf = null (default)
2023-01-06 13:37:54,290 [s0-NettyServerStreamRpc-workerGroup--thread2] INFO  netty.NettyConfigKeys$DataStream (ConfUtils.java:logGet(46)) - raft.netty.dataStream.client.reply.queue.grace-period = 1s (default)
2023-01-06 13:37:54,290 [s0-NettyServerStreamRpc-workerGroup--thread2] INFO  netty.NettyConfigKeys$DataStream (ConfUtils.java:logGet(46)) - raft.netty.dataStream.client.worker-group.share = false (default)
2023-01-06 13:37:54,290 [s0-NettyServerStreamRpc-workerGroup--thread2] INFO  netty.NettyConfigKeys$DataStream (ConfUtils.java:logGet(46)) - raft.netty.dataStream.client.worker-group.size = 4 (default)
2023-01-06 13:37:54,293 [s2-NettyServerStreamRpc-bossGroup--thread1] INFO  logging.LoggingHandler (AbstractInternalLogger.java:log(148)) - [id: 0x0c51fb98, L:/0.0.0.0:37575] READ: [id: 0xd002d7bd, L:/127.0.0.1:37575 - R:/127.0.0.1:47926]
2023-01-06 13:37:54,293 [s2-NettyServerStreamRpc-bossGroup--thread1] INFO  logging.LoggingHandler (AbstractInternalLogger.java:log(148)) - [id: 0x0c51fb98, L:/0.0.0.0:37575] READ COMPLETE
2023-01-06 13:37:54,295 [s2-NettyServerStreamRpc-bossGroup--thread1] INFO  logging.LoggingHandler (AbstractInternalLogger.java:log(148)) - [id: 0x0c51fb98, L:/0.0.0.0:37575] READ: [id: 0x214668e7, L:/127.0.0.1:37575 - R:/127.0.0.1:47930]
2023-01-06 13:37:54,295 [s2-NettyServerStreamRpc-bossGroup--thread1] INFO  logging.LoggingHandler (AbstractInternalLogger.java:log(148)) - [id: 0x0c51fb98, L:/0.0.0.0:37575] READ COMPLETE
2023-01-06 13:37:54,365 [pool-9-thread-15] INFO  datastream.DataStreamTestUtils (DataStreamTestUtils.java:writeAndCloseAndAssertReplies(320)) - Stream381: bytesWritten=637449
2023-01-06 13:37:54,376 [pool-9-thread-12] INFO  datastream.DataStreamTestUtils (DataStreamTestUtils.java:writeAndCloseAndAssertReplies(320)) - Stream378: bytesWritten=696773
2023-01-06 13:37:54,384 [pool-9-thread-11] INFO  datastream.DataStreamTestUtils (DataStreamTestUtils.java:writeAndCloseAndAssertReplies(320)) - Stream376: bytesWritten=663033
2023-01-06 13:37:54,396 [pool-9-thread-16] INFO  datastream.DataStreamTestUtils (DataStreamTestUtils.java:writeAndCloseAndAssertReplies(320)) - Stream382: bytesWritten=754858
2023-01-06 13:37:54,397 [pool-9-thread-13] INFO  datastream.DataStreamTestUtils (DataStreamTestUtils.java:writeAndCloseAndAssertReplies(320)) - Stream379: bytesWritten=864049
2023-01-06 13:37:54,400 [pool-9-thread-14] INFO  datastream.DataStreamTestUtils (DataStreamTestUtils.java:writeAndCloseAndAssertReplies(320)) - Stream380: bytesWritten=704263
2023-01-06 13:37:54,415 [pool-9-thread-10] INFO  datastream.DataStreamTestUtils (DataStreamTestUtils.java:writeAndCloseAndAssertReplies(320)) - Stream377: bytesWritten=771737
2023-01-06 13:37:54,454 [s1-client-thread2] INFO  statemachine.StateMachine (DataStreamTestUtils.java:link(157)) - link SingleDataStream: writeRequest=RaftClientRequest:client-579A9B76D3DB->s2@group-BE38CA648A1A, cid=381, seq=0, DataStream, Message:<EMPTY>, logEntry=null
2023-01-06 13:37:54,456 [s0-server-thread3] INFO  statemachine.StateMachine (DataStreamTestUtils.java:link(157)) - link SingleDataStream: writeRequest=RaftClientRequest:client-579A9B76D3DB->s2@group-BE38CA648A1A, cid=381, seq=0, DataStream, Message:<EMPTY>, logEntry=null
2023-01-06 13:37:54,456 [s2-server-thread1] INFO  statemachine.StateMachine (DataStreamTestUtils.java:link(157)) - link SingleDataStream: writeRequest=RaftClientRequest:client-579A9B76D3DB->s2@group-BE38CA648A1A, cid=381, seq=0, DataStream, Message:<EMPTY>, logEntry=null
2023-01-06 13:37:54,461 [s1-client-thread1] INFO  statemachine.StateMachine (DataStreamTestUtils.java:link(157)) - link SingleDataStream: writeRequest=RaftClientRequest:client-579A9B76D3DB->s2@group-BE38CA648A1A, cid=378, seq=0, DataStream, Message:<EMPTY>, logEntry=null
2023-01-06 13:37:54,462 [s1-client-thread1] INFO  statemachine.StateMachine (DataStreamTestUtils.java:link(157)) - link SingleDataStream: writeRequest=RaftClientRequest:client-579A9B76D3DB->s2@group-BE38CA648A1A, cid=382, seq=0, DataStream, Message:<EMPTY>, logEntry=null
2023-01-06 13:37:54,463 [s2-server-thread1] INFO  statemachine.StateMachine (DataStreamTestUtils.java:link(157)) - link SingleDataStream: writeRequest=RaftClientRequest:client-579A9B76D3DB->s2@group-BE38CA648A1A, cid=378, seq=0, DataStream, Message:<EMPTY>, logEntry=null
2023-01-06 13:37:54,463 [s0-server-thread3] INFO  statemachine.StateMachine (DataStreamTestUtils.java:link(157)) - link SingleDataStream: writeRequest=RaftClientRequest:client-579A9B76D3DB->s2@group-BE38CA648A1A, cid=378, seq=0, DataStream, Message:<EMPTY>, logEntry=null
2023-01-06 13:37:54,463 [s1-client-thread1] INFO  statemachine.StateMachine (DataStreamTestUtils.java:link(157)) - link SingleDataStream: writeRequest=RaftClientRequest:client-579A9B76D3DB->s2@group-BE38CA648A1A, cid=379, seq=0, DataStream, Message:<EMPTY>, logEntry=null
2023-01-06 13:37:54,465 [s2-server-thread1] INFO  statemachine.StateMachine (DataStreamTestUtils.java:link(157)) - link SingleDataStream: writeRequest=RaftClientRequest:client-579A9B76D3DB->s2@group-BE38CA648A1A, cid=382, seq=0, DataStream, Message:<EMPTY>, logEntry=null
2023-01-06 13:37:54,470 [s1-client-thread1] INFO  statemachine.StateMachine (DataStreamTestUtils.java:link(157)) - link SingleDataStream: writeRequest=RaftClientRequest:client-579A9B76D3DB->s2@group-BE38CA648A1A, cid=380, seq=0, DataStream, Message:<EMPTY>, logEntry=null
2023-01-06 13:37:54,471 [s0-server-thread3] INFO  statemachine.StateMachine (DataStreamTestUtils.java:link(157)) - link SingleDataStream: writeRequest=RaftClientRequest:client-579A9B76D3DB->s2@group-BE38CA648A1A, cid=382, seq=0, DataStream, Message:<EMPTY>, logEntry=null
2023-01-06 13:37:54,471 [s2-server-thread1] INFO  statemachine.StateMachine (DataStreamTestUtils.java:link(157)) - link SingleDataStream: writeRequest=RaftClientRequest:client-579A9B76D3DB->s2@group-BE38CA648A1A, cid=379, seq=0, DataStream, Message:<EMPTY>, logEntry=null
2023-01-06 13:37:54,471 [s0-server-thread3] INFO  statemachine.StateMachine (DataStreamTestUtils.java:link(157)) - link SingleDataStream: writeRequest=RaftClientRequest:client-579A9B76D3DB->s2@group-BE38CA648A1A, cid=379, seq=0, DataStream, Message:<EMPTY>, logEntry=null
2023-01-06 13:37:54,472 [s2-server-thread3] INFO  statemachine.StateMachine (DataStreamTestUtils.java:link(157)) - link SingleDataStream: writeRequest=RaftClientRequest:client-579A9B76D3DB->s2@group-BE38CA648A1A, cid=380, seq=0, DataStream, Message:<EMPTY>, logEntry=null
2023-01-06 13:37:54,475 [s1-client-thread1] INFO  statemachine.StateMachine (DataStreamTestUtils.java:link(157)) - link SingleDataStream: writeRequest=RaftClientRequest:client-579A9B76D3DB->s2@group-BE38CA648A1A, cid=377, seq=0, DataStream, Message:<EMPTY>, logEntry=null
2023-01-06 13:37:54,476 [s2-server-thread1] INFO  statemachine.StateMachine (DataStreamTestUtils.java:link(157)) - link SingleDataStream: writeRequest=RaftClientRequest:client-579A9B76D3DB->s2@group-BE38CA648A1A, cid=377, seq=0, DataStream, Message:<EMPTY>, logEntry=null
2023-01-06 13:37:54,476 [s0-server-thread3] INFO  statemachine.StateMachine (DataStreamTestUtils.java:link(157)) - link SingleDataStream: writeRequest=RaftClientRequest:client-579A9B76D3DB->s2@group-BE38CA648A1A, cid=380, seq=0, DataStream, Message:<EMPTY>, logEntry=null
2023-01-06 13:37:54,477 [s0-server-thread3] INFO  statemachine.StateMachine (DataStreamTestUtils.java:link(157)) - link SingleDataStream: writeRequest=RaftClientRequest:client-579A9B76D3DB->s2@group-BE38CA648A1A, cid=377, seq=0, DataStream, Message:<EMPTY>, logEntry=null
2023-01-06 13:37:54,490 [s1-client-thread1] INFO  statemachine.StateMachine (DataStreamTestUtils.java:link(157)) - link SingleDataStream: writeRequest=RaftClientRequest:client-02552B4FCD30->s2@group-BE38CA648A1A, cid=376, seq=0, DataStream, Message:<EMPTY>, logEntry=null
2023-01-06 13:37:54,490 [pool-9-thread-15] INFO  datastream.DataStreamTestUtils (DataStreamTestUtils.java:writeAndCloseAndAssertReplies(311)) - start Stream383
2023-01-06 13:37:54,495 [s2-server-thread1] INFO  statemachine.StateMachine (DataStreamTestUtils.java:link(157)) - link SingleDataStream: writeRequest=RaftClientRequest:client-02552B4FCD30->s2@group-BE38CA648A1A, cid=376, seq=0, DataStream, Message:<EMPTY>, logEntry=null
2023-01-06 13:37:54,497 [s0-server-thread2] INFO  statemachine.StateMachine (DataStreamTestUtils.java:link(157)) - link SingleDataStream: writeRequest=RaftClientRequest:client-02552B4FCD30->s2@group-BE38CA648A1A, cid=376, seq=0, DataStream, Message:<EMPTY>, logEntry=null
2023-01-06 13:37:54,497 [pool-9-thread-12] INFO  datastream.DataStreamTestUtils (DataStreamTestUtils.java:writeAndCloseAndAssertReplies(311)) - start Stream384
2023-01-06 13:37:54,501 [pool-9-thread-16] INFO  datastream.DataStreamTestUtils (DataStreamTestUtils.java:writeAndCloseAndAssertReplies(311)) - start Stream385
2023-01-06 13:37:54,509 [pool-9-thread-13] INFO  datastream.DataStreamTestUtils (DataStreamTestUtils.java:writeAndCloseAndAssertReplies(311)) - start Stream386
2023-01-06 13:37:54,515 [pool-9-thread-14] INFO  datastream.DataStreamTestUtils (DataStreamTestUtils.java:writeAndCloseAndAssertReplies(311)) - start Stream388
2023-01-06 13:37:54,519 [pool-9-thread-10] INFO  datastream.DataStreamTestUtils (DataStreamTestUtils.java:writeAndCloseAndAssertReplies(311)) - start Stream389
2023-01-06 13:37:54,530 [pool-9-thread-15] INFO  datastream.DataStreamTestUtils (DataStreamTestUtils.java:writeAndCloseAndAssertReplies(320)) - Stream383: bytesWritten=739634
2023-01-06 13:37:54,545 [pool-9-thread-12] INFO  datastream.DataStreamTestUtils (DataStreamTestUtils.java:writeAndCloseAndAssertReplies(320)) - Stream384: bytesWritten=704465
2023-01-06 13:37:54,545 [pool-9-thread-16] INFO  datastream.DataStreamTestUtils (DataStreamTestUtils.java:writeAndCloseAndAssertReplies(320)) - Stream385: bytesWritten=654474
2023-01-06 13:37:54,549 [pool-9-thread-10] INFO  datastream.DataStreamTestUtils (DataStreamTestUtils.java:writeAndCloseAndAssertReplies(320)) - Stream389: bytesWritten=786707
2023-01-06 13:37:54,550 [pool-9-thread-14] INFO  datastream.DataStreamTestUtils (DataStreamTestUtils.java:writeAndCloseAndAssertReplies(320)) - Stream388: bytesWritten=820676
2023-01-06 13:37:54,551 [s1-client-thread1] INFO  statemachine.StateMachine (DataStreamTestUtils.java:link(157)) - link SingleDataStream: writeRequest=RaftClientRequest:client-579A9B76D3DB->s2@group-BE38CA648A1A, cid=385, seq=0, DataStream, Message:<EMPTY>, logEntry=null
2023-01-06 13:37:54,551 [s0-server-thread2] INFO  statemachine.StateMachine (DataStreamTestUtils.java:link(157)) - link SingleDataStream: writeRequest=RaftClientRequest:client-579A9B76D3DB->s2@group-BE38CA648A1A, cid=385, seq=0, DataStream, Message:<EMPTY>, logEntry=null
2023-01-06 13:37:54,552 [s1-client-thread1] INFO  statemachine.StateMachine (DataStreamTestUtils.java:link(157)) - link SingleDataStream: writeRequest=RaftClientRequest:client-579A9B76D3DB->s2@group-BE38CA648A1A, cid=384, seq=0, DataStream, Message:<EMPTY>, logEntry=null
2023-01-06 13:37:54,553 [s0-server-thread3] INFO  statemachine.StateMachine (DataStreamTestUtils.java:link(157)) - link SingleDataStream: writeRequest=RaftClientRequest:client-579A9B76D3DB->s2@group-BE38CA648A1A, cid=384, seq=0, DataStream, Message:<EMPTY>, logEntry=null
2023-01-06 13:37:54,553 [s2-server-thread1] INFO  statemachine.StateMachine (DataStreamTestUtils.java:link(157)) - link SingleDataStream: writeRequest=RaftClientRequest:client-579A9B76D3DB->s2@group-BE38CA648A1A, cid=385, seq=0, DataStream, Message:<EMPTY>, logEntry=null
2023-01-06 13:37:54,555 [s2-server-thread1] INFO  statemachine.StateMachine (DataStreamTestUtils.java:link(157)) - link SingleDataStream: writeRequest=RaftClientRequest:client-579A9B76D3DB->s2@group-BE38CA648A1A, cid=384, seq=0, DataStream, Message:<EMPTY>, logEntry=null
2023-01-06 13:37:54,557 [pool-9-thread-13] INFO  datastream.DataStreamTestUtils (DataStreamTestUtils.java:writeAndCloseAndAssertReplies(320)) - Stream386: bytesWritten=743888
2023-01-06 13:37:54,558 [pool-9-thread-16] INFO  datastream.DataStreamTestUtils (DataStreamTestUtils.java:writeAndCloseAndAssertReplies(311)) - start Stream390
2023-01-06 13:37:54,560 [pool-9-thread-12] INFO  datastream.DataStreamTestUtils (DataStreamTestUtils.java:writeAndCloseAndAssertReplies(311)) - start Stream391
2023-01-06 13:37:54,564 [s1-client-thread1] INFO  statemachine.StateMachine (DataStreamTestUtils.java:link(157)) - link SingleDataStream: writeRequest=RaftClientRequest:client-579A9B76D3DB->s2@group-BE38CA648A1A, cid=383, seq=0, DataStream, Message:<EMPTY>, logEntry=null
2023-01-06 13:37:54,564 [s0-server-thread3] INFO  statemachine.StateMachine (DataStreamTestUtils.java:link(157)) - link SingleDataStream: writeRequest=RaftClientRequest:client-579A9B76D3DB->s2@group-BE38CA648A1A, cid=383, seq=0, DataStream, Message:<EMPTY>, logEntry=null
2023-01-06 13:37:54,564 [s2-server-thread3] INFO  statemachine.StateMachine (DataStreamTestUtils.java:link(157)) - link SingleDataStream: writeRequest=RaftClientRequest:client-579A9B76D3DB->s2@group-BE38CA648A1A, cid=383, seq=0, DataStream, Message:<EMPTY>, logEntry=null
2023-01-06 13:37:54,565 [s1-client-thread1] INFO  statemachine.StateMachine (DataStreamTestUtils.java:link(157)) - link SingleDataStream: writeRequest=RaftClientRequest:client-579A9B76D3DB->s2@group-BE38CA648A1A, cid=386, seq=0, DataStream, Message:<EMPTY>, logEntry=null
2023-01-06 13:37:54,568 [pool-9-thread-11] INFO  datastream.DataStreamTestUtils (DataStreamTestUtils.java:writeAndCloseAndAssertReplies(311)) - start Stream392
2023-01-06 13:37:54,576 [pool-9-thread-15] INFO  datastream.DataStreamTestUtils (DataStreamTestUtils.java:writeAndCloseAndAssertReplies(311)) - start Stream393
2023-01-06 13:37:54,579 [s1-client-thread1] INFO  statemachine.StateMachine (DataStreamTestUtils.java:link(157)) - link SingleDataStream: writeRequest=RaftClientRequest:client-02552B4FCD30->s2@group-BE38CA648A1A, cid=389, seq=0, DataStream, Message:<EMPTY>, logEntry=null
2023-01-06 13:37:54,579 [s2-server-thread3] INFO  statemachine.StateMachine (DataStreamTestUtils.java:link(157)) - link SingleDataStream: writeRequest=RaftClientRequest:client-579A9B76D3DB->s2@group-BE38CA648A1A, cid=386, seq=0, DataStream, Message:<EMPTY>, logEntry=null
2023-01-06 13:37:54,580 [s0-server-thread3] INFO  statemachine.StateMachine (DataStreamTestUtils.java:link(157)) - link SingleDataStream: writeRequest=RaftClientRequest:client-579A9B76D3DB->s2@group-BE38CA648A1A, cid=386, seq=0, DataStream, Message:<EMPTY>, logEntry=null
2023-01-06 13:37:54,582 [s0-server-thread3] INFO  statemachine.StateMachine (DataStreamTestUtils.java:link(157)) - link SingleDataStream: writeRequest=RaftClientRequest:client-02552B4FCD30->s2@group-BE38CA648A1A, cid=389, seq=0, DataStream, Message:<EMPTY>, logEntry=null
2023-01-06 13:37:54,583 [s1-client-thread1] INFO  statemachine.StateMachine (DataStreamTestUtils.java:link(157)) - link SingleDataStream: writeRequest=RaftClientRequest:client-02552B4FCD30->s2@group-BE38CA648A1A, cid=388, seq=0, DataStream, Message:<EMPTY>, logEntry=null
2023-01-06 13:37:54,585 [s2-server-thread3] INFO  statemachine.StateMachine (DataStreamTestUtils.java:link(157)) - link SingleDataStream: writeRequest=RaftClientRequest:client-02552B4FCD30->s2@group-BE38CA648A1A, cid=389, seq=0, DataStream, Message:<EMPTY>, logEntry=null
2023-01-06 13:37:54,588 [s2-server-thread1] INFO  statemachine.StateMachine (DataStreamTestUtils.java:link(157)) - link SingleDataStream: writeRequest=RaftClientRequest:client-02552B4FCD30->s2@group-BE38CA648A1A, cid=388, seq=0, DataStream, Message:<EMPTY>, logEntry=null
2023-01-06 13:37:54,590 [s0-server-thread3] INFO  statemachine.StateMachine (DataStreamTestUtils.java:link(157)) - link SingleDataStream: writeRequest=RaftClientRequest:client-02552B4FCD30->s2@group-BE38CA648A1A, cid=388, seq=0, DataStream, Message:<EMPTY>, logEntry=null
2023-01-06 13:37:54,591 [pool-9-thread-13] INFO  datastream.DataStreamTestUtils (DataStreamTestUtils.java:writeAndCloseAndAssertReplies(311)) - start Stream394
2023-01-06 13:37:54,595 [pool-9-thread-10] INFO  datastream.DataStreamTestUtils (DataStreamTestUtils.java:writeAndCloseAndAssertReplies(311)) - start Stream395
2023-01-06 13:37:54,614 [pool-9-thread-3] INFO  datastream.DataStreamTestUtils (DataStreamTestUtils.java:writeAndCloseAndAssertReplies(311)) - start Stream396
2023-01-06 13:37:54,631 [pool-9-thread-14] INFO  datastream.DataStreamTestUtils (DataStreamTestUtils.java:writeAndCloseAndAssertReplies(311)) - start Stream387
2023-01-06 13:37:54,647 [pool-9-thread-12] INFO  datastream.DataStreamTestUtils (DataStreamTestUtils.java:writeAndCloseAndAssertReplies(320)) - Stream391: bytesWritten=688476
2023-01-06 13:37:54,652 [pool-9-thread-16] INFO  datastream.DataStreamTestUtils (DataStreamTestUtils.java:writeAndCloseAndAssertReplies(320)) - Stream390: bytesWritten=761122
2023-01-06 13:37:54,665 [s1-client-thread1] INFO  statemachine.StateMachine (DataStreamTestUtils.java:link(157)) - link SingleDataStream: writeRequest=RaftClientRequest:client-02552B4FCD30->s2@group-BE38CA648A1A, cid=391, seq=0, DataStream, Message:<EMPTY>, logEntry=null
2023-01-06 13:37:54,670 [pool-9-thread-11] INFO  datastream.DataStreamTestUtils (DataStreamTestUtils.java:writeAndCloseAndAssertReplies(320)) - Stream392: bytesWritten=773851
2023-01-06 13:37:54,670 [s2-server-thread3] INFO  statemachine.StateMachine (DataStreamTestUtils.java:link(157)) - link SingleDataStream: writeRequest=RaftClientRequest:client-02552B4FCD30->s2@group-BE38CA648A1A, cid=391, seq=0, DataStream, Message:<EMPTY>, logEntry=null
2023-01-06 13:37:54,671 [s0-server-thread3] INFO  statemachine.StateMachine (DataStreamTestUtils.java:link(157)) - link SingleDataStream: writeRequest=RaftClientRequest:client-02552B4FCD30->s2@group-BE38CA648A1A, cid=391, seq=0, DataStream, Message:<EMPTY>, logEntry=null
2023-01-06 13:37:54,674 [pool-9-thread-15] INFO  datastream.DataStreamTestUtils (DataStreamTestUtils.java:writeAndCloseAndAssertReplies(320)) - Stream393: bytesWritten=734074
2023-01-06 13:37:54,675 [s1-client-thread1] INFO  statemachine.StateMachine (DataStreamTestUtils.java:link(157)) - link SingleDataStream: writeRequest=RaftClientRequest:client-02552B4FCD30->s2@group-BE38CA648A1A, cid=390, seq=0, DataStream, Message:<EMPTY>, logEntry=null
2023-01-06 13:37:54,676 [pool-9-thread-12] INFO  datastream.DataStreamTestUtils (DataStreamTestUtils.java:writeAndCloseAndAssertReplies(311)) - start Stream397
2023-01-06 13:37:54,680 [pool-9-thread-10] INFO  datastream.DataStreamTestUtils (DataStreamTestUtils.java:writeAndCloseAndAssertReplies(320)) - Stream395: bytesWritten=716561
2023-01-06 13:37:54,681 [s0-server-thread3] INFO  statemachine.StateMachine (DataStreamTestUtils.java:link(157)) - link SingleDataStream: writeRequest=RaftClientRequest:client-02552B4FCD30->s2@group-BE38CA648A1A, cid=390, seq=0, DataStream, Message:<EMPTY>, logEntry=null
2023-01-06 13:37:54,682 [s1-client-thread1] INFO  statemachine.StateMachine (DataStreamTestUtils.java:link(157)) - link SingleDataStream: writeRequest=RaftClientRequest:client-02552B4FCD30->s2@group-BE38CA648A1A, cid=392, seq=0, DataStream, Message:<EMPTY>, logEntry=null
2023-01-06 13:37:54,681 [s2-server-thread3] INFO  statemachine.StateMachine (DataStreamTestUtils.java:link(157)) - link SingleDataStream: writeRequest=RaftClientRequest:client-02552B4FCD30->s2@group-BE38CA648A1A, cid=390, seq=0, DataStream, Message:<EMPTY>, logEntry=null
2023-01-06 13:37:54,683 [pool-9-thread-13] INFO  datastream.DataStreamTestUtils (DataStreamTestUtils.java:writeAndCloseAndAssertReplies(320)) - Stream394: bytesWritten=862101
2023-01-06 13:37:54,684 [s2-server-thread1] INFO  statemachine.StateMachine (DataStreamTestUtils.java:link(157)) - link SingleDataStream: writeRequest=RaftClientRequest:client-02552B4FCD30->s2@group-BE38CA648A1A, cid=392, seq=0, DataStream, Message:<EMPTY>, logEntry=null
2023-01-06 13:37:54,684 [s0-server-thread3] INFO  statemachine.StateMachine (DataStreamTestUtils.java:link(157)) - link SingleDataStream: writeRequest=RaftClientRequest:client-02552B4FCD30->s2@group-BE38CA648A1A, cid=392, seq=0, DataStream, Message:<EMPTY>, logEntry=null
2023-01-06 13:37:54,685 [pool-9-thread-16] INFO  datastream.DataStreamTestUtils (DataStreamTestUtils.java:writeAndCloseAndAssertReplies(311)) - start Stream398
2023-01-06 13:37:54,695 [pool-9-thread-11] INFO  datastream.DataStreamTestUtils (DataStreamTestUtils.java:writeAndCloseAndAssertReplies(311)) - start Stream399
2023-01-06 13:37:54,707 [s1-client-thread1] INFO  statemachine.StateMachine (DataStreamTestUtils.java:link(157)) - link SingleDataStream: writeRequest=RaftClientRequest:client-02552B4FCD30->s2@group-BE38CA648A1A, cid=393, seq=0, DataStream, Message:<EMPTY>, logEntry=null
2023-01-06 13:37:54,708 [s1-client-thread1] INFO  statemachine.StateMachine (DataStreamTestUtils.java:link(157)) - link SingleDataStream: writeRequest=RaftClientRequest:client-02552B4FCD30->s2@group-BE38CA648A1A, cid=395, seq=0, DataStream, Message:<EMPTY>, logEntry=null
2023-01-06 13:37:54,708 [s2-server-thread3] INFO  statemachine.StateMachine (DataStreamTestUtils.java:link(157)) - link SingleDataStream: writeRequest=RaftClientRequest:client-02552B4FCD30->s2@group-BE38CA648A1A, cid=393, seq=0, DataStream, Message:<EMPTY>, logEntry=null
2023-01-06 13:37:54,709 [s0-server-thread3] INFO  statemachine.StateMachine (DataStreamTestUtils.java:link(157)) - link SingleDataStream: writeRequest=RaftClientRequest:client-02552B4FCD30->s2@group-BE38CA648A1A, cid=393, seq=0, DataStream, Message:<EMPTY>, logEntry=null
2023-01-06 13:37:54,709 [s0-server-thread3] INFO  statemachine.StateMachine (DataStreamTestUtils.java:link(157)) - link SingleDataStream: writeRequest=RaftClientRequest:client-02552B4FCD30->s2@group-BE38CA648A1A, cid=395, seq=0, DataStream, Message:<EMPTY>, logEntry=null
2023-01-06 13:37:54,710 [s2-server-thread3] INFO  statemachine.StateMachine (DataStreamTestUtils.java:link(157)) - link SingleDataStream: writeRequest=RaftClientRequest:client-02552B4FCD30->s2@group-BE38CA648A1A, cid=395, seq=0, DataStream, Message:<EMPTY>, logEntry=null
2023-01-06 13:37:54,711 [s1-client-thread1] INFO  statemachine.StateMachine (DataStreamTestUtils.java:link(157)) - link SingleDataStream: writeRequest=RaftClientRequest:client-02552B4FCD30->s2@group-BE38CA648A1A, cid=394, seq=0, DataStream, Message:<EMPTY>, logEntry=null
2023-01-06 13:37:54,713 [pool-9-thread-15] INFO  datastream.DataStreamTestUtils (DataStreamTestUtils.java:writeAndCloseAndAssertReplies(311)) - start Stream400
2023-01-06 13:37:54,717 [s0-server-thread3] INFO  statemachine.StateMachine (DataStreamTestUtils.java:link(157)) - link SingleDataStream: writeRequest=RaftClientRequest:client-02552B4FCD30->s2@group-BE38CA648A1A, cid=394, seq=0, DataStream, Message:<EMPTY>, logEntry=null
2023-01-06 13:37:54,718 [pool-9-thread-10] INFO  datastream.DataStreamTestUtils (DataStreamTestUtils.java:writeAndCloseAndAssertReplies(311)) - start Stream401
2023-01-06 13:37:54,720 [s2-server-thread3] INFO  statemachine.StateMachine (DataStreamTestUtils.java:link(157)) - link SingleDataStream: writeRequest=RaftClientRequest:client-02552B4FCD30->s2@group-BE38CA648A1A, cid=394, seq=0, DataStream, Message:<EMPTY>, logEntry=null
2023-01-06 13:37:54,729 [pool-9-thread-13] INFO  datastream.DataStreamTestUtils (DataStreamTestUtils.java:writeAndCloseAndAssertReplies(311)) - start Stream402
2023-01-06 13:37:54,746 [pool-9-thread-3] INFO  datastream.DataStreamTestUtils (DataStreamTestUtils.java:writeAndCloseAndAssertReplies(320)) - Stream396: bytesWritten=713634
2023-01-06 13:37:54,750 [s1-client-thread1] INFO  statemachine.StateMachine (DataStreamTestUtils.java:link(157)) - link SingleDataStream: writeRequest=RaftClientRequest:client-02552B4FCD30->s2@group-BE38CA648A1A, cid=396, seq=0, DataStream, Message:<EMPTY>, logEntry=null
2023-01-06 13:37:54,750 [s0-server-thread3] INFO  statemachine.StateMachine (DataStreamTestUtils.java:link(157)) - link SingleDataStream: writeRequest=RaftClientRequest:client-02552B4FCD30->s2@group-BE38CA648A1A, cid=396, seq=0, DataStream, Message:<EMPTY>, logEntry=null
2023-01-06 13:37:54,751 [s2-server-thread3] INFO  statemachine.StateMachine (DataStreamTestUtils.java:link(157)) - link SingleDataStream: writeRequest=RaftClientRequest:client-02552B4FCD30->s2@group-BE38CA648A1A, cid=396, seq=0, DataStream, Message:<EMPTY>, logEntry=null
2023-01-06 13:37:54,763 [pool-9-thread-15] INFO  datastream.DataStreamTestUtils (DataStreamTestUtils.java:writeAndCloseAndAssertReplies(320)) - Stream400: bytesWritten=749542
2023-01-06 13:37:54,767 [pool-9-thread-11] INFO  datastream.DataStreamTestUtils (DataStreamTestUtils.java:writeAndCloseAndAssertReplies(320)) - Stream399: bytesWritten=719667
2023-01-06 13:37:54,767 [pool-9-thread-3] INFO  datastream.DataStreamTestUtils (DataStreamTestUtils.java:writeAndCloseAndAssertReplies(311)) - start Stream403
2023-01-06 13:37:54,772 [pool-9-thread-14] INFO  datastream.DataStreamTestUtils (DataStreamTestUtils.java:writeAndCloseAndAssertReplies(320)) - Stream387: bytesWritten=788861
2023-01-06 13:37:54,772 [pool-9-thread-10] INFO  datastream.DataStreamTestUtils (DataStreamTestUtils.java:writeAndCloseAndAssertReplies(320)) - Stream401: bytesWritten=755253
2023-01-06 13:37:54,772 [pool-9-thread-16] INFO  datastream.DataStreamTestUtils (DataStreamTestUtils.java:writeAndCloseAndAssertReplies(320)) - Stream398: bytesWritten=834159
2023-01-06 13:37:54,892 [pool-9-thread-12] INFO  datastream.DataStreamTestUtils (DataStreamTestUtils.java:writeAndCloseAndAssertReplies(320)) - Stream397: bytesWritten=822846
2023-01-06 13:37:54,902 [pool-9-thread-5] INFO  datastream.DataStreamTestUtils (DataStreamTestUtils.java:writeAndCloseAndAssertReplies(311)) - start Stream404
2023-01-06 13:37:54,928 [pool-9-thread-3] INFO  datastream.DataStreamTestUtils (DataStreamTestUtils.java:writeAndCloseAndAssertReplies(320)) - Stream403: bytesWritten=807587
2023-01-06 13:37:54,930 [pool-9-thread-13] INFO  datastream.DataStreamTestUtils (DataStreamTestUtils.java:writeAndCloseAndAssertReplies(320)) - Stream402: bytesWritten=748864
2023-01-06 13:37:54,932 [pool-9-thread-5] INFO  datastream.DataStreamTestUtils (DataStreamTestUtils.java:writeAndCloseAndAssertReplies(320)) - Stream404: bytesWritten=858607
2023-01-06 13:37:54,947 [s1-client-thread1] INFO  statemachine.StateMachine (DataStreamTestUtils.java:link(157)) - link SingleDataStream: writeRequest=RaftClientRequest:client-A47E3FAEED08->s2@group-BE38CA648A1A, cid=400, seq=0, DataStream, Message:<EMPTY>, logEntry=null
2023-01-06 13:37:54,948 [s0-server-thread2] INFO  statemachine.StateMachine (DataStreamTestUtils.java:link(157)) - link SingleDataStream: writeRequest=RaftClientRequest:client-A47E3FAEED08->s2@group-BE38CA648A1A, cid=400, seq=0, DataStream, Message:<EMPTY>, logEntry=null
2023-01-06 13:37:54,948 [s1-client-thread1] INFO  statemachine.StateMachine (DataStreamTestUtils.java:link(157)) - link SingleDataStream: writeRequest=RaftClientRequest:client-A47E3FAEED08->s2@group-BE38CA648A1A, cid=399, seq=0, DataStream, Message:<EMPTY>, logEntry=null
2023-01-06 13:37:54,948 [s2-server-thread2] INFO  statemachine.StateMachine (DataStreamTestUtils.java:link(157)) - link SingleDataStream: writeRequest=RaftClientRequest:client-A47E3FAEED08->s2@group-BE38CA648A1A, cid=400, seq=0, DataStream, Message:<EMPTY>, logEntry=null
2023-01-06 13:37:54,949 [s1-client-thread1] INFO  statemachine.StateMachine (DataStreamTestUtils.java:link(157)) - link SingleDataStream: writeRequest=RaftClientRequest:client-A47E3FAEED08->s2@group-BE38CA648A1A, cid=398, seq=0, DataStream, Message:<EMPTY>, logEntry=null
2023-01-06 13:37:54,950 [pool-9-thread-15] INFO  datastream.DataStreamTestUtils (DataStreamTestUtils.java:writeAndCloseAndAssertReplies(311)) - start Stream405
2023-01-06 13:37:54,950 [s2-server-thread2] INFO  statemachine.StateMachine (DataStreamTestUtils.java:link(157)) - link SingleDataStream: writeRequest=RaftClientRequest:client-A47E3FAEED08->s2@group-BE38CA648A1A, cid=399, seq=0, DataStream, Message:<EMPTY>, logEntry=null
2023-01-06 13:37:54,952 [s0-server-thread2] INFO  statemachine.StateMachine (DataStreamTestUtils.java:link(157)) - link SingleDataStream: writeRequest=RaftClientRequest:client-A47E3FAEED08->s2@group-BE38CA648A1A, cid=399, seq=0, DataStream, Message:<EMPTY>, logEntry=null
2023-01-06 13:37:54,957 [s0-server-thread2] INFO  statemachine.StateMachine (DataStreamTestUtils.java:link(157)) - link SingleDataStream: writeRequest=RaftClientRequest:client-A47E3FAEED08->s2@group-BE38CA648A1A, cid=398, seq=0, DataStream, Message:<EMPTY>, logEntry=null
2023-01-06 13:37:54,963 [s1-client-thread1] INFO  statemachine.StateMachine (DataStreamTestUtils.java:link(157)) - link SingleDataStream: writeRequest=RaftClientRequest:client-A47E3FAEED08->s2@group-BE38CA648A1A, cid=387, seq=0, DataStream, Message:<EMPTY>, logEntry=null
2023-01-06 13:37:54,964 [pool-9-thread-11] INFO  datastream.DataStreamTestUtils (DataStreamTestUtils.java:writeAndCloseAndAssertReplies(311)) - start Stream406
2023-01-06 13:37:54,965 [s0-server-thread2] INFO  statemachine.StateMachine (DataStreamTestUtils.java:link(157)) - link SingleDataStream: writeRequest=RaftClientRequest:client-A47E3FAEED08->s2@group-BE38CA648A1A, cid=387, seq=0, DataStream, Message:<EMPTY>, logEntry=null
2023-01-06 13:37:54,966 [pool-9-thread-16] INFO  datastream.DataStreamTestUtils (DataStreamTestUtils.java:writeAndCloseAndAssertReplies(311)) - start Stream407
2023-01-06 13:37:54,968 [s1-client-thread1] INFO  statemachine.StateMachine (DataStreamTestUtils.java:link(157)) - link SingleDataStream: writeRequest=RaftClientRequest:client-A47E3FAEED08->s2@group-BE38CA648A1A, cid=401, seq=0, DataStream, Message:<EMPTY>, logEntry=null
2023-01-06 13:37:54,969 [s0-server-thread3] INFO  statemachine.StateMachine (DataStreamTestUtils.java:link(157)) - link SingleDataStream: writeRequest=RaftClientRequest:client-A47E3FAEED08->s2@group-BE38CA648A1A, cid=401, seq=0, DataStream, Message:<EMPTY>, logEntry=null
2023-01-06 13:37:54,970 [pool-9-thread-14] INFO  datastream.DataStreamTestUtils (DataStreamTestUtils.java:writeAndCloseAndAssertReplies(311)) - start Stream408
2023-01-06 13:37:54,970 [s2-server-thread2] INFO  statemachine.StateMachine (DataStreamTestUtils.java:link(157)) - link SingleDataStream: writeRequest=RaftClientRequest:client-A47E3FAEED08->s2@group-BE38CA648A1A, cid=398, seq=0, DataStream, Message:<EMPTY>, logEntry=null
2023-01-06 13:37:54,977 [s2-server-thread3] INFO  statemachine.StateMachine (DataStreamTestUtils.java:link(157)) - link SingleDataStream: writeRequest=RaftClientRequest:client-A47E3FAEED08->s2@group-BE38CA648A1A, cid=387, seq=0, DataStream, Message:<EMPTY>, logEntry=null
2023-01-06 13:37:56,859 [s1@group-BE38CA648A1A-LeaderStateImpl] WARN  server.RaftServer$Division (LeaderStateImpl.java:checkLeadership(1108)) - s1@group-BE38CA648A1A-LeaderStateImpl: Lost leadership on term: 1. Election timeout: 300ms. In charge for: 3430ms. Conf: 0: peers:[s0|rpc:localhost:38633|admin:localhost:40929|client:localhost:41533|dataStream:localhost:40517|priority:0|startupRole:FOLLOWER, s1|rpc:localhost:34777|admin:localhost:37585|client:localhost:41985|dataStream:localhost:37955|priority:0|startupRole:FOLLOWER, s2|rpc:localhost:44299|admin:localhost:37199|client:localhost:33573|dataStream:localhost:37575|priority:0|startupRole:FOLLOWER]|listeners:[], old=null
2023-01-06 13:37:56,860 [s1@group-BE38CA648A1A-LeaderStateImpl] WARN  server.RaftServer$Division (LeaderStateImpl.java:lambda$checkLeadership$18(1112)) - Follower s1@group-BE38CA648A1A->s0(c46,m47,n50, attendVote=true, lastRpcSendTime=1891, lastRpcResponseTime=1893)
2023-01-06 13:37:56,860 [s1@group-BE38CA648A1A-LeaderStateImpl] WARN  server.RaftServer$Division (LeaderStateImpl.java:lambda$checkLeadership$18(1112)) - Follower s1@group-BE38CA648A1A->s2(c41,m44,n50, attendVote=true, lastRpcSendTime=1891, lastRpcResponseTime=1883)
2023-01-06 13:37:56,860 [s1@group-BE38CA648A1A-LeaderStateImpl] INFO  server.RaftServer$Division (RaftServerImpl.java:setRole(325)) - s1@group-BE38CA648A1A: changes role from    LEADER to FOLLOWER at term 1 for StepDownReason:LOST_MAJORITY_HEARTBEATS
2023-01-06 13:37:56,860 [s1@group-BE38CA648A1A-LeaderStateImpl] INFO  impl.RoleInfo (RoleInfo.java:shutdownLeaderState(93)) - s1: shutdown s1@group-BE38CA648A1A-LeaderStateImpl
2023-01-06 13:37:56,861 [s1@group-BE38CA648A1A-LeaderStateImpl] INFO  impl.PendingRequests (PendingRequests.java:sendNotLeaderResponses(282)) - s1@group-BE38CA648A1A-PendingRequests: sendNotLeaderResponses
2023-01-06 13:37:56,861 [JvmPauseMonitor6] WARN  util.JvmPauseMonitor (JvmPauseMonitor.java:detectPause(126)) - JvmPauseMonitor-s2: Detected pause in JVM or host machine (eg GC): pause of approximately 1659923025ns.
GC pool 'G1 Young Generation' had collection(s): count=2 time=224ms
GC pool 'G1 Old Generation' had collection(s): count=1 time=1751ms
2023-01-06 13:37:56,861 [JvmPauseMonitor5] WARN  util.JvmPauseMonitor (JvmPauseMonitor.java:detectPause(126)) - JvmPauseMonitor-s1: Detected pause in JVM or host machine (eg GC): pause of approximately 1708560698ns.
GC pool 'G1 Young Generation' had collection(s): count=2 time=224ms
GC pool 'G1 Old Generation' had collection(s): count=1 time=1751ms
2023-01-06 13:37:56,861 [JvmPauseMonitor4] WARN  util.JvmPauseMonitor (JvmPauseMonitor.java:detectPause(126)) - JvmPauseMonitor-s0: Detected pause in JVM or host machine (eg GC): pause of approximately 1744001814ns.
GC pool 'G1 Young Generation' had collection(s): count=2 time=224ms
GC pool 'G1 Old Generation' had collection(s): count=1 time=1751ms
2023-01-06 13:37:56,861 [s2@group-BE38CA648A1A-FollowerState] WARN  impl.FollowerState (FollowerState.java:run(130)) - Unexpected long sleep: sleep 207ms but took extra 1761848676ns (> threshold = 300ms)
2023-01-06 13:37:56,862 [s0@group-BE38CA648A1A-FollowerState] WARN  impl.FollowerState (FollowerState.java:run(130)) - Unexpected long sleep: sleep 200ms but took extra 1766931353ns (> threshold = 300ms)
2023-01-06 13:37:56,862 [s1@group-BE38CA648A1A-LeaderStateImpl] INFO  server.RaftServer$Division (ServerState.java:setLeader(260)) - s1@group-BE38CA648A1A: change Leader from s1 to null at term 1 for StepDownReason:LOST_MAJORITY_HEARTBEATS
2023-01-06 13:37:56,862 [s1@group-BE38CA648A1A-LeaderStateImpl] INFO  impl.RoleInfo (RoleInfo.java:updateAndGet(139)) - s1: start s1@group-BE38CA648A1A-FollowerState
2023-01-06 13:37:56,865 [s1@group-BE38CA648A1A->s2-GrpcLogAppender-LogAppenderDaemon] WARN  server.GrpcLogAppender (GrpcLogAppender.java:mayWait(199)) - s1@group-BE38CA648A1A->s2-GrpcLogAppender: Wait interrupted by java.lang.InterruptedException
2023-01-06 13:37:56,910 [s2-server-thread3] INFO  statemachine.StateMachine (DataStreamTestUtils.java:link(157)) - link SingleDataStream: writeRequest=RaftClientRequest:client-A47E3FAEED08->s2@group-BE38CA648A1A, cid=401, seq=0, DataStream, Message:<EMPTY>, logEntry=null
2023-01-06 13:37:56,911 [pool-9-thread-15] INFO  datastream.DataStreamTestUtils (DataStreamTestUtils.java:writeAndCloseAndAssertReplies(320)) - Stream405: bytesWritten=717144
2023-01-06 13:37:56,913 [grpc-default-executor-4] INFO  server.GrpcServerProtocolService (GrpcServerProtocolService.java:onCompleted(143)) - s2: Completed APPEND_ENTRIES, lastRequest: null
2023-01-06 13:37:56,913 [grpc-default-executor-5] INFO  server.GrpcServerProtocolService (GrpcServerProtocolService.java:onCompleted(143)) - s0: Completed APPEND_ENTRIES, lastRequest: s1->s0#151-t1,previous=(t:1, i:48),leaderCommit=47,initializing? true,entries: size=1, first=(t:1, i:49), STATEMACHINELOGENTRY, 401@client-A47E3FAEED08
2023-01-06 13:37:56,918 [grpc-default-executor-3] INFO  server.GrpcServerProtocolService (GrpcServerProtocolService.java:onCompleted(143)) - s2: Completed APPEND_ENTRIES, lastRequest: s1->s2#136-t1,previous=(t:1, i:48),leaderCommit=47,initializing? true,entries: size=1, first=(t:1, i:49), STATEMACHINELOGENTRY, 401@client-A47E3FAEED08
2023-01-06 13:37:56,922 [grpc-default-executor-0] INFO  server.GrpcLogAppender (GrpcLogAppender.java:onCompleted(413)) - s1@group-BE38CA648A1A->s0-AppendLogResponseHandler: follower responses appendEntries COMPLETED
2023-01-06 13:37:56,922 [grpc-default-executor-0] INFO  leader.FollowerInfo (FollowerInfoImpl.java:lambda$new$0(48)) - s1@group-BE38CA648A1A->s0: nextIndex: updateUnconditionally 50 -> 49
2023-01-06 13:37:56,923 [grpc-default-executor-4] INFO  server.GrpcLogAppender (GrpcLogAppender.java:onCompleted(413)) - s1@group-BE38CA648A1A->s2-AppendLogResponseHandler: follower responses appendEntries COMPLETED
2023-01-06 13:37:56,923 [grpc-default-executor-4] INFO  leader.FollowerInfo (FollowerInfoImpl.java:lambda$new$0(48)) - s1@group-BE38CA648A1A->s2: nextIndex: updateUnconditionally 50 -> 48
2023-01-06 13:37:56,923 [grpc-default-executor-5] INFO  server.GrpcServerProtocolService (GrpcServerProtocolService.java:onCompleted(143)) - s0: Completed APPEND_ENTRIES, lastRequest: null
2023-01-06 13:37:56,925 [pool-9-thread-16] INFO  datastream.DataStreamTestUtils (DataStreamTestUtils.java:writeAndCloseAndAssertReplies(320)) - Stream407: bytesWritten=845390
2023-01-06 13:37:56,929 [grpc-default-executor-5] INFO  server.GrpcLogAppender (GrpcLogAppender.java:onCompleted(413)) - s1@group-BE38CA648A1A->s0-AppendLogResponseHandler: follower responses appendEntries COMPLETED
2023-01-06 13:37:56,929 [grpc-default-executor-5] INFO  leader.FollowerInfo (FollowerInfoImpl.java:lambda$new$0(48)) - s1@group-BE38CA648A1A->s0: nextIndex: updateUnconditionally 49 -> 48
2023-01-06 13:37:56,934 [grpc-default-executor-6] INFO  server.GrpcLogAppender (GrpcLogAppender.java:onCompleted(413)) - s1@group-BE38CA648A1A->s2-AppendLogResponseHandler: follower responses appendEntries COMPLETED
2023-01-06 13:37:56,934 [grpc-default-executor-6] INFO  leader.FollowerInfo (FollowerInfoImpl.java:lambda$new$0(48)) - s1@group-BE38CA648A1A->s2: nextIndex: updateUnconditionally 48 -> 47
2023-01-06 13:37:56,940 [pool-9-thread-11] INFO  datastream.DataStreamTestUtils (DataStreamTestUtils.java:writeAndCloseAndAssertReplies(320)) - Stream406: bytesWritten=781496
2023-01-06 13:37:56,949 [pool-9-thread-14] INFO  datastream.DataStreamTestUtils (DataStreamTestUtils.java:writeAndCloseAndAssertReplies(320)) - Stream408: bytesWritten=794786
2023-01-06 13:37:57,155 [s0@group-BE38CA648A1A-FollowerState] INFO  impl.FollowerState (FollowerState.java:run(143)) - s0@group-BE38CA648A1A-FollowerState: change to CANDIDATE, lastRpcElapsedTime:2178389642ns, electionTimeout:293ms
2023-01-06 13:37:57,155 [s0@group-BE38CA648A1A-FollowerState] INFO  impl.RoleInfo (RoleInfo.java:shutdownFollowerState(110)) - s0: shutdown s0@group-BE38CA648A1A-FollowerState
2023-01-06 13:37:57,155 [s0@group-BE38CA648A1A-FollowerState] INFO  server.RaftServer$Division (RaftServerImpl.java:setRole(325)) - s0@group-BE38CA648A1A: changes role from  FOLLOWER to CANDIDATE at term 1 for changeToCandidate
2023-01-06 13:37:57,155 [s0@group-BE38CA648A1A-FollowerState] INFO  server.RaftServerConfigKeys (ConfUtils.java:logGet(46)) - raft.server.leaderelection.pre-vote = true (default)
2023-01-06 13:37:57,155 [s0@group-BE38CA648A1A-FollowerState] INFO  impl.RoleInfo (RoleInfo.java:updateAndGet(139)) - s0: start s0@group-BE38CA648A1A-LeaderElection5
2023-01-06 13:37:57,161 [s0@group-BE38CA648A1A-LeaderElection5] INFO  server.RaftServer$Division (ServerState.java:setLeader(260)) - s0@group-BE38CA648A1A: change Leader from s1 to null at term 1 for PRE_VOTE
2023-01-06 13:37:57,162 [s0@group-BE38CA648A1A-LeaderElection5] INFO  impl.LeaderElection (LeaderElection.java:askForVotes(309)) - s0@group-BE38CA648A1A-LeaderElection5 PRE_VOTE round 0: submit vote requests at term 1 for 0: peers:[s0|rpc:localhost:38633|admin:localhost:40929|client:localhost:41533|dataStream:localhost:40517|priority:0|startupRole:FOLLOWER, s1|rpc:localhost:34777|admin:localhost:37585|client:localhost:41985|dataStream:localhost:37955|priority:0|startupRole:FOLLOWER, s2|rpc:localhost:44299|admin:localhost:37199|client:localhost:33573|dataStream:localhost:37575|priority:0|startupRole:FOLLOWER]|listeners:[], old=null
2023-01-06 13:37:57,167 [grpc-default-executor-3] INFO  server.RaftServer$Division (RaftServerImpl.java:requestVote(1297)) - s1@group-BE38CA648A1A: receive requestVote(PRE_VOTE, s0, group-BE38CA648A1A, 1, (t:1, i:49))
2023-01-06 13:37:57,167 [grpc-default-executor-3] INFO  impl.VoteContext (VoteContext.java:log(49)) - s1@group-BE38CA648A1A-FOLLOWER: accept PRE_VOTE from s0: our priority 0 <= candidate's priority 0
2023-01-06 13:37:57,167 [grpc-default-executor-3] INFO  server.RaftServer$Division (RaftServerImpl.java:requestVote(1330)) - s1@group-BE38CA648A1A replies to PRE_VOTE vote request: s0<-s1#0:OK-t1. Peer's state: s1@group-BE38CA648A1A:t1, leader=null, voted=s1, raftlog=Memoized:s1@group-BE38CA648A1A-SegmentedRaftLog:OPENED:c47, conf=0: peers:[s0|rpc:localhost:38633|admin:localhost:40929|client:localhost:41533|dataStream:localhost:40517|priority:0|startupRole:FOLLOWER, s1|rpc:localhost:34777|admin:localhost:37585|client:localhost:41985|dataStream:localhost:37955|priority:0|startupRole:FOLLOWER, s2|rpc:localhost:44299|admin:localhost:37199|client:localhost:33573|dataStream:localhost:37575|priority:0|startupRole:FOLLOWER]|listeners:[], old=null
2023-01-06 13:37:57,169 [s0@group-BE38CA648A1A-LeaderElection5] INFO  impl.LeaderElection (LeaderElection.java:logAndReturn(89)) - s0@group-BE38CA648A1A-LeaderElection5: PRE_VOTE PASSED received 1 response(s) and 0 exception(s):
2023-01-06 13:37:57,170 [s0@group-BE38CA648A1A-LeaderElection5] INFO  impl.LeaderElection (LeaderElection.java:logAndReturn(93)) -   Response 0: s0<-s1#0:OK-t1
2023-01-06 13:37:57,170 [s0@group-BE38CA648A1A-LeaderElection5] INFO  impl.LeaderElection (LeaderElection.java:askForVotes(311)) - s0@group-BE38CA648A1A-LeaderElection5 PRE_VOTE round 0: result PASSED
2023-01-06 13:37:57,172 [grpc-default-executor-3] INFO  server.RaftServer$Division (RaftServerImpl.java:requestVote(1297)) - s2@group-BE38CA648A1A: receive requestVote(PRE_VOTE, s0, group-BE38CA648A1A, 1, (t:1, i:49))
2023-01-06 13:37:57,172 [grpc-default-executor-3] INFO  impl.VoteContext (VoteContext.java:log(49)) - s2@group-BE38CA648A1A-FOLLOWER: accept PRE_VOTE from s0: our priority 0 <= candidate's priority 0
2023-01-06 13:37:57,173 [grpc-default-executor-3] INFO  server.RaftServer$Division (RaftServerImpl.java:requestVote(1330)) - s2@group-BE38CA648A1A replies to PRE_VOTE vote request: s0<-s2#0:OK-t1. Peer's state: s2@group-BE38CA648A1A:t1, leader=s1, voted=s1, raftlog=Memoized:s2@group-BE38CA648A1A-SegmentedRaftLog:OPENED:c47, conf=0: peers:[s0|rpc:localhost:38633|admin:localhost:40929|client:localhost:41533|dataStream:localhost:40517|priority:0|startupRole:FOLLOWER, s1|rpc:localhost:34777|admin:localhost:37585|client:localhost:41985|dataStream:localhost:37955|priority:0|startupRole:FOLLOWER, s2|rpc:localhost:44299|admin:localhost:37199|client:localhost:33573|dataStream:localhost:37575|priority:0|startupRole:FOLLOWER]|listeners:[], old=null
2023-01-06 13:37:57,180 [s0@group-BE38CA648A1A-LeaderElection5] INFO  impl.LeaderElection (LeaderElection.java:askForVotes(309)) - s0@group-BE38CA648A1A-LeaderElection5 ELECTION round 0: submit vote requests at term 2 for 0: peers:[s0|rpc:localhost:38633|admin:localhost:40929|client:localhost:41533|dataStream:localhost:40517|priority:0|startupRole:FOLLOWER, s1|rpc:localhost:34777|admin:localhost:37585|client:localhost:41985|dataStream:localhost:37955|priority:0|startupRole:FOLLOWER, s2|rpc:localhost:44299|admin:localhost:37199|client:localhost:33573|dataStream:localhost:37575|priority:0|startupRole:FOLLOWER]|listeners:[], old=null
2023-01-06 13:37:57,188 [grpc-default-executor-3] INFO  server.RaftServer$Division (RaftServerImpl.java:requestVote(1297)) - s1@group-BE38CA648A1A: receive requestVote(ELECTION, s0, group-BE38CA648A1A, 2, (t:1, i:49))
2023-01-06 13:37:57,188 [grpc-default-executor-3] INFO  impl.VoteContext (VoteContext.java:log(49)) - s1@group-BE38CA648A1A-FOLLOWER: accept ELECTION from s0: our priority 0 <= candidate's priority 0
2023-01-06 13:37:57,188 [grpc-default-executor-3] INFO  server.RaftServer$Division (RaftServerImpl.java:setRole(325)) - s1@group-BE38CA648A1A: changes role from  FOLLOWER to FOLLOWER at term 2 for candidate:s0
2023-01-06 13:37:57,189 [grpc-default-executor-3] INFO  impl.RoleInfo (RoleInfo.java:shutdownFollowerState(110)) - s1: shutdown s1@group-BE38CA648A1A-FollowerState
2023-01-06 13:37:57,189 [grpc-default-executor-3] INFO  impl.RoleInfo (RoleInfo.java:updateAndGet(139)) - s1: start s1@group-BE38CA648A1A-FollowerState
2023-01-06 13:37:57,189 [s1@group-BE38CA648A1A-FollowerState] INFO  impl.FollowerState (FollowerState.java:run(152)) - s1@group-BE38CA648A1A-FollowerState was interrupted
2023-01-06 13:37:57,194 [grpc-default-executor-3] INFO  server.RaftServer$Division (RaftServerImpl.java:requestVote(1330)) - s1@group-BE38CA648A1A replies to ELECTION vote request: s0<-s1#0:OK-t2. Peer's state: s1@group-BE38CA648A1A:t2, leader=null, voted=s0, raftlog=Memoized:s1@group-BE38CA648A1A-SegmentedRaftLog:OPENED:c47, conf=0: peers:[s0|rpc:localhost:38633|admin:localhost:40929|client:localhost:41533|dataStream:localhost:40517|priority:0|startupRole:FOLLOWER, s1|rpc:localhost:34777|admin:localhost:37585|client:localhost:41985|dataStream:localhost:37955|priority:0|startupRole:FOLLOWER, s2|rpc:localhost:44299|admin:localhost:37199|client:localhost:33573|dataStream:localhost:37575|priority:0|startupRole:FOLLOWER]|listeners:[], old=null
2023-01-06 13:37:57,194 [grpc-default-executor-3] INFO  server.RaftServer$Division (RaftServerImpl.java:requestVote(1297)) - s2@group-BE38CA648A1A: receive requestVote(ELECTION, s0, group-BE38CA648A1A, 2, (t:1, i:49))
2023-01-06 13:37:57,194 [grpc-default-executor-3] INFO  impl.VoteContext (VoteContext.java:log(49)) - s2@group-BE38CA648A1A-FOLLOWER: accept ELECTION from s0: our priority 0 <= candidate's priority 0
2023-01-06 13:37:57,194 [grpc-default-executor-3] INFO  server.RaftServer$Division (ServerState.java:setLeader(260)) - s2@group-BE38CA648A1A: change Leader from s1 to null at term 2 for updateCurrentTerm
2023-01-06 13:37:57,194 [grpc-default-executor-3] INFO  server.RaftServer$Division (RaftServerImpl.java:setRole(325)) - s2@group-BE38CA648A1A: changes role from  FOLLOWER to FOLLOWER at term 2 for candidate:s0
2023-01-06 13:37:57,194 [grpc-default-executor-3] INFO  impl.RoleInfo (RoleInfo.java:shutdownFollowerState(110)) - s2: shutdown s2@group-BE38CA648A1A-FollowerState
2023-01-06 13:37:57,194 [grpc-default-executor-3] INFO  impl.RoleInfo (RoleInfo.java:updateAndGet(139)) - s2: start s2@group-BE38CA648A1A-FollowerState
2023-01-06 13:37:57,194 [s2@group-BE38CA648A1A-FollowerState] INFO  impl.FollowerState (FollowerState.java:run(152)) - s2@group-BE38CA648A1A-FollowerState was interrupted
2023-01-06 13:37:57,195 [s0@group-BE38CA648A1A-LeaderElection5] INFO  impl.LeaderElection (LeaderElection.java:logAndReturn(89)) - s0@group-BE38CA648A1A-LeaderElection5: ELECTION PASSED received 1 response(s) and 0 exception(s):
2023-01-06 13:37:57,195 [s0@group-BE38CA648A1A-LeaderElection5] INFO  impl.LeaderElection (LeaderElection.java:logAndReturn(93)) -   Response 0: s0<-s1#0:OK-t2
2023-01-06 13:37:57,195 [s0@group-BE38CA648A1A-LeaderElection5] INFO  impl.LeaderElection (LeaderElection.java:askForVotes(311)) - s0@group-BE38CA648A1A-LeaderElection5 ELECTION round 0: result PASSED
2023-01-06 13:37:57,195 [s0@group-BE38CA648A1A-LeaderElection5] INFO  impl.RoleInfo (RoleInfo.java:shutdownLeaderElection(130)) - s0: shutdown s0@group-BE38CA648A1A-LeaderElection5
2023-01-06 13:37:57,195 [grpc-default-executor-3] INFO  server.RaftServer$Division (RaftServerImpl.java:requestVote(1330)) - s2@group-BE38CA648A1A replies to ELECTION vote request: s0<-s2#0:OK-t2. Peer's state: s2@group-BE38CA648A1A:t2, leader=null, voted=s0, raftlog=Memoized:s2@group-BE38CA648A1A-SegmentedRaftLog:OPENED:c47, conf=0: peers:[s0|rpc:localhost:38633|admin:localhost:40929|client:localhost:41533|dataStream:localhost:40517|priority:0|startupRole:FOLLOWER, s1|rpc:localhost:34777|admin:localhost:37585|client:localhost:41985|dataStream:localhost:37955|priority:0|startupRole:FOLLOWER, s2|rpc:localhost:44299|admin:localhost:37199|client:localhost:33573|dataStream:localhost:37575|priority:0|startupRole:FOLLOWER]|listeners:[], old=null
2023-01-06 13:37:57,195 [s0@group-BE38CA648A1A-LeaderElection5] INFO  server.RaftServer$Division (RaftServerImpl.java:setRole(325)) - s0@group-BE38CA648A1A: changes role from CANDIDATE to LEADER at term 2 for changeToLeader
2023-01-06 13:37:57,195 [s0@group-BE38CA648A1A-LeaderElection5] INFO  server.RaftServer$Division (ServerState.java:setLeader(260)) - s0@group-BE38CA648A1A: change Leader from null to s0 at term 2 for becomeLeader, leader elected after 34ms
2023-01-06 13:37:57,196 [s0@group-BE38CA648A1A-LeaderElection5] INFO  server.RaftServerConfigKeys (ConfUtils.java:logGet(46)) - raft.server.staging.catchup.gap = 1000 (default)
2023-01-06 13:37:57,196 [s0@group-BE38CA648A1A-LeaderElection5] INFO  server.RaftServerConfigKeys (ConfUtils.java:logGet(46)) - raft.server.write.element-limit = 4096 (default)
2023-01-06 13:37:57,197 [s0@group-BE38CA648A1A-LeaderElection5] INFO  server.RaftServerConfigKeys (ConfUtils.java:logGet(46)) - raft.server.write.byte-limit = 64MB (=67108864) (default)
2023-01-06 13:37:57,197 [s0@group-BE38CA648A1A-LeaderElection5] INFO  server.RaftServerConfigKeys (ConfUtils.java:logGet(46)) - raft.server.watch.timeout = 10s (default)
2023-01-06 13:37:57,197 [s0@group-BE38CA648A1A-LeaderElection5] INFO  server.RaftServerConfigKeys (ConfUtils.java:logGet(46)) - raft.server.watch.timeout.denomination = 1s (default)
2023-01-06 13:37:57,197 [s0@group-BE38CA648A1A-LeaderElection5] INFO  server.RaftServerConfigKeys (ConfUtils.java:logGet(46)) - raft.server.watch.element-limit = 65536 (default)
2023-01-06 13:37:57,197 [s0@group-BE38CA648A1A-LeaderElection5] INFO  server.RaftServerConfigKeys (ConfUtils.java:logGet(46)) - raft.server.write.element-limit = 4096 (default)
2023-01-06 13:37:57,197 [s0@group-BE38CA648A1A-LeaderElection5] INFO  server.RaftServerConfigKeys (ConfUtils.java:logGet(46)) - raft.server.write.follower.gap.ratio.max = -1.0 (default)
2023-01-06 13:37:57,197 [s0@group-BE38CA648A1A-LeaderElection5] INFO  server.RaftServerConfigKeys (ConfUtils.java:logGet(46)) - raft.server.log.appender.snapshot.chunk.size.max = 16MB (=16777216) (default)
2023-01-06 13:37:57,197 [s0@group-BE38CA648A1A-LeaderElection5] INFO  server.RaftServerConfigKeys (ConfUtils.java:logGet(46)) - raft.server.log.appender.buffer.byte-limit = 4MB (=4194304) (default)
2023-01-06 13:37:57,197 [s0@group-BE38CA648A1A-LeaderElection5] INFO  server.RaftServerConfigKeys (ConfUtils.java:logGet(46)) - raft.server.log.appender.buffer.element-limit = 0 (default)
2023-01-06 13:37:57,197 [s0@group-BE38CA648A1A-LeaderElection5] INFO  grpc.GrpcConfigKeys (ConfUtils.java:logGet(46)) - raft.grpc.server.leader.outstanding.appends.max = 128 (default)
2023-01-06 13:37:57,198 [s0@group-BE38CA648A1A-LeaderElection5] INFO  server.RaftServerConfigKeys (ConfUtils.java:logGet(46)) - raft.server.rpc.request.timeout = 3000ms (default)
2023-01-06 13:37:57,198 [s0@group-BE38CA648A1A-LeaderElection5] INFO  server.RaftServerConfigKeys (ConfUtils.java:logGet(46)) - raft.server.log.appender.install.snapshot.enabled = true (default)
2023-01-06 13:37:57,198 [s0@group-BE38CA648A1A-LeaderElection5] INFO  grpc.GrpcConfigKeys (ConfUtils.java:logGet(46)) - raft.grpc.server.heartbeat.channel = true (default)
2023-01-06 13:37:57,198 [s0@group-BE38CA648A1A-LeaderElection5] INFO  server.RaftServerConfigKeys (ConfUtils.java:logGet(46)) - raft.server.log.appender.wait-time.min = 10ms (default)
2023-01-06 13:37:57,198 [s0@group-BE38CA648A1A-LeaderElection5] INFO  server.RaftServerConfigKeys (ConfUtils.java:logGet(46)) - raft.server.log.appender.snapshot.chunk.size.max = 16MB (=16777216) (default)
2023-01-06 13:37:57,198 [s0@group-BE38CA648A1A-LeaderElection5] INFO  server.RaftServerConfigKeys (ConfUtils.java:logGet(46)) - raft.server.log.appender.buffer.byte-limit = 4MB (=4194304) (default)
2023-01-06 13:37:57,198 [s0@group-BE38CA648A1A-LeaderElection5] INFO  server.RaftServerConfigKeys (ConfUtils.java:logGet(46)) - raft.server.log.appender.buffer.element-limit = 0 (default)
2023-01-06 13:37:57,198 [s0@group-BE38CA648A1A-LeaderElection5] INFO  grpc.GrpcConfigKeys (ConfUtils.java:logGet(46)) - raft.grpc.server.leader.outstanding.appends.max = 128 (default)
2023-01-06 13:37:57,198 [s0@group-BE38CA648A1A-LeaderElection5] INFO  server.RaftServerConfigKeys (ConfUtils.java:logGet(46)) - raft.server.rpc.request.timeout = 3000ms (default)
2023-01-06 13:37:57,198 [s0@group-BE38CA648A1A-LeaderElection5] INFO  server.RaftServerConfigKeys (ConfUtils.java:logGet(46)) - raft.server.log.appender.install.snapshot.enabled = true (default)
2023-01-06 13:37:57,198 [s0@group-BE38CA648A1A-LeaderElection5] INFO  grpc.GrpcConfigKeys (ConfUtils.java:logGet(46)) - raft.grpc.server.heartbeat.channel = true (default)
2023-01-06 13:37:57,198 [s0@group-BE38CA648A1A-LeaderElection5] INFO  server.RaftServerConfigKeys (ConfUtils.java:logGet(46)) - raft.server.log.appender.wait-time.min = 10ms (default)
2023-01-06 13:37:57,198 [s0@group-BE38CA648A1A-LeaderElection5] INFO  impl.RoleInfo (RoleInfo.java:updateAndGet(139)) - s0: start s0@group-BE38CA648A1A-LeaderStateImpl
2023-01-06 13:37:57,199 [s0@group-BE38CA648A1A-LeaderElection5] INFO  segmented.SegmentedRaftLogWorker (SegmentedRaftLogWorker.java:rollLogSegment(436)) - s0@group-BE38CA648A1A-SegmentedRaftLogWorker: Rolling segment log-0_49 to index:49
2023-01-06 13:37:57,201 [s0@group-BE38CA648A1A-SegmentedRaftLogWorker] TRACE util.FileUtils (LogUtils.java:runAndLog(49)) - Successfully ran Atomic Files.move /home/runner/work/ratis/ratis/ratis-test/target/test/data/8f79180b/MiniRaftClusterWithRpcTypeGrpcAndDataStreamTypeNettyc70cfbf9/s0/0c15a73c-3d24-47ed-988a-be38ca648a1a/current/log_inprogress_0 to /home/runner/work/ratis/ratis/ratis-test/target/test/data/8f79180b/MiniRaftClusterWithRpcTypeGrpcAndDataStreamTypeNettyc70cfbf9/s0/0c15a73c-3d24-47ed-988a-be38ca648a1a/current/log_0-49
2023-01-06 13:37:57,201 [s0@group-BE38CA648A1A-SegmentedRaftLogWorker] INFO  segmented.SegmentedRaftLogWorker (SegmentedRaftLogWorker.java:execute(592)) - s0@group-BE38CA648A1A-SegmentedRaftLogWorker: Rolled log segment from /home/runner/work/ratis/ratis/ratis-test/target/test/data/8f79180b/MiniRaftClusterWithRpcTypeGrpcAndDataStreamTypeNettyc70cfbf9/s0/0c15a73c-3d24-47ed-988a-be38ca648a1a/current/log_inprogress_0 to /home/runner/work/ratis/ratis/ratis-test/target/test/data/8f79180b/MiniRaftClusterWithRpcTypeGrpcAndDataStreamTypeNettyc70cfbf9/s0/0c15a73c-3d24-47ed-988a-be38ca648a1a/current/log_0-49
2023-01-06 13:37:57,213 [s0@group-BE38CA648A1A-SegmentedRaftLogWorker] INFO  segmented.SegmentedRaftLogWorker (SegmentedRaftLogWorker.java:execute(635)) - s0@group-BE38CA648A1A-SegmentedRaftLogWorker: created new log segment /home/runner/work/ratis/ratis/ratis-test/target/test/data/8f79180b/MiniRaftClusterWithRpcTypeGrpcAndDataStreamTypeNettyc70cfbf9/s0/0c15a73c-3d24-47ed-988a-be38ca648a1a/current/log_inprogress_50
2023-01-06 13:37:57,214 [s0@group-BE38CA648A1A-LeaderElection5] INFO  server.RaftServer$Division (ServerState.java:setRaftConf(378)) - s0@group-BE38CA648A1A: set configuration 50: peers:[s0|rpc:localhost:38633|admin:localhost:40929|client:localhost:41533|dataStream:localhost:40517|priority:0|startupRole:FOLLOWER, s1|rpc:localhost:34777|admin:localhost:37585|client:localhost:41985|dataStream:localhost:37955|priority:0|startupRole:FOLLOWER, s2|rpc:localhost:44299|admin:localhost:37199|client:localhost:33573|dataStream:localhost:37575|priority:0|startupRole:FOLLOWER]|listeners:[], old=null
2023-01-06 13:37:57,232 [s2-server-thread2] INFO  server.RaftServer$Division (ServerState.java:setLeader(260)) - s2@group-BE38CA648A1A: change Leader from null to s0 at term 2 for appendEntries, leader elected after 38ms
2023-01-06 13:37:57,233 [s2-server-thread2] INFO  server.RaftServer$Division (ServerState.java:setRaftConf(378)) - s2@group-BE38CA648A1A: set configuration 50: peers:[s0|rpc:localhost:38633|admin:localhost:40929|client:localhost:41533|dataStream:localhost:40517|priority:0|startupRole:FOLLOWER, s1|rpc:localhost:34777|admin:localhost:37585|client:localhost:41985|dataStream:localhost:37955|priority:0|startupRole:FOLLOWER, s2|rpc:localhost:44299|admin:localhost:37199|client:localhost:33573|dataStream:localhost:37575|priority:0|startupRole:FOLLOWER]|listeners:[], old=null
2023-01-06 13:37:57,233 [s2-server-thread2] INFO  segmented.SegmentedRaftLogWorker (SegmentedRaftLogWorker.java:rollLogSegment(436)) - s2@group-BE38CA648A1A-SegmentedRaftLogWorker: Rolling segment log-0_49 to index:49
2023-01-06 13:37:57,234 [s2@group-BE38CA648A1A-SegmentedRaftLogWorker] TRACE util.FileUtils (LogUtils.java:runAndLog(49)) - Successfully ran Atomic Files.move /home/runner/work/ratis/ratis/ratis-test/target/test/data/8f79180b/MiniRaftClusterWithRpcTypeGrpcAndDataStreamTypeNettyc70cfbf9/s2/0c15a73c-3d24-47ed-988a-be38ca648a1a/current/log_inprogress_0 to /home/runner/work/ratis/ratis/ratis-test/target/test/data/8f79180b/MiniRaftClusterWithRpcTypeGrpcAndDataStreamTypeNettyc70cfbf9/s2/0c15a73c-3d24-47ed-988a-be38ca648a1a/current/log_0-49
2023-01-06 13:37:57,234 [s2@group-BE38CA648A1A-SegmentedRaftLogWorker] INFO  segmented.SegmentedRaftLogWorker (SegmentedRaftLogWorker.java:execute(592)) - s2@group-BE38CA648A1A-SegmentedRaftLogWorker: Rolled log segment from /home/runner/work/ratis/ratis/ratis-test/target/test/data/8f79180b/MiniRaftClusterWithRpcTypeGrpcAndDataStreamTypeNettyc70cfbf9/s2/0c15a73c-3d24-47ed-988a-be38ca648a1a/current/log_inprogress_0 to /home/runner/work/ratis/ratis/ratis-test/target/test/data/8f79180b/MiniRaftClusterWithRpcTypeGrpcAndDataStreamTypeNettyc70cfbf9/s2/0c15a73c-3d24-47ed-988a-be38ca648a1a/current/log_0-49
2023-01-06 13:37:57,239 [s1-server-thread2] INFO  server.RaftServer$Division (ServerState.java:setLeader(260)) - s1@group-BE38CA648A1A: change Leader from null to s0 at term 2 for appendEntries, leader elected after 376ms
2023-01-06 13:37:57,239 [s1-server-thread2] INFO  server.RaftServer$Division (ServerState.java:setRaftConf(378)) - s1@group-BE38CA648A1A: set configuration 50: peers:[s0|rpc:localhost:38633|admin:localhost:40929|client:localhost:41533|dataStream:localhost:40517|priority:0|startupRole:FOLLOWER, s1|rpc:localhost:34777|admin:localhost:37585|client:localhost:41985|dataStream:localhost:37955|priority:0|startupRole:FOLLOWER, s2|rpc:localhost:44299|admin:localhost:37199|client:localhost:33573|dataStream:localhost:37575|priority:0|startupRole:FOLLOWER]|listeners:[], old=null
2023-01-06 13:37:57,239 [s1-server-thread2] INFO  segmented.SegmentedRaftLogWorker (SegmentedRaftLogWorker.java:rollLogSegment(436)) - s1@group-BE38CA648A1A-SegmentedRaftLogWorker: Rolling segment log-0_49 to index:49
2023-01-06 13:37:57,240 [s1@group-BE38CA648A1A-SegmentedRaftLogWorker] TRACE util.FileUtils (LogUtils.java:runAndLog(49)) - Successfully ran Atomic Files.move /home/runner/work/ratis/ratis/ratis-test/target/test/data/8f79180b/MiniRaftClusterWithRpcTypeGrpcAndDataStreamTypeNettyc70cfbf9/s1/0c15a73c-3d24-47ed-988a-be38ca648a1a/current/log_inprogress_0 to /home/runner/work/ratis/ratis/ratis-test/target/test/data/8f79180b/MiniRaftClusterWithRpcTypeGrpcAndDataStreamTypeNettyc70cfbf9/s1/0c15a73c-3d24-47ed-988a-be38ca648a1a/current/log_0-49
2023-01-06 13:37:57,240 [s1@group-BE38CA648A1A-SegmentedRaftLogWorker] INFO  segmented.SegmentedRaftLogWorker (SegmentedRaftLogWorker.java:execute(592)) - s1@group-BE38CA648A1A-SegmentedRaftLogWorker: Rolled log segment from /home/runner/work/ratis/ratis/ratis-test/target/test/data/8f79180b/MiniRaftClusterWithRpcTypeGrpcAndDataStreamTypeNettyc70cfbf9/s1/0c15a73c-3d24-47ed-988a-be38ca648a1a/current/log_inprogress_0 to /home/runner/work/ratis/ratis/ratis-test/target/test/data/8f79180b/MiniRaftClusterWithRpcTypeGrpcAndDataStreamTypeNettyc70cfbf9/s1/0c15a73c-3d24-47ed-988a-be38ca648a1a/current/log_0-49
2023-01-06 13:37:57,252 [s2@group-BE38CA648A1A-SegmentedRaftLogWorker] INFO  segmented.SegmentedRaftLogWorker (SegmentedRaftLogWorker.java:execute(635)) - s2@group-BE38CA648A1A-SegmentedRaftLogWorker: created new log segment /home/runner/work/ratis/ratis/ratis-test/target/test/data/8f79180b/MiniRaftClusterWithRpcTypeGrpcAndDataStreamTypeNettyc70cfbf9/s2/0c15a73c-3d24-47ed-988a-be38ca648a1a/current/log_inprogress_50
2023-01-06 13:37:57,252 [s1@group-BE38CA648A1A-SegmentedRaftLogWorker] INFO  segmented.SegmentedRaftLogWorker (SegmentedRaftLogWorker.java:execute(635)) - s1@group-BE38CA648A1A-SegmentedRaftLogWorker: created new log segment /home/runner/work/ratis/ratis/ratis-test/target/test/data/8f79180b/MiniRaftClusterWithRpcTypeGrpcAndDataStreamTypeNettyc70cfbf9/s1/0c15a73c-3d24-47ed-988a-be38ca648a1a/current/log_inprogress_50
2023-01-06 13:37:57,275 [s0-client-thread2] INFO  statemachine.StateMachine (DataStreamTestUtils.java:link(157)) - link null
2023-01-06 13:37:57,356 [s2-server-thread2] INFO  statemachine.StateMachine (DataStreamTestUtils.java:link(157)) - link null
2023-01-06 13:37:57,358 [s2-server-thread2] WARN  server.GrpcServerProtocolService (LogUtils.java:warn(124)) - s2: Failed APPEND_ENTRIES request s0->s2#6-t2,previous=(t:2, i:51),leaderCommit=51,initializing? true,entries: size=1, first=(t:2, i:52), STATEMACHINELOGENTRY, 401@client-A47E3FAEED08
java.util.concurrent.CompletionException: java.io.IOException: java.lang.IllegalStateException: Null stream: entry=term: 2
index: 52
stateMachineLogEntry {
  type: DATASTREAM
  clientId: "G./W)\216@Y\245\374\244~?\256\355\b"
  callId: 401
}

	at java.base/java.util.concurrent.CompletableFuture.encodeThrowable(CompletableFuture.java:331)
	at java.base/java.util.concurrent.CompletableFuture.completeThrowable(CompletableFuture.java:346)
	at java.base/java.util.concurrent.CompletableFuture$BiRelay.tryFire(CompletableFuture.java:1423)
	at java.base/java.util.concurrent.CompletableFuture$CoCompletion.tryFire(CompletableFuture.java:1144)
	at java.base/java.util.concurrent.CompletableFuture.postComplete(CompletableFuture.java:506)
	at java.base/java.util.concurrent.CompletableFuture.completeExceptionally(CompletableFuture.java:2088)
	at org.apache.ratis.server.raftlog.segmented.SegmentedRaftLog$Task.failed(SegmentedRaftLog.java:105)
	at org.apache.ratis.server.raftlog.segmented.SegmentedRaftLogWorker$WriteLog.failed(SegmentedRaftLogWorker.java:519)
	at org.apache.ratis.server.raftlog.segmented.SegmentedRaftLogWorker.run(SegmentedRaftLogWorker.java:317)
	at java.base/java.lang.Thread.run(Thread.java:829)
Caused by: java.io.IOException: java.lang.IllegalStateException: Null stream: entry=term: 2
index: 52
stateMachineLogEntry {
  type: DATASTREAM
  clientId: "G./W)\216@Y\245\374\244~?\256\355\b"
  callId: 401
}

	at org.apache.ratis.util.IOUtils.asIOException(IOUtils.java:56)
	at org.apache.ratis.util.IOUtils.toIOException(IOUtils.java:61)
	at org.apache.ratis.util.IOUtils.getFromFuture(IOUtils.java:85)
	at org.apache.ratis.server.raftlog.segmented.SegmentedRaftLogWorker$StateMachineDataPolicy.getFromFuture(SegmentedRaftLogWorker.java:88)
	at org.apache.ratis.server.raftlog.segmented.SegmentedRaftLogWorker$WriteLog.execute(SegmentedRaftLogWorker.java:540)
	at org.apache.ratis.server.raftlog.segmented.SegmentedRaftLogWorker.run(SegmentedRaftLogWorker.java:308)
	... 1 more
Caused by: java.lang.IllegalStateException: Null stream: entry=term: 2
index: 52
stateMachineLogEntry {
  type: DATASTREAM
  clientId: "G./W)\216@Y\245\374\244~?\256\355\b"
  callId: 401
}

	at org.apache.ratis.datastream.DataStreamTestUtils$MultiDataStreamStateMachine.link(DataStreamTestUtils.java:159)
	at org.apache.ratis.server.raftlog.segmented.SegmentedRaftLogWorker$WriteLog.<init>(SegmentedRaftLogWorker.java:497)
	at org.apache.ratis.server.raftlog.segmented.SegmentedRaftLogWorker.writeLogEntry(SegmentedRaftLogWorker.java:443)
	at org.apache.ratis.server.raftlog.segmented.SegmentedRaftLog.appendEntryImpl(SegmentedRaftLog.java:409)
	at org.apache.ratis.server.raftlog.RaftLogBase.lambda$appendEntry$10(RaftLogBase.java:330)
	at org.apache.ratis.server.raftlog.RaftLogSequentialOps$Runner.runSequentially(RaftLogSequentialOps.java:78)
	at org.apache.ratis.server.raftlog.RaftLogBase.appendEntry(RaftLogBase.java:330)
	at org.apache.ratis.server.raftlog.segmented.SegmentedRaftLog.appendImpl(SegmentedRaftLog.java:456)
	at org.apache.ratis.server.raftlog.RaftLogBase.lambda$append$11(RaftLogBase.java:337)
	at org.apache.ratis.server.raftlog.RaftLogSequentialOps$Runner.runSequentially(RaftLogSequentialOps.java:69)
	at org.apache.ratis.server.raftlog.RaftLogBase.append(RaftLogBase.java:337)
	at org.apache.ratis.server.impl.RaftServerImpl.appendEntriesAsync(RaftServerImpl.java:1523)
	at org.apache.ratis.server.impl.RaftServerImpl.appendEntriesAsync(RaftServerImpl.java:1391)
	at org.apache.ratis.server.impl.RaftServerProxy.lambda$appendEntriesAsync$26(RaftServerProxy.java:634)
	at org.apache.ratis.util.JavaUtils.callAsUnchecked(JavaUtils.java:117)
	at org.apache.ratis.server.impl.RaftServerImpl.lambda$executeSubmitServerRequestAsync$11(RaftServerImpl.java:814)
	at java.base/java.util.concurrent.CompletableFuture$AsyncSupply.run(CompletableFuture.java:1700)
	at java.base/java.util.concurrent.ThreadPoolExecutor.runWorker(ThreadPoolExecutor.java:1128)
	at java.base/java.util.concurrent.ThreadPoolExecutor$Worker.run(ThreadPoolExecutor.java:628)
	... 1 more
2023-01-06 13:37:57,361 [s1-server-thread2] INFO  statemachine.StateMachine (DataStreamTestUtils.java:link(157)) - link null
2023-01-06 13:37:57,362 [grpc-default-executor-5] WARN  server.GrpcServerProtocolService (LogUtils.java:warn(124)) - s1: Failed APPEND_ENTRIES request s0->s1#9-t2,previous=(t:2, i:51),leaderCommit=51,initializing? true,entries: size=1, first=(t:2, i:52), STATEMACHINELOGENTRY, 401@client-A47E3FAEED08
java.util.concurrent.CompletionException: java.io.IOException: java.lang.IllegalStateException: Null stream: entry=term: 2
index: 52
stateMachineLogEntry {
  type: DATASTREAM
  clientId: "G./W)\216@Y\245\374\244~?\256\355\b"
  callId: 401
}

	at java.base/java.util.concurrent.CompletableFuture.encodeThrowable(CompletableFuture.java:331)
	at java.base/java.util.concurrent.CompletableFuture.completeThrowable(CompletableFuture.java:346)
	at java.base/java.util.concurrent.CompletableFuture$BiRelay.tryFire(CompletableFuture.java:1423)
	at java.base/java.util.concurrent.CompletableFuture$CoCompletion.tryFire(CompletableFuture.java:1144)
	at java.base/java.util.concurrent.CompletableFuture.postComplete(CompletableFuture.java:506)
	at java.base/java.util.concurrent.CompletableFuture.completeExceptionally(CompletableFuture.java:2088)
	at org.apache.ratis.server.raftlog.segmented.SegmentedRaftLog$Task.failed(SegmentedRaftLog.java:105)
	at org.apache.ratis.server.raftlog.segmented.SegmentedRaftLogWorker$WriteLog.failed(SegmentedRaftLogWorker.java:519)
	at org.apache.ratis.server.raftlog.segmented.SegmentedRaftLogWorker.run(SegmentedRaftLogWorker.java:317)
	at java.base/java.lang.Thread.run(Thread.java:829)
Caused by: java.io.IOException: java.lang.IllegalStateException: Null stream: entry=term: 2
index: 52
stateMachineLogEntry {
  type: DATASTREAM
  clientId: "G./W)\216@Y\245\374\244~?\256\355\b"
  callId: 401
}

	at org.apache.ratis.util.IOUtils.asIOException(IOUtils.java:56)
	at org.apache.ratis.util.IOUtils.toIOException(IOUtils.java:61)
	at org.apache.ratis.util.IOUtils.getFromFuture(IOUtils.java:85)
	at org.apache.ratis.server.raftlog.segmented.SegmentedRaftLogWorker$StateMachineDataPolicy.getFromFuture(SegmentedRaftLogWorker.java:88)
	at org.apache.ratis.server.raftlog.segmented.SegmentedRaftLogWorker$WriteLog.execute(SegmentedRaftLogWorker.java:540)
	at org.apache.ratis.server.raftlog.segmented.SegmentedRaftLogWorker.run(SegmentedRaftLogWorker.java:308)
	... 1 more
Caused by: java.lang.IllegalStateException: Null stream: entry=term: 2
index: 52
stateMachineLogEntry {
  type: DATASTREAM
  clientId: "G./W)\216@Y\245\374\244~?\256\355\b"
  callId: 401
}

	at org.apache.ratis.datastream.DataStreamTestUtils$MultiDataStreamStateMachine.link(DataStreamTestUtils.java:159)
	at org.apache.ratis.server.raftlog.segmented.SegmentedRaftLogWorker$WriteLog.<init>(SegmentedRaftLogWorker.java:497)
	at org.apache.ratis.server.raftlog.segmented.SegmentedRaftLogWorker.writeLogEntry(SegmentedRaftLogWorker.java:443)
	at org.apache.ratis.server.raftlog.segmented.SegmentedRaftLog.appendEntryImpl(SegmentedRaftLog.java:409)
	at org.apache.ratis.server.raftlog.RaftLogBase.lambda$appendEntry$10(RaftLogBase.java:330)
	at org.apache.ratis.server.raftlog.RaftLogSequentialOps$Runner.runSequentially(RaftLogSequentialOps.java:78)
	at org.apache.ratis.server.raftlog.RaftLogBase.appendEntry(RaftLogBase.java:330)
	at org.apache.ratis.server.raftlog.segmented.SegmentedRaftLog.appendImpl(SegmentedRaftLog.java:456)
	at org.apache.ratis.server.raftlog.RaftLogBase.lambda$append$11(RaftLogBase.java:337)
	at org.apache.ratis.server.raftlog.RaftLogSequentialOps$Runner.runSequentially(RaftLogSequentialOps.java:69)
	at org.apache.ratis.server.raftlog.RaftLogBase.append(RaftLogBase.java:337)
	at org.apache.ratis.server.impl.RaftServerImpl.appendEntriesAsync(RaftServerImpl.java:1523)
	at org.apache.ratis.server.impl.RaftServerImpl.appendEntriesAsync(RaftServerImpl.java:1391)
	at org.apache.ratis.server.impl.RaftServerProxy.lambda$appendEntriesAsync$26(RaftServerProxy.java:634)
	at org.apache.ratis.util.JavaUtils.callAsUnchecked(JavaUtils.java:117)
	at org.apache.ratis.server.impl.RaftServerImpl.lambda$executeSubmitServerRequestAsync$11(RaftServerImpl.java:814)
	at java.base/java.util.concurrent.CompletableFuture$AsyncSupply.run(CompletableFuture.java:1700)
	at java.base/java.util.concurrent.ThreadPoolExecutor.runWorker(ThreadPoolExecutor.java:1128)
	at java.base/java.util.concurrent.ThreadPoolExecutor$Worker.run(ThreadPoolExecutor.java:628)
	... 1 more
2023-01-06 13:37:57,400 [grpc-default-executor-4] WARN  server.GrpcLogAppender (LogUtils.java:warn(124)) - s0@group-BE38CA648A1A->s1-AppendLogResponseHandler: Failed appendEntries
java.io.IOException: java.lang.IllegalStateException: Null stream: entry=term: 2
index: 52
stateMachineLogEntry {
  type: DATASTREAM
  clientId: "G./W)\216@Y\245\374\244~?\256\355\b"
  callId: 401
}

	at org.apache.ratis.util.IOUtils.asIOException(IOUtils.java:56)
	at org.apache.ratis.util.IOUtils.toIOException(IOUtils.java:61)
	at org.apache.ratis.util.IOUtils.getFromFuture(IOUtils.java:85)
	at org.apache.ratis.server.raftlog.segmented.SegmentedRaftLogWorker$StateMachineDataPolicy.getFromFuture(SegmentedRaftLogWorker.java:88)
	at org.apache.ratis.server.raftlog.segmented.SegmentedRaftLogWorker$WriteLog.execute(SegmentedRaftLogWorker.java:540)
	at org.apache.ratis.server.raftlog.segmented.SegmentedRaftLogWorker.run(SegmentedRaftLogWorker.java:308)
	at java.base/java.lang.Thread.run(Thread.java:829)
Caused by: java.lang.IllegalStateException: Null stream: entry=term: 2
index: 52
stateMachineLogEntry {
  type: DATASTREAM
  clientId: "G./W)\216@Y\245\374\244~?\256\355\b"
  callId: 401
}

	at org.apache.ratis.datastream.DataStreamTestUtils$MultiDataStreamStateMachine.link(DataStreamTestUtils.java:159)
	at org.apache.ratis.server.raftlog.segmented.SegmentedRaftLogWorker$WriteLog.<init>(SegmentedRaftLogWorker.java:497)
	at org.apache.ratis.server.raftlog.segmented.SegmentedRaftLogWorker.writeLogEntry(SegmentedRaftLogWorker.java:443)
	at org.apache.ratis.server.raftlog.segmented.SegmentedRaftLog.appendEntryImpl(SegmentedRaftLog.java:409)
	at org.apache.ratis.server.raftlog.RaftLogBase.lambda$appendEntry$10(RaftLogBase.java:330)
	at org.apache.ratis.server.raftlog.RaftLogSequentialOps$Runner.runSequentially(RaftLogSequentialOps.java:78)
	at org.apache.ratis.server.raftlog.RaftLogBase.appendEntry(RaftLogBase.java:330)
	at org.apache.ratis.server.raftlog.segmented.SegmentedRaftLog.appendImpl(SegmentedRaftLog.java:456)
	at org.apache.ratis.server.raftlog.RaftLogBase.lambda$append$11(RaftLogBase.java:337)
	at org.apache.ratis.server.raftlog.RaftLogSequentialOps$Runner.runSequentially(RaftLogSequentialOps.java:69)
	at org.apache.ratis.server.raftlog.RaftLogBase.append(RaftLogBase.java:337)
	at org.apache.ratis.server.impl.RaftServerImpl.appendEntriesAsync(RaftServerImpl.java:1523)
	at org.apache.ratis.server.impl.RaftServerImpl.appendEntriesAsync(RaftServerImpl.java:1391)
	at org.apache.ratis.server.impl.RaftServerProxy.lambda$appendEntriesAsync$26(RaftServerProxy.java:634)
	at org.apache.ratis.util.JavaUtils.callAsUnchecked(JavaUtils.java:117)
	at org.apache.ratis.server.impl.RaftServerImpl.lambda$executeSubmitServerRequestAsync$11(RaftServerImpl.java:814)
	at java.base/java.util.concurrent.CompletableFuture$AsyncSupply.run(CompletableFuture.java:1700)
	at java.base/java.util.concurrent.ThreadPoolExecutor.runWorker(ThreadPoolExecutor.java:1128)
	at java.base/java.util.concurrent.ThreadPoolExecutor$Worker.run(ThreadPoolExecutor.java:628)
	... 1 more
2023-01-06 13:37:57,402 [grpc-default-executor-4] INFO  leader.FollowerInfo (FollowerInfoImpl.java:lambda$new$0(48)) - s0@group-BE38CA648A1A->s1: nextIndex: updateUnconditionally 53 -> 52
2023-01-06 13:37:57,403 [grpc-default-executor-5] WARN  server.GrpcLogAppender (LogUtils.java:warn(124)) - s0@group-BE38CA648A1A->s2-AppendLogResponseHandler: Failed appendEntries
java.io.IOException: java.lang.IllegalStateException: Null stream: entry=term: 2
index: 52
stateMachineLogEntry {
  type: DATASTREAM
  clientId: "G./W)\216@Y\245\374\244~?\256\355\b"
  callId: 401
}

	at org.apache.ratis.util.IOUtils.asIOException(IOUtils.java:56)
	at org.apache.ratis.util.IOUtils.toIOException(IOUtils.java:61)
	at org.apache.ratis.util.IOUtils.getFromFuture(IOUtils.java:85)
	at org.apache.ratis.server.raftlog.segmented.SegmentedRaftLogWorker$StateMachineDataPolicy.getFromFuture(SegmentedRaftLogWorker.java:88)
	at org.apache.ratis.server.raftlog.segmented.SegmentedRaftLogWorker$WriteLog.execute(SegmentedRaftLogWorker.java:540)
	at org.apache.ratis.server.raftlog.segmented.SegmentedRaftLogWorker.run(SegmentedRaftLogWorker.java:308)
	at java.base/java.lang.Thread.run(Thread.java:829)
Caused by: java.lang.IllegalStateException: Null stream: entry=term: 2
index: 52
stateMachineLogEntry {
  type: DATASTREAM
  clientId: "G./W)\216@Y\245\374\244~?\256\355\b"
  callId: 401
}

	at org.apache.ratis.datastream.DataStreamTestUtils$MultiDataStreamStateMachine.link(DataStreamTestUtils.java:159)
	at org.apache.ratis.server.raftlog.segmented.SegmentedRaftLogWorker$WriteLog.<init>(SegmentedRaftLogWorker.java:497)
	at org.apache.ratis.server.raftlog.segmented.SegmentedRaftLogWorker.writeLogEntry(SegmentedRaftLogWorker.java:443)
	at org.apache.ratis.server.raftlog.segmented.SegmentedRaftLog.appendEntryImpl(SegmentedRaftLog.java:409)
	at org.apache.ratis.server.raftlog.RaftLogBase.lambda$appendEntry$10(RaftLogBase.java:330)
	at org.apache.ratis.server.raftlog.RaftLogSequentialOps$Runner.runSequentially(RaftLogSequentialOps.java:78)
	at org.apache.ratis.server.raftlog.RaftLogBase.appendEntry(RaftLogBase.java:330)
	at org.apache.ratis.server.raftlog.segmented.SegmentedRaftLog.appendImpl(SegmentedRaftLog.java:456)
	at org.apache.ratis.server.raftlog.RaftLogBase.lambda$append$11(RaftLogBase.java:337)
	at org.apache.ratis.server.raftlog.RaftLogSequentialOps$Runner.runSequentially(RaftLogSequentialOps.java:69)
	at org.apache.ratis.server.raftlog.RaftLogBase.append(RaftLogBase.java:337)
	at org.apache.ratis.server.impl.RaftServerImpl.appendEntriesAsync(RaftServerImpl.java:1523)
	at org.apache.ratis.server.impl.RaftServerImpl.appendEntriesAsync(RaftServerImpl.java:1391)
	at org.apache.ratis.server.impl.RaftServerProxy.lambda$appendEntriesAsync$26(RaftServerProxy.java:634)
	at org.apache.ratis.util.JavaUtils.callAsUnchecked(JavaUtils.java:117)
	at org.apache.ratis.server.impl.RaftServerImpl.lambda$executeSubmitServerRequestAsync$11(RaftServerImpl.java:814)
	at java.base/java.util.concurrent.CompletableFuture$AsyncSupply.run(CompletableFuture.java:1700)
	at java.base/java.util.concurrent.ThreadPoolExecutor.runWorker(ThreadPoolExecutor.java:1128)
	at java.base/java.util.concurrent.ThreadPoolExecutor$Worker.run(ThreadPoolExecutor.java:628)
	... 1 more
2023-01-06 13:37:57,404 [grpc-default-executor-5] INFO  leader.FollowerInfo (FollowerInfoImpl.java:lambda$new$0(48)) - s0@group-BE38CA648A1A->s2: nextIndex: updateUnconditionally 53 -> 52
2023-01-06 13:37:57,442 [s0-client-thread2] INFO  statemachine.StateMachine (DataStreamTestUtils.java:link(157)) - link SingleDataStream: writeRequest=RaftClientRequest:client-3655CF99F1FA->s2@group-BE38CA648A1A, cid=407, seq=0, DataStream, Message:<EMPTY>, logEntry=null
2023-01-06 13:37:57,443 [s0-client-thread2] INFO  statemachine.StateMachine (DataStreamTestUtils.java:link(157)) - link SingleDataStream: writeRequest=RaftClientRequest:client-3655CF99F1FA->s2@group-BE38CA648A1A, cid=406, seq=0, DataStream, Message:<EMPTY>, logEntry=null
2023-01-06 13:37:57,443 [s1-server-thread1] INFO  statemachine.StateMachine (DataStreamTestUtils.java:link(157)) - link SingleDataStream: writeRequest=RaftClientRequest:client-3655CF99F1FA->s2@group-BE38CA648A1A, cid=407, seq=0, DataStream, Message:<EMPTY>, logEntry=null
2023-01-06 13:37:57,443 [s2-server-thread2] INFO  statemachine.StateMachine (DataStreamTestUtils.java:link(157)) - link SingleDataStream: writeRequest=RaftClientRequest:client-3655CF99F1FA->s2@group-BE38CA648A1A, cid=407, seq=0, DataStream, Message:<EMPTY>, logEntry=null
2023-01-06 13:37:57,443 [s1-server-thread1] WARN  server.GrpcServerProtocolService (LogUtils.java:warn(124)) - s1: Failed APPEND_ENTRIES request s0->s1#11-t2,previous=(t:2, i:52),leaderCommit=51,initializing? true,entries: size=1, first=(t:2, i:53), STATEMACHINELOGENTRY, 407@client-3655CF99F1FA
java.util.concurrent.CompletionException: org.apache.ratis.server.raftlog.RaftLogIOException: Log already failed at index 52 for task WriteLog:52: (t:2, i:52), STATEMACHINELOGENTRY, StateMachineLogEntryProto:401@client-A47E3FAEED08
	at java.base/java.util.concurrent.CompletableFuture.encodeThrowable(CompletableFuture.java:331)
	at java.base/java.util.concurrent.CompletableFuture.completeThrowable(CompletableFuture.java:346)
	at java.base/java.util.concurrent.CompletableFuture$BiRelay.tryFire(CompletableFuture.java:1423)
	at java.base/java.util.concurrent.CompletableFuture$CoCompletion.tryFire(CompletableFuture.java:1144)
	at java.base/java.util.concurrent.CompletableFuture.postComplete(CompletableFuture.java:506)
	at java.base/java.util.concurrent.CompletableFuture.completeExceptionally(CompletableFuture.java:2088)
	at org.apache.ratis.server.raftlog.segmented.SegmentedRaftLog$Task.failed(SegmentedRaftLog.java:105)
	at org.apache.ratis.server.raftlog.segmented.SegmentedRaftLogWorker$WriteLog.failed(SegmentedRaftLogWorker.java:519)
	at org.apache.ratis.server.raftlog.segmented.SegmentedRaftLogWorker.run(SegmentedRaftLogWorker.java:317)
	at java.base/java.lang.Thread.run(Thread.java:829)
Caused by: org.apache.ratis.server.raftlog.RaftLogIOException: Log already failed at index 52 for task WriteLog:52: (t:2, i:52), STATEMACHINELOGENTRY, StateMachineLogEntryProto:401@client-A47E3FAEED08
	at org.apache.ratis.server.raftlog.segmented.SegmentedRaftLogWorker.run(SegmentedRaftLogWorker.java:320)
	... 1 more
Caused by: java.io.IOException: java.lang.IllegalStateException: Null stream: entry=term: 2
index: 52
stateMachineLogEntry {
  type: DATASTREAM
  clientId: "G./W)\216@Y\245\374\244~?\256\355\b"
  callId: 401
}

	at org.apache.ratis.util.IOUtils.asIOException(IOUtils.java:56)
	at org.apache.ratis.util.IOUtils.toIOException(IOUtils.java:61)
	at org.apache.ratis.util.IOUtils.getFromFuture(IOUtils.java:85)
	at org.apache.ratis.server.raftlog.segmented.SegmentedRaftLogWorker$StateMachineDataPolicy.getFromFuture(SegmentedRaftLogWorker.java:88)
	at org.apache.ratis.server.raftlog.segmented.SegmentedRaftLogWorker$WriteLog.execute(SegmentedRaftLogWorker.java:540)
	at org.apache.ratis.server.raftlog.segmented.SegmentedRaftLogWorker.run(SegmentedRaftLogWorker.java:308)
	... 1 more
Caused by: java.lang.IllegalStateException: Null stream: entry=term: 2
index: 52
stateMachineLogEntry {
  type: DATASTREAM
  clientId: "G./W)\216@Y\245\374\244~?\256\355\b"
  callId: 401
}

	at org.apache.ratis.datastream.DataStreamTestUtils$MultiDataStreamStateMachine.link(DataStreamTestUtils.java:159)
	at org.apache.ratis.server.raftlog.segmented.SegmentedRaftLogWorker$WriteLog.<init>(SegmentedRaftLogWorker.java:497)
	at org.apache.ratis.server.raftlog.segmented.SegmentedRaftLogWorker.writeLogEntry(SegmentedRaftLogWorker.java:443)
	at org.apache.ratis.server.raftlog.segmented.SegmentedRaftLog.appendEntryImpl(SegmentedRaftLog.java:409)
	at org.apache.ratis.server.raftlog.RaftLogBase.lambda$appendEntry$10(RaftLogBase.java:330)
	at org.apache.ratis.server.raftlog.RaftLogSequentialOps$Runner.runSequentially(RaftLogSequentialOps.java:78)
	at org.apache.ratis.server.raftlog.RaftLogBase.appendEntry(RaftLogBase.java:330)
	at org.apache.ratis.server.raftlog.segmented.SegmentedRaftLog.appendImpl(SegmentedRaftLog.java:456)
	at org.apache.ratis.server.raftlog.RaftLogBase.lambda$append$11(RaftLogBase.java:337)
	at org.apache.ratis.server.raftlog.RaftLogSequentialOps$Runner.runSequentially(RaftLogSequentialOps.java:69)
	at org.apache.ratis.server.raftlog.RaftLogBase.append(RaftLogBase.java:337)
	at org.apache.ratis.server.impl.RaftServerImpl.appendEntriesAsync(RaftServerImpl.java:1523)
	at org.apache.ratis.server.impl.RaftServerImpl.appendEntriesAsync(RaftServerImpl.java:1391)
	at org.apache.ratis.server.impl.RaftServerProxy.lambda$appendEntriesAsync$26(RaftServerProxy.java:634)
	at org.apache.ratis.util.JavaUtils.callAsUnchecked(JavaUtils.java:117)
	at org.apache.ratis.server.impl.RaftServerImpl.lambda$executeSubmitServerRequestAsync$11(RaftServerImpl.java:814)
	at java.base/java.util.concurrent.CompletableFuture$AsyncSupply.run(CompletableFuture.java:1700)
	at java.base/java.util.concurrent.ThreadPoolExecutor.runWorker(ThreadPoolExecutor.java:1128)
	at java.base/java.util.concurrent.ThreadPoolExecutor$Worker.run(ThreadPoolExecutor.java:628)
	... 1 more
2023-01-06 13:37:57,444 [s2-server-thread2] WARN  server.GrpcServerProtocolService (LogUtils.java:warn(124)) - s2: Failed APPEND_ENTRIES request s0->s2#8-t2,previous=(t:2, i:52),leaderCommit=51,initializing? true,entries: size=1, first=(t:2, i:53), STATEMACHINELOGENTRY, 407@client-3655CF99F1FA
java.util.concurrent.CompletionException: org.apache.ratis.server.raftlog.RaftLogIOException: Log already failed at index 52 for task WriteLog:52: (t:2, i:52), STATEMACHINELOGENTRY, StateMachineLogEntryProto:401@client-A47E3FAEED08
	at java.base/java.util.concurrent.CompletableFuture.encodeThrowable(CompletableFuture.java:331)
	at java.base/java.util.concurrent.CompletableFuture.completeThrowable(CompletableFuture.java:346)
	at java.base/java.util.concurrent.CompletableFuture$BiRelay.tryFire(CompletableFuture.java:1423)
	at java.base/java.util.concurrent.CompletableFuture$CoCompletion.tryFire(CompletableFuture.java:1144)
	at java.base/java.util.concurrent.CompletableFuture.postComplete(CompletableFuture.java:506)
	at java.base/java.util.concurrent.CompletableFuture.completeExceptionally(CompletableFuture.java:2088)
	at org.apache.ratis.server.raftlog.segmented.SegmentedRaftLog$Task.failed(SegmentedRaftLog.java:105)
	at org.apache.ratis.server.raftlog.segmented.SegmentedRaftLogWorker$WriteLog.failed(SegmentedRaftLogWorker.java:519)
	at org.apache.ratis.server.raftlog.segmented.SegmentedRaftLogWorker.run(SegmentedRaftLogWorker.java:317)
	at java.base/java.lang.Thread.run(Thread.java:829)
Caused by: org.apache.ratis.server.raftlog.RaftLogIOException: Log already failed at index 52 for task WriteLog:52: (t:2, i:52), STATEMACHINELOGENTRY, StateMachineLogEntryProto:401@client-A47E3FAEED08
	at org.apache.ratis.server.raftlog.segmented.SegmentedRaftLogWorker.run(SegmentedRaftLogWorker.java:320)
	... 1 more
Caused by: java.io.IOException: java.lang.IllegalStateException: Null stream: entry=term: 2
index: 52
stateMachineLogEntry {
  type: DATASTREAM
  clientId: "G./W)\216@Y\245\374\244~?\256\355\b"
  callId: 401
}

	at org.apache.ratis.util.IOUtils.asIOException(IOUtils.java:56)
	at org.apache.ratis.util.IOUtils.toIOException(IOUtils.java:61)
	at org.apache.ratis.util.IOUtils.getFromFuture(IOUtils.java:85)
	at org.apache.ratis.server.raftlog.segmented.SegmentedRaftLogWorker$StateMachineDataPolicy.getFromFuture(SegmentedRaftLogWorker.java:88)
	at org.apache.ratis.server.raftlog.segmented.SegmentedRaftLogWorker$WriteLog.execute(SegmentedRaftLogWorker.java:540)
	at org.apache.ratis.server.raftlog.segmented.SegmentedRaftLogWorker.run(SegmentedRaftLogWorker.java:308)
	... 1 more
Caused by: java.lang.IllegalStateException: Null stream: entry=term: 2
index: 52
stateMachineLogEntry {
  type: DATASTREAM
  clientId: "G./W)\216@Y\245\374\244~?\256\355\b"
  callId: 401
}

	at org.apache.ratis.datastream.DataStreamTestUtils$MultiDataStreamStateMachine.link(DataStreamTestUtils.java:159)
	at org.apache.ratis.server.raftlog.segmented.SegmentedRaftLogWorker$WriteLog.<init>(SegmentedRaftLogWorker.java:497)
	at org.apache.ratis.server.raftlog.segmented.SegmentedRaftLogWorker.writeLogEntry(SegmentedRaftLogWorker.java:443)
	at org.apache.ratis.server.raftlog.segmented.SegmentedRaftLog.appendEntryImpl(SegmentedRaftLog.java:409)
	at org.apache.ratis.server.raftlog.RaftLogBase.lambda$appendEntry$10(RaftLogBase.java:330)
	at org.apache.ratis.server.raftlog.RaftLogSequentialOps$Runner.runSequentially(RaftLogSequentialOps.java:78)
	at org.apache.ratis.server.raftlog.RaftLogBase.appendEntry(RaftLogBase.java:330)
	at org.apache.ratis.server.raftlog.segmented.SegmentedRaftLog.appendImpl(SegmentedRaftLog.java:456)
	at org.apache.ratis.server.raftlog.RaftLogBase.lambda$append$11(RaftLogBase.java:337)
	at org.apache.ratis.server.raftlog.RaftLogSequentialOps$Runner.runSequentially(RaftLogSequentialOps.java:69)
	at org.apache.ratis.server.raftlog.RaftLogBase.append(RaftLogBase.java:337)
	at org.apache.ratis.server.impl.RaftServerImpl.appendEntriesAsync(RaftServerImpl.java:1523)
	at org.apache.ratis.server.impl.RaftServerImpl.appendEntriesAsync(RaftServerImpl.java:1391)
	at org.apache.ratis.server.impl.RaftServerProxy.lambda$appendEntriesAsync$26(RaftServerProxy.java:634)
	at org.apache.ratis.util.JavaUtils.callAsUnchecked(JavaUtils.java:117)
	at org.apache.ratis.server.impl.RaftServerImpl.lambda$executeSubmitServerRequestAsync$11(RaftServerImpl.java:814)
	at java.base/java.util.concurrent.CompletableFuture$AsyncSupply.run(CompletableFuture.java:1700)
	at java.base/java.util.concurrent.ThreadPoolExecutor.runWorker(ThreadPoolExecutor.java:1128)
	at java.base/java.util.concurrent.ThreadPoolExecutor$Worker.run(ThreadPoolExecutor.java:628)
	... 1 more
2023-01-06 13:37:57,453 [s0-client-thread2] INFO  statemachine.StateMachine (DataStreamTestUtils.java:link(157)) - link SingleDataStream: writeRequest=RaftClientRequest:client-3655CF99F1FA->s2@group-BE38CA648A1A, cid=408, seq=0, DataStream, Message:<EMPTY>, logEntry=null
2023-01-06 13:37:57,454 [s2-server-thread3] INFO  statemachine.StateMachine (DataStreamTestUtils.java:link(157)) - link SingleDataStream: writeRequest=RaftClientRequest:client-3655CF99F1FA->s2@group-BE38CA648A1A, cid=406, seq=0, DataStream, Message:<EMPTY>, logEntry=null
2023-01-06 13:37:57,454 [s2-server-thread3] WARN  server.GrpcServerProtocolService (LogUtils.java:warn(124)) - s2: Failed APPEND_ENTRIES request s0->s2#9-t2,previous=(t:2, i:53),leaderCommit=51,initializing? true,entries: size=1, first=(t:2, i:54), STATEMACHINELOGENTRY, 406@client-3655CF99F1FA
java.util.concurrent.CompletionException: org.apache.ratis.server.raftlog.RaftLogIOException: Log already failed at index 52 for task WriteLog:52: (t:2, i:52), STATEMACHINELOGENTRY, StateMachineLogEntryProto:401@client-A47E3FAEED08
	at java.base/java.util.concurrent.CompletableFuture.encodeThrowable(CompletableFuture.java:331)
	at java.base/java.util.concurrent.CompletableFuture.completeThrowable(CompletableFuture.java:346)
	at java.base/java.util.concurrent.CompletableFuture$BiRelay.tryFire(CompletableFuture.java:1423)
	at java.base/java.util.concurrent.CompletableFuture$CoCompletion.tryFire(CompletableFuture.java:1144)
	at java.base/java.util.concurrent.CompletableFuture.postComplete(CompletableFuture.java:506)
	at java.base/java.util.concurrent.CompletableFuture.completeExceptionally(CompletableFuture.java:2088)
	at org.apache.ratis.server.raftlog.segmented.SegmentedRaftLog$Task.failed(SegmentedRaftLog.java:105)
	at org.apache.ratis.server.raftlog.segmented.SegmentedRaftLogWorker$WriteLog.failed(SegmentedRaftLogWorker.java:519)
	at org.apache.ratis.server.raftlog.segmented.SegmentedRaftLogWorker.run(SegmentedRaftLogWorker.java:317)
	at java.base/java.lang.Thread.run(Thread.java:829)
Caused by: org.apache.ratis.server.raftlog.RaftLogIOException: Log already failed at index 52 for task WriteLog:52: (t:2, i:52), STATEMACHINELOGENTRY, StateMachineLogEntryProto:401@client-A47E3FAEED08
	at org.apache.ratis.server.raftlog.segmented.SegmentedRaftLogWorker.run(SegmentedRaftLogWorker.java:320)
	... 1 more
Caused by: java.io.IOException: java.lang.IllegalStateException: Null stream: entry=term: 2
index: 52
stateMachineLogEntry {
  type: DATASTREAM
  clientId: "G./W)\216@Y\245\374\244~?\256\355\b"
  callId: 401
}

	at org.apache.ratis.util.IOUtils.asIOException(IOUtils.java:56)
	at org.apache.ratis.util.IOUtils.toIOException(IOUtils.java:61)
	at org.apache.ratis.util.IOUtils.getFromFuture(IOUtils.java:85)
	at org.apache.ratis.server.raftlog.segmented.SegmentedRaftLogWorker$StateMachineDataPolicy.getFromFuture(SegmentedRaftLogWorker.java:88)
	at org.apache.ratis.server.raftlog.segmented.SegmentedRaftLogWorker$WriteLog.execute(SegmentedRaftLogWorker.java:540)
	at org.apache.ratis.server.raftlog.segmented.SegmentedRaftLogWorker.run(SegmentedRaftLogWorker.java:308)
	... 1 more
Caused by: java.lang.IllegalStateException: Null stream: entry=term: 2
index: 52
stateMachineLogEntry {
  type: DATASTREAM
  clientId: "G./W)\216@Y\245\374\244~?\256\355\b"
  callId: 401
}

	at org.apache.ratis.datastream.DataStreamTestUtils$MultiDataStreamStateMachine.link(DataStreamTestUtils.java:159)
	at org.apache.ratis.server.raftlog.segmented.SegmentedRaftLogWorker$WriteLog.<init>(SegmentedRaftLogWorker.java:497)
	at org.apache.ratis.server.raftlog.segmented.SegmentedRaftLogWorker.writeLogEntry(SegmentedRaftLogWorker.java:443)
	at org.apache.ratis.server.raftlog.segmented.SegmentedRaftLog.appendEntryImpl(SegmentedRaftLog.java:409)
	at org.apache.ratis.server.raftlog.RaftLogBase.lambda$appendEntry$10(RaftLogBase.java:330)
	at org.apache.ratis.server.raftlog.RaftLogSequentialOps$Runner.runSequentially(RaftLogSequentialOps.java:78)
	at org.apache.ratis.server.raftlog.RaftLogBase.appendEntry(RaftLogBase.java:330)
	at org.apache.ratis.server.raftlog.segmented.SegmentedRaftLog.appendImpl(SegmentedRaftLog.java:456)
	at org.apache.ratis.server.raftlog.RaftLogBase.lambda$append$11(RaftLogBase.java:337)
	at org.apache.ratis.server.raftlog.RaftLogSequentialOps$Runner.runSequentially(RaftLogSequentialOps.java:69)
	at org.apache.ratis.server.raftlog.RaftLogBase.append(RaftLogBase.java:337)
	at org.apache.ratis.server.impl.RaftServerImpl.appendEntriesAsync(RaftServerImpl.java:1523)
	at org.apache.ratis.server.impl.RaftServerImpl.appendEntriesAsync(RaftServerImpl.java:1391)
	at org.apache.ratis.server.impl.RaftServerProxy.lambda$appendEntriesAsync$26(RaftServerProxy.java:634)
	at org.apache.ratis.util.JavaUtils.callAsUnchecked(JavaUtils.java:117)
	at org.apache.ratis.server.impl.RaftServerImpl.lambda$executeSubmitServerRequestAsync$11(RaftServerImpl.java:814)
	at java.base/java.util.concurrent.CompletableFuture$AsyncSupply.run(CompletableFuture.java:1700)
	at java.base/java.util.concurrent.ThreadPoolExecutor.runWorker(ThreadPoolExecutor.java:1128)
	at java.base/java.util.concurrent.ThreadPoolExecutor$Worker.run(ThreadPoolExecutor.java:628)
	... 1 more
2023-01-06 13:37:57,469 [grpc-default-executor-3] WARN  server.GrpcLogAppender (LogUtils.java:warn(124)) - s0@group-BE38CA648A1A->s2-AppendLogResponseHandler: Failed appendEntries
org.apache.ratis.server.raftlog.RaftLogIOException: Log already failed at index 52 for task WriteLog:52: (t:2, i:52), STATEMACHINELOGENTRY, StateMachineLogEntryProto:401@client-A47E3FAEED08
	at org.apache.ratis.server.raftlog.segmented.SegmentedRaftLogWorker.run(SegmentedRaftLogWorker.java:320)
	at java.base/java.lang.Thread.run(Thread.java:829)
Caused by: java.io.IOException: java.lang.IllegalStateException: Null stream: entry=term: 2
index: 52
stateMachineLogEntry {
  type: DATASTREAM
  clientId: "G./W)\216@Y\245\374\244~?\256\355\b"
  callId: 401
}

	at org.apache.ratis.util.IOUtils.asIOException(IOUtils.java:56)
	at org.apache.ratis.util.IOUtils.toIOException(IOUtils.java:61)
	at org.apache.ratis.util.IOUtils.getFromFuture(IOUtils.java:85)
	at org.apache.ratis.server.raftlog.segmented.SegmentedRaftLogWorker$StateMachineDataPolicy.getFromFuture(SegmentedRaftLogWorker.java:88)
	at org.apache.ratis.server.raftlog.segmented.SegmentedRaftLogWorker$WriteLog.execute(SegmentedRaftLogWorker.java:540)
	at org.apache.ratis.server.raftlog.segmented.SegmentedRaftLogWorker.run(SegmentedRaftLogWorker.java:308)
	... 1 more
Caused by: java.lang.IllegalStateException: Null stream: entry=term: 2
index: 52
stateMachineLogEntry {
  type: DATASTREAM
  clientId: "G./W)\216@Y\245\374\244~?\256\355\b"
  callId: 401
}

	at org.apache.ratis.datastream.DataStreamTestUtils$MultiDataStreamStateMachine.link(DataStreamTestUtils.java:159)
	at org.apache.ratis.server.raftlog.segmented.SegmentedRaftLogWorker$WriteLog.<init>(SegmentedRaftLogWorker.java:497)
	at org.apache.ratis.server.raftlog.segmented.SegmentedRaftLogWorker.writeLogEntry(SegmentedRaftLogWorker.java:443)
	at org.apache.ratis.server.raftlog.segmented.SegmentedRaftLog.appendEntryImpl(SegmentedRaftLog.java:409)
	at org.apache.ratis.server.raftlog.RaftLogBase.lambda$appendEntry$10(RaftLogBase.java:330)
	at org.apache.ratis.server.raftlog.RaftLogSequentialOps$Runner.runSequentially(RaftLogSequentialOps.java:78)
	at org.apache.ratis.server.raftlog.RaftLogBase.appendEntry(RaftLogBase.java:330)
	at org.apache.ratis.server.raftlog.segmented.SegmentedRaftLog.appendImpl(SegmentedRaftLog.java:456)
	at org.apache.ratis.server.raftlog.RaftLogBase.lambda$append$11(RaftLogBase.java:337)
	at org.apache.ratis.server.raftlog.RaftLogSequentialOps$Runner.runSequentially(RaftLogSequentialOps.java:69)
	at org.apache.ratis.server.raftlog.RaftLogBase.append(RaftLogBase.java:337)
	at org.apache.ratis.server.impl.RaftServerImpl.appendEntriesAsync(RaftServerImpl.java:1523)
	at org.apache.ratis.server.impl.RaftServerImpl.appendEntriesAsync(RaftServerImpl.java:1391)
	at org.apache.ratis.server.impl.RaftServerProxy.lambda$appendEntriesAsync$26(RaftServerProxy.java:634)
	at org.apache.ratis.util.JavaUtils.callAsUnchecked(JavaUtils.java:117)
	at org.apache.ratis.server.impl.RaftServerImpl.lambda$executeSubmitServerRequestAsync$11(RaftServerImpl.java:814)
	at java.base/java.util.concurrent.CompletableFuture$AsyncSupply.run(CompletableFuture.java:1700)
	at java.base/java.util.concurrent.ThreadPoolExecutor.runWorker(ThreadPoolExecutor.java:1128)
	at java.base/java.util.concurrent.ThreadPoolExecutor$Worker.run(ThreadPoolExecutor.java:628)
	... 1 more
2023-01-06 13:37:57,475 [grpc-default-executor-3] INFO  leader.FollowerInfo (FollowerInfoImpl.java:lambda$new$0(48)) - s0@group-BE38CA648A1A->s2: nextIndex: updateUnconditionally 56 -> 53
2023-01-06 13:37:57,467 [s2-server-thread1] INFO  statemachine.StateMachine (DataStreamTestUtils.java:link(157)) - link SingleDataStream: writeRequest=RaftClientRequest:client-3655CF99F1FA->s2@group-BE38CA648A1A, cid=408, seq=0, DataStream, Message:<EMPTY>, logEntry=null
2023-01-06 13:37:57,466 [grpc-default-executor-5] WARN  server.GrpcLogAppender (LogUtils.java:warn(124)) - s0@group-BE38CA648A1A->s1-AppendLogResponseHandler: Failed appendEntries
org.apache.ratis.server.raftlog.RaftLogIOException: Log already failed at index 52 for task WriteLog:52: (t:2, i:52), STATEMACHINELOGENTRY, StateMachineLogEntryProto:401@client-A47E3FAEED08
	at org.apache.ratis.server.raftlog.segmented.SegmentedRaftLogWorker.run(SegmentedRaftLogWorker.java:320)
	at java.base/java.lang.Thread.run(Thread.java:829)
Caused by: java.io.IOException: java.lang.IllegalStateException: Null stream: entry=term: 2
index: 52
stateMachineLogEntry {
  type: DATASTREAM
  clientId: "G./W)\216@Y\245\374\244~?\256\355\b"
  callId: 401
}

	at org.apache.ratis.util.IOUtils.asIOException(IOUtils.java:56)
	at org.apache.ratis.util.IOUtils.toIOException(IOUtils.java:61)
	at org.apache.ratis.util.IOUtils.getFromFuture(IOUtils.java:85)
	at org.apache.ratis.server.raftlog.segmented.SegmentedRaftLogWorker$StateMachineDataPolicy.getFromFuture(SegmentedRaftLogWorker.java:88)
	at org.apache.ratis.server.raftlog.segmented.SegmentedRaftLogWorker$WriteLog.execute(SegmentedRaftLogWorker.java:540)
	at org.apache.ratis.server.raftlog.segmented.SegmentedRaftLogWorker.run(SegmentedRaftLogWorker.java:308)
	... 1 more
Caused by: java.lang.IllegalStateException: Null stream: entry=term: 2
index: 52
stateMachineLogEntry {
  type: DATASTREAM
  clientId: "G./W)\216@Y\245\374\244~?\256\355\b"
  callId: 401
}

	at org.apache.ratis.datastream.DataStreamTestUtils$MultiDataStreamStateMachine.link(DataStreamTestUtils.java:159)
	at org.apache.ratis.server.raftlog.segmented.SegmentedRaftLogWorker$WriteLog.<init>(SegmentedRaftLogWorker.java:497)
	at org.apache.ratis.server.raftlog.segmented.SegmentedRaftLogWorker.writeLogEntry(SegmentedRaftLogWorker.java:443)
	at org.apache.ratis.server.raftlog.segmented.SegmentedRaftLog.appendEntryImpl(SegmentedRaftLog.java:409)
	at org.apache.ratis.server.raftlog.RaftLogBase.lambda$appendEntry$10(RaftLogBase.java:330)
	at org.apache.ratis.server.raftlog.RaftLogSequentialOps$Runner.runSequentially(RaftLogSequentialOps.java:78)
	at org.apache.ratis.server.raftlog.RaftLogBase.appendEntry(RaftLogBase.java:330)
	at org.apache.ratis.server.raftlog.segmented.SegmentedRaftLog.appendImpl(SegmentedRaftLog.java:456)
	at org.apache.ratis.server.raftlog.RaftLogBase.lambda$append$11(RaftLogBase.java:337)
	at org.apache.ratis.server.raftlog.RaftLogSequentialOps$Runner.runSequentially(RaftLogSequentialOps.java:69)
	at org.apache.ratis.server.raftlog.RaftLogBase.append(RaftLogBase.java:337)
	at org.apache.ratis.server.impl.RaftServerImpl.appendEntriesAsync(RaftServerImpl.java:1523)
	at org.apache.ratis.server.impl.RaftServerImpl.appendEntriesAsync(RaftServerImpl.java:1391)
	at org.apache.ratis.server.impl.RaftServerProxy.lambda$appendEntriesAsync$26(RaftServerProxy.java:634)
	at org.apache.ratis.util.JavaUtils.callAsUnchecked(JavaUtils.java:117)
	at org.apache.ratis.server.impl.RaftServerImpl.lambda$executeSubmitServerRequestAsync$11(RaftServerImpl.java:814)
	at java.base/java.util.concurrent.CompletableFuture$AsyncSupply.run(CompletableFuture.java:1700)
	at java.base/java.util.concurrent.ThreadPoolExecutor.runWorker(ThreadPoolExecutor.java:1128)
	at java.base/java.util.concurrent.ThreadPoolExecutor$Worker.run(ThreadPoolExecutor.java:628)
	... 1 more
2023-01-06 13:37:57,475 [grpc-default-executor-5] INFO  leader.FollowerInfo (FollowerInfoImpl.java:lambda$new$0(48)) - s0@group-BE38CA648A1A->s1: nextIndex: updateUnconditionally 56 -> 53
2023-01-06 13:37:57,464 [s1-server-thread1] INFO  statemachine.StateMachine (DataStreamTestUtils.java:link(157)) - link SingleDataStream: writeRequest=RaftClientRequest:client-3655CF99F1FA->s2@group-BE38CA648A1A, cid=406, seq=0, DataStream, Message:<EMPTY>, logEntry=null
2023-01-06 13:37:57,475 [s2-server-thread1] WARN  server.GrpcServerProtocolService (LogUtils.java:warn(124)) - s2: Failed APPEND_ENTRIES request s0->s2#10-t2,previous=(t:2, i:54),leaderCommit=51,initializing? true,entries: size=1, first=(t:2, i:55), STATEMACHINELOGENTRY, 408@client-3655CF99F1FA
java.util.concurrent.CompletionException: org.apache.ratis.server.raftlog.RaftLogIOException: Log already failed at index 52 for task WriteLog:52: (t:2, i:52), STATEMACHINELOGENTRY, StateMachineLogEntryProto:401@client-A47E3FAEED08
	at java.base/java.util.concurrent.CompletableFuture.encodeThrowable(CompletableFuture.java:331)
	at java.base/java.util.concurrent.CompletableFuture.completeThrowable(CompletableFuture.java:346)
	at java.base/java.util.concurrent.CompletableFuture$BiRelay.tryFire(CompletableFuture.java:1423)
	at java.base/java.util.concurrent.CompletableFuture$CoCompletion.tryFire(CompletableFuture.java:1144)
	at java.base/java.util.concurrent.CompletableFuture.postComplete(CompletableFuture.java:506)
	at java.base/java.util.concurrent.CompletableFuture.completeExceptionally(CompletableFuture.java:2088)
	at org.apache.ratis.server.raftlog.segmented.SegmentedRaftLog$Task.failed(SegmentedRaftLog.java:105)
	at org.apache.ratis.server.raftlog.segmented.SegmentedRaftLogWorker$WriteLog.failed(SegmentedRaftLogWorker.java:519)
	at org.apache.ratis.server.raftlog.segmented.SegmentedRaftLogWorker.run(SegmentedRaftLogWorker.java:317)
	at java.base/java.lang.Thread.run(Thread.java:829)
Caused by: org.apache.ratis.server.raftlog.RaftLogIOException: Log already failed at index 52 for task WriteLog:52: (t:2, i:52), STATEMACHINELOGENTRY, StateMachineLogEntryProto:401@client-A47E3FAEED08
	at org.apache.ratis.server.raftlog.segmented.SegmentedRaftLogWorker.run(SegmentedRaftLogWorker.java:320)
	... 1 more
Caused by: java.io.IOException: java.lang.IllegalStateException: Null stream: entry=term: 2
index: 52
stateMachineLogEntry {
  type: DATASTREAM
  clientId: "G./W)\216@Y\245\374\244~?\256\355\b"
  callId: 401
}

	at org.apache.ratis.util.IOUtils.asIOException(IOUtils.java:56)
	at org.apache.ratis.util.IOUtils.toIOException(IOUtils.java:61)
	at org.apache.ratis.util.IOUtils.getFromFuture(IOUtils.java:85)
	at org.apache.ratis.server.raftlog.segmented.SegmentedRaftLogWorker$StateMachineDataPolicy.getFromFuture(SegmentedRaftLogWorker.java:88)
	at org.apache.ratis.server.raftlog.segmented.SegmentedRaftLogWorker$WriteLog.execute(SegmentedRaftLogWorker.java:540)
	at org.apache.ratis.server.raftlog.segmented.SegmentedRaftLogWorker.run(SegmentedRaftLogWorker.java:308)
	... 1 more
Caused by: java.lang.IllegalStateException: Null stream: entry=term: 2
index: 52
stateMachineLogEntry {
  type: DATASTREAM
  clientId: "G./W)\216@Y\245\374\244~?\256\355\b"
  callId: 401
}

	at org.apache.ratis.datastream.DataStreamTestUtils$MultiDataStreamStateMachine.link(DataStreamTestUtils.java:159)
	at org.apache.ratis.server.raftlog.segmented.SegmentedRaftLogWorker$WriteLog.<init>(SegmentedRaftLogWorker.java:497)
	at org.apache.ratis.server.raftlog.segmented.SegmentedRaftLogWorker.writeLogEntry(SegmentedRaftLogWorker.java:443)
	at org.apache.ratis.server.raftlog.segmented.SegmentedRaftLog.appendEntryImpl(SegmentedRaftLog.java:409)
	at org.apache.ratis.server.raftlog.RaftLogBase.lambda$appendEntry$10(RaftLogBase.java:330)
	at org.apache.ratis.server.raftlog.RaftLogSequentialOps$Runner.runSequentially(RaftLogSequentialOps.java:78)
	at org.apache.ratis.server.raftlog.RaftLogBase.appendEntry(RaftLogBase.java:330)
	at org.apache.ratis.server.raftlog.segmented.SegmentedRaftLog.appendImpl(SegmentedRaftLog.java:456)
	at org.apache.ratis.server.raftlog.RaftLogBase.lambda$append$11(RaftLogBase.java:337)
	at org.apache.ratis.server.raftlog.RaftLogSequentialOps$Runner.runSequentially(RaftLogSequentialOps.java:69)
	at org.apache.ratis.server.raftlog.RaftLogBase.append(RaftLogBase.java:337)
	at org.apache.ratis.server.impl.RaftServerImpl.appendEntriesAsync(RaftServerImpl.java:1523)
	at org.apache.ratis.server.impl.RaftServerImpl.appendEntriesAsync(RaftServerImpl.java:1391)
	at org.apache.ratis.server.impl.RaftServerProxy.lambda$appendEntriesAsync$26(RaftServerProxy.java:634)
	at org.apache.ratis.util.JavaUtils.callAsUnchecked(JavaUtils.java:117)
	at org.apache.ratis.server.impl.RaftServerImpl.lambda$executeSubmitServerRequestAsync$11(RaftServerImpl.java:814)
	at java.base/java.util.concurrent.CompletableFuture$AsyncSupply.run(CompletableFuture.java:1700)
	at java.base/java.util.concurrent.ThreadPoolExecutor.runWorker(ThreadPoolExecutor.java:1128)
	at java.base/java.util.concurrent.ThreadPoolExecutor$Worker.run(ThreadPoolExecutor.java:628)
	... 1 more
2023-01-06 13:37:57,476 [grpc-default-executor-6] WARN  server.GrpcServerProtocolService (LogUtils.java:warn(124)) - s1: Failed APPEND_ENTRIES request s0->s1#12-t2,previous=(t:2, i:53),leaderCommit=51,initializing? true,entries: size=1, first=(t:2, i:54), STATEMACHINELOGENTRY, 406@client-3655CF99F1FA
java.util.concurrent.CompletionException: org.apache.ratis.server.raftlog.RaftLogIOException: Log already failed at index 52 for task WriteLog:52: (t:2, i:52), STATEMACHINELOGENTRY, StateMachineLogEntryProto:401@client-A47E3FAEED08
	at java.base/java.util.concurrent.CompletableFuture.encodeThrowable(CompletableFuture.java:331)
	at java.base/java.util.concurrent.CompletableFuture.andTree(CompletableFuture.java:1452)
	at java.base/java.util.concurrent.CompletableFuture.allOf(CompletableFuture.java:2337)
	at org.apache.ratis.util.JavaUtils.allOf(JavaUtils.java:278)
	at org.apache.ratis.server.impl.RaftServerImpl.appendEntriesAsync(RaftServerImpl.java:1535)
	at org.apache.ratis.server.impl.RaftServerImpl.appendEntriesAsync(RaftServerImpl.java:1391)
	at org.apache.ratis.server.impl.RaftServerProxy.lambda$appendEntriesAsync$26(RaftServerProxy.java:634)
	at org.apache.ratis.util.JavaUtils.callAsUnchecked(JavaUtils.java:117)
	at org.apache.ratis.server.impl.RaftServerImpl.lambda$executeSubmitServerRequestAsync$11(RaftServerImpl.java:814)
	at java.base/java.util.concurrent.CompletableFuture$AsyncSupply.run(CompletableFuture.java:1700)
	at java.base/java.util.concurrent.ThreadPoolExecutor.runWorker(ThreadPoolExecutor.java:1128)
	at java.base/java.util.concurrent.ThreadPoolExecutor$Worker.run(ThreadPoolExecutor.java:628)
	at java.base/java.lang.Thread.run(Thread.java:829)
Caused by: org.apache.ratis.server.raftlog.RaftLogIOException: Log already failed at index 52 for task WriteLog:52: (t:2, i:52), STATEMACHINELOGENTRY, StateMachineLogEntryProto:401@client-A47E3FAEED08
	at org.apache.ratis.server.raftlog.segmented.SegmentedRaftLogWorker.run(SegmentedRaftLogWorker.java:320)
	... 1 more
Caused by: java.io.IOException: java.lang.IllegalStateException: Null stream: entry=term: 2
index: 52
stateMachineLogEntry {
  type: DATASTREAM
  clientId: "G./W)\216@Y\245\374\244~?\256\355\b"
  callId: 401
}

	at org.apache.ratis.util.IOUtils.asIOException(IOUtils.java:56)
	at org.apache.ratis.util.IOUtils.toIOException(IOUtils.java:61)
	at org.apache.ratis.util.IOUtils.getFromFuture(IOUtils.java:85)
	at org.apache.ratis.server.raftlog.segmented.SegmentedRaftLogWorker$StateMachineDataPolicy.getFromFuture(SegmentedRaftLogWorker.java:88)
	at org.apache.ratis.server.raftlog.segmented.SegmentedRaftLogWorker$WriteLog.execute(SegmentedRaftLogWorker.java:540)
	at org.apache.ratis.server.raftlog.segmented.SegmentedRaftLogWorker.run(SegmentedRaftLogWorker.java:308)
	... 1 more
Caused by: java.lang.IllegalStateException: Null stream: entry=term: 2
index: 52
stateMachineLogEntry {
  type: DATASTREAM
  clientId: "G./W)\216@Y\245\374\244~?\256\355\b"
  callId: 401
}

	at org.apache.ratis.datastream.DataStreamTestUtils$MultiDataStreamStateMachine.link(DataStreamTestUtils.java:159)
	at org.apache.ratis.server.raftlog.segmented.SegmentedRaftLogWorker$WriteLog.<init>(SegmentedRaftLogWorker.java:497)
	at org.apache.ratis.server.raftlog.segmented.SegmentedRaftLogWorker.writeLogEntry(SegmentedRaftLogWorker.java:443)
	at org.apache.ratis.server.raftlog.segmented.SegmentedRaftLog.appendEntryImpl(SegmentedRaftLog.java:409)
	at org.apache.ratis.server.raftlog.RaftLogBase.lambda$appendEntry$10(RaftLogBase.java:330)
	at org.apache.ratis.server.raftlog.RaftLogSequentialOps$Runner.runSequentially(RaftLogSequentialOps.java:78)
	at org.apache.ratis.server.raftlog.RaftLogBase.appendEntry(RaftLogBase.java:330)
	at org.apache.ratis.server.raftlog.segmented.SegmentedRaftLog.appendImpl(SegmentedRaftLog.java:456)
	at org.apache.ratis.server.raftlog.RaftLogBase.lambda$append$11(RaftLogBase.java:337)
	at org.apache.ratis.server.raftlog.RaftLogSequentialOps$Runner.runSequentially(RaftLogSequentialOps.java:69)
	at org.apache.ratis.server.raftlog.RaftLogBase.append(RaftLogBase.java:337)
	at org.apache.ratis.server.impl.RaftServerImpl.appendEntriesAsync(RaftServerImpl.java:1523)
	at org.apache.ratis.server.impl.RaftServerImpl.appendEntriesAsync(RaftServerImpl.java:1391)
	at org.apache.ratis.server.impl.RaftServerProxy.lambda$appendEntriesAsync$26(RaftServerProxy.java:634)
	at org.apache.ratis.util.JavaUtils.callAsUnchecked(JavaUtils.java:117)
	at org.apache.ratis.server.impl.RaftServerImpl.lambda$executeSubmitServerRequestAsync$11(RaftServerImpl.java:814)
	at java.base/java.util.concurrent.CompletableFuture$AsyncSupply.run(CompletableFuture.java:1700)
	at java.base/java.util.concurrent.ThreadPoolExecutor.runWorker(ThreadPoolExecutor.java:1128)
	at java.base/java.util.concurrent.ThreadPoolExecutor$Worker.run(ThreadPoolExecutor.java:628)
	... 1 more
2023-01-06 13:37:57,484 [s1-server-thread1] INFO  statemachine.StateMachine (DataStreamTestUtils.java:link(157)) - link SingleDataStream: writeRequest=RaftClientRequest:client-3655CF99F1FA->s2@group-BE38CA648A1A, cid=408, seq=0, DataStream, Message:<EMPTY>, logEntry=null
2023-01-06 13:37:57,484 [grpc-default-executor-6] WARN  server.GrpcServerProtocolService (LogUtils.java:warn(124)) - s1: Failed APPEND_ENTRIES request s0->s1#15-t2,previous=(t:2, i:52),leaderCommit=51,initializing? true,entries: size=3, first=(t:2, i:53), STATEMACHINELOGENTRY, 407@client-3655CF99F1FA
java.util.concurrent.CompletionException: org.apache.ratis.server.raftlog.RaftLogIOException: Log already failed at index 52 for task WriteLog:52: (t:2, i:52), STATEMACHINELOGENTRY, StateMachineLogEntryProto:401@client-A47E3FAEED08
	at java.base/java.util.concurrent.CompletableFuture.encodeThrowable(CompletableFuture.java:331)
	at java.base/java.util.concurrent.CompletableFuture.andTree(CompletableFuture.java:1452)
	at java.base/java.util.concurrent.CompletableFuture.allOf(CompletableFuture.java:2337)
	at org.apache.ratis.util.JavaUtils.allOf(JavaUtils.java:278)
	at org.apache.ratis.server.impl.RaftServerImpl.appendEntriesAsync(RaftServerImpl.java:1535)
	at org.apache.ratis.server.impl.RaftServerImpl.appendEntriesAsync(RaftServerImpl.java:1391)
	at org.apache.ratis.server.impl.RaftServerProxy.lambda$appendEntriesAsync$26(RaftServerProxy.java:634)
	at org.apache.ratis.util.JavaUtils.callAsUnchecked(JavaUtils.java:117)
	at org.apache.ratis.server.impl.RaftServerImpl.lambda$executeSubmitServerRequestAsync$11(RaftServerImpl.java:814)
	at java.base/java.util.concurrent.CompletableFuture$AsyncSupply.run(CompletableFuture.java:1700)
	at java.base/java.util.concurrent.ThreadPoolExecutor.runWorker(ThreadPoolExecutor.java:1128)
	at java.base/java.util.concurrent.ThreadPoolExecutor$Worker.run(ThreadPoolExecutor.java:628)
	at java.base/java.lang.Thread.run(Thread.java:829)
Caused by: org.apache.ratis.server.raftlog.RaftLogIOException: Log already failed at index 52 for task WriteLog:52: (t:2, i:52), STATEMACHINELOGENTRY, StateMachineLogEntryProto:401@client-A47E3FAEED08
	at org.apache.ratis.server.raftlog.segmented.SegmentedRaftLogWorker.run(SegmentedRaftLogWorker.java:320)
	... 1 more
Caused by: java.io.IOException: java.lang.IllegalStateException: Null stream: entry=term: 2
index: 52
stateMachineLogEntry {
  type: DATASTREAM
  clientId: "G./W)\216@Y\245\374\244~?\256\355\b"
  callId: 401
}

	at org.apache.ratis.util.IOUtils.asIOException(IOUtils.java:56)
	at org.apache.ratis.util.IOUtils.toIOException(IOUtils.java:61)
	at org.apache.ratis.util.IOUtils.getFromFuture(IOUtils.java:85)
	at org.apache.ratis.server.raftlog.segmented.SegmentedRaftLogWorker$StateMachineDataPolicy.getFromFuture(SegmentedRaftLogWorker.java:88)
	at org.apache.ratis.server.raftlog.segmented.SegmentedRaftLogWorker$WriteLog.execute(SegmentedRaftLogWorker.java:540)
	at org.apache.ratis.server.raftlog.segmented.SegmentedRaftLogWorker.run(SegmentedRaftLogWorker.java:308)
	... 1 more
Caused by: java.lang.IllegalStateException: Null stream: entry=term: 2
index: 52
stateMachineLogEntry {
  type: DATASTREAM
  clientId: "G./W)\216@Y\245\374\244~?\256\355\b"
  callId: 401
}

	at org.apache.ratis.datastream.DataStreamTestUtils$MultiDataStreamStateMachine.link(DataStreamTestUtils.java:159)
	at org.apache.ratis.server.raftlog.segmented.SegmentedRaftLogWorker$WriteLog.<init>(SegmentedRaftLogWorker.java:497)
	at org.apache.ratis.server.raftlog.segmented.SegmentedRaftLogWorker.writeLogEntry(SegmentedRaftLogWorker.java:443)
	at org.apache.ratis.server.raftlog.segmented.SegmentedRaftLog.appendEntryImpl(SegmentedRaftLog.java:409)
	at org.apache.ratis.server.raftlog.RaftLogBase.lambda$appendEntry$10(RaftLogBase.java:330)
	at org.apache.ratis.server.raftlog.RaftLogSequentialOps$Runner.runSequentially(RaftLogSequentialOps.java:78)
	at org.apache.ratis.server.raftlog.RaftLogBase.appendEntry(RaftLogBase.java:330)
	at org.apache.ratis.server.raftlog.segmented.SegmentedRaftLog.appendImpl(SegmentedRaftLog.java:456)
	at org.apache.ratis.server.raftlog.RaftLogBase.lambda$append$11(RaftLogBase.java:337)
	at org.apache.ratis.server.raftlog.RaftLogSequentialOps$Runner.runSequentially(RaftLogSequentialOps.java:69)
	at org.apache.ratis.server.raftlog.RaftLogBase.append(RaftLogBase.java:337)
	at org.apache.ratis.server.impl.RaftServerImpl.appendEntriesAsync(RaftServerImpl.java:1523)
	at org.apache.ratis.server.impl.RaftServerImpl.appendEntriesAsync(RaftServerImpl.java:1391)
	at org.apache.ratis.server.impl.RaftServerProxy.lambda$appendEntriesAsync$26(RaftServerProxy.java:634)
	at org.apache.ratis.util.JavaUtils.callAsUnchecked(JavaUtils.java:117)
	at org.apache.ratis.server.impl.RaftServerImpl.lambda$executeSubmitServerRequestAsync$11(RaftServerImpl.java:814)
	at java.base/java.util.concurrent.CompletableFuture$AsyncSupply.run(CompletableFuture.java:1700)
	at java.base/java.util.concurrent.ThreadPoolExecutor.runWorker(ThreadPoolExecutor.java:1128)
	at java.base/java.util.concurrent.ThreadPoolExecutor$Worker.run(ThreadPoolExecutor.java:628)
	... 1 more
2023-01-06 13:37:57,492 [grpc-default-executor-4] WARN  server.GrpcLogAppender (LogUtils.java:warn(124)) - s0@group-BE38CA648A1A->s1-AppendLogResponseHandler: Failed appendEntries
org.apache.ratis.server.raftlog.RaftLogIOException: Log already failed at index 52 for task WriteLog:52: (t:2, i:52), STATEMACHINELOGENTRY, StateMachineLogEntryProto:401@client-A47E3FAEED08
	at org.apache.ratis.server.raftlog.segmented.SegmentedRaftLogWorker.run(SegmentedRaftLogWorker.java:320)
	at java.base/java.lang.Thread.run(Thread.java:829)
Caused by: java.io.IOException: java.lang.IllegalStateException: Null stream: entry=term: 2
index: 52
stateMachineLogEntry {
  type: DATASTREAM
  clientId: "G./W)\216@Y\245\374\244~?\256\355\b"
  callId: 401
}

	at org.apache.ratis.util.IOUtils.asIOException(IOUtils.java:56)
	at org.apache.ratis.util.IOUtils.toIOException(IOUtils.java:61)
	at org.apache.ratis.util.IOUtils.getFromFuture(IOUtils.java:85)
	at org.apache.ratis.server.raftlog.segmented.SegmentedRaftLogWorker$StateMachineDataPolicy.getFromFuture(SegmentedRaftLogWorker.java:88)
	at org.apache.ratis.server.raftlog.segmented.SegmentedRaftLogWorker$WriteLog.execute(SegmentedRaftLogWorker.java:540)
	at org.apache.ratis.server.raftlog.segmented.SegmentedRaftLogWorker.run(SegmentedRaftLogWorker.java:308)
	... 1 more
Caused by: java.lang.IllegalStateException: Null stream: entry=term: 2
index: 52
stateMachineLogEntry {
  type: DATASTREAM
  clientId: "G./W)\216@Y\245\374\244~?\256\355\b"
  callId: 401
}

	at org.apache.ratis.datastream.DataStreamTestUtils$MultiDataStreamStateMachine.link(DataStreamTestUtils.java:159)
	at org.apache.ratis.server.raftlog.segmented.SegmentedRaftLogWorker$WriteLog.<init>(SegmentedRaftLogWorker.java:497)
	at org.apache.ratis.server.raftlog.segmented.SegmentedRaftLogWorker.writeLogEntry(SegmentedRaftLogWorker.java:443)
	at org.apache.ratis.server.raftlog.segmented.SegmentedRaftLog.appendEntryImpl(SegmentedRaftLog.java:409)
	at org.apache.ratis.server.raftlog.RaftLogBase.lambda$appendEntry$10(RaftLogBase.java:330)
	at org.apache.ratis.server.raftlog.RaftLogSequentialOps$Runner.runSequentially(RaftLogSequentialOps.java:78)
	at org.apache.ratis.server.raftlog.RaftLogBase.appendEntry(RaftLogBase.java:330)
	at org.apache.ratis.server.raftlog.segmented.SegmentedRaftLog.appendImpl(SegmentedRaftLog.java:456)
	at org.apache.ratis.server.raftlog.RaftLogBase.lambda$append$11(RaftLogBase.java:337)
	at org.apache.ratis.server.raftlog.RaftLogSequentialOps$Runner.runSequentially(RaftLogSequentialOps.java:69)
	at org.apache.ratis.server.raftlog.RaftLogBase.append(RaftLogBase.java:337)
	at org.apache.ratis.server.impl.RaftServerImpl.appendEntriesAsync(RaftServerImpl.java:1523)
	at org.apache.ratis.server.impl.RaftServerImpl.appendEntriesAsync(RaftServerImpl.java:1391)
	at org.apache.ratis.server.impl.RaftServerProxy.lambda$appendEntriesAsync$26(RaftServerProxy.java:634)
	at org.apache.ratis.util.JavaUtils.callAsUnchecked(JavaUtils.java:117)
	at org.apache.ratis.server.impl.RaftServerImpl.lambda$executeSubmitServerRequestAsync$11(RaftServerImpl.java:814)
	at java.base/java.util.concurrent.CompletableFuture$AsyncSupply.run(CompletableFuture.java:1700)
	at java.base/java.util.concurrent.ThreadPoolExecutor.runWorker(ThreadPoolExecutor.java:1128)
	at java.base/java.util.concurrent.ThreadPoolExecutor$Worker.run(ThreadPoolExecutor.java:628)
	... 1 more
2023-01-06 13:37:57,492 [grpc-default-executor-4] INFO  leader.FollowerInfo (FollowerInfoImpl.java:lambda$new$0(48)) - s0@group-BE38CA648A1A->s1: nextIndex: updateUnconditionally 56 -> 53
2023-01-06 13:38:03,209 [Timer-2] INFO  impl.MiniRaftCluster (MiniRaftCluster.java:lambda$start$6(349)) - TIMED-PRINT: printing ALL groups
  s0:  RUNNING    LEADER s0@group-BE38CA648A1A:t2, leader=s0, voted=s0, raftlog=Memoized:s0@group-BE38CA648A1A-SegmentedRaftLog:OPENED:c51, conf=50: peers:[s0|rpc:localhost:38633|admin:localhost:40929|client:localhost:41533|dataStream:localhost:40517|priority:0|startupRole:FOLLOWER, s1|rpc:localhost:34777|admin:localhost:37585|client:localhost:41985|dataStream:localhost:37955|priority:0|startupRole:FOLLOWER, s2|rpc:localhost:44299|admin:localhost:37199|client:localhost:33573|dataStream:localhost:37575|priority:0|startupRole:FOLLOWER]|listeners:[], old=null RUNNING
  s1:  RUNNING  FOLLOWER s1@group-BE38CA648A1A:t2, leader=s0, voted=s0, raftlog=Memoized:s1@group-BE38CA648A1A-SegmentedRaftLog:OPENED:c51, conf=50: peers:[s0|rpc:localhost:38633|admin:localhost:40929|client:localhost:41533|dataStream:localhost:40517|priority:0|startupRole:FOLLOWER, s1|rpc:localhost:34777|admin:localhost:37585|client:localhost:41985|dataStream:localhost:37955|priority:0|startupRole:FOLLOWER, s2|rpc:localhost:44299|admin:localhost:37199|client:localhost:33573|dataStream:localhost:37575|priority:0|startupRole:FOLLOWER]|listeners:[], old=null RUNNING
  s2:  RUNNING  FOLLOWER s2@group-BE38CA648A1A:t2, leader=s0, voted=s0, raftlog=Memoized:s2@group-BE38CA648A1A-SegmentedRaftLog:OPENED:c51, conf=50: peers:[s0|rpc:localhost:38633|admin:localhost:40929|client:localhost:41533|dataStream:localhost:40517|priority:0|startupRole:FOLLOWER, s1|rpc:localhost:34777|admin:localhost:37585|client:localhost:41985|dataStream:localhost:37955|priority:0|startupRole:FOLLOWER, s2|rpc:localhost:44299|admin:localhost:37199|client:localhost:33573|dataStream:localhost:37575|priority:0|startupRole:FOLLOWER]|listeners:[], old=null RUNNING
2023-01-06 13:38:03,273 [timer4] WARN  grpc.GrpcUtil (GrpcUtil.java:shutdownManagedChannel(223)) - Timed out gracefully shutting down connection: ManagedChannelOrphanWrapper{delegate=ManagedChannelImpl{logId=341, target=localhost:41533}}. 
2023-01-06 13:38:03,441 [timer6] WARN  grpc.GrpcUtil (GrpcUtil.java:shutdownManagedChannel(223)) - Timed out gracefully shutting down connection: ManagedChannelOrphanWrapper{delegate=ManagedChannelImpl{logId=355, target=localhost:41533}}. 
2023-01-06 13:38:09,398 [timer0] WARN  grpc.GrpcUtil (GrpcUtil.java:shutdownManagedChannel(223)) - Timed out gracefully shutting down connection: ManagedChannelOrphanWrapper{delegate=ManagedChannelImpl{logId=376, target=localhost:41533}}. 
2023-01-06 13:38:09,447 [timer6] WARN  grpc.GrpcUtil (GrpcUtil.java:shutdownManagedChannel(223)) - Timed out gracefully shutting down connection: ManagedChannelOrphanWrapper{delegate=ManagedChannelImpl{logId=383, target=localhost:41533}}. 
2023-01-06 13:38:13,209 [Timer-2] INFO  impl.MiniRaftCluster (MiniRaftCluster.java:lambda$start$6(349)) - TIMED-PRINT: printing ALL groups
  s0:  RUNNING    LEADER s0@group-BE38CA648A1A:t2, leader=s0, voted=s0, raftlog=Memoized:s0@group-BE38CA648A1A-SegmentedRaftLog:OPENED:c51, conf=50: peers:[s0|rpc:localhost:38633|admin:localhost:40929|client:localhost:41533|dataStream:localhost:40517|priority:0|startupRole:FOLLOWER, s1|rpc:localhost:34777|admin:localhost:37585|client:localhost:41985|dataStream:localhost:37955|priority:0|startupRole:FOLLOWER, s2|rpc:localhost:44299|admin:localhost:37199|client:localhost:33573|dataStream:localhost:37575|priority:0|startupRole:FOLLOWER]|listeners:[], old=null RUNNING
  s1:  RUNNING  FOLLOWER s1@group-BE38CA648A1A:t2, leader=s0, voted=s0, raftlog=Memoized:s1@group-BE38CA648A1A-SegmentedRaftLog:OPENED:c51, conf=50: peers:[s0|rpc:localhost:38633|admin:localhost:40929|client:localhost:41533|dataStream:localhost:40517|priority:0|startupRole:FOLLOWER, s1|rpc:localhost:34777|admin:localhost:37585|client:localhost:41985|dataStream:localhost:37955|priority:0|startupRole:FOLLOWER, s2|rpc:localhost:44299|admin:localhost:37199|client:localhost:33573|dataStream:localhost:37575|priority:0|startupRole:FOLLOWER]|listeners:[], old=null RUNNING
  s2:  RUNNING  FOLLOWER s2@group-BE38CA648A1A:t2, leader=s0, voted=s0, raftlog=Memoized:s2@group-BE38CA648A1A-SegmentedRaftLog:OPENED:c51, conf=50: peers:[s0|rpc:localhost:38633|admin:localhost:40929|client:localhost:41533|dataStream:localhost:40517|priority:0|startupRole:FOLLOWER, s1|rpc:localhost:34777|admin:localhost:37585|client:localhost:41985|dataStream:localhost:37955|priority:0|startupRole:FOLLOWER, s2|rpc:localhost:44299|admin:localhost:37199|client:localhost:33573|dataStream:localhost:37575|priority:0|startupRole:FOLLOWER]|listeners:[], old=null RUNNING
2023-01-06 13:38:15,528 [timer5] WARN  grpc.GrpcUtil (GrpcUtil.java:shutdownManagedChannel(223)) - Timed out gracefully shutting down connection: ManagedChannelOrphanWrapper{delegate=ManagedChannelImpl{logId=397, target=localhost:41533}}. 
2023-01-06 13:38:15,560 [timer3] WARN  grpc.GrpcUtil (GrpcUtil.java:shutdownManagedChannel(223)) - Timed out gracefully shutting down connection: ManagedChannelOrphanWrapper{delegate=ManagedChannelImpl{logId=411, target=localhost:41533}}. 
2023-01-06 13:38:21,658 [timer6] WARN  grpc.GrpcUtil (GrpcUtil.java:shutdownManagedChannel(223)) - Timed out gracefully shutting down connection: ManagedChannelOrphanWrapper{delegate=ManagedChannelImpl{logId=425, target=localhost:41533}}. 
2023-01-06 13:38:21,676 [timer7] WARN  grpc.GrpcUtil (GrpcUtil.java:shutdownManagedChannel(223)) - Timed out gracefully shutting down connection: ManagedChannelOrphanWrapper{delegate=ManagedChannelImpl{logId=439, target=localhost:41533}}. 
2023-01-06 13:38:23,210 [Timer-2] INFO  impl.MiniRaftCluster (MiniRaftCluster.java:lambda$start$6(349)) - TIMED-PRINT: printing ALL groups
  s0:  RUNNING    LEADER s0@group-BE38CA648A1A:t2, leader=s0, voted=s0, raftlog=Memoized:s0@group-BE38CA648A1A-SegmentedRaftLog:OPENED:c51, conf=50: peers:[s0|rpc:localhost:38633|admin:localhost:40929|client:localhost:41533|dataStream:localhost:40517|priority:0|startupRole:FOLLOWER, s1|rpc:localhost:34777|admin:localhost:37585|client:localhost:41985|dataStream:localhost:37955|priority:0|startupRole:FOLLOWER, s2|rpc:localhost:44299|admin:localhost:37199|client:localhost:33573|dataStream:localhost:37575|priority:0|startupRole:FOLLOWER]|listeners:[], old=null RUNNING
  s1:  RUNNING  FOLLOWER s1@group-BE38CA648A1A:t2, leader=s0, voted=s0, raftlog=Memoized:s1@group-BE38CA648A1A-SegmentedRaftLog:OPENED:c51, conf=50: peers:[s0|rpc:localhost:38633|admin:localhost:40929|client:localhost:41533|dataStream:localhost:40517|priority:0|startupRole:FOLLOWER, s1|rpc:localhost:34777|admin:localhost:37585|client:localhost:41985|dataStream:localhost:37955|priority:0|startupRole:FOLLOWER, s2|rpc:localhost:44299|admin:localhost:37199|client:localhost:33573|dataStream:localhost:37575|priority:0|startupRole:FOLLOWER]|listeners:[], old=null RUNNING
  s2:  RUNNING  FOLLOWER s2@group-BE38CA648A1A:t2, leader=s0, voted=s0, raftlog=Memoized:s2@group-BE38CA648A1A-SegmentedRaftLog:OPENED:c51, conf=50: peers:[s0|rpc:localhost:38633|admin:localhost:40929|client:localhost:41533|dataStream:localhost:40517|priority:0|startupRole:FOLLOWER, s1|rpc:localhost:34777|admin:localhost:37585|client:localhost:41985|dataStream:localhost:37955|priority:0|startupRole:FOLLOWER, s2|rpc:localhost:44299|admin:localhost:37199|client:localhost:33573|dataStream:localhost:37575|priority:0|startupRole:FOLLOWER]|listeners:[], old=null RUNNING
2023-01-06 13:38:27,775 [timer1] WARN  grpc.GrpcUtil (GrpcUtil.java:shutdownManagedChannel(223)) - Timed out gracefully shutting down connection: ManagedChannelOrphanWrapper{delegate=ManagedChannelImpl{logId=453, target=localhost:41533}}. 
2023-01-06 13:38:30,778 [timer1] WARN  grpc.GrpcUtil (GrpcUtil.java:shutdownManagedChannel(223)) - Timed out gracefully shutting down connection: ManagedChannelOrphanWrapper{delegate=ManagedChannelImpl{logId=467, target=localhost:41533}}. 
2023-01-06 13:38:33,209 [Timer-2] INFO  impl.MiniRaftCluster (MiniRaftCluster.java:lambda$start$6(349)) - TIMED-PRINT: printing ALL groups
  s0:  RUNNING    LEADER s0@group-BE38CA648A1A:t2, leader=s0, voted=s0, raftlog=Memoized:s0@group-BE38CA648A1A-SegmentedRaftLog:OPENED:c51, conf=50: peers:[s0|rpc:localhost:38633|admin:localhost:40929|client:localhost:41533|dataStream:localhost:40517|priority:0|startupRole:FOLLOWER, s1|rpc:localhost:34777|admin:localhost:37585|client:localhost:41985|dataStream:localhost:37955|priority:0|startupRole:FOLLOWER, s2|rpc:localhost:44299|admin:localhost:37199|client:localhost:33573|dataStream:localhost:37575|priority:0|startupRole:FOLLOWER]|listeners:[], old=null RUNNING
  s1:  RUNNING  FOLLOWER s1@group-BE38CA648A1A:t2, leader=s0, voted=s0, raftlog=Memoized:s1@group-BE38CA648A1A-SegmentedRaftLog:OPENED:c51, conf=50: peers:[s0|rpc:localhost:38633|admin:localhost:40929|client:localhost:41533|dataStream:localhost:40517|priority:0|startupRole:FOLLOWER, s1|rpc:localhost:34777|admin:localhost:37585|client:localhost:41985|dataStream:localhost:37955|priority:0|startupRole:FOLLOWER, s2|rpc:localhost:44299|admin:localhost:37199|client:localhost:33573|dataStream:localhost:37575|priority:0|startupRole:FOLLOWER]|listeners:[], old=null RUNNING
  s2:  RUNNING  FOLLOWER s2@group-BE38CA648A1A:t2, leader=s0, voted=s0, raftlog=Memoized:s2@group-BE38CA648A1A-SegmentedRaftLog:OPENED:c51, conf=50: peers:[s0|rpc:localhost:38633|admin:localhost:40929|client:localhost:41533|dataStream:localhost:40517|priority:0|startupRole:FOLLOWER, s1|rpc:localhost:34777|admin:localhost:37585|client:localhost:41985|dataStream:localhost:37955|priority:0|startupRole:FOLLOWER, s2|rpc:localhost:44299|admin:localhost:37199|client:localhost:33573|dataStream:localhost:37575|priority:0|startupRole:FOLLOWER]|listeners:[], old=null RUNNING
2023-01-06 13:38:33,892 [timer6] WARN  grpc.GrpcUtil (GrpcUtil.java:shutdownManagedChannel(223)) - Timed out gracefully shutting down connection: ManagedChannelOrphanWrapper{delegate=ManagedChannelImpl{logId=481, target=localhost:41533}}. 
2023-01-06 13:38:36,897 [timer6] WARN  grpc.GrpcUtil (GrpcUtil.java:shutdownManagedChannel(223)) - Timed out gracefully shutting down connection: ManagedChannelOrphanWrapper{delegate=ManagedChannelImpl{logId=495, target=localhost:41533}}. 
2023-01-06 13:38:42,914 [timer2] WARN  grpc.GrpcUtil (GrpcUtil.java:shutdownManagedChannel(223)) - Timed out gracefully shutting down connection: ManagedChannelOrphanWrapper{delegate=ManagedChannelImpl{logId=509, target=localhost:41533}}. 
2023-01-06 13:38:43,012 [timer0] WARN  grpc.GrpcUtil (GrpcUtil.java:shutdownManagedChannel(223)) - Timed out gracefully shutting down connection: ManagedChannelOrphanWrapper{delegate=ManagedChannelImpl{logId=523, target=localhost:41533}}. 
2023-01-06 13:38:43,209 [Timer-2] INFO  impl.MiniRaftCluster (MiniRaftCluster.java:lambda$start$6(349)) - TIMED-PRINT: printing ALL groups
  s0:  RUNNING    LEADER s0@group-BE38CA648A1A:t2, leader=s0, voted=s0, raftlog=Memoized:s0@group-BE38CA648A1A-SegmentedRaftLog:OPENED:c51, conf=50: peers:[s0|rpc:localhost:38633|admin:localhost:40929|client:localhost:41533|dataStream:localhost:40517|priority:0|startupRole:FOLLOWER, s1|rpc:localhost:34777|admin:localhost:37585|client:localhost:41985|dataStream:localhost:37955|priority:0|startupRole:FOLLOWER, s2|rpc:localhost:44299|admin:localhost:37199|client:localhost:33573|dataStream:localhost:37575|priority:0|startupRole:FOLLOWER]|listeners:[], old=null RUNNING
  s1:  RUNNING  FOLLOWER s1@group-BE38CA648A1A:t2, leader=s0, voted=s0, raftlog=Memoized:s1@group-BE38CA648A1A-SegmentedRaftLog:OPENED:c51, conf=50: peers:[s0|rpc:localhost:38633|admin:localhost:40929|client:localhost:41533|dataStream:localhost:40517|priority:0|startupRole:FOLLOWER, s1|rpc:localhost:34777|admin:localhost:37585|client:localhost:41985|dataStream:localhost:37955|priority:0|startupRole:FOLLOWER, s2|rpc:localhost:44299|admin:localhost:37199|client:localhost:33573|dataStream:localhost:37575|priority:0|startupRole:FOLLOWER]|listeners:[], old=null RUNNING
  s2:  RUNNING  FOLLOWER s2@group-BE38CA648A1A:t2, leader=s0, voted=s0, raftlog=Memoized:s2@group-BE38CA648A1A-SegmentedRaftLog:OPENED:c51, conf=50: peers:[s0|rpc:localhost:38633|admin:localhost:40929|client:localhost:41533|dataStream:localhost:40517|priority:0|startupRole:FOLLOWER, s1|rpc:localhost:34777|admin:localhost:37585|client:localhost:41985|dataStream:localhost:37955|priority:0|startupRole:FOLLOWER, s2|rpc:localhost:44299|admin:localhost:37199|client:localhost:33573|dataStream:localhost:37575|priority:0|startupRole:FOLLOWER]|listeners:[], old=null RUNNING
2023-01-06 13:38:49,032 [timer1] WARN  grpc.GrpcUtil (GrpcUtil.java:shutdownManagedChannel(223)) - Timed out gracefully shutting down connection: ManagedChannelOrphanWrapper{delegate=ManagedChannelImpl{logId=537, target=localhost:41533}}. 
2023-01-06 13:38:49,125 [timer0] WARN  grpc.GrpcUtil (GrpcUtil.java:shutdownManagedChannel(223)) - Timed out gracefully shutting down connection: ManagedChannelOrphanWrapper{delegate=ManagedChannelImpl{logId=551, target=localhost:41533}}. 
2023-01-06 13:38:53,209 [Timer-2] INFO  impl.MiniRaftCluster (MiniRaftCluster.java:lambda$start$6(349)) - TIMED-PRINT: printing ALL groups
  s0:  RUNNING    LEADER s0@group-BE38CA648A1A:t2, leader=s0, voted=s0, raftlog=Memoized:s0@group-BE38CA648A1A-SegmentedRaftLog:OPENED:c51, conf=50: peers:[s0|rpc:localhost:38633|admin:localhost:40929|client:localhost:41533|dataStream:localhost:40517|priority:0|startupRole:FOLLOWER, s1|rpc:localhost:34777|admin:localhost:37585|client:localhost:41985|dataStream:localhost:37955|priority:0|startupRole:FOLLOWER, s2|rpc:localhost:44299|admin:localhost:37199|client:localhost:33573|dataStream:localhost:37575|priority:0|startupRole:FOLLOWER]|listeners:[], old=null RUNNING
  s1:  RUNNING  FOLLOWER s1@group-BE38CA648A1A:t2, leader=s0, voted=s0, raftlog=Memoized:s1@group-BE38CA648A1A-SegmentedRaftLog:OPENED:c51, conf=50: peers:[s0|rpc:localhost:38633|admin:localhost:40929|client:localhost:41533|dataStream:localhost:40517|priority:0|startupRole:FOLLOWER, s1|rpc:localhost:34777|admin:localhost:37585|client:localhost:41985|dataStream:localhost:37955|priority:0|startupRole:FOLLOWER, s2|rpc:localhost:44299|admin:localhost:37199|client:localhost:33573|dataStream:localhost:37575|priority:0|startupRole:FOLLOWER]|listeners:[], old=null RUNNING
  s2:  RUNNING  FOLLOWER s2@group-BE38CA648A1A:t2, leader=s0, voted=s0, raftlog=Memoized:s2@group-BE38CA648A1A-SegmentedRaftLog:OPENED:c51, conf=50: peers:[s0|rpc:localhost:38633|admin:localhost:40929|client:localhost:41533|dataStream:localhost:40517|priority:0|startupRole:FOLLOWER, s1|rpc:localhost:34777|admin:localhost:37585|client:localhost:41985|dataStream:localhost:37955|priority:0|startupRole:FOLLOWER, s2|rpc:localhost:44299|admin:localhost:37199|client:localhost:33573|dataStream:localhost:37575|priority:0|startupRole:FOLLOWER]|listeners:[], old=null RUNNING
2023-01-06 13:38:55,146 [timer2] WARN  grpc.GrpcUtil (GrpcUtil.java:shutdownManagedChannel(223)) - Timed out gracefully shutting down connection: ManagedChannelOrphanWrapper{delegate=ManagedChannelImpl{logId=565, target=localhost:41533}}. 
2023-01-06 13:38:55,241 [timer0] WARN  grpc.GrpcUtil (GrpcUtil.java:shutdownManagedChannel(223)) - Timed out gracefully shutting down connection: ManagedChannelOrphanWrapper{delegate=ManagedChannelImpl{logId=579, target=localhost:41533}}. 
2023-01-06 13:39:01,264 [timer1] WARN  grpc.GrpcUtil (GrpcUtil.java:shutdownManagedChannel(223)) - Timed out gracefully shutting down connection: ManagedChannelOrphanWrapper{delegate=ManagedChannelImpl{logId=593, target=localhost:41533}}. 
2023-01-06 13:39:01,353 [timer0] WARN  grpc.GrpcUtil (GrpcUtil.java:shutdownManagedChannel(223)) - Timed out gracefully shutting down connection: ManagedChannelOrphanWrapper{delegate=ManagedChannelImpl{logId=607, target=localhost:41533}}. 
2023-01-06 13:39:01,384 [s0-client-thread2] INFO  statemachine.StateMachine (DataStreamTestUtils.java:link(157)) - link null
2023-01-06 13:39:01,386 [s1-server-thread2] INFO  statemachine.StateMachine (DataStreamTestUtils.java:link(157)) - link null
2023-01-06 13:39:01,386 [s2-server-thread2] INFO  statemachine.StateMachine (DataStreamTestUtils.java:link(157)) - link null
2023-01-06 13:39:01,387 [s2-server-thread2] WARN  server.GrpcServerProtocolService (LogUtils.java:warn(124)) - s2: Failed APPEND_ENTRIES request s0->s2#847-t2,previous=(t:2, i:55),leaderCommit=51,initializing? true,entries: size=1, first=(t:2, i:56), STATEMACHINELOGENTRY, 401@client-A47E3FAEED08
java.util.concurrent.CompletionException: org.apache.ratis.server.raftlog.RaftLogIOException: Log already failed at index 52 for task WriteLog:52: (t:2, i:52), STATEMACHINELOGENTRY, StateMachineLogEntryProto:401@client-A47E3FAEED08
	at java.base/java.util.concurrent.CompletableFuture.encodeThrowable(CompletableFuture.java:331)
	at java.base/java.util.concurrent.CompletableFuture.completeThrowable(CompletableFuture.java:346)
	at java.base/java.util.concurrent.CompletableFuture$BiRelay.tryFire(CompletableFuture.java:1423)
	at java.base/java.util.concurrent.CompletableFuture$CoCompletion.tryFire(CompletableFuture.java:1144)
	at java.base/java.util.concurrent.CompletableFuture.postComplete(CompletableFuture.java:506)
	at java.base/java.util.concurrent.CompletableFuture.completeExceptionally(CompletableFuture.java:2088)
	at org.apache.ratis.server.raftlog.segmented.SegmentedRaftLog$Task.failed(SegmentedRaftLog.java:105)
	at org.apache.ratis.server.raftlog.segmented.SegmentedRaftLogWorker$WriteLog.failed(SegmentedRaftLogWorker.java:519)
	at org.apache.ratis.server.raftlog.segmented.SegmentedRaftLogWorker.run(SegmentedRaftLogWorker.java:317)
	at java.base/java.lang.Thread.run(Thread.java:829)
Caused by: org.apache.ratis.server.raftlog.RaftLogIOException: Log already failed at index 52 for task WriteLog:52: (t:2, i:52), STATEMACHINELOGENTRY, StateMachineLogEntryProto:401@client-A47E3FAEED08
	at org.apache.ratis.server.raftlog.segmented.SegmentedRaftLogWorker.run(SegmentedRaftLogWorker.java:320)
	... 1 more
Caused by: java.io.IOException: java.lang.IllegalStateException: Null stream: entry=term: 2
index: 52
stateMachineLogEntry {
  type: DATASTREAM
  clientId: "G./W)\216@Y\245\374\244~?\256\355\b"
  callId: 401
}

	at org.apache.ratis.util.IOUtils.asIOException(IOUtils.java:56)
	at org.apache.ratis.util.IOUtils.toIOException(IOUtils.java:61)
	at org.apache.ratis.util.IOUtils.getFromFuture(IOUtils.java:85)
	at org.apache.ratis.server.raftlog.segmented.SegmentedRaftLogWorker$StateMachineDataPolicy.getFromFuture(SegmentedRaftLogWorker.java:88)
	at org.apache.ratis.server.raftlog.segmented.SegmentedRaftLogWorker$WriteLog.execute(SegmentedRaftLogWorker.java:540)
	at org.apache.ratis.server.raftlog.segmented.SegmentedRaftLogWorker.run(SegmentedRaftLogWorker.java:308)
	... 1 more
Caused by: java.lang.IllegalStateException: Null stream: entry=term: 2
index: 52
stateMachineLogEntry {
  type: DATASTREAM
  clientId: "G./W)\216@Y\245\374\244~?\256\355\b"
  callId: 401
}

	at org.apache.ratis.datastream.DataStreamTestUtils$MultiDataStreamStateMachine.link(DataStreamTestUtils.java:159)
	at org.apache.ratis.server.raftlog.segmented.SegmentedRaftLogWorker$WriteLog.<init>(SegmentedRaftLogWorker.java:497)
	at org.apache.ratis.server.raftlog.segmented.SegmentedRaftLogWorker.writeLogEntry(SegmentedRaftLogWorker.java:443)
	at org.apache.ratis.server.raftlog.segmented.SegmentedRaftLog.appendEntryImpl(SegmentedRaftLog.java:409)
	at org.apache.ratis.server.raftlog.RaftLogBase.lambda$appendEntry$10(RaftLogBase.java:330)
	at org.apache.ratis.server.raftlog.RaftLogSequentialOps$Runner.runSequentially(RaftLogSequentialOps.java:78)
	at org.apache.ratis.server.raftlog.RaftLogBase.appendEntry(RaftLogBase.java:330)
	at org.apache.ratis.server.raftlog.segmented.SegmentedRaftLog.appendImpl(SegmentedRaftLog.java:456)
	at org.apache.ratis.server.raftlog.RaftLogBase.lambda$append$11(RaftLogBase.java:337)
	at org.apache.ratis.server.raftlog.RaftLogSequentialOps$Runner.runSequentially(RaftLogSequentialOps.java:69)
	at org.apache.ratis.server.raftlog.RaftLogBase.append(RaftLogBase.java:337)
	at org.apache.ratis.server.impl.RaftServerImpl.appendEntriesAsync(RaftServerImpl.java:1523)
	at org.apache.ratis.server.impl.RaftServerImpl.appendEntriesAsync(RaftServerImpl.java:1391)
	at org.apache.ratis.server.impl.RaftServerProxy.lambda$appendEntriesAsync$26(RaftServerProxy.java:634)
	at org.apache.ratis.util.JavaUtils.callAsUnchecked(JavaUtils.java:117)
	at org.apache.ratis.server.impl.RaftServerImpl.lambda$executeSubmitServerRequestAsync$11(RaftServerImpl.java:814)
	at java.base/java.util.concurrent.CompletableFuture$AsyncSupply.run(CompletableFuture.java:1700)
	at java.base/java.util.concurrent.ThreadPoolExecutor.runWorker(ThreadPoolExecutor.java:1128)
	at java.base/java.util.concurrent.ThreadPoolExecutor$Worker.run(ThreadPoolExecutor.java:628)
	... 1 more
2023-01-06 13:39:01,389 [grpc-default-executor-6] WARN  server.GrpcServerProtocolService (LogUtils.java:warn(124)) - s1: Failed APPEND_ENTRIES request s0->s1#851-t2,previous=(t:2, i:55),leaderCommit=51,initializing? true,entries: size=1, first=(t:2, i:56), STATEMACHINELOGENTRY, 401@client-A47E3FAEED08
java.util.concurrent.CompletionException: org.apache.ratis.server.raftlog.RaftLogIOException: Log already failed at index 52 for task WriteLog:52: (t:2, i:52), STATEMACHINELOGENTRY, StateMachineLogEntryProto:401@client-A47E3FAEED08
	at java.base/java.util.concurrent.CompletableFuture.encodeThrowable(CompletableFuture.java:331)
	at java.base/java.util.concurrent.CompletableFuture.completeThrowable(CompletableFuture.java:346)
	at java.base/java.util.concurrent.CompletableFuture$BiRelay.tryFire(CompletableFuture.java:1423)
	at java.base/java.util.concurrent.CompletableFuture$CoCompletion.tryFire(CompletableFuture.java:1144)
	at java.base/java.util.concurrent.CompletableFuture.postComplete(CompletableFuture.java:506)
	at java.base/java.util.concurrent.CompletableFuture.completeExceptionally(CompletableFuture.java:2088)
	at org.apache.ratis.server.raftlog.segmented.SegmentedRaftLog$Task.failed(SegmentedRaftLog.java:105)
	at org.apache.ratis.server.raftlog.segmented.SegmentedRaftLogWorker$WriteLog.failed(SegmentedRaftLogWorker.java:519)
	at org.apache.ratis.server.raftlog.segmented.SegmentedRaftLogWorker.run(SegmentedRaftLogWorker.java:317)
	at java.base/java.lang.Thread.run(Thread.java:829)
Caused by: org.apache.ratis.server.raftlog.RaftLogIOException: Log already failed at index 52 for task WriteLog:52: (t:2, i:52), STATEMACHINELOGENTRY, StateMachineLogEntryProto:401@client-A47E3FAEED08
	at org.apache.ratis.server.raftlog.segmented.SegmentedRaftLogWorker.run(SegmentedRaftLogWorker.java:320)
	... 1 more
Caused by: java.io.IOException: java.lang.IllegalStateException: Null stream: entry=term: 2
index: 52
stateMachineLogEntry {
  type: DATASTREAM
  clientId: "G./W)\216@Y\245\374\244~?\256\355\b"
  callId: 401
}

	at org.apache.ratis.util.IOUtils.asIOException(IOUtils.java:56)
	at org.apache.ratis.util.IOUtils.toIOException(IOUtils.java:61)
	at org.apache.ratis.util.IOUtils.getFromFuture(IOUtils.java:85)
	at org.apache.ratis.server.raftlog.segmented.SegmentedRaftLogWorker$StateMachineDataPolicy.getFromFuture(SegmentedRaftLogWorker.java:88)
	at org.apache.ratis.server.raftlog.segmented.SegmentedRaftLogWorker$WriteLog.execute(SegmentedRaftLogWorker.java:540)
	at org.apache.ratis.server.raftlog.segmented.SegmentedRaftLogWorker.run(SegmentedRaftLogWorker.java:308)
	... 1 more
Caused by: java.lang.IllegalStateException: Null stream: entry=term: 2
index: 52
stateMachineLogEntry {
  type: DATASTREAM
  clientId: "G./W)\216@Y\245\374\244~?\256\355\b"
  callId: 401
}

	at org.apache.ratis.datastream.DataStreamTestUtils$MultiDataStreamStateMachine.link(DataStreamTestUtils.java:159)
	at org.apache.ratis.server.raftlog.segmented.SegmentedRaftLogWorker$WriteLog.<init>(SegmentedRaftLogWorker.java:497)
	at org.apache.ratis.server.raftlog.segmented.SegmentedRaftLogWorker.writeLogEntry(SegmentedRaftLogWorker.java:443)
	at org.apache.ratis.server.raftlog.segmented.SegmentedRaftLog.appendEntryImpl(SegmentedRaftLog.java:409)
	at org.apache.ratis.server.raftlog.RaftLogBase.lambda$appendEntry$10(RaftLogBase.java:330)
	at org.apache.ratis.server.raftlog.RaftLogSequentialOps$Runner.runSequentially(RaftLogSequentialOps.java:78)
	at org.apache.ratis.server.raftlog.RaftLogBase.appendEntry(RaftLogBase.java:330)
	at org.apache.ratis.server.raftlog.segmented.SegmentedRaftLog.appendImpl(SegmentedRaftLog.java:456)
	at org.apache.ratis.server.raftlog.RaftLogBase.lambda$append$11(RaftLogBase.java:337)
	at org.apache.ratis.server.raftlog.RaftLogSequentialOps$Runner.runSequentially(RaftLogSequentialOps.java:69)
	at org.apache.ratis.server.raftlog.RaftLogBase.append(RaftLogBase.java:337)
	at org.apache.ratis.server.impl.RaftServerImpl.appendEntriesAsync(RaftServerImpl.java:1523)
	at org.apache.ratis.server.impl.RaftServerImpl.appendEntriesAsync(RaftServerImpl.java:1391)
	at org.apache.ratis.server.impl.RaftServerProxy.lambda$appendEntriesAsync$26(RaftServerProxy.java:634)
	at org.apache.ratis.util.JavaUtils.callAsUnchecked(JavaUtils.java:117)
	at org.apache.ratis.server.impl.RaftServerImpl.lambda$executeSubmitServerRequestAsync$11(RaftServerImpl.java:814)
	at java.base/java.util.concurrent.CompletableFuture$AsyncSupply.run(CompletableFuture.java:1700)
	at java.base/java.util.concurrent.ThreadPoolExecutor.runWorker(ThreadPoolExecutor.java:1128)
	at java.base/java.util.concurrent.ThreadPoolExecutor$Worker.run(ThreadPoolExecutor.java:628)
	... 1 more
2023-01-06 13:39:01,402 [grpc-default-executor-5] WARN  server.GrpcLogAppender (LogUtils.java:warn(124)) - s0@group-BE38CA648A1A->s1-AppendLogResponseHandler: Failed appendEntries
org.apache.ratis.server.raftlog.RaftLogIOException: Log already failed at index 52 for task WriteLog:52: (t:2, i:52), STATEMACHINELOGENTRY, StateMachineLogEntryProto:401@client-A47E3FAEED08
	at org.apache.ratis.server.raftlog.segmented.SegmentedRaftLogWorker.run(SegmentedRaftLogWorker.java:320)
	at java.base/java.lang.Thread.run(Thread.java:829)
Caused by: java.io.IOException: java.lang.IllegalStateException: Null stream: entry=term: 2
index: 52
stateMachineLogEntry {
  type: DATASTREAM
  clientId: "G./W)\216@Y\245\374\244~?\256\355\b"
  callId: 401
}

	at org.apache.ratis.util.IOUtils.asIOException(IOUtils.java:56)
	at org.apache.ratis.util.IOUtils.toIOException(IOUtils.java:61)
	at org.apache.ratis.util.IOUtils.getFromFuture(IOUtils.java:85)
	at org.apache.ratis.server.raftlog.segmented.SegmentedRaftLogWorker$StateMachineDataPolicy.getFromFuture(SegmentedRaftLogWorker.java:88)
	at org.apache.ratis.server.raftlog.segmented.SegmentedRaftLogWorker$WriteLog.execute(SegmentedRaftLogWorker.java:540)
	at org.apache.ratis.server.raftlog.segmented.SegmentedRaftLogWorker.run(SegmentedRaftLogWorker.java:308)
	... 1 more
Caused by: java.lang.IllegalStateException: Null stream: entry=term: 2
index: 52
stateMachineLogEntry {
  type: DATASTREAM
  clientId: "G./W)\216@Y\245\374\244~?\256\355\b"
  callId: 401
}

	at org.apache.ratis.datastream.DataStreamTestUtils$MultiDataStreamStateMachine.link(DataStreamTestUtils.java:159)
	at org.apache.ratis.server.raftlog.segmented.SegmentedRaftLogWorker$WriteLog.<init>(SegmentedRaftLogWorker.java:497)
	at org.apache.ratis.server.raftlog.segmented.SegmentedRaftLogWorker.writeLogEntry(SegmentedRaftLogWorker.java:443)
	at org.apache.ratis.server.raftlog.segmented.SegmentedRaftLog.appendEntryImpl(SegmentedRaftLog.java:409)
	at org.apache.ratis.server.raftlog.RaftLogBase.lambda$appendEntry$10(RaftLogBase.java:330)
	at org.apache.ratis.server.raftlog.RaftLogSequentialOps$Runner.runSequentially(RaftLogSequentialOps.java:78)
	at org.apache.ratis.server.raftlog.RaftLogBase.appendEntry(RaftLogBase.java:330)
	at org.apache.ratis.server.raftlog.segmented.SegmentedRaftLog.appendImpl(SegmentedRaftLog.java:456)
	at org.apache.ratis.server.raftlog.RaftLogBase.lambda$append$11(RaftLogBase.java:337)
	at org.apache.ratis.server.raftlog.RaftLogSequentialOps$Runner.runSequentially(RaftLogSequentialOps.java:69)
	at org.apache.ratis.server.raftlog.RaftLogBase.append(RaftLogBase.java:337)
	at org.apache.ratis.server.impl.RaftServerImpl.appendEntriesAsync(RaftServerImpl.java:1523)
	at org.apache.ratis.server.impl.RaftServerImpl.appendEntriesAsync(RaftServerImpl.java:1391)
	at org.apache.ratis.server.impl.RaftServerProxy.lambda$appendEntriesAsync$26(RaftServerProxy.java:634)
	at org.apache.ratis.util.JavaUtils.callAsUnchecked(JavaUtils.java:117)
	at org.apache.ratis.server.impl.RaftServerImpl.lambda$executeSubmitServerRequestAsync$11(RaftServerImpl.java:814)
	at java.base/java.util.concurrent.CompletableFuture$AsyncSupply.run(CompletableFuture.java:1700)
	at java.base/java.util.concurrent.ThreadPoolExecutor.runWorker(ThreadPoolExecutor.java:1128)
	at java.base/java.util.concurrent.ThreadPoolExecutor$Worker.run(ThreadPoolExecutor.java:628)
	... 1 more
2023-01-06 13:39:01,402 [grpc-default-executor-5] INFO  leader.FollowerInfo (FollowerInfoImpl.java:lambda$new$0(48)) - s0@group-BE38CA648A1A->s1: nextIndex: updateUnconditionally 57 -> 56
2023-01-06 13:39:01,402 [grpc-default-executor-6] WARN  server.GrpcLogAppender (LogUtils.java:warn(124)) - s0@group-BE38CA648A1A->s2-AppendLogResponseHandler: Failed appendEntries
org.apache.ratis.server.raftlog.RaftLogIOException: Log already failed at index 52 for task WriteLog:52: (t:2, i:52), STATEMACHINELOGENTRY, StateMachineLogEntryProto:401@client-A47E3FAEED08
	at org.apache.ratis.server.raftlog.segmented.SegmentedRaftLogWorker.run(SegmentedRaftLogWorker.java:320)
	at java.base/java.lang.Thread.run(Thread.java:829)
Caused by: java.io.IOException: java.lang.IllegalStateException: Null stream: entry=term: 2
index: 52
stateMachineLogEntry {
  type: DATASTREAM
  clientId: "G./W)\216@Y\245\374\244~?\256\355\b"
  callId: 401
}

	at org.apache.ratis.util.IOUtils.asIOException(IOUtils.java:56)
	at org.apache.ratis.util.IOUtils.toIOException(IOUtils.java:61)
	at org.apache.ratis.util.IOUtils.getFromFuture(IOUtils.java:85)
	at org.apache.ratis.server.raftlog.segmented.SegmentedRaftLogWorker$StateMachineDataPolicy.getFromFuture(SegmentedRaftLogWorker.java:88)
	at org.apache.ratis.server.raftlog.segmented.SegmentedRaftLogWorker$WriteLog.execute(SegmentedRaftLogWorker.java:540)
	at org.apache.ratis.server.raftlog.segmented.SegmentedRaftLogWorker.run(SegmentedRaftLogWorker.java:308)
	... 1 more
Caused by: java.lang.IllegalStateException: Null stream: entry=term: 2
index: 52
stateMachineLogEntry {
  type: DATASTREAM
  clientId: "G./W)\216@Y\245\374\244~?\256\355\b"
  callId: 401
}

	at org.apache.ratis.datastream.DataStreamTestUtils$MultiDataStreamStateMachine.link(DataStreamTestUtils.java:159)
	at org.apache.ratis.server.raftlog.segmented.SegmentedRaftLogWorker$WriteLog.<init>(SegmentedRaftLogWorker.java:497)
	at org.apache.ratis.server.raftlog.segmented.SegmentedRaftLogWorker.writeLogEntry(SegmentedRaftLogWorker.java:443)
	at org.apache.ratis.server.raftlog.segmented.SegmentedRaftLog.appendEntryImpl(SegmentedRaftLog.java:409)
	at org.apache.ratis.server.raftlog.RaftLogBase.lambda$appendEntry$10(RaftLogBase.java:330)
	at org.apache.ratis.server.raftlog.RaftLogSequentialOps$Runner.runSequentially(RaftLogSequentialOps.java:78)
	at org.apache.ratis.server.raftlog.RaftLogBase.appendEntry(RaftLogBase.java:330)
	at org.apache.ratis.server.raftlog.segmented.SegmentedRaftLog.appendImpl(SegmentedRaftLog.java:456)
	at org.apache.ratis.server.raftlog.RaftLogBase.lambda$append$11(RaftLogBase.java:337)
	at org.apache.ratis.server.raftlog.RaftLogSequentialOps$Runner.runSequentially(RaftLogSequentialOps.java:69)
	at org.apache.ratis.server.raftlog.RaftLogBase.append(RaftLogBase.java:337)
	at org.apache.ratis.server.impl.RaftServerImpl.appendEntriesAsync(RaftServerImpl.java:1523)
	at org.apache.ratis.server.impl.RaftServerImpl.appendEntriesAsync(RaftServerImpl.java:1391)
	at org.apache.ratis.server.impl.RaftServerProxy.lambda$appendEntriesAsync$26(RaftServerProxy.java:634)
	at org.apache.ratis.util.JavaUtils.callAsUnchecked(JavaUtils.java:117)
	at org.apache.ratis.server.impl.RaftServerImpl.lambda$executeSubmitServerRequestAsync$11(RaftServerImpl.java:814)
	at java.base/java.util.concurrent.CompletableFuture$AsyncSupply.run(CompletableFuture.java:1700)
	at java.base/java.util.concurrent.ThreadPoolExecutor.runWorker(ThreadPoolExecutor.java:1128)
	at java.base/java.util.concurrent.ThreadPoolExecutor$Worker.run(ThreadPoolExecutor.java:628)
	... 1 more
2023-01-06 13:39:01,403 [grpc-default-executor-6] INFO  leader.FollowerInfo (FollowerInfoImpl.java:lambda$new$0(48)) - s0@group-BE38CA648A1A->s2: nextIndex: updateUnconditionally 57 -> 56
2023-01-06 13:39:01,471 [s0-client-thread2] INFO  statemachine.StateMachine (DataStreamTestUtils.java:link(157)) - link null
2023-01-06 13:39:01,472 [s2-server-thread1] INFO  statemachine.StateMachine (DataStreamTestUtils.java:link(157)) - link null
2023-01-06 13:39:01,473 [s2-server-thread1] WARN  server.GrpcServerProtocolService (LogUtils.java:warn(124)) - s2: Failed APPEND_ENTRIES request s0->s2#849-t2,previous=(t:2, i:56),leaderCommit=51,initializing? true,entries: size=1, first=(t:2, i:57), STATEMACHINELOGENTRY, 407@client-3655CF99F1FA
java.util.concurrent.CompletionException: org.apache.ratis.server.raftlog.RaftLogIOException: Log already failed at index 52 for task WriteLog:52: (t:2, i:52), STATEMACHINELOGENTRY, StateMachineLogEntryProto:401@client-A47E3FAEED08
	at java.base/java.util.concurrent.CompletableFuture.encodeThrowable(CompletableFuture.java:331)
	at java.base/java.util.concurrent.CompletableFuture.completeThrowable(CompletableFuture.java:346)
	at java.base/java.util.concurrent.CompletableFuture$BiRelay.tryFire(CompletableFuture.java:1423)
	at java.base/java.util.concurrent.CompletableFuture$CoCompletion.tryFire(CompletableFuture.java:1144)
	at java.base/java.util.concurrent.CompletableFuture.postComplete(CompletableFuture.java:506)
	at java.base/java.util.concurrent.CompletableFuture.completeExceptionally(CompletableFuture.java:2088)
	at org.apache.ratis.server.raftlog.segmented.SegmentedRaftLog$Task.failed(SegmentedRaftLog.java:105)
	at org.apache.ratis.server.raftlog.segmented.SegmentedRaftLogWorker$WriteLog.failed(SegmentedRaftLogWorker.java:519)
	at org.apache.ratis.server.raftlog.segmented.SegmentedRaftLogWorker.run(SegmentedRaftLogWorker.java:317)
	at java.base/java.lang.Thread.run(Thread.java:829)
Caused by: org.apache.ratis.server.raftlog.RaftLogIOException: Log already failed at index 52 for task WriteLog:52: (t:2, i:52), STATEMACHINELOGENTRY, StateMachineLogEntryProto:401@client-A47E3FAEED08
	at org.apache.ratis.server.raftlog.segmented.SegmentedRaftLogWorker.run(SegmentedRaftLogWorker.java:320)
	... 1 more
Caused by: java.io.IOException: java.lang.IllegalStateException: Null stream: entry=term: 2
index: 52
stateMachineLogEntry {
  type: DATASTREAM
  clientId: "G./W)\216@Y\245\374\244~?\256\355\b"
  callId: 401
}

	at org.apache.ratis.util.IOUtils.asIOException(IOUtils.java:56)
	at org.apache.ratis.util.IOUtils.toIOException(IOUtils.java:61)
	at org.apache.ratis.util.IOUtils.getFromFuture(IOUtils.java:85)
	at org.apache.ratis.server.raftlog.segmented.SegmentedRaftLogWorker$StateMachineDataPolicy.getFromFuture(SegmentedRaftLogWorker.java:88)
	at org.apache.ratis.server.raftlog.segmented.SegmentedRaftLogWorker$WriteLog.execute(SegmentedRaftLogWorker.java:540)
	at org.apache.ratis.server.raftlog.segmented.SegmentedRaftLogWorker.run(SegmentedRaftLogWorker.java:308)
	... 1 more
Caused by: java.lang.IllegalStateException: Null stream: entry=term: 2
index: 52
stateMachineLogEntry {
  type: DATASTREAM
  clientId: "G./W)\216@Y\245\374\244~?\256\355\b"
  callId: 401
}

	at org.apache.ratis.datastream.DataStreamTestUtils$MultiDataStreamStateMachine.link(DataStreamTestUtils.java:159)
	at org.apache.ratis.server.raftlog.segmented.SegmentedRaftLogWorker$WriteLog.<init>(SegmentedRaftLogWorker.java:497)
	at org.apache.ratis.server.raftlog.segmented.SegmentedRaftLogWorker.writeLogEntry(SegmentedRaftLogWorker.java:443)
	at org.apache.ratis.server.raftlog.segmented.SegmentedRaftLog.appendEntryImpl(SegmentedRaftLog.java:409)
	at org.apache.ratis.server.raftlog.RaftLogBase.lambda$appendEntry$10(RaftLogBase.java:330)
	at org.apache.ratis.server.raftlog.RaftLogSequentialOps$Runner.runSequentially(RaftLogSequentialOps.java:78)
	at org.apache.ratis.server.raftlog.RaftLogBase.appendEntry(RaftLogBase.java:330)
	at org.apache.ratis.server.raftlog.segmented.SegmentedRaftLog.appendImpl(SegmentedRaftLog.java:456)
	at org.apache.ratis.server.raftlog.RaftLogBase.lambda$append$11(RaftLogBase.java:337)
	at org.apache.ratis.server.raftlog.RaftLogSequentialOps$Runner.runSequentially(RaftLogSequentialOps.java:69)
	at org.apache.ratis.server.raftlog.RaftLogBase.append(RaftLogBase.java:337)
	at org.apache.ratis.server.impl.RaftServerImpl.appendEntriesAsync(RaftServerImpl.java:1523)
	at org.apache.ratis.server.impl.RaftServerImpl.appendEntriesAsync(RaftServerImpl.java:1391)
	at org.apache.ratis.server.impl.RaftServerProxy.lambda$appendEntriesAsync$26(RaftServerProxy.java:634)
	at org.apache.ratis.util.JavaUtils.callAsUnchecked(JavaUtils.java:117)
	at org.apache.ratis.server.impl.RaftServerImpl.lambda$executeSubmitServerRequestAsync$11(RaftServerImpl.java:814)
	at java.base/java.util.concurrent.CompletableFuture$AsyncSupply.run(CompletableFuture.java:1700)
	at java.base/java.util.concurrent.ThreadPoolExecutor.runWorker(ThreadPoolExecutor.java:1128)
	at java.base/java.util.concurrent.ThreadPoolExecutor$Worker.run(ThreadPoolExecutor.java:628)
	... 1 more
2023-01-06 13:39:01,474 [s1-server-thread1] INFO  statemachine.StateMachine (DataStreamTestUtils.java:link(157)) - link null
2023-01-06 13:39:01,478 [grpc-default-executor-5] WARN  server.GrpcLogAppender (LogUtils.java:warn(124)) - s0@group-BE38CA648A1A->s2-AppendLogResponseHandler: Failed appendEntries
org.apache.ratis.server.raftlog.RaftLogIOException: Log already failed at index 52 for task WriteLog:52: (t:2, i:52), STATEMACHINELOGENTRY, StateMachineLogEntryProto:401@client-A47E3FAEED08
	at org.apache.ratis.server.raftlog.segmented.SegmentedRaftLogWorker.run(SegmentedRaftLogWorker.java:320)
	at java.base/java.lang.Thread.run(Thread.java:829)
Caused by: java.io.IOException: java.lang.IllegalStateException: Null stream: entry=term: 2
index: 52
stateMachineLogEntry {
  type: DATASTREAM
  clientId: "G./W)\216@Y\245\374\244~?\256\355\b"
  callId: 401
}

	at org.apache.ratis.util.IOUtils.asIOException(IOUtils.java:56)
	at org.apache.ratis.util.IOUtils.toIOException(IOUtils.java:61)
	at org.apache.ratis.util.IOUtils.getFromFuture(IOUtils.java:85)
	at org.apache.ratis.server.raftlog.segmented.SegmentedRaftLogWorker$StateMachineDataPolicy.getFromFuture(SegmentedRaftLogWorker.java:88)
	at org.apache.ratis.server.raftlog.segmented.SegmentedRaftLogWorker$WriteLog.execute(SegmentedRaftLogWorker.java:540)
	at org.apache.ratis.server.raftlog.segmented.SegmentedRaftLogWorker.run(SegmentedRaftLogWorker.java:308)
	... 1 more
Caused by: java.lang.IllegalStateException: Null stream: entry=term: 2
index: 52
stateMachineLogEntry {
  type: DATASTREAM
  clientId: "G./W)\216@Y\245\374\244~?\256\355\b"
  callId: 401
}

	at org.apache.ratis.datastream.DataStreamTestUtils$MultiDataStreamStateMachine.link(DataStreamTestUtils.java:159)
	at org.apache.ratis.server.raftlog.segmented.SegmentedRaftLogWorker$WriteLog.<init>(SegmentedRaftLogWorker.java:497)
	at org.apache.ratis.server.raftlog.segmented.SegmentedRaftLogWorker.writeLogEntry(SegmentedRaftLogWorker.java:443)
	at org.apache.ratis.server.raftlog.segmented.SegmentedRaftLog.appendEntryImpl(SegmentedRaftLog.java:409)
	at org.apache.ratis.server.raftlog.RaftLogBase.lambda$appendEntry$10(RaftLogBase.java:330)
	at org.apache.ratis.server.raftlog.RaftLogSequentialOps$Runner.runSequentially(RaftLogSequentialOps.java:78)
	at org.apache.ratis.server.raftlog.RaftLogBase.appendEntry(RaftLogBase.java:330)
	at org.apache.ratis.server.raftlog.segmented.SegmentedRaftLog.appendImpl(SegmentedRaftLog.java:456)
	at org.apache.ratis.server.raftlog.RaftLogBase.lambda$append$11(RaftLogBase.java:337)
	at org.apache.ratis.server.raftlog.RaftLogSequentialOps$Runner.runSequentially(RaftLogSequentialOps.java:69)
	at org.apache.ratis.server.raftlog.RaftLogBase.append(RaftLogBase.java:337)
	at org.apache.ratis.server.impl.RaftServerImpl.appendEntriesAsync(RaftServerImpl.java:1523)
	at org.apache.ratis.server.impl.RaftServerImpl.appendEntriesAsync(RaftServerImpl.java:1391)
	at org.apache.ratis.server.impl.RaftServerProxy.lambda$appendEntriesAsync$26(RaftServerProxy.java:634)
	at org.apache.ratis.util.JavaUtils.callAsUnchecked(JavaUtils.java:117)
	at org.apache.ratis.server.impl.RaftServerImpl.lambda$executeSubmitServerRequestAsync$11(RaftServerImpl.java:814)
	at java.base/java.util.concurrent.CompletableFuture$AsyncSupply.run(CompletableFuture.java:1700)
	at java.base/java.util.concurrent.ThreadPoolExecutor.runWorker(ThreadPoolExecutor.java:1128)
	at java.base/java.util.concurrent.ThreadPoolExecutor$Worker.run(ThreadPoolExecutor.java:628)
	... 1 more
2023-01-06 13:39:01,479 [s1-server-thread1] WARN  server.GrpcServerProtocolService (LogUtils.java:warn(124)) - s1: Failed APPEND_ENTRIES request s0->s1#853-t2,previous=(t:2, i:56),leaderCommit=51,initializing? true,entries: size=1, first=(t:2, i:57), STATEMACHINELOGENTRY, 407@client-3655CF99F1FA
java.util.concurrent.CompletionException: org.apache.ratis.server.raftlog.RaftLogIOException: Log already failed at index 52 for task WriteLog:52: (t:2, i:52), STATEMACHINELOGENTRY, StateMachineLogEntryProto:401@client-A47E3FAEED08
	at java.base/java.util.concurrent.CompletableFuture.encodeThrowable(CompletableFuture.java:331)
	at java.base/java.util.concurrent.CompletableFuture.completeThrowable(CompletableFuture.java:346)
	at java.base/java.util.concurrent.CompletableFuture$BiRelay.tryFire(CompletableFuture.java:1423)
	at java.base/java.util.concurrent.CompletableFuture$CoCompletion.tryFire(CompletableFuture.java:1144)
	at java.base/java.util.concurrent.CompletableFuture.postComplete(CompletableFuture.java:506)
	at java.base/java.util.concurrent.CompletableFuture.completeExceptionally(CompletableFuture.java:2088)
	at org.apache.ratis.server.raftlog.segmented.SegmentedRaftLog$Task.failed(SegmentedRaftLog.java:105)
	at org.apache.ratis.server.raftlog.segmented.SegmentedRaftLogWorker$WriteLog.failed(SegmentedRaftLogWorker.java:519)
	at org.apache.ratis.server.raftlog.segmented.SegmentedRaftLogWorker.run(SegmentedRaftLogWorker.java:317)
	at java.base/java.lang.Thread.run(Thread.java:829)
Caused by: org.apache.ratis.server.raftlog.RaftLogIOException: Log already failed at index 52 for task WriteLog:52: (t:2, i:52), STATEMACHINELOGENTRY, StateMachineLogEntryProto:401@client-A47E3FAEED08
	at org.apache.ratis.server.raftlog.segmented.SegmentedRaftLogWorker.run(SegmentedRaftLogWorker.java:320)
	... 1 more
Caused by: java.io.IOException: java.lang.IllegalStateException: Null stream: entry=term: 2
index: 52
stateMachineLogEntry {
  type: DATASTREAM
  clientId: "G./W)\216@Y\245\374\244~?\256\355\b"
  callId: 401
}

	at org.apache.ratis.util.IOUtils.asIOException(IOUtils.java:56)
	at org.apache.ratis.util.IOUtils.toIOException(IOUtils.java:61)
	at org.apache.ratis.util.IOUtils.getFromFuture(IOUtils.java:85)
	at org.apache.ratis.server.raftlog.segmented.SegmentedRaftLogWorker$StateMachineDataPolicy.getFromFuture(SegmentedRaftLogWorker.java:88)
	at org.apache.ratis.server.raftlog.segmented.SegmentedRaftLogWorker$WriteLog.execute(SegmentedRaftLogWorker.java:540)
	at org.apache.ratis.server.raftlog.segmented.SegmentedRaftLogWorker.run(SegmentedRaftLogWorker.java:308)
	... 1 more
Caused by: java.lang.IllegalStateException: Null stream: entry=term: 2
index: 52
stateMachineLogEntry {
  type: DATASTREAM
  clientId: "G./W)\216@Y\245\374\244~?\256\355\b"
  callId: 401
}

	at org.apache.ratis.datastream.DataStreamTestUtils$MultiDataStreamStateMachine.link(DataStreamTestUtils.java:159)
	at org.apache.ratis.server.raftlog.segmented.SegmentedRaftLogWorker$WriteLog.<init>(SegmentedRaftLogWorker.java:497)
	at org.apache.ratis.server.raftlog.segmented.SegmentedRaftLogWorker.writeLogEntry(SegmentedRaftLogWorker.java:443)
	at org.apache.ratis.server.raftlog.segmented.SegmentedRaftLog.appendEntryImpl(SegmentedRaftLog.java:409)
	at org.apache.ratis.server.raftlog.RaftLogBase.lambda$appendEntry$10(RaftLogBase.java:330)
	at org.apache.ratis.server.raftlog.RaftLogSequentialOps$Runner.runSequentially(RaftLogSequentialOps.java:78)
	at org.apache.ratis.server.raftlog.RaftLogBase.appendEntry(RaftLogBase.java:330)
	at org.apache.ratis.server.raftlog.segmented.SegmentedRaftLog.appendImpl(SegmentedRaftLog.java:456)
	at org.apache.ratis.server.raftlog.RaftLogBase.lambda$append$11(RaftLogBase.java:337)
	at org.apache.ratis.server.raftlog.RaftLogSequentialOps$Runner.runSequentially(RaftLogSequentialOps.java:69)
	at org.apache.ratis.server.raftlog.RaftLogBase.append(RaftLogBase.java:337)
	at org.apache.ratis.server.impl.RaftServerImpl.appendEntriesAsync(RaftServerImpl.java:1523)
	at org.apache.ratis.server.impl.RaftServerImpl.appendEntriesAsync(RaftServerImpl.java:1391)
	at org.apache.ratis.server.impl.RaftServerProxy.lambda$appendEntriesAsync$26(RaftServerProxy.java:634)
	at org.apache.ratis.util.JavaUtils.callAsUnchecked(JavaUtils.java:117)
	at org.apache.ratis.server.impl.RaftServerImpl.lambda$executeSubmitServerRequestAsync$11(RaftServerImpl.java:814)
	at java.base/java.util.concurrent.CompletableFuture$AsyncSupply.run(CompletableFuture.java:1700)
	at java.base/java.util.concurrent.ThreadPoolExecutor.runWorker(ThreadPoolExecutor.java:1128)
	at java.base/java.util.concurrent.ThreadPoolExecutor$Worker.run(ThreadPoolExecutor.java:628)
	... 1 more
2023-01-06 13:39:01,480 [grpc-default-executor-5] INFO  leader.FollowerInfo (FollowerInfoImpl.java:lambda$new$0(48)) - s0@group-BE38CA648A1A->s2: nextIndex: updateUnconditionally 58 -> 57
2023-01-06 13:39:01,486 [grpc-default-executor-7] WARN  server.GrpcLogAppender (LogUtils.java:warn(124)) - s0@group-BE38CA648A1A->s1-AppendLogResponseHandler: Failed appendEntries
org.apache.ratis.server.raftlog.RaftLogIOException: Log already failed at index 52 for task WriteLog:52: (t:2, i:52), STATEMACHINELOGENTRY, StateMachineLogEntryProto:401@client-A47E3FAEED08
	at org.apache.ratis.server.raftlog.segmented.SegmentedRaftLogWorker.run(SegmentedRaftLogWorker.java:320)
	at java.base/java.lang.Thread.run(Thread.java:829)
Caused by: java.io.IOException: java.lang.IllegalStateException: Null stream: entry=term: 2
index: 52
stateMachineLogEntry {
  type: DATASTREAM
  clientId: "G./W)\216@Y\245\374\244~?\256\355\b"
  callId: 401
}

	at org.apache.ratis.util.IOUtils.asIOException(IOUtils.java:56)
	at org.apache.ratis.util.IOUtils.toIOException(IOUtils.java:61)
	at org.apache.ratis.util.IOUtils.getFromFuture(IOUtils.java:85)
	at org.apache.ratis.server.raftlog.segmented.SegmentedRaftLogWorker$StateMachineDataPolicy.getFromFuture(SegmentedRaftLogWorker.java:88)
	at org.apache.ratis.server.raftlog.segmented.SegmentedRaftLogWorker$WriteLog.execute(SegmentedRaftLogWorker.java:540)
	at org.apache.ratis.server.raftlog.segmented.SegmentedRaftLogWorker.run(SegmentedRaftLogWorker.java:308)
	... 1 more
Caused by: java.lang.IllegalStateException: Null stream: entry=term: 2
index: 52
stateMachineLogEntry {
  type: DATASTREAM
  clientId: "G./W)\216@Y\245\374\244~?\256\355\b"
  callId: 401
}

	at org.apache.ratis.datastream.DataStreamTestUtils$MultiDataStreamStateMachine.link(DataStreamTestUtils.java:159)
	at org.apache.ratis.server.raftlog.segmented.SegmentedRaftLogWorker$WriteLog.<init>(SegmentedRaftLogWorker.java:497)
	at org.apache.ratis.server.raftlog.segmented.SegmentedRaftLogWorker.writeLogEntry(SegmentedRaftLogWorker.java:443)
	at org.apache.ratis.server.raftlog.segmented.SegmentedRaftLog.appendEntryImpl(SegmentedRaftLog.java:409)
	at org.apache.ratis.server.raftlog.RaftLogBase.lambda$appendEntry$10(RaftLogBase.java:330)
	at org.apache.ratis.server.raftlog.RaftLogSequentialOps$Runner.runSequentially(RaftLogSequentialOps.java:78)
	at org.apache.ratis.server.raftlog.RaftLogBase.appendEntry(RaftLogBase.java:330)
	at org.apache.ratis.server.raftlog.segmented.SegmentedRaftLog.appendImpl(SegmentedRaftLog.java:456)
	at org.apache.ratis.server.raftlog.RaftLogBase.lambda$append$11(RaftLogBase.java:337)
	at org.apache.ratis.server.raftlog.RaftLogSequentialOps$Runner.runSequentially(RaftLogSequentialOps.java:69)
	at org.apache.ratis.server.raftlog.RaftLogBase.append(RaftLogBase.java:337)
	at org.apache.ratis.server.impl.RaftServerImpl.appendEntriesAsync(RaftServerImpl.java:1523)
	at org.apache.ratis.server.impl.RaftServerImpl.appendEntriesAsync(RaftServerImpl.java:1391)
	at org.apache.ratis.server.impl.RaftServerProxy.lambda$appendEntriesAsync$26(RaftServerProxy.java:634)
	at org.apache.ratis.util.JavaUtils.callAsUnchecked(JavaUtils.java:117)
	at org.apache.ratis.server.impl.RaftServerImpl.lambda$executeSubmitServerRequestAsync$11(RaftServerImpl.java:814)
	at java.base/java.util.concurrent.CompletableFuture$AsyncSupply.run(CompletableFuture.java:1700)
	at java.base/java.util.concurrent.ThreadPoolExecutor.runWorker(ThreadPoolExecutor.java:1128)
	at java.base/java.util.concurrent.ThreadPoolExecutor$Worker.run(ThreadPoolExecutor.java:628)
	... 1 more
2023-01-06 13:39:01,486 [grpc-default-executor-7] INFO  leader.FollowerInfo (FollowerInfoImpl.java:lambda$new$0(48)) - s0@group-BE38CA648A1A->s1: nextIndex: updateUnconditionally 58 -> 57
2023-01-06 13:39:03,210 [Timer-2] INFO  impl.MiniRaftCluster (MiniRaftCluster.java:lambda$start$6(349)) - TIMED-PRINT: printing ALL groups
  s0:  RUNNING    LEADER s0@group-BE38CA648A1A:t2, leader=s0, voted=s0, raftlog=Memoized:s0@group-BE38CA648A1A-SegmentedRaftLog:OPENED:c51, conf=50: peers:[s0|rpc:localhost:38633|admin:localhost:40929|client:localhost:41533|dataStream:localhost:40517|priority:0|startupRole:FOLLOWER, s1|rpc:localhost:34777|admin:localhost:37585|client:localhost:41985|dataStream:localhost:37955|priority:0|startupRole:FOLLOWER, s2|rpc:localhost:44299|admin:localhost:37199|client:localhost:33573|dataStream:localhost:37575|priority:0|startupRole:FOLLOWER]|listeners:[], old=null RUNNING
  s1:  RUNNING  FOLLOWER s1@group-BE38CA648A1A:t2, leader=s0, voted=s0, raftlog=Memoized:s1@group-BE38CA648A1A-SegmentedRaftLog:OPENED:c51, conf=50: peers:[s0|rpc:localhost:38633|admin:localhost:40929|client:localhost:41533|dataStream:localhost:40517|priority:0|startupRole:FOLLOWER, s1|rpc:localhost:34777|admin:localhost:37585|client:localhost:41985|dataStream:localhost:37955|priority:0|startupRole:FOLLOWER, s2|rpc:localhost:44299|admin:localhost:37199|client:localhost:33573|dataStream:localhost:37575|priority:0|startupRole:FOLLOWER]|listeners:[], old=null RUNNING
  s2:  RUNNING  FOLLOWER s2@group-BE38CA648A1A:t2, leader=s0, voted=s0, raftlog=Memoized:s2@group-BE38CA648A1A-SegmentedRaftLog:OPENED:c51, conf=50: peers:[s0|rpc:localhost:38633|admin:localhost:40929|client:localhost:41533|dataStream:localhost:40517|priority:0|startupRole:FOLLOWER, s1|rpc:localhost:34777|admin:localhost:37585|client:localhost:41985|dataStream:localhost:37955|priority:0|startupRole:FOLLOWER, s2|rpc:localhost:44299|admin:localhost:37199|client:localhost:33573|dataStream:localhost:37575|priority:0|startupRole:FOLLOWER]|listeners:[], old=null RUNNING
2023-01-06 13:39:07,377 [timer7] WARN  grpc.GrpcUtil (GrpcUtil.java:shutdownManagedChannel(223)) - Timed out gracefully shutting down connection: ManagedChannelOrphanWrapper{delegate=ManagedChannelImpl{logId=621, target=localhost:41533}}. 
2023-01-06 13:39:07,469 [timer0] WARN  grpc.GrpcUtil (GrpcUtil.java:shutdownManagedChannel(223)) - Timed out gracefully shutting down connection: ManagedChannelOrphanWrapper{delegate=ManagedChannelImpl{logId=635, target=localhost:41533}}. 
2023-01-06 13:39:13,209 [Timer-2] INFO  impl.MiniRaftCluster (MiniRaftCluster.java:lambda$start$6(349)) - TIMED-PRINT: printing ALL groups
  s0:  RUNNING    LEADER s0@group-BE38CA648A1A:t2, leader=s0, voted=s0, raftlog=Memoized:s0@group-BE38CA648A1A-SegmentedRaftLog:OPENED:c51, conf=50: peers:[s0|rpc:localhost:38633|admin:localhost:40929|client:localhost:41533|dataStream:localhost:40517|priority:0|startupRole:FOLLOWER, s1|rpc:localhost:34777|admin:localhost:37585|client:localhost:41985|dataStream:localhost:37955|priority:0|startupRole:FOLLOWER, s2|rpc:localhost:44299|admin:localhost:37199|client:localhost:33573|dataStream:localhost:37575|priority:0|startupRole:FOLLOWER]|listeners:[], old=null RUNNING
  s1:  RUNNING  FOLLOWER s1@group-BE38CA648A1A:t2, leader=s0, voted=s0, raftlog=Memoized:s1@group-BE38CA648A1A-SegmentedRaftLog:OPENED:c51, conf=50: peers:[s0|rpc:localhost:38633|admin:localhost:40929|client:localhost:41533|dataStream:localhost:40517|priority:0|startupRole:FOLLOWER, s1|rpc:localhost:34777|admin:localhost:37585|client:localhost:41985|dataStream:localhost:37955|priority:0|startupRole:FOLLOWER, s2|rpc:localhost:44299|admin:localhost:37199|client:localhost:33573|dataStream:localhost:37575|priority:0|startupRole:FOLLOWER]|listeners:[], old=null RUNNING
  s2:  RUNNING  FOLLOWER s2@group-BE38CA648A1A:t2, leader=s0, voted=s0, raftlog=Memoized:s2@group-BE38CA648A1A-SegmentedRaftLog:OPENED:c51, conf=50: peers:[s0|rpc:localhost:38633|admin:localhost:40929|client:localhost:41533|dataStream:localhost:40517|priority:0|startupRole:FOLLOWER, s1|rpc:localhost:34777|admin:localhost:37585|client:localhost:41985|dataStream:localhost:37955|priority:0|startupRole:FOLLOWER, s2|rpc:localhost:44299|admin:localhost:37199|client:localhost:33573|dataStream:localhost:37575|priority:0|startupRole:FOLLOWER]|listeners:[], old=null RUNNING
2023-01-06 13:39:13,490 [timer3] WARN  grpc.GrpcUtil (GrpcUtil.java:shutdownManagedChannel(223)) - Timed out gracefully shutting down connection: ManagedChannelOrphanWrapper{delegate=ManagedChannelImpl{logId=649, target=localhost:41533}}. 
2023-01-06 13:39:13,581 [timer4] WARN  grpc.GrpcUtil (GrpcUtil.java:shutdownManagedChannel(223)) - Timed out gracefully shutting down connection: ManagedChannelOrphanWrapper{delegate=ManagedChannelImpl{logId=663, target=localhost:41533}}. 
2023-01-06 13:39:19,602 [timer1] WARN  grpc.GrpcUtil (GrpcUtil.java:shutdownManagedChannel(223)) - Timed out gracefully shutting down connection: ManagedChannelOrphanWrapper{delegate=ManagedChannelImpl{logId=677, target=localhost:41533}}. 
2023-01-06 13:39:19,695 [timer2] WARN  grpc.GrpcUtil (GrpcUtil.java:shutdownManagedChannel(223)) - Timed out gracefully shutting down connection: ManagedChannelOrphanWrapper{delegate=ManagedChannelImpl{logId=691, target=localhost:41533}}. 
2023-01-06 13:39:23,210 [Timer-2] INFO  impl.MiniRaftCluster (MiniRaftCluster.java:lambda$start$6(349)) - TIMED-PRINT: printing ALL groups
  s0:  RUNNING    LEADER s0@group-BE38CA648A1A:t2, leader=s0, voted=s0, raftlog=Memoized:s0@group-BE38CA648A1A-SegmentedRaftLog:OPENED:c51, conf=50: peers:[s0|rpc:localhost:38633|admin:localhost:40929|client:localhost:41533|dataStream:localhost:40517|priority:0|startupRole:FOLLOWER, s1|rpc:localhost:34777|admin:localhost:37585|client:localhost:41985|dataStream:localhost:37955|priority:0|startupRole:FOLLOWER, s2|rpc:localhost:44299|admin:localhost:37199|client:localhost:33573|dataStream:localhost:37575|priority:0|startupRole:FOLLOWER]|listeners:[], old=null RUNNING
  s1:  RUNNING  FOLLOWER s1@group-BE38CA648A1A:t2, leader=s0, voted=s0, raftlog=Memoized:s1@group-BE38CA648A1A-SegmentedRaftLog:OPENED:c51, conf=50: peers:[s0|rpc:localhost:38633|admin:localhost:40929|client:localhost:41533|dataStream:localhost:40517|priority:0|startupRole:FOLLOWER, s1|rpc:localhost:34777|admin:localhost:37585|client:localhost:41985|dataStream:localhost:37955|priority:0|startupRole:FOLLOWER, s2|rpc:localhost:44299|admin:localhost:37199|client:localhost:33573|dataStream:localhost:37575|priority:0|startupRole:FOLLOWER]|listeners:[], old=null RUNNING
  s2:  RUNNING  FOLLOWER s2@group-BE38CA648A1A:t2, leader=s0, voted=s0, raftlog=Memoized:s2@group-BE38CA648A1A-SegmentedRaftLog:OPENED:c51, conf=50: peers:[s0|rpc:localhost:38633|admin:localhost:40929|client:localhost:41533|dataStream:localhost:40517|priority:0|startupRole:FOLLOWER, s1|rpc:localhost:34777|admin:localhost:37585|client:localhost:41985|dataStream:localhost:37955|priority:0|startupRole:FOLLOWER, s2|rpc:localhost:44299|admin:localhost:37199|client:localhost:33573|dataStream:localhost:37575|priority:0|startupRole:FOLLOWER]|listeners:[], old=null RUNNING
2023-01-06 13:39:25,719 [timer5] WARN  grpc.GrpcUtil (GrpcUtil.java:shutdownManagedChannel(223)) - Timed out gracefully shutting down connection: ManagedChannelOrphanWrapper{delegate=ManagedChannelImpl{logId=705, target=localhost:41533}}. 
2023-01-06 13:39:25,814 [timer6] WARN  grpc.GrpcUtil (GrpcUtil.java:shutdownManagedChannel(223)) - Timed out gracefully shutting down connection: ManagedChannelOrphanWrapper{delegate=ManagedChannelImpl{logId=719, target=localhost:41533}}. 
2023-01-06 13:39:31,839 [timer4] WARN  grpc.GrpcUtil (GrpcUtil.java:shutdownManagedChannel(223)) - Timed out gracefully shutting down connection: ManagedChannelOrphanWrapper{delegate=ManagedChannelImpl{logId=733, target=localhost:41533}}. 
2023-01-06 13:39:31,933 [timer5] WARN  grpc.GrpcUtil (GrpcUtil.java:shutdownManagedChannel(223)) - Timed out gracefully shutting down connection: ManagedChannelOrphanWrapper{delegate=ManagedChannelImpl{logId=747, target=localhost:41533}}. 
2023-01-06 13:39:33,210 [Timer-2] INFO  impl.MiniRaftCluster (MiniRaftCluster.java:lambda$start$6(349)) - TIMED-PRINT: printing ALL groups
  s0:  RUNNING    LEADER s0@group-BE38CA648A1A:t2, leader=s0, voted=s0, raftlog=Memoized:s0@group-BE38CA648A1A-SegmentedRaftLog:OPENED:c51, conf=50: peers:[s0|rpc:localhost:38633|admin:localhost:40929|client:localhost:41533|dataStream:localhost:40517|priority:0|startupRole:FOLLOWER, s1|rpc:localhost:34777|admin:localhost:37585|client:localhost:41985|dataStream:localhost:37955|priority:0|startupRole:FOLLOWER, s2|rpc:localhost:44299|admin:localhost:37199|client:localhost:33573|dataStream:localhost:37575|priority:0|startupRole:FOLLOWER]|listeners:[], old=null RUNNING
  s1:  RUNNING  FOLLOWER s1@group-BE38CA648A1A:t2, leader=s0, voted=s0, raftlog=Memoized:s1@group-BE38CA648A1A-SegmentedRaftLog:OPENED:c51, conf=50: peers:[s0|rpc:localhost:38633|admin:localhost:40929|client:localhost:41533|dataStream:localhost:40517|priority:0|startupRole:FOLLOWER, s1|rpc:localhost:34777|admin:localhost:37585|client:localhost:41985|dataStream:localhost:37955|priority:0|startupRole:FOLLOWER, s2|rpc:localhost:44299|admin:localhost:37199|client:localhost:33573|dataStream:localhost:37575|priority:0|startupRole:FOLLOWER]|listeners:[], old=null RUNNING
  s2:  RUNNING  FOLLOWER s2@group-BE38CA648A1A:t2, leader=s0, voted=s0, raftlog=Memoized:s2@group-BE38CA648A1A-SegmentedRaftLog:OPENED:c51, conf=50: peers:[s0|rpc:localhost:38633|admin:localhost:40929|client:localhost:41533|dataStream:localhost:40517|priority:0|startupRole:FOLLOWER, s1|rpc:localhost:34777|admin:localhost:37585|client:localhost:41985|dataStream:localhost:37955|priority:0|startupRole:FOLLOWER, s2|rpc:localhost:44299|admin:localhost:37199|client:localhost:33573|dataStream:localhost:37575|priority:0|startupRole:FOLLOWER]|listeners:[], old=null RUNNING
2023-01-06 13:39:37,952 [timer6] WARN  grpc.GrpcUtil (GrpcUtil.java:shutdownManagedChannel(223)) - Timed out gracefully shutting down connection: ManagedChannelOrphanWrapper{delegate=ManagedChannelImpl{logId=761, target=localhost:41533}}. 
2023-01-06 13:39:38,045 [timer7] WARN  grpc.GrpcUtil (GrpcUtil.java:shutdownManagedChannel(223)) - Timed out gracefully shutting down connection: ManagedChannelOrphanWrapper{delegate=ManagedChannelImpl{logId=775, target=localhost:41533}}. 
2023-01-06 13:39:43,210 [Timer-2] INFO  impl.MiniRaftCluster (MiniRaftCluster.java:lambda$start$6(349)) - TIMED-PRINT: printing ALL groups
  s0:  RUNNING    LEADER s0@group-BE38CA648A1A:t2, leader=s0, voted=s0, raftlog=Memoized:s0@group-BE38CA648A1A-SegmentedRaftLog:OPENED:c51, conf=50: peers:[s0|rpc:localhost:38633|admin:localhost:40929|client:localhost:41533|dataStream:localhost:40517|priority:0|startupRole:FOLLOWER, s1|rpc:localhost:34777|admin:localhost:37585|client:localhost:41985|dataStream:localhost:37955|priority:0|startupRole:FOLLOWER, s2|rpc:localhost:44299|admin:localhost:37199|client:localhost:33573|dataStream:localhost:37575|priority:0|startupRole:FOLLOWER]|listeners:[], old=null RUNNING
  s1:  RUNNING  FOLLOWER s1@group-BE38CA648A1A:t2, leader=s0, voted=s0, raftlog=Memoized:s1@group-BE38CA648A1A-SegmentedRaftLog:OPENED:c51, conf=50: peers:[s0|rpc:localhost:38633|admin:localhost:40929|client:localhost:41533|dataStream:localhost:40517|priority:0|startupRole:FOLLOWER, s1|rpc:localhost:34777|admin:localhost:37585|client:localhost:41985|dataStream:localhost:37955|priority:0|startupRole:FOLLOWER, s2|rpc:localhost:44299|admin:localhost:37199|client:localhost:33573|dataStream:localhost:37575|priority:0|startupRole:FOLLOWER]|listeners:[], old=null RUNNING
  s2:  RUNNING  FOLLOWER s2@group-BE38CA648A1A:t2, leader=s0, voted=s0, raftlog=Memoized:s2@group-BE38CA648A1A-SegmentedRaftLog:OPENED:c51, conf=50: peers:[s0|rpc:localhost:38633|admin:localhost:40929|client:localhost:41533|dataStream:localhost:40517|priority:0|startupRole:FOLLOWER, s1|rpc:localhost:34777|admin:localhost:37585|client:localhost:41985|dataStream:localhost:37955|priority:0|startupRole:FOLLOWER, s2|rpc:localhost:44299|admin:localhost:37199|client:localhost:33573|dataStream:localhost:37575|priority:0|startupRole:FOLLOWER]|listeners:[], old=null RUNNING
2023-01-06 13:39:44,063 [timer5] WARN  grpc.GrpcUtil (GrpcUtil.java:shutdownManagedChannel(223)) - Timed out gracefully shutting down connection: ManagedChannelOrphanWrapper{delegate=ManagedChannelImpl{logId=789, target=localhost:41533}}. 
2023-01-06 13:39:44,156 [timer6] WARN  grpc.GrpcUtil (GrpcUtil.java:shutdownManagedChannel(223)) - Timed out gracefully shutting down connection: ManagedChannelOrphanWrapper{delegate=ManagedChannelImpl{logId=803, target=localhost:41533}}. 
2023-01-06 13:39:50,180 [timer7] WARN  grpc.GrpcUtil (GrpcUtil.java:shutdownManagedChannel(223)) - Timed out gracefully shutting down connection: ManagedChannelOrphanWrapper{delegate=ManagedChannelImpl{logId=817, target=localhost:41533}}. 
2023-01-06 13:39:50,268 [timer0] WARN  grpc.GrpcUtil (GrpcUtil.java:shutdownManagedChannel(223)) - Timed out gracefully shutting down connection: ManagedChannelOrphanWrapper{delegate=ManagedChannelImpl{logId=831, target=localhost:41533}}. 
2023-01-06 13:39:53,211 [Timer-2] INFO  impl.MiniRaftCluster (MiniRaftCluster.java:lambda$start$6(349)) - TIMED-PRINT: printing ALL groups
  s0:  RUNNING    LEADER s0@group-BE38CA648A1A:t2, leader=s0, voted=s0, raftlog=Memoized:s0@group-BE38CA648A1A-SegmentedRaftLog:OPENED:c51, conf=50: peers:[s0|rpc:localhost:38633|admin:localhost:40929|client:localhost:41533|dataStream:localhost:40517|priority:0|startupRole:FOLLOWER, s1|rpc:localhost:34777|admin:localhost:37585|client:localhost:41985|dataStream:localhost:37955|priority:0|startupRole:FOLLOWER, s2|rpc:localhost:44299|admin:localhost:37199|client:localhost:33573|dataStream:localhost:37575|priority:0|startupRole:FOLLOWER]|listeners:[], old=null RUNNING
  s1:  RUNNING  FOLLOWER s1@group-BE38CA648A1A:t2, leader=s0, voted=s0, raftlog=Memoized:s1@group-BE38CA648A1A-SegmentedRaftLog:OPENED:c51, conf=50: peers:[s0|rpc:localhost:38633|admin:localhost:40929|client:localhost:41533|dataStream:localhost:40517|priority:0|startupRole:FOLLOWER, s1|rpc:localhost:34777|admin:localhost:37585|client:localhost:41985|dataStream:localhost:37955|priority:0|startupRole:FOLLOWER, s2|rpc:localhost:44299|admin:localhost:37199|client:localhost:33573|dataStream:localhost:37575|priority:0|startupRole:FOLLOWER]|listeners:[], old=null RUNNING
  s2:  RUNNING  FOLLOWER s2@group-BE38CA648A1A:t2, leader=s0, voted=s0, raftlog=Memoized:s2@group-BE38CA648A1A-SegmentedRaftLog:OPENED:c51, conf=50: peers:[s0|rpc:localhost:38633|admin:localhost:40929|client:localhost:41533|dataStream:localhost:40517|priority:0|startupRole:FOLLOWER, s1|rpc:localhost:34777|admin:localhost:37585|client:localhost:41985|dataStream:localhost:37955|priority:0|startupRole:FOLLOWER, s2|rpc:localhost:44299|admin:localhost:37199|client:localhost:33573|dataStream:localhost:37575|priority:0|startupRole:FOLLOWER]|listeners:[], old=null RUNNING
2023-01-06 13:39:56,295 [timer6] WARN  grpc.GrpcUtil (GrpcUtil.java:shutdownManagedChannel(223)) - Timed out gracefully shutting down connection: ManagedChannelOrphanWrapper{delegate=ManagedChannelImpl{logId=845, target=localhost:41533}}. 
2023-01-06 13:39:56,378 [timer7] WARN  grpc.GrpcUtil (GrpcUtil.java:shutdownManagedChannel(223)) - Timed out gracefully shutting down connection: ManagedChannelOrphanWrapper{delegate=ManagedChannelImpl{logId=859, target=localhost:41533}}. 
2023-01-06 13:40:02,406 [timer6] WARN  grpc.GrpcUtil (GrpcUtil.java:shutdownManagedChannel(223)) - Timed out gracefully shutting down connection: ManagedChannelOrphanWrapper{delegate=ManagedChannelImpl{logId=873, target=localhost:41533}}. 
2023-01-06 13:40:02,489 [timer0] WARN  grpc.GrpcUtil (GrpcUtil.java:shutdownManagedChannel(223)) - Timed out gracefully shutting down connection: ManagedChannelOrphanWrapper{delegate=ManagedChannelImpl{logId=887, target=localhost:41533}}. 
2023-01-06 13:40:02,519 [s0-client-thread2] INFO  statemachine.StateMachine (DataStreamTestUtils.java:link(157)) - link null
2023-01-06 13:40:02,520 [s2-server-thread1] INFO  statemachine.StateMachine (DataStreamTestUtils.java:link(157)) - link null
2023-01-06 13:40:02,520 [s1-server-thread1] INFO  statemachine.StateMachine (DataStreamTestUtils.java:link(157)) - link null
2023-01-06 13:40:02,521 [grpc-default-executor-6] WARN  server.GrpcServerProtocolService (LogUtils.java:warn(124)) - s2: Failed APPEND_ENTRIES request s0->s2#1650-t2,previous=(t:2, i:57),leaderCommit=51,initializing? true,entries: size=1, first=(t:2, i:58), STATEMACHINELOGENTRY, 401@client-A47E3FAEED08
java.util.concurrent.CompletionException: org.apache.ratis.server.raftlog.RaftLogIOException: Log already failed at index 52 for task WriteLog:52: (t:2, i:52), STATEMACHINELOGENTRY, StateMachineLogEntryProto:401@client-A47E3FAEED08
	at java.base/java.util.concurrent.CompletableFuture.encodeThrowable(CompletableFuture.java:331)
	at java.base/java.util.concurrent.CompletableFuture.completeThrowable(CompletableFuture.java:346)
	at java.base/java.util.concurrent.CompletableFuture$BiRelay.tryFire(CompletableFuture.java:1423)
	at java.base/java.util.concurrent.CompletableFuture$CoCompletion.tryFire(CompletableFuture.java:1144)
	at java.base/java.util.concurrent.CompletableFuture.postComplete(CompletableFuture.java:506)
	at java.base/java.util.concurrent.CompletableFuture.completeExceptionally(CompletableFuture.java:2088)
	at org.apache.ratis.server.raftlog.segmented.SegmentedRaftLog$Task.failed(SegmentedRaftLog.java:105)
	at org.apache.ratis.server.raftlog.segmented.SegmentedRaftLogWorker$WriteLog.failed(SegmentedRaftLogWorker.java:519)
	at org.apache.ratis.server.raftlog.segmented.SegmentedRaftLogWorker.run(SegmentedRaftLogWorker.java:317)
	at java.base/java.lang.Thread.run(Thread.java:829)
Caused by: org.apache.ratis.server.raftlog.RaftLogIOException: Log already failed at index 52 for task WriteLog:52: (t:2, i:52), STATEMACHINELOGENTRY, StateMachineLogEntryProto:401@client-A47E3FAEED08
	at org.apache.ratis.server.raftlog.segmented.SegmentedRaftLogWorker.run(SegmentedRaftLogWorker.java:320)
	... 1 more
Caused by: java.io.IOException: java.lang.IllegalStateException: Null stream: entry=term: 2
index: 52
stateMachineLogEntry {
  type: DATASTREAM
  clientId: "G./W)\216@Y\245\374\244~?\256\355\b"
  callId: 401
}

	at org.apache.ratis.util.IOUtils.asIOException(IOUtils.java:56)
	at org.apache.ratis.util.IOUtils.toIOException(IOUtils.java:61)
	at org.apache.ratis.util.IOUtils.getFromFuture(IOUtils.java:85)
	at org.apache.ratis.server.raftlog.segmented.SegmentedRaftLogWorker$StateMachineDataPolicy.getFromFuture(SegmentedRaftLogWorker.java:88)
	at org.apache.ratis.server.raftlog.segmented.SegmentedRaftLogWorker$WriteLog.execute(SegmentedRaftLogWorker.java:540)
	at org.apache.ratis.server.raftlog.segmented.SegmentedRaftLogWorker.run(SegmentedRaftLogWorker.java:308)
	... 1 more
Caused by: java.lang.IllegalStateException: Null stream: entry=term: 2
index: 52
stateMachineLogEntry {
  type: DATASTREAM
  clientId: "G./W)\216@Y\245\374\244~?\256\355\b"
  callId: 401
}

	at org.apache.ratis.datastream.DataStreamTestUtils$MultiDataStreamStateMachine.link(DataStreamTestUtils.java:159)
	at org.apache.ratis.server.raftlog.segmented.SegmentedRaftLogWorker$WriteLog.<init>(SegmentedRaftLogWorker.java:497)
	at org.apache.ratis.server.raftlog.segmented.SegmentedRaftLogWorker.writeLogEntry(SegmentedRaftLogWorker.java:443)
	at org.apache.ratis.server.raftlog.segmented.SegmentedRaftLog.appendEntryImpl(SegmentedRaftLog.java:409)
	at org.apache.ratis.server.raftlog.RaftLogBase.lambda$appendEntry$10(RaftLogBase.java:330)
	at org.apache.ratis.server.raftlog.RaftLogSequentialOps$Runner.runSequentially(RaftLogSequentialOps.java:78)
	at org.apache.ratis.server.raftlog.RaftLogBase.appendEntry(RaftLogBase.java:330)
	at org.apache.ratis.server.raftlog.segmented.SegmentedRaftLog.appendImpl(SegmentedRaftLog.java:456)
	at org.apache.ratis.server.raftlog.RaftLogBase.lambda$append$11(RaftLogBase.java:337)
	at org.apache.ratis.server.raftlog.RaftLogSequentialOps$Runner.runSequentially(RaftLogSequentialOps.java:69)
	at org.apache.ratis.server.raftlog.RaftLogBase.append(RaftLogBase.java:337)
	at org.apache.ratis.server.impl.RaftServerImpl.appendEntriesAsync(RaftServerImpl.java:1523)
	at org.apache.ratis.server.impl.RaftServerImpl.appendEntriesAsync(RaftServerImpl.java:1391)
	at org.apache.ratis.server.impl.RaftServerProxy.lambda$appendEntriesAsync$26(RaftServerProxy.java:634)
	at org.apache.ratis.util.JavaUtils.callAsUnchecked(JavaUtils.java:117)
	at org.apache.ratis.server.impl.RaftServerImpl.lambda$executeSubmitServerRequestAsync$11(RaftServerImpl.java:814)
	at java.base/java.util.concurrent.CompletableFuture$AsyncSupply.run(CompletableFuture.java:1700)
	at java.base/java.util.concurrent.ThreadPoolExecutor.runWorker(ThreadPoolExecutor.java:1128)
	at java.base/java.util.concurrent.ThreadPoolExecutor$Worker.run(ThreadPoolExecutor.java:628)
	... 1 more
2023-01-06 13:40:02,522 [grpc-default-executor-7] WARN  server.GrpcServerProtocolService (LogUtils.java:warn(124)) - s1: Failed APPEND_ENTRIES request s0->s1#1654-t2,previous=(t:2, i:57),leaderCommit=51,initializing? true,entries: size=1, first=(t:2, i:58), STATEMACHINELOGENTRY, 401@client-A47E3FAEED08
java.util.concurrent.CompletionException: org.apache.ratis.server.raftlog.RaftLogIOException: Log already failed at index 52 for task WriteLog:52: (t:2, i:52), STATEMACHINELOGENTRY, StateMachineLogEntryProto:401@client-A47E3FAEED08
	at java.base/java.util.concurrent.CompletableFuture.encodeThrowable(CompletableFuture.java:331)
	at java.base/java.util.concurrent.CompletableFuture.andTree(CompletableFuture.java:1452)
	at java.base/java.util.concurrent.CompletableFuture.allOf(CompletableFuture.java:2337)
	at org.apache.ratis.util.JavaUtils.allOf(JavaUtils.java:278)
	at org.apache.ratis.server.impl.RaftServerImpl.appendEntriesAsync(RaftServerImpl.java:1535)
	at org.apache.ratis.server.impl.RaftServerImpl.appendEntriesAsync(RaftServerImpl.java:1391)
	at org.apache.ratis.server.impl.RaftServerProxy.lambda$appendEntriesAsync$26(RaftServerProxy.java:634)
	at org.apache.ratis.util.JavaUtils.callAsUnchecked(JavaUtils.java:117)
	at org.apache.ratis.server.impl.RaftServerImpl.lambda$executeSubmitServerRequestAsync$11(RaftServerImpl.java:814)
	at java.base/java.util.concurrent.CompletableFuture$AsyncSupply.run(CompletableFuture.java:1700)
	at java.base/java.util.concurrent.ThreadPoolExecutor.runWorker(ThreadPoolExecutor.java:1128)
	at java.base/java.util.concurrent.ThreadPoolExecutor$Worker.run(ThreadPoolExecutor.java:628)
	at java.base/java.lang.Thread.run(Thread.java:829)
Caused by: org.apache.ratis.server.raftlog.RaftLogIOException: Log already failed at index 52 for task WriteLog:52: (t:2, i:52), STATEMACHINELOGENTRY, StateMachineLogEntryProto:401@client-A47E3FAEED08
	at org.apache.ratis.server.raftlog.segmented.SegmentedRaftLogWorker.run(SegmentedRaftLogWorker.java:320)
	... 1 more
Caused by: java.io.IOException: java.lang.IllegalStateException: Null stream: entry=term: 2
index: 52
stateMachineLogEntry {
  type: DATASTREAM
  clientId: "G./W)\216@Y\245\374\244~?\256\355\b"
  callId: 401
}

	at org.apache.ratis.util.IOUtils.asIOException(IOUtils.java:56)
	at org.apache.ratis.util.IOUtils.toIOException(IOUtils.java:61)
	at org.apache.ratis.util.IOUtils.getFromFuture(IOUtils.java:85)
	at org.apache.ratis.server.raftlog.segmented.SegmentedRaftLogWorker$StateMachineDataPolicy.getFromFuture(SegmentedRaftLogWorker.java:88)
	at org.apache.ratis.server.raftlog.segmented.SegmentedRaftLogWorker$WriteLog.execute(SegmentedRaftLogWorker.java:540)
	at org.apache.ratis.server.raftlog.segmented.SegmentedRaftLogWorker.run(SegmentedRaftLogWorker.java:308)
	... 1 more
Caused by: java.lang.IllegalStateException: Null stream: entry=term: 2
index: 52
stateMachineLogEntry {
  type: DATASTREAM
  clientId: "G./W)\216@Y\245\374\244~?\256\355\b"
  callId: 401
}

	at org.apache.ratis.datastream.DataStreamTestUtils$MultiDataStreamStateMachine.link(DataStreamTestUtils.java:159)
	at org.apache.ratis.server.raftlog.segmented.SegmentedRaftLogWorker$WriteLog.<init>(SegmentedRaftLogWorker.java:497)
	at org.apache.ratis.server.raftlog.segmented.SegmentedRaftLogWorker.writeLogEntry(SegmentedRaftLogWorker.java:443)
	at org.apache.ratis.server.raftlog.segmented.SegmentedRaftLog.appendEntryImpl(SegmentedRaftLog.java:409)
	at org.apache.ratis.server.raftlog.RaftLogBase.lambda$appendEntry$10(RaftLogBase.java:330)
	at org.apache.ratis.server.raftlog.RaftLogSequentialOps$Runner.runSequentially(RaftLogSequentialOps.java:78)
	at org.apache.ratis.server.raftlog.RaftLogBase.appendEntry(RaftLogBase.java:330)
	at org.apache.ratis.server.raftlog.segmented.SegmentedRaftLog.appendImpl(SegmentedRaftLog.java:456)
	at org.apache.ratis.server.raftlog.RaftLogBase.lambda$append$11(RaftLogBase.java:337)
	at org.apache.ratis.server.raftlog.RaftLogSequentialOps$Runner.runSequentially(RaftLogSequentialOps.java:69)
	at org.apache.ratis.server.raftlog.RaftLogBase.append(RaftLogBase.java:337)
	at org.apache.ratis.server.impl.RaftServerImpl.appendEntriesAsync(RaftServerImpl.java:1523)
	at org.apache.ratis.server.impl.RaftServerImpl.appendEntriesAsync(RaftServerImpl.java:1391)
	at org.apache.ratis.server.impl.RaftServerProxy.lambda$appendEntriesAsync$26(RaftServerProxy.java:634)
	at org.apache.ratis.util.JavaUtils.callAsUnchecked(JavaUtils.java:117)
	at org.apache.ratis.server.impl.RaftServerImpl.lambda$executeSubmitServerRequestAsync$11(RaftServerImpl.java:814)
	at java.base/java.util.concurrent.CompletableFuture$AsyncSupply.run(CompletableFuture.java:1700)
	at java.base/java.util.concurrent.ThreadPoolExecutor.runWorker(ThreadPoolExecutor.java:1128)
	at java.base/java.util.concurrent.ThreadPoolExecutor$Worker.run(ThreadPoolExecutor.java:628)
	... 1 more
2023-01-06 13:40:02,530 [grpc-default-executor-7] WARN  server.GrpcLogAppender (LogUtils.java:warn(124)) - s0@group-BE38CA648A1A->s2-AppendLogResponseHandler: Failed appendEntries
org.apache.ratis.server.raftlog.RaftLogIOException: Log already failed at index 52 for task WriteLog:52: (t:2, i:52), STATEMACHINELOGENTRY, StateMachineLogEntryProto:401@client-A47E3FAEED08
	at org.apache.ratis.server.raftlog.segmented.SegmentedRaftLogWorker.run(SegmentedRaftLogWorker.java:320)
	at java.base/java.lang.Thread.run(Thread.java:829)
Caused by: java.io.IOException: java.lang.IllegalStateException: Null stream: entry=term: 2
index: 52
stateMachineLogEntry {
  type: DATASTREAM
  clientId: "G./W)\216@Y\245\374\244~?\256\355\b"
  callId: 401
}

	at org.apache.ratis.util.IOUtils.asIOException(IOUtils.java:56)
	at org.apache.ratis.util.IOUtils.toIOException(IOUtils.java:61)
	at org.apache.ratis.util.IOUtils.getFromFuture(IOUtils.java:85)
	at org.apache.ratis.server.raftlog.segmented.SegmentedRaftLogWorker$StateMachineDataPolicy.getFromFuture(SegmentedRaftLogWorker.java:88)
	at org.apache.ratis.server.raftlog.segmented.SegmentedRaftLogWorker$WriteLog.execute(SegmentedRaftLogWorker.java:540)
	at org.apache.ratis.server.raftlog.segmented.SegmentedRaftLogWorker.run(SegmentedRaftLogWorker.java:308)
	... 1 more
Caused by: java.lang.IllegalStateException: Null stream: entry=term: 2
index: 52
stateMachineLogEntry {
  type: DATASTREAM
  clientId: "G./W)\216@Y\245\374\244~?\256\355\b"
  callId: 401
}

	at org.apache.ratis.datastream.DataStreamTestUtils$MultiDataStreamStateMachine.link(DataStreamTestUtils.java:159)
	at org.apache.ratis.server.raftlog.segmented.SegmentedRaftLogWorker$WriteLog.<init>(SegmentedRaftLogWorker.java:497)
	at org.apache.ratis.server.raftlog.segmented.SegmentedRaftLogWorker.writeLogEntry(SegmentedRaftLogWorker.java:443)
	at org.apache.ratis.server.raftlog.segmented.SegmentedRaftLog.appendEntryImpl(SegmentedRaftLog.java:409)
	at org.apache.ratis.server.raftlog.RaftLogBase.lambda$appendEntry$10(RaftLogBase.java:330)
	at org.apache.ratis.server.raftlog.RaftLogSequentialOps$Runner.runSequentially(RaftLogSequentialOps.java:78)
	at org.apache.ratis.server.raftlog.RaftLogBase.appendEntry(RaftLogBase.java:330)
	at org.apache.ratis.server.raftlog.segmented.SegmentedRaftLog.appendImpl(SegmentedRaftLog.java:456)
	at org.apache.ratis.server.raftlog.RaftLogBase.lambda$append$11(RaftLogBase.java:337)
	at org.apache.ratis.server.raftlog.RaftLogSequentialOps$Runner.runSequentially(RaftLogSequentialOps.java:69)
	at org.apache.ratis.server.raftlog.RaftLogBase.append(RaftLogBase.java:337)
	at org.apache.ratis.server.impl.RaftServerImpl.appendEntriesAsync(RaftServerImpl.java:1523)
	at org.apache.ratis.server.impl.RaftServerImpl.appendEntriesAsync(RaftServerImpl.java:1391)
	at org.apache.ratis.server.impl.RaftServerProxy.lambda$appendEntriesAsync$26(RaftServerProxy.java:634)
	at org.apache.ratis.util.JavaUtils.callAsUnchecked(JavaUtils.java:117)
	at org.apache.ratis.server.impl.RaftServerImpl.lambda$executeSubmitServerRequestAsync$11(RaftServerImpl.java:814)
	at java.base/java.util.concurrent.CompletableFuture$AsyncSupply.run(CompletableFuture.java:1700)
	at java.base/java.util.concurrent.ThreadPoolExecutor.runWorker(ThreadPoolExecutor.java:1128)
	at java.base/java.util.concurrent.ThreadPoolExecutor$Worker.run(ThreadPoolExecutor.java:628)
	... 1 more
2023-01-06 13:40:02,531 [grpc-default-executor-7] INFO  leader.FollowerInfo (FollowerInfoImpl.java:lambda$new$0(48)) - s0@group-BE38CA648A1A->s2: nextIndex: updateUnconditionally 59 -> 58
2023-01-06 13:40:02,531 [grpc-default-executor-6] WARN  server.GrpcLogAppender (LogUtils.java:warn(124)) - s0@group-BE38CA648A1A->s1-AppendLogResponseHandler: Failed appendEntries
org.apache.ratis.server.raftlog.RaftLogIOException: Log already failed at index 52 for task WriteLog:52: (t:2, i:52), STATEMACHINELOGENTRY, StateMachineLogEntryProto:401@client-A47E3FAEED08
	at org.apache.ratis.server.raftlog.segmented.SegmentedRaftLogWorker.run(SegmentedRaftLogWorker.java:320)
	at java.base/java.lang.Thread.run(Thread.java:829)
Caused by: java.io.IOException: java.lang.IllegalStateException: Null stream: entry=term: 2
index: 52
stateMachineLogEntry {
  type: DATASTREAM
  clientId: "G./W)\216@Y\245\374\244~?\256\355\b"
  callId: 401
}

	at org.apache.ratis.util.IOUtils.asIOException(IOUtils.java:56)
	at org.apache.ratis.util.IOUtils.toIOException(IOUtils.java:61)
	at org.apache.ratis.util.IOUtils.getFromFuture(IOUtils.java:85)
	at org.apache.ratis.server.raftlog.segmented.SegmentedRaftLogWorker$StateMachineDataPolicy.getFromFuture(SegmentedRaftLogWorker.java:88)
	at org.apache.ratis.server.raftlog.segmented.SegmentedRaftLogWorker$WriteLog.execute(SegmentedRaftLogWorker.java:540)
	at org.apache.ratis.server.raftlog.segmented.SegmentedRaftLogWorker.run(SegmentedRaftLogWorker.java:308)
	... 1 more
Caused by: java.lang.IllegalStateException: Null stream: entry=term: 2
index: 52
stateMachineLogEntry {
  type: DATASTREAM
  clientId: "G./W)\216@Y\245\374\244~?\256\355\b"
  callId: 401
}

	at org.apache.ratis.datastream.DataStreamTestUtils$MultiDataStreamStateMachine.link(DataStreamTestUtils.java:159)
	at org.apache.ratis.server.raftlog.segmented.SegmentedRaftLogWorker$WriteLog.<init>(SegmentedRaftLogWorker.java:497)
	at org.apache.ratis.server.raftlog.segmented.SegmentedRaftLogWorker.writeLogEntry(SegmentedRaftLogWorker.java:443)
	at org.apache.ratis.server.raftlog.segmented.SegmentedRaftLog.appendEntryImpl(SegmentedRaftLog.java:409)
	at org.apache.ratis.server.raftlog.RaftLogBase.lambda$appendEntry$10(RaftLogBase.java:330)
	at org.apache.ratis.server.raftlog.RaftLogSequentialOps$Runner.runSequentially(RaftLogSequentialOps.java:78)
	at org.apache.ratis.server.raftlog.RaftLogBase.appendEntry(RaftLogBase.java:330)
	at org.apache.ratis.server.raftlog.segmented.SegmentedRaftLog.appendImpl(SegmentedRaftLog.java:456)
	at org.apache.ratis.server.raftlog.RaftLogBase.lambda$append$11(RaftLogBase.java:337)
	at org.apache.ratis.server.raftlog.RaftLogSequentialOps$Runner.runSequentially(RaftLogSequentialOps.java:69)
	at org.apache.ratis.server.raftlog.RaftLogBase.append(RaftLogBase.java:337)
	at org.apache.ratis.server.impl.RaftServerImpl.appendEntriesAsync(RaftServerImpl.java:1523)
	at org.apache.ratis.server.impl.RaftServerImpl.appendEntriesAsync(RaftServerImpl.java:1391)
	at org.apache.ratis.server.impl.RaftServerProxy.lambda$appendEntriesAsync$26(RaftServerProxy.java:634)
	at org.apache.ratis.util.JavaUtils.callAsUnchecked(JavaUtils.java:117)
	at org.apache.ratis.server.impl.RaftServerImpl.lambda$executeSubmitServerRequestAsync$11(RaftServerImpl.java:814)
	at java.base/java.util.concurrent.CompletableFuture$AsyncSupply.run(CompletableFuture.java:1700)
	at java.base/java.util.concurrent.ThreadPoolExecutor.runWorker(ThreadPoolExecutor.java:1128)
	at java.base/java.util.concurrent.ThreadPoolExecutor$Worker.run(ThreadPoolExecutor.java:628)
	... 1 more
2023-01-06 13:40:02,531 [grpc-default-executor-6] INFO  leader.FollowerInfo (FollowerInfoImpl.java:lambda$new$0(48)) - s0@group-BE38CA648A1A->s1: nextIndex: updateUnconditionally 59 -> 58
2023-01-06 13:40:02,602 [s0-client-thread2] INFO  statemachine.StateMachine (DataStreamTestUtils.java:link(157)) - link null
2023-01-06 13:40:02,603 [s2-server-thread2] INFO  statemachine.StateMachine (DataStreamTestUtils.java:link(157)) - link null
2023-01-06 13:40:02,603 [s1-server-thread1] INFO  statemachine.StateMachine (DataStreamTestUtils.java:link(157)) - link null
2023-01-06 13:40:02,604 [s2-server-thread2] WARN  server.GrpcServerProtocolService (LogUtils.java:warn(124)) - s2: Failed APPEND_ENTRIES request s0->s2#1652-t2,previous=(t:2, i:58),leaderCommit=51,initializing? true,entries: size=1, first=(t:2, i:59), STATEMACHINELOGENTRY, 407@client-3655CF99F1FA
java.util.concurrent.CompletionException: org.apache.ratis.server.raftlog.RaftLogIOException: Log already failed at index 52 for task WriteLog:52: (t:2, i:52), STATEMACHINELOGENTRY, StateMachineLogEntryProto:401@client-A47E3FAEED08
	at java.base/java.util.concurrent.CompletableFuture.encodeThrowable(CompletableFuture.java:331)
	at java.base/java.util.concurrent.CompletableFuture.completeThrowable(CompletableFuture.java:346)
	at java.base/java.util.concurrent.CompletableFuture$BiRelay.tryFire(CompletableFuture.java:1423)
	at java.base/java.util.concurrent.CompletableFuture$CoCompletion.tryFire(CompletableFuture.java:1144)
	at java.base/java.util.concurrent.CompletableFuture.postComplete(CompletableFuture.java:506)
	at java.base/java.util.concurrent.CompletableFuture.completeExceptionally(CompletableFuture.java:2088)
	at org.apache.ratis.server.raftlog.segmented.SegmentedRaftLog$Task.failed(SegmentedRaftLog.java:105)
	at org.apache.ratis.server.raftlog.segmented.SegmentedRaftLogWorker$WriteLog.failed(SegmentedRaftLogWorker.java:519)
	at org.apache.ratis.server.raftlog.segmented.SegmentedRaftLogWorker.run(SegmentedRaftLogWorker.java:317)
	at java.base/java.lang.Thread.run(Thread.java:829)
Caused by: org.apache.ratis.server.raftlog.RaftLogIOException: Log already failed at index 52 for task WriteLog:52: (t:2, i:52), STATEMACHINELOGENTRY, StateMachineLogEntryProto:401@client-A47E3FAEED08
	at org.apache.ratis.server.raftlog.segmented.SegmentedRaftLogWorker.run(SegmentedRaftLogWorker.java:320)
	... 1 more
Caused by: java.io.IOException: java.lang.IllegalStateException: Null stream: entry=term: 2
index: 52
stateMachineLogEntry {
  type: DATASTREAM
  clientId: "G./W)\216@Y\245\374\244~?\256\355\b"
  callId: 401
}

	at org.apache.ratis.util.IOUtils.asIOException(IOUtils.java:56)
	at org.apache.ratis.util.IOUtils.toIOException(IOUtils.java:61)
	at org.apache.ratis.util.IOUtils.getFromFuture(IOUtils.java:85)
	at org.apache.ratis.server.raftlog.segmented.SegmentedRaftLogWorker$StateMachineDataPolicy.getFromFuture(SegmentedRaftLogWorker.java:88)
	at org.apache.ratis.server.raftlog.segmented.SegmentedRaftLogWorker$WriteLog.execute(SegmentedRaftLogWorker.java:540)
	at org.apache.ratis.server.raftlog.segmented.SegmentedRaftLogWorker.run(SegmentedRaftLogWorker.java:308)
	... 1 more
Caused by: java.lang.IllegalStateException: Null stream: entry=term: 2
index: 52
stateMachineLogEntry {
  type: DATASTREAM
  clientId: "G./W)\216@Y\245\374\244~?\256\355\b"
  callId: 401
}

	at org.apache.ratis.datastream.DataStreamTestUtils$MultiDataStreamStateMachine.link(DataStreamTestUtils.java:159)
	at org.apache.ratis.server.raftlog.segmented.SegmentedRaftLogWorker$WriteLog.<init>(SegmentedRaftLogWorker.java:497)
	at org.apache.ratis.server.raftlog.segmented.SegmentedRaftLogWorker.writeLogEntry(SegmentedRaftLogWorker.java:443)
	at org.apache.ratis.server.raftlog.segmented.SegmentedRaftLog.appendEntryImpl(SegmentedRaftLog.java:409)
	at org.apache.ratis.server.raftlog.RaftLogBase.lambda$appendEntry$10(RaftLogBase.java:330)
	at org.apache.ratis.server.raftlog.RaftLogSequentialOps$Runner.runSequentially(RaftLogSequentialOps.java:78)
	at org.apache.ratis.server.raftlog.RaftLogBase.appendEntry(RaftLogBase.java:330)
	at org.apache.ratis.server.raftlog.segmented.SegmentedRaftLog.appendImpl(SegmentedRaftLog.java:456)
	at org.apache.ratis.server.raftlog.RaftLogBase.lambda$append$11(RaftLogBase.java:337)
	at org.apache.ratis.server.raftlog.RaftLogSequentialOps$Runner.runSequentially(RaftLogSequentialOps.java:69)
	at org.apache.ratis.server.raftlog.RaftLogBase.append(RaftLogBase.java:337)
	at org.apache.ratis.server.impl.RaftServerImpl.appendEntriesAsync(RaftServerImpl.java:1523)
	at org.apache.ratis.server.impl.RaftServerImpl.appendEntriesAsync(RaftServerImpl.java:1391)
	at org.apache.ratis.server.impl.RaftServerProxy.lambda$appendEntriesAsync$26(RaftServerProxy.java:634)
	at org.apache.ratis.util.JavaUtils.callAsUnchecked(JavaUtils.java:117)
	at org.apache.ratis.server.impl.RaftServerImpl.lambda$executeSubmitServerRequestAsync$11(RaftServerImpl.java:814)
	at java.base/java.util.concurrent.CompletableFuture$AsyncSupply.run(CompletableFuture.java:1700)
	at java.base/java.util.concurrent.ThreadPoolExecutor.runWorker(ThreadPoolExecutor.java:1128)
	at java.base/java.util.concurrent.ThreadPoolExecutor$Worker.run(ThreadPoolExecutor.java:628)
	... 1 more
2023-01-06 13:40:02,604 [grpc-default-executor-7] WARN  server.GrpcServerProtocolService (LogUtils.java:warn(124)) - s1: Failed APPEND_ENTRIES request s0->s1#1656-t2,previous=(t:2, i:58),leaderCommit=51,initializing? true,entries: size=1, first=(t:2, i:59), STATEMACHINELOGENTRY, 407@client-3655CF99F1FA
java.util.concurrent.CompletionException: org.apache.ratis.server.raftlog.RaftLogIOException: Log already failed at index 52 for task WriteLog:52: (t:2, i:52), STATEMACHINELOGENTRY, StateMachineLogEntryProto:401@client-A47E3FAEED08
	at java.base/java.util.concurrent.CompletableFuture.encodeThrowable(CompletableFuture.java:331)
	at java.base/java.util.concurrent.CompletableFuture.andTree(CompletableFuture.java:1452)
	at java.base/java.util.concurrent.CompletableFuture.allOf(CompletableFuture.java:2337)
	at org.apache.ratis.util.JavaUtils.allOf(JavaUtils.java:278)
	at org.apache.ratis.server.impl.RaftServerImpl.appendEntriesAsync(RaftServerImpl.java:1535)
	at org.apache.ratis.server.impl.RaftServerImpl.appendEntriesAsync(RaftServerImpl.java:1391)
	at org.apache.ratis.server.impl.RaftServerProxy.lambda$appendEntriesAsync$26(RaftServerProxy.java:634)
	at org.apache.ratis.util.JavaUtils.callAsUnchecked(JavaUtils.java:117)
	at org.apache.ratis.server.impl.RaftServerImpl.lambda$executeSubmitServerRequestAsync$11(RaftServerImpl.java:814)
	at java.base/java.util.concurrent.CompletableFuture$AsyncSupply.run(CompletableFuture.java:1700)
	at java.base/java.util.concurrent.ThreadPoolExecutor.runWorker(ThreadPoolExecutor.java:1128)
	at java.base/java.util.concurrent.ThreadPoolExecutor$Worker.run(ThreadPoolExecutor.java:628)
	at java.base/java.lang.Thread.run(Thread.java:829)
Caused by: org.apache.ratis.server.raftlog.RaftLogIOException: Log already failed at index 52 for task WriteLog:52: (t:2, i:52), STATEMACHINELOGENTRY, StateMachineLogEntryProto:401@client-A47E3FAEED08
	at org.apache.ratis.server.raftlog.segmented.SegmentedRaftLogWorker.run(SegmentedRaftLogWorker.java:320)
	... 1 more
Caused by: java.io.IOException: java.lang.IllegalStateException: Null stream: entry=term: 2
index: 52
stateMachineLogEntry {
  type: DATASTREAM
  clientId: "G./W)\216@Y\245\374\244~?\256\355\b"
  callId: 401
}

	at org.apache.ratis.util.IOUtils.asIOException(IOUtils.java:56)
	at org.apache.ratis.util.IOUtils.toIOException(IOUtils.java:61)
	at org.apache.ratis.util.IOUtils.getFromFuture(IOUtils.java:85)
	at org.apache.ratis.server.raftlog.segmented.SegmentedRaftLogWorker$StateMachineDataPolicy.getFromFuture(SegmentedRaftLogWorker.java:88)
	at org.apache.ratis.server.raftlog.segmented.SegmentedRaftLogWorker$WriteLog.execute(SegmentedRaftLogWorker.java:540)
	at org.apache.ratis.server.raftlog.segmented.SegmentedRaftLogWorker.run(SegmentedRaftLogWorker.java:308)
	... 1 more
Caused by: java.lang.IllegalStateException: Null stream: entry=term: 2
index: 52
stateMachineLogEntry {
  type: DATASTREAM
  clientId: "G./W)\216@Y\245\374\244~?\256\355\b"
  callId: 401
}

	at org.apache.ratis.datastream.DataStreamTestUtils$MultiDataStreamStateMachine.link(DataStreamTestUtils.java:159)
	at org.apache.ratis.server.raftlog.segmented.SegmentedRaftLogWorker$WriteLog.<init>(SegmentedRaftLogWorker.java:497)
	at org.apache.ratis.server.raftlog.segmented.SegmentedRaftLogWorker.writeLogEntry(SegmentedRaftLogWorker.java:443)
	at org.apache.ratis.server.raftlog.segmented.SegmentedRaftLog.appendEntryImpl(SegmentedRaftLog.java:409)
	at org.apache.ratis.server.raftlog.RaftLogBase.lambda$appendEntry$10(RaftLogBase.java:330)
	at org.apache.ratis.server.raftlog.RaftLogSequentialOps$Runner.runSequentially(RaftLogSequentialOps.java:78)
	at org.apache.ratis.server.raftlog.RaftLogBase.appendEntry(RaftLogBase.java:330)
	at org.apache.ratis.server.raftlog.segmented.SegmentedRaftLog.appendImpl(SegmentedRaftLog.java:456)
	at org.apache.ratis.server.raftlog.RaftLogBase.lambda$append$11(RaftLogBase.java:337)
	at org.apache.ratis.server.raftlog.RaftLogSequentialOps$Runner.runSequentially(RaftLogSequentialOps.java:69)
	at org.apache.ratis.server.raftlog.RaftLogBase.append(RaftLogBase.java:337)
	at org.apache.ratis.server.impl.RaftServerImpl.appendEntriesAsync(RaftServerImpl.java:1523)
	at org.apache.ratis.server.impl.RaftServerImpl.appendEntriesAsync(RaftServerImpl.java:1391)
	at org.apache.ratis.server.impl.RaftServerProxy.lambda$appendEntriesAsync$26(RaftServerProxy.java:634)
	at org.apache.ratis.util.JavaUtils.callAsUnchecked(JavaUtils.java:117)
	at org.apache.ratis.server.impl.RaftServerImpl.lambda$executeSubmitServerRequestAsync$11(RaftServerImpl.java:814)
	at java.base/java.util.concurrent.CompletableFuture$AsyncSupply.run(CompletableFuture.java:1700)
	at java.base/java.util.concurrent.ThreadPoolExecutor.runWorker(ThreadPoolExecutor.java:1128)
	at java.base/java.util.concurrent.ThreadPoolExecutor$Worker.run(ThreadPoolExecutor.java:628)
	... 1 more
2023-01-06 13:40:02,611 [grpc-default-executor-7] WARN  server.GrpcLogAppender (LogUtils.java:warn(124)) - s0@group-BE38CA648A1A->s2-AppendLogResponseHandler: Failed appendEntries
org.apache.ratis.server.raftlog.RaftLogIOException: Log already failed at index 52 for task WriteLog:52: (t:2, i:52), STATEMACHINELOGENTRY, StateMachineLogEntryProto:401@client-A47E3FAEED08
	at org.apache.ratis.server.raftlog.segmented.SegmentedRaftLogWorker.run(SegmentedRaftLogWorker.java:320)
	at java.base/java.lang.Thread.run(Thread.java:829)
Caused by: java.io.IOException: java.lang.IllegalStateException: Null stream: entry=term: 2
index: 52
stateMachineLogEntry {
  type: DATASTREAM
  clientId: "G./W)\216@Y\245\374\244~?\256\355\b"
  callId: 401
}

	at org.apache.ratis.util.IOUtils.asIOException(IOUtils.java:56)
	at org.apache.ratis.util.IOUtils.toIOException(IOUtils.java:61)
	at org.apache.ratis.util.IOUtils.getFromFuture(IOUtils.java:85)
	at org.apache.ratis.server.raftlog.segmented.SegmentedRaftLogWorker$StateMachineDataPolicy.getFromFuture(SegmentedRaftLogWorker.java:88)
	at org.apache.ratis.server.raftlog.segmented.SegmentedRaftLogWorker$WriteLog.execute(SegmentedRaftLogWorker.java:540)
	at org.apache.ratis.server.raftlog.segmented.SegmentedRaftLogWorker.run(SegmentedRaftLogWorker.java:308)
	... 1 more
Caused by: java.lang.IllegalStateException: Null stream: entry=term: 2
index: 52
stateMachineLogEntry {
  type: DATASTREAM
  clientId: "G./W)\216@Y\245\374\244~?\256\355\b"
  callId: 401
}

	at org.apache.ratis.datastream.DataStreamTestUtils$MultiDataStreamStateMachine.link(DataStreamTestUtils.java:159)
	at org.apache.ratis.server.raftlog.segmented.SegmentedRaftLogWorker$WriteLog.<init>(SegmentedRaftLogWorker.java:497)
	at org.apache.ratis.server.raftlog.segmented.SegmentedRaftLogWorker.writeLogEntry(SegmentedRaftLogWorker.java:443)
	at org.apache.ratis.server.raftlog.segmented.SegmentedRaftLog.appendEntryImpl(SegmentedRaftLog.java:409)
	at org.apache.ratis.server.raftlog.RaftLogBase.lambda$appendEntry$10(RaftLogBase.java:330)
	at org.apache.ratis.server.raftlog.RaftLogSequentialOps$Runner.runSequentially(RaftLogSequentialOps.java:78)
	at org.apache.ratis.server.raftlog.RaftLogBase.appendEntry(RaftLogBase.java:330)
	at org.apache.ratis.server.raftlog.segmented.SegmentedRaftLog.appendImpl(SegmentedRaftLog.java:456)
	at org.apache.ratis.server.raftlog.RaftLogBase.lambda$append$11(RaftLogBase.java:337)
	at org.apache.ratis.server.raftlog.RaftLogSequentialOps$Runner.runSequentially(RaftLogSequentialOps.java:69)
	at org.apache.ratis.server.raftlog.RaftLogBase.append(RaftLogBase.java:337)
	at org.apache.ratis.server.impl.RaftServerImpl.appendEntriesAsync(RaftServerImpl.java:1523)
	at org.apache.ratis.server.impl.RaftServerImpl.appendEntriesAsync(RaftServerImpl.java:1391)
	at org.apache.ratis.server.impl.RaftServerProxy.lambda$appendEntriesAsync$26(RaftServerProxy.java:634)
	at org.apache.ratis.util.JavaUtils.callAsUnchecked(JavaUtils.java:117)
	at org.apache.ratis.server.impl.RaftServerImpl.lambda$executeSubmitServerRequestAsync$11(RaftServerImpl.java:814)
	at java.base/java.util.concurrent.CompletableFuture$AsyncSupply.run(CompletableFuture.java:1700)
	at java.base/java.util.concurrent.ThreadPoolExecutor.runWorker(ThreadPoolExecutor.java:1128)
	at java.base/java.util.concurrent.ThreadPoolExecutor$Worker.run(ThreadPoolExecutor.java:628)
	... 1 more
2023-01-06 13:40:02,612 [grpc-default-executor-7] INFO  leader.FollowerInfo (FollowerInfoImpl.java:lambda$new$0(48)) - s0@group-BE38CA648A1A->s2: nextIndex: updateUnconditionally 60 -> 59
2023-01-06 13:40:02,613 [grpc-default-executor-7] WARN  server.GrpcLogAppender (LogUtils.java:warn(124)) - s0@group-BE38CA648A1A->s1-AppendLogResponseHandler: Failed appendEntries
org.apache.ratis.server.raftlog.RaftLogIOException: Log already failed at index 52 for task WriteLog:52: (t:2, i:52), STATEMACHINELOGENTRY, StateMachineLogEntryProto:401@client-A47E3FAEED08
	at org.apache.ratis.server.raftlog.segmented.SegmentedRaftLogWorker.run(SegmentedRaftLogWorker.java:320)
	at java.base/java.lang.Thread.run(Thread.java:829)
Caused by: java.io.IOException: java.lang.IllegalStateException: Null stream: entry=term: 2
index: 52
stateMachineLogEntry {
  type: DATASTREAM
  clientId: "G./W)\216@Y\245\374\244~?\256\355\b"
  callId: 401
}

	at org.apache.ratis.util.IOUtils.asIOException(IOUtils.java:56)
	at org.apache.ratis.util.IOUtils.toIOException(IOUtils.java:61)
	at org.apache.ratis.util.IOUtils.getFromFuture(IOUtils.java:85)
	at org.apache.ratis.server.raftlog.segmented.SegmentedRaftLogWorker$StateMachineDataPolicy.getFromFuture(SegmentedRaftLogWorker.java:88)
	at org.apache.ratis.server.raftlog.segmented.SegmentedRaftLogWorker$WriteLog.execute(SegmentedRaftLogWorker.java:540)
	at org.apache.ratis.server.raftlog.segmented.SegmentedRaftLogWorker.run(SegmentedRaftLogWorker.java:308)
	... 1 more
Caused by: java.lang.IllegalStateException: Null stream: entry=term: 2
index: 52
stateMachineLogEntry {
  type: DATASTREAM
  clientId: "G./W)\216@Y\245\374\244~?\256\355\b"
  callId: 401
}

	at org.apache.ratis.datastream.DataStreamTestUtils$MultiDataStreamStateMachine.link(DataStreamTestUtils.java:159)
	at org.apache.ratis.server.raftlog.segmented.SegmentedRaftLogWorker$WriteLog.<init>(SegmentedRaftLogWorker.java:497)
	at org.apache.ratis.server.raftlog.segmented.SegmentedRaftLogWorker.writeLogEntry(SegmentedRaftLogWorker.java:443)
	at org.apache.ratis.server.raftlog.segmented.SegmentedRaftLog.appendEntryImpl(SegmentedRaftLog.java:409)
	at org.apache.ratis.server.raftlog.RaftLogBase.lambda$appendEntry$10(RaftLogBase.java:330)
	at org.apache.ratis.server.raftlog.RaftLogSequentialOps$Runner.runSequentially(RaftLogSequentialOps.java:78)
	at org.apache.ratis.server.raftlog.RaftLogBase.appendEntry(RaftLogBase.java:330)
	at org.apache.ratis.server.raftlog.segmented.SegmentedRaftLog.appendImpl(SegmentedRaftLog.java:456)
	at org.apache.ratis.server.raftlog.RaftLogBase.lambda$append$11(RaftLogBase.java:337)
	at org.apache.ratis.server.raftlog.RaftLogSequentialOps$Runner.runSequentially(RaftLogSequentialOps.java:69)
	at org.apache.ratis.server.raftlog.RaftLogBase.append(RaftLogBase.java:337)
	at org.apache.ratis.server.impl.RaftServerImpl.appendEntriesAsync(RaftServerImpl.java:1523)
	at org.apache.ratis.server.impl.RaftServerImpl.appendEntriesAsync(RaftServerImpl.java:1391)
	at org.apache.ratis.server.impl.RaftServerProxy.lambda$appendEntriesAsync$26(RaftServerProxy.java:634)
	at org.apache.ratis.util.JavaUtils.callAsUnchecked(JavaUtils.java:117)
	at org.apache.ratis.server.impl.RaftServerImpl.lambda$executeSubmitServerRequestAsync$11(RaftServerImpl.java:814)
	at java.base/java.util.concurrent.CompletableFuture$AsyncSupply.run(CompletableFuture.java:1700)
	at java.base/java.util.concurrent.ThreadPoolExecutor.runWorker(ThreadPoolExecutor.java:1128)
	at java.base/java.util.concurrent.ThreadPoolExecutor$Worker.run(ThreadPoolExecutor.java:628)
	... 1 more
2023-01-06 13:40:02,614 [grpc-default-executor-7] INFO  leader.FollowerInfo (FollowerInfoImpl.java:lambda$new$0(48)) - s0@group-BE38CA648A1A->s1: nextIndex: updateUnconditionally 60 -> 59
2023-01-06 13:40:03,210 [Timer-2] INFO  impl.MiniRaftCluster (MiniRaftCluster.java:lambda$start$6(349)) - TIMED-PRINT: printing ALL groups
  s0:  RUNNING    LEADER s0@group-BE38CA648A1A:t2, leader=s0, voted=s0, raftlog=Memoized:s0@group-BE38CA648A1A-SegmentedRaftLog:OPENED:c51, conf=50: peers:[s0|rpc:localhost:38633|admin:localhost:40929|client:localhost:41533|dataStream:localhost:40517|priority:0|startupRole:FOLLOWER, s1|rpc:localhost:34777|admin:localhost:37585|client:localhost:41985|dataStream:localhost:37955|priority:0|startupRole:FOLLOWER, s2|rpc:localhost:44299|admin:localhost:37199|client:localhost:33573|dataStream:localhost:37575|priority:0|startupRole:FOLLOWER]|listeners:[], old=null RUNNING
  s1:  RUNNING  FOLLOWER s1@group-BE38CA648A1A:t2, leader=s0, voted=s0, raftlog=Memoized:s1@group-BE38CA648A1A-SegmentedRaftLog:OPENED:c51, conf=50: peers:[s0|rpc:localhost:38633|admin:localhost:40929|client:localhost:41533|dataStream:localhost:40517|priority:0|startupRole:FOLLOWER, s1|rpc:localhost:34777|admin:localhost:37585|client:localhost:41985|dataStream:localhost:37955|priority:0|startupRole:FOLLOWER, s2|rpc:localhost:44299|admin:localhost:37199|client:localhost:33573|dataStream:localhost:37575|priority:0|startupRole:FOLLOWER]|listeners:[], old=null RUNNING
  s2:  RUNNING  FOLLOWER s2@group-BE38CA648A1A:t2, leader=s0, voted=s0, raftlog=Memoized:s2@group-BE38CA648A1A-SegmentedRaftLog:OPENED:c51, conf=50: peers:[s0|rpc:localhost:38633|admin:localhost:40929|client:localhost:41533|dataStream:localhost:40517|priority:0|startupRole:FOLLOWER, s1|rpc:localhost:34777|admin:localhost:37585|client:localhost:41985|dataStream:localhost:37955|priority:0|startupRole:FOLLOWER, s2|rpc:localhost:44299|admin:localhost:37199|client:localhost:33573|dataStream:localhost:37575|priority:0|startupRole:FOLLOWER]|listeners:[], old=null RUNNING
2023-01-06 13:40:08,518 [timer4] WARN  grpc.GrpcUtil (GrpcUtil.java:shutdownManagedChannel(223)) - Timed out gracefully shutting down connection: ManagedChannelOrphanWrapper{delegate=ManagedChannelImpl{logId=901, target=localhost:41533}}. 
2023-01-06 13:40:08,601 [timer7] WARN  grpc.GrpcUtil (GrpcUtil.java:shutdownManagedChannel(223)) - Timed out gracefully shutting down connection: ManagedChannelOrphanWrapper{delegate=ManagedChannelImpl{logId=915, target=localhost:41533}}. 
2023-01-06 13:40:13,210 [Timer-2] INFO  impl.MiniRaftCluster (MiniRaftCluster.java:lambda$start$6(349)) - TIMED-PRINT: printing ALL groups
  s0:  RUNNING    LEADER s0@group-BE38CA648A1A:t2, leader=s0, voted=s0, raftlog=Memoized:s0@group-BE38CA648A1A-SegmentedRaftLog:OPENED:c51, conf=50: peers:[s0|rpc:localhost:38633|admin:localhost:40929|client:localhost:41533|dataStream:localhost:40517|priority:0|startupRole:FOLLOWER, s1|rpc:localhost:34777|admin:localhost:37585|client:localhost:41985|dataStream:localhost:37955|priority:0|startupRole:FOLLOWER, s2|rpc:localhost:44299|admin:localhost:37199|client:localhost:33573|dataStream:localhost:37575|priority:0|startupRole:FOLLOWER]|listeners:[], old=null RUNNING
  s1:  RUNNING  FOLLOWER s1@group-BE38CA648A1A:t2, leader=s0, voted=s0, raftlog=Memoized:s1@group-BE38CA648A1A-SegmentedRaftLog:OPENED:c51, conf=50: peers:[s0|rpc:localhost:38633|admin:localhost:40929|client:localhost:41533|dataStream:localhost:40517|priority:0|startupRole:FOLLOWER, s1|rpc:localhost:34777|admin:localhost:37585|client:localhost:41985|dataStream:localhost:37955|priority:0|startupRole:FOLLOWER, s2|rpc:localhost:44299|admin:localhost:37199|client:localhost:33573|dataStream:localhost:37575|priority:0|startupRole:FOLLOWER]|listeners:[], old=null RUNNING
  s2:  RUNNING  FOLLOWER s2@group-BE38CA648A1A:t2, leader=s0, voted=s0, raftlog=Memoized:s2@group-BE38CA648A1A-SegmentedRaftLog:OPENED:c51, conf=50: peers:[s0|rpc:localhost:38633|admin:localhost:40929|client:localhost:41533|dataStream:localhost:40517|priority:0|startupRole:FOLLOWER, s1|rpc:localhost:34777|admin:localhost:37585|client:localhost:41985|dataStream:localhost:37955|priority:0|startupRole:FOLLOWER, s2|rpc:localhost:44299|admin:localhost:37199|client:localhost:33573|dataStream:localhost:37575|priority:0|startupRole:FOLLOWER]|listeners:[], old=null RUNNING
2023-01-06 13:40:14,634 [timer2] WARN  grpc.GrpcUtil (GrpcUtil.java:shutdownManagedChannel(223)) - Timed out gracefully shutting down connection: ManagedChannelOrphanWrapper{delegate=ManagedChannelImpl{logId=929, target=localhost:41533}}. 
2023-01-06 13:40:14,710 [timer3] WARN  grpc.GrpcUtil (GrpcUtil.java:shutdownManagedChannel(223)) - Timed out gracefully shutting down connection: ManagedChannelOrphanWrapper{delegate=ManagedChannelImpl{logId=943, target=localhost:41533}}. 
2023-01-06 13:40:20,746 [timer4] WARN  grpc.GrpcUtil (GrpcUtil.java:shutdownManagedChannel(223)) - Timed out gracefully shutting down connection: ManagedChannelOrphanWrapper{delegate=ManagedChannelImpl{logId=957, target=localhost:41533}}. 
2023-01-06 13:40:20,820 [timer5] WARN  grpc.GrpcUtil (GrpcUtil.java:shutdownManagedChannel(223)) - Timed out gracefully shutting down connection: ManagedChannelOrphanWrapper{delegate=ManagedChannelImpl{logId=971, target=localhost:41533}}. 
2023-01-06 13:40:23,210 [Timer-2] INFO  impl.MiniRaftCluster (MiniRaftCluster.java:lambda$start$6(349)) - TIMED-PRINT: printing ALL groups
  s0:  RUNNING    LEADER s0@group-BE38CA648A1A:t2, leader=s0, voted=s0, raftlog=Memoized:s0@group-BE38CA648A1A-SegmentedRaftLog:OPENED:c51, conf=50: peers:[s0|rpc:localhost:38633|admin:localhost:40929|client:localhost:41533|dataStream:localhost:40517|priority:0|startupRole:FOLLOWER, s1|rpc:localhost:34777|admin:localhost:37585|client:localhost:41985|dataStream:localhost:37955|priority:0|startupRole:FOLLOWER, s2|rpc:localhost:44299|admin:localhost:37199|client:localhost:33573|dataStream:localhost:37575|priority:0|startupRole:FOLLOWER]|listeners:[], old=null RUNNING
  s1:  RUNNING  FOLLOWER s1@group-BE38CA648A1A:t2, leader=s0, voted=s0, raftlog=Memoized:s1@group-BE38CA648A1A-SegmentedRaftLog:OPENED:c51, conf=50: peers:[s0|rpc:localhost:38633|admin:localhost:40929|client:localhost:41533|dataStream:localhost:40517|priority:0|startupRole:FOLLOWER, s1|rpc:localhost:34777|admin:localhost:37585|client:localhost:41985|dataStream:localhost:37955|priority:0|startupRole:FOLLOWER, s2|rpc:localhost:44299|admin:localhost:37199|client:localhost:33573|dataStream:localhost:37575|priority:0|startupRole:FOLLOWER]|listeners:[], old=null RUNNING
  s2:  RUNNING  FOLLOWER s2@group-BE38CA648A1A:t2, leader=s0, voted=s0, raftlog=Memoized:s2@group-BE38CA648A1A-SegmentedRaftLog:OPENED:c51, conf=50: peers:[s0|rpc:localhost:38633|admin:localhost:40929|client:localhost:41533|dataStream:localhost:40517|priority:0|startupRole:FOLLOWER, s1|rpc:localhost:34777|admin:localhost:37585|client:localhost:41985|dataStream:localhost:37955|priority:0|startupRole:FOLLOWER, s2|rpc:localhost:44299|admin:localhost:37199|client:localhost:33573|dataStream:localhost:37575|priority:0|startupRole:FOLLOWER]|listeners:[], old=null RUNNING
2023-01-06 13:40:26,860 [timer2] WARN  grpc.GrpcUtil (GrpcUtil.java:shutdownManagedChannel(223)) - Timed out gracefully shutting down connection: ManagedChannelOrphanWrapper{delegate=ManagedChannelImpl{logId=985, target=localhost:41533}}. 
2023-01-06 13:40:26,930 [timer5] WARN  grpc.GrpcUtil (GrpcUtil.java:shutdownManagedChannel(223)) - Timed out gracefully shutting down connection: ManagedChannelOrphanWrapper{delegate=ManagedChannelImpl{logId=999, target=localhost:41533}}. 
2023-01-06 13:40:32,973 [timer2] WARN  grpc.GrpcUtil (GrpcUtil.java:shutdownManagedChannel(223)) - Timed out gracefully shutting down connection: ManagedChannelOrphanWrapper{delegate=ManagedChannelImpl{logId=1013, target=localhost:41533}}. 
2023-01-06 13:40:33,041 [timer3] WARN  grpc.GrpcUtil (GrpcUtil.java:shutdownManagedChannel(223)) - Timed out gracefully shutting down connection: ManagedChannelOrphanWrapper{delegate=ManagedChannelImpl{logId=1027, target=localhost:41533}}. 
2023-01-06 13:40:33,210 [Timer-2] INFO  impl.MiniRaftCluster (MiniRaftCluster.java:lambda$start$6(349)) - TIMED-PRINT: printing ALL groups
  s0:  RUNNING    LEADER s0@group-BE38CA648A1A:t2, leader=s0, voted=s0, raftlog=Memoized:s0@group-BE38CA648A1A-SegmentedRaftLog:OPENED:c51, conf=50: peers:[s0|rpc:localhost:38633|admin:localhost:40929|client:localhost:41533|dataStream:localhost:40517|priority:0|startupRole:FOLLOWER, s1|rpc:localhost:34777|admin:localhost:37585|client:localhost:41985|dataStream:localhost:37955|priority:0|startupRole:FOLLOWER, s2|rpc:localhost:44299|admin:localhost:37199|client:localhost:33573|dataStream:localhost:37575|priority:0|startupRole:FOLLOWER]|listeners:[], old=null RUNNING
  s1:  RUNNING  FOLLOWER s1@group-BE38CA648A1A:t2, leader=s0, voted=s0, raftlog=Memoized:s1@group-BE38CA648A1A-SegmentedRaftLog:OPENED:c51, conf=50: peers:[s0|rpc:localhost:38633|admin:localhost:40929|client:localhost:41533|dataStream:localhost:40517|priority:0|startupRole:FOLLOWER, s1|rpc:localhost:34777|admin:localhost:37585|client:localhost:41985|dataStream:localhost:37955|priority:0|startupRole:FOLLOWER, s2|rpc:localhost:44299|admin:localhost:37199|client:localhost:33573|dataStream:localhost:37575|priority:0|startupRole:FOLLOWER]|listeners:[], old=null RUNNING
  s2:  RUNNING  FOLLOWER s2@group-BE38CA648A1A:t2, leader=s0, voted=s0, raftlog=Memoized:s2@group-BE38CA648A1A-SegmentedRaftLog:OPENED:c51, conf=50: peers:[s0|rpc:localhost:38633|admin:localhost:40929|client:localhost:41533|dataStream:localhost:40517|priority:0|startupRole:FOLLOWER, s1|rpc:localhost:34777|admin:localhost:37585|client:localhost:41985|dataStream:localhost:37955|priority:0|startupRole:FOLLOWER, s2|rpc:localhost:44299|admin:localhost:37199|client:localhost:33573|dataStream:localhost:37575|priority:0|startupRole:FOLLOWER]|listeners:[], old=null RUNNING
2023-01-06 13:40:39,085 [timer2] WARN  grpc.GrpcUtil (GrpcUtil.java:shutdownManagedChannel(223)) - Timed out gracefully shutting down connection: ManagedChannelOrphanWrapper{delegate=ManagedChannelImpl{logId=1041, target=localhost:41533}}. 
2023-01-06 13:40:39,156 [timer3] WARN  grpc.GrpcUtil (GrpcUtil.java:shutdownManagedChannel(223)) - Timed out gracefully shutting down connection: ManagedChannelOrphanWrapper{delegate=ManagedChannelImpl{logId=1055, target=localhost:41533}}. 
2023-01-06 13:40:43,210 [Timer-2] INFO  impl.MiniRaftCluster (MiniRaftCluster.java:lambda$start$6(349)) - TIMED-PRINT: printing ALL groups
  s0:  RUNNING    LEADER s0@group-BE38CA648A1A:t2, leader=s0, voted=s0, raftlog=Memoized:s0@group-BE38CA648A1A-SegmentedRaftLog:OPENED:c51, conf=50: peers:[s0|rpc:localhost:38633|admin:localhost:40929|client:localhost:41533|dataStream:localhost:40517|priority:0|startupRole:FOLLOWER, s1|rpc:localhost:34777|admin:localhost:37585|client:localhost:41985|dataStream:localhost:37955|priority:0|startupRole:FOLLOWER, s2|rpc:localhost:44299|admin:localhost:37199|client:localhost:33573|dataStream:localhost:37575|priority:0|startupRole:FOLLOWER]|listeners:[], old=null RUNNING
  s1:  RUNNING  FOLLOWER s1@group-BE38CA648A1A:t2, leader=s0, voted=s0, raftlog=Memoized:s1@group-BE38CA648A1A-SegmentedRaftLog:OPENED:c51, conf=50: peers:[s0|rpc:localhost:38633|admin:localhost:40929|client:localhost:41533|dataStream:localhost:40517|priority:0|startupRole:FOLLOWER, s1|rpc:localhost:34777|admin:localhost:37585|client:localhost:41985|dataStream:localhost:37955|priority:0|startupRole:FOLLOWER, s2|rpc:localhost:44299|admin:localhost:37199|client:localhost:33573|dataStream:localhost:37575|priority:0|startupRole:FOLLOWER]|listeners:[], old=null RUNNING
  s2:  RUNNING  FOLLOWER s2@group-BE38CA648A1A:t2, leader=s0, voted=s0, raftlog=Memoized:s2@group-BE38CA648A1A-SegmentedRaftLog:OPENED:c51, conf=50: peers:[s0|rpc:localhost:38633|admin:localhost:40929|client:localhost:41533|dataStream:localhost:40517|priority:0|startupRole:FOLLOWER, s1|rpc:localhost:34777|admin:localhost:37585|client:localhost:41985|dataStream:localhost:37955|priority:0|startupRole:FOLLOWER, s2|rpc:localhost:44299|admin:localhost:37199|client:localhost:33573|dataStream:localhost:37575|priority:0|startupRole:FOLLOWER]|listeners:[], old=null RUNNING
2023-01-06 13:40:45,196 [timer4] WARN  grpc.GrpcUtil (GrpcUtil.java:shutdownManagedChannel(223)) - Timed out gracefully shutting down connection: ManagedChannelOrphanWrapper{delegate=ManagedChannelImpl{logId=1069, target=localhost:41533}}. 
2023-01-06 13:40:45,271 [timer5] WARN  grpc.GrpcUtil (GrpcUtil.java:shutdownManagedChannel(223)) - Timed out gracefully shutting down connection: ManagedChannelOrphanWrapper{delegate=ManagedChannelImpl{logId=1083, target=localhost:41533}}. 
2023-01-06 13:40:51,308 [timer2] WARN  grpc.GrpcUtil (GrpcUtil.java:shutdownManagedChannel(223)) - Timed out gracefully shutting down connection: ManagedChannelOrphanWrapper{delegate=ManagedChannelImpl{logId=1097, target=localhost:41533}}. 
2023-01-06 13:40:51,380 [timer3] WARN  grpc.GrpcUtil (GrpcUtil.java:shutdownManagedChannel(223)) - Timed out gracefully shutting down connection: ManagedChannelOrphanWrapper{delegate=ManagedChannelImpl{logId=1111, target=localhost:41533}}. 
2023-01-06 13:40:53,210 [Timer-2] INFO  impl.MiniRaftCluster (MiniRaftCluster.java:lambda$start$6(349)) - TIMED-PRINT: printing ALL groups
  s0:  RUNNING    LEADER s0@group-BE38CA648A1A:t2, leader=s0, voted=s0, raftlog=Memoized:s0@group-BE38CA648A1A-SegmentedRaftLog:OPENED:c51, conf=50: peers:[s0|rpc:localhost:38633|admin:localhost:40929|client:localhost:41533|dataStream:localhost:40517|priority:0|startupRole:FOLLOWER, s1|rpc:localhost:34777|admin:localhost:37585|client:localhost:41985|dataStream:localhost:37955|priority:0|startupRole:FOLLOWER, s2|rpc:localhost:44299|admin:localhost:37199|client:localhost:33573|dataStream:localhost:37575|priority:0|startupRole:FOLLOWER]|listeners:[], old=null RUNNING
  s1:  RUNNING  FOLLOWER s1@group-BE38CA648A1A:t2, leader=s0, voted=s0, raftlog=Memoized:s1@group-BE38CA648A1A-SegmentedRaftLog:OPENED:c51, conf=50: peers:[s0|rpc:localhost:38633|admin:localhost:40929|client:localhost:41533|dataStream:localhost:40517|priority:0|startupRole:FOLLOWER, s1|rpc:localhost:34777|admin:localhost:37585|client:localhost:41985|dataStream:localhost:37955|priority:0|startupRole:FOLLOWER, s2|rpc:localhost:44299|admin:localhost:37199|client:localhost:33573|dataStream:localhost:37575|priority:0|startupRole:FOLLOWER]|listeners:[], old=null RUNNING
  s2:  RUNNING  FOLLOWER s2@group-BE38CA648A1A:t2, leader=s0, voted=s0, raftlog=Memoized:s2@group-BE38CA648A1A-SegmentedRaftLog:OPENED:c51, conf=50: peers:[s0|rpc:localhost:38633|admin:localhost:40929|client:localhost:41533|dataStream:localhost:40517|priority:0|startupRole:FOLLOWER, s1|rpc:localhost:34777|admin:localhost:37585|client:localhost:41985|dataStream:localhost:37955|priority:0|startupRole:FOLLOWER, s2|rpc:localhost:44299|admin:localhost:37199|client:localhost:33573|dataStream:localhost:37575|priority:0|startupRole:FOLLOWER]|listeners:[], old=null RUNNING
2023-01-06 13:40:57,419 [timer2] WARN  grpc.GrpcUtil (GrpcUtil.java:shutdownManagedChannel(223)) - Timed out gracefully shutting down connection: ManagedChannelOrphanWrapper{delegate=ManagedChannelImpl{logId=1125, target=localhost:41533}}. 
2023-01-06 13:40:57,496 [timer3] WARN  grpc.GrpcUtil (GrpcUtil.java:shutdownManagedChannel(223)) - Timed out gracefully shutting down connection: ManagedChannelOrphanWrapper{delegate=ManagedChannelImpl{logId=1139, target=localhost:41533}}. 
2023-01-06 13:41:03,211 [Timer-2] INFO  impl.MiniRaftCluster (MiniRaftCluster.java:lambda$start$6(349)) - TIMED-PRINT: printing ALL groups
  s0:  RUNNING    LEADER s0@group-BE38CA648A1A:t2, leader=s0, voted=s0, raftlog=Memoized:s0@group-BE38CA648A1A-SegmentedRaftLog:OPENED:c51, conf=50: peers:[s0|rpc:localhost:38633|admin:localhost:40929|client:localhost:41533|dataStream:localhost:40517|priority:0|startupRole:FOLLOWER, s1|rpc:localhost:34777|admin:localhost:37585|client:localhost:41985|dataStream:localhost:37955|priority:0|startupRole:FOLLOWER, s2|rpc:localhost:44299|admin:localhost:37199|client:localhost:33573|dataStream:localhost:37575|priority:0|startupRole:FOLLOWER]|listeners:[], old=null RUNNING
  s1:  RUNNING  FOLLOWER s1@group-BE38CA648A1A:t2, leader=s0, voted=s0, raftlog=Memoized:s1@group-BE38CA648A1A-SegmentedRaftLog:OPENED:c51, conf=50: peers:[s0|rpc:localhost:38633|admin:localhost:40929|client:localhost:41533|dataStream:localhost:40517|priority:0|startupRole:FOLLOWER, s1|rpc:localhost:34777|admin:localhost:37585|client:localhost:41985|dataStream:localhost:37955|priority:0|startupRole:FOLLOWER, s2|rpc:localhost:44299|admin:localhost:37199|client:localhost:33573|dataStream:localhost:37575|priority:0|startupRole:FOLLOWER]|listeners:[], old=null RUNNING
  s2:  RUNNING  FOLLOWER s2@group-BE38CA648A1A:t2, leader=s0, voted=s0, raftlog=Memoized:s2@group-BE38CA648A1A-SegmentedRaftLog:OPENED:c51, conf=50: peers:[s0|rpc:localhost:38633|admin:localhost:40929|client:localhost:41533|dataStream:localhost:40517|priority:0|startupRole:FOLLOWER, s1|rpc:localhost:34777|admin:localhost:37585|client:localhost:41985|dataStream:localhost:37955|priority:0|startupRole:FOLLOWER, s2|rpc:localhost:44299|admin:localhost:37199|client:localhost:33573|dataStream:localhost:37575|priority:0|startupRole:FOLLOWER]|listeners:[], old=null RUNNING
2023-01-06 13:41:03,530 [timer2] WARN  grpc.GrpcUtil (GrpcUtil.java:shutdownManagedChannel(223)) - Timed out gracefully shutting down connection: ManagedChannelOrphanWrapper{delegate=ManagedChannelImpl{logId=1153, target=localhost:41533}}. 
2023-01-06 13:41:03,604 [timer3] WARN  grpc.GrpcUtil (GrpcUtil.java:shutdownManagedChannel(223)) - Timed out gracefully shutting down connection: ManagedChannelOrphanWrapper{delegate=ManagedChannelImpl{logId=1167, target=localhost:41533}}. 
2023-01-06 13:41:03,643 [s0-client-thread2] INFO  statemachine.StateMachine (DataStreamTestUtils.java:link(157)) - link null
2023-01-06 13:41:03,648 [s1-server-thread1] INFO  statemachine.StateMachine (DataStreamTestUtils.java:link(157)) - link null
2023-01-06 13:41:03,649 [s2-server-thread1] INFO  statemachine.StateMachine (DataStreamTestUtils.java:link(157)) - link null
2023-01-06 13:41:03,649 [grpc-default-executor-5] WARN  server.GrpcServerProtocolService (LogUtils.java:warn(124)) - s1: Failed APPEND_ENTRIES request s0->s1#2460-t2,previous=(t:2, i:59),leaderCommit=51,initializing? true,entries: size=1, first=(t:2, i:60), STATEMACHINELOGENTRY, 401@client-A47E3FAEED08
java.util.concurrent.CompletionException: org.apache.ratis.server.raftlog.RaftLogIOException: Log already failed at index 52 for task WriteLog:52: (t:2, i:52), STATEMACHINELOGENTRY, StateMachineLogEntryProto:401@client-A47E3FAEED08
	at java.base/java.util.concurrent.CompletableFuture.encodeThrowable(CompletableFuture.java:331)
	at java.base/java.util.concurrent.CompletableFuture.andTree(CompletableFuture.java:1452)
	at java.base/java.util.concurrent.CompletableFuture.allOf(CompletableFuture.java:2337)
	at org.apache.ratis.util.JavaUtils.allOf(JavaUtils.java:278)
	at org.apache.ratis.server.impl.RaftServerImpl.appendEntriesAsync(RaftServerImpl.java:1535)
	at org.apache.ratis.server.impl.RaftServerImpl.appendEntriesAsync(RaftServerImpl.java:1391)
	at org.apache.ratis.server.impl.RaftServerProxy.lambda$appendEntriesAsync$26(RaftServerProxy.java:634)
	at org.apache.ratis.util.JavaUtils.callAsUnchecked(JavaUtils.java:117)
	at org.apache.ratis.server.impl.RaftServerImpl.lambda$executeSubmitServerRequestAsync$11(RaftServerImpl.java:814)
	at java.base/java.util.concurrent.CompletableFuture$AsyncSupply.run(CompletableFuture.java:1700)
	at java.base/java.util.concurrent.ThreadPoolExecutor.runWorker(ThreadPoolExecutor.java:1128)
	at java.base/java.util.concurrent.ThreadPoolExecutor$Worker.run(ThreadPoolExecutor.java:628)
	at java.base/java.lang.Thread.run(Thread.java:829)
Caused by: org.apache.ratis.server.raftlog.RaftLogIOException: Log already failed at index 52 for task WriteLog:52: (t:2, i:52), STATEMACHINELOGENTRY, StateMachineLogEntryProto:401@client-A47E3FAEED08
	at org.apache.ratis.server.raftlog.segmented.SegmentedRaftLogWorker.run(SegmentedRaftLogWorker.java:320)
	... 1 more
Caused by: java.io.IOException: java.lang.IllegalStateException: Null stream: entry=term: 2
index: 52
stateMachineLogEntry {
  type: DATASTREAM
  clientId: "G./W)\216@Y\245\374\244~?\256\355\b"
  callId: 401
}

	at org.apache.ratis.util.IOUtils.asIOException(IOUtils.java:56)
	at org.apache.ratis.util.IOUtils.toIOException(IOUtils.java:61)
	at org.apache.ratis.util.IOUtils.getFromFuture(IOUtils.java:85)
	at org.apache.ratis.server.raftlog.segmented.SegmentedRaftLogWorker$StateMachineDataPolicy.getFromFuture(SegmentedRaftLogWorker.java:88)
	at org.apache.ratis.server.raftlog.segmented.SegmentedRaftLogWorker$WriteLog.execute(SegmentedRaftLogWorker.java:540)
	at org.apache.ratis.server.raftlog.segmented.SegmentedRaftLogWorker.run(SegmentedRaftLogWorker.java:308)
	... 1 more
Caused by: java.lang.IllegalStateException: Null stream: entry=term: 2
index: 52
stateMachineLogEntry {
  type: DATASTREAM
  clientId: "G./W)\216@Y\245\374\244~?\256\355\b"
  callId: 401
}

	at org.apache.ratis.datastream.DataStreamTestUtils$MultiDataStreamStateMachine.link(DataStreamTestUtils.java:159)
	at org.apache.ratis.server.raftlog.segmented.SegmentedRaftLogWorker$WriteLog.<init>(SegmentedRaftLogWorker.java:497)
	at org.apache.ratis.server.raftlog.segmented.SegmentedRaftLogWorker.writeLogEntry(SegmentedRaftLogWorker.java:443)
	at org.apache.ratis.server.raftlog.segmented.SegmentedRaftLog.appendEntryImpl(SegmentedRaftLog.java:409)
	at org.apache.ratis.server.raftlog.RaftLogBase.lambda$appendEntry$10(RaftLogBase.java:330)
	at org.apache.ratis.server.raftlog.RaftLogSequentialOps$Runner.runSequentially(RaftLogSequentialOps.java:78)
	at org.apache.ratis.server.raftlog.RaftLogBase.appendEntry(RaftLogBase.java:330)
	at org.apache.ratis.server.raftlog.segmented.SegmentedRaftLog.appendImpl(SegmentedRaftLog.java:456)
	at org.apache.ratis.server.raftlog.RaftLogBase.lambda$append$11(RaftLogBase.java:337)
	at org.apache.ratis.server.raftlog.RaftLogSequentialOps$Runner.runSequentially(RaftLogSequentialOps.java:69)
	at org.apache.ratis.server.raftlog.RaftLogBase.append(RaftLogBase.java:337)
	at org.apache.ratis.server.impl.RaftServerImpl.appendEntriesAsync(RaftServerImpl.java:1523)
	at org.apache.ratis.server.impl.RaftServerImpl.appendEntriesAsync(RaftServerImpl.java:1391)
	at org.apache.ratis.server.impl.RaftServerProxy.lambda$appendEntriesAsync$26(RaftServerProxy.java:634)
	at org.apache.ratis.util.JavaUtils.callAsUnchecked(JavaUtils.java:117)
	at org.apache.ratis.server.impl.RaftServerImpl.lambda$executeSubmitServerRequestAsync$11(RaftServerImpl.java:814)
	at java.base/java.util.concurrent.CompletableFuture$AsyncSupply.run(CompletableFuture.java:1700)
	at java.base/java.util.concurrent.ThreadPoolExecutor.runWorker(ThreadPoolExecutor.java:1128)
	at java.base/java.util.concurrent.ThreadPoolExecutor$Worker.run(ThreadPoolExecutor.java:628)
	... 1 more
2023-01-06 13:41:03,650 [grpc-default-executor-6] WARN  server.GrpcServerProtocolService (LogUtils.java:warn(124)) - s2: Failed APPEND_ENTRIES request s0->s2#2455-t2,previous=(t:2, i:59),leaderCommit=51,initializing? true,entries: size=1, first=(t:2, i:60), STATEMACHINELOGENTRY, 401@client-A47E3FAEED08
java.util.concurrent.CompletionException: org.apache.ratis.server.raftlog.RaftLogIOException: Log already failed at index 52 for task WriteLog:52: (t:2, i:52), STATEMACHINELOGENTRY, StateMachineLogEntryProto:401@client-A47E3FAEED08
	at java.base/java.util.concurrent.CompletableFuture.encodeThrowable(CompletableFuture.java:331)
	at java.base/java.util.concurrent.CompletableFuture.completeThrowable(CompletableFuture.java:346)
	at java.base/java.util.concurrent.CompletableFuture$BiRelay.tryFire(CompletableFuture.java:1423)
	at java.base/java.util.concurrent.CompletableFuture.bipush(CompletableFuture.java:1168)
	at java.base/java.util.concurrent.CompletableFuture.andTree(CompletableFuture.java:1447)
	at java.base/java.util.concurrent.CompletableFuture.allOf(CompletableFuture.java:2337)
	at org.apache.ratis.util.JavaUtils.allOf(JavaUtils.java:278)
	at org.apache.ratis.server.impl.RaftServerImpl.appendEntriesAsync(RaftServerImpl.java:1535)
	at org.apache.ratis.server.impl.RaftServerImpl.appendEntriesAsync(RaftServerImpl.java:1391)
	at org.apache.ratis.server.impl.RaftServerProxy.lambda$appendEntriesAsync$26(RaftServerProxy.java:634)
	at org.apache.ratis.util.JavaUtils.callAsUnchecked(JavaUtils.java:117)
	at org.apache.ratis.server.impl.RaftServerImpl.lambda$executeSubmitServerRequestAsync$11(RaftServerImpl.java:814)
	at java.base/java.util.concurrent.CompletableFuture$AsyncSupply.run(CompletableFuture.java:1700)
	at java.base/java.util.concurrent.ThreadPoolExecutor.runWorker(ThreadPoolExecutor.java:1128)
	at java.base/java.util.concurrent.ThreadPoolExecutor$Worker.run(ThreadPoolExecutor.java:628)
	at java.base/java.lang.Thread.run(Thread.java:829)
Caused by: org.apache.ratis.server.raftlog.RaftLogIOException: Log already failed at index 52 for task WriteLog:52: (t:2, i:52), STATEMACHINELOGENTRY, StateMachineLogEntryProto:401@client-A47E3FAEED08
	at org.apache.ratis.server.raftlog.segmented.SegmentedRaftLogWorker.run(SegmentedRaftLogWorker.java:320)
	... 1 more
Caused by: java.io.IOException: java.lang.IllegalStateException: Null stream: entry=term: 2
index: 52
stateMachineLogEntry {
  type: DATASTREAM
  clientId: "G./W)\216@Y\245\374\244~?\256\355\b"
  callId: 401
}

	at org.apache.ratis.util.IOUtils.asIOException(IOUtils.java:56)
	at org.apache.ratis.util.IOUtils.toIOException(IOUtils.java:61)
	at org.apache.ratis.util.IOUtils.getFromFuture(IOUtils.java:85)
	at org.apache.ratis.server.raftlog.segmented.SegmentedRaftLogWorker$StateMachineDataPolicy.getFromFuture(SegmentedRaftLogWorker.java:88)
	at org.apache.ratis.server.raftlog.segmented.SegmentedRaftLogWorker$WriteLog.execute(SegmentedRaftLogWorker.java:540)
	at org.apache.ratis.server.raftlog.segmented.SegmentedRaftLogWorker.run(SegmentedRaftLogWorker.java:308)
	... 1 more
Caused by: java.lang.IllegalStateException: Null stream: entry=term: 2
index: 52
stateMachineLogEntry {
  type: DATASTREAM
  clientId: "G./W)\216@Y\245\374\244~?\256\355\b"
  callId: 401
}

	at org.apache.ratis.datastream.DataStreamTestUtils$MultiDataStreamStateMachine.link(DataStreamTestUtils.java:159)
	at org.apache.ratis.server.raftlog.segmented.SegmentedRaftLogWorker$WriteLog.<init>(SegmentedRaftLogWorker.java:497)
	at org.apache.ratis.server.raftlog.segmented.SegmentedRaftLogWorker.writeLogEntry(SegmentedRaftLogWorker.java:443)
	at org.apache.ratis.server.raftlog.segmented.SegmentedRaftLog.appendEntryImpl(SegmentedRaftLog.java:409)
	at org.apache.ratis.server.raftlog.RaftLogBase.lambda$appendEntry$10(RaftLogBase.java:330)
	at org.apache.ratis.server.raftlog.RaftLogSequentialOps$Runner.runSequentially(RaftLogSequentialOps.java:78)
	at org.apache.ratis.server.raftlog.RaftLogBase.appendEntry(RaftLogBase.java:330)
	at org.apache.ratis.server.raftlog.segmented.SegmentedRaftLog.appendImpl(SegmentedRaftLog.java:456)
	at org.apache.ratis.server.raftlog.RaftLogBase.lambda$append$11(RaftLogBase.java:337)
	at org.apache.ratis.server.raftlog.RaftLogSequentialOps$Runner.runSequentially(RaftLogSequentialOps.java:69)
	at org.apache.ratis.server.raftlog.RaftLogBase.append(RaftLogBase.java:337)
	at org.apache.ratis.server.impl.RaftServerImpl.appendEntriesAsync(RaftServerImpl.java:1523)
	at org.apache.ratis.server.impl.RaftServerImpl.appendEntriesAsync(RaftServerImpl.java:1391)
	at org.apache.ratis.server.impl.RaftServerProxy.lambda$appendEntriesAsync$26(RaftServerProxy.java:634)
	at org.apache.ratis.util.JavaUtils.callAsUnchecked(JavaUtils.java:117)
	at org.apache.ratis.server.impl.RaftServerImpl.lambda$executeSubmitServerRequestAsync$11(RaftServerImpl.java:814)
	at java.base/java.util.concurrent.CompletableFuture$AsyncSupply.run(CompletableFuture.java:1700)
	at java.base/java.util.concurrent.ThreadPoolExecutor.runWorker(ThreadPoolExecutor.java:1128)
	at java.base/java.util.concurrent.ThreadPoolExecutor$Worker.run(ThreadPoolExecutor.java:628)
	... 1 more
2023-01-06 13:41:03,655 [grpc-default-executor-6] WARN  server.GrpcLogAppender (LogUtils.java:warn(124)) - s0@group-BE38CA648A1A->s1-AppendLogResponseHandler: Failed appendEntries
org.apache.ratis.server.raftlog.RaftLogIOException: Log already failed at index 52 for task WriteLog:52: (t:2, i:52), STATEMACHINELOGENTRY, StateMachineLogEntryProto:401@client-A47E3FAEED08
	at org.apache.ratis.server.raftlog.segmented.SegmentedRaftLogWorker.run(SegmentedRaftLogWorker.java:320)
	at java.base/java.lang.Thread.run(Thread.java:829)
Caused by: java.io.IOException: java.lang.IllegalStateException: Null stream: entry=term: 2
index: 52
stateMachineLogEntry {
  type: DATASTREAM
  clientId: "G./W)\216@Y\245\374\244~?\256\355\b"
  callId: 401
}

	at org.apache.ratis.util.IOUtils.asIOException(IOUtils.java:56)
	at org.apache.ratis.util.IOUtils.toIOException(IOUtils.java:61)
	at org.apache.ratis.util.IOUtils.getFromFuture(IOUtils.java:85)
	at org.apache.ratis.server.raftlog.segmented.SegmentedRaftLogWorker$StateMachineDataPolicy.getFromFuture(SegmentedRaftLogWorker.java:88)
	at org.apache.ratis.server.raftlog.segmented.SegmentedRaftLogWorker$WriteLog.execute(SegmentedRaftLogWorker.java:540)
	at org.apache.ratis.server.raftlog.segmented.SegmentedRaftLogWorker.run(SegmentedRaftLogWorker.java:308)
	... 1 more
Caused by: java.lang.IllegalStateException: Null stream: entry=term: 2
index: 52
stateMachineLogEntry {
  type: DATASTREAM
  clientId: "G./W)\216@Y\245\374\244~?\256\355\b"
  callId: 401
}

	at org.apache.ratis.datastream.DataStreamTestUtils$MultiDataStreamStateMachine.link(DataStreamTestUtils.java:159)
	at org.apache.ratis.server.raftlog.segmented.SegmentedRaftLogWorker$WriteLog.<init>(SegmentedRaftLogWorker.java:497)
	at org.apache.ratis.server.raftlog.segmented.SegmentedRaftLogWorker.writeLogEntry(SegmentedRaftLogWorker.java:443)
	at org.apache.ratis.server.raftlog.segmented.SegmentedRaftLog.appendEntryImpl(SegmentedRaftLog.java:409)
	at org.apache.ratis.server.raftlog.RaftLogBase.lambda$appendEntry$10(RaftLogBase.java:330)
	at org.apache.ratis.server.raftlog.RaftLogSequentialOps$Runner.runSequentially(RaftLogSequentialOps.java:78)
	at org.apache.ratis.server.raftlog.RaftLogBase.appendEntry(RaftLogBase.java:330)
	at org.apache.ratis.server.raftlog.segmented.SegmentedRaftLog.appendImpl(SegmentedRaftLog.java:456)
	at org.apache.ratis.server.raftlog.RaftLogBase.lambda$append$11(RaftLogBase.java:337)
	at org.apache.ratis.server.raftlog.RaftLogSequentialOps$Runner.runSequentially(RaftLogSequentialOps.java:69)
	at org.apache.ratis.server.raftlog.RaftLogBase.append(RaftLogBase.java:337)
	at org.apache.ratis.server.impl.RaftServerImpl.appendEntriesAsync(RaftServerImpl.java:1523)
	at org.apache.ratis.server.impl.RaftServerImpl.appendEntriesAsync(RaftServerImpl.java:1391)
	at org.apache.ratis.server.impl.RaftServerProxy.lambda$appendEntriesAsync$26(RaftServerProxy.java:634)
	at org.apache.ratis.util.JavaUtils.callAsUnchecked(JavaUtils.java:117)
	at org.apache.ratis.server.impl.RaftServerImpl.lambda$executeSubmitServerRequestAsync$11(RaftServerImpl.java:814)
	at java.base/java.util.concurrent.CompletableFuture$AsyncSupply.run(CompletableFuture.java:1700)
	at java.base/java.util.concurrent.ThreadPoolExecutor.runWorker(ThreadPoolExecutor.java:1128)
	at java.base/java.util.concurrent.ThreadPoolExecutor$Worker.run(ThreadPoolExecutor.java:628)
	... 1 more
2023-01-06 13:41:03,655 [grpc-default-executor-6] INFO  leader.FollowerInfo (FollowerInfoImpl.java:lambda$new$0(48)) - s0@group-BE38CA648A1A->s1: nextIndex: updateUnconditionally 61 -> 60
2023-01-06 13:41:03,659 [grpc-default-executor-6] WARN  server.GrpcLogAppender (LogUtils.java:warn(124)) - s0@group-BE38CA648A1A->s2-AppendLogResponseHandler: Failed appendEntries
org.apache.ratis.server.raftlog.RaftLogIOException: Log already failed at index 52 for task WriteLog:52: (t:2, i:52), STATEMACHINELOGENTRY, StateMachineLogEntryProto:401@client-A47E3FAEED08
	at org.apache.ratis.server.raftlog.segmented.SegmentedRaftLogWorker.run(SegmentedRaftLogWorker.java:320)
	at java.base/java.lang.Thread.run(Thread.java:829)
Caused by: java.io.IOException: java.lang.IllegalStateException: Null stream: entry=term: 2
index: 52
stateMachineLogEntry {
  type: DATASTREAM
  clientId: "G./W)\216@Y\245\374\244~?\256\355\b"
  callId: 401
}

	at org.apache.ratis.util.IOUtils.asIOException(IOUtils.java:56)
	at org.apache.ratis.util.IOUtils.toIOException(IOUtils.java:61)
	at org.apache.ratis.util.IOUtils.getFromFuture(IOUtils.java:85)
	at org.apache.ratis.server.raftlog.segmented.SegmentedRaftLogWorker$StateMachineDataPolicy.getFromFuture(SegmentedRaftLogWorker.java:88)
	at org.apache.ratis.server.raftlog.segmented.SegmentedRaftLogWorker$WriteLog.execute(SegmentedRaftLogWorker.java:540)
	at org.apache.ratis.server.raftlog.segmented.SegmentedRaftLogWorker.run(SegmentedRaftLogWorker.java:308)
	... 1 more
Caused by: java.lang.IllegalStateException: Null stream: entry=term: 2
index: 52
stateMachineLogEntry {
  type: DATASTREAM
  clientId: "G./W)\216@Y\245\374\244~?\256\355\b"
  callId: 401
}

	at org.apache.ratis.datastream.DataStreamTestUtils$MultiDataStreamStateMachine.link(DataStreamTestUtils.java:159)
	at org.apache.ratis.server.raftlog.segmented.SegmentedRaftLogWorker$WriteLog.<init>(SegmentedRaftLogWorker.java:497)
	at org.apache.ratis.server.raftlog.segmented.SegmentedRaftLogWorker.writeLogEntry(SegmentedRaftLogWorker.java:443)
	at org.apache.ratis.server.raftlog.segmented.SegmentedRaftLog.appendEntryImpl(SegmentedRaftLog.java:409)
	at org.apache.ratis.server.raftlog.RaftLogBase.lambda$appendEntry$10(RaftLogBase.java:330)
	at org.apache.ratis.server.raftlog.RaftLogSequentialOps$Runner.runSequentially(RaftLogSequentialOps.java:78)
	at org.apache.ratis.server.raftlog.RaftLogBase.appendEntry(RaftLogBase.java:330)
	at org.apache.ratis.server.raftlog.segmented.SegmentedRaftLog.appendImpl(SegmentedRaftLog.java:456)
	at org.apache.ratis.server.raftlog.RaftLogBase.lambda$append$11(RaftLogBase.java:337)
	at org.apache.ratis.server.raftlog.RaftLogSequentialOps$Runner.runSequentially(RaftLogSequentialOps.java:69)
	at org.apache.ratis.server.raftlog.RaftLogBase.append(RaftLogBase.java:337)
	at org.apache.ratis.server.impl.RaftServerImpl.appendEntriesAsync(RaftServerImpl.java:1523)
	at org.apache.ratis.server.impl.RaftServerImpl.appendEntriesAsync(RaftServerImpl.java:1391)
	at org.apache.ratis.server.impl.RaftServerProxy.lambda$appendEntriesAsync$26(RaftServerProxy.java:634)
	at org.apache.ratis.util.JavaUtils.callAsUnchecked(JavaUtils.java:117)
	at org.apache.ratis.server.impl.RaftServerImpl.lambda$executeSubmitServerRequestAsync$11(RaftServerImpl.java:814)
	at java.base/java.util.concurrent.CompletableFuture$AsyncSupply.run(CompletableFuture.java:1700)
	at java.base/java.util.concurrent.ThreadPoolExecutor.runWorker(ThreadPoolExecutor.java:1128)
	at java.base/java.util.concurrent.ThreadPoolExecutor$Worker.run(ThreadPoolExecutor.java:628)
	... 1 more
2023-01-06 13:41:03,660 [grpc-default-executor-6] INFO  leader.FollowerInfo (FollowerInfoImpl.java:lambda$new$0(48)) - s0@group-BE38CA648A1A->s2: nextIndex: updateUnconditionally 61 -> 60
2023-01-06 13:41:03,716 [s0-client-thread2] INFO  statemachine.StateMachine (DataStreamTestUtils.java:link(157)) - link null
2023-01-06 13:41:03,717 [s1-server-thread1] INFO  statemachine.StateMachine (DataStreamTestUtils.java:link(157)) - link null
2023-01-06 13:41:03,717 [s1-server-thread1] WARN  server.GrpcServerProtocolService (LogUtils.java:warn(124)) - s1: Failed APPEND_ENTRIES request s0->s1#2462-t2,previous=(t:2, i:60),leaderCommit=51,initializing? true,entries: size=1, first=(t:2, i:61), STATEMACHINELOGENTRY, 407@client-3655CF99F1FA
java.util.concurrent.CompletionException: org.apache.ratis.server.raftlog.RaftLogIOException: Log already failed at index 52 for task WriteLog:52: (t:2, i:52), STATEMACHINELOGENTRY, StateMachineLogEntryProto:401@client-A47E3FAEED08
	at java.base/java.util.concurrent.CompletableFuture.encodeThrowable(CompletableFuture.java:331)
	at java.base/java.util.concurrent.CompletableFuture.completeThrowable(CompletableFuture.java:346)
	at java.base/java.util.concurrent.CompletableFuture$BiRelay.tryFire(CompletableFuture.java:1423)
	at java.base/java.util.concurrent.CompletableFuture$CoCompletion.tryFire(CompletableFuture.java:1144)
	at java.base/java.util.concurrent.CompletableFuture.postComplete(CompletableFuture.java:506)
	at java.base/java.util.concurrent.CompletableFuture.completeExceptionally(CompletableFuture.java:2088)
	at org.apache.ratis.server.raftlog.segmented.SegmentedRaftLog$Task.failed(SegmentedRaftLog.java:105)
	at org.apache.ratis.server.raftlog.segmented.SegmentedRaftLogWorker$WriteLog.failed(SegmentedRaftLogWorker.java:519)
	at org.apache.ratis.server.raftlog.segmented.SegmentedRaftLogWorker.run(SegmentedRaftLogWorker.java:317)
	at java.base/java.lang.Thread.run(Thread.java:829)
Caused by: org.apache.ratis.server.raftlog.RaftLogIOException: Log already failed at index 52 for task WriteLog:52: (t:2, i:52), STATEMACHINELOGENTRY, StateMachineLogEntryProto:401@client-A47E3FAEED08
	at org.apache.ratis.server.raftlog.segmented.SegmentedRaftLogWorker.run(SegmentedRaftLogWorker.java:320)
	... 1 more
Caused by: java.io.IOException: java.lang.IllegalStateException: Null stream: entry=term: 2
index: 52
stateMachineLogEntry {
  type: DATASTREAM
  clientId: "G./W)\216@Y\245\374\244~?\256\355\b"
  callId: 401
}

	at org.apache.ratis.util.IOUtils.asIOException(IOUtils.java:56)
	at org.apache.ratis.util.IOUtils.toIOException(IOUtils.java:61)
	at org.apache.ratis.util.IOUtils.getFromFuture(IOUtils.java:85)
	at org.apache.ratis.server.raftlog.segmented.SegmentedRaftLogWorker$StateMachineDataPolicy.getFromFuture(SegmentedRaftLogWorker.java:88)
	at org.apache.ratis.server.raftlog.segmented.SegmentedRaftLogWorker$WriteLog.execute(SegmentedRaftLogWorker.java:540)
	at org.apache.ratis.server.raftlog.segmented.SegmentedRaftLogWorker.run(SegmentedRaftLogWorker.java:308)
	... 1 more
Caused by: java.lang.IllegalStateException: Null stream: entry=term: 2
index: 52
stateMachineLogEntry {
  type: DATASTREAM
  clientId: "G./W)\216@Y\245\374\244~?\256\355\b"
  callId: 401
}

	at org.apache.ratis.datastream.DataStreamTestUtils$MultiDataStreamStateMachine.link(DataStreamTestUtils.java:159)
	at org.apache.ratis.server.raftlog.segmented.SegmentedRaftLogWorker$WriteLog.<init>(SegmentedRaftLogWorker.java:497)
	at org.apache.ratis.server.raftlog.segmented.SegmentedRaftLogWorker.writeLogEntry(SegmentedRaftLogWorker.java:443)
	at org.apache.ratis.server.raftlog.segmented.SegmentedRaftLog.appendEntryImpl(SegmentedRaftLog.java:409)
	at org.apache.ratis.server.raftlog.RaftLogBase.lambda$appendEntry$10(RaftLogBase.java:330)
	at org.apache.ratis.server.raftlog.RaftLogSequentialOps$Runner.runSequentially(RaftLogSequentialOps.java:78)
	at org.apache.ratis.server.raftlog.RaftLogBase.appendEntry(RaftLogBase.java:330)
	at org.apache.ratis.server.raftlog.segmented.SegmentedRaftLog.appendImpl(SegmentedRaftLog.java:456)
	at org.apache.ratis.server.raftlog.RaftLogBase.lambda$append$11(RaftLogBase.java:337)
	at org.apache.ratis.server.raftlog.RaftLogSequentialOps$Runner.runSequentially(RaftLogSequentialOps.java:69)
	at org.apache.ratis.server.raftlog.RaftLogBase.append(RaftLogBase.java:337)
	at org.apache.ratis.server.impl.RaftServerImpl.appendEntriesAsync(RaftServerImpl.java:1523)
	at org.apache.ratis.server.impl.RaftServerImpl.appendEntriesAsync(RaftServerImpl.java:1391)
	at org.apache.ratis.server.impl.RaftServerProxy.lambda$appendEntriesAsync$26(RaftServerProxy.java:634)
	at org.apache.ratis.util.JavaUtils.callAsUnchecked(JavaUtils.java:117)
	at org.apache.ratis.server.impl.RaftServerImpl.lambda$executeSubmitServerRequestAsync$11(RaftServerImpl.java:814)
	at java.base/java.util.concurrent.CompletableFuture$AsyncSupply.run(CompletableFuture.java:1700)
	at java.base/java.util.concurrent.ThreadPoolExecutor.runWorker(ThreadPoolExecutor.java:1128)
	at java.base/java.util.concurrent.ThreadPoolExecutor$Worker.run(ThreadPoolExecutor.java:628)
	... 1 more
2023-01-06 13:41:03,720 [s2-server-thread1] INFO  statemachine.StateMachine (DataStreamTestUtils.java:link(157)) - link null
2023-01-06 13:41:03,720 [s2-server-thread1] WARN  server.GrpcServerProtocolService (LogUtils.java:warn(124)) - s2: Failed APPEND_ENTRIES request s0->s2#2457-t2,previous=(t:2, i:60),leaderCommit=51,initializing? true,entries: size=1, first=(t:2, i:61), STATEMACHINELOGENTRY, 407@client-3655CF99F1FA
java.util.concurrent.CompletionException: org.apache.ratis.server.raftlog.RaftLogIOException: Log already failed at index 52 for task WriteLog:52: (t:2, i:52), STATEMACHINELOGENTRY, StateMachineLogEntryProto:401@client-A47E3FAEED08
	at java.base/java.util.concurrent.CompletableFuture.encodeThrowable(CompletableFuture.java:331)
	at java.base/java.util.concurrent.CompletableFuture.completeThrowable(CompletableFuture.java:346)
	at java.base/java.util.concurrent.CompletableFuture$BiRelay.tryFire(CompletableFuture.java:1423)
	at java.base/java.util.concurrent.CompletableFuture$CoCompletion.tryFire(CompletableFuture.java:1144)
	at java.base/java.util.concurrent.CompletableFuture.postComplete(CompletableFuture.java:506)
	at java.base/java.util.concurrent.CompletableFuture.completeExceptionally(CompletableFuture.java:2088)
	at org.apache.ratis.server.raftlog.segmented.SegmentedRaftLog$Task.failed(SegmentedRaftLog.java:105)
	at org.apache.ratis.server.raftlog.segmented.SegmentedRaftLogWorker$WriteLog.failed(SegmentedRaftLogWorker.java:519)
	at org.apache.ratis.server.raftlog.segmented.SegmentedRaftLogWorker.run(SegmentedRaftLogWorker.java:317)
	at java.base/java.lang.Thread.run(Thread.java:829)
Caused by: org.apache.ratis.server.raftlog.RaftLogIOException: Log already failed at index 52 for task WriteLog:52: (t:2, i:52), STATEMACHINELOGENTRY, StateMachineLogEntryProto:401@client-A47E3FAEED08
	at org.apache.ratis.server.raftlog.segmented.SegmentedRaftLogWorker.run(SegmentedRaftLogWorker.java:320)
	... 1 more
Caused by: java.io.IOException: java.lang.IllegalStateException: Null stream: entry=term: 2
index: 52
stateMachineLogEntry {
  type: DATASTREAM
  clientId: "G./W)\216@Y\245\374\244~?\256\355\b"
  callId: 401
}

	at org.apache.ratis.util.IOUtils.asIOException(IOUtils.java:56)
	at org.apache.ratis.util.IOUtils.toIOException(IOUtils.java:61)
	at org.apache.ratis.util.IOUtils.getFromFuture(IOUtils.java:85)
	at org.apache.ratis.server.raftlog.segmented.SegmentedRaftLogWorker$StateMachineDataPolicy.getFromFuture(SegmentedRaftLogWorker.java:88)
	at org.apache.ratis.server.raftlog.segmented.SegmentedRaftLogWorker$WriteLog.execute(SegmentedRaftLogWorker.java:540)
	at org.apache.ratis.server.raftlog.segmented.SegmentedRaftLogWorker.run(SegmentedRaftLogWorker.java:308)
	... 1 more
Caused by: java.lang.IllegalStateException: Null stream: entry=term: 2
index: 52
stateMachineLogEntry {
  type: DATASTREAM
  clientId: "G./W)\216@Y\245\374\244~?\256\355\b"
  callId: 401
}

	at org.apache.ratis.datastream.DataStreamTestUtils$MultiDataStreamStateMachine.link(DataStreamTestUtils.java:159)
	at org.apache.ratis.server.raftlog.segmented.SegmentedRaftLogWorker$WriteLog.<init>(SegmentedRaftLogWorker.java:497)
	at org.apache.ratis.server.raftlog.segmented.SegmentedRaftLogWorker.writeLogEntry(SegmentedRaftLogWorker.java:443)
	at org.apache.ratis.server.raftlog.segmented.SegmentedRaftLog.appendEntryImpl(SegmentedRaftLog.java:409)
	at org.apache.ratis.server.raftlog.RaftLogBase.lambda$appendEntry$10(RaftLogBase.java:330)
	at org.apache.ratis.server.raftlog.RaftLogSequentialOps$Runner.runSequentially(RaftLogSequentialOps.java:78)
	at org.apache.ratis.server.raftlog.RaftLogBase.appendEntry(RaftLogBase.java:330)
	at org.apache.ratis.server.raftlog.segmented.SegmentedRaftLog.appendImpl(SegmentedRaftLog.java:456)
	at org.apache.ratis.server.raftlog.RaftLogBase.lambda$append$11(RaftLogBase.java:337)
	at org.apache.ratis.server.raftlog.RaftLogSequentialOps$Runner.runSequentially(RaftLogSequentialOps.java:69)
	at org.apache.ratis.server.raftlog.RaftLogBase.append(RaftLogBase.java:337)
	at org.apache.ratis.server.impl.RaftServerImpl.appendEntriesAsync(RaftServerImpl.java:1523)
	at org.apache.ratis.server.impl.RaftServerImpl.appendEntriesAsync(RaftServerImpl.java:1391)
	at org.apache.ratis.server.impl.RaftServerProxy.lambda$appendEntriesAsync$26(RaftServerProxy.java:634)
	at org.apache.ratis.util.JavaUtils.callAsUnchecked(JavaUtils.java:117)
	at org.apache.ratis.server.impl.RaftServerImpl.lambda$executeSubmitServerRequestAsync$11(RaftServerImpl.java:814)
	at java.base/java.util.concurrent.CompletableFuture$AsyncSupply.run(CompletableFuture.java:1700)
	at java.base/java.util.concurrent.ThreadPoolExecutor.runWorker(ThreadPoolExecutor.java:1128)
	at java.base/java.util.concurrent.ThreadPoolExecutor$Worker.run(ThreadPoolExecutor.java:628)
	... 1 more
2023-01-06 13:41:03,734 [grpc-default-executor-6] WARN  server.GrpcLogAppender (LogUtils.java:warn(124)) - s0@group-BE38CA648A1A->s1-AppendLogResponseHandler: Failed appendEntries
org.apache.ratis.server.raftlog.RaftLogIOException: Log already failed at index 52 for task WriteLog:52: (t:2, i:52), STATEMACHINELOGENTRY, StateMachineLogEntryProto:401@client-A47E3FAEED08
	at org.apache.ratis.server.raftlog.segmented.SegmentedRaftLogWorker.run(SegmentedRaftLogWorker.java:320)
	at java.base/java.lang.Thread.run(Thread.java:829)
Caused by: java.io.IOException: java.lang.IllegalStateException: Null stream: entry=term: 2
index: 52
stateMachineLogEntry {
  type: DATASTREAM
  clientId: "G./W)\216@Y\245\374\244~?\256\355\b"
  callId: 401
}

	at org.apache.ratis.util.IOUtils.asIOException(IOUtils.java:56)
	at org.apache.ratis.util.IOUtils.toIOException(IOUtils.java:61)
	at org.apache.ratis.util.IOUtils.getFromFuture(IOUtils.java:85)
	at org.apache.ratis.server.raftlog.segmented.SegmentedRaftLogWorker$StateMachineDataPolicy.getFromFuture(SegmentedRaftLogWorker.java:88)
	at org.apache.ratis.server.raftlog.segmented.SegmentedRaftLogWorker$WriteLog.execute(SegmentedRaftLogWorker.java:540)
	at org.apache.ratis.server.raftlog.segmented.SegmentedRaftLogWorker.run(SegmentedRaftLogWorker.java:308)
	... 1 more
Caused by: java.lang.IllegalStateException: Null stream: entry=term: 2
index: 52
stateMachineLogEntry {
  type: DATASTREAM
  clientId: "G./W)\216@Y\245\374\244~?\256\355\b"
  callId: 401
}

	at org.apache.ratis.datastream.DataStreamTestUtils$MultiDataStreamStateMachine.link(DataStreamTestUtils.java:159)
	at org.apache.ratis.server.raftlog.segmented.SegmentedRaftLogWorker$WriteLog.<init>(SegmentedRaftLogWorker.java:497)
	at org.apache.ratis.server.raftlog.segmented.SegmentedRaftLogWorker.writeLogEntry(SegmentedRaftLogWorker.java:443)
	at org.apache.ratis.server.raftlog.segmented.SegmentedRaftLog.appendEntryImpl(SegmentedRaftLog.java:409)
	at org.apache.ratis.server.raftlog.RaftLogBase.lambda$appendEntry$10(RaftLogBase.java:330)
	at org.apache.ratis.server.raftlog.RaftLogSequentialOps$Runner.runSequentially(RaftLogSequentialOps.java:78)
	at org.apache.ratis.server.raftlog.RaftLogBase.appendEntry(RaftLogBase.java:330)
	at org.apache.ratis.server.raftlog.segmented.SegmentedRaftLog.appendImpl(SegmentedRaftLog.java:456)
	at org.apache.ratis.server.raftlog.RaftLogBase.lambda$append$11(RaftLogBase.java:337)
	at org.apache.ratis.server.raftlog.RaftLogSequentialOps$Runner.runSequentially(RaftLogSequentialOps.java:69)
	at org.apache.ratis.server.raftlog.RaftLogBase.append(RaftLogBase.java:337)
	at org.apache.ratis.server.impl.RaftServerImpl.appendEntriesAsync(RaftServerImpl.java:1523)
	at org.apache.ratis.server.impl.RaftServerImpl.appendEntriesAsync(RaftServerImpl.java:1391)
	at org.apache.ratis.server.impl.RaftServerProxy.lambda$appendEntriesAsync$26(RaftServerProxy.java:634)
	at org.apache.ratis.util.JavaUtils.callAsUnchecked(JavaUtils.java:117)
	at org.apache.ratis.server.impl.RaftServerImpl.lambda$executeSubmitServerRequestAsync$11(RaftServerImpl.java:814)
	at java.base/java.util.concurrent.CompletableFuture$AsyncSupply.run(CompletableFuture.java:1700)
	at java.base/java.util.concurrent.ThreadPoolExecutor.runWorker(ThreadPoolExecutor.java:1128)
	at java.base/java.util.concurrent.ThreadPoolExecutor$Worker.run(ThreadPoolExecutor.java:628)
	... 1 more
2023-01-06 13:41:03,734 [grpc-default-executor-6] INFO  leader.FollowerInfo (FollowerInfoImpl.java:lambda$new$0(48)) - s0@group-BE38CA648A1A->s1: nextIndex: updateUnconditionally 62 -> 61
2023-01-06 13:41:03,736 [grpc-default-executor-6] WARN  server.GrpcLogAppender (LogUtils.java:warn(124)) - s0@group-BE38CA648A1A->s2-AppendLogResponseHandler: Failed appendEntries
org.apache.ratis.server.raftlog.RaftLogIOException: Log already failed at index 52 for task WriteLog:52: (t:2, i:52), STATEMACHINELOGENTRY, StateMachineLogEntryProto:401@client-A47E3FAEED08
	at org.apache.ratis.server.raftlog.segmented.SegmentedRaftLogWorker.run(SegmentedRaftLogWorker.java:320)
	at java.base/java.lang.Thread.run(Thread.java:829)
Caused by: java.io.IOException: java.lang.IllegalStateException: Null stream: entry=term: 2
index: 52
stateMachineLogEntry {
  type: DATASTREAM
  clientId: "G./W)\216@Y\245\374\244~?\256\355\b"
  callId: 401
}

	at org.apache.ratis.util.IOUtils.asIOException(IOUtils.java:56)
	at org.apache.ratis.util.IOUtils.toIOException(IOUtils.java:61)
	at org.apache.ratis.util.IOUtils.getFromFuture(IOUtils.java:85)
	at org.apache.ratis.server.raftlog.segmented.SegmentedRaftLogWorker$StateMachineDataPolicy.getFromFuture(SegmentedRaftLogWorker.java:88)
	at org.apache.ratis.server.raftlog.segmented.SegmentedRaftLogWorker$WriteLog.execute(SegmentedRaftLogWorker.java:540)
	at org.apache.ratis.server.raftlog.segmented.SegmentedRaftLogWorker.run(SegmentedRaftLogWorker.java:308)
	... 1 more
Caused by: java.lang.IllegalStateException: Null stream: entry=term: 2
index: 52
stateMachineLogEntry {
  type: DATASTREAM
  clientId: "G./W)\216@Y\245\374\244~?\256\355\b"
  callId: 401
}

	at org.apache.ratis.datastream.DataStreamTestUtils$MultiDataStreamStateMachine.link(DataStreamTestUtils.java:159)
	at org.apache.ratis.server.raftlog.segmented.SegmentedRaftLogWorker$WriteLog.<init>(SegmentedRaftLogWorker.java:497)
	at org.apache.ratis.server.raftlog.segmented.SegmentedRaftLogWorker.writeLogEntry(SegmentedRaftLogWorker.java:443)
	at org.apache.ratis.server.raftlog.segmented.SegmentedRaftLog.appendEntryImpl(SegmentedRaftLog.java:409)
	at org.apache.ratis.server.raftlog.RaftLogBase.lambda$appendEntry$10(RaftLogBase.java:330)
	at org.apache.ratis.server.raftlog.RaftLogSequentialOps$Runner.runSequentially(RaftLogSequentialOps.java:78)
	at org.apache.ratis.server.raftlog.RaftLogBase.appendEntry(RaftLogBase.java:330)
	at org.apache.ratis.server.raftlog.segmented.SegmentedRaftLog.appendImpl(SegmentedRaftLog.java:456)
	at org.apache.ratis.server.raftlog.RaftLogBase.lambda$append$11(RaftLogBase.java:337)
	at org.apache.ratis.server.raftlog.RaftLogSequentialOps$Runner.runSequentially(RaftLogSequentialOps.java:69)
	at org.apache.ratis.server.raftlog.RaftLogBase.append(RaftLogBase.java:337)
	at org.apache.ratis.server.impl.RaftServerImpl.appendEntriesAsync(RaftServerImpl.java:1523)
	at org.apache.ratis.server.impl.RaftServerImpl.appendEntriesAsync(RaftServerImpl.java:1391)
	at org.apache.ratis.server.impl.RaftServerProxy.lambda$appendEntriesAsync$26(RaftServerProxy.java:634)
	at org.apache.ratis.util.JavaUtils.callAsUnchecked(JavaUtils.java:117)
	at org.apache.ratis.server.impl.RaftServerImpl.lambda$executeSubmitServerRequestAsync$11(RaftServerImpl.java:814)
	at java.base/java.util.concurrent.CompletableFuture$AsyncSupply.run(CompletableFuture.java:1700)
	at java.base/java.util.concurrent.ThreadPoolExecutor.runWorker(ThreadPoolExecutor.java:1128)
	at java.base/java.util.concurrent.ThreadPoolExecutor$Worker.run(ThreadPoolExecutor.java:628)
	... 1 more
2023-01-06 13:41:03,736 [grpc-default-executor-6] INFO  leader.FollowerInfo (FollowerInfoImpl.java:lambda$new$0(48)) - s0@group-BE38CA648A1A->s2: nextIndex: updateUnconditionally 62 -> 61
2023-01-06 13:41:09,642 [timer4] WARN  grpc.GrpcUtil (GrpcUtil.java:shutdownManagedChannel(223)) - Timed out gracefully shutting down connection: ManagedChannelOrphanWrapper{delegate=ManagedChannelImpl{logId=1181, target=localhost:41533}}. 
2023-01-06 13:41:09,713 [timer7] WARN  grpc.GrpcUtil (GrpcUtil.java:shutdownManagedChannel(223)) - Timed out gracefully shutting down connection: ManagedChannelOrphanWrapper{delegate=ManagedChannelImpl{logId=1195, target=localhost:41533}}. 
2023-01-06 13:41:13,210 [Timer-2] INFO  impl.MiniRaftCluster (MiniRaftCluster.java:lambda$start$6(349)) - TIMED-PRINT: printing ALL groups
  s0:  RUNNING    LEADER s0@group-BE38CA648A1A:t2, leader=s0, voted=s0, raftlog=Memoized:s0@group-BE38CA648A1A-SegmentedRaftLog:OPENED:c51, conf=50: peers:[s0|rpc:localhost:38633|admin:localhost:40929|client:localhost:41533|dataStream:localhost:40517|priority:0|startupRole:FOLLOWER, s1|rpc:localhost:34777|admin:localhost:37585|client:localhost:41985|dataStream:localhost:37955|priority:0|startupRole:FOLLOWER, s2|rpc:localhost:44299|admin:localhost:37199|client:localhost:33573|dataStream:localhost:37575|priority:0|startupRole:FOLLOWER]|listeners:[], old=null RUNNING
  s1:  RUNNING  FOLLOWER s1@group-BE38CA648A1A:t2, leader=s0, voted=s0, raftlog=Memoized:s1@group-BE38CA648A1A-SegmentedRaftLog:OPENED:c51, conf=50: peers:[s0|rpc:localhost:38633|admin:localhost:40929|client:localhost:41533|dataStream:localhost:40517|priority:0|startupRole:FOLLOWER, s1|rpc:localhost:34777|admin:localhost:37585|client:localhost:41985|dataStream:localhost:37955|priority:0|startupRole:FOLLOWER, s2|rpc:localhost:44299|admin:localhost:37199|client:localhost:33573|dataStream:localhost:37575|priority:0|startupRole:FOLLOWER]|listeners:[], old=null RUNNING
  s2:  RUNNING  FOLLOWER s2@group-BE38CA648A1A:t2, leader=s0, voted=s0, raftlog=Memoized:s2@group-BE38CA648A1A-SegmentedRaftLog:OPENED:c51, conf=50: peers:[s0|rpc:localhost:38633|admin:localhost:40929|client:localhost:41533|dataStream:localhost:40517|priority:0|startupRole:FOLLOWER, s1|rpc:localhost:34777|admin:localhost:37585|client:localhost:41985|dataStream:localhost:37955|priority:0|startupRole:FOLLOWER, s2|rpc:localhost:44299|admin:localhost:37199|client:localhost:33573|dataStream:localhost:37575|priority:0|startupRole:FOLLOWER]|listeners:[], old=null RUNNING
2023-01-06 13:41:15,755 [timer2] WARN  grpc.GrpcUtil (GrpcUtil.java:shutdownManagedChannel(223)) - Timed out gracefully shutting down connection: ManagedChannelOrphanWrapper{delegate=ManagedChannelImpl{logId=1209, target=localhost:41533}}. 
2023-01-06 13:41:15,823 [timer3] WARN  grpc.GrpcUtil (GrpcUtil.java:shutdownManagedChannel(223)) - Timed out gracefully shutting down connection: ManagedChannelOrphanWrapper{delegate=ManagedChannelImpl{logId=1223, target=localhost:41533}}. 
2023-01-06 13:41:21,866 [timer2] WARN  grpc.GrpcUtil (GrpcUtil.java:shutdownManagedChannel(223)) - Timed out gracefully shutting down connection: ManagedChannelOrphanWrapper{delegate=ManagedChannelImpl{logId=1237, target=localhost:41533}}. 
2023-01-06 13:41:21,934 [timer3] WARN  grpc.GrpcUtil (GrpcUtil.java:shutdownManagedChannel(223)) - Timed out gracefully shutting down connection: ManagedChannelOrphanWrapper{delegate=ManagedChannelImpl{logId=1251, target=localhost:41533}}. 
2023-01-06 13:41:23,211 [Timer-2] INFO  impl.MiniRaftCluster (MiniRaftCluster.java:lambda$start$6(349)) - TIMED-PRINT: printing ALL groups
  s0:  RUNNING    LEADER s0@group-BE38CA648A1A:t2, leader=s0, voted=s0, raftlog=Memoized:s0@group-BE38CA648A1A-SegmentedRaftLog:OPENED:c51, conf=50: peers:[s0|rpc:localhost:38633|admin:localhost:40929|client:localhost:41533|dataStream:localhost:40517|priority:0|startupRole:FOLLOWER, s1|rpc:localhost:34777|admin:localhost:37585|client:localhost:41985|dataStream:localhost:37955|priority:0|startupRole:FOLLOWER, s2|rpc:localhost:44299|admin:localhost:37199|client:localhost:33573|dataStream:localhost:37575|priority:0|startupRole:FOLLOWER]|listeners:[], old=null RUNNING
  s1:  RUNNING  FOLLOWER s1@group-BE38CA648A1A:t2, leader=s0, voted=s0, raftlog=Memoized:s1@group-BE38CA648A1A-SegmentedRaftLog:OPENED:c51, conf=50: peers:[s0|rpc:localhost:38633|admin:localhost:40929|client:localhost:41533|dataStream:localhost:40517|priority:0|startupRole:FOLLOWER, s1|rpc:localhost:34777|admin:localhost:37585|client:localhost:41985|dataStream:localhost:37955|priority:0|startupRole:FOLLOWER, s2|rpc:localhost:44299|admin:localhost:37199|client:localhost:33573|dataStream:localhost:37575|priority:0|startupRole:FOLLOWER]|listeners:[], old=null RUNNING
  s2:  RUNNING  FOLLOWER s2@group-BE38CA648A1A:t2, leader=s0, voted=s0, raftlog=Memoized:s2@group-BE38CA648A1A-SegmentedRaftLog:OPENED:c51, conf=50: peers:[s0|rpc:localhost:38633|admin:localhost:40929|client:localhost:41533|dataStream:localhost:40517|priority:0|startupRole:FOLLOWER, s1|rpc:localhost:34777|admin:localhost:37585|client:localhost:41985|dataStream:localhost:37955|priority:0|startupRole:FOLLOWER, s2|rpc:localhost:44299|admin:localhost:37199|client:localhost:33573|dataStream:localhost:37575|priority:0|startupRole:FOLLOWER]|listeners:[], old=null RUNNING
2023-01-06 13:41:27,976 [timer2] WARN  grpc.GrpcUtil (GrpcUtil.java:shutdownManagedChannel(223)) - Timed out gracefully shutting down connection: ManagedChannelOrphanWrapper{delegate=ManagedChannelImpl{logId=1265, target=localhost:41533}}. 
2023-01-06 13:41:28,042 [timer3] WARN  grpc.GrpcUtil (GrpcUtil.java:shutdownManagedChannel(223)) - Timed out gracefully shutting down connection: ManagedChannelOrphanWrapper{delegate=ManagedChannelImpl{logId=1279, target=localhost:41533}}. 
2023-01-06 13:41:33,211 [Timer-2] INFO  impl.MiniRaftCluster (MiniRaftCluster.java:lambda$start$6(349)) - TIMED-PRINT: printing ALL groups
  s0:  RUNNING    LEADER s0@group-BE38CA648A1A:t2, leader=s0, voted=s0, raftlog=Memoized:s0@group-BE38CA648A1A-SegmentedRaftLog:OPENED:c51, conf=50: peers:[s0|rpc:localhost:38633|admin:localhost:40929|client:localhost:41533|dataStream:localhost:40517|priority:0|startupRole:FOLLOWER, s1|rpc:localhost:34777|admin:localhost:37585|client:localhost:41985|dataStream:localhost:37955|priority:0|startupRole:FOLLOWER, s2|rpc:localhost:44299|admin:localhost:37199|client:localhost:33573|dataStream:localhost:37575|priority:0|startupRole:FOLLOWER]|listeners:[], old=null RUNNING
  s1:  RUNNING  FOLLOWER s1@group-BE38CA648A1A:t2, leader=s0, voted=s0, raftlog=Memoized:s1@group-BE38CA648A1A-SegmentedRaftLog:OPENED:c51, conf=50: peers:[s0|rpc:localhost:38633|admin:localhost:40929|client:localhost:41533|dataStream:localhost:40517|priority:0|startupRole:FOLLOWER, s1|rpc:localhost:34777|admin:localhost:37585|client:localhost:41985|dataStream:localhost:37955|priority:0|startupRole:FOLLOWER, s2|rpc:localhost:44299|admin:localhost:37199|client:localhost:33573|dataStream:localhost:37575|priority:0|startupRole:FOLLOWER]|listeners:[], old=null RUNNING
  s2:  RUNNING  FOLLOWER s2@group-BE38CA648A1A:t2, leader=s0, voted=s0, raftlog=Memoized:s2@group-BE38CA648A1A-SegmentedRaftLog:OPENED:c51, conf=50: peers:[s0|rpc:localhost:38633|admin:localhost:40929|client:localhost:41533|dataStream:localhost:40517|priority:0|startupRole:FOLLOWER, s1|rpc:localhost:34777|admin:localhost:37585|client:localhost:41985|dataStream:localhost:37955|priority:0|startupRole:FOLLOWER, s2|rpc:localhost:44299|admin:localhost:37199|client:localhost:33573|dataStream:localhost:37575|priority:0|startupRole:FOLLOWER]|listeners:[], old=null RUNNING
2023-01-06 13:41:34,087 [timer3] WARN  grpc.GrpcUtil (GrpcUtil.java:shutdownManagedChannel(223)) - Timed out gracefully shutting down connection: ManagedChannelOrphanWrapper{delegate=ManagedChannelImpl{logId=1293, target=localhost:41533}}. 
2023-01-06 13:41:34,153 [timer4] WARN  grpc.GrpcUtil (GrpcUtil.java:shutdownManagedChannel(223)) - Timed out gracefully shutting down connection: ManagedChannelOrphanWrapper{delegate=ManagedChannelImpl{logId=1307, target=localhost:41533}}. 
2023-01-06 13:41:40,200 [timer3] WARN  grpc.GrpcUtil (GrpcUtil.java:shutdownManagedChannel(223)) - Timed out gracefully shutting down connection: ManagedChannelOrphanWrapper{delegate=ManagedChannelImpl{logId=1321, target=localhost:41533}}. 
2023-01-06 13:41:40,262 [timer4] WARN  grpc.GrpcUtil (GrpcUtil.java:shutdownManagedChannel(223)) - Timed out gracefully shutting down connection: ManagedChannelOrphanWrapper{delegate=ManagedChannelImpl{logId=1335, target=localhost:41533}}. 
2023-01-06 13:41:43,212 [Timer-2] INFO  impl.MiniRaftCluster (MiniRaftCluster.java:lambda$start$6(349)) - TIMED-PRINT: printing ALL groups
  s0:  RUNNING    LEADER s0@group-BE38CA648A1A:t2, leader=s0, voted=s0, raftlog=Memoized:s0@group-BE38CA648A1A-SegmentedRaftLog:OPENED:c51, conf=50: peers:[s0|rpc:localhost:38633|admin:localhost:40929|client:localhost:41533|dataStream:localhost:40517|priority:0|startupRole:FOLLOWER, s1|rpc:localhost:34777|admin:localhost:37585|client:localhost:41985|dataStream:localhost:37955|priority:0|startupRole:FOLLOWER, s2|rpc:localhost:44299|admin:localhost:37199|client:localhost:33573|dataStream:localhost:37575|priority:0|startupRole:FOLLOWER]|listeners:[], old=null RUNNING
  s1:  RUNNING  FOLLOWER s1@group-BE38CA648A1A:t2, leader=s0, voted=s0, raftlog=Memoized:s1@group-BE38CA648A1A-SegmentedRaftLog:OPENED:c51, conf=50: peers:[s0|rpc:localhost:38633|admin:localhost:40929|client:localhost:41533|dataStream:localhost:40517|priority:0|startupRole:FOLLOWER, s1|rpc:localhost:34777|admin:localhost:37585|client:localhost:41985|dataStream:localhost:37955|priority:0|startupRole:FOLLOWER, s2|rpc:localhost:44299|admin:localhost:37199|client:localhost:33573|dataStream:localhost:37575|priority:0|startupRole:FOLLOWER]|listeners:[], old=null RUNNING
  s2:  RUNNING  FOLLOWER s2@group-BE38CA648A1A:t2, leader=s0, voted=s0, raftlog=Memoized:s2@group-BE38CA648A1A-SegmentedRaftLog:OPENED:c51, conf=50: peers:[s0|rpc:localhost:38633|admin:localhost:40929|client:localhost:41533|dataStream:localhost:40517|priority:0|startupRole:FOLLOWER, s1|rpc:localhost:34777|admin:localhost:37585|client:localhost:41985|dataStream:localhost:37955|priority:0|startupRole:FOLLOWER, s2|rpc:localhost:44299|admin:localhost:37199|client:localhost:33573|dataStream:localhost:37575|priority:0|startupRole:FOLLOWER]|listeners:[], old=null RUNNING
2023-01-06 13:41:46,311 [timer3] WARN  grpc.GrpcUtil (GrpcUtil.java:shutdownManagedChannel(223)) - Timed out gracefully shutting down connection: ManagedChannelOrphanWrapper{delegate=ManagedChannelImpl{logId=1349, target=localhost:41533}}. 
2023-01-06 13:41:46,372 [timer4] WARN  grpc.GrpcUtil (GrpcUtil.java:shutdownManagedChannel(223)) - Timed out gracefully shutting down connection: ManagedChannelOrphanWrapper{delegate=ManagedChannelImpl{logId=1363, target=localhost:41533}}. 
2023-01-06 13:41:52,421 [timer2] WARN  grpc.GrpcUtil (GrpcUtil.java:shutdownManagedChannel(223)) - Timed out gracefully shutting down connection: ManagedChannelOrphanWrapper{delegate=ManagedChannelImpl{logId=1377, target=localhost:41533}}. 
2023-01-06 13:41:52,486 [timer3] WARN  grpc.GrpcUtil (GrpcUtil.java:shutdownManagedChannel(223)) - Timed out gracefully shutting down connection: ManagedChannelOrphanWrapper{delegate=ManagedChannelImpl{logId=1391, target=localhost:41533}}. 
2023-01-06 13:41:53,213 [Timer-2] INFO  impl.MiniRaftCluster (MiniRaftCluster.java:lambda$start$6(349)) - TIMED-PRINT: printing ALL groups
  s0:  RUNNING    LEADER s0@group-BE38CA648A1A:t2, leader=s0, voted=s0, raftlog=Memoized:s0@group-BE38CA648A1A-SegmentedRaftLog:OPENED:c51, conf=50: peers:[s0|rpc:localhost:38633|admin:localhost:40929|client:localhost:41533|dataStream:localhost:40517|priority:0|startupRole:FOLLOWER, s1|rpc:localhost:34777|admin:localhost:37585|client:localhost:41985|dataStream:localhost:37955|priority:0|startupRole:FOLLOWER, s2|rpc:localhost:44299|admin:localhost:37199|client:localhost:33573|dataStream:localhost:37575|priority:0|startupRole:FOLLOWER]|listeners:[], old=null RUNNING
  s1:  RUNNING  FOLLOWER s1@group-BE38CA648A1A:t2, leader=s0, voted=s0, raftlog=Memoized:s1@group-BE38CA648A1A-SegmentedRaftLog:OPENED:c51, conf=50: peers:[s0|rpc:localhost:38633|admin:localhost:40929|client:localhost:41533|dataStream:localhost:40517|priority:0|startupRole:FOLLOWER, s1|rpc:localhost:34777|admin:localhost:37585|client:localhost:41985|dataStream:localhost:37955|priority:0|startupRole:FOLLOWER, s2|rpc:localhost:44299|admin:localhost:37199|client:localhost:33573|dataStream:localhost:37575|priority:0|startupRole:FOLLOWER]|listeners:[], old=null RUNNING
  s2:  RUNNING  FOLLOWER s2@group-BE38CA648A1A:t2, leader=s0, voted=s0, raftlog=Memoized:s2@group-BE38CA648A1A-SegmentedRaftLog:OPENED:c51, conf=50: peers:[s0|rpc:localhost:38633|admin:localhost:40929|client:localhost:41533|dataStream:localhost:40517|priority:0|startupRole:FOLLOWER, s1|rpc:localhost:34777|admin:localhost:37585|client:localhost:41985|dataStream:localhost:37955|priority:0|startupRole:FOLLOWER, s2|rpc:localhost:44299|admin:localhost:37199|client:localhost:33573|dataStream:localhost:37575|priority:0|startupRole:FOLLOWER]|listeners:[], old=null RUNNING
2023-01-06 13:41:58,533 [timer2] WARN  grpc.GrpcUtil (GrpcUtil.java:shutdownManagedChannel(223)) - Timed out gracefully shutting down connection: ManagedChannelOrphanWrapper{delegate=ManagedChannelImpl{logId=1405, target=localhost:41533}}. 
2023-01-06 13:41:58,607 [timer3] WARN  grpc.GrpcUtil (GrpcUtil.java:shutdownManagedChannel(223)) - Timed out gracefully shutting down connection: ManagedChannelOrphanWrapper{delegate=ManagedChannelImpl{logId=1419, target=localhost:41533}}. 
2023-01-06 13:42:03,212 [Timer-2] INFO  impl.MiniRaftCluster (MiniRaftCluster.java:lambda$start$6(349)) - TIMED-PRINT: printing ALL groups
  s0:  RUNNING    LEADER s0@group-BE38CA648A1A:t2, leader=s0, voted=s0, raftlog=Memoized:s0@group-BE38CA648A1A-SegmentedRaftLog:OPENED:c51, conf=50: peers:[s0|rpc:localhost:38633|admin:localhost:40929|client:localhost:41533|dataStream:localhost:40517|priority:0|startupRole:FOLLOWER, s1|rpc:localhost:34777|admin:localhost:37585|client:localhost:41985|dataStream:localhost:37955|priority:0|startupRole:FOLLOWER, s2|rpc:localhost:44299|admin:localhost:37199|client:localhost:33573|dataStream:localhost:37575|priority:0|startupRole:FOLLOWER]|listeners:[], old=null RUNNING
  s1:  RUNNING  FOLLOWER s1@group-BE38CA648A1A:t2, leader=s0, voted=s0, raftlog=Memoized:s1@group-BE38CA648A1A-SegmentedRaftLog:OPENED:c51, conf=50: peers:[s0|rpc:localhost:38633|admin:localhost:40929|client:localhost:41533|dataStream:localhost:40517|priority:0|startupRole:FOLLOWER, s1|rpc:localhost:34777|admin:localhost:37585|client:localhost:41985|dataStream:localhost:37955|priority:0|startupRole:FOLLOWER, s2|rpc:localhost:44299|admin:localhost:37199|client:localhost:33573|dataStream:localhost:37575|priority:0|startupRole:FOLLOWER]|listeners:[], old=null RUNNING
  s2:  RUNNING  FOLLOWER s2@group-BE38CA648A1A:t2, leader=s0, voted=s0, raftlog=Memoized:s2@group-BE38CA648A1A-SegmentedRaftLog:OPENED:c51, conf=50: peers:[s0|rpc:localhost:38633|admin:localhost:40929|client:localhost:41533|dataStream:localhost:40517|priority:0|startupRole:FOLLOWER, s1|rpc:localhost:34777|admin:localhost:37585|client:localhost:41985|dataStream:localhost:37955|priority:0|startupRole:FOLLOWER, s2|rpc:localhost:44299|admin:localhost:37199|client:localhost:33573|dataStream:localhost:37575|priority:0|startupRole:FOLLOWER]|listeners:[], old=null RUNNING
2023-01-06 13:42:04,643 [timer4] WARN  grpc.GrpcUtil (GrpcUtil.java:shutdownManagedChannel(223)) - Timed out gracefully shutting down connection: ManagedChannelOrphanWrapper{delegate=ManagedChannelImpl{logId=1433, target=localhost:41533}}. 
2023-01-06 13:42:04,722 [timer5] WARN  grpc.GrpcUtil (GrpcUtil.java:shutdownManagedChannel(223)) - Timed out gracefully shutting down connection: ManagedChannelOrphanWrapper{delegate=ManagedChannelImpl{logId=1447, target=localhost:41533}}. 
2023-01-06 13:42:04,757 [s0-client-thread2] INFO  statemachine.StateMachine (DataStreamTestUtils.java:link(157)) - link null
2023-01-06 13:42:04,758 [s1-server-thread2] INFO  statemachine.StateMachine (DataStreamTestUtils.java:link(157)) - link null
2023-01-06 13:42:04,758 [s2-server-thread1] INFO  statemachine.StateMachine (DataStreamTestUtils.java:link(157)) - link null
2023-01-06 13:42:04,759 [grpc-default-executor-5] WARN  server.GrpcServerProtocolService (LogUtils.java:warn(124)) - s1: Failed APPEND_ENTRIES request s0->s1#3265-t2,previous=(t:2, i:61),leaderCommit=51,initializing? true,entries: size=1, first=(t:2, i:62), STATEMACHINELOGENTRY, 401@client-A47E3FAEED08
java.util.concurrent.CompletionException: org.apache.ratis.server.raftlog.RaftLogIOException: Log already failed at index 52 for task WriteLog:52: (t:2, i:52), STATEMACHINELOGENTRY, StateMachineLogEntryProto:401@client-A47E3FAEED08
	at java.base/java.util.concurrent.CompletableFuture.encodeThrowable(CompletableFuture.java:331)
	at java.base/java.util.concurrent.CompletableFuture.andTree(CompletableFuture.java:1452)
	at java.base/java.util.concurrent.CompletableFuture.allOf(CompletableFuture.java:2337)
	at org.apache.ratis.util.JavaUtils.allOf(JavaUtils.java:278)
	at org.apache.ratis.server.impl.RaftServerImpl.appendEntriesAsync(RaftServerImpl.java:1535)
	at org.apache.ratis.server.impl.RaftServerImpl.appendEntriesAsync(RaftServerImpl.java:1391)
	at org.apache.ratis.server.impl.RaftServerProxy.lambda$appendEntriesAsync$26(RaftServerProxy.java:634)
	at org.apache.ratis.util.JavaUtils.callAsUnchecked(JavaUtils.java:117)
	at org.apache.ratis.server.impl.RaftServerImpl.lambda$executeSubmitServerRequestAsync$11(RaftServerImpl.java:814)
	at java.base/java.util.concurrent.CompletableFuture$AsyncSupply.run(CompletableFuture.java:1700)
	at java.base/java.util.concurrent.ThreadPoolExecutor.runWorker(ThreadPoolExecutor.java:1128)
	at java.base/java.util.concurrent.ThreadPoolExecutor$Worker.run(ThreadPoolExecutor.java:628)
	at java.base/java.lang.Thread.run(Thread.java:829)
Caused by: org.apache.ratis.server.raftlog.RaftLogIOException: Log already failed at index 52 for task WriteLog:52: (t:2, i:52), STATEMACHINELOGENTRY, StateMachineLogEntryProto:401@client-A47E3FAEED08
	at org.apache.ratis.server.raftlog.segmented.SegmentedRaftLogWorker.run(SegmentedRaftLogWorker.java:320)
	... 1 more
Caused by: java.io.IOException: java.lang.IllegalStateException: Null stream: entry=term: 2
index: 52
stateMachineLogEntry {
  type: DATASTREAM
  clientId: "G./W)\216@Y\245\374\244~?\256\355\b"
  callId: 401
}

	at org.apache.ratis.util.IOUtils.asIOException(IOUtils.java:56)
	at org.apache.ratis.util.IOUtils.toIOException(IOUtils.java:61)
	at org.apache.ratis.util.IOUtils.getFromFuture(IOUtils.java:85)
	at org.apache.ratis.server.raftlog.segmented.SegmentedRaftLogWorker$StateMachineDataPolicy.getFromFuture(SegmentedRaftLogWorker.java:88)
	at org.apache.ratis.server.raftlog.segmented.SegmentedRaftLogWorker$WriteLog.execute(SegmentedRaftLogWorker.java:540)
	at org.apache.ratis.server.raftlog.segmented.SegmentedRaftLogWorker.run(SegmentedRaftLogWorker.java:308)
	... 1 more
Caused by: java.lang.IllegalStateException: Null stream: entry=term: 2
index: 52
stateMachineLogEntry {
  type: DATASTREAM
  clientId: "G./W)\216@Y\245\374\244~?\256\355\b"
  callId: 401
}

	at org.apache.ratis.datastream.DataStreamTestUtils$MultiDataStreamStateMachine.link(DataStreamTestUtils.java:159)
	at org.apache.ratis.server.raftlog.segmented.SegmentedRaftLogWorker$WriteLog.<init>(SegmentedRaftLogWorker.java:497)
	at org.apache.ratis.server.raftlog.segmented.SegmentedRaftLogWorker.writeLogEntry(SegmentedRaftLogWorker.java:443)
	at org.apache.ratis.server.raftlog.segmented.SegmentedRaftLog.appendEntryImpl(SegmentedRaftLog.java:409)
	at org.apache.ratis.server.raftlog.RaftLogBase.lambda$appendEntry$10(RaftLogBase.java:330)
	at org.apache.ratis.server.raftlog.RaftLogSequentialOps$Runner.runSequentially(RaftLogSequentialOps.java:78)
	at org.apache.ratis.server.raftlog.RaftLogBase.appendEntry(RaftLogBase.java:330)
	at org.apache.ratis.server.raftlog.segmented.SegmentedRaftLog.appendImpl(SegmentedRaftLog.java:456)
	at org.apache.ratis.server.raftlog.RaftLogBase.lambda$append$11(RaftLogBase.java:337)
	at org.apache.ratis.server.raftlog.RaftLogSequentialOps$Runner.runSequentially(RaftLogSequentialOps.java:69)
	at org.apache.ratis.server.raftlog.RaftLogBase.append(RaftLogBase.java:337)
	at org.apache.ratis.server.impl.RaftServerImpl.appendEntriesAsync(RaftServerImpl.java:1523)
	at org.apache.ratis.server.impl.RaftServerImpl.appendEntriesAsync(RaftServerImpl.java:1391)
	at org.apache.ratis.server.impl.RaftServerProxy.lambda$appendEntriesAsync$26(RaftServerProxy.java:634)
	at org.apache.ratis.util.JavaUtils.callAsUnchecked(JavaUtils.java:117)
	at org.apache.ratis.server.impl.RaftServerImpl.lambda$executeSubmitServerRequestAsync$11(RaftServerImpl.java:814)
	at java.base/java.util.concurrent.CompletableFuture$AsyncSupply.run(CompletableFuture.java:1700)
	at java.base/java.util.concurrent.ThreadPoolExecutor.runWorker(ThreadPoolExecutor.java:1128)
	at java.base/java.util.concurrent.ThreadPoolExecutor$Worker.run(ThreadPoolExecutor.java:628)
	... 1 more
2023-01-06 13:42:04,760 [s2-server-thread1] WARN  server.GrpcServerProtocolService (LogUtils.java:warn(124)) - s2: Failed APPEND_ENTRIES request s0->s2#3260-t2,previous=(t:2, i:61),leaderCommit=51,initializing? true,entries: size=1, first=(t:2, i:62), STATEMACHINELOGENTRY, 401@client-A47E3FAEED08
java.util.concurrent.CompletionException: org.apache.ratis.server.raftlog.RaftLogIOException: Log already failed at index 52 for task WriteLog:52: (t:2, i:52), STATEMACHINELOGENTRY, StateMachineLogEntryProto:401@client-A47E3FAEED08
	at java.base/java.util.concurrent.CompletableFuture.encodeThrowable(CompletableFuture.java:331)
	at java.base/java.util.concurrent.CompletableFuture.completeThrowable(CompletableFuture.java:346)
	at java.base/java.util.concurrent.CompletableFuture$BiRelay.tryFire(CompletableFuture.java:1423)
	at java.base/java.util.concurrent.CompletableFuture$CoCompletion.tryFire(CompletableFuture.java:1144)
	at java.base/java.util.concurrent.CompletableFuture.postComplete(CompletableFuture.java:506)
	at java.base/java.util.concurrent.CompletableFuture.completeExceptionally(CompletableFuture.java:2088)
	at org.apache.ratis.server.raftlog.segmented.SegmentedRaftLog$Task.failed(SegmentedRaftLog.java:105)
	at org.apache.ratis.server.raftlog.segmented.SegmentedRaftLogWorker$WriteLog.failed(SegmentedRaftLogWorker.java:519)
	at org.apache.ratis.server.raftlog.segmented.SegmentedRaftLogWorker.run(SegmentedRaftLogWorker.java:317)
	at java.base/java.lang.Thread.run(Thread.java:829)
Caused by: org.apache.ratis.server.raftlog.RaftLogIOException: Log already failed at index 52 for task WriteLog:52: (t:2, i:52), STATEMACHINELOGENTRY, StateMachineLogEntryProto:401@client-A47E3FAEED08
	at org.apache.ratis.server.raftlog.segmented.SegmentedRaftLogWorker.run(SegmentedRaftLogWorker.java:320)
	... 1 more
Caused by: java.io.IOException: java.lang.IllegalStateException: Null stream: entry=term: 2
index: 52
stateMachineLogEntry {
  type: DATASTREAM
  clientId: "G./W)\216@Y\245\374\244~?\256\355\b"
  callId: 401
}

	at org.apache.ratis.util.IOUtils.asIOException(IOUtils.java:56)
	at org.apache.ratis.util.IOUtils.toIOException(IOUtils.java:61)
	at org.apache.ratis.util.IOUtils.getFromFuture(IOUtils.java:85)
	at org.apache.ratis.server.raftlog.segmented.SegmentedRaftLogWorker$StateMachineDataPolicy.getFromFuture(SegmentedRaftLogWorker.java:88)
	at org.apache.ratis.server.raftlog.segmented.SegmentedRaftLogWorker$WriteLog.execute(SegmentedRaftLogWorker.java:540)
	at org.apache.ratis.server.raftlog.segmented.SegmentedRaftLogWorker.run(SegmentedRaftLogWorker.java:308)
	... 1 more
Caused by: java.lang.IllegalStateException: Null stream: entry=term: 2
index: 52
stateMachineLogEntry {
  type: DATASTREAM
  clientId: "G./W)\216@Y\245\374\244~?\256\355\b"
  callId: 401
}

	at org.apache.ratis.datastream.DataStreamTestUtils$MultiDataStreamStateMachine.link(DataStreamTestUtils.java:159)
	at org.apache.ratis.server.raftlog.segmented.SegmentedRaftLogWorker$WriteLog.<init>(SegmentedRaftLogWorker.java:497)
	at org.apache.ratis.server.raftlog.segmented.SegmentedRaftLogWorker.writeLogEntry(SegmentedRaftLogWorker.java:443)
	at org.apache.ratis.server.raftlog.segmented.SegmentedRaftLog.appendEntryImpl(SegmentedRaftLog.java:409)
	at org.apache.ratis.server.raftlog.RaftLogBase.lambda$appendEntry$10(RaftLogBase.java:330)
	at org.apache.ratis.server.raftlog.RaftLogSequentialOps$Runner.runSequentially(RaftLogSequentialOps.java:78)
	at org.apache.ratis.server.raftlog.RaftLogBase.appendEntry(RaftLogBase.java:330)
	at org.apache.ratis.server.raftlog.segmented.SegmentedRaftLog.appendImpl(SegmentedRaftLog.java:456)
	at org.apache.ratis.server.raftlog.RaftLogBase.lambda$append$11(RaftLogBase.java:337)
	at org.apache.ratis.server.raftlog.RaftLogSequentialOps$Runner.runSequentially(RaftLogSequentialOps.java:69)
	at org.apache.ratis.server.raftlog.RaftLogBase.append(RaftLogBase.java:337)
	at org.apache.ratis.server.impl.RaftServerImpl.appendEntriesAsync(RaftServerImpl.java:1523)
	at org.apache.ratis.server.impl.RaftServerImpl.appendEntriesAsync(RaftServerImpl.java:1391)
	at org.apache.ratis.server.impl.RaftServerProxy.lambda$appendEntriesAsync$26(RaftServerProxy.java:634)
	at org.apache.ratis.util.JavaUtils.callAsUnchecked(JavaUtils.java:117)
	at org.apache.ratis.server.impl.RaftServerImpl.lambda$executeSubmitServerRequestAsync$11(RaftServerImpl.java:814)
	at java.base/java.util.concurrent.CompletableFuture$AsyncSupply.run(CompletableFuture.java:1700)
	at java.base/java.util.concurrent.ThreadPoolExecutor.runWorker(ThreadPoolExecutor.java:1128)
	at java.base/java.util.concurrent.ThreadPoolExecutor$Worker.run(ThreadPoolExecutor.java:628)
	... 1 more
2023-01-06 13:42:04,773 [grpc-default-executor-5] WARN  server.GrpcLogAppender (LogUtils.java:warn(124)) - s0@group-BE38CA648A1A->s2-AppendLogResponseHandler: Failed appendEntries
org.apache.ratis.server.raftlog.RaftLogIOException: Log already failed at index 52 for task WriteLog:52: (t:2, i:52), STATEMACHINELOGENTRY, StateMachineLogEntryProto:401@client-A47E3FAEED08
	at org.apache.ratis.server.raftlog.segmented.SegmentedRaftLogWorker.run(SegmentedRaftLogWorker.java:320)
	at java.base/java.lang.Thread.run(Thread.java:829)
Caused by: java.io.IOException: java.lang.IllegalStateException: Null stream: entry=term: 2
index: 52
stateMachineLogEntry {
  type: DATASTREAM
  clientId: "G./W)\216@Y\245\374\244~?\256\355\b"
  callId: 401
}

	at org.apache.ratis.util.IOUtils.asIOException(IOUtils.java:56)
	at org.apache.ratis.util.IOUtils.toIOException(IOUtils.java:61)
	at org.apache.ratis.util.IOUtils.getFromFuture(IOUtils.java:85)
	at org.apache.ratis.server.raftlog.segmented.SegmentedRaftLogWorker$StateMachineDataPolicy.getFromFuture(SegmentedRaftLogWorker.java:88)
	at org.apache.ratis.server.raftlog.segmented.SegmentedRaftLogWorker$WriteLog.execute(SegmentedRaftLogWorker.java:540)
	at org.apache.ratis.server.raftlog.segmented.SegmentedRaftLogWorker.run(SegmentedRaftLogWorker.java:308)
	... 1 more
Caused by: java.lang.IllegalStateException: Null stream: entry=term: 2
index: 52
stateMachineLogEntry {
  type: DATASTREAM
  clientId: "G./W)\216@Y\245\374\244~?\256\355\b"
  callId: 401
}

	at org.apache.ratis.datastream.DataStreamTestUtils$MultiDataStreamStateMachine.link(DataStreamTestUtils.java:159)
	at org.apache.ratis.server.raftlog.segmented.SegmentedRaftLogWorker$WriteLog.<init>(SegmentedRaftLogWorker.java:497)
	at org.apache.ratis.server.raftlog.segmented.SegmentedRaftLogWorker.writeLogEntry(SegmentedRaftLogWorker.java:443)
	at org.apache.ratis.server.raftlog.segmented.SegmentedRaftLog.appendEntryImpl(SegmentedRaftLog.java:409)
	at org.apache.ratis.server.raftlog.RaftLogBase.lambda$appendEntry$10(RaftLogBase.java:330)
	at org.apache.ratis.server.raftlog.RaftLogSequentialOps$Runner.runSequentially(RaftLogSequentialOps.java:78)
	at org.apache.ratis.server.raftlog.RaftLogBase.appendEntry(RaftLogBase.java:330)
	at org.apache.ratis.server.raftlog.segmented.SegmentedRaftLog.appendImpl(SegmentedRaftLog.java:456)
	at org.apache.ratis.server.raftlog.RaftLogBase.lambda$append$11(RaftLogBase.java:337)
	at org.apache.ratis.server.raftlog.RaftLogSequentialOps$Runner.runSequentially(RaftLogSequentialOps.java:69)
	at org.apache.ratis.server.raftlog.RaftLogBase.append(RaftLogBase.java:337)
	at org.apache.ratis.server.impl.RaftServerImpl.appendEntriesAsync(RaftServerImpl.java:1523)
	at org.apache.ratis.server.impl.RaftServerImpl.appendEntriesAsync(RaftServerImpl.java:1391)
	at org.apache.ratis.server.impl.RaftServerProxy.lambda$appendEntriesAsync$26(RaftServerProxy.java:634)
	at org.apache.ratis.util.JavaUtils.callAsUnchecked(JavaUtils.java:117)
	at org.apache.ratis.server.impl.RaftServerImpl.lambda$executeSubmitServerRequestAsync$11(RaftServerImpl.java:814)
	at java.base/java.util.concurrent.CompletableFuture$AsyncSupply.run(CompletableFuture.java:1700)
	at java.base/java.util.concurrent.ThreadPoolExecutor.runWorker(ThreadPoolExecutor.java:1128)
	at java.base/java.util.concurrent.ThreadPoolExecutor$Worker.run(ThreadPoolExecutor.java:628)
	... 1 more
2023-01-06 13:42:04,774 [grpc-default-executor-5] INFO  leader.FollowerInfo (FollowerInfoImpl.java:lambda$new$0(48)) - s0@group-BE38CA648A1A->s2: nextIndex: updateUnconditionally 63 -> 62
2023-01-06 13:42:04,774 [grpc-default-executor-7] WARN  server.GrpcLogAppender (LogUtils.java:warn(124)) - s0@group-BE38CA648A1A->s1-AppendLogResponseHandler: Failed appendEntries
org.apache.ratis.server.raftlog.RaftLogIOException: Log already failed at index 52 for task WriteLog:52: (t:2, i:52), STATEMACHINELOGENTRY, StateMachineLogEntryProto:401@client-A47E3FAEED08
	at org.apache.ratis.server.raftlog.segmented.SegmentedRaftLogWorker.run(SegmentedRaftLogWorker.java:320)
	at java.base/java.lang.Thread.run(Thread.java:829)
Caused by: java.io.IOException: java.lang.IllegalStateException: Null stream: entry=term: 2
index: 52
stateMachineLogEntry {
  type: DATASTREAM
  clientId: "G./W)\216@Y\245\374\244~?\256\355\b"
  callId: 401
}

	at org.apache.ratis.util.IOUtils.asIOException(IOUtils.java:56)
	at org.apache.ratis.util.IOUtils.toIOException(IOUtils.java:61)
	at org.apache.ratis.util.IOUtils.getFromFuture(IOUtils.java:85)
	at org.apache.ratis.server.raftlog.segmented.SegmentedRaftLogWorker$StateMachineDataPolicy.getFromFuture(SegmentedRaftLogWorker.java:88)
	at org.apache.ratis.server.raftlog.segmented.SegmentedRaftLogWorker$WriteLog.execute(SegmentedRaftLogWorker.java:540)
	at org.apache.ratis.server.raftlog.segmented.SegmentedRaftLogWorker.run(SegmentedRaftLogWorker.java:308)
	... 1 more
Caused by: java.lang.IllegalStateException: Null stream: entry=term: 2
index: 52
stateMachineLogEntry {
  type: DATASTREAM
  clientId: "G./W)\216@Y\245\374\244~?\256\355\b"
  callId: 401
}

	at org.apache.ratis.datastream.DataStreamTestUtils$MultiDataStreamStateMachine.link(DataStreamTestUtils.java:159)
	at org.apache.ratis.server.raftlog.segmented.SegmentedRaftLogWorker$WriteLog.<init>(SegmentedRaftLogWorker.java:497)
	at org.apache.ratis.server.raftlog.segmented.SegmentedRaftLogWorker.writeLogEntry(SegmentedRaftLogWorker.java:443)
	at org.apache.ratis.server.raftlog.segmented.SegmentedRaftLog.appendEntryImpl(SegmentedRaftLog.java:409)
	at org.apache.ratis.server.raftlog.RaftLogBase.lambda$appendEntry$10(RaftLogBase.java:330)
	at org.apache.ratis.server.raftlog.RaftLogSequentialOps$Runner.runSequentially(RaftLogSequentialOps.java:78)
	at org.apache.ratis.server.raftlog.RaftLogBase.appendEntry(RaftLogBase.java:330)
	at org.apache.ratis.server.raftlog.segmented.SegmentedRaftLog.appendImpl(SegmentedRaftLog.java:456)
	at org.apache.ratis.server.raftlog.RaftLogBase.lambda$append$11(RaftLogBase.java:337)
	at org.apache.ratis.server.raftlog.RaftLogSequentialOps$Runner.runSequentially(RaftLogSequentialOps.java:69)
	at org.apache.ratis.server.raftlog.RaftLogBase.append(RaftLogBase.java:337)
	at org.apache.ratis.server.impl.RaftServerImpl.appendEntriesAsync(RaftServerImpl.java:1523)
	at org.apache.ratis.server.impl.RaftServerImpl.appendEntriesAsync(RaftServerImpl.java:1391)
	at org.apache.ratis.server.impl.RaftServerProxy.lambda$appendEntriesAsync$26(RaftServerProxy.java:634)
	at org.apache.ratis.util.JavaUtils.callAsUnchecked(JavaUtils.java:117)
	at org.apache.ratis.server.impl.RaftServerImpl.lambda$executeSubmitServerRequestAsync$11(RaftServerImpl.java:814)
	at java.base/java.util.concurrent.CompletableFuture$AsyncSupply.run(CompletableFuture.java:1700)
	at java.base/java.util.concurrent.ThreadPoolExecutor.runWorker(ThreadPoolExecutor.java:1128)
	at java.base/java.util.concurrent.ThreadPoolExecutor$Worker.run(ThreadPoolExecutor.java:628)
	... 1 more
2023-01-06 13:42:04,774 [grpc-default-executor-7] INFO  leader.FollowerInfo (FollowerInfoImpl.java:lambda$new$0(48)) - s0@group-BE38CA648A1A->s1: nextIndex: updateUnconditionally 63 -> 62
2023-01-06 13:42:04,831 [s0-client-thread2] INFO  statemachine.StateMachine (DataStreamTestUtils.java:link(157)) - link null
2023-01-06 13:42:04,832 [s2-server-thread2] INFO  statemachine.StateMachine (DataStreamTestUtils.java:link(157)) - link null
2023-01-06 13:42:04,832 [s1-server-thread2] INFO  statemachine.StateMachine (DataStreamTestUtils.java:link(157)) - link null
2023-01-06 13:42:04,833 [s1-server-thread2] WARN  server.GrpcServerProtocolService (LogUtils.java:warn(124)) - s1: Failed APPEND_ENTRIES request s0->s1#3267-t2,previous=(t:2, i:62),leaderCommit=51,initializing? true,entries: size=1, first=(t:2, i:63), STATEMACHINELOGENTRY, 407@client-3655CF99F1FA
java.util.concurrent.CompletionException: org.apache.ratis.server.raftlog.RaftLogIOException: Log already failed at index 52 for task WriteLog:52: (t:2, i:52), STATEMACHINELOGENTRY, StateMachineLogEntryProto:401@client-A47E3FAEED08
	at java.base/java.util.concurrent.CompletableFuture.encodeThrowable(CompletableFuture.java:331)
	at java.base/java.util.concurrent.CompletableFuture.completeThrowable(CompletableFuture.java:346)
	at java.base/java.util.concurrent.CompletableFuture$BiRelay.tryFire(CompletableFuture.java:1423)
	at java.base/java.util.concurrent.CompletableFuture$CoCompletion.tryFire(CompletableFuture.java:1144)
	at java.base/java.util.concurrent.CompletableFuture.postComplete(CompletableFuture.java:506)
	at java.base/java.util.concurrent.CompletableFuture.completeExceptionally(CompletableFuture.java:2088)
	at org.apache.ratis.server.raftlog.segmented.SegmentedRaftLog$Task.failed(SegmentedRaftLog.java:105)
	at org.apache.ratis.server.raftlog.segmented.SegmentedRaftLogWorker$WriteLog.failed(SegmentedRaftLogWorker.java:519)
	at org.apache.ratis.server.raftlog.segmented.SegmentedRaftLogWorker.run(SegmentedRaftLogWorker.java:317)
	at java.base/java.lang.Thread.run(Thread.java:829)
Caused by: org.apache.ratis.server.raftlog.RaftLogIOException: Log already failed at index 52 for task WriteLog:52: (t:2, i:52), STATEMACHINELOGENTRY, StateMachineLogEntryProto:401@client-A47E3FAEED08
	at org.apache.ratis.server.raftlog.segmented.SegmentedRaftLogWorker.run(SegmentedRaftLogWorker.java:320)
	... 1 more
Caused by: java.io.IOException: java.lang.IllegalStateException: Null stream: entry=term: 2
index: 52
stateMachineLogEntry {
  type: DATASTREAM
  clientId: "G./W)\216@Y\245\374\244~?\256\355\b"
  callId: 401
}

	at org.apache.ratis.util.IOUtils.asIOException(IOUtils.java:56)
	at org.apache.ratis.util.IOUtils.toIOException(IOUtils.java:61)
	at org.apache.ratis.util.IOUtils.getFromFuture(IOUtils.java:85)
	at org.apache.ratis.server.raftlog.segmented.SegmentedRaftLogWorker$StateMachineDataPolicy.getFromFuture(SegmentedRaftLogWorker.java:88)
	at org.apache.ratis.server.raftlog.segmented.SegmentedRaftLogWorker$WriteLog.execute(SegmentedRaftLogWorker.java:540)
	at org.apache.ratis.server.raftlog.segmented.SegmentedRaftLogWorker.run(SegmentedRaftLogWorker.java:308)
	... 1 more
Caused by: java.lang.IllegalStateException: Null stream: entry=term: 2
index: 52
stateMachineLogEntry {
  type: DATASTREAM
  clientId: "G./W)\216@Y\245\374\244~?\256\355\b"
  callId: 401
}

	at org.apache.ratis.datastream.DataStreamTestUtils$MultiDataStreamStateMachine.link(DataStreamTestUtils.java:159)
	at org.apache.ratis.server.raftlog.segmented.SegmentedRaftLogWorker$WriteLog.<init>(SegmentedRaftLogWorker.java:497)
	at org.apache.ratis.server.raftlog.segmented.SegmentedRaftLogWorker.writeLogEntry(SegmentedRaftLogWorker.java:443)
	at org.apache.ratis.server.raftlog.segmented.SegmentedRaftLog.appendEntryImpl(SegmentedRaftLog.java:409)
	at org.apache.ratis.server.raftlog.RaftLogBase.lambda$appendEntry$10(RaftLogBase.java:330)
	at org.apache.ratis.server.raftlog.RaftLogSequentialOps$Runner.runSequentially(RaftLogSequentialOps.java:78)
	at org.apache.ratis.server.raftlog.RaftLogBase.appendEntry(RaftLogBase.java:330)
	at org.apache.ratis.server.raftlog.segmented.SegmentedRaftLog.appendImpl(SegmentedRaftLog.java:456)
	at org.apache.ratis.server.raftlog.RaftLogBase.lambda$append$11(RaftLogBase.java:337)
	at org.apache.ratis.server.raftlog.RaftLogSequentialOps$Runner.runSequentially(RaftLogSequentialOps.java:69)
	at org.apache.ratis.server.raftlog.RaftLogBase.append(RaftLogBase.java:337)
	at org.apache.ratis.server.impl.RaftServerImpl.appendEntriesAsync(RaftServerImpl.java:1523)
	at org.apache.ratis.server.impl.RaftServerImpl.appendEntriesAsync(RaftServerImpl.java:1391)
	at org.apache.ratis.server.impl.RaftServerProxy.lambda$appendEntriesAsync$26(RaftServerProxy.java:634)
	at org.apache.ratis.util.JavaUtils.callAsUnchecked(JavaUtils.java:117)
	at org.apache.ratis.server.impl.RaftServerImpl.lambda$executeSubmitServerRequestAsync$11(RaftServerImpl.java:814)
	at java.base/java.util.concurrent.CompletableFuture$AsyncSupply.run(CompletableFuture.java:1700)
	at java.base/java.util.concurrent.ThreadPoolExecutor.runWorker(ThreadPoolExecutor.java:1128)
	at java.base/java.util.concurrent.ThreadPoolExecutor$Worker.run(ThreadPoolExecutor.java:628)
	... 1 more
2023-01-06 13:42:04,833 [s2-server-thread2] WARN  server.GrpcServerProtocolService (LogUtils.java:warn(124)) - s2: Failed APPEND_ENTRIES request s0->s2#3262-t2,previous=(t:2, i:62),leaderCommit=51,initializing? true,entries: size=1, first=(t:2, i:63), STATEMACHINELOGENTRY, 407@client-3655CF99F1FA
java.util.concurrent.CompletionException: org.apache.ratis.server.raftlog.RaftLogIOException: Log already failed at index 52 for task WriteLog:52: (t:2, i:52), STATEMACHINELOGENTRY, StateMachineLogEntryProto:401@client-A47E3FAEED08
	at java.base/java.util.concurrent.CompletableFuture.encodeThrowable(CompletableFuture.java:331)
	at java.base/java.util.concurrent.CompletableFuture.completeThrowable(CompletableFuture.java:346)
	at java.base/java.util.concurrent.CompletableFuture$BiRelay.tryFire(CompletableFuture.java:1423)
	at java.base/java.util.concurrent.CompletableFuture$CoCompletion.tryFire(CompletableFuture.java:1144)
	at java.base/java.util.concurrent.CompletableFuture.postComplete(CompletableFuture.java:506)
	at java.base/java.util.concurrent.CompletableFuture.completeExceptionally(CompletableFuture.java:2088)
	at org.apache.ratis.server.raftlog.segmented.SegmentedRaftLog$Task.failed(SegmentedRaftLog.java:105)
	at org.apache.ratis.server.raftlog.segmented.SegmentedRaftLogWorker$WriteLog.failed(SegmentedRaftLogWorker.java:519)
	at org.apache.ratis.server.raftlog.segmented.SegmentedRaftLogWorker.run(SegmentedRaftLogWorker.java:317)
	at java.base/java.lang.Thread.run(Thread.java:829)
Caused by: org.apache.ratis.server.raftlog.RaftLogIOException: Log already failed at index 52 for task WriteLog:52: (t:2, i:52), STATEMACHINELOGENTRY, StateMachineLogEntryProto:401@client-A47E3FAEED08
	at org.apache.ratis.server.raftlog.segmented.SegmentedRaftLogWorker.run(SegmentedRaftLogWorker.java:320)
	... 1 more
Caused by: java.io.IOException: java.lang.IllegalStateException: Null stream: entry=term: 2
index: 52
stateMachineLogEntry {
  type: DATASTREAM
  clientId: "G./W)\216@Y\245\374\244~?\256\355\b"
  callId: 401
}

	at org.apache.ratis.util.IOUtils.asIOException(IOUtils.java:56)
	at org.apache.ratis.util.IOUtils.toIOException(IOUtils.java:61)
	at org.apache.ratis.util.IOUtils.getFromFuture(IOUtils.java:85)
	at org.apache.ratis.server.raftlog.segmented.SegmentedRaftLogWorker$StateMachineDataPolicy.getFromFuture(SegmentedRaftLogWorker.java:88)
	at org.apache.ratis.server.raftlog.segmented.SegmentedRaftLogWorker$WriteLog.execute(SegmentedRaftLogWorker.java:540)
	at org.apache.ratis.server.raftlog.segmented.SegmentedRaftLogWorker.run(SegmentedRaftLogWorker.java:308)
	... 1 more
Caused by: java.lang.IllegalStateException: Null stream: entry=term: 2
index: 52
stateMachineLogEntry {
  type: DATASTREAM
  clientId: "G./W)\216@Y\245\374\244~?\256\355\b"
  callId: 401
}

	at org.apache.ratis.datastream.DataStreamTestUtils$MultiDataStreamStateMachine.link(DataStreamTestUtils.java:159)
	at org.apache.ratis.server.raftlog.segmented.SegmentedRaftLogWorker$WriteLog.<init>(SegmentedRaftLogWorker.java:497)
	at org.apache.ratis.server.raftlog.segmented.SegmentedRaftLogWorker.writeLogEntry(SegmentedRaftLogWorker.java:443)
	at org.apache.ratis.server.raftlog.segmented.SegmentedRaftLog.appendEntryImpl(SegmentedRaftLog.java:409)
	at org.apache.ratis.server.raftlog.RaftLogBase.lambda$appendEntry$10(RaftLogBase.java:330)
	at org.apache.ratis.server.raftlog.RaftLogSequentialOps$Runner.runSequentially(RaftLogSequentialOps.java:78)
	at org.apache.ratis.server.raftlog.RaftLogBase.appendEntry(RaftLogBase.java:330)
	at org.apache.ratis.server.raftlog.segmented.SegmentedRaftLog.appendImpl(SegmentedRaftLog.java:456)
	at org.apache.ratis.server.raftlog.RaftLogBase.lambda$append$11(RaftLogBase.java:337)
	at org.apache.ratis.server.raftlog.RaftLogSequentialOps$Runner.runSequentially(RaftLogSequentialOps.java:69)
	at org.apache.ratis.server.raftlog.RaftLogBase.append(RaftLogBase.java:337)
	at org.apache.ratis.server.impl.RaftServerImpl.appendEntriesAsync(RaftServerImpl.java:1523)
	at org.apache.ratis.server.impl.RaftServerImpl.appendEntriesAsync(RaftServerImpl.java:1391)
	at org.apache.ratis.server.impl.RaftServerProxy.lambda$appendEntriesAsync$26(RaftServerProxy.java:634)
	at org.apache.ratis.util.JavaUtils.callAsUnchecked(JavaUtils.java:117)
	at org.apache.ratis.server.impl.RaftServerImpl.lambda$executeSubmitServerRequestAsync$11(RaftServerImpl.java:814)
	at java.base/java.util.concurrent.CompletableFuture$AsyncSupply.run(CompletableFuture.java:1700)
	at java.base/java.util.concurrent.ThreadPoolExecutor.runWorker(ThreadPoolExecutor.java:1128)
	at java.base/java.util.concurrent.ThreadPoolExecutor$Worker.run(ThreadPoolExecutor.java:628)
	... 1 more
2023-01-06 13:42:04,841 [grpc-default-executor-8] WARN  server.GrpcLogAppender (LogUtils.java:warn(124)) - s0@group-BE38CA648A1A->s1-AppendLogResponseHandler: Failed appendEntries
org.apache.ratis.server.raftlog.RaftLogIOException: Log already failed at index 52 for task WriteLog:52: (t:2, i:52), STATEMACHINELOGENTRY, StateMachineLogEntryProto:401@client-A47E3FAEED08
	at org.apache.ratis.server.raftlog.segmented.SegmentedRaftLogWorker.run(SegmentedRaftLogWorker.java:320)
	at java.base/java.lang.Thread.run(Thread.java:829)
Caused by: java.io.IOException: java.lang.IllegalStateException: Null stream: entry=term: 2
index: 52
stateMachineLogEntry {
  type: DATASTREAM
  clientId: "G./W)\216@Y\245\374\244~?\256\355\b"
  callId: 401
}

	at org.apache.ratis.util.IOUtils.asIOException(IOUtils.java:56)
	at org.apache.ratis.util.IOUtils.toIOException(IOUtils.java:61)
	at org.apache.ratis.util.IOUtils.getFromFuture(IOUtils.java:85)
	at org.apache.ratis.server.raftlog.segmented.SegmentedRaftLogWorker$StateMachineDataPolicy.getFromFuture(SegmentedRaftLogWorker.java:88)
	at org.apache.ratis.server.raftlog.segmented.SegmentedRaftLogWorker$WriteLog.execute(SegmentedRaftLogWorker.java:540)
	at org.apache.ratis.server.raftlog.segmented.SegmentedRaftLogWorker.run(SegmentedRaftLogWorker.java:308)
	... 1 more
Caused by: java.lang.IllegalStateException: Null stream: entry=term: 2
index: 52
stateMachineLogEntry {
  type: DATASTREAM
  clientId: "G./W)\216@Y\245\374\244~?\256\355\b"
  callId: 401
}

	at org.apache.ratis.datastream.DataStreamTestUtils$MultiDataStreamStateMachine.link(DataStreamTestUtils.java:159)
	at org.apache.ratis.server.raftlog.segmented.SegmentedRaftLogWorker$WriteLog.<init>(SegmentedRaftLogWorker.java:497)
	at org.apache.ratis.server.raftlog.segmented.SegmentedRaftLogWorker.writeLogEntry(SegmentedRaftLogWorker.java:443)
	at org.apache.ratis.server.raftlog.segmented.SegmentedRaftLog.appendEntryImpl(SegmentedRaftLog.java:409)
	at org.apache.ratis.server.raftlog.RaftLogBase.lambda$appendEntry$10(RaftLogBase.java:330)
	at org.apache.ratis.server.raftlog.RaftLogSequentialOps$Runner.runSequentially(RaftLogSequentialOps.java:78)
	at org.apache.ratis.server.raftlog.RaftLogBase.appendEntry(RaftLogBase.java:330)
	at org.apache.ratis.server.raftlog.segmented.SegmentedRaftLog.appendImpl(SegmentedRaftLog.java:456)
	at org.apache.ratis.server.raftlog.RaftLogBase.lambda$append$11(RaftLogBase.java:337)
	at org.apache.ratis.server.raftlog.RaftLogSequentialOps$Runner.runSequentially(RaftLogSequentialOps.java:69)
	at org.apache.ratis.server.raftlog.RaftLogBase.append(RaftLogBase.java:337)
	at org.apache.ratis.server.impl.RaftServerImpl.appendEntriesAsync(RaftServerImpl.java:1523)
	at org.apache.ratis.server.impl.RaftServerImpl.appendEntriesAsync(RaftServerImpl.java:1391)
	at org.apache.ratis.server.impl.RaftServerProxy.lambda$appendEntriesAsync$26(RaftServerProxy.java:634)
	at org.apache.ratis.util.JavaUtils.callAsUnchecked(JavaUtils.java:117)
	at org.apache.ratis.server.impl.RaftServerImpl.lambda$executeSubmitServerRequestAsync$11(RaftServerImpl.java:814)
	at java.base/java.util.concurrent.CompletableFuture$AsyncSupply.run(CompletableFuture.java:1700)
	at java.base/java.util.concurrent.ThreadPoolExecutor.runWorker(ThreadPoolExecutor.java:1128)
	at java.base/java.util.concurrent.ThreadPoolExecutor$Worker.run(ThreadPoolExecutor.java:628)
	... 1 more
2023-01-06 13:42:04,841 [grpc-default-executor-8] INFO  leader.FollowerInfo (FollowerInfoImpl.java:lambda$new$0(48)) - s0@group-BE38CA648A1A->s1: nextIndex: updateUnconditionally 64 -> 63
2023-01-06 13:42:04,842 [grpc-default-executor-8] WARN  server.GrpcLogAppender (LogUtils.java:warn(124)) - s0@group-BE38CA648A1A->s2-AppendLogResponseHandler: Failed appendEntries
org.apache.ratis.server.raftlog.RaftLogIOException: Log already failed at index 52 for task WriteLog:52: (t:2, i:52), STATEMACHINELOGENTRY, StateMachineLogEntryProto:401@client-A47E3FAEED08
	at org.apache.ratis.server.raftlog.segmented.SegmentedRaftLogWorker.run(SegmentedRaftLogWorker.java:320)
	at java.base/java.lang.Thread.run(Thread.java:829)
Caused by: java.io.IOException: java.lang.IllegalStateException: Null stream: entry=term: 2
index: 52
stateMachineLogEntry {
  type: DATASTREAM
  clientId: "G./W)\216@Y\245\374\244~?\256\355\b"
  callId: 401
}

	at org.apache.ratis.util.IOUtils.asIOException(IOUtils.java:56)
	at org.apache.ratis.util.IOUtils.toIOException(IOUtils.java:61)
	at org.apache.ratis.util.IOUtils.getFromFuture(IOUtils.java:85)
	at org.apache.ratis.server.raftlog.segmented.SegmentedRaftLogWorker$StateMachineDataPolicy.getFromFuture(SegmentedRaftLogWorker.java:88)
	at org.apache.ratis.server.raftlog.segmented.SegmentedRaftLogWorker$WriteLog.execute(SegmentedRaftLogWorker.java:540)
	at org.apache.ratis.server.raftlog.segmented.SegmentedRaftLogWorker.run(SegmentedRaftLogWorker.java:308)
	... 1 more
Caused by: java.lang.IllegalStateException: Null stream: entry=term: 2
index: 52
stateMachineLogEntry {
  type: DATASTREAM
  clientId: "G./W)\216@Y\245\374\244~?\256\355\b"
  callId: 401
}

	at org.apache.ratis.datastream.DataStreamTestUtils$MultiDataStreamStateMachine.link(DataStreamTestUtils.java:159)
	at org.apache.ratis.server.raftlog.segmented.SegmentedRaftLogWorker$WriteLog.<init>(SegmentedRaftLogWorker.java:497)
	at org.apache.ratis.server.raftlog.segmented.SegmentedRaftLogWorker.writeLogEntry(SegmentedRaftLogWorker.java:443)
	at org.apache.ratis.server.raftlog.segmented.SegmentedRaftLog.appendEntryImpl(SegmentedRaftLog.java:409)
	at org.apache.ratis.server.raftlog.RaftLogBase.lambda$appendEntry$10(RaftLogBase.java:330)
	at org.apache.ratis.server.raftlog.RaftLogSequentialOps$Runner.runSequentially(RaftLogSequentialOps.java:78)
	at org.apache.ratis.server.raftlog.RaftLogBase.appendEntry(RaftLogBase.java:330)
	at org.apache.ratis.server.raftlog.segmented.SegmentedRaftLog.appendImpl(SegmentedRaftLog.java:456)
	at org.apache.ratis.server.raftlog.RaftLogBase.lambda$append$11(RaftLogBase.java:337)
	at org.apache.ratis.server.raftlog.RaftLogSequentialOps$Runner.runSequentially(RaftLogSequentialOps.java:69)
	at org.apache.ratis.server.raftlog.RaftLogBase.append(RaftLogBase.java:337)
	at org.apache.ratis.server.impl.RaftServerImpl.appendEntriesAsync(RaftServerImpl.java:1523)
	at org.apache.ratis.server.impl.RaftServerImpl.appendEntriesAsync(RaftServerImpl.java:1391)
	at org.apache.ratis.server.impl.RaftServerProxy.lambda$appendEntriesAsync$26(RaftServerProxy.java:634)
	at org.apache.ratis.util.JavaUtils.callAsUnchecked(JavaUtils.java:117)
	at org.apache.ratis.server.impl.RaftServerImpl.lambda$executeSubmitServerRequestAsync$11(RaftServerImpl.java:814)
	at java.base/java.util.concurrent.CompletableFuture$AsyncSupply.run(CompletableFuture.java:1700)
	at java.base/java.util.concurrent.ThreadPoolExecutor.runWorker(ThreadPoolExecutor.java:1128)
	at java.base/java.util.concurrent.ThreadPoolExecutor$Worker.run(ThreadPoolExecutor.java:628)
	... 1 more
2023-01-06 13:42:04,842 [grpc-default-executor-8] INFO  leader.FollowerInfo (FollowerInfoImpl.java:lambda$new$0(48)) - s0@group-BE38CA648A1A->s2: nextIndex: updateUnconditionally 64 -> 63
2023-01-06 13:42:10,754 [timer4] WARN  grpc.GrpcUtil (GrpcUtil.java:shutdownManagedChannel(223)) - Timed out gracefully shutting down connection: ManagedChannelOrphanWrapper{delegate=ManagedChannelImpl{logId=1461, target=localhost:41533}}. 
2023-01-06 13:42:10,831 [timer7] WARN  grpc.GrpcUtil (GrpcUtil.java:shutdownManagedChannel(223)) - Timed out gracefully shutting down connection: ManagedChannelOrphanWrapper{delegate=ManagedChannelImpl{logId=1475, target=localhost:41533}}. 
2023-01-06 13:42:13,213 [Timer-2] INFO  impl.MiniRaftCluster (MiniRaftCluster.java:lambda$start$6(349)) - TIMED-PRINT: printing ALL groups
  s0:  RUNNING    LEADER s0@group-BE38CA648A1A:t2, leader=s0, voted=s0, raftlog=Memoized:s0@group-BE38CA648A1A-SegmentedRaftLog:OPENED:c51, conf=50: peers:[s0|rpc:localhost:38633|admin:localhost:40929|client:localhost:41533|dataStream:localhost:40517|priority:0|startupRole:FOLLOWER, s1|rpc:localhost:34777|admin:localhost:37585|client:localhost:41985|dataStream:localhost:37955|priority:0|startupRole:FOLLOWER, s2|rpc:localhost:44299|admin:localhost:37199|client:localhost:33573|dataStream:localhost:37575|priority:0|startupRole:FOLLOWER]|listeners:[], old=null RUNNING
  s1:  RUNNING  FOLLOWER s1@group-BE38CA648A1A:t2, leader=s0, voted=s0, raftlog=Memoized:s1@group-BE38CA648A1A-SegmentedRaftLog:OPENED:c51, conf=50: peers:[s0|rpc:localhost:38633|admin:localhost:40929|client:localhost:41533|dataStream:localhost:40517|priority:0|startupRole:FOLLOWER, s1|rpc:localhost:34777|admin:localhost:37585|client:localhost:41985|dataStream:localhost:37955|priority:0|startupRole:FOLLOWER, s2|rpc:localhost:44299|admin:localhost:37199|client:localhost:33573|dataStream:localhost:37575|priority:0|startupRole:FOLLOWER]|listeners:[], old=null RUNNING
  s2:  RUNNING  FOLLOWER s2@group-BE38CA648A1A:t2, leader=s0, voted=s0, raftlog=Memoized:s2@group-BE38CA648A1A-SegmentedRaftLog:OPENED:c51, conf=50: peers:[s0|rpc:localhost:38633|admin:localhost:40929|client:localhost:41533|dataStream:localhost:40517|priority:0|startupRole:FOLLOWER, s1|rpc:localhost:34777|admin:localhost:37585|client:localhost:41985|dataStream:localhost:37955|priority:0|startupRole:FOLLOWER, s2|rpc:localhost:44299|admin:localhost:37199|client:localhost:33573|dataStream:localhost:37575|priority:0|startupRole:FOLLOWER]|listeners:[], old=null RUNNING
2023-01-06 13:42:16,865 [timer3] WARN  grpc.GrpcUtil (GrpcUtil.java:shutdownManagedChannel(223)) - Timed out gracefully shutting down connection: ManagedChannelOrphanWrapper{delegate=ManagedChannelImpl{logId=1489, target=localhost:41533}}. 
2023-01-06 13:42:19,868 [timer3] WARN  grpc.GrpcUtil (GrpcUtil.java:shutdownManagedChannel(223)) - Timed out gracefully shutting down connection: ManagedChannelOrphanWrapper{delegate=ManagedChannelImpl{logId=1503, target=localhost:41533}}. 
2023-01-06 13:42:23,212 [Timer-2] INFO  impl.MiniRaftCluster (MiniRaftCluster.java:lambda$start$6(349)) - TIMED-PRINT: printing ALL groups
  s0:  RUNNING    LEADER s0@group-BE38CA648A1A:t2, leader=s0, voted=s0, raftlog=Memoized:s0@group-BE38CA648A1A-SegmentedRaftLog:OPENED:c51, conf=50: peers:[s0|rpc:localhost:38633|admin:localhost:40929|client:localhost:41533|dataStream:localhost:40517|priority:0|startupRole:FOLLOWER, s1|rpc:localhost:34777|admin:localhost:37585|client:localhost:41985|dataStream:localhost:37955|priority:0|startupRole:FOLLOWER, s2|rpc:localhost:44299|admin:localhost:37199|client:localhost:33573|dataStream:localhost:37575|priority:0|startupRole:FOLLOWER]|listeners:[], old=null RUNNING
  s1:  RUNNING  FOLLOWER s1@group-BE38CA648A1A:t2, leader=s0, voted=s0, raftlog=Memoized:s1@group-BE38CA648A1A-SegmentedRaftLog:OPENED:c51, conf=50: peers:[s0|rpc:localhost:38633|admin:localhost:40929|client:localhost:41533|dataStream:localhost:40517|priority:0|startupRole:FOLLOWER, s1|rpc:localhost:34777|admin:localhost:37585|client:localhost:41985|dataStream:localhost:37955|priority:0|startupRole:FOLLOWER, s2|rpc:localhost:44299|admin:localhost:37199|client:localhost:33573|dataStream:localhost:37575|priority:0|startupRole:FOLLOWER]|listeners:[], old=null RUNNING
  s2:  RUNNING  FOLLOWER s2@group-BE38CA648A1A:t2, leader=s0, voted=s0, raftlog=Memoized:s2@group-BE38CA648A1A-SegmentedRaftLog:OPENED:c51, conf=50: peers:[s0|rpc:localhost:38633|admin:localhost:40929|client:localhost:41533|dataStream:localhost:40517|priority:0|startupRole:FOLLOWER, s1|rpc:localhost:34777|admin:localhost:37585|client:localhost:41985|dataStream:localhost:37955|priority:0|startupRole:FOLLOWER, s2|rpc:localhost:44299|admin:localhost:37199|client:localhost:33573|dataStream:localhost:37575|priority:0|startupRole:FOLLOWER]|listeners:[], old=null RUNNING
2023-01-06 13:42:25,872 [timer5] WARN  grpc.GrpcUtil (GrpcUtil.java:shutdownManagedChannel(223)) - Timed out gracefully shutting down connection: ManagedChannelOrphanWrapper{delegate=ManagedChannelImpl{logId=1517, target=localhost:41533}}. 
2023-01-06 13:42:25,984 [timer2] WARN  grpc.GrpcUtil (GrpcUtil.java:shutdownManagedChannel(223)) - Timed out gracefully shutting down connection: ManagedChannelOrphanWrapper{delegate=ManagedChannelImpl{logId=1531, target=localhost:41533}}. 
2023-01-06 13:42:32,006 [timer2] WARN  grpc.GrpcUtil (GrpcUtil.java:shutdownManagedChannel(223)) - Timed out gracefully shutting down connection: ManagedChannelOrphanWrapper{delegate=ManagedChannelImpl{logId=1545, target=localhost:41533}}. 
2023-01-06 13:42:32,124 [timer3] WARN  grpc.GrpcUtil (GrpcUtil.java:shutdownManagedChannel(223)) - Timed out gracefully shutting down connection: ManagedChannelOrphanWrapper{delegate=ManagedChannelImpl{logId=1559, target=localhost:41533}}. 
2023-01-06 13:42:33,213 [Timer-2] INFO  impl.MiniRaftCluster (MiniRaftCluster.java:lambda$start$6(349)) - TIMED-PRINT: printing ALL groups
  s0:  RUNNING    LEADER s0@group-BE38CA648A1A:t2, leader=s0, voted=s0, raftlog=Memoized:s0@group-BE38CA648A1A-SegmentedRaftLog:OPENED:c51, conf=50: peers:[s0|rpc:localhost:38633|admin:localhost:40929|client:localhost:41533|dataStream:localhost:40517|priority:0|startupRole:FOLLOWER, s1|rpc:localhost:34777|admin:localhost:37585|client:localhost:41985|dataStream:localhost:37955|priority:0|startupRole:FOLLOWER, s2|rpc:localhost:44299|admin:localhost:37199|client:localhost:33573|dataStream:localhost:37575|priority:0|startupRole:FOLLOWER]|listeners:[], old=null RUNNING
  s1:  RUNNING  FOLLOWER s1@group-BE38CA648A1A:t2, leader=s0, voted=s0, raftlog=Memoized:s1@group-BE38CA648A1A-SegmentedRaftLog:OPENED:c51, conf=50: peers:[s0|rpc:localhost:38633|admin:localhost:40929|client:localhost:41533|dataStream:localhost:40517|priority:0|startupRole:FOLLOWER, s1|rpc:localhost:34777|admin:localhost:37585|client:localhost:41985|dataStream:localhost:37955|priority:0|startupRole:FOLLOWER, s2|rpc:localhost:44299|admin:localhost:37199|client:localhost:33573|dataStream:localhost:37575|priority:0|startupRole:FOLLOWER]|listeners:[], old=null RUNNING
  s2:  RUNNING  FOLLOWER s2@group-BE38CA648A1A:t2, leader=s0, voted=s0, raftlog=Memoized:s2@group-BE38CA648A1A-SegmentedRaftLog:OPENED:c51, conf=50: peers:[s0|rpc:localhost:38633|admin:localhost:40929|client:localhost:41533|dataStream:localhost:40517|priority:0|startupRole:FOLLOWER, s1|rpc:localhost:34777|admin:localhost:37585|client:localhost:41985|dataStream:localhost:37955|priority:0|startupRole:FOLLOWER, s2|rpc:localhost:44299|admin:localhost:37199|client:localhost:33573|dataStream:localhost:37575|priority:0|startupRole:FOLLOWER]|listeners:[], old=null RUNNING
2023-01-06 13:42:38,134 [timer4] WARN  grpc.GrpcUtil (GrpcUtil.java:shutdownManagedChannel(223)) - Timed out gracefully shutting down connection: ManagedChannelOrphanWrapper{delegate=ManagedChannelImpl{logId=1573, target=localhost:41533}}. 
2023-01-06 13:42:38,238 [timer3] WARN  grpc.GrpcUtil (GrpcUtil.java:shutdownManagedChannel(223)) - Timed out gracefully shutting down connection: ManagedChannelOrphanWrapper{delegate=ManagedChannelImpl{logId=1587, target=localhost:41533}}. 
2023-01-06 13:42:43,213 [Timer-2] INFO  impl.MiniRaftCluster (MiniRaftCluster.java:lambda$start$6(349)) - TIMED-PRINT: printing ALL groups
  s0:  RUNNING    LEADER s0@group-BE38CA648A1A:t2, leader=s0, voted=s0, raftlog=Memoized:s0@group-BE38CA648A1A-SegmentedRaftLog:OPENED:c51, conf=50: peers:[s0|rpc:localhost:38633|admin:localhost:40929|client:localhost:41533|dataStream:localhost:40517|priority:0|startupRole:FOLLOWER, s1|rpc:localhost:34777|admin:localhost:37585|client:localhost:41985|dataStream:localhost:37955|priority:0|startupRole:FOLLOWER, s2|rpc:localhost:44299|admin:localhost:37199|client:localhost:33573|dataStream:localhost:37575|priority:0|startupRole:FOLLOWER]|listeners:[], old=null RUNNING
  s1:  RUNNING  FOLLOWER s1@group-BE38CA648A1A:t2, leader=s0, voted=s0, raftlog=Memoized:s1@group-BE38CA648A1A-SegmentedRaftLog:OPENED:c51, conf=50: peers:[s0|rpc:localhost:38633|admin:localhost:40929|client:localhost:41533|dataStream:localhost:40517|priority:0|startupRole:FOLLOWER, s1|rpc:localhost:34777|admin:localhost:37585|client:localhost:41985|dataStream:localhost:37955|priority:0|startupRole:FOLLOWER, s2|rpc:localhost:44299|admin:localhost:37199|client:localhost:33573|dataStream:localhost:37575|priority:0|startupRole:FOLLOWER]|listeners:[], old=null RUNNING
  s2:  RUNNING  FOLLOWER s2@group-BE38CA648A1A:t2, leader=s0, voted=s0, raftlog=Memoized:s2@group-BE38CA648A1A-SegmentedRaftLog:OPENED:c51, conf=50: peers:[s0|rpc:localhost:38633|admin:localhost:40929|client:localhost:41533|dataStream:localhost:40517|priority:0|startupRole:FOLLOWER, s1|rpc:localhost:34777|admin:localhost:37585|client:localhost:41985|dataStream:localhost:37955|priority:0|startupRole:FOLLOWER, s2|rpc:localhost:44299|admin:localhost:37199|client:localhost:33573|dataStream:localhost:37575|priority:0|startupRole:FOLLOWER]|listeners:[], old=null RUNNING
2023-01-06 13:42:44,244 [timer4] WARN  grpc.GrpcUtil (GrpcUtil.java:shutdownManagedChannel(223)) - Timed out gracefully shutting down connection: ManagedChannelOrphanWrapper{delegate=ManagedChannelImpl{logId=1601, target=localhost:41533}}. 
2023-01-06 13:42:44,354 [timer3] WARN  grpc.GrpcUtil (GrpcUtil.java:shutdownManagedChannel(223)) - Timed out gracefully shutting down connection: ManagedChannelOrphanWrapper{delegate=ManagedChannelImpl{logId=1615, target=localhost:41533}}. 
2023-01-06 13:42:50,354 [timer2] WARN  grpc.GrpcUtil (GrpcUtil.java:shutdownManagedChannel(223)) - Timed out gracefully shutting down connection: ManagedChannelOrphanWrapper{delegate=ManagedChannelImpl{logId=1629, target=localhost:41533}}. 
2023-01-06 13:42:50,463 [timer5] WARN  grpc.GrpcUtil (GrpcUtil.java:shutdownManagedChannel(223)) - Timed out gracefully shutting down connection: ManagedChannelOrphanWrapper{delegate=ManagedChannelImpl{logId=1643, target=localhost:41533}}. 
]]></system-out>
  </testcase>
  <testcase name="testStreamWrites" classname="org.apache.ratis.datastream.TestNettyDataStreamStarTopologyWithGrpcCluster" time="6.186"/>
</testsuite>