<?xml version="1.0" encoding="UTF-8"?>
<testsuite xmlns:xsi="http://www.w3.org/2001/XMLSchema-instance" xsi:noNamespaceSchemaLocation="https://maven.apache.org/surefire/maven-surefire-plugin/xsd/surefire-test-report.xsd" version="3.0.2" name="org.apache.ratis.server.simulation.TestGroupManagementWithSimulatedRpc" time="62.937" tests="8" errors="0" skipped="0" failures="3">
  <properties>
    <property name="awt.toolkit" value="sun.awt.X11.XToolkit"/>
    <property name="file.encoding.pkg" value="sun.io"/>
    <property name="java.specification.version" value="1.8"/>
    <property name="sun.cpu.isalist" value=""/>
    <property name="sun.jnu.encoding" value="UTF-8"/>
    <property name="java.class.path" value="/home/runner/work/ratis/ratis/ratis-test/target/test-classes:/home/runner/work/ratis/ratis/ratis-test/target/classes:/home/runner/work/ratis/ratis/ratis-common/target/classes:/home/runner/.m2/repository/org/apache/ratis/ratis-thirdparty-misc/1.0.10/ratis-thirdparty-misc-1.0.10.jar:/home/runner/work/ratis/ratis/ratis-proto/target/classes:/home/runner/.m2/repository/jakarta/annotation/jakarta.annotation-api/1.3.5/jakarta.annotation-api-1.3.5.jar:/home/runner/work/ratis/ratis/ratis-common/target/test-classes:/home/runner/work/ratis/ratis/ratis-client/target/classes:/home/runner/work/ratis/ratis/ratis-server/target/classes:/home/runner/work/ratis/ratis/ratis-server-api/target/classes:/home/runner/work/ratis/ratis/ratis-metrics-api/target/classes:/home/runner/work/ratis/ratis/ratis-server/target/test-classes:/home/runner/work/ratis/ratis/ratis-metrics-default/target/classes:/home/runner/work/ratis/ratis/ratis-netty/target/classes:/home/runner/work/ratis/ratis/ratis-netty/target/test-classes:/home/runner/work/ratis/ratis/ratis-grpc/target/classes:/home/runner/work/ratis/ratis/ratis-grpc/target/test-classes:/home/runner/work/ratis/ratis/ratis-shell/target/classes:/home/runner/.m2/repository/commons-cli/commons-cli/1.5.0/commons-cli-1.5.0.jar:/home/runner/.m2/repository/org/reflections/reflections/0.10.2/reflections-0.10.2.jar:/home/runner/.m2/repository/org/javassist/javassist/3.28.0-GA/javassist-3.28.0-GA.jar:/home/runner/.m2/repository/com/google/code/findbugs/jsr305/3.0.2/jsr305-3.0.2.jar:/home/runner/.m2/repository/org/bouncycastle/bcprov-jdk18on/1.78.1/bcprov-jdk18on-1.78.1.jar:/home/runner/.m2/repository/org/bouncycastle/bcpkix-jdk18on/1.78.1/bcpkix-jdk18on-1.78.1.jar:/home/runner/.m2/repository/org/bouncycastle/bcutil-jdk18on/1.78.1/bcutil-jdk18on-1.78.1.jar:/home/runner/.m2/repository/org/slf4j/slf4j-api/2.0.7/slf4j-api-2.0.7.jar:/home/runner/.m2/repository/org/slf4j/slf4j-reload4j/2.0.7/slf4j-reload4j-2.0.7.jar:/home/runner/.m2/repository/ch/qos/reload4j/reload4j/1.2.22/reload4j-1.2.22.jar:/home/runner/.m2/repository/org/junit/jupiter/junit-jupiter-engine/5.13.3/junit-jupiter-engine-5.13.3.jar:/home/runner/.m2/repository/org/junit/platform/junit-platform-engine/1.13.3/junit-platform-engine-1.13.3.jar:/home/runner/.m2/repository/org/apiguardian/apiguardian-api/1.1.2/apiguardian-api-1.1.2.jar:/home/runner/.m2/repository/org/junit/jupiter/junit-jupiter-api/5.13.3/junit-jupiter-api-5.13.3.jar:/home/runner/.m2/repository/org/opentest4j/opentest4j/1.3.0/opentest4j-1.3.0.jar:/home/runner/.m2/repository/org/junit/platform/junit-platform-commons/1.13.3/junit-platform-commons-1.13.3.jar:/home/runner/.m2/repository/org/junit/jupiter/junit-jupiter-params/5.13.3/junit-jupiter-params-5.13.3.jar:/home/runner/.m2/repository/org/junit/platform/junit-platform-launcher/1.13.3/junit-platform-launcher-1.13.3.jar:/home/runner/.m2/repository/org/mockito/mockito-core/4.11.0/mockito-core-4.11.0.jar:/home/runner/.m2/repository/net/bytebuddy/byte-buddy/1.12.19/byte-buddy-1.12.19.jar:/home/runner/.m2/repository/net/bytebuddy/byte-buddy-agent/1.12.19/byte-buddy-agent-1.12.19.jar:/home/runner/.m2/repository/org/objenesis/objenesis/3.3/objenesis-3.3.jar:/home/runner/work/ratis/ratis/ratis-test/target/gradle-enterprise/test-listeners.jar:"/>
    <property name="java.vm.vendor" value="Temurin"/>
    <property name="sun.arch.data.model" value="64"/>
    <property name="java.vendor.url" value="https://adoptium.net/"/>
    <property name="user.timezone" value="Etc/UTC"/>
    <property name="java.vm.specification.version" value="1.8"/>
    <property name="os.name" value="Linux"/>
    <property name="sun.java.launcher" value="SUN_STANDARD"/>
    <property name="sun.boot.library.path" value="/usr/lib/jvm/temurin-8-jdk-amd64/jre/lib/amd64"/>
    <property name="sun.java.command" value="/home/runner/work/ratis/ratis/ratis-test/target/surefire/surefirebooter-20251010114451837_227.jar /home/runner/work/ratis/ratis/ratis-test/target/surefire 2025-10-10T11-44-28_720-jvmRun1 surefire-20251010114451837_225tmp surefire_25-20251010114451837_226tmp"/>
    <property name="surefire.test.class.path" value="/home/runner/work/ratis/ratis/ratis-test/target/test-classes:/home/runner/work/ratis/ratis/ratis-test/target/classes:/home/runner/work/ratis/ratis/ratis-common/target/classes:/home/runner/.m2/repository/org/apache/ratis/ratis-thirdparty-misc/1.0.10/ratis-thirdparty-misc-1.0.10.jar:/home/runner/work/ratis/ratis/ratis-proto/target/classes:/home/runner/.m2/repository/jakarta/annotation/jakarta.annotation-api/1.3.5/jakarta.annotation-api-1.3.5.jar:/home/runner/work/ratis/ratis/ratis-common/target/test-classes:/home/runner/work/ratis/ratis/ratis-client/target/classes:/home/runner/work/ratis/ratis/ratis-server/target/classes:/home/runner/work/ratis/ratis/ratis-server-api/target/classes:/home/runner/work/ratis/ratis/ratis-metrics-api/target/classes:/home/runner/work/ratis/ratis/ratis-server/target/test-classes:/home/runner/work/ratis/ratis/ratis-metrics-default/target/classes:/home/runner/work/ratis/ratis/ratis-netty/target/classes:/home/runner/work/ratis/ratis/ratis-netty/target/test-classes:/home/runner/work/ratis/ratis/ratis-grpc/target/classes:/home/runner/work/ratis/ratis/ratis-grpc/target/test-classes:/home/runner/work/ratis/ratis/ratis-shell/target/classes:/home/runner/.m2/repository/commons-cli/commons-cli/1.5.0/commons-cli-1.5.0.jar:/home/runner/.m2/repository/org/reflections/reflections/0.10.2/reflections-0.10.2.jar:/home/runner/.m2/repository/org/javassist/javassist/3.28.0-GA/javassist-3.28.0-GA.jar:/home/runner/.m2/repository/com/google/code/findbugs/jsr305/3.0.2/jsr305-3.0.2.jar:/home/runner/.m2/repository/org/bouncycastle/bcprov-jdk18on/1.78.1/bcprov-jdk18on-1.78.1.jar:/home/runner/.m2/repository/org/bouncycastle/bcpkix-jdk18on/1.78.1/bcpkix-jdk18on-1.78.1.jar:/home/runner/.m2/repository/org/bouncycastle/bcutil-jdk18on/1.78.1/bcutil-jdk18on-1.78.1.jar:/home/runner/.m2/repository/org/slf4j/slf4j-api/2.0.7/slf4j-api-2.0.7.jar:/home/runner/.m2/repository/org/slf4j/slf4j-reload4j/2.0.7/slf4j-reload4j-2.0.7.jar:/home/runner/.m2/repository/ch/qos/reload4j/reload4j/1.2.22/reload4j-1.2.22.jar:/home/runner/.m2/repository/org/junit/jupiter/junit-jupiter-engine/5.13.3/junit-jupiter-engine-5.13.3.jar:/home/runner/.m2/repository/org/junit/platform/junit-platform-engine/1.13.3/junit-platform-engine-1.13.3.jar:/home/runner/.m2/repository/org/apiguardian/apiguardian-api/1.1.2/apiguardian-api-1.1.2.jar:/home/runner/.m2/repository/org/junit/jupiter/junit-jupiter-api/5.13.3/junit-jupiter-api-5.13.3.jar:/home/runner/.m2/repository/org/opentest4j/opentest4j/1.3.0/opentest4j-1.3.0.jar:/home/runner/.m2/repository/org/junit/platform/junit-platform-commons/1.13.3/junit-platform-commons-1.13.3.jar:/home/runner/.m2/repository/org/junit/jupiter/junit-jupiter-params/5.13.3/junit-jupiter-params-5.13.3.jar:/home/runner/.m2/repository/org/junit/platform/junit-platform-launcher/1.13.3/junit-platform-launcher-1.13.3.jar:/home/runner/.m2/repository/org/mockito/mockito-core/4.11.0/mockito-core-4.11.0.jar:/home/runner/.m2/repository/net/bytebuddy/byte-buddy/1.12.19/byte-buddy-1.12.19.jar:/home/runner/.m2/repository/net/bytebuddy/byte-buddy-agent/1.12.19/byte-buddy-agent-1.12.19.jar:/home/runner/.m2/repository/org/objenesis/objenesis/3.3/objenesis-3.3.jar:/home/runner/work/ratis/ratis/ratis-test/target/gradle-enterprise/test-listeners.jar:"/>
    <property name="sun.cpu.endian" value="little"/>
    <property name="user.home" value="/home/runner"/>
    <property name="user.language" value="en"/>
    <property name="java.specification.vendor" value="Oracle Corporation"/>
    <property name="java.home" value="/usr/lib/jvm/temurin-8-jdk-amd64/jre"/>
    <property name="basedir" value="/home/runner/work/ratis/ratis/ratis-test"/>
    <property name="file.separator" value="/"/>
    <property name="line.separator" value="&#10;"/>
    <property name="java.vm.specification.vendor" value="Oracle Corporation"/>
    <property name="java.specification.name" value="Java Platform API Specification"/>
    <property name="java.awt.graphicsenv" value="sun.awt.X11GraphicsEnvironment"/>
    <property name="surefire.real.class.path" value="/home/runner/work/ratis/ratis/ratis-test/target/surefire/surefirebooter-20251010114451837_227.jar:/home/runner/.m2/repository/org/jacoco/org.jacoco.agent/0.8.12/org.jacoco.agent-0.8.12-runtime.jar"/>
    <property name="sun.boot.class.path" value="/usr/lib/jvm/temurin-8-jdk-amd64/jre/lib/resources.jar:/usr/lib/jvm/temurin-8-jdk-amd64/jre/lib/rt.jar:/usr/lib/jvm/temurin-8-jdk-amd64/jre/lib/sunrsasign.jar:/usr/lib/jvm/temurin-8-jdk-amd64/jre/lib/jsse.jar:/usr/lib/jvm/temurin-8-jdk-amd64/jre/lib/jce.jar:/usr/lib/jvm/temurin-8-jdk-amd64/jre/lib/charsets.jar:/usr/lib/jvm/temurin-8-jdk-amd64/jre/lib/jfr.jar:/usr/lib/jvm/temurin-8-jdk-amd64/jre/classes"/>
    <property name="sun.management.compiler" value="HotSpot 64-Bit Tiered Compilers"/>
    <property name="java.runtime.version" value="1.8.0_462-b08"/>
    <property name="java.net.preferIPv4Stack" value="true"/>
    <property name="user.name" value="runner"/>
    <property name="path.separator" value=":"/>
    <property name="os.version" value="6.11.0-1018-azure"/>
    <property name="java.endorsed.dirs" value="/usr/lib/jvm/temurin-8-jdk-amd64/jre/lib/endorsed"/>
    <property name="java.runtime.name" value="OpenJDK Runtime Environment"/>
    <property name="com.gradle.maven.scan.extension.test.listener.junitplatform.NestedExecutionSafeDelegatingTestExecutionListener" value="65d09a04"/>
    <property name="file.encoding" value="UTF-8"/>
    <property name="java.vm.name" value="OpenJDK 64-Bit Server VM"/>
    <property name="develocity.listener.surefire.forkId" value="1"/>
    <property name="localRepository" value="/home/runner/.m2/repository"/>
    <property name="java.vendor.url.bug" value="https://github.com/adoptium/adoptium-support/issues"/>
    <property name="java.io.tmpdir" value="/tmp"/>
    <property name="java.version" value="1.8.0_462"/>
    <property name="user.dir" value="/home/runner/work/ratis/ratis/ratis-test"/>
    <property name="os.arch" value="amd64"/>
    <property name="ratis.tmp.dir" value="/home/runner/work/ratis/ratis/ratis-test/target/tmp"/>
    <property name="java.vm.specification.name" value="Java Virtual Machine Specification"/>
    <property name="java.awt.printerjob" value="sun.print.PSPrinterJob"/>
    <property name="ratis.log.dir" value="/home/runner/work/ratis/ratis/ratis-test/target/log"/>
    <property name="sun.os.patch.level" value="unknown"/>
    <property name="java.library.path" value="/usr/java/packages/lib/amd64:/usr/lib64:/lib64:/lib:/usr/lib"/>
    <property name="java.vm.info" value="mixed mode"/>
    <property name="java.vendor" value="Temurin"/>
    <property name="java.vm.version" value="25.462-b08"/>
    <property name="java.specification.maintenance.version" value="6"/>
    <property name="develocity.listener.port" value="41247"/>
    <property name="java.ext.dirs" value="/usr/lib/jvm/temurin-8-jdk-amd64/jre/lib/ext:/usr/java/packages/lib/ext"/>
    <property name="sun.io.unicode.encoding" value="UnicodeLittle"/>
    <property name="java.class.version" value="52.0"/>
  </properties>
  <testcase name="testGroupRemoveWhenDelete" classname="org.apache.ratis.server.simulation.TestGroupManagementWithSimulatedRpc" time="3.658">
    <system-out><![CDATA[2025-10-10 11:52:25,620 [main] INFO  util.LogUtils (Slf4jUtils.java:setLogLevel(38)) - Successfully set org.apache.ratis.conf.ConfUtils log level to WARN
2025-10-10 11:52:25,627 [main] INFO  util.LogUtils (Slf4jUtils.java:setLogLevel(38)) - Successfully set org.apache.ratis.util.FileUtils log level to TRACE
2025-10-10 11:52:25,633 [main] INFO  util.LogUtils (Slf4jUtils.java:setLogLevel(38)) - Successfully set org.apache.ratis.server.RaftServer log level to DEBUG
2025-10-10 11:52:25,634 [main] INFO  util.LogUtils (Slf4jUtils.java:setLogLevel(38)) - Successfully set org.apache.ratis.server.RaftServer$Division log level to DEBUG
2025-10-10 11:52:25,634 [main] INFO  util.LogUtils (Slf4jUtils.java:setLogLevel(38)) - Successfully set org.apache.ratis.client.RaftClient log level to DEBUG
2025-10-10 11:52:25,667 [main] INFO  simulation.MiniRaftClusterWithSimulatedRpc (ConfUtils.java:logGet(62)) - org.apache.ratis.server.simulation.SimulatedRequestReply.simulateLatencyMs = 0 (custom)
2025-10-10 11:52:25,768 [main] INFO  impl.MiniRaftCluster (MiniRaftCluster.java:<init>(297)) - new MiniRaftClusterWithSimulatedRpc with group-4E720212C613:[s0|localhost:15000]
2025-10-10 11:52:25,775 [main] INFO  impl.MiniRaftCluster (MiniRaftCluster.java:<init>(297)) - new MiniRaftClusterWithSimulatedRpc with group-7D6679D0CCA7:[s0|localhost:15004, s1|localhost:15008, s2|localhost:15012]
2025-10-10 11:52:25,775 [main] INFO  impl.MiniRaftCluster (MiniRaftCluster.java:start(330)) - .............................................................. 
2025-10-10 11:52:25,776 [main] INFO  impl.MiniRaftCluster (MiniRaftCluster.java:start(331)) - ... 
2025-10-10 11:52:25,776 [main] INFO  impl.MiniRaftCluster (MiniRaftCluster.java:start(332)) - ...     Starting MiniRaftClusterWithSimulatedRpc
2025-10-10 11:52:25,776 [main] INFO  impl.MiniRaftCluster (MiniRaftCluster.java:start(333)) - ... 
2025-10-10 11:52:25,776 [main] INFO  impl.MiniRaftCluster (MiniRaftCluster.java:start(334)) - .............................................................. 
2025-10-10 11:52:25,777 [main] INFO  impl.MiniRaftCluster (MiniRaftCluster.java:initServers(309)) - servers = {}
2025-10-10 11:52:25,787 [main] INFO  impl.MiniRaftCluster (MiniRaftCluster.java:newRaftServer(376)) - newRaftServer: s0, group-4E720212C613:[s0|localhost:15000], format? true
2025-10-10 11:52:25,788 [main] TRACE util.FileUtils (FileUtils.java:deleteFully(355)) - deleteFully target/test/data/319b119c/MiniRaftClusterWithSimulatedRpc8c78e38f/s0
2025-10-10 11:52:25,789 [main] TRACE util.FileUtils (FileUtils.java:deleteFully(368)) - deleteFully: target/test/data/319b119c/MiniRaftClusterWithSimulatedRpc8c78e38f/s0 does not exist.
2025-10-10 11:52:25,789 [main] INFO  impl.MiniRaftCluster (MiniRaftCluster.java:newRaftServer(381)) - Formatted directory target/test/data/319b119c/MiniRaftClusterWithSimulatedRpc8c78e38f/s0
2025-10-10 11:52:25,795 [main] DEBUG server.RaftServer (ServerImplUtils.java:newRaftServer(172)) - newRaftServer: s0, group-4E720212C613:[s0|localhost:15000]
2025-10-10 11:52:25,807 [main] INFO  server.RaftServer (VersionInfo.java:printStartupMessages(132)) - Starting Apache Ratis Test -- RaftServerProxy s0
2025-10-10 11:52:25,808 [main] INFO  server.RaftServer (VersionInfo.java:printStartupMessages(136)) -                version: 3.1.3
2025-10-10 11:52:25,809 [main] INFO  server.RaftServer (VersionInfo.java:printStartupMessages(136)) -                    url: https://github.com/apache/ratis
2025-10-10 11:52:25,810 [main] INFO  server.RaftServer (VersionInfo.java:printStartupMessages(136)) -               revision: fd9ca3ab389b19913d3754459d6ee9a5ba33189b
2025-10-10 11:52:25,810 [main] INFO  server.RaftServer (VersionInfo.java:printStartupMessages(139)) -                   java: OpenJDK 64-Bit Server VM 1.8.0_462-b08
2025-10-10 11:52:25,811 [main] INFO  server.RaftServer (VersionInfo.java:printStartupMessages(139)) -                   user: runner
2025-10-10 11:52:25,812 [main] INFO  server.RaftServer (ConfUtils.java:logGet(62)) - raft.rpc.type = org.apache.ratis.server.simulation.SimulatedRpc (custom)
2025-10-10 11:52:25,825 [main] INFO  impl.DataStreamServerImpl (ConfUtils.java:logGet(62)) - raft.datastream.type = DISABLED (default)
2025-10-10 11:52:25,828 [main] INFO  server.RaftServerConfigKeys (ConfUtils.java:logGet(62)) - raft.server.sleep.deviation.threshold = 300ms (default)
2025-10-10 11:52:25,829 [main] INFO  server.RaftServerConfigKeys (ConfUtils.java:logGet(62)) - raft.server.close.threshold = 60s (default)
2025-10-10 11:52:25,830 [main] INFO  server.RaftServerConfigKeys (ConfUtils.java:logGet(62)) - raft.server.leaderelection.leader.step-down.wait-time = 10s (default)
2025-10-10 11:52:25,842 [main] INFO  server.RaftServerConfigKeys (ConfUtils.java:logGet(62)) - raft.server.storage.dir = [/home/runner/work/ratis/ratis/ratis-test/target/test/data/319b119c/MiniRaftClusterWithSimulatedRpc8c78e38f/s0] (custom)
2025-10-10 11:52:25,844 [main] INFO  server.RaftServerConfigKeys (ConfUtils.java:logGet(62)) - raft.server.threadpool.proxy.cached = true (default)
2025-10-10 11:52:25,845 [main] INFO  server.RaftServerConfigKeys (ConfUtils.java:logGet(62)) - raft.server.threadpool.proxy.size = 0 (default)
2025-10-10 11:52:25,862 [main] INFO  server.RaftServer (RaftServerProxy.java:addNew(106)) - s0: addNew group-4E720212C613:[s0|localhost:15000] returns group-4E720212C613:java.util.concurrent.CompletableFuture@2b8d084[Not completed]
2025-10-10 11:52:25,913 [s0-groupManagement] INFO  server.RaftServer$Division (RaftServerImpl.java:<init>(269)) - s0: new RaftServerImpl for group-4E720212C613:[s0|localhost:15000] with BaseStateMachine-1:uninitialized
2025-10-10 11:52:25,917 [s0-groupManagement] INFO  server.RaftServerConfigKeys (ConfUtils.java:logGet(62)) - raft.server.rpc.timeout.min = 1500ms (custom)
2025-10-10 11:52:25,918 [s0-groupManagement] INFO  server.RaftServerConfigKeys (ConfUtils.java:logGet(62)) - raft.server.rpc.timeout.max = 2000ms (custom)
2025-10-10 11:52:25,918 [s0-groupManagement] INFO  server.RaftServerConfigKeys (ConfUtils.java:logGet(62)) - raft.server.rpc.sleep.time = 25ms (default)
2025-10-10 11:52:25,918 [s0-groupManagement] INFO  server.RaftServerConfigKeys (ConfUtils.java:logGet(62)) - raft.server.rpc.slowness.timeout = 60s (default)
2025-10-10 11:52:25,919 [s0-groupManagement] INFO  server.RaftServerConfigKeys (ConfUtils.java:logGet(62)) - raft.server.leaderelection.member.majority-add = false (default)
2025-10-10 11:52:25,930 [s0-groupManagement] INFO  server.RaftServer$Division (ServerState.java:<init>(115)) - s0@group-4E720212C613: ConfigurationManager, init=conf: {index: -1, cur=peers:[s0|localhost:15000]|listeners:[], old=null}, confs=<EMPTY_MAP>
2025-10-10 11:52:25,940 [s0-groupManagement] INFO  server.RaftServerConfigKeys (ConfUtils.java:logGet(62)) - raft.server.notification.no-leader.timeout = 60s (default)
2025-10-10 11:52:25,947 [s0-groupManagement] INFO  server.RaftServerConfigKeys (ConfUtils.java:logGet(62)) - raft.server.read.timeout = 10s (default)
2025-10-10 11:52:25,954 [s0-groupManagement] INFO  server.RaftServerConfigKeys (ConfUtils.java:logGet(62)) - raft.server.retrycache.expirytime = 60s (default)
2025-10-10 11:52:25,954 [s0-groupManagement] INFO  server.RaftServerConfigKeys (ConfUtils.java:logGet(62)) - raft.server.retrycache.statistics.expirytime = 100ms (default)
2025-10-10 11:52:26,000 [s0-groupManagement] INFO  server.RaftServerConfigKeys (ConfUtils.java:logGet(62)) - raft.server.read.option = DEFAULT (default)
2025-10-10 11:52:26,002 [s0-groupManagement] INFO  server.RaftServerConfigKeys (ConfUtils.java:logGet(62)) - raft.server.read.read-after-write-consistent.write-index-cache.expiry-time = 60s (default)
2025-10-10 11:52:26,136 [s0-groupManagement] INFO  server.RaftServerConfigKeys (ConfUtils.java:logGet(62)) - raft.server.rpc.request.timeout = 3000ms (default)
2025-10-10 11:52:26,142 [s0-groupManagement] INFO  server.RaftServerConfigKeys (ConfUtils.java:logGet(62)) - raft.server.log.appender.install.snapshot.enabled = true (default)
2025-10-10 11:52:26,143 [s0-groupManagement] INFO  server.RaftServerConfigKeys (ConfUtils.java:logGet(62)) - raft.server.threadpool.server.cached = true (default)
2025-10-10 11:52:26,143 [s0-groupManagement] INFO  server.RaftServerConfigKeys (ConfUtils.java:logGet(62)) - raft.server.threadpool.server.size = 0 (default)
2025-10-10 11:52:26,144 [s0-groupManagement] INFO  server.RaftServerConfigKeys (ConfUtils.java:logGet(62)) - raft.server.threadpool.client.cached = true (default)
2025-10-10 11:52:26,144 [s0-groupManagement] INFO  server.RaftServerConfigKeys (ConfUtils.java:logGet(62)) - raft.server.threadpool.client.size = 0 (default)
2025-10-10 11:52:26,146 [s0-impl-thread1] INFO  server.RaftServerConfigKeys (ConfUtils.java:logGet(62)) - raft.server.storage.free-space.min = 0MB (=0) (default)
2025-10-10 11:52:26,148 [s0-impl-thread1] INFO  server.RaftServerConfigKeys (ConfUtils.java:logGet(62)) - raft.server.log.corruption.policy = EXCEPTION (default)
2025-10-10 11:52:26,154 [s0-impl-thread1] INFO  storage.RaftStorageDirectory (RaftStorageDirectoryImpl.java:analyzeStorage(138)) - The storage directory /home/runner/work/ratis/ratis/ratis-test/target/test/data/319b119c/MiniRaftClusterWithSimulatedRpc8c78e38f/s0/93e9e1f4-8722-48ef-8f88-4e720212c613 does not exist. Creating ...
2025-10-10 11:52:26,155 [s0-impl-thread1] TRACE util.FileUtils (LogUtils.java:runAndLog(49)) - Successfully ran Files.createDirectories /home/runner/work/ratis/ratis/ratis-test/target/test/data/319b119c/MiniRaftClusterWithSimulatedRpc8c78e38f/s0/93e9e1f4-8722-48ef-8f88-4e720212c613
2025-10-10 11:52:26,157 [s0-impl-thread1] INFO  storage.RaftStorageDirectory (RaftStorageDirectoryImpl.java:tryLock(229)) - Lock on /home/runner/work/ratis/ratis/ratis-test/target/test/data/319b119c/MiniRaftClusterWithSimulatedRpc8c78e38f/s0/93e9e1f4-8722-48ef-8f88-4e720212c613/in_use.lock acquired by nodename 9833@runnervmwhb2z
2025-10-10 11:52:26,158 [s0-impl-thread1] TRACE util.FileUtils (LogUtils.java:runAndLog(49)) - Successfully ran Files.createDirectories /home/runner/work/ratis/ratis/ratis-test/target/test/data/319b119c/MiniRaftClusterWithSimulatedRpc8c78e38f/s0/93e9e1f4-8722-48ef-8f88-4e720212c613/current
2025-10-10 11:52:26,158 [s0-impl-thread1] TRACE util.FileUtils (LogUtils.java:runAndLog(49)) - Successfully ran Files.createDirectories /home/runner/work/ratis/ratis/ratis-test/target/test/data/319b119c/MiniRaftClusterWithSimulatedRpc8c78e38f/s0/93e9e1f4-8722-48ef-8f88-4e720212c613/sm
2025-10-10 11:52:26,162 [s0-impl-thread1] TRACE util.FileUtils (LogUtils.java:supplyAndLog(69)) - Successfully supplied FileChannel.open /home/runner/work/ratis/ratis/ratis-test/target/test/data/319b119c/MiniRaftClusterWithSimulatedRpc8c78e38f/s0/93e9e1f4-8722-48ef-8f88-4e720212c613/current/raft-meta.tmp with options [CREATE, TRUNCATE_EXISTING, WRITE]: sun.nio.ch.FileChannelImpl@41934f8a
2025-10-10 11:52:26,168 [s0-impl-thread1] TRACE util.FileUtils (LogUtils.java:runAndLog(49)) - Successfully ran Atomic Files.move /home/runner/work/ratis/ratis/ratis-test/target/test/data/319b119c/MiniRaftClusterWithSimulatedRpc8c78e38f/s0/93e9e1f4-8722-48ef-8f88-4e720212c613/current/raft-meta.tmp to /home/runner/work/ratis/ratis/ratis-test/target/test/data/319b119c/MiniRaftClusterWithSimulatedRpc8c78e38f/s0/93e9e1f4-8722-48ef-8f88-4e720212c613/current/raft-meta with options [REPLACE_EXISTING]
2025-10-10 11:52:26,168 [s0-impl-thread1] INFO  storage.RaftStorage (RaftStorageImpl.java:format(98)) - Storage directory /home/runner/work/ratis/ratis/ratis-test/target/test/data/319b119c/MiniRaftClusterWithSimulatedRpc8c78e38f/s0/93e9e1f4-8722-48ef-8f88-4e720212c613 has been successfully formatted.
2025-10-10 11:52:26,171 [s0-impl-thread1] INFO  server.RaftServerConfigKeys (ConfUtils.java:logGet(62)) - raft.server.log.use.memory = false (default)
2025-10-10 11:52:26,183 [s0-impl-thread1] INFO  server.RaftServer$Division (ServerState.java:getSnapshotIndexFromStateMachine(155)) - s0@group-4E720212C613: getLatestSnapshot(BaseStateMachine-1:s0:group-4E720212C613) returns null
2025-10-10 11:52:26,184 [s0-impl-thread1] INFO  raftlog.RaftLog (RaftLogBase.java:<init>(90)) - s0@group-4E720212C613-SegmentedRaftLog: snapshotIndexFromStateMachine = -1
2025-10-10 11:52:26,185 [s0-impl-thread1] INFO  server.RaftServerConfigKeys (ConfUtils.java:logGet(62)) - raft.server.log.purge.gap = 1024 (default)
2025-10-10 11:52:26,187 [s0-impl-thread1] INFO  server.RaftServerConfigKeys (ConfUtils.java:logGet(62)) - raft.server.log.appender.buffer.byte-limit = 4MB (=4194304) (default)
2025-10-10 11:52:26,189 [s0-impl-thread1] INFO  server.RaftServerConfigKeys (ConfUtils.java:logGet(62)) - raft.server.log.statemachine.data.read.timeout = 1000ms (default)
2025-10-10 11:52:26,189 [s0-impl-thread1] INFO  server.RaftServerConfigKeys (ConfUtils.java:logGet(62)) - raft.server.log.purge.preservation.log.num = 0 (default)
2025-10-10 11:52:26,194 [s0-impl-thread1] INFO  server.RaftServerConfigKeys (ConfUtils.java:logGet(62)) - raft.server.log.segment.size.max = 32MB (=33554432) (default)
2025-10-10 11:52:26,203 [s0-impl-thread1] INFO  server.RaftServerConfigKeys (ConfUtils.java:logGet(62)) - raft.server.log.segment.cache.num.max = 6 (default)
2025-10-10 11:52:26,203 [s0-impl-thread1] INFO  server.RaftServerConfigKeys (ConfUtils.java:logGet(62)) - raft.server.log.segment.cache.size.max = 200MB (=209715200) (default)
2025-10-10 11:52:26,206 [s0-impl-thread1] INFO  util.AwaitToRun (AwaitToRun.java:start(81)) - Thread[s0@group-4E720212C613-cacheEviction-AwaitToRun,5,main] started
2025-10-10 11:52:26,214 [s0-impl-thread1] INFO  segmented.SegmentedRaftLogWorker (SegmentedRaftLogWorker.java:<init>(190)) - new s0@group-4E720212C613-SegmentedRaftLogWorker for RaftStorageImpl:Storage Directory /home/runner/work/ratis/ratis/ratis-test/target/test/data/319b119c/MiniRaftClusterWithSimulatedRpc8c78e38f/s0/93e9e1f4-8722-48ef-8f88-4e720212c613
2025-10-10 11:52:26,214 [s0-impl-thread1] INFO  server.RaftServerConfigKeys (ConfUtils.java:logGet(62)) - raft.server.log.queue.byte-limit = 64MB (=67108864) (default)
2025-10-10 11:52:26,215 [s0-impl-thread1] INFO  server.RaftServerConfigKeys (ConfUtils.java:logGet(62)) - raft.server.log.queue.element-limit = 4096 (default)
2025-10-10 11:52:26,218 [s0-impl-thread1] INFO  server.RaftServerConfigKeys (ConfUtils.java:logGet(62)) - raft.server.log.preallocated.size = 4MB (=4194304) (default)
2025-10-10 11:52:26,219 [s0-impl-thread1] INFO  server.RaftServerConfigKeys (ConfUtils.java:logGet(62)) - raft.server.log.force.sync.num = 128 (default)
2025-10-10 11:52:26,220 [s0-impl-thread1] INFO  server.RaftServerConfigKeys (ConfUtils.java:logGet(62)) - raft.server.log.statemachine.data.sync = true (default)
2025-10-10 11:52:26,220 [s0-impl-thread1] INFO  server.RaftServerConfigKeys (ConfUtils.java:logGet(62)) - raft.server.log.statemachine.data.sync.timeout = 10s (default)
2025-10-10 11:52:26,221 [s0-impl-thread1] INFO  server.RaftServerConfigKeys (ConfUtils.java:logGet(62)) - raft.server.log.statemachine.data.sync.timeout.retry = -1 (default)
2025-10-10 11:52:26,222 [s0-impl-thread1] INFO  server.RaftServerConfigKeys (ConfUtils.java:logGet(62)) - raft.server.log.write.buffer.size = 8MB (=8388608) (default)
2025-10-10 11:52:26,224 [s0-impl-thread1] INFO  server.RaftServerConfigKeys (ConfUtils.java:logGet(62)) - raft.server.log.unsafe-flush.enabled = false (default)
2025-10-10 11:52:26,224 [s0-impl-thread1] INFO  server.RaftServerConfigKeys (ConfUtils.java:logGet(62)) - raft.server.log.async-flush.enabled = false (default)
2025-10-10 11:52:26,225 [s0-impl-thread1] INFO  server.RaftServerConfigKeys (ConfUtils.java:logGet(62)) - raft.server.log.statemachine.data.caching.enabled = false (default)
2025-10-10 11:52:26,234 [s0-impl-thread1] INFO  segmented.SegmentedRaftLogWorker (SegmentedRaftLogWorker.java:lambda$new$0(141)) - s0@group-4E720212C613-SegmentedRaftLogWorker: flushIndex: setUnconditionally 0 -> -1
2025-10-10 11:52:26,234 [s0-impl-thread1] INFO  segmented.SegmentedRaftLogWorker (SegmentedRaftLogWorker.java:lambda$new$0(141)) - s0@group-4E720212C613-SegmentedRaftLogWorker: safeCacheEvictIndex: setUnconditionally 0 -> -1
2025-10-10 11:52:26,237 [s0-impl-thread1] INFO  server.RaftServer$Division (RaftServerImpl.java:start(406)) - s0@group-4E720212C613: start as a follower, conf=conf: {index: -1, cur=peers:[s0|localhost:15000]|listeners:[], old=null}
2025-10-10 11:52:26,237 [s0-impl-thread1] INFO  server.RaftServer$Division (RaftServerImpl.java:setRole(393)) - s0@group-4E720212C613: changes role from      null to FOLLOWER at term 0 for startAsFollower
2025-10-10 11:52:26,240 [s0-impl-thread1] INFO  impl.RoleInfo (RoleInfo.java:updateAndGet(148)) - s0: start s0@group-4E720212C613-FollowerState
2025-10-10 11:52:26,242 [s0-impl-thread1] INFO  util.JmxRegister (JmxRegister.java:tryRegister(44)) - Successfully registered JMX Bean with object name Ratis:service=RaftServer,group=group-4E720212C613,id=s0
2025-10-10 11:52:26,242 [s0-impl-thread1] INFO  util.JmxRegister (JmxRegister.java:register(58)) - register mxBean class org.apache.ratis.server.impl.RaftServerJmxAdapter as Ratis:service=RaftServer,group=group-4E720212C613,id=s0
2025-10-10 11:52:26,243 [s0@group-4E720212C613-FollowerState] INFO  server.RaftServerConfigKeys (ConfUtils.java:logFallback(69)) - raft.server.rpc.first-election.timeout.min = 1500ms (fallback to raft.server.rpc.timeout.min)
2025-10-10 11:52:26,243 [s0@group-4E720212C613-FollowerState] INFO  server.RaftServerConfigKeys (ConfUtils.java:logFallback(69)) - raft.server.rpc.first-election.timeout.max = 2000ms (fallback to raft.server.rpc.timeout.max)
2025-10-10 11:52:26,245 [s0-impl-thread1] INFO  server.RaftServerConfigKeys (ConfUtils.java:logGet(62)) - raft.server.snapshot.trigger-when-stop.enabled = true (default)
2025-10-10 11:52:26,246 [s0-impl-thread1] INFO  server.RaftServerConfigKeys (ConfUtils.java:logGet(62)) - raft.server.snapshot.trigger-when-remove.enabled = true (default)
2025-10-10 11:52:26,246 [s0-impl-thread1] INFO  server.RaftServerConfigKeys (ConfUtils.java:logGet(62)) - raft.server.snapshot.auto.trigger.enabled = false (default)
2025-10-10 11:52:26,246 [s0-impl-thread1] INFO  server.RaftServerConfigKeys (ConfUtils.java:logGet(62)) - raft.server.snapshot.retention.file.num = -1 (default)
2025-10-10 11:52:26,247 [s0-impl-thread1] INFO  server.RaftServerConfigKeys (ConfUtils.java:logGet(62)) - raft.server.log.purge.upto.snapshot.index = false (default)
2025-10-10 11:52:26,252 [s0-impl-thread1] INFO  server.RaftServer$Division (RaftServerImpl.java:start(420)) - s0@group-4E720212C613: Successfully started.
2025-10-10 11:52:26,252 [main] INFO  server.RaftServer (RaftServerProxy.java:startImpl(415)) - s0: start RPC server
2025-10-10 11:52:26,256 [JvmPauseMonitor0] INFO  util.JvmPauseMonitor (JvmPauseMonitor.java:run(146)) - JvmPauseMonitor-s0: Started
2025-10-10 11:52:26,341 [main] DEBUG client.RaftClient (RaftClientImpl.java:newRequest(95)) - attempt #1, newRequest GroupManagementRequest:client-15A3E563F2C1->s0@group-7D6679D0CCA7, cid=1, seq=null, RW, null, Add:group-7D6679D0CCA7:[s0]
2025-10-10 11:52:26,350 [HandlerDaemon-0] INFO  server.RaftServer (RaftServerProxy.java:addNew(106)) - s0: addNew group-7D6679D0CCA7:[s0] returns group-7D6679D0CCA7:java.util.concurrent.CompletableFuture@257e0f2a[Not completed]
2025-10-10 11:52:26,350 [s0-groupManagement] INFO  server.RaftServer$Division (RaftServerImpl.java:<init>(269)) - s0: new RaftServerImpl for group-7D6679D0CCA7:[s0] with BaseStateMachine-2:uninitialized
2025-10-10 11:52:26,353 [s0-groupManagement] INFO  server.RaftServer$Division (ServerState.java:<init>(115)) - s0@group-7D6679D0CCA7: ConfigurationManager, init=conf: {index: -1, cur=peers:[s0]|listeners:[], old=null}, confs=<EMPTY_MAP>
2025-10-10 11:52:26,357 [s0-groupManagement] DEBUG server.RaftServer (RaftServerProxy.java:lambda$groupAddAsync$13(517)) - s0: newImpl =      null (NEW): s0@group-7D6679D0CCA7:t0, leader=null, voted=null, raftlog=UNINITIALIZED, conf=conf: {index: -1, cur=peers:[s0]|listeners:[], old=null}
2025-10-10 11:52:26,358 [s0-groupManagement] INFO  storage.RaftStorageDirectory (RaftStorageDirectoryImpl.java:analyzeStorage(138)) - The storage directory /home/runner/work/ratis/ratis/ratis-test/target/test/data/319b119c/MiniRaftClusterWithSimulatedRpc8c78e38f/s0/4117e462-5394-45b2-81e0-7d6679d0cca7 does not exist. Creating ...
2025-10-10 11:52:26,358 [s0-groupManagement] TRACE util.FileUtils (LogUtils.java:runAndLog(49)) - Successfully ran Files.createDirectories /home/runner/work/ratis/ratis/ratis-test/target/test/data/319b119c/MiniRaftClusterWithSimulatedRpc8c78e38f/s0/4117e462-5394-45b2-81e0-7d6679d0cca7
2025-10-10 11:52:26,359 [s0-groupManagement] INFO  storage.RaftStorageDirectory (RaftStorageDirectoryImpl.java:tryLock(229)) - Lock on /home/runner/work/ratis/ratis/ratis-test/target/test/data/319b119c/MiniRaftClusterWithSimulatedRpc8c78e38f/s0/4117e462-5394-45b2-81e0-7d6679d0cca7/in_use.lock acquired by nodename 9833@runnervmwhb2z
2025-10-10 11:52:26,359 [s0-groupManagement] TRACE util.FileUtils (LogUtils.java:runAndLog(49)) - Successfully ran Files.createDirectories /home/runner/work/ratis/ratis/ratis-test/target/test/data/319b119c/MiniRaftClusterWithSimulatedRpc8c78e38f/s0/4117e462-5394-45b2-81e0-7d6679d0cca7/current
2025-10-10 11:52:26,360 [s0-groupManagement] TRACE util.FileUtils (LogUtils.java:runAndLog(49)) - Successfully ran Files.createDirectories /home/runner/work/ratis/ratis/ratis-test/target/test/data/319b119c/MiniRaftClusterWithSimulatedRpc8c78e38f/s0/4117e462-5394-45b2-81e0-7d6679d0cca7/sm
2025-10-10 11:52:26,360 [s0-groupManagement] TRACE util.FileUtils (LogUtils.java:supplyAndLog(69)) - Successfully supplied FileChannel.open /home/runner/work/ratis/ratis/ratis-test/target/test/data/319b119c/MiniRaftClusterWithSimulatedRpc8c78e38f/s0/4117e462-5394-45b2-81e0-7d6679d0cca7/current/raft-meta.tmp with options [CREATE, TRUNCATE_EXISTING, WRITE]: sun.nio.ch.FileChannelImpl@776aa64c
2025-10-10 11:52:26,361 [s0-groupManagement] TRACE util.FileUtils (LogUtils.java:runAndLog(49)) - Successfully ran Atomic Files.move /home/runner/work/ratis/ratis/ratis-test/target/test/data/319b119c/MiniRaftClusterWithSimulatedRpc8c78e38f/s0/4117e462-5394-45b2-81e0-7d6679d0cca7/current/raft-meta.tmp to /home/runner/work/ratis/ratis/ratis-test/target/test/data/319b119c/MiniRaftClusterWithSimulatedRpc8c78e38f/s0/4117e462-5394-45b2-81e0-7d6679d0cca7/current/raft-meta with options [REPLACE_EXISTING]
2025-10-10 11:52:26,361 [s0-groupManagement] INFO  storage.RaftStorage (RaftStorageImpl.java:format(98)) - Storage directory /home/runner/work/ratis/ratis/ratis-test/target/test/data/319b119c/MiniRaftClusterWithSimulatedRpc8c78e38f/s0/4117e462-5394-45b2-81e0-7d6679d0cca7 has been successfully formatted.
2025-10-10 11:52:26,362 [s0-groupManagement] INFO  server.RaftServer$Division (ServerState.java:getSnapshotIndexFromStateMachine(155)) - s0@group-7D6679D0CCA7: getLatestSnapshot(BaseStateMachine-2:s0:group-7D6679D0CCA7) returns null
2025-10-10 11:52:26,362 [s0-groupManagement] INFO  raftlog.RaftLog (RaftLogBase.java:<init>(90)) - s0@group-7D6679D0CCA7-SegmentedRaftLog: snapshotIndexFromStateMachine = -1
2025-10-10 11:52:26,364 [s0-groupManagement] INFO  util.AwaitToRun (AwaitToRun.java:start(81)) - Thread[s0@group-7D6679D0CCA7-cacheEviction-AwaitToRun,5,main] started
2025-10-10 11:52:26,364 [s0-groupManagement] INFO  segmented.SegmentedRaftLogWorker (SegmentedRaftLogWorker.java:<init>(190)) - new s0@group-7D6679D0CCA7-SegmentedRaftLogWorker for RaftStorageImpl:Storage Directory /home/runner/work/ratis/ratis/ratis-test/target/test/data/319b119c/MiniRaftClusterWithSimulatedRpc8c78e38f/s0/4117e462-5394-45b2-81e0-7d6679d0cca7
2025-10-10 11:52:26,367 [s0-groupManagement] INFO  segmented.SegmentedRaftLogWorker (SegmentedRaftLogWorker.java:lambda$new$0(141)) - s0@group-7D6679D0CCA7-SegmentedRaftLogWorker: flushIndex: setUnconditionally 0 -> -1
2025-10-10 11:52:26,367 [s0-groupManagement] INFO  segmented.SegmentedRaftLogWorker (SegmentedRaftLogWorker.java:lambda$new$0(141)) - s0@group-7D6679D0CCA7-SegmentedRaftLogWorker: safeCacheEvictIndex: setUnconditionally 0 -> -1
2025-10-10 11:52:26,367 [s0-groupManagement] INFO  server.RaftServer$Division (RaftServerImpl.java:start(406)) - s0@group-7D6679D0CCA7: start as a follower, conf=conf: {index: -1, cur=peers:[s0]|listeners:[], old=null}
2025-10-10 11:52:26,367 [s0-groupManagement] INFO  server.RaftServer$Division (RaftServerImpl.java:setRole(393)) - s0@group-7D6679D0CCA7: changes role from      null to FOLLOWER at term 0 for startAsFollower
2025-10-10 11:52:26,368 [s0-groupManagement] INFO  impl.RoleInfo (RoleInfo.java:updateAndGet(148)) - s0: start s0@group-7D6679D0CCA7-FollowerState
2025-10-10 11:52:26,368 [s0-groupManagement] INFO  util.JmxRegister (JmxRegister.java:tryRegister(44)) - Successfully registered JMX Bean with object name Ratis:service=RaftServer,group=group-7D6679D0CCA7,id=s0
2025-10-10 11:52:26,368 [s0@group-7D6679D0CCA7-FollowerState] INFO  server.RaftServerConfigKeys (ConfUtils.java:logFallback(69)) - raft.server.rpc.first-election.timeout.min = 1500ms (fallback to raft.server.rpc.timeout.min)
2025-10-10 11:52:26,369 [s0@group-7D6679D0CCA7-FollowerState] INFO  server.RaftServerConfigKeys (ConfUtils.java:logFallback(69)) - raft.server.rpc.first-election.timeout.max = 2000ms (fallback to raft.server.rpc.timeout.max)
2025-10-10 11:52:26,369 [s0-groupManagement] INFO  util.JmxRegister (JmxRegister.java:register(58)) - register mxBean class org.apache.ratis.server.impl.RaftServerJmxAdapter as Ratis:service=RaftServer,group=group-7D6679D0CCA7,id=s0
2025-10-10 11:52:26,370 [s0-groupManagement] INFO  server.RaftServer$Division (RaftServerImpl.java:start(420)) - s0@group-7D6679D0CCA7: Successfully started.
2025-10-10 11:52:26,385 [main] DEBUG client.RaftClient (RaftClientImpl.java:newRequest(95)) - attempt #1, newRequest GroupManagementRequest:client-15A3E563F2C1->s0@group-7D6679D0CCA7, cid=2, seq=null, RW, null, Remove:group-7D6679D0CCA7, delete-dir
2025-10-10 11:52:26,386 [HandlerDaemon-1] INFO  server.RaftServer (RaftServerProxy.java:remove(117)) - s0: remove  FOLLOWER (RUNNING): s0@group-7D6679D0CCA7:t0, leader=null, voted=, raftlog=Memoized:s0@group-7D6679D0CCA7-SegmentedRaftLog:OPENED:c-1:lastnull, conf=conf: {index: -1, cur=peers:[s0]|listeners:[], old=null}
2025-10-10 11:52:26,388 [HandlerDaemon-1] INFO  server.RaftServer$Division (RaftServerImpl.java:lambda$close$1(528)) - s0@group-7D6679D0CCA7: shutdown
2025-10-10 11:52:26,388 [HandlerDaemon-1] INFO  util.JmxRegister (JmxRegister.java:unregister(74)) - Successfully un-registered JMX Bean with object name Ratis:service=RaftServer,group=group-7D6679D0CCA7,id=s0
2025-10-10 11:52:26,388 [HandlerDaemon-1] INFO  impl.RoleInfo (RoleInfo.java:shutdownFollowerState(121)) - s0: shutdown s0@group-7D6679D0CCA7-FollowerState
2025-10-10 11:52:26,389 [HandlerDaemon-1] INFO  impl.StateMachineUpdater (StateMachineUpdater.java:stopAndJoin(163)) - s0@group-7D6679D0CCA7-StateMachineUpdater: set stopIndex = -1
2025-10-10 11:52:26,389 [s0@group-7D6679D0CCA7-StateMachineUpdater] INFO  impl.StateMachineUpdater (StateMachineUpdater.java:stop(140)) - s0@group-7D6679D0CCA7-StateMachineUpdater: closing BaseStateMachine, lastApplied=<INITIAL_VALUE>
2025-10-10 11:52:26,389 [s0@group-7D6679D0CCA7-FollowerState] INFO  impl.FollowerState (FollowerState.java:runImpl(170)) - s0@group-7D6679D0CCA7-FollowerState was interrupted
2025-10-10 11:52:26,391 [s0@group-7D6679D0CCA7-cacheEviction-AwaitToRun] INFO  util.AwaitToRun (AwaitToRun.java:run(49)) - s0@group-7D6679D0CCA7-cacheEviction-AwaitToRun-AwaitForSignal is interrupted
2025-10-10 11:52:27,429 [HandlerDaemon-1] INFO  segmented.SegmentedRaftLogWorker (SegmentedRaftLogWorker.java:close(254)) - s0@group-7D6679D0CCA7-SegmentedRaftLogWorker close()
2025-10-10 11:52:27,431 [HandlerDaemon-1] TRACE util.FileUtils (FileUtils.java:deleteFully(355)) - deleteFully /home/runner/work/ratis/ratis/ratis-test/target/test/data/319b119c/MiniRaftClusterWithSimulatedRpc8c78e38f/s0/4117e462-5394-45b2-81e0-7d6679d0cca7
2025-10-10 11:52:27,433 [HandlerDaemon-1] TRACE util.FileUtils (LogUtils.java:runAndLog(49)) - Successfully ran Files.delete /home/runner/work/ratis/ratis/ratis-test/target/test/data/319b119c/MiniRaftClusterWithSimulatedRpc8c78e38f/s0/4117e462-5394-45b2-81e0-7d6679d0cca7/current/raft-meta
2025-10-10 11:52:27,434 [HandlerDaemon-1] TRACE util.FileUtils (LogUtils.java:runAndLog(49)) - Successfully ran Files.delete /home/runner/work/ratis/ratis/ratis-test/target/test/data/319b119c/MiniRaftClusterWithSimulatedRpc8c78e38f/s0/4117e462-5394-45b2-81e0-7d6679d0cca7/current
2025-10-10 11:52:27,434 [HandlerDaemon-1] TRACE util.FileUtils (LogUtils.java:runAndLog(49)) - Successfully ran Files.delete /home/runner/work/ratis/ratis/ratis-test/target/test/data/319b119c/MiniRaftClusterWithSimulatedRpc8c78e38f/s0/4117e462-5394-45b2-81e0-7d6679d0cca7/sm
2025-10-10 11:52:27,434 [HandlerDaemon-1] TRACE util.FileUtils (LogUtils.java:runAndLog(49)) - Successfully ran Files.delete /home/runner/work/ratis/ratis/ratis-test/target/test/data/319b119c/MiniRaftClusterWithSimulatedRpc8c78e38f/s0/4117e462-5394-45b2-81e0-7d6679d0cca7/in_use.lock
2025-10-10 11:52:27,435 [HandlerDaemon-1] TRACE util.FileUtils (LogUtils.java:runAndLog(49)) - Successfully ran Files.delete /home/runner/work/ratis/ratis/ratis-test/target/test/data/319b119c/MiniRaftClusterWithSimulatedRpc8c78e38f/s0/4117e462-5394-45b2-81e0-7d6679d0cca7
2025-10-10 11:52:27,435 [HandlerDaemon-1] INFO  server.RaftServer$Division (RaftServerImpl.java:groupRemove(498)) - s0@group-7D6679D0CCA7: Succeed to remove RaftStorageDirectory Storage Directory /home/runner/work/ratis/ratis/ratis-test/target/test/data/319b119c/MiniRaftClusterWithSimulatedRpc8c78e38f/s0/4117e462-5394-45b2-81e0-7d6679d0cca7
2025-10-10 11:52:27,435 [main] INFO  impl.MiniRaftCluster (MiniRaftCluster.java:shutdown(793)) - ************************************************************** 
2025-10-10 11:52:27,436 [main] INFO  impl.MiniRaftCluster (MiniRaftCluster.java:shutdown(794)) - *** 
2025-10-10 11:52:27,436 [main] INFO  impl.MiniRaftCluster (MiniRaftCluster.java:shutdown(795)) - ***     Stopping MiniRaftClusterWithSimulatedRpc
2025-10-10 11:52:27,436 [main] INFO  impl.MiniRaftCluster (MiniRaftCluster.java:shutdown(796)) - *** 
2025-10-10 11:52:27,436 [main] INFO  impl.MiniRaftCluster (MiniRaftCluster.java:shutdown(797)) - ************************************************************** 
2025-10-10 11:52:27,437 [main] INFO  impl.MiniRaftCluster (MiniRaftCluster.java:shutdown(798)) - printing ALL groups
  s0:  RUNNING  FOLLOWER (RUNNING): s0@group-4E720212C613:t0, leader=null, voted=, raftlog=Memoized:s0@group-4E720212C613-SegmentedRaftLog:OPENED:c-1:lastnull, conf=conf: {index: -1, cur=peers:[s0|localhost:15000]|listeners:[], old=null}
2025-10-10 11:52:27,439 [MiniRaftCluster-1] INFO  server.RaftServer (RaftServerProxy.java:lambda$close$9(425)) - s0: close
2025-10-10 11:52:27,441 [s0-impl-thread1] INFO  server.RaftServer$Division (RaftServerImpl.java:lambda$close$1(528)) - s0@group-4E720212C613: shutdown
2025-10-10 11:52:27,441 [s0-impl-thread1] INFO  util.JmxRegister (JmxRegister.java:unregister(74)) - Successfully un-registered JMX Bean with object name Ratis:service=RaftServer,group=group-4E720212C613,id=s0
2025-10-10 11:52:27,441 [HandlerDaemon-2] INFO  simulation.RequestHandler (RequestHandler.java:run(127)) - s0.clientHandler2 is interrupted by java.io.InterruptedIOException: 
2025-10-10 11:52:27,441 [s0-impl-thread1] INFO  impl.RoleInfo (RoleInfo.java:shutdownFollowerState(121)) - s0: shutdown s0@group-4E720212C613-FollowerState
2025-10-10 11:52:27,441 [HandlerDaemon-0] INFO  simulation.RequestHandler (RequestHandler.java:run(127)) - s0.clientHandler0 is interrupted by java.io.InterruptedIOException: 
2025-10-10 11:52:27,442 [s0@group-4E720212C613-FollowerState] INFO  impl.FollowerState (FollowerState.java:runImpl(170)) - s0@group-4E720212C613-FollowerState was interrupted
2025-10-10 11:52:27,441 [HandlerDaemon-1] INFO  simulation.RequestHandler (RequestHandler.java:run(127)) - s0.clientHandler1 is interrupted by java.io.InterruptedIOException: 
2025-10-10 11:52:27,443 [s0-impl-thread1] INFO  impl.StateMachineUpdater (StateMachineUpdater.java:stopAndJoin(163)) - s0@group-4E720212C613-StateMachineUpdater: set stopIndex = -1
2025-10-10 11:52:27,443 [s0@group-4E720212C613-StateMachineUpdater] INFO  impl.StateMachineUpdater (StateMachineUpdater.java:stop(140)) - s0@group-4E720212C613-StateMachineUpdater: closing BaseStateMachine, lastApplied=<INITIAL_VALUE>
2025-10-10 11:52:27,443 [HandlerDaemon-1] INFO  simulation.RequestHandler (RequestHandler.java:run(127)) - s0.serverHandler1 is interrupted by java.io.InterruptedIOException: 
2025-10-10 11:52:27,443 [HandlerDaemon-2] INFO  simulation.RequestHandler (RequestHandler.java:run(127)) - s0.serverHandler2 is interrupted by java.io.InterruptedIOException: 
2025-10-10 11:52:27,445 [s0@group-4E720212C613-cacheEviction-AwaitToRun] INFO  util.AwaitToRun (AwaitToRun.java:run(49)) - s0@group-4E720212C613-cacheEviction-AwaitToRun-AwaitForSignal is interrupted
2025-10-10 11:52:27,445 [HandlerDaemon-0] INFO  simulation.RequestHandler (RequestHandler.java:run(127)) - s0.serverHandler0 is interrupted by java.io.InterruptedIOException: 
2025-10-10 11:52:28,237 [s0-impl-thread1] INFO  segmented.SegmentedRaftLogWorker (SegmentedRaftLogWorker.java:close(254)) - s0@group-4E720212C613-SegmentedRaftLogWorker close()
2025-10-10 11:52:28,255 [JvmPauseMonitor0] INFO  util.JvmPauseMonitor (JvmPauseMonitor.java:run(152)) - JvmPauseMonitor-s0: Stopped
2025-10-10 11:52:28,256 [main] INFO  impl.MiniRaftCluster (MiniRaftCluster.java:shutdown(817)) - MiniRaftClusterWithSimulatedRpc shutdown completed
2025-10-10 11:52:28,256 [main] INFO  impl.MiniRaftCluster (MiniRaftCluster.java:newRaftServer(376)) - newRaftServer: s0, group-4E720212C613:[s0|localhost:15000], format? false
2025-10-10 11:52:28,257 [main] DEBUG server.RaftServer (ServerImplUtils.java:newRaftServer(172)) - newRaftServer: s0, group-4E720212C613:[s0|localhost:15000]
2025-10-10 11:52:28,257 [main] INFO  server.RaftServer (VersionInfo.java:printStartupMessages(132)) - Starting Apache Ratis Test -- RaftServerProxy s0
2025-10-10 11:52:28,257 [main] INFO  server.RaftServer (VersionInfo.java:printStartupMessages(136)) -                version: 3.1.3
2025-10-10 11:52:28,258 [main] INFO  server.RaftServer (VersionInfo.java:printStartupMessages(136)) -                    url: https://github.com/apache/ratis
2025-10-10 11:52:28,258 [main] INFO  server.RaftServer (VersionInfo.java:printStartupMessages(136)) -               revision: fd9ca3ab389b19913d3754459d6ee9a5ba33189b
2025-10-10 11:52:28,258 [main] INFO  server.RaftServer (VersionInfo.java:printStartupMessages(139)) -                   java: OpenJDK 64-Bit Server VM 1.8.0_462-b08
2025-10-10 11:52:28,259 [main] INFO  server.RaftServer (VersionInfo.java:printStartupMessages(139)) -                   user: runner
2025-10-10 11:52:28,260 [s0-impl-thread1] INFO  server.RaftServer (RaftServerProxy.java:initGroupDir(273)) - s0: found a subdirectory /home/runner/work/ratis/ratis/ratis-test/target/test/data/319b119c/MiniRaftClusterWithSimulatedRpc8c78e38f/s0/93e9e1f4-8722-48ef-8f88-4e720212c613
2025-10-10 11:52:28,261 [main] INFO  server.RaftServer (RaftServerProxy.java:addNew(106)) - s0: addNew group-4E720212C613:[s0|localhost:15000] returns group-4E720212C613:java.util.concurrent.CompletableFuture@49fe3142[Not completed]
2025-10-10 11:52:28,261 [s0-groupManagement] INFO  server.RaftServer$Division (RaftServerImpl.java:<init>(269)) - s0: new RaftServerImpl for group-4E720212C613:[s0|localhost:15000] with BaseStateMachine-3:uninitialized
2025-10-10 11:52:28,263 [s0-groupManagement] INFO  server.RaftServer$Division (ServerState.java:<init>(115)) - s0@group-4E720212C613: ConfigurationManager, init=conf: {index: -1, cur=peers:[s0|localhost:15000]|listeners:[], old=null}, confs=<EMPTY_MAP>
2025-10-10 11:52:28,262 [main] INFO  impl.MiniRaftCluster (MiniRaftCluster.java:start(330)) - .............................................................. 
2025-10-10 11:52:28,263 [main] INFO  impl.MiniRaftCluster (MiniRaftCluster.java:start(331)) - ... 
2025-10-10 11:52:28,263 [main] INFO  impl.MiniRaftCluster (MiniRaftCluster.java:start(332)) - ...     Starting MiniRaftClusterWithSimulatedRpc
2025-10-10 11:52:28,263 [main] INFO  impl.MiniRaftCluster (MiniRaftCluster.java:start(333)) - ... 
2025-10-10 11:52:28,264 [main] INFO  impl.MiniRaftCluster (MiniRaftCluster.java:start(334)) - .............................................................. 
2025-10-10 11:52:28,264 [main] INFO  impl.MiniRaftCluster (MiniRaftCluster.java:initServers(309)) - servers = {s0=s0:      NEW group-4E720212C613:java.util.concurrent.CompletableFuture@49fe3142[Not completed]}
2025-10-10 11:52:28,269 [s0-impl-thread1] INFO  storage.RaftStorageDirectory (RaftStorageDirectoryImpl.java:tryLock(229)) - Lock on /home/runner/work/ratis/ratis/ratis-test/target/test/data/319b119c/MiniRaftClusterWithSimulatedRpc8c78e38f/s0/93e9e1f4-8722-48ef-8f88-4e720212c613/in_use.lock acquired by nodename 9833@runnervmwhb2z
2025-10-10 11:52:28,270 [s0-impl-thread1] TRACE util.FileUtils (LogUtils.java:runAndLog(49)) - Successfully ran Files.deleteIfExists /home/runner/work/ratis/ratis/ratis-test/target/test/data/319b119c/MiniRaftClusterWithSimulatedRpc8c78e38f/s0/93e9e1f4-8722-48ef-8f88-4e720212c613/current/raft-meta.tmp
2025-10-10 11:52:28,271 [s0-impl-thread1] TRACE util.FileUtils (LogUtils.java:supplyAndLog(69)) - Successfully supplied Files.newInputStream /home/runner/work/ratis/ratis/ratis-test/target/test/data/319b119c/MiniRaftClusterWithSimulatedRpc8c78e38f/s0/93e9e1f4-8722-48ef-8f88-4e720212c613/current/raft-meta with options []: sun.nio.ch.ChannelInputStream@3352ba1c
2025-10-10 11:52:28,271 [s0-impl-thread1] INFO  storage.RaftStorage (RaftStorageImpl.java:analyzeAndRecoverStorage(118)) - Read RaftStorageMetadata{term=0, votedFor=} from /home/runner/work/ratis/ratis/ratis-test/target/test/data/319b119c/MiniRaftClusterWithSimulatedRpc8c78e38f/s0/93e9e1f4-8722-48ef-8f88-4e720212c613/current/raft-meta
2025-10-10 11:52:28,272 [s0-impl-thread1] INFO  server.RaftServer$Division (ServerState.java:getSnapshotIndexFromStateMachine(155)) - s0@group-4E720212C613: getLatestSnapshot(BaseStateMachine-3:s0:group-4E720212C613) returns null
2025-10-10 11:52:28,272 [s0-impl-thread1] INFO  raftlog.RaftLog (RaftLogBase.java:<init>(90)) - s0@group-4E720212C613-SegmentedRaftLog: snapshotIndexFromStateMachine = -1
2025-10-10 11:52:28,273 [s0-impl-thread1] INFO  util.AwaitToRun (AwaitToRun.java:start(81)) - Thread[s0@group-4E720212C613-cacheEviction-AwaitToRun,5,main] started
2025-10-10 11:52:28,274 [s0-impl-thread1] INFO  segmented.SegmentedRaftLogWorker (SegmentedRaftLogWorker.java:<init>(190)) - new s0@group-4E720212C613-SegmentedRaftLogWorker for RaftStorageImpl:Storage Directory /home/runner/work/ratis/ratis/ratis-test/target/test/data/319b119c/MiniRaftClusterWithSimulatedRpc8c78e38f/s0/93e9e1f4-8722-48ef-8f88-4e720212c613
2025-10-10 11:52:28,277 [s0-impl-thread1] INFO  segmented.SegmentedRaftLogWorker (SegmentedRaftLogWorker.java:lambda$new$0(141)) - s0@group-4E720212C613-SegmentedRaftLogWorker: flushIndex: setUnconditionally 0 -> -1
2025-10-10 11:52:28,277 [s0-impl-thread1] INFO  segmented.SegmentedRaftLogWorker (SegmentedRaftLogWorker.java:lambda$new$0(141)) - s0@group-4E720212C613-SegmentedRaftLogWorker: safeCacheEvictIndex: setUnconditionally 0 -> -1
2025-10-10 11:52:28,277 [s0-impl-thread1] INFO  server.RaftServer$Division (RaftServerImpl.java:start(406)) - s0@group-4E720212C613: start as a follower, conf=conf: {index: -1, cur=peers:[s0|localhost:15000]|listeners:[], old=null}
2025-10-10 11:52:28,277 [s0-impl-thread1] INFO  server.RaftServer$Division (RaftServerImpl.java:setRole(393)) - s0@group-4E720212C613: changes role from      null to FOLLOWER at term 0 for startAsFollower
2025-10-10 11:52:28,278 [s0-impl-thread1] INFO  impl.RoleInfo (RoleInfo.java:updateAndGet(148)) - s0: start s0@group-4E720212C613-FollowerState
2025-10-10 11:52:28,278 [s0@group-4E720212C613-FollowerState] INFO  server.RaftServerConfigKeys (ConfUtils.java:logFallback(69)) - raft.server.rpc.first-election.timeout.min = 1500ms (fallback to raft.server.rpc.timeout.min)
2025-10-10 11:52:28,278 [s0@group-4E720212C613-FollowerState] INFO  server.RaftServerConfigKeys (ConfUtils.java:logFallback(69)) - raft.server.rpc.first-election.timeout.max = 2000ms (fallback to raft.server.rpc.timeout.max)
2025-10-10 11:52:28,279 [s0-impl-thread1] INFO  util.JmxRegister (JmxRegister.java:tryRegister(44)) - Successfully registered JMX Bean with object name Ratis:service=RaftServer,group=group-4E720212C613,id=s0
2025-10-10 11:52:28,279 [s0-impl-thread1] INFO  util.JmxRegister (JmxRegister.java:register(58)) - register mxBean class org.apache.ratis.server.impl.RaftServerJmxAdapter as Ratis:service=RaftServer,group=group-4E720212C613,id=s0
2025-10-10 11:52:28,280 [s0-impl-thread1] INFO  server.RaftServer$Division (RaftServerImpl.java:start(420)) - s0@group-4E720212C613: Successfully started.
2025-10-10 11:52:28,281 [main] INFO  server.RaftServer (RaftServerProxy.java:startImpl(415)) - s0: start RPC server
2025-10-10 11:52:28,282 [main] INFO  impl.MiniRaftCluster (MiniRaftCluster.java:shutdown(793)) - ************************************************************** 
2025-10-10 11:52:28,282 [main] INFO  impl.MiniRaftCluster (MiniRaftCluster.java:shutdown(794)) - *** 
2025-10-10 11:52:28,282 [main] INFO  impl.MiniRaftCluster (MiniRaftCluster.java:shutdown(795)) - ***     Stopping MiniRaftClusterWithSimulatedRpc
2025-10-10 11:52:28,283 [main] INFO  impl.MiniRaftCluster (MiniRaftCluster.java:shutdown(796)) - *** 
2025-10-10 11:52:28,283 [main] INFO  impl.MiniRaftCluster (MiniRaftCluster.java:shutdown(797)) - ************************************************************** 
2025-10-10 11:52:28,283 [main] INFO  impl.MiniRaftCluster (MiniRaftCluster.java:shutdown(798)) - printing ALL groups
  s0:  RUNNING  FOLLOWER (RUNNING): s0@group-4E720212C613:t0, leader=null, voted=, raftlog=Memoized:s0@group-4E720212C613-SegmentedRaftLog:OPENED:c-1:lastnull, conf=conf: {index: -1, cur=peers:[s0|localhost:15000]|listeners:[], old=null}
2025-10-10 11:52:28,282 [JvmPauseMonitor1] INFO  util.JvmPauseMonitor (JvmPauseMonitor.java:run(146)) - JvmPauseMonitor-s0: Started
2025-10-10 11:52:28,284 [MiniRaftCluster-2] INFO  server.RaftServer (RaftServerProxy.java:lambda$close$9(425)) - s0: close
2025-10-10 11:52:28,285 [s0-impl-thread1] INFO  server.RaftServer$Division (RaftServerImpl.java:lambda$close$1(528)) - s0@group-4E720212C613: shutdown
2025-10-10 11:52:28,285 [HandlerDaemon-2] INFO  simulation.RequestHandler (RequestHandler.java:run(127)) - s0.clientHandler2 is interrupted by java.io.InterruptedIOException: 
2025-10-10 11:52:28,285 [HandlerDaemon-1] INFO  simulation.RequestHandler (RequestHandler.java:run(127)) - s0.clientHandler1 is interrupted by java.io.InterruptedIOException: 
2025-10-10 11:52:28,285 [HandlerDaemon-0] INFO  simulation.RequestHandler (RequestHandler.java:run(127)) - s0.clientHandler0 is interrupted by java.io.InterruptedIOException: 
2025-10-10 11:52:28,285 [s0-impl-thread1] INFO  util.JmxRegister (JmxRegister.java:unregister(74)) - Successfully un-registered JMX Bean with object name Ratis:service=RaftServer,group=group-4E720212C613,id=s0
2025-10-10 11:52:28,287 [s0-impl-thread1] INFO  impl.RoleInfo (RoleInfo.java:shutdownFollowerState(121)) - s0: shutdown s0@group-4E720212C613-FollowerState
2025-10-10 11:52:28,287 [s0-impl-thread1] INFO  impl.StateMachineUpdater (StateMachineUpdater.java:stopAndJoin(163)) - s0@group-4E720212C613-StateMachineUpdater: set stopIndex = -1
2025-10-10 11:52:28,287 [HandlerDaemon-2] INFO  simulation.RequestHandler (RequestHandler.java:run(127)) - s0.serverHandler2 is interrupted by java.io.InterruptedIOException: 
2025-10-10 11:52:28,287 [s0@group-4E720212C613-StateMachineUpdater] INFO  impl.StateMachineUpdater (StateMachineUpdater.java:stop(140)) - s0@group-4E720212C613-StateMachineUpdater: closing BaseStateMachine, lastApplied=<INITIAL_VALUE>
2025-10-10 11:52:28,288 [s0@group-4E720212C613-cacheEviction-AwaitToRun] INFO  util.AwaitToRun (AwaitToRun.java:run(49)) - s0@group-4E720212C613-cacheEviction-AwaitToRun-AwaitForSignal is interrupted
2025-10-10 11:52:28,288 [HandlerDaemon-0] INFO  simulation.RequestHandler (RequestHandler.java:run(127)) - s0.serverHandler0 is interrupted by java.io.InterruptedIOException: 
2025-10-10 11:52:28,289 [s0@group-4E720212C613-FollowerState] INFO  impl.FollowerState (FollowerState.java:runImpl(170)) - s0@group-4E720212C613-FollowerState was interrupted
2025-10-10 11:52:28,289 [HandlerDaemon-1] INFO  simulation.RequestHandler (RequestHandler.java:run(127)) - s0.serverHandler1 is interrupted by java.io.InterruptedIOException: 
2025-10-10 11:52:29,278 [s0-impl-thread1] INFO  segmented.SegmentedRaftLogWorker (SegmentedRaftLogWorker.java:close(254)) - s0@group-4E720212C613-SegmentedRaftLogWorker close()
2025-10-10 11:52:29,280 [JvmPauseMonitor1] INFO  util.JvmPauseMonitor (JvmPauseMonitor.java:run(152)) - JvmPauseMonitor-s0: Stopped
2025-10-10 11:52:29,280 [main] INFO  impl.MiniRaftCluster (MiniRaftCluster.java:shutdown(817)) - MiniRaftClusterWithSimulatedRpc shutdown completed
2025-10-10 11:52:29,281 [main] INFO  server.RaftServerConfigKeys (ConfUtils.java:logGet(62)) - raft.server.removed.groups.dir = /tmp/groups5832586218667525613 (custom)
2025-10-10 11:52:29,281 [main] TRACE util.FileUtils (FileUtils.java:deleteFully(355)) - deleteFully /tmp/groups5832586218667525613
2025-10-10 11:52:29,282 [main] TRACE util.FileUtils (LogUtils.java:runAndLog(49)) - Successfully ran Files.delete /tmp/groups5832586218667525613
2025-10-10 11:52:29,282 [main] DEBUG client.RaftClient (RaftClientImpl.java:close(465)) - close client-15A3E563F2C1
]]></system-out>
  </testcase>
  <testcase name="testSingleGroupRestart" classname="org.apache.ratis.server.simulation.TestGroupManagementWithSimulatedRpc" time="10.561">
    <system-out><![CDATA[2025-10-10 11:52:29,298 [main] INFO  util.LogUtils (Slf4jUtils.java:setLogLevel(38)) - Successfully set org.apache.ratis.conf.ConfUtils log level to WARN
2025-10-10 11:52:29,298 [main] INFO  util.LogUtils (Slf4jUtils.java:setLogLevel(38)) - Successfully set org.apache.ratis.util.FileUtils log level to TRACE
2025-10-10 11:52:29,298 [main] INFO  util.LogUtils (Slf4jUtils.java:setLogLevel(38)) - Successfully set org.apache.ratis.server.RaftServer log level to DEBUG
2025-10-10 11:52:29,298 [main] INFO  util.LogUtils (Slf4jUtils.java:setLogLevel(38)) - Successfully set org.apache.ratis.server.RaftServer$Division log level to DEBUG
2025-10-10 11:52:29,299 [main] INFO  util.LogUtils (Slf4jUtils.java:setLogLevel(38)) - Successfully set org.apache.ratis.client.RaftClient log level to DEBUG
2025-10-10 11:52:29,301 [main] INFO  impl.MiniRaftCluster (MiniRaftCluster.java:<init>(297)) - new MiniRaftClusterWithSimulatedRpc with group-5BCEFEF636E3:[]
2025-10-10 11:52:29,301 [main] INFO  impl.GroupManagementBaseTest (GroupManagementBaseTest.java:testSingleGroupRestart(181)) - Start testMultiGroupprinting ALL groups
2025-10-10 11:52:29,302 [main] INFO  impl.MiniRaftCluster (MiniRaftCluster.java:newRaftServer(376)) - newRaftServer: s0, null, format? true
2025-10-10 11:52:29,302 [main] TRACE util.FileUtils (FileUtils.java:deleteFully(355)) - deleteFully target/test/data/319b119c/MiniRaftClusterWithSimulatedRpc682d8ac0/s0
2025-10-10 11:52:29,303 [main] TRACE util.FileUtils (FileUtils.java:deleteFully(368)) - deleteFully: target/test/data/319b119c/MiniRaftClusterWithSimulatedRpc682d8ac0/s0 does not exist.
2025-10-10 11:52:29,303 [main] INFO  impl.MiniRaftCluster (MiniRaftCluster.java:newRaftServer(381)) - Formatted directory target/test/data/319b119c/MiniRaftClusterWithSimulatedRpc682d8ac0/s0
2025-10-10 11:52:29,303 [main] DEBUG server.RaftServer (ServerImplUtils.java:newRaftServer(172)) - newRaftServer: s0, null
2025-10-10 11:52:29,304 [main] INFO  server.RaftServer (VersionInfo.java:printStartupMessages(132)) - Starting Apache Ratis Test -- RaftServerProxy s0
2025-10-10 11:52:29,304 [main] INFO  server.RaftServer (VersionInfo.java:printStartupMessages(136)) -                version: 3.1.3
2025-10-10 11:52:29,304 [main] INFO  server.RaftServer (VersionInfo.java:printStartupMessages(136)) -                    url: https://github.com/apache/ratis
2025-10-10 11:52:29,305 [main] INFO  server.RaftServer (VersionInfo.java:printStartupMessages(136)) -               revision: fd9ca3ab389b19913d3754459d6ee9a5ba33189b
2025-10-10 11:52:29,305 [main] INFO  server.RaftServer (VersionInfo.java:printStartupMessages(139)) -                   java: OpenJDK 64-Bit Server VM 1.8.0_462-b08
2025-10-10 11:52:29,305 [main] INFO  server.RaftServer (VersionInfo.java:printStartupMessages(139)) -                   user: runner
2025-10-10 11:52:29,306 [main] INFO  server.RaftServerConfigKeys (ConfUtils.java:logGet(62)) - raft.server.storage.dir = [/home/runner/work/ratis/ratis/ratis-test/target/test/data/319b119c/MiniRaftClusterWithSimulatedRpc682d8ac0/s0] (custom)
2025-10-10 11:52:29,307 [main] INFO  impl.MiniRaftCluster (MiniRaftCluster.java:newRaftServer(376)) - newRaftServer: s1, null, format? true
2025-10-10 11:52:29,307 [main] TRACE util.FileUtils (FileUtils.java:deleteFully(355)) - deleteFully target/test/data/319b119c/MiniRaftClusterWithSimulatedRpc682d8ac0/s1
2025-10-10 11:52:29,307 [main] TRACE util.FileUtils (FileUtils.java:deleteFully(368)) - deleteFully: target/test/data/319b119c/MiniRaftClusterWithSimulatedRpc682d8ac0/s1 does not exist.
2025-10-10 11:52:29,307 [main] INFO  impl.MiniRaftCluster (MiniRaftCluster.java:newRaftServer(381)) - Formatted directory target/test/data/319b119c/MiniRaftClusterWithSimulatedRpc682d8ac0/s1
2025-10-10 11:52:29,308 [main] DEBUG server.RaftServer (ServerImplUtils.java:newRaftServer(172)) - newRaftServer: s1, null
2025-10-10 11:52:29,308 [main] INFO  server.RaftServer (VersionInfo.java:printStartupMessages(132)) - Starting Apache Ratis Test -- RaftServerProxy s1
2025-10-10 11:52:29,308 [main] INFO  server.RaftServer (VersionInfo.java:printStartupMessages(136)) -                version: 3.1.3
2025-10-10 11:52:29,309 [main] INFO  server.RaftServer (VersionInfo.java:printStartupMessages(136)) -                    url: https://github.com/apache/ratis
2025-10-10 11:52:29,309 [main] INFO  server.RaftServer (VersionInfo.java:printStartupMessages(136)) -               revision: fd9ca3ab389b19913d3754459d6ee9a5ba33189b
2025-10-10 11:52:29,309 [main] INFO  server.RaftServer (VersionInfo.java:printStartupMessages(139)) -                   java: OpenJDK 64-Bit Server VM 1.8.0_462-b08
2025-10-10 11:52:29,309 [main] INFO  server.RaftServer (VersionInfo.java:printStartupMessages(139)) -                   user: runner
2025-10-10 11:52:29,310 [main] INFO  server.RaftServerConfigKeys (ConfUtils.java:logGet(62)) - raft.server.storage.dir = [/home/runner/work/ratis/ratis/ratis-test/target/test/data/319b119c/MiniRaftClusterWithSimulatedRpc682d8ac0/s1] (custom)
2025-10-10 11:52:29,311 [main] INFO  impl.MiniRaftCluster (MiniRaftCluster.java:newRaftServer(376)) - newRaftServer: s2, null, format? true
2025-10-10 11:52:29,311 [main] TRACE util.FileUtils (FileUtils.java:deleteFully(355)) - deleteFully target/test/data/319b119c/MiniRaftClusterWithSimulatedRpc682d8ac0/s2
2025-10-10 11:52:29,311 [main] TRACE util.FileUtils (FileUtils.java:deleteFully(368)) - deleteFully: target/test/data/319b119c/MiniRaftClusterWithSimulatedRpc682d8ac0/s2 does not exist.
2025-10-10 11:52:29,312 [main] INFO  impl.MiniRaftCluster (MiniRaftCluster.java:newRaftServer(381)) - Formatted directory target/test/data/319b119c/MiniRaftClusterWithSimulatedRpc682d8ac0/s2
2025-10-10 11:52:29,312 [main] DEBUG server.RaftServer (ServerImplUtils.java:newRaftServer(172)) - newRaftServer: s2, null
2025-10-10 11:52:29,312 [main] INFO  server.RaftServer (VersionInfo.java:printStartupMessages(132)) - Starting Apache Ratis Test -- RaftServerProxy s2
2025-10-10 11:52:29,313 [main] INFO  server.RaftServer (VersionInfo.java:printStartupMessages(136)) -                version: 3.1.3
2025-10-10 11:52:29,313 [main] INFO  server.RaftServer (VersionInfo.java:printStartupMessages(136)) -                    url: https://github.com/apache/ratis
2025-10-10 11:52:29,313 [main] INFO  server.RaftServer (VersionInfo.java:printStartupMessages(136)) -               revision: fd9ca3ab389b19913d3754459d6ee9a5ba33189b
2025-10-10 11:52:29,313 [main] INFO  server.RaftServer (VersionInfo.java:printStartupMessages(139)) -                   java: OpenJDK 64-Bit Server VM 1.8.0_462-b08
2025-10-10 11:52:29,314 [main] INFO  server.RaftServer (VersionInfo.java:printStartupMessages(139)) -                   user: runner
2025-10-10 11:52:29,314 [main] INFO  server.RaftServerConfigKeys (ConfUtils.java:logGet(62)) - raft.server.storage.dir = [/home/runner/work/ratis/ratis/ratis-test/target/test/data/319b119c/MiniRaftClusterWithSimulatedRpc682d8ac0/s2] (custom)
2025-10-10 11:52:29,315 [main] INFO  impl.GroupManagementBaseTest (GroupManagementBaseTest.java:testSingleGroupRestart(187)) - putNewServer: printing ALL groups
  s0:      NEW <EMPTY>
  s1:      NEW <EMPTY>
  s2:      NEW <EMPTY>
2025-10-10 11:52:29,316 [main] INFO  impl.MiniRaftCluster (MiniRaftCluster.java:start(330)) - .............................................................. 
2025-10-10 11:52:29,316 [main] INFO  impl.MiniRaftCluster (MiniRaftCluster.java:start(331)) - ... 
2025-10-10 11:52:29,316 [main] INFO  impl.MiniRaftCluster (MiniRaftCluster.java:start(332)) - ...     Starting MiniRaftClusterWithSimulatedRpc
2025-10-10 11:52:29,316 [main] INFO  impl.MiniRaftCluster (MiniRaftCluster.java:start(333)) - ... 
2025-10-10 11:52:29,316 [main] INFO  impl.MiniRaftCluster (MiniRaftCluster.java:start(334)) - .............................................................. 
2025-10-10 11:52:29,317 [main] INFO  impl.MiniRaftCluster (MiniRaftCluster.java:initServers(309)) - servers = {s0=s0:      NEW <EMPTY>, s1=s1:      NEW <EMPTY>, s2=s2:      NEW <EMPTY>}
2025-10-10 11:52:29,317 [main] INFO  server.RaftServer (RaftServerProxy.java:startImpl(415)) - s0: start RPC server
2025-10-10 11:52:29,320 [JvmPauseMonitor2] INFO  util.JvmPauseMonitor (JvmPauseMonitor.java:run(146)) - JvmPauseMonitor-s0: Started
2025-10-10 11:52:29,320 [main] INFO  server.RaftServer (RaftServerProxy.java:startImpl(415)) - s1: start RPC server
2025-10-10 11:52:29,322 [JvmPauseMonitor3] INFO  util.JvmPauseMonitor (JvmPauseMonitor.java:run(146)) - JvmPauseMonitor-s1: Started
2025-10-10 11:52:29,322 [main] INFO  server.RaftServer (RaftServerProxy.java:startImpl(415)) - s2: start RPC server
2025-10-10 11:52:29,323 [JvmPauseMonitor4] INFO  util.JvmPauseMonitor (JvmPauseMonitor.java:run(146)) - JvmPauseMonitor-s2: Started
2025-10-10 11:52:30,324 [main] INFO  impl.GroupManagementBaseTest (GroupManagementBaseTest.java:testSingleGroupRestart(193)) - start: printing ALL groups
  s0:  RUNNING <EMPTY>
  s1:  RUNNING <EMPTY>
  s2:  RUNNING <EMPTY>
2025-10-10 11:52:30,326 [main] INFO  impl.GroupManagementBaseTest (GroupManagementBaseTest.java:testSingleGroupRestart(198)) - add new group: group-76F5658665B2:[s0, s1, s2]
2025-10-10 11:52:30,327 [main] DEBUG client.RaftClient (RaftClientImpl.java:newRequest(95)) - attempt #1, newRequest GroupManagementRequest:client-071E3533A3B9->s0@group-76F5658665B2, cid=3, seq=null, RW, null, Add:group-76F5658665B2:[s0, s1, s2]
2025-10-10 11:52:30,327 [HandlerDaemon-0] INFO  server.RaftServer (RaftServerProxy.java:addNew(106)) - s0: addNew group-76F5658665B2:[s0, s1, s2] returns group-76F5658665B2:java.util.concurrent.CompletableFuture@3607c397[Not completed]
2025-10-10 11:52:30,328 [s0-groupManagement] INFO  server.RaftServer$Division (RaftServerImpl.java:<init>(269)) - s0: new RaftServerImpl for group-76F5658665B2:[s0, s1, s2] with BaseStateMachine-4:uninitialized
2025-10-10 11:52:30,328 [s0-groupManagement] INFO  server.RaftServer$Division (ServerState.java:<init>(115)) - s0@group-76F5658665B2: ConfigurationManager, init=conf: {index: -1, cur=peers:[s0, s1, s2]|listeners:[], old=null}, confs=<EMPTY_MAP>
2025-10-10 11:52:30,332 [s0-groupManagement] DEBUG server.RaftServer (RaftServerProxy.java:lambda$groupAddAsync$13(517)) - s0: newImpl =      null (NEW): s0@group-76F5658665B2:t0, leader=null, voted=null, raftlog=UNINITIALIZED, conf=conf: {index: -1, cur=peers:[s0, s1, s2]|listeners:[], old=null}
2025-10-10 11:52:30,332 [s0-groupManagement] INFO  server.RaftServerConfigKeys (ConfUtils.java:logGet(62)) - raft.server.storage.dir = [/home/runner/work/ratis/ratis/ratis-test/target/test/data/319b119c/MiniRaftClusterWithSimulatedRpc682d8ac0/s0] (custom)
2025-10-10 11:52:30,332 [s0-groupManagement] INFO  storage.RaftStorageDirectory (RaftStorageDirectoryImpl.java:analyzeStorage(138)) - The storage directory /home/runner/work/ratis/ratis/ratis-test/target/test/data/319b119c/MiniRaftClusterWithSimulatedRpc682d8ac0/s0/d5bbea78-8b68-4688-b7cf-76f5658665b2 does not exist. Creating ...
2025-10-10 11:52:30,333 [s0-groupManagement] TRACE util.FileUtils (LogUtils.java:runAndLog(49)) - Successfully ran Files.createDirectories /home/runner/work/ratis/ratis/ratis-test/target/test/data/319b119c/MiniRaftClusterWithSimulatedRpc682d8ac0/s0/d5bbea78-8b68-4688-b7cf-76f5658665b2
2025-10-10 11:52:30,335 [s0-groupManagement] INFO  storage.RaftStorageDirectory (RaftStorageDirectoryImpl.java:tryLock(229)) - Lock on /home/runner/work/ratis/ratis/ratis-test/target/test/data/319b119c/MiniRaftClusterWithSimulatedRpc682d8ac0/s0/d5bbea78-8b68-4688-b7cf-76f5658665b2/in_use.lock acquired by nodename 9833@runnervmwhb2z
2025-10-10 11:52:30,335 [s0-groupManagement] TRACE util.FileUtils (LogUtils.java:runAndLog(49)) - Successfully ran Files.createDirectories /home/runner/work/ratis/ratis/ratis-test/target/test/data/319b119c/MiniRaftClusterWithSimulatedRpc682d8ac0/s0/d5bbea78-8b68-4688-b7cf-76f5658665b2/current
2025-10-10 11:52:30,335 [s0-groupManagement] TRACE util.FileUtils (LogUtils.java:runAndLog(49)) - Successfully ran Files.createDirectories /home/runner/work/ratis/ratis/ratis-test/target/test/data/319b119c/MiniRaftClusterWithSimulatedRpc682d8ac0/s0/d5bbea78-8b68-4688-b7cf-76f5658665b2/sm
2025-10-10 11:52:30,335 [s0-groupManagement] TRACE util.FileUtils (LogUtils.java:supplyAndLog(69)) - Successfully supplied FileChannel.open /home/runner/work/ratis/ratis/ratis-test/target/test/data/319b119c/MiniRaftClusterWithSimulatedRpc682d8ac0/s0/d5bbea78-8b68-4688-b7cf-76f5658665b2/current/raft-meta.tmp with options [CREATE, TRUNCATE_EXISTING, WRITE]: sun.nio.ch.FileChannelImpl@f106ed3
2025-10-10 11:52:30,337 [s0-groupManagement] TRACE util.FileUtils (LogUtils.java:runAndLog(49)) - Successfully ran Atomic Files.move /home/runner/work/ratis/ratis/ratis-test/target/test/data/319b119c/MiniRaftClusterWithSimulatedRpc682d8ac0/s0/d5bbea78-8b68-4688-b7cf-76f5658665b2/current/raft-meta.tmp to /home/runner/work/ratis/ratis/ratis-test/target/test/data/319b119c/MiniRaftClusterWithSimulatedRpc682d8ac0/s0/d5bbea78-8b68-4688-b7cf-76f5658665b2/current/raft-meta with options [REPLACE_EXISTING]
2025-10-10 11:52:30,337 [s0-groupManagement] INFO  storage.RaftStorage (RaftStorageImpl.java:format(98)) - Storage directory /home/runner/work/ratis/ratis/ratis-test/target/test/data/319b119c/MiniRaftClusterWithSimulatedRpc682d8ac0/s0/d5bbea78-8b68-4688-b7cf-76f5658665b2 has been successfully formatted.
2025-10-10 11:52:30,337 [s0-groupManagement] INFO  server.RaftServer$Division (ServerState.java:getSnapshotIndexFromStateMachine(155)) - s0@group-76F5658665B2: getLatestSnapshot(BaseStateMachine-4:s0:group-76F5658665B2) returns null
2025-10-10 11:52:30,337 [s0-groupManagement] INFO  raftlog.RaftLog (RaftLogBase.java:<init>(90)) - s0@group-76F5658665B2-SegmentedRaftLog: snapshotIndexFromStateMachine = -1
2025-10-10 11:52:30,339 [s0-groupManagement] INFO  util.AwaitToRun (AwaitToRun.java:start(81)) - Thread[s0@group-76F5658665B2-cacheEviction-AwaitToRun,5,main] started
2025-10-10 11:52:30,339 [s0-groupManagement] INFO  segmented.SegmentedRaftLogWorker (SegmentedRaftLogWorker.java:<init>(190)) - new s0@group-76F5658665B2-SegmentedRaftLogWorker for RaftStorageImpl:Storage Directory /home/runner/work/ratis/ratis/ratis-test/target/test/data/319b119c/MiniRaftClusterWithSimulatedRpc682d8ac0/s0/d5bbea78-8b68-4688-b7cf-76f5658665b2
2025-10-10 11:52:30,342 [s0-groupManagement] INFO  segmented.SegmentedRaftLogWorker (SegmentedRaftLogWorker.java:lambda$new$0(141)) - s0@group-76F5658665B2-SegmentedRaftLogWorker: flushIndex: setUnconditionally 0 -> -1
2025-10-10 11:52:30,342 [s0-groupManagement] INFO  segmented.SegmentedRaftLogWorker (SegmentedRaftLogWorker.java:lambda$new$0(141)) - s0@group-76F5658665B2-SegmentedRaftLogWorker: safeCacheEvictIndex: setUnconditionally 0 -> -1
2025-10-10 11:52:30,343 [s0-groupManagement] INFO  server.RaftServer$Division (RaftServerImpl.java:start(406)) - s0@group-76F5658665B2: start as a follower, conf=conf: {index: -1, cur=peers:[s0, s1, s2]|listeners:[], old=null}
2025-10-10 11:52:30,343 [s0-groupManagement] INFO  server.RaftServer$Division (RaftServerImpl.java:setRole(393)) - s0@group-76F5658665B2: changes role from      null to FOLLOWER at term 0 for startAsFollower
2025-10-10 11:52:30,343 [s0-groupManagement] INFO  impl.RoleInfo (RoleInfo.java:updateAndGet(148)) - s0: start s0@group-76F5658665B2-FollowerState
2025-10-10 11:52:30,343 [s0@group-76F5658665B2-FollowerState] INFO  server.RaftServerConfigKeys (ConfUtils.java:logFallback(69)) - raft.server.rpc.first-election.timeout.min = 1500ms (fallback to raft.server.rpc.timeout.min)
2025-10-10 11:52:30,344 [s0@group-76F5658665B2-FollowerState] INFO  server.RaftServerConfigKeys (ConfUtils.java:logFallback(69)) - raft.server.rpc.first-election.timeout.max = 2000ms (fallback to raft.server.rpc.timeout.max)
2025-10-10 11:52:30,344 [s0-groupManagement] INFO  util.JmxRegister (JmxRegister.java:tryRegister(44)) - Successfully registered JMX Bean with object name Ratis:service=RaftServer,group=group-76F5658665B2,id=s0
2025-10-10 11:52:30,344 [s0-groupManagement] INFO  util.JmxRegister (JmxRegister.java:register(58)) - register mxBean class org.apache.ratis.server.impl.RaftServerJmxAdapter as Ratis:service=RaftServer,group=group-76F5658665B2,id=s0
2025-10-10 11:52:30,345 [s0-groupManagement] INFO  server.RaftServer$Division (RaftServerImpl.java:start(420)) - s0@group-76F5658665B2: Successfully started.
2025-10-10 11:52:30,346 [main] DEBUG client.RaftClient (RaftClientImpl.java:newRequest(95)) - attempt #1, newRequest GroupManagementRequest:client-071E3533A3B9->s1@group-76F5658665B2, cid=4, seq=null, RW, null, Add:group-76F5658665B2:[s0, s1, s2]
2025-10-10 11:52:30,347 [s1-groupManagement] INFO  server.RaftServer$Division (RaftServerImpl.java:<init>(269)) - s1: new RaftServerImpl for group-76F5658665B2:[s0, s1, s2] with BaseStateMachine-5:uninitialized
2025-10-10 11:52:30,347 [s1-groupManagement] INFO  server.RaftServer$Division (ServerState.java:<init>(115)) - s1@group-76F5658665B2: ConfigurationManager, init=conf: {index: -1, cur=peers:[s0, s1, s2]|listeners:[], old=null}, confs=<EMPTY_MAP>
2025-10-10 11:52:30,348 [HandlerDaemon-0] INFO  server.RaftServer (RaftServerProxy.java:addNew(106)) - s1: addNew group-76F5658665B2:[s0, s1, s2] returns group-76F5658665B2:java.util.concurrent.CompletableFuture@372076c8[Not completed]
2025-10-10 11:52:30,352 [s1-groupManagement] DEBUG server.RaftServer (RaftServerProxy.java:lambda$groupAddAsync$13(517)) - s1: newImpl =      null (NEW): s1@group-76F5658665B2:t0, leader=null, voted=null, raftlog=UNINITIALIZED, conf=conf: {index: -1, cur=peers:[s0, s1, s2]|listeners:[], old=null}
2025-10-10 11:52:30,352 [s1-groupManagement] INFO  server.RaftServerConfigKeys (ConfUtils.java:logGet(62)) - raft.server.storage.dir = [/home/runner/work/ratis/ratis/ratis-test/target/test/data/319b119c/MiniRaftClusterWithSimulatedRpc682d8ac0/s1] (custom)
2025-10-10 11:52:30,352 [s1-groupManagement] INFO  storage.RaftStorageDirectory (RaftStorageDirectoryImpl.java:analyzeStorage(138)) - The storage directory /home/runner/work/ratis/ratis/ratis-test/target/test/data/319b119c/MiniRaftClusterWithSimulatedRpc682d8ac0/s1/d5bbea78-8b68-4688-b7cf-76f5658665b2 does not exist. Creating ...
2025-10-10 11:52:30,353 [s1-groupManagement] TRACE util.FileUtils (LogUtils.java:runAndLog(49)) - Successfully ran Files.createDirectories /home/runner/work/ratis/ratis/ratis-test/target/test/data/319b119c/MiniRaftClusterWithSimulatedRpc682d8ac0/s1/d5bbea78-8b68-4688-b7cf-76f5658665b2
2025-10-10 11:52:30,354 [s1-groupManagement] INFO  storage.RaftStorageDirectory (RaftStorageDirectoryImpl.java:tryLock(229)) - Lock on /home/runner/work/ratis/ratis/ratis-test/target/test/data/319b119c/MiniRaftClusterWithSimulatedRpc682d8ac0/s1/d5bbea78-8b68-4688-b7cf-76f5658665b2/in_use.lock acquired by nodename 9833@runnervmwhb2z
2025-10-10 11:52:30,354 [s1-groupManagement] TRACE util.FileUtils (LogUtils.java:runAndLog(49)) - Successfully ran Files.createDirectories /home/runner/work/ratis/ratis/ratis-test/target/test/data/319b119c/MiniRaftClusterWithSimulatedRpc682d8ac0/s1/d5bbea78-8b68-4688-b7cf-76f5658665b2/current
2025-10-10 11:52:30,355 [s1-groupManagement] TRACE util.FileUtils (LogUtils.java:runAndLog(49)) - Successfully ran Files.createDirectories /home/runner/work/ratis/ratis/ratis-test/target/test/data/319b119c/MiniRaftClusterWithSimulatedRpc682d8ac0/s1/d5bbea78-8b68-4688-b7cf-76f5658665b2/sm
2025-10-10 11:52:30,355 [s1-groupManagement] TRACE util.FileUtils (LogUtils.java:supplyAndLog(69)) - Successfully supplied FileChannel.open /home/runner/work/ratis/ratis/ratis-test/target/test/data/319b119c/MiniRaftClusterWithSimulatedRpc682d8ac0/s1/d5bbea78-8b68-4688-b7cf-76f5658665b2/current/raft-meta.tmp with options [CREATE, TRUNCATE_EXISTING, WRITE]: sun.nio.ch.FileChannelImpl@198cb0b2
2025-10-10 11:52:30,356 [s1-groupManagement] TRACE util.FileUtils (LogUtils.java:runAndLog(49)) - Successfully ran Atomic Files.move /home/runner/work/ratis/ratis/ratis-test/target/test/data/319b119c/MiniRaftClusterWithSimulatedRpc682d8ac0/s1/d5bbea78-8b68-4688-b7cf-76f5658665b2/current/raft-meta.tmp to /home/runner/work/ratis/ratis/ratis-test/target/test/data/319b119c/MiniRaftClusterWithSimulatedRpc682d8ac0/s1/d5bbea78-8b68-4688-b7cf-76f5658665b2/current/raft-meta with options [REPLACE_EXISTING]
2025-10-10 11:52:30,357 [s1-groupManagement] INFO  storage.RaftStorage (RaftStorageImpl.java:format(98)) - Storage directory /home/runner/work/ratis/ratis/ratis-test/target/test/data/319b119c/MiniRaftClusterWithSimulatedRpc682d8ac0/s1/d5bbea78-8b68-4688-b7cf-76f5658665b2 has been successfully formatted.
2025-10-10 11:52:30,357 [s1-groupManagement] INFO  server.RaftServer$Division (ServerState.java:getSnapshotIndexFromStateMachine(155)) - s1@group-76F5658665B2: getLatestSnapshot(BaseStateMachine-5:s1:group-76F5658665B2) returns null
2025-10-10 11:52:30,357 [s1-groupManagement] INFO  raftlog.RaftLog (RaftLogBase.java:<init>(90)) - s1@group-76F5658665B2-SegmentedRaftLog: snapshotIndexFromStateMachine = -1
2025-10-10 11:52:30,358 [s1-groupManagement] INFO  util.AwaitToRun (AwaitToRun.java:start(81)) - Thread[s1@group-76F5658665B2-cacheEviction-AwaitToRun,5,main] started
2025-10-10 11:52:30,359 [s1-groupManagement] INFO  segmented.SegmentedRaftLogWorker (SegmentedRaftLogWorker.java:<init>(190)) - new s1@group-76F5658665B2-SegmentedRaftLogWorker for RaftStorageImpl:Storage Directory /home/runner/work/ratis/ratis/ratis-test/target/test/data/319b119c/MiniRaftClusterWithSimulatedRpc682d8ac0/s1/d5bbea78-8b68-4688-b7cf-76f5658665b2
2025-10-10 11:52:30,361 [s1-groupManagement] INFO  segmented.SegmentedRaftLogWorker (SegmentedRaftLogWorker.java:lambda$new$0(141)) - s1@group-76F5658665B2-SegmentedRaftLogWorker: flushIndex: setUnconditionally 0 -> -1
2025-10-10 11:52:30,361 [s1-groupManagement] INFO  segmented.SegmentedRaftLogWorker (SegmentedRaftLogWorker.java:lambda$new$0(141)) - s1@group-76F5658665B2-SegmentedRaftLogWorker: safeCacheEvictIndex: setUnconditionally 0 -> -1
2025-10-10 11:52:30,362 [s1-groupManagement] INFO  server.RaftServer$Division (RaftServerImpl.java:start(406)) - s1@group-76F5658665B2: start as a follower, conf=conf: {index: -1, cur=peers:[s0, s1, s2]|listeners:[], old=null}
2025-10-10 11:52:30,362 [s1-groupManagement] INFO  server.RaftServer$Division (RaftServerImpl.java:setRole(393)) - s1@group-76F5658665B2: changes role from      null to FOLLOWER at term 0 for startAsFollower
2025-10-10 11:52:30,362 [s1-groupManagement] INFO  impl.RoleInfo (RoleInfo.java:updateAndGet(148)) - s1: start s1@group-76F5658665B2-FollowerState
2025-10-10 11:52:30,363 [s1-groupManagement] INFO  util.JmxRegister (JmxRegister.java:tryRegister(44)) - Successfully registered JMX Bean with object name Ratis:service=RaftServer,group=group-76F5658665B2,id=s1
2025-10-10 11:52:30,363 [s1@group-76F5658665B2-FollowerState] INFO  server.RaftServerConfigKeys (ConfUtils.java:logFallback(69)) - raft.server.rpc.first-election.timeout.min = 1500ms (fallback to raft.server.rpc.timeout.min)
2025-10-10 11:52:30,363 [s1@group-76F5658665B2-FollowerState] INFO  server.RaftServerConfigKeys (ConfUtils.java:logFallback(69)) - raft.server.rpc.first-election.timeout.max = 2000ms (fallback to raft.server.rpc.timeout.max)
2025-10-10 11:52:30,363 [s1-groupManagement] INFO  util.JmxRegister (JmxRegister.java:register(58)) - register mxBean class org.apache.ratis.server.impl.RaftServerJmxAdapter as Ratis:service=RaftServer,group=group-76F5658665B2,id=s1
2025-10-10 11:52:30,365 [s1-groupManagement] INFO  server.RaftServer$Division (RaftServerImpl.java:start(420)) - s1@group-76F5658665B2: Successfully started.
2025-10-10 11:52:30,365 [main] DEBUG client.RaftClient (RaftClientImpl.java:newRequest(95)) - attempt #1, newRequest GroupManagementRequest:client-071E3533A3B9->s2@group-76F5658665B2, cid=5, seq=null, RW, null, Add:group-76F5658665B2:[s0, s1, s2]
2025-10-10 11:52:30,366 [HandlerDaemon-0] INFO  server.RaftServer (RaftServerProxy.java:addNew(106)) - s2: addNew group-76F5658665B2:[s0, s1, s2] returns group-76F5658665B2:java.util.concurrent.CompletableFuture@7b58266e[Not completed]
2025-10-10 11:52:30,366 [s2-groupManagement] INFO  server.RaftServer$Division (RaftServerImpl.java:<init>(269)) - s2: new RaftServerImpl for group-76F5658665B2:[s0, s1, s2] with BaseStateMachine-6:uninitialized
2025-10-10 11:52:30,367 [s2-groupManagement] INFO  server.RaftServer$Division (ServerState.java:<init>(115)) - s2@group-76F5658665B2: ConfigurationManager, init=conf: {index: -1, cur=peers:[s0, s1, s2]|listeners:[], old=null}, confs=<EMPTY_MAP>
2025-10-10 11:52:30,370 [s2-groupManagement] DEBUG server.RaftServer (RaftServerProxy.java:lambda$groupAddAsync$13(517)) - s2: newImpl =      null (NEW): s2@group-76F5658665B2:t0, leader=null, voted=null, raftlog=UNINITIALIZED, conf=conf: {index: -1, cur=peers:[s0, s1, s2]|listeners:[], old=null}
2025-10-10 11:52:30,370 [s2-groupManagement] INFO  server.RaftServerConfigKeys (ConfUtils.java:logGet(62)) - raft.server.storage.dir = [/home/runner/work/ratis/ratis/ratis-test/target/test/data/319b119c/MiniRaftClusterWithSimulatedRpc682d8ac0/s2] (custom)
2025-10-10 11:52:30,370 [s2-groupManagement] INFO  storage.RaftStorageDirectory (RaftStorageDirectoryImpl.java:analyzeStorage(138)) - The storage directory /home/runner/work/ratis/ratis/ratis-test/target/test/data/319b119c/MiniRaftClusterWithSimulatedRpc682d8ac0/s2/d5bbea78-8b68-4688-b7cf-76f5658665b2 does not exist. Creating ...
2025-10-10 11:52:30,371 [s2-groupManagement] TRACE util.FileUtils (LogUtils.java:runAndLog(49)) - Successfully ran Files.createDirectories /home/runner/work/ratis/ratis/ratis-test/target/test/data/319b119c/MiniRaftClusterWithSimulatedRpc682d8ac0/s2/d5bbea78-8b68-4688-b7cf-76f5658665b2
2025-10-10 11:52:30,372 [s2-groupManagement] INFO  storage.RaftStorageDirectory (RaftStorageDirectoryImpl.java:tryLock(229)) - Lock on /home/runner/work/ratis/ratis/ratis-test/target/test/data/319b119c/MiniRaftClusterWithSimulatedRpc682d8ac0/s2/d5bbea78-8b68-4688-b7cf-76f5658665b2/in_use.lock acquired by nodename 9833@runnervmwhb2z
2025-10-10 11:52:30,372 [s2-groupManagement] TRACE util.FileUtils (LogUtils.java:runAndLog(49)) - Successfully ran Files.createDirectories /home/runner/work/ratis/ratis/ratis-test/target/test/data/319b119c/MiniRaftClusterWithSimulatedRpc682d8ac0/s2/d5bbea78-8b68-4688-b7cf-76f5658665b2/current
2025-10-10 11:52:30,372 [s2-groupManagement] TRACE util.FileUtils (LogUtils.java:runAndLog(49)) - Successfully ran Files.createDirectories /home/runner/work/ratis/ratis/ratis-test/target/test/data/319b119c/MiniRaftClusterWithSimulatedRpc682d8ac0/s2/d5bbea78-8b68-4688-b7cf-76f5658665b2/sm
2025-10-10 11:52:30,372 [s2-groupManagement] TRACE util.FileUtils (LogUtils.java:supplyAndLog(69)) - Successfully supplied FileChannel.open /home/runner/work/ratis/ratis/ratis-test/target/test/data/319b119c/MiniRaftClusterWithSimulatedRpc682d8ac0/s2/d5bbea78-8b68-4688-b7cf-76f5658665b2/current/raft-meta.tmp with options [CREATE, TRUNCATE_EXISTING, WRITE]: sun.nio.ch.FileChannelImpl@3cc2783d
2025-10-10 11:52:30,374 [s2-groupManagement] TRACE util.FileUtils (LogUtils.java:runAndLog(49)) - Successfully ran Atomic Files.move /home/runner/work/ratis/ratis/ratis-test/target/test/data/319b119c/MiniRaftClusterWithSimulatedRpc682d8ac0/s2/d5bbea78-8b68-4688-b7cf-76f5658665b2/current/raft-meta.tmp to /home/runner/work/ratis/ratis/ratis-test/target/test/data/319b119c/MiniRaftClusterWithSimulatedRpc682d8ac0/s2/d5bbea78-8b68-4688-b7cf-76f5658665b2/current/raft-meta with options [REPLACE_EXISTING]
2025-10-10 11:52:30,374 [s2-groupManagement] INFO  storage.RaftStorage (RaftStorageImpl.java:format(98)) - Storage directory /home/runner/work/ratis/ratis/ratis-test/target/test/data/319b119c/MiniRaftClusterWithSimulatedRpc682d8ac0/s2/d5bbea78-8b68-4688-b7cf-76f5658665b2 has been successfully formatted.
2025-10-10 11:52:30,374 [s2-groupManagement] INFO  server.RaftServer$Division (ServerState.java:getSnapshotIndexFromStateMachine(155)) - s2@group-76F5658665B2: getLatestSnapshot(BaseStateMachine-6:s2:group-76F5658665B2) returns null
2025-10-10 11:52:30,374 [s2-groupManagement] INFO  raftlog.RaftLog (RaftLogBase.java:<init>(90)) - s2@group-76F5658665B2-SegmentedRaftLog: snapshotIndexFromStateMachine = -1
2025-10-10 11:52:30,376 [s2-groupManagement] INFO  util.AwaitToRun (AwaitToRun.java:start(81)) - Thread[s2@group-76F5658665B2-cacheEviction-AwaitToRun,5,main] started
2025-10-10 11:52:30,376 [s2-groupManagement] INFO  segmented.SegmentedRaftLogWorker (SegmentedRaftLogWorker.java:<init>(190)) - new s2@group-76F5658665B2-SegmentedRaftLogWorker for RaftStorageImpl:Storage Directory /home/runner/work/ratis/ratis/ratis-test/target/test/data/319b119c/MiniRaftClusterWithSimulatedRpc682d8ac0/s2/d5bbea78-8b68-4688-b7cf-76f5658665b2
2025-10-10 11:52:30,379 [s2-groupManagement] INFO  segmented.SegmentedRaftLogWorker (SegmentedRaftLogWorker.java:lambda$new$0(141)) - s2@group-76F5658665B2-SegmentedRaftLogWorker: flushIndex: setUnconditionally 0 -> -1
2025-10-10 11:52:30,380 [s2-groupManagement] INFO  segmented.SegmentedRaftLogWorker (SegmentedRaftLogWorker.java:lambda$new$0(141)) - s2@group-76F5658665B2-SegmentedRaftLogWorker: safeCacheEvictIndex: setUnconditionally 0 -> -1
2025-10-10 11:52:30,380 [s2-groupManagement] INFO  server.RaftServer$Division (RaftServerImpl.java:start(406)) - s2@group-76F5658665B2: start as a follower, conf=conf: {index: -1, cur=peers:[s0, s1, s2]|listeners:[], old=null}
2025-10-10 11:52:30,380 [s2-groupManagement] INFO  server.RaftServer$Division (RaftServerImpl.java:setRole(393)) - s2@group-76F5658665B2: changes role from      null to FOLLOWER at term 0 for startAsFollower
2025-10-10 11:52:30,381 [s2-groupManagement] INFO  impl.RoleInfo (RoleInfo.java:updateAndGet(148)) - s2: start s2@group-76F5658665B2-FollowerState
2025-10-10 11:52:30,381 [s2@group-76F5658665B2-FollowerState] INFO  server.RaftServerConfigKeys (ConfUtils.java:logFallback(69)) - raft.server.rpc.first-election.timeout.min = 1500ms (fallback to raft.server.rpc.timeout.min)
2025-10-10 11:52:30,381 [s2-groupManagement] INFO  util.JmxRegister (JmxRegister.java:tryRegister(44)) - Successfully registered JMX Bean with object name Ratis:service=RaftServer,group=group-76F5658665B2,id=s2
2025-10-10 11:52:30,381 [s2@group-76F5658665B2-FollowerState] INFO  server.RaftServerConfigKeys (ConfUtils.java:logFallback(69)) - raft.server.rpc.first-election.timeout.max = 2000ms (fallback to raft.server.rpc.timeout.max)
2025-10-10 11:52:30,381 [s2-groupManagement] INFO  util.JmxRegister (JmxRegister.java:register(58)) - register mxBean class org.apache.ratis.server.impl.RaftServerJmxAdapter as Ratis:service=RaftServer,group=group-76F5658665B2,id=s2
2025-10-10 11:52:30,382 [s2-groupManagement] INFO  server.RaftServer$Division (RaftServerImpl.java:start(420)) - s2@group-76F5658665B2: Successfully started.
2025-10-10 11:52:30,382 [main] DEBUG client.RaftClient (RaftClientImpl.java:close(465)) - close client-071E3533A3B9
2025-10-10 11:52:30,384 [main] INFO  ratis.RaftTestUtil (RaftTestUtil.java:waitForLeader(107)) - printing ALL groups
  s0:  RUNNING  FOLLOWER (RUNNING): s0@group-76F5658665B2:t0, leader=null, voted=, raftlog=Memoized:s0@group-76F5658665B2-SegmentedRaftLog:OPENED:c-1:lastnull, conf=conf: {index: -1, cur=peers:[s0, s1, s2]|listeners:[], old=null}
  s1:  RUNNING  FOLLOWER (RUNNING): s1@group-76F5658665B2:t0, leader=null, voted=, raftlog=Memoized:s1@group-76F5658665B2-SegmentedRaftLog:OPENED:c-1:lastnull, conf=conf: {index: -1, cur=peers:[s0, s1, s2]|listeners:[], old=null}
  s2:  RUNNING  FOLLOWER (RUNNING): s2@group-76F5658665B2:t0, leader=null, voted=, raftlog=Memoized:s2@group-76F5658665B2-SegmentedRaftLog:OPENED:c-1:lastnull, conf=conf: {index: -1, cur=peers:[s0, s1, s2]|listeners:[], old=null}
2025-10-10 11:52:30,386 [main] WARN  ratis.RaftTestUtil (RaftTestUtil.java:lambda$waitForLeader$3(126)) - Attempt #1 failed: java.lang.IllegalStateException: No leader yet : printing ALL groups
  s0:  RUNNING  FOLLOWER (RUNNING): s0@group-76F5658665B2:t0, leader=null, voted=, raftlog=Memoized:s0@group-76F5658665B2-SegmentedRaftLog:OPENED:c-1:lastnull, conf=conf: {index: -1, cur=peers:[s0, s1, s2]|listeners:[], old=null}
  s1:  RUNNING  FOLLOWER (RUNNING): s1@group-76F5658665B2:t0, leader=null, voted=, raftlog=Memoized:s1@group-76F5658665B2-SegmentedRaftLog:OPENED:c-1:lastnull, conf=conf: {index: -1, cur=peers:[s0, s1, s2]|listeners:[], old=null}
  s2:  RUNNING  FOLLOWER (RUNNING): s2@group-76F5658665B2:t0, leader=null, voted=, raftlog=Memoized:s2@group-76F5658665B2-SegmentedRaftLog:OPENED:c-1:lastnull, conf=conf: {index: -1, cur=peers:[s0, s1, s2]|listeners:[], old=null}
2025-10-10 11:52:31,907 [s0@group-76F5658665B2-FollowerState] INFO  impl.FollowerState (FollowerState.java:runImpl(161)) - s0@group-76F5658665B2-FollowerState: change to CANDIDATE, lastRpcElapsedTime:1564226378ns, electionTimeout:1562ms
2025-10-10 11:52:31,908 [s0@group-76F5658665B2-FollowerState] INFO  impl.RoleInfo (RoleInfo.java:shutdownFollowerState(121)) - s0: shutdown s0@group-76F5658665B2-FollowerState
2025-10-10 11:52:31,908 [s0@group-76F5658665B2-FollowerState] INFO  server.RaftServer$Division (RaftServerImpl.java:setRole(393)) - s0@group-76F5658665B2: changes role from  FOLLOWER to CANDIDATE at term 0 for changeToCandidate
2025-10-10 11:52:31,914 [s0@group-76F5658665B2-FollowerState] INFO  server.RaftServerConfigKeys (ConfUtils.java:logGet(62)) - raft.server.leaderelection.pre-vote = true (default)
2025-10-10 11:52:31,916 [s0@group-76F5658665B2-FollowerState] INFO  impl.RoleInfo (RoleInfo.java:updateAndGet(148)) - s0: start s0@group-76F5658665B2-LeaderElection1
2025-10-10 11:52:31,920 [s0@group-76F5658665B2-LeaderElection1] INFO  impl.LeaderElection (LeaderElection.java:askForVotes(448)) - s0@group-76F5658665B2-LeaderElection1 PRE_VOTE round 0: submit vote requests at term 0 for conf: {index: -1, cur=peers:[s0, s1, s2]|listeners:[], old=null}
2025-10-10 11:52:31,940 [s0@group-76F5658665B2-LeaderElection1] INFO  server.RaftServerConfigKeys (ConfUtils.java:logFallback(69)) - raft.server.rpc.first-election.timeout.min = 1500ms (fallback to raft.server.rpc.timeout.min)
2025-10-10 11:52:31,941 [s0@group-76F5658665B2-LeaderElection1] INFO  server.RaftServerConfigKeys (ConfUtils.java:logFallback(69)) - raft.server.rpc.first-election.timeout.max = 2000ms (fallback to raft.server.rpc.timeout.max)
2025-10-10 11:52:31,945 [HandlerDaemon-0] INFO  server.RaftServer$Division (RaftServerImpl.java:requestVote(1434)) - s2@group-76F5658665B2: receive requestVote(PRE_VOTE, s0, group-76F5658665B2, 0, <PROTO_DEFAULT>)
2025-10-10 11:52:31,946 [HandlerDaemon-1] INFO  server.RaftServer$Division (RaftServerImpl.java:requestVote(1434)) - s1@group-76F5658665B2: receive requestVote(PRE_VOTE, s0, group-76F5658665B2, 0, <PROTO_DEFAULT>)
2025-10-10 11:52:31,948 [HandlerDaemon-0] INFO  impl.VoteContext (VoteContext.java:log(49)) - s2@group-76F5658665B2-FOLLOWER: accept PRE_VOTE from s0: our priority 0 <= candidate's priority 0
2025-10-10 11:52:31,948 [HandlerDaemon-1] INFO  impl.VoteContext (VoteContext.java:log(49)) - s1@group-76F5658665B2-FOLLOWER: accept PRE_VOTE from s0: our priority 0 <= candidate's priority 0
2025-10-10 11:52:31,959 [HandlerDaemon-1] INFO  server.RaftServer$Division (RaftServerImpl.java:requestVote(1468)) - s1@group-76F5658665B2 replies to PRE_VOTE vote request: s0<-s1#0:OK-t0-last:<INITIAL_VALUE>. Peer's state: s1@group-76F5658665B2:t0, leader=null, voted=, raftlog=Memoized:s1@group-76F5658665B2-SegmentedRaftLog:OPENED:c-1:lastnull, conf=conf: {index: -1, cur=peers:[s0, s1, s2]|listeners:[], old=null}
2025-10-10 11:52:31,959 [HandlerDaemon-0] INFO  server.RaftServer$Division (RaftServerImpl.java:requestVote(1468)) - s2@group-76F5658665B2 replies to PRE_VOTE vote request: s0<-s2#0:OK-t0-last:<INITIAL_VALUE>. Peer's state: s2@group-76F5658665B2:t0, leader=null, voted=, raftlog=Memoized:s2@group-76F5658665B2-SegmentedRaftLog:OPENED:c-1:lastnull, conf=conf: {index: -1, cur=peers:[s0, s1, s2]|listeners:[], old=null}
2025-10-10 11:52:31,960 [s0@group-76F5658665B2-LeaderElection1] INFO  impl.LeaderElection (LeaderElection.java:logAndReturn(206)) - s0@group-76F5658665B2-LeaderElection1: PRE_VOTE PASSED received 1 response(s) and 0 exception(s):
2025-10-10 11:52:31,961 [s0@group-76F5658665B2-LeaderElection1] INFO  impl.LeaderElection (LeaderElection.java:logAndReturn(210)) -   Response 0: s0<-s1#0:OK-t0-last:<INITIAL_VALUE>
2025-10-10 11:52:31,961 [s0@group-76F5658665B2-LeaderElection1] INFO  impl.LeaderElection (LeaderElection.java:askForVotes(450)) - s0@group-76F5658665B2-LeaderElection1 PRE_VOTE round 0: result PASSED
2025-10-10 11:52:31,962 [s0@group-76F5658665B2-LeaderElection1] TRACE util.FileUtils (LogUtils.java:supplyAndLog(69)) - Successfully supplied FileChannel.open /home/runner/work/ratis/ratis/ratis-test/target/test/data/319b119c/MiniRaftClusterWithSimulatedRpc682d8ac0/s0/d5bbea78-8b68-4688-b7cf-76f5658665b2/current/raft-meta.tmp with options [CREATE, TRUNCATE_EXISTING, WRITE]: sun.nio.ch.FileChannelImpl@2af6b838
2025-10-10 11:52:31,964 [s0@group-76F5658665B2-LeaderElection1] TRACE util.FileUtils (LogUtils.java:runAndLog(49)) - Successfully ran Atomic Files.move /home/runner/work/ratis/ratis/ratis-test/target/test/data/319b119c/MiniRaftClusterWithSimulatedRpc682d8ac0/s0/d5bbea78-8b68-4688-b7cf-76f5658665b2/current/raft-meta.tmp to /home/runner/work/ratis/ratis/ratis-test/target/test/data/319b119c/MiniRaftClusterWithSimulatedRpc682d8ac0/s0/d5bbea78-8b68-4688-b7cf-76f5658665b2/current/raft-meta with options [REPLACE_EXISTING]
2025-10-10 11:52:31,964 [s0@group-76F5658665B2-LeaderElection1] INFO  impl.LeaderElection (LeaderElection.java:askForVotes(448)) - s0@group-76F5658665B2-LeaderElection1 ELECTION round 0: submit vote requests at term 1 for conf: {index: -1, cur=peers:[s0, s1, s2]|listeners:[], old=null}
2025-10-10 11:52:31,965 [s0@group-76F5658665B2-LeaderElection1] INFO  server.RaftServerConfigKeys (ConfUtils.java:logFallback(69)) - raft.server.rpc.first-election.timeout.min = 1500ms (fallback to raft.server.rpc.timeout.min)
2025-10-10 11:52:31,965 [s0@group-76F5658665B2-LeaderElection1] INFO  server.RaftServerConfigKeys (ConfUtils.java:logFallback(69)) - raft.server.rpc.first-election.timeout.max = 2000ms (fallback to raft.server.rpc.timeout.max)
2025-10-10 11:52:31,966 [HandlerDaemon-2] INFO  server.RaftServer$Division (RaftServerImpl.java:requestVote(1434)) - s1@group-76F5658665B2: receive requestVote(ELECTION, s0, group-76F5658665B2, 1, <PROTO_DEFAULT>)
2025-10-10 11:52:31,966 [HandlerDaemon-1] INFO  server.RaftServer$Division (RaftServerImpl.java:requestVote(1434)) - s2@group-76F5658665B2: receive requestVote(ELECTION, s0, group-76F5658665B2, 1, <PROTO_DEFAULT>)
2025-10-10 11:52:31,966 [HandlerDaemon-2] INFO  impl.VoteContext (VoteContext.java:log(49)) - s1@group-76F5658665B2-FOLLOWER: accept ELECTION from s0: our priority 0 <= candidate's priority 0
2025-10-10 11:52:31,967 [HandlerDaemon-1] INFO  impl.VoteContext (VoteContext.java:log(49)) - s2@group-76F5658665B2-FOLLOWER: accept ELECTION from s0: our priority 0 <= candidate's priority 0
2025-10-10 11:52:31,967 [HandlerDaemon-1] INFO  server.RaftServer$Division (RaftServerImpl.java:setRole(393)) - s2@group-76F5658665B2: changes role from  FOLLOWER to FOLLOWER at term 0 for candidate:s0
2025-10-10 11:52:31,967 [HandlerDaemon-1] INFO  impl.RoleInfo (RoleInfo.java:shutdownFollowerState(121)) - s2: shutdown s2@group-76F5658665B2-FollowerState
2025-10-10 11:52:31,968 [s2@group-76F5658665B2-FollowerState] INFO  impl.FollowerState (FollowerState.java:runImpl(170)) - s2@group-76F5658665B2-FollowerState was interrupted
2025-10-10 11:52:31,968 [HandlerDaemon-1] INFO  impl.RoleInfo (RoleInfo.java:updateAndGet(148)) - s2: start s2@group-76F5658665B2-FollowerState
2025-10-10 11:52:31,968 [HandlerDaemon-2] INFO  server.RaftServer$Division (RaftServerImpl.java:setRole(393)) - s1@group-76F5658665B2: changes role from  FOLLOWER to FOLLOWER at term 0 for candidate:s0
2025-10-10 11:52:31,969 [HandlerDaemon-2] INFO  impl.RoleInfo (RoleInfo.java:shutdownFollowerState(121)) - s1: shutdown s1@group-76F5658665B2-FollowerState
2025-10-10 11:52:31,969 [HandlerDaemon-1] INFO  server.RaftServer$Division (RaftServerImpl.java:setFirstElection(577)) - s2@group-76F5658665B2: set firstElectionSinceStartup to false for candidate:s0
2025-10-10 11:52:31,970 [HandlerDaemon-2] INFO  impl.RoleInfo (RoleInfo.java:updateAndGet(148)) - s1: start s1@group-76F5658665B2-FollowerState
2025-10-10 11:52:31,970 [HandlerDaemon-1] TRACE util.FileUtils (LogUtils.java:supplyAndLog(69)) - Successfully supplied FileChannel.open /home/runner/work/ratis/ratis/ratis-test/target/test/data/319b119c/MiniRaftClusterWithSimulatedRpc682d8ac0/s2/d5bbea78-8b68-4688-b7cf-76f5658665b2/current/raft-meta.tmp with options [CREATE, TRUNCATE_EXISTING, WRITE]: sun.nio.ch.FileChannelImpl@4eb178c7
2025-10-10 11:52:31,970 [HandlerDaemon-2] INFO  server.RaftServer$Division (RaftServerImpl.java:setFirstElection(577)) - s1@group-76F5658665B2: set firstElectionSinceStartup to false for candidate:s0
2025-10-10 11:52:31,971 [HandlerDaemon-2] TRACE util.FileUtils (LogUtils.java:supplyAndLog(69)) - Successfully supplied FileChannel.open /home/runner/work/ratis/ratis/ratis-test/target/test/data/319b119c/MiniRaftClusterWithSimulatedRpc682d8ac0/s1/d5bbea78-8b68-4688-b7cf-76f5658665b2/current/raft-meta.tmp with options [CREATE, TRUNCATE_EXISTING, WRITE]: sun.nio.ch.FileChannelImpl@5b9df988
2025-10-10 11:52:31,970 [s1@group-76F5658665B2-FollowerState] INFO  impl.FollowerState (FollowerState.java:runImpl(170)) - s1@group-76F5658665B2-FollowerState was interrupted
2025-10-10 11:52:31,972 [HandlerDaemon-1] TRACE util.FileUtils (LogUtils.java:runAndLog(49)) - Successfully ran Atomic Files.move /home/runner/work/ratis/ratis/ratis-test/target/test/data/319b119c/MiniRaftClusterWithSimulatedRpc682d8ac0/s2/d5bbea78-8b68-4688-b7cf-76f5658665b2/current/raft-meta.tmp to /home/runner/work/ratis/ratis/ratis-test/target/test/data/319b119c/MiniRaftClusterWithSimulatedRpc682d8ac0/s2/d5bbea78-8b68-4688-b7cf-76f5658665b2/current/raft-meta with options [REPLACE_EXISTING]
2025-10-10 11:52:31,973 [HandlerDaemon-1] INFO  server.RaftServer$Division (RaftServerImpl.java:requestVote(1468)) - s2@group-76F5658665B2 replies to ELECTION vote request: s0<-s2#0:OK-t1-last:<INITIAL_VALUE>. Peer's state: s2@group-76F5658665B2:t1, leader=null, voted=s0, raftlog=Memoized:s2@group-76F5658665B2-SegmentedRaftLog:OPENED:c-1:lastnull, conf=conf: {index: -1, cur=peers:[s0, s1, s2]|listeners:[], old=null}
2025-10-10 11:52:31,973 [s0@group-76F5658665B2-LeaderElection1] INFO  impl.LeaderElection (LeaderElection.java:logAndReturn(206)) - s0@group-76F5658665B2-LeaderElection1: ELECTION PASSED received 1 response(s) and 0 exception(s):
2025-10-10 11:52:31,973 [s0@group-76F5658665B2-LeaderElection1] INFO  impl.LeaderElection (LeaderElection.java:logAndReturn(210)) -   Response 0: s0<-s2#0:OK-t1-last:<INITIAL_VALUE>
2025-10-10 11:52:31,974 [HandlerDaemon-2] TRACE util.FileUtils (LogUtils.java:runAndLog(49)) - Successfully ran Atomic Files.move /home/runner/work/ratis/ratis/ratis-test/target/test/data/319b119c/MiniRaftClusterWithSimulatedRpc682d8ac0/s1/d5bbea78-8b68-4688-b7cf-76f5658665b2/current/raft-meta.tmp to /home/runner/work/ratis/ratis/ratis-test/target/test/data/319b119c/MiniRaftClusterWithSimulatedRpc682d8ac0/s1/d5bbea78-8b68-4688-b7cf-76f5658665b2/current/raft-meta with options [REPLACE_EXISTING]
2025-10-10 11:52:31,975 [HandlerDaemon-2] INFO  server.RaftServer$Division (RaftServerImpl.java:requestVote(1468)) - s1@group-76F5658665B2 replies to ELECTION vote request: s0<-s1#0:OK-t1-last:<INITIAL_VALUE>. Peer's state: s1@group-76F5658665B2:t1, leader=null, voted=s0, raftlog=Memoized:s1@group-76F5658665B2-SegmentedRaftLog:OPENED:c-1:lastnull, conf=conf: {index: -1, cur=peers:[s0, s1, s2]|listeners:[], old=null}
2025-10-10 11:52:31,975 [s0@group-76F5658665B2-LeaderElection1] INFO  impl.LeaderElection (LeaderElection.java:askForVotes(450)) - s0@group-76F5658665B2-LeaderElection1 ELECTION round 0: result PASSED
2025-10-10 11:52:31,975 [s0@group-76F5658665B2-LeaderElection1] INFO  impl.RoleInfo (RoleInfo.java:shutdownLeaderElection(141)) - s0: shutdown s0@group-76F5658665B2-LeaderElection1
2025-10-10 11:52:31,976 [s0@group-76F5658665B2-LeaderElection1] INFO  server.RaftServer$Division (RaftServerImpl.java:setRole(393)) - s0@group-76F5658665B2: changes role from CANDIDATE to LEADER at term 1 for changeToLeader
2025-10-10 11:52:31,984 [s0@group-76F5658665B2-LeaderElection1] INFO  server.RaftServerConfigKeys (ConfUtils.java:logGet(62)) - raft.server.staging.catchup.gap = 1000 (default)
2025-10-10 11:52:31,984 [s0@group-76F5658665B2-LeaderElection1] INFO  server.RaftServerConfigKeys (ConfUtils.java:logFallback(69)) - raft.server.staging.timeout = 6000ms (fallback to raft.server.rpc.timeout.max)
2025-10-10 11:52:31,989 [s0@group-76F5658665B2-LeaderElection1] INFO  server.RaftServerConfigKeys (ConfUtils.java:logGet(62)) - raft.server.write.element-limit = 4096 (default)
2025-10-10 11:52:31,990 [s0@group-76F5658665B2-LeaderElection1] INFO  server.RaftServerConfigKeys (ConfUtils.java:logGet(62)) - raft.server.write.byte-limit = 64MB (=67108864) (default)
2025-10-10 11:52:31,994 [s0@group-76F5658665B2-LeaderElection1] INFO  server.RaftServerConfigKeys (ConfUtils.java:logGet(62)) - raft.server.watch.timeout = 10s (default)
2025-10-10 11:52:31,994 [s0@group-76F5658665B2-LeaderElection1] INFO  server.RaftServerConfigKeys (ConfUtils.java:logGet(62)) - raft.server.watch.timeout.denomination = 1s (default)
2025-10-10 11:52:31,995 [s0@group-76F5658665B2-LeaderElection1] INFO  server.RaftServerConfigKeys (ConfUtils.java:logGet(62)) - raft.server.watch.element-limit = 65536 (default)
2025-10-10 11:52:32,003 [s0@group-76F5658665B2-LeaderElection1] INFO  server.RaftServerConfigKeys (ConfUtils.java:logGet(62)) - raft.server.read.leader.lease.enabled = false (default)
2025-10-10 11:52:32,005 [s0@group-76F5658665B2-LeaderElection1] INFO  server.RaftServerConfigKeys (ConfUtils.java:logGet(62)) - raft.server.read.leader.lease.timeout.ratio = 0.9 (default)
2025-10-10 11:52:32,005 [s0@group-76F5658665B2-LeaderElection1] INFO  server.RaftServerConfigKeys (ConfUtils.java:logGet(62)) - raft.server.log.log-metadata.enabled = true (default)
2025-10-10 11:52:32,006 [s0@group-76F5658665B2-LeaderElection1] INFO  server.RaftServerConfigKeys (ConfUtils.java:logGet(62)) - raft.server.write.follower.gap.ratio.max = -1.0 (default)
2025-10-10 11:52:32,015 [s0@group-76F5658665B2-LeaderElection1] INFO  server.RaftServerConfigKeys (ConfUtils.java:logGet(62)) - raft.server.log.appender.snapshot.chunk.size.max = 16MB (=16777216) (default)
2025-10-10 11:52:32,016 [s0@group-76F5658665B2-LeaderElection1] INFO  server.RaftServerConfigKeys (ConfUtils.java:logGet(62)) - raft.server.log.appender.buffer.element-limit = 0 (default)
2025-10-10 11:52:32,018 [s0@group-76F5658665B2-LeaderElection1] INFO  server.RaftServerConfigKeys (ConfUtils.java:logGet(62)) - raft.server.log.appender.wait-time.min = 1ms (default)
2025-10-10 11:52:32,019 [s0@group-76F5658665B2-LeaderElection1] INFO  impl.RoleInfo (RoleInfo.java:updateAndGet(148)) - s0: start s0@group-76F5658665B2-LeaderStateImpl
2025-10-10 11:52:32,019 [s0@group-76F5658665B2-LeaderElection1] INFO  server.RaftServer$Division (RaftServerImpl.java:setFirstElection(577)) - s0@group-76F5658665B2: set firstElectionSinceStartup to false for becomeLeader
2025-10-10 11:52:32,019 [s0@group-76F5658665B2-LeaderElection1] INFO  server.RaftServer$Division (ServerState.java:setLeader(278)) - s0@group-76F5658665B2: change Leader from null to s0 at term 1 for becomeLeader, leader elected after 1690ms
2025-10-10 11:52:32,036 [s0@group-76F5658665B2-LeaderElection1] INFO  segmented.SegmentedRaftLogWorker (SegmentedRaftLogWorker.java:startLogSegment(440)) - s0@group-76F5658665B2-SegmentedRaftLogWorker: Starting segment from index:0
2025-10-10 11:52:32,063 [s0@group-76F5658665B2-LeaderElection1] INFO  server.RaftServer$Division (ServerState.java:setRaftConf(392)) - s0@group-76F5658665B2: set configuration conf: {index: 0, cur=peers:[s0, s1, s2]|listeners:[], old=null}
2025-10-10 11:52:32,075 [HandlerDaemon-2] INFO  server.RaftServer$Division (ServerState.java:setLeader(278)) - s2@group-76F5658665B2: change Leader from null to s0 at term 1 for APPEND_ENTRIES, leader elected after 1708ms
2025-10-10 11:52:32,076 [HandlerDaemon-0] INFO  server.RaftServer$Division (ServerState.java:setLeader(278)) - s1@group-76F5658665B2: change Leader from null to s0 at term 1 for APPEND_ENTRIES, leader elected after 1728ms
2025-10-10 11:52:32,080 [s0@group-76F5658665B2-SegmentedRaftLogWorker] INFO  segmented.BufferedWriteChannel (BufferedWriteChannel.java:open(61)) - open log_inprogress_0 at position 0
2025-10-10 11:52:32,089 [s0@group-76F5658665B2-SegmentedRaftLogWorker] INFO  segmented.SegmentedRaftLogWorker (SegmentedRaftLogWorker.java:execute(647)) - s0@group-76F5658665B2-SegmentedRaftLogWorker: created new log segment /home/runner/work/ratis/ratis/ratis-test/target/test/data/319b119c/MiniRaftClusterWithSimulatedRpc682d8ac0/s0/d5bbea78-8b68-4688-b7cf-76f5658665b2/current/log_inprogress_0
2025-10-10 11:52:32,235 [HandlerDaemon-1] DEBUG server.RaftServer$Division (RaftServerImpl.java:logAppendEntries(1537)) - s1@group-76F5658665B2: appendEntries* s0->s1#11-t1,previous=<PROTO_DEFAULT>,leaderCommit=-1,initializing? false,entries: size=1, first=(t:1, i:0), CONFIGURATIONENTRY(current:id:"s0"startupRole:FOLLOWER, id:"s1"startupRole:FOLLOWER, id:"s2"startupRole:FOLLOWER, old:)
2025-10-10 11:52:32,236 [HandlerDaemon-0] DEBUG server.RaftServer$Division (RaftServerImpl.java:logAppendEntries(1537)) - s2@group-76F5658665B2: appendEntries* s0->s2#10-t1,previous=<PROTO_DEFAULT>,leaderCommit=-1,initializing? false,entries: size=1, first=(t:1, i:0), CONFIGURATIONENTRY(current:id:"s0"startupRole:FOLLOWER, id:"s1"startupRole:FOLLOWER, id:"s2"startupRole:FOLLOWER, old:)
2025-10-10 11:52:32,237 [HandlerDaemon-0] INFO  server.RaftServer$Division (ServerState.java:setRaftConf(392)) - s2@group-76F5658665B2: set configuration conf: {index: 0, cur=peers:[s0|, s1|, s2|]|listeners:[], old=null}
2025-10-10 11:52:32,238 [HandlerDaemon-1] INFO  server.RaftServer$Division (ServerState.java:setRaftConf(392)) - s1@group-76F5658665B2: set configuration conf: {index: 0, cur=peers:[s0|, s1|, s2|]|listeners:[], old=null}
2025-10-10 11:52:32,242 [s1-server-thread1] INFO  segmented.SegmentedRaftLogWorker (SegmentedRaftLogWorker.java:startLogSegment(440)) - s1@group-76F5658665B2-SegmentedRaftLogWorker: Starting segment from index:0
2025-10-10 11:52:32,243 [s2-server-thread1] INFO  segmented.SegmentedRaftLogWorker (SegmentedRaftLogWorker.java:startLogSegment(440)) - s2@group-76F5658665B2-SegmentedRaftLogWorker: Starting segment from index:0
2025-10-10 11:52:32,244 [s2@group-76F5658665B2-SegmentedRaftLogWorker] INFO  segmented.BufferedWriteChannel (BufferedWriteChannel.java:open(61)) - open log_inprogress_0 at position 0
2025-10-10 11:52:32,244 [s1@group-76F5658665B2-SegmentedRaftLogWorker] INFO  segmented.BufferedWriteChannel (BufferedWriteChannel.java:open(61)) - open log_inprogress_0 at position 0
2025-10-10 11:52:32,251 [s1@group-76F5658665B2-SegmentedRaftLogWorker] INFO  segmented.SegmentedRaftLogWorker (SegmentedRaftLogWorker.java:execute(647)) - s1@group-76F5658665B2-SegmentedRaftLogWorker: created new log segment /home/runner/work/ratis/ratis/ratis-test/target/test/data/319b119c/MiniRaftClusterWithSimulatedRpc682d8ac0/s1/d5bbea78-8b68-4688-b7cf-76f5658665b2/current/log_inprogress_0
2025-10-10 11:52:32,251 [s2@group-76F5658665B2-SegmentedRaftLogWorker] INFO  segmented.SegmentedRaftLogWorker (SegmentedRaftLogWorker.java:execute(647)) - s2@group-76F5658665B2-SegmentedRaftLogWorker: created new log segment /home/runner/work/ratis/ratis/ratis-test/target/test/data/319b119c/MiniRaftClusterWithSimulatedRpc682d8ac0/s2/d5bbea78-8b68-4688-b7cf-76f5658665b2/current/log_inprogress_0
2025-10-10 11:52:32,253 [s2-server-thread1] DEBUG server.RaftServer$Division (RaftServerImpl.java:logAppendEntries(1537)) - s2@group-76F5658665B2: appendEntries* reply s0<-s2#10:OK-t1,SUCCESS,nextIndex=1,followerCommit=-1,matchIndex=0
2025-10-10 11:52:32,253 [s1-server-thread1] DEBUG server.RaftServer$Division (RaftServerImpl.java:logAppendEntries(1537)) - s1@group-76F5658665B2: appendEntries* reply s0<-s1#11:OK-t1,SUCCESS,nextIndex=1,followerCommit=-1,matchIndex=0
2025-10-10 11:52:32,258 [s0@group-76F5658665B2-StateMachineUpdater] TRACE util.FileUtils (LogUtils.java:supplyAndLog(69)) - Successfully supplied FileChannel.open /home/runner/work/ratis/ratis/ratis-test/target/test/data/319b119c/MiniRaftClusterWithSimulatedRpc682d8ac0/s0/d5bbea78-8b68-4688-b7cf-76f5658665b2/current/raft-meta.conf.tmp with options [CREATE, TRUNCATE_EXISTING, WRITE]: sun.nio.ch.FileChannelImpl@9fa4212
2025-10-10 11:52:32,260 [s0@group-76F5658665B2-StateMachineUpdater] TRACE util.FileUtils (LogUtils.java:runAndLog(49)) - Successfully ran Atomic Files.move /home/runner/work/ratis/ratis/ratis-test/target/test/data/319b119c/MiniRaftClusterWithSimulatedRpc682d8ac0/s0/d5bbea78-8b68-4688-b7cf-76f5658665b2/current/raft-meta.conf.tmp to /home/runner/work/ratis/ratis/ratis-test/target/test/data/319b119c/MiniRaftClusterWithSimulatedRpc682d8ac0/s0/d5bbea78-8b68-4688-b7cf-76f5658665b2/current/raft-meta.conf with options [REPLACE_EXISTING]
2025-10-10 11:52:32,261 [s0@group-76F5658665B2-StateMachineUpdater] INFO  server.RaftServer$Division (LeaderStateImpl.java:checkStartIndex(309)) - Leader s0@group-76F5658665B2-LeaderStateImpl is ready since appliedIndex == startIndex == 0
2025-10-10 11:52:33,008 [s1@group-76F5658665B2-StateMachineUpdater] TRACE util.FileUtils (LogUtils.java:supplyAndLog(69)) - Successfully supplied FileChannel.open /home/runner/work/ratis/ratis/ratis-test/target/test/data/319b119c/MiniRaftClusterWithSimulatedRpc682d8ac0/s1/d5bbea78-8b68-4688-b7cf-76f5658665b2/current/raft-meta.conf.tmp with options [CREATE, TRUNCATE_EXISTING, WRITE]: sun.nio.ch.FileChannelImpl@203f737e
2025-10-10 11:52:33,008 [s2@group-76F5658665B2-StateMachineUpdater] TRACE util.FileUtils (LogUtils.java:supplyAndLog(69)) - Successfully supplied FileChannel.open /home/runner/work/ratis/ratis/ratis-test/target/test/data/319b119c/MiniRaftClusterWithSimulatedRpc682d8ac0/s2/d5bbea78-8b68-4688-b7cf-76f5658665b2/current/raft-meta.conf.tmp with options [CREATE, TRUNCATE_EXISTING, WRITE]: sun.nio.ch.FileChannelImpl@3599d77e
2025-10-10 11:52:33,010 [s1@group-76F5658665B2-StateMachineUpdater] TRACE util.FileUtils (LogUtils.java:runAndLog(49)) - Successfully ran Atomic Files.move /home/runner/work/ratis/ratis/ratis-test/target/test/data/319b119c/MiniRaftClusterWithSimulatedRpc682d8ac0/s1/d5bbea78-8b68-4688-b7cf-76f5658665b2/current/raft-meta.conf.tmp to /home/runner/work/ratis/ratis/ratis-test/target/test/data/319b119c/MiniRaftClusterWithSimulatedRpc682d8ac0/s1/d5bbea78-8b68-4688-b7cf-76f5658665b2/current/raft-meta.conf with options [REPLACE_EXISTING]
2025-10-10 11:52:33,010 [s2@group-76F5658665B2-StateMachineUpdater] TRACE util.FileUtils (LogUtils.java:runAndLog(49)) - Successfully ran Atomic Files.move /home/runner/work/ratis/ratis/ratis-test/target/test/data/319b119c/MiniRaftClusterWithSimulatedRpc682d8ac0/s2/d5bbea78-8b68-4688-b7cf-76f5658665b2/current/raft-meta.conf.tmp to /home/runner/work/ratis/ratis/ratis-test/target/test/data/319b119c/MiniRaftClusterWithSimulatedRpc682d8ac0/s2/d5bbea78-8b68-4688-b7cf-76f5658665b2/current/raft-meta.conf with options [REPLACE_EXISTING]
2025-10-10 11:52:33,387 [main] INFO  ratis.RaftTestUtil (RaftTestUtil.java:waitForLeader(131)) - printing ALL groups
  s0:  RUNNING    LEADER (RUNNING): s0@group-76F5658665B2:t1, leader=s0, voted=s0, raftlog=Memoized:s0@group-76F5658665B2-SegmentedRaftLog:OPENED:c0:last(t:1, i:0), conf=conf: {index: 0, cur=peers:[s0, s1, s2]|listeners:[], old=null}
  s1:  RUNNING  FOLLOWER (RUNNING): s1@group-76F5658665B2:t1, leader=s0, voted=s0, raftlog=Memoized:s1@group-76F5658665B2-SegmentedRaftLog:OPENED:c0:last(t:1, i:0), conf=conf: {index: 0, cur=peers:[s0|, s1|, s2|]|listeners:[], old=null}
  s2:  RUNNING  FOLLOWER (RUNNING): s2@group-76F5658665B2:t1, leader=s0, voted=s0, raftlog=Memoized:s2@group-76F5658665B2-SegmentedRaftLog:OPENED:c0:last(t:1, i:0), conf=conf: {index: 0, cur=peers:[s0|, s1|, s2|]|listeners:[], old=null}
2025-10-10 11:52:34,389 [main] INFO  impl.GroupManagementBaseTest (GroupManagementBaseTest.java:testSingleGroupRestart(208)) - restart servers
2025-10-10 11:52:34,389 [main] INFO  impl.MiniRaftCluster (MiniRaftCluster.java:killServer(496)) - killServer s0
2025-10-10 11:52:34,389 [main] INFO  server.RaftServer (RaftServerProxy.java:lambda$close$9(425)) - s0: close
2025-10-10 11:52:34,390 [s0-impl-thread1] INFO  server.RaftServer$Division (RaftServerImpl.java:lambda$close$1(528)) - s0@group-76F5658665B2: shutdown
2025-10-10 11:52:34,390 [HandlerDaemon-1] INFO  simulation.RequestHandler (RequestHandler.java:run(127)) - s0.clientHandler1 is interrupted by java.io.InterruptedIOException: 
2025-10-10 11:52:34,390 [HandlerDaemon-2] INFO  simulation.RequestHandler (RequestHandler.java:run(127)) - s0.clientHandler2 is interrupted by java.io.InterruptedIOException: 
2025-10-10 11:52:34,390 [HandlerDaemon-0] INFO  simulation.RequestHandler (RequestHandler.java:run(127)) - s0.clientHandler0 is interrupted by java.io.InterruptedIOException: 
2025-10-10 11:52:34,390 [s0-impl-thread1] INFO  util.JmxRegister (JmxRegister.java:unregister(74)) - Successfully un-registered JMX Bean with object name Ratis:service=RaftServer,group=group-76F5658665B2,id=s0
2025-10-10 11:52:34,392 [s0-impl-thread1] INFO  impl.RoleInfo (RoleInfo.java:shutdownLeaderState(103)) - s0: shutdown s0@group-76F5658665B2-LeaderStateImpl
2025-10-10 11:52:34,393 [HandlerDaemon-0] INFO  simulation.RequestHandler (RequestHandler.java:run(127)) - s0.serverHandler0 is interrupted by java.io.InterruptedIOException: 
2025-10-10 11:52:34,393 [HandlerDaemon-1] INFO  simulation.RequestHandler (RequestHandler.java:run(127)) - s0.serverHandler1 is interrupted by java.io.InterruptedIOException: 
2025-10-10 11:52:34,393 [s0@group-76F5658665B2->s1-LogAppenderDefault-LogAppenderDaemon] INFO  leader.LogAppenderDaemon (LogAppenderDaemon.java:run(85)) - s0@group-76F5658665B2->s1-LogAppenderDefault-LogAppenderDaemon was interrupted: java.lang.InterruptedException
2025-10-10 11:52:34,393 [s0-impl-thread1] INFO  impl.PendingRequests (PendingRequests.java:sendNotLeaderResponses(281)) - s0@group-76F5658665B2-PendingRequests: sendNotLeaderResponses
2025-10-10 11:52:34,393 [s0@group-76F5658665B2->s2-LogAppenderDefault-LogAppenderDaemon] INFO  leader.LogAppenderDaemon (LogAppenderDaemon.java:run(85)) - s0@group-76F5658665B2->s2-LogAppenderDefault-LogAppenderDaemon was interrupted: java.lang.InterruptedException
2025-10-10 11:52:34,393 [HandlerDaemon-2] INFO  simulation.RequestHandler (RequestHandler.java:run(127)) - s0.serverHandler2 is interrupted by java.io.InterruptedIOException: 
2025-10-10 11:52:34,397 [s0-impl-thread1] INFO  impl.StateMachineUpdater (StateMachineUpdater.java:stopAndJoin(163)) - s0@group-76F5658665B2-StateMachineUpdater: set stopIndex = 0
2025-10-10 11:52:34,397 [s0@group-76F5658665B2-StateMachineUpdater] INFO  impl.StateMachineUpdater (StateMachineUpdater.java:stop(140)) - s0@group-76F5658665B2-StateMachineUpdater: closing BaseStateMachine, lastApplied=(t:1, i:0)
2025-10-10 11:52:34,397 [s0@group-76F5658665B2-cacheEviction-AwaitToRun] INFO  util.AwaitToRun (AwaitToRun.java:run(49)) - s0@group-76F5658665B2-cacheEviction-AwaitToRun-AwaitForSignal is interrupted
2025-10-10 11:52:35,100 [s0-impl-thread1] INFO  segmented.SegmentedRaftLogWorker (SegmentedRaftLogWorker.java:close(254)) - s0@group-76F5658665B2-SegmentedRaftLogWorker close()
2025-10-10 11:52:35,102 [JvmPauseMonitor2] INFO  util.JvmPauseMonitor (JvmPauseMonitor.java:run(152)) - JvmPauseMonitor-s0: Stopped
2025-10-10 11:52:35,102 [main] INFO  impl.MiniRaftCluster (MiniRaftCluster.java:newRaftServer(376)) - newRaftServer: s0, null, format? false
2025-10-10 11:52:35,103 [main] DEBUG server.RaftServer (ServerImplUtils.java:newRaftServer(172)) - newRaftServer: s0, null
2025-10-10 11:52:35,103 [main] INFO  server.RaftServer (VersionInfo.java:printStartupMessages(132)) - Starting Apache Ratis Test -- RaftServerProxy s0
2025-10-10 11:52:35,103 [main] INFO  server.RaftServer (VersionInfo.java:printStartupMessages(136)) -                version: 3.1.3
2025-10-10 11:52:35,104 [main] INFO  server.RaftServer (VersionInfo.java:printStartupMessages(136)) -                    url: https://github.com/apache/ratis
2025-10-10 11:52:35,104 [main] INFO  server.RaftServer (VersionInfo.java:printStartupMessages(136)) -               revision: fd9ca3ab389b19913d3754459d6ee9a5ba33189b
2025-10-10 11:52:35,104 [main] INFO  server.RaftServer (VersionInfo.java:printStartupMessages(139)) -                   java: OpenJDK 64-Bit Server VM 1.8.0_462-b08
2025-10-10 11:52:35,104 [main] INFO  server.RaftServer (VersionInfo.java:printStartupMessages(139)) -                   user: runner
2025-10-10 11:52:35,105 [main] INFO  server.RaftServerConfigKeys (ConfUtils.java:logGet(62)) - raft.server.storage.dir = [/home/runner/work/ratis/ratis/ratis-test/target/test/data/319b119c/MiniRaftClusterWithSimulatedRpc682d8ac0/s0] (custom)
2025-10-10 11:52:35,106 [s0-impl-thread1] INFO  server.RaftServer (RaftServerProxy.java:initGroupDir(273)) - s0: found a subdirectory /home/runner/work/ratis/ratis/ratis-test/target/test/data/319b119c/MiniRaftClusterWithSimulatedRpc682d8ac0/s0/d5bbea78-8b68-4688-b7cf-76f5658665b2
2025-10-10 11:52:35,106 [s0-impl-thread1] INFO  server.RaftServer (RaftServerProxy.java:addNew(106)) - s0: addNew group-76F5658665B2:[] returns group-76F5658665B2:java.util.concurrent.CompletableFuture@583bb5bf[Not completed]
2025-10-10 11:52:35,107 [s0-groupManagement] INFO  server.RaftServer$Division (RaftServerImpl.java:<init>(269)) - s0: new RaftServerImpl for group-76F5658665B2:[] with BaseStateMachine-7:uninitialized
2025-10-10 11:52:35,107 [s0-groupManagement] INFO  server.RaftServer$Division (ServerState.java:<init>(115)) - s0@group-76F5658665B2: ConfigurationManager, init=conf: {index: -1, cur=peers:[]|listeners:[], old=null}, confs=<EMPTY_MAP>
2025-10-10 11:52:35,112 [s0-impl-thread1] INFO  storage.RaftStorageDirectory (RaftStorageDirectoryImpl.java:tryLock(229)) - Lock on /home/runner/work/ratis/ratis/ratis-test/target/test/data/319b119c/MiniRaftClusterWithSimulatedRpc682d8ac0/s0/d5bbea78-8b68-4688-b7cf-76f5658665b2/in_use.lock acquired by nodename 9833@runnervmwhb2z
2025-10-10 11:52:35,112 [s0-impl-thread1] TRACE util.FileUtils (LogUtils.java:runAndLog(49)) - Successfully ran Files.deleteIfExists /home/runner/work/ratis/ratis/ratis-test/target/test/data/319b119c/MiniRaftClusterWithSimulatedRpc682d8ac0/s0/d5bbea78-8b68-4688-b7cf-76f5658665b2/current/raft-meta.tmp
2025-10-10 11:52:35,112 [s0-impl-thread1] TRACE util.FileUtils (LogUtils.java:supplyAndLog(69)) - Successfully supplied Files.newInputStream /home/runner/work/ratis/ratis/ratis-test/target/test/data/319b119c/MiniRaftClusterWithSimulatedRpc682d8ac0/s0/d5bbea78-8b68-4688-b7cf-76f5658665b2/current/raft-meta with options []: sun.nio.ch.ChannelInputStream@5c042a60
2025-10-10 11:52:35,113 [s0-impl-thread1] INFO  storage.RaftStorage (RaftStorageImpl.java:analyzeAndRecoverStorage(118)) - Read RaftStorageMetadata{term=1, votedFor=s0} from /home/runner/work/ratis/ratis/ratis-test/target/test/data/319b119c/MiniRaftClusterWithSimulatedRpc682d8ac0/s0/d5bbea78-8b68-4688-b7cf-76f5658665b2/current/raft-meta
2025-10-10 11:52:35,113 [s0-impl-thread1] TRACE util.FileUtils (LogUtils.java:supplyAndLog(69)) - Successfully supplied Files.newInputStream /home/runner/work/ratis/ratis/ratis-test/target/test/data/319b119c/MiniRaftClusterWithSimulatedRpc682d8ac0/s0/d5bbea78-8b68-4688-b7cf-76f5658665b2/current/raft-meta.conf with options []: sun.nio.ch.ChannelInputStream@1906bf84
2025-10-10 11:52:35,115 [s0-impl-thread1] INFO  server.RaftServer$Division (ServerState.java:setRaftConf(392)) - s0@group-76F5658665B2: set configuration conf: {index: 0, cur=peers:[s0|, s1|, s2|]|listeners:[], old=null}
2025-10-10 11:52:35,115 [s0-impl-thread1] INFO  server.RaftServer$Division (ServerState.java:getSnapshotIndexFromStateMachine(155)) - s0@group-76F5658665B2: getLatestSnapshot(BaseStateMachine-7:s0:group-76F5658665B2) returns null
2025-10-10 11:52:35,115 [s0-impl-thread1] INFO  raftlog.RaftLog (RaftLogBase.java:<init>(90)) - s0@group-76F5658665B2-SegmentedRaftLog: snapshotIndexFromStateMachine = -1
2025-10-10 11:52:35,117 [s0-impl-thread1] INFO  util.AwaitToRun (AwaitToRun.java:start(81)) - Thread[s0@group-76F5658665B2-cacheEviction-AwaitToRun,5,main] started
2025-10-10 11:52:35,117 [s0-impl-thread1] INFO  segmented.SegmentedRaftLogWorker (SegmentedRaftLogWorker.java:<init>(190)) - new s0@group-76F5658665B2-SegmentedRaftLogWorker for RaftStorageImpl:Storage Directory /home/runner/work/ratis/ratis/ratis-test/target/test/data/319b119c/MiniRaftClusterWithSimulatedRpc682d8ac0/s0/d5bbea78-8b68-4688-b7cf-76f5658665b2
2025-10-10 11:52:35,125 [s0-impl-thread1] TRACE util.FileUtils (LogUtils.java:supplyAndLog(69)) - Successfully supplied Files.newInputStream /home/runner/work/ratis/ratis/ratis-test/target/test/data/319b119c/MiniRaftClusterWithSimulatedRpc682d8ac0/s0/d5bbea78-8b68-4688-b7cf-76f5658665b2/current/log_inprogress_0 with options []: sun.nio.ch.ChannelInputStream@422f2600
2025-10-10 11:52:35,127 [s0-impl-thread1] INFO  server.RaftServer$Division (ServerState.java:setRaftConf(392)) - s0@group-76F5658665B2: set configuration conf: {index: 0, cur=peers:[s0|, s1|, s2|]|listeners:[], old=null}
2025-10-10 11:52:35,127 [s0-impl-thread1] INFO  segmented.LogSegment (LogSegment.java:loadSegment(171)) - Successfully read 1 entries from segment file /home/runner/work/ratis/ratis/ratis-test/target/test/data/319b119c/MiniRaftClusterWithSimulatedRpc682d8ac0/s0/d5bbea78-8b68-4688-b7cf-76f5658665b2/current/log_inprogress_0
2025-10-10 11:52:35,127 [s0-impl-thread1] INFO  segmented.SegmentedRaftLogWorker (SegmentedRaftLogWorker.java:lambda$new$0(141)) - s0@group-76F5658665B2-SegmentedRaftLogWorker: safeCacheEvictIndex: setUnconditionally 0 -> -1
2025-10-10 11:52:35,128 [s0-impl-thread1] INFO  segmented.BufferedWriteChannel (BufferedWriteChannel.java:open(61)) - open log_inprogress_0 (append) at position 41
2025-10-10 11:52:35,128 [s0-impl-thread1] INFO  server.RaftServer$Division (RaftServerImpl.java:start(406)) - s0@group-76F5658665B2: start as a follower, conf=conf: {index: 0, cur=peers:[s0|, s1|, s2|]|listeners:[], old=null}
2025-10-10 11:52:35,128 [s0-impl-thread1] INFO  server.RaftServer$Division (RaftServerImpl.java:setRole(393)) - s0@group-76F5658665B2: changes role from      null to FOLLOWER at term 1 for startAsFollower
2025-10-10 11:52:35,128 [s0-impl-thread1] INFO  impl.RoleInfo (RoleInfo.java:updateAndGet(148)) - s0: start s0@group-76F5658665B2-FollowerState
2025-10-10 11:52:35,129 [s0-impl-thread1] INFO  util.JmxRegister (JmxRegister.java:tryRegister(44)) - Successfully registered JMX Bean with object name Ratis:service=RaftServer,group=group-76F5658665B2,id=s0
2025-10-10 11:52:35,129 [s0-impl-thread1] INFO  util.JmxRegister (JmxRegister.java:register(58)) - register mxBean class org.apache.ratis.server.impl.RaftServerJmxAdapter as Ratis:service=RaftServer,group=group-76F5658665B2,id=s0
2025-10-10 11:52:35,129 [s0@group-76F5658665B2-FollowerState] INFO  server.RaftServerConfigKeys (ConfUtils.java:logFallback(69)) - raft.server.rpc.first-election.timeout.min = 1500ms (fallback to raft.server.rpc.timeout.min)
2025-10-10 11:52:35,130 [s0@group-76F5658665B2-FollowerState] INFO  server.RaftServerConfigKeys (ConfUtils.java:logFallback(69)) - raft.server.rpc.first-election.timeout.max = 2000ms (fallback to raft.server.rpc.timeout.max)
2025-10-10 11:52:35,130 [s0-impl-thread1] INFO  server.RaftServer$Division (RaftServerImpl.java:start(420)) - s0@group-76F5658665B2: Successfully started.
2025-10-10 11:52:35,130 [main] INFO  server.RaftServer (RaftServerProxy.java:startImpl(415)) - s0: start RPC server
2025-10-10 11:52:35,132 [main] INFO  impl.MiniRaftCluster (MiniRaftCluster.java:killServer(496)) - killServer s1
2025-10-10 11:52:35,132 [main] INFO  server.RaftServer (RaftServerProxy.java:lambda$close$9(425)) - s1: close
2025-10-10 11:52:35,132 [JvmPauseMonitor5] INFO  util.JvmPauseMonitor (JvmPauseMonitor.java:run(146)) - JvmPauseMonitor-s0: Started
2025-10-10 11:52:35,132 [HandlerDaemon-2] INFO  simulation.RequestHandler (RequestHandler.java:run(127)) - s1.clientHandler2 is interrupted by java.io.InterruptedIOException: 
2025-10-10 11:52:35,133 [HandlerDaemon-1] INFO  simulation.RequestHandler (RequestHandler.java:run(127)) - s1.clientHandler1 is interrupted by java.io.InterruptedIOException: 
2025-10-10 11:52:35,133 [HandlerDaemon-0] INFO  simulation.RequestHandler (RequestHandler.java:run(127)) - s1.clientHandler0 is interrupted by java.io.InterruptedIOException: 
2025-10-10 11:52:35,133 [s1-impl-thread1] INFO  server.RaftServer$Division (RaftServerImpl.java:lambda$close$1(528)) - s1@group-76F5658665B2: shutdown
2025-10-10 11:52:35,134 [HandlerDaemon-1] INFO  simulation.RequestHandler (RequestHandler.java:run(127)) - s1.serverHandler1 is interrupted by java.io.InterruptedIOException: 
2025-10-10 11:52:35,134 [HandlerDaemon-0] INFO  simulation.RequestHandler (RequestHandler.java:run(127)) - s1.serverHandler0 is interrupted by java.io.InterruptedIOException: 
2025-10-10 11:52:35,135 [HandlerDaemon-2] INFO  simulation.RequestHandler (RequestHandler.java:run(127)) - s1.serverHandler2 is interrupted by java.io.InterruptedIOException: 
2025-10-10 11:52:35,134 [s1-impl-thread1] INFO  util.JmxRegister (JmxRegister.java:unregister(74)) - Successfully un-registered JMX Bean with object name Ratis:service=RaftServer,group=group-76F5658665B2,id=s1
2025-10-10 11:52:35,135 [s1-impl-thread1] INFO  impl.RoleInfo (RoleInfo.java:shutdownFollowerState(121)) - s1: shutdown s1@group-76F5658665B2-FollowerState
2025-10-10 11:52:35,135 [s1-impl-thread1] INFO  impl.StateMachineUpdater (StateMachineUpdater.java:stopAndJoin(163)) - s1@group-76F5658665B2-StateMachineUpdater: set stopIndex = 0
2025-10-10 11:52:35,136 [s1@group-76F5658665B2-FollowerState] INFO  impl.FollowerState (FollowerState.java:runImpl(170)) - s1@group-76F5658665B2-FollowerState was interrupted
2025-10-10 11:52:35,136 [s1@group-76F5658665B2-StateMachineUpdater] INFO  impl.StateMachineUpdater (StateMachineUpdater.java:stop(140)) - s1@group-76F5658665B2-StateMachineUpdater: closing BaseStateMachine, lastApplied=(t:1, i:0)
2025-10-10 11:52:35,136 [s1@group-76F5658665B2-cacheEviction-AwaitToRun] INFO  util.AwaitToRun (AwaitToRun.java:run(49)) - s1@group-76F5658665B2-cacheEviction-AwaitToRun-AwaitForSignal is interrupted
2025-10-10 11:52:35,255 [s1-impl-thread1] INFO  segmented.SegmentedRaftLogWorker (SegmentedRaftLogWorker.java:close(254)) - s1@group-76F5658665B2-SegmentedRaftLogWorker close()
2025-10-10 11:52:35,258 [JvmPauseMonitor3] INFO  util.JvmPauseMonitor (JvmPauseMonitor.java:run(152)) - JvmPauseMonitor-s1: Stopped
2025-10-10 11:52:35,259 [main] INFO  impl.MiniRaftCluster (MiniRaftCluster.java:newRaftServer(376)) - newRaftServer: s1, null, format? false
2025-10-10 11:52:35,259 [main] DEBUG server.RaftServer (ServerImplUtils.java:newRaftServer(172)) - newRaftServer: s1, null
2025-10-10 11:52:35,260 [main] INFO  server.RaftServer (VersionInfo.java:printStartupMessages(132)) - Starting Apache Ratis Test -- RaftServerProxy s1
2025-10-10 11:52:35,260 [main] INFO  server.RaftServer (VersionInfo.java:printStartupMessages(136)) -                version: 3.1.3
2025-10-10 11:52:35,260 [main] INFO  server.RaftServer (VersionInfo.java:printStartupMessages(136)) -                    url: https://github.com/apache/ratis
2025-10-10 11:52:35,260 [main] INFO  server.RaftServer (VersionInfo.java:printStartupMessages(136)) -               revision: fd9ca3ab389b19913d3754459d6ee9a5ba33189b
2025-10-10 11:52:35,260 [main] INFO  server.RaftServer (VersionInfo.java:printStartupMessages(139)) -                   java: OpenJDK 64-Bit Server VM 1.8.0_462-b08
2025-10-10 11:52:35,261 [main] INFO  server.RaftServer (VersionInfo.java:printStartupMessages(139)) -                   user: runner
2025-10-10 11:52:35,261 [main] INFO  server.RaftServerConfigKeys (ConfUtils.java:logGet(62)) - raft.server.storage.dir = [/home/runner/work/ratis/ratis/ratis-test/target/test/data/319b119c/MiniRaftClusterWithSimulatedRpc682d8ac0/s1] (custom)
2025-10-10 11:52:35,262 [s1-impl-thread1] INFO  server.RaftServer (RaftServerProxy.java:initGroupDir(273)) - s1: found a subdirectory /home/runner/work/ratis/ratis/ratis-test/target/test/data/319b119c/MiniRaftClusterWithSimulatedRpc682d8ac0/s1/d5bbea78-8b68-4688-b7cf-76f5658665b2
2025-10-10 11:52:35,262 [s1-impl-thread1] INFO  server.RaftServer (RaftServerProxy.java:addNew(106)) - s1: addNew group-76F5658665B2:[] returns group-76F5658665B2:java.util.concurrent.CompletableFuture@5a0201b1[Not completed]
2025-10-10 11:52:35,263 [s1-groupManagement] INFO  server.RaftServer$Division (RaftServerImpl.java:<init>(269)) - s1: new RaftServerImpl for group-76F5658665B2:[] with BaseStateMachine-8:uninitialized
2025-10-10 11:52:35,263 [s1-groupManagement] INFO  server.RaftServer$Division (ServerState.java:<init>(115)) - s1@group-76F5658665B2: ConfigurationManager, init=conf: {index: -1, cur=peers:[]|listeners:[], old=null}, confs=<EMPTY_MAP>
2025-10-10 11:52:35,267 [s1-impl-thread1] INFO  storage.RaftStorageDirectory (RaftStorageDirectoryImpl.java:tryLock(229)) - Lock on /home/runner/work/ratis/ratis/ratis-test/target/test/data/319b119c/MiniRaftClusterWithSimulatedRpc682d8ac0/s1/d5bbea78-8b68-4688-b7cf-76f5658665b2/in_use.lock acquired by nodename 9833@runnervmwhb2z
2025-10-10 11:52:35,267 [s1-impl-thread1] TRACE util.FileUtils (LogUtils.java:runAndLog(49)) - Successfully ran Files.deleteIfExists /home/runner/work/ratis/ratis/ratis-test/target/test/data/319b119c/MiniRaftClusterWithSimulatedRpc682d8ac0/s1/d5bbea78-8b68-4688-b7cf-76f5658665b2/current/raft-meta.tmp
2025-10-10 11:52:35,267 [s1-impl-thread1] TRACE util.FileUtils (LogUtils.java:supplyAndLog(69)) - Successfully supplied Files.newInputStream /home/runner/work/ratis/ratis/ratis-test/target/test/data/319b119c/MiniRaftClusterWithSimulatedRpc682d8ac0/s1/d5bbea78-8b68-4688-b7cf-76f5658665b2/current/raft-meta with options []: sun.nio.ch.ChannelInputStream@5e3d9e29
2025-10-10 11:52:35,268 [s1-impl-thread1] INFO  storage.RaftStorage (RaftStorageImpl.java:analyzeAndRecoverStorage(118)) - Read RaftStorageMetadata{term=1, votedFor=s0} from /home/runner/work/ratis/ratis/ratis-test/target/test/data/319b119c/MiniRaftClusterWithSimulatedRpc682d8ac0/s1/d5bbea78-8b68-4688-b7cf-76f5658665b2/current/raft-meta
2025-10-10 11:52:35,268 [s1-impl-thread1] TRACE util.FileUtils (LogUtils.java:supplyAndLog(69)) - Successfully supplied Files.newInputStream /home/runner/work/ratis/ratis/ratis-test/target/test/data/319b119c/MiniRaftClusterWithSimulatedRpc682d8ac0/s1/d5bbea78-8b68-4688-b7cf-76f5658665b2/current/raft-meta.conf with options []: sun.nio.ch.ChannelInputStream@1b3f0b8a
2025-10-10 11:52:35,268 [s1-impl-thread1] INFO  server.RaftServer$Division (ServerState.java:setRaftConf(392)) - s1@group-76F5658665B2: set configuration conf: {index: 0, cur=peers:[s0|, s1|, s2|]|listeners:[], old=null}
2025-10-10 11:52:35,268 [s1-impl-thread1] INFO  server.RaftServer$Division (ServerState.java:getSnapshotIndexFromStateMachine(155)) - s1@group-76F5658665B2: getLatestSnapshot(BaseStateMachine-8:s1:group-76F5658665B2) returns null
2025-10-10 11:52:35,269 [s1-impl-thread1] INFO  raftlog.RaftLog (RaftLogBase.java:<init>(90)) - s1@group-76F5658665B2-SegmentedRaftLog: snapshotIndexFromStateMachine = -1
2025-10-10 11:52:35,270 [s1-impl-thread1] INFO  util.AwaitToRun (AwaitToRun.java:start(81)) - Thread[s1@group-76F5658665B2-cacheEviction-AwaitToRun,5,main] started
2025-10-10 11:52:35,270 [s1-impl-thread1] INFO  segmented.SegmentedRaftLogWorker (SegmentedRaftLogWorker.java:<init>(190)) - new s1@group-76F5658665B2-SegmentedRaftLogWorker for RaftStorageImpl:Storage Directory /home/runner/work/ratis/ratis/ratis-test/target/test/data/319b119c/MiniRaftClusterWithSimulatedRpc682d8ac0/s1/d5bbea78-8b68-4688-b7cf-76f5658665b2
2025-10-10 11:52:35,273 [s1-impl-thread1] TRACE util.FileUtils (LogUtils.java:supplyAndLog(69)) - Successfully supplied Files.newInputStream /home/runner/work/ratis/ratis/ratis-test/target/test/data/319b119c/MiniRaftClusterWithSimulatedRpc682d8ac0/s1/d5bbea78-8b68-4688-b7cf-76f5658665b2/current/log_inprogress_0 with options []: sun.nio.ch.ChannelInputStream@602b4a89
2025-10-10 11:52:35,273 [s1-impl-thread1] INFO  server.RaftServer$Division (ServerState.java:setRaftConf(392)) - s1@group-76F5658665B2: set configuration conf: {index: 0, cur=peers:[s0|, s1|, s2|]|listeners:[], old=null}
2025-10-10 11:52:35,274 [s1-impl-thread1] INFO  segmented.LogSegment (LogSegment.java:loadSegment(171)) - Successfully read 1 entries from segment file /home/runner/work/ratis/ratis/ratis-test/target/test/data/319b119c/MiniRaftClusterWithSimulatedRpc682d8ac0/s1/d5bbea78-8b68-4688-b7cf-76f5658665b2/current/log_inprogress_0
2025-10-10 11:52:35,274 [s1-impl-thread1] INFO  segmented.SegmentedRaftLogWorker (SegmentedRaftLogWorker.java:lambda$new$0(141)) - s1@group-76F5658665B2-SegmentedRaftLogWorker: safeCacheEvictIndex: setUnconditionally 0 -> -1
2025-10-10 11:52:35,274 [s1-impl-thread1] INFO  segmented.BufferedWriteChannel (BufferedWriteChannel.java:open(61)) - open log_inprogress_0 (append) at position 41
2025-10-10 11:52:35,275 [s1-impl-thread1] INFO  server.RaftServer$Division (RaftServerImpl.java:start(406)) - s1@group-76F5658665B2: start as a follower, conf=conf: {index: 0, cur=peers:[s0|, s1|, s2|]|listeners:[], old=null}
2025-10-10 11:52:35,275 [s1-impl-thread1] INFO  server.RaftServer$Division (RaftServerImpl.java:setRole(393)) - s1@group-76F5658665B2: changes role from      null to FOLLOWER at term 1 for startAsFollower
2025-10-10 11:52:35,275 [s1-impl-thread1] INFO  impl.RoleInfo (RoleInfo.java:updateAndGet(148)) - s1: start s1@group-76F5658665B2-FollowerState
2025-10-10 11:52:35,275 [s1-impl-thread1] INFO  util.JmxRegister (JmxRegister.java:tryRegister(44)) - Successfully registered JMX Bean with object name Ratis:service=RaftServer,group=group-76F5658665B2,id=s1
2025-10-10 11:52:35,276 [s1-impl-thread1] INFO  util.JmxRegister (JmxRegister.java:register(58)) - register mxBean class org.apache.ratis.server.impl.RaftServerJmxAdapter as Ratis:service=RaftServer,group=group-76F5658665B2,id=s1
2025-10-10 11:52:35,275 [s1@group-76F5658665B2-FollowerState] INFO  server.RaftServerConfigKeys (ConfUtils.java:logFallback(69)) - raft.server.rpc.first-election.timeout.min = 1500ms (fallback to raft.server.rpc.timeout.min)
2025-10-10 11:52:35,276 [s1@group-76F5658665B2-FollowerState] INFO  server.RaftServerConfigKeys (ConfUtils.java:logFallback(69)) - raft.server.rpc.first-election.timeout.max = 2000ms (fallback to raft.server.rpc.timeout.max)
2025-10-10 11:52:35,276 [s1-impl-thread1] INFO  server.RaftServer$Division (RaftServerImpl.java:start(420)) - s1@group-76F5658665B2: Successfully started.
2025-10-10 11:52:35,276 [main] INFO  server.RaftServer (RaftServerProxy.java:startImpl(415)) - s1: start RPC server
2025-10-10 11:52:35,277 [main] INFO  impl.MiniRaftCluster (MiniRaftCluster.java:killServer(496)) - killServer s2
2025-10-10 11:52:35,277 [JvmPauseMonitor6] INFO  util.JvmPauseMonitor (JvmPauseMonitor.java:run(146)) - JvmPauseMonitor-s1: Started
2025-10-10 11:52:35,277 [main] INFO  server.RaftServer (RaftServerProxy.java:lambda$close$9(425)) - s2: close
2025-10-10 11:52:35,278 [s2-impl-thread1] INFO  server.RaftServer$Division (RaftServerImpl.java:lambda$close$1(528)) - s2@group-76F5658665B2: shutdown
2025-10-10 11:52:35,278 [HandlerDaemon-1] INFO  simulation.RequestHandler (RequestHandler.java:run(127)) - s2.clientHandler1 is interrupted by java.io.InterruptedIOException: 
2025-10-10 11:52:35,278 [HandlerDaemon-2] INFO  simulation.RequestHandler (RequestHandler.java:run(127)) - s2.clientHandler2 is interrupted by java.io.InterruptedIOException: 
2025-10-10 11:52:35,278 [HandlerDaemon-0] INFO  simulation.RequestHandler (RequestHandler.java:run(127)) - s2.clientHandler0 is interrupted by java.io.InterruptedIOException: 
2025-10-10 11:52:35,278 [s2-impl-thread1] INFO  util.JmxRegister (JmxRegister.java:unregister(74)) - Successfully un-registered JMX Bean with object name Ratis:service=RaftServer,group=group-76F5658665B2,id=s2
2025-10-10 11:52:35,279 [s2-impl-thread1] INFO  impl.RoleInfo (RoleInfo.java:shutdownFollowerState(121)) - s2: shutdown s2@group-76F5658665B2-FollowerState
2025-10-10 11:52:35,279 [HandlerDaemon-1] INFO  simulation.RequestHandler (RequestHandler.java:run(127)) - s2.serverHandler1 is interrupted by java.io.InterruptedIOException: 
2025-10-10 11:52:35,279 [s2@group-76F5658665B2-FollowerState] INFO  impl.FollowerState (FollowerState.java:runImpl(170)) - s2@group-76F5658665B2-FollowerState was interrupted
2025-10-10 11:52:35,279 [HandlerDaemon-2] INFO  simulation.RequestHandler (RequestHandler.java:run(127)) - s2.serverHandler2 is interrupted by java.io.InterruptedIOException: 
2025-10-10 11:52:35,279 [s2-impl-thread1] INFO  impl.StateMachineUpdater (StateMachineUpdater.java:stopAndJoin(163)) - s2@group-76F5658665B2-StateMachineUpdater: set stopIndex = 0
2025-10-10 11:52:35,279 [HandlerDaemon-0] INFO  simulation.RequestHandler (RequestHandler.java:run(127)) - s2.serverHandler0 is interrupted by java.io.InterruptedIOException: 
2025-10-10 11:52:35,279 [s2@group-76F5658665B2-StateMachineUpdater] INFO  impl.StateMachineUpdater (StateMachineUpdater.java:stop(140)) - s2@group-76F5658665B2-StateMachineUpdater: closing BaseStateMachine, lastApplied=(t:1, i:0)
2025-10-10 11:52:35,281 [s2@group-76F5658665B2-cacheEviction-AwaitToRun] INFO  util.AwaitToRun (AwaitToRun.java:run(49)) - s2@group-76F5658665B2-cacheEviction-AwaitToRun-AwaitForSignal is interrupted
2025-10-10 11:52:36,255 [s2-impl-thread1] INFO  segmented.SegmentedRaftLogWorker (SegmentedRaftLogWorker.java:close(254)) - s2@group-76F5658665B2-SegmentedRaftLogWorker close()
2025-10-10 11:52:36,256 [JvmPauseMonitor4] INFO  util.JvmPauseMonitor (JvmPauseMonitor.java:run(152)) - JvmPauseMonitor-s2: Stopped
2025-10-10 11:52:36,257 [main] INFO  impl.MiniRaftCluster (MiniRaftCluster.java:newRaftServer(376)) - newRaftServer: s2, null, format? false
2025-10-10 11:52:36,257 [main] DEBUG server.RaftServer (ServerImplUtils.java:newRaftServer(172)) - newRaftServer: s2, null
2025-10-10 11:52:36,258 [main] INFO  server.RaftServer (VersionInfo.java:printStartupMessages(132)) - Starting Apache Ratis Test -- RaftServerProxy s2
2025-10-10 11:52:36,258 [main] INFO  server.RaftServer (VersionInfo.java:printStartupMessages(136)) -                version: 3.1.3
2025-10-10 11:52:36,258 [main] INFO  server.RaftServer (VersionInfo.java:printStartupMessages(136)) -                    url: https://github.com/apache/ratis
2025-10-10 11:52:36,258 [main] INFO  server.RaftServer (VersionInfo.java:printStartupMessages(136)) -               revision: fd9ca3ab389b19913d3754459d6ee9a5ba33189b
2025-10-10 11:52:36,258 [main] INFO  server.RaftServer (VersionInfo.java:printStartupMessages(139)) -                   java: OpenJDK 64-Bit Server VM 1.8.0_462-b08
2025-10-10 11:52:36,259 [main] INFO  server.RaftServer (VersionInfo.java:printStartupMessages(139)) -                   user: runner
2025-10-10 11:52:36,259 [main] INFO  server.RaftServerConfigKeys (ConfUtils.java:logGet(62)) - raft.server.storage.dir = [/home/runner/work/ratis/ratis/ratis-test/target/test/data/319b119c/MiniRaftClusterWithSimulatedRpc682d8ac0/s2] (custom)
2025-10-10 11:52:36,260 [s2-impl-thread1] INFO  server.RaftServer (RaftServerProxy.java:initGroupDir(273)) - s2: found a subdirectory /home/runner/work/ratis/ratis/ratis-test/target/test/data/319b119c/MiniRaftClusterWithSimulatedRpc682d8ac0/s2/d5bbea78-8b68-4688-b7cf-76f5658665b2
2025-10-10 11:52:36,260 [s2-impl-thread1] INFO  server.RaftServer (RaftServerProxy.java:addNew(106)) - s2: addNew group-76F5658665B2:[] returns group-76F5658665B2:java.util.concurrent.CompletableFuture@316d09b0[Not completed]
2025-10-10 11:52:36,261 [s2-groupManagement] INFO  server.RaftServer$Division (RaftServerImpl.java:<init>(269)) - s2: new RaftServerImpl for group-76F5658665B2:[] with BaseStateMachine-9:uninitialized
2025-10-10 11:52:36,261 [s2-groupManagement] INFO  server.RaftServer$Division (ServerState.java:<init>(115)) - s2@group-76F5658665B2: ConfigurationManager, init=conf: {index: -1, cur=peers:[]|listeners:[], old=null}, confs=<EMPTY_MAP>
2025-10-10 11:52:36,268 [s2-impl-thread1] INFO  storage.RaftStorageDirectory (RaftStorageDirectoryImpl.java:tryLock(229)) - Lock on /home/runner/work/ratis/ratis/ratis-test/target/test/data/319b119c/MiniRaftClusterWithSimulatedRpc682d8ac0/s2/d5bbea78-8b68-4688-b7cf-76f5658665b2/in_use.lock acquired by nodename 9833@runnervmwhb2z
2025-10-10 11:52:36,268 [s2-impl-thread1] TRACE util.FileUtils (LogUtils.java:runAndLog(49)) - Successfully ran Files.deleteIfExists /home/runner/work/ratis/ratis/ratis-test/target/test/data/319b119c/MiniRaftClusterWithSimulatedRpc682d8ac0/s2/d5bbea78-8b68-4688-b7cf-76f5658665b2/current/raft-meta.tmp
2025-10-10 11:52:36,268 [s2-impl-thread1] TRACE util.FileUtils (LogUtils.java:supplyAndLog(69)) - Successfully supplied Files.newInputStream /home/runner/work/ratis/ratis/ratis-test/target/test/data/319b119c/MiniRaftClusterWithSimulatedRpc682d8ac0/s2/d5bbea78-8b68-4688-b7cf-76f5658665b2/current/raft-meta with options []: sun.nio.ch.ChannelInputStream@35529b45
2025-10-10 11:52:36,268 [s2-impl-thread1] INFO  storage.RaftStorage (RaftStorageImpl.java:analyzeAndRecoverStorage(118)) - Read RaftStorageMetadata{term=1, votedFor=s0} from /home/runner/work/ratis/ratis/ratis-test/target/test/data/319b119c/MiniRaftClusterWithSimulatedRpc682d8ac0/s2/d5bbea78-8b68-4688-b7cf-76f5658665b2/current/raft-meta
2025-10-10 11:52:36,269 [s2-impl-thread1] TRACE util.FileUtils (LogUtils.java:supplyAndLog(69)) - Successfully supplied Files.newInputStream /home/runner/work/ratis/ratis/ratis-test/target/test/data/319b119c/MiniRaftClusterWithSimulatedRpc682d8ac0/s2/d5bbea78-8b68-4688-b7cf-76f5658665b2/current/raft-meta.conf with options []: sun.nio.ch.ChannelInputStream@7050038b
2025-10-10 11:52:36,269 [s2-impl-thread1] INFO  server.RaftServer$Division (ServerState.java:setRaftConf(392)) - s2@group-76F5658665B2: set configuration conf: {index: 0, cur=peers:[s0|, s1|, s2|]|listeners:[], old=null}
2025-10-10 11:52:36,269 [s2-impl-thread1] INFO  server.RaftServer$Division (ServerState.java:getSnapshotIndexFromStateMachine(155)) - s2@group-76F5658665B2: getLatestSnapshot(BaseStateMachine-9:s2:group-76F5658665B2) returns null
2025-10-10 11:52:36,269 [s2-impl-thread1] INFO  raftlog.RaftLog (RaftLogBase.java:<init>(90)) - s2@group-76F5658665B2-SegmentedRaftLog: snapshotIndexFromStateMachine = -1
2025-10-10 11:52:36,271 [s2-impl-thread1] INFO  util.AwaitToRun (AwaitToRun.java:start(81)) - Thread[s2@group-76F5658665B2-cacheEviction-AwaitToRun,5,main] started
2025-10-10 11:52:36,271 [s2-impl-thread1] INFO  segmented.SegmentedRaftLogWorker (SegmentedRaftLogWorker.java:<init>(190)) - new s2@group-76F5658665B2-SegmentedRaftLogWorker for RaftStorageImpl:Storage Directory /home/runner/work/ratis/ratis/ratis-test/target/test/data/319b119c/MiniRaftClusterWithSimulatedRpc682d8ac0/s2/d5bbea78-8b68-4688-b7cf-76f5658665b2
2025-10-10 11:52:36,274 [s2-impl-thread1] TRACE util.FileUtils (LogUtils.java:supplyAndLog(69)) - Successfully supplied Files.newInputStream /home/runner/work/ratis/ratis/ratis-test/target/test/data/319b119c/MiniRaftClusterWithSimulatedRpc682d8ac0/s2/d5bbea78-8b68-4688-b7cf-76f5658665b2/current/log_inprogress_0 with options []: sun.nio.ch.ChannelInputStream@18136eec
2025-10-10 11:52:36,274 [s2-impl-thread1] INFO  server.RaftServer$Division (ServerState.java:setRaftConf(392)) - s2@group-76F5658665B2: set configuration conf: {index: 0, cur=peers:[s0|, s1|, s2|]|listeners:[], old=null}
2025-10-10 11:52:36,275 [s2-impl-thread1] INFO  segmented.LogSegment (LogSegment.java:loadSegment(171)) - Successfully read 1 entries from segment file /home/runner/work/ratis/ratis/ratis-test/target/test/data/319b119c/MiniRaftClusterWithSimulatedRpc682d8ac0/s2/d5bbea78-8b68-4688-b7cf-76f5658665b2/current/log_inprogress_0
2025-10-10 11:52:36,275 [s2-impl-thread1] INFO  segmented.SegmentedRaftLogWorker (SegmentedRaftLogWorker.java:lambda$new$0(141)) - s2@group-76F5658665B2-SegmentedRaftLogWorker: safeCacheEvictIndex: setUnconditionally 0 -> -1
2025-10-10 11:52:36,275 [s2-impl-thread1] INFO  segmented.BufferedWriteChannel (BufferedWriteChannel.java:open(61)) - open log_inprogress_0 (append) at position 41
2025-10-10 11:52:36,275 [s2-impl-thread1] INFO  server.RaftServer$Division (RaftServerImpl.java:start(406)) - s2@group-76F5658665B2: start as a follower, conf=conf: {index: 0, cur=peers:[s0|, s1|, s2|]|listeners:[], old=null}
2025-10-10 11:52:36,276 [s2-impl-thread1] INFO  server.RaftServer$Division (RaftServerImpl.java:setRole(393)) - s2@group-76F5658665B2: changes role from      null to FOLLOWER at term 1 for startAsFollower
2025-10-10 11:52:36,276 [s2-impl-thread1] INFO  impl.RoleInfo (RoleInfo.java:updateAndGet(148)) - s2: start s2@group-76F5658665B2-FollowerState
2025-10-10 11:52:36,276 [s2-impl-thread1] INFO  util.JmxRegister (JmxRegister.java:tryRegister(44)) - Successfully registered JMX Bean with object name Ratis:service=RaftServer,group=group-76F5658665B2,id=s2
2025-10-10 11:52:36,276 [s2-impl-thread1] INFO  util.JmxRegister (JmxRegister.java:register(58)) - register mxBean class org.apache.ratis.server.impl.RaftServerJmxAdapter as Ratis:service=RaftServer,group=group-76F5658665B2,id=s2
2025-10-10 11:52:36,277 [s2@group-76F5658665B2-FollowerState] INFO  server.RaftServerConfigKeys (ConfUtils.java:logFallback(69)) - raft.server.rpc.first-election.timeout.min = 1500ms (fallback to raft.server.rpc.timeout.min)
2025-10-10 11:52:36,277 [s2-impl-thread1] INFO  server.RaftServer$Division (RaftServerImpl.java:start(420)) - s2@group-76F5658665B2: Successfully started.
2025-10-10 11:52:36,277 [s2@group-76F5658665B2-FollowerState] INFO  server.RaftServerConfigKeys (ConfUtils.java:logFallback(69)) - raft.server.rpc.first-election.timeout.max = 2000ms (fallback to raft.server.rpc.timeout.max)
2025-10-10 11:52:36,277 [main] INFO  server.RaftServer (RaftServerProxy.java:startImpl(415)) - s2: start RPC server
2025-10-10 11:52:36,278 [JvmPauseMonitor7] INFO  util.JvmPauseMonitor (JvmPauseMonitor.java:run(146)) - JvmPauseMonitor-s2: Started
2025-10-10 11:52:36,279 [main] INFO  ratis.RaftTestUtil (RaftTestUtil.java:waitForLeader(107)) - printing ALL groups
  s0:  RUNNING  FOLLOWER (RUNNING): s0@group-76F5658665B2:t1, leader=null, voted=s0, raftlog=Memoized:s0@group-76F5658665B2-SegmentedRaftLog:OPENED:c-1:last(t:1, i:0), conf=conf: {index: 0, cur=peers:[s0|, s1|, s2|]|listeners:[], old=null}
  s1:  RUNNING  FOLLOWER (RUNNING): s1@group-76F5658665B2:t1, leader=null, voted=s0, raftlog=Memoized:s1@group-76F5658665B2-SegmentedRaftLog:OPENED:c-1:last(t:1, i:0), conf=conf: {index: 0, cur=peers:[s0|, s1|, s2|]|listeners:[], old=null}
  s2:  RUNNING  FOLLOWER (RUNNING): s2@group-76F5658665B2:t1, leader=null, voted=s0, raftlog=Memoized:s2@group-76F5658665B2-SegmentedRaftLog:OPENED:c-1:last(t:1, i:0), conf=conf: {index: 0, cur=peers:[s0|, s1|, s2|]|listeners:[], old=null}
2025-10-10 11:52:36,279 [main] WARN  ratis.RaftTestUtil (RaftTestUtil.java:lambda$waitForLeader$3(126)) - Attempt #1 failed: java.lang.IllegalStateException: No leader yet : printing ALL groups
  s0:  RUNNING  FOLLOWER (RUNNING): s0@group-76F5658665B2:t1, leader=null, voted=s0, raftlog=Memoized:s0@group-76F5658665B2-SegmentedRaftLog:OPENED:c-1:last(t:1, i:0), conf=conf: {index: 0, cur=peers:[s0|, s1|, s2|]|listeners:[], old=null}
  s1:  RUNNING  FOLLOWER (RUNNING): s1@group-76F5658665B2:t1, leader=null, voted=s0, raftlog=Memoized:s1@group-76F5658665B2-SegmentedRaftLog:OPENED:c-1:last(t:1, i:0), conf=conf: {index: 0, cur=peers:[s0|, s1|, s2|]|listeners:[], old=null}
  s2:  RUNNING  FOLLOWER (RUNNING): s2@group-76F5658665B2:t1, leader=null, voted=s0, raftlog=Memoized:s2@group-76F5658665B2-SegmentedRaftLog:OPENED:c-1:last(t:1, i:0), conf=conf: {index: 0, cur=peers:[s0|, s1|, s2|]|listeners:[], old=null}
2025-10-10 11:52:36,811 [s0@group-76F5658665B2-FollowerState] INFO  impl.FollowerState (FollowerState.java:runImpl(161)) - s0@group-76F5658665B2-FollowerState: change to CANDIDATE, lastRpcElapsedTime:1682707546ns, electionTimeout:1681ms
2025-10-10 11:52:36,812 [s0@group-76F5658665B2-FollowerState] INFO  impl.RoleInfo (RoleInfo.java:shutdownFollowerState(121)) - s0: shutdown s0@group-76F5658665B2-FollowerState
2025-10-10 11:52:36,812 [s0@group-76F5658665B2-FollowerState] INFO  server.RaftServer$Division (RaftServerImpl.java:setRole(393)) - s0@group-76F5658665B2: changes role from  FOLLOWER to CANDIDATE at term 1 for changeToCandidate
2025-10-10 11:52:36,812 [s0@group-76F5658665B2-FollowerState] INFO  impl.RoleInfo (RoleInfo.java:updateAndGet(148)) - s0: start s0@group-76F5658665B2-LeaderElection2
2025-10-10 11:52:36,813 [s0@group-76F5658665B2-LeaderElection2] INFO  impl.LeaderElection (LeaderElection.java:askForVotes(448)) - s0@group-76F5658665B2-LeaderElection2 PRE_VOTE round 0: submit vote requests at term 1 for conf: {index: 0, cur=peers:[s0|, s1|, s2|]|listeners:[], old=null}
2025-10-10 11:52:36,814 [s0@group-76F5658665B2-LeaderElection2] INFO  server.RaftServerConfigKeys (ConfUtils.java:logFallback(69)) - raft.server.rpc.first-election.timeout.min = 1500ms (fallback to raft.server.rpc.timeout.min)
2025-10-10 11:52:36,814 [HandlerDaemon-0] INFO  server.RaftServer$Division (RaftServerImpl.java:requestVote(1434)) - s1@group-76F5658665B2: receive requestVote(PRE_VOTE, s0, group-76F5658665B2, 1, (t:1, i:0))
2025-10-10 11:52:36,814 [s0@group-76F5658665B2-LeaderElection2] INFO  server.RaftServerConfigKeys (ConfUtils.java:logFallback(69)) - raft.server.rpc.first-election.timeout.max = 2000ms (fallback to raft.server.rpc.timeout.max)
2025-10-10 11:52:36,814 [HandlerDaemon-0] INFO  impl.VoteContext (VoteContext.java:log(49)) - s1@group-76F5658665B2-FOLLOWER: accept PRE_VOTE from s0: our priority 0 <= candidate's priority 0
2025-10-10 11:52:36,814 [HandlerDaemon-0] INFO  server.RaftServer$Division (RaftServerImpl.java:requestVote(1434)) - s2@group-76F5658665B2: receive requestVote(PRE_VOTE, s0, group-76F5658665B2, 1, (t:1, i:0))
2025-10-10 11:52:36,814 [HandlerDaemon-0] INFO  server.RaftServer$Division (RaftServerImpl.java:requestVote(1468)) - s1@group-76F5658665B2 replies to PRE_VOTE vote request: s0<-s1#0:OK-t1-last:(t:1, i:0). Peer's state: s1@group-76F5658665B2:t1, leader=null, voted=s0, raftlog=Memoized:s1@group-76F5658665B2-SegmentedRaftLog:OPENED:c-1:last(t:1, i:0), conf=conf: {index: 0, cur=peers:[s0|, s1|, s2|]|listeners:[], old=null}
2025-10-10 11:52:36,814 [HandlerDaemon-0] INFO  impl.VoteContext (VoteContext.java:log(49)) - s2@group-76F5658665B2-FOLLOWER: accept PRE_VOTE from s0: our priority 0 <= candidate's priority 0
2025-10-10 11:52:36,815 [HandlerDaemon-0] INFO  server.RaftServer$Division (RaftServerImpl.java:requestVote(1468)) - s2@group-76F5658665B2 replies to PRE_VOTE vote request: s0<-s2#0:OK-t1-last:(t:1, i:0). Peer's state: s2@group-76F5658665B2:t1, leader=null, voted=s0, raftlog=Memoized:s2@group-76F5658665B2-SegmentedRaftLog:OPENED:c-1:last(t:1, i:0), conf=conf: {index: 0, cur=peers:[s0|, s1|, s2|]|listeners:[], old=null}
2025-10-10 11:52:36,815 [s0@group-76F5658665B2-LeaderElection2] INFO  impl.LeaderElection (LeaderElection.java:logAndReturn(206)) - s0@group-76F5658665B2-LeaderElection2: PRE_VOTE PASSED received 1 response(s) and 0 exception(s):
2025-10-10 11:52:36,815 [s0@group-76F5658665B2-LeaderElection2] INFO  impl.LeaderElection (LeaderElection.java:logAndReturn(210)) -   Response 0: s0<-s1#0:OK-t1-last:(t:1, i:0)
2025-10-10 11:52:36,815 [s0@group-76F5658665B2-LeaderElection2] INFO  impl.LeaderElection (LeaderElection.java:askForVotes(450)) - s0@group-76F5658665B2-LeaderElection2 PRE_VOTE round 0: result PASSED
2025-10-10 11:52:36,816 [s0@group-76F5658665B2-LeaderElection2] TRACE util.FileUtils (LogUtils.java:supplyAndLog(69)) - Successfully supplied FileChannel.open /home/runner/work/ratis/ratis/ratis-test/target/test/data/319b119c/MiniRaftClusterWithSimulatedRpc682d8ac0/s0/d5bbea78-8b68-4688-b7cf-76f5658665b2/current/raft-meta.tmp with options [CREATE, TRUNCATE_EXISTING, WRITE]: sun.nio.ch.FileChannelImpl@105a03fb
2025-10-10 11:52:36,817 [s0@group-76F5658665B2-LeaderElection2] TRACE util.FileUtils (LogUtils.java:runAndLog(49)) - Successfully ran Atomic Files.move /home/runner/work/ratis/ratis/ratis-test/target/test/data/319b119c/MiniRaftClusterWithSimulatedRpc682d8ac0/s0/d5bbea78-8b68-4688-b7cf-76f5658665b2/current/raft-meta.tmp to /home/runner/work/ratis/ratis/ratis-test/target/test/data/319b119c/MiniRaftClusterWithSimulatedRpc682d8ac0/s0/d5bbea78-8b68-4688-b7cf-76f5658665b2/current/raft-meta with options [REPLACE_EXISTING]
2025-10-10 11:52:36,817 [s0@group-76F5658665B2-LeaderElection2] INFO  impl.LeaderElection (LeaderElection.java:askForVotes(448)) - s0@group-76F5658665B2-LeaderElection2 ELECTION round 0: submit vote requests at term 2 for conf: {index: 0, cur=peers:[s0|, s1|, s2|]|listeners:[], old=null}
2025-10-10 11:52:36,818 [s0@group-76F5658665B2-LeaderElection2] INFO  server.RaftServerConfigKeys (ConfUtils.java:logFallback(69)) - raft.server.rpc.first-election.timeout.min = 1500ms (fallback to raft.server.rpc.timeout.min)
2025-10-10 11:52:36,818 [HandlerDaemon-1] INFO  server.RaftServer$Division (RaftServerImpl.java:requestVote(1434)) - s1@group-76F5658665B2: receive requestVote(ELECTION, s0, group-76F5658665B2, 2, (t:1, i:0))
2025-10-10 11:52:36,818 [s0@group-76F5658665B2-LeaderElection2] INFO  server.RaftServerConfigKeys (ConfUtils.java:logFallback(69)) - raft.server.rpc.first-election.timeout.max = 2000ms (fallback to raft.server.rpc.timeout.max)
2025-10-10 11:52:36,818 [HandlerDaemon-1] INFO  server.RaftServer$Division (RaftServerImpl.java:requestVote(1434)) - s2@group-76F5658665B2: receive requestVote(ELECTION, s0, group-76F5658665B2, 2, (t:1, i:0))
2025-10-10 11:52:36,819 [HandlerDaemon-1] INFO  impl.VoteContext (VoteContext.java:log(49)) - s2@group-76F5658665B2-FOLLOWER: accept ELECTION from s0: our priority 0 <= candidate's priority 0
2025-10-10 11:52:36,819 [HandlerDaemon-1] INFO  impl.VoteContext (VoteContext.java:log(49)) - s1@group-76F5658665B2-FOLLOWER: accept ELECTION from s0: our priority 0 <= candidate's priority 0
2025-10-10 11:52:36,819 [HandlerDaemon-1] INFO  server.RaftServer$Division (RaftServerImpl.java:setRole(393)) - s1@group-76F5658665B2: changes role from  FOLLOWER to FOLLOWER at term 1 for candidate:s0
2025-10-10 11:52:36,820 [HandlerDaemon-1] INFO  impl.RoleInfo (RoleInfo.java:shutdownFollowerState(121)) - s1: shutdown s1@group-76F5658665B2-FollowerState
2025-10-10 11:52:36,819 [HandlerDaemon-1] INFO  server.RaftServer$Division (RaftServerImpl.java:setRole(393)) - s2@group-76F5658665B2: changes role from  FOLLOWER to FOLLOWER at term 1 for candidate:s0
2025-10-10 11:52:36,820 [HandlerDaemon-1] INFO  impl.RoleInfo (RoleInfo.java:shutdownFollowerState(121)) - s2: shutdown s2@group-76F5658665B2-FollowerState
2025-10-10 11:52:36,820 [HandlerDaemon-1] INFO  impl.RoleInfo (RoleInfo.java:updateAndGet(148)) - s1: start s1@group-76F5658665B2-FollowerState
2025-10-10 11:52:36,820 [s1@group-76F5658665B2-FollowerState] INFO  impl.FollowerState (FollowerState.java:runImpl(170)) - s1@group-76F5658665B2-FollowerState was interrupted
2025-10-10 11:52:36,820 [s2@group-76F5658665B2-FollowerState] INFO  impl.FollowerState (FollowerState.java:runImpl(170)) - s2@group-76F5658665B2-FollowerState was interrupted
2025-10-10 11:52:36,820 [HandlerDaemon-1] INFO  impl.RoleInfo (RoleInfo.java:updateAndGet(148)) - s2: start s2@group-76F5658665B2-FollowerState
2025-10-10 11:52:36,820 [HandlerDaemon-1] INFO  server.RaftServer$Division (RaftServerImpl.java:setFirstElection(577)) - s1@group-76F5658665B2: set firstElectionSinceStartup to false for candidate:s0
2025-10-10 11:52:36,821 [HandlerDaemon-1] TRACE util.FileUtils (LogUtils.java:supplyAndLog(69)) - Successfully supplied FileChannel.open /home/runner/work/ratis/ratis/ratis-test/target/test/data/319b119c/MiniRaftClusterWithSimulatedRpc682d8ac0/s1/d5bbea78-8b68-4688-b7cf-76f5658665b2/current/raft-meta.tmp with options [CREATE, TRUNCATE_EXISTING, WRITE]: sun.nio.ch.FileChannelImpl@4e48a0b7
2025-10-10 11:52:36,821 [HandlerDaemon-1] INFO  server.RaftServer$Division (RaftServerImpl.java:setFirstElection(577)) - s2@group-76F5658665B2: set firstElectionSinceStartup to false for candidate:s0
2025-10-10 11:52:36,821 [HandlerDaemon-1] TRACE util.FileUtils (LogUtils.java:supplyAndLog(69)) - Successfully supplied FileChannel.open /home/runner/work/ratis/ratis/ratis-test/target/test/data/319b119c/MiniRaftClusterWithSimulatedRpc682d8ac0/s2/d5bbea78-8b68-4688-b7cf-76f5658665b2/current/raft-meta.tmp with options [CREATE, TRUNCATE_EXISTING, WRITE]: sun.nio.ch.FileChannelImpl@7ad27d94
2025-10-10 11:52:36,822 [HandlerDaemon-1] TRACE util.FileUtils (LogUtils.java:runAndLog(49)) - Successfully ran Atomic Files.move /home/runner/work/ratis/ratis/ratis-test/target/test/data/319b119c/MiniRaftClusterWithSimulatedRpc682d8ac0/s1/d5bbea78-8b68-4688-b7cf-76f5658665b2/current/raft-meta.tmp to /home/runner/work/ratis/ratis/ratis-test/target/test/data/319b119c/MiniRaftClusterWithSimulatedRpc682d8ac0/s1/d5bbea78-8b68-4688-b7cf-76f5658665b2/current/raft-meta with options [REPLACE_EXISTING]
2025-10-10 11:52:36,822 [HandlerDaemon-1] TRACE util.FileUtils (LogUtils.java:runAndLog(49)) - Successfully ran Atomic Files.move /home/runner/work/ratis/ratis/ratis-test/target/test/data/319b119c/MiniRaftClusterWithSimulatedRpc682d8ac0/s2/d5bbea78-8b68-4688-b7cf-76f5658665b2/current/raft-meta.tmp to /home/runner/work/ratis/ratis/ratis-test/target/test/data/319b119c/MiniRaftClusterWithSimulatedRpc682d8ac0/s2/d5bbea78-8b68-4688-b7cf-76f5658665b2/current/raft-meta with options [REPLACE_EXISTING]
2025-10-10 11:52:36,822 [HandlerDaemon-1] INFO  server.RaftServer$Division (RaftServerImpl.java:requestVote(1468)) - s1@group-76F5658665B2 replies to ELECTION vote request: s0<-s1#0:OK-t2-last:(t:1, i:0). Peer's state: s1@group-76F5658665B2:t2, leader=null, voted=s0, raftlog=Memoized:s1@group-76F5658665B2-SegmentedRaftLog:OPENED:c-1:last(t:1, i:0), conf=conf: {index: 0, cur=peers:[s0|, s1|, s2|]|listeners:[], old=null}
2025-10-10 11:52:36,823 [HandlerDaemon-1] INFO  server.RaftServer$Division (RaftServerImpl.java:requestVote(1468)) - s2@group-76F5658665B2 replies to ELECTION vote request: s0<-s2#0:OK-t2-last:(t:1, i:0). Peer's state: s2@group-76F5658665B2:t2, leader=null, voted=s0, raftlog=Memoized:s2@group-76F5658665B2-SegmentedRaftLog:OPENED:c-1:last(t:1, i:0), conf=conf: {index: 0, cur=peers:[s0|, s1|, s2|]|listeners:[], old=null}
2025-10-10 11:52:36,823 [s0@group-76F5658665B2-LeaderElection2] INFO  impl.LeaderElection (LeaderElection.java:logAndReturn(206)) - s0@group-76F5658665B2-LeaderElection2: ELECTION PASSED received 1 response(s) and 0 exception(s):
2025-10-10 11:52:36,823 [s0@group-76F5658665B2-LeaderElection2] INFO  impl.LeaderElection (LeaderElection.java:logAndReturn(210)) -   Response 0: s0<-s1#0:OK-t2-last:(t:1, i:0)
2025-10-10 11:52:36,823 [s0@group-76F5658665B2-LeaderElection2] INFO  impl.LeaderElection (LeaderElection.java:askForVotes(450)) - s0@group-76F5658665B2-LeaderElection2 ELECTION round 0: result PASSED
2025-10-10 11:52:36,823 [s0@group-76F5658665B2-LeaderElection2] INFO  impl.RoleInfo (RoleInfo.java:shutdownLeaderElection(141)) - s0: shutdown s0@group-76F5658665B2-LeaderElection2
2025-10-10 11:52:36,823 [s0@group-76F5658665B2-LeaderElection2] INFO  server.RaftServer$Division (RaftServerImpl.java:setRole(393)) - s0@group-76F5658665B2: changes role from CANDIDATE to LEADER at term 2 for changeToLeader
2025-10-10 11:52:36,824 [s0@group-76F5658665B2-LeaderElection2] INFO  server.RaftServerConfigKeys (ConfUtils.java:logFallback(69)) - raft.server.staging.timeout = 6000ms (fallback to raft.server.rpc.timeout.max)
2025-10-10 11:52:36,826 [s0@group-76F5658665B2-LeaderElection2] INFO  impl.RoleInfo (RoleInfo.java:updateAndGet(148)) - s0: start s0@group-76F5658665B2-LeaderStateImpl
2025-10-10 11:52:36,826 [s0@group-76F5658665B2-LeaderElection2] INFO  server.RaftServer$Division (RaftServerImpl.java:setFirstElection(577)) - s0@group-76F5658665B2: set firstElectionSinceStartup to false for becomeLeader
2025-10-10 11:52:36,826 [s0@group-76F5658665B2-LeaderElection2] INFO  server.RaftServer$Division (ServerState.java:setLeader(278)) - s0@group-76F5658665B2: change Leader from null to s0 at term 2 for becomeLeader, leader elected after 1718ms
2025-10-10 11:52:36,827 [s0@group-76F5658665B2-LeaderElection2] INFO  segmented.SegmentedRaftLogWorker (SegmentedRaftLogWorker.java:rollLogSegment(445)) - s0@group-76F5658665B2-SegmentedRaftLogWorker: Rolling segment log-0_0 to index:0
2025-10-10 11:52:36,828 [s0@group-76F5658665B2-LeaderElection2] INFO  server.RaftServer$Division (ServerState.java:setRaftConf(392)) - s0@group-76F5658665B2: set configuration conf: {index: 1, cur=peers:[s0|, s1|, s2|]|listeners:[], old=null}
2025-10-10 11:52:36,828 [s0@group-76F5658665B2-SegmentedRaftLogWorker] TRACE util.FileUtils (LogUtils.java:runAndLog(49)) - Successfully ran Atomic Files.move /home/runner/work/ratis/ratis/ratis-test/target/test/data/319b119c/MiniRaftClusterWithSimulatedRpc682d8ac0/s0/d5bbea78-8b68-4688-b7cf-76f5658665b2/current/log_inprogress_0 to /home/runner/work/ratis/ratis/ratis-test/target/test/data/319b119c/MiniRaftClusterWithSimulatedRpc682d8ac0/s0/d5bbea78-8b68-4688-b7cf-76f5658665b2/current/log_0-0
2025-10-10 11:52:36,828 [s0@group-76F5658665B2-SegmentedRaftLogWorker] INFO  segmented.SegmentedRaftLogWorker (SegmentedRaftLogWorker.java:execute(604)) - s0@group-76F5658665B2-SegmentedRaftLogWorker: Rolled log segment from /home/runner/work/ratis/ratis/ratis-test/target/test/data/319b119c/MiniRaftClusterWithSimulatedRpc682d8ac0/s0/d5bbea78-8b68-4688-b7cf-76f5658665b2/current/log_inprogress_0 to /home/runner/work/ratis/ratis/ratis-test/target/test/data/319b119c/MiniRaftClusterWithSimulatedRpc682d8ac0/s0/d5bbea78-8b68-4688-b7cf-76f5658665b2/current/log_0-0
2025-10-10 11:52:36,829 [s0@group-76F5658665B2-SegmentedRaftLogWorker] INFO  segmented.BufferedWriteChannel (BufferedWriteChannel.java:open(61)) - open log_inprogress_1 at position 0
2025-10-10 11:52:36,829 [HandlerDaemon-2] INFO  server.RaftServer$Division (ServerState.java:setLeader(278)) - s1@group-76F5658665B2: change Leader from null to s0 at term 2 for APPEND_ENTRIES, leader elected after 1565ms
2025-10-10 11:52:36,830 [HandlerDaemon-2] INFO  server.RaftServer$Division (ServerState.java:setLeader(278)) - s2@group-76F5658665B2: change Leader from null to s0 at term 2 for APPEND_ENTRIES, leader elected after 568ms
2025-10-10 11:52:36,834 [HandlerDaemon-0] DEBUG server.RaftServer$Division (RaftServerImpl.java:logAppendEntries(1537)) - s1@group-76F5658665B2: appendEntries* s0->s1#24-t2,previous=(t:1, i:0),leaderCommit=-1,initializing? false,entries: size=1, first=(t:2, i:1), CONFIGURATIONENTRY(current:id:"s0"startupRole:FOLLOWER, id:"s1"startupRole:FOLLOWER, id:"s2"startupRole:FOLLOWER, old:)
2025-10-10 11:52:36,835 [HandlerDaemon-0] DEBUG server.RaftServer$Division (RaftServerImpl.java:logAppendEntries(1537)) - s2@group-76F5658665B2: appendEntries* s0->s2#25-t2,previous=(t:1, i:0),leaderCommit=-1,initializing? false,entries: size=1, first=(t:2, i:1), CONFIGURATIONENTRY(current:id:"s0"startupRole:FOLLOWER, id:"s1"startupRole:FOLLOWER, id:"s2"startupRole:FOLLOWER, old:)
2025-10-10 11:52:36,835 [HandlerDaemon-0] INFO  server.RaftServer$Division (ServerState.java:setRaftConf(392)) - s1@group-76F5658665B2: set configuration conf: {index: 1, cur=peers:[s0|, s1|, s2|]|listeners:[], old=null}
2025-10-10 11:52:36,835 [s0@group-76F5658665B2-SegmentedRaftLogWorker] INFO  segmented.SegmentedRaftLogWorker (SegmentedRaftLogWorker.java:execute(647)) - s0@group-76F5658665B2-SegmentedRaftLogWorker: created new log segment /home/runner/work/ratis/ratis/ratis-test/target/test/data/319b119c/MiniRaftClusterWithSimulatedRpc682d8ac0/s0/d5bbea78-8b68-4688-b7cf-76f5658665b2/current/log_inprogress_1
2025-10-10 11:52:36,836 [s1-server-thread1] INFO  segmented.SegmentedRaftLogWorker (SegmentedRaftLogWorker.java:rollLogSegment(445)) - s1@group-76F5658665B2-SegmentedRaftLogWorker: Rolling segment log-0_0 to index:0
2025-10-10 11:52:36,835 [HandlerDaemon-0] INFO  server.RaftServer$Division (ServerState.java:setRaftConf(392)) - s2@group-76F5658665B2: set configuration conf: {index: 1, cur=peers:[s0|, s1|, s2|]|listeners:[], old=null}
2025-10-10 11:52:36,836 [s2-server-thread1] INFO  segmented.SegmentedRaftLogWorker (SegmentedRaftLogWorker.java:rollLogSegment(445)) - s2@group-76F5658665B2-SegmentedRaftLogWorker: Rolling segment log-0_0 to index:0
2025-10-10 11:52:36,837 [s1@group-76F5658665B2-SegmentedRaftLogWorker] TRACE util.FileUtils (LogUtils.java:runAndLog(49)) - Successfully ran Atomic Files.move /home/runner/work/ratis/ratis/ratis-test/target/test/data/319b119c/MiniRaftClusterWithSimulatedRpc682d8ac0/s1/d5bbea78-8b68-4688-b7cf-76f5658665b2/current/log_inprogress_0 to /home/runner/work/ratis/ratis/ratis-test/target/test/data/319b119c/MiniRaftClusterWithSimulatedRpc682d8ac0/s1/d5bbea78-8b68-4688-b7cf-76f5658665b2/current/log_0-0
2025-10-10 11:52:36,837 [s1@group-76F5658665B2-SegmentedRaftLogWorker] INFO  segmented.SegmentedRaftLogWorker (SegmentedRaftLogWorker.java:execute(604)) - s1@group-76F5658665B2-SegmentedRaftLogWorker: Rolled log segment from /home/runner/work/ratis/ratis/ratis-test/target/test/data/319b119c/MiniRaftClusterWithSimulatedRpc682d8ac0/s1/d5bbea78-8b68-4688-b7cf-76f5658665b2/current/log_inprogress_0 to /home/runner/work/ratis/ratis/ratis-test/target/test/data/319b119c/MiniRaftClusterWithSimulatedRpc682d8ac0/s1/d5bbea78-8b68-4688-b7cf-76f5658665b2/current/log_0-0
2025-10-10 11:52:36,838 [s2@group-76F5658665B2-SegmentedRaftLogWorker] TRACE util.FileUtils (LogUtils.java:runAndLog(49)) - Successfully ran Atomic Files.move /home/runner/work/ratis/ratis/ratis-test/target/test/data/319b119c/MiniRaftClusterWithSimulatedRpc682d8ac0/s2/d5bbea78-8b68-4688-b7cf-76f5658665b2/current/log_inprogress_0 to /home/runner/work/ratis/ratis/ratis-test/target/test/data/319b119c/MiniRaftClusterWithSimulatedRpc682d8ac0/s2/d5bbea78-8b68-4688-b7cf-76f5658665b2/current/log_0-0
2025-10-10 11:52:36,838 [s2@group-76F5658665B2-SegmentedRaftLogWorker] INFO  segmented.SegmentedRaftLogWorker (SegmentedRaftLogWorker.java:execute(604)) - s2@group-76F5658665B2-SegmentedRaftLogWorker: Rolled log segment from /home/runner/work/ratis/ratis/ratis-test/target/test/data/319b119c/MiniRaftClusterWithSimulatedRpc682d8ac0/s2/d5bbea78-8b68-4688-b7cf-76f5658665b2/current/log_inprogress_0 to /home/runner/work/ratis/ratis/ratis-test/target/test/data/319b119c/MiniRaftClusterWithSimulatedRpc682d8ac0/s2/d5bbea78-8b68-4688-b7cf-76f5658665b2/current/log_0-0
2025-10-10 11:52:36,838 [s1@group-76F5658665B2-SegmentedRaftLogWorker] INFO  segmented.BufferedWriteChannel (BufferedWriteChannel.java:open(61)) - open log_inprogress_1 at position 0
2025-10-10 11:52:36,838 [s2@group-76F5658665B2-SegmentedRaftLogWorker] INFO  segmented.BufferedWriteChannel (BufferedWriteChannel.java:open(61)) - open log_inprogress_1 at position 0
2025-10-10 11:52:36,845 [s1@group-76F5658665B2-SegmentedRaftLogWorker] INFO  segmented.SegmentedRaftLogWorker (SegmentedRaftLogWorker.java:execute(647)) - s1@group-76F5658665B2-SegmentedRaftLogWorker: created new log segment /home/runner/work/ratis/ratis/ratis-test/target/test/data/319b119c/MiniRaftClusterWithSimulatedRpc682d8ac0/s1/d5bbea78-8b68-4688-b7cf-76f5658665b2/current/log_inprogress_1
2025-10-10 11:52:36,845 [s2@group-76F5658665B2-SegmentedRaftLogWorker] INFO  segmented.SegmentedRaftLogWorker (SegmentedRaftLogWorker.java:execute(647)) - s2@group-76F5658665B2-SegmentedRaftLogWorker: created new log segment /home/runner/work/ratis/ratis/ratis-test/target/test/data/319b119c/MiniRaftClusterWithSimulatedRpc682d8ac0/s2/d5bbea78-8b68-4688-b7cf-76f5658665b2/current/log_inprogress_1
2025-10-10 11:52:36,846 [s1-server-thread1] DEBUG server.RaftServer$Division (RaftServerImpl.java:logAppendEntries(1537)) - s1@group-76F5658665B2: appendEntries* reply s0<-s1#24:OK-t2,SUCCESS,nextIndex=2,followerCommit=-1,matchIndex=1
2025-10-10 11:52:36,846 [s2-server-thread1] DEBUG server.RaftServer$Division (RaftServerImpl.java:logAppendEntries(1537)) - s2@group-76F5658665B2: appendEntries* reply s0<-s2#25:OK-t2,SUCCESS,nextIndex=2,followerCommit=-1,matchIndex=1
2025-10-10 11:52:36,847 [s0@group-76F5658665B2-StateMachineUpdater] TRACE util.FileUtils (LogUtils.java:supplyAndLog(69)) - Successfully supplied FileChannel.open /home/runner/work/ratis/ratis/ratis-test/target/test/data/319b119c/MiniRaftClusterWithSimulatedRpc682d8ac0/s0/d5bbea78-8b68-4688-b7cf-76f5658665b2/current/raft-meta.conf.tmp with options [CREATE, TRUNCATE_EXISTING, WRITE]: sun.nio.ch.FileChannelImpl@2bce21ca
2025-10-10 11:52:36,848 [s0@group-76F5658665B2-StateMachineUpdater] TRACE util.FileUtils (LogUtils.java:runAndLog(49)) - Successfully ran Atomic Files.move /home/runner/work/ratis/ratis/ratis-test/target/test/data/319b119c/MiniRaftClusterWithSimulatedRpc682d8ac0/s0/d5bbea78-8b68-4688-b7cf-76f5658665b2/current/raft-meta.conf.tmp to /home/runner/work/ratis/ratis/ratis-test/target/test/data/319b119c/MiniRaftClusterWithSimulatedRpc682d8ac0/s0/d5bbea78-8b68-4688-b7cf-76f5658665b2/current/raft-meta.conf with options [REPLACE_EXISTING]
2025-10-10 11:52:36,849 [s0@group-76F5658665B2-StateMachineUpdater] TRACE util.FileUtils (LogUtils.java:supplyAndLog(69)) - Successfully supplied FileChannel.open /home/runner/work/ratis/ratis/ratis-test/target/test/data/319b119c/MiniRaftClusterWithSimulatedRpc682d8ac0/s0/d5bbea78-8b68-4688-b7cf-76f5658665b2/current/raft-meta.conf.tmp with options [CREATE, TRUNCATE_EXISTING, WRITE]: sun.nio.ch.FileChannelImpl@2509cac3
2025-10-10 11:52:36,850 [s0@group-76F5658665B2-StateMachineUpdater] TRACE util.FileUtils (LogUtils.java:runAndLog(49)) - Successfully ran Atomic Files.move /home/runner/work/ratis/ratis/ratis-test/target/test/data/319b119c/MiniRaftClusterWithSimulatedRpc682d8ac0/s0/d5bbea78-8b68-4688-b7cf-76f5658665b2/current/raft-meta.conf.tmp to /home/runner/work/ratis/ratis/ratis-test/target/test/data/319b119c/MiniRaftClusterWithSimulatedRpc682d8ac0/s0/d5bbea78-8b68-4688-b7cf-76f5658665b2/current/raft-meta.conf with options [REPLACE_EXISTING]
2025-10-10 11:52:36,851 [s0@group-76F5658665B2-StateMachineUpdater] INFO  server.RaftServer$Division (LeaderStateImpl.java:checkStartIndex(309)) - Leader s0@group-76F5658665B2-LeaderStateImpl is ready since appliedIndex == startIndex == 1
2025-10-10 11:52:36,852 [HandlerDaemon-1] DEBUG server.RaftServer$Division (RaftServerImpl.java:logAppendEntries(1537)) - s1@group-76F5658665B2: appendEntries* s0->s1#26-t2,previous=(t:2, i:1),leaderCommit=1,initializing? false,entries: size=1, first=(t:2, i:2), METADATAENTRY(c:1)
2025-10-10 11:52:36,852 [HandlerDaemon-1] DEBUG server.RaftServer$Division (RaftServerImpl.java:logAppendEntries(1537)) - s2@group-76F5658665B2: appendEntries* s0->s2#27-t2,previous=(t:2, i:1),leaderCommit=1,initializing? false,entries: size=1, first=(t:2, i:2), METADATAENTRY(c:1)
2025-10-10 11:52:36,853 [s2-server-thread1] DEBUG server.RaftServer$Division (RaftServerImpl.java:logAppendEntries(1537)) - s2@group-76F5658665B2: appendEntries* reply s0<-s2#27:OK-t2,SUCCESS,nextIndex=3,followerCommit=1,matchIndex=2
2025-10-10 11:52:36,853 [s1-server-thread1] DEBUG server.RaftServer$Division (RaftServerImpl.java:logAppendEntries(1537)) - s1@group-76F5658665B2: appendEntries* reply s0<-s1#26:OK-t2,SUCCESS,nextIndex=3,followerCommit=1,matchIndex=2
2025-10-10 11:52:36,853 [s2@group-76F5658665B2-StateMachineUpdater] TRACE util.FileUtils (LogUtils.java:supplyAndLog(69)) - Successfully supplied FileChannel.open /home/runner/work/ratis/ratis/ratis-test/target/test/data/319b119c/MiniRaftClusterWithSimulatedRpc682d8ac0/s2/d5bbea78-8b68-4688-b7cf-76f5658665b2/current/raft-meta.conf.tmp with options [CREATE, TRUNCATE_EXISTING, WRITE]: sun.nio.ch.FileChannelImpl@6b9b3796
2025-10-10 11:52:36,854 [s1@group-76F5658665B2-StateMachineUpdater] TRACE util.FileUtils (LogUtils.java:supplyAndLog(69)) - Successfully supplied FileChannel.open /home/runner/work/ratis/ratis/ratis-test/target/test/data/319b119c/MiniRaftClusterWithSimulatedRpc682d8ac0/s1/d5bbea78-8b68-4688-b7cf-76f5658665b2/current/raft-meta.conf.tmp with options [CREATE, TRUNCATE_EXISTING, WRITE]: sun.nio.ch.FileChannelImpl@6fd3e2f6
2025-10-10 11:52:36,855 [s2@group-76F5658665B2-StateMachineUpdater] TRACE util.FileUtils (LogUtils.java:runAndLog(49)) - Successfully ran Atomic Files.move /home/runner/work/ratis/ratis/ratis-test/target/test/data/319b119c/MiniRaftClusterWithSimulatedRpc682d8ac0/s2/d5bbea78-8b68-4688-b7cf-76f5658665b2/current/raft-meta.conf.tmp to /home/runner/work/ratis/ratis/ratis-test/target/test/data/319b119c/MiniRaftClusterWithSimulatedRpc682d8ac0/s2/d5bbea78-8b68-4688-b7cf-76f5658665b2/current/raft-meta.conf with options [REPLACE_EXISTING]
2025-10-10 11:52:36,855 [s1@group-76F5658665B2-StateMachineUpdater] TRACE util.FileUtils (LogUtils.java:runAndLog(49)) - Successfully ran Atomic Files.move /home/runner/work/ratis/ratis/ratis-test/target/test/data/319b119c/MiniRaftClusterWithSimulatedRpc682d8ac0/s1/d5bbea78-8b68-4688-b7cf-76f5658665b2/current/raft-meta.conf.tmp to /home/runner/work/ratis/ratis/ratis-test/target/test/data/319b119c/MiniRaftClusterWithSimulatedRpc682d8ac0/s1/d5bbea78-8b68-4688-b7cf-76f5658665b2/current/raft-meta.conf with options [REPLACE_EXISTING]
2025-10-10 11:52:36,855 [s2@group-76F5658665B2-StateMachineUpdater] TRACE util.FileUtils (LogUtils.java:supplyAndLog(69)) - Successfully supplied FileChannel.open /home/runner/work/ratis/ratis/ratis-test/target/test/data/319b119c/MiniRaftClusterWithSimulatedRpc682d8ac0/s2/d5bbea78-8b68-4688-b7cf-76f5658665b2/current/raft-meta.conf.tmp with options [CREATE, TRUNCATE_EXISTING, WRITE]: sun.nio.ch.FileChannelImpl@655cd495
2025-10-10 11:52:36,856 [s1@group-76F5658665B2-StateMachineUpdater] TRACE util.FileUtils (LogUtils.java:supplyAndLog(69)) - Successfully supplied FileChannel.open /home/runner/work/ratis/ratis/ratis-test/target/test/data/319b119c/MiniRaftClusterWithSimulatedRpc682d8ac0/s1/d5bbea78-8b68-4688-b7cf-76f5658665b2/current/raft-meta.conf.tmp with options [CREATE, TRUNCATE_EXISTING, WRITE]: sun.nio.ch.FileChannelImpl@6114017c
2025-10-10 11:52:36,857 [s2@group-76F5658665B2-StateMachineUpdater] TRACE util.FileUtils (LogUtils.java:runAndLog(49)) - Successfully ran Atomic Files.move /home/runner/work/ratis/ratis/ratis-test/target/test/data/319b119c/MiniRaftClusterWithSimulatedRpc682d8ac0/s2/d5bbea78-8b68-4688-b7cf-76f5658665b2/current/raft-meta.conf.tmp to /home/runner/work/ratis/ratis/ratis-test/target/test/data/319b119c/MiniRaftClusterWithSimulatedRpc682d8ac0/s2/d5bbea78-8b68-4688-b7cf-76f5658665b2/current/raft-meta.conf with options [REPLACE_EXISTING]
2025-10-10 11:52:36,858 [s1@group-76F5658665B2-StateMachineUpdater] TRACE util.FileUtils (LogUtils.java:runAndLog(49)) - Successfully ran Atomic Files.move /home/runner/work/ratis/ratis/ratis-test/target/test/data/319b119c/MiniRaftClusterWithSimulatedRpc682d8ac0/s1/d5bbea78-8b68-4688-b7cf-76f5658665b2/current/raft-meta.conf.tmp to /home/runner/work/ratis/ratis/ratis-test/target/test/data/319b119c/MiniRaftClusterWithSimulatedRpc682d8ac0/s1/d5bbea78-8b68-4688-b7cf-76f5658665b2/current/raft-meta.conf with options [REPLACE_EXISTING]
2025-10-10 11:52:39,280 [main] INFO  ratis.RaftTestUtil (RaftTestUtil.java:waitForLeader(131)) - printing ALL groups
  s0:  RUNNING    LEADER (RUNNING): s0@group-76F5658665B2:t2, leader=s0, voted=s0, raftlog=Memoized:s0@group-76F5658665B2-SegmentedRaftLog:OPENED:c2:last(t:2, i:2), conf=conf: {index: 1, cur=peers:[s0|, s1|, s2|]|listeners:[], old=null}
  s1:  RUNNING  FOLLOWER (RUNNING): s1@group-76F5658665B2:t2, leader=s0, voted=s0, raftlog=Memoized:s1@group-76F5658665B2-SegmentedRaftLog:OPENED:c2:last(t:2, i:2), conf=conf: {index: 1, cur=peers:[s0|, s1|, s2|]|listeners:[], old=null}
  s2:  RUNNING  FOLLOWER (RUNNING): s2@group-76F5658665B2:t2, leader=s0, voted=s0, raftlog=Memoized:s2@group-76F5658665B2-SegmentedRaftLog:OPENED:c2:last(t:2, i:2), conf=conf: {index: 1, cur=peers:[s0|, s1|, s2|]|listeners:[], old=null}
2025-10-10 11:52:39,281 [main] INFO  impl.MiniRaftCluster (MiniRaftCluster.java:shutdown(793)) - ************************************************************** 
2025-10-10 11:52:39,281 [main] INFO  impl.MiniRaftCluster (MiniRaftCluster.java:shutdown(794)) - *** 
2025-10-10 11:52:39,281 [main] INFO  impl.MiniRaftCluster (MiniRaftCluster.java:shutdown(795)) - ***     Stopping MiniRaftClusterWithSimulatedRpc
2025-10-10 11:52:39,281 [main] INFO  impl.MiniRaftCluster (MiniRaftCluster.java:shutdown(796)) - *** 
2025-10-10 11:52:39,281 [main] INFO  impl.MiniRaftCluster (MiniRaftCluster.java:shutdown(797)) - ************************************************************** 
2025-10-10 11:52:39,282 [main] INFO  impl.MiniRaftCluster (MiniRaftCluster.java:shutdown(798)) - printing ALL groups
  s0:  RUNNING    LEADER (RUNNING): s0@group-76F5658665B2:t2, leader=s0, voted=s0, raftlog=Memoized:s0@group-76F5658665B2-SegmentedRaftLog:OPENED:c2:last(t:2, i:2), conf=conf: {index: 1, cur=peers:[s0|, s1|, s2|]|listeners:[], old=null}
  s1:  RUNNING  FOLLOWER (RUNNING): s1@group-76F5658665B2:t2, leader=s0, voted=s0, raftlog=Memoized:s1@group-76F5658665B2-SegmentedRaftLog:OPENED:c2:last(t:2, i:2), conf=conf: {index: 1, cur=peers:[s0|, s1|, s2|]|listeners:[], old=null}
  s2:  RUNNING  FOLLOWER (RUNNING): s2@group-76F5658665B2:t2, leader=s0, voted=s0, raftlog=Memoized:s2@group-76F5658665B2-SegmentedRaftLog:OPENED:c2:last(t:2, i:2), conf=conf: {index: 1, cur=peers:[s0|, s1|, s2|]|listeners:[], old=null}
2025-10-10 11:52:39,282 [MiniRaftCluster-3] INFO  server.RaftServer (RaftServerProxy.java:lambda$close$9(425)) - s0: close
2025-10-10 11:52:39,283 [MiniRaftCluster-5] INFO  server.RaftServer (RaftServerProxy.java:lambda$close$9(425)) - s2: close
2025-10-10 11:52:39,283 [HandlerDaemon-0] INFO  simulation.RequestHandler (RequestHandler.java:run(127)) - s0.clientHandler0 is interrupted by java.io.InterruptedIOException: 
2025-10-10 11:52:39,283 [HandlerDaemon-1] INFO  simulation.RequestHandler (RequestHandler.java:run(127)) - s0.clientHandler1 is interrupted by java.io.InterruptedIOException: 
2025-10-10 11:52:39,283 [HandlerDaemon-2] INFO  simulation.RequestHandler (RequestHandler.java:run(127)) - s0.clientHandler2 is interrupted by java.io.InterruptedIOException: 
2025-10-10 11:52:39,282 [MiniRaftCluster-4] INFO  server.RaftServer (RaftServerProxy.java:lambda$close$9(425)) - s1: close
2025-10-10 11:52:39,283 [s0-impl-thread1] INFO  server.RaftServer$Division (RaftServerImpl.java:lambda$close$1(528)) - s0@group-76F5658665B2: shutdown
2025-10-10 11:52:39,284 [HandlerDaemon-1] INFO  simulation.RequestHandler (RequestHandler.java:run(127)) - s2.clientHandler1 is interrupted by java.io.InterruptedIOException: 
2025-10-10 11:52:39,285 [s0-impl-thread1] INFO  util.JmxRegister (JmxRegister.java:unregister(74)) - Successfully un-registered JMX Bean with object name Ratis:service=RaftServer,group=group-76F5658665B2,id=s0
2025-10-10 11:52:39,285 [HandlerDaemon-2] INFO  simulation.RequestHandler (RequestHandler.java:run(127)) - s2.clientHandler2 is interrupted by java.io.InterruptedIOException: 
2025-10-10 11:52:39,284 [s2-impl-thread1] INFO  server.RaftServer$Division (RaftServerImpl.java:lambda$close$1(528)) - s2@group-76F5658665B2: shutdown
2025-10-10 11:52:39,285 [s2-impl-thread1] INFO  util.JmxRegister (JmxRegister.java:unregister(74)) - Successfully un-registered JMX Bean with object name Ratis:service=RaftServer,group=group-76F5658665B2,id=s2
2025-10-10 11:52:39,286 [s2-impl-thread1] INFO  impl.RoleInfo (RoleInfo.java:shutdownFollowerState(121)) - s2: shutdown s2@group-76F5658665B2-FollowerState
2025-10-10 11:52:39,285 [s1-impl-thread1] INFO  server.RaftServer$Division (RaftServerImpl.java:lambda$close$1(528)) - s1@group-76F5658665B2: shutdown
2025-10-10 11:52:39,286 [s1-impl-thread1] INFO  util.JmxRegister (JmxRegister.java:unregister(74)) - Successfully un-registered JMX Bean with object name Ratis:service=RaftServer,group=group-76F5658665B2,id=s1
2025-10-10 11:52:39,286 [s1-impl-thread1] INFO  impl.RoleInfo (RoleInfo.java:shutdownFollowerState(121)) - s1: shutdown s1@group-76F5658665B2-FollowerState
2025-10-10 11:52:39,286 [s1-impl-thread1] INFO  impl.StateMachineUpdater (StateMachineUpdater.java:stopAndJoin(163)) - s1@group-76F5658665B2-StateMachineUpdater: set stopIndex = 2
2025-10-10 11:52:39,285 [HandlerDaemon-1] INFO  simulation.RequestHandler (RequestHandler.java:run(127)) - s0.serverHandler1 is interrupted by java.io.InterruptedIOException: 
2025-10-10 11:52:39,285 [HandlerDaemon-2] INFO  simulation.RequestHandler (RequestHandler.java:run(127)) - s0.serverHandler2 is interrupted by java.io.InterruptedIOException: 
2025-10-10 11:52:39,285 [HandlerDaemon-0] INFO  simulation.RequestHandler (RequestHandler.java:run(127)) - s0.serverHandler0 is interrupted by java.io.InterruptedIOException: 
2025-10-10 11:52:39,285 [HandlerDaemon-0] INFO  simulation.RequestHandler (RequestHandler.java:run(127)) - s1.clientHandler0 is interrupted by java.io.InterruptedIOException: 
2025-10-10 11:52:39,285 [HandlerDaemon-1] INFO  simulation.RequestHandler (RequestHandler.java:run(127)) - s1.clientHandler1 is interrupted by java.io.InterruptedIOException: 
2025-10-10 11:52:39,285 [s0-impl-thread1] INFO  impl.RoleInfo (RoleInfo.java:shutdownLeaderState(103)) - s0: shutdown s0@group-76F5658665B2-LeaderStateImpl
2025-10-10 11:52:39,287 [s0@group-76F5658665B2->s2-LogAppenderDefault-LogAppenderDaemon] INFO  leader.LogAppenderDaemon (LogAppenderDaemon.java:run(85)) - s0@group-76F5658665B2->s2-LogAppenderDefault-LogAppenderDaemon was interrupted: java.lang.InterruptedException
2025-10-10 11:52:39,285 [HandlerDaemon-0] INFO  simulation.RequestHandler (RequestHandler.java:run(127)) - s2.clientHandler0 is interrupted by java.io.InterruptedIOException: 
2025-10-10 11:52:39,285 [HandlerDaemon-2] INFO  simulation.RequestHandler (RequestHandler.java:run(127)) - s1.clientHandler2 is interrupted by java.io.InterruptedIOException: 
2025-10-10 11:52:39,288 [HandlerDaemon-2] INFO  simulation.RequestHandler (RequestHandler.java:run(127)) - s2.serverHandler2 is interrupted by java.io.InterruptedIOException: 
2025-10-10 11:52:39,288 [HandlerDaemon-0] INFO  simulation.RequestHandler (RequestHandler.java:run(127)) - s2.serverHandler0 is interrupted by java.io.InterruptedIOException: 
2025-10-10 11:52:39,288 [HandlerDaemon-1] INFO  simulation.RequestHandler (RequestHandler.java:run(127)) - s2.serverHandler1 is interrupted by java.io.InterruptedIOException: 
2025-10-10 11:52:39,288 [s0@group-76F5658665B2->s1-LogAppenderDefault-LogAppenderDaemon] INFO  leader.LogAppenderDaemon (LogAppenderDaemon.java:run(85)) - s0@group-76F5658665B2->s1-LogAppenderDefault-LogAppenderDaemon was interrupted: java.lang.InterruptedException
2025-10-10 11:52:39,289 [HandlerDaemon-2] INFO  simulation.RequestHandler (RequestHandler.java:run(127)) - s1.serverHandler2 is interrupted by java.io.InterruptedIOException: 
2025-10-10 11:52:39,287 [s0-impl-thread1] INFO  impl.PendingRequests (PendingRequests.java:sendNotLeaderResponses(281)) - s0@group-76F5658665B2-PendingRequests: sendNotLeaderResponses
2025-10-10 11:52:39,286 [s1@group-76F5658665B2-FollowerState] INFO  impl.FollowerState (FollowerState.java:runImpl(170)) - s1@group-76F5658665B2-FollowerState was interrupted
2025-10-10 11:52:39,286 [s1@group-76F5658665B2-StateMachineUpdater] INFO  impl.StateMachineUpdater (StateMachineUpdater.java:stop(140)) - s1@group-76F5658665B2-StateMachineUpdater: closing BaseStateMachine, lastApplied=(t:2, i:2)
2025-10-10 11:52:39,286 [s2@group-76F5658665B2-StateMachineUpdater] INFO  impl.StateMachineUpdater (StateMachineUpdater.java:stop(140)) - s2@group-76F5658665B2-StateMachineUpdater: closing BaseStateMachine, lastApplied=(t:2, i:2)
2025-10-10 11:52:39,290 [s1@group-76F5658665B2-cacheEviction-AwaitToRun] INFO  util.AwaitToRun (AwaitToRun.java:run(49)) - s1@group-76F5658665B2-cacheEviction-AwaitToRun-AwaitForSignal is interrupted
2025-10-10 11:52:39,286 [s2@group-76F5658665B2-FollowerState] INFO  impl.FollowerState (FollowerState.java:runImpl(170)) - s2@group-76F5658665B2-FollowerState was interrupted
2025-10-10 11:52:39,286 [s2-impl-thread1] INFO  impl.StateMachineUpdater (StateMachineUpdater.java:stopAndJoin(163)) - s2@group-76F5658665B2-StateMachineUpdater: set stopIndex = 2
2025-10-10 11:52:39,289 [HandlerDaemon-1] INFO  simulation.RequestHandler (RequestHandler.java:run(127)) - s1.serverHandler1 is interrupted by java.io.InterruptedIOException: 
2025-10-10 11:52:39,289 [HandlerDaemon-0] INFO  simulation.RequestHandler (RequestHandler.java:run(127)) - s1.serverHandler0 is interrupted by java.io.InterruptedIOException: 
2025-10-10 11:52:39,291 [s2@group-76F5658665B2-cacheEviction-AwaitToRun] INFO  util.AwaitToRun (AwaitToRun.java:run(49)) - s2@group-76F5658665B2-cacheEviction-AwaitToRun-AwaitForSignal is interrupted
2025-10-10 11:52:39,293 [s0-impl-thread1] INFO  impl.StateMachineUpdater (StateMachineUpdater.java:stopAndJoin(163)) - s0@group-76F5658665B2-StateMachineUpdater: set stopIndex = 2
2025-10-10 11:52:39,293 [s0@group-76F5658665B2-StateMachineUpdater] INFO  impl.StateMachineUpdater (StateMachineUpdater.java:stop(140)) - s0@group-76F5658665B2-StateMachineUpdater: closing BaseStateMachine, lastApplied=(t:2, i:2)
2025-10-10 11:52:39,294 [s0@group-76F5658665B2-cacheEviction-AwaitToRun] INFO  util.AwaitToRun (AwaitToRun.java:run(49)) - s0@group-76F5658665B2-cacheEviction-AwaitToRun-AwaitForSignal is interrupted
2025-10-10 11:52:39,323 [Timer-1] INFO  impl.MiniRaftCluster (MiniRaftCluster.java:lambda$null$7(340)) - TIMED-PRINT: printing ALL groups
  s0:  CLOSING    LEADER (CLOSING): s0@group-76F5658665B2:t2, leader=s0, voted=s0, raftlog=Memoized:s0@group-76F5658665B2-SegmentedRaftLog:CLOSED:c2, conf=conf: {index: 1, cur=peers:[s0|, s1|, s2|]|listeners:[], old=null}
  s1:  CLOSING  FOLLOWER (CLOSING): s1@group-76F5658665B2:t2, leader=s0, voted=s0, raftlog=Memoized:s1@group-76F5658665B2-SegmentedRaftLog:CLOSED:c2, conf=conf: {index: 1, cur=peers:[s0|, s1|, s2|]|listeners:[], old=null}
  s2:  CLOSING  FOLLOWER (CLOSING): s2@group-76F5658665B2:t2, leader=s0, voted=s0, raftlog=Memoized:s2@group-76F5658665B2-SegmentedRaftLog:CLOSED:c2, conf=conf: {index: 1, cur=peers:[s0|, s1|, s2|]|listeners:[], old=null}.
2025-10-10 11:52:39,852 [s0-impl-thread1] INFO  segmented.SegmentedRaftLogWorker (SegmentedRaftLogWorker.java:close(254)) - s0@group-76F5658665B2-SegmentedRaftLogWorker close()
2025-10-10 11:52:39,853 [JvmPauseMonitor5] INFO  util.JvmPauseMonitor (JvmPauseMonitor.java:run(152)) - JvmPauseMonitor-s0: Stopped
2025-10-10 11:52:39,855 [s2-impl-thread1] INFO  segmented.SegmentedRaftLogWorker (SegmentedRaftLogWorker.java:close(254)) - s2@group-76F5658665B2-SegmentedRaftLogWorker close()
2025-10-10 11:52:39,855 [s1-impl-thread1] INFO  segmented.SegmentedRaftLogWorker (SegmentedRaftLogWorker.java:close(254)) - s1@group-76F5658665B2-SegmentedRaftLogWorker close()
2025-10-10 11:52:39,857 [JvmPauseMonitor6] INFO  util.JvmPauseMonitor (JvmPauseMonitor.java:run(152)) - JvmPauseMonitor-s1: Stopped
2025-10-10 11:52:39,858 [JvmPauseMonitor7] INFO  util.JvmPauseMonitor (JvmPauseMonitor.java:run(152)) - JvmPauseMonitor-s2: Stopped
2025-10-10 11:52:39,858 [main] INFO  impl.MiniRaftCluster (MiniRaftCluster.java:shutdown(817)) - MiniRaftClusterWithSimulatedRpc shutdown completed
]]></system-out>
  </testcase>
  <testcase name="testGroupRemoveWhenRename" classname="org.apache.ratis.server.simulation.TestGroupManagementWithSimulatedRpc" time="3.03">
    <system-out><![CDATA[2025-10-10 11:52:39,860 [main] INFO  util.LogUtils (Slf4jUtils.java:setLogLevel(38)) - Successfully set org.apache.ratis.conf.ConfUtils log level to WARN
2025-10-10 11:52:39,860 [main] INFO  util.LogUtils (Slf4jUtils.java:setLogLevel(38)) - Successfully set org.apache.ratis.util.FileUtils log level to TRACE
2025-10-10 11:52:39,861 [main] INFO  util.LogUtils (Slf4jUtils.java:setLogLevel(38)) - Successfully set org.apache.ratis.server.RaftServer log level to DEBUG
2025-10-10 11:52:39,861 [main] INFO  util.LogUtils (Slf4jUtils.java:setLogLevel(38)) - Successfully set org.apache.ratis.server.RaftServer$Division log level to DEBUG
2025-10-10 11:52:39,861 [main] INFO  util.LogUtils (Slf4jUtils.java:setLogLevel(38)) - Successfully set org.apache.ratis.client.RaftClient log level to DEBUG
2025-10-10 11:52:39,863 [main] INFO  impl.MiniRaftCluster (MiniRaftCluster.java:<init>(297)) - new MiniRaftClusterWithSimulatedRpc with group-C42AAE7925C6:[s0|localhost:15016]
2025-10-10 11:52:39,864 [main] INFO  impl.MiniRaftCluster (MiniRaftCluster.java:<init>(297)) - new MiniRaftClusterWithSimulatedRpc with group-D0CAD92DF4F8:[s0|localhost:15020, s1|localhost:15024, s2|localhost:15028]
2025-10-10 11:52:39,864 [main] INFO  impl.MiniRaftCluster (MiniRaftCluster.java:start(330)) - .............................................................. 
2025-10-10 11:52:39,865 [main] INFO  impl.MiniRaftCluster (MiniRaftCluster.java:start(331)) - ... 
2025-10-10 11:52:39,865 [main] INFO  impl.MiniRaftCluster (MiniRaftCluster.java:start(332)) - ...     Starting MiniRaftClusterWithSimulatedRpc
2025-10-10 11:52:39,865 [main] INFO  impl.MiniRaftCluster (MiniRaftCluster.java:start(333)) - ... 
2025-10-10 11:52:39,865 [main] INFO  impl.MiniRaftCluster (MiniRaftCluster.java:start(334)) - .............................................................. 
2025-10-10 11:52:39,865 [main] INFO  impl.MiniRaftCluster (MiniRaftCluster.java:initServers(309)) - servers = {}
2025-10-10 11:52:39,865 [main] INFO  impl.MiniRaftCluster (MiniRaftCluster.java:newRaftServer(376)) - newRaftServer: s0, group-C42AAE7925C6:[s0|localhost:15016], format? true
2025-10-10 11:52:39,865 [main] TRACE util.FileUtils (FileUtils.java:deleteFully(355)) - deleteFully target/test/data/319b119c/MiniRaftClusterWithSimulatedRpcb89d009b/s0
2025-10-10 11:52:39,866 [main] TRACE util.FileUtils (FileUtils.java:deleteFully(368)) - deleteFully: target/test/data/319b119c/MiniRaftClusterWithSimulatedRpcb89d009b/s0 does not exist.
2025-10-10 11:52:39,866 [main] INFO  impl.MiniRaftCluster (MiniRaftCluster.java:newRaftServer(381)) - Formatted directory target/test/data/319b119c/MiniRaftClusterWithSimulatedRpcb89d009b/s0
2025-10-10 11:52:39,866 [main] DEBUG server.RaftServer (ServerImplUtils.java:newRaftServer(172)) - newRaftServer: s0, group-C42AAE7925C6:[s0|localhost:15016]
2025-10-10 11:52:39,866 [main] INFO  server.RaftServer (VersionInfo.java:printStartupMessages(132)) - Starting Apache Ratis Test -- RaftServerProxy s0
2025-10-10 11:52:39,866 [main] INFO  server.RaftServer (VersionInfo.java:printStartupMessages(136)) -                version: 3.1.3
2025-10-10 11:52:39,866 [main] INFO  server.RaftServer (VersionInfo.java:printStartupMessages(136)) -                    url: https://github.com/apache/ratis
2025-10-10 11:52:39,867 [main] INFO  server.RaftServer (VersionInfo.java:printStartupMessages(136)) -               revision: fd9ca3ab389b19913d3754459d6ee9a5ba33189b
2025-10-10 11:52:39,867 [main] INFO  server.RaftServer (VersionInfo.java:printStartupMessages(139)) -                   java: OpenJDK 64-Bit Server VM 1.8.0_462-b08
2025-10-10 11:52:39,867 [main] INFO  server.RaftServer (VersionInfo.java:printStartupMessages(139)) -                   user: runner
2025-10-10 11:52:39,868 [main] INFO  server.RaftServerConfigKeys (ConfUtils.java:logGet(62)) - raft.server.storage.dir = [/home/runner/work/ratis/ratis/ratis-test/target/test/data/319b119c/MiniRaftClusterWithSimulatedRpcb89d009b/s0] (custom)
2025-10-10 11:52:39,868 [main] INFO  server.RaftServer (RaftServerProxy.java:addNew(106)) - s0: addNew group-C42AAE7925C6:[s0|localhost:15016] returns group-C42AAE7925C6:java.util.concurrent.CompletableFuture@50756c76[Not completed]
2025-10-10 11:52:39,869 [s0-groupManagement] INFO  server.RaftServer$Division (RaftServerImpl.java:<init>(269)) - s0: new RaftServerImpl for group-C42AAE7925C6:[s0|localhost:15016] with BaseStateMachine-10:uninitialized
2025-10-10 11:52:39,869 [s0-groupManagement] INFO  server.RaftServer$Division (ServerState.java:<init>(115)) - s0@group-C42AAE7925C6: ConfigurationManager, init=conf: {index: -1, cur=peers:[s0|localhost:15016]|listeners:[], old=null}, confs=<EMPTY_MAP>
2025-10-10 11:52:39,871 [s0-impl-thread1] INFO  storage.RaftStorageDirectory (RaftStorageDirectoryImpl.java:analyzeStorage(138)) - The storage directory /home/runner/work/ratis/ratis/ratis-test/target/test/data/319b119c/MiniRaftClusterWithSimulatedRpcb89d009b/s0/75cbc60e-f65c-4d01-88bf-c42aae7925c6 does not exist. Creating ...
2025-10-10 11:52:39,872 [s0-impl-thread1] TRACE util.FileUtils (LogUtils.java:runAndLog(49)) - Successfully ran Files.createDirectories /home/runner/work/ratis/ratis/ratis-test/target/test/data/319b119c/MiniRaftClusterWithSimulatedRpcb89d009b/s0/75cbc60e-f65c-4d01-88bf-c42aae7925c6
2025-10-10 11:52:39,872 [s0-impl-thread1] INFO  storage.RaftStorageDirectory (RaftStorageDirectoryImpl.java:tryLock(229)) - Lock on /home/runner/work/ratis/ratis/ratis-test/target/test/data/319b119c/MiniRaftClusterWithSimulatedRpcb89d009b/s0/75cbc60e-f65c-4d01-88bf-c42aae7925c6/in_use.lock acquired by nodename 9833@runnervmwhb2z
2025-10-10 11:52:39,873 [s0-impl-thread1] TRACE util.FileUtils (LogUtils.java:runAndLog(49)) - Successfully ran Files.createDirectories /home/runner/work/ratis/ratis/ratis-test/target/test/data/319b119c/MiniRaftClusterWithSimulatedRpcb89d009b/s0/75cbc60e-f65c-4d01-88bf-c42aae7925c6/current
2025-10-10 11:52:39,873 [s0-impl-thread1] TRACE util.FileUtils (LogUtils.java:runAndLog(49)) - Successfully ran Files.createDirectories /home/runner/work/ratis/ratis/ratis-test/target/test/data/319b119c/MiniRaftClusterWithSimulatedRpcb89d009b/s0/75cbc60e-f65c-4d01-88bf-c42aae7925c6/sm
2025-10-10 11:52:39,873 [s0-impl-thread1] TRACE util.FileUtils (LogUtils.java:supplyAndLog(69)) - Successfully supplied FileChannel.open /home/runner/work/ratis/ratis/ratis-test/target/test/data/319b119c/MiniRaftClusterWithSimulatedRpcb89d009b/s0/75cbc60e-f65c-4d01-88bf-c42aae7925c6/current/raft-meta.tmp with options [CREATE, TRUNCATE_EXISTING, WRITE]: sun.nio.ch.FileChannelImpl@3e954801
2025-10-10 11:52:39,874 [s0-impl-thread1] TRACE util.FileUtils (LogUtils.java:runAndLog(49)) - Successfully ran Atomic Files.move /home/runner/work/ratis/ratis/ratis-test/target/test/data/319b119c/MiniRaftClusterWithSimulatedRpcb89d009b/s0/75cbc60e-f65c-4d01-88bf-c42aae7925c6/current/raft-meta.tmp to /home/runner/work/ratis/ratis/ratis-test/target/test/data/319b119c/MiniRaftClusterWithSimulatedRpcb89d009b/s0/75cbc60e-f65c-4d01-88bf-c42aae7925c6/current/raft-meta with options [REPLACE_EXISTING]
2025-10-10 11:52:39,874 [s0-impl-thread1] INFO  storage.RaftStorage (RaftStorageImpl.java:format(98)) - Storage directory /home/runner/work/ratis/ratis/ratis-test/target/test/data/319b119c/MiniRaftClusterWithSimulatedRpcb89d009b/s0/75cbc60e-f65c-4d01-88bf-c42aae7925c6 has been successfully formatted.
2025-10-10 11:52:39,874 [s0-impl-thread1] INFO  server.RaftServer$Division (ServerState.java:getSnapshotIndexFromStateMachine(155)) - s0@group-C42AAE7925C6: getLatestSnapshot(BaseStateMachine-10:s0:group-C42AAE7925C6) returns null
2025-10-10 11:52:39,874 [s0-impl-thread1] INFO  raftlog.RaftLog (RaftLogBase.java:<init>(90)) - s0@group-C42AAE7925C6-SegmentedRaftLog: snapshotIndexFromStateMachine = -1
2025-10-10 11:52:39,875 [s0-impl-thread1] INFO  util.AwaitToRun (AwaitToRun.java:start(81)) - Thread[s0@group-C42AAE7925C6-cacheEviction-AwaitToRun,5,main] started
2025-10-10 11:52:39,875 [s0-impl-thread1] INFO  segmented.SegmentedRaftLogWorker (SegmentedRaftLogWorker.java:<init>(190)) - new s0@group-C42AAE7925C6-SegmentedRaftLogWorker for RaftStorageImpl:Storage Directory /home/runner/work/ratis/ratis/ratis-test/target/test/data/319b119c/MiniRaftClusterWithSimulatedRpcb89d009b/s0/75cbc60e-f65c-4d01-88bf-c42aae7925c6
2025-10-10 11:52:39,876 [s0-impl-thread1] INFO  segmented.SegmentedRaftLogWorker (SegmentedRaftLogWorker.java:lambda$new$0(141)) - s0@group-C42AAE7925C6-SegmentedRaftLogWorker: flushIndex: setUnconditionally 0 -> -1
2025-10-10 11:52:39,876 [s0-impl-thread1] INFO  segmented.SegmentedRaftLogWorker (SegmentedRaftLogWorker.java:lambda$new$0(141)) - s0@group-C42AAE7925C6-SegmentedRaftLogWorker: safeCacheEvictIndex: setUnconditionally 0 -> -1
2025-10-10 11:52:39,876 [s0-impl-thread1] INFO  server.RaftServer$Division (RaftServerImpl.java:start(406)) - s0@group-C42AAE7925C6: start as a follower, conf=conf: {index: -1, cur=peers:[s0|localhost:15016]|listeners:[], old=null}
2025-10-10 11:52:39,877 [s0-impl-thread1] INFO  server.RaftServer$Division (RaftServerImpl.java:setRole(393)) - s0@group-C42AAE7925C6: changes role from      null to FOLLOWER at term 0 for startAsFollower
2025-10-10 11:52:39,877 [s0-impl-thread1] INFO  impl.RoleInfo (RoleInfo.java:updateAndGet(148)) - s0: start s0@group-C42AAE7925C6-FollowerState
2025-10-10 11:52:39,877 [s0-impl-thread1] INFO  util.JmxRegister (JmxRegister.java:tryRegister(44)) - Successfully registered JMX Bean with object name Ratis:service=RaftServer,group=group-C42AAE7925C6,id=s0
2025-10-10 11:52:39,877 [s0@group-C42AAE7925C6-FollowerState] INFO  server.RaftServerConfigKeys (ConfUtils.java:logFallback(69)) - raft.server.rpc.first-election.timeout.min = 1500ms (fallback to raft.server.rpc.timeout.min)
2025-10-10 11:52:39,877 [s0-impl-thread1] INFO  util.JmxRegister (JmxRegister.java:register(58)) - register mxBean class org.apache.ratis.server.impl.RaftServerJmxAdapter as Ratis:service=RaftServer,group=group-C42AAE7925C6,id=s0
2025-10-10 11:52:39,877 [s0@group-C42AAE7925C6-FollowerState] INFO  server.RaftServerConfigKeys (ConfUtils.java:logFallback(69)) - raft.server.rpc.first-election.timeout.max = 2000ms (fallback to raft.server.rpc.timeout.max)
2025-10-10 11:52:39,878 [s0-impl-thread1] INFO  server.RaftServer$Division (RaftServerImpl.java:start(420)) - s0@group-C42AAE7925C6: Successfully started.
2025-10-10 11:52:39,878 [main] INFO  server.RaftServer (RaftServerProxy.java:startImpl(415)) - s0: start RPC server
2025-10-10 11:52:39,878 [JvmPauseMonitor8] INFO  util.JvmPauseMonitor (JvmPauseMonitor.java:run(146)) - JvmPauseMonitor-s0: Started
2025-10-10 11:52:39,879 [main] DEBUG client.RaftClient (RaftClientImpl.java:newRequest(95)) - attempt #1, newRequest GroupManagementRequest:client-1DFC5EF03C74->s0@group-D0CAD92DF4F8, cid=40, seq=null, RW, null, Add:group-D0CAD92DF4F8:[s0]
2025-10-10 11:52:39,879 [HandlerDaemon-0] INFO  server.RaftServer (RaftServerProxy.java:addNew(106)) - s0: addNew group-D0CAD92DF4F8:[s0] returns group-D0CAD92DF4F8:java.util.concurrent.CompletableFuture@445e041b[Not completed]
2025-10-10 11:52:39,880 [s0-groupManagement] INFO  server.RaftServer$Division (RaftServerImpl.java:<init>(269)) - s0: new RaftServerImpl for group-D0CAD92DF4F8:[s0] with BaseStateMachine-11:uninitialized
2025-10-10 11:52:39,880 [s0-groupManagement] INFO  server.RaftServer$Division (ServerState.java:<init>(115)) - s0@group-D0CAD92DF4F8: ConfigurationManager, init=conf: {index: -1, cur=peers:[s0]|listeners:[], old=null}, confs=<EMPTY_MAP>
2025-10-10 11:52:39,882 [s0-groupManagement] DEBUG server.RaftServer (RaftServerProxy.java:lambda$groupAddAsync$13(517)) - s0: newImpl =      null (NEW): s0@group-D0CAD92DF4F8:t0, leader=null, voted=null, raftlog=UNINITIALIZED, conf=conf: {index: -1, cur=peers:[s0]|listeners:[], old=null}
2025-10-10 11:52:39,882 [s0-groupManagement] INFO  storage.RaftStorageDirectory (RaftStorageDirectoryImpl.java:analyzeStorage(138)) - The storage directory /home/runner/work/ratis/ratis/ratis-test/target/test/data/319b119c/MiniRaftClusterWithSimulatedRpcb89d009b/s0/2c59b60e-9f57-42d1-a2e6-d0cad92df4f8 does not exist. Creating ...
2025-10-10 11:52:39,883 [s0-groupManagement] TRACE util.FileUtils (LogUtils.java:runAndLog(49)) - Successfully ran Files.createDirectories /home/runner/work/ratis/ratis/ratis-test/target/test/data/319b119c/MiniRaftClusterWithSimulatedRpcb89d009b/s0/2c59b60e-9f57-42d1-a2e6-d0cad92df4f8
2025-10-10 11:52:39,884 [s0-groupManagement] INFO  storage.RaftStorageDirectory (RaftStorageDirectoryImpl.java:tryLock(229)) - Lock on /home/runner/work/ratis/ratis/ratis-test/target/test/data/319b119c/MiniRaftClusterWithSimulatedRpcb89d009b/s0/2c59b60e-9f57-42d1-a2e6-d0cad92df4f8/in_use.lock acquired by nodename 9833@runnervmwhb2z
2025-10-10 11:52:39,884 [s0-groupManagement] TRACE util.FileUtils (LogUtils.java:runAndLog(49)) - Successfully ran Files.createDirectories /home/runner/work/ratis/ratis/ratis-test/target/test/data/319b119c/MiniRaftClusterWithSimulatedRpcb89d009b/s0/2c59b60e-9f57-42d1-a2e6-d0cad92df4f8/current
2025-10-10 11:52:39,884 [s0-groupManagement] TRACE util.FileUtils (LogUtils.java:runAndLog(49)) - Successfully ran Files.createDirectories /home/runner/work/ratis/ratis/ratis-test/target/test/data/319b119c/MiniRaftClusterWithSimulatedRpcb89d009b/s0/2c59b60e-9f57-42d1-a2e6-d0cad92df4f8/sm
2025-10-10 11:52:39,884 [s0-groupManagement] TRACE util.FileUtils (LogUtils.java:supplyAndLog(69)) - Successfully supplied FileChannel.open /home/runner/work/ratis/ratis/ratis-test/target/test/data/319b119c/MiniRaftClusterWithSimulatedRpcb89d009b/s0/2c59b60e-9f57-42d1-a2e6-d0cad92df4f8/current/raft-meta.tmp with options [CREATE, TRUNCATE_EXISTING, WRITE]: sun.nio.ch.FileChannelImpl@12df3a06
2025-10-10 11:52:39,885 [s0-groupManagement] TRACE util.FileUtils (LogUtils.java:runAndLog(49)) - Successfully ran Atomic Files.move /home/runner/work/ratis/ratis/ratis-test/target/test/data/319b119c/MiniRaftClusterWithSimulatedRpcb89d009b/s0/2c59b60e-9f57-42d1-a2e6-d0cad92df4f8/current/raft-meta.tmp to /home/runner/work/ratis/ratis/ratis-test/target/test/data/319b119c/MiniRaftClusterWithSimulatedRpcb89d009b/s0/2c59b60e-9f57-42d1-a2e6-d0cad92df4f8/current/raft-meta with options [REPLACE_EXISTING]
2025-10-10 11:52:39,885 [s0-groupManagement] INFO  storage.RaftStorage (RaftStorageImpl.java:format(98)) - Storage directory /home/runner/work/ratis/ratis/ratis-test/target/test/data/319b119c/MiniRaftClusterWithSimulatedRpcb89d009b/s0/2c59b60e-9f57-42d1-a2e6-d0cad92df4f8 has been successfully formatted.
2025-10-10 11:52:39,885 [s0-groupManagement] INFO  server.RaftServer$Division (ServerState.java:getSnapshotIndexFromStateMachine(155)) - s0@group-D0CAD92DF4F8: getLatestSnapshot(BaseStateMachine-11:s0:group-D0CAD92DF4F8) returns null
2025-10-10 11:52:39,885 [s0-groupManagement] INFO  raftlog.RaftLog (RaftLogBase.java:<init>(90)) - s0@group-D0CAD92DF4F8-SegmentedRaftLog: snapshotIndexFromStateMachine = -1
2025-10-10 11:52:39,886 [s0-groupManagement] INFO  util.AwaitToRun (AwaitToRun.java:start(81)) - Thread[s0@group-D0CAD92DF4F8-cacheEviction-AwaitToRun,5,main] started
2025-10-10 11:52:39,886 [s0-groupManagement] INFO  segmented.SegmentedRaftLogWorker (SegmentedRaftLogWorker.java:<init>(190)) - new s0@group-D0CAD92DF4F8-SegmentedRaftLogWorker for RaftStorageImpl:Storage Directory /home/runner/work/ratis/ratis/ratis-test/target/test/data/319b119c/MiniRaftClusterWithSimulatedRpcb89d009b/s0/2c59b60e-9f57-42d1-a2e6-d0cad92df4f8
2025-10-10 11:52:39,889 [s0-groupManagement] INFO  segmented.SegmentedRaftLogWorker (SegmentedRaftLogWorker.java:lambda$new$0(141)) - s0@group-D0CAD92DF4F8-SegmentedRaftLogWorker: flushIndex: setUnconditionally 0 -> -1
2025-10-10 11:52:39,890 [s0-groupManagement] INFO  segmented.SegmentedRaftLogWorker (SegmentedRaftLogWorker.java:lambda$new$0(141)) - s0@group-D0CAD92DF4F8-SegmentedRaftLogWorker: safeCacheEvictIndex: setUnconditionally 0 -> -1
2025-10-10 11:52:39,890 [s0-groupManagement] INFO  server.RaftServer$Division (RaftServerImpl.java:start(406)) - s0@group-D0CAD92DF4F8: start as a follower, conf=conf: {index: -1, cur=peers:[s0]|listeners:[], old=null}
2025-10-10 11:52:39,890 [s0-groupManagement] INFO  server.RaftServer$Division (RaftServerImpl.java:setRole(393)) - s0@group-D0CAD92DF4F8: changes role from      null to FOLLOWER at term 0 for startAsFollower
2025-10-10 11:52:39,890 [s0-groupManagement] INFO  impl.RoleInfo (RoleInfo.java:updateAndGet(148)) - s0: start s0@group-D0CAD92DF4F8-FollowerState
2025-10-10 11:52:39,890 [s0-groupManagement] INFO  util.JmxRegister (JmxRegister.java:tryRegister(44)) - Successfully registered JMX Bean with object name Ratis:service=RaftServer,group=group-D0CAD92DF4F8,id=s0
2025-10-10 11:52:39,891 [s0@group-D0CAD92DF4F8-FollowerState] INFO  server.RaftServerConfigKeys (ConfUtils.java:logFallback(69)) - raft.server.rpc.first-election.timeout.min = 1500ms (fallback to raft.server.rpc.timeout.min)
2025-10-10 11:52:39,891 [s0-groupManagement] INFO  util.JmxRegister (JmxRegister.java:register(58)) - register mxBean class org.apache.ratis.server.impl.RaftServerJmxAdapter as Ratis:service=RaftServer,group=group-D0CAD92DF4F8,id=s0
2025-10-10 11:52:39,891 [s0@group-D0CAD92DF4F8-FollowerState] INFO  server.RaftServerConfigKeys (ConfUtils.java:logFallback(69)) - raft.server.rpc.first-election.timeout.max = 2000ms (fallback to raft.server.rpc.timeout.max)
2025-10-10 11:52:39,891 [s0-groupManagement] INFO  server.RaftServer$Division (RaftServerImpl.java:start(420)) - s0@group-D0CAD92DF4F8: Successfully started.
2025-10-10 11:52:39,892 [main] DEBUG client.RaftClient (RaftClientImpl.java:newRequest(95)) - attempt #1, newRequest GroupManagementRequest:client-1DFC5EF03C74->s0@group-D0CAD92DF4F8, cid=41, seq=null, RW, null, Remove:group-D0CAD92DF4F8, rename-dir
2025-10-10 11:52:39,892 [HandlerDaemon-1] INFO  server.RaftServer (RaftServerProxy.java:remove(117)) - s0: remove  FOLLOWER (RUNNING): s0@group-D0CAD92DF4F8:t0, leader=null, voted=, raftlog=Memoized:s0@group-D0CAD92DF4F8-SegmentedRaftLog:OPENED:c-1:lastnull, conf=conf: {index: -1, cur=peers:[s0]|listeners:[], old=null}
2025-10-10 11:52:39,892 [HandlerDaemon-1] INFO  server.RaftServer$Division (RaftServerImpl.java:lambda$close$1(528)) - s0@group-D0CAD92DF4F8: shutdown
2025-10-10 11:52:39,893 [HandlerDaemon-1] INFO  util.JmxRegister (JmxRegister.java:unregister(74)) - Successfully un-registered JMX Bean with object name Ratis:service=RaftServer,group=group-D0CAD92DF4F8,id=s0
2025-10-10 11:52:39,893 [HandlerDaemon-1] INFO  impl.RoleInfo (RoleInfo.java:shutdownFollowerState(121)) - s0: shutdown s0@group-D0CAD92DF4F8-FollowerState
2025-10-10 11:52:39,893 [HandlerDaemon-1] INFO  impl.StateMachineUpdater (StateMachineUpdater.java:stopAndJoin(163)) - s0@group-D0CAD92DF4F8-StateMachineUpdater: set stopIndex = -1
2025-10-10 11:52:39,893 [s0@group-D0CAD92DF4F8-FollowerState] INFO  impl.FollowerState (FollowerState.java:runImpl(170)) - s0@group-D0CAD92DF4F8-FollowerState was interrupted
2025-10-10 11:52:39,893 [s0@group-D0CAD92DF4F8-StateMachineUpdater] INFO  impl.StateMachineUpdater (StateMachineUpdater.java:stop(140)) - s0@group-D0CAD92DF4F8-StateMachineUpdater: closing BaseStateMachine, lastApplied=<INITIAL_VALUE>
2025-10-10 11:52:39,894 [s0@group-D0CAD92DF4F8-cacheEviction-AwaitToRun] INFO  util.AwaitToRun (AwaitToRun.java:run(49)) - s0@group-D0CAD92DF4F8-cacheEviction-AwaitToRun-AwaitForSignal is interrupted
2025-10-10 11:52:40,890 [HandlerDaemon-1] INFO  segmented.SegmentedRaftLogWorker (SegmentedRaftLogWorker.java:close(254)) - s0@group-D0CAD92DF4F8-SegmentedRaftLogWorker close()
2025-10-10 11:52:40,892 [HandlerDaemon-1] INFO  server.RaftServerConfigKeys (ConfUtils.java:logGet(62)) - raft.server.removed.groups.dir = /tmp/groups7228643254866163005 (custom)
2025-10-10 11:52:40,892 [HandlerDaemon-1] TRACE util.FileUtils (FileUtils.java:moveDirectory(267)) - moveDirectory source: /home/runner/work/ratis/ratis/ratis-test/target/test/data/319b119c/MiniRaftClusterWithSimulatedRpcb89d009b/s0/2c59b60e-9f57-42d1-a2e6-d0cad92df4f8 dest: /tmp/groups7228643254866163005/2c59b60e-9f57-42d1-a2e6-d0cad92df4f8
2025-10-10 11:52:40,892 [HandlerDaemon-1] TRACE util.FileUtils (LogUtils.java:runAndLog(49)) - Successfully ran Files.createDirectories /tmp/groups7228643254866163005/2c59b60e-9f57-42d1-a2e6-d0cad92df4f8
2025-10-10 11:52:40,893 [HandlerDaemon-1] TRACE util.FileUtils (LogUtils.java:runAndLog(49)) - Successfully ran Files.createDirectories /tmp/groups7228643254866163005/2c59b60e-9f57-42d1-a2e6-d0cad92df4f8/current
2025-10-10 11:52:40,893 [HandlerDaemon-1] TRACE util.FileUtils (LogUtils.java:runAndLog(49)) - Successfully ran Atomic Files.move /home/runner/work/ratis/ratis/ratis-test/target/test/data/319b119c/MiniRaftClusterWithSimulatedRpcb89d009b/s0/2c59b60e-9f57-42d1-a2e6-d0cad92df4f8/current/raft-meta to /tmp/groups7228643254866163005/2c59b60e-9f57-42d1-a2e6-d0cad92df4f8/current/raft-meta
2025-10-10 11:52:40,894 [HandlerDaemon-1] TRACE util.FileUtils (LogUtils.java:runAndLog(49)) - Successfully ran Files.createDirectories /tmp/groups7228643254866163005/2c59b60e-9f57-42d1-a2e6-d0cad92df4f8/sm
2025-10-10 11:52:40,894 [HandlerDaemon-1] TRACE util.FileUtils (LogUtils.java:runAndLog(49)) - Successfully ran Atomic Files.move /home/runner/work/ratis/ratis/ratis-test/target/test/data/319b119c/MiniRaftClusterWithSimulatedRpcb89d009b/s0/2c59b60e-9f57-42d1-a2e6-d0cad92df4f8/in_use.lock to /tmp/groups7228643254866163005/2c59b60e-9f57-42d1-a2e6-d0cad92df4f8/in_use.lock
2025-10-10 11:52:40,894 [HandlerDaemon-1] TRACE util.FileUtils (LogUtils.java:runAndLog(49)) - Successfully ran Files.delete /home/runner/work/ratis/ratis/ratis-test/target/test/data/319b119c/MiniRaftClusterWithSimulatedRpcb89d009b/s0/2c59b60e-9f57-42d1-a2e6-d0cad92df4f8/current
2025-10-10 11:52:40,895 [HandlerDaemon-1] TRACE util.FileUtils (LogUtils.java:runAndLog(49)) - Successfully ran Files.delete /home/runner/work/ratis/ratis/ratis-test/target/test/data/319b119c/MiniRaftClusterWithSimulatedRpcb89d009b/s0/2c59b60e-9f57-42d1-a2e6-d0cad92df4f8/sm
2025-10-10 11:52:40,895 [HandlerDaemon-1] TRACE util.FileUtils (LogUtils.java:runAndLog(49)) - Successfully ran Files.delete /home/runner/work/ratis/ratis/ratis-test/target/test/data/319b119c/MiniRaftClusterWithSimulatedRpcb89d009b/s0/2c59b60e-9f57-42d1-a2e6-d0cad92df4f8
2025-10-10 11:52:40,895 [HandlerDaemon-1] INFO  server.RaftServer$Division (RaftServerImpl.java:groupRemove(517)) - s0@group-D0CAD92DF4F8: Group group-D0CAD92DF4F8:[s0] is renamed successfully
2025-10-10 11:52:40,896 [main] INFO  impl.MiniRaftCluster (MiniRaftCluster.java:shutdown(793)) - ************************************************************** 
2025-10-10 11:52:40,896 [main] INFO  impl.MiniRaftCluster (MiniRaftCluster.java:shutdown(794)) - *** 
2025-10-10 11:52:40,896 [main] INFO  impl.MiniRaftCluster (MiniRaftCluster.java:shutdown(795)) - ***     Stopping MiniRaftClusterWithSimulatedRpc
2025-10-10 11:52:40,896 [main] INFO  impl.MiniRaftCluster (MiniRaftCluster.java:shutdown(796)) - *** 
2025-10-10 11:52:40,896 [main] INFO  impl.MiniRaftCluster (MiniRaftCluster.java:shutdown(797)) - ************************************************************** 
2025-10-10 11:52:40,897 [main] INFO  impl.MiniRaftCluster (MiniRaftCluster.java:shutdown(798)) - printing ALL groups
  s0:  RUNNING  FOLLOWER (RUNNING): s0@group-C42AAE7925C6:t0, leader=null, voted=, raftlog=Memoized:s0@group-C42AAE7925C6-SegmentedRaftLog:OPENED:c-1:lastnull, conf=conf: {index: -1, cur=peers:[s0|localhost:15016]|listeners:[], old=null}
2025-10-10 11:52:40,897 [MiniRaftCluster-6] INFO  server.RaftServer (RaftServerProxy.java:lambda$close$9(425)) - s0: close
2025-10-10 11:52:40,898 [HandlerDaemon-1] INFO  simulation.RequestHandler (RequestHandler.java:run(127)) - s0.clientHandler1 is interrupted by java.io.InterruptedIOException: 
2025-10-10 11:52:40,898 [HandlerDaemon-0] INFO  simulation.RequestHandler (RequestHandler.java:run(127)) - s0.clientHandler0 is interrupted by java.io.InterruptedIOException: 
2025-10-10 11:52:40,899 [s0-impl-thread1] INFO  server.RaftServer$Division (RaftServerImpl.java:lambda$close$1(528)) - s0@group-C42AAE7925C6: shutdown
2025-10-10 11:52:40,898 [HandlerDaemon-2] INFO  simulation.RequestHandler (RequestHandler.java:run(127)) - s0.clientHandler2 is interrupted by java.io.InterruptedIOException: 
2025-10-10 11:52:40,900 [HandlerDaemon-1] INFO  simulation.RequestHandler (RequestHandler.java:run(127)) - s0.serverHandler1 is interrupted by java.io.InterruptedIOException: 
2025-10-10 11:52:40,900 [HandlerDaemon-0] INFO  simulation.RequestHandler (RequestHandler.java:run(127)) - s0.serverHandler0 is interrupted by java.io.InterruptedIOException: 
2025-10-10 11:52:40,899 [s0-impl-thread1] INFO  util.JmxRegister (JmxRegister.java:unregister(74)) - Successfully un-registered JMX Bean with object name Ratis:service=RaftServer,group=group-C42AAE7925C6,id=s0
2025-10-10 11:52:40,900 [s0-impl-thread1] INFO  impl.RoleInfo (RoleInfo.java:shutdownFollowerState(121)) - s0: shutdown s0@group-C42AAE7925C6-FollowerState
2025-10-10 11:52:40,900 [s0-impl-thread1] INFO  impl.StateMachineUpdater (StateMachineUpdater.java:stopAndJoin(163)) - s0@group-C42AAE7925C6-StateMachineUpdater: set stopIndex = -1
2025-10-10 11:52:40,900 [s0@group-C42AAE7925C6-StateMachineUpdater] INFO  impl.StateMachineUpdater (StateMachineUpdater.java:stop(140)) - s0@group-C42AAE7925C6-StateMachineUpdater: closing BaseStateMachine, lastApplied=<INITIAL_VALUE>
2025-10-10 11:52:40,901 [HandlerDaemon-2] INFO  simulation.RequestHandler (RequestHandler.java:run(127)) - s0.serverHandler2 is interrupted by java.io.InterruptedIOException: 
2025-10-10 11:52:40,901 [s0@group-C42AAE7925C6-FollowerState] INFO  impl.FollowerState (FollowerState.java:runImpl(170)) - s0@group-C42AAE7925C6-FollowerState was interrupted
2025-10-10 11:52:40,902 [s0@group-C42AAE7925C6-cacheEviction-AwaitToRun] INFO  util.AwaitToRun (AwaitToRun.java:run(49)) - s0@group-C42AAE7925C6-cacheEviction-AwaitToRun-AwaitForSignal is interrupted
2025-10-10 11:52:41,877 [s0-impl-thread1] INFO  segmented.SegmentedRaftLogWorker (SegmentedRaftLogWorker.java:close(254)) - s0@group-C42AAE7925C6-SegmentedRaftLogWorker close()
2025-10-10 11:52:41,878 [JvmPauseMonitor8] INFO  util.JvmPauseMonitor (JvmPauseMonitor.java:run(152)) - JvmPauseMonitor-s0: Stopped
2025-10-10 11:52:41,878 [main] INFO  impl.MiniRaftCluster (MiniRaftCluster.java:shutdown(817)) - MiniRaftClusterWithSimulatedRpc shutdown completed
2025-10-10 11:52:41,879 [main] INFO  impl.MiniRaftCluster (MiniRaftCluster.java:newRaftServer(376)) - newRaftServer: s0, group-C42AAE7925C6:[s0|localhost:15016], format? false
2025-10-10 11:52:41,879 [main] DEBUG server.RaftServer (ServerImplUtils.java:newRaftServer(172)) - newRaftServer: s0, group-C42AAE7925C6:[s0|localhost:15016]
2025-10-10 11:52:41,880 [main] INFO  server.RaftServer (VersionInfo.java:printStartupMessages(132)) - Starting Apache Ratis Test -- RaftServerProxy s0
2025-10-10 11:52:41,880 [main] INFO  server.RaftServer (VersionInfo.java:printStartupMessages(136)) -                version: 3.1.3
2025-10-10 11:52:41,880 [main] INFO  server.RaftServer (VersionInfo.java:printStartupMessages(136)) -                    url: https://github.com/apache/ratis
2025-10-10 11:52:41,880 [main] INFO  server.RaftServer (VersionInfo.java:printStartupMessages(136)) -               revision: fd9ca3ab389b19913d3754459d6ee9a5ba33189b
2025-10-10 11:52:41,880 [main] INFO  server.RaftServer (VersionInfo.java:printStartupMessages(139)) -                   java: OpenJDK 64-Bit Server VM 1.8.0_462-b08
2025-10-10 11:52:41,880 [main] INFO  server.RaftServer (VersionInfo.java:printStartupMessages(139)) -                   user: runner
2025-10-10 11:52:41,881 [s0-impl-thread1] INFO  server.RaftServer (RaftServerProxy.java:initGroupDir(273)) - s0: found a subdirectory /home/runner/work/ratis/ratis/ratis-test/target/test/data/319b119c/MiniRaftClusterWithSimulatedRpcb89d009b/s0/75cbc60e-f65c-4d01-88bf-c42aae7925c6
2025-10-10 11:52:41,881 [main] INFO  server.RaftServer (RaftServerProxy.java:addNew(106)) - s0: addNew group-C42AAE7925C6:[s0|localhost:15016] returns group-C42AAE7925C6:java.util.concurrent.CompletableFuture@52169758[Not completed]
2025-10-10 11:52:41,882 [s0-groupManagement] INFO  server.RaftServer$Division (RaftServerImpl.java:<init>(269)) - s0: new RaftServerImpl for group-C42AAE7925C6:[s0|localhost:15016] with BaseStateMachine-12:uninitialized
2025-10-10 11:52:41,882 [s0-groupManagement] INFO  server.RaftServer$Division (ServerState.java:<init>(115)) - s0@group-C42AAE7925C6: ConfigurationManager, init=conf: {index: -1, cur=peers:[s0|localhost:15016]|listeners:[], old=null}, confs=<EMPTY_MAP>
2025-10-10 11:52:41,882 [main] INFO  impl.MiniRaftCluster (MiniRaftCluster.java:start(330)) - .............................................................. 
2025-10-10 11:52:41,882 [main] INFO  impl.MiniRaftCluster (MiniRaftCluster.java:start(331)) - ... 
2025-10-10 11:52:41,883 [main] INFO  impl.MiniRaftCluster (MiniRaftCluster.java:start(332)) - ...     Starting MiniRaftClusterWithSimulatedRpc
2025-10-10 11:52:41,883 [main] INFO  impl.MiniRaftCluster (MiniRaftCluster.java:start(333)) - ... 
2025-10-10 11:52:41,883 [main] INFO  impl.MiniRaftCluster (MiniRaftCluster.java:start(334)) - .............................................................. 
2025-10-10 11:52:41,883 [main] INFO  impl.MiniRaftCluster (MiniRaftCluster.java:initServers(309)) - servers = {s0=s0:      NEW group-C42AAE7925C6:java.util.concurrent.CompletableFuture@52169758[Not completed]}
2025-10-10 11:52:41,885 [s0-impl-thread1] INFO  storage.RaftStorageDirectory (RaftStorageDirectoryImpl.java:tryLock(229)) - Lock on /home/runner/work/ratis/ratis/ratis-test/target/test/data/319b119c/MiniRaftClusterWithSimulatedRpcb89d009b/s0/75cbc60e-f65c-4d01-88bf-c42aae7925c6/in_use.lock acquired by nodename 9833@runnervmwhb2z
2025-10-10 11:52:41,885 [s0-impl-thread1] TRACE util.FileUtils (LogUtils.java:runAndLog(49)) - Successfully ran Files.deleteIfExists /home/runner/work/ratis/ratis/ratis-test/target/test/data/319b119c/MiniRaftClusterWithSimulatedRpcb89d009b/s0/75cbc60e-f65c-4d01-88bf-c42aae7925c6/current/raft-meta.tmp
2025-10-10 11:52:41,885 [s0-impl-thread1] TRACE util.FileUtils (LogUtils.java:supplyAndLog(69)) - Successfully supplied Files.newInputStream /home/runner/work/ratis/ratis/ratis-test/target/test/data/319b119c/MiniRaftClusterWithSimulatedRpcb89d009b/s0/75cbc60e-f65c-4d01-88bf-c42aae7925c6/current/raft-meta with options []: sun.nio.ch.ChannelInputStream@7c6e7248
2025-10-10 11:52:41,885 [s0-impl-thread1] INFO  storage.RaftStorage (RaftStorageImpl.java:analyzeAndRecoverStorage(118)) - Read RaftStorageMetadata{term=0, votedFor=} from /home/runner/work/ratis/ratis/ratis-test/target/test/data/319b119c/MiniRaftClusterWithSimulatedRpcb89d009b/s0/75cbc60e-f65c-4d01-88bf-c42aae7925c6/current/raft-meta
2025-10-10 11:52:41,885 [s0-impl-thread1] INFO  server.RaftServer$Division (ServerState.java:getSnapshotIndexFromStateMachine(155)) - s0@group-C42AAE7925C6: getLatestSnapshot(BaseStateMachine-12:s0:group-C42AAE7925C6) returns null
2025-10-10 11:52:41,885 [s0-impl-thread1] INFO  raftlog.RaftLog (RaftLogBase.java:<init>(90)) - s0@group-C42AAE7925C6-SegmentedRaftLog: snapshotIndexFromStateMachine = -1
2025-10-10 11:52:41,886 [s0-impl-thread1] INFO  util.AwaitToRun (AwaitToRun.java:start(81)) - Thread[s0@group-C42AAE7925C6-cacheEviction-AwaitToRun,5,main] started
2025-10-10 11:52:41,886 [s0-impl-thread1] INFO  segmented.SegmentedRaftLogWorker (SegmentedRaftLogWorker.java:<init>(190)) - new s0@group-C42AAE7925C6-SegmentedRaftLogWorker for RaftStorageImpl:Storage Directory /home/runner/work/ratis/ratis/ratis-test/target/test/data/319b119c/MiniRaftClusterWithSimulatedRpcb89d009b/s0/75cbc60e-f65c-4d01-88bf-c42aae7925c6
2025-10-10 11:52:41,887 [s0-impl-thread1] INFO  segmented.SegmentedRaftLogWorker (SegmentedRaftLogWorker.java:lambda$new$0(141)) - s0@group-C42AAE7925C6-SegmentedRaftLogWorker: flushIndex: setUnconditionally 0 -> -1
2025-10-10 11:52:41,887 [s0-impl-thread1] INFO  segmented.SegmentedRaftLogWorker (SegmentedRaftLogWorker.java:lambda$new$0(141)) - s0@group-C42AAE7925C6-SegmentedRaftLogWorker: safeCacheEvictIndex: setUnconditionally 0 -> -1
2025-10-10 11:52:41,887 [s0-impl-thread1] INFO  server.RaftServer$Division (RaftServerImpl.java:start(406)) - s0@group-C42AAE7925C6: start as a follower, conf=conf: {index: -1, cur=peers:[s0|localhost:15016]|listeners:[], old=null}
2025-10-10 11:52:41,887 [s0-impl-thread1] INFO  server.RaftServer$Division (RaftServerImpl.java:setRole(393)) - s0@group-C42AAE7925C6: changes role from      null to FOLLOWER at term 0 for startAsFollower
2025-10-10 11:52:41,888 [s0-impl-thread1] INFO  impl.RoleInfo (RoleInfo.java:updateAndGet(148)) - s0: start s0@group-C42AAE7925C6-FollowerState
2025-10-10 11:52:41,888 [s0@group-C42AAE7925C6-FollowerState] INFO  server.RaftServerConfigKeys (ConfUtils.java:logFallback(69)) - raft.server.rpc.first-election.timeout.min = 1500ms (fallback to raft.server.rpc.timeout.min)
2025-10-10 11:52:41,888 [s0-impl-thread1] INFO  util.JmxRegister (JmxRegister.java:tryRegister(44)) - Successfully registered JMX Bean with object name Ratis:service=RaftServer,group=group-C42AAE7925C6,id=s0
2025-10-10 11:52:41,888 [s0-impl-thread1] INFO  util.JmxRegister (JmxRegister.java:register(58)) - register mxBean class org.apache.ratis.server.impl.RaftServerJmxAdapter as Ratis:service=RaftServer,group=group-C42AAE7925C6,id=s0
2025-10-10 11:52:41,888 [s0@group-C42AAE7925C6-FollowerState] INFO  server.RaftServerConfigKeys (ConfUtils.java:logFallback(69)) - raft.server.rpc.first-election.timeout.max = 2000ms (fallback to raft.server.rpc.timeout.max)
2025-10-10 11:52:41,889 [s0-impl-thread1] INFO  server.RaftServer$Division (RaftServerImpl.java:start(420)) - s0@group-C42AAE7925C6: Successfully started.
2025-10-10 11:52:41,889 [main] INFO  server.RaftServer (RaftServerProxy.java:startImpl(415)) - s0: start RPC server
2025-10-10 11:52:41,890 [JvmPauseMonitor9] INFO  util.JvmPauseMonitor (JvmPauseMonitor.java:run(146)) - JvmPauseMonitor-s0: Started
2025-10-10 11:52:41,890 [main] INFO  impl.MiniRaftCluster (MiniRaftCluster.java:shutdown(793)) - ************************************************************** 
2025-10-10 11:52:41,890 [main] INFO  impl.MiniRaftCluster (MiniRaftCluster.java:shutdown(794)) - *** 
2025-10-10 11:52:41,890 [main] INFO  impl.MiniRaftCluster (MiniRaftCluster.java:shutdown(795)) - ***     Stopping MiniRaftClusterWithSimulatedRpc
2025-10-10 11:52:41,891 [main] INFO  impl.MiniRaftCluster (MiniRaftCluster.java:shutdown(796)) - *** 
2025-10-10 11:52:41,891 [main] INFO  impl.MiniRaftCluster (MiniRaftCluster.java:shutdown(797)) - ************************************************************** 
2025-10-10 11:52:41,891 [main] INFO  impl.MiniRaftCluster (MiniRaftCluster.java:shutdown(798)) - printing ALL groups
  s0:  RUNNING  FOLLOWER (RUNNING): s0@group-C42AAE7925C6:t0, leader=null, voted=, raftlog=Memoized:s0@group-C42AAE7925C6-SegmentedRaftLog:OPENED:c-1:lastnull, conf=conf: {index: -1, cur=peers:[s0|localhost:15016]|listeners:[], old=null}
2025-10-10 11:52:41,891 [MiniRaftCluster-7] INFO  server.RaftServer (RaftServerProxy.java:lambda$close$9(425)) - s0: close
2025-10-10 11:52:41,892 [HandlerDaemon-1] INFO  simulation.RequestHandler (RequestHandler.java:run(127)) - s0.clientHandler1 is interrupted by java.io.InterruptedIOException: 
2025-10-10 11:52:41,892 [s0-impl-thread1] INFO  server.RaftServer$Division (RaftServerImpl.java:lambda$close$1(528)) - s0@group-C42AAE7925C6: shutdown
2025-10-10 11:52:41,892 [HandlerDaemon-2] INFO  simulation.RequestHandler (RequestHandler.java:run(127)) - s0.clientHandler2 is interrupted by java.io.InterruptedIOException: 
2025-10-10 11:52:41,892 [HandlerDaemon-0] INFO  simulation.RequestHandler (RequestHandler.java:run(127)) - s0.clientHandler0 is interrupted by java.io.InterruptedIOException: 
2025-10-10 11:52:41,892 [s0-impl-thread1] INFO  util.JmxRegister (JmxRegister.java:unregister(74)) - Successfully un-registered JMX Bean with object name Ratis:service=RaftServer,group=group-C42AAE7925C6,id=s0
2025-10-10 11:52:41,893 [HandlerDaemon-1] INFO  simulation.RequestHandler (RequestHandler.java:run(127)) - s0.serverHandler1 is interrupted by java.io.InterruptedIOException: 
2025-10-10 11:52:41,893 [HandlerDaemon-2] INFO  simulation.RequestHandler (RequestHandler.java:run(127)) - s0.serverHandler2 is interrupted by java.io.InterruptedIOException: 
2025-10-10 11:52:41,893 [HandlerDaemon-0] INFO  simulation.RequestHandler (RequestHandler.java:run(127)) - s0.serverHandler0 is interrupted by java.io.InterruptedIOException: 
2025-10-10 11:52:41,893 [s0-impl-thread1] INFO  impl.RoleInfo (RoleInfo.java:shutdownFollowerState(121)) - s0: shutdown s0@group-C42AAE7925C6-FollowerState
2025-10-10 11:52:41,893 [s0-impl-thread1] INFO  impl.StateMachineUpdater (StateMachineUpdater.java:stopAndJoin(163)) - s0@group-C42AAE7925C6-StateMachineUpdater: set stopIndex = -1
2025-10-10 11:52:41,893 [s0@group-C42AAE7925C6-StateMachineUpdater] INFO  impl.StateMachineUpdater (StateMachineUpdater.java:stop(140)) - s0@group-C42AAE7925C6-StateMachineUpdater: closing BaseStateMachine, lastApplied=<INITIAL_VALUE>
2025-10-10 11:52:41,893 [s0@group-C42AAE7925C6-FollowerState] INFO  impl.FollowerState (FollowerState.java:runImpl(170)) - s0@group-C42AAE7925C6-FollowerState was interrupted
2025-10-10 11:52:41,894 [s0@group-C42AAE7925C6-cacheEviction-AwaitToRun] INFO  util.AwaitToRun (AwaitToRun.java:run(49)) - s0@group-C42AAE7925C6-cacheEviction-AwaitToRun-AwaitForSignal is interrupted
2025-10-10 11:52:42,888 [s0-impl-thread1] INFO  segmented.SegmentedRaftLogWorker (SegmentedRaftLogWorker.java:close(254)) - s0@group-C42AAE7925C6-SegmentedRaftLogWorker close()
2025-10-10 11:52:42,889 [JvmPauseMonitor9] INFO  util.JvmPauseMonitor (JvmPauseMonitor.java:run(152)) - JvmPauseMonitor-s0: Stopped
2025-10-10 11:52:42,889 [main] INFO  impl.MiniRaftCluster (MiniRaftCluster.java:shutdown(817)) - MiniRaftClusterWithSimulatedRpc shutdown completed
2025-10-10 11:52:42,889 [main] TRACE util.FileUtils (FileUtils.java:deleteFully(355)) - deleteFully /tmp/groups7228643254866163005
2025-10-10 11:52:42,890 [main] TRACE util.FileUtils (LogUtils.java:runAndLog(49)) - Successfully ran Files.delete /tmp/groups7228643254866163005/2c59b60e-9f57-42d1-a2e6-d0cad92df4f8/current/raft-meta
2025-10-10 11:52:42,890 [main] TRACE util.FileUtils (LogUtils.java:runAndLog(49)) - Successfully ran Files.delete /tmp/groups7228643254866163005/2c59b60e-9f57-42d1-a2e6-d0cad92df4f8/current
2025-10-10 11:52:42,890 [main] TRACE util.FileUtils (LogUtils.java:runAndLog(49)) - Successfully ran Files.delete /tmp/groups7228643254866163005/2c59b60e-9f57-42d1-a2e6-d0cad92df4f8/sm
2025-10-10 11:52:42,890 [main] TRACE util.FileUtils (LogUtils.java:runAndLog(49)) - Successfully ran Files.delete /tmp/groups7228643254866163005/2c59b60e-9f57-42d1-a2e6-d0cad92df4f8/in_use.lock
2025-10-10 11:52:42,890 [main] TRACE util.FileUtils (LogUtils.java:runAndLog(49)) - Successfully ran Files.delete /tmp/groups7228643254866163005/2c59b60e-9f57-42d1-a2e6-d0cad92df4f8
2025-10-10 11:52:42,891 [main] TRACE util.FileUtils (LogUtils.java:runAndLog(49)) - Successfully ran Files.delete /tmp/groups7228643254866163005
2025-10-10 11:52:42,891 [main] DEBUG client.RaftClient (RaftClientImpl.java:close(465)) - close client-1DFC5EF03C74
]]></system-out>
  </testcase>
  <testcase name="testMultiGroup5Nodes" classname="org.apache.ratis.server.simulation.TestGroupManagementWithSimulatedRpc" time="13.23">
    <system-out><![CDATA[2025-10-10 11:52:42,892 [main] INFO  util.LogUtils (Slf4jUtils.java:setLogLevel(38)) - Successfully set org.apache.ratis.conf.ConfUtils log level to WARN
2025-10-10 11:52:42,893 [main] INFO  util.LogUtils (Slf4jUtils.java:setLogLevel(38)) - Successfully set org.apache.ratis.util.FileUtils log level to TRACE
2025-10-10 11:52:42,893 [main] INFO  util.LogUtils (Slf4jUtils.java:setLogLevel(38)) - Successfully set org.apache.ratis.server.RaftServer log level to DEBUG
2025-10-10 11:52:42,893 [main] INFO  util.LogUtils (Slf4jUtils.java:setLogLevel(38)) - Successfully set org.apache.ratis.server.RaftServer$Division log level to DEBUG
2025-10-10 11:52:42,893 [main] INFO  util.LogUtils (Slf4jUtils.java:setLogLevel(38)) - Successfully set org.apache.ratis.client.RaftClient log level to DEBUG
| null | init | 11 |
2025-10-10 11:52:42,896 [main] INFO  impl.MiniRaftCluster (MiniRaftCluster.java:<init>(297)) - new MiniRaftClusterWithSimulatedRpc with group-A760254FE168:[]
2025-10-10 11:52:42,896 [main] INFO  impl.GroupManagementBaseTest (GroupManagementBaseTest.java:runMultiGroupTest(253)) - 

runMultiGroupTest with MiniRaftClusterWithSimulatedRpc[3, 4, 5]chosen=0: printing ALL groups
2025-10-10 11:52:42,896 [main] INFO  impl.GroupManagementBaseTest (GroupManagementBaseTest.java:runMultiGroupTest(260)) - ids: [s0, s1, s2, s3, s4]
2025-10-10 11:52:42,897 [main] INFO  impl.MiniRaftCluster (MiniRaftCluster.java:newRaftServer(376)) - newRaftServer: s0, group-A760254FE168:[], format? true
2025-10-10 11:52:42,897 [main] TRACE util.FileUtils (FileUtils.java:deleteFully(355)) - deleteFully target/test/data/319b119c/MiniRaftClusterWithSimulatedRpcfa39f97c/s0
2025-10-10 11:52:42,897 [main] TRACE util.FileUtils (FileUtils.java:deleteFully(368)) - deleteFully: target/test/data/319b119c/MiniRaftClusterWithSimulatedRpcfa39f97c/s0 does not exist.
2025-10-10 11:52:42,897 [main] INFO  impl.MiniRaftCluster (MiniRaftCluster.java:newRaftServer(381)) - Formatted directory target/test/data/319b119c/MiniRaftClusterWithSimulatedRpcfa39f97c/s0
2025-10-10 11:52:42,897 [main] DEBUG server.RaftServer (ServerImplUtils.java:newRaftServer(172)) - newRaftServer: s0, group-A760254FE168:[]
2025-10-10 11:52:42,898 [main] INFO  server.RaftServer (VersionInfo.java:printStartupMessages(132)) - Starting Apache Ratis Test -- RaftServerProxy s0
2025-10-10 11:52:42,898 [main] INFO  server.RaftServer (VersionInfo.java:printStartupMessages(136)) -                version: 3.1.3
2025-10-10 11:52:42,898 [main] INFO  server.RaftServer (VersionInfo.java:printStartupMessages(136)) -                    url: https://github.com/apache/ratis
2025-10-10 11:52:42,898 [main] INFO  server.RaftServer (VersionInfo.java:printStartupMessages(136)) -               revision: fd9ca3ab389b19913d3754459d6ee9a5ba33189b
2025-10-10 11:52:42,898 [main] INFO  server.RaftServer (VersionInfo.java:printStartupMessages(139)) -                   java: OpenJDK 64-Bit Server VM 1.8.0_462-b08
2025-10-10 11:52:42,899 [main] INFO  server.RaftServer (VersionInfo.java:printStartupMessages(139)) -                   user: runner
2025-10-10 11:52:42,899 [main] INFO  server.RaftServerConfigKeys (ConfUtils.java:logGet(62)) - raft.server.storage.dir = [/home/runner/work/ratis/ratis/ratis-test/target/test/data/319b119c/MiniRaftClusterWithSimulatedRpcfa39f97c/s0] (custom)
2025-10-10 11:52:42,900 [main] INFO  server.RaftServer (RaftServerProxy.java:addNew(106)) - s0: addNew group-A760254FE168:[] returns group-A760254FE168:java.util.concurrent.CompletableFuture@6a4ccef7[Not completed]
2025-10-10 11:52:42,900 [s0-groupManagement] INFO  server.RaftServer$Division (RaftServerImpl.java:<init>(269)) - s0: new RaftServerImpl for group-A760254FE168:[] with BaseStateMachine-13:uninitialized
2025-10-10 11:52:42,900 [main] INFO  impl.MiniRaftCluster (MiniRaftCluster.java:newRaftServer(376)) - newRaftServer: s1, group-A760254FE168:[], format? true
2025-10-10 11:52:42,900 [s0-groupManagement] INFO  server.RaftServer$Division (ServerState.java:<init>(115)) - s0@group-A760254FE168: ConfigurationManager, init=conf: {index: -1, cur=peers:[]|listeners:[], old=null}, confs=<EMPTY_MAP>
2025-10-10 11:52:42,900 [main] TRACE util.FileUtils (FileUtils.java:deleteFully(355)) - deleteFully target/test/data/319b119c/MiniRaftClusterWithSimulatedRpcfa39f97c/s1
2025-10-10 11:52:42,901 [main] TRACE util.FileUtils (FileUtils.java:deleteFully(368)) - deleteFully: target/test/data/319b119c/MiniRaftClusterWithSimulatedRpcfa39f97c/s1 does not exist.
2025-10-10 11:52:42,901 [main] INFO  impl.MiniRaftCluster (MiniRaftCluster.java:newRaftServer(381)) - Formatted directory target/test/data/319b119c/MiniRaftClusterWithSimulatedRpcfa39f97c/s1
2025-10-10 11:52:42,901 [main] DEBUG server.RaftServer (ServerImplUtils.java:newRaftServer(172)) - newRaftServer: s1, group-A760254FE168:[]
2025-10-10 11:52:42,902 [main] INFO  server.RaftServer (VersionInfo.java:printStartupMessages(132)) - Starting Apache Ratis Test -- RaftServerProxy s1
2025-10-10 11:52:42,902 [main] INFO  server.RaftServer (VersionInfo.java:printStartupMessages(136)) -                version: 3.1.3
2025-10-10 11:52:42,902 [main] INFO  server.RaftServer (VersionInfo.java:printStartupMessages(136)) -                    url: https://github.com/apache/ratis
2025-10-10 11:52:42,902 [main] INFO  server.RaftServer (VersionInfo.java:printStartupMessages(136)) -               revision: fd9ca3ab389b19913d3754459d6ee9a5ba33189b
2025-10-10 11:52:42,903 [main] INFO  server.RaftServer (VersionInfo.java:printStartupMessages(139)) -                   java: OpenJDK 64-Bit Server VM 1.8.0_462-b08
2025-10-10 11:52:42,903 [main] INFO  server.RaftServer (VersionInfo.java:printStartupMessages(139)) -                   user: runner
2025-10-10 11:52:42,903 [main] INFO  server.RaftServerConfigKeys (ConfUtils.java:logGet(62)) - raft.server.storage.dir = [/home/runner/work/ratis/ratis/ratis-test/target/test/data/319b119c/MiniRaftClusterWithSimulatedRpcfa39f97c/s1] (custom)
2025-10-10 11:52:42,904 [main] INFO  server.RaftServer (RaftServerProxy.java:addNew(106)) - s1: addNew group-A760254FE168:[] returns group-A760254FE168:java.util.concurrent.CompletableFuture@6884f0d9[Not completed]
2025-10-10 11:52:42,904 [main] INFO  impl.MiniRaftCluster (MiniRaftCluster.java:newRaftServer(376)) - newRaftServer: s2, group-A760254FE168:[], format? true
2025-10-10 11:52:42,904 [main] TRACE util.FileUtils (FileUtils.java:deleteFully(355)) - deleteFully target/test/data/319b119c/MiniRaftClusterWithSimulatedRpcfa39f97c/s2
2025-10-10 11:52:42,905 [main] TRACE util.FileUtils (FileUtils.java:deleteFully(368)) - deleteFully: target/test/data/319b119c/MiniRaftClusterWithSimulatedRpcfa39f97c/s2 does not exist.
2025-10-10 11:52:42,905 [main] INFO  impl.MiniRaftCluster (MiniRaftCluster.java:newRaftServer(381)) - Formatted directory target/test/data/319b119c/MiniRaftClusterWithSimulatedRpcfa39f97c/s2
2025-10-10 11:52:42,905 [main] DEBUG server.RaftServer (ServerImplUtils.java:newRaftServer(172)) - newRaftServer: s2, group-A760254FE168:[]
2025-10-10 11:52:42,906 [main] INFO  server.RaftServer (VersionInfo.java:printStartupMessages(132)) - Starting Apache Ratis Test -- RaftServerProxy s2
2025-10-10 11:52:42,906 [main] INFO  server.RaftServer (VersionInfo.java:printStartupMessages(136)) -                version: 3.1.3
2025-10-10 11:52:42,906 [main] INFO  server.RaftServer (VersionInfo.java:printStartupMessages(136)) -                    url: https://github.com/apache/ratis
2025-10-10 11:52:42,906 [main] INFO  server.RaftServer (VersionInfo.java:printStartupMessages(136)) -               revision: fd9ca3ab389b19913d3754459d6ee9a5ba33189b
2025-10-10 11:52:42,906 [main] INFO  server.RaftServer (VersionInfo.java:printStartupMessages(139)) -                   java: OpenJDK 64-Bit Server VM 1.8.0_462-b08
2025-10-10 11:52:42,906 [main] INFO  server.RaftServer (VersionInfo.java:printStartupMessages(139)) -                   user: runner
2025-10-10 11:52:42,907 [s1-groupManagement] INFO  server.RaftServer$Division (RaftServerImpl.java:<init>(269)) - s1: new RaftServerImpl for group-A760254FE168:[] with BaseStateMachine-14:uninitialized
2025-10-10 11:52:42,907 [s1-groupManagement] INFO  server.RaftServer$Division (ServerState.java:<init>(115)) - s1@group-A760254FE168: ConfigurationManager, init=conf: {index: -1, cur=peers:[]|listeners:[], old=null}, confs=<EMPTY_MAP>
2025-10-10 11:52:42,909 [main] INFO  server.RaftServerConfigKeys (ConfUtils.java:logGet(62)) - raft.server.storage.dir = [/home/runner/work/ratis/ratis/ratis-test/target/test/data/319b119c/MiniRaftClusterWithSimulatedRpcfa39f97c/s2] (custom)
2025-10-10 11:52:42,910 [main] INFO  server.RaftServer (RaftServerProxy.java:addNew(106)) - s2: addNew group-A760254FE168:[] returns group-A760254FE168:java.util.concurrent.CompletableFuture@3a22bad6[Not completed]
2025-10-10 11:52:42,910 [main] INFO  impl.MiniRaftCluster (MiniRaftCluster.java:newRaftServer(376)) - newRaftServer: s3, group-A760254FE168:[], format? true
2025-10-10 11:52:42,910 [main] TRACE util.FileUtils (FileUtils.java:deleteFully(355)) - deleteFully target/test/data/319b119c/MiniRaftClusterWithSimulatedRpcfa39f97c/s3
2025-10-10 11:52:42,910 [main] TRACE util.FileUtils (FileUtils.java:deleteFully(368)) - deleteFully: target/test/data/319b119c/MiniRaftClusterWithSimulatedRpcfa39f97c/s3 does not exist.
2025-10-10 11:52:42,910 [main] INFO  impl.MiniRaftCluster (MiniRaftCluster.java:newRaftServer(381)) - Formatted directory target/test/data/319b119c/MiniRaftClusterWithSimulatedRpcfa39f97c/s3
2025-10-10 11:52:42,911 [main] DEBUG server.RaftServer (ServerImplUtils.java:newRaftServer(172)) - newRaftServer: s3, group-A760254FE168:[]
2025-10-10 11:52:42,911 [main] INFO  server.RaftServer (VersionInfo.java:printStartupMessages(132)) - Starting Apache Ratis Test -- RaftServerProxy s3
2025-10-10 11:52:42,911 [main] INFO  server.RaftServer (VersionInfo.java:printStartupMessages(136)) -                version: 3.1.3
2025-10-10 11:52:42,911 [main] INFO  server.RaftServer (VersionInfo.java:printStartupMessages(136)) -                    url: https://github.com/apache/ratis
2025-10-10 11:52:42,912 [main] INFO  server.RaftServer (VersionInfo.java:printStartupMessages(136)) -               revision: fd9ca3ab389b19913d3754459d6ee9a5ba33189b
2025-10-10 11:52:42,912 [main] INFO  server.RaftServer (VersionInfo.java:printStartupMessages(139)) -                   java: OpenJDK 64-Bit Server VM 1.8.0_462-b08
2025-10-10 11:52:42,912 [main] INFO  server.RaftServer (VersionInfo.java:printStartupMessages(139)) -                   user: runner
2025-10-10 11:52:42,912 [main] INFO  server.RaftServerConfigKeys (ConfUtils.java:logGet(62)) - raft.server.storage.dir = [/home/runner/work/ratis/ratis/ratis-test/target/test/data/319b119c/MiniRaftClusterWithSimulatedRpcfa39f97c/s3] (custom)
2025-10-10 11:52:42,913 [s2-groupManagement] INFO  server.RaftServer$Division (RaftServerImpl.java:<init>(269)) - s2: new RaftServerImpl for group-A760254FE168:[] with BaseStateMachine-15:uninitialized
2025-10-10 11:52:42,913 [s2-groupManagement] INFO  server.RaftServer$Division (ServerState.java:<init>(115)) - s2@group-A760254FE168: ConfigurationManager, init=conf: {index: -1, cur=peers:[]|listeners:[], old=null}, confs=<EMPTY_MAP>
2025-10-10 11:52:42,914 [main] INFO  server.RaftServer (RaftServerProxy.java:addNew(106)) - s3: addNew group-A760254FE168:[] returns group-A760254FE168:java.util.concurrent.CompletableFuture@5f172d4a[Not completed]
2025-10-10 11:52:42,914 [main] INFO  impl.MiniRaftCluster (MiniRaftCluster.java:newRaftServer(376)) - newRaftServer: s4, group-A760254FE168:[], format? true
2025-10-10 11:52:42,915 [main] TRACE util.FileUtils (FileUtils.java:deleteFully(355)) - deleteFully target/test/data/319b119c/MiniRaftClusterWithSimulatedRpcfa39f97c/s4
2025-10-10 11:52:42,915 [s3-groupManagement] INFO  server.RaftServer$Division (RaftServerImpl.java:<init>(269)) - s3: new RaftServerImpl for group-A760254FE168:[] with BaseStateMachine-16:uninitialized
2025-10-10 11:52:42,915 [s3-groupManagement] INFO  server.RaftServer$Division (ServerState.java:<init>(115)) - s3@group-A760254FE168: ConfigurationManager, init=conf: {index: -1, cur=peers:[]|listeners:[], old=null}, confs=<EMPTY_MAP>
2025-10-10 11:52:42,915 [main] TRACE util.FileUtils (FileUtils.java:deleteFully(368)) - deleteFully: target/test/data/319b119c/MiniRaftClusterWithSimulatedRpcfa39f97c/s4 does not exist.
2025-10-10 11:52:42,916 [main] INFO  impl.MiniRaftCluster (MiniRaftCluster.java:newRaftServer(381)) - Formatted directory target/test/data/319b119c/MiniRaftClusterWithSimulatedRpcfa39f97c/s4
2025-10-10 11:52:42,916 [main] DEBUG server.RaftServer (ServerImplUtils.java:newRaftServer(172)) - newRaftServer: s4, group-A760254FE168:[]
2025-10-10 11:52:42,917 [main] INFO  server.RaftServer (VersionInfo.java:printStartupMessages(132)) - Starting Apache Ratis Test -- RaftServerProxy s4
2025-10-10 11:52:42,917 [main] INFO  server.RaftServer (VersionInfo.java:printStartupMessages(136)) -                version: 3.1.3
2025-10-10 11:52:42,917 [main] INFO  server.RaftServer (VersionInfo.java:printStartupMessages(136)) -                    url: https://github.com/apache/ratis
2025-10-10 11:52:42,917 [main] INFO  server.RaftServer (VersionInfo.java:printStartupMessages(136)) -               revision: fd9ca3ab389b19913d3754459d6ee9a5ba33189b
2025-10-10 11:52:42,917 [main] INFO  server.RaftServer (VersionInfo.java:printStartupMessages(139)) -                   java: OpenJDK 64-Bit Server VM 1.8.0_462-b08
2025-10-10 11:52:42,918 [main] INFO  server.RaftServer (VersionInfo.java:printStartupMessages(139)) -                   user: runner
2025-10-10 11:52:42,918 [main] INFO  server.RaftServerConfigKeys (ConfUtils.java:logGet(62)) - raft.server.storage.dir = [/home/runner/work/ratis/ratis/ratis-test/target/test/data/319b119c/MiniRaftClusterWithSimulatedRpcfa39f97c/s4] (custom)
2025-10-10 11:52:42,919 [main] INFO  server.RaftServer (RaftServerProxy.java:addNew(106)) - s4: addNew group-A760254FE168:[] returns group-A760254FE168:java.util.concurrent.CompletableFuture@17c2d509[Not completed]
2025-10-10 11:52:42,919 [s4-groupManagement] INFO  server.RaftServer$Division (RaftServerImpl.java:<init>(269)) - s4: new RaftServerImpl for group-A760254FE168:[] with BaseStateMachine-17:uninitialized
2025-10-10 11:52:42,920 [s4-groupManagement] INFO  server.RaftServer$Division (ServerState.java:<init>(115)) - s4@group-A760254FE168: ConfigurationManager, init=conf: {index: -1, cur=peers:[]|listeners:[], old=null}, confs=<EMPTY_MAP>
2025-10-10 11:52:42,921 [main] INFO  impl.GroupManagementBaseTest (GroupManagementBaseTest.java:runMultiGroupTest(262)) - putNewServer: printing ALL groups
  s3:      NEW      null (NEW): s3@group-A760254FE168:t0, leader=null, voted=null, raftlog=UNINITIALIZED, conf=conf: {index: -1, cur=peers:[]|listeners:[], old=null}
  s4:      NEW group-A760254FE168:java.util.concurrent.CompletableFuture@17c2d509[Not completed]
  s0:      NEW      null (NEW): s0@group-A760254FE168:t0, leader=null, voted=null, raftlog=UNINITIALIZED, conf=conf: {index: -1, cur=peers:[]|listeners:[], old=null}
  s1:      NEW      null (NEW): s1@group-A760254FE168:t0, leader=null, voted=null, raftlog=UNINITIALIZED, conf=conf: {index: -1, cur=peers:[]|listeners:[], old=null}
  s2:      NEW      null (NEW): s2@group-A760254FE168:t0, leader=null, voted=null, raftlog=UNINITIALIZED, conf=conf: {index: -1, cur=peers:[]|listeners:[], old=null}
2025-10-10 11:52:43,921 [main] INFO  impl.MiniRaftCluster (MiniRaftCluster.java:start(330)) - .............................................................. 
2025-10-10 11:52:43,922 [main] INFO  impl.MiniRaftCluster (MiniRaftCluster.java:start(331)) - ... 
2025-10-10 11:52:43,922 [main] INFO  impl.MiniRaftCluster (MiniRaftCluster.java:start(332)) - ...     Starting MiniRaftClusterWithSimulatedRpc
2025-10-10 11:52:43,922 [main] INFO  impl.MiniRaftCluster (MiniRaftCluster.java:start(333)) - ... 
2025-10-10 11:52:43,922 [main] INFO  impl.MiniRaftCluster (MiniRaftCluster.java:start(334)) - .............................................................. 
2025-10-10 11:52:43,923 [main] INFO  impl.MiniRaftCluster (MiniRaftCluster.java:initServers(309)) - servers = {s3=s3:      NEW      null (NEW): s3@group-A760254FE168:t0, leader=null, voted=null, raftlog=UNINITIALIZED, conf=conf: {index: -1, cur=peers:[]|listeners:[], old=null}, s4=s4:      NEW      null (NEW): s4@group-A760254FE168:t0, leader=null, voted=null, raftlog=UNINITIALIZED, conf=conf: {index: -1, cur=peers:[]|listeners:[], old=null}, s0=s0:      NEW      null (NEW): s0@group-A760254FE168:t0, leader=null, voted=null, raftlog=UNINITIALIZED, conf=conf: {index: -1, cur=peers:[]|listeners:[], old=null}, s1=s1:      NEW      null (NEW): s1@group-A760254FE168:t0, leader=null, voted=null, raftlog=UNINITIALIZED, conf=conf: {index: -1, cur=peers:[]|listeners:[], old=null}, s2=s2:      NEW      null (NEW): s2@group-A760254FE168:t0, leader=null, voted=null, raftlog=UNINITIALIZED, conf=conf: {index: -1, cur=peers:[]|listeners:[], old=null}}
2025-10-10 11:52:43,923 [s3-impl-thread1] INFO  server.RaftServerConfigKeys (ConfUtils.java:logGet(62)) - raft.server.storage.dir = [/home/runner/work/ratis/ratis/ratis-test/target/test/data/319b119c/MiniRaftClusterWithSimulatedRpcfa39f97c/s3] (custom)
2025-10-10 11:52:43,924 [s3-impl-thread1] INFO  storage.RaftStorageDirectory (RaftStorageDirectoryImpl.java:analyzeStorage(138)) - The storage directory /home/runner/work/ratis/ratis/ratis-test/target/test/data/319b119c/MiniRaftClusterWithSimulatedRpcfa39f97c/s3/eca80e21-b816-4ea5-a317-a760254fe168 does not exist. Creating ...
2025-10-10 11:52:43,924 [s3-impl-thread1] TRACE util.FileUtils (LogUtils.java:runAndLog(49)) - Successfully ran Files.createDirectories /home/runner/work/ratis/ratis/ratis-test/target/test/data/319b119c/MiniRaftClusterWithSimulatedRpcfa39f97c/s3/eca80e21-b816-4ea5-a317-a760254fe168
2025-10-10 11:52:43,925 [s3-impl-thread1] INFO  storage.RaftStorageDirectory (RaftStorageDirectoryImpl.java:tryLock(229)) - Lock on /home/runner/work/ratis/ratis/ratis-test/target/test/data/319b119c/MiniRaftClusterWithSimulatedRpcfa39f97c/s3/eca80e21-b816-4ea5-a317-a760254fe168/in_use.lock acquired by nodename 9833@runnervmwhb2z
2025-10-10 11:52:43,925 [s3-impl-thread1] TRACE util.FileUtils (LogUtils.java:runAndLog(49)) - Successfully ran Files.createDirectories /home/runner/work/ratis/ratis/ratis-test/target/test/data/319b119c/MiniRaftClusterWithSimulatedRpcfa39f97c/s3/eca80e21-b816-4ea5-a317-a760254fe168/current
2025-10-10 11:52:43,925 [s3-impl-thread1] TRACE util.FileUtils (LogUtils.java:runAndLog(49)) - Successfully ran Files.createDirectories /home/runner/work/ratis/ratis/ratis-test/target/test/data/319b119c/MiniRaftClusterWithSimulatedRpcfa39f97c/s3/eca80e21-b816-4ea5-a317-a760254fe168/sm
2025-10-10 11:52:43,925 [s3-impl-thread1] TRACE util.FileUtils (LogUtils.java:supplyAndLog(69)) - Successfully supplied FileChannel.open /home/runner/work/ratis/ratis/ratis-test/target/test/data/319b119c/MiniRaftClusterWithSimulatedRpcfa39f97c/s3/eca80e21-b816-4ea5-a317-a760254fe168/current/raft-meta.tmp with options [CREATE, TRUNCATE_EXISTING, WRITE]: sun.nio.ch.FileChannelImpl@26b96620
2025-10-10 11:52:43,926 [s3-impl-thread1] TRACE util.FileUtils (LogUtils.java:runAndLog(49)) - Successfully ran Atomic Files.move /home/runner/work/ratis/ratis/ratis-test/target/test/data/319b119c/MiniRaftClusterWithSimulatedRpcfa39f97c/s3/eca80e21-b816-4ea5-a317-a760254fe168/current/raft-meta.tmp to /home/runner/work/ratis/ratis/ratis-test/target/test/data/319b119c/MiniRaftClusterWithSimulatedRpcfa39f97c/s3/eca80e21-b816-4ea5-a317-a760254fe168/current/raft-meta with options [REPLACE_EXISTING]
2025-10-10 11:52:43,926 [s3-impl-thread1] INFO  storage.RaftStorage (RaftStorageImpl.java:format(98)) - Storage directory /home/runner/work/ratis/ratis/ratis-test/target/test/data/319b119c/MiniRaftClusterWithSimulatedRpcfa39f97c/s3/eca80e21-b816-4ea5-a317-a760254fe168 has been successfully formatted.
2025-10-10 11:52:43,926 [s3-impl-thread1] INFO  server.RaftServer$Division (ServerState.java:getSnapshotIndexFromStateMachine(155)) - s3@group-A760254FE168: getLatestSnapshot(BaseStateMachine-16:s3:group-A760254FE168) returns null
2025-10-10 11:52:43,926 [s3-impl-thread1] INFO  raftlog.RaftLog (RaftLogBase.java:<init>(90)) - s3@group-A760254FE168-SegmentedRaftLog: snapshotIndexFromStateMachine = -1
2025-10-10 11:52:43,927 [s3-impl-thread1] INFO  util.AwaitToRun (AwaitToRun.java:start(81)) - Thread[s3@group-A760254FE168-cacheEviction-AwaitToRun,5,main] started
2025-10-10 11:52:43,927 [s3-impl-thread1] INFO  segmented.SegmentedRaftLogWorker (SegmentedRaftLogWorker.java:<init>(190)) - new s3@group-A760254FE168-SegmentedRaftLogWorker for RaftStorageImpl:Storage Directory /home/runner/work/ratis/ratis/ratis-test/target/test/data/319b119c/MiniRaftClusterWithSimulatedRpcfa39f97c/s3/eca80e21-b816-4ea5-a317-a760254fe168
2025-10-10 11:52:43,929 [s3-impl-thread1] INFO  segmented.SegmentedRaftLogWorker (SegmentedRaftLogWorker.java:lambda$new$0(141)) - s3@group-A760254FE168-SegmentedRaftLogWorker: flushIndex: setUnconditionally 0 -> -1
2025-10-10 11:52:43,929 [s3-impl-thread1] INFO  segmented.SegmentedRaftLogWorker (SegmentedRaftLogWorker.java:lambda$new$0(141)) - s3@group-A760254FE168-SegmentedRaftLogWorker: safeCacheEvictIndex: setUnconditionally 0 -> -1
2025-10-10 11:52:43,930 [s3-impl-thread1] INFO  server.RaftServer$Division (RaftServerImpl.java:start(412)) - s3@group-A760254FE168: start with initializing state, conf=conf: {index: -1, cur=peers:[]|listeners:[], old=null}
2025-10-10 11:52:43,930 [s3-impl-thread1] INFO  server.RaftServer$Division (RaftServerImpl.java:setRole(393)) - s3@group-A760254FE168: changes role from      null to FOLLOWER at term 0 for NOT_IN_CONF
2025-10-10 11:52:43,930 [s3-impl-thread1] INFO  util.JmxRegister (JmxRegister.java:tryRegister(44)) - Successfully registered JMX Bean with object name Ratis:service=RaftServer,group=group-A760254FE168,id=s3
2025-10-10 11:52:43,930 [s3-impl-thread1] INFO  util.JmxRegister (JmxRegister.java:register(58)) - register mxBean class org.apache.ratis.server.impl.RaftServerJmxAdapter as Ratis:service=RaftServer,group=group-A760254FE168,id=s3
2025-10-10 11:52:43,930 [s3-impl-thread1] INFO  server.RaftServer$Division (RaftServerImpl.java:start(420)) - s3@group-A760254FE168: Successfully started.
2025-10-10 11:52:43,930 [main] INFO  server.RaftServer (RaftServerProxy.java:startImpl(415)) - s3: start RPC server
2025-10-10 11:52:43,931 [JvmPauseMonitor10] INFO  util.JvmPauseMonitor (JvmPauseMonitor.java:run(146)) - JvmPauseMonitor-s3: Started
2025-10-10 11:52:43,931 [s4-impl-thread1] INFO  server.RaftServerConfigKeys (ConfUtils.java:logGet(62)) - raft.server.storage.dir = [/home/runner/work/ratis/ratis/ratis-test/target/test/data/319b119c/MiniRaftClusterWithSimulatedRpcfa39f97c/s4] (custom)
2025-10-10 11:52:43,932 [s4-impl-thread1] INFO  storage.RaftStorageDirectory (RaftStorageDirectoryImpl.java:analyzeStorage(138)) - The storage directory /home/runner/work/ratis/ratis/ratis-test/target/test/data/319b119c/MiniRaftClusterWithSimulatedRpcfa39f97c/s4/eca80e21-b816-4ea5-a317-a760254fe168 does not exist. Creating ...
2025-10-10 11:52:43,932 [s4-impl-thread1] TRACE util.FileUtils (LogUtils.java:runAndLog(49)) - Successfully ran Files.createDirectories /home/runner/work/ratis/ratis/ratis-test/target/test/data/319b119c/MiniRaftClusterWithSimulatedRpcfa39f97c/s4/eca80e21-b816-4ea5-a317-a760254fe168
2025-10-10 11:52:43,933 [s4-impl-thread1] INFO  storage.RaftStorageDirectory (RaftStorageDirectoryImpl.java:tryLock(229)) - Lock on /home/runner/work/ratis/ratis/ratis-test/target/test/data/319b119c/MiniRaftClusterWithSimulatedRpcfa39f97c/s4/eca80e21-b816-4ea5-a317-a760254fe168/in_use.lock acquired by nodename 9833@runnervmwhb2z
2025-10-10 11:52:43,933 [s4-impl-thread1] TRACE util.FileUtils (LogUtils.java:runAndLog(49)) - Successfully ran Files.createDirectories /home/runner/work/ratis/ratis/ratis-test/target/test/data/319b119c/MiniRaftClusterWithSimulatedRpcfa39f97c/s4/eca80e21-b816-4ea5-a317-a760254fe168/current
2025-10-10 11:52:43,933 [s4-impl-thread1] TRACE util.FileUtils (LogUtils.java:runAndLog(49)) - Successfully ran Files.createDirectories /home/runner/work/ratis/ratis/ratis-test/target/test/data/319b119c/MiniRaftClusterWithSimulatedRpcfa39f97c/s4/eca80e21-b816-4ea5-a317-a760254fe168/sm
2025-10-10 11:52:43,933 [s4-impl-thread1] TRACE util.FileUtils (LogUtils.java:supplyAndLog(69)) - Successfully supplied FileChannel.open /home/runner/work/ratis/ratis/ratis-test/target/test/data/319b119c/MiniRaftClusterWithSimulatedRpcfa39f97c/s4/eca80e21-b816-4ea5-a317-a760254fe168/current/raft-meta.tmp with options [CREATE, TRUNCATE_EXISTING, WRITE]: sun.nio.ch.FileChannelImpl@6e3863fa
2025-10-10 11:52:43,934 [s4-impl-thread1] TRACE util.FileUtils (LogUtils.java:runAndLog(49)) - Successfully ran Atomic Files.move /home/runner/work/ratis/ratis/ratis-test/target/test/data/319b119c/MiniRaftClusterWithSimulatedRpcfa39f97c/s4/eca80e21-b816-4ea5-a317-a760254fe168/current/raft-meta.tmp to /home/runner/work/ratis/ratis/ratis-test/target/test/data/319b119c/MiniRaftClusterWithSimulatedRpcfa39f97c/s4/eca80e21-b816-4ea5-a317-a760254fe168/current/raft-meta with options [REPLACE_EXISTING]
2025-10-10 11:52:43,934 [s4-impl-thread1] INFO  storage.RaftStorage (RaftStorageImpl.java:format(98)) - Storage directory /home/runner/work/ratis/ratis/ratis-test/target/test/data/319b119c/MiniRaftClusterWithSimulatedRpcfa39f97c/s4/eca80e21-b816-4ea5-a317-a760254fe168 has been successfully formatted.
2025-10-10 11:52:43,934 [s4-impl-thread1] INFO  server.RaftServer$Division (ServerState.java:getSnapshotIndexFromStateMachine(155)) - s4@group-A760254FE168: getLatestSnapshot(BaseStateMachine-17:s4:group-A760254FE168) returns null
2025-10-10 11:52:43,934 [s4-impl-thread1] INFO  raftlog.RaftLog (RaftLogBase.java:<init>(90)) - s4@group-A760254FE168-SegmentedRaftLog: snapshotIndexFromStateMachine = -1
2025-10-10 11:52:43,935 [s4-impl-thread1] INFO  util.AwaitToRun (AwaitToRun.java:start(81)) - Thread[s4@group-A760254FE168-cacheEviction-AwaitToRun,5,main] started
2025-10-10 11:52:43,935 [s4-impl-thread1] INFO  segmented.SegmentedRaftLogWorker (SegmentedRaftLogWorker.java:<init>(190)) - new s4@group-A760254FE168-SegmentedRaftLogWorker for RaftStorageImpl:Storage Directory /home/runner/work/ratis/ratis/ratis-test/target/test/data/319b119c/MiniRaftClusterWithSimulatedRpcfa39f97c/s4/eca80e21-b816-4ea5-a317-a760254fe168
2025-10-10 11:52:43,936 [s4-impl-thread1] INFO  segmented.SegmentedRaftLogWorker (SegmentedRaftLogWorker.java:lambda$new$0(141)) - s4@group-A760254FE168-SegmentedRaftLogWorker: flushIndex: setUnconditionally 0 -> -1
2025-10-10 11:52:43,936 [s4-impl-thread1] INFO  segmented.SegmentedRaftLogWorker (SegmentedRaftLogWorker.java:lambda$new$0(141)) - s4@group-A760254FE168-SegmentedRaftLogWorker: safeCacheEvictIndex: setUnconditionally 0 -> -1
2025-10-10 11:52:43,936 [s4-impl-thread1] INFO  server.RaftServer$Division (RaftServerImpl.java:start(412)) - s4@group-A760254FE168: start with initializing state, conf=conf: {index: -1, cur=peers:[]|listeners:[], old=null}
2025-10-10 11:52:43,937 [s4-impl-thread1] INFO  server.RaftServer$Division (RaftServerImpl.java:setRole(393)) - s4@group-A760254FE168: changes role from      null to FOLLOWER at term 0 for NOT_IN_CONF
2025-10-10 11:52:43,937 [s4-impl-thread1] INFO  util.JmxRegister (JmxRegister.java:tryRegister(44)) - Successfully registered JMX Bean with object name Ratis:service=RaftServer,group=group-A760254FE168,id=s4
2025-10-10 11:52:43,937 [s4-impl-thread1] INFO  util.JmxRegister (JmxRegister.java:register(58)) - register mxBean class org.apache.ratis.server.impl.RaftServerJmxAdapter as Ratis:service=RaftServer,group=group-A760254FE168,id=s4
2025-10-10 11:52:43,937 [s4-impl-thread1] INFO  server.RaftServer$Division (RaftServerImpl.java:start(420)) - s4@group-A760254FE168: Successfully started.
2025-10-10 11:52:43,937 [main] INFO  server.RaftServer (RaftServerProxy.java:startImpl(415)) - s4: start RPC server
2025-10-10 11:52:43,938 [JvmPauseMonitor11] INFO  util.JvmPauseMonitor (JvmPauseMonitor.java:run(146)) - JvmPauseMonitor-s4: Started
2025-10-10 11:52:43,938 [s0-impl-thread1] INFO  server.RaftServerConfigKeys (ConfUtils.java:logGet(62)) - raft.server.storage.dir = [/home/runner/work/ratis/ratis/ratis-test/target/test/data/319b119c/MiniRaftClusterWithSimulatedRpcfa39f97c/s0] (custom)
2025-10-10 11:52:43,938 [s0-impl-thread1] INFO  storage.RaftStorageDirectory (RaftStorageDirectoryImpl.java:analyzeStorage(138)) - The storage directory /home/runner/work/ratis/ratis/ratis-test/target/test/data/319b119c/MiniRaftClusterWithSimulatedRpcfa39f97c/s0/eca80e21-b816-4ea5-a317-a760254fe168 does not exist. Creating ...
2025-10-10 11:52:43,939 [s0-impl-thread1] TRACE util.FileUtils (LogUtils.java:runAndLog(49)) - Successfully ran Files.createDirectories /home/runner/work/ratis/ratis/ratis-test/target/test/data/319b119c/MiniRaftClusterWithSimulatedRpcfa39f97c/s0/eca80e21-b816-4ea5-a317-a760254fe168
2025-10-10 11:52:43,940 [s0-impl-thread1] INFO  storage.RaftStorageDirectory (RaftStorageDirectoryImpl.java:tryLock(229)) - Lock on /home/runner/work/ratis/ratis/ratis-test/target/test/data/319b119c/MiniRaftClusterWithSimulatedRpcfa39f97c/s0/eca80e21-b816-4ea5-a317-a760254fe168/in_use.lock acquired by nodename 9833@runnervmwhb2z
2025-10-10 11:52:43,940 [s0-impl-thread1] TRACE util.FileUtils (LogUtils.java:runAndLog(49)) - Successfully ran Files.createDirectories /home/runner/work/ratis/ratis/ratis-test/target/test/data/319b119c/MiniRaftClusterWithSimulatedRpcfa39f97c/s0/eca80e21-b816-4ea5-a317-a760254fe168/current
2025-10-10 11:52:43,940 [s0-impl-thread1] TRACE util.FileUtils (LogUtils.java:runAndLog(49)) - Successfully ran Files.createDirectories /home/runner/work/ratis/ratis/ratis-test/target/test/data/319b119c/MiniRaftClusterWithSimulatedRpcfa39f97c/s0/eca80e21-b816-4ea5-a317-a760254fe168/sm
2025-10-10 11:52:43,940 [s0-impl-thread1] TRACE util.FileUtils (LogUtils.java:supplyAndLog(69)) - Successfully supplied FileChannel.open /home/runner/work/ratis/ratis/ratis-test/target/test/data/319b119c/MiniRaftClusterWithSimulatedRpcfa39f97c/s0/eca80e21-b816-4ea5-a317-a760254fe168/current/raft-meta.tmp with options [CREATE, TRUNCATE_EXISTING, WRITE]: sun.nio.ch.FileChannelImpl@611f1238
2025-10-10 11:52:43,941 [s0-impl-thread1] TRACE util.FileUtils (LogUtils.java:runAndLog(49)) - Successfully ran Atomic Files.move /home/runner/work/ratis/ratis/ratis-test/target/test/data/319b119c/MiniRaftClusterWithSimulatedRpcfa39f97c/s0/eca80e21-b816-4ea5-a317-a760254fe168/current/raft-meta.tmp to /home/runner/work/ratis/ratis/ratis-test/target/test/data/319b119c/MiniRaftClusterWithSimulatedRpcfa39f97c/s0/eca80e21-b816-4ea5-a317-a760254fe168/current/raft-meta with options [REPLACE_EXISTING]
2025-10-10 11:52:43,941 [s0-impl-thread1] INFO  storage.RaftStorage (RaftStorageImpl.java:format(98)) - Storage directory /home/runner/work/ratis/ratis/ratis-test/target/test/data/319b119c/MiniRaftClusterWithSimulatedRpcfa39f97c/s0/eca80e21-b816-4ea5-a317-a760254fe168 has been successfully formatted.
2025-10-10 11:52:43,941 [s0-impl-thread1] INFO  server.RaftServer$Division (ServerState.java:getSnapshotIndexFromStateMachine(155)) - s0@group-A760254FE168: getLatestSnapshot(BaseStateMachine-13:s0:group-A760254FE168) returns null
2025-10-10 11:52:43,941 [s0-impl-thread1] INFO  raftlog.RaftLog (RaftLogBase.java:<init>(90)) - s0@group-A760254FE168-SegmentedRaftLog: snapshotIndexFromStateMachine = -1
2025-10-10 11:52:43,942 [s0-impl-thread1] INFO  util.AwaitToRun (AwaitToRun.java:start(81)) - Thread[s0@group-A760254FE168-cacheEviction-AwaitToRun,5,main] started
2025-10-10 11:52:43,942 [s0-impl-thread1] INFO  segmented.SegmentedRaftLogWorker (SegmentedRaftLogWorker.java:<init>(190)) - new s0@group-A760254FE168-SegmentedRaftLogWorker for RaftStorageImpl:Storage Directory /home/runner/work/ratis/ratis/ratis-test/target/test/data/319b119c/MiniRaftClusterWithSimulatedRpcfa39f97c/s0/eca80e21-b816-4ea5-a317-a760254fe168
2025-10-10 11:52:43,943 [s0-impl-thread1] INFO  segmented.SegmentedRaftLogWorker (SegmentedRaftLogWorker.java:lambda$new$0(141)) - s0@group-A760254FE168-SegmentedRaftLogWorker: flushIndex: setUnconditionally 0 -> -1
2025-10-10 11:52:43,943 [s0-impl-thread1] INFO  segmented.SegmentedRaftLogWorker (SegmentedRaftLogWorker.java:lambda$new$0(141)) - s0@group-A760254FE168-SegmentedRaftLogWorker: safeCacheEvictIndex: setUnconditionally 0 -> -1
2025-10-10 11:52:43,943 [s0-impl-thread1] INFO  server.RaftServer$Division (RaftServerImpl.java:start(412)) - s0@group-A760254FE168: start with initializing state, conf=conf: {index: -1, cur=peers:[]|listeners:[], old=null}
2025-10-10 11:52:43,943 [s0-impl-thread1] INFO  server.RaftServer$Division (RaftServerImpl.java:setRole(393)) - s0@group-A760254FE168: changes role from      null to FOLLOWER at term 0 for NOT_IN_CONF
2025-10-10 11:52:43,943 [s0-impl-thread1] INFO  util.JmxRegister (JmxRegister.java:tryRegister(44)) - Successfully registered JMX Bean with object name Ratis:service=RaftServer,group=group-A760254FE168,id=s0
2025-10-10 11:52:43,943 [s0-impl-thread1] INFO  util.JmxRegister (JmxRegister.java:register(58)) - register mxBean class org.apache.ratis.server.impl.RaftServerJmxAdapter as Ratis:service=RaftServer,group=group-A760254FE168,id=s0
2025-10-10 11:52:43,943 [s0-impl-thread1] INFO  server.RaftServer$Division (RaftServerImpl.java:start(420)) - s0@group-A760254FE168: Successfully started.
2025-10-10 11:52:43,944 [main] INFO  server.RaftServer (RaftServerProxy.java:startImpl(415)) - s0: start RPC server
2025-10-10 11:52:43,944 [JvmPauseMonitor12] INFO  util.JvmPauseMonitor (JvmPauseMonitor.java:run(146)) - JvmPauseMonitor-s0: Started
2025-10-10 11:52:43,945 [s1-impl-thread1] INFO  server.RaftServerConfigKeys (ConfUtils.java:logGet(62)) - raft.server.storage.dir = [/home/runner/work/ratis/ratis/ratis-test/target/test/data/319b119c/MiniRaftClusterWithSimulatedRpcfa39f97c/s1] (custom)
2025-10-10 11:52:43,945 [s1-impl-thread1] INFO  storage.RaftStorageDirectory (RaftStorageDirectoryImpl.java:analyzeStorage(138)) - The storage directory /home/runner/work/ratis/ratis/ratis-test/target/test/data/319b119c/MiniRaftClusterWithSimulatedRpcfa39f97c/s1/eca80e21-b816-4ea5-a317-a760254fe168 does not exist. Creating ...
2025-10-10 11:52:43,945 [s1-impl-thread1] TRACE util.FileUtils (LogUtils.java:runAndLog(49)) - Successfully ran Files.createDirectories /home/runner/work/ratis/ratis/ratis-test/target/test/data/319b119c/MiniRaftClusterWithSimulatedRpcfa39f97c/s1/eca80e21-b816-4ea5-a317-a760254fe168
2025-10-10 11:52:43,946 [s1-impl-thread1] INFO  storage.RaftStorageDirectory (RaftStorageDirectoryImpl.java:tryLock(229)) - Lock on /home/runner/work/ratis/ratis/ratis-test/target/test/data/319b119c/MiniRaftClusterWithSimulatedRpcfa39f97c/s1/eca80e21-b816-4ea5-a317-a760254fe168/in_use.lock acquired by nodename 9833@runnervmwhb2z
2025-10-10 11:52:43,946 [s1-impl-thread1] TRACE util.FileUtils (LogUtils.java:runAndLog(49)) - Successfully ran Files.createDirectories /home/runner/work/ratis/ratis/ratis-test/target/test/data/319b119c/MiniRaftClusterWithSimulatedRpcfa39f97c/s1/eca80e21-b816-4ea5-a317-a760254fe168/current
2025-10-10 11:52:43,946 [s1-impl-thread1] TRACE util.FileUtils (LogUtils.java:runAndLog(49)) - Successfully ran Files.createDirectories /home/runner/work/ratis/ratis/ratis-test/target/test/data/319b119c/MiniRaftClusterWithSimulatedRpcfa39f97c/s1/eca80e21-b816-4ea5-a317-a760254fe168/sm
2025-10-10 11:52:43,946 [s1-impl-thread1] TRACE util.FileUtils (LogUtils.java:supplyAndLog(69)) - Successfully supplied FileChannel.open /home/runner/work/ratis/ratis/ratis-test/target/test/data/319b119c/MiniRaftClusterWithSimulatedRpcfa39f97c/s1/eca80e21-b816-4ea5-a317-a760254fe168/current/raft-meta.tmp with options [CREATE, TRUNCATE_EXISTING, WRITE]: sun.nio.ch.FileChannelImpl@6cfa82d
2025-10-10 11:52:43,947 [s1-impl-thread1] TRACE util.FileUtils (LogUtils.java:runAndLog(49)) - Successfully ran Atomic Files.move /home/runner/work/ratis/ratis/ratis-test/target/test/data/319b119c/MiniRaftClusterWithSimulatedRpcfa39f97c/s1/eca80e21-b816-4ea5-a317-a760254fe168/current/raft-meta.tmp to /home/runner/work/ratis/ratis/ratis-test/target/test/data/319b119c/MiniRaftClusterWithSimulatedRpcfa39f97c/s1/eca80e21-b816-4ea5-a317-a760254fe168/current/raft-meta with options [REPLACE_EXISTING]
2025-10-10 11:52:43,947 [s1-impl-thread1] INFO  storage.RaftStorage (RaftStorageImpl.java:format(98)) - Storage directory /home/runner/work/ratis/ratis/ratis-test/target/test/data/319b119c/MiniRaftClusterWithSimulatedRpcfa39f97c/s1/eca80e21-b816-4ea5-a317-a760254fe168 has been successfully formatted.
2025-10-10 11:52:43,947 [s1-impl-thread1] INFO  server.RaftServer$Division (ServerState.java:getSnapshotIndexFromStateMachine(155)) - s1@group-A760254FE168: getLatestSnapshot(BaseStateMachine-14:s1:group-A760254FE168) returns null
2025-10-10 11:52:43,948 [s1-impl-thread1] INFO  raftlog.RaftLog (RaftLogBase.java:<init>(90)) - s1@group-A760254FE168-SegmentedRaftLog: snapshotIndexFromStateMachine = -1
2025-10-10 11:52:43,949 [s1-impl-thread1] INFO  util.AwaitToRun (AwaitToRun.java:start(81)) - Thread[s1@group-A760254FE168-cacheEviction-AwaitToRun,5,main] started
2025-10-10 11:52:43,949 [s1-impl-thread1] INFO  segmented.SegmentedRaftLogWorker (SegmentedRaftLogWorker.java:<init>(190)) - new s1@group-A760254FE168-SegmentedRaftLogWorker for RaftStorageImpl:Storage Directory /home/runner/work/ratis/ratis/ratis-test/target/test/data/319b119c/MiniRaftClusterWithSimulatedRpcfa39f97c/s1/eca80e21-b816-4ea5-a317-a760254fe168
2025-10-10 11:52:43,950 [s1-impl-thread1] INFO  segmented.SegmentedRaftLogWorker (SegmentedRaftLogWorker.java:lambda$new$0(141)) - s1@group-A760254FE168-SegmentedRaftLogWorker: flushIndex: setUnconditionally 0 -> -1
2025-10-10 11:52:43,950 [s1-impl-thread1] INFO  segmented.SegmentedRaftLogWorker (SegmentedRaftLogWorker.java:lambda$new$0(141)) - s1@group-A760254FE168-SegmentedRaftLogWorker: safeCacheEvictIndex: setUnconditionally 0 -> -1
2025-10-10 11:52:43,951 [s1-impl-thread1] INFO  server.RaftServer$Division (RaftServerImpl.java:start(412)) - s1@group-A760254FE168: start with initializing state, conf=conf: {index: -1, cur=peers:[]|listeners:[], old=null}
2025-10-10 11:52:43,951 [s1-impl-thread1] INFO  server.RaftServer$Division (RaftServerImpl.java:setRole(393)) - s1@group-A760254FE168: changes role from      null to FOLLOWER at term 0 for NOT_IN_CONF
2025-10-10 11:52:43,951 [s1-impl-thread1] INFO  util.JmxRegister (JmxRegister.java:tryRegister(44)) - Successfully registered JMX Bean with object name Ratis:service=RaftServer,group=group-A760254FE168,id=s1
2025-10-10 11:52:43,951 [s1-impl-thread1] INFO  util.JmxRegister (JmxRegister.java:register(58)) - register mxBean class org.apache.ratis.server.impl.RaftServerJmxAdapter as Ratis:service=RaftServer,group=group-A760254FE168,id=s1
2025-10-10 11:52:43,951 [s1-impl-thread1] INFO  server.RaftServer$Division (RaftServerImpl.java:start(420)) - s1@group-A760254FE168: Successfully started.
2025-10-10 11:52:43,951 [main] INFO  server.RaftServer (RaftServerProxy.java:startImpl(415)) - s1: start RPC server
2025-10-10 11:52:43,952 [JvmPauseMonitor13] INFO  util.JvmPauseMonitor (JvmPauseMonitor.java:run(146)) - JvmPauseMonitor-s1: Started
2025-10-10 11:52:43,952 [s2-impl-thread1] INFO  server.RaftServerConfigKeys (ConfUtils.java:logGet(62)) - raft.server.storage.dir = [/home/runner/work/ratis/ratis/ratis-test/target/test/data/319b119c/MiniRaftClusterWithSimulatedRpcfa39f97c/s2] (custom)
2025-10-10 11:52:43,953 [s2-impl-thread1] INFO  storage.RaftStorageDirectory (RaftStorageDirectoryImpl.java:analyzeStorage(138)) - The storage directory /home/runner/work/ratis/ratis/ratis-test/target/test/data/319b119c/MiniRaftClusterWithSimulatedRpcfa39f97c/s2/eca80e21-b816-4ea5-a317-a760254fe168 does not exist. Creating ...
2025-10-10 11:52:43,953 [s2-impl-thread1] TRACE util.FileUtils (LogUtils.java:runAndLog(49)) - Successfully ran Files.createDirectories /home/runner/work/ratis/ratis/ratis-test/target/test/data/319b119c/MiniRaftClusterWithSimulatedRpcfa39f97c/s2/eca80e21-b816-4ea5-a317-a760254fe168
2025-10-10 11:52:43,954 [s2-impl-thread1] INFO  storage.RaftStorageDirectory (RaftStorageDirectoryImpl.java:tryLock(229)) - Lock on /home/runner/work/ratis/ratis/ratis-test/target/test/data/319b119c/MiniRaftClusterWithSimulatedRpcfa39f97c/s2/eca80e21-b816-4ea5-a317-a760254fe168/in_use.lock acquired by nodename 9833@runnervmwhb2z
2025-10-10 11:52:43,954 [s2-impl-thread1] TRACE util.FileUtils (LogUtils.java:runAndLog(49)) - Successfully ran Files.createDirectories /home/runner/work/ratis/ratis/ratis-test/target/test/data/319b119c/MiniRaftClusterWithSimulatedRpcfa39f97c/s2/eca80e21-b816-4ea5-a317-a760254fe168/current
2025-10-10 11:52:43,954 [s2-impl-thread1] TRACE util.FileUtils (LogUtils.java:runAndLog(49)) - Successfully ran Files.createDirectories /home/runner/work/ratis/ratis/ratis-test/target/test/data/319b119c/MiniRaftClusterWithSimulatedRpcfa39f97c/s2/eca80e21-b816-4ea5-a317-a760254fe168/sm
2025-10-10 11:52:43,954 [s2-impl-thread1] TRACE util.FileUtils (LogUtils.java:supplyAndLog(69)) - Successfully supplied FileChannel.open /home/runner/work/ratis/ratis/ratis-test/target/test/data/319b119c/MiniRaftClusterWithSimulatedRpcfa39f97c/s2/eca80e21-b816-4ea5-a317-a760254fe168/current/raft-meta.tmp with options [CREATE, TRUNCATE_EXISTING, WRITE]: sun.nio.ch.FileChannelImpl@51f74ebf
2025-10-10 11:52:43,955 [s2-impl-thread1] TRACE util.FileUtils (LogUtils.java:runAndLog(49)) - Successfully ran Atomic Files.move /home/runner/work/ratis/ratis/ratis-test/target/test/data/319b119c/MiniRaftClusterWithSimulatedRpcfa39f97c/s2/eca80e21-b816-4ea5-a317-a760254fe168/current/raft-meta.tmp to /home/runner/work/ratis/ratis/ratis-test/target/test/data/319b119c/MiniRaftClusterWithSimulatedRpcfa39f97c/s2/eca80e21-b816-4ea5-a317-a760254fe168/current/raft-meta with options [REPLACE_EXISTING]
2025-10-10 11:52:43,956 [s2-impl-thread1] INFO  storage.RaftStorage (RaftStorageImpl.java:format(98)) - Storage directory /home/runner/work/ratis/ratis/ratis-test/target/test/data/319b119c/MiniRaftClusterWithSimulatedRpcfa39f97c/s2/eca80e21-b816-4ea5-a317-a760254fe168 has been successfully formatted.
2025-10-10 11:52:43,956 [s2-impl-thread1] INFO  server.RaftServer$Division (ServerState.java:getSnapshotIndexFromStateMachine(155)) - s2@group-A760254FE168: getLatestSnapshot(BaseStateMachine-15:s2:group-A760254FE168) returns null
2025-10-10 11:52:43,956 [s2-impl-thread1] INFO  raftlog.RaftLog (RaftLogBase.java:<init>(90)) - s2@group-A760254FE168-SegmentedRaftLog: snapshotIndexFromStateMachine = -1
2025-10-10 11:52:43,956 [s2-impl-thread1] INFO  util.AwaitToRun (AwaitToRun.java:start(81)) - Thread[s2@group-A760254FE168-cacheEviction-AwaitToRun,5,main] started
2025-10-10 11:52:43,956 [s2-impl-thread1] INFO  segmented.SegmentedRaftLogWorker (SegmentedRaftLogWorker.java:<init>(190)) - new s2@group-A760254FE168-SegmentedRaftLogWorker for RaftStorageImpl:Storage Directory /home/runner/work/ratis/ratis/ratis-test/target/test/data/319b119c/MiniRaftClusterWithSimulatedRpcfa39f97c/s2/eca80e21-b816-4ea5-a317-a760254fe168
2025-10-10 11:52:43,957 [s2-impl-thread1] INFO  segmented.SegmentedRaftLogWorker (SegmentedRaftLogWorker.java:lambda$new$0(141)) - s2@group-A760254FE168-SegmentedRaftLogWorker: flushIndex: setUnconditionally 0 -> -1
2025-10-10 11:52:43,957 [s2-impl-thread1] INFO  segmented.SegmentedRaftLogWorker (SegmentedRaftLogWorker.java:lambda$new$0(141)) - s2@group-A760254FE168-SegmentedRaftLogWorker: safeCacheEvictIndex: setUnconditionally 0 -> -1
2025-10-10 11:52:43,958 [s2-impl-thread1] INFO  server.RaftServer$Division (RaftServerImpl.java:start(412)) - s2@group-A760254FE168: start with initializing state, conf=conf: {index: -1, cur=peers:[]|listeners:[], old=null}
2025-10-10 11:52:43,958 [s2-impl-thread1] INFO  server.RaftServer$Division (RaftServerImpl.java:setRole(393)) - s2@group-A760254FE168: changes role from      null to FOLLOWER at term 0 for NOT_IN_CONF
2025-10-10 11:52:43,958 [s2-impl-thread1] INFO  util.JmxRegister (JmxRegister.java:tryRegister(44)) - Successfully registered JMX Bean with object name Ratis:service=RaftServer,group=group-A760254FE168,id=s2
2025-10-10 11:52:43,958 [s2-impl-thread1] INFO  util.JmxRegister (JmxRegister.java:register(58)) - register mxBean class org.apache.ratis.server.impl.RaftServerJmxAdapter as Ratis:service=RaftServer,group=group-A760254FE168,id=s2
2025-10-10 11:52:43,958 [s2-impl-thread1] INFO  server.RaftServer$Division (RaftServerImpl.java:start(420)) - s2@group-A760254FE168: Successfully started.
2025-10-10 11:52:43,958 [main] INFO  server.RaftServer (RaftServerProxy.java:startImpl(415)) - s2: start RPC server
2025-10-10 11:52:43,960 [JvmPauseMonitor14] INFO  util.JvmPauseMonitor (JvmPauseMonitor.java:run(146)) - JvmPauseMonitor-s2: Started
2025-10-10 11:52:44,960 [main] INFO  impl.GroupManagementBaseTest (GroupManagementBaseTest.java:runMultiGroupTest(269)) - start: printing ALL groups
  s3:  RUNNING  FOLLOWER (STARTING): s3@group-A760254FE168:t0, leader=null, voted=, raftlog=Memoized:s3@group-A760254FE168-SegmentedRaftLog:OPENED:c-1:lastnull, conf=conf: {index: -1, cur=peers:[]|listeners:[], old=null}
  s4:  RUNNING  FOLLOWER (STARTING): s4@group-A760254FE168:t0, leader=null, voted=, raftlog=Memoized:s4@group-A760254FE168-SegmentedRaftLog:OPENED:c-1:lastnull, conf=conf: {index: -1, cur=peers:[]|listeners:[], old=null}
  s0:  RUNNING  FOLLOWER (STARTING): s0@group-A760254FE168:t0, leader=null, voted=, raftlog=Memoized:s0@group-A760254FE168-SegmentedRaftLog:OPENED:c-1:lastnull, conf=conf: {index: -1, cur=peers:[]|listeners:[], old=null}
  s1:  RUNNING  FOLLOWER (STARTING): s1@group-A760254FE168:t0, leader=null, voted=, raftlog=Memoized:s1@group-A760254FE168-SegmentedRaftLog:OPENED:c-1:lastnull, conf=conf: {index: -1, cur=peers:[]|listeners:[], old=null}
  s2:  RUNNING  FOLLOWER (STARTING): s2@group-A760254FE168:t0, leader=null, voted=, raftlog=Memoized:s2@group-A760254FE168-SegmentedRaftLog:OPENED:c-1:lastnull, conf=conf: {index: -1, cur=peers:[]|listeners:[], old=null}
2025-10-10 11:52:44,962 [main] INFO  impl.GroupManagementBaseTest (GroupManagementBaseTest.java:runMultiGroupTest(283)) - 0) starting group-06C30086AEA1:[s0, s1, s2]
2025-10-10 11:52:44,962 [main] DEBUG client.RaftClient (RaftClientImpl.java:newRequest(95)) - attempt #1, newRequest GroupManagementRequest:client-746CD096779D->s0@group-06C30086AEA1, cid=42, seq=null, RW, null, Add:group-06C30086AEA1:[s0, s1, s2]
2025-10-10 11:52:44,962 [HandlerDaemon-0] INFO  server.RaftServer (RaftServerProxy.java:addNew(106)) - s0: addNew group-06C30086AEA1:[s0, s1, s2] returns group-06C30086AEA1:java.util.concurrent.CompletableFuture@557f41d5[Not completed]
2025-10-10 11:52:44,963 [s0-groupManagement] INFO  server.RaftServer$Division (RaftServerImpl.java:<init>(269)) - s0: new RaftServerImpl for group-06C30086AEA1:[s0, s1, s2] with BaseStateMachine-18:uninitialized
2025-10-10 11:52:44,963 [s0-groupManagement] INFO  server.RaftServer$Division (ServerState.java:<init>(115)) - s0@group-06C30086AEA1: ConfigurationManager, init=conf: {index: -1, cur=peers:[s0, s1, s2]|listeners:[], old=null}, confs=<EMPTY_MAP>
2025-10-10 11:52:44,964 [s0-groupManagement] DEBUG server.RaftServer (RaftServerProxy.java:lambda$groupAddAsync$13(517)) - s0: newImpl =      null (NEW): s0@group-06C30086AEA1:t0, leader=null, voted=null, raftlog=UNINITIALIZED, conf=conf: {index: -1, cur=peers:[s0, s1, s2]|listeners:[], old=null}
2025-10-10 11:52:44,964 [s0-groupManagement] INFO  server.RaftServerConfigKeys (ConfUtils.java:logGet(62)) - raft.server.storage.dir = [/home/runner/work/ratis/ratis/ratis-test/target/test/data/319b119c/MiniRaftClusterWithSimulatedRpcfa39f97c/s0] (custom)
2025-10-10 11:52:44,965 [s0-groupManagement] INFO  storage.RaftStorageDirectory (RaftStorageDirectoryImpl.java:analyzeStorage(138)) - The storage directory /home/runner/work/ratis/ratis/ratis-test/target/test/data/319b119c/MiniRaftClusterWithSimulatedRpcfa39f97c/s0/01e70f5d-948f-472b-b639-06c30086aea1 does not exist. Creating ...
2025-10-10 11:52:44,965 [s0-groupManagement] TRACE util.FileUtils (LogUtils.java:runAndLog(49)) - Successfully ran Files.createDirectories /home/runner/work/ratis/ratis/ratis-test/target/test/data/319b119c/MiniRaftClusterWithSimulatedRpcfa39f97c/s0/01e70f5d-948f-472b-b639-06c30086aea1
2025-10-10 11:52:44,966 [s0-groupManagement] INFO  storage.RaftStorageDirectory (RaftStorageDirectoryImpl.java:tryLock(229)) - Lock on /home/runner/work/ratis/ratis/ratis-test/target/test/data/319b119c/MiniRaftClusterWithSimulatedRpcfa39f97c/s0/01e70f5d-948f-472b-b639-06c30086aea1/in_use.lock acquired by nodename 9833@runnervmwhb2z
2025-10-10 11:52:44,966 [s0-groupManagement] TRACE util.FileUtils (LogUtils.java:runAndLog(49)) - Successfully ran Files.createDirectories /home/runner/work/ratis/ratis/ratis-test/target/test/data/319b119c/MiniRaftClusterWithSimulatedRpcfa39f97c/s0/01e70f5d-948f-472b-b639-06c30086aea1/current
2025-10-10 11:52:44,966 [s0-groupManagement] TRACE util.FileUtils (LogUtils.java:runAndLog(49)) - Successfully ran Files.createDirectories /home/runner/work/ratis/ratis/ratis-test/target/test/data/319b119c/MiniRaftClusterWithSimulatedRpcfa39f97c/s0/01e70f5d-948f-472b-b639-06c30086aea1/sm
2025-10-10 11:52:44,966 [s0-groupManagement] TRACE util.FileUtils (LogUtils.java:supplyAndLog(69)) - Successfully supplied FileChannel.open /home/runner/work/ratis/ratis/ratis-test/target/test/data/319b119c/MiniRaftClusterWithSimulatedRpcfa39f97c/s0/01e70f5d-948f-472b-b639-06c30086aea1/current/raft-meta.tmp with options [CREATE, TRUNCATE_EXISTING, WRITE]: sun.nio.ch.FileChannelImpl@6af7696
2025-10-10 11:52:44,967 [s0-groupManagement] TRACE util.FileUtils (LogUtils.java:runAndLog(49)) - Successfully ran Atomic Files.move /home/runner/work/ratis/ratis/ratis-test/target/test/data/319b119c/MiniRaftClusterWithSimulatedRpcfa39f97c/s0/01e70f5d-948f-472b-b639-06c30086aea1/current/raft-meta.tmp to /home/runner/work/ratis/ratis/ratis-test/target/test/data/319b119c/MiniRaftClusterWithSimulatedRpcfa39f97c/s0/01e70f5d-948f-472b-b639-06c30086aea1/current/raft-meta with options [REPLACE_EXISTING]
2025-10-10 11:52:44,967 [s0-groupManagement] INFO  storage.RaftStorage (RaftStorageImpl.java:format(98)) - Storage directory /home/runner/work/ratis/ratis/ratis-test/target/test/data/319b119c/MiniRaftClusterWithSimulatedRpcfa39f97c/s0/01e70f5d-948f-472b-b639-06c30086aea1 has been successfully formatted.
2025-10-10 11:52:44,967 [s0-groupManagement] INFO  server.RaftServer$Division (ServerState.java:getSnapshotIndexFromStateMachine(155)) - s0@group-06C30086AEA1: getLatestSnapshot(BaseStateMachine-18:s0:group-06C30086AEA1) returns null
2025-10-10 11:52:44,967 [s0-groupManagement] INFO  raftlog.RaftLog (RaftLogBase.java:<init>(90)) - s0@group-06C30086AEA1-SegmentedRaftLog: snapshotIndexFromStateMachine = -1
2025-10-10 11:52:44,968 [s0-groupManagement] INFO  util.AwaitToRun (AwaitToRun.java:start(81)) - Thread[s0@group-06C30086AEA1-cacheEviction-AwaitToRun,5,main] started
2025-10-10 11:52:44,968 [s0-groupManagement] INFO  segmented.SegmentedRaftLogWorker (SegmentedRaftLogWorker.java:<init>(190)) - new s0@group-06C30086AEA1-SegmentedRaftLogWorker for RaftStorageImpl:Storage Directory /home/runner/work/ratis/ratis/ratis-test/target/test/data/319b119c/MiniRaftClusterWithSimulatedRpcfa39f97c/s0/01e70f5d-948f-472b-b639-06c30086aea1
2025-10-10 11:52:44,970 [s0-groupManagement] INFO  segmented.SegmentedRaftLogWorker (SegmentedRaftLogWorker.java:lambda$new$0(141)) - s0@group-06C30086AEA1-SegmentedRaftLogWorker: flushIndex: setUnconditionally 0 -> -1
2025-10-10 11:52:44,971 [s0-groupManagement] INFO  segmented.SegmentedRaftLogWorker (SegmentedRaftLogWorker.java:lambda$new$0(141)) - s0@group-06C30086AEA1-SegmentedRaftLogWorker: safeCacheEvictIndex: setUnconditionally 0 -> -1
2025-10-10 11:52:44,971 [s0-groupManagement] INFO  server.RaftServer$Division (RaftServerImpl.java:start(406)) - s0@group-06C30086AEA1: start as a follower, conf=conf: {index: -1, cur=peers:[s0, s1, s2]|listeners:[], old=null}
2025-10-10 11:52:44,971 [s0-groupManagement] INFO  server.RaftServer$Division (RaftServerImpl.java:setRole(393)) - s0@group-06C30086AEA1: changes role from      null to FOLLOWER at term 0 for startAsFollower
2025-10-10 11:52:44,971 [s0-groupManagement] INFO  impl.RoleInfo (RoleInfo.java:updateAndGet(148)) - s0: start s0@group-06C30086AEA1-FollowerState
2025-10-10 11:52:44,971 [s0-groupManagement] INFO  util.JmxRegister (JmxRegister.java:tryRegister(44)) - Successfully registered JMX Bean with object name Ratis:service=RaftServer,group=group-06C30086AEA1,id=s0
2025-10-10 11:52:44,971 [s0@group-06C30086AEA1-FollowerState] INFO  server.RaftServerConfigKeys (ConfUtils.java:logFallback(69)) - raft.server.rpc.first-election.timeout.min = 1500ms (fallback to raft.server.rpc.timeout.min)
2025-10-10 11:52:44,971 [s0-groupManagement] INFO  util.JmxRegister (JmxRegister.java:register(58)) - register mxBean class org.apache.ratis.server.impl.RaftServerJmxAdapter as Ratis:service=RaftServer,group=group-06C30086AEA1,id=s0
2025-10-10 11:52:44,972 [s0@group-06C30086AEA1-FollowerState] INFO  server.RaftServerConfigKeys (ConfUtils.java:logFallback(69)) - raft.server.rpc.first-election.timeout.max = 2000ms (fallback to raft.server.rpc.timeout.max)
2025-10-10 11:52:44,972 [s0-groupManagement] INFO  server.RaftServer$Division (RaftServerImpl.java:start(420)) - s0@group-06C30086AEA1: Successfully started.
2025-10-10 11:52:44,972 [main] DEBUG client.RaftClient (RaftClientImpl.java:close(465)) - close client-746CD096779D
2025-10-10 11:52:44,973 [main] DEBUG client.RaftClient (RaftClientImpl.java:newRequest(95)) - attempt #1, newRequest GroupManagementRequest:client-EB5E408408B1->s1@group-06C30086AEA1, cid=43, seq=null, RW, null, Add:group-06C30086AEA1:[s0, s1, s2]
2025-10-10 11:52:44,973 [HandlerDaemon-0] INFO  server.RaftServer (RaftServerProxy.java:addNew(106)) - s1: addNew group-06C30086AEA1:[s0, s1, s2] returns group-06C30086AEA1:java.util.concurrent.CompletableFuture@24bece24[Not completed]
2025-10-10 11:52:44,973 [s1-groupManagement] INFO  server.RaftServer$Division (RaftServerImpl.java:<init>(269)) - s1: new RaftServerImpl for group-06C30086AEA1:[s0, s1, s2] with BaseStateMachine-19:uninitialized
2025-10-10 11:52:44,974 [s1-groupManagement] INFO  server.RaftServer$Division (ServerState.java:<init>(115)) - s1@group-06C30086AEA1: ConfigurationManager, init=conf: {index: -1, cur=peers:[s0, s1, s2]|listeners:[], old=null}, confs=<EMPTY_MAP>
2025-10-10 11:52:44,975 [s1-groupManagement] DEBUG server.RaftServer (RaftServerProxy.java:lambda$groupAddAsync$13(517)) - s1: newImpl =      null (NEW): s1@group-06C30086AEA1:t0, leader=null, voted=null, raftlog=UNINITIALIZED, conf=conf: {index: -1, cur=peers:[s0, s1, s2]|listeners:[], old=null}
2025-10-10 11:52:44,975 [s1-groupManagement] INFO  server.RaftServerConfigKeys (ConfUtils.java:logGet(62)) - raft.server.storage.dir = [/home/runner/work/ratis/ratis/ratis-test/target/test/data/319b119c/MiniRaftClusterWithSimulatedRpcfa39f97c/s1] (custom)
2025-10-10 11:52:44,976 [s1-groupManagement] INFO  storage.RaftStorageDirectory (RaftStorageDirectoryImpl.java:analyzeStorage(138)) - The storage directory /home/runner/work/ratis/ratis/ratis-test/target/test/data/319b119c/MiniRaftClusterWithSimulatedRpcfa39f97c/s1/01e70f5d-948f-472b-b639-06c30086aea1 does not exist. Creating ...
2025-10-10 11:52:44,976 [s1-groupManagement] TRACE util.FileUtils (LogUtils.java:runAndLog(49)) - Successfully ran Files.createDirectories /home/runner/work/ratis/ratis/ratis-test/target/test/data/319b119c/MiniRaftClusterWithSimulatedRpcfa39f97c/s1/01e70f5d-948f-472b-b639-06c30086aea1
2025-10-10 11:52:44,977 [s1-groupManagement] INFO  storage.RaftStorageDirectory (RaftStorageDirectoryImpl.java:tryLock(229)) - Lock on /home/runner/work/ratis/ratis/ratis-test/target/test/data/319b119c/MiniRaftClusterWithSimulatedRpcfa39f97c/s1/01e70f5d-948f-472b-b639-06c30086aea1/in_use.lock acquired by nodename 9833@runnervmwhb2z
2025-10-10 11:52:44,977 [s1-groupManagement] TRACE util.FileUtils (LogUtils.java:runAndLog(49)) - Successfully ran Files.createDirectories /home/runner/work/ratis/ratis/ratis-test/target/test/data/319b119c/MiniRaftClusterWithSimulatedRpcfa39f97c/s1/01e70f5d-948f-472b-b639-06c30086aea1/current
2025-10-10 11:52:44,978 [s1-groupManagement] TRACE util.FileUtils (LogUtils.java:runAndLog(49)) - Successfully ran Files.createDirectories /home/runner/work/ratis/ratis/ratis-test/target/test/data/319b119c/MiniRaftClusterWithSimulatedRpcfa39f97c/s1/01e70f5d-948f-472b-b639-06c30086aea1/sm
2025-10-10 11:52:44,978 [s1-groupManagement] TRACE util.FileUtils (LogUtils.java:supplyAndLog(69)) - Successfully supplied FileChannel.open /home/runner/work/ratis/ratis/ratis-test/target/test/data/319b119c/MiniRaftClusterWithSimulatedRpcfa39f97c/s1/01e70f5d-948f-472b-b639-06c30086aea1/current/raft-meta.tmp with options [CREATE, TRUNCATE_EXISTING, WRITE]: sun.nio.ch.FileChannelImpl@7590d186
2025-10-10 11:52:44,981 [s1-groupManagement] TRACE util.FileUtils (LogUtils.java:runAndLog(49)) - Successfully ran Atomic Files.move /home/runner/work/ratis/ratis/ratis-test/target/test/data/319b119c/MiniRaftClusterWithSimulatedRpcfa39f97c/s1/01e70f5d-948f-472b-b639-06c30086aea1/current/raft-meta.tmp to /home/runner/work/ratis/ratis/ratis-test/target/test/data/319b119c/MiniRaftClusterWithSimulatedRpcfa39f97c/s1/01e70f5d-948f-472b-b639-06c30086aea1/current/raft-meta with options [REPLACE_EXISTING]
2025-10-10 11:52:44,981 [s1-groupManagement] INFO  storage.RaftStorage (RaftStorageImpl.java:format(98)) - Storage directory /home/runner/work/ratis/ratis/ratis-test/target/test/data/319b119c/MiniRaftClusterWithSimulatedRpcfa39f97c/s1/01e70f5d-948f-472b-b639-06c30086aea1 has been successfully formatted.
2025-10-10 11:52:44,981 [s1-groupManagement] INFO  server.RaftServer$Division (ServerState.java:getSnapshotIndexFromStateMachine(155)) - s1@group-06C30086AEA1: getLatestSnapshot(BaseStateMachine-19:s1:group-06C30086AEA1) returns null
2025-10-10 11:52:44,981 [s1-groupManagement] INFO  raftlog.RaftLog (RaftLogBase.java:<init>(90)) - s1@group-06C30086AEA1-SegmentedRaftLog: snapshotIndexFromStateMachine = -1
2025-10-10 11:52:44,982 [s1-groupManagement] INFO  util.AwaitToRun (AwaitToRun.java:start(81)) - Thread[s1@group-06C30086AEA1-cacheEviction-AwaitToRun,5,main] started
2025-10-10 11:52:44,983 [s1-groupManagement] INFO  segmented.SegmentedRaftLogWorker (SegmentedRaftLogWorker.java:<init>(190)) - new s1@group-06C30086AEA1-SegmentedRaftLogWorker for RaftStorageImpl:Storage Directory /home/runner/work/ratis/ratis/ratis-test/target/test/data/319b119c/MiniRaftClusterWithSimulatedRpcfa39f97c/s1/01e70f5d-948f-472b-b639-06c30086aea1
2025-10-10 11:52:44,985 [s1-groupManagement] INFO  segmented.SegmentedRaftLogWorker (SegmentedRaftLogWorker.java:lambda$new$0(141)) - s1@group-06C30086AEA1-SegmentedRaftLogWorker: flushIndex: setUnconditionally 0 -> -1
2025-10-10 11:52:44,985 [s1-groupManagement] INFO  segmented.SegmentedRaftLogWorker (SegmentedRaftLogWorker.java:lambda$new$0(141)) - s1@group-06C30086AEA1-SegmentedRaftLogWorker: safeCacheEvictIndex: setUnconditionally 0 -> -1
2025-10-10 11:52:44,985 [s1-groupManagement] INFO  server.RaftServer$Division (RaftServerImpl.java:start(406)) - s1@group-06C30086AEA1: start as a follower, conf=conf: {index: -1, cur=peers:[s0, s1, s2]|listeners:[], old=null}
2025-10-10 11:52:44,986 [s1-groupManagement] INFO  server.RaftServer$Division (RaftServerImpl.java:setRole(393)) - s1@group-06C30086AEA1: changes role from      null to FOLLOWER at term 0 for startAsFollower
2025-10-10 11:52:44,986 [s1-groupManagement] INFO  impl.RoleInfo (RoleInfo.java:updateAndGet(148)) - s1: start s1@group-06C30086AEA1-FollowerState
2025-10-10 11:52:44,986 [s1-groupManagement] INFO  util.JmxRegister (JmxRegister.java:tryRegister(44)) - Successfully registered JMX Bean with object name Ratis:service=RaftServer,group=group-06C30086AEA1,id=s1
2025-10-10 11:52:44,986 [s1-groupManagement] INFO  util.JmxRegister (JmxRegister.java:register(58)) - register mxBean class org.apache.ratis.server.impl.RaftServerJmxAdapter as Ratis:service=RaftServer,group=group-06C30086AEA1,id=s1
2025-10-10 11:52:44,986 [s1@group-06C30086AEA1-FollowerState] INFO  server.RaftServerConfigKeys (ConfUtils.java:logFallback(69)) - raft.server.rpc.first-election.timeout.min = 1500ms (fallback to raft.server.rpc.timeout.min)
2025-10-10 11:52:44,986 [s1@group-06C30086AEA1-FollowerState] INFO  server.RaftServerConfigKeys (ConfUtils.java:logFallback(69)) - raft.server.rpc.first-election.timeout.max = 2000ms (fallback to raft.server.rpc.timeout.max)
2025-10-10 11:52:44,986 [s1-groupManagement] INFO  server.RaftServer$Division (RaftServerImpl.java:start(420)) - s1@group-06C30086AEA1: Successfully started.
2025-10-10 11:52:44,987 [main] DEBUG client.RaftClient (RaftClientImpl.java:close(465)) - close client-EB5E408408B1
2025-10-10 11:52:44,987 [main] DEBUG client.RaftClient (RaftClientImpl.java:newRequest(95)) - attempt #1, newRequest GroupManagementRequest:client-5A529D93D619->s2@group-06C30086AEA1, cid=44, seq=null, RW, null, Add:group-06C30086AEA1:[s0, s1, s2]
2025-10-10 11:52:44,988 [HandlerDaemon-0] INFO  server.RaftServer (RaftServerProxy.java:addNew(106)) - s2: addNew group-06C30086AEA1:[s0, s1, s2] returns group-06C30086AEA1:java.util.concurrent.CompletableFuture@7a2cf4[Not completed]
2025-10-10 11:52:44,988 [s2-groupManagement] INFO  server.RaftServer$Division (RaftServerImpl.java:<init>(269)) - s2: new RaftServerImpl for group-06C30086AEA1:[s0, s1, s2] with BaseStateMachine-20:uninitialized
2025-10-10 11:52:44,988 [s2-groupManagement] INFO  server.RaftServer$Division (ServerState.java:<init>(115)) - s2@group-06C30086AEA1: ConfigurationManager, init=conf: {index: -1, cur=peers:[s0, s1, s2]|listeners:[], old=null}, confs=<EMPTY_MAP>
2025-10-10 11:52:44,990 [s2-groupManagement] DEBUG server.RaftServer (RaftServerProxy.java:lambda$groupAddAsync$13(517)) - s2: newImpl =      null (NEW): s2@group-06C30086AEA1:t0, leader=null, voted=null, raftlog=UNINITIALIZED, conf=conf: {index: -1, cur=peers:[s0, s1, s2]|listeners:[], old=null}
2025-10-10 11:52:44,990 [s2-groupManagement] INFO  server.RaftServerConfigKeys (ConfUtils.java:logGet(62)) - raft.server.storage.dir = [/home/runner/work/ratis/ratis/ratis-test/target/test/data/319b119c/MiniRaftClusterWithSimulatedRpcfa39f97c/s2] (custom)
2025-10-10 11:52:44,990 [s2-groupManagement] INFO  storage.RaftStorageDirectory (RaftStorageDirectoryImpl.java:analyzeStorage(138)) - The storage directory /home/runner/work/ratis/ratis/ratis-test/target/test/data/319b119c/MiniRaftClusterWithSimulatedRpcfa39f97c/s2/01e70f5d-948f-472b-b639-06c30086aea1 does not exist. Creating ...
2025-10-10 11:52:44,991 [s2-groupManagement] TRACE util.FileUtils (LogUtils.java:runAndLog(49)) - Successfully ran Files.createDirectories /home/runner/work/ratis/ratis/ratis-test/target/test/data/319b119c/MiniRaftClusterWithSimulatedRpcfa39f97c/s2/01e70f5d-948f-472b-b639-06c30086aea1
2025-10-10 11:52:44,992 [s2-groupManagement] INFO  storage.RaftStorageDirectory (RaftStorageDirectoryImpl.java:tryLock(229)) - Lock on /home/runner/work/ratis/ratis/ratis-test/target/test/data/319b119c/MiniRaftClusterWithSimulatedRpcfa39f97c/s2/01e70f5d-948f-472b-b639-06c30086aea1/in_use.lock acquired by nodename 9833@runnervmwhb2z
2025-10-10 11:52:44,992 [s2-groupManagement] TRACE util.FileUtils (LogUtils.java:runAndLog(49)) - Successfully ran Files.createDirectories /home/runner/work/ratis/ratis/ratis-test/target/test/data/319b119c/MiniRaftClusterWithSimulatedRpcfa39f97c/s2/01e70f5d-948f-472b-b639-06c30086aea1/current
2025-10-10 11:52:44,993 [s2-groupManagement] TRACE util.FileUtils (LogUtils.java:runAndLog(49)) - Successfully ran Files.createDirectories /home/runner/work/ratis/ratis/ratis-test/target/test/data/319b119c/MiniRaftClusterWithSimulatedRpcfa39f97c/s2/01e70f5d-948f-472b-b639-06c30086aea1/sm
2025-10-10 11:52:44,993 [s2-groupManagement] TRACE util.FileUtils (LogUtils.java:supplyAndLog(69)) - Successfully supplied FileChannel.open /home/runner/work/ratis/ratis/ratis-test/target/test/data/319b119c/MiniRaftClusterWithSimulatedRpcfa39f97c/s2/01e70f5d-948f-472b-b639-06c30086aea1/current/raft-meta.tmp with options [CREATE, TRUNCATE_EXISTING, WRITE]: sun.nio.ch.FileChannelImpl@382d5331
2025-10-10 11:52:44,994 [s2-groupManagement] TRACE util.FileUtils (LogUtils.java:runAndLog(49)) - Successfully ran Atomic Files.move /home/runner/work/ratis/ratis/ratis-test/target/test/data/319b119c/MiniRaftClusterWithSimulatedRpcfa39f97c/s2/01e70f5d-948f-472b-b639-06c30086aea1/current/raft-meta.tmp to /home/runner/work/ratis/ratis/ratis-test/target/test/data/319b119c/MiniRaftClusterWithSimulatedRpcfa39f97c/s2/01e70f5d-948f-472b-b639-06c30086aea1/current/raft-meta with options [REPLACE_EXISTING]
2025-10-10 11:52:44,994 [s2-groupManagement] INFO  storage.RaftStorage (RaftStorageImpl.java:format(98)) - Storage directory /home/runner/work/ratis/ratis/ratis-test/target/test/data/319b119c/MiniRaftClusterWithSimulatedRpcfa39f97c/s2/01e70f5d-948f-472b-b639-06c30086aea1 has been successfully formatted.
2025-10-10 11:52:44,994 [s2-groupManagement] INFO  server.RaftServer$Division (ServerState.java:getSnapshotIndexFromStateMachine(155)) - s2@group-06C30086AEA1: getLatestSnapshot(BaseStateMachine-20:s2:group-06C30086AEA1) returns null
2025-10-10 11:52:44,994 [s2-groupManagement] INFO  raftlog.RaftLog (RaftLogBase.java:<init>(90)) - s2@group-06C30086AEA1-SegmentedRaftLog: snapshotIndexFromStateMachine = -1
2025-10-10 11:52:44,996 [s2-groupManagement] INFO  util.AwaitToRun (AwaitToRun.java:start(81)) - Thread[s2@group-06C30086AEA1-cacheEviction-AwaitToRun,5,main] started
2025-10-10 11:52:44,996 [s2-groupManagement] INFO  segmented.SegmentedRaftLogWorker (SegmentedRaftLogWorker.java:<init>(190)) - new s2@group-06C30086AEA1-SegmentedRaftLogWorker for RaftStorageImpl:Storage Directory /home/runner/work/ratis/ratis/ratis-test/target/test/data/319b119c/MiniRaftClusterWithSimulatedRpcfa39f97c/s2/01e70f5d-948f-472b-b639-06c30086aea1
2025-10-10 11:52:44,998 [s2-groupManagement] INFO  segmented.SegmentedRaftLogWorker (SegmentedRaftLogWorker.java:lambda$new$0(141)) - s2@group-06C30086AEA1-SegmentedRaftLogWorker: flushIndex: setUnconditionally 0 -> -1
2025-10-10 11:52:44,999 [s2-groupManagement] INFO  segmented.SegmentedRaftLogWorker (SegmentedRaftLogWorker.java:lambda$new$0(141)) - s2@group-06C30086AEA1-SegmentedRaftLogWorker: safeCacheEvictIndex: setUnconditionally 0 -> -1
2025-10-10 11:52:44,999 [s2-groupManagement] INFO  server.RaftServer$Division (RaftServerImpl.java:start(406)) - s2@group-06C30086AEA1: start as a follower, conf=conf: {index: -1, cur=peers:[s0, s1, s2]|listeners:[], old=null}
2025-10-10 11:52:44,999 [s2-groupManagement] INFO  server.RaftServer$Division (RaftServerImpl.java:setRole(393)) - s2@group-06C30086AEA1: changes role from      null to FOLLOWER at term 0 for startAsFollower
2025-10-10 11:52:45,000 [s2-groupManagement] INFO  impl.RoleInfo (RoleInfo.java:updateAndGet(148)) - s2: start s2@group-06C30086AEA1-FollowerState
2025-10-10 11:52:45,001 [s2-groupManagement] INFO  util.JmxRegister (JmxRegister.java:tryRegister(44)) - Successfully registered JMX Bean with object name Ratis:service=RaftServer,group=group-06C30086AEA1,id=s2
2025-10-10 11:52:45,001 [s2-groupManagement] INFO  util.JmxRegister (JmxRegister.java:register(58)) - register mxBean class org.apache.ratis.server.impl.RaftServerJmxAdapter as Ratis:service=RaftServer,group=group-06C30086AEA1,id=s2
2025-10-10 11:52:45,002 [s2-groupManagement] INFO  server.RaftServer$Division (RaftServerImpl.java:start(420)) - s2@group-06C30086AEA1: Successfully started.
2025-10-10 11:52:45,001 [s2@group-06C30086AEA1-FollowerState] INFO  server.RaftServerConfigKeys (ConfUtils.java:logFallback(69)) - raft.server.rpc.first-election.timeout.min = 1500ms (fallback to raft.server.rpc.timeout.min)
2025-10-10 11:52:45,002 [s2@group-06C30086AEA1-FollowerState] INFO  server.RaftServerConfigKeys (ConfUtils.java:logFallback(69)) - raft.server.rpc.first-election.timeout.max = 2000ms (fallback to raft.server.rpc.timeout.max)
2025-10-10 11:52:45,003 [main] DEBUG client.RaftClient (RaftClientImpl.java:close(465)) - close client-5A529D93D619
2025-10-10 11:52:45,005 [main] INFO  ratis.RaftTestUtil (RaftTestUtil.java:waitForLeader(107)) - printing group-06C30086AEA1
  s0:  RUNNING [
   FOLLOWER (RUNNING): s0@group-06C30086AEA1:t0, leader=null, voted=, raftlog=Memoized:s0@group-06C30086AEA1-SegmentedRaftLog:OPENED:c-1:lastnull, conf=conf: {index: -1, cur=peers:[s0, s1, s2]|listeners:[], old=null}
   FOLLOWER (STARTING): s0@group-A760254FE168:t0, leader=null, voted=, raftlog=Memoized:s0@group-A760254FE168-SegmentedRaftLog:OPENED:c-1:lastnull, conf=conf: {index: -1, cur=peers:[]|listeners:[], old=null}] size=2
  s1:  RUNNING [
   FOLLOWER (RUNNING): s1@group-06C30086AEA1:t0, leader=null, voted=, raftlog=Memoized:s1@group-06C30086AEA1-SegmentedRaftLog:OPENED:c-1:lastnull, conf=conf: {index: -1, cur=peers:[s0, s1, s2]|listeners:[], old=null}
   FOLLOWER (STARTING): s1@group-A760254FE168:t0, leader=null, voted=, raftlog=Memoized:s1@group-A760254FE168-SegmentedRaftLog:OPENED:c-1:lastnull, conf=conf: {index: -1, cur=peers:[]|listeners:[], old=null}] size=2
  s2:  RUNNING [
   FOLLOWER (RUNNING): s2@group-06C30086AEA1:t0, leader=null, voted=, raftlog=Memoized:s2@group-06C30086AEA1-SegmentedRaftLog:OPENED:c-1:lastnull, conf=conf: {index: -1, cur=peers:[s0, s1, s2]|listeners:[], old=null}
   FOLLOWER (STARTING): s2@group-A760254FE168:t0, leader=null, voted=, raftlog=Memoized:s2@group-A760254FE168-SegmentedRaftLog:OPENED:c-1:lastnull, conf=conf: {index: -1, cur=peers:[]|listeners:[], old=null}] size=2
2025-10-10 11:52:45,006 [main] WARN  ratis.RaftTestUtil (RaftTestUtil.java:lambda$waitForLeader$3(126)) - Attempt #1 failed: java.lang.IllegalStateException: No leader yet  for group-06C30086AEA1: printing group-06C30086AEA1
  s0:  RUNNING [
   FOLLOWER (RUNNING): s0@group-06C30086AEA1:t0, leader=null, voted=, raftlog=Memoized:s0@group-06C30086AEA1-SegmentedRaftLog:OPENED:c-1:lastnull, conf=conf: {index: -1, cur=peers:[s0, s1, s2]|listeners:[], old=null}
   FOLLOWER (STARTING): s0@group-A760254FE168:t0, leader=null, voted=, raftlog=Memoized:s0@group-A760254FE168-SegmentedRaftLog:OPENED:c-1:lastnull, conf=conf: {index: -1, cur=peers:[]|listeners:[], old=null}] size=2
  s1:  RUNNING [
   FOLLOWER (RUNNING): s1@group-06C30086AEA1:t0, leader=null, voted=, raftlog=Memoized:s1@group-06C30086AEA1-SegmentedRaftLog:OPENED:c-1:lastnull, conf=conf: {index: -1, cur=peers:[s0, s1, s2]|listeners:[], old=null}
   FOLLOWER (STARTING): s1@group-A760254FE168:t0, leader=null, voted=, raftlog=Memoized:s1@group-A760254FE168-SegmentedRaftLog:OPENED:c-1:lastnull, conf=conf: {index: -1, cur=peers:[]|listeners:[], old=null}] size=2
  s2:  RUNNING [
   FOLLOWER (RUNNING): s2@group-06C30086AEA1:t0, leader=null, voted=, raftlog=Memoized:s2@group-06C30086AEA1-SegmentedRaftLog:OPENED:c-1:lastnull, conf=conf: {index: -1, cur=peers:[s0, s1, s2]|listeners:[], old=null}
   FOLLOWER (STARTING): s2@group-A760254FE168:t0, leader=null, voted=, raftlog=Memoized:s2@group-A760254FE168-SegmentedRaftLog:OPENED:c-1:lastnull, conf=conf: {index: -1, cur=peers:[]|listeners:[], old=null}] size=2
2025-10-10 11:52:46,547 [s2@group-06C30086AEA1-FollowerState] INFO  impl.FollowerState (FollowerState.java:runImpl(161)) - s2@group-06C30086AEA1-FollowerState: change to CANDIDATE, lastRpcElapsedTime:1546925029ns, electionTimeout:1544ms
2025-10-10 11:52:46,547 [s2@group-06C30086AEA1-FollowerState] INFO  impl.RoleInfo (RoleInfo.java:shutdownFollowerState(121)) - s2: shutdown s2@group-06C30086AEA1-FollowerState
2025-10-10 11:52:46,547 [s2@group-06C30086AEA1-FollowerState] INFO  server.RaftServer$Division (RaftServerImpl.java:setRole(393)) - s2@group-06C30086AEA1: changes role from  FOLLOWER to CANDIDATE at term 0 for changeToCandidate
2025-10-10 11:52:46,548 [s2@group-06C30086AEA1-FollowerState] INFO  impl.RoleInfo (RoleInfo.java:updateAndGet(148)) - s2: start s2@group-06C30086AEA1-LeaderElection3
2025-10-10 11:52:46,548 [s2@group-06C30086AEA1-LeaderElection3] INFO  impl.LeaderElection (LeaderElection.java:askForVotes(448)) - s2@group-06C30086AEA1-LeaderElection3 PRE_VOTE round 0: submit vote requests at term 0 for conf: {index: -1, cur=peers:[s0, s1, s2]|listeners:[], old=null}
2025-10-10 11:52:46,549 [s2@group-06C30086AEA1-LeaderElection3] INFO  server.RaftServerConfigKeys (ConfUtils.java:logFallback(69)) - raft.server.rpc.first-election.timeout.min = 1500ms (fallback to raft.server.rpc.timeout.min)
2025-10-10 11:52:46,549 [HandlerDaemon-0] INFO  server.RaftServer$Division (RaftServerImpl.java:requestVote(1434)) - s0@group-06C30086AEA1: receive requestVote(PRE_VOTE, s2, group-06C30086AEA1, 0, <PROTO_DEFAULT>)
2025-10-10 11:52:46,549 [s2@group-06C30086AEA1-LeaderElection3] INFO  server.RaftServerConfigKeys (ConfUtils.java:logFallback(69)) - raft.server.rpc.first-election.timeout.max = 2000ms (fallback to raft.server.rpc.timeout.max)
2025-10-10 11:52:46,549 [HandlerDaemon-0] INFO  impl.VoteContext (VoteContext.java:log(49)) - s0@group-06C30086AEA1-FOLLOWER: accept PRE_VOTE from s2: our priority 0 <= candidate's priority 0
2025-10-10 11:52:46,549 [HandlerDaemon-0] INFO  server.RaftServer$Division (RaftServerImpl.java:requestVote(1468)) - s0@group-06C30086AEA1 replies to PRE_VOTE vote request: s2<-s0#0:OK-t0-last:<INITIAL_VALUE>. Peer's state: s0@group-06C30086AEA1:t0, leader=null, voted=, raftlog=Memoized:s0@group-06C30086AEA1-SegmentedRaftLog:OPENED:c-1:lastnull, conf=conf: {index: -1, cur=peers:[s0, s1, s2]|listeners:[], old=null}
2025-10-10 11:52:46,550 [s2@group-06C30086AEA1-LeaderElection3] INFO  impl.LeaderElection (LeaderElection.java:logAndReturn(206)) - s2@group-06C30086AEA1-LeaderElection3: PRE_VOTE PASSED received 1 response(s) and 0 exception(s):
2025-10-10 11:52:46,549 [HandlerDaemon-0] INFO  server.RaftServer$Division (RaftServerImpl.java:requestVote(1434)) - s1@group-06C30086AEA1: receive requestVote(PRE_VOTE, s2, group-06C30086AEA1, 0, <PROTO_DEFAULT>)
2025-10-10 11:52:46,550 [s2@group-06C30086AEA1-LeaderElection3] INFO  impl.LeaderElection (LeaderElection.java:logAndReturn(210)) -   Response 0: s2<-s0#0:OK-t0-last:<INITIAL_VALUE>
2025-10-10 11:52:46,550 [s2@group-06C30086AEA1-LeaderElection3] INFO  impl.LeaderElection (LeaderElection.java:askForVotes(450)) - s2@group-06C30086AEA1-LeaderElection3 PRE_VOTE round 0: result PASSED
2025-10-10 11:52:46,550 [s2@group-06C30086AEA1-LeaderElection3] TRACE util.FileUtils (LogUtils.java:supplyAndLog(69)) - Successfully supplied FileChannel.open /home/runner/work/ratis/ratis/ratis-test/target/test/data/319b119c/MiniRaftClusterWithSimulatedRpcfa39f97c/s2/01e70f5d-948f-472b-b639-06c30086aea1/current/raft-meta.tmp with options [CREATE, TRUNCATE_EXISTING, WRITE]: sun.nio.ch.FileChannelImpl@2b21bcdb
2025-10-10 11:52:46,550 [HandlerDaemon-0] INFO  impl.VoteContext (VoteContext.java:log(49)) - s1@group-06C30086AEA1-FOLLOWER: accept PRE_VOTE from s2: our priority 0 <= candidate's priority 0
2025-10-10 11:52:46,551 [HandlerDaemon-0] INFO  server.RaftServer$Division (RaftServerImpl.java:requestVote(1468)) - s1@group-06C30086AEA1 replies to PRE_VOTE vote request: s2<-s1#0:OK-t0-last:<INITIAL_VALUE>. Peer's state: s1@group-06C30086AEA1:t0, leader=null, voted=, raftlog=Memoized:s1@group-06C30086AEA1-SegmentedRaftLog:OPENED:c-1:lastnull, conf=conf: {index: -1, cur=peers:[s0, s1, s2]|listeners:[], old=null}
2025-10-10 11:52:46,551 [s2@group-06C30086AEA1-LeaderElection3] TRACE util.FileUtils (LogUtils.java:runAndLog(49)) - Successfully ran Atomic Files.move /home/runner/work/ratis/ratis/ratis-test/target/test/data/319b119c/MiniRaftClusterWithSimulatedRpcfa39f97c/s2/01e70f5d-948f-472b-b639-06c30086aea1/current/raft-meta.tmp to /home/runner/work/ratis/ratis/ratis-test/target/test/data/319b119c/MiniRaftClusterWithSimulatedRpcfa39f97c/s2/01e70f5d-948f-472b-b639-06c30086aea1/current/raft-meta with options [REPLACE_EXISTING]
2025-10-10 11:52:46,551 [s2@group-06C30086AEA1-LeaderElection3] INFO  impl.LeaderElection (LeaderElection.java:askForVotes(448)) - s2@group-06C30086AEA1-LeaderElection3 ELECTION round 0: submit vote requests at term 1 for conf: {index: -1, cur=peers:[s0, s1, s2]|listeners:[], old=null}
2025-10-10 11:52:46,552 [s2@group-06C30086AEA1-LeaderElection3] INFO  server.RaftServerConfigKeys (ConfUtils.java:logFallback(69)) - raft.server.rpc.first-election.timeout.min = 1500ms (fallback to raft.server.rpc.timeout.min)
2025-10-10 11:52:46,552 [HandlerDaemon-1] INFO  server.RaftServer$Division (RaftServerImpl.java:requestVote(1434)) - s0@group-06C30086AEA1: receive requestVote(ELECTION, s2, group-06C30086AEA1, 1, <PROTO_DEFAULT>)
2025-10-10 11:52:46,552 [HandlerDaemon-1] INFO  server.RaftServer$Division (RaftServerImpl.java:requestVote(1434)) - s1@group-06C30086AEA1: receive requestVote(ELECTION, s2, group-06C30086AEA1, 1, <PROTO_DEFAULT>)
2025-10-10 11:52:46,552 [s2@group-06C30086AEA1-LeaderElection3] INFO  server.RaftServerConfigKeys (ConfUtils.java:logFallback(69)) - raft.server.rpc.first-election.timeout.max = 2000ms (fallback to raft.server.rpc.timeout.max)
2025-10-10 11:52:46,553 [HandlerDaemon-1] INFO  impl.VoteContext (VoteContext.java:log(49)) - s1@group-06C30086AEA1-FOLLOWER: accept ELECTION from s2: our priority 0 <= candidate's priority 0
2025-10-10 11:52:46,552 [HandlerDaemon-1] INFO  impl.VoteContext (VoteContext.java:log(49)) - s0@group-06C30086AEA1-FOLLOWER: accept ELECTION from s2: our priority 0 <= candidate's priority 0
2025-10-10 11:52:46,553 [HandlerDaemon-1] INFO  server.RaftServer$Division (RaftServerImpl.java:setRole(393)) - s1@group-06C30086AEA1: changes role from  FOLLOWER to FOLLOWER at term 0 for candidate:s2
2025-10-10 11:52:46,553 [HandlerDaemon-1] INFO  server.RaftServer$Division (RaftServerImpl.java:setRole(393)) - s0@group-06C30086AEA1: changes role from  FOLLOWER to FOLLOWER at term 0 for candidate:s2
2025-10-10 11:52:46,553 [HandlerDaemon-1] INFO  impl.RoleInfo (RoleInfo.java:shutdownFollowerState(121)) - s0: shutdown s0@group-06C30086AEA1-FollowerState
2025-10-10 11:52:46,553 [HandlerDaemon-1] INFO  impl.RoleInfo (RoleInfo.java:shutdownFollowerState(121)) - s1: shutdown s1@group-06C30086AEA1-FollowerState
2025-10-10 11:52:46,553 [s0@group-06C30086AEA1-FollowerState] INFO  impl.FollowerState (FollowerState.java:runImpl(170)) - s0@group-06C30086AEA1-FollowerState was interrupted
2025-10-10 11:52:46,553 [s1@group-06C30086AEA1-FollowerState] INFO  impl.FollowerState (FollowerState.java:runImpl(170)) - s1@group-06C30086AEA1-FollowerState was interrupted
2025-10-10 11:52:46,553 [HandlerDaemon-1] INFO  impl.RoleInfo (RoleInfo.java:updateAndGet(148)) - s0: start s0@group-06C30086AEA1-FollowerState
2025-10-10 11:52:46,554 [HandlerDaemon-1] INFO  server.RaftServer$Division (RaftServerImpl.java:setFirstElection(577)) - s0@group-06C30086AEA1: set firstElectionSinceStartup to false for candidate:s2
2025-10-10 11:52:46,554 [HandlerDaemon-1] INFO  impl.RoleInfo (RoleInfo.java:updateAndGet(148)) - s1: start s1@group-06C30086AEA1-FollowerState
2025-10-10 11:52:46,554 [HandlerDaemon-1] TRACE util.FileUtils (LogUtils.java:supplyAndLog(69)) - Successfully supplied FileChannel.open /home/runner/work/ratis/ratis/ratis-test/target/test/data/319b119c/MiniRaftClusterWithSimulatedRpcfa39f97c/s0/01e70f5d-948f-472b-b639-06c30086aea1/current/raft-meta.tmp with options [CREATE, TRUNCATE_EXISTING, WRITE]: sun.nio.ch.FileChannelImpl@20a5a1df
2025-10-10 11:52:46,554 [HandlerDaemon-1] INFO  server.RaftServer$Division (RaftServerImpl.java:setFirstElection(577)) - s1@group-06C30086AEA1: set firstElectionSinceStartup to false for candidate:s2
2025-10-10 11:52:46,554 [HandlerDaemon-1] TRACE util.FileUtils (LogUtils.java:supplyAndLog(69)) - Successfully supplied FileChannel.open /home/runner/work/ratis/ratis/ratis-test/target/test/data/319b119c/MiniRaftClusterWithSimulatedRpcfa39f97c/s1/01e70f5d-948f-472b-b639-06c30086aea1/current/raft-meta.tmp with options [CREATE, TRUNCATE_EXISTING, WRITE]: sun.nio.ch.FileChannelImpl@76fecde
2025-10-10 11:52:46,555 [HandlerDaemon-1] TRACE util.FileUtils (LogUtils.java:runAndLog(49)) - Successfully ran Atomic Files.move /home/runner/work/ratis/ratis/ratis-test/target/test/data/319b119c/MiniRaftClusterWithSimulatedRpcfa39f97c/s0/01e70f5d-948f-472b-b639-06c30086aea1/current/raft-meta.tmp to /home/runner/work/ratis/ratis/ratis-test/target/test/data/319b119c/MiniRaftClusterWithSimulatedRpcfa39f97c/s0/01e70f5d-948f-472b-b639-06c30086aea1/current/raft-meta with options [REPLACE_EXISTING]
2025-10-10 11:52:46,556 [HandlerDaemon-1] INFO  server.RaftServer$Division (RaftServerImpl.java:requestVote(1468)) - s0@group-06C30086AEA1 replies to ELECTION vote request: s2<-s0#0:OK-t1-last:<INITIAL_VALUE>. Peer's state: s0@group-06C30086AEA1:t1, leader=null, voted=s2, raftlog=Memoized:s0@group-06C30086AEA1-SegmentedRaftLog:OPENED:c-1:lastnull, conf=conf: {index: -1, cur=peers:[s0, s1, s2]|listeners:[], old=null}
2025-10-10 11:52:46,556 [HandlerDaemon-1] TRACE util.FileUtils (LogUtils.java:runAndLog(49)) - Successfully ran Atomic Files.move /home/runner/work/ratis/ratis/ratis-test/target/test/data/319b119c/MiniRaftClusterWithSimulatedRpcfa39f97c/s1/01e70f5d-948f-472b-b639-06c30086aea1/current/raft-meta.tmp to /home/runner/work/ratis/ratis/ratis-test/target/test/data/319b119c/MiniRaftClusterWithSimulatedRpcfa39f97c/s1/01e70f5d-948f-472b-b639-06c30086aea1/current/raft-meta with options [REPLACE_EXISTING]
2025-10-10 11:52:46,556 [s2@group-06C30086AEA1-LeaderElection3] INFO  impl.LeaderElection (LeaderElection.java:logAndReturn(206)) - s2@group-06C30086AEA1-LeaderElection3: ELECTION PASSED received 1 response(s) and 0 exception(s):
2025-10-10 11:52:46,556 [HandlerDaemon-1] INFO  server.RaftServer$Division (RaftServerImpl.java:requestVote(1468)) - s1@group-06C30086AEA1 replies to ELECTION vote request: s2<-s1#0:OK-t1-last:<INITIAL_VALUE>. Peer's state: s1@group-06C30086AEA1:t1, leader=null, voted=s2, raftlog=Memoized:s1@group-06C30086AEA1-SegmentedRaftLog:OPENED:c-1:lastnull, conf=conf: {index: -1, cur=peers:[s0, s1, s2]|listeners:[], old=null}
2025-10-10 11:52:46,556 [s2@group-06C30086AEA1-LeaderElection3] INFO  impl.LeaderElection (LeaderElection.java:logAndReturn(210)) -   Response 0: s2<-s0#0:OK-t1-last:<INITIAL_VALUE>
2025-10-10 11:52:46,556 [s2@group-06C30086AEA1-LeaderElection3] INFO  impl.LeaderElection (LeaderElection.java:askForVotes(450)) - s2@group-06C30086AEA1-LeaderElection3 ELECTION round 0: result PASSED
2025-10-10 11:52:46,556 [s2@group-06C30086AEA1-LeaderElection3] INFO  impl.RoleInfo (RoleInfo.java:shutdownLeaderElection(141)) - s2: shutdown s2@group-06C30086AEA1-LeaderElection3
2025-10-10 11:52:46,556 [s2@group-06C30086AEA1-LeaderElection3] INFO  server.RaftServer$Division (RaftServerImpl.java:setRole(393)) - s2@group-06C30086AEA1: changes role from CANDIDATE to LEADER at term 1 for changeToLeader
2025-10-10 11:52:46,556 [s2@group-06C30086AEA1-LeaderElection3] INFO  server.RaftServerConfigKeys (ConfUtils.java:logFallback(69)) - raft.server.staging.timeout = 6000ms (fallback to raft.server.rpc.timeout.max)
2025-10-10 11:52:46,557 [s2@group-06C30086AEA1-LeaderElection3] INFO  impl.RoleInfo (RoleInfo.java:updateAndGet(148)) - s2: start s2@group-06C30086AEA1-LeaderStateImpl
2025-10-10 11:52:46,558 [s2@group-06C30086AEA1-LeaderElection3] INFO  server.RaftServer$Division (RaftServerImpl.java:setFirstElection(577)) - s2@group-06C30086AEA1: set firstElectionSinceStartup to false for becomeLeader
2025-10-10 11:52:46,558 [s2@group-06C30086AEA1-LeaderElection3] INFO  server.RaftServer$Division (ServerState.java:setLeader(278)) - s2@group-06C30086AEA1: change Leader from null to s2 at term 1 for becomeLeader, leader elected after 1569ms
2025-10-10 11:52:46,558 [s2@group-06C30086AEA1-LeaderElection3] INFO  segmented.SegmentedRaftLogWorker (SegmentedRaftLogWorker.java:startLogSegment(440)) - s2@group-06C30086AEA1-SegmentedRaftLogWorker: Starting segment from index:0
2025-10-10 11:52:46,558 [s2@group-06C30086AEA1-LeaderElection3] INFO  server.RaftServer$Division (ServerState.java:setRaftConf(392)) - s2@group-06C30086AEA1: set configuration conf: {index: 0, cur=peers:[s0, s1, s2]|listeners:[], old=null}
2025-10-10 11:52:46,559 [s2@group-06C30086AEA1-SegmentedRaftLogWorker] INFO  segmented.BufferedWriteChannel (BufferedWriteChannel.java:open(61)) - open log_inprogress_0 at position 0
2025-10-10 11:52:46,559 [HandlerDaemon-2] INFO  server.RaftServer$Division (ServerState.java:setLeader(278)) - s0@group-06C30086AEA1: change Leader from null to s2 at term 1 for APPEND_ENTRIES, leader elected after 1596ms
2025-10-10 11:52:46,559 [HandlerDaemon-2] INFO  server.RaftServer$Division (ServerState.java:setLeader(278)) - s1@group-06C30086AEA1: change Leader from null to s2 at term 1 for APPEND_ENTRIES, leader elected after 1585ms
2025-10-10 11:52:46,562 [HandlerDaemon-0] DEBUG server.RaftServer$Division (RaftServerImpl.java:logAppendEntries(1537)) - s1@group-06C30086AEA1: appendEntries* s2->s1#49-t1,previous=<PROTO_DEFAULT>,leaderCommit=-1,initializing? false,entries: size=1, first=(t:1, i:0), CONFIGURATIONENTRY(current:id:"s0"startupRole:FOLLOWER, id:"s1"startupRole:FOLLOWER, id:"s2"startupRole:FOLLOWER, old:)
2025-10-10 11:52:46,562 [HandlerDaemon-0] INFO  server.RaftServer$Division (ServerState.java:setRaftConf(392)) - s1@group-06C30086AEA1: set configuration conf: {index: 0, cur=peers:[s0|, s1|, s2|]|listeners:[], old=null}
2025-10-10 11:52:46,563 [HandlerDaemon-0] DEBUG server.RaftServer$Division (RaftServerImpl.java:logAppendEntries(1537)) - s0@group-06C30086AEA1: appendEntries* s2->s0#50-t1,previous=<PROTO_DEFAULT>,leaderCommit=-1,initializing? false,entries: size=1, first=(t:1, i:0), CONFIGURATIONENTRY(current:id:"s0"startupRole:FOLLOWER, id:"s1"startupRole:FOLLOWER, id:"s2"startupRole:FOLLOWER, old:)
2025-10-10 11:52:46,563 [HandlerDaemon-0] INFO  server.RaftServer$Division (ServerState.java:setRaftConf(392)) - s0@group-06C30086AEA1: set configuration conf: {index: 0, cur=peers:[s0|, s1|, s2|]|listeners:[], old=null}
2025-10-10 11:52:46,564 [s0-server-thread1] INFO  segmented.SegmentedRaftLogWorker (SegmentedRaftLogWorker.java:startLogSegment(440)) - s0@group-06C30086AEA1-SegmentedRaftLogWorker: Starting segment from index:0
2025-10-10 11:52:46,564 [s1-server-thread1] INFO  segmented.SegmentedRaftLogWorker (SegmentedRaftLogWorker.java:startLogSegment(440)) - s1@group-06C30086AEA1-SegmentedRaftLogWorker: Starting segment from index:0
2025-10-10 11:52:46,564 [s0@group-06C30086AEA1-SegmentedRaftLogWorker] INFO  segmented.BufferedWriteChannel (BufferedWriteChannel.java:open(61)) - open log_inprogress_0 at position 0
2025-10-10 11:52:46,565 [s1@group-06C30086AEA1-SegmentedRaftLogWorker] INFO  segmented.BufferedWriteChannel (BufferedWriteChannel.java:open(61)) - open log_inprogress_0 at position 0
2025-10-10 11:52:46,566 [s2@group-06C30086AEA1-SegmentedRaftLogWorker] INFO  segmented.SegmentedRaftLogWorker (SegmentedRaftLogWorker.java:execute(647)) - s2@group-06C30086AEA1-SegmentedRaftLogWorker: created new log segment /home/runner/work/ratis/ratis/ratis-test/target/test/data/319b119c/MiniRaftClusterWithSimulatedRpcfa39f97c/s2/01e70f5d-948f-472b-b639-06c30086aea1/current/log_inprogress_0
2025-10-10 11:52:46,571 [s0@group-06C30086AEA1-SegmentedRaftLogWorker] INFO  segmented.SegmentedRaftLogWorker (SegmentedRaftLogWorker.java:execute(647)) - s0@group-06C30086AEA1-SegmentedRaftLogWorker: created new log segment /home/runner/work/ratis/ratis/ratis-test/target/test/data/319b119c/MiniRaftClusterWithSimulatedRpcfa39f97c/s0/01e70f5d-948f-472b-b639-06c30086aea1/current/log_inprogress_0
2025-10-10 11:52:46,571 [s1@group-06C30086AEA1-SegmentedRaftLogWorker] INFO  segmented.SegmentedRaftLogWorker (SegmentedRaftLogWorker.java:execute(647)) - s1@group-06C30086AEA1-SegmentedRaftLogWorker: created new log segment /home/runner/work/ratis/ratis/ratis-test/target/test/data/319b119c/MiniRaftClusterWithSimulatedRpcfa39f97c/s1/01e70f5d-948f-472b-b639-06c30086aea1/current/log_inprogress_0
2025-10-10 11:52:46,572 [s0-server-thread1] DEBUG server.RaftServer$Division (RaftServerImpl.java:logAppendEntries(1537)) - s0@group-06C30086AEA1: appendEntries* reply s2<-s0#50:OK-t1,SUCCESS,nextIndex=1,followerCommit=-1,matchIndex=0
2025-10-10 11:52:46,572 [s1-server-thread1] DEBUG server.RaftServer$Division (RaftServerImpl.java:logAppendEntries(1537)) - s1@group-06C30086AEA1: appendEntries* reply s2<-s1#49:OK-t1,SUCCESS,nextIndex=1,followerCommit=-1,matchIndex=0
2025-10-10 11:52:46,573 [s2@group-06C30086AEA1-StateMachineUpdater] TRACE util.FileUtils (LogUtils.java:supplyAndLog(69)) - Successfully supplied FileChannel.open /home/runner/work/ratis/ratis/ratis-test/target/test/data/319b119c/MiniRaftClusterWithSimulatedRpcfa39f97c/s2/01e70f5d-948f-472b-b639-06c30086aea1/current/raft-meta.conf.tmp with options [CREATE, TRUNCATE_EXISTING, WRITE]: sun.nio.ch.FileChannelImpl@2b2626c
2025-10-10 11:52:46,574 [s2@group-06C30086AEA1-StateMachineUpdater] TRACE util.FileUtils (LogUtils.java:runAndLog(49)) - Successfully ran Atomic Files.move /home/runner/work/ratis/ratis/ratis-test/target/test/data/319b119c/MiniRaftClusterWithSimulatedRpcfa39f97c/s2/01e70f5d-948f-472b-b639-06c30086aea1/current/raft-meta.conf.tmp to /home/runner/work/ratis/ratis/ratis-test/target/test/data/319b119c/MiniRaftClusterWithSimulatedRpcfa39f97c/s2/01e70f5d-948f-472b-b639-06c30086aea1/current/raft-meta.conf with options [REPLACE_EXISTING]
2025-10-10 11:52:46,574 [s2@group-06C30086AEA1-StateMachineUpdater] INFO  server.RaftServer$Division (LeaderStateImpl.java:checkStartIndex(309)) - Leader s2@group-06C30086AEA1-LeaderStateImpl is ready since appliedIndex == startIndex == 0
2025-10-10 11:52:47,324 [s1@group-06C30086AEA1-StateMachineUpdater] TRACE util.FileUtils (LogUtils.java:supplyAndLog(69)) - Successfully supplied FileChannel.open /home/runner/work/ratis/ratis/ratis-test/target/test/data/319b119c/MiniRaftClusterWithSimulatedRpcfa39f97c/s1/01e70f5d-948f-472b-b639-06c30086aea1/current/raft-meta.conf.tmp with options [CREATE, TRUNCATE_EXISTING, WRITE]: sun.nio.ch.FileChannelImpl@7a6ea588
2025-10-10 11:52:47,324 [s0@group-06C30086AEA1-StateMachineUpdater] TRACE util.FileUtils (LogUtils.java:supplyAndLog(69)) - Successfully supplied FileChannel.open /home/runner/work/ratis/ratis/ratis-test/target/test/data/319b119c/MiniRaftClusterWithSimulatedRpcfa39f97c/s0/01e70f5d-948f-472b-b639-06c30086aea1/current/raft-meta.conf.tmp with options [CREATE, TRUNCATE_EXISTING, WRITE]: sun.nio.ch.FileChannelImpl@13bcad8
2025-10-10 11:52:47,326 [s1@group-06C30086AEA1-StateMachineUpdater] TRACE util.FileUtils (LogUtils.java:runAndLog(49)) - Successfully ran Atomic Files.move /home/runner/work/ratis/ratis/ratis-test/target/test/data/319b119c/MiniRaftClusterWithSimulatedRpcfa39f97c/s1/01e70f5d-948f-472b-b639-06c30086aea1/current/raft-meta.conf.tmp to /home/runner/work/ratis/ratis/ratis-test/target/test/data/319b119c/MiniRaftClusterWithSimulatedRpcfa39f97c/s1/01e70f5d-948f-472b-b639-06c30086aea1/current/raft-meta.conf with options [REPLACE_EXISTING]
2025-10-10 11:52:47,327 [s0@group-06C30086AEA1-StateMachineUpdater] TRACE util.FileUtils (LogUtils.java:runAndLog(49)) - Successfully ran Atomic Files.move /home/runner/work/ratis/ratis/ratis-test/target/test/data/319b119c/MiniRaftClusterWithSimulatedRpcfa39f97c/s0/01e70f5d-948f-472b-b639-06c30086aea1/current/raft-meta.conf.tmp to /home/runner/work/ratis/ratis/ratis-test/target/test/data/319b119c/MiniRaftClusterWithSimulatedRpcfa39f97c/s0/01e70f5d-948f-472b-b639-06c30086aea1/current/raft-meta.conf with options [REPLACE_EXISTING]
2025-10-10 11:52:48,007 [main] INFO  ratis.RaftTestUtil (RaftTestUtil.java:waitForLeader(131)) - printing group-06C30086AEA1
  s0:  RUNNING [
   FOLLOWER (RUNNING): s0@group-06C30086AEA1:t1, leader=s2, voted=s2, raftlog=Memoized:s0@group-06C30086AEA1-SegmentedRaftLog:OPENED:c0:last(t:1, i:0), conf=conf: {index: 0, cur=peers:[s0|, s1|, s2|]|listeners:[], old=null}
   FOLLOWER (STARTING): s0@group-A760254FE168:t0, leader=null, voted=, raftlog=Memoized:s0@group-A760254FE168-SegmentedRaftLog:OPENED:c-1:lastnull, conf=conf: {index: -1, cur=peers:[]|listeners:[], old=null}] size=2
  s1:  RUNNING [
   FOLLOWER (RUNNING): s1@group-06C30086AEA1:t1, leader=s2, voted=s2, raftlog=Memoized:s1@group-06C30086AEA1-SegmentedRaftLog:OPENED:c0:last(t:1, i:0), conf=conf: {index: 0, cur=peers:[s0|, s1|, s2|]|listeners:[], old=null}
   FOLLOWER (STARTING): s1@group-A760254FE168:t0, leader=null, voted=, raftlog=Memoized:s1@group-A760254FE168-SegmentedRaftLog:OPENED:c-1:lastnull, conf=conf: {index: -1, cur=peers:[]|listeners:[], old=null}] size=2
  s2:  RUNNING [
     LEADER (RUNNING): s2@group-06C30086AEA1:t1, leader=s2, voted=s2, raftlog=Memoized:s2@group-06C30086AEA1-SegmentedRaftLog:OPENED:c0:last(t:1, i:0), conf=conf: {index: 0, cur=peers:[s0, s1, s2]|listeners:[], old=null}
   FOLLOWER (STARTING): s2@group-A760254FE168:t0, leader=null, voted=, raftlog=Memoized:s2@group-A760254FE168-SegmentedRaftLog:OPENED:c-1:lastnull, conf=conf: {index: -1, cur=peers:[]|listeners:[], old=null}] size=2
2025-10-10 11:52:48,008 [main] INFO  impl.GroupManagementBaseTest (GroupManagementBaseTest.java:runMultiGroupTest(283)) - 1) starting group-22DFD8636A0A:[s3]
2025-10-10 11:52:48,008 [main] DEBUG client.RaftClient (RaftClientImpl.java:newRequest(95)) - attempt #1, newRequest GroupManagementRequest:client-3F68D813D023->s3@group-22DFD8636A0A, cid=55, seq=null, RW, null, Add:group-22DFD8636A0A:[s3]
2025-10-10 11:52:48,009 [HandlerDaemon-0] INFO  server.RaftServer (RaftServerProxy.java:addNew(106)) - s3: addNew group-22DFD8636A0A:[s3] returns group-22DFD8636A0A:java.util.concurrent.CompletableFuture@41b1e1a5[Not completed]
2025-10-10 11:52:48,009 [s3-groupManagement] INFO  server.RaftServer$Division (RaftServerImpl.java:<init>(269)) - s3: new RaftServerImpl for group-22DFD8636A0A:[s3] with BaseStateMachine-21:uninitialized
2025-10-10 11:52:48,009 [s3-groupManagement] INFO  server.RaftServer$Division (ServerState.java:<init>(115)) - s3@group-22DFD8636A0A: ConfigurationManager, init=conf: {index: -1, cur=peers:[s3]|listeners:[], old=null}, confs=<EMPTY_MAP>
2025-10-10 11:52:48,011 [s3-groupManagement] DEBUG server.RaftServer (RaftServerProxy.java:lambda$groupAddAsync$13(517)) - s3: newImpl =      null (NEW): s3@group-22DFD8636A0A:t0, leader=null, voted=null, raftlog=UNINITIALIZED, conf=conf: {index: -1, cur=peers:[s3]|listeners:[], old=null}
2025-10-10 11:52:48,011 [s3-groupManagement] INFO  server.RaftServerConfigKeys (ConfUtils.java:logGet(62)) - raft.server.storage.dir = [/home/runner/work/ratis/ratis/ratis-test/target/test/data/319b119c/MiniRaftClusterWithSimulatedRpcfa39f97c/s3] (custom)
2025-10-10 11:52:48,011 [s3-groupManagement] INFO  storage.RaftStorageDirectory (RaftStorageDirectoryImpl.java:analyzeStorage(138)) - The storage directory /home/runner/work/ratis/ratis/ratis-test/target/test/data/319b119c/MiniRaftClusterWithSimulatedRpcfa39f97c/s3/98cbb96f-31cb-40de-88bb-22dfd8636a0a does not exist. Creating ...
2025-10-10 11:52:48,011 [s3-groupManagement] TRACE util.FileUtils (LogUtils.java:runAndLog(49)) - Successfully ran Files.createDirectories /home/runner/work/ratis/ratis/ratis-test/target/test/data/319b119c/MiniRaftClusterWithSimulatedRpcfa39f97c/s3/98cbb96f-31cb-40de-88bb-22dfd8636a0a
2025-10-10 11:52:48,012 [s3-groupManagement] INFO  storage.RaftStorageDirectory (RaftStorageDirectoryImpl.java:tryLock(229)) - Lock on /home/runner/work/ratis/ratis/ratis-test/target/test/data/319b119c/MiniRaftClusterWithSimulatedRpcfa39f97c/s3/98cbb96f-31cb-40de-88bb-22dfd8636a0a/in_use.lock acquired by nodename 9833@runnervmwhb2z
2025-10-10 11:52:48,012 [s3-groupManagement] TRACE util.FileUtils (LogUtils.java:runAndLog(49)) - Successfully ran Files.createDirectories /home/runner/work/ratis/ratis/ratis-test/target/test/data/319b119c/MiniRaftClusterWithSimulatedRpcfa39f97c/s3/98cbb96f-31cb-40de-88bb-22dfd8636a0a/current
2025-10-10 11:52:48,012 [s3-groupManagement] TRACE util.FileUtils (LogUtils.java:runAndLog(49)) - Successfully ran Files.createDirectories /home/runner/work/ratis/ratis/ratis-test/target/test/data/319b119c/MiniRaftClusterWithSimulatedRpcfa39f97c/s3/98cbb96f-31cb-40de-88bb-22dfd8636a0a/sm
2025-10-10 11:52:48,012 [s3-groupManagement] TRACE util.FileUtils (LogUtils.java:supplyAndLog(69)) - Successfully supplied FileChannel.open /home/runner/work/ratis/ratis/ratis-test/target/test/data/319b119c/MiniRaftClusterWithSimulatedRpcfa39f97c/s3/98cbb96f-31cb-40de-88bb-22dfd8636a0a/current/raft-meta.tmp with options [CREATE, TRUNCATE_EXISTING, WRITE]: sun.nio.ch.FileChannelImpl@5e6feac9
2025-10-10 11:52:48,013 [s3-groupManagement] TRACE util.FileUtils (LogUtils.java:runAndLog(49)) - Successfully ran Atomic Files.move /home/runner/work/ratis/ratis/ratis-test/target/test/data/319b119c/MiniRaftClusterWithSimulatedRpcfa39f97c/s3/98cbb96f-31cb-40de-88bb-22dfd8636a0a/current/raft-meta.tmp to /home/runner/work/ratis/ratis/ratis-test/target/test/data/319b119c/MiniRaftClusterWithSimulatedRpcfa39f97c/s3/98cbb96f-31cb-40de-88bb-22dfd8636a0a/current/raft-meta with options [REPLACE_EXISTING]
2025-10-10 11:52:48,013 [s3-groupManagement] INFO  storage.RaftStorage (RaftStorageImpl.java:format(98)) - Storage directory /home/runner/work/ratis/ratis/ratis-test/target/test/data/319b119c/MiniRaftClusterWithSimulatedRpcfa39f97c/s3/98cbb96f-31cb-40de-88bb-22dfd8636a0a has been successfully formatted.
2025-10-10 11:52:48,013 [s3-groupManagement] INFO  server.RaftServer$Division (ServerState.java:getSnapshotIndexFromStateMachine(155)) - s3@group-22DFD8636A0A: getLatestSnapshot(BaseStateMachine-21:s3:group-22DFD8636A0A) returns null
2025-10-10 11:52:48,014 [s3-groupManagement] INFO  raftlog.RaftLog (RaftLogBase.java:<init>(90)) - s3@group-22DFD8636A0A-SegmentedRaftLog: snapshotIndexFromStateMachine = -1
2025-10-10 11:52:48,014 [s3-groupManagement] INFO  util.AwaitToRun (AwaitToRun.java:start(81)) - Thread[s3@group-22DFD8636A0A-cacheEviction-AwaitToRun,5,main] started
2025-10-10 11:52:48,014 [s3-groupManagement] INFO  segmented.SegmentedRaftLogWorker (SegmentedRaftLogWorker.java:<init>(190)) - new s3@group-22DFD8636A0A-SegmentedRaftLogWorker for RaftStorageImpl:Storage Directory /home/runner/work/ratis/ratis/ratis-test/target/test/data/319b119c/MiniRaftClusterWithSimulatedRpcfa39f97c/s3/98cbb96f-31cb-40de-88bb-22dfd8636a0a
2025-10-10 11:52:48,017 [s3-groupManagement] INFO  segmented.SegmentedRaftLogWorker (SegmentedRaftLogWorker.java:lambda$new$0(141)) - s3@group-22DFD8636A0A-SegmentedRaftLogWorker: flushIndex: setUnconditionally 0 -> -1
2025-10-10 11:52:48,017 [s3-groupManagement] INFO  segmented.SegmentedRaftLogWorker (SegmentedRaftLogWorker.java:lambda$new$0(141)) - s3@group-22DFD8636A0A-SegmentedRaftLogWorker: safeCacheEvictIndex: setUnconditionally 0 -> -1
2025-10-10 11:52:48,017 [s3-groupManagement] INFO  server.RaftServer$Division (RaftServerImpl.java:start(406)) - s3@group-22DFD8636A0A: start as a follower, conf=conf: {index: -1, cur=peers:[s3]|listeners:[], old=null}
2025-10-10 11:52:48,017 [s3-groupManagement] INFO  server.RaftServer$Division (RaftServerImpl.java:setRole(393)) - s3@group-22DFD8636A0A: changes role from      null to FOLLOWER at term 0 for startAsFollower
2025-10-10 11:52:48,018 [s3-groupManagement] INFO  impl.RoleInfo (RoleInfo.java:updateAndGet(148)) - s3: start s3@group-22DFD8636A0A-FollowerState
2025-10-10 11:52:48,018 [s3-groupManagement] INFO  util.JmxRegister (JmxRegister.java:tryRegister(44)) - Successfully registered JMX Bean with object name Ratis:service=RaftServer,group=group-22DFD8636A0A,id=s3
2025-10-10 11:52:48,018 [s3-groupManagement] INFO  util.JmxRegister (JmxRegister.java:register(58)) - register mxBean class org.apache.ratis.server.impl.RaftServerJmxAdapter as Ratis:service=RaftServer,group=group-22DFD8636A0A,id=s3
2025-10-10 11:52:48,018 [s3@group-22DFD8636A0A-FollowerState] INFO  server.RaftServerConfigKeys (ConfUtils.java:logFallback(69)) - raft.server.rpc.first-election.timeout.min = 1500ms (fallback to raft.server.rpc.timeout.min)
2025-10-10 11:52:48,018 [s3@group-22DFD8636A0A-FollowerState] INFO  server.RaftServerConfigKeys (ConfUtils.java:logFallback(69)) - raft.server.rpc.first-election.timeout.max = 2000ms (fallback to raft.server.rpc.timeout.max)
2025-10-10 11:52:48,019 [s3-groupManagement] INFO  server.RaftServer$Division (RaftServerImpl.java:start(420)) - s3@group-22DFD8636A0A: Successfully started.
2025-10-10 11:52:48,019 [main] DEBUG client.RaftClient (RaftClientImpl.java:close(465)) - close client-3F68D813D023
2025-10-10 11:52:48,020 [main] INFO  ratis.RaftTestUtil (RaftTestUtil.java:waitForLeader(107)) - printing group-22DFD8636A0A
  s3:  RUNNING [
   FOLLOWER (STARTING): s3@group-A760254FE168:t0, leader=null, voted=, raftlog=Memoized:s3@group-A760254FE168-SegmentedRaftLog:OPENED:c-1:lastnull, conf=conf: {index: -1, cur=peers:[]|listeners:[], old=null}
   FOLLOWER (RUNNING): s3@group-22DFD8636A0A:t0, leader=null, voted=, raftlog=Memoized:s3@group-22DFD8636A0A-SegmentedRaftLog:OPENED:c-1:lastnull, conf=conf: {index: -1, cur=peers:[s3]|listeners:[], old=null}] size=2
2025-10-10 11:52:48,020 [main] WARN  ratis.RaftTestUtil (RaftTestUtil.java:lambda$waitForLeader$3(126)) - Attempt #1 failed: java.lang.IllegalStateException: No leader yet  for group-22DFD8636A0A: printing group-22DFD8636A0A
  s3:  RUNNING [
   FOLLOWER (STARTING): s3@group-A760254FE168:t0, leader=null, voted=, raftlog=Memoized:s3@group-A760254FE168-SegmentedRaftLog:OPENED:c-1:lastnull, conf=conf: {index: -1, cur=peers:[]|listeners:[], old=null}
   FOLLOWER (RUNNING): s3@group-22DFD8636A0A:t0, leader=null, voted=, raftlog=Memoized:s3@group-22DFD8636A0A-SegmentedRaftLog:OPENED:c-1:lastnull, conf=conf: {index: -1, cur=peers:[s3]|listeners:[], old=null}] size=2
2025-10-10 11:52:49,671 [s3@group-22DFD8636A0A-FollowerState] INFO  impl.FollowerState (FollowerState.java:runImpl(161)) - s3@group-22DFD8636A0A-FollowerState: change to CANDIDATE, lastRpcElapsedTime:1652951522ns, electionTimeout:1652ms
2025-10-10 11:52:49,671 [s3@group-22DFD8636A0A-FollowerState] INFO  impl.RoleInfo (RoleInfo.java:shutdownFollowerState(121)) - s3: shutdown s3@group-22DFD8636A0A-FollowerState
2025-10-10 11:52:49,671 [s3@group-22DFD8636A0A-FollowerState] INFO  server.RaftServer$Division (RaftServerImpl.java:setRole(393)) - s3@group-22DFD8636A0A: changes role from  FOLLOWER to CANDIDATE at term 0 for changeToCandidate
2025-10-10 11:52:49,672 [s3@group-22DFD8636A0A-FollowerState] INFO  impl.RoleInfo (RoleInfo.java:updateAndGet(148)) - s3: start s3@group-22DFD8636A0A-LeaderElection4
2025-10-10 11:52:49,672 [s3@group-22DFD8636A0A-LeaderElection4] INFO  impl.LeaderElection (LeaderElection.java:askForVotes(448)) - s3@group-22DFD8636A0A-LeaderElection4 PRE_VOTE round 0: submit vote requests at term 0 for conf: {index: -1, cur=peers:[s3]|listeners:[], old=null}
2025-10-10 11:52:49,672 [s3@group-22DFD8636A0A-LeaderElection4] INFO  impl.LeaderElection (LeaderElection.java:askForVotes(450)) - s3@group-22DFD8636A0A-LeaderElection4 PRE_VOTE round 0: result PASSED (term=0)
2025-10-10 11:52:49,673 [s3@group-22DFD8636A0A-LeaderElection4] TRACE util.FileUtils (LogUtils.java:supplyAndLog(69)) - Successfully supplied FileChannel.open /home/runner/work/ratis/ratis/ratis-test/target/test/data/319b119c/MiniRaftClusterWithSimulatedRpcfa39f97c/s3/98cbb96f-31cb-40de-88bb-22dfd8636a0a/current/raft-meta.tmp with options [CREATE, TRUNCATE_EXISTING, WRITE]: sun.nio.ch.FileChannelImpl@4a4fc70e
2025-10-10 11:52:49,673 [s3@group-22DFD8636A0A-LeaderElection4] TRACE util.FileUtils (LogUtils.java:runAndLog(49)) - Successfully ran Atomic Files.move /home/runner/work/ratis/ratis/ratis-test/target/test/data/319b119c/MiniRaftClusterWithSimulatedRpcfa39f97c/s3/98cbb96f-31cb-40de-88bb-22dfd8636a0a/current/raft-meta.tmp to /home/runner/work/ratis/ratis/ratis-test/target/test/data/319b119c/MiniRaftClusterWithSimulatedRpcfa39f97c/s3/98cbb96f-31cb-40de-88bb-22dfd8636a0a/current/raft-meta with options [REPLACE_EXISTING]
2025-10-10 11:52:49,674 [s3@group-22DFD8636A0A-LeaderElection4] INFO  impl.LeaderElection (LeaderElection.java:askForVotes(448)) - s3@group-22DFD8636A0A-LeaderElection4 ELECTION round 0: submit vote requests at term 1 for conf: {index: -1, cur=peers:[s3]|listeners:[], old=null}
2025-10-10 11:52:49,674 [s3@group-22DFD8636A0A-LeaderElection4] INFO  impl.LeaderElection (LeaderElection.java:askForVotes(450)) - s3@group-22DFD8636A0A-LeaderElection4 ELECTION round 0: result PASSED (term=1)
2025-10-10 11:52:49,674 [s3@group-22DFD8636A0A-LeaderElection4] INFO  impl.RoleInfo (RoleInfo.java:shutdownLeaderElection(141)) - s3: shutdown s3@group-22DFD8636A0A-LeaderElection4
2025-10-10 11:52:49,674 [s3@group-22DFD8636A0A-LeaderElection4] INFO  server.RaftServer$Division (RaftServerImpl.java:setRole(393)) - s3@group-22DFD8636A0A: changes role from CANDIDATE to LEADER at term 1 for changeToLeader
2025-10-10 11:52:49,674 [s3@group-22DFD8636A0A-LeaderElection4] INFO  server.RaftServerConfigKeys (ConfUtils.java:logFallback(69)) - raft.server.staging.timeout = 6000ms (fallback to raft.server.rpc.timeout.max)
2025-10-10 11:52:49,675 [s3@group-22DFD8636A0A-LeaderElection4] INFO  impl.RoleInfo (RoleInfo.java:updateAndGet(148)) - s3: start s3@group-22DFD8636A0A-LeaderStateImpl
2025-10-10 11:52:49,675 [s3@group-22DFD8636A0A-LeaderElection4] INFO  server.RaftServer$Division (RaftServerImpl.java:setFirstElection(577)) - s3@group-22DFD8636A0A: set firstElectionSinceStartup to false for becomeLeader
2025-10-10 11:52:49,675 [s3@group-22DFD8636A0A-LeaderElection4] INFO  server.RaftServer$Division (ServerState.java:setLeader(278)) - s3@group-22DFD8636A0A: change Leader from null to s3 at term 1 for becomeLeader, leader elected after 1665ms
2025-10-10 11:52:49,675 [s3@group-22DFD8636A0A-LeaderElection4] INFO  segmented.SegmentedRaftLogWorker (SegmentedRaftLogWorker.java:startLogSegment(440)) - s3@group-22DFD8636A0A-SegmentedRaftLogWorker: Starting segment from index:0
2025-10-10 11:52:49,676 [s3@group-22DFD8636A0A-LeaderElection4] INFO  server.RaftServer$Division (ServerState.java:setRaftConf(392)) - s3@group-22DFD8636A0A: set configuration conf: {index: 0, cur=peers:[s3]|listeners:[], old=null}
2025-10-10 11:52:49,676 [s3@group-22DFD8636A0A-SegmentedRaftLogWorker] INFO  segmented.BufferedWriteChannel (BufferedWriteChannel.java:open(61)) - open log_inprogress_0 at position 0
2025-10-10 11:52:49,682 [s3@group-22DFD8636A0A-SegmentedRaftLogWorker] INFO  segmented.SegmentedRaftLogWorker (SegmentedRaftLogWorker.java:execute(647)) - s3@group-22DFD8636A0A-SegmentedRaftLogWorker: created new log segment /home/runner/work/ratis/ratis/ratis-test/target/test/data/319b119c/MiniRaftClusterWithSimulatedRpcfa39f97c/s3/98cbb96f-31cb-40de-88bb-22dfd8636a0a/current/log_inprogress_0
2025-10-10 11:52:49,683 [s3@group-22DFD8636A0A-StateMachineUpdater] TRACE util.FileUtils (LogUtils.java:supplyAndLog(69)) - Successfully supplied FileChannel.open /home/runner/work/ratis/ratis/ratis-test/target/test/data/319b119c/MiniRaftClusterWithSimulatedRpcfa39f97c/s3/98cbb96f-31cb-40de-88bb-22dfd8636a0a/current/raft-meta.conf.tmp with options [CREATE, TRUNCATE_EXISTING, WRITE]: sun.nio.ch.FileChannelImpl@38563986
2025-10-10 11:52:49,684 [s3@group-22DFD8636A0A-StateMachineUpdater] TRACE util.FileUtils (LogUtils.java:runAndLog(49)) - Successfully ran Atomic Files.move /home/runner/work/ratis/ratis/ratis-test/target/test/data/319b119c/MiniRaftClusterWithSimulatedRpcfa39f97c/s3/98cbb96f-31cb-40de-88bb-22dfd8636a0a/current/raft-meta.conf.tmp to /home/runner/work/ratis/ratis/ratis-test/target/test/data/319b119c/MiniRaftClusterWithSimulatedRpcfa39f97c/s3/98cbb96f-31cb-40de-88bb-22dfd8636a0a/current/raft-meta.conf with options [REPLACE_EXISTING]
2025-10-10 11:52:49,684 [s3@group-22DFD8636A0A-StateMachineUpdater] INFO  server.RaftServer$Division (LeaderStateImpl.java:checkStartIndex(309)) - Leader s3@group-22DFD8636A0A-LeaderStateImpl is ready since appliedIndex == startIndex == 0
2025-10-10 11:52:51,021 [main] INFO  ratis.RaftTestUtil (RaftTestUtil.java:waitForLeader(131)) - printing group-22DFD8636A0A
  s3:  RUNNING [
   FOLLOWER (STARTING): s3@group-A760254FE168:t0, leader=null, voted=, raftlog=Memoized:s3@group-A760254FE168-SegmentedRaftLog:OPENED:c-1:lastnull, conf=conf: {index: -1, cur=peers:[]|listeners:[], old=null}
     LEADER (RUNNING): s3@group-22DFD8636A0A:t1, leader=s3, voted=s3, raftlog=Memoized:s3@group-22DFD8636A0A-SegmentedRaftLog:OPENED:c0:last(t:1, i:0), conf=conf: {index: 0, cur=peers:[s3]|listeners:[], old=null}] size=2
2025-10-10 11:52:51,022 [main] INFO  impl.GroupManagementBaseTest (GroupManagementBaseTest.java:runMultiGroupTest(283)) - 2) starting group-6D51518B0FFF:[s4]
2025-10-10 11:52:51,022 [main] DEBUG client.RaftClient (RaftClientImpl.java:newRequest(95)) - attempt #1, newRequest GroupManagementRequest:client-66A6F92F56D2->s4@group-6D51518B0FFF, cid=72, seq=null, RW, null, Add:group-6D51518B0FFF:[s4]
2025-10-10 11:52:51,023 [HandlerDaemon-0] INFO  server.RaftServer (RaftServerProxy.java:addNew(106)) - s4: addNew group-6D51518B0FFF:[s4] returns group-6D51518B0FFF:java.util.concurrent.CompletableFuture@4291eccc[Not completed]
2025-10-10 11:52:51,023 [s4-groupManagement] INFO  server.RaftServer$Division (RaftServerImpl.java:<init>(269)) - s4: new RaftServerImpl for group-6D51518B0FFF:[s4] with BaseStateMachine-22:uninitialized
2025-10-10 11:52:51,023 [s4-groupManagement] INFO  server.RaftServer$Division (ServerState.java:<init>(115)) - s4@group-6D51518B0FFF: ConfigurationManager, init=conf: {index: -1, cur=peers:[s4]|listeners:[], old=null}, confs=<EMPTY_MAP>
2025-10-10 11:52:51,024 [s4-groupManagement] DEBUG server.RaftServer (RaftServerProxy.java:lambda$groupAddAsync$13(517)) - s4: newImpl =      null (NEW): s4@group-6D51518B0FFF:t0, leader=null, voted=null, raftlog=UNINITIALIZED, conf=conf: {index: -1, cur=peers:[s4]|listeners:[], old=null}
2025-10-10 11:52:51,025 [s4-groupManagement] INFO  server.RaftServerConfigKeys (ConfUtils.java:logGet(62)) - raft.server.storage.dir = [/home/runner/work/ratis/ratis/ratis-test/target/test/data/319b119c/MiniRaftClusterWithSimulatedRpcfa39f97c/s4] (custom)
2025-10-10 11:52:51,025 [s4-groupManagement] INFO  storage.RaftStorageDirectory (RaftStorageDirectoryImpl.java:analyzeStorage(138)) - The storage directory /home/runner/work/ratis/ratis/ratis-test/target/test/data/319b119c/MiniRaftClusterWithSimulatedRpcfa39f97c/s4/14b3cced-9660-405a-badf-6d51518b0fff does not exist. Creating ...
2025-10-10 11:52:51,025 [s4-groupManagement] TRACE util.FileUtils (LogUtils.java:runAndLog(49)) - Successfully ran Files.createDirectories /home/runner/work/ratis/ratis/ratis-test/target/test/data/319b119c/MiniRaftClusterWithSimulatedRpcfa39f97c/s4/14b3cced-9660-405a-badf-6d51518b0fff
2025-10-10 11:52:51,026 [s4-groupManagement] INFO  storage.RaftStorageDirectory (RaftStorageDirectoryImpl.java:tryLock(229)) - Lock on /home/runner/work/ratis/ratis/ratis-test/target/test/data/319b119c/MiniRaftClusterWithSimulatedRpcfa39f97c/s4/14b3cced-9660-405a-badf-6d51518b0fff/in_use.lock acquired by nodename 9833@runnervmwhb2z
2025-10-10 11:52:51,026 [s4-groupManagement] TRACE util.FileUtils (LogUtils.java:runAndLog(49)) - Successfully ran Files.createDirectories /home/runner/work/ratis/ratis/ratis-test/target/test/data/319b119c/MiniRaftClusterWithSimulatedRpcfa39f97c/s4/14b3cced-9660-405a-badf-6d51518b0fff/current
2025-10-10 11:52:51,026 [s4-groupManagement] TRACE util.FileUtils (LogUtils.java:runAndLog(49)) - Successfully ran Files.createDirectories /home/runner/work/ratis/ratis/ratis-test/target/test/data/319b119c/MiniRaftClusterWithSimulatedRpcfa39f97c/s4/14b3cced-9660-405a-badf-6d51518b0fff/sm
2025-10-10 11:52:51,026 [s4-groupManagement] TRACE util.FileUtils (LogUtils.java:supplyAndLog(69)) - Successfully supplied FileChannel.open /home/runner/work/ratis/ratis/ratis-test/target/test/data/319b119c/MiniRaftClusterWithSimulatedRpcfa39f97c/s4/14b3cced-9660-405a-badf-6d51518b0fff/current/raft-meta.tmp with options [CREATE, TRUNCATE_EXISTING, WRITE]: sun.nio.ch.FileChannelImpl@76b5993
2025-10-10 11:52:51,027 [s4-groupManagement] TRACE util.FileUtils (LogUtils.java:runAndLog(49)) - Successfully ran Atomic Files.move /home/runner/work/ratis/ratis/ratis-test/target/test/data/319b119c/MiniRaftClusterWithSimulatedRpcfa39f97c/s4/14b3cced-9660-405a-badf-6d51518b0fff/current/raft-meta.tmp to /home/runner/work/ratis/ratis/ratis-test/target/test/data/319b119c/MiniRaftClusterWithSimulatedRpcfa39f97c/s4/14b3cced-9660-405a-badf-6d51518b0fff/current/raft-meta with options [REPLACE_EXISTING]
2025-10-10 11:52:51,027 [s4-groupManagement] INFO  storage.RaftStorage (RaftStorageImpl.java:format(98)) - Storage directory /home/runner/work/ratis/ratis/ratis-test/target/test/data/319b119c/MiniRaftClusterWithSimulatedRpcfa39f97c/s4/14b3cced-9660-405a-badf-6d51518b0fff has been successfully formatted.
2025-10-10 11:52:51,027 [s4-groupManagement] INFO  server.RaftServer$Division (ServerState.java:getSnapshotIndexFromStateMachine(155)) - s4@group-6D51518B0FFF: getLatestSnapshot(BaseStateMachine-22:s4:group-6D51518B0FFF) returns null
2025-10-10 11:52:51,028 [s4-groupManagement] INFO  raftlog.RaftLog (RaftLogBase.java:<init>(90)) - s4@group-6D51518B0FFF-SegmentedRaftLog: snapshotIndexFromStateMachine = -1
2025-10-10 11:52:51,028 [s4-groupManagement] INFO  util.AwaitToRun (AwaitToRun.java:start(81)) - Thread[s4@group-6D51518B0FFF-cacheEviction-AwaitToRun,5,main] started
2025-10-10 11:52:51,028 [s4-groupManagement] INFO  segmented.SegmentedRaftLogWorker (SegmentedRaftLogWorker.java:<init>(190)) - new s4@group-6D51518B0FFF-SegmentedRaftLogWorker for RaftStorageImpl:Storage Directory /home/runner/work/ratis/ratis/ratis-test/target/test/data/319b119c/MiniRaftClusterWithSimulatedRpcfa39f97c/s4/14b3cced-9660-405a-badf-6d51518b0fff
2025-10-10 11:52:51,031 [s4-groupManagement] INFO  segmented.SegmentedRaftLogWorker (SegmentedRaftLogWorker.java:lambda$new$0(141)) - s4@group-6D51518B0FFF-SegmentedRaftLogWorker: flushIndex: setUnconditionally 0 -> -1
2025-10-10 11:52:51,031 [s4-groupManagement] INFO  segmented.SegmentedRaftLogWorker (SegmentedRaftLogWorker.java:lambda$new$0(141)) - s4@group-6D51518B0FFF-SegmentedRaftLogWorker: safeCacheEvictIndex: setUnconditionally 0 -> -1
2025-10-10 11:52:51,031 [s4-groupManagement] INFO  server.RaftServer$Division (RaftServerImpl.java:start(406)) - s4@group-6D51518B0FFF: start as a follower, conf=conf: {index: -1, cur=peers:[s4]|listeners:[], old=null}
2025-10-10 11:52:51,031 [s4-groupManagement] INFO  server.RaftServer$Division (RaftServerImpl.java:setRole(393)) - s4@group-6D51518B0FFF: changes role from      null to FOLLOWER at term 0 for startAsFollower
2025-10-10 11:52:51,031 [s4-groupManagement] INFO  impl.RoleInfo (RoleInfo.java:updateAndGet(148)) - s4: start s4@group-6D51518B0FFF-FollowerState
2025-10-10 11:52:51,031 [s4-groupManagement] INFO  util.JmxRegister (JmxRegister.java:tryRegister(44)) - Successfully registered JMX Bean with object name Ratis:service=RaftServer,group=group-6D51518B0FFF,id=s4
2025-10-10 11:52:51,031 [s4@group-6D51518B0FFF-FollowerState] INFO  server.RaftServerConfigKeys (ConfUtils.java:logFallback(69)) - raft.server.rpc.first-election.timeout.min = 1500ms (fallback to raft.server.rpc.timeout.min)
2025-10-10 11:52:51,032 [s4@group-6D51518B0FFF-FollowerState] INFO  server.RaftServerConfigKeys (ConfUtils.java:logFallback(69)) - raft.server.rpc.first-election.timeout.max = 2000ms (fallback to raft.server.rpc.timeout.max)
2025-10-10 11:52:51,031 [s4-groupManagement] INFO  util.JmxRegister (JmxRegister.java:register(58)) - register mxBean class org.apache.ratis.server.impl.RaftServerJmxAdapter as Ratis:service=RaftServer,group=group-6D51518B0FFF,id=s4
2025-10-10 11:52:51,032 [s4-groupManagement] INFO  server.RaftServer$Division (RaftServerImpl.java:start(420)) - s4@group-6D51518B0FFF: Successfully started.
2025-10-10 11:52:51,033 [main] DEBUG client.RaftClient (RaftClientImpl.java:close(465)) - close client-66A6F92F56D2
2025-10-10 11:52:51,033 [main] INFO  ratis.RaftTestUtil (RaftTestUtil.java:waitForLeader(107)) - printing group-6D51518B0FFF
  s4:  RUNNING [
   FOLLOWER (STARTING): s4@group-A760254FE168:t0, leader=null, voted=, raftlog=Memoized:s4@group-A760254FE168-SegmentedRaftLog:OPENED:c-1:lastnull, conf=conf: {index: -1, cur=peers:[]|listeners:[], old=null}
   FOLLOWER (RUNNING): s4@group-6D51518B0FFF:t0, leader=null, voted=, raftlog=Memoized:s4@group-6D51518B0FFF-SegmentedRaftLog:OPENED:c-1:lastnull, conf=conf: {index: -1, cur=peers:[s4]|listeners:[], old=null}] size=2
2025-10-10 11:52:51,033 [main] WARN  ratis.RaftTestUtil (RaftTestUtil.java:lambda$waitForLeader$3(126)) - Attempt #1 failed: java.lang.IllegalStateException: No leader yet  for group-6D51518B0FFF: printing group-6D51518B0FFF
  s4:  RUNNING [
   FOLLOWER (STARTING): s4@group-A760254FE168:t0, leader=null, voted=, raftlog=Memoized:s4@group-A760254FE168-SegmentedRaftLog:OPENED:c-1:lastnull, conf=conf: {index: -1, cur=peers:[]|listeners:[], old=null}
   FOLLOWER (RUNNING): s4@group-6D51518B0FFF:t0, leader=null, voted=, raftlog=Memoized:s4@group-6D51518B0FFF-SegmentedRaftLog:OPENED:c-1:lastnull, conf=conf: {index: -1, cur=peers:[s4]|listeners:[], old=null}] size=2
2025-10-10 11:52:52,922 [s4@group-6D51518B0FFF-FollowerState] INFO  impl.FollowerState (FollowerState.java:runImpl(161)) - s4@group-6D51518B0FFF-FollowerState: change to CANDIDATE, lastRpcElapsedTime:1890818696ns, electionTimeout:1890ms
2025-10-10 11:52:52,922 [s4@group-6D51518B0FFF-FollowerState] INFO  impl.RoleInfo (RoleInfo.java:shutdownFollowerState(121)) - s4: shutdown s4@group-6D51518B0FFF-FollowerState
2025-10-10 11:52:52,923 [s4@group-6D51518B0FFF-FollowerState] INFO  server.RaftServer$Division (RaftServerImpl.java:setRole(393)) - s4@group-6D51518B0FFF: changes role from  FOLLOWER to CANDIDATE at term 0 for changeToCandidate
2025-10-10 11:52:52,923 [s4@group-6D51518B0FFF-FollowerState] INFO  impl.RoleInfo (RoleInfo.java:updateAndGet(148)) - s4: start s4@group-6D51518B0FFF-LeaderElection5
2025-10-10 11:52:52,923 [s4@group-6D51518B0FFF-LeaderElection5] INFO  impl.LeaderElection (LeaderElection.java:askForVotes(448)) - s4@group-6D51518B0FFF-LeaderElection5 PRE_VOTE round 0: submit vote requests at term 0 for conf: {index: -1, cur=peers:[s4]|listeners:[], old=null}
2025-10-10 11:52:52,924 [s4@group-6D51518B0FFF-LeaderElection5] INFO  impl.LeaderElection (LeaderElection.java:askForVotes(450)) - s4@group-6D51518B0FFF-LeaderElection5 PRE_VOTE round 0: result PASSED (term=0)
2025-10-10 11:52:52,924 [s4@group-6D51518B0FFF-LeaderElection5] TRACE util.FileUtils (LogUtils.java:supplyAndLog(69)) - Successfully supplied FileChannel.open /home/runner/work/ratis/ratis/ratis-test/target/test/data/319b119c/MiniRaftClusterWithSimulatedRpcfa39f97c/s4/14b3cced-9660-405a-badf-6d51518b0fff/current/raft-meta.tmp with options [CREATE, TRUNCATE_EXISTING, WRITE]: sun.nio.ch.FileChannelImpl@29db789c
2025-10-10 11:52:52,925 [s4@group-6D51518B0FFF-LeaderElection5] TRACE util.FileUtils (LogUtils.java:runAndLog(49)) - Successfully ran Atomic Files.move /home/runner/work/ratis/ratis/ratis-test/target/test/data/319b119c/MiniRaftClusterWithSimulatedRpcfa39f97c/s4/14b3cced-9660-405a-badf-6d51518b0fff/current/raft-meta.tmp to /home/runner/work/ratis/ratis/ratis-test/target/test/data/319b119c/MiniRaftClusterWithSimulatedRpcfa39f97c/s4/14b3cced-9660-405a-badf-6d51518b0fff/current/raft-meta with options [REPLACE_EXISTING]
2025-10-10 11:52:52,925 [s4@group-6D51518B0FFF-LeaderElection5] INFO  impl.LeaderElection (LeaderElection.java:askForVotes(448)) - s4@group-6D51518B0FFF-LeaderElection5 ELECTION round 0: submit vote requests at term 1 for conf: {index: -1, cur=peers:[s4]|listeners:[], old=null}
2025-10-10 11:52:52,925 [s4@group-6D51518B0FFF-LeaderElection5] INFO  impl.LeaderElection (LeaderElection.java:askForVotes(450)) - s4@group-6D51518B0FFF-LeaderElection5 ELECTION round 0: result PASSED (term=1)
2025-10-10 11:52:52,925 [s4@group-6D51518B0FFF-LeaderElection5] INFO  impl.RoleInfo (RoleInfo.java:shutdownLeaderElection(141)) - s4: shutdown s4@group-6D51518B0FFF-LeaderElection5
2025-10-10 11:52:52,926 [s4@group-6D51518B0FFF-LeaderElection5] INFO  server.RaftServer$Division (RaftServerImpl.java:setRole(393)) - s4@group-6D51518B0FFF: changes role from CANDIDATE to LEADER at term 1 for changeToLeader
2025-10-10 11:52:52,926 [s4@group-6D51518B0FFF-LeaderElection5] INFO  server.RaftServerConfigKeys (ConfUtils.java:logFallback(69)) - raft.server.staging.timeout = 6000ms (fallback to raft.server.rpc.timeout.max)
2025-10-10 11:52:52,926 [s4@group-6D51518B0FFF-LeaderElection5] INFO  impl.RoleInfo (RoleInfo.java:updateAndGet(148)) - s4: start s4@group-6D51518B0FFF-LeaderStateImpl
2025-10-10 11:52:52,926 [s4@group-6D51518B0FFF-LeaderElection5] INFO  server.RaftServer$Division (RaftServerImpl.java:setFirstElection(577)) - s4@group-6D51518B0FFF: set firstElectionSinceStartup to false for becomeLeader
2025-10-10 11:52:52,926 [s4@group-6D51518B0FFF-LeaderElection5] INFO  server.RaftServer$Division (ServerState.java:setLeader(278)) - s4@group-6D51518B0FFF: change Leader from null to s4 at term 1 for becomeLeader, leader elected after 1903ms
2025-10-10 11:52:52,927 [s4@group-6D51518B0FFF-LeaderElection5] INFO  segmented.SegmentedRaftLogWorker (SegmentedRaftLogWorker.java:startLogSegment(440)) - s4@group-6D51518B0FFF-SegmentedRaftLogWorker: Starting segment from index:0
2025-10-10 11:52:52,927 [s4@group-6D51518B0FFF-LeaderElection5] INFO  server.RaftServer$Division (ServerState.java:setRaftConf(392)) - s4@group-6D51518B0FFF: set configuration conf: {index: 0, cur=peers:[s4]|listeners:[], old=null}
2025-10-10 11:52:52,927 [s4@group-6D51518B0FFF-SegmentedRaftLogWorker] INFO  segmented.BufferedWriteChannel (BufferedWriteChannel.java:open(61)) - open log_inprogress_0 at position 0
2025-10-10 11:52:52,934 [s4@group-6D51518B0FFF-SegmentedRaftLogWorker] INFO  segmented.SegmentedRaftLogWorker (SegmentedRaftLogWorker.java:execute(647)) - s4@group-6D51518B0FFF-SegmentedRaftLogWorker: created new log segment /home/runner/work/ratis/ratis/ratis-test/target/test/data/319b119c/MiniRaftClusterWithSimulatedRpcfa39f97c/s4/14b3cced-9660-405a-badf-6d51518b0fff/current/log_inprogress_0
2025-10-10 11:52:52,936 [s4@group-6D51518B0FFF-StateMachineUpdater] TRACE util.FileUtils (LogUtils.java:supplyAndLog(69)) - Successfully supplied FileChannel.open /home/runner/work/ratis/ratis/ratis-test/target/test/data/319b119c/MiniRaftClusterWithSimulatedRpcfa39f97c/s4/14b3cced-9660-405a-badf-6d51518b0fff/current/raft-meta.conf.tmp with options [CREATE, TRUNCATE_EXISTING, WRITE]: sun.nio.ch.FileChannelImpl@1da9bf76
2025-10-10 11:52:52,936 [s4@group-6D51518B0FFF-StateMachineUpdater] TRACE util.FileUtils (LogUtils.java:runAndLog(49)) - Successfully ran Atomic Files.move /home/runner/work/ratis/ratis/ratis-test/target/test/data/319b119c/MiniRaftClusterWithSimulatedRpcfa39f97c/s4/14b3cced-9660-405a-badf-6d51518b0fff/current/raft-meta.conf.tmp to /home/runner/work/ratis/ratis/ratis-test/target/test/data/319b119c/MiniRaftClusterWithSimulatedRpcfa39f97c/s4/14b3cced-9660-405a-badf-6d51518b0fff/current/raft-meta.conf with options [REPLACE_EXISTING]
2025-10-10 11:52:52,936 [s4@group-6D51518B0FFF-StateMachineUpdater] INFO  server.RaftServer$Division (LeaderStateImpl.java:checkStartIndex(309)) - Leader s4@group-6D51518B0FFF-LeaderStateImpl is ready since appliedIndex == startIndex == 0
2025-10-10 11:52:53,961 [Timer-3] INFO  impl.MiniRaftCluster (MiniRaftCluster.java:lambda$null$7(340)) - TIMED-PRINT: printing ALL groups
  s3:  RUNNING [
   FOLLOWER (STARTING): s3@group-A760254FE168:t0, leader=null, voted=, raftlog=Memoized:s3@group-A760254FE168-SegmentedRaftLog:OPENED:c-1:lastnull, conf=conf: {index: -1, cur=peers:[]|listeners:[], old=null}
     LEADER (RUNNING): s3@group-22DFD8636A0A:t1, leader=s3, voted=s3, raftlog=Memoized:s3@group-22DFD8636A0A-SegmentedRaftLog:OPENED:c0:last(t:1, i:0), conf=conf: {index: 0, cur=peers:[s3]|listeners:[], old=null}] size=2
  s4:  RUNNING [
   FOLLOWER (STARTING): s4@group-A760254FE168:t0, leader=null, voted=, raftlog=Memoized:s4@group-A760254FE168-SegmentedRaftLog:OPENED:c-1:lastnull, conf=conf: {index: -1, cur=peers:[]|listeners:[], old=null}
     LEADER (RUNNING): s4@group-6D51518B0FFF:t1, leader=s4, voted=s4, raftlog=Memoized:s4@group-6D51518B0FFF-SegmentedRaftLog:OPENED:c0:last(t:1, i:0), conf=conf: {index: 0, cur=peers:[s4]|listeners:[], old=null}] size=2
  s0:  RUNNING [
   FOLLOWER (RUNNING): s0@group-06C30086AEA1:t1, leader=s2, voted=s2, raftlog=Memoized:s0@group-06C30086AEA1-SegmentedRaftLog:OPENED:c0:last(t:1, i:0), conf=conf: {index: 0, cur=peers:[s0|, s1|, s2|]|listeners:[], old=null}
   FOLLOWER (STARTING): s0@group-A760254FE168:t0, leader=null, voted=, raftlog=Memoized:s0@group-A760254FE168-SegmentedRaftLog:OPENED:c-1:lastnull, conf=conf: {index: -1, cur=peers:[]|listeners:[], old=null}] size=2
  s1:  RUNNING [
   FOLLOWER (RUNNING): s1@group-06C30086AEA1:t1, leader=s2, voted=s2, raftlog=Memoized:s1@group-06C30086AEA1-SegmentedRaftLog:OPENED:c0:last(t:1, i:0), conf=conf: {index: 0, cur=peers:[s0|, s1|, s2|]|listeners:[], old=null}
   FOLLOWER (STARTING): s1@group-A760254FE168:t0, leader=null, voted=, raftlog=Memoized:s1@group-A760254FE168-SegmentedRaftLog:OPENED:c-1:lastnull, conf=conf: {index: -1, cur=peers:[]|listeners:[], old=null}] size=2
  s2:  RUNNING [
     LEADER (RUNNING): s2@group-06C30086AEA1:t1, leader=s2, voted=s2, raftlog=Memoized:s2@group-06C30086AEA1-SegmentedRaftLog:OPENED:c0:last(t:1, i:0), conf=conf: {index: 0, cur=peers:[s0, s1, s2]|listeners:[], old=null}
   FOLLOWER (STARTING): s2@group-A760254FE168:t0, leader=null, voted=, raftlog=Memoized:s2@group-A760254FE168-SegmentedRaftLog:OPENED:c-1:lastnull, conf=conf: {index: -1, cur=peers:[]|listeners:[], old=null}] size=2.
2025-10-10 11:52:54,034 [main] INFO  ratis.RaftTestUtil (RaftTestUtil.java:waitForLeader(131)) - printing group-6D51518B0FFF
  s4:  RUNNING [
   FOLLOWER (STARTING): s4@group-A760254FE168:t0, leader=null, voted=, raftlog=Memoized:s4@group-A760254FE168-SegmentedRaftLog:OPENED:c-1:lastnull, conf=conf: {index: -1, cur=peers:[]|listeners:[], old=null}
     LEADER (RUNNING): s4@group-6D51518B0FFF:t1, leader=s4, voted=s4, raftlog=Memoized:s4@group-6D51518B0FFF-SegmentedRaftLog:OPENED:c0:last(t:1, i:0), conf=conf: {index: 0, cur=peers:[s4]|listeners:[], old=null}] size=2
| MiniRaftClusterWithSimulatedRpc[3, 4, 5]chosen=0 | start groups | 101 |
2025-10-10 11:52:54,035 [main] INFO  impl.GroupManagementBaseTest (GroupManagementBaseTest.java:runMultiGroupTest(293)) - start groups: printing ALL groups
  s3:  RUNNING [
   FOLLOWER (STARTING): s3@group-A760254FE168:t0, leader=null, voted=, raftlog=Memoized:s3@group-A760254FE168-SegmentedRaftLog:OPENED:c-1:lastnull, conf=conf: {index: -1, cur=peers:[]|listeners:[], old=null}
     LEADER (RUNNING): s3@group-22DFD8636A0A:t1, leader=s3, voted=s3, raftlog=Memoized:s3@group-22DFD8636A0A-SegmentedRaftLog:OPENED:c0:last(t:1, i:0), conf=conf: {index: 0, cur=peers:[s3]|listeners:[], old=null}] size=2
  s4:  RUNNING [
   FOLLOWER (STARTING): s4@group-A760254FE168:t0, leader=null, voted=, raftlog=Memoized:s4@group-A760254FE168-SegmentedRaftLog:OPENED:c-1:lastnull, conf=conf: {index: -1, cur=peers:[]|listeners:[], old=null}
     LEADER (RUNNING): s4@group-6D51518B0FFF:t1, leader=s4, voted=s4, raftlog=Memoized:s4@group-6D51518B0FFF-SegmentedRaftLog:OPENED:c0:last(t:1, i:0), conf=conf: {index: 0, cur=peers:[s4]|listeners:[], old=null}] size=2
  s0:  RUNNING [
   FOLLOWER (RUNNING): s0@group-06C30086AEA1:t1, leader=s2, voted=s2, raftlog=Memoized:s0@group-06C30086AEA1-SegmentedRaftLog:OPENED:c0:last(t:1, i:0), conf=conf: {index: 0, cur=peers:[s0|, s1|, s2|]|listeners:[], old=null}
   FOLLOWER (STARTING): s0@group-A760254FE168:t0, leader=null, voted=, raftlog=Memoized:s0@group-A760254FE168-SegmentedRaftLog:OPENED:c-1:lastnull, conf=conf: {index: -1, cur=peers:[]|listeners:[], old=null}] size=2
  s1:  RUNNING [
   FOLLOWER (RUNNING): s1@group-06C30086AEA1:t1, leader=s2, voted=s2, raftlog=Memoized:s1@group-06C30086AEA1-SegmentedRaftLog:OPENED:c0:last(t:1, i:0), conf=conf: {index: 0, cur=peers:[s0|, s1|, s2|]|listeners:[], old=null}
   FOLLOWER (STARTING): s1@group-A760254FE168:t0, leader=null, voted=, raftlog=Memoized:s1@group-A760254FE168-SegmentedRaftLog:OPENED:c-1:lastnull, conf=conf: {index: -1, cur=peers:[]|listeners:[], old=null}] size=2
  s2:  RUNNING [
     LEADER (RUNNING): s2@group-06C30086AEA1:t1, leader=s2, voted=s2, raftlog=Memoized:s2@group-06C30086AEA1-SegmentedRaftLog:OPENED:c0:last(t:1, i:0), conf=conf: {index: 0, cur=peers:[s0, s1, s2]|listeners:[], old=null}
   FOLLOWER (STARTING): s2@group-A760254FE168:t0, leader=null, voted=, raftlog=Memoized:s2@group-A760254FE168-SegmentedRaftLog:OPENED:c-1:lastnull, conf=conf: {index: -1, cur=peers:[]|listeners:[], old=null}] size=2
2025-10-10 11:52:54,036 [main] INFO  impl.GroupManagementBaseTest (GroupManagementBaseTest.java:runMultiGroupTest(296)) - chosen = 0, group-06C30086AEA1:[s0, s1, s2]
2025-10-10 11:52:54,036 [main] INFO  impl.GroupManagementBaseTest (GroupManagementBaseTest.java:runMultiGroupTest(301)) - 1) close printing group-22DFD8636A0A
  s3:  RUNNING [
   FOLLOWER (STARTING): s3@group-A760254FE168:t0, leader=null, voted=, raftlog=Memoized:s3@group-A760254FE168-SegmentedRaftLog:OPENED:c-1:lastnull, conf=conf: {index: -1, cur=peers:[]|listeners:[], old=null}
     LEADER (RUNNING): s3@group-22DFD8636A0A:t1, leader=s3, voted=s3, raftlog=Memoized:s3@group-22DFD8636A0A-SegmentedRaftLog:OPENED:c0:last(t:1, i:0), conf=conf: {index: 0, cur=peers:[s3]|listeners:[], old=null}] size=2
2025-10-10 11:52:54,036 [main] DEBUG client.RaftClient (RaftClientImpl.java:newRequest(95)) - attempt #1, newRequest GroupManagementRequest:client-18A909925883->s3@group-22DFD8636A0A, cid=89, seq=null, RW, null, Remove:group-22DFD8636A0A, delete-dir
2025-10-10 11:52:54,037 [HandlerDaemon-1] INFO  server.RaftServer (RaftServerProxy.java:remove(117)) - s3: remove    LEADER (RUNNING): s3@group-22DFD8636A0A:t1, leader=s3, voted=s3, raftlog=Memoized:s3@group-22DFD8636A0A-SegmentedRaftLog:OPENED:c0:last(t:1, i:0), conf=conf: {index: 0, cur=peers:[s3]|listeners:[], old=null}
2025-10-10 11:52:54,037 [HandlerDaemon-1] INFO  server.RaftServer$Division (RaftServerImpl.java:lambda$close$1(528)) - s3@group-22DFD8636A0A: shutdown
2025-10-10 11:52:54,037 [HandlerDaemon-1] INFO  util.JmxRegister (JmxRegister.java:unregister(74)) - Successfully un-registered JMX Bean with object name Ratis:service=RaftServer,group=group-22DFD8636A0A,id=s3
2025-10-10 11:52:54,037 [HandlerDaemon-1] INFO  impl.RoleInfo (RoleInfo.java:shutdownLeaderState(103)) - s3: shutdown s3@group-22DFD8636A0A-LeaderStateImpl
2025-10-10 11:52:54,037 [HandlerDaemon-1] INFO  impl.PendingRequests (PendingRequests.java:sendNotLeaderResponses(281)) - s3@group-22DFD8636A0A-PendingRequests: sendNotLeaderResponses
2025-10-10 11:52:54,038 [HandlerDaemon-1] INFO  impl.StateMachineUpdater (StateMachineUpdater.java:stopAndJoin(163)) - s3@group-22DFD8636A0A-StateMachineUpdater: set stopIndex = 0
2025-10-10 11:52:54,038 [s3@group-22DFD8636A0A-StateMachineUpdater] INFO  impl.StateMachineUpdater (StateMachineUpdater.java:stop(140)) - s3@group-22DFD8636A0A-StateMachineUpdater: closing BaseStateMachine, lastApplied=(t:1, i:0)
2025-10-10 11:52:54,038 [s3@group-22DFD8636A0A-cacheEviction-AwaitToRun] INFO  util.AwaitToRun (AwaitToRun.java:run(49)) - s3@group-22DFD8636A0A-cacheEviction-AwaitToRun-AwaitForSignal is interrupted
2025-10-10 11:52:54,685 [HandlerDaemon-1] INFO  segmented.SegmentedRaftLogWorker (SegmentedRaftLogWorker.java:close(254)) - s3@group-22DFD8636A0A-SegmentedRaftLogWorker close()
2025-10-10 11:52:54,685 [HandlerDaemon-1] TRACE util.FileUtils (FileUtils.java:deleteFully(355)) - deleteFully /home/runner/work/ratis/ratis/ratis-test/target/test/data/319b119c/MiniRaftClusterWithSimulatedRpcfa39f97c/s3/98cbb96f-31cb-40de-88bb-22dfd8636a0a
2025-10-10 11:52:54,686 [HandlerDaemon-1] TRACE util.FileUtils (LogUtils.java:runAndLog(49)) - Successfully ran Files.delete /home/runner/work/ratis/ratis/ratis-test/target/test/data/319b119c/MiniRaftClusterWithSimulatedRpcfa39f97c/s3/98cbb96f-31cb-40de-88bb-22dfd8636a0a/current/raft-meta
2025-10-10 11:52:54,686 [HandlerDaemon-1] TRACE util.FileUtils (LogUtils.java:runAndLog(49)) - Successfully ran Files.delete /home/runner/work/ratis/ratis/ratis-test/target/test/data/319b119c/MiniRaftClusterWithSimulatedRpcfa39f97c/s3/98cbb96f-31cb-40de-88bb-22dfd8636a0a/current/raft-meta.conf
2025-10-10 11:52:54,686 [HandlerDaemon-1] TRACE util.FileUtils (LogUtils.java:runAndLog(49)) - Successfully ran Files.delete /home/runner/work/ratis/ratis/ratis-test/target/test/data/319b119c/MiniRaftClusterWithSimulatedRpcfa39f97c/s3/98cbb96f-31cb-40de-88bb-22dfd8636a0a/current/log_inprogress_0
2025-10-10 11:52:54,686 [HandlerDaemon-1] TRACE util.FileUtils (LogUtils.java:runAndLog(49)) - Successfully ran Files.delete /home/runner/work/ratis/ratis/ratis-test/target/test/data/319b119c/MiniRaftClusterWithSimulatedRpcfa39f97c/s3/98cbb96f-31cb-40de-88bb-22dfd8636a0a/current
2025-10-10 11:52:54,686 [HandlerDaemon-1] TRACE util.FileUtils (LogUtils.java:runAndLog(49)) - Successfully ran Files.delete /home/runner/work/ratis/ratis/ratis-test/target/test/data/319b119c/MiniRaftClusterWithSimulatedRpcfa39f97c/s3/98cbb96f-31cb-40de-88bb-22dfd8636a0a/sm
2025-10-10 11:52:54,686 [HandlerDaemon-1] TRACE util.FileUtils (LogUtils.java:runAndLog(49)) - Successfully ran Files.delete /home/runner/work/ratis/ratis/ratis-test/target/test/data/319b119c/MiniRaftClusterWithSimulatedRpcfa39f97c/s3/98cbb96f-31cb-40de-88bb-22dfd8636a0a/in_use.lock
2025-10-10 11:52:54,687 [HandlerDaemon-1] TRACE util.FileUtils (LogUtils.java:runAndLog(49)) - Successfully ran Files.delete /home/runner/work/ratis/ratis/ratis-test/target/test/data/319b119c/MiniRaftClusterWithSimulatedRpcfa39f97c/s3/98cbb96f-31cb-40de-88bb-22dfd8636a0a
2025-10-10 11:52:54,687 [HandlerDaemon-1] INFO  server.RaftServer$Division (RaftServerImpl.java:groupRemove(498)) - s3@group-22DFD8636A0A: Succeed to remove RaftStorageDirectory Storage Directory /home/runner/work/ratis/ratis/ratis-test/target/test/data/319b119c/MiniRaftClusterWithSimulatedRpcfa39f97c/s3/98cbb96f-31cb-40de-88bb-22dfd8636a0a
2025-10-10 11:52:54,687 [main] DEBUG client.RaftClient (RaftClientImpl.java:close(465)) - close client-18A909925883
2025-10-10 11:52:54,688 [main] INFO  impl.GroupManagementBaseTest (GroupManagementBaseTest.java:runMultiGroupTest(301)) - 2) close printing group-6D51518B0FFF
  s4:  RUNNING [
   FOLLOWER (STARTING): s4@group-A760254FE168:t0, leader=null, voted=, raftlog=Memoized:s4@group-A760254FE168-SegmentedRaftLog:OPENED:c-1:lastnull, conf=conf: {index: -1, cur=peers:[]|listeners:[], old=null}
     LEADER (RUNNING): s4@group-6D51518B0FFF:t1, leader=s4, voted=s4, raftlog=Memoized:s4@group-6D51518B0FFF-SegmentedRaftLog:OPENED:c0:last(t:1, i:0), conf=conf: {index: 0, cur=peers:[s4]|listeners:[], old=null}] size=2
2025-10-10 11:52:54,688 [main] DEBUG client.RaftClient (RaftClientImpl.java:newRequest(95)) - attempt #1, newRequest GroupManagementRequest:client-D055CEEED299->s4@group-6D51518B0FFF, cid=94, seq=null, RW, null, Remove:group-6D51518B0FFF, delete-dir
2025-10-10 11:52:54,689 [HandlerDaemon-1] INFO  server.RaftServer (RaftServerProxy.java:remove(117)) - s4: remove    LEADER (RUNNING): s4@group-6D51518B0FFF:t1, leader=s4, voted=s4, raftlog=Memoized:s4@group-6D51518B0FFF-SegmentedRaftLog:OPENED:c0:last(t:1, i:0), conf=conf: {index: 0, cur=peers:[s4]|listeners:[], old=null}
2025-10-10 11:52:54,689 [HandlerDaemon-1] INFO  server.RaftServer$Division (RaftServerImpl.java:lambda$close$1(528)) - s4@group-6D51518B0FFF: shutdown
2025-10-10 11:52:54,689 [HandlerDaemon-1] INFO  util.JmxRegister (JmxRegister.java:unregister(74)) - Successfully un-registered JMX Bean with object name Ratis:service=RaftServer,group=group-6D51518B0FFF,id=s4
2025-10-10 11:52:54,689 [HandlerDaemon-1] INFO  impl.RoleInfo (RoleInfo.java:shutdownLeaderState(103)) - s4: shutdown s4@group-6D51518B0FFF-LeaderStateImpl
2025-10-10 11:52:54,689 [HandlerDaemon-1] INFO  impl.PendingRequests (PendingRequests.java:sendNotLeaderResponses(281)) - s4@group-6D51518B0FFF-PendingRequests: sendNotLeaderResponses
2025-10-10 11:52:54,690 [HandlerDaemon-1] INFO  impl.StateMachineUpdater (StateMachineUpdater.java:stopAndJoin(163)) - s4@group-6D51518B0FFF-StateMachineUpdater: set stopIndex = 0
2025-10-10 11:52:54,690 [s4@group-6D51518B0FFF-StateMachineUpdater] INFO  impl.StateMachineUpdater (StateMachineUpdater.java:stop(140)) - s4@group-6D51518B0FFF-StateMachineUpdater: closing BaseStateMachine, lastApplied=(t:1, i:0)
2025-10-10 11:52:54,691 [s4@group-6D51518B0FFF-cacheEviction-AwaitToRun] INFO  util.AwaitToRun (AwaitToRun.java:run(49)) - s4@group-6D51518B0FFF-cacheEviction-AwaitToRun-AwaitForSignal is interrupted
2025-10-10 11:52:54,937 [HandlerDaemon-1] INFO  segmented.SegmentedRaftLogWorker (SegmentedRaftLogWorker.java:close(254)) - s4@group-6D51518B0FFF-SegmentedRaftLogWorker close()
2025-10-10 11:52:54,938 [HandlerDaemon-1] TRACE util.FileUtils (FileUtils.java:deleteFully(355)) - deleteFully /home/runner/work/ratis/ratis/ratis-test/target/test/data/319b119c/MiniRaftClusterWithSimulatedRpcfa39f97c/s4/14b3cced-9660-405a-badf-6d51518b0fff
2025-10-10 11:52:54,938 [HandlerDaemon-1] TRACE util.FileUtils (LogUtils.java:runAndLog(49)) - Successfully ran Files.delete /home/runner/work/ratis/ratis/ratis-test/target/test/data/319b119c/MiniRaftClusterWithSimulatedRpcfa39f97c/s4/14b3cced-9660-405a-badf-6d51518b0fff/current/raft-meta
2025-10-10 11:52:54,938 [HandlerDaemon-1] TRACE util.FileUtils (LogUtils.java:runAndLog(49)) - Successfully ran Files.delete /home/runner/work/ratis/ratis/ratis-test/target/test/data/319b119c/MiniRaftClusterWithSimulatedRpcfa39f97c/s4/14b3cced-9660-405a-badf-6d51518b0fff/current/raft-meta.conf
2025-10-10 11:52:54,938 [HandlerDaemon-1] TRACE util.FileUtils (LogUtils.java:runAndLog(49)) - Successfully ran Files.delete /home/runner/work/ratis/ratis/ratis-test/target/test/data/319b119c/MiniRaftClusterWithSimulatedRpcfa39f97c/s4/14b3cced-9660-405a-badf-6d51518b0fff/current/log_inprogress_0
2025-10-10 11:52:54,938 [HandlerDaemon-1] TRACE util.FileUtils (LogUtils.java:runAndLog(49)) - Successfully ran Files.delete /home/runner/work/ratis/ratis/ratis-test/target/test/data/319b119c/MiniRaftClusterWithSimulatedRpcfa39f97c/s4/14b3cced-9660-405a-badf-6d51518b0fff/current
2025-10-10 11:52:54,939 [HandlerDaemon-1] TRACE util.FileUtils (LogUtils.java:runAndLog(49)) - Successfully ran Files.delete /home/runner/work/ratis/ratis/ratis-test/target/test/data/319b119c/MiniRaftClusterWithSimulatedRpcfa39f97c/s4/14b3cced-9660-405a-badf-6d51518b0fff/sm
2025-10-10 11:52:54,939 [HandlerDaemon-1] TRACE util.FileUtils (LogUtils.java:runAndLog(49)) - Successfully ran Files.delete /home/runner/work/ratis/ratis/ratis-test/target/test/data/319b119c/MiniRaftClusterWithSimulatedRpcfa39f97c/s4/14b3cced-9660-405a-badf-6d51518b0fff/in_use.lock
2025-10-10 11:52:54,939 [HandlerDaemon-1] TRACE util.FileUtils (LogUtils.java:runAndLog(49)) - Successfully ran Files.delete /home/runner/work/ratis/ratis/ratis-test/target/test/data/319b119c/MiniRaftClusterWithSimulatedRpcfa39f97c/s4/14b3cced-9660-405a-badf-6d51518b0fff
2025-10-10 11:52:54,939 [HandlerDaemon-1] INFO  server.RaftServer$Division (RaftServerImpl.java:groupRemove(498)) - s4@group-6D51518B0FFF: Succeed to remove RaftStorageDirectory Storage Directory /home/runner/work/ratis/ratis/ratis-test/target/test/data/319b119c/MiniRaftClusterWithSimulatedRpcfa39f97c/s4/14b3cced-9660-405a-badf-6d51518b0fff
2025-10-10 11:52:54,939 [main] DEBUG client.RaftClient (RaftClientImpl.java:close(465)) - close client-D055CEEED299
| MiniRaftClusterWithSimulatedRpc[3, 4, 5]chosen=0 | close groups | 96 |
2025-10-10 11:52:54,940 [main] INFO  impl.GroupManagementBaseTest (GroupManagementBaseTest.java:runMultiGroupTest(318)) - close groups: printing ALL groups
  s3:  RUNNING  FOLLOWER (STARTING): s3@group-A760254FE168:t0, leader=null, voted=, raftlog=Memoized:s3@group-A760254FE168-SegmentedRaftLog:OPENED:c-1:lastnull, conf=conf: {index: -1, cur=peers:[]|listeners:[], old=null}
  s4:  RUNNING  FOLLOWER (STARTING): s4@group-A760254FE168:t0, leader=null, voted=, raftlog=Memoized:s4@group-A760254FE168-SegmentedRaftLog:OPENED:c-1:lastnull, conf=conf: {index: -1, cur=peers:[]|listeners:[], old=null}
  s0:  RUNNING [
   FOLLOWER (RUNNING): s0@group-06C30086AEA1:t1, leader=s2, voted=s2, raftlog=Memoized:s0@group-06C30086AEA1-SegmentedRaftLog:OPENED:c0:last(t:1, i:0), conf=conf: {index: 0, cur=peers:[s0|, s1|, s2|]|listeners:[], old=null}
   FOLLOWER (STARTING): s0@group-A760254FE168:t0, leader=null, voted=, raftlog=Memoized:s0@group-A760254FE168-SegmentedRaftLog:OPENED:c-1:lastnull, conf=conf: {index: -1, cur=peers:[]|listeners:[], old=null}] size=2
  s1:  RUNNING [
   FOLLOWER (RUNNING): s1@group-06C30086AEA1:t1, leader=s2, voted=s2, raftlog=Memoized:s1@group-06C30086AEA1-SegmentedRaftLog:OPENED:c0:last(t:1, i:0), conf=conf: {index: 0, cur=peers:[s0|, s1|, s2|]|listeners:[], old=null}
   FOLLOWER (STARTING): s1@group-A760254FE168:t0, leader=null, voted=, raftlog=Memoized:s1@group-A760254FE168-SegmentedRaftLog:OPENED:c-1:lastnull, conf=conf: {index: -1, cur=peers:[]|listeners:[], old=null}] size=2
  s2:  RUNNING [
     LEADER (RUNNING): s2@group-06C30086AEA1:t1, leader=s2, voted=s2, raftlog=Memoized:s2@group-06C30086AEA1-SegmentedRaftLog:OPENED:c0:last(t:1, i:0), conf=conf: {index: 0, cur=peers:[s0, s1, s2]|listeners:[], old=null}
   FOLLOWER (STARTING): s2@group-A760254FE168:t0, leader=null, voted=, raftlog=Memoized:s2@group-A760254FE168-SegmentedRaftLog:OPENED:c-1:lastnull, conf=conf: {index: -1, cur=peers:[]|listeners:[], old=null}] size=2
2025-10-10 11:52:54,940 [main] INFO  impl.GroupManagementBaseTest (GroupManagementBaseTest.java:runMultiGroupTest(324)) - 1) groupAdd: printing group-22DFD8636A0A
2025-10-10 11:52:54,940 [main] DEBUG client.RaftClient (RaftClientImpl.java:newRequest(95)) - attempt #1, newRequest GroupManagementRequest:client-E5042ACD8697->s3@group-06C30086AEA1, cid=99, seq=null, RW, null, Add:group-06C30086AEA1:[]
2025-10-10 11:52:54,941 [HandlerDaemon-2] INFO  server.RaftServer (RaftServerProxy.java:addNew(106)) - s3: addNew group-06C30086AEA1:[] returns group-06C30086AEA1:java.util.concurrent.CompletableFuture@54993313[Not completed]
2025-10-10 11:52:54,941 [s3-groupManagement] INFO  server.RaftServer$Division (RaftServerImpl.java:<init>(269)) - s3: new RaftServerImpl for group-06C30086AEA1:[] with BaseStateMachine-23:uninitialized
2025-10-10 11:52:54,941 [s3-groupManagement] INFO  server.RaftServer$Division (ServerState.java:<init>(115)) - s3@group-06C30086AEA1: ConfigurationManager, init=conf: {index: -1, cur=peers:[]|listeners:[], old=null}, confs=<EMPTY_MAP>
2025-10-10 11:52:54,943 [s3-groupManagement] DEBUG server.RaftServer (RaftServerProxy.java:lambda$groupAddAsync$13(517)) - s3: newImpl =      null (NEW): s3@group-06C30086AEA1:t0, leader=null, voted=null, raftlog=UNINITIALIZED, conf=conf: {index: -1, cur=peers:[]|listeners:[], old=null}
2025-10-10 11:52:54,943 [s3-groupManagement] INFO  server.RaftServerConfigKeys (ConfUtils.java:logGet(62)) - raft.server.storage.dir = [/home/runner/work/ratis/ratis/ratis-test/target/test/data/319b119c/MiniRaftClusterWithSimulatedRpcfa39f97c/s3] (custom)
2025-10-10 11:52:54,943 [s3-groupManagement] INFO  storage.RaftStorageDirectory (RaftStorageDirectoryImpl.java:analyzeStorage(138)) - The storage directory /home/runner/work/ratis/ratis/ratis-test/target/test/data/319b119c/MiniRaftClusterWithSimulatedRpcfa39f97c/s3/01e70f5d-948f-472b-b639-06c30086aea1 does not exist. Creating ...
2025-10-10 11:52:54,943 [s3-groupManagement] TRACE util.FileUtils (LogUtils.java:runAndLog(49)) - Successfully ran Files.createDirectories /home/runner/work/ratis/ratis/ratis-test/target/test/data/319b119c/MiniRaftClusterWithSimulatedRpcfa39f97c/s3/01e70f5d-948f-472b-b639-06c30086aea1
2025-10-10 11:52:54,944 [s3-groupManagement] INFO  storage.RaftStorageDirectory (RaftStorageDirectoryImpl.java:tryLock(229)) - Lock on /home/runner/work/ratis/ratis/ratis-test/target/test/data/319b119c/MiniRaftClusterWithSimulatedRpcfa39f97c/s3/01e70f5d-948f-472b-b639-06c30086aea1/in_use.lock acquired by nodename 9833@runnervmwhb2z
2025-10-10 11:52:54,944 [s3-groupManagement] TRACE util.FileUtils (LogUtils.java:runAndLog(49)) - Successfully ran Files.createDirectories /home/runner/work/ratis/ratis/ratis-test/target/test/data/319b119c/MiniRaftClusterWithSimulatedRpcfa39f97c/s3/01e70f5d-948f-472b-b639-06c30086aea1/current
2025-10-10 11:52:54,944 [s3-groupManagement] TRACE util.FileUtils (LogUtils.java:runAndLog(49)) - Successfully ran Files.createDirectories /home/runner/work/ratis/ratis/ratis-test/target/test/data/319b119c/MiniRaftClusterWithSimulatedRpcfa39f97c/s3/01e70f5d-948f-472b-b639-06c30086aea1/sm
2025-10-10 11:52:54,945 [s3-groupManagement] TRACE util.FileUtils (LogUtils.java:supplyAndLog(69)) - Successfully supplied FileChannel.open /home/runner/work/ratis/ratis/ratis-test/target/test/data/319b119c/MiniRaftClusterWithSimulatedRpcfa39f97c/s3/01e70f5d-948f-472b-b639-06c30086aea1/current/raft-meta.tmp with options [CREATE, TRUNCATE_EXISTING, WRITE]: sun.nio.ch.FileChannelImpl@1195054f
2025-10-10 11:52:54,945 [s3-groupManagement] TRACE util.FileUtils (LogUtils.java:runAndLog(49)) - Successfully ran Atomic Files.move /home/runner/work/ratis/ratis/ratis-test/target/test/data/319b119c/MiniRaftClusterWithSimulatedRpcfa39f97c/s3/01e70f5d-948f-472b-b639-06c30086aea1/current/raft-meta.tmp to /home/runner/work/ratis/ratis/ratis-test/target/test/data/319b119c/MiniRaftClusterWithSimulatedRpcfa39f97c/s3/01e70f5d-948f-472b-b639-06c30086aea1/current/raft-meta with options [REPLACE_EXISTING]
2025-10-10 11:52:54,945 [s3-groupManagement] INFO  storage.RaftStorage (RaftStorageImpl.java:format(98)) - Storage directory /home/runner/work/ratis/ratis/ratis-test/target/test/data/319b119c/MiniRaftClusterWithSimulatedRpcfa39f97c/s3/01e70f5d-948f-472b-b639-06c30086aea1 has been successfully formatted.
2025-10-10 11:52:54,946 [s3-groupManagement] INFO  server.RaftServer$Division (ServerState.java:getSnapshotIndexFromStateMachine(155)) - s3@group-06C30086AEA1: getLatestSnapshot(BaseStateMachine-23:s3:group-06C30086AEA1) returns null
2025-10-10 11:52:54,946 [s3-groupManagement] INFO  raftlog.RaftLog (RaftLogBase.java:<init>(90)) - s3@group-06C30086AEA1-SegmentedRaftLog: snapshotIndexFromStateMachine = -1
2025-10-10 11:52:54,946 [s3-groupManagement] INFO  util.AwaitToRun (AwaitToRun.java:start(81)) - Thread[s3@group-06C30086AEA1-cacheEviction-AwaitToRun,5,main] started
2025-10-10 11:52:54,947 [s3-groupManagement] INFO  segmented.SegmentedRaftLogWorker (SegmentedRaftLogWorker.java:<init>(190)) - new s3@group-06C30086AEA1-SegmentedRaftLogWorker for RaftStorageImpl:Storage Directory /home/runner/work/ratis/ratis/ratis-test/target/test/data/319b119c/MiniRaftClusterWithSimulatedRpcfa39f97c/s3/01e70f5d-948f-472b-b639-06c30086aea1
2025-10-10 11:52:54,949 [s3-groupManagement] INFO  segmented.SegmentedRaftLogWorker (SegmentedRaftLogWorker.java:lambda$new$0(141)) - s3@group-06C30086AEA1-SegmentedRaftLogWorker: flushIndex: setUnconditionally 0 -> -1
2025-10-10 11:52:54,949 [s3-groupManagement] INFO  segmented.SegmentedRaftLogWorker (SegmentedRaftLogWorker.java:lambda$new$0(141)) - s3@group-06C30086AEA1-SegmentedRaftLogWorker: safeCacheEvictIndex: setUnconditionally 0 -> -1
2025-10-10 11:52:54,949 [s3-groupManagement] INFO  server.RaftServer$Division (RaftServerImpl.java:start(412)) - s3@group-06C30086AEA1: start with initializing state, conf=conf: {index: -1, cur=peers:[]|listeners:[], old=null}
2025-10-10 11:52:54,950 [s3-groupManagement] INFO  server.RaftServer$Division (RaftServerImpl.java:setRole(393)) - s3@group-06C30086AEA1: changes role from      null to FOLLOWER at term 0 for NOT_IN_CONF
2025-10-10 11:52:54,951 [s3-groupManagement] INFO  util.JmxRegister (JmxRegister.java:tryRegister(44)) - Successfully registered JMX Bean with object name Ratis:service=RaftServer,group=group-06C30086AEA1,id=s3
2025-10-10 11:52:54,951 [s3-groupManagement] INFO  util.JmxRegister (JmxRegister.java:register(58)) - register mxBean class org.apache.ratis.server.impl.RaftServerJmxAdapter as Ratis:service=RaftServer,group=group-06C30086AEA1,id=s3
2025-10-10 11:52:54,951 [s3-groupManagement] INFO  server.RaftServer$Division (RaftServerImpl.java:start(420)) - s3@group-06C30086AEA1: Successfully started.
2025-10-10 11:52:54,952 [main] DEBUG client.RaftClient (RaftClientImpl.java:close(465)) - close client-E5042ACD8697
2025-10-10 11:52:54,952 [main] INFO  impl.GroupManagementBaseTest (GroupManagementBaseTest.java:runMultiGroupTest(324)) - 2) groupAdd: printing group-6D51518B0FFF
2025-10-10 11:52:54,952 [main] DEBUG client.RaftClient (RaftClientImpl.java:newRequest(95)) - attempt #1, newRequest GroupManagementRequest:client-916DAB538E48->s4@group-06C30086AEA1, cid=100, seq=null, RW, null, Add:group-06C30086AEA1:[]
2025-10-10 11:52:54,953 [HandlerDaemon-2] INFO  server.RaftServer (RaftServerProxy.java:addNew(106)) - s4: addNew group-06C30086AEA1:[] returns group-06C30086AEA1:java.util.concurrent.CompletableFuture@2ccd2e3[Not completed]
2025-10-10 11:52:54,953 [s4-groupManagement] INFO  server.RaftServer$Division (RaftServerImpl.java:<init>(269)) - s4: new RaftServerImpl for group-06C30086AEA1:[] with BaseStateMachine-24:uninitialized
2025-10-10 11:52:54,953 [s4-groupManagement] INFO  server.RaftServer$Division (ServerState.java:<init>(115)) - s4@group-06C30086AEA1: ConfigurationManager, init=conf: {index: -1, cur=peers:[]|listeners:[], old=null}, confs=<EMPTY_MAP>
2025-10-10 11:52:54,954 [s4-groupManagement] DEBUG server.RaftServer (RaftServerProxy.java:lambda$groupAddAsync$13(517)) - s4: newImpl =      null (NEW): s4@group-06C30086AEA1:t0, leader=null, voted=null, raftlog=UNINITIALIZED, conf=conf: {index: -1, cur=peers:[]|listeners:[], old=null}
2025-10-10 11:52:54,954 [s4-groupManagement] INFO  server.RaftServerConfigKeys (ConfUtils.java:logGet(62)) - raft.server.storage.dir = [/home/runner/work/ratis/ratis/ratis-test/target/test/data/319b119c/MiniRaftClusterWithSimulatedRpcfa39f97c/s4] (custom)
2025-10-10 11:52:54,955 [s4-groupManagement] INFO  storage.RaftStorageDirectory (RaftStorageDirectoryImpl.java:analyzeStorage(138)) - The storage directory /home/runner/work/ratis/ratis/ratis-test/target/test/data/319b119c/MiniRaftClusterWithSimulatedRpcfa39f97c/s4/01e70f5d-948f-472b-b639-06c30086aea1 does not exist. Creating ...
2025-10-10 11:52:54,955 [s4-groupManagement] TRACE util.FileUtils (LogUtils.java:runAndLog(49)) - Successfully ran Files.createDirectories /home/runner/work/ratis/ratis/ratis-test/target/test/data/319b119c/MiniRaftClusterWithSimulatedRpcfa39f97c/s4/01e70f5d-948f-472b-b639-06c30086aea1
2025-10-10 11:52:54,956 [s4-groupManagement] INFO  storage.RaftStorageDirectory (RaftStorageDirectoryImpl.java:tryLock(229)) - Lock on /home/runner/work/ratis/ratis/ratis-test/target/test/data/319b119c/MiniRaftClusterWithSimulatedRpcfa39f97c/s4/01e70f5d-948f-472b-b639-06c30086aea1/in_use.lock acquired by nodename 9833@runnervmwhb2z
2025-10-10 11:52:54,956 [s4-groupManagement] TRACE util.FileUtils (LogUtils.java:runAndLog(49)) - Successfully ran Files.createDirectories /home/runner/work/ratis/ratis/ratis-test/target/test/data/319b119c/MiniRaftClusterWithSimulatedRpcfa39f97c/s4/01e70f5d-948f-472b-b639-06c30086aea1/current
2025-10-10 11:52:54,956 [s4-groupManagement] TRACE util.FileUtils (LogUtils.java:runAndLog(49)) - Successfully ran Files.createDirectories /home/runner/work/ratis/ratis/ratis-test/target/test/data/319b119c/MiniRaftClusterWithSimulatedRpcfa39f97c/s4/01e70f5d-948f-472b-b639-06c30086aea1/sm
2025-10-10 11:52:54,956 [s4-groupManagement] TRACE util.FileUtils (LogUtils.java:supplyAndLog(69)) - Successfully supplied FileChannel.open /home/runner/work/ratis/ratis/ratis-test/target/test/data/319b119c/MiniRaftClusterWithSimulatedRpcfa39f97c/s4/01e70f5d-948f-472b-b639-06c30086aea1/current/raft-meta.tmp with options [CREATE, TRUNCATE_EXISTING, WRITE]: sun.nio.ch.FileChannelImpl@4891bd35
2025-10-10 11:52:54,957 [s4-groupManagement] TRACE util.FileUtils (LogUtils.java:runAndLog(49)) - Successfully ran Atomic Files.move /home/runner/work/ratis/ratis/ratis-test/target/test/data/319b119c/MiniRaftClusterWithSimulatedRpcfa39f97c/s4/01e70f5d-948f-472b-b639-06c30086aea1/current/raft-meta.tmp to /home/runner/work/ratis/ratis/ratis-test/target/test/data/319b119c/MiniRaftClusterWithSimulatedRpcfa39f97c/s4/01e70f5d-948f-472b-b639-06c30086aea1/current/raft-meta with options [REPLACE_EXISTING]
2025-10-10 11:52:54,957 [s4-groupManagement] INFO  storage.RaftStorage (RaftStorageImpl.java:format(98)) - Storage directory /home/runner/work/ratis/ratis/ratis-test/target/test/data/319b119c/MiniRaftClusterWithSimulatedRpcfa39f97c/s4/01e70f5d-948f-472b-b639-06c30086aea1 has been successfully formatted.
2025-10-10 11:52:54,957 [s4-groupManagement] INFO  server.RaftServer$Division (ServerState.java:getSnapshotIndexFromStateMachine(155)) - s4@group-06C30086AEA1: getLatestSnapshot(BaseStateMachine-24:s4:group-06C30086AEA1) returns null
2025-10-10 11:52:54,957 [s4-groupManagement] INFO  raftlog.RaftLog (RaftLogBase.java:<init>(90)) - s4@group-06C30086AEA1-SegmentedRaftLog: snapshotIndexFromStateMachine = -1
2025-10-10 11:52:54,958 [s4-groupManagement] INFO  util.AwaitToRun (AwaitToRun.java:start(81)) - Thread[s4@group-06C30086AEA1-cacheEviction-AwaitToRun,5,main] started
2025-10-10 11:52:54,958 [s4-groupManagement] INFO  segmented.SegmentedRaftLogWorker (SegmentedRaftLogWorker.java:<init>(190)) - new s4@group-06C30086AEA1-SegmentedRaftLogWorker for RaftStorageImpl:Storage Directory /home/runner/work/ratis/ratis/ratis-test/target/test/data/319b119c/MiniRaftClusterWithSimulatedRpcfa39f97c/s4/01e70f5d-948f-472b-b639-06c30086aea1
2025-10-10 11:52:54,959 [s4-groupManagement] INFO  segmented.SegmentedRaftLogWorker (SegmentedRaftLogWorker.java:lambda$new$0(141)) - s4@group-06C30086AEA1-SegmentedRaftLogWorker: flushIndex: setUnconditionally 0 -> -1
2025-10-10 11:52:54,959 [s4-groupManagement] INFO  segmented.SegmentedRaftLogWorker (SegmentedRaftLogWorker.java:lambda$new$0(141)) - s4@group-06C30086AEA1-SegmentedRaftLogWorker: safeCacheEvictIndex: setUnconditionally 0 -> -1
2025-10-10 11:52:54,959 [s4-groupManagement] INFO  server.RaftServer$Division (RaftServerImpl.java:start(412)) - s4@group-06C30086AEA1: start with initializing state, conf=conf: {index: -1, cur=peers:[]|listeners:[], old=null}
2025-10-10 11:52:54,959 [s4-groupManagement] INFO  server.RaftServer$Division (RaftServerImpl.java:setRole(393)) - s4@group-06C30086AEA1: changes role from      null to FOLLOWER at term 0 for NOT_IN_CONF
2025-10-10 11:52:54,959 [s4-groupManagement] INFO  util.JmxRegister (JmxRegister.java:tryRegister(44)) - Successfully registered JMX Bean with object name Ratis:service=RaftServer,group=group-06C30086AEA1,id=s4
2025-10-10 11:52:54,960 [s4-groupManagement] INFO  util.JmxRegister (JmxRegister.java:register(58)) - register mxBean class org.apache.ratis.server.impl.RaftServerJmxAdapter as Ratis:service=RaftServer,group=group-06C30086AEA1,id=s4
2025-10-10 11:52:54,960 [s4-groupManagement] INFO  server.RaftServer$Division (RaftServerImpl.java:start(420)) - s4@group-06C30086AEA1: Successfully started.
2025-10-10 11:52:54,960 [main] DEBUG client.RaftClient (RaftClientImpl.java:close(465)) - close client-916DAB538E48
2025-10-10 11:52:54,962 [main] INFO  impl.GroupManagementBaseTest (GroupManagementBaseTest.java:runMultiGroupTest(332)) - 0) setConfiguration: printing group-06C30086AEA1
  s3:  RUNNING [
   FOLLOWER (STARTING): s3@group-06C30086AEA1:t0, leader=null, voted=, raftlog=Memoized:s3@group-06C30086AEA1-SegmentedRaftLog:OPENED:c-1:lastnull, conf=conf: {index: -1, cur=peers:[]|listeners:[], old=null}
   FOLLOWER (STARTING): s3@group-A760254FE168:t0, leader=null, voted=, raftlog=Memoized:s3@group-A760254FE168-SegmentedRaftLog:OPENED:c-1:lastnull, conf=conf: {index: -1, cur=peers:[]|listeners:[], old=null}] size=2
  s4:  RUNNING [
   FOLLOWER (STARTING): s4@group-06C30086AEA1:t0, leader=null, voted=, raftlog=Memoized:s4@group-06C30086AEA1-SegmentedRaftLog:OPENED:c-1:lastnull, conf=conf: {index: -1, cur=peers:[]|listeners:[], old=null}
   FOLLOWER (STARTING): s4@group-A760254FE168:t0, leader=null, voted=, raftlog=Memoized:s4@group-A760254FE168-SegmentedRaftLog:OPENED:c-1:lastnull, conf=conf: {index: -1, cur=peers:[]|listeners:[], old=null}] size=2
  s0:  RUNNING [
   FOLLOWER (RUNNING): s0@group-06C30086AEA1:t1, leader=s2, voted=s2, raftlog=Memoized:s0@group-06C30086AEA1-SegmentedRaftLog:OPENED:c0:last(t:1, i:0), conf=conf: {index: 0, cur=peers:[s0|, s1|, s2|]|listeners:[], old=null}
   FOLLOWER (STARTING): s0@group-A760254FE168:t0, leader=null, voted=, raftlog=Memoized:s0@group-A760254FE168-SegmentedRaftLog:OPENED:c-1:lastnull, conf=conf: {index: -1, cur=peers:[]|listeners:[], old=null}] size=2
  s1:  RUNNING [
   FOLLOWER (RUNNING): s1@group-06C30086AEA1:t1, leader=s2, voted=s2, raftlog=Memoized:s1@group-06C30086AEA1-SegmentedRaftLog:OPENED:c0:last(t:1, i:0), conf=conf: {index: 0, cur=peers:[s0|, s1|, s2|]|listeners:[], old=null}
   FOLLOWER (STARTING): s1@group-A760254FE168:t0, leader=null, voted=, raftlog=Memoized:s1@group-A760254FE168-SegmentedRaftLog:OPENED:c-1:lastnull, conf=conf: {index: -1, cur=peers:[]|listeners:[], old=null}] size=2
  s2:  RUNNING [
     LEADER (RUNNING): s2@group-06C30086AEA1:t1, leader=s2, voted=s2, raftlog=Memoized:s2@group-06C30086AEA1-SegmentedRaftLog:OPENED:c0:last(t:1, i:0), conf=conf: {index: 0, cur=peers:[s0, s1, s2]|listeners:[], old=null}
   FOLLOWER (STARTING): s2@group-A760254FE168:t0, leader=null, voted=, raftlog=Memoized:s2@group-A760254FE168-SegmentedRaftLog:OPENED:c-1:lastnull, conf=conf: {index: -1, cur=peers:[]|listeners:[], old=null}] size=2
2025-10-10 11:52:54,967 [main] DEBUG client.RaftClient (RaftClientImpl.java:newRequest(95)) - attempt #1, newRequest SetConfigurationRequest:client-D4D19EC0B784->s0@group-06C30086AEA1, cid=101, seq=null, RW, null, SET_UNCONDITIONALLY, servers:[s3, s4, s0, s1, s2], listeners:[]
2025-10-10 11:52:54,968 [s0-server-thread1] INFO  server.RaftServer$Division (RaftServerImpl.java:setConfigurationAsync(1323)) - s0@group-06C30086AEA1: receive setConfiguration SetConfigurationRequest:client-D4D19EC0B784->s0@group-06C30086AEA1, cid=101, seq=null, RW, null, SET_UNCONDITIONALLY, servers:[s3, s4, s0, s1, s2], listeners:[]
2025-10-10 11:52:54,970 [main] DEBUG client.RaftClient (RaftClientImpl.java:handleIOException(418)) - client-D4D19EC0B784: suggested new leader: s2. Failed SetConfigurationRequest:client-D4D19EC0B784->s0@group-06C30086AEA1, cid=101, seq=null, RW, null, SET_UNCONDITIONALLY, servers:[s3, s4, s0, s1, s2], listeners:[]
org.apache.ratis.protocol.exceptions.NotLeaderException: Server s0@group-06C30086AEA1 is not the leader, suggested leader is: s2|
	at org.apache.ratis.server.impl.RaftServerImpl.generateNotLeaderException(RaftServerImpl.java:804)
	at org.apache.ratis.server.impl.RaftServerImpl.checkLeaderState(RaftServerImpl.java:769)
	at org.apache.ratis.server.impl.RaftServerImpl.checkLeaderState(RaftServerImpl.java:761)
	at org.apache.ratis.server.impl.RaftServerImpl.setConfigurationAsync(RaftServerImpl.java:1327)
	at org.apache.ratis.server.impl.RaftServerProxy.lambda$null$24(RaftServerProxy.java:631)
	at org.apache.ratis.util.JavaUtils.callAsUnchecked(JavaUtils.java:118)
	at org.apache.ratis.server.impl.RaftServerImpl.lambda$executeSubmitServerRequestAsync$10(RaftServerImpl.java:926)
	at java.util.concurrent.CompletableFuture$AsyncSupply.run(CompletableFuture.java:1604)
	at java.util.concurrent.ThreadPoolExecutor.runWorker(ThreadPoolExecutor.java:1149)
	at java.util.concurrent.ThreadPoolExecutor$Worker.run(ThreadPoolExecutor.java:624)
	at java.lang.Thread.run(Thread.java:750)
2025-10-10 11:52:54,972 [main] DEBUG client.RaftClient (RaftClientImpl.java:handleIOException(436)) - client-D4D19EC0B784: oldLeader=s0,  curLeader=s0, newLeader=s2
2025-10-10 11:52:54,972 [main] DEBUG client.RaftClient (RaftClientImpl.java:handleIOException(442)) - client-D4D19EC0B784 changes Leader from s0 to s2 for group-06C30086AEA1
org.apache.ratis.protocol.exceptions.NotLeaderException: Server s0@group-06C30086AEA1 is not the leader, suggested leader is: s2|
	at org.apache.ratis.server.impl.RaftServerImpl.generateNotLeaderException(RaftServerImpl.java:804)
	at org.apache.ratis.server.impl.RaftServerImpl.checkLeaderState(RaftServerImpl.java:769)
	at org.apache.ratis.server.impl.RaftServerImpl.checkLeaderState(RaftServerImpl.java:761)
	at org.apache.ratis.server.impl.RaftServerImpl.setConfigurationAsync(RaftServerImpl.java:1327)
	at org.apache.ratis.server.impl.RaftServerProxy.lambda$null$24(RaftServerProxy.java:631)
	at org.apache.ratis.util.JavaUtils.callAsUnchecked(JavaUtils.java:118)
	at org.apache.ratis.server.impl.RaftServerImpl.lambda$executeSubmitServerRequestAsync$10(RaftServerImpl.java:926)
	at java.util.concurrent.CompletableFuture$AsyncSupply.run(CompletableFuture.java:1604)
	at java.util.concurrent.ThreadPoolExecutor.runWorker(ThreadPoolExecutor.java:1149)
	at java.util.concurrent.ThreadPoolExecutor$Worker.run(ThreadPoolExecutor.java:624)
	at java.lang.Thread.run(Thread.java:750)
2025-10-10 11:52:55,074 [main] DEBUG client.RaftClient (RaftClientImpl.java:newRequest(95)) - attempt #2, newRequest SetConfigurationRequest:client-D4D19EC0B784->s2@group-06C30086AEA1, cid=101, seq=null, RW, null, SET_UNCONDITIONALLY, servers:[s3, s4, s0, s1, s2], listeners:[]
2025-10-10 11:52:55,074 [s2-server-thread1] INFO  server.RaftServer$Division (RaftServerImpl.java:setConfigurationAsync(1323)) - s2@group-06C30086AEA1: receive setConfiguration SetConfigurationRequest:client-D4D19EC0B784->s2@group-06C30086AEA1, cid=101, seq=null, RW, null, SET_UNCONDITIONALLY, servers:[s3, s4, s0, s1, s2], listeners:[]
2025-10-10 11:52:55,075 [s2-server-thread1] INFO  server.RaftServer$Division (LeaderStateImpl.java:startSetConfiguration(483)) - s2@group-06C30086AEA1-LeaderStateImpl: startSetConfiguration SetConfigurationRequest:client-D4D19EC0B784->s2@group-06C30086AEA1, cid=101, seq=null, RW, null, SET_UNCONDITIONALLY, servers:[s3, s4, s0, s1, s2], listeners:[]
2025-10-10 11:52:55,078 [s2@group-06C30086AEA1->s3-LogAppenderDefault-LogAppenderDaemon] INFO  leader.FollowerInfo (FollowerInfoImpl.java:setAttemptedToInstallSnapshot(154)) - Follower s2@group-06C30086AEA1->s3 acknowledged installing snapshot
2025-10-10 11:52:55,078 [s2@group-06C30086AEA1->s4-LogAppenderDefault-LogAppenderDaemon] INFO  leader.FollowerInfo (FollowerInfoImpl.java:setAttemptedToInstallSnapshot(154)) - Follower s2@group-06C30086AEA1->s4 acknowledged installing snapshot
2025-10-10 11:52:55,079 [HandlerDaemon-0] TRACE util.FileUtils (LogUtils.java:supplyAndLog(69)) - Successfully supplied FileChannel.open /home/runner/work/ratis/ratis/ratis-test/target/test/data/319b119c/MiniRaftClusterWithSimulatedRpcfa39f97c/s3/01e70f5d-948f-472b-b639-06c30086aea1/current/raft-meta.tmp with options [CREATE, TRUNCATE_EXISTING, WRITE]: sun.nio.ch.FileChannelImpl@5975c3c5
2025-10-10 11:52:55,079 [HandlerDaemon-0] TRACE util.FileUtils (LogUtils.java:supplyAndLog(69)) - Successfully supplied FileChannel.open /home/runner/work/ratis/ratis/ratis-test/target/test/data/319b119c/MiniRaftClusterWithSimulatedRpcfa39f97c/s4/01e70f5d-948f-472b-b639-06c30086aea1/current/raft-meta.tmp with options [CREATE, TRUNCATE_EXISTING, WRITE]: sun.nio.ch.FileChannelImpl@497e16de
2025-10-10 11:52:55,080 [HandlerDaemon-0] TRACE util.FileUtils (LogUtils.java:runAndLog(49)) - Successfully ran Atomic Files.move /home/runner/work/ratis/ratis/ratis-test/target/test/data/319b119c/MiniRaftClusterWithSimulatedRpcfa39f97c/s4/01e70f5d-948f-472b-b639-06c30086aea1/current/raft-meta.tmp to /home/runner/work/ratis/ratis/ratis-test/target/test/data/319b119c/MiniRaftClusterWithSimulatedRpcfa39f97c/s4/01e70f5d-948f-472b-b639-06c30086aea1/current/raft-meta with options [REPLACE_EXISTING]
2025-10-10 11:52:55,080 [HandlerDaemon-0] TRACE util.FileUtils (LogUtils.java:runAndLog(49)) - Successfully ran Atomic Files.move /home/runner/work/ratis/ratis/ratis-test/target/test/data/319b119c/MiniRaftClusterWithSimulatedRpcfa39f97c/s3/01e70f5d-948f-472b-b639-06c30086aea1/current/raft-meta.tmp to /home/runner/work/ratis/ratis/ratis-test/target/test/data/319b119c/MiniRaftClusterWithSimulatedRpcfa39f97c/s3/01e70f5d-948f-472b-b639-06c30086aea1/current/raft-meta with options [REPLACE_EXISTING]
2025-10-10 11:52:55,080 [HandlerDaemon-0] INFO  server.RaftServer$Division (RaftServerImpl.java:setFirstElection(577)) - s4@group-06C30086AEA1: set firstElectionSinceStartup to false for APPEND_ENTRIES
2025-10-10 11:52:55,080 [HandlerDaemon-0] INFO  server.RaftServer$Division (RaftServerImpl.java:setFirstElection(577)) - s3@group-06C30086AEA1: set firstElectionSinceStartup to false for APPEND_ENTRIES
2025-10-10 11:52:55,080 [HandlerDaemon-0] INFO  server.RaftServer$Division (ServerState.java:setLeader(278)) - s4@group-06C30086AEA1: change Leader from null to s2 at term 1 for APPEND_ENTRIES, leader elected after 126ms
2025-10-10 11:52:55,080 [HandlerDaemon-0] INFO  server.RaftServer$Division (ServerState.java:setLeader(278)) - s3@group-06C30086AEA1: change Leader from null to s2 at term 1 for APPEND_ENTRIES, leader elected after 138ms
2025-10-10 11:52:55,082 [HandlerDaemon-1] DEBUG server.RaftServer$Division (RaftServerImpl.java:logAppendEntries(1537)) - s4@group-06C30086AEA1: appendEntries* s2->s4#106-t1,previous=<PROTO_DEFAULT>,leaderCommit=0,initializing? true,entries: size=1, first=(t:1, i:0), CONFIGURATIONENTRY(current:id:"s0"startupRole:FOLLOWER, id:"s1"startupRole:FOLLOWER, id:"s2"startupRole:FOLLOWER, old:)
2025-10-10 11:52:55,083 [HandlerDaemon-1] DEBUG server.RaftServer$Division (RaftServerImpl.java:logAppendEntries(1537)) - s3@group-06C30086AEA1: appendEntries* s2->s3#107-t1,previous=<PROTO_DEFAULT>,leaderCommit=0,initializing? true,entries: size=1, first=(t:1, i:0), CONFIGURATIONENTRY(current:id:"s0"startupRole:FOLLOWER, id:"s1"startupRole:FOLLOWER, id:"s2"startupRole:FOLLOWER, old:)
2025-10-10 11:52:55,083 [HandlerDaemon-1] INFO  server.RaftServer$Division (ServerState.java:setRaftConf(392)) - s4@group-06C30086AEA1: set configuration conf: {index: 0, cur=peers:[s0|, s1|, s2|]|listeners:[], old=null}
2025-10-10 11:52:55,084 [HandlerDaemon-1] INFO  server.RaftServer$Division (ServerState.java:setRaftConf(392)) - s3@group-06C30086AEA1: set configuration conf: {index: 0, cur=peers:[s0|, s1|, s2|]|listeners:[], old=null}
2025-10-10 11:52:55,084 [s3-server-thread1] INFO  segmented.SegmentedRaftLogWorker (SegmentedRaftLogWorker.java:startLogSegment(440)) - s3@group-06C30086AEA1-SegmentedRaftLogWorker: Starting segment from index:0
2025-10-10 11:52:55,084 [s4-server-thread1] INFO  segmented.SegmentedRaftLogWorker (SegmentedRaftLogWorker.java:startLogSegment(440)) - s4@group-06C30086AEA1-SegmentedRaftLogWorker: Starting segment from index:0
2025-10-10 11:52:55,085 [s3@group-06C30086AEA1-SegmentedRaftLogWorker] INFO  segmented.BufferedWriteChannel (BufferedWriteChannel.java:open(61)) - open log_inprogress_0 at position 0
2025-10-10 11:52:55,085 [s4@group-06C30086AEA1-SegmentedRaftLogWorker] INFO  segmented.BufferedWriteChannel (BufferedWriteChannel.java:open(61)) - open log_inprogress_0 at position 0
2025-10-10 11:52:55,091 [s3@group-06C30086AEA1-SegmentedRaftLogWorker] INFO  segmented.SegmentedRaftLogWorker (SegmentedRaftLogWorker.java:execute(647)) - s3@group-06C30086AEA1-SegmentedRaftLogWorker: created new log segment /home/runner/work/ratis/ratis/ratis-test/target/test/data/319b119c/MiniRaftClusterWithSimulatedRpcfa39f97c/s3/01e70f5d-948f-472b-b639-06c30086aea1/current/log_inprogress_0
2025-10-10 11:52:55,092 [s4@group-06C30086AEA1-SegmentedRaftLogWorker] INFO  segmented.SegmentedRaftLogWorker (SegmentedRaftLogWorker.java:execute(647)) - s4@group-06C30086AEA1-SegmentedRaftLogWorker: created new log segment /home/runner/work/ratis/ratis/ratis-test/target/test/data/319b119c/MiniRaftClusterWithSimulatedRpcfa39f97c/s4/01e70f5d-948f-472b-b639-06c30086aea1/current/log_inprogress_0
2025-10-10 11:52:55,092 [s3-server-thread1] DEBUG server.RaftServer$Division (RaftServerImpl.java:logAppendEntries(1537)) - s3@group-06C30086AEA1: appendEntries* reply s2<-s3#107:OK-t1,SUCCESS,nextIndex=1,followerCommit=0,matchIndex=0
2025-10-10 11:52:55,093 [s3@group-06C30086AEA1-StateMachineUpdater] TRACE util.FileUtils (LogUtils.java:supplyAndLog(69)) - Successfully supplied FileChannel.open /home/runner/work/ratis/ratis/ratis-test/target/test/data/319b119c/MiniRaftClusterWithSimulatedRpcfa39f97c/s3/01e70f5d-948f-472b-b639-06c30086aea1/current/raft-meta.conf.tmp with options [CREATE, TRUNCATE_EXISTING, WRITE]: sun.nio.ch.FileChannelImpl@a0b47
2025-10-10 11:52:55,093 [s4-server-thread1] DEBUG server.RaftServer$Division (RaftServerImpl.java:logAppendEntries(1537)) - s4@group-06C30086AEA1: appendEntries* reply s2<-s4#106:OK-t1,SUCCESS,nextIndex=1,followerCommit=0,matchIndex=0
2025-10-10 11:52:55,094 [s4@group-06C30086AEA1-StateMachineUpdater] TRACE util.FileUtils (LogUtils.java:supplyAndLog(69)) - Successfully supplied FileChannel.open /home/runner/work/ratis/ratis/ratis-test/target/test/data/319b119c/MiniRaftClusterWithSimulatedRpcfa39f97c/s4/01e70f5d-948f-472b-b639-06c30086aea1/current/raft-meta.conf.tmp with options [CREATE, TRUNCATE_EXISTING, WRITE]: sun.nio.ch.FileChannelImpl@8ac2ca8
2025-10-10 11:52:55,095 [s3@group-06C30086AEA1-StateMachineUpdater] TRACE util.FileUtils (LogUtils.java:runAndLog(49)) - Successfully ran Atomic Files.move /home/runner/work/ratis/ratis/ratis-test/target/test/data/319b119c/MiniRaftClusterWithSimulatedRpcfa39f97c/s3/01e70f5d-948f-472b-b639-06c30086aea1/current/raft-meta.conf.tmp to /home/runner/work/ratis/ratis/ratis-test/target/test/data/319b119c/MiniRaftClusterWithSimulatedRpcfa39f97c/s3/01e70f5d-948f-472b-b639-06c30086aea1/current/raft-meta.conf with options [REPLACE_EXISTING]
2025-10-10 11:52:55,095 [s4@group-06C30086AEA1-StateMachineUpdater] TRACE util.FileUtils (LogUtils.java:runAndLog(49)) - Successfully ran Atomic Files.move /home/runner/work/ratis/ratis/ratis-test/target/test/data/319b119c/MiniRaftClusterWithSimulatedRpcfa39f97c/s4/01e70f5d-948f-472b-b639-06c30086aea1/current/raft-meta.conf.tmp to /home/runner/work/ratis/ratis/ratis-test/target/test/data/319b119c/MiniRaftClusterWithSimulatedRpcfa39f97c/s4/01e70f5d-948f-472b-b639-06c30086aea1/current/raft-meta.conf with options [REPLACE_EXISTING]
2025-10-10 11:52:55,097 [s2@group-06C30086AEA1-LeaderStateImpl] INFO  server.RaftServer$Division (ServerState.java:setRaftConf(392)) - s2@group-06C30086AEA1: set configuration conf: {index: 1, cur=peers:[s3, s4, s0, s1, s2]|listeners:[], old=peers:[s0, s1, s2]|listeners:[]}
2025-10-10 11:52:55,099 [HandlerDaemon-0] DEBUG server.RaftServer$Division (RaftServerImpl.java:logAppendEntries(1537)) - s1@group-06C30086AEA1: appendEntries* s2->s1#109-t1,previous=(t:1, i:0),leaderCommit=0,initializing? false,entries: size=1, first=(t:1, i:1), CONFIGURATIONENTRY(current:id:"s3"startupRole:FOLLOWER, id:"s4"startupRole:FOLLOWER, id:"s0"startupRole:FOLLOWER, id:"s1"startupRole:FOLLOWER, id:"s2"startupRole:FOLLOWER, old:id:"s0"startupRole:FOLLOWER, id:"s1"startupRole:FOLLOWER, id:"s2"startupRole:FOLLOWER)
2025-10-10 11:52:55,099 [HandlerDaemon-2] DEBUG server.RaftServer$Division (RaftServerImpl.java:logAppendEntries(1537)) - s3@group-06C30086AEA1: appendEntries* s2->s3#110-t1,previous=(t:1, i:0),leaderCommit=0,initializing? false,entries: size=1, first=(t:1, i:1), CONFIGURATIONENTRY(current:id:"s3"startupRole:FOLLOWER, id:"s4"startupRole:FOLLOWER, id:"s0"startupRole:FOLLOWER, id:"s1"startupRole:FOLLOWER, id:"s2"startupRole:FOLLOWER, old:id:"s0"startupRole:FOLLOWER, id:"s1"startupRole:FOLLOWER, id:"s2"startupRole:FOLLOWER)
2025-10-10 11:52:55,099 [HandlerDaemon-0] INFO  server.RaftServer$Division (ServerState.java:setRaftConf(392)) - s1@group-06C30086AEA1: set configuration conf: {index: 1, cur=peers:[s3|, s4|, s0|, s1|, s2|]|listeners:[], old=peers:[s0|, s1|, s2|]|listeners:[]}
2025-10-10 11:52:55,100 [HandlerDaemon-2] INFO  impl.RoleInfo (RoleInfo.java:updateAndGet(148)) - s3: start s3@group-06C30086AEA1-FollowerState
2025-10-10 11:52:55,099 [HandlerDaemon-0] DEBUG server.RaftServer$Division (RaftServerImpl.java:logAppendEntries(1537)) - s0@group-06C30086AEA1: appendEntries* s2->s0#108-t1,previous=(t:1, i:0),leaderCommit=0,initializing? false,entries: size=1, first=(t:1, i:1), CONFIGURATIONENTRY(current:id:"s3"startupRole:FOLLOWER, id:"s4"startupRole:FOLLOWER, id:"s0"startupRole:FOLLOWER, id:"s1"startupRole:FOLLOWER, id:"s2"startupRole:FOLLOWER, old:id:"s0"startupRole:FOLLOWER, id:"s1"startupRole:FOLLOWER, id:"s2"startupRole:FOLLOWER)
2025-10-10 11:52:55,100 [HandlerDaemon-2] INFO  server.RaftServer$Division (ServerState.java:setRaftConf(392)) - s3@group-06C30086AEA1: set configuration conf: {index: 1, cur=peers:[s3|, s4|, s0|, s1|, s2|]|listeners:[], old=peers:[s0|, s1|, s2|]|listeners:[]}
2025-10-10 11:52:55,100 [HandlerDaemon-0] INFO  server.RaftServer$Division (ServerState.java:setRaftConf(392)) - s0@group-06C30086AEA1: set configuration conf: {index: 1, cur=peers:[s3|, s4|, s0|, s1|, s2|]|listeners:[], old=peers:[s0|, s1|, s2|]|listeners:[]}
2025-10-10 11:52:55,101 [s1-server-thread1] DEBUG server.RaftServer$Division (RaftServerImpl.java:logAppendEntries(1537)) - s1@group-06C30086AEA1: appendEntries* reply s2<-s1#109:OK-t1,SUCCESS,nextIndex=2,followerCommit=0,matchIndex=1
2025-10-10 11:52:55,101 [s3-server-thread1] DEBUG server.RaftServer$Division (RaftServerImpl.java:logAppendEntries(1537)) - s3@group-06C30086AEA1: appendEntries* reply s2<-s3#110:OK-t1,SUCCESS,nextIndex=2,followerCommit=0,matchIndex=1
2025-10-10 11:52:55,102 [s0-server-thread1] DEBUG server.RaftServer$Division (RaftServerImpl.java:logAppendEntries(1537)) - s0@group-06C30086AEA1: appendEntries* reply s2<-s0#108:OK-t1,SUCCESS,nextIndex=2,followerCommit=0,matchIndex=1
2025-10-10 11:52:55,102 [HandlerDaemon-2] DEBUG server.RaftServer$Division (RaftServerImpl.java:logAppendEntries(1537)) - s4@group-06C30086AEA1: appendEntries* s2->s4#111-t1,previous=(t:1, i:0),leaderCommit=0,initializing? false,entries: size=1, first=(t:1, i:1), CONFIGURATIONENTRY(current:id:"s3"startupRole:FOLLOWER, id:"s4"startupRole:FOLLOWER, id:"s0"startupRole:FOLLOWER, id:"s1"startupRole:FOLLOWER, id:"s2"startupRole:FOLLOWER, old:id:"s0"startupRole:FOLLOWER, id:"s1"startupRole:FOLLOWER, id:"s2"startupRole:FOLLOWER)
2025-10-10 11:52:55,102 [HandlerDaemon-2] INFO  impl.RoleInfo (RoleInfo.java:updateAndGet(148)) - s4: start s4@group-06C30086AEA1-FollowerState
2025-10-10 11:52:55,103 [HandlerDaemon-2] INFO  server.RaftServer$Division (ServerState.java:setRaftConf(392)) - s4@group-06C30086AEA1: set configuration conf: {index: 1, cur=peers:[s3|, s4|, s0|, s1|, s2|]|listeners:[], old=peers:[s0|, s1|, s2|]|listeners:[]}
2025-10-10 11:52:55,103 [s2@group-06C30086AEA1-StateMachineUpdater] TRACE util.FileUtils (LogUtils.java:supplyAndLog(69)) - Successfully supplied FileChannel.open /home/runner/work/ratis/ratis/ratis-test/target/test/data/319b119c/MiniRaftClusterWithSimulatedRpcfa39f97c/s2/01e70f5d-948f-472b-b639-06c30086aea1/current/raft-meta.conf.tmp with options [CREATE, TRUNCATE_EXISTING, WRITE]: sun.nio.ch.FileChannelImpl@c758c4a
2025-10-10 11:52:55,104 [s4-server-thread1] DEBUG server.RaftServer$Division (RaftServerImpl.java:logAppendEntries(1537)) - s4@group-06C30086AEA1: appendEntries* reply s2<-s4#111:OK-t1,SUCCESS,nextIndex=2,followerCommit=0,matchIndex=1
2025-10-10 11:52:55,105 [s2@group-06C30086AEA1-StateMachineUpdater] TRACE util.FileUtils (LogUtils.java:runAndLog(49)) - Successfully ran Atomic Files.move /home/runner/work/ratis/ratis/ratis-test/target/test/data/319b119c/MiniRaftClusterWithSimulatedRpcfa39f97c/s2/01e70f5d-948f-472b-b639-06c30086aea1/current/raft-meta.conf.tmp to /home/runner/work/ratis/ratis/ratis-test/target/test/data/319b119c/MiniRaftClusterWithSimulatedRpcfa39f97c/s2/01e70f5d-948f-472b-b639-06c30086aea1/current/raft-meta.conf with options [REPLACE_EXISTING]
2025-10-10 11:52:55,105 [HandlerDaemon-0] DEBUG server.RaftServer$Division (RaftServerImpl.java:logAppendEntries(1537)) - s4@group-06C30086AEA1: appendEntries* s2->s4#114-t1,previous=(t:1, i:1),leaderCommit=1,initializing? false,entries: size=1, first=(t:1, i:2), METADATAENTRY(c:1)
2025-10-10 11:52:55,105 [HandlerDaemon-0] DEBUG server.RaftServer$Division (RaftServerImpl.java:logAppendEntries(1537)) - s3@group-06C30086AEA1: appendEntries* s2->s3#112-t1,previous=(t:1, i:1),leaderCommit=1,initializing? false,entries: size=1, first=(t:1, i:2), METADATAENTRY(c:1)
2025-10-10 11:52:55,105 [s2@group-06C30086AEA1-LeaderStateImpl] INFO  server.RaftServer$Division (ServerState.java:setRaftConf(392)) - s2@group-06C30086AEA1: set configuration conf: {index: 3, cur=peers:[s3, s4, s0, s1, s2]|listeners:[], old=null}
2025-10-10 11:52:55,106 [HandlerDaemon-1] DEBUG server.RaftServer$Division (RaftServerImpl.java:logAppendEntries(1537)) - s0@group-06C30086AEA1: appendEntries* s2->s0#115-t1,previous=(t:1, i:1),leaderCommit=1,initializing? false,entries: size=2, first=(t:1, i:2), METADATAENTRY(c:1)
2025-10-10 11:52:55,106 [HandlerDaemon-1] INFO  server.RaftServer$Division (ServerState.java:setRaftConf(392)) - s0@group-06C30086AEA1: set configuration conf: {index: 3, cur=peers:[s3|, s4|, s0|, s1|, s2|]|listeners:[], old=null}
2025-10-10 11:52:55,107 [s4-server-thread1] DEBUG server.RaftServer$Division (RaftServerImpl.java:logAppendEntries(1537)) - s4@group-06C30086AEA1: appendEntries* reply s2<-s4#114:OK-t1,SUCCESS,nextIndex=3,followerCommit=1,matchIndex=2
2025-10-10 11:52:55,107 [s0-server-thread1] DEBUG server.RaftServer$Division (RaftServerImpl.java:logAppendEntries(1537)) - s0@group-06C30086AEA1: appendEntries* reply s2<-s0#115:OK-t1,SUCCESS,nextIndex=4,followerCommit=1,matchIndex=3
2025-10-10 11:52:55,107 [HandlerDaemon-1] DEBUG server.RaftServer$Division (RaftServerImpl.java:logAppendEntries(1537)) - s1@group-06C30086AEA1: appendEntries* s2->s1#113-t1,previous=(t:1, i:1),leaderCommit=1,initializing? false,entries: size=1, first=(t:1, i:2), METADATAENTRY(c:1)
2025-10-10 11:52:55,107 [s3-server-thread1] DEBUG server.RaftServer$Division (RaftServerImpl.java:logAppendEntries(1537)) - s3@group-06C30086AEA1: appendEntries* reply s2<-s3#112:OK-t1,SUCCESS,nextIndex=3,followerCommit=1,matchIndex=2
2025-10-10 11:52:55,107 [s4@group-06C30086AEA1-StateMachineUpdater] TRACE util.FileUtils (LogUtils.java:supplyAndLog(69)) - Successfully supplied FileChannel.open /home/runner/work/ratis/ratis/ratis-test/target/test/data/319b119c/MiniRaftClusterWithSimulatedRpcfa39f97c/s4/01e70f5d-948f-472b-b639-06c30086aea1/current/raft-meta.conf.tmp with options [CREATE, TRUNCATE_EXISTING, WRITE]: sun.nio.ch.FileChannelImpl@66bc3cd
2025-10-10 11:52:55,107 [s0@group-06C30086AEA1-StateMachineUpdater] TRACE util.FileUtils (LogUtils.java:supplyAndLog(69)) - Successfully supplied FileChannel.open /home/runner/work/ratis/ratis/ratis-test/target/test/data/319b119c/MiniRaftClusterWithSimulatedRpcfa39f97c/s0/01e70f5d-948f-472b-b639-06c30086aea1/current/raft-meta.conf.tmp with options [CREATE, TRUNCATE_EXISTING, WRITE]: sun.nio.ch.FileChannelImpl@ffc348f
2025-10-10 11:52:55,108 [s3@group-06C30086AEA1-StateMachineUpdater] TRACE util.FileUtils (LogUtils.java:supplyAndLog(69)) - Successfully supplied FileChannel.open /home/runner/work/ratis/ratis/ratis-test/target/test/data/319b119c/MiniRaftClusterWithSimulatedRpcfa39f97c/s3/01e70f5d-948f-472b-b639-06c30086aea1/current/raft-meta.conf.tmp with options [CREATE, TRUNCATE_EXISTING, WRITE]: sun.nio.ch.FileChannelImpl@ecde536
2025-10-10 11:52:55,109 [HandlerDaemon-1] DEBUG server.RaftServer$Division (RaftServerImpl.java:logAppendEntries(1537)) - s4@group-06C30086AEA1: appendEntries* s2->s4#116-t1,previous=(t:1, i:2),leaderCommit=1,initializing? false,entries: size=1, first=(t:1, i:3), CONFIGURATIONENTRY(current:id:"s3"startupRole:FOLLOWER, id:"s4"startupRole:FOLLOWER, id:"s0"startupRole:FOLLOWER, id:"s1"startupRole:FOLLOWER, id:"s2"startupRole:FOLLOWER, old:)
2025-10-10 11:52:55,109 [HandlerDaemon-1] INFO  server.RaftServer$Division (ServerState.java:setRaftConf(392)) - s4@group-06C30086AEA1: set configuration conf: {index: 3, cur=peers:[s3|, s4|, s0|, s1|, s2|]|listeners:[], old=null}
2025-10-10 11:52:55,109 [s0@group-06C30086AEA1-StateMachineUpdater] TRACE util.FileUtils (LogUtils.java:runAndLog(49)) - Successfully ran Atomic Files.move /home/runner/work/ratis/ratis/ratis-test/target/test/data/319b119c/MiniRaftClusterWithSimulatedRpcfa39f97c/s0/01e70f5d-948f-472b-b639-06c30086aea1/current/raft-meta.conf.tmp to /home/runner/work/ratis/ratis/ratis-test/target/test/data/319b119c/MiniRaftClusterWithSimulatedRpcfa39f97c/s0/01e70f5d-948f-472b-b639-06c30086aea1/current/raft-meta.conf with options [REPLACE_EXISTING]
2025-10-10 11:52:55,110 [s1-server-thread1] DEBUG server.RaftServer$Division (RaftServerImpl.java:logAppendEntries(1537)) - s1@group-06C30086AEA1: appendEntries* reply s2<-s1#113:OK-t1,SUCCESS,nextIndex=3,followerCommit=1,matchIndex=2
2025-10-10 11:52:55,110 [s4@group-06C30086AEA1-StateMachineUpdater] TRACE util.FileUtils (LogUtils.java:runAndLog(49)) - Successfully ran Atomic Files.move /home/runner/work/ratis/ratis/ratis-test/target/test/data/319b119c/MiniRaftClusterWithSimulatedRpcfa39f97c/s4/01e70f5d-948f-472b-b639-06c30086aea1/current/raft-meta.conf.tmp to /home/runner/work/ratis/ratis/ratis-test/target/test/data/319b119c/MiniRaftClusterWithSimulatedRpcfa39f97c/s4/01e70f5d-948f-472b-b639-06c30086aea1/current/raft-meta.conf with options [REPLACE_EXISTING]
2025-10-10 11:52:55,110 [s3@group-06C30086AEA1-StateMachineUpdater] TRACE util.FileUtils (LogUtils.java:runAndLog(49)) - Successfully ran Atomic Files.move /home/runner/work/ratis/ratis/ratis-test/target/test/data/319b119c/MiniRaftClusterWithSimulatedRpcfa39f97c/s3/01e70f5d-948f-472b-b639-06c30086aea1/current/raft-meta.conf.tmp to /home/runner/work/ratis/ratis/ratis-test/target/test/data/319b119c/MiniRaftClusterWithSimulatedRpcfa39f97c/s3/01e70f5d-948f-472b-b639-06c30086aea1/current/raft-meta.conf with options [REPLACE_EXISTING]
2025-10-10 11:52:55,110 [s4-server-thread1] DEBUG server.RaftServer$Division (RaftServerImpl.java:logAppendEntries(1537)) - s4@group-06C30086AEA1: appendEntries* reply s2<-s4#116:OK-t1,SUCCESS,nextIndex=4,followerCommit=1,matchIndex=3
2025-10-10 11:52:55,110 [s1@group-06C30086AEA1-StateMachineUpdater] TRACE util.FileUtils (LogUtils.java:supplyAndLog(69)) - Successfully supplied FileChannel.open /home/runner/work/ratis/ratis/ratis-test/target/test/data/319b119c/MiniRaftClusterWithSimulatedRpcfa39f97c/s1/01e70f5d-948f-472b-b639-06c30086aea1/current/raft-meta.conf.tmp with options [CREATE, TRUNCATE_EXISTING, WRITE]: sun.nio.ch.FileChannelImpl@74a954b5
2025-10-10 11:52:55,112 [s2@group-06C30086AEA1-StateMachineUpdater] TRACE util.FileUtils (LogUtils.java:supplyAndLog(69)) - Successfully supplied FileChannel.open /home/runner/work/ratis/ratis/ratis-test/target/test/data/319b119c/MiniRaftClusterWithSimulatedRpcfa39f97c/s2/01e70f5d-948f-472b-b639-06c30086aea1/current/raft-meta.conf.tmp with options [CREATE, TRUNCATE_EXISTING, WRITE]: sun.nio.ch.FileChannelImpl@84a091c
2025-10-10 11:52:55,112 [HandlerDaemon-1] DEBUG server.RaftServer$Division (RaftServerImpl.java:logAppendEntries(1537)) - s3@group-06C30086AEA1: appendEntries* s2->s3#117-t1,previous=(t:1, i:2),leaderCommit=2,initializing? false,entries: size=1, first=(t:1, i:3), CONFIGURATIONENTRY(current:id:"s3"startupRole:FOLLOWER, id:"s4"startupRole:FOLLOWER, id:"s0"startupRole:FOLLOWER, id:"s1"startupRole:FOLLOWER, id:"s2"startupRole:FOLLOWER, old:)
2025-10-10 11:52:55,112 [HandlerDaemon-1] DEBUG server.RaftServer$Division (RaftServerImpl.java:logAppendEntries(1537)) - s4@group-06C30086AEA1: appendEntries* s2->s4#118-t1,previous=(t:1, i:3),leaderCommit=3,initializing? false,entries: size=1, first=(t:1, i:4), METADATAENTRY(c:3)
2025-10-10 11:52:55,112 [HandlerDaemon-1] INFO  server.RaftServer$Division (ServerState.java:setRaftConf(392)) - s3@group-06C30086AEA1: set configuration conf: {index: 3, cur=peers:[s3|, s4|, s0|, s1|, s2|]|listeners:[], old=null}
2025-10-10 11:52:55,113 [s1@group-06C30086AEA1-StateMachineUpdater] TRACE util.FileUtils (LogUtils.java:runAndLog(49)) - Successfully ran Atomic Files.move /home/runner/work/ratis/ratis/ratis-test/target/test/data/319b119c/MiniRaftClusterWithSimulatedRpcfa39f97c/s1/01e70f5d-948f-472b-b639-06c30086aea1/current/raft-meta.conf.tmp to /home/runner/work/ratis/ratis/ratis-test/target/test/data/319b119c/MiniRaftClusterWithSimulatedRpcfa39f97c/s1/01e70f5d-948f-472b-b639-06c30086aea1/current/raft-meta.conf with options [REPLACE_EXISTING]
2025-10-10 11:52:55,113 [HandlerDaemon-2] DEBUG server.RaftServer$Division (RaftServerImpl.java:logAppendEntries(1537)) - s1@group-06C30086AEA1: appendEntries* s2->s1#120-t1,previous=(t:1, i:2),leaderCommit=3,initializing? false,entries: size=2, first=(t:1, i:3), CONFIGURATIONENTRY(current:id:"s3"startupRole:FOLLOWER, id:"s4"startupRole:FOLLOWER, id:"s0"startupRole:FOLLOWER, id:"s1"startupRole:FOLLOWER, id:"s2"startupRole:FOLLOWER, old:)
2025-10-10 11:52:55,113 [HandlerDaemon-2] DEBUG server.RaftServer$Division (RaftServerImpl.java:logAppendEntries(1537)) - s0@group-06C30086AEA1: appendEntries* s2->s0#119-t1,previous=(t:1, i:3),leaderCommit=3,initializing? false,entries: size=1, first=(t:1, i:4), METADATAENTRY(c:3)
2025-10-10 11:52:55,113 [HandlerDaemon-2] INFO  server.RaftServer$Division (ServerState.java:setRaftConf(392)) - s1@group-06C30086AEA1: set configuration conf: {index: 3, cur=peers:[s3|, s4|, s0|, s1|, s2|]|listeners:[], old=null}
2025-10-10 11:52:55,114 [main] DEBUG client.RaftClient (RaftClientImpl.java:add(146)) - client-D4D19EC0B784: add replied callId 101
2025-10-10 11:52:55,114 [s2@group-06C30086AEA1-StateMachineUpdater] TRACE util.FileUtils (LogUtils.java:runAndLog(49)) - Successfully ran Atomic Files.move /home/runner/work/ratis/ratis/ratis-test/target/test/data/319b119c/MiniRaftClusterWithSimulatedRpcfa39f97c/s2/01e70f5d-948f-472b-b639-06c30086aea1/current/raft-meta.conf.tmp to /home/runner/work/ratis/ratis/ratis-test/target/test/data/319b119c/MiniRaftClusterWithSimulatedRpcfa39f97c/s2/01e70f5d-948f-472b-b639-06c30086aea1/current/raft-meta.conf with options [REPLACE_EXISTING]
2025-10-10 11:52:55,114 [s4-server-thread1] DEBUG server.RaftServer$Division (RaftServerImpl.java:logAppendEntries(1537)) - s4@group-06C30086AEA1: appendEntries* reply s2<-s4#118:OK-t1,SUCCESS,nextIndex=5,followerCommit=3,matchIndex=4
2025-10-10 11:52:55,114 [s4@group-06C30086AEA1-StateMachineUpdater] TRACE util.FileUtils (LogUtils.java:supplyAndLog(69)) - Successfully supplied FileChannel.open /home/runner/work/ratis/ratis/ratis-test/target/test/data/319b119c/MiniRaftClusterWithSimulatedRpcfa39f97c/s4/01e70f5d-948f-472b-b639-06c30086aea1/current/raft-meta.conf.tmp with options [CREATE, TRUNCATE_EXISTING, WRITE]: sun.nio.ch.FileChannelImpl@25447d8
2025-10-10 11:52:55,115 [s0-server-thread1] DEBUG server.RaftServer$Division (RaftServerImpl.java:logAppendEntries(1537)) - s0@group-06C30086AEA1: appendEntries* reply s2<-s0#119:OK-t1,SUCCESS,nextIndex=5,followerCommit=3,matchIndex=4
2025-10-10 11:52:55,116 [s1-server-thread1] DEBUG server.RaftServer$Division (RaftServerImpl.java:logAppendEntries(1537)) - s1@group-06C30086AEA1: appendEntries* reply s2<-s1#120:OK-t1,SUCCESS,nextIndex=5,followerCommit=3,matchIndex=4
2025-10-10 11:52:55,116 [s1@group-06C30086AEA1-StateMachineUpdater] TRACE util.FileUtils (LogUtils.java:supplyAndLog(69)) - Successfully supplied FileChannel.open /home/runner/work/ratis/ratis/ratis-test/target/test/data/319b119c/MiniRaftClusterWithSimulatedRpcfa39f97c/s1/01e70f5d-948f-472b-b639-06c30086aea1/current/raft-meta.conf.tmp with options [CREATE, TRUNCATE_EXISTING, WRITE]: sun.nio.ch.FileChannelImpl@7096cef8
2025-10-10 11:52:55,116 [s4@group-06C30086AEA1-StateMachineUpdater] TRACE util.FileUtils (LogUtils.java:runAndLog(49)) - Successfully ran Atomic Files.move /home/runner/work/ratis/ratis/ratis-test/target/test/data/319b119c/MiniRaftClusterWithSimulatedRpcfa39f97c/s4/01e70f5d-948f-472b-b639-06c30086aea1/current/raft-meta.conf.tmp to /home/runner/work/ratis/ratis/ratis-test/target/test/data/319b119c/MiniRaftClusterWithSimulatedRpcfa39f97c/s4/01e70f5d-948f-472b-b639-06c30086aea1/current/raft-meta.conf with options [REPLACE_EXISTING]
2025-10-10 11:52:55,115 [s3-server-thread1] DEBUG server.RaftServer$Division (RaftServerImpl.java:logAppendEntries(1537)) - s3@group-06C30086AEA1: appendEntries* reply s2<-s3#117:OK-t1,SUCCESS,nextIndex=4,followerCommit=2,matchIndex=3
2025-10-10 11:52:55,117 [s1@group-06C30086AEA1-StateMachineUpdater] TRACE util.FileUtils (LogUtils.java:runAndLog(49)) - Successfully ran Atomic Files.move /home/runner/work/ratis/ratis/ratis-test/target/test/data/319b119c/MiniRaftClusterWithSimulatedRpcfa39f97c/s1/01e70f5d-948f-472b-b639-06c30086aea1/current/raft-meta.conf.tmp to /home/runner/work/ratis/ratis/ratis-test/target/test/data/319b119c/MiniRaftClusterWithSimulatedRpcfa39f97c/s1/01e70f5d-948f-472b-b639-06c30086aea1/current/raft-meta.conf with options [REPLACE_EXISTING]
2025-10-10 11:52:55,118 [main] DEBUG client.RaftClient (RaftClientImpl.java:close(465)) - close client-D4D19EC0B784
2025-10-10 11:52:55,116 [s0@group-06C30086AEA1-StateMachineUpdater] TRACE util.FileUtils (LogUtils.java:supplyAndLog(69)) - Successfully supplied FileChannel.open /home/runner/work/ratis/ratis/ratis-test/target/test/data/319b119c/MiniRaftClusterWithSimulatedRpcfa39f97c/s0/01e70f5d-948f-472b-b639-06c30086aea1/current/raft-meta.conf.tmp with options [CREATE, TRUNCATE_EXISTING, WRITE]: sun.nio.ch.FileChannelImpl@bc3a1a8
2025-10-10 11:52:55,119 [main] INFO  ratis.RaftTestUtil (RaftTestUtil.java:waitForLeader(107)) - printing ALL groups
  s3:  RUNNING [
   FOLLOWER (RUNNING): s3@group-06C30086AEA1:t1, leader=s2, voted=null, raftlog=Memoized:s3@group-06C30086AEA1-SegmentedRaftLog:OPENED:c2:last(t:1, i:3), conf=conf: {index: 3, cur=peers:[s3|, s4|, s0|, s1|, s2|]|listeners:[], old=null}
   FOLLOWER (STARTING): s3@group-A760254FE168:t0, leader=null, voted=, raftlog=Memoized:s3@group-A760254FE168-SegmentedRaftLog:OPENED:c-1:lastnull, conf=conf: {index: -1, cur=peers:[]|listeners:[], old=null}] size=2
  s4:  RUNNING [
   FOLLOWER (RUNNING): s4@group-06C30086AEA1:t1, leader=s2, voted=null, raftlog=Memoized:s4@group-06C30086AEA1-SegmentedRaftLog:OPENED:c3:last(t:1, i:4), conf=conf: {index: 3, cur=peers:[s3|, s4|, s0|, s1|, s2|]|listeners:[], old=null}
   FOLLOWER (STARTING): s4@group-A760254FE168:t0, leader=null, voted=, raftlog=Memoized:s4@group-A760254FE168-SegmentedRaftLog:OPENED:c-1:lastnull, conf=conf: {index: -1, cur=peers:[]|listeners:[], old=null}] size=2
  s0:  RUNNING [
   FOLLOWER (RUNNING): s0@group-06C30086AEA1:t1, leader=s2, voted=s2, raftlog=Memoized:s0@group-06C30086AEA1-SegmentedRaftLog:OPENED:c3:last(t:1, i:4), conf=conf: {index: 3, cur=peers:[s3|, s4|, s0|, s1|, s2|]|listeners:[], old=null}
   FOLLOWER (STARTING): s0@group-A760254FE168:t0, leader=null, voted=, raftlog=Memoized:s0@group-A760254FE168-SegmentedRaftLog:OPENED:c-1:lastnull, conf=conf: {index: -1, cur=peers:[]|listeners:[], old=null}] size=2
  s1:  RUNNING [
   FOLLOWER (RUNNING): s1@group-06C30086AEA1:t1, leader=s2, voted=s2, raftlog=Memoized:s1@group-06C30086AEA1-SegmentedRaftLog:OPENED:c3:last(t:1, i:4), conf=conf: {index: 3, cur=peers:[s3|, s4|, s0|, s1|, s2|]|listeners:[], old=null}
   FOLLOWER (STARTING): s1@group-A760254FE168:t0, leader=null, voted=, raftlog=Memoized:s1@group-A760254FE168-SegmentedRaftLog:OPENED:c-1:lastnull, conf=conf: {index: -1, cur=peers:[]|listeners:[], old=null}] size=2
  s2:  RUNNING [
     LEADER (RUNNING): s2@group-06C30086AEA1:t1, leader=s2, voted=s2, raftlog=Memoized:s2@group-06C30086AEA1-SegmentedRaftLog:OPENED:c4:last(t:1, i:4), conf=conf: {index: 3, cur=peers:[s3, s4, s0, s1, s2]|listeners:[], old=null}
   FOLLOWER (STARTING): s2@group-A760254FE168:t0, leader=null, voted=, raftlog=Memoized:s2@group-A760254FE168-SegmentedRaftLog:OPENED:c-1:lastnull, conf=conf: {index: -1, cur=peers:[]|listeners:[], old=null}] size=2
2025-10-10 11:52:55,119 [HandlerDaemon-2] DEBUG server.RaftServer$Division (RaftServerImpl.java:logAppendEntries(1537)) - s3@group-06C30086AEA1: appendEntries* s2->s3#121-t1,previous=(t:1, i:3),leaderCommit=4,initializing? false,entries: size=1, first=(t:1, i:4), METADATAENTRY(c:3)
2025-10-10 11:52:55,119 [s0@group-06C30086AEA1-StateMachineUpdater] TRACE util.FileUtils (LogUtils.java:runAndLog(49)) - Successfully ran Atomic Files.move /home/runner/work/ratis/ratis/ratis-test/target/test/data/319b119c/MiniRaftClusterWithSimulatedRpcfa39f97c/s0/01e70f5d-948f-472b-b639-06c30086aea1/current/raft-meta.conf.tmp to /home/runner/work/ratis/ratis/ratis-test/target/test/data/319b119c/MiniRaftClusterWithSimulatedRpcfa39f97c/s0/01e70f5d-948f-472b-b639-06c30086aea1/current/raft-meta.conf with options [REPLACE_EXISTING]
2025-10-10 11:52:55,120 [main] INFO  ratis.RaftTestUtil (RaftTestUtil.java:waitForLeader(131)) - printing ALL groups
  s3:  RUNNING [
   FOLLOWER (RUNNING): s3@group-06C30086AEA1:t1, leader=s2, voted=null, raftlog=Memoized:s3@group-06C30086AEA1-SegmentedRaftLog:OPENED:c2:last(t:1, i:3), conf=conf: {index: 3, cur=peers:[s3|, s4|, s0|, s1|, s2|]|listeners:[], old=null}
   FOLLOWER (STARTING): s3@group-A760254FE168:t0, leader=null, voted=, raftlog=Memoized:s3@group-A760254FE168-SegmentedRaftLog:OPENED:c-1:lastnull, conf=conf: {index: -1, cur=peers:[]|listeners:[], old=null}] size=2
  s4:  RUNNING [
   FOLLOWER (RUNNING): s4@group-06C30086AEA1:t1, leader=s2, voted=null, raftlog=Memoized:s4@group-06C30086AEA1-SegmentedRaftLog:OPENED:c3:last(t:1, i:4), conf=conf: {index: 3, cur=peers:[s3|, s4|, s0|, s1|, s2|]|listeners:[], old=null}
   FOLLOWER (STARTING): s4@group-A760254FE168:t0, leader=null, voted=, raftlog=Memoized:s4@group-A760254FE168-SegmentedRaftLog:OPENED:c-1:lastnull, conf=conf: {index: -1, cur=peers:[]|listeners:[], old=null}] size=2
  s0:  RUNNING [
   FOLLOWER (RUNNING): s0@group-06C30086AEA1:t1, leader=s2, voted=s2, raftlog=Memoized:s0@group-06C30086AEA1-SegmentedRaftLog:OPENED:c3:last(t:1, i:4), conf=conf: {index: 3, cur=peers:[s3|, s4|, s0|, s1|, s2|]|listeners:[], old=null}
   FOLLOWER (STARTING): s0@group-A760254FE168:t0, leader=null, voted=, raftlog=Memoized:s0@group-A760254FE168-SegmentedRaftLog:OPENED:c-1:lastnull, conf=conf: {index: -1, cur=peers:[]|listeners:[], old=null}] size=2
  s1:  RUNNING [
   FOLLOWER (RUNNING): s1@group-06C30086AEA1:t1, leader=s2, voted=s2, raftlog=Memoized:s1@group-06C30086AEA1-SegmentedRaftLog:OPENED:c3:last(t:1, i:4), conf=conf: {index: 3, cur=peers:[s3|, s4|, s0|, s1|, s2|]|listeners:[], old=null}
   FOLLOWER (STARTING): s1@group-A760254FE168:t0, leader=null, voted=, raftlog=Memoized:s1@group-A760254FE168-SegmentedRaftLog:OPENED:c-1:lastnull, conf=conf: {index: -1, cur=peers:[]|listeners:[], old=null}] size=2
  s2:  RUNNING [
     LEADER (RUNNING): s2@group-06C30086AEA1:t1, leader=s2, voted=s2, raftlog=Memoized:s2@group-06C30086AEA1-SegmentedRaftLog:OPENED:c4:last(t:1, i:4), conf=conf: {index: 3, cur=peers:[s3, s4, s0, s1, s2]|listeners:[], old=null}
   FOLLOWER (STARTING): s2@group-A760254FE168:t0, leader=null, voted=, raftlog=Memoized:s2@group-A760254FE168-SegmentedRaftLog:OPENED:c-1:lastnull, conf=conf: {index: -1, cur=peers:[]|listeners:[], old=null}] size=2
2025-10-10 11:52:55,120 [main] INFO  impl.GroupManagementBaseTest (GroupManagementBaseTest.java:runMultiGroupTest(340)) - update groups: printing ALL groups
  s3:  RUNNING [
   FOLLOWER (RUNNING): s3@group-06C30086AEA1:t1, leader=s2, voted=null, raftlog=Memoized:s3@group-06C30086AEA1-SegmentedRaftLog:OPENED:c2:last(t:1, i:4), conf=conf: {index: 3, cur=peers:[s3|, s4|, s0|, s1|, s2|]|listeners:[], old=null}
   FOLLOWER (STARTING): s3@group-A760254FE168:t0, leader=null, voted=, raftlog=Memoized:s3@group-A760254FE168-SegmentedRaftLog:OPENED:c-1:lastnull, conf=conf: {index: -1, cur=peers:[]|listeners:[], old=null}] size=2
  s4:  RUNNING [
   FOLLOWER (RUNNING): s4@group-06C30086AEA1:t1, leader=s2, voted=null, raftlog=Memoized:s4@group-06C30086AEA1-SegmentedRaftLog:OPENED:c3:last(t:1, i:4), conf=conf: {index: 3, cur=peers:[s3|, s4|, s0|, s1|, s2|]|listeners:[], old=null}
   FOLLOWER (STARTING): s4@group-A760254FE168:t0, leader=null, voted=, raftlog=Memoized:s4@group-A760254FE168-SegmentedRaftLog:OPENED:c-1:lastnull, conf=conf: {index: -1, cur=peers:[]|listeners:[], old=null}] size=2
  s0:  RUNNING [
   FOLLOWER (RUNNING): s0@group-06C30086AEA1:t1, leader=s2, voted=s2, raftlog=Memoized:s0@group-06C30086AEA1-SegmentedRaftLog:OPENED:c3:last(t:1, i:4), conf=conf: {index: 3, cur=peers:[s3|, s4|, s0|, s1|, s2|]|listeners:[], old=null}
   FOLLOWER (STARTING): s0@group-A760254FE168:t0, leader=null, voted=, raftlog=Memoized:s0@group-A760254FE168-SegmentedRaftLog:OPENED:c-1:lastnull, conf=conf: {index: -1, cur=peers:[]|listeners:[], old=null}] size=2
  s1:  RUNNING [
   FOLLOWER (RUNNING): s1@group-06C30086AEA1:t1, leader=s2, voted=s2, raftlog=Memoized:s1@group-06C30086AEA1-SegmentedRaftLog:OPENED:c3:last(t:1, i:4), conf=conf: {index: 3, cur=peers:[s3|, s4|, s0|, s1|, s2|]|listeners:[], old=null}
   FOLLOWER (STARTING): s1@group-A760254FE168:t0, leader=null, voted=, raftlog=Memoized:s1@group-A760254FE168-SegmentedRaftLog:OPENED:c-1:lastnull, conf=conf: {index: -1, cur=peers:[]|listeners:[], old=null}] size=2
  s2:  RUNNING [
     LEADER (RUNNING): s2@group-06C30086AEA1:t1, leader=s2, voted=s2, raftlog=Memoized:s2@group-06C30086AEA1-SegmentedRaftLog:OPENED:c4:last(t:1, i:4), conf=conf: {index: 3, cur=peers:[s3, s4, s0, s1, s2]|listeners:[], old=null}
   FOLLOWER (STARTING): s2@group-A760254FE168:t0, leader=null, voted=, raftlog=Memoized:s2@group-A760254FE168-SegmentedRaftLog:OPENED:c-1:lastnull, conf=conf: {index: -1, cur=peers:[]|listeners:[], old=null}] size=2
| MiniRaftClusterWithSimulatedRpc[3, 4, 5]chosen=0 | update groups | 113 |
2025-10-10 11:52:55,121 [s3@group-06C30086AEA1-StateMachineUpdater] TRACE util.FileUtils (LogUtils.java:supplyAndLog(69)) - Successfully supplied FileChannel.open /home/runner/work/ratis/ratis/ratis-test/target/test/data/319b119c/MiniRaftClusterWithSimulatedRpcfa39f97c/s3/01e70f5d-948f-472b-b639-06c30086aea1/current/raft-meta.conf.tmp with options [CREATE, TRUNCATE_EXISTING, WRITE]: sun.nio.ch.FileChannelImpl@af26037
2025-10-10 11:52:55,120 [s3-server-thread1] DEBUG server.RaftServer$Division (RaftServerImpl.java:logAppendEntries(1537)) - s3@group-06C30086AEA1: appendEntries* reply s2<-s3#121:OK-t1,SUCCESS,nextIndex=5,followerCommit=4,matchIndex=4
2025-10-10 11:52:55,121 [main] INFO  impl.MiniRaftCluster (MiniRaftCluster.java:shutdown(793)) - ************************************************************** 
2025-10-10 11:52:55,121 [main] INFO  impl.MiniRaftCluster (MiniRaftCluster.java:shutdown(794)) - *** 
2025-10-10 11:52:55,121 [main] INFO  impl.MiniRaftCluster (MiniRaftCluster.java:shutdown(795)) - ***     Stopping MiniRaftClusterWithSimulatedRpc
2025-10-10 11:52:55,121 [main] INFO  impl.MiniRaftCluster (MiniRaftCluster.java:shutdown(796)) - *** 
2025-10-10 11:52:55,121 [main] INFO  impl.MiniRaftCluster (MiniRaftCluster.java:shutdown(797)) - ************************************************************** 
2025-10-10 11:52:55,121 [s3@group-06C30086AEA1-StateMachineUpdater] TRACE util.FileUtils (LogUtils.java:runAndLog(49)) - Successfully ran Atomic Files.move /home/runner/work/ratis/ratis/ratis-test/target/test/data/319b119c/MiniRaftClusterWithSimulatedRpcfa39f97c/s3/01e70f5d-948f-472b-b639-06c30086aea1/current/raft-meta.conf.tmp to /home/runner/work/ratis/ratis/ratis-test/target/test/data/319b119c/MiniRaftClusterWithSimulatedRpcfa39f97c/s3/01e70f5d-948f-472b-b639-06c30086aea1/current/raft-meta.conf with options [REPLACE_EXISTING]
2025-10-10 11:52:55,122 [main] INFO  impl.MiniRaftCluster (MiniRaftCluster.java:shutdown(798)) - printing ALL groups
  s3:  RUNNING [
   FOLLOWER (RUNNING): s3@group-06C30086AEA1:t1, leader=s2, voted=null, raftlog=Memoized:s3@group-06C30086AEA1-SegmentedRaftLog:OPENED:c4:last(t:1, i:4), conf=conf: {index: 3, cur=peers:[s3|, s4|, s0|, s1|, s2|]|listeners:[], old=null}
   FOLLOWER (STARTING): s3@group-A760254FE168:t0, leader=null, voted=, raftlog=Memoized:s3@group-A760254FE168-SegmentedRaftLog:OPENED:c-1:lastnull, conf=conf: {index: -1, cur=peers:[]|listeners:[], old=null}] size=2
  s4:  RUNNING [
   FOLLOWER (RUNNING): s4@group-06C30086AEA1:t1, leader=s2, voted=null, raftlog=Memoized:s4@group-06C30086AEA1-SegmentedRaftLog:OPENED:c3:last(t:1, i:4), conf=conf: {index: 3, cur=peers:[s3|, s4|, s0|, s1|, s2|]|listeners:[], old=null}
   FOLLOWER (STARTING): s4@group-A760254FE168:t0, leader=null, voted=, raftlog=Memoized:s4@group-A760254FE168-SegmentedRaftLog:OPENED:c-1:lastnull, conf=conf: {index: -1, cur=peers:[]|listeners:[], old=null}] size=2
  s0:  RUNNING [
   FOLLOWER (RUNNING): s0@group-06C30086AEA1:t1, leader=s2, voted=s2, raftlog=Memoized:s0@group-06C30086AEA1-SegmentedRaftLog:OPENED:c3:last(t:1, i:4), conf=conf: {index: 3, cur=peers:[s3|, s4|, s0|, s1|, s2|]|listeners:[], old=null}
   FOLLOWER (STARTING): s0@group-A760254FE168:t0, leader=null, voted=, raftlog=Memoized:s0@group-A760254FE168-SegmentedRaftLog:OPENED:c-1:lastnull, conf=conf: {index: -1, cur=peers:[]|listeners:[], old=null}] size=2
  s1:  RUNNING [
   FOLLOWER (RUNNING): s1@group-06C30086AEA1:t1, leader=s2, voted=s2, raftlog=Memoized:s1@group-06C30086AEA1-SegmentedRaftLog:OPENED:c3:last(t:1, i:4), conf=conf: {index: 3, cur=peers:[s3|, s4|, s0|, s1|, s2|]|listeners:[], old=null}
   FOLLOWER (STARTING): s1@group-A760254FE168:t0, leader=null, voted=, raftlog=Memoized:s1@group-A760254FE168-SegmentedRaftLog:OPENED:c-1:lastnull, conf=conf: {index: -1, cur=peers:[]|listeners:[], old=null}] size=2
  s2:  RUNNING [
     LEADER (RUNNING): s2@group-06C30086AEA1:t1, leader=s2, voted=s2, raftlog=Memoized:s2@group-06C30086AEA1-SegmentedRaftLog:OPENED:c4:last(t:1, i:4), conf=conf: {index: 3, cur=peers:[s3, s4, s0, s1, s2]|listeners:[], old=null}
   FOLLOWER (STARTING): s2@group-A760254FE168:t0, leader=null, voted=, raftlog=Memoized:s2@group-A760254FE168-SegmentedRaftLog:OPENED:c-1:lastnull, conf=conf: {index: -1, cur=peers:[]|listeners:[], old=null}] size=2
2025-10-10 11:52:55,122 [MiniRaftCluster-8] INFO  server.RaftServer (RaftServerProxy.java:lambda$close$9(425)) - s3: close
2025-10-10 11:52:55,123 [MiniRaftCluster-9] INFO  server.RaftServer (RaftServerProxy.java:lambda$close$9(425)) - s4: close
2025-10-10 11:52:55,123 [MiniRaftCluster-10] INFO  server.RaftServer (RaftServerProxy.java:lambda$close$9(425)) - s0: close
2025-10-10 11:52:55,123 [MiniRaftCluster-11] INFO  server.RaftServer (RaftServerProxy.java:lambda$close$9(425)) - s1: close
2025-10-10 11:52:55,123 [s4-impl-thread1] INFO  server.RaftServer$Division (RaftServerImpl.java:lambda$close$1(528)) - s4@group-06C30086AEA1: shutdown
2025-10-10 11:52:55,123 [s3-impl-thread1] INFO  server.RaftServer$Division (RaftServerImpl.java:lambda$close$1(528)) - s3@group-06C30086AEA1: shutdown
2025-10-10 11:52:55,123 [s3-impl-thread1] INFO  util.JmxRegister (JmxRegister.java:unregister(74)) - Successfully un-registered JMX Bean with object name Ratis:service=RaftServer,group=group-06C30086AEA1,id=s3
2025-10-10 11:52:55,124 [s3-impl-thread1] INFO  impl.RoleInfo (RoleInfo.java:shutdownFollowerState(121)) - s3: shutdown s3@group-06C30086AEA1-FollowerState
2025-10-10 11:52:55,124 [s3-impl-thread1] INFO  impl.StateMachineUpdater (StateMachineUpdater.java:stopAndJoin(163)) - s3@group-06C30086AEA1-StateMachineUpdater: set stopIndex = 4
2025-10-10 11:52:55,123 [MiniRaftCluster-12] INFO  server.RaftServer (RaftServerProxy.java:lambda$close$9(425)) - s2: close
2025-10-10 11:52:55,124 [s3@group-06C30086AEA1-StateMachineUpdater] INFO  impl.StateMachineUpdater (StateMachineUpdater.java:stop(140)) - s3@group-06C30086AEA1-StateMachineUpdater: closing BaseStateMachine, lastApplied=(t:1, i:4)
2025-10-10 11:52:55,124 [s3-impl-thread2] INFO  server.RaftServer$Division (RaftServerImpl.java:lambda$close$1(528)) - s3@group-A760254FE168: shutdown
2025-10-10 11:52:55,124 [s1-impl-thread1] INFO  server.RaftServer$Division (RaftServerImpl.java:lambda$close$1(528)) - s1@group-06C30086AEA1: shutdown
2025-10-10 11:52:55,125 [HandlerDaemon-0] INFO  simulation.RequestHandler (RequestHandler.java:run(127)) - s3.clientHandler0 is interrupted by java.io.InterruptedIOException: 
2025-10-10 11:52:55,124 [s3@group-06C30086AEA1-FollowerState] INFO  impl.FollowerState (FollowerState.java:runImpl(170)) - s3@group-06C30086AEA1-FollowerState was interrupted
2025-10-10 11:52:55,125 [s1-impl-thread1] INFO  util.JmxRegister (JmxRegister.java:unregister(74)) - Successfully un-registered JMX Bean with object name Ratis:service=RaftServer,group=group-06C30086AEA1,id=s1
2025-10-10 11:52:55,125 [s1-impl-thread1] INFO  impl.RoleInfo (RoleInfo.java:shutdownFollowerState(121)) - s1: shutdown s1@group-06C30086AEA1-FollowerState
2025-10-10 11:52:55,125 [HandlerDaemon-0] INFO  simulation.RequestHandler (RequestHandler.java:run(127)) - s0.clientHandler0 is interrupted by java.io.InterruptedIOException: 
2025-10-10 11:52:55,125 [s1-impl-thread1] INFO  impl.StateMachineUpdater (StateMachineUpdater.java:stopAndJoin(163)) - s1@group-06C30086AEA1-StateMachineUpdater: set stopIndex = 3
2025-10-10 11:52:55,124 [HandlerDaemon-0] INFO  simulation.RequestHandler (RequestHandler.java:run(127)) - s4.clientHandler0 is interrupted by java.io.InterruptedIOException: 
2025-10-10 11:52:55,125 [HandlerDaemon-2] INFO  simulation.RequestHandler (RequestHandler.java:run(127)) - s0.clientHandler2 is interrupted by java.io.InterruptedIOException: 
2025-10-10 11:52:55,125 [s1@group-06C30086AEA1-StateMachineUpdater] INFO  impl.StateMachineUpdater (StateMachineUpdater.java:stop(140)) - s1@group-06C30086AEA1-StateMachineUpdater: closing BaseStateMachine, lastApplied=(t:1, i:3)
2025-10-10 11:52:55,125 [HandlerDaemon-1] INFO  simulation.RequestHandler (RequestHandler.java:run(127)) - s4.clientHandler1 is interrupted by java.io.InterruptedIOException: 
2025-10-10 11:52:55,123 [s0-impl-thread1] INFO  server.RaftServer$Division (RaftServerImpl.java:lambda$close$1(528)) - s0@group-06C30086AEA1: shutdown
2025-10-10 11:52:55,125 [s1@group-06C30086AEA1-cacheEviction-AwaitToRun] INFO  util.AwaitToRun (AwaitToRun.java:run(49)) - s1@group-06C30086AEA1-cacheEviction-AwaitToRun-AwaitForSignal is interrupted
2025-10-10 11:52:55,123 [s4-impl-thread1] INFO  util.JmxRegister (JmxRegister.java:unregister(74)) - Successfully un-registered JMX Bean with object name Ratis:service=RaftServer,group=group-06C30086AEA1,id=s4
2025-10-10 11:52:55,126 [s4-impl-thread1] INFO  impl.RoleInfo (RoleInfo.java:shutdownFollowerState(121)) - s4: shutdown s4@group-06C30086AEA1-FollowerState
2025-10-10 11:52:55,125 [s0-impl-thread1] INFO  util.JmxRegister (JmxRegister.java:unregister(74)) - Successfully un-registered JMX Bean with object name Ratis:service=RaftServer,group=group-06C30086AEA1,id=s0
2025-10-10 11:52:55,126 [s0-impl-thread1] INFO  impl.RoleInfo (RoleInfo.java:shutdownFollowerState(121)) - s0: shutdown s0@group-06C30086AEA1-FollowerState
2025-10-10 11:52:55,126 [s0-impl-thread1] INFO  impl.StateMachineUpdater (StateMachineUpdater.java:stopAndJoin(163)) - s0@group-06C30086AEA1-StateMachineUpdater: set stopIndex = 3
2025-10-10 11:52:55,125 [s1@group-06C30086AEA1-FollowerState] INFO  impl.FollowerState (FollowerState.java:runImpl(170)) - s1@group-06C30086AEA1-FollowerState was interrupted
2025-10-10 11:52:55,126 [HandlerDaemon-0] INFO  simulation.RequestHandler (RequestHandler.java:run(127)) - s1.clientHandler0 is interrupted by java.io.InterruptedIOException: 
2025-10-10 11:52:55,126 [s0@group-06C30086AEA1-FollowerState] INFO  impl.FollowerState (FollowerState.java:runImpl(170)) - s0@group-06C30086AEA1-FollowerState was interrupted
2025-10-10 11:52:55,125 [HandlerDaemon-1] INFO  simulation.RequestHandler (RequestHandler.java:run(127)) - s0.clientHandler1 is interrupted by java.io.InterruptedIOException: 
2025-10-10 11:52:55,127 [HandlerDaemon-0] INFO  simulation.RequestHandler (RequestHandler.java:run(127)) - s2.clientHandler0 is interrupted by java.io.InterruptedIOException: 
2025-10-10 11:52:55,125 [HandlerDaemon-2] INFO  simulation.RequestHandler (RequestHandler.java:run(127)) - s4.clientHandler2 is interrupted by java.io.InterruptedIOException: 
2025-10-10 11:52:55,125 [s4-impl-thread2] INFO  server.RaftServer$Division (RaftServerImpl.java:lambda$close$1(528)) - s4@group-A760254FE168: shutdown
2025-10-10 11:52:55,128 [s4@group-06C30086AEA1-FollowerState] INFO  impl.FollowerState (FollowerState.java:runImpl(170)) - s4@group-06C30086AEA1-FollowerState was interrupted
2025-10-10 11:52:55,125 [s0-impl-thread2] INFO  server.RaftServer$Division (RaftServerImpl.java:lambda$close$1(528)) - s0@group-A760254FE168: shutdown
2025-10-10 11:52:55,128 [HandlerDaemon-0] INFO  simulation.RequestHandler (RequestHandler.java:run(127)) - s0.serverHandler0 is interrupted by java.io.InterruptedIOException: 
2025-10-10 11:52:55,128 [s4-impl-thread1] INFO  impl.StateMachineUpdater (StateMachineUpdater.java:stopAndJoin(163)) - s4@group-06C30086AEA1-StateMachineUpdater: set stopIndex = 3
2025-10-10 11:52:55,128 [s4@group-06C30086AEA1-StateMachineUpdater] INFO  impl.StateMachineUpdater (StateMachineUpdater.java:stop(140)) - s4@group-06C30086AEA1-StateMachineUpdater: closing BaseStateMachine, lastApplied=(t:1, i:3)
2025-10-10 11:52:55,125 [s1-impl-thread2] INFO  server.RaftServer$Division (RaftServerImpl.java:lambda$close$1(528)) - s1@group-A760254FE168: shutdown
2025-10-10 11:52:55,129 [s1-impl-thread2] INFO  util.JmxRegister (JmxRegister.java:unregister(74)) - Successfully un-registered JMX Bean with object name Ratis:service=RaftServer,group=group-A760254FE168,id=s1
2025-10-10 11:52:55,129 [s1-impl-thread2] INFO  impl.StateMachineUpdater (StateMachineUpdater.java:stopAndJoin(163)) - s1@group-A760254FE168-StateMachineUpdater: set stopIndex = -1
2025-10-10 11:52:55,124 [HandlerDaemon-2] INFO  simulation.RequestHandler (RequestHandler.java:run(127)) - s3.clientHandler2 is interrupted by java.io.InterruptedIOException: 
2025-10-10 11:52:55,124 [s3-impl-thread2] INFO  util.JmxRegister (JmxRegister.java:unregister(74)) - Successfully un-registered JMX Bean with object name Ratis:service=RaftServer,group=group-A760254FE168,id=s3
2025-10-10 11:52:55,124 [HandlerDaemon-1] INFO  simulation.RequestHandler (RequestHandler.java:run(127)) - s3.clientHandler1 is interrupted by java.io.InterruptedIOException: 
2025-10-10 11:52:55,129 [s1@group-A760254FE168-StateMachineUpdater] INFO  impl.StateMachineUpdater (StateMachineUpdater.java:stop(140)) - s1@group-A760254FE168-StateMachineUpdater: closing BaseStateMachine, lastApplied=<INITIAL_VALUE>
2025-10-10 11:52:55,129 [HandlerDaemon-0] INFO  simulation.RequestHandler (RequestHandler.java:run(127)) - s3.serverHandler0 is interrupted by java.io.InterruptedIOException: 
2025-10-10 11:52:55,129 [HandlerDaemon-1] INFO  simulation.RequestHandler (RequestHandler.java:run(127)) - s3.serverHandler1 is interrupted by java.io.InterruptedIOException: 
2025-10-10 11:52:55,129 [s3-impl-thread2] INFO  impl.StateMachineUpdater (StateMachineUpdater.java:stopAndJoin(163)) - s3@group-A760254FE168-StateMachineUpdater: set stopIndex = -1
2025-10-10 11:52:55,129 [s4@group-06C30086AEA1-cacheEviction-AwaitToRun] INFO  util.AwaitToRun (AwaitToRun.java:run(49)) - s4@group-06C30086AEA1-cacheEviction-AwaitToRun-AwaitForSignal is interrupted
2025-10-10 11:52:55,128 [HandlerDaemon-0] INFO  simulation.RequestHandler (RequestHandler.java:run(127)) - s4.serverHandler0 is interrupted by java.io.InterruptedIOException: 
2025-10-10 11:52:55,128 [HandlerDaemon-2] INFO  simulation.RequestHandler (RequestHandler.java:run(127)) - s2.clientHandler2 is interrupted by java.io.InterruptedIOException: 
2025-10-10 11:52:55,128 [HandlerDaemon-2] INFO  simulation.RequestHandler (RequestHandler.java:run(127)) - s1.clientHandler2 is interrupted by java.io.InterruptedIOException: 
2025-10-10 11:52:55,128 [s0-impl-thread2] INFO  util.JmxRegister (JmxRegister.java:unregister(74)) - Successfully un-registered JMX Bean with object name Ratis:service=RaftServer,group=group-A760254FE168,id=s0
2025-10-10 11:52:55,130 [s0-impl-thread2] INFO  impl.StateMachineUpdater (StateMachineUpdater.java:stopAndJoin(163)) - s0@group-A760254FE168-StateMachineUpdater: set stopIndex = -1
2025-10-10 11:52:55,128 [HandlerDaemon-1] INFO  simulation.RequestHandler (RequestHandler.java:run(127)) - s0.serverHandler1 is interrupted by java.io.InterruptedIOException: 
2025-10-10 11:52:55,128 [HandlerDaemon-2] INFO  simulation.RequestHandler (RequestHandler.java:run(127)) - s0.serverHandler2 is interrupted by java.io.InterruptedIOException: 
2025-10-10 11:52:55,128 [HandlerDaemon-2] INFO  simulation.RequestHandler (RequestHandler.java:run(127)) - s4.serverHandler2 is interrupted by java.io.InterruptedIOException: 
2025-10-10 11:52:55,128 [HandlerDaemon-1] INFO  simulation.RequestHandler (RequestHandler.java:run(127)) - s4.serverHandler1 is interrupted by java.io.InterruptedIOException: 
2025-10-10 11:52:55,128 [s4-impl-thread2] INFO  util.JmxRegister (JmxRegister.java:unregister(74)) - Successfully un-registered JMX Bean with object name Ratis:service=RaftServer,group=group-A760254FE168,id=s4
2025-10-10 11:52:55,131 [s4-impl-thread2] INFO  impl.StateMachineUpdater (StateMachineUpdater.java:stopAndJoin(163)) - s4@group-A760254FE168-StateMachineUpdater: set stopIndex = -1
2025-10-10 11:52:55,128 [HandlerDaemon-1] INFO  simulation.RequestHandler (RequestHandler.java:run(127)) - s1.clientHandler1 is interrupted by java.io.InterruptedIOException: 
2025-10-10 11:52:55,128 [HandlerDaemon-1] INFO  simulation.RequestHandler (RequestHandler.java:run(127)) - s2.clientHandler1 is interrupted by java.io.InterruptedIOException: 
2025-10-10 11:52:55,132 [HandlerDaemon-2] INFO  simulation.RequestHandler (RequestHandler.java:run(127)) - s1.serverHandler2 is interrupted by java.io.InterruptedIOException: 
2025-10-10 11:52:55,127 [s2-impl-thread2] INFO  server.RaftServer$Division (RaftServerImpl.java:lambda$close$1(528)) - s2@group-A760254FE168: shutdown
2025-10-10 11:52:55,132 [s2-impl-thread2] INFO  util.JmxRegister (JmxRegister.java:unregister(74)) - Successfully un-registered JMX Bean with object name Ratis:service=RaftServer,group=group-A760254FE168,id=s2
2025-10-10 11:52:55,132 [s2-impl-thread2] INFO  impl.StateMachineUpdater (StateMachineUpdater.java:stopAndJoin(163)) - s2@group-A760254FE168-StateMachineUpdater: set stopIndex = -1
2025-10-10 11:52:55,127 [s2-impl-thread1] INFO  server.RaftServer$Division (RaftServerImpl.java:lambda$close$1(528)) - s2@group-06C30086AEA1: shutdown
2025-10-10 11:52:55,132 [s2@group-A760254FE168-StateMachineUpdater] INFO  impl.StateMachineUpdater (StateMachineUpdater.java:stop(140)) - s2@group-A760254FE168-StateMachineUpdater: closing BaseStateMachine, lastApplied=<INITIAL_VALUE>
2025-10-10 11:52:55,132 [HandlerDaemon-0] INFO  simulation.RequestHandler (RequestHandler.java:run(127)) - s2.serverHandler0 is interrupted by java.io.InterruptedIOException: 
2025-10-10 11:52:55,127 [s3@group-06C30086AEA1-cacheEviction-AwaitToRun] INFO  util.AwaitToRun (AwaitToRun.java:run(49)) - s3@group-06C30086AEA1-cacheEviction-AwaitToRun-AwaitForSignal is interrupted
2025-10-10 11:52:55,132 [HandlerDaemon-1] INFO  simulation.RequestHandler (RequestHandler.java:run(127)) - s2.serverHandler1 is interrupted by java.io.InterruptedIOException: 
2025-10-10 11:52:55,126 [s0@group-06C30086AEA1-StateMachineUpdater] INFO  impl.StateMachineUpdater (StateMachineUpdater.java:stop(140)) - s0@group-06C30086AEA1-StateMachineUpdater: closing BaseStateMachine, lastApplied=(t:1, i:3)
2025-10-10 11:52:55,132 [HandlerDaemon-2] INFO  simulation.RequestHandler (RequestHandler.java:run(127)) - s2.serverHandler2 is interrupted by java.io.InterruptedIOException: 
2025-10-10 11:52:55,132 [HandlerDaemon-0] INFO  simulation.RequestHandler (RequestHandler.java:run(127)) - s1.serverHandler0 is interrupted by java.io.InterruptedIOException: 
2025-10-10 11:52:55,132 [s2-impl-thread1] INFO  util.JmxRegister (JmxRegister.java:unregister(74)) - Successfully un-registered JMX Bean with object name Ratis:service=RaftServer,group=group-06C30086AEA1,id=s2
2025-10-10 11:52:55,132 [HandlerDaemon-1] INFO  simulation.RequestHandler (RequestHandler.java:run(127)) - s1.serverHandler1 is interrupted by java.io.InterruptedIOException: 
2025-10-10 11:52:55,134 [s0@group-06C30086AEA1-cacheEviction-AwaitToRun] INFO  util.AwaitToRun (AwaitToRun.java:run(49)) - s0@group-06C30086AEA1-cacheEviction-AwaitToRun-AwaitForSignal is interrupted
2025-10-10 11:52:55,131 [s4@group-A760254FE168-StateMachineUpdater] INFO  impl.StateMachineUpdater (StateMachineUpdater.java:stop(140)) - s4@group-A760254FE168-StateMachineUpdater: closing BaseStateMachine, lastApplied=<INITIAL_VALUE>
2025-10-10 11:52:55,130 [s0@group-A760254FE168-StateMachineUpdater] INFO  impl.StateMachineUpdater (StateMachineUpdater.java:stop(140)) - s0@group-A760254FE168-StateMachineUpdater: closing BaseStateMachine, lastApplied=<INITIAL_VALUE>
2025-10-10 11:52:55,130 [s3@group-A760254FE168-StateMachineUpdater] INFO  impl.StateMachineUpdater (StateMachineUpdater.java:stop(140)) - s3@group-A760254FE168-StateMachineUpdater: closing BaseStateMachine, lastApplied=<INITIAL_VALUE>
2025-10-10 11:52:55,135 [s0@group-A760254FE168-cacheEviction-AwaitToRun] INFO  util.AwaitToRun (AwaitToRun.java:run(49)) - s0@group-A760254FE168-cacheEviction-AwaitToRun-AwaitForSignal is interrupted
2025-10-10 11:52:55,130 [s1@group-A760254FE168-cacheEviction-AwaitToRun] INFO  util.AwaitToRun (AwaitToRun.java:run(49)) - s1@group-A760254FE168-cacheEviction-AwaitToRun-AwaitForSignal is interrupted
2025-10-10 11:52:55,135 [s3@group-A760254FE168-cacheEviction-AwaitToRun] INFO  util.AwaitToRun (AwaitToRun.java:run(49)) - s3@group-A760254FE168-cacheEviction-AwaitToRun-AwaitForSignal is interrupted
2025-10-10 11:52:55,129 [HandlerDaemon-2] INFO  simulation.RequestHandler (RequestHandler.java:run(127)) - s3.serverHandler2 is interrupted by java.io.InterruptedIOException: 
2025-10-10 11:52:55,135 [s4@group-A760254FE168-cacheEviction-AwaitToRun] INFO  util.AwaitToRun (AwaitToRun.java:run(49)) - s4@group-A760254FE168-cacheEviction-AwaitToRun-AwaitForSignal is interrupted
2025-10-10 11:52:55,133 [s2-impl-thread1] INFO  impl.RoleInfo (RoleInfo.java:shutdownLeaderState(103)) - s2: shutdown s2@group-06C30086AEA1-LeaderStateImpl
2025-10-10 11:52:55,133 [s2@group-A760254FE168-cacheEviction-AwaitToRun] INFO  util.AwaitToRun (AwaitToRun.java:run(49)) - s2@group-A760254FE168-cacheEviction-AwaitToRun-AwaitForSignal is interrupted
2025-10-10 11:52:55,136 [s2@group-06C30086AEA1->s0-LogAppenderDefault-LogAppenderDaemon] INFO  leader.LogAppenderDaemon (LogAppenderDaemon.java:run(85)) - s2@group-06C30086AEA1->s0-LogAppenderDefault-LogAppenderDaemon was interrupted: java.lang.InterruptedException
2025-10-10 11:52:55,136 [s2@group-06C30086AEA1->s1-LogAppenderDefault-LogAppenderDaemon] INFO  leader.LogAppenderDaemon (LogAppenderDaemon.java:run(85)) - s2@group-06C30086AEA1->s1-LogAppenderDefault-LogAppenderDaemon was interrupted: java.lang.InterruptedException
2025-10-10 11:52:55,136 [s2-impl-thread1] INFO  impl.PendingRequests (PendingRequests.java:sendNotLeaderResponses(281)) - s2@group-06C30086AEA1-PendingRequests: sendNotLeaderResponses
2025-10-10 11:52:55,136 [s2@group-06C30086AEA1->s4-LogAppenderDefault-LogAppenderDaemon] INFO  leader.LogAppenderDaemon (LogAppenderDaemon.java:run(85)) - s2@group-06C30086AEA1->s4-LogAppenderDefault-LogAppenderDaemon was interrupted: java.lang.InterruptedException
2025-10-10 11:52:55,136 [s2@group-06C30086AEA1->s3-LogAppenderDefault-LogAppenderDaemon] INFO  leader.LogAppenderDaemon (LogAppenderDaemon.java:run(85)) - s2@group-06C30086AEA1->s3-LogAppenderDefault-LogAppenderDaemon was interrupted: java.lang.InterruptedException
2025-10-10 11:52:55,138 [s2-impl-thread1] INFO  impl.StateMachineUpdater (StateMachineUpdater.java:stopAndJoin(163)) - s2@group-06C30086AEA1-StateMachineUpdater: set stopIndex = 4
2025-10-10 11:52:55,138 [s2@group-06C30086AEA1-StateMachineUpdater] INFO  impl.StateMachineUpdater (StateMachineUpdater.java:stop(140)) - s2@group-06C30086AEA1-StateMachineUpdater: closing BaseStateMachine, lastApplied=(t:1, i:4)
2025-10-10 11:52:55,138 [s2@group-06C30086AEA1-cacheEviction-AwaitToRun] INFO  util.AwaitToRun (AwaitToRun.java:run(49)) - s2@group-06C30086AEA1-cacheEviction-AwaitToRun-AwaitForSignal is interrupted
2025-10-10 11:52:55,932 [s3-impl-thread2] INFO  segmented.SegmentedRaftLogWorker (SegmentedRaftLogWorker.java:close(254)) - s3@group-A760254FE168-SegmentedRaftLogWorker close()
2025-10-10 11:52:55,938 [s4-impl-thread2] INFO  segmented.SegmentedRaftLogWorker (SegmentedRaftLogWorker.java:close(254)) - s4@group-A760254FE168-SegmentedRaftLogWorker close()
2025-10-10 11:52:55,944 [s0-impl-thread2] INFO  segmented.SegmentedRaftLogWorker (SegmentedRaftLogWorker.java:close(254)) - s0@group-A760254FE168-SegmentedRaftLogWorker close()
2025-10-10 11:52:55,952 [s1-impl-thread2] INFO  segmented.SegmentedRaftLogWorker (SegmentedRaftLogWorker.java:close(254)) - s1@group-A760254FE168-SegmentedRaftLogWorker close()
2025-10-10 11:52:55,960 [s2-impl-thread2] INFO  segmented.SegmentedRaftLogWorker (SegmentedRaftLogWorker.java:close(254)) - s2@group-A760254FE168-SegmentedRaftLogWorker close()
2025-10-10 11:52:56,112 [s2-impl-thread1] INFO  segmented.SegmentedRaftLogWorker (SegmentedRaftLogWorker.java:close(254)) - s2@group-06C30086AEA1-SegmentedRaftLogWorker close()
2025-10-10 11:52:56,113 [JvmPauseMonitor14] INFO  util.JvmPauseMonitor (JvmPauseMonitor.java:run(152)) - JvmPauseMonitor-s2: Stopped
2025-10-10 11:52:56,115 [s4-impl-thread1] INFO  segmented.SegmentedRaftLogWorker (SegmentedRaftLogWorker.java:close(254)) - s4@group-06C30086AEA1-SegmentedRaftLogWorker close()
2025-10-10 11:52:56,116 [JvmPauseMonitor11] INFO  util.JvmPauseMonitor (JvmPauseMonitor.java:run(152)) - JvmPauseMonitor-s4: Stopped
2025-10-10 11:52:56,116 [s0-impl-thread1] INFO  segmented.SegmentedRaftLogWorker (SegmentedRaftLogWorker.java:close(254)) - s0@group-06C30086AEA1-SegmentedRaftLogWorker close()
2025-10-10 11:52:56,117 [JvmPauseMonitor12] INFO  util.JvmPauseMonitor (JvmPauseMonitor.java:run(152)) - JvmPauseMonitor-s0: Stopped
2025-10-10 11:52:56,118 [s1-impl-thread1] INFO  segmented.SegmentedRaftLogWorker (SegmentedRaftLogWorker.java:close(254)) - s1@group-06C30086AEA1-SegmentedRaftLogWorker close()
2025-10-10 11:52:56,119 [JvmPauseMonitor13] INFO  util.JvmPauseMonitor (JvmPauseMonitor.java:run(152)) - JvmPauseMonitor-s1: Stopped
2025-10-10 11:52:56,121 [s3-impl-thread1] INFO  segmented.SegmentedRaftLogWorker (SegmentedRaftLogWorker.java:close(254)) - s3@group-06C30086AEA1-SegmentedRaftLogWorker close()
2025-10-10 11:52:56,122 [JvmPauseMonitor10] INFO  util.JvmPauseMonitor (JvmPauseMonitor.java:run(152)) - JvmPauseMonitor-s3: Stopped
2025-10-10 11:52:56,123 [main] INFO  impl.MiniRaftCluster (MiniRaftCluster.java:shutdown(817)) - MiniRaftClusterWithSimulatedRpc shutdown completed
| MiniRaftClusterWithSimulatedRpc[3, 4, 5]chosen=0 | shutdown | 12 |
]]></system-out>
  </testcase>
  <testcase name="testMultiGroup7Nodes" classname="org.apache.ratis.server.simulation.TestGroupManagementWithSimulatedRpc" time="13.252">
    <system-out><![CDATA[2025-10-10 11:52:56,125 [main] INFO  util.LogUtils (Slf4jUtils.java:setLogLevel(38)) - Successfully set org.apache.ratis.conf.ConfUtils log level to WARN
2025-10-10 11:52:56,125 [main] INFO  util.LogUtils (Slf4jUtils.java:setLogLevel(38)) - Successfully set org.apache.ratis.util.FileUtils log level to TRACE
2025-10-10 11:52:56,125 [main] INFO  util.LogUtils (Slf4jUtils.java:setLogLevel(38)) - Successfully set org.apache.ratis.server.RaftServer log level to DEBUG
2025-10-10 11:52:56,125 [main] INFO  util.LogUtils (Slf4jUtils.java:setLogLevel(38)) - Successfully set org.apache.ratis.server.RaftServer$Division log level to DEBUG
2025-10-10 11:52:56,125 [main] INFO  util.LogUtils (Slf4jUtils.java:setLogLevel(38)) - Successfully set org.apache.ratis.client.RaftClient log level to DEBUG
| null | init | 12 |
2025-10-10 11:52:56,127 [main] INFO  impl.MiniRaftCluster (MiniRaftCluster.java:<init>(297)) - new MiniRaftClusterWithSimulatedRpc with group-26DAA163C1DE:[]
2025-10-10 11:52:56,128 [main] INFO  impl.GroupManagementBaseTest (GroupManagementBaseTest.java:runMultiGroupTest(253)) - 

runMultiGroupTest with MiniRaftClusterWithSimulatedRpc[1, 6, 7]chosen=1: printing ALL groups
2025-10-10 11:52:56,128 [main] INFO  impl.GroupManagementBaseTest (GroupManagementBaseTest.java:runMultiGroupTest(260)) - ids: [s0, s1, s2, s3, s4, s5, s6]
2025-10-10 11:52:56,128 [main] INFO  impl.MiniRaftCluster (MiniRaftCluster.java:newRaftServer(376)) - newRaftServer: s0, group-26DAA163C1DE:[], format? true
2025-10-10 11:52:56,128 [main] TRACE util.FileUtils (FileUtils.java:deleteFully(355)) - deleteFully target/test/data/319b119c/MiniRaftClusterWithSimulatedRpc70f26566/s0
2025-10-10 11:52:56,129 [main] TRACE util.FileUtils (FileUtils.java:deleteFully(368)) - deleteFully: target/test/data/319b119c/MiniRaftClusterWithSimulatedRpc70f26566/s0 does not exist.
2025-10-10 11:52:56,129 [main] INFO  impl.MiniRaftCluster (MiniRaftCluster.java:newRaftServer(381)) - Formatted directory target/test/data/319b119c/MiniRaftClusterWithSimulatedRpc70f26566/s0
2025-10-10 11:52:56,129 [main] DEBUG server.RaftServer (ServerImplUtils.java:newRaftServer(172)) - newRaftServer: s0, group-26DAA163C1DE:[]
2025-10-10 11:52:56,129 [main] INFO  server.RaftServer (VersionInfo.java:printStartupMessages(132)) - Starting Apache Ratis Test -- RaftServerProxy s0
2025-10-10 11:52:56,130 [main] INFO  server.RaftServer (VersionInfo.java:printStartupMessages(136)) -                version: 3.1.3
2025-10-10 11:52:56,130 [main] INFO  server.RaftServer (VersionInfo.java:printStartupMessages(136)) -                    url: https://github.com/apache/ratis
2025-10-10 11:52:56,130 [main] INFO  server.RaftServer (VersionInfo.java:printStartupMessages(136)) -               revision: fd9ca3ab389b19913d3754459d6ee9a5ba33189b
2025-10-10 11:52:56,130 [main] INFO  server.RaftServer (VersionInfo.java:printStartupMessages(139)) -                   java: OpenJDK 64-Bit Server VM 1.8.0_462-b08
2025-10-10 11:52:56,131 [main] INFO  server.RaftServer (VersionInfo.java:printStartupMessages(139)) -                   user: runner
2025-10-10 11:52:56,132 [main] INFO  server.RaftServerConfigKeys (ConfUtils.java:logGet(62)) - raft.server.storage.dir = [/home/runner/work/ratis/ratis/ratis-test/target/test/data/319b119c/MiniRaftClusterWithSimulatedRpc70f26566/s0] (custom)
2025-10-10 11:52:56,132 [main] INFO  server.RaftServer (RaftServerProxy.java:addNew(106)) - s0: addNew group-26DAA163C1DE:[] returns group-26DAA163C1DE:java.util.concurrent.CompletableFuture@2c7a8af2[Not completed]
2025-10-10 11:52:56,133 [main] INFO  impl.MiniRaftCluster (MiniRaftCluster.java:newRaftServer(376)) - newRaftServer: s1, group-26DAA163C1DE:[], format? true
2025-10-10 11:52:56,133 [main] TRACE util.FileUtils (FileUtils.java:deleteFully(355)) - deleteFully target/test/data/319b119c/MiniRaftClusterWithSimulatedRpc70f26566/s1
2025-10-10 11:52:56,132 [s0-groupManagement] INFO  server.RaftServer$Division (RaftServerImpl.java:<init>(269)) - s0: new RaftServerImpl for group-26DAA163C1DE:[] with BaseStateMachine-25:uninitialized
2025-10-10 11:52:56,133 [main] TRACE util.FileUtils (FileUtils.java:deleteFully(368)) - deleteFully: target/test/data/319b119c/MiniRaftClusterWithSimulatedRpc70f26566/s1 does not exist.
2025-10-10 11:52:56,133 [main] INFO  impl.MiniRaftCluster (MiniRaftCluster.java:newRaftServer(381)) - Formatted directory target/test/data/319b119c/MiniRaftClusterWithSimulatedRpc70f26566/s1
2025-10-10 11:52:56,134 [main] DEBUG server.RaftServer (ServerImplUtils.java:newRaftServer(172)) - newRaftServer: s1, group-26DAA163C1DE:[]
2025-10-10 11:52:56,134 [main] INFO  server.RaftServer (VersionInfo.java:printStartupMessages(132)) - Starting Apache Ratis Test -- RaftServerProxy s1
2025-10-10 11:52:56,134 [main] INFO  server.RaftServer (VersionInfo.java:printStartupMessages(136)) -                version: 3.1.3
2025-10-10 11:52:56,134 [main] INFO  server.RaftServer (VersionInfo.java:printStartupMessages(136)) -                    url: https://github.com/apache/ratis
2025-10-10 11:52:56,135 [main] INFO  server.RaftServer (VersionInfo.java:printStartupMessages(136)) -               revision: fd9ca3ab389b19913d3754459d6ee9a5ba33189b
2025-10-10 11:52:56,135 [main] INFO  server.RaftServer (VersionInfo.java:printStartupMessages(139)) -                   java: OpenJDK 64-Bit Server VM 1.8.0_462-b08
2025-10-10 11:52:56,135 [main] INFO  server.RaftServer (VersionInfo.java:printStartupMessages(139)) -                   user: runner
2025-10-10 11:52:56,136 [main] INFO  server.RaftServerConfigKeys (ConfUtils.java:logGet(62)) - raft.server.storage.dir = [/home/runner/work/ratis/ratis/ratis-test/target/test/data/319b119c/MiniRaftClusterWithSimulatedRpc70f26566/s1] (custom)
2025-10-10 11:52:56,133 [s0-groupManagement] INFO  server.RaftServer$Division (ServerState.java:<init>(115)) - s0@group-26DAA163C1DE: ConfigurationManager, init=conf: {index: -1, cur=peers:[]|listeners:[], old=null}, confs=<EMPTY_MAP>
2025-10-10 11:52:56,136 [main] INFO  server.RaftServer (RaftServerProxy.java:addNew(106)) - s1: addNew group-26DAA163C1DE:[] returns group-26DAA163C1DE:java.util.concurrent.CompletableFuture@4edef76c[Not completed]
2025-10-10 11:52:56,136 [main] INFO  impl.MiniRaftCluster (MiniRaftCluster.java:newRaftServer(376)) - newRaftServer: s2, group-26DAA163C1DE:[], format? true
2025-10-10 11:52:56,137 [main] TRACE util.FileUtils (FileUtils.java:deleteFully(355)) - deleteFully target/test/data/319b119c/MiniRaftClusterWithSimulatedRpc70f26566/s2
2025-10-10 11:52:56,137 [main] TRACE util.FileUtils (FileUtils.java:deleteFully(368)) - deleteFully: target/test/data/319b119c/MiniRaftClusterWithSimulatedRpc70f26566/s2 does not exist.
2025-10-10 11:52:56,137 [main] INFO  impl.MiniRaftCluster (MiniRaftCluster.java:newRaftServer(381)) - Formatted directory target/test/data/319b119c/MiniRaftClusterWithSimulatedRpc70f26566/s2
2025-10-10 11:52:56,137 [main] DEBUG server.RaftServer (ServerImplUtils.java:newRaftServer(172)) - newRaftServer: s2, group-26DAA163C1DE:[]
2025-10-10 11:52:56,138 [main] INFO  server.RaftServer (VersionInfo.java:printStartupMessages(132)) - Starting Apache Ratis Test -- RaftServerProxy s2
2025-10-10 11:52:56,138 [main] INFO  server.RaftServer (VersionInfo.java:printStartupMessages(136)) -                version: 3.1.3
2025-10-10 11:52:56,138 [s1-groupManagement] INFO  server.RaftServer$Division (RaftServerImpl.java:<init>(269)) - s1: new RaftServerImpl for group-26DAA163C1DE:[] with BaseStateMachine-26:uninitialized
2025-10-10 11:52:56,138 [s1-groupManagement] INFO  server.RaftServer$Division (ServerState.java:<init>(115)) - s1@group-26DAA163C1DE: ConfigurationManager, init=conf: {index: -1, cur=peers:[]|listeners:[], old=null}, confs=<EMPTY_MAP>
2025-10-10 11:52:56,138 [main] INFO  server.RaftServer (VersionInfo.java:printStartupMessages(136)) -                    url: https://github.com/apache/ratis
2025-10-10 11:52:56,139 [main] INFO  server.RaftServer (VersionInfo.java:printStartupMessages(136)) -               revision: fd9ca3ab389b19913d3754459d6ee9a5ba33189b
2025-10-10 11:52:56,139 [main] INFO  server.RaftServer (VersionInfo.java:printStartupMessages(139)) -                   java: OpenJDK 64-Bit Server VM 1.8.0_462-b08
2025-10-10 11:52:56,139 [main] INFO  server.RaftServer (VersionInfo.java:printStartupMessages(139)) -                   user: runner
2025-10-10 11:52:56,139 [main] INFO  server.RaftServerConfigKeys (ConfUtils.java:logGet(62)) - raft.server.storage.dir = [/home/runner/work/ratis/ratis/ratis-test/target/test/data/319b119c/MiniRaftClusterWithSimulatedRpc70f26566/s2] (custom)
2025-10-10 11:52:56,140 [main] INFO  server.RaftServer (RaftServerProxy.java:addNew(106)) - s2: addNew group-26DAA163C1DE:[] returns group-26DAA163C1DE:java.util.concurrent.CompletableFuture@21c815e4[Not completed]
2025-10-10 11:52:56,141 [main] INFO  impl.MiniRaftCluster (MiniRaftCluster.java:newRaftServer(376)) - newRaftServer: s3, group-26DAA163C1DE:[], format? true
2025-10-10 11:52:56,141 [main] TRACE util.FileUtils (FileUtils.java:deleteFully(355)) - deleteFully target/test/data/319b119c/MiniRaftClusterWithSimulatedRpc70f26566/s3
2025-10-10 11:52:56,141 [s2-groupManagement] INFO  server.RaftServer$Division (RaftServerImpl.java:<init>(269)) - s2: new RaftServerImpl for group-26DAA163C1DE:[] with BaseStateMachine-27:uninitialized
2025-10-10 11:52:56,141 [main] TRACE util.FileUtils (FileUtils.java:deleteFully(368)) - deleteFully: target/test/data/319b119c/MiniRaftClusterWithSimulatedRpc70f26566/s3 does not exist.
2025-10-10 11:52:56,141 [main] INFO  impl.MiniRaftCluster (MiniRaftCluster.java:newRaftServer(381)) - Formatted directory target/test/data/319b119c/MiniRaftClusterWithSimulatedRpc70f26566/s3
2025-10-10 11:52:56,142 [main] DEBUG server.RaftServer (ServerImplUtils.java:newRaftServer(172)) - newRaftServer: s3, group-26DAA163C1DE:[]
2025-10-10 11:52:56,142 [main] INFO  server.RaftServer (VersionInfo.java:printStartupMessages(132)) - Starting Apache Ratis Test -- RaftServerProxy s3
2025-10-10 11:52:56,142 [main] INFO  server.RaftServer (VersionInfo.java:printStartupMessages(136)) -                version: 3.1.3
2025-10-10 11:52:56,142 [main] INFO  server.RaftServer (VersionInfo.java:printStartupMessages(136)) -                    url: https://github.com/apache/ratis
2025-10-10 11:52:56,143 [main] INFO  server.RaftServer (VersionInfo.java:printStartupMessages(136)) -               revision: fd9ca3ab389b19913d3754459d6ee9a5ba33189b
2025-10-10 11:52:56,143 [main] INFO  server.RaftServer (VersionInfo.java:printStartupMessages(139)) -                   java: OpenJDK 64-Bit Server VM 1.8.0_462-b08
2025-10-10 11:52:56,143 [main] INFO  server.RaftServer (VersionInfo.java:printStartupMessages(139)) -                   user: runner
2025-10-10 11:52:56,141 [s2-groupManagement] INFO  server.RaftServer$Division (ServerState.java:<init>(115)) - s2@group-26DAA163C1DE: ConfigurationManager, init=conf: {index: -1, cur=peers:[]|listeners:[], old=null}, confs=<EMPTY_MAP>
2025-10-10 11:52:56,143 [main] INFO  server.RaftServerConfigKeys (ConfUtils.java:logGet(62)) - raft.server.storage.dir = [/home/runner/work/ratis/ratis/ratis-test/target/test/data/319b119c/MiniRaftClusterWithSimulatedRpc70f26566/s3] (custom)
2025-10-10 11:52:56,144 [main] INFO  server.RaftServer (RaftServerProxy.java:addNew(106)) - s3: addNew group-26DAA163C1DE:[] returns group-26DAA163C1DE:java.util.concurrent.CompletableFuture@743e66f7[Not completed]
2025-10-10 11:52:56,144 [main] INFO  impl.MiniRaftCluster (MiniRaftCluster.java:newRaftServer(376)) - newRaftServer: s4, group-26DAA163C1DE:[], format? true
2025-10-10 11:52:56,145 [main] TRACE util.FileUtils (FileUtils.java:deleteFully(355)) - deleteFully target/test/data/319b119c/MiniRaftClusterWithSimulatedRpc70f26566/s4
2025-10-10 11:52:56,145 [main] TRACE util.FileUtils (FileUtils.java:deleteFully(368)) - deleteFully: target/test/data/319b119c/MiniRaftClusterWithSimulatedRpc70f26566/s4 does not exist.
2025-10-10 11:52:56,145 [main] INFO  impl.MiniRaftCluster (MiniRaftCluster.java:newRaftServer(381)) - Formatted directory target/test/data/319b119c/MiniRaftClusterWithSimulatedRpc70f26566/s4
2025-10-10 11:52:56,145 [main] DEBUG server.RaftServer (ServerImplUtils.java:newRaftServer(172)) - newRaftServer: s4, group-26DAA163C1DE:[]
2025-10-10 11:52:56,146 [main] INFO  server.RaftServer (VersionInfo.java:printStartupMessages(132)) - Starting Apache Ratis Test -- RaftServerProxy s4
2025-10-10 11:52:56,146 [main] INFO  server.RaftServer (VersionInfo.java:printStartupMessages(136)) -                version: 3.1.3
2025-10-10 11:52:56,146 [main] INFO  server.RaftServer (VersionInfo.java:printStartupMessages(136)) -                    url: https://github.com/apache/ratis
2025-10-10 11:52:56,146 [main] INFO  server.RaftServer (VersionInfo.java:printStartupMessages(136)) -               revision: fd9ca3ab389b19913d3754459d6ee9a5ba33189b
2025-10-10 11:52:56,146 [main] INFO  server.RaftServer (VersionInfo.java:printStartupMessages(139)) -                   java: OpenJDK 64-Bit Server VM 1.8.0_462-b08
2025-10-10 11:52:56,147 [main] INFO  server.RaftServer (VersionInfo.java:printStartupMessages(139)) -                   user: runner
2025-10-10 11:52:56,146 [s3-groupManagement] INFO  server.RaftServer$Division (RaftServerImpl.java:<init>(269)) - s3: new RaftServerImpl for group-26DAA163C1DE:[] with BaseStateMachine-28:uninitialized
2025-10-10 11:52:56,147 [s3-groupManagement] INFO  server.RaftServer$Division (ServerState.java:<init>(115)) - s3@group-26DAA163C1DE: ConfigurationManager, init=conf: {index: -1, cur=peers:[]|listeners:[], old=null}, confs=<EMPTY_MAP>
2025-10-10 11:52:56,148 [main] INFO  server.RaftServerConfigKeys (ConfUtils.java:logGet(62)) - raft.server.storage.dir = [/home/runner/work/ratis/ratis/ratis-test/target/test/data/319b119c/MiniRaftClusterWithSimulatedRpc70f26566/s4] (custom)
2025-10-10 11:52:56,149 [main] INFO  server.RaftServer (RaftServerProxy.java:addNew(106)) - s4: addNew group-26DAA163C1DE:[] returns group-26DAA163C1DE:java.util.concurrent.CompletableFuture@71978f46[Not completed]
2025-10-10 11:52:56,149 [s4-groupManagement] INFO  server.RaftServer$Division (RaftServerImpl.java:<init>(269)) - s4: new RaftServerImpl for group-26DAA163C1DE:[] with BaseStateMachine-29:uninitialized
2025-10-10 11:52:56,149 [s4-groupManagement] INFO  server.RaftServer$Division (ServerState.java:<init>(115)) - s4@group-26DAA163C1DE: ConfigurationManager, init=conf: {index: -1, cur=peers:[]|listeners:[], old=null}, confs=<EMPTY_MAP>
2025-10-10 11:52:56,149 [main] INFO  impl.MiniRaftCluster (MiniRaftCluster.java:newRaftServer(376)) - newRaftServer: s5, group-26DAA163C1DE:[], format? true
2025-10-10 11:52:56,150 [main] TRACE util.FileUtils (FileUtils.java:deleteFully(355)) - deleteFully target/test/data/319b119c/MiniRaftClusterWithSimulatedRpc70f26566/s5
2025-10-10 11:52:56,150 [main] TRACE util.FileUtils (FileUtils.java:deleteFully(368)) - deleteFully: target/test/data/319b119c/MiniRaftClusterWithSimulatedRpc70f26566/s5 does not exist.
2025-10-10 11:52:56,150 [main] INFO  impl.MiniRaftCluster (MiniRaftCluster.java:newRaftServer(381)) - Formatted directory target/test/data/319b119c/MiniRaftClusterWithSimulatedRpc70f26566/s5
2025-10-10 11:52:56,151 [main] DEBUG server.RaftServer (ServerImplUtils.java:newRaftServer(172)) - newRaftServer: s5, group-26DAA163C1DE:[]
2025-10-10 11:52:56,151 [main] INFO  server.RaftServer (VersionInfo.java:printStartupMessages(132)) - Starting Apache Ratis Test -- RaftServerProxy s5
2025-10-10 11:52:56,151 [main] INFO  server.RaftServer (VersionInfo.java:printStartupMessages(136)) -                version: 3.1.3
2025-10-10 11:52:56,151 [main] INFO  server.RaftServer (VersionInfo.java:printStartupMessages(136)) -                    url: https://github.com/apache/ratis
2025-10-10 11:52:56,152 [main] INFO  server.RaftServer (VersionInfo.java:printStartupMessages(136)) -               revision: fd9ca3ab389b19913d3754459d6ee9a5ba33189b
2025-10-10 11:52:56,152 [main] INFO  server.RaftServer (VersionInfo.java:printStartupMessages(139)) -                   java: OpenJDK 64-Bit Server VM 1.8.0_462-b08
2025-10-10 11:52:56,152 [main] INFO  server.RaftServer (VersionInfo.java:printStartupMessages(139)) -                   user: runner
2025-10-10 11:52:56,153 [main] INFO  server.RaftServerConfigKeys (ConfUtils.java:logGet(62)) - raft.server.storage.dir = [/home/runner/work/ratis/ratis/ratis-test/target/test/data/319b119c/MiniRaftClusterWithSimulatedRpc70f26566/s5] (custom)
2025-10-10 11:52:56,153 [main] INFO  server.RaftServer (RaftServerProxy.java:addNew(106)) - s5: addNew group-26DAA163C1DE:[] returns group-26DAA163C1DE:java.util.concurrent.CompletableFuture@6c9320c2[Not completed]
2025-10-10 11:52:56,153 [main] INFO  impl.MiniRaftCluster (MiniRaftCluster.java:newRaftServer(376)) - newRaftServer: s6, group-26DAA163C1DE:[], format? true
2025-10-10 11:52:56,154 [main] TRACE util.FileUtils (FileUtils.java:deleteFully(355)) - deleteFully target/test/data/319b119c/MiniRaftClusterWithSimulatedRpc70f26566/s6
2025-10-10 11:52:56,154 [main] TRACE util.FileUtils (FileUtils.java:deleteFully(368)) - deleteFully: target/test/data/319b119c/MiniRaftClusterWithSimulatedRpc70f26566/s6 does not exist.
2025-10-10 11:52:56,154 [main] INFO  impl.MiniRaftCluster (MiniRaftCluster.java:newRaftServer(381)) - Formatted directory target/test/data/319b119c/MiniRaftClusterWithSimulatedRpc70f26566/s6
2025-10-10 11:52:56,154 [main] DEBUG server.RaftServer (ServerImplUtils.java:newRaftServer(172)) - newRaftServer: s6, group-26DAA163C1DE:[]
2025-10-10 11:52:56,155 [main] INFO  server.RaftServer (VersionInfo.java:printStartupMessages(132)) - Starting Apache Ratis Test -- RaftServerProxy s6
2025-10-10 11:52:56,155 [main] INFO  server.RaftServer (VersionInfo.java:printStartupMessages(136)) -                version: 3.1.3
2025-10-10 11:52:56,155 [main] INFO  server.RaftServer (VersionInfo.java:printStartupMessages(136)) -                    url: https://github.com/apache/ratis
2025-10-10 11:52:56,155 [main] INFO  server.RaftServer (VersionInfo.java:printStartupMessages(136)) -               revision: fd9ca3ab389b19913d3754459d6ee9a5ba33189b
2025-10-10 11:52:56,155 [main] INFO  server.RaftServer (VersionInfo.java:printStartupMessages(139)) -                   java: OpenJDK 64-Bit Server VM 1.8.0_462-b08
2025-10-10 11:52:56,156 [main] INFO  server.RaftServer (VersionInfo.java:printStartupMessages(139)) -                   user: runner
2025-10-10 11:52:56,153 [s5-groupManagement] INFO  server.RaftServer$Division (RaftServerImpl.java:<init>(269)) - s5: new RaftServerImpl for group-26DAA163C1DE:[] with BaseStateMachine-30:uninitialized
2025-10-10 11:52:56,156 [s5-groupManagement] INFO  server.RaftServer$Division (ServerState.java:<init>(115)) - s5@group-26DAA163C1DE: ConfigurationManager, init=conf: {index: -1, cur=peers:[]|listeners:[], old=null}, confs=<EMPTY_MAP>
2025-10-10 11:52:56,156 [main] INFO  server.RaftServerConfigKeys (ConfUtils.java:logGet(62)) - raft.server.storage.dir = [/home/runner/work/ratis/ratis/ratis-test/target/test/data/319b119c/MiniRaftClusterWithSimulatedRpc70f26566/s6] (custom)
2025-10-10 11:52:56,157 [main] INFO  server.RaftServer (RaftServerProxy.java:addNew(106)) - s6: addNew group-26DAA163C1DE:[] returns group-26DAA163C1DE:java.util.concurrent.CompletableFuture@7915bca3[Not completed]
2025-10-10 11:52:56,158 [s6-groupManagement] INFO  server.RaftServer$Division (RaftServerImpl.java:<init>(269)) - s6: new RaftServerImpl for group-26DAA163C1DE:[] with BaseStateMachine-31:uninitialized
2025-10-10 11:52:56,158 [s6-groupManagement] INFO  server.RaftServer$Division (ServerState.java:<init>(115)) - s6@group-26DAA163C1DE: ConfigurationManager, init=conf: {index: -1, cur=peers:[]|listeners:[], old=null}, confs=<EMPTY_MAP>
2025-10-10 11:52:56,161 [main] INFO  impl.GroupManagementBaseTest (GroupManagementBaseTest.java:runMultiGroupTest(262)) - putNewServer: printing ALL groups
  s3:      NEW      null (NEW): s3@group-26DAA163C1DE:t0, leader=null, voted=null, raftlog=UNINITIALIZED, conf=conf: {index: -1, cur=peers:[]|listeners:[], old=null}
  s4:      NEW      null (NEW): s4@group-26DAA163C1DE:t0, leader=null, voted=null, raftlog=UNINITIALIZED, conf=conf: {index: -1, cur=peers:[]|listeners:[], old=null}
  s5:      NEW      null (NEW): s5@group-26DAA163C1DE:t0, leader=null, voted=null, raftlog=UNINITIALIZED, conf=conf: {index: -1, cur=peers:[]|listeners:[], old=null}
  s6:      NEW      null (NEW): s6@group-26DAA163C1DE:t0, leader=null, voted=null, raftlog=UNINITIALIZED, conf=conf: {index: -1, cur=peers:[]|listeners:[], old=null}
  s0:      NEW      null (NEW): s0@group-26DAA163C1DE:t0, leader=null, voted=null, raftlog=UNINITIALIZED, conf=conf: {index: -1, cur=peers:[]|listeners:[], old=null}
  s1:      NEW      null (NEW): s1@group-26DAA163C1DE:t0, leader=null, voted=null, raftlog=UNINITIALIZED, conf=conf: {index: -1, cur=peers:[]|listeners:[], old=null}
  s2:      NEW      null (NEW): s2@group-26DAA163C1DE:t0, leader=null, voted=null, raftlog=UNINITIALIZED, conf=conf: {index: -1, cur=peers:[]|listeners:[], old=null}
2025-10-10 11:52:57,163 [main] INFO  impl.MiniRaftCluster (MiniRaftCluster.java:start(330)) - .............................................................. 
2025-10-10 11:52:57,163 [main] INFO  impl.MiniRaftCluster (MiniRaftCluster.java:start(331)) - ... 
2025-10-10 11:52:57,164 [main] INFO  impl.MiniRaftCluster (MiniRaftCluster.java:start(332)) - ...     Starting MiniRaftClusterWithSimulatedRpc
2025-10-10 11:52:57,164 [main] INFO  impl.MiniRaftCluster (MiniRaftCluster.java:start(333)) - ... 
2025-10-10 11:52:57,164 [main] INFO  impl.MiniRaftCluster (MiniRaftCluster.java:start(334)) - .............................................................. 
2025-10-10 11:52:57,164 [main] INFO  impl.MiniRaftCluster (MiniRaftCluster.java:initServers(309)) - servers = {s3=s3:      NEW      null (NEW): s3@group-26DAA163C1DE:t0, leader=null, voted=null, raftlog=UNINITIALIZED, conf=conf: {index: -1, cur=peers:[]|listeners:[], old=null}, s4=s4:      NEW      null (NEW): s4@group-26DAA163C1DE:t0, leader=null, voted=null, raftlog=UNINITIALIZED, conf=conf: {index: -1, cur=peers:[]|listeners:[], old=null}, s5=s5:      NEW      null (NEW): s5@group-26DAA163C1DE:t0, leader=null, voted=null, raftlog=UNINITIALIZED, conf=conf: {index: -1, cur=peers:[]|listeners:[], old=null}, s6=s6:      NEW      null (NEW): s6@group-26DAA163C1DE:t0, leader=null, voted=null, raftlog=UNINITIALIZED, conf=conf: {index: -1, cur=peers:[]|listeners:[], old=null}, s0=s0:      NEW      null (NEW): s0@group-26DAA163C1DE:t0, leader=null, voted=null, raftlog=UNINITIALIZED, conf=conf: {index: -1, cur=peers:[]|listeners:[], old=null}, s1=s1:      NEW      null (NEW): s1@group-26DAA163C1DE:t0, leader=null, voted=null, raftlog=UNINITIALIZED, conf=conf: {index: -1, cur=peers:[]|listeners:[], old=null}, s2=s2:      NEW      null (NEW): s2@group-26DAA163C1DE:t0, leader=null, voted=null, raftlog=UNINITIALIZED, conf=conf: {index: -1, cur=peers:[]|listeners:[], old=null}}
2025-10-10 11:52:57,165 [s3-impl-thread1] INFO  server.RaftServerConfigKeys (ConfUtils.java:logGet(62)) - raft.server.storage.dir = [/home/runner/work/ratis/ratis/ratis-test/target/test/data/319b119c/MiniRaftClusterWithSimulatedRpc70f26566/s3] (custom)
2025-10-10 11:52:57,165 [s3-impl-thread1] INFO  storage.RaftStorageDirectory (RaftStorageDirectoryImpl.java:analyzeStorage(138)) - The storage directory /home/runner/work/ratis/ratis/ratis-test/target/test/data/319b119c/MiniRaftClusterWithSimulatedRpc70f26566/s3/34aec926-268e-48a7-a948-26daa163c1de does not exist. Creating ...
2025-10-10 11:52:57,166 [s3-impl-thread1] TRACE util.FileUtils (LogUtils.java:runAndLog(49)) - Successfully ran Files.createDirectories /home/runner/work/ratis/ratis/ratis-test/target/test/data/319b119c/MiniRaftClusterWithSimulatedRpc70f26566/s3/34aec926-268e-48a7-a948-26daa163c1de
2025-10-10 11:52:57,166 [s3-impl-thread1] INFO  storage.RaftStorageDirectory (RaftStorageDirectoryImpl.java:tryLock(229)) - Lock on /home/runner/work/ratis/ratis/ratis-test/target/test/data/319b119c/MiniRaftClusterWithSimulatedRpc70f26566/s3/34aec926-268e-48a7-a948-26daa163c1de/in_use.lock acquired by nodename 9833@runnervmwhb2z
2025-10-10 11:52:57,166 [s3-impl-thread1] TRACE util.FileUtils (LogUtils.java:runAndLog(49)) - Successfully ran Files.createDirectories /home/runner/work/ratis/ratis/ratis-test/target/test/data/319b119c/MiniRaftClusterWithSimulatedRpc70f26566/s3/34aec926-268e-48a7-a948-26daa163c1de/current
2025-10-10 11:52:57,167 [s3-impl-thread1] TRACE util.FileUtils (LogUtils.java:runAndLog(49)) - Successfully ran Files.createDirectories /home/runner/work/ratis/ratis/ratis-test/target/test/data/319b119c/MiniRaftClusterWithSimulatedRpc70f26566/s3/34aec926-268e-48a7-a948-26daa163c1de/sm
2025-10-10 11:52:57,167 [s3-impl-thread1] TRACE util.FileUtils (LogUtils.java:supplyAndLog(69)) - Successfully supplied FileChannel.open /home/runner/work/ratis/ratis/ratis-test/target/test/data/319b119c/MiniRaftClusterWithSimulatedRpc70f26566/s3/34aec926-268e-48a7-a948-26daa163c1de/current/raft-meta.tmp with options [CREATE, TRUNCATE_EXISTING, WRITE]: sun.nio.ch.FileChannelImpl@1dbaddc0
2025-10-10 11:52:57,168 [s3-impl-thread1] TRACE util.FileUtils (LogUtils.java:runAndLog(49)) - Successfully ran Atomic Files.move /home/runner/work/ratis/ratis/ratis-test/target/test/data/319b119c/MiniRaftClusterWithSimulatedRpc70f26566/s3/34aec926-268e-48a7-a948-26daa163c1de/current/raft-meta.tmp to /home/runner/work/ratis/ratis/ratis-test/target/test/data/319b119c/MiniRaftClusterWithSimulatedRpc70f26566/s3/34aec926-268e-48a7-a948-26daa163c1de/current/raft-meta with options [REPLACE_EXISTING]
2025-10-10 11:52:57,168 [s3-impl-thread1] INFO  storage.RaftStorage (RaftStorageImpl.java:format(98)) - Storage directory /home/runner/work/ratis/ratis/ratis-test/target/test/data/319b119c/MiniRaftClusterWithSimulatedRpc70f26566/s3/34aec926-268e-48a7-a948-26daa163c1de has been successfully formatted.
2025-10-10 11:52:57,168 [s3-impl-thread1] INFO  server.RaftServer$Division (ServerState.java:getSnapshotIndexFromStateMachine(155)) - s3@group-26DAA163C1DE: getLatestSnapshot(BaseStateMachine-28:s3:group-26DAA163C1DE) returns null
2025-10-10 11:52:57,168 [s3-impl-thread1] INFO  raftlog.RaftLog (RaftLogBase.java:<init>(90)) - s3@group-26DAA163C1DE-SegmentedRaftLog: snapshotIndexFromStateMachine = -1
2025-10-10 11:52:57,169 [s3-impl-thread1] INFO  util.AwaitToRun (AwaitToRun.java:start(81)) - Thread[s3@group-26DAA163C1DE-cacheEviction-AwaitToRun,5,main] started
2025-10-10 11:52:57,169 [s3-impl-thread1] INFO  segmented.SegmentedRaftLogWorker (SegmentedRaftLogWorker.java:<init>(190)) - new s3@group-26DAA163C1DE-SegmentedRaftLogWorker for RaftStorageImpl:Storage Directory /home/runner/work/ratis/ratis/ratis-test/target/test/data/319b119c/MiniRaftClusterWithSimulatedRpc70f26566/s3/34aec926-268e-48a7-a948-26daa163c1de
2025-10-10 11:52:57,169 [s3-impl-thread1] INFO  segmented.SegmentedRaftLogWorker (SegmentedRaftLogWorker.java:lambda$new$0(141)) - s3@group-26DAA163C1DE-SegmentedRaftLogWorker: flushIndex: setUnconditionally 0 -> -1
2025-10-10 11:52:57,170 [s3-impl-thread1] INFO  segmented.SegmentedRaftLogWorker (SegmentedRaftLogWorker.java:lambda$new$0(141)) - s3@group-26DAA163C1DE-SegmentedRaftLogWorker: safeCacheEvictIndex: setUnconditionally 0 -> -1
2025-10-10 11:52:57,170 [s3-impl-thread1] INFO  server.RaftServer$Division (RaftServerImpl.java:start(412)) - s3@group-26DAA163C1DE: start with initializing state, conf=conf: {index: -1, cur=peers:[]|listeners:[], old=null}
2025-10-10 11:52:57,170 [s3-impl-thread1] INFO  server.RaftServer$Division (RaftServerImpl.java:setRole(393)) - s3@group-26DAA163C1DE: changes role from      null to FOLLOWER at term 0 for NOT_IN_CONF
2025-10-10 11:52:57,170 [s3-impl-thread1] INFO  util.JmxRegister (JmxRegister.java:tryRegister(44)) - Successfully registered JMX Bean with object name Ratis:service=RaftServer,group=group-26DAA163C1DE,id=s3
2025-10-10 11:52:57,170 [s3-impl-thread1] INFO  util.JmxRegister (JmxRegister.java:register(58)) - register mxBean class org.apache.ratis.server.impl.RaftServerJmxAdapter as Ratis:service=RaftServer,group=group-26DAA163C1DE,id=s3
2025-10-10 11:52:57,171 [s3-impl-thread1] INFO  server.RaftServer$Division (RaftServerImpl.java:start(420)) - s3@group-26DAA163C1DE: Successfully started.
2025-10-10 11:52:57,171 [main] INFO  server.RaftServer (RaftServerProxy.java:startImpl(415)) - s3: start RPC server
2025-10-10 11:52:57,172 [JvmPauseMonitor15] INFO  util.JvmPauseMonitor (JvmPauseMonitor.java:run(146)) - JvmPauseMonitor-s3: Started
2025-10-10 11:52:57,172 [s4-impl-thread1] INFO  server.RaftServerConfigKeys (ConfUtils.java:logGet(62)) - raft.server.storage.dir = [/home/runner/work/ratis/ratis/ratis-test/target/test/data/319b119c/MiniRaftClusterWithSimulatedRpc70f26566/s4] (custom)
2025-10-10 11:52:57,172 [s4-impl-thread1] INFO  storage.RaftStorageDirectory (RaftStorageDirectoryImpl.java:analyzeStorage(138)) - The storage directory /home/runner/work/ratis/ratis/ratis-test/target/test/data/319b119c/MiniRaftClusterWithSimulatedRpc70f26566/s4/34aec926-268e-48a7-a948-26daa163c1de does not exist. Creating ...
2025-10-10 11:52:57,172 [s4-impl-thread1] TRACE util.FileUtils (LogUtils.java:runAndLog(49)) - Successfully ran Files.createDirectories /home/runner/work/ratis/ratis/ratis-test/target/test/data/319b119c/MiniRaftClusterWithSimulatedRpc70f26566/s4/34aec926-268e-48a7-a948-26daa163c1de
2025-10-10 11:52:57,173 [s4-impl-thread1] INFO  storage.RaftStorageDirectory (RaftStorageDirectoryImpl.java:tryLock(229)) - Lock on /home/runner/work/ratis/ratis/ratis-test/target/test/data/319b119c/MiniRaftClusterWithSimulatedRpc70f26566/s4/34aec926-268e-48a7-a948-26daa163c1de/in_use.lock acquired by nodename 9833@runnervmwhb2z
2025-10-10 11:52:57,173 [s4-impl-thread1] TRACE util.FileUtils (LogUtils.java:runAndLog(49)) - Successfully ran Files.createDirectories /home/runner/work/ratis/ratis/ratis-test/target/test/data/319b119c/MiniRaftClusterWithSimulatedRpc70f26566/s4/34aec926-268e-48a7-a948-26daa163c1de/current
2025-10-10 11:52:57,174 [s4-impl-thread1] TRACE util.FileUtils (LogUtils.java:runAndLog(49)) - Successfully ran Files.createDirectories /home/runner/work/ratis/ratis/ratis-test/target/test/data/319b119c/MiniRaftClusterWithSimulatedRpc70f26566/s4/34aec926-268e-48a7-a948-26daa163c1de/sm
2025-10-10 11:52:57,174 [s4-impl-thread1] TRACE util.FileUtils (LogUtils.java:supplyAndLog(69)) - Successfully supplied FileChannel.open /home/runner/work/ratis/ratis/ratis-test/target/test/data/319b119c/MiniRaftClusterWithSimulatedRpc70f26566/s4/34aec926-268e-48a7-a948-26daa163c1de/current/raft-meta.tmp with options [CREATE, TRUNCATE_EXISTING, WRITE]: sun.nio.ch.FileChannelImpl@523a7e68
2025-10-10 11:52:57,175 [s4-impl-thread1] TRACE util.FileUtils (LogUtils.java:runAndLog(49)) - Successfully ran Atomic Files.move /home/runner/work/ratis/ratis/ratis-test/target/test/data/319b119c/MiniRaftClusterWithSimulatedRpc70f26566/s4/34aec926-268e-48a7-a948-26daa163c1de/current/raft-meta.tmp to /home/runner/work/ratis/ratis/ratis-test/target/test/data/319b119c/MiniRaftClusterWithSimulatedRpc70f26566/s4/34aec926-268e-48a7-a948-26daa163c1de/current/raft-meta with options [REPLACE_EXISTING]
2025-10-10 11:52:57,175 [s4-impl-thread1] INFO  storage.RaftStorage (RaftStorageImpl.java:format(98)) - Storage directory /home/runner/work/ratis/ratis/ratis-test/target/test/data/319b119c/MiniRaftClusterWithSimulatedRpc70f26566/s4/34aec926-268e-48a7-a948-26daa163c1de has been successfully formatted.
2025-10-10 11:52:57,175 [s4-impl-thread1] INFO  server.RaftServer$Division (ServerState.java:getSnapshotIndexFromStateMachine(155)) - s4@group-26DAA163C1DE: getLatestSnapshot(BaseStateMachine-29:s4:group-26DAA163C1DE) returns null
2025-10-10 11:52:57,175 [s4-impl-thread1] INFO  raftlog.RaftLog (RaftLogBase.java:<init>(90)) - s4@group-26DAA163C1DE-SegmentedRaftLog: snapshotIndexFromStateMachine = -1
2025-10-10 11:52:57,176 [s4-impl-thread1] INFO  util.AwaitToRun (AwaitToRun.java:start(81)) - Thread[s4@group-26DAA163C1DE-cacheEviction-AwaitToRun,5,main] started
2025-10-10 11:52:57,176 [s4-impl-thread1] INFO  segmented.SegmentedRaftLogWorker (SegmentedRaftLogWorker.java:<init>(190)) - new s4@group-26DAA163C1DE-SegmentedRaftLogWorker for RaftStorageImpl:Storage Directory /home/runner/work/ratis/ratis/ratis-test/target/test/data/319b119c/MiniRaftClusterWithSimulatedRpc70f26566/s4/34aec926-268e-48a7-a948-26daa163c1de
2025-10-10 11:52:57,177 [s4-impl-thread1] INFO  segmented.SegmentedRaftLogWorker (SegmentedRaftLogWorker.java:lambda$new$0(141)) - s4@group-26DAA163C1DE-SegmentedRaftLogWorker: flushIndex: setUnconditionally 0 -> -1
2025-10-10 11:52:57,177 [s4-impl-thread1] INFO  segmented.SegmentedRaftLogWorker (SegmentedRaftLogWorker.java:lambda$new$0(141)) - s4@group-26DAA163C1DE-SegmentedRaftLogWorker: safeCacheEvictIndex: setUnconditionally 0 -> -1
2025-10-10 11:52:57,177 [s4-impl-thread1] INFO  server.RaftServer$Division (RaftServerImpl.java:start(412)) - s4@group-26DAA163C1DE: start with initializing state, conf=conf: {index: -1, cur=peers:[]|listeners:[], old=null}
2025-10-10 11:52:57,177 [s4-impl-thread1] INFO  server.RaftServer$Division (RaftServerImpl.java:setRole(393)) - s4@group-26DAA163C1DE: changes role from      null to FOLLOWER at term 0 for NOT_IN_CONF
2025-10-10 11:52:57,178 [s4-impl-thread1] INFO  util.JmxRegister (JmxRegister.java:tryRegister(44)) - Successfully registered JMX Bean with object name Ratis:service=RaftServer,group=group-26DAA163C1DE,id=s4
2025-10-10 11:52:57,178 [s4-impl-thread1] INFO  util.JmxRegister (JmxRegister.java:register(58)) - register mxBean class org.apache.ratis.server.impl.RaftServerJmxAdapter as Ratis:service=RaftServer,group=group-26DAA163C1DE,id=s4
2025-10-10 11:52:57,178 [s4-impl-thread1] INFO  server.RaftServer$Division (RaftServerImpl.java:start(420)) - s4@group-26DAA163C1DE: Successfully started.
2025-10-10 11:52:57,178 [main] INFO  server.RaftServer (RaftServerProxy.java:startImpl(415)) - s4: start RPC server
2025-10-10 11:52:57,179 [JvmPauseMonitor16] INFO  util.JvmPauseMonitor (JvmPauseMonitor.java:run(146)) - JvmPauseMonitor-s4: Started
2025-10-10 11:52:57,180 [s5-impl-thread1] INFO  server.RaftServerConfigKeys (ConfUtils.java:logGet(62)) - raft.server.storage.dir = [/home/runner/work/ratis/ratis/ratis-test/target/test/data/319b119c/MiniRaftClusterWithSimulatedRpc70f26566/s5] (custom)
2025-10-10 11:52:57,180 [s5-impl-thread1] INFO  storage.RaftStorageDirectory (RaftStorageDirectoryImpl.java:analyzeStorage(138)) - The storage directory /home/runner/work/ratis/ratis/ratis-test/target/test/data/319b119c/MiniRaftClusterWithSimulatedRpc70f26566/s5/34aec926-268e-48a7-a948-26daa163c1de does not exist. Creating ...
2025-10-10 11:52:57,180 [s5-impl-thread1] TRACE util.FileUtils (LogUtils.java:runAndLog(49)) - Successfully ran Files.createDirectories /home/runner/work/ratis/ratis/ratis-test/target/test/data/319b119c/MiniRaftClusterWithSimulatedRpc70f26566/s5/34aec926-268e-48a7-a948-26daa163c1de
2025-10-10 11:52:57,181 [s5-impl-thread1] INFO  storage.RaftStorageDirectory (RaftStorageDirectoryImpl.java:tryLock(229)) - Lock on /home/runner/work/ratis/ratis/ratis-test/target/test/data/319b119c/MiniRaftClusterWithSimulatedRpc70f26566/s5/34aec926-268e-48a7-a948-26daa163c1de/in_use.lock acquired by nodename 9833@runnervmwhb2z
2025-10-10 11:52:57,181 [s5-impl-thread1] TRACE util.FileUtils (LogUtils.java:runAndLog(49)) - Successfully ran Files.createDirectories /home/runner/work/ratis/ratis/ratis-test/target/test/data/319b119c/MiniRaftClusterWithSimulatedRpc70f26566/s5/34aec926-268e-48a7-a948-26daa163c1de/current
2025-10-10 11:52:57,181 [s5-impl-thread1] TRACE util.FileUtils (LogUtils.java:runAndLog(49)) - Successfully ran Files.createDirectories /home/runner/work/ratis/ratis/ratis-test/target/test/data/319b119c/MiniRaftClusterWithSimulatedRpc70f26566/s5/34aec926-268e-48a7-a948-26daa163c1de/sm
2025-10-10 11:52:57,181 [s5-impl-thread1] TRACE util.FileUtils (LogUtils.java:supplyAndLog(69)) - Successfully supplied FileChannel.open /home/runner/work/ratis/ratis/ratis-test/target/test/data/319b119c/MiniRaftClusterWithSimulatedRpc70f26566/s5/34aec926-268e-48a7-a948-26daa163c1de/current/raft-meta.tmp with options [CREATE, TRUNCATE_EXISTING, WRITE]: sun.nio.ch.FileChannelImpl@758a16c7
2025-10-10 11:52:57,182 [s5-impl-thread1] TRACE util.FileUtils (LogUtils.java:runAndLog(49)) - Successfully ran Atomic Files.move /home/runner/work/ratis/ratis/ratis-test/target/test/data/319b119c/MiniRaftClusterWithSimulatedRpc70f26566/s5/34aec926-268e-48a7-a948-26daa163c1de/current/raft-meta.tmp to /home/runner/work/ratis/ratis/ratis-test/target/test/data/319b119c/MiniRaftClusterWithSimulatedRpc70f26566/s5/34aec926-268e-48a7-a948-26daa163c1de/current/raft-meta with options [REPLACE_EXISTING]
2025-10-10 11:52:57,182 [s5-impl-thread1] INFO  storage.RaftStorage (RaftStorageImpl.java:format(98)) - Storage directory /home/runner/work/ratis/ratis/ratis-test/target/test/data/319b119c/MiniRaftClusterWithSimulatedRpc70f26566/s5/34aec926-268e-48a7-a948-26daa163c1de has been successfully formatted.
2025-10-10 11:52:57,182 [s5-impl-thread1] INFO  server.RaftServer$Division (ServerState.java:getSnapshotIndexFromStateMachine(155)) - s5@group-26DAA163C1DE: getLatestSnapshot(BaseStateMachine-30:s5:group-26DAA163C1DE) returns null
2025-10-10 11:52:57,182 [s5-impl-thread1] INFO  raftlog.RaftLog (RaftLogBase.java:<init>(90)) - s5@group-26DAA163C1DE-SegmentedRaftLog: snapshotIndexFromStateMachine = -1
2025-10-10 11:52:57,183 [s5-impl-thread1] INFO  util.AwaitToRun (AwaitToRun.java:start(81)) - Thread[s5@group-26DAA163C1DE-cacheEviction-AwaitToRun,5,main] started
2025-10-10 11:52:57,183 [s5-impl-thread1] INFO  segmented.SegmentedRaftLogWorker (SegmentedRaftLogWorker.java:<init>(190)) - new s5@group-26DAA163C1DE-SegmentedRaftLogWorker for RaftStorageImpl:Storage Directory /home/runner/work/ratis/ratis/ratis-test/target/test/data/319b119c/MiniRaftClusterWithSimulatedRpc70f26566/s5/34aec926-268e-48a7-a948-26daa163c1de
2025-10-10 11:52:57,186 [s5-impl-thread1] INFO  segmented.SegmentedRaftLogWorker (SegmentedRaftLogWorker.java:lambda$new$0(141)) - s5@group-26DAA163C1DE-SegmentedRaftLogWorker: flushIndex: setUnconditionally 0 -> -1
2025-10-10 11:52:57,186 [s5-impl-thread1] INFO  segmented.SegmentedRaftLogWorker (SegmentedRaftLogWorker.java:lambda$new$0(141)) - s5@group-26DAA163C1DE-SegmentedRaftLogWorker: safeCacheEvictIndex: setUnconditionally 0 -> -1
2025-10-10 11:52:57,186 [s5-impl-thread1] INFO  server.RaftServer$Division (RaftServerImpl.java:start(412)) - s5@group-26DAA163C1DE: start with initializing state, conf=conf: {index: -1, cur=peers:[]|listeners:[], old=null}
2025-10-10 11:52:57,186 [s5-impl-thread1] INFO  server.RaftServer$Division (RaftServerImpl.java:setRole(393)) - s5@group-26DAA163C1DE: changes role from      null to FOLLOWER at term 0 for NOT_IN_CONF
2025-10-10 11:52:57,186 [s5-impl-thread1] INFO  util.JmxRegister (JmxRegister.java:tryRegister(44)) - Successfully registered JMX Bean with object name Ratis:service=RaftServer,group=group-26DAA163C1DE,id=s5
2025-10-10 11:52:57,186 [s5-impl-thread1] INFO  util.JmxRegister (JmxRegister.java:register(58)) - register mxBean class org.apache.ratis.server.impl.RaftServerJmxAdapter as Ratis:service=RaftServer,group=group-26DAA163C1DE,id=s5
2025-10-10 11:52:57,187 [s5-impl-thread1] INFO  server.RaftServer$Division (RaftServerImpl.java:start(420)) - s5@group-26DAA163C1DE: Successfully started.
2025-10-10 11:52:57,187 [main] INFO  server.RaftServer (RaftServerProxy.java:startImpl(415)) - s5: start RPC server
2025-10-10 11:52:57,188 [JvmPauseMonitor17] INFO  util.JvmPauseMonitor (JvmPauseMonitor.java:run(146)) - JvmPauseMonitor-s5: Started
2025-10-10 11:52:57,188 [s6-impl-thread1] INFO  server.RaftServerConfigKeys (ConfUtils.java:logGet(62)) - raft.server.storage.dir = [/home/runner/work/ratis/ratis/ratis-test/target/test/data/319b119c/MiniRaftClusterWithSimulatedRpc70f26566/s6] (custom)
2025-10-10 11:52:57,188 [s6-impl-thread1] INFO  storage.RaftStorageDirectory (RaftStorageDirectoryImpl.java:analyzeStorage(138)) - The storage directory /home/runner/work/ratis/ratis/ratis-test/target/test/data/319b119c/MiniRaftClusterWithSimulatedRpc70f26566/s6/34aec926-268e-48a7-a948-26daa163c1de does not exist. Creating ...
2025-10-10 11:52:57,188 [s6-impl-thread1] TRACE util.FileUtils (LogUtils.java:runAndLog(49)) - Successfully ran Files.createDirectories /home/runner/work/ratis/ratis/ratis-test/target/test/data/319b119c/MiniRaftClusterWithSimulatedRpc70f26566/s6/34aec926-268e-48a7-a948-26daa163c1de
2025-10-10 11:52:57,189 [s6-impl-thread1] INFO  storage.RaftStorageDirectory (RaftStorageDirectoryImpl.java:tryLock(229)) - Lock on /home/runner/work/ratis/ratis/ratis-test/target/test/data/319b119c/MiniRaftClusterWithSimulatedRpc70f26566/s6/34aec926-268e-48a7-a948-26daa163c1de/in_use.lock acquired by nodename 9833@runnervmwhb2z
2025-10-10 11:52:57,189 [s6-impl-thread1] TRACE util.FileUtils (LogUtils.java:runAndLog(49)) - Successfully ran Files.createDirectories /home/runner/work/ratis/ratis/ratis-test/target/test/data/319b119c/MiniRaftClusterWithSimulatedRpc70f26566/s6/34aec926-268e-48a7-a948-26daa163c1de/current
2025-10-10 11:52:57,189 [s6-impl-thread1] TRACE util.FileUtils (LogUtils.java:runAndLog(49)) - Successfully ran Files.createDirectories /home/runner/work/ratis/ratis/ratis-test/target/test/data/319b119c/MiniRaftClusterWithSimulatedRpc70f26566/s6/34aec926-268e-48a7-a948-26daa163c1de/sm
2025-10-10 11:52:57,190 [s6-impl-thread1] TRACE util.FileUtils (LogUtils.java:supplyAndLog(69)) - Successfully supplied FileChannel.open /home/runner/work/ratis/ratis/ratis-test/target/test/data/319b119c/MiniRaftClusterWithSimulatedRpc70f26566/s6/34aec926-268e-48a7-a948-26daa163c1de/current/raft-meta.tmp with options [CREATE, TRUNCATE_EXISTING, WRITE]: sun.nio.ch.FileChannelImpl@4c7d8e16
2025-10-10 11:52:57,190 [s6-impl-thread1] TRACE util.FileUtils (LogUtils.java:runAndLog(49)) - Successfully ran Atomic Files.move /home/runner/work/ratis/ratis/ratis-test/target/test/data/319b119c/MiniRaftClusterWithSimulatedRpc70f26566/s6/34aec926-268e-48a7-a948-26daa163c1de/current/raft-meta.tmp to /home/runner/work/ratis/ratis/ratis-test/target/test/data/319b119c/MiniRaftClusterWithSimulatedRpc70f26566/s6/34aec926-268e-48a7-a948-26daa163c1de/current/raft-meta with options [REPLACE_EXISTING]
2025-10-10 11:52:57,190 [s6-impl-thread1] INFO  storage.RaftStorage (RaftStorageImpl.java:format(98)) - Storage directory /home/runner/work/ratis/ratis/ratis-test/target/test/data/319b119c/MiniRaftClusterWithSimulatedRpc70f26566/s6/34aec926-268e-48a7-a948-26daa163c1de has been successfully formatted.
2025-10-10 11:52:57,191 [s6-impl-thread1] INFO  server.RaftServer$Division (ServerState.java:getSnapshotIndexFromStateMachine(155)) - s6@group-26DAA163C1DE: getLatestSnapshot(BaseStateMachine-31:s6:group-26DAA163C1DE) returns null
2025-10-10 11:52:57,191 [s6-impl-thread1] INFO  raftlog.RaftLog (RaftLogBase.java:<init>(90)) - s6@group-26DAA163C1DE-SegmentedRaftLog: snapshotIndexFromStateMachine = -1
2025-10-10 11:52:57,192 [s6-impl-thread1] INFO  util.AwaitToRun (AwaitToRun.java:start(81)) - Thread[s6@group-26DAA163C1DE-cacheEviction-AwaitToRun,5,main] started
2025-10-10 11:52:57,192 [s6-impl-thread1] INFO  segmented.SegmentedRaftLogWorker (SegmentedRaftLogWorker.java:<init>(190)) - new s6@group-26DAA163C1DE-SegmentedRaftLogWorker for RaftStorageImpl:Storage Directory /home/runner/work/ratis/ratis/ratis-test/target/test/data/319b119c/MiniRaftClusterWithSimulatedRpc70f26566/s6/34aec926-268e-48a7-a948-26daa163c1de
2025-10-10 11:52:57,194 [s6-impl-thread1] INFO  segmented.SegmentedRaftLogWorker (SegmentedRaftLogWorker.java:lambda$new$0(141)) - s6@group-26DAA163C1DE-SegmentedRaftLogWorker: flushIndex: setUnconditionally 0 -> -1
2025-10-10 11:52:57,194 [s6-impl-thread1] INFO  segmented.SegmentedRaftLogWorker (SegmentedRaftLogWorker.java:lambda$new$0(141)) - s6@group-26DAA163C1DE-SegmentedRaftLogWorker: safeCacheEvictIndex: setUnconditionally 0 -> -1
2025-10-10 11:52:57,194 [s6-impl-thread1] INFO  server.RaftServer$Division (RaftServerImpl.java:start(412)) - s6@group-26DAA163C1DE: start with initializing state, conf=conf: {index: -1, cur=peers:[]|listeners:[], old=null}
2025-10-10 11:52:57,194 [s6-impl-thread1] INFO  server.RaftServer$Division (RaftServerImpl.java:setRole(393)) - s6@group-26DAA163C1DE: changes role from      null to FOLLOWER at term 0 for NOT_IN_CONF
2025-10-10 11:52:57,194 [s6-impl-thread1] INFO  util.JmxRegister (JmxRegister.java:tryRegister(44)) - Successfully registered JMX Bean with object name Ratis:service=RaftServer,group=group-26DAA163C1DE,id=s6
2025-10-10 11:52:57,194 [s6-impl-thread1] INFO  util.JmxRegister (JmxRegister.java:register(58)) - register mxBean class org.apache.ratis.server.impl.RaftServerJmxAdapter as Ratis:service=RaftServer,group=group-26DAA163C1DE,id=s6
2025-10-10 11:52:57,195 [s6-impl-thread1] INFO  server.RaftServer$Division (RaftServerImpl.java:start(420)) - s6@group-26DAA163C1DE: Successfully started.
2025-10-10 11:52:57,195 [main] INFO  server.RaftServer (RaftServerProxy.java:startImpl(415)) - s6: start RPC server
2025-10-10 11:52:57,196 [JvmPauseMonitor18] INFO  util.JvmPauseMonitor (JvmPauseMonitor.java:run(146)) - JvmPauseMonitor-s6: Started
2025-10-10 11:52:57,196 [s0-impl-thread1] INFO  server.RaftServerConfigKeys (ConfUtils.java:logGet(62)) - raft.server.storage.dir = [/home/runner/work/ratis/ratis/ratis-test/target/test/data/319b119c/MiniRaftClusterWithSimulatedRpc70f26566/s0] (custom)
2025-10-10 11:52:57,196 [s0-impl-thread1] INFO  storage.RaftStorageDirectory (RaftStorageDirectoryImpl.java:analyzeStorage(138)) - The storage directory /home/runner/work/ratis/ratis/ratis-test/target/test/data/319b119c/MiniRaftClusterWithSimulatedRpc70f26566/s0/34aec926-268e-48a7-a948-26daa163c1de does not exist. Creating ...
2025-10-10 11:52:57,196 [s0-impl-thread1] TRACE util.FileUtils (LogUtils.java:runAndLog(49)) - Successfully ran Files.createDirectories /home/runner/work/ratis/ratis/ratis-test/target/test/data/319b119c/MiniRaftClusterWithSimulatedRpc70f26566/s0/34aec926-268e-48a7-a948-26daa163c1de
2025-10-10 11:52:57,197 [s0-impl-thread1] INFO  storage.RaftStorageDirectory (RaftStorageDirectoryImpl.java:tryLock(229)) - Lock on /home/runner/work/ratis/ratis/ratis-test/target/test/data/319b119c/MiniRaftClusterWithSimulatedRpc70f26566/s0/34aec926-268e-48a7-a948-26daa163c1de/in_use.lock acquired by nodename 9833@runnervmwhb2z
2025-10-10 11:52:57,197 [s0-impl-thread1] TRACE util.FileUtils (LogUtils.java:runAndLog(49)) - Successfully ran Files.createDirectories /home/runner/work/ratis/ratis/ratis-test/target/test/data/319b119c/MiniRaftClusterWithSimulatedRpc70f26566/s0/34aec926-268e-48a7-a948-26daa163c1de/current
2025-10-10 11:52:57,197 [s0-impl-thread1] TRACE util.FileUtils (LogUtils.java:runAndLog(49)) - Successfully ran Files.createDirectories /home/runner/work/ratis/ratis/ratis-test/target/test/data/319b119c/MiniRaftClusterWithSimulatedRpc70f26566/s0/34aec926-268e-48a7-a948-26daa163c1de/sm
2025-10-10 11:52:57,198 [s0-impl-thread1] TRACE util.FileUtils (LogUtils.java:supplyAndLog(69)) - Successfully supplied FileChannel.open /home/runner/work/ratis/ratis/ratis-test/target/test/data/319b119c/MiniRaftClusterWithSimulatedRpc70f26566/s0/34aec926-268e-48a7-a948-26daa163c1de/current/raft-meta.tmp with options [CREATE, TRUNCATE_EXISTING, WRITE]: sun.nio.ch.FileChannelImpl@4ec608f6
2025-10-10 11:52:57,198 [s0-impl-thread1] TRACE util.FileUtils (LogUtils.java:runAndLog(49)) - Successfully ran Atomic Files.move /home/runner/work/ratis/ratis/ratis-test/target/test/data/319b119c/MiniRaftClusterWithSimulatedRpc70f26566/s0/34aec926-268e-48a7-a948-26daa163c1de/current/raft-meta.tmp to /home/runner/work/ratis/ratis/ratis-test/target/test/data/319b119c/MiniRaftClusterWithSimulatedRpc70f26566/s0/34aec926-268e-48a7-a948-26daa163c1de/current/raft-meta with options [REPLACE_EXISTING]
2025-10-10 11:52:57,198 [s0-impl-thread1] INFO  storage.RaftStorage (RaftStorageImpl.java:format(98)) - Storage directory /home/runner/work/ratis/ratis/ratis-test/target/test/data/319b119c/MiniRaftClusterWithSimulatedRpc70f26566/s0/34aec926-268e-48a7-a948-26daa163c1de has been successfully formatted.
2025-10-10 11:52:57,199 [s0-impl-thread1] INFO  server.RaftServer$Division (ServerState.java:getSnapshotIndexFromStateMachine(155)) - s0@group-26DAA163C1DE: getLatestSnapshot(BaseStateMachine-25:s0:group-26DAA163C1DE) returns null
2025-10-10 11:52:57,199 [s0-impl-thread1] INFO  raftlog.RaftLog (RaftLogBase.java:<init>(90)) - s0@group-26DAA163C1DE-SegmentedRaftLog: snapshotIndexFromStateMachine = -1
2025-10-10 11:52:57,199 [s0-impl-thread1] INFO  util.AwaitToRun (AwaitToRun.java:start(81)) - Thread[s0@group-26DAA163C1DE-cacheEviction-AwaitToRun,5,main] started
2025-10-10 11:52:57,199 [s0-impl-thread1] INFO  segmented.SegmentedRaftLogWorker (SegmentedRaftLogWorker.java:<init>(190)) - new s0@group-26DAA163C1DE-SegmentedRaftLogWorker for RaftStorageImpl:Storage Directory /home/runner/work/ratis/ratis/ratis-test/target/test/data/319b119c/MiniRaftClusterWithSimulatedRpc70f26566/s0/34aec926-268e-48a7-a948-26daa163c1de
2025-10-10 11:52:57,200 [s0-impl-thread1] INFO  segmented.SegmentedRaftLogWorker (SegmentedRaftLogWorker.java:lambda$new$0(141)) - s0@group-26DAA163C1DE-SegmentedRaftLogWorker: flushIndex: setUnconditionally 0 -> -1
2025-10-10 11:52:57,200 [s0-impl-thread1] INFO  segmented.SegmentedRaftLogWorker (SegmentedRaftLogWorker.java:lambda$new$0(141)) - s0@group-26DAA163C1DE-SegmentedRaftLogWorker: safeCacheEvictIndex: setUnconditionally 0 -> -1
2025-10-10 11:52:57,200 [s0-impl-thread1] INFO  server.RaftServer$Division (RaftServerImpl.java:start(412)) - s0@group-26DAA163C1DE: start with initializing state, conf=conf: {index: -1, cur=peers:[]|listeners:[], old=null}
2025-10-10 11:52:57,200 [s0-impl-thread1] INFO  server.RaftServer$Division (RaftServerImpl.java:setRole(393)) - s0@group-26DAA163C1DE: changes role from      null to FOLLOWER at term 0 for NOT_IN_CONF
2025-10-10 11:52:57,201 [s0-impl-thread1] INFO  util.JmxRegister (JmxRegister.java:tryRegister(44)) - Successfully registered JMX Bean with object name Ratis:service=RaftServer,group=group-26DAA163C1DE,id=s0
2025-10-10 11:52:57,201 [s0-impl-thread1] INFO  util.JmxRegister (JmxRegister.java:register(58)) - register mxBean class org.apache.ratis.server.impl.RaftServerJmxAdapter as Ratis:service=RaftServer,group=group-26DAA163C1DE,id=s0
2025-10-10 11:52:57,201 [s0-impl-thread1] INFO  server.RaftServer$Division (RaftServerImpl.java:start(420)) - s0@group-26DAA163C1DE: Successfully started.
2025-10-10 11:52:57,201 [main] INFO  server.RaftServer (RaftServerProxy.java:startImpl(415)) - s0: start RPC server
2025-10-10 11:52:57,202 [JvmPauseMonitor19] INFO  util.JvmPauseMonitor (JvmPauseMonitor.java:run(146)) - JvmPauseMonitor-s0: Started
2025-10-10 11:52:57,202 [s1-impl-thread1] INFO  server.RaftServerConfigKeys (ConfUtils.java:logGet(62)) - raft.server.storage.dir = [/home/runner/work/ratis/ratis/ratis-test/target/test/data/319b119c/MiniRaftClusterWithSimulatedRpc70f26566/s1] (custom)
2025-10-10 11:52:57,202 [s1-impl-thread1] INFO  storage.RaftStorageDirectory (RaftStorageDirectoryImpl.java:analyzeStorage(138)) - The storage directory /home/runner/work/ratis/ratis/ratis-test/target/test/data/319b119c/MiniRaftClusterWithSimulatedRpc70f26566/s1/34aec926-268e-48a7-a948-26daa163c1de does not exist. Creating ...
2025-10-10 11:52:57,203 [s1-impl-thread1] TRACE util.FileUtils (LogUtils.java:runAndLog(49)) - Successfully ran Files.createDirectories /home/runner/work/ratis/ratis/ratis-test/target/test/data/319b119c/MiniRaftClusterWithSimulatedRpc70f26566/s1/34aec926-268e-48a7-a948-26daa163c1de
2025-10-10 11:52:57,203 [s1-impl-thread1] INFO  storage.RaftStorageDirectory (RaftStorageDirectoryImpl.java:tryLock(229)) - Lock on /home/runner/work/ratis/ratis/ratis-test/target/test/data/319b119c/MiniRaftClusterWithSimulatedRpc70f26566/s1/34aec926-268e-48a7-a948-26daa163c1de/in_use.lock acquired by nodename 9833@runnervmwhb2z
2025-10-10 11:52:57,204 [s1-impl-thread1] TRACE util.FileUtils (LogUtils.java:runAndLog(49)) - Successfully ran Files.createDirectories /home/runner/work/ratis/ratis/ratis-test/target/test/data/319b119c/MiniRaftClusterWithSimulatedRpc70f26566/s1/34aec926-268e-48a7-a948-26daa163c1de/current
2025-10-10 11:52:57,204 [s1-impl-thread1] TRACE util.FileUtils (LogUtils.java:runAndLog(49)) - Successfully ran Files.createDirectories /home/runner/work/ratis/ratis/ratis-test/target/test/data/319b119c/MiniRaftClusterWithSimulatedRpc70f26566/s1/34aec926-268e-48a7-a948-26daa163c1de/sm
2025-10-10 11:52:57,204 [s1-impl-thread1] TRACE util.FileUtils (LogUtils.java:supplyAndLog(69)) - Successfully supplied FileChannel.open /home/runner/work/ratis/ratis/ratis-test/target/test/data/319b119c/MiniRaftClusterWithSimulatedRpc70f26566/s1/34aec926-268e-48a7-a948-26daa163c1de/current/raft-meta.tmp with options [CREATE, TRUNCATE_EXISTING, WRITE]: sun.nio.ch.FileChannelImpl@4990d800
2025-10-10 11:52:57,204 [s1-impl-thread1] TRACE util.FileUtils (LogUtils.java:runAndLog(49)) - Successfully ran Atomic Files.move /home/runner/work/ratis/ratis/ratis-test/target/test/data/319b119c/MiniRaftClusterWithSimulatedRpc70f26566/s1/34aec926-268e-48a7-a948-26daa163c1de/current/raft-meta.tmp to /home/runner/work/ratis/ratis/ratis-test/target/test/data/319b119c/MiniRaftClusterWithSimulatedRpc70f26566/s1/34aec926-268e-48a7-a948-26daa163c1de/current/raft-meta with options [REPLACE_EXISTING]
2025-10-10 11:52:57,205 [s1-impl-thread1] INFO  storage.RaftStorage (RaftStorageImpl.java:format(98)) - Storage directory /home/runner/work/ratis/ratis/ratis-test/target/test/data/319b119c/MiniRaftClusterWithSimulatedRpc70f26566/s1/34aec926-268e-48a7-a948-26daa163c1de has been successfully formatted.
2025-10-10 11:52:57,205 [s1-impl-thread1] INFO  server.RaftServer$Division (ServerState.java:getSnapshotIndexFromStateMachine(155)) - s1@group-26DAA163C1DE: getLatestSnapshot(BaseStateMachine-26:s1:group-26DAA163C1DE) returns null
2025-10-10 11:52:57,205 [s1-impl-thread1] INFO  raftlog.RaftLog (RaftLogBase.java:<init>(90)) - s1@group-26DAA163C1DE-SegmentedRaftLog: snapshotIndexFromStateMachine = -1
2025-10-10 11:52:57,205 [s1-impl-thread1] INFO  util.AwaitToRun (AwaitToRun.java:start(81)) - Thread[s1@group-26DAA163C1DE-cacheEviction-AwaitToRun,5,main] started
2025-10-10 11:52:57,206 [s1-impl-thread1] INFO  segmented.SegmentedRaftLogWorker (SegmentedRaftLogWorker.java:<init>(190)) - new s1@group-26DAA163C1DE-SegmentedRaftLogWorker for RaftStorageImpl:Storage Directory /home/runner/work/ratis/ratis/ratis-test/target/test/data/319b119c/MiniRaftClusterWithSimulatedRpc70f26566/s1/34aec926-268e-48a7-a948-26daa163c1de
2025-10-10 11:52:57,206 [s1-impl-thread1] INFO  segmented.SegmentedRaftLogWorker (SegmentedRaftLogWorker.java:lambda$new$0(141)) - s1@group-26DAA163C1DE-SegmentedRaftLogWorker: flushIndex: setUnconditionally 0 -> -1
2025-10-10 11:52:57,206 [s1-impl-thread1] INFO  segmented.SegmentedRaftLogWorker (SegmentedRaftLogWorker.java:lambda$new$0(141)) - s1@group-26DAA163C1DE-SegmentedRaftLogWorker: safeCacheEvictIndex: setUnconditionally 0 -> -1
2025-10-10 11:52:57,207 [s1-impl-thread1] INFO  server.RaftServer$Division (RaftServerImpl.java:start(412)) - s1@group-26DAA163C1DE: start with initializing state, conf=conf: {index: -1, cur=peers:[]|listeners:[], old=null}
2025-10-10 11:52:57,207 [s1-impl-thread1] INFO  server.RaftServer$Division (RaftServerImpl.java:setRole(393)) - s1@group-26DAA163C1DE: changes role from      null to FOLLOWER at term 0 for NOT_IN_CONF
2025-10-10 11:52:57,207 [s1-impl-thread1] INFO  util.JmxRegister (JmxRegister.java:tryRegister(44)) - Successfully registered JMX Bean with object name Ratis:service=RaftServer,group=group-26DAA163C1DE,id=s1
2025-10-10 11:52:57,207 [s1-impl-thread1] INFO  util.JmxRegister (JmxRegister.java:register(58)) - register mxBean class org.apache.ratis.server.impl.RaftServerJmxAdapter as Ratis:service=RaftServer,group=group-26DAA163C1DE,id=s1
2025-10-10 11:52:57,207 [s1-impl-thread1] INFO  server.RaftServer$Division (RaftServerImpl.java:start(420)) - s1@group-26DAA163C1DE: Successfully started.
2025-10-10 11:52:57,207 [main] INFO  server.RaftServer (RaftServerProxy.java:startImpl(415)) - s1: start RPC server
2025-10-10 11:52:57,208 [JvmPauseMonitor20] INFO  util.JvmPauseMonitor (JvmPauseMonitor.java:run(146)) - JvmPauseMonitor-s1: Started
2025-10-10 11:52:57,209 [s2-impl-thread1] INFO  server.RaftServerConfigKeys (ConfUtils.java:logGet(62)) - raft.server.storage.dir = [/home/runner/work/ratis/ratis/ratis-test/target/test/data/319b119c/MiniRaftClusterWithSimulatedRpc70f26566/s2] (custom)
2025-10-10 11:52:57,209 [s2-impl-thread1] INFO  storage.RaftStorageDirectory (RaftStorageDirectoryImpl.java:analyzeStorage(138)) - The storage directory /home/runner/work/ratis/ratis/ratis-test/target/test/data/319b119c/MiniRaftClusterWithSimulatedRpc70f26566/s2/34aec926-268e-48a7-a948-26daa163c1de does not exist. Creating ...
2025-10-10 11:52:57,209 [s2-impl-thread1] TRACE util.FileUtils (LogUtils.java:runAndLog(49)) - Successfully ran Files.createDirectories /home/runner/work/ratis/ratis/ratis-test/target/test/data/319b119c/MiniRaftClusterWithSimulatedRpc70f26566/s2/34aec926-268e-48a7-a948-26daa163c1de
2025-10-10 11:52:57,210 [s2-impl-thread1] INFO  storage.RaftStorageDirectory (RaftStorageDirectoryImpl.java:tryLock(229)) - Lock on /home/runner/work/ratis/ratis/ratis-test/target/test/data/319b119c/MiniRaftClusterWithSimulatedRpc70f26566/s2/34aec926-268e-48a7-a948-26daa163c1de/in_use.lock acquired by nodename 9833@runnervmwhb2z
2025-10-10 11:52:57,210 [s2-impl-thread1] TRACE util.FileUtils (LogUtils.java:runAndLog(49)) - Successfully ran Files.createDirectories /home/runner/work/ratis/ratis/ratis-test/target/test/data/319b119c/MiniRaftClusterWithSimulatedRpc70f26566/s2/34aec926-268e-48a7-a948-26daa163c1de/current
2025-10-10 11:52:57,210 [s2-impl-thread1] TRACE util.FileUtils (LogUtils.java:runAndLog(49)) - Successfully ran Files.createDirectories /home/runner/work/ratis/ratis/ratis-test/target/test/data/319b119c/MiniRaftClusterWithSimulatedRpc70f26566/s2/34aec926-268e-48a7-a948-26daa163c1de/sm
2025-10-10 11:52:57,210 [s2-impl-thread1] TRACE util.FileUtils (LogUtils.java:supplyAndLog(69)) - Successfully supplied FileChannel.open /home/runner/work/ratis/ratis/ratis-test/target/test/data/319b119c/MiniRaftClusterWithSimulatedRpc70f26566/s2/34aec926-268e-48a7-a948-26daa163c1de/current/raft-meta.tmp with options [CREATE, TRUNCATE_EXISTING, WRITE]: sun.nio.ch.FileChannelImpl@52532f95
2025-10-10 11:52:57,211 [s2-impl-thread1] TRACE util.FileUtils (LogUtils.java:runAndLog(49)) - Successfully ran Atomic Files.move /home/runner/work/ratis/ratis/ratis-test/target/test/data/319b119c/MiniRaftClusterWithSimulatedRpc70f26566/s2/34aec926-268e-48a7-a948-26daa163c1de/current/raft-meta.tmp to /home/runner/work/ratis/ratis/ratis-test/target/test/data/319b119c/MiniRaftClusterWithSimulatedRpc70f26566/s2/34aec926-268e-48a7-a948-26daa163c1de/current/raft-meta with options [REPLACE_EXISTING]
2025-10-10 11:52:57,211 [s2-impl-thread1] INFO  storage.RaftStorage (RaftStorageImpl.java:format(98)) - Storage directory /home/runner/work/ratis/ratis/ratis-test/target/test/data/319b119c/MiniRaftClusterWithSimulatedRpc70f26566/s2/34aec926-268e-48a7-a948-26daa163c1de has been successfully formatted.
2025-10-10 11:52:57,211 [s2-impl-thread1] INFO  server.RaftServer$Division (ServerState.java:getSnapshotIndexFromStateMachine(155)) - s2@group-26DAA163C1DE: getLatestSnapshot(BaseStateMachine-27:s2:group-26DAA163C1DE) returns null
2025-10-10 11:52:57,211 [s2-impl-thread1] INFO  raftlog.RaftLog (RaftLogBase.java:<init>(90)) - s2@group-26DAA163C1DE-SegmentedRaftLog: snapshotIndexFromStateMachine = -1
2025-10-10 11:52:57,212 [s2-impl-thread1] INFO  util.AwaitToRun (AwaitToRun.java:start(81)) - Thread[s2@group-26DAA163C1DE-cacheEviction-AwaitToRun,5,main] started
2025-10-10 11:52:57,212 [s2-impl-thread1] INFO  segmented.SegmentedRaftLogWorker (SegmentedRaftLogWorker.java:<init>(190)) - new s2@group-26DAA163C1DE-SegmentedRaftLogWorker for RaftStorageImpl:Storage Directory /home/runner/work/ratis/ratis/ratis-test/target/test/data/319b119c/MiniRaftClusterWithSimulatedRpc70f26566/s2/34aec926-268e-48a7-a948-26daa163c1de
2025-10-10 11:52:57,213 [s2-impl-thread1] INFO  segmented.SegmentedRaftLogWorker (SegmentedRaftLogWorker.java:lambda$new$0(141)) - s2@group-26DAA163C1DE-SegmentedRaftLogWorker: flushIndex: setUnconditionally 0 -> -1
2025-10-10 11:52:57,213 [s2-impl-thread1] INFO  segmented.SegmentedRaftLogWorker (SegmentedRaftLogWorker.java:lambda$new$0(141)) - s2@group-26DAA163C1DE-SegmentedRaftLogWorker: safeCacheEvictIndex: setUnconditionally 0 -> -1
2025-10-10 11:52:57,214 [s2-impl-thread1] INFO  server.RaftServer$Division (RaftServerImpl.java:start(412)) - s2@group-26DAA163C1DE: start with initializing state, conf=conf: {index: -1, cur=peers:[]|listeners:[], old=null}
2025-10-10 11:52:57,214 [s2-impl-thread1] INFO  server.RaftServer$Division (RaftServerImpl.java:setRole(393)) - s2@group-26DAA163C1DE: changes role from      null to FOLLOWER at term 0 for NOT_IN_CONF
2025-10-10 11:52:57,214 [s2-impl-thread1] INFO  util.JmxRegister (JmxRegister.java:tryRegister(44)) - Successfully registered JMX Bean with object name Ratis:service=RaftServer,group=group-26DAA163C1DE,id=s2
2025-10-10 11:52:57,214 [s2-impl-thread1] INFO  util.JmxRegister (JmxRegister.java:register(58)) - register mxBean class org.apache.ratis.server.impl.RaftServerJmxAdapter as Ratis:service=RaftServer,group=group-26DAA163C1DE,id=s2
2025-10-10 11:52:57,215 [s2-impl-thread1] INFO  server.RaftServer$Division (RaftServerImpl.java:start(420)) - s2@group-26DAA163C1DE: Successfully started.
2025-10-10 11:52:57,215 [main] INFO  server.RaftServer (RaftServerProxy.java:startImpl(415)) - s2: start RPC server
2025-10-10 11:52:57,216 [JvmPauseMonitor21] INFO  util.JvmPauseMonitor (JvmPauseMonitor.java:run(146)) - JvmPauseMonitor-s2: Started
2025-10-10 11:52:58,217 [main] INFO  impl.GroupManagementBaseTest (GroupManagementBaseTest.java:runMultiGroupTest(269)) - start: printing ALL groups
  s3:  RUNNING  FOLLOWER (STARTING): s3@group-26DAA163C1DE:t0, leader=null, voted=, raftlog=Memoized:s3@group-26DAA163C1DE-SegmentedRaftLog:OPENED:c-1:lastnull, conf=conf: {index: -1, cur=peers:[]|listeners:[], old=null}
  s4:  RUNNING  FOLLOWER (STARTING): s4@group-26DAA163C1DE:t0, leader=null, voted=, raftlog=Memoized:s4@group-26DAA163C1DE-SegmentedRaftLog:OPENED:c-1:lastnull, conf=conf: {index: -1, cur=peers:[]|listeners:[], old=null}
  s5:  RUNNING  FOLLOWER (STARTING): s5@group-26DAA163C1DE:t0, leader=null, voted=, raftlog=Memoized:s5@group-26DAA163C1DE-SegmentedRaftLog:OPENED:c-1:lastnull, conf=conf: {index: -1, cur=peers:[]|listeners:[], old=null}
  s6:  RUNNING  FOLLOWER (STARTING): s6@group-26DAA163C1DE:t0, leader=null, voted=, raftlog=Memoized:s6@group-26DAA163C1DE-SegmentedRaftLog:OPENED:c-1:lastnull, conf=conf: {index: -1, cur=peers:[]|listeners:[], old=null}
  s0:  RUNNING  FOLLOWER (STARTING): s0@group-26DAA163C1DE:t0, leader=null, voted=, raftlog=Memoized:s0@group-26DAA163C1DE-SegmentedRaftLog:OPENED:c-1:lastnull, conf=conf: {index: -1, cur=peers:[]|listeners:[], old=null}
  s1:  RUNNING  FOLLOWER (STARTING): s1@group-26DAA163C1DE:t0, leader=null, voted=, raftlog=Memoized:s1@group-26DAA163C1DE-SegmentedRaftLog:OPENED:c-1:lastnull, conf=conf: {index: -1, cur=peers:[]|listeners:[], old=null}
  s2:  RUNNING  FOLLOWER (STARTING): s2@group-26DAA163C1DE:t0, leader=null, voted=, raftlog=Memoized:s2@group-26DAA163C1DE-SegmentedRaftLog:OPENED:c-1:lastnull, conf=conf: {index: -1, cur=peers:[]|listeners:[], old=null}
2025-10-10 11:52:58,217 [main] INFO  impl.GroupManagementBaseTest (GroupManagementBaseTest.java:runMultiGroupTest(283)) - 0) starting group-9CC9A4E0F784:[s0]
2025-10-10 11:52:58,218 [main] DEBUG client.RaftClient (RaftClientImpl.java:newRequest(95)) - attempt #1, newRequest GroupManagementRequest:client-A4713646AFA2->s0@group-9CC9A4E0F784, cid=122, seq=null, RW, null, Add:group-9CC9A4E0F784:[s0]
2025-10-10 11:52:58,219 [HandlerDaemon-0] INFO  server.RaftServer (RaftServerProxy.java:addNew(106)) - s0: addNew group-9CC9A4E0F784:[s0] returns group-9CC9A4E0F784:java.util.concurrent.CompletableFuture@3fd4fd7f[Not completed]
2025-10-10 11:52:58,219 [s0-groupManagement] INFO  server.RaftServer$Division (RaftServerImpl.java:<init>(269)) - s0: new RaftServerImpl for group-9CC9A4E0F784:[s0] with BaseStateMachine-32:uninitialized
2025-10-10 11:52:58,219 [s0-groupManagement] INFO  server.RaftServer$Division (ServerState.java:<init>(115)) - s0@group-9CC9A4E0F784: ConfigurationManager, init=conf: {index: -1, cur=peers:[s0]|listeners:[], old=null}, confs=<EMPTY_MAP>
2025-10-10 11:52:58,220 [s0-groupManagement] DEBUG server.RaftServer (RaftServerProxy.java:lambda$groupAddAsync$13(517)) - s0: newImpl =      null (NEW): s0@group-9CC9A4E0F784:t0, leader=null, voted=null, raftlog=UNINITIALIZED, conf=conf: {index: -1, cur=peers:[s0]|listeners:[], old=null}
2025-10-10 11:52:58,221 [s0-groupManagement] INFO  server.RaftServerConfigKeys (ConfUtils.java:logGet(62)) - raft.server.storage.dir = [/home/runner/work/ratis/ratis/ratis-test/target/test/data/319b119c/MiniRaftClusterWithSimulatedRpc70f26566/s0] (custom)
2025-10-10 11:52:58,221 [s0-groupManagement] INFO  storage.RaftStorageDirectory (RaftStorageDirectoryImpl.java:analyzeStorage(138)) - The storage directory /home/runner/work/ratis/ratis/ratis-test/target/test/data/319b119c/MiniRaftClusterWithSimulatedRpc70f26566/s0/04909056-e8b7-4250-8b79-9cc9a4e0f784 does not exist. Creating ...
2025-10-10 11:52:58,221 [s0-groupManagement] TRACE util.FileUtils (LogUtils.java:runAndLog(49)) - Successfully ran Files.createDirectories /home/runner/work/ratis/ratis/ratis-test/target/test/data/319b119c/MiniRaftClusterWithSimulatedRpc70f26566/s0/04909056-e8b7-4250-8b79-9cc9a4e0f784
2025-10-10 11:52:58,222 [s0-groupManagement] INFO  storage.RaftStorageDirectory (RaftStorageDirectoryImpl.java:tryLock(229)) - Lock on /home/runner/work/ratis/ratis/ratis-test/target/test/data/319b119c/MiniRaftClusterWithSimulatedRpc70f26566/s0/04909056-e8b7-4250-8b79-9cc9a4e0f784/in_use.lock acquired by nodename 9833@runnervmwhb2z
2025-10-10 11:52:58,222 [s0-groupManagement] TRACE util.FileUtils (LogUtils.java:runAndLog(49)) - Successfully ran Files.createDirectories /home/runner/work/ratis/ratis/ratis-test/target/test/data/319b119c/MiniRaftClusterWithSimulatedRpc70f26566/s0/04909056-e8b7-4250-8b79-9cc9a4e0f784/current
2025-10-10 11:52:58,222 [s0-groupManagement] TRACE util.FileUtils (LogUtils.java:runAndLog(49)) - Successfully ran Files.createDirectories /home/runner/work/ratis/ratis/ratis-test/target/test/data/319b119c/MiniRaftClusterWithSimulatedRpc70f26566/s0/04909056-e8b7-4250-8b79-9cc9a4e0f784/sm
2025-10-10 11:52:58,222 [s0-groupManagement] TRACE util.FileUtils (LogUtils.java:supplyAndLog(69)) - Successfully supplied FileChannel.open /home/runner/work/ratis/ratis/ratis-test/target/test/data/319b119c/MiniRaftClusterWithSimulatedRpc70f26566/s0/04909056-e8b7-4250-8b79-9cc9a4e0f784/current/raft-meta.tmp with options [CREATE, TRUNCATE_EXISTING, WRITE]: sun.nio.ch.FileChannelImpl@3c952b6e
2025-10-10 11:52:58,223 [s0-groupManagement] TRACE util.FileUtils (LogUtils.java:runAndLog(49)) - Successfully ran Atomic Files.move /home/runner/work/ratis/ratis/ratis-test/target/test/data/319b119c/MiniRaftClusterWithSimulatedRpc70f26566/s0/04909056-e8b7-4250-8b79-9cc9a4e0f784/current/raft-meta.tmp to /home/runner/work/ratis/ratis/ratis-test/target/test/data/319b119c/MiniRaftClusterWithSimulatedRpc70f26566/s0/04909056-e8b7-4250-8b79-9cc9a4e0f784/current/raft-meta with options [REPLACE_EXISTING]
2025-10-10 11:52:58,223 [s0-groupManagement] INFO  storage.RaftStorage (RaftStorageImpl.java:format(98)) - Storage directory /home/runner/work/ratis/ratis/ratis-test/target/test/data/319b119c/MiniRaftClusterWithSimulatedRpc70f26566/s0/04909056-e8b7-4250-8b79-9cc9a4e0f784 has been successfully formatted.
2025-10-10 11:52:58,223 [s0-groupManagement] INFO  server.RaftServer$Division (ServerState.java:getSnapshotIndexFromStateMachine(155)) - s0@group-9CC9A4E0F784: getLatestSnapshot(BaseStateMachine-32:s0:group-9CC9A4E0F784) returns null
2025-10-10 11:52:58,224 [s0-groupManagement] INFO  raftlog.RaftLog (RaftLogBase.java:<init>(90)) - s0@group-9CC9A4E0F784-SegmentedRaftLog: snapshotIndexFromStateMachine = -1
2025-10-10 11:52:58,224 [s0-groupManagement] INFO  util.AwaitToRun (AwaitToRun.java:start(81)) - Thread[s0@group-9CC9A4E0F784-cacheEviction-AwaitToRun,5,main] started
2025-10-10 11:52:58,224 [s0-groupManagement] INFO  segmented.SegmentedRaftLogWorker (SegmentedRaftLogWorker.java:<init>(190)) - new s0@group-9CC9A4E0F784-SegmentedRaftLogWorker for RaftStorageImpl:Storage Directory /home/runner/work/ratis/ratis/ratis-test/target/test/data/319b119c/MiniRaftClusterWithSimulatedRpc70f26566/s0/04909056-e8b7-4250-8b79-9cc9a4e0f784
2025-10-10 11:52:58,225 [s0-groupManagement] INFO  segmented.SegmentedRaftLogWorker (SegmentedRaftLogWorker.java:lambda$new$0(141)) - s0@group-9CC9A4E0F784-SegmentedRaftLogWorker: flushIndex: setUnconditionally 0 -> -1
2025-10-10 11:52:58,225 [s0-groupManagement] INFO  segmented.SegmentedRaftLogWorker (SegmentedRaftLogWorker.java:lambda$new$0(141)) - s0@group-9CC9A4E0F784-SegmentedRaftLogWorker: safeCacheEvictIndex: setUnconditionally 0 -> -1
2025-10-10 11:52:58,225 [s0-groupManagement] INFO  server.RaftServer$Division (RaftServerImpl.java:start(406)) - s0@group-9CC9A4E0F784: start as a follower, conf=conf: {index: -1, cur=peers:[s0]|listeners:[], old=null}
2025-10-10 11:52:58,226 [s0-groupManagement] INFO  server.RaftServer$Division (RaftServerImpl.java:setRole(393)) - s0@group-9CC9A4E0F784: changes role from      null to FOLLOWER at term 0 for startAsFollower
2025-10-10 11:52:58,226 [s0-groupManagement] INFO  impl.RoleInfo (RoleInfo.java:updateAndGet(148)) - s0: start s0@group-9CC9A4E0F784-FollowerState
2025-10-10 11:52:58,226 [s0-groupManagement] INFO  util.JmxRegister (JmxRegister.java:tryRegister(44)) - Successfully registered JMX Bean with object name Ratis:service=RaftServer,group=group-9CC9A4E0F784,id=s0
2025-10-10 11:52:58,226 [s0@group-9CC9A4E0F784-FollowerState] INFO  server.RaftServerConfigKeys (ConfUtils.java:logFallback(69)) - raft.server.rpc.first-election.timeout.min = 1500ms (fallback to raft.server.rpc.timeout.min)
2025-10-10 11:52:58,226 [s0-groupManagement] INFO  util.JmxRegister (JmxRegister.java:register(58)) - register mxBean class org.apache.ratis.server.impl.RaftServerJmxAdapter as Ratis:service=RaftServer,group=group-9CC9A4E0F784,id=s0
2025-10-10 11:52:58,226 [s0@group-9CC9A4E0F784-FollowerState] INFO  server.RaftServerConfigKeys (ConfUtils.java:logFallback(69)) - raft.server.rpc.first-election.timeout.max = 2000ms (fallback to raft.server.rpc.timeout.max)
2025-10-10 11:52:58,226 [s0-groupManagement] INFO  server.RaftServer$Division (RaftServerImpl.java:start(420)) - s0@group-9CC9A4E0F784: Successfully started.
2025-10-10 11:52:58,227 [main] DEBUG client.RaftClient (RaftClientImpl.java:close(465)) - close client-A4713646AFA2
2025-10-10 11:52:58,228 [main] INFO  ratis.RaftTestUtil (RaftTestUtil.java:waitForLeader(107)) - printing group-9CC9A4E0F784
  s0:  RUNNING [
   FOLLOWER (RUNNING): s0@group-9CC9A4E0F784:t0, leader=null, voted=, raftlog=Memoized:s0@group-9CC9A4E0F784-SegmentedRaftLog:OPENED:c-1:lastnull, conf=conf: {index: -1, cur=peers:[s0]|listeners:[], old=null}
   FOLLOWER (STARTING): s0@group-26DAA163C1DE:t0, leader=null, voted=, raftlog=Memoized:s0@group-26DAA163C1DE-SegmentedRaftLog:OPENED:c-1:lastnull, conf=conf: {index: -1, cur=peers:[]|listeners:[], old=null}] size=2
2025-10-10 11:52:58,228 [main] WARN  ratis.RaftTestUtil (RaftTestUtil.java:lambda$waitForLeader$3(126)) - Attempt #1 failed: java.lang.IllegalStateException: No leader yet  for group-9CC9A4E0F784: printing group-9CC9A4E0F784
  s0:  RUNNING [
   FOLLOWER (RUNNING): s0@group-9CC9A4E0F784:t0, leader=null, voted=, raftlog=Memoized:s0@group-9CC9A4E0F784-SegmentedRaftLog:OPENED:c-1:lastnull, conf=conf: {index: -1, cur=peers:[s0]|listeners:[], old=null}
   FOLLOWER (STARTING): s0@group-26DAA163C1DE:t0, leader=null, voted=, raftlog=Memoized:s0@group-26DAA163C1DE-SegmentedRaftLog:OPENED:c-1:lastnull, conf=conf: {index: -1, cur=peers:[]|listeners:[], old=null}] size=2
2025-10-10 11:52:59,871 [s0@group-9CC9A4E0F784-FollowerState] INFO  impl.FollowerState (FollowerState.java:runImpl(161)) - s0@group-9CC9A4E0F784-FollowerState: change to CANDIDATE, lastRpcElapsedTime:1645806980ns, electionTimeout:1645ms
2025-10-10 11:52:59,872 [s0@group-9CC9A4E0F784-FollowerState] INFO  impl.RoleInfo (RoleInfo.java:shutdownFollowerState(121)) - s0: shutdown s0@group-9CC9A4E0F784-FollowerState
2025-10-10 11:52:59,872 [s0@group-9CC9A4E0F784-FollowerState] INFO  server.RaftServer$Division (RaftServerImpl.java:setRole(393)) - s0@group-9CC9A4E0F784: changes role from  FOLLOWER to CANDIDATE at term 0 for changeToCandidate
2025-10-10 11:52:59,872 [s0@group-9CC9A4E0F784-FollowerState] INFO  impl.RoleInfo (RoleInfo.java:updateAndGet(148)) - s0: start s0@group-9CC9A4E0F784-LeaderElection6
2025-10-10 11:52:59,873 [s0@group-9CC9A4E0F784-LeaderElection6] INFO  impl.LeaderElection (LeaderElection.java:askForVotes(448)) - s0@group-9CC9A4E0F784-LeaderElection6 PRE_VOTE round 0: submit vote requests at term 0 for conf: {index: -1, cur=peers:[s0]|listeners:[], old=null}
2025-10-10 11:52:59,873 [s0@group-9CC9A4E0F784-LeaderElection6] INFO  impl.LeaderElection (LeaderElection.java:askForVotes(450)) - s0@group-9CC9A4E0F784-LeaderElection6 PRE_VOTE round 0: result PASSED (term=0)
2025-10-10 11:52:59,873 [s0@group-9CC9A4E0F784-LeaderElection6] TRACE util.FileUtils (LogUtils.java:supplyAndLog(69)) - Successfully supplied FileChannel.open /home/runner/work/ratis/ratis/ratis-test/target/test/data/319b119c/MiniRaftClusterWithSimulatedRpc70f26566/s0/04909056-e8b7-4250-8b79-9cc9a4e0f784/current/raft-meta.tmp with options [CREATE, TRUNCATE_EXISTING, WRITE]: sun.nio.ch.FileChannelImpl@37d594e9
2025-10-10 11:52:59,874 [s0@group-9CC9A4E0F784-LeaderElection6] TRACE util.FileUtils (LogUtils.java:runAndLog(49)) - Successfully ran Atomic Files.move /home/runner/work/ratis/ratis/ratis-test/target/test/data/319b119c/MiniRaftClusterWithSimulatedRpc70f26566/s0/04909056-e8b7-4250-8b79-9cc9a4e0f784/current/raft-meta.tmp to /home/runner/work/ratis/ratis/ratis-test/target/test/data/319b119c/MiniRaftClusterWithSimulatedRpc70f26566/s0/04909056-e8b7-4250-8b79-9cc9a4e0f784/current/raft-meta with options [REPLACE_EXISTING]
2025-10-10 11:52:59,874 [s0@group-9CC9A4E0F784-LeaderElection6] INFO  impl.LeaderElection (LeaderElection.java:askForVotes(448)) - s0@group-9CC9A4E0F784-LeaderElection6 ELECTION round 0: submit vote requests at term 1 for conf: {index: -1, cur=peers:[s0]|listeners:[], old=null}
2025-10-10 11:52:59,874 [s0@group-9CC9A4E0F784-LeaderElection6] INFO  impl.LeaderElection (LeaderElection.java:askForVotes(450)) - s0@group-9CC9A4E0F784-LeaderElection6 ELECTION round 0: result PASSED (term=1)
2025-10-10 11:52:59,874 [s0@group-9CC9A4E0F784-LeaderElection6] INFO  impl.RoleInfo (RoleInfo.java:shutdownLeaderElection(141)) - s0: shutdown s0@group-9CC9A4E0F784-LeaderElection6
2025-10-10 11:52:59,875 [s0@group-9CC9A4E0F784-LeaderElection6] INFO  server.RaftServer$Division (RaftServerImpl.java:setRole(393)) - s0@group-9CC9A4E0F784: changes role from CANDIDATE to LEADER at term 1 for changeToLeader
2025-10-10 11:52:59,875 [s0@group-9CC9A4E0F784-LeaderElection6] INFO  server.RaftServerConfigKeys (ConfUtils.java:logFallback(69)) - raft.server.staging.timeout = 6000ms (fallback to raft.server.rpc.timeout.max)
2025-10-10 11:52:59,875 [s0@group-9CC9A4E0F784-LeaderElection6] INFO  impl.RoleInfo (RoleInfo.java:updateAndGet(148)) - s0: start s0@group-9CC9A4E0F784-LeaderStateImpl
2025-10-10 11:52:59,875 [s0@group-9CC9A4E0F784-LeaderElection6] INFO  server.RaftServer$Division (RaftServerImpl.java:setFirstElection(577)) - s0@group-9CC9A4E0F784: set firstElectionSinceStartup to false for becomeLeader
2025-10-10 11:52:59,875 [s0@group-9CC9A4E0F784-LeaderElection6] INFO  server.RaftServer$Division (ServerState.java:setLeader(278)) - s0@group-9CC9A4E0F784: change Leader from null to s0 at term 1 for becomeLeader, leader elected after 1656ms
2025-10-10 11:52:59,875 [s0@group-9CC9A4E0F784-LeaderElection6] INFO  segmented.SegmentedRaftLogWorker (SegmentedRaftLogWorker.java:startLogSegment(440)) - s0@group-9CC9A4E0F784-SegmentedRaftLogWorker: Starting segment from index:0
2025-10-10 11:52:59,876 [s0@group-9CC9A4E0F784-SegmentedRaftLogWorker] INFO  segmented.BufferedWriteChannel (BufferedWriteChannel.java:open(61)) - open log_inprogress_0 at position 0
2025-10-10 11:52:59,876 [s0@group-9CC9A4E0F784-LeaderElection6] INFO  server.RaftServer$Division (ServerState.java:setRaftConf(392)) - s0@group-9CC9A4E0F784: set configuration conf: {index: 0, cur=peers:[s0]|listeners:[], old=null}
2025-10-10 11:52:59,881 [s0@group-9CC9A4E0F784-SegmentedRaftLogWorker] INFO  segmented.SegmentedRaftLogWorker (SegmentedRaftLogWorker.java:execute(647)) - s0@group-9CC9A4E0F784-SegmentedRaftLogWorker: created new log segment /home/runner/work/ratis/ratis/ratis-test/target/test/data/319b119c/MiniRaftClusterWithSimulatedRpc70f26566/s0/04909056-e8b7-4250-8b79-9cc9a4e0f784/current/log_inprogress_0
2025-10-10 11:52:59,882 [s0@group-9CC9A4E0F784-StateMachineUpdater] TRACE util.FileUtils (LogUtils.java:supplyAndLog(69)) - Successfully supplied FileChannel.open /home/runner/work/ratis/ratis/ratis-test/target/test/data/319b119c/MiniRaftClusterWithSimulatedRpc70f26566/s0/04909056-e8b7-4250-8b79-9cc9a4e0f784/current/raft-meta.conf.tmp with options [CREATE, TRUNCATE_EXISTING, WRITE]: sun.nio.ch.FileChannelImpl@39ca345f
2025-10-10 11:52:59,882 [s0@group-9CC9A4E0F784-StateMachineUpdater] TRACE util.FileUtils (LogUtils.java:runAndLog(49)) - Successfully ran Atomic Files.move /home/runner/work/ratis/ratis/ratis-test/target/test/data/319b119c/MiniRaftClusterWithSimulatedRpc70f26566/s0/04909056-e8b7-4250-8b79-9cc9a4e0f784/current/raft-meta.conf.tmp to /home/runner/work/ratis/ratis/ratis-test/target/test/data/319b119c/MiniRaftClusterWithSimulatedRpc70f26566/s0/04909056-e8b7-4250-8b79-9cc9a4e0f784/current/raft-meta.conf with options [REPLACE_EXISTING]
2025-10-10 11:52:59,883 [s0@group-9CC9A4E0F784-StateMachineUpdater] INFO  server.RaftServer$Division (LeaderStateImpl.java:checkStartIndex(309)) - Leader s0@group-9CC9A4E0F784-LeaderStateImpl is ready since appliedIndex == startIndex == 0
2025-10-10 11:53:01,229 [main] INFO  ratis.RaftTestUtil (RaftTestUtil.java:waitForLeader(131)) - printing group-9CC9A4E0F784
  s0:  RUNNING [
     LEADER (RUNNING): s0@group-9CC9A4E0F784:t1, leader=s0, voted=s0, raftlog=Memoized:s0@group-9CC9A4E0F784-SegmentedRaftLog:OPENED:c0:last(t:1, i:0), conf=conf: {index: 0, cur=peers:[s0]|listeners:[], old=null}
   FOLLOWER (STARTING): s0@group-26DAA163C1DE:t0, leader=null, voted=, raftlog=Memoized:s0@group-26DAA163C1DE-SegmentedRaftLog:OPENED:c-1:lastnull, conf=conf: {index: -1, cur=peers:[]|listeners:[], old=null}] size=2
2025-10-10 11:53:01,229 [main] INFO  impl.GroupManagementBaseTest (GroupManagementBaseTest.java:runMultiGroupTest(283)) - 1) starting group-FC0409821AE5:[s3, s4, s5, s1, s2]
2025-10-10 11:53:01,230 [main] DEBUG client.RaftClient (RaftClientImpl.java:newRequest(95)) - attempt #1, newRequest GroupManagementRequest:client-B211A39CAD2D->s1@group-FC0409821AE5, cid=123, seq=null, RW, null, Add:group-FC0409821AE5:[s3, s4, s5, s1, s2]
2025-10-10 11:53:01,230 [HandlerDaemon-0] INFO  server.RaftServer (RaftServerProxy.java:addNew(106)) - s1: addNew group-FC0409821AE5:[s3, s4, s5, s1, s2] returns group-FC0409821AE5:java.util.concurrent.CompletableFuture@2a5de650[Not completed]
2025-10-10 11:53:01,230 [s1-groupManagement] INFO  server.RaftServer$Division (RaftServerImpl.java:<init>(269)) - s1: new RaftServerImpl for group-FC0409821AE5:[s3, s4, s5, s1, s2] with BaseStateMachine-33:uninitialized
2025-10-10 11:53:01,231 [s1-groupManagement] INFO  server.RaftServer$Division (ServerState.java:<init>(115)) - s1@group-FC0409821AE5: ConfigurationManager, init=conf: {index: -1, cur=peers:[s3, s4, s5, s1, s2]|listeners:[], old=null}, confs=<EMPTY_MAP>
2025-10-10 11:53:01,232 [s1-groupManagement] DEBUG server.RaftServer (RaftServerProxy.java:lambda$groupAddAsync$13(517)) - s1: newImpl =      null (NEW): s1@group-FC0409821AE5:t0, leader=null, voted=null, raftlog=UNINITIALIZED, conf=conf: {index: -1, cur=peers:[s3, s4, s5, s1, s2]|listeners:[], old=null}
2025-10-10 11:53:01,232 [s1-groupManagement] INFO  server.RaftServerConfigKeys (ConfUtils.java:logGet(62)) - raft.server.storage.dir = [/home/runner/work/ratis/ratis/ratis-test/target/test/data/319b119c/MiniRaftClusterWithSimulatedRpc70f26566/s1] (custom)
2025-10-10 11:53:01,232 [s1-groupManagement] INFO  storage.RaftStorageDirectory (RaftStorageDirectoryImpl.java:analyzeStorage(138)) - The storage directory /home/runner/work/ratis/ratis/ratis-test/target/test/data/319b119c/MiniRaftClusterWithSimulatedRpc70f26566/s1/3dee10e3-d8b2-4ffe-9807-fc0409821ae5 does not exist. Creating ...
2025-10-10 11:53:01,233 [s1-groupManagement] TRACE util.FileUtils (LogUtils.java:runAndLog(49)) - Successfully ran Files.createDirectories /home/runner/work/ratis/ratis/ratis-test/target/test/data/319b119c/MiniRaftClusterWithSimulatedRpc70f26566/s1/3dee10e3-d8b2-4ffe-9807-fc0409821ae5
2025-10-10 11:53:01,233 [s1-groupManagement] INFO  storage.RaftStorageDirectory (RaftStorageDirectoryImpl.java:tryLock(229)) - Lock on /home/runner/work/ratis/ratis/ratis-test/target/test/data/319b119c/MiniRaftClusterWithSimulatedRpc70f26566/s1/3dee10e3-d8b2-4ffe-9807-fc0409821ae5/in_use.lock acquired by nodename 9833@runnervmwhb2z
2025-10-10 11:53:01,233 [s1-groupManagement] TRACE util.FileUtils (LogUtils.java:runAndLog(49)) - Successfully ran Files.createDirectories /home/runner/work/ratis/ratis/ratis-test/target/test/data/319b119c/MiniRaftClusterWithSimulatedRpc70f26566/s1/3dee10e3-d8b2-4ffe-9807-fc0409821ae5/current
2025-10-10 11:53:01,234 [s1-groupManagement] TRACE util.FileUtils (LogUtils.java:runAndLog(49)) - Successfully ran Files.createDirectories /home/runner/work/ratis/ratis/ratis-test/target/test/data/319b119c/MiniRaftClusterWithSimulatedRpc70f26566/s1/3dee10e3-d8b2-4ffe-9807-fc0409821ae5/sm
2025-10-10 11:53:01,234 [s1-groupManagement] TRACE util.FileUtils (LogUtils.java:supplyAndLog(69)) - Successfully supplied FileChannel.open /home/runner/work/ratis/ratis/ratis-test/target/test/data/319b119c/MiniRaftClusterWithSimulatedRpc70f26566/s1/3dee10e3-d8b2-4ffe-9807-fc0409821ae5/current/raft-meta.tmp with options [CREATE, TRUNCATE_EXISTING, WRITE]: sun.nio.ch.FileChannelImpl@2b9aa9f4
2025-10-10 11:53:01,235 [s1-groupManagement] TRACE util.FileUtils (LogUtils.java:runAndLog(49)) - Successfully ran Atomic Files.move /home/runner/work/ratis/ratis/ratis-test/target/test/data/319b119c/MiniRaftClusterWithSimulatedRpc70f26566/s1/3dee10e3-d8b2-4ffe-9807-fc0409821ae5/current/raft-meta.tmp to /home/runner/work/ratis/ratis/ratis-test/target/test/data/319b119c/MiniRaftClusterWithSimulatedRpc70f26566/s1/3dee10e3-d8b2-4ffe-9807-fc0409821ae5/current/raft-meta with options [REPLACE_EXISTING]
2025-10-10 11:53:01,235 [s1-groupManagement] INFO  storage.RaftStorage (RaftStorageImpl.java:format(98)) - Storage directory /home/runner/work/ratis/ratis/ratis-test/target/test/data/319b119c/MiniRaftClusterWithSimulatedRpc70f26566/s1/3dee10e3-d8b2-4ffe-9807-fc0409821ae5 has been successfully formatted.
2025-10-10 11:53:01,235 [s1-groupManagement] INFO  server.RaftServer$Division (ServerState.java:getSnapshotIndexFromStateMachine(155)) - s1@group-FC0409821AE5: getLatestSnapshot(BaseStateMachine-33:s1:group-FC0409821AE5) returns null
2025-10-10 11:53:01,235 [s1-groupManagement] INFO  raftlog.RaftLog (RaftLogBase.java:<init>(90)) - s1@group-FC0409821AE5-SegmentedRaftLog: snapshotIndexFromStateMachine = -1
2025-10-10 11:53:01,236 [s1-groupManagement] INFO  util.AwaitToRun (AwaitToRun.java:start(81)) - Thread[s1@group-FC0409821AE5-cacheEviction-AwaitToRun,5,main] started
2025-10-10 11:53:01,236 [s1-groupManagement] INFO  segmented.SegmentedRaftLogWorker (SegmentedRaftLogWorker.java:<init>(190)) - new s1@group-FC0409821AE5-SegmentedRaftLogWorker for RaftStorageImpl:Storage Directory /home/runner/work/ratis/ratis/ratis-test/target/test/data/319b119c/MiniRaftClusterWithSimulatedRpc70f26566/s1/3dee10e3-d8b2-4ffe-9807-fc0409821ae5
2025-10-10 11:53:01,237 [s1-groupManagement] INFO  segmented.SegmentedRaftLogWorker (SegmentedRaftLogWorker.java:lambda$new$0(141)) - s1@group-FC0409821AE5-SegmentedRaftLogWorker: flushIndex: setUnconditionally 0 -> -1
2025-10-10 11:53:01,237 [s1-groupManagement] INFO  segmented.SegmentedRaftLogWorker (SegmentedRaftLogWorker.java:lambda$new$0(141)) - s1@group-FC0409821AE5-SegmentedRaftLogWorker: safeCacheEvictIndex: setUnconditionally 0 -> -1
2025-10-10 11:53:01,237 [s1-groupManagement] INFO  server.RaftServer$Division (RaftServerImpl.java:start(406)) - s1@group-FC0409821AE5: start as a follower, conf=conf: {index: -1, cur=peers:[s3, s4, s5, s1, s2]|listeners:[], old=null}
2025-10-10 11:53:01,237 [s1-groupManagement] INFO  server.RaftServer$Division (RaftServerImpl.java:setRole(393)) - s1@group-FC0409821AE5: changes role from      null to FOLLOWER at term 0 for startAsFollower
2025-10-10 11:53:01,237 [s1-groupManagement] INFO  impl.RoleInfo (RoleInfo.java:updateAndGet(148)) - s1: start s1@group-FC0409821AE5-FollowerState
2025-10-10 11:53:01,238 [s1-groupManagement] INFO  util.JmxRegister (JmxRegister.java:tryRegister(44)) - Successfully registered JMX Bean with object name Ratis:service=RaftServer,group=group-FC0409821AE5,id=s1
2025-10-10 11:53:01,238 [s1-groupManagement] INFO  util.JmxRegister (JmxRegister.java:register(58)) - register mxBean class org.apache.ratis.server.impl.RaftServerJmxAdapter as Ratis:service=RaftServer,group=group-FC0409821AE5,id=s1
2025-10-10 11:53:01,238 [s1@group-FC0409821AE5-FollowerState] INFO  server.RaftServerConfigKeys (ConfUtils.java:logFallback(69)) - raft.server.rpc.first-election.timeout.min = 1500ms (fallback to raft.server.rpc.timeout.min)
2025-10-10 11:53:01,238 [s1@group-FC0409821AE5-FollowerState] INFO  server.RaftServerConfigKeys (ConfUtils.java:logFallback(69)) - raft.server.rpc.first-election.timeout.max = 2000ms (fallback to raft.server.rpc.timeout.max)
2025-10-10 11:53:01,238 [s1-groupManagement] INFO  server.RaftServer$Division (RaftServerImpl.java:start(420)) - s1@group-FC0409821AE5: Successfully started.
2025-10-10 11:53:01,239 [main] DEBUG client.RaftClient (RaftClientImpl.java:close(465)) - close client-B211A39CAD2D
2025-10-10 11:53:01,239 [main] DEBUG client.RaftClient (RaftClientImpl.java:newRequest(95)) - attempt #1, newRequest GroupManagementRequest:client-4451563308F5->s2@group-FC0409821AE5, cid=124, seq=null, RW, null, Add:group-FC0409821AE5:[s3, s4, s5, s1, s2]
2025-10-10 11:53:01,240 [HandlerDaemon-0] INFO  server.RaftServer (RaftServerProxy.java:addNew(106)) - s2: addNew group-FC0409821AE5:[s3, s4, s5, s1, s2] returns group-FC0409821AE5:java.util.concurrent.CompletableFuture@5804821c[Not completed]
2025-10-10 11:53:01,240 [s2-groupManagement] INFO  server.RaftServer$Division (RaftServerImpl.java:<init>(269)) - s2: new RaftServerImpl for group-FC0409821AE5:[s3, s4, s5, s1, s2] with BaseStateMachine-34:uninitialized
2025-10-10 11:53:01,240 [s2-groupManagement] INFO  server.RaftServer$Division (ServerState.java:<init>(115)) - s2@group-FC0409821AE5: ConfigurationManager, init=conf: {index: -1, cur=peers:[s3, s4, s5, s1, s2]|listeners:[], old=null}, confs=<EMPTY_MAP>
2025-10-10 11:53:01,241 [s2-groupManagement] DEBUG server.RaftServer (RaftServerProxy.java:lambda$groupAddAsync$13(517)) - s2: newImpl =      null (NEW): s2@group-FC0409821AE5:t0, leader=null, voted=null, raftlog=UNINITIALIZED, conf=conf: {index: -1, cur=peers:[s3, s4, s5, s1, s2]|listeners:[], old=null}
2025-10-10 11:53:01,241 [s2-groupManagement] INFO  server.RaftServerConfigKeys (ConfUtils.java:logGet(62)) - raft.server.storage.dir = [/home/runner/work/ratis/ratis/ratis-test/target/test/data/319b119c/MiniRaftClusterWithSimulatedRpc70f26566/s2] (custom)
2025-10-10 11:53:01,242 [s2-groupManagement] INFO  storage.RaftStorageDirectory (RaftStorageDirectoryImpl.java:analyzeStorage(138)) - The storage directory /home/runner/work/ratis/ratis/ratis-test/target/test/data/319b119c/MiniRaftClusterWithSimulatedRpc70f26566/s2/3dee10e3-d8b2-4ffe-9807-fc0409821ae5 does not exist. Creating ...
2025-10-10 11:53:01,242 [s2-groupManagement] TRACE util.FileUtils (LogUtils.java:runAndLog(49)) - Successfully ran Files.createDirectories /home/runner/work/ratis/ratis/ratis-test/target/test/data/319b119c/MiniRaftClusterWithSimulatedRpc70f26566/s2/3dee10e3-d8b2-4ffe-9807-fc0409821ae5
2025-10-10 11:53:01,243 [s2-groupManagement] INFO  storage.RaftStorageDirectory (RaftStorageDirectoryImpl.java:tryLock(229)) - Lock on /home/runner/work/ratis/ratis/ratis-test/target/test/data/319b119c/MiniRaftClusterWithSimulatedRpc70f26566/s2/3dee10e3-d8b2-4ffe-9807-fc0409821ae5/in_use.lock acquired by nodename 9833@runnervmwhb2z
2025-10-10 11:53:01,243 [s2-groupManagement] TRACE util.FileUtils (LogUtils.java:runAndLog(49)) - Successfully ran Files.createDirectories /home/runner/work/ratis/ratis/ratis-test/target/test/data/319b119c/MiniRaftClusterWithSimulatedRpc70f26566/s2/3dee10e3-d8b2-4ffe-9807-fc0409821ae5/current
2025-10-10 11:53:01,243 [s2-groupManagement] TRACE util.FileUtils (LogUtils.java:runAndLog(49)) - Successfully ran Files.createDirectories /home/runner/work/ratis/ratis/ratis-test/target/test/data/319b119c/MiniRaftClusterWithSimulatedRpc70f26566/s2/3dee10e3-d8b2-4ffe-9807-fc0409821ae5/sm
2025-10-10 11:53:01,243 [s2-groupManagement] TRACE util.FileUtils (LogUtils.java:supplyAndLog(69)) - Successfully supplied FileChannel.open /home/runner/work/ratis/ratis/ratis-test/target/test/data/319b119c/MiniRaftClusterWithSimulatedRpc70f26566/s2/3dee10e3-d8b2-4ffe-9807-fc0409821ae5/current/raft-meta.tmp with options [CREATE, TRUNCATE_EXISTING, WRITE]: sun.nio.ch.FileChannelImpl@7412a616
2025-10-10 11:53:01,244 [s2-groupManagement] TRACE util.FileUtils (LogUtils.java:runAndLog(49)) - Successfully ran Atomic Files.move /home/runner/work/ratis/ratis/ratis-test/target/test/data/319b119c/MiniRaftClusterWithSimulatedRpc70f26566/s2/3dee10e3-d8b2-4ffe-9807-fc0409821ae5/current/raft-meta.tmp to /home/runner/work/ratis/ratis/ratis-test/target/test/data/319b119c/MiniRaftClusterWithSimulatedRpc70f26566/s2/3dee10e3-d8b2-4ffe-9807-fc0409821ae5/current/raft-meta with options [REPLACE_EXISTING]
2025-10-10 11:53:01,244 [s2-groupManagement] INFO  storage.RaftStorage (RaftStorageImpl.java:format(98)) - Storage directory /home/runner/work/ratis/ratis/ratis-test/target/test/data/319b119c/MiniRaftClusterWithSimulatedRpc70f26566/s2/3dee10e3-d8b2-4ffe-9807-fc0409821ae5 has been successfully formatted.
2025-10-10 11:53:01,244 [s2-groupManagement] INFO  server.RaftServer$Division (ServerState.java:getSnapshotIndexFromStateMachine(155)) - s2@group-FC0409821AE5: getLatestSnapshot(BaseStateMachine-34:s2:group-FC0409821AE5) returns null
2025-10-10 11:53:01,244 [s2-groupManagement] INFO  raftlog.RaftLog (RaftLogBase.java:<init>(90)) - s2@group-FC0409821AE5-SegmentedRaftLog: snapshotIndexFromStateMachine = -1
2025-10-10 11:53:01,245 [s2-groupManagement] INFO  util.AwaitToRun (AwaitToRun.java:start(81)) - Thread[s2@group-FC0409821AE5-cacheEviction-AwaitToRun,5,main] started
2025-10-10 11:53:01,245 [s2-groupManagement] INFO  segmented.SegmentedRaftLogWorker (SegmentedRaftLogWorker.java:<init>(190)) - new s2@group-FC0409821AE5-SegmentedRaftLogWorker for RaftStorageImpl:Storage Directory /home/runner/work/ratis/ratis/ratis-test/target/test/data/319b119c/MiniRaftClusterWithSimulatedRpc70f26566/s2/3dee10e3-d8b2-4ffe-9807-fc0409821ae5
2025-10-10 11:53:01,247 [s2-groupManagement] INFO  segmented.SegmentedRaftLogWorker (SegmentedRaftLogWorker.java:lambda$new$0(141)) - s2@group-FC0409821AE5-SegmentedRaftLogWorker: flushIndex: setUnconditionally 0 -> -1
2025-10-10 11:53:01,247 [s2-groupManagement] INFO  segmented.SegmentedRaftLogWorker (SegmentedRaftLogWorker.java:lambda$new$0(141)) - s2@group-FC0409821AE5-SegmentedRaftLogWorker: safeCacheEvictIndex: setUnconditionally 0 -> -1
2025-10-10 11:53:01,247 [s2-groupManagement] INFO  server.RaftServer$Division (RaftServerImpl.java:start(406)) - s2@group-FC0409821AE5: start as a follower, conf=conf: {index: -1, cur=peers:[s3, s4, s5, s1, s2]|listeners:[], old=null}
2025-10-10 11:53:01,248 [s2-groupManagement] INFO  server.RaftServer$Division (RaftServerImpl.java:setRole(393)) - s2@group-FC0409821AE5: changes role from      null to FOLLOWER at term 0 for startAsFollower
2025-10-10 11:53:01,248 [s2-groupManagement] INFO  impl.RoleInfo (RoleInfo.java:updateAndGet(148)) - s2: start s2@group-FC0409821AE5-FollowerState
2025-10-10 11:53:01,248 [s2@group-FC0409821AE5-FollowerState] INFO  server.RaftServerConfigKeys (ConfUtils.java:logFallback(69)) - raft.server.rpc.first-election.timeout.min = 1500ms (fallback to raft.server.rpc.timeout.min)
2025-10-10 11:53:01,248 [s2-groupManagement] INFO  util.JmxRegister (JmxRegister.java:tryRegister(44)) - Successfully registered JMX Bean with object name Ratis:service=RaftServer,group=group-FC0409821AE5,id=s2
2025-10-10 11:53:01,248 [s2@group-FC0409821AE5-FollowerState] INFO  server.RaftServerConfigKeys (ConfUtils.java:logFallback(69)) - raft.server.rpc.first-election.timeout.max = 2000ms (fallback to raft.server.rpc.timeout.max)
2025-10-10 11:53:01,248 [s2-groupManagement] INFO  util.JmxRegister (JmxRegister.java:register(58)) - register mxBean class org.apache.ratis.server.impl.RaftServerJmxAdapter as Ratis:service=RaftServer,group=group-FC0409821AE5,id=s2
2025-10-10 11:53:01,249 [s2-groupManagement] INFO  server.RaftServer$Division (RaftServerImpl.java:start(420)) - s2@group-FC0409821AE5: Successfully started.
2025-10-10 11:53:01,249 [main] DEBUG client.RaftClient (RaftClientImpl.java:close(465)) - close client-4451563308F5
2025-10-10 11:53:01,250 [main] DEBUG client.RaftClient (RaftClientImpl.java:newRequest(95)) - attempt #1, newRequest GroupManagementRequest:client-ED4359BE9B98->s3@group-FC0409821AE5, cid=125, seq=null, RW, null, Add:group-FC0409821AE5:[s3, s4, s5, s1, s2]
2025-10-10 11:53:01,250 [HandlerDaemon-0] INFO  server.RaftServer (RaftServerProxy.java:addNew(106)) - s3: addNew group-FC0409821AE5:[s3, s4, s5, s1, s2] returns group-FC0409821AE5:java.util.concurrent.CompletableFuture@71650622[Not completed]
2025-10-10 11:53:01,250 [s3-groupManagement] INFO  server.RaftServer$Division (RaftServerImpl.java:<init>(269)) - s3: new RaftServerImpl for group-FC0409821AE5:[s3, s4, s5, s1, s2] with BaseStateMachine-35:uninitialized
2025-10-10 11:53:01,250 [s3-groupManagement] INFO  server.RaftServer$Division (ServerState.java:<init>(115)) - s3@group-FC0409821AE5: ConfigurationManager, init=conf: {index: -1, cur=peers:[s3, s4, s5, s1, s2]|listeners:[], old=null}, confs=<EMPTY_MAP>
2025-10-10 11:53:01,251 [s3-groupManagement] DEBUG server.RaftServer (RaftServerProxy.java:lambda$groupAddAsync$13(517)) - s3: newImpl =      null (NEW): s3@group-FC0409821AE5:t0, leader=null, voted=null, raftlog=UNINITIALIZED, conf=conf: {index: -1, cur=peers:[s3, s4, s5, s1, s2]|listeners:[], old=null}
2025-10-10 11:53:01,252 [s3-groupManagement] INFO  server.RaftServerConfigKeys (ConfUtils.java:logGet(62)) - raft.server.storage.dir = [/home/runner/work/ratis/ratis/ratis-test/target/test/data/319b119c/MiniRaftClusterWithSimulatedRpc70f26566/s3] (custom)
2025-10-10 11:53:01,252 [s3-groupManagement] INFO  storage.RaftStorageDirectory (RaftStorageDirectoryImpl.java:analyzeStorage(138)) - The storage directory /home/runner/work/ratis/ratis/ratis-test/target/test/data/319b119c/MiniRaftClusterWithSimulatedRpc70f26566/s3/3dee10e3-d8b2-4ffe-9807-fc0409821ae5 does not exist. Creating ...
2025-10-10 11:53:01,252 [s3-groupManagement] TRACE util.FileUtils (LogUtils.java:runAndLog(49)) - Successfully ran Files.createDirectories /home/runner/work/ratis/ratis/ratis-test/target/test/data/319b119c/MiniRaftClusterWithSimulatedRpc70f26566/s3/3dee10e3-d8b2-4ffe-9807-fc0409821ae5
2025-10-10 11:53:01,255 [s3-groupManagement] INFO  storage.RaftStorageDirectory (RaftStorageDirectoryImpl.java:tryLock(229)) - Lock on /home/runner/work/ratis/ratis/ratis-test/target/test/data/319b119c/MiniRaftClusterWithSimulatedRpc70f26566/s3/3dee10e3-d8b2-4ffe-9807-fc0409821ae5/in_use.lock acquired by nodename 9833@runnervmwhb2z
2025-10-10 11:53:01,255 [s3-groupManagement] TRACE util.FileUtils (LogUtils.java:runAndLog(49)) - Successfully ran Files.createDirectories /home/runner/work/ratis/ratis/ratis-test/target/test/data/319b119c/MiniRaftClusterWithSimulatedRpc70f26566/s3/3dee10e3-d8b2-4ffe-9807-fc0409821ae5/current
2025-10-10 11:53:01,255 [s3-groupManagement] TRACE util.FileUtils (LogUtils.java:runAndLog(49)) - Successfully ran Files.createDirectories /home/runner/work/ratis/ratis/ratis-test/target/test/data/319b119c/MiniRaftClusterWithSimulatedRpc70f26566/s3/3dee10e3-d8b2-4ffe-9807-fc0409821ae5/sm
2025-10-10 11:53:01,255 [s3-groupManagement] TRACE util.FileUtils (LogUtils.java:supplyAndLog(69)) - Successfully supplied FileChannel.open /home/runner/work/ratis/ratis/ratis-test/target/test/data/319b119c/MiniRaftClusterWithSimulatedRpc70f26566/s3/3dee10e3-d8b2-4ffe-9807-fc0409821ae5/current/raft-meta.tmp with options [CREATE, TRUNCATE_EXISTING, WRITE]: sun.nio.ch.FileChannelImpl@72ce1261
2025-10-10 11:53:01,256 [s3-groupManagement] TRACE util.FileUtils (LogUtils.java:runAndLog(49)) - Successfully ran Atomic Files.move /home/runner/work/ratis/ratis/ratis-test/target/test/data/319b119c/MiniRaftClusterWithSimulatedRpc70f26566/s3/3dee10e3-d8b2-4ffe-9807-fc0409821ae5/current/raft-meta.tmp to /home/runner/work/ratis/ratis/ratis-test/target/test/data/319b119c/MiniRaftClusterWithSimulatedRpc70f26566/s3/3dee10e3-d8b2-4ffe-9807-fc0409821ae5/current/raft-meta with options [REPLACE_EXISTING]
2025-10-10 11:53:01,256 [s3-groupManagement] INFO  storage.RaftStorage (RaftStorageImpl.java:format(98)) - Storage directory /home/runner/work/ratis/ratis/ratis-test/target/test/data/319b119c/MiniRaftClusterWithSimulatedRpc70f26566/s3/3dee10e3-d8b2-4ffe-9807-fc0409821ae5 has been successfully formatted.
2025-10-10 11:53:01,256 [s3-groupManagement] INFO  server.RaftServer$Division (ServerState.java:getSnapshotIndexFromStateMachine(155)) - s3@group-FC0409821AE5: getLatestSnapshot(BaseStateMachine-35:s3:group-FC0409821AE5) returns null
2025-10-10 11:53:01,256 [s3-groupManagement] INFO  raftlog.RaftLog (RaftLogBase.java:<init>(90)) - s3@group-FC0409821AE5-SegmentedRaftLog: snapshotIndexFromStateMachine = -1
2025-10-10 11:53:01,257 [s3-groupManagement] INFO  util.AwaitToRun (AwaitToRun.java:start(81)) - Thread[s3@group-FC0409821AE5-cacheEviction-AwaitToRun,5,main] started
2025-10-10 11:53:01,257 [s3-groupManagement] INFO  segmented.SegmentedRaftLogWorker (SegmentedRaftLogWorker.java:<init>(190)) - new s3@group-FC0409821AE5-SegmentedRaftLogWorker for RaftStorageImpl:Storage Directory /home/runner/work/ratis/ratis/ratis-test/target/test/data/319b119c/MiniRaftClusterWithSimulatedRpc70f26566/s3/3dee10e3-d8b2-4ffe-9807-fc0409821ae5
2025-10-10 11:53:01,258 [s3-groupManagement] INFO  segmented.SegmentedRaftLogWorker (SegmentedRaftLogWorker.java:lambda$new$0(141)) - s3@group-FC0409821AE5-SegmentedRaftLogWorker: flushIndex: setUnconditionally 0 -> -1
2025-10-10 11:53:01,258 [s3-groupManagement] INFO  segmented.SegmentedRaftLogWorker (SegmentedRaftLogWorker.java:lambda$new$0(141)) - s3@group-FC0409821AE5-SegmentedRaftLogWorker: safeCacheEvictIndex: setUnconditionally 0 -> -1
2025-10-10 11:53:01,258 [s3-groupManagement] INFO  server.RaftServer$Division (RaftServerImpl.java:start(406)) - s3@group-FC0409821AE5: start as a follower, conf=conf: {index: -1, cur=peers:[s3, s4, s5, s1, s2]|listeners:[], old=null}
2025-10-10 11:53:01,258 [s3-groupManagement] INFO  server.RaftServer$Division (RaftServerImpl.java:setRole(393)) - s3@group-FC0409821AE5: changes role from      null to FOLLOWER at term 0 for startAsFollower
2025-10-10 11:53:01,258 [s3-groupManagement] INFO  impl.RoleInfo (RoleInfo.java:updateAndGet(148)) - s3: start s3@group-FC0409821AE5-FollowerState
2025-10-10 11:53:01,258 [s3-groupManagement] INFO  util.JmxRegister (JmxRegister.java:tryRegister(44)) - Successfully registered JMX Bean with object name Ratis:service=RaftServer,group=group-FC0409821AE5,id=s3
2025-10-10 11:53:01,258 [s3-groupManagement] INFO  util.JmxRegister (JmxRegister.java:register(58)) - register mxBean class org.apache.ratis.server.impl.RaftServerJmxAdapter as Ratis:service=RaftServer,group=group-FC0409821AE5,id=s3
2025-10-10 11:53:01,258 [s3@group-FC0409821AE5-FollowerState] INFO  server.RaftServerConfigKeys (ConfUtils.java:logFallback(69)) - raft.server.rpc.first-election.timeout.min = 1500ms (fallback to raft.server.rpc.timeout.min)
2025-10-10 11:53:01,259 [s3@group-FC0409821AE5-FollowerState] INFO  server.RaftServerConfigKeys (ConfUtils.java:logFallback(69)) - raft.server.rpc.first-election.timeout.max = 2000ms (fallback to raft.server.rpc.timeout.max)
2025-10-10 11:53:01,259 [s3-groupManagement] INFO  server.RaftServer$Division (RaftServerImpl.java:start(420)) - s3@group-FC0409821AE5: Successfully started.
2025-10-10 11:53:01,259 [main] DEBUG client.RaftClient (RaftClientImpl.java:close(465)) - close client-ED4359BE9B98
2025-10-10 11:53:01,260 [main] DEBUG client.RaftClient (RaftClientImpl.java:newRequest(95)) - attempt #1, newRequest GroupManagementRequest:client-F0DCB581801A->s4@group-FC0409821AE5, cid=126, seq=null, RW, null, Add:group-FC0409821AE5:[s3, s4, s5, s1, s2]
2025-10-10 11:53:01,260 [HandlerDaemon-0] INFO  server.RaftServer (RaftServerProxy.java:addNew(106)) - s4: addNew group-FC0409821AE5:[s3, s4, s5, s1, s2] returns group-FC0409821AE5:java.util.concurrent.CompletableFuture@77dec37c[Not completed]
2025-10-10 11:53:01,260 [s4-groupManagement] INFO  server.RaftServer$Division (RaftServerImpl.java:<init>(269)) - s4: new RaftServerImpl for group-FC0409821AE5:[s3, s4, s5, s1, s2] with BaseStateMachine-36:uninitialized
2025-10-10 11:53:01,261 [s4-groupManagement] INFO  server.RaftServer$Division (ServerState.java:<init>(115)) - s4@group-FC0409821AE5: ConfigurationManager, init=conf: {index: -1, cur=peers:[s3, s4, s5, s1, s2]|listeners:[], old=null}, confs=<EMPTY_MAP>
2025-10-10 11:53:01,262 [s4-groupManagement] DEBUG server.RaftServer (RaftServerProxy.java:lambda$groupAddAsync$13(517)) - s4: newImpl =      null (NEW): s4@group-FC0409821AE5:t0, leader=null, voted=null, raftlog=UNINITIALIZED, conf=conf: {index: -1, cur=peers:[s3, s4, s5, s1, s2]|listeners:[], old=null}
2025-10-10 11:53:01,262 [s4-groupManagement] INFO  server.RaftServerConfigKeys (ConfUtils.java:logGet(62)) - raft.server.storage.dir = [/home/runner/work/ratis/ratis/ratis-test/target/test/data/319b119c/MiniRaftClusterWithSimulatedRpc70f26566/s4] (custom)
2025-10-10 11:53:01,262 [s4-groupManagement] INFO  storage.RaftStorageDirectory (RaftStorageDirectoryImpl.java:analyzeStorage(138)) - The storage directory /home/runner/work/ratis/ratis/ratis-test/target/test/data/319b119c/MiniRaftClusterWithSimulatedRpc70f26566/s4/3dee10e3-d8b2-4ffe-9807-fc0409821ae5 does not exist. Creating ...
2025-10-10 11:53:01,262 [s4-groupManagement] TRACE util.FileUtils (LogUtils.java:runAndLog(49)) - Successfully ran Files.createDirectories /home/runner/work/ratis/ratis/ratis-test/target/test/data/319b119c/MiniRaftClusterWithSimulatedRpc70f26566/s4/3dee10e3-d8b2-4ffe-9807-fc0409821ae5
2025-10-10 11:53:01,263 [s4-groupManagement] INFO  storage.RaftStorageDirectory (RaftStorageDirectoryImpl.java:tryLock(229)) - Lock on /home/runner/work/ratis/ratis/ratis-test/target/test/data/319b119c/MiniRaftClusterWithSimulatedRpc70f26566/s4/3dee10e3-d8b2-4ffe-9807-fc0409821ae5/in_use.lock acquired by nodename 9833@runnervmwhb2z
2025-10-10 11:53:01,263 [s4-groupManagement] TRACE util.FileUtils (LogUtils.java:runAndLog(49)) - Successfully ran Files.createDirectories /home/runner/work/ratis/ratis/ratis-test/target/test/data/319b119c/MiniRaftClusterWithSimulatedRpc70f26566/s4/3dee10e3-d8b2-4ffe-9807-fc0409821ae5/current
2025-10-10 11:53:01,263 [s4-groupManagement] TRACE util.FileUtils (LogUtils.java:runAndLog(49)) - Successfully ran Files.createDirectories /home/runner/work/ratis/ratis/ratis-test/target/test/data/319b119c/MiniRaftClusterWithSimulatedRpc70f26566/s4/3dee10e3-d8b2-4ffe-9807-fc0409821ae5/sm
2025-10-10 11:53:01,264 [s4-groupManagement] TRACE util.FileUtils (LogUtils.java:supplyAndLog(69)) - Successfully supplied FileChannel.open /home/runner/work/ratis/ratis/ratis-test/target/test/data/319b119c/MiniRaftClusterWithSimulatedRpc70f26566/s4/3dee10e3-d8b2-4ffe-9807-fc0409821ae5/current/raft-meta.tmp with options [CREATE, TRUNCATE_EXISTING, WRITE]: sun.nio.ch.FileChannelImpl@312a2b91
2025-10-10 11:53:01,264 [s4-groupManagement] TRACE util.FileUtils (LogUtils.java:runAndLog(49)) - Successfully ran Atomic Files.move /home/runner/work/ratis/ratis/ratis-test/target/test/data/319b119c/MiniRaftClusterWithSimulatedRpc70f26566/s4/3dee10e3-d8b2-4ffe-9807-fc0409821ae5/current/raft-meta.tmp to /home/runner/work/ratis/ratis/ratis-test/target/test/data/319b119c/MiniRaftClusterWithSimulatedRpc70f26566/s4/3dee10e3-d8b2-4ffe-9807-fc0409821ae5/current/raft-meta with options [REPLACE_EXISTING]
2025-10-10 11:53:01,265 [s4-groupManagement] INFO  storage.RaftStorage (RaftStorageImpl.java:format(98)) - Storage directory /home/runner/work/ratis/ratis/ratis-test/target/test/data/319b119c/MiniRaftClusterWithSimulatedRpc70f26566/s4/3dee10e3-d8b2-4ffe-9807-fc0409821ae5 has been successfully formatted.
2025-10-10 11:53:01,265 [s4-groupManagement] INFO  server.RaftServer$Division (ServerState.java:getSnapshotIndexFromStateMachine(155)) - s4@group-FC0409821AE5: getLatestSnapshot(BaseStateMachine-36:s4:group-FC0409821AE5) returns null
2025-10-10 11:53:01,265 [s4-groupManagement] INFO  raftlog.RaftLog (RaftLogBase.java:<init>(90)) - s4@group-FC0409821AE5-SegmentedRaftLog: snapshotIndexFromStateMachine = -1
2025-10-10 11:53:01,265 [s4-groupManagement] INFO  util.AwaitToRun (AwaitToRun.java:start(81)) - Thread[s4@group-FC0409821AE5-cacheEviction-AwaitToRun,5,main] started
2025-10-10 11:53:01,266 [s4-groupManagement] INFO  segmented.SegmentedRaftLogWorker (SegmentedRaftLogWorker.java:<init>(190)) - new s4@group-FC0409821AE5-SegmentedRaftLogWorker for RaftStorageImpl:Storage Directory /home/runner/work/ratis/ratis/ratis-test/target/test/data/319b119c/MiniRaftClusterWithSimulatedRpc70f26566/s4/3dee10e3-d8b2-4ffe-9807-fc0409821ae5
2025-10-10 11:53:01,267 [s4-groupManagement] INFO  segmented.SegmentedRaftLogWorker (SegmentedRaftLogWorker.java:lambda$new$0(141)) - s4@group-FC0409821AE5-SegmentedRaftLogWorker: flushIndex: setUnconditionally 0 -> -1
2025-10-10 11:53:01,268 [s4-groupManagement] INFO  segmented.SegmentedRaftLogWorker (SegmentedRaftLogWorker.java:lambda$new$0(141)) - s4@group-FC0409821AE5-SegmentedRaftLogWorker: safeCacheEvictIndex: setUnconditionally 0 -> -1
2025-10-10 11:53:01,268 [s4-groupManagement] INFO  server.RaftServer$Division (RaftServerImpl.java:start(406)) - s4@group-FC0409821AE5: start as a follower, conf=conf: {index: -1, cur=peers:[s3, s4, s5, s1, s2]|listeners:[], old=null}
2025-10-10 11:53:01,268 [s4-groupManagement] INFO  server.RaftServer$Division (RaftServerImpl.java:setRole(393)) - s4@group-FC0409821AE5: changes role from      null to FOLLOWER at term 0 for startAsFollower
2025-10-10 11:53:01,268 [s4-groupManagement] INFO  impl.RoleInfo (RoleInfo.java:updateAndGet(148)) - s4: start s4@group-FC0409821AE5-FollowerState
2025-10-10 11:53:01,269 [s4-groupManagement] INFO  util.JmxRegister (JmxRegister.java:tryRegister(44)) - Successfully registered JMX Bean with object name Ratis:service=RaftServer,group=group-FC0409821AE5,id=s4
2025-10-10 11:53:01,269 [s4-groupManagement] INFO  util.JmxRegister (JmxRegister.java:register(58)) - register mxBean class org.apache.ratis.server.impl.RaftServerJmxAdapter as Ratis:service=RaftServer,group=group-FC0409821AE5,id=s4
2025-10-10 11:53:01,269 [s4@group-FC0409821AE5-FollowerState] INFO  server.RaftServerConfigKeys (ConfUtils.java:logFallback(69)) - raft.server.rpc.first-election.timeout.min = 1500ms (fallback to raft.server.rpc.timeout.min)
2025-10-10 11:53:01,269 [s4@group-FC0409821AE5-FollowerState] INFO  server.RaftServerConfigKeys (ConfUtils.java:logFallback(69)) - raft.server.rpc.first-election.timeout.max = 2000ms (fallback to raft.server.rpc.timeout.max)
2025-10-10 11:53:01,269 [s4-groupManagement] INFO  server.RaftServer$Division (RaftServerImpl.java:start(420)) - s4@group-FC0409821AE5: Successfully started.
2025-10-10 11:53:01,270 [main] DEBUG client.RaftClient (RaftClientImpl.java:close(465)) - close client-F0DCB581801A
2025-10-10 11:53:01,270 [main] DEBUG client.RaftClient (RaftClientImpl.java:newRequest(95)) - attempt #1, newRequest GroupManagementRequest:client-0745A81C603D->s5@group-FC0409821AE5, cid=127, seq=null, RW, null, Add:group-FC0409821AE5:[s3, s4, s5, s1, s2]
2025-10-10 11:53:01,271 [HandlerDaemon-0] INFO  server.RaftServer (RaftServerProxy.java:addNew(106)) - s5: addNew group-FC0409821AE5:[s3, s4, s5, s1, s2] returns group-FC0409821AE5:java.util.concurrent.CompletableFuture@1b8164a2[Not completed]
2025-10-10 11:53:01,271 [s5-groupManagement] INFO  server.RaftServer$Division (RaftServerImpl.java:<init>(269)) - s5: new RaftServerImpl for group-FC0409821AE5:[s3, s4, s5, s1, s2] with BaseStateMachine-37:uninitialized
2025-10-10 11:53:01,271 [s5-groupManagement] INFO  server.RaftServer$Division (ServerState.java:<init>(115)) - s5@group-FC0409821AE5: ConfigurationManager, init=conf: {index: -1, cur=peers:[s3, s4, s5, s1, s2]|listeners:[], old=null}, confs=<EMPTY_MAP>
2025-10-10 11:53:01,272 [s5-groupManagement] DEBUG server.RaftServer (RaftServerProxy.java:lambda$groupAddAsync$13(517)) - s5: newImpl =      null (NEW): s5@group-FC0409821AE5:t0, leader=null, voted=null, raftlog=UNINITIALIZED, conf=conf: {index: -1, cur=peers:[s3, s4, s5, s1, s2]|listeners:[], old=null}
2025-10-10 11:53:01,272 [s5-groupManagement] INFO  server.RaftServerConfigKeys (ConfUtils.java:logGet(62)) - raft.server.storage.dir = [/home/runner/work/ratis/ratis/ratis-test/target/test/data/319b119c/MiniRaftClusterWithSimulatedRpc70f26566/s5] (custom)
2025-10-10 11:53:01,272 [s5-groupManagement] INFO  storage.RaftStorageDirectory (RaftStorageDirectoryImpl.java:analyzeStorage(138)) - The storage directory /home/runner/work/ratis/ratis/ratis-test/target/test/data/319b119c/MiniRaftClusterWithSimulatedRpc70f26566/s5/3dee10e3-d8b2-4ffe-9807-fc0409821ae5 does not exist. Creating ...
2025-10-10 11:53:01,272 [s5-groupManagement] TRACE util.FileUtils (LogUtils.java:runAndLog(49)) - Successfully ran Files.createDirectories /home/runner/work/ratis/ratis/ratis-test/target/test/data/319b119c/MiniRaftClusterWithSimulatedRpc70f26566/s5/3dee10e3-d8b2-4ffe-9807-fc0409821ae5
2025-10-10 11:53:01,273 [s5-groupManagement] INFO  storage.RaftStorageDirectory (RaftStorageDirectoryImpl.java:tryLock(229)) - Lock on /home/runner/work/ratis/ratis/ratis-test/target/test/data/319b119c/MiniRaftClusterWithSimulatedRpc70f26566/s5/3dee10e3-d8b2-4ffe-9807-fc0409821ae5/in_use.lock acquired by nodename 9833@runnervmwhb2z
2025-10-10 11:53:01,273 [s5-groupManagement] TRACE util.FileUtils (LogUtils.java:runAndLog(49)) - Successfully ran Files.createDirectories /home/runner/work/ratis/ratis/ratis-test/target/test/data/319b119c/MiniRaftClusterWithSimulatedRpc70f26566/s5/3dee10e3-d8b2-4ffe-9807-fc0409821ae5/current
2025-10-10 11:53:01,273 [s5-groupManagement] TRACE util.FileUtils (LogUtils.java:runAndLog(49)) - Successfully ran Files.createDirectories /home/runner/work/ratis/ratis/ratis-test/target/test/data/319b119c/MiniRaftClusterWithSimulatedRpc70f26566/s5/3dee10e3-d8b2-4ffe-9807-fc0409821ae5/sm
2025-10-10 11:53:01,273 [s5-groupManagement] TRACE util.FileUtils (LogUtils.java:supplyAndLog(69)) - Successfully supplied FileChannel.open /home/runner/work/ratis/ratis/ratis-test/target/test/data/319b119c/MiniRaftClusterWithSimulatedRpc70f26566/s5/3dee10e3-d8b2-4ffe-9807-fc0409821ae5/current/raft-meta.tmp with options [CREATE, TRUNCATE_EXISTING, WRITE]: sun.nio.ch.FileChannelImpl@2577fbf2
2025-10-10 11:53:01,274 [s5-groupManagement] TRACE util.FileUtils (LogUtils.java:runAndLog(49)) - Successfully ran Atomic Files.move /home/runner/work/ratis/ratis/ratis-test/target/test/data/319b119c/MiniRaftClusterWithSimulatedRpc70f26566/s5/3dee10e3-d8b2-4ffe-9807-fc0409821ae5/current/raft-meta.tmp to /home/runner/work/ratis/ratis/ratis-test/target/test/data/319b119c/MiniRaftClusterWithSimulatedRpc70f26566/s5/3dee10e3-d8b2-4ffe-9807-fc0409821ae5/current/raft-meta with options [REPLACE_EXISTING]
2025-10-10 11:53:01,274 [s5-groupManagement] INFO  storage.RaftStorage (RaftStorageImpl.java:format(98)) - Storage directory /home/runner/work/ratis/ratis/ratis-test/target/test/data/319b119c/MiniRaftClusterWithSimulatedRpc70f26566/s5/3dee10e3-d8b2-4ffe-9807-fc0409821ae5 has been successfully formatted.
2025-10-10 11:53:01,274 [s5-groupManagement] INFO  server.RaftServer$Division (ServerState.java:getSnapshotIndexFromStateMachine(155)) - s5@group-FC0409821AE5: getLatestSnapshot(BaseStateMachine-37:s5:group-FC0409821AE5) returns null
2025-10-10 11:53:01,274 [s5-groupManagement] INFO  raftlog.RaftLog (RaftLogBase.java:<init>(90)) - s5@group-FC0409821AE5-SegmentedRaftLog: snapshotIndexFromStateMachine = -1
2025-10-10 11:53:01,276 [s5-groupManagement] INFO  util.AwaitToRun (AwaitToRun.java:start(81)) - Thread[s5@group-FC0409821AE5-cacheEviction-AwaitToRun,5,main] started
2025-10-10 11:53:01,276 [s5-groupManagement] INFO  segmented.SegmentedRaftLogWorker (SegmentedRaftLogWorker.java:<init>(190)) - new s5@group-FC0409821AE5-SegmentedRaftLogWorker for RaftStorageImpl:Storage Directory /home/runner/work/ratis/ratis/ratis-test/target/test/data/319b119c/MiniRaftClusterWithSimulatedRpc70f26566/s5/3dee10e3-d8b2-4ffe-9807-fc0409821ae5
2025-10-10 11:53:01,277 [s5-groupManagement] INFO  segmented.SegmentedRaftLogWorker (SegmentedRaftLogWorker.java:lambda$new$0(141)) - s5@group-FC0409821AE5-SegmentedRaftLogWorker: flushIndex: setUnconditionally 0 -> -1
2025-10-10 11:53:01,277 [s5-groupManagement] INFO  segmented.SegmentedRaftLogWorker (SegmentedRaftLogWorker.java:lambda$new$0(141)) - s5@group-FC0409821AE5-SegmentedRaftLogWorker: safeCacheEvictIndex: setUnconditionally 0 -> -1
2025-10-10 11:53:01,278 [s5-groupManagement] INFO  server.RaftServer$Division (RaftServerImpl.java:start(406)) - s5@group-FC0409821AE5: start as a follower, conf=conf: {index: -1, cur=peers:[s3, s4, s5, s1, s2]|listeners:[], old=null}
2025-10-10 11:53:01,278 [s5-groupManagement] INFO  server.RaftServer$Division (RaftServerImpl.java:setRole(393)) - s5@group-FC0409821AE5: changes role from      null to FOLLOWER at term 0 for startAsFollower
2025-10-10 11:53:01,279 [s5-groupManagement] INFO  impl.RoleInfo (RoleInfo.java:updateAndGet(148)) - s5: start s5@group-FC0409821AE5-FollowerState
2025-10-10 11:53:01,279 [s5-groupManagement] INFO  util.JmxRegister (JmxRegister.java:tryRegister(44)) - Successfully registered JMX Bean with object name Ratis:service=RaftServer,group=group-FC0409821AE5,id=s5
2025-10-10 11:53:01,279 [s5-groupManagement] INFO  util.JmxRegister (JmxRegister.java:register(58)) - register mxBean class org.apache.ratis.server.impl.RaftServerJmxAdapter as Ratis:service=RaftServer,group=group-FC0409821AE5,id=s5
2025-10-10 11:53:01,280 [s5-groupManagement] INFO  server.RaftServer$Division (RaftServerImpl.java:start(420)) - s5@group-FC0409821AE5: Successfully started.
2025-10-10 11:53:01,280 [s5@group-FC0409821AE5-FollowerState] INFO  server.RaftServerConfigKeys (ConfUtils.java:logFallback(69)) - raft.server.rpc.first-election.timeout.min = 1500ms (fallback to raft.server.rpc.timeout.min)
2025-10-10 11:53:01,280 [s5@group-FC0409821AE5-FollowerState] INFO  server.RaftServerConfigKeys (ConfUtils.java:logFallback(69)) - raft.server.rpc.first-election.timeout.max = 2000ms (fallback to raft.server.rpc.timeout.max)
2025-10-10 11:53:01,280 [main] DEBUG client.RaftClient (RaftClientImpl.java:close(465)) - close client-0745A81C603D
2025-10-10 11:53:01,282 [main] INFO  ratis.RaftTestUtil (RaftTestUtil.java:waitForLeader(107)) - printing group-FC0409821AE5
  s3:  RUNNING [
   FOLLOWER (RUNNING): s3@group-FC0409821AE5:t0, leader=null, voted=, raftlog=Memoized:s3@group-FC0409821AE5-SegmentedRaftLog:OPENED:c-1:lastnull, conf=conf: {index: -1, cur=peers:[s3, s4, s5, s1, s2]|listeners:[], old=null}
   FOLLOWER (STARTING): s3@group-26DAA163C1DE:t0, leader=null, voted=, raftlog=Memoized:s3@group-26DAA163C1DE-SegmentedRaftLog:OPENED:c-1:lastnull, conf=conf: {index: -1, cur=peers:[]|listeners:[], old=null}] size=2
  s4:  RUNNING [
   FOLLOWER (RUNNING): s4@group-FC0409821AE5:t0, leader=null, voted=, raftlog=Memoized:s4@group-FC0409821AE5-SegmentedRaftLog:OPENED:c-1:lastnull, conf=conf: {index: -1, cur=peers:[s3, s4, s5, s1, s2]|listeners:[], old=null}
   FOLLOWER (STARTING): s4@group-26DAA163C1DE:t0, leader=null, voted=, raftlog=Memoized:s4@group-26DAA163C1DE-SegmentedRaftLog:OPENED:c-1:lastnull, conf=conf: {index: -1, cur=peers:[]|listeners:[], old=null}] size=2
  s5:  RUNNING [
   FOLLOWER (RUNNING): s5@group-FC0409821AE5:t0, leader=null, voted=, raftlog=Memoized:s5@group-FC0409821AE5-SegmentedRaftLog:OPENED:c-1:lastnull, conf=conf: {index: -1, cur=peers:[s3, s4, s5, s1, s2]|listeners:[], old=null}
   FOLLOWER (STARTING): s5@group-26DAA163C1DE:t0, leader=null, voted=, raftlog=Memoized:s5@group-26DAA163C1DE-SegmentedRaftLog:OPENED:c-1:lastnull, conf=conf: {index: -1, cur=peers:[]|listeners:[], old=null}] size=2
  s1:  RUNNING [
   FOLLOWER (RUNNING): s1@group-FC0409821AE5:t0, leader=null, voted=, raftlog=Memoized:s1@group-FC0409821AE5-SegmentedRaftLog:OPENED:c-1:lastnull, conf=conf: {index: -1, cur=peers:[s3, s4, s5, s1, s2]|listeners:[], old=null}
   FOLLOWER (STARTING): s1@group-26DAA163C1DE:t0, leader=null, voted=, raftlog=Memoized:s1@group-26DAA163C1DE-SegmentedRaftLog:OPENED:c-1:lastnull, conf=conf: {index: -1, cur=peers:[]|listeners:[], old=null}] size=2
  s2:  RUNNING [
   FOLLOWER (RUNNING): s2@group-FC0409821AE5:t0, leader=null, voted=, raftlog=Memoized:s2@group-FC0409821AE5-SegmentedRaftLog:OPENED:c-1:lastnull, conf=conf: {index: -1, cur=peers:[s3, s4, s5, s1, s2]|listeners:[], old=null}
   FOLLOWER (STARTING): s2@group-26DAA163C1DE:t0, leader=null, voted=, raftlog=Memoized:s2@group-26DAA163C1DE-SegmentedRaftLog:OPENED:c-1:lastnull, conf=conf: {index: -1, cur=peers:[]|listeners:[], old=null}] size=2
2025-10-10 11:53:01,282 [main] WARN  ratis.RaftTestUtil (RaftTestUtil.java:lambda$waitForLeader$3(126)) - Attempt #1 failed: java.lang.IllegalStateException: No leader yet  for group-FC0409821AE5: printing group-FC0409821AE5
  s3:  RUNNING [
   FOLLOWER (RUNNING): s3@group-FC0409821AE5:t0, leader=null, voted=, raftlog=Memoized:s3@group-FC0409821AE5-SegmentedRaftLog:OPENED:c-1:lastnull, conf=conf: {index: -1, cur=peers:[s3, s4, s5, s1, s2]|listeners:[], old=null}
   FOLLOWER (STARTING): s3@group-26DAA163C1DE:t0, leader=null, voted=, raftlog=Memoized:s3@group-26DAA163C1DE-SegmentedRaftLog:OPENED:c-1:lastnull, conf=conf: {index: -1, cur=peers:[]|listeners:[], old=null}] size=2
  s4:  RUNNING [
   FOLLOWER (RUNNING): s4@group-FC0409821AE5:t0, leader=null, voted=, raftlog=Memoized:s4@group-FC0409821AE5-SegmentedRaftLog:OPENED:c-1:lastnull, conf=conf: {index: -1, cur=peers:[s3, s4, s5, s1, s2]|listeners:[], old=null}
   FOLLOWER (STARTING): s4@group-26DAA163C1DE:t0, leader=null, voted=, raftlog=Memoized:s4@group-26DAA163C1DE-SegmentedRaftLog:OPENED:c-1:lastnull, conf=conf: {index: -1, cur=peers:[]|listeners:[], old=null}] size=2
  s5:  RUNNING [
   FOLLOWER (RUNNING): s5@group-FC0409821AE5:t0, leader=null, voted=, raftlog=Memoized:s5@group-FC0409821AE5-SegmentedRaftLog:OPENED:c-1:lastnull, conf=conf: {index: -1, cur=peers:[s3, s4, s5, s1, s2]|listeners:[], old=null}
   FOLLOWER (STARTING): s5@group-26DAA163C1DE:t0, leader=null, voted=, raftlog=Memoized:s5@group-26DAA163C1DE-SegmentedRaftLog:OPENED:c-1:lastnull, conf=conf: {index: -1, cur=peers:[]|listeners:[], old=null}] size=2
  s1:  RUNNING [
   FOLLOWER (RUNNING): s1@group-FC0409821AE5:t0, leader=null, voted=, raftlog=Memoized:s1@group-FC0409821AE5-SegmentedRaftLog:OPENED:c-1:lastnull, conf=conf: {index: -1, cur=peers:[s3, s4, s5, s1, s2]|listeners:[], old=null}
   FOLLOWER (STARTING): s1@group-26DAA163C1DE:t0, leader=null, voted=, raftlog=Memoized:s1@group-26DAA163C1DE-SegmentedRaftLog:OPENED:c-1:lastnull, conf=conf: {index: -1, cur=peers:[]|listeners:[], old=null}] size=2
  s2:  RUNNING [
   FOLLOWER (RUNNING): s2@group-FC0409821AE5:t0, leader=null, voted=, raftlog=Memoized:s2@group-FC0409821AE5-SegmentedRaftLog:OPENED:c-1:lastnull, conf=conf: {index: -1, cur=peers:[s3, s4, s5, s1, s2]|listeners:[], old=null}
   FOLLOWER (STARTING): s2@group-26DAA163C1DE:t0, leader=null, voted=, raftlog=Memoized:s2@group-26DAA163C1DE-SegmentedRaftLog:OPENED:c-1:lastnull, conf=conf: {index: -1, cur=peers:[]|listeners:[], old=null}] size=2
2025-10-10 11:53:02,841 [s5@group-FC0409821AE5-FollowerState] INFO  impl.FollowerState (FollowerState.java:runImpl(161)) - s5@group-FC0409821AE5-FollowerState: change to CANDIDATE, lastRpcElapsedTime:1562442155ns, electionTimeout:1561ms
2025-10-10 11:53:02,841 [s5@group-FC0409821AE5-FollowerState] INFO  impl.RoleInfo (RoleInfo.java:shutdownFollowerState(121)) - s5: shutdown s5@group-FC0409821AE5-FollowerState
2025-10-10 11:53:02,841 [s5@group-FC0409821AE5-FollowerState] INFO  server.RaftServer$Division (RaftServerImpl.java:setRole(393)) - s5@group-FC0409821AE5: changes role from  FOLLOWER to CANDIDATE at term 0 for changeToCandidate
2025-10-10 11:53:02,842 [s5@group-FC0409821AE5-FollowerState] INFO  impl.RoleInfo (RoleInfo.java:updateAndGet(148)) - s5: start s5@group-FC0409821AE5-LeaderElection7
2025-10-10 11:53:02,843 [s5@group-FC0409821AE5-LeaderElection7] INFO  impl.LeaderElection (LeaderElection.java:askForVotes(448)) - s5@group-FC0409821AE5-LeaderElection7 PRE_VOTE round 0: submit vote requests at term 0 for conf: {index: -1, cur=peers:[s3, s4, s5, s1, s2]|listeners:[], old=null}
2025-10-10 11:53:02,843 [HandlerDaemon-0] INFO  server.RaftServer$Division (RaftServerImpl.java:requestVote(1434)) - s3@group-FC0409821AE5: receive requestVote(PRE_VOTE, s5, group-FC0409821AE5, 0, <PROTO_DEFAULT>)
2025-10-10 11:53:02,844 [s5@group-FC0409821AE5-LeaderElection7] INFO  server.RaftServerConfigKeys (ConfUtils.java:logFallback(69)) - raft.server.rpc.first-election.timeout.min = 1500ms (fallback to raft.server.rpc.timeout.min)
2025-10-10 11:53:02,843 [HandlerDaemon-0] INFO  server.RaftServer$Division (RaftServerImpl.java:requestVote(1434)) - s4@group-FC0409821AE5: receive requestVote(PRE_VOTE, s5, group-FC0409821AE5, 0, <PROTO_DEFAULT>)
2025-10-10 11:53:02,844 [s5@group-FC0409821AE5-LeaderElection7] INFO  server.RaftServerConfigKeys (ConfUtils.java:logFallback(69)) - raft.server.rpc.first-election.timeout.max = 2000ms (fallback to raft.server.rpc.timeout.max)
2025-10-10 11:53:02,844 [HandlerDaemon-0] INFO  impl.VoteContext (VoteContext.java:log(49)) - s4@group-FC0409821AE5-FOLLOWER: accept PRE_VOTE from s5: our priority 0 <= candidate's priority 0
2025-10-10 11:53:02,844 [HandlerDaemon-0] INFO  server.RaftServer$Division (RaftServerImpl.java:requestVote(1434)) - s2@group-FC0409821AE5: receive requestVote(PRE_VOTE, s5, group-FC0409821AE5, 0, <PROTO_DEFAULT>)
2025-10-10 11:53:02,844 [HandlerDaemon-0] INFO  server.RaftServer$Division (RaftServerImpl.java:requestVote(1468)) - s4@group-FC0409821AE5 replies to PRE_VOTE vote request: s5<-s4#0:OK-t0-last:<INITIAL_VALUE>. Peer's state: s4@group-FC0409821AE5:t0, leader=null, voted=, raftlog=Memoized:s4@group-FC0409821AE5-SegmentedRaftLog:OPENED:c-1:lastnull, conf=conf: {index: -1, cur=peers:[s3, s4, s5, s1, s2]|listeners:[], old=null}
2025-10-10 11:53:02,844 [HandlerDaemon-0] INFO  impl.VoteContext (VoteContext.java:log(49)) - s2@group-FC0409821AE5-FOLLOWER: accept PRE_VOTE from s5: our priority 0 <= candidate's priority 0
2025-10-10 11:53:02,844 [HandlerDaemon-0] INFO  server.RaftServer$Division (RaftServerImpl.java:requestVote(1468)) - s2@group-FC0409821AE5 replies to PRE_VOTE vote request: s5<-s2#0:OK-t0-last:<INITIAL_VALUE>. Peer's state: s2@group-FC0409821AE5:t0, leader=null, voted=, raftlog=Memoized:s2@group-FC0409821AE5-SegmentedRaftLog:OPENED:c-1:lastnull, conf=conf: {index: -1, cur=peers:[s3, s4, s5, s1, s2]|listeners:[], old=null}
2025-10-10 11:53:02,844 [HandlerDaemon-0] INFO  server.RaftServer$Division (RaftServerImpl.java:requestVote(1434)) - s1@group-FC0409821AE5: receive requestVote(PRE_VOTE, s5, group-FC0409821AE5, 0, <PROTO_DEFAULT>)
2025-10-10 11:53:02,844 [HandlerDaemon-0] INFO  impl.VoteContext (VoteContext.java:log(49)) - s1@group-FC0409821AE5-FOLLOWER: accept PRE_VOTE from s5: our priority 0 <= candidate's priority 0
2025-10-10 11:53:02,845 [s5@group-FC0409821AE5-LeaderElection7] INFO  impl.LeaderElection (LeaderElection.java:logAndReturn(206)) - s5@group-FC0409821AE5-LeaderElection7: PRE_VOTE PASSED received 2 response(s) and 0 exception(s):
2025-10-10 11:53:02,844 [HandlerDaemon-0] INFO  impl.VoteContext (VoteContext.java:log(49)) - s3@group-FC0409821AE5-FOLLOWER: accept PRE_VOTE from s5: our priority 0 <= candidate's priority 0
2025-10-10 11:53:02,845 [s5@group-FC0409821AE5-LeaderElection7] INFO  impl.LeaderElection (LeaderElection.java:logAndReturn(210)) -   Response 0: s5<-s4#0:OK-t0-last:<INITIAL_VALUE>
2025-10-10 11:53:02,845 [HandlerDaemon-0] INFO  server.RaftServer$Division (RaftServerImpl.java:requestVote(1468)) - s3@group-FC0409821AE5 replies to PRE_VOTE vote request: s5<-s3#0:OK-t0-last:<INITIAL_VALUE>. Peer's state: s3@group-FC0409821AE5:t0, leader=null, voted=, raftlog=Memoized:s3@group-FC0409821AE5-SegmentedRaftLog:OPENED:c-1:lastnull, conf=conf: {index: -1, cur=peers:[s3, s4, s5, s1, s2]|listeners:[], old=null}
2025-10-10 11:53:02,845 [HandlerDaemon-0] INFO  server.RaftServer$Division (RaftServerImpl.java:requestVote(1468)) - s1@group-FC0409821AE5 replies to PRE_VOTE vote request: s5<-s1#0:OK-t0-last:<INITIAL_VALUE>. Peer's state: s1@group-FC0409821AE5:t0, leader=null, voted=, raftlog=Memoized:s1@group-FC0409821AE5-SegmentedRaftLog:OPENED:c-1:lastnull, conf=conf: {index: -1, cur=peers:[s3, s4, s5, s1, s2]|listeners:[], old=null}
2025-10-10 11:53:02,845 [s5@group-FC0409821AE5-LeaderElection7] INFO  impl.LeaderElection (LeaderElection.java:logAndReturn(210)) -   Response 1: s5<-s2#0:OK-t0-last:<INITIAL_VALUE>
2025-10-10 11:53:02,845 [s5@group-FC0409821AE5-LeaderElection7] INFO  impl.LeaderElection (LeaderElection.java:askForVotes(450)) - s5@group-FC0409821AE5-LeaderElection7 PRE_VOTE round 0: result PASSED
2025-10-10 11:53:02,845 [s5@group-FC0409821AE5-LeaderElection7] TRACE util.FileUtils (LogUtils.java:supplyAndLog(69)) - Successfully supplied FileChannel.open /home/runner/work/ratis/ratis/ratis-test/target/test/data/319b119c/MiniRaftClusterWithSimulatedRpc70f26566/s5/3dee10e3-d8b2-4ffe-9807-fc0409821ae5/current/raft-meta.tmp with options [CREATE, TRUNCATE_EXISTING, WRITE]: sun.nio.ch.FileChannelImpl@5fb391ca
2025-10-10 11:53:02,846 [s5@group-FC0409821AE5-LeaderElection7] TRACE util.FileUtils (LogUtils.java:runAndLog(49)) - Successfully ran Atomic Files.move /home/runner/work/ratis/ratis/ratis-test/target/test/data/319b119c/MiniRaftClusterWithSimulatedRpc70f26566/s5/3dee10e3-d8b2-4ffe-9807-fc0409821ae5/current/raft-meta.tmp to /home/runner/work/ratis/ratis/ratis-test/target/test/data/319b119c/MiniRaftClusterWithSimulatedRpc70f26566/s5/3dee10e3-d8b2-4ffe-9807-fc0409821ae5/current/raft-meta with options [REPLACE_EXISTING]
2025-10-10 11:53:02,846 [s5@group-FC0409821AE5-LeaderElection7] INFO  impl.LeaderElection (LeaderElection.java:askForVotes(448)) - s5@group-FC0409821AE5-LeaderElection7 ELECTION round 0: submit vote requests at term 1 for conf: {index: -1, cur=peers:[s3, s4, s5, s1, s2]|listeners:[], old=null}
2025-10-10 11:53:02,847 [HandlerDaemon-1] INFO  server.RaftServer$Division (RaftServerImpl.java:requestVote(1434)) - s3@group-FC0409821AE5: receive requestVote(ELECTION, s5, group-FC0409821AE5, 1, <PROTO_DEFAULT>)
2025-10-10 11:53:02,847 [HandlerDaemon-1] INFO  server.RaftServer$Division (RaftServerImpl.java:requestVote(1434)) - s1@group-FC0409821AE5: receive requestVote(ELECTION, s5, group-FC0409821AE5, 1, <PROTO_DEFAULT>)
2025-10-10 11:53:02,847 [HandlerDaemon-1] INFO  impl.VoteContext (VoteContext.java:log(49)) - s3@group-FC0409821AE5-FOLLOWER: accept ELECTION from s5: our priority 0 <= candidate's priority 0
2025-10-10 11:53:02,848 [HandlerDaemon-1] INFO  server.RaftServer$Division (RaftServerImpl.java:requestVote(1434)) - s2@group-FC0409821AE5: receive requestVote(ELECTION, s5, group-FC0409821AE5, 1, <PROTO_DEFAULT>)
2025-10-10 11:53:02,848 [HandlerDaemon-1] INFO  server.RaftServer$Division (RaftServerImpl.java:setRole(393)) - s3@group-FC0409821AE5: changes role from  FOLLOWER to FOLLOWER at term 0 for candidate:s5
2025-10-10 11:53:02,848 [HandlerDaemon-1] INFO  impl.RoleInfo (RoleInfo.java:shutdownFollowerState(121)) - s3: shutdown s3@group-FC0409821AE5-FollowerState
2025-10-10 11:53:02,848 [s5@group-FC0409821AE5-LeaderElection7] INFO  server.RaftServerConfigKeys (ConfUtils.java:logFallback(69)) - raft.server.rpc.first-election.timeout.min = 1500ms (fallback to raft.server.rpc.timeout.min)
2025-10-10 11:53:02,848 [s3@group-FC0409821AE5-FollowerState] INFO  impl.FollowerState (FollowerState.java:runImpl(170)) - s3@group-FC0409821AE5-FollowerState was interrupted
2025-10-10 11:53:02,848 [s5@group-FC0409821AE5-LeaderElection7] INFO  server.RaftServerConfigKeys (ConfUtils.java:logFallback(69)) - raft.server.rpc.first-election.timeout.max = 2000ms (fallback to raft.server.rpc.timeout.max)
2025-10-10 11:53:02,848 [HandlerDaemon-1] INFO  server.RaftServer$Division (RaftServerImpl.java:requestVote(1434)) - s4@group-FC0409821AE5: receive requestVote(ELECTION, s5, group-FC0409821AE5, 1, <PROTO_DEFAULT>)
2025-10-10 11:53:02,848 [HandlerDaemon-1] INFO  impl.VoteContext (VoteContext.java:log(49)) - s1@group-FC0409821AE5-FOLLOWER: accept ELECTION from s5: our priority 0 <= candidate's priority 0
2025-10-10 11:53:02,849 [HandlerDaemon-1] INFO  server.RaftServer$Division (RaftServerImpl.java:setRole(393)) - s1@group-FC0409821AE5: changes role from  FOLLOWER to FOLLOWER at term 0 for candidate:s5
2025-10-10 11:53:02,849 [HandlerDaemon-1] INFO  impl.RoleInfo (RoleInfo.java:shutdownFollowerState(121)) - s1: shutdown s1@group-FC0409821AE5-FollowerState
2025-10-10 11:53:02,849 [HandlerDaemon-1] INFO  impl.VoteContext (VoteContext.java:log(49)) - s4@group-FC0409821AE5-FOLLOWER: accept ELECTION from s5: our priority 0 <= candidate's priority 0
2025-10-10 11:53:02,849 [s1@group-FC0409821AE5-FollowerState] INFO  impl.FollowerState (FollowerState.java:runImpl(170)) - s1@group-FC0409821AE5-FollowerState was interrupted
2025-10-10 11:53:02,849 [HandlerDaemon-1] INFO  server.RaftServer$Division (RaftServerImpl.java:setRole(393)) - s4@group-FC0409821AE5: changes role from  FOLLOWER to FOLLOWER at term 0 for candidate:s5
2025-10-10 11:53:02,848 [HandlerDaemon-1] INFO  impl.RoleInfo (RoleInfo.java:updateAndGet(148)) - s3: start s3@group-FC0409821AE5-FollowerState
2025-10-10 11:53:02,848 [HandlerDaemon-1] INFO  impl.VoteContext (VoteContext.java:log(49)) - s2@group-FC0409821AE5-FOLLOWER: accept ELECTION from s5: our priority 0 <= candidate's priority 0
2025-10-10 11:53:02,850 [HandlerDaemon-1] INFO  server.RaftServer$Division (RaftServerImpl.java:setRole(393)) - s2@group-FC0409821AE5: changes role from  FOLLOWER to FOLLOWER at term 0 for candidate:s5
2025-10-10 11:53:02,850 [HandlerDaemon-1] INFO  impl.RoleInfo (RoleInfo.java:shutdownFollowerState(121)) - s2: shutdown s2@group-FC0409821AE5-FollowerState
2025-10-10 11:53:02,850 [s3@group-FC0409821AE5-FollowerState] INFO  server.RaftServerConfigKeys (ConfUtils.java:logFallback(69)) - raft.server.rpc.first-election.timeout.min = 1500ms (fallback to raft.server.rpc.timeout.min)
2025-10-10 11:53:02,850 [HandlerDaemon-1] INFO  server.RaftServer$Division (RaftServerImpl.java:setFirstElection(577)) - s3@group-FC0409821AE5: set firstElectionSinceStartup to false for candidate:s5
2025-10-10 11:53:02,850 [s3@group-FC0409821AE5-FollowerState] INFO  server.RaftServerConfigKeys (ConfUtils.java:logFallback(69)) - raft.server.rpc.first-election.timeout.max = 2000ms (fallback to raft.server.rpc.timeout.max)
2025-10-10 11:53:02,850 [HandlerDaemon-1] INFO  impl.RoleInfo (RoleInfo.java:shutdownFollowerState(121)) - s4: shutdown s4@group-FC0409821AE5-FollowerState
2025-10-10 11:53:02,850 [HandlerDaemon-1] TRACE util.FileUtils (LogUtils.java:supplyAndLog(69)) - Successfully supplied FileChannel.open /home/runner/work/ratis/ratis/ratis-test/target/test/data/319b119c/MiniRaftClusterWithSimulatedRpc70f26566/s3/3dee10e3-d8b2-4ffe-9807-fc0409821ae5/current/raft-meta.tmp with options [CREATE, TRUNCATE_EXISTING, WRITE]: sun.nio.ch.FileChannelImpl@17d59927
2025-10-10 11:53:02,849 [HandlerDaemon-1] INFO  impl.RoleInfo (RoleInfo.java:updateAndGet(148)) - s1: start s1@group-FC0409821AE5-FollowerState
2025-10-10 11:53:02,850 [s2@group-FC0409821AE5-FollowerState] INFO  impl.FollowerState (FollowerState.java:runImpl(170)) - s2@group-FC0409821AE5-FollowerState was interrupted
2025-10-10 11:53:02,850 [s4@group-FC0409821AE5-FollowerState] INFO  impl.FollowerState (FollowerState.java:runImpl(170)) - s4@group-FC0409821AE5-FollowerState was interrupted
2025-10-10 11:53:02,850 [HandlerDaemon-1] INFO  server.RaftServer$Division (RaftServerImpl.java:setFirstElection(577)) - s1@group-FC0409821AE5: set firstElectionSinceStartup to false for candidate:s5
2025-10-10 11:53:02,852 [HandlerDaemon-1] TRACE util.FileUtils (LogUtils.java:runAndLog(49)) - Successfully ran Atomic Files.move /home/runner/work/ratis/ratis/ratis-test/target/test/data/319b119c/MiniRaftClusterWithSimulatedRpc70f26566/s3/3dee10e3-d8b2-4ffe-9807-fc0409821ae5/current/raft-meta.tmp to /home/runner/work/ratis/ratis/ratis-test/target/test/data/319b119c/MiniRaftClusterWithSimulatedRpc70f26566/s3/3dee10e3-d8b2-4ffe-9807-fc0409821ae5/current/raft-meta with options [REPLACE_EXISTING]
2025-10-10 11:53:02,851 [HandlerDaemon-1] INFO  impl.RoleInfo (RoleInfo.java:updateAndGet(148)) - s4: start s4@group-FC0409821AE5-FollowerState
2025-10-10 11:53:02,852 [HandlerDaemon-1] TRACE util.FileUtils (LogUtils.java:supplyAndLog(69)) - Successfully supplied FileChannel.open /home/runner/work/ratis/ratis/ratis-test/target/test/data/319b119c/MiniRaftClusterWithSimulatedRpc70f26566/s1/3dee10e3-d8b2-4ffe-9807-fc0409821ae5/current/raft-meta.tmp with options [CREATE, TRUNCATE_EXISTING, WRITE]: sun.nio.ch.FileChannelImpl@1025db8c
2025-10-10 11:53:02,851 [HandlerDaemon-1] INFO  impl.RoleInfo (RoleInfo.java:updateAndGet(148)) - s2: start s2@group-FC0409821AE5-FollowerState
2025-10-10 11:53:02,850 [s1@group-FC0409821AE5-FollowerState] INFO  server.RaftServerConfigKeys (ConfUtils.java:logFallback(69)) - raft.server.rpc.first-election.timeout.min = 1500ms (fallback to raft.server.rpc.timeout.min)
2025-10-10 11:53:02,852 [HandlerDaemon-1] INFO  server.RaftServer$Division (RaftServerImpl.java:setFirstElection(577)) - s4@group-FC0409821AE5: set firstElectionSinceStartup to false for candidate:s5
2025-10-10 11:53:02,852 [s1@group-FC0409821AE5-FollowerState] INFO  server.RaftServerConfigKeys (ConfUtils.java:logFallback(69)) - raft.server.rpc.first-election.timeout.max = 2000ms (fallback to raft.server.rpc.timeout.max)
2025-10-10 11:53:02,852 [HandlerDaemon-1] INFO  server.RaftServer$Division (RaftServerImpl.java:setFirstElection(577)) - s2@group-FC0409821AE5: set firstElectionSinceStartup to false for candidate:s5
2025-10-10 11:53:02,853 [HandlerDaemon-1] TRACE util.FileUtils (LogUtils.java:supplyAndLog(69)) - Successfully supplied FileChannel.open /home/runner/work/ratis/ratis/ratis-test/target/test/data/319b119c/MiniRaftClusterWithSimulatedRpc70f26566/s4/3dee10e3-d8b2-4ffe-9807-fc0409821ae5/current/raft-meta.tmp with options [CREATE, TRUNCATE_EXISTING, WRITE]: sun.nio.ch.FileChannelImpl@4fce10b1
2025-10-10 11:53:02,853 [HandlerDaemon-1] TRACE util.FileUtils (LogUtils.java:supplyAndLog(69)) - Successfully supplied FileChannel.open /home/runner/work/ratis/ratis/ratis-test/target/test/data/319b119c/MiniRaftClusterWithSimulatedRpc70f26566/s2/3dee10e3-d8b2-4ffe-9807-fc0409821ae5/current/raft-meta.tmp with options [CREATE, TRUNCATE_EXISTING, WRITE]: sun.nio.ch.FileChannelImpl@2f761a
2025-10-10 11:53:02,852 [HandlerDaemon-1] INFO  server.RaftServer$Division (RaftServerImpl.java:requestVote(1468)) - s3@group-FC0409821AE5 replies to ELECTION vote request: s5<-s3#0:OK-t1-last:<INITIAL_VALUE>. Peer's state: s3@group-FC0409821AE5:t1, leader=null, voted=s5, raftlog=Memoized:s3@group-FC0409821AE5-SegmentedRaftLog:OPENED:c-1:lastnull, conf=conf: {index: -1, cur=peers:[s3, s4, s5, s1, s2]|listeners:[], old=null}
2025-10-10 11:53:02,854 [HandlerDaemon-1] TRACE util.FileUtils (LogUtils.java:runAndLog(49)) - Successfully ran Atomic Files.move /home/runner/work/ratis/ratis/ratis-test/target/test/data/319b119c/MiniRaftClusterWithSimulatedRpc70f26566/s1/3dee10e3-d8b2-4ffe-9807-fc0409821ae5/current/raft-meta.tmp to /home/runner/work/ratis/ratis/ratis-test/target/test/data/319b119c/MiniRaftClusterWithSimulatedRpc70f26566/s1/3dee10e3-d8b2-4ffe-9807-fc0409821ae5/current/raft-meta with options [REPLACE_EXISTING]
2025-10-10 11:53:02,854 [HandlerDaemon-1] TRACE util.FileUtils (LogUtils.java:runAndLog(49)) - Successfully ran Atomic Files.move /home/runner/work/ratis/ratis/ratis-test/target/test/data/319b119c/MiniRaftClusterWithSimulatedRpc70f26566/s4/3dee10e3-d8b2-4ffe-9807-fc0409821ae5/current/raft-meta.tmp to /home/runner/work/ratis/ratis/ratis-test/target/test/data/319b119c/MiniRaftClusterWithSimulatedRpc70f26566/s4/3dee10e3-d8b2-4ffe-9807-fc0409821ae5/current/raft-meta with options [REPLACE_EXISTING]
2025-10-10 11:53:02,854 [HandlerDaemon-1] TRACE util.FileUtils (LogUtils.java:runAndLog(49)) - Successfully ran Atomic Files.move /home/runner/work/ratis/ratis/ratis-test/target/test/data/319b119c/MiniRaftClusterWithSimulatedRpc70f26566/s2/3dee10e3-d8b2-4ffe-9807-fc0409821ae5/current/raft-meta.tmp to /home/runner/work/ratis/ratis/ratis-test/target/test/data/319b119c/MiniRaftClusterWithSimulatedRpc70f26566/s2/3dee10e3-d8b2-4ffe-9807-fc0409821ae5/current/raft-meta with options [REPLACE_EXISTING]
2025-10-10 11:53:02,854 [HandlerDaemon-1] INFO  server.RaftServer$Division (RaftServerImpl.java:requestVote(1468)) - s4@group-FC0409821AE5 replies to ELECTION vote request: s5<-s4#0:OK-t1-last:<INITIAL_VALUE>. Peer's state: s4@group-FC0409821AE5:t1, leader=null, voted=s5, raftlog=Memoized:s4@group-FC0409821AE5-SegmentedRaftLog:OPENED:c-1:lastnull, conf=conf: {index: -1, cur=peers:[s3, s4, s5, s1, s2]|listeners:[], old=null}
2025-10-10 11:53:02,854 [HandlerDaemon-1] INFO  server.RaftServer$Division (RaftServerImpl.java:requestVote(1468)) - s2@group-FC0409821AE5 replies to ELECTION vote request: s5<-s2#0:OK-t1-last:<INITIAL_VALUE>. Peer's state: s2@group-FC0409821AE5:t1, leader=null, voted=s5, raftlog=Memoized:s2@group-FC0409821AE5-SegmentedRaftLog:OPENED:c-1:lastnull, conf=conf: {index: -1, cur=peers:[s3, s4, s5, s1, s2]|listeners:[], old=null}
2025-10-10 11:53:02,854 [s5@group-FC0409821AE5-LeaderElection7] INFO  impl.LeaderElection (LeaderElection.java:logAndReturn(206)) - s5@group-FC0409821AE5-LeaderElection7: ELECTION PASSED received 2 response(s) and 0 exception(s):
2025-10-10 11:53:02,854 [s5@group-FC0409821AE5-LeaderElection7] INFO  impl.LeaderElection (LeaderElection.java:logAndReturn(210)) -   Response 0: s5<-s3#0:OK-t1-last:<INITIAL_VALUE>
2025-10-10 11:53:02,854 [HandlerDaemon-1] INFO  server.RaftServer$Division (RaftServerImpl.java:requestVote(1468)) - s1@group-FC0409821AE5 replies to ELECTION vote request: s5<-s1#0:OK-t1-last:<INITIAL_VALUE>. Peer's state: s1@group-FC0409821AE5:t1, leader=null, voted=s5, raftlog=Memoized:s1@group-FC0409821AE5-SegmentedRaftLog:OPENED:c-1:lastnull, conf=conf: {index: -1, cur=peers:[s3, s4, s5, s1, s2]|listeners:[], old=null}
2025-10-10 11:53:02,854 [s5@group-FC0409821AE5-LeaderElection7] INFO  impl.LeaderElection (LeaderElection.java:logAndReturn(210)) -   Response 1: s5<-s2#0:OK-t1-last:<INITIAL_VALUE>
2025-10-10 11:53:02,855 [s5@group-FC0409821AE5-LeaderElection7] INFO  impl.LeaderElection (LeaderElection.java:askForVotes(450)) - s5@group-FC0409821AE5-LeaderElection7 ELECTION round 0: result PASSED
2025-10-10 11:53:02,855 [s5@group-FC0409821AE5-LeaderElection7] INFO  impl.RoleInfo (RoleInfo.java:shutdownLeaderElection(141)) - s5: shutdown s5@group-FC0409821AE5-LeaderElection7
2025-10-10 11:53:02,855 [s5@group-FC0409821AE5-LeaderElection7] INFO  server.RaftServer$Division (RaftServerImpl.java:setRole(393)) - s5@group-FC0409821AE5: changes role from CANDIDATE to LEADER at term 1 for changeToLeader
2025-10-10 11:53:02,855 [s5@group-FC0409821AE5-LeaderElection7] INFO  server.RaftServerConfigKeys (ConfUtils.java:logFallback(69)) - raft.server.staging.timeout = 6000ms (fallback to raft.server.rpc.timeout.max)
2025-10-10 11:53:02,857 [s5@group-FC0409821AE5-LeaderElection7] INFO  impl.RoleInfo (RoleInfo.java:updateAndGet(148)) - s5: start s5@group-FC0409821AE5-LeaderStateImpl
2025-10-10 11:53:02,857 [s5@group-FC0409821AE5-LeaderElection7] INFO  server.RaftServer$Division (RaftServerImpl.java:setFirstElection(577)) - s5@group-FC0409821AE5: set firstElectionSinceStartup to false for becomeLeader
2025-10-10 11:53:02,857 [s5@group-FC0409821AE5-LeaderElection7] INFO  server.RaftServer$Division (ServerState.java:setLeader(278)) - s5@group-FC0409821AE5: change Leader from null to s5 at term 1 for becomeLeader, leader elected after 1585ms
2025-10-10 11:53:02,857 [s5@group-FC0409821AE5-LeaderElection7] INFO  segmented.SegmentedRaftLogWorker (SegmentedRaftLogWorker.java:startLogSegment(440)) - s5@group-FC0409821AE5-SegmentedRaftLogWorker: Starting segment from index:0
2025-10-10 11:53:02,857 [s5@group-FC0409821AE5-SegmentedRaftLogWorker] INFO  segmented.BufferedWriteChannel (BufferedWriteChannel.java:open(61)) - open log_inprogress_0 at position 0
2025-10-10 11:53:02,857 [s5@group-FC0409821AE5-LeaderElection7] INFO  server.RaftServer$Division (ServerState.java:setRaftConf(392)) - s5@group-FC0409821AE5: set configuration conf: {index: 0, cur=peers:[s3, s4, s5, s1, s2]|listeners:[], old=null}
2025-10-10 11:53:02,858 [HandlerDaemon-2] INFO  server.RaftServer$Division (ServerState.java:setLeader(278)) - s3@group-FC0409821AE5: change Leader from null to s5 at term 1 for APPEND_ENTRIES, leader elected after 1607ms
2025-10-10 11:53:02,859 [HandlerDaemon-2] INFO  server.RaftServer$Division (ServerState.java:setLeader(278)) - s4@group-FC0409821AE5: change Leader from null to s5 at term 1 for APPEND_ENTRIES, leader elected after 1598ms
2025-10-10 11:53:02,860 [HandlerDaemon-2] INFO  server.RaftServer$Division (ServerState.java:setLeader(278)) - s2@group-FC0409821AE5: change Leader from null to s5 at term 1 for APPEND_ENTRIES, leader elected after 1619ms
2025-10-10 11:53:02,860 [HandlerDaemon-2] INFO  server.RaftServer$Division (ServerState.java:setLeader(278)) - s1@group-FC0409821AE5: change Leader from null to s5 at term 1 for APPEND_ENTRIES, leader elected after 1629ms
2025-10-10 11:53:02,862 [HandlerDaemon-0] DEBUG server.RaftServer$Division (RaftServerImpl.java:logAppendEntries(1537)) - s1@group-FC0409821AE5: appendEntries* s5->s1#138-t1,previous=<PROTO_DEFAULT>,leaderCommit=-1,initializing? false,entries: size=1, first=(t:1, i:0), CONFIGURATIONENTRY(current:id:"s3"startupRole:FOLLOWER, id:"s4"startupRole:FOLLOWER, id:"s5"startupRole:FOLLOWER, id:"s1"startupRole:FOLLOWER, id:"s2"startupRole:FOLLOWER, old:)
2025-10-10 11:53:02,862 [HandlerDaemon-0] INFO  server.RaftServer$Division (ServerState.java:setRaftConf(392)) - s1@group-FC0409821AE5: set configuration conf: {index: 0, cur=peers:[s3|, s4|, s5|, s1|, s2|]|listeners:[], old=null}
2025-10-10 11:53:02,863 [HandlerDaemon-0] DEBUG server.RaftServer$Division (RaftServerImpl.java:logAppendEntries(1537)) - s2@group-FC0409821AE5: appendEntries* s5->s2#137-t1,previous=<PROTO_DEFAULT>,leaderCommit=-1,initializing? false,entries: size=1, first=(t:1, i:0), CONFIGURATIONENTRY(current:id:"s3"startupRole:FOLLOWER, id:"s4"startupRole:FOLLOWER, id:"s5"startupRole:FOLLOWER, id:"s1"startupRole:FOLLOWER, id:"s2"startupRole:FOLLOWER, old:)
2025-10-10 11:53:02,863 [HandlerDaemon-0] INFO  server.RaftServer$Division (ServerState.java:setRaftConf(392)) - s2@group-FC0409821AE5: set configuration conf: {index: 0, cur=peers:[s3|, s4|, s5|, s1|, s2|]|listeners:[], old=null}
2025-10-10 11:53:02,863 [HandlerDaemon-0] DEBUG server.RaftServer$Division (RaftServerImpl.java:logAppendEntries(1537)) - s4@group-FC0409821AE5: appendEntries* s5->s4#136-t1,previous=<PROTO_DEFAULT>,leaderCommit=-1,initializing? false,entries: size=1, first=(t:1, i:0), CONFIGURATIONENTRY(current:id:"s3"startupRole:FOLLOWER, id:"s4"startupRole:FOLLOWER, id:"s5"startupRole:FOLLOWER, id:"s1"startupRole:FOLLOWER, id:"s2"startupRole:FOLLOWER, old:)
2025-10-10 11:53:02,863 [s2-server-thread1] INFO  segmented.SegmentedRaftLogWorker (SegmentedRaftLogWorker.java:startLogSegment(440)) - s2@group-FC0409821AE5-SegmentedRaftLogWorker: Starting segment from index:0
2025-10-10 11:53:02,863 [s1-server-thread1] INFO  segmented.SegmentedRaftLogWorker (SegmentedRaftLogWorker.java:startLogSegment(440)) - s1@group-FC0409821AE5-SegmentedRaftLogWorker: Starting segment from index:0
2025-10-10 11:53:02,864 [HandlerDaemon-0] DEBUG server.RaftServer$Division (RaftServerImpl.java:logAppendEntries(1537)) - s3@group-FC0409821AE5: appendEntries* s5->s3#139-t1,previous=<PROTO_DEFAULT>,leaderCommit=-1,initializing? false,entries: size=1, first=(t:1, i:0), CONFIGURATIONENTRY(current:id:"s3"startupRole:FOLLOWER, id:"s4"startupRole:FOLLOWER, id:"s5"startupRole:FOLLOWER, id:"s1"startupRole:FOLLOWER, id:"s2"startupRole:FOLLOWER, old:)
2025-10-10 11:53:02,864 [HandlerDaemon-0] INFO  server.RaftServer$Division (ServerState.java:setRaftConf(392)) - s3@group-FC0409821AE5: set configuration conf: {index: 0, cur=peers:[s3|, s4|, s5|, s1|, s2|]|listeners:[], old=null}
2025-10-10 11:53:02,864 [s1@group-FC0409821AE5-SegmentedRaftLogWorker] INFO  segmented.BufferedWriteChannel (BufferedWriteChannel.java:open(61)) - open log_inprogress_0 at position 0
2025-10-10 11:53:02,864 [HandlerDaemon-0] INFO  server.RaftServer$Division (ServerState.java:setRaftConf(392)) - s4@group-FC0409821AE5: set configuration conf: {index: 0, cur=peers:[s3|, s4|, s5|, s1|, s2|]|listeners:[], old=null}
2025-10-10 11:53:02,865 [s3-server-thread1] INFO  segmented.SegmentedRaftLogWorker (SegmentedRaftLogWorker.java:startLogSegment(440)) - s3@group-FC0409821AE5-SegmentedRaftLogWorker: Starting segment from index:0
2025-10-10 11:53:02,865 [s3@group-FC0409821AE5-SegmentedRaftLogWorker] INFO  segmented.BufferedWriteChannel (BufferedWriteChannel.java:open(61)) - open log_inprogress_0 at position 0
2025-10-10 11:53:02,865 [s5@group-FC0409821AE5-SegmentedRaftLogWorker] INFO  segmented.SegmentedRaftLogWorker (SegmentedRaftLogWorker.java:execute(647)) - s5@group-FC0409821AE5-SegmentedRaftLogWorker: created new log segment /home/runner/work/ratis/ratis/ratis-test/target/test/data/319b119c/MiniRaftClusterWithSimulatedRpc70f26566/s5/3dee10e3-d8b2-4ffe-9807-fc0409821ae5/current/log_inprogress_0
2025-10-10 11:53:02,866 [s4-server-thread1] INFO  segmented.SegmentedRaftLogWorker (SegmentedRaftLogWorker.java:startLogSegment(440)) - s4@group-FC0409821AE5-SegmentedRaftLogWorker: Starting segment from index:0
2025-10-10 11:53:02,866 [s4@group-FC0409821AE5-SegmentedRaftLogWorker] INFO  segmented.BufferedWriteChannel (BufferedWriteChannel.java:open(61)) - open log_inprogress_0 at position 0
2025-10-10 11:53:02,865 [s2@group-FC0409821AE5-SegmentedRaftLogWorker] INFO  segmented.BufferedWriteChannel (BufferedWriteChannel.java:open(61)) - open log_inprogress_0 at position 0
2025-10-10 11:53:02,871 [s1@group-FC0409821AE5-SegmentedRaftLogWorker] INFO  segmented.SegmentedRaftLogWorker (SegmentedRaftLogWorker.java:execute(647)) - s1@group-FC0409821AE5-SegmentedRaftLogWorker: created new log segment /home/runner/work/ratis/ratis/ratis-test/target/test/data/319b119c/MiniRaftClusterWithSimulatedRpc70f26566/s1/3dee10e3-d8b2-4ffe-9807-fc0409821ae5/current/log_inprogress_0
2025-10-10 11:53:02,873 [s1-server-thread1] DEBUG server.RaftServer$Division (RaftServerImpl.java:logAppendEntries(1537)) - s1@group-FC0409821AE5: appendEntries* reply s5<-s1#138:OK-t1,SUCCESS,nextIndex=1,followerCommit=-1,matchIndex=0
2025-10-10 11:53:02,873 [s4@group-FC0409821AE5-SegmentedRaftLogWorker] INFO  segmented.SegmentedRaftLogWorker (SegmentedRaftLogWorker.java:execute(647)) - s4@group-FC0409821AE5-SegmentedRaftLogWorker: created new log segment /home/runner/work/ratis/ratis/ratis-test/target/test/data/319b119c/MiniRaftClusterWithSimulatedRpc70f26566/s4/3dee10e3-d8b2-4ffe-9807-fc0409821ae5/current/log_inprogress_0
2025-10-10 11:53:02,874 [s3@group-FC0409821AE5-SegmentedRaftLogWorker] INFO  segmented.SegmentedRaftLogWorker (SegmentedRaftLogWorker.java:execute(647)) - s3@group-FC0409821AE5-SegmentedRaftLogWorker: created new log segment /home/runner/work/ratis/ratis/ratis-test/target/test/data/319b119c/MiniRaftClusterWithSimulatedRpc70f26566/s3/3dee10e3-d8b2-4ffe-9807-fc0409821ae5/current/log_inprogress_0
2025-10-10 11:53:02,874 [s4-server-thread1] DEBUG server.RaftServer$Division (RaftServerImpl.java:logAppendEntries(1537)) - s4@group-FC0409821AE5: appendEntries* reply s5<-s4#136:OK-t1,SUCCESS,nextIndex=1,followerCommit=-1,matchIndex=0
2025-10-10 11:53:02,874 [s2@group-FC0409821AE5-SegmentedRaftLogWorker] INFO  segmented.SegmentedRaftLogWorker (SegmentedRaftLogWorker.java:execute(647)) - s2@group-FC0409821AE5-SegmentedRaftLogWorker: created new log segment /home/runner/work/ratis/ratis/ratis-test/target/test/data/319b119c/MiniRaftClusterWithSimulatedRpc70f26566/s2/3dee10e3-d8b2-4ffe-9807-fc0409821ae5/current/log_inprogress_0
2025-10-10 11:53:02,875 [s5@group-FC0409821AE5-StateMachineUpdater] TRACE util.FileUtils (LogUtils.java:supplyAndLog(69)) - Successfully supplied FileChannel.open /home/runner/work/ratis/ratis/ratis-test/target/test/data/319b119c/MiniRaftClusterWithSimulatedRpc70f26566/s5/3dee10e3-d8b2-4ffe-9807-fc0409821ae5/current/raft-meta.conf.tmp with options [CREATE, TRUNCATE_EXISTING, WRITE]: sun.nio.ch.FileChannelImpl@418a1c22
2025-10-10 11:53:02,875 [s3-server-thread1] DEBUG server.RaftServer$Division (RaftServerImpl.java:logAppendEntries(1537)) - s3@group-FC0409821AE5: appendEntries* reply s5<-s3#139:OK-t1,SUCCESS,nextIndex=1,followerCommit=-1,matchIndex=0
2025-10-10 11:53:02,876 [s2-server-thread1] DEBUG server.RaftServer$Division (RaftServerImpl.java:logAppendEntries(1537)) - s2@group-FC0409821AE5: appendEntries* reply s5<-s2#137:OK-t1,SUCCESS,nextIndex=1,followerCommit=-1,matchIndex=0
2025-10-10 11:53:02,876 [s5@group-FC0409821AE5-StateMachineUpdater] TRACE util.FileUtils (LogUtils.java:runAndLog(49)) - Successfully ran Atomic Files.move /home/runner/work/ratis/ratis/ratis-test/target/test/data/319b119c/MiniRaftClusterWithSimulatedRpc70f26566/s5/3dee10e3-d8b2-4ffe-9807-fc0409821ae5/current/raft-meta.conf.tmp to /home/runner/work/ratis/ratis/ratis-test/target/test/data/319b119c/MiniRaftClusterWithSimulatedRpc70f26566/s5/3dee10e3-d8b2-4ffe-9807-fc0409821ae5/current/raft-meta.conf with options [REPLACE_EXISTING]
2025-10-10 11:53:02,876 [s5@group-FC0409821AE5-StateMachineUpdater] INFO  server.RaftServer$Division (LeaderStateImpl.java:checkStartIndex(309)) - Leader s5@group-FC0409821AE5-LeaderStateImpl is ready since appliedIndex == startIndex == 0
2025-10-10 11:53:03,625 [s1@group-FC0409821AE5-StateMachineUpdater] TRACE util.FileUtils (LogUtils.java:supplyAndLog(69)) - Successfully supplied FileChannel.open /home/runner/work/ratis/ratis/ratis-test/target/test/data/319b119c/MiniRaftClusterWithSimulatedRpc70f26566/s1/3dee10e3-d8b2-4ffe-9807-fc0409821ae5/current/raft-meta.conf.tmp with options [CREATE, TRUNCATE_EXISTING, WRITE]: sun.nio.ch.FileChannelImpl@7dc6919
2025-10-10 11:53:03,626 [s4@group-FC0409821AE5-StateMachineUpdater] TRACE util.FileUtils (LogUtils.java:supplyAndLog(69)) - Successfully supplied FileChannel.open /home/runner/work/ratis/ratis/ratis-test/target/test/data/319b119c/MiniRaftClusterWithSimulatedRpc70f26566/s4/3dee10e3-d8b2-4ffe-9807-fc0409821ae5/current/raft-meta.conf.tmp with options [CREATE, TRUNCATE_EXISTING, WRITE]: sun.nio.ch.FileChannelImpl@54455ce8
2025-10-10 11:53:03,626 [s1@group-FC0409821AE5-StateMachineUpdater] TRACE util.FileUtils (LogUtils.java:runAndLog(49)) - Successfully ran Atomic Files.move /home/runner/work/ratis/ratis/ratis-test/target/test/data/319b119c/MiniRaftClusterWithSimulatedRpc70f26566/s1/3dee10e3-d8b2-4ffe-9807-fc0409821ae5/current/raft-meta.conf.tmp to /home/runner/work/ratis/ratis/ratis-test/target/test/data/319b119c/MiniRaftClusterWithSimulatedRpc70f26566/s1/3dee10e3-d8b2-4ffe-9807-fc0409821ae5/current/raft-meta.conf with options [REPLACE_EXISTING]
2025-10-10 11:53:03,627 [s2@group-FC0409821AE5-StateMachineUpdater] TRACE util.FileUtils (LogUtils.java:supplyAndLog(69)) - Successfully supplied FileChannel.open /home/runner/work/ratis/ratis/ratis-test/target/test/data/319b119c/MiniRaftClusterWithSimulatedRpc70f26566/s2/3dee10e3-d8b2-4ffe-9807-fc0409821ae5/current/raft-meta.conf.tmp with options [CREATE, TRUNCATE_EXISTING, WRITE]: sun.nio.ch.FileChannelImpl@1f4e3206
2025-10-10 11:53:03,628 [s3@group-FC0409821AE5-StateMachineUpdater] TRACE util.FileUtils (LogUtils.java:supplyAndLog(69)) - Successfully supplied FileChannel.open /home/runner/work/ratis/ratis/ratis-test/target/test/data/319b119c/MiniRaftClusterWithSimulatedRpc70f26566/s3/3dee10e3-d8b2-4ffe-9807-fc0409821ae5/current/raft-meta.conf.tmp with options [CREATE, TRUNCATE_EXISTING, WRITE]: sun.nio.ch.FileChannelImpl@158ac1fe
2025-10-10 11:53:03,628 [s4@group-FC0409821AE5-StateMachineUpdater] TRACE util.FileUtils (LogUtils.java:runAndLog(49)) - Successfully ran Atomic Files.move /home/runner/work/ratis/ratis/ratis-test/target/test/data/319b119c/MiniRaftClusterWithSimulatedRpc70f26566/s4/3dee10e3-d8b2-4ffe-9807-fc0409821ae5/current/raft-meta.conf.tmp to /home/runner/work/ratis/ratis/ratis-test/target/test/data/319b119c/MiniRaftClusterWithSimulatedRpc70f26566/s4/3dee10e3-d8b2-4ffe-9807-fc0409821ae5/current/raft-meta.conf with options [REPLACE_EXISTING]
2025-10-10 11:53:03,628 [s2@group-FC0409821AE5-StateMachineUpdater] TRACE util.FileUtils (LogUtils.java:runAndLog(49)) - Successfully ran Atomic Files.move /home/runner/work/ratis/ratis/ratis-test/target/test/data/319b119c/MiniRaftClusterWithSimulatedRpc70f26566/s2/3dee10e3-d8b2-4ffe-9807-fc0409821ae5/current/raft-meta.conf.tmp to /home/runner/work/ratis/ratis/ratis-test/target/test/data/319b119c/MiniRaftClusterWithSimulatedRpc70f26566/s2/3dee10e3-d8b2-4ffe-9807-fc0409821ae5/current/raft-meta.conf with options [REPLACE_EXISTING]
2025-10-10 11:53:03,629 [s3@group-FC0409821AE5-StateMachineUpdater] TRACE util.FileUtils (LogUtils.java:runAndLog(49)) - Successfully ran Atomic Files.move /home/runner/work/ratis/ratis/ratis-test/target/test/data/319b119c/MiniRaftClusterWithSimulatedRpc70f26566/s3/3dee10e3-d8b2-4ffe-9807-fc0409821ae5/current/raft-meta.conf.tmp to /home/runner/work/ratis/ratis/ratis-test/target/test/data/319b119c/MiniRaftClusterWithSimulatedRpc70f26566/s3/3dee10e3-d8b2-4ffe-9807-fc0409821ae5/current/raft-meta.conf with options [REPLACE_EXISTING]
2025-10-10 11:53:04,283 [main] INFO  ratis.RaftTestUtil (RaftTestUtil.java:waitForLeader(131)) - printing group-FC0409821AE5
  s3:  RUNNING [
   FOLLOWER (RUNNING): s3@group-FC0409821AE5:t1, leader=s5, voted=s5, raftlog=Memoized:s3@group-FC0409821AE5-SegmentedRaftLog:OPENED:c0:last(t:1, i:0), conf=conf: {index: 0, cur=peers:[s3|, s4|, s5|, s1|, s2|]|listeners:[], old=null}
   FOLLOWER (STARTING): s3@group-26DAA163C1DE:t0, leader=null, voted=, raftlog=Memoized:s3@group-26DAA163C1DE-SegmentedRaftLog:OPENED:c-1:lastnull, conf=conf: {index: -1, cur=peers:[]|listeners:[], old=null}] size=2
  s4:  RUNNING [
   FOLLOWER (RUNNING): s4@group-FC0409821AE5:t1, leader=s5, voted=s5, raftlog=Memoized:s4@group-FC0409821AE5-SegmentedRaftLog:OPENED:c0:last(t:1, i:0), conf=conf: {index: 0, cur=peers:[s3|, s4|, s5|, s1|, s2|]|listeners:[], old=null}
   FOLLOWER (STARTING): s4@group-26DAA163C1DE:t0, leader=null, voted=, raftlog=Memoized:s4@group-26DAA163C1DE-SegmentedRaftLog:OPENED:c-1:lastnull, conf=conf: {index: -1, cur=peers:[]|listeners:[], old=null}] size=2
  s5:  RUNNING [
     LEADER (RUNNING): s5@group-FC0409821AE5:t1, leader=s5, voted=s5, raftlog=Memoized:s5@group-FC0409821AE5-SegmentedRaftLog:OPENED:c0:last(t:1, i:0), conf=conf: {index: 0, cur=peers:[s3, s4, s5, s1, s2]|listeners:[], old=null}
   FOLLOWER (STARTING): s5@group-26DAA163C1DE:t0, leader=null, voted=, raftlog=Memoized:s5@group-26DAA163C1DE-SegmentedRaftLog:OPENED:c-1:lastnull, conf=conf: {index: -1, cur=peers:[]|listeners:[], old=null}] size=2
  s1:  RUNNING [
   FOLLOWER (RUNNING): s1@group-FC0409821AE5:t1, leader=s5, voted=s5, raftlog=Memoized:s1@group-FC0409821AE5-SegmentedRaftLog:OPENED:c0:last(t:1, i:0), conf=conf: {index: 0, cur=peers:[s3|, s4|, s5|, s1|, s2|]|listeners:[], old=null}
   FOLLOWER (STARTING): s1@group-26DAA163C1DE:t0, leader=null, voted=, raftlog=Memoized:s1@group-26DAA163C1DE-SegmentedRaftLog:OPENED:c-1:lastnull, conf=conf: {index: -1, cur=peers:[]|listeners:[], old=null}] size=2
  s2:  RUNNING [
   FOLLOWER (RUNNING): s2@group-FC0409821AE5:t1, leader=s5, voted=s5, raftlog=Memoized:s2@group-FC0409821AE5-SegmentedRaftLog:OPENED:c0:last(t:1, i:0), conf=conf: {index: 0, cur=peers:[s3|, s4|, s5|, s1|, s2|]|listeners:[], old=null}
   FOLLOWER (STARTING): s2@group-26DAA163C1DE:t0, leader=null, voted=, raftlog=Memoized:s2@group-26DAA163C1DE-SegmentedRaftLog:OPENED:c-1:lastnull, conf=conf: {index: -1, cur=peers:[]|listeners:[], old=null}] size=2
2025-10-10 11:53:04,284 [main] INFO  impl.GroupManagementBaseTest (GroupManagementBaseTest.java:runMultiGroupTest(283)) - 2) starting group-9B2898047773:[s6]
2025-10-10 11:53:04,285 [main] DEBUG client.RaftClient (RaftClientImpl.java:newRequest(95)) - attempt #1, newRequest GroupManagementRequest:client-106F13EDEBD2->s6@group-9B2898047773, cid=148, seq=null, RW, null, Add:group-9B2898047773:[s6]
2025-10-10 11:53:04,286 [HandlerDaemon-0] INFO  server.RaftServer (RaftServerProxy.java:addNew(106)) - s6: addNew group-9B2898047773:[s6] returns group-9B2898047773:java.util.concurrent.CompletableFuture@35d9f14c[Not completed]
2025-10-10 11:53:04,286 [s6-groupManagement] INFO  server.RaftServer$Division (RaftServerImpl.java:<init>(269)) - s6: new RaftServerImpl for group-9B2898047773:[s6] with BaseStateMachine-38:uninitialized
2025-10-10 11:53:04,286 [s6-groupManagement] INFO  server.RaftServer$Division (ServerState.java:<init>(115)) - s6@group-9B2898047773: ConfigurationManager, init=conf: {index: -1, cur=peers:[s6]|listeners:[], old=null}, confs=<EMPTY_MAP>
2025-10-10 11:53:04,288 [s6-groupManagement] DEBUG server.RaftServer (RaftServerProxy.java:lambda$groupAddAsync$13(517)) - s6: newImpl =      null (NEW): s6@group-9B2898047773:t0, leader=null, voted=null, raftlog=UNINITIALIZED, conf=conf: {index: -1, cur=peers:[s6]|listeners:[], old=null}
2025-10-10 11:53:04,288 [s6-groupManagement] INFO  server.RaftServerConfigKeys (ConfUtils.java:logGet(62)) - raft.server.storage.dir = [/home/runner/work/ratis/ratis/ratis-test/target/test/data/319b119c/MiniRaftClusterWithSimulatedRpc70f26566/s6] (custom)
2025-10-10 11:53:04,289 [s6-groupManagement] INFO  storage.RaftStorageDirectory (RaftStorageDirectoryImpl.java:analyzeStorage(138)) - The storage directory /home/runner/work/ratis/ratis/ratis-test/target/test/data/319b119c/MiniRaftClusterWithSimulatedRpc70f26566/s6/294cac14-abce-4e62-bce4-9b2898047773 does not exist. Creating ...
2025-10-10 11:53:04,289 [s6-groupManagement] TRACE util.FileUtils (LogUtils.java:runAndLog(49)) - Successfully ran Files.createDirectories /home/runner/work/ratis/ratis/ratis-test/target/test/data/319b119c/MiniRaftClusterWithSimulatedRpc70f26566/s6/294cac14-abce-4e62-bce4-9b2898047773
2025-10-10 11:53:04,290 [s6-groupManagement] INFO  storage.RaftStorageDirectory (RaftStorageDirectoryImpl.java:tryLock(229)) - Lock on /home/runner/work/ratis/ratis/ratis-test/target/test/data/319b119c/MiniRaftClusterWithSimulatedRpc70f26566/s6/294cac14-abce-4e62-bce4-9b2898047773/in_use.lock acquired by nodename 9833@runnervmwhb2z
2025-10-10 11:53:04,290 [s6-groupManagement] TRACE util.FileUtils (LogUtils.java:runAndLog(49)) - Successfully ran Files.createDirectories /home/runner/work/ratis/ratis/ratis-test/target/test/data/319b119c/MiniRaftClusterWithSimulatedRpc70f26566/s6/294cac14-abce-4e62-bce4-9b2898047773/current
2025-10-10 11:53:04,290 [s6-groupManagement] TRACE util.FileUtils (LogUtils.java:runAndLog(49)) - Successfully ran Files.createDirectories /home/runner/work/ratis/ratis/ratis-test/target/test/data/319b119c/MiniRaftClusterWithSimulatedRpc70f26566/s6/294cac14-abce-4e62-bce4-9b2898047773/sm
2025-10-10 11:53:04,291 [s6-groupManagement] TRACE util.FileUtils (LogUtils.java:supplyAndLog(69)) - Successfully supplied FileChannel.open /home/runner/work/ratis/ratis/ratis-test/target/test/data/319b119c/MiniRaftClusterWithSimulatedRpc70f26566/s6/294cac14-abce-4e62-bce4-9b2898047773/current/raft-meta.tmp with options [CREATE, TRUNCATE_EXISTING, WRITE]: sun.nio.ch.FileChannelImpl@5afe0ff7
2025-10-10 11:53:04,292 [s6-groupManagement] TRACE util.FileUtils (LogUtils.java:runAndLog(49)) - Successfully ran Atomic Files.move /home/runner/work/ratis/ratis/ratis-test/target/test/data/319b119c/MiniRaftClusterWithSimulatedRpc70f26566/s6/294cac14-abce-4e62-bce4-9b2898047773/current/raft-meta.tmp to /home/runner/work/ratis/ratis/ratis-test/target/test/data/319b119c/MiniRaftClusterWithSimulatedRpc70f26566/s6/294cac14-abce-4e62-bce4-9b2898047773/current/raft-meta with options [REPLACE_EXISTING]
2025-10-10 11:53:04,292 [s6-groupManagement] INFO  storage.RaftStorage (RaftStorageImpl.java:format(98)) - Storage directory /home/runner/work/ratis/ratis/ratis-test/target/test/data/319b119c/MiniRaftClusterWithSimulatedRpc70f26566/s6/294cac14-abce-4e62-bce4-9b2898047773 has been successfully formatted.
2025-10-10 11:53:04,292 [s6-groupManagement] INFO  server.RaftServer$Division (ServerState.java:getSnapshotIndexFromStateMachine(155)) - s6@group-9B2898047773: getLatestSnapshot(BaseStateMachine-38:s6:group-9B2898047773) returns null
2025-10-10 11:53:04,292 [s6-groupManagement] INFO  raftlog.RaftLog (RaftLogBase.java:<init>(90)) - s6@group-9B2898047773-SegmentedRaftLog: snapshotIndexFromStateMachine = -1
2025-10-10 11:53:04,293 [s6-groupManagement] INFO  util.AwaitToRun (AwaitToRun.java:start(81)) - Thread[s6@group-9B2898047773-cacheEviction-AwaitToRun,5,main] started
2025-10-10 11:53:04,293 [s6-groupManagement] INFO  segmented.SegmentedRaftLogWorker (SegmentedRaftLogWorker.java:<init>(190)) - new s6@group-9B2898047773-SegmentedRaftLogWorker for RaftStorageImpl:Storage Directory /home/runner/work/ratis/ratis/ratis-test/target/test/data/319b119c/MiniRaftClusterWithSimulatedRpc70f26566/s6/294cac14-abce-4e62-bce4-9b2898047773
2025-10-10 11:53:04,295 [s6-groupManagement] INFO  segmented.SegmentedRaftLogWorker (SegmentedRaftLogWorker.java:lambda$new$0(141)) - s6@group-9B2898047773-SegmentedRaftLogWorker: flushIndex: setUnconditionally 0 -> -1
2025-10-10 11:53:04,296 [s6-groupManagement] INFO  segmented.SegmentedRaftLogWorker (SegmentedRaftLogWorker.java:lambda$new$0(141)) - s6@group-9B2898047773-SegmentedRaftLogWorker: safeCacheEvictIndex: setUnconditionally 0 -> -1
2025-10-10 11:53:04,296 [s6-groupManagement] INFO  server.RaftServer$Division (RaftServerImpl.java:start(406)) - s6@group-9B2898047773: start as a follower, conf=conf: {index: -1, cur=peers:[s6]|listeners:[], old=null}
2025-10-10 11:53:04,296 [s6-groupManagement] INFO  server.RaftServer$Division (RaftServerImpl.java:setRole(393)) - s6@group-9B2898047773: changes role from      null to FOLLOWER at term 0 for startAsFollower
2025-10-10 11:53:04,296 [s6-groupManagement] INFO  impl.RoleInfo (RoleInfo.java:updateAndGet(148)) - s6: start s6@group-9B2898047773-FollowerState
2025-10-10 11:53:04,297 [s6@group-9B2898047773-FollowerState] INFO  server.RaftServerConfigKeys (ConfUtils.java:logFallback(69)) - raft.server.rpc.first-election.timeout.min = 1500ms (fallback to raft.server.rpc.timeout.min)
2025-10-10 11:53:04,297 [s6@group-9B2898047773-FollowerState] INFO  server.RaftServerConfigKeys (ConfUtils.java:logFallback(69)) - raft.server.rpc.first-election.timeout.max = 2000ms (fallback to raft.server.rpc.timeout.max)
2025-10-10 11:53:04,297 [s6-groupManagement] INFO  util.JmxRegister (JmxRegister.java:tryRegister(44)) - Successfully registered JMX Bean with object name Ratis:service=RaftServer,group=group-9B2898047773,id=s6
2025-10-10 11:53:04,297 [s6-groupManagement] INFO  util.JmxRegister (JmxRegister.java:register(58)) - register mxBean class org.apache.ratis.server.impl.RaftServerJmxAdapter as Ratis:service=RaftServer,group=group-9B2898047773,id=s6
2025-10-10 11:53:04,297 [s6-groupManagement] INFO  server.RaftServer$Division (RaftServerImpl.java:start(420)) - s6@group-9B2898047773: Successfully started.
2025-10-10 11:53:04,298 [main] DEBUG client.RaftClient (RaftClientImpl.java:close(465)) - close client-106F13EDEBD2
2025-10-10 11:53:04,299 [main] INFO  ratis.RaftTestUtil (RaftTestUtil.java:waitForLeader(107)) - printing group-9B2898047773
  s6:  RUNNING [
   FOLLOWER (STARTING): s6@group-26DAA163C1DE:t0, leader=null, voted=, raftlog=Memoized:s6@group-26DAA163C1DE-SegmentedRaftLog:OPENED:c-1:lastnull, conf=conf: {index: -1, cur=peers:[]|listeners:[], old=null}
   FOLLOWER (RUNNING): s6@group-9B2898047773:t0, leader=null, voted=, raftlog=Memoized:s6@group-9B2898047773-SegmentedRaftLog:OPENED:c-1:lastnull, conf=conf: {index: -1, cur=peers:[s6]|listeners:[], old=null}] size=2
2025-10-10 11:53:04,300 [main] WARN  ratis.RaftTestUtil (RaftTestUtil.java:lambda$waitForLeader$3(126)) - Attempt #1 failed: java.lang.IllegalStateException: No leader yet  for group-9B2898047773: printing group-9B2898047773
  s6:  RUNNING [
   FOLLOWER (STARTING): s6@group-26DAA163C1DE:t0, leader=null, voted=, raftlog=Memoized:s6@group-26DAA163C1DE-SegmentedRaftLog:OPENED:c-1:lastnull, conf=conf: {index: -1, cur=peers:[]|listeners:[], old=null}
   FOLLOWER (RUNNING): s6@group-9B2898047773:t0, leader=null, voted=, raftlog=Memoized:s6@group-9B2898047773-SegmentedRaftLog:OPENED:c-1:lastnull, conf=conf: {index: -1, cur=peers:[s6]|listeners:[], old=null}] size=2
2025-10-10 11:53:06,190 [s6@group-9B2898047773-FollowerState] INFO  impl.FollowerState (FollowerState.java:runImpl(161)) - s6@group-9B2898047773-FollowerState: change to CANDIDATE, lastRpcElapsedTime:1893779246ns, electionTimeout:1893ms
2025-10-10 11:53:06,190 [s6@group-9B2898047773-FollowerState] INFO  impl.RoleInfo (RoleInfo.java:shutdownFollowerState(121)) - s6: shutdown s6@group-9B2898047773-FollowerState
2025-10-10 11:53:06,190 [s6@group-9B2898047773-FollowerState] INFO  server.RaftServer$Division (RaftServerImpl.java:setRole(393)) - s6@group-9B2898047773: changes role from  FOLLOWER to CANDIDATE at term 0 for changeToCandidate
2025-10-10 11:53:06,190 [s6@group-9B2898047773-FollowerState] INFO  impl.RoleInfo (RoleInfo.java:updateAndGet(148)) - s6: start s6@group-9B2898047773-LeaderElection8
2025-10-10 11:53:06,191 [s6@group-9B2898047773-LeaderElection8] INFO  impl.LeaderElection (LeaderElection.java:askForVotes(448)) - s6@group-9B2898047773-LeaderElection8 PRE_VOTE round 0: submit vote requests at term 0 for conf: {index: -1, cur=peers:[s6]|listeners:[], old=null}
2025-10-10 11:53:06,191 [s6@group-9B2898047773-LeaderElection8] INFO  impl.LeaderElection (LeaderElection.java:askForVotes(450)) - s6@group-9B2898047773-LeaderElection8 PRE_VOTE round 0: result PASSED (term=0)
2025-10-10 11:53:06,191 [s6@group-9B2898047773-LeaderElection8] TRACE util.FileUtils (LogUtils.java:supplyAndLog(69)) - Successfully supplied FileChannel.open /home/runner/work/ratis/ratis/ratis-test/target/test/data/319b119c/MiniRaftClusterWithSimulatedRpc70f26566/s6/294cac14-abce-4e62-bce4-9b2898047773/current/raft-meta.tmp with options [CREATE, TRUNCATE_EXISTING, WRITE]: sun.nio.ch.FileChannelImpl@bda2b9e
2025-10-10 11:53:06,192 [s6@group-9B2898047773-LeaderElection8] TRACE util.FileUtils (LogUtils.java:runAndLog(49)) - Successfully ran Atomic Files.move /home/runner/work/ratis/ratis/ratis-test/target/test/data/319b119c/MiniRaftClusterWithSimulatedRpc70f26566/s6/294cac14-abce-4e62-bce4-9b2898047773/current/raft-meta.tmp to /home/runner/work/ratis/ratis/ratis-test/target/test/data/319b119c/MiniRaftClusterWithSimulatedRpc70f26566/s6/294cac14-abce-4e62-bce4-9b2898047773/current/raft-meta with options [REPLACE_EXISTING]
2025-10-10 11:53:06,192 [s6@group-9B2898047773-LeaderElection8] INFO  impl.LeaderElection (LeaderElection.java:askForVotes(448)) - s6@group-9B2898047773-LeaderElection8 ELECTION round 0: submit vote requests at term 1 for conf: {index: -1, cur=peers:[s6]|listeners:[], old=null}
2025-10-10 11:53:06,192 [s6@group-9B2898047773-LeaderElection8] INFO  impl.LeaderElection (LeaderElection.java:askForVotes(450)) - s6@group-9B2898047773-LeaderElection8 ELECTION round 0: result PASSED (term=1)
2025-10-10 11:53:06,193 [s6@group-9B2898047773-LeaderElection8] INFO  impl.RoleInfo (RoleInfo.java:shutdownLeaderElection(141)) - s6: shutdown s6@group-9B2898047773-LeaderElection8
2025-10-10 11:53:06,193 [s6@group-9B2898047773-LeaderElection8] INFO  server.RaftServer$Division (RaftServerImpl.java:setRole(393)) - s6@group-9B2898047773: changes role from CANDIDATE to LEADER at term 1 for changeToLeader
2025-10-10 11:53:06,193 [s6@group-9B2898047773-LeaderElection8] INFO  server.RaftServerConfigKeys (ConfUtils.java:logFallback(69)) - raft.server.staging.timeout = 6000ms (fallback to raft.server.rpc.timeout.max)
2025-10-10 11:53:06,194 [s6@group-9B2898047773-LeaderElection8] INFO  impl.RoleInfo (RoleInfo.java:updateAndGet(148)) - s6: start s6@group-9B2898047773-LeaderStateImpl
2025-10-10 11:53:06,194 [s6@group-9B2898047773-LeaderElection8] INFO  server.RaftServer$Division (RaftServerImpl.java:setFirstElection(577)) - s6@group-9B2898047773: set firstElectionSinceStartup to false for becomeLeader
2025-10-10 11:53:06,194 [s6@group-9B2898047773-LeaderElection8] INFO  server.RaftServer$Division (ServerState.java:setLeader(278)) - s6@group-9B2898047773: change Leader from null to s6 at term 1 for becomeLeader, leader elected after 1907ms
2025-10-10 11:53:06,194 [s6@group-9B2898047773-LeaderElection8] INFO  segmented.SegmentedRaftLogWorker (SegmentedRaftLogWorker.java:startLogSegment(440)) - s6@group-9B2898047773-SegmentedRaftLogWorker: Starting segment from index:0
2025-10-10 11:53:06,195 [s6@group-9B2898047773-SegmentedRaftLogWorker] INFO  segmented.BufferedWriteChannel (BufferedWriteChannel.java:open(61)) - open log_inprogress_0 at position 0
2025-10-10 11:53:06,195 [s6@group-9B2898047773-LeaderElection8] INFO  server.RaftServer$Division (ServerState.java:setRaftConf(392)) - s6@group-9B2898047773: set configuration conf: {index: 0, cur=peers:[s6]|listeners:[], old=null}
2025-10-10 11:53:06,200 [s6@group-9B2898047773-SegmentedRaftLogWorker] INFO  segmented.SegmentedRaftLogWorker (SegmentedRaftLogWorker.java:execute(647)) - s6@group-9B2898047773-SegmentedRaftLogWorker: created new log segment /home/runner/work/ratis/ratis/ratis-test/target/test/data/319b119c/MiniRaftClusterWithSimulatedRpc70f26566/s6/294cac14-abce-4e62-bce4-9b2898047773/current/log_inprogress_0
2025-10-10 11:53:06,201 [s6@group-9B2898047773-StateMachineUpdater] TRACE util.FileUtils (LogUtils.java:supplyAndLog(69)) - Successfully supplied FileChannel.open /home/runner/work/ratis/ratis/ratis-test/target/test/data/319b119c/MiniRaftClusterWithSimulatedRpc70f26566/s6/294cac14-abce-4e62-bce4-9b2898047773/current/raft-meta.conf.tmp with options [CREATE, TRUNCATE_EXISTING, WRITE]: sun.nio.ch.FileChannelImpl@4e9a9729
2025-10-10 11:53:06,201 [s6@group-9B2898047773-StateMachineUpdater] TRACE util.FileUtils (LogUtils.java:runAndLog(49)) - Successfully ran Atomic Files.move /home/runner/work/ratis/ratis/ratis-test/target/test/data/319b119c/MiniRaftClusterWithSimulatedRpc70f26566/s6/294cac14-abce-4e62-bce4-9b2898047773/current/raft-meta.conf.tmp to /home/runner/work/ratis/ratis/ratis-test/target/test/data/319b119c/MiniRaftClusterWithSimulatedRpc70f26566/s6/294cac14-abce-4e62-bce4-9b2898047773/current/raft-meta.conf with options [REPLACE_EXISTING]
2025-10-10 11:53:06,201 [s6@group-9B2898047773-StateMachineUpdater] INFO  server.RaftServer$Division (LeaderStateImpl.java:checkStartIndex(309)) - Leader s6@group-9B2898047773-LeaderStateImpl is ready since appliedIndex == startIndex == 0
2025-10-10 11:53:07,217 [Timer-4] INFO  impl.MiniRaftCluster (MiniRaftCluster.java:lambda$null$7(340)) - TIMED-PRINT: printing ALL groups
  s3:  RUNNING [
   FOLLOWER (RUNNING): s3@group-FC0409821AE5:t1, leader=s5, voted=s5, raftlog=Memoized:s3@group-FC0409821AE5-SegmentedRaftLog:OPENED:c0:last(t:1, i:0), conf=conf: {index: 0, cur=peers:[s3|, s4|, s5|, s1|, s2|]|listeners:[], old=null}
   FOLLOWER (STARTING): s3@group-26DAA163C1DE:t0, leader=null, voted=, raftlog=Memoized:s3@group-26DAA163C1DE-SegmentedRaftLog:OPENED:c-1:lastnull, conf=conf: {index: -1, cur=peers:[]|listeners:[], old=null}] size=2
  s4:  RUNNING [
   FOLLOWER (RUNNING): s4@group-FC0409821AE5:t1, leader=s5, voted=s5, raftlog=Memoized:s4@group-FC0409821AE5-SegmentedRaftLog:OPENED:c0:last(t:1, i:0), conf=conf: {index: 0, cur=peers:[s3|, s4|, s5|, s1|, s2|]|listeners:[], old=null}
   FOLLOWER (STARTING): s4@group-26DAA163C1DE:t0, leader=null, voted=, raftlog=Memoized:s4@group-26DAA163C1DE-SegmentedRaftLog:OPENED:c-1:lastnull, conf=conf: {index: -1, cur=peers:[]|listeners:[], old=null}] size=2
  s5:  RUNNING [
     LEADER (RUNNING): s5@group-FC0409821AE5:t1, leader=s5, voted=s5, raftlog=Memoized:s5@group-FC0409821AE5-SegmentedRaftLog:OPENED:c0:last(t:1, i:0), conf=conf: {index: 0, cur=peers:[s3, s4, s5, s1, s2]|listeners:[], old=null}
   FOLLOWER (STARTING): s5@group-26DAA163C1DE:t0, leader=null, voted=, raftlog=Memoized:s5@group-26DAA163C1DE-SegmentedRaftLog:OPENED:c-1:lastnull, conf=conf: {index: -1, cur=peers:[]|listeners:[], old=null}] size=2
  s6:  RUNNING [
   FOLLOWER (STARTING): s6@group-26DAA163C1DE:t0, leader=null, voted=, raftlog=Memoized:s6@group-26DAA163C1DE-SegmentedRaftLog:OPENED:c-1:lastnull, conf=conf: {index: -1, cur=peers:[]|listeners:[], old=null}
     LEADER (RUNNING): s6@group-9B2898047773:t1, leader=s6, voted=s6, raftlog=Memoized:s6@group-9B2898047773-SegmentedRaftLog:OPENED:c0:last(t:1, i:0), conf=conf: {index: 0, cur=peers:[s6]|listeners:[], old=null}] size=2
  s0:  RUNNING [
     LEADER (RUNNING): s0@group-9CC9A4E0F784:t1, leader=s0, voted=s0, raftlog=Memoized:s0@group-9CC9A4E0F784-SegmentedRaftLog:OPENED:c0:last(t:1, i:0), conf=conf: {index: 0, cur=peers:[s0]|listeners:[], old=null}
   FOLLOWER (STARTING): s0@group-26DAA163C1DE:t0, leader=null, voted=, raftlog=Memoized:s0@group-26DAA163C1DE-SegmentedRaftLog:OPENED:c-1:lastnull, conf=conf: {index: -1, cur=peers:[]|listeners:[], old=null}] size=2
  s1:  RUNNING [
   FOLLOWER (RUNNING): s1@group-FC0409821AE5:t1, leader=s5, voted=s5, raftlog=Memoized:s1@group-FC0409821AE5-SegmentedRaftLog:OPENED:c0:last(t:1, i:0), conf=conf: {index: 0, cur=peers:[s3|, s4|, s5|, s1|, s2|]|listeners:[], old=null}
   FOLLOWER (STARTING): s1@group-26DAA163C1DE:t0, leader=null, voted=, raftlog=Memoized:s1@group-26DAA163C1DE-SegmentedRaftLog:OPENED:c-1:lastnull, conf=conf: {index: -1, cur=peers:[]|listeners:[], old=null}] size=2
  s2:  RUNNING [
   FOLLOWER (RUNNING): s2@group-FC0409821AE5:t1, leader=s5, voted=s5, raftlog=Memoized:s2@group-FC0409821AE5-SegmentedRaftLog:OPENED:c0:last(t:1, i:0), conf=conf: {index: 0, cur=peers:[s3|, s4|, s5|, s1|, s2|]|listeners:[], old=null}
   FOLLOWER (STARTING): s2@group-26DAA163C1DE:t0, leader=null, voted=, raftlog=Memoized:s2@group-26DAA163C1DE-SegmentedRaftLog:OPENED:c-1:lastnull, conf=conf: {index: -1, cur=peers:[]|listeners:[], old=null}] size=2.
2025-10-10 11:53:07,300 [main] INFO  ratis.RaftTestUtil (RaftTestUtil.java:waitForLeader(131)) - printing group-9B2898047773
  s6:  RUNNING [
   FOLLOWER (STARTING): s6@group-26DAA163C1DE:t0, leader=null, voted=, raftlog=Memoized:s6@group-26DAA163C1DE-SegmentedRaftLog:OPENED:c-1:lastnull, conf=conf: {index: -1, cur=peers:[]|listeners:[], old=null}
     LEADER (RUNNING): s6@group-9B2898047773:t1, leader=s6, voted=s6, raftlog=Memoized:s6@group-9B2898047773-SegmentedRaftLog:OPENED:c0:last(t:1, i:0), conf=conf: {index: 0, cur=peers:[s6]|listeners:[], old=null}] size=2
| MiniRaftClusterWithSimulatedRpc[1, 6, 7]chosen=1 | start groups | 139 |
2025-10-10 11:53:07,301 [main] INFO  impl.GroupManagementBaseTest (GroupManagementBaseTest.java:runMultiGroupTest(293)) - start groups: printing ALL groups
  s3:  RUNNING [
   FOLLOWER (RUNNING): s3@group-FC0409821AE5:t1, leader=s5, voted=s5, raftlog=Memoized:s3@group-FC0409821AE5-SegmentedRaftLog:OPENED:c0:last(t:1, i:0), conf=conf: {index: 0, cur=peers:[s3|, s4|, s5|, s1|, s2|]|listeners:[], old=null}
   FOLLOWER (STARTING): s3@group-26DAA163C1DE:t0, leader=null, voted=, raftlog=Memoized:s3@group-26DAA163C1DE-SegmentedRaftLog:OPENED:c-1:lastnull, conf=conf: {index: -1, cur=peers:[]|listeners:[], old=null}] size=2
  s4:  RUNNING [
   FOLLOWER (RUNNING): s4@group-FC0409821AE5:t1, leader=s5, voted=s5, raftlog=Memoized:s4@group-FC0409821AE5-SegmentedRaftLog:OPENED:c0:last(t:1, i:0), conf=conf: {index: 0, cur=peers:[s3|, s4|, s5|, s1|, s2|]|listeners:[], old=null}
   FOLLOWER (STARTING): s4@group-26DAA163C1DE:t0, leader=null, voted=, raftlog=Memoized:s4@group-26DAA163C1DE-SegmentedRaftLog:OPENED:c-1:lastnull, conf=conf: {index: -1, cur=peers:[]|listeners:[], old=null}] size=2
  s5:  RUNNING [
     LEADER (RUNNING): s5@group-FC0409821AE5:t1, leader=s5, voted=s5, raftlog=Memoized:s5@group-FC0409821AE5-SegmentedRaftLog:OPENED:c0:last(t:1, i:0), conf=conf: {index: 0, cur=peers:[s3, s4, s5, s1, s2]|listeners:[], old=null}
   FOLLOWER (STARTING): s5@group-26DAA163C1DE:t0, leader=null, voted=, raftlog=Memoized:s5@group-26DAA163C1DE-SegmentedRaftLog:OPENED:c-1:lastnull, conf=conf: {index: -1, cur=peers:[]|listeners:[], old=null}] size=2
  s6:  RUNNING [
   FOLLOWER (STARTING): s6@group-26DAA163C1DE:t0, leader=null, voted=, raftlog=Memoized:s6@group-26DAA163C1DE-SegmentedRaftLog:OPENED:c-1:lastnull, conf=conf: {index: -1, cur=peers:[]|listeners:[], old=null}
     LEADER (RUNNING): s6@group-9B2898047773:t1, leader=s6, voted=s6, raftlog=Memoized:s6@group-9B2898047773-SegmentedRaftLog:OPENED:c0:last(t:1, i:0), conf=conf: {index: 0, cur=peers:[s6]|listeners:[], old=null}] size=2
  s0:  RUNNING [
     LEADER (RUNNING): s0@group-9CC9A4E0F784:t1, leader=s0, voted=s0, raftlog=Memoized:s0@group-9CC9A4E0F784-SegmentedRaftLog:OPENED:c0:last(t:1, i:0), conf=conf: {index: 0, cur=peers:[s0]|listeners:[], old=null}
   FOLLOWER (STARTING): s0@group-26DAA163C1DE:t0, leader=null, voted=, raftlog=Memoized:s0@group-26DAA163C1DE-SegmentedRaftLog:OPENED:c-1:lastnull, conf=conf: {index: -1, cur=peers:[]|listeners:[], old=null}] size=2
  s1:  RUNNING [
   FOLLOWER (RUNNING): s1@group-FC0409821AE5:t1, leader=s5, voted=s5, raftlog=Memoized:s1@group-FC0409821AE5-SegmentedRaftLog:OPENED:c0:last(t:1, i:0), conf=conf: {index: 0, cur=peers:[s3|, s4|, s5|, s1|, s2|]|listeners:[], old=null}
   FOLLOWER (STARTING): s1@group-26DAA163C1DE:t0, leader=null, voted=, raftlog=Memoized:s1@group-26DAA163C1DE-SegmentedRaftLog:OPENED:c-1:lastnull, conf=conf: {index: -1, cur=peers:[]|listeners:[], old=null}] size=2
  s2:  RUNNING [
   FOLLOWER (RUNNING): s2@group-FC0409821AE5:t1, leader=s5, voted=s5, raftlog=Memoized:s2@group-FC0409821AE5-SegmentedRaftLog:OPENED:c0:last(t:1, i:0), conf=conf: {index: 0, cur=peers:[s3|, s4|, s5|, s1|, s2|]|listeners:[], old=null}
   FOLLOWER (STARTING): s2@group-26DAA163C1DE:t0, leader=null, voted=, raftlog=Memoized:s2@group-26DAA163C1DE-SegmentedRaftLog:OPENED:c-1:lastnull, conf=conf: {index: -1, cur=peers:[]|listeners:[], old=null}] size=2
2025-10-10 11:53:07,301 [main] INFO  impl.GroupManagementBaseTest (GroupManagementBaseTest.java:runMultiGroupTest(296)) - chosen = 1, group-FC0409821AE5:[s3, s4, s5, s1, s2]
2025-10-10 11:53:07,302 [main] INFO  impl.GroupManagementBaseTest (GroupManagementBaseTest.java:runMultiGroupTest(301)) - 0) close printing group-9CC9A4E0F784
  s0:  RUNNING [
     LEADER (RUNNING): s0@group-9CC9A4E0F784:t1, leader=s0, voted=s0, raftlog=Memoized:s0@group-9CC9A4E0F784-SegmentedRaftLog:OPENED:c0:last(t:1, i:0), conf=conf: {index: 0, cur=peers:[s0]|listeners:[], old=null}
   FOLLOWER (STARTING): s0@group-26DAA163C1DE:t0, leader=null, voted=, raftlog=Memoized:s0@group-26DAA163C1DE-SegmentedRaftLog:OPENED:c-1:lastnull, conf=conf: {index: -1, cur=peers:[]|listeners:[], old=null}] size=2
2025-10-10 11:53:07,302 [main] DEBUG client.RaftClient (RaftClientImpl.java:newRequest(95)) - attempt #1, newRequest GroupManagementRequest:client-39CE392CD4B9->s0@group-9CC9A4E0F784, cid=181, seq=null, RW, null, Remove:group-9CC9A4E0F784, delete-dir
2025-10-10 11:53:07,303 [HandlerDaemon-1] INFO  server.RaftServer (RaftServerProxy.java:remove(117)) - s0: remove    LEADER (RUNNING): s0@group-9CC9A4E0F784:t1, leader=s0, voted=s0, raftlog=Memoized:s0@group-9CC9A4E0F784-SegmentedRaftLog:OPENED:c0:last(t:1, i:0), conf=conf: {index: 0, cur=peers:[s0]|listeners:[], old=null}
2025-10-10 11:53:07,303 [HandlerDaemon-1] INFO  server.RaftServer$Division (RaftServerImpl.java:lambda$close$1(528)) - s0@group-9CC9A4E0F784: shutdown
2025-10-10 11:53:07,303 [HandlerDaemon-1] INFO  util.JmxRegister (JmxRegister.java:unregister(74)) - Successfully un-registered JMX Bean with object name Ratis:service=RaftServer,group=group-9CC9A4E0F784,id=s0
2025-10-10 11:53:07,303 [HandlerDaemon-1] INFO  impl.RoleInfo (RoleInfo.java:shutdownLeaderState(103)) - s0: shutdown s0@group-9CC9A4E0F784-LeaderStateImpl
2025-10-10 11:53:07,303 [HandlerDaemon-1] INFO  impl.PendingRequests (PendingRequests.java:sendNotLeaderResponses(281)) - s0@group-9CC9A4E0F784-PendingRequests: sendNotLeaderResponses
2025-10-10 11:53:07,304 [HandlerDaemon-1] INFO  impl.StateMachineUpdater (StateMachineUpdater.java:stopAndJoin(163)) - s0@group-9CC9A4E0F784-StateMachineUpdater: set stopIndex = 0
2025-10-10 11:53:07,304 [s0@group-9CC9A4E0F784-StateMachineUpdater] INFO  impl.StateMachineUpdater (StateMachineUpdater.java:stop(140)) - s0@group-9CC9A4E0F784-StateMachineUpdater: closing BaseStateMachine, lastApplied=(t:1, i:0)
2025-10-10 11:53:07,304 [s0@group-9CC9A4E0F784-cacheEviction-AwaitToRun] INFO  util.AwaitToRun (AwaitToRun.java:run(49)) - s0@group-9CC9A4E0F784-cacheEviction-AwaitToRun-AwaitForSignal is interrupted
2025-10-10 11:53:07,884 [HandlerDaemon-1] INFO  segmented.SegmentedRaftLogWorker (SegmentedRaftLogWorker.java:close(254)) - s0@group-9CC9A4E0F784-SegmentedRaftLogWorker close()
2025-10-10 11:53:07,885 [HandlerDaemon-1] TRACE util.FileUtils (FileUtils.java:deleteFully(355)) - deleteFully /home/runner/work/ratis/ratis/ratis-test/target/test/data/319b119c/MiniRaftClusterWithSimulatedRpc70f26566/s0/04909056-e8b7-4250-8b79-9cc9a4e0f784
2025-10-10 11:53:07,885 [HandlerDaemon-1] TRACE util.FileUtils (LogUtils.java:runAndLog(49)) - Successfully ran Files.delete /home/runner/work/ratis/ratis/ratis-test/target/test/data/319b119c/MiniRaftClusterWithSimulatedRpc70f26566/s0/04909056-e8b7-4250-8b79-9cc9a4e0f784/current/raft-meta
2025-10-10 11:53:07,885 [HandlerDaemon-1] TRACE util.FileUtils (LogUtils.java:runAndLog(49)) - Successfully ran Files.delete /home/runner/work/ratis/ratis/ratis-test/target/test/data/319b119c/MiniRaftClusterWithSimulatedRpc70f26566/s0/04909056-e8b7-4250-8b79-9cc9a4e0f784/current/raft-meta.conf
2025-10-10 11:53:07,885 [HandlerDaemon-1] TRACE util.FileUtils (LogUtils.java:runAndLog(49)) - Successfully ran Files.delete /home/runner/work/ratis/ratis/ratis-test/target/test/data/319b119c/MiniRaftClusterWithSimulatedRpc70f26566/s0/04909056-e8b7-4250-8b79-9cc9a4e0f784/current/log_inprogress_0
2025-10-10 11:53:07,885 [HandlerDaemon-1] TRACE util.FileUtils (LogUtils.java:runAndLog(49)) - Successfully ran Files.delete /home/runner/work/ratis/ratis/ratis-test/target/test/data/319b119c/MiniRaftClusterWithSimulatedRpc70f26566/s0/04909056-e8b7-4250-8b79-9cc9a4e0f784/current
2025-10-10 11:53:07,886 [HandlerDaemon-1] TRACE util.FileUtils (LogUtils.java:runAndLog(49)) - Successfully ran Files.delete /home/runner/work/ratis/ratis/ratis-test/target/test/data/319b119c/MiniRaftClusterWithSimulatedRpc70f26566/s0/04909056-e8b7-4250-8b79-9cc9a4e0f784/sm
2025-10-10 11:53:07,886 [HandlerDaemon-1] TRACE util.FileUtils (LogUtils.java:runAndLog(49)) - Successfully ran Files.delete /home/runner/work/ratis/ratis/ratis-test/target/test/data/319b119c/MiniRaftClusterWithSimulatedRpc70f26566/s0/04909056-e8b7-4250-8b79-9cc9a4e0f784/in_use.lock
2025-10-10 11:53:07,886 [HandlerDaemon-1] TRACE util.FileUtils (LogUtils.java:runAndLog(49)) - Successfully ran Files.delete /home/runner/work/ratis/ratis/ratis-test/target/test/data/319b119c/MiniRaftClusterWithSimulatedRpc70f26566/s0/04909056-e8b7-4250-8b79-9cc9a4e0f784
2025-10-10 11:53:07,886 [HandlerDaemon-1] INFO  server.RaftServer$Division (RaftServerImpl.java:groupRemove(498)) - s0@group-9CC9A4E0F784: Succeed to remove RaftStorageDirectory Storage Directory /home/runner/work/ratis/ratis/ratis-test/target/test/data/319b119c/MiniRaftClusterWithSimulatedRpc70f26566/s0/04909056-e8b7-4250-8b79-9cc9a4e0f784
2025-10-10 11:53:07,887 [main] DEBUG client.RaftClient (RaftClientImpl.java:close(465)) - close client-39CE392CD4B9
2025-10-10 11:53:07,887 [main] INFO  impl.GroupManagementBaseTest (GroupManagementBaseTest.java:runMultiGroupTest(301)) - 2) close printing group-9B2898047773
  s6:  RUNNING [
   FOLLOWER (STARTING): s6@group-26DAA163C1DE:t0, leader=null, voted=, raftlog=Memoized:s6@group-26DAA163C1DE-SegmentedRaftLog:OPENED:c-1:lastnull, conf=conf: {index: -1, cur=peers:[]|listeners:[], old=null}
     LEADER (RUNNING): s6@group-9B2898047773:t1, leader=s6, voted=s6, raftlog=Memoized:s6@group-9B2898047773-SegmentedRaftLog:OPENED:c0:last(t:1, i:0), conf=conf: {index: 0, cur=peers:[s6]|listeners:[], old=null}] size=2
2025-10-10 11:53:07,888 [main] DEBUG client.RaftClient (RaftClientImpl.java:newRequest(95)) - attempt #1, newRequest GroupManagementRequest:client-B5BBEDF13E10->s6@group-9B2898047773, cid=190, seq=null, RW, null, Remove:group-9B2898047773, delete-dir
2025-10-10 11:53:07,888 [HandlerDaemon-1] INFO  server.RaftServer (RaftServerProxy.java:remove(117)) - s6: remove    LEADER (RUNNING): s6@group-9B2898047773:t1, leader=s6, voted=s6, raftlog=Memoized:s6@group-9B2898047773-SegmentedRaftLog:OPENED:c0:last(t:1, i:0), conf=conf: {index: 0, cur=peers:[s6]|listeners:[], old=null}
2025-10-10 11:53:07,888 [HandlerDaemon-1] INFO  server.RaftServer$Division (RaftServerImpl.java:lambda$close$1(528)) - s6@group-9B2898047773: shutdown
2025-10-10 11:53:07,888 [HandlerDaemon-1] INFO  util.JmxRegister (JmxRegister.java:unregister(74)) - Successfully un-registered JMX Bean with object name Ratis:service=RaftServer,group=group-9B2898047773,id=s6
2025-10-10 11:53:07,889 [HandlerDaemon-1] INFO  impl.RoleInfo (RoleInfo.java:shutdownLeaderState(103)) - s6: shutdown s6@group-9B2898047773-LeaderStateImpl
2025-10-10 11:53:07,889 [HandlerDaemon-1] INFO  impl.PendingRequests (PendingRequests.java:sendNotLeaderResponses(281)) - s6@group-9B2898047773-PendingRequests: sendNotLeaderResponses
2025-10-10 11:53:07,889 [HandlerDaemon-1] INFO  impl.StateMachineUpdater (StateMachineUpdater.java:stopAndJoin(163)) - s6@group-9B2898047773-StateMachineUpdater: set stopIndex = 0
2025-10-10 11:53:07,889 [s6@group-9B2898047773-StateMachineUpdater] INFO  impl.StateMachineUpdater (StateMachineUpdater.java:stop(140)) - s6@group-9B2898047773-StateMachineUpdater: closing BaseStateMachine, lastApplied=(t:1, i:0)
2025-10-10 11:53:07,889 [s6@group-9B2898047773-cacheEviction-AwaitToRun] INFO  util.AwaitToRun (AwaitToRun.java:run(49)) - s6@group-9B2898047773-cacheEviction-AwaitToRun-AwaitForSignal is interrupted
2025-10-10 11:53:08,202 [HandlerDaemon-1] INFO  segmented.SegmentedRaftLogWorker (SegmentedRaftLogWorker.java:close(254)) - s6@group-9B2898047773-SegmentedRaftLogWorker close()
2025-10-10 11:53:08,203 [HandlerDaemon-1] TRACE util.FileUtils (FileUtils.java:deleteFully(355)) - deleteFully /home/runner/work/ratis/ratis/ratis-test/target/test/data/319b119c/MiniRaftClusterWithSimulatedRpc70f26566/s6/294cac14-abce-4e62-bce4-9b2898047773
2025-10-10 11:53:08,203 [HandlerDaemon-1] TRACE util.FileUtils (LogUtils.java:runAndLog(49)) - Successfully ran Files.delete /home/runner/work/ratis/ratis/ratis-test/target/test/data/319b119c/MiniRaftClusterWithSimulatedRpc70f26566/s6/294cac14-abce-4e62-bce4-9b2898047773/current/raft-meta
2025-10-10 11:53:08,203 [HandlerDaemon-1] TRACE util.FileUtils (LogUtils.java:runAndLog(49)) - Successfully ran Files.delete /home/runner/work/ratis/ratis/ratis-test/target/test/data/319b119c/MiniRaftClusterWithSimulatedRpc70f26566/s6/294cac14-abce-4e62-bce4-9b2898047773/current/raft-meta.conf
2025-10-10 11:53:08,203 [HandlerDaemon-1] TRACE util.FileUtils (LogUtils.java:runAndLog(49)) - Successfully ran Files.delete /home/runner/work/ratis/ratis/ratis-test/target/test/data/319b119c/MiniRaftClusterWithSimulatedRpc70f26566/s6/294cac14-abce-4e62-bce4-9b2898047773/current/log_inprogress_0
2025-10-10 11:53:08,203 [HandlerDaemon-1] TRACE util.FileUtils (LogUtils.java:runAndLog(49)) - Successfully ran Files.delete /home/runner/work/ratis/ratis/ratis-test/target/test/data/319b119c/MiniRaftClusterWithSimulatedRpc70f26566/s6/294cac14-abce-4e62-bce4-9b2898047773/current
2025-10-10 11:53:08,204 [HandlerDaemon-1] TRACE util.FileUtils (LogUtils.java:runAndLog(49)) - Successfully ran Files.delete /home/runner/work/ratis/ratis/ratis-test/target/test/data/319b119c/MiniRaftClusterWithSimulatedRpc70f26566/s6/294cac14-abce-4e62-bce4-9b2898047773/sm
2025-10-10 11:53:08,204 [HandlerDaemon-1] TRACE util.FileUtils (LogUtils.java:runAndLog(49)) - Successfully ran Files.delete /home/runner/work/ratis/ratis/ratis-test/target/test/data/319b119c/MiniRaftClusterWithSimulatedRpc70f26566/s6/294cac14-abce-4e62-bce4-9b2898047773/in_use.lock
2025-10-10 11:53:08,204 [HandlerDaemon-1] TRACE util.FileUtils (LogUtils.java:runAndLog(49)) - Successfully ran Files.delete /home/runner/work/ratis/ratis/ratis-test/target/test/data/319b119c/MiniRaftClusterWithSimulatedRpc70f26566/s6/294cac14-abce-4e62-bce4-9b2898047773
2025-10-10 11:53:08,204 [HandlerDaemon-1] INFO  server.RaftServer$Division (RaftServerImpl.java:groupRemove(498)) - s6@group-9B2898047773: Succeed to remove RaftStorageDirectory Storage Directory /home/runner/work/ratis/ratis/ratis-test/target/test/data/319b119c/MiniRaftClusterWithSimulatedRpc70f26566/s6/294cac14-abce-4e62-bce4-9b2898047773
2025-10-10 11:53:08,204 [main] DEBUG client.RaftClient (RaftClientImpl.java:close(465)) - close client-B5BBEDF13E10
| MiniRaftClusterWithSimulatedRpc[1, 6, 7]chosen=1 | close groups | 133 |
2025-10-10 11:53:08,205 [main] INFO  impl.GroupManagementBaseTest (GroupManagementBaseTest.java:runMultiGroupTest(318)) - close groups: printing ALL groups
  s3:  RUNNING [
   FOLLOWER (RUNNING): s3@group-FC0409821AE5:t1, leader=s5, voted=s5, raftlog=Memoized:s3@group-FC0409821AE5-SegmentedRaftLog:OPENED:c0:last(t:1, i:0), conf=conf: {index: 0, cur=peers:[s3|, s4|, s5|, s1|, s2|]|listeners:[], old=null}
   FOLLOWER (STARTING): s3@group-26DAA163C1DE:t0, leader=null, voted=, raftlog=Memoized:s3@group-26DAA163C1DE-SegmentedRaftLog:OPENED:c-1:lastnull, conf=conf: {index: -1, cur=peers:[]|listeners:[], old=null}] size=2
  s4:  RUNNING [
   FOLLOWER (RUNNING): s4@group-FC0409821AE5:t1, leader=s5, voted=s5, raftlog=Memoized:s4@group-FC0409821AE5-SegmentedRaftLog:OPENED:c0:last(t:1, i:0), conf=conf: {index: 0, cur=peers:[s3|, s4|, s5|, s1|, s2|]|listeners:[], old=null}
   FOLLOWER (STARTING): s4@group-26DAA163C1DE:t0, leader=null, voted=, raftlog=Memoized:s4@group-26DAA163C1DE-SegmentedRaftLog:OPENED:c-1:lastnull, conf=conf: {index: -1, cur=peers:[]|listeners:[], old=null}] size=2
  s5:  RUNNING [
     LEADER (RUNNING): s5@group-FC0409821AE5:t1, leader=s5, voted=s5, raftlog=Memoized:s5@group-FC0409821AE5-SegmentedRaftLog:OPENED:c0:last(t:1, i:0), conf=conf: {index: 0, cur=peers:[s3, s4, s5, s1, s2]|listeners:[], old=null}
   FOLLOWER (STARTING): s5@group-26DAA163C1DE:t0, leader=null, voted=, raftlog=Memoized:s5@group-26DAA163C1DE-SegmentedRaftLog:OPENED:c-1:lastnull, conf=conf: {index: -1, cur=peers:[]|listeners:[], old=null}] size=2
  s6:  RUNNING  FOLLOWER (STARTING): s6@group-26DAA163C1DE:t0, leader=null, voted=, raftlog=Memoized:s6@group-26DAA163C1DE-SegmentedRaftLog:OPENED:c-1:lastnull, conf=conf: {index: -1, cur=peers:[]|listeners:[], old=null}
  s0:  RUNNING  FOLLOWER (STARTING): s0@group-26DAA163C1DE:t0, leader=null, voted=, raftlog=Memoized:s0@group-26DAA163C1DE-SegmentedRaftLog:OPENED:c-1:lastnull, conf=conf: {index: -1, cur=peers:[]|listeners:[], old=null}
  s1:  RUNNING [
   FOLLOWER (RUNNING): s1@group-FC0409821AE5:t1, leader=s5, voted=s5, raftlog=Memoized:s1@group-FC0409821AE5-SegmentedRaftLog:OPENED:c0:last(t:1, i:0), conf=conf: {index: 0, cur=peers:[s3|, s4|, s5|, s1|, s2|]|listeners:[], old=null}
   FOLLOWER (STARTING): s1@group-26DAA163C1DE:t0, leader=null, voted=, raftlog=Memoized:s1@group-26DAA163C1DE-SegmentedRaftLog:OPENED:c-1:lastnull, conf=conf: {index: -1, cur=peers:[]|listeners:[], old=null}] size=2
  s2:  RUNNING [
   FOLLOWER (RUNNING): s2@group-FC0409821AE5:t1, leader=s5, voted=s5, raftlog=Memoized:s2@group-FC0409821AE5-SegmentedRaftLog:OPENED:c0:last(t:1, i:0), conf=conf: {index: 0, cur=peers:[s3|, s4|, s5|, s1|, s2|]|listeners:[], old=null}
   FOLLOWER (STARTING): s2@group-26DAA163C1DE:t0, leader=null, voted=, raftlog=Memoized:s2@group-26DAA163C1DE-SegmentedRaftLog:OPENED:c-1:lastnull, conf=conf: {index: -1, cur=peers:[]|listeners:[], old=null}] size=2
2025-10-10 11:53:08,205 [main] INFO  impl.GroupManagementBaseTest (GroupManagementBaseTest.java:runMultiGroupTest(324)) - 0) groupAdd: printing group-9CC9A4E0F784
2025-10-10 11:53:08,206 [main] DEBUG client.RaftClient (RaftClientImpl.java:newRequest(95)) - attempt #1, newRequest GroupManagementRequest:client-75E1DDB26286->s0@group-FC0409821AE5, cid=199, seq=null, RW, null, Add:group-FC0409821AE5:[]
2025-10-10 11:53:08,206 [s0-groupManagement] INFO  server.RaftServer$Division (RaftServerImpl.java:<init>(269)) - s0: new RaftServerImpl for group-FC0409821AE5:[] with BaseStateMachine-39:uninitialized
2025-10-10 11:53:08,206 [HandlerDaemon-2] INFO  server.RaftServer (RaftServerProxy.java:addNew(106)) - s0: addNew group-FC0409821AE5:[] returns group-FC0409821AE5:java.util.concurrent.CompletableFuture@478a4b97[Not completed]
2025-10-10 11:53:08,206 [s0-groupManagement] INFO  server.RaftServer$Division (ServerState.java:<init>(115)) - s0@group-FC0409821AE5: ConfigurationManager, init=conf: {index: -1, cur=peers:[]|listeners:[], old=null}, confs=<EMPTY_MAP>
2025-10-10 11:53:08,207 [s0-groupManagement] DEBUG server.RaftServer (RaftServerProxy.java:lambda$groupAddAsync$13(517)) - s0: newImpl =      null (NEW): s0@group-FC0409821AE5:t0, leader=null, voted=null, raftlog=UNINITIALIZED, conf=conf: {index: -1, cur=peers:[]|listeners:[], old=null}
2025-10-10 11:53:08,207 [s0-groupManagement] INFO  server.RaftServerConfigKeys (ConfUtils.java:logGet(62)) - raft.server.storage.dir = [/home/runner/work/ratis/ratis/ratis-test/target/test/data/319b119c/MiniRaftClusterWithSimulatedRpc70f26566/s0] (custom)
2025-10-10 11:53:08,208 [s0-groupManagement] INFO  storage.RaftStorageDirectory (RaftStorageDirectoryImpl.java:analyzeStorage(138)) - The storage directory /home/runner/work/ratis/ratis/ratis-test/target/test/data/319b119c/MiniRaftClusterWithSimulatedRpc70f26566/s0/3dee10e3-d8b2-4ffe-9807-fc0409821ae5 does not exist. Creating ...
2025-10-10 11:53:08,208 [s0-groupManagement] TRACE util.FileUtils (LogUtils.java:runAndLog(49)) - Successfully ran Files.createDirectories /home/runner/work/ratis/ratis/ratis-test/target/test/data/319b119c/MiniRaftClusterWithSimulatedRpc70f26566/s0/3dee10e3-d8b2-4ffe-9807-fc0409821ae5
2025-10-10 11:53:08,209 [s0-groupManagement] INFO  storage.RaftStorageDirectory (RaftStorageDirectoryImpl.java:tryLock(229)) - Lock on /home/runner/work/ratis/ratis/ratis-test/target/test/data/319b119c/MiniRaftClusterWithSimulatedRpc70f26566/s0/3dee10e3-d8b2-4ffe-9807-fc0409821ae5/in_use.lock acquired by nodename 9833@runnervmwhb2z
2025-10-10 11:53:08,209 [s0-groupManagement] TRACE util.FileUtils (LogUtils.java:runAndLog(49)) - Successfully ran Files.createDirectories /home/runner/work/ratis/ratis/ratis-test/target/test/data/319b119c/MiniRaftClusterWithSimulatedRpc70f26566/s0/3dee10e3-d8b2-4ffe-9807-fc0409821ae5/current
2025-10-10 11:53:08,209 [s0-groupManagement] TRACE util.FileUtils (LogUtils.java:runAndLog(49)) - Successfully ran Files.createDirectories /home/runner/work/ratis/ratis/ratis-test/target/test/data/319b119c/MiniRaftClusterWithSimulatedRpc70f26566/s0/3dee10e3-d8b2-4ffe-9807-fc0409821ae5/sm
2025-10-10 11:53:08,209 [s0-groupManagement] TRACE util.FileUtils (LogUtils.java:supplyAndLog(69)) - Successfully supplied FileChannel.open /home/runner/work/ratis/ratis/ratis-test/target/test/data/319b119c/MiniRaftClusterWithSimulatedRpc70f26566/s0/3dee10e3-d8b2-4ffe-9807-fc0409821ae5/current/raft-meta.tmp with options [CREATE, TRUNCATE_EXISTING, WRITE]: sun.nio.ch.FileChannelImpl@736fd8b7
2025-10-10 11:53:08,210 [s0-groupManagement] TRACE util.FileUtils (LogUtils.java:runAndLog(49)) - Successfully ran Atomic Files.move /home/runner/work/ratis/ratis/ratis-test/target/test/data/319b119c/MiniRaftClusterWithSimulatedRpc70f26566/s0/3dee10e3-d8b2-4ffe-9807-fc0409821ae5/current/raft-meta.tmp to /home/runner/work/ratis/ratis/ratis-test/target/test/data/319b119c/MiniRaftClusterWithSimulatedRpc70f26566/s0/3dee10e3-d8b2-4ffe-9807-fc0409821ae5/current/raft-meta with options [REPLACE_EXISTING]
2025-10-10 11:53:08,210 [s0-groupManagement] INFO  storage.RaftStorage (RaftStorageImpl.java:format(98)) - Storage directory /home/runner/work/ratis/ratis/ratis-test/target/test/data/319b119c/MiniRaftClusterWithSimulatedRpc70f26566/s0/3dee10e3-d8b2-4ffe-9807-fc0409821ae5 has been successfully formatted.
2025-10-10 11:53:08,210 [s0-groupManagement] INFO  server.RaftServer$Division (ServerState.java:getSnapshotIndexFromStateMachine(155)) - s0@group-FC0409821AE5: getLatestSnapshot(BaseStateMachine-39:s0:group-FC0409821AE5) returns null
2025-10-10 11:53:08,210 [s0-groupManagement] INFO  raftlog.RaftLog (RaftLogBase.java:<init>(90)) - s0@group-FC0409821AE5-SegmentedRaftLog: snapshotIndexFromStateMachine = -1
2025-10-10 11:53:08,211 [s0-groupManagement] INFO  util.AwaitToRun (AwaitToRun.java:start(81)) - Thread[s0@group-FC0409821AE5-cacheEviction-AwaitToRun,5,main] started
2025-10-10 11:53:08,211 [s0-groupManagement] INFO  segmented.SegmentedRaftLogWorker (SegmentedRaftLogWorker.java:<init>(190)) - new s0@group-FC0409821AE5-SegmentedRaftLogWorker for RaftStorageImpl:Storage Directory /home/runner/work/ratis/ratis/ratis-test/target/test/data/319b119c/MiniRaftClusterWithSimulatedRpc70f26566/s0/3dee10e3-d8b2-4ffe-9807-fc0409821ae5
2025-10-10 11:53:08,213 [s0-groupManagement] INFO  segmented.SegmentedRaftLogWorker (SegmentedRaftLogWorker.java:lambda$new$0(141)) - s0@group-FC0409821AE5-SegmentedRaftLogWorker: flushIndex: setUnconditionally 0 -> -1
2025-10-10 11:53:08,213 [s0-groupManagement] INFO  segmented.SegmentedRaftLogWorker (SegmentedRaftLogWorker.java:lambda$new$0(141)) - s0@group-FC0409821AE5-SegmentedRaftLogWorker: safeCacheEvictIndex: setUnconditionally 0 -> -1
2025-10-10 11:53:08,213 [s0-groupManagement] INFO  server.RaftServer$Division (RaftServerImpl.java:start(412)) - s0@group-FC0409821AE5: start with initializing state, conf=conf: {index: -1, cur=peers:[]|listeners:[], old=null}
2025-10-10 11:53:08,213 [s0-groupManagement] INFO  server.RaftServer$Division (RaftServerImpl.java:setRole(393)) - s0@group-FC0409821AE5: changes role from      null to FOLLOWER at term 0 for NOT_IN_CONF
2025-10-10 11:53:08,213 [s0-groupManagement] INFO  util.JmxRegister (JmxRegister.java:tryRegister(44)) - Successfully registered JMX Bean with object name Ratis:service=RaftServer,group=group-FC0409821AE5,id=s0
2025-10-10 11:53:08,213 [s0-groupManagement] INFO  util.JmxRegister (JmxRegister.java:register(58)) - register mxBean class org.apache.ratis.server.impl.RaftServerJmxAdapter as Ratis:service=RaftServer,group=group-FC0409821AE5,id=s0
2025-10-10 11:53:08,214 [s0-groupManagement] INFO  server.RaftServer$Division (RaftServerImpl.java:start(420)) - s0@group-FC0409821AE5: Successfully started.
2025-10-10 11:53:08,214 [main] DEBUG client.RaftClient (RaftClientImpl.java:close(465)) - close client-75E1DDB26286
2025-10-10 11:53:08,214 [main] INFO  impl.GroupManagementBaseTest (GroupManagementBaseTest.java:runMultiGroupTest(324)) - 2) groupAdd: printing group-9B2898047773
2025-10-10 11:53:08,215 [main] DEBUG client.RaftClient (RaftClientImpl.java:newRequest(95)) - attempt #1, newRequest GroupManagementRequest:client-6A5E60857853->s6@group-FC0409821AE5, cid=200, seq=null, RW, null, Add:group-FC0409821AE5:[]
2025-10-10 11:53:08,215 [HandlerDaemon-2] INFO  server.RaftServer (RaftServerProxy.java:addNew(106)) - s6: addNew group-FC0409821AE5:[] returns group-FC0409821AE5:java.util.concurrent.CompletableFuture@7cb4f33[Not completed]
2025-10-10 11:53:08,215 [s6-groupManagement] INFO  server.RaftServer$Division (RaftServerImpl.java:<init>(269)) - s6: new RaftServerImpl for group-FC0409821AE5:[] with BaseStateMachine-40:uninitialized
2025-10-10 11:53:08,215 [s6-groupManagement] INFO  server.RaftServer$Division (ServerState.java:<init>(115)) - s6@group-FC0409821AE5: ConfigurationManager, init=conf: {index: -1, cur=peers:[]|listeners:[], old=null}, confs=<EMPTY_MAP>
2025-10-10 11:53:08,216 [s6-groupManagement] DEBUG server.RaftServer (RaftServerProxy.java:lambda$groupAddAsync$13(517)) - s6: newImpl =      null (NEW): s6@group-FC0409821AE5:t0, leader=null, voted=null, raftlog=UNINITIALIZED, conf=conf: {index: -1, cur=peers:[]|listeners:[], old=null}
2025-10-10 11:53:08,216 [s6-groupManagement] INFO  server.RaftServerConfigKeys (ConfUtils.java:logGet(62)) - raft.server.storage.dir = [/home/runner/work/ratis/ratis/ratis-test/target/test/data/319b119c/MiniRaftClusterWithSimulatedRpc70f26566/s6] (custom)
2025-10-10 11:53:08,217 [s6-groupManagement] INFO  storage.RaftStorageDirectory (RaftStorageDirectoryImpl.java:analyzeStorage(138)) - The storage directory /home/runner/work/ratis/ratis/ratis-test/target/test/data/319b119c/MiniRaftClusterWithSimulatedRpc70f26566/s6/3dee10e3-d8b2-4ffe-9807-fc0409821ae5 does not exist. Creating ...
2025-10-10 11:53:08,217 [s6-groupManagement] TRACE util.FileUtils (LogUtils.java:runAndLog(49)) - Successfully ran Files.createDirectories /home/runner/work/ratis/ratis/ratis-test/target/test/data/319b119c/MiniRaftClusterWithSimulatedRpc70f26566/s6/3dee10e3-d8b2-4ffe-9807-fc0409821ae5
2025-10-10 11:53:08,218 [s6-groupManagement] INFO  storage.RaftStorageDirectory (RaftStorageDirectoryImpl.java:tryLock(229)) - Lock on /home/runner/work/ratis/ratis/ratis-test/target/test/data/319b119c/MiniRaftClusterWithSimulatedRpc70f26566/s6/3dee10e3-d8b2-4ffe-9807-fc0409821ae5/in_use.lock acquired by nodename 9833@runnervmwhb2z
2025-10-10 11:53:08,218 [s6-groupManagement] TRACE util.FileUtils (LogUtils.java:runAndLog(49)) - Successfully ran Files.createDirectories /home/runner/work/ratis/ratis/ratis-test/target/test/data/319b119c/MiniRaftClusterWithSimulatedRpc70f26566/s6/3dee10e3-d8b2-4ffe-9807-fc0409821ae5/current
2025-10-10 11:53:08,218 [s6-groupManagement] TRACE util.FileUtils (LogUtils.java:runAndLog(49)) - Successfully ran Files.createDirectories /home/runner/work/ratis/ratis/ratis-test/target/test/data/319b119c/MiniRaftClusterWithSimulatedRpc70f26566/s6/3dee10e3-d8b2-4ffe-9807-fc0409821ae5/sm
2025-10-10 11:53:08,218 [s6-groupManagement] TRACE util.FileUtils (LogUtils.java:supplyAndLog(69)) - Successfully supplied FileChannel.open /home/runner/work/ratis/ratis/ratis-test/target/test/data/319b119c/MiniRaftClusterWithSimulatedRpc70f26566/s6/3dee10e3-d8b2-4ffe-9807-fc0409821ae5/current/raft-meta.tmp with options [CREATE, TRUNCATE_EXISTING, WRITE]: sun.nio.ch.FileChannelImpl@1504f0e3
2025-10-10 11:53:08,219 [s6-groupManagement] TRACE util.FileUtils (LogUtils.java:runAndLog(49)) - Successfully ran Atomic Files.move /home/runner/work/ratis/ratis/ratis-test/target/test/data/319b119c/MiniRaftClusterWithSimulatedRpc70f26566/s6/3dee10e3-d8b2-4ffe-9807-fc0409821ae5/current/raft-meta.tmp to /home/runner/work/ratis/ratis/ratis-test/target/test/data/319b119c/MiniRaftClusterWithSimulatedRpc70f26566/s6/3dee10e3-d8b2-4ffe-9807-fc0409821ae5/current/raft-meta with options [REPLACE_EXISTING]
2025-10-10 11:53:08,219 [s6-groupManagement] INFO  storage.RaftStorage (RaftStorageImpl.java:format(98)) - Storage directory /home/runner/work/ratis/ratis/ratis-test/target/test/data/319b119c/MiniRaftClusterWithSimulatedRpc70f26566/s6/3dee10e3-d8b2-4ffe-9807-fc0409821ae5 has been successfully formatted.
2025-10-10 11:53:08,219 [s6-groupManagement] INFO  server.RaftServer$Division (ServerState.java:getSnapshotIndexFromStateMachine(155)) - s6@group-FC0409821AE5: getLatestSnapshot(BaseStateMachine-40:s6:group-FC0409821AE5) returns null
2025-10-10 11:53:08,219 [s6-groupManagement] INFO  raftlog.RaftLog (RaftLogBase.java:<init>(90)) - s6@group-FC0409821AE5-SegmentedRaftLog: snapshotIndexFromStateMachine = -1
2025-10-10 11:53:08,220 [s6-groupManagement] INFO  util.AwaitToRun (AwaitToRun.java:start(81)) - Thread[s6@group-FC0409821AE5-cacheEviction-AwaitToRun,5,main] started
2025-10-10 11:53:08,220 [s6-groupManagement] INFO  segmented.SegmentedRaftLogWorker (SegmentedRaftLogWorker.java:<init>(190)) - new s6@group-FC0409821AE5-SegmentedRaftLogWorker for RaftStorageImpl:Storage Directory /home/runner/work/ratis/ratis/ratis-test/target/test/data/319b119c/MiniRaftClusterWithSimulatedRpc70f26566/s6/3dee10e3-d8b2-4ffe-9807-fc0409821ae5
2025-10-10 11:53:08,220 [s6-groupManagement] INFO  segmented.SegmentedRaftLogWorker (SegmentedRaftLogWorker.java:lambda$new$0(141)) - s6@group-FC0409821AE5-SegmentedRaftLogWorker: flushIndex: setUnconditionally 0 -> -1
2025-10-10 11:53:08,221 [s6-groupManagement] INFO  segmented.SegmentedRaftLogWorker (SegmentedRaftLogWorker.java:lambda$new$0(141)) - s6@group-FC0409821AE5-SegmentedRaftLogWorker: safeCacheEvictIndex: setUnconditionally 0 -> -1
2025-10-10 11:53:08,221 [s6-groupManagement] INFO  server.RaftServer$Division (RaftServerImpl.java:start(412)) - s6@group-FC0409821AE5: start with initializing state, conf=conf: {index: -1, cur=peers:[]|listeners:[], old=null}
2025-10-10 11:53:08,221 [s6-groupManagement] INFO  server.RaftServer$Division (RaftServerImpl.java:setRole(393)) - s6@group-FC0409821AE5: changes role from      null to FOLLOWER at term 0 for NOT_IN_CONF
2025-10-10 11:53:08,221 [s6-groupManagement] INFO  util.JmxRegister (JmxRegister.java:tryRegister(44)) - Successfully registered JMX Bean with object name Ratis:service=RaftServer,group=group-FC0409821AE5,id=s6
2025-10-10 11:53:08,221 [s6-groupManagement] INFO  util.JmxRegister (JmxRegister.java:register(58)) - register mxBean class org.apache.ratis.server.impl.RaftServerJmxAdapter as Ratis:service=RaftServer,group=group-FC0409821AE5,id=s6
2025-10-10 11:53:08,221 [s6-groupManagement] INFO  server.RaftServer$Division (RaftServerImpl.java:start(420)) - s6@group-FC0409821AE5: Successfully started.
2025-10-10 11:53:08,222 [main] DEBUG client.RaftClient (RaftClientImpl.java:close(465)) - close client-6A5E60857853
2025-10-10 11:53:08,223 [main] INFO  impl.GroupManagementBaseTest (GroupManagementBaseTest.java:runMultiGroupTest(332)) - 1) setConfiguration: printing group-FC0409821AE5
  s3:  RUNNING [
   FOLLOWER (RUNNING): s3@group-FC0409821AE5:t1, leader=s5, voted=s5, raftlog=Memoized:s3@group-FC0409821AE5-SegmentedRaftLog:OPENED:c0:last(t:1, i:0), conf=conf: {index: 0, cur=peers:[s3|, s4|, s5|, s1|, s2|]|listeners:[], old=null}
   FOLLOWER (STARTING): s3@group-26DAA163C1DE:t0, leader=null, voted=, raftlog=Memoized:s3@group-26DAA163C1DE-SegmentedRaftLog:OPENED:c-1:lastnull, conf=conf: {index: -1, cur=peers:[]|listeners:[], old=null}] size=2
  s4:  RUNNING [
   FOLLOWER (RUNNING): s4@group-FC0409821AE5:t1, leader=s5, voted=s5, raftlog=Memoized:s4@group-FC0409821AE5-SegmentedRaftLog:OPENED:c0:last(t:1, i:0), conf=conf: {index: 0, cur=peers:[s3|, s4|, s5|, s1|, s2|]|listeners:[], old=null}
   FOLLOWER (STARTING): s4@group-26DAA163C1DE:t0, leader=null, voted=, raftlog=Memoized:s4@group-26DAA163C1DE-SegmentedRaftLog:OPENED:c-1:lastnull, conf=conf: {index: -1, cur=peers:[]|listeners:[], old=null}] size=2
  s5:  RUNNING [
     LEADER (RUNNING): s5@group-FC0409821AE5:t1, leader=s5, voted=s5, raftlog=Memoized:s5@group-FC0409821AE5-SegmentedRaftLog:OPENED:c0:last(t:1, i:0), conf=conf: {index: 0, cur=peers:[s3, s4, s5, s1, s2]|listeners:[], old=null}
   FOLLOWER (STARTING): s5@group-26DAA163C1DE:t0, leader=null, voted=, raftlog=Memoized:s5@group-26DAA163C1DE-SegmentedRaftLog:OPENED:c-1:lastnull, conf=conf: {index: -1, cur=peers:[]|listeners:[], old=null}] size=2
  s6:  RUNNING [
   FOLLOWER (STARTING): s6@group-FC0409821AE5:t0, leader=null, voted=, raftlog=Memoized:s6@group-FC0409821AE5-SegmentedRaftLog:OPENED:c-1:lastnull, conf=conf: {index: -1, cur=peers:[]|listeners:[], old=null}
   FOLLOWER (STARTING): s6@group-26DAA163C1DE:t0, leader=null, voted=, raftlog=Memoized:s6@group-26DAA163C1DE-SegmentedRaftLog:OPENED:c-1:lastnull, conf=conf: {index: -1, cur=peers:[]|listeners:[], old=null}] size=2
  s0:  RUNNING [
   FOLLOWER (STARTING): s0@group-FC0409821AE5:t0, leader=null, voted=, raftlog=Memoized:s0@group-FC0409821AE5-SegmentedRaftLog:OPENED:c-1:lastnull, conf=conf: {index: -1, cur=peers:[]|listeners:[], old=null}
   FOLLOWER (STARTING): s0@group-26DAA163C1DE:t0, leader=null, voted=, raftlog=Memoized:s0@group-26DAA163C1DE-SegmentedRaftLog:OPENED:c-1:lastnull, conf=conf: {index: -1, cur=peers:[]|listeners:[], old=null}] size=2
  s1:  RUNNING [
   FOLLOWER (RUNNING): s1@group-FC0409821AE5:t1, leader=s5, voted=s5, raftlog=Memoized:s1@group-FC0409821AE5-SegmentedRaftLog:OPENED:c0:last(t:1, i:0), conf=conf: {index: 0, cur=peers:[s3|, s4|, s5|, s1|, s2|]|listeners:[], old=null}
   FOLLOWER (STARTING): s1@group-26DAA163C1DE:t0, leader=null, voted=, raftlog=Memoized:s1@group-26DAA163C1DE-SegmentedRaftLog:OPENED:c-1:lastnull, conf=conf: {index: -1, cur=peers:[]|listeners:[], old=null}] size=2
  s2:  RUNNING [
   FOLLOWER (RUNNING): s2@group-FC0409821AE5:t1, leader=s5, voted=s5, raftlog=Memoized:s2@group-FC0409821AE5-SegmentedRaftLog:OPENED:c0:last(t:1, i:0), conf=conf: {index: 0, cur=peers:[s3|, s4|, s5|, s1|, s2|]|listeners:[], old=null}
   FOLLOWER (STARTING): s2@group-26DAA163C1DE:t0, leader=null, voted=, raftlog=Memoized:s2@group-26DAA163C1DE-SegmentedRaftLog:OPENED:c-1:lastnull, conf=conf: {index: -1, cur=peers:[]|listeners:[], old=null}] size=2
2025-10-10 11:53:08,223 [main] DEBUG client.RaftClient (RaftClientImpl.java:newRequest(95)) - attempt #1, newRequest SetConfigurationRequest:client-3B6D7C0511AE->s3@group-FC0409821AE5, cid=201, seq=null, RW, null, SET_UNCONDITIONALLY, servers:[s3, s4, s5, s6, s0, s1, s2], listeners:[]
2025-10-10 11:53:08,224 [s3-server-thread1] INFO  server.RaftServer$Division (RaftServerImpl.java:setConfigurationAsync(1323)) - s3@group-FC0409821AE5: receive setConfiguration SetConfigurationRequest:client-3B6D7C0511AE->s3@group-FC0409821AE5, cid=201, seq=null, RW, null, SET_UNCONDITIONALLY, servers:[s3, s4, s5, s6, s0, s1, s2], listeners:[]
2025-10-10 11:53:08,224 [main] DEBUG client.RaftClient (RaftClientImpl.java:handleIOException(418)) - client-3B6D7C0511AE: suggested new leader: s5. Failed SetConfigurationRequest:client-3B6D7C0511AE->s3@group-FC0409821AE5, cid=201, seq=null, RW, null, SET_UNCONDITIONALLY, servers:[s3, s4, s5, s6, s0, s1, s2], listeners:[]
org.apache.ratis.protocol.exceptions.NotLeaderException: Server s3@group-FC0409821AE5 is not the leader, suggested leader is: s5|
	at org.apache.ratis.server.impl.RaftServerImpl.generateNotLeaderException(RaftServerImpl.java:804)
	at org.apache.ratis.server.impl.RaftServerImpl.checkLeaderState(RaftServerImpl.java:769)
	at org.apache.ratis.server.impl.RaftServerImpl.checkLeaderState(RaftServerImpl.java:761)
	at org.apache.ratis.server.impl.RaftServerImpl.setConfigurationAsync(RaftServerImpl.java:1327)
	at org.apache.ratis.server.impl.RaftServerProxy.lambda$null$24(RaftServerProxy.java:631)
	at org.apache.ratis.util.JavaUtils.callAsUnchecked(JavaUtils.java:118)
	at org.apache.ratis.server.impl.RaftServerImpl.lambda$executeSubmitServerRequestAsync$10(RaftServerImpl.java:926)
	at java.util.concurrent.CompletableFuture$AsyncSupply.run(CompletableFuture.java:1604)
	at java.util.concurrent.ThreadPoolExecutor.runWorker(ThreadPoolExecutor.java:1149)
	at java.util.concurrent.ThreadPoolExecutor$Worker.run(ThreadPoolExecutor.java:624)
	at java.lang.Thread.run(Thread.java:750)
2025-10-10 11:53:08,225 [main] DEBUG client.RaftClient (RaftClientImpl.java:handleIOException(436)) - client-3B6D7C0511AE: oldLeader=s3,  curLeader=s3, newLeader=s5
2025-10-10 11:53:08,225 [main] DEBUG client.RaftClient (RaftClientImpl.java:handleIOException(442)) - client-3B6D7C0511AE changes Leader from s3 to s5 for group-FC0409821AE5
org.apache.ratis.protocol.exceptions.NotLeaderException: Server s3@group-FC0409821AE5 is not the leader, suggested leader is: s5|
	at org.apache.ratis.server.impl.RaftServerImpl.generateNotLeaderException(RaftServerImpl.java:804)
	at org.apache.ratis.server.impl.RaftServerImpl.checkLeaderState(RaftServerImpl.java:769)
	at org.apache.ratis.server.impl.RaftServerImpl.checkLeaderState(RaftServerImpl.java:761)
	at org.apache.ratis.server.impl.RaftServerImpl.setConfigurationAsync(RaftServerImpl.java:1327)
	at org.apache.ratis.server.impl.RaftServerProxy.lambda$null$24(RaftServerProxy.java:631)
	at org.apache.ratis.util.JavaUtils.callAsUnchecked(JavaUtils.java:118)
	at org.apache.ratis.server.impl.RaftServerImpl.lambda$executeSubmitServerRequestAsync$10(RaftServerImpl.java:926)
	at java.util.concurrent.CompletableFuture$AsyncSupply.run(CompletableFuture.java:1604)
	at java.util.concurrent.ThreadPoolExecutor.runWorker(ThreadPoolExecutor.java:1149)
	at java.util.concurrent.ThreadPoolExecutor$Worker.run(ThreadPoolExecutor.java:624)
	at java.lang.Thread.run(Thread.java:750)
2025-10-10 11:53:08,325 [main] DEBUG client.RaftClient (RaftClientImpl.java:newRequest(95)) - attempt #2, newRequest SetConfigurationRequest:client-3B6D7C0511AE->s5@group-FC0409821AE5, cid=201, seq=null, RW, null, SET_UNCONDITIONALLY, servers:[s3, s4, s5, s6, s0, s1, s2], listeners:[]
2025-10-10 11:53:08,326 [s5-server-thread1] INFO  server.RaftServer$Division (RaftServerImpl.java:setConfigurationAsync(1323)) - s5@group-FC0409821AE5: receive setConfiguration SetConfigurationRequest:client-3B6D7C0511AE->s5@group-FC0409821AE5, cid=201, seq=null, RW, null, SET_UNCONDITIONALLY, servers:[s3, s4, s5, s6, s0, s1, s2], listeners:[]
2025-10-10 11:53:08,326 [s5-server-thread1] INFO  server.RaftServer$Division (LeaderStateImpl.java:startSetConfiguration(483)) - s5@group-FC0409821AE5-LeaderStateImpl: startSetConfiguration SetConfigurationRequest:client-3B6D7C0511AE->s5@group-FC0409821AE5, cid=201, seq=null, RW, null, SET_UNCONDITIONALLY, servers:[s3, s4, s5, s6, s0, s1, s2], listeners:[]
2025-10-10 11:53:08,327 [s5@group-FC0409821AE5->s6-LogAppenderDefault-LogAppenderDaemon] INFO  leader.FollowerInfo (FollowerInfoImpl.java:setAttemptedToInstallSnapshot(154)) - Follower s5@group-FC0409821AE5->s6 acknowledged installing snapshot
2025-10-10 11:53:08,327 [s5@group-FC0409821AE5->s0-LogAppenderDefault-LogAppenderDaemon] INFO  leader.FollowerInfo (FollowerInfoImpl.java:setAttemptedToInstallSnapshot(154)) - Follower s5@group-FC0409821AE5->s0 acknowledged installing snapshot
2025-10-10 11:53:08,328 [HandlerDaemon-0] TRACE util.FileUtils (LogUtils.java:supplyAndLog(69)) - Successfully supplied FileChannel.open /home/runner/work/ratis/ratis/ratis-test/target/test/data/319b119c/MiniRaftClusterWithSimulatedRpc70f26566/s0/3dee10e3-d8b2-4ffe-9807-fc0409821ae5/current/raft-meta.tmp with options [CREATE, TRUNCATE_EXISTING, WRITE]: sun.nio.ch.FileChannelImpl@131ff164
2025-10-10 11:53:08,328 [HandlerDaemon-0] TRACE util.FileUtils (LogUtils.java:supplyAndLog(69)) - Successfully supplied FileChannel.open /home/runner/work/ratis/ratis/ratis-test/target/test/data/319b119c/MiniRaftClusterWithSimulatedRpc70f26566/s6/3dee10e3-d8b2-4ffe-9807-fc0409821ae5/current/raft-meta.tmp with options [CREATE, TRUNCATE_EXISTING, WRITE]: sun.nio.ch.FileChannelImpl@41987e68
2025-10-10 11:53:08,329 [HandlerDaemon-0] TRACE util.FileUtils (LogUtils.java:runAndLog(49)) - Successfully ran Atomic Files.move /home/runner/work/ratis/ratis/ratis-test/target/test/data/319b119c/MiniRaftClusterWithSimulatedRpc70f26566/s6/3dee10e3-d8b2-4ffe-9807-fc0409821ae5/current/raft-meta.tmp to /home/runner/work/ratis/ratis/ratis-test/target/test/data/319b119c/MiniRaftClusterWithSimulatedRpc70f26566/s6/3dee10e3-d8b2-4ffe-9807-fc0409821ae5/current/raft-meta with options [REPLACE_EXISTING]
2025-10-10 11:53:08,329 [HandlerDaemon-0] INFO  server.RaftServer$Division (RaftServerImpl.java:setFirstElection(577)) - s6@group-FC0409821AE5: set firstElectionSinceStartup to false for APPEND_ENTRIES
2025-10-10 11:53:08,329 [HandlerDaemon-0] INFO  server.RaftServer$Division (ServerState.java:setLeader(278)) - s6@group-FC0409821AE5: change Leader from null to s5 at term 1 for APPEND_ENTRIES, leader elected after 113ms
2025-10-10 11:53:08,329 [HandlerDaemon-0] TRACE util.FileUtils (LogUtils.java:runAndLog(49)) - Successfully ran Atomic Files.move /home/runner/work/ratis/ratis/ratis-test/target/test/data/319b119c/MiniRaftClusterWithSimulatedRpc70f26566/s0/3dee10e3-d8b2-4ffe-9807-fc0409821ae5/current/raft-meta.tmp to /home/runner/work/ratis/ratis/ratis-test/target/test/data/319b119c/MiniRaftClusterWithSimulatedRpc70f26566/s0/3dee10e3-d8b2-4ffe-9807-fc0409821ae5/current/raft-meta with options [REPLACE_EXISTING]
2025-10-10 11:53:08,329 [HandlerDaemon-0] INFO  server.RaftServer$Division (RaftServerImpl.java:setFirstElection(577)) - s0@group-FC0409821AE5: set firstElectionSinceStartup to false for APPEND_ENTRIES
2025-10-10 11:53:08,329 [HandlerDaemon-0] INFO  server.RaftServer$Division (ServerState.java:setLeader(278)) - s0@group-FC0409821AE5: change Leader from null to s5 at term 1 for APPEND_ENTRIES, leader elected after 123ms
2025-10-10 11:53:08,337 [HandlerDaemon-1] DEBUG server.RaftServer$Division (RaftServerImpl.java:logAppendEntries(1537)) - s6@group-FC0409821AE5: appendEntries* s5->s6#206-t1,previous=<PROTO_DEFAULT>,leaderCommit=0,initializing? true,entries: size=1, first=(t:1, i:0), CONFIGURATIONENTRY(current:id:"s3"startupRole:FOLLOWER, id:"s4"startupRole:FOLLOWER, id:"s5"startupRole:FOLLOWER, id:"s1"startupRole:FOLLOWER, id:"s2"startupRole:FOLLOWER, old:)
2025-10-10 11:53:08,337 [HandlerDaemon-1] DEBUG server.RaftServer$Division (RaftServerImpl.java:logAppendEntries(1537)) - s0@group-FC0409821AE5: appendEntries* s5->s0#207-t1,previous=<PROTO_DEFAULT>,leaderCommit=0,initializing? true,entries: size=1, first=(t:1, i:0), CONFIGURATIONENTRY(current:id:"s3"startupRole:FOLLOWER, id:"s4"startupRole:FOLLOWER, id:"s5"startupRole:FOLLOWER, id:"s1"startupRole:FOLLOWER, id:"s2"startupRole:FOLLOWER, old:)
2025-10-10 11:53:08,338 [HandlerDaemon-1] INFO  server.RaftServer$Division (ServerState.java:setRaftConf(392)) - s6@group-FC0409821AE5: set configuration conf: {index: 0, cur=peers:[s3|, s4|, s5|, s1|, s2|]|listeners:[], old=null}
2025-10-10 11:53:08,338 [HandlerDaemon-1] INFO  server.RaftServer$Division (ServerState.java:setRaftConf(392)) - s0@group-FC0409821AE5: set configuration conf: {index: 0, cur=peers:[s3|, s4|, s5|, s1|, s2|]|listeners:[], old=null}
2025-10-10 11:53:08,338 [s6-server-thread1] INFO  segmented.SegmentedRaftLogWorker (SegmentedRaftLogWorker.java:startLogSegment(440)) - s6@group-FC0409821AE5-SegmentedRaftLogWorker: Starting segment from index:0
2025-10-10 11:53:08,338 [s0-server-thread1] INFO  segmented.SegmentedRaftLogWorker (SegmentedRaftLogWorker.java:startLogSegment(440)) - s0@group-FC0409821AE5-SegmentedRaftLogWorker: Starting segment from index:0
2025-10-10 11:53:08,338 [s6@group-FC0409821AE5-SegmentedRaftLogWorker] INFO  segmented.BufferedWriteChannel (BufferedWriteChannel.java:open(61)) - open log_inprogress_0 at position 0
2025-10-10 11:53:08,339 [s0@group-FC0409821AE5-SegmentedRaftLogWorker] INFO  segmented.BufferedWriteChannel (BufferedWriteChannel.java:open(61)) - open log_inprogress_0 at position 0
2025-10-10 11:53:08,344 [s0@group-FC0409821AE5-SegmentedRaftLogWorker] INFO  segmented.SegmentedRaftLogWorker (SegmentedRaftLogWorker.java:execute(647)) - s0@group-FC0409821AE5-SegmentedRaftLogWorker: created new log segment /home/runner/work/ratis/ratis/ratis-test/target/test/data/319b119c/MiniRaftClusterWithSimulatedRpc70f26566/s0/3dee10e3-d8b2-4ffe-9807-fc0409821ae5/current/log_inprogress_0
2025-10-10 11:53:08,345 [s6@group-FC0409821AE5-SegmentedRaftLogWorker] INFO  segmented.SegmentedRaftLogWorker (SegmentedRaftLogWorker.java:execute(647)) - s6@group-FC0409821AE5-SegmentedRaftLogWorker: created new log segment /home/runner/work/ratis/ratis/ratis-test/target/test/data/319b119c/MiniRaftClusterWithSimulatedRpc70f26566/s6/3dee10e3-d8b2-4ffe-9807-fc0409821ae5/current/log_inprogress_0
2025-10-10 11:53:08,345 [s0-server-thread1] DEBUG server.RaftServer$Division (RaftServerImpl.java:logAppendEntries(1537)) - s0@group-FC0409821AE5: appendEntries* reply s5<-s0#207:OK-t1,SUCCESS,nextIndex=1,followerCommit=0,matchIndex=0
2025-10-10 11:53:08,345 [s0@group-FC0409821AE5-StateMachineUpdater] TRACE util.FileUtils (LogUtils.java:supplyAndLog(69)) - Successfully supplied FileChannel.open /home/runner/work/ratis/ratis/ratis-test/target/test/data/319b119c/MiniRaftClusterWithSimulatedRpc70f26566/s0/3dee10e3-d8b2-4ffe-9807-fc0409821ae5/current/raft-meta.conf.tmp with options [CREATE, TRUNCATE_EXISTING, WRITE]: sun.nio.ch.FileChannelImpl@3d79119a
2025-10-10 11:53:08,346 [s6-server-thread1] DEBUG server.RaftServer$Division (RaftServerImpl.java:logAppendEntries(1537)) - s6@group-FC0409821AE5: appendEntries* reply s5<-s6#206:OK-t1,SUCCESS,nextIndex=1,followerCommit=0,matchIndex=0
2025-10-10 11:53:08,346 [s0@group-FC0409821AE5-StateMachineUpdater] TRACE util.FileUtils (LogUtils.java:runAndLog(49)) - Successfully ran Atomic Files.move /home/runner/work/ratis/ratis/ratis-test/target/test/data/319b119c/MiniRaftClusterWithSimulatedRpc70f26566/s0/3dee10e3-d8b2-4ffe-9807-fc0409821ae5/current/raft-meta.conf.tmp to /home/runner/work/ratis/ratis/ratis-test/target/test/data/319b119c/MiniRaftClusterWithSimulatedRpc70f26566/s0/3dee10e3-d8b2-4ffe-9807-fc0409821ae5/current/raft-meta.conf with options [REPLACE_EXISTING]
2025-10-10 11:53:08,346 [s6@group-FC0409821AE5-StateMachineUpdater] TRACE util.FileUtils (LogUtils.java:supplyAndLog(69)) - Successfully supplied FileChannel.open /home/runner/work/ratis/ratis/ratis-test/target/test/data/319b119c/MiniRaftClusterWithSimulatedRpc70f26566/s6/3dee10e3-d8b2-4ffe-9807-fc0409821ae5/current/raft-meta.conf.tmp with options [CREATE, TRUNCATE_EXISTING, WRITE]: sun.nio.ch.FileChannelImpl@58b0027c
2025-10-10 11:53:08,347 [s5@group-FC0409821AE5-LeaderStateImpl] INFO  server.RaftServer$Division (ServerState.java:setRaftConf(392)) - s5@group-FC0409821AE5: set configuration conf: {index: 1, cur=peers:[s3, s4, s5, s6, s0, s1, s2]|listeners:[], old=peers:[s3, s4, s5, s1, s2]|listeners:[]}
2025-10-10 11:53:08,347 [s6@group-FC0409821AE5-StateMachineUpdater] TRACE util.FileUtils (LogUtils.java:runAndLog(49)) - Successfully ran Atomic Files.move /home/runner/work/ratis/ratis/ratis-test/target/test/data/319b119c/MiniRaftClusterWithSimulatedRpc70f26566/s6/3dee10e3-d8b2-4ffe-9807-fc0409821ae5/current/raft-meta.conf.tmp to /home/runner/work/ratis/ratis/ratis-test/target/test/data/319b119c/MiniRaftClusterWithSimulatedRpc70f26566/s6/3dee10e3-d8b2-4ffe-9807-fc0409821ae5/current/raft-meta.conf with options [REPLACE_EXISTING]
2025-10-10 11:53:08,349 [HandlerDaemon-2] DEBUG server.RaftServer$Division (RaftServerImpl.java:logAppendEntries(1537)) - s1@group-FC0409821AE5: appendEntries* s5->s1#210-t1,previous=(t:1, i:0),leaderCommit=0,initializing? false,entries: size=1, first=(t:1, i:1), CONFIGURATIONENTRY(current:id:"s3"startupRole:FOLLOWER, id:"s4"startupRole:FOLLOWER, id:"s5"startupRole:FOLLOWER, id:"s6"startupRole:FOLLOWER, id:"s0"startupRole:FOLLOWER, id:"s1"startupRole:FOLLOWER, id:"s2"startupRole:FOLLOWER, old:id:"s3"startupRole:FOLLOWER, id:"s4"startupRole:FOLLOWER, id:"s5"startupRole:FOLLOWER, id:"s1"startupRole:FOLLOWER, id:"s2"startupRole:FOLLOWER)
2025-10-10 11:53:08,349 [HandlerDaemon-2] DEBUG server.RaftServer$Division (RaftServerImpl.java:logAppendEntries(1537)) - s4@group-FC0409821AE5: appendEntries* s5->s4#213-t1,previous=(t:1, i:0),leaderCommit=0,initializing? false,entries: size=1, first=(t:1, i:1), CONFIGURATIONENTRY(current:id:"s3"startupRole:FOLLOWER, id:"s4"startupRole:FOLLOWER, id:"s5"startupRole:FOLLOWER, id:"s6"startupRole:FOLLOWER, id:"s0"startupRole:FOLLOWER, id:"s1"startupRole:FOLLOWER, id:"s2"startupRole:FOLLOWER, old:id:"s3"startupRole:FOLLOWER, id:"s4"startupRole:FOLLOWER, id:"s5"startupRole:FOLLOWER, id:"s1"startupRole:FOLLOWER, id:"s2"startupRole:FOLLOWER)
2025-10-10 11:53:08,350 [HandlerDaemon-2] INFO  server.RaftServer$Division (ServerState.java:setRaftConf(392)) - s4@group-FC0409821AE5: set configuration conf: {index: 1, cur=peers:[s3|, s4|, s5|, s6|, s0|, s1|, s2|]|listeners:[], old=peers:[s3|, s4|, s5|, s1|, s2|]|listeners:[]}
2025-10-10 11:53:08,350 [HandlerDaemon-2] DEBUG server.RaftServer$Division (RaftServerImpl.java:logAppendEntries(1537)) - s2@group-FC0409821AE5: appendEntries* s5->s2#211-t1,previous=(t:1, i:0),leaderCommit=0,initializing? false,entries: size=1, first=(t:1, i:1), CONFIGURATIONENTRY(current:id:"s3"startupRole:FOLLOWER, id:"s4"startupRole:FOLLOWER, id:"s5"startupRole:FOLLOWER, id:"s6"startupRole:FOLLOWER, id:"s0"startupRole:FOLLOWER, id:"s1"startupRole:FOLLOWER, id:"s2"startupRole:FOLLOWER, old:id:"s3"startupRole:FOLLOWER, id:"s4"startupRole:FOLLOWER, id:"s5"startupRole:FOLLOWER, id:"s1"startupRole:FOLLOWER, id:"s2"startupRole:FOLLOWER)
2025-10-10 11:53:08,351 [HandlerDaemon-2] DEBUG server.RaftServer$Division (RaftServerImpl.java:logAppendEntries(1537)) - s0@group-FC0409821AE5: appendEntries* s5->s0#208-t1,previous=(t:1, i:0),leaderCommit=0,initializing? true,entries: size=1, first=(t:1, i:1), CONFIGURATIONENTRY(current:id:"s3"startupRole:FOLLOWER, id:"s4"startupRole:FOLLOWER, id:"s5"startupRole:FOLLOWER, id:"s6"startupRole:FOLLOWER, id:"s0"startupRole:FOLLOWER, id:"s1"startupRole:FOLLOWER, id:"s2"startupRole:FOLLOWER, old:id:"s3"startupRole:FOLLOWER, id:"s4"startupRole:FOLLOWER, id:"s5"startupRole:FOLLOWER, id:"s1"startupRole:FOLLOWER, id:"s2"startupRole:FOLLOWER)
2025-10-10 11:53:08,351 [HandlerDaemon-2] INFO  server.RaftServer$Division (ServerState.java:setRaftConf(392)) - s2@group-FC0409821AE5: set configuration conf: {index: 1, cur=peers:[s3|, s4|, s5|, s6|, s0|, s1|, s2|]|listeners:[], old=peers:[s3|, s4|, s5|, s1|, s2|]|listeners:[]}
2025-10-10 11:53:08,349 [HandlerDaemon-2] DEBUG server.RaftServer$Division (RaftServerImpl.java:logAppendEntries(1537)) - s6@group-FC0409821AE5: appendEntries* s5->s6#212-t1,previous=(t:1, i:0),leaderCommit=0,initializing? true,entries: size=1, first=(t:1, i:1), CONFIGURATIONENTRY(current:id:"s3"startupRole:FOLLOWER, id:"s4"startupRole:FOLLOWER, id:"s5"startupRole:FOLLOWER, id:"s6"startupRole:FOLLOWER, id:"s0"startupRole:FOLLOWER, id:"s1"startupRole:FOLLOWER, id:"s2"startupRole:FOLLOWER, old:id:"s3"startupRole:FOLLOWER, id:"s4"startupRole:FOLLOWER, id:"s5"startupRole:FOLLOWER, id:"s1"startupRole:FOLLOWER, id:"s2"startupRole:FOLLOWER)
2025-10-10 11:53:08,351 [HandlerDaemon-2] INFO  server.RaftServer$Division (ServerState.java:setRaftConf(392)) - s6@group-FC0409821AE5: set configuration conf: {index: 1, cur=peers:[s3|, s4|, s5|, s6|, s0|, s1|, s2|]|listeners:[], old=peers:[s3|, s4|, s5|, s1|, s2|]|listeners:[]}
2025-10-10 11:53:08,351 [s4-server-thread1] DEBUG server.RaftServer$Division (RaftServerImpl.java:logAppendEntries(1537)) - s4@group-FC0409821AE5: appendEntries* reply s5<-s4#213:OK-t1,SUCCESS,nextIndex=2,followerCommit=0,matchIndex=1
2025-10-10 11:53:08,351 [HandlerDaemon-2] INFO  server.RaftServer$Division (ServerState.java:setRaftConf(392)) - s0@group-FC0409821AE5: set configuration conf: {index: 1, cur=peers:[s3|, s4|, s5|, s6|, s0|, s1|, s2|]|listeners:[], old=peers:[s3|, s4|, s5|, s1|, s2|]|listeners:[]}
2025-10-10 11:53:08,351 [HandlerDaemon-2] DEBUG server.RaftServer$Division (RaftServerImpl.java:logAppendEntries(1537)) - s3@group-FC0409821AE5: appendEntries* s5->s3#209-t1,previous=(t:1, i:0),leaderCommit=0,initializing? false,entries: size=1, first=(t:1, i:1), CONFIGURATIONENTRY(current:id:"s3"startupRole:FOLLOWER, id:"s4"startupRole:FOLLOWER, id:"s5"startupRole:FOLLOWER, id:"s6"startupRole:FOLLOWER, id:"s0"startupRole:FOLLOWER, id:"s1"startupRole:FOLLOWER, id:"s2"startupRole:FOLLOWER, old:id:"s3"startupRole:FOLLOWER, id:"s4"startupRole:FOLLOWER, id:"s5"startupRole:FOLLOWER, id:"s1"startupRole:FOLLOWER, id:"s2"startupRole:FOLLOWER)
2025-10-10 11:53:08,352 [HandlerDaemon-2] INFO  server.RaftServer$Division (ServerState.java:setRaftConf(392)) - s3@group-FC0409821AE5: set configuration conf: {index: 1, cur=peers:[s3|, s4|, s5|, s6|, s0|, s1|, s2|]|listeners:[], old=peers:[s3|, s4|, s5|, s1|, s2|]|listeners:[]}
2025-10-10 11:53:08,349 [HandlerDaemon-2] INFO  server.RaftServer$Division (ServerState.java:setRaftConf(392)) - s1@group-FC0409821AE5: set configuration conf: {index: 1, cur=peers:[s3|, s4|, s5|, s6|, s0|, s1|, s2|]|listeners:[], old=peers:[s3|, s4|, s5|, s1|, s2|]|listeners:[]}
2025-10-10 11:53:08,353 [s2-server-thread1] DEBUG server.RaftServer$Division (RaftServerImpl.java:logAppendEntries(1537)) - s2@group-FC0409821AE5: appendEntries* reply s5<-s2#211:OK-t1,SUCCESS,nextIndex=2,followerCommit=0,matchIndex=1
2025-10-10 11:53:08,352 [s6-server-thread1] DEBUG server.RaftServer$Division (RaftServerImpl.java:logAppendEntries(1537)) - s6@group-FC0409821AE5: appendEntries* reply s5<-s6#212:OK-t1,SUCCESS,nextIndex=2,followerCommit=0,matchIndex=1
2025-10-10 11:53:08,352 [s0-server-thread1] DEBUG server.RaftServer$Division (RaftServerImpl.java:logAppendEntries(1537)) - s0@group-FC0409821AE5: appendEntries* reply s5<-s0#208:OK-t1,SUCCESS,nextIndex=2,followerCommit=0,matchIndex=1
2025-10-10 11:53:08,353 [s1-server-thread1] DEBUG server.RaftServer$Division (RaftServerImpl.java:logAppendEntries(1537)) - s1@group-FC0409821AE5: appendEntries* reply s5<-s1#210:OK-t1,SUCCESS,nextIndex=2,followerCommit=0,matchIndex=1
2025-10-10 11:53:08,354 [s5@group-FC0409821AE5-StateMachineUpdater] TRACE util.FileUtils (LogUtils.java:supplyAndLog(69)) - Successfully supplied FileChannel.open /home/runner/work/ratis/ratis/ratis-test/target/test/data/319b119c/MiniRaftClusterWithSimulatedRpc70f26566/s5/3dee10e3-d8b2-4ffe-9807-fc0409821ae5/current/raft-meta.conf.tmp with options [CREATE, TRUNCATE_EXISTING, WRITE]: sun.nio.ch.FileChannelImpl@4f4dea63
2025-10-10 11:53:08,354 [s3-server-thread1] DEBUG server.RaftServer$Division (RaftServerImpl.java:logAppendEntries(1537)) - s3@group-FC0409821AE5: appendEntries* reply s5<-s3#209:OK-t1,SUCCESS,nextIndex=2,followerCommit=0,matchIndex=1
2025-10-10 11:53:08,354 [HandlerDaemon-0] DEBUG server.RaftServer$Division (RaftServerImpl.java:logAppendEntries(1537)) - s0@group-FC0409821AE5: appendEntries* s5->s0#214-t1,previous=(t:1, i:1),leaderCommit=1,initializing? false,entries: size=1, first=(t:1, i:2), METADATAENTRY(c:1)
2025-10-10 11:53:08,355 [HandlerDaemon-0] DEBUG server.RaftServer$Division (RaftServerImpl.java:logAppendEntries(1537)) - s2@group-FC0409821AE5: appendEntries* s5->s2#215-t1,previous=(t:1, i:1),leaderCommit=1,initializing? false,entries: size=1, first=(t:1, i:2), METADATAENTRY(c:1)
2025-10-10 11:53:08,355 [HandlerDaemon-0] INFO  impl.RoleInfo (RoleInfo.java:updateAndGet(148)) - s0: start s0@group-FC0409821AE5-FollowerState
2025-10-10 11:53:08,355 [HandlerDaemon-0] DEBUG server.RaftServer$Division (RaftServerImpl.java:logAppendEntries(1537)) - s6@group-FC0409821AE5: appendEntries* s5->s6#216-t1,previous=(t:1, i:1),leaderCommit=1,initializing? false,entries: size=1, first=(t:1, i:2), METADATAENTRY(c:1)
2025-10-10 11:53:08,355 [HandlerDaemon-0] INFO  impl.RoleInfo (RoleInfo.java:updateAndGet(148)) - s6: start s6@group-FC0409821AE5-FollowerState
2025-10-10 11:53:08,356 [HandlerDaemon-0] DEBUG server.RaftServer$Division (RaftServerImpl.java:logAppendEntries(1537)) - s4@group-FC0409821AE5: appendEntries* s5->s4#217-t1,previous=(t:1, i:1),leaderCommit=1,initializing? false,entries: size=2, first=(t:1, i:2), METADATAENTRY(c:1)
2025-10-10 11:53:08,356 [s5@group-FC0409821AE5-StateMachineUpdater] TRACE util.FileUtils (LogUtils.java:runAndLog(49)) - Successfully ran Atomic Files.move /home/runner/work/ratis/ratis/ratis-test/target/test/data/319b119c/MiniRaftClusterWithSimulatedRpc70f26566/s5/3dee10e3-d8b2-4ffe-9807-fc0409821ae5/current/raft-meta.conf.tmp to /home/runner/work/ratis/ratis/ratis-test/target/test/data/319b119c/MiniRaftClusterWithSimulatedRpc70f26566/s5/3dee10e3-d8b2-4ffe-9807-fc0409821ae5/current/raft-meta.conf with options [REPLACE_EXISTING]
2025-10-10 11:53:08,356 [HandlerDaemon-0] INFO  server.RaftServer$Division (ServerState.java:setRaftConf(392)) - s4@group-FC0409821AE5: set configuration conf: {index: 3, cur=peers:[s3|, s4|, s5|, s6|, s0|, s1|, s2|]|listeners:[], old=null}
2025-10-10 11:53:08,355 [s5@group-FC0409821AE5-LeaderStateImpl] INFO  server.RaftServer$Division (ServerState.java:setRaftConf(392)) - s5@group-FC0409821AE5: set configuration conf: {index: 3, cur=peers:[s3, s4, s5, s6, s0, s1, s2]|listeners:[], old=null}
2025-10-10 11:53:08,356 [HandlerDaemon-0] DEBUG server.RaftServer$Division (RaftServerImpl.java:logAppendEntries(1537)) - s1@group-FC0409821AE5: appendEntries* s5->s1#218-t1,previous=(t:1, i:1),leaderCommit=1,initializing? false,entries: size=2, first=(t:1, i:2), METADATAENTRY(c:1)
2025-10-10 11:53:08,356 [HandlerDaemon-0] INFO  server.RaftServer$Division (ServerState.java:setRaftConf(392)) - s1@group-FC0409821AE5: set configuration conf: {index: 3, cur=peers:[s3|, s4|, s5|, s6|, s0|, s1|, s2|]|listeners:[], old=null}
2025-10-10 11:53:08,357 [s0-server-thread1] DEBUG server.RaftServer$Division (RaftServerImpl.java:logAppendEntries(1537)) - s0@group-FC0409821AE5: appendEntries* reply s5<-s0#214:OK-t1,SUCCESS,nextIndex=3,followerCommit=1,matchIndex=2
2025-10-10 11:53:08,358 [s0@group-FC0409821AE5-StateMachineUpdater] TRACE util.FileUtils (LogUtils.java:supplyAndLog(69)) - Successfully supplied FileChannel.open /home/runner/work/ratis/ratis/ratis-test/target/test/data/319b119c/MiniRaftClusterWithSimulatedRpc70f26566/s0/3dee10e3-d8b2-4ffe-9807-fc0409821ae5/current/raft-meta.conf.tmp with options [CREATE, TRUNCATE_EXISTING, WRITE]: sun.nio.ch.FileChannelImpl@33bef845
2025-10-10 11:53:08,358 [s4-server-thread1] DEBUG server.RaftServer$Division (RaftServerImpl.java:logAppendEntries(1537)) - s4@group-FC0409821AE5: appendEntries* reply s5<-s4#217:OK-t1,SUCCESS,nextIndex=4,followerCommit=1,matchIndex=3
2025-10-10 11:53:08,358 [HandlerDaemon-0] DEBUG server.RaftServer$Division (RaftServerImpl.java:logAppendEntries(1537)) - s3@group-FC0409821AE5: appendEntries* s5->s3#219-t1,previous=(t:1, i:1),leaderCommit=1,initializing? false,entries: size=2, first=(t:1, i:2), METADATAENTRY(c:1)
2025-10-10 11:53:08,359 [HandlerDaemon-0] INFO  server.RaftServer$Division (ServerState.java:setRaftConf(392)) - s3@group-FC0409821AE5: set configuration conf: {index: 3, cur=peers:[s3|, s4|, s5|, s6|, s0|, s1|, s2|]|listeners:[], old=null}
2025-10-10 11:53:08,359 [s1-server-thread1] DEBUG server.RaftServer$Division (RaftServerImpl.java:logAppendEntries(1537)) - s1@group-FC0409821AE5: appendEntries* reply s5<-s1#218:OK-t1,SUCCESS,nextIndex=4,followerCommit=1,matchIndex=3
2025-10-10 11:53:08,360 [HandlerDaemon-1] DEBUG server.RaftServer$Division (RaftServerImpl.java:logAppendEntries(1537)) - s0@group-FC0409821AE5: appendEntries* s5->s0#220-t1,previous=(t:1, i:2),leaderCommit=1,initializing? false,entries: size=1, first=(t:1, i:3), CONFIGURATIONENTRY(current:id:"s3"startupRole:FOLLOWER, id:"s4"startupRole:FOLLOWER, id:"s5"startupRole:FOLLOWER, id:"s6"startupRole:FOLLOWER, id:"s0"startupRole:FOLLOWER, id:"s1"startupRole:FOLLOWER, id:"s2"startupRole:FOLLOWER, old:)
2025-10-10 11:53:08,360 [s3-server-thread1] DEBUG server.RaftServer$Division (RaftServerImpl.java:logAppendEntries(1537)) - s3@group-FC0409821AE5: appendEntries* reply s5<-s3#219:OK-t1,SUCCESS,nextIndex=4,followerCommit=1,matchIndex=3
2025-10-10 11:53:08,358 [s4@group-FC0409821AE5-StateMachineUpdater] TRACE util.FileUtils (LogUtils.java:supplyAndLog(69)) - Successfully supplied FileChannel.open /home/runner/work/ratis/ratis/ratis-test/target/test/data/319b119c/MiniRaftClusterWithSimulatedRpc70f26566/s4/3dee10e3-d8b2-4ffe-9807-fc0409821ae5/current/raft-meta.conf.tmp with options [CREATE, TRUNCATE_EXISTING, WRITE]: sun.nio.ch.FileChannelImpl@5a82a810
2025-10-10 11:53:08,360 [s3@group-FC0409821AE5-StateMachineUpdater] TRACE util.FileUtils (LogUtils.java:supplyAndLog(69)) - Successfully supplied FileChannel.open /home/runner/work/ratis/ratis/ratis-test/target/test/data/319b119c/MiniRaftClusterWithSimulatedRpc70f26566/s3/3dee10e3-d8b2-4ffe-9807-fc0409821ae5/current/raft-meta.conf.tmp with options [CREATE, TRUNCATE_EXISTING, WRITE]: sun.nio.ch.FileChannelImpl@1b4d2d3f
2025-10-10 11:53:08,360 [s1@group-FC0409821AE5-StateMachineUpdater] TRACE util.FileUtils (LogUtils.java:supplyAndLog(69)) - Successfully supplied FileChannel.open /home/runner/work/ratis/ratis/ratis-test/target/test/data/319b119c/MiniRaftClusterWithSimulatedRpc70f26566/s1/3dee10e3-d8b2-4ffe-9807-fc0409821ae5/current/raft-meta.conf.tmp with options [CREATE, TRUNCATE_EXISTING, WRITE]: sun.nio.ch.FileChannelImpl@91b8792
2025-10-10 11:53:08,361 [s6-server-thread1] DEBUG server.RaftServer$Division (RaftServerImpl.java:logAppendEntries(1537)) - s6@group-FC0409821AE5: appendEntries* reply s5<-s6#216:OK-t1,SUCCESS,nextIndex=3,followerCommit=1,matchIndex=2
2025-10-10 11:53:08,361 [s2-server-thread1] DEBUG server.RaftServer$Division (RaftServerImpl.java:logAppendEntries(1537)) - s2@group-FC0409821AE5: appendEntries* reply s5<-s2#215:OK-t1,SUCCESS,nextIndex=3,followerCommit=1,matchIndex=2
2025-10-10 11:53:08,361 [s6@group-FC0409821AE5-StateMachineUpdater] TRACE util.FileUtils (LogUtils.java:supplyAndLog(69)) - Successfully supplied FileChannel.open /home/runner/work/ratis/ratis/ratis-test/target/test/data/319b119c/MiniRaftClusterWithSimulatedRpc70f26566/s6/3dee10e3-d8b2-4ffe-9807-fc0409821ae5/current/raft-meta.conf.tmp with options [CREATE, TRUNCATE_EXISTING, WRITE]: sun.nio.ch.FileChannelImpl@5677f71a
2025-10-10 11:53:08,362 [s2@group-FC0409821AE5-StateMachineUpdater] TRACE util.FileUtils (LogUtils.java:supplyAndLog(69)) - Successfully supplied FileChannel.open /home/runner/work/ratis/ratis/ratis-test/target/test/data/319b119c/MiniRaftClusterWithSimulatedRpc70f26566/s2/3dee10e3-d8b2-4ffe-9807-fc0409821ae5/current/raft-meta.conf.tmp with options [CREATE, TRUNCATE_EXISTING, WRITE]: sun.nio.ch.FileChannelImpl@1189df9f
2025-10-10 11:53:08,362 [s0@group-FC0409821AE5-StateMachineUpdater] TRACE util.FileUtils (LogUtils.java:runAndLog(49)) - Successfully ran Atomic Files.move /home/runner/work/ratis/ratis/ratis-test/target/test/data/319b119c/MiniRaftClusterWithSimulatedRpc70f26566/s0/3dee10e3-d8b2-4ffe-9807-fc0409821ae5/current/raft-meta.conf.tmp to /home/runner/work/ratis/ratis/ratis-test/target/test/data/319b119c/MiniRaftClusterWithSimulatedRpc70f26566/s0/3dee10e3-d8b2-4ffe-9807-fc0409821ae5/current/raft-meta.conf with options [REPLACE_EXISTING]
2025-10-10 11:53:08,363 [s1@group-FC0409821AE5-StateMachineUpdater] TRACE util.FileUtils (LogUtils.java:runAndLog(49)) - Successfully ran Atomic Files.move /home/runner/work/ratis/ratis/ratis-test/target/test/data/319b119c/MiniRaftClusterWithSimulatedRpc70f26566/s1/3dee10e3-d8b2-4ffe-9807-fc0409821ae5/current/raft-meta.conf.tmp to /home/runner/work/ratis/ratis/ratis-test/target/test/data/319b119c/MiniRaftClusterWithSimulatedRpc70f26566/s1/3dee10e3-d8b2-4ffe-9807-fc0409821ae5/current/raft-meta.conf with options [REPLACE_EXISTING]
2025-10-10 11:53:08,362 [HandlerDaemon-1] INFO  server.RaftServer$Division (ServerState.java:setRaftConf(392)) - s0@group-FC0409821AE5: set configuration conf: {index: 3, cur=peers:[s3|, s4|, s5|, s6|, s0|, s1|, s2|]|listeners:[], old=null}
2025-10-10 11:53:08,363 [HandlerDaemon-1] DEBUG server.RaftServer$Division (RaftServerImpl.java:logAppendEntries(1537)) - s6@group-FC0409821AE5: appendEntries* s5->s6#222-t1,previous=(t:1, i:2),leaderCommit=2,initializing? false,entries: size=1, first=(t:1, i:3), CONFIGURATIONENTRY(current:id:"s3"startupRole:FOLLOWER, id:"s4"startupRole:FOLLOWER, id:"s5"startupRole:FOLLOWER, id:"s6"startupRole:FOLLOWER, id:"s0"startupRole:FOLLOWER, id:"s1"startupRole:FOLLOWER, id:"s2"startupRole:FOLLOWER, old:)
2025-10-10 11:53:08,363 [s3@group-FC0409821AE5-StateMachineUpdater] TRACE util.FileUtils (LogUtils.java:runAndLog(49)) - Successfully ran Atomic Files.move /home/runner/work/ratis/ratis/ratis-test/target/test/data/319b119c/MiniRaftClusterWithSimulatedRpc70f26566/s3/3dee10e3-d8b2-4ffe-9807-fc0409821ae5/current/raft-meta.conf.tmp to /home/runner/work/ratis/ratis/ratis-test/target/test/data/319b119c/MiniRaftClusterWithSimulatedRpc70f26566/s3/3dee10e3-d8b2-4ffe-9807-fc0409821ae5/current/raft-meta.conf with options [REPLACE_EXISTING]
2025-10-10 11:53:08,363 [HandlerDaemon-1] INFO  server.RaftServer$Division (ServerState.java:setRaftConf(392)) - s6@group-FC0409821AE5: set configuration conf: {index: 3, cur=peers:[s3|, s4|, s5|, s6|, s0|, s1|, s2|]|listeners:[], old=null}
2025-10-10 11:53:08,364 [HandlerDaemon-1] DEBUG server.RaftServer$Division (RaftServerImpl.java:logAppendEntries(1537)) - s2@group-FC0409821AE5: appendEntries* s5->s2#221-t1,previous=(t:1, i:2),leaderCommit=2,initializing? false,entries: size=1, first=(t:1, i:3), CONFIGURATIONENTRY(current:id:"s3"startupRole:FOLLOWER, id:"s4"startupRole:FOLLOWER, id:"s5"startupRole:FOLLOWER, id:"s6"startupRole:FOLLOWER, id:"s0"startupRole:FOLLOWER, id:"s1"startupRole:FOLLOWER, id:"s2"startupRole:FOLLOWER, old:)
2025-10-10 11:53:08,364 [HandlerDaemon-1] INFO  server.RaftServer$Division (ServerState.java:setRaftConf(392)) - s2@group-FC0409821AE5: set configuration conf: {index: 3, cur=peers:[s3|, s4|, s5|, s6|, s0|, s1|, s2|]|listeners:[], old=null}
2025-10-10 11:53:08,364 [s2-server-thread1] DEBUG server.RaftServer$Division (RaftServerImpl.java:logAppendEntries(1537)) - s2@group-FC0409821AE5: appendEntries* reply s5<-s2#221:OK-t1,SUCCESS,nextIndex=4,followerCommit=2,matchIndex=3
2025-10-10 11:53:08,365 [s2@group-FC0409821AE5-StateMachineUpdater] TRACE util.FileUtils (LogUtils.java:runAndLog(49)) - Successfully ran Atomic Files.move /home/runner/work/ratis/ratis/ratis-test/target/test/data/319b119c/MiniRaftClusterWithSimulatedRpc70f26566/s2/3dee10e3-d8b2-4ffe-9807-fc0409821ae5/current/raft-meta.conf.tmp to /home/runner/work/ratis/ratis/ratis-test/target/test/data/319b119c/MiniRaftClusterWithSimulatedRpc70f26566/s2/3dee10e3-d8b2-4ffe-9807-fc0409821ae5/current/raft-meta.conf with options [REPLACE_EXISTING]
2025-10-10 11:53:08,365 [s0-server-thread1] DEBUG server.RaftServer$Division (RaftServerImpl.java:logAppendEntries(1537)) - s0@group-FC0409821AE5: appendEntries* reply s5<-s0#220:OK-t1,SUCCESS,nextIndex=4,followerCommit=1,matchIndex=3
2025-10-10 11:53:08,365 [s5@group-FC0409821AE5-StateMachineUpdater] TRACE util.FileUtils (LogUtils.java:supplyAndLog(69)) - Successfully supplied FileChannel.open /home/runner/work/ratis/ratis/ratis-test/target/test/data/319b119c/MiniRaftClusterWithSimulatedRpc70f26566/s5/3dee10e3-d8b2-4ffe-9807-fc0409821ae5/current/raft-meta.conf.tmp with options [CREATE, TRUNCATE_EXISTING, WRITE]: sun.nio.ch.FileChannelImpl@4b727752
2025-10-10 11:53:08,365 [s6@group-FC0409821AE5-StateMachineUpdater] TRACE util.FileUtils (LogUtils.java:runAndLog(49)) - Successfully ran Atomic Files.move /home/runner/work/ratis/ratis/ratis-test/target/test/data/319b119c/MiniRaftClusterWithSimulatedRpc70f26566/s6/3dee10e3-d8b2-4ffe-9807-fc0409821ae5/current/raft-meta.conf.tmp to /home/runner/work/ratis/ratis/ratis-test/target/test/data/319b119c/MiniRaftClusterWithSimulatedRpc70f26566/s6/3dee10e3-d8b2-4ffe-9807-fc0409821ae5/current/raft-meta.conf with options [REPLACE_EXISTING]
2025-10-10 11:53:08,366 [HandlerDaemon-2] DEBUG server.RaftServer$Division (RaftServerImpl.java:logAppendEntries(1537)) - s0@group-FC0409821AE5: appendEntries* s5->s0#223-t1,previous=(t:1, i:3),leaderCommit=3,initializing? false,entries: size=1, first=(t:1, i:4), METADATAENTRY(c:3)
2025-10-10 11:53:08,366 [HandlerDaemon-1] DEBUG server.RaftServer$Division (RaftServerImpl.java:logAppendEntries(1537)) - s4@group-FC0409821AE5: appendEntries* s5->s4#224-t1,previous=(t:1, i:3),leaderCommit=3,initializing? false,entries: size=1, first=(t:1, i:4), METADATAENTRY(c:3)
2025-10-10 11:53:08,367 [s6-server-thread1] DEBUG server.RaftServer$Division (RaftServerImpl.java:logAppendEntries(1537)) - s6@group-FC0409821AE5: appendEntries* reply s5<-s6#222:OK-t1,SUCCESS,nextIndex=4,followerCommit=2,matchIndex=3
2025-10-10 11:53:08,367 [HandlerDaemon-1] DEBUG server.RaftServer$Division (RaftServerImpl.java:logAppendEntries(1537)) - s3@group-FC0409821AE5: appendEntries* s5->s3#225-t1,previous=(t:1, i:3),leaderCommit=3,initializing? false,entries: size=1, first=(t:1, i:4), METADATAENTRY(c:3)
2025-10-10 11:53:08,368 [s5@group-FC0409821AE5-StateMachineUpdater] TRACE util.FileUtils (LogUtils.java:runAndLog(49)) - Successfully ran Atomic Files.move /home/runner/work/ratis/ratis/ratis-test/target/test/data/319b119c/MiniRaftClusterWithSimulatedRpc70f26566/s5/3dee10e3-d8b2-4ffe-9807-fc0409821ae5/current/raft-meta.conf.tmp to /home/runner/work/ratis/ratis/ratis-test/target/test/data/319b119c/MiniRaftClusterWithSimulatedRpc70f26566/s5/3dee10e3-d8b2-4ffe-9807-fc0409821ae5/current/raft-meta.conf with options [REPLACE_EXISTING]
2025-10-10 11:53:08,368 [HandlerDaemon-1] DEBUG server.RaftServer$Division (RaftServerImpl.java:logAppendEntries(1537)) - s2@group-FC0409821AE5: appendEntries* s5->s2#226-t1,previous=(t:1, i:3),leaderCommit=3,initializing? false,entries: size=1, first=(t:1, i:4), METADATAENTRY(c:3)
2025-10-10 11:53:08,368 [s4-server-thread1] DEBUG server.RaftServer$Division (RaftServerImpl.java:logAppendEntries(1537)) - s4@group-FC0409821AE5: appendEntries* reply s5<-s4#224:OK-t1,SUCCESS,nextIndex=5,followerCommit=3,matchIndex=4
2025-10-10 11:53:08,369 [s2-server-thread1] DEBUG server.RaftServer$Division (RaftServerImpl.java:logAppendEntries(1537)) - s2@group-FC0409821AE5: appendEntries* reply s5<-s2#226:OK-t1,SUCCESS,nextIndex=5,followerCommit=3,matchIndex=4
2025-10-10 11:53:08,369 [s2@group-FC0409821AE5-StateMachineUpdater] TRACE util.FileUtils (LogUtils.java:supplyAndLog(69)) - Successfully supplied FileChannel.open /home/runner/work/ratis/ratis/ratis-test/target/test/data/319b119c/MiniRaftClusterWithSimulatedRpc70f26566/s2/3dee10e3-d8b2-4ffe-9807-fc0409821ae5/current/raft-meta.conf.tmp with options [CREATE, TRUNCATE_EXISTING, WRITE]: sun.nio.ch.FileChannelImpl@15b65976
2025-10-10 11:53:08,370 [s0@group-FC0409821AE5-StateMachineUpdater] TRACE util.FileUtils (LogUtils.java:supplyAndLog(69)) - Successfully supplied FileChannel.open /home/runner/work/ratis/ratis/ratis-test/target/test/data/319b119c/MiniRaftClusterWithSimulatedRpc70f26566/s0/3dee10e3-d8b2-4ffe-9807-fc0409821ae5/current/raft-meta.conf.tmp with options [CREATE, TRUNCATE_EXISTING, WRITE]: sun.nio.ch.FileChannelImpl@37817aea
2025-10-10 11:53:08,370 [s4@group-FC0409821AE5-StateMachineUpdater] TRACE util.FileUtils (LogUtils.java:runAndLog(49)) - Successfully ran Atomic Files.move /home/runner/work/ratis/ratis/ratis-test/target/test/data/319b119c/MiniRaftClusterWithSimulatedRpc70f26566/s4/3dee10e3-d8b2-4ffe-9807-fc0409821ae5/current/raft-meta.conf.tmp to /home/runner/work/ratis/ratis/ratis-test/target/test/data/319b119c/MiniRaftClusterWithSimulatedRpc70f26566/s4/3dee10e3-d8b2-4ffe-9807-fc0409821ae5/current/raft-meta.conf with options [REPLACE_EXISTING]
2025-10-10 11:53:08,369 [HandlerDaemon-2] DEBUG server.RaftServer$Division (RaftServerImpl.java:logAppendEntries(1537)) - s6@group-FC0409821AE5: appendEntries* s5->s6#228-t1,previous=(t:1, i:3),leaderCommit=3,initializing? false,entries: size=1, first=(t:1, i:4), METADATAENTRY(c:3)
2025-10-10 11:53:08,369 [s0-server-thread1] DEBUG server.RaftServer$Division (RaftServerImpl.java:logAppendEntries(1537)) - s0@group-FC0409821AE5: appendEntries* reply s5<-s0#223:OK-t1,SUCCESS,nextIndex=5,followerCommit=3,matchIndex=4
2025-10-10 11:53:08,370 [s4@group-FC0409821AE5-StateMachineUpdater] TRACE util.FileUtils (LogUtils.java:supplyAndLog(69)) - Successfully supplied FileChannel.open /home/runner/work/ratis/ratis/ratis-test/target/test/data/319b119c/MiniRaftClusterWithSimulatedRpc70f26566/s4/3dee10e3-d8b2-4ffe-9807-fc0409821ae5/current/raft-meta.conf.tmp with options [CREATE, TRUNCATE_EXISTING, WRITE]: sun.nio.ch.FileChannelImpl@5ebd3798
2025-10-10 11:53:08,370 [HandlerDaemon-1] DEBUG server.RaftServer$Division (RaftServerImpl.java:logAppendEntries(1537)) - s1@group-FC0409821AE5: appendEntries* s5->s1#227-t1,previous=(t:1, i:3),leaderCommit=3,initializing? false,entries: size=1, first=(t:1, i:4), METADATAENTRY(c:3)
2025-10-10 11:53:08,371 [s3-server-thread1] DEBUG server.RaftServer$Division (RaftServerImpl.java:logAppendEntries(1537)) - s3@group-FC0409821AE5: appendEntries* reply s5<-s3#225:OK-t1,SUCCESS,nextIndex=5,followerCommit=3,matchIndex=4
2025-10-10 11:53:08,371 [s6@group-FC0409821AE5-StateMachineUpdater] TRACE util.FileUtils (LogUtils.java:supplyAndLog(69)) - Successfully supplied FileChannel.open /home/runner/work/ratis/ratis/ratis-test/target/test/data/319b119c/MiniRaftClusterWithSimulatedRpc70f26566/s6/3dee10e3-d8b2-4ffe-9807-fc0409821ae5/current/raft-meta.conf.tmp with options [CREATE, TRUNCATE_EXISTING, WRITE]: sun.nio.ch.FileChannelImpl@5248690c
2025-10-10 11:53:08,371 [s4@group-FC0409821AE5-StateMachineUpdater] TRACE util.FileUtils (LogUtils.java:runAndLog(49)) - Successfully ran Atomic Files.move /home/runner/work/ratis/ratis/ratis-test/target/test/data/319b119c/MiniRaftClusterWithSimulatedRpc70f26566/s4/3dee10e3-d8b2-4ffe-9807-fc0409821ae5/current/raft-meta.conf.tmp to /home/runner/work/ratis/ratis/ratis-test/target/test/data/319b119c/MiniRaftClusterWithSimulatedRpc70f26566/s4/3dee10e3-d8b2-4ffe-9807-fc0409821ae5/current/raft-meta.conf with options [REPLACE_EXISTING]
2025-10-10 11:53:08,371 [s3@group-FC0409821AE5-StateMachineUpdater] TRACE util.FileUtils (LogUtils.java:supplyAndLog(69)) - Successfully supplied FileChannel.open /home/runner/work/ratis/ratis/ratis-test/target/test/data/319b119c/MiniRaftClusterWithSimulatedRpc70f26566/s3/3dee10e3-d8b2-4ffe-9807-fc0409821ae5/current/raft-meta.conf.tmp with options [CREATE, TRUNCATE_EXISTING, WRITE]: sun.nio.ch.FileChannelImpl@1f72aa8e
2025-10-10 11:53:08,371 [s6-server-thread1] DEBUG server.RaftServer$Division (RaftServerImpl.java:logAppendEntries(1537)) - s6@group-FC0409821AE5: appendEntries* reply s5<-s6#228:OK-t1,SUCCESS,nextIndex=5,followerCommit=3,matchIndex=4
2025-10-10 11:53:08,372 [s6@group-FC0409821AE5-StateMachineUpdater] TRACE util.FileUtils (LogUtils.java:runAndLog(49)) - Successfully ran Atomic Files.move /home/runner/work/ratis/ratis/ratis-test/target/test/data/319b119c/MiniRaftClusterWithSimulatedRpc70f26566/s6/3dee10e3-d8b2-4ffe-9807-fc0409821ae5/current/raft-meta.conf.tmp to /home/runner/work/ratis/ratis/ratis-test/target/test/data/319b119c/MiniRaftClusterWithSimulatedRpc70f26566/s6/3dee10e3-d8b2-4ffe-9807-fc0409821ae5/current/raft-meta.conf with options [REPLACE_EXISTING]
2025-10-10 11:53:08,372 [s0@group-FC0409821AE5-StateMachineUpdater] TRACE util.FileUtils (LogUtils.java:runAndLog(49)) - Successfully ran Atomic Files.move /home/runner/work/ratis/ratis/ratis-test/target/test/data/319b119c/MiniRaftClusterWithSimulatedRpc70f26566/s0/3dee10e3-d8b2-4ffe-9807-fc0409821ae5/current/raft-meta.conf.tmp to /home/runner/work/ratis/ratis/ratis-test/target/test/data/319b119c/MiniRaftClusterWithSimulatedRpc70f26566/s0/3dee10e3-d8b2-4ffe-9807-fc0409821ae5/current/raft-meta.conf with options [REPLACE_EXISTING]
2025-10-10 11:53:08,372 [s2@group-FC0409821AE5-StateMachineUpdater] TRACE util.FileUtils (LogUtils.java:runAndLog(49)) - Successfully ran Atomic Files.move /home/runner/work/ratis/ratis/ratis-test/target/test/data/319b119c/MiniRaftClusterWithSimulatedRpc70f26566/s2/3dee10e3-d8b2-4ffe-9807-fc0409821ae5/current/raft-meta.conf.tmp to /home/runner/work/ratis/ratis/ratis-test/target/test/data/319b119c/MiniRaftClusterWithSimulatedRpc70f26566/s2/3dee10e3-d8b2-4ffe-9807-fc0409821ae5/current/raft-meta.conf with options [REPLACE_EXISTING]
2025-10-10 11:53:08,372 [main] DEBUG client.RaftClient (RaftClientImpl.java:add(146)) - client-3B6D7C0511AE: add replied callId 201
2025-10-10 11:53:08,373 [main] DEBUG client.RaftClient (RaftClientImpl.java:close(465)) - close client-3B6D7C0511AE
2025-10-10 11:53:08,374 [s3@group-FC0409821AE5-StateMachineUpdater] TRACE util.FileUtils (LogUtils.java:runAndLog(49)) - Successfully ran Atomic Files.move /home/runner/work/ratis/ratis/ratis-test/target/test/data/319b119c/MiniRaftClusterWithSimulatedRpc70f26566/s3/3dee10e3-d8b2-4ffe-9807-fc0409821ae5/current/raft-meta.conf.tmp to /home/runner/work/ratis/ratis/ratis-test/target/test/data/319b119c/MiniRaftClusterWithSimulatedRpc70f26566/s3/3dee10e3-d8b2-4ffe-9807-fc0409821ae5/current/raft-meta.conf with options [REPLACE_EXISTING]
2025-10-10 11:53:08,374 [s1@group-FC0409821AE5-StateMachineUpdater] TRACE util.FileUtils (LogUtils.java:supplyAndLog(69)) - Successfully supplied FileChannel.open /home/runner/work/ratis/ratis/ratis-test/target/test/data/319b119c/MiniRaftClusterWithSimulatedRpc70f26566/s1/3dee10e3-d8b2-4ffe-9807-fc0409821ae5/current/raft-meta.conf.tmp with options [CREATE, TRUNCATE_EXISTING, WRITE]: sun.nio.ch.FileChannelImpl@d240269
2025-10-10 11:53:08,374 [main] INFO  ratis.RaftTestUtil (RaftTestUtil.java:waitForLeader(107)) - printing ALL groups
  s3:  RUNNING [
   FOLLOWER (RUNNING): s3@group-FC0409821AE5:t1, leader=s5, voted=s5, raftlog=Memoized:s3@group-FC0409821AE5-SegmentedRaftLog:OPENED:c3:last(t:1, i:4), conf=conf: {index: 3, cur=peers:[s3|, s4|, s5|, s6|, s0|, s1|, s2|]|listeners:[], old=null}
   FOLLOWER (STARTING): s3@group-26DAA163C1DE:t0, leader=null, voted=, raftlog=Memoized:s3@group-26DAA163C1DE-SegmentedRaftLog:OPENED:c-1:lastnull, conf=conf: {index: -1, cur=peers:[]|listeners:[], old=null}] size=2
  s4:  RUNNING [
   FOLLOWER (RUNNING): s4@group-FC0409821AE5:t1, leader=s5, voted=s5, raftlog=Memoized:s4@group-FC0409821AE5-SegmentedRaftLog:OPENED:c3:last(t:1, i:4), conf=conf: {index: 3, cur=peers:[s3|, s4|, s5|, s6|, s0|, s1|, s2|]|listeners:[], old=null}
   FOLLOWER (STARTING): s4@group-26DAA163C1DE:t0, leader=null, voted=, raftlog=Memoized:s4@group-26DAA163C1DE-SegmentedRaftLog:OPENED:c-1:lastnull, conf=conf: {index: -1, cur=peers:[]|listeners:[], old=null}] size=2
  s5:  RUNNING [
     LEADER (RUNNING): s5@group-FC0409821AE5:t1, leader=s5, voted=s5, raftlog=Memoized:s5@group-FC0409821AE5-SegmentedRaftLog:OPENED:c4:last(t:1, i:4), conf=conf: {index: 3, cur=peers:[s3, s4, s5, s6, s0, s1, s2]|listeners:[], old=null}
   FOLLOWER (STARTING): s5@group-26DAA163C1DE:t0, leader=null, voted=, raftlog=Memoized:s5@group-26DAA163C1DE-SegmentedRaftLog:OPENED:c-1:lastnull, conf=conf: {index: -1, cur=peers:[]|listeners:[], old=null}] size=2
  s6:  RUNNING [
   FOLLOWER (RUNNING): s6@group-FC0409821AE5:t1, leader=s5, voted=null, raftlog=Memoized:s6@group-FC0409821AE5-SegmentedRaftLog:OPENED:c3:last(t:1, i:4), conf=conf: {index: 3, cur=peers:[s3|, s4|, s5|, s6|, s0|, s1|, s2|]|listeners:[], old=null}
   FOLLOWER (STARTING): s6@group-26DAA163C1DE:t0, leader=null, voted=, raftlog=Memoized:s6@group-26DAA163C1DE-SegmentedRaftLog:OPENED:c-1:lastnull, conf=conf: {index: -1, cur=peers:[]|listeners:[], old=null}] size=2
  s0:  RUNNING [
   FOLLOWER (RUNNING): s0@group-FC0409821AE5:t1, leader=s5, voted=null, raftlog=Memoized:s0@group-FC0409821AE5-SegmentedRaftLog:OPENED:c3:last(t:1, i:4), conf=conf: {index: 3, cur=peers:[s3|, s4|, s5|, s6|, s0|, s1|, s2|]|listeners:[], old=null}
   FOLLOWER (STARTING): s0@group-26DAA163C1DE:t0, leader=null, voted=, raftlog=Memoized:s0@group-26DAA163C1DE-SegmentedRaftLog:OPENED:c-1:lastnull, conf=conf: {index: -1, cur=peers:[]|listeners:[], old=null}] size=2
  s1:  RUNNING [
   FOLLOWER (RUNNING): s1@group-FC0409821AE5:t1, leader=s5, voted=s5, raftlog=Memoized:s1@group-FC0409821AE5-SegmentedRaftLog:OPENED:c1:last(t:1, i:4), conf=conf: {index: 3, cur=peers:[s3|, s4|, s5|, s6|, s0|, s1|, s2|]|listeners:[], old=null}
   FOLLOWER (STARTING): s1@group-26DAA163C1DE:t0, leader=null, voted=, raftlog=Memoized:s1@group-26DAA163C1DE-SegmentedRaftLog:OPENED:c-1:lastnull, conf=conf: {index: -1, cur=peers:[]|listeners:[], old=null}] size=2
  s2:  RUNNING [
   FOLLOWER (RUNNING): s2@group-FC0409821AE5:t1, leader=s5, voted=s5, raftlog=Memoized:s2@group-FC0409821AE5-SegmentedRaftLog:OPENED:c3:last(t:1, i:4), conf=conf: {index: 3, cur=peers:[s3|, s4|, s5|, s6|, s0|, s1|, s2|]|listeners:[], old=null}
   FOLLOWER (STARTING): s2@group-26DAA163C1DE:t0, leader=null, voted=, raftlog=Memoized:s2@group-26DAA163C1DE-SegmentedRaftLog:OPENED:c-1:lastnull, conf=conf: {index: -1, cur=peers:[]|listeners:[], old=null}] size=2
2025-10-10 11:53:08,375 [s1-server-thread1] DEBUG server.RaftServer$Division (RaftServerImpl.java:logAppendEntries(1537)) - s1@group-FC0409821AE5: appendEntries* reply s5<-s1#227:OK-t1,SUCCESS,nextIndex=5,followerCommit=3,matchIndex=4
2025-10-10 11:53:08,376 [s1@group-FC0409821AE5-StateMachineUpdater] TRACE util.FileUtils (LogUtils.java:runAndLog(49)) - Successfully ran Atomic Files.move /home/runner/work/ratis/ratis/ratis-test/target/test/data/319b119c/MiniRaftClusterWithSimulatedRpc70f26566/s1/3dee10e3-d8b2-4ffe-9807-fc0409821ae5/current/raft-meta.conf.tmp to /home/runner/work/ratis/ratis/ratis-test/target/test/data/319b119c/MiniRaftClusterWithSimulatedRpc70f26566/s1/3dee10e3-d8b2-4ffe-9807-fc0409821ae5/current/raft-meta.conf with options [REPLACE_EXISTING]
2025-10-10 11:53:08,376 [main] INFO  ratis.RaftTestUtil (RaftTestUtil.java:waitForLeader(131)) - printing ALL groups
  s3:  RUNNING [
   FOLLOWER (RUNNING): s3@group-FC0409821AE5:t1, leader=s5, voted=s5, raftlog=Memoized:s3@group-FC0409821AE5-SegmentedRaftLog:OPENED:c3:last(t:1, i:4), conf=conf: {index: 3, cur=peers:[s3|, s4|, s5|, s6|, s0|, s1|, s2|]|listeners:[], old=null}
   FOLLOWER (STARTING): s3@group-26DAA163C1DE:t0, leader=null, voted=, raftlog=Memoized:s3@group-26DAA163C1DE-SegmentedRaftLog:OPENED:c-1:lastnull, conf=conf: {index: -1, cur=peers:[]|listeners:[], old=null}] size=2
  s4:  RUNNING [
   FOLLOWER (RUNNING): s4@group-FC0409821AE5:t1, leader=s5, voted=s5, raftlog=Memoized:s4@group-FC0409821AE5-SegmentedRaftLog:OPENED:c3:last(t:1, i:4), conf=conf: {index: 3, cur=peers:[s3|, s4|, s5|, s6|, s0|, s1|, s2|]|listeners:[], old=null}
   FOLLOWER (STARTING): s4@group-26DAA163C1DE:t0, leader=null, voted=, raftlog=Memoized:s4@group-26DAA163C1DE-SegmentedRaftLog:OPENED:c-1:lastnull, conf=conf: {index: -1, cur=peers:[]|listeners:[], old=null}] size=2
  s5:  RUNNING [
     LEADER (RUNNING): s5@group-FC0409821AE5:t1, leader=s5, voted=s5, raftlog=Memoized:s5@group-FC0409821AE5-SegmentedRaftLog:OPENED:c4:last(t:1, i:4), conf=conf: {index: 3, cur=peers:[s3, s4, s5, s6, s0, s1, s2]|listeners:[], old=null}
   FOLLOWER (STARTING): s5@group-26DAA163C1DE:t0, leader=null, voted=, raftlog=Memoized:s5@group-26DAA163C1DE-SegmentedRaftLog:OPENED:c-1:lastnull, conf=conf: {index: -1, cur=peers:[]|listeners:[], old=null}] size=2
  s6:  RUNNING [
   FOLLOWER (RUNNING): s6@group-FC0409821AE5:t1, leader=s5, voted=null, raftlog=Memoized:s6@group-FC0409821AE5-SegmentedRaftLog:OPENED:c3:last(t:1, i:4), conf=conf: {index: 3, cur=peers:[s3|, s4|, s5|, s6|, s0|, s1|, s2|]|listeners:[], old=null}
   FOLLOWER (STARTING): s6@group-26DAA163C1DE:t0, leader=null, voted=, raftlog=Memoized:s6@group-26DAA163C1DE-SegmentedRaftLog:OPENED:c-1:lastnull, conf=conf: {index: -1, cur=peers:[]|listeners:[], old=null}] size=2
  s0:  RUNNING [
   FOLLOWER (RUNNING): s0@group-FC0409821AE5:t1, leader=s5, voted=null, raftlog=Memoized:s0@group-FC0409821AE5-SegmentedRaftLog:OPENED:c3:last(t:1, i:4), conf=conf: {index: 3, cur=peers:[s3|, s4|, s5|, s6|, s0|, s1|, s2|]|listeners:[], old=null}
   FOLLOWER (STARTING): s0@group-26DAA163C1DE:t0, leader=null, voted=, raftlog=Memoized:s0@group-26DAA163C1DE-SegmentedRaftLog:OPENED:c-1:lastnull, conf=conf: {index: -1, cur=peers:[]|listeners:[], old=null}] size=2
  s1:  RUNNING [
   FOLLOWER (RUNNING): s1@group-FC0409821AE5:t1, leader=s5, voted=s5, raftlog=Memoized:s1@group-FC0409821AE5-SegmentedRaftLog:OPENED:c3:last(t:1, i:4), conf=conf: {index: 3, cur=peers:[s3|, s4|, s5|, s6|, s0|, s1|, s2|]|listeners:[], old=null}
   FOLLOWER (STARTING): s1@group-26DAA163C1DE:t0, leader=null, voted=, raftlog=Memoized:s1@group-26DAA163C1DE-SegmentedRaftLog:OPENED:c-1:lastnull, conf=conf: {index: -1, cur=peers:[]|listeners:[], old=null}] size=2
  s2:  RUNNING [
   FOLLOWER (RUNNING): s2@group-FC0409821AE5:t1, leader=s5, voted=s5, raftlog=Memoized:s2@group-FC0409821AE5-SegmentedRaftLog:OPENED:c3:last(t:1, i:4), conf=conf: {index: 3, cur=peers:[s3|, s4|, s5|, s6|, s0|, s1|, s2|]|listeners:[], old=null}
   FOLLOWER (STARTING): s2@group-26DAA163C1DE:t0, leader=null, voted=, raftlog=Memoized:s2@group-26DAA163C1DE-SegmentedRaftLog:OPENED:c-1:lastnull, conf=conf: {index: -1, cur=peers:[]|listeners:[], old=null}] size=2
2025-10-10 11:53:08,376 [main] INFO  impl.GroupManagementBaseTest (GroupManagementBaseTest.java:runMultiGroupTest(340)) - update groups: printing ALL groups
  s3:  RUNNING [
   FOLLOWER (RUNNING): s3@group-FC0409821AE5:t1, leader=s5, voted=s5, raftlog=Memoized:s3@group-FC0409821AE5-SegmentedRaftLog:OPENED:c3:last(t:1, i:4), conf=conf: {index: 3, cur=peers:[s3|, s4|, s5|, s6|, s0|, s1|, s2|]|listeners:[], old=null}
   FOLLOWER (STARTING): s3@group-26DAA163C1DE:t0, leader=null, voted=, raftlog=Memoized:s3@group-26DAA163C1DE-SegmentedRaftLog:OPENED:c-1:lastnull, conf=conf: {index: -1, cur=peers:[]|listeners:[], old=null}] size=2
  s4:  RUNNING [
   FOLLOWER (RUNNING): s4@group-FC0409821AE5:t1, leader=s5, voted=s5, raftlog=Memoized:s4@group-FC0409821AE5-SegmentedRaftLog:OPENED:c3:last(t:1, i:4), conf=conf: {index: 3, cur=peers:[s3|, s4|, s5|, s6|, s0|, s1|, s2|]|listeners:[], old=null}
   FOLLOWER (STARTING): s4@group-26DAA163C1DE:t0, leader=null, voted=, raftlog=Memoized:s4@group-26DAA163C1DE-SegmentedRaftLog:OPENED:c-1:lastnull, conf=conf: {index: -1, cur=peers:[]|listeners:[], old=null}] size=2
  s5:  RUNNING [
     LEADER (RUNNING): s5@group-FC0409821AE5:t1, leader=s5, voted=s5, raftlog=Memoized:s5@group-FC0409821AE5-SegmentedRaftLog:OPENED:c4:last(t:1, i:4), conf=conf: {index: 3, cur=peers:[s3, s4, s5, s6, s0, s1, s2]|listeners:[], old=null}
   FOLLOWER (STARTING): s5@group-26DAA163C1DE:t0, leader=null, voted=, raftlog=Memoized:s5@group-26DAA163C1DE-SegmentedRaftLog:OPENED:c-1:lastnull, conf=conf: {index: -1, cur=peers:[]|listeners:[], old=null}] size=2
  s6:  RUNNING [
   FOLLOWER (RUNNING): s6@group-FC0409821AE5:t1, leader=s5, voted=null, raftlog=Memoized:s6@group-FC0409821AE5-SegmentedRaftLog:OPENED:c3:last(t:1, i:4), conf=conf: {index: 3, cur=peers:[s3|, s4|, s5|, s6|, s0|, s1|, s2|]|listeners:[], old=null}
   FOLLOWER (STARTING): s6@group-26DAA163C1DE:t0, leader=null, voted=, raftlog=Memoized:s6@group-26DAA163C1DE-SegmentedRaftLog:OPENED:c-1:lastnull, conf=conf: {index: -1, cur=peers:[]|listeners:[], old=null}] size=2
  s0:  RUNNING [
   FOLLOWER (RUNNING): s0@group-FC0409821AE5:t1, leader=s5, voted=null, raftlog=Memoized:s0@group-FC0409821AE5-SegmentedRaftLog:OPENED:c3:last(t:1, i:4), conf=conf: {index: 3, cur=peers:[s3|, s4|, s5|, s6|, s0|, s1|, s2|]|listeners:[], old=null}
   FOLLOWER (STARTING): s0@group-26DAA163C1DE:t0, leader=null, voted=, raftlog=Memoized:s0@group-26DAA163C1DE-SegmentedRaftLog:OPENED:c-1:lastnull, conf=conf: {index: -1, cur=peers:[]|listeners:[], old=null}] size=2
  s1:  RUNNING [
   FOLLOWER (RUNNING): s1@group-FC0409821AE5:t1, leader=s5, voted=s5, raftlog=Memoized:s1@group-FC0409821AE5-SegmentedRaftLog:OPENED:c3:last(t:1, i:4), conf=conf: {index: 3, cur=peers:[s3|, s4|, s5|, s6|, s0|, s1|, s2|]|listeners:[], old=null}
   FOLLOWER (STARTING): s1@group-26DAA163C1DE:t0, leader=null, voted=, raftlog=Memoized:s1@group-26DAA163C1DE-SegmentedRaftLog:OPENED:c-1:lastnull, conf=conf: {index: -1, cur=peers:[]|listeners:[], old=null}] size=2
  s2:  RUNNING [
   FOLLOWER (RUNNING): s2@group-FC0409821AE5:t1, leader=s5, voted=s5, raftlog=Memoized:s2@group-FC0409821AE5-SegmentedRaftLog:OPENED:c3:last(t:1, i:4), conf=conf: {index: 3, cur=peers:[s3|, s4|, s5|, s6|, s0|, s1|, s2|]|listeners:[], old=null}
   FOLLOWER (STARTING): s2@group-26DAA163C1DE:t0, leader=null, voted=, raftlog=Memoized:s2@group-26DAA163C1DE-SegmentedRaftLog:OPENED:c-1:lastnull, conf=conf: {index: -1, cur=peers:[]|listeners:[], old=null}] size=2
| MiniRaftClusterWithSimulatedRpc[1, 6, 7]chosen=1 | update groups | 150 |
2025-10-10 11:53:08,377 [main] INFO  impl.MiniRaftCluster (MiniRaftCluster.java:shutdown(793)) - ************************************************************** 
2025-10-10 11:53:08,377 [main] INFO  impl.MiniRaftCluster (MiniRaftCluster.java:shutdown(794)) - *** 
2025-10-10 11:53:08,377 [main] INFO  impl.MiniRaftCluster (MiniRaftCluster.java:shutdown(795)) - ***     Stopping MiniRaftClusterWithSimulatedRpc
2025-10-10 11:53:08,377 [main] INFO  impl.MiniRaftCluster (MiniRaftCluster.java:shutdown(796)) - *** 
2025-10-10 11:53:08,377 [main] INFO  impl.MiniRaftCluster (MiniRaftCluster.java:shutdown(797)) - ************************************************************** 
2025-10-10 11:53:08,377 [main] INFO  impl.MiniRaftCluster (MiniRaftCluster.java:shutdown(798)) - printing ALL groups
  s3:  RUNNING [
   FOLLOWER (RUNNING): s3@group-FC0409821AE5:t1, leader=s5, voted=s5, raftlog=Memoized:s3@group-FC0409821AE5-SegmentedRaftLog:OPENED:c3:last(t:1, i:4), conf=conf: {index: 3, cur=peers:[s3|, s4|, s5|, s6|, s0|, s1|, s2|]|listeners:[], old=null}
   FOLLOWER (STARTING): s3@group-26DAA163C1DE:t0, leader=null, voted=, raftlog=Memoized:s3@group-26DAA163C1DE-SegmentedRaftLog:OPENED:c-1:lastnull, conf=conf: {index: -1, cur=peers:[]|listeners:[], old=null}] size=2
  s4:  RUNNING [
   FOLLOWER (RUNNING): s4@group-FC0409821AE5:t1, leader=s5, voted=s5, raftlog=Memoized:s4@group-FC0409821AE5-SegmentedRaftLog:OPENED:c3:last(t:1, i:4), conf=conf: {index: 3, cur=peers:[s3|, s4|, s5|, s6|, s0|, s1|, s2|]|listeners:[], old=null}
   FOLLOWER (STARTING): s4@group-26DAA163C1DE:t0, leader=null, voted=, raftlog=Memoized:s4@group-26DAA163C1DE-SegmentedRaftLog:OPENED:c-1:lastnull, conf=conf: {index: -1, cur=peers:[]|listeners:[], old=null}] size=2
  s5:  RUNNING [
     LEADER (RUNNING): s5@group-FC0409821AE5:t1, leader=s5, voted=s5, raftlog=Memoized:s5@group-FC0409821AE5-SegmentedRaftLog:OPENED:c4:last(t:1, i:4), conf=conf: {index: 3, cur=peers:[s3, s4, s5, s6, s0, s1, s2]|listeners:[], old=null}
   FOLLOWER (STARTING): s5@group-26DAA163C1DE:t0, leader=null, voted=, raftlog=Memoized:s5@group-26DAA163C1DE-SegmentedRaftLog:OPENED:c-1:lastnull, conf=conf: {index: -1, cur=peers:[]|listeners:[], old=null}] size=2
  s6:  RUNNING [
   FOLLOWER (RUNNING): s6@group-FC0409821AE5:t1, leader=s5, voted=null, raftlog=Memoized:s6@group-FC0409821AE5-SegmentedRaftLog:OPENED:c3:last(t:1, i:4), conf=conf: {index: 3, cur=peers:[s3|, s4|, s5|, s6|, s0|, s1|, s2|]|listeners:[], old=null}
   FOLLOWER (STARTING): s6@group-26DAA163C1DE:t0, leader=null, voted=, raftlog=Memoized:s6@group-26DAA163C1DE-SegmentedRaftLog:OPENED:c-1:lastnull, conf=conf: {index: -1, cur=peers:[]|listeners:[], old=null}] size=2
  s0:  RUNNING [
   FOLLOWER (RUNNING): s0@group-FC0409821AE5:t1, leader=s5, voted=null, raftlog=Memoized:s0@group-FC0409821AE5-SegmentedRaftLog:OPENED:c3:last(t:1, i:4), conf=conf: {index: 3, cur=peers:[s3|, s4|, s5|, s6|, s0|, s1|, s2|]|listeners:[], old=null}
   FOLLOWER (STARTING): s0@group-26DAA163C1DE:t0, leader=null, voted=, raftlog=Memoized:s0@group-26DAA163C1DE-SegmentedRaftLog:OPENED:c-1:lastnull, conf=conf: {index: -1, cur=peers:[]|listeners:[], old=null}] size=2
  s1:  RUNNING [
   FOLLOWER (RUNNING): s1@group-FC0409821AE5:t1, leader=s5, voted=s5, raftlog=Memoized:s1@group-FC0409821AE5-SegmentedRaftLog:OPENED:c3:last(t:1, i:4), conf=conf: {index: 3, cur=peers:[s3|, s4|, s5|, s6|, s0|, s1|, s2|]|listeners:[], old=null}
   FOLLOWER (STARTING): s1@group-26DAA163C1DE:t0, leader=null, voted=, raftlog=Memoized:s1@group-26DAA163C1DE-SegmentedRaftLog:OPENED:c-1:lastnull, conf=conf: {index: -1, cur=peers:[]|listeners:[], old=null}] size=2
  s2:  RUNNING [
   FOLLOWER (RUNNING): s2@group-FC0409821AE5:t1, leader=s5, voted=s5, raftlog=Memoized:s2@group-FC0409821AE5-SegmentedRaftLog:OPENED:c3:last(t:1, i:4), conf=conf: {index: 3, cur=peers:[s3|, s4|, s5|, s6|, s0|, s1|, s2|]|listeners:[], old=null}
   FOLLOWER (STARTING): s2@group-26DAA163C1DE:t0, leader=null, voted=, raftlog=Memoized:s2@group-26DAA163C1DE-SegmentedRaftLog:OPENED:c-1:lastnull, conf=conf: {index: -1, cur=peers:[]|listeners:[], old=null}] size=2
2025-10-10 11:53:08,378 [MiniRaftCluster-13] INFO  server.RaftServer (RaftServerProxy.java:lambda$close$9(425)) - s3: close
2025-10-10 11:53:08,378 [MiniRaftCluster-14] INFO  server.RaftServer (RaftServerProxy.java:lambda$close$9(425)) - s4: close
2025-10-10 11:53:08,378 [MiniRaftCluster-15] INFO  server.RaftServer (RaftServerProxy.java:lambda$close$9(425)) - s5: close
2025-10-10 11:53:08,378 [MiniRaftCluster-16] INFO  server.RaftServer (RaftServerProxy.java:lambda$close$9(425)) - s6: close
2025-10-10 11:53:08,379 [MiniRaftCluster-17] INFO  server.RaftServer (RaftServerProxy.java:lambda$close$9(425)) - s0: close
2025-10-10 11:53:08,379 [s4-impl-thread1] INFO  server.RaftServer$Division (RaftServerImpl.java:lambda$close$1(528)) - s4@group-FC0409821AE5: shutdown
2025-10-10 11:53:08,379 [s4-impl-thread1] INFO  util.JmxRegister (JmxRegister.java:unregister(74)) - Successfully un-registered JMX Bean with object name Ratis:service=RaftServer,group=group-FC0409821AE5,id=s4
2025-10-10 11:53:08,379 [MiniRaftCluster-18] INFO  server.RaftServer (RaftServerProxy.java:lambda$close$9(425)) - s1: close
2025-10-10 11:53:08,379 [MiniRaftCluster-19] INFO  server.RaftServer (RaftServerProxy.java:lambda$close$9(425)) - s2: close
2025-10-10 11:53:08,379 [s3-impl-thread1] INFO  server.RaftServer$Division (RaftServerImpl.java:lambda$close$1(528)) - s3@group-FC0409821AE5: shutdown
2025-10-10 11:53:08,379 [HandlerDaemon-0] INFO  simulation.RequestHandler (RequestHandler.java:run(127)) - s4.clientHandler0 is interrupted by java.io.InterruptedIOException: 
2025-10-10 11:53:08,379 [HandlerDaemon-1] INFO  simulation.RequestHandler (RequestHandler.java:run(127)) - s4.clientHandler1 is interrupted by java.io.InterruptedIOException: 
2025-10-10 11:53:08,379 [s0-impl-thread1] INFO  server.RaftServer$Division (RaftServerImpl.java:lambda$close$1(528)) - s0@group-FC0409821AE5: shutdown
2025-10-10 11:53:08,379 [s4-impl-thread1] INFO  impl.RoleInfo (RoleInfo.java:shutdownFollowerState(121)) - s4: shutdown s4@group-FC0409821AE5-FollowerState
2025-10-10 11:53:08,379 [HandlerDaemon-2] INFO  simulation.RequestHandler (RequestHandler.java:run(127)) - s4.clientHandler2 is interrupted by java.io.InterruptedIOException: 
2025-10-10 11:53:08,380 [s4-impl-thread2] INFO  server.RaftServer$Division (RaftServerImpl.java:lambda$close$1(528)) - s4@group-26DAA163C1DE: shutdown
2025-10-10 11:53:08,380 [s4-impl-thread2] INFO  util.JmxRegister (JmxRegister.java:unregister(74)) - Successfully un-registered JMX Bean with object name Ratis:service=RaftServer,group=group-26DAA163C1DE,id=s4
2025-10-10 11:53:08,380 [HandlerDaemon-0] INFO  simulation.RequestHandler (RequestHandler.java:run(127)) - s3.clientHandler0 is interrupted by java.io.InterruptedIOException: 
2025-10-10 11:53:08,380 [s4-impl-thread2] INFO  impl.StateMachineUpdater (StateMachineUpdater.java:stopAndJoin(163)) - s4@group-26DAA163C1DE-StateMachineUpdater: set stopIndex = -1
2025-10-10 11:53:08,380 [HandlerDaemon-2] INFO  simulation.RequestHandler (RequestHandler.java:run(127)) - s3.clientHandler2 is interrupted by java.io.InterruptedIOException: 
2025-10-10 11:53:08,380 [HandlerDaemon-0] INFO  simulation.RequestHandler (RequestHandler.java:run(127)) - s4.serverHandler0 is interrupted by java.io.InterruptedIOException: 
2025-10-10 11:53:08,380 [HandlerDaemon-1] INFO  simulation.RequestHandler (RequestHandler.java:run(127)) - s3.clientHandler1 is interrupted by java.io.InterruptedIOException: 
2025-10-10 11:53:08,380 [HandlerDaemon-1] INFO  simulation.RequestHandler (RequestHandler.java:run(127)) - s4.serverHandler1 is interrupted by java.io.InterruptedIOException: 
2025-10-10 11:53:08,379 [s3-impl-thread1] INFO  util.JmxRegister (JmxRegister.java:unregister(74)) - Successfully un-registered JMX Bean with object name Ratis:service=RaftServer,group=group-FC0409821AE5,id=s3
2025-10-10 11:53:08,380 [s3-impl-thread1] INFO  impl.RoleInfo (RoleInfo.java:shutdownFollowerState(121)) - s3: shutdown s3@group-FC0409821AE5-FollowerState
2025-10-10 11:53:08,380 [s3-impl-thread2] INFO  server.RaftServer$Division (RaftServerImpl.java:lambda$close$1(528)) - s3@group-26DAA163C1DE: shutdown
2025-10-10 11:53:08,380 [s4@group-FC0409821AE5-FollowerState] INFO  impl.FollowerState (FollowerState.java:runImpl(170)) - s4@group-FC0409821AE5-FollowerState was interrupted
2025-10-10 11:53:08,380 [s4@group-26DAA163C1DE-StateMachineUpdater] INFO  impl.StateMachineUpdater (StateMachineUpdater.java:stop(140)) - s4@group-26DAA163C1DE-StateMachineUpdater: closing BaseStateMachine, lastApplied=<INITIAL_VALUE>
2025-10-10 11:53:08,382 [s6-impl-thread2] INFO  server.RaftServer$Division (RaftServerImpl.java:lambda$close$1(528)) - s6@group-26DAA163C1DE: shutdown
2025-10-10 11:53:08,382 [s6-impl-thread2] INFO  util.JmxRegister (JmxRegister.java:unregister(74)) - Successfully un-registered JMX Bean with object name Ratis:service=RaftServer,group=group-26DAA163C1DE,id=s6
2025-10-10 11:53:08,379 [s0-impl-thread1] INFO  util.JmxRegister (JmxRegister.java:unregister(74)) - Successfully un-registered JMX Bean with object name Ratis:service=RaftServer,group=group-FC0409821AE5,id=s0
2025-10-10 11:53:08,383 [s0-impl-thread1] INFO  impl.RoleInfo (RoleInfo.java:shutdownFollowerState(121)) - s0: shutdown s0@group-FC0409821AE5-FollowerState
2025-10-10 11:53:08,383 [HandlerDaemon-0] INFO  simulation.RequestHandler (RequestHandler.java:run(127)) - s3.serverHandler0 is interrupted by java.io.InterruptedIOException: 
2025-10-10 11:53:08,383 [s3-impl-thread1] INFO  impl.StateMachineUpdater (StateMachineUpdater.java:stopAndJoin(163)) - s3@group-FC0409821AE5-StateMachineUpdater: set stopIndex = 3
2025-10-10 11:53:08,383 [HandlerDaemon-2] INFO  simulation.RequestHandler (RequestHandler.java:run(127)) - s5.clientHandler2 is interrupted by java.io.InterruptedIOException: 
2025-10-10 11:53:08,383 [HandlerDaemon-1] INFO  simulation.RequestHandler (RequestHandler.java:run(127)) - s5.clientHandler1 is interrupted by java.io.InterruptedIOException: 
2025-10-10 11:53:08,383 [s3@group-FC0409821AE5-StateMachineUpdater] INFO  impl.StateMachineUpdater (StateMachineUpdater.java:stop(140)) - s3@group-FC0409821AE5-StateMachineUpdater: closing BaseStateMachine, lastApplied=(t:1, i:3)
2025-10-10 11:53:08,383 [s0@group-FC0409821AE5-FollowerState] INFO  impl.FollowerState (FollowerState.java:runImpl(170)) - s0@group-FC0409821AE5-FollowerState was interrupted
2025-10-10 11:53:08,383 [s5-impl-thread2] INFO  server.RaftServer$Division (RaftServerImpl.java:lambda$close$1(528)) - s5@group-26DAA163C1DE: shutdown
2025-10-10 11:53:08,384 [s5-impl-thread2] INFO  util.JmxRegister (JmxRegister.java:unregister(74)) - Successfully un-registered JMX Bean with object name Ratis:service=RaftServer,group=group-26DAA163C1DE,id=s5
2025-10-10 11:53:08,384 [s3@group-FC0409821AE5-cacheEviction-AwaitToRun] INFO  util.AwaitToRun (AwaitToRun.java:run(49)) - s3@group-FC0409821AE5-cacheEviction-AwaitToRun-AwaitForSignal is interrupted
2025-10-10 11:53:08,382 [HandlerDaemon-0] INFO  simulation.RequestHandler (RequestHandler.java:run(127)) - s5.clientHandler0 is interrupted by java.io.InterruptedIOException: 
2025-10-10 11:53:08,382 [HandlerDaemon-0] INFO  simulation.RequestHandler (RequestHandler.java:run(127)) - s6.clientHandler0 is interrupted by java.io.InterruptedIOException: 
2025-10-10 11:53:08,385 [HandlerDaemon-0] INFO  simulation.RequestHandler (RequestHandler.java:run(127)) - s5.serverHandler0 is interrupted by java.io.InterruptedIOException: 
2025-10-10 11:53:08,382 [s5-impl-thread1] INFO  server.RaftServer$Division (RaftServerImpl.java:lambda$close$1(528)) - s5@group-FC0409821AE5: shutdown
2025-10-10 11:53:08,385 [s5-impl-thread1] INFO  util.JmxRegister (JmxRegister.java:unregister(74)) - Successfully un-registered JMX Bean with object name Ratis:service=RaftServer,group=group-FC0409821AE5,id=s5
2025-10-10 11:53:08,385 [s5-impl-thread1] INFO  impl.RoleInfo (RoleInfo.java:shutdownLeaderState(103)) - s5: shutdown s5@group-FC0409821AE5-LeaderStateImpl
2025-10-10 11:53:08,381 [s6-impl-thread1] INFO  server.RaftServer$Division (RaftServerImpl.java:lambda$close$1(528)) - s6@group-FC0409821AE5: shutdown
2025-10-10 11:53:08,385 [s5@group-FC0409821AE5->s3-LogAppenderDefault-LogAppenderDaemon] INFO  leader.LogAppenderDaemon (LogAppenderDaemon.java:run(85)) - s5@group-FC0409821AE5->s3-LogAppenderDefault-LogAppenderDaemon was interrupted: java.lang.InterruptedException
2025-10-10 11:53:08,381 [HandlerDaemon-1] INFO  simulation.RequestHandler (RequestHandler.java:run(127)) - s0.clientHandler1 is interrupted by java.io.InterruptedIOException: 
2025-10-10 11:53:08,385 [s5-impl-thread1] INFO  impl.PendingRequests (PendingRequests.java:sendNotLeaderResponses(281)) - s5@group-FC0409821AE5-PendingRequests: sendNotLeaderResponses
2025-10-10 11:53:08,381 [HandlerDaemon-2] INFO  simulation.RequestHandler (RequestHandler.java:run(127)) - s2.clientHandler2 is interrupted by java.io.InterruptedIOException: 
2025-10-10 11:53:08,381 [HandlerDaemon-0] INFO  simulation.RequestHandler (RequestHandler.java:run(127)) - s2.clientHandler0 is interrupted by java.io.InterruptedIOException: 
2025-10-10 11:53:08,381 [HandlerDaemon-2] INFO  simulation.RequestHandler (RequestHandler.java:run(127)) - s4.serverHandler2 is interrupted by java.io.InterruptedIOException: 
2025-10-10 11:53:08,381 [HandlerDaemon-2] INFO  simulation.RequestHandler (RequestHandler.java:run(127)) - s0.clientHandler2 is interrupted by java.io.InterruptedIOException: 
2025-10-10 11:53:08,381 [HandlerDaemon-1] INFO  simulation.RequestHandler (RequestHandler.java:run(127)) - s2.clientHandler1 is interrupted by java.io.InterruptedIOException: 
2025-10-10 11:53:08,387 [HandlerDaemon-0] INFO  simulation.RequestHandler (RequestHandler.java:run(127)) - s2.serverHandler0 is interrupted by java.io.InterruptedIOException: 
2025-10-10 11:53:08,381 [HandlerDaemon-0] INFO  simulation.RequestHandler (RequestHandler.java:run(127)) - s0.clientHandler0 is interrupted by java.io.InterruptedIOException: 
2025-10-10 11:53:08,381 [s2-impl-thread2] INFO  server.RaftServer$Division (RaftServerImpl.java:lambda$close$1(528)) - s2@group-26DAA163C1DE: shutdown
2025-10-10 11:53:08,381 [s0-impl-thread2] INFO  server.RaftServer$Division (RaftServerImpl.java:lambda$close$1(528)) - s0@group-26DAA163C1DE: shutdown
2025-10-10 11:53:08,387 [s0-impl-thread2] INFO  util.JmxRegister (JmxRegister.java:unregister(74)) - Successfully un-registered JMX Bean with object name Ratis:service=RaftServer,group=group-26DAA163C1DE,id=s0
2025-10-10 11:53:08,387 [s0-impl-thread2] INFO  impl.StateMachineUpdater (StateMachineUpdater.java:stopAndJoin(163)) - s0@group-26DAA163C1DE-StateMachineUpdater: set stopIndex = -1
2025-10-10 11:53:08,387 [s0@group-26DAA163C1DE-StateMachineUpdater] INFO  impl.StateMachineUpdater (StateMachineUpdater.java:stop(140)) - s0@group-26DAA163C1DE-StateMachineUpdater: closing BaseStateMachine, lastApplied=<INITIAL_VALUE>
2025-10-10 11:53:08,381 [s2-impl-thread1] INFO  server.RaftServer$Division (RaftServerImpl.java:lambda$close$1(528)) - s2@group-FC0409821AE5: shutdown
2025-10-10 11:53:08,387 [s2-impl-thread1] INFO  util.JmxRegister (JmxRegister.java:unregister(74)) - Successfully un-registered JMX Bean with object name Ratis:service=RaftServer,group=group-FC0409821AE5,id=s2
2025-10-10 11:53:08,388 [s2-impl-thread1] INFO  impl.RoleInfo (RoleInfo.java:shutdownFollowerState(121)) - s2: shutdown s2@group-FC0409821AE5-FollowerState
2025-10-10 11:53:08,388 [s2-impl-thread1] INFO  impl.StateMachineUpdater (StateMachineUpdater.java:stopAndJoin(163)) - s2@group-FC0409821AE5-StateMachineUpdater: set stopIndex = 3
2025-10-10 11:53:08,381 [s3-impl-thread2] INFO  util.JmxRegister (JmxRegister.java:unregister(74)) - Successfully un-registered JMX Bean with object name Ratis:service=RaftServer,group=group-26DAA163C1DE,id=s3
2025-10-10 11:53:08,388 [s3-impl-thread2] INFO  impl.StateMachineUpdater (StateMachineUpdater.java:stopAndJoin(163)) - s3@group-26DAA163C1DE-StateMachineUpdater: set stopIndex = -1
2025-10-10 11:53:08,388 [s2@group-FC0409821AE5-FollowerState] INFO  impl.FollowerState (FollowerState.java:runImpl(170)) - s2@group-FC0409821AE5-FollowerState was interrupted
2025-10-10 11:53:08,388 [s2@group-FC0409821AE5-StateMachineUpdater] INFO  impl.StateMachineUpdater (StateMachineUpdater.java:stop(140)) - s2@group-FC0409821AE5-StateMachineUpdater: closing BaseStateMachine, lastApplied=(t:1, i:3)
2025-10-10 11:53:08,380 [s4-impl-thread1] INFO  impl.StateMachineUpdater (StateMachineUpdater.java:stopAndJoin(163)) - s4@group-FC0409821AE5-StateMachineUpdater: set stopIndex = 3
2025-10-10 11:53:08,380 [s4@group-FC0409821AE5-StateMachineUpdater] INFO  impl.StateMachineUpdater (StateMachineUpdater.java:stop(140)) - s4@group-FC0409821AE5-StateMachineUpdater: closing BaseStateMachine, lastApplied=(t:1, i:3)
2025-10-10 11:53:08,389 [s0@group-26DAA163C1DE-cacheEviction-AwaitToRun] INFO  util.AwaitToRun (AwaitToRun.java:run(49)) - s0@group-26DAA163C1DE-cacheEviction-AwaitToRun-AwaitForSignal is interrupted
2025-10-10 11:53:08,389 [s4@group-FC0409821AE5-cacheEviction-AwaitToRun] INFO  util.AwaitToRun (AwaitToRun.java:run(49)) - s4@group-FC0409821AE5-cacheEviction-AwaitToRun-AwaitForSignal is interrupted
2025-10-10 11:53:08,388 [s3@group-26DAA163C1DE-StateMachineUpdater] INFO  impl.StateMachineUpdater (StateMachineUpdater.java:stop(140)) - s3@group-26DAA163C1DE-StateMachineUpdater: closing BaseStateMachine, lastApplied=<INITIAL_VALUE>
2025-10-10 11:53:08,388 [s2@group-FC0409821AE5-cacheEviction-AwaitToRun] INFO  util.AwaitToRun (AwaitToRun.java:run(49)) - s2@group-FC0409821AE5-cacheEviction-AwaitToRun-AwaitForSignal is interrupted
2025-10-10 11:53:08,387 [s2-impl-thread2] INFO  util.JmxRegister (JmxRegister.java:unregister(74)) - Successfully un-registered JMX Bean with object name Ratis:service=RaftServer,group=group-26DAA163C1DE,id=s2
2025-10-10 11:53:08,389 [s3@group-26DAA163C1DE-cacheEviction-AwaitToRun] INFO  util.AwaitToRun (AwaitToRun.java:run(49)) - s3@group-26DAA163C1DE-cacheEviction-AwaitToRun-AwaitForSignal is interrupted
2025-10-10 11:53:08,387 [HandlerDaemon-2] INFO  simulation.RequestHandler (RequestHandler.java:run(127)) - s0.serverHandler2 is interrupted by java.io.InterruptedIOException: 
2025-10-10 11:53:08,387 [HandlerDaemon-1] INFO  simulation.RequestHandler (RequestHandler.java:run(127)) - s0.serverHandler1 is interrupted by java.io.InterruptedIOException: 
2025-10-10 11:53:08,387 [HandlerDaemon-0] INFO  simulation.RequestHandler (RequestHandler.java:run(127)) - s0.serverHandler0 is interrupted by java.io.InterruptedIOException: 
2025-10-10 11:53:08,387 [HandlerDaemon-2] INFO  simulation.RequestHandler (RequestHandler.java:run(127)) - s2.serverHandler2 is interrupted by java.io.InterruptedIOException: 
2025-10-10 11:53:08,387 [HandlerDaemon-1] INFO  simulation.RequestHandler (RequestHandler.java:run(127)) - s2.serverHandler1 is interrupted by java.io.InterruptedIOException: 
2025-10-10 11:53:08,385 [s5@group-FC0409821AE5->s6-LogAppenderDefault-LogAppenderDaemon] INFO  leader.LogAppenderDaemon (LogAppenderDaemon.java:run(85)) - s5@group-FC0409821AE5->s6-LogAppenderDefault-LogAppenderDaemon was interrupted: java.lang.InterruptedException
2025-10-10 11:53:08,385 [s5@group-FC0409821AE5->s1-LogAppenderDefault-LogAppenderDaemon] INFO  leader.LogAppenderDaemon (LogAppenderDaemon.java:run(85)) - s5@group-FC0409821AE5->s1-LogAppenderDefault-LogAppenderDaemon was interrupted: java.lang.InterruptedException
2025-10-10 11:53:08,385 [s5@group-FC0409821AE5->s0-LogAppenderDefault-LogAppenderDaemon] INFO  leader.LogAppenderDaemon (LogAppenderDaemon.java:run(85)) - s5@group-FC0409821AE5->s0-LogAppenderDefault-LogAppenderDaemon was interrupted: java.lang.InterruptedException
2025-10-10 11:53:08,385 [s5@group-FC0409821AE5->s2-LogAppenderDefault-LogAppenderDaemon] INFO  leader.LogAppenderDaemon (LogAppenderDaemon.java:run(85)) - s5@group-FC0409821AE5->s2-LogAppenderDefault-LogAppenderDaemon was interrupted: java.lang.InterruptedException
2025-10-10 11:53:08,385 [s5@group-FC0409821AE5->s4-LogAppenderDefault-LogAppenderDaemon] INFO  leader.LogAppenderDaemon (LogAppenderDaemon.java:run(85)) - s5@group-FC0409821AE5->s4-LogAppenderDefault-LogAppenderDaemon was interrupted: java.lang.InterruptedException
2025-10-10 11:53:08,385 [s6-impl-thread1] INFO  util.JmxRegister (JmxRegister.java:unregister(74)) - Successfully un-registered JMX Bean with object name Ratis:service=RaftServer,group=group-FC0409821AE5,id=s6
2025-10-10 11:53:08,391 [s6-impl-thread1] INFO  impl.RoleInfo (RoleInfo.java:shutdownFollowerState(121)) - s6: shutdown s6@group-FC0409821AE5-FollowerState
2025-10-10 11:53:08,391 [s6-impl-thread1] INFO  impl.StateMachineUpdater (StateMachineUpdater.java:stopAndJoin(163)) - s6@group-FC0409821AE5-StateMachineUpdater: set stopIndex = 3
2025-10-10 11:53:08,385 [HandlerDaemon-2] INFO  simulation.RequestHandler (RequestHandler.java:run(127)) - s5.serverHandler2 is interrupted by java.io.InterruptedIOException: 
2025-10-10 11:53:08,391 [s6@group-FC0409821AE5-FollowerState] INFO  impl.FollowerState (FollowerState.java:runImpl(170)) - s6@group-FC0409821AE5-FollowerState was interrupted
2025-10-10 11:53:08,391 [s6@group-FC0409821AE5-StateMachineUpdater] INFO  impl.StateMachineUpdater (StateMachineUpdater.java:stop(140)) - s6@group-FC0409821AE5-StateMachineUpdater: closing BaseStateMachine, lastApplied=(t:1, i:3)
2025-10-10 11:53:08,385 [HandlerDaemon-1] INFO  simulation.RequestHandler (RequestHandler.java:run(127)) - s5.serverHandler1 is interrupted by java.io.InterruptedIOException: 
2025-10-10 11:53:08,384 [s5@group-26DAA163C1DE-StateMachineUpdater] INFO  impl.StateMachineUpdater (StateMachineUpdater.java:stop(140)) - s5@group-26DAA163C1DE-StateMachineUpdater: closing BaseStateMachine, lastApplied=<INITIAL_VALUE>
2025-10-10 11:53:08,384 [s5-impl-thread2] INFO  impl.StateMachineUpdater (StateMachineUpdater.java:stopAndJoin(163)) - s5@group-26DAA163C1DE-StateMachineUpdater: set stopIndex = -1
2025-10-10 11:53:08,384 [s0@group-FC0409821AE5-StateMachineUpdater] INFO  impl.StateMachineUpdater (StateMachineUpdater.java:stop(140)) - s0@group-FC0409821AE5-StateMachineUpdater: closing BaseStateMachine, lastApplied=(t:1, i:3)
2025-10-10 11:53:08,384 [s4@group-26DAA163C1DE-cacheEviction-AwaitToRun] INFO  util.AwaitToRun (AwaitToRun.java:run(49)) - s4@group-26DAA163C1DE-cacheEviction-AwaitToRun-AwaitForSignal is interrupted
2025-10-10 11:53:08,384 [s1-impl-thread2] INFO  server.RaftServer$Division (RaftServerImpl.java:lambda$close$1(528)) - s1@group-26DAA163C1DE: shutdown
2025-10-10 11:53:08,392 [s1-impl-thread2] INFO  util.JmxRegister (JmxRegister.java:unregister(74)) - Successfully un-registered JMX Bean with object name Ratis:service=RaftServer,group=group-26DAA163C1DE,id=s1
2025-10-10 11:53:08,392 [s1-impl-thread2] INFO  impl.StateMachineUpdater (StateMachineUpdater.java:stopAndJoin(163)) - s1@group-26DAA163C1DE-StateMachineUpdater: set stopIndex = -1
2025-10-10 11:53:08,384 [HandlerDaemon-2] INFO  simulation.RequestHandler (RequestHandler.java:run(127)) - s1.clientHandler2 is interrupted by java.io.InterruptedIOException: 
2025-10-10 11:53:08,384 [HandlerDaemon-2] INFO  simulation.RequestHandler (RequestHandler.java:run(127)) - s3.serverHandler2 is interrupted by java.io.InterruptedIOException: 
2025-10-10 11:53:08,384 [HandlerDaemon-1] INFO  simulation.RequestHandler (RequestHandler.java:run(127)) - s1.clientHandler1 is interrupted by java.io.InterruptedIOException: 
2025-10-10 11:53:08,384 [HandlerDaemon-0] INFO  simulation.RequestHandler (RequestHandler.java:run(127)) - s1.clientHandler0 is interrupted by java.io.InterruptedIOException: 
2025-10-10 11:53:08,384 [s1-impl-thread1] INFO  server.RaftServer$Division (RaftServerImpl.java:lambda$close$1(528)) - s1@group-FC0409821AE5: shutdown
2025-10-10 11:53:08,393 [s1-impl-thread1] INFO  util.JmxRegister (JmxRegister.java:unregister(74)) - Successfully un-registered JMX Bean with object name Ratis:service=RaftServer,group=group-FC0409821AE5,id=s1
2025-10-10 11:53:08,393 [s1-impl-thread1] INFO  impl.RoleInfo (RoleInfo.java:shutdownFollowerState(121)) - s1: shutdown s1@group-FC0409821AE5-FollowerState
2025-10-10 11:53:08,384 [HandlerDaemon-2] INFO  simulation.RequestHandler (RequestHandler.java:run(127)) - s6.clientHandler2 is interrupted by java.io.InterruptedIOException: 
2025-10-10 11:53:08,384 [HandlerDaemon-1] INFO  simulation.RequestHandler (RequestHandler.java:run(127)) - s6.clientHandler1 is interrupted by java.io.InterruptedIOException: 
2025-10-10 11:53:08,383 [s6@group-26DAA163C1DE-StateMachineUpdater] INFO  impl.StateMachineUpdater (StateMachineUpdater.java:stop(140)) - s6@group-26DAA163C1DE-StateMachineUpdater: closing BaseStateMachine, lastApplied=<INITIAL_VALUE>
2025-10-10 11:53:08,394 [s1@group-FC0409821AE5-StateMachineUpdater] INFO  impl.StateMachineUpdater (StateMachineUpdater.java:stop(140)) - s1@group-FC0409821AE5-StateMachineUpdater: closing BaseStateMachine, lastApplied=(t:1, i:3)
2025-10-10 11:53:08,383 [s6-impl-thread2] INFO  impl.StateMachineUpdater (StateMachineUpdater.java:stopAndJoin(163)) - s6@group-26DAA163C1DE-StateMachineUpdater: set stopIndex = -1
2025-10-10 11:53:08,383 [s0-impl-thread1] INFO  impl.StateMachineUpdater (StateMachineUpdater.java:stopAndJoin(163)) - s0@group-FC0409821AE5-StateMachineUpdater: set stopIndex = 3
2025-10-10 11:53:08,394 [s6@group-26DAA163C1DE-cacheEviction-AwaitToRun] INFO  util.AwaitToRun (AwaitToRun.java:run(49)) - s6@group-26DAA163C1DE-cacheEviction-AwaitToRun-AwaitForSignal is interrupted
2025-10-10 11:53:08,383 [HandlerDaemon-1] INFO  simulation.RequestHandler (RequestHandler.java:run(127)) - s3.serverHandler1 is interrupted by java.io.InterruptedIOException: 
2025-10-10 11:53:08,394 [s0@group-FC0409821AE5-cacheEviction-AwaitToRun] INFO  util.AwaitToRun (AwaitToRun.java:run(49)) - s0@group-FC0409821AE5-cacheEviction-AwaitToRun-AwaitForSignal is interrupted
2025-10-10 11:53:08,383 [s3@group-FC0409821AE5-FollowerState] INFO  impl.FollowerState (FollowerState.java:runImpl(170)) - s3@group-FC0409821AE5-FollowerState was interrupted
2025-10-10 11:53:08,394 [s1@group-FC0409821AE5-FollowerState] INFO  impl.FollowerState (FollowerState.java:runImpl(170)) - s1@group-FC0409821AE5-FollowerState was interrupted
2025-10-10 11:53:08,393 [s1-impl-thread1] INFO  impl.StateMachineUpdater (StateMachineUpdater.java:stopAndJoin(163)) - s1@group-FC0409821AE5-StateMachineUpdater: set stopIndex = 3
2025-10-10 11:53:08,393 [HandlerDaemon-2] INFO  simulation.RequestHandler (RequestHandler.java:run(127)) - s1.serverHandler2 is interrupted by java.io.InterruptedIOException: 
2025-10-10 11:53:08,393 [HandlerDaemon-1] INFO  simulation.RequestHandler (RequestHandler.java:run(127)) - s1.serverHandler1 is interrupted by java.io.InterruptedIOException: 
2025-10-10 11:53:08,393 [HandlerDaemon-1] INFO  simulation.RequestHandler (RequestHandler.java:run(127)) - s6.serverHandler1 is interrupted by java.io.InterruptedIOException: 
2025-10-10 11:53:08,393 [HandlerDaemon-0] INFO  simulation.RequestHandler (RequestHandler.java:run(127)) - s6.serverHandler0 is interrupted by java.io.InterruptedIOException: 
2025-10-10 11:53:08,393 [HandlerDaemon-2] INFO  simulation.RequestHandler (RequestHandler.java:run(127)) - s6.serverHandler2 is interrupted by java.io.InterruptedIOException: 
2025-10-10 11:53:08,393 [HandlerDaemon-0] INFO  simulation.RequestHandler (RequestHandler.java:run(127)) - s1.serverHandler0 is interrupted by java.io.InterruptedIOException: 
2025-10-10 11:53:08,392 [s1@group-26DAA163C1DE-StateMachineUpdater] INFO  impl.StateMachineUpdater (StateMachineUpdater.java:stop(140)) - s1@group-26DAA163C1DE-StateMachineUpdater: closing BaseStateMachine, lastApplied=<INITIAL_VALUE>
2025-10-10 11:53:08,392 [s5@group-26DAA163C1DE-cacheEviction-AwaitToRun] INFO  util.AwaitToRun (AwaitToRun.java:run(49)) - s5@group-26DAA163C1DE-cacheEviction-AwaitToRun-AwaitForSignal is interrupted
2025-10-10 11:53:08,396 [s1@group-26DAA163C1DE-cacheEviction-AwaitToRun] INFO  util.AwaitToRun (AwaitToRun.java:run(49)) - s1@group-26DAA163C1DE-cacheEviction-AwaitToRun-AwaitForSignal is interrupted
2025-10-10 11:53:08,392 [s6@group-FC0409821AE5-cacheEviction-AwaitToRun] INFO  util.AwaitToRun (AwaitToRun.java:run(49)) - s6@group-FC0409821AE5-cacheEviction-AwaitToRun-AwaitForSignal is interrupted
2025-10-10 11:53:08,391 [s5@group-FC0409821AE5-StateMachineUpdater] INFO  impl.StateMachineUpdater (StateMachineUpdater.java:stop(140)) - s5@group-FC0409821AE5-StateMachineUpdater: closing BaseStateMachine, lastApplied=(t:1, i:4)
2025-10-10 11:53:08,391 [s5-impl-thread1] INFO  impl.StateMachineUpdater (StateMachineUpdater.java:stopAndJoin(163)) - s5@group-FC0409821AE5-StateMachineUpdater: set stopIndex = 4
2025-10-10 11:53:08,389 [s2@group-26DAA163C1DE-StateMachineUpdater] INFO  impl.StateMachineUpdater (StateMachineUpdater.java:stop(140)) - s2@group-26DAA163C1DE-StateMachineUpdater: closing BaseStateMachine, lastApplied=<INITIAL_VALUE>
2025-10-10 11:53:08,389 [s2-impl-thread2] INFO  impl.StateMachineUpdater (StateMachineUpdater.java:stopAndJoin(163)) - s2@group-26DAA163C1DE-StateMachineUpdater: set stopIndex = -1
2025-10-10 11:53:08,397 [s5@group-FC0409821AE5-cacheEviction-AwaitToRun] INFO  util.AwaitToRun (AwaitToRun.java:run(49)) - s5@group-FC0409821AE5-cacheEviction-AwaitToRun-AwaitForSignal is interrupted
2025-10-10 11:53:08,395 [s1@group-FC0409821AE5-cacheEviction-AwaitToRun] INFO  util.AwaitToRun (AwaitToRun.java:run(49)) - s1@group-FC0409821AE5-cacheEviction-AwaitToRun-AwaitForSignal is interrupted
2025-10-10 11:53:08,397 [s2@group-26DAA163C1DE-cacheEviction-AwaitToRun] INFO  util.AwaitToRun (AwaitToRun.java:run(49)) - s2@group-26DAA163C1DE-cacheEviction-AwaitToRun-AwaitForSignal is interrupted
2025-10-10 11:53:09,171 [s3-impl-thread2] INFO  segmented.SegmentedRaftLogWorker (SegmentedRaftLogWorker.java:close(254)) - s3@group-26DAA163C1DE-SegmentedRaftLogWorker close()
2025-10-10 11:53:09,179 [s4-impl-thread2] INFO  segmented.SegmentedRaftLogWorker (SegmentedRaftLogWorker.java:close(254)) - s4@group-26DAA163C1DE-SegmentedRaftLogWorker close()
2025-10-10 11:53:09,188 [s5-impl-thread2] INFO  segmented.SegmentedRaftLogWorker (SegmentedRaftLogWorker.java:close(254)) - s5@group-26DAA163C1DE-SegmentedRaftLogWorker close()
2025-10-10 11:53:09,195 [s6-impl-thread2] INFO  segmented.SegmentedRaftLogWorker (SegmentedRaftLogWorker.java:close(254)) - s6@group-26DAA163C1DE-SegmentedRaftLogWorker close()
2025-10-10 11:53:09,202 [s0-impl-thread2] INFO  segmented.SegmentedRaftLogWorker (SegmentedRaftLogWorker.java:close(254)) - s0@group-26DAA163C1DE-SegmentedRaftLogWorker close()
2025-10-10 11:53:09,208 [s1-impl-thread2] INFO  segmented.SegmentedRaftLogWorker (SegmentedRaftLogWorker.java:close(254)) - s1@group-26DAA163C1DE-SegmentedRaftLogWorker close()
2025-10-10 11:53:09,216 [s2-impl-thread2] INFO  segmented.SegmentedRaftLogWorker (SegmentedRaftLogWorker.java:close(254)) - s2@group-26DAA163C1DE-SegmentedRaftLogWorker close()
2025-10-10 11:53:09,365 [s5-impl-thread1] INFO  segmented.SegmentedRaftLogWorker (SegmentedRaftLogWorker.java:close(254)) - s5@group-FC0409821AE5-SegmentedRaftLogWorker close()
2025-10-10 11:53:09,366 [JvmPauseMonitor17] INFO  util.JvmPauseMonitor (JvmPauseMonitor.java:run(152)) - JvmPauseMonitor-s5: Stopped
2025-10-10 11:53:09,369 [s4-impl-thread1] INFO  segmented.SegmentedRaftLogWorker (SegmentedRaftLogWorker.java:close(254)) - s4@group-FC0409821AE5-SegmentedRaftLogWorker close()
2025-10-10 11:53:09,370 [JvmPauseMonitor16] INFO  util.JvmPauseMonitor (JvmPauseMonitor.java:run(152)) - JvmPauseMonitor-s4: Stopped
2025-10-10 11:53:09,370 [s2-impl-thread1] INFO  segmented.SegmentedRaftLogWorker (SegmentedRaftLogWorker.java:close(254)) - s2@group-FC0409821AE5-SegmentedRaftLogWorker close()
2025-10-10 11:53:09,371 [s3-impl-thread1] INFO  segmented.SegmentedRaftLogWorker (SegmentedRaftLogWorker.java:close(254)) - s3@group-FC0409821AE5-SegmentedRaftLogWorker close()
2025-10-10 11:53:09,371 [JvmPauseMonitor21] INFO  util.JvmPauseMonitor (JvmPauseMonitor.java:run(152)) - JvmPauseMonitor-s2: Stopped
2025-10-10 11:53:09,371 [s0-impl-thread1] INFO  segmented.SegmentedRaftLogWorker (SegmentedRaftLogWorker.java:close(254)) - s0@group-FC0409821AE5-SegmentedRaftLogWorker close()
2025-10-10 11:53:09,372 [JvmPauseMonitor19] INFO  util.JvmPauseMonitor (JvmPauseMonitor.java:run(152)) - JvmPauseMonitor-s0: Stopped
2025-10-10 11:53:09,372 [s6-impl-thread1] INFO  segmented.SegmentedRaftLogWorker (SegmentedRaftLogWorker.java:close(254)) - s6@group-FC0409821AE5-SegmentedRaftLogWorker close()
2025-10-10 11:53:09,372 [JvmPauseMonitor15] INFO  util.JvmPauseMonitor (JvmPauseMonitor.java:run(152)) - JvmPauseMonitor-s3: Stopped
2025-10-10 11:53:09,373 [JvmPauseMonitor18] INFO  util.JvmPauseMonitor (JvmPauseMonitor.java:run(152)) - JvmPauseMonitor-s6: Stopped
2025-10-10 11:53:09,375 [s1-impl-thread1] INFO  segmented.SegmentedRaftLogWorker (SegmentedRaftLogWorker.java:close(254)) - s1@group-FC0409821AE5-SegmentedRaftLogWorker close()
2025-10-10 11:53:09,376 [JvmPauseMonitor20] INFO  util.JvmPauseMonitor (JvmPauseMonitor.java:run(152)) - JvmPauseMonitor-s1: Stopped
2025-10-10 11:53:09,376 [main] INFO  impl.MiniRaftCluster (MiniRaftCluster.java:shutdown(817)) - MiniRaftClusterWithSimulatedRpc shutdown completed
| MiniRaftClusterWithSimulatedRpc[1, 6, 7]chosen=1 | shutdown | 13 |
]]></system-out>
  </testcase>
  <testcase name="testMultiGroup9Nodes" classname="org.apache.ratis.server.simulation.TestGroupManagementWithSimulatedRpc" time="19.069">
    <failure message="Unexpected exit." type="java.lang.AssertionError"><![CDATA[java.lang.AssertionError: Unexpected exit.
	at org.apache.ratis.util.ExitUtils.assertNotTerminated(ExitUtils.java:109)
	at org.apache.ratis.server.impl.MiniRaftCluster.shutdown(MiniRaftCluster.java:816)
	at org.apache.ratis.server.impl.GroupManagementBaseTest.runMultiGroupTest(GroupManagementBaseTest.java:343)
	at org.apache.ratis.server.impl.GroupManagementBaseTest.runMultiGroupTest(GroupManagementBaseTest.java:239)
	at org.apache.ratis.server.impl.GroupManagementBaseTest.testMultiGroup9Nodes(GroupManagementBaseTest.java:234)
	at java.lang.reflect.Method.invoke(Method.java:498)
	at java.util.ArrayList.forEach(ArrayList.java:1259)
	at java.util.ArrayList.forEach(ArrayList.java:1259)
	Suppressed: java.lang.AssertionError: Unexpected exit.
		at org.apache.ratis.util.ExitUtils.assertNotTerminated(ExitUtils.java:109)
		at org.apache.ratis.BaseTest.assertNoFailures(BaseTest.java:99)
		... 3 more
	Caused by: org.apache.ratis.util.ExitUtils$ExitException: s0.serverHandler2 is terminating.
		at org.apache.ratis.util.ExitUtils.terminate(ExitUtils.java:141)
		at org.apache.ratis.util.ExitUtils.terminate(ExitUtils.java:151)
		at org.apache.ratis.server.simulation.RequestHandler$HandlerDaemon.run(RequestHandler.java:138)
	Caused by: java.lang.IllegalStateException: s0@group-C0E65F787AE8-SegmentedRaftLog is expected to be opened but it is CLOSED
		at org.apache.ratis.util.OpenCloseState.assertOpen(OpenCloseState.java:63)
		at org.apache.ratis.server.raftlog.RaftLogBase.checkLogState(RaftLogBase.java:113)
		at org.apache.ratis.server.raftlog.segmented.SegmentedRaftLog.getLastEntryTermIndex(SegmentedRaftLog.java:356)
		at org.apache.ratis.server.impl.ServerState.getLastEntry(ServerState.java:316)
		at org.apache.ratis.server.impl.RaftServerImpl.requestVote(RaftServerImpl.java:1466)
		at org.apache.ratis.server.impl.RaftServerImpl.requestVote(RaftServerImpl.java:1422)
		at org.apache.ratis.server.impl.RaftServerProxy.requestVote(RaftServerProxy.java:642)
		at org.apache.ratis.server.simulation.SimulatedServerRpc$1.handleRequest(SimulatedServerRpc.java:165)
		at org.apache.ratis.server.simulation.SimulatedServerRpc$1.handleRequest(SimulatedServerRpc.java:153)
		at org.apache.ratis.server.simulation.RequestHandler.handleRequest(RequestHandler.java:91)
		at org.apache.ratis.server.simulation.RequestHandler$HandlerDaemon.run(RequestHandler.java:125)
	Caused by: org.apache.ratis.util.OpenCloseState$CloseTrace: Close s0@group-C0E65F787AE8-SegmentedRaftLog
		at org.apache.ratis.util.OpenCloseState.lambda$close$1(OpenCloseState.java:109)
		at java.util.concurrent.atomic.AtomicReference.getAndUpdate(AtomicReference.java:160)
		at org.apache.ratis.util.OpenCloseState.close(OpenCloseState.java:109)
		at org.apache.ratis.server.raftlog.RaftLogBase.close(RaftLogBase.java:394)
		at org.apache.ratis.server.raftlog.segmented.SegmentedRaftLog.close(SegmentedRaftLog.java:528)
		at org.apache.ratis.server.impl.ServerState.close(ServerState.java:440)
		at org.apache.ratis.server.impl.RaftServerImpl.lambda$close$1(RaftServerImpl.java:550)
		at org.apache.ratis.util.LifeCycle.lambda$checkStateAndClose$7(LifeCycle.java:309)
		at org.apache.ratis.util.LifeCycle.checkStateAndClose(LifeCycle.java:329)
		at org.apache.ratis.util.LifeCycle.checkStateAndClose(LifeCycle.java:307)
		at org.apache.ratis.server.impl.RaftServerImpl.close(RaftServerImpl.java:527)
		at org.apache.ratis.server.impl.RaftServerImpl.groupRemove(RaftServerImpl.java:485)
		at org.apache.ratis.server.impl.RaftServerProxy.lambda$groupRemoveAsync$15(RaftServerProxy.java:554)
		at java.util.concurrent.CompletableFuture.uniApply(CompletableFuture.java:616)
		at java.util.concurrent.CompletableFuture.uniApplyStage(CompletableFuture.java:628)
		at java.util.concurrent.CompletableFuture.thenApply(CompletableFuture.java:1996)
		at org.apache.ratis.server.impl.RaftServerProxy.groupRemoveAsync(RaftServerProxy.java:553)
		at org.apache.ratis.server.impl.RaftServerProxy.groupManagementAsync(RaftServerProxy.java:502)
		at org.apache.ratis.server.impl.RaftServerProxy.groupManagement(RaftServerProxy.java:482)
		at org.apache.ratis.server.simulation.SimulatedServerRpc$2.handleRequest(SimulatedServerRpc.java:189)
		at org.apache.ratis.server.simulation.SimulatedServerRpc$2.handleRequest(SimulatedServerRpc.java:177)
		... 2 more
Caused by: [CIRCULAR REFERENCE: org.apache.ratis.util.ExitUtils$ExitException: s0.serverHandler2 is terminating.]
]]></failure>
    <system-out><![CDATA[2025-10-10 11:53:09,378 [main] INFO  util.LogUtils (Slf4jUtils.java:setLogLevel(38)) - Successfully set org.apache.ratis.conf.ConfUtils log level to WARN
2025-10-10 11:53:09,379 [main] INFO  util.LogUtils (Slf4jUtils.java:setLogLevel(38)) - Successfully set org.apache.ratis.util.FileUtils log level to TRACE
2025-10-10 11:53:09,379 [main] INFO  util.LogUtils (Slf4jUtils.java:setLogLevel(38)) - Successfully set org.apache.ratis.server.RaftServer log level to DEBUG
2025-10-10 11:53:09,379 [main] INFO  util.LogUtils (Slf4jUtils.java:setLogLevel(38)) - Successfully set org.apache.ratis.server.RaftServer$Division log level to DEBUG
2025-10-10 11:53:09,379 [main] INFO  util.LogUtils (Slf4jUtils.java:setLogLevel(38)) - Successfully set org.apache.ratis.client.RaftClient log level to DEBUG
| null | init | 12 |
2025-10-10 11:53:09,381 [main] INFO  impl.MiniRaftCluster (MiniRaftCluster.java:<init>(297)) - new MiniRaftClusterWithSimulatedRpc with group-B596E5D396F8:[]
2025-10-10 11:53:09,381 [main] INFO  impl.GroupManagementBaseTest (GroupManagementBaseTest.java:runMultiGroupTest(253)) - 

runMultiGroupTest with MiniRaftClusterWithSimulatedRpc[5, 8, 9]chosen=2: printing ALL groups
2025-10-10 11:53:09,382 [main] INFO  impl.GroupManagementBaseTest (GroupManagementBaseTest.java:runMultiGroupTest(260)) - ids: [s0, s1, s2, s3, s4, s5, s6, s7, s8]
2025-10-10 11:53:09,382 [main] INFO  impl.MiniRaftCluster (MiniRaftCluster.java:newRaftServer(376)) - newRaftServer: s0, group-B596E5D396F8:[], format? true
2025-10-10 11:53:09,382 [main] TRACE util.FileUtils (FileUtils.java:deleteFully(355)) - deleteFully target/test/data/319b119c/MiniRaftClusterWithSimulatedRpcdcda50c5/s0
2025-10-10 11:53:09,382 [main] TRACE util.FileUtils (FileUtils.java:deleteFully(368)) - deleteFully: target/test/data/319b119c/MiniRaftClusterWithSimulatedRpcdcda50c5/s0 does not exist.
2025-10-10 11:53:09,383 [main] INFO  impl.MiniRaftCluster (MiniRaftCluster.java:newRaftServer(381)) - Formatted directory target/test/data/319b119c/MiniRaftClusterWithSimulatedRpcdcda50c5/s0
2025-10-10 11:53:09,383 [main] DEBUG server.RaftServer (ServerImplUtils.java:newRaftServer(172)) - newRaftServer: s0, group-B596E5D396F8:[]
2025-10-10 11:53:09,384 [main] INFO  server.RaftServer (VersionInfo.java:printStartupMessages(132)) - Starting Apache Ratis Test -- RaftServerProxy s0
2025-10-10 11:53:09,384 [main] INFO  server.RaftServer (VersionInfo.java:printStartupMessages(136)) -                version: 3.1.3
2025-10-10 11:53:09,384 [main] INFO  server.RaftServer (VersionInfo.java:printStartupMessages(136)) -                    url: https://github.com/apache/ratis
2025-10-10 11:53:09,384 [main] INFO  server.RaftServer (VersionInfo.java:printStartupMessages(136)) -               revision: fd9ca3ab389b19913d3754459d6ee9a5ba33189b
2025-10-10 11:53:09,384 [main] INFO  server.RaftServer (VersionInfo.java:printStartupMessages(139)) -                   java: OpenJDK 64-Bit Server VM 1.8.0_462-b08
2025-10-10 11:53:09,385 [main] INFO  server.RaftServer (VersionInfo.java:printStartupMessages(139)) -                   user: runner
2025-10-10 11:53:09,385 [main] INFO  server.RaftServerConfigKeys (ConfUtils.java:logGet(62)) - raft.server.storage.dir = [/home/runner/work/ratis/ratis/ratis-test/target/test/data/319b119c/MiniRaftClusterWithSimulatedRpcdcda50c5/s0] (custom)
2025-10-10 11:53:09,386 [main] INFO  server.RaftServer (RaftServerProxy.java:addNew(106)) - s0: addNew group-B596E5D396F8:[] returns group-B596E5D396F8:java.util.concurrent.CompletableFuture@188cbcde[Not completed]
2025-10-10 11:53:09,386 [main] INFO  impl.MiniRaftCluster (MiniRaftCluster.java:newRaftServer(376)) - newRaftServer: s1, group-B596E5D396F8:[], format? true
2025-10-10 11:53:09,386 [main] TRACE util.FileUtils (FileUtils.java:deleteFully(355)) - deleteFully target/test/data/319b119c/MiniRaftClusterWithSimulatedRpcdcda50c5/s1
2025-10-10 11:53:09,386 [s0-groupManagement] INFO  server.RaftServer$Division (RaftServerImpl.java:<init>(269)) - s0: new RaftServerImpl for group-B596E5D396F8:[] with BaseStateMachine-41:uninitialized
2025-10-10 11:53:09,386 [main] TRACE util.FileUtils (FileUtils.java:deleteFully(368)) - deleteFully: target/test/data/319b119c/MiniRaftClusterWithSimulatedRpcdcda50c5/s1 does not exist.
2025-10-10 11:53:09,387 [main] INFO  impl.MiniRaftCluster (MiniRaftCluster.java:newRaftServer(381)) - Formatted directory target/test/data/319b119c/MiniRaftClusterWithSimulatedRpcdcda50c5/s1
2025-10-10 11:53:09,387 [main] DEBUG server.RaftServer (ServerImplUtils.java:newRaftServer(172)) - newRaftServer: s1, group-B596E5D396F8:[]
2025-10-10 11:53:09,387 [main] INFO  server.RaftServer (VersionInfo.java:printStartupMessages(132)) - Starting Apache Ratis Test -- RaftServerProxy s1
2025-10-10 11:53:09,387 [main] INFO  server.RaftServer (VersionInfo.java:printStartupMessages(136)) -                version: 3.1.3
2025-10-10 11:53:09,387 [s0-groupManagement] INFO  server.RaftServer$Division (ServerState.java:<init>(115)) - s0@group-B596E5D396F8: ConfigurationManager, init=conf: {index: -1, cur=peers:[]|listeners:[], old=null}, confs=<EMPTY_MAP>
2025-10-10 11:53:09,388 [main] INFO  server.RaftServer (VersionInfo.java:printStartupMessages(136)) -                    url: https://github.com/apache/ratis
2025-10-10 11:53:09,388 [main] INFO  server.RaftServer (VersionInfo.java:printStartupMessages(136)) -               revision: fd9ca3ab389b19913d3754459d6ee9a5ba33189b
2025-10-10 11:53:09,388 [main] INFO  server.RaftServer (VersionInfo.java:printStartupMessages(139)) -                   java: OpenJDK 64-Bit Server VM 1.8.0_462-b08
2025-10-10 11:53:09,388 [main] INFO  server.RaftServer (VersionInfo.java:printStartupMessages(139)) -                   user: runner
2025-10-10 11:53:09,389 [main] INFO  server.RaftServerConfigKeys (ConfUtils.java:logGet(62)) - raft.server.storage.dir = [/home/runner/work/ratis/ratis/ratis-test/target/test/data/319b119c/MiniRaftClusterWithSimulatedRpcdcda50c5/s1] (custom)
2025-10-10 11:53:09,389 [main] INFO  server.RaftServer (RaftServerProxy.java:addNew(106)) - s1: addNew group-B596E5D396F8:[] returns group-B596E5D396F8:java.util.concurrent.CompletableFuture@4af70944[Not completed]
2025-10-10 11:53:09,389 [s1-groupManagement] INFO  server.RaftServer$Division (RaftServerImpl.java:<init>(269)) - s1: new RaftServerImpl for group-B596E5D396F8:[] with BaseStateMachine-42:uninitialized
2025-10-10 11:53:09,390 [s1-groupManagement] INFO  server.RaftServer$Division (ServerState.java:<init>(115)) - s1@group-B596E5D396F8: ConfigurationManager, init=conf: {index: -1, cur=peers:[]|listeners:[], old=null}, confs=<EMPTY_MAP>
2025-10-10 11:53:09,389 [main] INFO  impl.MiniRaftCluster (MiniRaftCluster.java:newRaftServer(376)) - newRaftServer: s2, group-B596E5D396F8:[], format? true
2025-10-10 11:53:09,390 [main] TRACE util.FileUtils (FileUtils.java:deleteFully(355)) - deleteFully target/test/data/319b119c/MiniRaftClusterWithSimulatedRpcdcda50c5/s2
2025-10-10 11:53:09,391 [main] TRACE util.FileUtils (FileUtils.java:deleteFully(368)) - deleteFully: target/test/data/319b119c/MiniRaftClusterWithSimulatedRpcdcda50c5/s2 does not exist.
2025-10-10 11:53:09,391 [main] INFO  impl.MiniRaftCluster (MiniRaftCluster.java:newRaftServer(381)) - Formatted directory target/test/data/319b119c/MiniRaftClusterWithSimulatedRpcdcda50c5/s2
2025-10-10 11:53:09,391 [main] DEBUG server.RaftServer (ServerImplUtils.java:newRaftServer(172)) - newRaftServer: s2, group-B596E5D396F8:[]
2025-10-10 11:53:09,391 [main] INFO  server.RaftServer (VersionInfo.java:printStartupMessages(132)) - Starting Apache Ratis Test -- RaftServerProxy s2
2025-10-10 11:53:09,391 [main] INFO  server.RaftServer (VersionInfo.java:printStartupMessages(136)) -                version: 3.1.3
2025-10-10 11:53:09,392 [main] INFO  server.RaftServer (VersionInfo.java:printStartupMessages(136)) -                    url: https://github.com/apache/ratis
2025-10-10 11:53:09,392 [main] INFO  server.RaftServer (VersionInfo.java:printStartupMessages(136)) -               revision: fd9ca3ab389b19913d3754459d6ee9a5ba33189b
2025-10-10 11:53:09,392 [main] INFO  server.RaftServer (VersionInfo.java:printStartupMessages(139)) -                   java: OpenJDK 64-Bit Server VM 1.8.0_462-b08
2025-10-10 11:53:09,392 [main] INFO  server.RaftServer (VersionInfo.java:printStartupMessages(139)) -                   user: runner
2025-10-10 11:53:09,392 [main] INFO  server.RaftServerConfigKeys (ConfUtils.java:logGet(62)) - raft.server.storage.dir = [/home/runner/work/ratis/ratis/ratis-test/target/test/data/319b119c/MiniRaftClusterWithSimulatedRpcdcda50c5/s2] (custom)
2025-10-10 11:53:09,393 [main] INFO  server.RaftServer (RaftServerProxy.java:addNew(106)) - s2: addNew group-B596E5D396F8:[] returns group-B596E5D396F8:java.util.concurrent.CompletableFuture@44e93c1f[Not completed]
2025-10-10 11:53:09,393 [s2-groupManagement] INFO  server.RaftServer$Division (RaftServerImpl.java:<init>(269)) - s2: new RaftServerImpl for group-B596E5D396F8:[] with BaseStateMachine-43:uninitialized
2025-10-10 11:53:09,393 [main] INFO  impl.MiniRaftCluster (MiniRaftCluster.java:newRaftServer(376)) - newRaftServer: s3, group-B596E5D396F8:[], format? true
2025-10-10 11:53:09,393 [main] TRACE util.FileUtils (FileUtils.java:deleteFully(355)) - deleteFully target/test/data/319b119c/MiniRaftClusterWithSimulatedRpcdcda50c5/s3
2025-10-10 11:53:09,393 [s2-groupManagement] INFO  server.RaftServer$Division (ServerState.java:<init>(115)) - s2@group-B596E5D396F8: ConfigurationManager, init=conf: {index: -1, cur=peers:[]|listeners:[], old=null}, confs=<EMPTY_MAP>
2025-10-10 11:53:09,393 [main] TRACE util.FileUtils (FileUtils.java:deleteFully(368)) - deleteFully: target/test/data/319b119c/MiniRaftClusterWithSimulatedRpcdcda50c5/s3 does not exist.
2025-10-10 11:53:09,393 [main] INFO  impl.MiniRaftCluster (MiniRaftCluster.java:newRaftServer(381)) - Formatted directory target/test/data/319b119c/MiniRaftClusterWithSimulatedRpcdcda50c5/s3
2025-10-10 11:53:09,394 [main] DEBUG server.RaftServer (ServerImplUtils.java:newRaftServer(172)) - newRaftServer: s3, group-B596E5D396F8:[]
2025-10-10 11:53:09,394 [main] INFO  server.RaftServer (VersionInfo.java:printStartupMessages(132)) - Starting Apache Ratis Test -- RaftServerProxy s3
2025-10-10 11:53:09,394 [main] INFO  server.RaftServer (VersionInfo.java:printStartupMessages(136)) -                version: 3.1.3
2025-10-10 11:53:09,394 [main] INFO  server.RaftServer (VersionInfo.java:printStartupMessages(136)) -                    url: https://github.com/apache/ratis
2025-10-10 11:53:09,395 [main] INFO  server.RaftServer (VersionInfo.java:printStartupMessages(136)) -               revision: fd9ca3ab389b19913d3754459d6ee9a5ba33189b
2025-10-10 11:53:09,395 [main] INFO  server.RaftServer (VersionInfo.java:printStartupMessages(139)) -                   java: OpenJDK 64-Bit Server VM 1.8.0_462-b08
2025-10-10 11:53:09,395 [main] INFO  server.RaftServer (VersionInfo.java:printStartupMessages(139)) -                   user: runner
2025-10-10 11:53:09,395 [main] INFO  server.RaftServerConfigKeys (ConfUtils.java:logGet(62)) - raft.server.storage.dir = [/home/runner/work/ratis/ratis/ratis-test/target/test/data/319b119c/MiniRaftClusterWithSimulatedRpcdcda50c5/s3] (custom)
2025-10-10 11:53:09,395 [main] INFO  server.RaftServer (RaftServerProxy.java:addNew(106)) - s3: addNew group-B596E5D396F8:[] returns group-B596E5D396F8:java.util.concurrent.CompletableFuture@7661b5a[Not completed]
2025-10-10 11:53:09,396 [s3-groupManagement] INFO  server.RaftServer$Division (RaftServerImpl.java:<init>(269)) - s3: new RaftServerImpl for group-B596E5D396F8:[] with BaseStateMachine-44:uninitialized
2025-10-10 11:53:09,396 [main] INFO  impl.MiniRaftCluster (MiniRaftCluster.java:newRaftServer(376)) - newRaftServer: s4, group-B596E5D396F8:[], format? true
2025-10-10 11:53:09,396 [main] TRACE util.FileUtils (FileUtils.java:deleteFully(355)) - deleteFully target/test/data/319b119c/MiniRaftClusterWithSimulatedRpcdcda50c5/s4
2025-10-10 11:53:09,396 [s3-groupManagement] INFO  server.RaftServer$Division (ServerState.java:<init>(115)) - s3@group-B596E5D396F8: ConfigurationManager, init=conf: {index: -1, cur=peers:[]|listeners:[], old=null}, confs=<EMPTY_MAP>
2025-10-10 11:53:09,396 [main] TRACE util.FileUtils (FileUtils.java:deleteFully(368)) - deleteFully: target/test/data/319b119c/MiniRaftClusterWithSimulatedRpcdcda50c5/s4 does not exist.
2025-10-10 11:53:09,396 [main] INFO  impl.MiniRaftCluster (MiniRaftCluster.java:newRaftServer(381)) - Formatted directory target/test/data/319b119c/MiniRaftClusterWithSimulatedRpcdcda50c5/s4
2025-10-10 11:53:09,396 [main] DEBUG server.RaftServer (ServerImplUtils.java:newRaftServer(172)) - newRaftServer: s4, group-B596E5D396F8:[]
2025-10-10 11:53:09,397 [main] INFO  server.RaftServer (VersionInfo.java:printStartupMessages(132)) - Starting Apache Ratis Test -- RaftServerProxy s4
2025-10-10 11:53:09,397 [main] INFO  server.RaftServer (VersionInfo.java:printStartupMessages(136)) -                version: 3.1.3
2025-10-10 11:53:09,397 [main] INFO  server.RaftServer (VersionInfo.java:printStartupMessages(136)) -                    url: https://github.com/apache/ratis
2025-10-10 11:53:09,397 [main] INFO  server.RaftServer (VersionInfo.java:printStartupMessages(136)) -               revision: fd9ca3ab389b19913d3754459d6ee9a5ba33189b
2025-10-10 11:53:09,397 [main] INFO  server.RaftServer (VersionInfo.java:printStartupMessages(139)) -                   java: OpenJDK 64-Bit Server VM 1.8.0_462-b08
2025-10-10 11:53:09,398 [main] INFO  server.RaftServer (VersionInfo.java:printStartupMessages(139)) -                   user: runner
2025-10-10 11:53:09,398 [main] INFO  server.RaftServerConfigKeys (ConfUtils.java:logGet(62)) - raft.server.storage.dir = [/home/runner/work/ratis/ratis/ratis-test/target/test/data/319b119c/MiniRaftClusterWithSimulatedRpcdcda50c5/s4] (custom)
2025-10-10 11:53:09,398 [main] INFO  server.RaftServer (RaftServerProxy.java:addNew(106)) - s4: addNew group-B596E5D396F8:[] returns group-B596E5D396F8:java.util.concurrent.CompletableFuture@4e08acf9[Not completed]
2025-10-10 11:53:09,399 [main] INFO  impl.MiniRaftCluster (MiniRaftCluster.java:newRaftServer(376)) - newRaftServer: s5, group-B596E5D396F8:[], format? true
2025-10-10 11:53:09,399 [main] TRACE util.FileUtils (FileUtils.java:deleteFully(355)) - deleteFully target/test/data/319b119c/MiniRaftClusterWithSimulatedRpcdcda50c5/s5
2025-10-10 11:53:09,399 [main] TRACE util.FileUtils (FileUtils.java:deleteFully(368)) - deleteFully: target/test/data/319b119c/MiniRaftClusterWithSimulatedRpcdcda50c5/s5 does not exist.
2025-10-10 11:53:09,399 [main] INFO  impl.MiniRaftCluster (MiniRaftCluster.java:newRaftServer(381)) - Formatted directory target/test/data/319b119c/MiniRaftClusterWithSimulatedRpcdcda50c5/s5
2025-10-10 11:53:09,399 [main] DEBUG server.RaftServer (ServerImplUtils.java:newRaftServer(172)) - newRaftServer: s5, group-B596E5D396F8:[]
2025-10-10 11:53:09,398 [s4-groupManagement] INFO  server.RaftServer$Division (RaftServerImpl.java:<init>(269)) - s4: new RaftServerImpl for group-B596E5D396F8:[] with BaseStateMachine-45:uninitialized
2025-10-10 11:53:09,399 [main] INFO  server.RaftServer (VersionInfo.java:printStartupMessages(132)) - Starting Apache Ratis Test -- RaftServerProxy s5
2025-10-10 11:53:09,400 [main] INFO  server.RaftServer (VersionInfo.java:printStartupMessages(136)) -                version: 3.1.3
2025-10-10 11:53:09,400 [main] INFO  server.RaftServer (VersionInfo.java:printStartupMessages(136)) -                    url: https://github.com/apache/ratis
2025-10-10 11:53:09,400 [main] INFO  server.RaftServer (VersionInfo.java:printStartupMessages(136)) -               revision: fd9ca3ab389b19913d3754459d6ee9a5ba33189b
2025-10-10 11:53:09,400 [s4-groupManagement] INFO  server.RaftServer$Division (ServerState.java:<init>(115)) - s4@group-B596E5D396F8: ConfigurationManager, init=conf: {index: -1, cur=peers:[]|listeners:[], old=null}, confs=<EMPTY_MAP>
2025-10-10 11:53:09,400 [main] INFO  server.RaftServer (VersionInfo.java:printStartupMessages(139)) -                   java: OpenJDK 64-Bit Server VM 1.8.0_462-b08
2025-10-10 11:53:09,400 [main] INFO  server.RaftServer (VersionInfo.java:printStartupMessages(139)) -                   user: runner
2025-10-10 11:53:09,401 [main] INFO  server.RaftServerConfigKeys (ConfUtils.java:logGet(62)) - raft.server.storage.dir = [/home/runner/work/ratis/ratis/ratis-test/target/test/data/319b119c/MiniRaftClusterWithSimulatedRpcdcda50c5/s5] (custom)
2025-10-10 11:53:09,401 [main] INFO  server.RaftServer (RaftServerProxy.java:addNew(106)) - s5: addNew group-B596E5D396F8:[] returns group-B596E5D396F8:java.util.concurrent.CompletableFuture@14ef2482[Not completed]
2025-10-10 11:53:09,401 [main] INFO  impl.MiniRaftCluster (MiniRaftCluster.java:newRaftServer(376)) - newRaftServer: s6, group-B596E5D396F8:[], format? true
2025-10-10 11:53:09,402 [main] TRACE util.FileUtils (FileUtils.java:deleteFully(355)) - deleteFully target/test/data/319b119c/MiniRaftClusterWithSimulatedRpcdcda50c5/s6
2025-10-10 11:53:09,401 [s5-groupManagement] INFO  server.RaftServer$Division (RaftServerImpl.java:<init>(269)) - s5: new RaftServerImpl for group-B596E5D396F8:[] with BaseStateMachine-46:uninitialized
2025-10-10 11:53:09,402 [main] TRACE util.FileUtils (FileUtils.java:deleteFully(368)) - deleteFully: target/test/data/319b119c/MiniRaftClusterWithSimulatedRpcdcda50c5/s6 does not exist.
2025-10-10 11:53:09,402 [main] INFO  impl.MiniRaftCluster (MiniRaftCluster.java:newRaftServer(381)) - Formatted directory target/test/data/319b119c/MiniRaftClusterWithSimulatedRpcdcda50c5/s6
2025-10-10 11:53:09,402 [s5-groupManagement] INFO  server.RaftServer$Division (ServerState.java:<init>(115)) - s5@group-B596E5D396F8: ConfigurationManager, init=conf: {index: -1, cur=peers:[]|listeners:[], old=null}, confs=<EMPTY_MAP>
2025-10-10 11:53:09,402 [main] DEBUG server.RaftServer (ServerImplUtils.java:newRaftServer(172)) - newRaftServer: s6, group-B596E5D396F8:[]
2025-10-10 11:53:09,402 [main] INFO  server.RaftServer (VersionInfo.java:printStartupMessages(132)) - Starting Apache Ratis Test -- RaftServerProxy s6
2025-10-10 11:53:09,403 [main] INFO  server.RaftServer (VersionInfo.java:printStartupMessages(136)) -                version: 3.1.3
2025-10-10 11:53:09,403 [main] INFO  server.RaftServer (VersionInfo.java:printStartupMessages(136)) -                    url: https://github.com/apache/ratis
2025-10-10 11:53:09,403 [main] INFO  server.RaftServer (VersionInfo.java:printStartupMessages(136)) -               revision: fd9ca3ab389b19913d3754459d6ee9a5ba33189b
2025-10-10 11:53:09,403 [main] INFO  server.RaftServer (VersionInfo.java:printStartupMessages(139)) -                   java: OpenJDK 64-Bit Server VM 1.8.0_462-b08
2025-10-10 11:53:09,403 [main] INFO  server.RaftServer (VersionInfo.java:printStartupMessages(139)) -                   user: runner
2025-10-10 11:53:09,404 [main] INFO  server.RaftServerConfigKeys (ConfUtils.java:logGet(62)) - raft.server.storage.dir = [/home/runner/work/ratis/ratis/ratis-test/target/test/data/319b119c/MiniRaftClusterWithSimulatedRpcdcda50c5/s6] (custom)
2025-10-10 11:53:09,404 [main] INFO  server.RaftServer (RaftServerProxy.java:addNew(106)) - s6: addNew group-B596E5D396F8:[] returns group-B596E5D396F8:java.util.concurrent.CompletableFuture@5ec4ff02[Not completed]
2025-10-10 11:53:09,404 [s6-groupManagement] INFO  server.RaftServer$Division (RaftServerImpl.java:<init>(269)) - s6: new RaftServerImpl for group-B596E5D396F8:[] with BaseStateMachine-47:uninitialized
2025-10-10 11:53:09,404 [main] INFO  impl.MiniRaftCluster (MiniRaftCluster.java:newRaftServer(376)) - newRaftServer: s7, group-B596E5D396F8:[], format? true
2025-10-10 11:53:09,405 [main] TRACE util.FileUtils (FileUtils.java:deleteFully(355)) - deleteFully target/test/data/319b119c/MiniRaftClusterWithSimulatedRpcdcda50c5/s7
2025-10-10 11:53:09,404 [s6-groupManagement] INFO  server.RaftServer$Division (ServerState.java:<init>(115)) - s6@group-B596E5D396F8: ConfigurationManager, init=conf: {index: -1, cur=peers:[]|listeners:[], old=null}, confs=<EMPTY_MAP>
2025-10-10 11:53:09,405 [main] TRACE util.FileUtils (FileUtils.java:deleteFully(368)) - deleteFully: target/test/data/319b119c/MiniRaftClusterWithSimulatedRpcdcda50c5/s7 does not exist.
2025-10-10 11:53:09,405 [main] INFO  impl.MiniRaftCluster (MiniRaftCluster.java:newRaftServer(381)) - Formatted directory target/test/data/319b119c/MiniRaftClusterWithSimulatedRpcdcda50c5/s7
2025-10-10 11:53:09,405 [main] DEBUG server.RaftServer (ServerImplUtils.java:newRaftServer(172)) - newRaftServer: s7, group-B596E5D396F8:[]
2025-10-10 11:53:09,405 [main] INFO  server.RaftServer (VersionInfo.java:printStartupMessages(132)) - Starting Apache Ratis Test -- RaftServerProxy s7
2025-10-10 11:53:09,406 [main] INFO  server.RaftServer (VersionInfo.java:printStartupMessages(136)) -                version: 3.1.3
2025-10-10 11:53:09,406 [main] INFO  server.RaftServer (VersionInfo.java:printStartupMessages(136)) -                    url: https://github.com/apache/ratis
2025-10-10 11:53:09,406 [main] INFO  server.RaftServer (VersionInfo.java:printStartupMessages(136)) -               revision: fd9ca3ab389b19913d3754459d6ee9a5ba33189b
2025-10-10 11:53:09,406 [main] INFO  server.RaftServer (VersionInfo.java:printStartupMessages(139)) -                   java: OpenJDK 64-Bit Server VM 1.8.0_462-b08
2025-10-10 11:53:09,406 [main] INFO  server.RaftServer (VersionInfo.java:printStartupMessages(139)) -                   user: runner
2025-10-10 11:53:09,406 [main] INFO  server.RaftServerConfigKeys (ConfUtils.java:logGet(62)) - raft.server.storage.dir = [/home/runner/work/ratis/ratis/ratis-test/target/test/data/319b119c/MiniRaftClusterWithSimulatedRpcdcda50c5/s7] (custom)
2025-10-10 11:53:09,407 [main] INFO  server.RaftServer (RaftServerProxy.java:addNew(106)) - s7: addNew group-B596E5D396F8:[] returns group-B596E5D396F8:java.util.concurrent.CompletableFuture@711d1a52[Not completed]
2025-10-10 11:53:09,407 [s7-groupManagement] INFO  server.RaftServer$Division (RaftServerImpl.java:<init>(269)) - s7: new RaftServerImpl for group-B596E5D396F8:[] with BaseStateMachine-48:uninitialized
2025-10-10 11:53:09,407 [s7-groupManagement] INFO  server.RaftServer$Division (ServerState.java:<init>(115)) - s7@group-B596E5D396F8: ConfigurationManager, init=conf: {index: -1, cur=peers:[]|listeners:[], old=null}, confs=<EMPTY_MAP>
2025-10-10 11:53:09,407 [main] INFO  impl.MiniRaftCluster (MiniRaftCluster.java:newRaftServer(376)) - newRaftServer: s8, group-B596E5D396F8:[], format? true
2025-10-10 11:53:09,408 [main] TRACE util.FileUtils (FileUtils.java:deleteFully(355)) - deleteFully target/test/data/319b119c/MiniRaftClusterWithSimulatedRpcdcda50c5/s8
2025-10-10 11:53:09,408 [main] TRACE util.FileUtils (FileUtils.java:deleteFully(368)) - deleteFully: target/test/data/319b119c/MiniRaftClusterWithSimulatedRpcdcda50c5/s8 does not exist.
2025-10-10 11:53:09,408 [main] INFO  impl.MiniRaftCluster (MiniRaftCluster.java:newRaftServer(381)) - Formatted directory target/test/data/319b119c/MiniRaftClusterWithSimulatedRpcdcda50c5/s8
2025-10-10 11:53:09,409 [main] DEBUG server.RaftServer (ServerImplUtils.java:newRaftServer(172)) - newRaftServer: s8, group-B596E5D396F8:[]
2025-10-10 11:53:09,409 [main] INFO  server.RaftServer (VersionInfo.java:printStartupMessages(132)) - Starting Apache Ratis Test -- RaftServerProxy s8
2025-10-10 11:53:09,409 [main] INFO  server.RaftServer (VersionInfo.java:printStartupMessages(136)) -                version: 3.1.3
2025-10-10 11:53:09,409 [main] INFO  server.RaftServer (VersionInfo.java:printStartupMessages(136)) -                    url: https://github.com/apache/ratis
2025-10-10 11:53:09,409 [main] INFO  server.RaftServer (VersionInfo.java:printStartupMessages(136)) -               revision: fd9ca3ab389b19913d3754459d6ee9a5ba33189b
2025-10-10 11:53:09,409 [main] INFO  server.RaftServer (VersionInfo.java:printStartupMessages(139)) -                   java: OpenJDK 64-Bit Server VM 1.8.0_462-b08
2025-10-10 11:53:09,410 [main] INFO  server.RaftServer (VersionInfo.java:printStartupMessages(139)) -                   user: runner
2025-10-10 11:53:09,410 [main] INFO  server.RaftServerConfigKeys (ConfUtils.java:logGet(62)) - raft.server.storage.dir = [/home/runner/work/ratis/ratis/ratis-test/target/test/data/319b119c/MiniRaftClusterWithSimulatedRpcdcda50c5/s8] (custom)
2025-10-10 11:53:09,411 [main] INFO  server.RaftServer (RaftServerProxy.java:addNew(106)) - s8: addNew group-B596E5D396F8:[] returns group-B596E5D396F8:java.util.concurrent.CompletableFuture@672b72ba[Not completed]
2025-10-10 11:53:09,411 [s8-groupManagement] INFO  server.RaftServer$Division (RaftServerImpl.java:<init>(269)) - s8: new RaftServerImpl for group-B596E5D396F8:[] with BaseStateMachine-49:uninitialized
2025-10-10 11:53:09,411 [s8-groupManagement] INFO  server.RaftServer$Division (ServerState.java:<init>(115)) - s8@group-B596E5D396F8: ConfigurationManager, init=conf: {index: -1, cur=peers:[]|listeners:[], old=null}, confs=<EMPTY_MAP>
2025-10-10 11:53:09,411 [main] INFO  impl.GroupManagementBaseTest (GroupManagementBaseTest.java:runMultiGroupTest(262)) - putNewServer: printing ALL groups
  s3:      NEW      null (NEW): s3@group-B596E5D396F8:t0, leader=null, voted=null, raftlog=UNINITIALIZED, conf=conf: {index: -1, cur=peers:[]|listeners:[], old=null}
  s4:      NEW      null (NEW): s4@group-B596E5D396F8:t0, leader=null, voted=null, raftlog=UNINITIALIZED, conf=conf: {index: -1, cur=peers:[]|listeners:[], old=null}
  s5:      NEW      null (NEW): s5@group-B596E5D396F8:t0, leader=null, voted=null, raftlog=UNINITIALIZED, conf=conf: {index: -1, cur=peers:[]|listeners:[], old=null}
  s6:      NEW      null (NEW): s6@group-B596E5D396F8:t0, leader=null, voted=null, raftlog=UNINITIALIZED, conf=conf: {index: -1, cur=peers:[]|listeners:[], old=null}
  s7:      NEW      null (NEW): s7@group-B596E5D396F8:t0, leader=null, voted=null, raftlog=UNINITIALIZED, conf=conf: {index: -1, cur=peers:[]|listeners:[], old=null}
  s8:      NEW group-B596E5D396F8:java.util.concurrent.CompletableFuture@672b72ba[Not completed]
  s0:      NEW      null (NEW): s0@group-B596E5D396F8:t0, leader=null, voted=null, raftlog=UNINITIALIZED, conf=conf: {index: -1, cur=peers:[]|listeners:[], old=null}
  s1:      NEW      null (NEW): s1@group-B596E5D396F8:t0, leader=null, voted=null, raftlog=UNINITIALIZED, conf=conf: {index: -1, cur=peers:[]|listeners:[], old=null}
  s2:      NEW      null (NEW): s2@group-B596E5D396F8:t0, leader=null, voted=null, raftlog=UNINITIALIZED, conf=conf: {index: -1, cur=peers:[]|listeners:[], old=null}
2025-10-10 11:53:10,412 [main] INFO  impl.MiniRaftCluster (MiniRaftCluster.java:start(330)) - .............................................................. 
2025-10-10 11:53:10,412 [main] INFO  impl.MiniRaftCluster (MiniRaftCluster.java:start(331)) - ... 
2025-10-10 11:53:10,412 [main] INFO  impl.MiniRaftCluster (MiniRaftCluster.java:start(332)) - ...     Starting MiniRaftClusterWithSimulatedRpc
2025-10-10 11:53:10,412 [main] INFO  impl.MiniRaftCluster (MiniRaftCluster.java:start(333)) - ... 
2025-10-10 11:53:10,413 [main] INFO  impl.MiniRaftCluster (MiniRaftCluster.java:start(334)) - .............................................................. 
2025-10-10 11:53:10,413 [main] INFO  impl.MiniRaftCluster (MiniRaftCluster.java:initServers(309)) - servers = {s3=s3:      NEW      null (NEW): s3@group-B596E5D396F8:t0, leader=null, voted=null, raftlog=UNINITIALIZED, conf=conf: {index: -1, cur=peers:[]|listeners:[], old=null}, s4=s4:      NEW      null (NEW): s4@group-B596E5D396F8:t0, leader=null, voted=null, raftlog=UNINITIALIZED, conf=conf: {index: -1, cur=peers:[]|listeners:[], old=null}, s5=s5:      NEW      null (NEW): s5@group-B596E5D396F8:t0, leader=null, voted=null, raftlog=UNINITIALIZED, conf=conf: {index: -1, cur=peers:[]|listeners:[], old=null}, s6=s6:      NEW      null (NEW): s6@group-B596E5D396F8:t0, leader=null, voted=null, raftlog=UNINITIALIZED, conf=conf: {index: -1, cur=peers:[]|listeners:[], old=null}, s7=s7:      NEW      null (NEW): s7@group-B596E5D396F8:t0, leader=null, voted=null, raftlog=UNINITIALIZED, conf=conf: {index: -1, cur=peers:[]|listeners:[], old=null}, s8=s8:      NEW      null (NEW): s8@group-B596E5D396F8:t0, leader=null, voted=null, raftlog=UNINITIALIZED, conf=conf: {index: -1, cur=peers:[]|listeners:[], old=null}, s0=s0:      NEW      null (NEW): s0@group-B596E5D396F8:t0, leader=null, voted=null, raftlog=UNINITIALIZED, conf=conf: {index: -1, cur=peers:[]|listeners:[], old=null}, s1=s1:      NEW      null (NEW): s1@group-B596E5D396F8:t0, leader=null, voted=null, raftlog=UNINITIALIZED, conf=conf: {index: -1, cur=peers:[]|listeners:[], old=null}, s2=s2:      NEW      null (NEW): s2@group-B596E5D396F8:t0, leader=null, voted=null, raftlog=UNINITIALIZED, conf=conf: {index: -1, cur=peers:[]|listeners:[], old=null}}
2025-10-10 11:53:10,413 [s3-impl-thread1] INFO  server.RaftServerConfigKeys (ConfUtils.java:logGet(62)) - raft.server.storage.dir = [/home/runner/work/ratis/ratis/ratis-test/target/test/data/319b119c/MiniRaftClusterWithSimulatedRpcdcda50c5/s3] (custom)
2025-10-10 11:53:10,414 [s3-impl-thread1] INFO  storage.RaftStorageDirectory (RaftStorageDirectoryImpl.java:analyzeStorage(138)) - The storage directory /home/runner/work/ratis/ratis/ratis-test/target/test/data/319b119c/MiniRaftClusterWithSimulatedRpcdcda50c5/s3/bfff0e68-d6f7-44dd-8316-b596e5d396f8 does not exist. Creating ...
2025-10-10 11:53:10,414 [s3-impl-thread1] TRACE util.FileUtils (LogUtils.java:runAndLog(49)) - Successfully ran Files.createDirectories /home/runner/work/ratis/ratis/ratis-test/target/test/data/319b119c/MiniRaftClusterWithSimulatedRpcdcda50c5/s3/bfff0e68-d6f7-44dd-8316-b596e5d396f8
2025-10-10 11:53:10,415 [s3-impl-thread1] INFO  storage.RaftStorageDirectory (RaftStorageDirectoryImpl.java:tryLock(229)) - Lock on /home/runner/work/ratis/ratis/ratis-test/target/test/data/319b119c/MiniRaftClusterWithSimulatedRpcdcda50c5/s3/bfff0e68-d6f7-44dd-8316-b596e5d396f8/in_use.lock acquired by nodename 9833@runnervmwhb2z
2025-10-10 11:53:10,415 [s3-impl-thread1] TRACE util.FileUtils (LogUtils.java:runAndLog(49)) - Successfully ran Files.createDirectories /home/runner/work/ratis/ratis/ratis-test/target/test/data/319b119c/MiniRaftClusterWithSimulatedRpcdcda50c5/s3/bfff0e68-d6f7-44dd-8316-b596e5d396f8/current
2025-10-10 11:53:10,415 [s3-impl-thread1] TRACE util.FileUtils (LogUtils.java:runAndLog(49)) - Successfully ran Files.createDirectories /home/runner/work/ratis/ratis/ratis-test/target/test/data/319b119c/MiniRaftClusterWithSimulatedRpcdcda50c5/s3/bfff0e68-d6f7-44dd-8316-b596e5d396f8/sm
2025-10-10 11:53:10,416 [s3-impl-thread1] TRACE util.FileUtils (LogUtils.java:supplyAndLog(69)) - Successfully supplied FileChannel.open /home/runner/work/ratis/ratis/ratis-test/target/test/data/319b119c/MiniRaftClusterWithSimulatedRpcdcda50c5/s3/bfff0e68-d6f7-44dd-8316-b596e5d396f8/current/raft-meta.tmp with options [CREATE, TRUNCATE_EXISTING, WRITE]: sun.nio.ch.FileChannelImpl@375d2851
2025-10-10 11:53:10,416 [s3-impl-thread1] TRACE util.FileUtils (LogUtils.java:runAndLog(49)) - Successfully ran Atomic Files.move /home/runner/work/ratis/ratis/ratis-test/target/test/data/319b119c/MiniRaftClusterWithSimulatedRpcdcda50c5/s3/bfff0e68-d6f7-44dd-8316-b596e5d396f8/current/raft-meta.tmp to /home/runner/work/ratis/ratis/ratis-test/target/test/data/319b119c/MiniRaftClusterWithSimulatedRpcdcda50c5/s3/bfff0e68-d6f7-44dd-8316-b596e5d396f8/current/raft-meta with options [REPLACE_EXISTING]
2025-10-10 11:53:10,417 [s3-impl-thread1] INFO  storage.RaftStorage (RaftStorageImpl.java:format(98)) - Storage directory /home/runner/work/ratis/ratis/ratis-test/target/test/data/319b119c/MiniRaftClusterWithSimulatedRpcdcda50c5/s3/bfff0e68-d6f7-44dd-8316-b596e5d396f8 has been successfully formatted.
2025-10-10 11:53:10,417 [s3-impl-thread1] INFO  server.RaftServer$Division (ServerState.java:getSnapshotIndexFromStateMachine(155)) - s3@group-B596E5D396F8: getLatestSnapshot(BaseStateMachine-44:s3:group-B596E5D396F8) returns null
2025-10-10 11:53:10,417 [s3-impl-thread1] INFO  raftlog.RaftLog (RaftLogBase.java:<init>(90)) - s3@group-B596E5D396F8-SegmentedRaftLog: snapshotIndexFromStateMachine = -1
2025-10-10 11:53:10,417 [s3-impl-thread1] INFO  util.AwaitToRun (AwaitToRun.java:start(81)) - Thread[s3@group-B596E5D396F8-cacheEviction-AwaitToRun,5,main] started
2025-10-10 11:53:10,418 [s3-impl-thread1] INFO  segmented.SegmentedRaftLogWorker (SegmentedRaftLogWorker.java:<init>(190)) - new s3@group-B596E5D396F8-SegmentedRaftLogWorker for RaftStorageImpl:Storage Directory /home/runner/work/ratis/ratis/ratis-test/target/test/data/319b119c/MiniRaftClusterWithSimulatedRpcdcda50c5/s3/bfff0e68-d6f7-44dd-8316-b596e5d396f8
2025-10-10 11:53:10,418 [s3-impl-thread1] INFO  segmented.SegmentedRaftLogWorker (SegmentedRaftLogWorker.java:lambda$new$0(141)) - s3@group-B596E5D396F8-SegmentedRaftLogWorker: flushIndex: setUnconditionally 0 -> -1
2025-10-10 11:53:10,418 [s3-impl-thread1] INFO  segmented.SegmentedRaftLogWorker (SegmentedRaftLogWorker.java:lambda$new$0(141)) - s3@group-B596E5D396F8-SegmentedRaftLogWorker: safeCacheEvictIndex: setUnconditionally 0 -> -1
2025-10-10 11:53:10,419 [s3-impl-thread1] INFO  server.RaftServer$Division (RaftServerImpl.java:start(412)) - s3@group-B596E5D396F8: start with initializing state, conf=conf: {index: -1, cur=peers:[]|listeners:[], old=null}
2025-10-10 11:53:10,419 [s3-impl-thread1] INFO  server.RaftServer$Division (RaftServerImpl.java:setRole(393)) - s3@group-B596E5D396F8: changes role from      null to FOLLOWER at term 0 for NOT_IN_CONF
2025-10-10 11:53:10,419 [s3-impl-thread1] INFO  util.JmxRegister (JmxRegister.java:tryRegister(44)) - Successfully registered JMX Bean with object name Ratis:service=RaftServer,group=group-B596E5D396F8,id=s3
2025-10-10 11:53:10,419 [s3-impl-thread1] INFO  util.JmxRegister (JmxRegister.java:register(58)) - register mxBean class org.apache.ratis.server.impl.RaftServerJmxAdapter as Ratis:service=RaftServer,group=group-B596E5D396F8,id=s3
2025-10-10 11:53:10,419 [s3-impl-thread1] INFO  server.RaftServer$Division (RaftServerImpl.java:start(420)) - s3@group-B596E5D396F8: Successfully started.
2025-10-10 11:53:10,419 [main] INFO  server.RaftServer (RaftServerProxy.java:startImpl(415)) - s3: start RPC server
2025-10-10 11:53:10,420 [JvmPauseMonitor22] INFO  util.JvmPauseMonitor (JvmPauseMonitor.java:run(146)) - JvmPauseMonitor-s3: Started
2025-10-10 11:53:10,420 [s4-impl-thread1] INFO  server.RaftServerConfigKeys (ConfUtils.java:logGet(62)) - raft.server.storage.dir = [/home/runner/work/ratis/ratis/ratis-test/target/test/data/319b119c/MiniRaftClusterWithSimulatedRpcdcda50c5/s4] (custom)
2025-10-10 11:53:10,421 [s4-impl-thread1] INFO  storage.RaftStorageDirectory (RaftStorageDirectoryImpl.java:analyzeStorage(138)) - The storage directory /home/runner/work/ratis/ratis/ratis-test/target/test/data/319b119c/MiniRaftClusterWithSimulatedRpcdcda50c5/s4/bfff0e68-d6f7-44dd-8316-b596e5d396f8 does not exist. Creating ...
2025-10-10 11:53:10,421 [s4-impl-thread1] TRACE util.FileUtils (LogUtils.java:runAndLog(49)) - Successfully ran Files.createDirectories /home/runner/work/ratis/ratis/ratis-test/target/test/data/319b119c/MiniRaftClusterWithSimulatedRpcdcda50c5/s4/bfff0e68-d6f7-44dd-8316-b596e5d396f8
2025-10-10 11:53:10,422 [s4-impl-thread1] INFO  storage.RaftStorageDirectory (RaftStorageDirectoryImpl.java:tryLock(229)) - Lock on /home/runner/work/ratis/ratis/ratis-test/target/test/data/319b119c/MiniRaftClusterWithSimulatedRpcdcda50c5/s4/bfff0e68-d6f7-44dd-8316-b596e5d396f8/in_use.lock acquired by nodename 9833@runnervmwhb2z
2025-10-10 11:53:10,422 [s4-impl-thread1] TRACE util.FileUtils (LogUtils.java:runAndLog(49)) - Successfully ran Files.createDirectories /home/runner/work/ratis/ratis/ratis-test/target/test/data/319b119c/MiniRaftClusterWithSimulatedRpcdcda50c5/s4/bfff0e68-d6f7-44dd-8316-b596e5d396f8/current
2025-10-10 11:53:10,422 [s4-impl-thread1] TRACE util.FileUtils (LogUtils.java:runAndLog(49)) - Successfully ran Files.createDirectories /home/runner/work/ratis/ratis/ratis-test/target/test/data/319b119c/MiniRaftClusterWithSimulatedRpcdcda50c5/s4/bfff0e68-d6f7-44dd-8316-b596e5d396f8/sm
2025-10-10 11:53:10,422 [s4-impl-thread1] TRACE util.FileUtils (LogUtils.java:supplyAndLog(69)) - Successfully supplied FileChannel.open /home/runner/work/ratis/ratis/ratis-test/target/test/data/319b119c/MiniRaftClusterWithSimulatedRpcdcda50c5/s4/bfff0e68-d6f7-44dd-8316-b596e5d396f8/current/raft-meta.tmp with options [CREATE, TRUNCATE_EXISTING, WRITE]: sun.nio.ch.FileChannelImpl@88e2bed
2025-10-10 11:53:10,423 [s4-impl-thread1] TRACE util.FileUtils (LogUtils.java:runAndLog(49)) - Successfully ran Atomic Files.move /home/runner/work/ratis/ratis/ratis-test/target/test/data/319b119c/MiniRaftClusterWithSimulatedRpcdcda50c5/s4/bfff0e68-d6f7-44dd-8316-b596e5d396f8/current/raft-meta.tmp to /home/runner/work/ratis/ratis/ratis-test/target/test/data/319b119c/MiniRaftClusterWithSimulatedRpcdcda50c5/s4/bfff0e68-d6f7-44dd-8316-b596e5d396f8/current/raft-meta with options [REPLACE_EXISTING]
2025-10-10 11:53:10,423 [s4-impl-thread1] INFO  storage.RaftStorage (RaftStorageImpl.java:format(98)) - Storage directory /home/runner/work/ratis/ratis/ratis-test/target/test/data/319b119c/MiniRaftClusterWithSimulatedRpcdcda50c5/s4/bfff0e68-d6f7-44dd-8316-b596e5d396f8 has been successfully formatted.
2025-10-10 11:53:10,423 [s4-impl-thread1] INFO  server.RaftServer$Division (ServerState.java:getSnapshotIndexFromStateMachine(155)) - s4@group-B596E5D396F8: getLatestSnapshot(BaseStateMachine-45:s4:group-B596E5D396F8) returns null
2025-10-10 11:53:10,423 [s4-impl-thread1] INFO  raftlog.RaftLog (RaftLogBase.java:<init>(90)) - s4@group-B596E5D396F8-SegmentedRaftLog: snapshotIndexFromStateMachine = -1
2025-10-10 11:53:10,423 [s4-impl-thread1] INFO  util.AwaitToRun (AwaitToRun.java:start(81)) - Thread[s4@group-B596E5D396F8-cacheEviction-AwaitToRun,5,main] started
2025-10-10 11:53:10,423 [s4-impl-thread1] INFO  segmented.SegmentedRaftLogWorker (SegmentedRaftLogWorker.java:<init>(190)) - new s4@group-B596E5D396F8-SegmentedRaftLogWorker for RaftStorageImpl:Storage Directory /home/runner/work/ratis/ratis/ratis-test/target/test/data/319b119c/MiniRaftClusterWithSimulatedRpcdcda50c5/s4/bfff0e68-d6f7-44dd-8316-b596e5d396f8
2025-10-10 11:53:10,424 [s4-impl-thread1] INFO  segmented.SegmentedRaftLogWorker (SegmentedRaftLogWorker.java:lambda$new$0(141)) - s4@group-B596E5D396F8-SegmentedRaftLogWorker: flushIndex: setUnconditionally 0 -> -1
2025-10-10 11:53:10,424 [s4-impl-thread1] INFO  segmented.SegmentedRaftLogWorker (SegmentedRaftLogWorker.java:lambda$new$0(141)) - s4@group-B596E5D396F8-SegmentedRaftLogWorker: safeCacheEvictIndex: setUnconditionally 0 -> -1
2025-10-10 11:53:10,424 [s4-impl-thread1] INFO  server.RaftServer$Division (RaftServerImpl.java:start(412)) - s4@group-B596E5D396F8: start with initializing state, conf=conf: {index: -1, cur=peers:[]|listeners:[], old=null}
2025-10-10 11:53:10,424 [s4-impl-thread1] INFO  server.RaftServer$Division (RaftServerImpl.java:setRole(393)) - s4@group-B596E5D396F8: changes role from      null to FOLLOWER at term 0 for NOT_IN_CONF
2025-10-10 11:53:10,424 [s4-impl-thread1] INFO  util.JmxRegister (JmxRegister.java:tryRegister(44)) - Successfully registered JMX Bean with object name Ratis:service=RaftServer,group=group-B596E5D396F8,id=s4
2025-10-10 11:53:10,424 [s4-impl-thread1] INFO  util.JmxRegister (JmxRegister.java:register(58)) - register mxBean class org.apache.ratis.server.impl.RaftServerJmxAdapter as Ratis:service=RaftServer,group=group-B596E5D396F8,id=s4
2025-10-10 11:53:10,425 [s4-impl-thread1] INFO  server.RaftServer$Division (RaftServerImpl.java:start(420)) - s4@group-B596E5D396F8: Successfully started.
2025-10-10 11:53:10,425 [main] INFO  server.RaftServer (RaftServerProxy.java:startImpl(415)) - s4: start RPC server
2025-10-10 11:53:10,425 [JvmPauseMonitor23] INFO  util.JvmPauseMonitor (JvmPauseMonitor.java:run(146)) - JvmPauseMonitor-s4: Started
2025-10-10 11:53:10,426 [s5-impl-thread1] INFO  server.RaftServerConfigKeys (ConfUtils.java:logGet(62)) - raft.server.storage.dir = [/home/runner/work/ratis/ratis/ratis-test/target/test/data/319b119c/MiniRaftClusterWithSimulatedRpcdcda50c5/s5] (custom)
2025-10-10 11:53:10,426 [s5-impl-thread1] INFO  storage.RaftStorageDirectory (RaftStorageDirectoryImpl.java:analyzeStorage(138)) - The storage directory /home/runner/work/ratis/ratis/ratis-test/target/test/data/319b119c/MiniRaftClusterWithSimulatedRpcdcda50c5/s5/bfff0e68-d6f7-44dd-8316-b596e5d396f8 does not exist. Creating ...
2025-10-10 11:53:10,426 [s5-impl-thread1] TRACE util.FileUtils (LogUtils.java:runAndLog(49)) - Successfully ran Files.createDirectories /home/runner/work/ratis/ratis/ratis-test/target/test/data/319b119c/MiniRaftClusterWithSimulatedRpcdcda50c5/s5/bfff0e68-d6f7-44dd-8316-b596e5d396f8
2025-10-10 11:53:10,427 [s5-impl-thread1] INFO  storage.RaftStorageDirectory (RaftStorageDirectoryImpl.java:tryLock(229)) - Lock on /home/runner/work/ratis/ratis/ratis-test/target/test/data/319b119c/MiniRaftClusterWithSimulatedRpcdcda50c5/s5/bfff0e68-d6f7-44dd-8316-b596e5d396f8/in_use.lock acquired by nodename 9833@runnervmwhb2z
2025-10-10 11:53:10,427 [s5-impl-thread1] TRACE util.FileUtils (LogUtils.java:runAndLog(49)) - Successfully ran Files.createDirectories /home/runner/work/ratis/ratis/ratis-test/target/test/data/319b119c/MiniRaftClusterWithSimulatedRpcdcda50c5/s5/bfff0e68-d6f7-44dd-8316-b596e5d396f8/current
2025-10-10 11:53:10,427 [s5-impl-thread1] TRACE util.FileUtils (LogUtils.java:runAndLog(49)) - Successfully ran Files.createDirectories /home/runner/work/ratis/ratis/ratis-test/target/test/data/319b119c/MiniRaftClusterWithSimulatedRpcdcda50c5/s5/bfff0e68-d6f7-44dd-8316-b596e5d396f8/sm
2025-10-10 11:53:10,427 [s5-impl-thread1] TRACE util.FileUtils (LogUtils.java:supplyAndLog(69)) - Successfully supplied FileChannel.open /home/runner/work/ratis/ratis/ratis-test/target/test/data/319b119c/MiniRaftClusterWithSimulatedRpcdcda50c5/s5/bfff0e68-d6f7-44dd-8316-b596e5d396f8/current/raft-meta.tmp with options [CREATE, TRUNCATE_EXISTING, WRITE]: sun.nio.ch.FileChannelImpl@156d6370
2025-10-10 11:53:10,428 [s5-impl-thread1] TRACE util.FileUtils (LogUtils.java:runAndLog(49)) - Successfully ran Atomic Files.move /home/runner/work/ratis/ratis/ratis-test/target/test/data/319b119c/MiniRaftClusterWithSimulatedRpcdcda50c5/s5/bfff0e68-d6f7-44dd-8316-b596e5d396f8/current/raft-meta.tmp to /home/runner/work/ratis/ratis/ratis-test/target/test/data/319b119c/MiniRaftClusterWithSimulatedRpcdcda50c5/s5/bfff0e68-d6f7-44dd-8316-b596e5d396f8/current/raft-meta with options [REPLACE_EXISTING]
2025-10-10 11:53:10,428 [s5-impl-thread1] INFO  storage.RaftStorage (RaftStorageImpl.java:format(98)) - Storage directory /home/runner/work/ratis/ratis/ratis-test/target/test/data/319b119c/MiniRaftClusterWithSimulatedRpcdcda50c5/s5/bfff0e68-d6f7-44dd-8316-b596e5d396f8 has been successfully formatted.
2025-10-10 11:53:10,428 [s5-impl-thread1] INFO  server.RaftServer$Division (ServerState.java:getSnapshotIndexFromStateMachine(155)) - s5@group-B596E5D396F8: getLatestSnapshot(BaseStateMachine-46:s5:group-B596E5D396F8) returns null
2025-10-10 11:53:10,428 [s5-impl-thread1] INFO  raftlog.RaftLog (RaftLogBase.java:<init>(90)) - s5@group-B596E5D396F8-SegmentedRaftLog: snapshotIndexFromStateMachine = -1
2025-10-10 11:53:10,429 [s5-impl-thread1] INFO  util.AwaitToRun (AwaitToRun.java:start(81)) - Thread[s5@group-B596E5D396F8-cacheEviction-AwaitToRun,5,main] started
2025-10-10 11:53:10,429 [s5-impl-thread1] INFO  segmented.SegmentedRaftLogWorker (SegmentedRaftLogWorker.java:<init>(190)) - new s5@group-B596E5D396F8-SegmentedRaftLogWorker for RaftStorageImpl:Storage Directory /home/runner/work/ratis/ratis/ratis-test/target/test/data/319b119c/MiniRaftClusterWithSimulatedRpcdcda50c5/s5/bfff0e68-d6f7-44dd-8316-b596e5d396f8
2025-10-10 11:53:10,431 [s5-impl-thread1] INFO  segmented.SegmentedRaftLogWorker (SegmentedRaftLogWorker.java:lambda$new$0(141)) - s5@group-B596E5D396F8-SegmentedRaftLogWorker: flushIndex: setUnconditionally 0 -> -1
2025-10-10 11:53:10,431 [s5-impl-thread1] INFO  segmented.SegmentedRaftLogWorker (SegmentedRaftLogWorker.java:lambda$new$0(141)) - s5@group-B596E5D396F8-SegmentedRaftLogWorker: safeCacheEvictIndex: setUnconditionally 0 -> -1
2025-10-10 11:53:10,431 [s5-impl-thread1] INFO  server.RaftServer$Division (RaftServerImpl.java:start(412)) - s5@group-B596E5D396F8: start with initializing state, conf=conf: {index: -1, cur=peers:[]|listeners:[], old=null}
2025-10-10 11:53:10,432 [s5-impl-thread1] INFO  server.RaftServer$Division (RaftServerImpl.java:setRole(393)) - s5@group-B596E5D396F8: changes role from      null to FOLLOWER at term 0 for NOT_IN_CONF
2025-10-10 11:53:10,432 [s5-impl-thread1] INFO  util.JmxRegister (JmxRegister.java:tryRegister(44)) - Successfully registered JMX Bean with object name Ratis:service=RaftServer,group=group-B596E5D396F8,id=s5
2025-10-10 11:53:10,432 [s5-impl-thread1] INFO  util.JmxRegister (JmxRegister.java:register(58)) - register mxBean class org.apache.ratis.server.impl.RaftServerJmxAdapter as Ratis:service=RaftServer,group=group-B596E5D396F8,id=s5
2025-10-10 11:53:10,432 [s5-impl-thread1] INFO  server.RaftServer$Division (RaftServerImpl.java:start(420)) - s5@group-B596E5D396F8: Successfully started.
2025-10-10 11:53:10,433 [main] INFO  server.RaftServer (RaftServerProxy.java:startImpl(415)) - s5: start RPC server
2025-10-10 11:53:10,434 [JvmPauseMonitor24] INFO  util.JvmPauseMonitor (JvmPauseMonitor.java:run(146)) - JvmPauseMonitor-s5: Started
2025-10-10 11:53:10,434 [s6-impl-thread1] INFO  server.RaftServerConfigKeys (ConfUtils.java:logGet(62)) - raft.server.storage.dir = [/home/runner/work/ratis/ratis/ratis-test/target/test/data/319b119c/MiniRaftClusterWithSimulatedRpcdcda50c5/s6] (custom)
2025-10-10 11:53:10,434 [s6-impl-thread1] INFO  storage.RaftStorageDirectory (RaftStorageDirectoryImpl.java:analyzeStorage(138)) - The storage directory /home/runner/work/ratis/ratis/ratis-test/target/test/data/319b119c/MiniRaftClusterWithSimulatedRpcdcda50c5/s6/bfff0e68-d6f7-44dd-8316-b596e5d396f8 does not exist. Creating ...
2025-10-10 11:53:10,434 [s6-impl-thread1] TRACE util.FileUtils (LogUtils.java:runAndLog(49)) - Successfully ran Files.createDirectories /home/runner/work/ratis/ratis/ratis-test/target/test/data/319b119c/MiniRaftClusterWithSimulatedRpcdcda50c5/s6/bfff0e68-d6f7-44dd-8316-b596e5d396f8
2025-10-10 11:53:10,435 [s6-impl-thread1] INFO  storage.RaftStorageDirectory (RaftStorageDirectoryImpl.java:tryLock(229)) - Lock on /home/runner/work/ratis/ratis/ratis-test/target/test/data/319b119c/MiniRaftClusterWithSimulatedRpcdcda50c5/s6/bfff0e68-d6f7-44dd-8316-b596e5d396f8/in_use.lock acquired by nodename 9833@runnervmwhb2z
2025-10-10 11:53:10,435 [s6-impl-thread1] TRACE util.FileUtils (LogUtils.java:runAndLog(49)) - Successfully ran Files.createDirectories /home/runner/work/ratis/ratis/ratis-test/target/test/data/319b119c/MiniRaftClusterWithSimulatedRpcdcda50c5/s6/bfff0e68-d6f7-44dd-8316-b596e5d396f8/current
2025-10-10 11:53:10,435 [s6-impl-thread1] TRACE util.FileUtils (LogUtils.java:runAndLog(49)) - Successfully ran Files.createDirectories /home/runner/work/ratis/ratis/ratis-test/target/test/data/319b119c/MiniRaftClusterWithSimulatedRpcdcda50c5/s6/bfff0e68-d6f7-44dd-8316-b596e5d396f8/sm
2025-10-10 11:53:10,435 [s6-impl-thread1] TRACE util.FileUtils (LogUtils.java:supplyAndLog(69)) - Successfully supplied FileChannel.open /home/runner/work/ratis/ratis/ratis-test/target/test/data/319b119c/MiniRaftClusterWithSimulatedRpcdcda50c5/s6/bfff0e68-d6f7-44dd-8316-b596e5d396f8/current/raft-meta.tmp with options [CREATE, TRUNCATE_EXISTING, WRITE]: sun.nio.ch.FileChannelImpl@24448179
2025-10-10 11:53:10,436 [s6-impl-thread1] TRACE util.FileUtils (LogUtils.java:runAndLog(49)) - Successfully ran Atomic Files.move /home/runner/work/ratis/ratis/ratis-test/target/test/data/319b119c/MiniRaftClusterWithSimulatedRpcdcda50c5/s6/bfff0e68-d6f7-44dd-8316-b596e5d396f8/current/raft-meta.tmp to /home/runner/work/ratis/ratis/ratis-test/target/test/data/319b119c/MiniRaftClusterWithSimulatedRpcdcda50c5/s6/bfff0e68-d6f7-44dd-8316-b596e5d396f8/current/raft-meta with options [REPLACE_EXISTING]
2025-10-10 11:53:10,436 [s6-impl-thread1] INFO  storage.RaftStorage (RaftStorageImpl.java:format(98)) - Storage directory /home/runner/work/ratis/ratis/ratis-test/target/test/data/319b119c/MiniRaftClusterWithSimulatedRpcdcda50c5/s6/bfff0e68-d6f7-44dd-8316-b596e5d396f8 has been successfully formatted.
2025-10-10 11:53:10,436 [s6-impl-thread1] INFO  server.RaftServer$Division (ServerState.java:getSnapshotIndexFromStateMachine(155)) - s6@group-B596E5D396F8: getLatestSnapshot(BaseStateMachine-47:s6:group-B596E5D396F8) returns null
2025-10-10 11:53:10,436 [s6-impl-thread1] INFO  raftlog.RaftLog (RaftLogBase.java:<init>(90)) - s6@group-B596E5D396F8-SegmentedRaftLog: snapshotIndexFromStateMachine = -1
2025-10-10 11:53:10,437 [s6-impl-thread1] INFO  util.AwaitToRun (AwaitToRun.java:start(81)) - Thread[s6@group-B596E5D396F8-cacheEviction-AwaitToRun,5,main] started
2025-10-10 11:53:10,437 [s6-impl-thread1] INFO  segmented.SegmentedRaftLogWorker (SegmentedRaftLogWorker.java:<init>(190)) - new s6@group-B596E5D396F8-SegmentedRaftLogWorker for RaftStorageImpl:Storage Directory /home/runner/work/ratis/ratis/ratis-test/target/test/data/319b119c/MiniRaftClusterWithSimulatedRpcdcda50c5/s6/bfff0e68-d6f7-44dd-8316-b596e5d396f8
2025-10-10 11:53:10,440 [s6-impl-thread1] INFO  segmented.SegmentedRaftLogWorker (SegmentedRaftLogWorker.java:lambda$new$0(141)) - s6@group-B596E5D396F8-SegmentedRaftLogWorker: flushIndex: setUnconditionally 0 -> -1
2025-10-10 11:53:10,440 [s6-impl-thread1] INFO  segmented.SegmentedRaftLogWorker (SegmentedRaftLogWorker.java:lambda$new$0(141)) - s6@group-B596E5D396F8-SegmentedRaftLogWorker: safeCacheEvictIndex: setUnconditionally 0 -> -1
2025-10-10 11:53:10,440 [s6-impl-thread1] INFO  server.RaftServer$Division (RaftServerImpl.java:start(412)) - s6@group-B596E5D396F8: start with initializing state, conf=conf: {index: -1, cur=peers:[]|listeners:[], old=null}
2025-10-10 11:53:10,440 [s6-impl-thread1] INFO  server.RaftServer$Division (RaftServerImpl.java:setRole(393)) - s6@group-B596E5D396F8: changes role from      null to FOLLOWER at term 0 for NOT_IN_CONF
2025-10-10 11:53:10,440 [s6-impl-thread1] INFO  util.JmxRegister (JmxRegister.java:tryRegister(44)) - Successfully registered JMX Bean with object name Ratis:service=RaftServer,group=group-B596E5D396F8,id=s6
2025-10-10 11:53:10,440 [s6-impl-thread1] INFO  util.JmxRegister (JmxRegister.java:register(58)) - register mxBean class org.apache.ratis.server.impl.RaftServerJmxAdapter as Ratis:service=RaftServer,group=group-B596E5D396F8,id=s6
2025-10-10 11:53:10,441 [s6-impl-thread1] INFO  server.RaftServer$Division (RaftServerImpl.java:start(420)) - s6@group-B596E5D396F8: Successfully started.
2025-10-10 11:53:10,441 [main] INFO  server.RaftServer (RaftServerProxy.java:startImpl(415)) - s6: start RPC server
2025-10-10 11:53:10,442 [JvmPauseMonitor25] INFO  util.JvmPauseMonitor (JvmPauseMonitor.java:run(146)) - JvmPauseMonitor-s6: Started
2025-10-10 11:53:10,442 [s7-impl-thread1] INFO  server.RaftServerConfigKeys (ConfUtils.java:logGet(62)) - raft.server.storage.dir = [/home/runner/work/ratis/ratis/ratis-test/target/test/data/319b119c/MiniRaftClusterWithSimulatedRpcdcda50c5/s7] (custom)
2025-10-10 11:53:10,442 [s7-impl-thread1] INFO  storage.RaftStorageDirectory (RaftStorageDirectoryImpl.java:analyzeStorage(138)) - The storage directory /home/runner/work/ratis/ratis/ratis-test/target/test/data/319b119c/MiniRaftClusterWithSimulatedRpcdcda50c5/s7/bfff0e68-d6f7-44dd-8316-b596e5d396f8 does not exist. Creating ...
2025-10-10 11:53:10,443 [s7-impl-thread1] TRACE util.FileUtils (LogUtils.java:runAndLog(49)) - Successfully ran Files.createDirectories /home/runner/work/ratis/ratis/ratis-test/target/test/data/319b119c/MiniRaftClusterWithSimulatedRpcdcda50c5/s7/bfff0e68-d6f7-44dd-8316-b596e5d396f8
2025-10-10 11:53:10,443 [s7-impl-thread1] INFO  storage.RaftStorageDirectory (RaftStorageDirectoryImpl.java:tryLock(229)) - Lock on /home/runner/work/ratis/ratis/ratis-test/target/test/data/319b119c/MiniRaftClusterWithSimulatedRpcdcda50c5/s7/bfff0e68-d6f7-44dd-8316-b596e5d396f8/in_use.lock acquired by nodename 9833@runnervmwhb2z
2025-10-10 11:53:10,444 [s7-impl-thread1] TRACE util.FileUtils (LogUtils.java:runAndLog(49)) - Successfully ran Files.createDirectories /home/runner/work/ratis/ratis/ratis-test/target/test/data/319b119c/MiniRaftClusterWithSimulatedRpcdcda50c5/s7/bfff0e68-d6f7-44dd-8316-b596e5d396f8/current
2025-10-10 11:53:10,444 [s7-impl-thread1] TRACE util.FileUtils (LogUtils.java:runAndLog(49)) - Successfully ran Files.createDirectories /home/runner/work/ratis/ratis/ratis-test/target/test/data/319b119c/MiniRaftClusterWithSimulatedRpcdcda50c5/s7/bfff0e68-d6f7-44dd-8316-b596e5d396f8/sm
2025-10-10 11:53:10,444 [s7-impl-thread1] TRACE util.FileUtils (LogUtils.java:supplyAndLog(69)) - Successfully supplied FileChannel.open /home/runner/work/ratis/ratis/ratis-test/target/test/data/319b119c/MiniRaftClusterWithSimulatedRpcdcda50c5/s7/bfff0e68-d6f7-44dd-8316-b596e5d396f8/current/raft-meta.tmp with options [CREATE, TRUNCATE_EXISTING, WRITE]: sun.nio.ch.FileChannelImpl@37b2635c
2025-10-10 11:53:10,445 [s7-impl-thread1] TRACE util.FileUtils (LogUtils.java:runAndLog(49)) - Successfully ran Atomic Files.move /home/runner/work/ratis/ratis/ratis-test/target/test/data/319b119c/MiniRaftClusterWithSimulatedRpcdcda50c5/s7/bfff0e68-d6f7-44dd-8316-b596e5d396f8/current/raft-meta.tmp to /home/runner/work/ratis/ratis/ratis-test/target/test/data/319b119c/MiniRaftClusterWithSimulatedRpcdcda50c5/s7/bfff0e68-d6f7-44dd-8316-b596e5d396f8/current/raft-meta with options [REPLACE_EXISTING]
2025-10-10 11:53:10,445 [s7-impl-thread1] INFO  storage.RaftStorage (RaftStorageImpl.java:format(98)) - Storage directory /home/runner/work/ratis/ratis/ratis-test/target/test/data/319b119c/MiniRaftClusterWithSimulatedRpcdcda50c5/s7/bfff0e68-d6f7-44dd-8316-b596e5d396f8 has been successfully formatted.
2025-10-10 11:53:10,445 [s7-impl-thread1] INFO  server.RaftServer$Division (ServerState.java:getSnapshotIndexFromStateMachine(155)) - s7@group-B596E5D396F8: getLatestSnapshot(BaseStateMachine-48:s7:group-B596E5D396F8) returns null
2025-10-10 11:53:10,445 [s7-impl-thread1] INFO  raftlog.RaftLog (RaftLogBase.java:<init>(90)) - s7@group-B596E5D396F8-SegmentedRaftLog: snapshotIndexFromStateMachine = -1
2025-10-10 11:53:10,446 [s7-impl-thread1] INFO  util.AwaitToRun (AwaitToRun.java:start(81)) - Thread[s7@group-B596E5D396F8-cacheEviction-AwaitToRun,5,main] started
2025-10-10 11:53:10,446 [s7-impl-thread1] INFO  segmented.SegmentedRaftLogWorker (SegmentedRaftLogWorker.java:<init>(190)) - new s7@group-B596E5D396F8-SegmentedRaftLogWorker for RaftStorageImpl:Storage Directory /home/runner/work/ratis/ratis/ratis-test/target/test/data/319b119c/MiniRaftClusterWithSimulatedRpcdcda50c5/s7/bfff0e68-d6f7-44dd-8316-b596e5d396f8
2025-10-10 11:53:10,448 [s7-impl-thread1] INFO  segmented.SegmentedRaftLogWorker (SegmentedRaftLogWorker.java:lambda$new$0(141)) - s7@group-B596E5D396F8-SegmentedRaftLogWorker: flushIndex: setUnconditionally 0 -> -1
2025-10-10 11:53:10,448 [s7-impl-thread1] INFO  segmented.SegmentedRaftLogWorker (SegmentedRaftLogWorker.java:lambda$new$0(141)) - s7@group-B596E5D396F8-SegmentedRaftLogWorker: safeCacheEvictIndex: setUnconditionally 0 -> -1
2025-10-10 11:53:10,448 [s7-impl-thread1] INFO  server.RaftServer$Division (RaftServerImpl.java:start(412)) - s7@group-B596E5D396F8: start with initializing state, conf=conf: {index: -1, cur=peers:[]|listeners:[], old=null}
2025-10-10 11:53:10,449 [s7-impl-thread1] INFO  server.RaftServer$Division (RaftServerImpl.java:setRole(393)) - s7@group-B596E5D396F8: changes role from      null to FOLLOWER at term 0 for NOT_IN_CONF
2025-10-10 11:53:10,449 [s7-impl-thread1] INFO  util.JmxRegister (JmxRegister.java:tryRegister(44)) - Successfully registered JMX Bean with object name Ratis:service=RaftServer,group=group-B596E5D396F8,id=s7
2025-10-10 11:53:10,449 [s7-impl-thread1] INFO  util.JmxRegister (JmxRegister.java:register(58)) - register mxBean class org.apache.ratis.server.impl.RaftServerJmxAdapter as Ratis:service=RaftServer,group=group-B596E5D396F8,id=s7
2025-10-10 11:53:10,449 [s7-impl-thread1] INFO  server.RaftServer$Division (RaftServerImpl.java:start(420)) - s7@group-B596E5D396F8: Successfully started.
2025-10-10 11:53:10,449 [main] INFO  server.RaftServer (RaftServerProxy.java:startImpl(415)) - s7: start RPC server
2025-10-10 11:53:10,450 [JvmPauseMonitor26] INFO  util.JvmPauseMonitor (JvmPauseMonitor.java:run(146)) - JvmPauseMonitor-s7: Started
2025-10-10 11:53:10,450 [s8-impl-thread1] INFO  server.RaftServerConfigKeys (ConfUtils.java:logGet(62)) - raft.server.storage.dir = [/home/runner/work/ratis/ratis/ratis-test/target/test/data/319b119c/MiniRaftClusterWithSimulatedRpcdcda50c5/s8] (custom)
2025-10-10 11:53:10,451 [s8-impl-thread1] INFO  storage.RaftStorageDirectory (RaftStorageDirectoryImpl.java:analyzeStorage(138)) - The storage directory /home/runner/work/ratis/ratis/ratis-test/target/test/data/319b119c/MiniRaftClusterWithSimulatedRpcdcda50c5/s8/bfff0e68-d6f7-44dd-8316-b596e5d396f8 does not exist. Creating ...
2025-10-10 11:53:10,451 [s8-impl-thread1] TRACE util.FileUtils (LogUtils.java:runAndLog(49)) - Successfully ran Files.createDirectories /home/runner/work/ratis/ratis/ratis-test/target/test/data/319b119c/MiniRaftClusterWithSimulatedRpcdcda50c5/s8/bfff0e68-d6f7-44dd-8316-b596e5d396f8
2025-10-10 11:53:10,452 [s8-impl-thread1] INFO  storage.RaftStorageDirectory (RaftStorageDirectoryImpl.java:tryLock(229)) - Lock on /home/runner/work/ratis/ratis/ratis-test/target/test/data/319b119c/MiniRaftClusterWithSimulatedRpcdcda50c5/s8/bfff0e68-d6f7-44dd-8316-b596e5d396f8/in_use.lock acquired by nodename 9833@runnervmwhb2z
2025-10-10 11:53:10,452 [s8-impl-thread1] TRACE util.FileUtils (LogUtils.java:runAndLog(49)) - Successfully ran Files.createDirectories /home/runner/work/ratis/ratis/ratis-test/target/test/data/319b119c/MiniRaftClusterWithSimulatedRpcdcda50c5/s8/bfff0e68-d6f7-44dd-8316-b596e5d396f8/current
2025-10-10 11:53:10,452 [s8-impl-thread1] TRACE util.FileUtils (LogUtils.java:runAndLog(49)) - Successfully ran Files.createDirectories /home/runner/work/ratis/ratis/ratis-test/target/test/data/319b119c/MiniRaftClusterWithSimulatedRpcdcda50c5/s8/bfff0e68-d6f7-44dd-8316-b596e5d396f8/sm
2025-10-10 11:53:10,452 [s8-impl-thread1] TRACE util.FileUtils (LogUtils.java:supplyAndLog(69)) - Successfully supplied FileChannel.open /home/runner/work/ratis/ratis/ratis-test/target/test/data/319b119c/MiniRaftClusterWithSimulatedRpcdcda50c5/s8/bfff0e68-d6f7-44dd-8316-b596e5d396f8/current/raft-meta.tmp with options [CREATE, TRUNCATE_EXISTING, WRITE]: sun.nio.ch.FileChannelImpl@15e911ad
2025-10-10 11:53:10,453 [s8-impl-thread1] TRACE util.FileUtils (LogUtils.java:runAndLog(49)) - Successfully ran Atomic Files.move /home/runner/work/ratis/ratis/ratis-test/target/test/data/319b119c/MiniRaftClusterWithSimulatedRpcdcda50c5/s8/bfff0e68-d6f7-44dd-8316-b596e5d396f8/current/raft-meta.tmp to /home/runner/work/ratis/ratis/ratis-test/target/test/data/319b119c/MiniRaftClusterWithSimulatedRpcdcda50c5/s8/bfff0e68-d6f7-44dd-8316-b596e5d396f8/current/raft-meta with options [REPLACE_EXISTING]
2025-10-10 11:53:10,453 [s8-impl-thread1] INFO  storage.RaftStorage (RaftStorageImpl.java:format(98)) - Storage directory /home/runner/work/ratis/ratis/ratis-test/target/test/data/319b119c/MiniRaftClusterWithSimulatedRpcdcda50c5/s8/bfff0e68-d6f7-44dd-8316-b596e5d396f8 has been successfully formatted.
2025-10-10 11:53:10,453 [s8-impl-thread1] INFO  server.RaftServer$Division (ServerState.java:getSnapshotIndexFromStateMachine(155)) - s8@group-B596E5D396F8: getLatestSnapshot(BaseStateMachine-49:s8:group-B596E5D396F8) returns null
2025-10-10 11:53:10,453 [s8-impl-thread1] INFO  raftlog.RaftLog (RaftLogBase.java:<init>(90)) - s8@group-B596E5D396F8-SegmentedRaftLog: snapshotIndexFromStateMachine = -1
2025-10-10 11:53:10,454 [s8-impl-thread1] INFO  util.AwaitToRun (AwaitToRun.java:start(81)) - Thread[s8@group-B596E5D396F8-cacheEviction-AwaitToRun,5,main] started
2025-10-10 11:53:10,454 [s8-impl-thread1] INFO  segmented.SegmentedRaftLogWorker (SegmentedRaftLogWorker.java:<init>(190)) - new s8@group-B596E5D396F8-SegmentedRaftLogWorker for RaftStorageImpl:Storage Directory /home/runner/work/ratis/ratis/ratis-test/target/test/data/319b119c/MiniRaftClusterWithSimulatedRpcdcda50c5/s8/bfff0e68-d6f7-44dd-8316-b596e5d396f8
2025-10-10 11:53:10,456 [s8-impl-thread1] INFO  segmented.SegmentedRaftLogWorker (SegmentedRaftLogWorker.java:lambda$new$0(141)) - s8@group-B596E5D396F8-SegmentedRaftLogWorker: flushIndex: setUnconditionally 0 -> -1
2025-10-10 11:53:10,456 [s8-impl-thread1] INFO  segmented.SegmentedRaftLogWorker (SegmentedRaftLogWorker.java:lambda$new$0(141)) - s8@group-B596E5D396F8-SegmentedRaftLogWorker: safeCacheEvictIndex: setUnconditionally 0 -> -1
2025-10-10 11:53:10,457 [s8-impl-thread1] INFO  server.RaftServer$Division (RaftServerImpl.java:start(412)) - s8@group-B596E5D396F8: start with initializing state, conf=conf: {index: -1, cur=peers:[]|listeners:[], old=null}
2025-10-10 11:53:10,457 [s8-impl-thread1] INFO  server.RaftServer$Division (RaftServerImpl.java:setRole(393)) - s8@group-B596E5D396F8: changes role from      null to FOLLOWER at term 0 for NOT_IN_CONF
2025-10-10 11:53:10,457 [s8-impl-thread1] INFO  util.JmxRegister (JmxRegister.java:tryRegister(44)) - Successfully registered JMX Bean with object name Ratis:service=RaftServer,group=group-B596E5D396F8,id=s8
2025-10-10 11:53:10,457 [s8-impl-thread1] INFO  util.JmxRegister (JmxRegister.java:register(58)) - register mxBean class org.apache.ratis.server.impl.RaftServerJmxAdapter as Ratis:service=RaftServer,group=group-B596E5D396F8,id=s8
2025-10-10 11:53:10,457 [s8-impl-thread1] INFO  server.RaftServer$Division (RaftServerImpl.java:start(420)) - s8@group-B596E5D396F8: Successfully started.
2025-10-10 11:53:10,457 [main] INFO  server.RaftServer (RaftServerProxy.java:startImpl(415)) - s8: start RPC server
2025-10-10 11:53:10,458 [JvmPauseMonitor27] INFO  util.JvmPauseMonitor (JvmPauseMonitor.java:run(146)) - JvmPauseMonitor-s8: Started
2025-10-10 11:53:10,459 [s0-impl-thread1] INFO  server.RaftServerConfigKeys (ConfUtils.java:logGet(62)) - raft.server.storage.dir = [/home/runner/work/ratis/ratis/ratis-test/target/test/data/319b119c/MiniRaftClusterWithSimulatedRpcdcda50c5/s0] (custom)
2025-10-10 11:53:10,459 [s0-impl-thread1] INFO  storage.RaftStorageDirectory (RaftStorageDirectoryImpl.java:analyzeStorage(138)) - The storage directory /home/runner/work/ratis/ratis/ratis-test/target/test/data/319b119c/MiniRaftClusterWithSimulatedRpcdcda50c5/s0/bfff0e68-d6f7-44dd-8316-b596e5d396f8 does not exist. Creating ...
2025-10-10 11:53:10,459 [s0-impl-thread1] TRACE util.FileUtils (LogUtils.java:runAndLog(49)) - Successfully ran Files.createDirectories /home/runner/work/ratis/ratis/ratis-test/target/test/data/319b119c/MiniRaftClusterWithSimulatedRpcdcda50c5/s0/bfff0e68-d6f7-44dd-8316-b596e5d396f8
2025-10-10 11:53:10,460 [s0-impl-thread1] INFO  storage.RaftStorageDirectory (RaftStorageDirectoryImpl.java:tryLock(229)) - Lock on /home/runner/work/ratis/ratis/ratis-test/target/test/data/319b119c/MiniRaftClusterWithSimulatedRpcdcda50c5/s0/bfff0e68-d6f7-44dd-8316-b596e5d396f8/in_use.lock acquired by nodename 9833@runnervmwhb2z
2025-10-10 11:53:10,460 [s0-impl-thread1] TRACE util.FileUtils (LogUtils.java:runAndLog(49)) - Successfully ran Files.createDirectories /home/runner/work/ratis/ratis/ratis-test/target/test/data/319b119c/MiniRaftClusterWithSimulatedRpcdcda50c5/s0/bfff0e68-d6f7-44dd-8316-b596e5d396f8/current
2025-10-10 11:53:10,460 [s0-impl-thread1] TRACE util.FileUtils (LogUtils.java:runAndLog(49)) - Successfully ran Files.createDirectories /home/runner/work/ratis/ratis/ratis-test/target/test/data/319b119c/MiniRaftClusterWithSimulatedRpcdcda50c5/s0/bfff0e68-d6f7-44dd-8316-b596e5d396f8/sm
2025-10-10 11:53:10,460 [s0-impl-thread1] TRACE util.FileUtils (LogUtils.java:supplyAndLog(69)) - Successfully supplied FileChannel.open /home/runner/work/ratis/ratis/ratis-test/target/test/data/319b119c/MiniRaftClusterWithSimulatedRpcdcda50c5/s0/bfff0e68-d6f7-44dd-8316-b596e5d396f8/current/raft-meta.tmp with options [CREATE, TRUNCATE_EXISTING, WRITE]: sun.nio.ch.FileChannelImpl@6d951040
2025-10-10 11:53:10,461 [s0-impl-thread1] TRACE util.FileUtils (LogUtils.java:runAndLog(49)) - Successfully ran Atomic Files.move /home/runner/work/ratis/ratis/ratis-test/target/test/data/319b119c/MiniRaftClusterWithSimulatedRpcdcda50c5/s0/bfff0e68-d6f7-44dd-8316-b596e5d396f8/current/raft-meta.tmp to /home/runner/work/ratis/ratis/ratis-test/target/test/data/319b119c/MiniRaftClusterWithSimulatedRpcdcda50c5/s0/bfff0e68-d6f7-44dd-8316-b596e5d396f8/current/raft-meta with options [REPLACE_EXISTING]
2025-10-10 11:53:10,462 [s0-impl-thread1] INFO  storage.RaftStorage (RaftStorageImpl.java:format(98)) - Storage directory /home/runner/work/ratis/ratis/ratis-test/target/test/data/319b119c/MiniRaftClusterWithSimulatedRpcdcda50c5/s0/bfff0e68-d6f7-44dd-8316-b596e5d396f8 has been successfully formatted.
2025-10-10 11:53:10,462 [s0-impl-thread1] INFO  server.RaftServer$Division (ServerState.java:getSnapshotIndexFromStateMachine(155)) - s0@group-B596E5D396F8: getLatestSnapshot(BaseStateMachine-41:s0:group-B596E5D396F8) returns null
2025-10-10 11:53:10,462 [s0-impl-thread1] INFO  raftlog.RaftLog (RaftLogBase.java:<init>(90)) - s0@group-B596E5D396F8-SegmentedRaftLog: snapshotIndexFromStateMachine = -1
2025-10-10 11:53:10,463 [s0-impl-thread1] INFO  util.AwaitToRun (AwaitToRun.java:start(81)) - Thread[s0@group-B596E5D396F8-cacheEviction-AwaitToRun,5,main] started
2025-10-10 11:53:10,463 [s0-impl-thread1] INFO  segmented.SegmentedRaftLogWorker (SegmentedRaftLogWorker.java:<init>(190)) - new s0@group-B596E5D396F8-SegmentedRaftLogWorker for RaftStorageImpl:Storage Directory /home/runner/work/ratis/ratis/ratis-test/target/test/data/319b119c/MiniRaftClusterWithSimulatedRpcdcda50c5/s0/bfff0e68-d6f7-44dd-8316-b596e5d396f8
2025-10-10 11:53:10,464 [s0-impl-thread1] INFO  segmented.SegmentedRaftLogWorker (SegmentedRaftLogWorker.java:lambda$new$0(141)) - s0@group-B596E5D396F8-SegmentedRaftLogWorker: flushIndex: setUnconditionally 0 -> -1
2025-10-10 11:53:10,464 [s0-impl-thread1] INFO  segmented.SegmentedRaftLogWorker (SegmentedRaftLogWorker.java:lambda$new$0(141)) - s0@group-B596E5D396F8-SegmentedRaftLogWorker: safeCacheEvictIndex: setUnconditionally 0 -> -1
2025-10-10 11:53:10,464 [s0-impl-thread1] INFO  server.RaftServer$Division (RaftServerImpl.java:start(412)) - s0@group-B596E5D396F8: start with initializing state, conf=conf: {index: -1, cur=peers:[]|listeners:[], old=null}
2025-10-10 11:53:10,464 [s0-impl-thread1] INFO  server.RaftServer$Division (RaftServerImpl.java:setRole(393)) - s0@group-B596E5D396F8: changes role from      null to FOLLOWER at term 0 for NOT_IN_CONF
2025-10-10 11:53:10,464 [s0-impl-thread1] INFO  util.JmxRegister (JmxRegister.java:tryRegister(44)) - Successfully registered JMX Bean with object name Ratis:service=RaftServer,group=group-B596E5D396F8,id=s0
2025-10-10 11:53:10,464 [s0-impl-thread1] INFO  util.JmxRegister (JmxRegister.java:register(58)) - register mxBean class org.apache.ratis.server.impl.RaftServerJmxAdapter as Ratis:service=RaftServer,group=group-B596E5D396F8,id=s0
2025-10-10 11:53:10,465 [s0-impl-thread1] INFO  server.RaftServer$Division (RaftServerImpl.java:start(420)) - s0@group-B596E5D396F8: Successfully started.
2025-10-10 11:53:10,465 [main] INFO  server.RaftServer (RaftServerProxy.java:startImpl(415)) - s0: start RPC server
2025-10-10 11:53:10,466 [JvmPauseMonitor28] INFO  util.JvmPauseMonitor (JvmPauseMonitor.java:run(146)) - JvmPauseMonitor-s0: Started
2025-10-10 11:53:10,466 [s1-impl-thread1] INFO  server.RaftServerConfigKeys (ConfUtils.java:logGet(62)) - raft.server.storage.dir = [/home/runner/work/ratis/ratis/ratis-test/target/test/data/319b119c/MiniRaftClusterWithSimulatedRpcdcda50c5/s1] (custom)
2025-10-10 11:53:10,467 [s1-impl-thread1] INFO  storage.RaftStorageDirectory (RaftStorageDirectoryImpl.java:analyzeStorage(138)) - The storage directory /home/runner/work/ratis/ratis/ratis-test/target/test/data/319b119c/MiniRaftClusterWithSimulatedRpcdcda50c5/s1/bfff0e68-d6f7-44dd-8316-b596e5d396f8 does not exist. Creating ...
2025-10-10 11:53:10,467 [s1-impl-thread1] TRACE util.FileUtils (LogUtils.java:runAndLog(49)) - Successfully ran Files.createDirectories /home/runner/work/ratis/ratis/ratis-test/target/test/data/319b119c/MiniRaftClusterWithSimulatedRpcdcda50c5/s1/bfff0e68-d6f7-44dd-8316-b596e5d396f8
2025-10-10 11:53:10,468 [s1-impl-thread1] INFO  storage.RaftStorageDirectory (RaftStorageDirectoryImpl.java:tryLock(229)) - Lock on /home/runner/work/ratis/ratis/ratis-test/target/test/data/319b119c/MiniRaftClusterWithSimulatedRpcdcda50c5/s1/bfff0e68-d6f7-44dd-8316-b596e5d396f8/in_use.lock acquired by nodename 9833@runnervmwhb2z
2025-10-10 11:53:10,468 [s1-impl-thread1] TRACE util.FileUtils (LogUtils.java:runAndLog(49)) - Successfully ran Files.createDirectories /home/runner/work/ratis/ratis/ratis-test/target/test/data/319b119c/MiniRaftClusterWithSimulatedRpcdcda50c5/s1/bfff0e68-d6f7-44dd-8316-b596e5d396f8/current
2025-10-10 11:53:10,468 [s1-impl-thread1] TRACE util.FileUtils (LogUtils.java:runAndLog(49)) - Successfully ran Files.createDirectories /home/runner/work/ratis/ratis/ratis-test/target/test/data/319b119c/MiniRaftClusterWithSimulatedRpcdcda50c5/s1/bfff0e68-d6f7-44dd-8316-b596e5d396f8/sm
2025-10-10 11:53:10,468 [s1-impl-thread1] TRACE util.FileUtils (LogUtils.java:supplyAndLog(69)) - Successfully supplied FileChannel.open /home/runner/work/ratis/ratis/ratis-test/target/test/data/319b119c/MiniRaftClusterWithSimulatedRpcdcda50c5/s1/bfff0e68-d6f7-44dd-8316-b596e5d396f8/current/raft-meta.tmp with options [CREATE, TRUNCATE_EXISTING, WRITE]: sun.nio.ch.FileChannelImpl@2e2f07bc
2025-10-10 11:53:10,469 [s1-impl-thread1] TRACE util.FileUtils (LogUtils.java:runAndLog(49)) - Successfully ran Atomic Files.move /home/runner/work/ratis/ratis/ratis-test/target/test/data/319b119c/MiniRaftClusterWithSimulatedRpcdcda50c5/s1/bfff0e68-d6f7-44dd-8316-b596e5d396f8/current/raft-meta.tmp to /home/runner/work/ratis/ratis/ratis-test/target/test/data/319b119c/MiniRaftClusterWithSimulatedRpcdcda50c5/s1/bfff0e68-d6f7-44dd-8316-b596e5d396f8/current/raft-meta with options [REPLACE_EXISTING]
2025-10-10 11:53:10,469 [s1-impl-thread1] INFO  storage.RaftStorage (RaftStorageImpl.java:format(98)) - Storage directory /home/runner/work/ratis/ratis/ratis-test/target/test/data/319b119c/MiniRaftClusterWithSimulatedRpcdcda50c5/s1/bfff0e68-d6f7-44dd-8316-b596e5d396f8 has been successfully formatted.
2025-10-10 11:53:10,469 [s1-impl-thread1] INFO  server.RaftServer$Division (ServerState.java:getSnapshotIndexFromStateMachine(155)) - s1@group-B596E5D396F8: getLatestSnapshot(BaseStateMachine-42:s1:group-B596E5D396F8) returns null
2025-10-10 11:53:10,469 [s1-impl-thread1] INFO  raftlog.RaftLog (RaftLogBase.java:<init>(90)) - s1@group-B596E5D396F8-SegmentedRaftLog: snapshotIndexFromStateMachine = -1
2025-10-10 11:53:10,470 [s1-impl-thread1] INFO  util.AwaitToRun (AwaitToRun.java:start(81)) - Thread[s1@group-B596E5D396F8-cacheEviction-AwaitToRun,5,main] started
2025-10-10 11:53:10,470 [s1-impl-thread1] INFO  segmented.SegmentedRaftLogWorker (SegmentedRaftLogWorker.java:<init>(190)) - new s1@group-B596E5D396F8-SegmentedRaftLogWorker for RaftStorageImpl:Storage Directory /home/runner/work/ratis/ratis/ratis-test/target/test/data/319b119c/MiniRaftClusterWithSimulatedRpcdcda50c5/s1/bfff0e68-d6f7-44dd-8316-b596e5d396f8
2025-10-10 11:53:10,471 [s1-impl-thread1] INFO  segmented.SegmentedRaftLogWorker (SegmentedRaftLogWorker.java:lambda$new$0(141)) - s1@group-B596E5D396F8-SegmentedRaftLogWorker: flushIndex: setUnconditionally 0 -> -1
2025-10-10 11:53:10,471 [s1-impl-thread1] INFO  segmented.SegmentedRaftLogWorker (SegmentedRaftLogWorker.java:lambda$new$0(141)) - s1@group-B596E5D396F8-SegmentedRaftLogWorker: safeCacheEvictIndex: setUnconditionally 0 -> -1
2025-10-10 11:53:10,471 [s1-impl-thread1] INFO  server.RaftServer$Division (RaftServerImpl.java:start(412)) - s1@group-B596E5D396F8: start with initializing state, conf=conf: {index: -1, cur=peers:[]|listeners:[], old=null}
2025-10-10 11:53:10,471 [s1-impl-thread1] INFO  server.RaftServer$Division (RaftServerImpl.java:setRole(393)) - s1@group-B596E5D396F8: changes role from      null to FOLLOWER at term 0 for NOT_IN_CONF
2025-10-10 11:53:10,471 [s1-impl-thread1] INFO  util.JmxRegister (JmxRegister.java:tryRegister(44)) - Successfully registered JMX Bean with object name Ratis:service=RaftServer,group=group-B596E5D396F8,id=s1
2025-10-10 11:53:10,471 [s1-impl-thread1] INFO  util.JmxRegister (JmxRegister.java:register(58)) - register mxBean class org.apache.ratis.server.impl.RaftServerJmxAdapter as Ratis:service=RaftServer,group=group-B596E5D396F8,id=s1
2025-10-10 11:53:10,472 [s1-impl-thread1] INFO  server.RaftServer$Division (RaftServerImpl.java:start(420)) - s1@group-B596E5D396F8: Successfully started.
2025-10-10 11:53:10,472 [main] INFO  server.RaftServer (RaftServerProxy.java:startImpl(415)) - s1: start RPC server
2025-10-10 11:53:10,473 [JvmPauseMonitor29] INFO  util.JvmPauseMonitor (JvmPauseMonitor.java:run(146)) - JvmPauseMonitor-s1: Started
2025-10-10 11:53:10,473 [s2-impl-thread1] INFO  server.RaftServerConfigKeys (ConfUtils.java:logGet(62)) - raft.server.storage.dir = [/home/runner/work/ratis/ratis/ratis-test/target/test/data/319b119c/MiniRaftClusterWithSimulatedRpcdcda50c5/s2] (custom)
2025-10-10 11:53:10,473 [s2-impl-thread1] INFO  storage.RaftStorageDirectory (RaftStorageDirectoryImpl.java:analyzeStorage(138)) - The storage directory /home/runner/work/ratis/ratis/ratis-test/target/test/data/319b119c/MiniRaftClusterWithSimulatedRpcdcda50c5/s2/bfff0e68-d6f7-44dd-8316-b596e5d396f8 does not exist. Creating ...
2025-10-10 11:53:10,474 [s2-impl-thread1] TRACE util.FileUtils (LogUtils.java:runAndLog(49)) - Successfully ran Files.createDirectories /home/runner/work/ratis/ratis/ratis-test/target/test/data/319b119c/MiniRaftClusterWithSimulatedRpcdcda50c5/s2/bfff0e68-d6f7-44dd-8316-b596e5d396f8
2025-10-10 11:53:10,475 [s2-impl-thread1] INFO  storage.RaftStorageDirectory (RaftStorageDirectoryImpl.java:tryLock(229)) - Lock on /home/runner/work/ratis/ratis/ratis-test/target/test/data/319b119c/MiniRaftClusterWithSimulatedRpcdcda50c5/s2/bfff0e68-d6f7-44dd-8316-b596e5d396f8/in_use.lock acquired by nodename 9833@runnervmwhb2z
2025-10-10 11:53:10,475 [s2-impl-thread1] TRACE util.FileUtils (LogUtils.java:runAndLog(49)) - Successfully ran Files.createDirectories /home/runner/work/ratis/ratis/ratis-test/target/test/data/319b119c/MiniRaftClusterWithSimulatedRpcdcda50c5/s2/bfff0e68-d6f7-44dd-8316-b596e5d396f8/current
2025-10-10 11:53:10,475 [s2-impl-thread1] TRACE util.FileUtils (LogUtils.java:runAndLog(49)) - Successfully ran Files.createDirectories /home/runner/work/ratis/ratis/ratis-test/target/test/data/319b119c/MiniRaftClusterWithSimulatedRpcdcda50c5/s2/bfff0e68-d6f7-44dd-8316-b596e5d396f8/sm
2025-10-10 11:53:10,475 [s2-impl-thread1] TRACE util.FileUtils (LogUtils.java:supplyAndLog(69)) - Successfully supplied FileChannel.open /home/runner/work/ratis/ratis/ratis-test/target/test/data/319b119c/MiniRaftClusterWithSimulatedRpcdcda50c5/s2/bfff0e68-d6f7-44dd-8316-b596e5d396f8/current/raft-meta.tmp with options [CREATE, TRUNCATE_EXISTING, WRITE]: sun.nio.ch.FileChannelImpl@53fd812
2025-10-10 11:53:10,476 [s2-impl-thread1] TRACE util.FileUtils (LogUtils.java:runAndLog(49)) - Successfully ran Atomic Files.move /home/runner/work/ratis/ratis/ratis-test/target/test/data/319b119c/MiniRaftClusterWithSimulatedRpcdcda50c5/s2/bfff0e68-d6f7-44dd-8316-b596e5d396f8/current/raft-meta.tmp to /home/runner/work/ratis/ratis/ratis-test/target/test/data/319b119c/MiniRaftClusterWithSimulatedRpcdcda50c5/s2/bfff0e68-d6f7-44dd-8316-b596e5d396f8/current/raft-meta with options [REPLACE_EXISTING]
2025-10-10 11:53:10,476 [s2-impl-thread1] INFO  storage.RaftStorage (RaftStorageImpl.java:format(98)) - Storage directory /home/runner/work/ratis/ratis/ratis-test/target/test/data/319b119c/MiniRaftClusterWithSimulatedRpcdcda50c5/s2/bfff0e68-d6f7-44dd-8316-b596e5d396f8 has been successfully formatted.
2025-10-10 11:53:10,476 [s2-impl-thread1] INFO  server.RaftServer$Division (ServerState.java:getSnapshotIndexFromStateMachine(155)) - s2@group-B596E5D396F8: getLatestSnapshot(BaseStateMachine-43:s2:group-B596E5D396F8) returns null
2025-10-10 11:53:10,476 [s2-impl-thread1] INFO  raftlog.RaftLog (RaftLogBase.java:<init>(90)) - s2@group-B596E5D396F8-SegmentedRaftLog: snapshotIndexFromStateMachine = -1
2025-10-10 11:53:10,477 [s2-impl-thread1] INFO  util.AwaitToRun (AwaitToRun.java:start(81)) - Thread[s2@group-B596E5D396F8-cacheEviction-AwaitToRun,5,main] started
2025-10-10 11:53:10,477 [s2-impl-thread1] INFO  segmented.SegmentedRaftLogWorker (SegmentedRaftLogWorker.java:<init>(190)) - new s2@group-B596E5D396F8-SegmentedRaftLogWorker for RaftStorageImpl:Storage Directory /home/runner/work/ratis/ratis/ratis-test/target/test/data/319b119c/MiniRaftClusterWithSimulatedRpcdcda50c5/s2/bfff0e68-d6f7-44dd-8316-b596e5d396f8
2025-10-10 11:53:10,478 [s2-impl-thread1] INFO  segmented.SegmentedRaftLogWorker (SegmentedRaftLogWorker.java:lambda$new$0(141)) - s2@group-B596E5D396F8-SegmentedRaftLogWorker: flushIndex: setUnconditionally 0 -> -1
2025-10-10 11:53:10,478 [s2-impl-thread1] INFO  segmented.SegmentedRaftLogWorker (SegmentedRaftLogWorker.java:lambda$new$0(141)) - s2@group-B596E5D396F8-SegmentedRaftLogWorker: safeCacheEvictIndex: setUnconditionally 0 -> -1
2025-10-10 11:53:10,478 [s2-impl-thread1] INFO  server.RaftServer$Division (RaftServerImpl.java:start(412)) - s2@group-B596E5D396F8: start with initializing state, conf=conf: {index: -1, cur=peers:[]|listeners:[], old=null}
2025-10-10 11:53:10,478 [s2-impl-thread1] INFO  server.RaftServer$Division (RaftServerImpl.java:setRole(393)) - s2@group-B596E5D396F8: changes role from      null to FOLLOWER at term 0 for NOT_IN_CONF
2025-10-10 11:53:10,478 [s2-impl-thread1] INFO  util.JmxRegister (JmxRegister.java:tryRegister(44)) - Successfully registered JMX Bean with object name Ratis:service=RaftServer,group=group-B596E5D396F8,id=s2
2025-10-10 11:53:10,478 [s2-impl-thread1] INFO  util.JmxRegister (JmxRegister.java:register(58)) - register mxBean class org.apache.ratis.server.impl.RaftServerJmxAdapter as Ratis:service=RaftServer,group=group-B596E5D396F8,id=s2
2025-10-10 11:53:10,479 [s2-impl-thread1] INFO  server.RaftServer$Division (RaftServerImpl.java:start(420)) - s2@group-B596E5D396F8: Successfully started.
2025-10-10 11:53:10,479 [main] INFO  server.RaftServer (RaftServerProxy.java:startImpl(415)) - s2: start RPC server
2025-10-10 11:53:10,480 [JvmPauseMonitor30] INFO  util.JvmPauseMonitor (JvmPauseMonitor.java:run(146)) - JvmPauseMonitor-s2: Started
2025-10-10 11:53:11,480 [main] INFO  impl.GroupManagementBaseTest (GroupManagementBaseTest.java:runMultiGroupTest(269)) - start: printing ALL groups
  s3:  RUNNING  FOLLOWER (STARTING): s3@group-B596E5D396F8:t0, leader=null, voted=, raftlog=Memoized:s3@group-B596E5D396F8-SegmentedRaftLog:OPENED:c-1:lastnull, conf=conf: {index: -1, cur=peers:[]|listeners:[], old=null}
  s4:  RUNNING  FOLLOWER (STARTING): s4@group-B596E5D396F8:t0, leader=null, voted=, raftlog=Memoized:s4@group-B596E5D396F8-SegmentedRaftLog:OPENED:c-1:lastnull, conf=conf: {index: -1, cur=peers:[]|listeners:[], old=null}
  s5:  RUNNING  FOLLOWER (STARTING): s5@group-B596E5D396F8:t0, leader=null, voted=, raftlog=Memoized:s5@group-B596E5D396F8-SegmentedRaftLog:OPENED:c-1:lastnull, conf=conf: {index: -1, cur=peers:[]|listeners:[], old=null}
  s6:  RUNNING  FOLLOWER (STARTING): s6@group-B596E5D396F8:t0, leader=null, voted=, raftlog=Memoized:s6@group-B596E5D396F8-SegmentedRaftLog:OPENED:c-1:lastnull, conf=conf: {index: -1, cur=peers:[]|listeners:[], old=null}
  s7:  RUNNING  FOLLOWER (STARTING): s7@group-B596E5D396F8:t0, leader=null, voted=, raftlog=Memoized:s7@group-B596E5D396F8-SegmentedRaftLog:OPENED:c-1:lastnull, conf=conf: {index: -1, cur=peers:[]|listeners:[], old=null}
  s8:  RUNNING  FOLLOWER (STARTING): s8@group-B596E5D396F8:t0, leader=null, voted=, raftlog=Memoized:s8@group-B596E5D396F8-SegmentedRaftLog:OPENED:c-1:lastnull, conf=conf: {index: -1, cur=peers:[]|listeners:[], old=null}
  s0:  RUNNING  FOLLOWER (STARTING): s0@group-B596E5D396F8:t0, leader=null, voted=, raftlog=Memoized:s0@group-B596E5D396F8-SegmentedRaftLog:OPENED:c-1:lastnull, conf=conf: {index: -1, cur=peers:[]|listeners:[], old=null}
  s1:  RUNNING  FOLLOWER (STARTING): s1@group-B596E5D396F8:t0, leader=null, voted=, raftlog=Memoized:s1@group-B596E5D396F8-SegmentedRaftLog:OPENED:c-1:lastnull, conf=conf: {index: -1, cur=peers:[]|listeners:[], old=null}
  s2:  RUNNING  FOLLOWER (STARTING): s2@group-B596E5D396F8:t0, leader=null, voted=, raftlog=Memoized:s2@group-B596E5D396F8-SegmentedRaftLog:OPENED:c-1:lastnull, conf=conf: {index: -1, cur=peers:[]|listeners:[], old=null}
2025-10-10 11:53:11,481 [main] INFO  impl.GroupManagementBaseTest (GroupManagementBaseTest.java:runMultiGroupTest(283)) - 0) starting group-C0E65F787AE8:[s3, s4, s0, s1, s2]
2025-10-10 11:53:11,481 [main] DEBUG client.RaftClient (RaftClientImpl.java:newRequest(95)) - attempt #1, newRequest GroupManagementRequest:client-F1DC7E4D8824->s0@group-C0E65F787AE8, cid=229, seq=null, RW, null, Add:group-C0E65F787AE8:[s3, s4, s0, s1, s2]
2025-10-10 11:53:11,482 [HandlerDaemon-0] INFO  server.RaftServer (RaftServerProxy.java:addNew(106)) - s0: addNew group-C0E65F787AE8:[s3, s4, s0, s1, s2] returns group-C0E65F787AE8:java.util.concurrent.CompletableFuture@247bb6e9[Not completed]
2025-10-10 11:53:11,482 [s0-groupManagement] INFO  server.RaftServer$Division (RaftServerImpl.java:<init>(269)) - s0: new RaftServerImpl for group-C0E65F787AE8:[s3, s4, s0, s1, s2] with BaseStateMachine-50:uninitialized
2025-10-10 11:53:11,482 [s0-groupManagement] INFO  server.RaftServer$Division (ServerState.java:<init>(115)) - s0@group-C0E65F787AE8: ConfigurationManager, init=conf: {index: -1, cur=peers:[s3, s4, s0, s1, s2]|listeners:[], old=null}, confs=<EMPTY_MAP>
2025-10-10 11:53:11,483 [s0-groupManagement] DEBUG server.RaftServer (RaftServerProxy.java:lambda$groupAddAsync$13(517)) - s0: newImpl =      null (NEW): s0@group-C0E65F787AE8:t0, leader=null, voted=null, raftlog=UNINITIALIZED, conf=conf: {index: -1, cur=peers:[s3, s4, s0, s1, s2]|listeners:[], old=null}
2025-10-10 11:53:11,483 [s0-groupManagement] INFO  server.RaftServerConfigKeys (ConfUtils.java:logGet(62)) - raft.server.storage.dir = [/home/runner/work/ratis/ratis/ratis-test/target/test/data/319b119c/MiniRaftClusterWithSimulatedRpcdcda50c5/s0] (custom)
2025-10-10 11:53:11,484 [s0-groupManagement] INFO  storage.RaftStorageDirectory (RaftStorageDirectoryImpl.java:analyzeStorage(138)) - The storage directory /home/runner/work/ratis/ratis/ratis-test/target/test/data/319b119c/MiniRaftClusterWithSimulatedRpcdcda50c5/s0/66c9739c-f39b-457b-b086-c0e65f787ae8 does not exist. Creating ...
2025-10-10 11:53:11,484 [s0-groupManagement] TRACE util.FileUtils (LogUtils.java:runAndLog(49)) - Successfully ran Files.createDirectories /home/runner/work/ratis/ratis/ratis-test/target/test/data/319b119c/MiniRaftClusterWithSimulatedRpcdcda50c5/s0/66c9739c-f39b-457b-b086-c0e65f787ae8
2025-10-10 11:53:11,485 [s0-groupManagement] INFO  storage.RaftStorageDirectory (RaftStorageDirectoryImpl.java:tryLock(229)) - Lock on /home/runner/work/ratis/ratis/ratis-test/target/test/data/319b119c/MiniRaftClusterWithSimulatedRpcdcda50c5/s0/66c9739c-f39b-457b-b086-c0e65f787ae8/in_use.lock acquired by nodename 9833@runnervmwhb2z
2025-10-10 11:53:11,485 [s0-groupManagement] TRACE util.FileUtils (LogUtils.java:runAndLog(49)) - Successfully ran Files.createDirectories /home/runner/work/ratis/ratis/ratis-test/target/test/data/319b119c/MiniRaftClusterWithSimulatedRpcdcda50c5/s0/66c9739c-f39b-457b-b086-c0e65f787ae8/current
2025-10-10 11:53:11,485 [s0-groupManagement] TRACE util.FileUtils (LogUtils.java:runAndLog(49)) - Successfully ran Files.createDirectories /home/runner/work/ratis/ratis/ratis-test/target/test/data/319b119c/MiniRaftClusterWithSimulatedRpcdcda50c5/s0/66c9739c-f39b-457b-b086-c0e65f787ae8/sm
2025-10-10 11:53:11,485 [s0-groupManagement] TRACE util.FileUtils (LogUtils.java:supplyAndLog(69)) - Successfully supplied FileChannel.open /home/runner/work/ratis/ratis/ratis-test/target/test/data/319b119c/MiniRaftClusterWithSimulatedRpcdcda50c5/s0/66c9739c-f39b-457b-b086-c0e65f787ae8/current/raft-meta.tmp with options [CREATE, TRUNCATE_EXISTING, WRITE]: sun.nio.ch.FileChannelImpl@5fac8668
2025-10-10 11:53:11,486 [s0-groupManagement] TRACE util.FileUtils (LogUtils.java:runAndLog(49)) - Successfully ran Atomic Files.move /home/runner/work/ratis/ratis/ratis-test/target/test/data/319b119c/MiniRaftClusterWithSimulatedRpcdcda50c5/s0/66c9739c-f39b-457b-b086-c0e65f787ae8/current/raft-meta.tmp to /home/runner/work/ratis/ratis/ratis-test/target/test/data/319b119c/MiniRaftClusterWithSimulatedRpcdcda50c5/s0/66c9739c-f39b-457b-b086-c0e65f787ae8/current/raft-meta with options [REPLACE_EXISTING]
2025-10-10 11:53:11,486 [s0-groupManagement] INFO  storage.RaftStorage (RaftStorageImpl.java:format(98)) - Storage directory /home/runner/work/ratis/ratis/ratis-test/target/test/data/319b119c/MiniRaftClusterWithSimulatedRpcdcda50c5/s0/66c9739c-f39b-457b-b086-c0e65f787ae8 has been successfully formatted.
2025-10-10 11:53:11,486 [s0-groupManagement] INFO  server.RaftServer$Division (ServerState.java:getSnapshotIndexFromStateMachine(155)) - s0@group-C0E65F787AE8: getLatestSnapshot(BaseStateMachine-50:s0:group-C0E65F787AE8) returns null
2025-10-10 11:53:11,486 [s0-groupManagement] INFO  raftlog.RaftLog (RaftLogBase.java:<init>(90)) - s0@group-C0E65F787AE8-SegmentedRaftLog: snapshotIndexFromStateMachine = -1
2025-10-10 11:53:11,487 [s0-groupManagement] INFO  util.AwaitToRun (AwaitToRun.java:start(81)) - Thread[s0@group-C0E65F787AE8-cacheEviction-AwaitToRun,5,main] started
2025-10-10 11:53:11,487 [s0-groupManagement] INFO  segmented.SegmentedRaftLogWorker (SegmentedRaftLogWorker.java:<init>(190)) - new s0@group-C0E65F787AE8-SegmentedRaftLogWorker for RaftStorageImpl:Storage Directory /home/runner/work/ratis/ratis/ratis-test/target/test/data/319b119c/MiniRaftClusterWithSimulatedRpcdcda50c5/s0/66c9739c-f39b-457b-b086-c0e65f787ae8
2025-10-10 11:53:11,488 [s0-groupManagement] INFO  segmented.SegmentedRaftLogWorker (SegmentedRaftLogWorker.java:lambda$new$0(141)) - s0@group-C0E65F787AE8-SegmentedRaftLogWorker: flushIndex: setUnconditionally 0 -> -1
2025-10-10 11:53:11,488 [s0-groupManagement] INFO  segmented.SegmentedRaftLogWorker (SegmentedRaftLogWorker.java:lambda$new$0(141)) - s0@group-C0E65F787AE8-SegmentedRaftLogWorker: safeCacheEvictIndex: setUnconditionally 0 -> -1
2025-10-10 11:53:11,488 [s0-groupManagement] INFO  server.RaftServer$Division (RaftServerImpl.java:start(406)) - s0@group-C0E65F787AE8: start as a follower, conf=conf: {index: -1, cur=peers:[s3, s4, s0, s1, s2]|listeners:[], old=null}
2025-10-10 11:53:11,488 [s0-groupManagement] INFO  server.RaftServer$Division (RaftServerImpl.java:setRole(393)) - s0@group-C0E65F787AE8: changes role from      null to FOLLOWER at term 0 for startAsFollower
2025-10-10 11:53:11,488 [s0-groupManagement] INFO  impl.RoleInfo (RoleInfo.java:updateAndGet(148)) - s0: start s0@group-C0E65F787AE8-FollowerState
2025-10-10 11:53:11,489 [s0-groupManagement] INFO  util.JmxRegister (JmxRegister.java:tryRegister(44)) - Successfully registered JMX Bean with object name Ratis:service=RaftServer,group=group-C0E65F787AE8,id=s0
2025-10-10 11:53:11,489 [s0@group-C0E65F787AE8-FollowerState] INFO  server.RaftServerConfigKeys (ConfUtils.java:logFallback(69)) - raft.server.rpc.first-election.timeout.min = 1500ms (fallback to raft.server.rpc.timeout.min)
2025-10-10 11:53:11,489 [s0-groupManagement] INFO  util.JmxRegister (JmxRegister.java:register(58)) - register mxBean class org.apache.ratis.server.impl.RaftServerJmxAdapter as Ratis:service=RaftServer,group=group-C0E65F787AE8,id=s0
2025-10-10 11:53:11,489 [s0@group-C0E65F787AE8-FollowerState] INFO  server.RaftServerConfigKeys (ConfUtils.java:logFallback(69)) - raft.server.rpc.first-election.timeout.max = 2000ms (fallback to raft.server.rpc.timeout.max)
2025-10-10 11:53:11,489 [s0-groupManagement] INFO  server.RaftServer$Division (RaftServerImpl.java:start(420)) - s0@group-C0E65F787AE8: Successfully started.
2025-10-10 11:53:11,490 [main] DEBUG client.RaftClient (RaftClientImpl.java:close(465)) - close client-F1DC7E4D8824
2025-10-10 11:53:11,490 [main] DEBUG client.RaftClient (RaftClientImpl.java:newRequest(95)) - attempt #1, newRequest GroupManagementRequest:client-2E23B37AFAE6->s1@group-C0E65F787AE8, cid=230, seq=null, RW, null, Add:group-C0E65F787AE8:[s3, s4, s0, s1, s2]
2025-10-10 11:53:11,491 [HandlerDaemon-0] INFO  server.RaftServer (RaftServerProxy.java:addNew(106)) - s1: addNew group-C0E65F787AE8:[s3, s4, s0, s1, s2] returns group-C0E65F787AE8:java.util.concurrent.CompletableFuture@6d62872e[Not completed]
2025-10-10 11:53:11,491 [s1-groupManagement] INFO  server.RaftServer$Division (RaftServerImpl.java:<init>(269)) - s1: new RaftServerImpl for group-C0E65F787AE8:[s3, s4, s0, s1, s2] with BaseStateMachine-51:uninitialized
2025-10-10 11:53:11,491 [s1-groupManagement] INFO  server.RaftServer$Division (ServerState.java:<init>(115)) - s1@group-C0E65F787AE8: ConfigurationManager, init=conf: {index: -1, cur=peers:[s3, s4, s0, s1, s2]|listeners:[], old=null}, confs=<EMPTY_MAP>
2025-10-10 11:53:11,492 [s1-groupManagement] DEBUG server.RaftServer (RaftServerProxy.java:lambda$groupAddAsync$13(517)) - s1: newImpl =      null (NEW): s1@group-C0E65F787AE8:t0, leader=null, voted=null, raftlog=UNINITIALIZED, conf=conf: {index: -1, cur=peers:[s3, s4, s0, s1, s2]|listeners:[], old=null}
2025-10-10 11:53:11,492 [s1-groupManagement] INFO  server.RaftServerConfigKeys (ConfUtils.java:logGet(62)) - raft.server.storage.dir = [/home/runner/work/ratis/ratis/ratis-test/target/test/data/319b119c/MiniRaftClusterWithSimulatedRpcdcda50c5/s1] (custom)
2025-10-10 11:53:11,492 [s1-groupManagement] INFO  storage.RaftStorageDirectory (RaftStorageDirectoryImpl.java:analyzeStorage(138)) - The storage directory /home/runner/work/ratis/ratis/ratis-test/target/test/data/319b119c/MiniRaftClusterWithSimulatedRpcdcda50c5/s1/66c9739c-f39b-457b-b086-c0e65f787ae8 does not exist. Creating ...
2025-10-10 11:53:11,492 [s1-groupManagement] TRACE util.FileUtils (LogUtils.java:runAndLog(49)) - Successfully ran Files.createDirectories /home/runner/work/ratis/ratis/ratis-test/target/test/data/319b119c/MiniRaftClusterWithSimulatedRpcdcda50c5/s1/66c9739c-f39b-457b-b086-c0e65f787ae8
2025-10-10 11:53:11,493 [s1-groupManagement] INFO  storage.RaftStorageDirectory (RaftStorageDirectoryImpl.java:tryLock(229)) - Lock on /home/runner/work/ratis/ratis/ratis-test/target/test/data/319b119c/MiniRaftClusterWithSimulatedRpcdcda50c5/s1/66c9739c-f39b-457b-b086-c0e65f787ae8/in_use.lock acquired by nodename 9833@runnervmwhb2z
2025-10-10 11:53:11,493 [s1-groupManagement] TRACE util.FileUtils (LogUtils.java:runAndLog(49)) - Successfully ran Files.createDirectories /home/runner/work/ratis/ratis/ratis-test/target/test/data/319b119c/MiniRaftClusterWithSimulatedRpcdcda50c5/s1/66c9739c-f39b-457b-b086-c0e65f787ae8/current
2025-10-10 11:53:11,493 [s1-groupManagement] TRACE util.FileUtils (LogUtils.java:runAndLog(49)) - Successfully ran Files.createDirectories /home/runner/work/ratis/ratis/ratis-test/target/test/data/319b119c/MiniRaftClusterWithSimulatedRpcdcda50c5/s1/66c9739c-f39b-457b-b086-c0e65f787ae8/sm
2025-10-10 11:53:11,493 [s1-groupManagement] TRACE util.FileUtils (LogUtils.java:supplyAndLog(69)) - Successfully supplied FileChannel.open /home/runner/work/ratis/ratis/ratis-test/target/test/data/319b119c/MiniRaftClusterWithSimulatedRpcdcda50c5/s1/66c9739c-f39b-457b-b086-c0e65f787ae8/current/raft-meta.tmp with options [CREATE, TRUNCATE_EXISTING, WRITE]: sun.nio.ch.FileChannelImpl@1013412b
2025-10-10 11:53:11,494 [s1-groupManagement] TRACE util.FileUtils (LogUtils.java:runAndLog(49)) - Successfully ran Atomic Files.move /home/runner/work/ratis/ratis/ratis-test/target/test/data/319b119c/MiniRaftClusterWithSimulatedRpcdcda50c5/s1/66c9739c-f39b-457b-b086-c0e65f787ae8/current/raft-meta.tmp to /home/runner/work/ratis/ratis/ratis-test/target/test/data/319b119c/MiniRaftClusterWithSimulatedRpcdcda50c5/s1/66c9739c-f39b-457b-b086-c0e65f787ae8/current/raft-meta with options [REPLACE_EXISTING]
2025-10-10 11:53:11,494 [s1-groupManagement] INFO  storage.RaftStorage (RaftStorageImpl.java:format(98)) - Storage directory /home/runner/work/ratis/ratis/ratis-test/target/test/data/319b119c/MiniRaftClusterWithSimulatedRpcdcda50c5/s1/66c9739c-f39b-457b-b086-c0e65f787ae8 has been successfully formatted.
2025-10-10 11:53:11,494 [s1-groupManagement] INFO  server.RaftServer$Division (ServerState.java:getSnapshotIndexFromStateMachine(155)) - s1@group-C0E65F787AE8: getLatestSnapshot(BaseStateMachine-51:s1:group-C0E65F787AE8) returns null
2025-10-10 11:53:11,494 [s1-groupManagement] INFO  raftlog.RaftLog (RaftLogBase.java:<init>(90)) - s1@group-C0E65F787AE8-SegmentedRaftLog: snapshotIndexFromStateMachine = -1
2025-10-10 11:53:11,495 [s1-groupManagement] INFO  util.AwaitToRun (AwaitToRun.java:start(81)) - Thread[s1@group-C0E65F787AE8-cacheEviction-AwaitToRun,5,main] started
2025-10-10 11:53:11,495 [s1-groupManagement] INFO  segmented.SegmentedRaftLogWorker (SegmentedRaftLogWorker.java:<init>(190)) - new s1@group-C0E65F787AE8-SegmentedRaftLogWorker for RaftStorageImpl:Storage Directory /home/runner/work/ratis/ratis/ratis-test/target/test/data/319b119c/MiniRaftClusterWithSimulatedRpcdcda50c5/s1/66c9739c-f39b-457b-b086-c0e65f787ae8
2025-10-10 11:53:11,496 [s1-groupManagement] INFO  segmented.SegmentedRaftLogWorker (SegmentedRaftLogWorker.java:lambda$new$0(141)) - s1@group-C0E65F787AE8-SegmentedRaftLogWorker: flushIndex: setUnconditionally 0 -> -1
2025-10-10 11:53:11,496 [s1-groupManagement] INFO  segmented.SegmentedRaftLogWorker (SegmentedRaftLogWorker.java:lambda$new$0(141)) - s1@group-C0E65F787AE8-SegmentedRaftLogWorker: safeCacheEvictIndex: setUnconditionally 0 -> -1
2025-10-10 11:53:11,496 [s1-groupManagement] INFO  server.RaftServer$Division (RaftServerImpl.java:start(406)) - s1@group-C0E65F787AE8: start as a follower, conf=conf: {index: -1, cur=peers:[s3, s4, s0, s1, s2]|listeners:[], old=null}
2025-10-10 11:53:11,496 [s1-groupManagement] INFO  server.RaftServer$Division (RaftServerImpl.java:setRole(393)) - s1@group-C0E65F787AE8: changes role from      null to FOLLOWER at term 0 for startAsFollower
2025-10-10 11:53:11,496 [s1-groupManagement] INFO  impl.RoleInfo (RoleInfo.java:updateAndGet(148)) - s1: start s1@group-C0E65F787AE8-FollowerState
2025-10-10 11:53:11,496 [s1@group-C0E65F787AE8-FollowerState] INFO  server.RaftServerConfigKeys (ConfUtils.java:logFallback(69)) - raft.server.rpc.first-election.timeout.min = 1500ms (fallback to raft.server.rpc.timeout.min)
2025-10-10 11:53:11,496 [s1-groupManagement] INFO  util.JmxRegister (JmxRegister.java:tryRegister(44)) - Successfully registered JMX Bean with object name Ratis:service=RaftServer,group=group-C0E65F787AE8,id=s1
2025-10-10 11:53:11,496 [s1-groupManagement] INFO  util.JmxRegister (JmxRegister.java:register(58)) - register mxBean class org.apache.ratis.server.impl.RaftServerJmxAdapter as Ratis:service=RaftServer,group=group-C0E65F787AE8,id=s1
2025-10-10 11:53:11,496 [s1@group-C0E65F787AE8-FollowerState] INFO  server.RaftServerConfigKeys (ConfUtils.java:logFallback(69)) - raft.server.rpc.first-election.timeout.max = 2000ms (fallback to raft.server.rpc.timeout.max)
2025-10-10 11:53:11,497 [s1-groupManagement] INFO  server.RaftServer$Division (RaftServerImpl.java:start(420)) - s1@group-C0E65F787AE8: Successfully started.
2025-10-10 11:53:11,497 [main] DEBUG client.RaftClient (RaftClientImpl.java:close(465)) - close client-2E23B37AFAE6
2025-10-10 11:53:11,498 [main] DEBUG client.RaftClient (RaftClientImpl.java:newRequest(95)) - attempt #1, newRequest GroupManagementRequest:client-4775DDEF2866->s2@group-C0E65F787AE8, cid=231, seq=null, RW, null, Add:group-C0E65F787AE8:[s3, s4, s0, s1, s2]
2025-10-10 11:53:11,498 [HandlerDaemon-0] INFO  server.RaftServer (RaftServerProxy.java:addNew(106)) - s2: addNew group-C0E65F787AE8:[s3, s4, s0, s1, s2] returns group-C0E65F787AE8:java.util.concurrent.CompletableFuture@632b2296[Not completed]
2025-10-10 11:53:11,498 [s2-groupManagement] INFO  server.RaftServer$Division (RaftServerImpl.java:<init>(269)) - s2: new RaftServerImpl for group-C0E65F787AE8:[s3, s4, s0, s1, s2] with BaseStateMachine-52:uninitialized
2025-10-10 11:53:11,498 [s2-groupManagement] INFO  server.RaftServer$Division (ServerState.java:<init>(115)) - s2@group-C0E65F787AE8: ConfigurationManager, init=conf: {index: -1, cur=peers:[s3, s4, s0, s1, s2]|listeners:[], old=null}, confs=<EMPTY_MAP>
2025-10-10 11:53:11,499 [s2-groupManagement] DEBUG server.RaftServer (RaftServerProxy.java:lambda$groupAddAsync$13(517)) - s2: newImpl =      null (NEW): s2@group-C0E65F787AE8:t0, leader=null, voted=null, raftlog=UNINITIALIZED, conf=conf: {index: -1, cur=peers:[s3, s4, s0, s1, s2]|listeners:[], old=null}
2025-10-10 11:53:11,499 [s2-groupManagement] INFO  server.RaftServerConfigKeys (ConfUtils.java:logGet(62)) - raft.server.storage.dir = [/home/runner/work/ratis/ratis/ratis-test/target/test/data/319b119c/MiniRaftClusterWithSimulatedRpcdcda50c5/s2] (custom)
2025-10-10 11:53:11,500 [s2-groupManagement] INFO  storage.RaftStorageDirectory (RaftStorageDirectoryImpl.java:analyzeStorage(138)) - The storage directory /home/runner/work/ratis/ratis/ratis-test/target/test/data/319b119c/MiniRaftClusterWithSimulatedRpcdcda50c5/s2/66c9739c-f39b-457b-b086-c0e65f787ae8 does not exist. Creating ...
2025-10-10 11:53:11,500 [s2-groupManagement] TRACE util.FileUtils (LogUtils.java:runAndLog(49)) - Successfully ran Files.createDirectories /home/runner/work/ratis/ratis/ratis-test/target/test/data/319b119c/MiniRaftClusterWithSimulatedRpcdcda50c5/s2/66c9739c-f39b-457b-b086-c0e65f787ae8
2025-10-10 11:53:11,500 [s2-groupManagement] INFO  storage.RaftStorageDirectory (RaftStorageDirectoryImpl.java:tryLock(229)) - Lock on /home/runner/work/ratis/ratis/ratis-test/target/test/data/319b119c/MiniRaftClusterWithSimulatedRpcdcda50c5/s2/66c9739c-f39b-457b-b086-c0e65f787ae8/in_use.lock acquired by nodename 9833@runnervmwhb2z
2025-10-10 11:53:11,500 [s2-groupManagement] TRACE util.FileUtils (LogUtils.java:runAndLog(49)) - Successfully ran Files.createDirectories /home/runner/work/ratis/ratis/ratis-test/target/test/data/319b119c/MiniRaftClusterWithSimulatedRpcdcda50c5/s2/66c9739c-f39b-457b-b086-c0e65f787ae8/current
2025-10-10 11:53:11,501 [s2-groupManagement] TRACE util.FileUtils (LogUtils.java:runAndLog(49)) - Successfully ran Files.createDirectories /home/runner/work/ratis/ratis/ratis-test/target/test/data/319b119c/MiniRaftClusterWithSimulatedRpcdcda50c5/s2/66c9739c-f39b-457b-b086-c0e65f787ae8/sm
2025-10-10 11:53:11,501 [s2-groupManagement] TRACE util.FileUtils (LogUtils.java:supplyAndLog(69)) - Successfully supplied FileChannel.open /home/runner/work/ratis/ratis/ratis-test/target/test/data/319b119c/MiniRaftClusterWithSimulatedRpcdcda50c5/s2/66c9739c-f39b-457b-b086-c0e65f787ae8/current/raft-meta.tmp with options [CREATE, TRUNCATE_EXISTING, WRITE]: sun.nio.ch.FileChannelImpl@df52c4b
2025-10-10 11:53:11,501 [s2-groupManagement] TRACE util.FileUtils (LogUtils.java:runAndLog(49)) - Successfully ran Atomic Files.move /home/runner/work/ratis/ratis/ratis-test/target/test/data/319b119c/MiniRaftClusterWithSimulatedRpcdcda50c5/s2/66c9739c-f39b-457b-b086-c0e65f787ae8/current/raft-meta.tmp to /home/runner/work/ratis/ratis/ratis-test/target/test/data/319b119c/MiniRaftClusterWithSimulatedRpcdcda50c5/s2/66c9739c-f39b-457b-b086-c0e65f787ae8/current/raft-meta with options [REPLACE_EXISTING]
2025-10-10 11:53:11,502 [s2-groupManagement] INFO  storage.RaftStorage (RaftStorageImpl.java:format(98)) - Storage directory /home/runner/work/ratis/ratis/ratis-test/target/test/data/319b119c/MiniRaftClusterWithSimulatedRpcdcda50c5/s2/66c9739c-f39b-457b-b086-c0e65f787ae8 has been successfully formatted.
2025-10-10 11:53:11,502 [s2-groupManagement] INFO  server.RaftServer$Division (ServerState.java:getSnapshotIndexFromStateMachine(155)) - s2@group-C0E65F787AE8: getLatestSnapshot(BaseStateMachine-52:s2:group-C0E65F787AE8) returns null
2025-10-10 11:53:11,502 [s2-groupManagement] INFO  raftlog.RaftLog (RaftLogBase.java:<init>(90)) - s2@group-C0E65F787AE8-SegmentedRaftLog: snapshotIndexFromStateMachine = -1
2025-10-10 11:53:11,502 [s2-groupManagement] INFO  util.AwaitToRun (AwaitToRun.java:start(81)) - Thread[s2@group-C0E65F787AE8-cacheEviction-AwaitToRun,5,main] started
2025-10-10 11:53:11,502 [s2-groupManagement] INFO  segmented.SegmentedRaftLogWorker (SegmentedRaftLogWorker.java:<init>(190)) - new s2@group-C0E65F787AE8-SegmentedRaftLogWorker for RaftStorageImpl:Storage Directory /home/runner/work/ratis/ratis/ratis-test/target/test/data/319b119c/MiniRaftClusterWithSimulatedRpcdcda50c5/s2/66c9739c-f39b-457b-b086-c0e65f787ae8
2025-10-10 11:53:11,503 [s2-groupManagement] INFO  segmented.SegmentedRaftLogWorker (SegmentedRaftLogWorker.java:lambda$new$0(141)) - s2@group-C0E65F787AE8-SegmentedRaftLogWorker: flushIndex: setUnconditionally 0 -> -1
2025-10-10 11:53:11,503 [s2-groupManagement] INFO  segmented.SegmentedRaftLogWorker (SegmentedRaftLogWorker.java:lambda$new$0(141)) - s2@group-C0E65F787AE8-SegmentedRaftLogWorker: safeCacheEvictIndex: setUnconditionally 0 -> -1
2025-10-10 11:53:11,504 [s2-groupManagement] INFO  server.RaftServer$Division (RaftServerImpl.java:start(406)) - s2@group-C0E65F787AE8: start as a follower, conf=conf: {index: -1, cur=peers:[s3, s4, s0, s1, s2]|listeners:[], old=null}
2025-10-10 11:53:11,504 [s2-groupManagement] INFO  server.RaftServer$Division (RaftServerImpl.java:setRole(393)) - s2@group-C0E65F787AE8: changes role from      null to FOLLOWER at term 0 for startAsFollower
2025-10-10 11:53:11,504 [s2-groupManagement] INFO  impl.RoleInfo (RoleInfo.java:updateAndGet(148)) - s2: start s2@group-C0E65F787AE8-FollowerState
2025-10-10 11:53:11,504 [s2-groupManagement] INFO  util.JmxRegister (JmxRegister.java:tryRegister(44)) - Successfully registered JMX Bean with object name Ratis:service=RaftServer,group=group-C0E65F787AE8,id=s2
2025-10-10 11:53:11,504 [s2@group-C0E65F787AE8-FollowerState] INFO  server.RaftServerConfigKeys (ConfUtils.java:logFallback(69)) - raft.server.rpc.first-election.timeout.min = 1500ms (fallback to raft.server.rpc.timeout.min)
2025-10-10 11:53:11,504 [s2-groupManagement] INFO  util.JmxRegister (JmxRegister.java:register(58)) - register mxBean class org.apache.ratis.server.impl.RaftServerJmxAdapter as Ratis:service=RaftServer,group=group-C0E65F787AE8,id=s2
2025-10-10 11:53:11,504 [s2@group-C0E65F787AE8-FollowerState] INFO  server.RaftServerConfigKeys (ConfUtils.java:logFallback(69)) - raft.server.rpc.first-election.timeout.max = 2000ms (fallback to raft.server.rpc.timeout.max)
2025-10-10 11:53:11,504 [s2-groupManagement] INFO  server.RaftServer$Division (RaftServerImpl.java:start(420)) - s2@group-C0E65F787AE8: Successfully started.
2025-10-10 11:53:11,505 [main] DEBUG client.RaftClient (RaftClientImpl.java:close(465)) - close client-4775DDEF2866
2025-10-10 11:53:11,506 [main] DEBUG client.RaftClient (RaftClientImpl.java:newRequest(95)) - attempt #1, newRequest GroupManagementRequest:client-C4AF5C693391->s3@group-C0E65F787AE8, cid=232, seq=null, RW, null, Add:group-C0E65F787AE8:[s3, s4, s0, s1, s2]
2025-10-10 11:53:11,506 [HandlerDaemon-0] INFO  server.RaftServer (RaftServerProxy.java:addNew(106)) - s3: addNew group-C0E65F787AE8:[s3, s4, s0, s1, s2] returns group-C0E65F787AE8:java.util.concurrent.CompletableFuture@3dd5947f[Not completed]
2025-10-10 11:53:11,506 [s3-groupManagement] INFO  server.RaftServer$Division (RaftServerImpl.java:<init>(269)) - s3: new RaftServerImpl for group-C0E65F787AE8:[s3, s4, s0, s1, s2] with BaseStateMachine-53:uninitialized
2025-10-10 11:53:11,506 [s3-groupManagement] INFO  server.RaftServer$Division (ServerState.java:<init>(115)) - s3@group-C0E65F787AE8: ConfigurationManager, init=conf: {index: -1, cur=peers:[s3, s4, s0, s1, s2]|listeners:[], old=null}, confs=<EMPTY_MAP>
2025-10-10 11:53:11,507 [s3-groupManagement] DEBUG server.RaftServer (RaftServerProxy.java:lambda$groupAddAsync$13(517)) - s3: newImpl =      null (NEW): s3@group-C0E65F787AE8:t0, leader=null, voted=null, raftlog=UNINITIALIZED, conf=conf: {index: -1, cur=peers:[s3, s4, s0, s1, s2]|listeners:[], old=null}
2025-10-10 11:53:11,507 [s3-groupManagement] INFO  server.RaftServerConfigKeys (ConfUtils.java:logGet(62)) - raft.server.storage.dir = [/home/runner/work/ratis/ratis/ratis-test/target/test/data/319b119c/MiniRaftClusterWithSimulatedRpcdcda50c5/s3] (custom)
2025-10-10 11:53:11,507 [s3-groupManagement] INFO  storage.RaftStorageDirectory (RaftStorageDirectoryImpl.java:analyzeStorage(138)) - The storage directory /home/runner/work/ratis/ratis/ratis-test/target/test/data/319b119c/MiniRaftClusterWithSimulatedRpcdcda50c5/s3/66c9739c-f39b-457b-b086-c0e65f787ae8 does not exist. Creating ...
2025-10-10 11:53:11,508 [s3-groupManagement] TRACE util.FileUtils (LogUtils.java:runAndLog(49)) - Successfully ran Files.createDirectories /home/runner/work/ratis/ratis/ratis-test/target/test/data/319b119c/MiniRaftClusterWithSimulatedRpcdcda50c5/s3/66c9739c-f39b-457b-b086-c0e65f787ae8
2025-10-10 11:53:11,508 [s3-groupManagement] INFO  storage.RaftStorageDirectory (RaftStorageDirectoryImpl.java:tryLock(229)) - Lock on /home/runner/work/ratis/ratis/ratis-test/target/test/data/319b119c/MiniRaftClusterWithSimulatedRpcdcda50c5/s3/66c9739c-f39b-457b-b086-c0e65f787ae8/in_use.lock acquired by nodename 9833@runnervmwhb2z
2025-10-10 11:53:11,508 [s3-groupManagement] TRACE util.FileUtils (LogUtils.java:runAndLog(49)) - Successfully ran Files.createDirectories /home/runner/work/ratis/ratis/ratis-test/target/test/data/319b119c/MiniRaftClusterWithSimulatedRpcdcda50c5/s3/66c9739c-f39b-457b-b086-c0e65f787ae8/current
2025-10-10 11:53:11,509 [s3-groupManagement] TRACE util.FileUtils (LogUtils.java:runAndLog(49)) - Successfully ran Files.createDirectories /home/runner/work/ratis/ratis/ratis-test/target/test/data/319b119c/MiniRaftClusterWithSimulatedRpcdcda50c5/s3/66c9739c-f39b-457b-b086-c0e65f787ae8/sm
2025-10-10 11:53:11,509 [s3-groupManagement] TRACE util.FileUtils (LogUtils.java:supplyAndLog(69)) - Successfully supplied FileChannel.open /home/runner/work/ratis/ratis/ratis-test/target/test/data/319b119c/MiniRaftClusterWithSimulatedRpcdcda50c5/s3/66c9739c-f39b-457b-b086-c0e65f787ae8/current/raft-meta.tmp with options [CREATE, TRUNCATE_EXISTING, WRITE]: sun.nio.ch.FileChannelImpl@47147272
2025-10-10 11:53:11,510 [s3-groupManagement] TRACE util.FileUtils (LogUtils.java:runAndLog(49)) - Successfully ran Atomic Files.move /home/runner/work/ratis/ratis/ratis-test/target/test/data/319b119c/MiniRaftClusterWithSimulatedRpcdcda50c5/s3/66c9739c-f39b-457b-b086-c0e65f787ae8/current/raft-meta.tmp to /home/runner/work/ratis/ratis/ratis-test/target/test/data/319b119c/MiniRaftClusterWithSimulatedRpcdcda50c5/s3/66c9739c-f39b-457b-b086-c0e65f787ae8/current/raft-meta with options [REPLACE_EXISTING]
2025-10-10 11:53:11,510 [s3-groupManagement] INFO  storage.RaftStorage (RaftStorageImpl.java:format(98)) - Storage directory /home/runner/work/ratis/ratis/ratis-test/target/test/data/319b119c/MiniRaftClusterWithSimulatedRpcdcda50c5/s3/66c9739c-f39b-457b-b086-c0e65f787ae8 has been successfully formatted.
2025-10-10 11:53:11,510 [s3-groupManagement] INFO  server.RaftServer$Division (ServerState.java:getSnapshotIndexFromStateMachine(155)) - s3@group-C0E65F787AE8: getLatestSnapshot(BaseStateMachine-53:s3:group-C0E65F787AE8) returns null
2025-10-10 11:53:11,510 [s3-groupManagement] INFO  raftlog.RaftLog (RaftLogBase.java:<init>(90)) - s3@group-C0E65F787AE8-SegmentedRaftLog: snapshotIndexFromStateMachine = -1
2025-10-10 11:53:11,511 [s3-groupManagement] INFO  util.AwaitToRun (AwaitToRun.java:start(81)) - Thread[s3@group-C0E65F787AE8-cacheEviction-AwaitToRun,5,main] started
2025-10-10 11:53:11,511 [s3-groupManagement] INFO  segmented.SegmentedRaftLogWorker (SegmentedRaftLogWorker.java:<init>(190)) - new s3@group-C0E65F787AE8-SegmentedRaftLogWorker for RaftStorageImpl:Storage Directory /home/runner/work/ratis/ratis/ratis-test/target/test/data/319b119c/MiniRaftClusterWithSimulatedRpcdcda50c5/s3/66c9739c-f39b-457b-b086-c0e65f787ae8
2025-10-10 11:53:11,512 [s3-groupManagement] INFO  segmented.SegmentedRaftLogWorker (SegmentedRaftLogWorker.java:lambda$new$0(141)) - s3@group-C0E65F787AE8-SegmentedRaftLogWorker: flushIndex: setUnconditionally 0 -> -1
2025-10-10 11:53:11,512 [s3-groupManagement] INFO  segmented.SegmentedRaftLogWorker (SegmentedRaftLogWorker.java:lambda$new$0(141)) - s3@group-C0E65F787AE8-SegmentedRaftLogWorker: safeCacheEvictIndex: setUnconditionally 0 -> -1
2025-10-10 11:53:11,512 [s3-groupManagement] INFO  server.RaftServer$Division (RaftServerImpl.java:start(406)) - s3@group-C0E65F787AE8: start as a follower, conf=conf: {index: -1, cur=peers:[s3, s4, s0, s1, s2]|listeners:[], old=null}
2025-10-10 11:53:11,512 [s3-groupManagement] INFO  server.RaftServer$Division (RaftServerImpl.java:setRole(393)) - s3@group-C0E65F787AE8: changes role from      null to FOLLOWER at term 0 for startAsFollower
2025-10-10 11:53:11,512 [s3-groupManagement] INFO  impl.RoleInfo (RoleInfo.java:updateAndGet(148)) - s3: start s3@group-C0E65F787AE8-FollowerState
2025-10-10 11:53:11,512 [s3@group-C0E65F787AE8-FollowerState] INFO  server.RaftServerConfigKeys (ConfUtils.java:logFallback(69)) - raft.server.rpc.first-election.timeout.min = 1500ms (fallback to raft.server.rpc.timeout.min)
2025-10-10 11:53:11,513 [s3@group-C0E65F787AE8-FollowerState] INFO  server.RaftServerConfigKeys (ConfUtils.java:logFallback(69)) - raft.server.rpc.first-election.timeout.max = 2000ms (fallback to raft.server.rpc.timeout.max)
2025-10-10 11:53:11,513 [s3-groupManagement] INFO  util.JmxRegister (JmxRegister.java:tryRegister(44)) - Successfully registered JMX Bean with object name Ratis:service=RaftServer,group=group-C0E65F787AE8,id=s3
2025-10-10 11:53:11,513 [s3-groupManagement] INFO  util.JmxRegister (JmxRegister.java:register(58)) - register mxBean class org.apache.ratis.server.impl.RaftServerJmxAdapter as Ratis:service=RaftServer,group=group-C0E65F787AE8,id=s3
2025-10-10 11:53:11,513 [s3-groupManagement] INFO  server.RaftServer$Division (RaftServerImpl.java:start(420)) - s3@group-C0E65F787AE8: Successfully started.
2025-10-10 11:53:11,514 [main] DEBUG client.RaftClient (RaftClientImpl.java:close(465)) - close client-C4AF5C693391
2025-10-10 11:53:11,514 [main] DEBUG client.RaftClient (RaftClientImpl.java:newRequest(95)) - attempt #1, newRequest GroupManagementRequest:client-E8B3A1C1433B->s4@group-C0E65F787AE8, cid=233, seq=null, RW, null, Add:group-C0E65F787AE8:[s3, s4, s0, s1, s2]
2025-10-10 11:53:11,515 [HandlerDaemon-0] INFO  server.RaftServer (RaftServerProxy.java:addNew(106)) - s4: addNew group-C0E65F787AE8:[s3, s4, s0, s1, s2] returns group-C0E65F787AE8:java.util.concurrent.CompletableFuture@589f7518[Not completed]
2025-10-10 11:53:11,515 [s4-groupManagement] INFO  server.RaftServer$Division (RaftServerImpl.java:<init>(269)) - s4: new RaftServerImpl for group-C0E65F787AE8:[s3, s4, s0, s1, s2] with BaseStateMachine-54:uninitialized
2025-10-10 11:53:11,515 [s4-groupManagement] INFO  server.RaftServer$Division (ServerState.java:<init>(115)) - s4@group-C0E65F787AE8: ConfigurationManager, init=conf: {index: -1, cur=peers:[s3, s4, s0, s1, s2]|listeners:[], old=null}, confs=<EMPTY_MAP>
2025-10-10 11:53:11,516 [s4-groupManagement] DEBUG server.RaftServer (RaftServerProxy.java:lambda$groupAddAsync$13(517)) - s4: newImpl =      null (NEW): s4@group-C0E65F787AE8:t0, leader=null, voted=null, raftlog=UNINITIALIZED, conf=conf: {index: -1, cur=peers:[s3, s4, s0, s1, s2]|listeners:[], old=null}
2025-10-10 11:53:11,516 [s4-groupManagement] INFO  server.RaftServerConfigKeys (ConfUtils.java:logGet(62)) - raft.server.storage.dir = [/home/runner/work/ratis/ratis/ratis-test/target/test/data/319b119c/MiniRaftClusterWithSimulatedRpcdcda50c5/s4] (custom)
2025-10-10 11:53:11,517 [s4-groupManagement] INFO  storage.RaftStorageDirectory (RaftStorageDirectoryImpl.java:analyzeStorage(138)) - The storage directory /home/runner/work/ratis/ratis/ratis-test/target/test/data/319b119c/MiniRaftClusterWithSimulatedRpcdcda50c5/s4/66c9739c-f39b-457b-b086-c0e65f787ae8 does not exist. Creating ...
2025-10-10 11:53:11,517 [s4-groupManagement] TRACE util.FileUtils (LogUtils.java:runAndLog(49)) - Successfully ran Files.createDirectories /home/runner/work/ratis/ratis/ratis-test/target/test/data/319b119c/MiniRaftClusterWithSimulatedRpcdcda50c5/s4/66c9739c-f39b-457b-b086-c0e65f787ae8
2025-10-10 11:53:11,518 [s4-groupManagement] INFO  storage.RaftStorageDirectory (RaftStorageDirectoryImpl.java:tryLock(229)) - Lock on /home/runner/work/ratis/ratis/ratis-test/target/test/data/319b119c/MiniRaftClusterWithSimulatedRpcdcda50c5/s4/66c9739c-f39b-457b-b086-c0e65f787ae8/in_use.lock acquired by nodename 9833@runnervmwhb2z
2025-10-10 11:53:11,518 [s4-groupManagement] TRACE util.FileUtils (LogUtils.java:runAndLog(49)) - Successfully ran Files.createDirectories /home/runner/work/ratis/ratis/ratis-test/target/test/data/319b119c/MiniRaftClusterWithSimulatedRpcdcda50c5/s4/66c9739c-f39b-457b-b086-c0e65f787ae8/current
2025-10-10 11:53:11,518 [s4-groupManagement] TRACE util.FileUtils (LogUtils.java:runAndLog(49)) - Successfully ran Files.createDirectories /home/runner/work/ratis/ratis/ratis-test/target/test/data/319b119c/MiniRaftClusterWithSimulatedRpcdcda50c5/s4/66c9739c-f39b-457b-b086-c0e65f787ae8/sm
2025-10-10 11:53:11,518 [s4-groupManagement] TRACE util.FileUtils (LogUtils.java:supplyAndLog(69)) - Successfully supplied FileChannel.open /home/runner/work/ratis/ratis/ratis-test/target/test/data/319b119c/MiniRaftClusterWithSimulatedRpcdcda50c5/s4/66c9739c-f39b-457b-b086-c0e65f787ae8/current/raft-meta.tmp with options [CREATE, TRUNCATE_EXISTING, WRITE]: sun.nio.ch.FileChannelImpl@42a07626
2025-10-10 11:53:11,519 [s4-groupManagement] TRACE util.FileUtils (LogUtils.java:runAndLog(49)) - Successfully ran Atomic Files.move /home/runner/work/ratis/ratis/ratis-test/target/test/data/319b119c/MiniRaftClusterWithSimulatedRpcdcda50c5/s4/66c9739c-f39b-457b-b086-c0e65f787ae8/current/raft-meta.tmp to /home/runner/work/ratis/ratis/ratis-test/target/test/data/319b119c/MiniRaftClusterWithSimulatedRpcdcda50c5/s4/66c9739c-f39b-457b-b086-c0e65f787ae8/current/raft-meta with options [REPLACE_EXISTING]
2025-10-10 11:53:11,519 [s4-groupManagement] INFO  storage.RaftStorage (RaftStorageImpl.java:format(98)) - Storage directory /home/runner/work/ratis/ratis/ratis-test/target/test/data/319b119c/MiniRaftClusterWithSimulatedRpcdcda50c5/s4/66c9739c-f39b-457b-b086-c0e65f787ae8 has been successfully formatted.
2025-10-10 11:53:11,519 [s4-groupManagement] INFO  server.RaftServer$Division (ServerState.java:getSnapshotIndexFromStateMachine(155)) - s4@group-C0E65F787AE8: getLatestSnapshot(BaseStateMachine-54:s4:group-C0E65F787AE8) returns null
2025-10-10 11:53:11,519 [s4-groupManagement] INFO  raftlog.RaftLog (RaftLogBase.java:<init>(90)) - s4@group-C0E65F787AE8-SegmentedRaftLog: snapshotIndexFromStateMachine = -1
2025-10-10 11:53:11,520 [s4-groupManagement] INFO  util.AwaitToRun (AwaitToRun.java:start(81)) - Thread[s4@group-C0E65F787AE8-cacheEviction-AwaitToRun,5,main] started
2025-10-10 11:53:11,520 [s4-groupManagement] INFO  segmented.SegmentedRaftLogWorker (SegmentedRaftLogWorker.java:<init>(190)) - new s4@group-C0E65F787AE8-SegmentedRaftLogWorker for RaftStorageImpl:Storage Directory /home/runner/work/ratis/ratis/ratis-test/target/test/data/319b119c/MiniRaftClusterWithSimulatedRpcdcda50c5/s4/66c9739c-f39b-457b-b086-c0e65f787ae8
2025-10-10 11:53:11,521 [s4-groupManagement] INFO  segmented.SegmentedRaftLogWorker (SegmentedRaftLogWorker.java:lambda$new$0(141)) - s4@group-C0E65F787AE8-SegmentedRaftLogWorker: flushIndex: setUnconditionally 0 -> -1
2025-10-10 11:53:11,521 [s4-groupManagement] INFO  segmented.SegmentedRaftLogWorker (SegmentedRaftLogWorker.java:lambda$new$0(141)) - s4@group-C0E65F787AE8-SegmentedRaftLogWorker: safeCacheEvictIndex: setUnconditionally 0 -> -1
2025-10-10 11:53:11,521 [s4-groupManagement] INFO  server.RaftServer$Division (RaftServerImpl.java:start(406)) - s4@group-C0E65F787AE8: start as a follower, conf=conf: {index: -1, cur=peers:[s3, s4, s0, s1, s2]|listeners:[], old=null}
2025-10-10 11:53:11,521 [s4-groupManagement] INFO  server.RaftServer$Division (RaftServerImpl.java:setRole(393)) - s4@group-C0E65F787AE8: changes role from      null to FOLLOWER at term 0 for startAsFollower
2025-10-10 11:53:11,521 [s4-groupManagement] INFO  impl.RoleInfo (RoleInfo.java:updateAndGet(148)) - s4: start s4@group-C0E65F787AE8-FollowerState
2025-10-10 11:53:11,522 [s4-groupManagement] INFO  util.JmxRegister (JmxRegister.java:tryRegister(44)) - Successfully registered JMX Bean with object name Ratis:service=RaftServer,group=group-C0E65F787AE8,id=s4
2025-10-10 11:53:11,522 [s4-groupManagement] INFO  util.JmxRegister (JmxRegister.java:register(58)) - register mxBean class org.apache.ratis.server.impl.RaftServerJmxAdapter as Ratis:service=RaftServer,group=group-C0E65F787AE8,id=s4
2025-10-10 11:53:11,522 [s4@group-C0E65F787AE8-FollowerState] INFO  server.RaftServerConfigKeys (ConfUtils.java:logFallback(69)) - raft.server.rpc.first-election.timeout.min = 1500ms (fallback to raft.server.rpc.timeout.min)
2025-10-10 11:53:11,522 [s4@group-C0E65F787AE8-FollowerState] INFO  server.RaftServerConfigKeys (ConfUtils.java:logFallback(69)) - raft.server.rpc.first-election.timeout.max = 2000ms (fallback to raft.server.rpc.timeout.max)
2025-10-10 11:53:11,522 [s4-groupManagement] INFO  server.RaftServer$Division (RaftServerImpl.java:start(420)) - s4@group-C0E65F787AE8: Successfully started.
2025-10-10 11:53:11,523 [main] DEBUG client.RaftClient (RaftClientImpl.java:close(465)) - close client-E8B3A1C1433B
2025-10-10 11:53:11,523 [main] INFO  ratis.RaftTestUtil (RaftTestUtil.java:waitForLeader(107)) - printing group-C0E65F787AE8
  s3:  RUNNING [
   FOLLOWER (RUNNING): s3@group-C0E65F787AE8:t0, leader=null, voted=, raftlog=Memoized:s3@group-C0E65F787AE8-SegmentedRaftLog:OPENED:c-1:lastnull, conf=conf: {index: -1, cur=peers:[s3, s4, s0, s1, s2]|listeners:[], old=null}
   FOLLOWER (STARTING): s3@group-B596E5D396F8:t0, leader=null, voted=, raftlog=Memoized:s3@group-B596E5D396F8-SegmentedRaftLog:OPENED:c-1:lastnull, conf=conf: {index: -1, cur=peers:[]|listeners:[], old=null}] size=2
  s4:  RUNNING [
   FOLLOWER (RUNNING): s4@group-C0E65F787AE8:t0, leader=null, voted=, raftlog=Memoized:s4@group-C0E65F787AE8-SegmentedRaftLog:OPENED:c-1:lastnull, conf=conf: {index: -1, cur=peers:[s3, s4, s0, s1, s2]|listeners:[], old=null}
   FOLLOWER (STARTING): s4@group-B596E5D396F8:t0, leader=null, voted=, raftlog=Memoized:s4@group-B596E5D396F8-SegmentedRaftLog:OPENED:c-1:lastnull, conf=conf: {index: -1, cur=peers:[]|listeners:[], old=null}] size=2
  s0:  RUNNING [
   FOLLOWER (RUNNING): s0@group-C0E65F787AE8:t0, leader=null, voted=, raftlog=Memoized:s0@group-C0E65F787AE8-SegmentedRaftLog:OPENED:c-1:lastnull, conf=conf: {index: -1, cur=peers:[s3, s4, s0, s1, s2]|listeners:[], old=null}
   FOLLOWER (STARTING): s0@group-B596E5D396F8:t0, leader=null, voted=, raftlog=Memoized:s0@group-B596E5D396F8-SegmentedRaftLog:OPENED:c-1:lastnull, conf=conf: {index: -1, cur=peers:[]|listeners:[], old=null}] size=2
  s1:  RUNNING [
   FOLLOWER (RUNNING): s1@group-C0E65F787AE8:t0, leader=null, voted=, raftlog=Memoized:s1@group-C0E65F787AE8-SegmentedRaftLog:OPENED:c-1:lastnull, conf=conf: {index: -1, cur=peers:[s3, s4, s0, s1, s2]|listeners:[], old=null}
   FOLLOWER (STARTING): s1@group-B596E5D396F8:t0, leader=null, voted=, raftlog=Memoized:s1@group-B596E5D396F8-SegmentedRaftLog:OPENED:c-1:lastnull, conf=conf: {index: -1, cur=peers:[]|listeners:[], old=null}] size=2
  s2:  RUNNING [
   FOLLOWER (RUNNING): s2@group-C0E65F787AE8:t0, leader=null, voted=, raftlog=Memoized:s2@group-C0E65F787AE8-SegmentedRaftLog:OPENED:c-1:lastnull, conf=conf: {index: -1, cur=peers:[s3, s4, s0, s1, s2]|listeners:[], old=null}
   FOLLOWER (STARTING): s2@group-B596E5D396F8:t0, leader=null, voted=, raftlog=Memoized:s2@group-B596E5D396F8-SegmentedRaftLog:OPENED:c-1:lastnull, conf=conf: {index: -1, cur=peers:[]|listeners:[], old=null}] size=2
2025-10-10 11:53:11,524 [main] WARN  ratis.RaftTestUtil (RaftTestUtil.java:lambda$waitForLeader$3(126)) - Attempt #1 failed: java.lang.IllegalStateException: No leader yet  for group-C0E65F787AE8: printing group-C0E65F787AE8
  s3:  RUNNING [
   FOLLOWER (RUNNING): s3@group-C0E65F787AE8:t0, leader=null, voted=, raftlog=Memoized:s3@group-C0E65F787AE8-SegmentedRaftLog:OPENED:c-1:lastnull, conf=conf: {index: -1, cur=peers:[s3, s4, s0, s1, s2]|listeners:[], old=null}
   FOLLOWER (STARTING): s3@group-B596E5D396F8:t0, leader=null, voted=, raftlog=Memoized:s3@group-B596E5D396F8-SegmentedRaftLog:OPENED:c-1:lastnull, conf=conf: {index: -1, cur=peers:[]|listeners:[], old=null}] size=2
  s4:  RUNNING [
   FOLLOWER (RUNNING): s4@group-C0E65F787AE8:t0, leader=null, voted=, raftlog=Memoized:s4@group-C0E65F787AE8-SegmentedRaftLog:OPENED:c-1:lastnull, conf=conf: {index: -1, cur=peers:[s3, s4, s0, s1, s2]|listeners:[], old=null}
   FOLLOWER (STARTING): s4@group-B596E5D396F8:t0, leader=null, voted=, raftlog=Memoized:s4@group-B596E5D396F8-SegmentedRaftLog:OPENED:c-1:lastnull, conf=conf: {index: -1, cur=peers:[]|listeners:[], old=null}] size=2
  s0:  RUNNING [
   FOLLOWER (RUNNING): s0@group-C0E65F787AE8:t0, leader=null, voted=, raftlog=Memoized:s0@group-C0E65F787AE8-SegmentedRaftLog:OPENED:c-1:lastnull, conf=conf: {index: -1, cur=peers:[s3, s4, s0, s1, s2]|listeners:[], old=null}
   FOLLOWER (STARTING): s0@group-B596E5D396F8:t0, leader=null, voted=, raftlog=Memoized:s0@group-B596E5D396F8-SegmentedRaftLog:OPENED:c-1:lastnull, conf=conf: {index: -1, cur=peers:[]|listeners:[], old=null}] size=2
  s1:  RUNNING [
   FOLLOWER (RUNNING): s1@group-C0E65F787AE8:t0, leader=null, voted=, raftlog=Memoized:s1@group-C0E65F787AE8-SegmentedRaftLog:OPENED:c-1:lastnull, conf=conf: {index: -1, cur=peers:[s3, s4, s0, s1, s2]|listeners:[], old=null}
   FOLLOWER (STARTING): s1@group-B596E5D396F8:t0, leader=null, voted=, raftlog=Memoized:s1@group-B596E5D396F8-SegmentedRaftLog:OPENED:c-1:lastnull, conf=conf: {index: -1, cur=peers:[]|listeners:[], old=null}] size=2
  s2:  RUNNING [
   FOLLOWER (RUNNING): s2@group-C0E65F787AE8:t0, leader=null, voted=, raftlog=Memoized:s2@group-C0E65F787AE8-SegmentedRaftLog:OPENED:c-1:lastnull, conf=conf: {index: -1, cur=peers:[s3, s4, s0, s1, s2]|listeners:[], old=null}
   FOLLOWER (STARTING): s2@group-B596E5D396F8:t0, leader=null, voted=, raftlog=Memoized:s2@group-B596E5D396F8-SegmentedRaftLog:OPENED:c-1:lastnull, conf=conf: {index: -1, cur=peers:[]|listeners:[], old=null}] size=2
2025-10-10 11:53:13,039 [s3@group-C0E65F787AE8-FollowerState] INFO  impl.FollowerState (FollowerState.java:runImpl(161)) - s3@group-C0E65F787AE8-FollowerState: change to CANDIDATE, lastRpcElapsedTime:1526609569ns, electionTimeout:1526ms
2025-10-10 11:53:13,039 [s3@group-C0E65F787AE8-FollowerState] INFO  impl.RoleInfo (RoleInfo.java:shutdownFollowerState(121)) - s3: shutdown s3@group-C0E65F787AE8-FollowerState
2025-10-10 11:53:13,039 [s3@group-C0E65F787AE8-FollowerState] INFO  server.RaftServer$Division (RaftServerImpl.java:setRole(393)) - s3@group-C0E65F787AE8: changes role from  FOLLOWER to CANDIDATE at term 0 for changeToCandidate
2025-10-10 11:53:13,039 [s3@group-C0E65F787AE8-FollowerState] INFO  impl.RoleInfo (RoleInfo.java:updateAndGet(148)) - s3: start s3@group-C0E65F787AE8-LeaderElection9
2025-10-10 11:53:13,040 [s3@group-C0E65F787AE8-LeaderElection9] INFO  impl.LeaderElection (LeaderElection.java:askForVotes(448)) - s3@group-C0E65F787AE8-LeaderElection9 PRE_VOTE round 0: submit vote requests at term 0 for conf: {index: -1, cur=peers:[s3, s4, s0, s1, s2]|listeners:[], old=null}
2025-10-10 11:53:13,040 [HandlerDaemon-0] INFO  server.RaftServer$Division (RaftServerImpl.java:requestVote(1434)) - s4@group-C0E65F787AE8: receive requestVote(PRE_VOTE, s3, group-C0E65F787AE8, 0, <PROTO_DEFAULT>)
2025-10-10 11:53:13,041 [HandlerDaemon-0] INFO  server.RaftServer$Division (RaftServerImpl.java:requestVote(1434)) - s0@group-C0E65F787AE8: receive requestVote(PRE_VOTE, s3, group-C0E65F787AE8, 0, <PROTO_DEFAULT>)
2025-10-10 11:53:13,041 [HandlerDaemon-0] INFO  impl.VoteContext (VoteContext.java:log(49)) - s4@group-C0E65F787AE8-FOLLOWER: accept PRE_VOTE from s3: our priority 0 <= candidate's priority 0
2025-10-10 11:53:13,041 [HandlerDaemon-0] INFO  impl.VoteContext (VoteContext.java:log(49)) - s0@group-C0E65F787AE8-FOLLOWER: accept PRE_VOTE from s3: our priority 0 <= candidate's priority 0
2025-10-10 11:53:13,041 [s3@group-C0E65F787AE8-LeaderElection9] INFO  server.RaftServerConfigKeys (ConfUtils.java:logFallback(69)) - raft.server.rpc.first-election.timeout.min = 1500ms (fallback to raft.server.rpc.timeout.min)
2025-10-10 11:53:13,041 [s3@group-C0E65F787AE8-LeaderElection9] INFO  server.RaftServerConfigKeys (ConfUtils.java:logFallback(69)) - raft.server.rpc.first-election.timeout.max = 2000ms (fallback to raft.server.rpc.timeout.max)
2025-10-10 11:53:13,041 [HandlerDaemon-0] INFO  server.RaftServer$Division (RaftServerImpl.java:requestVote(1468)) - s0@group-C0E65F787AE8 replies to PRE_VOTE vote request: s3<-s0#0:OK-t0-last:<INITIAL_VALUE>. Peer's state: s0@group-C0E65F787AE8:t0, leader=null, voted=, raftlog=Memoized:s0@group-C0E65F787AE8-SegmentedRaftLog:OPENED:c-1:lastnull, conf=conf: {index: -1, cur=peers:[s3, s4, s0, s1, s2]|listeners:[], old=null}
2025-10-10 11:53:13,041 [HandlerDaemon-0] INFO  server.RaftServer$Division (RaftServerImpl.java:requestVote(1434)) - s2@group-C0E65F787AE8: receive requestVote(PRE_VOTE, s3, group-C0E65F787AE8, 0, <PROTO_DEFAULT>)
2025-10-10 11:53:13,041 [HandlerDaemon-0] INFO  impl.VoteContext (VoteContext.java:log(49)) - s2@group-C0E65F787AE8-FOLLOWER: accept PRE_VOTE from s3: our priority 0 <= candidate's priority 0
2025-10-10 11:53:13,041 [HandlerDaemon-0] INFO  server.RaftServer$Division (RaftServerImpl.java:requestVote(1468)) - s4@group-C0E65F787AE8 replies to PRE_VOTE vote request: s3<-s4#0:OK-t0-last:<INITIAL_VALUE>. Peer's state: s4@group-C0E65F787AE8:t0, leader=null, voted=, raftlog=Memoized:s4@group-C0E65F787AE8-SegmentedRaftLog:OPENED:c-1:lastnull, conf=conf: {index: -1, cur=peers:[s3, s4, s0, s1, s2]|listeners:[], old=null}
2025-10-10 11:53:13,041 [HandlerDaemon-0] INFO  server.RaftServer$Division (RaftServerImpl.java:requestVote(1468)) - s2@group-C0E65F787AE8 replies to PRE_VOTE vote request: s3<-s2#0:OK-t0-last:<INITIAL_VALUE>. Peer's state: s2@group-C0E65F787AE8:t0, leader=null, voted=, raftlog=Memoized:s2@group-C0E65F787AE8-SegmentedRaftLog:OPENED:c-1:lastnull, conf=conf: {index: -1, cur=peers:[s3, s4, s0, s1, s2]|listeners:[], old=null}
2025-10-10 11:53:13,042 [s3@group-C0E65F787AE8-LeaderElection9] INFO  impl.LeaderElection (LeaderElection.java:logAndReturn(206)) - s3@group-C0E65F787AE8-LeaderElection9: PRE_VOTE PASSED received 2 response(s) and 0 exception(s):
2025-10-10 11:53:13,042 [HandlerDaemon-0] INFO  server.RaftServer$Division (RaftServerImpl.java:requestVote(1434)) - s1@group-C0E65F787AE8: receive requestVote(PRE_VOTE, s3, group-C0E65F787AE8, 0, <PROTO_DEFAULT>)
2025-10-10 11:53:13,042 [HandlerDaemon-0] INFO  impl.VoteContext (VoteContext.java:log(49)) - s1@group-C0E65F787AE8-FOLLOWER: accept PRE_VOTE from s3: our priority 0 <= candidate's priority 0
2025-10-10 11:53:13,042 [s3@group-C0E65F787AE8-LeaderElection9] INFO  impl.LeaderElection (LeaderElection.java:logAndReturn(210)) -   Response 0: s3<-s4#0:OK-t0-last:<INITIAL_VALUE>
2025-10-10 11:53:13,042 [HandlerDaemon-0] INFO  server.RaftServer$Division (RaftServerImpl.java:requestVote(1468)) - s1@group-C0E65F787AE8 replies to PRE_VOTE vote request: s3<-s1#0:OK-t0-last:<INITIAL_VALUE>. Peer's state: s1@group-C0E65F787AE8:t0, leader=null, voted=, raftlog=Memoized:s1@group-C0E65F787AE8-SegmentedRaftLog:OPENED:c-1:lastnull, conf=conf: {index: -1, cur=peers:[s3, s4, s0, s1, s2]|listeners:[], old=null}
2025-10-10 11:53:13,042 [s3@group-C0E65F787AE8-LeaderElection9] INFO  impl.LeaderElection (LeaderElection.java:logAndReturn(210)) -   Response 1: s3<-s0#0:OK-t0-last:<INITIAL_VALUE>
2025-10-10 11:53:13,042 [s3@group-C0E65F787AE8-LeaderElection9] INFO  impl.LeaderElection (LeaderElection.java:askForVotes(450)) - s3@group-C0E65F787AE8-LeaderElection9 PRE_VOTE round 0: result PASSED
2025-10-10 11:53:13,042 [s3@group-C0E65F787AE8-LeaderElection9] TRACE util.FileUtils (LogUtils.java:supplyAndLog(69)) - Successfully supplied FileChannel.open /home/runner/work/ratis/ratis/ratis-test/target/test/data/319b119c/MiniRaftClusterWithSimulatedRpcdcda50c5/s3/66c9739c-f39b-457b-b086-c0e65f787ae8/current/raft-meta.tmp with options [CREATE, TRUNCATE_EXISTING, WRITE]: sun.nio.ch.FileChannelImpl@18d07038
2025-10-10 11:53:13,043 [s3@group-C0E65F787AE8-LeaderElection9] TRACE util.FileUtils (LogUtils.java:runAndLog(49)) - Successfully ran Atomic Files.move /home/runner/work/ratis/ratis/ratis-test/target/test/data/319b119c/MiniRaftClusterWithSimulatedRpcdcda50c5/s3/66c9739c-f39b-457b-b086-c0e65f787ae8/current/raft-meta.tmp to /home/runner/work/ratis/ratis/ratis-test/target/test/data/319b119c/MiniRaftClusterWithSimulatedRpcdcda50c5/s3/66c9739c-f39b-457b-b086-c0e65f787ae8/current/raft-meta with options [REPLACE_EXISTING]
2025-10-10 11:53:13,043 [s3@group-C0E65F787AE8-LeaderElection9] INFO  impl.LeaderElection (LeaderElection.java:askForVotes(448)) - s3@group-C0E65F787AE8-LeaderElection9 ELECTION round 0: submit vote requests at term 1 for conf: {index: -1, cur=peers:[s3, s4, s0, s1, s2]|listeners:[], old=null}
2025-10-10 11:53:13,044 [HandlerDaemon-1] INFO  server.RaftServer$Division (RaftServerImpl.java:requestVote(1434)) - s4@group-C0E65F787AE8: receive requestVote(ELECTION, s3, group-C0E65F787AE8, 1, <PROTO_DEFAULT>)
2025-10-10 11:53:13,044 [HandlerDaemon-1] INFO  server.RaftServer$Division (RaftServerImpl.java:requestVote(1434)) - s0@group-C0E65F787AE8: receive requestVote(ELECTION, s3, group-C0E65F787AE8, 1, <PROTO_DEFAULT>)
2025-10-10 11:53:13,044 [HandlerDaemon-1] INFO  impl.VoteContext (VoteContext.java:log(49)) - s4@group-C0E65F787AE8-FOLLOWER: accept ELECTION from s3: our priority 0 <= candidate's priority 0
2025-10-10 11:53:13,044 [s3@group-C0E65F787AE8-LeaderElection9] INFO  server.RaftServerConfigKeys (ConfUtils.java:logFallback(69)) - raft.server.rpc.first-election.timeout.min = 1500ms (fallback to raft.server.rpc.timeout.min)
2025-10-10 11:53:13,044 [HandlerDaemon-1] INFO  server.RaftServer$Division (RaftServerImpl.java:requestVote(1434)) - s1@group-C0E65F787AE8: receive requestVote(ELECTION, s3, group-C0E65F787AE8, 1, <PROTO_DEFAULT>)
2025-10-10 11:53:13,044 [HandlerDaemon-1] INFO  server.RaftServer$Division (RaftServerImpl.java:requestVote(1434)) - s2@group-C0E65F787AE8: receive requestVote(ELECTION, s3, group-C0E65F787AE8, 1, <PROTO_DEFAULT>)
2025-10-10 11:53:13,044 [s3@group-C0E65F787AE8-LeaderElection9] INFO  server.RaftServerConfigKeys (ConfUtils.java:logFallback(69)) - raft.server.rpc.first-election.timeout.max = 2000ms (fallback to raft.server.rpc.timeout.max)
2025-10-10 11:53:13,044 [HandlerDaemon-1] INFO  impl.VoteContext (VoteContext.java:log(49)) - s0@group-C0E65F787AE8-FOLLOWER: accept ELECTION from s3: our priority 0 <= candidate's priority 0
2025-10-10 11:53:13,044 [HandlerDaemon-1] INFO  server.RaftServer$Division (RaftServerImpl.java:setRole(393)) - s4@group-C0E65F787AE8: changes role from  FOLLOWER to FOLLOWER at term 0 for candidate:s3
2025-10-10 11:53:13,045 [HandlerDaemon-1] INFO  impl.RoleInfo (RoleInfo.java:shutdownFollowerState(121)) - s4: shutdown s4@group-C0E65F787AE8-FollowerState
2025-10-10 11:53:13,045 [HandlerDaemon-1] INFO  impl.RoleInfo (RoleInfo.java:updateAndGet(148)) - s4: start s4@group-C0E65F787AE8-FollowerState
2025-10-10 11:53:13,045 [s4@group-C0E65F787AE8-FollowerState] INFO  impl.FollowerState (FollowerState.java:runImpl(170)) - s4@group-C0E65F787AE8-FollowerState was interrupted
2025-10-10 11:53:13,045 [HandlerDaemon-1] INFO  server.RaftServer$Division (RaftServerImpl.java:setFirstElection(577)) - s4@group-C0E65F787AE8: set firstElectionSinceStartup to false for candidate:s3
2025-10-10 11:53:13,045 [HandlerDaemon-1] INFO  server.RaftServer$Division (RaftServerImpl.java:setRole(393)) - s0@group-C0E65F787AE8: changes role from  FOLLOWER to FOLLOWER at term 0 for candidate:s3
2025-10-10 11:53:13,046 [HandlerDaemon-1] INFO  impl.RoleInfo (RoleInfo.java:shutdownFollowerState(121)) - s0: shutdown s0@group-C0E65F787AE8-FollowerState
2025-10-10 11:53:13,045 [HandlerDaemon-1] INFO  impl.VoteContext (VoteContext.java:log(49)) - s1@group-C0E65F787AE8-FOLLOWER: accept ELECTION from s3: our priority 0 <= candidate's priority 0
2025-10-10 11:53:13,046 [s0@group-C0E65F787AE8-FollowerState] INFO  impl.FollowerState (FollowerState.java:runImpl(170)) - s0@group-C0E65F787AE8-FollowerState was interrupted
2025-10-10 11:53:13,045 [HandlerDaemon-1] INFO  impl.VoteContext (VoteContext.java:log(49)) - s2@group-C0E65F787AE8-FOLLOWER: accept ELECTION from s3: our priority 0 <= candidate's priority 0
2025-10-10 11:53:13,046 [HandlerDaemon-1] INFO  server.RaftServer$Division (RaftServerImpl.java:setRole(393)) - s2@group-C0E65F787AE8: changes role from  FOLLOWER to FOLLOWER at term 0 for candidate:s3
2025-10-10 11:53:13,046 [HandlerDaemon-1] INFO  impl.RoleInfo (RoleInfo.java:shutdownFollowerState(121)) - s2: shutdown s2@group-C0E65F787AE8-FollowerState
2025-10-10 11:53:13,046 [HandlerDaemon-1] INFO  impl.RoleInfo (RoleInfo.java:updateAndGet(148)) - s2: start s2@group-C0E65F787AE8-FollowerState
2025-10-10 11:53:13,046 [s2@group-C0E65F787AE8-FollowerState] INFO  impl.FollowerState (FollowerState.java:runImpl(170)) - s2@group-C0E65F787AE8-FollowerState was interrupted
2025-10-10 11:53:13,046 [HandlerDaemon-1] INFO  server.RaftServer$Division (RaftServerImpl.java:setRole(393)) - s1@group-C0E65F787AE8: changes role from  FOLLOWER to FOLLOWER at term 0 for candidate:s3
2025-10-10 11:53:13,046 [HandlerDaemon-1] INFO  impl.RoleInfo (RoleInfo.java:shutdownFollowerState(121)) - s1: shutdown s1@group-C0E65F787AE8-FollowerState
2025-10-10 11:53:13,046 [HandlerDaemon-1] INFO  impl.RoleInfo (RoleInfo.java:updateAndGet(148)) - s1: start s1@group-C0E65F787AE8-FollowerState
2025-10-10 11:53:13,046 [HandlerDaemon-1] INFO  server.RaftServer$Division (RaftServerImpl.java:setFirstElection(577)) - s2@group-C0E65F787AE8: set firstElectionSinceStartup to false for candidate:s3
2025-10-10 11:53:13,046 [HandlerDaemon-1] INFO  impl.RoleInfo (RoleInfo.java:updateAndGet(148)) - s0: start s0@group-C0E65F787AE8-FollowerState
2025-10-10 11:53:13,046 [s2@group-C0E65F787AE8-FollowerState] INFO  server.RaftServerConfigKeys (ConfUtils.java:logFallback(69)) - raft.server.rpc.first-election.timeout.min = 1500ms (fallback to raft.server.rpc.timeout.min)
2025-10-10 11:53:13,047 [HandlerDaemon-1] INFO  server.RaftServer$Division (RaftServerImpl.java:setFirstElection(577)) - s1@group-C0E65F787AE8: set firstElectionSinceStartup to false for candidate:s3
2025-10-10 11:53:13,047 [s2@group-C0E65F787AE8-FollowerState] INFO  server.RaftServerConfigKeys (ConfUtils.java:logFallback(69)) - raft.server.rpc.first-election.timeout.max = 2000ms (fallback to raft.server.rpc.timeout.max)
2025-10-10 11:53:13,047 [HandlerDaemon-1] TRACE util.FileUtils (LogUtils.java:supplyAndLog(69)) - Successfully supplied FileChannel.open /home/runner/work/ratis/ratis/ratis-test/target/test/data/319b119c/MiniRaftClusterWithSimulatedRpcdcda50c5/s1/66c9739c-f39b-457b-b086-c0e65f787ae8/current/raft-meta.tmp with options [CREATE, TRUNCATE_EXISTING, WRITE]: sun.nio.ch.FileChannelImpl@189041c6
2025-10-10 11:53:13,046 [HandlerDaemon-1] TRACE util.FileUtils (LogUtils.java:supplyAndLog(69)) - Successfully supplied FileChannel.open /home/runner/work/ratis/ratis/ratis-test/target/test/data/319b119c/MiniRaftClusterWithSimulatedRpcdcda50c5/s4/66c9739c-f39b-457b-b086-c0e65f787ae8/current/raft-meta.tmp with options [CREATE, TRUNCATE_EXISTING, WRITE]: sun.nio.ch.FileChannelImpl@3fb886c4
2025-10-10 11:53:13,047 [HandlerDaemon-1] INFO  server.RaftServer$Division (RaftServerImpl.java:setFirstElection(577)) - s0@group-C0E65F787AE8: set firstElectionSinceStartup to false for candidate:s3
2025-10-10 11:53:13,047 [HandlerDaemon-1] TRACE util.FileUtils (LogUtils.java:supplyAndLog(69)) - Successfully supplied FileChannel.open /home/runner/work/ratis/ratis/ratis-test/target/test/data/319b119c/MiniRaftClusterWithSimulatedRpcdcda50c5/s2/66c9739c-f39b-457b-b086-c0e65f787ae8/current/raft-meta.tmp with options [CREATE, TRUNCATE_EXISTING, WRITE]: sun.nio.ch.FileChannelImpl@4bfd45f5
2025-10-10 11:53:13,048 [HandlerDaemon-1] TRACE util.FileUtils (LogUtils.java:supplyAndLog(69)) - Successfully supplied FileChannel.open /home/runner/work/ratis/ratis/ratis-test/target/test/data/319b119c/MiniRaftClusterWithSimulatedRpcdcda50c5/s0/66c9739c-f39b-457b-b086-c0e65f787ae8/current/raft-meta.tmp with options [CREATE, TRUNCATE_EXISTING, WRITE]: sun.nio.ch.FileChannelImpl@34fe0d16
2025-10-10 11:53:13,047 [s1@group-C0E65F787AE8-FollowerState] INFO  impl.FollowerState (FollowerState.java:runImpl(170)) - s1@group-C0E65F787AE8-FollowerState was interrupted
2025-10-10 11:53:13,048 [HandlerDaemon-1] TRACE util.FileUtils (LogUtils.java:runAndLog(49)) - Successfully ran Atomic Files.move /home/runner/work/ratis/ratis/ratis-test/target/test/data/319b119c/MiniRaftClusterWithSimulatedRpcdcda50c5/s1/66c9739c-f39b-457b-b086-c0e65f787ae8/current/raft-meta.tmp to /home/runner/work/ratis/ratis/ratis-test/target/test/data/319b119c/MiniRaftClusterWithSimulatedRpcdcda50c5/s1/66c9739c-f39b-457b-b086-c0e65f787ae8/current/raft-meta with options [REPLACE_EXISTING]
2025-10-10 11:53:13,048 [HandlerDaemon-1] TRACE util.FileUtils (LogUtils.java:runAndLog(49)) - Successfully ran Atomic Files.move /home/runner/work/ratis/ratis/ratis-test/target/test/data/319b119c/MiniRaftClusterWithSimulatedRpcdcda50c5/s4/66c9739c-f39b-457b-b086-c0e65f787ae8/current/raft-meta.tmp to /home/runner/work/ratis/ratis/ratis-test/target/test/data/319b119c/MiniRaftClusterWithSimulatedRpcdcda50c5/s4/66c9739c-f39b-457b-b086-c0e65f787ae8/current/raft-meta with options [REPLACE_EXISTING]
2025-10-10 11:53:13,048 [HandlerDaemon-1] INFO  server.RaftServer$Division (RaftServerImpl.java:requestVote(1468)) - s1@group-C0E65F787AE8 replies to ELECTION vote request: s3<-s1#0:OK-t1-last:<INITIAL_VALUE>. Peer's state: s1@group-C0E65F787AE8:t1, leader=null, voted=s3, raftlog=Memoized:s1@group-C0E65F787AE8-SegmentedRaftLog:OPENED:c-1:lastnull, conf=conf: {index: -1, cur=peers:[s3, s4, s0, s1, s2]|listeners:[], old=null}
2025-10-10 11:53:13,049 [HandlerDaemon-1] INFO  server.RaftServer$Division (RaftServerImpl.java:requestVote(1468)) - s4@group-C0E65F787AE8 replies to ELECTION vote request: s3<-s4#0:OK-t1-last:<INITIAL_VALUE>. Peer's state: s4@group-C0E65F787AE8:t1, leader=null, voted=s3, raftlog=Memoized:s4@group-C0E65F787AE8-SegmentedRaftLog:OPENED:c-1:lastnull, conf=conf: {index: -1, cur=peers:[s3, s4, s0, s1, s2]|listeners:[], old=null}
2025-10-10 11:53:13,049 [s3@group-C0E65F787AE8-LeaderElection9] INFO  impl.LeaderElection (LeaderElection.java:logAndReturn(206)) - s3@group-C0E65F787AE8-LeaderElection9: ELECTION PASSED received 2 response(s) and 0 exception(s):
2025-10-10 11:53:13,049 [HandlerDaemon-1] TRACE util.FileUtils (LogUtils.java:runAndLog(49)) - Successfully ran Atomic Files.move /home/runner/work/ratis/ratis/ratis-test/target/test/data/319b119c/MiniRaftClusterWithSimulatedRpcdcda50c5/s2/66c9739c-f39b-457b-b086-c0e65f787ae8/current/raft-meta.tmp to /home/runner/work/ratis/ratis/ratis-test/target/test/data/319b119c/MiniRaftClusterWithSimulatedRpcdcda50c5/s2/66c9739c-f39b-457b-b086-c0e65f787ae8/current/raft-meta with options [REPLACE_EXISTING]
2025-10-10 11:53:13,049 [HandlerDaemon-1] TRACE util.FileUtils (LogUtils.java:runAndLog(49)) - Successfully ran Atomic Files.move /home/runner/work/ratis/ratis/ratis-test/target/test/data/319b119c/MiniRaftClusterWithSimulatedRpcdcda50c5/s0/66c9739c-f39b-457b-b086-c0e65f787ae8/current/raft-meta.tmp to /home/runner/work/ratis/ratis/ratis-test/target/test/data/319b119c/MiniRaftClusterWithSimulatedRpcdcda50c5/s0/66c9739c-f39b-457b-b086-c0e65f787ae8/current/raft-meta with options [REPLACE_EXISTING]
2025-10-10 11:53:13,049 [HandlerDaemon-1] INFO  server.RaftServer$Division (RaftServerImpl.java:requestVote(1468)) - s0@group-C0E65F787AE8 replies to ELECTION vote request: s3<-s0#0:OK-t1-last:<INITIAL_VALUE>. Peer's state: s0@group-C0E65F787AE8:t1, leader=null, voted=s3, raftlog=Memoized:s0@group-C0E65F787AE8-SegmentedRaftLog:OPENED:c-1:lastnull, conf=conf: {index: -1, cur=peers:[s3, s4, s0, s1, s2]|listeners:[], old=null}
2025-10-10 11:53:13,049 [HandlerDaemon-1] INFO  server.RaftServer$Division (RaftServerImpl.java:requestVote(1468)) - s2@group-C0E65F787AE8 replies to ELECTION vote request: s3<-s2#0:OK-t1-last:<INITIAL_VALUE>. Peer's state: s2@group-C0E65F787AE8:t1, leader=null, voted=s3, raftlog=Memoized:s2@group-C0E65F787AE8-SegmentedRaftLog:OPENED:c-1:lastnull, conf=conf: {index: -1, cur=peers:[s3, s4, s0, s1, s2]|listeners:[], old=null}
2025-10-10 11:53:13,049 [s3@group-C0E65F787AE8-LeaderElection9] INFO  impl.LeaderElection (LeaderElection.java:logAndReturn(210)) -   Response 0: s3<-s4#0:OK-t1-last:<INITIAL_VALUE>
2025-10-10 11:53:13,049 [s3@group-C0E65F787AE8-LeaderElection9] INFO  impl.LeaderElection (LeaderElection.java:logAndReturn(210)) -   Response 1: s3<-s1#0:OK-t1-last:<INITIAL_VALUE>
2025-10-10 11:53:13,050 [s3@group-C0E65F787AE8-LeaderElection9] INFO  impl.LeaderElection (LeaderElection.java:askForVotes(450)) - s3@group-C0E65F787AE8-LeaderElection9 ELECTION round 0: result PASSED
2025-10-10 11:53:13,050 [s3@group-C0E65F787AE8-LeaderElection9] INFO  impl.RoleInfo (RoleInfo.java:shutdownLeaderElection(141)) - s3: shutdown s3@group-C0E65F787AE8-LeaderElection9
2025-10-10 11:53:13,050 [s3@group-C0E65F787AE8-LeaderElection9] INFO  server.RaftServer$Division (RaftServerImpl.java:setRole(393)) - s3@group-C0E65F787AE8: changes role from CANDIDATE to LEADER at term 1 for changeToLeader
2025-10-10 11:53:13,050 [s3@group-C0E65F787AE8-LeaderElection9] INFO  server.RaftServerConfigKeys (ConfUtils.java:logFallback(69)) - raft.server.staging.timeout = 6000ms (fallback to raft.server.rpc.timeout.max)
2025-10-10 11:53:13,052 [s3@group-C0E65F787AE8-LeaderElection9] INFO  impl.RoleInfo (RoleInfo.java:updateAndGet(148)) - s3: start s3@group-C0E65F787AE8-LeaderStateImpl
2025-10-10 11:53:13,052 [s3@group-C0E65F787AE8-LeaderElection9] INFO  server.RaftServer$Division (RaftServerImpl.java:setFirstElection(577)) - s3@group-C0E65F787AE8: set firstElectionSinceStartup to false for becomeLeader
2025-10-10 11:53:13,052 [s3@group-C0E65F787AE8-LeaderElection9] INFO  server.RaftServer$Division (ServerState.java:setLeader(278)) - s3@group-C0E65F787AE8: change Leader from null to s3 at term 1 for becomeLeader, leader elected after 1545ms
2025-10-10 11:53:13,052 [s3@group-C0E65F787AE8-LeaderElection9] INFO  segmented.SegmentedRaftLogWorker (SegmentedRaftLogWorker.java:startLogSegment(440)) - s3@group-C0E65F787AE8-SegmentedRaftLogWorker: Starting segment from index:0
2025-10-10 11:53:13,052 [s3@group-C0E65F787AE8-LeaderElection9] INFO  server.RaftServer$Division (ServerState.java:setRaftConf(392)) - s3@group-C0E65F787AE8: set configuration conf: {index: 0, cur=peers:[s3, s4, s0, s1, s2]|listeners:[], old=null}
2025-10-10 11:53:13,052 [s3@group-C0E65F787AE8-SegmentedRaftLogWorker] INFO  segmented.BufferedWriteChannel (BufferedWriteChannel.java:open(61)) - open log_inprogress_0 at position 0
2025-10-10 11:53:13,053 [HandlerDaemon-2] INFO  server.RaftServer$Division (ServerState.java:setLeader(278)) - s4@group-C0E65F787AE8: change Leader from null to s3 at term 1 for APPEND_ENTRIES, leader elected after 1537ms
2025-10-10 11:53:13,054 [HandlerDaemon-2] INFO  server.RaftServer$Division (ServerState.java:setLeader(278)) - s1@group-C0E65F787AE8: change Leader from null to s3 at term 1 for APPEND_ENTRIES, leader elected after 1562ms
2025-10-10 11:53:13,054 [HandlerDaemon-2] INFO  server.RaftServer$Division (ServerState.java:setLeader(278)) - s0@group-C0E65F787AE8: change Leader from null to s3 at term 1 for APPEND_ENTRIES, leader elected after 1571ms
2025-10-10 11:53:13,056 [HandlerDaemon-2] INFO  server.RaftServer$Division (ServerState.java:setLeader(278)) - s2@group-C0E65F787AE8: change Leader from null to s3 at term 1 for APPEND_ENTRIES, leader elected after 1557ms
2025-10-10 11:53:13,056 [HandlerDaemon-0] DEBUG server.RaftServer$Division (RaftServerImpl.java:logAppendEntries(1537)) - s0@group-C0E65F787AE8: appendEntries* s3->s0#243-t1,previous=<PROTO_DEFAULT>,leaderCommit=-1,initializing? false,entries: size=1, first=(t:1, i:0), CONFIGURATIONENTRY(current:id:"s3"startupRole:FOLLOWER, id:"s4"startupRole:FOLLOWER, id:"s0"startupRole:FOLLOWER, id:"s1"startupRole:FOLLOWER, id:"s2"startupRole:FOLLOWER, old:)
2025-10-10 11:53:13,056 [HandlerDaemon-0] DEBUG server.RaftServer$Division (RaftServerImpl.java:logAppendEntries(1537)) - s1@group-C0E65F787AE8: appendEntries* s3->s1#242-t1,previous=<PROTO_DEFAULT>,leaderCommit=-1,initializing? false,entries: size=1, first=(t:1, i:0), CONFIGURATIONENTRY(current:id:"s3"startupRole:FOLLOWER, id:"s4"startupRole:FOLLOWER, id:"s0"startupRole:FOLLOWER, id:"s1"startupRole:FOLLOWER, id:"s2"startupRole:FOLLOWER, old:)
2025-10-10 11:53:13,056 [HandlerDaemon-0] INFO  server.RaftServer$Division (ServerState.java:setRaftConf(392)) - s0@group-C0E65F787AE8: set configuration conf: {index: 0, cur=peers:[s3|, s4|, s0|, s1|, s2|]|listeners:[], old=null}
2025-10-10 11:53:13,056 [HandlerDaemon-0] INFO  server.RaftServer$Division (ServerState.java:setRaftConf(392)) - s1@group-C0E65F787AE8: set configuration conf: {index: 0, cur=peers:[s3|, s4|, s0|, s1|, s2|]|listeners:[], old=null}
2025-10-10 11:53:13,056 [HandlerDaemon-2] DEBUG server.RaftServer$Division (RaftServerImpl.java:logAppendEntries(1537)) - s2@group-C0E65F787AE8: appendEntries* s3->s2#245-t1,previous=<PROTO_DEFAULT>,leaderCommit=-1,initializing? false,entries: size=1, first=(t:1, i:0), CONFIGURATIONENTRY(current:id:"s3"startupRole:FOLLOWER, id:"s4"startupRole:FOLLOWER, id:"s0"startupRole:FOLLOWER, id:"s1"startupRole:FOLLOWER, id:"s2"startupRole:FOLLOWER, old:)
2025-10-10 11:53:13,057 [HandlerDaemon-2] INFO  server.RaftServer$Division (ServerState.java:setRaftConf(392)) - s2@group-C0E65F787AE8: set configuration conf: {index: 0, cur=peers:[s3|, s4|, s0|, s1|, s2|]|listeners:[], old=null}
2025-10-10 11:53:13,057 [HandlerDaemon-0] DEBUG server.RaftServer$Division (RaftServerImpl.java:logAppendEntries(1537)) - s4@group-C0E65F787AE8: appendEntries* s3->s4#244-t1,previous=<PROTO_DEFAULT>,leaderCommit=-1,initializing? false,entries: size=1, first=(t:1, i:0), CONFIGURATIONENTRY(current:id:"s3"startupRole:FOLLOWER, id:"s4"startupRole:FOLLOWER, id:"s0"startupRole:FOLLOWER, id:"s1"startupRole:FOLLOWER, id:"s2"startupRole:FOLLOWER, old:)
2025-10-10 11:53:13,057 [s0-server-thread1] INFO  segmented.SegmentedRaftLogWorker (SegmentedRaftLogWorker.java:startLogSegment(440)) - s0@group-C0E65F787AE8-SegmentedRaftLogWorker: Starting segment from index:0
2025-10-10 11:53:13,057 [s2-server-thread1] INFO  segmented.SegmentedRaftLogWorker (SegmentedRaftLogWorker.java:startLogSegment(440)) - s2@group-C0E65F787AE8-SegmentedRaftLogWorker: Starting segment from index:0
2025-10-10 11:53:13,057 [HandlerDaemon-0] INFO  server.RaftServer$Division (ServerState.java:setRaftConf(392)) - s4@group-C0E65F787AE8: set configuration conf: {index: 0, cur=peers:[s3|, s4|, s0|, s1|, s2|]|listeners:[], old=null}
2025-10-10 11:53:13,058 [s1-server-thread1] INFO  segmented.SegmentedRaftLogWorker (SegmentedRaftLogWorker.java:startLogSegment(440)) - s1@group-C0E65F787AE8-SegmentedRaftLogWorker: Starting segment from index:0
2025-10-10 11:53:13,058 [s4-server-thread1] INFO  segmented.SegmentedRaftLogWorker (SegmentedRaftLogWorker.java:startLogSegment(440)) - s4@group-C0E65F787AE8-SegmentedRaftLogWorker: Starting segment from index:0
2025-10-10 11:53:13,058 [s1@group-C0E65F787AE8-SegmentedRaftLogWorker] INFO  segmented.BufferedWriteChannel (BufferedWriteChannel.java:open(61)) - open log_inprogress_0 at position 0
2025-10-10 11:53:13,058 [s4@group-C0E65F787AE8-SegmentedRaftLogWorker] INFO  segmented.BufferedWriteChannel (BufferedWriteChannel.java:open(61)) - open log_inprogress_0 at position 0
2025-10-10 11:53:13,058 [s0@group-C0E65F787AE8-SegmentedRaftLogWorker] INFO  segmented.BufferedWriteChannel (BufferedWriteChannel.java:open(61)) - open log_inprogress_0 at position 0
2025-10-10 11:53:13,061 [s2@group-C0E65F787AE8-SegmentedRaftLogWorker] INFO  segmented.BufferedWriteChannel (BufferedWriteChannel.java:open(61)) - open log_inprogress_0 at position 0
2025-10-10 11:53:13,063 [s3@group-C0E65F787AE8-SegmentedRaftLogWorker] INFO  segmented.SegmentedRaftLogWorker (SegmentedRaftLogWorker.java:execute(647)) - s3@group-C0E65F787AE8-SegmentedRaftLogWorker: created new log segment /home/runner/work/ratis/ratis/ratis-test/target/test/data/319b119c/MiniRaftClusterWithSimulatedRpcdcda50c5/s3/66c9739c-f39b-457b-b086-c0e65f787ae8/current/log_inprogress_0
2025-10-10 11:53:13,066 [s1@group-C0E65F787AE8-SegmentedRaftLogWorker] INFO  segmented.SegmentedRaftLogWorker (SegmentedRaftLogWorker.java:execute(647)) - s1@group-C0E65F787AE8-SegmentedRaftLogWorker: created new log segment /home/runner/work/ratis/ratis/ratis-test/target/test/data/319b119c/MiniRaftClusterWithSimulatedRpcdcda50c5/s1/66c9739c-f39b-457b-b086-c0e65f787ae8/current/log_inprogress_0
2025-10-10 11:53:13,066 [s0@group-C0E65F787AE8-SegmentedRaftLogWorker] INFO  segmented.SegmentedRaftLogWorker (SegmentedRaftLogWorker.java:execute(647)) - s0@group-C0E65F787AE8-SegmentedRaftLogWorker: created new log segment /home/runner/work/ratis/ratis/ratis-test/target/test/data/319b119c/MiniRaftClusterWithSimulatedRpcdcda50c5/s0/66c9739c-f39b-457b-b086-c0e65f787ae8/current/log_inprogress_0
2025-10-10 11:53:13,068 [s4@group-C0E65F787AE8-SegmentedRaftLogWorker] INFO  segmented.SegmentedRaftLogWorker (SegmentedRaftLogWorker.java:execute(647)) - s4@group-C0E65F787AE8-SegmentedRaftLogWorker: created new log segment /home/runner/work/ratis/ratis/ratis-test/target/test/data/319b119c/MiniRaftClusterWithSimulatedRpcdcda50c5/s4/66c9739c-f39b-457b-b086-c0e65f787ae8/current/log_inprogress_0
2025-10-10 11:53:13,068 [s0-server-thread1] DEBUG server.RaftServer$Division (RaftServerImpl.java:logAppendEntries(1537)) - s0@group-C0E65F787AE8: appendEntries* reply s3<-s0#243:OK-t1,SUCCESS,nextIndex=1,followerCommit=-1,matchIndex=0
2025-10-10 11:53:13,068 [s1-server-thread1] DEBUG server.RaftServer$Division (RaftServerImpl.java:logAppendEntries(1537)) - s1@group-C0E65F787AE8: appendEntries* reply s3<-s1#242:OK-t1,SUCCESS,nextIndex=1,followerCommit=-1,matchIndex=0
2025-10-10 11:53:13,069 [s4-server-thread1] DEBUG server.RaftServer$Division (RaftServerImpl.java:logAppendEntries(1537)) - s4@group-C0E65F787AE8: appendEntries* reply s3<-s4#244:OK-t1,SUCCESS,nextIndex=1,followerCommit=-1,matchIndex=0
2025-10-10 11:53:13,069 [s2@group-C0E65F787AE8-SegmentedRaftLogWorker] INFO  segmented.SegmentedRaftLogWorker (SegmentedRaftLogWorker.java:execute(647)) - s2@group-C0E65F787AE8-SegmentedRaftLogWorker: created new log segment /home/runner/work/ratis/ratis/ratis-test/target/test/data/319b119c/MiniRaftClusterWithSimulatedRpcdcda50c5/s2/66c9739c-f39b-457b-b086-c0e65f787ae8/current/log_inprogress_0
2025-10-10 11:53:13,070 [s3@group-C0E65F787AE8-StateMachineUpdater] TRACE util.FileUtils (LogUtils.java:supplyAndLog(69)) - Successfully supplied FileChannel.open /home/runner/work/ratis/ratis/ratis-test/target/test/data/319b119c/MiniRaftClusterWithSimulatedRpcdcda50c5/s3/66c9739c-f39b-457b-b086-c0e65f787ae8/current/raft-meta.conf.tmp with options [CREATE, TRUNCATE_EXISTING, WRITE]: sun.nio.ch.FileChannelImpl@35b5f046
2025-10-10 11:53:13,070 [s2-server-thread1] DEBUG server.RaftServer$Division (RaftServerImpl.java:logAppendEntries(1537)) - s2@group-C0E65F787AE8: appendEntries* reply s3<-s2#245:OK-t1,SUCCESS,nextIndex=1,followerCommit=-1,matchIndex=0
2025-10-10 11:53:13,071 [s3@group-C0E65F787AE8-StateMachineUpdater] TRACE util.FileUtils (LogUtils.java:runAndLog(49)) - Successfully ran Atomic Files.move /home/runner/work/ratis/ratis/ratis-test/target/test/data/319b119c/MiniRaftClusterWithSimulatedRpcdcda50c5/s3/66c9739c-f39b-457b-b086-c0e65f787ae8/current/raft-meta.conf.tmp to /home/runner/work/ratis/ratis/ratis-test/target/test/data/319b119c/MiniRaftClusterWithSimulatedRpcdcda50c5/s3/66c9739c-f39b-457b-b086-c0e65f787ae8/current/raft-meta.conf with options [REPLACE_EXISTING]
2025-10-10 11:53:13,071 [s3@group-C0E65F787AE8-StateMachineUpdater] INFO  server.RaftServer$Division (LeaderStateImpl.java:checkStartIndex(309)) - Leader s3@group-C0E65F787AE8-LeaderStateImpl is ready since appliedIndex == startIndex == 0
2025-10-10 11:53:13,820 [s1@group-C0E65F787AE8-StateMachineUpdater] TRACE util.FileUtils (LogUtils.java:supplyAndLog(69)) - Successfully supplied FileChannel.open /home/runner/work/ratis/ratis/ratis-test/target/test/data/319b119c/MiniRaftClusterWithSimulatedRpcdcda50c5/s1/66c9739c-f39b-457b-b086-c0e65f787ae8/current/raft-meta.conf.tmp with options [CREATE, TRUNCATE_EXISTING, WRITE]: sun.nio.ch.FileChannelImpl@2d2c21da
2025-10-10 11:53:13,820 [s4@group-C0E65F787AE8-StateMachineUpdater] TRACE util.FileUtils (LogUtils.java:supplyAndLog(69)) - Successfully supplied FileChannel.open /home/runner/work/ratis/ratis/ratis-test/target/test/data/319b119c/MiniRaftClusterWithSimulatedRpcdcda50c5/s4/66c9739c-f39b-457b-b086-c0e65f787ae8/current/raft-meta.conf.tmp with options [CREATE, TRUNCATE_EXISTING, WRITE]: sun.nio.ch.FileChannelImpl@2419fc0f
2025-10-10 11:53:13,820 [s0@group-C0E65F787AE8-StateMachineUpdater] TRACE util.FileUtils (LogUtils.java:supplyAndLog(69)) - Successfully supplied FileChannel.open /home/runner/work/ratis/ratis/ratis-test/target/test/data/319b119c/MiniRaftClusterWithSimulatedRpcdcda50c5/s0/66c9739c-f39b-457b-b086-c0e65f787ae8/current/raft-meta.conf.tmp with options [CREATE, TRUNCATE_EXISTING, WRITE]: sun.nio.ch.FileChannelImpl@5c09f7cc
2025-10-10 11:53:13,822 [s2@group-C0E65F787AE8-StateMachineUpdater] TRACE util.FileUtils (LogUtils.java:supplyAndLog(69)) - Successfully supplied FileChannel.open /home/runner/work/ratis/ratis/ratis-test/target/test/data/319b119c/MiniRaftClusterWithSimulatedRpcdcda50c5/s2/66c9739c-f39b-457b-b086-c0e65f787ae8/current/raft-meta.conf.tmp with options [CREATE, TRUNCATE_EXISTING, WRITE]: sun.nio.ch.FileChannelImpl@4d4abd7b
2025-10-10 11:53:13,822 [s1@group-C0E65F787AE8-StateMachineUpdater] TRACE util.FileUtils (LogUtils.java:runAndLog(49)) - Successfully ran Atomic Files.move /home/runner/work/ratis/ratis/ratis-test/target/test/data/319b119c/MiniRaftClusterWithSimulatedRpcdcda50c5/s1/66c9739c-f39b-457b-b086-c0e65f787ae8/current/raft-meta.conf.tmp to /home/runner/work/ratis/ratis/ratis-test/target/test/data/319b119c/MiniRaftClusterWithSimulatedRpcdcda50c5/s1/66c9739c-f39b-457b-b086-c0e65f787ae8/current/raft-meta.conf with options [REPLACE_EXISTING]
2025-10-10 11:53:13,823 [s4@group-C0E65F787AE8-StateMachineUpdater] TRACE util.FileUtils (LogUtils.java:runAndLog(49)) - Successfully ran Atomic Files.move /home/runner/work/ratis/ratis/ratis-test/target/test/data/319b119c/MiniRaftClusterWithSimulatedRpcdcda50c5/s4/66c9739c-f39b-457b-b086-c0e65f787ae8/current/raft-meta.conf.tmp to /home/runner/work/ratis/ratis/ratis-test/target/test/data/319b119c/MiniRaftClusterWithSimulatedRpcdcda50c5/s4/66c9739c-f39b-457b-b086-c0e65f787ae8/current/raft-meta.conf with options [REPLACE_EXISTING]
2025-10-10 11:53:13,823 [s2@group-C0E65F787AE8-StateMachineUpdater] TRACE util.FileUtils (LogUtils.java:runAndLog(49)) - Successfully ran Atomic Files.move /home/runner/work/ratis/ratis/ratis-test/target/test/data/319b119c/MiniRaftClusterWithSimulatedRpcdcda50c5/s2/66c9739c-f39b-457b-b086-c0e65f787ae8/current/raft-meta.conf.tmp to /home/runner/work/ratis/ratis/ratis-test/target/test/data/319b119c/MiniRaftClusterWithSimulatedRpcdcda50c5/s2/66c9739c-f39b-457b-b086-c0e65f787ae8/current/raft-meta.conf with options [REPLACE_EXISTING]
2025-10-10 11:53:13,823 [s0@group-C0E65F787AE8-StateMachineUpdater] TRACE util.FileUtils (LogUtils.java:runAndLog(49)) - Successfully ran Atomic Files.move /home/runner/work/ratis/ratis/ratis-test/target/test/data/319b119c/MiniRaftClusterWithSimulatedRpcdcda50c5/s0/66c9739c-f39b-457b-b086-c0e65f787ae8/current/raft-meta.conf.tmp to /home/runner/work/ratis/ratis/ratis-test/target/test/data/319b119c/MiniRaftClusterWithSimulatedRpcdcda50c5/s0/66c9739c-f39b-457b-b086-c0e65f787ae8/current/raft-meta.conf with options [REPLACE_EXISTING]
2025-10-10 11:53:14,525 [main] INFO  ratis.RaftTestUtil (RaftTestUtil.java:waitForLeader(131)) - printing group-C0E65F787AE8
  s3:  RUNNING [
     LEADER (RUNNING): s3@group-C0E65F787AE8:t1, leader=s3, voted=s3, raftlog=Memoized:s3@group-C0E65F787AE8-SegmentedRaftLog:OPENED:c0:last(t:1, i:0), conf=conf: {index: 0, cur=peers:[s3, s4, s0, s1, s2]|listeners:[], old=null}
   FOLLOWER (STARTING): s3@group-B596E5D396F8:t0, leader=null, voted=, raftlog=Memoized:s3@group-B596E5D396F8-SegmentedRaftLog:OPENED:c-1:lastnull, conf=conf: {index: -1, cur=peers:[]|listeners:[], old=null}] size=2
  s4:  RUNNING [
   FOLLOWER (RUNNING): s4@group-C0E65F787AE8:t1, leader=s3, voted=s3, raftlog=Memoized:s4@group-C0E65F787AE8-SegmentedRaftLog:OPENED:c0:last(t:1, i:0), conf=conf: {index: 0, cur=peers:[s3|, s4|, s0|, s1|, s2|]|listeners:[], old=null}
   FOLLOWER (STARTING): s4@group-B596E5D396F8:t0, leader=null, voted=, raftlog=Memoized:s4@group-B596E5D396F8-SegmentedRaftLog:OPENED:c-1:lastnull, conf=conf: {index: -1, cur=peers:[]|listeners:[], old=null}] size=2
  s0:  RUNNING [
   FOLLOWER (RUNNING): s0@group-C0E65F787AE8:t1, leader=s3, voted=s3, raftlog=Memoized:s0@group-C0E65F787AE8-SegmentedRaftLog:OPENED:c0:last(t:1, i:0), conf=conf: {index: 0, cur=peers:[s3|, s4|, s0|, s1|, s2|]|listeners:[], old=null}
   FOLLOWER (STARTING): s0@group-B596E5D396F8:t0, leader=null, voted=, raftlog=Memoized:s0@group-B596E5D396F8-SegmentedRaftLog:OPENED:c-1:lastnull, conf=conf: {index: -1, cur=peers:[]|listeners:[], old=null}] size=2
  s1:  RUNNING [
   FOLLOWER (RUNNING): s1@group-C0E65F787AE8:t1, leader=s3, voted=s3, raftlog=Memoized:s1@group-C0E65F787AE8-SegmentedRaftLog:OPENED:c0:last(t:1, i:0), conf=conf: {index: 0, cur=peers:[s3|, s4|, s0|, s1|, s2|]|listeners:[], old=null}
   FOLLOWER (STARTING): s1@group-B596E5D396F8:t0, leader=null, voted=, raftlog=Memoized:s1@group-B596E5D396F8-SegmentedRaftLog:OPENED:c-1:lastnull, conf=conf: {index: -1, cur=peers:[]|listeners:[], old=null}] size=2
  s2:  RUNNING [
   FOLLOWER (RUNNING): s2@group-C0E65F787AE8:t1, leader=s3, voted=s3, raftlog=Memoized:s2@group-C0E65F787AE8-SegmentedRaftLog:OPENED:c0:last(t:1, i:0), conf=conf: {index: 0, cur=peers:[s3|, s4|, s0|, s1|, s2|]|listeners:[], old=null}
   FOLLOWER (STARTING): s2@group-B596E5D396F8:t0, leader=null, voted=, raftlog=Memoized:s2@group-B596E5D396F8-SegmentedRaftLog:OPENED:c-1:lastnull, conf=conf: {index: -1, cur=peers:[]|listeners:[], old=null}] size=2
2025-10-10 11:53:14,525 [main] INFO  impl.GroupManagementBaseTest (GroupManagementBaseTest.java:runMultiGroupTest(283)) - 1) starting group-D4D3B96D910D:[s5, s6, s7]
2025-10-10 11:53:14,526 [main] DEBUG client.RaftClient (RaftClientImpl.java:newRequest(95)) - attempt #1, newRequest GroupManagementRequest:client-5C5CD8BFCBF9->s5@group-D4D3B96D910D, cid=254, seq=null, RW, null, Add:group-D4D3B96D910D:[s5, s6, s7]
2025-10-10 11:53:14,527 [HandlerDaemon-0] INFO  server.RaftServer (RaftServerProxy.java:addNew(106)) - s5: addNew group-D4D3B96D910D:[s5, s6, s7] returns group-D4D3B96D910D:java.util.concurrent.CompletableFuture@6d02aced[Not completed]
2025-10-10 11:53:14,527 [s5-groupManagement] INFO  server.RaftServer$Division (RaftServerImpl.java:<init>(269)) - s5: new RaftServerImpl for group-D4D3B96D910D:[s5, s6, s7] with BaseStateMachine-55:uninitialized
2025-10-10 11:53:14,527 [s5-groupManagement] INFO  server.RaftServer$Division (ServerState.java:<init>(115)) - s5@group-D4D3B96D910D: ConfigurationManager, init=conf: {index: -1, cur=peers:[s5, s6, s7]|listeners:[], old=null}, confs=<EMPTY_MAP>
2025-10-10 11:53:14,528 [s5-groupManagement] DEBUG server.RaftServer (RaftServerProxy.java:lambda$groupAddAsync$13(517)) - s5: newImpl =      null (NEW): s5@group-D4D3B96D910D:t0, leader=null, voted=null, raftlog=UNINITIALIZED, conf=conf: {index: -1, cur=peers:[s5, s6, s7]|listeners:[], old=null}
2025-10-10 11:53:14,528 [s5-groupManagement] INFO  server.RaftServerConfigKeys (ConfUtils.java:logGet(62)) - raft.server.storage.dir = [/home/runner/work/ratis/ratis/ratis-test/target/test/data/319b119c/MiniRaftClusterWithSimulatedRpcdcda50c5/s5] (custom)
2025-10-10 11:53:14,529 [s5-groupManagement] INFO  storage.RaftStorageDirectory (RaftStorageDirectoryImpl.java:analyzeStorage(138)) - The storage directory /home/runner/work/ratis/ratis/ratis-test/target/test/data/319b119c/MiniRaftClusterWithSimulatedRpcdcda50c5/s5/0a35b238-98d1-4d9b-9711-d4d3b96d910d does not exist. Creating ...
2025-10-10 11:53:14,529 [s5-groupManagement] TRACE util.FileUtils (LogUtils.java:runAndLog(49)) - Successfully ran Files.createDirectories /home/runner/work/ratis/ratis/ratis-test/target/test/data/319b119c/MiniRaftClusterWithSimulatedRpcdcda50c5/s5/0a35b238-98d1-4d9b-9711-d4d3b96d910d
2025-10-10 11:53:14,530 [s5-groupManagement] INFO  storage.RaftStorageDirectory (RaftStorageDirectoryImpl.java:tryLock(229)) - Lock on /home/runner/work/ratis/ratis/ratis-test/target/test/data/319b119c/MiniRaftClusterWithSimulatedRpcdcda50c5/s5/0a35b238-98d1-4d9b-9711-d4d3b96d910d/in_use.lock acquired by nodename 9833@runnervmwhb2z
2025-10-10 11:53:14,530 [s5-groupManagement] TRACE util.FileUtils (LogUtils.java:runAndLog(49)) - Successfully ran Files.createDirectories /home/runner/work/ratis/ratis/ratis-test/target/test/data/319b119c/MiniRaftClusterWithSimulatedRpcdcda50c5/s5/0a35b238-98d1-4d9b-9711-d4d3b96d910d/current
2025-10-10 11:53:14,530 [s5-groupManagement] TRACE util.FileUtils (LogUtils.java:runAndLog(49)) - Successfully ran Files.createDirectories /home/runner/work/ratis/ratis/ratis-test/target/test/data/319b119c/MiniRaftClusterWithSimulatedRpcdcda50c5/s5/0a35b238-98d1-4d9b-9711-d4d3b96d910d/sm
2025-10-10 11:53:14,530 [s5-groupManagement] TRACE util.FileUtils (LogUtils.java:supplyAndLog(69)) - Successfully supplied FileChannel.open /home/runner/work/ratis/ratis/ratis-test/target/test/data/319b119c/MiniRaftClusterWithSimulatedRpcdcda50c5/s5/0a35b238-98d1-4d9b-9711-d4d3b96d910d/current/raft-meta.tmp with options [CREATE, TRUNCATE_EXISTING, WRITE]: sun.nio.ch.FileChannelImpl@bf300bc
2025-10-10 11:53:14,531 [s5-groupManagement] TRACE util.FileUtils (LogUtils.java:runAndLog(49)) - Successfully ran Atomic Files.move /home/runner/work/ratis/ratis/ratis-test/target/test/data/319b119c/MiniRaftClusterWithSimulatedRpcdcda50c5/s5/0a35b238-98d1-4d9b-9711-d4d3b96d910d/current/raft-meta.tmp to /home/runner/work/ratis/ratis/ratis-test/target/test/data/319b119c/MiniRaftClusterWithSimulatedRpcdcda50c5/s5/0a35b238-98d1-4d9b-9711-d4d3b96d910d/current/raft-meta with options [REPLACE_EXISTING]
2025-10-10 11:53:14,531 [s5-groupManagement] INFO  storage.RaftStorage (RaftStorageImpl.java:format(98)) - Storage directory /home/runner/work/ratis/ratis/ratis-test/target/test/data/319b119c/MiniRaftClusterWithSimulatedRpcdcda50c5/s5/0a35b238-98d1-4d9b-9711-d4d3b96d910d has been successfully formatted.
2025-10-10 11:53:14,531 [s5-groupManagement] INFO  server.RaftServer$Division (ServerState.java:getSnapshotIndexFromStateMachine(155)) - s5@group-D4D3B96D910D: getLatestSnapshot(BaseStateMachine-55:s5:group-D4D3B96D910D) returns null
2025-10-10 11:53:14,531 [s5-groupManagement] INFO  raftlog.RaftLog (RaftLogBase.java:<init>(90)) - s5@group-D4D3B96D910D-SegmentedRaftLog: snapshotIndexFromStateMachine = -1
2025-10-10 11:53:14,532 [s5-groupManagement] INFO  util.AwaitToRun (AwaitToRun.java:start(81)) - Thread[s5@group-D4D3B96D910D-cacheEviction-AwaitToRun,5,main] started
2025-10-10 11:53:14,532 [s5-groupManagement] INFO  segmented.SegmentedRaftLogWorker (SegmentedRaftLogWorker.java:<init>(190)) - new s5@group-D4D3B96D910D-SegmentedRaftLogWorker for RaftStorageImpl:Storage Directory /home/runner/work/ratis/ratis/ratis-test/target/test/data/319b119c/MiniRaftClusterWithSimulatedRpcdcda50c5/s5/0a35b238-98d1-4d9b-9711-d4d3b96d910d
2025-10-10 11:53:14,534 [s5-groupManagement] INFO  segmented.SegmentedRaftLogWorker (SegmentedRaftLogWorker.java:lambda$new$0(141)) - s5@group-D4D3B96D910D-SegmentedRaftLogWorker: flushIndex: setUnconditionally 0 -> -1
2025-10-10 11:53:14,534 [s5-groupManagement] INFO  segmented.SegmentedRaftLogWorker (SegmentedRaftLogWorker.java:lambda$new$0(141)) - s5@group-D4D3B96D910D-SegmentedRaftLogWorker: safeCacheEvictIndex: setUnconditionally 0 -> -1
2025-10-10 11:53:14,534 [s5-groupManagement] INFO  server.RaftServer$Division (RaftServerImpl.java:start(406)) - s5@group-D4D3B96D910D: start as a follower, conf=conf: {index: -1, cur=peers:[s5, s6, s7]|listeners:[], old=null}
2025-10-10 11:53:14,534 [s5-groupManagement] INFO  server.RaftServer$Division (RaftServerImpl.java:setRole(393)) - s5@group-D4D3B96D910D: changes role from      null to FOLLOWER at term 0 for startAsFollower
2025-10-10 11:53:14,534 [s5-groupManagement] INFO  impl.RoleInfo (RoleInfo.java:updateAndGet(148)) - s5: start s5@group-D4D3B96D910D-FollowerState
2025-10-10 11:53:14,534 [s5-groupManagement] INFO  util.JmxRegister (JmxRegister.java:tryRegister(44)) - Successfully registered JMX Bean with object name Ratis:service=RaftServer,group=group-D4D3B96D910D,id=s5
2025-10-10 11:53:14,535 [s5-groupManagement] INFO  util.JmxRegister (JmxRegister.java:register(58)) - register mxBean class org.apache.ratis.server.impl.RaftServerJmxAdapter as Ratis:service=RaftServer,group=group-D4D3B96D910D,id=s5
2025-10-10 11:53:14,534 [s5@group-D4D3B96D910D-FollowerState] INFO  server.RaftServerConfigKeys (ConfUtils.java:logFallback(69)) - raft.server.rpc.first-election.timeout.min = 1500ms (fallback to raft.server.rpc.timeout.min)
2025-10-10 11:53:14,535 [s5@group-D4D3B96D910D-FollowerState] INFO  server.RaftServerConfigKeys (ConfUtils.java:logFallback(69)) - raft.server.rpc.first-election.timeout.max = 2000ms (fallback to raft.server.rpc.timeout.max)
2025-10-10 11:53:14,535 [s5-groupManagement] INFO  server.RaftServer$Division (RaftServerImpl.java:start(420)) - s5@group-D4D3B96D910D: Successfully started.
2025-10-10 11:53:14,535 [main] DEBUG client.RaftClient (RaftClientImpl.java:close(465)) - close client-5C5CD8BFCBF9
2025-10-10 11:53:14,536 [main] DEBUG client.RaftClient (RaftClientImpl.java:newRequest(95)) - attempt #1, newRequest GroupManagementRequest:client-4F54D0B2F178->s6@group-D4D3B96D910D, cid=255, seq=null, RW, null, Add:group-D4D3B96D910D:[s5, s6, s7]
2025-10-10 11:53:14,537 [HandlerDaemon-0] INFO  server.RaftServer (RaftServerProxy.java:addNew(106)) - s6: addNew group-D4D3B96D910D:[s5, s6, s7] returns group-D4D3B96D910D:java.util.concurrent.CompletableFuture@20038570[Not completed]
2025-10-10 11:53:14,537 [s6-groupManagement] INFO  server.RaftServer$Division (RaftServerImpl.java:<init>(269)) - s6: new RaftServerImpl for group-D4D3B96D910D:[s5, s6, s7] with BaseStateMachine-56:uninitialized
2025-10-10 11:53:14,537 [s6-groupManagement] INFO  server.RaftServer$Division (ServerState.java:<init>(115)) - s6@group-D4D3B96D910D: ConfigurationManager, init=conf: {index: -1, cur=peers:[s5, s6, s7]|listeners:[], old=null}, confs=<EMPTY_MAP>
2025-10-10 11:53:14,537 [s6-groupManagement] DEBUG server.RaftServer (RaftServerProxy.java:lambda$groupAddAsync$13(517)) - s6: newImpl =      null (NEW): s6@group-D4D3B96D910D:t0, leader=null, voted=null, raftlog=UNINITIALIZED, conf=conf: {index: -1, cur=peers:[s5, s6, s7]|listeners:[], old=null}
2025-10-10 11:53:14,538 [s6-groupManagement] INFO  server.RaftServerConfigKeys (ConfUtils.java:logGet(62)) - raft.server.storage.dir = [/home/runner/work/ratis/ratis/ratis-test/target/test/data/319b119c/MiniRaftClusterWithSimulatedRpcdcda50c5/s6] (custom)
2025-10-10 11:53:14,538 [s6-groupManagement] INFO  storage.RaftStorageDirectory (RaftStorageDirectoryImpl.java:analyzeStorage(138)) - The storage directory /home/runner/work/ratis/ratis/ratis-test/target/test/data/319b119c/MiniRaftClusterWithSimulatedRpcdcda50c5/s6/0a35b238-98d1-4d9b-9711-d4d3b96d910d does not exist. Creating ...
2025-10-10 11:53:14,538 [s6-groupManagement] TRACE util.FileUtils (LogUtils.java:runAndLog(49)) - Successfully ran Files.createDirectories /home/runner/work/ratis/ratis/ratis-test/target/test/data/319b119c/MiniRaftClusterWithSimulatedRpcdcda50c5/s6/0a35b238-98d1-4d9b-9711-d4d3b96d910d
2025-10-10 11:53:14,539 [s6-groupManagement] INFO  storage.RaftStorageDirectory (RaftStorageDirectoryImpl.java:tryLock(229)) - Lock on /home/runner/work/ratis/ratis/ratis-test/target/test/data/319b119c/MiniRaftClusterWithSimulatedRpcdcda50c5/s6/0a35b238-98d1-4d9b-9711-d4d3b96d910d/in_use.lock acquired by nodename 9833@runnervmwhb2z
2025-10-10 11:53:14,539 [s6-groupManagement] TRACE util.FileUtils (LogUtils.java:runAndLog(49)) - Successfully ran Files.createDirectories /home/runner/work/ratis/ratis/ratis-test/target/test/data/319b119c/MiniRaftClusterWithSimulatedRpcdcda50c5/s6/0a35b238-98d1-4d9b-9711-d4d3b96d910d/current
2025-10-10 11:53:14,539 [s6-groupManagement] TRACE util.FileUtils (LogUtils.java:runAndLog(49)) - Successfully ran Files.createDirectories /home/runner/work/ratis/ratis/ratis-test/target/test/data/319b119c/MiniRaftClusterWithSimulatedRpcdcda50c5/s6/0a35b238-98d1-4d9b-9711-d4d3b96d910d/sm
2025-10-10 11:53:14,539 [s6-groupManagement] TRACE util.FileUtils (LogUtils.java:supplyAndLog(69)) - Successfully supplied FileChannel.open /home/runner/work/ratis/ratis/ratis-test/target/test/data/319b119c/MiniRaftClusterWithSimulatedRpcdcda50c5/s6/0a35b238-98d1-4d9b-9711-d4d3b96d910d/current/raft-meta.tmp with options [CREATE, TRUNCATE_EXISTING, WRITE]: sun.nio.ch.FileChannelImpl@35b3eba5
2025-10-10 11:53:14,540 [s6-groupManagement] TRACE util.FileUtils (LogUtils.java:runAndLog(49)) - Successfully ran Atomic Files.move /home/runner/work/ratis/ratis/ratis-test/target/test/data/319b119c/MiniRaftClusterWithSimulatedRpcdcda50c5/s6/0a35b238-98d1-4d9b-9711-d4d3b96d910d/current/raft-meta.tmp to /home/runner/work/ratis/ratis/ratis-test/target/test/data/319b119c/MiniRaftClusterWithSimulatedRpcdcda50c5/s6/0a35b238-98d1-4d9b-9711-d4d3b96d910d/current/raft-meta with options [REPLACE_EXISTING]
2025-10-10 11:53:14,540 [s6-groupManagement] INFO  storage.RaftStorage (RaftStorageImpl.java:format(98)) - Storage directory /home/runner/work/ratis/ratis/ratis-test/target/test/data/319b119c/MiniRaftClusterWithSimulatedRpcdcda50c5/s6/0a35b238-98d1-4d9b-9711-d4d3b96d910d has been successfully formatted.
2025-10-10 11:53:14,540 [s6-groupManagement] INFO  server.RaftServer$Division (ServerState.java:getSnapshotIndexFromStateMachine(155)) - s6@group-D4D3B96D910D: getLatestSnapshot(BaseStateMachine-56:s6:group-D4D3B96D910D) returns null
2025-10-10 11:53:14,540 [s6-groupManagement] INFO  raftlog.RaftLog (RaftLogBase.java:<init>(90)) - s6@group-D4D3B96D910D-SegmentedRaftLog: snapshotIndexFromStateMachine = -1
2025-10-10 11:53:14,540 [s6-groupManagement] INFO  util.AwaitToRun (AwaitToRun.java:start(81)) - Thread[s6@group-D4D3B96D910D-cacheEviction-AwaitToRun,5,main] started
2025-10-10 11:53:14,540 [s6-groupManagement] INFO  segmented.SegmentedRaftLogWorker (SegmentedRaftLogWorker.java:<init>(190)) - new s6@group-D4D3B96D910D-SegmentedRaftLogWorker for RaftStorageImpl:Storage Directory /home/runner/work/ratis/ratis/ratis-test/target/test/data/319b119c/MiniRaftClusterWithSimulatedRpcdcda50c5/s6/0a35b238-98d1-4d9b-9711-d4d3b96d910d
2025-10-10 11:53:14,542 [s6-groupManagement] INFO  segmented.SegmentedRaftLogWorker (SegmentedRaftLogWorker.java:lambda$new$0(141)) - s6@group-D4D3B96D910D-SegmentedRaftLogWorker: flushIndex: setUnconditionally 0 -> -1
2025-10-10 11:53:14,542 [s6-groupManagement] INFO  segmented.SegmentedRaftLogWorker (SegmentedRaftLogWorker.java:lambda$new$0(141)) - s6@group-D4D3B96D910D-SegmentedRaftLogWorker: safeCacheEvictIndex: setUnconditionally 0 -> -1
2025-10-10 11:53:14,542 [s6-groupManagement] INFO  server.RaftServer$Division (RaftServerImpl.java:start(406)) - s6@group-D4D3B96D910D: start as a follower, conf=conf: {index: -1, cur=peers:[s5, s6, s7]|listeners:[], old=null}
2025-10-10 11:53:14,542 [s6-groupManagement] INFO  server.RaftServer$Division (RaftServerImpl.java:setRole(393)) - s6@group-D4D3B96D910D: changes role from      null to FOLLOWER at term 0 for startAsFollower
2025-10-10 11:53:14,542 [s6-groupManagement] INFO  impl.RoleInfo (RoleInfo.java:updateAndGet(148)) - s6: start s6@group-D4D3B96D910D-FollowerState
2025-10-10 11:53:14,543 [s6-groupManagement] INFO  util.JmxRegister (JmxRegister.java:tryRegister(44)) - Successfully registered JMX Bean with object name Ratis:service=RaftServer,group=group-D4D3B96D910D,id=s6
2025-10-10 11:53:14,543 [s6-groupManagement] INFO  util.JmxRegister (JmxRegister.java:register(58)) - register mxBean class org.apache.ratis.server.impl.RaftServerJmxAdapter as Ratis:service=RaftServer,group=group-D4D3B96D910D,id=s6
2025-10-10 11:53:14,543 [s6@group-D4D3B96D910D-FollowerState] INFO  server.RaftServerConfigKeys (ConfUtils.java:logFallback(69)) - raft.server.rpc.first-election.timeout.min = 1500ms (fallback to raft.server.rpc.timeout.min)
2025-10-10 11:53:14,543 [s6@group-D4D3B96D910D-FollowerState] INFO  server.RaftServerConfigKeys (ConfUtils.java:logFallback(69)) - raft.server.rpc.first-election.timeout.max = 2000ms (fallback to raft.server.rpc.timeout.max)
2025-10-10 11:53:14,543 [s6-groupManagement] INFO  server.RaftServer$Division (RaftServerImpl.java:start(420)) - s6@group-D4D3B96D910D: Successfully started.
2025-10-10 11:53:14,544 [main] DEBUG client.RaftClient (RaftClientImpl.java:close(465)) - close client-4F54D0B2F178
2025-10-10 11:53:14,544 [main] DEBUG client.RaftClient (RaftClientImpl.java:newRequest(95)) - attempt #1, newRequest GroupManagementRequest:client-CCD8E8BE0C51->s7@group-D4D3B96D910D, cid=256, seq=null, RW, null, Add:group-D4D3B96D910D:[s5, s6, s7]
2025-10-10 11:53:14,545 [HandlerDaemon-0] INFO  server.RaftServer (RaftServerProxy.java:addNew(106)) - s7: addNew group-D4D3B96D910D:[s5, s6, s7] returns group-D4D3B96D910D:java.util.concurrent.CompletableFuture@1ce290a7[Not completed]
2025-10-10 11:53:14,545 [s7-groupManagement] INFO  server.RaftServer$Division (RaftServerImpl.java:<init>(269)) - s7: new RaftServerImpl for group-D4D3B96D910D:[s5, s6, s7] with BaseStateMachine-57:uninitialized
2025-10-10 11:53:14,545 [s7-groupManagement] INFO  server.RaftServer$Division (ServerState.java:<init>(115)) - s7@group-D4D3B96D910D: ConfigurationManager, init=conf: {index: -1, cur=peers:[s5, s6, s7]|listeners:[], old=null}, confs=<EMPTY_MAP>
2025-10-10 11:53:14,546 [s7-groupManagement] DEBUG server.RaftServer (RaftServerProxy.java:lambda$groupAddAsync$13(517)) - s7: newImpl =      null (NEW): s7@group-D4D3B96D910D:t0, leader=null, voted=null, raftlog=UNINITIALIZED, conf=conf: {index: -1, cur=peers:[s5, s6, s7]|listeners:[], old=null}
2025-10-10 11:53:14,546 [s7-groupManagement] INFO  server.RaftServerConfigKeys (ConfUtils.java:logGet(62)) - raft.server.storage.dir = [/home/runner/work/ratis/ratis/ratis-test/target/test/data/319b119c/MiniRaftClusterWithSimulatedRpcdcda50c5/s7] (custom)
2025-10-10 11:53:14,546 [s7-groupManagement] INFO  storage.RaftStorageDirectory (RaftStorageDirectoryImpl.java:analyzeStorage(138)) - The storage directory /home/runner/work/ratis/ratis/ratis-test/target/test/data/319b119c/MiniRaftClusterWithSimulatedRpcdcda50c5/s7/0a35b238-98d1-4d9b-9711-d4d3b96d910d does not exist. Creating ...
2025-10-10 11:53:14,546 [s7-groupManagement] TRACE util.FileUtils (LogUtils.java:runAndLog(49)) - Successfully ran Files.createDirectories /home/runner/work/ratis/ratis/ratis-test/target/test/data/319b119c/MiniRaftClusterWithSimulatedRpcdcda50c5/s7/0a35b238-98d1-4d9b-9711-d4d3b96d910d
2025-10-10 11:53:14,547 [s7-groupManagement] INFO  storage.RaftStorageDirectory (RaftStorageDirectoryImpl.java:tryLock(229)) - Lock on /home/runner/work/ratis/ratis/ratis-test/target/test/data/319b119c/MiniRaftClusterWithSimulatedRpcdcda50c5/s7/0a35b238-98d1-4d9b-9711-d4d3b96d910d/in_use.lock acquired by nodename 9833@runnervmwhb2z
2025-10-10 11:53:14,547 [s7-groupManagement] TRACE util.FileUtils (LogUtils.java:runAndLog(49)) - Successfully ran Files.createDirectories /home/runner/work/ratis/ratis/ratis-test/target/test/data/319b119c/MiniRaftClusterWithSimulatedRpcdcda50c5/s7/0a35b238-98d1-4d9b-9711-d4d3b96d910d/current
2025-10-10 11:53:14,547 [s7-groupManagement] TRACE util.FileUtils (LogUtils.java:runAndLog(49)) - Successfully ran Files.createDirectories /home/runner/work/ratis/ratis/ratis-test/target/test/data/319b119c/MiniRaftClusterWithSimulatedRpcdcda50c5/s7/0a35b238-98d1-4d9b-9711-d4d3b96d910d/sm
2025-10-10 11:53:14,547 [s7-groupManagement] TRACE util.FileUtils (LogUtils.java:supplyAndLog(69)) - Successfully supplied FileChannel.open /home/runner/work/ratis/ratis/ratis-test/target/test/data/319b119c/MiniRaftClusterWithSimulatedRpcdcda50c5/s7/0a35b238-98d1-4d9b-9711-d4d3b96d910d/current/raft-meta.tmp with options [CREATE, TRUNCATE_EXISTING, WRITE]: sun.nio.ch.FileChannelImpl@89c27cf
2025-10-10 11:53:14,548 [s7-groupManagement] TRACE util.FileUtils (LogUtils.java:runAndLog(49)) - Successfully ran Atomic Files.move /home/runner/work/ratis/ratis/ratis-test/target/test/data/319b119c/MiniRaftClusterWithSimulatedRpcdcda50c5/s7/0a35b238-98d1-4d9b-9711-d4d3b96d910d/current/raft-meta.tmp to /home/runner/work/ratis/ratis/ratis-test/target/test/data/319b119c/MiniRaftClusterWithSimulatedRpcdcda50c5/s7/0a35b238-98d1-4d9b-9711-d4d3b96d910d/current/raft-meta with options [REPLACE_EXISTING]
2025-10-10 11:53:14,548 [s7-groupManagement] INFO  storage.RaftStorage (RaftStorageImpl.java:format(98)) - Storage directory /home/runner/work/ratis/ratis/ratis-test/target/test/data/319b119c/MiniRaftClusterWithSimulatedRpcdcda50c5/s7/0a35b238-98d1-4d9b-9711-d4d3b96d910d has been successfully formatted.
2025-10-10 11:53:14,548 [s7-groupManagement] INFO  server.RaftServer$Division (ServerState.java:getSnapshotIndexFromStateMachine(155)) - s7@group-D4D3B96D910D: getLatestSnapshot(BaseStateMachine-57:s7:group-D4D3B96D910D) returns null
2025-10-10 11:53:14,548 [s7-groupManagement] INFO  raftlog.RaftLog (RaftLogBase.java:<init>(90)) - s7@group-D4D3B96D910D-SegmentedRaftLog: snapshotIndexFromStateMachine = -1
2025-10-10 11:53:14,549 [s7-groupManagement] INFO  util.AwaitToRun (AwaitToRun.java:start(81)) - Thread[s7@group-D4D3B96D910D-cacheEviction-AwaitToRun,5,main] started
2025-10-10 11:53:14,549 [s7-groupManagement] INFO  segmented.SegmentedRaftLogWorker (SegmentedRaftLogWorker.java:<init>(190)) - new s7@group-D4D3B96D910D-SegmentedRaftLogWorker for RaftStorageImpl:Storage Directory /home/runner/work/ratis/ratis/ratis-test/target/test/data/319b119c/MiniRaftClusterWithSimulatedRpcdcda50c5/s7/0a35b238-98d1-4d9b-9711-d4d3b96d910d
2025-10-10 11:53:14,551 [s7-groupManagement] INFO  segmented.SegmentedRaftLogWorker (SegmentedRaftLogWorker.java:lambda$new$0(141)) - s7@group-D4D3B96D910D-SegmentedRaftLogWorker: flushIndex: setUnconditionally 0 -> -1
2025-10-10 11:53:14,551 [s7-groupManagement] INFO  segmented.SegmentedRaftLogWorker (SegmentedRaftLogWorker.java:lambda$new$0(141)) - s7@group-D4D3B96D910D-SegmentedRaftLogWorker: safeCacheEvictIndex: setUnconditionally 0 -> -1
2025-10-10 11:53:14,552 [s7-groupManagement] INFO  server.RaftServer$Division (RaftServerImpl.java:start(406)) - s7@group-D4D3B96D910D: start as a follower, conf=conf: {index: -1, cur=peers:[s5, s6, s7]|listeners:[], old=null}
2025-10-10 11:53:14,552 [s7-groupManagement] INFO  server.RaftServer$Division (RaftServerImpl.java:setRole(393)) - s7@group-D4D3B96D910D: changes role from      null to FOLLOWER at term 0 for startAsFollower
2025-10-10 11:53:14,552 [s7-groupManagement] INFO  impl.RoleInfo (RoleInfo.java:updateAndGet(148)) - s7: start s7@group-D4D3B96D910D-FollowerState
2025-10-10 11:53:14,552 [s7-groupManagement] INFO  util.JmxRegister (JmxRegister.java:tryRegister(44)) - Successfully registered JMX Bean with object name Ratis:service=RaftServer,group=group-D4D3B96D910D,id=s7
2025-10-10 11:53:14,552 [s7-groupManagement] INFO  util.JmxRegister (JmxRegister.java:register(58)) - register mxBean class org.apache.ratis.server.impl.RaftServerJmxAdapter as Ratis:service=RaftServer,group=group-D4D3B96D910D,id=s7
2025-10-10 11:53:14,552 [s7@group-D4D3B96D910D-FollowerState] INFO  server.RaftServerConfigKeys (ConfUtils.java:logFallback(69)) - raft.server.rpc.first-election.timeout.min = 1500ms (fallback to raft.server.rpc.timeout.min)
2025-10-10 11:53:14,552 [s7@group-D4D3B96D910D-FollowerState] INFO  server.RaftServerConfigKeys (ConfUtils.java:logFallback(69)) - raft.server.rpc.first-election.timeout.max = 2000ms (fallback to raft.server.rpc.timeout.max)
2025-10-10 11:53:14,553 [s7-groupManagement] INFO  server.RaftServer$Division (RaftServerImpl.java:start(420)) - s7@group-D4D3B96D910D: Successfully started.
2025-10-10 11:53:14,553 [main] DEBUG client.RaftClient (RaftClientImpl.java:close(465)) - close client-CCD8E8BE0C51
2025-10-10 11:53:14,553 [main] INFO  ratis.RaftTestUtil (RaftTestUtil.java:waitForLeader(107)) - printing group-D4D3B96D910D
  s5:  RUNNING [
   FOLLOWER (RUNNING): s5@group-D4D3B96D910D:t0, leader=null, voted=, raftlog=Memoized:s5@group-D4D3B96D910D-SegmentedRaftLog:OPENED:c-1:lastnull, conf=conf: {index: -1, cur=peers:[s5, s6, s7]|listeners:[], old=null}
   FOLLOWER (STARTING): s5@group-B596E5D396F8:t0, leader=null, voted=, raftlog=Memoized:s5@group-B596E5D396F8-SegmentedRaftLog:OPENED:c-1:lastnull, conf=conf: {index: -1, cur=peers:[]|listeners:[], old=null}] size=2
  s6:  RUNNING [
   FOLLOWER (RUNNING): s6@group-D4D3B96D910D:t0, leader=null, voted=, raftlog=Memoized:s6@group-D4D3B96D910D-SegmentedRaftLog:OPENED:c-1:lastnull, conf=conf: {index: -1, cur=peers:[s5, s6, s7]|listeners:[], old=null}
   FOLLOWER (STARTING): s6@group-B596E5D396F8:t0, leader=null, voted=, raftlog=Memoized:s6@group-B596E5D396F8-SegmentedRaftLog:OPENED:c-1:lastnull, conf=conf: {index: -1, cur=peers:[]|listeners:[], old=null}] size=2
  s7:  RUNNING [
   FOLLOWER (RUNNING): s7@group-D4D3B96D910D:t0, leader=null, voted=, raftlog=Memoized:s7@group-D4D3B96D910D-SegmentedRaftLog:OPENED:c-1:lastnull, conf=conf: {index: -1, cur=peers:[s5, s6, s7]|listeners:[], old=null}
   FOLLOWER (STARTING): s7@group-B596E5D396F8:t0, leader=null, voted=, raftlog=Memoized:s7@group-B596E5D396F8-SegmentedRaftLog:OPENED:c-1:lastnull, conf=conf: {index: -1, cur=peers:[]|listeners:[], old=null}] size=2
2025-10-10 11:53:14,554 [main] WARN  ratis.RaftTestUtil (RaftTestUtil.java:lambda$waitForLeader$3(126)) - Attempt #1 failed: java.lang.IllegalStateException: No leader yet  for group-D4D3B96D910D: printing group-D4D3B96D910D
  s5:  RUNNING [
   FOLLOWER (RUNNING): s5@group-D4D3B96D910D:t0, leader=null, voted=, raftlog=Memoized:s5@group-D4D3B96D910D-SegmentedRaftLog:OPENED:c-1:lastnull, conf=conf: {index: -1, cur=peers:[s5, s6, s7]|listeners:[], old=null}
   FOLLOWER (STARTING): s5@group-B596E5D396F8:t0, leader=null, voted=, raftlog=Memoized:s5@group-B596E5D396F8-SegmentedRaftLog:OPENED:c-1:lastnull, conf=conf: {index: -1, cur=peers:[]|listeners:[], old=null}] size=2
  s6:  RUNNING [
   FOLLOWER (RUNNING): s6@group-D4D3B96D910D:t0, leader=null, voted=, raftlog=Memoized:s6@group-D4D3B96D910D-SegmentedRaftLog:OPENED:c-1:lastnull, conf=conf: {index: -1, cur=peers:[s5, s6, s7]|listeners:[], old=null}
   FOLLOWER (STARTING): s6@group-B596E5D396F8:t0, leader=null, voted=, raftlog=Memoized:s6@group-B596E5D396F8-SegmentedRaftLog:OPENED:c-1:lastnull, conf=conf: {index: -1, cur=peers:[]|listeners:[], old=null}] size=2
  s7:  RUNNING [
   FOLLOWER (RUNNING): s7@group-D4D3B96D910D:t0, leader=null, voted=, raftlog=Memoized:s7@group-D4D3B96D910D-SegmentedRaftLog:OPENED:c-1:lastnull, conf=conf: {index: -1, cur=peers:[s5, s6, s7]|listeners:[], old=null}
   FOLLOWER (STARTING): s7@group-B596E5D396F8:t0, leader=null, voted=, raftlog=Memoized:s7@group-B596E5D396F8-SegmentedRaftLog:OPENED:c-1:lastnull, conf=conf: {index: -1, cur=peers:[]|listeners:[], old=null}] size=2
2025-10-10 11:53:16,195 [s5@group-D4D3B96D910D-FollowerState] INFO  impl.FollowerState (FollowerState.java:runImpl(161)) - s5@group-D4D3B96D910D-FollowerState: change to CANDIDATE, lastRpcElapsedTime:1660688564ns, electionTimeout:1660ms
2025-10-10 11:53:16,195 [s5@group-D4D3B96D910D-FollowerState] INFO  impl.RoleInfo (RoleInfo.java:shutdownFollowerState(121)) - s5: shutdown s5@group-D4D3B96D910D-FollowerState
2025-10-10 11:53:16,195 [s5@group-D4D3B96D910D-FollowerState] INFO  server.RaftServer$Division (RaftServerImpl.java:setRole(393)) - s5@group-D4D3B96D910D: changes role from  FOLLOWER to CANDIDATE at term 0 for changeToCandidate
2025-10-10 11:53:16,195 [s5@group-D4D3B96D910D-FollowerState] INFO  impl.RoleInfo (RoleInfo.java:updateAndGet(148)) - s5: start s5@group-D4D3B96D910D-LeaderElection10
2025-10-10 11:53:16,197 [s5@group-D4D3B96D910D-LeaderElection10] INFO  impl.LeaderElection (LeaderElection.java:askForVotes(448)) - s5@group-D4D3B96D910D-LeaderElection10 PRE_VOTE round 0: submit vote requests at term 0 for conf: {index: -1, cur=peers:[s5, s6, s7]|listeners:[], old=null}
2025-10-10 11:53:16,197 [s5@group-D4D3B96D910D-LeaderElection10] INFO  server.RaftServerConfigKeys (ConfUtils.java:logFallback(69)) - raft.server.rpc.first-election.timeout.min = 1500ms (fallback to raft.server.rpc.timeout.min)
2025-10-10 11:53:16,197 [HandlerDaemon-0] INFO  server.RaftServer$Division (RaftServerImpl.java:requestVote(1434)) - s6@group-D4D3B96D910D: receive requestVote(PRE_VOTE, s5, group-D4D3B96D910D, 0, <PROTO_DEFAULT>)
2025-10-10 11:53:16,197 [s5@group-D4D3B96D910D-LeaderElection10] INFO  server.RaftServerConfigKeys (ConfUtils.java:logFallback(69)) - raft.server.rpc.first-election.timeout.max = 2000ms (fallback to raft.server.rpc.timeout.max)
2025-10-10 11:53:16,197 [HandlerDaemon-0] INFO  impl.VoteContext (VoteContext.java:log(49)) - s6@group-D4D3B96D910D-FOLLOWER: accept PRE_VOTE from s5: our priority 0 <= candidate's priority 0
2025-10-10 11:53:16,197 [HandlerDaemon-0] INFO  server.RaftServer$Division (RaftServerImpl.java:requestVote(1434)) - s7@group-D4D3B96D910D: receive requestVote(PRE_VOTE, s5, group-D4D3B96D910D, 0, <PROTO_DEFAULT>)
2025-10-10 11:53:16,198 [HandlerDaemon-0] INFO  server.RaftServer$Division (RaftServerImpl.java:requestVote(1468)) - s6@group-D4D3B96D910D replies to PRE_VOTE vote request: s5<-s6#0:OK-t0-last:<INITIAL_VALUE>. Peer's state: s6@group-D4D3B96D910D:t0, leader=null, voted=, raftlog=Memoized:s6@group-D4D3B96D910D-SegmentedRaftLog:OPENED:c-1:lastnull, conf=conf: {index: -1, cur=peers:[s5, s6, s7]|listeners:[], old=null}
2025-10-10 11:53:16,198 [HandlerDaemon-0] INFO  impl.VoteContext (VoteContext.java:log(49)) - s7@group-D4D3B96D910D-FOLLOWER: accept PRE_VOTE from s5: our priority 0 <= candidate's priority 0
2025-10-10 11:53:16,198 [HandlerDaemon-0] INFO  server.RaftServer$Division (RaftServerImpl.java:requestVote(1468)) - s7@group-D4D3B96D910D replies to PRE_VOTE vote request: s5<-s7#0:OK-t0-last:<INITIAL_VALUE>. Peer's state: s7@group-D4D3B96D910D:t0, leader=null, voted=, raftlog=Memoized:s7@group-D4D3B96D910D-SegmentedRaftLog:OPENED:c-1:lastnull, conf=conf: {index: -1, cur=peers:[s5, s6, s7]|listeners:[], old=null}
2025-10-10 11:53:16,198 [s5@group-D4D3B96D910D-LeaderElection10] INFO  impl.LeaderElection (LeaderElection.java:logAndReturn(206)) - s5@group-D4D3B96D910D-LeaderElection10: PRE_VOTE PASSED received 1 response(s) and 0 exception(s):
2025-10-10 11:53:16,198 [s5@group-D4D3B96D910D-LeaderElection10] INFO  impl.LeaderElection (LeaderElection.java:logAndReturn(210)) -   Response 0: s5<-s6#0:OK-t0-last:<INITIAL_VALUE>
2025-10-10 11:53:16,198 [s5@group-D4D3B96D910D-LeaderElection10] INFO  impl.LeaderElection (LeaderElection.java:askForVotes(450)) - s5@group-D4D3B96D910D-LeaderElection10 PRE_VOTE round 0: result PASSED
2025-10-10 11:53:16,198 [s5@group-D4D3B96D910D-LeaderElection10] TRACE util.FileUtils (LogUtils.java:supplyAndLog(69)) - Successfully supplied FileChannel.open /home/runner/work/ratis/ratis/ratis-test/target/test/data/319b119c/MiniRaftClusterWithSimulatedRpcdcda50c5/s5/0a35b238-98d1-4d9b-9711-d4d3b96d910d/current/raft-meta.tmp with options [CREATE, TRUNCATE_EXISTING, WRITE]: sun.nio.ch.FileChannelImpl@68fcca96
2025-10-10 11:53:16,199 [s5@group-D4D3B96D910D-LeaderElection10] TRACE util.FileUtils (LogUtils.java:runAndLog(49)) - Successfully ran Atomic Files.move /home/runner/work/ratis/ratis/ratis-test/target/test/data/319b119c/MiniRaftClusterWithSimulatedRpcdcda50c5/s5/0a35b238-98d1-4d9b-9711-d4d3b96d910d/current/raft-meta.tmp to /home/runner/work/ratis/ratis/ratis-test/target/test/data/319b119c/MiniRaftClusterWithSimulatedRpcdcda50c5/s5/0a35b238-98d1-4d9b-9711-d4d3b96d910d/current/raft-meta with options [REPLACE_EXISTING]
2025-10-10 11:53:16,199 [s5@group-D4D3B96D910D-LeaderElection10] INFO  impl.LeaderElection (LeaderElection.java:askForVotes(448)) - s5@group-D4D3B96D910D-LeaderElection10 ELECTION round 0: submit vote requests at term 1 for conf: {index: -1, cur=peers:[s5, s6, s7]|listeners:[], old=null}
2025-10-10 11:53:16,200 [s5@group-D4D3B96D910D-LeaderElection10] INFO  server.RaftServerConfigKeys (ConfUtils.java:logFallback(69)) - raft.server.rpc.first-election.timeout.min = 1500ms (fallback to raft.server.rpc.timeout.min)
2025-10-10 11:53:16,200 [s5@group-D4D3B96D910D-LeaderElection10] INFO  server.RaftServerConfigKeys (ConfUtils.java:logFallback(69)) - raft.server.rpc.first-election.timeout.max = 2000ms (fallback to raft.server.rpc.timeout.max)
2025-10-10 11:53:16,200 [HandlerDaemon-1] INFO  server.RaftServer$Division (RaftServerImpl.java:requestVote(1434)) - s7@group-D4D3B96D910D: receive requestVote(ELECTION, s5, group-D4D3B96D910D, 1, <PROTO_DEFAULT>)
2025-10-10 11:53:16,200 [HandlerDaemon-1] INFO  server.RaftServer$Division (RaftServerImpl.java:requestVote(1434)) - s6@group-D4D3B96D910D: receive requestVote(ELECTION, s5, group-D4D3B96D910D, 1, <PROTO_DEFAULT>)
2025-10-10 11:53:16,200 [HandlerDaemon-1] INFO  impl.VoteContext (VoteContext.java:log(49)) - s7@group-D4D3B96D910D-FOLLOWER: accept ELECTION from s5: our priority 0 <= candidate's priority 0
2025-10-10 11:53:16,200 [HandlerDaemon-1] INFO  server.RaftServer$Division (RaftServerImpl.java:setRole(393)) - s7@group-D4D3B96D910D: changes role from  FOLLOWER to FOLLOWER at term 0 for candidate:s5
2025-10-10 11:53:16,200 [HandlerDaemon-1] INFO  impl.RoleInfo (RoleInfo.java:shutdownFollowerState(121)) - s7: shutdown s7@group-D4D3B96D910D-FollowerState
2025-10-10 11:53:16,201 [HandlerDaemon-1] INFO  impl.RoleInfo (RoleInfo.java:updateAndGet(148)) - s7: start s7@group-D4D3B96D910D-FollowerState
2025-10-10 11:53:16,201 [s7@group-D4D3B96D910D-FollowerState] INFO  impl.FollowerState (FollowerState.java:runImpl(170)) - s7@group-D4D3B96D910D-FollowerState was interrupted
2025-10-10 11:53:16,201 [HandlerDaemon-1] INFO  server.RaftServer$Division (RaftServerImpl.java:setFirstElection(577)) - s7@group-D4D3B96D910D: set firstElectionSinceStartup to false for candidate:s5
2025-10-10 11:53:16,202 [HandlerDaemon-1] TRACE util.FileUtils (LogUtils.java:supplyAndLog(69)) - Successfully supplied FileChannel.open /home/runner/work/ratis/ratis/ratis-test/target/test/data/319b119c/MiniRaftClusterWithSimulatedRpcdcda50c5/s7/0a35b238-98d1-4d9b-9711-d4d3b96d910d/current/raft-meta.tmp with options [CREATE, TRUNCATE_EXISTING, WRITE]: sun.nio.ch.FileChannelImpl@22177e9
2025-10-10 11:53:16,203 [HandlerDaemon-1] INFO  impl.VoteContext (VoteContext.java:log(49)) - s6@group-D4D3B96D910D-FOLLOWER: accept ELECTION from s5: our priority 0 <= candidate's priority 0
2025-10-10 11:53:16,203 [HandlerDaemon-1] INFO  server.RaftServer$Division (RaftServerImpl.java:setRole(393)) - s6@group-D4D3B96D910D: changes role from  FOLLOWER to FOLLOWER at term 0 for candidate:s5
2025-10-10 11:53:16,203 [HandlerDaemon-1] INFO  impl.RoleInfo (RoleInfo.java:shutdownFollowerState(121)) - s6: shutdown s6@group-D4D3B96D910D-FollowerState
2025-10-10 11:53:16,203 [HandlerDaemon-1] INFO  impl.RoleInfo (RoleInfo.java:updateAndGet(148)) - s6: start s6@group-D4D3B96D910D-FollowerState
2025-10-10 11:53:16,203 [s6@group-D4D3B96D910D-FollowerState] INFO  server.RaftServerConfigKeys (ConfUtils.java:logFallback(69)) - raft.server.rpc.first-election.timeout.min = 1500ms (fallback to raft.server.rpc.timeout.min)
2025-10-10 11:53:16,203 [s6@group-D4D3B96D910D-FollowerState] INFO  server.RaftServerConfigKeys (ConfUtils.java:logFallback(69)) - raft.server.rpc.first-election.timeout.max = 2000ms (fallback to raft.server.rpc.timeout.max)
2025-10-10 11:53:16,203 [HandlerDaemon-1] INFO  server.RaftServer$Division (RaftServerImpl.java:setFirstElection(577)) - s6@group-D4D3B96D910D: set firstElectionSinceStartup to false for candidate:s5
2025-10-10 11:53:16,203 [HandlerDaemon-1] TRACE util.FileUtils (LogUtils.java:supplyAndLog(69)) - Successfully supplied FileChannel.open /home/runner/work/ratis/ratis/ratis-test/target/test/data/319b119c/MiniRaftClusterWithSimulatedRpcdcda50c5/s6/0a35b238-98d1-4d9b-9711-d4d3b96d910d/current/raft-meta.tmp with options [CREATE, TRUNCATE_EXISTING, WRITE]: sun.nio.ch.FileChannelImpl@2fd847ed
2025-10-10 11:53:16,203 [HandlerDaemon-1] TRACE util.FileUtils (LogUtils.java:runAndLog(49)) - Successfully ran Atomic Files.move /home/runner/work/ratis/ratis/ratis-test/target/test/data/319b119c/MiniRaftClusterWithSimulatedRpcdcda50c5/s7/0a35b238-98d1-4d9b-9711-d4d3b96d910d/current/raft-meta.tmp to /home/runner/work/ratis/ratis/ratis-test/target/test/data/319b119c/MiniRaftClusterWithSimulatedRpcdcda50c5/s7/0a35b238-98d1-4d9b-9711-d4d3b96d910d/current/raft-meta with options [REPLACE_EXISTING]
2025-10-10 11:53:16,204 [HandlerDaemon-1] INFO  server.RaftServer$Division (RaftServerImpl.java:requestVote(1468)) - s7@group-D4D3B96D910D replies to ELECTION vote request: s5<-s7#0:OK-t1-last:<INITIAL_VALUE>. Peer's state: s7@group-D4D3B96D910D:t1, leader=null, voted=s5, raftlog=Memoized:s7@group-D4D3B96D910D-SegmentedRaftLog:OPENED:c-1:lastnull, conf=conf: {index: -1, cur=peers:[s5, s6, s7]|listeners:[], old=null}
2025-10-10 11:53:16,204 [s5@group-D4D3B96D910D-LeaderElection10] INFO  impl.LeaderElection (LeaderElection.java:logAndReturn(206)) - s5@group-D4D3B96D910D-LeaderElection10: ELECTION PASSED received 1 response(s) and 0 exception(s):
2025-10-10 11:53:16,204 [s5@group-D4D3B96D910D-LeaderElection10] INFO  impl.LeaderElection (LeaderElection.java:logAndReturn(210)) -   Response 0: s5<-s7#0:OK-t1-last:<INITIAL_VALUE>
2025-10-10 11:53:16,204 [s5@group-D4D3B96D910D-LeaderElection10] INFO  impl.LeaderElection (LeaderElection.java:askForVotes(450)) - s5@group-D4D3B96D910D-LeaderElection10 ELECTION round 0: result PASSED
2025-10-10 11:53:16,204 [HandlerDaemon-1] TRACE util.FileUtils (LogUtils.java:runAndLog(49)) - Successfully ran Atomic Files.move /home/runner/work/ratis/ratis/ratis-test/target/test/data/319b119c/MiniRaftClusterWithSimulatedRpcdcda50c5/s6/0a35b238-98d1-4d9b-9711-d4d3b96d910d/current/raft-meta.tmp to /home/runner/work/ratis/ratis/ratis-test/target/test/data/319b119c/MiniRaftClusterWithSimulatedRpcdcda50c5/s6/0a35b238-98d1-4d9b-9711-d4d3b96d910d/current/raft-meta with options [REPLACE_EXISTING]
2025-10-10 11:53:16,205 [HandlerDaemon-1] INFO  server.RaftServer$Division (RaftServerImpl.java:requestVote(1468)) - s6@group-D4D3B96D910D replies to ELECTION vote request: s5<-s6#0:OK-t1-last:<INITIAL_VALUE>. Peer's state: s6@group-D4D3B96D910D:t1, leader=null, voted=s5, raftlog=Memoized:s6@group-D4D3B96D910D-SegmentedRaftLog:OPENED:c-1:lastnull, conf=conf: {index: -1, cur=peers:[s5, s6, s7]|listeners:[], old=null}
2025-10-10 11:53:16,205 [s5@group-D4D3B96D910D-LeaderElection10] INFO  impl.RoleInfo (RoleInfo.java:shutdownLeaderElection(141)) - s5: shutdown s5@group-D4D3B96D910D-LeaderElection10
2025-10-10 11:53:16,205 [s6@group-D4D3B96D910D-FollowerState] INFO  impl.FollowerState (FollowerState.java:shouldRun(122)) - s6@group-D4D3B96D910D-FollowerState: Stopping now (isRunning? false, role = FOLLOWER)
2025-10-10 11:53:16,205 [s5@group-D4D3B96D910D-LeaderElection10] INFO  server.RaftServer$Division (RaftServerImpl.java:setRole(393)) - s5@group-D4D3B96D910D: changes role from CANDIDATE to LEADER at term 1 for changeToLeader
2025-10-10 11:53:16,205 [s5@group-D4D3B96D910D-LeaderElection10] INFO  server.RaftServerConfigKeys (ConfUtils.java:logFallback(69)) - raft.server.staging.timeout = 6000ms (fallback to raft.server.rpc.timeout.max)
2025-10-10 11:53:16,206 [s5@group-D4D3B96D910D-LeaderElection10] INFO  impl.RoleInfo (RoleInfo.java:updateAndGet(148)) - s5: start s5@group-D4D3B96D910D-LeaderStateImpl
2025-10-10 11:53:16,206 [s5@group-D4D3B96D910D-LeaderElection10] INFO  server.RaftServer$Division (RaftServerImpl.java:setFirstElection(577)) - s5@group-D4D3B96D910D: set firstElectionSinceStartup to false for becomeLeader
2025-10-10 11:53:16,206 [s5@group-D4D3B96D910D-LeaderElection10] INFO  server.RaftServer$Division (ServerState.java:setLeader(278)) - s5@group-D4D3B96D910D: change Leader from null to s5 at term 1 for becomeLeader, leader elected after 1678ms
2025-10-10 11:53:16,206 [s5@group-D4D3B96D910D-LeaderElection10] INFO  segmented.SegmentedRaftLogWorker (SegmentedRaftLogWorker.java:startLogSegment(440)) - s5@group-D4D3B96D910D-SegmentedRaftLogWorker: Starting segment from index:0
2025-10-10 11:53:16,206 [s5@group-D4D3B96D910D-LeaderElection10] INFO  server.RaftServer$Division (ServerState.java:setRaftConf(392)) - s5@group-D4D3B96D910D: set configuration conf: {index: 0, cur=peers:[s5, s6, s7]|listeners:[], old=null}
2025-10-10 11:53:16,207 [s5@group-D4D3B96D910D-SegmentedRaftLogWorker] INFO  segmented.BufferedWriteChannel (BufferedWriteChannel.java:open(61)) - open log_inprogress_0 at position 0
2025-10-10 11:53:16,207 [HandlerDaemon-2] INFO  server.RaftServer$Division (ServerState.java:setLeader(278)) - s6@group-D4D3B96D910D: change Leader from null to s5 at term 1 for APPEND_ENTRIES, leader elected after 1670ms
2025-10-10 11:53:16,208 [HandlerDaemon-2] INFO  server.RaftServer$Division (ServerState.java:setLeader(278)) - s7@group-D4D3B96D910D: change Leader from null to s5 at term 1 for APPEND_ENTRIES, leader elected after 1663ms
2025-10-10 11:53:16,209 [HandlerDaemon-0] DEBUG server.RaftServer$Division (RaftServerImpl.java:logAppendEntries(1537)) - s6@group-D4D3B96D910D: appendEntries* s5->s6#285-t1,previous=<PROTO_DEFAULT>,leaderCommit=-1,initializing? false,entries: size=1, first=(t:1, i:0), CONFIGURATIONENTRY(current:id:"s5"startupRole:FOLLOWER, id:"s6"startupRole:FOLLOWER, id:"s7"startupRole:FOLLOWER, old:)
2025-10-10 11:53:16,209 [HandlerDaemon-0] INFO  server.RaftServer$Division (ServerState.java:setRaftConf(392)) - s6@group-D4D3B96D910D: set configuration conf: {index: 0, cur=peers:[s5|, s6|, s7|]|listeners:[], old=null}
2025-10-10 11:53:16,210 [s6-server-thread1] INFO  segmented.SegmentedRaftLogWorker (SegmentedRaftLogWorker.java:startLogSegment(440)) - s6@group-D4D3B96D910D-SegmentedRaftLogWorker: Starting segment from index:0
2025-10-10 11:53:16,211 [s6@group-D4D3B96D910D-SegmentedRaftLogWorker] INFO  segmented.BufferedWriteChannel (BufferedWriteChannel.java:open(61)) - open log_inprogress_0 at position 0
2025-10-10 11:53:16,211 [HandlerDaemon-0] DEBUG server.RaftServer$Division (RaftServerImpl.java:logAppendEntries(1537)) - s7@group-D4D3B96D910D: appendEntries* s5->s7#286-t1,previous=<PROTO_DEFAULT>,leaderCommit=-1,initializing? false,entries: size=1, first=(t:1, i:0), CONFIGURATIONENTRY(current:id:"s5"startupRole:FOLLOWER, id:"s6"startupRole:FOLLOWER, id:"s7"startupRole:FOLLOWER, old:)
2025-10-10 11:53:16,211 [HandlerDaemon-0] INFO  server.RaftServer$Division (ServerState.java:setRaftConf(392)) - s7@group-D4D3B96D910D: set configuration conf: {index: 0, cur=peers:[s5|, s6|, s7|]|listeners:[], old=null}
2025-10-10 11:53:16,211 [s7-server-thread1] INFO  segmented.SegmentedRaftLogWorker (SegmentedRaftLogWorker.java:startLogSegment(440)) - s7@group-D4D3B96D910D-SegmentedRaftLogWorker: Starting segment from index:0
2025-10-10 11:53:16,212 [s7@group-D4D3B96D910D-SegmentedRaftLogWorker] INFO  segmented.BufferedWriteChannel (BufferedWriteChannel.java:open(61)) - open log_inprogress_0 at position 0
2025-10-10 11:53:16,214 [s5@group-D4D3B96D910D-SegmentedRaftLogWorker] INFO  segmented.SegmentedRaftLogWorker (SegmentedRaftLogWorker.java:execute(647)) - s5@group-D4D3B96D910D-SegmentedRaftLogWorker: created new log segment /home/runner/work/ratis/ratis/ratis-test/target/test/data/319b119c/MiniRaftClusterWithSimulatedRpcdcda50c5/s5/0a35b238-98d1-4d9b-9711-d4d3b96d910d/current/log_inprogress_0
2025-10-10 11:53:16,218 [s6@group-D4D3B96D910D-SegmentedRaftLogWorker] INFO  segmented.SegmentedRaftLogWorker (SegmentedRaftLogWorker.java:execute(647)) - s6@group-D4D3B96D910D-SegmentedRaftLogWorker: created new log segment /home/runner/work/ratis/ratis/ratis-test/target/test/data/319b119c/MiniRaftClusterWithSimulatedRpcdcda50c5/s6/0a35b238-98d1-4d9b-9711-d4d3b96d910d/current/log_inprogress_0
2025-10-10 11:53:16,219 [s7@group-D4D3B96D910D-SegmentedRaftLogWorker] INFO  segmented.SegmentedRaftLogWorker (SegmentedRaftLogWorker.java:execute(647)) - s7@group-D4D3B96D910D-SegmentedRaftLogWorker: created new log segment /home/runner/work/ratis/ratis/ratis-test/target/test/data/319b119c/MiniRaftClusterWithSimulatedRpcdcda50c5/s7/0a35b238-98d1-4d9b-9711-d4d3b96d910d/current/log_inprogress_0
2025-10-10 11:53:16,219 [s6-server-thread1] DEBUG server.RaftServer$Division (RaftServerImpl.java:logAppendEntries(1537)) - s6@group-D4D3B96D910D: appendEntries* reply s5<-s6#285:OK-t1,SUCCESS,nextIndex=1,followerCommit=-1,matchIndex=0
2025-10-10 11:53:16,220 [s7-server-thread1] DEBUG server.RaftServer$Division (RaftServerImpl.java:logAppendEntries(1537)) - s7@group-D4D3B96D910D: appendEntries* reply s5<-s7#286:OK-t1,SUCCESS,nextIndex=1,followerCommit=-1,matchIndex=0
2025-10-10 11:53:16,220 [s5@group-D4D3B96D910D-StateMachineUpdater] TRACE util.FileUtils (LogUtils.java:supplyAndLog(69)) - Successfully supplied FileChannel.open /home/runner/work/ratis/ratis/ratis-test/target/test/data/319b119c/MiniRaftClusterWithSimulatedRpcdcda50c5/s5/0a35b238-98d1-4d9b-9711-d4d3b96d910d/current/raft-meta.conf.tmp with options [CREATE, TRUNCATE_EXISTING, WRITE]: sun.nio.ch.FileChannelImpl@493ada59
2025-10-10 11:53:16,221 [s5@group-D4D3B96D910D-StateMachineUpdater] TRACE util.FileUtils (LogUtils.java:runAndLog(49)) - Successfully ran Atomic Files.move /home/runner/work/ratis/ratis/ratis-test/target/test/data/319b119c/MiniRaftClusterWithSimulatedRpcdcda50c5/s5/0a35b238-98d1-4d9b-9711-d4d3b96d910d/current/raft-meta.conf.tmp to /home/runner/work/ratis/ratis/ratis-test/target/test/data/319b119c/MiniRaftClusterWithSimulatedRpcdcda50c5/s5/0a35b238-98d1-4d9b-9711-d4d3b96d910d/current/raft-meta.conf with options [REPLACE_EXISTING]
2025-10-10 11:53:16,221 [s5@group-D4D3B96D910D-StateMachineUpdater] INFO  server.RaftServer$Division (LeaderStateImpl.java:checkStartIndex(309)) - Leader s5@group-D4D3B96D910D-LeaderStateImpl is ready since appliedIndex == startIndex == 0
2025-10-10 11:53:16,971 [s6@group-D4D3B96D910D-StateMachineUpdater] TRACE util.FileUtils (LogUtils.java:supplyAndLog(69)) - Successfully supplied FileChannel.open /home/runner/work/ratis/ratis/ratis-test/target/test/data/319b119c/MiniRaftClusterWithSimulatedRpcdcda50c5/s6/0a35b238-98d1-4d9b-9711-d4d3b96d910d/current/raft-meta.conf.tmp with options [CREATE, TRUNCATE_EXISTING, WRITE]: sun.nio.ch.FileChannelImpl@5857a597
2025-10-10 11:53:16,972 [s7@group-D4D3B96D910D-StateMachineUpdater] TRACE util.FileUtils (LogUtils.java:supplyAndLog(69)) - Successfully supplied FileChannel.open /home/runner/work/ratis/ratis/ratis-test/target/test/data/319b119c/MiniRaftClusterWithSimulatedRpcdcda50c5/s7/0a35b238-98d1-4d9b-9711-d4d3b96d910d/current/raft-meta.conf.tmp with options [CREATE, TRUNCATE_EXISTING, WRITE]: sun.nio.ch.FileChannelImpl@3cece283
2025-10-10 11:53:16,972 [s6@group-D4D3B96D910D-StateMachineUpdater] TRACE util.FileUtils (LogUtils.java:runAndLog(49)) - Successfully ran Atomic Files.move /home/runner/work/ratis/ratis/ratis-test/target/test/data/319b119c/MiniRaftClusterWithSimulatedRpcdcda50c5/s6/0a35b238-98d1-4d9b-9711-d4d3b96d910d/current/raft-meta.conf.tmp to /home/runner/work/ratis/ratis/ratis-test/target/test/data/319b119c/MiniRaftClusterWithSimulatedRpcdcda50c5/s6/0a35b238-98d1-4d9b-9711-d4d3b96d910d/current/raft-meta.conf with options [REPLACE_EXISTING]
2025-10-10 11:53:16,973 [s7@group-D4D3B96D910D-StateMachineUpdater] TRACE util.FileUtils (LogUtils.java:runAndLog(49)) - Successfully ran Atomic Files.move /home/runner/work/ratis/ratis/ratis-test/target/test/data/319b119c/MiniRaftClusterWithSimulatedRpcdcda50c5/s7/0a35b238-98d1-4d9b-9711-d4d3b96d910d/current/raft-meta.conf.tmp to /home/runner/work/ratis/ratis/ratis-test/target/test/data/319b119c/MiniRaftClusterWithSimulatedRpcdcda50c5/s7/0a35b238-98d1-4d9b-9711-d4d3b96d910d/current/raft-meta.conf with options [REPLACE_EXISTING]
2025-10-10 11:53:17,554 [main] INFO  ratis.RaftTestUtil (RaftTestUtil.java:waitForLeader(131)) - printing group-D4D3B96D910D
  s5:  RUNNING [
     LEADER (RUNNING): s5@group-D4D3B96D910D:t1, leader=s5, voted=s5, raftlog=Memoized:s5@group-D4D3B96D910D-SegmentedRaftLog:OPENED:c0:last(t:1, i:0), conf=conf: {index: 0, cur=peers:[s5, s6, s7]|listeners:[], old=null}
   FOLLOWER (STARTING): s5@group-B596E5D396F8:t0, leader=null, voted=, raftlog=Memoized:s5@group-B596E5D396F8-SegmentedRaftLog:OPENED:c-1:lastnull, conf=conf: {index: -1, cur=peers:[]|listeners:[], old=null}] size=2
  s6:  RUNNING [
   FOLLOWER (RUNNING): s6@group-D4D3B96D910D:t1, leader=s5, voted=s5, raftlog=Memoized:s6@group-D4D3B96D910D-SegmentedRaftLog:OPENED:c0:last(t:1, i:0), conf=conf: {index: 0, cur=peers:[s5|, s6|, s7|]|listeners:[], old=null}
   FOLLOWER (STARTING): s6@group-B596E5D396F8:t0, leader=null, voted=, raftlog=Memoized:s6@group-B596E5D396F8-SegmentedRaftLog:OPENED:c-1:lastnull, conf=conf: {index: -1, cur=peers:[]|listeners:[], old=null}] size=2
  s7:  RUNNING [
   FOLLOWER (RUNNING): s7@group-D4D3B96D910D:t1, leader=s5, voted=s5, raftlog=Memoized:s7@group-D4D3B96D910D-SegmentedRaftLog:OPENED:c0:last(t:1, i:0), conf=conf: {index: 0, cur=peers:[s5|, s6|, s7|]|listeners:[], old=null}
   FOLLOWER (STARTING): s7@group-B596E5D396F8:t0, leader=null, voted=, raftlog=Memoized:s7@group-B596E5D396F8-SegmentedRaftLog:OPENED:c-1:lastnull, conf=conf: {index: -1, cur=peers:[]|listeners:[], old=null}] size=2
2025-10-10 11:53:17,555 [main] INFO  impl.GroupManagementBaseTest (GroupManagementBaseTest.java:runMultiGroupTest(283)) - 2) starting group-1E8C3A4F0960:[s8]
2025-10-10 11:53:17,555 [main] DEBUG client.RaftClient (RaftClientImpl.java:newRequest(95)) - attempt #1, newRequest GroupManagementRequest:client-1DC79872702E->s8@group-1E8C3A4F0960, cid=299, seq=null, RW, null, Add:group-1E8C3A4F0960:[s8]
2025-10-10 11:53:17,556 [HandlerDaemon-0] INFO  server.RaftServer (RaftServerProxy.java:addNew(106)) - s8: addNew group-1E8C3A4F0960:[s8] returns group-1E8C3A4F0960:java.util.concurrent.CompletableFuture@dedfed3[Not completed]
2025-10-10 11:53:17,556 [s8-groupManagement] INFO  server.RaftServer$Division (RaftServerImpl.java:<init>(269)) - s8: new RaftServerImpl for group-1E8C3A4F0960:[s8] with BaseStateMachine-58:uninitialized
2025-10-10 11:53:17,556 [s8-groupManagement] INFO  server.RaftServer$Division (ServerState.java:<init>(115)) - s8@group-1E8C3A4F0960: ConfigurationManager, init=conf: {index: -1, cur=peers:[s8]|listeners:[], old=null}, confs=<EMPTY_MAP>
2025-10-10 11:53:17,557 [s8-groupManagement] DEBUG server.RaftServer (RaftServerProxy.java:lambda$groupAddAsync$13(517)) - s8: newImpl =      null (NEW): s8@group-1E8C3A4F0960:t0, leader=null, voted=null, raftlog=UNINITIALIZED, conf=conf: {index: -1, cur=peers:[s8]|listeners:[], old=null}
2025-10-10 11:53:17,557 [s8-groupManagement] INFO  server.RaftServerConfigKeys (ConfUtils.java:logGet(62)) - raft.server.storage.dir = [/home/runner/work/ratis/ratis/ratis-test/target/test/data/319b119c/MiniRaftClusterWithSimulatedRpcdcda50c5/s8] (custom)
2025-10-10 11:53:17,557 [s8-groupManagement] INFO  storage.RaftStorageDirectory (RaftStorageDirectoryImpl.java:analyzeStorage(138)) - The storage directory /home/runner/work/ratis/ratis/ratis-test/target/test/data/319b119c/MiniRaftClusterWithSimulatedRpcdcda50c5/s8/6ef3c6aa-8286-4034-b7df-1e8c3a4f0960 does not exist. Creating ...
2025-10-10 11:53:17,558 [s8-groupManagement] TRACE util.FileUtils (LogUtils.java:runAndLog(49)) - Successfully ran Files.createDirectories /home/runner/work/ratis/ratis/ratis-test/target/test/data/319b119c/MiniRaftClusterWithSimulatedRpcdcda50c5/s8/6ef3c6aa-8286-4034-b7df-1e8c3a4f0960
2025-10-10 11:53:17,558 [s8-groupManagement] INFO  storage.RaftStorageDirectory (RaftStorageDirectoryImpl.java:tryLock(229)) - Lock on /home/runner/work/ratis/ratis/ratis-test/target/test/data/319b119c/MiniRaftClusterWithSimulatedRpcdcda50c5/s8/6ef3c6aa-8286-4034-b7df-1e8c3a4f0960/in_use.lock acquired by nodename 9833@runnervmwhb2z
2025-10-10 11:53:17,559 [s8-groupManagement] TRACE util.FileUtils (LogUtils.java:runAndLog(49)) - Successfully ran Files.createDirectories /home/runner/work/ratis/ratis/ratis-test/target/test/data/319b119c/MiniRaftClusterWithSimulatedRpcdcda50c5/s8/6ef3c6aa-8286-4034-b7df-1e8c3a4f0960/current
2025-10-10 11:53:17,559 [s8-groupManagement] TRACE util.FileUtils (LogUtils.java:runAndLog(49)) - Successfully ran Files.createDirectories /home/runner/work/ratis/ratis/ratis-test/target/test/data/319b119c/MiniRaftClusterWithSimulatedRpcdcda50c5/s8/6ef3c6aa-8286-4034-b7df-1e8c3a4f0960/sm
2025-10-10 11:53:17,559 [s8-groupManagement] TRACE util.FileUtils (LogUtils.java:supplyAndLog(69)) - Successfully supplied FileChannel.open /home/runner/work/ratis/ratis/ratis-test/target/test/data/319b119c/MiniRaftClusterWithSimulatedRpcdcda50c5/s8/6ef3c6aa-8286-4034-b7df-1e8c3a4f0960/current/raft-meta.tmp with options [CREATE, TRUNCATE_EXISTING, WRITE]: sun.nio.ch.FileChannelImpl@4dabd25d
2025-10-10 11:53:17,560 [s8-groupManagement] TRACE util.FileUtils (LogUtils.java:runAndLog(49)) - Successfully ran Atomic Files.move /home/runner/work/ratis/ratis/ratis-test/target/test/data/319b119c/MiniRaftClusterWithSimulatedRpcdcda50c5/s8/6ef3c6aa-8286-4034-b7df-1e8c3a4f0960/current/raft-meta.tmp to /home/runner/work/ratis/ratis/ratis-test/target/test/data/319b119c/MiniRaftClusterWithSimulatedRpcdcda50c5/s8/6ef3c6aa-8286-4034-b7df-1e8c3a4f0960/current/raft-meta with options [REPLACE_EXISTING]
2025-10-10 11:53:17,560 [s8-groupManagement] INFO  storage.RaftStorage (RaftStorageImpl.java:format(98)) - Storage directory /home/runner/work/ratis/ratis/ratis-test/target/test/data/319b119c/MiniRaftClusterWithSimulatedRpcdcda50c5/s8/6ef3c6aa-8286-4034-b7df-1e8c3a4f0960 has been successfully formatted.
2025-10-10 11:53:17,560 [s8-groupManagement] INFO  server.RaftServer$Division (ServerState.java:getSnapshotIndexFromStateMachine(155)) - s8@group-1E8C3A4F0960: getLatestSnapshot(BaseStateMachine-58:s8:group-1E8C3A4F0960) returns null
2025-10-10 11:53:17,560 [s8-groupManagement] INFO  raftlog.RaftLog (RaftLogBase.java:<init>(90)) - s8@group-1E8C3A4F0960-SegmentedRaftLog: snapshotIndexFromStateMachine = -1
2025-10-10 11:53:17,560 [s8-groupManagement] INFO  util.AwaitToRun (AwaitToRun.java:start(81)) - Thread[s8@group-1E8C3A4F0960-cacheEviction-AwaitToRun,5,main] started
2025-10-10 11:53:17,561 [s8-groupManagement] INFO  segmented.SegmentedRaftLogWorker (SegmentedRaftLogWorker.java:<init>(190)) - new s8@group-1E8C3A4F0960-SegmentedRaftLogWorker for RaftStorageImpl:Storage Directory /home/runner/work/ratis/ratis/ratis-test/target/test/data/319b119c/MiniRaftClusterWithSimulatedRpcdcda50c5/s8/6ef3c6aa-8286-4034-b7df-1e8c3a4f0960
2025-10-10 11:53:17,563 [s8-groupManagement] INFO  segmented.SegmentedRaftLogWorker (SegmentedRaftLogWorker.java:lambda$new$0(141)) - s8@group-1E8C3A4F0960-SegmentedRaftLogWorker: flushIndex: setUnconditionally 0 -> -1
2025-10-10 11:53:17,563 [s8-groupManagement] INFO  segmented.SegmentedRaftLogWorker (SegmentedRaftLogWorker.java:lambda$new$0(141)) - s8@group-1E8C3A4F0960-SegmentedRaftLogWorker: safeCacheEvictIndex: setUnconditionally 0 -> -1
2025-10-10 11:53:17,563 [s8-groupManagement] INFO  server.RaftServer$Division (RaftServerImpl.java:start(406)) - s8@group-1E8C3A4F0960: start as a follower, conf=conf: {index: -1, cur=peers:[s8]|listeners:[], old=null}
2025-10-10 11:53:17,563 [s8-groupManagement] INFO  server.RaftServer$Division (RaftServerImpl.java:setRole(393)) - s8@group-1E8C3A4F0960: changes role from      null to FOLLOWER at term 0 for startAsFollower
2025-10-10 11:53:17,563 [s8-groupManagement] INFO  impl.RoleInfo (RoleInfo.java:updateAndGet(148)) - s8: start s8@group-1E8C3A4F0960-FollowerState
2025-10-10 11:53:17,564 [s8-groupManagement] INFO  util.JmxRegister (JmxRegister.java:tryRegister(44)) - Successfully registered JMX Bean with object name Ratis:service=RaftServer,group=group-1E8C3A4F0960,id=s8
2025-10-10 11:53:17,564 [s8@group-1E8C3A4F0960-FollowerState] INFO  server.RaftServerConfigKeys (ConfUtils.java:logFallback(69)) - raft.server.rpc.first-election.timeout.min = 1500ms (fallback to raft.server.rpc.timeout.min)
2025-10-10 11:53:17,564 [s8-groupManagement] INFO  util.JmxRegister (JmxRegister.java:register(58)) - register mxBean class org.apache.ratis.server.impl.RaftServerJmxAdapter as Ratis:service=RaftServer,group=group-1E8C3A4F0960,id=s8
2025-10-10 11:53:17,564 [s8@group-1E8C3A4F0960-FollowerState] INFO  server.RaftServerConfigKeys (ConfUtils.java:logFallback(69)) - raft.server.rpc.first-election.timeout.max = 2000ms (fallback to raft.server.rpc.timeout.max)
2025-10-10 11:53:17,564 [s8-groupManagement] INFO  server.RaftServer$Division (RaftServerImpl.java:start(420)) - s8@group-1E8C3A4F0960: Successfully started.
2025-10-10 11:53:17,564 [main] DEBUG client.RaftClient (RaftClientImpl.java:close(465)) - close client-1DC79872702E
2025-10-10 11:53:17,565 [main] INFO  ratis.RaftTestUtil (RaftTestUtil.java:waitForLeader(107)) - printing group-1E8C3A4F0960
  s8:  RUNNING [
   FOLLOWER (STARTING): s8@group-B596E5D396F8:t0, leader=null, voted=, raftlog=Memoized:s8@group-B596E5D396F8-SegmentedRaftLog:OPENED:c-1:lastnull, conf=conf: {index: -1, cur=peers:[]|listeners:[], old=null}
   FOLLOWER (RUNNING): s8@group-1E8C3A4F0960:t0, leader=null, voted=, raftlog=Memoized:s8@group-1E8C3A4F0960-SegmentedRaftLog:OPENED:c-1:lastnull, conf=conf: {index: -1, cur=peers:[s8]|listeners:[], old=null}] size=2
2025-10-10 11:53:17,565 [main] WARN  ratis.RaftTestUtil (RaftTestUtil.java:lambda$waitForLeader$3(126)) - Attempt #1 failed: java.lang.IllegalStateException: No leader yet  for group-1E8C3A4F0960: printing group-1E8C3A4F0960
  s8:  RUNNING [
   FOLLOWER (STARTING): s8@group-B596E5D396F8:t0, leader=null, voted=, raftlog=Memoized:s8@group-B596E5D396F8-SegmentedRaftLog:OPENED:c-1:lastnull, conf=conf: {index: -1, cur=peers:[]|listeners:[], old=null}
   FOLLOWER (RUNNING): s8@group-1E8C3A4F0960:t0, leader=null, voted=, raftlog=Memoized:s8@group-1E8C3A4F0960-SegmentedRaftLog:OPENED:c-1:lastnull, conf=conf: {index: -1, cur=peers:[s8]|listeners:[], old=null}] size=2
2025-10-10 11:53:19,268 [s8@group-1E8C3A4F0960-FollowerState] INFO  impl.FollowerState (FollowerState.java:runImpl(161)) - s8@group-1E8C3A4F0960-FollowerState: change to CANDIDATE, lastRpcElapsedTime:1704621037ns, electionTimeout:1704ms
2025-10-10 11:53:19,268 [s8@group-1E8C3A4F0960-FollowerState] INFO  impl.RoleInfo (RoleInfo.java:shutdownFollowerState(121)) - s8: shutdown s8@group-1E8C3A4F0960-FollowerState
2025-10-10 11:53:19,268 [s8@group-1E8C3A4F0960-FollowerState] INFO  server.RaftServer$Division (RaftServerImpl.java:setRole(393)) - s8@group-1E8C3A4F0960: changes role from  FOLLOWER to CANDIDATE at term 0 for changeToCandidate
2025-10-10 11:53:19,268 [s8@group-1E8C3A4F0960-FollowerState] INFO  impl.RoleInfo (RoleInfo.java:updateAndGet(148)) - s8: start s8@group-1E8C3A4F0960-LeaderElection11
2025-10-10 11:53:19,269 [s8@group-1E8C3A4F0960-LeaderElection11] INFO  impl.LeaderElection (LeaderElection.java:askForVotes(448)) - s8@group-1E8C3A4F0960-LeaderElection11 PRE_VOTE round 0: submit vote requests at term 0 for conf: {index: -1, cur=peers:[s8]|listeners:[], old=null}
2025-10-10 11:53:19,269 [s8@group-1E8C3A4F0960-LeaderElection11] INFO  impl.LeaderElection (LeaderElection.java:askForVotes(450)) - s8@group-1E8C3A4F0960-LeaderElection11 PRE_VOTE round 0: result PASSED (term=0)
2025-10-10 11:53:19,269 [s8@group-1E8C3A4F0960-LeaderElection11] TRACE util.FileUtils (LogUtils.java:supplyAndLog(69)) - Successfully supplied FileChannel.open /home/runner/work/ratis/ratis/ratis-test/target/test/data/319b119c/MiniRaftClusterWithSimulatedRpcdcda50c5/s8/6ef3c6aa-8286-4034-b7df-1e8c3a4f0960/current/raft-meta.tmp with options [CREATE, TRUNCATE_EXISTING, WRITE]: sun.nio.ch.FileChannelImpl@580b2101
2025-10-10 11:53:19,270 [s8@group-1E8C3A4F0960-LeaderElection11] TRACE util.FileUtils (LogUtils.java:runAndLog(49)) - Successfully ran Atomic Files.move /home/runner/work/ratis/ratis/ratis-test/target/test/data/319b119c/MiniRaftClusterWithSimulatedRpcdcda50c5/s8/6ef3c6aa-8286-4034-b7df-1e8c3a4f0960/current/raft-meta.tmp to /home/runner/work/ratis/ratis/ratis-test/target/test/data/319b119c/MiniRaftClusterWithSimulatedRpcdcda50c5/s8/6ef3c6aa-8286-4034-b7df-1e8c3a4f0960/current/raft-meta with options [REPLACE_EXISTING]
2025-10-10 11:53:19,270 [s8@group-1E8C3A4F0960-LeaderElection11] INFO  impl.LeaderElection (LeaderElection.java:askForVotes(448)) - s8@group-1E8C3A4F0960-LeaderElection11 ELECTION round 0: submit vote requests at term 1 for conf: {index: -1, cur=peers:[s8]|listeners:[], old=null}
2025-10-10 11:53:19,271 [s8@group-1E8C3A4F0960-LeaderElection11] INFO  impl.LeaderElection (LeaderElection.java:askForVotes(450)) - s8@group-1E8C3A4F0960-LeaderElection11 ELECTION round 0: result PASSED (term=1)
2025-10-10 11:53:19,271 [s8@group-1E8C3A4F0960-LeaderElection11] INFO  impl.RoleInfo (RoleInfo.java:shutdownLeaderElection(141)) - s8: shutdown s8@group-1E8C3A4F0960-LeaderElection11
2025-10-10 11:53:19,271 [s8@group-1E8C3A4F0960-LeaderElection11] INFO  server.RaftServer$Division (RaftServerImpl.java:setRole(393)) - s8@group-1E8C3A4F0960: changes role from CANDIDATE to LEADER at term 1 for changeToLeader
2025-10-10 11:53:19,271 [s8@group-1E8C3A4F0960-LeaderElection11] INFO  server.RaftServerConfigKeys (ConfUtils.java:logFallback(69)) - raft.server.staging.timeout = 6000ms (fallback to raft.server.rpc.timeout.max)
2025-10-10 11:53:19,272 [s8@group-1E8C3A4F0960-LeaderElection11] INFO  impl.RoleInfo (RoleInfo.java:updateAndGet(148)) - s8: start s8@group-1E8C3A4F0960-LeaderStateImpl
2025-10-10 11:53:19,272 [s8@group-1E8C3A4F0960-LeaderElection11] INFO  server.RaftServer$Division (RaftServerImpl.java:setFirstElection(577)) - s8@group-1E8C3A4F0960: set firstElectionSinceStartup to false for becomeLeader
2025-10-10 11:53:19,272 [s8@group-1E8C3A4F0960-LeaderElection11] INFO  server.RaftServer$Division (ServerState.java:setLeader(278)) - s8@group-1E8C3A4F0960: change Leader from null to s8 at term 1 for becomeLeader, leader elected after 1715ms
2025-10-10 11:53:19,272 [s8@group-1E8C3A4F0960-LeaderElection11] INFO  segmented.SegmentedRaftLogWorker (SegmentedRaftLogWorker.java:startLogSegment(440)) - s8@group-1E8C3A4F0960-SegmentedRaftLogWorker: Starting segment from index:0
2025-10-10 11:53:19,272 [s8@group-1E8C3A4F0960-LeaderElection11] INFO  server.RaftServer$Division (ServerState.java:setRaftConf(392)) - s8@group-1E8C3A4F0960: set configuration conf: {index: 0, cur=peers:[s8]|listeners:[], old=null}
2025-10-10 11:53:19,273 [s8@group-1E8C3A4F0960-SegmentedRaftLogWorker] INFO  segmented.BufferedWriteChannel (BufferedWriteChannel.java:open(61)) - open log_inprogress_0 at position 0
2025-10-10 11:53:19,278 [s8@group-1E8C3A4F0960-SegmentedRaftLogWorker] INFO  segmented.SegmentedRaftLogWorker (SegmentedRaftLogWorker.java:execute(647)) - s8@group-1E8C3A4F0960-SegmentedRaftLogWorker: created new log segment /home/runner/work/ratis/ratis/ratis-test/target/test/data/319b119c/MiniRaftClusterWithSimulatedRpcdcda50c5/s8/6ef3c6aa-8286-4034-b7df-1e8c3a4f0960/current/log_inprogress_0
2025-10-10 11:53:19,279 [s8@group-1E8C3A4F0960-StateMachineUpdater] TRACE util.FileUtils (LogUtils.java:supplyAndLog(69)) - Successfully supplied FileChannel.open /home/runner/work/ratis/ratis/ratis-test/target/test/data/319b119c/MiniRaftClusterWithSimulatedRpcdcda50c5/s8/6ef3c6aa-8286-4034-b7df-1e8c3a4f0960/current/raft-meta.conf.tmp with options [CREATE, TRUNCATE_EXISTING, WRITE]: sun.nio.ch.FileChannelImpl@70a45cd
2025-10-10 11:53:19,279 [s8@group-1E8C3A4F0960-StateMachineUpdater] TRACE util.FileUtils (LogUtils.java:runAndLog(49)) - Successfully ran Atomic Files.move /home/runner/work/ratis/ratis/ratis-test/target/test/data/319b119c/MiniRaftClusterWithSimulatedRpcdcda50c5/s8/6ef3c6aa-8286-4034-b7df-1e8c3a4f0960/current/raft-meta.conf.tmp to /home/runner/work/ratis/ratis/ratis-test/target/test/data/319b119c/MiniRaftClusterWithSimulatedRpcdcda50c5/s8/6ef3c6aa-8286-4034-b7df-1e8c3a4f0960/current/raft-meta.conf with options [REPLACE_EXISTING]
2025-10-10 11:53:19,279 [s8@group-1E8C3A4F0960-StateMachineUpdater] INFO  server.RaftServer$Division (LeaderStateImpl.java:checkStartIndex(309)) - Leader s8@group-1E8C3A4F0960-LeaderStateImpl is ready since appliedIndex == startIndex == 0
2025-10-10 11:53:20,481 [Timer-5] INFO  impl.MiniRaftCluster (MiniRaftCluster.java:lambda$null$7(340)) - TIMED-PRINT: printing ALL groups
  s3:  RUNNING [
     LEADER (RUNNING): s3@group-C0E65F787AE8:t1, leader=s3, voted=s3, raftlog=Memoized:s3@group-C0E65F787AE8-SegmentedRaftLog:OPENED:c0:last(t:1, i:0), conf=conf: {index: 0, cur=peers:[s3, s4, s0, s1, s2]|listeners:[], old=null}
   FOLLOWER (STARTING): s3@group-B596E5D396F8:t0, leader=null, voted=, raftlog=Memoized:s3@group-B596E5D396F8-SegmentedRaftLog:OPENED:c-1:lastnull, conf=conf: {index: -1, cur=peers:[]|listeners:[], old=null}] size=2
  s4:  RUNNING [
   FOLLOWER (RUNNING): s4@group-C0E65F787AE8:t1, leader=s3, voted=s3, raftlog=Memoized:s4@group-C0E65F787AE8-SegmentedRaftLog:OPENED:c0:last(t:1, i:0), conf=conf: {index: 0, cur=peers:[s3|, s4|, s0|, s1|, s2|]|listeners:[], old=null}
   FOLLOWER (STARTING): s4@group-B596E5D396F8:t0, leader=null, voted=, raftlog=Memoized:s4@group-B596E5D396F8-SegmentedRaftLog:OPENED:c-1:lastnull, conf=conf: {index: -1, cur=peers:[]|listeners:[], old=null}] size=2
  s5:  RUNNING [
     LEADER (RUNNING): s5@group-D4D3B96D910D:t1, leader=s5, voted=s5, raftlog=Memoized:s5@group-D4D3B96D910D-SegmentedRaftLog:OPENED:c0:last(t:1, i:0), conf=conf: {index: 0, cur=peers:[s5, s6, s7]|listeners:[], old=null}
   FOLLOWER (STARTING): s5@group-B596E5D396F8:t0, leader=null, voted=, raftlog=Memoized:s5@group-B596E5D396F8-SegmentedRaftLog:OPENED:c-1:lastnull, conf=conf: {index: -1, cur=peers:[]|listeners:[], old=null}] size=2
  s6:  RUNNING [
   FOLLOWER (RUNNING): s6@group-D4D3B96D910D:t1, leader=s5, voted=s5, raftlog=Memoized:s6@group-D4D3B96D910D-SegmentedRaftLog:OPENED:c0:last(t:1, i:0), conf=conf: {index: 0, cur=peers:[s5|, s6|, s7|]|listeners:[], old=null}
   FOLLOWER (STARTING): s6@group-B596E5D396F8:t0, leader=null, voted=, raftlog=Memoized:s6@group-B596E5D396F8-SegmentedRaftLog:OPENED:c-1:lastnull, conf=conf: {index: -1, cur=peers:[]|listeners:[], old=null}] size=2
  s7:  RUNNING [
   FOLLOWER (RUNNING): s7@group-D4D3B96D910D:t1, leader=s5, voted=s5, raftlog=Memoized:s7@group-D4D3B96D910D-SegmentedRaftLog:OPENED:c0:last(t:1, i:0), conf=conf: {index: 0, cur=peers:[s5|, s6|, s7|]|listeners:[], old=null}
   FOLLOWER (STARTING): s7@group-B596E5D396F8:t0, leader=null, voted=, raftlog=Memoized:s7@group-B596E5D396F8-SegmentedRaftLog:OPENED:c-1:lastnull, conf=conf: {index: -1, cur=peers:[]|listeners:[], old=null}] size=2
  s8:  RUNNING [
   FOLLOWER (STARTING): s8@group-B596E5D396F8:t0, leader=null, voted=, raftlog=Memoized:s8@group-B596E5D396F8-SegmentedRaftLog:OPENED:c-1:lastnull, conf=conf: {index: -1, cur=peers:[]|listeners:[], old=null}
     LEADER (RUNNING): s8@group-1E8C3A4F0960:t1, leader=s8, voted=s8, raftlog=Memoized:s8@group-1E8C3A4F0960-SegmentedRaftLog:OPENED:c0:last(t:1, i:0), conf=conf: {index: 0, cur=peers:[s8]|listeners:[], old=null}] size=2
  s0:  RUNNING [
   FOLLOWER (RUNNING): s0@group-C0E65F787AE8:t1, leader=s3, voted=s3, raftlog=Memoized:s0@group-C0E65F787AE8-SegmentedRaftLog:OPENED:c0:last(t:1, i:0), conf=conf: {index: 0, cur=peers:[s3|, s4|, s0|, s1|, s2|]|listeners:[], old=null}
   FOLLOWER (STARTING): s0@group-B596E5D396F8:t0, leader=null, voted=, raftlog=Memoized:s0@group-B596E5D396F8-SegmentedRaftLog:OPENED:c-1:lastnull, conf=conf: {index: -1, cur=peers:[]|listeners:[], old=null}] size=2
  s1:  RUNNING [
   FOLLOWER (RUNNING): s1@group-C0E65F787AE8:t1, leader=s3, voted=s3, raftlog=Memoized:s1@group-C0E65F787AE8-SegmentedRaftLog:OPENED:c0:last(t:1, i:0), conf=conf: {index: 0, cur=peers:[s3|, s4|, s0|, s1|, s2|]|listeners:[], old=null}
   FOLLOWER (STARTING): s1@group-B596E5D396F8:t0, leader=null, voted=, raftlog=Memoized:s1@group-B596E5D396F8-SegmentedRaftLog:OPENED:c-1:lastnull, conf=conf: {index: -1, cur=peers:[]|listeners:[], old=null}] size=2
  s2:  RUNNING [
   FOLLOWER (RUNNING): s2@group-C0E65F787AE8:t1, leader=s3, voted=s3, raftlog=Memoized:s2@group-C0E65F787AE8-SegmentedRaftLog:OPENED:c0:last(t:1, i:0), conf=conf: {index: 0, cur=peers:[s3|, s4|, s0|, s1|, s2|]|listeners:[], old=null}
   FOLLOWER (STARTING): s2@group-B596E5D396F8:t0, leader=null, voted=, raftlog=Memoized:s2@group-B596E5D396F8-SegmentedRaftLog:OPENED:c-1:lastnull, conf=conf: {index: -1, cur=peers:[]|listeners:[], old=null}] size=2.
2025-10-10 11:53:20,565 [main] INFO  ratis.RaftTestUtil (RaftTestUtil.java:waitForLeader(131)) - printing group-1E8C3A4F0960
  s8:  RUNNING [
   FOLLOWER (STARTING): s8@group-B596E5D396F8:t0, leader=null, voted=, raftlog=Memoized:s8@group-B596E5D396F8-SegmentedRaftLog:OPENED:c-1:lastnull, conf=conf: {index: -1, cur=peers:[]|listeners:[], old=null}
     LEADER (RUNNING): s8@group-1E8C3A4F0960:t1, leader=s8, voted=s8, raftlog=Memoized:s8@group-1E8C3A4F0960-SegmentedRaftLog:OPENED:c0:last(t:1, i:0), conf=conf: {index: 0, cur=peers:[s8]|listeners:[], old=null}] size=2
| MiniRaftClusterWithSimulatedRpc[5, 8, 9]chosen=2 | start groups | 177 |
2025-10-10 11:53:20,566 [main] INFO  impl.GroupManagementBaseTest (GroupManagementBaseTest.java:runMultiGroupTest(293)) - start groups: printing ALL groups
  s3:  RUNNING [
     LEADER (RUNNING): s3@group-C0E65F787AE8:t1, leader=s3, voted=s3, raftlog=Memoized:s3@group-C0E65F787AE8-SegmentedRaftLog:OPENED:c0:last(t:1, i:0), conf=conf: {index: 0, cur=peers:[s3, s4, s0, s1, s2]|listeners:[], old=null}
   FOLLOWER (STARTING): s3@group-B596E5D396F8:t0, leader=null, voted=, raftlog=Memoized:s3@group-B596E5D396F8-SegmentedRaftLog:OPENED:c-1:lastnull, conf=conf: {index: -1, cur=peers:[]|listeners:[], old=null}] size=2
  s4:  RUNNING [
   FOLLOWER (RUNNING): s4@group-C0E65F787AE8:t1, leader=s3, voted=s3, raftlog=Memoized:s4@group-C0E65F787AE8-SegmentedRaftLog:OPENED:c0:last(t:1, i:0), conf=conf: {index: 0, cur=peers:[s3|, s4|, s0|, s1|, s2|]|listeners:[], old=null}
   FOLLOWER (STARTING): s4@group-B596E5D396F8:t0, leader=null, voted=, raftlog=Memoized:s4@group-B596E5D396F8-SegmentedRaftLog:OPENED:c-1:lastnull, conf=conf: {index: -1, cur=peers:[]|listeners:[], old=null}] size=2
  s5:  RUNNING [
     LEADER (RUNNING): s5@group-D4D3B96D910D:t1, leader=s5, voted=s5, raftlog=Memoized:s5@group-D4D3B96D910D-SegmentedRaftLog:OPENED:c0:last(t:1, i:0), conf=conf: {index: 0, cur=peers:[s5, s6, s7]|listeners:[], old=null}
   FOLLOWER (STARTING): s5@group-B596E5D396F8:t0, leader=null, voted=, raftlog=Memoized:s5@group-B596E5D396F8-SegmentedRaftLog:OPENED:c-1:lastnull, conf=conf: {index: -1, cur=peers:[]|listeners:[], old=null}] size=2
  s6:  RUNNING [
   FOLLOWER (RUNNING): s6@group-D4D3B96D910D:t1, leader=s5, voted=s5, raftlog=Memoized:s6@group-D4D3B96D910D-SegmentedRaftLog:OPENED:c0:last(t:1, i:0), conf=conf: {index: 0, cur=peers:[s5|, s6|, s7|]|listeners:[], old=null}
   FOLLOWER (STARTING): s6@group-B596E5D396F8:t0, leader=null, voted=, raftlog=Memoized:s6@group-B596E5D396F8-SegmentedRaftLog:OPENED:c-1:lastnull, conf=conf: {index: -1, cur=peers:[]|listeners:[], old=null}] size=2
  s7:  RUNNING [
   FOLLOWER (RUNNING): s7@group-D4D3B96D910D:t1, leader=s5, voted=s5, raftlog=Memoized:s7@group-D4D3B96D910D-SegmentedRaftLog:OPENED:c0:last(t:1, i:0), conf=conf: {index: 0, cur=peers:[s5|, s6|, s7|]|listeners:[], old=null}
   FOLLOWER (STARTING): s7@group-B596E5D396F8:t0, leader=null, voted=, raftlog=Memoized:s7@group-B596E5D396F8-SegmentedRaftLog:OPENED:c-1:lastnull, conf=conf: {index: -1, cur=peers:[]|listeners:[], old=null}] size=2
  s8:  RUNNING [
   FOLLOWER (STARTING): s8@group-B596E5D396F8:t0, leader=null, voted=, raftlog=Memoized:s8@group-B596E5D396F8-SegmentedRaftLog:OPENED:c-1:lastnull, conf=conf: {index: -1, cur=peers:[]|listeners:[], old=null}
     LEADER (RUNNING): s8@group-1E8C3A4F0960:t1, leader=s8, voted=s8, raftlog=Memoized:s8@group-1E8C3A4F0960-SegmentedRaftLog:OPENED:c0:last(t:1, i:0), conf=conf: {index: 0, cur=peers:[s8]|listeners:[], old=null}] size=2
  s0:  RUNNING [
   FOLLOWER (RUNNING): s0@group-C0E65F787AE8:t1, leader=s3, voted=s3, raftlog=Memoized:s0@group-C0E65F787AE8-SegmentedRaftLog:OPENED:c0:last(t:1, i:0), conf=conf: {index: 0, cur=peers:[s3|, s4|, s0|, s1|, s2|]|listeners:[], old=null}
   FOLLOWER (STARTING): s0@group-B596E5D396F8:t0, leader=null, voted=, raftlog=Memoized:s0@group-B596E5D396F8-SegmentedRaftLog:OPENED:c-1:lastnull, conf=conf: {index: -1, cur=peers:[]|listeners:[], old=null}] size=2
  s1:  RUNNING [
   FOLLOWER (RUNNING): s1@group-C0E65F787AE8:t1, leader=s3, voted=s3, raftlog=Memoized:s1@group-C0E65F787AE8-SegmentedRaftLog:OPENED:c0:last(t:1, i:0), conf=conf: {index: 0, cur=peers:[s3|, s4|, s0|, s1|, s2|]|listeners:[], old=null}
   FOLLOWER (STARTING): s1@group-B596E5D396F8:t0, leader=null, voted=, raftlog=Memoized:s1@group-B596E5D396F8-SegmentedRaftLog:OPENED:c-1:lastnull, conf=conf: {index: -1, cur=peers:[]|listeners:[], old=null}] size=2
  s2:  RUNNING [
   FOLLOWER (RUNNING): s2@group-C0E65F787AE8:t1, leader=s3, voted=s3, raftlog=Memoized:s2@group-C0E65F787AE8-SegmentedRaftLog:OPENED:c0:last(t:1, i:0), conf=conf: {index: 0, cur=peers:[s3|, s4|, s0|, s1|, s2|]|listeners:[], old=null}
   FOLLOWER (STARTING): s2@group-B596E5D396F8:t0, leader=null, voted=, raftlog=Memoized:s2@group-B596E5D396F8-SegmentedRaftLog:OPENED:c-1:lastnull, conf=conf: {index: -1, cur=peers:[]|listeners:[], old=null}] size=2
2025-10-10 11:53:20,566 [main] INFO  impl.GroupManagementBaseTest (GroupManagementBaseTest.java:runMultiGroupTest(296)) - chosen = 2, group-1E8C3A4F0960:[s8]
2025-10-10 11:53:20,567 [main] INFO  impl.GroupManagementBaseTest (GroupManagementBaseTest.java:runMultiGroupTest(301)) - 0) close printing group-C0E65F787AE8
  s3:  RUNNING [
     LEADER (RUNNING): s3@group-C0E65F787AE8:t1, leader=s3, voted=s3, raftlog=Memoized:s3@group-C0E65F787AE8-SegmentedRaftLog:OPENED:c0:last(t:1, i:0), conf=conf: {index: 0, cur=peers:[s3, s4, s0, s1, s2]|listeners:[], old=null}
   FOLLOWER (STARTING): s3@group-B596E5D396F8:t0, leader=null, voted=, raftlog=Memoized:s3@group-B596E5D396F8-SegmentedRaftLog:OPENED:c-1:lastnull, conf=conf: {index: -1, cur=peers:[]|listeners:[], old=null}] size=2
  s4:  RUNNING [
   FOLLOWER (RUNNING): s4@group-C0E65F787AE8:t1, leader=s3, voted=s3, raftlog=Memoized:s4@group-C0E65F787AE8-SegmentedRaftLog:OPENED:c0:last(t:1, i:0), conf=conf: {index: 0, cur=peers:[s3|, s4|, s0|, s1|, s2|]|listeners:[], old=null}
   FOLLOWER (STARTING): s4@group-B596E5D396F8:t0, leader=null, voted=, raftlog=Memoized:s4@group-B596E5D396F8-SegmentedRaftLog:OPENED:c-1:lastnull, conf=conf: {index: -1, cur=peers:[]|listeners:[], old=null}] size=2
  s0:  RUNNING [
   FOLLOWER (RUNNING): s0@group-C0E65F787AE8:t1, leader=s3, voted=s3, raftlog=Memoized:s0@group-C0E65F787AE8-SegmentedRaftLog:OPENED:c0:last(t:1, i:0), conf=conf: {index: 0, cur=peers:[s3|, s4|, s0|, s1|, s2|]|listeners:[], old=null}
   FOLLOWER (STARTING): s0@group-B596E5D396F8:t0, leader=null, voted=, raftlog=Memoized:s0@group-B596E5D396F8-SegmentedRaftLog:OPENED:c-1:lastnull, conf=conf: {index: -1, cur=peers:[]|listeners:[], old=null}] size=2
  s1:  RUNNING [
   FOLLOWER (RUNNING): s1@group-C0E65F787AE8:t1, leader=s3, voted=s3, raftlog=Memoized:s1@group-C0E65F787AE8-SegmentedRaftLog:OPENED:c0:last(t:1, i:0), conf=conf: {index: 0, cur=peers:[s3|, s4|, s0|, s1|, s2|]|listeners:[], old=null}
   FOLLOWER (STARTING): s1@group-B596E5D396F8:t0, leader=null, voted=, raftlog=Memoized:s1@group-B596E5D396F8-SegmentedRaftLog:OPENED:c-1:lastnull, conf=conf: {index: -1, cur=peers:[]|listeners:[], old=null}] size=2
  s2:  RUNNING [
   FOLLOWER (RUNNING): s2@group-C0E65F787AE8:t1, leader=s3, voted=s3, raftlog=Memoized:s2@group-C0E65F787AE8-SegmentedRaftLog:OPENED:c0:last(t:1, i:0), conf=conf: {index: 0, cur=peers:[s3|, s4|, s0|, s1|, s2|]|listeners:[], old=null}
   FOLLOWER (STARTING): s2@group-B596E5D396F8:t0, leader=null, voted=, raftlog=Memoized:s2@group-B596E5D396F8-SegmentedRaftLog:OPENED:c-1:lastnull, conf=conf: {index: -1, cur=peers:[]|listeners:[], old=null}] size=2
2025-10-10 11:53:20,567 [main] DEBUG client.RaftClient (RaftClientImpl.java:newRequest(95)) - attempt #1, newRequest GroupManagementRequest:client-AB3EC6C1D23E->s3@group-C0E65F787AE8, cid=348, seq=null, RW, null, Remove:group-C0E65F787AE8, delete-dir
2025-10-10 11:53:20,568 [HandlerDaemon-1] INFO  server.RaftServer (RaftServerProxy.java:remove(117)) - s3: remove    LEADER (RUNNING): s3@group-C0E65F787AE8:t1, leader=s3, voted=s3, raftlog=Memoized:s3@group-C0E65F787AE8-SegmentedRaftLog:OPENED:c0:last(t:1, i:0), conf=conf: {index: 0, cur=peers:[s3, s4, s0, s1, s2]|listeners:[], old=null}
2025-10-10 11:53:20,568 [HandlerDaemon-1] INFO  server.RaftServer$Division (RaftServerImpl.java:lambda$close$1(528)) - s3@group-C0E65F787AE8: shutdown
2025-10-10 11:53:20,568 [HandlerDaemon-1] INFO  util.JmxRegister (JmxRegister.java:unregister(74)) - Successfully un-registered JMX Bean with object name Ratis:service=RaftServer,group=group-C0E65F787AE8,id=s3
2025-10-10 11:53:20,568 [HandlerDaemon-1] INFO  impl.RoleInfo (RoleInfo.java:shutdownLeaderState(103)) - s3: shutdown s3@group-C0E65F787AE8-LeaderStateImpl
2025-10-10 11:53:20,568 [s3@group-C0E65F787AE8->s4-LogAppenderDefault-LogAppenderDaemon] INFO  leader.LogAppenderDaemon (LogAppenderDaemon.java:run(85)) - s3@group-C0E65F787AE8->s4-LogAppenderDefault-LogAppenderDaemon was interrupted: java.lang.InterruptedException
2025-10-10 11:53:20,568 [HandlerDaemon-1] INFO  impl.PendingRequests (PendingRequests.java:sendNotLeaderResponses(281)) - s3@group-C0E65F787AE8-PendingRequests: sendNotLeaderResponses
2025-10-10 11:53:20,568 [s3@group-C0E65F787AE8->s2-LogAppenderDefault-LogAppenderDaemon] INFO  leader.LogAppenderDaemon (LogAppenderDaemon.java:run(85)) - s3@group-C0E65F787AE8->s2-LogAppenderDefault-LogAppenderDaemon was interrupted: java.lang.InterruptedException
2025-10-10 11:53:20,568 [s3@group-C0E65F787AE8->s1-LogAppenderDefault-LogAppenderDaemon] INFO  leader.LogAppenderDaemon (LogAppenderDaemon.java:run(85)) - s3@group-C0E65F787AE8->s1-LogAppenderDefault-LogAppenderDaemon was interrupted: java.lang.InterruptedException
2025-10-10 11:53:20,568 [s3@group-C0E65F787AE8->s0-LogAppenderDefault-LogAppenderDaemon] INFO  leader.LogAppenderDaemon (LogAppenderDaemon.java:run(85)) - s3@group-C0E65F787AE8->s0-LogAppenderDefault-LogAppenderDaemon was interrupted: java.lang.InterruptedException
2025-10-10 11:53:20,569 [HandlerDaemon-1] INFO  impl.StateMachineUpdater (StateMachineUpdater.java:stopAndJoin(163)) - s3@group-C0E65F787AE8-StateMachineUpdater: set stopIndex = 0
2025-10-10 11:53:20,569 [s3@group-C0E65F787AE8-StateMachineUpdater] INFO  impl.StateMachineUpdater (StateMachineUpdater.java:stop(140)) - s3@group-C0E65F787AE8-StateMachineUpdater: closing BaseStateMachine, lastApplied=(t:1, i:0)
2025-10-10 11:53:20,569 [s3@group-C0E65F787AE8-cacheEviction-AwaitToRun] INFO  util.AwaitToRun (AwaitToRun.java:run(49)) - s3@group-C0E65F787AE8-cacheEviction-AwaitToRun-AwaitForSignal is interrupted
2025-10-10 11:53:21,066 [HandlerDaemon-1] INFO  segmented.SegmentedRaftLogWorker (SegmentedRaftLogWorker.java:close(254)) - s3@group-C0E65F787AE8-SegmentedRaftLogWorker close()
2025-10-10 11:53:21,066 [HandlerDaemon-1] TRACE util.FileUtils (FileUtils.java:deleteFully(355)) - deleteFully /home/runner/work/ratis/ratis/ratis-test/target/test/data/319b119c/MiniRaftClusterWithSimulatedRpcdcda50c5/s3/66c9739c-f39b-457b-b086-c0e65f787ae8
2025-10-10 11:53:21,067 [HandlerDaemon-1] TRACE util.FileUtils (LogUtils.java:runAndLog(49)) - Successfully ran Files.delete /home/runner/work/ratis/ratis/ratis-test/target/test/data/319b119c/MiniRaftClusterWithSimulatedRpcdcda50c5/s3/66c9739c-f39b-457b-b086-c0e65f787ae8/current/raft-meta
2025-10-10 11:53:21,067 [HandlerDaemon-1] TRACE util.FileUtils (LogUtils.java:runAndLog(49)) - Successfully ran Files.delete /home/runner/work/ratis/ratis/ratis-test/target/test/data/319b119c/MiniRaftClusterWithSimulatedRpcdcda50c5/s3/66c9739c-f39b-457b-b086-c0e65f787ae8/current/raft-meta.conf
2025-10-10 11:53:21,067 [HandlerDaemon-1] TRACE util.FileUtils (LogUtils.java:runAndLog(49)) - Successfully ran Files.delete /home/runner/work/ratis/ratis/ratis-test/target/test/data/319b119c/MiniRaftClusterWithSimulatedRpcdcda50c5/s3/66c9739c-f39b-457b-b086-c0e65f787ae8/current/log_inprogress_0
2025-10-10 11:53:21,067 [HandlerDaemon-1] TRACE util.FileUtils (LogUtils.java:runAndLog(49)) - Successfully ran Files.delete /home/runner/work/ratis/ratis/ratis-test/target/test/data/319b119c/MiniRaftClusterWithSimulatedRpcdcda50c5/s3/66c9739c-f39b-457b-b086-c0e65f787ae8/current
2025-10-10 11:53:21,067 [HandlerDaemon-1] TRACE util.FileUtils (LogUtils.java:runAndLog(49)) - Successfully ran Files.delete /home/runner/work/ratis/ratis/ratis-test/target/test/data/319b119c/MiniRaftClusterWithSimulatedRpcdcda50c5/s3/66c9739c-f39b-457b-b086-c0e65f787ae8/sm
2025-10-10 11:53:21,067 [HandlerDaemon-1] TRACE util.FileUtils (LogUtils.java:runAndLog(49)) - Successfully ran Files.delete /home/runner/work/ratis/ratis/ratis-test/target/test/data/319b119c/MiniRaftClusterWithSimulatedRpcdcda50c5/s3/66c9739c-f39b-457b-b086-c0e65f787ae8/in_use.lock
2025-10-10 11:53:21,068 [HandlerDaemon-1] TRACE util.FileUtils (LogUtils.java:runAndLog(49)) - Successfully ran Files.delete /home/runner/work/ratis/ratis/ratis-test/target/test/data/319b119c/MiniRaftClusterWithSimulatedRpcdcda50c5/s3/66c9739c-f39b-457b-b086-c0e65f787ae8
2025-10-10 11:53:21,068 [HandlerDaemon-1] INFO  server.RaftServer$Division (RaftServerImpl.java:groupRemove(498)) - s3@group-C0E65F787AE8: Succeed to remove RaftStorageDirectory Storage Directory /home/runner/work/ratis/ratis/ratis-test/target/test/data/319b119c/MiniRaftClusterWithSimulatedRpcdcda50c5/s3/66c9739c-f39b-457b-b086-c0e65f787ae8
2025-10-10 11:53:21,068 [main] DEBUG client.RaftClient (RaftClientImpl.java:close(465)) - close client-AB3EC6C1D23E
2025-10-10 11:53:21,069 [main] DEBUG client.RaftClient (RaftClientImpl.java:newRequest(95)) - attempt #1, newRequest GroupManagementRequest:client-9842239E8609->s4@group-C0E65F787AE8, cid=353, seq=null, RW, null, Remove:group-C0E65F787AE8, delete-dir
2025-10-10 11:53:21,069 [HandlerDaemon-1] INFO  server.RaftServer (RaftServerProxy.java:remove(117)) - s4: remove  FOLLOWER (RUNNING): s4@group-C0E65F787AE8:t1, leader=s3, voted=s3, raftlog=Memoized:s4@group-C0E65F787AE8-SegmentedRaftLog:OPENED:c0:last(t:1, i:0), conf=conf: {index: 0, cur=peers:[s3|, s4|, s0|, s1|, s2|]|listeners:[], old=null}
2025-10-10 11:53:21,069 [HandlerDaemon-1] INFO  server.RaftServer$Division (RaftServerImpl.java:lambda$close$1(528)) - s4@group-C0E65F787AE8: shutdown
2025-10-10 11:53:21,069 [HandlerDaemon-1] INFO  util.JmxRegister (JmxRegister.java:unregister(74)) - Successfully un-registered JMX Bean with object name Ratis:service=RaftServer,group=group-C0E65F787AE8,id=s4
2025-10-10 11:53:21,069 [HandlerDaemon-1] INFO  impl.RoleInfo (RoleInfo.java:shutdownFollowerState(121)) - s4: shutdown s4@group-C0E65F787AE8-FollowerState
2025-10-10 11:53:21,069 [HandlerDaemon-1] INFO  impl.StateMachineUpdater (StateMachineUpdater.java:stopAndJoin(163)) - s4@group-C0E65F787AE8-StateMachineUpdater: set stopIndex = 0
2025-10-10 11:53:21,069 [s4@group-C0E65F787AE8-FollowerState] INFO  impl.FollowerState (FollowerState.java:runImpl(170)) - s4@group-C0E65F787AE8-FollowerState was interrupted
2025-10-10 11:53:21,069 [s4@group-C0E65F787AE8-StateMachineUpdater] INFO  impl.StateMachineUpdater (StateMachineUpdater.java:stop(140)) - s4@group-C0E65F787AE8-StateMachineUpdater: closing BaseStateMachine, lastApplied=(t:1, i:0)
2025-10-10 11:53:21,070 [s4@group-C0E65F787AE8-cacheEviction-AwaitToRun] INFO  util.AwaitToRun (AwaitToRun.java:run(49)) - s4@group-C0E65F787AE8-cacheEviction-AwaitToRun-AwaitForSignal is interrupted
2025-10-10 11:53:22,068 [s2@group-C0E65F787AE8-FollowerState] INFO  impl.FollowerState (FollowerState.java:runImpl(161)) - s2@group-C0E65F787AE8-FollowerState: change to CANDIDATE, lastRpcElapsedTime:2239898821ns, electionTimeout:1796ms
2025-10-10 11:53:22,069 [s2@group-C0E65F787AE8-FollowerState] INFO  impl.RoleInfo (RoleInfo.java:shutdownFollowerState(121)) - s2: shutdown s2@group-C0E65F787AE8-FollowerState
2025-10-10 11:53:22,069 [s2@group-C0E65F787AE8-FollowerState] INFO  server.RaftServer$Division (RaftServerImpl.java:setRole(393)) - s2@group-C0E65F787AE8: changes role from  FOLLOWER to CANDIDATE at term 1 for changeToCandidate
2025-10-10 11:53:22,069 [s2@group-C0E65F787AE8-FollowerState] INFO  impl.RoleInfo (RoleInfo.java:updateAndGet(148)) - s2: start s2@group-C0E65F787AE8-LeaderElection12
2025-10-10 11:53:22,069 [s2@group-C0E65F787AE8-LeaderElection12] INFO  server.RaftServer$Division (ServerState.java:setLeader(278)) - s2@group-C0E65F787AE8: change Leader from s3 to null at term 1 for PRE_VOTE
2025-10-10 11:53:22,069 [s2@group-C0E65F787AE8-LeaderElection12] INFO  impl.LeaderElection (LeaderElection.java:askForVotes(448)) - s2@group-C0E65F787AE8-LeaderElection12 PRE_VOTE round 0: submit vote requests at term 1 for conf: {index: 0, cur=peers:[s3|, s4|, s0|, s1|, s2|]|listeners:[], old=null}
2025-10-10 11:53:22,070 [HandlerDaemon-1] INFO  server.RaftServer$Division (RaftServerImpl.java:requestVote(1434)) - s1@group-C0E65F787AE8: receive requestVote(PRE_VOTE, s2, group-C0E65F787AE8, 1, (t:1, i:0))
2025-10-10 11:53:22,070 [HandlerDaemon-1] INFO  server.RaftServer$Division (RaftServerImpl.java:requestVote(1434)) - s0@group-C0E65F787AE8: receive requestVote(PRE_VOTE, s2, group-C0E65F787AE8, 1, (t:1, i:0))
2025-10-10 11:53:22,071 [s2@group-C0E65F787AE8-LeaderElection12] INFO  impl.LeaderElection (LogUtils.java:infoOrTrace(142)) - s2@group-C0E65F787AE8-LeaderElection12 got exception when requesting votes: java.util.concurrent.ExecutionException: org.apache.ratis.protocol.exceptions.GroupMismatchException: s3: group-C0E65F787AE8 not found.
2025-10-10 11:53:22,071 [HandlerDaemon-1] INFO  impl.VoteContext (VoteContext.java:log(49)) - s0@group-C0E65F787AE8-FOLLOWER: accept PRE_VOTE from s2: our priority 0 <= candidate's priority 0
2025-10-10 11:53:22,071 [s2@group-C0E65F787AE8-LeaderElection12] INFO  impl.LeaderElection (LogUtils.java:infoOrTrace(142)) - s2@group-C0E65F787AE8-LeaderElection12 got exception when requesting votes: java.util.concurrent.ExecutionException: org.apache.ratis.protocol.exceptions.GroupMismatchException: s4: group-C0E65F787AE8 not found.
2025-10-10 11:53:22,071 [HandlerDaemon-1] INFO  server.RaftServer$Division (RaftServerImpl.java:requestVote(1468)) - s0@group-C0E65F787AE8 replies to PRE_VOTE vote request: s2<-s0#0:OK-t1-last:(t:1, i:0). Peer's state: s0@group-C0E65F787AE8:t1, leader=s3, voted=s3, raftlog=Memoized:s0@group-C0E65F787AE8-SegmentedRaftLog:OPENED:c0:last(t:1, i:0), conf=conf: {index: 0, cur=peers:[s3|, s4|, s0|, s1|, s2|]|listeners:[], old=null}
2025-10-10 11:53:22,071 [HandlerDaemon-1] INFO  segmented.SegmentedRaftLogWorker (SegmentedRaftLogWorker.java:close(254)) - s4@group-C0E65F787AE8-SegmentedRaftLogWorker close()
2025-10-10 11:53:22,071 [HandlerDaemon-1] INFO  impl.VoteContext (VoteContext.java:log(49)) - s1@group-C0E65F787AE8-FOLLOWER: accept PRE_VOTE from s2: our priority 0 <= candidate's priority 0
2025-10-10 11:53:22,072 [HandlerDaemon-1] INFO  server.RaftServer$Division (RaftServerImpl.java:requestVote(1468)) - s1@group-C0E65F787AE8 replies to PRE_VOTE vote request: s2<-s1#0:OK-t1-last:(t:1, i:0). Peer's state: s1@group-C0E65F787AE8:t1, leader=s3, voted=s3, raftlog=Memoized:s1@group-C0E65F787AE8-SegmentedRaftLog:OPENED:c0:last(t:1, i:0), conf=conf: {index: 0, cur=peers:[s3|, s4|, s0|, s1|, s2|]|listeners:[], old=null}
2025-10-10 11:53:22,072 [s2@group-C0E65F787AE8-LeaderElection12] INFO  impl.LeaderElection (LeaderElection.java:logAndReturn(206)) - s2@group-C0E65F787AE8-LeaderElection12: PRE_VOTE PASSED received 2 response(s) and 2 exception(s):
2025-10-10 11:53:22,072 [s2@group-C0E65F787AE8-LeaderElection12] INFO  impl.LeaderElection (LeaderElection.java:logAndReturn(210)) -   Response 0: s2<-s0#0:OK-t1-last:(t:1, i:0)
2025-10-10 11:53:22,072 [s2@group-C0E65F787AE8-LeaderElection12] INFO  impl.LeaderElection (LeaderElection.java:logAndReturn(210)) -   Response 1: s2<-s1#0:OK-t1-last:(t:1, i:0)
2025-10-10 11:53:22,072 [HandlerDaemon-1] TRACE util.FileUtils (FileUtils.java:deleteFully(355)) - deleteFully /home/runner/work/ratis/ratis/ratis-test/target/test/data/319b119c/MiniRaftClusterWithSimulatedRpcdcda50c5/s4/66c9739c-f39b-457b-b086-c0e65f787ae8
2025-10-10 11:53:22,073 [s2@group-C0E65F787AE8-LeaderElection12] INFO  impl.LeaderElection (LogUtils.java:infoOrTrace(142)) -   Exception 2: java.util.concurrent.ExecutionException: org.apache.ratis.protocol.exceptions.GroupMismatchException: s3: group-C0E65F787AE8 not found.
2025-10-10 11:53:22,073 [s2@group-C0E65F787AE8-LeaderElection12] INFO  impl.LeaderElection (LogUtils.java:infoOrTrace(142)) -   Exception 3: java.util.concurrent.ExecutionException: org.apache.ratis.protocol.exceptions.GroupMismatchException: s4: group-C0E65F787AE8 not found.
2025-10-10 11:53:22,073 [HandlerDaemon-1] TRACE util.FileUtils (LogUtils.java:runAndLog(49)) - Successfully ran Files.delete /home/runner/work/ratis/ratis/ratis-test/target/test/data/319b119c/MiniRaftClusterWithSimulatedRpcdcda50c5/s4/66c9739c-f39b-457b-b086-c0e65f787ae8/current/raft-meta
2025-10-10 11:53:22,073 [HandlerDaemon-1] TRACE util.FileUtils (LogUtils.java:runAndLog(49)) - Successfully ran Files.delete /home/runner/work/ratis/ratis/ratis-test/target/test/data/319b119c/MiniRaftClusterWithSimulatedRpcdcda50c5/s4/66c9739c-f39b-457b-b086-c0e65f787ae8/current/raft-meta.conf
2025-10-10 11:53:22,073 [s2@group-C0E65F787AE8-LeaderElection12] INFO  impl.LeaderElection (LeaderElection.java:askForVotes(450)) - s2@group-C0E65F787AE8-LeaderElection12 PRE_VOTE round 0: result PASSED
2025-10-10 11:53:22,073 [HandlerDaemon-1] TRACE util.FileUtils (LogUtils.java:runAndLog(49)) - Successfully ran Files.delete /home/runner/work/ratis/ratis/ratis-test/target/test/data/319b119c/MiniRaftClusterWithSimulatedRpcdcda50c5/s4/66c9739c-f39b-457b-b086-c0e65f787ae8/current/log_inprogress_0
2025-10-10 11:53:22,073 [s2@group-C0E65F787AE8-LeaderElection12] TRACE util.FileUtils (LogUtils.java:supplyAndLog(69)) - Successfully supplied FileChannel.open /home/runner/work/ratis/ratis/ratis-test/target/test/data/319b119c/MiniRaftClusterWithSimulatedRpcdcda50c5/s2/66c9739c-f39b-457b-b086-c0e65f787ae8/current/raft-meta.tmp with options [CREATE, TRUNCATE_EXISTING, WRITE]: sun.nio.ch.FileChannelImpl@ce8bc40
2025-10-10 11:53:22,073 [HandlerDaemon-1] TRACE util.FileUtils (LogUtils.java:runAndLog(49)) - Successfully ran Files.delete /home/runner/work/ratis/ratis/ratis-test/target/test/data/319b119c/MiniRaftClusterWithSimulatedRpcdcda50c5/s4/66c9739c-f39b-457b-b086-c0e65f787ae8/current
2025-10-10 11:53:22,074 [HandlerDaemon-1] TRACE util.FileUtils (LogUtils.java:runAndLog(49)) - Successfully ran Files.delete /home/runner/work/ratis/ratis/ratis-test/target/test/data/319b119c/MiniRaftClusterWithSimulatedRpcdcda50c5/s4/66c9739c-f39b-457b-b086-c0e65f787ae8/sm
2025-10-10 11:53:22,074 [HandlerDaemon-1] TRACE util.FileUtils (LogUtils.java:runAndLog(49)) - Successfully ran Files.delete /home/runner/work/ratis/ratis/ratis-test/target/test/data/319b119c/MiniRaftClusterWithSimulatedRpcdcda50c5/s4/66c9739c-f39b-457b-b086-c0e65f787ae8/in_use.lock
2025-10-10 11:53:22,074 [HandlerDaemon-1] TRACE util.FileUtils (LogUtils.java:runAndLog(49)) - Successfully ran Files.delete /home/runner/work/ratis/ratis/ratis-test/target/test/data/319b119c/MiniRaftClusterWithSimulatedRpcdcda50c5/s4/66c9739c-f39b-457b-b086-c0e65f787ae8
2025-10-10 11:53:22,074 [HandlerDaemon-1] INFO  server.RaftServer$Division (RaftServerImpl.java:groupRemove(498)) - s4@group-C0E65F787AE8: Succeed to remove RaftStorageDirectory Storage Directory /home/runner/work/ratis/ratis/ratis-test/target/test/data/319b119c/MiniRaftClusterWithSimulatedRpcdcda50c5/s4/66c9739c-f39b-457b-b086-c0e65f787ae8
2025-10-10 11:53:22,074 [s2@group-C0E65F787AE8-LeaderElection12] TRACE util.FileUtils (LogUtils.java:runAndLog(49)) - Successfully ran Atomic Files.move /home/runner/work/ratis/ratis/ratis-test/target/test/data/319b119c/MiniRaftClusterWithSimulatedRpcdcda50c5/s2/66c9739c-f39b-457b-b086-c0e65f787ae8/current/raft-meta.tmp to /home/runner/work/ratis/ratis/ratis-test/target/test/data/319b119c/MiniRaftClusterWithSimulatedRpcdcda50c5/s2/66c9739c-f39b-457b-b086-c0e65f787ae8/current/raft-meta with options [REPLACE_EXISTING]
2025-10-10 11:53:22,075 [s2@group-C0E65F787AE8-LeaderElection12] INFO  impl.LeaderElection (LeaderElection.java:askForVotes(448)) - s2@group-C0E65F787AE8-LeaderElection12 ELECTION round 0: submit vote requests at term 2 for conf: {index: 0, cur=peers:[s3|, s4|, s0|, s1|, s2|]|listeners:[], old=null}
2025-10-10 11:53:22,075 [main] DEBUG client.RaftClient (RaftClientImpl.java:close(465)) - close client-9842239E8609
2025-10-10 11:53:22,075 [HandlerDaemon-2] INFO  server.RaftServer$Division (RaftServerImpl.java:requestVote(1434)) - s0@group-C0E65F787AE8: receive requestVote(ELECTION, s2, group-C0E65F787AE8, 2, (t:1, i:0))
2025-10-10 11:53:22,075 [HandlerDaemon-2] INFO  impl.VoteContext (VoteContext.java:log(49)) - s0@group-C0E65F787AE8-FOLLOWER: accept ELECTION from s2: our priority 0 <= candidate's priority 0
2025-10-10 11:53:22,075 [main] DEBUG client.RaftClient (RaftClientImpl.java:newRequest(95)) - attempt #1, newRequest GroupManagementRequest:client-668051DC300B->s0@group-C0E65F787AE8, cid=358, seq=null, RW, null, Remove:group-C0E65F787AE8, delete-dir
2025-10-10 11:53:22,075 [s2@group-C0E65F787AE8-LeaderElection12] INFO  impl.LeaderElection (LogUtils.java:infoOrTrace(142)) - s2@group-C0E65F787AE8-LeaderElection12 got exception when requesting votes: java.util.concurrent.ExecutionException: org.apache.ratis.protocol.exceptions.GroupMismatchException: s4: group-C0E65F787AE8 not found.
2025-10-10 11:53:22,076 [s2@group-C0E65F787AE8-LeaderElection12] INFO  impl.LeaderElection (LogUtils.java:infoOrTrace(142)) - s2@group-C0E65F787AE8-LeaderElection12 got exception when requesting votes: java.util.concurrent.ExecutionException: org.apache.ratis.protocol.exceptions.GroupMismatchException: s3: group-C0E65F787AE8 not found.
2025-10-10 11:53:22,076 [HandlerDaemon-2] INFO  server.RaftServer$Division (RaftServerImpl.java:requestVote(1434)) - s1@group-C0E65F787AE8: receive requestVote(ELECTION, s2, group-C0E65F787AE8, 2, (t:1, i:0))
2025-10-10 11:53:22,076 [HandlerDaemon-2] INFO  impl.VoteContext (VoteContext.java:log(49)) - s1@group-C0E65F787AE8-FOLLOWER: accept ELECTION from s2: our priority 0 <= candidate's priority 0
2025-10-10 11:53:22,076 [HandlerDaemon-2] INFO  server.RaftServer$Division (RaftServerImpl.java:setRole(393)) - s1@group-C0E65F787AE8: changes role from  FOLLOWER to FOLLOWER at term 1 for candidate:s2
2025-10-10 11:53:22,076 [HandlerDaemon-2] INFO  server.RaftServer$Division (RaftServerImpl.java:setRole(393)) - s0@group-C0E65F787AE8: changes role from  FOLLOWER to FOLLOWER at term 1 for candidate:s2
2025-10-10 11:53:22,077 [HandlerDaemon-2] INFO  impl.RoleInfo (RoleInfo.java:shutdownFollowerState(121)) - s0: shutdown s0@group-C0E65F787AE8-FollowerState
2025-10-10 11:53:22,077 [HandlerDaemon-2] INFO  server.RaftServer$Division (ServerState.java:setLeader(278)) - s0@group-C0E65F787AE8: change Leader from s3 to null at term 2 for updateCurrentTerm
2025-10-10 11:53:22,077 [s0@group-C0E65F787AE8-FollowerState] INFO  impl.FollowerState (FollowerState.java:runImpl(170)) - s0@group-C0E65F787AE8-FollowerState was interrupted
2025-10-10 11:53:22,076 [HandlerDaemon-2] INFO  impl.RoleInfo (RoleInfo.java:shutdownFollowerState(121)) - s1: shutdown s1@group-C0E65F787AE8-FollowerState
2025-10-10 11:53:22,077 [HandlerDaemon-2] INFO  server.RaftServer$Division (ServerState.java:setLeader(278)) - s1@group-C0E65F787AE8: change Leader from s3 to null at term 2 for updateCurrentTerm
2025-10-10 11:53:22,077 [HandlerDaemon-2] INFO  impl.RoleInfo (RoleInfo.java:updateAndGet(148)) - s1: start s1@group-C0E65F787AE8-FollowerState
2025-10-10 11:53:22,077 [s1@group-C0E65F787AE8-FollowerState] INFO  impl.FollowerState (FollowerState.java:runImpl(170)) - s1@group-C0E65F787AE8-FollowerState was interrupted
2025-10-10 11:53:22,076 [HandlerDaemon-1] INFO  server.RaftServer (RaftServerProxy.java:remove(117)) - s0: remove  FOLLOWER (RUNNING): s0@group-C0E65F787AE8:t1, leader=s3, voted=s3, raftlog=Memoized:s0@group-C0E65F787AE8-SegmentedRaftLog:OPENED:c0:last(t:1, i:0), conf=conf: {index: 0, cur=peers:[s3|, s4|, s0|, s1|, s2|]|listeners:[], old=null}
2025-10-10 11:53:22,077 [HandlerDaemon-1] INFO  server.RaftServer$Division (RaftServerImpl.java:lambda$close$1(528)) - s0@group-C0E65F787AE8: shutdown
2025-10-10 11:53:22,077 [HandlerDaemon-1] INFO  util.JmxRegister (JmxRegister.java:unregister(74)) - Successfully un-registered JMX Bean with object name Ratis:service=RaftServer,group=group-C0E65F787AE8,id=s0
2025-10-10 11:53:22,078 [HandlerDaemon-1] INFO  impl.RoleInfo (RoleInfo.java:shutdownFollowerState(121)) - s0: shutdown s0@group-C0E65F787AE8-FollowerState
2025-10-10 11:53:22,077 [HandlerDaemon-2] TRACE util.FileUtils (LogUtils.java:supplyAndLog(69)) - Successfully supplied FileChannel.open /home/runner/work/ratis/ratis/ratis-test/target/test/data/319b119c/MiniRaftClusterWithSimulatedRpcdcda50c5/s1/66c9739c-f39b-457b-b086-c0e65f787ae8/current/raft-meta.tmp with options [CREATE, TRUNCATE_EXISTING, WRITE]: sun.nio.ch.FileChannelImpl@7adea437
2025-10-10 11:53:22,078 [s0@group-C0E65F787AE8-StateMachineUpdater] INFO  impl.StateMachineUpdater (StateMachineUpdater.java:stop(140)) - s0@group-C0E65F787AE8-StateMachineUpdater: closing BaseStateMachine, lastApplied=(t:1, i:0)
2025-10-10 11:53:22,077 [HandlerDaemon-2] INFO  impl.RoleInfo (RoleInfo.java:updateAndGet(148)) - s0: start s0@group-C0E65F787AE8-FollowerState
2025-10-10 11:53:22,078 [HandlerDaemon-1] INFO  impl.StateMachineUpdater (StateMachineUpdater.java:stopAndJoin(163)) - s0@group-C0E65F787AE8-StateMachineUpdater: set stopIndex = 0
2025-10-10 11:53:22,078 [s0@group-C0E65F787AE8-FollowerState] INFO  impl.FollowerState (FollowerState.java:shouldRun(122)) - s0@group-C0E65F787AE8-FollowerState: Stopping now (isRunning? false, role = FOLLOWER)
2025-10-10 11:53:22,078 [HandlerDaemon-2] TRACE util.FileUtils (LogUtils.java:supplyAndLog(69)) - Successfully supplied FileChannel.open /home/runner/work/ratis/ratis/ratis-test/target/test/data/319b119c/MiniRaftClusterWithSimulatedRpcdcda50c5/s0/66c9739c-f39b-457b-b086-c0e65f787ae8/current/raft-meta.tmp with options [CREATE, TRUNCATE_EXISTING, WRITE]: sun.nio.ch.FileChannelImpl@60ec3b6e
2025-10-10 11:53:22,079 [s0@group-C0E65F787AE8-cacheEviction-AwaitToRun] INFO  util.AwaitToRun (AwaitToRun.java:run(49)) - s0@group-C0E65F787AE8-cacheEviction-AwaitToRun-AwaitForSignal is interrupted
2025-10-10 11:53:22,079 [HandlerDaemon-2] TRACE util.FileUtils (LogUtils.java:runAndLog(49)) - Successfully ran Atomic Files.move /home/runner/work/ratis/ratis/ratis-test/target/test/data/319b119c/MiniRaftClusterWithSimulatedRpcdcda50c5/s1/66c9739c-f39b-457b-b086-c0e65f787ae8/current/raft-meta.tmp to /home/runner/work/ratis/ratis/ratis-test/target/test/data/319b119c/MiniRaftClusterWithSimulatedRpcdcda50c5/s1/66c9739c-f39b-457b-b086-c0e65f787ae8/current/raft-meta with options [REPLACE_EXISTING]
2025-10-10 11:53:22,079 [HandlerDaemon-2] TRACE util.FileUtils (LogUtils.java:runAndLog(49)) - Successfully ran Atomic Files.move /home/runner/work/ratis/ratis/ratis-test/target/test/data/319b119c/MiniRaftClusterWithSimulatedRpcdcda50c5/s0/66c9739c-f39b-457b-b086-c0e65f787ae8/current/raft-meta.tmp to /home/runner/work/ratis/ratis/ratis-test/target/test/data/319b119c/MiniRaftClusterWithSimulatedRpcdcda50c5/s0/66c9739c-f39b-457b-b086-c0e65f787ae8/current/raft-meta with options [REPLACE_EXISTING]
2025-10-10 11:53:22,079 [HandlerDaemon-2] INFO  server.RaftServer$Division (RaftServerImpl.java:requestVote(1468)) - s1@group-C0E65F787AE8 replies to ELECTION vote request: s2<-s1#0:OK-t2-last:(t:1, i:0). Peer's state: s1@group-C0E65F787AE8:t2, leader=null, voted=s2, raftlog=Memoized:s1@group-C0E65F787AE8-SegmentedRaftLog:OPENED:c0:last(t:1, i:0), conf=conf: {index: 0, cur=peers:[s3|, s4|, s0|, s1|, s2|]|listeners:[], old=null}
2025-10-10 11:53:22,079 [HandlerDaemon-2] ERROR simulation.RequestHandler (ExitUtils.java:terminate(133)) - Terminating with exit status 1: s0.serverHandler2 is terminating.
java.lang.IllegalStateException: s0@group-C0E65F787AE8-SegmentedRaftLog is expected to be opened but it is CLOSED
	at org.apache.ratis.util.OpenCloseState.assertOpen(OpenCloseState.java:63)
	at org.apache.ratis.server.raftlog.RaftLogBase.checkLogState(RaftLogBase.java:113)
	at org.apache.ratis.server.raftlog.segmented.SegmentedRaftLog.getLastEntryTermIndex(SegmentedRaftLog.java:356)
	at org.apache.ratis.server.impl.ServerState.getLastEntry(ServerState.java:316)
	at org.apache.ratis.server.impl.RaftServerImpl.requestVote(RaftServerImpl.java:1466)
	at org.apache.ratis.server.impl.RaftServerImpl.requestVote(RaftServerImpl.java:1422)
	at org.apache.ratis.server.impl.RaftServerProxy.requestVote(RaftServerProxy.java:642)
	at org.apache.ratis.server.simulation.SimulatedServerRpc$1.handleRequest(SimulatedServerRpc.java:165)
	at org.apache.ratis.server.simulation.SimulatedServerRpc$1.handleRequest(SimulatedServerRpc.java:153)
	at org.apache.ratis.server.simulation.RequestHandler.handleRequest(RequestHandler.java:91)
	at org.apache.ratis.server.simulation.RequestHandler$HandlerDaemon.run(RequestHandler.java:125)
Caused by: org.apache.ratis.util.OpenCloseState$CloseTrace: Close s0@group-C0E65F787AE8-SegmentedRaftLog
	at org.apache.ratis.util.OpenCloseState.lambda$close$1(OpenCloseState.java:109)
	at java.util.concurrent.atomic.AtomicReference.getAndUpdate(AtomicReference.java:160)
	at org.apache.ratis.util.OpenCloseState.close(OpenCloseState.java:109)
	at org.apache.ratis.server.raftlog.RaftLogBase.close(RaftLogBase.java:394)
	at org.apache.ratis.server.raftlog.segmented.SegmentedRaftLog.close(SegmentedRaftLog.java:528)
	at org.apache.ratis.server.impl.ServerState.close(ServerState.java:440)
	at org.apache.ratis.server.impl.RaftServerImpl.lambda$close$1(RaftServerImpl.java:550)
	at org.apache.ratis.util.LifeCycle.lambda$checkStateAndClose$7(LifeCycle.java:309)
	at org.apache.ratis.util.LifeCycle.checkStateAndClose(LifeCycle.java:329)
	at org.apache.ratis.util.LifeCycle.checkStateAndClose(LifeCycle.java:307)
	at org.apache.ratis.server.impl.RaftServerImpl.close(RaftServerImpl.java:527)
	at org.apache.ratis.server.impl.RaftServerImpl.groupRemove(RaftServerImpl.java:485)
	at org.apache.ratis.server.impl.RaftServerProxy.lambda$groupRemoveAsync$15(RaftServerProxy.java:554)
	at java.util.concurrent.CompletableFuture.uniApply(CompletableFuture.java:616)
	at java.util.concurrent.CompletableFuture.uniApplyStage(CompletableFuture.java:628)
	at java.util.concurrent.CompletableFuture.thenApply(CompletableFuture.java:1996)
	at org.apache.ratis.server.impl.RaftServerProxy.groupRemoveAsync(RaftServerProxy.java:553)
	at org.apache.ratis.server.impl.RaftServerProxy.groupManagementAsync(RaftServerProxy.java:502)
	at org.apache.ratis.server.impl.RaftServerProxy.groupManagement(RaftServerProxy.java:482)
	at org.apache.ratis.server.simulation.SimulatedServerRpc$2.handleRequest(SimulatedServerRpc.java:189)
	at org.apache.ratis.server.simulation.SimulatedServerRpc$2.handleRequest(SimulatedServerRpc.java:177)
	... 2 more
2025-10-10 11:53:23,070 [HandlerDaemon-1] INFO  segmented.SegmentedRaftLogWorker (SegmentedRaftLogWorker.java:close(254)) - s0@group-C0E65F787AE8-SegmentedRaftLogWorker close()
2025-10-10 11:53:23,071 [HandlerDaemon-1] TRACE util.FileUtils (FileUtils.java:deleteFully(355)) - deleteFully /home/runner/work/ratis/ratis/ratis-test/target/test/data/319b119c/MiniRaftClusterWithSimulatedRpcdcda50c5/s0/66c9739c-f39b-457b-b086-c0e65f787ae8
2025-10-10 11:53:23,071 [HandlerDaemon-1] TRACE util.FileUtils (LogUtils.java:runAndLog(49)) - Successfully ran Files.delete /home/runner/work/ratis/ratis/ratis-test/target/test/data/319b119c/MiniRaftClusterWithSimulatedRpcdcda50c5/s0/66c9739c-f39b-457b-b086-c0e65f787ae8/current/raft-meta
2025-10-10 11:53:23,071 [HandlerDaemon-1] TRACE util.FileUtils (LogUtils.java:runAndLog(49)) - Successfully ran Files.delete /home/runner/work/ratis/ratis/ratis-test/target/test/data/319b119c/MiniRaftClusterWithSimulatedRpcdcda50c5/s0/66c9739c-f39b-457b-b086-c0e65f787ae8/current/raft-meta.conf
2025-10-10 11:53:23,071 [HandlerDaemon-1] TRACE util.FileUtils (LogUtils.java:runAndLog(49)) - Successfully ran Files.delete /home/runner/work/ratis/ratis/ratis-test/target/test/data/319b119c/MiniRaftClusterWithSimulatedRpcdcda50c5/s0/66c9739c-f39b-457b-b086-c0e65f787ae8/current/log_inprogress_0
2025-10-10 11:53:23,072 [HandlerDaemon-1] TRACE util.FileUtils (LogUtils.java:runAndLog(49)) - Successfully ran Files.delete /home/runner/work/ratis/ratis/ratis-test/target/test/data/319b119c/MiniRaftClusterWithSimulatedRpcdcda50c5/s0/66c9739c-f39b-457b-b086-c0e65f787ae8/current
2025-10-10 11:53:23,072 [HandlerDaemon-1] TRACE util.FileUtils (LogUtils.java:runAndLog(49)) - Successfully ran Files.delete /home/runner/work/ratis/ratis/ratis-test/target/test/data/319b119c/MiniRaftClusterWithSimulatedRpcdcda50c5/s0/66c9739c-f39b-457b-b086-c0e65f787ae8/sm
2025-10-10 11:53:23,072 [HandlerDaemon-1] TRACE util.FileUtils (LogUtils.java:runAndLog(49)) - Successfully ran Files.delete /home/runner/work/ratis/ratis/ratis-test/target/test/data/319b119c/MiniRaftClusterWithSimulatedRpcdcda50c5/s0/66c9739c-f39b-457b-b086-c0e65f787ae8/in_use.lock
2025-10-10 11:53:23,072 [HandlerDaemon-1] TRACE util.FileUtils (LogUtils.java:runAndLog(49)) - Successfully ran Files.delete /home/runner/work/ratis/ratis/ratis-test/target/test/data/319b119c/MiniRaftClusterWithSimulatedRpcdcda50c5/s0/66c9739c-f39b-457b-b086-c0e65f787ae8
2025-10-10 11:53:23,072 [HandlerDaemon-1] INFO  server.RaftServer$Division (RaftServerImpl.java:groupRemove(498)) - s0@group-C0E65F787AE8: Succeed to remove RaftStorageDirectory Storage Directory /home/runner/work/ratis/ratis/ratis-test/target/test/data/319b119c/MiniRaftClusterWithSimulatedRpcdcda50c5/s0/66c9739c-f39b-457b-b086-c0e65f787ae8
2025-10-10 11:53:23,073 [main] DEBUG client.RaftClient (RaftClientImpl.java:close(465)) - close client-668051DC300B
2025-10-10 11:53:23,073 [main] DEBUG client.RaftClient (RaftClientImpl.java:newRequest(95)) - attempt #1, newRequest GroupManagementRequest:client-396815AC9850->s1@group-C0E65F787AE8, cid=367, seq=null, RW, null, Remove:group-C0E65F787AE8, delete-dir
2025-10-10 11:53:23,074 [HandlerDaemon-1] INFO  server.RaftServer (RaftServerProxy.java:remove(117)) - s1: remove  FOLLOWER (RUNNING): s1@group-C0E65F787AE8:t2, leader=null, voted=s2, raftlog=Memoized:s1@group-C0E65F787AE8-SegmentedRaftLog:OPENED:c0:last(t:1, i:0), conf=conf: {index: 0, cur=peers:[s3|, s4|, s0|, s1|, s2|]|listeners:[], old=null}
2025-10-10 11:53:23,074 [HandlerDaemon-1] INFO  server.RaftServer$Division (RaftServerImpl.java:lambda$close$1(528)) - s1@group-C0E65F787AE8: shutdown
2025-10-10 11:53:23,074 [HandlerDaemon-1] INFO  util.JmxRegister (JmxRegister.java:unregister(74)) - Successfully un-registered JMX Bean with object name Ratis:service=RaftServer,group=group-C0E65F787AE8,id=s1
2025-10-10 11:53:23,074 [HandlerDaemon-1] INFO  impl.RoleInfo (RoleInfo.java:shutdownFollowerState(121)) - s1: shutdown s1@group-C0E65F787AE8-FollowerState
2025-10-10 11:53:23,074 [HandlerDaemon-1] INFO  impl.StateMachineUpdater (StateMachineUpdater.java:stopAndJoin(163)) - s1@group-C0E65F787AE8-StateMachineUpdater: set stopIndex = 0
2025-10-10 11:53:23,074 [s1@group-C0E65F787AE8-FollowerState] INFO  impl.FollowerState (FollowerState.java:runImpl(170)) - s1@group-C0E65F787AE8-FollowerState was interrupted
2025-10-10 11:53:23,074 [s1@group-C0E65F787AE8-StateMachineUpdater] INFO  impl.StateMachineUpdater (StateMachineUpdater.java:stop(140)) - s1@group-C0E65F787AE8-StateMachineUpdater: closing BaseStateMachine, lastApplied=(t:1, i:0)
2025-10-10 11:53:23,074 [s1@group-C0E65F787AE8-cacheEviction-AwaitToRun] INFO  util.AwaitToRun (AwaitToRun.java:run(49)) - s1@group-C0E65F787AE8-cacheEviction-AwaitToRun-AwaitForSignal is interrupted
2025-10-10 11:53:23,802 [s2@group-C0E65F787AE8-LeaderElection12] INFO  impl.LeaderElection (LeaderElection.java:logAndReturn(206)) - s2@group-C0E65F787AE8-LeaderElection12: ELECTION TIMEOUT received 1 response(s) and 2 exception(s):
2025-10-10 11:53:23,802 [s2@group-C0E65F787AE8-LeaderElection12] INFO  impl.LeaderElection (LeaderElection.java:logAndReturn(210)) -   Response 0: s2<-s1#0:OK-t2-last:(t:1, i:0)
2025-10-10 11:53:23,802 [s2@group-C0E65F787AE8-LeaderElection12] INFO  impl.LeaderElection (LogUtils.java:infoOrTrace(142)) -   Exception 1: java.util.concurrent.ExecutionException: org.apache.ratis.protocol.exceptions.GroupMismatchException: s4: group-C0E65F787AE8 not found.
2025-10-10 11:53:23,802 [s2@group-C0E65F787AE8-LeaderElection12] INFO  impl.LeaderElection (LogUtils.java:infoOrTrace(142)) -   Exception 2: java.util.concurrent.ExecutionException: org.apache.ratis.protocol.exceptions.GroupMismatchException: s3: group-C0E65F787AE8 not found.
2025-10-10 11:53:23,802 [s2@group-C0E65F787AE8-LeaderElection12] INFO  impl.LeaderElection (LeaderElection.java:askForVotes(450)) - s2@group-C0E65F787AE8-LeaderElection12 ELECTION round 0: result TIMEOUT
2025-10-10 11:53:23,802 [s2@group-C0E65F787AE8-LeaderElection12] INFO  impl.LeaderElection (LeaderElection.java:askForVotes(448)) - s2@group-C0E65F787AE8-LeaderElection12 PRE_VOTE round 1: submit vote requests at term 2 for conf: {index: 0, cur=peers:[s3|, s4|, s0|, s1|, s2|]|listeners:[], old=null}
2025-10-10 11:53:23,803 [s2@group-C0E65F787AE8-LeaderElection12] INFO  impl.LeaderElection (LogUtils.java:infoOrTrace(142)) - s2@group-C0E65F787AE8-LeaderElection12 got exception when requesting votes: java.util.concurrent.ExecutionException: org.apache.ratis.protocol.exceptions.GroupMismatchException: s3: group-C0E65F787AE8 not found.
2025-10-10 11:53:23,803 [s2@group-C0E65F787AE8-LeaderElection12] INFO  impl.LeaderElection (LogUtils.java:infoOrTrace(142)) - s2@group-C0E65F787AE8-LeaderElection12 got exception when requesting votes: java.util.concurrent.ExecutionException: org.apache.ratis.protocol.exceptions.GroupMismatchException: s4: group-C0E65F787AE8 not found.
2025-10-10 11:53:23,803 [s2@group-C0E65F787AE8-LeaderElection12] INFO  impl.LeaderElection (LogUtils.java:infoOrTrace(142)) - s2@group-C0E65F787AE8-LeaderElection12 got exception when requesting votes: java.util.concurrent.ExecutionException: org.apache.ratis.protocol.exceptions.GroupMismatchException: s1: group-C0E65F787AE8 not found.
2025-10-10 11:53:23,803 [s2@group-C0E65F787AE8-LeaderElection12] INFO  impl.LeaderElection (LogUtils.java:infoOrTrace(142)) - s2@group-C0E65F787AE8-LeaderElection12 got exception when requesting votes: java.util.concurrent.ExecutionException: org.apache.ratis.protocol.exceptions.GroupMismatchException: s0: group-C0E65F787AE8 not found.
2025-10-10 11:53:23,803 [s2@group-C0E65F787AE8-LeaderElection12] INFO  impl.LeaderElection (LeaderElection.java:logAndReturn(206)) - s2@group-C0E65F787AE8-LeaderElection12: PRE_VOTE REJECTED received 0 response(s) and 4 exception(s):
2025-10-10 11:53:23,804 [s2@group-C0E65F787AE8-LeaderElection12] INFO  impl.LeaderElection (LogUtils.java:infoOrTrace(142)) -   Exception 0: java.util.concurrent.ExecutionException: org.apache.ratis.protocol.exceptions.GroupMismatchException: s3: group-C0E65F787AE8 not found.
2025-10-10 11:53:23,804 [s2@group-C0E65F787AE8-LeaderElection12] INFO  impl.LeaderElection (LogUtils.java:infoOrTrace(142)) -   Exception 1: java.util.concurrent.ExecutionException: org.apache.ratis.protocol.exceptions.GroupMismatchException: s4: group-C0E65F787AE8 not found.
2025-10-10 11:53:23,804 [s2@group-C0E65F787AE8-LeaderElection12] INFO  impl.LeaderElection (LogUtils.java:infoOrTrace(142)) -   Exception 2: java.util.concurrent.ExecutionException: org.apache.ratis.protocol.exceptions.GroupMismatchException: s1: group-C0E65F787AE8 not found.
2025-10-10 11:53:23,804 [s2@group-C0E65F787AE8-LeaderElection12] INFO  impl.LeaderElection (LogUtils.java:infoOrTrace(142)) -   Exception 3: java.util.concurrent.ExecutionException: org.apache.ratis.protocol.exceptions.GroupMismatchException: s0: group-C0E65F787AE8 not found.
2025-10-10 11:53:23,804 [s2@group-C0E65F787AE8-LeaderElection12] INFO  impl.LeaderElection (LeaderElection.java:askForVotes(450)) - s2@group-C0E65F787AE8-LeaderElection12 PRE_VOTE round 1: result REJECTED
2025-10-10 11:53:23,804 [s2@group-C0E65F787AE8-LeaderElection12] INFO  server.RaftServer$Division (RaftServerImpl.java:setRole(393)) - s2@group-C0E65F787AE8: changes role from CANDIDATE to FOLLOWER at term 2 for REJECTED
2025-10-10 11:53:23,804 [s2@group-C0E65F787AE8-LeaderElection12] INFO  impl.RoleInfo (RoleInfo.java:shutdownLeaderElection(141)) - s2: shutdown s2@group-C0E65F787AE8-LeaderElection12
2025-10-10 11:53:23,804 [s2@group-C0E65F787AE8-LeaderElection12] INFO  impl.RoleInfo (RoleInfo.java:updateAndGet(148)) - s2: start s2@group-C0E65F787AE8-FollowerState
2025-10-10 11:53:24,070 [HandlerDaemon-1] INFO  segmented.SegmentedRaftLogWorker (SegmentedRaftLogWorker.java:close(254)) - s1@group-C0E65F787AE8-SegmentedRaftLogWorker close()
2025-10-10 11:53:24,071 [HandlerDaemon-1] TRACE util.FileUtils (FileUtils.java:deleteFully(355)) - deleteFully /home/runner/work/ratis/ratis/ratis-test/target/test/data/319b119c/MiniRaftClusterWithSimulatedRpcdcda50c5/s1/66c9739c-f39b-457b-b086-c0e65f787ae8
2025-10-10 11:53:24,072 [HandlerDaemon-1] TRACE util.FileUtils (LogUtils.java:runAndLog(49)) - Successfully ran Files.delete /home/runner/work/ratis/ratis/ratis-test/target/test/data/319b119c/MiniRaftClusterWithSimulatedRpcdcda50c5/s1/66c9739c-f39b-457b-b086-c0e65f787ae8/current/raft-meta
2025-10-10 11:53:24,072 [HandlerDaemon-1] TRACE util.FileUtils (LogUtils.java:runAndLog(49)) - Successfully ran Files.delete /home/runner/work/ratis/ratis/ratis-test/target/test/data/319b119c/MiniRaftClusterWithSimulatedRpcdcda50c5/s1/66c9739c-f39b-457b-b086-c0e65f787ae8/current/raft-meta.conf
2025-10-10 11:53:24,072 [HandlerDaemon-1] TRACE util.FileUtils (LogUtils.java:runAndLog(49)) - Successfully ran Files.delete /home/runner/work/ratis/ratis/ratis-test/target/test/data/319b119c/MiniRaftClusterWithSimulatedRpcdcda50c5/s1/66c9739c-f39b-457b-b086-c0e65f787ae8/current/log_inprogress_0
2025-10-10 11:53:24,072 [HandlerDaemon-1] TRACE util.FileUtils (LogUtils.java:runAndLog(49)) - Successfully ran Files.delete /home/runner/work/ratis/ratis/ratis-test/target/test/data/319b119c/MiniRaftClusterWithSimulatedRpcdcda50c5/s1/66c9739c-f39b-457b-b086-c0e65f787ae8/current
2025-10-10 11:53:24,072 [HandlerDaemon-1] TRACE util.FileUtils (LogUtils.java:runAndLog(49)) - Successfully ran Files.delete /home/runner/work/ratis/ratis/ratis-test/target/test/data/319b119c/MiniRaftClusterWithSimulatedRpcdcda50c5/s1/66c9739c-f39b-457b-b086-c0e65f787ae8/sm
2025-10-10 11:53:24,072 [HandlerDaemon-1] TRACE util.FileUtils (LogUtils.java:runAndLog(49)) - Successfully ran Files.delete /home/runner/work/ratis/ratis/ratis-test/target/test/data/319b119c/MiniRaftClusterWithSimulatedRpcdcda50c5/s1/66c9739c-f39b-457b-b086-c0e65f787ae8/in_use.lock
2025-10-10 11:53:24,073 [HandlerDaemon-1] TRACE util.FileUtils (LogUtils.java:runAndLog(49)) - Successfully ran Files.delete /home/runner/work/ratis/ratis/ratis-test/target/test/data/319b119c/MiniRaftClusterWithSimulatedRpcdcda50c5/s1/66c9739c-f39b-457b-b086-c0e65f787ae8
2025-10-10 11:53:24,073 [HandlerDaemon-1] INFO  server.RaftServer$Division (RaftServerImpl.java:groupRemove(498)) - s1@group-C0E65F787AE8: Succeed to remove RaftStorageDirectory Storage Directory /home/runner/work/ratis/ratis/ratis-test/target/test/data/319b119c/MiniRaftClusterWithSimulatedRpcdcda50c5/s1/66c9739c-f39b-457b-b086-c0e65f787ae8
2025-10-10 11:53:24,073 [main] DEBUG client.RaftClient (RaftClientImpl.java:close(465)) - close client-396815AC9850
2025-10-10 11:53:24,073 [main] DEBUG client.RaftClient (RaftClientImpl.java:newRequest(95)) - attempt #1, newRequest GroupManagementRequest:client-2D46F575E0CF->s2@group-C0E65F787AE8, cid=372, seq=null, RW, null, Remove:group-C0E65F787AE8, delete-dir
2025-10-10 11:53:24,074 [HandlerDaemon-1] INFO  server.RaftServer (RaftServerProxy.java:remove(117)) - s2: remove  FOLLOWER (RUNNING): s2@group-C0E65F787AE8:t2, leader=null, voted=s2, raftlog=Memoized:s2@group-C0E65F787AE8-SegmentedRaftLog:OPENED:c0:last(t:1, i:0), conf=conf: {index: 0, cur=peers:[s3|, s4|, s0|, s1|, s2|]|listeners:[], old=null}
2025-10-10 11:53:24,074 [HandlerDaemon-1] INFO  server.RaftServer$Division (RaftServerImpl.java:lambda$close$1(528)) - s2@group-C0E65F787AE8: shutdown
2025-10-10 11:53:24,074 [HandlerDaemon-1] INFO  util.JmxRegister (JmxRegister.java:unregister(74)) - Successfully un-registered JMX Bean with object name Ratis:service=RaftServer,group=group-C0E65F787AE8,id=s2
2025-10-10 11:53:24,074 [HandlerDaemon-1] INFO  impl.RoleInfo (RoleInfo.java:shutdownFollowerState(121)) - s2: shutdown s2@group-C0E65F787AE8-FollowerState
2025-10-10 11:53:24,074 [HandlerDaemon-1] INFO  impl.StateMachineUpdater (StateMachineUpdater.java:stopAndJoin(163)) - s2@group-C0E65F787AE8-StateMachineUpdater: set stopIndex = 0
2025-10-10 11:53:24,074 [s2@group-C0E65F787AE8-FollowerState] INFO  impl.FollowerState (FollowerState.java:runImpl(170)) - s2@group-C0E65F787AE8-FollowerState was interrupted
2025-10-10 11:53:24,074 [s2@group-C0E65F787AE8-StateMachineUpdater] INFO  impl.StateMachineUpdater (StateMachineUpdater.java:stop(140)) - s2@group-C0E65F787AE8-StateMachineUpdater: closing BaseStateMachine, lastApplied=(t:1, i:0)
2025-10-10 11:53:24,075 [s2@group-C0E65F787AE8-cacheEviction-AwaitToRun] INFO  util.AwaitToRun (AwaitToRun.java:run(49)) - s2@group-C0E65F787AE8-cacheEviction-AwaitToRun-AwaitForSignal is interrupted
2025-10-10 11:53:25,073 [HandlerDaemon-1] INFO  segmented.SegmentedRaftLogWorker (SegmentedRaftLogWorker.java:close(254)) - s2@group-C0E65F787AE8-SegmentedRaftLogWorker close()
2025-10-10 11:53:25,074 [HandlerDaemon-1] TRACE util.FileUtils (FileUtils.java:deleteFully(355)) - deleteFully /home/runner/work/ratis/ratis/ratis-test/target/test/data/319b119c/MiniRaftClusterWithSimulatedRpcdcda50c5/s2/66c9739c-f39b-457b-b086-c0e65f787ae8
2025-10-10 11:53:25,074 [HandlerDaemon-1] TRACE util.FileUtils (LogUtils.java:runAndLog(49)) - Successfully ran Files.delete /home/runner/work/ratis/ratis/ratis-test/target/test/data/319b119c/MiniRaftClusterWithSimulatedRpcdcda50c5/s2/66c9739c-f39b-457b-b086-c0e65f787ae8/current/raft-meta
2025-10-10 11:53:25,074 [HandlerDaemon-1] TRACE util.FileUtils (LogUtils.java:runAndLog(49)) - Successfully ran Files.delete /home/runner/work/ratis/ratis/ratis-test/target/test/data/319b119c/MiniRaftClusterWithSimulatedRpcdcda50c5/s2/66c9739c-f39b-457b-b086-c0e65f787ae8/current/raft-meta.conf
2025-10-10 11:53:25,075 [HandlerDaemon-1] TRACE util.FileUtils (LogUtils.java:runAndLog(49)) - Successfully ran Files.delete /home/runner/work/ratis/ratis/ratis-test/target/test/data/319b119c/MiniRaftClusterWithSimulatedRpcdcda50c5/s2/66c9739c-f39b-457b-b086-c0e65f787ae8/current/log_inprogress_0
2025-10-10 11:53:25,075 [HandlerDaemon-1] TRACE util.FileUtils (LogUtils.java:runAndLog(49)) - Successfully ran Files.delete /home/runner/work/ratis/ratis/ratis-test/target/test/data/319b119c/MiniRaftClusterWithSimulatedRpcdcda50c5/s2/66c9739c-f39b-457b-b086-c0e65f787ae8/current
2025-10-10 11:53:25,075 [HandlerDaemon-1] TRACE util.FileUtils (LogUtils.java:runAndLog(49)) - Successfully ran Files.delete /home/runner/work/ratis/ratis/ratis-test/target/test/data/319b119c/MiniRaftClusterWithSimulatedRpcdcda50c5/s2/66c9739c-f39b-457b-b086-c0e65f787ae8/sm
2025-10-10 11:53:25,075 [HandlerDaemon-1] TRACE util.FileUtils (LogUtils.java:runAndLog(49)) - Successfully ran Files.delete /home/runner/work/ratis/ratis/ratis-test/target/test/data/319b119c/MiniRaftClusterWithSimulatedRpcdcda50c5/s2/66c9739c-f39b-457b-b086-c0e65f787ae8/in_use.lock
2025-10-10 11:53:25,075 [HandlerDaemon-1] TRACE util.FileUtils (LogUtils.java:runAndLog(49)) - Successfully ran Files.delete /home/runner/work/ratis/ratis/ratis-test/target/test/data/319b119c/MiniRaftClusterWithSimulatedRpcdcda50c5/s2/66c9739c-f39b-457b-b086-c0e65f787ae8
2025-10-10 11:53:25,075 [HandlerDaemon-1] INFO  server.RaftServer$Division (RaftServerImpl.java:groupRemove(498)) - s2@group-C0E65F787AE8: Succeed to remove RaftStorageDirectory Storage Directory /home/runner/work/ratis/ratis/ratis-test/target/test/data/319b119c/MiniRaftClusterWithSimulatedRpcdcda50c5/s2/66c9739c-f39b-457b-b086-c0e65f787ae8
2025-10-10 11:53:25,076 [main] DEBUG client.RaftClient (RaftClientImpl.java:close(465)) - close client-2D46F575E0CF
2025-10-10 11:53:25,076 [main] INFO  impl.GroupManagementBaseTest (GroupManagementBaseTest.java:runMultiGroupTest(301)) - 1) close printing group-D4D3B96D910D
  s5:  RUNNING [
     LEADER (RUNNING): s5@group-D4D3B96D910D:t1, leader=s5, voted=s5, raftlog=Memoized:s5@group-D4D3B96D910D-SegmentedRaftLog:OPENED:c0:last(t:1, i:0), conf=conf: {index: 0, cur=peers:[s5, s6, s7]|listeners:[], old=null}
   FOLLOWER (STARTING): s5@group-B596E5D396F8:t0, leader=null, voted=, raftlog=Memoized:s5@group-B596E5D396F8-SegmentedRaftLog:OPENED:c-1:lastnull, conf=conf: {index: -1, cur=peers:[]|listeners:[], old=null}] size=2
  s6:  RUNNING [
   FOLLOWER (RUNNING): s6@group-D4D3B96D910D:t1, leader=s5, voted=s5, raftlog=Memoized:s6@group-D4D3B96D910D-SegmentedRaftLog:OPENED:c0:last(t:1, i:0), conf=conf: {index: 0, cur=peers:[s5|, s6|, s7|]|listeners:[], old=null}
   FOLLOWER (STARTING): s6@group-B596E5D396F8:t0, leader=null, voted=, raftlog=Memoized:s6@group-B596E5D396F8-SegmentedRaftLog:OPENED:c-1:lastnull, conf=conf: {index: -1, cur=peers:[]|listeners:[], old=null}] size=2
  s7:  RUNNING [
   FOLLOWER (RUNNING): s7@group-D4D3B96D910D:t1, leader=s5, voted=s5, raftlog=Memoized:s7@group-D4D3B96D910D-SegmentedRaftLog:OPENED:c0:last(t:1, i:0), conf=conf: {index: 0, cur=peers:[s5|, s6|, s7|]|listeners:[], old=null}
   FOLLOWER (STARTING): s7@group-B596E5D396F8:t0, leader=null, voted=, raftlog=Memoized:s7@group-B596E5D396F8-SegmentedRaftLog:OPENED:c-1:lastnull, conf=conf: {index: -1, cur=peers:[]|listeners:[], old=null}] size=2
2025-10-10 11:53:25,077 [main] DEBUG client.RaftClient (RaftClientImpl.java:newRequest(95)) - attempt #1, newRequest GroupManagementRequest:client-46B33C624229->s5@group-D4D3B96D910D, cid=377, seq=null, RW, null, Remove:group-D4D3B96D910D, delete-dir
2025-10-10 11:53:25,077 [HandlerDaemon-1] INFO  server.RaftServer (RaftServerProxy.java:remove(117)) - s5: remove    LEADER (RUNNING): s5@group-D4D3B96D910D:t1, leader=s5, voted=s5, raftlog=Memoized:s5@group-D4D3B96D910D-SegmentedRaftLog:OPENED:c0:last(t:1, i:0), conf=conf: {index: 0, cur=peers:[s5, s6, s7]|listeners:[], old=null}
2025-10-10 11:53:25,077 [HandlerDaemon-1] INFO  server.RaftServer$Division (RaftServerImpl.java:lambda$close$1(528)) - s5@group-D4D3B96D910D: shutdown
2025-10-10 11:53:25,077 [HandlerDaemon-1] INFO  util.JmxRegister (JmxRegister.java:unregister(74)) - Successfully un-registered JMX Bean with object name Ratis:service=RaftServer,group=group-D4D3B96D910D,id=s5
2025-10-10 11:53:25,077 [HandlerDaemon-1] INFO  impl.RoleInfo (RoleInfo.java:shutdownLeaderState(103)) - s5: shutdown s5@group-D4D3B96D910D-LeaderStateImpl
2025-10-10 11:53:25,077 [s5@group-D4D3B96D910D->s6-LogAppenderDefault-LogAppenderDaemon] INFO  leader.LogAppenderDaemon (LogAppenderDaemon.java:run(85)) - s5@group-D4D3B96D910D->s6-LogAppenderDefault-LogAppenderDaemon was interrupted: java.lang.InterruptedException
2025-10-10 11:53:25,077 [s5@group-D4D3B96D910D->s7-LogAppenderDefault-LogAppenderDaemon] INFO  leader.LogAppenderDaemon (LogAppenderDaemon.java:run(85)) - s5@group-D4D3B96D910D->s7-LogAppenderDefault-LogAppenderDaemon was interrupted: java.lang.InterruptedException
2025-10-10 11:53:25,077 [HandlerDaemon-1] INFO  impl.PendingRequests (PendingRequests.java:sendNotLeaderResponses(281)) - s5@group-D4D3B96D910D-PendingRequests: sendNotLeaderResponses
2025-10-10 11:53:25,078 [HandlerDaemon-1] INFO  impl.StateMachineUpdater (StateMachineUpdater.java:stopAndJoin(163)) - s5@group-D4D3B96D910D-StateMachineUpdater: set stopIndex = 0
2025-10-10 11:53:25,078 [s5@group-D4D3B96D910D-StateMachineUpdater] INFO  impl.StateMachineUpdater (StateMachineUpdater.java:stop(140)) - s5@group-D4D3B96D910D-StateMachineUpdater: closing BaseStateMachine, lastApplied=(t:1, i:0)
2025-10-10 11:53:25,078 [s5@group-D4D3B96D910D-cacheEviction-AwaitToRun] INFO  util.AwaitToRun (AwaitToRun.java:run(49)) - s5@group-D4D3B96D910D-cacheEviction-AwaitToRun-AwaitForSignal is interrupted
2025-10-10 11:53:25,217 [HandlerDaemon-1] INFO  segmented.SegmentedRaftLogWorker (SegmentedRaftLogWorker.java:close(254)) - s5@group-D4D3B96D910D-SegmentedRaftLogWorker close()
2025-10-10 11:53:25,217 [HandlerDaemon-1] TRACE util.FileUtils (FileUtils.java:deleteFully(355)) - deleteFully /home/runner/work/ratis/ratis/ratis-test/target/test/data/319b119c/MiniRaftClusterWithSimulatedRpcdcda50c5/s5/0a35b238-98d1-4d9b-9711-d4d3b96d910d
2025-10-10 11:53:25,218 [HandlerDaemon-1] TRACE util.FileUtils (LogUtils.java:runAndLog(49)) - Successfully ran Files.delete /home/runner/work/ratis/ratis/ratis-test/target/test/data/319b119c/MiniRaftClusterWithSimulatedRpcdcda50c5/s5/0a35b238-98d1-4d9b-9711-d4d3b96d910d/current/raft-meta
2025-10-10 11:53:25,218 [HandlerDaemon-1] TRACE util.FileUtils (LogUtils.java:runAndLog(49)) - Successfully ran Files.delete /home/runner/work/ratis/ratis/ratis-test/target/test/data/319b119c/MiniRaftClusterWithSimulatedRpcdcda50c5/s5/0a35b238-98d1-4d9b-9711-d4d3b96d910d/current/raft-meta.conf
2025-10-10 11:53:25,218 [HandlerDaemon-1] TRACE util.FileUtils (LogUtils.java:runAndLog(49)) - Successfully ran Files.delete /home/runner/work/ratis/ratis/ratis-test/target/test/data/319b119c/MiniRaftClusterWithSimulatedRpcdcda50c5/s5/0a35b238-98d1-4d9b-9711-d4d3b96d910d/current/log_inprogress_0
2025-10-10 11:53:25,218 [HandlerDaemon-1] TRACE util.FileUtils (LogUtils.java:runAndLog(49)) - Successfully ran Files.delete /home/runner/work/ratis/ratis/ratis-test/target/test/data/319b119c/MiniRaftClusterWithSimulatedRpcdcda50c5/s5/0a35b238-98d1-4d9b-9711-d4d3b96d910d/current
2025-10-10 11:53:25,218 [HandlerDaemon-1] TRACE util.FileUtils (LogUtils.java:runAndLog(49)) - Successfully ran Files.delete /home/runner/work/ratis/ratis/ratis-test/target/test/data/319b119c/MiniRaftClusterWithSimulatedRpcdcda50c5/s5/0a35b238-98d1-4d9b-9711-d4d3b96d910d/sm
2025-10-10 11:53:25,218 [HandlerDaemon-1] TRACE util.FileUtils (LogUtils.java:runAndLog(49)) - Successfully ran Files.delete /home/runner/work/ratis/ratis/ratis-test/target/test/data/319b119c/MiniRaftClusterWithSimulatedRpcdcda50c5/s5/0a35b238-98d1-4d9b-9711-d4d3b96d910d/in_use.lock
2025-10-10 11:53:25,219 [HandlerDaemon-1] TRACE util.FileUtils (LogUtils.java:runAndLog(49)) - Successfully ran Files.delete /home/runner/work/ratis/ratis/ratis-test/target/test/data/319b119c/MiniRaftClusterWithSimulatedRpcdcda50c5/s5/0a35b238-98d1-4d9b-9711-d4d3b96d910d
2025-10-10 11:53:25,219 [HandlerDaemon-1] INFO  server.RaftServer$Division (RaftServerImpl.java:groupRemove(498)) - s5@group-D4D3B96D910D: Succeed to remove RaftStorageDirectory Storage Directory /home/runner/work/ratis/ratis/ratis-test/target/test/data/319b119c/MiniRaftClusterWithSimulatedRpcdcda50c5/s5/0a35b238-98d1-4d9b-9711-d4d3b96d910d
2025-10-10 11:53:25,219 [main] DEBUG client.RaftClient (RaftClientImpl.java:close(465)) - close client-46B33C624229
2025-10-10 11:53:25,219 [main] DEBUG client.RaftClient (RaftClientImpl.java:newRequest(95)) - attempt #1, newRequest GroupManagementRequest:client-1F63E0C1D591->s6@group-D4D3B96D910D, cid=378, seq=null, RW, null, Remove:group-D4D3B96D910D, delete-dir
2025-10-10 11:53:25,220 [HandlerDaemon-1] INFO  server.RaftServer (RaftServerProxy.java:remove(117)) - s6: remove  FOLLOWER (RUNNING): s6@group-D4D3B96D910D:t1, leader=s5, voted=s5, raftlog=Memoized:s6@group-D4D3B96D910D-SegmentedRaftLog:OPENED:c0:last(t:1, i:0), conf=conf: {index: 0, cur=peers:[s5|, s6|, s7|]|listeners:[], old=null}
2025-10-10 11:53:25,220 [HandlerDaemon-1] INFO  server.RaftServer$Division (RaftServerImpl.java:lambda$close$1(528)) - s6@group-D4D3B96D910D: shutdown
2025-10-10 11:53:25,220 [HandlerDaemon-1] INFO  util.JmxRegister (JmxRegister.java:unregister(74)) - Successfully un-registered JMX Bean with object name Ratis:service=RaftServer,group=group-D4D3B96D910D,id=s6
2025-10-10 11:53:25,220 [HandlerDaemon-1] INFO  impl.RoleInfo (RoleInfo.java:shutdownFollowerState(121)) - s6: shutdown s6@group-D4D3B96D910D-FollowerState
2025-10-10 11:53:25,220 [HandlerDaemon-1] INFO  impl.StateMachineUpdater (StateMachineUpdater.java:stopAndJoin(163)) - s6@group-D4D3B96D910D-StateMachineUpdater: set stopIndex = 0
2025-10-10 11:53:25,220 [s6@group-D4D3B96D910D-StateMachineUpdater] INFO  impl.StateMachineUpdater (StateMachineUpdater.java:stop(140)) - s6@group-D4D3B96D910D-StateMachineUpdater: closing BaseStateMachine, lastApplied=(t:1, i:0)
2025-10-10 11:53:25,220 [s6@group-D4D3B96D910D-FollowerState] INFO  impl.FollowerState (FollowerState.java:runImpl(170)) - s6@group-D4D3B96D910D-FollowerState was interrupted
2025-10-10 11:53:25,220 [s6@group-D4D3B96D910D-cacheEviction-AwaitToRun] INFO  util.AwaitToRun (AwaitToRun.java:run(49)) - s6@group-D4D3B96D910D-cacheEviction-AwaitToRun-AwaitForSignal is interrupted
2025-10-10 11:53:26,221 [HandlerDaemon-1] INFO  segmented.SegmentedRaftLogWorker (SegmentedRaftLogWorker.java:close(254)) - s6@group-D4D3B96D910D-SegmentedRaftLogWorker close()
2025-10-10 11:53:26,222 [HandlerDaemon-1] TRACE util.FileUtils (FileUtils.java:deleteFully(355)) - deleteFully /home/runner/work/ratis/ratis/ratis-test/target/test/data/319b119c/MiniRaftClusterWithSimulatedRpcdcda50c5/s6/0a35b238-98d1-4d9b-9711-d4d3b96d910d
2025-10-10 11:53:26,222 [HandlerDaemon-1] TRACE util.FileUtils (LogUtils.java:runAndLog(49)) - Successfully ran Files.delete /home/runner/work/ratis/ratis/ratis-test/target/test/data/319b119c/MiniRaftClusterWithSimulatedRpcdcda50c5/s6/0a35b238-98d1-4d9b-9711-d4d3b96d910d/current/raft-meta
2025-10-10 11:53:26,222 [HandlerDaemon-1] TRACE util.FileUtils (LogUtils.java:runAndLog(49)) - Successfully ran Files.delete /home/runner/work/ratis/ratis/ratis-test/target/test/data/319b119c/MiniRaftClusterWithSimulatedRpcdcda50c5/s6/0a35b238-98d1-4d9b-9711-d4d3b96d910d/current/raft-meta.conf
2025-10-10 11:53:26,222 [HandlerDaemon-1] TRACE util.FileUtils (LogUtils.java:runAndLog(49)) - Successfully ran Files.delete /home/runner/work/ratis/ratis/ratis-test/target/test/data/319b119c/MiniRaftClusterWithSimulatedRpcdcda50c5/s6/0a35b238-98d1-4d9b-9711-d4d3b96d910d/current/log_inprogress_0
2025-10-10 11:53:26,223 [HandlerDaemon-1] TRACE util.FileUtils (LogUtils.java:runAndLog(49)) - Successfully ran Files.delete /home/runner/work/ratis/ratis/ratis-test/target/test/data/319b119c/MiniRaftClusterWithSimulatedRpcdcda50c5/s6/0a35b238-98d1-4d9b-9711-d4d3b96d910d/current
2025-10-10 11:53:26,223 [HandlerDaemon-1] TRACE util.FileUtils (LogUtils.java:runAndLog(49)) - Successfully ran Files.delete /home/runner/work/ratis/ratis/ratis-test/target/test/data/319b119c/MiniRaftClusterWithSimulatedRpcdcda50c5/s6/0a35b238-98d1-4d9b-9711-d4d3b96d910d/sm
2025-10-10 11:53:26,223 [HandlerDaemon-1] TRACE util.FileUtils (LogUtils.java:runAndLog(49)) - Successfully ran Files.delete /home/runner/work/ratis/ratis/ratis-test/target/test/data/319b119c/MiniRaftClusterWithSimulatedRpcdcda50c5/s6/0a35b238-98d1-4d9b-9711-d4d3b96d910d/in_use.lock
2025-10-10 11:53:26,223 [HandlerDaemon-1] TRACE util.FileUtils (LogUtils.java:runAndLog(49)) - Successfully ran Files.delete /home/runner/work/ratis/ratis/ratis-test/target/test/data/319b119c/MiniRaftClusterWithSimulatedRpcdcda50c5/s6/0a35b238-98d1-4d9b-9711-d4d3b96d910d
2025-10-10 11:53:26,223 [HandlerDaemon-1] INFO  server.RaftServer$Division (RaftServerImpl.java:groupRemove(498)) - s6@group-D4D3B96D910D: Succeed to remove RaftStorageDirectory Storage Directory /home/runner/work/ratis/ratis/ratis-test/target/test/data/319b119c/MiniRaftClusterWithSimulatedRpcdcda50c5/s6/0a35b238-98d1-4d9b-9711-d4d3b96d910d
2025-10-10 11:53:26,223 [main] DEBUG client.RaftClient (RaftClientImpl.java:close(465)) - close client-1F63E0C1D591
2025-10-10 11:53:26,224 [main] DEBUG client.RaftClient (RaftClientImpl.java:newRequest(95)) - attempt #1, newRequest GroupManagementRequest:client-0ADCA5D5A410->s7@group-D4D3B96D910D, cid=379, seq=null, RW, null, Remove:group-D4D3B96D910D, delete-dir
2025-10-10 11:53:26,224 [HandlerDaemon-1] INFO  server.RaftServer (RaftServerProxy.java:remove(117)) - s7: remove  FOLLOWER (RUNNING): s7@group-D4D3B96D910D:t1, leader=s5, voted=s5, raftlog=Memoized:s7@group-D4D3B96D910D-SegmentedRaftLog:OPENED:c0:last(t:1, i:0), conf=conf: {index: 0, cur=peers:[s5|, s6|, s7|]|listeners:[], old=null}
2025-10-10 11:53:26,224 [HandlerDaemon-1] INFO  server.RaftServer$Division (RaftServerImpl.java:lambda$close$1(528)) - s7@group-D4D3B96D910D: shutdown
2025-10-10 11:53:26,225 [HandlerDaemon-1] INFO  util.JmxRegister (JmxRegister.java:unregister(74)) - Successfully un-registered JMX Bean with object name Ratis:service=RaftServer,group=group-D4D3B96D910D,id=s7
2025-10-10 11:53:26,225 [HandlerDaemon-1] INFO  impl.RoleInfo (RoleInfo.java:shutdownFollowerState(121)) - s7: shutdown s7@group-D4D3B96D910D-FollowerState
2025-10-10 11:53:26,225 [HandlerDaemon-1] INFO  impl.StateMachineUpdater (StateMachineUpdater.java:stopAndJoin(163)) - s7@group-D4D3B96D910D-StateMachineUpdater: set stopIndex = 0
2025-10-10 11:53:26,225 [s7@group-D4D3B96D910D-StateMachineUpdater] INFO  impl.StateMachineUpdater (StateMachineUpdater.java:stop(140)) - s7@group-D4D3B96D910D-StateMachineUpdater: closing BaseStateMachine, lastApplied=(t:1, i:0)
2025-10-10 11:53:26,225 [s7@group-D4D3B96D910D-FollowerState] INFO  impl.FollowerState (FollowerState.java:runImpl(170)) - s7@group-D4D3B96D910D-FollowerState was interrupted
2025-10-10 11:53:26,225 [s7@group-D4D3B96D910D-cacheEviction-AwaitToRun] INFO  util.AwaitToRun (AwaitToRun.java:run(49)) - s7@group-D4D3B96D910D-cacheEviction-AwaitToRun-AwaitForSignal is interrupted
2025-10-10 11:53:27,222 [HandlerDaemon-1] INFO  segmented.SegmentedRaftLogWorker (SegmentedRaftLogWorker.java:close(254)) - s7@group-D4D3B96D910D-SegmentedRaftLogWorker close()
2025-10-10 11:53:27,223 [HandlerDaemon-1] TRACE util.FileUtils (FileUtils.java:deleteFully(355)) - deleteFully /home/runner/work/ratis/ratis/ratis-test/target/test/data/319b119c/MiniRaftClusterWithSimulatedRpcdcda50c5/s7/0a35b238-98d1-4d9b-9711-d4d3b96d910d
2025-10-10 11:53:27,223 [HandlerDaemon-1] TRACE util.FileUtils (LogUtils.java:runAndLog(49)) - Successfully ran Files.delete /home/runner/work/ratis/ratis/ratis-test/target/test/data/319b119c/MiniRaftClusterWithSimulatedRpcdcda50c5/s7/0a35b238-98d1-4d9b-9711-d4d3b96d910d/current/raft-meta
2025-10-10 11:53:27,223 [HandlerDaemon-1] TRACE util.FileUtils (LogUtils.java:runAndLog(49)) - Successfully ran Files.delete /home/runner/work/ratis/ratis/ratis-test/target/test/data/319b119c/MiniRaftClusterWithSimulatedRpcdcda50c5/s7/0a35b238-98d1-4d9b-9711-d4d3b96d910d/current/raft-meta.conf
2025-10-10 11:53:27,224 [HandlerDaemon-1] TRACE util.FileUtils (LogUtils.java:runAndLog(49)) - Successfully ran Files.delete /home/runner/work/ratis/ratis/ratis-test/target/test/data/319b119c/MiniRaftClusterWithSimulatedRpcdcda50c5/s7/0a35b238-98d1-4d9b-9711-d4d3b96d910d/current/log_inprogress_0
2025-10-10 11:53:27,224 [HandlerDaemon-1] TRACE util.FileUtils (LogUtils.java:runAndLog(49)) - Successfully ran Files.delete /home/runner/work/ratis/ratis/ratis-test/target/test/data/319b119c/MiniRaftClusterWithSimulatedRpcdcda50c5/s7/0a35b238-98d1-4d9b-9711-d4d3b96d910d/current
2025-10-10 11:53:27,224 [HandlerDaemon-1] TRACE util.FileUtils (LogUtils.java:runAndLog(49)) - Successfully ran Files.delete /home/runner/work/ratis/ratis/ratis-test/target/test/data/319b119c/MiniRaftClusterWithSimulatedRpcdcda50c5/s7/0a35b238-98d1-4d9b-9711-d4d3b96d910d/sm
2025-10-10 11:53:27,224 [HandlerDaemon-1] TRACE util.FileUtils (LogUtils.java:runAndLog(49)) - Successfully ran Files.delete /home/runner/work/ratis/ratis/ratis-test/target/test/data/319b119c/MiniRaftClusterWithSimulatedRpcdcda50c5/s7/0a35b238-98d1-4d9b-9711-d4d3b96d910d/in_use.lock
2025-10-10 11:53:27,224 [HandlerDaemon-1] TRACE util.FileUtils (LogUtils.java:runAndLog(49)) - Successfully ran Files.delete /home/runner/work/ratis/ratis/ratis-test/target/test/data/319b119c/MiniRaftClusterWithSimulatedRpcdcda50c5/s7/0a35b238-98d1-4d9b-9711-d4d3b96d910d
2025-10-10 11:53:27,224 [HandlerDaemon-1] INFO  server.RaftServer$Division (RaftServerImpl.java:groupRemove(498)) - s7@group-D4D3B96D910D: Succeed to remove RaftStorageDirectory Storage Directory /home/runner/work/ratis/ratis/ratis-test/target/test/data/319b119c/MiniRaftClusterWithSimulatedRpcdcda50c5/s7/0a35b238-98d1-4d9b-9711-d4d3b96d910d
2025-10-10 11:53:27,225 [main] DEBUG client.RaftClient (RaftClientImpl.java:close(465)) - close client-0ADCA5D5A410
| MiniRaftClusterWithSimulatedRpc[5, 8, 9]chosen=2 | close groups | 140 |
2025-10-10 11:53:27,225 [main] INFO  impl.GroupManagementBaseTest (GroupManagementBaseTest.java:runMultiGroupTest(318)) - close groups: printing ALL groups
  s3:  RUNNING  FOLLOWER (STARTING): s3@group-B596E5D396F8:t0, leader=null, voted=, raftlog=Memoized:s3@group-B596E5D396F8-SegmentedRaftLog:OPENED:c-1:lastnull, conf=conf: {index: -1, cur=peers:[]|listeners:[], old=null}
  s4:  RUNNING  FOLLOWER (STARTING): s4@group-B596E5D396F8:t0, leader=null, voted=, raftlog=Memoized:s4@group-B596E5D396F8-SegmentedRaftLog:OPENED:c-1:lastnull, conf=conf: {index: -1, cur=peers:[]|listeners:[], old=null}
  s5:  RUNNING  FOLLOWER (STARTING): s5@group-B596E5D396F8:t0, leader=null, voted=, raftlog=Memoized:s5@group-B596E5D396F8-SegmentedRaftLog:OPENED:c-1:lastnull, conf=conf: {index: -1, cur=peers:[]|listeners:[], old=null}
  s6:  RUNNING  FOLLOWER (STARTING): s6@group-B596E5D396F8:t0, leader=null, voted=, raftlog=Memoized:s6@group-B596E5D396F8-SegmentedRaftLog:OPENED:c-1:lastnull, conf=conf: {index: -1, cur=peers:[]|listeners:[], old=null}
  s7:  RUNNING  FOLLOWER (STARTING): s7@group-B596E5D396F8:t0, leader=null, voted=, raftlog=Memoized:s7@group-B596E5D396F8-SegmentedRaftLog:OPENED:c-1:lastnull, conf=conf: {index: -1, cur=peers:[]|listeners:[], old=null}
  s8:  RUNNING [
   FOLLOWER (STARTING): s8@group-B596E5D396F8:t0, leader=null, voted=, raftlog=Memoized:s8@group-B596E5D396F8-SegmentedRaftLog:OPENED:c-1:lastnull, conf=conf: {index: -1, cur=peers:[]|listeners:[], old=null}
     LEADER (RUNNING): s8@group-1E8C3A4F0960:t1, leader=s8, voted=s8, raftlog=Memoized:s8@group-1E8C3A4F0960-SegmentedRaftLog:OPENED:c0:last(t:1, i:0), conf=conf: {index: 0, cur=peers:[s8]|listeners:[], old=null}] size=2
  s0:  RUNNING  FOLLOWER (STARTING): s0@group-B596E5D396F8:t0, leader=null, voted=, raftlog=Memoized:s0@group-B596E5D396F8-SegmentedRaftLog:OPENED:c-1:lastnull, conf=conf: {index: -1, cur=peers:[]|listeners:[], old=null}
  s1:  RUNNING  FOLLOWER (STARTING): s1@group-B596E5D396F8:t0, leader=null, voted=, raftlog=Memoized:s1@group-B596E5D396F8-SegmentedRaftLog:OPENED:c-1:lastnull, conf=conf: {index: -1, cur=peers:[]|listeners:[], old=null}
  s2:  RUNNING  FOLLOWER (STARTING): s2@group-B596E5D396F8:t0, leader=null, voted=, raftlog=Memoized:s2@group-B596E5D396F8-SegmentedRaftLog:OPENED:c-1:lastnull, conf=conf: {index: -1, cur=peers:[]|listeners:[], old=null}
2025-10-10 11:53:27,226 [main] INFO  impl.GroupManagementBaseTest (GroupManagementBaseTest.java:runMultiGroupTest(324)) - 0) groupAdd: printing group-C0E65F787AE8
2025-10-10 11:53:27,226 [main] DEBUG client.RaftClient (RaftClientImpl.java:newRequest(95)) - attempt #1, newRequest GroupManagementRequest:client-F0BB9EEF5238->s3@group-1E8C3A4F0960, cid=380, seq=null, RW, null, Add:group-1E8C3A4F0960:[]
2025-10-10 11:53:27,226 [HandlerDaemon-2] INFO  server.RaftServer (RaftServerProxy.java:addNew(106)) - s3: addNew group-1E8C3A4F0960:[] returns group-1E8C3A4F0960:java.util.concurrent.CompletableFuture@4c463265[Not completed]
2025-10-10 11:53:27,226 [s3-groupManagement] INFO  server.RaftServer$Division (RaftServerImpl.java:<init>(269)) - s3: new RaftServerImpl for group-1E8C3A4F0960:[] with BaseStateMachine-59:uninitialized
2025-10-10 11:53:27,227 [s3-groupManagement] INFO  server.RaftServer$Division (ServerState.java:<init>(115)) - s3@group-1E8C3A4F0960: ConfigurationManager, init=conf: {index: -1, cur=peers:[]|listeners:[], old=null}, confs=<EMPTY_MAP>
2025-10-10 11:53:27,227 [s3-groupManagement] DEBUG server.RaftServer (RaftServerProxy.java:lambda$groupAddAsync$13(517)) - s3: newImpl =      null (NEW): s3@group-1E8C3A4F0960:t0, leader=null, voted=null, raftlog=UNINITIALIZED, conf=conf: {index: -1, cur=peers:[]|listeners:[], old=null}
2025-10-10 11:53:27,228 [s3-groupManagement] INFO  server.RaftServerConfigKeys (ConfUtils.java:logGet(62)) - raft.server.storage.dir = [/home/runner/work/ratis/ratis/ratis-test/target/test/data/319b119c/MiniRaftClusterWithSimulatedRpcdcda50c5/s3] (custom)
2025-10-10 11:53:27,228 [s3-groupManagement] INFO  storage.RaftStorageDirectory (RaftStorageDirectoryImpl.java:analyzeStorage(138)) - The storage directory /home/runner/work/ratis/ratis/ratis-test/target/test/data/319b119c/MiniRaftClusterWithSimulatedRpcdcda50c5/s3/6ef3c6aa-8286-4034-b7df-1e8c3a4f0960 does not exist. Creating ...
2025-10-10 11:53:27,228 [s3-groupManagement] TRACE util.FileUtils (LogUtils.java:runAndLog(49)) - Successfully ran Files.createDirectories /home/runner/work/ratis/ratis/ratis-test/target/test/data/319b119c/MiniRaftClusterWithSimulatedRpcdcda50c5/s3/6ef3c6aa-8286-4034-b7df-1e8c3a4f0960
2025-10-10 11:53:27,229 [s3-groupManagement] INFO  storage.RaftStorageDirectory (RaftStorageDirectoryImpl.java:tryLock(229)) - Lock on /home/runner/work/ratis/ratis/ratis-test/target/test/data/319b119c/MiniRaftClusterWithSimulatedRpcdcda50c5/s3/6ef3c6aa-8286-4034-b7df-1e8c3a4f0960/in_use.lock acquired by nodename 9833@runnervmwhb2z
2025-10-10 11:53:27,229 [s3-groupManagement] TRACE util.FileUtils (LogUtils.java:runAndLog(49)) - Successfully ran Files.createDirectories /home/runner/work/ratis/ratis/ratis-test/target/test/data/319b119c/MiniRaftClusterWithSimulatedRpcdcda50c5/s3/6ef3c6aa-8286-4034-b7df-1e8c3a4f0960/current
2025-10-10 11:53:27,229 [s3-groupManagement] TRACE util.FileUtils (LogUtils.java:runAndLog(49)) - Successfully ran Files.createDirectories /home/runner/work/ratis/ratis/ratis-test/target/test/data/319b119c/MiniRaftClusterWithSimulatedRpcdcda50c5/s3/6ef3c6aa-8286-4034-b7df-1e8c3a4f0960/sm
2025-10-10 11:53:27,229 [s3-groupManagement] TRACE util.FileUtils (LogUtils.java:supplyAndLog(69)) - Successfully supplied FileChannel.open /home/runner/work/ratis/ratis/ratis-test/target/test/data/319b119c/MiniRaftClusterWithSimulatedRpcdcda50c5/s3/6ef3c6aa-8286-4034-b7df-1e8c3a4f0960/current/raft-meta.tmp with options [CREATE, TRUNCATE_EXISTING, WRITE]: sun.nio.ch.FileChannelImpl@8ee8edb
2025-10-10 11:53:27,230 [s3-groupManagement] TRACE util.FileUtils (LogUtils.java:runAndLog(49)) - Successfully ran Atomic Files.move /home/runner/work/ratis/ratis/ratis-test/target/test/data/319b119c/MiniRaftClusterWithSimulatedRpcdcda50c5/s3/6ef3c6aa-8286-4034-b7df-1e8c3a4f0960/current/raft-meta.tmp to /home/runner/work/ratis/ratis/ratis-test/target/test/data/319b119c/MiniRaftClusterWithSimulatedRpcdcda50c5/s3/6ef3c6aa-8286-4034-b7df-1e8c3a4f0960/current/raft-meta with options [REPLACE_EXISTING]
2025-10-10 11:53:27,230 [s3-groupManagement] INFO  storage.RaftStorage (RaftStorageImpl.java:format(98)) - Storage directory /home/runner/work/ratis/ratis/ratis-test/target/test/data/319b119c/MiniRaftClusterWithSimulatedRpcdcda50c5/s3/6ef3c6aa-8286-4034-b7df-1e8c3a4f0960 has been successfully formatted.
2025-10-10 11:53:27,230 [s3-groupManagement] INFO  server.RaftServer$Division (ServerState.java:getSnapshotIndexFromStateMachine(155)) - s3@group-1E8C3A4F0960: getLatestSnapshot(BaseStateMachine-59:s3:group-1E8C3A4F0960) returns null
2025-10-10 11:53:27,230 [s3-groupManagement] INFO  raftlog.RaftLog (RaftLogBase.java:<init>(90)) - s3@group-1E8C3A4F0960-SegmentedRaftLog: snapshotIndexFromStateMachine = -1
2025-10-10 11:53:27,231 [s3-groupManagement] INFO  util.AwaitToRun (AwaitToRun.java:start(81)) - Thread[s3@group-1E8C3A4F0960-cacheEviction-AwaitToRun,5,main] started
2025-10-10 11:53:27,231 [s3-groupManagement] INFO  segmented.SegmentedRaftLogWorker (SegmentedRaftLogWorker.java:<init>(190)) - new s3@group-1E8C3A4F0960-SegmentedRaftLogWorker for RaftStorageImpl:Storage Directory /home/runner/work/ratis/ratis/ratis-test/target/test/data/319b119c/MiniRaftClusterWithSimulatedRpcdcda50c5/s3/6ef3c6aa-8286-4034-b7df-1e8c3a4f0960
2025-10-10 11:53:27,232 [s3-groupManagement] INFO  segmented.SegmentedRaftLogWorker (SegmentedRaftLogWorker.java:lambda$new$0(141)) - s3@group-1E8C3A4F0960-SegmentedRaftLogWorker: flushIndex: setUnconditionally 0 -> -1
2025-10-10 11:53:27,232 [s3-groupManagement] INFO  segmented.SegmentedRaftLogWorker (SegmentedRaftLogWorker.java:lambda$new$0(141)) - s3@group-1E8C3A4F0960-SegmentedRaftLogWorker: safeCacheEvictIndex: setUnconditionally 0 -> -1
2025-10-10 11:53:27,232 [s3-groupManagement] INFO  server.RaftServer$Division (RaftServerImpl.java:start(412)) - s3@group-1E8C3A4F0960: start with initializing state, conf=conf: {index: -1, cur=peers:[]|listeners:[], old=null}
2025-10-10 11:53:27,232 [s3-groupManagement] INFO  server.RaftServer$Division (RaftServerImpl.java:setRole(393)) - s3@group-1E8C3A4F0960: changes role from      null to FOLLOWER at term 0 for NOT_IN_CONF
2025-10-10 11:53:27,232 [s3-groupManagement] INFO  util.JmxRegister (JmxRegister.java:tryRegister(44)) - Successfully registered JMX Bean with object name Ratis:service=RaftServer,group=group-1E8C3A4F0960,id=s3
2025-10-10 11:53:27,233 [s3-groupManagement] INFO  util.JmxRegister (JmxRegister.java:register(58)) - register mxBean class org.apache.ratis.server.impl.RaftServerJmxAdapter as Ratis:service=RaftServer,group=group-1E8C3A4F0960,id=s3
2025-10-10 11:53:27,233 [s3-groupManagement] INFO  server.RaftServer$Division (RaftServerImpl.java:start(420)) - s3@group-1E8C3A4F0960: Successfully started.
2025-10-10 11:53:27,233 [main] DEBUG client.RaftClient (RaftClientImpl.java:close(465)) - close client-F0BB9EEF5238
2025-10-10 11:53:27,234 [main] DEBUG client.RaftClient (RaftClientImpl.java:newRequest(95)) - attempt #1, newRequest GroupManagementRequest:client-7A2FFEFA4C16->s4@group-1E8C3A4F0960, cid=381, seq=null, RW, null, Add:group-1E8C3A4F0960:[]
2025-10-10 11:53:27,234 [HandlerDaemon-2] INFO  server.RaftServer (RaftServerProxy.java:addNew(106)) - s4: addNew group-1E8C3A4F0960:[] returns group-1E8C3A4F0960:java.util.concurrent.CompletableFuture@225a35a6[Not completed]
2025-10-10 11:53:27,234 [s4-groupManagement] INFO  server.RaftServer$Division (RaftServerImpl.java:<init>(269)) - s4: new RaftServerImpl for group-1E8C3A4F0960:[] with BaseStateMachine-60:uninitialized
2025-10-10 11:53:27,234 [s4-groupManagement] INFO  server.RaftServer$Division (ServerState.java:<init>(115)) - s4@group-1E8C3A4F0960: ConfigurationManager, init=conf: {index: -1, cur=peers:[]|listeners:[], old=null}, confs=<EMPTY_MAP>
2025-10-10 11:53:27,235 [s4-groupManagement] DEBUG server.RaftServer (RaftServerProxy.java:lambda$groupAddAsync$13(517)) - s4: newImpl =      null (NEW): s4@group-1E8C3A4F0960:t0, leader=null, voted=null, raftlog=UNINITIALIZED, conf=conf: {index: -1, cur=peers:[]|listeners:[], old=null}
2025-10-10 11:53:27,235 [s4-groupManagement] INFO  server.RaftServerConfigKeys (ConfUtils.java:logGet(62)) - raft.server.storage.dir = [/home/runner/work/ratis/ratis/ratis-test/target/test/data/319b119c/MiniRaftClusterWithSimulatedRpcdcda50c5/s4] (custom)
2025-10-10 11:53:27,235 [s4-groupManagement] INFO  storage.RaftStorageDirectory (RaftStorageDirectoryImpl.java:analyzeStorage(138)) - The storage directory /home/runner/work/ratis/ratis/ratis-test/target/test/data/319b119c/MiniRaftClusterWithSimulatedRpcdcda50c5/s4/6ef3c6aa-8286-4034-b7df-1e8c3a4f0960 does not exist. Creating ...
2025-10-10 11:53:27,236 [s4-groupManagement] TRACE util.FileUtils (LogUtils.java:runAndLog(49)) - Successfully ran Files.createDirectories /home/runner/work/ratis/ratis/ratis-test/target/test/data/319b119c/MiniRaftClusterWithSimulatedRpcdcda50c5/s4/6ef3c6aa-8286-4034-b7df-1e8c3a4f0960
2025-10-10 11:53:27,236 [s4-groupManagement] INFO  storage.RaftStorageDirectory (RaftStorageDirectoryImpl.java:tryLock(229)) - Lock on /home/runner/work/ratis/ratis/ratis-test/target/test/data/319b119c/MiniRaftClusterWithSimulatedRpcdcda50c5/s4/6ef3c6aa-8286-4034-b7df-1e8c3a4f0960/in_use.lock acquired by nodename 9833@runnervmwhb2z
2025-10-10 11:53:27,236 [s4-groupManagement] TRACE util.FileUtils (LogUtils.java:runAndLog(49)) - Successfully ran Files.createDirectories /home/runner/work/ratis/ratis/ratis-test/target/test/data/319b119c/MiniRaftClusterWithSimulatedRpcdcda50c5/s4/6ef3c6aa-8286-4034-b7df-1e8c3a4f0960/current
2025-10-10 11:53:27,237 [s4-groupManagement] TRACE util.FileUtils (LogUtils.java:runAndLog(49)) - Successfully ran Files.createDirectories /home/runner/work/ratis/ratis/ratis-test/target/test/data/319b119c/MiniRaftClusterWithSimulatedRpcdcda50c5/s4/6ef3c6aa-8286-4034-b7df-1e8c3a4f0960/sm
2025-10-10 11:53:27,237 [s4-groupManagement] TRACE util.FileUtils (LogUtils.java:supplyAndLog(69)) - Successfully supplied FileChannel.open /home/runner/work/ratis/ratis/ratis-test/target/test/data/319b119c/MiniRaftClusterWithSimulatedRpcdcda50c5/s4/6ef3c6aa-8286-4034-b7df-1e8c3a4f0960/current/raft-meta.tmp with options [CREATE, TRUNCATE_EXISTING, WRITE]: sun.nio.ch.FileChannelImpl@d5a9a39
2025-10-10 11:53:27,237 [s4-groupManagement] TRACE util.FileUtils (LogUtils.java:runAndLog(49)) - Successfully ran Atomic Files.move /home/runner/work/ratis/ratis/ratis-test/target/test/data/319b119c/MiniRaftClusterWithSimulatedRpcdcda50c5/s4/6ef3c6aa-8286-4034-b7df-1e8c3a4f0960/current/raft-meta.tmp to /home/runner/work/ratis/ratis/ratis-test/target/test/data/319b119c/MiniRaftClusterWithSimulatedRpcdcda50c5/s4/6ef3c6aa-8286-4034-b7df-1e8c3a4f0960/current/raft-meta with options [REPLACE_EXISTING]
2025-10-10 11:53:27,237 [s4-groupManagement] INFO  storage.RaftStorage (RaftStorageImpl.java:format(98)) - Storage directory /home/runner/work/ratis/ratis/ratis-test/target/test/data/319b119c/MiniRaftClusterWithSimulatedRpcdcda50c5/s4/6ef3c6aa-8286-4034-b7df-1e8c3a4f0960 has been successfully formatted.
2025-10-10 11:53:27,238 [s4-groupManagement] INFO  server.RaftServer$Division (ServerState.java:getSnapshotIndexFromStateMachine(155)) - s4@group-1E8C3A4F0960: getLatestSnapshot(BaseStateMachine-60:s4:group-1E8C3A4F0960) returns null
2025-10-10 11:53:27,238 [s4-groupManagement] INFO  raftlog.RaftLog (RaftLogBase.java:<init>(90)) - s4@group-1E8C3A4F0960-SegmentedRaftLog: snapshotIndexFromStateMachine = -1
2025-10-10 11:53:27,238 [s4-groupManagement] INFO  util.AwaitToRun (AwaitToRun.java:start(81)) - Thread[s4@group-1E8C3A4F0960-cacheEviction-AwaitToRun,5,main] started
2025-10-10 11:53:27,238 [s4-groupManagement] INFO  segmented.SegmentedRaftLogWorker (SegmentedRaftLogWorker.java:<init>(190)) - new s4@group-1E8C3A4F0960-SegmentedRaftLogWorker for RaftStorageImpl:Storage Directory /home/runner/work/ratis/ratis/ratis-test/target/test/data/319b119c/MiniRaftClusterWithSimulatedRpcdcda50c5/s4/6ef3c6aa-8286-4034-b7df-1e8c3a4f0960
2025-10-10 11:53:27,239 [s4-groupManagement] INFO  segmented.SegmentedRaftLogWorker (SegmentedRaftLogWorker.java:lambda$new$0(141)) - s4@group-1E8C3A4F0960-SegmentedRaftLogWorker: flushIndex: setUnconditionally 0 -> -1
2025-10-10 11:53:27,239 [s4-groupManagement] INFO  segmented.SegmentedRaftLogWorker (SegmentedRaftLogWorker.java:lambda$new$0(141)) - s4@group-1E8C3A4F0960-SegmentedRaftLogWorker: safeCacheEvictIndex: setUnconditionally 0 -> -1
2025-10-10 11:53:27,239 [s4-groupManagement] INFO  server.RaftServer$Division (RaftServerImpl.java:start(412)) - s4@group-1E8C3A4F0960: start with initializing state, conf=conf: {index: -1, cur=peers:[]|listeners:[], old=null}
2025-10-10 11:53:27,239 [s4-groupManagement] INFO  server.RaftServer$Division (RaftServerImpl.java:setRole(393)) - s4@group-1E8C3A4F0960: changes role from      null to FOLLOWER at term 0 for NOT_IN_CONF
2025-10-10 11:53:27,239 [s4-groupManagement] INFO  util.JmxRegister (JmxRegister.java:tryRegister(44)) - Successfully registered JMX Bean with object name Ratis:service=RaftServer,group=group-1E8C3A4F0960,id=s4
2025-10-10 11:53:27,240 [s4-groupManagement] INFO  util.JmxRegister (JmxRegister.java:register(58)) - register mxBean class org.apache.ratis.server.impl.RaftServerJmxAdapter as Ratis:service=RaftServer,group=group-1E8C3A4F0960,id=s4
2025-10-10 11:53:27,240 [s4-groupManagement] INFO  server.RaftServer$Division (RaftServerImpl.java:start(420)) - s4@group-1E8C3A4F0960: Successfully started.
2025-10-10 11:53:27,240 [main] DEBUG client.RaftClient (RaftClientImpl.java:close(465)) - close client-7A2FFEFA4C16
2025-10-10 11:53:27,241 [main] DEBUG client.RaftClient (RaftClientImpl.java:newRequest(95)) - attempt #1, newRequest GroupManagementRequest:client-81D45EF849D4->s0@group-1E8C3A4F0960, cid=382, seq=null, RW, null, Add:group-1E8C3A4F0960:[]
2025-10-10 11:53:27,241 [HandlerDaemon-2] INFO  server.RaftServer (RaftServerProxy.java:addNew(106)) - s0: addNew group-1E8C3A4F0960:[] returns group-1E8C3A4F0960:java.util.concurrent.CompletableFuture@4088e9a4[Not completed]
2025-10-10 11:53:27,241 [s0-groupManagement] INFO  server.RaftServer$Division (RaftServerImpl.java:<init>(269)) - s0: new RaftServerImpl for group-1E8C3A4F0960:[] with BaseStateMachine-61:uninitialized
2025-10-10 11:53:27,241 [s0-groupManagement] INFO  server.RaftServer$Division (ServerState.java:<init>(115)) - s0@group-1E8C3A4F0960: ConfigurationManager, init=conf: {index: -1, cur=peers:[]|listeners:[], old=null}, confs=<EMPTY_MAP>
2025-10-10 11:53:27,242 [s0-groupManagement] DEBUG server.RaftServer (RaftServerProxy.java:lambda$groupAddAsync$13(517)) - s0: newImpl =      null (NEW): s0@group-1E8C3A4F0960:t0, leader=null, voted=null, raftlog=UNINITIALIZED, conf=conf: {index: -1, cur=peers:[]|listeners:[], old=null}
2025-10-10 11:53:27,242 [s0-groupManagement] INFO  server.RaftServerConfigKeys (ConfUtils.java:logGet(62)) - raft.server.storage.dir = [/home/runner/work/ratis/ratis/ratis-test/target/test/data/319b119c/MiniRaftClusterWithSimulatedRpcdcda50c5/s0] (custom)
2025-10-10 11:53:27,242 [s0-groupManagement] INFO  storage.RaftStorageDirectory (RaftStorageDirectoryImpl.java:analyzeStorage(138)) - The storage directory /home/runner/work/ratis/ratis/ratis-test/target/test/data/319b119c/MiniRaftClusterWithSimulatedRpcdcda50c5/s0/6ef3c6aa-8286-4034-b7df-1e8c3a4f0960 does not exist. Creating ...
2025-10-10 11:53:27,243 [s0-groupManagement] TRACE util.FileUtils (LogUtils.java:runAndLog(49)) - Successfully ran Files.createDirectories /home/runner/work/ratis/ratis/ratis-test/target/test/data/319b119c/MiniRaftClusterWithSimulatedRpcdcda50c5/s0/6ef3c6aa-8286-4034-b7df-1e8c3a4f0960
2025-10-10 11:53:27,243 [s0-groupManagement] INFO  storage.RaftStorageDirectory (RaftStorageDirectoryImpl.java:tryLock(229)) - Lock on /home/runner/work/ratis/ratis/ratis-test/target/test/data/319b119c/MiniRaftClusterWithSimulatedRpcdcda50c5/s0/6ef3c6aa-8286-4034-b7df-1e8c3a4f0960/in_use.lock acquired by nodename 9833@runnervmwhb2z
2025-10-10 11:53:27,243 [s0-groupManagement] TRACE util.FileUtils (LogUtils.java:runAndLog(49)) - Successfully ran Files.createDirectories /home/runner/work/ratis/ratis/ratis-test/target/test/data/319b119c/MiniRaftClusterWithSimulatedRpcdcda50c5/s0/6ef3c6aa-8286-4034-b7df-1e8c3a4f0960/current
2025-10-10 11:53:27,243 [s0-groupManagement] TRACE util.FileUtils (LogUtils.java:runAndLog(49)) - Successfully ran Files.createDirectories /home/runner/work/ratis/ratis/ratis-test/target/test/data/319b119c/MiniRaftClusterWithSimulatedRpcdcda50c5/s0/6ef3c6aa-8286-4034-b7df-1e8c3a4f0960/sm
2025-10-10 11:53:27,244 [s0-groupManagement] TRACE util.FileUtils (LogUtils.java:supplyAndLog(69)) - Successfully supplied FileChannel.open /home/runner/work/ratis/ratis/ratis-test/target/test/data/319b119c/MiniRaftClusterWithSimulatedRpcdcda50c5/s0/6ef3c6aa-8286-4034-b7df-1e8c3a4f0960/current/raft-meta.tmp with options [CREATE, TRUNCATE_EXISTING, WRITE]: sun.nio.ch.FileChannelImpl@105679d6
2025-10-10 11:53:27,244 [s0-groupManagement] TRACE util.FileUtils (LogUtils.java:runAndLog(49)) - Successfully ran Atomic Files.move /home/runner/work/ratis/ratis/ratis-test/target/test/data/319b119c/MiniRaftClusterWithSimulatedRpcdcda50c5/s0/6ef3c6aa-8286-4034-b7df-1e8c3a4f0960/current/raft-meta.tmp to /home/runner/work/ratis/ratis/ratis-test/target/test/data/319b119c/MiniRaftClusterWithSimulatedRpcdcda50c5/s0/6ef3c6aa-8286-4034-b7df-1e8c3a4f0960/current/raft-meta with options [REPLACE_EXISTING]
2025-10-10 11:53:27,244 [s0-groupManagement] INFO  storage.RaftStorage (RaftStorageImpl.java:format(98)) - Storage directory /home/runner/work/ratis/ratis/ratis-test/target/test/data/319b119c/MiniRaftClusterWithSimulatedRpcdcda50c5/s0/6ef3c6aa-8286-4034-b7df-1e8c3a4f0960 has been successfully formatted.
2025-10-10 11:53:27,244 [s0-groupManagement] INFO  server.RaftServer$Division (ServerState.java:getSnapshotIndexFromStateMachine(155)) - s0@group-1E8C3A4F0960: getLatestSnapshot(BaseStateMachine-61:s0:group-1E8C3A4F0960) returns null
2025-10-10 11:53:27,245 [s0-groupManagement] INFO  raftlog.RaftLog (RaftLogBase.java:<init>(90)) - s0@group-1E8C3A4F0960-SegmentedRaftLog: snapshotIndexFromStateMachine = -1
2025-10-10 11:53:27,245 [s0-groupManagement] INFO  util.AwaitToRun (AwaitToRun.java:start(81)) - Thread[s0@group-1E8C3A4F0960-cacheEviction-AwaitToRun,5,main] started
2025-10-10 11:53:27,245 [s0-groupManagement] INFO  segmented.SegmentedRaftLogWorker (SegmentedRaftLogWorker.java:<init>(190)) - new s0@group-1E8C3A4F0960-SegmentedRaftLogWorker for RaftStorageImpl:Storage Directory /home/runner/work/ratis/ratis/ratis-test/target/test/data/319b119c/MiniRaftClusterWithSimulatedRpcdcda50c5/s0/6ef3c6aa-8286-4034-b7df-1e8c3a4f0960
2025-10-10 11:53:27,246 [s0-groupManagement] INFO  segmented.SegmentedRaftLogWorker (SegmentedRaftLogWorker.java:lambda$new$0(141)) - s0@group-1E8C3A4F0960-SegmentedRaftLogWorker: flushIndex: setUnconditionally 0 -> -1
2025-10-10 11:53:27,246 [s0-groupManagement] INFO  segmented.SegmentedRaftLogWorker (SegmentedRaftLogWorker.java:lambda$new$0(141)) - s0@group-1E8C3A4F0960-SegmentedRaftLogWorker: safeCacheEvictIndex: setUnconditionally 0 -> -1
2025-10-10 11:53:27,246 [s0-groupManagement] INFO  server.RaftServer$Division (RaftServerImpl.java:start(412)) - s0@group-1E8C3A4F0960: start with initializing state, conf=conf: {index: -1, cur=peers:[]|listeners:[], old=null}
2025-10-10 11:53:27,246 [s0-groupManagement] INFO  server.RaftServer$Division (RaftServerImpl.java:setRole(393)) - s0@group-1E8C3A4F0960: changes role from      null to FOLLOWER at term 0 for NOT_IN_CONF
2025-10-10 11:53:27,246 [s0-groupManagement] INFO  util.JmxRegister (JmxRegister.java:tryRegister(44)) - Successfully registered JMX Bean with object name Ratis:service=RaftServer,group=group-1E8C3A4F0960,id=s0
2025-10-10 11:53:27,246 [s0-groupManagement] INFO  util.JmxRegister (JmxRegister.java:register(58)) - register mxBean class org.apache.ratis.server.impl.RaftServerJmxAdapter as Ratis:service=RaftServer,group=group-1E8C3A4F0960,id=s0
2025-10-10 11:53:27,246 [s0-groupManagement] INFO  server.RaftServer$Division (RaftServerImpl.java:start(420)) - s0@group-1E8C3A4F0960: Successfully started.
2025-10-10 11:53:27,247 [main] DEBUG client.RaftClient (RaftClientImpl.java:close(465)) - close client-81D45EF849D4
2025-10-10 11:53:27,247 [main] DEBUG client.RaftClient (RaftClientImpl.java:newRequest(95)) - attempt #1, newRequest GroupManagementRequest:client-6FF98FC6EC4D->s1@group-1E8C3A4F0960, cid=383, seq=null, RW, null, Add:group-1E8C3A4F0960:[]
2025-10-10 11:53:27,247 [HandlerDaemon-2] INFO  server.RaftServer (RaftServerProxy.java:addNew(106)) - s1: addNew group-1E8C3A4F0960:[] returns group-1E8C3A4F0960:java.util.concurrent.CompletableFuture@2ac461e5[Not completed]
2025-10-10 11:53:27,248 [s1-groupManagement] INFO  server.RaftServer$Division (RaftServerImpl.java:<init>(269)) - s1: new RaftServerImpl for group-1E8C3A4F0960:[] with BaseStateMachine-62:uninitialized
2025-10-10 11:53:27,248 [s1-groupManagement] INFO  server.RaftServer$Division (ServerState.java:<init>(115)) - s1@group-1E8C3A4F0960: ConfigurationManager, init=conf: {index: -1, cur=peers:[]|listeners:[], old=null}, confs=<EMPTY_MAP>
2025-10-10 11:53:27,248 [s1-groupManagement] DEBUG server.RaftServer (RaftServerProxy.java:lambda$groupAddAsync$13(517)) - s1: newImpl =      null (NEW): s1@group-1E8C3A4F0960:t0, leader=null, voted=null, raftlog=UNINITIALIZED, conf=conf: {index: -1, cur=peers:[]|listeners:[], old=null}
2025-10-10 11:53:27,249 [s1-groupManagement] INFO  server.RaftServerConfigKeys (ConfUtils.java:logGet(62)) - raft.server.storage.dir = [/home/runner/work/ratis/ratis/ratis-test/target/test/data/319b119c/MiniRaftClusterWithSimulatedRpcdcda50c5/s1] (custom)
2025-10-10 11:53:27,249 [s1-groupManagement] INFO  storage.RaftStorageDirectory (RaftStorageDirectoryImpl.java:analyzeStorage(138)) - The storage directory /home/runner/work/ratis/ratis/ratis-test/target/test/data/319b119c/MiniRaftClusterWithSimulatedRpcdcda50c5/s1/6ef3c6aa-8286-4034-b7df-1e8c3a4f0960 does not exist. Creating ...
2025-10-10 11:53:27,249 [s1-groupManagement] TRACE util.FileUtils (LogUtils.java:runAndLog(49)) - Successfully ran Files.createDirectories /home/runner/work/ratis/ratis/ratis-test/target/test/data/319b119c/MiniRaftClusterWithSimulatedRpcdcda50c5/s1/6ef3c6aa-8286-4034-b7df-1e8c3a4f0960
2025-10-10 11:53:27,250 [s1-groupManagement] INFO  storage.RaftStorageDirectory (RaftStorageDirectoryImpl.java:tryLock(229)) - Lock on /home/runner/work/ratis/ratis/ratis-test/target/test/data/319b119c/MiniRaftClusterWithSimulatedRpcdcda50c5/s1/6ef3c6aa-8286-4034-b7df-1e8c3a4f0960/in_use.lock acquired by nodename 9833@runnervmwhb2z
2025-10-10 11:53:27,250 [s1-groupManagement] TRACE util.FileUtils (LogUtils.java:runAndLog(49)) - Successfully ran Files.createDirectories /home/runner/work/ratis/ratis/ratis-test/target/test/data/319b119c/MiniRaftClusterWithSimulatedRpcdcda50c5/s1/6ef3c6aa-8286-4034-b7df-1e8c3a4f0960/current
2025-10-10 11:53:27,250 [s1-groupManagement] TRACE util.FileUtils (LogUtils.java:runAndLog(49)) - Successfully ran Files.createDirectories /home/runner/work/ratis/ratis/ratis-test/target/test/data/319b119c/MiniRaftClusterWithSimulatedRpcdcda50c5/s1/6ef3c6aa-8286-4034-b7df-1e8c3a4f0960/sm
2025-10-10 11:53:27,250 [s1-groupManagement] TRACE util.FileUtils (LogUtils.java:supplyAndLog(69)) - Successfully supplied FileChannel.open /home/runner/work/ratis/ratis/ratis-test/target/test/data/319b119c/MiniRaftClusterWithSimulatedRpcdcda50c5/s1/6ef3c6aa-8286-4034-b7df-1e8c3a4f0960/current/raft-meta.tmp with options [CREATE, TRUNCATE_EXISTING, WRITE]: sun.nio.ch.FileChannelImpl@5fe9b762
2025-10-10 11:53:27,250 [s1-groupManagement] TRACE util.FileUtils (LogUtils.java:runAndLog(49)) - Successfully ran Atomic Files.move /home/runner/work/ratis/ratis/ratis-test/target/test/data/319b119c/MiniRaftClusterWithSimulatedRpcdcda50c5/s1/6ef3c6aa-8286-4034-b7df-1e8c3a4f0960/current/raft-meta.tmp to /home/runner/work/ratis/ratis/ratis-test/target/test/data/319b119c/MiniRaftClusterWithSimulatedRpcdcda50c5/s1/6ef3c6aa-8286-4034-b7df-1e8c3a4f0960/current/raft-meta with options [REPLACE_EXISTING]
2025-10-10 11:53:27,251 [s1-groupManagement] INFO  storage.RaftStorage (RaftStorageImpl.java:format(98)) - Storage directory /home/runner/work/ratis/ratis/ratis-test/target/test/data/319b119c/MiniRaftClusterWithSimulatedRpcdcda50c5/s1/6ef3c6aa-8286-4034-b7df-1e8c3a4f0960 has been successfully formatted.
2025-10-10 11:53:27,251 [s1-groupManagement] INFO  server.RaftServer$Division (ServerState.java:getSnapshotIndexFromStateMachine(155)) - s1@group-1E8C3A4F0960: getLatestSnapshot(BaseStateMachine-62:s1:group-1E8C3A4F0960) returns null
2025-10-10 11:53:27,251 [s1-groupManagement] INFO  raftlog.RaftLog (RaftLogBase.java:<init>(90)) - s1@group-1E8C3A4F0960-SegmentedRaftLog: snapshotIndexFromStateMachine = -1
2025-10-10 11:53:27,251 [s1-groupManagement] INFO  util.AwaitToRun (AwaitToRun.java:start(81)) - Thread[s1@group-1E8C3A4F0960-cacheEviction-AwaitToRun,5,main] started
2025-10-10 11:53:27,251 [s1-groupManagement] INFO  segmented.SegmentedRaftLogWorker (SegmentedRaftLogWorker.java:<init>(190)) - new s1@group-1E8C3A4F0960-SegmentedRaftLogWorker for RaftStorageImpl:Storage Directory /home/runner/work/ratis/ratis/ratis-test/target/test/data/319b119c/MiniRaftClusterWithSimulatedRpcdcda50c5/s1/6ef3c6aa-8286-4034-b7df-1e8c3a4f0960
2025-10-10 11:53:27,252 [s1-groupManagement] INFO  segmented.SegmentedRaftLogWorker (SegmentedRaftLogWorker.java:lambda$new$0(141)) - s1@group-1E8C3A4F0960-SegmentedRaftLogWorker: flushIndex: setUnconditionally 0 -> -1
2025-10-10 11:53:27,252 [s1-groupManagement] INFO  segmented.SegmentedRaftLogWorker (SegmentedRaftLogWorker.java:lambda$new$0(141)) - s1@group-1E8C3A4F0960-SegmentedRaftLogWorker: safeCacheEvictIndex: setUnconditionally 0 -> -1
2025-10-10 11:53:27,252 [s1-groupManagement] INFO  server.RaftServer$Division (RaftServerImpl.java:start(412)) - s1@group-1E8C3A4F0960: start with initializing state, conf=conf: {index: -1, cur=peers:[]|listeners:[], old=null}
2025-10-10 11:53:27,252 [s1-groupManagement] INFO  server.RaftServer$Division (RaftServerImpl.java:setRole(393)) - s1@group-1E8C3A4F0960: changes role from      null to FOLLOWER at term 0 for NOT_IN_CONF
2025-10-10 11:53:27,252 [s1-groupManagement] INFO  util.JmxRegister (JmxRegister.java:tryRegister(44)) - Successfully registered JMX Bean with object name Ratis:service=RaftServer,group=group-1E8C3A4F0960,id=s1
2025-10-10 11:53:27,252 [s1-groupManagement] INFO  util.JmxRegister (JmxRegister.java:register(58)) - register mxBean class org.apache.ratis.server.impl.RaftServerJmxAdapter as Ratis:service=RaftServer,group=group-1E8C3A4F0960,id=s1
2025-10-10 11:53:27,253 [s1-groupManagement] INFO  server.RaftServer$Division (RaftServerImpl.java:start(420)) - s1@group-1E8C3A4F0960: Successfully started.
2025-10-10 11:53:27,253 [main] DEBUG client.RaftClient (RaftClientImpl.java:close(465)) - close client-6FF98FC6EC4D
2025-10-10 11:53:27,253 [main] DEBUG client.RaftClient (RaftClientImpl.java:newRequest(95)) - attempt #1, newRequest GroupManagementRequest:client-4233D495B8EF->s2@group-1E8C3A4F0960, cid=384, seq=null, RW, null, Add:group-1E8C3A4F0960:[]
2025-10-10 11:53:27,254 [HandlerDaemon-2] INFO  server.RaftServer (RaftServerProxy.java:addNew(106)) - s2: addNew group-1E8C3A4F0960:[] returns group-1E8C3A4F0960:java.util.concurrent.CompletableFuture@75c2808f[Not completed]
2025-10-10 11:53:27,254 [s2-groupManagement] INFO  server.RaftServer$Division (RaftServerImpl.java:<init>(269)) - s2: new RaftServerImpl for group-1E8C3A4F0960:[] with BaseStateMachine-63:uninitialized
2025-10-10 11:53:27,254 [s2-groupManagement] INFO  server.RaftServer$Division (ServerState.java:<init>(115)) - s2@group-1E8C3A4F0960: ConfigurationManager, init=conf: {index: -1, cur=peers:[]|listeners:[], old=null}, confs=<EMPTY_MAP>
2025-10-10 11:53:27,255 [s2-groupManagement] DEBUG server.RaftServer (RaftServerProxy.java:lambda$groupAddAsync$13(517)) - s2: newImpl =      null (NEW): s2@group-1E8C3A4F0960:t0, leader=null, voted=null, raftlog=UNINITIALIZED, conf=conf: {index: -1, cur=peers:[]|listeners:[], old=null}
2025-10-10 11:53:27,255 [s2-groupManagement] INFO  server.RaftServerConfigKeys (ConfUtils.java:logGet(62)) - raft.server.storage.dir = [/home/runner/work/ratis/ratis/ratis-test/target/test/data/319b119c/MiniRaftClusterWithSimulatedRpcdcda50c5/s2] (custom)
2025-10-10 11:53:27,255 [s2-groupManagement] INFO  storage.RaftStorageDirectory (RaftStorageDirectoryImpl.java:analyzeStorage(138)) - The storage directory /home/runner/work/ratis/ratis/ratis-test/target/test/data/319b119c/MiniRaftClusterWithSimulatedRpcdcda50c5/s2/6ef3c6aa-8286-4034-b7df-1e8c3a4f0960 does not exist. Creating ...
2025-10-10 11:53:27,256 [s2-groupManagement] TRACE util.FileUtils (LogUtils.java:runAndLog(49)) - Successfully ran Files.createDirectories /home/runner/work/ratis/ratis/ratis-test/target/test/data/319b119c/MiniRaftClusterWithSimulatedRpcdcda50c5/s2/6ef3c6aa-8286-4034-b7df-1e8c3a4f0960
2025-10-10 11:53:27,256 [s2-groupManagement] INFO  storage.RaftStorageDirectory (RaftStorageDirectoryImpl.java:tryLock(229)) - Lock on /home/runner/work/ratis/ratis/ratis-test/target/test/data/319b119c/MiniRaftClusterWithSimulatedRpcdcda50c5/s2/6ef3c6aa-8286-4034-b7df-1e8c3a4f0960/in_use.lock acquired by nodename 9833@runnervmwhb2z
2025-10-10 11:53:27,256 [s2-groupManagement] TRACE util.FileUtils (LogUtils.java:runAndLog(49)) - Successfully ran Files.createDirectories /home/runner/work/ratis/ratis/ratis-test/target/test/data/319b119c/MiniRaftClusterWithSimulatedRpcdcda50c5/s2/6ef3c6aa-8286-4034-b7df-1e8c3a4f0960/current
2025-10-10 11:53:27,256 [s2-groupManagement] TRACE util.FileUtils (LogUtils.java:runAndLog(49)) - Successfully ran Files.createDirectories /home/runner/work/ratis/ratis/ratis-test/target/test/data/319b119c/MiniRaftClusterWithSimulatedRpcdcda50c5/s2/6ef3c6aa-8286-4034-b7df-1e8c3a4f0960/sm
2025-10-10 11:53:27,256 [s2-groupManagement] TRACE util.FileUtils (LogUtils.java:supplyAndLog(69)) - Successfully supplied FileChannel.open /home/runner/work/ratis/ratis/ratis-test/target/test/data/319b119c/MiniRaftClusterWithSimulatedRpcdcda50c5/s2/6ef3c6aa-8286-4034-b7df-1e8c3a4f0960/current/raft-meta.tmp with options [CREATE, TRUNCATE_EXISTING, WRITE]: sun.nio.ch.FileChannelImpl@420fd9be
2025-10-10 11:53:27,257 [s2-groupManagement] TRACE util.FileUtils (LogUtils.java:runAndLog(49)) - Successfully ran Atomic Files.move /home/runner/work/ratis/ratis/ratis-test/target/test/data/319b119c/MiniRaftClusterWithSimulatedRpcdcda50c5/s2/6ef3c6aa-8286-4034-b7df-1e8c3a4f0960/current/raft-meta.tmp to /home/runner/work/ratis/ratis/ratis-test/target/test/data/319b119c/MiniRaftClusterWithSimulatedRpcdcda50c5/s2/6ef3c6aa-8286-4034-b7df-1e8c3a4f0960/current/raft-meta with options [REPLACE_EXISTING]
2025-10-10 11:53:27,257 [s2-groupManagement] INFO  storage.RaftStorage (RaftStorageImpl.java:format(98)) - Storage directory /home/runner/work/ratis/ratis/ratis-test/target/test/data/319b119c/MiniRaftClusterWithSimulatedRpcdcda50c5/s2/6ef3c6aa-8286-4034-b7df-1e8c3a4f0960 has been successfully formatted.
2025-10-10 11:53:27,257 [s2-groupManagement] INFO  server.RaftServer$Division (ServerState.java:getSnapshotIndexFromStateMachine(155)) - s2@group-1E8C3A4F0960: getLatestSnapshot(BaseStateMachine-63:s2:group-1E8C3A4F0960) returns null
2025-10-10 11:53:27,257 [s2-groupManagement] INFO  raftlog.RaftLog (RaftLogBase.java:<init>(90)) - s2@group-1E8C3A4F0960-SegmentedRaftLog: snapshotIndexFromStateMachine = -1
2025-10-10 11:53:27,258 [s2-groupManagement] INFO  util.AwaitToRun (AwaitToRun.java:start(81)) - Thread[s2@group-1E8C3A4F0960-cacheEviction-AwaitToRun,5,main] started
2025-10-10 11:53:27,258 [s2-groupManagement] INFO  segmented.SegmentedRaftLogWorker (SegmentedRaftLogWorker.java:<init>(190)) - new s2@group-1E8C3A4F0960-SegmentedRaftLogWorker for RaftStorageImpl:Storage Directory /home/runner/work/ratis/ratis/ratis-test/target/test/data/319b119c/MiniRaftClusterWithSimulatedRpcdcda50c5/s2/6ef3c6aa-8286-4034-b7df-1e8c3a4f0960
2025-10-10 11:53:27,258 [s2-groupManagement] INFO  segmented.SegmentedRaftLogWorker (SegmentedRaftLogWorker.java:lambda$new$0(141)) - s2@group-1E8C3A4F0960-SegmentedRaftLogWorker: flushIndex: setUnconditionally 0 -> -1
2025-10-10 11:53:27,259 [s2-groupManagement] INFO  segmented.SegmentedRaftLogWorker (SegmentedRaftLogWorker.java:lambda$new$0(141)) - s2@group-1E8C3A4F0960-SegmentedRaftLogWorker: safeCacheEvictIndex: setUnconditionally 0 -> -1
2025-10-10 11:53:27,259 [s2-groupManagement] INFO  server.RaftServer$Division (RaftServerImpl.java:start(412)) - s2@group-1E8C3A4F0960: start with initializing state, conf=conf: {index: -1, cur=peers:[]|listeners:[], old=null}
2025-10-10 11:53:27,259 [s2-groupManagement] INFO  server.RaftServer$Division (RaftServerImpl.java:setRole(393)) - s2@group-1E8C3A4F0960: changes role from      null to FOLLOWER at term 0 for NOT_IN_CONF
2025-10-10 11:53:27,259 [s2-groupManagement] INFO  util.JmxRegister (JmxRegister.java:tryRegister(44)) - Successfully registered JMX Bean with object name Ratis:service=RaftServer,group=group-1E8C3A4F0960,id=s2
2025-10-10 11:53:27,259 [s2-groupManagement] INFO  util.JmxRegister (JmxRegister.java:register(58)) - register mxBean class org.apache.ratis.server.impl.RaftServerJmxAdapter as Ratis:service=RaftServer,group=group-1E8C3A4F0960,id=s2
2025-10-10 11:53:27,260 [s2-groupManagement] INFO  server.RaftServer$Division (RaftServerImpl.java:start(420)) - s2@group-1E8C3A4F0960: Successfully started.
2025-10-10 11:53:27,261 [main] DEBUG client.RaftClient (RaftClientImpl.java:close(465)) - close client-4233D495B8EF
2025-10-10 11:53:27,261 [main] INFO  impl.GroupManagementBaseTest (GroupManagementBaseTest.java:runMultiGroupTest(324)) - 1) groupAdd: printing group-D4D3B96D910D
2025-10-10 11:53:27,262 [main] DEBUG client.RaftClient (RaftClientImpl.java:newRequest(95)) - attempt #1, newRequest GroupManagementRequest:client-7CE7EA4371AD->s5@group-1E8C3A4F0960, cid=385, seq=null, RW, null, Add:group-1E8C3A4F0960:[]
2025-10-10 11:53:27,262 [HandlerDaemon-2] INFO  server.RaftServer (RaftServerProxy.java:addNew(106)) - s5: addNew group-1E8C3A4F0960:[] returns group-1E8C3A4F0960:java.util.concurrent.CompletableFuture@46437e44[Not completed]
2025-10-10 11:53:27,262 [s5-groupManagement] INFO  server.RaftServer$Division (RaftServerImpl.java:<init>(269)) - s5: new RaftServerImpl for group-1E8C3A4F0960:[] with BaseStateMachine-64:uninitialized
2025-10-10 11:53:27,262 [s5-groupManagement] INFO  server.RaftServer$Division (ServerState.java:<init>(115)) - s5@group-1E8C3A4F0960: ConfigurationManager, init=conf: {index: -1, cur=peers:[]|listeners:[], old=null}, confs=<EMPTY_MAP>
2025-10-10 11:53:27,263 [s5-groupManagement] DEBUG server.RaftServer (RaftServerProxy.java:lambda$groupAddAsync$13(517)) - s5: newImpl =      null (NEW): s5@group-1E8C3A4F0960:t0, leader=null, voted=null, raftlog=UNINITIALIZED, conf=conf: {index: -1, cur=peers:[]|listeners:[], old=null}
2025-10-10 11:53:27,263 [s5-groupManagement] INFO  server.RaftServerConfigKeys (ConfUtils.java:logGet(62)) - raft.server.storage.dir = [/home/runner/work/ratis/ratis/ratis-test/target/test/data/319b119c/MiniRaftClusterWithSimulatedRpcdcda50c5/s5] (custom)
2025-10-10 11:53:27,264 [s5-groupManagement] INFO  storage.RaftStorageDirectory (RaftStorageDirectoryImpl.java:analyzeStorage(138)) - The storage directory /home/runner/work/ratis/ratis/ratis-test/target/test/data/319b119c/MiniRaftClusterWithSimulatedRpcdcda50c5/s5/6ef3c6aa-8286-4034-b7df-1e8c3a4f0960 does not exist. Creating ...
2025-10-10 11:53:27,264 [s5-groupManagement] TRACE util.FileUtils (LogUtils.java:runAndLog(49)) - Successfully ran Files.createDirectories /home/runner/work/ratis/ratis/ratis-test/target/test/data/319b119c/MiniRaftClusterWithSimulatedRpcdcda50c5/s5/6ef3c6aa-8286-4034-b7df-1e8c3a4f0960
2025-10-10 11:53:27,266 [s5-groupManagement] INFO  storage.RaftStorageDirectory (RaftStorageDirectoryImpl.java:tryLock(229)) - Lock on /home/runner/work/ratis/ratis/ratis-test/target/test/data/319b119c/MiniRaftClusterWithSimulatedRpcdcda50c5/s5/6ef3c6aa-8286-4034-b7df-1e8c3a4f0960/in_use.lock acquired by nodename 9833@runnervmwhb2z
2025-10-10 11:53:27,266 [s5-groupManagement] TRACE util.FileUtils (LogUtils.java:runAndLog(49)) - Successfully ran Files.createDirectories /home/runner/work/ratis/ratis/ratis-test/target/test/data/319b119c/MiniRaftClusterWithSimulatedRpcdcda50c5/s5/6ef3c6aa-8286-4034-b7df-1e8c3a4f0960/current
2025-10-10 11:53:27,266 [s5-groupManagement] TRACE util.FileUtils (LogUtils.java:runAndLog(49)) - Successfully ran Files.createDirectories /home/runner/work/ratis/ratis/ratis-test/target/test/data/319b119c/MiniRaftClusterWithSimulatedRpcdcda50c5/s5/6ef3c6aa-8286-4034-b7df-1e8c3a4f0960/sm
2025-10-10 11:53:27,266 [s5-groupManagement] TRACE util.FileUtils (LogUtils.java:supplyAndLog(69)) - Successfully supplied FileChannel.open /home/runner/work/ratis/ratis/ratis-test/target/test/data/319b119c/MiniRaftClusterWithSimulatedRpcdcda50c5/s5/6ef3c6aa-8286-4034-b7df-1e8c3a4f0960/current/raft-meta.tmp with options [CREATE, TRUNCATE_EXISTING, WRITE]: sun.nio.ch.FileChannelImpl@4409f589
2025-10-10 11:53:27,267 [s5-groupManagement] TRACE util.FileUtils (LogUtils.java:runAndLog(49)) - Successfully ran Atomic Files.move /home/runner/work/ratis/ratis/ratis-test/target/test/data/319b119c/MiniRaftClusterWithSimulatedRpcdcda50c5/s5/6ef3c6aa-8286-4034-b7df-1e8c3a4f0960/current/raft-meta.tmp to /home/runner/work/ratis/ratis/ratis-test/target/test/data/319b119c/MiniRaftClusterWithSimulatedRpcdcda50c5/s5/6ef3c6aa-8286-4034-b7df-1e8c3a4f0960/current/raft-meta with options [REPLACE_EXISTING]
2025-10-10 11:53:27,267 [s5-groupManagement] INFO  storage.RaftStorage (RaftStorageImpl.java:format(98)) - Storage directory /home/runner/work/ratis/ratis/ratis-test/target/test/data/319b119c/MiniRaftClusterWithSimulatedRpcdcda50c5/s5/6ef3c6aa-8286-4034-b7df-1e8c3a4f0960 has been successfully formatted.
2025-10-10 11:53:27,267 [s5-groupManagement] INFO  server.RaftServer$Division (ServerState.java:getSnapshotIndexFromStateMachine(155)) - s5@group-1E8C3A4F0960: getLatestSnapshot(BaseStateMachine-64:s5:group-1E8C3A4F0960) returns null
2025-10-10 11:53:27,267 [s5-groupManagement] INFO  raftlog.RaftLog (RaftLogBase.java:<init>(90)) - s5@group-1E8C3A4F0960-SegmentedRaftLog: snapshotIndexFromStateMachine = -1
2025-10-10 11:53:27,268 [s5-groupManagement] INFO  util.AwaitToRun (AwaitToRun.java:start(81)) - Thread[s5@group-1E8C3A4F0960-cacheEviction-AwaitToRun,5,main] started
2025-10-10 11:53:27,268 [s5-groupManagement] INFO  segmented.SegmentedRaftLogWorker (SegmentedRaftLogWorker.java:<init>(190)) - new s5@group-1E8C3A4F0960-SegmentedRaftLogWorker for RaftStorageImpl:Storage Directory /home/runner/work/ratis/ratis/ratis-test/target/test/data/319b119c/MiniRaftClusterWithSimulatedRpcdcda50c5/s5/6ef3c6aa-8286-4034-b7df-1e8c3a4f0960
2025-10-10 11:53:27,269 [s5-groupManagement] INFO  segmented.SegmentedRaftLogWorker (SegmentedRaftLogWorker.java:lambda$new$0(141)) - s5@group-1E8C3A4F0960-SegmentedRaftLogWorker: flushIndex: setUnconditionally 0 -> -1
2025-10-10 11:53:27,269 [s5-groupManagement] INFO  segmented.SegmentedRaftLogWorker (SegmentedRaftLogWorker.java:lambda$new$0(141)) - s5@group-1E8C3A4F0960-SegmentedRaftLogWorker: safeCacheEvictIndex: setUnconditionally 0 -> -1
2025-10-10 11:53:27,269 [s5-groupManagement] INFO  server.RaftServer$Division (RaftServerImpl.java:start(412)) - s5@group-1E8C3A4F0960: start with initializing state, conf=conf: {index: -1, cur=peers:[]|listeners:[], old=null}
2025-10-10 11:53:27,269 [s5-groupManagement] INFO  server.RaftServer$Division (RaftServerImpl.java:setRole(393)) - s5@group-1E8C3A4F0960: changes role from      null to FOLLOWER at term 0 for NOT_IN_CONF
2025-10-10 11:53:27,269 [s5-groupManagement] INFO  util.JmxRegister (JmxRegister.java:tryRegister(44)) - Successfully registered JMX Bean with object name Ratis:service=RaftServer,group=group-1E8C3A4F0960,id=s5
2025-10-10 11:53:27,269 [s5-groupManagement] INFO  util.JmxRegister (JmxRegister.java:register(58)) - register mxBean class org.apache.ratis.server.impl.RaftServerJmxAdapter as Ratis:service=RaftServer,group=group-1E8C3A4F0960,id=s5
2025-10-10 11:53:27,269 [s5-groupManagement] INFO  server.RaftServer$Division (RaftServerImpl.java:start(420)) - s5@group-1E8C3A4F0960: Successfully started.
2025-10-10 11:53:27,270 [main] DEBUG client.RaftClient (RaftClientImpl.java:close(465)) - close client-7CE7EA4371AD
2025-10-10 11:53:27,270 [main] DEBUG client.RaftClient (RaftClientImpl.java:newRequest(95)) - attempt #1, newRequest GroupManagementRequest:client-8469D0FC911D->s6@group-1E8C3A4F0960, cid=386, seq=null, RW, null, Add:group-1E8C3A4F0960:[]
2025-10-10 11:53:27,270 [HandlerDaemon-2] INFO  server.RaftServer (RaftServerProxy.java:addNew(106)) - s6: addNew group-1E8C3A4F0960:[] returns group-1E8C3A4F0960:java.util.concurrent.CompletableFuture@483dd31a[Not completed]
2025-10-10 11:53:27,270 [s6-groupManagement] INFO  server.RaftServer$Division (RaftServerImpl.java:<init>(269)) - s6: new RaftServerImpl for group-1E8C3A4F0960:[] with BaseStateMachine-65:uninitialized
2025-10-10 11:53:27,270 [s6-groupManagement] INFO  server.RaftServer$Division (ServerState.java:<init>(115)) - s6@group-1E8C3A4F0960: ConfigurationManager, init=conf: {index: -1, cur=peers:[]|listeners:[], old=null}, confs=<EMPTY_MAP>
2025-10-10 11:53:27,271 [s6-groupManagement] DEBUG server.RaftServer (RaftServerProxy.java:lambda$groupAddAsync$13(517)) - s6: newImpl =      null (NEW): s6@group-1E8C3A4F0960:t0, leader=null, voted=null, raftlog=UNINITIALIZED, conf=conf: {index: -1, cur=peers:[]|listeners:[], old=null}
2025-10-10 11:53:27,271 [s6-groupManagement] INFO  server.RaftServerConfigKeys (ConfUtils.java:logGet(62)) - raft.server.storage.dir = [/home/runner/work/ratis/ratis/ratis-test/target/test/data/319b119c/MiniRaftClusterWithSimulatedRpcdcda50c5/s6] (custom)
2025-10-10 11:53:27,271 [s6-groupManagement] INFO  storage.RaftStorageDirectory (RaftStorageDirectoryImpl.java:analyzeStorage(138)) - The storage directory /home/runner/work/ratis/ratis/ratis-test/target/test/data/319b119c/MiniRaftClusterWithSimulatedRpcdcda50c5/s6/6ef3c6aa-8286-4034-b7df-1e8c3a4f0960 does not exist. Creating ...
2025-10-10 11:53:27,272 [s6-groupManagement] TRACE util.FileUtils (LogUtils.java:runAndLog(49)) - Successfully ran Files.createDirectories /home/runner/work/ratis/ratis/ratis-test/target/test/data/319b119c/MiniRaftClusterWithSimulatedRpcdcda50c5/s6/6ef3c6aa-8286-4034-b7df-1e8c3a4f0960
2025-10-10 11:53:27,272 [s6-groupManagement] INFO  storage.RaftStorageDirectory (RaftStorageDirectoryImpl.java:tryLock(229)) - Lock on /home/runner/work/ratis/ratis/ratis-test/target/test/data/319b119c/MiniRaftClusterWithSimulatedRpcdcda50c5/s6/6ef3c6aa-8286-4034-b7df-1e8c3a4f0960/in_use.lock acquired by nodename 9833@runnervmwhb2z
2025-10-10 11:53:27,272 [s6-groupManagement] TRACE util.FileUtils (LogUtils.java:runAndLog(49)) - Successfully ran Files.createDirectories /home/runner/work/ratis/ratis/ratis-test/target/test/data/319b119c/MiniRaftClusterWithSimulatedRpcdcda50c5/s6/6ef3c6aa-8286-4034-b7df-1e8c3a4f0960/current
2025-10-10 11:53:27,272 [s6-groupManagement] TRACE util.FileUtils (LogUtils.java:runAndLog(49)) - Successfully ran Files.createDirectories /home/runner/work/ratis/ratis/ratis-test/target/test/data/319b119c/MiniRaftClusterWithSimulatedRpcdcda50c5/s6/6ef3c6aa-8286-4034-b7df-1e8c3a4f0960/sm
2025-10-10 11:53:27,273 [s6-groupManagement] TRACE util.FileUtils (LogUtils.java:supplyAndLog(69)) - Successfully supplied FileChannel.open /home/runner/work/ratis/ratis/ratis-test/target/test/data/319b119c/MiniRaftClusterWithSimulatedRpcdcda50c5/s6/6ef3c6aa-8286-4034-b7df-1e8c3a4f0960/current/raft-meta.tmp with options [CREATE, TRUNCATE_EXISTING, WRITE]: sun.nio.ch.FileChannelImpl@7a490958
2025-10-10 11:53:27,273 [s6-groupManagement] TRACE util.FileUtils (LogUtils.java:runAndLog(49)) - Successfully ran Atomic Files.move /home/runner/work/ratis/ratis/ratis-test/target/test/data/319b119c/MiniRaftClusterWithSimulatedRpcdcda50c5/s6/6ef3c6aa-8286-4034-b7df-1e8c3a4f0960/current/raft-meta.tmp to /home/runner/work/ratis/ratis/ratis-test/target/test/data/319b119c/MiniRaftClusterWithSimulatedRpcdcda50c5/s6/6ef3c6aa-8286-4034-b7df-1e8c3a4f0960/current/raft-meta with options [REPLACE_EXISTING]
2025-10-10 11:53:27,273 [s6-groupManagement] INFO  storage.RaftStorage (RaftStorageImpl.java:format(98)) - Storage directory /home/runner/work/ratis/ratis/ratis-test/target/test/data/319b119c/MiniRaftClusterWithSimulatedRpcdcda50c5/s6/6ef3c6aa-8286-4034-b7df-1e8c3a4f0960 has been successfully formatted.
2025-10-10 11:53:27,273 [s6-groupManagement] INFO  server.RaftServer$Division (ServerState.java:getSnapshotIndexFromStateMachine(155)) - s6@group-1E8C3A4F0960: getLatestSnapshot(BaseStateMachine-65:s6:group-1E8C3A4F0960) returns null
2025-10-10 11:53:27,273 [s6-groupManagement] INFO  raftlog.RaftLog (RaftLogBase.java:<init>(90)) - s6@group-1E8C3A4F0960-SegmentedRaftLog: snapshotIndexFromStateMachine = -1
2025-10-10 11:53:27,274 [s6-groupManagement] INFO  util.AwaitToRun (AwaitToRun.java:start(81)) - Thread[s6@group-1E8C3A4F0960-cacheEviction-AwaitToRun,5,main] started
2025-10-10 11:53:27,274 [s6-groupManagement] INFO  segmented.SegmentedRaftLogWorker (SegmentedRaftLogWorker.java:<init>(190)) - new s6@group-1E8C3A4F0960-SegmentedRaftLogWorker for RaftStorageImpl:Storage Directory /home/runner/work/ratis/ratis/ratis-test/target/test/data/319b119c/MiniRaftClusterWithSimulatedRpcdcda50c5/s6/6ef3c6aa-8286-4034-b7df-1e8c3a4f0960
2025-10-10 11:53:27,275 [s6-groupManagement] INFO  segmented.SegmentedRaftLogWorker (SegmentedRaftLogWorker.java:lambda$new$0(141)) - s6@group-1E8C3A4F0960-SegmentedRaftLogWorker: flushIndex: setUnconditionally 0 -> -1
2025-10-10 11:53:27,275 [s6-groupManagement] INFO  segmented.SegmentedRaftLogWorker (SegmentedRaftLogWorker.java:lambda$new$0(141)) - s6@group-1E8C3A4F0960-SegmentedRaftLogWorker: safeCacheEvictIndex: setUnconditionally 0 -> -1
2025-10-10 11:53:27,275 [s6-groupManagement] INFO  server.RaftServer$Division (RaftServerImpl.java:start(412)) - s6@group-1E8C3A4F0960: start with initializing state, conf=conf: {index: -1, cur=peers:[]|listeners:[], old=null}
2025-10-10 11:53:27,275 [s6-groupManagement] INFO  server.RaftServer$Division (RaftServerImpl.java:setRole(393)) - s6@group-1E8C3A4F0960: changes role from      null to FOLLOWER at term 0 for NOT_IN_CONF
2025-10-10 11:53:27,275 [s6-groupManagement] INFO  util.JmxRegister (JmxRegister.java:tryRegister(44)) - Successfully registered JMX Bean with object name Ratis:service=RaftServer,group=group-1E8C3A4F0960,id=s6
2025-10-10 11:53:27,275 [s6-groupManagement] INFO  util.JmxRegister (JmxRegister.java:register(58)) - register mxBean class org.apache.ratis.server.impl.RaftServerJmxAdapter as Ratis:service=RaftServer,group=group-1E8C3A4F0960,id=s6
2025-10-10 11:53:27,276 [s6-groupManagement] INFO  server.RaftServer$Division (RaftServerImpl.java:start(420)) - s6@group-1E8C3A4F0960: Successfully started.
2025-10-10 11:53:27,276 [main] DEBUG client.RaftClient (RaftClientImpl.java:close(465)) - close client-8469D0FC911D
2025-10-10 11:53:27,276 [main] DEBUG client.RaftClient (RaftClientImpl.java:newRequest(95)) - attempt #1, newRequest GroupManagementRequest:client-679EBA8CD60D->s7@group-1E8C3A4F0960, cid=387, seq=null, RW, null, Add:group-1E8C3A4F0960:[]
2025-10-10 11:53:27,277 [HandlerDaemon-2] INFO  server.RaftServer (RaftServerProxy.java:addNew(106)) - s7: addNew group-1E8C3A4F0960:[] returns group-1E8C3A4F0960:java.util.concurrent.CompletableFuture@2fb00d15[Not completed]
2025-10-10 11:53:27,277 [s7-groupManagement] INFO  server.RaftServer$Division (RaftServerImpl.java:<init>(269)) - s7: new RaftServerImpl for group-1E8C3A4F0960:[] with BaseStateMachine-66:uninitialized
2025-10-10 11:53:27,277 [s7-groupManagement] INFO  server.RaftServer$Division (ServerState.java:<init>(115)) - s7@group-1E8C3A4F0960: ConfigurationManager, init=conf: {index: -1, cur=peers:[]|listeners:[], old=null}, confs=<EMPTY_MAP>
2025-10-10 11:53:27,278 [s7-groupManagement] DEBUG server.RaftServer (RaftServerProxy.java:lambda$groupAddAsync$13(517)) - s7: newImpl =      null (NEW): s7@group-1E8C3A4F0960:t0, leader=null, voted=null, raftlog=UNINITIALIZED, conf=conf: {index: -1, cur=peers:[]|listeners:[], old=null}
2025-10-10 11:53:27,278 [s7-groupManagement] INFO  server.RaftServerConfigKeys (ConfUtils.java:logGet(62)) - raft.server.storage.dir = [/home/runner/work/ratis/ratis/ratis-test/target/test/data/319b119c/MiniRaftClusterWithSimulatedRpcdcda50c5/s7] (custom)
2025-10-10 11:53:27,278 [s7-groupManagement] INFO  storage.RaftStorageDirectory (RaftStorageDirectoryImpl.java:analyzeStorage(138)) - The storage directory /home/runner/work/ratis/ratis/ratis-test/target/test/data/319b119c/MiniRaftClusterWithSimulatedRpcdcda50c5/s7/6ef3c6aa-8286-4034-b7df-1e8c3a4f0960 does not exist. Creating ...
2025-10-10 11:53:27,278 [s7-groupManagement] TRACE util.FileUtils (LogUtils.java:runAndLog(49)) - Successfully ran Files.createDirectories /home/runner/work/ratis/ratis/ratis-test/target/test/data/319b119c/MiniRaftClusterWithSimulatedRpcdcda50c5/s7/6ef3c6aa-8286-4034-b7df-1e8c3a4f0960
2025-10-10 11:53:27,279 [s7-groupManagement] INFO  storage.RaftStorageDirectory (RaftStorageDirectoryImpl.java:tryLock(229)) - Lock on /home/runner/work/ratis/ratis/ratis-test/target/test/data/319b119c/MiniRaftClusterWithSimulatedRpcdcda50c5/s7/6ef3c6aa-8286-4034-b7df-1e8c3a4f0960/in_use.lock acquired by nodename 9833@runnervmwhb2z
2025-10-10 11:53:27,279 [s7-groupManagement] TRACE util.FileUtils (LogUtils.java:runAndLog(49)) - Successfully ran Files.createDirectories /home/runner/work/ratis/ratis/ratis-test/target/test/data/319b119c/MiniRaftClusterWithSimulatedRpcdcda50c5/s7/6ef3c6aa-8286-4034-b7df-1e8c3a4f0960/current
2025-10-10 11:53:27,279 [s7-groupManagement] TRACE util.FileUtils (LogUtils.java:runAndLog(49)) - Successfully ran Files.createDirectories /home/runner/work/ratis/ratis/ratis-test/target/test/data/319b119c/MiniRaftClusterWithSimulatedRpcdcda50c5/s7/6ef3c6aa-8286-4034-b7df-1e8c3a4f0960/sm
2025-10-10 11:53:27,279 [s7-groupManagement] TRACE util.FileUtils (LogUtils.java:supplyAndLog(69)) - Successfully supplied FileChannel.open /home/runner/work/ratis/ratis/ratis-test/target/test/data/319b119c/MiniRaftClusterWithSimulatedRpcdcda50c5/s7/6ef3c6aa-8286-4034-b7df-1e8c3a4f0960/current/raft-meta.tmp with options [CREATE, TRUNCATE_EXISTING, WRITE]: sun.nio.ch.FileChannelImpl@4766c297
2025-10-10 11:53:27,280 [s7-groupManagement] TRACE util.FileUtils (LogUtils.java:runAndLog(49)) - Successfully ran Atomic Files.move /home/runner/work/ratis/ratis/ratis-test/target/test/data/319b119c/MiniRaftClusterWithSimulatedRpcdcda50c5/s7/6ef3c6aa-8286-4034-b7df-1e8c3a4f0960/current/raft-meta.tmp to /home/runner/work/ratis/ratis/ratis-test/target/test/data/319b119c/MiniRaftClusterWithSimulatedRpcdcda50c5/s7/6ef3c6aa-8286-4034-b7df-1e8c3a4f0960/current/raft-meta with options [REPLACE_EXISTING]
2025-10-10 11:53:27,280 [s7-groupManagement] INFO  storage.RaftStorage (RaftStorageImpl.java:format(98)) - Storage directory /home/runner/work/ratis/ratis/ratis-test/target/test/data/319b119c/MiniRaftClusterWithSimulatedRpcdcda50c5/s7/6ef3c6aa-8286-4034-b7df-1e8c3a4f0960 has been successfully formatted.
2025-10-10 11:53:27,280 [s7-groupManagement] INFO  server.RaftServer$Division (ServerState.java:getSnapshotIndexFromStateMachine(155)) - s7@group-1E8C3A4F0960: getLatestSnapshot(BaseStateMachine-66:s7:group-1E8C3A4F0960) returns null
2025-10-10 11:53:27,280 [s7-groupManagement] INFO  raftlog.RaftLog (RaftLogBase.java:<init>(90)) - s7@group-1E8C3A4F0960-SegmentedRaftLog: snapshotIndexFromStateMachine = -1
2025-10-10 11:53:27,281 [s7-groupManagement] INFO  util.AwaitToRun (AwaitToRun.java:start(81)) - Thread[s7@group-1E8C3A4F0960-cacheEviction-AwaitToRun,5,main] started
2025-10-10 11:53:27,281 [s7-groupManagement] INFO  segmented.SegmentedRaftLogWorker (SegmentedRaftLogWorker.java:<init>(190)) - new s7@group-1E8C3A4F0960-SegmentedRaftLogWorker for RaftStorageImpl:Storage Directory /home/runner/work/ratis/ratis/ratis-test/target/test/data/319b119c/MiniRaftClusterWithSimulatedRpcdcda50c5/s7/6ef3c6aa-8286-4034-b7df-1e8c3a4f0960
2025-10-10 11:53:27,282 [s7-groupManagement] INFO  segmented.SegmentedRaftLogWorker (SegmentedRaftLogWorker.java:lambda$new$0(141)) - s7@group-1E8C3A4F0960-SegmentedRaftLogWorker: flushIndex: setUnconditionally 0 -> -1
2025-10-10 11:53:27,282 [s7-groupManagement] INFO  segmented.SegmentedRaftLogWorker (SegmentedRaftLogWorker.java:lambda$new$0(141)) - s7@group-1E8C3A4F0960-SegmentedRaftLogWorker: safeCacheEvictIndex: setUnconditionally 0 -> -1
2025-10-10 11:53:27,282 [s7-groupManagement] INFO  server.RaftServer$Division (RaftServerImpl.java:start(412)) - s7@group-1E8C3A4F0960: start with initializing state, conf=conf: {index: -1, cur=peers:[]|listeners:[], old=null}
2025-10-10 11:53:27,282 [s7-groupManagement] INFO  server.RaftServer$Division (RaftServerImpl.java:setRole(393)) - s7@group-1E8C3A4F0960: changes role from      null to FOLLOWER at term 0 for NOT_IN_CONF
2025-10-10 11:53:27,282 [s7-groupManagement] INFO  util.JmxRegister (JmxRegister.java:tryRegister(44)) - Successfully registered JMX Bean with object name Ratis:service=RaftServer,group=group-1E8C3A4F0960,id=s7
2025-10-10 11:53:27,282 [s7-groupManagement] INFO  util.JmxRegister (JmxRegister.java:register(58)) - register mxBean class org.apache.ratis.server.impl.RaftServerJmxAdapter as Ratis:service=RaftServer,group=group-1E8C3A4F0960,id=s7
2025-10-10 11:53:27,283 [s7-groupManagement] INFO  server.RaftServer$Division (RaftServerImpl.java:start(420)) - s7@group-1E8C3A4F0960: Successfully started.
2025-10-10 11:53:27,283 [main] DEBUG client.RaftClient (RaftClientImpl.java:close(465)) - close client-679EBA8CD60D
2025-10-10 11:53:27,284 [main] INFO  impl.GroupManagementBaseTest (GroupManagementBaseTest.java:runMultiGroupTest(332)) - 2) setConfiguration: printing group-1E8C3A4F0960
  s3:  RUNNING [
   FOLLOWER (STARTING): s3@group-B596E5D396F8:t0, leader=null, voted=, raftlog=Memoized:s3@group-B596E5D396F8-SegmentedRaftLog:OPENED:c-1:lastnull, conf=conf: {index: -1, cur=peers:[]|listeners:[], old=null}
   FOLLOWER (STARTING): s3@group-1E8C3A4F0960:t0, leader=null, voted=, raftlog=Memoized:s3@group-1E8C3A4F0960-SegmentedRaftLog:OPENED:c-1:lastnull, conf=conf: {index: -1, cur=peers:[]|listeners:[], old=null}] size=2
  s4:  RUNNING [
   FOLLOWER (STARTING): s4@group-B596E5D396F8:t0, leader=null, voted=, raftlog=Memoized:s4@group-B596E5D396F8-SegmentedRaftLog:OPENED:c-1:lastnull, conf=conf: {index: -1, cur=peers:[]|listeners:[], old=null}
   FOLLOWER (STARTING): s4@group-1E8C3A4F0960:t0, leader=null, voted=, raftlog=Memoized:s4@group-1E8C3A4F0960-SegmentedRaftLog:OPENED:c-1:lastnull, conf=conf: {index: -1, cur=peers:[]|listeners:[], old=null}] size=2
  s5:  RUNNING [
   FOLLOWER (STARTING): s5@group-B596E5D396F8:t0, leader=null, voted=, raftlog=Memoized:s5@group-B596E5D396F8-SegmentedRaftLog:OPENED:c-1:lastnull, conf=conf: {index: -1, cur=peers:[]|listeners:[], old=null}
   FOLLOWER (STARTING): s5@group-1E8C3A4F0960:t0, leader=null, voted=, raftlog=Memoized:s5@group-1E8C3A4F0960-SegmentedRaftLog:OPENED:c-1:lastnull, conf=conf: {index: -1, cur=peers:[]|listeners:[], old=null}] size=2
  s6:  RUNNING [
   FOLLOWER (STARTING): s6@group-B596E5D396F8:t0, leader=null, voted=, raftlog=Memoized:s6@group-B596E5D396F8-SegmentedRaftLog:OPENED:c-1:lastnull, conf=conf: {index: -1, cur=peers:[]|listeners:[], old=null}
   FOLLOWER (STARTING): s6@group-1E8C3A4F0960:t0, leader=null, voted=, raftlog=Memoized:s6@group-1E8C3A4F0960-SegmentedRaftLog:OPENED:c-1:lastnull, conf=conf: {index: -1, cur=peers:[]|listeners:[], old=null}] size=2
  s7:  RUNNING [
   FOLLOWER (STARTING): s7@group-B596E5D396F8:t0, leader=null, voted=, raftlog=Memoized:s7@group-B596E5D396F8-SegmentedRaftLog:OPENED:c-1:lastnull, conf=conf: {index: -1, cur=peers:[]|listeners:[], old=null}
   FOLLOWER (STARTING): s7@group-1E8C3A4F0960:t0, leader=null, voted=, raftlog=Memoized:s7@group-1E8C3A4F0960-SegmentedRaftLog:OPENED:c-1:lastnull, conf=conf: {index: -1, cur=peers:[]|listeners:[], old=null}] size=2
  s8:  RUNNING [
   FOLLOWER (STARTING): s8@group-B596E5D396F8:t0, leader=null, voted=, raftlog=Memoized:s8@group-B596E5D396F8-SegmentedRaftLog:OPENED:c-1:lastnull, conf=conf: {index: -1, cur=peers:[]|listeners:[], old=null}
     LEADER (RUNNING): s8@group-1E8C3A4F0960:t1, leader=s8, voted=s8, raftlog=Memoized:s8@group-1E8C3A4F0960-SegmentedRaftLog:OPENED:c0:last(t:1, i:0), conf=conf: {index: 0, cur=peers:[s8]|listeners:[], old=null}] size=2
  s0:  RUNNING [
   FOLLOWER (STARTING): s0@group-B596E5D396F8:t0, leader=null, voted=, raftlog=Memoized:s0@group-B596E5D396F8-SegmentedRaftLog:OPENED:c-1:lastnull, conf=conf: {index: -1, cur=peers:[]|listeners:[], old=null}
   FOLLOWER (STARTING): s0@group-1E8C3A4F0960:t0, leader=null, voted=, raftlog=Memoized:s0@group-1E8C3A4F0960-SegmentedRaftLog:OPENED:c-1:lastnull, conf=conf: {index: -1, cur=peers:[]|listeners:[], old=null}] size=2
  s1:  RUNNING [
   FOLLOWER (STARTING): s1@group-B596E5D396F8:t0, leader=null, voted=, raftlog=Memoized:s1@group-B596E5D396F8-SegmentedRaftLog:OPENED:c-1:lastnull, conf=conf: {index: -1, cur=peers:[]|listeners:[], old=null}
   FOLLOWER (STARTING): s1@group-1E8C3A4F0960:t0, leader=null, voted=, raftlog=Memoized:s1@group-1E8C3A4F0960-SegmentedRaftLog:OPENED:c-1:lastnull, conf=conf: {index: -1, cur=peers:[]|listeners:[], old=null}] size=2
  s2:  RUNNING [
   FOLLOWER (STARTING): s2@group-B596E5D396F8:t0, leader=null, voted=, raftlog=Memoized:s2@group-B596E5D396F8-SegmentedRaftLog:OPENED:c-1:lastnull, conf=conf: {index: -1, cur=peers:[]|listeners:[], old=null}
   FOLLOWER (STARTING): s2@group-1E8C3A4F0960:t0, leader=null, voted=, raftlog=Memoized:s2@group-1E8C3A4F0960-SegmentedRaftLog:OPENED:c-1:lastnull, conf=conf: {index: -1, cur=peers:[]|listeners:[], old=null}] size=2
2025-10-10 11:53:27,284 [main] DEBUG client.RaftClient (RaftClientImpl.java:newRequest(95)) - attempt #1, newRequest SetConfigurationRequest:client-41A49BC7519F->s8@group-1E8C3A4F0960, cid=388, seq=null, RW, null, SET_UNCONDITIONALLY, servers:[s8, s0], listeners:[]
2025-10-10 11:53:27,285 [s8-server-thread1] INFO  server.RaftServer$Division (RaftServerImpl.java:setConfigurationAsync(1323)) - s8@group-1E8C3A4F0960: receive setConfiguration SetConfigurationRequest:client-41A49BC7519F->s8@group-1E8C3A4F0960, cid=388, seq=null, RW, null, SET_UNCONDITIONALLY, servers:[s8, s0], listeners:[]
2025-10-10 11:53:27,285 [s8-server-thread1] INFO  server.RaftServer$Division (LeaderStateImpl.java:startSetConfiguration(483)) - s8@group-1E8C3A4F0960-LeaderStateImpl: startSetConfiguration SetConfigurationRequest:client-41A49BC7519F->s8@group-1E8C3A4F0960, cid=388, seq=null, RW, null, SET_UNCONDITIONALLY, servers:[s8, s0], listeners:[]
2025-10-10 11:53:27,285 [s8@group-1E8C3A4F0960->s0-LogAppenderDefault-LogAppenderDaemon] INFO  leader.FollowerInfo (FollowerInfoImpl.java:setAttemptedToInstallSnapshot(154)) - Follower s8@group-1E8C3A4F0960->s0 acknowledged installing snapshot
2025-10-10 11:53:27,286 [HandlerDaemon-1] TRACE util.FileUtils (LogUtils.java:supplyAndLog(69)) - Successfully supplied FileChannel.open /home/runner/work/ratis/ratis/ratis-test/target/test/data/319b119c/MiniRaftClusterWithSimulatedRpcdcda50c5/s0/6ef3c6aa-8286-4034-b7df-1e8c3a4f0960/current/raft-meta.tmp with options [CREATE, TRUNCATE_EXISTING, WRITE]: sun.nio.ch.FileChannelImpl@3e066666
2025-10-10 11:53:27,287 [HandlerDaemon-1] TRACE util.FileUtils (LogUtils.java:runAndLog(49)) - Successfully ran Atomic Files.move /home/runner/work/ratis/ratis/ratis-test/target/test/data/319b119c/MiniRaftClusterWithSimulatedRpcdcda50c5/s0/6ef3c6aa-8286-4034-b7df-1e8c3a4f0960/current/raft-meta.tmp to /home/runner/work/ratis/ratis/ratis-test/target/test/data/319b119c/MiniRaftClusterWithSimulatedRpcdcda50c5/s0/6ef3c6aa-8286-4034-b7df-1e8c3a4f0960/current/raft-meta with options [REPLACE_EXISTING]
2025-10-10 11:53:27,287 [HandlerDaemon-1] INFO  server.RaftServer$Division (RaftServerImpl.java:setFirstElection(577)) - s0@group-1E8C3A4F0960: set firstElectionSinceStartup to false for APPEND_ENTRIES
2025-10-10 11:53:27,287 [HandlerDaemon-1] INFO  server.RaftServer$Division (ServerState.java:setLeader(278)) - s0@group-1E8C3A4F0960: change Leader from null to s8 at term 1 for APPEND_ENTRIES, leader elected after 45ms
2025-10-10 11:53:27,288 [HandlerDaemon-0] DEBUG server.RaftServer$Division (RaftServerImpl.java:logAppendEntries(1537)) - s0@group-1E8C3A4F0960: appendEntries* s8->s0#391-t1,previous=<PROTO_DEFAULT>,leaderCommit=0,initializing? true,entries: size=1, first=(t:1, i:0), CONFIGURATIONENTRY(current:id:"s8"startupRole:FOLLOWER, old:)
2025-10-10 11:53:27,288 [HandlerDaemon-0] INFO  server.RaftServer$Division (ServerState.java:setRaftConf(392)) - s0@group-1E8C3A4F0960: set configuration conf: {index: 0, cur=peers:[s8|]|listeners:[], old=null}
2025-10-10 11:53:27,289 [s0-server-thread1] INFO  segmented.SegmentedRaftLogWorker (SegmentedRaftLogWorker.java:startLogSegment(440)) - s0@group-1E8C3A4F0960-SegmentedRaftLogWorker: Starting segment from index:0
2025-10-10 11:53:27,289 [s0@group-1E8C3A4F0960-SegmentedRaftLogWorker] INFO  segmented.BufferedWriteChannel (BufferedWriteChannel.java:open(61)) - open log_inprogress_0 at position 0
2025-10-10 11:53:27,294 [s0@group-1E8C3A4F0960-SegmentedRaftLogWorker] INFO  segmented.SegmentedRaftLogWorker (SegmentedRaftLogWorker.java:execute(647)) - s0@group-1E8C3A4F0960-SegmentedRaftLogWorker: created new log segment /home/runner/work/ratis/ratis/ratis-test/target/test/data/319b119c/MiniRaftClusterWithSimulatedRpcdcda50c5/s0/6ef3c6aa-8286-4034-b7df-1e8c3a4f0960/current/log_inprogress_0
2025-10-10 11:53:27,295 [s0-server-thread1] DEBUG server.RaftServer$Division (RaftServerImpl.java:logAppendEntries(1537)) - s0@group-1E8C3A4F0960: appendEntries* reply s8<-s0#391:OK-t1,SUCCESS,nextIndex=1,followerCommit=0,matchIndex=0
2025-10-10 11:53:27,295 [s0@group-1E8C3A4F0960-StateMachineUpdater] TRACE util.FileUtils (LogUtils.java:supplyAndLog(69)) - Successfully supplied FileChannel.open /home/runner/work/ratis/ratis/ratis-test/target/test/data/319b119c/MiniRaftClusterWithSimulatedRpcdcda50c5/s0/6ef3c6aa-8286-4034-b7df-1e8c3a4f0960/current/raft-meta.conf.tmp with options [CREATE, TRUNCATE_EXISTING, WRITE]: sun.nio.ch.FileChannelImpl@3b7e7f71
2025-10-10 11:53:27,296 [s8@group-1E8C3A4F0960-LeaderStateImpl] INFO  server.RaftServer$Division (ServerState.java:setRaftConf(392)) - s8@group-1E8C3A4F0960: set configuration conf: {index: 1, cur=peers:[s8, s0]|listeners:[], old=peers:[s8]|listeners:[]}
2025-10-10 11:53:27,296 [HandlerDaemon-1] DEBUG server.RaftServer$Division (RaftServerImpl.java:logAppendEntries(1537)) - s0@group-1E8C3A4F0960: appendEntries* s8->s0#392-t1,previous=(t:1, i:0),leaderCommit=0,initializing? false,entries: size=1, first=(t:1, i:1), CONFIGURATIONENTRY(current:id:"s8"startupRole:FOLLOWER, id:"s0"startupRole:FOLLOWER, old:id:"s8"startupRole:FOLLOWER)
2025-10-10 11:53:27,296 [HandlerDaemon-1] INFO  impl.RoleInfo (RoleInfo.java:updateAndGet(148)) - s0: start s0@group-1E8C3A4F0960-FollowerState
2025-10-10 11:53:27,297 [s0@group-1E8C3A4F0960-StateMachineUpdater] TRACE util.FileUtils (LogUtils.java:runAndLog(49)) - Successfully ran Atomic Files.move /home/runner/work/ratis/ratis/ratis-test/target/test/data/319b119c/MiniRaftClusterWithSimulatedRpcdcda50c5/s0/6ef3c6aa-8286-4034-b7df-1e8c3a4f0960/current/raft-meta.conf.tmp to /home/runner/work/ratis/ratis/ratis-test/target/test/data/319b119c/MiniRaftClusterWithSimulatedRpcdcda50c5/s0/6ef3c6aa-8286-4034-b7df-1e8c3a4f0960/current/raft-meta.conf with options [REPLACE_EXISTING]
2025-10-10 11:53:27,297 [HandlerDaemon-1] INFO  server.RaftServer$Division (ServerState.java:setRaftConf(392)) - s0@group-1E8C3A4F0960: set configuration conf: {index: 1, cur=peers:[s8|, s0|]|listeners:[], old=peers:[s8|]|listeners:[]}
2025-10-10 11:53:27,298 [s0-server-thread1] DEBUG server.RaftServer$Division (RaftServerImpl.java:logAppendEntries(1537)) - s0@group-1E8C3A4F0960: appendEntries* reply s8<-s0#392:OK-t1,SUCCESS,nextIndex=2,followerCommit=0,matchIndex=1
2025-10-10 11:53:27,299 [s8@group-1E8C3A4F0960-StateMachineUpdater] TRACE util.FileUtils (LogUtils.java:supplyAndLog(69)) - Successfully supplied FileChannel.open /home/runner/work/ratis/ratis/ratis-test/target/test/data/319b119c/MiniRaftClusterWithSimulatedRpcdcda50c5/s8/6ef3c6aa-8286-4034-b7df-1e8c3a4f0960/current/raft-meta.conf.tmp with options [CREATE, TRUNCATE_EXISTING, WRITE]: sun.nio.ch.FileChannelImpl@9cdab5c
2025-10-10 11:53:27,299 [s8@group-1E8C3A4F0960-LeaderStateImpl] INFO  server.RaftServer$Division (ServerState.java:setRaftConf(392)) - s8@group-1E8C3A4F0960: set configuration conf: {index: 3, cur=peers:[s8, s0]|listeners:[], old=null}
2025-10-10 11:53:27,299 [HandlerDaemon-0] DEBUG server.RaftServer$Division (RaftServerImpl.java:logAppendEntries(1537)) - s0@group-1E8C3A4F0960: appendEntries* s8->s0#393-t1,previous=(t:1, i:1),leaderCommit=1,initializing? false,entries: size=2, first=(t:1, i:2), METADATAENTRY(c:1)
2025-10-10 11:53:27,299 [HandlerDaemon-0] INFO  server.RaftServer$Division (ServerState.java:setRaftConf(392)) - s0@group-1E8C3A4F0960: set configuration conf: {index: 3, cur=peers:[s8|, s0|]|listeners:[], old=null}
2025-10-10 11:53:27,300 [s8@group-1E8C3A4F0960-StateMachineUpdater] TRACE util.FileUtils (LogUtils.java:runAndLog(49)) - Successfully ran Atomic Files.move /home/runner/work/ratis/ratis/ratis-test/target/test/data/319b119c/MiniRaftClusterWithSimulatedRpcdcda50c5/s8/6ef3c6aa-8286-4034-b7df-1e8c3a4f0960/current/raft-meta.conf.tmp to /home/runner/work/ratis/ratis/ratis-test/target/test/data/319b119c/MiniRaftClusterWithSimulatedRpcdcda50c5/s8/6ef3c6aa-8286-4034-b7df-1e8c3a4f0960/current/raft-meta.conf with options [REPLACE_EXISTING]
2025-10-10 11:53:27,300 [s0-server-thread1] DEBUG server.RaftServer$Division (RaftServerImpl.java:logAppendEntries(1537)) - s0@group-1E8C3A4F0960: appendEntries* reply s8<-s0#393:OK-t1,SUCCESS,nextIndex=4,followerCommit=1,matchIndex=3
2025-10-10 11:53:27,300 [s0@group-1E8C3A4F0960-StateMachineUpdater] TRACE util.FileUtils (LogUtils.java:supplyAndLog(69)) - Successfully supplied FileChannel.open /home/runner/work/ratis/ratis/ratis-test/target/test/data/319b119c/MiniRaftClusterWithSimulatedRpcdcda50c5/s0/6ef3c6aa-8286-4034-b7df-1e8c3a4f0960/current/raft-meta.conf.tmp with options [CREATE, TRUNCATE_EXISTING, WRITE]: sun.nio.ch.FileChannelImpl@35b9866e
2025-10-10 11:53:27,301 [s8@group-1E8C3A4F0960-StateMachineUpdater] TRACE util.FileUtils (LogUtils.java:supplyAndLog(69)) - Successfully supplied FileChannel.open /home/runner/work/ratis/ratis/ratis-test/target/test/data/319b119c/MiniRaftClusterWithSimulatedRpcdcda50c5/s8/6ef3c6aa-8286-4034-b7df-1e8c3a4f0960/current/raft-meta.conf.tmp with options [CREATE, TRUNCATE_EXISTING, WRITE]: sun.nio.ch.FileChannelImpl@df22ebd
2025-10-10 11:53:27,301 [HandlerDaemon-1] DEBUG server.RaftServer$Division (RaftServerImpl.java:logAppendEntries(1537)) - s0@group-1E8C3A4F0960: appendEntries* s8->s0#394-t1,previous=(t:1, i:3),leaderCommit=3,initializing? false,entries: size=1, first=(t:1, i:4), METADATAENTRY(c:3)
2025-10-10 11:53:27,301 [s0@group-1E8C3A4F0960-StateMachineUpdater] TRACE util.FileUtils (LogUtils.java:runAndLog(49)) - Successfully ran Atomic Files.move /home/runner/work/ratis/ratis/ratis-test/target/test/data/319b119c/MiniRaftClusterWithSimulatedRpcdcda50c5/s0/6ef3c6aa-8286-4034-b7df-1e8c3a4f0960/current/raft-meta.conf.tmp to /home/runner/work/ratis/ratis/ratis-test/target/test/data/319b119c/MiniRaftClusterWithSimulatedRpcdcda50c5/s0/6ef3c6aa-8286-4034-b7df-1e8c3a4f0960/current/raft-meta.conf with options [REPLACE_EXISTING]
2025-10-10 11:53:27,301 [main] DEBUG client.RaftClient (RaftClientImpl.java:add(146)) - client-41A49BC7519F: add replied callId 388
2025-10-10 11:53:27,302 [s0@group-1E8C3A4F0960-StateMachineUpdater] TRACE util.FileUtils (LogUtils.java:supplyAndLog(69)) - Successfully supplied FileChannel.open /home/runner/work/ratis/ratis/ratis-test/target/test/data/319b119c/MiniRaftClusterWithSimulatedRpcdcda50c5/s0/6ef3c6aa-8286-4034-b7df-1e8c3a4f0960/current/raft-meta.conf.tmp with options [CREATE, TRUNCATE_EXISTING, WRITE]: sun.nio.ch.FileChannelImpl@31861401
2025-10-10 11:53:27,302 [s0-server-thread1] DEBUG server.RaftServer$Division (RaftServerImpl.java:logAppendEntries(1537)) - s0@group-1E8C3A4F0960: appendEntries* reply s8<-s0#394:OK-t1,SUCCESS,nextIndex=5,followerCommit=3,matchIndex=4
2025-10-10 11:53:27,302 [main] DEBUG client.RaftClient (RaftClientImpl.java:newRequest(95)) - attempt #1, newRequest SetConfigurationRequest:client-41A49BC7519F->s8@group-1E8C3A4F0960, cid=395, seq=null, RW, null, SET_UNCONDITIONALLY, servers:[s8, s0, s1], listeners:[]
2025-10-10 11:53:27,303 [s8-server-thread1] INFO  server.RaftServer$Division (RaftServerImpl.java:setConfigurationAsync(1323)) - s8@group-1E8C3A4F0960: receive setConfiguration SetConfigurationRequest:client-41A49BC7519F->s8@group-1E8C3A4F0960, cid=395, seq=null, RW, null, SET_UNCONDITIONALLY, servers:[s8, s0, s1], listeners:[]
2025-10-10 11:53:27,303 [s8-server-thread1] INFO  server.RaftServer$Division (LeaderStateImpl.java:startSetConfiguration(483)) - s8@group-1E8C3A4F0960-LeaderStateImpl: startSetConfiguration SetConfigurationRequest:client-41A49BC7519F->s8@group-1E8C3A4F0960, cid=395, seq=null, RW, null, SET_UNCONDITIONALLY, servers:[s8, s0, s1], listeners:[]
2025-10-10 11:53:27,303 [s8@group-1E8C3A4F0960-StateMachineUpdater] TRACE util.FileUtils (LogUtils.java:runAndLog(49)) - Successfully ran Atomic Files.move /home/runner/work/ratis/ratis/ratis-test/target/test/data/319b119c/MiniRaftClusterWithSimulatedRpcdcda50c5/s8/6ef3c6aa-8286-4034-b7df-1e8c3a4f0960/current/raft-meta.conf.tmp to /home/runner/work/ratis/ratis/ratis-test/target/test/data/319b119c/MiniRaftClusterWithSimulatedRpcdcda50c5/s8/6ef3c6aa-8286-4034-b7df-1e8c3a4f0960/current/raft-meta.conf with options [REPLACE_EXISTING]
2025-10-10 11:53:27,303 [s0@group-1E8C3A4F0960-StateMachineUpdater] TRACE util.FileUtils (LogUtils.java:runAndLog(49)) - Successfully ran Atomic Files.move /home/runner/work/ratis/ratis/ratis-test/target/test/data/319b119c/MiniRaftClusterWithSimulatedRpcdcda50c5/s0/6ef3c6aa-8286-4034-b7df-1e8c3a4f0960/current/raft-meta.conf.tmp to /home/runner/work/ratis/ratis/ratis-test/target/test/data/319b119c/MiniRaftClusterWithSimulatedRpcdcda50c5/s0/6ef3c6aa-8286-4034-b7df-1e8c3a4f0960/current/raft-meta.conf with options [REPLACE_EXISTING]
2025-10-10 11:53:27,303 [s8@group-1E8C3A4F0960->s1-LogAppenderDefault-LogAppenderDaemon] INFO  leader.FollowerInfo (FollowerInfoImpl.java:setAttemptedToInstallSnapshot(154)) - Follower s8@group-1E8C3A4F0960->s1 acknowledged installing snapshot
2025-10-10 11:53:27,304 [HandlerDaemon-1] TRACE util.FileUtils (LogUtils.java:supplyAndLog(69)) - Successfully supplied FileChannel.open /home/runner/work/ratis/ratis/ratis-test/target/test/data/319b119c/MiniRaftClusterWithSimulatedRpcdcda50c5/s1/6ef3c6aa-8286-4034-b7df-1e8c3a4f0960/current/raft-meta.tmp with options [CREATE, TRUNCATE_EXISTING, WRITE]: sun.nio.ch.FileChannelImpl@12682ab6
2025-10-10 11:53:27,305 [HandlerDaemon-1] TRACE util.FileUtils (LogUtils.java:runAndLog(49)) - Successfully ran Atomic Files.move /home/runner/work/ratis/ratis/ratis-test/target/test/data/319b119c/MiniRaftClusterWithSimulatedRpcdcda50c5/s1/6ef3c6aa-8286-4034-b7df-1e8c3a4f0960/current/raft-meta.tmp to /home/runner/work/ratis/ratis/ratis-test/target/test/data/319b119c/MiniRaftClusterWithSimulatedRpcdcda50c5/s1/6ef3c6aa-8286-4034-b7df-1e8c3a4f0960/current/raft-meta with options [REPLACE_EXISTING]
2025-10-10 11:53:27,305 [HandlerDaemon-1] INFO  server.RaftServer$Division (RaftServerImpl.java:setFirstElection(577)) - s1@group-1E8C3A4F0960: set firstElectionSinceStartup to false for APPEND_ENTRIES
2025-10-10 11:53:27,305 [HandlerDaemon-1] INFO  server.RaftServer$Division (ServerState.java:setLeader(278)) - s1@group-1E8C3A4F0960: change Leader from null to s8 at term 1 for APPEND_ENTRIES, leader elected after 56ms
2025-10-10 11:53:27,306 [HandlerDaemon-2] DEBUG server.RaftServer$Division (RaftServerImpl.java:logAppendEntries(1537)) - s1@group-1E8C3A4F0960: appendEntries* s8->s1#398-t1,previous=<PROTO_DEFAULT>,leaderCommit=4,initializing? true,entries: size=5, first=(t:1, i:0), CONFIGURATIONENTRY(current:id:"s8"startupRole:FOLLOWER, old:)
2025-10-10 11:53:27,307 [HandlerDaemon-2] INFO  server.RaftServer$Division (ServerState.java:setRaftConf(392)) - s1@group-1E8C3A4F0960: set configuration conf: {index: 0, cur=peers:[s8|]|listeners:[], old=null}
2025-10-10 11:53:27,307 [HandlerDaemon-2] INFO  server.RaftServer$Division (ServerState.java:setRaftConf(392)) - s1@group-1E8C3A4F0960: set configuration conf: {index: 1, cur=peers:[s8|, s0|]|listeners:[], old=peers:[s8|]|listeners:[]}
2025-10-10 11:53:27,307 [HandlerDaemon-2] INFO  server.RaftServer$Division (ServerState.java:setRaftConf(392)) - s1@group-1E8C3A4F0960: set configuration conf: {index: 3, cur=peers:[s8|, s0|]|listeners:[], old=null}
2025-10-10 11:53:27,307 [s1-server-thread1] INFO  segmented.SegmentedRaftLogWorker (SegmentedRaftLogWorker.java:startLogSegment(440)) - s1@group-1E8C3A4F0960-SegmentedRaftLogWorker: Starting segment from index:0
2025-10-10 11:53:27,308 [s1@group-1E8C3A4F0960-SegmentedRaftLogWorker] INFO  segmented.BufferedWriteChannel (BufferedWriteChannel.java:open(61)) - open log_inprogress_0 at position 0
2025-10-10 11:53:27,312 [s1@group-1E8C3A4F0960-SegmentedRaftLogWorker] INFO  segmented.SegmentedRaftLogWorker (SegmentedRaftLogWorker.java:execute(647)) - s1@group-1E8C3A4F0960-SegmentedRaftLogWorker: created new log segment /home/runner/work/ratis/ratis/ratis-test/target/test/data/319b119c/MiniRaftClusterWithSimulatedRpcdcda50c5/s1/6ef3c6aa-8286-4034-b7df-1e8c3a4f0960/current/log_inprogress_0
2025-10-10 11:53:27,314 [s1-server-thread1] DEBUG server.RaftServer$Division (RaftServerImpl.java:logAppendEntries(1537)) - s1@group-1E8C3A4F0960: appendEntries* reply s8<-s1#398:OK-t1,SUCCESS,nextIndex=5,followerCommit=4,matchIndex=4
2025-10-10 11:53:27,314 [s1@group-1E8C3A4F0960-StateMachineUpdater] TRACE util.FileUtils (LogUtils.java:supplyAndLog(69)) - Successfully supplied FileChannel.open /home/runner/work/ratis/ratis/ratis-test/target/test/data/319b119c/MiniRaftClusterWithSimulatedRpcdcda50c5/s1/6ef3c6aa-8286-4034-b7df-1e8c3a4f0960/current/raft-meta.conf.tmp with options [CREATE, TRUNCATE_EXISTING, WRITE]: sun.nio.ch.FileChannelImpl@64a87f32
2025-10-10 11:53:27,314 [s8@group-1E8C3A4F0960-LeaderStateImpl] INFO  server.RaftServer$Division (ServerState.java:setRaftConf(392)) - s8@group-1E8C3A4F0960: set configuration conf: {index: 5, cur=peers:[s8, s0, s1]|listeners:[], old=peers:[s8, s0]|listeners:[]}
2025-10-10 11:53:27,315 [s1@group-1E8C3A4F0960-StateMachineUpdater] TRACE util.FileUtils (LogUtils.java:runAndLog(49)) - Successfully ran Atomic Files.move /home/runner/work/ratis/ratis/ratis-test/target/test/data/319b119c/MiniRaftClusterWithSimulatedRpcdcda50c5/s1/6ef3c6aa-8286-4034-b7df-1e8c3a4f0960/current/raft-meta.conf.tmp to /home/runner/work/ratis/ratis/ratis-test/target/test/data/319b119c/MiniRaftClusterWithSimulatedRpcdcda50c5/s1/6ef3c6aa-8286-4034-b7df-1e8c3a4f0960/current/raft-meta.conf with options [REPLACE_EXISTING]
2025-10-10 11:53:27,315 [HandlerDaemon-0] DEBUG server.RaftServer$Division (RaftServerImpl.java:logAppendEntries(1537)) - s0@group-1E8C3A4F0960: appendEntries* s8->s0#399-t1,previous=(t:1, i:4),leaderCommit=4,initializing? false,entries: size=1, first=(t:1, i:5), CONFIGURATIONENTRY(current:id:"s8"startupRole:FOLLOWER, id:"s0"startupRole:FOLLOWER, id:"s1"startupRole:FOLLOWER, old:id:"s8"startupRole:FOLLOWER, id:"s0"startupRole:FOLLOWER)
2025-10-10 11:53:27,315 [HandlerDaemon-0] DEBUG server.RaftServer$Division (RaftServerImpl.java:logAppendEntries(1537)) - s1@group-1E8C3A4F0960: appendEntries* s8->s1#400-t1,previous=(t:1, i:4),leaderCommit=4,initializing? false,entries: size=1, first=(t:1, i:5), CONFIGURATIONENTRY(current:id:"s8"startupRole:FOLLOWER, id:"s0"startupRole:FOLLOWER, id:"s1"startupRole:FOLLOWER, old:id:"s8"startupRole:FOLLOWER, id:"s0"startupRole:FOLLOWER)
2025-10-10 11:53:27,316 [HandlerDaemon-0] INFO  server.RaftServer$Division (ServerState.java:setRaftConf(392)) - s0@group-1E8C3A4F0960: set configuration conf: {index: 5, cur=peers:[s8|, s0|, s1|]|listeners:[], old=peers:[s8|, s0|]|listeners:[]}
2025-10-10 11:53:27,316 [s1@group-1E8C3A4F0960-StateMachineUpdater] TRACE util.FileUtils (LogUtils.java:supplyAndLog(69)) - Successfully supplied FileChannel.open /home/runner/work/ratis/ratis/ratis-test/target/test/data/319b119c/MiniRaftClusterWithSimulatedRpcdcda50c5/s1/6ef3c6aa-8286-4034-b7df-1e8c3a4f0960/current/raft-meta.conf.tmp with options [CREATE, TRUNCATE_EXISTING, WRITE]: sun.nio.ch.FileChannelImpl@6a6f8dd7
2025-10-10 11:53:27,316 [HandlerDaemon-0] INFO  impl.RoleInfo (RoleInfo.java:updateAndGet(148)) - s1: start s1@group-1E8C3A4F0960-FollowerState
2025-10-10 11:53:27,316 [HandlerDaemon-0] INFO  server.RaftServer$Division (ServerState.java:setRaftConf(392)) - s1@group-1E8C3A4F0960: set configuration conf: {index: 5, cur=peers:[s8|, s0|, s1|]|listeners:[], old=peers:[s8|, s0|]|listeners:[]}
2025-10-10 11:53:27,317 [s0-server-thread1] DEBUG server.RaftServer$Division (RaftServerImpl.java:logAppendEntries(1537)) - s0@group-1E8C3A4F0960: appendEntries* reply s8<-s0#399:OK-t1,SUCCESS,nextIndex=6,followerCommit=4,matchIndex=5
2025-10-10 11:53:27,317 [s1@group-1E8C3A4F0960-StateMachineUpdater] TRACE util.FileUtils (LogUtils.java:runAndLog(49)) - Successfully ran Atomic Files.move /home/runner/work/ratis/ratis/ratis-test/target/test/data/319b119c/MiniRaftClusterWithSimulatedRpcdcda50c5/s1/6ef3c6aa-8286-4034-b7df-1e8c3a4f0960/current/raft-meta.conf.tmp to /home/runner/work/ratis/ratis/ratis-test/target/test/data/319b119c/MiniRaftClusterWithSimulatedRpcdcda50c5/s1/6ef3c6aa-8286-4034-b7df-1e8c3a4f0960/current/raft-meta.conf with options [REPLACE_EXISTING]
2025-10-10 11:53:27,317 [s1@group-1E8C3A4F0960-StateMachineUpdater] TRACE util.FileUtils (LogUtils.java:supplyAndLog(69)) - Successfully supplied FileChannel.open /home/runner/work/ratis/ratis/ratis-test/target/test/data/319b119c/MiniRaftClusterWithSimulatedRpcdcda50c5/s1/6ef3c6aa-8286-4034-b7df-1e8c3a4f0960/current/raft-meta.conf.tmp with options [CREATE, TRUNCATE_EXISTING, WRITE]: sun.nio.ch.FileChannelImpl@6e501442
2025-10-10 11:53:27,317 [s1-server-thread1] DEBUG server.RaftServer$Division (RaftServerImpl.java:logAppendEntries(1537)) - s1@group-1E8C3A4F0960: appendEntries* reply s8<-s1#400:OK-t1,SUCCESS,nextIndex=6,followerCommit=4,matchIndex=5
2025-10-10 11:53:27,318 [s1@group-1E8C3A4F0960-StateMachineUpdater] TRACE util.FileUtils (LogUtils.java:runAndLog(49)) - Successfully ran Atomic Files.move /home/runner/work/ratis/ratis/ratis-test/target/test/data/319b119c/MiniRaftClusterWithSimulatedRpcdcda50c5/s1/6ef3c6aa-8286-4034-b7df-1e8c3a4f0960/current/raft-meta.conf.tmp to /home/runner/work/ratis/ratis/ratis-test/target/test/data/319b119c/MiniRaftClusterWithSimulatedRpcdcda50c5/s1/6ef3c6aa-8286-4034-b7df-1e8c3a4f0960/current/raft-meta.conf with options [REPLACE_EXISTING]
2025-10-10 11:53:27,318 [s8@group-1E8C3A4F0960-LeaderStateImpl] INFO  server.RaftServer$Division (ServerState.java:setRaftConf(392)) - s8@group-1E8C3A4F0960: set configuration conf: {index: 7, cur=peers:[s8, s0, s1]|listeners:[], old=null}
2025-10-10 11:53:27,318 [HandlerDaemon-1] DEBUG server.RaftServer$Division (RaftServerImpl.java:logAppendEntries(1537)) - s0@group-1E8C3A4F0960: appendEntries* s8->s0#401-t1,previous=(t:1, i:5),leaderCommit=5,initializing? false,entries: size=1, first=(t:1, i:6), METADATAENTRY(c:5)
2025-10-10 11:53:27,318 [s8@group-1E8C3A4F0960-StateMachineUpdater] TRACE util.FileUtils (LogUtils.java:supplyAndLog(69)) - Successfully supplied FileChannel.open /home/runner/work/ratis/ratis/ratis-test/target/test/data/319b119c/MiniRaftClusterWithSimulatedRpcdcda50c5/s8/6ef3c6aa-8286-4034-b7df-1e8c3a4f0960/current/raft-meta.conf.tmp with options [CREATE, TRUNCATE_EXISTING, WRITE]: sun.nio.ch.FileChannelImpl@48f0a167
2025-10-10 11:53:27,319 [HandlerDaemon-1] DEBUG server.RaftServer$Division (RaftServerImpl.java:logAppendEntries(1537)) - s1@group-1E8C3A4F0960: appendEntries* s8->s1#402-t1,previous=(t:1, i:5),leaderCommit=5,initializing? false,entries: size=1, first=(t:1, i:6), METADATAENTRY(c:5)
2025-10-10 11:53:27,319 [s0-server-thread1] DEBUG server.RaftServer$Division (RaftServerImpl.java:logAppendEntries(1537)) - s0@group-1E8C3A4F0960: appendEntries* reply s8<-s0#401:OK-t1,SUCCESS,nextIndex=7,followerCommit=5,matchIndex=6
2025-10-10 11:53:27,319 [s0@group-1E8C3A4F0960-StateMachineUpdater] TRACE util.FileUtils (LogUtils.java:supplyAndLog(69)) - Successfully supplied FileChannel.open /home/runner/work/ratis/ratis/ratis-test/target/test/data/319b119c/MiniRaftClusterWithSimulatedRpcdcda50c5/s0/6ef3c6aa-8286-4034-b7df-1e8c3a4f0960/current/raft-meta.conf.tmp with options [CREATE, TRUNCATE_EXISTING, WRITE]: sun.nio.ch.FileChannelImpl@74848c55
2025-10-10 11:53:27,320 [HandlerDaemon-1] DEBUG server.RaftServer$Division (RaftServerImpl.java:logAppendEntries(1537)) - s0@group-1E8C3A4F0960: appendEntries* s8->s0#403-t1,previous=(t:1, i:6),leaderCommit=5,initializing? false,entries: size=1, first=(t:1, i:7), CONFIGURATIONENTRY(current:id:"s8"startupRole:FOLLOWER, id:"s0"startupRole:FOLLOWER, id:"s1"startupRole:FOLLOWER, old:)
2025-10-10 11:53:27,320 [s8@group-1E8C3A4F0960-StateMachineUpdater] TRACE util.FileUtils (LogUtils.java:runAndLog(49)) - Successfully ran Atomic Files.move /home/runner/work/ratis/ratis/ratis-test/target/test/data/319b119c/MiniRaftClusterWithSimulatedRpcdcda50c5/s8/6ef3c6aa-8286-4034-b7df-1e8c3a4f0960/current/raft-meta.conf.tmp to /home/runner/work/ratis/ratis/ratis-test/target/test/data/319b119c/MiniRaftClusterWithSimulatedRpcdcda50c5/s8/6ef3c6aa-8286-4034-b7df-1e8c3a4f0960/current/raft-meta.conf with options [REPLACE_EXISTING]
2025-10-10 11:53:27,320 [HandlerDaemon-1] INFO  server.RaftServer$Division (ServerState.java:setRaftConf(392)) - s0@group-1E8C3A4F0960: set configuration conf: {index: 7, cur=peers:[s8|, s0|, s1|]|listeners:[], old=null}
2025-10-10 11:53:27,320 [s1@group-1E8C3A4F0960-StateMachineUpdater] TRACE util.FileUtils (LogUtils.java:supplyAndLog(69)) - Successfully supplied FileChannel.open /home/runner/work/ratis/ratis/ratis-test/target/test/data/319b119c/MiniRaftClusterWithSimulatedRpcdcda50c5/s1/6ef3c6aa-8286-4034-b7df-1e8c3a4f0960/current/raft-meta.conf.tmp with options [CREATE, TRUNCATE_EXISTING, WRITE]: sun.nio.ch.FileChannelImpl@2b5287ec
2025-10-10 11:53:27,320 [s1-server-thread1] DEBUG server.RaftServer$Division (RaftServerImpl.java:logAppendEntries(1537)) - s1@group-1E8C3A4F0960: appendEntries* reply s8<-s1#402:OK-t1,SUCCESS,nextIndex=7,followerCommit=5,matchIndex=6
2025-10-10 11:53:27,320 [s0@group-1E8C3A4F0960-StateMachineUpdater] TRACE util.FileUtils (LogUtils.java:runAndLog(49)) - Successfully ran Atomic Files.move /home/runner/work/ratis/ratis/ratis-test/target/test/data/319b119c/MiniRaftClusterWithSimulatedRpcdcda50c5/s0/6ef3c6aa-8286-4034-b7df-1e8c3a4f0960/current/raft-meta.conf.tmp to /home/runner/work/ratis/ratis/ratis-test/target/test/data/319b119c/MiniRaftClusterWithSimulatedRpcdcda50c5/s0/6ef3c6aa-8286-4034-b7df-1e8c3a4f0960/current/raft-meta.conf with options [REPLACE_EXISTING]
2025-10-10 11:53:27,321 [s0-server-thread1] DEBUG server.RaftServer$Division (RaftServerImpl.java:logAppendEntries(1537)) - s0@group-1E8C3A4F0960: appendEntries* reply s8<-s0#403:OK-t1,SUCCESS,nextIndex=8,followerCommit=5,matchIndex=7
2025-10-10 11:53:27,321 [s1@group-1E8C3A4F0960-StateMachineUpdater] TRACE util.FileUtils (LogUtils.java:runAndLog(49)) - Successfully ran Atomic Files.move /home/runner/work/ratis/ratis/ratis-test/target/test/data/319b119c/MiniRaftClusterWithSimulatedRpcdcda50c5/s1/6ef3c6aa-8286-4034-b7df-1e8c3a4f0960/current/raft-meta.conf.tmp to /home/runner/work/ratis/ratis/ratis-test/target/test/data/319b119c/MiniRaftClusterWithSimulatedRpcdcda50c5/s1/6ef3c6aa-8286-4034-b7df-1e8c3a4f0960/current/raft-meta.conf with options [REPLACE_EXISTING]
2025-10-10 11:53:27,322 [s8@group-1E8C3A4F0960-StateMachineUpdater] TRACE util.FileUtils (LogUtils.java:supplyAndLog(69)) - Successfully supplied FileChannel.open /home/runner/work/ratis/ratis/ratis-test/target/test/data/319b119c/MiniRaftClusterWithSimulatedRpcdcda50c5/s8/6ef3c6aa-8286-4034-b7df-1e8c3a4f0960/current/raft-meta.conf.tmp with options [CREATE, TRUNCATE_EXISTING, WRITE]: sun.nio.ch.FileChannelImpl@1d01a199
2025-10-10 11:53:27,322 [main] DEBUG client.RaftClient (RaftClientImpl.java:add(146)) - client-41A49BC7519F: add replied callId 395
2025-10-10 11:53:27,323 [HandlerDaemon-2] DEBUG server.RaftServer$Division (RaftServerImpl.java:logAppendEntries(1537)) - s1@group-1E8C3A4F0960: appendEntries* s8->s1#405-t1,previous=(t:1, i:6),leaderCommit=7,initializing? false,entries: size=2, first=(t:1, i:7), CONFIGURATIONENTRY(current:id:"s8"startupRole:FOLLOWER, id:"s0"startupRole:FOLLOWER, id:"s1"startupRole:FOLLOWER, old:)
2025-10-10 11:53:27,323 [HandlerDaemon-0] DEBUG server.RaftServer$Division (RaftServerImpl.java:logAppendEntries(1537)) - s0@group-1E8C3A4F0960: appendEntries* s8->s0#404-t1,previous=(t:1, i:7),leaderCommit=7,initializing? false,entries: size=1, first=(t:1, i:8), METADATAENTRY(c:7)
2025-10-10 11:53:27,324 [s8@group-1E8C3A4F0960-StateMachineUpdater] TRACE util.FileUtils (LogUtils.java:runAndLog(49)) - Successfully ran Atomic Files.move /home/runner/work/ratis/ratis/ratis-test/target/test/data/319b119c/MiniRaftClusterWithSimulatedRpcdcda50c5/s8/6ef3c6aa-8286-4034-b7df-1e8c3a4f0960/current/raft-meta.conf.tmp to /home/runner/work/ratis/ratis/ratis-test/target/test/data/319b119c/MiniRaftClusterWithSimulatedRpcdcda50c5/s8/6ef3c6aa-8286-4034-b7df-1e8c3a4f0960/current/raft-meta.conf with options [REPLACE_EXISTING]
2025-10-10 11:53:27,324 [HandlerDaemon-2] INFO  server.RaftServer$Division (ServerState.java:setRaftConf(392)) - s1@group-1E8C3A4F0960: set configuration conf: {index: 7, cur=peers:[s8|, s0|, s1|]|listeners:[], old=null}
2025-10-10 11:53:27,324 [s0-server-thread1] DEBUG server.RaftServer$Division (RaftServerImpl.java:logAppendEntries(1537)) - s0@group-1E8C3A4F0960: appendEntries* reply s8<-s0#404:OK-t1,SUCCESS,nextIndex=9,followerCommit=7,matchIndex=8
2025-10-10 11:53:27,325 [s0@group-1E8C3A4F0960-StateMachineUpdater] TRACE util.FileUtils (LogUtils.java:supplyAndLog(69)) - Successfully supplied FileChannel.open /home/runner/work/ratis/ratis/ratis-test/target/test/data/319b119c/MiniRaftClusterWithSimulatedRpcdcda50c5/s0/6ef3c6aa-8286-4034-b7df-1e8c3a4f0960/current/raft-meta.conf.tmp with options [CREATE, TRUNCATE_EXISTING, WRITE]: sun.nio.ch.FileChannelImpl@3cc9e043
2025-10-10 11:53:27,325 [s1-server-thread1] DEBUG server.RaftServer$Division (RaftServerImpl.java:logAppendEntries(1537)) - s1@group-1E8C3A4F0960: appendEntries* reply s8<-s1#405:OK-t1,SUCCESS,nextIndex=9,followerCommit=7,matchIndex=8
2025-10-10 11:53:27,326 [main] DEBUG client.RaftClient (RaftClientImpl.java:newRequest(95)) - attempt #1, newRequest SetConfigurationRequest:client-41A49BC7519F->s8@group-1E8C3A4F0960, cid=406, seq=null, RW, null, SET_UNCONDITIONALLY, servers:[s3, s8, s0, s1, s2], listeners:[]
2025-10-10 11:53:27,326 [s1@group-1E8C3A4F0960-StateMachineUpdater] TRACE util.FileUtils (LogUtils.java:supplyAndLog(69)) - Successfully supplied FileChannel.open /home/runner/work/ratis/ratis/ratis-test/target/test/data/319b119c/MiniRaftClusterWithSimulatedRpcdcda50c5/s1/6ef3c6aa-8286-4034-b7df-1e8c3a4f0960/current/raft-meta.conf.tmp with options [CREATE, TRUNCATE_EXISTING, WRITE]: sun.nio.ch.FileChannelImpl@c242c5b
2025-10-10 11:53:27,326 [s8-server-thread1] INFO  server.RaftServer$Division (RaftServerImpl.java:setConfigurationAsync(1323)) - s8@group-1E8C3A4F0960: receive setConfiguration SetConfigurationRequest:client-41A49BC7519F->s8@group-1E8C3A4F0960, cid=406, seq=null, RW, null, SET_UNCONDITIONALLY, servers:[s3, s8, s0, s1, s2], listeners:[]
2025-10-10 11:53:27,326 [s0@group-1E8C3A4F0960-StateMachineUpdater] TRACE util.FileUtils (LogUtils.java:runAndLog(49)) - Successfully ran Atomic Files.move /home/runner/work/ratis/ratis/ratis-test/target/test/data/319b119c/MiniRaftClusterWithSimulatedRpcdcda50c5/s0/6ef3c6aa-8286-4034-b7df-1e8c3a4f0960/current/raft-meta.conf.tmp to /home/runner/work/ratis/ratis/ratis-test/target/test/data/319b119c/MiniRaftClusterWithSimulatedRpcdcda50c5/s0/6ef3c6aa-8286-4034-b7df-1e8c3a4f0960/current/raft-meta.conf with options [REPLACE_EXISTING]
2025-10-10 11:53:27,326 [s8-server-thread1] INFO  server.RaftServer$Division (LeaderStateImpl.java:startSetConfiguration(483)) - s8@group-1E8C3A4F0960-LeaderStateImpl: startSetConfiguration SetConfigurationRequest:client-41A49BC7519F->s8@group-1E8C3A4F0960, cid=406, seq=null, RW, null, SET_UNCONDITIONALLY, servers:[s3, s8, s0, s1, s2], listeners:[]
2025-10-10 11:53:27,327 [s1@group-1E8C3A4F0960-StateMachineUpdater] TRACE util.FileUtils (LogUtils.java:runAndLog(49)) - Successfully ran Atomic Files.move /home/runner/work/ratis/ratis/ratis-test/target/test/data/319b119c/MiniRaftClusterWithSimulatedRpcdcda50c5/s1/6ef3c6aa-8286-4034-b7df-1e8c3a4f0960/current/raft-meta.conf.tmp to /home/runner/work/ratis/ratis/ratis-test/target/test/data/319b119c/MiniRaftClusterWithSimulatedRpcdcda50c5/s1/6ef3c6aa-8286-4034-b7df-1e8c3a4f0960/current/raft-meta.conf with options [REPLACE_EXISTING]
2025-10-10 11:53:27,327 [s8@group-1E8C3A4F0960->s3-LogAppenderDefault-LogAppenderDaemon] INFO  leader.FollowerInfo (FollowerInfoImpl.java:setAttemptedToInstallSnapshot(154)) - Follower s8@group-1E8C3A4F0960->s3 acknowledged installing snapshot
2025-10-10 11:53:27,328 [s8@group-1E8C3A4F0960->s2-LogAppenderDefault-LogAppenderDaemon] INFO  leader.FollowerInfo (FollowerInfoImpl.java:setAttemptedToInstallSnapshot(154)) - Follower s8@group-1E8C3A4F0960->s2 acknowledged installing snapshot
2025-10-10 11:53:27,328 [HandlerDaemon-0] TRACE util.FileUtils (LogUtils.java:supplyAndLog(69)) - Successfully supplied FileChannel.open /home/runner/work/ratis/ratis/ratis-test/target/test/data/319b119c/MiniRaftClusterWithSimulatedRpcdcda50c5/s3/6ef3c6aa-8286-4034-b7df-1e8c3a4f0960/current/raft-meta.tmp with options [CREATE, TRUNCATE_EXISTING, WRITE]: sun.nio.ch.FileChannelImpl@392e14cb
2025-10-10 11:53:27,328 [HandlerDaemon-1] TRACE util.FileUtils (LogUtils.java:supplyAndLog(69)) - Successfully supplied FileChannel.open /home/runner/work/ratis/ratis/ratis-test/target/test/data/319b119c/MiniRaftClusterWithSimulatedRpcdcda50c5/s2/6ef3c6aa-8286-4034-b7df-1e8c3a4f0960/current/raft-meta.tmp with options [CREATE, TRUNCATE_EXISTING, WRITE]: sun.nio.ch.FileChannelImpl@453aa2fa
2025-10-10 11:53:27,329 [HandlerDaemon-0] TRACE util.FileUtils (LogUtils.java:runAndLog(49)) - Successfully ran Atomic Files.move /home/runner/work/ratis/ratis/ratis-test/target/test/data/319b119c/MiniRaftClusterWithSimulatedRpcdcda50c5/s3/6ef3c6aa-8286-4034-b7df-1e8c3a4f0960/current/raft-meta.tmp to /home/runner/work/ratis/ratis/ratis-test/target/test/data/319b119c/MiniRaftClusterWithSimulatedRpcdcda50c5/s3/6ef3c6aa-8286-4034-b7df-1e8c3a4f0960/current/raft-meta with options [REPLACE_EXISTING]
2025-10-10 11:53:27,329 [HandlerDaemon-0] INFO  server.RaftServer$Division (RaftServerImpl.java:setFirstElection(577)) - s3@group-1E8C3A4F0960: set firstElectionSinceStartup to false for APPEND_ENTRIES
2025-10-10 11:53:27,329 [HandlerDaemon-0] INFO  server.RaftServer$Division (ServerState.java:setLeader(278)) - s3@group-1E8C3A4F0960: change Leader from null to s8 at term 1 for APPEND_ENTRIES, leader elected after 102ms
2025-10-10 11:53:27,329 [HandlerDaemon-1] TRACE util.FileUtils (LogUtils.java:runAndLog(49)) - Successfully ran Atomic Files.move /home/runner/work/ratis/ratis/ratis-test/target/test/data/319b119c/MiniRaftClusterWithSimulatedRpcdcda50c5/s2/6ef3c6aa-8286-4034-b7df-1e8c3a4f0960/current/raft-meta.tmp to /home/runner/work/ratis/ratis/ratis-test/target/test/data/319b119c/MiniRaftClusterWithSimulatedRpcdcda50c5/s2/6ef3c6aa-8286-4034-b7df-1e8c3a4f0960/current/raft-meta with options [REPLACE_EXISTING]
2025-10-10 11:53:27,329 [HandlerDaemon-1] INFO  server.RaftServer$Division (RaftServerImpl.java:setFirstElection(577)) - s2@group-1E8C3A4F0960: set firstElectionSinceStartup to false for APPEND_ENTRIES
2025-10-10 11:53:27,329 [HandlerDaemon-1] INFO  server.RaftServer$Division (ServerState.java:setLeader(278)) - s2@group-1E8C3A4F0960: change Leader from null to s8 at term 1 for APPEND_ENTRIES, leader elected after 75ms
2025-10-10 11:53:27,330 [HandlerDaemon-0] DEBUG server.RaftServer$Division (RaftServerImpl.java:logAppendEntries(1537)) - s2@group-1E8C3A4F0960: appendEntries* s8->s2#412-t1,previous=<PROTO_DEFAULT>,leaderCommit=8,initializing? true,entries: size=9, first=(t:1, i:0), CONFIGURATIONENTRY(current:id:"s8"startupRole:FOLLOWER, old:)
2025-10-10 11:53:27,330 [HandlerDaemon-1] DEBUG server.RaftServer$Division (RaftServerImpl.java:logAppendEntries(1537)) - s3@group-1E8C3A4F0960: appendEntries* s8->s3#411-t1,previous=<PROTO_DEFAULT>,leaderCommit=8,initializing? true,entries: size=9, first=(t:1, i:0), CONFIGURATIONENTRY(current:id:"s8"startupRole:FOLLOWER, old:)
2025-10-10 11:53:27,331 [HandlerDaemon-0] INFO  server.RaftServer$Division (ServerState.java:setRaftConf(392)) - s2@group-1E8C3A4F0960: set configuration conf: {index: 0, cur=peers:[s8|]|listeners:[], old=null}
2025-10-10 11:53:27,331 [HandlerDaemon-0] INFO  server.RaftServer$Division (ServerState.java:setRaftConf(392)) - s2@group-1E8C3A4F0960: set configuration conf: {index: 1, cur=peers:[s8|, s0|]|listeners:[], old=peers:[s8|]|listeners:[]}
2025-10-10 11:53:27,332 [HandlerDaemon-0] INFO  server.RaftServer$Division (ServerState.java:setRaftConf(392)) - s2@group-1E8C3A4F0960: set configuration conf: {index: 3, cur=peers:[s8|, s0|]|listeners:[], old=null}
2025-10-10 11:53:27,332 [HandlerDaemon-0] INFO  server.RaftServer$Division (ServerState.java:setRaftConf(392)) - s2@group-1E8C3A4F0960: set configuration conf: {index: 5, cur=peers:[s8|, s0|, s1|]|listeners:[], old=peers:[s8|, s0|]|listeners:[]}
2025-10-10 11:53:27,332 [HandlerDaemon-1] INFO  server.RaftServer$Division (ServerState.java:setRaftConf(392)) - s3@group-1E8C3A4F0960: set configuration conf: {index: 0, cur=peers:[s8|]|listeners:[], old=null}
2025-10-10 11:53:27,332 [HandlerDaemon-1] INFO  server.RaftServer$Division (ServerState.java:setRaftConf(392)) - s3@group-1E8C3A4F0960: set configuration conf: {index: 1, cur=peers:[s8|, s0|]|listeners:[], old=peers:[s8|]|listeners:[]}
2025-10-10 11:53:27,332 [HandlerDaemon-1] INFO  server.RaftServer$Division (ServerState.java:setRaftConf(392)) - s3@group-1E8C3A4F0960: set configuration conf: {index: 3, cur=peers:[s8|, s0|]|listeners:[], old=null}
2025-10-10 11:53:27,332 [HandlerDaemon-1] INFO  server.RaftServer$Division (ServerState.java:setRaftConf(392)) - s3@group-1E8C3A4F0960: set configuration conf: {index: 5, cur=peers:[s8|, s0|, s1|]|listeners:[], old=peers:[s8|, s0|]|listeners:[]}
2025-10-10 11:53:27,332 [HandlerDaemon-1] INFO  server.RaftServer$Division (ServerState.java:setRaftConf(392)) - s3@group-1E8C3A4F0960: set configuration conf: {index: 7, cur=peers:[s8|, s0|, s1|]|listeners:[], old=null}
2025-10-10 11:53:27,332 [HandlerDaemon-0] INFO  server.RaftServer$Division (ServerState.java:setRaftConf(392)) - s2@group-1E8C3A4F0960: set configuration conf: {index: 7, cur=peers:[s8|, s0|, s1|]|listeners:[], old=null}
2025-10-10 11:53:27,333 [s3-server-thread1] INFO  segmented.SegmentedRaftLogWorker (SegmentedRaftLogWorker.java:startLogSegment(440)) - s3@group-1E8C3A4F0960-SegmentedRaftLogWorker: Starting segment from index:0
2025-10-10 11:53:27,333 [s2-server-thread1] INFO  segmented.SegmentedRaftLogWorker (SegmentedRaftLogWorker.java:startLogSegment(440)) - s2@group-1E8C3A4F0960-SegmentedRaftLogWorker: Starting segment from index:0
2025-10-10 11:53:27,334 [s2@group-1E8C3A4F0960-SegmentedRaftLogWorker] INFO  segmented.BufferedWriteChannel (BufferedWriteChannel.java:open(61)) - open log_inprogress_0 at position 0
2025-10-10 11:53:27,334 [s3@group-1E8C3A4F0960-SegmentedRaftLogWorker] INFO  segmented.BufferedWriteChannel (BufferedWriteChannel.java:open(61)) - open log_inprogress_0 at position 0
2025-10-10 11:53:27,339 [s2@group-1E8C3A4F0960-SegmentedRaftLogWorker] INFO  segmented.SegmentedRaftLogWorker (SegmentedRaftLogWorker.java:execute(647)) - s2@group-1E8C3A4F0960-SegmentedRaftLogWorker: created new log segment /home/runner/work/ratis/ratis/ratis-test/target/test/data/319b119c/MiniRaftClusterWithSimulatedRpcdcda50c5/s2/6ef3c6aa-8286-4034-b7df-1e8c3a4f0960/current/log_inprogress_0
2025-10-10 11:53:27,339 [s3@group-1E8C3A4F0960-SegmentedRaftLogWorker] INFO  segmented.SegmentedRaftLogWorker (SegmentedRaftLogWorker.java:execute(647)) - s3@group-1E8C3A4F0960-SegmentedRaftLogWorker: created new log segment /home/runner/work/ratis/ratis/ratis-test/target/test/data/319b119c/MiniRaftClusterWithSimulatedRpcdcda50c5/s3/6ef3c6aa-8286-4034-b7df-1e8c3a4f0960/current/log_inprogress_0
2025-10-10 11:53:27,341 [s2-server-thread1] DEBUG server.RaftServer$Division (RaftServerImpl.java:logAppendEntries(1537)) - s2@group-1E8C3A4F0960: appendEntries* reply s8<-s2#412:OK-t1,SUCCESS,nextIndex=9,followerCommit=8,matchIndex=8
2025-10-10 11:53:27,341 [s2@group-1E8C3A4F0960-StateMachineUpdater] TRACE util.FileUtils (LogUtils.java:supplyAndLog(69)) - Successfully supplied FileChannel.open /home/runner/work/ratis/ratis/ratis-test/target/test/data/319b119c/MiniRaftClusterWithSimulatedRpcdcda50c5/s2/6ef3c6aa-8286-4034-b7df-1e8c3a4f0960/current/raft-meta.conf.tmp with options [CREATE, TRUNCATE_EXISTING, WRITE]: sun.nio.ch.FileChannelImpl@2ff501c3
2025-10-10 11:53:27,341 [s3-server-thread1] DEBUG server.RaftServer$Division (RaftServerImpl.java:logAppendEntries(1537)) - s3@group-1E8C3A4F0960: appendEntries* reply s8<-s3#411:OK-t1,SUCCESS,nextIndex=9,followerCommit=8,matchIndex=8
2025-10-10 11:53:27,342 [s3@group-1E8C3A4F0960-StateMachineUpdater] TRACE util.FileUtils (LogUtils.java:supplyAndLog(69)) - Successfully supplied FileChannel.open /home/runner/work/ratis/ratis/ratis-test/target/test/data/319b119c/MiniRaftClusterWithSimulatedRpcdcda50c5/s3/6ef3c6aa-8286-4034-b7df-1e8c3a4f0960/current/raft-meta.conf.tmp with options [CREATE, TRUNCATE_EXISTING, WRITE]: sun.nio.ch.FileChannelImpl@36773c90
2025-10-10 11:53:27,342 [s2@group-1E8C3A4F0960-StateMachineUpdater] TRACE util.FileUtils (LogUtils.java:runAndLog(49)) - Successfully ran Atomic Files.move /home/runner/work/ratis/ratis/ratis-test/target/test/data/319b119c/MiniRaftClusterWithSimulatedRpcdcda50c5/s2/6ef3c6aa-8286-4034-b7df-1e8c3a4f0960/current/raft-meta.conf.tmp to /home/runner/work/ratis/ratis/ratis-test/target/test/data/319b119c/MiniRaftClusterWithSimulatedRpcdcda50c5/s2/6ef3c6aa-8286-4034-b7df-1e8c3a4f0960/current/raft-meta.conf with options [REPLACE_EXISTING]
2025-10-10 11:53:27,342 [s8@group-1E8C3A4F0960-LeaderStateImpl] INFO  server.RaftServer$Division (ServerState.java:setRaftConf(392)) - s8@group-1E8C3A4F0960: set configuration conf: {index: 9, cur=peers:[s3, s8, s0, s1, s2]|listeners:[], old=peers:[s8, s0, s1]|listeners:[]}
2025-10-10 11:53:27,343 [s2@group-1E8C3A4F0960-StateMachineUpdater] TRACE util.FileUtils (LogUtils.java:supplyAndLog(69)) - Successfully supplied FileChannel.open /home/runner/work/ratis/ratis/ratis-test/target/test/data/319b119c/MiniRaftClusterWithSimulatedRpcdcda50c5/s2/6ef3c6aa-8286-4034-b7df-1e8c3a4f0960/current/raft-meta.conf.tmp with options [CREATE, TRUNCATE_EXISTING, WRITE]: sun.nio.ch.FileChannelImpl@2132ea4d
2025-10-10 11:53:27,343 [s3@group-1E8C3A4F0960-StateMachineUpdater] TRACE util.FileUtils (LogUtils.java:runAndLog(49)) - Successfully ran Atomic Files.move /home/runner/work/ratis/ratis/ratis-test/target/test/data/319b119c/MiniRaftClusterWithSimulatedRpcdcda50c5/s3/6ef3c6aa-8286-4034-b7df-1e8c3a4f0960/current/raft-meta.conf.tmp to /home/runner/work/ratis/ratis/ratis-test/target/test/data/319b119c/MiniRaftClusterWithSimulatedRpcdcda50c5/s3/6ef3c6aa-8286-4034-b7df-1e8c3a4f0960/current/raft-meta.conf with options [REPLACE_EXISTING]
2025-10-10 11:53:27,344 [s3@group-1E8C3A4F0960-StateMachineUpdater] TRACE util.FileUtils (LogUtils.java:supplyAndLog(69)) - Successfully supplied FileChannel.open /home/runner/work/ratis/ratis/ratis-test/target/test/data/319b119c/MiniRaftClusterWithSimulatedRpcdcda50c5/s3/6ef3c6aa-8286-4034-b7df-1e8c3a4f0960/current/raft-meta.conf.tmp with options [CREATE, TRUNCATE_EXISTING, WRITE]: sun.nio.ch.FileChannelImpl@38b0d42e
2025-10-10 11:53:27,344 [s2@group-1E8C3A4F0960-StateMachineUpdater] TRACE util.FileUtils (LogUtils.java:runAndLog(49)) - Successfully ran Atomic Files.move /home/runner/work/ratis/ratis/ratis-test/target/test/data/319b119c/MiniRaftClusterWithSimulatedRpcdcda50c5/s2/6ef3c6aa-8286-4034-b7df-1e8c3a4f0960/current/raft-meta.conf.tmp to /home/runner/work/ratis/ratis/ratis-test/target/test/data/319b119c/MiniRaftClusterWithSimulatedRpcdcda50c5/s2/6ef3c6aa-8286-4034-b7df-1e8c3a4f0960/current/raft-meta.conf with options [REPLACE_EXISTING]
2025-10-10 11:53:27,344 [s2@group-1E8C3A4F0960-StateMachineUpdater] TRACE util.FileUtils (LogUtils.java:supplyAndLog(69)) - Successfully supplied FileChannel.open /home/runner/work/ratis/ratis/ratis-test/target/test/data/319b119c/MiniRaftClusterWithSimulatedRpcdcda50c5/s2/6ef3c6aa-8286-4034-b7df-1e8c3a4f0960/current/raft-meta.conf.tmp with options [CREATE, TRUNCATE_EXISTING, WRITE]: sun.nio.ch.FileChannelImpl@250d6ab3
2025-10-10 11:53:27,345 [HandlerDaemon-2] DEBUG server.RaftServer$Division (RaftServerImpl.java:logAppendEntries(1537)) - s3@group-1E8C3A4F0960: appendEntries* s8->s3#413-t1,previous=(t:1, i:8),leaderCommit=8,initializing? false,entries: size=1, first=(t:1, i:9), CONFIGURATIONENTRY(current:id:"s3"startupRole:FOLLOWER, id:"s8"startupRole:FOLLOWER, id:"s0"startupRole:FOLLOWER, id:"s1"startupRole:FOLLOWER, id:"s2"startupRole:FOLLOWER, old:id:"s8"startupRole:FOLLOWER, id:"s0"startupRole:FOLLOWER, id:"s1"startupRole:FOLLOWER)
2025-10-10 11:53:27,345 [HandlerDaemon-1] DEBUG server.RaftServer$Division (RaftServerImpl.java:logAppendEntries(1537)) - s0@group-1E8C3A4F0960: appendEntries* s8->s0#416-t1,previous=(t:1, i:8),leaderCommit=8,initializing? false,entries: size=1, first=(t:1, i:9), CONFIGURATIONENTRY(current:id:"s3"startupRole:FOLLOWER, id:"s8"startupRole:FOLLOWER, id:"s0"startupRole:FOLLOWER, id:"s1"startupRole:FOLLOWER, id:"s2"startupRole:FOLLOWER, old:id:"s8"startupRole:FOLLOWER, id:"s0"startupRole:FOLLOWER, id:"s1"startupRole:FOLLOWER)
2025-10-10 11:53:27,345 [HandlerDaemon-2] INFO  impl.RoleInfo (RoleInfo.java:updateAndGet(148)) - s3: start s3@group-1E8C3A4F0960-FollowerState
2025-10-10 11:53:27,345 [HandlerDaemon-1] INFO  server.RaftServer$Division (ServerState.java:setRaftConf(392)) - s0@group-1E8C3A4F0960: set configuration conf: {index: 9, cur=peers:[s3|, s8|, s0|, s1|, s2|]|listeners:[], old=peers:[s8|, s0|, s1|]|listeners:[]}
2025-10-10 11:53:27,345 [HandlerDaemon-0] DEBUG server.RaftServer$Division (RaftServerImpl.java:logAppendEntries(1537)) - s1@group-1E8C3A4F0960: appendEntries* s8->s1#415-t1,previous=(t:1, i:8),leaderCommit=8,initializing? false,entries: size=1, first=(t:1, i:9), CONFIGURATIONENTRY(current:id:"s3"startupRole:FOLLOWER, id:"s8"startupRole:FOLLOWER, id:"s0"startupRole:FOLLOWER, id:"s1"startupRole:FOLLOWER, id:"s2"startupRole:FOLLOWER, old:id:"s8"startupRole:FOLLOWER, id:"s0"startupRole:FOLLOWER, id:"s1"startupRole:FOLLOWER)
2025-10-10 11:53:27,345 [HandlerDaemon-0] INFO  server.RaftServer$Division (ServerState.java:setRaftConf(392)) - s1@group-1E8C3A4F0960: set configuration conf: {index: 9, cur=peers:[s3|, s8|, s0|, s1|, s2|]|listeners:[], old=peers:[s8|, s0|, s1|]|listeners:[]}
2025-10-10 11:53:27,346 [HandlerDaemon-2] DEBUG server.RaftServer$Division (RaftServerImpl.java:logAppendEntries(1537)) - s2@group-1E8C3A4F0960: appendEntries* s8->s2#414-t1,previous=(t:1, i:8),leaderCommit=8,initializing? false,entries: size=1, first=(t:1, i:9), CONFIGURATIONENTRY(current:id:"s3"startupRole:FOLLOWER, id:"s8"startupRole:FOLLOWER, id:"s0"startupRole:FOLLOWER, id:"s1"startupRole:FOLLOWER, id:"s2"startupRole:FOLLOWER, old:id:"s8"startupRole:FOLLOWER, id:"s0"startupRole:FOLLOWER, id:"s1"startupRole:FOLLOWER)
2025-10-10 11:53:27,346 [HandlerDaemon-2] INFO  impl.RoleInfo (RoleInfo.java:updateAndGet(148)) - s2: start s2@group-1E8C3A4F0960-FollowerState
2025-10-10 11:53:27,346 [s2@group-1E8C3A4F0960-StateMachineUpdater] TRACE util.FileUtils (LogUtils.java:runAndLog(49)) - Successfully ran Atomic Files.move /home/runner/work/ratis/ratis/ratis-test/target/test/data/319b119c/MiniRaftClusterWithSimulatedRpcdcda50c5/s2/6ef3c6aa-8286-4034-b7df-1e8c3a4f0960/current/raft-meta.conf.tmp to /home/runner/work/ratis/ratis/ratis-test/target/test/data/319b119c/MiniRaftClusterWithSimulatedRpcdcda50c5/s2/6ef3c6aa-8286-4034-b7df-1e8c3a4f0960/current/raft-meta.conf with options [REPLACE_EXISTING]
2025-10-10 11:53:27,347 [s0-server-thread1] DEBUG server.RaftServer$Division (RaftServerImpl.java:logAppendEntries(1537)) - s0@group-1E8C3A4F0960: appendEntries* reply s8<-s0#416:OK-t1,SUCCESS,nextIndex=10,followerCommit=8,matchIndex=9
2025-10-10 11:53:27,347 [s2@group-1E8C3A4F0960-StateMachineUpdater] TRACE util.FileUtils (LogUtils.java:supplyAndLog(69)) - Successfully supplied FileChannel.open /home/runner/work/ratis/ratis/ratis-test/target/test/data/319b119c/MiniRaftClusterWithSimulatedRpcdcda50c5/s2/6ef3c6aa-8286-4034-b7df-1e8c3a4f0960/current/raft-meta.conf.tmp with options [CREATE, TRUNCATE_EXISTING, WRITE]: sun.nio.ch.FileChannelImpl@600fe076
2025-10-10 11:53:27,346 [HandlerDaemon-2] INFO  server.RaftServer$Division (ServerState.java:setRaftConf(392)) - s3@group-1E8C3A4F0960: set configuration conf: {index: 9, cur=peers:[s3|, s8|, s0|, s1|, s2|]|listeners:[], old=peers:[s8|, s0|, s1|]|listeners:[]}
2025-10-10 11:53:27,346 [s3@group-1E8C3A4F0960-StateMachineUpdater] TRACE util.FileUtils (LogUtils.java:runAndLog(49)) - Successfully ran Atomic Files.move /home/runner/work/ratis/ratis/ratis-test/target/test/data/319b119c/MiniRaftClusterWithSimulatedRpcdcda50c5/s3/6ef3c6aa-8286-4034-b7df-1e8c3a4f0960/current/raft-meta.conf.tmp to /home/runner/work/ratis/ratis/ratis-test/target/test/data/319b119c/MiniRaftClusterWithSimulatedRpcdcda50c5/s3/6ef3c6aa-8286-4034-b7df-1e8c3a4f0960/current/raft-meta.conf with options [REPLACE_EXISTING]
2025-10-10 11:53:27,347 [s1-server-thread1] DEBUG server.RaftServer$Division (RaftServerImpl.java:logAppendEntries(1537)) - s1@group-1E8C3A4F0960: appendEntries* reply s8<-s1#415:OK-t1,SUCCESS,nextIndex=10,followerCommit=8,matchIndex=9
2025-10-10 11:53:27,347 [s3@group-1E8C3A4F0960-StateMachineUpdater] TRACE util.FileUtils (LogUtils.java:supplyAndLog(69)) - Successfully supplied FileChannel.open /home/runner/work/ratis/ratis/ratis-test/target/test/data/319b119c/MiniRaftClusterWithSimulatedRpcdcda50c5/s3/6ef3c6aa-8286-4034-b7df-1e8c3a4f0960/current/raft-meta.conf.tmp with options [CREATE, TRUNCATE_EXISTING, WRITE]: sun.nio.ch.FileChannelImpl@3c8f57e0
2025-10-10 11:53:27,348 [HandlerDaemon-2] INFO  server.RaftServer$Division (ServerState.java:setRaftConf(392)) - s2@group-1E8C3A4F0960: set configuration conf: {index: 9, cur=peers:[s3|, s8|, s0|, s1|, s2|]|listeners:[], old=peers:[s8|, s0|, s1|]|listeners:[]}
2025-10-10 11:53:27,348 [s8@group-1E8C3A4F0960-LeaderStateImpl] INFO  server.RaftServer$Division (ServerState.java:setRaftConf(392)) - s8@group-1E8C3A4F0960: set configuration conf: {index: 11, cur=peers:[s3, s8, s0, s1, s2]|listeners:[], old=null}
2025-10-10 11:53:27,348 [s3@group-1E8C3A4F0960-StateMachineUpdater] TRACE util.FileUtils (LogUtils.java:runAndLog(49)) - Successfully ran Atomic Files.move /home/runner/work/ratis/ratis/ratis-test/target/test/data/319b119c/MiniRaftClusterWithSimulatedRpcdcda50c5/s3/6ef3c6aa-8286-4034-b7df-1e8c3a4f0960/current/raft-meta.conf.tmp to /home/runner/work/ratis/ratis/ratis-test/target/test/data/319b119c/MiniRaftClusterWithSimulatedRpcdcda50c5/s3/6ef3c6aa-8286-4034-b7df-1e8c3a4f0960/current/raft-meta.conf with options [REPLACE_EXISTING]
2025-10-10 11:53:27,348 [s3@group-1E8C3A4F0960-StateMachineUpdater] TRACE util.FileUtils (LogUtils.java:supplyAndLog(69)) - Successfully supplied FileChannel.open /home/runner/work/ratis/ratis/ratis-test/target/test/data/319b119c/MiniRaftClusterWithSimulatedRpcdcda50c5/s3/6ef3c6aa-8286-4034-b7df-1e8c3a4f0960/current/raft-meta.conf.tmp with options [CREATE, TRUNCATE_EXISTING, WRITE]: sun.nio.ch.FileChannelImpl@798dde15
2025-10-10 11:53:27,349 [HandlerDaemon-1] DEBUG server.RaftServer$Division (RaftServerImpl.java:logAppendEntries(1537)) - s1@group-1E8C3A4F0960: appendEntries* s8->s1#417-t1,previous=(t:1, i:9),leaderCommit=9,initializing? false,entries: size=2, first=(t:1, i:10), METADATAENTRY(c:9)
2025-10-10 11:53:27,349 [s3-server-thread1] DEBUG server.RaftServer$Division (RaftServerImpl.java:logAppendEntries(1537)) - s3@group-1E8C3A4F0960: appendEntries* reply s8<-s3#413:OK-t1,SUCCESS,nextIndex=10,followerCommit=8,matchIndex=9
2025-10-10 11:53:27,349 [HandlerDaemon-1] INFO  server.RaftServer$Division (ServerState.java:setRaftConf(392)) - s1@group-1E8C3A4F0960: set configuration conf: {index: 11, cur=peers:[s3|, s8|, s0|, s1|, s2|]|listeners:[], old=null}
2025-10-10 11:53:27,349 [s2@group-1E8C3A4F0960-StateMachineUpdater] TRACE util.FileUtils (LogUtils.java:runAndLog(49)) - Successfully ran Atomic Files.move /home/runner/work/ratis/ratis/ratis-test/target/test/data/319b119c/MiniRaftClusterWithSimulatedRpcdcda50c5/s2/6ef3c6aa-8286-4034-b7df-1e8c3a4f0960/current/raft-meta.conf.tmp to /home/runner/work/ratis/ratis/ratis-test/target/test/data/319b119c/MiniRaftClusterWithSimulatedRpcdcda50c5/s2/6ef3c6aa-8286-4034-b7df-1e8c3a4f0960/current/raft-meta.conf with options [REPLACE_EXISTING]
2025-10-10 11:53:27,349 [s2@group-1E8C3A4F0960-StateMachineUpdater] TRACE util.FileUtils (LogUtils.java:supplyAndLog(69)) - Successfully supplied FileChannel.open /home/runner/work/ratis/ratis/ratis-test/target/test/data/319b119c/MiniRaftClusterWithSimulatedRpcdcda50c5/s2/6ef3c6aa-8286-4034-b7df-1e8c3a4f0960/current/raft-meta.conf.tmp with options [CREATE, TRUNCATE_EXISTING, WRITE]: sun.nio.ch.FileChannelImpl@67f30ead
2025-10-10 11:53:27,349 [s8@group-1E8C3A4F0960-StateMachineUpdater] TRACE util.FileUtils (LogUtils.java:supplyAndLog(69)) - Successfully supplied FileChannel.open /home/runner/work/ratis/ratis/ratis-test/target/test/data/319b119c/MiniRaftClusterWithSimulatedRpcdcda50c5/s8/6ef3c6aa-8286-4034-b7df-1e8c3a4f0960/current/raft-meta.conf.tmp with options [CREATE, TRUNCATE_EXISTING, WRITE]: sun.nio.ch.FileChannelImpl@79f26e2e
2025-10-10 11:53:27,350 [s2-server-thread1] DEBUG server.RaftServer$Division (RaftServerImpl.java:logAppendEntries(1537)) - s2@group-1E8C3A4F0960: appendEntries* reply s8<-s2#414:OK-t1,SUCCESS,nextIndex=10,followerCommit=8,matchIndex=9
2025-10-10 11:53:27,350 [HandlerDaemon-0] DEBUG server.RaftServer$Division (RaftServerImpl.java:logAppendEntries(1537)) - s0@group-1E8C3A4F0960: appendEntries* s8->s0#418-t1,previous=(t:1, i:9),leaderCommit=9,initializing? false,entries: size=2, first=(t:1, i:10), METADATAENTRY(c:9)
2025-10-10 11:53:27,351 [HandlerDaemon-0] DEBUG server.RaftServer$Division (RaftServerImpl.java:logAppendEntries(1537)) - s3@group-1E8C3A4F0960: appendEntries* s8->s3#419-t1,previous=(t:1, i:9),leaderCommit=9,initializing? false,entries: size=2, first=(t:1, i:10), METADATAENTRY(c:9)
2025-10-10 11:53:27,351 [HandlerDaemon-1] DEBUG server.RaftServer$Division (RaftServerImpl.java:logAppendEntries(1537)) - s2@group-1E8C3A4F0960: appendEntries* s8->s2#420-t1,previous=(t:1, i:9),leaderCommit=9,initializing? false,entries: size=2, first=(t:1, i:10), METADATAENTRY(c:9)
2025-10-10 11:53:27,351 [s8@group-1E8C3A4F0960-StateMachineUpdater] TRACE util.FileUtils (LogUtils.java:runAndLog(49)) - Successfully ran Atomic Files.move /home/runner/work/ratis/ratis/ratis-test/target/test/data/319b119c/MiniRaftClusterWithSimulatedRpcdcda50c5/s8/6ef3c6aa-8286-4034-b7df-1e8c3a4f0960/current/raft-meta.conf.tmp to /home/runner/work/ratis/ratis/ratis-test/target/test/data/319b119c/MiniRaftClusterWithSimulatedRpcdcda50c5/s8/6ef3c6aa-8286-4034-b7df-1e8c3a4f0960/current/raft-meta.conf with options [REPLACE_EXISTING]
2025-10-10 11:53:27,351 [HandlerDaemon-0] INFO  server.RaftServer$Division (ServerState.java:setRaftConf(392)) - s3@group-1E8C3A4F0960: set configuration conf: {index: 11, cur=peers:[s3|, s8|, s0|, s1|, s2|]|listeners:[], old=null}
2025-10-10 11:53:27,350 [s3@group-1E8C3A4F0960-StateMachineUpdater] TRACE util.FileUtils (LogUtils.java:runAndLog(49)) - Successfully ran Atomic Files.move /home/runner/work/ratis/ratis/ratis-test/target/test/data/319b119c/MiniRaftClusterWithSimulatedRpcdcda50c5/s3/6ef3c6aa-8286-4034-b7df-1e8c3a4f0960/current/raft-meta.conf.tmp to /home/runner/work/ratis/ratis/ratis-test/target/test/data/319b119c/MiniRaftClusterWithSimulatedRpcdcda50c5/s3/6ef3c6aa-8286-4034-b7df-1e8c3a4f0960/current/raft-meta.conf with options [REPLACE_EXISTING]
2025-10-10 11:53:27,351 [HandlerDaemon-1] INFO  server.RaftServer$Division (ServerState.java:setRaftConf(392)) - s2@group-1E8C3A4F0960: set configuration conf: {index: 11, cur=peers:[s3|, s8|, s0|, s1|, s2|]|listeners:[], old=null}
2025-10-10 11:53:27,351 [HandlerDaemon-0] INFO  server.RaftServer$Division (ServerState.java:setRaftConf(392)) - s0@group-1E8C3A4F0960: set configuration conf: {index: 11, cur=peers:[s3|, s8|, s0|, s1|, s2|]|listeners:[], old=null}
2025-10-10 11:53:27,352 [s3@group-1E8C3A4F0960-StateMachineUpdater] TRACE util.FileUtils (LogUtils.java:supplyAndLog(69)) - Successfully supplied FileChannel.open /home/runner/work/ratis/ratis/ratis-test/target/test/data/319b119c/MiniRaftClusterWithSimulatedRpcdcda50c5/s3/6ef3c6aa-8286-4034-b7df-1e8c3a4f0960/current/raft-meta.conf.tmp with options [CREATE, TRUNCATE_EXISTING, WRITE]: sun.nio.ch.FileChannelImpl@7611fe08
2025-10-10 11:53:27,352 [s2-server-thread1] DEBUG server.RaftServer$Division (RaftServerImpl.java:logAppendEntries(1537)) - s2@group-1E8C3A4F0960: appendEntries* reply s8<-s2#420:OK-t1,SUCCESS,nextIndex=12,followerCommit=9,matchIndex=11
2025-10-10 11:53:27,350 [s1@group-1E8C3A4F0960-StateMachineUpdater] TRACE util.FileUtils (LogUtils.java:supplyAndLog(69)) - Successfully supplied FileChannel.open /home/runner/work/ratis/ratis/ratis-test/target/test/data/319b119c/MiniRaftClusterWithSimulatedRpcdcda50c5/s1/6ef3c6aa-8286-4034-b7df-1e8c3a4f0960/current/raft-meta.conf.tmp with options [CREATE, TRUNCATE_EXISTING, WRITE]: sun.nio.ch.FileChannelImpl@1ab3093d
2025-10-10 11:53:27,350 [s2@group-1E8C3A4F0960-StateMachineUpdater] TRACE util.FileUtils (LogUtils.java:runAndLog(49)) - Successfully ran Atomic Files.move /home/runner/work/ratis/ratis/ratis-test/target/test/data/319b119c/MiniRaftClusterWithSimulatedRpcdcda50c5/s2/6ef3c6aa-8286-4034-b7df-1e8c3a4f0960/current/raft-meta.conf.tmp to /home/runner/work/ratis/ratis/ratis-test/target/test/data/319b119c/MiniRaftClusterWithSimulatedRpcdcda50c5/s2/6ef3c6aa-8286-4034-b7df-1e8c3a4f0960/current/raft-meta.conf with options [REPLACE_EXISTING]
2025-10-10 11:53:27,352 [s2@group-1E8C3A4F0960-StateMachineUpdater] TRACE util.FileUtils (LogUtils.java:supplyAndLog(69)) - Successfully supplied FileChannel.open /home/runner/work/ratis/ratis/ratis-test/target/test/data/319b119c/MiniRaftClusterWithSimulatedRpcdcda50c5/s2/6ef3c6aa-8286-4034-b7df-1e8c3a4f0960/current/raft-meta.conf.tmp with options [CREATE, TRUNCATE_EXISTING, WRITE]: sun.nio.ch.FileChannelImpl@5125e09c
2025-10-10 11:53:27,353 [s0-server-thread1] DEBUG server.RaftServer$Division (RaftServerImpl.java:logAppendEntries(1537)) - s0@group-1E8C3A4F0960: appendEntries* reply s8<-s0#418:OK-t1,SUCCESS,nextIndex=12,followerCommit=9,matchIndex=11
2025-10-10 11:53:27,353 [s3-server-thread2] DEBUG server.RaftServer$Division (RaftServerImpl.java:logAppendEntries(1537)) - s3@group-1E8C3A4F0960: appendEntries* reply s8<-s3#419:OK-t1,SUCCESS,nextIndex=12,followerCommit=9,matchIndex=11
2025-10-10 11:53:27,353 [s2@group-1E8C3A4F0960-StateMachineUpdater] TRACE util.FileUtils (LogUtils.java:runAndLog(49)) - Successfully ran Atomic Files.move /home/runner/work/ratis/ratis/ratis-test/target/test/data/319b119c/MiniRaftClusterWithSimulatedRpcdcda50c5/s2/6ef3c6aa-8286-4034-b7df-1e8c3a4f0960/current/raft-meta.conf.tmp to /home/runner/work/ratis/ratis/ratis-test/target/test/data/319b119c/MiniRaftClusterWithSimulatedRpcdcda50c5/s2/6ef3c6aa-8286-4034-b7df-1e8c3a4f0960/current/raft-meta.conf with options [REPLACE_EXISTING]
2025-10-10 11:53:27,353 [s3@group-1E8C3A4F0960-StateMachineUpdater] TRACE util.FileUtils (LogUtils.java:runAndLog(49)) - Successfully ran Atomic Files.move /home/runner/work/ratis/ratis/ratis-test/target/test/data/319b119c/MiniRaftClusterWithSimulatedRpcdcda50c5/s3/6ef3c6aa-8286-4034-b7df-1e8c3a4f0960/current/raft-meta.conf.tmp to /home/runner/work/ratis/ratis/ratis-test/target/test/data/319b119c/MiniRaftClusterWithSimulatedRpcdcda50c5/s3/6ef3c6aa-8286-4034-b7df-1e8c3a4f0960/current/raft-meta.conf with options [REPLACE_EXISTING]
2025-10-10 11:53:27,350 [s1-server-thread1] DEBUG server.RaftServer$Division (RaftServerImpl.java:logAppendEntries(1537)) - s1@group-1E8C3A4F0960: appendEntries* reply s8<-s1#417:OK-t1,SUCCESS,nextIndex=12,followerCommit=9,matchIndex=11
2025-10-10 11:53:27,353 [s0@group-1E8C3A4F0960-StateMachineUpdater] TRACE util.FileUtils (LogUtils.java:supplyAndLog(69)) - Successfully supplied FileChannel.open /home/runner/work/ratis/ratis/ratis-test/target/test/data/319b119c/MiniRaftClusterWithSimulatedRpcdcda50c5/s0/6ef3c6aa-8286-4034-b7df-1e8c3a4f0960/current/raft-meta.conf.tmp with options [CREATE, TRUNCATE_EXISTING, WRITE]: sun.nio.ch.FileChannelImpl@453a9b42
2025-10-10 11:53:27,353 [s1@group-1E8C3A4F0960-StateMachineUpdater] TRACE util.FileUtils (LogUtils.java:runAndLog(49)) - Successfully ran Atomic Files.move /home/runner/work/ratis/ratis/ratis-test/target/test/data/319b119c/MiniRaftClusterWithSimulatedRpcdcda50c5/s1/6ef3c6aa-8286-4034-b7df-1e8c3a4f0960/current/raft-meta.conf.tmp to /home/runner/work/ratis/ratis/ratis-test/target/test/data/319b119c/MiniRaftClusterWithSimulatedRpcdcda50c5/s1/6ef3c6aa-8286-4034-b7df-1e8c3a4f0960/current/raft-meta.conf with options [REPLACE_EXISTING]
2025-10-10 11:53:27,354 [s3@group-1E8C3A4F0960-StateMachineUpdater] TRACE util.FileUtils (LogUtils.java:supplyAndLog(69)) - Successfully supplied FileChannel.open /home/runner/work/ratis/ratis/ratis-test/target/test/data/319b119c/MiniRaftClusterWithSimulatedRpcdcda50c5/s3/6ef3c6aa-8286-4034-b7df-1e8c3a4f0960/current/raft-meta.conf.tmp with options [CREATE, TRUNCATE_EXISTING, WRITE]: sun.nio.ch.FileChannelImpl@48be4540
2025-10-10 11:53:27,355 [s8@group-1E8C3A4F0960-StateMachineUpdater] TRACE util.FileUtils (LogUtils.java:supplyAndLog(69)) - Successfully supplied FileChannel.open /home/runner/work/ratis/ratis/ratis-test/target/test/data/319b119c/MiniRaftClusterWithSimulatedRpcdcda50c5/s8/6ef3c6aa-8286-4034-b7df-1e8c3a4f0960/current/raft-meta.conf.tmp with options [CREATE, TRUNCATE_EXISTING, WRITE]: sun.nio.ch.FileChannelImpl@65e9306b
2025-10-10 11:53:27,355 [s0@group-1E8C3A4F0960-StateMachineUpdater] TRACE util.FileUtils (LogUtils.java:runAndLog(49)) - Successfully ran Atomic Files.move /home/runner/work/ratis/ratis/ratis-test/target/test/data/319b119c/MiniRaftClusterWithSimulatedRpcdcda50c5/s0/6ef3c6aa-8286-4034-b7df-1e8c3a4f0960/current/raft-meta.conf.tmp to /home/runner/work/ratis/ratis/ratis-test/target/test/data/319b119c/MiniRaftClusterWithSimulatedRpcdcda50c5/s0/6ef3c6aa-8286-4034-b7df-1e8c3a4f0960/current/raft-meta.conf with options [REPLACE_EXISTING]
2025-10-10 11:53:27,355 [main] DEBUG client.RaftClient (RaftClientImpl.java:add(146)) - client-41A49BC7519F: add replied callId 406
2025-10-10 11:53:27,356 [s3@group-1E8C3A4F0960-StateMachineUpdater] TRACE util.FileUtils (LogUtils.java:runAndLog(49)) - Successfully ran Atomic Files.move /home/runner/work/ratis/ratis/ratis-test/target/test/data/319b119c/MiniRaftClusterWithSimulatedRpcdcda50c5/s3/6ef3c6aa-8286-4034-b7df-1e8c3a4f0960/current/raft-meta.conf.tmp to /home/runner/work/ratis/ratis/ratis-test/target/test/data/319b119c/MiniRaftClusterWithSimulatedRpcdcda50c5/s3/6ef3c6aa-8286-4034-b7df-1e8c3a4f0960/current/raft-meta.conf with options [REPLACE_EXISTING]
2025-10-10 11:53:27,356 [main] DEBUG client.RaftClient (RaftClientImpl.java:newRequest(95)) - attempt #1, newRequest SetConfigurationRequest:client-41A49BC7519F->s8@group-1E8C3A4F0960, cid=425, seq=null, RW, null, SET_UNCONDITIONALLY, servers:[s3, s4, s5, s6, s7, s8, s0, s1, s2], listeners:[]
2025-10-10 11:53:27,357 [HandlerDaemon-1] DEBUG server.RaftServer$Division (RaftServerImpl.java:logAppendEntries(1537)) - s3@group-1E8C3A4F0960: appendEntries* s8->s3#421-t1,previous=(t:1, i:11),leaderCommit=11,initializing? false,entries: size=1, first=(t:1, i:12), METADATAENTRY(c:11)
2025-10-10 11:53:27,356 [s8@group-1E8C3A4F0960-StateMachineUpdater] TRACE util.FileUtils (LogUtils.java:runAndLog(49)) - Successfully ran Atomic Files.move /home/runner/work/ratis/ratis/ratis-test/target/test/data/319b119c/MiniRaftClusterWithSimulatedRpcdcda50c5/s8/6ef3c6aa-8286-4034-b7df-1e8c3a4f0960/current/raft-meta.conf.tmp to /home/runner/work/ratis/ratis/ratis-test/target/test/data/319b119c/MiniRaftClusterWithSimulatedRpcdcda50c5/s8/6ef3c6aa-8286-4034-b7df-1e8c3a4f0960/current/raft-meta.conf with options [REPLACE_EXISTING]
2025-10-10 11:53:27,357 [HandlerDaemon-1] DEBUG server.RaftServer$Division (RaftServerImpl.java:logAppendEntries(1537)) - s0@group-1E8C3A4F0960: appendEntries* s8->s0#422-t1,previous=(t:1, i:11),leaderCommit=11,initializing? false,entries: size=1, first=(t:1, i:12), METADATAENTRY(c:11)
2025-10-10 11:53:27,357 [HandlerDaemon-2] DEBUG server.RaftServer$Division (RaftServerImpl.java:logAppendEntries(1537)) - s1@group-1E8C3A4F0960: appendEntries* s8->s1#424-t1,previous=(t:1, i:11),leaderCommit=11,initializing? false,entries: size=1, first=(t:1, i:12), METADATAENTRY(c:11)
2025-10-10 11:53:27,357 [HandlerDaemon-0] DEBUG server.RaftServer$Division (RaftServerImpl.java:logAppendEntries(1537)) - s2@group-1E8C3A4F0960: appendEntries* s8->s2#423-t1,previous=(t:1, i:11),leaderCommit=11,initializing? false,entries: size=1, first=(t:1, i:12), METADATAENTRY(c:11)
2025-10-10 11:53:27,358 [s0-server-thread1] DEBUG server.RaftServer$Division (RaftServerImpl.java:logAppendEntries(1537)) - s0@group-1E8C3A4F0960: appendEntries* reply s8<-s0#422:OK-t1,SUCCESS,nextIndex=13,followerCommit=11,matchIndex=12
2025-10-10 11:53:27,358 [s0@group-1E8C3A4F0960-StateMachineUpdater] TRACE util.FileUtils (LogUtils.java:supplyAndLog(69)) - Successfully supplied FileChannel.open /home/runner/work/ratis/ratis/ratis-test/target/test/data/319b119c/MiniRaftClusterWithSimulatedRpcdcda50c5/s0/6ef3c6aa-8286-4034-b7df-1e8c3a4f0960/current/raft-meta.conf.tmp with options [CREATE, TRUNCATE_EXISTING, WRITE]: sun.nio.ch.FileChannelImpl@449da9f8
2025-10-10 11:53:27,358 [s8-server-thread1] INFO  server.RaftServer$Division (RaftServerImpl.java:setConfigurationAsync(1323)) - s8@group-1E8C3A4F0960: receive setConfiguration SetConfigurationRequest:client-41A49BC7519F->s8@group-1E8C3A4F0960, cid=425, seq=null, RW, null, SET_UNCONDITIONALLY, servers:[s3, s4, s5, s6, s7, s8, s0, s1, s2], listeners:[]
2025-10-10 11:53:27,358 [s3-server-thread2] DEBUG server.RaftServer$Division (RaftServerImpl.java:logAppendEntries(1537)) - s3@group-1E8C3A4F0960: appendEntries* reply s8<-s3#421:OK-t1,SUCCESS,nextIndex=13,followerCommit=11,matchIndex=12
2025-10-10 11:53:27,359 [s8-server-thread1] INFO  server.RaftServer$Division (LeaderStateImpl.java:startSetConfiguration(483)) - s8@group-1E8C3A4F0960-LeaderStateImpl: startSetConfiguration SetConfigurationRequest:client-41A49BC7519F->s8@group-1E8C3A4F0960, cid=425, seq=null, RW, null, SET_UNCONDITIONALLY, servers:[s3, s4, s5, s6, s7, s8, s0, s1, s2], listeners:[]
2025-10-10 11:53:27,359 [s2-server-thread1] DEBUG server.RaftServer$Division (RaftServerImpl.java:logAppendEntries(1537)) - s2@group-1E8C3A4F0960: appendEntries* reply s8<-s2#423:OK-t1,SUCCESS,nextIndex=13,followerCommit=11,matchIndex=12
2025-10-10 11:53:27,359 [s3@group-1E8C3A4F0960-StateMachineUpdater] TRACE util.FileUtils (LogUtils.java:supplyAndLog(69)) - Successfully supplied FileChannel.open /home/runner/work/ratis/ratis/ratis-test/target/test/data/319b119c/MiniRaftClusterWithSimulatedRpcdcda50c5/s3/6ef3c6aa-8286-4034-b7df-1e8c3a4f0960/current/raft-meta.conf.tmp with options [CREATE, TRUNCATE_EXISTING, WRITE]: sun.nio.ch.FileChannelImpl@ec83be0
2025-10-10 11:53:27,359 [s1-server-thread1] DEBUG server.RaftServer$Division (RaftServerImpl.java:logAppendEntries(1537)) - s1@group-1E8C3A4F0960: appendEntries* reply s8<-s1#424:OK-t1,SUCCESS,nextIndex=13,followerCommit=11,matchIndex=12
2025-10-10 11:53:27,359 [s2@group-1E8C3A4F0960-StateMachineUpdater] TRACE util.FileUtils (LogUtils.java:supplyAndLog(69)) - Successfully supplied FileChannel.open /home/runner/work/ratis/ratis/ratis-test/target/test/data/319b119c/MiniRaftClusterWithSimulatedRpcdcda50c5/s2/6ef3c6aa-8286-4034-b7df-1e8c3a4f0960/current/raft-meta.conf.tmp with options [CREATE, TRUNCATE_EXISTING, WRITE]: sun.nio.ch.FileChannelImpl@1f3350f9
2025-10-10 11:53:27,359 [s1@group-1E8C3A4F0960-StateMachineUpdater] TRACE util.FileUtils (LogUtils.java:supplyAndLog(69)) - Successfully supplied FileChannel.open /home/runner/work/ratis/ratis/ratis-test/target/test/data/319b119c/MiniRaftClusterWithSimulatedRpcdcda50c5/s1/6ef3c6aa-8286-4034-b7df-1e8c3a4f0960/current/raft-meta.conf.tmp with options [CREATE, TRUNCATE_EXISTING, WRITE]: sun.nio.ch.FileChannelImpl@742ffc2d
2025-10-10 11:53:27,360 [s0@group-1E8C3A4F0960-StateMachineUpdater] TRACE util.FileUtils (LogUtils.java:runAndLog(49)) - Successfully ran Atomic Files.move /home/runner/work/ratis/ratis/ratis-test/target/test/data/319b119c/MiniRaftClusterWithSimulatedRpcdcda50c5/s0/6ef3c6aa-8286-4034-b7df-1e8c3a4f0960/current/raft-meta.conf.tmp to /home/runner/work/ratis/ratis/ratis-test/target/test/data/319b119c/MiniRaftClusterWithSimulatedRpcdcda50c5/s0/6ef3c6aa-8286-4034-b7df-1e8c3a4f0960/current/raft-meta.conf with options [REPLACE_EXISTING]
2025-10-10 11:53:27,360 [s3@group-1E8C3A4F0960-StateMachineUpdater] TRACE util.FileUtils (LogUtils.java:runAndLog(49)) - Successfully ran Atomic Files.move /home/runner/work/ratis/ratis/ratis-test/target/test/data/319b119c/MiniRaftClusterWithSimulatedRpcdcda50c5/s3/6ef3c6aa-8286-4034-b7df-1e8c3a4f0960/current/raft-meta.conf.tmp to /home/runner/work/ratis/ratis/ratis-test/target/test/data/319b119c/MiniRaftClusterWithSimulatedRpcdcda50c5/s3/6ef3c6aa-8286-4034-b7df-1e8c3a4f0960/current/raft-meta.conf with options [REPLACE_EXISTING]
2025-10-10 11:53:27,361 [s2@group-1E8C3A4F0960-StateMachineUpdater] TRACE util.FileUtils (LogUtils.java:runAndLog(49)) - Successfully ran Atomic Files.move /home/runner/work/ratis/ratis/ratis-test/target/test/data/319b119c/MiniRaftClusterWithSimulatedRpcdcda50c5/s2/6ef3c6aa-8286-4034-b7df-1e8c3a4f0960/current/raft-meta.conf.tmp to /home/runner/work/ratis/ratis/ratis-test/target/test/data/319b119c/MiniRaftClusterWithSimulatedRpcdcda50c5/s2/6ef3c6aa-8286-4034-b7df-1e8c3a4f0960/current/raft-meta.conf with options [REPLACE_EXISTING]
2025-10-10 11:53:27,361 [s1@group-1E8C3A4F0960-StateMachineUpdater] TRACE util.FileUtils (LogUtils.java:runAndLog(49)) - Successfully ran Atomic Files.move /home/runner/work/ratis/ratis/ratis-test/target/test/data/319b119c/MiniRaftClusterWithSimulatedRpcdcda50c5/s1/6ef3c6aa-8286-4034-b7df-1e8c3a4f0960/current/raft-meta.conf.tmp to /home/runner/work/ratis/ratis/ratis-test/target/test/data/319b119c/MiniRaftClusterWithSimulatedRpcdcda50c5/s1/6ef3c6aa-8286-4034-b7df-1e8c3a4f0960/current/raft-meta.conf with options [REPLACE_EXISTING]
2025-10-10 11:53:27,361 [s8@group-1E8C3A4F0960->s4-LogAppenderDefault-LogAppenderDaemon] INFO  leader.FollowerInfo (FollowerInfoImpl.java:setAttemptedToInstallSnapshot(154)) - Follower s8@group-1E8C3A4F0960->s4 acknowledged installing snapshot
2025-10-10 11:53:27,361 [HandlerDaemon-1] TRACE util.FileUtils (LogUtils.java:supplyAndLog(69)) - Successfully supplied FileChannel.open /home/runner/work/ratis/ratis/ratis-test/target/test/data/319b119c/MiniRaftClusterWithSimulatedRpcdcda50c5/s4/6ef3c6aa-8286-4034-b7df-1e8c3a4f0960/current/raft-meta.tmp with options [CREATE, TRUNCATE_EXISTING, WRITE]: sun.nio.ch.FileChannelImpl@317f6f43
2025-10-10 11:53:27,361 [s8@group-1E8C3A4F0960->s5-LogAppenderDefault-LogAppenderDaemon] INFO  leader.FollowerInfo (FollowerInfoImpl.java:setAttemptedToInstallSnapshot(154)) - Follower s8@group-1E8C3A4F0960->s5 acknowledged installing snapshot
2025-10-10 11:53:27,362 [s8@group-1E8C3A4F0960->s6-LogAppenderDefault-LogAppenderDaemon] INFO  leader.FollowerInfo (FollowerInfoImpl.java:setAttemptedToInstallSnapshot(154)) - Follower s8@group-1E8C3A4F0960->s6 acknowledged installing snapshot
2025-10-10 11:53:27,362 [s8@group-1E8C3A4F0960->s7-LogAppenderDefault-LogAppenderDaemon] INFO  leader.FollowerInfo (FollowerInfoImpl.java:setAttemptedToInstallSnapshot(154)) - Follower s8@group-1E8C3A4F0960->s7 acknowledged installing snapshot
2025-10-10 11:53:27,362 [HandlerDaemon-0] TRACE util.FileUtils (LogUtils.java:supplyAndLog(69)) - Successfully supplied FileChannel.open /home/runner/work/ratis/ratis/ratis-test/target/test/data/319b119c/MiniRaftClusterWithSimulatedRpcdcda50c5/s5/6ef3c6aa-8286-4034-b7df-1e8c3a4f0960/current/raft-meta.tmp with options [CREATE, TRUNCATE_EXISTING, WRITE]: sun.nio.ch.FileChannelImpl@5b07ecd2
2025-10-10 11:53:27,363 [HandlerDaemon-0] TRACE util.FileUtils (LogUtils.java:supplyAndLog(69)) - Successfully supplied FileChannel.open /home/runner/work/ratis/ratis/ratis-test/target/test/data/319b119c/MiniRaftClusterWithSimulatedRpcdcda50c5/s6/6ef3c6aa-8286-4034-b7df-1e8c3a4f0960/current/raft-meta.tmp with options [CREATE, TRUNCATE_EXISTING, WRITE]: sun.nio.ch.FileChannelImpl@668132a4
2025-10-10 11:53:27,363 [HandlerDaemon-1] TRACE util.FileUtils (LogUtils.java:runAndLog(49)) - Successfully ran Atomic Files.move /home/runner/work/ratis/ratis/ratis-test/target/test/data/319b119c/MiniRaftClusterWithSimulatedRpcdcda50c5/s4/6ef3c6aa-8286-4034-b7df-1e8c3a4f0960/current/raft-meta.tmp to /home/runner/work/ratis/ratis/ratis-test/target/test/data/319b119c/MiniRaftClusterWithSimulatedRpcdcda50c5/s4/6ef3c6aa-8286-4034-b7df-1e8c3a4f0960/current/raft-meta with options [REPLACE_EXISTING]
2025-10-10 11:53:27,363 [HandlerDaemon-1] INFO  server.RaftServer$Division (RaftServerImpl.java:setFirstElection(577)) - s4@group-1E8C3A4F0960: set firstElectionSinceStartup to false for APPEND_ENTRIES
2025-10-10 11:53:27,363 [HandlerDaemon-0] TRACE util.FileUtils (LogUtils.java:runAndLog(49)) - Successfully ran Atomic Files.move /home/runner/work/ratis/ratis/ratis-test/target/test/data/319b119c/MiniRaftClusterWithSimulatedRpcdcda50c5/s5/6ef3c6aa-8286-4034-b7df-1e8c3a4f0960/current/raft-meta.tmp to /home/runner/work/ratis/ratis/ratis-test/target/test/data/319b119c/MiniRaftClusterWithSimulatedRpcdcda50c5/s5/6ef3c6aa-8286-4034-b7df-1e8c3a4f0960/current/raft-meta with options [REPLACE_EXISTING]
2025-10-10 11:53:27,363 [HandlerDaemon-0] INFO  server.RaftServer$Division (RaftServerImpl.java:setFirstElection(577)) - s5@group-1E8C3A4F0960: set firstElectionSinceStartup to false for APPEND_ENTRIES
2025-10-10 11:53:27,363 [HandlerDaemon-0] INFO  server.RaftServer$Division (ServerState.java:setLeader(278)) - s5@group-1E8C3A4F0960: change Leader from null to s8 at term 1 for APPEND_ENTRIES, leader elected after 100ms
2025-10-10 11:53:27,363 [HandlerDaemon-0] TRACE util.FileUtils (LogUtils.java:supplyAndLog(69)) - Successfully supplied FileChannel.open /home/runner/work/ratis/ratis/ratis-test/target/test/data/319b119c/MiniRaftClusterWithSimulatedRpcdcda50c5/s7/6ef3c6aa-8286-4034-b7df-1e8c3a4f0960/current/raft-meta.tmp with options [CREATE, TRUNCATE_EXISTING, WRITE]: sun.nio.ch.FileChannelImpl@7b62715f
2025-10-10 11:53:27,364 [HandlerDaemon-0] TRACE util.FileUtils (LogUtils.java:runAndLog(49)) - Successfully ran Atomic Files.move /home/runner/work/ratis/ratis/ratis-test/target/test/data/319b119c/MiniRaftClusterWithSimulatedRpcdcda50c5/s6/6ef3c6aa-8286-4034-b7df-1e8c3a4f0960/current/raft-meta.tmp to /home/runner/work/ratis/ratis/ratis-test/target/test/data/319b119c/MiniRaftClusterWithSimulatedRpcdcda50c5/s6/6ef3c6aa-8286-4034-b7df-1e8c3a4f0960/current/raft-meta with options [REPLACE_EXISTING]
2025-10-10 11:53:27,364 [HandlerDaemon-0] INFO  server.RaftServer$Division (RaftServerImpl.java:setFirstElection(577)) - s6@group-1E8C3A4F0960: set firstElectionSinceStartup to false for APPEND_ENTRIES
2025-10-10 11:53:27,364 [HandlerDaemon-0] INFO  server.RaftServer$Division (ServerState.java:setLeader(278)) - s6@group-1E8C3A4F0960: change Leader from null to s8 at term 1 for APPEND_ENTRIES, leader elected after 93ms
2025-10-10 11:53:27,363 [HandlerDaemon-1] INFO  server.RaftServer$Division (ServerState.java:setLeader(278)) - s4@group-1E8C3A4F0960: change Leader from null to s8 at term 1 for APPEND_ENTRIES, leader elected after 128ms
2025-10-10 11:53:27,364 [HandlerDaemon-1] DEBUG server.RaftServer$Division (RaftServerImpl.java:logAppendEntries(1537)) - s5@group-1E8C3A4F0960: appendEntries* s8->s5#434-t1,previous=<PROTO_DEFAULT>,leaderCommit=12,initializing? true,entries: size=13, first=(t:1, i:0), CONFIGURATIONENTRY(current:id:"s8"startupRole:FOLLOWER, old:)
2025-10-10 11:53:27,365 [HandlerDaemon-1] INFO  server.RaftServer$Division (ServerState.java:setRaftConf(392)) - s5@group-1E8C3A4F0960: set configuration conf: {index: 0, cur=peers:[s8|]|listeners:[], old=null}
2025-10-10 11:53:27,365 [HandlerDaemon-1] INFO  server.RaftServer$Division (ServerState.java:setRaftConf(392)) - s5@group-1E8C3A4F0960: set configuration conf: {index: 1, cur=peers:[s8|, s0|]|listeners:[], old=peers:[s8|]|listeners:[]}
2025-10-10 11:53:27,365 [HandlerDaemon-1] INFO  server.RaftServer$Division (ServerState.java:setRaftConf(392)) - s5@group-1E8C3A4F0960: set configuration conf: {index: 3, cur=peers:[s8|, s0|]|listeners:[], old=null}
2025-10-10 11:53:27,366 [HandlerDaemon-0] TRACE util.FileUtils (LogUtils.java:runAndLog(49)) - Successfully ran Atomic Files.move /home/runner/work/ratis/ratis/ratis-test/target/test/data/319b119c/MiniRaftClusterWithSimulatedRpcdcda50c5/s7/6ef3c6aa-8286-4034-b7df-1e8c3a4f0960/current/raft-meta.tmp to /home/runner/work/ratis/ratis/ratis-test/target/test/data/319b119c/MiniRaftClusterWithSimulatedRpcdcda50c5/s7/6ef3c6aa-8286-4034-b7df-1e8c3a4f0960/current/raft-meta with options [REPLACE_EXISTING]
2025-10-10 11:53:27,366 [HandlerDaemon-1] INFO  server.RaftServer$Division (ServerState.java:setRaftConf(392)) - s5@group-1E8C3A4F0960: set configuration conf: {index: 5, cur=peers:[s8|, s0|, s1|]|listeners:[], old=peers:[s8|, s0|]|listeners:[]}
2025-10-10 11:53:27,366 [HandlerDaemon-0] INFO  server.RaftServer$Division (RaftServerImpl.java:setFirstElection(577)) - s7@group-1E8C3A4F0960: set firstElectionSinceStartup to false for APPEND_ENTRIES
2025-10-10 11:53:27,366 [HandlerDaemon-0] INFO  server.RaftServer$Division (ServerState.java:setLeader(278)) - s7@group-1E8C3A4F0960: change Leader from null to s8 at term 1 for APPEND_ENTRIES, leader elected after 88ms
2025-10-10 11:53:27,366 [HandlerDaemon-1] INFO  server.RaftServer$Division (ServerState.java:setRaftConf(392)) - s5@group-1E8C3A4F0960: set configuration conf: {index: 7, cur=peers:[s8|, s0|, s1|]|listeners:[], old=null}
2025-10-10 11:53:27,366 [HandlerDaemon-1] INFO  server.RaftServer$Division (ServerState.java:setRaftConf(392)) - s5@group-1E8C3A4F0960: set configuration conf: {index: 9, cur=peers:[s3|, s8|, s0|, s1|, s2|]|listeners:[], old=peers:[s8|, s0|, s1|]|listeners:[]}
2025-10-10 11:53:27,366 [HandlerDaemon-1] INFO  server.RaftServer$Division (ServerState.java:setRaftConf(392)) - s5@group-1E8C3A4F0960: set configuration conf: {index: 11, cur=peers:[s3|, s8|, s0|, s1|, s2|]|listeners:[], old=null}
2025-10-10 11:53:27,367 [s5-server-thread1] INFO  segmented.SegmentedRaftLogWorker (SegmentedRaftLogWorker.java:startLogSegment(440)) - s5@group-1E8C3A4F0960-SegmentedRaftLogWorker: Starting segment from index:0
2025-10-10 11:53:27,367 [HandlerDaemon-1] DEBUG server.RaftServer$Division (RaftServerImpl.java:logAppendEntries(1537)) - s6@group-1E8C3A4F0960: appendEntries* s8->s6#435-t1,previous=<PROTO_DEFAULT>,leaderCommit=12,initializing? true,entries: size=13, first=(t:1, i:0), CONFIGURATIONENTRY(current:id:"s8"startupRole:FOLLOWER, old:)
2025-10-10 11:53:27,367 [HandlerDaemon-2] DEBUG server.RaftServer$Division (RaftServerImpl.java:logAppendEntries(1537)) - s4@group-1E8C3A4F0960: appendEntries* s8->s4#436-t1,previous=<PROTO_DEFAULT>,leaderCommit=12,initializing? true,entries: size=13, first=(t:1, i:0), CONFIGURATIONENTRY(current:id:"s8"startupRole:FOLLOWER, old:)
2025-10-10 11:53:27,368 [HandlerDaemon-1] DEBUG server.RaftServer$Division (RaftServerImpl.java:logAppendEntries(1537)) - s7@group-1E8C3A4F0960: appendEntries* s8->s7#437-t1,previous=<PROTO_DEFAULT>,leaderCommit=12,initializing? true,entries: size=13, first=(t:1, i:0), CONFIGURATIONENTRY(current:id:"s8"startupRole:FOLLOWER, old:)
2025-10-10 11:53:27,368 [s5@group-1E8C3A4F0960-SegmentedRaftLogWorker] INFO  segmented.BufferedWriteChannel (BufferedWriteChannel.java:open(61)) - open log_inprogress_0 at position 0
2025-10-10 11:53:27,369 [HandlerDaemon-1] INFO  server.RaftServer$Division (ServerState.java:setRaftConf(392)) - s7@group-1E8C3A4F0960: set configuration conf: {index: 0, cur=peers:[s8|]|listeners:[], old=null}
2025-10-10 11:53:27,369 [HandlerDaemon-1] INFO  server.RaftServer$Division (ServerState.java:setRaftConf(392)) - s7@group-1E8C3A4F0960: set configuration conf: {index: 1, cur=peers:[s8|, s0|]|listeners:[], old=peers:[s8|]|listeners:[]}
2025-10-10 11:53:27,368 [HandlerDaemon-1] INFO  server.RaftServer$Division (ServerState.java:setRaftConf(392)) - s6@group-1E8C3A4F0960: set configuration conf: {index: 0, cur=peers:[s8|]|listeners:[], old=null}
2025-10-10 11:53:27,369 [HandlerDaemon-1] INFO  server.RaftServer$Division (ServerState.java:setRaftConf(392)) - s7@group-1E8C3A4F0960: set configuration conf: {index: 3, cur=peers:[s8|, s0|]|listeners:[], old=null}
2025-10-10 11:53:27,369 [HandlerDaemon-1] INFO  server.RaftServer$Division (ServerState.java:setRaftConf(392)) - s6@group-1E8C3A4F0960: set configuration conf: {index: 1, cur=peers:[s8|, s0|]|listeners:[], old=peers:[s8|]|listeners:[]}
2025-10-10 11:53:27,369 [HandlerDaemon-1] INFO  server.RaftServer$Division (ServerState.java:setRaftConf(392)) - s7@group-1E8C3A4F0960: set configuration conf: {index: 5, cur=peers:[s8|, s0|, s1|]|listeners:[], old=peers:[s8|, s0|]|listeners:[]}
2025-10-10 11:53:27,369 [HandlerDaemon-1] INFO  server.RaftServer$Division (ServerState.java:setRaftConf(392)) - s6@group-1E8C3A4F0960: set configuration conf: {index: 3, cur=peers:[s8|, s0|]|listeners:[], old=null}
2025-10-10 11:53:27,370 [HandlerDaemon-1] INFO  server.RaftServer$Division (ServerState.java:setRaftConf(392)) - s7@group-1E8C3A4F0960: set configuration conf: {index: 7, cur=peers:[s8|, s0|, s1|]|listeners:[], old=null}
2025-10-10 11:53:27,370 [HandlerDaemon-1] INFO  server.RaftServer$Division (ServerState.java:setRaftConf(392)) - s6@group-1E8C3A4F0960: set configuration conf: {index: 5, cur=peers:[s8|, s0|, s1|]|listeners:[], old=peers:[s8|, s0|]|listeners:[]}
2025-10-10 11:53:27,370 [HandlerDaemon-1] INFO  server.RaftServer$Division (ServerState.java:setRaftConf(392)) - s7@group-1E8C3A4F0960: set configuration conf: {index: 9, cur=peers:[s3|, s8|, s0|, s1|, s2|]|listeners:[], old=peers:[s8|, s0|, s1|]|listeners:[]}
2025-10-10 11:53:27,370 [HandlerDaemon-1] INFO  server.RaftServer$Division (ServerState.java:setRaftConf(392)) - s7@group-1E8C3A4F0960: set configuration conf: {index: 11, cur=peers:[s3|, s8|, s0|, s1|, s2|]|listeners:[], old=null}
2025-10-10 11:53:27,369 [HandlerDaemon-2] INFO  server.RaftServer$Division (ServerState.java:setRaftConf(392)) - s4@group-1E8C3A4F0960: set configuration conf: {index: 0, cur=peers:[s8|]|listeners:[], old=null}
2025-10-10 11:53:27,370 [HandlerDaemon-1] INFO  server.RaftServer$Division (ServerState.java:setRaftConf(392)) - s6@group-1E8C3A4F0960: set configuration conf: {index: 7, cur=peers:[s8|, s0|, s1|]|listeners:[], old=null}
2025-10-10 11:53:27,370 [s7-server-thread1] INFO  segmented.SegmentedRaftLogWorker (SegmentedRaftLogWorker.java:startLogSegment(440)) - s7@group-1E8C3A4F0960-SegmentedRaftLogWorker: Starting segment from index:0
2025-10-10 11:53:27,370 [HandlerDaemon-2] INFO  server.RaftServer$Division (ServerState.java:setRaftConf(392)) - s4@group-1E8C3A4F0960: set configuration conf: {index: 1, cur=peers:[s8|, s0|]|listeners:[], old=peers:[s8|]|listeners:[]}
2025-10-10 11:53:27,370 [HandlerDaemon-2] INFO  server.RaftServer$Division (ServerState.java:setRaftConf(392)) - s4@group-1E8C3A4F0960: set configuration conf: {index: 3, cur=peers:[s8|, s0|]|listeners:[], old=null}
2025-10-10 11:53:27,371 [HandlerDaemon-2] INFO  server.RaftServer$Division (ServerState.java:setRaftConf(392)) - s4@group-1E8C3A4F0960: set configuration conf: {index: 5, cur=peers:[s8|, s0|, s1|]|listeners:[], old=peers:[s8|, s0|]|listeners:[]}
2025-10-10 11:53:27,371 [HandlerDaemon-2] INFO  server.RaftServer$Division (ServerState.java:setRaftConf(392)) - s4@group-1E8C3A4F0960: set configuration conf: {index: 7, cur=peers:[s8|, s0|, s1|]|listeners:[], old=null}
2025-10-10 11:53:27,371 [HandlerDaemon-2] INFO  server.RaftServer$Division (ServerState.java:setRaftConf(392)) - s4@group-1E8C3A4F0960: set configuration conf: {index: 9, cur=peers:[s3|, s8|, s0|, s1|, s2|]|listeners:[], old=peers:[s8|, s0|, s1|]|listeners:[]}
2025-10-10 11:53:27,371 [HandlerDaemon-2] INFO  server.RaftServer$Division (ServerState.java:setRaftConf(392)) - s4@group-1E8C3A4F0960: set configuration conf: {index: 11, cur=peers:[s3|, s8|, s0|, s1|, s2|]|listeners:[], old=null}
2025-10-10 11:53:27,372 [s4-server-thread1] INFO  segmented.SegmentedRaftLogWorker (SegmentedRaftLogWorker.java:startLogSegment(440)) - s4@group-1E8C3A4F0960-SegmentedRaftLogWorker: Starting segment from index:0
2025-10-10 11:53:27,372 [HandlerDaemon-1] INFO  server.RaftServer$Division (ServerState.java:setRaftConf(392)) - s6@group-1E8C3A4F0960: set configuration conf: {index: 9, cur=peers:[s3|, s8|, s0|, s1|, s2|]|listeners:[], old=peers:[s8|, s0|, s1|]|listeners:[]}
2025-10-10 11:53:27,372 [HandlerDaemon-1] INFO  server.RaftServer$Division (ServerState.java:setRaftConf(392)) - s6@group-1E8C3A4F0960: set configuration conf: {index: 11, cur=peers:[s3|, s8|, s0|, s1|, s2|]|listeners:[], old=null}
2025-10-10 11:53:27,373 [s4@group-1E8C3A4F0960-SegmentedRaftLogWorker] INFO  segmented.BufferedWriteChannel (BufferedWriteChannel.java:open(61)) - open log_inprogress_0 at position 0
2025-10-10 11:53:27,373 [s7@group-1E8C3A4F0960-SegmentedRaftLogWorker] INFO  segmented.BufferedWriteChannel (BufferedWriteChannel.java:open(61)) - open log_inprogress_0 at position 0
2025-10-10 11:53:27,374 [s6-server-thread1] INFO  segmented.SegmentedRaftLogWorker (SegmentedRaftLogWorker.java:startLogSegment(440)) - s6@group-1E8C3A4F0960-SegmentedRaftLogWorker: Starting segment from index:0
2025-10-10 11:53:27,376 [s6@group-1E8C3A4F0960-SegmentedRaftLogWorker] INFO  segmented.BufferedWriteChannel (BufferedWriteChannel.java:open(61)) - open log_inprogress_0 at position 0
2025-10-10 11:53:27,379 [s5@group-1E8C3A4F0960-SegmentedRaftLogWorker] INFO  segmented.SegmentedRaftLogWorker (SegmentedRaftLogWorker.java:execute(647)) - s5@group-1E8C3A4F0960-SegmentedRaftLogWorker: created new log segment /home/runner/work/ratis/ratis/ratis-test/target/test/data/319b119c/MiniRaftClusterWithSimulatedRpcdcda50c5/s5/6ef3c6aa-8286-4034-b7df-1e8c3a4f0960/current/log_inprogress_0
2025-10-10 11:53:27,380 [s4@group-1E8C3A4F0960-SegmentedRaftLogWorker] INFO  segmented.SegmentedRaftLogWorker (SegmentedRaftLogWorker.java:execute(647)) - s4@group-1E8C3A4F0960-SegmentedRaftLogWorker: created new log segment /home/runner/work/ratis/ratis/ratis-test/target/test/data/319b119c/MiniRaftClusterWithSimulatedRpcdcda50c5/s4/6ef3c6aa-8286-4034-b7df-1e8c3a4f0960/current/log_inprogress_0
2025-10-10 11:53:27,381 [s5-server-thread1] DEBUG server.RaftServer$Division (RaftServerImpl.java:logAppendEntries(1537)) - s5@group-1E8C3A4F0960: appendEntries* reply s8<-s5#434:OK-t1,SUCCESS,nextIndex=13,followerCommit=12,matchIndex=12
2025-10-10 11:53:27,381 [s5@group-1E8C3A4F0960-StateMachineUpdater] TRACE util.FileUtils (LogUtils.java:supplyAndLog(69)) - Successfully supplied FileChannel.open /home/runner/work/ratis/ratis/ratis-test/target/test/data/319b119c/MiniRaftClusterWithSimulatedRpcdcda50c5/s5/6ef3c6aa-8286-4034-b7df-1e8c3a4f0960/current/raft-meta.conf.tmp with options [CREATE, TRUNCATE_EXISTING, WRITE]: sun.nio.ch.FileChannelImpl@3dd2ee7b
2025-10-10 11:53:27,383 [s6@group-1E8C3A4F0960-SegmentedRaftLogWorker] INFO  segmented.SegmentedRaftLogWorker (SegmentedRaftLogWorker.java:execute(647)) - s6@group-1E8C3A4F0960-SegmentedRaftLogWorker: created new log segment /home/runner/work/ratis/ratis/ratis-test/target/test/data/319b119c/MiniRaftClusterWithSimulatedRpcdcda50c5/s6/6ef3c6aa-8286-4034-b7df-1e8c3a4f0960/current/log_inprogress_0
2025-10-10 11:53:27,383 [s4@group-1E8C3A4F0960-StateMachineUpdater] TRACE util.FileUtils (LogUtils.java:supplyAndLog(69)) - Successfully supplied FileChannel.open /home/runner/work/ratis/ratis/ratis-test/target/test/data/319b119c/MiniRaftClusterWithSimulatedRpcdcda50c5/s4/6ef3c6aa-8286-4034-b7df-1e8c3a4f0960/current/raft-meta.conf.tmp with options [CREATE, TRUNCATE_EXISTING, WRITE]: sun.nio.ch.FileChannelImpl@5e0df012
2025-10-10 11:53:27,383 [s4-server-thread1] DEBUG server.RaftServer$Division (RaftServerImpl.java:logAppendEntries(1537)) - s4@group-1E8C3A4F0960: appendEntries* reply s8<-s4#436:OK-t1,SUCCESS,nextIndex=13,followerCommit=12,matchIndex=12
2025-10-10 11:53:27,383 [s5@group-1E8C3A4F0960-StateMachineUpdater] TRACE util.FileUtils (LogUtils.java:runAndLog(49)) - Successfully ran Atomic Files.move /home/runner/work/ratis/ratis/ratis-test/target/test/data/319b119c/MiniRaftClusterWithSimulatedRpcdcda50c5/s5/6ef3c6aa-8286-4034-b7df-1e8c3a4f0960/current/raft-meta.conf.tmp to /home/runner/work/ratis/ratis/ratis-test/target/test/data/319b119c/MiniRaftClusterWithSimulatedRpcdcda50c5/s5/6ef3c6aa-8286-4034-b7df-1e8c3a4f0960/current/raft-meta.conf with options [REPLACE_EXISTING]
2025-10-10 11:53:27,384 [s7@group-1E8C3A4F0960-SegmentedRaftLogWorker] INFO  segmented.SegmentedRaftLogWorker (SegmentedRaftLogWorker.java:execute(647)) - s7@group-1E8C3A4F0960-SegmentedRaftLogWorker: created new log segment /home/runner/work/ratis/ratis/ratis-test/target/test/data/319b119c/MiniRaftClusterWithSimulatedRpcdcda50c5/s7/6ef3c6aa-8286-4034-b7df-1e8c3a4f0960/current/log_inprogress_0
2025-10-10 11:53:27,384 [s4@group-1E8C3A4F0960-StateMachineUpdater] TRACE util.FileUtils (LogUtils.java:runAndLog(49)) - Successfully ran Atomic Files.move /home/runner/work/ratis/ratis/ratis-test/target/test/data/319b119c/MiniRaftClusterWithSimulatedRpcdcda50c5/s4/6ef3c6aa-8286-4034-b7df-1e8c3a4f0960/current/raft-meta.conf.tmp to /home/runner/work/ratis/ratis/ratis-test/target/test/data/319b119c/MiniRaftClusterWithSimulatedRpcdcda50c5/s4/6ef3c6aa-8286-4034-b7df-1e8c3a4f0960/current/raft-meta.conf with options [REPLACE_EXISTING]
2025-10-10 11:53:27,384 [s5@group-1E8C3A4F0960-StateMachineUpdater] TRACE util.FileUtils (LogUtils.java:supplyAndLog(69)) - Successfully supplied FileChannel.open /home/runner/work/ratis/ratis/ratis-test/target/test/data/319b119c/MiniRaftClusterWithSimulatedRpcdcda50c5/s5/6ef3c6aa-8286-4034-b7df-1e8c3a4f0960/current/raft-meta.conf.tmp with options [CREATE, TRUNCATE_EXISTING, WRITE]: sun.nio.ch.FileChannelImpl@331507b1
2025-10-10 11:53:27,384 [s4@group-1E8C3A4F0960-StateMachineUpdater] TRACE util.FileUtils (LogUtils.java:supplyAndLog(69)) - Successfully supplied FileChannel.open /home/runner/work/ratis/ratis/ratis-test/target/test/data/319b119c/MiniRaftClusterWithSimulatedRpcdcda50c5/s4/6ef3c6aa-8286-4034-b7df-1e8c3a4f0960/current/raft-meta.conf.tmp with options [CREATE, TRUNCATE_EXISTING, WRITE]: sun.nio.ch.FileChannelImpl@50ca15a3
2025-10-10 11:53:27,386 [s4@group-1E8C3A4F0960-StateMachineUpdater] TRACE util.FileUtils (LogUtils.java:runAndLog(49)) - Successfully ran Atomic Files.move /home/runner/work/ratis/ratis/ratis-test/target/test/data/319b119c/MiniRaftClusterWithSimulatedRpcdcda50c5/s4/6ef3c6aa-8286-4034-b7df-1e8c3a4f0960/current/raft-meta.conf.tmp to /home/runner/work/ratis/ratis/ratis-test/target/test/data/319b119c/MiniRaftClusterWithSimulatedRpcdcda50c5/s4/6ef3c6aa-8286-4034-b7df-1e8c3a4f0960/current/raft-meta.conf with options [REPLACE_EXISTING]
2025-10-10 11:53:27,386 [s4@group-1E8C3A4F0960-StateMachineUpdater] TRACE util.FileUtils (LogUtils.java:supplyAndLog(69)) - Successfully supplied FileChannel.open /home/runner/work/ratis/ratis/ratis-test/target/test/data/319b119c/MiniRaftClusterWithSimulatedRpcdcda50c5/s4/6ef3c6aa-8286-4034-b7df-1e8c3a4f0960/current/raft-meta.conf.tmp with options [CREATE, TRUNCATE_EXISTING, WRITE]: sun.nio.ch.FileChannelImpl@54f59b62
2025-10-10 11:53:27,386 [s7@group-1E8C3A4F0960-StateMachineUpdater] TRACE util.FileUtils (LogUtils.java:supplyAndLog(69)) - Successfully supplied FileChannel.open /home/runner/work/ratis/ratis/ratis-test/target/test/data/319b119c/MiniRaftClusterWithSimulatedRpcdcda50c5/s7/6ef3c6aa-8286-4034-b7df-1e8c3a4f0960/current/raft-meta.conf.tmp with options [CREATE, TRUNCATE_EXISTING, WRITE]: sun.nio.ch.FileChannelImpl@c46fb49
2025-10-10 11:53:27,386 [s7-server-thread1] DEBUG server.RaftServer$Division (RaftServerImpl.java:logAppendEntries(1537)) - s7@group-1E8C3A4F0960: appendEntries* reply s8<-s7#437:OK-t1,SUCCESS,nextIndex=13,followerCommit=12,matchIndex=12
2025-10-10 11:53:27,388 [s4@group-1E8C3A4F0960-StateMachineUpdater] TRACE util.FileUtils (LogUtils.java:runAndLog(49)) - Successfully ran Atomic Files.move /home/runner/work/ratis/ratis/ratis-test/target/test/data/319b119c/MiniRaftClusterWithSimulatedRpcdcda50c5/s4/6ef3c6aa-8286-4034-b7df-1e8c3a4f0960/current/raft-meta.conf.tmp to /home/runner/work/ratis/ratis/ratis-test/target/test/data/319b119c/MiniRaftClusterWithSimulatedRpcdcda50c5/s4/6ef3c6aa-8286-4034-b7df-1e8c3a4f0960/current/raft-meta.conf with options [REPLACE_EXISTING]
2025-10-10 11:53:27,386 [s5@group-1E8C3A4F0960-StateMachineUpdater] TRACE util.FileUtils (LogUtils.java:runAndLog(49)) - Successfully ran Atomic Files.move /home/runner/work/ratis/ratis/ratis-test/target/test/data/319b119c/MiniRaftClusterWithSimulatedRpcdcda50c5/s5/6ef3c6aa-8286-4034-b7df-1e8c3a4f0960/current/raft-meta.conf.tmp to /home/runner/work/ratis/ratis/ratis-test/target/test/data/319b119c/MiniRaftClusterWithSimulatedRpcdcda50c5/s5/6ef3c6aa-8286-4034-b7df-1e8c3a4f0960/current/raft-meta.conf with options [REPLACE_EXISTING]
2025-10-10 11:53:27,388 [s5@group-1E8C3A4F0960-StateMachineUpdater] TRACE util.FileUtils (LogUtils.java:supplyAndLog(69)) - Successfully supplied FileChannel.open /home/runner/work/ratis/ratis/ratis-test/target/test/data/319b119c/MiniRaftClusterWithSimulatedRpcdcda50c5/s5/6ef3c6aa-8286-4034-b7df-1e8c3a4f0960/current/raft-meta.conf.tmp with options [CREATE, TRUNCATE_EXISTING, WRITE]: sun.nio.ch.FileChannelImpl@372a850b
2025-10-10 11:53:27,388 [s4@group-1E8C3A4F0960-StateMachineUpdater] TRACE util.FileUtils (LogUtils.java:supplyAndLog(69)) - Successfully supplied FileChannel.open /home/runner/work/ratis/ratis/ratis-test/target/test/data/319b119c/MiniRaftClusterWithSimulatedRpcdcda50c5/s4/6ef3c6aa-8286-4034-b7df-1e8c3a4f0960/current/raft-meta.conf.tmp with options [CREATE, TRUNCATE_EXISTING, WRITE]: sun.nio.ch.FileChannelImpl@11f71f98
2025-10-10 11:53:27,388 [s7@group-1E8C3A4F0960-StateMachineUpdater] TRACE util.FileUtils (LogUtils.java:runAndLog(49)) - Successfully ran Atomic Files.move /home/runner/work/ratis/ratis/ratis-test/target/test/data/319b119c/MiniRaftClusterWithSimulatedRpcdcda50c5/s7/6ef3c6aa-8286-4034-b7df-1e8c3a4f0960/current/raft-meta.conf.tmp to /home/runner/work/ratis/ratis/ratis-test/target/test/data/319b119c/MiniRaftClusterWithSimulatedRpcdcda50c5/s7/6ef3c6aa-8286-4034-b7df-1e8c3a4f0960/current/raft-meta.conf with options [REPLACE_EXISTING]
2025-10-10 11:53:27,387 [s6-server-thread1] DEBUG server.RaftServer$Division (RaftServerImpl.java:logAppendEntries(1537)) - s6@group-1E8C3A4F0960: appendEntries* reply s8<-s6#435:OK-t1,SUCCESS,nextIndex=13,followerCommit=12,matchIndex=12
2025-10-10 11:53:27,387 [s6@group-1E8C3A4F0960-StateMachineUpdater] TRACE util.FileUtils (LogUtils.java:supplyAndLog(69)) - Successfully supplied FileChannel.open /home/runner/work/ratis/ratis/ratis-test/target/test/data/319b119c/MiniRaftClusterWithSimulatedRpcdcda50c5/s6/6ef3c6aa-8286-4034-b7df-1e8c3a4f0960/current/raft-meta.conf.tmp with options [CREATE, TRUNCATE_EXISTING, WRITE]: sun.nio.ch.FileChannelImpl@62c9118e
2025-10-10 11:53:27,389 [s5@group-1E8C3A4F0960-StateMachineUpdater] TRACE util.FileUtils (LogUtils.java:runAndLog(49)) - Successfully ran Atomic Files.move /home/runner/work/ratis/ratis/ratis-test/target/test/data/319b119c/MiniRaftClusterWithSimulatedRpcdcda50c5/s5/6ef3c6aa-8286-4034-b7df-1e8c3a4f0960/current/raft-meta.conf.tmp to /home/runner/work/ratis/ratis/ratis-test/target/test/data/319b119c/MiniRaftClusterWithSimulatedRpcdcda50c5/s5/6ef3c6aa-8286-4034-b7df-1e8c3a4f0960/current/raft-meta.conf with options [REPLACE_EXISTING]
2025-10-10 11:53:27,389 [s7@group-1E8C3A4F0960-StateMachineUpdater] TRACE util.FileUtils (LogUtils.java:supplyAndLog(69)) - Successfully supplied FileChannel.open /home/runner/work/ratis/ratis/ratis-test/target/test/data/319b119c/MiniRaftClusterWithSimulatedRpcdcda50c5/s7/6ef3c6aa-8286-4034-b7df-1e8c3a4f0960/current/raft-meta.conf.tmp with options [CREATE, TRUNCATE_EXISTING, WRITE]: sun.nio.ch.FileChannelImpl@28114b1
2025-10-10 11:53:27,390 [s5@group-1E8C3A4F0960-StateMachineUpdater] TRACE util.FileUtils (LogUtils.java:supplyAndLog(69)) - Successfully supplied FileChannel.open /home/runner/work/ratis/ratis/ratis-test/target/test/data/319b119c/MiniRaftClusterWithSimulatedRpcdcda50c5/s5/6ef3c6aa-8286-4034-b7df-1e8c3a4f0960/current/raft-meta.conf.tmp with options [CREATE, TRUNCATE_EXISTING, WRITE]: sun.nio.ch.FileChannelImpl@72280d8a
2025-10-10 11:53:27,390 [s6@group-1E8C3A4F0960-StateMachineUpdater] TRACE util.FileUtils (LogUtils.java:runAndLog(49)) - Successfully ran Atomic Files.move /home/runner/work/ratis/ratis/ratis-test/target/test/data/319b119c/MiniRaftClusterWithSimulatedRpcdcda50c5/s6/6ef3c6aa-8286-4034-b7df-1e8c3a4f0960/current/raft-meta.conf.tmp to /home/runner/work/ratis/ratis/ratis-test/target/test/data/319b119c/MiniRaftClusterWithSimulatedRpcdcda50c5/s6/6ef3c6aa-8286-4034-b7df-1e8c3a4f0960/current/raft-meta.conf with options [REPLACE_EXISTING]
2025-10-10 11:53:27,390 [s8@group-1E8C3A4F0960-LeaderStateImpl] INFO  server.RaftServer$Division (ServerState.java:setRaftConf(392)) - s8@group-1E8C3A4F0960: set configuration conf: {index: 13, cur=peers:[s3, s4, s5, s6, s7, s8, s0, s1, s2]|listeners:[], old=peers:[s3, s8, s0, s1, s2]|listeners:[]}
2025-10-10 11:53:27,389 [s4@group-1E8C3A4F0960-StateMachineUpdater] TRACE util.FileUtils (LogUtils.java:runAndLog(49)) - Successfully ran Atomic Files.move /home/runner/work/ratis/ratis/ratis-test/target/test/data/319b119c/MiniRaftClusterWithSimulatedRpcdcda50c5/s4/6ef3c6aa-8286-4034-b7df-1e8c3a4f0960/current/raft-meta.conf.tmp to /home/runner/work/ratis/ratis/ratis-test/target/test/data/319b119c/MiniRaftClusterWithSimulatedRpcdcda50c5/s4/6ef3c6aa-8286-4034-b7df-1e8c3a4f0960/current/raft-meta.conf with options [REPLACE_EXISTING]
2025-10-10 11:53:27,391 [s4@group-1E8C3A4F0960-StateMachineUpdater] TRACE util.FileUtils (LogUtils.java:supplyAndLog(69)) - Successfully supplied FileChannel.open /home/runner/work/ratis/ratis/ratis-test/target/test/data/319b119c/MiniRaftClusterWithSimulatedRpcdcda50c5/s4/6ef3c6aa-8286-4034-b7df-1e8c3a4f0960/current/raft-meta.conf.tmp with options [CREATE, TRUNCATE_EXISTING, WRITE]: sun.nio.ch.FileChannelImpl@20cbf0d4
2025-10-10 11:53:27,392 [HandlerDaemon-0] DEBUG server.RaftServer$Division (RaftServerImpl.java:logAppendEntries(1537)) - s0@group-1E8C3A4F0960: appendEntries* s8->s0#438-t1,previous=(t:1, i:12),leaderCommit=12,initializing? false,entries: size=1, first=(t:1, i:13), CONFIGURATIONENTRY(current:id:"s3"startupRole:FOLLOWER, id:"s4"startupRole:FOLLOWER, id:"s5"startupRole:FOLLOWER, id:"s6"startupRole:FOLLOWER, id:"s7"startupRole:FOLLOWER, id:"s8"startupRole:FOLLOWER, id:"s0"startupRole:FOLLOWER, id:"s1"startupRole:FOLLOWER, id:"s2"startupRole:FOLLOWER, old:id:"s3"startupRole:FOLLOWER, id:"s8"startupRole:FOLLOWER, id:"s0"startupRole:FOLLOWER, id:"s1"startupRole:FOLLOWER, id:"s2"startupRole:FOLLOWER)
2025-10-10 11:53:27,392 [HandlerDaemon-2] DEBUG server.RaftServer$Division (RaftServerImpl.java:logAppendEntries(1537)) - s3@group-1E8C3A4F0960: appendEntries* s8->s3#439-t1,previous=(t:1, i:12),leaderCommit=12,initializing? false,entries: size=1, first=(t:1, i:13), CONFIGURATIONENTRY(current:id:"s3"startupRole:FOLLOWER, id:"s4"startupRole:FOLLOWER, id:"s5"startupRole:FOLLOWER, id:"s6"startupRole:FOLLOWER, id:"s7"startupRole:FOLLOWER, id:"s8"startupRole:FOLLOWER, id:"s0"startupRole:FOLLOWER, id:"s1"startupRole:FOLLOWER, id:"s2"startupRole:FOLLOWER, old:id:"s3"startupRole:FOLLOWER, id:"s8"startupRole:FOLLOWER, id:"s0"startupRole:FOLLOWER, id:"s1"startupRole:FOLLOWER, id:"s2"startupRole:FOLLOWER)
2025-10-10 11:53:27,392 [HandlerDaemon-0] DEBUG server.RaftServer$Division (RaftServerImpl.java:logAppendEntries(1537)) - s4@group-1E8C3A4F0960: appendEntries* s8->s4#442-t1,previous=(t:1, i:12),leaderCommit=12,initializing? true,entries: size=1, first=(t:1, i:13), CONFIGURATIONENTRY(current:id:"s3"startupRole:FOLLOWER, id:"s4"startupRole:FOLLOWER, id:"s5"startupRole:FOLLOWER, id:"s6"startupRole:FOLLOWER, id:"s7"startupRole:FOLLOWER, id:"s8"startupRole:FOLLOWER, id:"s0"startupRole:FOLLOWER, id:"s1"startupRole:FOLLOWER, id:"s2"startupRole:FOLLOWER, old:id:"s3"startupRole:FOLLOWER, id:"s8"startupRole:FOLLOWER, id:"s0"startupRole:FOLLOWER, id:"s1"startupRole:FOLLOWER, id:"s2"startupRole:FOLLOWER)
2025-10-10 11:53:27,394 [HandlerDaemon-0] DEBUG server.RaftServer$Division (RaftServerImpl.java:logAppendEntries(1537)) - s1@group-1E8C3A4F0960: appendEntries* s8->s1#441-t1,previous=(t:1, i:12),leaderCommit=12,initializing? false,entries: size=1, first=(t:1, i:13), CONFIGURATIONENTRY(current:id:"s3"startupRole:FOLLOWER, id:"s4"startupRole:FOLLOWER, id:"s5"startupRole:FOLLOWER, id:"s6"startupRole:FOLLOWER, id:"s7"startupRole:FOLLOWER, id:"s8"startupRole:FOLLOWER, id:"s0"startupRole:FOLLOWER, id:"s1"startupRole:FOLLOWER, id:"s2"startupRole:FOLLOWER, old:id:"s3"startupRole:FOLLOWER, id:"s8"startupRole:FOLLOWER, id:"s0"startupRole:FOLLOWER, id:"s1"startupRole:FOLLOWER, id:"s2"startupRole:FOLLOWER)
2025-10-10 11:53:27,395 [HandlerDaemon-0] INFO  server.RaftServer$Division (ServerState.java:setRaftConf(392)) - s4@group-1E8C3A4F0960: set configuration conf: {index: 13, cur=peers:[s3|, s4|, s5|, s6|, s7|, s8|, s0|, s1|, s2|]|listeners:[], old=peers:[s3|, s8|, s0|, s1|, s2|]|listeners:[]}
2025-10-10 11:53:27,395 [HandlerDaemon-0] INFO  server.RaftServer$Division (ServerState.java:setRaftConf(392)) - s1@group-1E8C3A4F0960: set configuration conf: {index: 13, cur=peers:[s3|, s4|, s5|, s6|, s7|, s8|, s0|, s1|, s2|]|listeners:[], old=peers:[s3|, s8|, s0|, s1|, s2|]|listeners:[]}
2025-10-10 11:53:27,394 [HandlerDaemon-2] DEBUG server.RaftServer$Division (RaftServerImpl.java:logAppendEntries(1537)) - s5@group-1E8C3A4F0960: appendEntries* s8->s5#443-t1,previous=(t:1, i:12),leaderCommit=12,initializing? true,entries: size=1, first=(t:1, i:13), CONFIGURATIONENTRY(current:id:"s3"startupRole:FOLLOWER, id:"s4"startupRole:FOLLOWER, id:"s5"startupRole:FOLLOWER, id:"s6"startupRole:FOLLOWER, id:"s7"startupRole:FOLLOWER, id:"s8"startupRole:FOLLOWER, id:"s0"startupRole:FOLLOWER, id:"s1"startupRole:FOLLOWER, id:"s2"startupRole:FOLLOWER, old:id:"s3"startupRole:FOLLOWER, id:"s8"startupRole:FOLLOWER, id:"s0"startupRole:FOLLOWER, id:"s1"startupRole:FOLLOWER, id:"s2"startupRole:FOLLOWER)
2025-10-10 11:53:27,395 [HandlerDaemon-2] INFO  server.RaftServer$Division (ServerState.java:setRaftConf(392)) - s5@group-1E8C3A4F0960: set configuration conf: {index: 13, cur=peers:[s3|, s4|, s5|, s6|, s7|, s8|, s0|, s1|, s2|]|listeners:[], old=peers:[s3|, s8|, s0|, s1|, s2|]|listeners:[]}
2025-10-10 11:53:27,395 [HandlerDaemon-2] DEBUG server.RaftServer$Division (RaftServerImpl.java:logAppendEntries(1537)) - s2@group-1E8C3A4F0960: appendEntries* s8->s2#440-t1,previous=(t:1, i:12),leaderCommit=12,initializing? false,entries: size=1, first=(t:1, i:13), CONFIGURATIONENTRY(current:id:"s3"startupRole:FOLLOWER, id:"s4"startupRole:FOLLOWER, id:"s5"startupRole:FOLLOWER, id:"s6"startupRole:FOLLOWER, id:"s7"startupRole:FOLLOWER, id:"s8"startupRole:FOLLOWER, id:"s0"startupRole:FOLLOWER, id:"s1"startupRole:FOLLOWER, id:"s2"startupRole:FOLLOWER, old:id:"s3"startupRole:FOLLOWER, id:"s8"startupRole:FOLLOWER, id:"s0"startupRole:FOLLOWER, id:"s1"startupRole:FOLLOWER, id:"s2"startupRole:FOLLOWER)
2025-10-10 11:53:27,395 [HandlerDaemon-2] INFO  server.RaftServer$Division (ServerState.java:setRaftConf(392)) - s2@group-1E8C3A4F0960: set configuration conf: {index: 13, cur=peers:[s3|, s4|, s5|, s6|, s7|, s8|, s0|, s1|, s2|]|listeners:[], old=peers:[s3|, s8|, s0|, s1|, s2|]|listeners:[]}
2025-10-10 11:53:27,396 [s4-server-thread1] DEBUG server.RaftServer$Division (RaftServerImpl.java:logAppendEntries(1537)) - s4@group-1E8C3A4F0960: appendEntries* reply s8<-s4#442:OK-t1,SUCCESS,nextIndex=14,followerCommit=12,matchIndex=13
2025-10-10 11:53:27,396 [s5-server-thread1] DEBUG server.RaftServer$Division (RaftServerImpl.java:logAppendEntries(1537)) - s5@group-1E8C3A4F0960: appendEntries* reply s8<-s5#443:OK-t1,SUCCESS,nextIndex=14,followerCommit=12,matchIndex=13
2025-10-10 11:53:27,396 [s2-server-thread1] DEBUG server.RaftServer$Division (RaftServerImpl.java:logAppendEntries(1537)) - s2@group-1E8C3A4F0960: appendEntries* reply s8<-s2#440:OK-t1,SUCCESS,nextIndex=14,followerCommit=12,matchIndex=13
2025-10-10 11:53:27,394 [HandlerDaemon-2] DEBUG server.RaftServer$Division (RaftServerImpl.java:logAppendEntries(1537)) - s6@group-1E8C3A4F0960: appendEntries* s8->s6#445-t1,previous=(t:1, i:12),leaderCommit=12,initializing? false,entries: size=1, first=(t:1, i:13), CONFIGURATIONENTRY(current:id:"s3"startupRole:FOLLOWER, id:"s4"startupRole:FOLLOWER, id:"s5"startupRole:FOLLOWER, id:"s6"startupRole:FOLLOWER, id:"s7"startupRole:FOLLOWER, id:"s8"startupRole:FOLLOWER, id:"s0"startupRole:FOLLOWER, id:"s1"startupRole:FOLLOWER, id:"s2"startupRole:FOLLOWER, old:id:"s3"startupRole:FOLLOWER, id:"s8"startupRole:FOLLOWER, id:"s0"startupRole:FOLLOWER, id:"s1"startupRole:FOLLOWER, id:"s2"startupRole:FOLLOWER)
2025-10-10 11:53:27,397 [HandlerDaemon-2] INFO  impl.RoleInfo (RoleInfo.java:updateAndGet(148)) - s6: start s6@group-1E8C3A4F0960-FollowerState
2025-10-10 11:53:27,394 [HandlerDaemon-2] DEBUG server.RaftServer$Division (RaftServerImpl.java:logAppendEntries(1537)) - s7@group-1E8C3A4F0960: appendEntries* s8->s7#444-t1,previous=(t:1, i:12),leaderCommit=12,initializing? false,entries: size=1, first=(t:1, i:13), CONFIGURATIONENTRY(current:id:"s3"startupRole:FOLLOWER, id:"s4"startupRole:FOLLOWER, id:"s5"startupRole:FOLLOWER, id:"s6"startupRole:FOLLOWER, id:"s7"startupRole:FOLLOWER, id:"s8"startupRole:FOLLOWER, id:"s0"startupRole:FOLLOWER, id:"s1"startupRole:FOLLOWER, id:"s2"startupRole:FOLLOWER, old:id:"s3"startupRole:FOLLOWER, id:"s8"startupRole:FOLLOWER, id:"s0"startupRole:FOLLOWER, id:"s1"startupRole:FOLLOWER, id:"s2"startupRole:FOLLOWER)
2025-10-10 11:53:27,397 [s1-server-thread1] DEBUG server.RaftServer$Division (RaftServerImpl.java:logAppendEntries(1537)) - s1@group-1E8C3A4F0960: appendEntries* reply s8<-s1#441:OK-t1,SUCCESS,nextIndex=14,followerCommit=12,matchIndex=13
2025-10-10 11:53:27,398 [HandlerDaemon-2] INFO  server.RaftServer$Division (ServerState.java:setRaftConf(392)) - s6@group-1E8C3A4F0960: set configuration conf: {index: 13, cur=peers:[s3|, s4|, s5|, s6|, s7|, s8|, s0|, s1|, s2|]|listeners:[], old=peers:[s3|, s8|, s0|, s1|, s2|]|listeners:[]}
2025-10-10 11:53:27,393 [HandlerDaemon-0] INFO  server.RaftServer$Division (ServerState.java:setRaftConf(392)) - s0@group-1E8C3A4F0960: set configuration conf: {index: 13, cur=peers:[s3|, s4|, s5|, s6|, s7|, s8|, s0|, s1|, s2|]|listeners:[], old=peers:[s3|, s8|, s0|, s1|, s2|]|listeners:[]}
2025-10-10 11:53:27,393 [HandlerDaemon-2] INFO  server.RaftServer$Division (ServerState.java:setRaftConf(392)) - s3@group-1E8C3A4F0960: set configuration conf: {index: 13, cur=peers:[s3|, s4|, s5|, s6|, s7|, s8|, s0|, s1|, s2|]|listeners:[], old=peers:[s3|, s8|, s0|, s1|, s2|]|listeners:[]}
2025-10-10 11:53:27,398 [HandlerDaemon-1] DEBUG server.RaftServer$Division (RaftServerImpl.java:logAppendEntries(1537)) - s2@group-1E8C3A4F0960: appendEntries* s8->s2#446-t1,previous=(t:1, i:13),leaderCommit=13,initializing? false,entries: size=1, first=(t:1, i:14), METADATAENTRY(c:13)
2025-10-10 11:53:27,399 [s8@group-1E8C3A4F0960-LeaderStateImpl] INFO  server.RaftServer$Division (ServerState.java:setRaftConf(392)) - s8@group-1E8C3A4F0960: set configuration conf: {index: 15, cur=peers:[s3, s4, s5, s6, s7, s8, s0, s1, s2]|listeners:[], old=null}
2025-10-10 11:53:27,399 [s2-server-thread1] DEBUG server.RaftServer$Division (RaftServerImpl.java:logAppendEntries(1537)) - s2@group-1E8C3A4F0960: appendEntries* reply s8<-s2#446:OK-t1,SUCCESS,nextIndex=15,followerCommit=13,matchIndex=14
2025-10-10 11:53:27,399 [s3-server-thread2] DEBUG server.RaftServer$Division (RaftServerImpl.java:logAppendEntries(1537)) - s3@group-1E8C3A4F0960: appendEntries* reply s8<-s3#439:OK-t1,SUCCESS,nextIndex=14,followerCommit=12,matchIndex=13
2025-10-10 11:53:27,399 [s2@group-1E8C3A4F0960-StateMachineUpdater] TRACE util.FileUtils (LogUtils.java:supplyAndLog(69)) - Successfully supplied FileChannel.open /home/runner/work/ratis/ratis/ratis-test/target/test/data/319b119c/MiniRaftClusterWithSimulatedRpcdcda50c5/s2/6ef3c6aa-8286-4034-b7df-1e8c3a4f0960/current/raft-meta.conf.tmp with options [CREATE, TRUNCATE_EXISTING, WRITE]: sun.nio.ch.FileChannelImpl@201f39
2025-10-10 11:53:27,399 [HandlerDaemon-1] DEBUG server.RaftServer$Division (RaftServerImpl.java:logAppendEntries(1537)) - s4@group-1E8C3A4F0960: appendEntries* s8->s4#447-t1,previous=(t:1, i:13),leaderCommit=13,initializing? false,entries: size=1, first=(t:1, i:14), METADATAENTRY(c:13)
2025-10-10 11:53:27,399 [HandlerDaemon-1] INFO  impl.RoleInfo (RoleInfo.java:updateAndGet(148)) - s4: start s4@group-1E8C3A4F0960-FollowerState
2025-10-10 11:53:27,399 [HandlerDaemon-0] DEBUG server.RaftServer$Division (RaftServerImpl.java:logAppendEntries(1537)) - s5@group-1E8C3A4F0960: appendEntries* s8->s5#448-t1,previous=(t:1, i:13),leaderCommit=13,initializing? false,entries: size=1, first=(t:1, i:14), METADATAENTRY(c:13)
2025-10-10 11:53:27,400 [HandlerDaemon-0] DEBUG server.RaftServer$Division (RaftServerImpl.java:logAppendEntries(1537)) - s2@group-1E8C3A4F0960: appendEntries* s8->s2#449-t1,previous=(t:1, i:14),leaderCommit=13,initializing? false,entries: size=1, first=(t:1, i:15), CONFIGURATIONENTRY(current:id:"s3"startupRole:FOLLOWER, id:"s4"startupRole:FOLLOWER, id:"s5"startupRole:FOLLOWER, id:"s6"startupRole:FOLLOWER, id:"s7"startupRole:FOLLOWER, id:"s8"startupRole:FOLLOWER, id:"s0"startupRole:FOLLOWER, id:"s1"startupRole:FOLLOWER, id:"s2"startupRole:FOLLOWER, old:)
2025-10-10 11:53:27,393 [s5@group-1E8C3A4F0960-StateMachineUpdater] TRACE util.FileUtils (LogUtils.java:runAndLog(49)) - Successfully ran Atomic Files.move /home/runner/work/ratis/ratis/ratis-test/target/test/data/319b119c/MiniRaftClusterWithSimulatedRpcdcda50c5/s5/6ef3c6aa-8286-4034-b7df-1e8c3a4f0960/current/raft-meta.conf.tmp to /home/runner/work/ratis/ratis/ratis-test/target/test/data/319b119c/MiniRaftClusterWithSimulatedRpcdcda50c5/s5/6ef3c6aa-8286-4034-b7df-1e8c3a4f0960/current/raft-meta.conf with options [REPLACE_EXISTING]
2025-10-10 11:53:27,400 [HandlerDaemon-0] INFO  server.RaftServer$Division (ServerState.java:setRaftConf(392)) - s2@group-1E8C3A4F0960: set configuration conf: {index: 15, cur=peers:[s3|, s4|, s5|, s6|, s7|, s8|, s0|, s1|, s2|]|listeners:[], old=null}
2025-10-10 11:53:27,400 [s5@group-1E8C3A4F0960-StateMachineUpdater] TRACE util.FileUtils (LogUtils.java:supplyAndLog(69)) - Successfully supplied FileChannel.open /home/runner/work/ratis/ratis/ratis-test/target/test/data/319b119c/MiniRaftClusterWithSimulatedRpcdcda50c5/s5/6ef3c6aa-8286-4034-b7df-1e8c3a4f0960/current/raft-meta.conf.tmp with options [CREATE, TRUNCATE_EXISTING, WRITE]: sun.nio.ch.FileChannelImpl@58a39482
2025-10-10 11:53:27,400 [s8@group-1E8C3A4F0960-StateMachineUpdater] TRACE util.FileUtils (LogUtils.java:supplyAndLog(69)) - Successfully supplied FileChannel.open /home/runner/work/ratis/ratis/ratis-test/target/test/data/319b119c/MiniRaftClusterWithSimulatedRpcdcda50c5/s8/6ef3c6aa-8286-4034-b7df-1e8c3a4f0960/current/raft-meta.conf.tmp with options [CREATE, TRUNCATE_EXISTING, WRITE]: sun.nio.ch.FileChannelImpl@28df5e28
2025-10-10 11:53:27,392 [s4@group-1E8C3A4F0960-StateMachineUpdater] TRACE util.FileUtils (LogUtils.java:runAndLog(49)) - Successfully ran Atomic Files.move /home/runner/work/ratis/ratis/ratis-test/target/test/data/319b119c/MiniRaftClusterWithSimulatedRpcdcda50c5/s4/6ef3c6aa-8286-4034-b7df-1e8c3a4f0960/current/raft-meta.conf.tmp to /home/runner/work/ratis/ratis/ratis-test/target/test/data/319b119c/MiniRaftClusterWithSimulatedRpcdcda50c5/s4/6ef3c6aa-8286-4034-b7df-1e8c3a4f0960/current/raft-meta.conf with options [REPLACE_EXISTING]
2025-10-10 11:53:27,401 [s4@group-1E8C3A4F0960-StateMachineUpdater] TRACE util.FileUtils (LogUtils.java:supplyAndLog(69)) - Successfully supplied FileChannel.open /home/runner/work/ratis/ratis/ratis-test/target/test/data/319b119c/MiniRaftClusterWithSimulatedRpcdcda50c5/s4/6ef3c6aa-8286-4034-b7df-1e8c3a4f0960/current/raft-meta.conf.tmp with options [CREATE, TRUNCATE_EXISTING, WRITE]: sun.nio.ch.FileChannelImpl@20ac8e63
2025-10-10 11:53:27,401 [s0-server-thread1] DEBUG server.RaftServer$Division (RaftServerImpl.java:logAppendEntries(1537)) - s0@group-1E8C3A4F0960: appendEntries* reply s8<-s0#438:OK-t1,SUCCESS,nextIndex=14,followerCommit=12,matchIndex=13
2025-10-10 11:53:27,401 [HandlerDaemon-1] DEBUG server.RaftServer$Division (RaftServerImpl.java:logAppendEntries(1537)) - s1@group-1E8C3A4F0960: appendEntries* s8->s1#450-t1,previous=(t:1, i:13),leaderCommit=13,initializing? false,entries: size=2, first=(t:1, i:14), METADATAENTRY(c:13)
2025-10-10 11:53:27,402 [HandlerDaemon-1] INFO  server.RaftServer$Division (ServerState.java:setRaftConf(392)) - s1@group-1E8C3A4F0960: set configuration conf: {index: 15, cur=peers:[s3|, s4|, s5|, s6|, s7|, s8|, s0|, s1|, s2|]|listeners:[], old=null}
2025-10-10 11:53:27,402 [HandlerDaemon-1] DEBUG server.RaftServer$Division (RaftServerImpl.java:logAppendEntries(1537)) - s0@group-1E8C3A4F0960: appendEntries* s8->s0#452-t1,previous=(t:1, i:13),leaderCommit=13,initializing? false,entries: size=2, first=(t:1, i:14), METADATAENTRY(c:13)
2025-10-10 11:53:27,402 [HandlerDaemon-1] INFO  server.RaftServer$Division (ServerState.java:setRaftConf(392)) - s0@group-1E8C3A4F0960: set configuration conf: {index: 15, cur=peers:[s3|, s4|, s5|, s6|, s7|, s8|, s0|, s1|, s2|]|listeners:[], old=null}
2025-10-10 11:53:27,392 [s7@group-1E8C3A4F0960-StateMachineUpdater] TRACE util.FileUtils (LogUtils.java:runAndLog(49)) - Successfully ran Atomic Files.move /home/runner/work/ratis/ratis/ratis-test/target/test/data/319b119c/MiniRaftClusterWithSimulatedRpcdcda50c5/s7/6ef3c6aa-8286-4034-b7df-1e8c3a4f0960/current/raft-meta.conf.tmp to /home/runner/work/ratis/ratis/ratis-test/target/test/data/319b119c/MiniRaftClusterWithSimulatedRpcdcda50c5/s7/6ef3c6aa-8286-4034-b7df-1e8c3a4f0960/current/raft-meta.conf with options [REPLACE_EXISTING]
2025-10-10 11:53:27,402 [s7@group-1E8C3A4F0960-StateMachineUpdater] TRACE util.FileUtils (LogUtils.java:supplyAndLog(69)) - Successfully supplied FileChannel.open /home/runner/work/ratis/ratis/ratis-test/target/test/data/319b119c/MiniRaftClusterWithSimulatedRpcdcda50c5/s7/6ef3c6aa-8286-4034-b7df-1e8c3a4f0960/current/raft-meta.conf.tmp with options [CREATE, TRUNCATE_EXISTING, WRITE]: sun.nio.ch.FileChannelImpl@6be9039
2025-10-10 11:53:27,403 [s1@group-1E8C3A4F0960-StateMachineUpdater] TRACE util.FileUtils (LogUtils.java:supplyAndLog(69)) - Successfully supplied FileChannel.open /home/runner/work/ratis/ratis/ratis-test/target/test/data/319b119c/MiniRaftClusterWithSimulatedRpcdcda50c5/s1/6ef3c6aa-8286-4034-b7df-1e8c3a4f0960/current/raft-meta.conf.tmp with options [CREATE, TRUNCATE_EXISTING, WRITE]: sun.nio.ch.FileChannelImpl@4b7d78a3
2025-10-10 11:53:27,403 [s4@group-1E8C3A4F0960-StateMachineUpdater] TRACE util.FileUtils (LogUtils.java:runAndLog(49)) - Successfully ran Atomic Files.move /home/runner/work/ratis/ratis/ratis-test/target/test/data/319b119c/MiniRaftClusterWithSimulatedRpcdcda50c5/s4/6ef3c6aa-8286-4034-b7df-1e8c3a4f0960/current/raft-meta.conf.tmp to /home/runner/work/ratis/ratis/ratis-test/target/test/data/319b119c/MiniRaftClusterWithSimulatedRpcdcda50c5/s4/6ef3c6aa-8286-4034-b7df-1e8c3a4f0960/current/raft-meta.conf with options [REPLACE_EXISTING]
2025-10-10 11:53:27,403 [s4@group-1E8C3A4F0960-StateMachineUpdater] TRACE util.FileUtils (LogUtils.java:supplyAndLog(69)) - Successfully supplied FileChannel.open /home/runner/work/ratis/ratis/ratis-test/target/test/data/319b119c/MiniRaftClusterWithSimulatedRpcdcda50c5/s4/6ef3c6aa-8286-4034-b7df-1e8c3a4f0960/current/raft-meta.conf.tmp with options [CREATE, TRUNCATE_EXISTING, WRITE]: sun.nio.ch.FileChannelImpl@587a3f9f
2025-10-10 11:53:27,403 [s0-server-thread1] DEBUG server.RaftServer$Division (RaftServerImpl.java:logAppendEntries(1537)) - s0@group-1E8C3A4F0960: appendEntries* reply s8<-s0#452:OK-t1,SUCCESS,nextIndex=16,followerCommit=13,matchIndex=15
2025-10-10 11:53:27,404 [s0@group-1E8C3A4F0960-StateMachineUpdater] TRACE util.FileUtils (LogUtils.java:supplyAndLog(69)) - Successfully supplied FileChannel.open /home/runner/work/ratis/ratis/ratis-test/target/test/data/319b119c/MiniRaftClusterWithSimulatedRpcdcda50c5/s0/6ef3c6aa-8286-4034-b7df-1e8c3a4f0960/current/raft-meta.conf.tmp with options [CREATE, TRUNCATE_EXISTING, WRITE]: sun.nio.ch.FileChannelImpl@14ab731a
2025-10-10 11:53:27,404 [HandlerDaemon-0] DEBUG server.RaftServer$Division (RaftServerImpl.java:logAppendEntries(1537)) - s3@group-1E8C3A4F0960: appendEntries* s8->s3#451-t1,previous=(t:1, i:13),leaderCommit=13,initializing? false,entries: size=2, first=(t:1, i:14), METADATAENTRY(c:13)
2025-10-10 11:53:27,404 [HandlerDaemon-0] INFO  server.RaftServer$Division (ServerState.java:setRaftConf(392)) - s3@group-1E8C3A4F0960: set configuration conf: {index: 15, cur=peers:[s3|, s4|, s5|, s6|, s7|, s8|, s0|, s1|, s2|]|listeners:[], old=null}
2025-10-10 11:53:27,392 [s6@group-1E8C3A4F0960-StateMachineUpdater] TRACE util.FileUtils (LogUtils.java:supplyAndLog(69)) - Successfully supplied FileChannel.open /home/runner/work/ratis/ratis/ratis-test/target/test/data/319b119c/MiniRaftClusterWithSimulatedRpcdcda50c5/s6/6ef3c6aa-8286-4034-b7df-1e8c3a4f0960/current/raft-meta.conf.tmp with options [CREATE, TRUNCATE_EXISTING, WRITE]: sun.nio.ch.FileChannelImpl@6c0ee3a7
2025-10-10 11:53:27,405 [s8@group-1E8C3A4F0960-StateMachineUpdater] TRACE util.FileUtils (LogUtils.java:runAndLog(49)) - Successfully ran Atomic Files.move /home/runner/work/ratis/ratis/ratis-test/target/test/data/319b119c/MiniRaftClusterWithSimulatedRpcdcda50c5/s8/6ef3c6aa-8286-4034-b7df-1e8c3a4f0960/current/raft-meta.conf.tmp to /home/runner/work/ratis/ratis/ratis-test/target/test/data/319b119c/MiniRaftClusterWithSimulatedRpcdcda50c5/s8/6ef3c6aa-8286-4034-b7df-1e8c3a4f0960/current/raft-meta.conf with options [REPLACE_EXISTING]
2025-10-10 11:53:27,402 [s1-server-thread1] DEBUG server.RaftServer$Division (RaftServerImpl.java:logAppendEntries(1537)) - s1@group-1E8C3A4F0960: appendEntries* reply s8<-s1#450:OK-t1,SUCCESS,nextIndex=16,followerCommit=13,matchIndex=15
2025-10-10 11:53:27,405 [s4-server-thread1] DEBUG server.RaftServer$Division (RaftServerImpl.java:logAppendEntries(1537)) - s4@group-1E8C3A4F0960: appendEntries* reply s8<-s4#447:OK-t1,SUCCESS,nextIndex=15,followerCommit=13,matchIndex=14
2025-10-10 11:53:27,402 [s6-server-thread1] DEBUG server.RaftServer$Division (RaftServerImpl.java:logAppendEntries(1537)) - s6@group-1E8C3A4F0960: appendEntries* reply s8<-s6#445:OK-t1,SUCCESS,nextIndex=14,followerCommit=12,matchIndex=13
2025-10-10 11:53:27,405 [HandlerDaemon-0] INFO  impl.RoleInfo (RoleInfo.java:updateAndGet(148)) - s5: start s5@group-1E8C3A4F0960-FollowerState
2025-10-10 11:53:27,402 [s5@group-1E8C3A4F0960-StateMachineUpdater] TRACE util.FileUtils (LogUtils.java:runAndLog(49)) - Successfully ran Atomic Files.move /home/runner/work/ratis/ratis/ratis-test/target/test/data/319b119c/MiniRaftClusterWithSimulatedRpcdcda50c5/s5/6ef3c6aa-8286-4034-b7df-1e8c3a4f0960/current/raft-meta.conf.tmp to /home/runner/work/ratis/ratis/ratis-test/target/test/data/319b119c/MiniRaftClusterWithSimulatedRpcdcda50c5/s5/6ef3c6aa-8286-4034-b7df-1e8c3a4f0960/current/raft-meta.conf with options [REPLACE_EXISTING]
2025-10-10 11:53:27,406 [s1@group-1E8C3A4F0960-StateMachineUpdater] TRACE util.FileUtils (LogUtils.java:runAndLog(49)) - Successfully ran Atomic Files.move /home/runner/work/ratis/ratis/ratis-test/target/test/data/319b119c/MiniRaftClusterWithSimulatedRpcdcda50c5/s1/6ef3c6aa-8286-4034-b7df-1e8c3a4f0960/current/raft-meta.conf.tmp to /home/runner/work/ratis/ratis/ratis-test/target/test/data/319b119c/MiniRaftClusterWithSimulatedRpcdcda50c5/s1/6ef3c6aa-8286-4034-b7df-1e8c3a4f0960/current/raft-meta.conf with options [REPLACE_EXISTING]
2025-10-10 11:53:27,406 [s0@group-1E8C3A4F0960-StateMachineUpdater] TRACE util.FileUtils (LogUtils.java:runAndLog(49)) - Successfully ran Atomic Files.move /home/runner/work/ratis/ratis/ratis-test/target/test/data/319b119c/MiniRaftClusterWithSimulatedRpcdcda50c5/s0/6ef3c6aa-8286-4034-b7df-1e8c3a4f0960/current/raft-meta.conf.tmp to /home/runner/work/ratis/ratis/ratis-test/target/test/data/319b119c/MiniRaftClusterWithSimulatedRpcdcda50c5/s0/6ef3c6aa-8286-4034-b7df-1e8c3a4f0960/current/raft-meta.conf with options [REPLACE_EXISTING]
2025-10-10 11:53:27,406 [s4@group-1E8C3A4F0960-StateMachineUpdater] TRACE util.FileUtils (LogUtils.java:runAndLog(49)) - Successfully ran Atomic Files.move /home/runner/work/ratis/ratis/ratis-test/target/test/data/319b119c/MiniRaftClusterWithSimulatedRpcdcda50c5/s4/6ef3c6aa-8286-4034-b7df-1e8c3a4f0960/current/raft-meta.conf.tmp to /home/runner/work/ratis/ratis/ratis-test/target/test/data/319b119c/MiniRaftClusterWithSimulatedRpcdcda50c5/s4/6ef3c6aa-8286-4034-b7df-1e8c3a4f0960/current/raft-meta.conf with options [REPLACE_EXISTING]
2025-10-10 11:53:27,406 [s7@group-1E8C3A4F0960-StateMachineUpdater] TRACE util.FileUtils (LogUtils.java:runAndLog(49)) - Successfully ran Atomic Files.move /home/runner/work/ratis/ratis/ratis-test/target/test/data/319b119c/MiniRaftClusterWithSimulatedRpcdcda50c5/s7/6ef3c6aa-8286-4034-b7df-1e8c3a4f0960/current/raft-meta.conf.tmp to /home/runner/work/ratis/ratis/ratis-test/target/test/data/319b119c/MiniRaftClusterWithSimulatedRpcdcda50c5/s7/6ef3c6aa-8286-4034-b7df-1e8c3a4f0960/current/raft-meta.conf with options [REPLACE_EXISTING]
2025-10-10 11:53:27,406 [s4@group-1E8C3A4F0960-StateMachineUpdater] TRACE util.FileUtils (LogUtils.java:supplyAndLog(69)) - Successfully supplied FileChannel.open /home/runner/work/ratis/ratis/ratis-test/target/test/data/319b119c/MiniRaftClusterWithSimulatedRpcdcda50c5/s4/6ef3c6aa-8286-4034-b7df-1e8c3a4f0960/current/raft-meta.conf.tmp with options [CREATE, TRUNCATE_EXISTING, WRITE]: sun.nio.ch.FileChannelImpl@71d8e0d7
2025-10-10 11:53:27,407 [s6@group-1E8C3A4F0960-StateMachineUpdater] TRACE util.FileUtils (LogUtils.java:runAndLog(49)) - Successfully ran Atomic Files.move /home/runner/work/ratis/ratis/ratis-test/target/test/data/319b119c/MiniRaftClusterWithSimulatedRpcdcda50c5/s6/6ef3c6aa-8286-4034-b7df-1e8c3a4f0960/current/raft-meta.conf.tmp to /home/runner/work/ratis/ratis/ratis-test/target/test/data/319b119c/MiniRaftClusterWithSimulatedRpcdcda50c5/s6/6ef3c6aa-8286-4034-b7df-1e8c3a4f0960/current/raft-meta.conf with options [REPLACE_EXISTING]
2025-10-10 11:53:27,407 [HandlerDaemon-2] DEBUG server.RaftServer$Division (RaftServerImpl.java:logAppendEntries(1537)) - s4@group-1E8C3A4F0960: appendEntries* s8->s4#454-t1,previous=(t:1, i:14),leaderCommit=13,initializing? false,entries: size=1, first=(t:1, i:15), CONFIGURATIONENTRY(current:id:"s3"startupRole:FOLLOWER, id:"s4"startupRole:FOLLOWER, id:"s5"startupRole:FOLLOWER, id:"s6"startupRole:FOLLOWER, id:"s7"startupRole:FOLLOWER, id:"s8"startupRole:FOLLOWER, id:"s0"startupRole:FOLLOWER, id:"s1"startupRole:FOLLOWER, id:"s2"startupRole:FOLLOWER, old:)
2025-10-10 11:53:27,407 [s6@group-1E8C3A4F0960-StateMachineUpdater] TRACE util.FileUtils (LogUtils.java:supplyAndLog(69)) - Successfully supplied FileChannel.open /home/runner/work/ratis/ratis/ratis-test/target/test/data/319b119c/MiniRaftClusterWithSimulatedRpcdcda50c5/s6/6ef3c6aa-8286-4034-b7df-1e8c3a4f0960/current/raft-meta.conf.tmp with options [CREATE, TRUNCATE_EXISTING, WRITE]: sun.nio.ch.FileChannelImpl@68317afe
2025-10-10 11:53:27,407 [HandlerDaemon-2] INFO  server.RaftServer$Division (ServerState.java:setRaftConf(392)) - s4@group-1E8C3A4F0960: set configuration conf: {index: 15, cur=peers:[s3|, s4|, s5|, s6|, s7|, s8|, s0|, s1|, s2|]|listeners:[], old=null}
2025-10-10 11:53:27,407 [s4@group-1E8C3A4F0960-StateMachineUpdater] TRACE util.FileUtils (LogUtils.java:runAndLog(49)) - Successfully ran Atomic Files.move /home/runner/work/ratis/ratis/ratis-test/target/test/data/319b119c/MiniRaftClusterWithSimulatedRpcdcda50c5/s4/6ef3c6aa-8286-4034-b7df-1e8c3a4f0960/current/raft-meta.conf.tmp to /home/runner/work/ratis/ratis/ratis-test/target/test/data/319b119c/MiniRaftClusterWithSimulatedRpcdcda50c5/s4/6ef3c6aa-8286-4034-b7df-1e8c3a4f0960/current/raft-meta.conf with options [REPLACE_EXISTING]
2025-10-10 11:53:27,402 [s2@group-1E8C3A4F0960-StateMachineUpdater] TRACE util.FileUtils (LogUtils.java:runAndLog(49)) - Successfully ran Atomic Files.move /home/runner/work/ratis/ratis/ratis-test/target/test/data/319b119c/MiniRaftClusterWithSimulatedRpcdcda50c5/s2/6ef3c6aa-8286-4034-b7df-1e8c3a4f0960/current/raft-meta.conf.tmp to /home/runner/work/ratis/ratis/ratis-test/target/test/data/319b119c/MiniRaftClusterWithSimulatedRpcdcda50c5/s2/6ef3c6aa-8286-4034-b7df-1e8c3a4f0960/current/raft-meta.conf with options [REPLACE_EXISTING]
2025-10-10 11:53:27,398 [HandlerDaemon-2] INFO  impl.RoleInfo (RoleInfo.java:updateAndGet(148)) - s7: start s7@group-1E8C3A4F0960-FollowerState
2025-10-10 11:53:27,408 [s5-server-thread1] DEBUG server.RaftServer$Division (RaftServerImpl.java:logAppendEntries(1537)) - s5@group-1E8C3A4F0960: appendEntries* reply s8<-s5#448:OK-t1,SUCCESS,nextIndex=15,followerCommit=13,matchIndex=14
2025-10-10 11:53:27,408 [s6@group-1E8C3A4F0960-StateMachineUpdater] TRACE util.FileUtils (LogUtils.java:runAndLog(49)) - Successfully ran Atomic Files.move /home/runner/work/ratis/ratis/ratis-test/target/test/data/319b119c/MiniRaftClusterWithSimulatedRpcdcda50c5/s6/6ef3c6aa-8286-4034-b7df-1e8c3a4f0960/current/raft-meta.conf.tmp to /home/runner/work/ratis/ratis/ratis-test/target/test/data/319b119c/MiniRaftClusterWithSimulatedRpcdcda50c5/s6/6ef3c6aa-8286-4034-b7df-1e8c3a4f0960/current/raft-meta.conf with options [REPLACE_EXISTING]
2025-10-10 11:53:27,408 [s6@group-1E8C3A4F0960-StateMachineUpdater] TRACE util.FileUtils (LogUtils.java:supplyAndLog(69)) - Successfully supplied FileChannel.open /home/runner/work/ratis/ratis/ratis-test/target/test/data/319b119c/MiniRaftClusterWithSimulatedRpcdcda50c5/s6/6ef3c6aa-8286-4034-b7df-1e8c3a4f0960/current/raft-meta.conf.tmp with options [CREATE, TRUNCATE_EXISTING, WRITE]: sun.nio.ch.FileChannelImpl@2d33e99c
2025-10-10 11:53:27,409 [HandlerDaemon-1] DEBUG server.RaftServer$Division (RaftServerImpl.java:logAppendEntries(1537)) - s5@group-1E8C3A4F0960: appendEntries* s8->s5#455-t1,previous=(t:1, i:14),leaderCommit=14,initializing? false,entries: size=1, first=(t:1, i:15), CONFIGURATIONENTRY(current:id:"s3"startupRole:FOLLOWER, id:"s4"startupRole:FOLLOWER, id:"s5"startupRole:FOLLOWER, id:"s6"startupRole:FOLLOWER, id:"s7"startupRole:FOLLOWER, id:"s8"startupRole:FOLLOWER, id:"s0"startupRole:FOLLOWER, id:"s1"startupRole:FOLLOWER, id:"s2"startupRole:FOLLOWER, old:)
2025-10-10 11:53:27,406 [s7@group-1E8C3A4F0960-StateMachineUpdater] TRACE util.FileUtils (LogUtils.java:supplyAndLog(69)) - Successfully supplied FileChannel.open /home/runner/work/ratis/ratis/ratis-test/target/test/data/319b119c/MiniRaftClusterWithSimulatedRpcdcda50c5/s7/6ef3c6aa-8286-4034-b7df-1e8c3a4f0960/current/raft-meta.conf.tmp with options [CREATE, TRUNCATE_EXISTING, WRITE]: sun.nio.ch.FileChannelImpl@43bc1e8a
2025-10-10 11:53:27,406 [s2-server-thread1] DEBUG server.RaftServer$Division (RaftServerImpl.java:logAppendEntries(1537)) - s2@group-1E8C3A4F0960: appendEntries* reply s8<-s2#449:OK-t1,SUCCESS,nextIndex=16,followerCommit=13,matchIndex=15
2025-10-10 11:53:27,409 [HandlerDaemon-1] INFO  server.RaftServer$Division (ServerState.java:setRaftConf(392)) - s5@group-1E8C3A4F0960: set configuration conf: {index: 15, cur=peers:[s3|, s4|, s5|, s6|, s7|, s8|, s0|, s1|, s2|]|listeners:[], old=null}
2025-10-10 11:53:27,409 [s3-server-thread2] DEBUG server.RaftServer$Division (RaftServerImpl.java:logAppendEntries(1537)) - s3@group-1E8C3A4F0960: appendEntries* reply s8<-s3#451:OK-t1,SUCCESS,nextIndex=16,followerCommit=13,matchIndex=15
2025-10-10 11:53:27,410 [HandlerDaemon-2] INFO  server.RaftServer$Division (ServerState.java:setRaftConf(392)) - s7@group-1E8C3A4F0960: set configuration conf: {index: 13, cur=peers:[s3|, s4|, s5|, s6|, s7|, s8|, s0|, s1|, s2|]|listeners:[], old=peers:[s3|, s8|, s0|, s1|, s2|]|listeners:[]}
2025-10-10 11:53:27,410 [s4-server-thread1] DEBUG server.RaftServer$Division (RaftServerImpl.java:logAppendEntries(1537)) - s4@group-1E8C3A4F0960: appendEntries* reply s8<-s4#454:OK-t1,SUCCESS,nextIndex=16,followerCommit=13,matchIndex=15
2025-10-10 11:53:27,410 [s6@group-1E8C3A4F0960-StateMachineUpdater] TRACE util.FileUtils (LogUtils.java:runAndLog(49)) - Successfully ran Atomic Files.move /home/runner/work/ratis/ratis/ratis-test/target/test/data/319b119c/MiniRaftClusterWithSimulatedRpcdcda50c5/s6/6ef3c6aa-8286-4034-b7df-1e8c3a4f0960/current/raft-meta.conf.tmp to /home/runner/work/ratis/ratis/ratis-test/target/test/data/319b119c/MiniRaftClusterWithSimulatedRpcdcda50c5/s6/6ef3c6aa-8286-4034-b7df-1e8c3a4f0960/current/raft-meta.conf with options [REPLACE_EXISTING]
2025-10-10 11:53:27,410 [s3@group-1E8C3A4F0960-StateMachineUpdater] TRACE util.FileUtils (LogUtils.java:supplyAndLog(69)) - Successfully supplied FileChannel.open /home/runner/work/ratis/ratis/ratis-test/target/test/data/319b119c/MiniRaftClusterWithSimulatedRpcdcda50c5/s3/6ef3c6aa-8286-4034-b7df-1e8c3a4f0960/current/raft-meta.conf.tmp with options [CREATE, TRUNCATE_EXISTING, WRITE]: sun.nio.ch.FileChannelImpl@19a2215a
2025-10-10 11:53:27,410 [s6@group-1E8C3A4F0960-StateMachineUpdater] TRACE util.FileUtils (LogUtils.java:supplyAndLog(69)) - Successfully supplied FileChannel.open /home/runner/work/ratis/ratis/ratis-test/target/test/data/319b119c/MiniRaftClusterWithSimulatedRpcdcda50c5/s6/6ef3c6aa-8286-4034-b7df-1e8c3a4f0960/current/raft-meta.conf.tmp with options [CREATE, TRUNCATE_EXISTING, WRITE]: sun.nio.ch.FileChannelImpl@75cd8d5
2025-10-10 11:53:27,408 [HandlerDaemon-0] DEBUG server.RaftServer$Division (RaftServerImpl.java:logAppendEntries(1537)) - s6@group-1E8C3A4F0960: appendEntries* s8->s6#453-t1,previous=(t:1, i:13),leaderCommit=13,initializing? false,entries: size=2, first=(t:1, i:14), METADATAENTRY(c:13)
2025-10-10 11:53:27,410 [HandlerDaemon-0] INFO  server.RaftServer$Division (ServerState.java:setRaftConf(392)) - s6@group-1E8C3A4F0960: set configuration conf: {index: 15, cur=peers:[s3|, s4|, s5|, s6|, s7|, s8|, s0|, s1|, s2|]|listeners:[], old=null}
2025-10-10 11:53:27,411 [s7@group-1E8C3A4F0960-StateMachineUpdater] TRACE util.FileUtils (LogUtils.java:runAndLog(49)) - Successfully ran Atomic Files.move /home/runner/work/ratis/ratis/ratis-test/target/test/data/319b119c/MiniRaftClusterWithSimulatedRpcdcda50c5/s7/6ef3c6aa-8286-4034-b7df-1e8c3a4f0960/current/raft-meta.conf.tmp to /home/runner/work/ratis/ratis/ratis-test/target/test/data/319b119c/MiniRaftClusterWithSimulatedRpcdcda50c5/s7/6ef3c6aa-8286-4034-b7df-1e8c3a4f0960/current/raft-meta.conf with options [REPLACE_EXISTING]
2025-10-10 11:53:27,411 [s8@group-1E8C3A4F0960-StateMachineUpdater] TRACE util.FileUtils (LogUtils.java:supplyAndLog(69)) - Successfully supplied FileChannel.open /home/runner/work/ratis/ratis/ratis-test/target/test/data/319b119c/MiniRaftClusterWithSimulatedRpcdcda50c5/s8/6ef3c6aa-8286-4034-b7df-1e8c3a4f0960/current/raft-meta.conf.tmp with options [CREATE, TRUNCATE_EXISTING, WRITE]: sun.nio.ch.FileChannelImpl@38422fc3
2025-10-10 11:53:27,411 [s6-server-thread1] DEBUG server.RaftServer$Division (RaftServerImpl.java:logAppendEntries(1537)) - s6@group-1E8C3A4F0960: appendEntries* reply s8<-s6#453:OK-t1,SUCCESS,nextIndex=16,followerCommit=13,matchIndex=15
2025-10-10 11:53:27,408 [s5@group-1E8C3A4F0960-StateMachineUpdater] TRACE util.FileUtils (LogUtils.java:supplyAndLog(69)) - Successfully supplied FileChannel.open /home/runner/work/ratis/ratis/ratis-test/target/test/data/319b119c/MiniRaftClusterWithSimulatedRpcdcda50c5/s5/6ef3c6aa-8286-4034-b7df-1e8c3a4f0960/current/raft-meta.conf.tmp with options [CREATE, TRUNCATE_EXISTING, WRITE]: sun.nio.ch.FileChannelImpl@431038a8
2025-10-10 11:53:27,412 [s7-server-thread1] DEBUG server.RaftServer$Division (RaftServerImpl.java:logAppendEntries(1537)) - s7@group-1E8C3A4F0960: appendEntries* reply s8<-s7#444:OK-t1,SUCCESS,nextIndex=14,followerCommit=12,matchIndex=13
2025-10-10 11:53:27,410 [s5-server-thread1] DEBUG server.RaftServer$Division (RaftServerImpl.java:logAppendEntries(1537)) - s5@group-1E8C3A4F0960: appendEntries* reply s8<-s5#455:OK-t1,SUCCESS,nextIndex=16,followerCommit=14,matchIndex=15
2025-10-10 11:53:27,412 [HandlerDaemon-0] DEBUG server.RaftServer$Division (RaftServerImpl.java:logAppendEntries(1537)) - s0@group-1E8C3A4F0960: appendEntries* s8->s0#456-t1,previous=(t:1, i:15),leaderCommit=15,initializing? false,entries: size=1, first=(t:1, i:16), METADATAENTRY(c:15)
2025-10-10 11:53:27,412 [s6@group-1E8C3A4F0960-StateMachineUpdater] TRACE util.FileUtils (LogUtils.java:runAndLog(49)) - Successfully ran Atomic Files.move /home/runner/work/ratis/ratis/ratis-test/target/test/data/319b119c/MiniRaftClusterWithSimulatedRpcdcda50c5/s6/6ef3c6aa-8286-4034-b7df-1e8c3a4f0960/current/raft-meta.conf.tmp to /home/runner/work/ratis/ratis/ratis-test/target/test/data/319b119c/MiniRaftClusterWithSimulatedRpcdcda50c5/s6/6ef3c6aa-8286-4034-b7df-1e8c3a4f0960/current/raft-meta.conf with options [REPLACE_EXISTING]
2025-10-10 11:53:27,412 [s3@group-1E8C3A4F0960-StateMachineUpdater] TRACE util.FileUtils (LogUtils.java:runAndLog(49)) - Successfully ran Atomic Files.move /home/runner/work/ratis/ratis/ratis-test/target/test/data/319b119c/MiniRaftClusterWithSimulatedRpcdcda50c5/s3/6ef3c6aa-8286-4034-b7df-1e8c3a4f0960/current/raft-meta.conf.tmp to /home/runner/work/ratis/ratis/ratis-test/target/test/data/319b119c/MiniRaftClusterWithSimulatedRpcdcda50c5/s3/6ef3c6aa-8286-4034-b7df-1e8c3a4f0960/current/raft-meta.conf with options [REPLACE_EXISTING]
2025-10-10 11:53:27,412 [s6@group-1E8C3A4F0960-StateMachineUpdater] TRACE util.FileUtils (LogUtils.java:supplyAndLog(69)) - Successfully supplied FileChannel.open /home/runner/work/ratis/ratis/ratis-test/target/test/data/319b119c/MiniRaftClusterWithSimulatedRpcdcda50c5/s6/6ef3c6aa-8286-4034-b7df-1e8c3a4f0960/current/raft-meta.conf.tmp with options [CREATE, TRUNCATE_EXISTING, WRITE]: sun.nio.ch.FileChannelImpl@1cd40042
2025-10-10 11:53:27,413 [HandlerDaemon-1] DEBUG server.RaftServer$Division (RaftServerImpl.java:logAppendEntries(1537)) - s6@group-1E8C3A4F0960: appendEntries* s8->s6#458-t1,previous=(t:1, i:15),leaderCommit=15,initializing? false,entries: size=1, first=(t:1, i:16), METADATAENTRY(c:15)
2025-10-10 11:53:27,413 [HandlerDaemon-2] DEBUG server.RaftServer$Division (RaftServerImpl.java:logAppendEntries(1537)) - s1@group-1E8C3A4F0960: appendEntries* s8->s1#457-t1,previous=(t:1, i:15),leaderCommit=15,initializing? false,entries: size=1, first=(t:1, i:16), METADATAENTRY(c:15)
2025-10-10 11:53:27,413 [HandlerDaemon-2] DEBUG server.RaftServer$Division (RaftServerImpl.java:logAppendEntries(1537)) - s2@group-1E8C3A4F0960: appendEntries* s8->s2#459-t1,previous=(t:1, i:15),leaderCommit=15,initializing? false,entries: size=1, first=(t:1, i:16), METADATAENTRY(c:15)
2025-10-10 11:53:27,413 [HandlerDaemon-0] DEBUG server.RaftServer$Division (RaftServerImpl.java:logAppendEntries(1537)) - s4@group-1E8C3A4F0960: appendEntries* s8->s4#460-t1,previous=(t:1, i:15),leaderCommit=15,initializing? false,entries: size=1, first=(t:1, i:16), METADATAENTRY(c:15)
2025-10-10 11:53:27,414 [s2-server-thread1] DEBUG server.RaftServer$Division (RaftServerImpl.java:logAppendEntries(1537)) - s2@group-1E8C3A4F0960: appendEntries* reply s8<-s2#459:OK-t1,SUCCESS,nextIndex=17,followerCommit=15,matchIndex=16
2025-10-10 11:53:27,414 [s2@group-1E8C3A4F0960-StateMachineUpdater] TRACE util.FileUtils (LogUtils.java:supplyAndLog(69)) - Successfully supplied FileChannel.open /home/runner/work/ratis/ratis/ratis-test/target/test/data/319b119c/MiniRaftClusterWithSimulatedRpcdcda50c5/s2/6ef3c6aa-8286-4034-b7df-1e8c3a4f0960/current/raft-meta.conf.tmp with options [CREATE, TRUNCATE_EXISTING, WRITE]: sun.nio.ch.FileChannelImpl@7f59eff6
2025-10-10 11:53:27,412 [s7@group-1E8C3A4F0960-StateMachineUpdater] TRACE util.FileUtils (LogUtils.java:supplyAndLog(69)) - Successfully supplied FileChannel.open /home/runner/work/ratis/ratis/ratis-test/target/test/data/319b119c/MiniRaftClusterWithSimulatedRpcdcda50c5/s7/6ef3c6aa-8286-4034-b7df-1e8c3a4f0960/current/raft-meta.conf.tmp with options [CREATE, TRUNCATE_EXISTING, WRITE]: sun.nio.ch.FileChannelImpl@789b3907
2025-10-10 11:53:27,415 [HandlerDaemon-1] DEBUG server.RaftServer$Division (RaftServerImpl.java:logAppendEntries(1537)) - s3@group-1E8C3A4F0960: appendEntries* s8->s3#461-t1,previous=(t:1, i:15),leaderCommit=15,initializing? false,entries: size=1, first=(t:1, i:16), METADATAENTRY(c:15)
2025-10-10 11:53:27,414 [s4-server-thread1] DEBUG server.RaftServer$Division (RaftServerImpl.java:logAppendEntries(1537)) - s4@group-1E8C3A4F0960: appendEntries* reply s8<-s4#460:OK-t1,SUCCESS,nextIndex=17,followerCommit=15,matchIndex=16
2025-10-10 11:53:27,415 [s8@group-1E8C3A4F0960-StateMachineUpdater] TRACE util.FileUtils (LogUtils.java:runAndLog(49)) - Successfully ran Atomic Files.move /home/runner/work/ratis/ratis/ratis-test/target/test/data/319b119c/MiniRaftClusterWithSimulatedRpcdcda50c5/s8/6ef3c6aa-8286-4034-b7df-1e8c3a4f0960/current/raft-meta.conf.tmp to /home/runner/work/ratis/ratis/ratis-test/target/test/data/319b119c/MiniRaftClusterWithSimulatedRpcdcda50c5/s8/6ef3c6aa-8286-4034-b7df-1e8c3a4f0960/current/raft-meta.conf with options [REPLACE_EXISTING]
2025-10-10 11:53:27,414 [s1-server-thread1] DEBUG server.RaftServer$Division (RaftServerImpl.java:logAppendEntries(1537)) - s1@group-1E8C3A4F0960: appendEntries* reply s8<-s1#457:OK-t1,SUCCESS,nextIndex=17,followerCommit=15,matchIndex=16
2025-10-10 11:53:27,413 [s6@group-1E8C3A4F0960-StateMachineUpdater] TRACE util.FileUtils (LogUtils.java:runAndLog(49)) - Successfully ran Atomic Files.move /home/runner/work/ratis/ratis/ratis-test/target/test/data/319b119c/MiniRaftClusterWithSimulatedRpcdcda50c5/s6/6ef3c6aa-8286-4034-b7df-1e8c3a4f0960/current/raft-meta.conf.tmp to /home/runner/work/ratis/ratis/ratis-test/target/test/data/319b119c/MiniRaftClusterWithSimulatedRpcdcda50c5/s6/6ef3c6aa-8286-4034-b7df-1e8c3a4f0960/current/raft-meta.conf with options [REPLACE_EXISTING]
2025-10-10 11:53:27,415 [s4@group-1E8C3A4F0960-StateMachineUpdater] TRACE util.FileUtils (LogUtils.java:supplyAndLog(69)) - Successfully supplied FileChannel.open /home/runner/work/ratis/ratis/ratis-test/target/test/data/319b119c/MiniRaftClusterWithSimulatedRpcdcda50c5/s4/6ef3c6aa-8286-4034-b7df-1e8c3a4f0960/current/raft-meta.conf.tmp with options [CREATE, TRUNCATE_EXISTING, WRITE]: sun.nio.ch.FileChannelImpl@e6ae368
2025-10-10 11:53:27,415 [s6@group-1E8C3A4F0960-StateMachineUpdater] TRACE util.FileUtils (LogUtils.java:supplyAndLog(69)) - Successfully supplied FileChannel.open /home/runner/work/ratis/ratis/ratis-test/target/test/data/319b119c/MiniRaftClusterWithSimulatedRpcdcda50c5/s6/6ef3c6aa-8286-4034-b7df-1e8c3a4f0960/current/raft-meta.conf.tmp with options [CREATE, TRUNCATE_EXISTING, WRITE]: sun.nio.ch.FileChannelImpl@7f516fac
2025-10-10 11:53:27,416 [HandlerDaemon-0] DEBUG server.RaftServer$Division (RaftServerImpl.java:logAppendEntries(1537)) - s7@group-1E8C3A4F0960: appendEntries* s8->s7#462-t1,previous=(t:1, i:13),leaderCommit=15,initializing? false,entries: size=3, first=(t:1, i:14), METADATAENTRY(c:13)
2025-10-10 11:53:27,416 [HandlerDaemon-0] INFO  server.RaftServer$Division (ServerState.java:setRaftConf(392)) - s7@group-1E8C3A4F0960: set configuration conf: {index: 15, cur=peers:[s3|, s4|, s5|, s6|, s7|, s8|, s0|, s1|, s2|]|listeners:[], old=null}
2025-10-10 11:53:27,416 [s6@group-1E8C3A4F0960-StateMachineUpdater] TRACE util.FileUtils (LogUtils.java:runAndLog(49)) - Successfully ran Atomic Files.move /home/runner/work/ratis/ratis/ratis-test/target/test/data/319b119c/MiniRaftClusterWithSimulatedRpcdcda50c5/s6/6ef3c6aa-8286-4034-b7df-1e8c3a4f0960/current/raft-meta.conf.tmp to /home/runner/work/ratis/ratis/ratis-test/target/test/data/319b119c/MiniRaftClusterWithSimulatedRpcdcda50c5/s6/6ef3c6aa-8286-4034-b7df-1e8c3a4f0960/current/raft-meta.conf with options [REPLACE_EXISTING]
2025-10-10 11:53:27,416 [s6@group-1E8C3A4F0960-StateMachineUpdater] TRACE util.FileUtils (LogUtils.java:supplyAndLog(69)) - Successfully supplied FileChannel.open /home/runner/work/ratis/ratis/ratis-test/target/test/data/319b119c/MiniRaftClusterWithSimulatedRpcdcda50c5/s6/6ef3c6aa-8286-4034-b7df-1e8c3a4f0960/current/raft-meta.conf.tmp with options [CREATE, TRUNCATE_EXISTING, WRITE]: sun.nio.ch.FileChannelImpl@4d1c16d3
2025-10-10 11:53:27,416 [s7@group-1E8C3A4F0960-StateMachineUpdater] TRACE util.FileUtils (LogUtils.java:runAndLog(49)) - Successfully ran Atomic Files.move /home/runner/work/ratis/ratis/ratis-test/target/test/data/319b119c/MiniRaftClusterWithSimulatedRpcdcda50c5/s7/6ef3c6aa-8286-4034-b7df-1e8c3a4f0960/current/raft-meta.conf.tmp to /home/runner/work/ratis/ratis/ratis-test/target/test/data/319b119c/MiniRaftClusterWithSimulatedRpcdcda50c5/s7/6ef3c6aa-8286-4034-b7df-1e8c3a4f0960/current/raft-meta.conf with options [REPLACE_EXISTING]
2025-10-10 11:53:27,417 [s7@group-1E8C3A4F0960-StateMachineUpdater] TRACE util.FileUtils (LogUtils.java:supplyAndLog(69)) - Successfully supplied FileChannel.open /home/runner/work/ratis/ratis/ratis-test/target/test/data/319b119c/MiniRaftClusterWithSimulatedRpcdcda50c5/s7/6ef3c6aa-8286-4034-b7df-1e8c3a4f0960/current/raft-meta.conf.tmp with options [CREATE, TRUNCATE_EXISTING, WRITE]: sun.nio.ch.FileChannelImpl@72b59e39
2025-10-10 11:53:27,417 [s3-server-thread2] DEBUG server.RaftServer$Division (RaftServerImpl.java:logAppendEntries(1537)) - s3@group-1E8C3A4F0960: appendEntries* reply s8<-s3#461:OK-t1,SUCCESS,nextIndex=17,followerCommit=15,matchIndex=16
2025-10-10 11:53:27,413 [s6-server-thread1] DEBUG server.RaftServer$Division (RaftServerImpl.java:logAppendEntries(1537)) - s6@group-1E8C3A4F0960: appendEntries* reply s8<-s6#458:OK-t1,SUCCESS,nextIndex=17,followerCommit=15,matchIndex=16
2025-10-10 11:53:27,417 [s2@group-1E8C3A4F0960-StateMachineUpdater] TRACE util.FileUtils (LogUtils.java:runAndLog(49)) - Successfully ran Atomic Files.move /home/runner/work/ratis/ratis/ratis-test/target/test/data/319b119c/MiniRaftClusterWithSimulatedRpcdcda50c5/s2/6ef3c6aa-8286-4034-b7df-1e8c3a4f0960/current/raft-meta.conf.tmp to /home/runner/work/ratis/ratis/ratis-test/target/test/data/319b119c/MiniRaftClusterWithSimulatedRpcdcda50c5/s2/6ef3c6aa-8286-4034-b7df-1e8c3a4f0960/current/raft-meta.conf with options [REPLACE_EXISTING]
2025-10-10 11:53:27,417 [s0-server-thread1] DEBUG server.RaftServer$Division (RaftServerImpl.java:logAppendEntries(1537)) - s0@group-1E8C3A4F0960: appendEntries* reply s8<-s0#456:OK-t1,SUCCESS,nextIndex=17,followerCommit=15,matchIndex=16
2025-10-10 11:53:27,418 [s4@group-1E8C3A4F0960-StateMachineUpdater] TRACE util.FileUtils (LogUtils.java:runAndLog(49)) - Successfully ran Atomic Files.move /home/runner/work/ratis/ratis/ratis-test/target/test/data/319b119c/MiniRaftClusterWithSimulatedRpcdcda50c5/s4/6ef3c6aa-8286-4034-b7df-1e8c3a4f0960/current/raft-meta.conf.tmp to /home/runner/work/ratis/ratis/ratis-test/target/test/data/319b119c/MiniRaftClusterWithSimulatedRpcdcda50c5/s4/6ef3c6aa-8286-4034-b7df-1e8c3a4f0960/current/raft-meta.conf with options [REPLACE_EXISTING]
2025-10-10 11:53:27,418 [s0@group-1E8C3A4F0960-StateMachineUpdater] TRACE util.FileUtils (LogUtils.java:supplyAndLog(69)) - Successfully supplied FileChannel.open /home/runner/work/ratis/ratis/ratis-test/target/test/data/319b119c/MiniRaftClusterWithSimulatedRpcdcda50c5/s0/6ef3c6aa-8286-4034-b7df-1e8c3a4f0960/current/raft-meta.conf.tmp with options [CREATE, TRUNCATE_EXISTING, WRITE]: sun.nio.ch.FileChannelImpl@67134234
2025-10-10 11:53:27,413 [s5@group-1E8C3A4F0960-StateMachineUpdater] TRACE util.FileUtils (LogUtils.java:runAndLog(49)) - Successfully ran Atomic Files.move /home/runner/work/ratis/ratis/ratis-test/target/test/data/319b119c/MiniRaftClusterWithSimulatedRpcdcda50c5/s5/6ef3c6aa-8286-4034-b7df-1e8c3a4f0960/current/raft-meta.conf.tmp to /home/runner/work/ratis/ratis/ratis-test/target/test/data/319b119c/MiniRaftClusterWithSimulatedRpcdcda50c5/s5/6ef3c6aa-8286-4034-b7df-1e8c3a4f0960/current/raft-meta.conf with options [REPLACE_EXISTING]
2025-10-10 11:53:27,419 [s7@group-1E8C3A4F0960-StateMachineUpdater] TRACE util.FileUtils (LogUtils.java:runAndLog(49)) - Successfully ran Atomic Files.move /home/runner/work/ratis/ratis/ratis-test/target/test/data/319b119c/MiniRaftClusterWithSimulatedRpcdcda50c5/s7/6ef3c6aa-8286-4034-b7df-1e8c3a4f0960/current/raft-meta.conf.tmp to /home/runner/work/ratis/ratis/ratis-test/target/test/data/319b119c/MiniRaftClusterWithSimulatedRpcdcda50c5/s7/6ef3c6aa-8286-4034-b7df-1e8c3a4f0960/current/raft-meta.conf with options [REPLACE_EXISTING]
2025-10-10 11:53:27,419 [s7@group-1E8C3A4F0960-StateMachineUpdater] TRACE util.FileUtils (LogUtils.java:supplyAndLog(69)) - Successfully supplied FileChannel.open /home/runner/work/ratis/ratis/ratis-test/target/test/data/319b119c/MiniRaftClusterWithSimulatedRpcdcda50c5/s7/6ef3c6aa-8286-4034-b7df-1e8c3a4f0960/current/raft-meta.conf.tmp with options [CREATE, TRUNCATE_EXISTING, WRITE]: sun.nio.ch.FileChannelImpl@78e70e
2025-10-10 11:53:27,417 [s6@group-1E8C3A4F0960-StateMachineUpdater] TRACE util.FileUtils (LogUtils.java:runAndLog(49)) - Successfully ran Atomic Files.move /home/runner/work/ratis/ratis/ratis-test/target/test/data/319b119c/MiniRaftClusterWithSimulatedRpcdcda50c5/s6/6ef3c6aa-8286-4034-b7df-1e8c3a4f0960/current/raft-meta.conf.tmp to /home/runner/work/ratis/ratis/ratis-test/target/test/data/319b119c/MiniRaftClusterWithSimulatedRpcdcda50c5/s6/6ef3c6aa-8286-4034-b7df-1e8c3a4f0960/current/raft-meta.conf with options [REPLACE_EXISTING]
2025-10-10 11:53:27,420 [s6@group-1E8C3A4F0960-StateMachineUpdater] TRACE util.FileUtils (LogUtils.java:supplyAndLog(69)) - Successfully supplied FileChannel.open /home/runner/work/ratis/ratis/ratis-test/target/test/data/319b119c/MiniRaftClusterWithSimulatedRpcdcda50c5/s6/6ef3c6aa-8286-4034-b7df-1e8c3a4f0960/current/raft-meta.conf.tmp with options [CREATE, TRUNCATE_EXISTING, WRITE]: sun.nio.ch.FileChannelImpl@2ce7f5d5
2025-10-10 11:53:27,417 [s3@group-1E8C3A4F0960-StateMachineUpdater] TRACE util.FileUtils (LogUtils.java:supplyAndLog(69)) - Successfully supplied FileChannel.open /home/runner/work/ratis/ratis/ratis-test/target/test/data/319b119c/MiniRaftClusterWithSimulatedRpcdcda50c5/s3/6ef3c6aa-8286-4034-b7df-1e8c3a4f0960/current/raft-meta.conf.tmp with options [CREATE, TRUNCATE_EXISTING, WRITE]: sun.nio.ch.FileChannelImpl@60ba6dd8
2025-10-10 11:53:27,416 [HandlerDaemon-2] DEBUG server.RaftServer$Division (RaftServerImpl.java:logAppendEntries(1537)) - s5@group-1E8C3A4F0960: appendEntries* s8->s5#463-t1,previous=(t:1, i:15),leaderCommit=15,initializing? false,entries: size=1, first=(t:1, i:16), METADATAENTRY(c:15)
2025-10-10 11:53:27,420 [s7-server-thread1] DEBUG server.RaftServer$Division (RaftServerImpl.java:logAppendEntries(1537)) - s7@group-1E8C3A4F0960: appendEntries* reply s8<-s7#462:OK-t1,SUCCESS,nextIndex=17,followerCommit=15,matchIndex=16
2025-10-10 11:53:27,415 [s1@group-1E8C3A4F0960-StateMachineUpdater] TRACE util.FileUtils (LogUtils.java:supplyAndLog(69)) - Successfully supplied FileChannel.open /home/runner/work/ratis/ratis/ratis-test/target/test/data/319b119c/MiniRaftClusterWithSimulatedRpcdcda50c5/s1/6ef3c6aa-8286-4034-b7df-1e8c3a4f0960/current/raft-meta.conf.tmp with options [CREATE, TRUNCATE_EXISTING, WRITE]: sun.nio.ch.FileChannelImpl@6696c363
2025-10-10 11:53:27,415 [main] DEBUG client.RaftClient (RaftClientImpl.java:add(146)) - client-41A49BC7519F: add replied callId 425
2025-10-10 11:53:27,421 [s0@group-1E8C3A4F0960-StateMachineUpdater] TRACE util.FileUtils (LogUtils.java:runAndLog(49)) - Successfully ran Atomic Files.move /home/runner/work/ratis/ratis/ratis-test/target/test/data/319b119c/MiniRaftClusterWithSimulatedRpcdcda50c5/s0/6ef3c6aa-8286-4034-b7df-1e8c3a4f0960/current/raft-meta.conf.tmp to /home/runner/work/ratis/ratis/ratis-test/target/test/data/319b119c/MiniRaftClusterWithSimulatedRpcdcda50c5/s0/6ef3c6aa-8286-4034-b7df-1e8c3a4f0960/current/raft-meta.conf with options [REPLACE_EXISTING]
2025-10-10 11:53:27,421 [s5@group-1E8C3A4F0960-StateMachineUpdater] TRACE util.FileUtils (LogUtils.java:supplyAndLog(69)) - Successfully supplied FileChannel.open /home/runner/work/ratis/ratis/ratis-test/target/test/data/319b119c/MiniRaftClusterWithSimulatedRpcdcda50c5/s5/6ef3c6aa-8286-4034-b7df-1e8c3a4f0960/current/raft-meta.conf.tmp with options [CREATE, TRUNCATE_EXISTING, WRITE]: sun.nio.ch.FileChannelImpl@2071ff1c
2025-10-10 11:53:27,422 [s3@group-1E8C3A4F0960-StateMachineUpdater] TRACE util.FileUtils (LogUtils.java:runAndLog(49)) - Successfully ran Atomic Files.move /home/runner/work/ratis/ratis/ratis-test/target/test/data/319b119c/MiniRaftClusterWithSimulatedRpcdcda50c5/s3/6ef3c6aa-8286-4034-b7df-1e8c3a4f0960/current/raft-meta.conf.tmp to /home/runner/work/ratis/ratis/ratis-test/target/test/data/319b119c/MiniRaftClusterWithSimulatedRpcdcda50c5/s3/6ef3c6aa-8286-4034-b7df-1e8c3a4f0960/current/raft-meta.conf with options [REPLACE_EXISTING]
2025-10-10 11:53:27,422 [s6@group-1E8C3A4F0960-StateMachineUpdater] TRACE util.FileUtils (LogUtils.java:runAndLog(49)) - Successfully ran Atomic Files.move /home/runner/work/ratis/ratis/ratis-test/target/test/data/319b119c/MiniRaftClusterWithSimulatedRpcdcda50c5/s6/6ef3c6aa-8286-4034-b7df-1e8c3a4f0960/current/raft-meta.conf.tmp to /home/runner/work/ratis/ratis/ratis-test/target/test/data/319b119c/MiniRaftClusterWithSimulatedRpcdcda50c5/s6/6ef3c6aa-8286-4034-b7df-1e8c3a4f0960/current/raft-meta.conf with options [REPLACE_EXISTING]
2025-10-10 11:53:27,422 [s5-server-thread2] DEBUG server.RaftServer$Division (RaftServerImpl.java:logAppendEntries(1537)) - s5@group-1E8C3A4F0960: appendEntries* reply s8<-s5#463:OK-t1,SUCCESS,nextIndex=17,followerCommit=15,matchIndex=16
2025-10-10 11:53:27,422 [s1@group-1E8C3A4F0960-StateMachineUpdater] TRACE util.FileUtils (LogUtils.java:runAndLog(49)) - Successfully ran Atomic Files.move /home/runner/work/ratis/ratis/ratis-test/target/test/data/319b119c/MiniRaftClusterWithSimulatedRpcdcda50c5/s1/6ef3c6aa-8286-4034-b7df-1e8c3a4f0960/current/raft-meta.conf.tmp to /home/runner/work/ratis/ratis/ratis-test/target/test/data/319b119c/MiniRaftClusterWithSimulatedRpcdcda50c5/s1/6ef3c6aa-8286-4034-b7df-1e8c3a4f0960/current/raft-meta.conf with options [REPLACE_EXISTING]
2025-10-10 11:53:27,422 [s7@group-1E8C3A4F0960-StateMachineUpdater] TRACE util.FileUtils (LogUtils.java:runAndLog(49)) - Successfully ran Atomic Files.move /home/runner/work/ratis/ratis/ratis-test/target/test/data/319b119c/MiniRaftClusterWithSimulatedRpcdcda50c5/s7/6ef3c6aa-8286-4034-b7df-1e8c3a4f0960/current/raft-meta.conf.tmp to /home/runner/work/ratis/ratis/ratis-test/target/test/data/319b119c/MiniRaftClusterWithSimulatedRpcdcda50c5/s7/6ef3c6aa-8286-4034-b7df-1e8c3a4f0960/current/raft-meta.conf with options [REPLACE_EXISTING]
2025-10-10 11:53:27,422 [s7@group-1E8C3A4F0960-StateMachineUpdater] TRACE util.FileUtils (LogUtils.java:supplyAndLog(69)) - Successfully supplied FileChannel.open /home/runner/work/ratis/ratis/ratis-test/target/test/data/319b119c/MiniRaftClusterWithSimulatedRpcdcda50c5/s7/6ef3c6aa-8286-4034-b7df-1e8c3a4f0960/current/raft-meta.conf.tmp with options [CREATE, TRUNCATE_EXISTING, WRITE]: sun.nio.ch.FileChannelImpl@2393e1c5
2025-10-10 11:53:27,422 [main] DEBUG client.RaftClient (RaftClientImpl.java:close(465)) - close client-41A49BC7519F
2025-10-10 11:53:27,423 [s5@group-1E8C3A4F0960-StateMachineUpdater] TRACE util.FileUtils (LogUtils.java:runAndLog(49)) - Successfully ran Atomic Files.move /home/runner/work/ratis/ratis/ratis-test/target/test/data/319b119c/MiniRaftClusterWithSimulatedRpcdcda50c5/s5/6ef3c6aa-8286-4034-b7df-1e8c3a4f0960/current/raft-meta.conf.tmp to /home/runner/work/ratis/ratis/ratis-test/target/test/data/319b119c/MiniRaftClusterWithSimulatedRpcdcda50c5/s5/6ef3c6aa-8286-4034-b7df-1e8c3a4f0960/current/raft-meta.conf with options [REPLACE_EXISTING]
2025-10-10 11:53:27,423 [s7@group-1E8C3A4F0960-StateMachineUpdater] TRACE util.FileUtils (LogUtils.java:runAndLog(49)) - Successfully ran Atomic Files.move /home/runner/work/ratis/ratis/ratis-test/target/test/data/319b119c/MiniRaftClusterWithSimulatedRpcdcda50c5/s7/6ef3c6aa-8286-4034-b7df-1e8c3a4f0960/current/raft-meta.conf.tmp to /home/runner/work/ratis/ratis/ratis-test/target/test/data/319b119c/MiniRaftClusterWithSimulatedRpcdcda50c5/s7/6ef3c6aa-8286-4034-b7df-1e8c3a4f0960/current/raft-meta.conf with options [REPLACE_EXISTING]
2025-10-10 11:53:27,423 [s5@group-1E8C3A4F0960-StateMachineUpdater] TRACE util.FileUtils (LogUtils.java:supplyAndLog(69)) - Successfully supplied FileChannel.open /home/runner/work/ratis/ratis/ratis-test/target/test/data/319b119c/MiniRaftClusterWithSimulatedRpcdcda50c5/s5/6ef3c6aa-8286-4034-b7df-1e8c3a4f0960/current/raft-meta.conf.tmp with options [CREATE, TRUNCATE_EXISTING, WRITE]: sun.nio.ch.FileChannelImpl@1207f2c5
2025-10-10 11:53:27,423 [s7@group-1E8C3A4F0960-StateMachineUpdater] TRACE util.FileUtils (LogUtils.java:supplyAndLog(69)) - Successfully supplied FileChannel.open /home/runner/work/ratis/ratis/ratis-test/target/test/data/319b119c/MiniRaftClusterWithSimulatedRpcdcda50c5/s7/6ef3c6aa-8286-4034-b7df-1e8c3a4f0960/current/raft-meta.conf.tmp with options [CREATE, TRUNCATE_EXISTING, WRITE]: sun.nio.ch.FileChannelImpl@2e1a7b1
2025-10-10 11:53:27,424 [main] INFO  ratis.RaftTestUtil (RaftTestUtil.java:waitForLeader(107)) - printing ALL groups
  s3:  RUNNING [
   FOLLOWER (STARTING): s3@group-B596E5D396F8:t0, leader=null, voted=, raftlog=Memoized:s3@group-B596E5D396F8-SegmentedRaftLog:OPENED:c-1:lastnull, conf=conf: {index: -1, cur=peers:[]|listeners:[], old=null}
   FOLLOWER (RUNNING): s3@group-1E8C3A4F0960:t1, leader=s8, voted=null, raftlog=Memoized:s3@group-1E8C3A4F0960-SegmentedRaftLog:OPENED:c15:last(t:1, i:16), conf=conf: {index: 15, cur=peers:[s3|, s4|, s5|, s6|, s7|, s8|, s0|, s1|, s2|]|listeners:[], old=null}] size=2
  s4:  RUNNING [
   FOLLOWER (STARTING): s4@group-B596E5D396F8:t0, leader=null, voted=, raftlog=Memoized:s4@group-B596E5D396F8-SegmentedRaftLog:OPENED:c-1:lastnull, conf=conf: {index: -1, cur=peers:[]|listeners:[], old=null}
   FOLLOWER (RUNNING): s4@group-1E8C3A4F0960:t1, leader=s8, voted=null, raftlog=Memoized:s4@group-1E8C3A4F0960-SegmentedRaftLog:OPENED:c15:last(t:1, i:16), conf=conf: {index: 15, cur=peers:[s3|, s4|, s5|, s6|, s7|, s8|, s0|, s1|, s2|]|listeners:[], old=null}] size=2
  s5:  RUNNING [
   FOLLOWER (STARTING): s5@group-B596E5D396F8:t0, leader=null, voted=, raftlog=Memoized:s5@group-B596E5D396F8-SegmentedRaftLog:OPENED:c-1:lastnull, conf=conf: {index: -1, cur=peers:[]|listeners:[], old=null}
   FOLLOWER (RUNNING): s5@group-1E8C3A4F0960:t1, leader=s8, voted=null, raftlog=Memoized:s5@group-1E8C3A4F0960-SegmentedRaftLog:OPENED:c15:last(t:1, i:16), conf=conf: {index: 15, cur=peers:[s3|, s4|, s5|, s6|, s7|, s8|, s0|, s1|, s2|]|listeners:[], old=null}] size=2
  s6:  RUNNING [
   FOLLOWER (STARTING): s6@group-B596E5D396F8:t0, leader=null, voted=, raftlog=Memoized:s6@group-B596E5D396F8-SegmentedRaftLog:OPENED:c-1:lastnull, conf=conf: {index: -1, cur=peers:[]|listeners:[], old=null}
   FOLLOWER (RUNNING): s6@group-1E8C3A4F0960:t1, leader=s8, voted=null, raftlog=Memoized:s6@group-1E8C3A4F0960-SegmentedRaftLog:OPENED:c15:last(t:1, i:16), conf=conf: {index: 15, cur=peers:[s3|, s4|, s5|, s6|, s7|, s8|, s0|, s1|, s2|]|listeners:[], old=null}] size=2
  s7:  RUNNING [
   FOLLOWER (STARTING): s7@group-B596E5D396F8:t0, leader=null, voted=, raftlog=Memoized:s7@group-B596E5D396F8-SegmentedRaftLog:OPENED:c-1:lastnull, conf=conf: {index: -1, cur=peers:[]|listeners:[], old=null}
   FOLLOWER (RUNNING): s7@group-1E8C3A4F0960:t1, leader=s8, voted=null, raftlog=Memoized:s7@group-1E8C3A4F0960-SegmentedRaftLog:OPENED:c15:last(t:1, i:16), conf=conf: {index: 15, cur=peers:[s3|, s4|, s5|, s6|, s7|, s8|, s0|, s1|, s2|]|listeners:[], old=null}] size=2
  s8:  RUNNING [
   FOLLOWER (STARTING): s8@group-B596E5D396F8:t0, leader=null, voted=, raftlog=Memoized:s8@group-B596E5D396F8-SegmentedRaftLog:OPENED:c-1:lastnull, conf=conf: {index: -1, cur=peers:[]|listeners:[], old=null}
     LEADER (RUNNING): s8@group-1E8C3A4F0960:t1, leader=s8, voted=s8, raftlog=Memoized:s8@group-1E8C3A4F0960-SegmentedRaftLog:OPENED:c16:last(t:1, i:16), conf=conf: {index: 15, cur=peers:[s3, s4, s5, s6, s7, s8, s0, s1, s2]|listeners:[], old=null}] size=2
  s0:  RUNNING [
   FOLLOWER (STARTING): s0@group-B596E5D396F8:t0, leader=null, voted=, raftlog=Memoized:s0@group-B596E5D396F8-SegmentedRaftLog:OPENED:c-1:lastnull, conf=conf: {index: -1, cur=peers:[]|listeners:[], old=null}
   FOLLOWER (RUNNING): s0@group-1E8C3A4F0960:t1, leader=s8, voted=null, raftlog=Memoized:s0@group-1E8C3A4F0960-SegmentedRaftLog:OPENED:c15:last(t:1, i:16), conf=conf: {index: 15, cur=peers:[s3|, s4|, s5|, s6|, s7|, s8|, s0|, s1|, s2|]|listeners:[], old=null}] size=2
  s1:  RUNNING [
   FOLLOWER (STARTING): s1@group-B596E5D396F8:t0, leader=null, voted=, raftlog=Memoized:s1@group-B596E5D396F8-SegmentedRaftLog:OPENED:c-1:lastnull, conf=conf: {index: -1, cur=peers:[]|listeners:[], old=null}
   FOLLOWER (RUNNING): s1@group-1E8C3A4F0960:t1, leader=s8, voted=null, raftlog=Memoized:s1@group-1E8C3A4F0960-SegmentedRaftLog:OPENED:c15:last(t:1, i:16), conf=conf: {index: 15, cur=peers:[s3|, s4|, s5|, s6|, s7|, s8|, s0|, s1|, s2|]|listeners:[], old=null}] size=2
  s2:  RUNNING [
   FOLLOWER (STARTING): s2@group-B596E5D396F8:t0, leader=null, voted=, raftlog=Memoized:s2@group-B596E5D396F8-SegmentedRaftLog:OPENED:c-1:lastnull, conf=conf: {index: -1, cur=peers:[]|listeners:[], old=null}
   FOLLOWER (RUNNING): s2@group-1E8C3A4F0960:t1, leader=s8, voted=null, raftlog=Memoized:s2@group-1E8C3A4F0960-SegmentedRaftLog:OPENED:c15:last(t:1, i:16), conf=conf: {index: 15, cur=peers:[s3|, s4|, s5|, s6|, s7|, s8|, s0|, s1|, s2|]|listeners:[], old=null}] size=2
2025-10-10 11:53:27,424 [main] INFO  ratis.RaftTestUtil (RaftTestUtil.java:waitForLeader(131)) - printing ALL groups
  s3:  RUNNING [
   FOLLOWER (STARTING): s3@group-B596E5D396F8:t0, leader=null, voted=, raftlog=Memoized:s3@group-B596E5D396F8-SegmentedRaftLog:OPENED:c-1:lastnull, conf=conf: {index: -1, cur=peers:[]|listeners:[], old=null}
   FOLLOWER (RUNNING): s3@group-1E8C3A4F0960:t1, leader=s8, voted=null, raftlog=Memoized:s3@group-1E8C3A4F0960-SegmentedRaftLog:OPENED:c15:last(t:1, i:16), conf=conf: {index: 15, cur=peers:[s3|, s4|, s5|, s6|, s7|, s8|, s0|, s1|, s2|]|listeners:[], old=null}] size=2
  s4:  RUNNING [
   FOLLOWER (STARTING): s4@group-B596E5D396F8:t0, leader=null, voted=, raftlog=Memoized:s4@group-B596E5D396F8-SegmentedRaftLog:OPENED:c-1:lastnull, conf=conf: {index: -1, cur=peers:[]|listeners:[], old=null}
   FOLLOWER (RUNNING): s4@group-1E8C3A4F0960:t1, leader=s8, voted=null, raftlog=Memoized:s4@group-1E8C3A4F0960-SegmentedRaftLog:OPENED:c15:last(t:1, i:16), conf=conf: {index: 15, cur=peers:[s3|, s4|, s5|, s6|, s7|, s8|, s0|, s1|, s2|]|listeners:[], old=null}] size=2
  s5:  RUNNING [
   FOLLOWER (STARTING): s5@group-B596E5D396F8:t0, leader=null, voted=, raftlog=Memoized:s5@group-B596E5D396F8-SegmentedRaftLog:OPENED:c-1:lastnull, conf=conf: {index: -1, cur=peers:[]|listeners:[], old=null}
   FOLLOWER (RUNNING): s5@group-1E8C3A4F0960:t1, leader=s8, voted=null, raftlog=Memoized:s5@group-1E8C3A4F0960-SegmentedRaftLog:OPENED:c15:last(t:1, i:16), conf=conf: {index: 15, cur=peers:[s3|, s4|, s5|, s6|, s7|, s8|, s0|, s1|, s2|]|listeners:[], old=null}] size=2
  s6:  RUNNING [
   FOLLOWER (STARTING): s6@group-B596E5D396F8:t0, leader=null, voted=, raftlog=Memoized:s6@group-B596E5D396F8-SegmentedRaftLog:OPENED:c-1:lastnull, conf=conf: {index: -1, cur=peers:[]|listeners:[], old=null}
   FOLLOWER (RUNNING): s6@group-1E8C3A4F0960:t1, leader=s8, voted=null, raftlog=Memoized:s6@group-1E8C3A4F0960-SegmentedRaftLog:OPENED:c15:last(t:1, i:16), conf=conf: {index: 15, cur=peers:[s3|, s4|, s5|, s6|, s7|, s8|, s0|, s1|, s2|]|listeners:[], old=null}] size=2
  s7:  RUNNING [
   FOLLOWER (STARTING): s7@group-B596E5D396F8:t0, leader=null, voted=, raftlog=Memoized:s7@group-B596E5D396F8-SegmentedRaftLog:OPENED:c-1:lastnull, conf=conf: {index: -1, cur=peers:[]|listeners:[], old=null}
   FOLLOWER (RUNNING): s7@group-1E8C3A4F0960:t1, leader=s8, voted=null, raftlog=Memoized:s7@group-1E8C3A4F0960-SegmentedRaftLog:OPENED:c15:last(t:1, i:16), conf=conf: {index: 15, cur=peers:[s3|, s4|, s5|, s6|, s7|, s8|, s0|, s1|, s2|]|listeners:[], old=null}] size=2
  s8:  RUNNING [
   FOLLOWER (STARTING): s8@group-B596E5D396F8:t0, leader=null, voted=, raftlog=Memoized:s8@group-B596E5D396F8-SegmentedRaftLog:OPENED:c-1:lastnull, conf=conf: {index: -1, cur=peers:[]|listeners:[], old=null}
     LEADER (RUNNING): s8@group-1E8C3A4F0960:t1, leader=s8, voted=s8, raftlog=Memoized:s8@group-1E8C3A4F0960-SegmentedRaftLog:OPENED:c16:last(t:1, i:16), conf=conf: {index: 15, cur=peers:[s3, s4, s5, s6, s7, s8, s0, s1, s2]|listeners:[], old=null}] size=2
  s0:  RUNNING [
   FOLLOWER (STARTING): s0@group-B596E5D396F8:t0, leader=null, voted=, raftlog=Memoized:s0@group-B596E5D396F8-SegmentedRaftLog:OPENED:c-1:lastnull, conf=conf: {index: -1, cur=peers:[]|listeners:[], old=null}
   FOLLOWER (RUNNING): s0@group-1E8C3A4F0960:t1, leader=s8, voted=null, raftlog=Memoized:s0@group-1E8C3A4F0960-SegmentedRaftLog:OPENED:c15:last(t:1, i:16), conf=conf: {index: 15, cur=peers:[s3|, s4|, s5|, s6|, s7|, s8|, s0|, s1|, s2|]|listeners:[], old=null}] size=2
  s1:  RUNNING [
   FOLLOWER (STARTING): s1@group-B596E5D396F8:t0, leader=null, voted=, raftlog=Memoized:s1@group-B596E5D396F8-SegmentedRaftLog:OPENED:c-1:lastnull, conf=conf: {index: -1, cur=peers:[]|listeners:[], old=null}
   FOLLOWER (RUNNING): s1@group-1E8C3A4F0960:t1, leader=s8, voted=null, raftlog=Memoized:s1@group-1E8C3A4F0960-SegmentedRaftLog:OPENED:c15:last(t:1, i:16), conf=conf: {index: 15, cur=peers:[s3|, s4|, s5|, s6|, s7|, s8|, s0|, s1|, s2|]|listeners:[], old=null}] size=2
  s2:  RUNNING [
   FOLLOWER (STARTING): s2@group-B596E5D396F8:t0, leader=null, voted=, raftlog=Memoized:s2@group-B596E5D396F8-SegmentedRaftLog:OPENED:c-1:lastnull, conf=conf: {index: -1, cur=peers:[]|listeners:[], old=null}
   FOLLOWER (RUNNING): s2@group-1E8C3A4F0960:t1, leader=s8, voted=null, raftlog=Memoized:s2@group-1E8C3A4F0960-SegmentedRaftLog:OPENED:c15:last(t:1, i:16), conf=conf: {index: 15, cur=peers:[s3|, s4|, s5|, s6|, s7|, s8|, s0|, s1|, s2|]|listeners:[], old=null}] size=2
2025-10-10 11:53:27,425 [main] INFO  impl.GroupManagementBaseTest (GroupManagementBaseTest.java:runMultiGroupTest(340)) - update groups: printing ALL groups
  s3:  RUNNING [
   FOLLOWER (STARTING): s3@group-B596E5D396F8:t0, leader=null, voted=, raftlog=Memoized:s3@group-B596E5D396F8-SegmentedRaftLog:OPENED:c-1:lastnull, conf=conf: {index: -1, cur=peers:[]|listeners:[], old=null}
   FOLLOWER (RUNNING): s3@group-1E8C3A4F0960:t1, leader=s8, voted=null, raftlog=Memoized:s3@group-1E8C3A4F0960-SegmentedRaftLog:OPENED:c15:last(t:1, i:16), conf=conf: {index: 15, cur=peers:[s3|, s4|, s5|, s6|, s7|, s8|, s0|, s1|, s2|]|listeners:[], old=null}] size=2
  s4:  RUNNING [
   FOLLOWER (STARTING): s4@group-B596E5D396F8:t0, leader=null, voted=, raftlog=Memoized:s4@group-B596E5D396F8-SegmentedRaftLog:OPENED:c-1:lastnull, conf=conf: {index: -1, cur=peers:[]|listeners:[], old=null}
   FOLLOWER (RUNNING): s4@group-1E8C3A4F0960:t1, leader=s8, voted=null, raftlog=Memoized:s4@group-1E8C3A4F0960-SegmentedRaftLog:OPENED:c15:last(t:1, i:16), conf=conf: {index: 15, cur=peers:[s3|, s4|, s5|, s6|, s7|, s8|, s0|, s1|, s2|]|listeners:[], old=null}] size=2
  s5:  RUNNING [
   FOLLOWER (STARTING): s5@group-B596E5D396F8:t0, leader=null, voted=, raftlog=Memoized:s5@group-B596E5D396F8-SegmentedRaftLog:OPENED:c-1:lastnull, conf=conf: {index: -1, cur=peers:[]|listeners:[], old=null}
   FOLLOWER (RUNNING): s5@group-1E8C3A4F0960:t1, leader=s8, voted=null, raftlog=Memoized:s5@group-1E8C3A4F0960-SegmentedRaftLog:OPENED:c15:last(t:1, i:16), conf=conf: {index: 15, cur=peers:[s3|, s4|, s5|, s6|, s7|, s8|, s0|, s1|, s2|]|listeners:[], old=null}] size=2
  s6:  RUNNING [
   FOLLOWER (STARTING): s6@group-B596E5D396F8:t0, leader=null, voted=, raftlog=Memoized:s6@group-B596E5D396F8-SegmentedRaftLog:OPENED:c-1:lastnull, conf=conf: {index: -1, cur=peers:[]|listeners:[], old=null}
   FOLLOWER (RUNNING): s6@group-1E8C3A4F0960:t1, leader=s8, voted=null, raftlog=Memoized:s6@group-1E8C3A4F0960-SegmentedRaftLog:OPENED:c15:last(t:1, i:16), conf=conf: {index: 15, cur=peers:[s3|, s4|, s5|, s6|, s7|, s8|, s0|, s1|, s2|]|listeners:[], old=null}] size=2
  s7:  RUNNING [
   FOLLOWER (STARTING): s7@group-B596E5D396F8:t0, leader=null, voted=, raftlog=Memoized:s7@group-B596E5D396F8-SegmentedRaftLog:OPENED:c-1:lastnull, conf=conf: {index: -1, cur=peers:[]|listeners:[], old=null}
   FOLLOWER (RUNNING): s7@group-1E8C3A4F0960:t1, leader=s8, voted=null, raftlog=Memoized:s7@group-1E8C3A4F0960-SegmentedRaftLog:OPENED:c15:last(t:1, i:16), conf=conf: {index: 15, cur=peers:[s3|, s4|, s5|, s6|, s7|, s8|, s0|, s1|, s2|]|listeners:[], old=null}] size=2
  s8:  RUNNING [
   FOLLOWER (STARTING): s8@group-B596E5D396F8:t0, leader=null, voted=, raftlog=Memoized:s8@group-B596E5D396F8-SegmentedRaftLog:OPENED:c-1:lastnull, conf=conf: {index: -1, cur=peers:[]|listeners:[], old=null}
     LEADER (RUNNING): s8@group-1E8C3A4F0960:t1, leader=s8, voted=s8, raftlog=Memoized:s8@group-1E8C3A4F0960-SegmentedRaftLog:OPENED:c16:last(t:1, i:16), conf=conf: {index: 15, cur=peers:[s3, s4, s5, s6, s7, s8, s0, s1, s2]|listeners:[], old=null}] size=2
  s0:  RUNNING [
   FOLLOWER (STARTING): s0@group-B596E5D396F8:t0, leader=null, voted=, raftlog=Memoized:s0@group-B596E5D396F8-SegmentedRaftLog:OPENED:c-1:lastnull, conf=conf: {index: -1, cur=peers:[]|listeners:[], old=null}
   FOLLOWER (RUNNING): s0@group-1E8C3A4F0960:t1, leader=s8, voted=null, raftlog=Memoized:s0@group-1E8C3A4F0960-SegmentedRaftLog:OPENED:c15:last(t:1, i:16), conf=conf: {index: 15, cur=peers:[s3|, s4|, s5|, s6|, s7|, s8|, s0|, s1|, s2|]|listeners:[], old=null}] size=2
  s1:  RUNNING [
   FOLLOWER (STARTING): s1@group-B596E5D396F8:t0, leader=null, voted=, raftlog=Memoized:s1@group-B596E5D396F8-SegmentedRaftLog:OPENED:c-1:lastnull, conf=conf: {index: -1, cur=peers:[]|listeners:[], old=null}
   FOLLOWER (RUNNING): s1@group-1E8C3A4F0960:t1, leader=s8, voted=null, raftlog=Memoized:s1@group-1E8C3A4F0960-SegmentedRaftLog:OPENED:c15:last(t:1, i:16), conf=conf: {index: 15, cur=peers:[s3|, s4|, s5|, s6|, s7|, s8|, s0|, s1|, s2|]|listeners:[], old=null}] size=2
  s2:  RUNNING [
   FOLLOWER (STARTING): s2@group-B596E5D396F8:t0, leader=null, voted=, raftlog=Memoized:s2@group-B596E5D396F8-SegmentedRaftLog:OPENED:c-1:lastnull, conf=conf: {index: -1, cur=peers:[]|listeners:[], old=null}
   FOLLOWER (RUNNING): s2@group-1E8C3A4F0960:t1, leader=s8, voted=null, raftlog=Memoized:s2@group-1E8C3A4F0960-SegmentedRaftLog:OPENED:c15:last(t:1, i:16), conf=conf: {index: 15, cur=peers:[s3|, s4|, s5|, s6|, s7|, s8|, s0|, s1|, s2|]|listeners:[], old=null}] size=2
| MiniRaftClusterWithSimulatedRpc[5, 8, 9]chosen=2 | update groups | 201 |
2025-10-10 11:53:27,425 [main] INFO  impl.MiniRaftCluster (MiniRaftCluster.java:shutdown(793)) - ************************************************************** 
2025-10-10 11:53:27,425 [main] INFO  impl.MiniRaftCluster (MiniRaftCluster.java:shutdown(794)) - *** 
2025-10-10 11:53:27,425 [main] INFO  impl.MiniRaftCluster (MiniRaftCluster.java:shutdown(795)) - ***     Stopping MiniRaftClusterWithSimulatedRpc
2025-10-10 11:53:27,426 [main] INFO  impl.MiniRaftCluster (MiniRaftCluster.java:shutdown(796)) - *** 
2025-10-10 11:53:27,426 [main] INFO  impl.MiniRaftCluster (MiniRaftCluster.java:shutdown(797)) - ************************************************************** 
2025-10-10 11:53:27,425 [s5@group-1E8C3A4F0960-StateMachineUpdater] TRACE util.FileUtils (LogUtils.java:runAndLog(49)) - Successfully ran Atomic Files.move /home/runner/work/ratis/ratis/ratis-test/target/test/data/319b119c/MiniRaftClusterWithSimulatedRpcdcda50c5/s5/6ef3c6aa-8286-4034-b7df-1e8c3a4f0960/current/raft-meta.conf.tmp to /home/runner/work/ratis/ratis/ratis-test/target/test/data/319b119c/MiniRaftClusterWithSimulatedRpcdcda50c5/s5/6ef3c6aa-8286-4034-b7df-1e8c3a4f0960/current/raft-meta.conf with options [REPLACE_EXISTING]
2025-10-10 11:53:27,426 [s5@group-1E8C3A4F0960-StateMachineUpdater] TRACE util.FileUtils (LogUtils.java:supplyAndLog(69)) - Successfully supplied FileChannel.open /home/runner/work/ratis/ratis/ratis-test/target/test/data/319b119c/MiniRaftClusterWithSimulatedRpcdcda50c5/s5/6ef3c6aa-8286-4034-b7df-1e8c3a4f0960/current/raft-meta.conf.tmp with options [CREATE, TRUNCATE_EXISTING, WRITE]: sun.nio.ch.FileChannelImpl@56446383
2025-10-10 11:53:27,426 [main] INFO  impl.MiniRaftCluster (MiniRaftCluster.java:shutdown(798)) - printing ALL groups
  s3:  RUNNING [
   FOLLOWER (STARTING): s3@group-B596E5D396F8:t0, leader=null, voted=, raftlog=Memoized:s3@group-B596E5D396F8-SegmentedRaftLog:OPENED:c-1:lastnull, conf=conf: {index: -1, cur=peers:[]|listeners:[], old=null}
   FOLLOWER (RUNNING): s3@group-1E8C3A4F0960:t1, leader=s8, voted=null, raftlog=Memoized:s3@group-1E8C3A4F0960-SegmentedRaftLog:OPENED:c15:last(t:1, i:16), conf=conf: {index: 15, cur=peers:[s3|, s4|, s5|, s6|, s7|, s8|, s0|, s1|, s2|]|listeners:[], old=null}] size=2
  s4:  RUNNING [
   FOLLOWER (STARTING): s4@group-B596E5D396F8:t0, leader=null, voted=, raftlog=Memoized:s4@group-B596E5D396F8-SegmentedRaftLog:OPENED:c-1:lastnull, conf=conf: {index: -1, cur=peers:[]|listeners:[], old=null}
   FOLLOWER (RUNNING): s4@group-1E8C3A4F0960:t1, leader=s8, voted=null, raftlog=Memoized:s4@group-1E8C3A4F0960-SegmentedRaftLog:OPENED:c15:last(t:1, i:16), conf=conf: {index: 15, cur=peers:[s3|, s4|, s5|, s6|, s7|, s8|, s0|, s1|, s2|]|listeners:[], old=null}] size=2
  s5:  RUNNING [
   FOLLOWER (STARTING): s5@group-B596E5D396F8:t0, leader=null, voted=, raftlog=Memoized:s5@group-B596E5D396F8-SegmentedRaftLog:OPENED:c-1:lastnull, conf=conf: {index: -1, cur=peers:[]|listeners:[], old=null}
   FOLLOWER (RUNNING): s5@group-1E8C3A4F0960:t1, leader=s8, voted=null, raftlog=Memoized:s5@group-1E8C3A4F0960-SegmentedRaftLog:OPENED:c15:last(t:1, i:16), conf=conf: {index: 15, cur=peers:[s3|, s4|, s5|, s6|, s7|, s8|, s0|, s1|, s2|]|listeners:[], old=null}] size=2
  s6:  RUNNING [
   FOLLOWER (STARTING): s6@group-B596E5D396F8:t0, leader=null, voted=, raftlog=Memoized:s6@group-B596E5D396F8-SegmentedRaftLog:OPENED:c-1:lastnull, conf=conf: {index: -1, cur=peers:[]|listeners:[], old=null}
   FOLLOWER (RUNNING): s6@group-1E8C3A4F0960:t1, leader=s8, voted=null, raftlog=Memoized:s6@group-1E8C3A4F0960-SegmentedRaftLog:OPENED:c15:last(t:1, i:16), conf=conf: {index: 15, cur=peers:[s3|, s4|, s5|, s6|, s7|, s8|, s0|, s1|, s2|]|listeners:[], old=null}] size=2
  s7:  RUNNING [
   FOLLOWER (STARTING): s7@group-B596E5D396F8:t0, leader=null, voted=, raftlog=Memoized:s7@group-B596E5D396F8-SegmentedRaftLog:OPENED:c-1:lastnull, conf=conf: {index: -1, cur=peers:[]|listeners:[], old=null}
   FOLLOWER (RUNNING): s7@group-1E8C3A4F0960:t1, leader=s8, voted=null, raftlog=Memoized:s7@group-1E8C3A4F0960-SegmentedRaftLog:OPENED:c15:last(t:1, i:16), conf=conf: {index: 15, cur=peers:[s3|, s4|, s5|, s6|, s7|, s8|, s0|, s1|, s2|]|listeners:[], old=null}] size=2
  s8:  RUNNING [
   FOLLOWER (STARTING): s8@group-B596E5D396F8:t0, leader=null, voted=, raftlog=Memoized:s8@group-B596E5D396F8-SegmentedRaftLog:OPENED:c-1:lastnull, conf=conf: {index: -1, cur=peers:[]|listeners:[], old=null}
     LEADER (RUNNING): s8@group-1E8C3A4F0960:t1, leader=s8, voted=s8, raftlog=Memoized:s8@group-1E8C3A4F0960-SegmentedRaftLog:OPENED:c16:last(t:1, i:16), conf=conf: {index: 15, cur=peers:[s3, s4, s5, s6, s7, s8, s0, s1, s2]|listeners:[], old=null}] size=2
  s0:  RUNNING [
   FOLLOWER (STARTING): s0@group-B596E5D396F8:t0, leader=null, voted=, raftlog=Memoized:s0@group-B596E5D396F8-SegmentedRaftLog:OPENED:c-1:lastnull, conf=conf: {index: -1, cur=peers:[]|listeners:[], old=null}
   FOLLOWER (RUNNING): s0@group-1E8C3A4F0960:t1, leader=s8, voted=null, raftlog=Memoized:s0@group-1E8C3A4F0960-SegmentedRaftLog:OPENED:c15:last(t:1, i:16), conf=conf: {index: 15, cur=peers:[s3|, s4|, s5|, s6|, s7|, s8|, s0|, s1|, s2|]|listeners:[], old=null}] size=2
  s1:  RUNNING [
   FOLLOWER (STARTING): s1@group-B596E5D396F8:t0, leader=null, voted=, raftlog=Memoized:s1@group-B596E5D396F8-SegmentedRaftLog:OPENED:c-1:lastnull, conf=conf: {index: -1, cur=peers:[]|listeners:[], old=null}
   FOLLOWER (RUNNING): s1@group-1E8C3A4F0960:t1, leader=s8, voted=null, raftlog=Memoized:s1@group-1E8C3A4F0960-SegmentedRaftLog:OPENED:c15:last(t:1, i:16), conf=conf: {index: 15, cur=peers:[s3|, s4|, s5|, s6|, s7|, s8|, s0|, s1|, s2|]|listeners:[], old=null}] size=2
  s2:  RUNNING [
   FOLLOWER (STARTING): s2@group-B596E5D396F8:t0, leader=null, voted=, raftlog=Memoized:s2@group-B596E5D396F8-SegmentedRaftLog:OPENED:c-1:lastnull, conf=conf: {index: -1, cur=peers:[]|listeners:[], old=null}
   FOLLOWER (RUNNING): s2@group-1E8C3A4F0960:t1, leader=s8, voted=null, raftlog=Memoized:s2@group-1E8C3A4F0960-SegmentedRaftLog:OPENED:c15:last(t:1, i:16), conf=conf: {index: 15, cur=peers:[s3|, s4|, s5|, s6|, s7|, s8|, s0|, s1|, s2|]|listeners:[], old=null}] size=2
2025-10-10 11:53:27,425 [s7@group-1E8C3A4F0960-StateMachineUpdater] TRACE util.FileUtils (LogUtils.java:runAndLog(49)) - Successfully ran Atomic Files.move /home/runner/work/ratis/ratis/ratis-test/target/test/data/319b119c/MiniRaftClusterWithSimulatedRpcdcda50c5/s7/6ef3c6aa-8286-4034-b7df-1e8c3a4f0960/current/raft-meta.conf.tmp to /home/runner/work/ratis/ratis/ratis-test/target/test/data/319b119c/MiniRaftClusterWithSimulatedRpcdcda50c5/s7/6ef3c6aa-8286-4034-b7df-1e8c3a4f0960/current/raft-meta.conf with options [REPLACE_EXISTING]
2025-10-10 11:53:27,427 [MiniRaftCluster-20] INFO  server.RaftServer (RaftServerProxy.java:lambda$close$9(425)) - s3: close
2025-10-10 11:53:27,427 [MiniRaftCluster-21] INFO  server.RaftServer (RaftServerProxy.java:lambda$close$9(425)) - s4: close
2025-10-10 11:53:27,427 [s3-impl-thread1] INFO  server.RaftServer$Division (RaftServerImpl.java:lambda$close$1(528)) - s3@group-B596E5D396F8: shutdown
2025-10-10 11:53:27,428 [HandlerDaemon-2] INFO  simulation.RequestHandler (RequestHandler.java:run(127)) - s3.clientHandler2 is interrupted by java.io.InterruptedIOException: 
2025-10-10 11:53:27,428 [MiniRaftCluster-22] INFO  server.RaftServer (RaftServerProxy.java:lambda$close$9(425)) - s5: close
2025-10-10 11:53:27,428 [s4-impl-thread2] INFO  server.RaftServer$Division (RaftServerImpl.java:lambda$close$1(528)) - s4@group-1E8C3A4F0960: shutdown
2025-10-10 11:53:27,428 [s5-impl-thread1] INFO  server.RaftServer$Division (RaftServerImpl.java:lambda$close$1(528)) - s5@group-B596E5D396F8: shutdown
2025-10-10 11:53:27,428 [HandlerDaemon-1] INFO  simulation.RequestHandler (RequestHandler.java:run(127)) - s5.clientHandler1 is interrupted by java.io.InterruptedIOException: 
2025-10-10 11:53:27,428 [s5-impl-thread2] INFO  server.RaftServer$Division (RaftServerImpl.java:lambda$close$1(528)) - s5@group-1E8C3A4F0960: shutdown
2025-10-10 11:53:27,428 [MiniRaftCluster-25] INFO  server.RaftServer (RaftServerProxy.java:lambda$close$9(425)) - s8: close
2025-10-10 11:53:27,428 [HandlerDaemon-1] INFO  simulation.RequestHandler (RequestHandler.java:run(127)) - s3.clientHandler1 is interrupted by java.io.InterruptedIOException: 
2025-10-10 11:53:27,427 [s3-impl-thread2] INFO  server.RaftServer$Division (RaftServerImpl.java:lambda$close$1(528)) - s3@group-1E8C3A4F0960: shutdown
2025-10-10 11:53:27,429 [MiniRaftCluster-27] INFO  server.RaftServer (RaftServerProxy.java:lambda$close$9(425)) - s1: close
2025-10-10 11:53:27,428 [s5@group-1E8C3A4F0960-StateMachineUpdater] TRACE util.FileUtils (LogUtils.java:runAndLog(49)) - Successfully ran Atomic Files.move /home/runner/work/ratis/ratis/ratis-test/target/test/data/319b119c/MiniRaftClusterWithSimulatedRpcdcda50c5/s5/6ef3c6aa-8286-4034-b7df-1e8c3a4f0960/current/raft-meta.conf.tmp to /home/runner/work/ratis/ratis/ratis-test/target/test/data/319b119c/MiniRaftClusterWithSimulatedRpcdcda50c5/s5/6ef3c6aa-8286-4034-b7df-1e8c3a4f0960/current/raft-meta.conf with options [REPLACE_EXISTING]
2025-10-10 11:53:27,427 [HandlerDaemon-0] INFO  simulation.RequestHandler (RequestHandler.java:run(127)) - s3.clientHandler0 is interrupted by java.io.InterruptedIOException: 
2025-10-10 11:53:27,429 [MiniRaftCluster-28] INFO  server.RaftServer (RaftServerProxy.java:lambda$close$9(425)) - s2: close
2025-10-10 11:53:27,429 [s1-impl-thread1] INFO  server.RaftServer$Division (RaftServerImpl.java:lambda$close$1(528)) - s1@group-B596E5D396F8: shutdown
2025-10-10 11:53:27,430 [s1-impl-thread1] INFO  util.JmxRegister (JmxRegister.java:unregister(74)) - Successfully un-registered JMX Bean with object name Ratis:service=RaftServer,group=group-B596E5D396F8,id=s1
2025-10-10 11:53:27,430 [s1-impl-thread1] INFO  impl.StateMachineUpdater (StateMachineUpdater.java:stopAndJoin(163)) - s1@group-B596E5D396F8-StateMachineUpdater: set stopIndex = -1
2025-10-10 11:53:27,430 [s2-impl-thread2] INFO  server.RaftServer$Division (RaftServerImpl.java:lambda$close$1(528)) - s2@group-1E8C3A4F0960: shutdown
2025-10-10 11:53:27,429 [s8-impl-thread1] INFO  server.RaftServer$Division (RaftServerImpl.java:lambda$close$1(528)) - s8@group-B596E5D396F8: shutdown
2025-10-10 11:53:27,429 [s3-impl-thread2] INFO  util.JmxRegister (JmxRegister.java:unregister(74)) - Successfully un-registered JMX Bean with object name Ratis:service=RaftServer,group=group-1E8C3A4F0960,id=s3
2025-10-10 11:53:27,430 [s3-impl-thread2] INFO  impl.RoleInfo (RoleInfo.java:shutdownFollowerState(121)) - s3: shutdown s3@group-1E8C3A4F0960-FollowerState
2025-10-10 11:53:27,428 [MiniRaftCluster-24] INFO  server.RaftServer (RaftServerProxy.java:lambda$close$9(425)) - s7: close
2025-10-10 11:53:27,430 [s3-impl-thread2] INFO  impl.StateMachineUpdater (StateMachineUpdater.java:stopAndJoin(163)) - s3@group-1E8C3A4F0960-StateMachineUpdater: set stopIndex = 15
2025-10-10 11:53:27,428 [MiniRaftCluster-26] INFO  server.RaftServer (RaftServerProxy.java:lambda$close$9(425)) - s0: close
2025-10-10 11:53:27,428 [s5-impl-thread2] INFO  util.JmxRegister (JmxRegister.java:unregister(74)) - Successfully un-registered JMX Bean with object name Ratis:service=RaftServer,group=group-1E8C3A4F0960,id=s5
2025-10-10 11:53:27,430 [s5-impl-thread2] INFO  impl.RoleInfo (RoleInfo.java:shutdownFollowerState(121)) - s5: shutdown s5@group-1E8C3A4F0960-FollowerState
2025-10-10 11:53:27,428 [s5-impl-thread1] INFO  util.JmxRegister (JmxRegister.java:unregister(74)) - Successfully un-registered JMX Bean with object name Ratis:service=RaftServer,group=group-B596E5D396F8,id=s5
2025-10-10 11:53:27,428 [HandlerDaemon-2] INFO  simulation.RequestHandler (RequestHandler.java:run(127)) - s5.clientHandler2 is interrupted by java.io.InterruptedIOException: 
2025-10-10 11:53:27,431 [HandlerDaemon-0] INFO  simulation.RequestHandler (RequestHandler.java:run(127)) - s0.clientHandler0 is interrupted by java.io.InterruptedIOException: 
2025-10-10 11:53:27,428 [HandlerDaemon-0] INFO  simulation.RequestHandler (RequestHandler.java:run(127)) - s5.clientHandler0 is interrupted by java.io.InterruptedIOException: 
2025-10-10 11:53:27,428 [MiniRaftCluster-23] INFO  server.RaftServer (RaftServerProxy.java:lambda$close$9(425)) - s6: close
2025-10-10 11:53:27,431 [HandlerDaemon-1] INFO  simulation.RequestHandler (RequestHandler.java:run(127)) - s0.clientHandler1 is interrupted by java.io.InterruptedIOException: 
2025-10-10 11:53:27,431 [HandlerDaemon-1] INFO  simulation.RequestHandler (RequestHandler.java:run(127)) - s5.serverHandler1 is interrupted by java.io.InterruptedIOException: 
2025-10-10 11:53:27,431 [HandlerDaemon-2] INFO  simulation.RequestHandler (RequestHandler.java:run(127)) - s5.serverHandler2 is interrupted by java.io.InterruptedIOException: 
2025-10-10 11:53:27,428 [s4-impl-thread2] INFO  util.JmxRegister (JmxRegister.java:unregister(74)) - Successfully un-registered JMX Bean with object name Ratis:service=RaftServer,group=group-1E8C3A4F0960,id=s4
2025-10-10 11:53:27,431 [s4-impl-thread2] INFO  impl.RoleInfo (RoleInfo.java:shutdownFollowerState(121)) - s4: shutdown s4@group-1E8C3A4F0960-FollowerState
2025-10-10 11:53:27,428 [HandlerDaemon-2] INFO  simulation.RequestHandler (RequestHandler.java:run(127)) - s4.clientHandler2 is interrupted by java.io.InterruptedIOException: 
2025-10-10 11:53:27,431 [s4-impl-thread2] INFO  impl.StateMachineUpdater (StateMachineUpdater.java:stopAndJoin(163)) - s4@group-1E8C3A4F0960-StateMachineUpdater: set stopIndex = 15
2025-10-10 11:53:27,428 [HandlerDaemon-1] INFO  simulation.RequestHandler (RequestHandler.java:run(127)) - s4.clientHandler1 is interrupted by java.io.InterruptedIOException: 
2025-10-10 11:53:27,432 [HandlerDaemon-1] INFO  simulation.RequestHandler (RequestHandler.java:run(127)) - s6.clientHandler1 is interrupted by java.io.InterruptedIOException: 
2025-10-10 11:53:27,432 [HandlerDaemon-2] INFO  simulation.RequestHandler (RequestHandler.java:run(127)) - s6.clientHandler2 is interrupted by java.io.InterruptedIOException: 
2025-10-10 11:53:27,428 [HandlerDaemon-0] INFO  simulation.RequestHandler (RequestHandler.java:run(127)) - s4.clientHandler0 is interrupted by java.io.InterruptedIOException: 
2025-10-10 11:53:27,428 [s4-impl-thread1] INFO  server.RaftServer$Division (RaftServerImpl.java:lambda$close$1(528)) - s4@group-B596E5D396F8: shutdown
2025-10-10 11:53:27,432 [HandlerDaemon-1] INFO  simulation.RequestHandler (RequestHandler.java:run(127)) - s4.serverHandler1 is interrupted by java.io.InterruptedIOException: 
2025-10-10 11:53:27,432 [s4-impl-thread1] INFO  util.JmxRegister (JmxRegister.java:unregister(74)) - Successfully un-registered JMX Bean with object name Ratis:service=RaftServer,group=group-B596E5D396F8,id=s4
2025-10-10 11:53:27,432 [s4-impl-thread1] INFO  impl.StateMachineUpdater (StateMachineUpdater.java:stopAndJoin(163)) - s4@group-B596E5D396F8-StateMachineUpdater: set stopIndex = -1
2025-10-10 11:53:27,432 [HandlerDaemon-2] INFO  simulation.RequestHandler (RequestHandler.java:run(127)) - s4.serverHandler2 is interrupted by java.io.InterruptedIOException: 
2025-10-10 11:53:27,428 [s3-impl-thread1] INFO  util.JmxRegister (JmxRegister.java:unregister(74)) - Successfully un-registered JMX Bean with object name Ratis:service=RaftServer,group=group-B596E5D396F8,id=s3
2025-10-10 11:53:27,432 [s3-impl-thread1] INFO  impl.StateMachineUpdater (StateMachineUpdater.java:stopAndJoin(163)) - s3@group-B596E5D396F8-StateMachineUpdater: set stopIndex = -1
2025-10-10 11:53:27,432 [s3@group-B596E5D396F8-StateMachineUpdater] INFO  impl.StateMachineUpdater (StateMachineUpdater.java:stop(140)) - s3@group-B596E5D396F8-StateMachineUpdater: closing BaseStateMachine, lastApplied=<INITIAL_VALUE>
2025-10-10 11:53:27,432 [s4@group-B596E5D396F8-StateMachineUpdater] INFO  impl.StateMachineUpdater (StateMachineUpdater.java:stop(140)) - s4@group-B596E5D396F8-StateMachineUpdater: closing BaseStateMachine, lastApplied=<INITIAL_VALUE>
2025-10-10 11:53:27,433 [s3@group-B596E5D396F8-cacheEviction-AwaitToRun] INFO  util.AwaitToRun (AwaitToRun.java:run(49)) - s3@group-B596E5D396F8-cacheEviction-AwaitToRun-AwaitForSignal is interrupted
2025-10-10 11:53:27,432 [HandlerDaemon-0] INFO  simulation.RequestHandler (RequestHandler.java:run(127)) - s4.serverHandler0 is interrupted by java.io.InterruptedIOException: 
2025-10-10 11:53:27,432 [HandlerDaemon-0] INFO  simulation.RequestHandler (RequestHandler.java:run(127)) - s6.clientHandler0 is interrupted by java.io.InterruptedIOException: 
2025-10-10 11:53:27,432 [s6-impl-thread2] INFO  server.RaftServer$Division (RaftServerImpl.java:lambda$close$1(528)) - s6@group-1E8C3A4F0960: shutdown
2025-10-10 11:53:27,431 [s4@group-1E8C3A4F0960-StateMachineUpdater] INFO  impl.StateMachineUpdater (StateMachineUpdater.java:stop(140)) - s4@group-1E8C3A4F0960-StateMachineUpdater: closing BaseStateMachine, lastApplied=(t:1, i:15)
2025-10-10 11:53:27,433 [HandlerDaemon-2] INFO  simulation.RequestHandler (RequestHandler.java:run(127)) - s6.serverHandler2 is interrupted by java.io.InterruptedIOException: 
2025-10-10 11:53:27,431 [s6-impl-thread1] INFO  server.RaftServer$Division (RaftServerImpl.java:lambda$close$1(528)) - s6@group-B596E5D396F8: shutdown
2025-10-10 11:53:27,431 [s4@group-1E8C3A4F0960-FollowerState] INFO  impl.FollowerState (FollowerState.java:runImpl(170)) - s4@group-1E8C3A4F0960-FollowerState was interrupted
2025-10-10 11:53:27,431 [HandlerDaemon-2] INFO  simulation.RequestHandler (RequestHandler.java:run(127)) - s0.clientHandler2 is interrupted by java.io.InterruptedIOException: 
2025-10-10 11:53:27,431 [HandlerDaemon-0] INFO  simulation.RequestHandler (RequestHandler.java:run(127)) - s5.serverHandler0 is interrupted by java.io.InterruptedIOException: 
2025-10-10 11:53:27,434 [HandlerDaemon-1] INFO  simulation.RequestHandler (RequestHandler.java:run(127)) - s0.serverHandler1 is interrupted by java.io.InterruptedIOException: 
2025-10-10 11:53:27,431 [HandlerDaemon-2] INFO  simulation.RequestHandler (RequestHandler.java:run(127)) - s7.clientHandler2 is interrupted by java.io.InterruptedIOException: 
2025-10-10 11:53:27,431 [s5-impl-thread1] INFO  impl.StateMachineUpdater (StateMachineUpdater.java:stopAndJoin(163)) - s5@group-B596E5D396F8-StateMachineUpdater: set stopIndex = -1
2025-10-10 11:53:27,431 [s5@group-B596E5D396F8-StateMachineUpdater] INFO  impl.StateMachineUpdater (StateMachineUpdater.java:stop(140)) - s5@group-B596E5D396F8-StateMachineUpdater: closing BaseStateMachine, lastApplied=<INITIAL_VALUE>
2025-10-10 11:53:27,431 [s0-impl-thread2] INFO  server.RaftServer$Division (RaftServerImpl.java:lambda$close$1(528)) - s0@group-1E8C3A4F0960: shutdown
2025-10-10 11:53:27,434 [s5@group-B596E5D396F8-cacheEviction-AwaitToRun] INFO  util.AwaitToRun (AwaitToRun.java:run(49)) - s5@group-B596E5D396F8-cacheEviction-AwaitToRun-AwaitForSignal is interrupted
2025-10-10 11:53:27,431 [s5@group-1E8C3A4F0960-StateMachineUpdater] INFO  impl.StateMachineUpdater (StateMachineUpdater.java:stop(140)) - s5@group-1E8C3A4F0960-StateMachineUpdater: closing BaseStateMachine, lastApplied=(t:1, i:15)
2025-10-10 11:53:27,431 [s5@group-1E8C3A4F0960-FollowerState] INFO  impl.FollowerState (FollowerState.java:runImpl(170)) - s5@group-1E8C3A4F0960-FollowerState was interrupted
2025-10-10 11:53:27,431 [s5-impl-thread2] INFO  impl.StateMachineUpdater (StateMachineUpdater.java:stopAndJoin(163)) - s5@group-1E8C3A4F0960-StateMachineUpdater: set stopIndex = 15
2025-10-10 11:53:27,435 [s5@group-1E8C3A4F0960-cacheEviction-AwaitToRun] INFO  util.AwaitToRun (AwaitToRun.java:run(49)) - s5@group-1E8C3A4F0960-cacheEviction-AwaitToRun-AwaitForSignal is interrupted
2025-10-10 11:53:27,431 [s0-impl-thread1] INFO  server.RaftServer$Division (RaftServerImpl.java:lambda$close$1(528)) - s0@group-B596E5D396F8: shutdown
2025-10-10 11:53:27,435 [s0-impl-thread1] INFO  util.JmxRegister (JmxRegister.java:unregister(74)) - Successfully un-registered JMX Bean with object name Ratis:service=RaftServer,group=group-B596E5D396F8,id=s0
2025-10-10 11:53:27,431 [HandlerDaemon-1] INFO  simulation.RequestHandler (RequestHandler.java:run(127)) - s7.clientHandler1 is interrupted by java.io.InterruptedIOException: 
2025-10-10 11:53:27,431 [HandlerDaemon-0] INFO  simulation.RequestHandler (RequestHandler.java:run(127)) - s7.clientHandler0 is interrupted by java.io.InterruptedIOException: 
2025-10-10 11:53:27,430 [s7-impl-thread2] INFO  server.RaftServer$Division (RaftServerImpl.java:lambda$close$1(528)) - s7@group-1E8C3A4F0960: shutdown
2025-10-10 11:53:27,435 [HandlerDaemon-0] INFO  simulation.RequestHandler (RequestHandler.java:run(127)) - s7.serverHandler0 is interrupted by java.io.InterruptedIOException: 
2025-10-10 11:53:27,430 [s7-impl-thread1] INFO  server.RaftServer$Division (RaftServerImpl.java:lambda$close$1(528)) - s7@group-B596E5D396F8: shutdown
2025-10-10 11:53:27,435 [s7-impl-thread1] INFO  util.JmxRegister (JmxRegister.java:unregister(74)) - Successfully un-registered JMX Bean with object name Ratis:service=RaftServer,group=group-B596E5D396F8,id=s7
2025-10-10 11:53:27,430 [s3@group-1E8C3A4F0960-StateMachineUpdater] INFO  impl.StateMachineUpdater (StateMachineUpdater.java:stop(140)) - s3@group-1E8C3A4F0960-StateMachineUpdater: closing BaseStateMachine, lastApplied=(t:1, i:15)
2025-10-10 11:53:27,436 [HandlerDaemon-2] INFO  simulation.RequestHandler (RequestHandler.java:run(127)) - s7.serverHandler2 is interrupted by java.io.InterruptedIOException: 
2025-10-10 11:53:27,430 [s3@group-1E8C3A4F0960-FollowerState] INFO  impl.FollowerState (FollowerState.java:runImpl(170)) - s3@group-1E8C3A4F0960-FollowerState was interrupted
2025-10-10 11:53:27,436 [HandlerDaemon-1] INFO  simulation.RequestHandler (RequestHandler.java:run(127)) - s7.serverHandler1 is interrupted by java.io.InterruptedIOException: 
2025-10-10 11:53:27,436 [s7-impl-thread1] INFO  impl.StateMachineUpdater (StateMachineUpdater.java:stopAndJoin(163)) - s7@group-B596E5D396F8-StateMachineUpdater: set stopIndex = -1
2025-10-10 11:53:27,430 [s8-impl-thread1] INFO  util.JmxRegister (JmxRegister.java:unregister(74)) - Successfully un-registered JMX Bean with object name Ratis:service=RaftServer,group=group-B596E5D396F8,id=s8
2025-10-10 11:53:27,436 [s8-impl-thread1] INFO  impl.StateMachineUpdater (StateMachineUpdater.java:stopAndJoin(163)) - s8@group-B596E5D396F8-StateMachineUpdater: set stopIndex = -1
2025-10-10 11:53:27,430 [s2-impl-thread2] INFO  util.JmxRegister (JmxRegister.java:unregister(74)) - Successfully un-registered JMX Bean with object name Ratis:service=RaftServer,group=group-1E8C3A4F0960,id=s2
2025-10-10 11:53:27,436 [s2-impl-thread2] INFO  impl.RoleInfo (RoleInfo.java:shutdownFollowerState(121)) - s2: shutdown s2@group-1E8C3A4F0960-FollowerState
2025-10-10 11:53:27,436 [s8@group-B596E5D396F8-StateMachineUpdater] INFO  impl.StateMachineUpdater (StateMachineUpdater.java:stop(140)) - s8@group-B596E5D396F8-StateMachineUpdater: closing BaseStateMachine, lastApplied=<INITIAL_VALUE>
2025-10-10 11:53:27,436 [s2@group-1E8C3A4F0960-StateMachineUpdater] INFO  impl.StateMachineUpdater (StateMachineUpdater.java:stop(140)) - s2@group-1E8C3A4F0960-StateMachineUpdater: closing BaseStateMachine, lastApplied=(t:1, i:15)
2025-10-10 11:53:27,437 [s2@group-1E8C3A4F0960-FollowerState] INFO  impl.FollowerState (FollowerState.java:runImpl(170)) - s2@group-1E8C3A4F0960-FollowerState was interrupted
2025-10-10 11:53:27,437 [s8@group-B596E5D396F8-cacheEviction-AwaitToRun] INFO  util.AwaitToRun (AwaitToRun.java:run(49)) - s8@group-B596E5D396F8-cacheEviction-AwaitToRun-AwaitForSignal is interrupted
2025-10-10 11:53:27,430 [s1@group-B596E5D396F8-StateMachineUpdater] INFO  impl.StateMachineUpdater (StateMachineUpdater.java:stop(140)) - s1@group-B596E5D396F8-StateMachineUpdater: closing BaseStateMachine, lastApplied=<INITIAL_VALUE>
2025-10-10 11:53:27,430 [HandlerDaemon-2] INFO  simulation.RequestHandler (RequestHandler.java:run(127)) - s2.clientHandler2 is interrupted by java.io.InterruptedIOException: 
2025-10-10 11:53:27,430 [HandlerDaemon-1] INFO  simulation.RequestHandler (RequestHandler.java:run(127)) - s2.clientHandler1 is interrupted by java.io.InterruptedIOException: 
2025-10-10 11:53:27,437 [s1@group-B596E5D396F8-cacheEviction-AwaitToRun] INFO  util.AwaitToRun (AwaitToRun.java:run(49)) - s1@group-B596E5D396F8-cacheEviction-AwaitToRun-AwaitForSignal is interrupted
2025-10-10 11:53:27,430 [HandlerDaemon-0] INFO  simulation.RequestHandler (RequestHandler.java:run(127)) - s2.clientHandler0 is interrupted by java.io.InterruptedIOException: 
2025-10-10 11:53:27,430 [HandlerDaemon-1] INFO  simulation.RequestHandler (RequestHandler.java:run(127)) - s1.clientHandler1 is interrupted by java.io.InterruptedIOException: 
2025-10-10 11:53:27,438 [HandlerDaemon-0] INFO  simulation.RequestHandler (RequestHandler.java:run(127)) - s2.serverHandler0 is interrupted by java.io.InterruptedIOException: 
2025-10-10 11:53:27,438 [HandlerDaemon-1] INFO  simulation.RequestHandler (RequestHandler.java:run(127)) - s2.serverHandler1 is interrupted by java.io.InterruptedIOException: 
2025-10-10 11:53:27,430 [s2-impl-thread1] INFO  server.RaftServer$Division (RaftServerImpl.java:lambda$close$1(528)) - s2@group-B596E5D396F8: shutdown
2025-10-10 11:53:27,438 [s2-impl-thread1] INFO  util.JmxRegister (JmxRegister.java:unregister(74)) - Successfully un-registered JMX Bean with object name Ratis:service=RaftServer,group=group-B596E5D396F8,id=s2
2025-10-10 11:53:27,438 [HandlerDaemon-2] INFO  simulation.RequestHandler (RequestHandler.java:run(127)) - s2.serverHandler2 is interrupted by java.io.InterruptedIOException: 
2025-10-10 11:53:27,430 [s1-impl-thread2] INFO  server.RaftServer$Division (RaftServerImpl.java:lambda$close$1(528)) - s1@group-1E8C3A4F0960: shutdown
2025-10-10 11:53:27,439 [s1-impl-thread2] INFO  util.JmxRegister (JmxRegister.java:unregister(74)) - Successfully un-registered JMX Bean with object name Ratis:service=RaftServer,group=group-1E8C3A4F0960,id=s1
2025-10-10 11:53:27,439 [s1-impl-thread2] INFO  impl.RoleInfo (RoleInfo.java:shutdownFollowerState(121)) - s1: shutdown s1@group-1E8C3A4F0960-FollowerState
2025-10-10 11:53:27,439 [s2@group-B596E5D396F8-StateMachineUpdater] INFO  impl.StateMachineUpdater (StateMachineUpdater.java:stop(140)) - s2@group-B596E5D396F8-StateMachineUpdater: closing BaseStateMachine, lastApplied=<INITIAL_VALUE>
2025-10-10 11:53:27,430 [HandlerDaemon-2] INFO  simulation.RequestHandler (RequestHandler.java:run(127)) - s1.clientHandler2 is interrupted by java.io.InterruptedIOException: 
2025-10-10 11:53:27,439 [s1@group-1E8C3A4F0960-StateMachineUpdater] INFO  impl.StateMachineUpdater (StateMachineUpdater.java:stop(140)) - s1@group-1E8C3A4F0960-StateMachineUpdater: closing BaseStateMachine, lastApplied=(t:1, i:15)
2025-10-10 11:53:27,430 [HandlerDaemon-0] INFO  simulation.RequestHandler (RequestHandler.java:run(127)) - s1.clientHandler0 is interrupted by java.io.InterruptedIOException: 
2025-10-10 11:53:27,429 [HandlerDaemon-2] INFO  simulation.RequestHandler (RequestHandler.java:run(127)) - s8.clientHandler2 is interrupted by java.io.InterruptedIOException: 
2025-10-10 11:53:27,440 [HandlerDaemon-0] INFO  simulation.RequestHandler (RequestHandler.java:run(127)) - s1.serverHandler0 is interrupted by java.io.InterruptedIOException: 
2025-10-10 11:53:27,440 [HandlerDaemon-1] INFO  simulation.RequestHandler (RequestHandler.java:run(127)) - s1.serverHandler1 is interrupted by java.io.InterruptedIOException: 
2025-10-10 11:53:27,440 [HandlerDaemon-2] INFO  simulation.RequestHandler (RequestHandler.java:run(127)) - s1.serverHandler2 is interrupted by java.io.InterruptedIOException: 
2025-10-10 11:53:27,440 [s1-impl-thread2] INFO  impl.StateMachineUpdater (StateMachineUpdater.java:stopAndJoin(163)) - s1@group-1E8C3A4F0960-StateMachineUpdater: set stopIndex = 15
2025-10-10 11:53:27,429 [HandlerDaemon-1] INFO  simulation.RequestHandler (RequestHandler.java:run(127)) - s8.clientHandler1 is interrupted by java.io.InterruptedIOException: 
2025-10-10 11:53:27,429 [HandlerDaemon-0] INFO  simulation.RequestHandler (RequestHandler.java:run(127)) - s8.clientHandler0 is interrupted by java.io.InterruptedIOException: 
2025-10-10 11:53:27,429 [s8-impl-thread2] INFO  server.RaftServer$Division (RaftServerImpl.java:lambda$close$1(528)) - s8@group-1E8C3A4F0960: shutdown
2025-10-10 11:53:27,440 [s8-impl-thread2] INFO  util.JmxRegister (JmxRegister.java:unregister(74)) - Successfully un-registered JMX Bean with object name Ratis:service=RaftServer,group=group-1E8C3A4F0960,id=s8
2025-10-10 11:53:27,441 [s8-impl-thread2] INFO  impl.RoleInfo (RoleInfo.java:shutdownLeaderState(103)) - s8: shutdown s8@group-1E8C3A4F0960-LeaderStateImpl
2025-10-10 11:53:27,429 [HandlerDaemon-2] INFO  simulation.RequestHandler (RequestHandler.java:run(127)) - s3.serverHandler2 is interrupted by java.io.InterruptedIOException: 
2025-10-10 11:53:27,429 [HandlerDaemon-1] INFO  simulation.RequestHandler (RequestHandler.java:run(127)) - s3.serverHandler1 is interrupted by java.io.InterruptedIOException: 
2025-10-10 11:53:27,429 [HandlerDaemon-0] INFO  simulation.RequestHandler (RequestHandler.java:run(127)) - s3.serverHandler0 is interrupted by java.io.InterruptedIOException: 
2025-10-10 11:53:27,441 [s1@group-1E8C3A4F0960-cacheEviction-AwaitToRun] INFO  util.AwaitToRun (AwaitToRun.java:run(49)) - s1@group-1E8C3A4F0960-cacheEviction-AwaitToRun-AwaitForSignal is interrupted
2025-10-10 11:53:27,441 [s8@group-1E8C3A4F0960->s0-LogAppenderDefault-LogAppenderDaemon] INFO  leader.LogAppenderDaemon (LogAppenderDaemon.java:run(85)) - s8@group-1E8C3A4F0960->s0-LogAppenderDefault-LogAppenderDaemon was interrupted: java.lang.InterruptedException
2025-10-10 11:53:27,439 [s2-impl-thread1] INFO  impl.StateMachineUpdater (StateMachineUpdater.java:stopAndJoin(163)) - s2@group-B596E5D396F8-StateMachineUpdater: set stopIndex = -1
2025-10-10 11:53:27,441 [s8@group-1E8C3A4F0960->s1-LogAppenderDefault-LogAppenderDaemon] INFO  leader.LogAppenderDaemon (LogAppenderDaemon.java:run(85)) - s8@group-1E8C3A4F0960->s1-LogAppenderDefault-LogAppenderDaemon was interrupted: java.lang.InterruptedException
2025-10-10 11:53:27,441 [s2@group-B596E5D396F8-cacheEviction-AwaitToRun] INFO  util.AwaitToRun (AwaitToRun.java:run(49)) - s2@group-B596E5D396F8-cacheEviction-AwaitToRun-AwaitForSignal is interrupted
2025-10-10 11:53:27,441 [s8@group-1E8C3A4F0960->s3-LogAppenderDefault-LogAppenderDaemon] INFO  leader.LogAppenderDaemon (LogAppenderDaemon.java:run(85)) - s8@group-1E8C3A4F0960->s3-LogAppenderDefault-LogAppenderDaemon was interrupted: java.lang.InterruptedException
2025-10-10 11:53:27,439 [s1@group-1E8C3A4F0960-FollowerState] INFO  impl.FollowerState (FollowerState.java:runImpl(170)) - s1@group-1E8C3A4F0960-FollowerState was interrupted
2025-10-10 11:53:27,437 [s2-impl-thread2] INFO  impl.StateMachineUpdater (StateMachineUpdater.java:stopAndJoin(163)) - s2@group-1E8C3A4F0960-StateMachineUpdater: set stopIndex = 15
2025-10-10 11:53:27,436 [s7@group-B596E5D396F8-StateMachineUpdater] INFO  impl.StateMachineUpdater (StateMachineUpdater.java:stop(140)) - s7@group-B596E5D396F8-StateMachineUpdater: closing BaseStateMachine, lastApplied=<INITIAL_VALUE>
2025-10-10 11:53:27,442 [HandlerDaemon-0] INFO  simulation.RequestHandler (RequestHandler.java:run(127)) - s8.serverHandler0 is interrupted by java.io.InterruptedIOException: 
2025-10-10 11:53:27,442 [HandlerDaemon-1] INFO  simulation.RequestHandler (RequestHandler.java:run(127)) - s8.serverHandler1 is interrupted by java.io.InterruptedIOException: 
2025-10-10 11:53:27,442 [s8@group-1E8C3A4F0960->s2-LogAppenderDefault-LogAppenderDaemon] INFO  leader.LogAppenderDaemon (LogAppenderDaemon.java:run(85)) - s8@group-1E8C3A4F0960->s2-LogAppenderDefault-LogAppenderDaemon was interrupted: java.lang.InterruptedException
2025-10-10 11:53:27,443 [s8@group-1E8C3A4F0960->s4-LogAppenderDefault-LogAppenderDaemon] INFO  leader.LogAppenderDaemon (LogAppenderDaemon.java:run(85)) - s8@group-1E8C3A4F0960->s4-LogAppenderDefault-LogAppenderDaemon was interrupted: java.lang.InterruptedException
2025-10-10 11:53:27,443 [s8@group-1E8C3A4F0960->s6-LogAppenderDefault-LogAppenderDaemon] INFO  leader.LogAppenderDaemon (LogAppenderDaemon.java:run(85)) - s8@group-1E8C3A4F0960->s6-LogAppenderDefault-LogAppenderDaemon was interrupted: java.lang.InterruptedException
2025-10-10 11:53:27,436 [s3@group-1E8C3A4F0960-cacheEviction-AwaitToRun] INFO  util.AwaitToRun (AwaitToRun.java:run(49)) - s3@group-1E8C3A4F0960-cacheEviction-AwaitToRun-AwaitForSignal is interrupted
2025-10-10 11:53:27,443 [s8@group-1E8C3A4F0960->s7-LogAppenderDefault-LogAppenderDaemon] INFO  leader.LogAppenderDaemon (LogAppenderDaemon.java:run(85)) - s8@group-1E8C3A4F0960->s7-LogAppenderDefault-LogAppenderDaemon was interrupted: java.lang.InterruptedException
2025-10-10 11:53:27,443 [s8-impl-thread2] INFO  impl.PendingRequests (PendingRequests.java:sendNotLeaderResponses(281)) - s8@group-1E8C3A4F0960-PendingRequests: sendNotLeaderResponses
2025-10-10 11:53:27,435 [s7-impl-thread2] INFO  util.JmxRegister (JmxRegister.java:unregister(74)) - Successfully un-registered JMX Bean with object name Ratis:service=RaftServer,group=group-1E8C3A4F0960,id=s7
2025-10-10 11:53:27,443 [s7-impl-thread2] INFO  impl.RoleInfo (RoleInfo.java:shutdownFollowerState(121)) - s7: shutdown s7@group-1E8C3A4F0960-FollowerState
2025-10-10 11:53:27,435 [s0@group-B596E5D396F8-StateMachineUpdater] INFO  impl.StateMachineUpdater (StateMachineUpdater.java:stop(140)) - s0@group-B596E5D396F8-StateMachineUpdater: closing BaseStateMachine, lastApplied=<INITIAL_VALUE>
2025-10-10 11:53:27,443 [s8@group-1E8C3A4F0960->s5-LogAppenderDefault-LogAppenderDaemon] INFO  leader.LogAppenderDaemon (LogAppenderDaemon.java:run(85)) - s8@group-1E8C3A4F0960->s5-LogAppenderDefault-LogAppenderDaemon was interrupted: java.lang.InterruptedException
2025-10-10 11:53:27,435 [s0-impl-thread1] INFO  impl.StateMachineUpdater (StateMachineUpdater.java:stopAndJoin(163)) - s0@group-B596E5D396F8-StateMachineUpdater: set stopIndex = -1
2025-10-10 11:53:27,434 [s0-impl-thread2] INFO  util.JmxRegister (JmxRegister.java:unregister(74)) - Successfully un-registered JMX Bean with object name Ratis:service=RaftServer,group=group-1E8C3A4F0960,id=s0
2025-10-10 11:53:27,444 [s2@group-1E8C3A4F0960-cacheEviction-AwaitToRun] INFO  util.AwaitToRun (AwaitToRun.java:run(49)) - s2@group-1E8C3A4F0960-cacheEviction-AwaitToRun-AwaitForSignal is interrupted
2025-10-10 11:53:27,434 [HandlerDaemon-0] INFO  simulation.RequestHandler (RequestHandler.java:run(127)) - s0.serverHandler0 is interrupted by java.io.InterruptedIOException: 
2025-10-10 11:53:27,434 [s4@group-1E8C3A4F0960-cacheEviction-AwaitToRun] INFO  util.AwaitToRun (AwaitToRun.java:run(49)) - s4@group-1E8C3A4F0960-cacheEviction-AwaitToRun-AwaitForSignal is interrupted
2025-10-10 11:53:27,446 [s8@group-1E8C3A4F0960-StateMachineUpdater] INFO  impl.StateMachineUpdater (StateMachineUpdater.java:stop(140)) - s8@group-1E8C3A4F0960-StateMachineUpdater: closing BaseStateMachine, lastApplied=(t:1, i:16)
2025-10-10 11:53:27,446 [s8-impl-thread2] INFO  impl.StateMachineUpdater (StateMachineUpdater.java:stopAndJoin(163)) - s8@group-1E8C3A4F0960-StateMachineUpdater: set stopIndex = 16
2025-10-10 11:53:27,446 [s7@group-B596E5D396F8-cacheEviction-AwaitToRun] INFO  util.AwaitToRun (AwaitToRun.java:run(49)) - s7@group-B596E5D396F8-cacheEviction-AwaitToRun-AwaitForSignal is interrupted
2025-10-10 11:53:27,434 [s6-impl-thread1] INFO  util.JmxRegister (JmxRegister.java:unregister(74)) - Successfully un-registered JMX Bean with object name Ratis:service=RaftServer,group=group-B596E5D396F8,id=s6
2025-10-10 11:53:27,446 [s6@group-B596E5D396F8-StateMachineUpdater] INFO  impl.StateMachineUpdater (StateMachineUpdater.java:stop(140)) - s6@group-B596E5D396F8-StateMachineUpdater: closing BaseStateMachine, lastApplied=<INITIAL_VALUE>
2025-10-10 11:53:27,433 [HandlerDaemon-1] INFO  simulation.RequestHandler (RequestHandler.java:run(127)) - s6.serverHandler1 is interrupted by java.io.InterruptedIOException: 
2025-10-10 11:53:27,447 [s6-impl-thread1] INFO  impl.StateMachineUpdater (StateMachineUpdater.java:stopAndJoin(163)) - s6@group-B596E5D396F8-StateMachineUpdater: set stopIndex = -1
2025-10-10 11:53:27,433 [HandlerDaemon-0] INFO  simulation.RequestHandler (RequestHandler.java:run(127)) - s6.serverHandler0 is interrupted by java.io.InterruptedIOException: 
2025-10-10 11:53:27,447 [s6@group-B596E5D396F8-cacheEviction-AwaitToRun] INFO  util.AwaitToRun (AwaitToRun.java:run(49)) - s6@group-B596E5D396F8-cacheEviction-AwaitToRun-AwaitForSignal is interrupted
2025-10-10 11:53:27,433 [s6-impl-thread2] INFO  util.JmxRegister (JmxRegister.java:unregister(74)) - Successfully un-registered JMX Bean with object name Ratis:service=RaftServer,group=group-1E8C3A4F0960,id=s6
2025-10-10 11:53:27,447 [s6-impl-thread2] INFO  impl.RoleInfo (RoleInfo.java:shutdownFollowerState(121)) - s6: shutdown s6@group-1E8C3A4F0960-FollowerState
2025-10-10 11:53:27,447 [s6-impl-thread2] INFO  impl.StateMachineUpdater (StateMachineUpdater.java:stopAndJoin(163)) - s6@group-1E8C3A4F0960-StateMachineUpdater: set stopIndex = 15
2025-10-10 11:53:27,447 [s6@group-1E8C3A4F0960-FollowerState] INFO  impl.FollowerState (FollowerState.java:runImpl(170)) - s6@group-1E8C3A4F0960-FollowerState was interrupted
2025-10-10 11:53:27,448 [s6@group-1E8C3A4F0960-StateMachineUpdater] INFO  impl.StateMachineUpdater (StateMachineUpdater.java:stop(140)) - s6@group-1E8C3A4F0960-StateMachineUpdater: closing BaseStateMachine, lastApplied=(t:1, i:15)
2025-10-10 11:53:27,433 [s4@group-B596E5D396F8-cacheEviction-AwaitToRun] INFO  util.AwaitToRun (AwaitToRun.java:run(49)) - s4@group-B596E5D396F8-cacheEviction-AwaitToRun-AwaitForSignal is interrupted
2025-10-10 11:53:27,446 [s8@group-1E8C3A4F0960-cacheEviction-AwaitToRun] INFO  util.AwaitToRun (AwaitToRun.java:run(49)) - s8@group-1E8C3A4F0960-cacheEviction-AwaitToRun-AwaitForSignal is interrupted
2025-10-10 11:53:27,445 [s0@group-B596E5D396F8-cacheEviction-AwaitToRun] INFO  util.AwaitToRun (AwaitToRun.java:run(49)) - s0@group-B596E5D396F8-cacheEviction-AwaitToRun-AwaitForSignal is interrupted
2025-10-10 11:53:27,444 [s7@group-1E8C3A4F0960-StateMachineUpdater] INFO  impl.StateMachineUpdater (StateMachineUpdater.java:stop(140)) - s7@group-1E8C3A4F0960-StateMachineUpdater: closing BaseStateMachine, lastApplied=(t:1, i:15)
2025-10-10 11:53:27,444 [s0-impl-thread2] INFO  impl.RoleInfo (RoleInfo.java:shutdownFollowerState(121)) - s0: shutdown s0@group-1E8C3A4F0960-FollowerState
2025-10-10 11:53:27,443 [s7@group-1E8C3A4F0960-FollowerState] INFO  impl.FollowerState (FollowerState.java:runImpl(170)) - s7@group-1E8C3A4F0960-FollowerState was interrupted
2025-10-10 11:53:27,449 [s0-impl-thread2] INFO  impl.StateMachineUpdater (StateMachineUpdater.java:stopAndJoin(163)) - s0@group-1E8C3A4F0960-StateMachineUpdater: set stopIndex = 15
2025-10-10 11:53:27,443 [s7-impl-thread2] INFO  impl.StateMachineUpdater (StateMachineUpdater.java:stopAndJoin(163)) - s7@group-1E8C3A4F0960-StateMachineUpdater: set stopIndex = 15
2025-10-10 11:53:27,450 [s7@group-1E8C3A4F0960-cacheEviction-AwaitToRun] INFO  util.AwaitToRun (AwaitToRun.java:run(49)) - s7@group-1E8C3A4F0960-cacheEviction-AwaitToRun-AwaitForSignal is interrupted
2025-10-10 11:53:27,442 [HandlerDaemon-2] INFO  simulation.RequestHandler (RequestHandler.java:run(127)) - s8.serverHandler2 is interrupted by java.io.InterruptedIOException: 
2025-10-10 11:53:27,449 [s0@group-1E8C3A4F0960-StateMachineUpdater] INFO  impl.StateMachineUpdater (StateMachineUpdater.java:stop(140)) - s0@group-1E8C3A4F0960-StateMachineUpdater: closing BaseStateMachine, lastApplied=(t:1, i:15)
2025-10-10 11:53:27,449 [s0@group-1E8C3A4F0960-FollowerState] INFO  impl.FollowerState (FollowerState.java:runImpl(170)) - s0@group-1E8C3A4F0960-FollowerState was interrupted
2025-10-10 11:53:27,450 [s0@group-1E8C3A4F0960-cacheEviction-AwaitToRun] INFO  util.AwaitToRun (AwaitToRun.java:run(49)) - s0@group-1E8C3A4F0960-cacheEviction-AwaitToRun-AwaitForSignal is interrupted
2025-10-10 11:53:27,451 [s7-impl-thread1] INFO  segmented.SegmentedRaftLogWorker (SegmentedRaftLogWorker.java:close(254)) - s7@group-B596E5D396F8-SegmentedRaftLogWorker close()
2025-10-10 11:53:27,448 [s6@group-1E8C3A4F0960-cacheEviction-AwaitToRun] INFO  util.AwaitToRun (AwaitToRun.java:run(49)) - s6@group-1E8C3A4F0960-cacheEviction-AwaitToRun-AwaitForSignal is interrupted
2025-10-10 11:53:27,459 [s8-impl-thread1] INFO  segmented.SegmentedRaftLogWorker (SegmentedRaftLogWorker.java:close(254)) - s8@group-B596E5D396F8-SegmentedRaftLogWorker close()
2025-10-10 11:53:27,466 [s0-impl-thread1] INFO  segmented.SegmentedRaftLogWorker (SegmentedRaftLogWorker.java:close(254)) - s0@group-B596E5D396F8-SegmentedRaftLogWorker close()
2025-10-10 11:53:27,473 [s1-impl-thread1] INFO  segmented.SegmentedRaftLogWorker (SegmentedRaftLogWorker.java:close(254)) - s1@group-B596E5D396F8-SegmentedRaftLogWorker close()
2025-10-10 11:53:27,480 [s2-impl-thread1] INFO  segmented.SegmentedRaftLogWorker (SegmentedRaftLogWorker.java:close(254)) - s2@group-B596E5D396F8-SegmentedRaftLogWorker close()
2025-10-10 11:53:28,413 [s8-impl-thread2] INFO  segmented.SegmentedRaftLogWorker (SegmentedRaftLogWorker.java:close(254)) - s8@group-1E8C3A4F0960-SegmentedRaftLogWorker close()
2025-10-10 11:53:28,414 [JvmPauseMonitor27] INFO  util.JvmPauseMonitor (JvmPauseMonitor.java:run(152)) - JvmPauseMonitor-s8: Stopped
2025-10-10 11:53:28,414 [s6-impl-thread2] INFO  segmented.SegmentedRaftLogWorker (SegmentedRaftLogWorker.java:close(254)) - s6@group-1E8C3A4F0960-SegmentedRaftLogWorker close()
2025-10-10 11:53:28,415 [s1-impl-thread2] INFO  segmented.SegmentedRaftLogWorker (SegmentedRaftLogWorker.java:close(254)) - s1@group-1E8C3A4F0960-SegmentedRaftLogWorker close()
2025-10-10 11:53:28,415 [s2-impl-thread2] INFO  segmented.SegmentedRaftLogWorker (SegmentedRaftLogWorker.java:close(254)) - s2@group-1E8C3A4F0960-SegmentedRaftLogWorker close()
2025-10-10 11:53:28,415 [s4-impl-thread2] INFO  segmented.SegmentedRaftLogWorker (SegmentedRaftLogWorker.java:close(254)) - s4@group-1E8C3A4F0960-SegmentedRaftLogWorker close()
2025-10-10 11:53:28,417 [s3-impl-thread2] INFO  segmented.SegmentedRaftLogWorker (SegmentedRaftLogWorker.java:close(254)) - s3@group-1E8C3A4F0960-SegmentedRaftLogWorker close()
2025-10-10 11:53:28,418 [s0-impl-thread2] INFO  segmented.SegmentedRaftLogWorker (SegmentedRaftLogWorker.java:close(254)) - s0@group-1E8C3A4F0960-SegmentedRaftLogWorker close()
2025-10-10 11:53:28,421 [s7-impl-thread2] INFO  segmented.SegmentedRaftLogWorker (SegmentedRaftLogWorker.java:close(254)) - s7@group-1E8C3A4F0960-SegmentedRaftLogWorker close()
2025-10-10 11:53:28,421 [s3-impl-thread1] INFO  segmented.SegmentedRaftLogWorker (SegmentedRaftLogWorker.java:close(254)) - s3@group-B596E5D396F8-SegmentedRaftLogWorker close()
2025-10-10 11:53:28,422 [s5-impl-thread2] INFO  segmented.SegmentedRaftLogWorker (SegmentedRaftLogWorker.java:close(254)) - s5@group-1E8C3A4F0960-SegmentedRaftLogWorker close()
2025-10-10 11:53:28,426 [s4-impl-thread1] INFO  segmented.SegmentedRaftLogWorker (SegmentedRaftLogWorker.java:close(254)) - s4@group-B596E5D396F8-SegmentedRaftLogWorker close()
2025-10-10 11:53:28,431 [JvmPauseMonitor29] INFO  util.JvmPauseMonitor (JvmPauseMonitor.java:run(152)) - JvmPauseMonitor-s1: Stopped
2025-10-10 11:53:28,431 [JvmPauseMonitor30] INFO  util.JvmPauseMonitor (JvmPauseMonitor.java:run(152)) - JvmPauseMonitor-s2: Stopped
2025-10-10 11:53:28,434 [s5-impl-thread1] INFO  segmented.SegmentedRaftLogWorker (SegmentedRaftLogWorker.java:close(254)) - s5@group-B596E5D396F8-SegmentedRaftLogWorker close()
2025-10-10 11:53:28,434 [JvmPauseMonitor28] INFO  util.JvmPauseMonitor (JvmPauseMonitor.java:run(152)) - JvmPauseMonitor-s0: Stopped
2025-10-10 11:53:28,436 [JvmPauseMonitor22] INFO  util.JvmPauseMonitor (JvmPauseMonitor.java:run(152)) - JvmPauseMonitor-s3: Stopped
2025-10-10 11:53:28,436 [JvmPauseMonitor26] INFO  util.JvmPauseMonitor (JvmPauseMonitor.java:run(152)) - JvmPauseMonitor-s7: Stopped
2025-10-10 11:53:28,437 [JvmPauseMonitor23] INFO  util.JvmPauseMonitor (JvmPauseMonitor.java:run(152)) - JvmPauseMonitor-s4: Stopped
2025-10-10 11:53:28,437 [JvmPauseMonitor24] INFO  util.JvmPauseMonitor (JvmPauseMonitor.java:run(152)) - JvmPauseMonitor-s5: Stopped
2025-10-10 11:53:28,442 [s6-impl-thread1] INFO  segmented.SegmentedRaftLogWorker (SegmentedRaftLogWorker.java:close(254)) - s6@group-B596E5D396F8-SegmentedRaftLogWorker close()
2025-10-10 11:53:28,443 [JvmPauseMonitor25] INFO  util.JvmPauseMonitor (JvmPauseMonitor.java:run(152)) - JvmPauseMonitor-s6: Stopped
]]></system-out>
  </testcase>
  <testcase name="testGroupAlreadyExists" classname="org.apache.ratis.server.simulation.TestGroupManagementWithSimulatedRpc" time="0.003">
    <failure message="Unexpected exit." type="java.lang.AssertionError"><![CDATA[java.lang.AssertionError: Unexpected exit.
	at org.apache.ratis.util.ExitUtils.assertNotTerminated(ExitUtils.java:109)
	at org.apache.ratis.BaseTest.assertNoFailures(BaseTest.java:99)
	at java.lang.reflect.Method.invoke(Method.java:498)
	at java.util.ArrayList.forEach(ArrayList.java:1259)
	at java.util.ArrayList.forEach(ArrayList.java:1259)
	Suppressed: org.opentest4j.TestAbortedException: Assumption failed: Already exited with org.apache.ratis.util.ExitUtils$ExitException: s0.serverHandler2 is terminating.
		at org.apache.ratis.BaseTest.checkAssumptions(BaseTest.java:89)
		at org.apache.ratis.BaseTest.setup(BaseTest.java:76)
		... 3 more
Caused by: org.apache.ratis.util.ExitUtils$ExitException: s0.serverHandler2 is terminating.
	at org.apache.ratis.util.ExitUtils.terminate(ExitUtils.java:141)
	at org.apache.ratis.util.ExitUtils.terminate(ExitUtils.java:151)
	at org.apache.ratis.server.simulation.RequestHandler$HandlerDaemon.run(RequestHandler.java:138)
Caused by: java.lang.IllegalStateException: s0@group-C0E65F787AE8-SegmentedRaftLog is expected to be opened but it is CLOSED
	at org.apache.ratis.util.OpenCloseState.assertOpen(OpenCloseState.java:63)
	at org.apache.ratis.server.raftlog.RaftLogBase.checkLogState(RaftLogBase.java:113)
	at org.apache.ratis.server.raftlog.segmented.SegmentedRaftLog.getLastEntryTermIndex(SegmentedRaftLog.java:356)
	at org.apache.ratis.server.impl.ServerState.getLastEntry(ServerState.java:316)
	at org.apache.ratis.server.impl.RaftServerImpl.requestVote(RaftServerImpl.java:1466)
	at org.apache.ratis.server.impl.RaftServerImpl.requestVote(RaftServerImpl.java:1422)
	at org.apache.ratis.server.impl.RaftServerProxy.requestVote(RaftServerProxy.java:642)
	at org.apache.ratis.server.simulation.SimulatedServerRpc$1.handleRequest(SimulatedServerRpc.java:165)
	at org.apache.ratis.server.simulation.SimulatedServerRpc$1.handleRequest(SimulatedServerRpc.java:153)
	at org.apache.ratis.server.simulation.RequestHandler.handleRequest(RequestHandler.java:91)
	at org.apache.ratis.server.simulation.RequestHandler$HandlerDaemon.run(RequestHandler.java:125)
Caused by: org.apache.ratis.util.OpenCloseState$CloseTrace: Close s0@group-C0E65F787AE8-SegmentedRaftLog
	at org.apache.ratis.util.OpenCloseState.lambda$close$1(OpenCloseState.java:109)
	at java.util.concurrent.atomic.AtomicReference.getAndUpdate(AtomicReference.java:160)
	at org.apache.ratis.util.OpenCloseState.close(OpenCloseState.java:109)
	at org.apache.ratis.server.raftlog.RaftLogBase.close(RaftLogBase.java:394)
	at org.apache.ratis.server.raftlog.segmented.SegmentedRaftLog.close(SegmentedRaftLog.java:528)
	at org.apache.ratis.server.impl.ServerState.close(ServerState.java:440)
	at org.apache.ratis.server.impl.RaftServerImpl.lambda$close$1(RaftServerImpl.java:550)
	at org.apache.ratis.util.LifeCycle.lambda$checkStateAndClose$7(LifeCycle.java:309)
	at org.apache.ratis.util.LifeCycle.checkStateAndClose(LifeCycle.java:329)
	at org.apache.ratis.util.LifeCycle.checkStateAndClose(LifeCycle.java:307)
	at org.apache.ratis.server.impl.RaftServerImpl.close(RaftServerImpl.java:527)
	at org.apache.ratis.server.impl.RaftServerImpl.groupRemove(RaftServerImpl.java:485)
	at org.apache.ratis.server.impl.RaftServerProxy.lambda$groupRemoveAsync$15(RaftServerProxy.java:554)
	at java.util.concurrent.CompletableFuture.uniApply(CompletableFuture.java:616)
	at java.util.concurrent.CompletableFuture.uniApplyStage(CompletableFuture.java:628)
	at java.util.concurrent.CompletableFuture.thenApply(CompletableFuture.java:1996)
	at org.apache.ratis.server.impl.RaftServerProxy.groupRemoveAsync(RaftServerProxy.java:553)
	at org.apache.ratis.server.impl.RaftServerProxy.groupManagementAsync(RaftServerProxy.java:502)
	at org.apache.ratis.server.impl.RaftServerProxy.groupManagement(RaftServerProxy.java:482)
	at org.apache.ratis.server.simulation.SimulatedServerRpc$2.handleRequest(SimulatedServerRpc.java:189)
	at org.apache.ratis.server.simulation.SimulatedServerRpc$2.handleRequest(SimulatedServerRpc.java:177)
	... 2 more
]]></failure>
    <system-out><![CDATA[2025-10-10 11:53:28,451 [main] INFO  util.LogUtils (Slf4jUtils.java:setLogLevel(38)) - Successfully set org.apache.ratis.conf.ConfUtils log level to WARN
2025-10-10 11:53:28,451 [main] INFO  util.LogUtils (Slf4jUtils.java:setLogLevel(38)) - Successfully set org.apache.ratis.util.FileUtils log level to TRACE
2025-10-10 11:53:28,451 [main] INFO  util.LogUtils (Slf4jUtils.java:setLogLevel(38)) - Successfully set org.apache.ratis.server.RaftServer log level to DEBUG
2025-10-10 11:53:28,451 [main] INFO  util.LogUtils (Slf4jUtils.java:setLogLevel(38)) - Successfully set org.apache.ratis.server.RaftServer$Division log level to DEBUG
2025-10-10 11:53:28,452 [main] INFO  util.LogUtils (Slf4jUtils.java:setLogLevel(38)) - Successfully set org.apache.ratis.client.RaftClient log level to DEBUG
]]></system-out>
  </testcase>
  <testcase name="testGroupWithPriority" classname="org.apache.ratis.server.simulation.TestGroupManagementWithSimulatedRpc" time="0.003">
    <failure message="Unexpected exit." type="java.lang.AssertionError"><![CDATA[java.lang.AssertionError: Unexpected exit.
	at org.apache.ratis.util.ExitUtils.assertNotTerminated(ExitUtils.java:109)
	at org.apache.ratis.BaseTest.assertNoFailures(BaseTest.java:99)
	at java.lang.reflect.Method.invoke(Method.java:498)
	at java.util.ArrayList.forEach(ArrayList.java:1259)
	at java.util.ArrayList.forEach(ArrayList.java:1259)
	Suppressed: org.opentest4j.TestAbortedException: Assumption failed: Already exited with org.apache.ratis.util.ExitUtils$ExitException: s0.serverHandler2 is terminating.
		at org.apache.ratis.BaseTest.checkAssumptions(BaseTest.java:89)
		at org.apache.ratis.BaseTest.setup(BaseTest.java:76)
		... 3 more
Caused by: org.apache.ratis.util.ExitUtils$ExitException: s0.serverHandler2 is terminating.
	at org.apache.ratis.util.ExitUtils.terminate(ExitUtils.java:141)
	at org.apache.ratis.util.ExitUtils.terminate(ExitUtils.java:151)
	at org.apache.ratis.server.simulation.RequestHandler$HandlerDaemon.run(RequestHandler.java:138)
Caused by: java.lang.IllegalStateException: s0@group-C0E65F787AE8-SegmentedRaftLog is expected to be opened but it is CLOSED
	at org.apache.ratis.util.OpenCloseState.assertOpen(OpenCloseState.java:63)
	at org.apache.ratis.server.raftlog.RaftLogBase.checkLogState(RaftLogBase.java:113)
	at org.apache.ratis.server.raftlog.segmented.SegmentedRaftLog.getLastEntryTermIndex(SegmentedRaftLog.java:356)
	at org.apache.ratis.server.impl.ServerState.getLastEntry(ServerState.java:316)
	at org.apache.ratis.server.impl.RaftServerImpl.requestVote(RaftServerImpl.java:1466)
	at org.apache.ratis.server.impl.RaftServerImpl.requestVote(RaftServerImpl.java:1422)
	at org.apache.ratis.server.impl.RaftServerProxy.requestVote(RaftServerProxy.java:642)
	at org.apache.ratis.server.simulation.SimulatedServerRpc$1.handleRequest(SimulatedServerRpc.java:165)
	at org.apache.ratis.server.simulation.SimulatedServerRpc$1.handleRequest(SimulatedServerRpc.java:153)
	at org.apache.ratis.server.simulation.RequestHandler.handleRequest(RequestHandler.java:91)
	at org.apache.ratis.server.simulation.RequestHandler$HandlerDaemon.run(RequestHandler.java:125)
Caused by: org.apache.ratis.util.OpenCloseState$CloseTrace: Close s0@group-C0E65F787AE8-SegmentedRaftLog
	at org.apache.ratis.util.OpenCloseState.lambda$close$1(OpenCloseState.java:109)
	at java.util.concurrent.atomic.AtomicReference.getAndUpdate(AtomicReference.java:160)
	at org.apache.ratis.util.OpenCloseState.close(OpenCloseState.java:109)
	at org.apache.ratis.server.raftlog.RaftLogBase.close(RaftLogBase.java:394)
	at org.apache.ratis.server.raftlog.segmented.SegmentedRaftLog.close(SegmentedRaftLog.java:528)
	at org.apache.ratis.server.impl.ServerState.close(ServerState.java:440)
	at org.apache.ratis.server.impl.RaftServerImpl.lambda$close$1(RaftServerImpl.java:550)
	at org.apache.ratis.util.LifeCycle.lambda$checkStateAndClose$7(LifeCycle.java:309)
	at org.apache.ratis.util.LifeCycle.checkStateAndClose(LifeCycle.java:329)
	at org.apache.ratis.util.LifeCycle.checkStateAndClose(LifeCycle.java:307)
	at org.apache.ratis.server.impl.RaftServerImpl.close(RaftServerImpl.java:527)
	at org.apache.ratis.server.impl.RaftServerImpl.groupRemove(RaftServerImpl.java:485)
	at org.apache.ratis.server.impl.RaftServerProxy.lambda$groupRemoveAsync$15(RaftServerProxy.java:554)
	at java.util.concurrent.CompletableFuture.uniApply(CompletableFuture.java:616)
	at java.util.concurrent.CompletableFuture.uniApplyStage(CompletableFuture.java:628)
	at java.util.concurrent.CompletableFuture.thenApply(CompletableFuture.java:1996)
	at org.apache.ratis.server.impl.RaftServerProxy.groupRemoveAsync(RaftServerProxy.java:553)
	at org.apache.ratis.server.impl.RaftServerProxy.groupManagementAsync(RaftServerProxy.java:502)
	at org.apache.ratis.server.impl.RaftServerProxy.groupManagement(RaftServerProxy.java:482)
	at org.apache.ratis.server.simulation.SimulatedServerRpc$2.handleRequest(SimulatedServerRpc.java:189)
	at org.apache.ratis.server.simulation.SimulatedServerRpc$2.handleRequest(SimulatedServerRpc.java:177)
	... 2 more
]]></failure>
    <system-out><![CDATA[2025-10-10 11:53:28,455 [main] INFO  util.LogUtils (Slf4jUtils.java:setLogLevel(38)) - Successfully set org.apache.ratis.conf.ConfUtils log level to WARN
2025-10-10 11:53:28,456 [main] INFO  util.LogUtils (Slf4jUtils.java:setLogLevel(38)) - Successfully set org.apache.ratis.util.FileUtils log level to TRACE
2025-10-10 11:53:28,456 [main] INFO  util.LogUtils (Slf4jUtils.java:setLogLevel(38)) - Successfully set org.apache.ratis.server.RaftServer log level to DEBUG
2025-10-10 11:53:28,456 [main] INFO  util.LogUtils (Slf4jUtils.java:setLogLevel(38)) - Successfully set org.apache.ratis.server.RaftServer$Division log level to DEBUG
2025-10-10 11:53:28,456 [main] INFO  util.LogUtils (Slf4jUtils.java:setLogLevel(38)) - Successfully set org.apache.ratis.client.RaftClient log level to DEBUG
]]></system-out>
  </testcase>
</testsuite>