<?xml version="1.0" encoding="UTF-8"?>
<testsuite xmlns:xsi="http://www.w3.org/2001/XMLSchema-instance" xsi:noNamespaceSchemaLocation="https://maven.apache.org/surefire/maven-surefire-plugin/xsd/surefire-test-report-3.0.xsd" version="3.0" name="org.apache.ratis.grpc.TestRaftLogTruncateWithGrpc" time="11.073" tests="1" errors="0" skipped="0" failures="1">
  <properties>
    <property name="awt.toolkit" value="sun.awt.X11.XToolkit"/>
    <property name="file.encoding.pkg" value="sun.io"/>
    <property name="java.specification.version" value="1.8"/>
    <property name="sun.cpu.isalist" value=""/>
    <property name="sun.jnu.encoding" value="UTF-8"/>
    <property name="java.class.path" value="/home/runner/work/ratis/ratis/ratis-test/target/test-classes:/home/runner/work/ratis/ratis/ratis-test/target/classes:/home/runner/work/ratis/ratis/ratis-common/target/classes:/home/runner/.m2/repository/org/apache/ratis/ratis-thirdparty-misc/1.0.8/ratis-thirdparty-misc-1.0.8.jar:/home/runner/work/ratis/ratis/ratis-proto/target/classes:/home/runner/work/ratis/ratis/ratis-common/target/test-classes:/home/runner/work/ratis/ratis/ratis-client/target/classes:/home/runner/work/ratis/ratis/ratis-server/target/classes:/home/runner/work/ratis/ratis/ratis-server-api/target/classes:/home/runner/work/ratis/ratis/ratis-metrics-api/target/classes:/home/runner/work/ratis/ratis/ratis-server/target/test-classes:/home/runner/work/ratis/ratis/ratis-metrics-default/target/classes:/home/runner/work/ratis/ratis/ratis-netty/target/classes:/home/runner/work/ratis/ratis/ratis-netty/target/test-classes:/home/runner/work/ratis/ratis/ratis-grpc/target/classes:/home/runner/work/ratis/ratis/ratis-grpc/target/test-classes:/home/runner/work/ratis/ratis/ratis-shell/target/classes:/home/runner/.m2/repository/commons-cli/commons-cli/1.5.0/commons-cli-1.5.0.jar:/home/runner/.m2/repository/org/reflections/reflections/0.10.2/reflections-0.10.2.jar:/home/runner/.m2/repository/org/javassist/javassist/3.28.0-GA/javassist-3.28.0-GA.jar:/home/runner/.m2/repository/com/google/code/findbugs/jsr305/3.0.2/jsr305-3.0.2.jar:/home/runner/.m2/repository/org/bouncycastle/bcprov-jdk18on/1.78.1/bcprov-jdk18on-1.78.1.jar:/home/runner/.m2/repository/org/bouncycastle/bcpkix-jdk18on/1.78.1/bcpkix-jdk18on-1.78.1.jar:/home/runner/.m2/repository/org/bouncycastle/bcutil-jdk18on/1.78.1/bcutil-jdk18on-1.78.1.jar:/home/runner/.m2/repository/org/slf4j/slf4j-api/2.0.7/slf4j-api-2.0.7.jar:/home/runner/.m2/repository/org/slf4j/slf4j-reload4j/2.0.7/slf4j-reload4j-2.0.7.jar:/home/runner/.m2/repository/ch/qos/reload4j/reload4j/1.2.22/reload4j-1.2.22.jar:/home/runner/.m2/repository/junit/junit/4.13.2/junit-4.13.2.jar:/home/runner/.m2/repository/org/hamcrest/hamcrest-core/1.3/hamcrest-core-1.3.jar:/home/runner/.m2/repository/org/junit/jupiter/junit-jupiter-engine/5.11.2/junit-jupiter-engine-5.11.2.jar:/home/runner/.m2/repository/org/junit/platform/junit-platform-engine/1.11.2/junit-platform-engine-1.11.2.jar:/home/runner/.m2/repository/org/apiguardian/apiguardian-api/1.1.2/apiguardian-api-1.1.2.jar:/home/runner/.m2/repository/org/junit/jupiter/junit-jupiter-api/5.11.2/junit-jupiter-api-5.11.2.jar:/home/runner/.m2/repository/org/opentest4j/opentest4j/1.3.0/opentest4j-1.3.0.jar:/home/runner/.m2/repository/org/junit/platform/junit-platform-commons/1.11.2/junit-platform-commons-1.11.2.jar:/home/runner/.m2/repository/org/junit/jupiter/junit-jupiter-params/5.11.2/junit-jupiter-params-5.11.2.jar:/home/runner/.m2/repository/org/mockito/mockito-core/4.3.1/mockito-core-4.3.1.jar:/home/runner/.m2/repository/net/bytebuddy/byte-buddy/1.12.7/byte-buddy-1.12.7.jar:/home/runner/.m2/repository/net/bytebuddy/byte-buddy-agent/1.12.7/byte-buddy-agent-1.12.7.jar:/home/runner/.m2/repository/org/objenesis/objenesis/3.2/objenesis-3.2.jar:/home/runner/work/ratis/ratis/ratis-test/target/gradle-enterprise/test-listeners.jar:"/>
    <property name="java.vm.vendor" value="Temurin"/>
    <property name="sun.arch.data.model" value="64"/>
    <property name="java.vendor.url" value="https://adoptium.net/"/>
    <property name="user.timezone" value="Etc/UTC"/>
    <property name="java.vm.specification.version" value="1.8"/>
    <property name="os.name" value="Linux"/>
    <property name="sun.java.launcher" value="SUN_STANDARD"/>
    <property name="sun.boot.library.path" value="/usr/lib/jvm/temurin-8-jdk-amd64/jre/lib/amd64"/>
    <property name="sun.java.command" value="/home/runner/work/ratis/ratis/ratis-test/target/surefire/surefirebooter3499651724121052318.jar /home/runner/work/ratis/ratis/ratis-test/target/surefire 2025-01-02T19-23-47_690-jvmRun1 surefire4460499232447816787tmp surefire_75328691705147080699tmp"/>
    <property name="surefire.test.class.path" value="/home/runner/work/ratis/ratis/ratis-test/target/test-classes:/home/runner/work/ratis/ratis/ratis-test/target/classes:/home/runner/work/ratis/ratis/ratis-common/target/classes:/home/runner/.m2/repository/org/apache/ratis/ratis-thirdparty-misc/1.0.8/ratis-thirdparty-misc-1.0.8.jar:/home/runner/work/ratis/ratis/ratis-proto/target/classes:/home/runner/work/ratis/ratis/ratis-common/target/test-classes:/home/runner/work/ratis/ratis/ratis-client/target/classes:/home/runner/work/ratis/ratis/ratis-server/target/classes:/home/runner/work/ratis/ratis/ratis-server-api/target/classes:/home/runner/work/ratis/ratis/ratis-metrics-api/target/classes:/home/runner/work/ratis/ratis/ratis-server/target/test-classes:/home/runner/work/ratis/ratis/ratis-metrics-default/target/classes:/home/runner/work/ratis/ratis/ratis-netty/target/classes:/home/runner/work/ratis/ratis/ratis-netty/target/test-classes:/home/runner/work/ratis/ratis/ratis-grpc/target/classes:/home/runner/work/ratis/ratis/ratis-grpc/target/test-classes:/home/runner/work/ratis/ratis/ratis-shell/target/classes:/home/runner/.m2/repository/commons-cli/commons-cli/1.5.0/commons-cli-1.5.0.jar:/home/runner/.m2/repository/org/reflections/reflections/0.10.2/reflections-0.10.2.jar:/home/runner/.m2/repository/org/javassist/javassist/3.28.0-GA/javassist-3.28.0-GA.jar:/home/runner/.m2/repository/com/google/code/findbugs/jsr305/3.0.2/jsr305-3.0.2.jar:/home/runner/.m2/repository/org/bouncycastle/bcprov-jdk18on/1.78.1/bcprov-jdk18on-1.78.1.jar:/home/runner/.m2/repository/org/bouncycastle/bcpkix-jdk18on/1.78.1/bcpkix-jdk18on-1.78.1.jar:/home/runner/.m2/repository/org/bouncycastle/bcutil-jdk18on/1.78.1/bcutil-jdk18on-1.78.1.jar:/home/runner/.m2/repository/org/slf4j/slf4j-api/2.0.7/slf4j-api-2.0.7.jar:/home/runner/.m2/repository/org/slf4j/slf4j-reload4j/2.0.7/slf4j-reload4j-2.0.7.jar:/home/runner/.m2/repository/ch/qos/reload4j/reload4j/1.2.22/reload4j-1.2.22.jar:/home/runner/.m2/repository/junit/junit/4.13.2/junit-4.13.2.jar:/home/runner/.m2/repository/org/hamcrest/hamcrest-core/1.3/hamcrest-core-1.3.jar:/home/runner/.m2/repository/org/junit/jupiter/junit-jupiter-engine/5.11.2/junit-jupiter-engine-5.11.2.jar:/home/runner/.m2/repository/org/junit/platform/junit-platform-engine/1.11.2/junit-platform-engine-1.11.2.jar:/home/runner/.m2/repository/org/apiguardian/apiguardian-api/1.1.2/apiguardian-api-1.1.2.jar:/home/runner/.m2/repository/org/junit/jupiter/junit-jupiter-api/5.11.2/junit-jupiter-api-5.11.2.jar:/home/runner/.m2/repository/org/opentest4j/opentest4j/1.3.0/opentest4j-1.3.0.jar:/home/runner/.m2/repository/org/junit/platform/junit-platform-commons/1.11.2/junit-platform-commons-1.11.2.jar:/home/runner/.m2/repository/org/junit/jupiter/junit-jupiter-params/5.11.2/junit-jupiter-params-5.11.2.jar:/home/runner/.m2/repository/org/mockito/mockito-core/4.3.1/mockito-core-4.3.1.jar:/home/runner/.m2/repository/net/bytebuddy/byte-buddy/1.12.7/byte-buddy-1.12.7.jar:/home/runner/.m2/repository/net/bytebuddy/byte-buddy-agent/1.12.7/byte-buddy-agent-1.12.7.jar:/home/runner/.m2/repository/org/objenesis/objenesis/3.2/objenesis-3.2.jar:/home/runner/work/ratis/ratis/ratis-test/target/gradle-enterprise/test-listeners.jar:"/>
    <property name="sun.cpu.endian" value="little"/>
    <property name="user.home" value="/home/runner"/>
    <property name="user.language" value="en"/>
    <property name="java.specification.vendor" value="Oracle Corporation"/>
    <property name="java.home" value="/usr/lib/jvm/temurin-8-jdk-amd64/jre"/>
    <property name="jacoco.skip" value="true"/>
    <property name="basedir" value="/home/runner/work/ratis/ratis/ratis-test"/>
    <property name="file.separator" value="/"/>
    <property name="line.separator" value="&#10;"/>
    <property name="java.vm.specification.vendor" value="Oracle Corporation"/>
    <property name="java.specification.name" value="Java Platform API Specification"/>
    <property name="java.awt.graphicsenv" value="sun.awt.X11GraphicsEnvironment"/>
    <property name="surefire.real.class.path" value="/home/runner/work/ratis/ratis/ratis-test/target/surefire/surefirebooter3499651724121052318.jar"/>
    <property name="sun.boot.class.path" value="/usr/lib/jvm/temurin-8-jdk-amd64/jre/lib/resources.jar:/usr/lib/jvm/temurin-8-jdk-amd64/jre/lib/rt.jar:/usr/lib/jvm/temurin-8-jdk-amd64/jre/lib/sunrsasign.jar:/usr/lib/jvm/temurin-8-jdk-amd64/jre/lib/jsse.jar:/usr/lib/jvm/temurin-8-jdk-amd64/jre/lib/jce.jar:/usr/lib/jvm/temurin-8-jdk-amd64/jre/lib/charsets.jar:/usr/lib/jvm/temurin-8-jdk-amd64/jre/lib/jfr.jar:/usr/lib/jvm/temurin-8-jdk-amd64/jre/classes"/>
    <property name="sun.management.compiler" value="HotSpot 64-Bit Tiered Compilers"/>
    <property name="java.runtime.version" value="1.8.0_432-b06"/>
    <property name="java.net.preferIPv4Stack" value="true"/>
    <property name="user.name" value="runner"/>
    <property name="path.separator" value=":"/>
    <property name="os.version" value="5.15.0-1074-azure"/>
    <property name="java.endorsed.dirs" value="/usr/lib/jvm/temurin-8-jdk-amd64/jre/lib/endorsed"/>
    <property name="java.runtime.name" value="OpenJDK Runtime Environment"/>
    <property name="com.gradle.maven.scan.extension.test.listener.junitplatform.NestedExecutionSafeDelegatingTestExecutionListener" value="6c49835d"/>
    <property name="file.encoding" value="UTF-8"/>
    <property name="java.vm.name" value="OpenJDK 64-Bit Server VM"/>
    <property name="develocity.listener.surefire.forkId" value="1"/>
    <property name="localRepository" value="/home/runner/.m2/repository"/>
    <property name="java.vendor.url.bug" value="https://github.com/adoptium/adoptium-support/issues"/>
    <property name="java.io.tmpdir" value="/tmp"/>
    <property name="java.version" value="1.8.0_432"/>
    <property name="user.dir" value="/home/runner/work/ratis/ratis/ratis-test"/>
    <property name="os.arch" value="amd64"/>
    <property name="ratis.tmp.dir" value="/home/runner/work/ratis/ratis/ratis-test/target/tmp"/>
    <property name="java.vm.specification.name" value="Java Virtual Machine Specification"/>
    <property name="java.awt.printerjob" value="sun.print.PSPrinterJob"/>
    <property name="ratis.log.dir" value="/home/runner/work/ratis/ratis/ratis-test/target/log"/>
    <property name="sun.os.patch.level" value="unknown"/>
    <property name="org.apache.ratis.thirdparty.io.netty.allocator.useCacheForAllThreads" value="false"/>
    <property name="java.library.path" value="/usr/java/packages/lib/amd64:/usr/lib64:/lib64:/lib:/usr/lib"/>
    <property name="java.vm.info" value="mixed mode"/>
    <property name="java.vendor" value="Temurin"/>
    <property name="java.vm.version" value="25.432-b06"/>
    <property name="java.specification.maintenance.version" value="6"/>
    <property name="develocity.listener.port" value="36545"/>
    <property name="java.ext.dirs" value="/usr/lib/jvm/temurin-8-jdk-amd64/jre/lib/ext:/usr/java/packages/lib/ext"/>
    <property name="sun.io.unicode.encoding" value="UnicodeLittle"/>
    <property name="develocity.listener.noTestOutputCapturing" value="true"/>
    <property name="java.class.version" value="52.0"/>
  </properties>
  <testcase name="testLogTruncate" classname="org.apache.ratis.grpc.TestRaftLogTruncateWithGrpc" time="10.944">
    <failure type="org.opentest4j.AssertionFailedError"><![CDATA[org.opentest4j.AssertionFailedError: s1 TransactionContextMap is non-empty: {(t:2, i:9)=Memoized:org.apache.ratis.statemachine.impl.TransactionContextImpl@c9d0d6} ==> expected: <true> but was: <false>
	at org.apache.ratis.RaftLogTruncateTests.assertEmptyTransactionContextMap(RaftLogTruncateTests.java:244)
	at org.apache.ratis.RaftLogTruncateTests.runTestLogTruncate(RaftLogTruncateTests.java:148)
	at org.apache.ratis.RaftLogTruncateTests.runTestLogTruncate(RaftLogTruncateTests.java:116)
	at org.apache.ratis.server.impl.MiniRaftCluster$Factory$Get.runWithNewCluster(MiniRaftCluster.java:144)
	at org.apache.ratis.server.impl.MiniRaftCluster$Factory$Get.runWithNewCluster(MiniRaftCluster.java:121)
	at org.apache.ratis.RaftLogTruncateTests.testLogTruncate(RaftLogTruncateTests.java:94)
	at java.lang.reflect.Method.invoke(Method.java:498)
	at java.util.ArrayList.forEach(ArrayList.java:1259)
	at java.util.ArrayList.forEach(ArrayList.java:1259)
]]></failure>
    <system-out><![CDATA[2025-01-02 19:25:58,889 [main] INFO  util.LogUtils (Slf4jUtils.java:setLogLevel(38)) - Successfully set org.apache.ratis.conf.ConfUtils log level to WARN
2025-01-02 19:25:58,891 [main] INFO  util.LogUtils (Slf4jUtils.java:setLogLevel(38)) - Successfully set org.apache.ratis.util.FileUtils log level to TRACE
2025-01-02 19:25:58,921 [main] INFO  util.LogUtils (Slf4jUtils.java:setLogLevel(38)) - Successfully set org.apache.ratis.server.impl.TransactionManager log level to TRACE
2025-01-02 19:25:58,924 [main] INFO  util.LogUtils (Slf4jUtils.java:setLogLevel(38)) - Successfully set org.apache.ratis.client.impl.OrderedAsync log level to ERROR
2025-01-02 19:25:58,925 [main] INFO  util.LogUtils (Slf4jUtils.java:setLogLevel(38)) - Successfully set org.apache.ratis.server.RaftServerConfigKeys log level to ERROR
2025-01-02 19:25:58,926 [main] INFO  util.LogUtils (Slf4jUtils.java:setLogLevel(38)) - Successfully set org.apache.ratis.client.RaftClientConfigKeys log level to ERROR
2025-01-02 19:25:58,926 [main] INFO  util.LogUtils (Slf4jUtils.java:setLogLevel(38)) - Successfully set org.apache.ratis.client.RaftClientConfigKeys log level to ERROR
2025-01-02 19:25:58,946 [main] INFO  util.LeakDetector (LeakDetector.java:start(124)) - Starting leak detector thread NONE0.
2025-01-02 19:25:58,952 [main] INFO  impl.MiniRaftCluster (MiniRaftCluster.java:runWithNewCluster(137)) - Running runWithNewCluster
2025-01-02 19:25:58,962 [main] INFO  impl.MiniRaftCluster (MiniRaftCluster.java:<init>(319)) - new MiniRaftClusterWithGrpc with group-6C878CB992E6:[s3|localhost:15012, s4|localhost:15016, s0|localhost:15000, s1|localhost:15004, s2|localhost:15008]
2025-01-02 19:25:58,962 [main] INFO  impl.MiniRaftCluster (MiniRaftCluster.java:start(352)) - .............................................................. 
2025-01-02 19:25:58,963 [main] INFO  impl.MiniRaftCluster (MiniRaftCluster.java:start(353)) - ... 
2025-01-02 19:25:58,963 [main] INFO  impl.MiniRaftCluster (MiniRaftCluster.java:start(354)) - ...     Starting MiniRaftClusterWithGrpc
2025-01-02 19:25:58,963 [main] INFO  impl.MiniRaftCluster (MiniRaftCluster.java:start(355)) - ... 
2025-01-02 19:25:58,963 [main] INFO  impl.MiniRaftCluster (MiniRaftCluster.java:start(356)) - .............................................................. 
2025-01-02 19:25:58,963 [main] INFO  impl.MiniRaftCluster (MiniRaftCluster.java:initServers(331)) - servers = {}
2025-01-02 19:25:58,966 [main] INFO  impl.MiniRaftCluster (MiniRaftCluster.java:newRaftServer(396)) - newRaftServer: s3, group-6C878CB992E6:[s3|localhost:15012, s4|localhost:15016, s0|localhost:15000, s1|localhost:15004, s2|localhost:15008], format? true
2025-01-02 19:25:58,967 [main] TRACE util.FileUtils (FileUtils.java:deleteFully(307)) - deleteFully target/test/data/ae2b1788/MiniRaftClusterWithGrpcf3a16aaa/s3
2025-01-02 19:25:58,969 [main] TRACE util.FileUtils (FileUtils.java:deleteFully(320)) - deleteFully: target/test/data/ae2b1788/MiniRaftClusterWithGrpcf3a16aaa/s3 does not exist.
2025-01-02 19:25:58,969 [main] INFO  impl.MiniRaftCluster (MiniRaftCluster.java:newRaftServer(401)) - Formatted directory target/test/data/ae2b1788/MiniRaftClusterWithGrpcf3a16aaa/s3
2025-01-02 19:25:58,981 [main] INFO  server.RaftServer (ConfUtils.java:logGet(46)) - raft.rpc.type = GRPC (default)
2025-01-02 19:25:59,027 [main] INFO  grpc.GrpcConfigKeys (ConfUtils.java:logFallback(53)) - raft.grpc.admin.host = null (fallback to raft.grpc.server.host)
2025-01-02 19:25:59,029 [main] INFO  grpc.GrpcConfigKeys (ConfUtils.java:logGet(46)) - raft.grpc.admin.port = 15013 (custom)
2025-01-02 19:25:59,029 [main] INFO  grpc.GrpcConfigKeys (ConfUtils.java:logFallback(53)) - raft.grpc.client.host = null (fallback to raft.grpc.server.host)
2025-01-02 19:25:59,030 [main] INFO  grpc.GrpcConfigKeys (ConfUtils.java:logGet(46)) - raft.grpc.client.port = 15014 (custom)
2025-01-02 19:25:59,030 [main] INFO  grpc.GrpcConfigKeys (ConfUtils.java:logGet(46)) - raft.grpc.server.host = null (default)
2025-01-02 19:25:59,030 [main] INFO  grpc.GrpcConfigKeys (ConfUtils.java:logGet(46)) - raft.grpc.server.port = 15012 (custom)
2025-01-02 19:25:59,031 [main] INFO  server.GrpcServicesImpl (ConfUtils.java:logGet(46)) - raft.grpc.message.size.max = 64MB (=67108864) (default)
2025-01-02 19:25:59,032 [main] INFO  server.GrpcServicesImpl (ConfUtils.java:logGet(46)) - raft.grpc.flow.control.window = 1MB (=1048576) (default)
2025-01-02 19:25:59,043 [main] INFO  grpc.GrpcConfigKeys (ConfUtils.java:logGet(46)) - raft.grpc.server.heartbeat.channel = true (default)
2025-01-02 19:25:59,044 [main] INFO  grpc.GrpcConfigKeys (ConfUtils.java:logGet(46)) - raft.grpc.server.zerocopy.enabled = true (custom)
2025-01-02 19:25:59,097 [main] INFO  grpc.GrpcConfigKeys (ConfUtils.java:logGet(46)) - raft.grpc.server.async.request.thread.pool.cached = true (default)
2025-01-02 19:25:59,097 [main] INFO  grpc.GrpcConfigKeys (ConfUtils.java:logGet(46)) - raft.grpc.server.async.request.thread.pool.size = 32 (default)
2025-01-02 19:25:59,266 [main] INFO  impl.DataStreamServerImpl (ConfUtils.java:logGet(46)) - raft.datastream.type = DISABLED (default)
2025-01-02 19:25:59,274 [main] INFO  server.RaftServer (RaftServerProxy.java:addNew(101)) - s3: addNew group-6C878CB992E6:[s3|localhost:15012, s4|localhost:15016, s0|localhost:15000, s1|localhost:15004, s2|localhost:15008] returns group-6C878CB992E6:java.util.concurrent.CompletableFuture@44c73c26[Not completed]
2025-01-02 19:25:59,275 [main] INFO  impl.MiniRaftCluster (MiniRaftCluster.java:newRaftServer(396)) - newRaftServer: s4, group-6C878CB992E6:[s3|localhost:15012, s4|localhost:15016, s0|localhost:15000, s1|localhost:15004, s2|localhost:15008], format? true
2025-01-02 19:25:59,275 [main] TRACE util.FileUtils (FileUtils.java:deleteFully(307)) - deleteFully target/test/data/ae2b1788/MiniRaftClusterWithGrpcf3a16aaa/s4
2025-01-02 19:25:59,276 [main] TRACE util.FileUtils (FileUtils.java:deleteFully(320)) - deleteFully: target/test/data/ae2b1788/MiniRaftClusterWithGrpcf3a16aaa/s4 does not exist.
2025-01-02 19:25:59,276 [main] INFO  impl.MiniRaftCluster (MiniRaftCluster.java:newRaftServer(401)) - Formatted directory target/test/data/ae2b1788/MiniRaftClusterWithGrpcf3a16aaa/s4
2025-01-02 19:25:59,277 [main] INFO  server.RaftServer (ConfUtils.java:logGet(46)) - raft.rpc.type = GRPC (default)
2025-01-02 19:25:59,277 [main] INFO  grpc.GrpcConfigKeys (ConfUtils.java:logFallback(53)) - raft.grpc.admin.host = null (fallback to raft.grpc.server.host)
2025-01-02 19:25:59,277 [main] INFO  grpc.GrpcConfigKeys (ConfUtils.java:logGet(46)) - raft.grpc.admin.port = 15017 (custom)
2025-01-02 19:25:59,278 [main] INFO  grpc.GrpcConfigKeys (ConfUtils.java:logFallback(53)) - raft.grpc.client.host = null (fallback to raft.grpc.server.host)
2025-01-02 19:25:59,278 [main] INFO  grpc.GrpcConfigKeys (ConfUtils.java:logGet(46)) - raft.grpc.client.port = 15018 (custom)
2025-01-02 19:25:59,278 [main] INFO  grpc.GrpcConfigKeys (ConfUtils.java:logGet(46)) - raft.grpc.server.host = null (default)
2025-01-02 19:25:59,279 [main] INFO  grpc.GrpcConfigKeys (ConfUtils.java:logGet(46)) - raft.grpc.server.port = 15016 (custom)
2025-01-02 19:25:59,279 [main] INFO  server.GrpcServicesImpl (ConfUtils.java:logGet(46)) - raft.grpc.message.size.max = 64MB (=67108864) (default)
2025-01-02 19:25:59,279 [main] INFO  server.GrpcServicesImpl (ConfUtils.java:logGet(46)) - raft.grpc.flow.control.window = 1MB (=1048576) (default)
2025-01-02 19:25:59,280 [main] INFO  grpc.GrpcConfigKeys (ConfUtils.java:logGet(46)) - raft.grpc.server.heartbeat.channel = true (default)
2025-01-02 19:25:59,280 [main] INFO  grpc.GrpcConfigKeys (ConfUtils.java:logGet(46)) - raft.grpc.server.zerocopy.enabled = true (custom)
2025-01-02 19:25:59,281 [main] INFO  grpc.GrpcConfigKeys (ConfUtils.java:logGet(46)) - raft.grpc.server.async.request.thread.pool.cached = true (default)
2025-01-02 19:25:59,281 [main] INFO  grpc.GrpcConfigKeys (ConfUtils.java:logGet(46)) - raft.grpc.server.async.request.thread.pool.size = 32 (default)
2025-01-02 19:25:59,284 [main] INFO  impl.DataStreamServerImpl (ConfUtils.java:logGet(46)) - raft.datastream.type = DISABLED (default)
2025-01-02 19:25:59,285 [main] INFO  server.RaftServer (RaftServerProxy.java:addNew(101)) - s4: addNew group-6C878CB992E6:[s3|localhost:15012, s4|localhost:15016, s0|localhost:15000, s1|localhost:15004, s2|localhost:15008] returns group-6C878CB992E6:java.util.concurrent.CompletableFuture@2141a12[Not completed]
2025-01-02 19:25:59,285 [main] INFO  impl.MiniRaftCluster (MiniRaftCluster.java:newRaftServer(396)) - newRaftServer: s0, group-6C878CB992E6:[s3|localhost:15012, s4|localhost:15016, s0|localhost:15000, s1|localhost:15004, s2|localhost:15008], format? true
2025-01-02 19:25:59,285 [main] TRACE util.FileUtils (FileUtils.java:deleteFully(307)) - deleteFully target/test/data/ae2b1788/MiniRaftClusterWithGrpcf3a16aaa/s0
2025-01-02 19:25:59,286 [main] TRACE util.FileUtils (FileUtils.java:deleteFully(320)) - deleteFully: target/test/data/ae2b1788/MiniRaftClusterWithGrpcf3a16aaa/s0 does not exist.
2025-01-02 19:25:59,286 [main] INFO  impl.MiniRaftCluster (MiniRaftCluster.java:newRaftServer(401)) - Formatted directory target/test/data/ae2b1788/MiniRaftClusterWithGrpcf3a16aaa/s0
2025-01-02 19:25:59,286 [main] INFO  server.RaftServer (ConfUtils.java:logGet(46)) - raft.rpc.type = GRPC (default)
2025-01-02 19:25:59,287 [main] INFO  grpc.GrpcConfigKeys (ConfUtils.java:logFallback(53)) - raft.grpc.admin.host = null (fallback to raft.grpc.server.host)
2025-01-02 19:25:59,287 [main] INFO  grpc.GrpcConfigKeys (ConfUtils.java:logGet(46)) - raft.grpc.admin.port = 15001 (custom)
2025-01-02 19:25:59,288 [main] INFO  grpc.GrpcConfigKeys (ConfUtils.java:logFallback(53)) - raft.grpc.client.host = null (fallback to raft.grpc.server.host)
2025-01-02 19:25:59,288 [main] INFO  grpc.GrpcConfigKeys (ConfUtils.java:logGet(46)) - raft.grpc.client.port = 15002 (custom)
2025-01-02 19:25:59,288 [main] INFO  grpc.GrpcConfigKeys (ConfUtils.java:logGet(46)) - raft.grpc.server.host = null (default)
2025-01-02 19:25:59,289 [main] INFO  grpc.GrpcConfigKeys (ConfUtils.java:logGet(46)) - raft.grpc.server.port = 15000 (custom)
2025-01-02 19:25:59,289 [s4-groupManagement] INFO  server.RaftServer$Division (RaftServerImpl.java:<init>(256)) - s4: new RaftServerImpl for group-6C878CB992E6:[s3|localhost:15012, s4|localhost:15016, s0|localhost:15000, s1|localhost:15004, s2|localhost:15008] with SimpleStateMachine4Testing:uninitialized
2025-01-02 19:25:59,289 [s3-groupManagement] INFO  server.RaftServer$Division (RaftServerImpl.java:<init>(256)) - s3: new RaftServerImpl for group-6C878CB992E6:[s3|localhost:15012, s4|localhost:15016, s0|localhost:15000, s1|localhost:15004, s2|localhost:15008] with SimpleStateMachine4Testing:uninitialized
2025-01-02 19:25:59,289 [main] INFO  server.GrpcServicesImpl (ConfUtils.java:logGet(46)) - raft.grpc.message.size.max = 64MB (=67108864) (default)
2025-01-02 19:25:59,290 [main] INFO  server.GrpcServicesImpl (ConfUtils.java:logGet(46)) - raft.grpc.flow.control.window = 1MB (=1048576) (default)
2025-01-02 19:25:59,290 [main] INFO  grpc.GrpcConfigKeys (ConfUtils.java:logGet(46)) - raft.grpc.server.heartbeat.channel = true (default)
2025-01-02 19:25:59,291 [main] INFO  grpc.GrpcConfigKeys (ConfUtils.java:logGet(46)) - raft.grpc.server.zerocopy.enabled = true (custom)
2025-01-02 19:25:59,291 [main] INFO  grpc.GrpcConfigKeys (ConfUtils.java:logGet(46)) - raft.grpc.server.async.request.thread.pool.cached = true (default)
2025-01-02 19:25:59,291 [main] INFO  grpc.GrpcConfigKeys (ConfUtils.java:logGet(46)) - raft.grpc.server.async.request.thread.pool.size = 32 (default)
2025-01-02 19:25:59,293 [main] INFO  impl.DataStreamServerImpl (ConfUtils.java:logGet(46)) - raft.datastream.type = DISABLED (default)
2025-01-02 19:25:59,295 [main] INFO  server.RaftServer (RaftServerProxy.java:addNew(101)) - s0: addNew group-6C878CB992E6:[s3|localhost:15012, s4|localhost:15016, s0|localhost:15000, s1|localhost:15004, s2|localhost:15008] returns group-6C878CB992E6:java.util.concurrent.CompletableFuture@225129c[Not completed]
2025-01-02 19:25:59,295 [main] INFO  impl.MiniRaftCluster (MiniRaftCluster.java:newRaftServer(396)) - newRaftServer: s1, group-6C878CB992E6:[s3|localhost:15012, s4|localhost:15016, s0|localhost:15000, s1|localhost:15004, s2|localhost:15008], format? true
2025-01-02 19:25:59,295 [s0-groupManagement] INFO  server.RaftServer$Division (RaftServerImpl.java:<init>(256)) - s0: new RaftServerImpl for group-6C878CB992E6:[s3|localhost:15012, s4|localhost:15016, s0|localhost:15000, s1|localhost:15004, s2|localhost:15008] with SimpleStateMachine4Testing:uninitialized
2025-01-02 19:25:59,295 [main] TRACE util.FileUtils (FileUtils.java:deleteFully(307)) - deleteFully target/test/data/ae2b1788/MiniRaftClusterWithGrpcf3a16aaa/s1
2025-01-02 19:25:59,296 [main] TRACE util.FileUtils (FileUtils.java:deleteFully(320)) - deleteFully: target/test/data/ae2b1788/MiniRaftClusterWithGrpcf3a16aaa/s1 does not exist.
2025-01-02 19:25:59,297 [main] INFO  impl.MiniRaftCluster (MiniRaftCluster.java:newRaftServer(401)) - Formatted directory target/test/data/ae2b1788/MiniRaftClusterWithGrpcf3a16aaa/s1
2025-01-02 19:25:59,297 [s4-groupManagement] INFO  server.RaftServer$Division (ServerState.java:<init>(114)) - s4@group-6C878CB992E6: ConfigurationManager, init=conf: {index: -1, cur=peers:[s3|localhost:15012, s4|localhost:15016, s0|localhost:15000, s1|localhost:15004, s2|localhost:15008]|listeners:[], old=null}, confs=<EMPTY_MAP>
2025-01-02 19:25:59,297 [s0-groupManagement] INFO  server.RaftServer$Division (ServerState.java:<init>(114)) - s0@group-6C878CB992E6: ConfigurationManager, init=conf: {index: -1, cur=peers:[s3|localhost:15012, s4|localhost:15016, s0|localhost:15000, s1|localhost:15004, s2|localhost:15008]|listeners:[], old=null}, confs=<EMPTY_MAP>
2025-01-02 19:25:59,297 [s3-groupManagement] INFO  server.RaftServer$Division (ServerState.java:<init>(114)) - s3@group-6C878CB992E6: ConfigurationManager, init=conf: {index: -1, cur=peers:[s3|localhost:15012, s4|localhost:15016, s0|localhost:15000, s1|localhost:15004, s2|localhost:15008]|listeners:[], old=null}, confs=<EMPTY_MAP>
2025-01-02 19:25:59,297 [main] INFO  server.RaftServer (ConfUtils.java:logGet(46)) - raft.rpc.type = GRPC (default)
2025-01-02 19:25:59,298 [main] INFO  grpc.GrpcConfigKeys (ConfUtils.java:logFallback(53)) - raft.grpc.admin.host = null (fallback to raft.grpc.server.host)
2025-01-02 19:25:59,298 [main] INFO  grpc.GrpcConfigKeys (ConfUtils.java:logGet(46)) - raft.grpc.admin.port = 15005 (custom)
2025-01-02 19:25:59,298 [main] INFO  grpc.GrpcConfigKeys (ConfUtils.java:logFallback(53)) - raft.grpc.client.host = null (fallback to raft.grpc.server.host)
2025-01-02 19:25:59,299 [main] INFO  grpc.GrpcConfigKeys (ConfUtils.java:logGet(46)) - raft.grpc.client.port = 15006 (custom)
2025-01-02 19:25:59,299 [main] INFO  grpc.GrpcConfigKeys (ConfUtils.java:logGet(46)) - raft.grpc.server.host = null (default)
2025-01-02 19:25:59,299 [main] INFO  grpc.GrpcConfigKeys (ConfUtils.java:logGet(46)) - raft.grpc.server.port = 15004 (custom)
2025-01-02 19:25:59,300 [main] INFO  server.GrpcServicesImpl (ConfUtils.java:logGet(46)) - raft.grpc.message.size.max = 64MB (=67108864) (default)
2025-01-02 19:25:59,300 [main] INFO  server.GrpcServicesImpl (ConfUtils.java:logGet(46)) - raft.grpc.flow.control.window = 1MB (=1048576) (default)
2025-01-02 19:25:59,300 [main] INFO  grpc.GrpcConfigKeys (ConfUtils.java:logGet(46)) - raft.grpc.server.heartbeat.channel = true (default)
2025-01-02 19:25:59,301 [main] INFO  grpc.GrpcConfigKeys (ConfUtils.java:logGet(46)) - raft.grpc.server.zerocopy.enabled = true (custom)
2025-01-02 19:25:59,303 [main] INFO  grpc.GrpcConfigKeys (ConfUtils.java:logGet(46)) - raft.grpc.server.async.request.thread.pool.cached = true (default)
2025-01-02 19:25:59,315 [main] INFO  grpc.GrpcConfigKeys (ConfUtils.java:logGet(46)) - raft.grpc.server.async.request.thread.pool.size = 32 (default)
2025-01-02 19:25:59,317 [main] INFO  impl.DataStreamServerImpl (ConfUtils.java:logGet(46)) - raft.datastream.type = DISABLED (default)
2025-01-02 19:25:59,329 [main] INFO  server.RaftServer (RaftServerProxy.java:addNew(101)) - s1: addNew group-6C878CB992E6:[s3|localhost:15012, s4|localhost:15016, s0|localhost:15000, s1|localhost:15004, s2|localhost:15008] returns group-6C878CB992E6:java.util.concurrent.CompletableFuture@479ceda0[Not completed]
2025-01-02 19:25:59,329 [main] INFO  impl.MiniRaftCluster (MiniRaftCluster.java:newRaftServer(396)) - newRaftServer: s2, group-6C878CB992E6:[s3|localhost:15012, s4|localhost:15016, s0|localhost:15000, s1|localhost:15004, s2|localhost:15008], format? true
2025-01-02 19:25:59,329 [main] TRACE util.FileUtils (FileUtils.java:deleteFully(307)) - deleteFully target/test/data/ae2b1788/MiniRaftClusterWithGrpcf3a16aaa/s2
2025-01-02 19:25:59,330 [main] TRACE util.FileUtils (FileUtils.java:deleteFully(320)) - deleteFully: target/test/data/ae2b1788/MiniRaftClusterWithGrpcf3a16aaa/s2 does not exist.
2025-01-02 19:25:59,330 [main] INFO  impl.MiniRaftCluster (MiniRaftCluster.java:newRaftServer(401)) - Formatted directory target/test/data/ae2b1788/MiniRaftClusterWithGrpcf3a16aaa/s2
2025-01-02 19:25:59,330 [main] INFO  server.RaftServer (ConfUtils.java:logGet(46)) - raft.rpc.type = GRPC (default)
2025-01-02 19:25:59,330 [s1-groupManagement] INFO  server.RaftServer$Division (RaftServerImpl.java:<init>(256)) - s1: new RaftServerImpl for group-6C878CB992E6:[s3|localhost:15012, s4|localhost:15016, s0|localhost:15000, s1|localhost:15004, s2|localhost:15008] with SimpleStateMachine4Testing:uninitialized
2025-01-02 19:25:59,331 [main] INFO  grpc.GrpcConfigKeys (ConfUtils.java:logFallback(53)) - raft.grpc.admin.host = null (fallback to raft.grpc.server.host)
2025-01-02 19:25:59,332 [main] INFO  grpc.GrpcConfigKeys (ConfUtils.java:logGet(46)) - raft.grpc.admin.port = 15009 (custom)
2025-01-02 19:25:59,332 [s1-groupManagement] INFO  server.RaftServer$Division (ServerState.java:<init>(114)) - s1@group-6C878CB992E6: ConfigurationManager, init=conf: {index: -1, cur=peers:[s3|localhost:15012, s4|localhost:15016, s0|localhost:15000, s1|localhost:15004, s2|localhost:15008]|listeners:[], old=null}, confs=<EMPTY_MAP>
2025-01-02 19:25:59,332 [main] INFO  grpc.GrpcConfigKeys (ConfUtils.java:logFallback(53)) - raft.grpc.client.host = null (fallback to raft.grpc.server.host)
2025-01-02 19:25:59,332 [main] INFO  grpc.GrpcConfigKeys (ConfUtils.java:logGet(46)) - raft.grpc.client.port = 15010 (custom)
2025-01-02 19:25:59,333 [main] INFO  grpc.GrpcConfigKeys (ConfUtils.java:logGet(46)) - raft.grpc.server.host = null (default)
2025-01-02 19:25:59,333 [main] INFO  grpc.GrpcConfigKeys (ConfUtils.java:logGet(46)) - raft.grpc.server.port = 15008 (custom)
2025-01-02 19:25:59,333 [main] INFO  server.GrpcServicesImpl (ConfUtils.java:logGet(46)) - raft.grpc.message.size.max = 64MB (=67108864) (default)
2025-01-02 19:25:59,334 [main] INFO  server.GrpcServicesImpl (ConfUtils.java:logGet(46)) - raft.grpc.flow.control.window = 1MB (=1048576) (default)
2025-01-02 19:25:59,334 [main] INFO  grpc.GrpcConfigKeys (ConfUtils.java:logGet(46)) - raft.grpc.server.heartbeat.channel = true (default)
2025-01-02 19:25:59,334 [main] INFO  grpc.GrpcConfigKeys (ConfUtils.java:logGet(46)) - raft.grpc.server.zerocopy.enabled = true (custom)
2025-01-02 19:25:59,335 [main] INFO  grpc.GrpcConfigKeys (ConfUtils.java:logGet(46)) - raft.grpc.server.async.request.thread.pool.cached = true (default)
2025-01-02 19:25:59,335 [main] INFO  grpc.GrpcConfigKeys (ConfUtils.java:logGet(46)) - raft.grpc.server.async.request.thread.pool.size = 32 (default)
2025-01-02 19:25:59,337 [main] INFO  impl.DataStreamServerImpl (ConfUtils.java:logGet(46)) - raft.datastream.type = DISABLED (default)
2025-01-02 19:25:59,344 [main] INFO  server.RaftServer (RaftServerProxy.java:addNew(101)) - s2: addNew group-6C878CB992E6:[s3|localhost:15012, s4|localhost:15016, s0|localhost:15000, s1|localhost:15004, s2|localhost:15008] returns group-6C878CB992E6:java.util.concurrent.CompletableFuture@488d1cd7[Not completed]
2025-01-02 19:25:59,346 [s2-groupManagement] INFO  server.RaftServer$Division (RaftServerImpl.java:<init>(256)) - s2: new RaftServerImpl for group-6C878CB992E6:[s3|localhost:15012, s4|localhost:15016, s0|localhost:15000, s1|localhost:15004, s2|localhost:15008] with SimpleStateMachine4Testing:uninitialized
2025-01-02 19:25:59,347 [s2-groupManagement] INFO  server.RaftServer$Division (ServerState.java:<init>(114)) - s2@group-6C878CB992E6: ConfigurationManager, init=conf: {index: -1, cur=peers:[s3|localhost:15012, s4|localhost:15016, s0|localhost:15000, s1|localhost:15004, s2|localhost:15008]|listeners:[], old=null}, confs=<EMPTY_MAP>
2025-01-02 19:25:59,351 [s3-impl-thread1] INFO  storage.RaftStorageDirectory (RaftStorageDirectoryImpl.java:analyzeStorage(138)) - The storage directory /home/runner/work/ratis/ratis/ratis-test/target/test/data/ae2b1788/MiniRaftClusterWithGrpcf3a16aaa/s3/f5301480-991d-4ee0-bdfa-6c878cb992e6 does not exist. Creating ...
2025-01-02 19:25:59,352 [s3-impl-thread1] TRACE util.FileUtils (LogUtils.java:runAndLog(49)) - Successfully ran Files.createDirectories /home/runner/work/ratis/ratis/ratis-test/target/test/data/ae2b1788/MiniRaftClusterWithGrpcf3a16aaa/s3/f5301480-991d-4ee0-bdfa-6c878cb992e6
2025-01-02 19:25:59,355 [s3-impl-thread1] INFO  storage.RaftStorageDirectory (RaftStorageDirectoryImpl.java:tryLock(229)) - Lock on /home/runner/work/ratis/ratis/ratis-test/target/test/data/ae2b1788/MiniRaftClusterWithGrpcf3a16aaa/s3/f5301480-991d-4ee0-bdfa-6c878cb992e6/in_use.lock acquired by nodename 4135@fv-az567-237.itjebmgn0j3uhacqyjknvwn20b.dx.internal.cloudapp.net
2025-01-02 19:25:59,356 [s3-impl-thread1] TRACE util.FileUtils (LogUtils.java:runAndLog(49)) - Successfully ran Files.createDirectories /home/runner/work/ratis/ratis/ratis-test/target/test/data/ae2b1788/MiniRaftClusterWithGrpcf3a16aaa/s3/f5301480-991d-4ee0-bdfa-6c878cb992e6/current
2025-01-02 19:25:59,356 [s3-impl-thread1] TRACE util.FileUtils (LogUtils.java:runAndLog(49)) - Successfully ran Files.createDirectories /home/runner/work/ratis/ratis/ratis-test/target/test/data/ae2b1788/MiniRaftClusterWithGrpcf3a16aaa/s3/f5301480-991d-4ee0-bdfa-6c878cb992e6/sm
2025-01-02 19:25:59,382 [s3-impl-thread1] TRACE util.FileUtils (LogUtils.java:supplyAndLog(69)) - Successfully supplied FileChannel.open /home/runner/work/ratis/ratis/ratis-test/target/test/data/ae2b1788/MiniRaftClusterWithGrpcf3a16aaa/s3/f5301480-991d-4ee0-bdfa-6c878cb992e6/current/raft-meta.tmp with options [CREATE, WRITE]: sun.nio.ch.FileChannelImpl@57505f5f
2025-01-02 19:25:59,387 [s3-impl-thread1] TRACE util.FileUtils (LogUtils.java:runAndLog(49)) - Successfully ran Atomic Files.move /home/runner/work/ratis/ratis/ratis-test/target/test/data/ae2b1788/MiniRaftClusterWithGrpcf3a16aaa/s3/f5301480-991d-4ee0-bdfa-6c878cb992e6/current/raft-meta.tmp to /home/runner/work/ratis/ratis/ratis-test/target/test/data/ae2b1788/MiniRaftClusterWithGrpcf3a16aaa/s3/f5301480-991d-4ee0-bdfa-6c878cb992e6/current/raft-meta with options [REPLACE_EXISTING]
2025-01-02 19:25:59,387 [s3-impl-thread1] INFO  storage.RaftStorage (RaftStorageImpl.java:format(98)) - Storage directory /home/runner/work/ratis/ratis/ratis-test/target/test/data/ae2b1788/MiniRaftClusterWithGrpcf3a16aaa/s3/f5301480-991d-4ee0-bdfa-6c878cb992e6 has been successfully formatted.
2025-01-02 19:25:59,388 [s3-impl-thread1] INFO  impl.SimpleStateMachine4Testing (SimpleStateMachine4Testing.java:initialize(214)) - Initializing SimpleStateMachine4Testing:uninitialized
2025-01-02 19:25:59,389 [s3-impl-thread1] INFO  impl.SimpleStateMachine4Testing (SimpleStateMachine4Testing.java:loadSnapshot(298)) - Loading snapshot null
2025-01-02 19:25:59,401 [s3-impl-thread1] INFO  util.AwaitToRun (AwaitToRun.java:start(81)) - Thread[s3@group-6C878CB992E6-cacheEviction-AwaitToRun,5,main] started
2025-01-02 19:25:59,404 [s3-impl-thread1] INFO  segmented.SegmentedRaftLogWorker (SegmentedRaftLogWorker.java:<init>(189)) - new s3@group-6C878CB992E6-SegmentedRaftLogWorker for RaftStorageImpl:Storage Directory /home/runner/work/ratis/ratis/ratis-test/target/test/data/ae2b1788/MiniRaftClusterWithGrpcf3a16aaa/s3/f5301480-991d-4ee0-bdfa-6c878cb992e6
2025-01-02 19:25:59,412 [s3-impl-thread1] INFO  segmented.SegmentedRaftLogWorker (SegmentedRaftLogWorker.java:lambda$new$0(140)) - s3@group-6C878CB992E6-SegmentedRaftLogWorker: flushIndex: setUnconditionally 0 -> -1
2025-01-02 19:25:59,412 [s3-impl-thread1] INFO  segmented.SegmentedRaftLogWorker (SegmentedRaftLogWorker.java:lambda$new$0(140)) - s3@group-6C878CB992E6-SegmentedRaftLogWorker: safeCacheEvictIndex: setUnconditionally 0 -> -1
2025-01-02 19:25:59,414 [s3-impl-thread1] INFO  server.RaftServer$Division (RaftServerImpl.java:start(392)) - s3@group-6C878CB992E6: start as a follower, conf=conf: {index: -1, cur=peers:[s3|localhost:15012, s4|localhost:15016, s0|localhost:15000, s1|localhost:15004, s2|localhost:15008]|listeners:[], old=null}
2025-01-02 19:25:59,414 [s3-impl-thread1] INFO  server.RaftServer$Division (RaftServerImpl.java:setRole(379)) - s3@group-6C878CB992E6: changes role from      null to FOLLOWER at term 0 for startAsFollower
2025-01-02 19:25:59,415 [s3-impl-thread1] INFO  impl.RoleInfo (RoleInfo.java:updateAndGet(148)) - s3: start s3@group-6C878CB992E6-FollowerState
2025-01-02 19:25:59,416 [s3-impl-thread1] INFO  util.JmxRegister (JmxRegister.java:tryRegister(44)) - Successfully registered JMX Bean with object name Ratis:service=RaftServer,group=group-6C878CB992E6,id=s3
2025-01-02 19:25:59,416 [s3-impl-thread1] INFO  util.JmxRegister (JmxRegister.java:register(58)) - register mxBean class org.apache.ratis.server.impl.RaftServerJmxAdapter as Ratis:service=RaftServer,group=group-6C878CB992E6,id=s3
2025-01-02 19:25:59,421 [s3-impl-thread1] INFO  server.RaftServer$Division (RaftServerImpl.java:start(406)) - s3@group-6C878CB992E6: Successfully started.
2025-01-02 19:25:59,421 [main] INFO  server.RaftServer (RaftServerProxy.java:startImpl(408)) - s3: start RPC server
2025-01-02 19:25:59,449 [main] INFO  server.GrpcServicesImpl (GrpcServicesImpl.java:startImpl(353)) - s3: GrpcServicesImpl started, listening on 15014
2025-01-02 19:25:59,450 [main] INFO  server.GrpcServicesImpl (GrpcServicesImpl.java:startImpl(353)) - s3: GrpcServicesImpl started, listening on 15012
2025-01-02 19:25:59,450 [main] INFO  server.GrpcServicesImpl (GrpcServicesImpl.java:startImpl(353)) - s3: GrpcServicesImpl started, listening on 15013
2025-01-02 19:25:59,452 [JvmPauseMonitor0] INFO  util.JvmPauseMonitor (JvmPauseMonitor.java:run(146)) - JvmPauseMonitor-s3: Started
2025-01-02 19:25:59,452 [s4-impl-thread1] INFO  storage.RaftStorageDirectory (RaftStorageDirectoryImpl.java:analyzeStorage(138)) - The storage directory /home/runner/work/ratis/ratis/ratis-test/target/test/data/ae2b1788/MiniRaftClusterWithGrpcf3a16aaa/s4/f5301480-991d-4ee0-bdfa-6c878cb992e6 does not exist. Creating ...
2025-01-02 19:25:59,453 [s4-impl-thread1] TRACE util.FileUtils (LogUtils.java:runAndLog(49)) - Successfully ran Files.createDirectories /home/runner/work/ratis/ratis/ratis-test/target/test/data/ae2b1788/MiniRaftClusterWithGrpcf3a16aaa/s4/f5301480-991d-4ee0-bdfa-6c878cb992e6
2025-01-02 19:25:59,454 [s4-impl-thread1] INFO  storage.RaftStorageDirectory (RaftStorageDirectoryImpl.java:tryLock(229)) - Lock on /home/runner/work/ratis/ratis/ratis-test/target/test/data/ae2b1788/MiniRaftClusterWithGrpcf3a16aaa/s4/f5301480-991d-4ee0-bdfa-6c878cb992e6/in_use.lock acquired by nodename 4135@fv-az567-237.itjebmgn0j3uhacqyjknvwn20b.dx.internal.cloudapp.net
2025-01-02 19:25:59,454 [s4-impl-thread1] TRACE util.FileUtils (LogUtils.java:runAndLog(49)) - Successfully ran Files.createDirectories /home/runner/work/ratis/ratis/ratis-test/target/test/data/ae2b1788/MiniRaftClusterWithGrpcf3a16aaa/s4/f5301480-991d-4ee0-bdfa-6c878cb992e6/current
2025-01-02 19:25:59,454 [s4-impl-thread1] TRACE util.FileUtils (LogUtils.java:runAndLog(49)) - Successfully ran Files.createDirectories /home/runner/work/ratis/ratis/ratis-test/target/test/data/ae2b1788/MiniRaftClusterWithGrpcf3a16aaa/s4/f5301480-991d-4ee0-bdfa-6c878cb992e6/sm
2025-01-02 19:25:59,455 [s4-impl-thread1] TRACE util.FileUtils (LogUtils.java:supplyAndLog(69)) - Successfully supplied FileChannel.open /home/runner/work/ratis/ratis/ratis-test/target/test/data/ae2b1788/MiniRaftClusterWithGrpcf3a16aaa/s4/f5301480-991d-4ee0-bdfa-6c878cb992e6/current/raft-meta.tmp with options [CREATE, WRITE]: sun.nio.ch.FileChannelImpl@1a0ab26d
2025-01-02 19:25:59,457 [s4-impl-thread1] TRACE util.FileUtils (LogUtils.java:runAndLog(49)) - Successfully ran Atomic Files.move /home/runner/work/ratis/ratis/ratis-test/target/test/data/ae2b1788/MiniRaftClusterWithGrpcf3a16aaa/s4/f5301480-991d-4ee0-bdfa-6c878cb992e6/current/raft-meta.tmp to /home/runner/work/ratis/ratis/ratis-test/target/test/data/ae2b1788/MiniRaftClusterWithGrpcf3a16aaa/s4/f5301480-991d-4ee0-bdfa-6c878cb992e6/current/raft-meta with options [REPLACE_EXISTING]
2025-01-02 19:25:59,457 [s4-impl-thread1] INFO  storage.RaftStorage (RaftStorageImpl.java:format(98)) - Storage directory /home/runner/work/ratis/ratis/ratis-test/target/test/data/ae2b1788/MiniRaftClusterWithGrpcf3a16aaa/s4/f5301480-991d-4ee0-bdfa-6c878cb992e6 has been successfully formatted.
2025-01-02 19:25:59,457 [s4-impl-thread1] INFO  impl.SimpleStateMachine4Testing (SimpleStateMachine4Testing.java:initialize(214)) - Initializing SimpleStateMachine4Testing:uninitialized
2025-01-02 19:25:59,457 [s4-impl-thread1] INFO  impl.SimpleStateMachine4Testing (SimpleStateMachine4Testing.java:loadSnapshot(298)) - Loading snapshot null
2025-01-02 19:25:59,459 [s4-impl-thread1] INFO  util.AwaitToRun (AwaitToRun.java:start(81)) - Thread[s4@group-6C878CB992E6-cacheEviction-AwaitToRun,5,main] started
2025-01-02 19:25:59,459 [s4-impl-thread1] INFO  segmented.SegmentedRaftLogWorker (SegmentedRaftLogWorker.java:<init>(189)) - new s4@group-6C878CB992E6-SegmentedRaftLogWorker for RaftStorageImpl:Storage Directory /home/runner/work/ratis/ratis/ratis-test/target/test/data/ae2b1788/MiniRaftClusterWithGrpcf3a16aaa/s4/f5301480-991d-4ee0-bdfa-6c878cb992e6
2025-01-02 19:25:59,462 [s4-impl-thread1] INFO  segmented.SegmentedRaftLogWorker (SegmentedRaftLogWorker.java:lambda$new$0(140)) - s4@group-6C878CB992E6-SegmentedRaftLogWorker: flushIndex: setUnconditionally 0 -> -1
2025-01-02 19:25:59,462 [s4-impl-thread1] INFO  segmented.SegmentedRaftLogWorker (SegmentedRaftLogWorker.java:lambda$new$0(140)) - s4@group-6C878CB992E6-SegmentedRaftLogWorker: safeCacheEvictIndex: setUnconditionally 0 -> -1
2025-01-02 19:25:59,462 [s4-impl-thread1] INFO  server.RaftServer$Division (RaftServerImpl.java:start(392)) - s4@group-6C878CB992E6: start as a follower, conf=conf: {index: -1, cur=peers:[s3|localhost:15012, s4|localhost:15016, s0|localhost:15000, s1|localhost:15004, s2|localhost:15008]|listeners:[], old=null}
2025-01-02 19:25:59,463 [s4-impl-thread1] INFO  server.RaftServer$Division (RaftServerImpl.java:setRole(379)) - s4@group-6C878CB992E6: changes role from      null to FOLLOWER at term 0 for startAsFollower
2025-01-02 19:25:59,463 [s4-impl-thread1] INFO  impl.RoleInfo (RoleInfo.java:updateAndGet(148)) - s4: start s4@group-6C878CB992E6-FollowerState
2025-01-02 19:25:59,463 [s4-impl-thread1] INFO  util.JmxRegister (JmxRegister.java:tryRegister(44)) - Successfully registered JMX Bean with object name Ratis:service=RaftServer,group=group-6C878CB992E6,id=s4
2025-01-02 19:25:59,463 [s4-impl-thread1] INFO  util.JmxRegister (JmxRegister.java:register(58)) - register mxBean class org.apache.ratis.server.impl.RaftServerJmxAdapter as Ratis:service=RaftServer,group=group-6C878CB992E6,id=s4
2025-01-02 19:25:59,464 [s4-impl-thread1] INFO  server.RaftServer$Division (RaftServerImpl.java:start(406)) - s4@group-6C878CB992E6: Successfully started.
2025-01-02 19:25:59,464 [main] INFO  server.RaftServer (RaftServerProxy.java:startImpl(408)) - s4: start RPC server
2025-01-02 19:25:59,465 [main] INFO  server.GrpcServicesImpl (GrpcServicesImpl.java:startImpl(353)) - s4: GrpcServicesImpl started, listening on 15018
2025-01-02 19:25:59,465 [main] INFO  server.GrpcServicesImpl (GrpcServicesImpl.java:startImpl(353)) - s4: GrpcServicesImpl started, listening on 15016
2025-01-02 19:25:59,466 [main] INFO  server.GrpcServicesImpl (GrpcServicesImpl.java:startImpl(353)) - s4: GrpcServicesImpl started, listening on 15017
2025-01-02 19:25:59,466 [JvmPauseMonitor1] INFO  util.JvmPauseMonitor (JvmPauseMonitor.java:run(146)) - JvmPauseMonitor-s4: Started
2025-01-02 19:25:59,467 [s0-impl-thread1] INFO  storage.RaftStorageDirectory (RaftStorageDirectoryImpl.java:analyzeStorage(138)) - The storage directory /home/runner/work/ratis/ratis/ratis-test/target/test/data/ae2b1788/MiniRaftClusterWithGrpcf3a16aaa/s0/f5301480-991d-4ee0-bdfa-6c878cb992e6 does not exist. Creating ...
2025-01-02 19:25:59,467 [s0-impl-thread1] TRACE util.FileUtils (LogUtils.java:runAndLog(49)) - Successfully ran Files.createDirectories /home/runner/work/ratis/ratis/ratis-test/target/test/data/ae2b1788/MiniRaftClusterWithGrpcf3a16aaa/s0/f5301480-991d-4ee0-bdfa-6c878cb992e6
2025-01-02 19:25:59,468 [s0-impl-thread1] INFO  storage.RaftStorageDirectory (RaftStorageDirectoryImpl.java:tryLock(229)) - Lock on /home/runner/work/ratis/ratis/ratis-test/target/test/data/ae2b1788/MiniRaftClusterWithGrpcf3a16aaa/s0/f5301480-991d-4ee0-bdfa-6c878cb992e6/in_use.lock acquired by nodename 4135@fv-az567-237.itjebmgn0j3uhacqyjknvwn20b.dx.internal.cloudapp.net
2025-01-02 19:25:59,468 [s0-impl-thread1] TRACE util.FileUtils (LogUtils.java:runAndLog(49)) - Successfully ran Files.createDirectories /home/runner/work/ratis/ratis/ratis-test/target/test/data/ae2b1788/MiniRaftClusterWithGrpcf3a16aaa/s0/f5301480-991d-4ee0-bdfa-6c878cb992e6/current
2025-01-02 19:25:59,469 [s0-impl-thread1] TRACE util.FileUtils (LogUtils.java:runAndLog(49)) - Successfully ran Files.createDirectories /home/runner/work/ratis/ratis/ratis-test/target/test/data/ae2b1788/MiniRaftClusterWithGrpcf3a16aaa/s0/f5301480-991d-4ee0-bdfa-6c878cb992e6/sm
2025-01-02 19:25:59,469 [s0-impl-thread1] TRACE util.FileUtils (LogUtils.java:supplyAndLog(69)) - Successfully supplied FileChannel.open /home/runner/work/ratis/ratis/ratis-test/target/test/data/ae2b1788/MiniRaftClusterWithGrpcf3a16aaa/s0/f5301480-991d-4ee0-bdfa-6c878cb992e6/current/raft-meta.tmp with options [CREATE, WRITE]: sun.nio.ch.FileChannelImpl@3d431336
2025-01-02 19:25:59,471 [s0-impl-thread1] TRACE util.FileUtils (LogUtils.java:runAndLog(49)) - Successfully ran Atomic Files.move /home/runner/work/ratis/ratis/ratis-test/target/test/data/ae2b1788/MiniRaftClusterWithGrpcf3a16aaa/s0/f5301480-991d-4ee0-bdfa-6c878cb992e6/current/raft-meta.tmp to /home/runner/work/ratis/ratis/ratis-test/target/test/data/ae2b1788/MiniRaftClusterWithGrpcf3a16aaa/s0/f5301480-991d-4ee0-bdfa-6c878cb992e6/current/raft-meta with options [REPLACE_EXISTING]
2025-01-02 19:25:59,471 [s0-impl-thread1] INFO  storage.RaftStorage (RaftStorageImpl.java:format(98)) - Storage directory /home/runner/work/ratis/ratis/ratis-test/target/test/data/ae2b1788/MiniRaftClusterWithGrpcf3a16aaa/s0/f5301480-991d-4ee0-bdfa-6c878cb992e6 has been successfully formatted.
2025-01-02 19:25:59,471 [s0-impl-thread1] INFO  impl.SimpleStateMachine4Testing (SimpleStateMachine4Testing.java:initialize(214)) - Initializing SimpleStateMachine4Testing:uninitialized
2025-01-02 19:25:59,471 [s0-impl-thread1] INFO  impl.SimpleStateMachine4Testing (SimpleStateMachine4Testing.java:loadSnapshot(298)) - Loading snapshot null
2025-01-02 19:25:59,472 [s0-impl-thread1] INFO  util.AwaitToRun (AwaitToRun.java:start(81)) - Thread[s0@group-6C878CB992E6-cacheEviction-AwaitToRun,5,main] started
2025-01-02 19:25:59,473 [s0-impl-thread1] INFO  segmented.SegmentedRaftLogWorker (SegmentedRaftLogWorker.java:<init>(189)) - new s0@group-6C878CB992E6-SegmentedRaftLogWorker for RaftStorageImpl:Storage Directory /home/runner/work/ratis/ratis/ratis-test/target/test/data/ae2b1788/MiniRaftClusterWithGrpcf3a16aaa/s0/f5301480-991d-4ee0-bdfa-6c878cb992e6
2025-01-02 19:25:59,475 [s0-impl-thread1] INFO  segmented.SegmentedRaftLogWorker (SegmentedRaftLogWorker.java:lambda$new$0(140)) - s0@group-6C878CB992E6-SegmentedRaftLogWorker: flushIndex: setUnconditionally 0 -> -1
2025-01-02 19:25:59,475 [s0-impl-thread1] INFO  segmented.SegmentedRaftLogWorker (SegmentedRaftLogWorker.java:lambda$new$0(140)) - s0@group-6C878CB992E6-SegmentedRaftLogWorker: safeCacheEvictIndex: setUnconditionally 0 -> -1
2025-01-02 19:25:59,476 [s0-impl-thread1] INFO  server.RaftServer$Division (RaftServerImpl.java:start(392)) - s0@group-6C878CB992E6: start as a follower, conf=conf: {index: -1, cur=peers:[s3|localhost:15012, s4|localhost:15016, s0|localhost:15000, s1|localhost:15004, s2|localhost:15008]|listeners:[], old=null}
2025-01-02 19:25:59,479 [s0-impl-thread1] INFO  server.RaftServer$Division (RaftServerImpl.java:setRole(379)) - s0@group-6C878CB992E6: changes role from      null to FOLLOWER at term 0 for startAsFollower
2025-01-02 19:25:59,479 [s0-impl-thread1] INFO  impl.RoleInfo (RoleInfo.java:updateAndGet(148)) - s0: start s0@group-6C878CB992E6-FollowerState
2025-01-02 19:25:59,480 [s0-impl-thread1] INFO  util.JmxRegister (JmxRegister.java:tryRegister(44)) - Successfully registered JMX Bean with object name Ratis:service=RaftServer,group=group-6C878CB992E6,id=s0
2025-01-02 19:25:59,480 [s0-impl-thread1] INFO  util.JmxRegister (JmxRegister.java:register(58)) - register mxBean class org.apache.ratis.server.impl.RaftServerJmxAdapter as Ratis:service=RaftServer,group=group-6C878CB992E6,id=s0
2025-01-02 19:25:59,480 [s0-impl-thread1] INFO  server.RaftServer$Division (RaftServerImpl.java:start(406)) - s0@group-6C878CB992E6: Successfully started.
2025-01-02 19:25:59,481 [main] INFO  server.RaftServer (RaftServerProxy.java:startImpl(408)) - s0: start RPC server
2025-01-02 19:25:59,481 [main] INFO  server.GrpcServicesImpl (GrpcServicesImpl.java:startImpl(353)) - s0: GrpcServicesImpl started, listening on 15002
2025-01-02 19:25:59,482 [main] INFO  server.GrpcServicesImpl (GrpcServicesImpl.java:startImpl(353)) - s0: GrpcServicesImpl started, listening on 15000
2025-01-02 19:25:59,482 [main] INFO  server.GrpcServicesImpl (GrpcServicesImpl.java:startImpl(353)) - s0: GrpcServicesImpl started, listening on 15001
2025-01-02 19:25:59,482 [JvmPauseMonitor2] INFO  util.JvmPauseMonitor (JvmPauseMonitor.java:run(146)) - JvmPauseMonitor-s0: Started
2025-01-02 19:25:59,483 [s1-impl-thread1] INFO  storage.RaftStorageDirectory (RaftStorageDirectoryImpl.java:analyzeStorage(138)) - The storage directory /home/runner/work/ratis/ratis/ratis-test/target/test/data/ae2b1788/MiniRaftClusterWithGrpcf3a16aaa/s1/f5301480-991d-4ee0-bdfa-6c878cb992e6 does not exist. Creating ...
2025-01-02 19:25:59,483 [s1-impl-thread1] TRACE util.FileUtils (LogUtils.java:runAndLog(49)) - Successfully ran Files.createDirectories /home/runner/work/ratis/ratis/ratis-test/target/test/data/ae2b1788/MiniRaftClusterWithGrpcf3a16aaa/s1/f5301480-991d-4ee0-bdfa-6c878cb992e6
2025-01-02 19:25:59,484 [s1-impl-thread1] INFO  storage.RaftStorageDirectory (RaftStorageDirectoryImpl.java:tryLock(229)) - Lock on /home/runner/work/ratis/ratis/ratis-test/target/test/data/ae2b1788/MiniRaftClusterWithGrpcf3a16aaa/s1/f5301480-991d-4ee0-bdfa-6c878cb992e6/in_use.lock acquired by nodename 4135@fv-az567-237.itjebmgn0j3uhacqyjknvwn20b.dx.internal.cloudapp.net
2025-01-02 19:25:59,484 [s1-impl-thread1] TRACE util.FileUtils (LogUtils.java:runAndLog(49)) - Successfully ran Files.createDirectories /home/runner/work/ratis/ratis/ratis-test/target/test/data/ae2b1788/MiniRaftClusterWithGrpcf3a16aaa/s1/f5301480-991d-4ee0-bdfa-6c878cb992e6/current
2025-01-02 19:25:59,484 [s1-impl-thread1] TRACE util.FileUtils (LogUtils.java:runAndLog(49)) - Successfully ran Files.createDirectories /home/runner/work/ratis/ratis/ratis-test/target/test/data/ae2b1788/MiniRaftClusterWithGrpcf3a16aaa/s1/f5301480-991d-4ee0-bdfa-6c878cb992e6/sm
2025-01-02 19:25:59,485 [s1-impl-thread1] TRACE util.FileUtils (LogUtils.java:supplyAndLog(69)) - Successfully supplied FileChannel.open /home/runner/work/ratis/ratis/ratis-test/target/test/data/ae2b1788/MiniRaftClusterWithGrpcf3a16aaa/s1/f5301480-991d-4ee0-bdfa-6c878cb992e6/current/raft-meta.tmp with options [CREATE, WRITE]: sun.nio.ch.FileChannelImpl@30bc754c
2025-01-02 19:25:59,486 [s1-impl-thread1] TRACE util.FileUtils (LogUtils.java:runAndLog(49)) - Successfully ran Atomic Files.move /home/runner/work/ratis/ratis/ratis-test/target/test/data/ae2b1788/MiniRaftClusterWithGrpcf3a16aaa/s1/f5301480-991d-4ee0-bdfa-6c878cb992e6/current/raft-meta.tmp to /home/runner/work/ratis/ratis/ratis-test/target/test/data/ae2b1788/MiniRaftClusterWithGrpcf3a16aaa/s1/f5301480-991d-4ee0-bdfa-6c878cb992e6/current/raft-meta with options [REPLACE_EXISTING]
2025-01-02 19:25:59,486 [s1-impl-thread1] INFO  storage.RaftStorage (RaftStorageImpl.java:format(98)) - Storage directory /home/runner/work/ratis/ratis/ratis-test/target/test/data/ae2b1788/MiniRaftClusterWithGrpcf3a16aaa/s1/f5301480-991d-4ee0-bdfa-6c878cb992e6 has been successfully formatted.
2025-01-02 19:25:59,486 [s1-impl-thread1] INFO  impl.SimpleStateMachine4Testing (SimpleStateMachine4Testing.java:initialize(214)) - Initializing SimpleStateMachine4Testing:uninitialized
2025-01-02 19:25:59,487 [s1-impl-thread1] INFO  impl.SimpleStateMachine4Testing (SimpleStateMachine4Testing.java:loadSnapshot(298)) - Loading snapshot null
2025-01-02 19:25:59,488 [s1-impl-thread1] INFO  util.AwaitToRun (AwaitToRun.java:start(81)) - Thread[s1@group-6C878CB992E6-cacheEviction-AwaitToRun,5,main] started
2025-01-02 19:25:59,488 [s1-impl-thread1] INFO  segmented.SegmentedRaftLogWorker (SegmentedRaftLogWorker.java:<init>(189)) - new s1@group-6C878CB992E6-SegmentedRaftLogWorker for RaftStorageImpl:Storage Directory /home/runner/work/ratis/ratis/ratis-test/target/test/data/ae2b1788/MiniRaftClusterWithGrpcf3a16aaa/s1/f5301480-991d-4ee0-bdfa-6c878cb992e6
2025-01-02 19:25:59,490 [s1-impl-thread1] INFO  segmented.SegmentedRaftLogWorker (SegmentedRaftLogWorker.java:lambda$new$0(140)) - s1@group-6C878CB992E6-SegmentedRaftLogWorker: flushIndex: setUnconditionally 0 -> -1
2025-01-02 19:25:59,490 [s1-impl-thread1] INFO  segmented.SegmentedRaftLogWorker (SegmentedRaftLogWorker.java:lambda$new$0(140)) - s1@group-6C878CB992E6-SegmentedRaftLogWorker: safeCacheEvictIndex: setUnconditionally 0 -> -1
2025-01-02 19:25:59,490 [s1-impl-thread1] INFO  server.RaftServer$Division (RaftServerImpl.java:start(392)) - s1@group-6C878CB992E6: start as a follower, conf=conf: {index: -1, cur=peers:[s3|localhost:15012, s4|localhost:15016, s0|localhost:15000, s1|localhost:15004, s2|localhost:15008]|listeners:[], old=null}
2025-01-02 19:25:59,490 [s1-impl-thread1] INFO  server.RaftServer$Division (RaftServerImpl.java:setRole(379)) - s1@group-6C878CB992E6: changes role from      null to FOLLOWER at term 0 for startAsFollower
2025-01-02 19:25:59,491 [s1-impl-thread1] INFO  impl.RoleInfo (RoleInfo.java:updateAndGet(148)) - s1: start s1@group-6C878CB992E6-FollowerState
2025-01-02 19:25:59,491 [s1-impl-thread1] INFO  util.JmxRegister (JmxRegister.java:tryRegister(44)) - Successfully registered JMX Bean with object name Ratis:service=RaftServer,group=group-6C878CB992E6,id=s1
2025-01-02 19:25:59,491 [s1-impl-thread1] INFO  util.JmxRegister (JmxRegister.java:register(58)) - register mxBean class org.apache.ratis.server.impl.RaftServerJmxAdapter as Ratis:service=RaftServer,group=group-6C878CB992E6,id=s1
2025-01-02 19:25:59,491 [s1-impl-thread1] INFO  server.RaftServer$Division (RaftServerImpl.java:start(406)) - s1@group-6C878CB992E6: Successfully started.
2025-01-02 19:25:59,492 [main] INFO  server.RaftServer (RaftServerProxy.java:startImpl(408)) - s1: start RPC server
2025-01-02 19:25:59,494 [main] INFO  server.GrpcServicesImpl (GrpcServicesImpl.java:startImpl(353)) - s1: GrpcServicesImpl started, listening on 15006
2025-01-02 19:25:59,494 [main] INFO  server.GrpcServicesImpl (GrpcServicesImpl.java:startImpl(353)) - s1: GrpcServicesImpl started, listening on 15004
2025-01-02 19:25:59,495 [main] INFO  server.GrpcServicesImpl (GrpcServicesImpl.java:startImpl(353)) - s1: GrpcServicesImpl started, listening on 15005
2025-01-02 19:25:59,495 [JvmPauseMonitor3] INFO  util.JvmPauseMonitor (JvmPauseMonitor.java:run(146)) - JvmPauseMonitor-s1: Started
2025-01-02 19:25:59,496 [s2-impl-thread1] INFO  storage.RaftStorageDirectory (RaftStorageDirectoryImpl.java:analyzeStorage(138)) - The storage directory /home/runner/work/ratis/ratis/ratis-test/target/test/data/ae2b1788/MiniRaftClusterWithGrpcf3a16aaa/s2/f5301480-991d-4ee0-bdfa-6c878cb992e6 does not exist. Creating ...
2025-01-02 19:25:59,496 [s2-impl-thread1] TRACE util.FileUtils (LogUtils.java:runAndLog(49)) - Successfully ran Files.createDirectories /home/runner/work/ratis/ratis/ratis-test/target/test/data/ae2b1788/MiniRaftClusterWithGrpcf3a16aaa/s2/f5301480-991d-4ee0-bdfa-6c878cb992e6
2025-01-02 19:25:59,497 [s2-impl-thread1] INFO  storage.RaftStorageDirectory (RaftStorageDirectoryImpl.java:tryLock(229)) - Lock on /home/runner/work/ratis/ratis/ratis-test/target/test/data/ae2b1788/MiniRaftClusterWithGrpcf3a16aaa/s2/f5301480-991d-4ee0-bdfa-6c878cb992e6/in_use.lock acquired by nodename 4135@fv-az567-237.itjebmgn0j3uhacqyjknvwn20b.dx.internal.cloudapp.net
2025-01-02 19:25:59,497 [s2-impl-thread1] TRACE util.FileUtils (LogUtils.java:runAndLog(49)) - Successfully ran Files.createDirectories /home/runner/work/ratis/ratis/ratis-test/target/test/data/ae2b1788/MiniRaftClusterWithGrpcf3a16aaa/s2/f5301480-991d-4ee0-bdfa-6c878cb992e6/current
2025-01-02 19:25:59,497 [s2-impl-thread1] TRACE util.FileUtils (LogUtils.java:runAndLog(49)) - Successfully ran Files.createDirectories /home/runner/work/ratis/ratis/ratis-test/target/test/data/ae2b1788/MiniRaftClusterWithGrpcf3a16aaa/s2/f5301480-991d-4ee0-bdfa-6c878cb992e6/sm
2025-01-02 19:25:59,498 [s2-impl-thread1] TRACE util.FileUtils (LogUtils.java:supplyAndLog(69)) - Successfully supplied FileChannel.open /home/runner/work/ratis/ratis/ratis-test/target/test/data/ae2b1788/MiniRaftClusterWithGrpcf3a16aaa/s2/f5301480-991d-4ee0-bdfa-6c878cb992e6/current/raft-meta.tmp with options [CREATE, WRITE]: sun.nio.ch.FileChannelImpl@16a0230f
2025-01-02 19:25:59,499 [s2-impl-thread1] TRACE util.FileUtils (LogUtils.java:runAndLog(49)) - Successfully ran Atomic Files.move /home/runner/work/ratis/ratis/ratis-test/target/test/data/ae2b1788/MiniRaftClusterWithGrpcf3a16aaa/s2/f5301480-991d-4ee0-bdfa-6c878cb992e6/current/raft-meta.tmp to /home/runner/work/ratis/ratis/ratis-test/target/test/data/ae2b1788/MiniRaftClusterWithGrpcf3a16aaa/s2/f5301480-991d-4ee0-bdfa-6c878cb992e6/current/raft-meta with options [REPLACE_EXISTING]
2025-01-02 19:25:59,499 [s2-impl-thread1] INFO  storage.RaftStorage (RaftStorageImpl.java:format(98)) - Storage directory /home/runner/work/ratis/ratis/ratis-test/target/test/data/ae2b1788/MiniRaftClusterWithGrpcf3a16aaa/s2/f5301480-991d-4ee0-bdfa-6c878cb992e6 has been successfully formatted.
2025-01-02 19:25:59,499 [s2-impl-thread1] INFO  impl.SimpleStateMachine4Testing (SimpleStateMachine4Testing.java:initialize(214)) - Initializing SimpleStateMachine4Testing:uninitialized
2025-01-02 19:25:59,500 [s2-impl-thread1] INFO  impl.SimpleStateMachine4Testing (SimpleStateMachine4Testing.java:loadSnapshot(298)) - Loading snapshot null
2025-01-02 19:25:59,501 [s2-impl-thread1] INFO  util.AwaitToRun (AwaitToRun.java:start(81)) - Thread[s2@group-6C878CB992E6-cacheEviction-AwaitToRun,5,main] started
2025-01-02 19:25:59,501 [s2-impl-thread1] INFO  segmented.SegmentedRaftLogWorker (SegmentedRaftLogWorker.java:<init>(189)) - new s2@group-6C878CB992E6-SegmentedRaftLogWorker for RaftStorageImpl:Storage Directory /home/runner/work/ratis/ratis/ratis-test/target/test/data/ae2b1788/MiniRaftClusterWithGrpcf3a16aaa/s2/f5301480-991d-4ee0-bdfa-6c878cb992e6
2025-01-02 19:25:59,502 [s2-impl-thread1] INFO  segmented.SegmentedRaftLogWorker (SegmentedRaftLogWorker.java:lambda$new$0(140)) - s2@group-6C878CB992E6-SegmentedRaftLogWorker: flushIndex: setUnconditionally 0 -> -1
2025-01-02 19:25:59,502 [s2-impl-thread1] INFO  segmented.SegmentedRaftLogWorker (SegmentedRaftLogWorker.java:lambda$new$0(140)) - s2@group-6C878CB992E6-SegmentedRaftLogWorker: safeCacheEvictIndex: setUnconditionally 0 -> -1
2025-01-02 19:25:59,503 [s2-impl-thread1] INFO  server.RaftServer$Division (RaftServerImpl.java:start(392)) - s2@group-6C878CB992E6: start as a follower, conf=conf: {index: -1, cur=peers:[s3|localhost:15012, s4|localhost:15016, s0|localhost:15000, s1|localhost:15004, s2|localhost:15008]|listeners:[], old=null}
2025-01-02 19:25:59,503 [s2-impl-thread1] INFO  server.RaftServer$Division (RaftServerImpl.java:setRole(379)) - s2@group-6C878CB992E6: changes role from      null to FOLLOWER at term 0 for startAsFollower
2025-01-02 19:25:59,503 [s2-impl-thread1] INFO  impl.RoleInfo (RoleInfo.java:updateAndGet(148)) - s2: start s2@group-6C878CB992E6-FollowerState
2025-01-02 19:25:59,503 [s2-impl-thread1] INFO  util.JmxRegister (JmxRegister.java:tryRegister(44)) - Successfully registered JMX Bean with object name Ratis:service=RaftServer,group=group-6C878CB992E6,id=s2
2025-01-02 19:25:59,503 [s2-impl-thread1] INFO  util.JmxRegister (JmxRegister.java:register(58)) - register mxBean class org.apache.ratis.server.impl.RaftServerJmxAdapter as Ratis:service=RaftServer,group=group-6C878CB992E6,id=s2
2025-01-02 19:25:59,504 [s2-impl-thread1] INFO  server.RaftServer$Division (RaftServerImpl.java:start(406)) - s2@group-6C878CB992E6: Successfully started.
2025-01-02 19:25:59,504 [main] INFO  server.RaftServer (RaftServerProxy.java:startImpl(408)) - s2: start RPC server
2025-01-02 19:25:59,508 [main] INFO  server.GrpcServicesImpl (GrpcServicesImpl.java:startImpl(353)) - s2: GrpcServicesImpl started, listening on 15010
2025-01-02 19:25:59,508 [main] INFO  server.GrpcServicesImpl (GrpcServicesImpl.java:startImpl(353)) - s2: GrpcServicesImpl started, listening on 15008
2025-01-02 19:25:59,509 [main] INFO  server.GrpcServicesImpl (GrpcServicesImpl.java:startImpl(353)) - s2: GrpcServicesImpl started, listening on 15009
2025-01-02 19:25:59,514 [main] INFO  ratis.RaftTestUtil (RaftTestUtil.java:waitForLeader(107)) - printing ALL groups
  s3:  RUNNING  FOLLOWER s3@group-6C878CB992E6:t0, leader=null, voted=, raftlog=Memoized:s3@group-6C878CB992E6-SegmentedRaftLog:OPENED:c-1:lastnull, conf=conf: {index: -1, cur=peers:[s3|localhost:15012, s4|localhost:15016, s0|localhost:15000, s1|localhost:15004, s2|localhost:15008]|listeners:[], old=null} RUNNING
  s4:  RUNNING  FOLLOWER s4@group-6C878CB992E6:t0, leader=null, voted=, raftlog=Memoized:s4@group-6C878CB992E6-SegmentedRaftLog:OPENED:c-1:lastnull, conf=conf: {index: -1, cur=peers:[s3|localhost:15012, s4|localhost:15016, s0|localhost:15000, s1|localhost:15004, s2|localhost:15008]|listeners:[], old=null} RUNNING
  s0:  RUNNING  FOLLOWER s0@group-6C878CB992E6:t0, leader=null, voted=, raftlog=Memoized:s0@group-6C878CB992E6-SegmentedRaftLog:OPENED:c-1:lastnull, conf=conf: {index: -1, cur=peers:[s3|localhost:15012, s4|localhost:15016, s0|localhost:15000, s1|localhost:15004, s2|localhost:15008]|listeners:[], old=null} RUNNING
  s1:  RUNNING  FOLLOWER s1@group-6C878CB992E6:t0, leader=null, voted=, raftlog=Memoized:s1@group-6C878CB992E6-SegmentedRaftLog:OPENED:c-1:lastnull, conf=conf: {index: -1, cur=peers:[s3|localhost:15012, s4|localhost:15016, s0|localhost:15000, s1|localhost:15004, s2|localhost:15008]|listeners:[], old=null} RUNNING
  s2:  RUNNING  FOLLOWER s2@group-6C878CB992E6:t0, leader=null, voted=, raftlog=Memoized:s2@group-6C878CB992E6-SegmentedRaftLog:OPENED:c-1:lastnull, conf=conf: {index: -1, cur=peers:[s3|localhost:15012, s4|localhost:15016, s0|localhost:15000, s1|localhost:15004, s2|localhost:15008]|listeners:[], old=null} RUNNING
2025-01-02 19:25:59,514 [JvmPauseMonitor4] INFO  util.JvmPauseMonitor (JvmPauseMonitor.java:run(146)) - JvmPauseMonitor-s2: Started
2025-01-02 19:25:59,518 [main] WARN  ratis.RaftTestUtil (RaftTestUtil.java:lambda$waitForLeader$3(126)) - Attempt #1 failed: java.lang.IllegalStateException: No leader yet : printing ALL groups
  s3:  RUNNING  FOLLOWER s3@group-6C878CB992E6:t0, leader=null, voted=, raftlog=Memoized:s3@group-6C878CB992E6-SegmentedRaftLog:OPENED:c-1:lastnull, conf=conf: {index: -1, cur=peers:[s3|localhost:15012, s4|localhost:15016, s0|localhost:15000, s1|localhost:15004, s2|localhost:15008]|listeners:[], old=null} RUNNING
  s4:  RUNNING  FOLLOWER s4@group-6C878CB992E6:t0, leader=null, voted=, raftlog=Memoized:s4@group-6C878CB992E6-SegmentedRaftLog:OPENED:c-1:lastnull, conf=conf: {index: -1, cur=peers:[s3|localhost:15012, s4|localhost:15016, s0|localhost:15000, s1|localhost:15004, s2|localhost:15008]|listeners:[], old=null} RUNNING
  s0:  RUNNING  FOLLOWER s0@group-6C878CB992E6:t0, leader=null, voted=, raftlog=Memoized:s0@group-6C878CB992E6-SegmentedRaftLog:OPENED:c-1:lastnull, conf=conf: {index: -1, cur=peers:[s3|localhost:15012, s4|localhost:15016, s0|localhost:15000, s1|localhost:15004, s2|localhost:15008]|listeners:[], old=null} RUNNING
  s1:  RUNNING  FOLLOWER s1@group-6C878CB992E6:t0, leader=null, voted=, raftlog=Memoized:s1@group-6C878CB992E6-SegmentedRaftLog:OPENED:c-1:lastnull, conf=conf: {index: -1, cur=peers:[s3|localhost:15012, s4|localhost:15016, s0|localhost:15000, s1|localhost:15004, s2|localhost:15008]|listeners:[], old=null} RUNNING
  s2:  RUNNING  FOLLOWER s2@group-6C878CB992E6:t0, leader=null, voted=, raftlog=Memoized:s2@group-6C878CB992E6-SegmentedRaftLog:OPENED:c-1:lastnull, conf=conf: {index: -1, cur=peers:[s3|localhost:15012, s4|localhost:15016, s0|localhost:15000, s1|localhost:15004, s2|localhost:15008]|listeners:[], old=null} RUNNING
2025-01-02 19:26:00,653 [s3@group-6C878CB992E6-FollowerState] INFO  impl.FollowerState (FollowerState.java:runImpl(161)) - s3@group-6C878CB992E6-FollowerState: change to CANDIDATE, lastRpcElapsedTime:1238428393ns, electionTimeout:1237ms
2025-01-02 19:26:00,653 [s3@group-6C878CB992E6-FollowerState] INFO  impl.RoleInfo (RoleInfo.java:shutdownFollowerState(121)) - s3: shutdown s3@group-6C878CB992E6-FollowerState
2025-01-02 19:26:00,653 [s3@group-6C878CB992E6-FollowerState] INFO  server.RaftServer$Division (RaftServerImpl.java:setRole(379)) - s3@group-6C878CB992E6: changes role from  FOLLOWER to CANDIDATE at term 0 for changeToCandidate
2025-01-02 19:26:00,655 [s3@group-6C878CB992E6-FollowerState] INFO  impl.RoleInfo (RoleInfo.java:updateAndGet(148)) - s3: start s3@group-6C878CB992E6-LeaderElection1
2025-01-02 19:26:00,657 [s3@group-6C878CB992E6-LeaderElection1] INFO  impl.LeaderElection (LeaderElection.java:askForVotes(332)) - s3@group-6C878CB992E6-LeaderElection1 PRE_VOTE round 0: submit vote requests at term 0 for conf: {index: -1, cur=peers:[s3|localhost:15012, s4|localhost:15016, s0|localhost:15000, s1|localhost:15004, s2|localhost:15008]|listeners:[], old=null}
2025-01-02 19:26:00,670 [s3@group-6C878CB992E6-LeaderElection1-1] INFO  server.GrpcServerProtocolClient (GrpcServerProtocolClient.java:<init>(65)) - Build channel for s4|localhost:15016
2025-01-02 19:26:00,670 [s3@group-6C878CB992E6-LeaderElection1-3] INFO  server.GrpcServerProtocolClient (GrpcServerProtocolClient.java:<init>(65)) - Build channel for s1|localhost:15004
2025-01-02 19:26:00,672 [s3@group-6C878CB992E6-LeaderElection1-2] INFO  server.GrpcServerProtocolClient (GrpcServerProtocolClient.java:<init>(65)) - Build channel for s0|localhost:15000
2025-01-02 19:26:00,673 [s3@group-6C878CB992E6-LeaderElection1-4] INFO  server.GrpcServerProtocolClient (GrpcServerProtocolClient.java:<init>(65)) - Build channel for s2|localhost:15008
2025-01-02 19:26:00,697 [s2@group-6C878CB992E6-FollowerState] INFO  impl.FollowerState (FollowerState.java:runImpl(161)) - s2@group-6C878CB992E6-FollowerState: change to CANDIDATE, lastRpcElapsedTime:1194550479ns, electionTimeout:1194ms
2025-01-02 19:26:00,698 [s2@group-6C878CB992E6-FollowerState] INFO  impl.RoleInfo (RoleInfo.java:shutdownFollowerState(121)) - s2: shutdown s2@group-6C878CB992E6-FollowerState
2025-01-02 19:26:00,698 [s2@group-6C878CB992E6-FollowerState] INFO  server.RaftServer$Division (RaftServerImpl.java:setRole(379)) - s2@group-6C878CB992E6: changes role from  FOLLOWER to CANDIDATE at term 0 for changeToCandidate
2025-01-02 19:26:00,698 [s2@group-6C878CB992E6-FollowerState] INFO  impl.RoleInfo (RoleInfo.java:updateAndGet(148)) - s2: start s2@group-6C878CB992E6-LeaderElection2
2025-01-02 19:26:00,699 [s2@group-6C878CB992E6-LeaderElection2] INFO  impl.LeaderElection (LeaderElection.java:askForVotes(332)) - s2@group-6C878CB992E6-LeaderElection2 PRE_VOTE round 0: submit vote requests at term 0 for conf: {index: -1, cur=peers:[s3|localhost:15012, s4|localhost:15016, s0|localhost:15000, s1|localhost:15004, s2|localhost:15008]|listeners:[], old=null}
2025-01-02 19:26:00,699 [s2@group-6C878CB992E6-LeaderElection2-1] INFO  server.GrpcServerProtocolClient (GrpcServerProtocolClient.java:<init>(65)) - Build channel for s3|localhost:15012
2025-01-02 19:26:00,700 [s2@group-6C878CB992E6-LeaderElection2-2] INFO  server.GrpcServerProtocolClient (GrpcServerProtocolClient.java:<init>(65)) - Build channel for s4|localhost:15016
2025-01-02 19:26:00,700 [s2@group-6C878CB992E6-LeaderElection2-3] INFO  server.GrpcServerProtocolClient (GrpcServerProtocolClient.java:<init>(65)) - Build channel for s0|localhost:15000
2025-01-02 19:26:00,701 [s2@group-6C878CB992E6-LeaderElection2-4] INFO  server.GrpcServerProtocolClient (GrpcServerProtocolClient.java:<init>(65)) - Build channel for s1|localhost:15004
2025-01-02 19:26:00,821 [s4@group-6C878CB992E6-FollowerState] INFO  impl.FollowerState (FollowerState.java:runImpl(161)) - s4@group-6C878CB992E6-FollowerState: change to CANDIDATE, lastRpcElapsedTime:1357826250ns, electionTimeout:1357ms
2025-01-02 19:26:00,821 [s4@group-6C878CB992E6-FollowerState] INFO  impl.RoleInfo (RoleInfo.java:shutdownFollowerState(121)) - s4: shutdown s4@group-6C878CB992E6-FollowerState
2025-01-02 19:26:00,821 [s4@group-6C878CB992E6-FollowerState] INFO  server.RaftServer$Division (RaftServerImpl.java:setRole(379)) - s4@group-6C878CB992E6: changes role from  FOLLOWER to CANDIDATE at term 0 for changeToCandidate
2025-01-02 19:26:00,821 [s4@group-6C878CB992E6-FollowerState] INFO  impl.RoleInfo (RoleInfo.java:updateAndGet(148)) - s4: start s4@group-6C878CB992E6-LeaderElection3
2025-01-02 19:26:00,824 [s4@group-6C878CB992E6-LeaderElection3] INFO  impl.LeaderElection (LeaderElection.java:askForVotes(332)) - s4@group-6C878CB992E6-LeaderElection3 PRE_VOTE round 0: submit vote requests at term 0 for conf: {index: -1, cur=peers:[s3|localhost:15012, s4|localhost:15016, s0|localhost:15000, s1|localhost:15004, s2|localhost:15008]|listeners:[], old=null}
2025-01-02 19:26:00,825 [s4@group-6C878CB992E6-LeaderElection3-1] INFO  server.GrpcServerProtocolClient (GrpcServerProtocolClient.java:<init>(65)) - Build channel for s3|localhost:15012
2025-01-02 19:26:00,827 [s4@group-6C878CB992E6-LeaderElection3-3] INFO  server.GrpcServerProtocolClient (GrpcServerProtocolClient.java:<init>(65)) - Build channel for s1|localhost:15004
2025-01-02 19:26:00,827 [s4@group-6C878CB992E6-LeaderElection3-2] INFO  server.GrpcServerProtocolClient (GrpcServerProtocolClient.java:<init>(65)) - Build channel for s0|localhost:15000
2025-01-02 19:26:00,828 [s4@group-6C878CB992E6-LeaderElection3-4] INFO  server.GrpcServerProtocolClient (GrpcServerProtocolClient.java:<init>(65)) - Build channel for s2|localhost:15008
2025-01-02 19:26:00,898 [s1@group-6C878CB992E6-FollowerState] INFO  impl.FollowerState (FollowerState.java:runImpl(161)) - s1@group-6C878CB992E6-FollowerState: change to CANDIDATE, lastRpcElapsedTime:1407505022ns, electionTimeout:1407ms
2025-01-02 19:26:00,898 [s1@group-6C878CB992E6-FollowerState] INFO  impl.RoleInfo (RoleInfo.java:shutdownFollowerState(121)) - s1: shutdown s1@group-6C878CB992E6-FollowerState
2025-01-02 19:26:00,898 [s1@group-6C878CB992E6-FollowerState] INFO  server.RaftServer$Division (RaftServerImpl.java:setRole(379)) - s1@group-6C878CB992E6: changes role from  FOLLOWER to CANDIDATE at term 0 for changeToCandidate
2025-01-02 19:26:00,899 [s1@group-6C878CB992E6-FollowerState] INFO  impl.RoleInfo (RoleInfo.java:updateAndGet(148)) - s1: start s1@group-6C878CB992E6-LeaderElection4
2025-01-02 19:26:00,899 [s1@group-6C878CB992E6-LeaderElection4] INFO  impl.LeaderElection (LeaderElection.java:askForVotes(332)) - s1@group-6C878CB992E6-LeaderElection4 PRE_VOTE round 0: submit vote requests at term 0 for conf: {index: -1, cur=peers:[s3|localhost:15012, s4|localhost:15016, s0|localhost:15000, s1|localhost:15004, s2|localhost:15008]|listeners:[], old=null}
2025-01-02 19:26:00,903 [s1@group-6C878CB992E6-LeaderElection4-1] INFO  server.GrpcServerProtocolClient (GrpcServerProtocolClient.java:<init>(65)) - Build channel for s3|localhost:15012
2025-01-02 19:26:00,907 [s1@group-6C878CB992E6-LeaderElection4-2] INFO  server.GrpcServerProtocolClient (GrpcServerProtocolClient.java:<init>(65)) - Build channel for s4|localhost:15016
2025-01-02 19:26:00,909 [s1@group-6C878CB992E6-LeaderElection4-3] INFO  server.GrpcServerProtocolClient (GrpcServerProtocolClient.java:<init>(65)) - Build channel for s0|localhost:15000
2025-01-02 19:26:00,910 [s1@group-6C878CB992E6-LeaderElection4-4] INFO  server.GrpcServerProtocolClient (GrpcServerProtocolClient.java:<init>(65)) - Build channel for s2|localhost:15008
2025-01-02 19:26:00,919 [grpc-default-executor-5] INFO  server.RaftServer$Division (RaftServerImpl.java:requestVote(1459)) - s1@group-6C878CB992E6: receive requestVote(PRE_VOTE, s3, group-6C878CB992E6, 0, (t:0, i:0))
2025-01-02 19:26:00,919 [grpc-default-executor-3] INFO  server.RaftServer$Division (RaftServerImpl.java:requestVote(1459)) - s2@group-6C878CB992E6: receive requestVote(PRE_VOTE, s4, group-6C878CB992E6, 0, (t:0, i:0))
2025-01-02 19:26:00,919 [grpc-default-executor-4] INFO  server.RaftServer$Division (RaftServerImpl.java:requestVote(1459)) - s3@group-6C878CB992E6: receive requestVote(PRE_VOTE, s2, group-6C878CB992E6, 0, (t:0, i:0))
2025-01-02 19:26:00,919 [grpc-default-executor-2] INFO  server.RaftServer$Division (RaftServerImpl.java:requestVote(1459)) - s0@group-6C878CB992E6: receive requestVote(PRE_VOTE, s4, group-6C878CB992E6, 0, (t:0, i:0))
2025-01-02 19:26:00,920 [grpc-default-executor-0] INFO  server.RaftServer$Division (RaftServerImpl.java:requestVote(1459)) - s3@group-6C878CB992E6: receive requestVote(PRE_VOTE, s4, group-6C878CB992E6, 0, (t:0, i:0))
2025-01-02 19:26:00,921 [grpc-default-executor-6] INFO  server.RaftServer$Division (RaftServerImpl.java:requestVote(1459)) - s0@group-6C878CB992E6: receive requestVote(PRE_VOTE, s3, group-6C878CB992E6, 0, (t:0, i:0))
2025-01-02 19:26:00,922 [grpc-default-executor-7] INFO  server.RaftServer$Division (RaftServerImpl.java:requestVote(1459)) - s0@group-6C878CB992E6: receive requestVote(PRE_VOTE, s2, group-6C878CB992E6, 0, (t:0, i:0))
2025-01-02 19:26:00,922 [grpc-default-executor-1] INFO  server.RaftServer$Division (RaftServerImpl.java:requestVote(1459)) - s1@group-6C878CB992E6: receive requestVote(PRE_VOTE, s2, group-6C878CB992E6, 0, (t:0, i:0))
2025-01-02 19:26:00,923 [grpc-default-executor-5] INFO  impl.VoteContext (VoteContext.java:log(49)) - s1@group-6C878CB992E6-CANDIDATE: accept PRE_VOTE from s3: our priority 0 <= candidate's priority 0
2025-01-02 19:26:00,923 [grpc-default-executor-3] INFO  impl.VoteContext (VoteContext.java:log(49)) - s2@group-6C878CB992E6-CANDIDATE: accept PRE_VOTE from s4: our priority 0 <= candidate's priority 0
2025-01-02 19:26:00,923 [grpc-default-executor-2] INFO  impl.VoteContext (VoteContext.java:log(49)) - s0@group-6C878CB992E6-FOLLOWER: accept PRE_VOTE from s4: our priority 0 <= candidate's priority 0
2025-01-02 19:26:00,924 [grpc-default-executor-8] INFO  server.RaftServer$Division (RaftServerImpl.java:requestVote(1459)) - s4@group-6C878CB992E6: receive requestVote(PRE_VOTE, s2, group-6C878CB992E6, 0, (t:0, i:0))
2025-01-02 19:26:00,923 [grpc-default-executor-4] INFO  impl.VoteContext (VoteContext.java:log(49)) - s3@group-6C878CB992E6-CANDIDATE: accept PRE_VOTE from s2: our priority 0 <= candidate's priority 0
2025-01-02 19:26:00,924 [grpc-default-executor-8] INFO  impl.VoteContext (VoteContext.java:log(49)) - s4@group-6C878CB992E6-CANDIDATE: accept PRE_VOTE from s2: our priority 0 <= candidate's priority 0
2025-01-02 19:26:00,925 [grpc-default-executor-11] INFO  server.RaftServer$Division (RaftServerImpl.java:requestVote(1459)) - s2@group-6C878CB992E6: receive requestVote(PRE_VOTE, s3, group-6C878CB992E6, 0, (t:0, i:0))
2025-01-02 19:26:00,927 [grpc-default-executor-9] INFO  server.RaftServer$Division (RaftServerImpl.java:requestVote(1459)) - s4@group-6C878CB992E6: receive requestVote(PRE_VOTE, s3, group-6C878CB992E6, 0, (t:0, i:0))
2025-01-02 19:26:00,929 [grpc-default-executor-13] INFO  server.RaftServer$Division (RaftServerImpl.java:requestVote(1459)) - s3@group-6C878CB992E6: receive requestVote(PRE_VOTE, s1, group-6C878CB992E6, 0, (t:0, i:0))
2025-01-02 19:26:00,930 [grpc-default-executor-14] INFO  server.RaftServer$Division (RaftServerImpl.java:requestVote(1459)) - s0@group-6C878CB992E6: receive requestVote(PRE_VOTE, s1, group-6C878CB992E6, 0, (t:0, i:0))
2025-01-02 19:26:00,930 [grpc-default-executor-15] INFO  server.RaftServer$Division (RaftServerImpl.java:requestVote(1459)) - s4@group-6C878CB992E6: receive requestVote(PRE_VOTE, s1, group-6C878CB992E6, 0, (t:0, i:0))
2025-01-02 19:26:00,930 [grpc-default-executor-12] INFO  server.RaftServer$Division (RaftServerImpl.java:requestVote(1459)) - s1@group-6C878CB992E6: receive requestVote(PRE_VOTE, s4, group-6C878CB992E6, 0, (t:0, i:0))
2025-01-02 19:26:00,931 [grpc-default-executor-10] INFO  server.RaftServer$Division (RaftServerImpl.java:requestVote(1459)) - s2@group-6C878CB992E6: receive requestVote(PRE_VOTE, s1, group-6C878CB992E6, 0, (t:0, i:0))
2025-01-02 19:26:00,933 [grpc-default-executor-2] INFO  server.RaftServer$Division (RaftServerImpl.java:requestVote(1493)) - s0@group-6C878CB992E6 replies to PRE_VOTE vote request: s4<-s0#0:OK-t0. Peer's state: s0@group-6C878CB992E6:t0, leader=null, voted=, raftlog=Memoized:s0@group-6C878CB992E6-SegmentedRaftLog:OPENED:c-1:lastnull, conf=conf: {index: -1, cur=peers:[s3|localhost:15012, s4|localhost:15016, s0|localhost:15000, s1|localhost:15004, s2|localhost:15008]|listeners:[], old=null}
2025-01-02 19:26:00,933 [grpc-default-executor-3] INFO  server.RaftServer$Division (RaftServerImpl.java:requestVote(1493)) - s2@group-6C878CB992E6 replies to PRE_VOTE vote request: s4<-s2#0:OK-t0. Peer's state: s2@group-6C878CB992E6:t0, leader=null, voted=, raftlog=Memoized:s2@group-6C878CB992E6-SegmentedRaftLog:OPENED:c-1:lastnull, conf=conf: {index: -1, cur=peers:[s3|localhost:15012, s4|localhost:15016, s0|localhost:15000, s1|localhost:15004, s2|localhost:15008]|listeners:[], old=null}
2025-01-02 19:26:00,933 [grpc-default-executor-14] INFO  impl.VoteContext (VoteContext.java:log(49)) - s0@group-6C878CB992E6-FOLLOWER: accept PRE_VOTE from s1: our priority 0 <= candidate's priority 0
2025-01-02 19:26:00,933 [grpc-default-executor-10] INFO  impl.VoteContext (VoteContext.java:log(49)) - s2@group-6C878CB992E6-CANDIDATE: accept PRE_VOTE from s1: our priority 0 <= candidate's priority 0
2025-01-02 19:26:00,934 [grpc-default-executor-8] INFO  server.RaftServer$Division (RaftServerImpl.java:requestVote(1493)) - s4@group-6C878CB992E6 replies to PRE_VOTE vote request: s2<-s4#0:OK-t0. Peer's state: s4@group-6C878CB992E6:t0, leader=null, voted=, raftlog=Memoized:s4@group-6C878CB992E6-SegmentedRaftLog:OPENED:c-1:lastnull, conf=conf: {index: -1, cur=peers:[s3|localhost:15012, s4|localhost:15016, s0|localhost:15000, s1|localhost:15004, s2|localhost:15008]|listeners:[], old=null}
2025-01-02 19:26:00,933 [grpc-default-executor-14] INFO  server.RaftServer$Division (RaftServerImpl.java:requestVote(1493)) - s0@group-6C878CB992E6 replies to PRE_VOTE vote request: s1<-s0#0:OK-t0. Peer's state: s0@group-6C878CB992E6:t0, leader=null, voted=, raftlog=Memoized:s0@group-6C878CB992E6-SegmentedRaftLog:OPENED:c-1:lastnull, conf=conf: {index: -1, cur=peers:[s3|localhost:15012, s4|localhost:15016, s0|localhost:15000, s1|localhost:15004, s2|localhost:15008]|listeners:[], old=null}
2025-01-02 19:26:00,935 [grpc-default-executor-15] INFO  impl.VoteContext (VoteContext.java:log(49)) - s4@group-6C878CB992E6-CANDIDATE: accept PRE_VOTE from s1: our priority 0 <= candidate's priority 0
2025-01-02 19:26:00,935 [grpc-default-executor-15] INFO  server.RaftServer$Division (RaftServerImpl.java:requestVote(1493)) - s4@group-6C878CB992E6 replies to PRE_VOTE vote request: s1<-s4#0:OK-t0. Peer's state: s4@group-6C878CB992E6:t0, leader=null, voted=, raftlog=Memoized:s4@group-6C878CB992E6-SegmentedRaftLog:OPENED:c-1:lastnull, conf=conf: {index: -1, cur=peers:[s3|localhost:15012, s4|localhost:15016, s0|localhost:15000, s1|localhost:15004, s2|localhost:15008]|listeners:[], old=null}
2025-01-02 19:26:00,935 [grpc-default-executor-7] INFO  impl.VoteContext (VoteContext.java:log(49)) - s0@group-6C878CB992E6-FOLLOWER: accept PRE_VOTE from s2: our priority 0 <= candidate's priority 0
2025-01-02 19:26:00,936 [grpc-default-executor-7] INFO  server.RaftServer$Division (RaftServerImpl.java:requestVote(1493)) - s0@group-6C878CB992E6 replies to PRE_VOTE vote request: s2<-s0#0:OK-t0. Peer's state: s0@group-6C878CB992E6:t0, leader=null, voted=, raftlog=Memoized:s0@group-6C878CB992E6-SegmentedRaftLog:OPENED:c-1:lastnull, conf=conf: {index: -1, cur=peers:[s3|localhost:15012, s4|localhost:15016, s0|localhost:15000, s1|localhost:15004, s2|localhost:15008]|listeners:[], old=null}
2025-01-02 19:26:00,937 [grpc-default-executor-6] INFO  impl.VoteContext (VoteContext.java:log(49)) - s0@group-6C878CB992E6-FOLLOWER: accept PRE_VOTE from s3: our priority 0 <= candidate's priority 0
2025-01-02 19:26:00,937 [grpc-default-executor-6] INFO  server.RaftServer$Division (RaftServerImpl.java:requestVote(1493)) - s0@group-6C878CB992E6 replies to PRE_VOTE vote request: s3<-s0#0:OK-t0. Peer's state: s0@group-6C878CB992E6:t0, leader=null, voted=, raftlog=Memoized:s0@group-6C878CB992E6-SegmentedRaftLog:OPENED:c-1:lastnull, conf=conf: {index: -1, cur=peers:[s3|localhost:15012, s4|localhost:15016, s0|localhost:15000, s1|localhost:15004, s2|localhost:15008]|listeners:[], old=null}
2025-01-02 19:26:00,934 [grpc-default-executor-5] INFO  server.RaftServer$Division (RaftServerImpl.java:requestVote(1493)) - s1@group-6C878CB992E6 replies to PRE_VOTE vote request: s3<-s1#0:OK-t0. Peer's state: s1@group-6C878CB992E6:t0, leader=null, voted=, raftlog=Memoized:s1@group-6C878CB992E6-SegmentedRaftLog:OPENED:c-1:lastnull, conf=conf: {index: -1, cur=peers:[s3|localhost:15012, s4|localhost:15016, s0|localhost:15000, s1|localhost:15004, s2|localhost:15008]|listeners:[], old=null}
2025-01-02 19:26:00,942 [s4@group-6C878CB992E6-LeaderElection3] INFO  impl.LeaderElection (LeaderElection.java:logAndReturn(90)) - s4@group-6C878CB992E6-LeaderElection3: PRE_VOTE PASSED received 2 response(s) and 0 exception(s):
2025-01-02 19:26:00,942 [s4@group-6C878CB992E6-LeaderElection3] INFO  impl.LeaderElection (LeaderElection.java:logAndReturn(94)) -   Response 0: s4<-s0#0:OK-t0
2025-01-02 19:26:00,942 [s4@group-6C878CB992E6-LeaderElection3] INFO  impl.LeaderElection (LeaderElection.java:logAndReturn(94)) -   Response 1: s4<-s2#0:OK-t0
2025-01-02 19:26:00,942 [grpc-default-executor-12] INFO  impl.VoteContext (VoteContext.java:log(49)) - s1@group-6C878CB992E6-CANDIDATE: accept PRE_VOTE from s4: our priority 0 <= candidate's priority 0
2025-01-02 19:26:00,942 [s4@group-6C878CB992E6-LeaderElection3] INFO  impl.LeaderElection (LeaderElection.java:askForVotes(334)) - s4@group-6C878CB992E6-LeaderElection3 PRE_VOTE round 0: result PASSED
2025-01-02 19:26:00,942 [grpc-default-executor-12] INFO  server.RaftServer$Division (RaftServerImpl.java:requestVote(1493)) - s1@group-6C878CB992E6 replies to PRE_VOTE vote request: s4<-s1#0:OK-t0. Peer's state: s1@group-6C878CB992E6:t0, leader=null, voted=, raftlog=Memoized:s1@group-6C878CB992E6-SegmentedRaftLog:OPENED:c-1:lastnull, conf=conf: {index: -1, cur=peers:[s3|localhost:15012, s4|localhost:15016, s0|localhost:15000, s1|localhost:15004, s2|localhost:15008]|listeners:[], old=null}
2025-01-02 19:26:00,943 [grpc-default-executor-1] INFO  impl.VoteContext (VoteContext.java:log(49)) - s1@group-6C878CB992E6-CANDIDATE: accept PRE_VOTE from s2: our priority 0 <= candidate's priority 0
2025-01-02 19:26:00,943 [grpc-default-executor-1] INFO  server.RaftServer$Division (RaftServerImpl.java:requestVote(1493)) - s1@group-6C878CB992E6 replies to PRE_VOTE vote request: s2<-s1#0:OK-t0. Peer's state: s1@group-6C878CB992E6:t0, leader=null, voted=, raftlog=Memoized:s1@group-6C878CB992E6-SegmentedRaftLog:OPENED:c-1:lastnull, conf=conf: {index: -1, cur=peers:[s3|localhost:15012, s4|localhost:15016, s0|localhost:15000, s1|localhost:15004, s2|localhost:15008]|listeners:[], old=null}
2025-01-02 19:26:00,933 [grpc-default-executor-4] INFO  server.RaftServer$Division (RaftServerImpl.java:requestVote(1493)) - s3@group-6C878CB992E6 replies to PRE_VOTE vote request: s2<-s3#0:OK-t0. Peer's state: s3@group-6C878CB992E6:t0, leader=null, voted=, raftlog=Memoized:s3@group-6C878CB992E6-SegmentedRaftLog:OPENED:c-1:lastnull, conf=conf: {index: -1, cur=peers:[s3|localhost:15012, s4|localhost:15016, s0|localhost:15000, s1|localhost:15004, s2|localhost:15008]|listeners:[], old=null}
2025-01-02 19:26:00,942 [s2@group-6C878CB992E6-LeaderElection2] INFO  impl.LeaderElection (LeaderElection.java:logAndReturn(90)) - s2@group-6C878CB992E6-LeaderElection2: PRE_VOTE PASSED received 2 response(s) and 0 exception(s):
2025-01-02 19:26:00,943 [s2@group-6C878CB992E6-LeaderElection2] INFO  impl.LeaderElection (LeaderElection.java:logAndReturn(94)) -   Response 0: s2<-s4#0:OK-t0
2025-01-02 19:26:00,943 [s2@group-6C878CB992E6-LeaderElection2] INFO  impl.LeaderElection (LeaderElection.java:logAndReturn(94)) -   Response 1: s2<-s0#0:OK-t0
2025-01-02 19:26:00,943 [s2@group-6C878CB992E6-LeaderElection2] INFO  impl.LeaderElection (LeaderElection.java:askForVotes(334)) - s2@group-6C878CB992E6-LeaderElection2 PRE_VOTE round 0: result PASSED
2025-01-02 19:26:00,941 [s1@group-6C878CB992E6-LeaderElection4] INFO  impl.LeaderElection (LeaderElection.java:logAndReturn(90)) - s1@group-6C878CB992E6-LeaderElection4: PRE_VOTE PASSED received 2 response(s) and 0 exception(s):
2025-01-02 19:26:00,944 [s1@group-6C878CB992E6-LeaderElection4] INFO  impl.LeaderElection (LeaderElection.java:logAndReturn(94)) -   Response 0: s1<-s4#0:OK-t0
2025-01-02 19:26:00,944 [s1@group-6C878CB992E6-LeaderElection4] INFO  impl.LeaderElection (LeaderElection.java:logAndReturn(94)) -   Response 1: s1<-s0#0:OK-t0
2025-01-02 19:26:00,944 [s1@group-6C878CB992E6-LeaderElection4] INFO  impl.LeaderElection (LeaderElection.java:askForVotes(334)) - s1@group-6C878CB992E6-LeaderElection4 PRE_VOTE round 0: result PASSED
2025-01-02 19:26:00,936 [grpc-default-executor-9] INFO  impl.VoteContext (VoteContext.java:log(49)) - s4@group-6C878CB992E6-CANDIDATE: accept PRE_VOTE from s3: our priority 0 <= candidate's priority 0
2025-01-02 19:26:00,945 [s1@group-6C878CB992E6-LeaderElection4] TRACE util.FileUtils (LogUtils.java:supplyAndLog(69)) - Successfully supplied FileChannel.open /home/runner/work/ratis/ratis/ratis-test/target/test/data/ae2b1788/MiniRaftClusterWithGrpcf3a16aaa/s1/f5301480-991d-4ee0-bdfa-6c878cb992e6/current/raft-meta.tmp with options [CREATE, WRITE]: sun.nio.ch.FileChannelImpl@2bf50209
2025-01-02 19:26:00,947 [grpc-default-executor-13] INFO  impl.VoteContext (VoteContext.java:log(49)) - s3@group-6C878CB992E6-CANDIDATE: accept PRE_VOTE from s1: our priority 0 <= candidate's priority 0
2025-01-02 19:26:00,948 [grpc-default-executor-13] INFO  server.RaftServer$Division (RaftServerImpl.java:requestVote(1493)) - s3@group-6C878CB992E6 replies to PRE_VOTE vote request: s1<-s3#0:OK-t0. Peer's state: s3@group-6C878CB992E6:t0, leader=null, voted=, raftlog=Memoized:s3@group-6C878CB992E6-SegmentedRaftLog:OPENED:c-1:lastnull, conf=conf: {index: -1, cur=peers:[s3|localhost:15012, s4|localhost:15016, s0|localhost:15000, s1|localhost:15004, s2|localhost:15008]|listeners:[], old=null}
2025-01-02 19:26:00,948 [grpc-default-executor-0] INFO  impl.VoteContext (VoteContext.java:log(49)) - s3@group-6C878CB992E6-CANDIDATE: accept PRE_VOTE from s4: our priority 0 <= candidate's priority 0
2025-01-02 19:26:00,934 [grpc-default-executor-10] INFO  server.RaftServer$Division (RaftServerImpl.java:requestVote(1493)) - s2@group-6C878CB992E6 replies to PRE_VOTE vote request: s1<-s2#0:OK-t0. Peer's state: s2@group-6C878CB992E6:t0, leader=null, voted=, raftlog=Memoized:s2@group-6C878CB992E6-SegmentedRaftLog:OPENED:c-1:lastnull, conf=conf: {index: -1, cur=peers:[s3|localhost:15012, s4|localhost:15016, s0|localhost:15000, s1|localhost:15004, s2|localhost:15008]|listeners:[], old=null}
2025-01-02 19:26:00,948 [grpc-default-executor-0] INFO  server.RaftServer$Division (RaftServerImpl.java:requestVote(1493)) - s3@group-6C878CB992E6 replies to PRE_VOTE vote request: s4<-s3#0:OK-t0. Peer's state: s3@group-6C878CB992E6:t0, leader=null, voted=, raftlog=Memoized:s3@group-6C878CB992E6-SegmentedRaftLog:OPENED:c-1:lastnull, conf=conf: {index: -1, cur=peers:[s3|localhost:15012, s4|localhost:15016, s0|localhost:15000, s1|localhost:15004, s2|localhost:15008]|listeners:[], old=null}
2025-01-02 19:26:00,948 [grpc-default-executor-11] INFO  impl.VoteContext (VoteContext.java:log(49)) - s2@group-6C878CB992E6-CANDIDATE: accept PRE_VOTE from s3: our priority 0 <= candidate's priority 0
2025-01-02 19:26:00,948 [grpc-default-executor-11] INFO  server.RaftServer$Division (RaftServerImpl.java:requestVote(1493)) - s2@group-6C878CB992E6 replies to PRE_VOTE vote request: s3<-s2#0:OK-t0. Peer's state: s2@group-6C878CB992E6:t0, leader=null, voted=, raftlog=Memoized:s2@group-6C878CB992E6-SegmentedRaftLog:OPENED:c-1:lastnull, conf=conf: {index: -1, cur=peers:[s3|localhost:15012, s4|localhost:15016, s0|localhost:15000, s1|localhost:15004, s2|localhost:15008]|listeners:[], old=null}
2025-01-02 19:26:00,947 [s1@group-6C878CB992E6-LeaderElection4] TRACE util.FileUtils (LogUtils.java:runAndLog(49)) - Successfully ran Atomic Files.move /home/runner/work/ratis/ratis/ratis-test/target/test/data/ae2b1788/MiniRaftClusterWithGrpcf3a16aaa/s1/f5301480-991d-4ee0-bdfa-6c878cb992e6/current/raft-meta.tmp to /home/runner/work/ratis/ratis/ratis-test/target/test/data/ae2b1788/MiniRaftClusterWithGrpcf3a16aaa/s1/f5301480-991d-4ee0-bdfa-6c878cb992e6/current/raft-meta with options [REPLACE_EXISTING]
2025-01-02 19:26:00,949 [s1@group-6C878CB992E6-LeaderElection4] INFO  impl.LeaderElection (LeaderElection.java:askForVotes(332)) - s1@group-6C878CB992E6-LeaderElection4 ELECTION round 0: submit vote requests at term 1 for conf: {index: -1, cur=peers:[s3|localhost:15012, s4|localhost:15016, s0|localhost:15000, s1|localhost:15004, s2|localhost:15008]|listeners:[], old=null}
2025-01-02 19:26:00,949 [s2@group-6C878CB992E6-LeaderElection2] TRACE util.FileUtils (LogUtils.java:supplyAndLog(69)) - Successfully supplied FileChannel.open /home/runner/work/ratis/ratis/ratis-test/target/test/data/ae2b1788/MiniRaftClusterWithGrpcf3a16aaa/s2/f5301480-991d-4ee0-bdfa-6c878cb992e6/current/raft-meta.tmp with options [CREATE, WRITE]: sun.nio.ch.FileChannelImpl@370c5f6d
2025-01-02 19:26:00,945 [grpc-default-executor-9] INFO  server.RaftServer$Division (RaftServerImpl.java:requestVote(1493)) - s4@group-6C878CB992E6 replies to PRE_VOTE vote request: s3<-s4#0:OK-t0. Peer's state: s4@group-6C878CB992E6:t0, leader=null, voted=, raftlog=Memoized:s4@group-6C878CB992E6-SegmentedRaftLog:OPENED:c-1:lastnull, conf=conf: {index: -1, cur=peers:[s3|localhost:15012, s4|localhost:15016, s0|localhost:15000, s1|localhost:15004, s2|localhost:15008]|listeners:[], old=null}
2025-01-02 19:26:00,949 [s4@group-6C878CB992E6-LeaderElection3] TRACE util.FileUtils (LogUtils.java:supplyAndLog(69)) - Successfully supplied FileChannel.open /home/runner/work/ratis/ratis/ratis-test/target/test/data/ae2b1788/MiniRaftClusterWithGrpcf3a16aaa/s4/f5301480-991d-4ee0-bdfa-6c878cb992e6/current/raft-meta.tmp with options [CREATE, WRITE]: sun.nio.ch.FileChannelImpl@23bf65b5
2025-01-02 19:26:00,951 [s2@group-6C878CB992E6-LeaderElection2] TRACE util.FileUtils (LogUtils.java:runAndLog(49)) - Successfully ran Atomic Files.move /home/runner/work/ratis/ratis/ratis-test/target/test/data/ae2b1788/MiniRaftClusterWithGrpcf3a16aaa/s2/f5301480-991d-4ee0-bdfa-6c878cb992e6/current/raft-meta.tmp to /home/runner/work/ratis/ratis/ratis-test/target/test/data/ae2b1788/MiniRaftClusterWithGrpcf3a16aaa/s2/f5301480-991d-4ee0-bdfa-6c878cb992e6/current/raft-meta with options [REPLACE_EXISTING]
2025-01-02 19:26:00,951 [s2@group-6C878CB992E6-LeaderElection2] INFO  impl.LeaderElection (LeaderElection.java:askForVotes(332)) - s2@group-6C878CB992E6-LeaderElection2 ELECTION round 0: submit vote requests at term 1 for conf: {index: -1, cur=peers:[s3|localhost:15012, s4|localhost:15016, s0|localhost:15000, s1|localhost:15004, s2|localhost:15008]|listeners:[], old=null}
2025-01-02 19:26:00,951 [s4@group-6C878CB992E6-LeaderElection3] TRACE util.FileUtils (LogUtils.java:runAndLog(49)) - Successfully ran Atomic Files.move /home/runner/work/ratis/ratis/ratis-test/target/test/data/ae2b1788/MiniRaftClusterWithGrpcf3a16aaa/s4/f5301480-991d-4ee0-bdfa-6c878cb992e6/current/raft-meta.tmp to /home/runner/work/ratis/ratis/ratis-test/target/test/data/ae2b1788/MiniRaftClusterWithGrpcf3a16aaa/s4/f5301480-991d-4ee0-bdfa-6c878cb992e6/current/raft-meta with options [REPLACE_EXISTING]
2025-01-02 19:26:00,951 [s4@group-6C878CB992E6-LeaderElection3] INFO  impl.LeaderElection (LeaderElection.java:askForVotes(332)) - s4@group-6C878CB992E6-LeaderElection3 ELECTION round 0: submit vote requests at term 1 for conf: {index: -1, cur=peers:[s3|localhost:15012, s4|localhost:15016, s0|localhost:15000, s1|localhost:15004, s2|localhost:15008]|listeners:[], old=null}
2025-01-02 19:26:00,951 [s3@group-6C878CB992E6-LeaderElection1] INFO  impl.LeaderElection (LeaderElection.java:logAndReturn(90)) - s3@group-6C878CB992E6-LeaderElection1: PRE_VOTE PASSED received 2 response(s) and 0 exception(s):
2025-01-02 19:26:00,951 [s3@group-6C878CB992E6-LeaderElection1] INFO  impl.LeaderElection (LeaderElection.java:logAndReturn(94)) -   Response 0: s3<-s0#0:OK-t0
2025-01-02 19:26:00,951 [s3@group-6C878CB992E6-LeaderElection1] INFO  impl.LeaderElection (LeaderElection.java:logAndReturn(94)) -   Response 1: s3<-s2#0:OK-t0
2025-01-02 19:26:00,952 [s3@group-6C878CB992E6-LeaderElection1] INFO  impl.LeaderElection (LeaderElection.java:askForVotes(334)) - s3@group-6C878CB992E6-LeaderElection1 PRE_VOTE round 0: result PASSED
2025-01-02 19:26:00,952 [s3@group-6C878CB992E6-LeaderElection1] TRACE util.FileUtils (LogUtils.java:supplyAndLog(69)) - Successfully supplied FileChannel.open /home/runner/work/ratis/ratis/ratis-test/target/test/data/ae2b1788/MiniRaftClusterWithGrpcf3a16aaa/s3/f5301480-991d-4ee0-bdfa-6c878cb992e6/current/raft-meta.tmp with options [CREATE, WRITE]: sun.nio.ch.FileChannelImpl@48d521b3
2025-01-02 19:26:00,953 [grpc-default-executor-4] INFO  server.RaftServer$Division (RaftServerImpl.java:requestVote(1459)) - s3@group-6C878CB992E6: receive requestVote(ELECTION, s1, group-6C878CB992E6, 1, (t:0, i:0))
2025-01-02 19:26:00,954 [s3@group-6C878CB992E6-LeaderElection1] TRACE util.FileUtils (LogUtils.java:runAndLog(49)) - Successfully ran Atomic Files.move /home/runner/work/ratis/ratis/ratis-test/target/test/data/ae2b1788/MiniRaftClusterWithGrpcf3a16aaa/s3/f5301480-991d-4ee0-bdfa-6c878cb992e6/current/raft-meta.tmp to /home/runner/work/ratis/ratis/ratis-test/target/test/data/ae2b1788/MiniRaftClusterWithGrpcf3a16aaa/s3/f5301480-991d-4ee0-bdfa-6c878cb992e6/current/raft-meta with options [REPLACE_EXISTING]
2025-01-02 19:26:00,954 [s3@group-6C878CB992E6-LeaderElection1] INFO  impl.LeaderElection (LeaderElection.java:askForVotes(332)) - s3@group-6C878CB992E6-LeaderElection1 ELECTION round 0: submit vote requests at term 1 for conf: {index: -1, cur=peers:[s3|localhost:15012, s4|localhost:15016, s0|localhost:15000, s1|localhost:15004, s2|localhost:15008]|listeners:[], old=null}
2025-01-02 19:26:00,954 [grpc-default-executor-4] INFO  impl.VoteContext (VoteContext.java:log(49)) - s3@group-6C878CB992E6-CANDIDATE: reject ELECTION from s1: already has voted for s3 at current term 1
2025-01-02 19:26:00,954 [grpc-default-executor-4] INFO  server.RaftServer$Division (RaftServerImpl.java:requestVote(1493)) - s3@group-6C878CB992E6 replies to ELECTION vote request: s1<-s3#0:FAIL-t1. Peer's state: s3@group-6C878CB992E6:t1, leader=null, voted=s3, raftlog=Memoized:s3@group-6C878CB992E6-SegmentedRaftLog:OPENED:c-1:lastnull, conf=conf: {index: -1, cur=peers:[s3|localhost:15012, s4|localhost:15016, s0|localhost:15000, s1|localhost:15004, s2|localhost:15008]|listeners:[], old=null}
2025-01-02 19:26:00,961 [grpc-default-executor-4] INFO  server.RaftServer$Division (RaftServerImpl.java:requestVote(1459)) - s3@group-6C878CB992E6: receive requestVote(ELECTION, s2, group-6C878CB992E6, 1, (t:0, i:0))
2025-01-02 19:26:00,961 [grpc-default-executor-4] INFO  impl.VoteContext (VoteContext.java:log(49)) - s3@group-6C878CB992E6-CANDIDATE: reject ELECTION from s2: already has voted for s3 at current term 1
2025-01-02 19:26:00,961 [grpc-default-executor-4] INFO  server.RaftServer$Division (RaftServerImpl.java:requestVote(1493)) - s3@group-6C878CB992E6 replies to ELECTION vote request: s2<-s3#0:FAIL-t1. Peer's state: s3@group-6C878CB992E6:t1, leader=null, voted=s3, raftlog=Memoized:s3@group-6C878CB992E6-SegmentedRaftLog:OPENED:c-1:lastnull, conf=conf: {index: -1, cur=peers:[s3|localhost:15012, s4|localhost:15016, s0|localhost:15000, s1|localhost:15004, s2|localhost:15008]|listeners:[], old=null}
2025-01-02 19:26:00,965 [grpc-default-executor-4] INFO  server.RaftServer$Division (RaftServerImpl.java:requestVote(1459)) - s4@group-6C878CB992E6: receive requestVote(ELECTION, s3, group-6C878CB992E6, 1, (t:0, i:0))
2025-01-02 19:26:00,965 [grpc-default-executor-4] INFO  impl.VoteContext (VoteContext.java:log(49)) - s4@group-6C878CB992E6-CANDIDATE: reject ELECTION from s3: already has voted for s4 at current term 1
2025-01-02 19:26:00,965 [grpc-default-executor-4] INFO  server.RaftServer$Division (RaftServerImpl.java:requestVote(1493)) - s4@group-6C878CB992E6 replies to ELECTION vote request: s3<-s4#0:FAIL-t1. Peer's state: s4@group-6C878CB992E6:t1, leader=null, voted=s4, raftlog=Memoized:s4@group-6C878CB992E6-SegmentedRaftLog:OPENED:c-1:lastnull, conf=conf: {index: -1, cur=peers:[s3|localhost:15012, s4|localhost:15016, s0|localhost:15000, s1|localhost:15004, s2|localhost:15008]|listeners:[], old=null}
2025-01-02 19:26:00,971 [grpc-default-executor-4] INFO  server.RaftServer$Division (RaftServerImpl.java:requestVote(1459)) - s1@group-6C878CB992E6: receive requestVote(ELECTION, s3, group-6C878CB992E6, 1, (t:0, i:0))
2025-01-02 19:26:00,972 [grpc-default-executor-4] INFO  impl.VoteContext (VoteContext.java:log(49)) - s1@group-6C878CB992E6-CANDIDATE: reject ELECTION from s3: already has voted for s1 at current term 1
2025-01-02 19:26:00,972 [grpc-default-executor-4] INFO  server.RaftServer$Division (RaftServerImpl.java:requestVote(1493)) - s1@group-6C878CB992E6 replies to ELECTION vote request: s3<-s1#0:FAIL-t1. Peer's state: s1@group-6C878CB992E6:t1, leader=null, voted=s1, raftlog=Memoized:s1@group-6C878CB992E6-SegmentedRaftLog:OPENED:c-1:lastnull, conf=conf: {index: -1, cur=peers:[s3|localhost:15012, s4|localhost:15016, s0|localhost:15000, s1|localhost:15004, s2|localhost:15008]|listeners:[], old=null}
2025-01-02 19:26:00,972 [grpc-default-executor-9] INFO  server.RaftServer$Division (RaftServerImpl.java:requestVote(1459)) - s3@group-6C878CB992E6: receive requestVote(ELECTION, s4, group-6C878CB992E6, 1, (t:0, i:0))
2025-01-02 19:26:00,972 [grpc-default-executor-9] INFO  impl.VoteContext (VoteContext.java:log(49)) - s3@group-6C878CB992E6-CANDIDATE: reject ELECTION from s4: already has voted for s3 at current term 1
2025-01-02 19:26:00,972 [grpc-default-executor-9] INFO  server.RaftServer$Division (RaftServerImpl.java:requestVote(1493)) - s3@group-6C878CB992E6 replies to ELECTION vote request: s4<-s3#0:FAIL-t1. Peer's state: s3@group-6C878CB992E6:t1, leader=null, voted=s3, raftlog=Memoized:s3@group-6C878CB992E6-SegmentedRaftLog:OPENED:c-1:lastnull, conf=conf: {index: -1, cur=peers:[s3|localhost:15012, s4|localhost:15016, s0|localhost:15000, s1|localhost:15004, s2|localhost:15008]|listeners:[], old=null}
2025-01-02 19:26:00,973 [grpc-default-executor-9] INFO  server.RaftServer$Division (RaftServerImpl.java:requestVote(1459)) - s0@group-6C878CB992E6: receive requestVote(ELECTION, s1, group-6C878CB992E6, 1, (t:0, i:0))
2025-01-02 19:26:00,973 [grpc-default-executor-9] INFO  impl.VoteContext (VoteContext.java:log(49)) - s0@group-6C878CB992E6-FOLLOWER: accept ELECTION from s1: our priority 0 <= candidate's priority 0
2025-01-02 19:26:00,974 [grpc-default-executor-9] INFO  server.RaftServer$Division (RaftServerImpl.java:setRole(379)) - s0@group-6C878CB992E6: changes role from  FOLLOWER to FOLLOWER at term 0 for candidate:s1
2025-01-02 19:26:00,974 [grpc-default-executor-10] INFO  server.RaftServer$Division (RaftServerImpl.java:requestVote(1459)) - s0@group-6C878CB992E6: receive requestVote(ELECTION, s3, group-6C878CB992E6, 1, (t:0, i:0))
2025-01-02 19:26:00,974 [grpc-default-executor-9] INFO  impl.RoleInfo (RoleInfo.java:shutdownFollowerState(121)) - s0: shutdown s0@group-6C878CB992E6-FollowerState
2025-01-02 19:26:00,974 [grpc-default-executor-4] INFO  server.RaftServer$Division (RaftServerImpl.java:requestVote(1459)) - s4@group-6C878CB992E6: receive requestVote(ELECTION, s2, group-6C878CB992E6, 1, (t:0, i:0))
2025-01-02 19:26:00,974 [grpc-default-executor-4] INFO  impl.VoteContext (VoteContext.java:log(49)) - s4@group-6C878CB992E6-CANDIDATE: reject ELECTION from s2: already has voted for s4 at current term 1
2025-01-02 19:26:00,974 [grpc-default-executor-4] INFO  server.RaftServer$Division (RaftServerImpl.java:requestVote(1493)) - s4@group-6C878CB992E6 replies to ELECTION vote request: s2<-s4#0:FAIL-t1. Peer's state: s4@group-6C878CB992E6:t1, leader=null, voted=s4, raftlog=Memoized:s4@group-6C878CB992E6-SegmentedRaftLog:OPENED:c-1:lastnull, conf=conf: {index: -1, cur=peers:[s3|localhost:15012, s4|localhost:15016, s0|localhost:15000, s1|localhost:15004, s2|localhost:15008]|listeners:[], old=null}
2025-01-02 19:26:00,975 [grpc-default-executor-4] INFO  server.RaftServer$Division (RaftServerImpl.java:requestVote(1459)) - s2@group-6C878CB992E6: receive requestVote(ELECTION, s3, group-6C878CB992E6, 1, (t:0, i:0))
2025-01-02 19:26:00,976 [grpc-default-executor-4] INFO  impl.VoteContext (VoteContext.java:log(49)) - s2@group-6C878CB992E6-CANDIDATE: reject ELECTION from s3: already has voted for s2 at current term 1
2025-01-02 19:26:00,976 [grpc-default-executor-4] INFO  server.RaftServer$Division (RaftServerImpl.java:requestVote(1493)) - s2@group-6C878CB992E6 replies to ELECTION vote request: s3<-s2#0:FAIL-t1. Peer's state: s2@group-6C878CB992E6:t1, leader=null, voted=s2, raftlog=Memoized:s2@group-6C878CB992E6-SegmentedRaftLog:OPENED:c-1:lastnull, conf=conf: {index: -1, cur=peers:[s3|localhost:15012, s4|localhost:15016, s0|localhost:15000, s1|localhost:15004, s2|localhost:15008]|listeners:[], old=null}
2025-01-02 19:26:00,977 [grpc-default-executor-4] INFO  server.RaftServer$Division (RaftServerImpl.java:requestVote(1459)) - s4@group-6C878CB992E6: receive requestVote(ELECTION, s1, group-6C878CB992E6, 1, (t:0, i:0))
2025-01-02 19:26:00,977 [grpc-default-executor-4] INFO  impl.VoteContext (VoteContext.java:log(49)) - s4@group-6C878CB992E6-CANDIDATE: reject ELECTION from s1: already has voted for s4 at current term 1
2025-01-02 19:26:00,977 [grpc-default-executor-4] INFO  server.RaftServer$Division (RaftServerImpl.java:requestVote(1493)) - s4@group-6C878CB992E6 replies to ELECTION vote request: s1<-s4#0:FAIL-t1. Peer's state: s4@group-6C878CB992E6:t1, leader=null, voted=s4, raftlog=Memoized:s4@group-6C878CB992E6-SegmentedRaftLog:OPENED:c-1:lastnull, conf=conf: {index: -1, cur=peers:[s3|localhost:15012, s4|localhost:15016, s0|localhost:15000, s1|localhost:15004, s2|localhost:15008]|listeners:[], old=null}
2025-01-02 19:26:00,979 [grpc-default-executor-4] INFO  server.RaftServer$Division (RaftServerImpl.java:requestVote(1459)) - s2@group-6C878CB992E6: receive requestVote(ELECTION, s1, group-6C878CB992E6, 1, (t:0, i:0))
2025-01-02 19:26:00,979 [grpc-default-executor-4] INFO  impl.VoteContext (VoteContext.java:log(49)) - s2@group-6C878CB992E6-CANDIDATE: reject ELECTION from s1: already has voted for s2 at current term 1
2025-01-02 19:26:00,979 [grpc-default-executor-4] INFO  server.RaftServer$Division (RaftServerImpl.java:requestVote(1493)) - s2@group-6C878CB992E6 replies to ELECTION vote request: s1<-s2#0:FAIL-t1. Peer's state: s2@group-6C878CB992E6:t1, leader=null, voted=s2, raftlog=Memoized:s2@group-6C878CB992E6-SegmentedRaftLog:OPENED:c-1:lastnull, conf=conf: {index: -1, cur=peers:[s3|localhost:15012, s4|localhost:15016, s0|localhost:15000, s1|localhost:15004, s2|localhost:15008]|listeners:[], old=null}
2025-01-02 19:26:00,982 [grpc-default-executor-4] INFO  server.RaftServer$Division (RaftServerImpl.java:requestVote(1459)) - s0@group-6C878CB992E6: receive requestVote(ELECTION, s4, group-6C878CB992E6, 1, (t:0, i:0))
2025-01-02 19:26:00,983 [s1@group-6C878CB992E6-LeaderElection4] INFO  impl.LeaderElection (LeaderElection.java:logAndReturn(90)) - s1@group-6C878CB992E6-LeaderElection4: ELECTION REJECTED received 3 response(s) and 0 exception(s):
2025-01-02 19:26:00,983 [s1@group-6C878CB992E6-LeaderElection4] INFO  impl.LeaderElection (LeaderElection.java:logAndReturn(94)) -   Response 0: s1<-s3#0:FAIL-t1
2025-01-02 19:26:00,983 [s1@group-6C878CB992E6-LeaderElection4] INFO  impl.LeaderElection (LeaderElection.java:logAndReturn(94)) -   Response 1: s1<-s4#0:FAIL-t1
2025-01-02 19:26:00,983 [s1@group-6C878CB992E6-LeaderElection4] INFO  impl.LeaderElection (LeaderElection.java:logAndReturn(94)) -   Response 2: s1<-s2#0:FAIL-t1
2025-01-02 19:26:00,983 [s1@group-6C878CB992E6-LeaderElection4] INFO  impl.LeaderElection (LeaderElection.java:askForVotes(334)) - s1@group-6C878CB992E6-LeaderElection4 ELECTION round 0: result REJECTED
2025-01-02 19:26:00,984 [s1@group-6C878CB992E6-LeaderElection4] INFO  server.RaftServer$Division (RaftServerImpl.java:setRole(379)) - s1@group-6C878CB992E6: changes role from CANDIDATE to FOLLOWER at term 1 for REJECTED
2025-01-02 19:26:00,984 [s1@group-6C878CB992E6-LeaderElection4] INFO  impl.RoleInfo (RoleInfo.java:shutdownLeaderElection(141)) - s1: shutdown s1@group-6C878CB992E6-LeaderElection4
2025-01-02 19:26:00,984 [s3@group-6C878CB992E6-LeaderElection1] INFO  impl.LeaderElection (LeaderElection.java:logAndReturn(90)) - s3@group-6C878CB992E6-LeaderElection1: ELECTION REJECTED received 3 response(s) and 0 exception(s):
2025-01-02 19:26:00,984 [s3@group-6C878CB992E6-LeaderElection1] INFO  impl.LeaderElection (LeaderElection.java:logAndReturn(94)) -   Response 0: s3<-s4#0:FAIL-t1
2025-01-02 19:26:00,984 [s3@group-6C878CB992E6-LeaderElection1] INFO  impl.LeaderElection (LeaderElection.java:logAndReturn(94)) -   Response 1: s3<-s1#0:FAIL-t1
2025-01-02 19:26:00,984 [s3@group-6C878CB992E6-LeaderElection1] INFO  impl.LeaderElection (LeaderElection.java:logAndReturn(94)) -   Response 2: s3<-s2#0:FAIL-t1
2025-01-02 19:26:00,985 [s3@group-6C878CB992E6-LeaderElection1] INFO  impl.LeaderElection (LeaderElection.java:askForVotes(334)) - s3@group-6C878CB992E6-LeaderElection1 ELECTION round 0: result REJECTED
2025-01-02 19:26:00,985 [s3@group-6C878CB992E6-LeaderElection1] INFO  server.RaftServer$Division (RaftServerImpl.java:setRole(379)) - s3@group-6C878CB992E6: changes role from CANDIDATE to FOLLOWER at term 1 for REJECTED
2025-01-02 19:26:00,985 [s3@group-6C878CB992E6-LeaderElection1] INFO  impl.RoleInfo (RoleInfo.java:shutdownLeaderElection(141)) - s3: shutdown s3@group-6C878CB992E6-LeaderElection1
2025-01-02 19:26:00,985 [s1@group-6C878CB992E6-LeaderElection4] INFO  impl.RoleInfo (RoleInfo.java:updateAndGet(148)) - s1: start s1@group-6C878CB992E6-FollowerState
2025-01-02 19:26:00,985 [s3@group-6C878CB992E6-LeaderElection1] INFO  impl.RoleInfo (RoleInfo.java:updateAndGet(148)) - s3: start s3@group-6C878CB992E6-FollowerState
2025-01-02 19:26:00,985 [grpc-default-executor-11] INFO  server.RaftServer$Division (RaftServerImpl.java:requestVote(1459)) - s0@group-6C878CB992E6: receive requestVote(ELECTION, s2, group-6C878CB992E6, 1, (t:0, i:0))
2025-01-02 19:26:00,987 [s1@group-6C878CB992E6-LeaderElection4] INFO  server.RaftServer$Division (RaftServerImpl.java:setFirstElection(563)) - s1@group-6C878CB992E6: set firstElectionSinceStartup to false for REJECTED
2025-01-02 19:26:00,987 [s0@group-6C878CB992E6-FollowerState] INFO  impl.FollowerState (FollowerState.java:runImpl(170)) - s0@group-6C878CB992E6-FollowerState was interrupted
2025-01-02 19:26:00,987 [grpc-default-executor-9] INFO  impl.RoleInfo (RoleInfo.java:updateAndGet(148)) - s0: start s0@group-6C878CB992E6-FollowerState
2025-01-02 19:26:00,988 [grpc-default-executor-0] INFO  server.RaftServer$Division (RaftServerImpl.java:requestVote(1459)) - s1@group-6C878CB992E6: receive requestVote(ELECTION, s4, group-6C878CB992E6, 1, (t:0, i:0))
2025-01-02 19:26:00,988 [grpc-default-executor-0] INFO  impl.VoteContext (VoteContext.java:log(49)) - s1@group-6C878CB992E6-FOLLOWER: reject ELECTION from s4: already has voted for s1 at current term 1
2025-01-02 19:26:00,988 [grpc-default-executor-0] INFO  server.RaftServer$Division (RaftServerImpl.java:requestVote(1493)) - s1@group-6C878CB992E6 replies to ELECTION vote request: s4<-s1#0:FAIL-t1. Peer's state: s1@group-6C878CB992E6:t1, leader=null, voted=s1, raftlog=Memoized:s1@group-6C878CB992E6-SegmentedRaftLog:OPENED:c-1:lastnull, conf=conf: {index: -1, cur=peers:[s3|localhost:15012, s4|localhost:15016, s0|localhost:15000, s1|localhost:15004, s2|localhost:15008]|listeners:[], old=null}
2025-01-02 19:26:00,989 [grpc-default-executor-1] INFO  server.RaftServer$Division (RaftServerImpl.java:requestVote(1459)) - s2@group-6C878CB992E6: receive requestVote(ELECTION, s4, group-6C878CB992E6, 1, (t:0, i:0))
2025-01-02 19:26:00,989 [grpc-default-executor-1] INFO  impl.VoteContext (VoteContext.java:log(49)) - s2@group-6C878CB992E6-CANDIDATE: reject ELECTION from s4: already has voted for s2 at current term 1
2025-01-02 19:26:00,989 [grpc-default-executor-1] INFO  server.RaftServer$Division (RaftServerImpl.java:requestVote(1493)) - s2@group-6C878CB992E6 replies to ELECTION vote request: s4<-s2#0:FAIL-t1. Peer's state: s2@group-6C878CB992E6:t1, leader=null, voted=s2, raftlog=Memoized:s2@group-6C878CB992E6-SegmentedRaftLog:OPENED:c-1:lastnull, conf=conf: {index: -1, cur=peers:[s3|localhost:15012, s4|localhost:15016, s0|localhost:15000, s1|localhost:15004, s2|localhost:15008]|listeners:[], old=null}
2025-01-02 19:26:00,991 [grpc-default-executor-9] INFO  server.RaftServer$Division (RaftServerImpl.java:setFirstElection(563)) - s0@group-6C878CB992E6: set firstElectionSinceStartup to false for candidate:s1
2025-01-02 19:26:00,991 [grpc-default-executor-9] TRACE util.FileUtils (LogUtils.java:supplyAndLog(69)) - Successfully supplied FileChannel.open /home/runner/work/ratis/ratis/ratis-test/target/test/data/ae2b1788/MiniRaftClusterWithGrpcf3a16aaa/s0/f5301480-991d-4ee0-bdfa-6c878cb992e6/current/raft-meta.tmp with options [CREATE, WRITE]: sun.nio.ch.FileChannelImpl@4e22eebc
2025-01-02 19:26:00,993 [grpc-default-executor-9] TRACE util.FileUtils (LogUtils.java:runAndLog(49)) - Successfully ran Atomic Files.move /home/runner/work/ratis/ratis/ratis-test/target/test/data/ae2b1788/MiniRaftClusterWithGrpcf3a16aaa/s0/f5301480-991d-4ee0-bdfa-6c878cb992e6/current/raft-meta.tmp to /home/runner/work/ratis/ratis/ratis-test/target/test/data/ae2b1788/MiniRaftClusterWithGrpcf3a16aaa/s0/f5301480-991d-4ee0-bdfa-6c878cb992e6/current/raft-meta with options [REPLACE_EXISTING]
2025-01-02 19:26:00,993 [grpc-default-executor-9] INFO  server.RaftServer$Division (RaftServerImpl.java:requestVote(1493)) - s0@group-6C878CB992E6 replies to ELECTION vote request: s1<-s0#0:OK-t1. Peer's state: s0@group-6C878CB992E6:t1, leader=null, voted=s1, raftlog=Memoized:s0@group-6C878CB992E6-SegmentedRaftLog:OPENED:c-1:lastnull, conf=conf: {index: -1, cur=peers:[s3|localhost:15012, s4|localhost:15016, s0|localhost:15000, s1|localhost:15004, s2|localhost:15008]|listeners:[], old=null}
2025-01-02 19:26:00,993 [grpc-default-executor-11] INFO  impl.VoteContext (VoteContext.java:log(49)) - s0@group-6C878CB992E6-FOLLOWER: reject ELECTION from s2: already has voted for s1 at current term 1
2025-01-02 19:26:00,993 [grpc-default-executor-11] INFO  server.RaftServer$Division (RaftServerImpl.java:requestVote(1493)) - s0@group-6C878CB992E6 replies to ELECTION vote request: s2<-s0#0:FAIL-t1. Peer's state: s0@group-6C878CB992E6:t1, leader=null, voted=s1, raftlog=Memoized:s0@group-6C878CB992E6-SegmentedRaftLog:OPENED:c-1:lastnull, conf=conf: {index: -1, cur=peers:[s3|localhost:15012, s4|localhost:15016, s0|localhost:15000, s1|localhost:15004, s2|localhost:15008]|listeners:[], old=null}
2025-01-02 19:26:00,994 [grpc-default-executor-4] INFO  impl.VoteContext (VoteContext.java:log(49)) - s0@group-6C878CB992E6-FOLLOWER: reject ELECTION from s4: already has voted for s1 at current term 1
2025-01-02 19:26:00,994 [grpc-default-executor-4] INFO  server.RaftServer$Division (RaftServerImpl.java:requestVote(1493)) - s0@group-6C878CB992E6 replies to ELECTION vote request: s4<-s0#0:FAIL-t1. Peer's state: s0@group-6C878CB992E6:t1, leader=null, voted=s1, raftlog=Memoized:s0@group-6C878CB992E6-SegmentedRaftLog:OPENED:c-1:lastnull, conf=conf: {index: -1, cur=peers:[s3|localhost:15012, s4|localhost:15016, s0|localhost:15000, s1|localhost:15004, s2|localhost:15008]|listeners:[], old=null}
2025-01-02 19:26:00,994 [grpc-default-executor-10] INFO  impl.VoteContext (VoteContext.java:log(49)) - s0@group-6C878CB992E6-FOLLOWER: reject ELECTION from s3: already has voted for s1 at current term 1
2025-01-02 19:26:00,994 [grpc-default-executor-10] INFO  server.RaftServer$Division (RaftServerImpl.java:requestVote(1493)) - s0@group-6C878CB992E6 replies to ELECTION vote request: s3<-s0#0:FAIL-t1. Peer's state: s0@group-6C878CB992E6:t1, leader=null, voted=s1, raftlog=Memoized:s0@group-6C878CB992E6-SegmentedRaftLog:OPENED:c-1:lastnull, conf=conf: {index: -1, cur=peers:[s3|localhost:15012, s4|localhost:15016, s0|localhost:15000, s1|localhost:15004, s2|localhost:15008]|listeners:[], old=null}
2025-01-02 19:26:00,995 [s3@group-6C878CB992E6-LeaderElection1] INFO  server.RaftServer$Division (RaftServerImpl.java:setFirstElection(563)) - s3@group-6C878CB992E6: set firstElectionSinceStartup to false for REJECTED
2025-01-02 19:26:01,001 [s2@group-6C878CB992E6-LeaderElection2] INFO  impl.LeaderElection (LeaderElection.java:logAndReturn(90)) - s2@group-6C878CB992E6-LeaderElection2: ELECTION REJECTED received 3 response(s) and 0 exception(s):
2025-01-02 19:26:01,001 [s2@group-6C878CB992E6-LeaderElection2] INFO  impl.LeaderElection (LeaderElection.java:logAndReturn(94)) -   Response 0: s2<-s3#0:FAIL-t1
2025-01-02 19:26:01,001 [s2@group-6C878CB992E6-LeaderElection2] INFO  impl.LeaderElection (LeaderElection.java:logAndReturn(94)) -   Response 1: s2<-s4#0:FAIL-t1
2025-01-02 19:26:01,001 [s2@group-6C878CB992E6-LeaderElection2] INFO  impl.LeaderElection (LeaderElection.java:logAndReturn(94)) -   Response 2: s2<-s0#0:FAIL-t1
2025-01-02 19:26:01,001 [s2@group-6C878CB992E6-LeaderElection2] INFO  impl.LeaderElection (LeaderElection.java:askForVotes(334)) - s2@group-6C878CB992E6-LeaderElection2 ELECTION round 0: result REJECTED
2025-01-02 19:26:01,001 [grpc-default-executor-10] INFO  server.RaftServer$Division (RaftServerImpl.java:requestVote(1459)) - s1@group-6C878CB992E6: receive requestVote(ELECTION, s2, group-6C878CB992E6, 1, (t:0, i:0))
2025-01-02 19:26:01,002 [grpc-default-executor-10] INFO  impl.VoteContext (VoteContext.java:log(49)) - s1@group-6C878CB992E6-FOLLOWER: reject ELECTION from s2: already has voted for s1 at current term 1
2025-01-02 19:26:01,002 [s4@group-6C878CB992E6-LeaderElection3] INFO  impl.LeaderElection (LeaderElection.java:logAndReturn(90)) - s4@group-6C878CB992E6-LeaderElection3: ELECTION REJECTED received 3 response(s) and 0 exception(s):
2025-01-02 19:26:01,002 [grpc-default-executor-10] INFO  server.RaftServer$Division (RaftServerImpl.java:requestVote(1493)) - s1@group-6C878CB992E6 replies to ELECTION vote request: s2<-s1#0:FAIL-t1. Peer's state: s1@group-6C878CB992E6:t1, leader=null, voted=s1, raftlog=Memoized:s1@group-6C878CB992E6-SegmentedRaftLog:OPENED:c-1:lastnull, conf=conf: {index: -1, cur=peers:[s3|localhost:15012, s4|localhost:15016, s0|localhost:15000, s1|localhost:15004, s2|localhost:15008]|listeners:[], old=null}
2025-01-02 19:26:01,002 [s2@group-6C878CB992E6-LeaderElection2] INFO  server.RaftServer$Division (RaftServerImpl.java:setRole(379)) - s2@group-6C878CB992E6: changes role from CANDIDATE to FOLLOWER at term 1 for REJECTED
2025-01-02 19:26:01,002 [s4@group-6C878CB992E6-LeaderElection3] INFO  impl.LeaderElection (LeaderElection.java:logAndReturn(94)) -   Response 0: s4<-s3#0:FAIL-t1
2025-01-02 19:26:01,002 [s4@group-6C878CB992E6-LeaderElection3] INFO  impl.LeaderElection (LeaderElection.java:logAndReturn(94)) -   Response 1: s4<-s0#0:FAIL-t1
2025-01-02 19:26:01,002 [s4@group-6C878CB992E6-LeaderElection3] INFO  impl.LeaderElection (LeaderElection.java:logAndReturn(94)) -   Response 2: s4<-s2#0:FAIL-t1
2025-01-02 19:26:01,002 [s4@group-6C878CB992E6-LeaderElection3] INFO  impl.LeaderElection (LeaderElection.java:askForVotes(334)) - s4@group-6C878CB992E6-LeaderElection3 ELECTION round 0: result REJECTED
2025-01-02 19:26:01,002 [s4@group-6C878CB992E6-LeaderElection3] INFO  server.RaftServer$Division (RaftServerImpl.java:setRole(379)) - s4@group-6C878CB992E6: changes role from CANDIDATE to FOLLOWER at term 1 for REJECTED
2025-01-02 19:26:01,002 [s4@group-6C878CB992E6-LeaderElection3] INFO  impl.RoleInfo (RoleInfo.java:shutdownLeaderElection(141)) - s4: shutdown s4@group-6C878CB992E6-LeaderElection3
2025-01-02 19:26:01,003 [s4@group-6C878CB992E6-LeaderElection3] INFO  impl.RoleInfo (RoleInfo.java:updateAndGet(148)) - s4: start s4@group-6C878CB992E6-FollowerState
2025-01-02 19:26:01,002 [s2@group-6C878CB992E6-LeaderElection2] INFO  impl.RoleInfo (RoleInfo.java:shutdownLeaderElection(141)) - s2: shutdown s2@group-6C878CB992E6-LeaderElection2
2025-01-02 19:26:01,003 [s4@group-6C878CB992E6-LeaderElection3] INFO  server.RaftServer$Division (RaftServerImpl.java:setFirstElection(563)) - s4@group-6C878CB992E6: set firstElectionSinceStartup to false for REJECTED
2025-01-02 19:26:01,003 [s2@group-6C878CB992E6-LeaderElection2] INFO  impl.RoleInfo (RoleInfo.java:updateAndGet(148)) - s2: start s2@group-6C878CB992E6-FollowerState
2025-01-02 19:26:01,003 [s2@group-6C878CB992E6-LeaderElection2] INFO  server.RaftServer$Division (RaftServerImpl.java:setFirstElection(563)) - s2@group-6C878CB992E6: set firstElectionSinceStartup to false for REJECTED
2025-01-02 19:26:04,630 [s4@group-6C878CB992E6-FollowerState] INFO  impl.FollowerState (FollowerState.java:runImpl(161)) - s4@group-6C878CB992E6-FollowerState: change to CANDIDATE, lastRpcElapsedTime:3626940851ns, electionTimeout:3626ms
2025-01-02 19:26:04,630 [s4@group-6C878CB992E6-FollowerState] INFO  impl.RoleInfo (RoleInfo.java:shutdownFollowerState(121)) - s4: shutdown s4@group-6C878CB992E6-FollowerState
2025-01-02 19:26:04,630 [s4@group-6C878CB992E6-FollowerState] INFO  server.RaftServer$Division (RaftServerImpl.java:setRole(379)) - s4@group-6C878CB992E6: changes role from  FOLLOWER to CANDIDATE at term 1 for changeToCandidate
2025-01-02 19:26:04,630 [s4@group-6C878CB992E6-FollowerState] INFO  impl.RoleInfo (RoleInfo.java:updateAndGet(148)) - s4: start s4@group-6C878CB992E6-LeaderElection5
2025-01-02 19:26:04,630 [s4@group-6C878CB992E6-LeaderElection5] INFO  impl.LeaderElection (LeaderElection.java:askForVotes(332)) - s4@group-6C878CB992E6-LeaderElection5 PRE_VOTE round 0: submit vote requests at term 1 for conf: {index: -1, cur=peers:[s3|localhost:15012, s4|localhost:15016, s0|localhost:15000, s1|localhost:15004, s2|localhost:15008]|listeners:[], old=null}
2025-01-02 19:26:04,634 [grpc-default-executor-10] INFO  server.RaftServer$Division (RaftServerImpl.java:requestVote(1459)) - s0@group-6C878CB992E6: receive requestVote(PRE_VOTE, s4, group-6C878CB992E6, 1, (t:0, i:0))
2025-01-02 19:26:04,634 [grpc-default-executor-10] INFO  impl.VoteContext (VoteContext.java:log(49)) - s0@group-6C878CB992E6-FOLLOWER: accept PRE_VOTE from s4: our priority 0 <= candidate's priority 0
2025-01-02 19:26:04,634 [grpc-default-executor-10] INFO  server.RaftServer$Division (RaftServerImpl.java:requestVote(1493)) - s0@group-6C878CB992E6 replies to PRE_VOTE vote request: s4<-s0#0:OK-t1. Peer's state: s0@group-6C878CB992E6:t1, leader=null, voted=s1, raftlog=Memoized:s0@group-6C878CB992E6-SegmentedRaftLog:OPENED:c-1:lastnull, conf=conf: {index: -1, cur=peers:[s3|localhost:15012, s4|localhost:15016, s0|localhost:15000, s1|localhost:15004, s2|localhost:15008]|listeners:[], old=null}
2025-01-02 19:26:04,635 [grpc-default-executor-13] INFO  server.RaftServer$Division (RaftServerImpl.java:requestVote(1459)) - s3@group-6C878CB992E6: receive requestVote(PRE_VOTE, s4, group-6C878CB992E6, 1, (t:0, i:0))
2025-01-02 19:26:04,635 [grpc-default-executor-13] INFO  impl.VoteContext (VoteContext.java:log(49)) - s3@group-6C878CB992E6-FOLLOWER: accept PRE_VOTE from s4: our priority 0 <= candidate's priority 0
2025-01-02 19:26:04,635 [grpc-default-executor-13] INFO  server.RaftServer$Division (RaftServerImpl.java:requestVote(1493)) - s3@group-6C878CB992E6 replies to PRE_VOTE vote request: s4<-s3#0:OK-t1. Peer's state: s3@group-6C878CB992E6:t1, leader=null, voted=s3, raftlog=Memoized:s3@group-6C878CB992E6-SegmentedRaftLog:OPENED:c-1:lastnull, conf=conf: {index: -1, cur=peers:[s3|localhost:15012, s4|localhost:15016, s0|localhost:15000, s1|localhost:15004, s2|localhost:15008]|listeners:[], old=null}
2025-01-02 19:26:04,637 [grpc-default-executor-13] INFO  server.RaftServer$Division (RaftServerImpl.java:requestVote(1459)) - s2@group-6C878CB992E6: receive requestVote(PRE_VOTE, s4, group-6C878CB992E6, 1, (t:0, i:0))
2025-01-02 19:26:04,637 [grpc-default-executor-13] INFO  impl.VoteContext (VoteContext.java:log(49)) - s2@group-6C878CB992E6-FOLLOWER: accept PRE_VOTE from s4: our priority 0 <= candidate's priority 0
2025-01-02 19:26:04,637 [grpc-default-executor-13] INFO  server.RaftServer$Division (RaftServerImpl.java:requestVote(1493)) - s2@group-6C878CB992E6 replies to PRE_VOTE vote request: s4<-s2#0:OK-t1. Peer's state: s2@group-6C878CB992E6:t1, leader=null, voted=s2, raftlog=Memoized:s2@group-6C878CB992E6-SegmentedRaftLog:OPENED:c-1:lastnull, conf=conf: {index: -1, cur=peers:[s3|localhost:15012, s4|localhost:15016, s0|localhost:15000, s1|localhost:15004, s2|localhost:15008]|listeners:[], old=null}
2025-01-02 19:26:04,638 [grpc-default-executor-10] INFO  server.RaftServer$Division (RaftServerImpl.java:requestVote(1459)) - s1@group-6C878CB992E6: receive requestVote(PRE_VOTE, s4, group-6C878CB992E6, 1, (t:0, i:0))
2025-01-02 19:26:04,638 [grpc-default-executor-10] INFO  impl.VoteContext (VoteContext.java:log(49)) - s1@group-6C878CB992E6-FOLLOWER: accept PRE_VOTE from s4: our priority 0 <= candidate's priority 0
2025-01-02 19:26:04,638 [grpc-default-executor-10] INFO  server.RaftServer$Division (RaftServerImpl.java:requestVote(1493)) - s1@group-6C878CB992E6 replies to PRE_VOTE vote request: s4<-s1#0:OK-t1. Peer's state: s1@group-6C878CB992E6:t1, leader=null, voted=s1, raftlog=Memoized:s1@group-6C878CB992E6-SegmentedRaftLog:OPENED:c-1:lastnull, conf=conf: {index: -1, cur=peers:[s3|localhost:15012, s4|localhost:15016, s0|localhost:15000, s1|localhost:15004, s2|localhost:15008]|listeners:[], old=null}
2025-01-02 19:26:04,640 [s4@group-6C878CB992E6-LeaderElection5] INFO  impl.LeaderElection (LeaderElection.java:logAndReturn(90)) - s4@group-6C878CB992E6-LeaderElection5: PRE_VOTE PASSED received 2 response(s) and 0 exception(s):
2025-01-02 19:26:04,640 [s4@group-6C878CB992E6-LeaderElection5] INFO  impl.LeaderElection (LeaderElection.java:logAndReturn(94)) -   Response 0: s4<-s3#0:OK-t1
2025-01-02 19:26:04,640 [s4@group-6C878CB992E6-LeaderElection5] INFO  impl.LeaderElection (LeaderElection.java:logAndReturn(94)) -   Response 1: s4<-s0#0:OK-t1
2025-01-02 19:26:04,641 [s4@group-6C878CB992E6-LeaderElection5] INFO  impl.LeaderElection (LeaderElection.java:askForVotes(334)) - s4@group-6C878CB992E6-LeaderElection5 PRE_VOTE round 0: result PASSED
2025-01-02 19:26:04,641 [s4@group-6C878CB992E6-LeaderElection5] TRACE util.FileUtils (LogUtils.java:supplyAndLog(69)) - Successfully supplied FileChannel.open /home/runner/work/ratis/ratis/ratis-test/target/test/data/ae2b1788/MiniRaftClusterWithGrpcf3a16aaa/s4/f5301480-991d-4ee0-bdfa-6c878cb992e6/current/raft-meta.tmp with options [CREATE, WRITE]: sun.nio.ch.FileChannelImpl@2e3165e1
2025-01-02 19:26:04,643 [s4@group-6C878CB992E6-LeaderElection5] TRACE util.FileUtils (LogUtils.java:runAndLog(49)) - Successfully ran Atomic Files.move /home/runner/work/ratis/ratis/ratis-test/target/test/data/ae2b1788/MiniRaftClusterWithGrpcf3a16aaa/s4/f5301480-991d-4ee0-bdfa-6c878cb992e6/current/raft-meta.tmp to /home/runner/work/ratis/ratis/ratis-test/target/test/data/ae2b1788/MiniRaftClusterWithGrpcf3a16aaa/s4/f5301480-991d-4ee0-bdfa-6c878cb992e6/current/raft-meta with options [REPLACE_EXISTING]
2025-01-02 19:26:04,644 [s4@group-6C878CB992E6-LeaderElection5] INFO  impl.LeaderElection (LeaderElection.java:askForVotes(332)) - s4@group-6C878CB992E6-LeaderElection5 ELECTION round 0: submit vote requests at term 2 for conf: {index: -1, cur=peers:[s3|localhost:15012, s4|localhost:15016, s0|localhost:15000, s1|localhost:15004, s2|localhost:15008]|listeners:[], old=null}
2025-01-02 19:26:04,647 [grpc-default-executor-13] INFO  server.RaftServer$Division (RaftServerImpl.java:requestVote(1459)) - s0@group-6C878CB992E6: receive requestVote(ELECTION, s4, group-6C878CB992E6, 2, (t:0, i:0))
2025-01-02 19:26:04,647 [grpc-default-executor-4] INFO  server.RaftServer$Division (RaftServerImpl.java:requestVote(1459)) - s3@group-6C878CB992E6: receive requestVote(ELECTION, s4, group-6C878CB992E6, 2, (t:0, i:0))
2025-01-02 19:26:04,647 [grpc-default-executor-10] INFO  server.RaftServer$Division (RaftServerImpl.java:requestVote(1459)) - s2@group-6C878CB992E6: receive requestVote(ELECTION, s4, group-6C878CB992E6, 2, (t:0, i:0))
2025-01-02 19:26:04,648 [grpc-default-executor-4] INFO  impl.VoteContext (VoteContext.java:log(49)) - s3@group-6C878CB992E6-FOLLOWER: accept ELECTION from s4: our priority 0 <= candidate's priority 0
2025-01-02 19:26:04,648 [grpc-default-executor-4] INFO  server.RaftServer$Division (RaftServerImpl.java:setRole(379)) - s3@group-6C878CB992E6: changes role from  FOLLOWER to FOLLOWER at term 1 for candidate:s4
2025-01-02 19:26:04,648 [grpc-default-executor-4] INFO  impl.RoleInfo (RoleInfo.java:shutdownFollowerState(121)) - s3: shutdown s3@group-6C878CB992E6-FollowerState
2025-01-02 19:26:04,647 [grpc-default-executor-13] INFO  impl.VoteContext (VoteContext.java:log(49)) - s0@group-6C878CB992E6-FOLLOWER: accept ELECTION from s4: our priority 0 <= candidate's priority 0
2025-01-02 19:26:04,648 [grpc-default-executor-13] INFO  server.RaftServer$Division (RaftServerImpl.java:setRole(379)) - s0@group-6C878CB992E6: changes role from  FOLLOWER to FOLLOWER at term 1 for candidate:s4
2025-01-02 19:26:04,648 [grpc-default-executor-13] INFO  impl.RoleInfo (RoleInfo.java:shutdownFollowerState(121)) - s0: shutdown s0@group-6C878CB992E6-FollowerState
2025-01-02 19:26:04,648 [grpc-default-executor-13] INFO  impl.RoleInfo (RoleInfo.java:updateAndGet(148)) - s0: start s0@group-6C878CB992E6-FollowerState
2025-01-02 19:26:04,648 [grpc-default-executor-4] INFO  impl.RoleInfo (RoleInfo.java:updateAndGet(148)) - s3: start s3@group-6C878CB992E6-FollowerState
2025-01-02 19:26:04,649 [grpc-default-executor-13] TRACE util.FileUtils (LogUtils.java:supplyAndLog(69)) - Successfully supplied FileChannel.open /home/runner/work/ratis/ratis/ratis-test/target/test/data/ae2b1788/MiniRaftClusterWithGrpcf3a16aaa/s0/f5301480-991d-4ee0-bdfa-6c878cb992e6/current/raft-meta.tmp with options [CREATE, WRITE]: sun.nio.ch.FileChannelImpl@71fabbda
2025-01-02 19:26:04,649 [grpc-default-executor-4] TRACE util.FileUtils (LogUtils.java:supplyAndLog(69)) - Successfully supplied FileChannel.open /home/runner/work/ratis/ratis/ratis-test/target/test/data/ae2b1788/MiniRaftClusterWithGrpcf3a16aaa/s3/f5301480-991d-4ee0-bdfa-6c878cb992e6/current/raft-meta.tmp with options [CREATE, WRITE]: sun.nio.ch.FileChannelImpl@7f931ba5
2025-01-02 19:26:04,648 [grpc-default-executor-10] INFO  impl.VoteContext (VoteContext.java:log(49)) - s2@group-6C878CB992E6-FOLLOWER: accept ELECTION from s4: our priority 0 <= candidate's priority 0
2025-01-02 19:26:04,648 [s0@group-6C878CB992E6-FollowerState] INFO  impl.FollowerState (FollowerState.java:runImpl(170)) - s0@group-6C878CB992E6-FollowerState was interrupted
2025-01-02 19:26:04,648 [s3@group-6C878CB992E6-FollowerState] INFO  impl.FollowerState (FollowerState.java:runImpl(170)) - s3@group-6C878CB992E6-FollowerState was interrupted
2025-01-02 19:26:04,652 [grpc-default-executor-13] TRACE util.FileUtils (LogUtils.java:runAndLog(49)) - Successfully ran Atomic Files.move /home/runner/work/ratis/ratis/ratis-test/target/test/data/ae2b1788/MiniRaftClusterWithGrpcf3a16aaa/s0/f5301480-991d-4ee0-bdfa-6c878cb992e6/current/raft-meta.tmp to /home/runner/work/ratis/ratis/ratis-test/target/test/data/ae2b1788/MiniRaftClusterWithGrpcf3a16aaa/s0/f5301480-991d-4ee0-bdfa-6c878cb992e6/current/raft-meta with options [REPLACE_EXISTING]
2025-01-02 19:26:04,651 [grpc-default-executor-11] INFO  server.RaftServer$Division (RaftServerImpl.java:requestVote(1459)) - s1@group-6C878CB992E6: receive requestVote(ELECTION, s4, group-6C878CB992E6, 2, (t:0, i:0))
2025-01-02 19:26:04,650 [grpc-default-executor-10] INFO  server.RaftServer$Division (RaftServerImpl.java:setRole(379)) - s2@group-6C878CB992E6: changes role from  FOLLOWER to FOLLOWER at term 1 for candidate:s4
2025-01-02 19:26:04,652 [grpc-default-executor-10] INFO  impl.RoleInfo (RoleInfo.java:shutdownFollowerState(121)) - s2: shutdown s2@group-6C878CB992E6-FollowerState
2025-01-02 19:26:04,652 [grpc-default-executor-10] INFO  impl.RoleInfo (RoleInfo.java:updateAndGet(148)) - s2: start s2@group-6C878CB992E6-FollowerState
2025-01-02 19:26:04,652 [grpc-default-executor-13] INFO  server.RaftServer$Division (RaftServerImpl.java:requestVote(1493)) - s0@group-6C878CB992E6 replies to ELECTION vote request: s4<-s0#0:OK-t2. Peer's state: s0@group-6C878CB992E6:t2, leader=null, voted=s4, raftlog=Memoized:s0@group-6C878CB992E6-SegmentedRaftLog:OPENED:c-1:lastnull, conf=conf: {index: -1, cur=peers:[s3|localhost:15012, s4|localhost:15016, s0|localhost:15000, s1|localhost:15004, s2|localhost:15008]|listeners:[], old=null}
2025-01-02 19:26:04,652 [grpc-default-executor-10] TRACE util.FileUtils (LogUtils.java:supplyAndLog(69)) - Successfully supplied FileChannel.open /home/runner/work/ratis/ratis/ratis-test/target/test/data/ae2b1788/MiniRaftClusterWithGrpcf3a16aaa/s2/f5301480-991d-4ee0-bdfa-6c878cb992e6/current/raft-meta.tmp with options [CREATE, WRITE]: sun.nio.ch.FileChannelImpl@61e81122
2025-01-02 19:26:04,652 [grpc-default-executor-4] TRACE util.FileUtils (LogUtils.java:runAndLog(49)) - Successfully ran Atomic Files.move /home/runner/work/ratis/ratis/ratis-test/target/test/data/ae2b1788/MiniRaftClusterWithGrpcf3a16aaa/s3/f5301480-991d-4ee0-bdfa-6c878cb992e6/current/raft-meta.tmp to /home/runner/work/ratis/ratis/ratis-test/target/test/data/ae2b1788/MiniRaftClusterWithGrpcf3a16aaa/s3/f5301480-991d-4ee0-bdfa-6c878cb992e6/current/raft-meta with options [REPLACE_EXISTING]
2025-01-02 19:26:04,653 [grpc-default-executor-4] INFO  server.RaftServer$Division (RaftServerImpl.java:requestVote(1493)) - s3@group-6C878CB992E6 replies to ELECTION vote request: s4<-s3#0:OK-t2. Peer's state: s3@group-6C878CB992E6:t2, leader=null, voted=s4, raftlog=Memoized:s3@group-6C878CB992E6-SegmentedRaftLog:OPENED:c-1:lastnull, conf=conf: {index: -1, cur=peers:[s3|localhost:15012, s4|localhost:15016, s0|localhost:15000, s1|localhost:15004, s2|localhost:15008]|listeners:[], old=null}
2025-01-02 19:26:04,652 [s2@group-6C878CB992E6-FollowerState] INFO  impl.FollowerState (FollowerState.java:runImpl(170)) - s2@group-6C878CB992E6-FollowerState was interrupted
2025-01-02 19:26:04,652 [grpc-default-executor-11] INFO  impl.VoteContext (VoteContext.java:log(49)) - s1@group-6C878CB992E6-FOLLOWER: accept ELECTION from s4: our priority 0 <= candidate's priority 0
2025-01-02 19:26:04,653 [grpc-default-executor-11] INFO  server.RaftServer$Division (RaftServerImpl.java:setRole(379)) - s1@group-6C878CB992E6: changes role from  FOLLOWER to FOLLOWER at term 1 for candidate:s4
2025-01-02 19:26:04,653 [grpc-default-executor-11] INFO  impl.RoleInfo (RoleInfo.java:shutdownFollowerState(121)) - s1: shutdown s1@group-6C878CB992E6-FollowerState
2025-01-02 19:26:04,653 [s1@group-6C878CB992E6-FollowerState] INFO  impl.FollowerState (FollowerState.java:runImpl(170)) - s1@group-6C878CB992E6-FollowerState was interrupted
2025-01-02 19:26:04,654 [grpc-default-executor-10] TRACE util.FileUtils (LogUtils.java:runAndLog(49)) - Successfully ran Atomic Files.move /home/runner/work/ratis/ratis/ratis-test/target/test/data/ae2b1788/MiniRaftClusterWithGrpcf3a16aaa/s2/f5301480-991d-4ee0-bdfa-6c878cb992e6/current/raft-meta.tmp to /home/runner/work/ratis/ratis/ratis-test/target/test/data/ae2b1788/MiniRaftClusterWithGrpcf3a16aaa/s2/f5301480-991d-4ee0-bdfa-6c878cb992e6/current/raft-meta with options [REPLACE_EXISTING]
2025-01-02 19:26:04,653 [grpc-default-executor-11] INFO  impl.RoleInfo (RoleInfo.java:updateAndGet(148)) - s1: start s1@group-6C878CB992E6-FollowerState
2025-01-02 19:26:04,654 [grpc-default-executor-10] INFO  server.RaftServer$Division (RaftServerImpl.java:requestVote(1493)) - s2@group-6C878CB992E6 replies to ELECTION vote request: s4<-s2#0:OK-t2. Peer's state: s2@group-6C878CB992E6:t2, leader=null, voted=s4, raftlog=Memoized:s2@group-6C878CB992E6-SegmentedRaftLog:OPENED:c-1:lastnull, conf=conf: {index: -1, cur=peers:[s3|localhost:15012, s4|localhost:15016, s0|localhost:15000, s1|localhost:15004, s2|localhost:15008]|listeners:[], old=null}
2025-01-02 19:26:04,654 [grpc-default-executor-11] TRACE util.FileUtils (LogUtils.java:supplyAndLog(69)) - Successfully supplied FileChannel.open /home/runner/work/ratis/ratis/ratis-test/target/test/data/ae2b1788/MiniRaftClusterWithGrpcf3a16aaa/s1/f5301480-991d-4ee0-bdfa-6c878cb992e6/current/raft-meta.tmp with options [CREATE, WRITE]: sun.nio.ch.FileChannelImpl@3a32118d
2025-01-02 19:26:04,659 [grpc-default-executor-11] TRACE util.FileUtils (LogUtils.java:runAndLog(49)) - Successfully ran Atomic Files.move /home/runner/work/ratis/ratis/ratis-test/target/test/data/ae2b1788/MiniRaftClusterWithGrpcf3a16aaa/s1/f5301480-991d-4ee0-bdfa-6c878cb992e6/current/raft-meta.tmp to /home/runner/work/ratis/ratis/ratis-test/target/test/data/ae2b1788/MiniRaftClusterWithGrpcf3a16aaa/s1/f5301480-991d-4ee0-bdfa-6c878cb992e6/current/raft-meta with options [REPLACE_EXISTING]
2025-01-02 19:26:04,659 [grpc-default-executor-11] INFO  server.RaftServer$Division (RaftServerImpl.java:requestVote(1493)) - s1@group-6C878CB992E6 replies to ELECTION vote request: s4<-s1#0:OK-t2. Peer's state: s1@group-6C878CB992E6:t2, leader=null, voted=s4, raftlog=Memoized:s1@group-6C878CB992E6-SegmentedRaftLog:OPENED:c-1:lastnull, conf=conf: {index: -1, cur=peers:[s3|localhost:15012, s4|localhost:15016, s0|localhost:15000, s1|localhost:15004, s2|localhost:15008]|listeners:[], old=null}
2025-01-02 19:26:04,662 [s4@group-6C878CB992E6-LeaderElection5] INFO  impl.LeaderElection (LeaderElection.java:logAndReturn(90)) - s4@group-6C878CB992E6-LeaderElection5: ELECTION PASSED received 2 response(s) and 0 exception(s):
2025-01-02 19:26:04,662 [s4@group-6C878CB992E6-LeaderElection5] INFO  impl.LeaderElection (LeaderElection.java:logAndReturn(94)) -   Response 0: s4<-s3#0:OK-t2
2025-01-02 19:26:04,662 [s4@group-6C878CB992E6-LeaderElection5] INFO  impl.LeaderElection (LeaderElection.java:logAndReturn(94)) -   Response 1: s4<-s0#0:OK-t2
2025-01-02 19:26:04,662 [s4@group-6C878CB992E6-LeaderElection5] INFO  impl.LeaderElection (LeaderElection.java:askForVotes(334)) - s4@group-6C878CB992E6-LeaderElection5 ELECTION round 0: result PASSED
2025-01-02 19:26:04,662 [s4@group-6C878CB992E6-LeaderElection5] INFO  impl.RoleInfo (RoleInfo.java:shutdownLeaderElection(141)) - s4: shutdown s4@group-6C878CB992E6-LeaderElection5
2025-01-02 19:26:04,663 [s4@group-6C878CB992E6-LeaderElection5] INFO  server.RaftServer$Division (RaftServerImpl.java:setRole(379)) - s4@group-6C878CB992E6: changes role from CANDIDATE to LEADER at term 2 for changeToLeader
2025-01-02 19:26:04,685 [s4@group-6C878CB992E6-LeaderElection5] INFO  grpc.GrpcConfigKeys (ConfUtils.java:logGet(46)) - raft.grpc.server.leader.outstanding.appends.max = 8 (default)
2025-01-02 19:26:04,685 [s4@group-6C878CB992E6-LeaderElection5] INFO  grpc.GrpcConfigKeys (ConfUtils.java:logGet(46)) - raft.grpc.server.install_snapshot.request.element-limit = 8 (default)
2025-01-02 19:26:04,685 [s4@group-6C878CB992E6-LeaderElection5] INFO  grpc.GrpcConfigKeys (ConfUtils.java:logGet(46)) - raft.grpc.server.install_snapshot.request.timeout = 3000ms (default)
2025-01-02 19:26:04,685 [s4@group-6C878CB992E6-LeaderElection5] INFO  grpc.GrpcConfigKeys (ConfUtils.java:logGet(46)) - raft.grpc.server.log-message.batch.duration = 5s (default)
2025-01-02 19:26:04,686 [s4@group-6C878CB992E6-LeaderElection5] INFO  grpc.GrpcConfigKeys (ConfUtils.java:logGet(46)) - raft.grpc.server.heartbeat.channel = true (default)
2025-01-02 19:26:04,688 [s4@group-6C878CB992E6-LeaderElection5] INFO  grpc.GrpcConfigKeys (ConfUtils.java:logGet(46)) - raft.grpc.server.leader.outstanding.appends.max = 8 (default)
2025-01-02 19:26:04,688 [s4@group-6C878CB992E6-LeaderElection5] INFO  grpc.GrpcConfigKeys (ConfUtils.java:logGet(46)) - raft.grpc.server.install_snapshot.request.element-limit = 8 (default)
2025-01-02 19:26:04,688 [s4@group-6C878CB992E6-LeaderElection5] INFO  grpc.GrpcConfigKeys (ConfUtils.java:logGet(46)) - raft.grpc.server.install_snapshot.request.timeout = 3000ms (default)
2025-01-02 19:26:04,689 [s4@group-6C878CB992E6-LeaderElection5] INFO  grpc.GrpcConfigKeys (ConfUtils.java:logGet(46)) - raft.grpc.server.log-message.batch.duration = 5s (default)
2025-01-02 19:26:04,689 [s4@group-6C878CB992E6-LeaderElection5] INFO  grpc.GrpcConfigKeys (ConfUtils.java:logGet(46)) - raft.grpc.server.heartbeat.channel = true (default)
2025-01-02 19:26:04,689 [s4@group-6C878CB992E6-LeaderElection5] INFO  grpc.GrpcConfigKeys (ConfUtils.java:logGet(46)) - raft.grpc.server.leader.outstanding.appends.max = 8 (default)
2025-01-02 19:26:04,689 [s4@group-6C878CB992E6-LeaderElection5] INFO  grpc.GrpcConfigKeys (ConfUtils.java:logGet(46)) - raft.grpc.server.install_snapshot.request.element-limit = 8 (default)
2025-01-02 19:26:04,689 [s4@group-6C878CB992E6-LeaderElection5] INFO  grpc.GrpcConfigKeys (ConfUtils.java:logGet(46)) - raft.grpc.server.install_snapshot.request.timeout = 3000ms (default)
2025-01-02 19:26:04,690 [s4@group-6C878CB992E6-LeaderElection5] INFO  grpc.GrpcConfigKeys (ConfUtils.java:logGet(46)) - raft.grpc.server.log-message.batch.duration = 5s (default)
2025-01-02 19:26:04,690 [s4@group-6C878CB992E6-LeaderElection5] INFO  grpc.GrpcConfigKeys (ConfUtils.java:logGet(46)) - raft.grpc.server.heartbeat.channel = true (default)
2025-01-02 19:26:04,690 [s4@group-6C878CB992E6-LeaderElection5] INFO  grpc.GrpcConfigKeys (ConfUtils.java:logGet(46)) - raft.grpc.server.leader.outstanding.appends.max = 8 (default)
2025-01-02 19:26:04,690 [s4@group-6C878CB992E6-LeaderElection5] INFO  grpc.GrpcConfigKeys (ConfUtils.java:logGet(46)) - raft.grpc.server.install_snapshot.request.element-limit = 8 (default)
2025-01-02 19:26:04,690 [s4@group-6C878CB992E6-LeaderElection5] INFO  grpc.GrpcConfigKeys (ConfUtils.java:logGet(46)) - raft.grpc.server.install_snapshot.request.timeout = 3000ms (default)
2025-01-02 19:26:04,690 [s4@group-6C878CB992E6-LeaderElection5] INFO  grpc.GrpcConfigKeys (ConfUtils.java:logGet(46)) - raft.grpc.server.log-message.batch.duration = 5s (default)
2025-01-02 19:26:04,691 [s4@group-6C878CB992E6-LeaderElection5] INFO  grpc.GrpcConfigKeys (ConfUtils.java:logGet(46)) - raft.grpc.server.heartbeat.channel = true (default)
2025-01-02 19:26:04,691 [s4@group-6C878CB992E6-LeaderElection5] INFO  impl.RoleInfo (RoleInfo.java:updateAndGet(148)) - s4: start s4@group-6C878CB992E6-LeaderStateImpl
2025-01-02 19:26:04,691 [s4@group-6C878CB992E6-LeaderElection5] INFO  server.RaftServer$Division (ServerState.java:setLeader(272)) - s4@group-6C878CB992E6: change Leader from null to s4 at term 2 for becomeLeader, leader elected after 5390ms
2025-01-02 19:26:04,764 [s4@group-6C878CB992E6-LeaderElection5] INFO  segmented.SegmentedRaftLogWorker (SegmentedRaftLogWorker.java:startLogSegment(443)) - s4@group-6C878CB992E6-SegmentedRaftLogWorker: Starting segment from index:0
2025-01-02 19:26:04,802 [s4@group-6C878CB992E6-LeaderElection5] INFO  server.RaftServer$Division (ServerState.java:setRaftConf(386)) - s4@group-6C878CB992E6: set configuration conf: {index: 0, cur=peers:[s3|localhost:15012, s4|localhost:15016, s0|localhost:15000, s1|localhost:15004, s2|localhost:15008]|listeners:[], old=null}
2025-01-02 19:26:04,808 [s4@group-6C878CB992E6-SegmentedRaftLogWorker] INFO  segmented.BufferedWriteChannel (BufferedWriteChannel.java:open(61)) - open log_inprogress_0 at position 0
2025-01-02 19:26:04,819 [s4@group-6C878CB992E6-SegmentedRaftLogWorker] INFO  segmented.SegmentedRaftLogWorker (SegmentedRaftLogWorker.java:execute(667)) - s4@group-6C878CB992E6-SegmentedRaftLogWorker: created new log segment /home/runner/work/ratis/ratis/ratis-test/target/test/data/ae2b1788/MiniRaftClusterWithGrpcf3a16aaa/s4/f5301480-991d-4ee0-bdfa-6c878cb992e6/current/log_inprogress_0
2025-01-02 19:26:04,855 [s3-server-thread1] INFO  server.RaftServer$Division (ServerState.java:setLeader(272)) - s3@group-6C878CB992E6: change Leader from null to s4 at term 2 for appendEntries, leader elected after 5553ms
2025-01-02 19:26:04,855 [s0-server-thread1] INFO  server.RaftServer$Division (ServerState.java:setLeader(272)) - s0@group-6C878CB992E6: change Leader from null to s4 at term 2 for appendEntries, leader elected after 5554ms
2025-01-02 19:26:04,868 [s1-server-thread1] INFO  server.RaftServer$Division (ServerState.java:setLeader(272)) - s1@group-6C878CB992E6: change Leader from null to s4 at term 2 for appendEntries, leader elected after 5535ms
2025-01-02 19:26:04,876 [s1-server-thread2] INFO  server.RaftServer$Division (ServerState.java:setRaftConf(386)) - s1@group-6C878CB992E6: set configuration conf: {index: 0, cur=peers:[s3|localhost:15012, s4|localhost:15016, s0|localhost:15000, s1|localhost:15004, s2|localhost:15008]|listeners:[], old=null}
2025-01-02 19:26:04,877 [s1-server-thread2] INFO  segmented.SegmentedRaftLogWorker (SegmentedRaftLogWorker.java:startLogSegment(443)) - s1@group-6C878CB992E6-SegmentedRaftLogWorker: Starting segment from index:0
2025-01-02 19:26:04,878 [s3-server-thread2] INFO  server.RaftServer$Division (ServerState.java:setRaftConf(386)) - s3@group-6C878CB992E6: set configuration conf: {index: 0, cur=peers:[s3|localhost:15012, s4|localhost:15016, s0|localhost:15000, s1|localhost:15004, s2|localhost:15008]|listeners:[], old=null}
2025-01-02 19:26:04,878 [s3-server-thread2] INFO  segmented.SegmentedRaftLogWorker (SegmentedRaftLogWorker.java:startLogSegment(443)) - s3@group-6C878CB992E6-SegmentedRaftLogWorker: Starting segment from index:0
2025-01-02 19:26:04,878 [s3@group-6C878CB992E6-SegmentedRaftLogWorker] INFO  segmented.BufferedWriteChannel (BufferedWriteChannel.java:open(61)) - open log_inprogress_0 at position 0
2025-01-02 19:26:04,885 [s0-server-thread2] INFO  server.RaftServer$Division (ServerState.java:setRaftConf(386)) - s0@group-6C878CB992E6: set configuration conf: {index: 0, cur=peers:[s3|localhost:15012, s4|localhost:15016, s0|localhost:15000, s1|localhost:15004, s2|localhost:15008]|listeners:[], old=null}
2025-01-02 19:26:04,889 [s2-server-thread1] INFO  server.RaftServer$Division (ServerState.java:setLeader(272)) - s2@group-6C878CB992E6: change Leader from null to s4 at term 2 for appendEntries, leader elected after 5540ms
2025-01-02 19:26:04,889 [s0-server-thread2] INFO  segmented.SegmentedRaftLogWorker (SegmentedRaftLogWorker.java:startLogSegment(443)) - s0@group-6C878CB992E6-SegmentedRaftLogWorker: Starting segment from index:0
2025-01-02 19:26:04,889 [s0@group-6C878CB992E6-SegmentedRaftLogWorker] INFO  segmented.BufferedWriteChannel (BufferedWriteChannel.java:open(61)) - open log_inprogress_0 at position 0
2025-01-02 19:26:04,886 [s1@group-6C878CB992E6-SegmentedRaftLogWorker] INFO  segmented.BufferedWriteChannel (BufferedWriteChannel.java:open(61)) - open log_inprogress_0 at position 0
2025-01-02 19:26:04,901 [s3@group-6C878CB992E6-SegmentedRaftLogWorker] INFO  segmented.SegmentedRaftLogWorker (SegmentedRaftLogWorker.java:execute(667)) - s3@group-6C878CB992E6-SegmentedRaftLogWorker: created new log segment /home/runner/work/ratis/ratis/ratis-test/target/test/data/ae2b1788/MiniRaftClusterWithGrpcf3a16aaa/s3/f5301480-991d-4ee0-bdfa-6c878cb992e6/current/log_inprogress_0
2025-01-02 19:26:04,904 [s0@group-6C878CB992E6-SegmentedRaftLogWorker] INFO  segmented.SegmentedRaftLogWorker (SegmentedRaftLogWorker.java:execute(667)) - s0@group-6C878CB992E6-SegmentedRaftLogWorker: created new log segment /home/runner/work/ratis/ratis/ratis-test/target/test/data/ae2b1788/MiniRaftClusterWithGrpcf3a16aaa/s0/f5301480-991d-4ee0-bdfa-6c878cb992e6/current/log_inprogress_0
2025-01-02 19:26:04,906 [s1@group-6C878CB992E6-SegmentedRaftLogWorker] INFO  segmented.SegmentedRaftLogWorker (SegmentedRaftLogWorker.java:execute(667)) - s1@group-6C878CB992E6-SegmentedRaftLogWorker: created new log segment /home/runner/work/ratis/ratis/ratis-test/target/test/data/ae2b1788/MiniRaftClusterWithGrpcf3a16aaa/s1/f5301480-991d-4ee0-bdfa-6c878cb992e6/current/log_inprogress_0
2025-01-02 19:26:04,912 [s4@group-6C878CB992E6-StateMachineUpdater] TRACE util.FileUtils (LogUtils.java:supplyAndLog(69)) - Successfully supplied FileChannel.open /home/runner/work/ratis/ratis/ratis-test/target/test/data/ae2b1788/MiniRaftClusterWithGrpcf3a16aaa/s4/f5301480-991d-4ee0-bdfa-6c878cb992e6/current/raft-meta.conf.tmp with options [CREATE, WRITE]: sun.nio.ch.FileChannelImpl@5fe7b5cd
2025-01-02 19:26:04,913 [s2-server-thread2] INFO  server.RaftServer$Division (ServerState.java:setRaftConf(386)) - s2@group-6C878CB992E6: set configuration conf: {index: 0, cur=peers:[s3|localhost:15012, s4|localhost:15016, s0|localhost:15000, s1|localhost:15004, s2|localhost:15008]|listeners:[], old=null}
2025-01-02 19:26:04,913 [s2-server-thread2] INFO  segmented.SegmentedRaftLogWorker (SegmentedRaftLogWorker.java:startLogSegment(443)) - s2@group-6C878CB992E6-SegmentedRaftLogWorker: Starting segment from index:0
2025-01-02 19:26:04,914 [s2@group-6C878CB992E6-SegmentedRaftLogWorker] INFO  segmented.BufferedWriteChannel (BufferedWriteChannel.java:open(61)) - open log_inprogress_0 at position 0
2025-01-02 19:26:04,916 [s4@group-6C878CB992E6-StateMachineUpdater] TRACE util.FileUtils (LogUtils.java:runAndLog(49)) - Successfully ran Atomic Files.move /home/runner/work/ratis/ratis/ratis-test/target/test/data/ae2b1788/MiniRaftClusterWithGrpcf3a16aaa/s4/f5301480-991d-4ee0-bdfa-6c878cb992e6/current/raft-meta.conf.tmp to /home/runner/work/ratis/ratis/ratis-test/target/test/data/ae2b1788/MiniRaftClusterWithGrpcf3a16aaa/s4/f5301480-991d-4ee0-bdfa-6c878cb992e6/current/raft-meta.conf with options [REPLACE_EXISTING]
2025-01-02 19:26:04,916 [s4@group-6C878CB992E6-StateMachineUpdater] INFO  server.RaftServer$Division (LeaderStateImpl.java:checkStartIndex(314)) - Leader s4@group-6C878CB992E6-LeaderStateImpl is ready since appliedIndex == startIndex == 0
2025-01-02 19:26:04,924 [s2@group-6C878CB992E6-SegmentedRaftLogWorker] INFO  segmented.SegmentedRaftLogWorker (SegmentedRaftLogWorker.java:execute(667)) - s2@group-6C878CB992E6-SegmentedRaftLogWorker: created new log segment /home/runner/work/ratis/ratis/ratis-test/target/test/data/ae2b1788/MiniRaftClusterWithGrpcf3a16aaa/s2/f5301480-991d-4ee0-bdfa-6c878cb992e6/current/log_inprogress_0
2025-01-02 19:26:06,415 [s0@group-6C878CB992E6-StateMachineUpdater] TRACE util.FileUtils (LogUtils.java:supplyAndLog(69)) - Successfully supplied FileChannel.open /home/runner/work/ratis/ratis/ratis-test/target/test/data/ae2b1788/MiniRaftClusterWithGrpcf3a16aaa/s0/f5301480-991d-4ee0-bdfa-6c878cb992e6/current/raft-meta.conf.tmp with options [CREATE, WRITE]: sun.nio.ch.FileChannelImpl@4c016d4f
2025-01-02 19:26:06,415 [s3@group-6C878CB992E6-StateMachineUpdater] TRACE util.FileUtils (LogUtils.java:supplyAndLog(69)) - Successfully supplied FileChannel.open /home/runner/work/ratis/ratis/ratis-test/target/test/data/ae2b1788/MiniRaftClusterWithGrpcf3a16aaa/s3/f5301480-991d-4ee0-bdfa-6c878cb992e6/current/raft-meta.conf.tmp with options [CREATE, WRITE]: sun.nio.ch.FileChannelImpl@49166db9
2025-01-02 19:26:06,417 [s1@group-6C878CB992E6-StateMachineUpdater] TRACE util.FileUtils (LogUtils.java:supplyAndLog(69)) - Successfully supplied FileChannel.open /home/runner/work/ratis/ratis/ratis-test/target/test/data/ae2b1788/MiniRaftClusterWithGrpcf3a16aaa/s1/f5301480-991d-4ee0-bdfa-6c878cb992e6/current/raft-meta.conf.tmp with options [CREATE, WRITE]: sun.nio.ch.FileChannelImpl@5ac5a2bb
2025-01-02 19:26:06,418 [s0@group-6C878CB992E6-StateMachineUpdater] TRACE util.FileUtils (LogUtils.java:runAndLog(49)) - Successfully ran Atomic Files.move /home/runner/work/ratis/ratis/ratis-test/target/test/data/ae2b1788/MiniRaftClusterWithGrpcf3a16aaa/s0/f5301480-991d-4ee0-bdfa-6c878cb992e6/current/raft-meta.conf.tmp to /home/runner/work/ratis/ratis/ratis-test/target/test/data/ae2b1788/MiniRaftClusterWithGrpcf3a16aaa/s0/f5301480-991d-4ee0-bdfa-6c878cb992e6/current/raft-meta.conf with options [REPLACE_EXISTING]
2025-01-02 19:26:06,418 [s3@group-6C878CB992E6-StateMachineUpdater] TRACE util.FileUtils (LogUtils.java:runAndLog(49)) - Successfully ran Atomic Files.move /home/runner/work/ratis/ratis/ratis-test/target/test/data/ae2b1788/MiniRaftClusterWithGrpcf3a16aaa/s3/f5301480-991d-4ee0-bdfa-6c878cb992e6/current/raft-meta.conf.tmp to /home/runner/work/ratis/ratis/ratis-test/target/test/data/ae2b1788/MiniRaftClusterWithGrpcf3a16aaa/s3/f5301480-991d-4ee0-bdfa-6c878cb992e6/current/raft-meta.conf with options [REPLACE_EXISTING]
2025-01-02 19:26:06,421 [s1@group-6C878CB992E6-StateMachineUpdater] TRACE util.FileUtils (LogUtils.java:runAndLog(49)) - Successfully ran Atomic Files.move /home/runner/work/ratis/ratis/ratis-test/target/test/data/ae2b1788/MiniRaftClusterWithGrpcf3a16aaa/s1/f5301480-991d-4ee0-bdfa-6c878cb992e6/current/raft-meta.conf.tmp to /home/runner/work/ratis/ratis/ratis-test/target/test/data/ae2b1788/MiniRaftClusterWithGrpcf3a16aaa/s1/f5301480-991d-4ee0-bdfa-6c878cb992e6/current/raft-meta.conf with options [REPLACE_EXISTING]
2025-01-02 19:26:06,431 [s2@group-6C878CB992E6-StateMachineUpdater] TRACE util.FileUtils (LogUtils.java:supplyAndLog(69)) - Successfully supplied FileChannel.open /home/runner/work/ratis/ratis/ratis-test/target/test/data/ae2b1788/MiniRaftClusterWithGrpcf3a16aaa/s2/f5301480-991d-4ee0-bdfa-6c878cb992e6/current/raft-meta.conf.tmp with options [CREATE, WRITE]: sun.nio.ch.FileChannelImpl@2b46be33
2025-01-02 19:26:06,435 [s2@group-6C878CB992E6-StateMachineUpdater] TRACE util.FileUtils (LogUtils.java:runAndLog(49)) - Successfully ran Atomic Files.move /home/runner/work/ratis/ratis/ratis-test/target/test/data/ae2b1788/MiniRaftClusterWithGrpcf3a16aaa/s2/f5301480-991d-4ee0-bdfa-6c878cb992e6/current/raft-meta.conf.tmp to /home/runner/work/ratis/ratis/ratis-test/target/test/data/ae2b1788/MiniRaftClusterWithGrpcf3a16aaa/s2/f5301480-991d-4ee0-bdfa-6c878cb992e6/current/raft-meta.conf with options [REPLACE_EXISTING]
2025-01-02 19:26:08,520 [main] INFO  ratis.RaftTestUtil (RaftTestUtil.java:waitForLeader(131)) - printing ALL groups
  s3:  RUNNING  FOLLOWER s3@group-6C878CB992E6:t2, leader=s4, voted=s4, raftlog=Memoized:s3@group-6C878CB992E6-SegmentedRaftLog:OPENED:c0:last(t:2, i:0), conf=conf: {index: 0, cur=peers:[s3|localhost:15012, s4|localhost:15016, s0|localhost:15000, s1|localhost:15004, s2|localhost:15008]|listeners:[], old=null} RUNNING
  s4:  RUNNING    LEADER s4@group-6C878CB992E6:t2, leader=s4, voted=s4, raftlog=Memoized:s4@group-6C878CB992E6-SegmentedRaftLog:OPENED:c0:last(t:2, i:0), conf=conf: {index: 0, cur=peers:[s3|localhost:15012, s4|localhost:15016, s0|localhost:15000, s1|localhost:15004, s2|localhost:15008]|listeners:[], old=null} RUNNING
  s0:  RUNNING  FOLLOWER s0@group-6C878CB992E6:t2, leader=s4, voted=s4, raftlog=Memoized:s0@group-6C878CB992E6-SegmentedRaftLog:OPENED:c0:last(t:2, i:0), conf=conf: {index: 0, cur=peers:[s3|localhost:15012, s4|localhost:15016, s0|localhost:15000, s1|localhost:15004, s2|localhost:15008]|listeners:[], old=null} RUNNING
  s1:  RUNNING  FOLLOWER s1@group-6C878CB992E6:t2, leader=s4, voted=s4, raftlog=Memoized:s1@group-6C878CB992E6-SegmentedRaftLog:OPENED:c0:last(t:2, i:0), conf=conf: {index: 0, cur=peers:[s3|localhost:15012, s4|localhost:15016, s0|localhost:15000, s1|localhost:15004, s2|localhost:15008]|listeners:[], old=null} RUNNING
  s2:  RUNNING  FOLLOWER s2@group-6C878CB992E6:t2, leader=s4, voted=s4, raftlog=Memoized:s2@group-6C878CB992E6-SegmentedRaftLog:OPENED:c0:last(t:2, i:0), conf=conf: {index: 0, cur=peers:[s3|localhost:15012, s4|localhost:15016, s0|localhost:15000, s1|localhost:15004, s2|localhost:15008]|listeners:[], old=null} RUNNING
2025-01-02 19:26:08,524 [main] INFO  grpc.TestRaftLogTruncateWithGrpc (RaftLogTruncateTests.java:runTestLogTruncate(128)) - oldLeader: s4, term=2
2025-01-02 19:26:08,524 [main] INFO  grpc.TestRaftLogTruncateWithGrpc (RaftLogTruncateTests.java:runTestLogTruncate(129)) - killedPeers   : [s3, s0, s1]
2025-01-02 19:26:08,524 [main] INFO  grpc.TestRaftLogTruncateWithGrpc (RaftLogTruncateTests.java:runTestLogTruncate(130)) - remainingPeers: [s4, s2]
2025-01-02 19:26:08,525 [main] DEBUG impl.TransactionManager (TransactionManager.java:getMap(49)) - s3-TransactionManager:size=0
2025-01-02 19:26:08,525 [main] DEBUG impl.TransactionManager (TransactionManager.java:getMap(49)) - s4-TransactionManager:size=0
2025-01-02 19:26:08,525 [main] DEBUG impl.TransactionManager (TransactionManager.java:getMap(49)) - s0-TransactionManager:size=0
2025-01-02 19:26:08,525 [main] DEBUG impl.TransactionManager (TransactionManager.java:getMap(49)) - s1-TransactionManager:size=0
2025-01-02 19:26:08,525 [main] DEBUG impl.TransactionManager (TransactionManager.java:getMap(49)) - s2-TransactionManager:size=0
2025-01-02 19:26:08,576 [s3-server-thread2] DEBUG impl.TransactionManager (TransactionManager.java:computeIfAbsent(60)) - (t:2, i:1): s3-TransactionManager:size=1
2025-01-02 19:26:08,576 [s2-server-thread2] DEBUG impl.TransactionManager (TransactionManager.java:computeIfAbsent(60)) - (t:2, i:1): s2-TransactionManager:size=1
2025-01-02 19:26:08,579 [s4@group-6C878CB992E6-StateMachineUpdater] INFO  impl.SimpleStateMachine4Testing (SimpleStateMachine4Testing.java:applyTransaction(250)) - applyTransaction for log index 1
2025-01-02 19:26:08,579 [s4@group-6C878CB992E6-StateMachineUpdater] INFO  impl.SimpleStateMachine4Testing (SimpleStateMachine4Testing.java:put(206)) - s4: put 1, first0 -> (t:2, i:1), STATEMACHINELOGENTRY, WRITE: logData.size=6, stateMachineData.size=17, logEntryProtoSerializedSize=0
2025-01-02 19:26:08,580 [s0-server-thread2] DEBUG impl.TransactionManager (TransactionManager.java:computeIfAbsent(60)) - (t:2, i:1): s0-TransactionManager:size=1
2025-01-02 19:26:08,581 [s1-server-thread2] DEBUG impl.TransactionManager (TransactionManager.java:computeIfAbsent(60)) - (t:2, i:1): s1-TransactionManager:size=1
2025-01-02 19:26:08,588 [s1@group-6C878CB992E6-StateMachineUpdater] INFO  impl.SimpleStateMachine4Testing (SimpleStateMachine4Testing.java:applyTransaction(250)) - applyTransaction for log index 1
2025-01-02 19:26:08,589 [s1@group-6C878CB992E6-StateMachineUpdater] INFO  impl.SimpleStateMachine4Testing (SimpleStateMachine4Testing.java:put(206)) - s1: put 1, first0 -> (t:2, i:1), STATEMACHINELOGENTRY, WRITE: logData.size=6, stateMachineData.size=17, logEntryProtoSerializedSize=0
2025-01-02 19:26:08,589 [s1@group-6C878CB992E6-StateMachineUpdater] DEBUG impl.TransactionManager (TransactionManager.java:remove(68)) - (t:2, i:1): s1-TransactionManager:size=0
2025-01-02 19:26:08,590 [s3@group-6C878CB992E6-StateMachineUpdater] INFO  impl.SimpleStateMachine4Testing (SimpleStateMachine4Testing.java:applyTransaction(250)) - applyTransaction for log index 1
2025-01-02 19:26:08,590 [s3@group-6C878CB992E6-StateMachineUpdater] INFO  impl.SimpleStateMachine4Testing (SimpleStateMachine4Testing.java:put(206)) - s3: put 1, first0 -> (t:2, i:1), STATEMACHINELOGENTRY, WRITE: logData.size=6, stateMachineData.size=17, logEntryProtoSerializedSize=0
2025-01-02 19:26:08,590 [s3@group-6C878CB992E6-StateMachineUpdater] DEBUG impl.TransactionManager (TransactionManager.java:remove(68)) - (t:2, i:1): s3-TransactionManager:size=0
2025-01-02 19:26:08,596 [s2@group-6C878CB992E6-StateMachineUpdater] INFO  impl.SimpleStateMachine4Testing (SimpleStateMachine4Testing.java:applyTransaction(250)) - applyTransaction for log index 1
2025-01-02 19:26:08,596 [s2@group-6C878CB992E6-StateMachineUpdater] INFO  impl.SimpleStateMachine4Testing (SimpleStateMachine4Testing.java:put(206)) - s2: put 1, first0 -> (t:2, i:1), STATEMACHINELOGENTRY, WRITE: logData.size=6, stateMachineData.size=17, logEntryProtoSerializedSize=0
2025-01-02 19:26:08,597 [s2@group-6C878CB992E6-StateMachineUpdater] DEBUG impl.TransactionManager (TransactionManager.java:remove(68)) - (t:2, i:1): s2-TransactionManager:size=0
2025-01-02 19:26:08,597 [s0@group-6C878CB992E6-StateMachineUpdater] INFO  impl.SimpleStateMachine4Testing (SimpleStateMachine4Testing.java:applyTransaction(250)) - applyTransaction for log index 1
2025-01-02 19:26:08,598 [s0@group-6C878CB992E6-StateMachineUpdater] INFO  impl.SimpleStateMachine4Testing (SimpleStateMachine4Testing.java:put(206)) - s0: put 1, first0 -> (t:2, i:1), STATEMACHINELOGENTRY, WRITE: logData.size=6, stateMachineData.size=17, logEntryProtoSerializedSize=0
2025-01-02 19:26:08,598 [s0@group-6C878CB992E6-StateMachineUpdater] DEBUG impl.TransactionManager (TransactionManager.java:remove(68)) - (t:2, i:1): s0-TransactionManager:size=0
2025-01-02 19:26:08,613 [s3-server-thread2] DEBUG impl.TransactionManager (TransactionManager.java:computeIfAbsent(60)) - (t:2, i:3): s3-TransactionManager:size=1
2025-01-02 19:26:08,615 [s2-server-thread2] DEBUG impl.TransactionManager (TransactionManager.java:computeIfAbsent(60)) - (t:2, i:3): s2-TransactionManager:size=1
2025-01-02 19:26:08,620 [s0-server-thread2] DEBUG impl.TransactionManager (TransactionManager.java:computeIfAbsent(60)) - (t:2, i:3): s0-TransactionManager:size=1
2025-01-02 19:26:08,622 [s1-server-thread2] DEBUG impl.TransactionManager (TransactionManager.java:computeIfAbsent(60)) - (t:2, i:3): s1-TransactionManager:size=1
2025-01-02 19:26:08,622 [s4@group-6C878CB992E6-StateMachineUpdater] INFO  impl.SimpleStateMachine4Testing (SimpleStateMachine4Testing.java:applyTransaction(250)) - applyTransaction for log index 3
2025-01-02 19:26:08,623 [s4@group-6C878CB992E6-StateMachineUpdater] INFO  impl.SimpleStateMachine4Testing (SimpleStateMachine4Testing.java:put(206)) - s4: put 3, first1 -> (t:2, i:3), STATEMACHINELOGENTRY, WRITE: logData.size=6, stateMachineData.size=17, logEntryProtoSerializedSize=0
2025-01-02 19:26:08,627 [s2@group-6C878CB992E6-StateMachineUpdater] INFO  impl.SimpleStateMachine4Testing (SimpleStateMachine4Testing.java:applyTransaction(250)) - applyTransaction for log index 3
2025-01-02 19:26:08,627 [s2@group-6C878CB992E6-StateMachineUpdater] INFO  impl.SimpleStateMachine4Testing (SimpleStateMachine4Testing.java:put(206)) - s2: put 3, first1 -> (t:2, i:3), STATEMACHINELOGENTRY, WRITE: logData.size=6, stateMachineData.size=17, logEntryProtoSerializedSize=0
2025-01-02 19:26:08,627 [s2@group-6C878CB992E6-StateMachineUpdater] DEBUG impl.TransactionManager (TransactionManager.java:remove(68)) - (t:2, i:3): s2-TransactionManager:size=0
2025-01-02 19:26:08,628 [s0@group-6C878CB992E6-StateMachineUpdater] INFO  impl.SimpleStateMachine4Testing (SimpleStateMachine4Testing.java:applyTransaction(250)) - applyTransaction for log index 3
2025-01-02 19:26:08,628 [s0@group-6C878CB992E6-StateMachineUpdater] INFO  impl.SimpleStateMachine4Testing (SimpleStateMachine4Testing.java:put(206)) - s0: put 3, first1 -> (t:2, i:3), STATEMACHINELOGENTRY, WRITE: logData.size=6, stateMachineData.size=17, logEntryProtoSerializedSize=0
2025-01-02 19:26:08,628 [s3@group-6C878CB992E6-StateMachineUpdater] INFO  impl.SimpleStateMachine4Testing (SimpleStateMachine4Testing.java:applyTransaction(250)) - applyTransaction for log index 3
2025-01-02 19:26:08,628 [s0@group-6C878CB992E6-StateMachineUpdater] DEBUG impl.TransactionManager (TransactionManager.java:remove(68)) - (t:2, i:3): s0-TransactionManager:size=0
2025-01-02 19:26:08,629 [s3@group-6C878CB992E6-StateMachineUpdater] INFO  impl.SimpleStateMachine4Testing (SimpleStateMachine4Testing.java:put(206)) - s3: put 3, first1 -> (t:2, i:3), STATEMACHINELOGENTRY, WRITE: logData.size=6, stateMachineData.size=17, logEntryProtoSerializedSize=0
2025-01-02 19:26:08,629 [s3@group-6C878CB992E6-StateMachineUpdater] DEBUG impl.TransactionManager (TransactionManager.java:remove(68)) - (t:2, i:3): s3-TransactionManager:size=0
2025-01-02 19:26:08,631 [s1@group-6C878CB992E6-StateMachineUpdater] INFO  impl.SimpleStateMachine4Testing (SimpleStateMachine4Testing.java:applyTransaction(250)) - applyTransaction for log index 3
2025-01-02 19:26:08,631 [s1@group-6C878CB992E6-StateMachineUpdater] INFO  impl.SimpleStateMachine4Testing (SimpleStateMachine4Testing.java:put(206)) - s1: put 3, first1 -> (t:2, i:3), STATEMACHINELOGENTRY, WRITE: logData.size=6, stateMachineData.size=17, logEntryProtoSerializedSize=0
2025-01-02 19:26:08,632 [s1@group-6C878CB992E6-StateMachineUpdater] DEBUG impl.TransactionManager (TransactionManager.java:remove(68)) - (t:2, i:3): s1-TransactionManager:size=0
2025-01-02 19:26:08,636 [s3-server-thread2] DEBUG impl.TransactionManager (TransactionManager.java:computeIfAbsent(60)) - (t:2, i:5): s3-TransactionManager:size=1
2025-01-02 19:26:08,636 [s1-server-thread2] DEBUG impl.TransactionManager (TransactionManager.java:computeIfAbsent(60)) - (t:2, i:5): s1-TransactionManager:size=1
2025-01-02 19:26:08,636 [s0-server-thread2] DEBUG impl.TransactionManager (TransactionManager.java:computeIfAbsent(60)) - (t:2, i:5): s0-TransactionManager:size=1
2025-01-02 19:26:08,639 [s4@group-6C878CB992E6-StateMachineUpdater] INFO  impl.SimpleStateMachine4Testing (SimpleStateMachine4Testing.java:applyTransaction(250)) - applyTransaction for log index 5
2025-01-02 19:26:08,639 [s4@group-6C878CB992E6-StateMachineUpdater] INFO  impl.SimpleStateMachine4Testing (SimpleStateMachine4Testing.java:put(206)) - s4: put 5, first2 -> (t:2, i:5), STATEMACHINELOGENTRY, WRITE: logData.size=6, stateMachineData.size=17, logEntryProtoSerializedSize=0
2025-01-02 19:26:08,641 [s2-server-thread2] DEBUG impl.TransactionManager (TransactionManager.java:computeIfAbsent(60)) - (t:2, i:5): s2-TransactionManager:size=1
2025-01-02 19:26:08,642 [s3@group-6C878CB992E6-StateMachineUpdater] INFO  impl.SimpleStateMachine4Testing (SimpleStateMachine4Testing.java:applyTransaction(250)) - applyTransaction for log index 5
2025-01-02 19:26:08,643 [s3@group-6C878CB992E6-StateMachineUpdater] INFO  impl.SimpleStateMachine4Testing (SimpleStateMachine4Testing.java:put(206)) - s3: put 5, first2 -> (t:2, i:5), STATEMACHINELOGENTRY, WRITE: logData.size=6, stateMachineData.size=17, logEntryProtoSerializedSize=0
2025-01-02 19:26:08,643 [s3@group-6C878CB992E6-StateMachineUpdater] DEBUG impl.TransactionManager (TransactionManager.java:remove(68)) - (t:2, i:5): s3-TransactionManager:size=0
2025-01-02 19:26:08,644 [s0@group-6C878CB992E6-StateMachineUpdater] INFO  impl.SimpleStateMachine4Testing (SimpleStateMachine4Testing.java:applyTransaction(250)) - applyTransaction for log index 5
2025-01-02 19:26:08,645 [s0@group-6C878CB992E6-StateMachineUpdater] INFO  impl.SimpleStateMachine4Testing (SimpleStateMachine4Testing.java:put(206)) - s0: put 5, first2 -> (t:2, i:5), STATEMACHINELOGENTRY, WRITE: logData.size=6, stateMachineData.size=17, logEntryProtoSerializedSize=0
2025-01-02 19:26:08,645 [s0@group-6C878CB992E6-StateMachineUpdater] DEBUG impl.TransactionManager (TransactionManager.java:remove(68)) - (t:2, i:5): s0-TransactionManager:size=0
2025-01-02 19:26:08,645 [s2@group-6C878CB992E6-StateMachineUpdater] INFO  impl.SimpleStateMachine4Testing (SimpleStateMachine4Testing.java:applyTransaction(250)) - applyTransaction for log index 5
2025-01-02 19:26:08,645 [s2@group-6C878CB992E6-StateMachineUpdater] INFO  impl.SimpleStateMachine4Testing (SimpleStateMachine4Testing.java:put(206)) - s2: put 5, first2 -> (t:2, i:5), STATEMACHINELOGENTRY, WRITE: logData.size=6, stateMachineData.size=17, logEntryProtoSerializedSize=0
2025-01-02 19:26:08,646 [s2@group-6C878CB992E6-StateMachineUpdater] DEBUG impl.TransactionManager (TransactionManager.java:remove(68)) - (t:2, i:5): s2-TransactionManager:size=0
2025-01-02 19:26:08,650 [s1@group-6C878CB992E6-StateMachineUpdater] INFO  impl.SimpleStateMachine4Testing (SimpleStateMachine4Testing.java:applyTransaction(250)) - applyTransaction for log index 5
2025-01-02 19:26:08,651 [s1@group-6C878CB992E6-StateMachineUpdater] INFO  impl.SimpleStateMachine4Testing (SimpleStateMachine4Testing.java:put(206)) - s1: put 5, first2 -> (t:2, i:5), STATEMACHINELOGENTRY, WRITE: logData.size=6, stateMachineData.size=17, logEntryProtoSerializedSize=0
2025-01-02 19:26:08,651 [s1@group-6C878CB992E6-StateMachineUpdater] DEBUG impl.TransactionManager (TransactionManager.java:remove(68)) - (t:2, i:5): s1-TransactionManager:size=0
2025-01-02 19:26:08,654 [s3-server-thread2] DEBUG impl.TransactionManager (TransactionManager.java:computeIfAbsent(60)) - (t:2, i:7): s3-TransactionManager:size=1
2025-01-02 19:26:08,654 [s0-server-thread2] DEBUG impl.TransactionManager (TransactionManager.java:computeIfAbsent(60)) - (t:2, i:7): s0-TransactionManager:size=1
2025-01-02 19:26:08,654 [s2-server-thread2] DEBUG impl.TransactionManager (TransactionManager.java:computeIfAbsent(60)) - (t:2, i:7): s2-TransactionManager:size=1
2025-01-02 19:26:08,657 [s4@group-6C878CB992E6-StateMachineUpdater] INFO  impl.SimpleStateMachine4Testing (SimpleStateMachine4Testing.java:applyTransaction(250)) - applyTransaction for log index 7
2025-01-02 19:26:08,657 [s4@group-6C878CB992E6-StateMachineUpdater] INFO  impl.SimpleStateMachine4Testing (SimpleStateMachine4Testing.java:put(206)) - s4: put 7, first3 -> (t:2, i:7), STATEMACHINELOGENTRY, WRITE: logData.size=6, stateMachineData.size=17, logEntryProtoSerializedSize=0
2025-01-02 19:26:08,660 [s1-server-thread2] DEBUG impl.TransactionManager (TransactionManager.java:computeIfAbsent(60)) - (t:2, i:7): s1-TransactionManager:size=1
2025-01-02 19:26:08,662 [s3@group-6C878CB992E6-StateMachineUpdater] INFO  impl.SimpleStateMachine4Testing (SimpleStateMachine4Testing.java:applyTransaction(250)) - applyTransaction for log index 7
2025-01-02 19:26:08,662 [s3@group-6C878CB992E6-StateMachineUpdater] INFO  impl.SimpleStateMachine4Testing (SimpleStateMachine4Testing.java:put(206)) - s3: put 7, first3 -> (t:2, i:7), STATEMACHINELOGENTRY, WRITE: logData.size=6, stateMachineData.size=17, logEntryProtoSerializedSize=0
2025-01-02 19:26:08,662 [s0@group-6C878CB992E6-StateMachineUpdater] INFO  impl.SimpleStateMachine4Testing (SimpleStateMachine4Testing.java:applyTransaction(250)) - applyTransaction for log index 7
2025-01-02 19:26:08,662 [s3@group-6C878CB992E6-StateMachineUpdater] DEBUG impl.TransactionManager (TransactionManager.java:remove(68)) - (t:2, i:7): s3-TransactionManager:size=0
2025-01-02 19:26:08,662 [s0@group-6C878CB992E6-StateMachineUpdater] INFO  impl.SimpleStateMachine4Testing (SimpleStateMachine4Testing.java:put(206)) - s0: put 7, first3 -> (t:2, i:7), STATEMACHINELOGENTRY, WRITE: logData.size=6, stateMachineData.size=17, logEntryProtoSerializedSize=0
2025-01-02 19:26:08,662 [s0@group-6C878CB992E6-StateMachineUpdater] DEBUG impl.TransactionManager (TransactionManager.java:remove(68)) - (t:2, i:7): s0-TransactionManager:size=0
2025-01-02 19:26:08,665 [s2@group-6C878CB992E6-StateMachineUpdater] INFO  impl.SimpleStateMachine4Testing (SimpleStateMachine4Testing.java:applyTransaction(250)) - applyTransaction for log index 7
2025-01-02 19:26:08,666 [s2@group-6C878CB992E6-StateMachineUpdater] INFO  impl.SimpleStateMachine4Testing (SimpleStateMachine4Testing.java:put(206)) - s2: put 7, first3 -> (t:2, i:7), STATEMACHINELOGENTRY, WRITE: logData.size=6, stateMachineData.size=17, logEntryProtoSerializedSize=0
2025-01-02 19:26:08,666 [s2@group-6C878CB992E6-StateMachineUpdater] DEBUG impl.TransactionManager (TransactionManager.java:remove(68)) - (t:2, i:7): s2-TransactionManager:size=0
2025-01-02 19:26:08,666 [s1@group-6C878CB992E6-StateMachineUpdater] INFO  impl.SimpleStateMachine4Testing (SimpleStateMachine4Testing.java:applyTransaction(250)) - applyTransaction for log index 7
2025-01-02 19:26:08,666 [s1@group-6C878CB992E6-StateMachineUpdater] INFO  impl.SimpleStateMachine4Testing (SimpleStateMachine4Testing.java:put(206)) - s1: put 7, first3 -> (t:2, i:7), STATEMACHINELOGENTRY, WRITE: logData.size=6, stateMachineData.size=17, logEntryProtoSerializedSize=0
2025-01-02 19:26:08,666 [s1@group-6C878CB992E6-StateMachineUpdater] DEBUG impl.TransactionManager (TransactionManager.java:remove(68)) - (t:2, i:7): s1-TransactionManager:size=0
2025-01-02 19:26:08,676 [s0-server-thread2] DEBUG impl.TransactionManager (TransactionManager.java:computeIfAbsent(60)) - (t:2, i:9): s0-TransactionManager:size=1
2025-01-02 19:26:08,677 [s3-server-thread2] DEBUG impl.TransactionManager (TransactionManager.java:computeIfAbsent(60)) - (t:2, i:9): s3-TransactionManager:size=1
2025-01-02 19:26:08,679 [s4@group-6C878CB992E6-StateMachineUpdater] INFO  impl.SimpleStateMachine4Testing (SimpleStateMachine4Testing.java:applyTransaction(250)) - applyTransaction for log index 9
2025-01-02 19:26:08,679 [s4@group-6C878CB992E6-StateMachineUpdater] INFO  impl.SimpleStateMachine4Testing (SimpleStateMachine4Testing.java:put(206)) - s4: put 9, first4 -> (t:2, i:9), STATEMACHINELOGENTRY, WRITE: logData.size=6, stateMachineData.size=17, logEntryProtoSerializedSize=0
2025-01-02 19:26:08,684 [s2-server-thread2] DEBUG impl.TransactionManager (TransactionManager.java:computeIfAbsent(60)) - (t:2, i:9): s2-TransactionManager:size=1
2025-01-02 19:26:08,686 [s3@group-6C878CB992E6-StateMachineUpdater] INFO  impl.SimpleStateMachine4Testing (SimpleStateMachine4Testing.java:applyTransaction(250)) - applyTransaction for log index 9
2025-01-02 19:26:08,686 [s3@group-6C878CB992E6-StateMachineUpdater] INFO  impl.SimpleStateMachine4Testing (SimpleStateMachine4Testing.java:put(206)) - s3: put 9, first4 -> (t:2, i:9), STATEMACHINELOGENTRY, WRITE: logData.size=6, stateMachineData.size=17, logEntryProtoSerializedSize=0
2025-01-02 19:26:08,686 [s3@group-6C878CB992E6-StateMachineUpdater] DEBUG impl.TransactionManager (TransactionManager.java:remove(68)) - (t:2, i:9): s3-TransactionManager:size=0
2025-01-02 19:26:08,686 [s0@group-6C878CB992E6-StateMachineUpdater] INFO  impl.SimpleStateMachine4Testing (SimpleStateMachine4Testing.java:applyTransaction(250)) - applyTransaction for log index 9
2025-01-02 19:26:08,686 [s2@group-6C878CB992E6-StateMachineUpdater] INFO  impl.SimpleStateMachine4Testing (SimpleStateMachine4Testing.java:applyTransaction(250)) - applyTransaction for log index 9
2025-01-02 19:26:08,687 [s0@group-6C878CB992E6-StateMachineUpdater] INFO  impl.SimpleStateMachine4Testing (SimpleStateMachine4Testing.java:put(206)) - s0: put 9, first4 -> (t:2, i:9), STATEMACHINELOGENTRY, WRITE: logData.size=6, stateMachineData.size=17, logEntryProtoSerializedSize=0
2025-01-02 19:26:08,687 [s2@group-6C878CB992E6-StateMachineUpdater] INFO  impl.SimpleStateMachine4Testing (SimpleStateMachine4Testing.java:put(206)) - s2: put 9, first4 -> (t:2, i:9), STATEMACHINELOGENTRY, WRITE: logData.size=6, stateMachineData.size=17, logEntryProtoSerializedSize=0
2025-01-02 19:26:08,687 [s0@group-6C878CB992E6-StateMachineUpdater] DEBUG impl.TransactionManager (TransactionManager.java:remove(68)) - (t:2, i:9): s0-TransactionManager:size=0
2025-01-02 19:26:08,687 [s2@group-6C878CB992E6-StateMachineUpdater] DEBUG impl.TransactionManager (TransactionManager.java:remove(68)) - (t:2, i:9): s2-TransactionManager:size=0
2025-01-02 19:26:08,689 [s1-server-thread2] DEBUG impl.TransactionManager (TransactionManager.java:computeIfAbsent(60)) - (t:2, i:9): s1-TransactionManager:size=1
2025-01-02 19:26:08,694 [main] DEBUG impl.TransactionManager (TransactionManager.java:getMap(49)) - s3-TransactionManager:size=0
2025-01-02 19:26:08,696 [main] DEBUG impl.TransactionManager (TransactionManager.java:getMap(49)) - s4-TransactionManager:size=0
2025-01-02 19:26:08,697 [main] DEBUG impl.TransactionManager (TransactionManager.java:getMap(49)) - s0-TransactionManager:size=0
2025-01-02 19:26:08,699 [main] DEBUG impl.TransactionManager (TransactionManager.java:getMap(49)) - s1-TransactionManager:size=1
2025-01-02 19:26:08,704 [s1@group-6C878CB992E6-StateMachineUpdater] INFO  impl.SimpleStateMachine4Testing (SimpleStateMachine4Testing.java:applyTransaction(250)) - applyTransaction for log index 9
2025-01-02 19:26:08,704 [s1@group-6C878CB992E6-StateMachineUpdater] INFO  impl.SimpleStateMachine4Testing (SimpleStateMachine4Testing.java:put(206)) - s1: put 9, first4 -> (t:2, i:9), STATEMACHINELOGENTRY, WRITE: logData.size=6, stateMachineData.size=17, logEntryProtoSerializedSize=0
2025-01-02 19:26:08,704 [s1@group-6C878CB992E6-StateMachineUpdater] DEBUG impl.TransactionManager (TransactionManager.java:remove(68)) - (t:2, i:9): s1-TransactionManager:size=0
2025-01-02 19:26:08,714 [main] INFO  grpc.TestRaftLogTruncateWithGrpc (RaftLogTruncateTests.java:runTestLogTruncate(118)) - killedPeers   : [s3, s0, s1]
2025-01-02 19:26:08,714 [main] INFO  grpc.TestRaftLogTruncateWithGrpc (RaftLogTruncateTests.java:runTestLogTruncate(119)) - remainingPeers: [s4, s2]
2025-01-02 19:26:08,714 [main] INFO  impl.MiniRaftCluster (MiniRaftCluster.java:runWithNewCluster(146)) - printing ALL groups
  s3:  RUNNING  FOLLOWER s3@group-6C878CB992E6:t2, leader=s4, voted=s4, raftlog=Memoized:s3@group-6C878CB992E6-SegmentedRaftLog:OPENED:c9:last(t:2, i:10), conf=conf: {index: 0, cur=peers:[s3|localhost:15012, s4|localhost:15016, s0|localhost:15000, s1|localhost:15004, s2|localhost:15008]|listeners:[], old=null} RUNNING
  s4:  RUNNING    LEADER s4@group-6C878CB992E6:t2, leader=s4, voted=s4, raftlog=Memoized:s4@group-6C878CB992E6-SegmentedRaftLog:OPENED:c10:last(t:2, i:10), conf=conf: {index: 0, cur=peers:[s3|localhost:15012, s4|localhost:15016, s0|localhost:15000, s1|localhost:15004, s2|localhost:15008]|listeners:[], old=null} RUNNING
  s0:  RUNNING  FOLLOWER s0@group-6C878CB992E6:t2, leader=s4, voted=s4, raftlog=Memoized:s0@group-6C878CB992E6-SegmentedRaftLog:OPENED:c9:last(t:2, i:10), conf=conf: {index: 0, cur=peers:[s3|localhost:15012, s4|localhost:15016, s0|localhost:15000, s1|localhost:15004, s2|localhost:15008]|listeners:[], old=null} RUNNING
  s1:  RUNNING  FOLLOWER s1@group-6C878CB992E6:t2, leader=s4, voted=s4, raftlog=Memoized:s1@group-6C878CB992E6-SegmentedRaftLog:OPENED:c9:last(t:2, i:10), conf=conf: {index: 0, cur=peers:[s3|localhost:15012, s4|localhost:15016, s0|localhost:15000, s1|localhost:15004, s2|localhost:15008]|listeners:[], old=null} RUNNING
  s2:  RUNNING  FOLLOWER s2@group-6C878CB992E6:t2, leader=s4, voted=s4, raftlog=Memoized:s2@group-6C878CB992E6-SegmentedRaftLog:OPENED:c9:last(t:2, i:10), conf=conf: {index: 0, cur=peers:[s3|localhost:15012, s4|localhost:15016, s0|localhost:15000, s1|localhost:15004, s2|localhost:15008]|listeners:[], old=null} RUNNING
2025-01-02 19:26:08,715 [main] ERROR impl.MiniRaftCluster (MiniRaftCluster.java:runWithNewCluster(147)) - Failed org.apache.ratis.server.impl.MiniRaftCluster$Factory$Get.runWithNewCluster(MiniRaftCluster.java:121)
org.opentest4j.AssertionFailedError: s1 TransactionContextMap is non-empty: {(t:2, i:9)=Memoized:org.apache.ratis.statemachine.impl.TransactionContextImpl@c9d0d6} ==> expected: <true> but was: <false>
	at org.junit.jupiter.api.AssertionFailureBuilder.build(AssertionFailureBuilder.java:151)
	at org.junit.jupiter.api.AssertionFailureBuilder.buildAndThrow(AssertionFailureBuilder.java:132)
	at org.junit.jupiter.api.AssertTrue.failNotTrue(AssertTrue.java:63)
	at org.junit.jupiter.api.AssertTrue.assertTrue(AssertTrue.java:42)
	at org.junit.jupiter.api.Assertions.assertTrue(Assertions.java:191)
	at org.apache.ratis.RaftLogTruncateTests.assertEmptyTransactionContextMap(RaftLogTruncateTests.java:244)
	at org.apache.ratis.RaftLogTruncateTests.runTestLogTruncate(RaftLogTruncateTests.java:148)
	at org.apache.ratis.RaftLogTruncateTests.runTestLogTruncate(RaftLogTruncateTests.java:116)
	at org.apache.ratis.server.impl.MiniRaftCluster$Factory$Get.runWithNewCluster(MiniRaftCluster.java:144)
	at org.apache.ratis.server.impl.MiniRaftCluster$Factory$Get.runWithNewCluster(MiniRaftCluster.java:121)
	at org.apache.ratis.RaftLogTruncateTests.testLogTruncate(RaftLogTruncateTests.java:94)
	at sun.reflect.NativeMethodAccessorImpl.invoke0(Native Method)
	at sun.reflect.NativeMethodAccessorImpl.invoke(NativeMethodAccessorImpl.java:62)
	at sun.reflect.DelegatingMethodAccessorImpl.invoke(DelegatingMethodAccessorImpl.java:43)
	at java.lang.reflect.Method.invoke(Method.java:498)
	at org.junit.platform.commons.util.ReflectionUtils.invokeMethod(ReflectionUtils.java:766)
	at org.junit.jupiter.engine.execution.MethodInvocation.proceed(MethodInvocation.java:60)
	at org.junit.jupiter.engine.execution.InvocationInterceptorChain$ValidatingInvocation.proceed(InvocationInterceptorChain.java:131)
	at org.junit.jupiter.engine.extension.SameThreadTimeoutInvocation.proceed(SameThreadTimeoutInvocation.java:45)
	at org.junit.jupiter.engine.extension.TimeoutExtension.intercept(TimeoutExtension.java:156)
	at org.junit.jupiter.engine.extension.TimeoutExtension.interceptTestableMethod(TimeoutExtension.java:147)
	at org.junit.jupiter.engine.extension.TimeoutExtension.interceptTestMethod(TimeoutExtension.java:86)
	at org.junit.jupiter.engine.execution.InterceptingExecutableInvoker$ReflectiveInterceptorCall.lambda$ofVoidMethod$0(InterceptingExecutableInvoker.java:103)
	at org.junit.jupiter.engine.execution.InterceptingExecutableInvoker.lambda$invoke$0(InterceptingExecutableInvoker.java:93)
	at org.junit.jupiter.engine.execution.InvocationInterceptorChain$InterceptedInvocation.proceed(InvocationInterceptorChain.java:106)
	at org.junit.jupiter.engine.execution.InvocationInterceptorChain.proceed(InvocationInterceptorChain.java:64)
	at org.junit.jupiter.engine.execution.InvocationInterceptorChain.chainAndInvoke(InvocationInterceptorChain.java:45)
	at org.junit.jupiter.engine.execution.InvocationInterceptorChain.invoke(InvocationInterceptorChain.java:37)
	at org.junit.jupiter.engine.execution.InterceptingExecutableInvoker.invoke(InterceptingExecutableInvoker.java:92)
	at org.junit.jupiter.engine.execution.InterceptingExecutableInvoker.invoke(InterceptingExecutableInvoker.java:86)
	at org.junit.jupiter.engine.descriptor.TestMethodTestDescriptor.lambda$invokeTestMethod$8(TestMethodTestDescriptor.java:217)
	at org.junit.platform.engine.support.hierarchical.ThrowableCollector.execute(ThrowableCollector.java:73)
	at org.junit.jupiter.engine.descriptor.TestMethodTestDescriptor.invokeTestMethod(TestMethodTestDescriptor.java:213)
	at org.junit.jupiter.engine.descriptor.TestMethodTestDescriptor.execute(TestMethodTestDescriptor.java:138)
	at org.junit.jupiter.engine.descriptor.TestMethodTestDescriptor.execute(TestMethodTestDescriptor.java:68)
	at org.junit.platform.engine.support.hierarchical.NodeTestTask.lambda$executeRecursively$6(NodeTestTask.java:156)
	at org.junit.platform.engine.support.hierarchical.ThrowableCollector.execute(ThrowableCollector.java:73)
	at org.junit.platform.engine.support.hierarchical.NodeTestTask.lambda$executeRecursively$8(NodeTestTask.java:146)
	at org.junit.platform.engine.support.hierarchical.Node.around(Node.java:137)
	at org.junit.platform.engine.support.hierarchical.NodeTestTask.lambda$executeRecursively$9(NodeTestTask.java:144)
	at org.junit.platform.engine.support.hierarchical.ThrowableCollector.execute(ThrowableCollector.java:73)
	at org.junit.platform.engine.support.hierarchical.NodeTestTask.executeRecursively(NodeTestTask.java:143)
	at org.junit.platform.engine.support.hierarchical.NodeTestTask.execute(NodeTestTask.java:100)
	at java.util.ArrayList.forEach(ArrayList.java:1259)
	at org.junit.platform.engine.support.hierarchical.SameThreadHierarchicalTestExecutorService.invokeAll(SameThreadHierarchicalTestExecutorService.java:41)
	at org.junit.platform.engine.support.hierarchical.NodeTestTask.lambda$executeRecursively$6(NodeTestTask.java:160)
	at org.junit.platform.engine.support.hierarchical.ThrowableCollector.execute(ThrowableCollector.java:73)
	at org.junit.platform.engine.support.hierarchical.NodeTestTask.lambda$executeRecursively$8(NodeTestTask.java:146)
	at org.junit.platform.engine.support.hierarchical.Node.around(Node.java:137)
	at org.junit.platform.engine.support.hierarchical.NodeTestTask.lambda$executeRecursively$9(NodeTestTask.java:144)
	at org.junit.platform.engine.support.hierarchical.ThrowableCollector.execute(ThrowableCollector.java:73)
	at org.junit.platform.engine.support.hierarchical.NodeTestTask.executeRecursively(NodeTestTask.java:143)
	at org.junit.platform.engine.support.hierarchical.NodeTestTask.execute(NodeTestTask.java:100)
	at java.util.ArrayList.forEach(ArrayList.java:1259)
	at org.junit.platform.engine.support.hierarchical.SameThreadHierarchicalTestExecutorService.invokeAll(SameThreadHierarchicalTestExecutorService.java:41)
	at org.junit.platform.engine.support.hierarchical.NodeTestTask.lambda$executeRecursively$6(NodeTestTask.java:160)
	at org.junit.platform.engine.support.hierarchical.ThrowableCollector.execute(ThrowableCollector.java:73)
	at org.junit.platform.engine.support.hierarchical.NodeTestTask.lambda$executeRecursively$8(NodeTestTask.java:146)
	at org.junit.platform.engine.support.hierarchical.Node.around(Node.java:137)
	at org.junit.platform.engine.support.hierarchical.NodeTestTask.lambda$executeRecursively$9(NodeTestTask.java:144)
	at org.junit.platform.engine.support.hierarchical.ThrowableCollector.execute(ThrowableCollector.java:73)
	at org.junit.platform.engine.support.hierarchical.NodeTestTask.executeRecursively(NodeTestTask.java:143)
	at org.junit.platform.engine.support.hierarchical.NodeTestTask.execute(NodeTestTask.java:100)
	at org.junit.platform.engine.support.hierarchical.SameThreadHierarchicalTestExecutorService.submit(SameThreadHierarchicalTestExecutorService.java:35)
	at org.junit.platform.engine.support.hierarchical.HierarchicalTestExecutor.execute(HierarchicalTestExecutor.java:57)
	at org.junit.platform.engine.support.hierarchical.HierarchicalTestEngine.execute(HierarchicalTestEngine.java:54)
	at org.junit.platform.launcher.core.EngineExecutionOrchestrator.execute(EngineExecutionOrchestrator.java:198)
	at org.junit.platform.launcher.core.EngineExecutionOrchestrator.execute(EngineExecutionOrchestrator.java:169)
	at org.junit.platform.launcher.core.EngineExecutionOrchestrator.execute(EngineExecutionOrchestrator.java:93)
	at org.junit.platform.launcher.core.EngineExecutionOrchestrator.lambda$execute$0(EngineExecutionOrchestrator.java:58)
	at org.junit.platform.launcher.core.EngineExecutionOrchestrator.withInterceptedStreams(EngineExecutionOrchestrator.java:141)
	at org.junit.platform.launcher.core.EngineExecutionOrchestrator.execute(EngineExecutionOrchestrator.java:57)
	at org.junit.platform.launcher.core.DefaultLauncher.execute(DefaultLauncher.java:103)
	at org.junit.platform.launcher.core.DefaultLauncher.execute(DefaultLauncher.java:85)
	at org.junit.platform.launcher.core.DelegatingLauncher.execute(DelegatingLauncher.java:47)
	at org.junit.platform.launcher.core.SessionPerRequestLauncher.execute(SessionPerRequestLauncher.java:63)
	at org.apache.maven.surefire.junitplatform.JUnitPlatformProvider.invokeAllTests(JUnitPlatformProvider.java:154)
	at org.apache.maven.surefire.junitplatform.JUnitPlatformProvider.invoke(JUnitPlatformProvider.java:123)
	at org.apache.maven.surefire.booter.ForkedBooter.runSuitesInProcess(ForkedBooter.java:377)
	at org.apache.maven.surefire.booter.ForkedBooter.execute(ForkedBooter.java:138)
	at org.apache.maven.surefire.booter.ForkedBooter.run(ForkedBooter.java:465)
	at org.apache.maven.surefire.booter.ForkedBooter.main(ForkedBooter.java:451)
2025-01-02 19:26:08,719 [main] INFO  impl.MiniRaftCluster (MiniRaftCluster.java:shutdown(847)) - ************************************************************** 
2025-01-02 19:26:08,720 [main] INFO  impl.MiniRaftCluster (MiniRaftCluster.java:shutdown(848)) - *** 
2025-01-02 19:26:08,720 [main] INFO  impl.MiniRaftCluster (MiniRaftCluster.java:shutdown(849)) - ***     Stopping MiniRaftClusterWithGrpc
2025-01-02 19:26:08,720 [main] INFO  impl.MiniRaftCluster (MiniRaftCluster.java:shutdown(850)) - *** 
2025-01-02 19:26:08,720 [main] INFO  impl.MiniRaftCluster (MiniRaftCluster.java:shutdown(851)) - ************************************************************** 
2025-01-02 19:26:08,721 [main] INFO  impl.MiniRaftCluster (MiniRaftCluster.java:shutdown(852)) - printing ALL groups
  s3:  RUNNING  FOLLOWER s3@group-6C878CB992E6:t2, leader=s4, voted=s4, raftlog=Memoized:s3@group-6C878CB992E6-SegmentedRaftLog:OPENED:c9:last(t:2, i:10), conf=conf: {index: 0, cur=peers:[s3|localhost:15012, s4|localhost:15016, s0|localhost:15000, s1|localhost:15004, s2|localhost:15008]|listeners:[], old=null} RUNNING
  s4:  RUNNING    LEADER s4@group-6C878CB992E6:t2, leader=s4, voted=s4, raftlog=Memoized:s4@group-6C878CB992E6-SegmentedRaftLog:OPENED:c10:last(t:2, i:10), conf=conf: {index: 0, cur=peers:[s3|localhost:15012, s4|localhost:15016, s0|localhost:15000, s1|localhost:15004, s2|localhost:15008]|listeners:[], old=null} RUNNING
  s0:  RUNNING  FOLLOWER s0@group-6C878CB992E6:t2, leader=s4, voted=s4, raftlog=Memoized:s0@group-6C878CB992E6-SegmentedRaftLog:OPENED:c9:last(t:2, i:10), conf=conf: {index: 0, cur=peers:[s3|localhost:15012, s4|localhost:15016, s0|localhost:15000, s1|localhost:15004, s2|localhost:15008]|listeners:[], old=null} RUNNING
  s1:  RUNNING  FOLLOWER s1@group-6C878CB992E6:t2, leader=s4, voted=s4, raftlog=Memoized:s1@group-6C878CB992E6-SegmentedRaftLog:OPENED:c9:last(t:2, i:10), conf=conf: {index: 0, cur=peers:[s3|localhost:15012, s4|localhost:15016, s0|localhost:15000, s1|localhost:15004, s2|localhost:15008]|listeners:[], old=null} RUNNING
  s2:  RUNNING  FOLLOWER s2@group-6C878CB992E6:t2, leader=s4, voted=s4, raftlog=Memoized:s2@group-6C878CB992E6-SegmentedRaftLog:OPENED:c9:last(t:2, i:10), conf=conf: {index: 0, cur=peers:[s3|localhost:15012, s4|localhost:15016, s0|localhost:15000, s1|localhost:15004, s2|localhost:15008]|listeners:[], old=null} RUNNING
2025-01-02 19:26:08,723 [MiniRaftCluster-3] INFO  server.RaftServer (RaftServerProxy.java:lambda$close$9(418)) - s0: close
2025-01-02 19:26:08,723 [MiniRaftCluster-1] INFO  server.RaftServer (RaftServerProxy.java:lambda$close$9(418)) - s3: close
2025-01-02 19:26:08,724 [MiniRaftCluster-4] INFO  server.RaftServer (RaftServerProxy.java:lambda$close$9(418)) - s1: close
2025-01-02 19:26:08,724 [MiniRaftCluster-2] INFO  server.RaftServer (RaftServerProxy.java:lambda$close$9(418)) - s4: close
2025-01-02 19:26:08,725 [s1-impl-thread1] INFO  server.RaftServer$Division (RaftServerImpl.java:lambda$close$1(514)) - s1@group-6C878CB992E6: shutdown
2025-01-02 19:26:08,725 [s3-impl-thread1] INFO  server.RaftServer$Division (RaftServerImpl.java:lambda$close$1(514)) - s3@group-6C878CB992E6: shutdown
2025-01-02 19:26:08,725 [s1-impl-thread1] INFO  util.JmxRegister (JmxRegister.java:unregister(74)) - Successfully un-registered JMX Bean with object name Ratis:service=RaftServer,group=group-6C878CB992E6,id=s1
2025-01-02 19:26:08,725 [s1-impl-thread1] INFO  impl.RoleInfo (RoleInfo.java:shutdownFollowerState(121)) - s1: shutdown s1@group-6C878CB992E6-FollowerState
2025-01-02 19:26:08,725 [MiniRaftCluster-3] INFO  server.GrpcServicesImpl (GrpcServicesImpl.java:closeImpl(362)) - s0: shutdown server org.apache.ratis.grpc.server.GrpcClientProtocolService now
2025-01-02 19:26:08,725 [MiniRaftCluster-1] INFO  server.GrpcServicesImpl (GrpcServicesImpl.java:closeImpl(362)) - s3: shutdown server org.apache.ratis.grpc.server.GrpcClientProtocolService now
2025-01-02 19:26:08,725 [s0-impl-thread1] INFO  server.RaftServer$Division (RaftServerImpl.java:lambda$close$1(514)) - s0@group-6C878CB992E6: shutdown
2025-01-02 19:26:08,725 [s0-impl-thread1] INFO  util.JmxRegister (JmxRegister.java:unregister(74)) - Successfully un-registered JMX Bean with object name Ratis:service=RaftServer,group=group-6C878CB992E6,id=s0
2025-01-02 19:26:08,726 [s0-impl-thread1] INFO  impl.RoleInfo (RoleInfo.java:shutdownFollowerState(121)) - s0: shutdown s0@group-6C878CB992E6-FollowerState
2025-01-02 19:26:08,726 [s0-impl-thread1] INFO  impl.StateMachineUpdater (StateMachineUpdater.java:stopAndJoin(164)) - s0@group-6C878CB992E6-StateMachineUpdater: set stopIndex = 9
2025-01-02 19:26:08,726 [s0@group-6C878CB992E6-FollowerState] INFO  impl.FollowerState (FollowerState.java:runImpl(170)) - s0@group-6C878CB992E6-FollowerState was interrupted
2025-01-02 19:26:08,726 [MiniRaftCluster-4] INFO  server.GrpcServicesImpl (GrpcServicesImpl.java:closeImpl(362)) - s1: shutdown server org.apache.ratis.grpc.server.GrpcClientProtocolService now
2025-01-02 19:26:08,725 [MiniRaftCluster-5] INFO  server.RaftServer (RaftServerProxy.java:lambda$close$9(418)) - s2: close
2025-01-02 19:26:08,725 [s1@group-6C878CB992E6-StateMachineUpdater] INFO  impl.StateMachineUpdater (StateMachineUpdater.java:stop(141)) - s1@group-6C878CB992E6-StateMachineUpdater: closing SimpleStateMachine4Testing, lastApplied=(t:2, i:9)
2025-01-02 19:26:08,725 [s1-impl-thread1] INFO  impl.StateMachineUpdater (StateMachineUpdater.java:stopAndJoin(164)) - s1@group-6C878CB992E6-StateMachineUpdater: set stopIndex = 9
2025-01-02 19:26:08,725 [s1@group-6C878CB992E6-FollowerState] INFO  impl.FollowerState (FollowerState.java:runImpl(170)) - s1@group-6C878CB992E6-FollowerState was interrupted
2025-01-02 19:26:08,725 [MiniRaftCluster-2] INFO  server.GrpcServicesImpl (GrpcServicesImpl.java:closeImpl(362)) - s4: shutdown server org.apache.ratis.grpc.server.GrpcClientProtocolService now
2025-01-02 19:26:08,727 [s1-impl-thread1] INFO  raftlog.RaftLog (SegmentedRaftLog.java:close(568)) - Start closing s1@group-6C878CB992E6-SegmentedRaftLog:OPENED:c9:last(t:2, i:10)
2025-01-02 19:26:08,725 [s4-impl-thread1] INFO  server.RaftServer$Division (RaftServerImpl.java:lambda$close$1(514)) - s4@group-6C878CB992E6: shutdown
2025-01-02 19:26:08,727 [s4-impl-thread1] INFO  util.JmxRegister (JmxRegister.java:unregister(74)) - Successfully un-registered JMX Bean with object name Ratis:service=RaftServer,group=group-6C878CB992E6,id=s4
2025-01-02 19:26:08,727 [s4-impl-thread1] INFO  impl.RoleInfo (RoleInfo.java:shutdownLeaderState(103)) - s4: shutdown s4@group-6C878CB992E6-LeaderStateImpl
2025-01-02 19:26:08,727 [s1@group-6C878CB992E6-cacheEviction-AwaitToRun] INFO  util.AwaitToRun (AwaitToRun.java:run(49)) - s1@group-6C878CB992E6-cacheEviction-AwaitToRun-AwaitForSignal is interrupted
2025-01-02 19:26:08,729 [s4-impl-thread1] INFO  impl.PendingRequests (PendingRequests.java:sendNotLeaderResponses(287)) - s4@group-6C878CB992E6-PendingRequests: sendNotLeaderResponses
2025-01-02 19:26:08,725 [s3-impl-thread1] INFO  util.JmxRegister (JmxRegister.java:unregister(74)) - Successfully un-registered JMX Bean with object name Ratis:service=RaftServer,group=group-6C878CB992E6,id=s3
2025-01-02 19:26:08,729 [s3-impl-thread1] INFO  impl.RoleInfo (RoleInfo.java:shutdownFollowerState(121)) - s3: shutdown s3@group-6C878CB992E6-FollowerState
2025-01-02 19:26:08,729 [s3-impl-thread1] INFO  impl.StateMachineUpdater (StateMachineUpdater.java:stopAndJoin(164)) - s3@group-6C878CB992E6-StateMachineUpdater: set stopIndex = 9
2025-01-02 19:26:08,729 [s4@group-6C878CB992E6->s3-GrpcLogAppender-LogAppenderDaemon] WARN  server.GrpcLogAppender (GrpcLogAppender.java:mayWait(293)) - s4@group-6C878CB992E6->s3-GrpcLogAppender: Wait interrupted by java.lang.InterruptedException
2025-01-02 19:26:08,726 [MiniRaftCluster-5] INFO  server.GrpcServicesImpl (GrpcServicesImpl.java:closeImpl(362)) - s2: shutdown server org.apache.ratis.grpc.server.GrpcClientProtocolService now
2025-01-02 19:26:08,726 [s2-impl-thread1] INFO  server.RaftServer$Division (RaftServerImpl.java:lambda$close$1(514)) - s2@group-6C878CB992E6: shutdown
2025-01-02 19:26:08,726 [s0@group-6C878CB992E6-StateMachineUpdater] INFO  impl.StateMachineUpdater (StateMachineUpdater.java:stop(141)) - s0@group-6C878CB992E6-StateMachineUpdater: closing SimpleStateMachine4Testing, lastApplied=(t:2, i:9)
2025-01-02 19:26:08,729 [s4@group-6C878CB992E6->s0-GrpcLogAppender-LogAppenderDaemon] WARN  server.GrpcLogAppender (GrpcLogAppender.java:mayWait(293)) - s4@group-6C878CB992E6->s0-GrpcLogAppender: Wait interrupted by java.lang.InterruptedException
2025-01-02 19:26:08,729 [s4@group-6C878CB992E6->s1-GrpcLogAppender-LogAppenderDaemon] WARN  server.GrpcLogAppender (GrpcLogAppender.java:mayWait(293)) - s4@group-6C878CB992E6->s1-GrpcLogAppender: Wait interrupted by java.lang.InterruptedException
2025-01-02 19:26:08,730 [s4@group-6C878CB992E6->s2-GrpcLogAppender-LogAppenderDaemon] WARN  server.GrpcLogAppender (GrpcLogAppender.java:mayWait(293)) - s4@group-6C878CB992E6->s2-GrpcLogAppender: Wait interrupted by java.lang.InterruptedException
2025-01-02 19:26:08,732 [s2-impl-thread1] INFO  util.JmxRegister (JmxRegister.java:unregister(74)) - Successfully un-registered JMX Bean with object name Ratis:service=RaftServer,group=group-6C878CB992E6,id=s2
2025-01-02 19:26:08,732 [s2-impl-thread1] INFO  impl.RoleInfo (RoleInfo.java:shutdownFollowerState(121)) - s2: shutdown s2@group-6C878CB992E6-FollowerState
2025-01-02 19:26:08,729 [s3@group-6C878CB992E6-StateMachineUpdater] INFO  impl.StateMachineUpdater (StateMachineUpdater.java:stop(141)) - s3@group-6C878CB992E6-StateMachineUpdater: closing SimpleStateMachine4Testing, lastApplied=(t:2, i:9)
2025-01-02 19:26:08,733 [s2-impl-thread1] INFO  impl.StateMachineUpdater (StateMachineUpdater.java:stopAndJoin(164)) - s2@group-6C878CB992E6-StateMachineUpdater: set stopIndex = 9
2025-01-02 19:26:08,729 [s3@group-6C878CB992E6-FollowerState] INFO  impl.FollowerState (FollowerState.java:runImpl(170)) - s3@group-6C878CB992E6-FollowerState was interrupted
2025-01-02 19:26:08,729 [s1-impl-thread1] INFO  segmented.LogSegment (LogSegment.java:close(353)) - Successfully closed EntryCache-log_inprogress_0
2025-01-02 19:26:08,734 [s4-impl-thread1] INFO  impl.StateMachineUpdater (StateMachineUpdater.java:stopAndJoin(164)) - s4@group-6C878CB992E6-StateMachineUpdater: set stopIndex = 10
2025-01-02 19:26:08,733 [s3-impl-thread1] INFO  raftlog.RaftLog (SegmentedRaftLog.java:close(568)) - Start closing s3@group-6C878CB992E6-SegmentedRaftLog:OPENED:c9:last(t:2, i:10)
2025-01-02 19:26:08,733 [s2@group-6C878CB992E6-StateMachineUpdater] INFO  impl.StateMachineUpdater (StateMachineUpdater.java:stop(141)) - s2@group-6C878CB992E6-StateMachineUpdater: closing SimpleStateMachine4Testing, lastApplied=(t:2, i:9)
2025-01-02 19:26:08,733 [s2@group-6C878CB992E6-FollowerState] INFO  impl.FollowerState (FollowerState.java:runImpl(170)) - s2@group-6C878CB992E6-FollowerState was interrupted
2025-01-02 19:26:08,732 [s0-impl-thread1] INFO  raftlog.RaftLog (SegmentedRaftLog.java:close(568)) - Start closing s0@group-6C878CB992E6-SegmentedRaftLog:OPENED:c9:last(t:2, i:10)
2025-01-02 19:26:08,734 [s4@group-6C878CB992E6-StateMachineUpdater] INFO  impl.StateMachineUpdater (StateMachineUpdater.java:stop(141)) - s4@group-6C878CB992E6-StateMachineUpdater: closing SimpleStateMachine4Testing, lastApplied=(t:2, i:10)
2025-01-02 19:26:08,738 [s0@group-6C878CB992E6-cacheEviction-AwaitToRun] INFO  util.AwaitToRun (AwaitToRun.java:run(49)) - s0@group-6C878CB992E6-cacheEviction-AwaitToRun-AwaitForSignal is interrupted
2025-01-02 19:26:08,738 [s2-impl-thread1] INFO  raftlog.RaftLog (SegmentedRaftLog.java:close(568)) - Start closing s2@group-6C878CB992E6-SegmentedRaftLog:OPENED:c9:last(t:2, i:10)
2025-01-02 19:26:08,739 [s2@group-6C878CB992E6-cacheEviction-AwaitToRun] INFO  util.AwaitToRun (AwaitToRun.java:run(49)) - s2@group-6C878CB992E6-cacheEviction-AwaitToRun-AwaitForSignal is interrupted
2025-01-02 19:26:08,738 [Thread-134] INFO  server.GrpcServerProtocolClient (GrpcServerProtocolClient.java:close(105)) - s3 Close channels
2025-01-02 19:26:08,739 [Thread-139] INFO  server.GrpcServerProtocolClient (GrpcServerProtocolClient.java:close(105)) - s0 Close channels
2025-01-02 19:26:08,739 [s4-impl-thread1] INFO  raftlog.RaftLog (SegmentedRaftLog.java:close(568)) - Start closing s4@group-6C878CB992E6-SegmentedRaftLog:OPENED:c10:last(t:2, i:10)
2025-01-02 19:26:08,742 [Thread-140] INFO  server.GrpcServerProtocolClient (GrpcServerProtocolClient.java:close(105)) - s1 Close channels
2025-01-02 19:26:08,742 [Thread-141] INFO  server.GrpcServerProtocolClient (GrpcServerProtocolClient.java:close(105)) - s2 Close channels
2025-01-02 19:26:08,742 [s3@group-6C878CB992E6-cacheEviction-AwaitToRun] INFO  util.AwaitToRun (AwaitToRun.java:run(49)) - s3@group-6C878CB992E6-cacheEviction-AwaitToRun-AwaitForSignal is interrupted
2025-01-02 19:26:08,744 [MiniRaftCluster-3] INFO  server.GrpcServicesImpl (GrpcServicesImpl.java:closeImpl(371)) - s0: shutdown server org.apache.ratis.grpc.server.GrpcClientProtocolService successfully
2025-01-02 19:26:08,750 [Thread-150] INFO  server.GrpcServerProtocolClient (GrpcServerProtocolClient.java:close(105)) - s0 Close channels
2025-01-02 19:26:08,750 [Thread-137] INFO  server.GrpcServerProtocolClient (GrpcServerProtocolClient.java:close(105)) - s4 Close channels
2025-01-02 19:26:08,750 [Thread-136] INFO  server.GrpcServerProtocolClient (GrpcServerProtocolClient.java:close(105)) - s3 Close channels
2025-01-02 19:26:08,747 [Thread-147] INFO  server.GrpcServerProtocolClient (GrpcServerProtocolClient.java:close(105)) - s0 Close channels
2025-01-02 19:26:08,744 [Thread-146] INFO  server.GrpcServerProtocolClient (GrpcServerProtocolClient.java:close(105)) - s4 Close channels
2025-01-02 19:26:08,744 [Thread-135] INFO  server.GrpcServerProtocolClient (GrpcServerProtocolClient.java:close(105)) - s3 Close channels
2025-01-02 19:26:08,743 [s3-impl-thread1] INFO  segmented.LogSegment (LogSegment.java:close(353)) - Successfully closed EntryCache-log_inprogress_0
2025-01-02 19:26:08,739 [s2-impl-thread1] INFO  segmented.LogSegment (LogSegment.java:close(353)) - Successfully closed EntryCache-log_inprogress_0
2025-01-02 19:26:08,738 [s0-impl-thread1] INFO  segmented.LogSegment (LogSegment.java:close(353)) - Successfully closed EntryCache-log_inprogress_0
2025-01-02 19:26:08,744 [s4@group-6C878CB992E6-cacheEviction-AwaitToRun] INFO  util.AwaitToRun (AwaitToRun.java:run(49)) - s4@group-6C878CB992E6-cacheEviction-AwaitToRun-AwaitForSignal is interrupted
2025-01-02 19:26:08,755 [Thread-155] INFO  server.GrpcServerProtocolClient (GrpcServerProtocolClient.java:close(105)) - s1 Close channels
2025-01-02 19:26:08,755 [Thread-153] INFO  server.GrpcServerProtocolClient (GrpcServerProtocolClient.java:close(105)) - s0 Close channels
2025-01-02 19:26:08,755 [Thread-152] INFO  server.GrpcServerProtocolClient (GrpcServerProtocolClient.java:close(105)) - s2 Close channels
2025-01-02 19:26:08,753 [Thread-154] INFO  server.GrpcServerProtocolClient (GrpcServerProtocolClient.java:close(105)) - s2 Close channels
2025-01-02 19:26:08,761 [MiniRaftCluster-4] INFO  server.GrpcServicesImpl (GrpcServicesImpl.java:closeImpl(371)) - s1: shutdown server org.apache.ratis.grpc.server.GrpcClientProtocolService successfully
2025-01-02 19:26:08,761 [MiniRaftCluster-4] INFO  server.GrpcServicesImpl (GrpcServicesImpl.java:closeImpl(362)) - s1: shutdown server GrpcServerProtocolService now
2025-01-02 19:26:08,753 [Thread-151] INFO  server.GrpcServerProtocolClient (GrpcServerProtocolClient.java:close(105)) - s1 Close channels
2025-01-02 19:26:08,753 [Thread-149] INFO  server.GrpcServerProtocolClient (GrpcServerProtocolClient.java:close(105)) - s4 Close channels
2025-01-02 19:26:08,753 [MiniRaftCluster-3] INFO  server.GrpcServicesImpl (GrpcServicesImpl.java:closeImpl(362)) - s0: shutdown server GrpcServerProtocolService now
2025-01-02 19:26:08,759 [s4-impl-thread1] INFO  segmented.LogSegment (LogSegment.java:close(353)) - Successfully closed EntryCache-log_inprogress_0
2025-01-02 19:26:08,765 [grpc-default-executor-10] WARN  server.GrpcServerProtocolService (LogUtils.java:warn(127)) - s0: APPEND_ENTRIES onError, lastRequest: null: org.apache.ratis.thirdparty.io.grpc.StatusRuntimeException: CANCELLED: client cancelled
2025-01-02 19:26:08,766 [MiniRaftCluster-3] INFO  server.GrpcServicesImpl (GrpcServicesImpl.java:closeImpl(371)) - s0: shutdown server GrpcServerProtocolService successfully
2025-01-02 19:26:08,766 [MiniRaftCluster-3] INFO  server.GrpcServicesImpl (GrpcServicesImpl.java:closeImpl(362)) - s0: shutdown server org.apache.ratis.grpc.server.GrpcAdminProtocolService now
2025-01-02 19:26:08,766 [grpc-default-executor-13] WARN  server.GrpcServerProtocolService (LogUtils.java:warn(127)) - s1: APPEND_ENTRIES onError, lastRequest: s4->s1#44-t2,previous=(t:2, i:9),leaderCommit=9,initializing? false,entries: size=1, first=(t:2, i:10), METADATAENTRY(c:9): org.apache.ratis.thirdparty.io.grpc.StatusRuntimeException: CANCELLED: client cancelled
2025-01-02 19:26:08,766 [MiniRaftCluster-3] INFO  server.GrpcServicesImpl (GrpcServicesImpl.java:closeImpl(371)) - s0: shutdown server org.apache.ratis.grpc.server.GrpcAdminProtocolService successfully
2025-01-02 19:26:08,766 [grpc-default-executor-0] INFO  server.GrpcLogAppender (GrpcLogAppender.java:onError(555)) - s4@group-6C878CB992E6->s0-GrpcLogAppender is already stopped
2025-01-02 19:26:08,766 [grpc-default-executor-9] WARN  server.GrpcServerProtocolService (LogUtils.java:warn(127)) - s1: APPEND_ENTRIES onError, lastRequest: null: org.apache.ratis.thirdparty.io.grpc.StatusRuntimeException: CANCELLED: client cancelled
2025-01-02 19:26:08,767 [grpc-default-executor-4] WARN  server.GrpcServerProtocolService (LogUtils.java:warn(127)) - s0: APPEND_ENTRIES onError, lastRequest: s4->s0#35-t2,previous=(t:2, i:9),leaderCommit=9,initializing? false,entries: size=1, first=(t:2, i:10), METADATAENTRY(c:9): org.apache.ratis.thirdparty.io.grpc.StatusRuntimeException: CANCELLED: client cancelled
2025-01-02 19:26:08,767 [MiniRaftCluster-4] INFO  server.GrpcServicesImpl (GrpcServicesImpl.java:closeImpl(371)) - s1: shutdown server GrpcServerProtocolService successfully
2025-01-02 19:26:08,767 [MiniRaftCluster-4] INFO  server.GrpcServicesImpl (GrpcServicesImpl.java:closeImpl(362)) - s1: shutdown server org.apache.ratis.grpc.server.GrpcAdminProtocolService now
2025-01-02 19:26:08,767 [MiniRaftCluster-4] INFO  server.GrpcServicesImpl (GrpcServicesImpl.java:closeImpl(371)) - s1: shutdown server org.apache.ratis.grpc.server.GrpcAdminProtocolService successfully
2025-01-02 19:26:08,768 [MiniRaftCluster-5] INFO  server.GrpcServicesImpl (GrpcServicesImpl.java:closeImpl(371)) - s2: shutdown server org.apache.ratis.grpc.server.GrpcClientProtocolService successfully
2025-01-02 19:26:08,768 [MiniRaftCluster-5] INFO  server.GrpcServicesImpl (GrpcServicesImpl.java:closeImpl(362)) - s2: shutdown server GrpcServerProtocolService now
2025-01-02 19:26:08,768 [MiniRaftCluster-1] INFO  server.GrpcServicesImpl (GrpcServicesImpl.java:closeImpl(371)) - s3: shutdown server org.apache.ratis.grpc.server.GrpcClientProtocolService successfully
2025-01-02 19:26:08,768 [MiniRaftCluster-1] INFO  server.GrpcServicesImpl (GrpcServicesImpl.java:closeImpl(362)) - s3: shutdown server GrpcServerProtocolService now
2025-01-02 19:26:08,769 [grpc-default-executor-4] WARN  server.GrpcServerProtocolService (LogUtils.java:warn(127)) - s3: APPEND_ENTRIES onError, lastRequest: s4->s3#34-t2,previous=(t:2, i:9),leaderCommit=9,initializing? false,entries: size=1, first=(t:2, i:10), METADATAENTRY(c:9): org.apache.ratis.thirdparty.io.grpc.StatusRuntimeException: CANCELLED: client cancelled
2025-01-02 19:26:08,769 [grpc-default-executor-0] WARN  server.GrpcServerProtocolService (LogUtils.java:warn(127)) - s2: APPEND_ENTRIES onError, lastRequest: s4->s2#43-t2,previous=(t:2, i:9),leaderCommit=9,initializing? false,entries: size=1, first=(t:2, i:10), METADATAENTRY(c:9): org.apache.ratis.thirdparty.io.grpc.StatusRuntimeException: CANCELLED: client cancelled
2025-01-02 19:26:08,775 [grpc-default-executor-4] INFO  server.GrpcLogAppender (GrpcLogAppender.java:onError(555)) - s4@group-6C878CB992E6->s1-GrpcLogAppender is already stopped
2025-01-02 19:26:08,776 [grpc-default-executor-10] INFO  server.GrpcLogAppender (GrpcLogAppender.java:onError(555)) - s4@group-6C878CB992E6->s1-GrpcLogAppender is already stopped
2025-01-02 19:26:08,776 [grpc-default-executor-9] WARN  server.GrpcServerProtocolService (LogUtils.java:warn(127)) - s2: APPEND_ENTRIES onError, lastRequest: null: org.apache.ratis.thirdparty.io.grpc.StatusRuntimeException: CANCELLED: client cancelled
2025-01-02 19:26:08,776 [MiniRaftCluster-5] INFO  server.GrpcServicesImpl (GrpcServicesImpl.java:closeImpl(371)) - s2: shutdown server GrpcServerProtocolService successfully
2025-01-02 19:26:08,776 [grpc-default-executor-9] INFO  server.GrpcLogAppender (GrpcLogAppender.java:onError(555)) - s4@group-6C878CB992E6->s0-GrpcLogAppender is already stopped
2025-01-02 19:26:08,776 [MiniRaftCluster-5] INFO  server.GrpcServicesImpl (GrpcServicesImpl.java:closeImpl(362)) - s2: shutdown server org.apache.ratis.grpc.server.GrpcAdminProtocolService now
2025-01-02 19:26:08,777 [grpc-default-executor-4] INFO  server.GrpcLogAppender (GrpcLogAppender.java:onError(555)) - s4@group-6C878CB992E6->s2-GrpcLogAppender is already stopped
2025-01-02 19:26:08,777 [MiniRaftCluster-5] INFO  server.GrpcServicesImpl (GrpcServicesImpl.java:closeImpl(371)) - s2: shutdown server org.apache.ratis.grpc.server.GrpcAdminProtocolService successfully
2025-01-02 19:26:08,777 [grpc-default-executor-4] INFO  server.GrpcLogAppender (GrpcLogAppender.java:onError(555)) - s4@group-6C878CB992E6->s2-GrpcLogAppender is already stopped
2025-01-02 19:26:08,777 [grpc-default-executor-9] WARN  server.GrpcServerProtocolService (LogUtils.java:warn(127)) - s3: APPEND_ENTRIES onError, lastRequest: null: org.apache.ratis.thirdparty.io.grpc.StatusRuntimeException: CANCELLED: client cancelled
2025-01-02 19:26:08,777 [MiniRaftCluster-1] INFO  server.GrpcServicesImpl (GrpcServicesImpl.java:closeImpl(371)) - s3: shutdown server GrpcServerProtocolService successfully
2025-01-02 19:26:08,777 [MiniRaftCluster-1] INFO  server.GrpcServicesImpl (GrpcServicesImpl.java:closeImpl(362)) - s3: shutdown server org.apache.ratis.grpc.server.GrpcAdminProtocolService now
2025-01-02 19:26:08,777 [MiniRaftCluster-1] INFO  server.GrpcServicesImpl (GrpcServicesImpl.java:closeImpl(371)) - s3: shutdown server org.apache.ratis.grpc.server.GrpcAdminProtocolService successfully
2025-01-02 19:26:08,778 [grpc-default-executor-4] INFO  server.GrpcLogAppender (GrpcLogAppender.java:onError(555)) - s4@group-6C878CB992E6->s3-GrpcLogAppender is already stopped
2025-01-02 19:26:08,778 [grpc-default-executor-10] INFO  server.GrpcLogAppender (GrpcLogAppender.java:onError(555)) - s4@group-6C878CB992E6->s3-GrpcLogAppender is already stopped
2025-01-02 19:26:08,778 [MiniRaftCluster-2] INFO  server.GrpcServicesImpl (GrpcServicesImpl.java:closeImpl(371)) - s4: shutdown server org.apache.ratis.grpc.server.GrpcClientProtocolService successfully
2025-01-02 19:26:08,778 [MiniRaftCluster-2] INFO  server.GrpcServicesImpl (GrpcServicesImpl.java:closeImpl(362)) - s4: shutdown server GrpcServerProtocolService now
2025-01-02 19:26:08,779 [MiniRaftCluster-2] INFO  server.GrpcServicesImpl (GrpcServicesImpl.java:closeImpl(371)) - s4: shutdown server GrpcServerProtocolService successfully
2025-01-02 19:26:08,779 [MiniRaftCluster-2] INFO  server.GrpcServicesImpl (GrpcServicesImpl.java:closeImpl(362)) - s4: shutdown server org.apache.ratis.grpc.server.GrpcAdminProtocolService now
2025-01-02 19:26:08,780 [MiniRaftCluster-2] INFO  server.GrpcServicesImpl (GrpcServicesImpl.java:closeImpl(371)) - s4: shutdown server org.apache.ratis.grpc.server.GrpcAdminProtocolService successfully
2025-01-02 19:26:09,510 [Timer-0] INFO  impl.MiniRaftCluster (MiniRaftCluster.java:lambda$null$7(362)) - TIMED-PRINT: printing ALL groups
  s3:  CLOSING  FOLLOWER s3@group-6C878CB992E6:t2, leader=s4, voted=s4, raftlog=Memoized:s3@group-6C878CB992E6-SegmentedRaftLog:CLOSED:c9, conf=conf: {index: 0, cur=peers:[s3|localhost:15012, s4|localhost:15016, s0|localhost:15000, s1|localhost:15004, s2|localhost:15008]|listeners:[], old=null} CLOSING
  s4:  CLOSING    LEADER s4@group-6C878CB992E6:t2, leader=s4, voted=s4, raftlog=Memoized:s4@group-6C878CB992E6-SegmentedRaftLog:CLOSED:c10, conf=conf: {index: 0, cur=peers:[s3|localhost:15012, s4|localhost:15016, s0|localhost:15000, s1|localhost:15004, s2|localhost:15008]|listeners:[], old=null} CLOSING
  s0:  CLOSING  FOLLOWER s0@group-6C878CB992E6:t2, leader=s4, voted=s4, raftlog=Memoized:s0@group-6C878CB992E6-SegmentedRaftLog:CLOSED:c9, conf=conf: {index: 0, cur=peers:[s3|localhost:15012, s4|localhost:15016, s0|localhost:15000, s1|localhost:15004, s2|localhost:15008]|listeners:[], old=null} CLOSING
  s1:  CLOSING  FOLLOWER s1@group-6C878CB992E6:t2, leader=s4, voted=s4, raftlog=Memoized:s1@group-6C878CB992E6-SegmentedRaftLog:CLOSED:c9, conf=conf: {index: 0, cur=peers:[s3|localhost:15012, s4|localhost:15016, s0|localhost:15000, s1|localhost:15004, s2|localhost:15008]|listeners:[], old=null} CLOSING
  s2:  CLOSING  FOLLOWER s2@group-6C878CB992E6:t2, leader=s4, voted=s4, raftlog=Memoized:s2@group-6C878CB992E6-SegmentedRaftLog:CLOSED:c9, conf=conf: {index: 0, cur=peers:[s3|localhost:15012, s4|localhost:15016, s0|localhost:15000, s1|localhost:15004, s2|localhost:15008]|listeners:[], old=null} CLOSING
2025-01-02 19:26:09,687 [s4-impl-thread1] INFO  segmented.SegmentedRaftLogWorker (SegmentedRaftLogWorker.java:close(254)) - s4@group-6C878CB992E6-SegmentedRaftLogWorker close()
2025-01-02 19:26:09,687 [s3-impl-thread1] INFO  segmented.SegmentedRaftLogWorker (SegmentedRaftLogWorker.java:close(254)) - s3@group-6C878CB992E6-SegmentedRaftLogWorker close()
2025-01-02 19:26:09,688 [s0-impl-thread1] INFO  segmented.SegmentedRaftLogWorker (SegmentedRaftLogWorker.java:close(254)) - s0@group-6C878CB992E6-SegmentedRaftLogWorker close()
2025-01-02 19:26:09,688 [s2-impl-thread1] INFO  segmented.SegmentedRaftLogWorker (SegmentedRaftLogWorker.java:close(254)) - s2@group-6C878CB992E6-SegmentedRaftLogWorker close()
2025-01-02 19:26:09,688 [s3-impl-thread1] INFO  raftlog.RaftLog (SegmentedRaftLog.java:close(576)) - Successfully closed s3@group-6C878CB992E6-SegmentedRaftLog:CLOSED:c9
2025-01-02 19:26:09,689 [s4-impl-thread1] INFO  raftlog.RaftLog (SegmentedRaftLog.java:close(576)) - Successfully closed s4@group-6C878CB992E6-SegmentedRaftLog:CLOSED:c10
2025-01-02 19:26:09,691 [s0-impl-thread1] INFO  raftlog.RaftLog (SegmentedRaftLog.java:close(576)) - Successfully closed s0@group-6C878CB992E6-SegmentedRaftLog:CLOSED:c9
2025-01-02 19:26:09,691 [s2-impl-thread1] INFO  raftlog.RaftLog (SegmentedRaftLog.java:close(576)) - Successfully closed s2@group-6C878CB992E6-SegmentedRaftLog:CLOSED:c9
2025-01-02 19:26:09,693 [JvmPauseMonitor1] INFO  util.JvmPauseMonitor (JvmPauseMonitor.java:run(152)) - JvmPauseMonitor-s4: Stopped
2025-01-02 19:26:09,696 [JvmPauseMonitor0] INFO  util.JvmPauseMonitor (JvmPauseMonitor.java:run(152)) - JvmPauseMonitor-s3: Stopped
2025-01-02 19:26:09,696 [JvmPauseMonitor4] INFO  util.JvmPauseMonitor (JvmPauseMonitor.java:run(152)) - JvmPauseMonitor-s2: Stopped
2025-01-02 19:26:09,696 [JvmPauseMonitor2] INFO  util.JvmPauseMonitor (JvmPauseMonitor.java:run(152)) - JvmPauseMonitor-s0: Stopped
2025-01-02 19:26:09,705 [s1-impl-thread1] INFO  segmented.SegmentedRaftLogWorker (SegmentedRaftLogWorker.java:close(254)) - s1@group-6C878CB992E6-SegmentedRaftLogWorker close()
2025-01-02 19:26:09,705 [s1-impl-thread1] INFO  raftlog.RaftLog (SegmentedRaftLog.java:close(576)) - Successfully closed s1@group-6C878CB992E6-SegmentedRaftLog:CLOSED:c9
2025-01-02 19:26:09,706 [JvmPauseMonitor3] INFO  util.JvmPauseMonitor (JvmPauseMonitor.java:run(152)) - JvmPauseMonitor-s1: Stopped
2025-01-02 19:26:09,706 [main] INFO  impl.MiniRaftCluster (MiniRaftCluster.java:shutdown(883)) - MiniRaftClusterWithGrpc shutdown completed
2025-01-02 19:26:09,707 [main] INFO  ratis.RaftTestUtil (RaftTestUtil.java:gc(596)) - gc 0
2025-01-02 19:26:09,867 [main] INFO  impl.MiniRaftCluster (MiniRaftClusterWithGrpc.java:lambda$null$2(103)) - Checking s3-group-6C878CB992E6
2025-01-02 19:26:09,867 [main] INFO  impl.MiniRaftCluster (MiniRaftClusterWithGrpc.java:lambda$null$2(103)) - Checking s4-group-6C878CB992E6
2025-01-02 19:26:09,867 [main] INFO  impl.MiniRaftCluster (MiniRaftClusterWithGrpc.java:lambda$null$2(103)) - Checking s0-group-6C878CB992E6
2025-01-02 19:26:09,868 [main] INFO  impl.MiniRaftCluster (MiniRaftClusterWithGrpc.java:lambda$null$2(103)) - Checking s1-group-6C878CB992E6
2025-01-02 19:26:09,868 [main] INFO  impl.MiniRaftCluster (MiniRaftClusterWithGrpc.java:lambda$null$2(103)) - Checking s2-group-6C878CB992E6
]]></system-out>
  </testcase>
</testsuite>