<?xml version="1.0" encoding="UTF-8"?>
<testsuite xmlns:xsi="http://www.w3.org/2001/XMLSchema-instance" xsi:noNamespaceSchemaLocation="https://maven.apache.org/surefire/maven-surefire-plugin/xsd/surefire-test-report-3.0.xsd" version="3.0" name="org.apache.ratis.TestMultiRaftGroup" time="342.574" tests="3" errors="1" skipped="0" failures="0">
  <properties>
    <property name="awt.toolkit" value="sun.awt.X11.XToolkit"/>
    <property name="file.encoding.pkg" value="sun.io"/>
    <property name="java.specification.version" value="1.8"/>
    <property name="sun.cpu.isalist" value=""/>
    <property name="sun.jnu.encoding" value="UTF-8"/>
    <property name="java.class.path" value="/home/runner/work/ratis/ratis/ratis-examples/target/test-classes:/home/runner/work/ratis/ratis/ratis-examples/target/classes:/home/runner/.m2/repository/org/apache/ratis/ratis-thirdparty-misc/1.0.7/ratis-thirdparty-misc-1.0.7.jar:/home/runner/work/ratis/ratis/ratis-proto/target/classes:/home/runner/work/ratis/ratis/ratis-tools/target/classes:/home/runner/work/ratis/ratis/ratis-common/target/classes:/home/runner/work/ratis/ratis/ratis-common/target/test-classes:/home/runner/work/ratis/ratis/ratis-client/target/classes:/home/runner/work/ratis/ratis/ratis-server/target/classes:/home/runner/work/ratis/ratis/ratis-server-api/target/classes:/home/runner/work/ratis/ratis/ratis-metrics-api/target/classes:/home/runner/work/ratis/ratis/ratis-server/target/test-classes:/home/runner/work/ratis/ratis/ratis-metrics-default/target/classes:/home/runner/work/ratis/ratis/ratis-grpc/target/classes:/home/runner/work/ratis/ratis/ratis-grpc/target/test-classes:/home/runner/work/ratis/ratis/ratis-netty/target/classes:/home/runner/work/ratis/ratis/ratis-netty/target/test-classes:/home/runner/work/ratis/ratis/ratis-test/target/test-classes:/home/runner/.m2/repository/com/beust/jcommander/1.82/jcommander-1.82.jar:/home/runner/.m2/repository/org/slf4j/slf4j-api/2.0.7/slf4j-api-2.0.7.jar:/home/runner/.m2/repository/org/slf4j/slf4j-reload4j/2.0.7/slf4j-reload4j-2.0.7.jar:/home/runner/.m2/repository/ch/qos/reload4j/reload4j/1.2.22/reload4j-1.2.22.jar:/home/runner/.m2/repository/junit/junit/4.13.2/junit-4.13.2.jar:/home/runner/.m2/repository/org/hamcrest/hamcrest-core/1.3/hamcrest-core-1.3.jar:/home/runner/.m2/repository/org/junit/jupiter/junit-jupiter-engine/5.11.2/junit-jupiter-engine-5.11.2.jar:/home/runner/.m2/repository/org/junit/platform/junit-platform-engine/1.11.2/junit-platform-engine-1.11.2.jar:/home/runner/.m2/repository/org/apiguardian/apiguardian-api/1.1.2/apiguardian-api-1.1.2.jar:/home/runner/.m2/repository/org/junit/jupiter/junit-jupiter-api/5.11.2/junit-jupiter-api-5.11.2.jar:/home/runner/.m2/repository/org/opentest4j/opentest4j/1.3.0/opentest4j-1.3.0.jar:/home/runner/.m2/repository/org/junit/platform/junit-platform-commons/1.11.2/junit-platform-commons-1.11.2.jar:/home/runner/.m2/repository/org/junit/jupiter/junit-jupiter-params/5.11.2/junit-jupiter-params-5.11.2.jar:/home/runner/work/ratis/ratis/ratis-examples/target/gradle-enterprise/test-listeners.jar:"/>
    <property name="java.vm.vendor" value="Temurin"/>
    <property name="sun.arch.data.model" value="64"/>
    <property name="java.vendor.url" value="https://adoptium.net/"/>
    <property name="user.timezone" value="Etc/UTC"/>
    <property name="java.vm.specification.version" value="1.8"/>
    <property name="os.name" value="Linux"/>
    <property name="sun.java.launcher" value="SUN_STANDARD"/>
    <property name="sun.boot.library.path" value="/usr/lib/jvm/temurin-8-jdk-amd64/jre/lib/amd64"/>
    <property name="sun.java.command" value="/home/runner/work/ratis/ratis/ratis-examples/target/surefire/surefirebooter6488635974451033914.jar /home/runner/work/ratis/ratis/ratis-examples/target/surefire 2024-12-25T18-57-57_919-jvmRun1 surefire4829563913127740541tmp surefire_446488989403427852020tmp"/>
    <property name="surefire.test.class.path" value="/home/runner/work/ratis/ratis/ratis-examples/target/test-classes:/home/runner/work/ratis/ratis/ratis-examples/target/classes:/home/runner/.m2/repository/org/apache/ratis/ratis-thirdparty-misc/1.0.7/ratis-thirdparty-misc-1.0.7.jar:/home/runner/work/ratis/ratis/ratis-proto/target/classes:/home/runner/work/ratis/ratis/ratis-tools/target/classes:/home/runner/work/ratis/ratis/ratis-common/target/classes:/home/runner/work/ratis/ratis/ratis-common/target/test-classes:/home/runner/work/ratis/ratis/ratis-client/target/classes:/home/runner/work/ratis/ratis/ratis-server/target/classes:/home/runner/work/ratis/ratis/ratis-server-api/target/classes:/home/runner/work/ratis/ratis/ratis-metrics-api/target/classes:/home/runner/work/ratis/ratis/ratis-server/target/test-classes:/home/runner/work/ratis/ratis/ratis-metrics-default/target/classes:/home/runner/work/ratis/ratis/ratis-grpc/target/classes:/home/runner/work/ratis/ratis/ratis-grpc/target/test-classes:/home/runner/work/ratis/ratis/ratis-netty/target/classes:/home/runner/work/ratis/ratis/ratis-netty/target/test-classes:/home/runner/work/ratis/ratis/ratis-test/target/test-classes:/home/runner/.m2/repository/com/beust/jcommander/1.82/jcommander-1.82.jar:/home/runner/.m2/repository/org/slf4j/slf4j-api/2.0.7/slf4j-api-2.0.7.jar:/home/runner/.m2/repository/org/slf4j/slf4j-reload4j/2.0.7/slf4j-reload4j-2.0.7.jar:/home/runner/.m2/repository/ch/qos/reload4j/reload4j/1.2.22/reload4j-1.2.22.jar:/home/runner/.m2/repository/junit/junit/4.13.2/junit-4.13.2.jar:/home/runner/.m2/repository/org/hamcrest/hamcrest-core/1.3/hamcrest-core-1.3.jar:/home/runner/.m2/repository/org/junit/jupiter/junit-jupiter-engine/5.11.2/junit-jupiter-engine-5.11.2.jar:/home/runner/.m2/repository/org/junit/platform/junit-platform-engine/1.11.2/junit-platform-engine-1.11.2.jar:/home/runner/.m2/repository/org/apiguardian/apiguardian-api/1.1.2/apiguardian-api-1.1.2.jar:/home/runner/.m2/repository/org/junit/jupiter/junit-jupiter-api/5.11.2/junit-jupiter-api-5.11.2.jar:/home/runner/.m2/repository/org/opentest4j/opentest4j/1.3.0/opentest4j-1.3.0.jar:/home/runner/.m2/repository/org/junit/platform/junit-platform-commons/1.11.2/junit-platform-commons-1.11.2.jar:/home/runner/.m2/repository/org/junit/jupiter/junit-jupiter-params/5.11.2/junit-jupiter-params-5.11.2.jar:/home/runner/work/ratis/ratis/ratis-examples/target/gradle-enterprise/test-listeners.jar:"/>
    <property name="sun.cpu.endian" value="little"/>
    <property name="user.home" value="/home/runner"/>
    <property name="user.language" value="en"/>
    <property name="java.specification.vendor" value="Oracle Corporation"/>
    <property name="java.home" value="/usr/lib/jvm/temurin-8-jdk-amd64/jre"/>
    <property name="jacoco.skip" value="true"/>
    <property name="basedir" value="/home/runner/work/ratis/ratis/ratis-examples"/>
    <property name="file.separator" value="/"/>
    <property name="line.separator" value="&#10;"/>
    <property name="java.vm.specification.vendor" value="Oracle Corporation"/>
    <property name="java.specification.name" value="Java Platform API Specification"/>
    <property name="java.awt.graphicsenv" value="sun.awt.X11GraphicsEnvironment"/>
    <property name="surefire.real.class.path" value="/home/runner/work/ratis/ratis/ratis-examples/target/surefire/surefirebooter6488635974451033914.jar"/>
    <property name="sun.boot.class.path" value="/usr/lib/jvm/temurin-8-jdk-amd64/jre/lib/resources.jar:/usr/lib/jvm/temurin-8-jdk-amd64/jre/lib/rt.jar:/usr/lib/jvm/temurin-8-jdk-amd64/jre/lib/sunrsasign.jar:/usr/lib/jvm/temurin-8-jdk-amd64/jre/lib/jsse.jar:/usr/lib/jvm/temurin-8-jdk-amd64/jre/lib/jce.jar:/usr/lib/jvm/temurin-8-jdk-amd64/jre/lib/charsets.jar:/usr/lib/jvm/temurin-8-jdk-amd64/jre/lib/jfr.jar:/usr/lib/jvm/temurin-8-jdk-amd64/jre/classes"/>
    <property name="sun.management.compiler" value="HotSpot 64-Bit Tiered Compilers"/>
    <property name="java.runtime.version" value="1.8.0_432-b06"/>
    <property name="java.net.preferIPv4Stack" value="true"/>
    <property name="user.name" value="runner"/>
    <property name="path.separator" value=":"/>
    <property name="os.version" value="5.15.0-1074-azure"/>
    <property name="java.endorsed.dirs" value="/usr/lib/jvm/temurin-8-jdk-amd64/jre/lib/endorsed"/>
    <property name="java.runtime.name" value="OpenJDK Runtime Environment"/>
    <property name="com.gradle.maven.scan.extension.test.listener.junitplatform.NestedExecutionSafeDelegatingTestExecutionListener" value="5e853265"/>
    <property name="file.encoding" value="UTF-8"/>
    <property name="java.vm.name" value="OpenJDK 64-Bit Server VM"/>
    <property name="develocity.listener.surefire.forkId" value="1"/>
    <property name="localRepository" value="/home/runner/.m2/repository"/>
    <property name="java.vendor.url.bug" value="https://github.com/adoptium/adoptium-support/issues"/>
    <property name="java.io.tmpdir" value="/tmp"/>
    <property name="java.version" value="1.8.0_432"/>
    <property name="user.dir" value="/home/runner/work/ratis/ratis/ratis-examples"/>
    <property name="os.arch" value="amd64"/>
    <property name="ratis.tmp.dir" value="/home/runner/work/ratis/ratis/ratis-examples/target/tmp"/>
    <property name="java.vm.specification.name" value="Java Virtual Machine Specification"/>
    <property name="java.awt.printerjob" value="sun.print.PSPrinterJob"/>
    <property name="ratis.log.dir" value="/home/runner/work/ratis/ratis/ratis-examples/target/log"/>
    <property name="sun.os.patch.level" value="unknown"/>
    <property name="org.apache.ratis.thirdparty.io.netty.allocator.useCacheForAllThreads" value="false"/>
    <property name="java.library.path" value="/usr/java/packages/lib/amd64:/usr/lib64:/lib64:/lib:/usr/lib"/>
    <property name="java.vm.info" value="mixed mode"/>
    <property name="java.vendor" value="Temurin"/>
    <property name="java.vm.version" value="25.432-b06"/>
    <property name="java.specification.maintenance.version" value="6"/>
    <property name="develocity.listener.port" value="44665"/>
    <property name="java.ext.dirs" value="/usr/lib/jvm/temurin-8-jdk-amd64/jre/lib/ext:/usr/java/packages/lib/ext"/>
    <property name="sun.io.unicode.encoding" value="UnicodeLittle"/>
    <property name="develocity.listener.noTestOutputCapturing" value="true"/>
    <property name="java.class.version" value="52.0"/>
  </properties>
  <testcase name="testMultiRaftGroup(MiniRaftCluster)[1]" classname="org.apache.ratis.TestMultiRaftGroup" time="301.369">
    <error type="java.util.concurrent.TimeoutException"><![CDATA[java.util.concurrent.TimeoutException: testMultiRaftGroup(org.apache.ratis.server.impl.MiniRaftCluster) timed out after 300 seconds
	at java.util.stream.ForEachOps$ForEachOp$OfRef.accept(ForEachOps.java:183)
	at java.util.stream.ReferencePipeline$3$1.accept(ReferencePipeline.java:193)
	at java.util.stream.ReferencePipeline$2$1.accept(ReferencePipeline.java:175)
	at java.util.stream.ReferencePipeline$3$1.accept(ReferencePipeline.java:193)
	at java.util.stream.ForEachOps$ForEachOp$OfRef.accept(ForEachOps.java:183)
	at java.util.stream.ReferencePipeline$3$1.accept(ReferencePipeline.java:193)
	at java.util.stream.ForEachOps$ForEachOp$OfRef.accept(ForEachOps.java:183)
	at java.util.stream.ForEachOps$ForEachOp$OfRef.accept(ForEachOps.java:183)
	at java.util.stream.ReferencePipeline$3$1.accept(ReferencePipeline.java:193)
	at java.util.ArrayList$ArrayListSpliterator.forEachRemaining(ArrayList.java:1384)
	at java.util.stream.ReferencePipeline$Head.forEach(ReferencePipeline.java:647)
	at java.util.stream.ReferencePipeline$7$1.accept(ReferencePipeline.java:272)
	at java.util.stream.ReferencePipeline$3$1.accept(ReferencePipeline.java:193)
	at java.util.stream.ReferencePipeline$3$1.accept(ReferencePipeline.java:193)
	at java.util.stream.ReferencePipeline$3$1.accept(ReferencePipeline.java:193)
	at java.util.Spliterators$ArraySpliterator.forEachRemaining(Spliterators.java:948)
	at java.util.stream.AbstractPipeline.copyInto(AbstractPipeline.java:482)
	at java.util.stream.AbstractPipeline.wrapAndCopyInto(AbstractPipeline.java:472)
	at java.util.stream.ForEachOps$ForEachOp.evaluateSequential(ForEachOps.java:150)
	at java.util.stream.ForEachOps$ForEachOp$OfRef.evaluateSequential(ForEachOps.java:173)
	at java.util.stream.AbstractPipeline.evaluate(AbstractPipeline.java:234)
	at java.util.stream.ReferencePipeline.forEach(ReferencePipeline.java:485)
	at java.util.stream.ReferencePipeline$7$1.accept(ReferencePipeline.java:272)
	at java.util.ArrayList$ArrayListSpliterator.forEachRemaining(ArrayList.java:1384)
	at java.util.stream.AbstractPipeline.copyInto(AbstractPipeline.java:482)
	at java.util.stream.AbstractPipeline.wrapAndCopyInto(AbstractPipeline.java:472)
	at java.util.stream.ForEachOps$ForEachOp.evaluateSequential(ForEachOps.java:150)
	at java.util.stream.ForEachOps$ForEachOp$OfRef.evaluateSequential(ForEachOps.java:173)
	at java.util.stream.AbstractPipeline.evaluate(AbstractPipeline.java:234)
	at java.util.stream.ReferencePipeline.forEach(ReferencePipeline.java:485)
	at java.util.stream.ReferencePipeline$7$1.accept(ReferencePipeline.java:272)
	at java.util.stream.ReferencePipeline$3$1.accept(ReferencePipeline.java:193)
	at java.util.stream.ReferencePipeline$3$1.accept(ReferencePipeline.java:193)
	at java.util.stream.ReferencePipeline$3$1.accept(ReferencePipeline.java:193)
	at java.util.ArrayList$ArrayListSpliterator.forEachRemaining(ArrayList.java:1384)
	at java.util.stream.AbstractPipeline.copyInto(AbstractPipeline.java:482)
	at java.util.stream.AbstractPipeline.wrapAndCopyInto(AbstractPipeline.java:472)
	at java.util.stream.ForEachOps$ForEachOp.evaluateSequential(ForEachOps.java:150)
	at java.util.stream.ForEachOps$ForEachOp$OfRef.evaluateSequential(ForEachOps.java:173)
	at java.util.stream.AbstractPipeline.evaluate(AbstractPipeline.java:234)
	at java.util.stream.ReferencePipeline.forEach(ReferencePipeline.java:485)
	at java.util.stream.ReferencePipeline$7$1.accept(ReferencePipeline.java:272)
	at java.util.ArrayList$ArrayListSpliterator.forEachRemaining(ArrayList.java:1384)
	at java.util.stream.AbstractPipeline.copyInto(AbstractPipeline.java:482)
	at java.util.stream.AbstractPipeline.wrapAndCopyInto(AbstractPipeline.java:472)
	at java.util.stream.ForEachOps$ForEachOp.evaluateSequential(ForEachOps.java:150)
	at java.util.stream.ForEachOps$ForEachOp$OfRef.evaluateSequential(ForEachOps.java:173)
	at java.util.stream.AbstractPipeline.evaluate(AbstractPipeline.java:234)
	at java.util.stream.ReferencePipeline.forEach(ReferencePipeline.java:485)
	at java.util.ArrayList.forEach(ArrayList.java:1259)
	at java.util.ArrayList.forEach(ArrayList.java:1259)
	Suppressed: java.io.InterruptedIOException: retry policy=RetryForeverWithSleep(sleepTime = 100ms)
		at org.apache.ratis.client.impl.BlockingImpl.sendRequestWithRetry(BlockingImpl.java:138)
		at org.apache.ratis.client.impl.AdminImpl.setConfiguration(AdminImpl.java:46)
		at org.apache.ratis.client.api.AdminApi.setConfiguration(AdminApi.java:51)
		at org.apache.ratis.client.api.AdminApi.setConfiguration(AdminApi.java:45)
		at org.apache.ratis.server.impl.GroupManagementBaseTest.lambda$runMultiGroupTest$10(GroupManagementBaseTest.java:333)
		at org.apache.ratis.server.impl.RaftServerTestUtil.runWithMinorityPeers(RaftServerTestUtil.java:231)
		at org.apache.ratis.server.impl.GroupManagementBaseTest.runMultiGroupTest(GroupManagementBaseTest.java:332)
		at org.apache.ratis.TestMultiRaftGroup.runTestMultiRaftGroup(TestMultiRaftGroup.java:63)
		at org.apache.ratis.TestMultiRaftGroup.runTestMultiRaftGroup(TestMultiRaftGroup.java:49)
		at org.apache.ratis.TestMultiRaftGroup.testMultiRaftGroup(TestMultiRaftGroup.java:45)
		at java.lang.reflect.Method.invoke(Method.java:498)
		... 51 more
]]></error>
    <system-out><![CDATA[2024-12-25 19:03:35,555 INFO  simulation.MiniRaftClusterWithSimulatedRpc (ConfUtils.java:logGet(46)) - org.apache.ratis.server.simulation.SimulatedRequestReply.simulateLatencyMs = 0 (custom)
2024-12-25 19:03:35,581 INFO  impl.MiniRaftCluster (MiniRaftCluster.java:<init>(319)) - new MiniRaftClusterWithSimulatedRpc with group-6AB839334A82:[]
2024-12-25 19:03:35,585 INFO  impl.MiniRaftCluster (MiniRaftCluster.java:<init>(319)) - new MiniRaftClusterWithGrpc with group-A13B0ABE1D9C:[]
2024-12-25 19:03:35,588 INFO  impl.MiniRaftCluster (MiniRaftCluster.java:<init>(319)) - new MiniRaftClusterWithNetty with group-F2E0E0F2B2F9:[]
2024-12-25 19:03:35,588 INFO  examples.ParameterizedBaseTest (ParameterizedBaseTest.java:getMiniRaftClusters(109)) - 0: MiniRaftClusterWithSimulatedRpc
2024-12-25 19:03:35,588 INFO  examples.ParameterizedBaseTest (ParameterizedBaseTest.java:getMiniRaftClusters(109)) - 1: MiniRaftClusterWithGrpc
2024-12-25 19:03:35,588 INFO  examples.ParameterizedBaseTest (ParameterizedBaseTest.java:getMiniRaftClusters(109)) - 2: MiniRaftClusterWithNetty
2024-12-25 19:03:35,589 INFO  examples.ParameterizedBaseTest (ParameterizedBaseTest.java:getMiniRaftClusters(111)) - #clusters = 3
2024-12-25 19:03:35,606 INFO  util.LogUtils (Slf4jUtils.java:setLogLevel(38)) - Successfully set org.apache.ratis.conf.ConfUtils log level to WARN
2024-12-25 19:03:35,607 INFO  util.LogUtils (Slf4jUtils.java:setLogLevel(38)) - Successfully set org.apache.ratis.util.FileUtils log level to TRACE
2024-12-25 19:03:35,616 INFO  util.LeakDetector (LeakDetector.java:start(124)) - Starting leak detector thread SIMPLE0.
2024-12-25 19:03:35,626 INFO  impl.GroupManagementBaseTest (GroupManagementBaseTest.java:runMultiGroupTest(251)) - 

runMultiGroupTest with MiniRaftClusterWithSimulatedRpc[3, 6, 9, 12, 15]chosen=4: printing ALL groups
2024-12-25 19:03:35,629 INFO  impl.GroupManagementBaseTest (GroupManagementBaseTest.java:runMultiGroupTest(258)) - ids: [s0, s1, s2, s3, s4, s5, s6, s7, s8, s9, s10, s11, s12, s13, s14]
2024-12-25 19:03:35,630 INFO  impl.MiniRaftCluster (MiniRaftCluster.java:newRaftServer(396)) - newRaftServer: s0, group-6AB839334A82:[], format? true
2024-12-25 19:03:35,631 TRACE util.FileUtils (FileUtils.java:deleteFully(307)) - deleteFully target/test/data/6cc16ceb/MiniRaftClusterWithSimulatedRpc6b18c296/s0
2024-12-25 19:03:35,632 TRACE util.FileUtils (FileUtils.java:deleteFully(320)) - deleteFully: target/test/data/6cc16ceb/MiniRaftClusterWithSimulatedRpc6b18c296/s0 does not exist.
2024-12-25 19:03:35,632 INFO  impl.MiniRaftCluster (MiniRaftCluster.java:newRaftServer(401)) - Formatted directory target/test/data/6cc16ceb/MiniRaftClusterWithSimulatedRpc6b18c296/s0
2024-12-25 19:03:35,640 INFO  server.RaftServer (ConfUtils.java:logGet(46)) - raft.rpc.type = org.apache.ratis.server.simulation.SimulatedRpc (custom)
2024-12-25 19:03:35,644 INFO  impl.DataStreamServerImpl (ConfUtils.java:logGet(46)) - raft.datastream.type = DISABLED (default)
2024-12-25 19:03:35,646 INFO  server.RaftServerConfigKeys (ConfUtils.java:logGet(46)) - raft.server.sleep.deviation.threshold = 300ms (default)
2024-12-25 19:03:35,646 INFO  server.RaftServerConfigKeys (ConfUtils.java:logGet(46)) - raft.server.close.threshold = 60s (default)
2024-12-25 19:03:35,647 INFO  server.RaftServerConfigKeys (ConfUtils.java:logGet(46)) - raft.server.leaderelection.leader.step-down.wait-time = 10s (default)
2024-12-25 19:03:35,661 INFO  server.RaftServerConfigKeys (ConfUtils.java:logGet(46)) - raft.server.storage.dir = [/home/runner/work/ratis/ratis/ratis-examples/target/test/data/6cc16ceb/MiniRaftClusterWithSimulatedRpc6b18c296/s0] (custom)
2024-12-25 19:03:35,662 INFO  server.RaftServerConfigKeys (ConfUtils.java:logGet(46)) - raft.server.threadpool.proxy.cached = true (default)
2024-12-25 19:03:35,662 INFO  server.RaftServerConfigKeys (ConfUtils.java:logGet(46)) - raft.server.threadpool.proxy.size = 0 (default)
2024-12-25 19:03:35,666 INFO  server.RaftServer (RaftServerProxy.java:addNew(101)) - s0: addNew group-6AB839334A82:[] returns group-6AB839334A82:java.util.concurrent.CompletableFuture@2e1d27ba[Not completed]
2024-12-25 19:03:35,668 INFO  impl.MiniRaftCluster (MiniRaftCluster.java:newRaftServer(396)) - newRaftServer: s1, group-6AB839334A82:[], format? true
2024-12-25 19:03:35,668 TRACE util.FileUtils (FileUtils.java:deleteFully(307)) - deleteFully target/test/data/6cc16ceb/MiniRaftClusterWithSimulatedRpc6b18c296/s1
2024-12-25 19:03:35,669 TRACE util.FileUtils (FileUtils.java:deleteFully(320)) - deleteFully: target/test/data/6cc16ceb/MiniRaftClusterWithSimulatedRpc6b18c296/s1 does not exist.
2024-12-25 19:03:35,669 INFO  impl.MiniRaftCluster (MiniRaftCluster.java:newRaftServer(401)) - Formatted directory target/test/data/6cc16ceb/MiniRaftClusterWithSimulatedRpc6b18c296/s1
2024-12-25 19:03:35,669 INFO  server.RaftServer (ConfUtils.java:logGet(46)) - raft.rpc.type = org.apache.ratis.server.simulation.SimulatedRpc (custom)
2024-12-25 19:03:35,670 INFO  impl.DataStreamServerImpl (ConfUtils.java:logGet(46)) - raft.datastream.type = DISABLED (default)
2024-12-25 19:03:35,670 INFO  server.RaftServerConfigKeys (ConfUtils.java:logGet(46)) - raft.server.sleep.deviation.threshold = 300ms (default)
2024-12-25 19:03:35,671 INFO  server.RaftServerConfigKeys (ConfUtils.java:logGet(46)) - raft.server.close.threshold = 60s (default)
2024-12-25 19:03:35,671 INFO  server.RaftServerConfigKeys (ConfUtils.java:logGet(46)) - raft.server.leaderelection.leader.step-down.wait-time = 10s (default)
2024-12-25 19:03:35,671 INFO  server.RaftServerConfigKeys (ConfUtils.java:logGet(46)) - raft.server.storage.dir = [/home/runner/work/ratis/ratis/ratis-examples/target/test/data/6cc16ceb/MiniRaftClusterWithSimulatedRpc6b18c296/s1] (custom)
2024-12-25 19:03:35,672 INFO  server.RaftServerConfigKeys (ConfUtils.java:logGet(46)) - raft.server.threadpool.proxy.cached = true (default)
2024-12-25 19:03:35,672 INFO  server.RaftServerConfigKeys (ConfUtils.java:logGet(46)) - raft.server.threadpool.proxy.size = 0 (default)
2024-12-25 19:03:35,673 INFO  server.RaftServer (RaftServerProxy.java:addNew(101)) - s1: addNew group-6AB839334A82:[] returns group-6AB839334A82:java.util.concurrent.CompletableFuture@306cf3ea[Not completed]
2024-12-25 19:03:35,673 INFO  impl.MiniRaftCluster (MiniRaftCluster.java:newRaftServer(396)) - newRaftServer: s2, group-6AB839334A82:[], format? true
2024-12-25 19:03:35,673 TRACE util.FileUtils (FileUtils.java:deleteFully(307)) - deleteFully target/test/data/6cc16ceb/MiniRaftClusterWithSimulatedRpc6b18c296/s2
2024-12-25 19:03:35,674 TRACE util.FileUtils (FileUtils.java:deleteFully(320)) - deleteFully: target/test/data/6cc16ceb/MiniRaftClusterWithSimulatedRpc6b18c296/s2 does not exist.
2024-12-25 19:03:35,674 INFO  impl.MiniRaftCluster (MiniRaftCluster.java:newRaftServer(401)) - Formatted directory target/test/data/6cc16ceb/MiniRaftClusterWithSimulatedRpc6b18c296/s2
2024-12-25 19:03:35,674 INFO  server.RaftServer$Division (RaftServerImpl.java:<init>(256)) - s1: new RaftServerImpl for group-6AB839334A82:[] with ArithmeticStateMachine:uninitialized
2024-12-25 19:03:35,675 INFO  server.RaftServer (ConfUtils.java:logGet(46)) - raft.rpc.type = org.apache.ratis.server.simulation.SimulatedRpc (custom)
2024-12-25 19:03:35,674 INFO  server.RaftServer$Division (RaftServerImpl.java:<init>(256)) - s0: new RaftServerImpl for group-6AB839334A82:[] with ArithmeticStateMachine:uninitialized
2024-12-25 19:03:35,675 INFO  impl.DataStreamServerImpl (ConfUtils.java:logGet(46)) - raft.datastream.type = DISABLED (default)
2024-12-25 19:03:35,676 INFO  server.RaftServerConfigKeys (ConfUtils.java:logGet(46)) - raft.server.sleep.deviation.threshold = 300ms (default)
2024-12-25 19:03:35,676 INFO  server.RaftServerConfigKeys (ConfUtils.java:logGet(46)) - raft.server.rpc.timeout.min = 300ms (custom)
2024-12-25 19:03:35,676 INFO  server.RaftServerConfigKeys (ConfUtils.java:logGet(46)) - raft.server.rpc.timeout.min = 300ms (custom)
2024-12-25 19:03:35,676 INFO  server.RaftServerConfigKeys (ConfUtils.java:logGet(46)) - raft.server.rpc.timeout.max = 600ms (custom)
2024-12-25 19:03:35,676 INFO  server.RaftServerConfigKeys (ConfUtils.java:logGet(46)) - raft.server.close.threshold = 60s (default)
2024-12-25 19:03:35,677 INFO  server.RaftServerConfigKeys (ConfUtils.java:logGet(46)) - raft.server.rpc.sleep.time = 25ms (default)
2024-12-25 19:03:35,677 INFO  server.RaftServerConfigKeys (ConfUtils.java:logGet(46)) - raft.server.rpc.timeout.max = 600ms (custom)
2024-12-25 19:03:35,677 INFO  server.RaftServerConfigKeys (ConfUtils.java:logGet(46)) - raft.server.rpc.slowness.timeout = 60s (default)
2024-12-25 19:03:35,677 INFO  server.RaftServerConfigKeys (ConfUtils.java:logGet(46)) - raft.server.leaderelection.leader.step-down.wait-time = 10s (default)
2024-12-25 19:03:35,678 INFO  server.RaftServerConfigKeys (ConfUtils.java:logGet(46)) - raft.server.leaderelection.leader.step-down.wait-time = 10s (default)
2024-12-25 19:03:35,677 INFO  server.RaftServerConfigKeys (ConfUtils.java:logGet(46)) - raft.server.rpc.sleep.time = 25ms (default)
2024-12-25 19:03:35,678 INFO  server.RaftServerConfigKeys (ConfUtils.java:logGet(46)) - raft.server.leaderelection.member.majority-add = false (default)
2024-12-25 19:03:35,678 INFO  server.RaftServerConfigKeys (ConfUtils.java:logGet(46)) - raft.server.storage.dir = [/home/runner/work/ratis/ratis/ratis-examples/target/test/data/6cc16ceb/MiniRaftClusterWithSimulatedRpc6b18c296/s2] (custom)
2024-12-25 19:03:35,679 INFO  server.RaftServerConfigKeys (ConfUtils.java:logGet(46)) - raft.server.sleep.deviation.threshold = 300ms (default)
2024-12-25 19:03:35,678 INFO  server.RaftServerConfigKeys (ConfUtils.java:logGet(46)) - raft.server.rpc.slowness.timeout = 60s (default)
2024-12-25 19:03:35,679 INFO  server.RaftServerConfigKeys (ConfUtils.java:logGet(46)) - raft.server.leaderelection.leader.step-down.wait-time = 10s (default)
2024-12-25 19:03:35,680 INFO  server.RaftServerConfigKeys (ConfUtils.java:logGet(46)) - raft.server.leaderelection.member.majority-add = false (default)
2024-12-25 19:03:35,680 INFO  server.RaftServerConfigKeys (ConfUtils.java:logGet(46)) - raft.server.sleep.deviation.threshold = 300ms (default)
2024-12-25 19:03:35,679 INFO  server.RaftServerConfigKeys (ConfUtils.java:logGet(46)) - raft.server.threadpool.proxy.cached = true (default)
2024-12-25 19:03:35,680 INFO  server.RaftServerConfigKeys (ConfUtils.java:logGet(46)) - raft.server.threadpool.proxy.size = 0 (default)
2024-12-25 19:03:35,681 INFO  server.RaftServer (RaftServerProxy.java:addNew(101)) - s2: addNew group-6AB839334A82:[] returns group-6AB839334A82:java.util.concurrent.CompletableFuture@5939a379[Not completed]
2024-12-25 19:03:35,681 INFO  server.RaftServer$Division (RaftServerImpl.java:<init>(256)) - s2: new RaftServerImpl for group-6AB839334A82:[] with ArithmeticStateMachine:uninitialized
2024-12-25 19:03:35,681 INFO  impl.MiniRaftCluster (MiniRaftCluster.java:newRaftServer(396)) - newRaftServer: s3, group-6AB839334A82:[], format? true
2024-12-25 19:03:35,682 TRACE util.FileUtils (FileUtils.java:deleteFully(307)) - deleteFully target/test/data/6cc16ceb/MiniRaftClusterWithSimulatedRpc6b18c296/s3
2024-12-25 19:03:35,681 INFO  server.RaftServerConfigKeys (ConfUtils.java:logGet(46)) - raft.server.rpc.timeout.min = 300ms (custom)
2024-12-25 19:03:35,682 INFO  server.RaftServerConfigKeys (ConfUtils.java:logGet(46)) - raft.server.rpc.timeout.max = 600ms (custom)
2024-12-25 19:03:35,682 INFO  server.RaftServerConfigKeys (ConfUtils.java:logGet(46)) - raft.server.rpc.sleep.time = 25ms (default)
2024-12-25 19:03:35,682 TRACE util.FileUtils (FileUtils.java:deleteFully(320)) - deleteFully: target/test/data/6cc16ceb/MiniRaftClusterWithSimulatedRpc6b18c296/s3 does not exist.
2024-12-25 19:03:35,683 INFO  impl.MiniRaftCluster (MiniRaftCluster.java:newRaftServer(401)) - Formatted directory target/test/data/6cc16ceb/MiniRaftClusterWithSimulatedRpc6b18c296/s3
2024-12-25 19:03:35,682 INFO  server.RaftServerConfigKeys (ConfUtils.java:logGet(46)) - raft.server.rpc.slowness.timeout = 60s (default)
2024-12-25 19:03:35,683 INFO  server.RaftServerConfigKeys (ConfUtils.java:logGet(46)) - raft.server.leaderelection.leader.step-down.wait-time = 10s (default)
2024-12-25 19:03:35,684 INFO  server.RaftServerConfigKeys (ConfUtils.java:logGet(46)) - raft.server.leaderelection.member.majority-add = false (default)
2024-12-25 19:03:35,683 INFO  server.RaftServer (ConfUtils.java:logGet(46)) - raft.rpc.type = org.apache.ratis.server.simulation.SimulatedRpc (custom)
2024-12-25 19:03:35,684 INFO  server.RaftServer$Division (ServerState.java:<init>(114)) - s1@group-6AB839334A82: ConfigurationManager, init=conf: {index: -1, cur=peers:[]|listeners:[], old=null}, confs=<EMPTY_MAP>
2024-12-25 19:03:35,684 INFO  server.RaftServerConfigKeys (ConfUtils.java:logGet(46)) - raft.server.sleep.deviation.threshold = 300ms (default)
2024-12-25 19:03:35,684 INFO  impl.DataStreamServerImpl (ConfUtils.java:logGet(46)) - raft.datastream.type = DISABLED (default)
2024-12-25 19:03:35,684 INFO  server.RaftServer$Division (ServerState.java:<init>(114)) - s2@group-6AB839334A82: ConfigurationManager, init=conf: {index: -1, cur=peers:[]|listeners:[], old=null}, confs=<EMPTY_MAP>
2024-12-25 19:03:35,685 INFO  server.RaftServer$Division (ServerState.java:<init>(114)) - s0@group-6AB839334A82: ConfigurationManager, init=conf: {index: -1, cur=peers:[]|listeners:[], old=null}, confs=<EMPTY_MAP>
2024-12-25 19:03:35,685 INFO  server.RaftServerConfigKeys (ConfUtils.java:logGet(46)) - raft.server.sleep.deviation.threshold = 300ms (default)
2024-12-25 19:03:35,685 INFO  server.RaftServerConfigKeys (ConfUtils.java:logGet(46)) - raft.server.close.threshold = 60s (default)
2024-12-25 19:03:35,686 INFO  server.RaftServerConfigKeys (ConfUtils.java:logGet(46)) - raft.server.leaderelection.leader.step-down.wait-time = 10s (default)
2024-12-25 19:03:35,686 INFO  server.RaftServerConfigKeys (ConfUtils.java:logGet(46)) - raft.server.storage.dir = [/home/runner/work/ratis/ratis/ratis-examples/target/test/data/6cc16ceb/MiniRaftClusterWithSimulatedRpc6b18c296/s3] (custom)
2024-12-25 19:03:35,686 INFO  server.RaftServerConfigKeys (ConfUtils.java:logGet(46)) - raft.server.threadpool.proxy.cached = true (default)
2024-12-25 19:03:35,687 INFO  server.RaftServerConfigKeys (ConfUtils.java:logGet(46)) - raft.server.threadpool.proxy.size = 0 (default)
2024-12-25 19:03:35,688 INFO  server.RaftServer (RaftServerProxy.java:addNew(101)) - s3: addNew group-6AB839334A82:[] returns group-6AB839334A82:java.util.concurrent.CompletableFuture@3541cb24[Not completed]
2024-12-25 19:03:35,688 INFO  server.RaftServerConfigKeys (ConfUtils.java:logGet(46)) - raft.server.notification.no-leader.timeout = 60s (default)
2024-12-25 19:03:35,688 INFO  server.RaftServer$Division (RaftServerImpl.java:<init>(256)) - s3: new RaftServerImpl for group-6AB839334A82:[] with ArithmeticStateMachine:uninitialized
2024-12-25 19:03:35,688 INFO  impl.MiniRaftCluster (MiniRaftCluster.java:newRaftServer(396)) - newRaftServer: s4, group-6AB839334A82:[], format? true
2024-12-25 19:03:35,689 TRACE util.FileUtils (FileUtils.java:deleteFully(307)) - deleteFully target/test/data/6cc16ceb/MiniRaftClusterWithSimulatedRpc6b18c296/s4
2024-12-25 19:03:35,689 TRACE util.FileUtils (FileUtils.java:deleteFully(320)) - deleteFully: target/test/data/6cc16ceb/MiniRaftClusterWithSimulatedRpc6b18c296/s4 does not exist.
2024-12-25 19:03:35,689 INFO  impl.MiniRaftCluster (MiniRaftCluster.java:newRaftServer(401)) - Formatted directory target/test/data/6cc16ceb/MiniRaftClusterWithSimulatedRpc6b18c296/s4
2024-12-25 19:03:35,689 INFO  server.RaftServerConfigKeys (ConfUtils.java:logGet(46)) - raft.server.notification.no-leader.timeout = 60s (default)
2024-12-25 19:03:35,690 INFO  server.RaftServer (ConfUtils.java:logGet(46)) - raft.rpc.type = org.apache.ratis.server.simulation.SimulatedRpc (custom)
2024-12-25 19:03:35,690 INFO  server.RaftServerConfigKeys (ConfUtils.java:logGet(46)) - raft.server.rpc.timeout.min = 300ms (custom)
2024-12-25 19:03:35,690 INFO  server.RaftServerConfigKeys (ConfUtils.java:logGet(46)) - raft.server.rpc.timeout.max = 600ms (custom)
2024-12-25 19:03:35,690 INFO  impl.DataStreamServerImpl (ConfUtils.java:logGet(46)) - raft.datastream.type = DISABLED (default)
2024-12-25 19:03:35,691 INFO  server.RaftServerConfigKeys (ConfUtils.java:logGet(46)) - raft.server.rpc.sleep.time = 25ms (default)
2024-12-25 19:03:35,691 INFO  server.RaftServerConfigKeys (ConfUtils.java:logGet(46)) - raft.server.sleep.deviation.threshold = 300ms (default)
2024-12-25 19:03:35,691 INFO  server.RaftServerConfigKeys (ConfUtils.java:logGet(46)) - raft.server.read.timeout = 10s (default)
2024-12-25 19:03:35,691 INFO  server.RaftServerConfigKeys (ConfUtils.java:logGet(46)) - raft.server.notification.no-leader.timeout = 60s (default)
2024-12-25 19:03:35,691 INFO  server.RaftServerConfigKeys (ConfUtils.java:logGet(46)) - raft.server.rpc.slowness.timeout = 60s (default)
2024-12-25 19:03:35,691 INFO  server.RaftServerConfigKeys (ConfUtils.java:logGet(46)) - raft.server.close.threshold = 60s (default)
2024-12-25 19:03:35,692 INFO  server.RaftServerConfigKeys (ConfUtils.java:logGet(46)) - raft.server.leaderelection.leader.step-down.wait-time = 10s (default)
2024-12-25 19:03:35,692 INFO  server.RaftServerConfigKeys (ConfUtils.java:logGet(46)) - raft.server.storage.dir = [/home/runner/work/ratis/ratis/ratis-examples/target/test/data/6cc16ceb/MiniRaftClusterWithSimulatedRpc6b18c296/s4] (custom)
2024-12-25 19:03:35,693 INFO  server.RaftServerConfigKeys (ConfUtils.java:logGet(46)) - raft.server.threadpool.proxy.cached = true (default)
2024-12-25 19:03:35,693 INFO  server.RaftServerConfigKeys (ConfUtils.java:logGet(46)) - raft.server.threadpool.proxy.size = 0 (default)
2024-12-25 19:03:35,694 INFO  server.RaftServerConfigKeys (ConfUtils.java:logGet(46)) - raft.server.read.timeout = 10s (default)
2024-12-25 19:03:35,692 INFO  server.RaftServerConfigKeys (ConfUtils.java:logGet(46)) - raft.server.leaderelection.leader.step-down.wait-time = 10s (default)
2024-12-25 19:03:35,692 INFO  server.RaftServerConfigKeys (ConfUtils.java:logGet(46)) - raft.server.read.timeout = 10s (default)
2024-12-25 19:03:35,694 INFO  server.RaftServerConfigKeys (ConfUtils.java:logGet(46)) - raft.server.leaderelection.member.majority-add = false (default)
2024-12-25 19:03:35,694 INFO  server.RaftServerConfigKeys (ConfUtils.java:logGet(46)) - raft.server.retrycache.expirytime = 60s (default)
2024-12-25 19:03:35,694 INFO  server.RaftServer (RaftServerProxy.java:addNew(101)) - s4: addNew group-6AB839334A82:[] returns group-6AB839334A82:java.util.concurrent.CompletableFuture@13b13b5d[Not completed]
2024-12-25 19:03:35,694 INFO  server.RaftServerConfigKeys (ConfUtils.java:logGet(46)) - raft.server.retrycache.expirytime = 60s (default)
2024-12-25 19:03:35,694 INFO  server.RaftServerConfigKeys (ConfUtils.java:logGet(46)) - raft.server.retrycache.expirytime = 60s (default)
2024-12-25 19:03:35,695 INFO  server.RaftServerConfigKeys (ConfUtils.java:logGet(46)) - raft.server.retrycache.statistics.expirytime = 100ms (default)
2024-12-25 19:03:35,695 INFO  impl.MiniRaftCluster (MiniRaftCluster.java:newRaftServer(396)) - newRaftServer: s5, group-6AB839334A82:[], format? true
2024-12-25 19:03:35,695 TRACE util.FileUtils (FileUtils.java:deleteFully(307)) - deleteFully target/test/data/6cc16ceb/MiniRaftClusterWithSimulatedRpc6b18c296/s5
2024-12-25 19:03:35,696 TRACE util.FileUtils (FileUtils.java:deleteFully(320)) - deleteFully: target/test/data/6cc16ceb/MiniRaftClusterWithSimulatedRpc6b18c296/s5 does not exist.
2024-12-25 19:03:35,696 INFO  impl.MiniRaftCluster (MiniRaftCluster.java:newRaftServer(401)) - Formatted directory target/test/data/6cc16ceb/MiniRaftClusterWithSimulatedRpc6b18c296/s5
2024-12-25 19:03:35,696 INFO  server.RaftServer (ConfUtils.java:logGet(46)) - raft.rpc.type = org.apache.ratis.server.simulation.SimulatedRpc (custom)
2024-12-25 19:03:35,694 INFO  server.RaftServer$Division (RaftServerImpl.java:<init>(256)) - s4: new RaftServerImpl for group-6AB839334A82:[] with ArithmeticStateMachine:uninitialized
2024-12-25 19:03:35,700 INFO  server.RaftServerConfigKeys (ConfUtils.java:logGet(46)) - raft.server.rpc.timeout.min = 300ms (custom)
2024-12-25 19:03:35,701 INFO  server.RaftServerConfigKeys (ConfUtils.java:logGet(46)) - raft.server.rpc.timeout.max = 600ms (custom)
2024-12-25 19:03:35,694 INFO  server.RaftServerConfigKeys (ConfUtils.java:logGet(46)) - raft.server.retrycache.statistics.expirytime = 100ms (default)
2024-12-25 19:03:35,694 INFO  server.RaftServerConfigKeys (ConfUtils.java:logGet(46)) - raft.server.sleep.deviation.threshold = 300ms (default)
2024-12-25 19:03:35,701 INFO  server.RaftServerConfigKeys (ConfUtils.java:logGet(46)) - raft.server.read.option = DEFAULT (default)
2024-12-25 19:03:35,701 INFO  server.RaftServerConfigKeys (ConfUtils.java:logGet(46)) - raft.server.rpc.sleep.time = 25ms (default)
2024-12-25 19:03:35,701 INFO  server.RaftServerConfigKeys (ConfUtils.java:logGet(46)) - raft.server.rpc.slowness.timeout = 60s (default)
2024-12-25 19:03:35,702 INFO  server.RaftServerConfigKeys (ConfUtils.java:logGet(46)) - raft.server.leaderelection.leader.step-down.wait-time = 10s (default)
2024-12-25 19:03:35,702 INFO  server.RaftServerConfigKeys (ConfUtils.java:logGet(46)) - raft.server.leaderelection.member.majority-add = false (default)
2024-12-25 19:03:35,702 INFO  server.RaftServerConfigKeys (ConfUtils.java:logGet(46)) - raft.server.sleep.deviation.threshold = 300ms (default)
2024-12-25 19:03:35,702 INFO  server.RaftServer$Division (ServerState.java:<init>(114)) - s4@group-6AB839334A82: ConfigurationManager, init=conf: {index: -1, cur=peers:[]|listeners:[], old=null}, confs=<EMPTY_MAP>
2024-12-25 19:03:35,702 INFO  server.RaftServerConfigKeys (ConfUtils.java:logGet(46)) - raft.server.read.read-after-write-consistent.write-index-cache.expiry-time = 60s (default)
2024-12-25 19:03:35,698 INFO  server.RaftServerConfigKeys (ConfUtils.java:logGet(46)) - raft.server.read.option = DEFAULT (default)
2024-12-25 19:03:35,697 INFO  impl.DataStreamServerImpl (ConfUtils.java:logGet(46)) - raft.datastream.type = DISABLED (default)
2024-12-25 19:03:35,695 INFO  server.RaftServerConfigKeys (ConfUtils.java:logGet(46)) - raft.server.retrycache.statistics.expirytime = 100ms (default)
2024-12-25 19:03:35,703 INFO  server.RaftServerConfigKeys (ConfUtils.java:logGet(46)) - raft.server.sleep.deviation.threshold = 300ms (default)
2024-12-25 19:03:35,702 INFO  server.RaftServerConfigKeys (ConfUtils.java:logGet(46)) - raft.server.read.read-after-write-consistent.write-index-cache.expiry-time = 60s (default)
2024-12-25 19:03:35,702 INFO  server.RaftServerConfigKeys (ConfUtils.java:logGet(46)) - raft.server.notification.no-leader.timeout = 60s (default)
2024-12-25 19:03:35,701 INFO  server.RaftServer$Division (ServerState.java:<init>(114)) - s3@group-6AB839334A82: ConfigurationManager, init=conf: {index: -1, cur=peers:[]|listeners:[], old=null}, confs=<EMPTY_MAP>
2024-12-25 19:03:35,704 INFO  server.RaftServerConfigKeys (ConfUtils.java:logGet(46)) - raft.server.notification.no-leader.timeout = 60s (default)
2024-12-25 19:03:35,704 INFO  server.RaftServerConfigKeys (ConfUtils.java:logGet(46)) - raft.server.read.timeout = 10s (default)
2024-12-25 19:03:35,703 INFO  server.RaftServerConfigKeys (ConfUtils.java:logGet(46)) - raft.server.read.timeout = 10s (default)
2024-12-25 19:03:35,703 INFO  server.RaftServerConfigKeys (ConfUtils.java:logGet(46)) - raft.server.close.threshold = 60s (default)
2024-12-25 19:03:35,703 INFO  server.RaftServerConfigKeys (ConfUtils.java:logGet(46)) - raft.server.read.option = DEFAULT (default)
2024-12-25 19:03:35,704 INFO  server.RaftServerConfigKeys (ConfUtils.java:logGet(46)) - raft.server.leaderelection.leader.step-down.wait-time = 10s (default)
2024-12-25 19:03:35,704 INFO  server.RaftServerConfigKeys (ConfUtils.java:logGet(46)) - raft.server.retrycache.expirytime = 60s (default)
2024-12-25 19:03:35,704 INFO  server.RaftServerConfigKeys (ConfUtils.java:logGet(46)) - raft.server.retrycache.expirytime = 60s (default)
2024-12-25 19:03:35,705 INFO  server.RaftServerConfigKeys (ConfUtils.java:logGet(46)) - raft.server.storage.dir = [/home/runner/work/ratis/ratis/ratis-examples/target/test/data/6cc16ceb/MiniRaftClusterWithSimulatedRpc6b18c296/s5] (custom)
2024-12-25 19:03:35,704 INFO  server.RaftServerConfigKeys (ConfUtils.java:logGet(46)) - raft.server.read.read-after-write-consistent.write-index-cache.expiry-time = 60s (default)
2024-12-25 19:03:35,705 INFO  server.RaftServerConfigKeys (ConfUtils.java:logGet(46)) - raft.server.threadpool.proxy.cached = true (default)
2024-12-25 19:03:35,705 INFO  server.RaftServerConfigKeys (ConfUtils.java:logGet(46)) - raft.server.retrycache.statistics.expirytime = 100ms (default)
2024-12-25 19:03:35,705 INFO  server.RaftServerConfigKeys (ConfUtils.java:logGet(46)) - raft.server.retrycache.statistics.expirytime = 100ms (default)
2024-12-25 19:03:35,705 INFO  server.RaftServerConfigKeys (ConfUtils.java:logGet(46)) - raft.server.threadpool.proxy.size = 0 (default)
2024-12-25 19:03:35,706 INFO  server.RaftServerConfigKeys (ConfUtils.java:logGet(46)) - raft.server.read.option = DEFAULT (default)
2024-12-25 19:03:35,706 INFO  server.RaftServerConfigKeys (ConfUtils.java:logGet(46)) - raft.server.read.option = DEFAULT (default)
2024-12-25 19:03:35,706 INFO  server.RaftServerConfigKeys (ConfUtils.java:logGet(46)) - raft.server.read.read-after-write-consistent.write-index-cache.expiry-time = 60s (default)
2024-12-25 19:03:35,706 INFO  server.RaftServerConfigKeys (ConfUtils.java:logGet(46)) - raft.server.read.read-after-write-consistent.write-index-cache.expiry-time = 60s (default)
2024-12-25 19:03:35,706 INFO  server.RaftServer (RaftServerProxy.java:addNew(101)) - s5: addNew group-6AB839334A82:[] returns group-6AB839334A82:java.util.concurrent.CompletableFuture@29647f75[Not completed]
2024-12-25 19:03:35,706 INFO  server.RaftServer$Division (RaftServerImpl.java:<init>(256)) - s5: new RaftServerImpl for group-6AB839334A82:[] with ArithmeticStateMachine:uninitialized
2024-12-25 19:03:35,706 INFO  impl.MiniRaftCluster (MiniRaftCluster.java:newRaftServer(396)) - newRaftServer: s6, group-6AB839334A82:[], format? true
2024-12-25 19:03:35,707 TRACE util.FileUtils (FileUtils.java:deleteFully(307)) - deleteFully target/test/data/6cc16ceb/MiniRaftClusterWithSimulatedRpc6b18c296/s6
2024-12-25 19:03:35,707 INFO  server.RaftServerConfigKeys (ConfUtils.java:logGet(46)) - raft.server.rpc.timeout.min = 300ms (custom)
2024-12-25 19:03:35,707 TRACE util.FileUtils (FileUtils.java:deleteFully(320)) - deleteFully: target/test/data/6cc16ceb/MiniRaftClusterWithSimulatedRpc6b18c296/s6 does not exist.
2024-12-25 19:03:35,708 INFO  impl.MiniRaftCluster (MiniRaftCluster.java:newRaftServer(401)) - Formatted directory target/test/data/6cc16ceb/MiniRaftClusterWithSimulatedRpc6b18c296/s6
2024-12-25 19:03:35,708 INFO  server.RaftServer (ConfUtils.java:logGet(46)) - raft.rpc.type = org.apache.ratis.server.simulation.SimulatedRpc (custom)
2024-12-25 19:03:35,707 INFO  server.RaftServerConfigKeys (ConfUtils.java:logGet(46)) - raft.server.rpc.timeout.max = 600ms (custom)
2024-12-25 19:03:35,709 INFO  impl.DataStreamServerImpl (ConfUtils.java:logGet(46)) - raft.datastream.type = DISABLED (default)
2024-12-25 19:03:35,709 INFO  server.RaftServerConfigKeys (ConfUtils.java:logGet(46)) - raft.server.sleep.deviation.threshold = 300ms (default)
2024-12-25 19:03:35,709 INFO  server.RaftServerConfigKeys (ConfUtils.java:logGet(46)) - raft.server.close.threshold = 60s (default)
2024-12-25 19:03:35,709 INFO  server.RaftServerConfigKeys (ConfUtils.java:logGet(46)) - raft.server.rpc.sleep.time = 25ms (default)
2024-12-25 19:03:35,711 INFO  server.RaftServerConfigKeys (ConfUtils.java:logGet(46)) - raft.server.rpc.slowness.timeout = 60s (default)
2024-12-25 19:03:35,711 INFO  server.RaftServerConfigKeys (ConfUtils.java:logGet(46)) - raft.server.leaderelection.leader.step-down.wait-time = 10s (default)
2024-12-25 19:03:35,711 INFO  server.RaftServerConfigKeys (ConfUtils.java:logGet(46)) - raft.server.leaderelection.member.majority-add = false (default)
2024-12-25 19:03:35,712 INFO  server.RaftServerConfigKeys (ConfUtils.java:logGet(46)) - raft.server.sleep.deviation.threshold = 300ms (default)
2024-12-25 19:03:35,711 INFO  server.RaftServerConfigKeys (ConfUtils.java:logGet(46)) - raft.server.leaderelection.leader.step-down.wait-time = 10s (default)
2024-12-25 19:03:35,712 INFO  server.RaftServer$Division (ServerState.java:<init>(114)) - s5@group-6AB839334A82: ConfigurationManager, init=conf: {index: -1, cur=peers:[]|listeners:[], old=null}, confs=<EMPTY_MAP>
2024-12-25 19:03:35,712 INFO  server.RaftServerConfigKeys (ConfUtils.java:logGet(46)) - raft.server.storage.dir = [/home/runner/work/ratis/ratis/ratis-examples/target/test/data/6cc16ceb/MiniRaftClusterWithSimulatedRpc6b18c296/s6] (custom)
2024-12-25 19:03:35,712 INFO  server.RaftServerConfigKeys (ConfUtils.java:logGet(46)) - raft.server.notification.no-leader.timeout = 60s (default)
2024-12-25 19:03:35,712 INFO  server.RaftServerConfigKeys (ConfUtils.java:logGet(46)) - raft.server.threadpool.proxy.cached = true (default)
2024-12-25 19:03:35,713 INFO  server.RaftServerConfigKeys (ConfUtils.java:logGet(46)) - raft.server.threadpool.proxy.size = 0 (default)
2024-12-25 19:03:35,713 INFO  server.RaftServerConfigKeys (ConfUtils.java:logGet(46)) - raft.server.read.timeout = 10s (default)
2024-12-25 19:03:35,713 INFO  server.RaftServerConfigKeys (ConfUtils.java:logGet(46)) - raft.server.retrycache.expirytime = 60s (default)
2024-12-25 19:03:35,714 INFO  server.RaftServerConfigKeys (ConfUtils.java:logGet(46)) - raft.server.retrycache.statistics.expirytime = 100ms (default)
2024-12-25 19:03:35,714 INFO  server.RaftServerConfigKeys (ConfUtils.java:logGet(46)) - raft.server.read.option = DEFAULT (default)
2024-12-25 19:03:35,714 INFO  server.RaftServerConfigKeys (ConfUtils.java:logGet(46)) - raft.server.read.read-after-write-consistent.write-index-cache.expiry-time = 60s (default)
2024-12-25 19:03:35,716 INFO  server.RaftServer (RaftServerProxy.java:addNew(101)) - s6: addNew group-6AB839334A82:[] returns group-6AB839334A82:java.util.concurrent.CompletableFuture@5fa07e12[Not completed]
2024-12-25 19:03:35,716 INFO  server.RaftServer$Division (RaftServerImpl.java:<init>(256)) - s6: new RaftServerImpl for group-6AB839334A82:[] with ArithmeticStateMachine:uninitialized
2024-12-25 19:03:35,716 INFO  impl.MiniRaftCluster (MiniRaftCluster.java:newRaftServer(396)) - newRaftServer: s7, group-6AB839334A82:[], format? true
2024-12-25 19:03:35,716 INFO  server.RaftServerConfigKeys (ConfUtils.java:logGet(46)) - raft.server.rpc.timeout.min = 300ms (custom)
2024-12-25 19:03:35,717 TRACE util.FileUtils (FileUtils.java:deleteFully(307)) - deleteFully target/test/data/6cc16ceb/MiniRaftClusterWithSimulatedRpc6b18c296/s7
2024-12-25 19:03:35,717 INFO  server.RaftServerConfigKeys (ConfUtils.java:logGet(46)) - raft.server.rpc.timeout.max = 600ms (custom)
2024-12-25 19:03:35,717 TRACE util.FileUtils (FileUtils.java:deleteFully(320)) - deleteFully: target/test/data/6cc16ceb/MiniRaftClusterWithSimulatedRpc6b18c296/s7 does not exist.
2024-12-25 19:03:35,717 INFO  impl.MiniRaftCluster (MiniRaftCluster.java:newRaftServer(401)) - Formatted directory target/test/data/6cc16ceb/MiniRaftClusterWithSimulatedRpc6b18c296/s7
2024-12-25 19:03:35,717 INFO  server.RaftServerConfigKeys (ConfUtils.java:logGet(46)) - raft.server.rpc.sleep.time = 25ms (default)
2024-12-25 19:03:35,718 INFO  server.RaftServer (ConfUtils.java:logGet(46)) - raft.rpc.type = org.apache.ratis.server.simulation.SimulatedRpc (custom)
2024-12-25 19:03:35,718 INFO  server.RaftServerConfigKeys (ConfUtils.java:logGet(46)) - raft.server.rpc.slowness.timeout = 60s (default)
2024-12-25 19:03:35,718 INFO  server.RaftServerConfigKeys (ConfUtils.java:logGet(46)) - raft.server.leaderelection.leader.step-down.wait-time = 10s (default)
2024-12-25 19:03:35,718 INFO  server.RaftServerConfigKeys (ConfUtils.java:logGet(46)) - raft.server.leaderelection.member.majority-add = false (default)
2024-12-25 19:03:35,718 INFO  impl.DataStreamServerImpl (ConfUtils.java:logGet(46)) - raft.datastream.type = DISABLED (default)
2024-12-25 19:03:35,719 INFO  server.RaftServerConfigKeys (ConfUtils.java:logGet(46)) - raft.server.sleep.deviation.threshold = 300ms (default)
2024-12-25 19:03:35,719 INFO  server.RaftServerConfigKeys (ConfUtils.java:logGet(46)) - raft.server.sleep.deviation.threshold = 300ms (default)
2024-12-25 19:03:35,719 INFO  server.RaftServer$Division (ServerState.java:<init>(114)) - s6@group-6AB839334A82: ConfigurationManager, init=conf: {index: -1, cur=peers:[]|listeners:[], old=null}, confs=<EMPTY_MAP>
2024-12-25 19:03:35,719 INFO  server.RaftServerConfigKeys (ConfUtils.java:logGet(46)) - raft.server.close.threshold = 60s (default)
2024-12-25 19:03:35,719 INFO  server.RaftServerConfigKeys (ConfUtils.java:logGet(46)) - raft.server.notification.no-leader.timeout = 60s (default)
2024-12-25 19:03:35,720 INFO  server.RaftServerConfigKeys (ConfUtils.java:logGet(46)) - raft.server.leaderelection.leader.step-down.wait-time = 10s (default)
2024-12-25 19:03:35,720 INFO  server.RaftServerConfigKeys (ConfUtils.java:logGet(46)) - raft.server.read.timeout = 10s (default)
2024-12-25 19:03:35,720 INFO  server.RaftServerConfigKeys (ConfUtils.java:logGet(46)) - raft.server.storage.dir = [/home/runner/work/ratis/ratis/ratis-examples/target/test/data/6cc16ceb/MiniRaftClusterWithSimulatedRpc6b18c296/s7] (custom)
2024-12-25 19:03:35,720 INFO  server.RaftServerConfigKeys (ConfUtils.java:logGet(46)) - raft.server.retrycache.expirytime = 60s (default)
2024-12-25 19:03:35,720 INFO  server.RaftServerConfigKeys (ConfUtils.java:logGet(46)) - raft.server.threadpool.proxy.cached = true (default)
2024-12-25 19:03:35,722 INFO  server.RaftServerConfigKeys (ConfUtils.java:logGet(46)) - raft.server.threadpool.proxy.size = 0 (default)
2024-12-25 19:03:35,722 INFO  server.RaftServer (RaftServerProxy.java:addNew(101)) - s7: addNew group-6AB839334A82:[] returns group-6AB839334A82:java.util.concurrent.CompletableFuture@366647c2[Not completed]
2024-12-25 19:03:35,723 INFO  impl.MiniRaftCluster (MiniRaftCluster.java:newRaftServer(396)) - newRaftServer: s8, group-6AB839334A82:[], format? true
2024-12-25 19:03:35,723 TRACE util.FileUtils (FileUtils.java:deleteFully(307)) - deleteFully target/test/data/6cc16ceb/MiniRaftClusterWithSimulatedRpc6b18c296/s8
2024-12-25 19:03:35,721 INFO  server.RaftServerConfigKeys (ConfUtils.java:logGet(46)) - raft.server.retrycache.statistics.expirytime = 100ms (default)
2024-12-25 19:03:35,723 TRACE util.FileUtils (FileUtils.java:deleteFully(320)) - deleteFully: target/test/data/6cc16ceb/MiniRaftClusterWithSimulatedRpc6b18c296/s8 does not exist.
2024-12-25 19:03:35,723 INFO  server.RaftServer$Division (RaftServerImpl.java:<init>(256)) - s7: new RaftServerImpl for group-6AB839334A82:[] with ArithmeticStateMachine:uninitialized
2024-12-25 19:03:35,724 INFO  impl.MiniRaftCluster (MiniRaftCluster.java:newRaftServer(401)) - Formatted directory target/test/data/6cc16ceb/MiniRaftClusterWithSimulatedRpc6b18c296/s8
2024-12-25 19:03:35,724 INFO  server.RaftServer (ConfUtils.java:logGet(46)) - raft.rpc.type = org.apache.ratis.server.simulation.SimulatedRpc (custom)
2024-12-25 19:03:35,723 INFO  server.RaftServerConfigKeys (ConfUtils.java:logGet(46)) - raft.server.read.option = DEFAULT (default)
2024-12-25 19:03:35,724 INFO  server.RaftServerConfigKeys (ConfUtils.java:logGet(46)) - raft.server.rpc.timeout.min = 300ms (custom)
2024-12-25 19:03:35,725 INFO  server.RaftServerConfigKeys (ConfUtils.java:logGet(46)) - raft.server.read.read-after-write-consistent.write-index-cache.expiry-time = 60s (default)
2024-12-25 19:03:35,725 INFO  impl.DataStreamServerImpl (ConfUtils.java:logGet(46)) - raft.datastream.type = DISABLED (default)
2024-12-25 19:03:35,725 INFO  server.RaftServerConfigKeys (ConfUtils.java:logGet(46)) - raft.server.sleep.deviation.threshold = 300ms (default)
2024-12-25 19:03:35,725 INFO  server.RaftServerConfigKeys (ConfUtils.java:logGet(46)) - raft.server.rpc.timeout.max = 600ms (custom)
2024-12-25 19:03:35,726 INFO  server.RaftServerConfigKeys (ConfUtils.java:logGet(46)) - raft.server.close.threshold = 60s (default)
2024-12-25 19:03:35,726 INFO  server.RaftServerConfigKeys (ConfUtils.java:logGet(46)) - raft.server.rpc.sleep.time = 25ms (default)
2024-12-25 19:03:35,726 INFO  server.RaftServerConfigKeys (ConfUtils.java:logGet(46)) - raft.server.leaderelection.leader.step-down.wait-time = 10s (default)
2024-12-25 19:03:35,727 INFO  server.RaftServerConfigKeys (ConfUtils.java:logGet(46)) - raft.server.storage.dir = [/home/runner/work/ratis/ratis/ratis-examples/target/test/data/6cc16ceb/MiniRaftClusterWithSimulatedRpc6b18c296/s8] (custom)
2024-12-25 19:03:35,727 INFO  server.RaftServerConfigKeys (ConfUtils.java:logGet(46)) - raft.server.threadpool.proxy.cached = true (default)
2024-12-25 19:03:35,727 INFO  server.RaftServerConfigKeys (ConfUtils.java:logGet(46)) - raft.server.threadpool.proxy.size = 0 (default)
2024-12-25 19:03:35,726 INFO  server.RaftServerConfigKeys (ConfUtils.java:logGet(46)) - raft.server.rpc.slowness.timeout = 60s (default)
2024-12-25 19:03:35,728 INFO  server.RaftServerConfigKeys (ConfUtils.java:logGet(46)) - raft.server.leaderelection.leader.step-down.wait-time = 10s (default)
2024-12-25 19:03:35,728 INFO  server.RaftServerConfigKeys (ConfUtils.java:logGet(46)) - raft.server.leaderelection.member.majority-add = false (default)
2024-12-25 19:03:35,728 INFO  server.RaftServerConfigKeys (ConfUtils.java:logGet(46)) - raft.server.sleep.deviation.threshold = 300ms (default)
2024-12-25 19:03:35,728 INFO  server.RaftServer$Division (ServerState.java:<init>(114)) - s7@group-6AB839334A82: ConfigurationManager, init=conf: {index: -1, cur=peers:[]|listeners:[], old=null}, confs=<EMPTY_MAP>
2024-12-25 19:03:35,729 INFO  server.RaftServer (RaftServerProxy.java:addNew(101)) - s8: addNew group-6AB839334A82:[] returns group-6AB839334A82:java.util.concurrent.CompletableFuture@865dd6[Not completed]
2024-12-25 19:03:35,729 INFO  impl.MiniRaftCluster (MiniRaftCluster.java:newRaftServer(396)) - newRaftServer: s9, group-6AB839334A82:[], format? true
2024-12-25 19:03:35,730 TRACE util.FileUtils (FileUtils.java:deleteFully(307)) - deleteFully target/test/data/6cc16ceb/MiniRaftClusterWithSimulatedRpc6b18c296/s9
2024-12-25 19:03:35,729 INFO  server.RaftServer$Division (RaftServerImpl.java:<init>(256)) - s8: new RaftServerImpl for group-6AB839334A82:[] with ArithmeticStateMachine:uninitialized
2024-12-25 19:03:35,730 TRACE util.FileUtils (FileUtils.java:deleteFully(320)) - deleteFully: target/test/data/6cc16ceb/MiniRaftClusterWithSimulatedRpc6b18c296/s9 does not exist.
2024-12-25 19:03:35,730 INFO  impl.MiniRaftCluster (MiniRaftCluster.java:newRaftServer(401)) - Formatted directory target/test/data/6cc16ceb/MiniRaftClusterWithSimulatedRpc6b18c296/s9
2024-12-25 19:03:35,730 INFO  server.RaftServerConfigKeys (ConfUtils.java:logGet(46)) - raft.server.rpc.timeout.min = 300ms (custom)
2024-12-25 19:03:35,730 INFO  server.RaftServer (ConfUtils.java:logGet(46)) - raft.rpc.type = org.apache.ratis.server.simulation.SimulatedRpc (custom)
2024-12-25 19:03:35,731 INFO  server.RaftServerConfigKeys (ConfUtils.java:logGet(46)) - raft.server.rpc.timeout.max = 600ms (custom)
2024-12-25 19:03:35,731 INFO  server.RaftServerConfigKeys (ConfUtils.java:logGet(46)) - raft.server.rpc.sleep.time = 25ms (default)
2024-12-25 19:03:35,731 INFO  impl.DataStreamServerImpl (ConfUtils.java:logGet(46)) - raft.datastream.type = DISABLED (default)
2024-12-25 19:03:35,731 INFO  server.RaftServerConfigKeys (ConfUtils.java:logGet(46)) - raft.server.rpc.slowness.timeout = 60s (default)
2024-12-25 19:03:35,731 INFO  server.RaftServerConfigKeys (ConfUtils.java:logGet(46)) - raft.server.sleep.deviation.threshold = 300ms (default)
2024-12-25 19:03:35,731 INFO  server.RaftServerConfigKeys (ConfUtils.java:logGet(46)) - raft.server.leaderelection.leader.step-down.wait-time = 10s (default)
2024-12-25 19:03:35,732 INFO  server.RaftServerConfigKeys (ConfUtils.java:logGet(46)) - raft.server.close.threshold = 60s (default)
2024-12-25 19:03:35,732 INFO  server.RaftServerConfigKeys (ConfUtils.java:logGet(46)) - raft.server.leaderelection.member.majority-add = false (default)
2024-12-25 19:03:35,732 INFO  server.RaftServerConfigKeys (ConfUtils.java:logGet(46)) - raft.server.leaderelection.leader.step-down.wait-time = 10s (default)
2024-12-25 19:03:35,732 INFO  server.RaftServerConfigKeys (ConfUtils.java:logGet(46)) - raft.server.sleep.deviation.threshold = 300ms (default)
2024-12-25 19:03:35,732 INFO  server.RaftServerConfigKeys (ConfUtils.java:logGet(46)) - raft.server.storage.dir = [/home/runner/work/ratis/ratis/ratis-examples/target/test/data/6cc16ceb/MiniRaftClusterWithSimulatedRpc6b18c296/s9] (custom)
2024-12-25 19:03:35,733 INFO  server.RaftServer$Division (ServerState.java:<init>(114)) - s8@group-6AB839334A82: ConfigurationManager, init=conf: {index: -1, cur=peers:[]|listeners:[], old=null}, confs=<EMPTY_MAP>
2024-12-25 19:03:35,733 INFO  server.RaftServerConfigKeys (ConfUtils.java:logGet(46)) - raft.server.threadpool.proxy.cached = true (default)
2024-12-25 19:03:35,733 INFO  server.RaftServerConfigKeys (ConfUtils.java:logGet(46)) - raft.server.notification.no-leader.timeout = 60s (default)
2024-12-25 19:03:35,733 INFO  server.RaftServerConfigKeys (ConfUtils.java:logGet(46)) - raft.server.threadpool.proxy.size = 0 (default)
2024-12-25 19:03:35,733 INFO  server.RaftServerConfigKeys (ConfUtils.java:logGet(46)) - raft.server.read.timeout = 10s (default)
2024-12-25 19:03:35,734 INFO  server.RaftServerConfigKeys (ConfUtils.java:logGet(46)) - raft.server.retrycache.expirytime = 60s (default)
2024-12-25 19:03:35,734 INFO  server.RaftServerConfigKeys (ConfUtils.java:logGet(46)) - raft.server.retrycache.statistics.expirytime = 100ms (default)
2024-12-25 19:03:35,734 INFO  server.RaftServer (RaftServerProxy.java:addNew(101)) - s9: addNew group-6AB839334A82:[] returns group-6AB839334A82:java.util.concurrent.CompletableFuture@62e7f11d[Not completed]
2024-12-25 19:03:35,734 INFO  server.RaftServer$Division (RaftServerImpl.java:<init>(256)) - s9: new RaftServerImpl for group-6AB839334A82:[] with ArithmeticStateMachine:uninitialized
2024-12-25 19:03:35,734 INFO  server.RaftServerConfigKeys (ConfUtils.java:logGet(46)) - raft.server.read.option = DEFAULT (default)
2024-12-25 19:03:35,734 INFO  server.RaftServerConfigKeys (ConfUtils.java:logGet(46)) - raft.server.rpc.timeout.min = 300ms (custom)
2024-12-25 19:03:35,734 INFO  impl.MiniRaftCluster (MiniRaftCluster.java:newRaftServer(396)) - newRaftServer: s10, group-6AB839334A82:[], format? true
2024-12-25 19:03:35,734 INFO  server.RaftServerConfigKeys (ConfUtils.java:logGet(46)) - raft.server.rpc.timeout.max = 600ms (custom)
2024-12-25 19:03:35,734 INFO  server.RaftServerConfigKeys (ConfUtils.java:logGet(46)) - raft.server.read.read-after-write-consistent.write-index-cache.expiry-time = 60s (default)
2024-12-25 19:03:35,735 INFO  server.RaftServerConfigKeys (ConfUtils.java:logGet(46)) - raft.server.rpc.sleep.time = 25ms (default)
2024-12-25 19:03:35,735 TRACE util.FileUtils (FileUtils.java:deleteFully(307)) - deleteFully target/test/data/6cc16ceb/MiniRaftClusterWithSimulatedRpc6b18c296/s10
2024-12-25 19:03:35,735 INFO  server.RaftServerConfigKeys (ConfUtils.java:logGet(46)) - raft.server.rpc.slowness.timeout = 60s (default)
2024-12-25 19:03:35,735 TRACE util.FileUtils (FileUtils.java:deleteFully(320)) - deleteFully: target/test/data/6cc16ceb/MiniRaftClusterWithSimulatedRpc6b18c296/s10 does not exist.
2024-12-25 19:03:35,735 INFO  impl.MiniRaftCluster (MiniRaftCluster.java:newRaftServer(401)) - Formatted directory target/test/data/6cc16ceb/MiniRaftClusterWithSimulatedRpc6b18c296/s10
2024-12-25 19:03:35,735 INFO  server.RaftServerConfigKeys (ConfUtils.java:logGet(46)) - raft.server.leaderelection.leader.step-down.wait-time = 10s (default)
2024-12-25 19:03:35,736 INFO  server.RaftServer (ConfUtils.java:logGet(46)) - raft.rpc.type = org.apache.ratis.server.simulation.SimulatedRpc (custom)
2024-12-25 19:03:35,736 INFO  server.RaftServerConfigKeys (ConfUtils.java:logGet(46)) - raft.server.leaderelection.member.majority-add = false (default)
2024-12-25 19:03:35,736 INFO  server.RaftServerConfigKeys (ConfUtils.java:logGet(46)) - raft.server.sleep.deviation.threshold = 300ms (default)
2024-12-25 19:03:35,736 INFO  impl.DataStreamServerImpl (ConfUtils.java:logGet(46)) - raft.datastream.type = DISABLED (default)
2024-12-25 19:03:35,736 INFO  server.RaftServer$Division (ServerState.java:<init>(114)) - s9@group-6AB839334A82: ConfigurationManager, init=conf: {index: -1, cur=peers:[]|listeners:[], old=null}, confs=<EMPTY_MAP>
2024-12-25 19:03:35,736 INFO  server.RaftServerConfigKeys (ConfUtils.java:logGet(46)) - raft.server.sleep.deviation.threshold = 300ms (default)
2024-12-25 19:03:35,737 INFO  server.RaftServerConfigKeys (ConfUtils.java:logGet(46)) - raft.server.notification.no-leader.timeout = 60s (default)
2024-12-25 19:03:35,736 INFO  server.RaftServerConfigKeys (ConfUtils.java:logGet(46)) - raft.server.notification.no-leader.timeout = 60s (default)
2024-12-25 19:03:35,737 INFO  server.RaftServerConfigKeys (ConfUtils.java:logGet(46)) - raft.server.read.timeout = 10s (default)
2024-12-25 19:03:35,737 INFO  server.RaftServerConfigKeys (ConfUtils.java:logGet(46)) - raft.server.close.threshold = 60s (default)
2024-12-25 19:03:35,737 INFO  server.RaftServerConfigKeys (ConfUtils.java:logGet(46)) - raft.server.retrycache.expirytime = 60s (default)
2024-12-25 19:03:35,737 INFO  server.RaftServerConfigKeys (ConfUtils.java:logGet(46)) - raft.server.read.timeout = 10s (default)
2024-12-25 19:03:35,737 INFO  server.RaftServerConfigKeys (ConfUtils.java:logGet(46)) - raft.server.retrycache.statistics.expirytime = 100ms (default)
2024-12-25 19:03:35,737 INFO  server.RaftServerConfigKeys (ConfUtils.java:logGet(46)) - raft.server.leaderelection.leader.step-down.wait-time = 10s (default)
2024-12-25 19:03:35,738 INFO  server.RaftServerConfigKeys (ConfUtils.java:logGet(46)) - raft.server.read.option = DEFAULT (default)
2024-12-25 19:03:35,738 INFO  server.RaftServerConfigKeys (ConfUtils.java:logGet(46)) - raft.server.storage.dir = [/home/runner/work/ratis/ratis/ratis-examples/target/test/data/6cc16ceb/MiniRaftClusterWithSimulatedRpc6b18c296/s10] (custom)
2024-12-25 19:03:35,738 INFO  server.RaftServerConfigKeys (ConfUtils.java:logGet(46)) - raft.server.threadpool.proxy.cached = true (default)
2024-12-25 19:03:35,738 INFO  server.RaftServerConfigKeys (ConfUtils.java:logGet(46)) - raft.server.threadpool.proxy.size = 0 (default)
2024-12-25 19:03:35,737 INFO  server.RaftServerConfigKeys (ConfUtils.java:logGet(46)) - raft.server.retrycache.expirytime = 60s (default)
2024-12-25 19:03:35,739 INFO  server.RaftServerConfigKeys (ConfUtils.java:logGet(46)) - raft.server.retrycache.statistics.expirytime = 100ms (default)
2024-12-25 19:03:35,739 INFO  server.RaftServerConfigKeys (ConfUtils.java:logGet(46)) - raft.server.read.option = DEFAULT (default)
2024-12-25 19:03:35,739 INFO  server.RaftServerConfigKeys (ConfUtils.java:logGet(46)) - raft.server.read.read-after-write-consistent.write-index-cache.expiry-time = 60s (default)
2024-12-25 19:03:35,744 INFO  server.RaftServer (RaftServerProxy.java:addNew(101)) - s10: addNew group-6AB839334A82:[] returns group-6AB839334A82:java.util.concurrent.CompletableFuture@2abf4075[Not completed]
2024-12-25 19:03:35,744 INFO  impl.MiniRaftCluster (MiniRaftCluster.java:newRaftServer(396)) - newRaftServer: s11, group-6AB839334A82:[], format? true
2024-12-25 19:03:35,744 TRACE util.FileUtils (FileUtils.java:deleteFully(307)) - deleteFully target/test/data/6cc16ceb/MiniRaftClusterWithSimulatedRpc6b18c296/s11
2024-12-25 19:03:35,745 TRACE util.FileUtils (FileUtils.java:deleteFully(320)) - deleteFully: target/test/data/6cc16ceb/MiniRaftClusterWithSimulatedRpc6b18c296/s11 does not exist.
2024-12-25 19:03:35,745 INFO  impl.MiniRaftCluster (MiniRaftCluster.java:newRaftServer(401)) - Formatted directory target/test/data/6cc16ceb/MiniRaftClusterWithSimulatedRpc6b18c296/s11
2024-12-25 19:03:35,738 INFO  server.RaftServerConfigKeys (ConfUtils.java:logGet(46)) - raft.server.read.read-after-write-consistent.write-index-cache.expiry-time = 60s (default)
2024-12-25 19:03:35,744 INFO  server.RaftServer$Division (RaftServerImpl.java:<init>(256)) - s10: new RaftServerImpl for group-6AB839334A82:[] with ArithmeticStateMachine:uninitialized
2024-12-25 19:03:35,745 INFO  server.RaftServer (ConfUtils.java:logGet(46)) - raft.rpc.type = org.apache.ratis.server.simulation.SimulatedRpc (custom)
2024-12-25 19:03:35,745 INFO  server.RaftServerConfigKeys (ConfUtils.java:logGet(46)) - raft.server.rpc.timeout.min = 300ms (custom)
2024-12-25 19:03:35,746 INFO  server.RaftServerConfigKeys (ConfUtils.java:logGet(46)) - raft.server.rpc.timeout.max = 600ms (custom)
2024-12-25 19:03:35,746 INFO  server.RaftServerConfigKeys (ConfUtils.java:logGet(46)) - raft.server.rpc.sleep.time = 25ms (default)
2024-12-25 19:03:35,746 INFO  server.RaftServerConfigKeys (ConfUtils.java:logGet(46)) - raft.server.rpc.slowness.timeout = 60s (default)
2024-12-25 19:03:35,746 INFO  server.RaftServerConfigKeys (ConfUtils.java:logGet(46)) - raft.server.leaderelection.leader.step-down.wait-time = 10s (default)
2024-12-25 19:03:35,746 INFO  server.RaftServerConfigKeys (ConfUtils.java:logGet(46)) - raft.server.leaderelection.member.majority-add = false (default)
2024-12-25 19:03:35,747 INFO  server.RaftServerConfigKeys (ConfUtils.java:logGet(46)) - raft.server.sleep.deviation.threshold = 300ms (default)
2024-12-25 19:03:35,747 INFO  server.RaftServer$Division (ServerState.java:<init>(114)) - s10@group-6AB839334A82: ConfigurationManager, init=conf: {index: -1, cur=peers:[]|listeners:[], old=null}, confs=<EMPTY_MAP>
2024-12-25 19:03:35,747 INFO  server.RaftServerConfigKeys (ConfUtils.java:logGet(46)) - raft.server.notification.no-leader.timeout = 60s (default)
2024-12-25 19:03:35,747 INFO  server.RaftServerConfigKeys (ConfUtils.java:logGet(46)) - raft.server.read.timeout = 10s (default)
2024-12-25 19:03:35,747 INFO  server.RaftServerConfigKeys (ConfUtils.java:logGet(46)) - raft.server.retrycache.expirytime = 60s (default)
2024-12-25 19:03:35,747 INFO  server.RaftServerConfigKeys (ConfUtils.java:logGet(46)) - raft.server.retrycache.statistics.expirytime = 100ms (default)
2024-12-25 19:03:35,747 INFO  server.RaftServerConfigKeys (ConfUtils.java:logGet(46)) - raft.server.read.option = DEFAULT (default)
2024-12-25 19:03:35,748 INFO  server.RaftServerConfigKeys (ConfUtils.java:logGet(46)) - raft.server.read.read-after-write-consistent.write-index-cache.expiry-time = 60s (default)
2024-12-25 19:03:35,746 INFO  impl.DataStreamServerImpl (ConfUtils.java:logGet(46)) - raft.datastream.type = DISABLED (default)
2024-12-25 19:03:35,753 INFO  server.RaftServerConfigKeys (ConfUtils.java:logGet(46)) - raft.server.sleep.deviation.threshold = 300ms (default)
2024-12-25 19:03:35,754 INFO  server.RaftServerConfigKeys (ConfUtils.java:logGet(46)) - raft.server.close.threshold = 60s (default)
2024-12-25 19:03:35,754 INFO  server.RaftServerConfigKeys (ConfUtils.java:logGet(46)) - raft.server.leaderelection.leader.step-down.wait-time = 10s (default)
2024-12-25 19:03:35,754 INFO  server.RaftServerConfigKeys (ConfUtils.java:logGet(46)) - raft.server.storage.dir = [/home/runner/work/ratis/ratis/ratis-examples/target/test/data/6cc16ceb/MiniRaftClusterWithSimulatedRpc6b18c296/s11] (custom)
2024-12-25 19:03:35,754 INFO  server.RaftServerConfigKeys (ConfUtils.java:logGet(46)) - raft.server.threadpool.proxy.cached = true (default)
2024-12-25 19:03:35,755 INFO  server.RaftServerConfigKeys (ConfUtils.java:logGet(46)) - raft.server.threadpool.proxy.size = 0 (default)
2024-12-25 19:03:35,761 INFO  server.RaftServer (RaftServerProxy.java:addNew(101)) - s11: addNew group-6AB839334A82:[] returns group-6AB839334A82:java.util.concurrent.CompletableFuture@51f116b8[Not completed]
2024-12-25 19:03:35,761 INFO  impl.MiniRaftCluster (MiniRaftCluster.java:newRaftServer(396)) - newRaftServer: s12, group-6AB839334A82:[], format? true
2024-12-25 19:03:35,761 TRACE util.FileUtils (FileUtils.java:deleteFully(307)) - deleteFully target/test/data/6cc16ceb/MiniRaftClusterWithSimulatedRpc6b18c296/s12
2024-12-25 19:03:35,762 TRACE util.FileUtils (FileUtils.java:deleteFully(320)) - deleteFully: target/test/data/6cc16ceb/MiniRaftClusterWithSimulatedRpc6b18c296/s12 does not exist.
2024-12-25 19:03:35,762 INFO  impl.MiniRaftCluster (MiniRaftCluster.java:newRaftServer(401)) - Formatted directory target/test/data/6cc16ceb/MiniRaftClusterWithSimulatedRpc6b18c296/s12
2024-12-25 19:03:35,762 INFO  server.RaftServer (ConfUtils.java:logGet(46)) - raft.rpc.type = org.apache.ratis.server.simulation.SimulatedRpc (custom)
2024-12-25 19:03:35,763 INFO  impl.DataStreamServerImpl (ConfUtils.java:logGet(46)) - raft.datastream.type = DISABLED (default)
2024-12-25 19:03:35,763 INFO  server.RaftServerConfigKeys (ConfUtils.java:logGet(46)) - raft.server.sleep.deviation.threshold = 300ms (default)
2024-12-25 19:03:35,764 INFO  server.RaftServerConfigKeys (ConfUtils.java:logGet(46)) - raft.server.close.threshold = 60s (default)
2024-12-25 19:03:35,764 INFO  server.RaftServerConfigKeys (ConfUtils.java:logGet(46)) - raft.server.leaderelection.leader.step-down.wait-time = 10s (default)
2024-12-25 19:03:35,764 INFO  server.RaftServerConfigKeys (ConfUtils.java:logGet(46)) - raft.server.storage.dir = [/home/runner/work/ratis/ratis/ratis-examples/target/test/data/6cc16ceb/MiniRaftClusterWithSimulatedRpc6b18c296/s12] (custom)
2024-12-25 19:03:35,764 INFO  server.RaftServerConfigKeys (ConfUtils.java:logGet(46)) - raft.server.threadpool.proxy.cached = true (default)
2024-12-25 19:03:35,765 INFO  server.RaftServerConfigKeys (ConfUtils.java:logGet(46)) - raft.server.threadpool.proxy.size = 0 (default)
2024-12-25 19:03:35,765 INFO  server.RaftServer$Division (RaftServerImpl.java:<init>(256)) - s11: new RaftServerImpl for group-6AB839334A82:[] with ArithmeticStateMachine:uninitialized
2024-12-25 19:03:35,765 INFO  server.RaftServerConfigKeys (ConfUtils.java:logGet(46)) - raft.server.rpc.timeout.min = 300ms (custom)
2024-12-25 19:03:35,766 INFO  server.RaftServerConfigKeys (ConfUtils.java:logGet(46)) - raft.server.rpc.timeout.max = 600ms (custom)
2024-12-25 19:03:35,766 INFO  server.RaftServerConfigKeys (ConfUtils.java:logGet(46)) - raft.server.rpc.sleep.time = 25ms (default)
2024-12-25 19:03:35,766 INFO  server.RaftServerConfigKeys (ConfUtils.java:logGet(46)) - raft.server.rpc.slowness.timeout = 60s (default)
2024-12-25 19:03:35,766 INFO  server.RaftServerConfigKeys (ConfUtils.java:logGet(46)) - raft.server.leaderelection.leader.step-down.wait-time = 10s (default)
2024-12-25 19:03:35,766 INFO  server.RaftServerConfigKeys (ConfUtils.java:logGet(46)) - raft.server.leaderelection.member.majority-add = false (default)
2024-12-25 19:03:35,766 INFO  server.RaftServerConfigKeys (ConfUtils.java:logGet(46)) - raft.server.sleep.deviation.threshold = 300ms (default)
2024-12-25 19:03:35,766 INFO  server.RaftServer$Division (ServerState.java:<init>(114)) - s11@group-6AB839334A82: ConfigurationManager, init=conf: {index: -1, cur=peers:[]|listeners:[], old=null}, confs=<EMPTY_MAP>
2024-12-25 19:03:35,767 INFO  server.RaftServerConfigKeys (ConfUtils.java:logGet(46)) - raft.server.notification.no-leader.timeout = 60s (default)
2024-12-25 19:03:35,767 INFO  server.RaftServerConfigKeys (ConfUtils.java:logGet(46)) - raft.server.read.timeout = 10s (default)
2024-12-25 19:03:35,767 INFO  server.RaftServerConfigKeys (ConfUtils.java:logGet(46)) - raft.server.retrycache.expirytime = 60s (default)
2024-12-25 19:03:35,767 INFO  server.RaftServerConfigKeys (ConfUtils.java:logGet(46)) - raft.server.retrycache.statistics.expirytime = 100ms (default)
2024-12-25 19:03:35,767 INFO  server.RaftServerConfigKeys (ConfUtils.java:logGet(46)) - raft.server.read.option = DEFAULT (default)
2024-12-25 19:03:35,767 INFO  server.RaftServerConfigKeys (ConfUtils.java:logGet(46)) - raft.server.read.read-after-write-consistent.write-index-cache.expiry-time = 60s (default)
2024-12-25 19:03:35,768 INFO  server.RaftServer (RaftServerProxy.java:addNew(101)) - s12: addNew group-6AB839334A82:[] returns group-6AB839334A82:java.util.concurrent.CompletableFuture@140c9f39[Not completed]
2024-12-25 19:03:35,769 INFO  impl.MiniRaftCluster (MiniRaftCluster.java:newRaftServer(396)) - newRaftServer: s13, group-6AB839334A82:[], format? true
2024-12-25 19:03:35,769 TRACE util.FileUtils (FileUtils.java:deleteFully(307)) - deleteFully target/test/data/6cc16ceb/MiniRaftClusterWithSimulatedRpc6b18c296/s13
2024-12-25 19:03:35,769 TRACE util.FileUtils (FileUtils.java:deleteFully(320)) - deleteFully: target/test/data/6cc16ceb/MiniRaftClusterWithSimulatedRpc6b18c296/s13 does not exist.
2024-12-25 19:03:35,770 INFO  impl.MiniRaftCluster (MiniRaftCluster.java:newRaftServer(401)) - Formatted directory target/test/data/6cc16ceb/MiniRaftClusterWithSimulatedRpc6b18c296/s13
2024-12-25 19:03:35,770 INFO  server.RaftServer (ConfUtils.java:logGet(46)) - raft.rpc.type = org.apache.ratis.server.simulation.SimulatedRpc (custom)
2024-12-25 19:03:35,771 INFO  impl.DataStreamServerImpl (ConfUtils.java:logGet(46)) - raft.datastream.type = DISABLED (default)
2024-12-25 19:03:35,771 INFO  server.RaftServerConfigKeys (ConfUtils.java:logGet(46)) - raft.server.sleep.deviation.threshold = 300ms (default)
2024-12-25 19:03:35,771 INFO  server.RaftServerConfigKeys (ConfUtils.java:logGet(46)) - raft.server.close.threshold = 60s (default)
2024-12-25 19:03:35,771 INFO  server.RaftServerConfigKeys (ConfUtils.java:logGet(46)) - raft.server.leaderelection.leader.step-down.wait-time = 10s (default)
2024-12-25 19:03:35,772 INFO  server.RaftServerConfigKeys (ConfUtils.java:logGet(46)) - raft.server.storage.dir = [/home/runner/work/ratis/ratis/ratis-examples/target/test/data/6cc16ceb/MiniRaftClusterWithSimulatedRpc6b18c296/s13] (custom)
2024-12-25 19:03:35,773 INFO  server.RaftServerConfigKeys (ConfUtils.java:logGet(46)) - raft.server.threadpool.proxy.cached = true (default)
2024-12-25 19:03:35,773 INFO  server.RaftServerConfigKeys (ConfUtils.java:logGet(46)) - raft.server.threadpool.proxy.size = 0 (default)
2024-12-25 19:03:35,774 INFO  server.RaftServer (RaftServerProxy.java:addNew(101)) - s13: addNew group-6AB839334A82:[] returns group-6AB839334A82:java.util.concurrent.CompletableFuture@7690781[Not completed]
2024-12-25 19:03:35,774 INFO  server.RaftServer$Division (RaftServerImpl.java:<init>(256)) - s13: new RaftServerImpl for group-6AB839334A82:[] with ArithmeticStateMachine:uninitialized
2024-12-25 19:03:35,772 INFO  server.RaftServer$Division (RaftServerImpl.java:<init>(256)) - s12: new RaftServerImpl for group-6AB839334A82:[] with ArithmeticStateMachine:uninitialized
2024-12-25 19:03:35,775 INFO  server.RaftServerConfigKeys (ConfUtils.java:logGet(46)) - raft.server.rpc.timeout.min = 300ms (custom)
2024-12-25 19:03:35,775 INFO  server.RaftServerConfigKeys (ConfUtils.java:logGet(46)) - raft.server.rpc.timeout.max = 600ms (custom)
2024-12-25 19:03:35,775 INFO  server.RaftServerConfigKeys (ConfUtils.java:logGet(46)) - raft.server.rpc.sleep.time = 25ms (default)
2024-12-25 19:03:35,775 INFO  server.RaftServerConfigKeys (ConfUtils.java:logGet(46)) - raft.server.rpc.slowness.timeout = 60s (default)
2024-12-25 19:03:35,775 INFO  server.RaftServerConfigKeys (ConfUtils.java:logGet(46)) - raft.server.leaderelection.leader.step-down.wait-time = 10s (default)
2024-12-25 19:03:35,776 INFO  server.RaftServerConfigKeys (ConfUtils.java:logGet(46)) - raft.server.leaderelection.member.majority-add = false (default)
2024-12-25 19:03:35,776 INFO  server.RaftServerConfigKeys (ConfUtils.java:logGet(46)) - raft.server.sleep.deviation.threshold = 300ms (default)
2024-12-25 19:03:35,776 INFO  server.RaftServer$Division (ServerState.java:<init>(114)) - s12@group-6AB839334A82: ConfigurationManager, init=conf: {index: -1, cur=peers:[]|listeners:[], old=null}, confs=<EMPTY_MAP>
2024-12-25 19:03:35,776 INFO  server.RaftServerConfigKeys (ConfUtils.java:logGet(46)) - raft.server.notification.no-leader.timeout = 60s (default)
2024-12-25 19:03:35,776 INFO  server.RaftServerConfigKeys (ConfUtils.java:logGet(46)) - raft.server.read.timeout = 10s (default)
2024-12-25 19:03:35,776 INFO  server.RaftServerConfigKeys (ConfUtils.java:logGet(46)) - raft.server.retrycache.expirytime = 60s (default)
2024-12-25 19:03:35,776 INFO  server.RaftServerConfigKeys (ConfUtils.java:logGet(46)) - raft.server.retrycache.statistics.expirytime = 100ms (default)
2024-12-25 19:03:35,776 INFO  server.RaftServerConfigKeys (ConfUtils.java:logGet(46)) - raft.server.read.option = DEFAULT (default)
2024-12-25 19:03:35,777 INFO  server.RaftServerConfigKeys (ConfUtils.java:logGet(46)) - raft.server.read.read-after-write-consistent.write-index-cache.expiry-time = 60s (default)
2024-12-25 19:03:35,779 INFO  impl.MiniRaftCluster (MiniRaftCluster.java:newRaftServer(396)) - newRaftServer: s14, group-6AB839334A82:[], format? true
2024-12-25 19:03:35,779 TRACE util.FileUtils (FileUtils.java:deleteFully(307)) - deleteFully target/test/data/6cc16ceb/MiniRaftClusterWithSimulatedRpc6b18c296/s14
2024-12-25 19:03:35,779 TRACE util.FileUtils (FileUtils.java:deleteFully(320)) - deleteFully: target/test/data/6cc16ceb/MiniRaftClusterWithSimulatedRpc6b18c296/s14 does not exist.
2024-12-25 19:03:35,780 INFO  impl.MiniRaftCluster (MiniRaftCluster.java:newRaftServer(401)) - Formatted directory target/test/data/6cc16ceb/MiniRaftClusterWithSimulatedRpc6b18c296/s14
2024-12-25 19:03:35,780 INFO  server.RaftServer (ConfUtils.java:logGet(46)) - raft.rpc.type = org.apache.ratis.server.simulation.SimulatedRpc (custom)
2024-12-25 19:03:35,780 INFO  impl.DataStreamServerImpl (ConfUtils.java:logGet(46)) - raft.datastream.type = DISABLED (default)
2024-12-25 19:03:35,781 INFO  server.RaftServerConfigKeys (ConfUtils.java:logGet(46)) - raft.server.sleep.deviation.threshold = 300ms (default)
2024-12-25 19:03:35,781 INFO  server.RaftServerConfigKeys (ConfUtils.java:logGet(46)) - raft.server.close.threshold = 60s (default)
2024-12-25 19:03:35,781 INFO  server.RaftServerConfigKeys (ConfUtils.java:logGet(46)) - raft.server.leaderelection.leader.step-down.wait-time = 10s (default)
2024-12-25 19:03:35,782 INFO  server.RaftServerConfigKeys (ConfUtils.java:logGet(46)) - raft.server.storage.dir = [/home/runner/work/ratis/ratis/ratis-examples/target/test/data/6cc16ceb/MiniRaftClusterWithSimulatedRpc6b18c296/s14] (custom)
2024-12-25 19:03:35,782 INFO  server.RaftServerConfigKeys (ConfUtils.java:logGet(46)) - raft.server.threadpool.proxy.cached = true (default)
2024-12-25 19:03:35,782 INFO  server.RaftServerConfigKeys (ConfUtils.java:logGet(46)) - raft.server.threadpool.proxy.size = 0 (default)
2024-12-25 19:03:35,783 INFO  server.RaftServerConfigKeys (ConfUtils.java:logGet(46)) - raft.server.rpc.timeout.min = 300ms (custom)
2024-12-25 19:03:35,783 INFO  server.RaftServerConfigKeys (ConfUtils.java:logGet(46)) - raft.server.rpc.timeout.max = 600ms (custom)
2024-12-25 19:03:35,783 INFO  server.RaftServerConfigKeys (ConfUtils.java:logGet(46)) - raft.server.rpc.sleep.time = 25ms (default)
2024-12-25 19:03:35,783 INFO  server.RaftServerConfigKeys (ConfUtils.java:logGet(46)) - raft.server.rpc.slowness.timeout = 60s (default)
2024-12-25 19:03:35,783 INFO  server.RaftServerConfigKeys (ConfUtils.java:logGet(46)) - raft.server.leaderelection.leader.step-down.wait-time = 10s (default)
2024-12-25 19:03:35,783 INFO  server.RaftServerConfigKeys (ConfUtils.java:logGet(46)) - raft.server.leaderelection.member.majority-add = false (default)
2024-12-25 19:03:35,783 INFO  server.RaftServerConfigKeys (ConfUtils.java:logGet(46)) - raft.server.sleep.deviation.threshold = 300ms (default)
2024-12-25 19:03:35,783 INFO  server.RaftServer$Division (ServerState.java:<init>(114)) - s13@group-6AB839334A82: ConfigurationManager, init=conf: {index: -1, cur=peers:[]|listeners:[], old=null}, confs=<EMPTY_MAP>
2024-12-25 19:03:35,784 INFO  server.RaftServerConfigKeys (ConfUtils.java:logGet(46)) - raft.server.notification.no-leader.timeout = 60s (default)
2024-12-25 19:03:35,784 INFO  server.RaftServerConfigKeys (ConfUtils.java:logGet(46)) - raft.server.read.timeout = 10s (default)
2024-12-25 19:03:35,784 INFO  server.RaftServerConfigKeys (ConfUtils.java:logGet(46)) - raft.server.retrycache.expirytime = 60s (default)
2024-12-25 19:03:35,784 INFO  server.RaftServerConfigKeys (ConfUtils.java:logGet(46)) - raft.server.retrycache.statistics.expirytime = 100ms (default)
2024-12-25 19:03:35,784 INFO  server.RaftServerConfigKeys (ConfUtils.java:logGet(46)) - raft.server.read.option = DEFAULT (default)
2024-12-25 19:03:35,784 INFO  server.RaftServerConfigKeys (ConfUtils.java:logGet(46)) - raft.server.read.read-after-write-consistent.write-index-cache.expiry-time = 60s (default)
2024-12-25 19:03:35,785 INFO  server.RaftServer (RaftServerProxy.java:addNew(101)) - s14: addNew group-6AB839334A82:[] returns group-6AB839334A82:java.util.concurrent.CompletableFuture@2e222612[Not completed]
2024-12-25 19:03:35,786 INFO  impl.GroupManagementBaseTest (GroupManagementBaseTest.java:runMultiGroupTest(260)) - putNewServer: printing ALL groups
  s3:      NEW group-6AB839334A82:java.util.concurrent.CompletableFuture@3541cb24[Not completed]
  s4:      NEW group-6AB839334A82:java.util.concurrent.CompletableFuture@13b13b5d[Not completed]
  s5:      NEW group-6AB839334A82:java.util.concurrent.CompletableFuture@29647f75[Not completed]
  s6:      NEW group-6AB839334A82:java.util.concurrent.CompletableFuture@5fa07e12[Not completed]
  s7:      NEW group-6AB839334A82:java.util.concurrent.CompletableFuture@366647c2[Not completed]
  s8:      NEW group-6AB839334A82:java.util.concurrent.CompletableFuture@865dd6[Not completed]
  s9:      NEW group-6AB839334A82:java.util.concurrent.CompletableFuture@62e7f11d[Not completed]
  s11:      NEW group-6AB839334A82:java.util.concurrent.CompletableFuture@51f116b8[Not completed]
  s10:      NEW group-6AB839334A82:java.util.concurrent.CompletableFuture@2abf4075[Not completed]
  s13:      NEW group-6AB839334A82:java.util.concurrent.CompletableFuture@7690781[Not completed]
  s12:      NEW group-6AB839334A82:java.util.concurrent.CompletableFuture@140c9f39[Not completed]
  s14:      NEW group-6AB839334A82:java.util.concurrent.CompletableFuture@2e222612[Not completed]
  s0:      NEW group-6AB839334A82:java.util.concurrent.CompletableFuture@2e1d27ba[Not completed]
  s1:      NEW group-6AB839334A82:java.util.concurrent.CompletableFuture@306cf3ea[Not completed]
  s2:      NEW group-6AB839334A82:java.util.concurrent.CompletableFuture@5939a379[Not completed]
2024-12-25 19:03:35,787 INFO  server.RaftServer$Division (RaftServerImpl.java:<init>(256)) - s14: new RaftServerImpl for group-6AB839334A82:[] with ArithmeticStateMachine:uninitialized
2024-12-25 19:03:35,787 INFO  server.RaftServerConfigKeys (ConfUtils.java:logGet(46)) - raft.server.rpc.timeout.min = 300ms (custom)
2024-12-25 19:03:35,787 INFO  server.RaftServerConfigKeys (ConfUtils.java:logGet(46)) - raft.server.rpc.timeout.max = 600ms (custom)
2024-12-25 19:03:35,787 INFO  server.RaftServerConfigKeys (ConfUtils.java:logGet(46)) - raft.server.rpc.sleep.time = 25ms (default)
2024-12-25 19:03:35,787 INFO  server.RaftServerConfigKeys (ConfUtils.java:logGet(46)) - raft.server.rpc.slowness.timeout = 60s (default)
2024-12-25 19:03:35,788 INFO  server.RaftServerConfigKeys (ConfUtils.java:logGet(46)) - raft.server.leaderelection.leader.step-down.wait-time = 10s (default)
2024-12-25 19:03:35,788 INFO  server.RaftServerConfigKeys (ConfUtils.java:logGet(46)) - raft.server.leaderelection.member.majority-add = false (default)
2024-12-25 19:03:35,788 INFO  server.RaftServerConfigKeys (ConfUtils.java:logGet(46)) - raft.server.sleep.deviation.threshold = 300ms (default)
2024-12-25 19:03:35,788 INFO  server.RaftServer$Division (ServerState.java:<init>(114)) - s14@group-6AB839334A82: ConfigurationManager, init=conf: {index: -1, cur=peers:[]|listeners:[], old=null}, confs=<EMPTY_MAP>
2024-12-25 19:03:35,788 INFO  server.RaftServerConfigKeys (ConfUtils.java:logGet(46)) - raft.server.notification.no-leader.timeout = 60s (default)
2024-12-25 19:03:35,788 INFO  server.RaftServerConfigKeys (ConfUtils.java:logGet(46)) - raft.server.read.timeout = 10s (default)
2024-12-25 19:03:35,788 INFO  server.RaftServerConfigKeys (ConfUtils.java:logGet(46)) - raft.server.retrycache.expirytime = 60s (default)
2024-12-25 19:03:35,789 INFO  server.RaftServerConfigKeys (ConfUtils.java:logGet(46)) - raft.server.retrycache.statistics.expirytime = 100ms (default)
2024-12-25 19:03:35,789 INFO  server.RaftServerConfigKeys (ConfUtils.java:logGet(46)) - raft.server.read.option = DEFAULT (default)
2024-12-25 19:03:35,789 INFO  server.RaftServerConfigKeys (ConfUtils.java:logGet(46)) - raft.server.read.read-after-write-consistent.write-index-cache.expiry-time = 60s (default)
2024-12-25 19:03:35,813 INFO  server.RaftServerConfigKeys (ConfUtils.java:logGet(46)) - raft.server.rpc.request.timeout = 3000ms (default)
2024-12-25 19:03:35,813 INFO  server.RaftServerConfigKeys (ConfUtils.java:logGet(46)) - raft.server.rpc.request.timeout = 3000ms (default)
2024-12-25 19:03:35,813 INFO  server.RaftServerConfigKeys (ConfUtils.java:logGet(46)) - raft.server.rpc.request.timeout = 3000ms (default)
2024-12-25 19:03:35,813 INFO  server.RaftServerConfigKeys (ConfUtils.java:logGet(46)) - raft.server.rpc.request.timeout = 3000ms (default)
2024-12-25 19:03:35,813 INFO  server.RaftServerConfigKeys (ConfUtils.java:logGet(46)) - raft.server.rpc.request.timeout = 3000ms (default)
2024-12-25 19:03:35,814 INFO  server.RaftServerConfigKeys (ConfUtils.java:logGet(46)) - raft.server.rpc.request.timeout = 3000ms (default)
2024-12-25 19:03:35,815 INFO  server.RaftServerConfigKeys (ConfUtils.java:logGet(46)) - raft.server.rpc.request.timeout = 3000ms (default)
2024-12-25 19:03:35,815 INFO  server.RaftServerConfigKeys (ConfUtils.java:logGet(46)) - raft.server.log.appender.install.snapshot.enabled = true (default)
2024-12-25 19:03:35,816 INFO  server.RaftServerConfigKeys (ConfUtils.java:logGet(46)) - raft.server.log.appender.install.snapshot.enabled = true (default)
2024-12-25 19:03:35,816 INFO  server.RaftServerConfigKeys (ConfUtils.java:logGet(46)) - raft.server.threadpool.server.cached = true (default)
2024-12-25 19:03:35,816 INFO  server.RaftServerConfigKeys (ConfUtils.java:logGet(46)) - raft.server.threadpool.server.cached = true (default)
2024-12-25 19:03:35,816 INFO  server.RaftServerConfigKeys (ConfUtils.java:logGet(46)) - raft.server.threadpool.server.size = 0 (default)
2024-12-25 19:03:35,816 INFO  server.RaftServerConfigKeys (ConfUtils.java:logGet(46)) - raft.server.threadpool.client.cached = true (default)
2024-12-25 19:03:35,815 INFO  server.RaftServerConfigKeys (ConfUtils.java:logGet(46)) - raft.server.log.appender.install.snapshot.enabled = true (default)
2024-12-25 19:03:35,816 INFO  server.RaftServerConfigKeys (ConfUtils.java:logGet(46)) - raft.server.log.appender.install.snapshot.enabled = true (default)
2024-12-25 19:03:35,817 INFO  server.RaftServerConfigKeys (ConfUtils.java:logGet(46)) - raft.server.threadpool.server.cached = true (default)
2024-12-25 19:03:35,817 INFO  server.RaftServerConfigKeys (ConfUtils.java:logGet(46)) - raft.server.threadpool.server.size = 0 (default)
2024-12-25 19:03:35,817 INFO  server.RaftServerConfigKeys (ConfUtils.java:logGet(46)) - raft.server.threadpool.client.cached = true (default)
2024-12-25 19:03:35,817 INFO  server.RaftServerConfigKeys (ConfUtils.java:logGet(46)) - raft.server.threadpool.client.size = 0 (default)
2024-12-25 19:03:35,817 INFO  server.RaftServerConfigKeys (ConfUtils.java:logGet(46)) - raft.server.rpc.request.timeout = 3000ms (default)
2024-12-25 19:03:35,817 INFO  server.RaftServerConfigKeys (ConfUtils.java:logGet(46)) - raft.server.log.appender.install.snapshot.enabled = true (default)
2024-12-25 19:03:35,818 INFO  server.RaftServerConfigKeys (ConfUtils.java:logGet(46)) - raft.server.threadpool.server.cached = true (default)
2024-12-25 19:03:35,818 INFO  server.RaftServerConfigKeys (ConfUtils.java:logGet(46)) - raft.server.threadpool.server.size = 0 (default)
2024-12-25 19:03:35,818 INFO  server.RaftServerConfigKeys (ConfUtils.java:logGet(46)) - raft.server.threadpool.client.cached = true (default)
2024-12-25 19:03:35,818 INFO  server.RaftServerConfigKeys (ConfUtils.java:logGet(46)) - raft.server.threadpool.client.size = 0 (default)
2024-12-25 19:03:35,818 INFO  server.RaftServerConfigKeys (ConfUtils.java:logGet(46)) - raft.server.log.appender.install.snapshot.enabled = true (default)
2024-12-25 19:03:35,818 INFO  server.RaftServerConfigKeys (ConfUtils.java:logGet(46)) - raft.server.threadpool.server.cached = true (default)
2024-12-25 19:03:35,818 INFO  server.RaftServerConfigKeys (ConfUtils.java:logGet(46)) - raft.server.threadpool.server.size = 0 (default)
2024-12-25 19:03:35,819 INFO  server.RaftServerConfigKeys (ConfUtils.java:logGet(46)) - raft.server.threadpool.client.cached = true (default)
2024-12-25 19:03:35,819 INFO  server.RaftServerConfigKeys (ConfUtils.java:logGet(46)) - raft.server.threadpool.client.size = 0 (default)
2024-12-25 19:03:35,815 INFO  server.RaftServerConfigKeys (ConfUtils.java:logGet(46)) - raft.server.log.appender.install.snapshot.enabled = true (default)
2024-12-25 19:03:35,817 INFO  server.RaftServerConfigKeys (ConfUtils.java:logGet(46)) - raft.server.rpc.request.timeout = 3000ms (default)
2024-12-25 19:03:35,819 INFO  server.RaftServerConfigKeys (ConfUtils.java:logGet(46)) - raft.server.log.appender.install.snapshot.enabled = true (default)
2024-12-25 19:03:35,819 INFO  server.RaftServerConfigKeys (ConfUtils.java:logGet(46)) - raft.server.threadpool.server.cached = true (default)
2024-12-25 19:03:35,819 INFO  server.RaftServerConfigKeys (ConfUtils.java:logGet(46)) - raft.server.threadpool.server.size = 0 (default)
2024-12-25 19:03:35,820 INFO  server.RaftServerConfigKeys (ConfUtils.java:logGet(46)) - raft.server.threadpool.client.cached = true (default)
2024-12-25 19:03:35,820 INFO  server.RaftServerConfigKeys (ConfUtils.java:logGet(46)) - raft.server.threadpool.client.size = 0 (default)
2024-12-25 19:03:35,817 INFO  server.RaftServerConfigKeys (ConfUtils.java:logGet(46)) - raft.server.threadpool.server.cached = true (default)
2024-12-25 19:03:35,820 INFO  server.RaftServerConfigKeys (ConfUtils.java:logGet(46)) - raft.server.threadpool.server.size = 0 (default)
2024-12-25 19:03:35,820 INFO  server.RaftServerConfigKeys (ConfUtils.java:logGet(46)) - raft.server.threadpool.client.cached = true (default)
2024-12-25 19:03:35,820 INFO  server.RaftServerConfigKeys (ConfUtils.java:logGet(46)) - raft.server.threadpool.client.size = 0 (default)
2024-12-25 19:03:35,817 INFO  server.RaftServerConfigKeys (ConfUtils.java:logGet(46)) - raft.server.threadpool.client.size = 0 (default)
2024-12-25 19:03:35,816 INFO  server.RaftServerConfigKeys (ConfUtils.java:logGet(46)) - raft.server.log.appender.install.snapshot.enabled = true (default)
2024-12-25 19:03:35,825 INFO  server.RaftServerConfigKeys (ConfUtils.java:logGet(46)) - raft.server.threadpool.server.cached = true (default)
2024-12-25 19:03:35,825 INFO  server.RaftServerConfigKeys (ConfUtils.java:logGet(46)) - raft.server.threadpool.server.size = 0 (default)
2024-12-25 19:03:35,825 INFO  server.RaftServerConfigKeys (ConfUtils.java:logGet(46)) - raft.server.threadpool.client.cached = true (default)
2024-12-25 19:03:35,825 INFO  server.RaftServerConfigKeys (ConfUtils.java:logGet(46)) - raft.server.threadpool.client.size = 0 (default)
2024-12-25 19:03:35,816 INFO  server.RaftServerConfigKeys (ConfUtils.java:logGet(46)) - raft.server.threadpool.server.size = 0 (default)
2024-12-25 19:03:35,825 INFO  server.RaftServerConfigKeys (ConfUtils.java:logGet(46)) - raft.server.threadpool.client.cached = true (default)
2024-12-25 19:03:35,826 INFO  server.RaftServerConfigKeys (ConfUtils.java:logGet(46)) - raft.server.threadpool.client.size = 0 (default)
2024-12-25 19:03:35,820 INFO  server.RaftServerConfigKeys (ConfUtils.java:logGet(46)) - raft.server.rpc.request.timeout = 3000ms (default)
2024-12-25 19:03:35,819 INFO  server.RaftServerConfigKeys (ConfUtils.java:logGet(46)) - raft.server.threadpool.server.cached = true (default)
2024-12-25 19:03:35,826 INFO  server.RaftServerConfigKeys (ConfUtils.java:logGet(46)) - raft.server.threadpool.server.size = 0 (default)
2024-12-25 19:03:35,826 INFO  server.RaftServerConfigKeys (ConfUtils.java:logGet(46)) - raft.server.threadpool.client.cached = true (default)
2024-12-25 19:03:35,826 INFO  server.RaftServerConfigKeys (ConfUtils.java:logGet(46)) - raft.server.threadpool.client.size = 0 (default)
2024-12-25 19:03:35,826 INFO  server.RaftServerConfigKeys (ConfUtils.java:logGet(46)) - raft.server.log.appender.install.snapshot.enabled = true (default)
2024-12-25 19:03:35,826 INFO  server.RaftServerConfigKeys (ConfUtils.java:logGet(46)) - raft.server.threadpool.server.cached = true (default)
2024-12-25 19:03:35,827 INFO  server.RaftServerConfigKeys (ConfUtils.java:logGet(46)) - raft.server.threadpool.server.size = 0 (default)
2024-12-25 19:03:35,827 INFO  server.RaftServerConfigKeys (ConfUtils.java:logGet(46)) - raft.server.threadpool.client.cached = true (default)
2024-12-25 19:03:35,827 INFO  server.RaftServerConfigKeys (ConfUtils.java:logGet(46)) - raft.server.threadpool.client.size = 0 (default)
2024-12-25 19:03:35,826 INFO  server.RaftServerConfigKeys (ConfUtils.java:logGet(46)) - raft.server.rpc.request.timeout = 3000ms (default)
2024-12-25 19:03:35,829 INFO  server.RaftServerConfigKeys (ConfUtils.java:logGet(46)) - raft.server.rpc.request.timeout = 3000ms (default)
2024-12-25 19:03:35,829 INFO  server.RaftServerConfigKeys (ConfUtils.java:logGet(46)) - raft.server.log.appender.install.snapshot.enabled = true (default)
2024-12-25 19:03:35,830 INFO  server.RaftServerConfigKeys (ConfUtils.java:logGet(46)) - raft.server.threadpool.server.cached = true (default)
2024-12-25 19:03:35,830 INFO  server.RaftServerConfigKeys (ConfUtils.java:logGet(46)) - raft.server.threadpool.server.size = 0 (default)
2024-12-25 19:03:35,830 INFO  server.RaftServerConfigKeys (ConfUtils.java:logGet(46)) - raft.server.rpc.request.timeout = 3000ms (default)
2024-12-25 19:03:35,830 INFO  server.RaftServerConfigKeys (ConfUtils.java:logGet(46)) - raft.server.log.appender.install.snapshot.enabled = true (default)
2024-12-25 19:03:35,830 INFO  server.RaftServerConfigKeys (ConfUtils.java:logGet(46)) - raft.server.threadpool.server.cached = true (default)
2024-12-25 19:03:35,830 INFO  server.RaftServerConfigKeys (ConfUtils.java:logGet(46)) - raft.server.threadpool.server.size = 0 (default)
2024-12-25 19:03:35,830 INFO  server.RaftServerConfigKeys (ConfUtils.java:logGet(46)) - raft.server.threadpool.client.cached = true (default)
2024-12-25 19:03:35,830 INFO  server.RaftServerConfigKeys (ConfUtils.java:logGet(46)) - raft.server.threadpool.client.size = 0 (default)
2024-12-25 19:03:35,829 INFO  server.RaftServerConfigKeys (ConfUtils.java:logGet(46)) - raft.server.log.appender.install.snapshot.enabled = true (default)
2024-12-25 19:03:35,831 INFO  server.RaftServerConfigKeys (ConfUtils.java:logGet(46)) - raft.server.threadpool.server.cached = true (default)
2024-12-25 19:03:35,830 INFO  server.RaftServerConfigKeys (ConfUtils.java:logGet(46)) - raft.server.threadpool.client.cached = true (default)
2024-12-25 19:03:35,830 INFO  server.RaftServerConfigKeys (ConfUtils.java:logGet(46)) - raft.server.rpc.request.timeout = 3000ms (default)
2024-12-25 19:03:35,831 INFO  server.RaftServerConfigKeys (ConfUtils.java:logGet(46)) - raft.server.log.appender.install.snapshot.enabled = true (default)
2024-12-25 19:03:35,831 INFO  server.RaftServerConfigKeys (ConfUtils.java:logGet(46)) - raft.server.threadpool.server.cached = true (default)
2024-12-25 19:03:35,831 INFO  server.RaftServerConfigKeys (ConfUtils.java:logGet(46)) - raft.server.threadpool.server.size = 0 (default)
2024-12-25 19:03:35,831 INFO  server.RaftServerConfigKeys (ConfUtils.java:logGet(46)) - raft.server.threadpool.client.cached = true (default)
2024-12-25 19:03:35,831 INFO  server.RaftServerConfigKeys (ConfUtils.java:logGet(46)) - raft.server.threadpool.client.size = 0 (default)
2024-12-25 19:03:35,830 INFO  server.RaftServerConfigKeys (ConfUtils.java:logGet(46)) - raft.server.rpc.request.timeout = 3000ms (default)
2024-12-25 19:03:35,831 INFO  server.RaftServerConfigKeys (ConfUtils.java:logGet(46)) - raft.server.threadpool.client.size = 0 (default)
2024-12-25 19:03:35,831 INFO  server.RaftServerConfigKeys (ConfUtils.java:logGet(46)) - raft.server.threadpool.server.size = 0 (default)
2024-12-25 19:03:35,832 INFO  server.RaftServerConfigKeys (ConfUtils.java:logGet(46)) - raft.server.threadpool.client.cached = true (default)
2024-12-25 19:03:35,832 INFO  server.RaftServerConfigKeys (ConfUtils.java:logGet(46)) - raft.server.threadpool.client.size = 0 (default)
2024-12-25 19:03:35,832 INFO  server.RaftServerConfigKeys (ConfUtils.java:logGet(46)) - raft.server.log.appender.install.snapshot.enabled = true (default)
2024-12-25 19:03:35,832 INFO  server.RaftServerConfigKeys (ConfUtils.java:logGet(46)) - raft.server.threadpool.server.cached = true (default)
2024-12-25 19:03:35,832 INFO  server.RaftServerConfigKeys (ConfUtils.java:logGet(46)) - raft.server.threadpool.server.size = 0 (default)
2024-12-25 19:03:35,833 INFO  server.RaftServerConfigKeys (ConfUtils.java:logGet(46)) - raft.server.threadpool.client.cached = true (default)
2024-12-25 19:03:35,833 INFO  server.RaftServerConfigKeys (ConfUtils.java:logGet(46)) - raft.server.threadpool.client.size = 0 (default)
2024-12-25 19:03:36,787 INFO  impl.MiniRaftCluster (MiniRaftCluster.java:start(352)) - .............................................................. 
2024-12-25 19:03:36,787 INFO  impl.MiniRaftCluster (MiniRaftCluster.java:start(353)) - ... 
2024-12-25 19:03:36,787 INFO  impl.MiniRaftCluster (MiniRaftCluster.java:start(354)) - ...     Starting MiniRaftClusterWithSimulatedRpc
2024-12-25 19:03:36,787 INFO  impl.MiniRaftCluster (MiniRaftCluster.java:start(355)) - ... 
2024-12-25 19:03:36,787 INFO  impl.MiniRaftCluster (MiniRaftCluster.java:start(356)) - .............................................................. 
2024-12-25 19:03:36,789 INFO  impl.MiniRaftCluster (MiniRaftCluster.java:initServers(331)) - servers = {s3=s3:      NEW      null s3@group-6AB839334A82:t0, leader=null, voted=null, raftlog=UNINITIALIZED, conf=conf: {index: -1, cur=peers:[]|listeners:[], old=null} NEW, s4=s4:      NEW      null s4@group-6AB839334A82:t0, leader=null, voted=null, raftlog=UNINITIALIZED, conf=conf: {index: -1, cur=peers:[]|listeners:[], old=null} NEW, s5=s5:      NEW      null s5@group-6AB839334A82:t0, leader=null, voted=null, raftlog=UNINITIALIZED, conf=conf: {index: -1, cur=peers:[]|listeners:[], old=null} NEW, s6=s6:      NEW      null s6@group-6AB839334A82:t0, leader=null, voted=null, raftlog=UNINITIALIZED, conf=conf: {index: -1, cur=peers:[]|listeners:[], old=null} NEW, s7=s7:      NEW      null s7@group-6AB839334A82:t0, leader=null, voted=null, raftlog=UNINITIALIZED, conf=conf: {index: -1, cur=peers:[]|listeners:[], old=null} NEW, s8=s8:      NEW      null s8@group-6AB839334A82:t0, leader=null, voted=null, raftlog=UNINITIALIZED, conf=conf: {index: -1, cur=peers:[]|listeners:[], old=null} NEW, s9=s9:      NEW      null s9@group-6AB839334A82:t0, leader=null, voted=null, raftlog=UNINITIALIZED, conf=conf: {index: -1, cur=peers:[]|listeners:[], old=null} NEW, s11=s11:      NEW      null s11@group-6AB839334A82:t0, leader=null, voted=null, raftlog=UNINITIALIZED, conf=conf: {index: -1, cur=peers:[]|listeners:[], old=null} NEW, s10=s10:      NEW      null s10@group-6AB839334A82:t0, leader=null, voted=null, raftlog=UNINITIALIZED, conf=conf: {index: -1, cur=peers:[]|listeners:[], old=null} NEW, s13=s13:      NEW      null s13@group-6AB839334A82:t0, leader=null, voted=null, raftlog=UNINITIALIZED, conf=conf: {index: -1, cur=peers:[]|listeners:[], old=null} NEW, s12=s12:      NEW      null s12@group-6AB839334A82:t0, leader=null, voted=null, raftlog=UNINITIALIZED, conf=conf: {index: -1, cur=peers:[]|listeners:[], old=null} NEW, s14=s14:      NEW      null s14@group-6AB839334A82:t0, leader=null, voted=null, raftlog=UNINITIALIZED, conf=conf: {index: -1, cur=peers:[]|listeners:[], old=null} NEW, s0=s0:      NEW      null s0@group-6AB839334A82:t0, leader=null, voted=null, raftlog=UNINITIALIZED, conf=conf: {index: -1, cur=peers:[]|listeners:[], old=null} NEW, s1=s1:      NEW      null s1@group-6AB839334A82:t0, leader=null, voted=null, raftlog=UNINITIALIZED, conf=conf: {index: -1, cur=peers:[]|listeners:[], old=null} NEW, s2=s2:      NEW      null s2@group-6AB839334A82:t0, leader=null, voted=null, raftlog=UNINITIALIZED, conf=conf: {index: -1, cur=peers:[]|listeners:[], old=null} NEW}
2024-12-25 19:03:36,792 INFO  server.RaftServerConfigKeys (ConfUtils.java:logGet(46)) - raft.server.storage.free-space.min = 0MB (=0) (default)
2024-12-25 19:03:36,793 INFO  server.RaftServerConfigKeys (ConfUtils.java:logGet(46)) - raft.server.log.corruption.policy = EXCEPTION (default)
2024-12-25 19:03:36,793 INFO  server.RaftServerConfigKeys (ConfUtils.java:logGet(46)) - raft.server.storage.dir = [/home/runner/work/ratis/ratis/ratis-examples/target/test/data/6cc16ceb/MiniRaftClusterWithSimulatedRpc6b18c296/s3] (custom)
2024-12-25 19:03:36,797 INFO  storage.RaftStorageDirectory (RaftStorageDirectoryImpl.java:analyzeStorage(138)) - The storage directory /home/runner/work/ratis/ratis/ratis-examples/target/test/data/6cc16ceb/MiniRaftClusterWithSimulatedRpc6b18c296/s3/975fab1c-def9-48c4-af4d-6ab839334a82 does not exist. Creating ...
2024-12-25 19:03:36,798 TRACE util.FileUtils (LogUtils.java:runAndLog(49)) - Successfully ran Files.createDirectories /home/runner/work/ratis/ratis/ratis-examples/target/test/data/6cc16ceb/MiniRaftClusterWithSimulatedRpc6b18c296/s3/975fab1c-def9-48c4-af4d-6ab839334a82
2024-12-25 19:03:36,801 INFO  storage.RaftStorageDirectory (RaftStorageDirectoryImpl.java:tryLock(229)) - Lock on /home/runner/work/ratis/ratis/ratis-examples/target/test/data/6cc16ceb/MiniRaftClusterWithSimulatedRpc6b18c296/s3/975fab1c-def9-48c4-af4d-6ab839334a82/in_use.lock acquired by nodename 14827@fv-az835-686.uia40oc12eqezaqrhfktyfhufg.ex.internal.cloudapp.net
2024-12-25 19:03:36,801 TRACE util.FileUtils (LogUtils.java:runAndLog(49)) - Successfully ran Files.createDirectories /home/runner/work/ratis/ratis/ratis-examples/target/test/data/6cc16ceb/MiniRaftClusterWithSimulatedRpc6b18c296/s3/975fab1c-def9-48c4-af4d-6ab839334a82/current
2024-12-25 19:03:36,801 TRACE util.FileUtils (LogUtils.java:runAndLog(49)) - Successfully ran Files.createDirectories /home/runner/work/ratis/ratis/ratis-examples/target/test/data/6cc16ceb/MiniRaftClusterWithSimulatedRpc6b18c296/s3/975fab1c-def9-48c4-af4d-6ab839334a82/sm
2024-12-25 19:03:36,812 TRACE util.FileUtils (LogUtils.java:supplyAndLog(69)) - Successfully supplied FileChannel.open /home/runner/work/ratis/ratis/ratis-examples/target/test/data/6cc16ceb/MiniRaftClusterWithSimulatedRpc6b18c296/s3/975fab1c-def9-48c4-af4d-6ab839334a82/current/raft-meta.tmp with options [CREATE, WRITE]: sun.nio.ch.FileChannelImpl@b5787a
2024-12-25 19:03:36,817 TRACE util.FileUtils (LogUtils.java:runAndLog(49)) - Successfully ran Atomic Files.move /home/runner/work/ratis/ratis/ratis-examples/target/test/data/6cc16ceb/MiniRaftClusterWithSimulatedRpc6b18c296/s3/975fab1c-def9-48c4-af4d-6ab839334a82/current/raft-meta.tmp to /home/runner/work/ratis/ratis/ratis-examples/target/test/data/6cc16ceb/MiniRaftClusterWithSimulatedRpc6b18c296/s3/975fab1c-def9-48c4-af4d-6ab839334a82/current/raft-meta with options [REPLACE_EXISTING]
2024-12-25 19:03:36,817 INFO  storage.RaftStorage (RaftStorageImpl.java:format(98)) - Storage directory /home/runner/work/ratis/ratis/ratis-examples/target/test/data/6cc16ceb/MiniRaftClusterWithSimulatedRpc6b18c296/s3/975fab1c-def9-48c4-af4d-6ab839334a82 has been successfully formatted.
2024-12-25 19:03:36,819 WARN  statemachine.StateMachine (ArithmeticStateMachine.java:loadSnapshot(115)) - The snapshot info is null.
2024-12-25 19:03:36,820 INFO  server.RaftServerConfigKeys (ConfUtils.java:logGet(46)) - raft.server.log.use.memory = false (default)
2024-12-25 19:03:36,825 INFO  server.RaftServerConfigKeys (ConfUtils.java:logGet(46)) - raft.server.log.purge.gap = 1024 (default)
2024-12-25 19:03:36,825 INFO  server.RaftServerConfigKeys (ConfUtils.java:logGet(46)) - raft.server.log.appender.buffer.byte-limit = 4MB (=4194304) (default)
2024-12-25 19:03:36,826 INFO  server.RaftServerConfigKeys (ConfUtils.java:logGet(46)) - raft.server.log.statemachine.data.read.timeout = 1000ms (default)
2024-12-25 19:03:36,827 INFO  server.RaftServerConfigKeys (ConfUtils.java:logGet(46)) - raft.server.log.purge.preservation.log.num = 0 (default)
2024-12-25 19:03:36,829 INFO  server.RaftServerConfigKeys (ConfUtils.java:logGet(46)) - raft.server.log.segment.size.max = 32MB (=33554432) (default)
2024-12-25 19:03:36,832 INFO  server.RaftServerConfigKeys (ConfUtils.java:logGet(46)) - raft.server.log.segment.cache.num.max = 6 (default)
2024-12-25 19:03:36,832 INFO  server.RaftServerConfigKeys (ConfUtils.java:logGet(46)) - raft.server.log.segment.cache.size.max = 200MB (=209715200) (default)
2024-12-25 19:03:36,832 INFO  server.RaftServerConfigKeys (ConfUtils.java:logGet(46)) - raft.server.log.appender.buffer.byte-limit = 4MB (=4194304) (default)
2024-12-25 19:03:36,833 INFO  util.AwaitToRun (AwaitToRun.java:start(81)) - Thread[s3@group-6AB839334A82-cacheEviction-AwaitToRun,5,main] started
2024-12-25 19:03:36,836 INFO  segmented.SegmentedRaftLogWorker (SegmentedRaftLogWorker.java:<init>(189)) - new s3@group-6AB839334A82-SegmentedRaftLogWorker for RaftStorageImpl:Storage Directory /home/runner/work/ratis/ratis/ratis-examples/target/test/data/6cc16ceb/MiniRaftClusterWithSimulatedRpc6b18c296/s3/975fab1c-def9-48c4-af4d-6ab839334a82
2024-12-25 19:03:36,836 INFO  server.RaftServerConfigKeys (ConfUtils.java:logGet(46)) - raft.server.log.queue.byte-limit = 64MB (=67108864) (default)
2024-12-25 19:03:36,837 INFO  server.RaftServerConfigKeys (ConfUtils.java:logGet(46)) - raft.server.log.queue.element-limit = 4096 (default)
2024-12-25 19:03:36,838 INFO  server.RaftServerConfigKeys (ConfUtils.java:logGet(46)) - raft.server.log.segment.size.max = 32MB (=33554432) (default)
2024-12-25 19:03:36,838 INFO  server.RaftServerConfigKeys (ConfUtils.java:logGet(46)) - raft.server.log.preallocated.size = 4MB (=4194304) (default)
2024-12-25 19:03:36,838 INFO  server.RaftServerConfigKeys (ConfUtils.java:logGet(46)) - raft.server.log.force.sync.num = 128 (default)
2024-12-25 19:03:36,839 INFO  server.RaftServerConfigKeys (ConfUtils.java:logGet(46)) - raft.server.log.statemachine.data.sync = true (default)
2024-12-25 19:03:36,839 INFO  server.RaftServerConfigKeys (ConfUtils.java:logGet(46)) - raft.server.log.statemachine.data.sync.timeout = 10s (default)
2024-12-25 19:03:36,839 INFO  server.RaftServerConfigKeys (ConfUtils.java:logGet(46)) - raft.server.log.statemachine.data.sync.timeout.retry = -1 (default)
2024-12-25 19:03:36,867 INFO  server.RaftServerConfigKeys (ConfUtils.java:logGet(46)) - raft.server.log.write.buffer.size = 8MB (=8388608) (default)
2024-12-25 19:03:36,869 INFO  server.RaftServerConfigKeys (ConfUtils.java:logGet(46)) - raft.server.log.appender.buffer.byte-limit = 4MB (=4194304) (default)
2024-12-25 19:03:36,869 INFO  server.RaftServerConfigKeys (ConfUtils.java:logGet(46)) - raft.server.log.unsafe-flush.enabled = false (default)
2024-12-25 19:03:36,869 INFO  server.RaftServerConfigKeys (ConfUtils.java:logGet(46)) - raft.server.log.async-flush.enabled = false (default)
2024-12-25 19:03:36,869 INFO  server.RaftServerConfigKeys (ConfUtils.java:logGet(46)) - raft.server.log.statemachine.data.caching.enabled = false (default)
2024-12-25 19:03:36,873 INFO  segmented.SegmentedRaftLogWorker (SegmentedRaftLogWorker.java:lambda$new$0(140)) - s3@group-6AB839334A82-SegmentedRaftLogWorker: flushIndex: setUnconditionally 0 -> -1
2024-12-25 19:03:36,873 INFO  segmented.SegmentedRaftLogWorker (SegmentedRaftLogWorker.java:lambda$new$0(140)) - s3@group-6AB839334A82-SegmentedRaftLogWorker: safeCacheEvictIndex: setUnconditionally 0 -> -1
2024-12-25 19:03:36,875 INFO  server.RaftServer$Division (RaftServerImpl.java:start(398)) - s3@group-6AB839334A82: start with initializing state, conf=conf: {index: -1, cur=peers:[]|listeners:[], old=null}
2024-12-25 19:03:36,875 INFO  server.RaftServer$Division (RaftServerImpl.java:setRole(379)) - s3@group-6AB839334A82: changes role from      null to FOLLOWER at term 0 for start
2024-12-25 19:03:36,877 INFO  util.JmxRegister (JmxRegister.java:tryRegister(44)) - Successfully registered JMX Bean with object name Ratis:service=RaftServer,group=group-6AB839334A82,id=s3
2024-12-25 19:03:36,877 INFO  util.JmxRegister (JmxRegister.java:register(58)) - register mxBean class org.apache.ratis.server.impl.RaftServerJmxAdapter as Ratis:service=RaftServer,group=group-6AB839334A82,id=s3
2024-12-25 19:03:36,878 INFO  server.RaftServerConfigKeys (ConfUtils.java:logGet(46)) - raft.server.snapshot.trigger-when-stop.enabled = true (default)
2024-12-25 19:03:36,879 INFO  server.RaftServerConfigKeys (ConfUtils.java:logGet(46)) - raft.server.snapshot.trigger-when-remove.enabled = true (default)
2024-12-25 19:03:36,879 INFO  server.RaftServerConfigKeys (ConfUtils.java:logGet(46)) - raft.server.snapshot.auto.trigger.enabled = false (default)
2024-12-25 19:03:36,879 INFO  server.RaftServerConfigKeys (ConfUtils.java:logGet(46)) - raft.server.snapshot.retention.file.num = -1 (default)
2024-12-25 19:03:36,880 INFO  server.RaftServerConfigKeys (ConfUtils.java:logGet(46)) - raft.server.log.purge.upto.snapshot.index = false (default)
2024-12-25 19:03:36,882 INFO  server.RaftServer$Division (RaftServerImpl.java:start(406)) - s3@group-6AB839334A82: Successfully started.
2024-12-25 19:03:36,882 INFO  server.RaftServer (RaftServerProxy.java:startImpl(408)) - s3: start RPC server
2024-12-25 19:03:36,886 INFO  util.JvmPauseMonitor (JvmPauseMonitor.java:run(146)) - JvmPauseMonitor-s3: Started
2024-12-25 19:03:36,886 INFO  server.RaftServerConfigKeys (ConfUtils.java:logGet(46)) - raft.server.storage.free-space.min = 0MB (=0) (default)
2024-12-25 19:03:36,886 INFO  server.RaftServerConfigKeys (ConfUtils.java:logGet(46)) - raft.server.log.corruption.policy = EXCEPTION (default)
2024-12-25 19:03:36,887 INFO  server.RaftServerConfigKeys (ConfUtils.java:logGet(46)) - raft.server.storage.dir = [/home/runner/work/ratis/ratis/ratis-examples/target/test/data/6cc16ceb/MiniRaftClusterWithSimulatedRpc6b18c296/s4] (custom)
2024-12-25 19:03:36,887 INFO  storage.RaftStorageDirectory (RaftStorageDirectoryImpl.java:analyzeStorage(138)) - The storage directory /home/runner/work/ratis/ratis/ratis-examples/target/test/data/6cc16ceb/MiniRaftClusterWithSimulatedRpc6b18c296/s4/975fab1c-def9-48c4-af4d-6ab839334a82 does not exist. Creating ...
2024-12-25 19:03:36,888 TRACE util.FileUtils (LogUtils.java:runAndLog(49)) - Successfully ran Files.createDirectories /home/runner/work/ratis/ratis/ratis-examples/target/test/data/6cc16ceb/MiniRaftClusterWithSimulatedRpc6b18c296/s4/975fab1c-def9-48c4-af4d-6ab839334a82
2024-12-25 19:03:36,889 INFO  storage.RaftStorageDirectory (RaftStorageDirectoryImpl.java:tryLock(229)) - Lock on /home/runner/work/ratis/ratis/ratis-examples/target/test/data/6cc16ceb/MiniRaftClusterWithSimulatedRpc6b18c296/s4/975fab1c-def9-48c4-af4d-6ab839334a82/in_use.lock acquired by nodename 14827@fv-az835-686.uia40oc12eqezaqrhfktyfhufg.ex.internal.cloudapp.net
2024-12-25 19:03:36,889 TRACE util.FileUtils (LogUtils.java:runAndLog(49)) - Successfully ran Files.createDirectories /home/runner/work/ratis/ratis/ratis-examples/target/test/data/6cc16ceb/MiniRaftClusterWithSimulatedRpc6b18c296/s4/975fab1c-def9-48c4-af4d-6ab839334a82/current
2024-12-25 19:03:36,889 TRACE util.FileUtils (LogUtils.java:runAndLog(49)) - Successfully ran Files.createDirectories /home/runner/work/ratis/ratis/ratis-examples/target/test/data/6cc16ceb/MiniRaftClusterWithSimulatedRpc6b18c296/s4/975fab1c-def9-48c4-af4d-6ab839334a82/sm
2024-12-25 19:03:36,889 TRACE util.FileUtils (LogUtils.java:supplyAndLog(69)) - Successfully supplied FileChannel.open /home/runner/work/ratis/ratis/ratis-examples/target/test/data/6cc16ceb/MiniRaftClusterWithSimulatedRpc6b18c296/s4/975fab1c-def9-48c4-af4d-6ab839334a82/current/raft-meta.tmp with options [CREATE, WRITE]: sun.nio.ch.FileChannelImpl@5865b0fd
2024-12-25 19:03:36,891 TRACE util.FileUtils (LogUtils.java:runAndLog(49)) - Successfully ran Atomic Files.move /home/runner/work/ratis/ratis/ratis-examples/target/test/data/6cc16ceb/MiniRaftClusterWithSimulatedRpc6b18c296/s4/975fab1c-def9-48c4-af4d-6ab839334a82/current/raft-meta.tmp to /home/runner/work/ratis/ratis/ratis-examples/target/test/data/6cc16ceb/MiniRaftClusterWithSimulatedRpc6b18c296/s4/975fab1c-def9-48c4-af4d-6ab839334a82/current/raft-meta with options [REPLACE_EXISTING]
2024-12-25 19:03:36,891 INFO  storage.RaftStorage (RaftStorageImpl.java:format(98)) - Storage directory /home/runner/work/ratis/ratis/ratis-examples/target/test/data/6cc16ceb/MiniRaftClusterWithSimulatedRpc6b18c296/s4/975fab1c-def9-48c4-af4d-6ab839334a82 has been successfully formatted.
2024-12-25 19:03:36,891 WARN  statemachine.StateMachine (ArithmeticStateMachine.java:loadSnapshot(115)) - The snapshot info is null.
2024-12-25 19:03:36,891 INFO  server.RaftServerConfigKeys (ConfUtils.java:logGet(46)) - raft.server.log.use.memory = false (default)
2024-12-25 19:03:36,891 INFO  server.RaftServerConfigKeys (ConfUtils.java:logGet(46)) - raft.server.log.purge.gap = 1024 (default)
2024-12-25 19:03:36,891 INFO  server.RaftServerConfigKeys (ConfUtils.java:logGet(46)) - raft.server.log.appender.buffer.byte-limit = 4MB (=4194304) (default)
2024-12-25 19:03:36,892 INFO  server.RaftServerConfigKeys (ConfUtils.java:logGet(46)) - raft.server.log.statemachine.data.read.timeout = 1000ms (default)
2024-12-25 19:03:36,892 INFO  server.RaftServerConfigKeys (ConfUtils.java:logGet(46)) - raft.server.log.purge.preservation.log.num = 0 (default)
2024-12-25 19:03:36,892 INFO  server.RaftServerConfigKeys (ConfUtils.java:logGet(46)) - raft.server.log.segment.size.max = 32MB (=33554432) (default)
2024-12-25 19:03:36,892 INFO  server.RaftServerConfigKeys (ConfUtils.java:logGet(46)) - raft.server.log.segment.cache.num.max = 6 (default)
2024-12-25 19:03:36,892 INFO  server.RaftServerConfigKeys (ConfUtils.java:logGet(46)) - raft.server.log.segment.cache.size.max = 200MB (=209715200) (default)
2024-12-25 19:03:36,893 INFO  server.RaftServerConfigKeys (ConfUtils.java:logGet(46)) - raft.server.log.appender.buffer.byte-limit = 4MB (=4194304) (default)
2024-12-25 19:03:36,895 INFO  util.AwaitToRun (AwaitToRun.java:start(81)) - Thread[s4@group-6AB839334A82-cacheEviction-AwaitToRun,5,main] started
2024-12-25 19:03:36,895 INFO  segmented.SegmentedRaftLogWorker (SegmentedRaftLogWorker.java:<init>(189)) - new s4@group-6AB839334A82-SegmentedRaftLogWorker for RaftStorageImpl:Storage Directory /home/runner/work/ratis/ratis/ratis-examples/target/test/data/6cc16ceb/MiniRaftClusterWithSimulatedRpc6b18c296/s4/975fab1c-def9-48c4-af4d-6ab839334a82
2024-12-25 19:03:36,896 INFO  server.RaftServerConfigKeys (ConfUtils.java:logGet(46)) - raft.server.log.queue.byte-limit = 64MB (=67108864) (default)
2024-12-25 19:03:36,896 INFO  server.RaftServerConfigKeys (ConfUtils.java:logGet(46)) - raft.server.log.queue.element-limit = 4096 (default)
2024-12-25 19:03:36,896 INFO  server.RaftServerConfigKeys (ConfUtils.java:logGet(46)) - raft.server.log.segment.size.max = 32MB (=33554432) (default)
2024-12-25 19:03:36,896 INFO  server.RaftServerConfigKeys (ConfUtils.java:logGet(46)) - raft.server.log.preallocated.size = 4MB (=4194304) (default)
2024-12-25 19:03:36,896 INFO  server.RaftServerConfigKeys (ConfUtils.java:logGet(46)) - raft.server.log.force.sync.num = 128 (default)
2024-12-25 19:03:36,896 INFO  server.RaftServerConfigKeys (ConfUtils.java:logGet(46)) - raft.server.log.statemachine.data.sync = true (default)
2024-12-25 19:03:36,896 INFO  server.RaftServerConfigKeys (ConfUtils.java:logGet(46)) - raft.server.log.statemachine.data.sync.timeout = 10s (default)
2024-12-25 19:03:36,896 INFO  server.RaftServerConfigKeys (ConfUtils.java:logGet(46)) - raft.server.log.statemachine.data.sync.timeout.retry = -1 (default)
2024-12-25 19:03:36,897 INFO  server.RaftServerConfigKeys (ConfUtils.java:logGet(46)) - raft.server.log.write.buffer.size = 8MB (=8388608) (default)
2024-12-25 19:03:36,898 INFO  server.RaftServerConfigKeys (ConfUtils.java:logGet(46)) - raft.server.log.appender.buffer.byte-limit = 4MB (=4194304) (default)
2024-12-25 19:03:36,898 INFO  server.RaftServerConfigKeys (ConfUtils.java:logGet(46)) - raft.server.log.unsafe-flush.enabled = false (default)
2024-12-25 19:03:36,898 INFO  server.RaftServerConfigKeys (ConfUtils.java:logGet(46)) - raft.server.log.async-flush.enabled = false (default)
2024-12-25 19:03:36,898 INFO  server.RaftServerConfigKeys (ConfUtils.java:logGet(46)) - raft.server.log.statemachine.data.caching.enabled = false (default)
2024-12-25 19:03:36,899 INFO  segmented.SegmentedRaftLogWorker (SegmentedRaftLogWorker.java:lambda$new$0(140)) - s4@group-6AB839334A82-SegmentedRaftLogWorker: flushIndex: setUnconditionally 0 -> -1
2024-12-25 19:03:36,899 INFO  segmented.SegmentedRaftLogWorker (SegmentedRaftLogWorker.java:lambda$new$0(140)) - s4@group-6AB839334A82-SegmentedRaftLogWorker: safeCacheEvictIndex: setUnconditionally 0 -> -1
2024-12-25 19:03:36,899 INFO  server.RaftServer$Division (RaftServerImpl.java:start(398)) - s4@group-6AB839334A82: start with initializing state, conf=conf: {index: -1, cur=peers:[]|listeners:[], old=null}
2024-12-25 19:03:36,899 INFO  server.RaftServer$Division (RaftServerImpl.java:setRole(379)) - s4@group-6AB839334A82: changes role from      null to FOLLOWER at term 0 for start
2024-12-25 19:03:36,899 INFO  util.JmxRegister (JmxRegister.java:tryRegister(44)) - Successfully registered JMX Bean with object name Ratis:service=RaftServer,group=group-6AB839334A82,id=s4
2024-12-25 19:03:36,899 INFO  util.JmxRegister (JmxRegister.java:register(58)) - register mxBean class org.apache.ratis.server.impl.RaftServerJmxAdapter as Ratis:service=RaftServer,group=group-6AB839334A82,id=s4
2024-12-25 19:03:36,899 INFO  server.RaftServerConfigKeys (ConfUtils.java:logGet(46)) - raft.server.snapshot.trigger-when-stop.enabled = true (default)
2024-12-25 19:03:36,900 INFO  server.RaftServerConfigKeys (ConfUtils.java:logGet(46)) - raft.server.snapshot.trigger-when-remove.enabled = true (default)
2024-12-25 19:03:36,900 INFO  server.RaftServerConfigKeys (ConfUtils.java:logGet(46)) - raft.server.snapshot.auto.trigger.enabled = false (default)
2024-12-25 19:03:36,900 INFO  server.RaftServerConfigKeys (ConfUtils.java:logGet(46)) - raft.server.snapshot.retention.file.num = -1 (default)
2024-12-25 19:03:36,900 INFO  server.RaftServerConfigKeys (ConfUtils.java:logGet(46)) - raft.server.log.purge.upto.snapshot.index = false (default)
2024-12-25 19:03:36,900 INFO  server.RaftServer$Division (RaftServerImpl.java:start(406)) - s4@group-6AB839334A82: Successfully started.
2024-12-25 19:03:36,901 INFO  server.RaftServer (RaftServerProxy.java:startImpl(408)) - s4: start RPC server
2024-12-25 19:03:36,902 INFO  util.JvmPauseMonitor (JvmPauseMonitor.java:run(146)) - JvmPauseMonitor-s4: Started
2024-12-25 19:03:36,902 INFO  server.RaftServerConfigKeys (ConfUtils.java:logGet(46)) - raft.server.storage.free-space.min = 0MB (=0) (default)
2024-12-25 19:03:36,902 INFO  server.RaftServerConfigKeys (ConfUtils.java:logGet(46)) - raft.server.log.corruption.policy = EXCEPTION (default)
2024-12-25 19:03:36,902 INFO  server.RaftServerConfigKeys (ConfUtils.java:logGet(46)) - raft.server.storage.dir = [/home/runner/work/ratis/ratis/ratis-examples/target/test/data/6cc16ceb/MiniRaftClusterWithSimulatedRpc6b18c296/s5] (custom)
2024-12-25 19:03:36,903 INFO  storage.RaftStorageDirectory (RaftStorageDirectoryImpl.java:analyzeStorage(138)) - The storage directory /home/runner/work/ratis/ratis/ratis-examples/target/test/data/6cc16ceb/MiniRaftClusterWithSimulatedRpc6b18c296/s5/975fab1c-def9-48c4-af4d-6ab839334a82 does not exist. Creating ...
2024-12-25 19:03:36,903 TRACE util.FileUtils (LogUtils.java:runAndLog(49)) - Successfully ran Files.createDirectories /home/runner/work/ratis/ratis/ratis-examples/target/test/data/6cc16ceb/MiniRaftClusterWithSimulatedRpc6b18c296/s5/975fab1c-def9-48c4-af4d-6ab839334a82
2024-12-25 19:03:36,904 INFO  storage.RaftStorageDirectory (RaftStorageDirectoryImpl.java:tryLock(229)) - Lock on /home/runner/work/ratis/ratis/ratis-examples/target/test/data/6cc16ceb/MiniRaftClusterWithSimulatedRpc6b18c296/s5/975fab1c-def9-48c4-af4d-6ab839334a82/in_use.lock acquired by nodename 14827@fv-az835-686.uia40oc12eqezaqrhfktyfhufg.ex.internal.cloudapp.net
2024-12-25 19:03:36,904 TRACE util.FileUtils (LogUtils.java:runAndLog(49)) - Successfully ran Files.createDirectories /home/runner/work/ratis/ratis/ratis-examples/target/test/data/6cc16ceb/MiniRaftClusterWithSimulatedRpc6b18c296/s5/975fab1c-def9-48c4-af4d-6ab839334a82/current
2024-12-25 19:03:36,904 TRACE util.FileUtils (LogUtils.java:runAndLog(49)) - Successfully ran Files.createDirectories /home/runner/work/ratis/ratis/ratis-examples/target/test/data/6cc16ceb/MiniRaftClusterWithSimulatedRpc6b18c296/s5/975fab1c-def9-48c4-af4d-6ab839334a82/sm
2024-12-25 19:03:36,904 TRACE util.FileUtils (LogUtils.java:supplyAndLog(69)) - Successfully supplied FileChannel.open /home/runner/work/ratis/ratis/ratis-examples/target/test/data/6cc16ceb/MiniRaftClusterWithSimulatedRpc6b18c296/s5/975fab1c-def9-48c4-af4d-6ab839334a82/current/raft-meta.tmp with options [CREATE, WRITE]: sun.nio.ch.FileChannelImpl@37a1931
2024-12-25 19:03:36,905 TRACE util.FileUtils (LogUtils.java:runAndLog(49)) - Successfully ran Atomic Files.move /home/runner/work/ratis/ratis/ratis-examples/target/test/data/6cc16ceb/MiniRaftClusterWithSimulatedRpc6b18c296/s5/975fab1c-def9-48c4-af4d-6ab839334a82/current/raft-meta.tmp to /home/runner/work/ratis/ratis/ratis-examples/target/test/data/6cc16ceb/MiniRaftClusterWithSimulatedRpc6b18c296/s5/975fab1c-def9-48c4-af4d-6ab839334a82/current/raft-meta with options [REPLACE_EXISTING]
2024-12-25 19:03:36,906 INFO  storage.RaftStorage (RaftStorageImpl.java:format(98)) - Storage directory /home/runner/work/ratis/ratis/ratis-examples/target/test/data/6cc16ceb/MiniRaftClusterWithSimulatedRpc6b18c296/s5/975fab1c-def9-48c4-af4d-6ab839334a82 has been successfully formatted.
2024-12-25 19:03:36,906 WARN  statemachine.StateMachine (ArithmeticStateMachine.java:loadSnapshot(115)) - The snapshot info is null.
2024-12-25 19:03:36,906 INFO  server.RaftServerConfigKeys (ConfUtils.java:logGet(46)) - raft.server.log.use.memory = false (default)
2024-12-25 19:03:36,906 INFO  server.RaftServerConfigKeys (ConfUtils.java:logGet(46)) - raft.server.log.purge.gap = 1024 (default)
2024-12-25 19:03:36,906 INFO  server.RaftServerConfigKeys (ConfUtils.java:logGet(46)) - raft.server.log.appender.buffer.byte-limit = 4MB (=4194304) (default)
2024-12-25 19:03:36,906 INFO  server.RaftServerConfigKeys (ConfUtils.java:logGet(46)) - raft.server.log.statemachine.data.read.timeout = 1000ms (default)
2024-12-25 19:03:36,906 INFO  server.RaftServerConfigKeys (ConfUtils.java:logGet(46)) - raft.server.log.purge.preservation.log.num = 0 (default)
2024-12-25 19:03:36,907 INFO  server.RaftServerConfigKeys (ConfUtils.java:logGet(46)) - raft.server.log.segment.size.max = 32MB (=33554432) (default)
2024-12-25 19:03:36,907 INFO  server.RaftServerConfigKeys (ConfUtils.java:logGet(46)) - raft.server.log.segment.cache.num.max = 6 (default)
2024-12-25 19:03:36,908 INFO  server.RaftServerConfigKeys (ConfUtils.java:logGet(46)) - raft.server.log.segment.cache.size.max = 200MB (=209715200) (default)
2024-12-25 19:03:36,908 INFO  server.RaftServerConfigKeys (ConfUtils.java:logGet(46)) - raft.server.log.appender.buffer.byte-limit = 4MB (=4194304) (default)
2024-12-25 19:03:36,908 INFO  util.AwaitToRun (AwaitToRun.java:start(81)) - Thread[s5@group-6AB839334A82-cacheEviction-AwaitToRun,5,main] started
2024-12-25 19:03:36,908 INFO  segmented.SegmentedRaftLogWorker (SegmentedRaftLogWorker.java:<init>(189)) - new s5@group-6AB839334A82-SegmentedRaftLogWorker for RaftStorageImpl:Storage Directory /home/runner/work/ratis/ratis/ratis-examples/target/test/data/6cc16ceb/MiniRaftClusterWithSimulatedRpc6b18c296/s5/975fab1c-def9-48c4-af4d-6ab839334a82
2024-12-25 19:03:36,908 INFO  server.RaftServerConfigKeys (ConfUtils.java:logGet(46)) - raft.server.log.queue.byte-limit = 64MB (=67108864) (default)
2024-12-25 19:03:36,908 INFO  server.RaftServerConfigKeys (ConfUtils.java:logGet(46)) - raft.server.log.queue.element-limit = 4096 (default)
2024-12-25 19:03:36,908 INFO  server.RaftServerConfigKeys (ConfUtils.java:logGet(46)) - raft.server.log.segment.size.max = 32MB (=33554432) (default)
2024-12-25 19:03:36,908 INFO  server.RaftServerConfigKeys (ConfUtils.java:logGet(46)) - raft.server.log.preallocated.size = 4MB (=4194304) (default)
2024-12-25 19:03:36,908 INFO  server.RaftServerConfigKeys (ConfUtils.java:logGet(46)) - raft.server.log.force.sync.num = 128 (default)
2024-12-25 19:03:36,909 INFO  server.RaftServerConfigKeys (ConfUtils.java:logGet(46)) - raft.server.log.statemachine.data.sync = true (default)
2024-12-25 19:03:36,909 INFO  server.RaftServerConfigKeys (ConfUtils.java:logGet(46)) - raft.server.log.statemachine.data.sync.timeout = 10s (default)
2024-12-25 19:03:36,909 INFO  server.RaftServerConfigKeys (ConfUtils.java:logGet(46)) - raft.server.log.statemachine.data.sync.timeout.retry = -1 (default)
2024-12-25 19:03:36,909 INFO  server.RaftServerConfigKeys (ConfUtils.java:logGet(46)) - raft.server.log.write.buffer.size = 8MB (=8388608) (default)
2024-12-25 19:03:36,910 INFO  server.RaftServerConfigKeys (ConfUtils.java:logGet(46)) - raft.server.log.appender.buffer.byte-limit = 4MB (=4194304) (default)
2024-12-25 19:03:36,910 INFO  server.RaftServerConfigKeys (ConfUtils.java:logGet(46)) - raft.server.log.unsafe-flush.enabled = false (default)
2024-12-25 19:03:36,911 INFO  server.RaftServerConfigKeys (ConfUtils.java:logGet(46)) - raft.server.log.async-flush.enabled = false (default)
2024-12-25 19:03:36,911 INFO  server.RaftServerConfigKeys (ConfUtils.java:logGet(46)) - raft.server.log.statemachine.data.caching.enabled = false (default)
2024-12-25 19:03:36,911 INFO  segmented.SegmentedRaftLogWorker (SegmentedRaftLogWorker.java:lambda$new$0(140)) - s5@group-6AB839334A82-SegmentedRaftLogWorker: flushIndex: setUnconditionally 0 -> -1
2024-12-25 19:03:36,911 INFO  segmented.SegmentedRaftLogWorker (SegmentedRaftLogWorker.java:lambda$new$0(140)) - s5@group-6AB839334A82-SegmentedRaftLogWorker: safeCacheEvictIndex: setUnconditionally 0 -> -1
2024-12-25 19:03:36,911 INFO  server.RaftServer$Division (RaftServerImpl.java:start(398)) - s5@group-6AB839334A82: start with initializing state, conf=conf: {index: -1, cur=peers:[]|listeners:[], old=null}
2024-12-25 19:03:36,911 INFO  server.RaftServer$Division (RaftServerImpl.java:setRole(379)) - s5@group-6AB839334A82: changes role from      null to FOLLOWER at term 0 for start
2024-12-25 19:03:36,911 INFO  util.JmxRegister (JmxRegister.java:tryRegister(44)) - Successfully registered JMX Bean with object name Ratis:service=RaftServer,group=group-6AB839334A82,id=s5
2024-12-25 19:03:36,911 INFO  util.JmxRegister (JmxRegister.java:register(58)) - register mxBean class org.apache.ratis.server.impl.RaftServerJmxAdapter as Ratis:service=RaftServer,group=group-6AB839334A82,id=s5
2024-12-25 19:03:36,911 INFO  server.RaftServerConfigKeys (ConfUtils.java:logGet(46)) - raft.server.snapshot.trigger-when-stop.enabled = true (default)
2024-12-25 19:03:36,912 INFO  server.RaftServerConfigKeys (ConfUtils.java:logGet(46)) - raft.server.snapshot.trigger-when-remove.enabled = true (default)
2024-12-25 19:03:36,912 INFO  server.RaftServerConfigKeys (ConfUtils.java:logGet(46)) - raft.server.snapshot.auto.trigger.enabled = false (default)
2024-12-25 19:03:36,912 INFO  server.RaftServerConfigKeys (ConfUtils.java:logGet(46)) - raft.server.snapshot.retention.file.num = -1 (default)
2024-12-25 19:03:36,912 INFO  server.RaftServerConfigKeys (ConfUtils.java:logGet(46)) - raft.server.log.purge.upto.snapshot.index = false (default)
2024-12-25 19:03:36,912 INFO  server.RaftServer$Division (RaftServerImpl.java:start(406)) - s5@group-6AB839334A82: Successfully started.
2024-12-25 19:03:36,912 INFO  server.RaftServer (RaftServerProxy.java:startImpl(408)) - s5: start RPC server
2024-12-25 19:03:36,913 INFO  util.JvmPauseMonitor (JvmPauseMonitor.java:run(146)) - JvmPauseMonitor-s5: Started
2024-12-25 19:03:36,913 INFO  server.RaftServerConfigKeys (ConfUtils.java:logGet(46)) - raft.server.storage.free-space.min = 0MB (=0) (default)
2024-12-25 19:03:36,913 INFO  server.RaftServerConfigKeys (ConfUtils.java:logGet(46)) - raft.server.log.corruption.policy = EXCEPTION (default)
2024-12-25 19:03:36,913 INFO  server.RaftServerConfigKeys (ConfUtils.java:logGet(46)) - raft.server.storage.dir = [/home/runner/work/ratis/ratis/ratis-examples/target/test/data/6cc16ceb/MiniRaftClusterWithSimulatedRpc6b18c296/s6] (custom)
2024-12-25 19:03:36,914 INFO  storage.RaftStorageDirectory (RaftStorageDirectoryImpl.java:analyzeStorage(138)) - The storage directory /home/runner/work/ratis/ratis/ratis-examples/target/test/data/6cc16ceb/MiniRaftClusterWithSimulatedRpc6b18c296/s6/975fab1c-def9-48c4-af4d-6ab839334a82 does not exist. Creating ...
2024-12-25 19:03:36,914 TRACE util.FileUtils (LogUtils.java:runAndLog(49)) - Successfully ran Files.createDirectories /home/runner/work/ratis/ratis/ratis-examples/target/test/data/6cc16ceb/MiniRaftClusterWithSimulatedRpc6b18c296/s6/975fab1c-def9-48c4-af4d-6ab839334a82
2024-12-25 19:03:36,916 INFO  storage.RaftStorageDirectory (RaftStorageDirectoryImpl.java:tryLock(229)) - Lock on /home/runner/work/ratis/ratis/ratis-examples/target/test/data/6cc16ceb/MiniRaftClusterWithSimulatedRpc6b18c296/s6/975fab1c-def9-48c4-af4d-6ab839334a82/in_use.lock acquired by nodename 14827@fv-az835-686.uia40oc12eqezaqrhfktyfhufg.ex.internal.cloudapp.net
2024-12-25 19:03:36,916 TRACE util.FileUtils (LogUtils.java:runAndLog(49)) - Successfully ran Files.createDirectories /home/runner/work/ratis/ratis/ratis-examples/target/test/data/6cc16ceb/MiniRaftClusterWithSimulatedRpc6b18c296/s6/975fab1c-def9-48c4-af4d-6ab839334a82/current
2024-12-25 19:03:36,916 TRACE util.FileUtils (LogUtils.java:runAndLog(49)) - Successfully ran Files.createDirectories /home/runner/work/ratis/ratis/ratis-examples/target/test/data/6cc16ceb/MiniRaftClusterWithSimulatedRpc6b18c296/s6/975fab1c-def9-48c4-af4d-6ab839334a82/sm
2024-12-25 19:03:36,916 TRACE util.FileUtils (LogUtils.java:supplyAndLog(69)) - Successfully supplied FileChannel.open /home/runner/work/ratis/ratis/ratis-examples/target/test/data/6cc16ceb/MiniRaftClusterWithSimulatedRpc6b18c296/s6/975fab1c-def9-48c4-af4d-6ab839334a82/current/raft-meta.tmp with options [CREATE, WRITE]: sun.nio.ch.FileChannelImpl@3819e2b0
2024-12-25 19:03:36,917 TRACE util.FileUtils (LogUtils.java:runAndLog(49)) - Successfully ran Atomic Files.move /home/runner/work/ratis/ratis/ratis-examples/target/test/data/6cc16ceb/MiniRaftClusterWithSimulatedRpc6b18c296/s6/975fab1c-def9-48c4-af4d-6ab839334a82/current/raft-meta.tmp to /home/runner/work/ratis/ratis/ratis-examples/target/test/data/6cc16ceb/MiniRaftClusterWithSimulatedRpc6b18c296/s6/975fab1c-def9-48c4-af4d-6ab839334a82/current/raft-meta with options [REPLACE_EXISTING]
2024-12-25 19:03:36,917 INFO  storage.RaftStorage (RaftStorageImpl.java:format(98)) - Storage directory /home/runner/work/ratis/ratis/ratis-examples/target/test/data/6cc16ceb/MiniRaftClusterWithSimulatedRpc6b18c296/s6/975fab1c-def9-48c4-af4d-6ab839334a82 has been successfully formatted.
2024-12-25 19:03:36,917 WARN  statemachine.StateMachine (ArithmeticStateMachine.java:loadSnapshot(115)) - The snapshot info is null.
2024-12-25 19:03:36,918 INFO  server.RaftServerConfigKeys (ConfUtils.java:logGet(46)) - raft.server.log.use.memory = false (default)
2024-12-25 19:03:36,918 INFO  server.RaftServerConfigKeys (ConfUtils.java:logGet(46)) - raft.server.log.purge.gap = 1024 (default)
2024-12-25 19:03:36,918 INFO  server.RaftServerConfigKeys (ConfUtils.java:logGet(46)) - raft.server.log.appender.buffer.byte-limit = 4MB (=4194304) (default)
2024-12-25 19:03:36,918 INFO  server.RaftServerConfigKeys (ConfUtils.java:logGet(46)) - raft.server.log.statemachine.data.read.timeout = 1000ms (default)
2024-12-25 19:03:36,918 INFO  server.RaftServerConfigKeys (ConfUtils.java:logGet(46)) - raft.server.log.purge.preservation.log.num = 0 (default)
2024-12-25 19:03:36,918 INFO  server.RaftServerConfigKeys (ConfUtils.java:logGet(46)) - raft.server.log.segment.size.max = 32MB (=33554432) (default)
2024-12-25 19:03:36,919 INFO  server.RaftServerConfigKeys (ConfUtils.java:logGet(46)) - raft.server.log.segment.cache.num.max = 6 (default)
2024-12-25 19:03:36,919 INFO  server.RaftServerConfigKeys (ConfUtils.java:logGet(46)) - raft.server.log.segment.cache.size.max = 200MB (=209715200) (default)
2024-12-25 19:03:36,919 INFO  server.RaftServerConfigKeys (ConfUtils.java:logGet(46)) - raft.server.log.appender.buffer.byte-limit = 4MB (=4194304) (default)
2024-12-25 19:03:36,919 INFO  util.AwaitToRun (AwaitToRun.java:start(81)) - Thread[s6@group-6AB839334A82-cacheEviction-AwaitToRun,5,main] started
2024-12-25 19:03:36,919 INFO  segmented.SegmentedRaftLogWorker (SegmentedRaftLogWorker.java:<init>(189)) - new s6@group-6AB839334A82-SegmentedRaftLogWorker for RaftStorageImpl:Storage Directory /home/runner/work/ratis/ratis/ratis-examples/target/test/data/6cc16ceb/MiniRaftClusterWithSimulatedRpc6b18c296/s6/975fab1c-def9-48c4-af4d-6ab839334a82
2024-12-25 19:03:36,919 INFO  server.RaftServerConfigKeys (ConfUtils.java:logGet(46)) - raft.server.log.queue.byte-limit = 64MB (=67108864) (default)
2024-12-25 19:03:36,919 INFO  server.RaftServerConfigKeys (ConfUtils.java:logGet(46)) - raft.server.log.queue.element-limit = 4096 (default)
2024-12-25 19:03:36,919 INFO  server.RaftServerConfigKeys (ConfUtils.java:logGet(46)) - raft.server.log.segment.size.max = 32MB (=33554432) (default)
2024-12-25 19:03:36,919 INFO  server.RaftServerConfigKeys (ConfUtils.java:logGet(46)) - raft.server.log.preallocated.size = 4MB (=4194304) (default)
2024-12-25 19:03:36,919 INFO  server.RaftServerConfigKeys (ConfUtils.java:logGet(46)) - raft.server.log.force.sync.num = 128 (default)
2024-12-25 19:03:36,920 INFO  server.RaftServerConfigKeys (ConfUtils.java:logGet(46)) - raft.server.log.statemachine.data.sync = true (default)
2024-12-25 19:03:36,920 INFO  server.RaftServerConfigKeys (ConfUtils.java:logGet(46)) - raft.server.log.statemachine.data.sync.timeout = 10s (default)
2024-12-25 19:03:36,920 INFO  server.RaftServerConfigKeys (ConfUtils.java:logGet(46)) - raft.server.log.statemachine.data.sync.timeout.retry = -1 (default)
2024-12-25 19:03:36,920 INFO  server.RaftServerConfigKeys (ConfUtils.java:logGet(46)) - raft.server.log.write.buffer.size = 8MB (=8388608) (default)
2024-12-25 19:03:36,921 INFO  server.RaftServerConfigKeys (ConfUtils.java:logGet(46)) - raft.server.log.appender.buffer.byte-limit = 4MB (=4194304) (default)
2024-12-25 19:03:36,922 INFO  server.RaftServerConfigKeys (ConfUtils.java:logGet(46)) - raft.server.log.unsafe-flush.enabled = false (default)
2024-12-25 19:03:36,922 INFO  server.RaftServerConfigKeys (ConfUtils.java:logGet(46)) - raft.server.log.async-flush.enabled = false (default)
2024-12-25 19:03:36,922 INFO  server.RaftServerConfigKeys (ConfUtils.java:logGet(46)) - raft.server.log.statemachine.data.caching.enabled = false (default)
2024-12-25 19:03:36,922 INFO  segmented.SegmentedRaftLogWorker (SegmentedRaftLogWorker.java:lambda$new$0(140)) - s6@group-6AB839334A82-SegmentedRaftLogWorker: flushIndex: setUnconditionally 0 -> -1
2024-12-25 19:03:36,922 INFO  segmented.SegmentedRaftLogWorker (SegmentedRaftLogWorker.java:lambda$new$0(140)) - s6@group-6AB839334A82-SegmentedRaftLogWorker: safeCacheEvictIndex: setUnconditionally 0 -> -1
2024-12-25 19:03:36,922 INFO  server.RaftServer$Division (RaftServerImpl.java:start(398)) - s6@group-6AB839334A82: start with initializing state, conf=conf: {index: -1, cur=peers:[]|listeners:[], old=null}
2024-12-25 19:03:36,922 INFO  server.RaftServer$Division (RaftServerImpl.java:setRole(379)) - s6@group-6AB839334A82: changes role from      null to FOLLOWER at term 0 for start
2024-12-25 19:03:36,922 INFO  util.JmxRegister (JmxRegister.java:tryRegister(44)) - Successfully registered JMX Bean with object name Ratis:service=RaftServer,group=group-6AB839334A82,id=s6
2024-12-25 19:03:36,922 INFO  util.JmxRegister (JmxRegister.java:register(58)) - register mxBean class org.apache.ratis.server.impl.RaftServerJmxAdapter as Ratis:service=RaftServer,group=group-6AB839334A82,id=s6
2024-12-25 19:03:36,923 INFO  server.RaftServerConfigKeys (ConfUtils.java:logGet(46)) - raft.server.snapshot.trigger-when-stop.enabled = true (default)
2024-12-25 19:03:36,923 INFO  server.RaftServerConfigKeys (ConfUtils.java:logGet(46)) - raft.server.snapshot.trigger-when-remove.enabled = true (default)
2024-12-25 19:03:36,923 INFO  server.RaftServerConfigKeys (ConfUtils.java:logGet(46)) - raft.server.snapshot.auto.trigger.enabled = false (default)
2024-12-25 19:03:36,923 INFO  server.RaftServerConfigKeys (ConfUtils.java:logGet(46)) - raft.server.snapshot.retention.file.num = -1 (default)
2024-12-25 19:03:36,923 INFO  server.RaftServerConfigKeys (ConfUtils.java:logGet(46)) - raft.server.log.purge.upto.snapshot.index = false (default)
2024-12-25 19:03:36,924 INFO  server.RaftServer$Division (RaftServerImpl.java:start(406)) - s6@group-6AB839334A82: Successfully started.
2024-12-25 19:03:36,924 INFO  server.RaftServer (RaftServerProxy.java:startImpl(408)) - s6: start RPC server
2024-12-25 19:03:36,925 INFO  util.JvmPauseMonitor (JvmPauseMonitor.java:run(146)) - JvmPauseMonitor-s6: Started
2024-12-25 19:03:36,925 INFO  server.RaftServerConfigKeys (ConfUtils.java:logGet(46)) - raft.server.storage.free-space.min = 0MB (=0) (default)
2024-12-25 19:03:36,925 INFO  server.RaftServerConfigKeys (ConfUtils.java:logGet(46)) - raft.server.log.corruption.policy = EXCEPTION (default)
2024-12-25 19:03:36,925 INFO  server.RaftServerConfigKeys (ConfUtils.java:logGet(46)) - raft.server.storage.dir = [/home/runner/work/ratis/ratis/ratis-examples/target/test/data/6cc16ceb/MiniRaftClusterWithSimulatedRpc6b18c296/s7] (custom)
2024-12-25 19:03:36,925 INFO  storage.RaftStorageDirectory (RaftStorageDirectoryImpl.java:analyzeStorage(138)) - The storage directory /home/runner/work/ratis/ratis/ratis-examples/target/test/data/6cc16ceb/MiniRaftClusterWithSimulatedRpc6b18c296/s7/975fab1c-def9-48c4-af4d-6ab839334a82 does not exist. Creating ...
2024-12-25 19:03:36,926 TRACE util.FileUtils (LogUtils.java:runAndLog(49)) - Successfully ran Files.createDirectories /home/runner/work/ratis/ratis/ratis-examples/target/test/data/6cc16ceb/MiniRaftClusterWithSimulatedRpc6b18c296/s7/975fab1c-def9-48c4-af4d-6ab839334a82
2024-12-25 19:03:36,926 INFO  storage.RaftStorageDirectory (RaftStorageDirectoryImpl.java:tryLock(229)) - Lock on /home/runner/work/ratis/ratis/ratis-examples/target/test/data/6cc16ceb/MiniRaftClusterWithSimulatedRpc6b18c296/s7/975fab1c-def9-48c4-af4d-6ab839334a82/in_use.lock acquired by nodename 14827@fv-az835-686.uia40oc12eqezaqrhfktyfhufg.ex.internal.cloudapp.net
2024-12-25 19:03:36,926 TRACE util.FileUtils (LogUtils.java:runAndLog(49)) - Successfully ran Files.createDirectories /home/runner/work/ratis/ratis/ratis-examples/target/test/data/6cc16ceb/MiniRaftClusterWithSimulatedRpc6b18c296/s7/975fab1c-def9-48c4-af4d-6ab839334a82/current
2024-12-25 19:03:36,927 TRACE util.FileUtils (LogUtils.java:runAndLog(49)) - Successfully ran Files.createDirectories /home/runner/work/ratis/ratis/ratis-examples/target/test/data/6cc16ceb/MiniRaftClusterWithSimulatedRpc6b18c296/s7/975fab1c-def9-48c4-af4d-6ab839334a82/sm
2024-12-25 19:03:36,927 TRACE util.FileUtils (LogUtils.java:supplyAndLog(69)) - Successfully supplied FileChannel.open /home/runner/work/ratis/ratis/ratis-examples/target/test/data/6cc16ceb/MiniRaftClusterWithSimulatedRpc6b18c296/s7/975fab1c-def9-48c4-af4d-6ab839334a82/current/raft-meta.tmp with options [CREATE, WRITE]: sun.nio.ch.FileChannelImpl@2d17acd3
2024-12-25 19:03:36,928 TRACE util.FileUtils (LogUtils.java:runAndLog(49)) - Successfully ran Atomic Files.move /home/runner/work/ratis/ratis/ratis-examples/target/test/data/6cc16ceb/MiniRaftClusterWithSimulatedRpc6b18c296/s7/975fab1c-def9-48c4-af4d-6ab839334a82/current/raft-meta.tmp to /home/runner/work/ratis/ratis/ratis-examples/target/test/data/6cc16ceb/MiniRaftClusterWithSimulatedRpc6b18c296/s7/975fab1c-def9-48c4-af4d-6ab839334a82/current/raft-meta with options [REPLACE_EXISTING]
2024-12-25 19:03:36,928 INFO  storage.RaftStorage (RaftStorageImpl.java:format(98)) - Storage directory /home/runner/work/ratis/ratis/ratis-examples/target/test/data/6cc16ceb/MiniRaftClusterWithSimulatedRpc6b18c296/s7/975fab1c-def9-48c4-af4d-6ab839334a82 has been successfully formatted.
2024-12-25 19:03:36,928 WARN  statemachine.StateMachine (ArithmeticStateMachine.java:loadSnapshot(115)) - The snapshot info is null.
2024-12-25 19:03:36,928 INFO  server.RaftServerConfigKeys (ConfUtils.java:logGet(46)) - raft.server.log.use.memory = false (default)
2024-12-25 19:03:36,928 INFO  server.RaftServerConfigKeys (ConfUtils.java:logGet(46)) - raft.server.log.purge.gap = 1024 (default)
2024-12-25 19:03:36,929 INFO  server.RaftServerConfigKeys (ConfUtils.java:logGet(46)) - raft.server.log.appender.buffer.byte-limit = 4MB (=4194304) (default)
2024-12-25 19:03:36,929 INFO  server.RaftServerConfigKeys (ConfUtils.java:logGet(46)) - raft.server.log.statemachine.data.read.timeout = 1000ms (default)
2024-12-25 19:03:36,929 INFO  server.RaftServerConfigKeys (ConfUtils.java:logGet(46)) - raft.server.log.purge.preservation.log.num = 0 (default)
2024-12-25 19:03:36,929 INFO  server.RaftServerConfigKeys (ConfUtils.java:logGet(46)) - raft.server.log.segment.size.max = 32MB (=33554432) (default)
2024-12-25 19:03:36,929 INFO  server.RaftServerConfigKeys (ConfUtils.java:logGet(46)) - raft.server.log.segment.cache.num.max = 6 (default)
2024-12-25 19:03:36,930 INFO  server.RaftServerConfigKeys (ConfUtils.java:logGet(46)) - raft.server.log.segment.cache.size.max = 200MB (=209715200) (default)
2024-12-25 19:03:36,930 INFO  server.RaftServerConfigKeys (ConfUtils.java:logGet(46)) - raft.server.log.appender.buffer.byte-limit = 4MB (=4194304) (default)
2024-12-25 19:03:36,930 INFO  util.AwaitToRun (AwaitToRun.java:start(81)) - Thread[s7@group-6AB839334A82-cacheEviction-AwaitToRun,5,main] started
2024-12-25 19:03:36,930 INFO  segmented.SegmentedRaftLogWorker (SegmentedRaftLogWorker.java:<init>(189)) - new s7@group-6AB839334A82-SegmentedRaftLogWorker for RaftStorageImpl:Storage Directory /home/runner/work/ratis/ratis/ratis-examples/target/test/data/6cc16ceb/MiniRaftClusterWithSimulatedRpc6b18c296/s7/975fab1c-def9-48c4-af4d-6ab839334a82
2024-12-25 19:03:36,930 INFO  server.RaftServerConfigKeys (ConfUtils.java:logGet(46)) - raft.server.log.queue.byte-limit = 64MB (=67108864) (default)
2024-12-25 19:03:36,930 INFO  server.RaftServerConfigKeys (ConfUtils.java:logGet(46)) - raft.server.log.queue.element-limit = 4096 (default)
2024-12-25 19:03:36,930 INFO  server.RaftServerConfigKeys (ConfUtils.java:logGet(46)) - raft.server.log.segment.size.max = 32MB (=33554432) (default)
2024-12-25 19:03:36,930 INFO  server.RaftServerConfigKeys (ConfUtils.java:logGet(46)) - raft.server.log.preallocated.size = 4MB (=4194304) (default)
2024-12-25 19:03:36,930 INFO  server.RaftServerConfigKeys (ConfUtils.java:logGet(46)) - raft.server.log.force.sync.num = 128 (default)
2024-12-25 19:03:36,930 INFO  server.RaftServerConfigKeys (ConfUtils.java:logGet(46)) - raft.server.log.statemachine.data.sync = true (default)
2024-12-25 19:03:36,931 INFO  server.RaftServerConfigKeys (ConfUtils.java:logGet(46)) - raft.server.log.statemachine.data.sync.timeout = 10s (default)
2024-12-25 19:03:36,931 INFO  server.RaftServerConfigKeys (ConfUtils.java:logGet(46)) - raft.server.log.statemachine.data.sync.timeout.retry = -1 (default)
2024-12-25 19:03:36,931 INFO  server.RaftServerConfigKeys (ConfUtils.java:logGet(46)) - raft.server.log.write.buffer.size = 8MB (=8388608) (default)
2024-12-25 19:03:36,933 INFO  server.RaftServerConfigKeys (ConfUtils.java:logGet(46)) - raft.server.log.appender.buffer.byte-limit = 4MB (=4194304) (default)
2024-12-25 19:03:36,933 INFO  server.RaftServerConfigKeys (ConfUtils.java:logGet(46)) - raft.server.log.unsafe-flush.enabled = false (default)
2024-12-25 19:03:36,933 INFO  server.RaftServerConfigKeys (ConfUtils.java:logGet(46)) - raft.server.log.async-flush.enabled = false (default)
2024-12-25 19:03:36,933 INFO  server.RaftServerConfigKeys (ConfUtils.java:logGet(46)) - raft.server.log.statemachine.data.caching.enabled = false (default)
2024-12-25 19:03:36,933 INFO  segmented.SegmentedRaftLogWorker (SegmentedRaftLogWorker.java:lambda$new$0(140)) - s7@group-6AB839334A82-SegmentedRaftLogWorker: flushIndex: setUnconditionally 0 -> -1
2024-12-25 19:03:36,933 INFO  segmented.SegmentedRaftLogWorker (SegmentedRaftLogWorker.java:lambda$new$0(140)) - s7@group-6AB839334A82-SegmentedRaftLogWorker: safeCacheEvictIndex: setUnconditionally 0 -> -1
2024-12-25 19:03:36,934 INFO  server.RaftServer$Division (RaftServerImpl.java:start(398)) - s7@group-6AB839334A82: start with initializing state, conf=conf: {index: -1, cur=peers:[]|listeners:[], old=null}
2024-12-25 19:03:36,934 INFO  server.RaftServer$Division (RaftServerImpl.java:setRole(379)) - s7@group-6AB839334A82: changes role from      null to FOLLOWER at term 0 for start
2024-12-25 19:03:36,934 INFO  util.JmxRegister (JmxRegister.java:tryRegister(44)) - Successfully registered JMX Bean with object name Ratis:service=RaftServer,group=group-6AB839334A82,id=s7
2024-12-25 19:03:36,934 INFO  util.JmxRegister (JmxRegister.java:register(58)) - register mxBean class org.apache.ratis.server.impl.RaftServerJmxAdapter as Ratis:service=RaftServer,group=group-6AB839334A82,id=s7
2024-12-25 19:03:36,934 INFO  server.RaftServerConfigKeys (ConfUtils.java:logGet(46)) - raft.server.snapshot.trigger-when-stop.enabled = true (default)
2024-12-25 19:03:36,934 INFO  server.RaftServerConfigKeys (ConfUtils.java:logGet(46)) - raft.server.snapshot.trigger-when-remove.enabled = true (default)
2024-12-25 19:03:36,934 INFO  server.RaftServerConfigKeys (ConfUtils.java:logGet(46)) - raft.server.snapshot.auto.trigger.enabled = false (default)
2024-12-25 19:03:36,934 INFO  server.RaftServerConfigKeys (ConfUtils.java:logGet(46)) - raft.server.snapshot.retention.file.num = -1 (default)
2024-12-25 19:03:36,934 INFO  server.RaftServerConfigKeys (ConfUtils.java:logGet(46)) - raft.server.log.purge.upto.snapshot.index = false (default)
2024-12-25 19:03:36,935 INFO  server.RaftServer$Division (RaftServerImpl.java:start(406)) - s7@group-6AB839334A82: Successfully started.
2024-12-25 19:03:36,935 INFO  server.RaftServer (RaftServerProxy.java:startImpl(408)) - s7: start RPC server
2024-12-25 19:03:36,936 INFO  util.JvmPauseMonitor (JvmPauseMonitor.java:run(146)) - JvmPauseMonitor-s7: Started
2024-12-25 19:03:36,936 INFO  server.RaftServerConfigKeys (ConfUtils.java:logGet(46)) - raft.server.storage.free-space.min = 0MB (=0) (default)
2024-12-25 19:03:36,936 INFO  server.RaftServerConfigKeys (ConfUtils.java:logGet(46)) - raft.server.log.corruption.policy = EXCEPTION (default)
2024-12-25 19:03:36,936 INFO  server.RaftServerConfigKeys (ConfUtils.java:logGet(46)) - raft.server.storage.dir = [/home/runner/work/ratis/ratis/ratis-examples/target/test/data/6cc16ceb/MiniRaftClusterWithSimulatedRpc6b18c296/s8] (custom)
2024-12-25 19:03:36,936 INFO  storage.RaftStorageDirectory (RaftStorageDirectoryImpl.java:analyzeStorage(138)) - The storage directory /home/runner/work/ratis/ratis/ratis-examples/target/test/data/6cc16ceb/MiniRaftClusterWithSimulatedRpc6b18c296/s8/975fab1c-def9-48c4-af4d-6ab839334a82 does not exist. Creating ...
2024-12-25 19:03:36,937 TRACE util.FileUtils (LogUtils.java:runAndLog(49)) - Successfully ran Files.createDirectories /home/runner/work/ratis/ratis/ratis-examples/target/test/data/6cc16ceb/MiniRaftClusterWithSimulatedRpc6b18c296/s8/975fab1c-def9-48c4-af4d-6ab839334a82
2024-12-25 19:03:36,938 INFO  storage.RaftStorageDirectory (RaftStorageDirectoryImpl.java:tryLock(229)) - Lock on /home/runner/work/ratis/ratis/ratis-examples/target/test/data/6cc16ceb/MiniRaftClusterWithSimulatedRpc6b18c296/s8/975fab1c-def9-48c4-af4d-6ab839334a82/in_use.lock acquired by nodename 14827@fv-az835-686.uia40oc12eqezaqrhfktyfhufg.ex.internal.cloudapp.net
2024-12-25 19:03:36,938 TRACE util.FileUtils (LogUtils.java:runAndLog(49)) - Successfully ran Files.createDirectories /home/runner/work/ratis/ratis/ratis-examples/target/test/data/6cc16ceb/MiniRaftClusterWithSimulatedRpc6b18c296/s8/975fab1c-def9-48c4-af4d-6ab839334a82/current
2024-12-25 19:03:36,938 TRACE util.FileUtils (LogUtils.java:runAndLog(49)) - Successfully ran Files.createDirectories /home/runner/work/ratis/ratis/ratis-examples/target/test/data/6cc16ceb/MiniRaftClusterWithSimulatedRpc6b18c296/s8/975fab1c-def9-48c4-af4d-6ab839334a82/sm
2024-12-25 19:03:36,938 TRACE util.FileUtils (LogUtils.java:supplyAndLog(69)) - Successfully supplied FileChannel.open /home/runner/work/ratis/ratis/ratis-examples/target/test/data/6cc16ceb/MiniRaftClusterWithSimulatedRpc6b18c296/s8/975fab1c-def9-48c4-af4d-6ab839334a82/current/raft-meta.tmp with options [CREATE, WRITE]: sun.nio.ch.FileChannelImpl@25b5f703
2024-12-25 19:03:36,939 TRACE util.FileUtils (LogUtils.java:runAndLog(49)) - Successfully ran Atomic Files.move /home/runner/work/ratis/ratis/ratis-examples/target/test/data/6cc16ceb/MiniRaftClusterWithSimulatedRpc6b18c296/s8/975fab1c-def9-48c4-af4d-6ab839334a82/current/raft-meta.tmp to /home/runner/work/ratis/ratis/ratis-examples/target/test/data/6cc16ceb/MiniRaftClusterWithSimulatedRpc6b18c296/s8/975fab1c-def9-48c4-af4d-6ab839334a82/current/raft-meta with options [REPLACE_EXISTING]
2024-12-25 19:03:36,939 INFO  storage.RaftStorage (RaftStorageImpl.java:format(98)) - Storage directory /home/runner/work/ratis/ratis/ratis-examples/target/test/data/6cc16ceb/MiniRaftClusterWithSimulatedRpc6b18c296/s8/975fab1c-def9-48c4-af4d-6ab839334a82 has been successfully formatted.
2024-12-25 19:03:36,940 WARN  statemachine.StateMachine (ArithmeticStateMachine.java:loadSnapshot(115)) - The snapshot info is null.
2024-12-25 19:03:36,940 INFO  server.RaftServerConfigKeys (ConfUtils.java:logGet(46)) - raft.server.log.use.memory = false (default)
2024-12-25 19:03:36,940 INFO  server.RaftServerConfigKeys (ConfUtils.java:logGet(46)) - raft.server.log.purge.gap = 1024 (default)
2024-12-25 19:03:36,940 INFO  server.RaftServerConfigKeys (ConfUtils.java:logGet(46)) - raft.server.log.appender.buffer.byte-limit = 4MB (=4194304) (default)
2024-12-25 19:03:36,940 INFO  server.RaftServerConfigKeys (ConfUtils.java:logGet(46)) - raft.server.log.statemachine.data.read.timeout = 1000ms (default)
2024-12-25 19:03:36,940 INFO  server.RaftServerConfigKeys (ConfUtils.java:logGet(46)) - raft.server.log.purge.preservation.log.num = 0 (default)
2024-12-25 19:03:36,940 INFO  server.RaftServerConfigKeys (ConfUtils.java:logGet(46)) - raft.server.log.segment.size.max = 32MB (=33554432) (default)
2024-12-25 19:03:36,941 INFO  server.RaftServerConfigKeys (ConfUtils.java:logGet(46)) - raft.server.log.segment.cache.num.max = 6 (default)
2024-12-25 19:03:36,941 INFO  server.RaftServerConfigKeys (ConfUtils.java:logGet(46)) - raft.server.log.segment.cache.size.max = 200MB (=209715200) (default)
2024-12-25 19:03:36,941 INFO  server.RaftServerConfigKeys (ConfUtils.java:logGet(46)) - raft.server.log.appender.buffer.byte-limit = 4MB (=4194304) (default)
2024-12-25 19:03:36,945 INFO  util.AwaitToRun (AwaitToRun.java:start(81)) - Thread[s8@group-6AB839334A82-cacheEviction-AwaitToRun,5,main] started
2024-12-25 19:03:36,945 INFO  segmented.SegmentedRaftLogWorker (SegmentedRaftLogWorker.java:<init>(189)) - new s8@group-6AB839334A82-SegmentedRaftLogWorker for RaftStorageImpl:Storage Directory /home/runner/work/ratis/ratis/ratis-examples/target/test/data/6cc16ceb/MiniRaftClusterWithSimulatedRpc6b18c296/s8/975fab1c-def9-48c4-af4d-6ab839334a82
2024-12-25 19:03:36,945 INFO  server.RaftServerConfigKeys (ConfUtils.java:logGet(46)) - raft.server.log.queue.byte-limit = 64MB (=67108864) (default)
2024-12-25 19:03:36,945 INFO  server.RaftServerConfigKeys (ConfUtils.java:logGet(46)) - raft.server.log.queue.element-limit = 4096 (default)
2024-12-25 19:03:36,945 INFO  server.RaftServerConfigKeys (ConfUtils.java:logGet(46)) - raft.server.log.segment.size.max = 32MB (=33554432) (default)
2024-12-25 19:03:36,945 INFO  server.RaftServerConfigKeys (ConfUtils.java:logGet(46)) - raft.server.log.preallocated.size = 4MB (=4194304) (default)
2024-12-25 19:03:36,945 INFO  server.RaftServerConfigKeys (ConfUtils.java:logGet(46)) - raft.server.log.force.sync.num = 128 (default)
2024-12-25 19:03:36,946 INFO  server.RaftServerConfigKeys (ConfUtils.java:logGet(46)) - raft.server.log.statemachine.data.sync = true (default)
2024-12-25 19:03:36,946 INFO  server.RaftServerConfigKeys (ConfUtils.java:logGet(46)) - raft.server.log.statemachine.data.sync.timeout = 10s (default)
2024-12-25 19:03:36,946 INFO  server.RaftServerConfigKeys (ConfUtils.java:logGet(46)) - raft.server.log.statemachine.data.sync.timeout.retry = -1 (default)
2024-12-25 19:03:36,946 INFO  server.RaftServerConfigKeys (ConfUtils.java:logGet(46)) - raft.server.log.write.buffer.size = 8MB (=8388608) (default)
2024-12-25 19:03:36,947 INFO  server.RaftServerConfigKeys (ConfUtils.java:logGet(46)) - raft.server.log.appender.buffer.byte-limit = 4MB (=4194304) (default)
2024-12-25 19:03:36,947 INFO  server.RaftServerConfigKeys (ConfUtils.java:logGet(46)) - raft.server.log.unsafe-flush.enabled = false (default)
2024-12-25 19:03:36,948 INFO  server.RaftServerConfigKeys (ConfUtils.java:logGet(46)) - raft.server.log.async-flush.enabled = false (default)
2024-12-25 19:03:36,948 INFO  server.RaftServerConfigKeys (ConfUtils.java:logGet(46)) - raft.server.log.statemachine.data.caching.enabled = false (default)
2024-12-25 19:03:36,948 INFO  segmented.SegmentedRaftLogWorker (SegmentedRaftLogWorker.java:lambda$new$0(140)) - s8@group-6AB839334A82-SegmentedRaftLogWorker: flushIndex: setUnconditionally 0 -> -1
2024-12-25 19:03:36,948 INFO  segmented.SegmentedRaftLogWorker (SegmentedRaftLogWorker.java:lambda$new$0(140)) - s8@group-6AB839334A82-SegmentedRaftLogWorker: safeCacheEvictIndex: setUnconditionally 0 -> -1
2024-12-25 19:03:36,948 INFO  server.RaftServer$Division (RaftServerImpl.java:start(398)) - s8@group-6AB839334A82: start with initializing state, conf=conf: {index: -1, cur=peers:[]|listeners:[], old=null}
2024-12-25 19:03:36,948 INFO  server.RaftServer$Division (RaftServerImpl.java:setRole(379)) - s8@group-6AB839334A82: changes role from      null to FOLLOWER at term 0 for start
2024-12-25 19:03:36,948 INFO  util.JmxRegister (JmxRegister.java:tryRegister(44)) - Successfully registered JMX Bean with object name Ratis:service=RaftServer,group=group-6AB839334A82,id=s8
2024-12-25 19:03:36,948 INFO  util.JmxRegister (JmxRegister.java:register(58)) - register mxBean class org.apache.ratis.server.impl.RaftServerJmxAdapter as Ratis:service=RaftServer,group=group-6AB839334A82,id=s8
2024-12-25 19:03:36,948 INFO  server.RaftServerConfigKeys (ConfUtils.java:logGet(46)) - raft.server.snapshot.trigger-when-stop.enabled = true (default)
2024-12-25 19:03:36,949 INFO  server.RaftServerConfigKeys (ConfUtils.java:logGet(46)) - raft.server.snapshot.trigger-when-remove.enabled = true (default)
2024-12-25 19:03:36,949 INFO  server.RaftServerConfigKeys (ConfUtils.java:logGet(46)) - raft.server.snapshot.auto.trigger.enabled = false (default)
2024-12-25 19:03:36,949 INFO  server.RaftServerConfigKeys (ConfUtils.java:logGet(46)) - raft.server.snapshot.retention.file.num = -1 (default)
2024-12-25 19:03:36,949 INFO  server.RaftServerConfigKeys (ConfUtils.java:logGet(46)) - raft.server.log.purge.upto.snapshot.index = false (default)
2024-12-25 19:03:36,949 INFO  server.RaftServer$Division (RaftServerImpl.java:start(406)) - s8@group-6AB839334A82: Successfully started.
2024-12-25 19:03:36,949 INFO  server.RaftServer (RaftServerProxy.java:startImpl(408)) - s8: start RPC server
2024-12-25 19:03:36,951 INFO  util.JvmPauseMonitor (JvmPauseMonitor.java:run(146)) - JvmPauseMonitor-s8: Started
2024-12-25 19:03:36,951 INFO  server.RaftServerConfigKeys (ConfUtils.java:logGet(46)) - raft.server.storage.free-space.min = 0MB (=0) (default)
2024-12-25 19:03:36,951 INFO  server.RaftServerConfigKeys (ConfUtils.java:logGet(46)) - raft.server.log.corruption.policy = EXCEPTION (default)
2024-12-25 19:03:36,951 INFO  server.RaftServerConfigKeys (ConfUtils.java:logGet(46)) - raft.server.storage.dir = [/home/runner/work/ratis/ratis/ratis-examples/target/test/data/6cc16ceb/MiniRaftClusterWithSimulatedRpc6b18c296/s9] (custom)
2024-12-25 19:03:36,952 INFO  storage.RaftStorageDirectory (RaftStorageDirectoryImpl.java:analyzeStorage(138)) - The storage directory /home/runner/work/ratis/ratis/ratis-examples/target/test/data/6cc16ceb/MiniRaftClusterWithSimulatedRpc6b18c296/s9/975fab1c-def9-48c4-af4d-6ab839334a82 does not exist. Creating ...
2024-12-25 19:03:36,952 TRACE util.FileUtils (LogUtils.java:runAndLog(49)) - Successfully ran Files.createDirectories /home/runner/work/ratis/ratis/ratis-examples/target/test/data/6cc16ceb/MiniRaftClusterWithSimulatedRpc6b18c296/s9/975fab1c-def9-48c4-af4d-6ab839334a82
2024-12-25 19:03:36,953 INFO  storage.RaftStorageDirectory (RaftStorageDirectoryImpl.java:tryLock(229)) - Lock on /home/runner/work/ratis/ratis/ratis-examples/target/test/data/6cc16ceb/MiniRaftClusterWithSimulatedRpc6b18c296/s9/975fab1c-def9-48c4-af4d-6ab839334a82/in_use.lock acquired by nodename 14827@fv-az835-686.uia40oc12eqezaqrhfktyfhufg.ex.internal.cloudapp.net
2024-12-25 19:03:36,953 TRACE util.FileUtils (LogUtils.java:runAndLog(49)) - Successfully ran Files.createDirectories /home/runner/work/ratis/ratis/ratis-examples/target/test/data/6cc16ceb/MiniRaftClusterWithSimulatedRpc6b18c296/s9/975fab1c-def9-48c4-af4d-6ab839334a82/current
2024-12-25 19:03:36,953 TRACE util.FileUtils (LogUtils.java:runAndLog(49)) - Successfully ran Files.createDirectories /home/runner/work/ratis/ratis/ratis-examples/target/test/data/6cc16ceb/MiniRaftClusterWithSimulatedRpc6b18c296/s9/975fab1c-def9-48c4-af4d-6ab839334a82/sm
2024-12-25 19:03:36,953 TRACE util.FileUtils (LogUtils.java:supplyAndLog(69)) - Successfully supplied FileChannel.open /home/runner/work/ratis/ratis/ratis-examples/target/test/data/6cc16ceb/MiniRaftClusterWithSimulatedRpc6b18c296/s9/975fab1c-def9-48c4-af4d-6ab839334a82/current/raft-meta.tmp with options [CREATE, WRITE]: sun.nio.ch.FileChannelImpl@6c0168b6
2024-12-25 19:03:36,955 TRACE util.FileUtils (LogUtils.java:runAndLog(49)) - Successfully ran Atomic Files.move /home/runner/work/ratis/ratis/ratis-examples/target/test/data/6cc16ceb/MiniRaftClusterWithSimulatedRpc6b18c296/s9/975fab1c-def9-48c4-af4d-6ab839334a82/current/raft-meta.tmp to /home/runner/work/ratis/ratis/ratis-examples/target/test/data/6cc16ceb/MiniRaftClusterWithSimulatedRpc6b18c296/s9/975fab1c-def9-48c4-af4d-6ab839334a82/current/raft-meta with options [REPLACE_EXISTING]
2024-12-25 19:03:36,955 INFO  storage.RaftStorage (RaftStorageImpl.java:format(98)) - Storage directory /home/runner/work/ratis/ratis/ratis-examples/target/test/data/6cc16ceb/MiniRaftClusterWithSimulatedRpc6b18c296/s9/975fab1c-def9-48c4-af4d-6ab839334a82 has been successfully formatted.
2024-12-25 19:03:36,955 WARN  statemachine.StateMachine (ArithmeticStateMachine.java:loadSnapshot(115)) - The snapshot info is null.
2024-12-25 19:03:36,955 INFO  server.RaftServerConfigKeys (ConfUtils.java:logGet(46)) - raft.server.log.use.memory = false (default)
2024-12-25 19:03:36,955 INFO  server.RaftServerConfigKeys (ConfUtils.java:logGet(46)) - raft.server.log.purge.gap = 1024 (default)
2024-12-25 19:03:36,955 INFO  server.RaftServerConfigKeys (ConfUtils.java:logGet(46)) - raft.server.log.appender.buffer.byte-limit = 4MB (=4194304) (default)
2024-12-25 19:03:36,955 INFO  server.RaftServerConfigKeys (ConfUtils.java:logGet(46)) - raft.server.log.statemachine.data.read.timeout = 1000ms (default)
2024-12-25 19:03:36,955 INFO  server.RaftServerConfigKeys (ConfUtils.java:logGet(46)) - raft.server.log.purge.preservation.log.num = 0 (default)
2024-12-25 19:03:36,956 INFO  server.RaftServerConfigKeys (ConfUtils.java:logGet(46)) - raft.server.log.segment.size.max = 32MB (=33554432) (default)
2024-12-25 19:03:36,956 INFO  server.RaftServerConfigKeys (ConfUtils.java:logGet(46)) - raft.server.log.segment.cache.num.max = 6 (default)
2024-12-25 19:03:36,956 INFO  server.RaftServerConfigKeys (ConfUtils.java:logGet(46)) - raft.server.log.segment.cache.size.max = 200MB (=209715200) (default)
2024-12-25 19:03:36,956 INFO  server.RaftServerConfigKeys (ConfUtils.java:logGet(46)) - raft.server.log.appender.buffer.byte-limit = 4MB (=4194304) (default)
2024-12-25 19:03:36,956 INFO  util.AwaitToRun (AwaitToRun.java:start(81)) - Thread[s9@group-6AB839334A82-cacheEviction-AwaitToRun,5,main] started
2024-12-25 19:03:36,956 INFO  segmented.SegmentedRaftLogWorker (SegmentedRaftLogWorker.java:<init>(189)) - new s9@group-6AB839334A82-SegmentedRaftLogWorker for RaftStorageImpl:Storage Directory /home/runner/work/ratis/ratis/ratis-examples/target/test/data/6cc16ceb/MiniRaftClusterWithSimulatedRpc6b18c296/s9/975fab1c-def9-48c4-af4d-6ab839334a82
2024-12-25 19:03:36,956 INFO  server.RaftServerConfigKeys (ConfUtils.java:logGet(46)) - raft.server.log.queue.byte-limit = 64MB (=67108864) (default)
2024-12-25 19:03:36,956 INFO  server.RaftServerConfigKeys (ConfUtils.java:logGet(46)) - raft.server.log.queue.element-limit = 4096 (default)
2024-12-25 19:03:36,956 INFO  server.RaftServerConfigKeys (ConfUtils.java:logGet(46)) - raft.server.log.segment.size.max = 32MB (=33554432) (default)
2024-12-25 19:03:36,957 INFO  server.RaftServerConfigKeys (ConfUtils.java:logGet(46)) - raft.server.log.preallocated.size = 4MB (=4194304) (default)
2024-12-25 19:03:36,957 INFO  server.RaftServerConfigKeys (ConfUtils.java:logGet(46)) - raft.server.log.force.sync.num = 128 (default)
2024-12-25 19:03:36,957 INFO  server.RaftServerConfigKeys (ConfUtils.java:logGet(46)) - raft.server.log.statemachine.data.sync = true (default)
2024-12-25 19:03:36,957 INFO  server.RaftServerConfigKeys (ConfUtils.java:logGet(46)) - raft.server.log.statemachine.data.sync.timeout = 10s (default)
2024-12-25 19:03:36,957 INFO  server.RaftServerConfigKeys (ConfUtils.java:logGet(46)) - raft.server.log.statemachine.data.sync.timeout.retry = -1 (default)
2024-12-25 19:03:36,957 INFO  server.RaftServerConfigKeys (ConfUtils.java:logGet(46)) - raft.server.log.write.buffer.size = 8MB (=8388608) (default)
2024-12-25 19:03:36,958 INFO  server.RaftServerConfigKeys (ConfUtils.java:logGet(46)) - raft.server.log.appender.buffer.byte-limit = 4MB (=4194304) (default)
2024-12-25 19:03:36,958 INFO  server.RaftServerConfigKeys (ConfUtils.java:logGet(46)) - raft.server.log.unsafe-flush.enabled = false (default)
2024-12-25 19:03:36,958 INFO  server.RaftServerConfigKeys (ConfUtils.java:logGet(46)) - raft.server.log.async-flush.enabled = false (default)
2024-12-25 19:03:36,958 INFO  server.RaftServerConfigKeys (ConfUtils.java:logGet(46)) - raft.server.log.statemachine.data.caching.enabled = false (default)
2024-12-25 19:03:36,959 INFO  segmented.SegmentedRaftLogWorker (SegmentedRaftLogWorker.java:lambda$new$0(140)) - s9@group-6AB839334A82-SegmentedRaftLogWorker: flushIndex: setUnconditionally 0 -> -1
2024-12-25 19:03:36,959 INFO  segmented.SegmentedRaftLogWorker (SegmentedRaftLogWorker.java:lambda$new$0(140)) - s9@group-6AB839334A82-SegmentedRaftLogWorker: safeCacheEvictIndex: setUnconditionally 0 -> -1
2024-12-25 19:03:36,959 INFO  server.RaftServer$Division (RaftServerImpl.java:start(398)) - s9@group-6AB839334A82: start with initializing state, conf=conf: {index: -1, cur=peers:[]|listeners:[], old=null}
2024-12-25 19:03:36,959 INFO  server.RaftServer$Division (RaftServerImpl.java:setRole(379)) - s9@group-6AB839334A82: changes role from      null to FOLLOWER at term 0 for start
2024-12-25 19:03:36,959 INFO  util.JmxRegister (JmxRegister.java:tryRegister(44)) - Successfully registered JMX Bean with object name Ratis:service=RaftServer,group=group-6AB839334A82,id=s9
2024-12-25 19:03:36,959 INFO  util.JmxRegister (JmxRegister.java:register(58)) - register mxBean class org.apache.ratis.server.impl.RaftServerJmxAdapter as Ratis:service=RaftServer,group=group-6AB839334A82,id=s9
2024-12-25 19:03:36,959 INFO  server.RaftServerConfigKeys (ConfUtils.java:logGet(46)) - raft.server.snapshot.trigger-when-stop.enabled = true (default)
2024-12-25 19:03:36,959 INFO  server.RaftServerConfigKeys (ConfUtils.java:logGet(46)) - raft.server.snapshot.trigger-when-remove.enabled = true (default)
2024-12-25 19:03:36,959 INFO  server.RaftServerConfigKeys (ConfUtils.java:logGet(46)) - raft.server.snapshot.auto.trigger.enabled = false (default)
2024-12-25 19:03:36,959 INFO  server.RaftServerConfigKeys (ConfUtils.java:logGet(46)) - raft.server.snapshot.retention.file.num = -1 (default)
2024-12-25 19:03:36,959 INFO  server.RaftServerConfigKeys (ConfUtils.java:logGet(46)) - raft.server.log.purge.upto.snapshot.index = false (default)
2024-12-25 19:03:36,960 INFO  server.RaftServer$Division (RaftServerImpl.java:start(406)) - s9@group-6AB839334A82: Successfully started.
2024-12-25 19:03:36,960 INFO  server.RaftServer (RaftServerProxy.java:startImpl(408)) - s9: start RPC server
2024-12-25 19:03:36,961 INFO  util.JvmPauseMonitor (JvmPauseMonitor.java:run(146)) - JvmPauseMonitor-s9: Started
2024-12-25 19:03:36,961 INFO  server.RaftServerConfigKeys (ConfUtils.java:logGet(46)) - raft.server.storage.free-space.min = 0MB (=0) (default)
2024-12-25 19:03:36,961 INFO  server.RaftServerConfigKeys (ConfUtils.java:logGet(46)) - raft.server.log.corruption.policy = EXCEPTION (default)
2024-12-25 19:03:36,961 INFO  server.RaftServerConfigKeys (ConfUtils.java:logGet(46)) - raft.server.storage.dir = [/home/runner/work/ratis/ratis/ratis-examples/target/test/data/6cc16ceb/MiniRaftClusterWithSimulatedRpc6b18c296/s11] (custom)
2024-12-25 19:03:36,961 INFO  storage.RaftStorageDirectory (RaftStorageDirectoryImpl.java:analyzeStorage(138)) - The storage directory /home/runner/work/ratis/ratis/ratis-examples/target/test/data/6cc16ceb/MiniRaftClusterWithSimulatedRpc6b18c296/s11/975fab1c-def9-48c4-af4d-6ab839334a82 does not exist. Creating ...
2024-12-25 19:03:36,961 TRACE util.FileUtils (LogUtils.java:runAndLog(49)) - Successfully ran Files.createDirectories /home/runner/work/ratis/ratis/ratis-examples/target/test/data/6cc16ceb/MiniRaftClusterWithSimulatedRpc6b18c296/s11/975fab1c-def9-48c4-af4d-6ab839334a82
2024-12-25 19:03:36,963 INFO  storage.RaftStorageDirectory (RaftStorageDirectoryImpl.java:tryLock(229)) - Lock on /home/runner/work/ratis/ratis/ratis-examples/target/test/data/6cc16ceb/MiniRaftClusterWithSimulatedRpc6b18c296/s11/975fab1c-def9-48c4-af4d-6ab839334a82/in_use.lock acquired by nodename 14827@fv-az835-686.uia40oc12eqezaqrhfktyfhufg.ex.internal.cloudapp.net
2024-12-25 19:03:36,963 TRACE util.FileUtils (LogUtils.java:runAndLog(49)) - Successfully ran Files.createDirectories /home/runner/work/ratis/ratis/ratis-examples/target/test/data/6cc16ceb/MiniRaftClusterWithSimulatedRpc6b18c296/s11/975fab1c-def9-48c4-af4d-6ab839334a82/current
2024-12-25 19:03:36,963 TRACE util.FileUtils (LogUtils.java:runAndLog(49)) - Successfully ran Files.createDirectories /home/runner/work/ratis/ratis/ratis-examples/target/test/data/6cc16ceb/MiniRaftClusterWithSimulatedRpc6b18c296/s11/975fab1c-def9-48c4-af4d-6ab839334a82/sm
2024-12-25 19:03:36,963 TRACE util.FileUtils (LogUtils.java:supplyAndLog(69)) - Successfully supplied FileChannel.open /home/runner/work/ratis/ratis/ratis-examples/target/test/data/6cc16ceb/MiniRaftClusterWithSimulatedRpc6b18c296/s11/975fab1c-def9-48c4-af4d-6ab839334a82/current/raft-meta.tmp with options [CREATE, WRITE]: sun.nio.ch.FileChannelImpl@54091b49
2024-12-25 19:03:36,965 TRACE util.FileUtils (LogUtils.java:runAndLog(49)) - Successfully ran Atomic Files.move /home/runner/work/ratis/ratis/ratis-examples/target/test/data/6cc16ceb/MiniRaftClusterWithSimulatedRpc6b18c296/s11/975fab1c-def9-48c4-af4d-6ab839334a82/current/raft-meta.tmp to /home/runner/work/ratis/ratis/ratis-examples/target/test/data/6cc16ceb/MiniRaftClusterWithSimulatedRpc6b18c296/s11/975fab1c-def9-48c4-af4d-6ab839334a82/current/raft-meta with options [REPLACE_EXISTING]
2024-12-25 19:03:36,965 INFO  storage.RaftStorage (RaftStorageImpl.java:format(98)) - Storage directory /home/runner/work/ratis/ratis/ratis-examples/target/test/data/6cc16ceb/MiniRaftClusterWithSimulatedRpc6b18c296/s11/975fab1c-def9-48c4-af4d-6ab839334a82 has been successfully formatted.
2024-12-25 19:03:36,965 WARN  statemachine.StateMachine (ArithmeticStateMachine.java:loadSnapshot(115)) - The snapshot info is null.
2024-12-25 19:03:36,965 INFO  server.RaftServerConfigKeys (ConfUtils.java:logGet(46)) - raft.server.log.use.memory = false (default)
2024-12-25 19:03:36,965 INFO  server.RaftServerConfigKeys (ConfUtils.java:logGet(46)) - raft.server.log.purge.gap = 1024 (default)
2024-12-25 19:03:36,965 INFO  server.RaftServerConfigKeys (ConfUtils.java:logGet(46)) - raft.server.log.appender.buffer.byte-limit = 4MB (=4194304) (default)
2024-12-25 19:03:36,965 INFO  server.RaftServerConfigKeys (ConfUtils.java:logGet(46)) - raft.server.log.statemachine.data.read.timeout = 1000ms (default)
2024-12-25 19:03:36,965 INFO  server.RaftServerConfigKeys (ConfUtils.java:logGet(46)) - raft.server.log.purge.preservation.log.num = 0 (default)
2024-12-25 19:03:36,966 INFO  server.RaftServerConfigKeys (ConfUtils.java:logGet(46)) - raft.server.log.segment.size.max = 32MB (=33554432) (default)
2024-12-25 19:03:36,966 INFO  server.RaftServerConfigKeys (ConfUtils.java:logGet(46)) - raft.server.log.segment.cache.num.max = 6 (default)
2024-12-25 19:03:36,966 INFO  server.RaftServerConfigKeys (ConfUtils.java:logGet(46)) - raft.server.log.segment.cache.size.max = 200MB (=209715200) (default)
2024-12-25 19:03:36,966 INFO  server.RaftServerConfigKeys (ConfUtils.java:logGet(46)) - raft.server.log.appender.buffer.byte-limit = 4MB (=4194304) (default)
2024-12-25 19:03:36,966 INFO  util.AwaitToRun (AwaitToRun.java:start(81)) - Thread[s11@group-6AB839334A82-cacheEviction-AwaitToRun,5,main] started
2024-12-25 19:03:36,966 INFO  segmented.SegmentedRaftLogWorker (SegmentedRaftLogWorker.java:<init>(189)) - new s11@group-6AB839334A82-SegmentedRaftLogWorker for RaftStorageImpl:Storage Directory /home/runner/work/ratis/ratis/ratis-examples/target/test/data/6cc16ceb/MiniRaftClusterWithSimulatedRpc6b18c296/s11/975fab1c-def9-48c4-af4d-6ab839334a82
2024-12-25 19:03:36,966 INFO  server.RaftServerConfigKeys (ConfUtils.java:logGet(46)) - raft.server.log.queue.byte-limit = 64MB (=67108864) (default)
2024-12-25 19:03:36,966 INFO  server.RaftServerConfigKeys (ConfUtils.java:logGet(46)) - raft.server.log.queue.element-limit = 4096 (default)
2024-12-25 19:03:36,966 INFO  server.RaftServerConfigKeys (ConfUtils.java:logGet(46)) - raft.server.log.segment.size.max = 32MB (=33554432) (default)
2024-12-25 19:03:36,967 INFO  server.RaftServerConfigKeys (ConfUtils.java:logGet(46)) - raft.server.log.preallocated.size = 4MB (=4194304) (default)
2024-12-25 19:03:36,967 INFO  server.RaftServerConfigKeys (ConfUtils.java:logGet(46)) - raft.server.log.force.sync.num = 128 (default)
2024-12-25 19:03:36,967 INFO  server.RaftServerConfigKeys (ConfUtils.java:logGet(46)) - raft.server.log.statemachine.data.sync = true (default)
2024-12-25 19:03:36,967 INFO  server.RaftServerConfigKeys (ConfUtils.java:logGet(46)) - raft.server.log.statemachine.data.sync.timeout = 10s (default)
2024-12-25 19:03:36,967 INFO  server.RaftServerConfigKeys (ConfUtils.java:logGet(46)) - raft.server.log.statemachine.data.sync.timeout.retry = -1 (default)
2024-12-25 19:03:36,967 INFO  server.RaftServerConfigKeys (ConfUtils.java:logGet(46)) - raft.server.log.write.buffer.size = 8MB (=8388608) (default)
2024-12-25 19:03:36,968 INFO  server.RaftServerConfigKeys (ConfUtils.java:logGet(46)) - raft.server.log.appender.buffer.byte-limit = 4MB (=4194304) (default)
2024-12-25 19:03:36,968 INFO  server.RaftServerConfigKeys (ConfUtils.java:logGet(46)) - raft.server.log.unsafe-flush.enabled = false (default)
2024-12-25 19:03:36,968 INFO  server.RaftServerConfigKeys (ConfUtils.java:logGet(46)) - raft.server.log.async-flush.enabled = false (default)
2024-12-25 19:03:36,968 INFO  server.RaftServerConfigKeys (ConfUtils.java:logGet(46)) - raft.server.log.statemachine.data.caching.enabled = false (default)
2024-12-25 19:03:36,969 INFO  segmented.SegmentedRaftLogWorker (SegmentedRaftLogWorker.java:lambda$new$0(140)) - s11@group-6AB839334A82-SegmentedRaftLogWorker: flushIndex: setUnconditionally 0 -> -1
2024-12-25 19:03:36,969 INFO  segmented.SegmentedRaftLogWorker (SegmentedRaftLogWorker.java:lambda$new$0(140)) - s11@group-6AB839334A82-SegmentedRaftLogWorker: safeCacheEvictIndex: setUnconditionally 0 -> -1
2024-12-25 19:03:36,969 INFO  server.RaftServer$Division (RaftServerImpl.java:start(398)) - s11@group-6AB839334A82: start with initializing state, conf=conf: {index: -1, cur=peers:[]|listeners:[], old=null}
2024-12-25 19:03:36,969 INFO  server.RaftServer$Division (RaftServerImpl.java:setRole(379)) - s11@group-6AB839334A82: changes role from      null to FOLLOWER at term 0 for start
2024-12-25 19:03:36,969 INFO  util.JmxRegister (JmxRegister.java:tryRegister(44)) - Successfully registered JMX Bean with object name Ratis:service=RaftServer,group=group-6AB839334A82,id=s11
2024-12-25 19:03:36,969 INFO  util.JmxRegister (JmxRegister.java:register(58)) - register mxBean class org.apache.ratis.server.impl.RaftServerJmxAdapter as Ratis:service=RaftServer,group=group-6AB839334A82,id=s11
2024-12-25 19:03:36,969 INFO  server.RaftServerConfigKeys (ConfUtils.java:logGet(46)) - raft.server.snapshot.trigger-when-stop.enabled = true (default)
2024-12-25 19:03:36,969 INFO  server.RaftServerConfigKeys (ConfUtils.java:logGet(46)) - raft.server.snapshot.trigger-when-remove.enabled = true (default)
2024-12-25 19:03:36,969 INFO  server.RaftServerConfigKeys (ConfUtils.java:logGet(46)) - raft.server.snapshot.auto.trigger.enabled = false (default)
2024-12-25 19:03:36,969 INFO  server.RaftServerConfigKeys (ConfUtils.java:logGet(46)) - raft.server.snapshot.retention.file.num = -1 (default)
2024-12-25 19:03:36,969 INFO  server.RaftServerConfigKeys (ConfUtils.java:logGet(46)) - raft.server.log.purge.upto.snapshot.index = false (default)
2024-12-25 19:03:36,970 INFO  server.RaftServer$Division (RaftServerImpl.java:start(406)) - s11@group-6AB839334A82: Successfully started.
2024-12-25 19:03:36,970 INFO  server.RaftServer (RaftServerProxy.java:startImpl(408)) - s11: start RPC server
2024-12-25 19:03:36,970 INFO  util.JvmPauseMonitor (JvmPauseMonitor.java:run(146)) - JvmPauseMonitor-s11: Started
2024-12-25 19:03:36,970 INFO  server.RaftServerConfigKeys (ConfUtils.java:logGet(46)) - raft.server.storage.free-space.min = 0MB (=0) (default)
2024-12-25 19:03:36,971 INFO  server.RaftServerConfigKeys (ConfUtils.java:logGet(46)) - raft.server.log.corruption.policy = EXCEPTION (default)
2024-12-25 19:03:36,971 INFO  server.RaftServerConfigKeys (ConfUtils.java:logGet(46)) - raft.server.storage.dir = [/home/runner/work/ratis/ratis/ratis-examples/target/test/data/6cc16ceb/MiniRaftClusterWithSimulatedRpc6b18c296/s10] (custom)
2024-12-25 19:03:36,971 INFO  storage.RaftStorageDirectory (RaftStorageDirectoryImpl.java:analyzeStorage(138)) - The storage directory /home/runner/work/ratis/ratis/ratis-examples/target/test/data/6cc16ceb/MiniRaftClusterWithSimulatedRpc6b18c296/s10/975fab1c-def9-48c4-af4d-6ab839334a82 does not exist. Creating ...
2024-12-25 19:03:36,971 TRACE util.FileUtils (LogUtils.java:runAndLog(49)) - Successfully ran Files.createDirectories /home/runner/work/ratis/ratis/ratis-examples/target/test/data/6cc16ceb/MiniRaftClusterWithSimulatedRpc6b18c296/s10/975fab1c-def9-48c4-af4d-6ab839334a82
2024-12-25 19:03:36,972 INFO  storage.RaftStorageDirectory (RaftStorageDirectoryImpl.java:tryLock(229)) - Lock on /home/runner/work/ratis/ratis/ratis-examples/target/test/data/6cc16ceb/MiniRaftClusterWithSimulatedRpc6b18c296/s10/975fab1c-def9-48c4-af4d-6ab839334a82/in_use.lock acquired by nodename 14827@fv-az835-686.uia40oc12eqezaqrhfktyfhufg.ex.internal.cloudapp.net
2024-12-25 19:03:36,972 TRACE util.FileUtils (LogUtils.java:runAndLog(49)) - Successfully ran Files.createDirectories /home/runner/work/ratis/ratis/ratis-examples/target/test/data/6cc16ceb/MiniRaftClusterWithSimulatedRpc6b18c296/s10/975fab1c-def9-48c4-af4d-6ab839334a82/current
2024-12-25 19:03:36,972 TRACE util.FileUtils (LogUtils.java:runAndLog(49)) - Successfully ran Files.createDirectories /home/runner/work/ratis/ratis/ratis-examples/target/test/data/6cc16ceb/MiniRaftClusterWithSimulatedRpc6b18c296/s10/975fab1c-def9-48c4-af4d-6ab839334a82/sm
2024-12-25 19:03:36,972 TRACE util.FileUtils (LogUtils.java:supplyAndLog(69)) - Successfully supplied FileChannel.open /home/runner/work/ratis/ratis/ratis-examples/target/test/data/6cc16ceb/MiniRaftClusterWithSimulatedRpc6b18c296/s10/975fab1c-def9-48c4-af4d-6ab839334a82/current/raft-meta.tmp with options [CREATE, WRITE]: sun.nio.ch.FileChannelImpl@634807a2
2024-12-25 19:03:36,974 TRACE util.FileUtils (LogUtils.java:runAndLog(49)) - Successfully ran Atomic Files.move /home/runner/work/ratis/ratis/ratis-examples/target/test/data/6cc16ceb/MiniRaftClusterWithSimulatedRpc6b18c296/s10/975fab1c-def9-48c4-af4d-6ab839334a82/current/raft-meta.tmp to /home/runner/work/ratis/ratis/ratis-examples/target/test/data/6cc16ceb/MiniRaftClusterWithSimulatedRpc6b18c296/s10/975fab1c-def9-48c4-af4d-6ab839334a82/current/raft-meta with options [REPLACE_EXISTING]
2024-12-25 19:03:36,974 INFO  storage.RaftStorage (RaftStorageImpl.java:format(98)) - Storage directory /home/runner/work/ratis/ratis/ratis-examples/target/test/data/6cc16ceb/MiniRaftClusterWithSimulatedRpc6b18c296/s10/975fab1c-def9-48c4-af4d-6ab839334a82 has been successfully formatted.
2024-12-25 19:03:36,974 WARN  statemachine.StateMachine (ArithmeticStateMachine.java:loadSnapshot(115)) - The snapshot info is null.
2024-12-25 19:03:36,974 INFO  server.RaftServerConfigKeys (ConfUtils.java:logGet(46)) - raft.server.log.use.memory = false (default)
2024-12-25 19:03:36,974 INFO  server.RaftServerConfigKeys (ConfUtils.java:logGet(46)) - raft.server.log.purge.gap = 1024 (default)
2024-12-25 19:03:36,974 INFO  server.RaftServerConfigKeys (ConfUtils.java:logGet(46)) - raft.server.log.appender.buffer.byte-limit = 4MB (=4194304) (default)
2024-12-25 19:03:36,974 INFO  server.RaftServerConfigKeys (ConfUtils.java:logGet(46)) - raft.server.log.statemachine.data.read.timeout = 1000ms (default)
2024-12-25 19:03:36,974 INFO  server.RaftServerConfigKeys (ConfUtils.java:logGet(46)) - raft.server.log.purge.preservation.log.num = 0 (default)
2024-12-25 19:03:36,975 INFO  server.RaftServerConfigKeys (ConfUtils.java:logGet(46)) - raft.server.log.segment.size.max = 32MB (=33554432) (default)
2024-12-25 19:03:36,975 INFO  server.RaftServerConfigKeys (ConfUtils.java:logGet(46)) - raft.server.log.segment.cache.num.max = 6 (default)
2024-12-25 19:03:36,975 INFO  server.RaftServerConfigKeys (ConfUtils.java:logGet(46)) - raft.server.log.segment.cache.size.max = 200MB (=209715200) (default)
2024-12-25 19:03:36,975 INFO  server.RaftServerConfigKeys (ConfUtils.java:logGet(46)) - raft.server.log.appender.buffer.byte-limit = 4MB (=4194304) (default)
2024-12-25 19:03:36,976 INFO  util.AwaitToRun (AwaitToRun.java:start(81)) - Thread[s10@group-6AB839334A82-cacheEviction-AwaitToRun,5,main] started
2024-12-25 19:03:36,976 INFO  segmented.SegmentedRaftLogWorker (SegmentedRaftLogWorker.java:<init>(189)) - new s10@group-6AB839334A82-SegmentedRaftLogWorker for RaftStorageImpl:Storage Directory /home/runner/work/ratis/ratis/ratis-examples/target/test/data/6cc16ceb/MiniRaftClusterWithSimulatedRpc6b18c296/s10/975fab1c-def9-48c4-af4d-6ab839334a82
2024-12-25 19:03:36,976 INFO  server.RaftServerConfigKeys (ConfUtils.java:logGet(46)) - raft.server.log.queue.byte-limit = 64MB (=67108864) (default)
2024-12-25 19:03:36,976 INFO  server.RaftServerConfigKeys (ConfUtils.java:logGet(46)) - raft.server.log.queue.element-limit = 4096 (default)
2024-12-25 19:03:36,976 INFO  server.RaftServerConfigKeys (ConfUtils.java:logGet(46)) - raft.server.log.segment.size.max = 32MB (=33554432) (default)
2024-12-25 19:03:36,976 INFO  server.RaftServerConfigKeys (ConfUtils.java:logGet(46)) - raft.server.log.preallocated.size = 4MB (=4194304) (default)
2024-12-25 19:03:36,976 INFO  server.RaftServerConfigKeys (ConfUtils.java:logGet(46)) - raft.server.log.force.sync.num = 128 (default)
2024-12-25 19:03:36,976 INFO  server.RaftServerConfigKeys (ConfUtils.java:logGet(46)) - raft.server.log.statemachine.data.sync = true (default)
2024-12-25 19:03:36,976 INFO  server.RaftServerConfigKeys (ConfUtils.java:logGet(46)) - raft.server.log.statemachine.data.sync.timeout = 10s (default)
2024-12-25 19:03:36,976 INFO  server.RaftServerConfigKeys (ConfUtils.java:logGet(46)) - raft.server.log.statemachine.data.sync.timeout.retry = -1 (default)
2024-12-25 19:03:36,977 INFO  server.RaftServerConfigKeys (ConfUtils.java:logGet(46)) - raft.server.log.write.buffer.size = 8MB (=8388608) (default)
2024-12-25 19:03:36,979 INFO  server.RaftServerConfigKeys (ConfUtils.java:logGet(46)) - raft.server.log.appender.buffer.byte-limit = 4MB (=4194304) (default)
2024-12-25 19:03:36,979 INFO  server.RaftServerConfigKeys (ConfUtils.java:logGet(46)) - raft.server.log.unsafe-flush.enabled = false (default)
2024-12-25 19:03:36,979 INFO  server.RaftServerConfigKeys (ConfUtils.java:logGet(46)) - raft.server.log.async-flush.enabled = false (default)
2024-12-25 19:03:36,979 INFO  server.RaftServerConfigKeys (ConfUtils.java:logGet(46)) - raft.server.log.statemachine.data.caching.enabled = false (default)
2024-12-25 19:03:36,979 INFO  segmented.SegmentedRaftLogWorker (SegmentedRaftLogWorker.java:lambda$new$0(140)) - s10@group-6AB839334A82-SegmentedRaftLogWorker: flushIndex: setUnconditionally 0 -> -1
2024-12-25 19:03:36,979 INFO  segmented.SegmentedRaftLogWorker (SegmentedRaftLogWorker.java:lambda$new$0(140)) - s10@group-6AB839334A82-SegmentedRaftLogWorker: safeCacheEvictIndex: setUnconditionally 0 -> -1
2024-12-25 19:03:36,979 INFO  server.RaftServer$Division (RaftServerImpl.java:start(398)) - s10@group-6AB839334A82: start with initializing state, conf=conf: {index: -1, cur=peers:[]|listeners:[], old=null}
2024-12-25 19:03:36,980 INFO  server.RaftServer$Division (RaftServerImpl.java:setRole(379)) - s10@group-6AB839334A82: changes role from      null to FOLLOWER at term 0 for start
2024-12-25 19:03:36,980 INFO  util.JmxRegister (JmxRegister.java:tryRegister(44)) - Successfully registered JMX Bean with object name Ratis:service=RaftServer,group=group-6AB839334A82,id=s10
2024-12-25 19:03:36,980 INFO  util.JmxRegister (JmxRegister.java:register(58)) - register mxBean class org.apache.ratis.server.impl.RaftServerJmxAdapter as Ratis:service=RaftServer,group=group-6AB839334A82,id=s10
2024-12-25 19:03:36,980 INFO  server.RaftServerConfigKeys (ConfUtils.java:logGet(46)) - raft.server.snapshot.trigger-when-stop.enabled = true (default)
2024-12-25 19:03:36,980 INFO  server.RaftServerConfigKeys (ConfUtils.java:logGet(46)) - raft.server.snapshot.trigger-when-remove.enabled = true (default)
2024-12-25 19:03:36,980 INFO  server.RaftServerConfigKeys (ConfUtils.java:logGet(46)) - raft.server.snapshot.auto.trigger.enabled = false (default)
2024-12-25 19:03:36,980 INFO  server.RaftServerConfigKeys (ConfUtils.java:logGet(46)) - raft.server.snapshot.retention.file.num = -1 (default)
2024-12-25 19:03:36,980 INFO  server.RaftServerConfigKeys (ConfUtils.java:logGet(46)) - raft.server.log.purge.upto.snapshot.index = false (default)
2024-12-25 19:03:36,981 INFO  server.RaftServer$Division (RaftServerImpl.java:start(406)) - s10@group-6AB839334A82: Successfully started.
2024-12-25 19:03:36,981 INFO  server.RaftServer (RaftServerProxy.java:startImpl(408)) - s10: start RPC server
2024-12-25 19:03:36,983 INFO  server.RaftServerConfigKeys (ConfUtils.java:logGet(46)) - raft.server.storage.free-space.min = 0MB (=0) (default)
2024-12-25 19:03:36,983 INFO  server.RaftServerConfigKeys (ConfUtils.java:logGet(46)) - raft.server.log.corruption.policy = EXCEPTION (default)
2024-12-25 19:03:36,983 INFO  server.RaftServerConfigKeys (ConfUtils.java:logGet(46)) - raft.server.storage.dir = [/home/runner/work/ratis/ratis/ratis-examples/target/test/data/6cc16ceb/MiniRaftClusterWithSimulatedRpc6b18c296/s13] (custom)
2024-12-25 19:03:36,984 INFO  storage.RaftStorageDirectory (RaftStorageDirectoryImpl.java:analyzeStorage(138)) - The storage directory /home/runner/work/ratis/ratis/ratis-examples/target/test/data/6cc16ceb/MiniRaftClusterWithSimulatedRpc6b18c296/s13/975fab1c-def9-48c4-af4d-6ab839334a82 does not exist. Creating ...
2024-12-25 19:03:36,984 TRACE util.FileUtils (LogUtils.java:runAndLog(49)) - Successfully ran Files.createDirectories /home/runner/work/ratis/ratis/ratis-examples/target/test/data/6cc16ceb/MiniRaftClusterWithSimulatedRpc6b18c296/s13/975fab1c-def9-48c4-af4d-6ab839334a82
2024-12-25 19:03:36,984 INFO  util.JvmPauseMonitor (JvmPauseMonitor.java:run(146)) - JvmPauseMonitor-s10: Started
2024-12-25 19:03:36,985 INFO  storage.RaftStorageDirectory (RaftStorageDirectoryImpl.java:tryLock(229)) - Lock on /home/runner/work/ratis/ratis/ratis-examples/target/test/data/6cc16ceb/MiniRaftClusterWithSimulatedRpc6b18c296/s13/975fab1c-def9-48c4-af4d-6ab839334a82/in_use.lock acquired by nodename 14827@fv-az835-686.uia40oc12eqezaqrhfktyfhufg.ex.internal.cloudapp.net
2024-12-25 19:03:36,985 TRACE util.FileUtils (LogUtils.java:runAndLog(49)) - Successfully ran Files.createDirectories /home/runner/work/ratis/ratis/ratis-examples/target/test/data/6cc16ceb/MiniRaftClusterWithSimulatedRpc6b18c296/s13/975fab1c-def9-48c4-af4d-6ab839334a82/current
2024-12-25 19:03:36,985 TRACE util.FileUtils (LogUtils.java:runAndLog(49)) - Successfully ran Files.createDirectories /home/runner/work/ratis/ratis/ratis-examples/target/test/data/6cc16ceb/MiniRaftClusterWithSimulatedRpc6b18c296/s13/975fab1c-def9-48c4-af4d-6ab839334a82/sm
2024-12-25 19:03:36,985 TRACE util.FileUtils (LogUtils.java:supplyAndLog(69)) - Successfully supplied FileChannel.open /home/runner/work/ratis/ratis/ratis-examples/target/test/data/6cc16ceb/MiniRaftClusterWithSimulatedRpc6b18c296/s13/975fab1c-def9-48c4-af4d-6ab839334a82/current/raft-meta.tmp with options [CREATE, WRITE]: sun.nio.ch.FileChannelImpl@66491451
2024-12-25 19:03:36,987 TRACE util.FileUtils (LogUtils.java:runAndLog(49)) - Successfully ran Atomic Files.move /home/runner/work/ratis/ratis/ratis-examples/target/test/data/6cc16ceb/MiniRaftClusterWithSimulatedRpc6b18c296/s13/975fab1c-def9-48c4-af4d-6ab839334a82/current/raft-meta.tmp to /home/runner/work/ratis/ratis/ratis-examples/target/test/data/6cc16ceb/MiniRaftClusterWithSimulatedRpc6b18c296/s13/975fab1c-def9-48c4-af4d-6ab839334a82/current/raft-meta with options [REPLACE_EXISTING]
2024-12-25 19:03:36,987 INFO  storage.RaftStorage (RaftStorageImpl.java:format(98)) - Storage directory /home/runner/work/ratis/ratis/ratis-examples/target/test/data/6cc16ceb/MiniRaftClusterWithSimulatedRpc6b18c296/s13/975fab1c-def9-48c4-af4d-6ab839334a82 has been successfully formatted.
2024-12-25 19:03:36,987 WARN  statemachine.StateMachine (ArithmeticStateMachine.java:loadSnapshot(115)) - The snapshot info is null.
2024-12-25 19:03:36,987 INFO  server.RaftServerConfigKeys (ConfUtils.java:logGet(46)) - raft.server.log.use.memory = false (default)
2024-12-25 19:03:36,987 INFO  server.RaftServerConfigKeys (ConfUtils.java:logGet(46)) - raft.server.log.purge.gap = 1024 (default)
2024-12-25 19:03:36,987 INFO  server.RaftServerConfigKeys (ConfUtils.java:logGet(46)) - raft.server.log.appender.buffer.byte-limit = 4MB (=4194304) (default)
2024-12-25 19:03:36,987 INFO  server.RaftServerConfigKeys (ConfUtils.java:logGet(46)) - raft.server.log.statemachine.data.read.timeout = 1000ms (default)
2024-12-25 19:03:36,987 INFO  server.RaftServerConfigKeys (ConfUtils.java:logGet(46)) - raft.server.log.purge.preservation.log.num = 0 (default)
2024-12-25 19:03:36,988 INFO  server.RaftServerConfigKeys (ConfUtils.java:logGet(46)) - raft.server.log.segment.size.max = 32MB (=33554432) (default)
2024-12-25 19:03:36,988 INFO  server.RaftServerConfigKeys (ConfUtils.java:logGet(46)) - raft.server.log.segment.cache.num.max = 6 (default)
2024-12-25 19:03:36,988 INFO  server.RaftServerConfigKeys (ConfUtils.java:logGet(46)) - raft.server.log.segment.cache.size.max = 200MB (=209715200) (default)
2024-12-25 19:03:36,988 INFO  server.RaftServerConfigKeys (ConfUtils.java:logGet(46)) - raft.server.log.appender.buffer.byte-limit = 4MB (=4194304) (default)
2024-12-25 19:03:36,988 INFO  util.AwaitToRun (AwaitToRun.java:start(81)) - Thread[s13@group-6AB839334A82-cacheEviction-AwaitToRun,5,main] started
2024-12-25 19:03:36,988 INFO  segmented.SegmentedRaftLogWorker (SegmentedRaftLogWorker.java:<init>(189)) - new s13@group-6AB839334A82-SegmentedRaftLogWorker for RaftStorageImpl:Storage Directory /home/runner/work/ratis/ratis/ratis-examples/target/test/data/6cc16ceb/MiniRaftClusterWithSimulatedRpc6b18c296/s13/975fab1c-def9-48c4-af4d-6ab839334a82
2024-12-25 19:03:36,988 INFO  server.RaftServerConfigKeys (ConfUtils.java:logGet(46)) - raft.server.log.queue.byte-limit = 64MB (=67108864) (default)
2024-12-25 19:03:36,988 INFO  server.RaftServerConfigKeys (ConfUtils.java:logGet(46)) - raft.server.log.queue.element-limit = 4096 (default)
2024-12-25 19:03:36,988 INFO  server.RaftServerConfigKeys (ConfUtils.java:logGet(46)) - raft.server.log.segment.size.max = 32MB (=33554432) (default)
2024-12-25 19:03:36,988 INFO  server.RaftServerConfigKeys (ConfUtils.java:logGet(46)) - raft.server.log.preallocated.size = 4MB (=4194304) (default)
2024-12-25 19:03:36,988 INFO  server.RaftServerConfigKeys (ConfUtils.java:logGet(46)) - raft.server.log.force.sync.num = 128 (default)
2024-12-25 19:03:36,988 INFO  server.RaftServerConfigKeys (ConfUtils.java:logGet(46)) - raft.server.log.statemachine.data.sync = true (default)
2024-12-25 19:03:36,989 INFO  server.RaftServerConfigKeys (ConfUtils.java:logGet(46)) - raft.server.log.statemachine.data.sync.timeout = 10s (default)
2024-12-25 19:03:36,989 INFO  server.RaftServerConfigKeys (ConfUtils.java:logGet(46)) - raft.server.log.statemachine.data.sync.timeout.retry = -1 (default)
2024-12-25 19:03:36,989 INFO  server.RaftServerConfigKeys (ConfUtils.java:logGet(46)) - raft.server.log.write.buffer.size = 8MB (=8388608) (default)
2024-12-25 19:03:36,990 INFO  server.RaftServerConfigKeys (ConfUtils.java:logGet(46)) - raft.server.log.appender.buffer.byte-limit = 4MB (=4194304) (default)
2024-12-25 19:03:36,990 INFO  server.RaftServerConfigKeys (ConfUtils.java:logGet(46)) - raft.server.log.unsafe-flush.enabled = false (default)
2024-12-25 19:03:36,990 INFO  server.RaftServerConfigKeys (ConfUtils.java:logGet(46)) - raft.server.log.async-flush.enabled = false (default)
2024-12-25 19:03:36,990 INFO  server.RaftServerConfigKeys (ConfUtils.java:logGet(46)) - raft.server.log.statemachine.data.caching.enabled = false (default)
2024-12-25 19:03:36,991 INFO  segmented.SegmentedRaftLogWorker (SegmentedRaftLogWorker.java:lambda$new$0(140)) - s13@group-6AB839334A82-SegmentedRaftLogWorker: flushIndex: setUnconditionally 0 -> -1
2024-12-25 19:03:36,991 INFO  segmented.SegmentedRaftLogWorker (SegmentedRaftLogWorker.java:lambda$new$0(140)) - s13@group-6AB839334A82-SegmentedRaftLogWorker: safeCacheEvictIndex: setUnconditionally 0 -> -1
2024-12-25 19:03:36,991 INFO  server.RaftServer$Division (RaftServerImpl.java:start(398)) - s13@group-6AB839334A82: start with initializing state, conf=conf: {index: -1, cur=peers:[]|listeners:[], old=null}
2024-12-25 19:03:36,991 INFO  server.RaftServer$Division (RaftServerImpl.java:setRole(379)) - s13@group-6AB839334A82: changes role from      null to FOLLOWER at term 0 for start
2024-12-25 19:03:36,991 INFO  util.JmxRegister (JmxRegister.java:tryRegister(44)) - Successfully registered JMX Bean with object name Ratis:service=RaftServer,group=group-6AB839334A82,id=s13
2024-12-25 19:03:36,991 INFO  util.JmxRegister (JmxRegister.java:register(58)) - register mxBean class org.apache.ratis.server.impl.RaftServerJmxAdapter as Ratis:service=RaftServer,group=group-6AB839334A82,id=s13
2024-12-25 19:03:36,991 INFO  server.RaftServerConfigKeys (ConfUtils.java:logGet(46)) - raft.server.snapshot.trigger-when-stop.enabled = true (default)
2024-12-25 19:03:36,991 INFO  server.RaftServerConfigKeys (ConfUtils.java:logGet(46)) - raft.server.snapshot.trigger-when-remove.enabled = true (default)
2024-12-25 19:03:36,991 INFO  server.RaftServerConfigKeys (ConfUtils.java:logGet(46)) - raft.server.snapshot.auto.trigger.enabled = false (default)
2024-12-25 19:03:36,991 INFO  server.RaftServerConfigKeys (ConfUtils.java:logGet(46)) - raft.server.snapshot.retention.file.num = -1 (default)
2024-12-25 19:03:36,991 INFO  server.RaftServerConfigKeys (ConfUtils.java:logGet(46)) - raft.server.log.purge.upto.snapshot.index = false (default)
2024-12-25 19:03:36,992 INFO  server.RaftServer$Division (RaftServerImpl.java:start(406)) - s13@group-6AB839334A82: Successfully started.
2024-12-25 19:03:36,992 INFO  server.RaftServer (RaftServerProxy.java:startImpl(408)) - s13: start RPC server
2024-12-25 19:03:36,997 INFO  util.JvmPauseMonitor (JvmPauseMonitor.java:run(146)) - JvmPauseMonitor-s13: Started
2024-12-25 19:03:36,997 INFO  server.RaftServerConfigKeys (ConfUtils.java:logGet(46)) - raft.server.storage.free-space.min = 0MB (=0) (default)
2024-12-25 19:03:36,998 INFO  server.RaftServerConfigKeys (ConfUtils.java:logGet(46)) - raft.server.log.corruption.policy = EXCEPTION (default)
2024-12-25 19:03:36,998 INFO  server.RaftServerConfigKeys (ConfUtils.java:logGet(46)) - raft.server.storage.dir = [/home/runner/work/ratis/ratis/ratis-examples/target/test/data/6cc16ceb/MiniRaftClusterWithSimulatedRpc6b18c296/s12] (custom)
2024-12-25 19:03:36,998 INFO  storage.RaftStorageDirectory (RaftStorageDirectoryImpl.java:analyzeStorage(138)) - The storage directory /home/runner/work/ratis/ratis/ratis-examples/target/test/data/6cc16ceb/MiniRaftClusterWithSimulatedRpc6b18c296/s12/975fab1c-def9-48c4-af4d-6ab839334a82 does not exist. Creating ...
2024-12-25 19:03:36,998 TRACE util.FileUtils (LogUtils.java:runAndLog(49)) - Successfully ran Files.createDirectories /home/runner/work/ratis/ratis/ratis-examples/target/test/data/6cc16ceb/MiniRaftClusterWithSimulatedRpc6b18c296/s12/975fab1c-def9-48c4-af4d-6ab839334a82
2024-12-25 19:03:36,999 INFO  storage.RaftStorageDirectory (RaftStorageDirectoryImpl.java:tryLock(229)) - Lock on /home/runner/work/ratis/ratis/ratis-examples/target/test/data/6cc16ceb/MiniRaftClusterWithSimulatedRpc6b18c296/s12/975fab1c-def9-48c4-af4d-6ab839334a82/in_use.lock acquired by nodename 14827@fv-az835-686.uia40oc12eqezaqrhfktyfhufg.ex.internal.cloudapp.net
2024-12-25 19:03:37,000 TRACE util.FileUtils (LogUtils.java:runAndLog(49)) - Successfully ran Files.createDirectories /home/runner/work/ratis/ratis/ratis-examples/target/test/data/6cc16ceb/MiniRaftClusterWithSimulatedRpc6b18c296/s12/975fab1c-def9-48c4-af4d-6ab839334a82/current
2024-12-25 19:03:37,000 TRACE util.FileUtils (LogUtils.java:runAndLog(49)) - Successfully ran Files.createDirectories /home/runner/work/ratis/ratis/ratis-examples/target/test/data/6cc16ceb/MiniRaftClusterWithSimulatedRpc6b18c296/s12/975fab1c-def9-48c4-af4d-6ab839334a82/sm
2024-12-25 19:03:37,000 TRACE util.FileUtils (LogUtils.java:supplyAndLog(69)) - Successfully supplied FileChannel.open /home/runner/work/ratis/ratis/ratis-examples/target/test/data/6cc16ceb/MiniRaftClusterWithSimulatedRpc6b18c296/s12/975fab1c-def9-48c4-af4d-6ab839334a82/current/raft-meta.tmp with options [CREATE, WRITE]: sun.nio.ch.FileChannelImpl@12cfa4b5
2024-12-25 19:03:37,002 TRACE util.FileUtils (LogUtils.java:runAndLog(49)) - Successfully ran Atomic Files.move /home/runner/work/ratis/ratis/ratis-examples/target/test/data/6cc16ceb/MiniRaftClusterWithSimulatedRpc6b18c296/s12/975fab1c-def9-48c4-af4d-6ab839334a82/current/raft-meta.tmp to /home/runner/work/ratis/ratis/ratis-examples/target/test/data/6cc16ceb/MiniRaftClusterWithSimulatedRpc6b18c296/s12/975fab1c-def9-48c4-af4d-6ab839334a82/current/raft-meta with options [REPLACE_EXISTING]
2024-12-25 19:03:37,002 INFO  storage.RaftStorage (RaftStorageImpl.java:format(98)) - Storage directory /home/runner/work/ratis/ratis/ratis-examples/target/test/data/6cc16ceb/MiniRaftClusterWithSimulatedRpc6b18c296/s12/975fab1c-def9-48c4-af4d-6ab839334a82 has been successfully formatted.
2024-12-25 19:03:37,002 WARN  statemachine.StateMachine (ArithmeticStateMachine.java:loadSnapshot(115)) - The snapshot info is null.
2024-12-25 19:03:37,002 INFO  server.RaftServerConfigKeys (ConfUtils.java:logGet(46)) - raft.server.log.use.memory = false (default)
2024-12-25 19:03:37,002 INFO  server.RaftServerConfigKeys (ConfUtils.java:logGet(46)) - raft.server.log.purge.gap = 1024 (default)
2024-12-25 19:03:37,002 INFO  server.RaftServerConfigKeys (ConfUtils.java:logGet(46)) - raft.server.log.appender.buffer.byte-limit = 4MB (=4194304) (default)
2024-12-25 19:03:37,002 INFO  server.RaftServerConfigKeys (ConfUtils.java:logGet(46)) - raft.server.log.statemachine.data.read.timeout = 1000ms (default)
2024-12-25 19:03:37,002 INFO  server.RaftServerConfigKeys (ConfUtils.java:logGet(46)) - raft.server.log.purge.preservation.log.num = 0 (default)
2024-12-25 19:03:37,003 INFO  server.RaftServerConfigKeys (ConfUtils.java:logGet(46)) - raft.server.log.segment.size.max = 32MB (=33554432) (default)
2024-12-25 19:03:37,003 INFO  server.RaftServerConfigKeys (ConfUtils.java:logGet(46)) - raft.server.log.segment.cache.num.max = 6 (default)
2024-12-25 19:03:37,003 INFO  server.RaftServerConfigKeys (ConfUtils.java:logGet(46)) - raft.server.log.segment.cache.size.max = 200MB (=209715200) (default)
2024-12-25 19:03:37,003 INFO  server.RaftServerConfigKeys (ConfUtils.java:logGet(46)) - raft.server.log.appender.buffer.byte-limit = 4MB (=4194304) (default)
2024-12-25 19:03:37,003 INFO  util.AwaitToRun (AwaitToRun.java:start(81)) - Thread[s12@group-6AB839334A82-cacheEviction-AwaitToRun,5,main] started
2024-12-25 19:03:37,003 INFO  segmented.SegmentedRaftLogWorker (SegmentedRaftLogWorker.java:<init>(189)) - new s12@group-6AB839334A82-SegmentedRaftLogWorker for RaftStorageImpl:Storage Directory /home/runner/work/ratis/ratis/ratis-examples/target/test/data/6cc16ceb/MiniRaftClusterWithSimulatedRpc6b18c296/s12/975fab1c-def9-48c4-af4d-6ab839334a82
2024-12-25 19:03:37,003 INFO  server.RaftServerConfigKeys (ConfUtils.java:logGet(46)) - raft.server.log.queue.byte-limit = 64MB (=67108864) (default)
2024-12-25 19:03:37,004 INFO  server.RaftServerConfigKeys (ConfUtils.java:logGet(46)) - raft.server.log.queue.element-limit = 4096 (default)
2024-12-25 19:03:37,004 INFO  server.RaftServerConfigKeys (ConfUtils.java:logGet(46)) - raft.server.log.segment.size.max = 32MB (=33554432) (default)
2024-12-25 19:03:37,004 INFO  server.RaftServerConfigKeys (ConfUtils.java:logGet(46)) - raft.server.log.preallocated.size = 4MB (=4194304) (default)
2024-12-25 19:03:37,004 INFO  server.RaftServerConfigKeys (ConfUtils.java:logGet(46)) - raft.server.log.force.sync.num = 128 (default)
2024-12-25 19:03:37,004 INFO  server.RaftServerConfigKeys (ConfUtils.java:logGet(46)) - raft.server.log.statemachine.data.sync = true (default)
2024-12-25 19:03:37,004 INFO  server.RaftServerConfigKeys (ConfUtils.java:logGet(46)) - raft.server.log.statemachine.data.sync.timeout = 10s (default)
2024-12-25 19:03:37,004 INFO  server.RaftServerConfigKeys (ConfUtils.java:logGet(46)) - raft.server.log.statemachine.data.sync.timeout.retry = -1 (default)
2024-12-25 19:03:37,004 INFO  server.RaftServerConfigKeys (ConfUtils.java:logGet(46)) - raft.server.log.write.buffer.size = 8MB (=8388608) (default)
2024-12-25 19:03:37,006 INFO  server.RaftServerConfigKeys (ConfUtils.java:logGet(46)) - raft.server.log.appender.buffer.byte-limit = 4MB (=4194304) (default)
2024-12-25 19:03:37,006 INFO  server.RaftServerConfigKeys (ConfUtils.java:logGet(46)) - raft.server.log.unsafe-flush.enabled = false (default)
2024-12-25 19:03:37,006 INFO  server.RaftServerConfigKeys (ConfUtils.java:logGet(46)) - raft.server.log.async-flush.enabled = false (default)
2024-12-25 19:03:37,006 INFO  server.RaftServerConfigKeys (ConfUtils.java:logGet(46)) - raft.server.log.statemachine.data.caching.enabled = false (default)
2024-12-25 19:03:37,007 INFO  segmented.SegmentedRaftLogWorker (SegmentedRaftLogWorker.java:lambda$new$0(140)) - s12@group-6AB839334A82-SegmentedRaftLogWorker: flushIndex: setUnconditionally 0 -> -1
2024-12-25 19:03:37,007 INFO  segmented.SegmentedRaftLogWorker (SegmentedRaftLogWorker.java:lambda$new$0(140)) - s12@group-6AB839334A82-SegmentedRaftLogWorker: safeCacheEvictIndex: setUnconditionally 0 -> -1
2024-12-25 19:03:37,007 INFO  server.RaftServer$Division (RaftServerImpl.java:start(398)) - s12@group-6AB839334A82: start with initializing state, conf=conf: {index: -1, cur=peers:[]|listeners:[], old=null}
2024-12-25 19:03:37,007 INFO  server.RaftServer$Division (RaftServerImpl.java:setRole(379)) - s12@group-6AB839334A82: changes role from      null to FOLLOWER at term 0 for start
2024-12-25 19:03:37,007 INFO  util.JmxRegister (JmxRegister.java:tryRegister(44)) - Successfully registered JMX Bean with object name Ratis:service=RaftServer,group=group-6AB839334A82,id=s12
2024-12-25 19:03:37,007 INFO  util.JmxRegister (JmxRegister.java:register(58)) - register mxBean class org.apache.ratis.server.impl.RaftServerJmxAdapter as Ratis:service=RaftServer,group=group-6AB839334A82,id=s12
2024-12-25 19:03:37,007 INFO  server.RaftServerConfigKeys (ConfUtils.java:logGet(46)) - raft.server.snapshot.trigger-when-stop.enabled = true (default)
2024-12-25 19:03:37,007 INFO  server.RaftServerConfigKeys (ConfUtils.java:logGet(46)) - raft.server.snapshot.trigger-when-remove.enabled = true (default)
2024-12-25 19:03:37,008 INFO  server.RaftServerConfigKeys (ConfUtils.java:logGet(46)) - raft.server.snapshot.auto.trigger.enabled = false (default)
2024-12-25 19:03:37,008 INFO  server.RaftServerConfigKeys (ConfUtils.java:logGet(46)) - raft.server.snapshot.retention.file.num = -1 (default)
2024-12-25 19:03:37,008 INFO  server.RaftServerConfigKeys (ConfUtils.java:logGet(46)) - raft.server.log.purge.upto.snapshot.index = false (default)
2024-12-25 19:03:37,008 INFO  server.RaftServer$Division (RaftServerImpl.java:start(406)) - s12@group-6AB839334A82: Successfully started.
2024-12-25 19:03:37,008 INFO  server.RaftServer (RaftServerProxy.java:startImpl(408)) - s12: start RPC server
2024-12-25 19:03:37,009 INFO  util.JvmPauseMonitor (JvmPauseMonitor.java:run(146)) - JvmPauseMonitor-s12: Started
2024-12-25 19:03:37,009 INFO  server.RaftServerConfigKeys (ConfUtils.java:logGet(46)) - raft.server.storage.free-space.min = 0MB (=0) (default)
2024-12-25 19:03:37,009 INFO  server.RaftServerConfigKeys (ConfUtils.java:logGet(46)) - raft.server.log.corruption.policy = EXCEPTION (default)
2024-12-25 19:03:37,009 INFO  server.RaftServerConfigKeys (ConfUtils.java:logGet(46)) - raft.server.storage.dir = [/home/runner/work/ratis/ratis/ratis-examples/target/test/data/6cc16ceb/MiniRaftClusterWithSimulatedRpc6b18c296/s14] (custom)
2024-12-25 19:03:37,009 INFO  storage.RaftStorageDirectory (RaftStorageDirectoryImpl.java:analyzeStorage(138)) - The storage directory /home/runner/work/ratis/ratis/ratis-examples/target/test/data/6cc16ceb/MiniRaftClusterWithSimulatedRpc6b18c296/s14/975fab1c-def9-48c4-af4d-6ab839334a82 does not exist. Creating ...
2024-12-25 19:03:37,010 TRACE util.FileUtils (LogUtils.java:runAndLog(49)) - Successfully ran Files.createDirectories /home/runner/work/ratis/ratis/ratis-examples/target/test/data/6cc16ceb/MiniRaftClusterWithSimulatedRpc6b18c296/s14/975fab1c-def9-48c4-af4d-6ab839334a82
2024-12-25 19:03:37,010 INFO  storage.RaftStorageDirectory (RaftStorageDirectoryImpl.java:tryLock(229)) - Lock on /home/runner/work/ratis/ratis/ratis-examples/target/test/data/6cc16ceb/MiniRaftClusterWithSimulatedRpc6b18c296/s14/975fab1c-def9-48c4-af4d-6ab839334a82/in_use.lock acquired by nodename 14827@fv-az835-686.uia40oc12eqezaqrhfktyfhufg.ex.internal.cloudapp.net
2024-12-25 19:03:37,011 TRACE util.FileUtils (LogUtils.java:runAndLog(49)) - Successfully ran Files.createDirectories /home/runner/work/ratis/ratis/ratis-examples/target/test/data/6cc16ceb/MiniRaftClusterWithSimulatedRpc6b18c296/s14/975fab1c-def9-48c4-af4d-6ab839334a82/current
2024-12-25 19:03:37,011 TRACE util.FileUtils (LogUtils.java:runAndLog(49)) - Successfully ran Files.createDirectories /home/runner/work/ratis/ratis/ratis-examples/target/test/data/6cc16ceb/MiniRaftClusterWithSimulatedRpc6b18c296/s14/975fab1c-def9-48c4-af4d-6ab839334a82/sm
2024-12-25 19:03:37,011 TRACE util.FileUtils (LogUtils.java:supplyAndLog(69)) - Successfully supplied FileChannel.open /home/runner/work/ratis/ratis/ratis-examples/target/test/data/6cc16ceb/MiniRaftClusterWithSimulatedRpc6b18c296/s14/975fab1c-def9-48c4-af4d-6ab839334a82/current/raft-meta.tmp with options [CREATE, WRITE]: sun.nio.ch.FileChannelImpl@151a62f3
2024-12-25 19:03:37,012 TRACE util.FileUtils (LogUtils.java:runAndLog(49)) - Successfully ran Atomic Files.move /home/runner/work/ratis/ratis/ratis-examples/target/test/data/6cc16ceb/MiniRaftClusterWithSimulatedRpc6b18c296/s14/975fab1c-def9-48c4-af4d-6ab839334a82/current/raft-meta.tmp to /home/runner/work/ratis/ratis/ratis-examples/target/test/data/6cc16ceb/MiniRaftClusterWithSimulatedRpc6b18c296/s14/975fab1c-def9-48c4-af4d-6ab839334a82/current/raft-meta with options [REPLACE_EXISTING]
2024-12-25 19:03:37,012 INFO  storage.RaftStorage (RaftStorageImpl.java:format(98)) - Storage directory /home/runner/work/ratis/ratis/ratis-examples/target/test/data/6cc16ceb/MiniRaftClusterWithSimulatedRpc6b18c296/s14/975fab1c-def9-48c4-af4d-6ab839334a82 has been successfully formatted.
2024-12-25 19:03:37,012 WARN  statemachine.StateMachine (ArithmeticStateMachine.java:loadSnapshot(115)) - The snapshot info is null.
2024-12-25 19:03:37,013 INFO  server.RaftServerConfigKeys (ConfUtils.java:logGet(46)) - raft.server.log.use.memory = false (default)
2024-12-25 19:03:37,013 INFO  server.RaftServerConfigKeys (ConfUtils.java:logGet(46)) - raft.server.log.purge.gap = 1024 (default)
2024-12-25 19:03:37,013 INFO  server.RaftServerConfigKeys (ConfUtils.java:logGet(46)) - raft.server.log.appender.buffer.byte-limit = 4MB (=4194304) (default)
2024-12-25 19:03:37,013 INFO  server.RaftServerConfigKeys (ConfUtils.java:logGet(46)) - raft.server.log.statemachine.data.read.timeout = 1000ms (default)
2024-12-25 19:03:37,013 INFO  server.RaftServerConfigKeys (ConfUtils.java:logGet(46)) - raft.server.log.purge.preservation.log.num = 0 (default)
2024-12-25 19:03:37,013 INFO  server.RaftServerConfigKeys (ConfUtils.java:logGet(46)) - raft.server.log.segment.size.max = 32MB (=33554432) (default)
2024-12-25 19:03:37,013 INFO  server.RaftServerConfigKeys (ConfUtils.java:logGet(46)) - raft.server.log.segment.cache.num.max = 6 (default)
2024-12-25 19:03:37,013 INFO  server.RaftServerConfigKeys (ConfUtils.java:logGet(46)) - raft.server.log.segment.cache.size.max = 200MB (=209715200) (default)
2024-12-25 19:03:37,014 INFO  server.RaftServerConfigKeys (ConfUtils.java:logGet(46)) - raft.server.log.appender.buffer.byte-limit = 4MB (=4194304) (default)
2024-12-25 19:03:37,014 INFO  util.AwaitToRun (AwaitToRun.java:start(81)) - Thread[s14@group-6AB839334A82-cacheEviction-AwaitToRun,5,main] started
2024-12-25 19:03:37,014 INFO  segmented.SegmentedRaftLogWorker (SegmentedRaftLogWorker.java:<init>(189)) - new s14@group-6AB839334A82-SegmentedRaftLogWorker for RaftStorageImpl:Storage Directory /home/runner/work/ratis/ratis/ratis-examples/target/test/data/6cc16ceb/MiniRaftClusterWithSimulatedRpc6b18c296/s14/975fab1c-def9-48c4-af4d-6ab839334a82
2024-12-25 19:03:37,014 INFO  server.RaftServerConfigKeys (ConfUtils.java:logGet(46)) - raft.server.log.queue.byte-limit = 64MB (=67108864) (default)
2024-12-25 19:03:37,014 INFO  server.RaftServerConfigKeys (ConfUtils.java:logGet(46)) - raft.server.log.queue.element-limit = 4096 (default)
2024-12-25 19:03:37,014 INFO  server.RaftServerConfigKeys (ConfUtils.java:logGet(46)) - raft.server.log.segment.size.max = 32MB (=33554432) (default)
2024-12-25 19:03:37,014 INFO  server.RaftServerConfigKeys (ConfUtils.java:logGet(46)) - raft.server.log.preallocated.size = 4MB (=4194304) (default)
2024-12-25 19:03:37,014 INFO  server.RaftServerConfigKeys (ConfUtils.java:logGet(46)) - raft.server.log.force.sync.num = 128 (default)
2024-12-25 19:03:37,014 INFO  server.RaftServerConfigKeys (ConfUtils.java:logGet(46)) - raft.server.log.statemachine.data.sync = true (default)
2024-12-25 19:03:37,014 INFO  server.RaftServerConfigKeys (ConfUtils.java:logGet(46)) - raft.server.log.statemachine.data.sync.timeout = 10s (default)
2024-12-25 19:03:37,014 INFO  server.RaftServerConfigKeys (ConfUtils.java:logGet(46)) - raft.server.log.statemachine.data.sync.timeout.retry = -1 (default)
2024-12-25 19:03:37,015 INFO  server.RaftServerConfigKeys (ConfUtils.java:logGet(46)) - raft.server.log.write.buffer.size = 8MB (=8388608) (default)
2024-12-25 19:03:37,016 INFO  server.RaftServerConfigKeys (ConfUtils.java:logGet(46)) - raft.server.log.appender.buffer.byte-limit = 4MB (=4194304) (default)
2024-12-25 19:03:37,016 INFO  server.RaftServerConfigKeys (ConfUtils.java:logGet(46)) - raft.server.log.unsafe-flush.enabled = false (default)
2024-12-25 19:03:37,017 INFO  server.RaftServerConfigKeys (ConfUtils.java:logGet(46)) - raft.server.log.async-flush.enabled = false (default)
2024-12-25 19:03:37,017 INFO  server.RaftServerConfigKeys (ConfUtils.java:logGet(46)) - raft.server.log.statemachine.data.caching.enabled = false (default)
2024-12-25 19:03:37,017 INFO  segmented.SegmentedRaftLogWorker (SegmentedRaftLogWorker.java:lambda$new$0(140)) - s14@group-6AB839334A82-SegmentedRaftLogWorker: flushIndex: setUnconditionally 0 -> -1
2024-12-25 19:03:37,017 INFO  segmented.SegmentedRaftLogWorker (SegmentedRaftLogWorker.java:lambda$new$0(140)) - s14@group-6AB839334A82-SegmentedRaftLogWorker: safeCacheEvictIndex: setUnconditionally 0 -> -1
2024-12-25 19:03:37,017 INFO  server.RaftServer$Division (RaftServerImpl.java:start(398)) - s14@group-6AB839334A82: start with initializing state, conf=conf: {index: -1, cur=peers:[]|listeners:[], old=null}
2024-12-25 19:03:37,017 INFO  server.RaftServer$Division (RaftServerImpl.java:setRole(379)) - s14@group-6AB839334A82: changes role from      null to FOLLOWER at term 0 for start
2024-12-25 19:03:37,017 INFO  util.JmxRegister (JmxRegister.java:tryRegister(44)) - Successfully registered JMX Bean with object name Ratis:service=RaftServer,group=group-6AB839334A82,id=s14
2024-12-25 19:03:37,017 INFO  util.JmxRegister (JmxRegister.java:register(58)) - register mxBean class org.apache.ratis.server.impl.RaftServerJmxAdapter as Ratis:service=RaftServer,group=group-6AB839334A82,id=s14
2024-12-25 19:03:37,017 INFO  server.RaftServerConfigKeys (ConfUtils.java:logGet(46)) - raft.server.snapshot.trigger-when-stop.enabled = true (default)
2024-12-25 19:03:37,018 INFO  server.RaftServerConfigKeys (ConfUtils.java:logGet(46)) - raft.server.snapshot.trigger-when-remove.enabled = true (default)
2024-12-25 19:03:37,018 INFO  server.RaftServerConfigKeys (ConfUtils.java:logGet(46)) - raft.server.snapshot.auto.trigger.enabled = false (default)
2024-12-25 19:03:37,018 INFO  server.RaftServerConfigKeys (ConfUtils.java:logGet(46)) - raft.server.snapshot.retention.file.num = -1 (default)
2024-12-25 19:03:37,018 INFO  server.RaftServerConfigKeys (ConfUtils.java:logGet(46)) - raft.server.log.purge.upto.snapshot.index = false (default)
2024-12-25 19:03:37,018 INFO  server.RaftServer$Division (RaftServerImpl.java:start(406)) - s14@group-6AB839334A82: Successfully started.
2024-12-25 19:03:37,018 INFO  server.RaftServer (RaftServerProxy.java:startImpl(408)) - s14: start RPC server
2024-12-25 19:03:37,019 INFO  util.JvmPauseMonitor (JvmPauseMonitor.java:run(146)) - JvmPauseMonitor-s14: Started
2024-12-25 19:03:37,019 INFO  server.RaftServerConfigKeys (ConfUtils.java:logGet(46)) - raft.server.storage.free-space.min = 0MB (=0) (default)
2024-12-25 19:03:37,019 INFO  server.RaftServerConfigKeys (ConfUtils.java:logGet(46)) - raft.server.log.corruption.policy = EXCEPTION (default)
2024-12-25 19:03:37,019 INFO  server.RaftServerConfigKeys (ConfUtils.java:logGet(46)) - raft.server.storage.dir = [/home/runner/work/ratis/ratis/ratis-examples/target/test/data/6cc16ceb/MiniRaftClusterWithSimulatedRpc6b18c296/s0] (custom)
2024-12-25 19:03:37,019 INFO  storage.RaftStorageDirectory (RaftStorageDirectoryImpl.java:analyzeStorage(138)) - The storage directory /home/runner/work/ratis/ratis/ratis-examples/target/test/data/6cc16ceb/MiniRaftClusterWithSimulatedRpc6b18c296/s0/975fab1c-def9-48c4-af4d-6ab839334a82 does not exist. Creating ...
2024-12-25 19:03:37,020 TRACE util.FileUtils (LogUtils.java:runAndLog(49)) - Successfully ran Files.createDirectories /home/runner/work/ratis/ratis/ratis-examples/target/test/data/6cc16ceb/MiniRaftClusterWithSimulatedRpc6b18c296/s0/975fab1c-def9-48c4-af4d-6ab839334a82
2024-12-25 19:03:37,020 INFO  storage.RaftStorageDirectory (RaftStorageDirectoryImpl.java:tryLock(229)) - Lock on /home/runner/work/ratis/ratis/ratis-examples/target/test/data/6cc16ceb/MiniRaftClusterWithSimulatedRpc6b18c296/s0/975fab1c-def9-48c4-af4d-6ab839334a82/in_use.lock acquired by nodename 14827@fv-az835-686.uia40oc12eqezaqrhfktyfhufg.ex.internal.cloudapp.net
2024-12-25 19:03:37,021 TRACE util.FileUtils (LogUtils.java:runAndLog(49)) - Successfully ran Files.createDirectories /home/runner/work/ratis/ratis/ratis-examples/target/test/data/6cc16ceb/MiniRaftClusterWithSimulatedRpc6b18c296/s0/975fab1c-def9-48c4-af4d-6ab839334a82/current
2024-12-25 19:03:37,021 TRACE util.FileUtils (LogUtils.java:runAndLog(49)) - Successfully ran Files.createDirectories /home/runner/work/ratis/ratis/ratis-examples/target/test/data/6cc16ceb/MiniRaftClusterWithSimulatedRpc6b18c296/s0/975fab1c-def9-48c4-af4d-6ab839334a82/sm
2024-12-25 19:03:37,021 TRACE util.FileUtils (LogUtils.java:supplyAndLog(69)) - Successfully supplied FileChannel.open /home/runner/work/ratis/ratis/ratis-examples/target/test/data/6cc16ceb/MiniRaftClusterWithSimulatedRpc6b18c296/s0/975fab1c-def9-48c4-af4d-6ab839334a82/current/raft-meta.tmp with options [CREATE, WRITE]: sun.nio.ch.FileChannelImpl@1f78953d
2024-12-25 19:03:37,022 TRACE util.FileUtils (LogUtils.java:runAndLog(49)) - Successfully ran Atomic Files.move /home/runner/work/ratis/ratis/ratis-examples/target/test/data/6cc16ceb/MiniRaftClusterWithSimulatedRpc6b18c296/s0/975fab1c-def9-48c4-af4d-6ab839334a82/current/raft-meta.tmp to /home/runner/work/ratis/ratis/ratis-examples/target/test/data/6cc16ceb/MiniRaftClusterWithSimulatedRpc6b18c296/s0/975fab1c-def9-48c4-af4d-6ab839334a82/current/raft-meta with options [REPLACE_EXISTING]
2024-12-25 19:03:37,022 INFO  storage.RaftStorage (RaftStorageImpl.java:format(98)) - Storage directory /home/runner/work/ratis/ratis/ratis-examples/target/test/data/6cc16ceb/MiniRaftClusterWithSimulatedRpc6b18c296/s0/975fab1c-def9-48c4-af4d-6ab839334a82 has been successfully formatted.
2024-12-25 19:03:37,022 WARN  statemachine.StateMachine (ArithmeticStateMachine.java:loadSnapshot(115)) - The snapshot info is null.
2024-12-25 19:03:37,022 INFO  server.RaftServerConfigKeys (ConfUtils.java:logGet(46)) - raft.server.log.use.memory = false (default)
2024-12-25 19:03:37,022 INFO  server.RaftServerConfigKeys (ConfUtils.java:logGet(46)) - raft.server.log.purge.gap = 1024 (default)
2024-12-25 19:03:37,022 INFO  server.RaftServerConfigKeys (ConfUtils.java:logGet(46)) - raft.server.log.appender.buffer.byte-limit = 4MB (=4194304) (default)
2024-12-25 19:03:37,022 INFO  server.RaftServerConfigKeys (ConfUtils.java:logGet(46)) - raft.server.log.statemachine.data.read.timeout = 1000ms (default)
2024-12-25 19:03:37,022 INFO  server.RaftServerConfigKeys (ConfUtils.java:logGet(46)) - raft.server.log.purge.preservation.log.num = 0 (default)
2024-12-25 19:03:37,023 INFO  server.RaftServerConfigKeys (ConfUtils.java:logGet(46)) - raft.server.log.segment.size.max = 32MB (=33554432) (default)
2024-12-25 19:03:37,023 INFO  server.RaftServerConfigKeys (ConfUtils.java:logGet(46)) - raft.server.log.segment.cache.num.max = 6 (default)
2024-12-25 19:03:37,023 INFO  server.RaftServerConfigKeys (ConfUtils.java:logGet(46)) - raft.server.log.segment.cache.size.max = 200MB (=209715200) (default)
2024-12-25 19:03:37,023 INFO  server.RaftServerConfigKeys (ConfUtils.java:logGet(46)) - raft.server.log.appender.buffer.byte-limit = 4MB (=4194304) (default)
2024-12-25 19:03:37,023 INFO  util.AwaitToRun (AwaitToRun.java:start(81)) - Thread[s0@group-6AB839334A82-cacheEviction-AwaitToRun,5,main] started
2024-12-25 19:03:37,024 INFO  segmented.SegmentedRaftLogWorker (SegmentedRaftLogWorker.java:<init>(189)) - new s0@group-6AB839334A82-SegmentedRaftLogWorker for RaftStorageImpl:Storage Directory /home/runner/work/ratis/ratis/ratis-examples/target/test/data/6cc16ceb/MiniRaftClusterWithSimulatedRpc6b18c296/s0/975fab1c-def9-48c4-af4d-6ab839334a82
2024-12-25 19:03:37,024 INFO  server.RaftServerConfigKeys (ConfUtils.java:logGet(46)) - raft.server.log.queue.byte-limit = 64MB (=67108864) (default)
2024-12-25 19:03:37,024 INFO  server.RaftServerConfigKeys (ConfUtils.java:logGet(46)) - raft.server.log.queue.element-limit = 4096 (default)
2024-12-25 19:03:37,024 INFO  server.RaftServerConfigKeys (ConfUtils.java:logGet(46)) - raft.server.log.segment.size.max = 32MB (=33554432) (default)
2024-12-25 19:03:37,024 INFO  server.RaftServerConfigKeys (ConfUtils.java:logGet(46)) - raft.server.log.preallocated.size = 4MB (=4194304) (default)
2024-12-25 19:03:37,024 INFO  server.RaftServerConfigKeys (ConfUtils.java:logGet(46)) - raft.server.log.force.sync.num = 128 (default)
2024-12-25 19:03:37,024 INFO  server.RaftServerConfigKeys (ConfUtils.java:logGet(46)) - raft.server.log.statemachine.data.sync = true (default)
2024-12-25 19:03:37,024 INFO  server.RaftServerConfigKeys (ConfUtils.java:logGet(46)) - raft.server.log.statemachine.data.sync.timeout = 10s (default)
2024-12-25 19:03:37,024 INFO  server.RaftServerConfigKeys (ConfUtils.java:logGet(46)) - raft.server.log.statemachine.data.sync.timeout.retry = -1 (default)
2024-12-25 19:03:37,024 INFO  server.RaftServerConfigKeys (ConfUtils.java:logGet(46)) - raft.server.log.write.buffer.size = 8MB (=8388608) (default)
2024-12-25 19:03:37,026 INFO  server.RaftServerConfigKeys (ConfUtils.java:logGet(46)) - raft.server.log.appender.buffer.byte-limit = 4MB (=4194304) (default)
2024-12-25 19:03:37,026 INFO  server.RaftServerConfigKeys (ConfUtils.java:logGet(46)) - raft.server.log.unsafe-flush.enabled = false (default)
2024-12-25 19:03:37,026 INFO  server.RaftServerConfigKeys (ConfUtils.java:logGet(46)) - raft.server.log.async-flush.enabled = false (default)
2024-12-25 19:03:37,027 INFO  server.RaftServerConfigKeys (ConfUtils.java:logGet(46)) - raft.server.log.statemachine.data.caching.enabled = false (default)
2024-12-25 19:03:37,027 INFO  segmented.SegmentedRaftLogWorker (SegmentedRaftLogWorker.java:lambda$new$0(140)) - s0@group-6AB839334A82-SegmentedRaftLogWorker: flushIndex: setUnconditionally 0 -> -1
2024-12-25 19:03:37,027 INFO  segmented.SegmentedRaftLogWorker (SegmentedRaftLogWorker.java:lambda$new$0(140)) - s0@group-6AB839334A82-SegmentedRaftLogWorker: safeCacheEvictIndex: setUnconditionally 0 -> -1
2024-12-25 19:03:37,027 INFO  server.RaftServer$Division (RaftServerImpl.java:start(398)) - s0@group-6AB839334A82: start with initializing state, conf=conf: {index: -1, cur=peers:[]|listeners:[], old=null}
2024-12-25 19:03:37,027 INFO  server.RaftServer$Division (RaftServerImpl.java:setRole(379)) - s0@group-6AB839334A82: changes role from      null to FOLLOWER at term 0 for start
2024-12-25 19:03:37,027 INFO  util.JmxRegister (JmxRegister.java:tryRegister(44)) - Successfully registered JMX Bean with object name Ratis:service=RaftServer,group=group-6AB839334A82,id=s0
2024-12-25 19:03:37,027 INFO  util.JmxRegister (JmxRegister.java:register(58)) - register mxBean class org.apache.ratis.server.impl.RaftServerJmxAdapter as Ratis:service=RaftServer,group=group-6AB839334A82,id=s0
2024-12-25 19:03:37,027 INFO  server.RaftServerConfigKeys (ConfUtils.java:logGet(46)) - raft.server.snapshot.trigger-when-stop.enabled = true (default)
2024-12-25 19:03:37,027 INFO  server.RaftServerConfigKeys (ConfUtils.java:logGet(46)) - raft.server.snapshot.trigger-when-remove.enabled = true (default)
2024-12-25 19:03:37,028 INFO  server.RaftServerConfigKeys (ConfUtils.java:logGet(46)) - raft.server.snapshot.auto.trigger.enabled = false (default)
2024-12-25 19:03:37,028 INFO  server.RaftServerConfigKeys (ConfUtils.java:logGet(46)) - raft.server.snapshot.retention.file.num = -1 (default)
2024-12-25 19:03:37,028 INFO  server.RaftServerConfigKeys (ConfUtils.java:logGet(46)) - raft.server.log.purge.upto.snapshot.index = false (default)
2024-12-25 19:03:37,028 INFO  server.RaftServer$Division (RaftServerImpl.java:start(406)) - s0@group-6AB839334A82: Successfully started.
2024-12-25 19:03:37,028 INFO  server.RaftServer (RaftServerProxy.java:startImpl(408)) - s0: start RPC server
2024-12-25 19:03:37,033 INFO  util.JvmPauseMonitor (JvmPauseMonitor.java:run(146)) - JvmPauseMonitor-s0: Started
2024-12-25 19:03:37,033 INFO  server.RaftServerConfigKeys (ConfUtils.java:logGet(46)) - raft.server.storage.free-space.min = 0MB (=0) (default)
2024-12-25 19:03:37,033 INFO  server.RaftServerConfigKeys (ConfUtils.java:logGet(46)) - raft.server.log.corruption.policy = EXCEPTION (default)
2024-12-25 19:03:37,033 INFO  server.RaftServerConfigKeys (ConfUtils.java:logGet(46)) - raft.server.storage.dir = [/home/runner/work/ratis/ratis/ratis-examples/target/test/data/6cc16ceb/MiniRaftClusterWithSimulatedRpc6b18c296/s1] (custom)
2024-12-25 19:03:37,034 INFO  storage.RaftStorageDirectory (RaftStorageDirectoryImpl.java:analyzeStorage(138)) - The storage directory /home/runner/work/ratis/ratis/ratis-examples/target/test/data/6cc16ceb/MiniRaftClusterWithSimulatedRpc6b18c296/s1/975fab1c-def9-48c4-af4d-6ab839334a82 does not exist. Creating ...
2024-12-25 19:03:37,034 TRACE util.FileUtils (LogUtils.java:runAndLog(49)) - Successfully ran Files.createDirectories /home/runner/work/ratis/ratis/ratis-examples/target/test/data/6cc16ceb/MiniRaftClusterWithSimulatedRpc6b18c296/s1/975fab1c-def9-48c4-af4d-6ab839334a82
2024-12-25 19:03:37,035 INFO  storage.RaftStorageDirectory (RaftStorageDirectoryImpl.java:tryLock(229)) - Lock on /home/runner/work/ratis/ratis/ratis-examples/target/test/data/6cc16ceb/MiniRaftClusterWithSimulatedRpc6b18c296/s1/975fab1c-def9-48c4-af4d-6ab839334a82/in_use.lock acquired by nodename 14827@fv-az835-686.uia40oc12eqezaqrhfktyfhufg.ex.internal.cloudapp.net
2024-12-25 19:03:37,035 TRACE util.FileUtils (LogUtils.java:runAndLog(49)) - Successfully ran Files.createDirectories /home/runner/work/ratis/ratis/ratis-examples/target/test/data/6cc16ceb/MiniRaftClusterWithSimulatedRpc6b18c296/s1/975fab1c-def9-48c4-af4d-6ab839334a82/current
2024-12-25 19:03:37,035 TRACE util.FileUtils (LogUtils.java:runAndLog(49)) - Successfully ran Files.createDirectories /home/runner/work/ratis/ratis/ratis-examples/target/test/data/6cc16ceb/MiniRaftClusterWithSimulatedRpc6b18c296/s1/975fab1c-def9-48c4-af4d-6ab839334a82/sm
2024-12-25 19:03:37,035 TRACE util.FileUtils (LogUtils.java:supplyAndLog(69)) - Successfully supplied FileChannel.open /home/runner/work/ratis/ratis/ratis-examples/target/test/data/6cc16ceb/MiniRaftClusterWithSimulatedRpc6b18c296/s1/975fab1c-def9-48c4-af4d-6ab839334a82/current/raft-meta.tmp with options [CREATE, WRITE]: sun.nio.ch.FileChannelImpl@654e39d
2024-12-25 19:03:37,037 TRACE util.FileUtils (LogUtils.java:runAndLog(49)) - Successfully ran Atomic Files.move /home/runner/work/ratis/ratis/ratis-examples/target/test/data/6cc16ceb/MiniRaftClusterWithSimulatedRpc6b18c296/s1/975fab1c-def9-48c4-af4d-6ab839334a82/current/raft-meta.tmp to /home/runner/work/ratis/ratis/ratis-examples/target/test/data/6cc16ceb/MiniRaftClusterWithSimulatedRpc6b18c296/s1/975fab1c-def9-48c4-af4d-6ab839334a82/current/raft-meta with options [REPLACE_EXISTING]
2024-12-25 19:03:37,037 INFO  storage.RaftStorage (RaftStorageImpl.java:format(98)) - Storage directory /home/runner/work/ratis/ratis/ratis-examples/target/test/data/6cc16ceb/MiniRaftClusterWithSimulatedRpc6b18c296/s1/975fab1c-def9-48c4-af4d-6ab839334a82 has been successfully formatted.
2024-12-25 19:03:37,037 WARN  statemachine.StateMachine (ArithmeticStateMachine.java:loadSnapshot(115)) - The snapshot info is null.
2024-12-25 19:03:37,037 INFO  server.RaftServerConfigKeys (ConfUtils.java:logGet(46)) - raft.server.log.use.memory = false (default)
2024-12-25 19:03:37,037 INFO  server.RaftServerConfigKeys (ConfUtils.java:logGet(46)) - raft.server.log.purge.gap = 1024 (default)
2024-12-25 19:03:37,037 INFO  server.RaftServerConfigKeys (ConfUtils.java:logGet(46)) - raft.server.log.appender.buffer.byte-limit = 4MB (=4194304) (default)
2024-12-25 19:03:37,037 INFO  server.RaftServerConfigKeys (ConfUtils.java:logGet(46)) - raft.server.log.statemachine.data.read.timeout = 1000ms (default)
2024-12-25 19:03:37,037 INFO  server.RaftServerConfigKeys (ConfUtils.java:logGet(46)) - raft.server.log.purge.preservation.log.num = 0 (default)
2024-12-25 19:03:37,038 INFO  server.RaftServerConfigKeys (ConfUtils.java:logGet(46)) - raft.server.log.segment.size.max = 32MB (=33554432) (default)
2024-12-25 19:03:37,039 INFO  server.RaftServerConfigKeys (ConfUtils.java:logGet(46)) - raft.server.log.segment.cache.num.max = 6 (default)
2024-12-25 19:03:37,039 INFO  server.RaftServerConfigKeys (ConfUtils.java:logGet(46)) - raft.server.log.segment.cache.size.max = 200MB (=209715200) (default)
2024-12-25 19:03:37,039 INFO  server.RaftServerConfigKeys (ConfUtils.java:logGet(46)) - raft.server.log.appender.buffer.byte-limit = 4MB (=4194304) (default)
2024-12-25 19:03:37,039 INFO  util.AwaitToRun (AwaitToRun.java:start(81)) - Thread[s1@group-6AB839334A82-cacheEviction-AwaitToRun,5,main] started
2024-12-25 19:03:37,040 INFO  segmented.SegmentedRaftLogWorker (SegmentedRaftLogWorker.java:<init>(189)) - new s1@group-6AB839334A82-SegmentedRaftLogWorker for RaftStorageImpl:Storage Directory /home/runner/work/ratis/ratis/ratis-examples/target/test/data/6cc16ceb/MiniRaftClusterWithSimulatedRpc6b18c296/s1/975fab1c-def9-48c4-af4d-6ab839334a82
2024-12-25 19:03:37,040 INFO  server.RaftServerConfigKeys (ConfUtils.java:logGet(46)) - raft.server.log.queue.byte-limit = 64MB (=67108864) (default)
2024-12-25 19:03:37,040 INFO  server.RaftServerConfigKeys (ConfUtils.java:logGet(46)) - raft.server.log.queue.element-limit = 4096 (default)
2024-12-25 19:03:37,040 INFO  server.RaftServerConfigKeys (ConfUtils.java:logGet(46)) - raft.server.log.segment.size.max = 32MB (=33554432) (default)
2024-12-25 19:03:37,040 INFO  server.RaftServerConfigKeys (ConfUtils.java:logGet(46)) - raft.server.log.preallocated.size = 4MB (=4194304) (default)
2024-12-25 19:03:37,040 INFO  server.RaftServerConfigKeys (ConfUtils.java:logGet(46)) - raft.server.log.force.sync.num = 128 (default)
2024-12-25 19:03:37,040 INFO  server.RaftServerConfigKeys (ConfUtils.java:logGet(46)) - raft.server.log.statemachine.data.sync = true (default)
2024-12-25 19:03:37,040 INFO  server.RaftServerConfigKeys (ConfUtils.java:logGet(46)) - raft.server.log.statemachine.data.sync.timeout = 10s (default)
2024-12-25 19:03:37,040 INFO  server.RaftServerConfigKeys (ConfUtils.java:logGet(46)) - raft.server.log.statemachine.data.sync.timeout.retry = -1 (default)
2024-12-25 19:03:37,041 INFO  server.RaftServerConfigKeys (ConfUtils.java:logGet(46)) - raft.server.log.write.buffer.size = 8MB (=8388608) (default)
2024-12-25 19:03:37,042 INFO  server.RaftServerConfigKeys (ConfUtils.java:logGet(46)) - raft.server.log.appender.buffer.byte-limit = 4MB (=4194304) (default)
2024-12-25 19:03:37,043 INFO  server.RaftServerConfigKeys (ConfUtils.java:logGet(46)) - raft.server.log.unsafe-flush.enabled = false (default)
2024-12-25 19:03:37,043 INFO  server.RaftServerConfigKeys (ConfUtils.java:logGet(46)) - raft.server.log.async-flush.enabled = false (default)
2024-12-25 19:03:37,043 INFO  server.RaftServerConfigKeys (ConfUtils.java:logGet(46)) - raft.server.log.statemachine.data.caching.enabled = false (default)
2024-12-25 19:03:37,043 INFO  segmented.SegmentedRaftLogWorker (SegmentedRaftLogWorker.java:lambda$new$0(140)) - s1@group-6AB839334A82-SegmentedRaftLogWorker: flushIndex: setUnconditionally 0 -> -1
2024-12-25 19:03:37,043 INFO  segmented.SegmentedRaftLogWorker (SegmentedRaftLogWorker.java:lambda$new$0(140)) - s1@group-6AB839334A82-SegmentedRaftLogWorker: safeCacheEvictIndex: setUnconditionally 0 -> -1
2024-12-25 19:03:37,043 INFO  server.RaftServer$Division (RaftServerImpl.java:start(398)) - s1@group-6AB839334A82: start with initializing state, conf=conf: {index: -1, cur=peers:[]|listeners:[], old=null}
2024-12-25 19:03:37,043 INFO  server.RaftServer$Division (RaftServerImpl.java:setRole(379)) - s1@group-6AB839334A82: changes role from      null to FOLLOWER at term 0 for start
2024-12-25 19:03:37,043 INFO  util.JmxRegister (JmxRegister.java:tryRegister(44)) - Successfully registered JMX Bean with object name Ratis:service=RaftServer,group=group-6AB839334A82,id=s1
2024-12-25 19:03:37,044 INFO  util.JmxRegister (JmxRegister.java:register(58)) - register mxBean class org.apache.ratis.server.impl.RaftServerJmxAdapter as Ratis:service=RaftServer,group=group-6AB839334A82,id=s1
2024-12-25 19:03:37,044 INFO  server.RaftServerConfigKeys (ConfUtils.java:logGet(46)) - raft.server.snapshot.trigger-when-stop.enabled = true (default)
2024-12-25 19:03:37,044 INFO  server.RaftServerConfigKeys (ConfUtils.java:logGet(46)) - raft.server.snapshot.trigger-when-remove.enabled = true (default)
2024-12-25 19:03:37,044 INFO  server.RaftServerConfigKeys (ConfUtils.java:logGet(46)) - raft.server.snapshot.auto.trigger.enabled = false (default)
2024-12-25 19:03:37,044 INFO  server.RaftServerConfigKeys (ConfUtils.java:logGet(46)) - raft.server.snapshot.retention.file.num = -1 (default)
2024-12-25 19:03:37,044 INFO  server.RaftServerConfigKeys (ConfUtils.java:logGet(46)) - raft.server.log.purge.upto.snapshot.index = false (default)
2024-12-25 19:03:37,044 INFO  server.RaftServer$Division (RaftServerImpl.java:start(406)) - s1@group-6AB839334A82: Successfully started.
2024-12-25 19:03:37,044 INFO  server.RaftServer (RaftServerProxy.java:startImpl(408)) - s1: start RPC server
2024-12-25 19:03:37,047 INFO  util.JvmPauseMonitor (JvmPauseMonitor.java:run(146)) - JvmPauseMonitor-s1: Started
2024-12-25 19:03:37,047 INFO  server.RaftServerConfigKeys (ConfUtils.java:logGet(46)) - raft.server.storage.free-space.min = 0MB (=0) (default)
2024-12-25 19:03:37,047 INFO  server.RaftServerConfigKeys (ConfUtils.java:logGet(46)) - raft.server.log.corruption.policy = EXCEPTION (default)
2024-12-25 19:03:37,047 INFO  server.RaftServerConfigKeys (ConfUtils.java:logGet(46)) - raft.server.storage.dir = [/home/runner/work/ratis/ratis/ratis-examples/target/test/data/6cc16ceb/MiniRaftClusterWithSimulatedRpc6b18c296/s2] (custom)
2024-12-25 19:03:37,048 INFO  storage.RaftStorageDirectory (RaftStorageDirectoryImpl.java:analyzeStorage(138)) - The storage directory /home/runner/work/ratis/ratis/ratis-examples/target/test/data/6cc16ceb/MiniRaftClusterWithSimulatedRpc6b18c296/s2/975fab1c-def9-48c4-af4d-6ab839334a82 does not exist. Creating ...
2024-12-25 19:03:37,048 TRACE util.FileUtils (LogUtils.java:runAndLog(49)) - Successfully ran Files.createDirectories /home/runner/work/ratis/ratis/ratis-examples/target/test/data/6cc16ceb/MiniRaftClusterWithSimulatedRpc6b18c296/s2/975fab1c-def9-48c4-af4d-6ab839334a82
2024-12-25 19:03:37,049 INFO  storage.RaftStorageDirectory (RaftStorageDirectoryImpl.java:tryLock(229)) - Lock on /home/runner/work/ratis/ratis/ratis-examples/target/test/data/6cc16ceb/MiniRaftClusterWithSimulatedRpc6b18c296/s2/975fab1c-def9-48c4-af4d-6ab839334a82/in_use.lock acquired by nodename 14827@fv-az835-686.uia40oc12eqezaqrhfktyfhufg.ex.internal.cloudapp.net
2024-12-25 19:03:37,049 TRACE util.FileUtils (LogUtils.java:runAndLog(49)) - Successfully ran Files.createDirectories /home/runner/work/ratis/ratis/ratis-examples/target/test/data/6cc16ceb/MiniRaftClusterWithSimulatedRpc6b18c296/s2/975fab1c-def9-48c4-af4d-6ab839334a82/current
2024-12-25 19:03:37,049 TRACE util.FileUtils (LogUtils.java:runAndLog(49)) - Successfully ran Files.createDirectories /home/runner/work/ratis/ratis/ratis-examples/target/test/data/6cc16ceb/MiniRaftClusterWithSimulatedRpc6b18c296/s2/975fab1c-def9-48c4-af4d-6ab839334a82/sm
2024-12-25 19:03:37,049 TRACE util.FileUtils (LogUtils.java:supplyAndLog(69)) - Successfully supplied FileChannel.open /home/runner/work/ratis/ratis/ratis-examples/target/test/data/6cc16ceb/MiniRaftClusterWithSimulatedRpc6b18c296/s2/975fab1c-def9-48c4-af4d-6ab839334a82/current/raft-meta.tmp with options [CREATE, WRITE]: sun.nio.ch.FileChannelImpl@40ab9832
2024-12-25 19:03:37,050 TRACE util.FileUtils (LogUtils.java:runAndLog(49)) - Successfully ran Atomic Files.move /home/runner/work/ratis/ratis/ratis-examples/target/test/data/6cc16ceb/MiniRaftClusterWithSimulatedRpc6b18c296/s2/975fab1c-def9-48c4-af4d-6ab839334a82/current/raft-meta.tmp to /home/runner/work/ratis/ratis/ratis-examples/target/test/data/6cc16ceb/MiniRaftClusterWithSimulatedRpc6b18c296/s2/975fab1c-def9-48c4-af4d-6ab839334a82/current/raft-meta with options [REPLACE_EXISTING]
2024-12-25 19:03:37,050 INFO  storage.RaftStorage (RaftStorageImpl.java:format(98)) - Storage directory /home/runner/work/ratis/ratis/ratis-examples/target/test/data/6cc16ceb/MiniRaftClusterWithSimulatedRpc6b18c296/s2/975fab1c-def9-48c4-af4d-6ab839334a82 has been successfully formatted.
2024-12-25 19:03:37,050 WARN  statemachine.StateMachine (ArithmeticStateMachine.java:loadSnapshot(115)) - The snapshot info is null.
2024-12-25 19:03:37,051 INFO  server.RaftServerConfigKeys (ConfUtils.java:logGet(46)) - raft.server.log.use.memory = false (default)
2024-12-25 19:03:37,051 INFO  server.RaftServerConfigKeys (ConfUtils.java:logGet(46)) - raft.server.log.purge.gap = 1024 (default)
2024-12-25 19:03:37,051 INFO  server.RaftServerConfigKeys (ConfUtils.java:logGet(46)) - raft.server.log.appender.buffer.byte-limit = 4MB (=4194304) (default)
2024-12-25 19:03:37,051 INFO  server.RaftServerConfigKeys (ConfUtils.java:logGet(46)) - raft.server.log.statemachine.data.read.timeout = 1000ms (default)
2024-12-25 19:03:37,051 INFO  server.RaftServerConfigKeys (ConfUtils.java:logGet(46)) - raft.server.log.purge.preservation.log.num = 0 (default)
2024-12-25 19:03:37,051 INFO  server.RaftServerConfigKeys (ConfUtils.java:logGet(46)) - raft.server.log.segment.size.max = 32MB (=33554432) (default)
2024-12-25 19:03:37,051 INFO  server.RaftServerConfigKeys (ConfUtils.java:logGet(46)) - raft.server.log.segment.cache.num.max = 6 (default)
2024-12-25 19:03:37,051 INFO  server.RaftServerConfigKeys (ConfUtils.java:logGet(46)) - raft.server.log.segment.cache.size.max = 200MB (=209715200) (default)
2024-12-25 19:03:37,051 INFO  server.RaftServerConfigKeys (ConfUtils.java:logGet(46)) - raft.server.log.appender.buffer.byte-limit = 4MB (=4194304) (default)
2024-12-25 19:03:37,052 INFO  util.AwaitToRun (AwaitToRun.java:start(81)) - Thread[s2@group-6AB839334A82-cacheEviction-AwaitToRun,5,main] started
2024-12-25 19:03:37,052 INFO  segmented.SegmentedRaftLogWorker (SegmentedRaftLogWorker.java:<init>(189)) - new s2@group-6AB839334A82-SegmentedRaftLogWorker for RaftStorageImpl:Storage Directory /home/runner/work/ratis/ratis/ratis-examples/target/test/data/6cc16ceb/MiniRaftClusterWithSimulatedRpc6b18c296/s2/975fab1c-def9-48c4-af4d-6ab839334a82
2024-12-25 19:03:37,052 INFO  server.RaftServerConfigKeys (ConfUtils.java:logGet(46)) - raft.server.log.queue.byte-limit = 64MB (=67108864) (default)
2024-12-25 19:03:37,052 INFO  server.RaftServerConfigKeys (ConfUtils.java:logGet(46)) - raft.server.log.queue.element-limit = 4096 (default)
2024-12-25 19:03:37,052 INFO  server.RaftServerConfigKeys (ConfUtils.java:logGet(46)) - raft.server.log.segment.size.max = 32MB (=33554432) (default)
2024-12-25 19:03:37,052 INFO  server.RaftServerConfigKeys (ConfUtils.java:logGet(46)) - raft.server.log.preallocated.size = 4MB (=4194304) (default)
2024-12-25 19:03:37,052 INFO  server.RaftServerConfigKeys (ConfUtils.java:logGet(46)) - raft.server.log.force.sync.num = 128 (default)
2024-12-25 19:03:37,052 INFO  server.RaftServerConfigKeys (ConfUtils.java:logGet(46)) - raft.server.log.statemachine.data.sync = true (default)
2024-12-25 19:03:37,052 INFO  server.RaftServerConfigKeys (ConfUtils.java:logGet(46)) - raft.server.log.statemachine.data.sync.timeout = 10s (default)
2024-12-25 19:03:37,052 INFO  server.RaftServerConfigKeys (ConfUtils.java:logGet(46)) - raft.server.log.statemachine.data.sync.timeout.retry = -1 (default)
2024-12-25 19:03:37,053 INFO  server.RaftServerConfigKeys (ConfUtils.java:logGet(46)) - raft.server.log.write.buffer.size = 8MB (=8388608) (default)
2024-12-25 19:03:37,054 INFO  server.RaftServerConfigKeys (ConfUtils.java:logGet(46)) - raft.server.log.appender.buffer.byte-limit = 4MB (=4194304) (default)
2024-12-25 19:03:37,054 INFO  server.RaftServerConfigKeys (ConfUtils.java:logGet(46)) - raft.server.log.unsafe-flush.enabled = false (default)
2024-12-25 19:03:37,054 INFO  server.RaftServerConfigKeys (ConfUtils.java:logGet(46)) - raft.server.log.async-flush.enabled = false (default)
2024-12-25 19:03:37,054 INFO  server.RaftServerConfigKeys (ConfUtils.java:logGet(46)) - raft.server.log.statemachine.data.caching.enabled = false (default)
2024-12-25 19:03:37,054 INFO  segmented.SegmentedRaftLogWorker (SegmentedRaftLogWorker.java:lambda$new$0(140)) - s2@group-6AB839334A82-SegmentedRaftLogWorker: flushIndex: setUnconditionally 0 -> -1
2024-12-25 19:03:37,054 INFO  segmented.SegmentedRaftLogWorker (SegmentedRaftLogWorker.java:lambda$new$0(140)) - s2@group-6AB839334A82-SegmentedRaftLogWorker: safeCacheEvictIndex: setUnconditionally 0 -> -1
2024-12-25 19:03:37,054 INFO  server.RaftServer$Division (RaftServerImpl.java:start(398)) - s2@group-6AB839334A82: start with initializing state, conf=conf: {index: -1, cur=peers:[]|listeners:[], old=null}
2024-12-25 19:03:37,055 INFO  server.RaftServer$Division (RaftServerImpl.java:setRole(379)) - s2@group-6AB839334A82: changes role from      null to FOLLOWER at term 0 for start
2024-12-25 19:03:37,055 INFO  util.JmxRegister (JmxRegister.java:tryRegister(44)) - Successfully registered JMX Bean with object name Ratis:service=RaftServer,group=group-6AB839334A82,id=s2
2024-12-25 19:03:37,055 INFO  util.JmxRegister (JmxRegister.java:register(58)) - register mxBean class org.apache.ratis.server.impl.RaftServerJmxAdapter as Ratis:service=RaftServer,group=group-6AB839334A82,id=s2
2024-12-25 19:03:37,055 INFO  server.RaftServerConfigKeys (ConfUtils.java:logGet(46)) - raft.server.snapshot.trigger-when-stop.enabled = true (default)
2024-12-25 19:03:37,055 INFO  server.RaftServerConfigKeys (ConfUtils.java:logGet(46)) - raft.server.snapshot.trigger-when-remove.enabled = true (default)
2024-12-25 19:03:37,055 INFO  server.RaftServerConfigKeys (ConfUtils.java:logGet(46)) - raft.server.snapshot.auto.trigger.enabled = false (default)
2024-12-25 19:03:37,055 INFO  server.RaftServerConfigKeys (ConfUtils.java:logGet(46)) - raft.server.snapshot.retention.file.num = -1 (default)
2024-12-25 19:03:37,055 INFO  server.RaftServerConfigKeys (ConfUtils.java:logGet(46)) - raft.server.log.purge.upto.snapshot.index = false (default)
2024-12-25 19:03:37,055 INFO  server.RaftServer$Division (RaftServerImpl.java:start(406)) - s2@group-6AB839334A82: Successfully started.
2024-12-25 19:03:37,055 INFO  server.RaftServer (RaftServerProxy.java:startImpl(408)) - s2: start RPC server
2024-12-25 19:03:37,056 INFO  util.JvmPauseMonitor (JvmPauseMonitor.java:run(146)) - JvmPauseMonitor-s2: Started
2024-12-25 19:03:38,058 INFO  impl.GroupManagementBaseTest (GroupManagementBaseTest.java:runMultiGroupTest(267)) - start: printing ALL groups
  s3:  RUNNING  FOLLOWER s3@group-6AB839334A82:t0, leader=null, voted=, raftlog=Memoized:s3@group-6AB839334A82-SegmentedRaftLog:OPENED:c-1:lastnull, conf=conf: {index: -1, cur=peers:[]|listeners:[], old=null} STARTING
  s4:  RUNNING  FOLLOWER s4@group-6AB839334A82:t0, leader=null, voted=, raftlog=Memoized:s4@group-6AB839334A82-SegmentedRaftLog:OPENED:c-1:lastnull, conf=conf: {index: -1, cur=peers:[]|listeners:[], old=null} STARTING
  s5:  RUNNING  FOLLOWER s5@group-6AB839334A82:t0, leader=null, voted=, raftlog=Memoized:s5@group-6AB839334A82-SegmentedRaftLog:OPENED:c-1:lastnull, conf=conf: {index: -1, cur=peers:[]|listeners:[], old=null} STARTING
  s6:  RUNNING  FOLLOWER s6@group-6AB839334A82:t0, leader=null, voted=, raftlog=Memoized:s6@group-6AB839334A82-SegmentedRaftLog:OPENED:c-1:lastnull, conf=conf: {index: -1, cur=peers:[]|listeners:[], old=null} STARTING
  s7:  RUNNING  FOLLOWER s7@group-6AB839334A82:t0, leader=null, voted=, raftlog=Memoized:s7@group-6AB839334A82-SegmentedRaftLog:OPENED:c-1:lastnull, conf=conf: {index: -1, cur=peers:[]|listeners:[], old=null} STARTING
  s8:  RUNNING  FOLLOWER s8@group-6AB839334A82:t0, leader=null, voted=, raftlog=Memoized:s8@group-6AB839334A82-SegmentedRaftLog:OPENED:c-1:lastnull, conf=conf: {index: -1, cur=peers:[]|listeners:[], old=null} STARTING
  s9:  RUNNING  FOLLOWER s9@group-6AB839334A82:t0, leader=null, voted=, raftlog=Memoized:s9@group-6AB839334A82-SegmentedRaftLog:OPENED:c-1:lastnull, conf=conf: {index: -1, cur=peers:[]|listeners:[], old=null} STARTING
  s11:  RUNNING  FOLLOWER s11@group-6AB839334A82:t0, leader=null, voted=, raftlog=Memoized:s11@group-6AB839334A82-SegmentedRaftLog:OPENED:c-1:lastnull, conf=conf: {index: -1, cur=peers:[]|listeners:[], old=null} STARTING
  s10:  RUNNING  FOLLOWER s10@group-6AB839334A82:t0, leader=null, voted=, raftlog=Memoized:s10@group-6AB839334A82-SegmentedRaftLog:OPENED:c-1:lastnull, conf=conf: {index: -1, cur=peers:[]|listeners:[], old=null} STARTING
  s13:  RUNNING  FOLLOWER s13@group-6AB839334A82:t0, leader=null, voted=, raftlog=Memoized:s13@group-6AB839334A82-SegmentedRaftLog:OPENED:c-1:lastnull, conf=conf: {index: -1, cur=peers:[]|listeners:[], old=null} STARTING
  s12:  RUNNING  FOLLOWER s12@group-6AB839334A82:t0, leader=null, voted=, raftlog=Memoized:s12@group-6AB839334A82-SegmentedRaftLog:OPENED:c-1:lastnull, conf=conf: {index: -1, cur=peers:[]|listeners:[], old=null} STARTING
  s14:  RUNNING  FOLLOWER s14@group-6AB839334A82:t0, leader=null, voted=, raftlog=Memoized:s14@group-6AB839334A82-SegmentedRaftLog:OPENED:c-1:lastnull, conf=conf: {index: -1, cur=peers:[]|listeners:[], old=null} STARTING
  s0:  RUNNING  FOLLOWER s0@group-6AB839334A82:t0, leader=null, voted=, raftlog=Memoized:s0@group-6AB839334A82-SegmentedRaftLog:OPENED:c-1:lastnull, conf=conf: {index: -1, cur=peers:[]|listeners:[], old=null} STARTING
  s1:  RUNNING  FOLLOWER s1@group-6AB839334A82:t0, leader=null, voted=, raftlog=Memoized:s1@group-6AB839334A82-SegmentedRaftLog:OPENED:c-1:lastnull, conf=conf: {index: -1, cur=peers:[]|listeners:[], old=null} STARTING
  s2:  RUNNING  FOLLOWER s2@group-6AB839334A82:t0, leader=null, voted=, raftlog=Memoized:s2@group-6AB839334A82-SegmentedRaftLog:OPENED:c-1:lastnull, conf=conf: {index: -1, cur=peers:[]|listeners:[], old=null} STARTING
2024-12-25 19:03:38,061 INFO  impl.GroupManagementBaseTest (GroupManagementBaseTest.java:runMultiGroupTest(281)) - 0) starting group-C582DB3833BD:[s10, s0, s1]
2024-12-25 19:03:38,084 INFO  server.RaftServer (RaftServerProxy.java:addNew(101)) - s0: addNew group-C582DB3833BD:[s10, s0, s1] returns group-C582DB3833BD:java.util.concurrent.CompletableFuture@4acb42af[Not completed]
2024-12-25 19:03:38,085 INFO  server.RaftServer$Division (RaftServerImpl.java:<init>(256)) - s0: new RaftServerImpl for group-C582DB3833BD:[s10, s0, s1] with ArithmeticStateMachine:uninitialized
2024-12-25 19:03:38,085 INFO  server.RaftServerConfigKeys (ConfUtils.java:logGet(46)) - raft.server.rpc.timeout.min = 300ms (custom)
2024-12-25 19:03:38,085 INFO  server.RaftServerConfigKeys (ConfUtils.java:logGet(46)) - raft.server.rpc.timeout.max = 600ms (custom)
2024-12-25 19:03:38,085 INFO  server.RaftServerConfigKeys (ConfUtils.java:logGet(46)) - raft.server.rpc.sleep.time = 25ms (default)
2024-12-25 19:03:38,085 INFO  server.RaftServerConfigKeys (ConfUtils.java:logGet(46)) - raft.server.rpc.slowness.timeout = 60s (default)
2024-12-25 19:03:38,085 INFO  server.RaftServerConfigKeys (ConfUtils.java:logGet(46)) - raft.server.leaderelection.leader.step-down.wait-time = 10s (default)
2024-12-25 19:03:38,085 INFO  server.RaftServerConfigKeys (ConfUtils.java:logGet(46)) - raft.server.leaderelection.member.majority-add = false (default)
2024-12-25 19:03:38,086 INFO  server.RaftServerConfigKeys (ConfUtils.java:logGet(46)) - raft.server.sleep.deviation.threshold = 300ms (default)
2024-12-25 19:03:38,086 INFO  server.RaftServer$Division (ServerState.java:<init>(114)) - s0@group-C582DB3833BD: ConfigurationManager, init=conf: {index: -1, cur=peers:[s10, s0, s1]|listeners:[], old=null}, confs=<EMPTY_MAP>
2024-12-25 19:03:38,086 INFO  server.RaftServerConfigKeys (ConfUtils.java:logGet(46)) - raft.server.notification.no-leader.timeout = 60s (default)
2024-12-25 19:03:38,086 INFO  server.RaftServerConfigKeys (ConfUtils.java:logGet(46)) - raft.server.read.timeout = 10s (default)
2024-12-25 19:03:38,086 INFO  server.RaftServerConfigKeys (ConfUtils.java:logGet(46)) - raft.server.retrycache.expirytime = 60s (default)
2024-12-25 19:03:38,086 INFO  server.RaftServerConfigKeys (ConfUtils.java:logGet(46)) - raft.server.retrycache.statistics.expirytime = 100ms (default)
2024-12-25 19:03:38,086 INFO  server.RaftServerConfigKeys (ConfUtils.java:logGet(46)) - raft.server.read.option = DEFAULT (default)
2024-12-25 19:03:38,086 INFO  server.RaftServerConfigKeys (ConfUtils.java:logGet(46)) - raft.server.read.read-after-write-consistent.write-index-cache.expiry-time = 60s (default)
2024-12-25 19:03:38,087 INFO  server.RaftServerConfigKeys (ConfUtils.java:logGet(46)) - raft.server.rpc.request.timeout = 3000ms (default)
2024-12-25 19:03:38,087 INFO  server.RaftServerConfigKeys (ConfUtils.java:logGet(46)) - raft.server.log.appender.install.snapshot.enabled = true (default)
2024-12-25 19:03:38,087 INFO  server.RaftServerConfigKeys (ConfUtils.java:logGet(46)) - raft.server.threadpool.server.cached = true (default)
2024-12-25 19:03:38,087 INFO  server.RaftServerConfigKeys (ConfUtils.java:logGet(46)) - raft.server.threadpool.server.size = 0 (default)
2024-12-25 19:03:38,087 INFO  server.RaftServerConfigKeys (ConfUtils.java:logGet(46)) - raft.server.threadpool.client.cached = true (default)
2024-12-25 19:03:38,087 INFO  server.RaftServerConfigKeys (ConfUtils.java:logGet(46)) - raft.server.threadpool.client.size = 0 (default)
2024-12-25 19:03:38,087 INFO  server.RaftServerConfigKeys (ConfUtils.java:logGet(46)) - raft.server.storage.free-space.min = 0MB (=0) (default)
2024-12-25 19:03:38,087 INFO  server.RaftServerConfigKeys (ConfUtils.java:logGet(46)) - raft.server.log.corruption.policy = EXCEPTION (default)
2024-12-25 19:03:38,088 INFO  server.RaftServerConfigKeys (ConfUtils.java:logGet(46)) - raft.server.storage.dir = [/home/runner/work/ratis/ratis/ratis-examples/target/test/data/6cc16ceb/MiniRaftClusterWithSimulatedRpc6b18c296/s0] (custom)
2024-12-25 19:03:38,088 INFO  storage.RaftStorageDirectory (RaftStorageDirectoryImpl.java:analyzeStorage(138)) - The storage directory /home/runner/work/ratis/ratis/ratis-examples/target/test/data/6cc16ceb/MiniRaftClusterWithSimulatedRpc6b18c296/s0/5ea2de93-0763-4c70-a68e-c582db3833bd does not exist. Creating ...
2024-12-25 19:03:38,088 TRACE util.FileUtils (LogUtils.java:runAndLog(49)) - Successfully ran Files.createDirectories /home/runner/work/ratis/ratis/ratis-examples/target/test/data/6cc16ceb/MiniRaftClusterWithSimulatedRpc6b18c296/s0/5ea2de93-0763-4c70-a68e-c582db3833bd
2024-12-25 19:03:38,089 INFO  storage.RaftStorageDirectory (RaftStorageDirectoryImpl.java:tryLock(229)) - Lock on /home/runner/work/ratis/ratis/ratis-examples/target/test/data/6cc16ceb/MiniRaftClusterWithSimulatedRpc6b18c296/s0/5ea2de93-0763-4c70-a68e-c582db3833bd/in_use.lock acquired by nodename 14827@fv-az835-686.uia40oc12eqezaqrhfktyfhufg.ex.internal.cloudapp.net
2024-12-25 19:03:38,089 TRACE util.FileUtils (LogUtils.java:runAndLog(49)) - Successfully ran Files.createDirectories /home/runner/work/ratis/ratis/ratis-examples/target/test/data/6cc16ceb/MiniRaftClusterWithSimulatedRpc6b18c296/s0/5ea2de93-0763-4c70-a68e-c582db3833bd/current
2024-12-25 19:03:38,089 TRACE util.FileUtils (LogUtils.java:runAndLog(49)) - Successfully ran Files.createDirectories /home/runner/work/ratis/ratis/ratis-examples/target/test/data/6cc16ceb/MiniRaftClusterWithSimulatedRpc6b18c296/s0/5ea2de93-0763-4c70-a68e-c582db3833bd/sm
2024-12-25 19:03:38,090 TRACE util.FileUtils (LogUtils.java:supplyAndLog(69)) - Successfully supplied FileChannel.open /home/runner/work/ratis/ratis/ratis-examples/target/test/data/6cc16ceb/MiniRaftClusterWithSimulatedRpc6b18c296/s0/5ea2de93-0763-4c70-a68e-c582db3833bd/current/raft-meta.tmp with options [CREATE, WRITE]: sun.nio.ch.FileChannelImpl@5b2e2400
2024-12-25 19:03:38,090 TRACE util.FileUtils (LogUtils.java:runAndLog(49)) - Successfully ran Atomic Files.move /home/runner/work/ratis/ratis/ratis-examples/target/test/data/6cc16ceb/MiniRaftClusterWithSimulatedRpc6b18c296/s0/5ea2de93-0763-4c70-a68e-c582db3833bd/current/raft-meta.tmp to /home/runner/work/ratis/ratis/ratis-examples/target/test/data/6cc16ceb/MiniRaftClusterWithSimulatedRpc6b18c296/s0/5ea2de93-0763-4c70-a68e-c582db3833bd/current/raft-meta with options [REPLACE_EXISTING]
2024-12-25 19:03:38,091 INFO  storage.RaftStorage (RaftStorageImpl.java:format(98)) - Storage directory /home/runner/work/ratis/ratis/ratis-examples/target/test/data/6cc16ceb/MiniRaftClusterWithSimulatedRpc6b18c296/s0/5ea2de93-0763-4c70-a68e-c582db3833bd has been successfully formatted.
2024-12-25 19:03:38,091 WARN  statemachine.StateMachine (ArithmeticStateMachine.java:loadSnapshot(115)) - The snapshot info is null.
2024-12-25 19:03:38,091 INFO  server.RaftServerConfigKeys (ConfUtils.java:logGet(46)) - raft.server.log.use.memory = false (default)
2024-12-25 19:03:38,091 INFO  server.RaftServerConfigKeys (ConfUtils.java:logGet(46)) - raft.server.log.purge.gap = 1024 (default)
2024-12-25 19:03:38,091 INFO  server.RaftServerConfigKeys (ConfUtils.java:logGet(46)) - raft.server.log.appender.buffer.byte-limit = 4MB (=4194304) (default)
2024-12-25 19:03:38,091 INFO  server.RaftServerConfigKeys (ConfUtils.java:logGet(46)) - raft.server.log.statemachine.data.read.timeout = 1000ms (default)
2024-12-25 19:03:38,091 INFO  server.RaftServerConfigKeys (ConfUtils.java:logGet(46)) - raft.server.log.purge.preservation.log.num = 0 (default)
2024-12-25 19:03:38,091 INFO  server.RaftServerConfigKeys (ConfUtils.java:logGet(46)) - raft.server.log.segment.size.max = 32MB (=33554432) (default)
2024-12-25 19:03:38,092 INFO  server.RaftServerConfigKeys (ConfUtils.java:logGet(46)) - raft.server.log.segment.cache.num.max = 6 (default)
2024-12-25 19:03:38,092 INFO  server.RaftServerConfigKeys (ConfUtils.java:logGet(46)) - raft.server.log.segment.cache.size.max = 200MB (=209715200) (default)
2024-12-25 19:03:38,092 INFO  server.RaftServerConfigKeys (ConfUtils.java:logGet(46)) - raft.server.log.appender.buffer.byte-limit = 4MB (=4194304) (default)
2024-12-25 19:03:38,092 INFO  util.AwaitToRun (AwaitToRun.java:start(81)) - Thread[s0@group-C582DB3833BD-cacheEviction-AwaitToRun,5,main] started
2024-12-25 19:03:38,092 INFO  segmented.SegmentedRaftLogWorker (SegmentedRaftLogWorker.java:<init>(189)) - new s0@group-C582DB3833BD-SegmentedRaftLogWorker for RaftStorageImpl:Storage Directory /home/runner/work/ratis/ratis/ratis-examples/target/test/data/6cc16ceb/MiniRaftClusterWithSimulatedRpc6b18c296/s0/5ea2de93-0763-4c70-a68e-c582db3833bd
2024-12-25 19:03:38,092 INFO  server.RaftServerConfigKeys (ConfUtils.java:logGet(46)) - raft.server.log.queue.byte-limit = 64MB (=67108864) (default)
2024-12-25 19:03:38,092 INFO  server.RaftServerConfigKeys (ConfUtils.java:logGet(46)) - raft.server.log.queue.element-limit = 4096 (default)
2024-12-25 19:03:38,092 INFO  server.RaftServerConfigKeys (ConfUtils.java:logGet(46)) - raft.server.log.segment.size.max = 32MB (=33554432) (default)
2024-12-25 19:03:38,092 INFO  server.RaftServerConfigKeys (ConfUtils.java:logGet(46)) - raft.server.log.preallocated.size = 4MB (=4194304) (default)
2024-12-25 19:03:38,092 INFO  server.RaftServerConfigKeys (ConfUtils.java:logGet(46)) - raft.server.log.force.sync.num = 128 (default)
2024-12-25 19:03:38,092 INFO  server.RaftServerConfigKeys (ConfUtils.java:logGet(46)) - raft.server.log.statemachine.data.sync = true (default)
2024-12-25 19:03:38,092 INFO  server.RaftServerConfigKeys (ConfUtils.java:logGet(46)) - raft.server.log.statemachine.data.sync.timeout = 10s (default)
2024-12-25 19:03:38,092 INFO  server.RaftServerConfigKeys (ConfUtils.java:logGet(46)) - raft.server.log.statemachine.data.sync.timeout.retry = -1 (default)
2024-12-25 19:03:38,093 INFO  server.RaftServerConfigKeys (ConfUtils.java:logGet(46)) - raft.server.log.write.buffer.size = 8MB (=8388608) (default)
2024-12-25 19:03:38,094 INFO  server.RaftServerConfigKeys (ConfUtils.java:logGet(46)) - raft.server.log.appender.buffer.byte-limit = 4MB (=4194304) (default)
2024-12-25 19:03:38,094 INFO  server.RaftServerConfigKeys (ConfUtils.java:logGet(46)) - raft.server.log.unsafe-flush.enabled = false (default)
2024-12-25 19:03:38,094 INFO  server.RaftServerConfigKeys (ConfUtils.java:logGet(46)) - raft.server.log.async-flush.enabled = false (default)
2024-12-25 19:03:38,094 INFO  server.RaftServerConfigKeys (ConfUtils.java:logGet(46)) - raft.server.log.statemachine.data.caching.enabled = false (default)
2024-12-25 19:03:38,094 INFO  segmented.SegmentedRaftLogWorker (SegmentedRaftLogWorker.java:lambda$new$0(140)) - s0@group-C582DB3833BD-SegmentedRaftLogWorker: flushIndex: setUnconditionally 0 -> -1
2024-12-25 19:03:38,094 INFO  segmented.SegmentedRaftLogWorker (SegmentedRaftLogWorker.java:lambda$new$0(140)) - s0@group-C582DB3833BD-SegmentedRaftLogWorker: safeCacheEvictIndex: setUnconditionally 0 -> -1
2024-12-25 19:03:38,095 INFO  server.RaftServer$Division (RaftServerImpl.java:start(392)) - s0@group-C582DB3833BD: start as a follower, conf=conf: {index: -1, cur=peers:[s10, s0, s1]|listeners:[], old=null}
2024-12-25 19:03:38,095 INFO  server.RaftServer$Division (RaftServerImpl.java:setRole(379)) - s0@group-C582DB3833BD: changes role from      null to FOLLOWER at term 0 for startAsFollower
2024-12-25 19:03:38,095 INFO  impl.RoleInfo (RoleInfo.java:updateAndGet(148)) - s0: start s0@group-C582DB3833BD-FollowerState
2024-12-25 19:03:38,096 INFO  util.JmxRegister (JmxRegister.java:tryRegister(44)) - Successfully registered JMX Bean with object name Ratis:service=RaftServer,group=group-C582DB3833BD,id=s0
2024-12-25 19:03:38,096 INFO  server.RaftServerConfigKeys (ConfUtils.java:logFallback(53)) - raft.server.rpc.first-election.timeout.min = 300ms (fallback to raft.server.rpc.timeout.min)
2024-12-25 19:03:38,096 INFO  util.JmxRegister (JmxRegister.java:register(58)) - register mxBean class org.apache.ratis.server.impl.RaftServerJmxAdapter as Ratis:service=RaftServer,group=group-C582DB3833BD,id=s0
2024-12-25 19:03:38,096 INFO  server.RaftServerConfigKeys (ConfUtils.java:logFallback(53)) - raft.server.rpc.first-election.timeout.max = 600ms (fallback to raft.server.rpc.timeout.max)
2024-12-25 19:03:38,096 INFO  server.RaftServerConfigKeys (ConfUtils.java:logGet(46)) - raft.server.snapshot.trigger-when-stop.enabled = true (default)
2024-12-25 19:03:38,096 INFO  server.RaftServerConfigKeys (ConfUtils.java:logGet(46)) - raft.server.snapshot.trigger-when-remove.enabled = true (default)
2024-12-25 19:03:38,096 INFO  server.RaftServerConfigKeys (ConfUtils.java:logGet(46)) - raft.server.snapshot.auto.trigger.enabled = false (default)
2024-12-25 19:03:38,096 INFO  server.RaftServerConfigKeys (ConfUtils.java:logGet(46)) - raft.server.snapshot.retention.file.num = -1 (default)
2024-12-25 19:03:38,096 INFO  server.RaftServerConfigKeys (ConfUtils.java:logGet(46)) - raft.server.log.purge.upto.snapshot.index = false (default)
2024-12-25 19:03:38,096 INFO  server.RaftServer$Division (RaftServerImpl.java:start(406)) - s0@group-C582DB3833BD: Successfully started.
2024-12-25 19:03:38,103 INFO  server.RaftServer (RaftServerProxy.java:addNew(101)) - s1: addNew group-C582DB3833BD:[s10, s0, s1] returns group-C582DB3833BD:java.util.concurrent.CompletableFuture@4f6223ae[Not completed]
2024-12-25 19:03:38,103 INFO  server.RaftServer$Division (RaftServerImpl.java:<init>(256)) - s1: new RaftServerImpl for group-C582DB3833BD:[s10, s0, s1] with ArithmeticStateMachine:uninitialized
2024-12-25 19:03:38,103 INFO  server.RaftServerConfigKeys (ConfUtils.java:logGet(46)) - raft.server.rpc.timeout.min = 300ms (custom)
2024-12-25 19:03:38,103 INFO  server.RaftServerConfigKeys (ConfUtils.java:logGet(46)) - raft.server.rpc.timeout.max = 600ms (custom)
2024-12-25 19:03:38,103 INFO  server.RaftServerConfigKeys (ConfUtils.java:logGet(46)) - raft.server.rpc.sleep.time = 25ms (default)
2024-12-25 19:03:38,103 INFO  server.RaftServerConfigKeys (ConfUtils.java:logGet(46)) - raft.server.rpc.slowness.timeout = 60s (default)
2024-12-25 19:03:38,103 INFO  server.RaftServerConfigKeys (ConfUtils.java:logGet(46)) - raft.server.leaderelection.leader.step-down.wait-time = 10s (default)
2024-12-25 19:03:38,104 INFO  server.RaftServerConfigKeys (ConfUtils.java:logGet(46)) - raft.server.leaderelection.member.majority-add = false (default)
2024-12-25 19:03:38,104 INFO  server.RaftServerConfigKeys (ConfUtils.java:logGet(46)) - raft.server.sleep.deviation.threshold = 300ms (default)
2024-12-25 19:03:38,104 INFO  server.RaftServer$Division (ServerState.java:<init>(114)) - s1@group-C582DB3833BD: ConfigurationManager, init=conf: {index: -1, cur=peers:[s10, s0, s1]|listeners:[], old=null}, confs=<EMPTY_MAP>
2024-12-25 19:03:38,104 INFO  server.RaftServerConfigKeys (ConfUtils.java:logGet(46)) - raft.server.notification.no-leader.timeout = 60s (default)
2024-12-25 19:03:38,104 INFO  server.RaftServerConfigKeys (ConfUtils.java:logGet(46)) - raft.server.read.timeout = 10s (default)
2024-12-25 19:03:38,104 INFO  server.RaftServerConfigKeys (ConfUtils.java:logGet(46)) - raft.server.retrycache.expirytime = 60s (default)
2024-12-25 19:03:38,104 INFO  server.RaftServerConfigKeys (ConfUtils.java:logGet(46)) - raft.server.retrycache.statistics.expirytime = 100ms (default)
2024-12-25 19:03:38,104 INFO  server.RaftServerConfigKeys (ConfUtils.java:logGet(46)) - raft.server.read.option = DEFAULT (default)
2024-12-25 19:03:38,104 INFO  server.RaftServerConfigKeys (ConfUtils.java:logGet(46)) - raft.server.read.read-after-write-consistent.write-index-cache.expiry-time = 60s (default)
2024-12-25 19:03:38,105 INFO  server.RaftServerConfigKeys (ConfUtils.java:logGet(46)) - raft.server.rpc.request.timeout = 3000ms (default)
2024-12-25 19:03:38,105 INFO  server.RaftServerConfigKeys (ConfUtils.java:logGet(46)) - raft.server.log.appender.install.snapshot.enabled = true (default)
2024-12-25 19:03:38,105 INFO  server.RaftServerConfigKeys (ConfUtils.java:logGet(46)) - raft.server.threadpool.server.cached = true (default)
2024-12-25 19:03:38,105 INFO  server.RaftServerConfigKeys (ConfUtils.java:logGet(46)) - raft.server.threadpool.server.size = 0 (default)
2024-12-25 19:03:38,105 INFO  server.RaftServerConfigKeys (ConfUtils.java:logGet(46)) - raft.server.threadpool.client.cached = true (default)
2024-12-25 19:03:38,105 INFO  server.RaftServerConfigKeys (ConfUtils.java:logGet(46)) - raft.server.threadpool.client.size = 0 (default)
2024-12-25 19:03:38,105 INFO  server.RaftServerConfigKeys (ConfUtils.java:logGet(46)) - raft.server.storage.free-space.min = 0MB (=0) (default)
2024-12-25 19:03:38,105 INFO  server.RaftServerConfigKeys (ConfUtils.java:logGet(46)) - raft.server.log.corruption.policy = EXCEPTION (default)
2024-12-25 19:03:38,105 INFO  server.RaftServerConfigKeys (ConfUtils.java:logGet(46)) - raft.server.storage.dir = [/home/runner/work/ratis/ratis/ratis-examples/target/test/data/6cc16ceb/MiniRaftClusterWithSimulatedRpc6b18c296/s1] (custom)
2024-12-25 19:03:38,106 INFO  storage.RaftStorageDirectory (RaftStorageDirectoryImpl.java:analyzeStorage(138)) - The storage directory /home/runner/work/ratis/ratis/ratis-examples/target/test/data/6cc16ceb/MiniRaftClusterWithSimulatedRpc6b18c296/s1/5ea2de93-0763-4c70-a68e-c582db3833bd does not exist. Creating ...
2024-12-25 19:03:38,106 TRACE util.FileUtils (LogUtils.java:runAndLog(49)) - Successfully ran Files.createDirectories /home/runner/work/ratis/ratis/ratis-examples/target/test/data/6cc16ceb/MiniRaftClusterWithSimulatedRpc6b18c296/s1/5ea2de93-0763-4c70-a68e-c582db3833bd
2024-12-25 19:03:38,107 INFO  storage.RaftStorageDirectory (RaftStorageDirectoryImpl.java:tryLock(229)) - Lock on /home/runner/work/ratis/ratis/ratis-examples/target/test/data/6cc16ceb/MiniRaftClusterWithSimulatedRpc6b18c296/s1/5ea2de93-0763-4c70-a68e-c582db3833bd/in_use.lock acquired by nodename 14827@fv-az835-686.uia40oc12eqezaqrhfktyfhufg.ex.internal.cloudapp.net
2024-12-25 19:03:38,107 TRACE util.FileUtils (LogUtils.java:runAndLog(49)) - Successfully ran Files.createDirectories /home/runner/work/ratis/ratis/ratis-examples/target/test/data/6cc16ceb/MiniRaftClusterWithSimulatedRpc6b18c296/s1/5ea2de93-0763-4c70-a68e-c582db3833bd/current
2024-12-25 19:03:38,107 TRACE util.FileUtils (LogUtils.java:runAndLog(49)) - Successfully ran Files.createDirectories /home/runner/work/ratis/ratis/ratis-examples/target/test/data/6cc16ceb/MiniRaftClusterWithSimulatedRpc6b18c296/s1/5ea2de93-0763-4c70-a68e-c582db3833bd/sm
2024-12-25 19:03:38,107 TRACE util.FileUtils (LogUtils.java:supplyAndLog(69)) - Successfully supplied FileChannel.open /home/runner/work/ratis/ratis/ratis-examples/target/test/data/6cc16ceb/MiniRaftClusterWithSimulatedRpc6b18c296/s1/5ea2de93-0763-4c70-a68e-c582db3833bd/current/raft-meta.tmp with options [CREATE, WRITE]: sun.nio.ch.FileChannelImpl@748f0fc9
2024-12-25 19:03:38,108 TRACE util.FileUtils (LogUtils.java:runAndLog(49)) - Successfully ran Atomic Files.move /home/runner/work/ratis/ratis/ratis-examples/target/test/data/6cc16ceb/MiniRaftClusterWithSimulatedRpc6b18c296/s1/5ea2de93-0763-4c70-a68e-c582db3833bd/current/raft-meta.tmp to /home/runner/work/ratis/ratis/ratis-examples/target/test/data/6cc16ceb/MiniRaftClusterWithSimulatedRpc6b18c296/s1/5ea2de93-0763-4c70-a68e-c582db3833bd/current/raft-meta with options [REPLACE_EXISTING]
2024-12-25 19:03:38,108 INFO  storage.RaftStorage (RaftStorageImpl.java:format(98)) - Storage directory /home/runner/work/ratis/ratis/ratis-examples/target/test/data/6cc16ceb/MiniRaftClusterWithSimulatedRpc6b18c296/s1/5ea2de93-0763-4c70-a68e-c582db3833bd has been successfully formatted.
2024-12-25 19:03:38,108 WARN  statemachine.StateMachine (ArithmeticStateMachine.java:loadSnapshot(115)) - The snapshot info is null.
2024-12-25 19:03:38,108 INFO  server.RaftServerConfigKeys (ConfUtils.java:logGet(46)) - raft.server.log.use.memory = false (default)
2024-12-25 19:03:38,108 INFO  server.RaftServerConfigKeys (ConfUtils.java:logGet(46)) - raft.server.log.purge.gap = 1024 (default)
2024-12-25 19:03:38,108 INFO  server.RaftServerConfigKeys (ConfUtils.java:logGet(46)) - raft.server.log.appender.buffer.byte-limit = 4MB (=4194304) (default)
2024-12-25 19:03:38,109 INFO  server.RaftServerConfigKeys (ConfUtils.java:logGet(46)) - raft.server.log.statemachine.data.read.timeout = 1000ms (default)
2024-12-25 19:03:38,109 INFO  server.RaftServerConfigKeys (ConfUtils.java:logGet(46)) - raft.server.log.purge.preservation.log.num = 0 (default)
2024-12-25 19:03:38,109 INFO  server.RaftServerConfigKeys (ConfUtils.java:logGet(46)) - raft.server.log.segment.size.max = 32MB (=33554432) (default)
2024-12-25 19:03:38,109 INFO  server.RaftServerConfigKeys (ConfUtils.java:logGet(46)) - raft.server.log.segment.cache.num.max = 6 (default)
2024-12-25 19:03:38,109 INFO  server.RaftServerConfigKeys (ConfUtils.java:logGet(46)) - raft.server.log.segment.cache.size.max = 200MB (=209715200) (default)
2024-12-25 19:03:38,109 INFO  server.RaftServerConfigKeys (ConfUtils.java:logGet(46)) - raft.server.log.appender.buffer.byte-limit = 4MB (=4194304) (default)
2024-12-25 19:03:38,109 INFO  util.AwaitToRun (AwaitToRun.java:start(81)) - Thread[s1@group-C582DB3833BD-cacheEviction-AwaitToRun,5,main] started
2024-12-25 19:03:38,109 INFO  segmented.SegmentedRaftLogWorker (SegmentedRaftLogWorker.java:<init>(189)) - new s1@group-C582DB3833BD-SegmentedRaftLogWorker for RaftStorageImpl:Storage Directory /home/runner/work/ratis/ratis/ratis-examples/target/test/data/6cc16ceb/MiniRaftClusterWithSimulatedRpc6b18c296/s1/5ea2de93-0763-4c70-a68e-c582db3833bd
2024-12-25 19:03:38,109 INFO  server.RaftServerConfigKeys (ConfUtils.java:logGet(46)) - raft.server.log.queue.byte-limit = 64MB (=67108864) (default)
2024-12-25 19:03:38,110 INFO  server.RaftServerConfigKeys (ConfUtils.java:logGet(46)) - raft.server.log.queue.element-limit = 4096 (default)
2024-12-25 19:03:38,110 INFO  server.RaftServerConfigKeys (ConfUtils.java:logGet(46)) - raft.server.log.segment.size.max = 32MB (=33554432) (default)
2024-12-25 19:03:38,110 INFO  server.RaftServerConfigKeys (ConfUtils.java:logGet(46)) - raft.server.log.preallocated.size = 4MB (=4194304) (default)
2024-12-25 19:03:38,110 INFO  server.RaftServerConfigKeys (ConfUtils.java:logGet(46)) - raft.server.log.force.sync.num = 128 (default)
2024-12-25 19:03:38,110 INFO  server.RaftServerConfigKeys (ConfUtils.java:logGet(46)) - raft.server.log.statemachine.data.sync = true (default)
2024-12-25 19:03:38,110 INFO  server.RaftServerConfigKeys (ConfUtils.java:logGet(46)) - raft.server.log.statemachine.data.sync.timeout = 10s (default)
2024-12-25 19:03:38,110 INFO  server.RaftServerConfigKeys (ConfUtils.java:logGet(46)) - raft.server.log.statemachine.data.sync.timeout.retry = -1 (default)
2024-12-25 19:03:38,110 INFO  server.RaftServerConfigKeys (ConfUtils.java:logGet(46)) - raft.server.log.write.buffer.size = 8MB (=8388608) (default)
2024-12-25 19:03:38,111 INFO  server.RaftServerConfigKeys (ConfUtils.java:logGet(46)) - raft.server.log.appender.buffer.byte-limit = 4MB (=4194304) (default)
2024-12-25 19:03:38,111 INFO  server.RaftServerConfigKeys (ConfUtils.java:logGet(46)) - raft.server.log.unsafe-flush.enabled = false (default)
2024-12-25 19:03:38,112 INFO  server.RaftServerConfigKeys (ConfUtils.java:logGet(46)) - raft.server.log.async-flush.enabled = false (default)
2024-12-25 19:03:38,112 INFO  server.RaftServerConfigKeys (ConfUtils.java:logGet(46)) - raft.server.log.statemachine.data.caching.enabled = false (default)
2024-12-25 19:03:38,112 INFO  segmented.SegmentedRaftLogWorker (SegmentedRaftLogWorker.java:lambda$new$0(140)) - s1@group-C582DB3833BD-SegmentedRaftLogWorker: flushIndex: setUnconditionally 0 -> -1
2024-12-25 19:03:38,112 INFO  segmented.SegmentedRaftLogWorker (SegmentedRaftLogWorker.java:lambda$new$0(140)) - s1@group-C582DB3833BD-SegmentedRaftLogWorker: safeCacheEvictIndex: setUnconditionally 0 -> -1
2024-12-25 19:03:38,112 INFO  server.RaftServer$Division (RaftServerImpl.java:start(392)) - s1@group-C582DB3833BD: start as a follower, conf=conf: {index: -1, cur=peers:[s10, s0, s1]|listeners:[], old=null}
2024-12-25 19:03:38,112 INFO  server.RaftServer$Division (RaftServerImpl.java:setRole(379)) - s1@group-C582DB3833BD: changes role from      null to FOLLOWER at term 0 for startAsFollower
2024-12-25 19:03:38,112 INFO  impl.RoleInfo (RoleInfo.java:updateAndGet(148)) - s1: start s1@group-C582DB3833BD-FollowerState
2024-12-25 19:03:38,112 INFO  util.JmxRegister (JmxRegister.java:tryRegister(44)) - Successfully registered JMX Bean with object name Ratis:service=RaftServer,group=group-C582DB3833BD,id=s1
2024-12-25 19:03:38,112 INFO  util.JmxRegister (JmxRegister.java:register(58)) - register mxBean class org.apache.ratis.server.impl.RaftServerJmxAdapter as Ratis:service=RaftServer,group=group-C582DB3833BD,id=s1
2024-12-25 19:03:38,112 INFO  server.RaftServerConfigKeys (ConfUtils.java:logFallback(53)) - raft.server.rpc.first-election.timeout.min = 300ms (fallback to raft.server.rpc.timeout.min)
2024-12-25 19:03:38,112 INFO  server.RaftServerConfigKeys (ConfUtils.java:logGet(46)) - raft.server.snapshot.trigger-when-stop.enabled = true (default)
2024-12-25 19:03:38,113 INFO  server.RaftServerConfigKeys (ConfUtils.java:logFallback(53)) - raft.server.rpc.first-election.timeout.max = 600ms (fallback to raft.server.rpc.timeout.max)
2024-12-25 19:03:38,113 INFO  server.RaftServerConfigKeys (ConfUtils.java:logGet(46)) - raft.server.snapshot.trigger-when-remove.enabled = true (default)
2024-12-25 19:03:38,113 INFO  server.RaftServerConfigKeys (ConfUtils.java:logGet(46)) - raft.server.snapshot.auto.trigger.enabled = false (default)
2024-12-25 19:03:38,113 INFO  server.RaftServerConfigKeys (ConfUtils.java:logGet(46)) - raft.server.snapshot.retention.file.num = -1 (default)
2024-12-25 19:03:38,113 INFO  server.RaftServerConfigKeys (ConfUtils.java:logGet(46)) - raft.server.log.purge.upto.snapshot.index = false (default)
2024-12-25 19:03:38,113 INFO  server.RaftServer$Division (RaftServerImpl.java:start(406)) - s1@group-C582DB3833BD: Successfully started.
2024-12-25 19:03:38,114 INFO  server.RaftServer (RaftServerProxy.java:addNew(101)) - s10: addNew group-C582DB3833BD:[s10, s0, s1] returns group-C582DB3833BD:java.util.concurrent.CompletableFuture@5a792f6f[Not completed]
2024-12-25 19:03:38,114 INFO  server.RaftServer$Division (RaftServerImpl.java:<init>(256)) - s10: new RaftServerImpl for group-C582DB3833BD:[s10, s0, s1] with ArithmeticStateMachine:uninitialized
2024-12-25 19:03:38,114 INFO  server.RaftServerConfigKeys (ConfUtils.java:logGet(46)) - raft.server.rpc.timeout.min = 300ms (custom)
2024-12-25 19:03:38,114 INFO  server.RaftServerConfigKeys (ConfUtils.java:logGet(46)) - raft.server.rpc.timeout.max = 600ms (custom)
2024-12-25 19:03:38,114 INFO  server.RaftServerConfigKeys (ConfUtils.java:logGet(46)) - raft.server.rpc.sleep.time = 25ms (default)
2024-12-25 19:03:38,114 INFO  server.RaftServerConfigKeys (ConfUtils.java:logGet(46)) - raft.server.rpc.slowness.timeout = 60s (default)
2024-12-25 19:03:38,114 INFO  server.RaftServerConfigKeys (ConfUtils.java:logGet(46)) - raft.server.leaderelection.leader.step-down.wait-time = 10s (default)
2024-12-25 19:03:38,114 INFO  server.RaftServerConfigKeys (ConfUtils.java:logGet(46)) - raft.server.leaderelection.member.majority-add = false (default)
2024-12-25 19:03:38,114 INFO  server.RaftServerConfigKeys (ConfUtils.java:logGet(46)) - raft.server.sleep.deviation.threshold = 300ms (default)
2024-12-25 19:03:38,114 INFO  server.RaftServer$Division (ServerState.java:<init>(114)) - s10@group-C582DB3833BD: ConfigurationManager, init=conf: {index: -1, cur=peers:[s10, s0, s1]|listeners:[], old=null}, confs=<EMPTY_MAP>
2024-12-25 19:03:38,114 INFO  server.RaftServerConfigKeys (ConfUtils.java:logGet(46)) - raft.server.notification.no-leader.timeout = 60s (default)
2024-12-25 19:03:38,115 INFO  server.RaftServerConfigKeys (ConfUtils.java:logGet(46)) - raft.server.read.timeout = 10s (default)
2024-12-25 19:03:38,115 INFO  server.RaftServerConfigKeys (ConfUtils.java:logGet(46)) - raft.server.retrycache.expirytime = 60s (default)
2024-12-25 19:03:38,115 INFO  server.RaftServerConfigKeys (ConfUtils.java:logGet(46)) - raft.server.retrycache.statistics.expirytime = 100ms (default)
2024-12-25 19:03:38,115 INFO  server.RaftServerConfigKeys (ConfUtils.java:logGet(46)) - raft.server.read.option = DEFAULT (default)
2024-12-25 19:03:38,115 INFO  server.RaftServerConfigKeys (ConfUtils.java:logGet(46)) - raft.server.read.read-after-write-consistent.write-index-cache.expiry-time = 60s (default)
2024-12-25 19:03:38,115 INFO  server.RaftServerConfigKeys (ConfUtils.java:logGet(46)) - raft.server.rpc.request.timeout = 3000ms (default)
2024-12-25 19:03:38,116 INFO  server.RaftServerConfigKeys (ConfUtils.java:logGet(46)) - raft.server.log.appender.install.snapshot.enabled = true (default)
2024-12-25 19:03:38,116 INFO  server.RaftServerConfigKeys (ConfUtils.java:logGet(46)) - raft.server.threadpool.server.cached = true (default)
2024-12-25 19:03:38,116 INFO  server.RaftServerConfigKeys (ConfUtils.java:logGet(46)) - raft.server.threadpool.server.size = 0 (default)
2024-12-25 19:03:38,116 INFO  server.RaftServerConfigKeys (ConfUtils.java:logGet(46)) - raft.server.threadpool.client.cached = true (default)
2024-12-25 19:03:38,116 INFO  server.RaftServerConfigKeys (ConfUtils.java:logGet(46)) - raft.server.threadpool.client.size = 0 (default)
2024-12-25 19:03:38,116 INFO  server.RaftServerConfigKeys (ConfUtils.java:logGet(46)) - raft.server.storage.free-space.min = 0MB (=0) (default)
2024-12-25 19:03:38,116 INFO  server.RaftServerConfigKeys (ConfUtils.java:logGet(46)) - raft.server.log.corruption.policy = EXCEPTION (default)
2024-12-25 19:03:38,116 INFO  server.RaftServerConfigKeys (ConfUtils.java:logGet(46)) - raft.server.storage.dir = [/home/runner/work/ratis/ratis/ratis-examples/target/test/data/6cc16ceb/MiniRaftClusterWithSimulatedRpc6b18c296/s10] (custom)
2024-12-25 19:03:38,116 INFO  storage.RaftStorageDirectory (RaftStorageDirectoryImpl.java:analyzeStorage(138)) - The storage directory /home/runner/work/ratis/ratis/ratis-examples/target/test/data/6cc16ceb/MiniRaftClusterWithSimulatedRpc6b18c296/s10/5ea2de93-0763-4c70-a68e-c582db3833bd does not exist. Creating ...
2024-12-25 19:03:38,116 TRACE util.FileUtils (LogUtils.java:runAndLog(49)) - Successfully ran Files.createDirectories /home/runner/work/ratis/ratis/ratis-examples/target/test/data/6cc16ceb/MiniRaftClusterWithSimulatedRpc6b18c296/s10/5ea2de93-0763-4c70-a68e-c582db3833bd
2024-12-25 19:03:38,117 INFO  storage.RaftStorageDirectory (RaftStorageDirectoryImpl.java:tryLock(229)) - Lock on /home/runner/work/ratis/ratis/ratis-examples/target/test/data/6cc16ceb/MiniRaftClusterWithSimulatedRpc6b18c296/s10/5ea2de93-0763-4c70-a68e-c582db3833bd/in_use.lock acquired by nodename 14827@fv-az835-686.uia40oc12eqezaqrhfktyfhufg.ex.internal.cloudapp.net
2024-12-25 19:03:38,117 TRACE util.FileUtils (LogUtils.java:runAndLog(49)) - Successfully ran Files.createDirectories /home/runner/work/ratis/ratis/ratis-examples/target/test/data/6cc16ceb/MiniRaftClusterWithSimulatedRpc6b18c296/s10/5ea2de93-0763-4c70-a68e-c582db3833bd/current
2024-12-25 19:03:38,118 TRACE util.FileUtils (LogUtils.java:runAndLog(49)) - Successfully ran Files.createDirectories /home/runner/work/ratis/ratis/ratis-examples/target/test/data/6cc16ceb/MiniRaftClusterWithSimulatedRpc6b18c296/s10/5ea2de93-0763-4c70-a68e-c582db3833bd/sm
2024-12-25 19:03:38,118 TRACE util.FileUtils (LogUtils.java:supplyAndLog(69)) - Successfully supplied FileChannel.open /home/runner/work/ratis/ratis/ratis-examples/target/test/data/6cc16ceb/MiniRaftClusterWithSimulatedRpc6b18c296/s10/5ea2de93-0763-4c70-a68e-c582db3833bd/current/raft-meta.tmp with options [CREATE, WRITE]: sun.nio.ch.FileChannelImpl@2ce1878f
2024-12-25 19:03:38,119 TRACE util.FileUtils (LogUtils.java:runAndLog(49)) - Successfully ran Atomic Files.move /home/runner/work/ratis/ratis/ratis-examples/target/test/data/6cc16ceb/MiniRaftClusterWithSimulatedRpc6b18c296/s10/5ea2de93-0763-4c70-a68e-c582db3833bd/current/raft-meta.tmp to /home/runner/work/ratis/ratis/ratis-examples/target/test/data/6cc16ceb/MiniRaftClusterWithSimulatedRpc6b18c296/s10/5ea2de93-0763-4c70-a68e-c582db3833bd/current/raft-meta with options [REPLACE_EXISTING]
2024-12-25 19:03:38,119 INFO  storage.RaftStorage (RaftStorageImpl.java:format(98)) - Storage directory /home/runner/work/ratis/ratis/ratis-examples/target/test/data/6cc16ceb/MiniRaftClusterWithSimulatedRpc6b18c296/s10/5ea2de93-0763-4c70-a68e-c582db3833bd has been successfully formatted.
2024-12-25 19:03:38,119 WARN  statemachine.StateMachine (ArithmeticStateMachine.java:loadSnapshot(115)) - The snapshot info is null.
2024-12-25 19:03:38,119 INFO  server.RaftServerConfigKeys (ConfUtils.java:logGet(46)) - raft.server.log.use.memory = false (default)
2024-12-25 19:03:38,119 INFO  server.RaftServerConfigKeys (ConfUtils.java:logGet(46)) - raft.server.log.purge.gap = 1024 (default)
2024-12-25 19:03:38,119 INFO  server.RaftServerConfigKeys (ConfUtils.java:logGet(46)) - raft.server.log.appender.buffer.byte-limit = 4MB (=4194304) (default)
2024-12-25 19:03:38,119 INFO  server.RaftServerConfigKeys (ConfUtils.java:logGet(46)) - raft.server.log.statemachine.data.read.timeout = 1000ms (default)
2024-12-25 19:03:38,119 INFO  server.RaftServerConfigKeys (ConfUtils.java:logGet(46)) - raft.server.log.purge.preservation.log.num = 0 (default)
2024-12-25 19:03:38,120 INFO  server.RaftServerConfigKeys (ConfUtils.java:logGet(46)) - raft.server.log.segment.size.max = 32MB (=33554432) (default)
2024-12-25 19:03:38,120 INFO  server.RaftServerConfigKeys (ConfUtils.java:logGet(46)) - raft.server.log.segment.cache.num.max = 6 (default)
2024-12-25 19:03:38,120 INFO  server.RaftServerConfigKeys (ConfUtils.java:logGet(46)) - raft.server.log.segment.cache.size.max = 200MB (=209715200) (default)
2024-12-25 19:03:38,120 INFO  server.RaftServerConfigKeys (ConfUtils.java:logGet(46)) - raft.server.log.appender.buffer.byte-limit = 4MB (=4194304) (default)
2024-12-25 19:03:38,120 INFO  util.AwaitToRun (AwaitToRun.java:start(81)) - Thread[s10@group-C582DB3833BD-cacheEviction-AwaitToRun,5,main] started
2024-12-25 19:03:38,120 INFO  segmented.SegmentedRaftLogWorker (SegmentedRaftLogWorker.java:<init>(189)) - new s10@group-C582DB3833BD-SegmentedRaftLogWorker for RaftStorageImpl:Storage Directory /home/runner/work/ratis/ratis/ratis-examples/target/test/data/6cc16ceb/MiniRaftClusterWithSimulatedRpc6b18c296/s10/5ea2de93-0763-4c70-a68e-c582db3833bd
2024-12-25 19:03:38,120 INFO  server.RaftServerConfigKeys (ConfUtils.java:logGet(46)) - raft.server.log.queue.byte-limit = 64MB (=67108864) (default)
2024-12-25 19:03:38,120 INFO  server.RaftServerConfigKeys (ConfUtils.java:logGet(46)) - raft.server.log.queue.element-limit = 4096 (default)
2024-12-25 19:03:38,120 INFO  server.RaftServerConfigKeys (ConfUtils.java:logGet(46)) - raft.server.log.segment.size.max = 32MB (=33554432) (default)
2024-12-25 19:03:38,120 INFO  server.RaftServerConfigKeys (ConfUtils.java:logGet(46)) - raft.server.log.preallocated.size = 4MB (=4194304) (default)
2024-12-25 19:03:38,120 INFO  server.RaftServerConfigKeys (ConfUtils.java:logGet(46)) - raft.server.log.force.sync.num = 128 (default)
2024-12-25 19:03:38,121 INFO  server.RaftServerConfigKeys (ConfUtils.java:logGet(46)) - raft.server.log.statemachine.data.sync = true (default)
2024-12-25 19:03:38,121 INFO  server.RaftServerConfigKeys (ConfUtils.java:logGet(46)) - raft.server.log.statemachine.data.sync.timeout = 10s (default)
2024-12-25 19:03:38,121 INFO  server.RaftServerConfigKeys (ConfUtils.java:logGet(46)) - raft.server.log.statemachine.data.sync.timeout.retry = -1 (default)
2024-12-25 19:03:38,121 INFO  server.RaftServerConfigKeys (ConfUtils.java:logGet(46)) - raft.server.log.write.buffer.size = 8MB (=8388608) (default)
2024-12-25 19:03:38,122 INFO  server.RaftServerConfigKeys (ConfUtils.java:logGet(46)) - raft.server.log.appender.buffer.byte-limit = 4MB (=4194304) (default)
2024-12-25 19:03:38,122 INFO  server.RaftServerConfigKeys (ConfUtils.java:logGet(46)) - raft.server.log.unsafe-flush.enabled = false (default)
2024-12-25 19:03:38,122 INFO  server.RaftServerConfigKeys (ConfUtils.java:logGet(46)) - raft.server.log.async-flush.enabled = false (default)
2024-12-25 19:03:38,122 INFO  server.RaftServerConfigKeys (ConfUtils.java:logGet(46)) - raft.server.log.statemachine.data.caching.enabled = false (default)
2024-12-25 19:03:38,123 INFO  segmented.SegmentedRaftLogWorker (SegmentedRaftLogWorker.java:lambda$new$0(140)) - s10@group-C582DB3833BD-SegmentedRaftLogWorker: flushIndex: setUnconditionally 0 -> -1
2024-12-25 19:03:38,123 INFO  segmented.SegmentedRaftLogWorker (SegmentedRaftLogWorker.java:lambda$new$0(140)) - s10@group-C582DB3833BD-SegmentedRaftLogWorker: safeCacheEvictIndex: setUnconditionally 0 -> -1
2024-12-25 19:03:38,123 INFO  server.RaftServer$Division (RaftServerImpl.java:start(392)) - s10@group-C582DB3833BD: start as a follower, conf=conf: {index: -1, cur=peers:[s10, s0, s1]|listeners:[], old=null}
2024-12-25 19:03:38,123 INFO  server.RaftServer$Division (RaftServerImpl.java:setRole(379)) - s10@group-C582DB3833BD: changes role from      null to FOLLOWER at term 0 for startAsFollower
2024-12-25 19:03:38,123 INFO  impl.RoleInfo (RoleInfo.java:updateAndGet(148)) - s10: start s10@group-C582DB3833BD-FollowerState
2024-12-25 19:03:38,123 INFO  util.JmxRegister (JmxRegister.java:tryRegister(44)) - Successfully registered JMX Bean with object name Ratis:service=RaftServer,group=group-C582DB3833BD,id=s10
2024-12-25 19:03:38,123 INFO  util.JmxRegister (JmxRegister.java:register(58)) - register mxBean class org.apache.ratis.server.impl.RaftServerJmxAdapter as Ratis:service=RaftServer,group=group-C582DB3833BD,id=s10
2024-12-25 19:03:38,123 INFO  server.RaftServerConfigKeys (ConfUtils.java:logFallback(53)) - raft.server.rpc.first-election.timeout.min = 300ms (fallback to raft.server.rpc.timeout.min)
2024-12-25 19:03:38,123 INFO  server.RaftServerConfigKeys (ConfUtils.java:logGet(46)) - raft.server.snapshot.trigger-when-stop.enabled = true (default)
2024-12-25 19:03:38,123 INFO  server.RaftServerConfigKeys (ConfUtils.java:logFallback(53)) - raft.server.rpc.first-election.timeout.max = 600ms (fallback to raft.server.rpc.timeout.max)
2024-12-25 19:03:38,123 INFO  server.RaftServerConfigKeys (ConfUtils.java:logGet(46)) - raft.server.snapshot.trigger-when-remove.enabled = true (default)
2024-12-25 19:03:38,124 INFO  server.RaftServerConfigKeys (ConfUtils.java:logGet(46)) - raft.server.snapshot.auto.trigger.enabled = false (default)
2024-12-25 19:03:38,124 INFO  server.RaftServerConfigKeys (ConfUtils.java:logGet(46)) - raft.server.snapshot.retention.file.num = -1 (default)
2024-12-25 19:03:38,124 INFO  server.RaftServerConfigKeys (ConfUtils.java:logGet(46)) - raft.server.log.purge.upto.snapshot.index = false (default)
2024-12-25 19:03:38,124 INFO  server.RaftServer$Division (RaftServerImpl.java:start(406)) - s10@group-C582DB3833BD: Successfully started.
2024-12-25 19:03:38,124 INFO  server.RaftServerConfigKeys (ConfUtils.java:logGet(46)) - raft.server.rpc.timeout.max = 600ms (custom)
2024-12-25 19:03:38,126 INFO  ratis.RaftTestUtil (RaftTestUtil.java:waitForLeader(107)) - printing group-C582DB3833BD
  s10:  RUNNING [
   FOLLOWER s10@group-6AB839334A82:t0, leader=null, voted=, raftlog=Memoized:s10@group-6AB839334A82-SegmentedRaftLog:OPENED:c-1:lastnull, conf=conf: {index: -1, cur=peers:[]|listeners:[], old=null} STARTING
   FOLLOWER s10@group-C582DB3833BD:t0, leader=null, voted=, raftlog=Memoized:s10@group-C582DB3833BD-SegmentedRaftLog:OPENED:c-1:lastnull, conf=conf: {index: -1, cur=peers:[s10, s0, s1]|listeners:[], old=null} RUNNING] size=2
  s0:  RUNNING [
   FOLLOWER s0@group-6AB839334A82:t0, leader=null, voted=, raftlog=Memoized:s0@group-6AB839334A82-SegmentedRaftLog:OPENED:c-1:lastnull, conf=conf: {index: -1, cur=peers:[]|listeners:[], old=null} STARTING
   FOLLOWER s0@group-C582DB3833BD:t0, leader=null, voted=, raftlog=Memoized:s0@group-C582DB3833BD-SegmentedRaftLog:OPENED:c-1:lastnull, conf=conf: {index: -1, cur=peers:[s10, s0, s1]|listeners:[], old=null} RUNNING] size=2
  s1:  RUNNING [
   FOLLOWER s1@group-6AB839334A82:t0, leader=null, voted=, raftlog=Memoized:s1@group-6AB839334A82-SegmentedRaftLog:OPENED:c-1:lastnull, conf=conf: {index: -1, cur=peers:[]|listeners:[], old=null} STARTING
   FOLLOWER s1@group-C582DB3833BD:t0, leader=null, voted=, raftlog=Memoized:s1@group-C582DB3833BD-SegmentedRaftLog:OPENED:c-1:lastnull, conf=conf: {index: -1, cur=peers:[s10, s0, s1]|listeners:[], old=null} RUNNING] size=2
2024-12-25 19:03:38,127 WARN  ratis.RaftTestUtil (RaftTestUtil.java:lambda$waitForLeader$3(126)) - Attempt #1 failed: java.lang.IllegalStateException: No leader yet  for group-C582DB3833BD: printing group-C582DB3833BD
  s10:  RUNNING [
   FOLLOWER s10@group-6AB839334A82:t0, leader=null, voted=, raftlog=Memoized:s10@group-6AB839334A82-SegmentedRaftLog:OPENED:c-1:lastnull, conf=conf: {index: -1, cur=peers:[]|listeners:[], old=null} STARTING
   FOLLOWER s10@group-C582DB3833BD:t0, leader=null, voted=, raftlog=Memoized:s10@group-C582DB3833BD-SegmentedRaftLog:OPENED:c-1:lastnull, conf=conf: {index: -1, cur=peers:[s10, s0, s1]|listeners:[], old=null} RUNNING] size=2
  s0:  RUNNING [
   FOLLOWER s0@group-6AB839334A82:t0, leader=null, voted=, raftlog=Memoized:s0@group-6AB839334A82-SegmentedRaftLog:OPENED:c-1:lastnull, conf=conf: {index: -1, cur=peers:[]|listeners:[], old=null} STARTING
   FOLLOWER s0@group-C582DB3833BD:t0, leader=null, voted=, raftlog=Memoized:s0@group-C582DB3833BD-SegmentedRaftLog:OPENED:c-1:lastnull, conf=conf: {index: -1, cur=peers:[s10, s0, s1]|listeners:[], old=null} RUNNING] size=2
  s1:  RUNNING [
   FOLLOWER s1@group-6AB839334A82:t0, leader=null, voted=, raftlog=Memoized:s1@group-6AB839334A82-SegmentedRaftLog:OPENED:c-1:lastnull, conf=conf: {index: -1, cur=peers:[]|listeners:[], old=null} STARTING
   FOLLOWER s1@group-C582DB3833BD:t0, leader=null, voted=, raftlog=Memoized:s1@group-C582DB3833BD-SegmentedRaftLog:OPENED:c-1:lastnull, conf=conf: {index: -1, cur=peers:[s10, s0, s1]|listeners:[], old=null} RUNNING] size=2
2024-12-25 19:03:38,441 INFO  impl.FollowerState (FollowerState.java:runImpl(161)) - s10@group-C582DB3833BD-FollowerState: change to CANDIDATE, lastRpcElapsedTime:318253848ns, electionTimeout:317ms
2024-12-25 19:03:38,441 INFO  impl.RoleInfo (RoleInfo.java:shutdownFollowerState(121)) - s10: shutdown s10@group-C582DB3833BD-FollowerState
2024-12-25 19:03:38,441 INFO  server.RaftServer$Division (RaftServerImpl.java:setRole(379)) - s10@group-C582DB3833BD: changes role from  FOLLOWER to CANDIDATE at term 0 for changeToCandidate
2024-12-25 19:03:38,443 INFO  server.RaftServerConfigKeys (ConfUtils.java:logGet(46)) - raft.server.leaderelection.pre-vote = true (default)
2024-12-25 19:03:38,443 INFO  impl.RoleInfo (RoleInfo.java:updateAndGet(148)) - s10: start s10@group-C582DB3833BD-LeaderElection1
2024-12-25 19:03:38,445 INFO  impl.LeaderElection (LeaderElection.java:askForVotes(332)) - s10@group-C582DB3833BD-LeaderElection1 PRE_VOTE round 0: submit vote requests at term 0 for conf: {index: -1, cur=peers:[s10, s0, s1]|listeners:[], old=null}
2024-12-25 19:03:38,455 INFO  server.RaftServerConfigKeys (ConfUtils.java:logFallback(53)) - raft.server.rpc.first-election.timeout.min = 300ms (fallback to raft.server.rpc.timeout.min)
2024-12-25 19:03:38,455 INFO  server.RaftServerConfigKeys (ConfUtils.java:logFallback(53)) - raft.server.rpc.first-election.timeout.max = 600ms (fallback to raft.server.rpc.timeout.max)
2024-12-25 19:03:38,458 INFO  server.RaftServer$Division (RaftServerImpl.java:requestVote(1459)) - s0@group-C582DB3833BD: receive requestVote(PRE_VOTE, s10, group-C582DB3833BD, 0, (t:0, i:0))
2024-12-25 19:03:38,458 INFO  server.RaftServer$Division (RaftServerImpl.java:requestVote(1459)) - s1@group-C582DB3833BD: receive requestVote(PRE_VOTE, s10, group-C582DB3833BD, 0, (t:0, i:0))
2024-12-25 19:03:38,459 INFO  impl.VoteContext (VoteContext.java:log(49)) - s0@group-C582DB3833BD-FOLLOWER: accept PRE_VOTE from s10: our priority 0 <= candidate's priority 0
2024-12-25 19:03:38,459 INFO  impl.VoteContext (VoteContext.java:log(49)) - s1@group-C582DB3833BD-FOLLOWER: accept PRE_VOTE from s10: our priority 0 <= candidate's priority 0
2024-12-25 19:03:38,463 INFO  server.RaftServer$Division (RaftServerImpl.java:requestVote(1493)) - s1@group-C582DB3833BD replies to PRE_VOTE vote request: s10<-s1#0:OK-t0. Peer's state: s1@group-C582DB3833BD:t0, leader=null, voted=, raftlog=Memoized:s1@group-C582DB3833BD-SegmentedRaftLog:OPENED:c-1:lastnull, conf=conf: {index: -1, cur=peers:[s10, s0, s1]|listeners:[], old=null}
2024-12-25 19:03:38,463 INFO  server.RaftServer$Division (RaftServerImpl.java:requestVote(1493)) - s0@group-C582DB3833BD replies to PRE_VOTE vote request: s10<-s0#0:OK-t0. Peer's state: s0@group-C582DB3833BD:t0, leader=null, voted=, raftlog=Memoized:s0@group-C582DB3833BD-SegmentedRaftLog:OPENED:c-1:lastnull, conf=conf: {index: -1, cur=peers:[s10, s0, s1]|listeners:[], old=null}
2024-12-25 19:03:38,463 INFO  impl.LeaderElection (LeaderElection.java:logAndReturn(90)) - s10@group-C582DB3833BD-LeaderElection1: PRE_VOTE PASSED received 1 response(s) and 0 exception(s):
2024-12-25 19:03:38,464 INFO  impl.LeaderElection (LeaderElection.java:logAndReturn(94)) -   Response 0: s10<-s1#0:OK-t0
2024-12-25 19:03:38,464 INFO  impl.LeaderElection (LeaderElection.java:askForVotes(334)) - s10@group-C582DB3833BD-LeaderElection1 PRE_VOTE round 0: result PASSED
2024-12-25 19:03:38,464 TRACE util.FileUtils (LogUtils.java:supplyAndLog(69)) - Successfully supplied FileChannel.open /home/runner/work/ratis/ratis/ratis-examples/target/test/data/6cc16ceb/MiniRaftClusterWithSimulatedRpc6b18c296/s10/5ea2de93-0763-4c70-a68e-c582db3833bd/current/raft-meta.tmp with options [CREATE, WRITE]: sun.nio.ch.FileChannelImpl@79ad5215
2024-12-25 19:03:38,466 TRACE util.FileUtils (LogUtils.java:runAndLog(49)) - Successfully ran Atomic Files.move /home/runner/work/ratis/ratis/ratis-examples/target/test/data/6cc16ceb/MiniRaftClusterWithSimulatedRpc6b18c296/s10/5ea2de93-0763-4c70-a68e-c582db3833bd/current/raft-meta.tmp to /home/runner/work/ratis/ratis/ratis-examples/target/test/data/6cc16ceb/MiniRaftClusterWithSimulatedRpc6b18c296/s10/5ea2de93-0763-4c70-a68e-c582db3833bd/current/raft-meta with options [REPLACE_EXISTING]
2024-12-25 19:03:38,466 INFO  impl.LeaderElection (LeaderElection.java:askForVotes(332)) - s10@group-C582DB3833BD-LeaderElection1 ELECTION round 0: submit vote requests at term 1 for conf: {index: -1, cur=peers:[s10, s0, s1]|listeners:[], old=null}
2024-12-25 19:03:38,467 INFO  server.RaftServerConfigKeys (ConfUtils.java:logFallback(53)) - raft.server.rpc.first-election.timeout.min = 300ms (fallback to raft.server.rpc.timeout.min)
2024-12-25 19:03:38,467 INFO  server.RaftServer$Division (RaftServerImpl.java:requestVote(1459)) - s0@group-C582DB3833BD: receive requestVote(ELECTION, s10, group-C582DB3833BD, 1, (t:0, i:0))
2024-12-25 19:03:38,467 INFO  server.RaftServerConfigKeys (ConfUtils.java:logFallback(53)) - raft.server.rpc.first-election.timeout.max = 600ms (fallback to raft.server.rpc.timeout.max)
2024-12-25 19:03:38,467 INFO  server.RaftServer$Division (RaftServerImpl.java:requestVote(1459)) - s1@group-C582DB3833BD: receive requestVote(ELECTION, s10, group-C582DB3833BD, 1, (t:0, i:0))
2024-12-25 19:03:38,467 INFO  impl.VoteContext (VoteContext.java:log(49)) - s0@group-C582DB3833BD-FOLLOWER: accept ELECTION from s10: our priority 0 <= candidate's priority 0
2024-12-25 19:03:38,467 INFO  impl.VoteContext (VoteContext.java:log(49)) - s1@group-C582DB3833BD-FOLLOWER: accept ELECTION from s10: our priority 0 <= candidate's priority 0
2024-12-25 19:03:38,467 INFO  server.RaftServer$Division (RaftServerImpl.java:setRole(379)) - s0@group-C582DB3833BD: changes role from  FOLLOWER to FOLLOWER at term 0 for candidate:s10
2024-12-25 19:03:38,467 INFO  server.RaftServer$Division (RaftServerImpl.java:setRole(379)) - s1@group-C582DB3833BD: changes role from  FOLLOWER to FOLLOWER at term 0 for candidate:s10
2024-12-25 19:03:38,467 INFO  impl.RoleInfo (RoleInfo.java:shutdownFollowerState(121)) - s1: shutdown s1@group-C582DB3833BD-FollowerState
2024-12-25 19:03:38,467 INFO  impl.FollowerState (FollowerState.java:runImpl(170)) - s1@group-C582DB3833BD-FollowerState was interrupted
2024-12-25 19:03:38,467 INFO  impl.RoleInfo (RoleInfo.java:shutdownFollowerState(121)) - s0: shutdown s0@group-C582DB3833BD-FollowerState
2024-12-25 19:03:38,467 INFO  impl.FollowerState (FollowerState.java:runImpl(170)) - s0@group-C582DB3833BD-FollowerState was interrupted
2024-12-25 19:03:38,468 INFO  impl.RoleInfo (RoleInfo.java:updateAndGet(148)) - s0: start s0@group-C582DB3833BD-FollowerState
2024-12-25 19:03:38,468 INFO  impl.RoleInfo (RoleInfo.java:updateAndGet(148)) - s1: start s1@group-C582DB3833BD-FollowerState
2024-12-25 19:03:38,468 INFO  server.RaftServer$Division (RaftServerImpl.java:setFirstElection(563)) - s0@group-C582DB3833BD: set firstElectionSinceStartup to false for candidate:s10
2024-12-25 19:03:38,468 INFO  server.RaftServer$Division (RaftServerImpl.java:setFirstElection(563)) - s1@group-C582DB3833BD: set firstElectionSinceStartup to false for candidate:s10
2024-12-25 19:03:38,468 TRACE util.FileUtils (LogUtils.java:supplyAndLog(69)) - Successfully supplied FileChannel.open /home/runner/work/ratis/ratis/ratis-examples/target/test/data/6cc16ceb/MiniRaftClusterWithSimulatedRpc6b18c296/s0/5ea2de93-0763-4c70-a68e-c582db3833bd/current/raft-meta.tmp with options [CREATE, WRITE]: sun.nio.ch.FileChannelImpl@541acbf8
2024-12-25 19:03:38,468 TRACE util.FileUtils (LogUtils.java:supplyAndLog(69)) - Successfully supplied FileChannel.open /home/runner/work/ratis/ratis/ratis-examples/target/test/data/6cc16ceb/MiniRaftClusterWithSimulatedRpc6b18c296/s1/5ea2de93-0763-4c70-a68e-c582db3833bd/current/raft-meta.tmp with options [CREATE, WRITE]: sun.nio.ch.FileChannelImpl@78bd6905
2024-12-25 19:03:38,469 TRACE util.FileUtils (LogUtils.java:runAndLog(49)) - Successfully ran Atomic Files.move /home/runner/work/ratis/ratis/ratis-examples/target/test/data/6cc16ceb/MiniRaftClusterWithSimulatedRpc6b18c296/s0/5ea2de93-0763-4c70-a68e-c582db3833bd/current/raft-meta.tmp to /home/runner/work/ratis/ratis/ratis-examples/target/test/data/6cc16ceb/MiniRaftClusterWithSimulatedRpc6b18c296/s0/5ea2de93-0763-4c70-a68e-c582db3833bd/current/raft-meta with options [REPLACE_EXISTING]
2024-12-25 19:03:38,469 INFO  server.RaftServer$Division (RaftServerImpl.java:requestVote(1493)) - s0@group-C582DB3833BD replies to ELECTION vote request: s10<-s0#0:OK-t1. Peer's state: s0@group-C582DB3833BD:t1, leader=null, voted=s10, raftlog=Memoized:s0@group-C582DB3833BD-SegmentedRaftLog:OPENED:c-1:lastnull, conf=conf: {index: -1, cur=peers:[s10, s0, s1]|listeners:[], old=null}
2024-12-25 19:03:38,469 TRACE util.FileUtils (LogUtils.java:runAndLog(49)) - Successfully ran Atomic Files.move /home/runner/work/ratis/ratis/ratis-examples/target/test/data/6cc16ceb/MiniRaftClusterWithSimulatedRpc6b18c296/s1/5ea2de93-0763-4c70-a68e-c582db3833bd/current/raft-meta.tmp to /home/runner/work/ratis/ratis/ratis-examples/target/test/data/6cc16ceb/MiniRaftClusterWithSimulatedRpc6b18c296/s1/5ea2de93-0763-4c70-a68e-c582db3833bd/current/raft-meta with options [REPLACE_EXISTING]
2024-12-25 19:03:38,469 INFO  impl.LeaderElection (LeaderElection.java:logAndReturn(90)) - s10@group-C582DB3833BD-LeaderElection1: ELECTION PASSED received 1 response(s) and 0 exception(s):
2024-12-25 19:03:38,469 INFO  server.RaftServer$Division (RaftServerImpl.java:requestVote(1493)) - s1@group-C582DB3833BD replies to ELECTION vote request: s10<-s1#0:OK-t1. Peer's state: s1@group-C582DB3833BD:t1, leader=null, voted=s10, raftlog=Memoized:s1@group-C582DB3833BD-SegmentedRaftLog:OPENED:c-1:lastnull, conf=conf: {index: -1, cur=peers:[s10, s0, s1]|listeners:[], old=null}
2024-12-25 19:03:38,469 INFO  impl.LeaderElection (LeaderElection.java:logAndReturn(94)) -   Response 0: s10<-s0#0:OK-t1
2024-12-25 19:03:38,470 INFO  impl.LeaderElection (LeaderElection.java:askForVotes(334)) - s10@group-C582DB3833BD-LeaderElection1 ELECTION round 0: result PASSED
2024-12-25 19:03:38,470 INFO  impl.RoleInfo (RoleInfo.java:shutdownLeaderElection(141)) - s10: shutdown s10@group-C582DB3833BD-LeaderElection1
2024-12-25 19:03:38,470 INFO  server.RaftServer$Division (RaftServerImpl.java:setRole(379)) - s10@group-C582DB3833BD: changes role from CANDIDATE to LEADER at term 1 for changeToLeader
2024-12-25 19:03:38,473 INFO  server.RaftServerConfigKeys (ConfUtils.java:logGet(46)) - raft.server.staging.catchup.gap = 1000 (default)
2024-12-25 19:03:38,476 INFO  server.RaftServerConfigKeys (ConfUtils.java:logGet(46)) - raft.server.write.element-limit = 4096 (default)
2024-12-25 19:03:38,476 INFO  server.RaftServerConfigKeys (ConfUtils.java:logGet(46)) - raft.server.write.byte-limit = 64MB (=67108864) (default)
2024-12-25 19:03:38,478 INFO  server.RaftServerConfigKeys (ConfUtils.java:logGet(46)) - raft.server.watch.timeout = 10s (default)
2024-12-25 19:03:38,478 INFO  server.RaftServerConfigKeys (ConfUtils.java:logGet(46)) - raft.server.watch.timeout.denomination = 1s (default)
2024-12-25 19:03:38,479 INFO  server.RaftServerConfigKeys (ConfUtils.java:logGet(46)) - raft.server.watch.element-limit = 65536 (default)
2024-12-25 19:03:38,482 INFO  server.RaftServerConfigKeys (ConfUtils.java:logGet(46)) - raft.server.read.leader.lease.enabled = false (default)
2024-12-25 19:03:38,484 INFO  server.RaftServerConfigKeys (ConfUtils.java:logGet(46)) - raft.server.read.leader.lease.timeout.ratio = 0.9 (default)
2024-12-25 19:03:38,484 INFO  server.RaftServerConfigKeys (ConfUtils.java:logGet(46)) - raft.server.rpc.timeout.min = 300ms (custom)
2024-12-25 19:03:38,484 INFO  server.RaftServerConfigKeys (ConfUtils.java:logGet(46)) - raft.server.log.log-metadata.enabled = true (default)
2024-12-25 19:03:38,484 INFO  server.RaftServerConfigKeys (ConfUtils.java:logGet(46)) - raft.server.write.element-limit = 4096 (default)
2024-12-25 19:03:38,484 INFO  server.RaftServerConfigKeys (ConfUtils.java:logGet(46)) - raft.server.write.follower.gap.ratio.max = -1.0 (default)
2024-12-25 19:03:38,489 INFO  server.RaftServerConfigKeys (ConfUtils.java:logGet(46)) - raft.server.log.appender.snapshot.chunk.size.max = 16MB (=16777216) (default)
2024-12-25 19:03:38,489 INFO  server.RaftServerConfigKeys (ConfUtils.java:logGet(46)) - raft.server.log.appender.buffer.byte-limit = 4MB (=4194304) (default)
2024-12-25 19:03:38,490 INFO  server.RaftServerConfigKeys (ConfUtils.java:logGet(46)) - raft.server.log.appender.buffer.element-limit = 0 (default)
2024-12-25 19:03:38,491 INFO  server.RaftServerConfigKeys (ConfUtils.java:logGet(46)) - raft.server.log.appender.wait-time.min = 1ms (default)
2024-12-25 19:03:38,491 INFO  server.RaftServerConfigKeys (ConfUtils.java:logGet(46)) - raft.server.log.appender.snapshot.chunk.size.max = 16MB (=16777216) (default)
2024-12-25 19:03:38,491 INFO  server.RaftServerConfigKeys (ConfUtils.java:logGet(46)) - raft.server.log.appender.buffer.byte-limit = 4MB (=4194304) (default)
2024-12-25 19:03:38,492 INFO  server.RaftServerConfigKeys (ConfUtils.java:logGet(46)) - raft.server.log.appender.buffer.element-limit = 0 (default)
2024-12-25 19:03:38,492 INFO  server.RaftServerConfigKeys (ConfUtils.java:logGet(46)) - raft.server.log.appender.wait-time.min = 1ms (default)
2024-12-25 19:03:38,492 INFO  impl.RoleInfo (RoleInfo.java:updateAndGet(148)) - s10: start s10@group-C582DB3833BD-LeaderStateImpl
2024-12-25 19:03:38,492 INFO  server.RaftServer$Division (RaftServerImpl.java:setFirstElection(563)) - s10@group-C582DB3833BD: set firstElectionSinceStartup to false for becomeLeader
2024-12-25 19:03:38,492 INFO  server.RaftServer$Division (ServerState.java:setLeader(272)) - s10@group-C582DB3833BD: change Leader from null to s10 at term 1 for becomeLeader, leader elected after 377ms
2024-12-25 19:03:38,568 INFO  segmented.SegmentedRaftLogWorker (SegmentedRaftLogWorker.java:startLogSegment(443)) - s10@group-C582DB3833BD-SegmentedRaftLogWorker: Starting segment from index:0
2024-12-25 19:03:38,575 INFO  server.RaftServer$Division (ServerState.java:setRaftConf(386)) - s10@group-C582DB3833BD: set configuration conf: {index: 0, cur=peers:[s10, s0, s1]|listeners:[], old=null}
2024-12-25 19:03:38,579 INFO  segmented.BufferedWriteChannel (BufferedWriteChannel.java:open(61)) - open log_inprogress_0 at position 0
2024-12-25 19:03:38,586 INFO  server.RaftServer$Division (ServerState.java:setLeader(272)) - s0@group-C582DB3833BD: change Leader from null to s10 at term 1 for appendEntries, leader elected after 499ms
2024-12-25 19:03:38,587 INFO  server.RaftServer$Division (ServerState.java:setLeader(272)) - s1@group-C582DB3833BD: change Leader from null to s10 at term 1 for appendEntries, leader elected after 482ms
2024-12-25 19:03:38,591 INFO  segmented.SegmentedRaftLogWorker (SegmentedRaftLogWorker.java:execute(667)) - s10@group-C582DB3833BD-SegmentedRaftLogWorker: created new log segment /home/runner/work/ratis/ratis/ratis-examples/target/test/data/6cc16ceb/MiniRaftClusterWithSimulatedRpc6b18c296/s10/5ea2de93-0763-4c70-a68e-c582db3833bd/current/log_inprogress_0
2024-12-25 19:03:38,598 INFO  server.RaftServer$Division (ServerState.java:setRaftConf(386)) - s1@group-C582DB3833BD: set configuration conf: {index: 0, cur=peers:[s10|, s0|, s1|]|listeners:[], old=null}
2024-12-25 19:03:38,599 INFO  server.RaftServer$Division (ServerState.java:setRaftConf(386)) - s0@group-C582DB3833BD: set configuration conf: {index: 0, cur=peers:[s10|, s0|, s1|]|listeners:[], old=null}
2024-12-25 19:03:38,599 INFO  segmented.SegmentedRaftLogWorker (SegmentedRaftLogWorker.java:startLogSegment(443)) - s0@group-C582DB3833BD-SegmentedRaftLogWorker: Starting segment from index:0
2024-12-25 19:03:38,599 INFO  segmented.SegmentedRaftLogWorker (SegmentedRaftLogWorker.java:startLogSegment(443)) - s1@group-C582DB3833BD-SegmentedRaftLogWorker: Starting segment from index:0
2024-12-25 19:03:38,599 INFO  segmented.BufferedWriteChannel (BufferedWriteChannel.java:open(61)) - open log_inprogress_0 at position 0
2024-12-25 19:03:38,599 INFO  segmented.BufferedWriteChannel (BufferedWriteChannel.java:open(61)) - open log_inprogress_0 at position 0
2024-12-25 19:03:38,615 INFO  segmented.SegmentedRaftLogWorker (SegmentedRaftLogWorker.java:execute(667)) - s1@group-C582DB3833BD-SegmentedRaftLogWorker: created new log segment /home/runner/work/ratis/ratis/ratis-examples/target/test/data/6cc16ceb/MiniRaftClusterWithSimulatedRpc6b18c296/s1/5ea2de93-0763-4c70-a68e-c582db3833bd/current/log_inprogress_0
2024-12-25 19:03:38,615 INFO  segmented.SegmentedRaftLogWorker (SegmentedRaftLogWorker.java:execute(667)) - s0@group-C582DB3833BD-SegmentedRaftLogWorker: created new log segment /home/runner/work/ratis/ratis/ratis-examples/target/test/data/6cc16ceb/MiniRaftClusterWithSimulatedRpc6b18c296/s0/5ea2de93-0763-4c70-a68e-c582db3833bd/current/log_inprogress_0
2024-12-25 19:03:38,617 TRACE util.FileUtils (LogUtils.java:supplyAndLog(69)) - Successfully supplied FileChannel.open /home/runner/work/ratis/ratis/ratis-examples/target/test/data/6cc16ceb/MiniRaftClusterWithSimulatedRpc6b18c296/s10/5ea2de93-0763-4c70-a68e-c582db3833bd/current/raft-meta.conf.tmp with options [CREATE, WRITE]: sun.nio.ch.FileChannelImpl@6adb5d81
2024-12-25 19:03:38,619 TRACE util.FileUtils (LogUtils.java:runAndLog(49)) - Successfully ran Atomic Files.move /home/runner/work/ratis/ratis/ratis-examples/target/test/data/6cc16ceb/MiniRaftClusterWithSimulatedRpc6b18c296/s10/5ea2de93-0763-4c70-a68e-c582db3833bd/current/raft-meta.conf.tmp to /home/runner/work/ratis/ratis/ratis-examples/target/test/data/6cc16ceb/MiniRaftClusterWithSimulatedRpc6b18c296/s10/5ea2de93-0763-4c70-a68e-c582db3833bd/current/raft-meta.conf with options [REPLACE_EXISTING]
2024-12-25 19:03:38,619 INFO  server.RaftServer$Division (LeaderStateImpl.java:checkStartIndex(314)) - Leader s10@group-C582DB3833BD-LeaderStateImpl is ready since appliedIndex == startIndex == 0
2024-12-25 19:03:38,769 TRACE util.FileUtils (LogUtils.java:supplyAndLog(69)) - Successfully supplied FileChannel.open /home/runner/work/ratis/ratis/ratis-examples/target/test/data/6cc16ceb/MiniRaftClusterWithSimulatedRpc6b18c296/s0/5ea2de93-0763-4c70-a68e-c582db3833bd/current/raft-meta.conf.tmp with options [CREATE, WRITE]: sun.nio.ch.FileChannelImpl@45076211
2024-12-25 19:03:38,769 TRACE util.FileUtils (LogUtils.java:supplyAndLog(69)) - Successfully supplied FileChannel.open /home/runner/work/ratis/ratis/ratis-examples/target/test/data/6cc16ceb/MiniRaftClusterWithSimulatedRpc6b18c296/s1/5ea2de93-0763-4c70-a68e-c582db3833bd/current/raft-meta.conf.tmp with options [CREATE, WRITE]: sun.nio.ch.FileChannelImpl@3f69c271
2024-12-25 19:03:38,770 TRACE util.FileUtils (LogUtils.java:runAndLog(49)) - Successfully ran Atomic Files.move /home/runner/work/ratis/ratis/ratis-examples/target/test/data/6cc16ceb/MiniRaftClusterWithSimulatedRpc6b18c296/s0/5ea2de93-0763-4c70-a68e-c582db3833bd/current/raft-meta.conf.tmp to /home/runner/work/ratis/ratis/ratis-examples/target/test/data/6cc16ceb/MiniRaftClusterWithSimulatedRpc6b18c296/s0/5ea2de93-0763-4c70-a68e-c582db3833bd/current/raft-meta.conf with options [REPLACE_EXISTING]
2024-12-25 19:03:38,771 TRACE util.FileUtils (LogUtils.java:runAndLog(49)) - Successfully ran Atomic Files.move /home/runner/work/ratis/ratis/ratis-examples/target/test/data/6cc16ceb/MiniRaftClusterWithSimulatedRpc6b18c296/s1/5ea2de93-0763-4c70-a68e-c582db3833bd/current/raft-meta.conf.tmp to /home/runner/work/ratis/ratis/ratis-examples/target/test/data/6cc16ceb/MiniRaftClusterWithSimulatedRpc6b18c296/s1/5ea2de93-0763-4c70-a68e-c582db3833bd/current/raft-meta.conf with options [REPLACE_EXISTING]
2024-12-25 19:03:39,028 INFO  ratis.RaftTestUtil (RaftTestUtil.java:waitForLeader(131)) - printing group-C582DB3833BD
  s10:  RUNNING [
   FOLLOWER s10@group-6AB839334A82:t0, leader=null, voted=, raftlog=Memoized:s10@group-6AB839334A82-SegmentedRaftLog:OPENED:c-1:lastnull, conf=conf: {index: -1, cur=peers:[]|listeners:[], old=null} STARTING
     LEADER s10@group-C582DB3833BD:t1, leader=s10, voted=s10, raftlog=Memoized:s10@group-C582DB3833BD-SegmentedRaftLog:OPENED:c0:last(t:1, i:0), conf=conf: {index: 0, cur=peers:[s10, s0, s1]|listeners:[], old=null} RUNNING] size=2
  s0:  RUNNING [
   FOLLOWER s0@group-6AB839334A82:t0, leader=null, voted=, raftlog=Memoized:s0@group-6AB839334A82-SegmentedRaftLog:OPENED:c-1:lastnull, conf=conf: {index: -1, cur=peers:[]|listeners:[], old=null} STARTING
   FOLLOWER s0@group-C582DB3833BD:t1, leader=s10, voted=s10, raftlog=Memoized:s0@group-C582DB3833BD-SegmentedRaftLog:OPENED:c0:last(t:1, i:0), conf=conf: {index: 0, cur=peers:[s10|, s0|, s1|]|listeners:[], old=null} RUNNING] size=2
  s1:  RUNNING [
   FOLLOWER s1@group-6AB839334A82:t0, leader=null, voted=, raftlog=Memoized:s1@group-6AB839334A82-SegmentedRaftLog:OPENED:c-1:lastnull, conf=conf: {index: -1, cur=peers:[]|listeners:[], old=null} STARTING
   FOLLOWER s1@group-C582DB3833BD:t1, leader=s10, voted=s10, raftlog=Memoized:s1@group-C582DB3833BD-SegmentedRaftLog:OPENED:c0:last(t:1, i:0), conf=conf: {index: 0, cur=peers:[s10|, s0|, s1|]|listeners:[], old=null} RUNNING] size=2
2024-12-25 19:03:39,045 INFO  statemachine.StateMachine (ArithmeticStateMachine.java:applyTransaction(181)) - LEADER:s10-1: a = 3 = 3
2024-12-25 19:03:39,062 INFO  statemachine.StateMachine (ArithmeticStateMachine.java:applyTransaction(181)) - LEADER:s10-3: b = 4 = 4
2024-12-25 19:03:39,067 INFO  statemachine.StateMachine (ArithmeticStateMachine.java:applyTransaction(181)) - LEADER:s10-5: c = √(a^2 + b^2) = 5
2024-12-25 19:03:39,072 INFO  statemachine.StateMachine (ArithmeticStateMachine.java:applyTransaction(181)) - LEADER:s10-7: a = null = null
2024-12-25 19:03:39,076 INFO  statemachine.StateMachine (ArithmeticStateMachine.java:applyTransaction(181)) - LEADER:s10-9: b = null = null
2024-12-25 19:03:39,080 INFO  statemachine.StateMachine (ArithmeticStateMachine.java:applyTransaction(181)) - LEADER:s10-11: c = null = null
2024-12-25 19:03:39,085 INFO  statemachine.StateMachine (ArithmeticStateMachine.java:applyTransaction(181)) - LEADER:s10-13: a = 5 = 5
2024-12-25 19:03:39,089 INFO  statemachine.StateMachine (ArithmeticStateMachine.java:applyTransaction(181)) - LEADER:s10-15: b = 12 = 12
2024-12-25 19:03:39,093 INFO  statemachine.StateMachine (ArithmeticStateMachine.java:applyTransaction(181)) - LEADER:s10-17: c = √(a^2 + b^2) = 13
2024-12-25 19:03:39,098 INFO  statemachine.StateMachine (ArithmeticStateMachine.java:applyTransaction(181)) - LEADER:s10-19: a = null = null
2024-12-25 19:03:39,101 INFO  statemachine.StateMachine (ArithmeticStateMachine.java:applyTransaction(181)) - LEADER:s10-21: b = null = null
2024-12-25 19:03:39,105 INFO  statemachine.StateMachine (ArithmeticStateMachine.java:applyTransaction(181)) - LEADER:s10-23: c = null = null
2024-12-25 19:03:39,109 INFO  statemachine.StateMachine (ArithmeticStateMachine.java:applyTransaction(181)) - LEADER:s10-25: a = 7 = 7
2024-12-25 19:03:39,112 INFO  statemachine.StateMachine (ArithmeticStateMachine.java:applyTransaction(181)) - LEADER:s10-27: b = 24 = 24
2024-12-25 19:03:39,115 INFO  statemachine.StateMachine (ArithmeticStateMachine.java:applyTransaction(181)) - LEADER:s10-29: c = √(a^2 + b^2) = 25
2024-12-25 19:03:39,118 INFO  statemachine.StateMachine (ArithmeticStateMachine.java:applyTransaction(181)) - LEADER:s10-31: a = null = null
2024-12-25 19:03:39,122 INFO  statemachine.StateMachine (ArithmeticStateMachine.java:applyTransaction(181)) - LEADER:s10-33: b = null = null
2024-12-25 19:03:39,125 INFO  statemachine.StateMachine (ArithmeticStateMachine.java:applyTransaction(181)) - LEADER:s10-35: c = null = null
2024-12-25 19:03:39,129 INFO  statemachine.StateMachine (ArithmeticStateMachine.java:applyTransaction(181)) - LEADER:s10-37: a = 9 = 9
2024-12-25 19:03:39,132 INFO  statemachine.StateMachine (ArithmeticStateMachine.java:applyTransaction(181)) - LEADER:s10-39: b = 40 = 40
2024-12-25 19:03:39,136 INFO  statemachine.StateMachine (ArithmeticStateMachine.java:applyTransaction(181)) - LEADER:s10-41: c = √(a^2 + b^2) = 41
2024-12-25 19:03:39,139 INFO  statemachine.StateMachine (ArithmeticStateMachine.java:applyTransaction(181)) - LEADER:s10-43: a = null = null
2024-12-25 19:03:39,142 INFO  statemachine.StateMachine (ArithmeticStateMachine.java:applyTransaction(181)) - LEADER:s10-45: b = null = null
2024-12-25 19:03:39,145 INFO  statemachine.StateMachine (ArithmeticStateMachine.java:applyTransaction(181)) - LEADER:s10-47: c = null = null
2024-12-25 19:03:39,149 INFO  statemachine.StateMachine (ArithmeticStateMachine.java:applyTransaction(181)) - LEADER:s10-49: a = 11 = 11
2024-12-25 19:03:39,156 INFO  statemachine.StateMachine (ArithmeticStateMachine.java:applyTransaction(181)) - LEADER:s10-51: b = 60 = 60
2024-12-25 19:03:39,159 INFO  statemachine.StateMachine (ArithmeticStateMachine.java:applyTransaction(181)) - LEADER:s10-53: c = √(a^2 + b^2) = 61
2024-12-25 19:03:39,162 INFO  statemachine.StateMachine (ArithmeticStateMachine.java:applyTransaction(181)) - LEADER:s10-55: a = null = null
2024-12-25 19:03:39,165 INFO  statemachine.StateMachine (ArithmeticStateMachine.java:applyTransaction(181)) - LEADER:s10-57: b = null = null
2024-12-25 19:03:39,167 INFO  statemachine.StateMachine (ArithmeticStateMachine.java:applyTransaction(181)) - LEADER:s10-59: c = null = null
2024-12-25 19:03:39,170 INFO  statemachine.StateMachine (ArithmeticStateMachine.java:applyTransaction(181)) - LEADER:s10-61: a = 13 = 13
2024-12-25 19:03:39,173 INFO  statemachine.StateMachine (ArithmeticStateMachine.java:applyTransaction(181)) - LEADER:s10-63: b = 84 = 84
2024-12-25 19:03:39,176 INFO  statemachine.StateMachine (ArithmeticStateMachine.java:applyTransaction(181)) - LEADER:s10-65: c = √(a^2 + b^2) = 85
2024-12-25 19:03:39,178 INFO  statemachine.StateMachine (ArithmeticStateMachine.java:applyTransaction(181)) - LEADER:s10-67: a = null = null
2024-12-25 19:03:39,181 INFO  statemachine.StateMachine (ArithmeticStateMachine.java:applyTransaction(181)) - LEADER:s10-69: b = null = null
2024-12-25 19:03:39,184 INFO  statemachine.StateMachine (ArithmeticStateMachine.java:applyTransaction(181)) - LEADER:s10-71: c = null = null
2024-12-25 19:03:39,187 INFO  statemachine.StateMachine (ArithmeticStateMachine.java:applyTransaction(181)) - LEADER:s10-73: a = 15 = 15
2024-12-25 19:03:39,190 INFO  statemachine.StateMachine (ArithmeticStateMachine.java:applyTransaction(181)) - LEADER:s10-75: b = 112 = 112
2024-12-25 19:03:39,194 INFO  statemachine.StateMachine (ArithmeticStateMachine.java:applyTransaction(181)) - LEADER:s10-77: c = √(a^2 + b^2) = 113
2024-12-25 19:03:39,196 INFO  statemachine.StateMachine (ArithmeticStateMachine.java:applyTransaction(181)) - LEADER:s10-79: a = null = null
2024-12-25 19:03:39,199 INFO  statemachine.StateMachine (ArithmeticStateMachine.java:applyTransaction(181)) - LEADER:s10-81: b = null = null
2024-12-25 19:03:39,201 INFO  statemachine.StateMachine (ArithmeticStateMachine.java:applyTransaction(181)) - LEADER:s10-83: c = null = null
2024-12-25 19:03:39,204 INFO  statemachine.StateMachine (ArithmeticStateMachine.java:applyTransaction(181)) - LEADER:s10-85: a = 17 = 17
2024-12-25 19:03:39,207 INFO  statemachine.StateMachine (ArithmeticStateMachine.java:applyTransaction(181)) - LEADER:s10-87: b = 144 = 144
2024-12-25 19:03:39,209 INFO  statemachine.StateMachine (ArithmeticStateMachine.java:applyTransaction(181)) - LEADER:s10-89: c = √(a^2 + b^2) = 145
2024-12-25 19:03:39,212 INFO  statemachine.StateMachine (ArithmeticStateMachine.java:applyTransaction(181)) - LEADER:s10-91: a = null = null
2024-12-25 19:03:39,214 INFO  statemachine.StateMachine (ArithmeticStateMachine.java:applyTransaction(181)) - LEADER:s10-93: b = null = null
2024-12-25 19:03:39,217 INFO  statemachine.StateMachine (ArithmeticStateMachine.java:applyTransaction(181)) - LEADER:s10-95: c = null = null
2024-12-25 19:03:39,219 INFO  statemachine.StateMachine (ArithmeticStateMachine.java:applyTransaction(181)) - LEADER:s10-97: a = 19 = 19
2024-12-25 19:03:39,222 INFO  statemachine.StateMachine (ArithmeticStateMachine.java:applyTransaction(181)) - LEADER:s10-99: b = 180 = 180
2024-12-25 19:03:39,225 INFO  statemachine.StateMachine (ArithmeticStateMachine.java:applyTransaction(181)) - LEADER:s10-101: c = √(a^2 + b^2) = 181
2024-12-25 19:03:39,227 INFO  statemachine.StateMachine (ArithmeticStateMachine.java:applyTransaction(181)) - LEADER:s10-103: a = null = null
2024-12-25 19:03:39,230 INFO  statemachine.StateMachine (ArithmeticStateMachine.java:applyTransaction(181)) - LEADER:s10-105: b = null = null
2024-12-25 19:03:39,233 INFO  statemachine.StateMachine (ArithmeticStateMachine.java:applyTransaction(181)) - LEADER:s10-107: c = null = null
2024-12-25 19:03:39,235 INFO  statemachine.StateMachine (ArithmeticStateMachine.java:applyTransaction(181)) - LEADER:s10-109: a = 21 = 21
2024-12-25 19:03:39,237 INFO  statemachine.StateMachine (ArithmeticStateMachine.java:applyTransaction(181)) - LEADER:s10-111: b = 220 = 220
2024-12-25 19:03:39,240 INFO  statemachine.StateMachine (ArithmeticStateMachine.java:applyTransaction(181)) - LEADER:s10-113: c = √(a^2 + b^2) = 221
2024-12-25 19:03:39,242 INFO  statemachine.StateMachine (ArithmeticStateMachine.java:applyTransaction(181)) - LEADER:s10-115: a = null = null
2024-12-25 19:03:39,245 INFO  statemachine.StateMachine (ArithmeticStateMachine.java:applyTransaction(181)) - LEADER:s10-117: b = null = null
2024-12-25 19:03:39,247 INFO  statemachine.StateMachine (ArithmeticStateMachine.java:applyTransaction(181)) - LEADER:s10-119: c = null = null
2024-12-25 19:03:39,247 INFO  impl.GroupManagementBaseTest (GroupManagementBaseTest.java:runMultiGroupTest(281)) - 1) starting group-BDA5E59D7A17:[s11, s13, s12]
2024-12-25 19:03:39,248 INFO  server.RaftServer (RaftServerProxy.java:addNew(101)) - s11: addNew group-BDA5E59D7A17:[s11, s13, s12] returns group-BDA5E59D7A17:java.util.concurrent.CompletableFuture@5455d56c[Not completed]
2024-12-25 19:03:39,248 INFO  server.RaftServer$Division (RaftServerImpl.java:<init>(256)) - s11: new RaftServerImpl for group-BDA5E59D7A17:[s11, s13, s12] with ArithmeticStateMachine:uninitialized
2024-12-25 19:03:39,248 INFO  server.RaftServerConfigKeys (ConfUtils.java:logGet(46)) - raft.server.rpc.timeout.min = 300ms (custom)
2024-12-25 19:03:39,248 INFO  server.RaftServerConfigKeys (ConfUtils.java:logGet(46)) - raft.server.rpc.timeout.max = 600ms (custom)
2024-12-25 19:03:39,248 INFO  server.RaftServerConfigKeys (ConfUtils.java:logGet(46)) - raft.server.rpc.sleep.time = 25ms (default)
2024-12-25 19:03:39,249 INFO  server.RaftServerConfigKeys (ConfUtils.java:logGet(46)) - raft.server.rpc.slowness.timeout = 60s (default)
2024-12-25 19:03:39,249 INFO  server.RaftServerConfigKeys (ConfUtils.java:logGet(46)) - raft.server.leaderelection.leader.step-down.wait-time = 10s (default)
2024-12-25 19:03:39,249 INFO  server.RaftServerConfigKeys (ConfUtils.java:logGet(46)) - raft.server.leaderelection.member.majority-add = false (default)
2024-12-25 19:03:39,249 INFO  server.RaftServerConfigKeys (ConfUtils.java:logGet(46)) - raft.server.sleep.deviation.threshold = 300ms (default)
2024-12-25 19:03:39,249 INFO  server.RaftServer$Division (ServerState.java:<init>(114)) - s11@group-BDA5E59D7A17: ConfigurationManager, init=conf: {index: -1, cur=peers:[s11, s13, s12]|listeners:[], old=null}, confs=<EMPTY_MAP>
2024-12-25 19:03:39,249 INFO  server.RaftServerConfigKeys (ConfUtils.java:logGet(46)) - raft.server.notification.no-leader.timeout = 60s (default)
2024-12-25 19:03:39,249 INFO  server.RaftServerConfigKeys (ConfUtils.java:logGet(46)) - raft.server.read.timeout = 10s (default)
2024-12-25 19:03:39,249 INFO  server.RaftServerConfigKeys (ConfUtils.java:logGet(46)) - raft.server.retrycache.expirytime = 60s (default)
2024-12-25 19:03:39,249 INFO  server.RaftServerConfigKeys (ConfUtils.java:logGet(46)) - raft.server.retrycache.statistics.expirytime = 100ms (default)
2024-12-25 19:03:39,249 INFO  server.RaftServerConfigKeys (ConfUtils.java:logGet(46)) - raft.server.read.option = DEFAULT (default)
2024-12-25 19:03:39,249 INFO  server.RaftServerConfigKeys (ConfUtils.java:logGet(46)) - raft.server.read.read-after-write-consistent.write-index-cache.expiry-time = 60s (default)
2024-12-25 19:03:39,250 INFO  server.RaftServerConfigKeys (ConfUtils.java:logGet(46)) - raft.server.rpc.request.timeout = 3000ms (default)
2024-12-25 19:03:39,250 INFO  server.RaftServerConfigKeys (ConfUtils.java:logGet(46)) - raft.server.log.appender.install.snapshot.enabled = true (default)
2024-12-25 19:03:39,250 INFO  server.RaftServerConfigKeys (ConfUtils.java:logGet(46)) - raft.server.threadpool.server.cached = true (default)
2024-12-25 19:03:39,250 INFO  server.RaftServerConfigKeys (ConfUtils.java:logGet(46)) - raft.server.threadpool.server.size = 0 (default)
2024-12-25 19:03:39,250 INFO  server.RaftServerConfigKeys (ConfUtils.java:logGet(46)) - raft.server.threadpool.client.cached = true (default)
2024-12-25 19:03:39,251 INFO  server.RaftServerConfigKeys (ConfUtils.java:logGet(46)) - raft.server.threadpool.client.size = 0 (default)
2024-12-25 19:03:39,251 INFO  server.RaftServerConfigKeys (ConfUtils.java:logGet(46)) - raft.server.storage.free-space.min = 0MB (=0) (default)
2024-12-25 19:03:39,251 INFO  server.RaftServerConfigKeys (ConfUtils.java:logGet(46)) - raft.server.log.corruption.policy = EXCEPTION (default)
2024-12-25 19:03:39,251 INFO  server.RaftServerConfigKeys (ConfUtils.java:logGet(46)) - raft.server.storage.dir = [/home/runner/work/ratis/ratis/ratis-examples/target/test/data/6cc16ceb/MiniRaftClusterWithSimulatedRpc6b18c296/s11] (custom)
2024-12-25 19:03:39,251 INFO  storage.RaftStorageDirectory (RaftStorageDirectoryImpl.java:analyzeStorage(138)) - The storage directory /home/runner/work/ratis/ratis/ratis-examples/target/test/data/6cc16ceb/MiniRaftClusterWithSimulatedRpc6b18c296/s11/72d3493e-e61a-48e9-b0da-bda5e59d7a17 does not exist. Creating ...
2024-12-25 19:03:39,251 TRACE util.FileUtils (LogUtils.java:runAndLog(49)) - Successfully ran Files.createDirectories /home/runner/work/ratis/ratis/ratis-examples/target/test/data/6cc16ceb/MiniRaftClusterWithSimulatedRpc6b18c296/s11/72d3493e-e61a-48e9-b0da-bda5e59d7a17
2024-12-25 19:03:39,252 INFO  storage.RaftStorageDirectory (RaftStorageDirectoryImpl.java:tryLock(229)) - Lock on /home/runner/work/ratis/ratis/ratis-examples/target/test/data/6cc16ceb/MiniRaftClusterWithSimulatedRpc6b18c296/s11/72d3493e-e61a-48e9-b0da-bda5e59d7a17/in_use.lock acquired by nodename 14827@fv-az835-686.uia40oc12eqezaqrhfktyfhufg.ex.internal.cloudapp.net
2024-12-25 19:03:39,252 TRACE util.FileUtils (LogUtils.java:runAndLog(49)) - Successfully ran Files.createDirectories /home/runner/work/ratis/ratis/ratis-examples/target/test/data/6cc16ceb/MiniRaftClusterWithSimulatedRpc6b18c296/s11/72d3493e-e61a-48e9-b0da-bda5e59d7a17/current
2024-12-25 19:03:39,253 TRACE util.FileUtils (LogUtils.java:runAndLog(49)) - Successfully ran Files.createDirectories /home/runner/work/ratis/ratis/ratis-examples/target/test/data/6cc16ceb/MiniRaftClusterWithSimulatedRpc6b18c296/s11/72d3493e-e61a-48e9-b0da-bda5e59d7a17/sm
2024-12-25 19:03:39,253 TRACE util.FileUtils (LogUtils.java:supplyAndLog(69)) - Successfully supplied FileChannel.open /home/runner/work/ratis/ratis/ratis-examples/target/test/data/6cc16ceb/MiniRaftClusterWithSimulatedRpc6b18c296/s11/72d3493e-e61a-48e9-b0da-bda5e59d7a17/current/raft-meta.tmp with options [CREATE, WRITE]: sun.nio.ch.FileChannelImpl@5f81f5e3
2024-12-25 19:03:39,261 TRACE util.FileUtils (LogUtils.java:runAndLog(49)) - Successfully ran Atomic Files.move /home/runner/work/ratis/ratis/ratis-examples/target/test/data/6cc16ceb/MiniRaftClusterWithSimulatedRpc6b18c296/s11/72d3493e-e61a-48e9-b0da-bda5e59d7a17/current/raft-meta.tmp to /home/runner/work/ratis/ratis/ratis-examples/target/test/data/6cc16ceb/MiniRaftClusterWithSimulatedRpc6b18c296/s11/72d3493e-e61a-48e9-b0da-bda5e59d7a17/current/raft-meta with options [REPLACE_EXISTING]
2024-12-25 19:03:39,261 INFO  storage.RaftStorage (RaftStorageImpl.java:format(98)) - Storage directory /home/runner/work/ratis/ratis/ratis-examples/target/test/data/6cc16ceb/MiniRaftClusterWithSimulatedRpc6b18c296/s11/72d3493e-e61a-48e9-b0da-bda5e59d7a17 has been successfully formatted.
2024-12-25 19:03:39,261 WARN  statemachine.StateMachine (ArithmeticStateMachine.java:loadSnapshot(115)) - The snapshot info is null.
2024-12-25 19:03:39,261 INFO  server.RaftServerConfigKeys (ConfUtils.java:logGet(46)) - raft.server.log.use.memory = false (default)
2024-12-25 19:03:39,261 INFO  server.RaftServerConfigKeys (ConfUtils.java:logGet(46)) - raft.server.log.purge.gap = 1024 (default)
2024-12-25 19:03:39,262 INFO  server.RaftServerConfigKeys (ConfUtils.java:logGet(46)) - raft.server.log.appender.buffer.byte-limit = 4MB (=4194304) (default)
2024-12-25 19:03:39,262 INFO  server.RaftServerConfigKeys (ConfUtils.java:logGet(46)) - raft.server.log.statemachine.data.read.timeout = 1000ms (default)
2024-12-25 19:03:39,262 INFO  server.RaftServerConfigKeys (ConfUtils.java:logGet(46)) - raft.server.log.purge.preservation.log.num = 0 (default)
2024-12-25 19:03:39,262 INFO  server.RaftServerConfigKeys (ConfUtils.java:logGet(46)) - raft.server.log.segment.size.max = 32MB (=33554432) (default)
2024-12-25 19:03:39,262 INFO  server.RaftServerConfigKeys (ConfUtils.java:logGet(46)) - raft.server.log.segment.cache.num.max = 6 (default)
2024-12-25 19:03:39,262 INFO  server.RaftServerConfigKeys (ConfUtils.java:logGet(46)) - raft.server.log.segment.cache.size.max = 200MB (=209715200) (default)
2024-12-25 19:03:39,262 INFO  server.RaftServerConfigKeys (ConfUtils.java:logGet(46)) - raft.server.log.appender.buffer.byte-limit = 4MB (=4194304) (default)
2024-12-25 19:03:39,263 INFO  util.AwaitToRun (AwaitToRun.java:start(81)) - Thread[s11@group-BDA5E59D7A17-cacheEviction-AwaitToRun,5,main] started
2024-12-25 19:03:39,263 INFO  segmented.SegmentedRaftLogWorker (SegmentedRaftLogWorker.java:<init>(189)) - new s11@group-BDA5E59D7A17-SegmentedRaftLogWorker for RaftStorageImpl:Storage Directory /home/runner/work/ratis/ratis/ratis-examples/target/test/data/6cc16ceb/MiniRaftClusterWithSimulatedRpc6b18c296/s11/72d3493e-e61a-48e9-b0da-bda5e59d7a17
2024-12-25 19:03:39,263 INFO  server.RaftServerConfigKeys (ConfUtils.java:logGet(46)) - raft.server.log.queue.byte-limit = 64MB (=67108864) (default)
2024-12-25 19:03:39,263 INFO  server.RaftServerConfigKeys (ConfUtils.java:logGet(46)) - raft.server.log.queue.element-limit = 4096 (default)
2024-12-25 19:03:39,263 INFO  server.RaftServerConfigKeys (ConfUtils.java:logGet(46)) - raft.server.log.segment.size.max = 32MB (=33554432) (default)
2024-12-25 19:03:39,263 INFO  server.RaftServerConfigKeys (ConfUtils.java:logGet(46)) - raft.server.log.preallocated.size = 4MB (=4194304) (default)
2024-12-25 19:03:39,263 INFO  server.RaftServerConfigKeys (ConfUtils.java:logGet(46)) - raft.server.log.force.sync.num = 128 (default)
2024-12-25 19:03:39,263 INFO  server.RaftServerConfigKeys (ConfUtils.java:logGet(46)) - raft.server.log.statemachine.data.sync = true (default)
2024-12-25 19:03:39,263 INFO  server.RaftServerConfigKeys (ConfUtils.java:logGet(46)) - raft.server.log.statemachine.data.sync.timeout = 10s (default)
2024-12-25 19:03:39,263 INFO  server.RaftServerConfigKeys (ConfUtils.java:logGet(46)) - raft.server.log.statemachine.data.sync.timeout.retry = -1 (default)
2024-12-25 19:03:39,263 INFO  server.RaftServerConfigKeys (ConfUtils.java:logGet(46)) - raft.server.log.write.buffer.size = 8MB (=8388608) (default)
2024-12-25 19:03:39,265 INFO  server.RaftServerConfigKeys (ConfUtils.java:logGet(46)) - raft.server.log.appender.buffer.byte-limit = 4MB (=4194304) (default)
2024-12-25 19:03:39,266 INFO  server.RaftServerConfigKeys (ConfUtils.java:logGet(46)) - raft.server.log.unsafe-flush.enabled = false (default)
2024-12-25 19:03:39,266 INFO  server.RaftServerConfigKeys (ConfUtils.java:logGet(46)) - raft.server.log.async-flush.enabled = false (default)
2024-12-25 19:03:39,266 INFO  server.RaftServerConfigKeys (ConfUtils.java:logGet(46)) - raft.server.log.statemachine.data.caching.enabled = false (default)
2024-12-25 19:03:39,266 INFO  segmented.SegmentedRaftLogWorker (SegmentedRaftLogWorker.java:lambda$new$0(140)) - s11@group-BDA5E59D7A17-SegmentedRaftLogWorker: flushIndex: setUnconditionally 0 -> -1
2024-12-25 19:03:39,266 INFO  segmented.SegmentedRaftLogWorker (SegmentedRaftLogWorker.java:lambda$new$0(140)) - s11@group-BDA5E59D7A17-SegmentedRaftLogWorker: safeCacheEvictIndex: setUnconditionally 0 -> -1
2024-12-25 19:03:39,269 INFO  server.RaftServer$Division (RaftServerImpl.java:start(392)) - s11@group-BDA5E59D7A17: start as a follower, conf=conf: {index: -1, cur=peers:[s11, s13, s12]|listeners:[], old=null}
2024-12-25 19:03:39,269 INFO  server.RaftServer$Division (RaftServerImpl.java:setRole(379)) - s11@group-BDA5E59D7A17: changes role from      null to FOLLOWER at term 0 for startAsFollower
2024-12-25 19:03:39,269 INFO  impl.RoleInfo (RoleInfo.java:updateAndGet(148)) - s11: start s11@group-BDA5E59D7A17-FollowerState
2024-12-25 19:03:39,269 INFO  util.JmxRegister (JmxRegister.java:tryRegister(44)) - Successfully registered JMX Bean with object name Ratis:service=RaftServer,group=group-BDA5E59D7A17,id=s11
2024-12-25 19:03:39,269 INFO  util.JmxRegister (JmxRegister.java:register(58)) - register mxBean class org.apache.ratis.server.impl.RaftServerJmxAdapter as Ratis:service=RaftServer,group=group-BDA5E59D7A17,id=s11
2024-12-25 19:03:39,270 INFO  server.RaftServerConfigKeys (ConfUtils.java:logGet(46)) - raft.server.snapshot.trigger-when-stop.enabled = true (default)
2024-12-25 19:03:39,270 INFO  server.RaftServerConfigKeys (ConfUtils.java:logGet(46)) - raft.server.snapshot.trigger-when-remove.enabled = true (default)
2024-12-25 19:03:39,270 INFO  server.RaftServerConfigKeys (ConfUtils.java:logGet(46)) - raft.server.snapshot.auto.trigger.enabled = false (default)
2024-12-25 19:03:39,270 INFO  server.RaftServerConfigKeys (ConfUtils.java:logGet(46)) - raft.server.snapshot.retention.file.num = -1 (default)
2024-12-25 19:03:39,270 INFO  server.RaftServerConfigKeys (ConfUtils.java:logGet(46)) - raft.server.log.purge.upto.snapshot.index = false (default)
2024-12-25 19:03:39,270 INFO  server.RaftServer$Division (RaftServerImpl.java:start(406)) - s11@group-BDA5E59D7A17: Successfully started.
2024-12-25 19:03:39,270 INFO  server.RaftServerConfigKeys (ConfUtils.java:logFallback(53)) - raft.server.rpc.first-election.timeout.min = 300ms (fallback to raft.server.rpc.timeout.min)
2024-12-25 19:03:39,271 INFO  server.RaftServerConfigKeys (ConfUtils.java:logFallback(53)) - raft.server.rpc.first-election.timeout.max = 600ms (fallback to raft.server.rpc.timeout.max)
2024-12-25 19:03:39,273 INFO  server.RaftServer (RaftServerProxy.java:addNew(101)) - s12: addNew group-BDA5E59D7A17:[s11, s13, s12] returns group-BDA5E59D7A17:java.util.concurrent.CompletableFuture@52fc6c69[Not completed]
2024-12-25 19:03:39,273 INFO  server.RaftServer$Division (RaftServerImpl.java:<init>(256)) - s12: new RaftServerImpl for group-BDA5E59D7A17:[s11, s13, s12] with ArithmeticStateMachine:uninitialized
2024-12-25 19:03:39,274 INFO  server.RaftServerConfigKeys (ConfUtils.java:logGet(46)) - raft.server.rpc.timeout.min = 300ms (custom)
2024-12-25 19:03:39,274 INFO  server.RaftServerConfigKeys (ConfUtils.java:logGet(46)) - raft.server.rpc.timeout.max = 600ms (custom)
2024-12-25 19:03:39,274 INFO  server.RaftServerConfigKeys (ConfUtils.java:logGet(46)) - raft.server.rpc.sleep.time = 25ms (default)
2024-12-25 19:03:39,274 INFO  server.RaftServerConfigKeys (ConfUtils.java:logGet(46)) - raft.server.rpc.slowness.timeout = 60s (default)
2024-12-25 19:03:39,274 INFO  server.RaftServerConfigKeys (ConfUtils.java:logGet(46)) - raft.server.leaderelection.leader.step-down.wait-time = 10s (default)
2024-12-25 19:03:39,274 INFO  server.RaftServerConfigKeys (ConfUtils.java:logGet(46)) - raft.server.leaderelection.member.majority-add = false (default)
2024-12-25 19:03:39,274 INFO  server.RaftServerConfigKeys (ConfUtils.java:logGet(46)) - raft.server.sleep.deviation.threshold = 300ms (default)
2024-12-25 19:03:39,274 INFO  server.RaftServer$Division (ServerState.java:<init>(114)) - s12@group-BDA5E59D7A17: ConfigurationManager, init=conf: {index: -1, cur=peers:[s11, s13, s12]|listeners:[], old=null}, confs=<EMPTY_MAP>
2024-12-25 19:03:39,274 INFO  server.RaftServerConfigKeys (ConfUtils.java:logGet(46)) - raft.server.notification.no-leader.timeout = 60s (default)
2024-12-25 19:03:39,274 INFO  server.RaftServerConfigKeys (ConfUtils.java:logGet(46)) - raft.server.read.timeout = 10s (default)
2024-12-25 19:03:39,274 INFO  server.RaftServerConfigKeys (ConfUtils.java:logGet(46)) - raft.server.retrycache.expirytime = 60s (default)
2024-12-25 19:03:39,274 INFO  server.RaftServerConfigKeys (ConfUtils.java:logGet(46)) - raft.server.retrycache.statistics.expirytime = 100ms (default)
2024-12-25 19:03:39,274 INFO  server.RaftServerConfigKeys (ConfUtils.java:logGet(46)) - raft.server.read.option = DEFAULT (default)
2024-12-25 19:03:39,275 INFO  server.RaftServerConfigKeys (ConfUtils.java:logGet(46)) - raft.server.read.read-after-write-consistent.write-index-cache.expiry-time = 60s (default)
2024-12-25 19:03:39,275 INFO  server.RaftServerConfigKeys (ConfUtils.java:logGet(46)) - raft.server.rpc.request.timeout = 3000ms (default)
2024-12-25 19:03:39,275 INFO  server.RaftServerConfigKeys (ConfUtils.java:logGet(46)) - raft.server.log.appender.install.snapshot.enabled = true (default)
2024-12-25 19:03:39,276 INFO  server.RaftServerConfigKeys (ConfUtils.java:logGet(46)) - raft.server.threadpool.server.cached = true (default)
2024-12-25 19:03:39,276 INFO  server.RaftServerConfigKeys (ConfUtils.java:logGet(46)) - raft.server.threadpool.server.size = 0 (default)
2024-12-25 19:03:39,276 INFO  server.RaftServerConfigKeys (ConfUtils.java:logGet(46)) - raft.server.threadpool.client.cached = true (default)
2024-12-25 19:03:39,276 INFO  server.RaftServerConfigKeys (ConfUtils.java:logGet(46)) - raft.server.threadpool.client.size = 0 (default)
2024-12-25 19:03:39,276 INFO  server.RaftServerConfigKeys (ConfUtils.java:logGet(46)) - raft.server.storage.free-space.min = 0MB (=0) (default)
2024-12-25 19:03:39,276 INFO  server.RaftServerConfigKeys (ConfUtils.java:logGet(46)) - raft.server.log.corruption.policy = EXCEPTION (default)
2024-12-25 19:03:39,276 INFO  server.RaftServerConfigKeys (ConfUtils.java:logGet(46)) - raft.server.storage.dir = [/home/runner/work/ratis/ratis/ratis-examples/target/test/data/6cc16ceb/MiniRaftClusterWithSimulatedRpc6b18c296/s12] (custom)
2024-12-25 19:03:39,276 INFO  storage.RaftStorageDirectory (RaftStorageDirectoryImpl.java:analyzeStorage(138)) - The storage directory /home/runner/work/ratis/ratis/ratis-examples/target/test/data/6cc16ceb/MiniRaftClusterWithSimulatedRpc6b18c296/s12/72d3493e-e61a-48e9-b0da-bda5e59d7a17 does not exist. Creating ...
2024-12-25 19:03:39,277 TRACE util.FileUtils (LogUtils.java:runAndLog(49)) - Successfully ran Files.createDirectories /home/runner/work/ratis/ratis/ratis-examples/target/test/data/6cc16ceb/MiniRaftClusterWithSimulatedRpc6b18c296/s12/72d3493e-e61a-48e9-b0da-bda5e59d7a17
2024-12-25 19:03:39,278 INFO  storage.RaftStorageDirectory (RaftStorageDirectoryImpl.java:tryLock(229)) - Lock on /home/runner/work/ratis/ratis/ratis-examples/target/test/data/6cc16ceb/MiniRaftClusterWithSimulatedRpc6b18c296/s12/72d3493e-e61a-48e9-b0da-bda5e59d7a17/in_use.lock acquired by nodename 14827@fv-az835-686.uia40oc12eqezaqrhfktyfhufg.ex.internal.cloudapp.net
2024-12-25 19:03:39,278 TRACE util.FileUtils (LogUtils.java:runAndLog(49)) - Successfully ran Files.createDirectories /home/runner/work/ratis/ratis/ratis-examples/target/test/data/6cc16ceb/MiniRaftClusterWithSimulatedRpc6b18c296/s12/72d3493e-e61a-48e9-b0da-bda5e59d7a17/current
2024-12-25 19:03:39,278 TRACE util.FileUtils (LogUtils.java:runAndLog(49)) - Successfully ran Files.createDirectories /home/runner/work/ratis/ratis/ratis-examples/target/test/data/6cc16ceb/MiniRaftClusterWithSimulatedRpc6b18c296/s12/72d3493e-e61a-48e9-b0da-bda5e59d7a17/sm
2024-12-25 19:03:39,278 TRACE util.FileUtils (LogUtils.java:supplyAndLog(69)) - Successfully supplied FileChannel.open /home/runner/work/ratis/ratis/ratis-examples/target/test/data/6cc16ceb/MiniRaftClusterWithSimulatedRpc6b18c296/s12/72d3493e-e61a-48e9-b0da-bda5e59d7a17/current/raft-meta.tmp with options [CREATE, WRITE]: sun.nio.ch.FileChannelImpl@81604ac
2024-12-25 19:03:39,281 TRACE util.FileUtils (LogUtils.java:runAndLog(49)) - Successfully ran Atomic Files.move /home/runner/work/ratis/ratis/ratis-examples/target/test/data/6cc16ceb/MiniRaftClusterWithSimulatedRpc6b18c296/s12/72d3493e-e61a-48e9-b0da-bda5e59d7a17/current/raft-meta.tmp to /home/runner/work/ratis/ratis/ratis-examples/target/test/data/6cc16ceb/MiniRaftClusterWithSimulatedRpc6b18c296/s12/72d3493e-e61a-48e9-b0da-bda5e59d7a17/current/raft-meta with options [REPLACE_EXISTING]
2024-12-25 19:03:39,281 INFO  storage.RaftStorage (RaftStorageImpl.java:format(98)) - Storage directory /home/runner/work/ratis/ratis/ratis-examples/target/test/data/6cc16ceb/MiniRaftClusterWithSimulatedRpc6b18c296/s12/72d3493e-e61a-48e9-b0da-bda5e59d7a17 has been successfully formatted.
2024-12-25 19:03:39,282 WARN  statemachine.StateMachine (ArithmeticStateMachine.java:loadSnapshot(115)) - The snapshot info is null.
2024-12-25 19:03:39,282 INFO  server.RaftServerConfigKeys (ConfUtils.java:logGet(46)) - raft.server.log.use.memory = false (default)
2024-12-25 19:03:39,282 INFO  server.RaftServerConfigKeys (ConfUtils.java:logGet(46)) - raft.server.log.purge.gap = 1024 (default)
2024-12-25 19:03:39,282 INFO  server.RaftServerConfigKeys (ConfUtils.java:logGet(46)) - raft.server.log.appender.buffer.byte-limit = 4MB (=4194304) (default)
2024-12-25 19:03:39,282 INFO  server.RaftServerConfigKeys (ConfUtils.java:logGet(46)) - raft.server.log.statemachine.data.read.timeout = 1000ms (default)
2024-12-25 19:03:39,282 INFO  server.RaftServerConfigKeys (ConfUtils.java:logGet(46)) - raft.server.log.purge.preservation.log.num = 0 (default)
2024-12-25 19:03:39,282 INFO  server.RaftServerConfigKeys (ConfUtils.java:logGet(46)) - raft.server.log.segment.size.max = 32MB (=33554432) (default)
2024-12-25 19:03:39,282 INFO  server.RaftServerConfigKeys (ConfUtils.java:logGet(46)) - raft.server.log.segment.cache.num.max = 6 (default)
2024-12-25 19:03:39,283 INFO  server.RaftServerConfigKeys (ConfUtils.java:logGet(46)) - raft.server.log.segment.cache.size.max = 200MB (=209715200) (default)
2024-12-25 19:03:39,283 INFO  server.RaftServerConfigKeys (ConfUtils.java:logGet(46)) - raft.server.log.appender.buffer.byte-limit = 4MB (=4194304) (default)
2024-12-25 19:03:39,283 INFO  util.AwaitToRun (AwaitToRun.java:start(81)) - Thread[s12@group-BDA5E59D7A17-cacheEviction-AwaitToRun,5,main] started
2024-12-25 19:03:39,283 INFO  segmented.SegmentedRaftLogWorker (SegmentedRaftLogWorker.java:<init>(189)) - new s12@group-BDA5E59D7A17-SegmentedRaftLogWorker for RaftStorageImpl:Storage Directory /home/runner/work/ratis/ratis/ratis-examples/target/test/data/6cc16ceb/MiniRaftClusterWithSimulatedRpc6b18c296/s12/72d3493e-e61a-48e9-b0da-bda5e59d7a17
2024-12-25 19:03:39,283 INFO  server.RaftServerConfigKeys (ConfUtils.java:logGet(46)) - raft.server.log.queue.byte-limit = 64MB (=67108864) (default)
2024-12-25 19:03:39,283 INFO  server.RaftServerConfigKeys (ConfUtils.java:logGet(46)) - raft.server.log.queue.element-limit = 4096 (default)
2024-12-25 19:03:39,283 INFO  server.RaftServerConfigKeys (ConfUtils.java:logGet(46)) - raft.server.log.segment.size.max = 32MB (=33554432) (default)
2024-12-25 19:03:39,283 INFO  server.RaftServerConfigKeys (ConfUtils.java:logGet(46)) - raft.server.log.preallocated.size = 4MB (=4194304) (default)
2024-12-25 19:03:39,283 INFO  server.RaftServerConfigKeys (ConfUtils.java:logGet(46)) - raft.server.log.force.sync.num = 128 (default)
2024-12-25 19:03:39,283 INFO  server.RaftServerConfigKeys (ConfUtils.java:logGet(46)) - raft.server.log.statemachine.data.sync = true (default)
2024-12-25 19:03:39,283 INFO  server.RaftServerConfigKeys (ConfUtils.java:logGet(46)) - raft.server.log.statemachine.data.sync.timeout = 10s (default)
2024-12-25 19:03:39,283 INFO  server.RaftServerConfigKeys (ConfUtils.java:logGet(46)) - raft.server.log.statemachine.data.sync.timeout.retry = -1 (default)
2024-12-25 19:03:39,284 INFO  server.RaftServerConfigKeys (ConfUtils.java:logGet(46)) - raft.server.log.write.buffer.size = 8MB (=8388608) (default)
2024-12-25 19:03:39,286 INFO  server.RaftServerConfigKeys (ConfUtils.java:logGet(46)) - raft.server.log.appender.buffer.byte-limit = 4MB (=4194304) (default)
2024-12-25 19:03:39,286 INFO  server.RaftServerConfigKeys (ConfUtils.java:logGet(46)) - raft.server.log.unsafe-flush.enabled = false (default)
2024-12-25 19:03:39,286 INFO  server.RaftServerConfigKeys (ConfUtils.java:logGet(46)) - raft.server.log.async-flush.enabled = false (default)
2024-12-25 19:03:39,286 INFO  server.RaftServerConfigKeys (ConfUtils.java:logGet(46)) - raft.server.log.statemachine.data.caching.enabled = false (default)
2024-12-25 19:03:39,286 INFO  segmented.SegmentedRaftLogWorker (SegmentedRaftLogWorker.java:lambda$new$0(140)) - s12@group-BDA5E59D7A17-SegmentedRaftLogWorker: flushIndex: setUnconditionally 0 -> -1
2024-12-25 19:03:39,286 INFO  segmented.SegmentedRaftLogWorker (SegmentedRaftLogWorker.java:lambda$new$0(140)) - s12@group-BDA5E59D7A17-SegmentedRaftLogWorker: safeCacheEvictIndex: setUnconditionally 0 -> -1
2024-12-25 19:03:39,286 INFO  server.RaftServer$Division (RaftServerImpl.java:start(392)) - s12@group-BDA5E59D7A17: start as a follower, conf=conf: {index: -1, cur=peers:[s11, s13, s12]|listeners:[], old=null}
2024-12-25 19:03:39,286 INFO  server.RaftServer$Division (RaftServerImpl.java:setRole(379)) - s12@group-BDA5E59D7A17: changes role from      null to FOLLOWER at term 0 for startAsFollower
2024-12-25 19:03:39,286 INFO  impl.RoleInfo (RoleInfo.java:updateAndGet(148)) - s12: start s12@group-BDA5E59D7A17-FollowerState
2024-12-25 19:03:39,287 INFO  util.JmxRegister (JmxRegister.java:tryRegister(44)) - Successfully registered JMX Bean with object name Ratis:service=RaftServer,group=group-BDA5E59D7A17,id=s12
2024-12-25 19:03:39,287 INFO  util.JmxRegister (JmxRegister.java:register(58)) - register mxBean class org.apache.ratis.server.impl.RaftServerJmxAdapter as Ratis:service=RaftServer,group=group-BDA5E59D7A17,id=s12
2024-12-25 19:03:39,287 INFO  server.RaftServerConfigKeys (ConfUtils.java:logGet(46)) - raft.server.snapshot.trigger-when-stop.enabled = true (default)
2024-12-25 19:03:39,287 INFO  server.RaftServerConfigKeys (ConfUtils.java:logGet(46)) - raft.server.snapshot.trigger-when-remove.enabled = true (default)
2024-12-25 19:03:39,287 INFO  server.RaftServerConfigKeys (ConfUtils.java:logGet(46)) - raft.server.snapshot.auto.trigger.enabled = false (default)
2024-12-25 19:03:39,287 INFO  server.RaftServerConfigKeys (ConfUtils.java:logGet(46)) - raft.server.snapshot.retention.file.num = -1 (default)
2024-12-25 19:03:39,287 INFO  server.RaftServerConfigKeys (ConfUtils.java:logGet(46)) - raft.server.log.purge.upto.snapshot.index = false (default)
2024-12-25 19:03:39,287 INFO  server.RaftServerConfigKeys (ConfUtils.java:logFallback(53)) - raft.server.rpc.first-election.timeout.min = 300ms (fallback to raft.server.rpc.timeout.min)
2024-12-25 19:03:39,287 INFO  server.RaftServerConfigKeys (ConfUtils.java:logFallback(53)) - raft.server.rpc.first-election.timeout.max = 600ms (fallback to raft.server.rpc.timeout.max)
2024-12-25 19:03:39,288 INFO  server.RaftServer$Division (RaftServerImpl.java:start(406)) - s12@group-BDA5E59D7A17: Successfully started.
2024-12-25 19:03:39,288 INFO  server.RaftServer (RaftServerProxy.java:addNew(101)) - s13: addNew group-BDA5E59D7A17:[s11, s13, s12] returns group-BDA5E59D7A17:java.util.concurrent.CompletableFuture@9d57ffc[Not completed]
2024-12-25 19:03:39,289 INFO  server.RaftServer$Division (RaftServerImpl.java:<init>(256)) - s13: new RaftServerImpl for group-BDA5E59D7A17:[s11, s13, s12] with ArithmeticStateMachine:uninitialized
2024-12-25 19:03:39,289 INFO  server.RaftServerConfigKeys (ConfUtils.java:logGet(46)) - raft.server.rpc.timeout.min = 300ms (custom)
2024-12-25 19:03:39,289 INFO  server.RaftServerConfigKeys (ConfUtils.java:logGet(46)) - raft.server.rpc.timeout.max = 600ms (custom)
2024-12-25 19:03:39,289 INFO  server.RaftServerConfigKeys (ConfUtils.java:logGet(46)) - raft.server.rpc.sleep.time = 25ms (default)
2024-12-25 19:03:39,289 INFO  server.RaftServerConfigKeys (ConfUtils.java:logGet(46)) - raft.server.rpc.slowness.timeout = 60s (default)
2024-12-25 19:03:39,289 INFO  server.RaftServerConfigKeys (ConfUtils.java:logGet(46)) - raft.server.leaderelection.leader.step-down.wait-time = 10s (default)
2024-12-25 19:03:39,289 INFO  server.RaftServerConfigKeys (ConfUtils.java:logGet(46)) - raft.server.leaderelection.member.majority-add = false (default)
2024-12-25 19:03:39,289 INFO  server.RaftServerConfigKeys (ConfUtils.java:logGet(46)) - raft.server.sleep.deviation.threshold = 300ms (default)
2024-12-25 19:03:39,289 INFO  server.RaftServer$Division (ServerState.java:<init>(114)) - s13@group-BDA5E59D7A17: ConfigurationManager, init=conf: {index: -1, cur=peers:[s11, s13, s12]|listeners:[], old=null}, confs=<EMPTY_MAP>
2024-12-25 19:03:39,289 INFO  server.RaftServerConfigKeys (ConfUtils.java:logGet(46)) - raft.server.notification.no-leader.timeout = 60s (default)
2024-12-25 19:03:39,289 INFO  server.RaftServerConfigKeys (ConfUtils.java:logGet(46)) - raft.server.read.timeout = 10s (default)
2024-12-25 19:03:39,290 INFO  server.RaftServerConfigKeys (ConfUtils.java:logGet(46)) - raft.server.retrycache.expirytime = 60s (default)
2024-12-25 19:03:39,290 INFO  server.RaftServerConfigKeys (ConfUtils.java:logGet(46)) - raft.server.retrycache.statistics.expirytime = 100ms (default)
2024-12-25 19:03:39,290 INFO  server.RaftServerConfigKeys (ConfUtils.java:logGet(46)) - raft.server.read.option = DEFAULT (default)
2024-12-25 19:03:39,290 INFO  server.RaftServerConfigKeys (ConfUtils.java:logGet(46)) - raft.server.read.read-after-write-consistent.write-index-cache.expiry-time = 60s (default)
2024-12-25 19:03:39,291 INFO  server.RaftServerConfigKeys (ConfUtils.java:logGet(46)) - raft.server.rpc.request.timeout = 3000ms (default)
2024-12-25 19:03:39,291 INFO  server.RaftServerConfigKeys (ConfUtils.java:logGet(46)) - raft.server.log.appender.install.snapshot.enabled = true (default)
2024-12-25 19:03:39,291 INFO  server.RaftServerConfigKeys (ConfUtils.java:logGet(46)) - raft.server.threadpool.server.cached = true (default)
2024-12-25 19:03:39,291 INFO  server.RaftServerConfigKeys (ConfUtils.java:logGet(46)) - raft.server.threadpool.server.size = 0 (default)
2024-12-25 19:03:39,291 INFO  server.RaftServerConfigKeys (ConfUtils.java:logGet(46)) - raft.server.threadpool.client.cached = true (default)
2024-12-25 19:03:39,291 INFO  server.RaftServerConfigKeys (ConfUtils.java:logGet(46)) - raft.server.threadpool.client.size = 0 (default)
2024-12-25 19:03:39,291 INFO  server.RaftServerConfigKeys (ConfUtils.java:logGet(46)) - raft.server.storage.free-space.min = 0MB (=0) (default)
2024-12-25 19:03:39,291 INFO  server.RaftServerConfigKeys (ConfUtils.java:logGet(46)) - raft.server.log.corruption.policy = EXCEPTION (default)
2024-12-25 19:03:39,291 INFO  server.RaftServerConfigKeys (ConfUtils.java:logGet(46)) - raft.server.storage.dir = [/home/runner/work/ratis/ratis/ratis-examples/target/test/data/6cc16ceb/MiniRaftClusterWithSimulatedRpc6b18c296/s13] (custom)
2024-12-25 19:03:39,291 INFO  storage.RaftStorageDirectory (RaftStorageDirectoryImpl.java:analyzeStorage(138)) - The storage directory /home/runner/work/ratis/ratis/ratis-examples/target/test/data/6cc16ceb/MiniRaftClusterWithSimulatedRpc6b18c296/s13/72d3493e-e61a-48e9-b0da-bda5e59d7a17 does not exist. Creating ...
2024-12-25 19:03:39,292 TRACE util.FileUtils (LogUtils.java:runAndLog(49)) - Successfully ran Files.createDirectories /home/runner/work/ratis/ratis/ratis-examples/target/test/data/6cc16ceb/MiniRaftClusterWithSimulatedRpc6b18c296/s13/72d3493e-e61a-48e9-b0da-bda5e59d7a17
2024-12-25 19:03:39,294 INFO  storage.RaftStorageDirectory (RaftStorageDirectoryImpl.java:tryLock(229)) - Lock on /home/runner/work/ratis/ratis/ratis-examples/target/test/data/6cc16ceb/MiniRaftClusterWithSimulatedRpc6b18c296/s13/72d3493e-e61a-48e9-b0da-bda5e59d7a17/in_use.lock acquired by nodename 14827@fv-az835-686.uia40oc12eqezaqrhfktyfhufg.ex.internal.cloudapp.net
2024-12-25 19:03:39,294 TRACE util.FileUtils (LogUtils.java:runAndLog(49)) - Successfully ran Files.createDirectories /home/runner/work/ratis/ratis/ratis-examples/target/test/data/6cc16ceb/MiniRaftClusterWithSimulatedRpc6b18c296/s13/72d3493e-e61a-48e9-b0da-bda5e59d7a17/current
2024-12-25 19:03:39,294 TRACE util.FileUtils (LogUtils.java:runAndLog(49)) - Successfully ran Files.createDirectories /home/runner/work/ratis/ratis/ratis-examples/target/test/data/6cc16ceb/MiniRaftClusterWithSimulatedRpc6b18c296/s13/72d3493e-e61a-48e9-b0da-bda5e59d7a17/sm
2024-12-25 19:03:39,294 TRACE util.FileUtils (LogUtils.java:supplyAndLog(69)) - Successfully supplied FileChannel.open /home/runner/work/ratis/ratis/ratis-examples/target/test/data/6cc16ceb/MiniRaftClusterWithSimulatedRpc6b18c296/s13/72d3493e-e61a-48e9-b0da-bda5e59d7a17/current/raft-meta.tmp with options [CREATE, WRITE]: sun.nio.ch.FileChannelImpl@28c84eb0
2024-12-25 19:03:39,295 TRACE util.FileUtils (LogUtils.java:runAndLog(49)) - Successfully ran Atomic Files.move /home/runner/work/ratis/ratis/ratis-examples/target/test/data/6cc16ceb/MiniRaftClusterWithSimulatedRpc6b18c296/s13/72d3493e-e61a-48e9-b0da-bda5e59d7a17/current/raft-meta.tmp to /home/runner/work/ratis/ratis/ratis-examples/target/test/data/6cc16ceb/MiniRaftClusterWithSimulatedRpc6b18c296/s13/72d3493e-e61a-48e9-b0da-bda5e59d7a17/current/raft-meta with options [REPLACE_EXISTING]
2024-12-25 19:03:39,295 INFO  storage.RaftStorage (RaftStorageImpl.java:format(98)) - Storage directory /home/runner/work/ratis/ratis/ratis-examples/target/test/data/6cc16ceb/MiniRaftClusterWithSimulatedRpc6b18c296/s13/72d3493e-e61a-48e9-b0da-bda5e59d7a17 has been successfully formatted.
2024-12-25 19:03:39,295 WARN  statemachine.StateMachine (ArithmeticStateMachine.java:loadSnapshot(115)) - The snapshot info is null.
2024-12-25 19:03:39,295 INFO  server.RaftServerConfigKeys (ConfUtils.java:logGet(46)) - raft.server.log.use.memory = false (default)
2024-12-25 19:03:39,296 INFO  server.RaftServerConfigKeys (ConfUtils.java:logGet(46)) - raft.server.log.purge.gap = 1024 (default)
2024-12-25 19:03:39,296 INFO  server.RaftServerConfigKeys (ConfUtils.java:logGet(46)) - raft.server.log.appender.buffer.byte-limit = 4MB (=4194304) (default)
2024-12-25 19:03:39,296 INFO  server.RaftServerConfigKeys (ConfUtils.java:logGet(46)) - raft.server.log.statemachine.data.read.timeout = 1000ms (default)
2024-12-25 19:03:39,296 INFO  server.RaftServerConfigKeys (ConfUtils.java:logGet(46)) - raft.server.log.purge.preservation.log.num = 0 (default)
2024-12-25 19:03:39,296 INFO  server.RaftServerConfigKeys (ConfUtils.java:logGet(46)) - raft.server.log.segment.size.max = 32MB (=33554432) (default)
2024-12-25 19:03:39,296 INFO  server.RaftServerConfigKeys (ConfUtils.java:logGet(46)) - raft.server.log.segment.cache.num.max = 6 (default)
2024-12-25 19:03:39,296 INFO  server.RaftServerConfigKeys (ConfUtils.java:logGet(46)) - raft.server.log.segment.cache.size.max = 200MB (=209715200) (default)
2024-12-25 19:03:39,296 INFO  server.RaftServerConfigKeys (ConfUtils.java:logGet(46)) - raft.server.log.appender.buffer.byte-limit = 4MB (=4194304) (default)
2024-12-25 19:03:39,297 INFO  util.AwaitToRun (AwaitToRun.java:start(81)) - Thread[s13@group-BDA5E59D7A17-cacheEviction-AwaitToRun,5,main] started
2024-12-25 19:03:39,297 INFO  segmented.SegmentedRaftLogWorker (SegmentedRaftLogWorker.java:<init>(189)) - new s13@group-BDA5E59D7A17-SegmentedRaftLogWorker for RaftStorageImpl:Storage Directory /home/runner/work/ratis/ratis/ratis-examples/target/test/data/6cc16ceb/MiniRaftClusterWithSimulatedRpc6b18c296/s13/72d3493e-e61a-48e9-b0da-bda5e59d7a17
2024-12-25 19:03:39,297 INFO  server.RaftServerConfigKeys (ConfUtils.java:logGet(46)) - raft.server.log.queue.byte-limit = 64MB (=67108864) (default)
2024-12-25 19:03:39,297 INFO  server.RaftServerConfigKeys (ConfUtils.java:logGet(46)) - raft.server.log.queue.element-limit = 4096 (default)
2024-12-25 19:03:39,297 INFO  server.RaftServerConfigKeys (ConfUtils.java:logGet(46)) - raft.server.log.segment.size.max = 32MB (=33554432) (default)
2024-12-25 19:03:39,297 INFO  server.RaftServerConfigKeys (ConfUtils.java:logGet(46)) - raft.server.log.preallocated.size = 4MB (=4194304) (default)
2024-12-25 19:03:39,297 INFO  server.RaftServerConfigKeys (ConfUtils.java:logGet(46)) - raft.server.log.force.sync.num = 128 (default)
2024-12-25 19:03:39,297 INFO  server.RaftServerConfigKeys (ConfUtils.java:logGet(46)) - raft.server.log.statemachine.data.sync = true (default)
2024-12-25 19:03:39,297 INFO  server.RaftServerConfigKeys (ConfUtils.java:logGet(46)) - raft.server.log.statemachine.data.sync.timeout = 10s (default)
2024-12-25 19:03:39,298 INFO  server.RaftServerConfigKeys (ConfUtils.java:logGet(46)) - raft.server.log.statemachine.data.sync.timeout.retry = -1 (default)
2024-12-25 19:03:39,298 INFO  server.RaftServerConfigKeys (ConfUtils.java:logGet(46)) - raft.server.log.write.buffer.size = 8MB (=8388608) (default)
2024-12-25 19:03:39,300 INFO  server.RaftServerConfigKeys (ConfUtils.java:logGet(46)) - raft.server.log.appender.buffer.byte-limit = 4MB (=4194304) (default)
2024-12-25 19:03:39,300 INFO  server.RaftServerConfigKeys (ConfUtils.java:logGet(46)) - raft.server.log.unsafe-flush.enabled = false (default)
2024-12-25 19:03:39,300 INFO  server.RaftServerConfigKeys (ConfUtils.java:logGet(46)) - raft.server.log.async-flush.enabled = false (default)
2024-12-25 19:03:39,300 INFO  server.RaftServerConfigKeys (ConfUtils.java:logGet(46)) - raft.server.log.statemachine.data.caching.enabled = false (default)
2024-12-25 19:03:39,300 INFO  segmented.SegmentedRaftLogWorker (SegmentedRaftLogWorker.java:lambda$new$0(140)) - s13@group-BDA5E59D7A17-SegmentedRaftLogWorker: flushIndex: setUnconditionally 0 -> -1
2024-12-25 19:03:39,300 INFO  segmented.SegmentedRaftLogWorker (SegmentedRaftLogWorker.java:lambda$new$0(140)) - s13@group-BDA5E59D7A17-SegmentedRaftLogWorker: safeCacheEvictIndex: setUnconditionally 0 -> -1
2024-12-25 19:03:39,300 INFO  server.RaftServer$Division (RaftServerImpl.java:start(392)) - s13@group-BDA5E59D7A17: start as a follower, conf=conf: {index: -1, cur=peers:[s11, s13, s12]|listeners:[], old=null}
2024-12-25 19:03:39,300 INFO  server.RaftServer$Division (RaftServerImpl.java:setRole(379)) - s13@group-BDA5E59D7A17: changes role from      null to FOLLOWER at term 0 for startAsFollower
2024-12-25 19:03:39,300 INFO  impl.RoleInfo (RoleInfo.java:updateAndGet(148)) - s13: start s13@group-BDA5E59D7A17-FollowerState
2024-12-25 19:03:39,301 INFO  util.JmxRegister (JmxRegister.java:tryRegister(44)) - Successfully registered JMX Bean with object name Ratis:service=RaftServer,group=group-BDA5E59D7A17,id=s13
2024-12-25 19:03:39,301 INFO  util.JmxRegister (JmxRegister.java:register(58)) - register mxBean class org.apache.ratis.server.impl.RaftServerJmxAdapter as Ratis:service=RaftServer,group=group-BDA5E59D7A17,id=s13
2024-12-25 19:03:39,301 INFO  server.RaftServerConfigKeys (ConfUtils.java:logGet(46)) - raft.server.snapshot.trigger-when-stop.enabled = true (default)
2024-12-25 19:03:39,301 INFO  server.RaftServerConfigKeys (ConfUtils.java:logGet(46)) - raft.server.snapshot.trigger-when-remove.enabled = true (default)
2024-12-25 19:03:39,301 INFO  server.RaftServerConfigKeys (ConfUtils.java:logGet(46)) - raft.server.snapshot.auto.trigger.enabled = false (default)
2024-12-25 19:03:39,301 INFO  server.RaftServerConfigKeys (ConfUtils.java:logGet(46)) - raft.server.snapshot.retention.file.num = -1 (default)
2024-12-25 19:03:39,301 INFO  server.RaftServerConfigKeys (ConfUtils.java:logGet(46)) - raft.server.log.purge.upto.snapshot.index = false (default)
2024-12-25 19:03:39,301 INFO  server.RaftServerConfigKeys (ConfUtils.java:logFallback(53)) - raft.server.rpc.first-election.timeout.min = 300ms (fallback to raft.server.rpc.timeout.min)
2024-12-25 19:03:39,301 INFO  server.RaftServerConfigKeys (ConfUtils.java:logFallback(53)) - raft.server.rpc.first-election.timeout.max = 600ms (fallback to raft.server.rpc.timeout.max)
2024-12-25 19:03:39,302 INFO  server.RaftServer$Division (RaftServerImpl.java:start(406)) - s13@group-BDA5E59D7A17: Successfully started.
2024-12-25 19:03:39,303 INFO  server.RaftServerConfigKeys (ConfUtils.java:logGet(46)) - raft.server.rpc.timeout.max = 600ms (custom)
2024-12-25 19:03:39,304 INFO  ratis.RaftTestUtil (RaftTestUtil.java:waitForLeader(107)) - printing group-BDA5E59D7A17
  s11:  RUNNING [
   FOLLOWER s11@group-6AB839334A82:t0, leader=null, voted=, raftlog=Memoized:s11@group-6AB839334A82-SegmentedRaftLog:OPENED:c-1:lastnull, conf=conf: {index: -1, cur=peers:[]|listeners:[], old=null} STARTING
   FOLLOWER s11@group-BDA5E59D7A17:t0, leader=null, voted=, raftlog=Memoized:s11@group-BDA5E59D7A17-SegmentedRaftLog:OPENED:c-1:lastnull, conf=conf: {index: -1, cur=peers:[s11, s13, s12]|listeners:[], old=null} RUNNING] size=2
  s13:  RUNNING [
   FOLLOWER s13@group-6AB839334A82:t0, leader=null, voted=, raftlog=Memoized:s13@group-6AB839334A82-SegmentedRaftLog:OPENED:c-1:lastnull, conf=conf: {index: -1, cur=peers:[]|listeners:[], old=null} STARTING
   FOLLOWER s13@group-BDA5E59D7A17:t0, leader=null, voted=, raftlog=Memoized:s13@group-BDA5E59D7A17-SegmentedRaftLog:OPENED:c-1:lastnull, conf=conf: {index: -1, cur=peers:[s11, s13, s12]|listeners:[], old=null} RUNNING] size=2
  s12:  RUNNING [
   FOLLOWER s12@group-6AB839334A82:t0, leader=null, voted=, raftlog=Memoized:s12@group-6AB839334A82-SegmentedRaftLog:OPENED:c-1:lastnull, conf=conf: {index: -1, cur=peers:[]|listeners:[], old=null} STARTING
   FOLLOWER s12@group-BDA5E59D7A17:t0, leader=null, voted=, raftlog=Memoized:s12@group-BDA5E59D7A17-SegmentedRaftLog:OPENED:c-1:lastnull, conf=conf: {index: -1, cur=peers:[s11, s13, s12]|listeners:[], old=null} RUNNING] size=2
2024-12-25 19:03:39,305 WARN  ratis.RaftTestUtil (RaftTestUtil.java:lambda$waitForLeader$3(126)) - Attempt #1 failed: java.lang.IllegalStateException: No leader yet  for group-BDA5E59D7A17: printing group-BDA5E59D7A17
  s11:  RUNNING [
   FOLLOWER s11@group-6AB839334A82:t0, leader=null, voted=, raftlog=Memoized:s11@group-6AB839334A82-SegmentedRaftLog:OPENED:c-1:lastnull, conf=conf: {index: -1, cur=peers:[]|listeners:[], old=null} STARTING
   FOLLOWER s11@group-BDA5E59D7A17:t0, leader=null, voted=, raftlog=Memoized:s11@group-BDA5E59D7A17-SegmentedRaftLog:OPENED:c-1:lastnull, conf=conf: {index: -1, cur=peers:[s11, s13, s12]|listeners:[], old=null} RUNNING] size=2
  s13:  RUNNING [
   FOLLOWER s13@group-6AB839334A82:t0, leader=null, voted=, raftlog=Memoized:s13@group-6AB839334A82-SegmentedRaftLog:OPENED:c-1:lastnull, conf=conf: {index: -1, cur=peers:[]|listeners:[], old=null} STARTING
   FOLLOWER s13@group-BDA5E59D7A17:t0, leader=null, voted=, raftlog=Memoized:s13@group-BDA5E59D7A17-SegmentedRaftLog:OPENED:c-1:lastnull, conf=conf: {index: -1, cur=peers:[s11, s13, s12]|listeners:[], old=null} RUNNING] size=2
  s12:  RUNNING [
   FOLLOWER s12@group-6AB839334A82:t0, leader=null, voted=, raftlog=Memoized:s12@group-6AB839334A82-SegmentedRaftLog:OPENED:c-1:lastnull, conf=conf: {index: -1, cur=peers:[]|listeners:[], old=null} STARTING
   FOLLOWER s12@group-BDA5E59D7A17:t0, leader=null, voted=, raftlog=Memoized:s12@group-BDA5E59D7A17-SegmentedRaftLog:OPENED:c-1:lastnull, conf=conf: {index: -1, cur=peers:[s11, s13, s12]|listeners:[], old=null} RUNNING] size=2
2024-12-25 19:03:39,725 INFO  impl.FollowerState (FollowerState.java:runImpl(161)) - s11@group-BDA5E59D7A17-FollowerState: change to CANDIDATE, lastRpcElapsedTime:455706552ns, electionTimeout:454ms
2024-12-25 19:03:39,725 INFO  impl.RoleInfo (RoleInfo.java:shutdownFollowerState(121)) - s11: shutdown s11@group-BDA5E59D7A17-FollowerState
2024-12-25 19:03:39,725 INFO  server.RaftServer$Division (RaftServerImpl.java:setRole(379)) - s11@group-BDA5E59D7A17: changes role from  FOLLOWER to CANDIDATE at term 0 for changeToCandidate
2024-12-25 19:03:39,726 INFO  server.RaftServerConfigKeys (ConfUtils.java:logGet(46)) - raft.server.leaderelection.pre-vote = true (default)
2024-12-25 19:03:39,726 INFO  impl.RoleInfo (RoleInfo.java:updateAndGet(148)) - s11: start s11@group-BDA5E59D7A17-LeaderElection2
2024-12-25 19:03:39,726 INFO  impl.LeaderElection (LeaderElection.java:askForVotes(332)) - s11@group-BDA5E59D7A17-LeaderElection2 PRE_VOTE round 0: submit vote requests at term 0 for conf: {index: -1, cur=peers:[s11, s13, s12]|listeners:[], old=null}
2024-12-25 19:03:39,728 INFO  server.RaftServerConfigKeys (ConfUtils.java:logFallback(53)) - raft.server.rpc.first-election.timeout.min = 300ms (fallback to raft.server.rpc.timeout.min)
2024-12-25 19:03:39,728 INFO  server.RaftServer$Division (RaftServerImpl.java:requestVote(1459)) - s13@group-BDA5E59D7A17: receive requestVote(PRE_VOTE, s11, group-BDA5E59D7A17, 0, (t:0, i:0))
2024-12-25 19:03:39,728 INFO  server.RaftServerConfigKeys (ConfUtils.java:logFallback(53)) - raft.server.rpc.first-election.timeout.max = 600ms (fallback to raft.server.rpc.timeout.max)
2024-12-25 19:03:39,728 INFO  impl.VoteContext (VoteContext.java:log(49)) - s13@group-BDA5E59D7A17-FOLLOWER: accept PRE_VOTE from s11: our priority 0 <= candidate's priority 0
2024-12-25 19:03:39,728 INFO  server.RaftServer$Division (RaftServerImpl.java:requestVote(1493)) - s13@group-BDA5E59D7A17 replies to PRE_VOTE vote request: s11<-s13#0:OK-t0. Peer's state: s13@group-BDA5E59D7A17:t0, leader=null, voted=, raftlog=Memoized:s13@group-BDA5E59D7A17-SegmentedRaftLog:OPENED:c-1:lastnull, conf=conf: {index: -1, cur=peers:[s11, s13, s12]|listeners:[], old=null}
2024-12-25 19:03:39,728 INFO  server.RaftServer$Division (RaftServerImpl.java:requestVote(1459)) - s12@group-BDA5E59D7A17: receive requestVote(PRE_VOTE, s11, group-BDA5E59D7A17, 0, (t:0, i:0))
2024-12-25 19:03:39,728 INFO  impl.LeaderElection (LeaderElection.java:logAndReturn(90)) - s11@group-BDA5E59D7A17-LeaderElection2: PRE_VOTE PASSED received 1 response(s) and 0 exception(s):
2024-12-25 19:03:39,728 INFO  impl.LeaderElection (LeaderElection.java:logAndReturn(94)) -   Response 0: s11<-s13#0:OK-t0
2024-12-25 19:03:39,728 INFO  impl.VoteContext (VoteContext.java:log(49)) - s12@group-BDA5E59D7A17-FOLLOWER: accept PRE_VOTE from s11: our priority 0 <= candidate's priority 0
2024-12-25 19:03:39,728 INFO  impl.LeaderElection (LeaderElection.java:askForVotes(334)) - s11@group-BDA5E59D7A17-LeaderElection2 PRE_VOTE round 0: result PASSED
2024-12-25 19:03:39,729 INFO  server.RaftServer$Division (RaftServerImpl.java:requestVote(1493)) - s12@group-BDA5E59D7A17 replies to PRE_VOTE vote request: s11<-s12#0:OK-t0. Peer's state: s12@group-BDA5E59D7A17:t0, leader=null, voted=, raftlog=Memoized:s12@group-BDA5E59D7A17-SegmentedRaftLog:OPENED:c-1:lastnull, conf=conf: {index: -1, cur=peers:[s11, s13, s12]|listeners:[], old=null}
2024-12-25 19:03:39,729 TRACE util.FileUtils (LogUtils.java:supplyAndLog(69)) - Successfully supplied FileChannel.open /home/runner/work/ratis/ratis/ratis-examples/target/test/data/6cc16ceb/MiniRaftClusterWithSimulatedRpc6b18c296/s11/72d3493e-e61a-48e9-b0da-bda5e59d7a17/current/raft-meta.tmp with options [CREATE, WRITE]: sun.nio.ch.FileChannelImpl@6ed0e726
2024-12-25 19:03:39,730 TRACE util.FileUtils (LogUtils.java:runAndLog(49)) - Successfully ran Atomic Files.move /home/runner/work/ratis/ratis/ratis-examples/target/test/data/6cc16ceb/MiniRaftClusterWithSimulatedRpc6b18c296/s11/72d3493e-e61a-48e9-b0da-bda5e59d7a17/current/raft-meta.tmp to /home/runner/work/ratis/ratis/ratis-examples/target/test/data/6cc16ceb/MiniRaftClusterWithSimulatedRpc6b18c296/s11/72d3493e-e61a-48e9-b0da-bda5e59d7a17/current/raft-meta with options [REPLACE_EXISTING]
2024-12-25 19:03:39,730 INFO  impl.LeaderElection (LeaderElection.java:askForVotes(332)) - s11@group-BDA5E59D7A17-LeaderElection2 ELECTION round 0: submit vote requests at term 1 for conf: {index: -1, cur=peers:[s11, s13, s12]|listeners:[], old=null}
2024-12-25 19:03:39,731 INFO  server.RaftServerConfigKeys (ConfUtils.java:logFallback(53)) - raft.server.rpc.first-election.timeout.min = 300ms (fallback to raft.server.rpc.timeout.min)
2024-12-25 19:03:39,731 INFO  server.RaftServer$Division (RaftServerImpl.java:requestVote(1459)) - s13@group-BDA5E59D7A17: receive requestVote(ELECTION, s11, group-BDA5E59D7A17, 1, (t:0, i:0))
2024-12-25 19:03:39,731 INFO  server.RaftServerConfigKeys (ConfUtils.java:logFallback(53)) - raft.server.rpc.first-election.timeout.max = 600ms (fallback to raft.server.rpc.timeout.max)
2024-12-25 19:03:39,731 INFO  server.RaftServer$Division (RaftServerImpl.java:requestVote(1459)) - s12@group-BDA5E59D7A17: receive requestVote(ELECTION, s11, group-BDA5E59D7A17, 1, (t:0, i:0))
2024-12-25 19:03:39,731 INFO  impl.VoteContext (VoteContext.java:log(49)) - s13@group-BDA5E59D7A17-FOLLOWER: accept ELECTION from s11: our priority 0 <= candidate's priority 0
2024-12-25 19:03:39,732 INFO  impl.VoteContext (VoteContext.java:log(49)) - s12@group-BDA5E59D7A17-FOLLOWER: accept ELECTION from s11: our priority 0 <= candidate's priority 0
2024-12-25 19:03:39,732 INFO  server.RaftServer$Division (RaftServerImpl.java:setRole(379)) - s13@group-BDA5E59D7A17: changes role from  FOLLOWER to FOLLOWER at term 0 for candidate:s11
2024-12-25 19:03:39,732 INFO  impl.RoleInfo (RoleInfo.java:shutdownFollowerState(121)) - s13: shutdown s13@group-BDA5E59D7A17-FollowerState
2024-12-25 19:03:39,732 INFO  server.RaftServer$Division (RaftServerImpl.java:setRole(379)) - s12@group-BDA5E59D7A17: changes role from  FOLLOWER to FOLLOWER at term 0 for candidate:s11
2024-12-25 19:03:39,732 INFO  impl.RoleInfo (RoleInfo.java:shutdownFollowerState(121)) - s12: shutdown s12@group-BDA5E59D7A17-FollowerState
2024-12-25 19:03:39,732 INFO  impl.FollowerState (FollowerState.java:runImpl(170)) - s13@group-BDA5E59D7A17-FollowerState was interrupted
2024-12-25 19:03:39,732 INFO  impl.RoleInfo (RoleInfo.java:updateAndGet(148)) - s12: start s12@group-BDA5E59D7A17-FollowerState
2024-12-25 19:03:39,732 INFO  impl.RoleInfo (RoleInfo.java:updateAndGet(148)) - s13: start s13@group-BDA5E59D7A17-FollowerState
2024-12-25 19:03:39,737 INFO  impl.FollowerState (FollowerState.java:runImpl(170)) - s12@group-BDA5E59D7A17-FollowerState was interrupted
2024-12-25 19:03:39,737 INFO  server.RaftServer$Division (RaftServerImpl.java:setFirstElection(563)) - s13@group-BDA5E59D7A17: set firstElectionSinceStartup to false for candidate:s11
2024-12-25 19:03:39,738 TRACE util.FileUtils (LogUtils.java:supplyAndLog(69)) - Successfully supplied FileChannel.open /home/runner/work/ratis/ratis/ratis-examples/target/test/data/6cc16ceb/MiniRaftClusterWithSimulatedRpc6b18c296/s13/72d3493e-e61a-48e9-b0da-bda5e59d7a17/current/raft-meta.tmp with options [CREATE, WRITE]: sun.nio.ch.FileChannelImpl@3a7a3211
2024-12-25 19:03:39,737 INFO  server.RaftServer$Division (RaftServerImpl.java:setFirstElection(563)) - s12@group-BDA5E59D7A17: set firstElectionSinceStartup to false for candidate:s11
2024-12-25 19:03:39,738 TRACE util.FileUtils (LogUtils.java:supplyAndLog(69)) - Successfully supplied FileChannel.open /home/runner/work/ratis/ratis/ratis-examples/target/test/data/6cc16ceb/MiniRaftClusterWithSimulatedRpc6b18c296/s12/72d3493e-e61a-48e9-b0da-bda5e59d7a17/current/raft-meta.tmp with options [CREATE, WRITE]: sun.nio.ch.FileChannelImpl@4d3157ad
2024-12-25 19:03:39,740 TRACE util.FileUtils (LogUtils.java:runAndLog(49)) - Successfully ran Atomic Files.move /home/runner/work/ratis/ratis/ratis-examples/target/test/data/6cc16ceb/MiniRaftClusterWithSimulatedRpc6b18c296/s13/72d3493e-e61a-48e9-b0da-bda5e59d7a17/current/raft-meta.tmp to /home/runner/work/ratis/ratis/ratis-examples/target/test/data/6cc16ceb/MiniRaftClusterWithSimulatedRpc6b18c296/s13/72d3493e-e61a-48e9-b0da-bda5e59d7a17/current/raft-meta with options [REPLACE_EXISTING]
2024-12-25 19:03:39,740 INFO  server.RaftServer$Division (RaftServerImpl.java:requestVote(1493)) - s13@group-BDA5E59D7A17 replies to ELECTION vote request: s11<-s13#0:OK-t1. Peer's state: s13@group-BDA5E59D7A17:t1, leader=null, voted=s11, raftlog=Memoized:s13@group-BDA5E59D7A17-SegmentedRaftLog:OPENED:c-1:lastnull, conf=conf: {index: -1, cur=peers:[s11, s13, s12]|listeners:[], old=null}
2024-12-25 19:03:39,740 TRACE util.FileUtils (LogUtils.java:runAndLog(49)) - Successfully ran Atomic Files.move /home/runner/work/ratis/ratis/ratis-examples/target/test/data/6cc16ceb/MiniRaftClusterWithSimulatedRpc6b18c296/s12/72d3493e-e61a-48e9-b0da-bda5e59d7a17/current/raft-meta.tmp to /home/runner/work/ratis/ratis/ratis-examples/target/test/data/6cc16ceb/MiniRaftClusterWithSimulatedRpc6b18c296/s12/72d3493e-e61a-48e9-b0da-bda5e59d7a17/current/raft-meta with options [REPLACE_EXISTING]
2024-12-25 19:03:39,740 INFO  server.RaftServer$Division (RaftServerImpl.java:requestVote(1493)) - s12@group-BDA5E59D7A17 replies to ELECTION vote request: s11<-s12#0:OK-t1. Peer's state: s12@group-BDA5E59D7A17:t1, leader=null, voted=s11, raftlog=Memoized:s12@group-BDA5E59D7A17-SegmentedRaftLog:OPENED:c-1:lastnull, conf=conf: {index: -1, cur=peers:[s11, s13, s12]|listeners:[], old=null}
2024-12-25 19:03:39,741 INFO  impl.LeaderElection (LeaderElection.java:logAndReturn(90)) - s11@group-BDA5E59D7A17-LeaderElection2: ELECTION PASSED received 1 response(s) and 0 exception(s):
2024-12-25 19:03:39,741 INFO  impl.LeaderElection (LeaderElection.java:logAndReturn(94)) -   Response 0: s11<-s13#0:OK-t1
2024-12-25 19:03:39,741 INFO  impl.LeaderElection (LeaderElection.java:askForVotes(334)) - s11@group-BDA5E59D7A17-LeaderElection2 ELECTION round 0: result PASSED
2024-12-25 19:03:39,741 INFO  impl.RoleInfo (RoleInfo.java:shutdownLeaderElection(141)) - s11: shutdown s11@group-BDA5E59D7A17-LeaderElection2
2024-12-25 19:03:39,741 INFO  server.RaftServer$Division (RaftServerImpl.java:setRole(379)) - s11@group-BDA5E59D7A17: changes role from CANDIDATE to LEADER at term 1 for changeToLeader
2024-12-25 19:03:39,741 INFO  server.RaftServerConfigKeys (ConfUtils.java:logGet(46)) - raft.server.staging.catchup.gap = 1000 (default)
2024-12-25 19:03:39,741 INFO  server.RaftServerConfigKeys (ConfUtils.java:logGet(46)) - raft.server.write.element-limit = 4096 (default)
2024-12-25 19:03:39,741 INFO  server.RaftServerConfigKeys (ConfUtils.java:logGet(46)) - raft.server.write.byte-limit = 64MB (=67108864) (default)
2024-12-25 19:03:39,741 INFO  server.RaftServerConfigKeys (ConfUtils.java:logGet(46)) - raft.server.watch.timeout = 10s (default)
2024-12-25 19:03:39,742 INFO  server.RaftServerConfigKeys (ConfUtils.java:logGet(46)) - raft.server.watch.timeout.denomination = 1s (default)
2024-12-25 19:03:39,742 INFO  server.RaftServerConfigKeys (ConfUtils.java:logGet(46)) - raft.server.watch.element-limit = 65536 (default)
2024-12-25 19:03:39,743 INFO  server.RaftServerConfigKeys (ConfUtils.java:logGet(46)) - raft.server.read.leader.lease.enabled = false (default)
2024-12-25 19:03:39,743 INFO  server.RaftServerConfigKeys (ConfUtils.java:logGet(46)) - raft.server.read.leader.lease.timeout.ratio = 0.9 (default)
2024-12-25 19:03:39,744 INFO  server.RaftServerConfigKeys (ConfUtils.java:logGet(46)) - raft.server.rpc.timeout.min = 300ms (custom)
2024-12-25 19:03:39,744 INFO  server.RaftServerConfigKeys (ConfUtils.java:logGet(46)) - raft.server.log.log-metadata.enabled = true (default)
2024-12-25 19:03:39,744 INFO  server.RaftServerConfigKeys (ConfUtils.java:logGet(46)) - raft.server.write.element-limit = 4096 (default)
2024-12-25 19:03:39,744 INFO  server.RaftServerConfigKeys (ConfUtils.java:logGet(46)) - raft.server.write.follower.gap.ratio.max = -1.0 (default)
2024-12-25 19:03:39,744 INFO  server.RaftServerConfigKeys (ConfUtils.java:logGet(46)) - raft.server.log.appender.snapshot.chunk.size.max = 16MB (=16777216) (default)
2024-12-25 19:03:39,744 INFO  server.RaftServerConfigKeys (ConfUtils.java:logGet(46)) - raft.server.log.appender.buffer.byte-limit = 4MB (=4194304) (default)
2024-12-25 19:03:39,744 INFO  server.RaftServerConfigKeys (ConfUtils.java:logGet(46)) - raft.server.log.appender.buffer.element-limit = 0 (default)
2024-12-25 19:03:39,745 INFO  server.RaftServerConfigKeys (ConfUtils.java:logGet(46)) - raft.server.log.appender.wait-time.min = 1ms (default)
2024-12-25 19:03:39,745 INFO  server.RaftServerConfigKeys (ConfUtils.java:logGet(46)) - raft.server.log.appender.snapshot.chunk.size.max = 16MB (=16777216) (default)
2024-12-25 19:03:39,745 INFO  server.RaftServerConfigKeys (ConfUtils.java:logGet(46)) - raft.server.log.appender.buffer.byte-limit = 4MB (=4194304) (default)
2024-12-25 19:03:39,745 INFO  server.RaftServerConfigKeys (ConfUtils.java:logGet(46)) - raft.server.log.appender.buffer.element-limit = 0 (default)
2024-12-25 19:03:39,745 INFO  server.RaftServerConfigKeys (ConfUtils.java:logGet(46)) - raft.server.log.appender.wait-time.min = 1ms (default)
2024-12-25 19:03:39,746 INFO  impl.RoleInfo (RoleInfo.java:updateAndGet(148)) - s11: start s11@group-BDA5E59D7A17-LeaderStateImpl
2024-12-25 19:03:39,746 INFO  server.RaftServer$Division (RaftServerImpl.java:setFirstElection(563)) - s11@group-BDA5E59D7A17: set firstElectionSinceStartup to false for becomeLeader
2024-12-25 19:03:39,746 INFO  server.RaftServer$Division (ServerState.java:setLeader(272)) - s11@group-BDA5E59D7A17: change Leader from null to s11 at term 1 for becomeLeader, leader elected after 496ms
2024-12-25 19:03:39,746 INFO  segmented.SegmentedRaftLogWorker (SegmentedRaftLogWorker.java:startLogSegment(443)) - s11@group-BDA5E59D7A17-SegmentedRaftLogWorker: Starting segment from index:0
2024-12-25 19:03:39,746 INFO  server.RaftServer$Division (ServerState.java:setRaftConf(386)) - s11@group-BDA5E59D7A17: set configuration conf: {index: 0, cur=peers:[s11, s13, s12]|listeners:[], old=null}
2024-12-25 19:03:39,753 INFO  segmented.BufferedWriteChannel (BufferedWriteChannel.java:open(61)) - open log_inprogress_0 at position 0
2024-12-25 19:03:39,755 INFO  server.RaftServer$Division (ServerState.java:setLeader(272)) - s13@group-BDA5E59D7A17: change Leader from null to s11 at term 1 for appendEntries, leader elected after 465ms
2024-12-25 19:03:39,762 INFO  server.RaftServer$Division (ServerState.java:setRaftConf(386)) - s13@group-BDA5E59D7A17: set configuration conf: {index: 0, cur=peers:[s11|, s13|, s12|]|listeners:[], old=null}
2024-12-25 19:03:39,762 INFO  segmented.SegmentedRaftLogWorker (SegmentedRaftLogWorker.java:startLogSegment(443)) - s13@group-BDA5E59D7A17-SegmentedRaftLogWorker: Starting segment from index:0
2024-12-25 19:03:39,762 INFO  server.RaftServer$Division (ServerState.java:setLeader(272)) - s12@group-BDA5E59D7A17: change Leader from null to s11 at term 1 for appendEntries, leader elected after 488ms
2024-12-25 19:03:39,763 INFO  segmented.BufferedWriteChannel (BufferedWriteChannel.java:open(61)) - open log_inprogress_0 at position 0
2024-12-25 19:03:39,768 INFO  server.RaftServer$Division (ServerState.java:setRaftConf(386)) - s12@group-BDA5E59D7A17: set configuration conf: {index: 0, cur=peers:[s11|, s13|, s12|]|listeners:[], old=null}
2024-12-25 19:03:39,768 INFO  segmented.SegmentedRaftLogWorker (SegmentedRaftLogWorker.java:startLogSegment(443)) - s12@group-BDA5E59D7A17-SegmentedRaftLogWorker: Starting segment from index:0
2024-12-25 19:03:39,769 INFO  segmented.BufferedWriteChannel (BufferedWriteChannel.java:open(61)) - open log_inprogress_0 at position 0
2024-12-25 19:03:39,774 INFO  segmented.SegmentedRaftLogWorker (SegmentedRaftLogWorker.java:execute(667)) - s11@group-BDA5E59D7A17-SegmentedRaftLogWorker: created new log segment /home/runner/work/ratis/ratis/ratis-examples/target/test/data/6cc16ceb/MiniRaftClusterWithSimulatedRpc6b18c296/s11/72d3493e-e61a-48e9-b0da-bda5e59d7a17/current/log_inprogress_0
2024-12-25 19:03:39,777 INFO  segmented.SegmentedRaftLogWorker (SegmentedRaftLogWorker.java:execute(667)) - s13@group-BDA5E59D7A17-SegmentedRaftLogWorker: created new log segment /home/runner/work/ratis/ratis/ratis-examples/target/test/data/6cc16ceb/MiniRaftClusterWithSimulatedRpc6b18c296/s13/72d3493e-e61a-48e9-b0da-bda5e59d7a17/current/log_inprogress_0
2024-12-25 19:03:39,779 TRACE util.FileUtils (LogUtils.java:supplyAndLog(69)) - Successfully supplied FileChannel.open /home/runner/work/ratis/ratis/ratis-examples/target/test/data/6cc16ceb/MiniRaftClusterWithSimulatedRpc6b18c296/s11/72d3493e-e61a-48e9-b0da-bda5e59d7a17/current/raft-meta.conf.tmp with options [CREATE, WRITE]: sun.nio.ch.FileChannelImpl@4ee2af9e
2024-12-25 19:03:39,781 TRACE util.FileUtils (LogUtils.java:runAndLog(49)) - Successfully ran Atomic Files.move /home/runner/work/ratis/ratis/ratis-examples/target/test/data/6cc16ceb/MiniRaftClusterWithSimulatedRpc6b18c296/s11/72d3493e-e61a-48e9-b0da-bda5e59d7a17/current/raft-meta.conf.tmp to /home/runner/work/ratis/ratis/ratis-examples/target/test/data/6cc16ceb/MiniRaftClusterWithSimulatedRpc6b18c296/s11/72d3493e-e61a-48e9-b0da-bda5e59d7a17/current/raft-meta.conf with options [REPLACE_EXISTING]
2024-12-25 19:03:39,781 INFO  server.RaftServer$Division (LeaderStateImpl.java:checkStartIndex(314)) - Leader s11@group-BDA5E59D7A17-LeaderStateImpl is ready since appliedIndex == startIndex == 0
2024-12-25 19:03:39,782 INFO  segmented.SegmentedRaftLogWorker (SegmentedRaftLogWorker.java:execute(667)) - s12@group-BDA5E59D7A17-SegmentedRaftLogWorker: created new log segment /home/runner/work/ratis/ratis/ratis-examples/target/test/data/6cc16ceb/MiniRaftClusterWithSimulatedRpc6b18c296/s12/72d3493e-e61a-48e9-b0da-bda5e59d7a17/current/log_inprogress_0
2024-12-25 19:03:39,930 TRACE util.FileUtils (LogUtils.java:supplyAndLog(69)) - Successfully supplied FileChannel.open /home/runner/work/ratis/ratis/ratis-examples/target/test/data/6cc16ceb/MiniRaftClusterWithSimulatedRpc6b18c296/s13/72d3493e-e61a-48e9-b0da-bda5e59d7a17/current/raft-meta.conf.tmp with options [CREATE, WRITE]: sun.nio.ch.FileChannelImpl@331c6409
2024-12-25 19:03:39,932 TRACE util.FileUtils (LogUtils.java:runAndLog(49)) - Successfully ran Atomic Files.move /home/runner/work/ratis/ratis/ratis-examples/target/test/data/6cc16ceb/MiniRaftClusterWithSimulatedRpc6b18c296/s13/72d3493e-e61a-48e9-b0da-bda5e59d7a17/current/raft-meta.conf.tmp to /home/runner/work/ratis/ratis/ratis-examples/target/test/data/6cc16ceb/MiniRaftClusterWithSimulatedRpc6b18c296/s13/72d3493e-e61a-48e9-b0da-bda5e59d7a17/current/raft-meta.conf with options [REPLACE_EXISTING]
2024-12-25 19:03:39,935 TRACE util.FileUtils (LogUtils.java:supplyAndLog(69)) - Successfully supplied FileChannel.open /home/runner/work/ratis/ratis/ratis-examples/target/test/data/6cc16ceb/MiniRaftClusterWithSimulatedRpc6b18c296/s12/72d3493e-e61a-48e9-b0da-bda5e59d7a17/current/raft-meta.conf.tmp with options [CREATE, WRITE]: sun.nio.ch.FileChannelImpl@416918f3
2024-12-25 19:03:39,936 TRACE util.FileUtils (LogUtils.java:runAndLog(49)) - Successfully ran Atomic Files.move /home/runner/work/ratis/ratis/ratis-examples/target/test/data/6cc16ceb/MiniRaftClusterWithSimulatedRpc6b18c296/s12/72d3493e-e61a-48e9-b0da-bda5e59d7a17/current/raft-meta.conf.tmp to /home/runner/work/ratis/ratis/ratis-examples/target/test/data/6cc16ceb/MiniRaftClusterWithSimulatedRpc6b18c296/s12/72d3493e-e61a-48e9-b0da-bda5e59d7a17/current/raft-meta.conf with options [REPLACE_EXISTING]
2024-12-25 19:03:40,206 INFO  ratis.RaftTestUtil (RaftTestUtil.java:waitForLeader(131)) - printing group-BDA5E59D7A17
  s11:  RUNNING [
   FOLLOWER s11@group-6AB839334A82:t0, leader=null, voted=, raftlog=Memoized:s11@group-6AB839334A82-SegmentedRaftLog:OPENED:c-1:lastnull, conf=conf: {index: -1, cur=peers:[]|listeners:[], old=null} STARTING
     LEADER s11@group-BDA5E59D7A17:t1, leader=s11, voted=s11, raftlog=Memoized:s11@group-BDA5E59D7A17-SegmentedRaftLog:OPENED:c0:last(t:1, i:0), conf=conf: {index: 0, cur=peers:[s11, s13, s12]|listeners:[], old=null} RUNNING] size=2
  s13:  RUNNING [
   FOLLOWER s13@group-6AB839334A82:t0, leader=null, voted=, raftlog=Memoized:s13@group-6AB839334A82-SegmentedRaftLog:OPENED:c-1:lastnull, conf=conf: {index: -1, cur=peers:[]|listeners:[], old=null} STARTING
   FOLLOWER s13@group-BDA5E59D7A17:t1, leader=s11, voted=s11, raftlog=Memoized:s13@group-BDA5E59D7A17-SegmentedRaftLog:OPENED:c0:last(t:1, i:0), conf=conf: {index: 0, cur=peers:[s11|, s13|, s12|]|listeners:[], old=null} RUNNING] size=2
  s12:  RUNNING [
   FOLLOWER s12@group-6AB839334A82:t0, leader=null, voted=, raftlog=Memoized:s12@group-6AB839334A82-SegmentedRaftLog:OPENED:c-1:lastnull, conf=conf: {index: -1, cur=peers:[]|listeners:[], old=null} STARTING
   FOLLOWER s12@group-BDA5E59D7A17:t1, leader=s11, voted=s11, raftlog=Memoized:s12@group-BDA5E59D7A17-SegmentedRaftLog:OPENED:c0:last(t:1, i:0), conf=conf: {index: 0, cur=peers:[s11|, s13|, s12|]|listeners:[], old=null} RUNNING] size=2
2024-12-25 19:03:40,209 INFO  statemachine.StateMachine (ArithmeticStateMachine.java:applyTransaction(181)) - LEADER:s11-1: a = 23 = 23
2024-12-25 19:03:40,212 INFO  statemachine.StateMachine (ArithmeticStateMachine.java:applyTransaction(181)) - LEADER:s11-3: b = 264 = 264
2024-12-25 19:03:40,215 INFO  statemachine.StateMachine (ArithmeticStateMachine.java:applyTransaction(181)) - LEADER:s11-5: c = √(a^2 + b^2) = 265
2024-12-25 19:03:40,218 INFO  statemachine.StateMachine (ArithmeticStateMachine.java:applyTransaction(181)) - LEADER:s11-7: a = null = null
2024-12-25 19:03:40,221 INFO  statemachine.StateMachine (ArithmeticStateMachine.java:applyTransaction(181)) - LEADER:s11-9: b = null = null
2024-12-25 19:03:40,223 INFO  statemachine.StateMachine (ArithmeticStateMachine.java:applyTransaction(181)) - LEADER:s11-11: c = null = null
2024-12-25 19:03:40,226 INFO  statemachine.StateMachine (ArithmeticStateMachine.java:applyTransaction(181)) - LEADER:s11-13: a = 25 = 25
2024-12-25 19:03:40,228 INFO  statemachine.StateMachine (ArithmeticStateMachine.java:applyTransaction(181)) - LEADER:s11-15: b = 312 = 312
2024-12-25 19:03:40,232 INFO  statemachine.StateMachine (ArithmeticStateMachine.java:applyTransaction(181)) - LEADER:s11-17: c = √(a^2 + b^2) = 313
2024-12-25 19:03:40,234 INFO  statemachine.StateMachine (ArithmeticStateMachine.java:applyTransaction(181)) - LEADER:s11-19: a = null = null
2024-12-25 19:03:40,236 INFO  statemachine.StateMachine (ArithmeticStateMachine.java:applyTransaction(181)) - LEADER:s11-21: b = null = null
2024-12-25 19:03:40,242 INFO  statemachine.StateMachine (ArithmeticStateMachine.java:applyTransaction(181)) - LEADER:s11-23: c = null = null
2024-12-25 19:03:40,244 INFO  statemachine.StateMachine (ArithmeticStateMachine.java:applyTransaction(181)) - LEADER:s11-25: a = 27 = 27
2024-12-25 19:03:40,246 INFO  statemachine.StateMachine (ArithmeticStateMachine.java:applyTransaction(181)) - LEADER:s11-27: b = 364 = 364
2024-12-25 19:03:40,248 INFO  statemachine.StateMachine (ArithmeticStateMachine.java:applyTransaction(181)) - LEADER:s11-29: c = √(a^2 + b^2) = 365
2024-12-25 19:03:40,250 INFO  statemachine.StateMachine (ArithmeticStateMachine.java:applyTransaction(181)) - LEADER:s11-31: a = null = null
2024-12-25 19:03:40,253 INFO  statemachine.StateMachine (ArithmeticStateMachine.java:applyTransaction(181)) - LEADER:s11-33: b = null = null
2024-12-25 19:03:40,255 INFO  statemachine.StateMachine (ArithmeticStateMachine.java:applyTransaction(181)) - LEADER:s11-35: c = null = null
2024-12-25 19:03:40,257 INFO  statemachine.StateMachine (ArithmeticStateMachine.java:applyTransaction(181)) - LEADER:s11-37: a = 29 = 29
2024-12-25 19:03:40,259 INFO  statemachine.StateMachine (ArithmeticStateMachine.java:applyTransaction(181)) - LEADER:s11-39: b = 420 = 420
2024-12-25 19:03:40,261 INFO  statemachine.StateMachine (ArithmeticStateMachine.java:applyTransaction(181)) - LEADER:s11-41: c = √(a^2 + b^2) = 421
2024-12-25 19:03:40,263 INFO  statemachine.StateMachine (ArithmeticStateMachine.java:applyTransaction(181)) - LEADER:s11-43: a = null = null
2024-12-25 19:03:40,265 INFO  statemachine.StateMachine (ArithmeticStateMachine.java:applyTransaction(181)) - LEADER:s11-45: b = null = null
2024-12-25 19:03:40,267 INFO  statemachine.StateMachine (ArithmeticStateMachine.java:applyTransaction(181)) - LEADER:s11-47: c = null = null
2024-12-25 19:03:40,271 INFO  statemachine.StateMachine (ArithmeticStateMachine.java:applyTransaction(181)) - LEADER:s11-49: a = 31 = 31
2024-12-25 19:03:40,274 INFO  statemachine.StateMachine (ArithmeticStateMachine.java:applyTransaction(181)) - LEADER:s11-51: b = 480 = 480
2024-12-25 19:03:40,276 INFO  statemachine.StateMachine (ArithmeticStateMachine.java:applyTransaction(181)) - LEADER:s11-53: c = √(a^2 + b^2) = 481
2024-12-25 19:03:40,278 INFO  statemachine.StateMachine (ArithmeticStateMachine.java:applyTransaction(181)) - LEADER:s11-55: a = null = null
2024-12-25 19:03:40,280 INFO  statemachine.StateMachine (ArithmeticStateMachine.java:applyTransaction(181)) - LEADER:s11-57: b = null = null
2024-12-25 19:03:40,283 INFO  statemachine.StateMachine (ArithmeticStateMachine.java:applyTransaction(181)) - LEADER:s11-59: c = null = null
2024-12-25 19:03:40,287 INFO  statemachine.StateMachine (ArithmeticStateMachine.java:applyTransaction(181)) - LEADER:s11-61: a = 33 = 33
2024-12-25 19:03:40,289 INFO  statemachine.StateMachine (ArithmeticStateMachine.java:applyTransaction(181)) - LEADER:s11-63: b = 544 = 544
2024-12-25 19:03:40,291 INFO  statemachine.StateMachine (ArithmeticStateMachine.java:applyTransaction(181)) - LEADER:s11-65: c = √(a^2 + b^2) = 545
2024-12-25 19:03:40,294 INFO  statemachine.StateMachine (ArithmeticStateMachine.java:applyTransaction(181)) - LEADER:s11-67: a = null = null
2024-12-25 19:03:40,297 INFO  statemachine.StateMachine (ArithmeticStateMachine.java:applyTransaction(181)) - LEADER:s11-69: b = null = null
2024-12-25 19:03:40,299 INFO  statemachine.StateMachine (ArithmeticStateMachine.java:applyTransaction(181)) - LEADER:s11-71: c = null = null
2024-12-25 19:03:40,301 INFO  statemachine.StateMachine (ArithmeticStateMachine.java:applyTransaction(181)) - LEADER:s11-73: a = 35 = 35
2024-12-25 19:03:40,304 INFO  statemachine.StateMachine (ArithmeticStateMachine.java:applyTransaction(181)) - LEADER:s11-75: b = 612 = 612
2024-12-25 19:03:40,307 INFO  statemachine.StateMachine (ArithmeticStateMachine.java:applyTransaction(181)) - LEADER:s11-77: c = √(a^2 + b^2) = 613
2024-12-25 19:03:40,309 INFO  statemachine.StateMachine (ArithmeticStateMachine.java:applyTransaction(181)) - LEADER:s11-79: a = null = null
2024-12-25 19:03:40,311 INFO  statemachine.StateMachine (ArithmeticStateMachine.java:applyTransaction(181)) - LEADER:s11-81: b = null = null
2024-12-25 19:03:40,313 INFO  statemachine.StateMachine (ArithmeticStateMachine.java:applyTransaction(181)) - LEADER:s11-83: c = null = null
2024-12-25 19:03:40,315 INFO  statemachine.StateMachine (ArithmeticStateMachine.java:applyTransaction(181)) - LEADER:s11-85: a = 37 = 37
2024-12-25 19:03:40,317 INFO  statemachine.StateMachine (ArithmeticStateMachine.java:applyTransaction(181)) - LEADER:s11-87: b = 684 = 684
2024-12-25 19:03:40,319 INFO  statemachine.StateMachine (ArithmeticStateMachine.java:applyTransaction(181)) - LEADER:s11-89: c = √(a^2 + b^2) = 685
2024-12-25 19:03:40,321 INFO  statemachine.StateMachine (ArithmeticStateMachine.java:applyTransaction(181)) - LEADER:s11-91: a = null = null
2024-12-25 19:03:40,323 INFO  statemachine.StateMachine (ArithmeticStateMachine.java:applyTransaction(181)) - LEADER:s11-93: b = null = null
2024-12-25 19:03:40,325 INFO  statemachine.StateMachine (ArithmeticStateMachine.java:applyTransaction(181)) - LEADER:s11-95: c = null = null
2024-12-25 19:03:40,327 INFO  statemachine.StateMachine (ArithmeticStateMachine.java:applyTransaction(181)) - LEADER:s11-97: a = 39 = 39
2024-12-25 19:03:40,329 INFO  statemachine.StateMachine (ArithmeticStateMachine.java:applyTransaction(181)) - LEADER:s11-99: b = 760 = 760
2024-12-25 19:03:40,331 INFO  statemachine.StateMachine (ArithmeticStateMachine.java:applyTransaction(181)) - LEADER:s11-101: c = √(a^2 + b^2) = 761
2024-12-25 19:03:40,333 INFO  statemachine.StateMachine (ArithmeticStateMachine.java:applyTransaction(181)) - LEADER:s11-103: a = null = null
2024-12-25 19:03:40,336 INFO  statemachine.StateMachine (ArithmeticStateMachine.java:applyTransaction(181)) - LEADER:s11-105: b = null = null
2024-12-25 19:03:40,338 INFO  statemachine.StateMachine (ArithmeticStateMachine.java:applyTransaction(181)) - LEADER:s11-107: c = null = null
2024-12-25 19:03:40,340 INFO  statemachine.StateMachine (ArithmeticStateMachine.java:applyTransaction(181)) - LEADER:s11-109: a = 41 = 41
2024-12-25 19:03:40,343 INFO  statemachine.StateMachine (ArithmeticStateMachine.java:applyTransaction(181)) - LEADER:s11-111: b = 840 = 840
2024-12-25 19:03:40,345 INFO  statemachine.StateMachine (ArithmeticStateMachine.java:applyTransaction(181)) - LEADER:s11-113: c = √(a^2 + b^2) = 841
2024-12-25 19:03:40,347 INFO  statemachine.StateMachine (ArithmeticStateMachine.java:applyTransaction(181)) - LEADER:s11-115: a = null = null
2024-12-25 19:03:40,350 INFO  statemachine.StateMachine (ArithmeticStateMachine.java:applyTransaction(181)) - LEADER:s11-117: b = null = null
2024-12-25 19:03:40,352 INFO  statemachine.StateMachine (ArithmeticStateMachine.java:applyTransaction(181)) - LEADER:s11-119: c = null = null
2024-12-25 19:03:40,352 INFO  impl.GroupManagementBaseTest (GroupManagementBaseTest.java:runMultiGroupTest(281)) - 2) starting group-73C3960A554E:[s3, s14, s2]
2024-12-25 19:03:40,353 INFO  server.RaftServer (RaftServerProxy.java:addNew(101)) - s14: addNew group-73C3960A554E:[s3, s14, s2] returns group-73C3960A554E:java.util.concurrent.CompletableFuture@45db5e6d[Not completed]
2024-12-25 19:03:40,353 INFO  server.RaftServer$Division (RaftServerImpl.java:<init>(256)) - s14: new RaftServerImpl for group-73C3960A554E:[s3, s14, s2] with ArithmeticStateMachine:uninitialized
2024-12-25 19:03:40,353 INFO  server.RaftServerConfigKeys (ConfUtils.java:logGet(46)) - raft.server.rpc.timeout.min = 300ms (custom)
2024-12-25 19:03:40,353 INFO  server.RaftServerConfigKeys (ConfUtils.java:logGet(46)) - raft.server.rpc.timeout.max = 600ms (custom)
2024-12-25 19:03:40,353 INFO  server.RaftServerConfigKeys (ConfUtils.java:logGet(46)) - raft.server.rpc.sleep.time = 25ms (default)
2024-12-25 19:03:40,353 INFO  server.RaftServerConfigKeys (ConfUtils.java:logGet(46)) - raft.server.rpc.slowness.timeout = 60s (default)
2024-12-25 19:03:40,353 INFO  server.RaftServerConfigKeys (ConfUtils.java:logGet(46)) - raft.server.leaderelection.leader.step-down.wait-time = 10s (default)
2024-12-25 19:03:40,354 INFO  server.RaftServerConfigKeys (ConfUtils.java:logGet(46)) - raft.server.leaderelection.member.majority-add = false (default)
2024-12-25 19:03:40,354 INFO  server.RaftServerConfigKeys (ConfUtils.java:logGet(46)) - raft.server.sleep.deviation.threshold = 300ms (default)
2024-12-25 19:03:40,354 INFO  server.RaftServer$Division (ServerState.java:<init>(114)) - s14@group-73C3960A554E: ConfigurationManager, init=conf: {index: -1, cur=peers:[s3, s14, s2]|listeners:[], old=null}, confs=<EMPTY_MAP>
2024-12-25 19:03:40,354 INFO  server.RaftServerConfigKeys (ConfUtils.java:logGet(46)) - raft.server.notification.no-leader.timeout = 60s (default)
2024-12-25 19:03:40,354 INFO  server.RaftServerConfigKeys (ConfUtils.java:logGet(46)) - raft.server.read.timeout = 10s (default)
2024-12-25 19:03:40,354 INFO  server.RaftServerConfigKeys (ConfUtils.java:logGet(46)) - raft.server.retrycache.expirytime = 60s (default)
2024-12-25 19:03:40,354 INFO  server.RaftServerConfigKeys (ConfUtils.java:logGet(46)) - raft.server.retrycache.statistics.expirytime = 100ms (default)
2024-12-25 19:03:40,354 INFO  server.RaftServerConfigKeys (ConfUtils.java:logGet(46)) - raft.server.read.option = DEFAULT (default)
2024-12-25 19:03:40,354 INFO  server.RaftServerConfigKeys (ConfUtils.java:logGet(46)) - raft.server.read.read-after-write-consistent.write-index-cache.expiry-time = 60s (default)
2024-12-25 19:03:40,355 INFO  server.RaftServerConfigKeys (ConfUtils.java:logGet(46)) - raft.server.rpc.request.timeout = 3000ms (default)
2024-12-25 19:03:40,355 INFO  server.RaftServerConfigKeys (ConfUtils.java:logGet(46)) - raft.server.log.appender.install.snapshot.enabled = true (default)
2024-12-25 19:03:40,355 INFO  server.RaftServerConfigKeys (ConfUtils.java:logGet(46)) - raft.server.threadpool.server.cached = true (default)
2024-12-25 19:03:40,355 INFO  server.RaftServerConfigKeys (ConfUtils.java:logGet(46)) - raft.server.threadpool.server.size = 0 (default)
2024-12-25 19:03:40,355 INFO  server.RaftServerConfigKeys (ConfUtils.java:logGet(46)) - raft.server.threadpool.client.cached = true (default)
2024-12-25 19:03:40,355 INFO  server.RaftServerConfigKeys (ConfUtils.java:logGet(46)) - raft.server.threadpool.client.size = 0 (default)
2024-12-25 19:03:40,355 INFO  server.RaftServerConfigKeys (ConfUtils.java:logGet(46)) - raft.server.storage.free-space.min = 0MB (=0) (default)
2024-12-25 19:03:40,355 INFO  server.RaftServerConfigKeys (ConfUtils.java:logGet(46)) - raft.server.log.corruption.policy = EXCEPTION (default)
2024-12-25 19:03:40,355 INFO  server.RaftServerConfigKeys (ConfUtils.java:logGet(46)) - raft.server.storage.dir = [/home/runner/work/ratis/ratis/ratis-examples/target/test/data/6cc16ceb/MiniRaftClusterWithSimulatedRpc6b18c296/s14] (custom)
2024-12-25 19:03:40,355 INFO  storage.RaftStorageDirectory (RaftStorageDirectoryImpl.java:analyzeStorage(138)) - The storage directory /home/runner/work/ratis/ratis/ratis-examples/target/test/data/6cc16ceb/MiniRaftClusterWithSimulatedRpc6b18c296/s14/ecc5aed3-ed33-4a1d-963d-73c3960a554e does not exist. Creating ...
2024-12-25 19:03:40,356 TRACE util.FileUtils (LogUtils.java:runAndLog(49)) - Successfully ran Files.createDirectories /home/runner/work/ratis/ratis/ratis-examples/target/test/data/6cc16ceb/MiniRaftClusterWithSimulatedRpc6b18c296/s14/ecc5aed3-ed33-4a1d-963d-73c3960a554e
2024-12-25 19:03:40,357 INFO  storage.RaftStorageDirectory (RaftStorageDirectoryImpl.java:tryLock(229)) - Lock on /home/runner/work/ratis/ratis/ratis-examples/target/test/data/6cc16ceb/MiniRaftClusterWithSimulatedRpc6b18c296/s14/ecc5aed3-ed33-4a1d-963d-73c3960a554e/in_use.lock acquired by nodename 14827@fv-az835-686.uia40oc12eqezaqrhfktyfhufg.ex.internal.cloudapp.net
2024-12-25 19:03:40,357 TRACE util.FileUtils (LogUtils.java:runAndLog(49)) - Successfully ran Files.createDirectories /home/runner/work/ratis/ratis/ratis-examples/target/test/data/6cc16ceb/MiniRaftClusterWithSimulatedRpc6b18c296/s14/ecc5aed3-ed33-4a1d-963d-73c3960a554e/current
2024-12-25 19:03:40,357 TRACE util.FileUtils (LogUtils.java:runAndLog(49)) - Successfully ran Files.createDirectories /home/runner/work/ratis/ratis/ratis-examples/target/test/data/6cc16ceb/MiniRaftClusterWithSimulatedRpc6b18c296/s14/ecc5aed3-ed33-4a1d-963d-73c3960a554e/sm
2024-12-25 19:03:40,357 TRACE util.FileUtils (LogUtils.java:supplyAndLog(69)) - Successfully supplied FileChannel.open /home/runner/work/ratis/ratis/ratis-examples/target/test/data/6cc16ceb/MiniRaftClusterWithSimulatedRpc6b18c296/s14/ecc5aed3-ed33-4a1d-963d-73c3960a554e/current/raft-meta.tmp with options [CREATE, WRITE]: sun.nio.ch.FileChannelImpl@486691c9
2024-12-25 19:03:40,359 TRACE util.FileUtils (LogUtils.java:runAndLog(49)) - Successfully ran Atomic Files.move /home/runner/work/ratis/ratis/ratis-examples/target/test/data/6cc16ceb/MiniRaftClusterWithSimulatedRpc6b18c296/s14/ecc5aed3-ed33-4a1d-963d-73c3960a554e/current/raft-meta.tmp to /home/runner/work/ratis/ratis/ratis-examples/target/test/data/6cc16ceb/MiniRaftClusterWithSimulatedRpc6b18c296/s14/ecc5aed3-ed33-4a1d-963d-73c3960a554e/current/raft-meta with options [REPLACE_EXISTING]
2024-12-25 19:03:40,359 INFO  storage.RaftStorage (RaftStorageImpl.java:format(98)) - Storage directory /home/runner/work/ratis/ratis/ratis-examples/target/test/data/6cc16ceb/MiniRaftClusterWithSimulatedRpc6b18c296/s14/ecc5aed3-ed33-4a1d-963d-73c3960a554e has been successfully formatted.
2024-12-25 19:03:40,359 WARN  statemachine.StateMachine (ArithmeticStateMachine.java:loadSnapshot(115)) - The snapshot info is null.
2024-12-25 19:03:40,359 INFO  server.RaftServerConfigKeys (ConfUtils.java:logGet(46)) - raft.server.log.use.memory = false (default)
2024-12-25 19:03:40,359 INFO  server.RaftServerConfigKeys (ConfUtils.java:logGet(46)) - raft.server.log.purge.gap = 1024 (default)
2024-12-25 19:03:40,359 INFO  server.RaftServerConfigKeys (ConfUtils.java:logGet(46)) - raft.server.log.appender.buffer.byte-limit = 4MB (=4194304) (default)
2024-12-25 19:03:40,359 INFO  server.RaftServerConfigKeys (ConfUtils.java:logGet(46)) - raft.server.log.statemachine.data.read.timeout = 1000ms (default)
2024-12-25 19:03:40,359 INFO  server.RaftServerConfigKeys (ConfUtils.java:logGet(46)) - raft.server.log.purge.preservation.log.num = 0 (default)
2024-12-25 19:03:40,360 INFO  server.RaftServerConfigKeys (ConfUtils.java:logGet(46)) - raft.server.log.segment.size.max = 32MB (=33554432) (default)
2024-12-25 19:03:40,360 INFO  server.RaftServerConfigKeys (ConfUtils.java:logGet(46)) - raft.server.log.segment.cache.num.max = 6 (default)
2024-12-25 19:03:40,360 INFO  server.RaftServerConfigKeys (ConfUtils.java:logGet(46)) - raft.server.log.segment.cache.size.max = 200MB (=209715200) (default)
2024-12-25 19:03:40,360 INFO  server.RaftServerConfigKeys (ConfUtils.java:logGet(46)) - raft.server.log.appender.buffer.byte-limit = 4MB (=4194304) (default)
2024-12-25 19:03:40,360 INFO  util.AwaitToRun (AwaitToRun.java:start(81)) - Thread[s14@group-73C3960A554E-cacheEviction-AwaitToRun,5,main] started
2024-12-25 19:03:40,360 INFO  segmented.SegmentedRaftLogWorker (SegmentedRaftLogWorker.java:<init>(189)) - new s14@group-73C3960A554E-SegmentedRaftLogWorker for RaftStorageImpl:Storage Directory /home/runner/work/ratis/ratis/ratis-examples/target/test/data/6cc16ceb/MiniRaftClusterWithSimulatedRpc6b18c296/s14/ecc5aed3-ed33-4a1d-963d-73c3960a554e
2024-12-25 19:03:40,360 INFO  server.RaftServerConfigKeys (ConfUtils.java:logGet(46)) - raft.server.log.queue.byte-limit = 64MB (=67108864) (default)
2024-12-25 19:03:40,360 INFO  server.RaftServerConfigKeys (ConfUtils.java:logGet(46)) - raft.server.log.queue.element-limit = 4096 (default)
2024-12-25 19:03:40,360 INFO  server.RaftServerConfigKeys (ConfUtils.java:logGet(46)) - raft.server.log.segment.size.max = 32MB (=33554432) (default)
2024-12-25 19:03:40,360 INFO  server.RaftServerConfigKeys (ConfUtils.java:logGet(46)) - raft.server.log.preallocated.size = 4MB (=4194304) (default)
2024-12-25 19:03:40,360 INFO  server.RaftServerConfigKeys (ConfUtils.java:logGet(46)) - raft.server.log.force.sync.num = 128 (default)
2024-12-25 19:03:40,360 INFO  server.RaftServerConfigKeys (ConfUtils.java:logGet(46)) - raft.server.log.statemachine.data.sync = true (default)
2024-12-25 19:03:40,360 INFO  server.RaftServerConfigKeys (ConfUtils.java:logGet(46)) - raft.server.log.statemachine.data.sync.timeout = 10s (default)
2024-12-25 19:03:40,360 INFO  server.RaftServerConfigKeys (ConfUtils.java:logGet(46)) - raft.server.log.statemachine.data.sync.timeout.retry = -1 (default)
2024-12-25 19:03:40,360 INFO  server.RaftServerConfigKeys (ConfUtils.java:logGet(46)) - raft.server.log.write.buffer.size = 8MB (=8388608) (default)
2024-12-25 19:03:40,362 INFO  server.RaftServerConfigKeys (ConfUtils.java:logGet(46)) - raft.server.log.appender.buffer.byte-limit = 4MB (=4194304) (default)
2024-12-25 19:03:40,362 INFO  server.RaftServerConfigKeys (ConfUtils.java:logGet(46)) - raft.server.log.unsafe-flush.enabled = false (default)
2024-12-25 19:03:40,362 INFO  server.RaftServerConfigKeys (ConfUtils.java:logGet(46)) - raft.server.log.async-flush.enabled = false (default)
2024-12-25 19:03:40,363 INFO  server.RaftServerConfigKeys (ConfUtils.java:logGet(46)) - raft.server.log.statemachine.data.caching.enabled = false (default)
2024-12-25 19:03:40,363 INFO  segmented.SegmentedRaftLogWorker (SegmentedRaftLogWorker.java:lambda$new$0(140)) - s14@group-73C3960A554E-SegmentedRaftLogWorker: flushIndex: setUnconditionally 0 -> -1
2024-12-25 19:03:40,363 INFO  segmented.SegmentedRaftLogWorker (SegmentedRaftLogWorker.java:lambda$new$0(140)) - s14@group-73C3960A554E-SegmentedRaftLogWorker: safeCacheEvictIndex: setUnconditionally 0 -> -1
2024-12-25 19:03:40,363 INFO  server.RaftServer$Division (RaftServerImpl.java:start(392)) - s14@group-73C3960A554E: start as a follower, conf=conf: {index: -1, cur=peers:[s3, s14, s2]|listeners:[], old=null}
2024-12-25 19:03:40,363 INFO  server.RaftServer$Division (RaftServerImpl.java:setRole(379)) - s14@group-73C3960A554E: changes role from      null to FOLLOWER at term 0 for startAsFollower
2024-12-25 19:03:40,363 INFO  impl.RoleInfo (RoleInfo.java:updateAndGet(148)) - s14: start s14@group-73C3960A554E-FollowerState
2024-12-25 19:03:40,363 INFO  server.RaftServerConfigKeys (ConfUtils.java:logFallback(53)) - raft.server.rpc.first-election.timeout.min = 300ms (fallback to raft.server.rpc.timeout.min)
2024-12-25 19:03:40,364 INFO  util.JmxRegister (JmxRegister.java:tryRegister(44)) - Successfully registered JMX Bean with object name Ratis:service=RaftServer,group=group-73C3960A554E,id=s14
2024-12-25 19:03:40,364 INFO  util.JmxRegister (JmxRegister.java:register(58)) - register mxBean class org.apache.ratis.server.impl.RaftServerJmxAdapter as Ratis:service=RaftServer,group=group-73C3960A554E,id=s14
2024-12-25 19:03:40,364 INFO  server.RaftServerConfigKeys (ConfUtils.java:logGet(46)) - raft.server.snapshot.trigger-when-stop.enabled = true (default)
2024-12-25 19:03:40,364 INFO  server.RaftServerConfigKeys (ConfUtils.java:logGet(46)) - raft.server.snapshot.trigger-when-remove.enabled = true (default)
2024-12-25 19:03:40,364 INFO  server.RaftServerConfigKeys (ConfUtils.java:logGet(46)) - raft.server.snapshot.auto.trigger.enabled = false (default)
2024-12-25 19:03:40,364 INFO  server.RaftServerConfigKeys (ConfUtils.java:logGet(46)) - raft.server.snapshot.retention.file.num = -1 (default)
2024-12-25 19:03:40,364 INFO  server.RaftServerConfigKeys (ConfUtils.java:logGet(46)) - raft.server.log.purge.upto.snapshot.index = false (default)
2024-12-25 19:03:40,364 INFO  server.RaftServerConfigKeys (ConfUtils.java:logFallback(53)) - raft.server.rpc.first-election.timeout.max = 600ms (fallback to raft.server.rpc.timeout.max)
2024-12-25 19:03:40,364 INFO  server.RaftServer$Division (RaftServerImpl.java:start(406)) - s14@group-73C3960A554E: Successfully started.
2024-12-25 19:03:40,366 INFO  server.RaftServer (RaftServerProxy.java:addNew(101)) - s2: addNew group-73C3960A554E:[s3, s14, s2] returns group-73C3960A554E:java.util.concurrent.CompletableFuture@3650e712[Not completed]
2024-12-25 19:03:40,366 INFO  server.RaftServer$Division (RaftServerImpl.java:<init>(256)) - s2: new RaftServerImpl for group-73C3960A554E:[s3, s14, s2] with ArithmeticStateMachine:uninitialized
2024-12-25 19:03:40,366 INFO  server.RaftServerConfigKeys (ConfUtils.java:logGet(46)) - raft.server.rpc.timeout.min = 300ms (custom)
2024-12-25 19:03:40,367 INFO  server.RaftServerConfigKeys (ConfUtils.java:logGet(46)) - raft.server.rpc.timeout.max = 600ms (custom)
2024-12-25 19:03:40,367 INFO  server.RaftServerConfigKeys (ConfUtils.java:logGet(46)) - raft.server.rpc.sleep.time = 25ms (default)
2024-12-25 19:03:40,367 INFO  server.RaftServerConfigKeys (ConfUtils.java:logGet(46)) - raft.server.rpc.slowness.timeout = 60s (default)
2024-12-25 19:03:40,367 INFO  server.RaftServerConfigKeys (ConfUtils.java:logGet(46)) - raft.server.leaderelection.leader.step-down.wait-time = 10s (default)
2024-12-25 19:03:40,367 INFO  server.RaftServerConfigKeys (ConfUtils.java:logGet(46)) - raft.server.leaderelection.member.majority-add = false (default)
2024-12-25 19:03:40,367 INFO  server.RaftServerConfigKeys (ConfUtils.java:logGet(46)) - raft.server.sleep.deviation.threshold = 300ms (default)
2024-12-25 19:03:40,367 INFO  server.RaftServer$Division (ServerState.java:<init>(114)) - s2@group-73C3960A554E: ConfigurationManager, init=conf: {index: -1, cur=peers:[s3, s14, s2]|listeners:[], old=null}, confs=<EMPTY_MAP>
2024-12-25 19:03:40,367 INFO  server.RaftServerConfigKeys (ConfUtils.java:logGet(46)) - raft.server.notification.no-leader.timeout = 60s (default)
2024-12-25 19:03:40,367 INFO  server.RaftServerConfigKeys (ConfUtils.java:logGet(46)) - raft.server.read.timeout = 10s (default)
2024-12-25 19:03:40,367 INFO  server.RaftServerConfigKeys (ConfUtils.java:logGet(46)) - raft.server.retrycache.expirytime = 60s (default)
2024-12-25 19:03:40,367 INFO  server.RaftServerConfigKeys (ConfUtils.java:logGet(46)) - raft.server.retrycache.statistics.expirytime = 100ms (default)
2024-12-25 19:03:40,367 INFO  server.RaftServerConfigKeys (ConfUtils.java:logGet(46)) - raft.server.read.option = DEFAULT (default)
2024-12-25 19:03:40,367 INFO  server.RaftServerConfigKeys (ConfUtils.java:logGet(46)) - raft.server.read.read-after-write-consistent.write-index-cache.expiry-time = 60s (default)
2024-12-25 19:03:40,368 INFO  server.RaftServerConfigKeys (ConfUtils.java:logGet(46)) - raft.server.rpc.request.timeout = 3000ms (default)
2024-12-25 19:03:40,368 INFO  server.RaftServerConfigKeys (ConfUtils.java:logGet(46)) - raft.server.log.appender.install.snapshot.enabled = true (default)
2024-12-25 19:03:40,368 INFO  server.RaftServerConfigKeys (ConfUtils.java:logGet(46)) - raft.server.threadpool.server.cached = true (default)
2024-12-25 19:03:40,368 INFO  server.RaftServerConfigKeys (ConfUtils.java:logGet(46)) - raft.server.threadpool.server.size = 0 (default)
2024-12-25 19:03:40,368 INFO  server.RaftServerConfigKeys (ConfUtils.java:logGet(46)) - raft.server.threadpool.client.cached = true (default)
2024-12-25 19:03:40,369 INFO  server.RaftServerConfigKeys (ConfUtils.java:logGet(46)) - raft.server.threadpool.client.size = 0 (default)
2024-12-25 19:03:40,369 INFO  server.RaftServerConfigKeys (ConfUtils.java:logGet(46)) - raft.server.storage.free-space.min = 0MB (=0) (default)
2024-12-25 19:03:40,369 INFO  server.RaftServerConfigKeys (ConfUtils.java:logGet(46)) - raft.server.log.corruption.policy = EXCEPTION (default)
2024-12-25 19:03:40,369 INFO  server.RaftServerConfigKeys (ConfUtils.java:logGet(46)) - raft.server.storage.dir = [/home/runner/work/ratis/ratis/ratis-examples/target/test/data/6cc16ceb/MiniRaftClusterWithSimulatedRpc6b18c296/s2] (custom)
2024-12-25 19:03:40,369 INFO  storage.RaftStorageDirectory (RaftStorageDirectoryImpl.java:analyzeStorage(138)) - The storage directory /home/runner/work/ratis/ratis/ratis-examples/target/test/data/6cc16ceb/MiniRaftClusterWithSimulatedRpc6b18c296/s2/ecc5aed3-ed33-4a1d-963d-73c3960a554e does not exist. Creating ...
2024-12-25 19:03:40,369 TRACE util.FileUtils (LogUtils.java:runAndLog(49)) - Successfully ran Files.createDirectories /home/runner/work/ratis/ratis/ratis-examples/target/test/data/6cc16ceb/MiniRaftClusterWithSimulatedRpc6b18c296/s2/ecc5aed3-ed33-4a1d-963d-73c3960a554e
2024-12-25 19:03:40,370 INFO  storage.RaftStorageDirectory (RaftStorageDirectoryImpl.java:tryLock(229)) - Lock on /home/runner/work/ratis/ratis/ratis-examples/target/test/data/6cc16ceb/MiniRaftClusterWithSimulatedRpc6b18c296/s2/ecc5aed3-ed33-4a1d-963d-73c3960a554e/in_use.lock acquired by nodename 14827@fv-az835-686.uia40oc12eqezaqrhfktyfhufg.ex.internal.cloudapp.net
2024-12-25 19:03:40,371 TRACE util.FileUtils (LogUtils.java:runAndLog(49)) - Successfully ran Files.createDirectories /home/runner/work/ratis/ratis/ratis-examples/target/test/data/6cc16ceb/MiniRaftClusterWithSimulatedRpc6b18c296/s2/ecc5aed3-ed33-4a1d-963d-73c3960a554e/current
2024-12-25 19:03:40,371 TRACE util.FileUtils (LogUtils.java:runAndLog(49)) - Successfully ran Files.createDirectories /home/runner/work/ratis/ratis/ratis-examples/target/test/data/6cc16ceb/MiniRaftClusterWithSimulatedRpc6b18c296/s2/ecc5aed3-ed33-4a1d-963d-73c3960a554e/sm
2024-12-25 19:03:40,371 TRACE util.FileUtils (LogUtils.java:supplyAndLog(69)) - Successfully supplied FileChannel.open /home/runner/work/ratis/ratis/ratis-examples/target/test/data/6cc16ceb/MiniRaftClusterWithSimulatedRpc6b18c296/s2/ecc5aed3-ed33-4a1d-963d-73c3960a554e/current/raft-meta.tmp with options [CREATE, WRITE]: sun.nio.ch.FileChannelImpl@6fb4fd74
2024-12-25 19:03:40,372 TRACE util.FileUtils (LogUtils.java:runAndLog(49)) - Successfully ran Atomic Files.move /home/runner/work/ratis/ratis/ratis-examples/target/test/data/6cc16ceb/MiniRaftClusterWithSimulatedRpc6b18c296/s2/ecc5aed3-ed33-4a1d-963d-73c3960a554e/current/raft-meta.tmp to /home/runner/work/ratis/ratis/ratis-examples/target/test/data/6cc16ceb/MiniRaftClusterWithSimulatedRpc6b18c296/s2/ecc5aed3-ed33-4a1d-963d-73c3960a554e/current/raft-meta with options [REPLACE_EXISTING]
2024-12-25 19:03:40,372 INFO  storage.RaftStorage (RaftStorageImpl.java:format(98)) - Storage directory /home/runner/work/ratis/ratis/ratis-examples/target/test/data/6cc16ceb/MiniRaftClusterWithSimulatedRpc6b18c296/s2/ecc5aed3-ed33-4a1d-963d-73c3960a554e has been successfully formatted.
2024-12-25 19:03:40,372 WARN  statemachine.StateMachine (ArithmeticStateMachine.java:loadSnapshot(115)) - The snapshot info is null.
2024-12-25 19:03:40,372 INFO  server.RaftServerConfigKeys (ConfUtils.java:logGet(46)) - raft.server.log.use.memory = false (default)
2024-12-25 19:03:40,372 INFO  server.RaftServerConfigKeys (ConfUtils.java:logGet(46)) - raft.server.log.purge.gap = 1024 (default)
2024-12-25 19:03:40,373 INFO  server.RaftServerConfigKeys (ConfUtils.java:logGet(46)) - raft.server.log.appender.buffer.byte-limit = 4MB (=4194304) (default)
2024-12-25 19:03:40,373 INFO  server.RaftServerConfigKeys (ConfUtils.java:logGet(46)) - raft.server.log.statemachine.data.read.timeout = 1000ms (default)
2024-12-25 19:03:40,373 INFO  server.RaftServerConfigKeys (ConfUtils.java:logGet(46)) - raft.server.log.purge.preservation.log.num = 0 (default)
2024-12-25 19:03:40,373 INFO  server.RaftServerConfigKeys (ConfUtils.java:logGet(46)) - raft.server.log.segment.size.max = 32MB (=33554432) (default)
2024-12-25 19:03:40,373 INFO  server.RaftServerConfigKeys (ConfUtils.java:logGet(46)) - raft.server.log.segment.cache.num.max = 6 (default)
2024-12-25 19:03:40,373 INFO  server.RaftServerConfigKeys (ConfUtils.java:logGet(46)) - raft.server.log.segment.cache.size.max = 200MB (=209715200) (default)
2024-12-25 19:03:40,373 INFO  server.RaftServerConfigKeys (ConfUtils.java:logGet(46)) - raft.server.log.appender.buffer.byte-limit = 4MB (=4194304) (default)
2024-12-25 19:03:40,374 INFO  util.AwaitToRun (AwaitToRun.java:start(81)) - Thread[s2@group-73C3960A554E-cacheEviction-AwaitToRun,5,main] started
2024-12-25 19:03:40,374 INFO  segmented.SegmentedRaftLogWorker (SegmentedRaftLogWorker.java:<init>(189)) - new s2@group-73C3960A554E-SegmentedRaftLogWorker for RaftStorageImpl:Storage Directory /home/runner/work/ratis/ratis/ratis-examples/target/test/data/6cc16ceb/MiniRaftClusterWithSimulatedRpc6b18c296/s2/ecc5aed3-ed33-4a1d-963d-73c3960a554e
2024-12-25 19:03:40,374 INFO  server.RaftServerConfigKeys (ConfUtils.java:logGet(46)) - raft.server.log.queue.byte-limit = 64MB (=67108864) (default)
2024-12-25 19:03:40,374 INFO  server.RaftServerConfigKeys (ConfUtils.java:logGet(46)) - raft.server.log.queue.element-limit = 4096 (default)
2024-12-25 19:03:40,374 INFO  server.RaftServerConfigKeys (ConfUtils.java:logGet(46)) - raft.server.log.segment.size.max = 32MB (=33554432) (default)
2024-12-25 19:03:40,374 INFO  server.RaftServerConfigKeys (ConfUtils.java:logGet(46)) - raft.server.log.preallocated.size = 4MB (=4194304) (default)
2024-12-25 19:03:40,374 INFO  server.RaftServerConfigKeys (ConfUtils.java:logGet(46)) - raft.server.log.force.sync.num = 128 (default)
2024-12-25 19:03:40,374 INFO  server.RaftServerConfigKeys (ConfUtils.java:logGet(46)) - raft.server.log.statemachine.data.sync = true (default)
2024-12-25 19:03:40,374 INFO  server.RaftServerConfigKeys (ConfUtils.java:logGet(46)) - raft.server.log.statemachine.data.sync.timeout = 10s (default)
2024-12-25 19:03:40,374 INFO  server.RaftServerConfigKeys (ConfUtils.java:logGet(46)) - raft.server.log.statemachine.data.sync.timeout.retry = -1 (default)
2024-12-25 19:03:40,375 INFO  server.RaftServerConfigKeys (ConfUtils.java:logGet(46)) - raft.server.log.write.buffer.size = 8MB (=8388608) (default)
2024-12-25 19:03:40,377 INFO  server.RaftServerConfigKeys (ConfUtils.java:logGet(46)) - raft.server.log.appender.buffer.byte-limit = 4MB (=4194304) (default)
2024-12-25 19:03:40,377 INFO  server.RaftServerConfigKeys (ConfUtils.java:logGet(46)) - raft.server.log.unsafe-flush.enabled = false (default)
2024-12-25 19:03:40,377 INFO  server.RaftServerConfigKeys (ConfUtils.java:logGet(46)) - raft.server.log.async-flush.enabled = false (default)
2024-12-25 19:03:40,377 INFO  server.RaftServerConfigKeys (ConfUtils.java:logGet(46)) - raft.server.log.statemachine.data.caching.enabled = false (default)
2024-12-25 19:03:40,377 INFO  segmented.SegmentedRaftLogWorker (SegmentedRaftLogWorker.java:lambda$new$0(140)) - s2@group-73C3960A554E-SegmentedRaftLogWorker: flushIndex: setUnconditionally 0 -> -1
2024-12-25 19:03:40,377 INFO  segmented.SegmentedRaftLogWorker (SegmentedRaftLogWorker.java:lambda$new$0(140)) - s2@group-73C3960A554E-SegmentedRaftLogWorker: safeCacheEvictIndex: setUnconditionally 0 -> -1
2024-12-25 19:03:40,377 INFO  server.RaftServer$Division (RaftServerImpl.java:start(392)) - s2@group-73C3960A554E: start as a follower, conf=conf: {index: -1, cur=peers:[s3, s14, s2]|listeners:[], old=null}
2024-12-25 19:03:40,377 INFO  server.RaftServer$Division (RaftServerImpl.java:setRole(379)) - s2@group-73C3960A554E: changes role from      null to FOLLOWER at term 0 for startAsFollower
2024-12-25 19:03:40,377 INFO  impl.RoleInfo (RoleInfo.java:updateAndGet(148)) - s2: start s2@group-73C3960A554E-FollowerState
2024-12-25 19:03:40,378 INFO  util.JmxRegister (JmxRegister.java:tryRegister(44)) - Successfully registered JMX Bean with object name Ratis:service=RaftServer,group=group-73C3960A554E,id=s2
2024-12-25 19:03:40,378 INFO  util.JmxRegister (JmxRegister.java:register(58)) - register mxBean class org.apache.ratis.server.impl.RaftServerJmxAdapter as Ratis:service=RaftServer,group=group-73C3960A554E,id=s2
2024-12-25 19:03:40,378 INFO  server.RaftServerConfigKeys (ConfUtils.java:logGet(46)) - raft.server.snapshot.trigger-when-stop.enabled = true (default)
2024-12-25 19:03:40,379 INFO  server.RaftServerConfigKeys (ConfUtils.java:logFallback(53)) - raft.server.rpc.first-election.timeout.min = 300ms (fallback to raft.server.rpc.timeout.min)
2024-12-25 19:03:40,379 INFO  server.RaftServerConfigKeys (ConfUtils.java:logGet(46)) - raft.server.snapshot.trigger-when-remove.enabled = true (default)
2024-12-25 19:03:40,379 INFO  server.RaftServerConfigKeys (ConfUtils.java:logGet(46)) - raft.server.snapshot.auto.trigger.enabled = false (default)
2024-12-25 19:03:40,379 INFO  server.RaftServerConfigKeys (ConfUtils.java:logGet(46)) - raft.server.snapshot.retention.file.num = -1 (default)
2024-12-25 19:03:40,379 INFO  server.RaftServerConfigKeys (ConfUtils.java:logGet(46)) - raft.server.log.purge.upto.snapshot.index = false (default)
2024-12-25 19:03:40,379 INFO  server.RaftServer$Division (RaftServerImpl.java:start(406)) - s2@group-73C3960A554E: Successfully started.
2024-12-25 19:03:40,380 INFO  server.RaftServerConfigKeys (ConfUtils.java:logFallback(53)) - raft.server.rpc.first-election.timeout.max = 600ms (fallback to raft.server.rpc.timeout.max)
2024-12-25 19:03:40,380 INFO  server.RaftServer$Division (RaftServerImpl.java:<init>(256)) - s3: new RaftServerImpl for group-73C3960A554E:[s3, s14, s2] with ArithmeticStateMachine:uninitialized
2024-12-25 19:03:40,380 INFO  server.RaftServer (RaftServerProxy.java:addNew(101)) - s3: addNew group-73C3960A554E:[s3, s14, s2] returns group-73C3960A554E:java.util.concurrent.CompletableFuture@605e3d5d[Not completed]
2024-12-25 19:03:40,381 INFO  server.RaftServerConfigKeys (ConfUtils.java:logGet(46)) - raft.server.rpc.timeout.min = 300ms (custom)
2024-12-25 19:03:40,381 INFO  server.RaftServerConfigKeys (ConfUtils.java:logGet(46)) - raft.server.rpc.timeout.max = 600ms (custom)
2024-12-25 19:03:40,381 INFO  server.RaftServerConfigKeys (ConfUtils.java:logGet(46)) - raft.server.rpc.sleep.time = 25ms (default)
2024-12-25 19:03:40,381 INFO  server.RaftServerConfigKeys (ConfUtils.java:logGet(46)) - raft.server.rpc.slowness.timeout = 60s (default)
2024-12-25 19:03:40,381 INFO  server.RaftServerConfigKeys (ConfUtils.java:logGet(46)) - raft.server.leaderelection.leader.step-down.wait-time = 10s (default)
2024-12-25 19:03:40,381 INFO  server.RaftServerConfigKeys (ConfUtils.java:logGet(46)) - raft.server.leaderelection.member.majority-add = false (default)
2024-12-25 19:03:40,381 INFO  server.RaftServerConfigKeys (ConfUtils.java:logGet(46)) - raft.server.sleep.deviation.threshold = 300ms (default)
2024-12-25 19:03:40,381 INFO  server.RaftServer$Division (ServerState.java:<init>(114)) - s3@group-73C3960A554E: ConfigurationManager, init=conf: {index: -1, cur=peers:[s3, s14, s2]|listeners:[], old=null}, confs=<EMPTY_MAP>
2024-12-25 19:03:40,382 INFO  server.RaftServerConfigKeys (ConfUtils.java:logGet(46)) - raft.server.notification.no-leader.timeout = 60s (default)
2024-12-25 19:03:40,382 INFO  server.RaftServerConfigKeys (ConfUtils.java:logGet(46)) - raft.server.read.timeout = 10s (default)
2024-12-25 19:03:40,382 INFO  server.RaftServerConfigKeys (ConfUtils.java:logGet(46)) - raft.server.retrycache.expirytime = 60s (default)
2024-12-25 19:03:40,382 INFO  server.RaftServerConfigKeys (ConfUtils.java:logGet(46)) - raft.server.retrycache.statistics.expirytime = 100ms (default)
2024-12-25 19:03:40,382 INFO  server.RaftServerConfigKeys (ConfUtils.java:logGet(46)) - raft.server.read.option = DEFAULT (default)
2024-12-25 19:03:40,382 INFO  server.RaftServerConfigKeys (ConfUtils.java:logGet(46)) - raft.server.read.read-after-write-consistent.write-index-cache.expiry-time = 60s (default)
2024-12-25 19:03:40,383 INFO  server.RaftServerConfigKeys (ConfUtils.java:logGet(46)) - raft.server.rpc.request.timeout = 3000ms (default)
2024-12-25 19:03:40,383 INFO  server.RaftServerConfigKeys (ConfUtils.java:logGet(46)) - raft.server.log.appender.install.snapshot.enabled = true (default)
2024-12-25 19:03:40,383 INFO  server.RaftServerConfigKeys (ConfUtils.java:logGet(46)) - raft.server.threadpool.server.cached = true (default)
2024-12-25 19:03:40,383 INFO  server.RaftServerConfigKeys (ConfUtils.java:logGet(46)) - raft.server.threadpool.server.size = 0 (default)
2024-12-25 19:03:40,383 INFO  server.RaftServerConfigKeys (ConfUtils.java:logGet(46)) - raft.server.threadpool.client.cached = true (default)
2024-12-25 19:03:40,383 INFO  server.RaftServerConfigKeys (ConfUtils.java:logGet(46)) - raft.server.threadpool.client.size = 0 (default)
2024-12-25 19:03:40,383 INFO  server.RaftServerConfigKeys (ConfUtils.java:logGet(46)) - raft.server.storage.free-space.min = 0MB (=0) (default)
2024-12-25 19:03:40,383 INFO  server.RaftServerConfigKeys (ConfUtils.java:logGet(46)) - raft.server.log.corruption.policy = EXCEPTION (default)
2024-12-25 19:03:40,383 INFO  server.RaftServerConfigKeys (ConfUtils.java:logGet(46)) - raft.server.storage.dir = [/home/runner/work/ratis/ratis/ratis-examples/target/test/data/6cc16ceb/MiniRaftClusterWithSimulatedRpc6b18c296/s3] (custom)
2024-12-25 19:03:40,383 INFO  storage.RaftStorageDirectory (RaftStorageDirectoryImpl.java:analyzeStorage(138)) - The storage directory /home/runner/work/ratis/ratis/ratis-examples/target/test/data/6cc16ceb/MiniRaftClusterWithSimulatedRpc6b18c296/s3/ecc5aed3-ed33-4a1d-963d-73c3960a554e does not exist. Creating ...
2024-12-25 19:03:40,383 TRACE util.FileUtils (LogUtils.java:runAndLog(49)) - Successfully ran Files.createDirectories /home/runner/work/ratis/ratis/ratis-examples/target/test/data/6cc16ceb/MiniRaftClusterWithSimulatedRpc6b18c296/s3/ecc5aed3-ed33-4a1d-963d-73c3960a554e
2024-12-25 19:03:40,385 INFO  storage.RaftStorageDirectory (RaftStorageDirectoryImpl.java:tryLock(229)) - Lock on /home/runner/work/ratis/ratis/ratis-examples/target/test/data/6cc16ceb/MiniRaftClusterWithSimulatedRpc6b18c296/s3/ecc5aed3-ed33-4a1d-963d-73c3960a554e/in_use.lock acquired by nodename 14827@fv-az835-686.uia40oc12eqezaqrhfktyfhufg.ex.internal.cloudapp.net
2024-12-25 19:03:40,385 TRACE util.FileUtils (LogUtils.java:runAndLog(49)) - Successfully ran Files.createDirectories /home/runner/work/ratis/ratis/ratis-examples/target/test/data/6cc16ceb/MiniRaftClusterWithSimulatedRpc6b18c296/s3/ecc5aed3-ed33-4a1d-963d-73c3960a554e/current
2024-12-25 19:03:40,385 TRACE util.FileUtils (LogUtils.java:runAndLog(49)) - Successfully ran Files.createDirectories /home/runner/work/ratis/ratis/ratis-examples/target/test/data/6cc16ceb/MiniRaftClusterWithSimulatedRpc6b18c296/s3/ecc5aed3-ed33-4a1d-963d-73c3960a554e/sm
2024-12-25 19:03:40,385 TRACE util.FileUtils (LogUtils.java:supplyAndLog(69)) - Successfully supplied FileChannel.open /home/runner/work/ratis/ratis/ratis-examples/target/test/data/6cc16ceb/MiniRaftClusterWithSimulatedRpc6b18c296/s3/ecc5aed3-ed33-4a1d-963d-73c3960a554e/current/raft-meta.tmp with options [CREATE, WRITE]: sun.nio.ch.FileChannelImpl@30f772e
2024-12-25 19:03:40,387 TRACE util.FileUtils (LogUtils.java:runAndLog(49)) - Successfully ran Atomic Files.move /home/runner/work/ratis/ratis/ratis-examples/target/test/data/6cc16ceb/MiniRaftClusterWithSimulatedRpc6b18c296/s3/ecc5aed3-ed33-4a1d-963d-73c3960a554e/current/raft-meta.tmp to /home/runner/work/ratis/ratis/ratis-examples/target/test/data/6cc16ceb/MiniRaftClusterWithSimulatedRpc6b18c296/s3/ecc5aed3-ed33-4a1d-963d-73c3960a554e/current/raft-meta with options [REPLACE_EXISTING]
2024-12-25 19:03:40,387 INFO  storage.RaftStorage (RaftStorageImpl.java:format(98)) - Storage directory /home/runner/work/ratis/ratis/ratis-examples/target/test/data/6cc16ceb/MiniRaftClusterWithSimulatedRpc6b18c296/s3/ecc5aed3-ed33-4a1d-963d-73c3960a554e has been successfully formatted.
2024-12-25 19:03:40,387 WARN  statemachine.StateMachine (ArithmeticStateMachine.java:loadSnapshot(115)) - The snapshot info is null.
2024-12-25 19:03:40,387 INFO  server.RaftServerConfigKeys (ConfUtils.java:logGet(46)) - raft.server.log.use.memory = false (default)
2024-12-25 19:03:40,388 INFO  server.RaftServerConfigKeys (ConfUtils.java:logGet(46)) - raft.server.log.purge.gap = 1024 (default)
2024-12-25 19:03:40,388 INFO  server.RaftServerConfigKeys (ConfUtils.java:logGet(46)) - raft.server.log.appender.buffer.byte-limit = 4MB (=4194304) (default)
2024-12-25 19:03:40,388 INFO  server.RaftServerConfigKeys (ConfUtils.java:logGet(46)) - raft.server.log.statemachine.data.read.timeout = 1000ms (default)
2024-12-25 19:03:40,388 INFO  server.RaftServerConfigKeys (ConfUtils.java:logGet(46)) - raft.server.log.purge.preservation.log.num = 0 (default)
2024-12-25 19:03:40,388 INFO  server.RaftServerConfigKeys (ConfUtils.java:logGet(46)) - raft.server.log.segment.size.max = 32MB (=33554432) (default)
2024-12-25 19:03:40,388 INFO  server.RaftServerConfigKeys (ConfUtils.java:logGet(46)) - raft.server.log.segment.cache.num.max = 6 (default)
2024-12-25 19:03:40,388 INFO  server.RaftServerConfigKeys (ConfUtils.java:logGet(46)) - raft.server.log.segment.cache.size.max = 200MB (=209715200) (default)
2024-12-25 19:03:40,388 INFO  server.RaftServerConfigKeys (ConfUtils.java:logGet(46)) - raft.server.log.appender.buffer.byte-limit = 4MB (=4194304) (default)
2024-12-25 19:03:40,389 INFO  util.AwaitToRun (AwaitToRun.java:start(81)) - Thread[s3@group-73C3960A554E-cacheEviction-AwaitToRun,5,main] started
2024-12-25 19:03:40,389 INFO  segmented.SegmentedRaftLogWorker (SegmentedRaftLogWorker.java:<init>(189)) - new s3@group-73C3960A554E-SegmentedRaftLogWorker for RaftStorageImpl:Storage Directory /home/runner/work/ratis/ratis/ratis-examples/target/test/data/6cc16ceb/MiniRaftClusterWithSimulatedRpc6b18c296/s3/ecc5aed3-ed33-4a1d-963d-73c3960a554e
2024-12-25 19:03:40,389 INFO  server.RaftServerConfigKeys (ConfUtils.java:logGet(46)) - raft.server.log.queue.byte-limit = 64MB (=67108864) (default)
2024-12-25 19:03:40,389 INFO  server.RaftServerConfigKeys (ConfUtils.java:logGet(46)) - raft.server.log.queue.element-limit = 4096 (default)
2024-12-25 19:03:40,389 INFO  server.RaftServerConfigKeys (ConfUtils.java:logGet(46)) - raft.server.log.segment.size.max = 32MB (=33554432) (default)
2024-12-25 19:03:40,390 INFO  server.RaftServerConfigKeys (ConfUtils.java:logGet(46)) - raft.server.log.preallocated.size = 4MB (=4194304) (default)
2024-12-25 19:03:40,390 INFO  server.RaftServerConfigKeys (ConfUtils.java:logGet(46)) - raft.server.log.force.sync.num = 128 (default)
2024-12-25 19:03:40,390 INFO  server.RaftServerConfigKeys (ConfUtils.java:logGet(46)) - raft.server.log.statemachine.data.sync = true (default)
2024-12-25 19:03:40,390 INFO  server.RaftServerConfigKeys (ConfUtils.java:logGet(46)) - raft.server.log.statemachine.data.sync.timeout = 10s (default)
2024-12-25 19:03:40,390 INFO  server.RaftServerConfigKeys (ConfUtils.java:logGet(46)) - raft.server.log.statemachine.data.sync.timeout.retry = -1 (default)
2024-12-25 19:03:40,390 INFO  server.RaftServerConfigKeys (ConfUtils.java:logGet(46)) - raft.server.log.write.buffer.size = 8MB (=8388608) (default)
2024-12-25 19:03:40,392 INFO  server.RaftServerConfigKeys (ConfUtils.java:logGet(46)) - raft.server.log.appender.buffer.byte-limit = 4MB (=4194304) (default)
2024-12-25 19:03:40,392 INFO  server.RaftServerConfigKeys (ConfUtils.java:logGet(46)) - raft.server.log.unsafe-flush.enabled = false (default)
2024-12-25 19:03:40,392 INFO  server.RaftServerConfigKeys (ConfUtils.java:logGet(46)) - raft.server.log.async-flush.enabled = false (default)
2024-12-25 19:03:40,392 INFO  server.RaftServerConfigKeys (ConfUtils.java:logGet(46)) - raft.server.log.statemachine.data.caching.enabled = false (default)
2024-12-25 19:03:40,392 INFO  segmented.SegmentedRaftLogWorker (SegmentedRaftLogWorker.java:lambda$new$0(140)) - s3@group-73C3960A554E-SegmentedRaftLogWorker: flushIndex: setUnconditionally 0 -> -1
2024-12-25 19:03:40,392 INFO  segmented.SegmentedRaftLogWorker (SegmentedRaftLogWorker.java:lambda$new$0(140)) - s3@group-73C3960A554E-SegmentedRaftLogWorker: safeCacheEvictIndex: setUnconditionally 0 -> -1
2024-12-25 19:03:40,393 INFO  server.RaftServer$Division (RaftServerImpl.java:start(392)) - s3@group-73C3960A554E: start as a follower, conf=conf: {index: -1, cur=peers:[s3, s14, s2]|listeners:[], old=null}
2024-12-25 19:03:40,393 INFO  server.RaftServer$Division (RaftServerImpl.java:setRole(379)) - s3@group-73C3960A554E: changes role from      null to FOLLOWER at term 0 for startAsFollower
2024-12-25 19:03:40,393 INFO  impl.RoleInfo (RoleInfo.java:updateAndGet(148)) - s3: start s3@group-73C3960A554E-FollowerState
2024-12-25 19:03:40,397 INFO  util.JmxRegister (JmxRegister.java:tryRegister(44)) - Successfully registered JMX Bean with object name Ratis:service=RaftServer,group=group-73C3960A554E,id=s3
2024-12-25 19:03:40,397 INFO  util.JmxRegister (JmxRegister.java:register(58)) - register mxBean class org.apache.ratis.server.impl.RaftServerJmxAdapter as Ratis:service=RaftServer,group=group-73C3960A554E,id=s3
2024-12-25 19:03:40,397 INFO  server.RaftServerConfigKeys (ConfUtils.java:logGet(46)) - raft.server.snapshot.trigger-when-stop.enabled = true (default)
2024-12-25 19:03:40,397 INFO  server.RaftServerConfigKeys (ConfUtils.java:logFallback(53)) - raft.server.rpc.first-election.timeout.min = 300ms (fallback to raft.server.rpc.timeout.min)
2024-12-25 19:03:40,397 INFO  server.RaftServerConfigKeys (ConfUtils.java:logGet(46)) - raft.server.snapshot.trigger-when-remove.enabled = true (default)
2024-12-25 19:03:40,397 INFO  server.RaftServerConfigKeys (ConfUtils.java:logFallback(53)) - raft.server.rpc.first-election.timeout.max = 600ms (fallback to raft.server.rpc.timeout.max)
2024-12-25 19:03:40,397 INFO  server.RaftServerConfigKeys (ConfUtils.java:logGet(46)) - raft.server.snapshot.auto.trigger.enabled = false (default)
2024-12-25 19:03:40,398 INFO  server.RaftServerConfigKeys (ConfUtils.java:logGet(46)) - raft.server.snapshot.retention.file.num = -1 (default)
2024-12-25 19:03:40,398 INFO  server.RaftServerConfigKeys (ConfUtils.java:logGet(46)) - raft.server.log.purge.upto.snapshot.index = false (default)
2024-12-25 19:03:40,398 INFO  server.RaftServer$Division (RaftServerImpl.java:start(406)) - s3@group-73C3960A554E: Successfully started.
2024-12-25 19:03:40,400 INFO  server.RaftServerConfigKeys (ConfUtils.java:logGet(46)) - raft.server.rpc.timeout.max = 600ms (custom)
2024-12-25 19:03:40,401 INFO  ratis.RaftTestUtil (RaftTestUtil.java:waitForLeader(107)) - printing group-73C3960A554E
  s3:  RUNNING [
   FOLLOWER s3@group-73C3960A554E:t0, leader=null, voted=, raftlog=Memoized:s3@group-73C3960A554E-SegmentedRaftLog:OPENED:c-1:lastnull, conf=conf: {index: -1, cur=peers:[s3, s14, s2]|listeners:[], old=null} RUNNING
   FOLLOWER s3@group-6AB839334A82:t0, leader=null, voted=, raftlog=Memoized:s3@group-6AB839334A82-SegmentedRaftLog:OPENED:c-1:lastnull, conf=conf: {index: -1, cur=peers:[]|listeners:[], old=null} STARTING] size=2
  s14:  RUNNING [
   FOLLOWER s14@group-73C3960A554E:t0, leader=null, voted=, raftlog=Memoized:s14@group-73C3960A554E-SegmentedRaftLog:OPENED:c-1:lastnull, conf=conf: {index: -1, cur=peers:[s3, s14, s2]|listeners:[], old=null} RUNNING
   FOLLOWER s14@group-6AB839334A82:t0, leader=null, voted=, raftlog=Memoized:s14@group-6AB839334A82-SegmentedRaftLog:OPENED:c-1:lastnull, conf=conf: {index: -1, cur=peers:[]|listeners:[], old=null} STARTING] size=2
  s2:  RUNNING [
   FOLLOWER s2@group-73C3960A554E:t0, leader=null, voted=, raftlog=Memoized:s2@group-73C3960A554E-SegmentedRaftLog:OPENED:c-1:lastnull, conf=conf: {index: -1, cur=peers:[s3, s14, s2]|listeners:[], old=null} RUNNING
   FOLLOWER s2@group-6AB839334A82:t0, leader=null, voted=, raftlog=Memoized:s2@group-6AB839334A82-SegmentedRaftLog:OPENED:c-1:lastnull, conf=conf: {index: -1, cur=peers:[]|listeners:[], old=null} STARTING] size=2
2024-12-25 19:03:40,402 WARN  ratis.RaftTestUtil (RaftTestUtil.java:lambda$waitForLeader$3(126)) - Attempt #1 failed: java.lang.IllegalStateException: No leader yet  for group-73C3960A554E: printing group-73C3960A554E
  s3:  RUNNING [
   FOLLOWER s3@group-73C3960A554E:t0, leader=null, voted=, raftlog=Memoized:s3@group-73C3960A554E-SegmentedRaftLog:OPENED:c-1:lastnull, conf=conf: {index: -1, cur=peers:[s3, s14, s2]|listeners:[], old=null} RUNNING
   FOLLOWER s3@group-6AB839334A82:t0, leader=null, voted=, raftlog=Memoized:s3@group-6AB839334A82-SegmentedRaftLog:OPENED:c-1:lastnull, conf=conf: {index: -1, cur=peers:[]|listeners:[], old=null} STARTING] size=2
  s14:  RUNNING [
   FOLLOWER s14@group-73C3960A554E:t0, leader=null, voted=, raftlog=Memoized:s14@group-73C3960A554E-SegmentedRaftLog:OPENED:c-1:lastnull, conf=conf: {index: -1, cur=peers:[s3, s14, s2]|listeners:[], old=null} RUNNING
   FOLLOWER s14@group-6AB839334A82:t0, leader=null, voted=, raftlog=Memoized:s14@group-6AB839334A82-SegmentedRaftLog:OPENED:c-1:lastnull, conf=conf: {index: -1, cur=peers:[]|listeners:[], old=null} STARTING] size=2
  s2:  RUNNING [
   FOLLOWER s2@group-73C3960A554E:t0, leader=null, voted=, raftlog=Memoized:s2@group-73C3960A554E-SegmentedRaftLog:OPENED:c-1:lastnull, conf=conf: {index: -1, cur=peers:[s3, s14, s2]|listeners:[], old=null} RUNNING
   FOLLOWER s2@group-6AB839334A82:t0, leader=null, voted=, raftlog=Memoized:s2@group-6AB839334A82-SegmentedRaftLog:OPENED:c-1:lastnull, conf=conf: {index: -1, cur=peers:[]|listeners:[], old=null} STARTING] size=2
2024-12-25 19:03:40,783 INFO  impl.FollowerState (FollowerState.java:runImpl(161)) - s3@group-73C3960A554E-FollowerState: change to CANDIDATE, lastRpcElapsedTime:389565505ns, electionTimeout:385ms
2024-12-25 19:03:40,783 INFO  impl.RoleInfo (RoleInfo.java:shutdownFollowerState(121)) - s3: shutdown s3@group-73C3960A554E-FollowerState
2024-12-25 19:03:40,783 INFO  server.RaftServer$Division (RaftServerImpl.java:setRole(379)) - s3@group-73C3960A554E: changes role from  FOLLOWER to CANDIDATE at term 0 for changeToCandidate
2024-12-25 19:03:40,783 INFO  server.RaftServerConfigKeys (ConfUtils.java:logGet(46)) - raft.server.leaderelection.pre-vote = true (default)
2024-12-25 19:03:40,784 INFO  impl.RoleInfo (RoleInfo.java:updateAndGet(148)) - s3: start s3@group-73C3960A554E-LeaderElection3
2024-12-25 19:03:40,784 INFO  impl.LeaderElection (LeaderElection.java:askForVotes(332)) - s3@group-73C3960A554E-LeaderElection3 PRE_VOTE round 0: submit vote requests at term 0 for conf: {index: -1, cur=peers:[s3, s14, s2]|listeners:[], old=null}
2024-12-25 19:03:40,785 INFO  server.RaftServerConfigKeys (ConfUtils.java:logFallback(53)) - raft.server.rpc.first-election.timeout.min = 300ms (fallback to raft.server.rpc.timeout.min)
2024-12-25 19:03:40,785 INFO  server.RaftServer$Division (RaftServerImpl.java:requestVote(1459)) - s14@group-73C3960A554E: receive requestVote(PRE_VOTE, s3, group-73C3960A554E, 0, (t:0, i:0))
2024-12-25 19:03:40,785 INFO  server.RaftServerConfigKeys (ConfUtils.java:logFallback(53)) - raft.server.rpc.first-election.timeout.max = 600ms (fallback to raft.server.rpc.timeout.max)
2024-12-25 19:03:40,785 INFO  impl.VoteContext (VoteContext.java:log(49)) - s14@group-73C3960A554E-FOLLOWER: accept PRE_VOTE from s3: our priority 0 <= candidate's priority 0
2024-12-25 19:03:40,785 INFO  server.RaftServer$Division (RaftServerImpl.java:requestVote(1459)) - s2@group-73C3960A554E: receive requestVote(PRE_VOTE, s3, group-73C3960A554E, 0, (t:0, i:0))
2024-12-25 19:03:40,785 INFO  server.RaftServer$Division (RaftServerImpl.java:requestVote(1493)) - s14@group-73C3960A554E replies to PRE_VOTE vote request: s3<-s14#0:OK-t0. Peer's state: s14@group-73C3960A554E:t0, leader=null, voted=, raftlog=Memoized:s14@group-73C3960A554E-SegmentedRaftLog:OPENED:c-1:lastnull, conf=conf: {index: -1, cur=peers:[s3, s14, s2]|listeners:[], old=null}
2024-12-25 19:03:40,785 INFO  impl.VoteContext (VoteContext.java:log(49)) - s2@group-73C3960A554E-FOLLOWER: accept PRE_VOTE from s3: our priority 0 <= candidate's priority 0
2024-12-25 19:03:40,785 INFO  impl.LeaderElection (LeaderElection.java:logAndReturn(90)) - s3@group-73C3960A554E-LeaderElection3: PRE_VOTE PASSED received 1 response(s) and 0 exception(s):
2024-12-25 19:03:40,785 INFO  server.RaftServer$Division (RaftServerImpl.java:requestVote(1493)) - s2@group-73C3960A554E replies to PRE_VOTE vote request: s3<-s2#0:OK-t0. Peer's state: s2@group-73C3960A554E:t0, leader=null, voted=, raftlog=Memoized:s2@group-73C3960A554E-SegmentedRaftLog:OPENED:c-1:lastnull, conf=conf: {index: -1, cur=peers:[s3, s14, s2]|listeners:[], old=null}
2024-12-25 19:03:40,785 INFO  impl.LeaderElection (LeaderElection.java:logAndReturn(94)) -   Response 0: s3<-s14#0:OK-t0
2024-12-25 19:03:40,785 INFO  impl.LeaderElection (LeaderElection.java:askForVotes(334)) - s3@group-73C3960A554E-LeaderElection3 PRE_VOTE round 0: result PASSED
2024-12-25 19:03:40,786 TRACE util.FileUtils (LogUtils.java:supplyAndLog(69)) - Successfully supplied FileChannel.open /home/runner/work/ratis/ratis/ratis-examples/target/test/data/6cc16ceb/MiniRaftClusterWithSimulatedRpc6b18c296/s3/ecc5aed3-ed33-4a1d-963d-73c3960a554e/current/raft-meta.tmp with options [CREATE, WRITE]: sun.nio.ch.FileChannelImpl@7f018445
2024-12-25 19:03:40,787 TRACE util.FileUtils (LogUtils.java:runAndLog(49)) - Successfully ran Atomic Files.move /home/runner/work/ratis/ratis/ratis-examples/target/test/data/6cc16ceb/MiniRaftClusterWithSimulatedRpc6b18c296/s3/ecc5aed3-ed33-4a1d-963d-73c3960a554e/current/raft-meta.tmp to /home/runner/work/ratis/ratis/ratis-examples/target/test/data/6cc16ceb/MiniRaftClusterWithSimulatedRpc6b18c296/s3/ecc5aed3-ed33-4a1d-963d-73c3960a554e/current/raft-meta with options [REPLACE_EXISTING]
2024-12-25 19:03:40,787 INFO  impl.LeaderElection (LeaderElection.java:askForVotes(332)) - s3@group-73C3960A554E-LeaderElection3 ELECTION round 0: submit vote requests at term 1 for conf: {index: -1, cur=peers:[s3, s14, s2]|listeners:[], old=null}
2024-12-25 19:03:40,787 INFO  server.RaftServerConfigKeys (ConfUtils.java:logFallback(53)) - raft.server.rpc.first-election.timeout.min = 300ms (fallback to raft.server.rpc.timeout.min)
2024-12-25 19:03:40,787 INFO  server.RaftServer$Division (RaftServerImpl.java:requestVote(1459)) - s14@group-73C3960A554E: receive requestVote(ELECTION, s3, group-73C3960A554E, 1, (t:0, i:0))
2024-12-25 19:03:40,787 INFO  server.RaftServerConfigKeys (ConfUtils.java:logFallback(53)) - raft.server.rpc.first-election.timeout.max = 600ms (fallback to raft.server.rpc.timeout.max)
2024-12-25 19:03:40,787 INFO  server.RaftServer$Division (RaftServerImpl.java:requestVote(1459)) - s2@group-73C3960A554E: receive requestVote(ELECTION, s3, group-73C3960A554E, 1, (t:0, i:0))
2024-12-25 19:03:40,788 INFO  impl.VoteContext (VoteContext.java:log(49)) - s14@group-73C3960A554E-FOLLOWER: accept ELECTION from s3: our priority 0 <= candidate's priority 0
2024-12-25 19:03:40,788 INFO  impl.VoteContext (VoteContext.java:log(49)) - s2@group-73C3960A554E-FOLLOWER: accept ELECTION from s3: our priority 0 <= candidate's priority 0
2024-12-25 19:03:40,788 INFO  server.RaftServer$Division (RaftServerImpl.java:setRole(379)) - s14@group-73C3960A554E: changes role from  FOLLOWER to FOLLOWER at term 0 for candidate:s3
2024-12-25 19:03:40,788 INFO  impl.RoleInfo (RoleInfo.java:shutdownFollowerState(121)) - s14: shutdown s14@group-73C3960A554E-FollowerState
2024-12-25 19:03:40,788 INFO  server.RaftServer$Division (RaftServerImpl.java:setRole(379)) - s2@group-73C3960A554E: changes role from  FOLLOWER to FOLLOWER at term 0 for candidate:s3
2024-12-25 19:03:40,788 INFO  impl.RoleInfo (RoleInfo.java:shutdownFollowerState(121)) - s2: shutdown s2@group-73C3960A554E-FollowerState
2024-12-25 19:03:40,789 INFO  impl.RoleInfo (RoleInfo.java:updateAndGet(148)) - s14: start s14@group-73C3960A554E-FollowerState
2024-12-25 19:03:40,789 INFO  impl.FollowerState (FollowerState.java:runImpl(170)) - s2@group-73C3960A554E-FollowerState was interrupted
2024-12-25 19:03:40,789 INFO  impl.RoleInfo (RoleInfo.java:updateAndGet(148)) - s2: start s2@group-73C3960A554E-FollowerState
2024-12-25 19:03:40,789 INFO  impl.FollowerState (FollowerState.java:runImpl(170)) - s14@group-73C3960A554E-FollowerState was interrupted
2024-12-25 19:03:40,789 INFO  server.RaftServer$Division (RaftServerImpl.java:setFirstElection(563)) - s14@group-73C3960A554E: set firstElectionSinceStartup to false for candidate:s3
2024-12-25 19:03:40,789 INFO  server.RaftServer$Division (RaftServerImpl.java:setFirstElection(563)) - s2@group-73C3960A554E: set firstElectionSinceStartup to false for candidate:s3
2024-12-25 19:03:40,789 TRACE util.FileUtils (LogUtils.java:supplyAndLog(69)) - Successfully supplied FileChannel.open /home/runner/work/ratis/ratis/ratis-examples/target/test/data/6cc16ceb/MiniRaftClusterWithSimulatedRpc6b18c296/s14/ecc5aed3-ed33-4a1d-963d-73c3960a554e/current/raft-meta.tmp with options [CREATE, WRITE]: sun.nio.ch.FileChannelImpl@77166f39
2024-12-25 19:03:40,789 TRACE util.FileUtils (LogUtils.java:supplyAndLog(69)) - Successfully supplied FileChannel.open /home/runner/work/ratis/ratis/ratis-examples/target/test/data/6cc16ceb/MiniRaftClusterWithSimulatedRpc6b18c296/s2/ecc5aed3-ed33-4a1d-963d-73c3960a554e/current/raft-meta.tmp with options [CREATE, WRITE]: sun.nio.ch.FileChannelImpl@16b8ccbc
2024-12-25 19:03:40,790 TRACE util.FileUtils (LogUtils.java:runAndLog(49)) - Successfully ran Atomic Files.move /home/runner/work/ratis/ratis/ratis-examples/target/test/data/6cc16ceb/MiniRaftClusterWithSimulatedRpc6b18c296/s14/ecc5aed3-ed33-4a1d-963d-73c3960a554e/current/raft-meta.tmp to /home/runner/work/ratis/ratis/ratis-examples/target/test/data/6cc16ceb/MiniRaftClusterWithSimulatedRpc6b18c296/s14/ecc5aed3-ed33-4a1d-963d-73c3960a554e/current/raft-meta with options [REPLACE_EXISTING]
2024-12-25 19:03:40,790 INFO  server.RaftServer$Division (RaftServerImpl.java:requestVote(1493)) - s14@group-73C3960A554E replies to ELECTION vote request: s3<-s14#0:OK-t1. Peer's state: s14@group-73C3960A554E:t1, leader=null, voted=s3, raftlog=Memoized:s14@group-73C3960A554E-SegmentedRaftLog:OPENED:c-1:lastnull, conf=conf: {index: -1, cur=peers:[s3, s14, s2]|listeners:[], old=null}
2024-12-25 19:03:40,792 INFO  impl.LeaderElection (LeaderElection.java:logAndReturn(90)) - s3@group-73C3960A554E-LeaderElection3: ELECTION PASSED received 1 response(s) and 0 exception(s):
2024-12-25 19:03:40,792 INFO  impl.LeaderElection (LeaderElection.java:logAndReturn(94)) -   Response 0: s3<-s14#0:OK-t1
2024-12-25 19:03:40,792 INFO  impl.LeaderElection (LeaderElection.java:askForVotes(334)) - s3@group-73C3960A554E-LeaderElection3 ELECTION round 0: result PASSED
2024-12-25 19:03:40,792 INFO  impl.RoleInfo (RoleInfo.java:shutdownLeaderElection(141)) - s3: shutdown s3@group-73C3960A554E-LeaderElection3
2024-12-25 19:03:40,792 INFO  server.RaftServer$Division (RaftServerImpl.java:setRole(379)) - s3@group-73C3960A554E: changes role from CANDIDATE to LEADER at term 1 for changeToLeader
2024-12-25 19:03:40,793 INFO  server.RaftServerConfigKeys (ConfUtils.java:logGet(46)) - raft.server.staging.catchup.gap = 1000 (default)
2024-12-25 19:03:40,793 INFO  server.RaftServerConfigKeys (ConfUtils.java:logGet(46)) - raft.server.write.element-limit = 4096 (default)
2024-12-25 19:03:40,793 TRACE util.FileUtils (LogUtils.java:runAndLog(49)) - Successfully ran Atomic Files.move /home/runner/work/ratis/ratis/ratis-examples/target/test/data/6cc16ceb/MiniRaftClusterWithSimulatedRpc6b18c296/s2/ecc5aed3-ed33-4a1d-963d-73c3960a554e/current/raft-meta.tmp to /home/runner/work/ratis/ratis/ratis-examples/target/test/data/6cc16ceb/MiniRaftClusterWithSimulatedRpc6b18c296/s2/ecc5aed3-ed33-4a1d-963d-73c3960a554e/current/raft-meta with options [REPLACE_EXISTING]
2024-12-25 19:03:40,793 INFO  server.RaftServerConfigKeys (ConfUtils.java:logGet(46)) - raft.server.write.byte-limit = 64MB (=67108864) (default)
2024-12-25 19:03:40,793 INFO  server.RaftServer$Division (RaftServerImpl.java:requestVote(1493)) - s2@group-73C3960A554E replies to ELECTION vote request: s3<-s2#0:OK-t1. Peer's state: s2@group-73C3960A554E:t1, leader=null, voted=s3, raftlog=Memoized:s2@group-73C3960A554E-SegmentedRaftLog:OPENED:c-1:lastnull, conf=conf: {index: -1, cur=peers:[s3, s14, s2]|listeners:[], old=null}
2024-12-25 19:03:40,793 INFO  server.RaftServerConfigKeys (ConfUtils.java:logGet(46)) - raft.server.watch.timeout = 10s (default)
2024-12-25 19:03:40,793 INFO  server.RaftServerConfigKeys (ConfUtils.java:logGet(46)) - raft.server.watch.timeout.denomination = 1s (default)
2024-12-25 19:03:40,793 INFO  server.RaftServerConfigKeys (ConfUtils.java:logGet(46)) - raft.server.watch.element-limit = 65536 (default)
2024-12-25 19:03:40,794 INFO  server.RaftServerConfigKeys (ConfUtils.java:logGet(46)) - raft.server.read.leader.lease.enabled = false (default)
2024-12-25 19:03:40,794 INFO  server.RaftServerConfigKeys (ConfUtils.java:logGet(46)) - raft.server.read.leader.lease.timeout.ratio = 0.9 (default)
2024-12-25 19:03:40,794 INFO  server.RaftServerConfigKeys (ConfUtils.java:logGet(46)) - raft.server.rpc.timeout.min = 300ms (custom)
2024-12-25 19:03:40,794 INFO  server.RaftServerConfigKeys (ConfUtils.java:logGet(46)) - raft.server.log.log-metadata.enabled = true (default)
2024-12-25 19:03:40,794 INFO  server.RaftServerConfigKeys (ConfUtils.java:logGet(46)) - raft.server.write.element-limit = 4096 (default)
2024-12-25 19:03:40,794 INFO  server.RaftServerConfigKeys (ConfUtils.java:logGet(46)) - raft.server.write.follower.gap.ratio.max = -1.0 (default)
2024-12-25 19:03:40,794 INFO  server.RaftServerConfigKeys (ConfUtils.java:logGet(46)) - raft.server.log.appender.snapshot.chunk.size.max = 16MB (=16777216) (default)
2024-12-25 19:03:40,794 INFO  server.RaftServerConfigKeys (ConfUtils.java:logGet(46)) - raft.server.log.appender.buffer.byte-limit = 4MB (=4194304) (default)
2024-12-25 19:03:40,795 INFO  server.RaftServerConfigKeys (ConfUtils.java:logGet(46)) - raft.server.log.appender.buffer.element-limit = 0 (default)
2024-12-25 19:03:40,795 INFO  server.RaftServerConfigKeys (ConfUtils.java:logGet(46)) - raft.server.log.appender.wait-time.min = 1ms (default)
2024-12-25 19:03:40,795 INFO  server.RaftServerConfigKeys (ConfUtils.java:logGet(46)) - raft.server.log.appender.snapshot.chunk.size.max = 16MB (=16777216) (default)
2024-12-25 19:03:40,795 INFO  server.RaftServerConfigKeys (ConfUtils.java:logGet(46)) - raft.server.log.appender.buffer.byte-limit = 4MB (=4194304) (default)
2024-12-25 19:03:40,795 INFO  server.RaftServerConfigKeys (ConfUtils.java:logGet(46)) - raft.server.log.appender.buffer.element-limit = 0 (default)
2024-12-25 19:03:40,795 INFO  server.RaftServerConfigKeys (ConfUtils.java:logGet(46)) - raft.server.log.appender.wait-time.min = 1ms (default)
2024-12-25 19:03:40,795 INFO  impl.RoleInfo (RoleInfo.java:updateAndGet(148)) - s3: start s3@group-73C3960A554E-LeaderStateImpl
2024-12-25 19:03:40,795 INFO  server.RaftServer$Division (RaftServerImpl.java:setFirstElection(563)) - s3@group-73C3960A554E: set firstElectionSinceStartup to false for becomeLeader
2024-12-25 19:03:40,795 INFO  server.RaftServer$Division (ServerState.java:setLeader(272)) - s3@group-73C3960A554E: change Leader from null to s3 at term 1 for becomeLeader, leader elected after 413ms
2024-12-25 19:03:40,796 INFO  segmented.SegmentedRaftLogWorker (SegmentedRaftLogWorker.java:startLogSegment(443)) - s3@group-73C3960A554E-SegmentedRaftLogWorker: Starting segment from index:0
2024-12-25 19:03:40,796 INFO  server.RaftServer$Division (ServerState.java:setRaftConf(386)) - s3@group-73C3960A554E: set configuration conf: {index: 0, cur=peers:[s3, s14, s2]|listeners:[], old=null}
2024-12-25 19:03:40,802 INFO  segmented.BufferedWriteChannel (BufferedWriteChannel.java:open(61)) - open log_inprogress_0 at position 0
2024-12-25 19:03:40,803 INFO  server.RaftServer$Division (ServerState.java:setLeader(272)) - s14@group-73C3960A554E: change Leader from null to s3 at term 1 for appendEntries, leader elected after 448ms
2024-12-25 19:03:40,803 INFO  server.RaftServer$Division (ServerState.java:setLeader(272)) - s2@group-73C3960A554E: change Leader from null to s3 at term 1 for appendEntries, leader elected after 436ms
2024-12-25 19:03:40,804 INFO  server.RaftServer$Division (ServerState.java:setRaftConf(386)) - s2@group-73C3960A554E: set configuration conf: {index: 0, cur=peers:[s3|, s14|, s2|]|listeners:[], old=null}
2024-12-25 19:03:40,804 INFO  server.RaftServer$Division (ServerState.java:setRaftConf(386)) - s14@group-73C3960A554E: set configuration conf: {index: 0, cur=peers:[s3|, s14|, s2|]|listeners:[], old=null}
2024-12-25 19:03:40,805 INFO  segmented.SegmentedRaftLogWorker (SegmentedRaftLogWorker.java:startLogSegment(443)) - s14@group-73C3960A554E-SegmentedRaftLogWorker: Starting segment from index:0
2024-12-25 19:03:40,804 INFO  segmented.SegmentedRaftLogWorker (SegmentedRaftLogWorker.java:startLogSegment(443)) - s2@group-73C3960A554E-SegmentedRaftLogWorker: Starting segment from index:0
2024-12-25 19:03:40,805 INFO  segmented.BufferedWriteChannel (BufferedWriteChannel.java:open(61)) - open log_inprogress_0 at position 0
2024-12-25 19:03:40,808 INFO  segmented.BufferedWriteChannel (BufferedWriteChannel.java:open(61)) - open log_inprogress_0 at position 0
2024-12-25 19:03:40,819 INFO  segmented.SegmentedRaftLogWorker (SegmentedRaftLogWorker.java:execute(667)) - s3@group-73C3960A554E-SegmentedRaftLogWorker: created new log segment /home/runner/work/ratis/ratis/ratis-examples/target/test/data/6cc16ceb/MiniRaftClusterWithSimulatedRpc6b18c296/s3/ecc5aed3-ed33-4a1d-963d-73c3960a554e/current/log_inprogress_0
2024-12-25 19:03:40,819 INFO  segmented.SegmentedRaftLogWorker (SegmentedRaftLogWorker.java:execute(667)) - s14@group-73C3960A554E-SegmentedRaftLogWorker: created new log segment /home/runner/work/ratis/ratis/ratis-examples/target/test/data/6cc16ceb/MiniRaftClusterWithSimulatedRpc6b18c296/s14/ecc5aed3-ed33-4a1d-963d-73c3960a554e/current/log_inprogress_0
2024-12-25 19:03:40,820 TRACE util.FileUtils (LogUtils.java:supplyAndLog(69)) - Successfully supplied FileChannel.open /home/runner/work/ratis/ratis/ratis-examples/target/test/data/6cc16ceb/MiniRaftClusterWithSimulatedRpc6b18c296/s3/ecc5aed3-ed33-4a1d-963d-73c3960a554e/current/raft-meta.conf.tmp with options [CREATE, WRITE]: sun.nio.ch.FileChannelImpl@85dd33a
2024-12-25 19:03:40,820 INFO  segmented.SegmentedRaftLogWorker (SegmentedRaftLogWorker.java:execute(667)) - s2@group-73C3960A554E-SegmentedRaftLogWorker: created new log segment /home/runner/work/ratis/ratis/ratis-examples/target/test/data/6cc16ceb/MiniRaftClusterWithSimulatedRpc6b18c296/s2/ecc5aed3-ed33-4a1d-963d-73c3960a554e/current/log_inprogress_0
2024-12-25 19:03:40,821 TRACE util.FileUtils (LogUtils.java:runAndLog(49)) - Successfully ran Atomic Files.move /home/runner/work/ratis/ratis/ratis-examples/target/test/data/6cc16ceb/MiniRaftClusterWithSimulatedRpc6b18c296/s3/ecc5aed3-ed33-4a1d-963d-73c3960a554e/current/raft-meta.conf.tmp to /home/runner/work/ratis/ratis/ratis-examples/target/test/data/6cc16ceb/MiniRaftClusterWithSimulatedRpc6b18c296/s3/ecc5aed3-ed33-4a1d-963d-73c3960a554e/current/raft-meta.conf with options [REPLACE_EXISTING]
2024-12-25 19:03:40,821 INFO  server.RaftServer$Division (LeaderStateImpl.java:checkStartIndex(314)) - Leader s3@group-73C3960A554E-LeaderStateImpl is ready since appliedIndex == startIndex == 0
2024-12-25 19:03:40,971 TRACE util.FileUtils (LogUtils.java:supplyAndLog(69)) - Successfully supplied FileChannel.open /home/runner/work/ratis/ratis/ratis-examples/target/test/data/6cc16ceb/MiniRaftClusterWithSimulatedRpc6b18c296/s14/ecc5aed3-ed33-4a1d-963d-73c3960a554e/current/raft-meta.conf.tmp with options [CREATE, WRITE]: sun.nio.ch.FileChannelImpl@28be48b9
2024-12-25 19:03:40,972 TRACE util.FileUtils (LogUtils.java:supplyAndLog(69)) - Successfully supplied FileChannel.open /home/runner/work/ratis/ratis/ratis-examples/target/test/data/6cc16ceb/MiniRaftClusterWithSimulatedRpc6b18c296/s2/ecc5aed3-ed33-4a1d-963d-73c3960a554e/current/raft-meta.conf.tmp with options [CREATE, WRITE]: sun.nio.ch.FileChannelImpl@2234e9d4
2024-12-25 19:03:40,972 TRACE util.FileUtils (LogUtils.java:runAndLog(49)) - Successfully ran Atomic Files.move /home/runner/work/ratis/ratis/ratis-examples/target/test/data/6cc16ceb/MiniRaftClusterWithSimulatedRpc6b18c296/s14/ecc5aed3-ed33-4a1d-963d-73c3960a554e/current/raft-meta.conf.tmp to /home/runner/work/ratis/ratis/ratis-examples/target/test/data/6cc16ceb/MiniRaftClusterWithSimulatedRpc6b18c296/s14/ecc5aed3-ed33-4a1d-963d-73c3960a554e/current/raft-meta.conf with options [REPLACE_EXISTING]
2024-12-25 19:03:40,973 TRACE util.FileUtils (LogUtils.java:runAndLog(49)) - Successfully ran Atomic Files.move /home/runner/work/ratis/ratis/ratis-examples/target/test/data/6cc16ceb/MiniRaftClusterWithSimulatedRpc6b18c296/s2/ecc5aed3-ed33-4a1d-963d-73c3960a554e/current/raft-meta.conf.tmp to /home/runner/work/ratis/ratis/ratis-examples/target/test/data/6cc16ceb/MiniRaftClusterWithSimulatedRpc6b18c296/s2/ecc5aed3-ed33-4a1d-963d-73c3960a554e/current/raft-meta.conf with options [REPLACE_EXISTING]
2024-12-25 19:03:41,302 INFO  ratis.RaftTestUtil (RaftTestUtil.java:waitForLeader(131)) - printing group-73C3960A554E
  s3:  RUNNING [
     LEADER s3@group-73C3960A554E:t1, leader=s3, voted=s3, raftlog=Memoized:s3@group-73C3960A554E-SegmentedRaftLog:OPENED:c0:last(t:1, i:0), conf=conf: {index: 0, cur=peers:[s3, s14, s2]|listeners:[], old=null} RUNNING
   FOLLOWER s3@group-6AB839334A82:t0, leader=null, voted=, raftlog=Memoized:s3@group-6AB839334A82-SegmentedRaftLog:OPENED:c-1:lastnull, conf=conf: {index: -1, cur=peers:[]|listeners:[], old=null} STARTING] size=2
  s14:  RUNNING [
   FOLLOWER s14@group-73C3960A554E:t1, leader=s3, voted=s3, raftlog=Memoized:s14@group-73C3960A554E-SegmentedRaftLog:OPENED:c0:last(t:1, i:0), conf=conf: {index: 0, cur=peers:[s3|, s14|, s2|]|listeners:[], old=null} RUNNING
   FOLLOWER s14@group-6AB839334A82:t0, leader=null, voted=, raftlog=Memoized:s14@group-6AB839334A82-SegmentedRaftLog:OPENED:c-1:lastnull, conf=conf: {index: -1, cur=peers:[]|listeners:[], old=null} STARTING] size=2
  s2:  RUNNING [
   FOLLOWER s2@group-73C3960A554E:t1, leader=s3, voted=s3, raftlog=Memoized:s2@group-73C3960A554E-SegmentedRaftLog:OPENED:c0:last(t:1, i:0), conf=conf: {index: 0, cur=peers:[s3|, s14|, s2|]|listeners:[], old=null} RUNNING
   FOLLOWER s2@group-6AB839334A82:t0, leader=null, voted=, raftlog=Memoized:s2@group-6AB839334A82-SegmentedRaftLog:OPENED:c-1:lastnull, conf=conf: {index: -1, cur=peers:[]|listeners:[], old=null} STARTING] size=2
2024-12-25 19:03:41,305 INFO  statemachine.StateMachine (ArithmeticStateMachine.java:applyTransaction(181)) - LEADER:s3-1: a = 43 = 43
2024-12-25 19:03:41,307 INFO  statemachine.StateMachine (ArithmeticStateMachine.java:applyTransaction(181)) - LEADER:s3-3: b = 924 = 924
2024-12-25 19:03:41,311 INFO  statemachine.StateMachine (ArithmeticStateMachine.java:applyTransaction(181)) - LEADER:s3-5: c = √(a^2 + b^2) = 925
2024-12-25 19:03:41,314 INFO  statemachine.StateMachine (ArithmeticStateMachine.java:applyTransaction(181)) - LEADER:s3-7: a = null = null
2024-12-25 19:03:41,317 INFO  statemachine.StateMachine (ArithmeticStateMachine.java:applyTransaction(181)) - LEADER:s3-9: b = null = null
2024-12-25 19:03:41,322 INFO  statemachine.StateMachine (ArithmeticStateMachine.java:applyTransaction(181)) - LEADER:s3-11: c = null = null
2024-12-25 19:03:41,325 INFO  statemachine.StateMachine (ArithmeticStateMachine.java:applyTransaction(181)) - LEADER:s3-13: a = 45 = 45
2024-12-25 19:03:41,327 INFO  statemachine.StateMachine (ArithmeticStateMachine.java:applyTransaction(181)) - LEADER:s3-15: b = 1012 = 1012
2024-12-25 19:03:41,329 INFO  statemachine.StateMachine (ArithmeticStateMachine.java:applyTransaction(181)) - LEADER:s3-17: c = √(a^2 + b^2) = 1013
2024-12-25 19:03:41,332 INFO  statemachine.StateMachine (ArithmeticStateMachine.java:applyTransaction(181)) - LEADER:s3-19: a = null = null
2024-12-25 19:03:41,333 INFO  statemachine.StateMachine (ArithmeticStateMachine.java:applyTransaction(181)) - LEADER:s3-21: b = null = null
2024-12-25 19:03:41,335 INFO  statemachine.StateMachine (ArithmeticStateMachine.java:applyTransaction(181)) - LEADER:s3-23: c = null = null
2024-12-25 19:03:41,337 INFO  statemachine.StateMachine (ArithmeticStateMachine.java:applyTransaction(181)) - LEADER:s3-25: a = 47 = 47
2024-12-25 19:03:41,339 INFO  statemachine.StateMachine (ArithmeticStateMachine.java:applyTransaction(181)) - LEADER:s3-27: b = 1104 = 1104
2024-12-25 19:03:41,341 INFO  statemachine.StateMachine (ArithmeticStateMachine.java:applyTransaction(181)) - LEADER:s3-29: c = √(a^2 + b^2) = 1105
2024-12-25 19:03:41,342 INFO  statemachine.StateMachine (ArithmeticStateMachine.java:applyTransaction(181)) - LEADER:s3-31: a = null = null
2024-12-25 19:03:41,344 INFO  statemachine.StateMachine (ArithmeticStateMachine.java:applyTransaction(181)) - LEADER:s3-33: b = null = null
2024-12-25 19:03:41,346 INFO  statemachine.StateMachine (ArithmeticStateMachine.java:applyTransaction(181)) - LEADER:s3-35: c = null = null
2024-12-25 19:03:41,348 INFO  statemachine.StateMachine (ArithmeticStateMachine.java:applyTransaction(181)) - LEADER:s3-37: a = 49 = 49
2024-12-25 19:03:41,350 INFO  statemachine.StateMachine (ArithmeticStateMachine.java:applyTransaction(181)) - LEADER:s3-39: b = 1200 = 1200
2024-12-25 19:03:41,352 INFO  statemachine.StateMachine (ArithmeticStateMachine.java:applyTransaction(181)) - LEADER:s3-41: c = √(a^2 + b^2) = 1201
2024-12-25 19:03:41,354 INFO  statemachine.StateMachine (ArithmeticStateMachine.java:applyTransaction(181)) - LEADER:s3-43: a = null = null
2024-12-25 19:03:41,356 INFO  statemachine.StateMachine (ArithmeticStateMachine.java:applyTransaction(181)) - LEADER:s3-45: b = null = null
2024-12-25 19:03:41,358 INFO  statemachine.StateMachine (ArithmeticStateMachine.java:applyTransaction(181)) - LEADER:s3-47: c = null = null
2024-12-25 19:03:41,360 INFO  statemachine.StateMachine (ArithmeticStateMachine.java:applyTransaction(181)) - LEADER:s3-49: a = 51 = 51
2024-12-25 19:03:41,362 INFO  statemachine.StateMachine (ArithmeticStateMachine.java:applyTransaction(181)) - LEADER:s3-51: b = 1300 = 1300
2024-12-25 19:03:41,364 INFO  statemachine.StateMachine (ArithmeticStateMachine.java:applyTransaction(181)) - LEADER:s3-53: c = √(a^2 + b^2) = 1301
2024-12-25 19:03:41,366 INFO  statemachine.StateMachine (ArithmeticStateMachine.java:applyTransaction(181)) - LEADER:s3-55: a = null = null
2024-12-25 19:03:41,368 INFO  statemachine.StateMachine (ArithmeticStateMachine.java:applyTransaction(181)) - LEADER:s3-57: b = null = null
2024-12-25 19:03:41,371 INFO  statemachine.StateMachine (ArithmeticStateMachine.java:applyTransaction(181)) - LEADER:s3-59: c = null = null
2024-12-25 19:03:41,373 INFO  statemachine.StateMachine (ArithmeticStateMachine.java:applyTransaction(181)) - LEADER:s3-61: a = 53 = 53
2024-12-25 19:03:41,375 INFO  statemachine.StateMachine (ArithmeticStateMachine.java:applyTransaction(181)) - LEADER:s3-63: b = 1404 = 1404
2024-12-25 19:03:41,377 INFO  statemachine.StateMachine (ArithmeticStateMachine.java:applyTransaction(181)) - LEADER:s3-65: c = √(a^2 + b^2) = 1405
2024-12-25 19:03:41,379 INFO  statemachine.StateMachine (ArithmeticStateMachine.java:applyTransaction(181)) - LEADER:s3-67: a = null = null
2024-12-25 19:03:41,380 INFO  statemachine.StateMachine (ArithmeticStateMachine.java:applyTransaction(181)) - LEADER:s3-69: b = null = null
2024-12-25 19:03:41,383 INFO  statemachine.StateMachine (ArithmeticStateMachine.java:applyTransaction(181)) - LEADER:s3-71: c = null = null
2024-12-25 19:03:41,385 INFO  statemachine.StateMachine (ArithmeticStateMachine.java:applyTransaction(181)) - LEADER:s3-73: a = 55 = 55
2024-12-25 19:03:41,387 INFO  statemachine.StateMachine (ArithmeticStateMachine.java:applyTransaction(181)) - LEADER:s3-75: b = 1512 = 1512
2024-12-25 19:03:41,389 INFO  statemachine.StateMachine (ArithmeticStateMachine.java:applyTransaction(181)) - LEADER:s3-77: c = √(a^2 + b^2) = 1513
2024-12-25 19:03:41,391 INFO  statemachine.StateMachine (ArithmeticStateMachine.java:applyTransaction(181)) - LEADER:s3-79: a = null = null
2024-12-25 19:03:41,394 INFO  statemachine.StateMachine (ArithmeticStateMachine.java:applyTransaction(181)) - LEADER:s3-81: b = null = null
2024-12-25 19:03:41,396 INFO  statemachine.StateMachine (ArithmeticStateMachine.java:applyTransaction(181)) - LEADER:s3-83: c = null = null
2024-12-25 19:03:41,398 INFO  statemachine.StateMachine (ArithmeticStateMachine.java:applyTransaction(181)) - LEADER:s3-85: a = 57 = 57
2024-12-25 19:03:41,400 INFO  statemachine.StateMachine (ArithmeticStateMachine.java:applyTransaction(181)) - LEADER:s3-87: b = 1624 = 1624
2024-12-25 19:03:41,403 INFO  statemachine.StateMachine (ArithmeticStateMachine.java:applyTransaction(181)) - LEADER:s3-89: c = √(a^2 + b^2) = 1625
2024-12-25 19:03:41,405 INFO  statemachine.StateMachine (ArithmeticStateMachine.java:applyTransaction(181)) - LEADER:s3-91: a = null = null
2024-12-25 19:03:41,406 INFO  statemachine.StateMachine (ArithmeticStateMachine.java:applyTransaction(181)) - LEADER:s3-93: b = null = null
2024-12-25 19:03:41,408 INFO  statemachine.StateMachine (ArithmeticStateMachine.java:applyTransaction(181)) - LEADER:s3-95: c = null = null
2024-12-25 19:03:41,410 INFO  statemachine.StateMachine (ArithmeticStateMachine.java:applyTransaction(181)) - LEADER:s3-97: a = 59 = 59
2024-12-25 19:03:41,412 INFO  statemachine.StateMachine (ArithmeticStateMachine.java:applyTransaction(181)) - LEADER:s3-99: b = 1740 = 1740
2024-12-25 19:03:41,415 INFO  statemachine.StateMachine (ArithmeticStateMachine.java:applyTransaction(181)) - LEADER:s3-101: c = √(a^2 + b^2) = 1741
2024-12-25 19:03:41,418 INFO  statemachine.StateMachine (ArithmeticStateMachine.java:applyTransaction(181)) - LEADER:s3-103: a = null = null
2024-12-25 19:03:41,420 INFO  statemachine.StateMachine (ArithmeticStateMachine.java:applyTransaction(181)) - LEADER:s3-105: b = null = null
2024-12-25 19:03:41,422 INFO  statemachine.StateMachine (ArithmeticStateMachine.java:applyTransaction(181)) - LEADER:s3-107: c = null = null
2024-12-25 19:03:41,423 INFO  statemachine.StateMachine (ArithmeticStateMachine.java:applyTransaction(181)) - LEADER:s3-109: a = 61 = 61
2024-12-25 19:03:41,425 INFO  statemachine.StateMachine (ArithmeticStateMachine.java:applyTransaction(181)) - LEADER:s3-111: b = 1860 = 1860
2024-12-25 19:03:41,427 INFO  statemachine.StateMachine (ArithmeticStateMachine.java:applyTransaction(181)) - LEADER:s3-113: c = √(a^2 + b^2) = 1861
2024-12-25 19:03:41,428 INFO  statemachine.StateMachine (ArithmeticStateMachine.java:applyTransaction(181)) - LEADER:s3-115: a = null = null
2024-12-25 19:03:41,430 INFO  statemachine.StateMachine (ArithmeticStateMachine.java:applyTransaction(181)) - LEADER:s3-117: b = null = null
2024-12-25 19:03:41,433 INFO  statemachine.StateMachine (ArithmeticStateMachine.java:applyTransaction(181)) - LEADER:s3-119: c = null = null
2024-12-25 19:03:41,433 INFO  impl.GroupManagementBaseTest (GroupManagementBaseTest.java:runMultiGroupTest(281)) - 3) starting group-639A8E78DFD7:[s4, s5, s6]
2024-12-25 19:03:41,435 INFO  server.RaftServer (RaftServerProxy.java:addNew(101)) - s4: addNew group-639A8E78DFD7:[s4, s5, s6] returns group-639A8E78DFD7:java.util.concurrent.CompletableFuture@3ce8ffc[Not completed]
2024-12-25 19:03:41,435 INFO  server.RaftServer$Division (RaftServerImpl.java:<init>(256)) - s4: new RaftServerImpl for group-639A8E78DFD7:[s4, s5, s6] with ArithmeticStateMachine:uninitialized
2024-12-25 19:03:41,435 INFO  server.RaftServerConfigKeys (ConfUtils.java:logGet(46)) - raft.server.rpc.timeout.min = 300ms (custom)
2024-12-25 19:03:41,435 INFO  server.RaftServerConfigKeys (ConfUtils.java:logGet(46)) - raft.server.rpc.timeout.max = 600ms (custom)
2024-12-25 19:03:41,435 INFO  server.RaftServerConfigKeys (ConfUtils.java:logGet(46)) - raft.server.rpc.sleep.time = 25ms (default)
2024-12-25 19:03:41,435 INFO  server.RaftServerConfigKeys (ConfUtils.java:logGet(46)) - raft.server.rpc.slowness.timeout = 60s (default)
2024-12-25 19:03:41,435 INFO  server.RaftServerConfigKeys (ConfUtils.java:logGet(46)) - raft.server.leaderelection.leader.step-down.wait-time = 10s (default)
2024-12-25 19:03:41,435 INFO  server.RaftServerConfigKeys (ConfUtils.java:logGet(46)) - raft.server.leaderelection.member.majority-add = false (default)
2024-12-25 19:03:41,435 INFO  server.RaftServerConfigKeys (ConfUtils.java:logGet(46)) - raft.server.sleep.deviation.threshold = 300ms (default)
2024-12-25 19:03:41,435 INFO  server.RaftServer$Division (ServerState.java:<init>(114)) - s4@group-639A8E78DFD7: ConfigurationManager, init=conf: {index: -1, cur=peers:[s4, s5, s6]|listeners:[], old=null}, confs=<EMPTY_MAP>
2024-12-25 19:03:41,435 INFO  server.RaftServerConfigKeys (ConfUtils.java:logGet(46)) - raft.server.notification.no-leader.timeout = 60s (default)
2024-12-25 19:03:41,435 INFO  server.RaftServerConfigKeys (ConfUtils.java:logGet(46)) - raft.server.read.timeout = 10s (default)
2024-12-25 19:03:41,435 INFO  server.RaftServerConfigKeys (ConfUtils.java:logGet(46)) - raft.server.retrycache.expirytime = 60s (default)
2024-12-25 19:03:41,435 INFO  server.RaftServerConfigKeys (ConfUtils.java:logGet(46)) - raft.server.retrycache.statistics.expirytime = 100ms (default)
2024-12-25 19:03:41,435 INFO  server.RaftServerConfigKeys (ConfUtils.java:logGet(46)) - raft.server.read.option = DEFAULT (default)
2024-12-25 19:03:41,435 INFO  server.RaftServerConfigKeys (ConfUtils.java:logGet(46)) - raft.server.read.read-after-write-consistent.write-index-cache.expiry-time = 60s (default)
2024-12-25 19:03:41,436 INFO  server.RaftServerConfigKeys (ConfUtils.java:logGet(46)) - raft.server.rpc.request.timeout = 3000ms (default)
2024-12-25 19:03:41,436 INFO  server.RaftServerConfigKeys (ConfUtils.java:logGet(46)) - raft.server.log.appender.install.snapshot.enabled = true (default)
2024-12-25 19:03:41,436 INFO  server.RaftServerConfigKeys (ConfUtils.java:logGet(46)) - raft.server.threadpool.server.cached = true (default)
2024-12-25 19:03:41,436 INFO  server.RaftServerConfigKeys (ConfUtils.java:logGet(46)) - raft.server.threadpool.server.size = 0 (default)
2024-12-25 19:03:41,436 INFO  server.RaftServerConfigKeys (ConfUtils.java:logGet(46)) - raft.server.threadpool.client.cached = true (default)
2024-12-25 19:03:41,436 INFO  server.RaftServerConfigKeys (ConfUtils.java:logGet(46)) - raft.server.threadpool.client.size = 0 (default)
2024-12-25 19:03:41,436 INFO  server.RaftServerConfigKeys (ConfUtils.java:logGet(46)) - raft.server.storage.free-space.min = 0MB (=0) (default)
2024-12-25 19:03:41,436 INFO  server.RaftServerConfigKeys (ConfUtils.java:logGet(46)) - raft.server.log.corruption.policy = EXCEPTION (default)
2024-12-25 19:03:41,437 INFO  server.RaftServerConfigKeys (ConfUtils.java:logGet(46)) - raft.server.storage.dir = [/home/runner/work/ratis/ratis/ratis-examples/target/test/data/6cc16ceb/MiniRaftClusterWithSimulatedRpc6b18c296/s4] (custom)
2024-12-25 19:03:41,437 INFO  storage.RaftStorageDirectory (RaftStorageDirectoryImpl.java:analyzeStorage(138)) - The storage directory /home/runner/work/ratis/ratis/ratis-examples/target/test/data/6cc16ceb/MiniRaftClusterWithSimulatedRpc6b18c296/s4/27e74a1c-3483-4ef2-a5df-639a8e78dfd7 does not exist. Creating ...
2024-12-25 19:03:41,437 TRACE util.FileUtils (LogUtils.java:runAndLog(49)) - Successfully ran Files.createDirectories /home/runner/work/ratis/ratis/ratis-examples/target/test/data/6cc16ceb/MiniRaftClusterWithSimulatedRpc6b18c296/s4/27e74a1c-3483-4ef2-a5df-639a8e78dfd7
2024-12-25 19:03:41,438 INFO  storage.RaftStorageDirectory (RaftStorageDirectoryImpl.java:tryLock(229)) - Lock on /home/runner/work/ratis/ratis/ratis-examples/target/test/data/6cc16ceb/MiniRaftClusterWithSimulatedRpc6b18c296/s4/27e74a1c-3483-4ef2-a5df-639a8e78dfd7/in_use.lock acquired by nodename 14827@fv-az835-686.uia40oc12eqezaqrhfktyfhufg.ex.internal.cloudapp.net
2024-12-25 19:03:41,438 TRACE util.FileUtils (LogUtils.java:runAndLog(49)) - Successfully ran Files.createDirectories /home/runner/work/ratis/ratis/ratis-examples/target/test/data/6cc16ceb/MiniRaftClusterWithSimulatedRpc6b18c296/s4/27e74a1c-3483-4ef2-a5df-639a8e78dfd7/current
2024-12-25 19:03:41,438 TRACE util.FileUtils (LogUtils.java:runAndLog(49)) - Successfully ran Files.createDirectories /home/runner/work/ratis/ratis/ratis-examples/target/test/data/6cc16ceb/MiniRaftClusterWithSimulatedRpc6b18c296/s4/27e74a1c-3483-4ef2-a5df-639a8e78dfd7/sm
2024-12-25 19:03:41,438 TRACE util.FileUtils (LogUtils.java:supplyAndLog(69)) - Successfully supplied FileChannel.open /home/runner/work/ratis/ratis/ratis-examples/target/test/data/6cc16ceb/MiniRaftClusterWithSimulatedRpc6b18c296/s4/27e74a1c-3483-4ef2-a5df-639a8e78dfd7/current/raft-meta.tmp with options [CREATE, WRITE]: sun.nio.ch.FileChannelImpl@50062055
2024-12-25 19:03:41,439 TRACE util.FileUtils (LogUtils.java:runAndLog(49)) - Successfully ran Atomic Files.move /home/runner/work/ratis/ratis/ratis-examples/target/test/data/6cc16ceb/MiniRaftClusterWithSimulatedRpc6b18c296/s4/27e74a1c-3483-4ef2-a5df-639a8e78dfd7/current/raft-meta.tmp to /home/runner/work/ratis/ratis/ratis-examples/target/test/data/6cc16ceb/MiniRaftClusterWithSimulatedRpc6b18c296/s4/27e74a1c-3483-4ef2-a5df-639a8e78dfd7/current/raft-meta with options [REPLACE_EXISTING]
2024-12-25 19:03:41,439 INFO  storage.RaftStorage (RaftStorageImpl.java:format(98)) - Storage directory /home/runner/work/ratis/ratis/ratis-examples/target/test/data/6cc16ceb/MiniRaftClusterWithSimulatedRpc6b18c296/s4/27e74a1c-3483-4ef2-a5df-639a8e78dfd7 has been successfully formatted.
2024-12-25 19:03:41,440 WARN  statemachine.StateMachine (ArithmeticStateMachine.java:loadSnapshot(115)) - The snapshot info is null.
2024-12-25 19:03:41,440 INFO  server.RaftServerConfigKeys (ConfUtils.java:logGet(46)) - raft.server.log.use.memory = false (default)
2024-12-25 19:03:41,440 INFO  server.RaftServerConfigKeys (ConfUtils.java:logGet(46)) - raft.server.log.purge.gap = 1024 (default)
2024-12-25 19:03:41,440 INFO  server.RaftServerConfigKeys (ConfUtils.java:logGet(46)) - raft.server.log.appender.buffer.byte-limit = 4MB (=4194304) (default)
2024-12-25 19:03:41,440 INFO  server.RaftServerConfigKeys (ConfUtils.java:logGet(46)) - raft.server.log.statemachine.data.read.timeout = 1000ms (default)
2024-12-25 19:03:41,440 INFO  server.RaftServerConfigKeys (ConfUtils.java:logGet(46)) - raft.server.log.purge.preservation.log.num = 0 (default)
2024-12-25 19:03:41,440 INFO  server.RaftServerConfigKeys (ConfUtils.java:logGet(46)) - raft.server.log.segment.size.max = 32MB (=33554432) (default)
2024-12-25 19:03:41,440 INFO  server.RaftServerConfigKeys (ConfUtils.java:logGet(46)) - raft.server.log.segment.cache.num.max = 6 (default)
2024-12-25 19:03:41,441 INFO  server.RaftServerConfigKeys (ConfUtils.java:logGet(46)) - raft.server.log.segment.cache.size.max = 200MB (=209715200) (default)
2024-12-25 19:03:41,441 INFO  server.RaftServerConfigKeys (ConfUtils.java:logGet(46)) - raft.server.log.appender.buffer.byte-limit = 4MB (=4194304) (default)
2024-12-25 19:03:41,441 INFO  util.AwaitToRun (AwaitToRun.java:start(81)) - Thread[s4@group-639A8E78DFD7-cacheEviction-AwaitToRun,5,main] started
2024-12-25 19:03:41,441 INFO  segmented.SegmentedRaftLogWorker (SegmentedRaftLogWorker.java:<init>(189)) - new s4@group-639A8E78DFD7-SegmentedRaftLogWorker for RaftStorageImpl:Storage Directory /home/runner/work/ratis/ratis/ratis-examples/target/test/data/6cc16ceb/MiniRaftClusterWithSimulatedRpc6b18c296/s4/27e74a1c-3483-4ef2-a5df-639a8e78dfd7
2024-12-25 19:03:41,441 INFO  server.RaftServerConfigKeys (ConfUtils.java:logGet(46)) - raft.server.log.queue.byte-limit = 64MB (=67108864) (default)
2024-12-25 19:03:41,441 INFO  server.RaftServerConfigKeys (ConfUtils.java:logGet(46)) - raft.server.log.queue.element-limit = 4096 (default)
2024-12-25 19:03:41,441 INFO  server.RaftServerConfigKeys (ConfUtils.java:logGet(46)) - raft.server.log.segment.size.max = 32MB (=33554432) (default)
2024-12-25 19:03:41,441 INFO  server.RaftServerConfigKeys (ConfUtils.java:logGet(46)) - raft.server.log.preallocated.size = 4MB (=4194304) (default)
2024-12-25 19:03:41,441 INFO  server.RaftServerConfigKeys (ConfUtils.java:logGet(46)) - raft.server.log.force.sync.num = 128 (default)
2024-12-25 19:03:41,441 INFO  server.RaftServerConfigKeys (ConfUtils.java:logGet(46)) - raft.server.log.statemachine.data.sync = true (default)
2024-12-25 19:03:41,441 INFO  server.RaftServerConfigKeys (ConfUtils.java:logGet(46)) - raft.server.log.statemachine.data.sync.timeout = 10s (default)
2024-12-25 19:03:41,441 INFO  server.RaftServerConfigKeys (ConfUtils.java:logGet(46)) - raft.server.log.statemachine.data.sync.timeout.retry = -1 (default)
2024-12-25 19:03:41,442 INFO  server.RaftServerConfigKeys (ConfUtils.java:logGet(46)) - raft.server.log.write.buffer.size = 8MB (=8388608) (default)
2024-12-25 19:03:41,443 INFO  server.RaftServerConfigKeys (ConfUtils.java:logGet(46)) - raft.server.log.appender.buffer.byte-limit = 4MB (=4194304) (default)
2024-12-25 19:03:41,443 INFO  server.RaftServerConfigKeys (ConfUtils.java:logGet(46)) - raft.server.log.unsafe-flush.enabled = false (default)
2024-12-25 19:03:41,443 INFO  server.RaftServerConfigKeys (ConfUtils.java:logGet(46)) - raft.server.log.async-flush.enabled = false (default)
2024-12-25 19:03:41,443 INFO  server.RaftServerConfigKeys (ConfUtils.java:logGet(46)) - raft.server.log.statemachine.data.caching.enabled = false (default)
2024-12-25 19:03:41,443 INFO  segmented.SegmentedRaftLogWorker (SegmentedRaftLogWorker.java:lambda$new$0(140)) - s4@group-639A8E78DFD7-SegmentedRaftLogWorker: flushIndex: setUnconditionally 0 -> -1
2024-12-25 19:03:41,443 INFO  segmented.SegmentedRaftLogWorker (SegmentedRaftLogWorker.java:lambda$new$0(140)) - s4@group-639A8E78DFD7-SegmentedRaftLogWorker: safeCacheEvictIndex: setUnconditionally 0 -> -1
2024-12-25 19:03:41,444 INFO  server.RaftServer$Division (RaftServerImpl.java:start(392)) - s4@group-639A8E78DFD7: start as a follower, conf=conf: {index: -1, cur=peers:[s4, s5, s6]|listeners:[], old=null}
2024-12-25 19:03:41,444 INFO  server.RaftServer$Division (RaftServerImpl.java:setRole(379)) - s4@group-639A8E78DFD7: changes role from      null to FOLLOWER at term 0 for startAsFollower
2024-12-25 19:03:41,444 INFO  impl.RoleInfo (RoleInfo.java:updateAndGet(148)) - s4: start s4@group-639A8E78DFD7-FollowerState
2024-12-25 19:03:41,444 INFO  server.RaftServerConfigKeys (ConfUtils.java:logFallback(53)) - raft.server.rpc.first-election.timeout.min = 300ms (fallback to raft.server.rpc.timeout.min)
2024-12-25 19:03:41,444 INFO  util.JmxRegister (JmxRegister.java:tryRegister(44)) - Successfully registered JMX Bean with object name Ratis:service=RaftServer,group=group-639A8E78DFD7,id=s4
2024-12-25 19:03:41,444 INFO  util.JmxRegister (JmxRegister.java:register(58)) - register mxBean class org.apache.ratis.server.impl.RaftServerJmxAdapter as Ratis:service=RaftServer,group=group-639A8E78DFD7,id=s4
2024-12-25 19:03:41,444 INFO  server.RaftServerConfigKeys (ConfUtils.java:logFallback(53)) - raft.server.rpc.first-election.timeout.max = 600ms (fallback to raft.server.rpc.timeout.max)
2024-12-25 19:03:41,444 INFO  server.RaftServerConfigKeys (ConfUtils.java:logGet(46)) - raft.server.snapshot.trigger-when-stop.enabled = true (default)
2024-12-25 19:03:41,445 INFO  server.RaftServerConfigKeys (ConfUtils.java:logGet(46)) - raft.server.snapshot.trigger-when-remove.enabled = true (default)
2024-12-25 19:03:41,445 INFO  server.RaftServerConfigKeys (ConfUtils.java:logGet(46)) - raft.server.snapshot.auto.trigger.enabled = false (default)
2024-12-25 19:03:41,445 INFO  server.RaftServerConfigKeys (ConfUtils.java:logGet(46)) - raft.server.snapshot.retention.file.num = -1 (default)
2024-12-25 19:03:41,445 INFO  server.RaftServerConfigKeys (ConfUtils.java:logGet(46)) - raft.server.log.purge.upto.snapshot.index = false (default)
2024-12-25 19:03:41,445 INFO  server.RaftServer$Division (RaftServerImpl.java:start(406)) - s4@group-639A8E78DFD7: Successfully started.
2024-12-25 19:03:41,446 INFO  server.RaftServer (RaftServerProxy.java:addNew(101)) - s5: addNew group-639A8E78DFD7:[s4, s5, s6] returns group-639A8E78DFD7:java.util.concurrent.CompletableFuture@5a7a680b[Not completed]
2024-12-25 19:03:41,446 INFO  server.RaftServer$Division (RaftServerImpl.java:<init>(256)) - s5: new RaftServerImpl for group-639A8E78DFD7:[s4, s5, s6] with ArithmeticStateMachine:uninitialized
2024-12-25 19:03:41,446 INFO  server.RaftServerConfigKeys (ConfUtils.java:logGet(46)) - raft.server.rpc.timeout.min = 300ms (custom)
2024-12-25 19:03:41,446 INFO  server.RaftServerConfigKeys (ConfUtils.java:logGet(46)) - raft.server.rpc.timeout.max = 600ms (custom)
2024-12-25 19:03:41,446 INFO  server.RaftServerConfigKeys (ConfUtils.java:logGet(46)) - raft.server.rpc.sleep.time = 25ms (default)
2024-12-25 19:03:41,446 INFO  server.RaftServerConfigKeys (ConfUtils.java:logGet(46)) - raft.server.rpc.slowness.timeout = 60s (default)
2024-12-25 19:03:41,446 INFO  server.RaftServerConfigKeys (ConfUtils.java:logGet(46)) - raft.server.leaderelection.leader.step-down.wait-time = 10s (default)
2024-12-25 19:03:41,446 INFO  server.RaftServerConfigKeys (ConfUtils.java:logGet(46)) - raft.server.leaderelection.member.majority-add = false (default)
2024-12-25 19:03:41,446 INFO  server.RaftServerConfigKeys (ConfUtils.java:logGet(46)) - raft.server.sleep.deviation.threshold = 300ms (default)
2024-12-25 19:03:41,446 INFO  server.RaftServer$Division (ServerState.java:<init>(114)) - s5@group-639A8E78DFD7: ConfigurationManager, init=conf: {index: -1, cur=peers:[s4, s5, s6]|listeners:[], old=null}, confs=<EMPTY_MAP>
2024-12-25 19:03:41,447 INFO  server.RaftServerConfigKeys (ConfUtils.java:logGet(46)) - raft.server.notification.no-leader.timeout = 60s (default)
2024-12-25 19:03:41,447 INFO  server.RaftServerConfigKeys (ConfUtils.java:logGet(46)) - raft.server.read.timeout = 10s (default)
2024-12-25 19:03:41,447 INFO  server.RaftServerConfigKeys (ConfUtils.java:logGet(46)) - raft.server.retrycache.expirytime = 60s (default)
2024-12-25 19:03:41,447 INFO  server.RaftServerConfigKeys (ConfUtils.java:logGet(46)) - raft.server.retrycache.statistics.expirytime = 100ms (default)
2024-12-25 19:03:41,447 INFO  server.RaftServerConfigKeys (ConfUtils.java:logGet(46)) - raft.server.read.option = DEFAULT (default)
2024-12-25 19:03:41,447 INFO  server.RaftServerConfigKeys (ConfUtils.java:logGet(46)) - raft.server.read.read-after-write-consistent.write-index-cache.expiry-time = 60s (default)
2024-12-25 19:03:41,448 INFO  server.RaftServerConfigKeys (ConfUtils.java:logGet(46)) - raft.server.rpc.request.timeout = 3000ms (default)
2024-12-25 19:03:41,448 INFO  server.RaftServerConfigKeys (ConfUtils.java:logGet(46)) - raft.server.log.appender.install.snapshot.enabled = true (default)
2024-12-25 19:03:41,448 INFO  server.RaftServerConfigKeys (ConfUtils.java:logGet(46)) - raft.server.threadpool.server.cached = true (default)
2024-12-25 19:03:41,448 INFO  server.RaftServerConfigKeys (ConfUtils.java:logGet(46)) - raft.server.threadpool.server.size = 0 (default)
2024-12-25 19:03:41,448 INFO  server.RaftServerConfigKeys (ConfUtils.java:logGet(46)) - raft.server.threadpool.client.cached = true (default)
2024-12-25 19:03:41,448 INFO  server.RaftServerConfigKeys (ConfUtils.java:logGet(46)) - raft.server.threadpool.client.size = 0 (default)
2024-12-25 19:03:41,448 INFO  server.RaftServerConfigKeys (ConfUtils.java:logGet(46)) - raft.server.storage.free-space.min = 0MB (=0) (default)
2024-12-25 19:03:41,448 INFO  server.RaftServerConfigKeys (ConfUtils.java:logGet(46)) - raft.server.log.corruption.policy = EXCEPTION (default)
2024-12-25 19:03:41,448 INFO  server.RaftServerConfigKeys (ConfUtils.java:logGet(46)) - raft.server.storage.dir = [/home/runner/work/ratis/ratis/ratis-examples/target/test/data/6cc16ceb/MiniRaftClusterWithSimulatedRpc6b18c296/s5] (custom)
2024-12-25 19:03:41,449 INFO  storage.RaftStorageDirectory (RaftStorageDirectoryImpl.java:analyzeStorage(138)) - The storage directory /home/runner/work/ratis/ratis/ratis-examples/target/test/data/6cc16ceb/MiniRaftClusterWithSimulatedRpc6b18c296/s5/27e74a1c-3483-4ef2-a5df-639a8e78dfd7 does not exist. Creating ...
2024-12-25 19:03:41,449 TRACE util.FileUtils (LogUtils.java:runAndLog(49)) - Successfully ran Files.createDirectories /home/runner/work/ratis/ratis/ratis-examples/target/test/data/6cc16ceb/MiniRaftClusterWithSimulatedRpc6b18c296/s5/27e74a1c-3483-4ef2-a5df-639a8e78dfd7
2024-12-25 19:03:41,450 INFO  storage.RaftStorageDirectory (RaftStorageDirectoryImpl.java:tryLock(229)) - Lock on /home/runner/work/ratis/ratis/ratis-examples/target/test/data/6cc16ceb/MiniRaftClusterWithSimulatedRpc6b18c296/s5/27e74a1c-3483-4ef2-a5df-639a8e78dfd7/in_use.lock acquired by nodename 14827@fv-az835-686.uia40oc12eqezaqrhfktyfhufg.ex.internal.cloudapp.net
2024-12-25 19:03:41,450 TRACE util.FileUtils (LogUtils.java:runAndLog(49)) - Successfully ran Files.createDirectories /home/runner/work/ratis/ratis/ratis-examples/target/test/data/6cc16ceb/MiniRaftClusterWithSimulatedRpc6b18c296/s5/27e74a1c-3483-4ef2-a5df-639a8e78dfd7/current
2024-12-25 19:03:41,450 TRACE util.FileUtils (LogUtils.java:runAndLog(49)) - Successfully ran Files.createDirectories /home/runner/work/ratis/ratis/ratis-examples/target/test/data/6cc16ceb/MiniRaftClusterWithSimulatedRpc6b18c296/s5/27e74a1c-3483-4ef2-a5df-639a8e78dfd7/sm
2024-12-25 19:03:41,450 TRACE util.FileUtils (LogUtils.java:supplyAndLog(69)) - Successfully supplied FileChannel.open /home/runner/work/ratis/ratis/ratis-examples/target/test/data/6cc16ceb/MiniRaftClusterWithSimulatedRpc6b18c296/s5/27e74a1c-3483-4ef2-a5df-639a8e78dfd7/current/raft-meta.tmp with options [CREATE, WRITE]: sun.nio.ch.FileChannelImpl@1e8bceb0
2024-12-25 19:03:41,451 TRACE util.FileUtils (LogUtils.java:runAndLog(49)) - Successfully ran Atomic Files.move /home/runner/work/ratis/ratis/ratis-examples/target/test/data/6cc16ceb/MiniRaftClusterWithSimulatedRpc6b18c296/s5/27e74a1c-3483-4ef2-a5df-639a8e78dfd7/current/raft-meta.tmp to /home/runner/work/ratis/ratis/ratis-examples/target/test/data/6cc16ceb/MiniRaftClusterWithSimulatedRpc6b18c296/s5/27e74a1c-3483-4ef2-a5df-639a8e78dfd7/current/raft-meta with options [REPLACE_EXISTING]
2024-12-25 19:03:41,452 INFO  storage.RaftStorage (RaftStorageImpl.java:format(98)) - Storage directory /home/runner/work/ratis/ratis/ratis-examples/target/test/data/6cc16ceb/MiniRaftClusterWithSimulatedRpc6b18c296/s5/27e74a1c-3483-4ef2-a5df-639a8e78dfd7 has been successfully formatted.
2024-12-25 19:03:41,452 WARN  statemachine.StateMachine (ArithmeticStateMachine.java:loadSnapshot(115)) - The snapshot info is null.
2024-12-25 19:03:41,452 INFO  server.RaftServerConfigKeys (ConfUtils.java:logGet(46)) - raft.server.log.use.memory = false (default)
2024-12-25 19:03:41,452 INFO  server.RaftServerConfigKeys (ConfUtils.java:logGet(46)) - raft.server.log.purge.gap = 1024 (default)
2024-12-25 19:03:41,452 INFO  server.RaftServerConfigKeys (ConfUtils.java:logGet(46)) - raft.server.log.appender.buffer.byte-limit = 4MB (=4194304) (default)
2024-12-25 19:03:41,452 INFO  server.RaftServerConfigKeys (ConfUtils.java:logGet(46)) - raft.server.log.statemachine.data.read.timeout = 1000ms (default)
2024-12-25 19:03:41,452 INFO  server.RaftServerConfigKeys (ConfUtils.java:logGet(46)) - raft.server.log.purge.preservation.log.num = 0 (default)
2024-12-25 19:03:41,452 INFO  server.RaftServerConfigKeys (ConfUtils.java:logGet(46)) - raft.server.log.segment.size.max = 32MB (=33554432) (default)
2024-12-25 19:03:41,453 INFO  server.RaftServerConfigKeys (ConfUtils.java:logGet(46)) - raft.server.log.segment.cache.num.max = 6 (default)
2024-12-25 19:03:41,453 INFO  server.RaftServerConfigKeys (ConfUtils.java:logGet(46)) - raft.server.log.segment.cache.size.max = 200MB (=209715200) (default)
2024-12-25 19:03:41,453 INFO  server.RaftServerConfigKeys (ConfUtils.java:logGet(46)) - raft.server.log.appender.buffer.byte-limit = 4MB (=4194304) (default)
2024-12-25 19:03:41,453 INFO  util.AwaitToRun (AwaitToRun.java:start(81)) - Thread[s5@group-639A8E78DFD7-cacheEviction-AwaitToRun,5,main] started
2024-12-25 19:03:41,453 INFO  segmented.SegmentedRaftLogWorker (SegmentedRaftLogWorker.java:<init>(189)) - new s5@group-639A8E78DFD7-SegmentedRaftLogWorker for RaftStorageImpl:Storage Directory /home/runner/work/ratis/ratis/ratis-examples/target/test/data/6cc16ceb/MiniRaftClusterWithSimulatedRpc6b18c296/s5/27e74a1c-3483-4ef2-a5df-639a8e78dfd7
2024-12-25 19:03:41,453 INFO  server.RaftServerConfigKeys (ConfUtils.java:logGet(46)) - raft.server.log.queue.byte-limit = 64MB (=67108864) (default)
2024-12-25 19:03:41,453 INFO  server.RaftServerConfigKeys (ConfUtils.java:logGet(46)) - raft.server.log.queue.element-limit = 4096 (default)
2024-12-25 19:03:41,453 INFO  server.RaftServerConfigKeys (ConfUtils.java:logGet(46)) - raft.server.log.segment.size.max = 32MB (=33554432) (default)
2024-12-25 19:03:41,454 INFO  server.RaftServerConfigKeys (ConfUtils.java:logGet(46)) - raft.server.log.preallocated.size = 4MB (=4194304) (default)
2024-12-25 19:03:41,454 INFO  server.RaftServerConfigKeys (ConfUtils.java:logGet(46)) - raft.server.log.force.sync.num = 128 (default)
2024-12-25 19:03:41,454 INFO  server.RaftServerConfigKeys (ConfUtils.java:logGet(46)) - raft.server.log.statemachine.data.sync = true (default)
2024-12-25 19:03:41,454 INFO  server.RaftServerConfigKeys (ConfUtils.java:logGet(46)) - raft.server.log.statemachine.data.sync.timeout = 10s (default)
2024-12-25 19:03:41,454 INFO  server.RaftServerConfigKeys (ConfUtils.java:logGet(46)) - raft.server.log.statemachine.data.sync.timeout.retry = -1 (default)
2024-12-25 19:03:41,454 INFO  server.RaftServerConfigKeys (ConfUtils.java:logGet(46)) - raft.server.log.write.buffer.size = 8MB (=8388608) (default)
2024-12-25 19:03:41,456 INFO  server.RaftServerConfigKeys (ConfUtils.java:logGet(46)) - raft.server.log.appender.buffer.byte-limit = 4MB (=4194304) (default)
2024-12-25 19:03:41,456 INFO  server.RaftServerConfigKeys (ConfUtils.java:logGet(46)) - raft.server.log.unsafe-flush.enabled = false (default)
2024-12-25 19:03:41,456 INFO  server.RaftServerConfigKeys (ConfUtils.java:logGet(46)) - raft.server.log.async-flush.enabled = false (default)
2024-12-25 19:03:41,456 INFO  server.RaftServerConfigKeys (ConfUtils.java:logGet(46)) - raft.server.log.statemachine.data.caching.enabled = false (default)
2024-12-25 19:03:41,457 INFO  segmented.SegmentedRaftLogWorker (SegmentedRaftLogWorker.java:lambda$new$0(140)) - s5@group-639A8E78DFD7-SegmentedRaftLogWorker: flushIndex: setUnconditionally 0 -> -1
2024-12-25 19:03:41,457 INFO  segmented.SegmentedRaftLogWorker (SegmentedRaftLogWorker.java:lambda$new$0(140)) - s5@group-639A8E78DFD7-SegmentedRaftLogWorker: safeCacheEvictIndex: setUnconditionally 0 -> -1
2024-12-25 19:03:41,457 INFO  server.RaftServer$Division (RaftServerImpl.java:start(392)) - s5@group-639A8E78DFD7: start as a follower, conf=conf: {index: -1, cur=peers:[s4, s5, s6]|listeners:[], old=null}
2024-12-25 19:03:41,457 INFO  server.RaftServer$Division (RaftServerImpl.java:setRole(379)) - s5@group-639A8E78DFD7: changes role from      null to FOLLOWER at term 0 for startAsFollower
2024-12-25 19:03:41,457 INFO  impl.RoleInfo (RoleInfo.java:updateAndGet(148)) - s5: start s5@group-639A8E78DFD7-FollowerState
2024-12-25 19:03:41,457 INFO  server.RaftServerConfigKeys (ConfUtils.java:logFallback(53)) - raft.server.rpc.first-election.timeout.min = 300ms (fallback to raft.server.rpc.timeout.min)
2024-12-25 19:03:41,457 INFO  server.RaftServerConfigKeys (ConfUtils.java:logFallback(53)) - raft.server.rpc.first-election.timeout.max = 600ms (fallback to raft.server.rpc.timeout.max)
2024-12-25 19:03:41,457 INFO  util.JmxRegister (JmxRegister.java:tryRegister(44)) - Successfully registered JMX Bean with object name Ratis:service=RaftServer,group=group-639A8E78DFD7,id=s5
2024-12-25 19:03:41,458 INFO  util.JmxRegister (JmxRegister.java:register(58)) - register mxBean class org.apache.ratis.server.impl.RaftServerJmxAdapter as Ratis:service=RaftServer,group=group-639A8E78DFD7,id=s5
2024-12-25 19:03:41,458 INFO  server.RaftServerConfigKeys (ConfUtils.java:logGet(46)) - raft.server.snapshot.trigger-when-stop.enabled = true (default)
2024-12-25 19:03:41,458 INFO  server.RaftServerConfigKeys (ConfUtils.java:logGet(46)) - raft.server.snapshot.trigger-when-remove.enabled = true (default)
2024-12-25 19:03:41,458 INFO  server.RaftServerConfigKeys (ConfUtils.java:logGet(46)) - raft.server.snapshot.auto.trigger.enabled = false (default)
2024-12-25 19:03:41,458 INFO  server.RaftServerConfigKeys (ConfUtils.java:logGet(46)) - raft.server.snapshot.retention.file.num = -1 (default)
2024-12-25 19:03:41,458 INFO  server.RaftServerConfigKeys (ConfUtils.java:logGet(46)) - raft.server.log.purge.upto.snapshot.index = false (default)
2024-12-25 19:03:41,458 INFO  server.RaftServer$Division (RaftServerImpl.java:start(406)) - s5@group-639A8E78DFD7: Successfully started.
2024-12-25 19:03:41,459 INFO  server.RaftServer (RaftServerProxy.java:addNew(101)) - s6: addNew group-639A8E78DFD7:[s4, s5, s6] returns group-639A8E78DFD7:java.util.concurrent.CompletableFuture@50a92c6a[Not completed]
2024-12-25 19:03:41,459 INFO  server.RaftServer$Division (RaftServerImpl.java:<init>(256)) - s6: new RaftServerImpl for group-639A8E78DFD7:[s4, s5, s6] with ArithmeticStateMachine:uninitialized
2024-12-25 19:03:41,459 INFO  server.RaftServerConfigKeys (ConfUtils.java:logGet(46)) - raft.server.rpc.timeout.min = 300ms (custom)
2024-12-25 19:03:41,459 INFO  server.RaftServerConfigKeys (ConfUtils.java:logGet(46)) - raft.server.rpc.timeout.max = 600ms (custom)
2024-12-25 19:03:41,459 INFO  server.RaftServerConfigKeys (ConfUtils.java:logGet(46)) - raft.server.rpc.sleep.time = 25ms (default)
2024-12-25 19:03:41,459 INFO  server.RaftServerConfigKeys (ConfUtils.java:logGet(46)) - raft.server.rpc.slowness.timeout = 60s (default)
2024-12-25 19:03:41,459 INFO  server.RaftServerConfigKeys (ConfUtils.java:logGet(46)) - raft.server.leaderelection.leader.step-down.wait-time = 10s (default)
2024-12-25 19:03:41,459 INFO  server.RaftServerConfigKeys (ConfUtils.java:logGet(46)) - raft.server.leaderelection.member.majority-add = false (default)
2024-12-25 19:03:41,459 INFO  server.RaftServerConfigKeys (ConfUtils.java:logGet(46)) - raft.server.sleep.deviation.threshold = 300ms (default)
2024-12-25 19:03:41,459 INFO  server.RaftServer$Division (ServerState.java:<init>(114)) - s6@group-639A8E78DFD7: ConfigurationManager, init=conf: {index: -1, cur=peers:[s4, s5, s6]|listeners:[], old=null}, confs=<EMPTY_MAP>
2024-12-25 19:03:41,459 INFO  server.RaftServerConfigKeys (ConfUtils.java:logGet(46)) - raft.server.notification.no-leader.timeout = 60s (default)
2024-12-25 19:03:41,459 INFO  server.RaftServerConfigKeys (ConfUtils.java:logGet(46)) - raft.server.read.timeout = 10s (default)
2024-12-25 19:03:41,459 INFO  server.RaftServerConfigKeys (ConfUtils.java:logGet(46)) - raft.server.retrycache.expirytime = 60s (default)
2024-12-25 19:03:41,460 INFO  server.RaftServerConfigKeys (ConfUtils.java:logGet(46)) - raft.server.retrycache.statistics.expirytime = 100ms (default)
2024-12-25 19:03:41,460 INFO  server.RaftServerConfigKeys (ConfUtils.java:logGet(46)) - raft.server.read.option = DEFAULT (default)
2024-12-25 19:03:41,460 INFO  server.RaftServerConfigKeys (ConfUtils.java:logGet(46)) - raft.server.read.read-after-write-consistent.write-index-cache.expiry-time = 60s (default)
2024-12-25 19:03:41,460 INFO  server.RaftServerConfigKeys (ConfUtils.java:logGet(46)) - raft.server.rpc.request.timeout = 3000ms (default)
2024-12-25 19:03:41,460 INFO  server.RaftServerConfigKeys (ConfUtils.java:logGet(46)) - raft.server.log.appender.install.snapshot.enabled = true (default)
2024-12-25 19:03:41,460 INFO  server.RaftServerConfigKeys (ConfUtils.java:logGet(46)) - raft.server.threadpool.server.cached = true (default)
2024-12-25 19:03:41,460 INFO  server.RaftServerConfigKeys (ConfUtils.java:logGet(46)) - raft.server.threadpool.server.size = 0 (default)
2024-12-25 19:03:41,460 INFO  server.RaftServerConfigKeys (ConfUtils.java:logGet(46)) - raft.server.threadpool.client.cached = true (default)
2024-12-25 19:03:41,460 INFO  server.RaftServerConfigKeys (ConfUtils.java:logGet(46)) - raft.server.threadpool.client.size = 0 (default)
2024-12-25 19:03:41,461 INFO  server.RaftServerConfigKeys (ConfUtils.java:logGet(46)) - raft.server.storage.free-space.min = 0MB (=0) (default)
2024-12-25 19:03:41,461 INFO  server.RaftServerConfigKeys (ConfUtils.java:logGet(46)) - raft.server.log.corruption.policy = EXCEPTION (default)
2024-12-25 19:03:41,461 INFO  server.RaftServerConfigKeys (ConfUtils.java:logGet(46)) - raft.server.storage.dir = [/home/runner/work/ratis/ratis/ratis-examples/target/test/data/6cc16ceb/MiniRaftClusterWithSimulatedRpc6b18c296/s6] (custom)
2024-12-25 19:03:41,461 INFO  storage.RaftStorageDirectory (RaftStorageDirectoryImpl.java:analyzeStorage(138)) - The storage directory /home/runner/work/ratis/ratis/ratis-examples/target/test/data/6cc16ceb/MiniRaftClusterWithSimulatedRpc6b18c296/s6/27e74a1c-3483-4ef2-a5df-639a8e78dfd7 does not exist. Creating ...
2024-12-25 19:03:41,461 TRACE util.FileUtils (LogUtils.java:runAndLog(49)) - Successfully ran Files.createDirectories /home/runner/work/ratis/ratis/ratis-examples/target/test/data/6cc16ceb/MiniRaftClusterWithSimulatedRpc6b18c296/s6/27e74a1c-3483-4ef2-a5df-639a8e78dfd7
2024-12-25 19:03:41,462 INFO  storage.RaftStorageDirectory (RaftStorageDirectoryImpl.java:tryLock(229)) - Lock on /home/runner/work/ratis/ratis/ratis-examples/target/test/data/6cc16ceb/MiniRaftClusterWithSimulatedRpc6b18c296/s6/27e74a1c-3483-4ef2-a5df-639a8e78dfd7/in_use.lock acquired by nodename 14827@fv-az835-686.uia40oc12eqezaqrhfktyfhufg.ex.internal.cloudapp.net
2024-12-25 19:03:41,463 TRACE util.FileUtils (LogUtils.java:runAndLog(49)) - Successfully ran Files.createDirectories /home/runner/work/ratis/ratis/ratis-examples/target/test/data/6cc16ceb/MiniRaftClusterWithSimulatedRpc6b18c296/s6/27e74a1c-3483-4ef2-a5df-639a8e78dfd7/current
2024-12-25 19:03:41,463 TRACE util.FileUtils (LogUtils.java:runAndLog(49)) - Successfully ran Files.createDirectories /home/runner/work/ratis/ratis/ratis-examples/target/test/data/6cc16ceb/MiniRaftClusterWithSimulatedRpc6b18c296/s6/27e74a1c-3483-4ef2-a5df-639a8e78dfd7/sm
2024-12-25 19:03:41,463 TRACE util.FileUtils (LogUtils.java:supplyAndLog(69)) - Successfully supplied FileChannel.open /home/runner/work/ratis/ratis/ratis-examples/target/test/data/6cc16ceb/MiniRaftClusterWithSimulatedRpc6b18c296/s6/27e74a1c-3483-4ef2-a5df-639a8e78dfd7/current/raft-meta.tmp with options [CREATE, WRITE]: sun.nio.ch.FileChannelImpl@6f4bd79a
2024-12-25 19:03:41,464 TRACE util.FileUtils (LogUtils.java:runAndLog(49)) - Successfully ran Atomic Files.move /home/runner/work/ratis/ratis/ratis-examples/target/test/data/6cc16ceb/MiniRaftClusterWithSimulatedRpc6b18c296/s6/27e74a1c-3483-4ef2-a5df-639a8e78dfd7/current/raft-meta.tmp to /home/runner/work/ratis/ratis/ratis-examples/target/test/data/6cc16ceb/MiniRaftClusterWithSimulatedRpc6b18c296/s6/27e74a1c-3483-4ef2-a5df-639a8e78dfd7/current/raft-meta with options [REPLACE_EXISTING]
2024-12-25 19:03:41,464 INFO  storage.RaftStorage (RaftStorageImpl.java:format(98)) - Storage directory /home/runner/work/ratis/ratis/ratis-examples/target/test/data/6cc16ceb/MiniRaftClusterWithSimulatedRpc6b18c296/s6/27e74a1c-3483-4ef2-a5df-639a8e78dfd7 has been successfully formatted.
2024-12-25 19:03:41,464 WARN  statemachine.StateMachine (ArithmeticStateMachine.java:loadSnapshot(115)) - The snapshot info is null.
2024-12-25 19:03:41,464 INFO  server.RaftServerConfigKeys (ConfUtils.java:logGet(46)) - raft.server.log.use.memory = false (default)
2024-12-25 19:03:41,464 INFO  server.RaftServerConfigKeys (ConfUtils.java:logGet(46)) - raft.server.log.purge.gap = 1024 (default)
2024-12-25 19:03:41,464 INFO  server.RaftServerConfigKeys (ConfUtils.java:logGet(46)) - raft.server.log.appender.buffer.byte-limit = 4MB (=4194304) (default)
2024-12-25 19:03:41,464 INFO  server.RaftServerConfigKeys (ConfUtils.java:logGet(46)) - raft.server.log.statemachine.data.read.timeout = 1000ms (default)
2024-12-25 19:03:41,464 INFO  server.RaftServerConfigKeys (ConfUtils.java:logGet(46)) - raft.server.log.purge.preservation.log.num = 0 (default)
2024-12-25 19:03:41,465 INFO  server.RaftServerConfigKeys (ConfUtils.java:logGet(46)) - raft.server.log.segment.size.max = 32MB (=33554432) (default)
2024-12-25 19:03:41,465 INFO  server.RaftServerConfigKeys (ConfUtils.java:logGet(46)) - raft.server.log.segment.cache.num.max = 6 (default)
2024-12-25 19:03:41,465 INFO  server.RaftServerConfigKeys (ConfUtils.java:logGet(46)) - raft.server.log.segment.cache.size.max = 200MB (=209715200) (default)
2024-12-25 19:03:41,465 INFO  server.RaftServerConfigKeys (ConfUtils.java:logGet(46)) - raft.server.log.appender.buffer.byte-limit = 4MB (=4194304) (default)
2024-12-25 19:03:41,465 INFO  util.AwaitToRun (AwaitToRun.java:start(81)) - Thread[s6@group-639A8E78DFD7-cacheEviction-AwaitToRun,5,main] started
2024-12-25 19:03:41,465 INFO  segmented.SegmentedRaftLogWorker (SegmentedRaftLogWorker.java:<init>(189)) - new s6@group-639A8E78DFD7-SegmentedRaftLogWorker for RaftStorageImpl:Storage Directory /home/runner/work/ratis/ratis/ratis-examples/target/test/data/6cc16ceb/MiniRaftClusterWithSimulatedRpc6b18c296/s6/27e74a1c-3483-4ef2-a5df-639a8e78dfd7
2024-12-25 19:03:41,465 INFO  server.RaftServerConfigKeys (ConfUtils.java:logGet(46)) - raft.server.log.queue.byte-limit = 64MB (=67108864) (default)
2024-12-25 19:03:41,465 INFO  server.RaftServerConfigKeys (ConfUtils.java:logGet(46)) - raft.server.log.queue.element-limit = 4096 (default)
2024-12-25 19:03:41,465 INFO  server.RaftServerConfigKeys (ConfUtils.java:logGet(46)) - raft.server.log.segment.size.max = 32MB (=33554432) (default)
2024-12-25 19:03:41,465 INFO  server.RaftServerConfigKeys (ConfUtils.java:logGet(46)) - raft.server.log.preallocated.size = 4MB (=4194304) (default)
2024-12-25 19:03:41,465 INFO  server.RaftServerConfigKeys (ConfUtils.java:logGet(46)) - raft.server.log.force.sync.num = 128 (default)
2024-12-25 19:03:41,466 INFO  server.RaftServerConfigKeys (ConfUtils.java:logGet(46)) - raft.server.log.statemachine.data.sync = true (default)
2024-12-25 19:03:41,466 INFO  server.RaftServerConfigKeys (ConfUtils.java:logGet(46)) - raft.server.log.statemachine.data.sync.timeout = 10s (default)
2024-12-25 19:03:41,466 INFO  server.RaftServerConfigKeys (ConfUtils.java:logGet(46)) - raft.server.log.statemachine.data.sync.timeout.retry = -1 (default)
2024-12-25 19:03:41,466 INFO  server.RaftServerConfigKeys (ConfUtils.java:logGet(46)) - raft.server.log.write.buffer.size = 8MB (=8388608) (default)
2024-12-25 19:03:41,467 INFO  server.RaftServerConfigKeys (ConfUtils.java:logGet(46)) - raft.server.log.appender.buffer.byte-limit = 4MB (=4194304) (default)
2024-12-25 19:03:41,467 INFO  server.RaftServerConfigKeys (ConfUtils.java:logGet(46)) - raft.server.log.unsafe-flush.enabled = false (default)
2024-12-25 19:03:41,467 INFO  server.RaftServerConfigKeys (ConfUtils.java:logGet(46)) - raft.server.log.async-flush.enabled = false (default)
2024-12-25 19:03:41,467 INFO  server.RaftServerConfigKeys (ConfUtils.java:logGet(46)) - raft.server.log.statemachine.data.caching.enabled = false (default)
2024-12-25 19:03:41,467 INFO  segmented.SegmentedRaftLogWorker (SegmentedRaftLogWorker.java:lambda$new$0(140)) - s6@group-639A8E78DFD7-SegmentedRaftLogWorker: flushIndex: setUnconditionally 0 -> -1
2024-12-25 19:03:41,468 INFO  segmented.SegmentedRaftLogWorker (SegmentedRaftLogWorker.java:lambda$new$0(140)) - s6@group-639A8E78DFD7-SegmentedRaftLogWorker: safeCacheEvictIndex: setUnconditionally 0 -> -1
2024-12-25 19:03:41,468 INFO  server.RaftServer$Division (RaftServerImpl.java:start(392)) - s6@group-639A8E78DFD7: start as a follower, conf=conf: {index: -1, cur=peers:[s4, s5, s6]|listeners:[], old=null}
2024-12-25 19:03:41,468 INFO  server.RaftServer$Division (RaftServerImpl.java:setRole(379)) - s6@group-639A8E78DFD7: changes role from      null to FOLLOWER at term 0 for startAsFollower
2024-12-25 19:03:41,468 INFO  impl.RoleInfo (RoleInfo.java:updateAndGet(148)) - s6: start s6@group-639A8E78DFD7-FollowerState
2024-12-25 19:03:41,468 INFO  server.RaftServerConfigKeys (ConfUtils.java:logFallback(53)) - raft.server.rpc.first-election.timeout.min = 300ms (fallback to raft.server.rpc.timeout.min)
2024-12-25 19:03:41,468 INFO  server.RaftServerConfigKeys (ConfUtils.java:logFallback(53)) - raft.server.rpc.first-election.timeout.max = 600ms (fallback to raft.server.rpc.timeout.max)
2024-12-25 19:03:41,468 INFO  util.JmxRegister (JmxRegister.java:tryRegister(44)) - Successfully registered JMX Bean with object name Ratis:service=RaftServer,group=group-639A8E78DFD7,id=s6
2024-12-25 19:03:41,468 INFO  util.JmxRegister (JmxRegister.java:register(58)) - register mxBean class org.apache.ratis.server.impl.RaftServerJmxAdapter as Ratis:service=RaftServer,group=group-639A8E78DFD7,id=s6
2024-12-25 19:03:41,469 INFO  server.RaftServerConfigKeys (ConfUtils.java:logGet(46)) - raft.server.snapshot.trigger-when-stop.enabled = true (default)
2024-12-25 19:03:41,469 INFO  server.RaftServerConfigKeys (ConfUtils.java:logGet(46)) - raft.server.snapshot.trigger-when-remove.enabled = true (default)
2024-12-25 19:03:41,469 INFO  server.RaftServerConfigKeys (ConfUtils.java:logGet(46)) - raft.server.snapshot.auto.trigger.enabled = false (default)
2024-12-25 19:03:41,469 INFO  server.RaftServerConfigKeys (ConfUtils.java:logGet(46)) - raft.server.snapshot.retention.file.num = -1 (default)
2024-12-25 19:03:41,469 INFO  server.RaftServerConfigKeys (ConfUtils.java:logGet(46)) - raft.server.log.purge.upto.snapshot.index = false (default)
2024-12-25 19:03:41,469 INFO  server.RaftServer$Division (RaftServerImpl.java:start(406)) - s6@group-639A8E78DFD7: Successfully started.
2024-12-25 19:03:41,469 INFO  server.RaftServerConfigKeys (ConfUtils.java:logGet(46)) - raft.server.rpc.timeout.max = 600ms (custom)
2024-12-25 19:03:41,471 INFO  ratis.RaftTestUtil (RaftTestUtil.java:waitForLeader(107)) - printing group-639A8E78DFD7
  s4:  RUNNING [
   FOLLOWER s4@group-639A8E78DFD7:t0, leader=null, voted=, raftlog=Memoized:s4@group-639A8E78DFD7-SegmentedRaftLog:OPENED:c-1:lastnull, conf=conf: {index: -1, cur=peers:[s4, s5, s6]|listeners:[], old=null} RUNNING
   FOLLOWER s4@group-6AB839334A82:t0, leader=null, voted=, raftlog=Memoized:s4@group-6AB839334A82-SegmentedRaftLog:OPENED:c-1:lastnull, conf=conf: {index: -1, cur=peers:[]|listeners:[], old=null} STARTING] size=2
  s5:  RUNNING [
   FOLLOWER s5@group-639A8E78DFD7:t0, leader=null, voted=, raftlog=Memoized:s5@group-639A8E78DFD7-SegmentedRaftLog:OPENED:c-1:lastnull, conf=conf: {index: -1, cur=peers:[s4, s5, s6]|listeners:[], old=null} RUNNING
   FOLLOWER s5@group-6AB839334A82:t0, leader=null, voted=, raftlog=Memoized:s5@group-6AB839334A82-SegmentedRaftLog:OPENED:c-1:lastnull, conf=conf: {index: -1, cur=peers:[]|listeners:[], old=null} STARTING] size=2
  s6:  RUNNING [
   FOLLOWER s6@group-639A8E78DFD7:t0, leader=null, voted=, raftlog=Memoized:s6@group-639A8E78DFD7-SegmentedRaftLog:OPENED:c-1:lastnull, conf=conf: {index: -1, cur=peers:[s4, s5, s6]|listeners:[], old=null} RUNNING
   FOLLOWER s6@group-6AB839334A82:t0, leader=null, voted=, raftlog=Memoized:s6@group-6AB839334A82-SegmentedRaftLog:OPENED:c-1:lastnull, conf=conf: {index: -1, cur=peers:[]|listeners:[], old=null} STARTING] size=2
2024-12-25 19:03:41,471 WARN  ratis.RaftTestUtil (RaftTestUtil.java:lambda$waitForLeader$3(126)) - Attempt #1 failed: java.lang.IllegalStateException: No leader yet  for group-639A8E78DFD7: printing group-639A8E78DFD7
  s4:  RUNNING [
   FOLLOWER s4@group-639A8E78DFD7:t0, leader=null, voted=, raftlog=Memoized:s4@group-639A8E78DFD7-SegmentedRaftLog:OPENED:c-1:lastnull, conf=conf: {index: -1, cur=peers:[s4, s5, s6]|listeners:[], old=null} RUNNING
   FOLLOWER s4@group-6AB839334A82:t0, leader=null, voted=, raftlog=Memoized:s4@group-6AB839334A82-SegmentedRaftLog:OPENED:c-1:lastnull, conf=conf: {index: -1, cur=peers:[]|listeners:[], old=null} STARTING] size=2
  s5:  RUNNING [
   FOLLOWER s5@group-639A8E78DFD7:t0, leader=null, voted=, raftlog=Memoized:s5@group-639A8E78DFD7-SegmentedRaftLog:OPENED:c-1:lastnull, conf=conf: {index: -1, cur=peers:[s4, s5, s6]|listeners:[], old=null} RUNNING
   FOLLOWER s5@group-6AB839334A82:t0, leader=null, voted=, raftlog=Memoized:s5@group-6AB839334A82-SegmentedRaftLog:OPENED:c-1:lastnull, conf=conf: {index: -1, cur=peers:[]|listeners:[], old=null} STARTING] size=2
  s6:  RUNNING [
   FOLLOWER s6@group-639A8E78DFD7:t0, leader=null, voted=, raftlog=Memoized:s6@group-639A8E78DFD7-SegmentedRaftLog:OPENED:c-1:lastnull, conf=conf: {index: -1, cur=peers:[s4, s5, s6]|listeners:[], old=null} RUNNING
   FOLLOWER s6@group-6AB839334A82:t0, leader=null, voted=, raftlog=Memoized:s6@group-6AB839334A82-SegmentedRaftLog:OPENED:c-1:lastnull, conf=conf: {index: -1, cur=peers:[]|listeners:[], old=null} STARTING] size=2
2024-12-25 19:03:41,763 INFO  impl.FollowerState (FollowerState.java:runImpl(161)) - s4@group-639A8E78DFD7-FollowerState: change to CANDIDATE, lastRpcElapsedTime:318747293ns, electionTimeout:318ms
2024-12-25 19:03:41,763 INFO  impl.RoleInfo (RoleInfo.java:shutdownFollowerState(121)) - s4: shutdown s4@group-639A8E78DFD7-FollowerState
2024-12-25 19:03:41,763 INFO  server.RaftServer$Division (RaftServerImpl.java:setRole(379)) - s4@group-639A8E78DFD7: changes role from  FOLLOWER to CANDIDATE at term 0 for changeToCandidate
2024-12-25 19:03:41,763 INFO  server.RaftServerConfigKeys (ConfUtils.java:logGet(46)) - raft.server.leaderelection.pre-vote = true (default)
2024-12-25 19:03:41,763 INFO  impl.RoleInfo (RoleInfo.java:updateAndGet(148)) - s4: start s4@group-639A8E78DFD7-LeaderElection4
2024-12-25 19:03:41,764 INFO  impl.LeaderElection (LeaderElection.java:askForVotes(332)) - s4@group-639A8E78DFD7-LeaderElection4 PRE_VOTE round 0: submit vote requests at term 0 for conf: {index: -1, cur=peers:[s4, s5, s6]|listeners:[], old=null}
2024-12-25 19:03:41,765 INFO  server.RaftServer$Division (RaftServerImpl.java:requestVote(1459)) - s5@group-639A8E78DFD7: receive requestVote(PRE_VOTE, s4, group-639A8E78DFD7, 0, (t:0, i:0))
2024-12-25 19:03:41,765 INFO  server.RaftServer$Division (RaftServerImpl.java:requestVote(1459)) - s6@group-639A8E78DFD7: receive requestVote(PRE_VOTE, s4, group-639A8E78DFD7, 0, (t:0, i:0))
2024-12-25 19:03:41,765 INFO  impl.VoteContext (VoteContext.java:log(49)) - s5@group-639A8E78DFD7-FOLLOWER: accept PRE_VOTE from s4: our priority 0 <= candidate's priority 0
2024-12-25 19:03:41,765 INFO  server.RaftServerConfigKeys (ConfUtils.java:logFallback(53)) - raft.server.rpc.first-election.timeout.min = 300ms (fallback to raft.server.rpc.timeout.min)
2024-12-25 19:03:41,765 INFO  server.RaftServerConfigKeys (ConfUtils.java:logFallback(53)) - raft.server.rpc.first-election.timeout.max = 600ms (fallback to raft.server.rpc.timeout.max)
2024-12-25 19:03:41,765 INFO  server.RaftServer$Division (RaftServerImpl.java:requestVote(1493)) - s5@group-639A8E78DFD7 replies to PRE_VOTE vote request: s4<-s5#0:OK-t0. Peer's state: s5@group-639A8E78DFD7:t0, leader=null, voted=, raftlog=Memoized:s5@group-639A8E78DFD7-SegmentedRaftLog:OPENED:c-1:lastnull, conf=conf: {index: -1, cur=peers:[s4, s5, s6]|listeners:[], old=null}
2024-12-25 19:03:41,765 INFO  impl.VoteContext (VoteContext.java:log(49)) - s6@group-639A8E78DFD7-FOLLOWER: accept PRE_VOTE from s4: our priority 0 <= candidate's priority 0
2024-12-25 19:03:41,766 INFO  server.RaftServer$Division (RaftServerImpl.java:requestVote(1493)) - s6@group-639A8E78DFD7 replies to PRE_VOTE vote request: s4<-s6#0:OK-t0. Peer's state: s6@group-639A8E78DFD7:t0, leader=null, voted=, raftlog=Memoized:s6@group-639A8E78DFD7-SegmentedRaftLog:OPENED:c-1:lastnull, conf=conf: {index: -1, cur=peers:[s4, s5, s6]|listeners:[], old=null}
2024-12-25 19:03:41,766 INFO  impl.LeaderElection (LeaderElection.java:logAndReturn(90)) - s4@group-639A8E78DFD7-LeaderElection4: PRE_VOTE PASSED received 1 response(s) and 0 exception(s):
2024-12-25 19:03:41,766 INFO  impl.LeaderElection (LeaderElection.java:logAndReturn(94)) -   Response 0: s4<-s5#0:OK-t0
2024-12-25 19:03:41,766 INFO  impl.LeaderElection (LeaderElection.java:askForVotes(334)) - s4@group-639A8E78DFD7-LeaderElection4 PRE_VOTE round 0: result PASSED
2024-12-25 19:03:41,767 TRACE util.FileUtils (LogUtils.java:supplyAndLog(69)) - Successfully supplied FileChannel.open /home/runner/work/ratis/ratis/ratis-examples/target/test/data/6cc16ceb/MiniRaftClusterWithSimulatedRpc6b18c296/s4/27e74a1c-3483-4ef2-a5df-639a8e78dfd7/current/raft-meta.tmp with options [CREATE, WRITE]: sun.nio.ch.FileChannelImpl@142907df
2024-12-25 19:03:41,769 TRACE util.FileUtils (LogUtils.java:runAndLog(49)) - Successfully ran Atomic Files.move /home/runner/work/ratis/ratis/ratis-examples/target/test/data/6cc16ceb/MiniRaftClusterWithSimulatedRpc6b18c296/s4/27e74a1c-3483-4ef2-a5df-639a8e78dfd7/current/raft-meta.tmp to /home/runner/work/ratis/ratis/ratis-examples/target/test/data/6cc16ceb/MiniRaftClusterWithSimulatedRpc6b18c296/s4/27e74a1c-3483-4ef2-a5df-639a8e78dfd7/current/raft-meta with options [REPLACE_EXISTING]
2024-12-25 19:03:41,769 INFO  impl.LeaderElection (LeaderElection.java:askForVotes(332)) - s4@group-639A8E78DFD7-LeaderElection4 ELECTION round 0: submit vote requests at term 1 for conf: {index: -1, cur=peers:[s4, s5, s6]|listeners:[], old=null}
2024-12-25 19:03:41,769 INFO  server.RaftServer$Division (RaftServerImpl.java:requestVote(1459)) - s5@group-639A8E78DFD7: receive requestVote(ELECTION, s4, group-639A8E78DFD7, 1, (t:0, i:0))
2024-12-25 19:03:41,769 INFO  server.RaftServerConfigKeys (ConfUtils.java:logFallback(53)) - raft.server.rpc.first-election.timeout.min = 300ms (fallback to raft.server.rpc.timeout.min)
2024-12-25 19:03:41,770 INFO  impl.VoteContext (VoteContext.java:log(49)) - s5@group-639A8E78DFD7-FOLLOWER: accept ELECTION from s4: our priority 0 <= candidate's priority 0
2024-12-25 19:03:41,770 INFO  server.RaftServer$Division (RaftServerImpl.java:setRole(379)) - s5@group-639A8E78DFD7: changes role from  FOLLOWER to FOLLOWER at term 0 for candidate:s4
2024-12-25 19:03:41,770 INFO  impl.RoleInfo (RoleInfo.java:shutdownFollowerState(121)) - s5: shutdown s5@group-639A8E78DFD7-FollowerState
2024-12-25 19:03:41,769 INFO  server.RaftServer$Division (RaftServerImpl.java:requestVote(1459)) - s6@group-639A8E78DFD7: receive requestVote(ELECTION, s4, group-639A8E78DFD7, 1, (t:0, i:0))
2024-12-25 19:03:41,771 INFO  impl.FollowerState (FollowerState.java:runImpl(170)) - s5@group-639A8E78DFD7-FollowerState was interrupted
2024-12-25 19:03:41,770 INFO  impl.RoleInfo (RoleInfo.java:updateAndGet(148)) - s5: start s5@group-639A8E78DFD7-FollowerState
2024-12-25 19:03:41,770 INFO  server.RaftServerConfigKeys (ConfUtils.java:logFallback(53)) - raft.server.rpc.first-election.timeout.max = 600ms (fallback to raft.server.rpc.timeout.max)
2024-12-25 19:03:41,772 INFO  server.RaftServer$Division (RaftServerImpl.java:setFirstElection(563)) - s5@group-639A8E78DFD7: set firstElectionSinceStartup to false for candidate:s4
2024-12-25 19:03:41,771 INFO  impl.VoteContext (VoteContext.java:log(49)) - s6@group-639A8E78DFD7-FOLLOWER: accept ELECTION from s4: our priority 0 <= candidate's priority 0
2024-12-25 19:03:41,772 INFO  server.RaftServer$Division (RaftServerImpl.java:setRole(379)) - s6@group-639A8E78DFD7: changes role from  FOLLOWER to FOLLOWER at term 0 for candidate:s4
2024-12-25 19:03:41,772 TRACE util.FileUtils (LogUtils.java:supplyAndLog(69)) - Successfully supplied FileChannel.open /home/runner/work/ratis/ratis/ratis-examples/target/test/data/6cc16ceb/MiniRaftClusterWithSimulatedRpc6b18c296/s5/27e74a1c-3483-4ef2-a5df-639a8e78dfd7/current/raft-meta.tmp with options [CREATE, WRITE]: sun.nio.ch.FileChannelImpl@49ec0f7a
2024-12-25 19:03:41,772 INFO  impl.RoleInfo (RoleInfo.java:shutdownFollowerState(121)) - s6: shutdown s6@group-639A8E78DFD7-FollowerState
2024-12-25 19:03:41,772 INFO  impl.FollowerState (FollowerState.java:runImpl(170)) - s6@group-639A8E78DFD7-FollowerState was interrupted
2024-12-25 19:03:41,772 INFO  impl.RoleInfo (RoleInfo.java:updateAndGet(148)) - s6: start s6@group-639A8E78DFD7-FollowerState
2024-12-25 19:03:41,773 INFO  server.RaftServer$Division (RaftServerImpl.java:setFirstElection(563)) - s6@group-639A8E78DFD7: set firstElectionSinceStartup to false for candidate:s4
2024-12-25 19:03:41,773 TRACE util.FileUtils (LogUtils.java:supplyAndLog(69)) - Successfully supplied FileChannel.open /home/runner/work/ratis/ratis/ratis-examples/target/test/data/6cc16ceb/MiniRaftClusterWithSimulatedRpc6b18c296/s6/27e74a1c-3483-4ef2-a5df-639a8e78dfd7/current/raft-meta.tmp with options [CREATE, WRITE]: sun.nio.ch.FileChannelImpl@24c08328
2024-12-25 19:03:41,774 TRACE util.FileUtils (LogUtils.java:runAndLog(49)) - Successfully ran Atomic Files.move /home/runner/work/ratis/ratis/ratis-examples/target/test/data/6cc16ceb/MiniRaftClusterWithSimulatedRpc6b18c296/s5/27e74a1c-3483-4ef2-a5df-639a8e78dfd7/current/raft-meta.tmp to /home/runner/work/ratis/ratis/ratis-examples/target/test/data/6cc16ceb/MiniRaftClusterWithSimulatedRpc6b18c296/s5/27e74a1c-3483-4ef2-a5df-639a8e78dfd7/current/raft-meta with options [REPLACE_EXISTING]
2024-12-25 19:03:41,774 INFO  server.RaftServer$Division (RaftServerImpl.java:requestVote(1493)) - s5@group-639A8E78DFD7 replies to ELECTION vote request: s4<-s5#0:OK-t1. Peer's state: s5@group-639A8E78DFD7:t1, leader=null, voted=s4, raftlog=Memoized:s5@group-639A8E78DFD7-SegmentedRaftLog:OPENED:c-1:lastnull, conf=conf: {index: -1, cur=peers:[s4, s5, s6]|listeners:[], old=null}
2024-12-25 19:03:41,774 TRACE util.FileUtils (LogUtils.java:runAndLog(49)) - Successfully ran Atomic Files.move /home/runner/work/ratis/ratis/ratis-examples/target/test/data/6cc16ceb/MiniRaftClusterWithSimulatedRpc6b18c296/s6/27e74a1c-3483-4ef2-a5df-639a8e78dfd7/current/raft-meta.tmp to /home/runner/work/ratis/ratis/ratis-examples/target/test/data/6cc16ceb/MiniRaftClusterWithSimulatedRpc6b18c296/s6/27e74a1c-3483-4ef2-a5df-639a8e78dfd7/current/raft-meta with options [REPLACE_EXISTING]
2024-12-25 19:03:41,775 INFO  server.RaftServer$Division (RaftServerImpl.java:requestVote(1493)) - s6@group-639A8E78DFD7 replies to ELECTION vote request: s4<-s6#0:OK-t1. Peer's state: s6@group-639A8E78DFD7:t1, leader=null, voted=s4, raftlog=Memoized:s6@group-639A8E78DFD7-SegmentedRaftLog:OPENED:c-1:lastnull, conf=conf: {index: -1, cur=peers:[s4, s5, s6]|listeners:[], old=null}
2024-12-25 19:03:41,775 INFO  impl.LeaderElection (LeaderElection.java:logAndReturn(90)) - s4@group-639A8E78DFD7-LeaderElection4: ELECTION PASSED received 1 response(s) and 0 exception(s):
2024-12-25 19:03:41,775 INFO  impl.LeaderElection (LeaderElection.java:logAndReturn(94)) -   Response 0: s4<-s6#0:OK-t1
2024-12-25 19:03:41,775 INFO  impl.LeaderElection (LeaderElection.java:askForVotes(334)) - s4@group-639A8E78DFD7-LeaderElection4 ELECTION round 0: result PASSED
2024-12-25 19:03:41,775 INFO  impl.RoleInfo (RoleInfo.java:shutdownLeaderElection(141)) - s4: shutdown s4@group-639A8E78DFD7-LeaderElection4
2024-12-25 19:03:41,775 INFO  server.RaftServer$Division (RaftServerImpl.java:setRole(379)) - s4@group-639A8E78DFD7: changes role from CANDIDATE to LEADER at term 1 for changeToLeader
2024-12-25 19:03:41,776 INFO  server.RaftServerConfigKeys (ConfUtils.java:logGet(46)) - raft.server.staging.catchup.gap = 1000 (default)
2024-12-25 19:03:41,776 INFO  server.RaftServerConfigKeys (ConfUtils.java:logGet(46)) - raft.server.write.element-limit = 4096 (default)
2024-12-25 19:03:41,776 INFO  server.RaftServerConfigKeys (ConfUtils.java:logGet(46)) - raft.server.write.byte-limit = 64MB (=67108864) (default)
2024-12-25 19:03:41,776 INFO  server.RaftServerConfigKeys (ConfUtils.java:logGet(46)) - raft.server.watch.timeout = 10s (default)
2024-12-25 19:03:41,776 INFO  server.RaftServerConfigKeys (ConfUtils.java:logGet(46)) - raft.server.watch.timeout.denomination = 1s (default)
2024-12-25 19:03:41,776 INFO  server.RaftServerConfigKeys (ConfUtils.java:logGet(46)) - raft.server.watch.element-limit = 65536 (default)
2024-12-25 19:03:41,776 INFO  server.RaftServerConfigKeys (ConfUtils.java:logGet(46)) - raft.server.read.leader.lease.enabled = false (default)
2024-12-25 19:03:41,776 INFO  server.RaftServerConfigKeys (ConfUtils.java:logGet(46)) - raft.server.read.leader.lease.timeout.ratio = 0.9 (default)
2024-12-25 19:03:41,776 INFO  server.RaftServerConfigKeys (ConfUtils.java:logGet(46)) - raft.server.rpc.timeout.min = 300ms (custom)
2024-12-25 19:03:41,776 INFO  server.RaftServerConfigKeys (ConfUtils.java:logGet(46)) - raft.server.log.log-metadata.enabled = true (default)
2024-12-25 19:03:41,776 INFO  server.RaftServerConfigKeys (ConfUtils.java:logGet(46)) - raft.server.write.element-limit = 4096 (default)
2024-12-25 19:03:41,776 INFO  server.RaftServerConfigKeys (ConfUtils.java:logGet(46)) - raft.server.write.follower.gap.ratio.max = -1.0 (default)
2024-12-25 19:03:41,776 INFO  server.RaftServerConfigKeys (ConfUtils.java:logGet(46)) - raft.server.log.appender.snapshot.chunk.size.max = 16MB (=16777216) (default)
2024-12-25 19:03:41,777 INFO  server.RaftServerConfigKeys (ConfUtils.java:logGet(46)) - raft.server.log.appender.buffer.byte-limit = 4MB (=4194304) (default)
2024-12-25 19:03:41,777 INFO  server.RaftServerConfigKeys (ConfUtils.java:logGet(46)) - raft.server.log.appender.buffer.element-limit = 0 (default)
2024-12-25 19:03:41,777 INFO  server.RaftServerConfigKeys (ConfUtils.java:logGet(46)) - raft.server.log.appender.wait-time.min = 1ms (default)
2024-12-25 19:03:41,777 INFO  server.RaftServerConfigKeys (ConfUtils.java:logGet(46)) - raft.server.log.appender.snapshot.chunk.size.max = 16MB (=16777216) (default)
2024-12-25 19:03:41,777 INFO  server.RaftServerConfigKeys (ConfUtils.java:logGet(46)) - raft.server.log.appender.buffer.byte-limit = 4MB (=4194304) (default)
2024-12-25 19:03:41,777 INFO  server.RaftServerConfigKeys (ConfUtils.java:logGet(46)) - raft.server.log.appender.buffer.element-limit = 0 (default)
2024-12-25 19:03:41,777 INFO  server.RaftServerConfigKeys (ConfUtils.java:logGet(46)) - raft.server.log.appender.wait-time.min = 1ms (default)
2024-12-25 19:03:41,777 INFO  impl.RoleInfo (RoleInfo.java:updateAndGet(148)) - s4: start s4@group-639A8E78DFD7-LeaderStateImpl
2024-12-25 19:03:41,777 INFO  server.RaftServer$Division (RaftServerImpl.java:setFirstElection(563)) - s4@group-639A8E78DFD7: set firstElectionSinceStartup to false for becomeLeader
2024-12-25 19:03:41,777 INFO  server.RaftServer$Division (ServerState.java:setLeader(272)) - s4@group-639A8E78DFD7: change Leader from null to s4 at term 1 for becomeLeader, leader elected after 342ms
2024-12-25 19:03:41,777 INFO  segmented.SegmentedRaftLogWorker (SegmentedRaftLogWorker.java:startLogSegment(443)) - s4@group-639A8E78DFD7-SegmentedRaftLogWorker: Starting segment from index:0
2024-12-25 19:03:41,778 INFO  server.RaftServer$Division (ServerState.java:setRaftConf(386)) - s4@group-639A8E78DFD7: set configuration conf: {index: 0, cur=peers:[s4, s5, s6]|listeners:[], old=null}
2024-12-25 19:03:41,778 INFO  segmented.BufferedWriteChannel (BufferedWriteChannel.java:open(61)) - open log_inprogress_0 at position 0
2024-12-25 19:03:41,780 INFO  server.RaftServer$Division (ServerState.java:setLeader(272)) - s5@group-639A8E78DFD7: change Leader from null to s4 at term 1 for appendEntries, leader elected after 333ms
2024-12-25 19:03:41,781 INFO  server.RaftServer$Division (ServerState.java:setRaftConf(386)) - s5@group-639A8E78DFD7: set configuration conf: {index: 0, cur=peers:[s4|, s5|, s6|]|listeners:[], old=null}
2024-12-25 19:03:41,781 INFO  segmented.SegmentedRaftLogWorker (SegmentedRaftLogWorker.java:startLogSegment(443)) - s5@group-639A8E78DFD7-SegmentedRaftLogWorker: Starting segment from index:0
2024-12-25 19:03:41,781 INFO  segmented.BufferedWriteChannel (BufferedWriteChannel.java:open(61)) - open log_inprogress_0 at position 0
2024-12-25 19:03:41,781 INFO  server.RaftServer$Division (ServerState.java:setLeader(272)) - s6@group-639A8E78DFD7: change Leader from null to s4 at term 1 for appendEntries, leader elected after 321ms
2024-12-25 19:03:41,782 INFO  server.RaftServer$Division (ServerState.java:setRaftConf(386)) - s6@group-639A8E78DFD7: set configuration conf: {index: 0, cur=peers:[s4|, s5|, s6|]|listeners:[], old=null}
2024-12-25 19:03:41,782 INFO  segmented.SegmentedRaftLogWorker (SegmentedRaftLogWorker.java:startLogSegment(443)) - s6@group-639A8E78DFD7-SegmentedRaftLogWorker: Starting segment from index:0
2024-12-25 19:03:41,783 INFO  segmented.BufferedWriteChannel (BufferedWriteChannel.java:open(61)) - open log_inprogress_0 at position 0
2024-12-25 19:03:41,797 INFO  segmented.SegmentedRaftLogWorker (SegmentedRaftLogWorker.java:execute(667)) - s5@group-639A8E78DFD7-SegmentedRaftLogWorker: created new log segment /home/runner/work/ratis/ratis/ratis-examples/target/test/data/6cc16ceb/MiniRaftClusterWithSimulatedRpc6b18c296/s5/27e74a1c-3483-4ef2-a5df-639a8e78dfd7/current/log_inprogress_0
2024-12-25 19:03:41,798 INFO  segmented.SegmentedRaftLogWorker (SegmentedRaftLogWorker.java:execute(667)) - s6@group-639A8E78DFD7-SegmentedRaftLogWorker: created new log segment /home/runner/work/ratis/ratis/ratis-examples/target/test/data/6cc16ceb/MiniRaftClusterWithSimulatedRpc6b18c296/s6/27e74a1c-3483-4ef2-a5df-639a8e78dfd7/current/log_inprogress_0
2024-12-25 19:03:41,799 INFO  segmented.SegmentedRaftLogWorker (SegmentedRaftLogWorker.java:execute(667)) - s4@group-639A8E78DFD7-SegmentedRaftLogWorker: created new log segment /home/runner/work/ratis/ratis/ratis-examples/target/test/data/6cc16ceb/MiniRaftClusterWithSimulatedRpc6b18c296/s4/27e74a1c-3483-4ef2-a5df-639a8e78dfd7/current/log_inprogress_0
2024-12-25 19:03:41,799 TRACE util.FileUtils (LogUtils.java:supplyAndLog(69)) - Successfully supplied FileChannel.open /home/runner/work/ratis/ratis/ratis-examples/target/test/data/6cc16ceb/MiniRaftClusterWithSimulatedRpc6b18c296/s4/27e74a1c-3483-4ef2-a5df-639a8e78dfd7/current/raft-meta.conf.tmp with options [CREATE, WRITE]: sun.nio.ch.FileChannelImpl@39389a05
2024-12-25 19:03:41,800 TRACE util.FileUtils (LogUtils.java:runAndLog(49)) - Successfully ran Atomic Files.move /home/runner/work/ratis/ratis/ratis-examples/target/test/data/6cc16ceb/MiniRaftClusterWithSimulatedRpc6b18c296/s4/27e74a1c-3483-4ef2-a5df-639a8e78dfd7/current/raft-meta.conf.tmp to /home/runner/work/ratis/ratis/ratis-examples/target/test/data/6cc16ceb/MiniRaftClusterWithSimulatedRpc6b18c296/s4/27e74a1c-3483-4ef2-a5df-639a8e78dfd7/current/raft-meta.conf with options [REPLACE_EXISTING]
2024-12-25 19:03:41,800 INFO  server.RaftServer$Division (LeaderStateImpl.java:checkStartIndex(314)) - Leader s4@group-639A8E78DFD7-LeaderStateImpl is ready since appliedIndex == startIndex == 0
2024-12-25 19:03:41,949 TRACE util.FileUtils (LogUtils.java:supplyAndLog(69)) - Successfully supplied FileChannel.open /home/runner/work/ratis/ratis/ratis-examples/target/test/data/6cc16ceb/MiniRaftClusterWithSimulatedRpc6b18c296/s5/27e74a1c-3483-4ef2-a5df-639a8e78dfd7/current/raft-meta.conf.tmp with options [CREATE, WRITE]: sun.nio.ch.FileChannelImpl@408d0a4a
2024-12-25 19:03:41,950 TRACE util.FileUtils (LogUtils.java:supplyAndLog(69)) - Successfully supplied FileChannel.open /home/runner/work/ratis/ratis/ratis-examples/target/test/data/6cc16ceb/MiniRaftClusterWithSimulatedRpc6b18c296/s6/27e74a1c-3483-4ef2-a5df-639a8e78dfd7/current/raft-meta.conf.tmp with options [CREATE, WRITE]: sun.nio.ch.FileChannelImpl@1c1de076
2024-12-25 19:03:41,952 TRACE util.FileUtils (LogUtils.java:runAndLog(49)) - Successfully ran Atomic Files.move /home/runner/work/ratis/ratis/ratis-examples/target/test/data/6cc16ceb/MiniRaftClusterWithSimulatedRpc6b18c296/s5/27e74a1c-3483-4ef2-a5df-639a8e78dfd7/current/raft-meta.conf.tmp to /home/runner/work/ratis/ratis/ratis-examples/target/test/data/6cc16ceb/MiniRaftClusterWithSimulatedRpc6b18c296/s5/27e74a1c-3483-4ef2-a5df-639a8e78dfd7/current/raft-meta.conf with options [REPLACE_EXISTING]
2024-12-25 19:03:41,952 TRACE util.FileUtils (LogUtils.java:runAndLog(49)) - Successfully ran Atomic Files.move /home/runner/work/ratis/ratis/ratis-examples/target/test/data/6cc16ceb/MiniRaftClusterWithSimulatedRpc6b18c296/s6/27e74a1c-3483-4ef2-a5df-639a8e78dfd7/current/raft-meta.conf.tmp to /home/runner/work/ratis/ratis/ratis-examples/target/test/data/6cc16ceb/MiniRaftClusterWithSimulatedRpc6b18c296/s6/27e74a1c-3483-4ef2-a5df-639a8e78dfd7/current/raft-meta.conf with options [REPLACE_EXISTING]
2024-12-25 19:03:42,372 INFO  ratis.RaftTestUtil (RaftTestUtil.java:waitForLeader(131)) - printing group-639A8E78DFD7
  s4:  RUNNING [
     LEADER s4@group-639A8E78DFD7:t1, leader=s4, voted=s4, raftlog=Memoized:s4@group-639A8E78DFD7-SegmentedRaftLog:OPENED:c0:last(t:1, i:0), conf=conf: {index: 0, cur=peers:[s4, s5, s6]|listeners:[], old=null} RUNNING
   FOLLOWER s4@group-6AB839334A82:t0, leader=null, voted=, raftlog=Memoized:s4@group-6AB839334A82-SegmentedRaftLog:OPENED:c-1:lastnull, conf=conf: {index: -1, cur=peers:[]|listeners:[], old=null} STARTING] size=2
  s5:  RUNNING [
   FOLLOWER s5@group-639A8E78DFD7:t1, leader=s4, voted=s4, raftlog=Memoized:s5@group-639A8E78DFD7-SegmentedRaftLog:OPENED:c0:last(t:1, i:0), conf=conf: {index: 0, cur=peers:[s4|, s5|, s6|]|listeners:[], old=null} RUNNING
   FOLLOWER s5@group-6AB839334A82:t0, leader=null, voted=, raftlog=Memoized:s5@group-6AB839334A82-SegmentedRaftLog:OPENED:c-1:lastnull, conf=conf: {index: -1, cur=peers:[]|listeners:[], old=null} STARTING] size=2
  s6:  RUNNING [
   FOLLOWER s6@group-639A8E78DFD7:t1, leader=s4, voted=s4, raftlog=Memoized:s6@group-639A8E78DFD7-SegmentedRaftLog:OPENED:c0:last(t:1, i:0), conf=conf: {index: 0, cur=peers:[s4|, s5|, s6|]|listeners:[], old=null} RUNNING
   FOLLOWER s6@group-6AB839334A82:t0, leader=null, voted=, raftlog=Memoized:s6@group-6AB839334A82-SegmentedRaftLog:OPENED:c-1:lastnull, conf=conf: {index: -1, cur=peers:[]|listeners:[], old=null} STARTING] size=2
2024-12-25 19:03:42,374 INFO  statemachine.StateMachine (ArithmeticStateMachine.java:applyTransaction(181)) - LEADER:s4-1: a = 63 = 63
2024-12-25 19:03:42,376 INFO  statemachine.StateMachine (ArithmeticStateMachine.java:applyTransaction(181)) - LEADER:s4-3: b = 1984 = 1984
2024-12-25 19:03:42,378 INFO  statemachine.StateMachine (ArithmeticStateMachine.java:applyTransaction(181)) - LEADER:s4-5: c = √(a^2 + b^2) = 1985
2024-12-25 19:03:42,380 INFO  statemachine.StateMachine (ArithmeticStateMachine.java:applyTransaction(181)) - LEADER:s4-7: a = null = null
2024-12-25 19:03:42,384 INFO  statemachine.StateMachine (ArithmeticStateMachine.java:applyTransaction(181)) - LEADER:s4-9: b = null = null
2024-12-25 19:03:42,386 INFO  statemachine.StateMachine (ArithmeticStateMachine.java:applyTransaction(181)) - LEADER:s4-11: c = null = null
2024-12-25 19:03:42,388 INFO  statemachine.StateMachine (ArithmeticStateMachine.java:applyTransaction(181)) - LEADER:s4-13: a = 65 = 65
2024-12-25 19:03:42,389 INFO  statemachine.StateMachine (ArithmeticStateMachine.java:applyTransaction(181)) - LEADER:s4-15: b = 2112 = 2112
2024-12-25 19:03:42,391 INFO  statemachine.StateMachine (ArithmeticStateMachine.java:applyTransaction(181)) - LEADER:s4-17: c = √(a^2 + b^2) = 2113
2024-12-25 19:03:42,393 INFO  statemachine.StateMachine (ArithmeticStateMachine.java:applyTransaction(181)) - LEADER:s4-19: a = null = null
2024-12-25 19:03:42,395 INFO  statemachine.StateMachine (ArithmeticStateMachine.java:applyTransaction(181)) - LEADER:s4-21: b = null = null
2024-12-25 19:03:42,397 INFO  statemachine.StateMachine (ArithmeticStateMachine.java:applyTransaction(181)) - LEADER:s4-23: c = null = null
2024-12-25 19:03:42,399 INFO  statemachine.StateMachine (ArithmeticStateMachine.java:applyTransaction(181)) - LEADER:s4-25: a = 67 = 67
2024-12-25 19:03:42,400 INFO  statemachine.StateMachine (ArithmeticStateMachine.java:applyTransaction(181)) - LEADER:s4-27: b = 2244 = 2244
2024-12-25 19:03:42,402 INFO  statemachine.StateMachine (ArithmeticStateMachine.java:applyTransaction(181)) - LEADER:s4-29: c = √(a^2 + b^2) = 2245
2024-12-25 19:03:42,404 INFO  statemachine.StateMachine (ArithmeticStateMachine.java:applyTransaction(181)) - LEADER:s4-31: a = null = null
2024-12-25 19:03:42,405 INFO  statemachine.StateMachine (ArithmeticStateMachine.java:applyTransaction(181)) - LEADER:s4-33: b = null = null
2024-12-25 19:03:42,407 INFO  statemachine.StateMachine (ArithmeticStateMachine.java:applyTransaction(181)) - LEADER:s4-35: c = null = null
2024-12-25 19:03:42,408 INFO  statemachine.StateMachine (ArithmeticStateMachine.java:applyTransaction(181)) - LEADER:s4-37: a = 69 = 69
2024-12-25 19:03:42,410 INFO  statemachine.StateMachine (ArithmeticStateMachine.java:applyTransaction(181)) - LEADER:s4-39: b = 2380 = 2380
2024-12-25 19:03:42,411 INFO  statemachine.StateMachine (ArithmeticStateMachine.java:applyTransaction(181)) - LEADER:s4-41: c = √(a^2 + b^2) = 2381
2024-12-25 19:03:42,413 INFO  statemachine.StateMachine (ArithmeticStateMachine.java:applyTransaction(181)) - LEADER:s4-43: a = null = null
2024-12-25 19:03:42,415 INFO  statemachine.StateMachine (ArithmeticStateMachine.java:applyTransaction(181)) - LEADER:s4-45: b = null = null
2024-12-25 19:03:42,416 INFO  statemachine.StateMachine (ArithmeticStateMachine.java:applyTransaction(181)) - LEADER:s4-47: c = null = null
2024-12-25 19:03:42,417 INFO  statemachine.StateMachine (ArithmeticStateMachine.java:applyTransaction(181)) - LEADER:s4-49: a = 71 = 71
2024-12-25 19:03:42,419 INFO  statemachine.StateMachine (ArithmeticStateMachine.java:applyTransaction(181)) - LEADER:s4-51: b = 2520 = 2520
2024-12-25 19:03:42,420 INFO  statemachine.StateMachine (ArithmeticStateMachine.java:applyTransaction(181)) - LEADER:s4-53: c = √(a^2 + b^2) = 2521
2024-12-25 19:03:42,422 INFO  statemachine.StateMachine (ArithmeticStateMachine.java:applyTransaction(181)) - LEADER:s4-55: a = null = null
2024-12-25 19:03:42,423 INFO  statemachine.StateMachine (ArithmeticStateMachine.java:applyTransaction(181)) - LEADER:s4-57: b = null = null
2024-12-25 19:03:42,425 INFO  statemachine.StateMachine (ArithmeticStateMachine.java:applyTransaction(181)) - LEADER:s4-59: c = null = null
2024-12-25 19:03:42,426 INFO  statemachine.StateMachine (ArithmeticStateMachine.java:applyTransaction(181)) - LEADER:s4-61: a = 73 = 73
2024-12-25 19:03:42,428 INFO  statemachine.StateMachine (ArithmeticStateMachine.java:applyTransaction(181)) - LEADER:s4-63: b = 2664 = 2664
2024-12-25 19:03:42,429 INFO  statemachine.StateMachine (ArithmeticStateMachine.java:applyTransaction(181)) - LEADER:s4-65: c = √(a^2 + b^2) = 2665
2024-12-25 19:03:42,431 INFO  statemachine.StateMachine (ArithmeticStateMachine.java:applyTransaction(181)) - LEADER:s4-67: a = null = null
2024-12-25 19:03:42,432 INFO  statemachine.StateMachine (ArithmeticStateMachine.java:applyTransaction(181)) - LEADER:s4-69: b = null = null
2024-12-25 19:03:42,434 INFO  statemachine.StateMachine (ArithmeticStateMachine.java:applyTransaction(181)) - LEADER:s4-71: c = null = null
2024-12-25 19:03:42,436 INFO  statemachine.StateMachine (ArithmeticStateMachine.java:applyTransaction(181)) - LEADER:s4-73: a = 75 = 75
2024-12-25 19:03:42,437 INFO  statemachine.StateMachine (ArithmeticStateMachine.java:applyTransaction(181)) - LEADER:s4-75: b = 2812 = 2812
2024-12-25 19:03:42,438 INFO  statemachine.StateMachine (ArithmeticStateMachine.java:applyTransaction(181)) - LEADER:s4-77: c = √(a^2 + b^2) = 2813
2024-12-25 19:03:42,440 INFO  statemachine.StateMachine (ArithmeticStateMachine.java:applyTransaction(181)) - LEADER:s4-79: a = null = null
2024-12-25 19:03:42,441 INFO  statemachine.StateMachine (ArithmeticStateMachine.java:applyTransaction(181)) - LEADER:s4-81: b = null = null
2024-12-25 19:03:42,443 INFO  statemachine.StateMachine (ArithmeticStateMachine.java:applyTransaction(181)) - LEADER:s4-83: c = null = null
2024-12-25 19:03:42,452 INFO  statemachine.StateMachine (ArithmeticStateMachine.java:applyTransaction(181)) - LEADER:s4-85: a = 77 = 77
2024-12-25 19:03:42,453 INFO  statemachine.StateMachine (ArithmeticStateMachine.java:applyTransaction(181)) - LEADER:s4-87: b = 2964 = 2964
2024-12-25 19:03:42,454 INFO  statemachine.StateMachine (ArithmeticStateMachine.java:applyTransaction(181)) - LEADER:s4-89: c = √(a^2 + b^2) = 2965
2024-12-25 19:03:42,456 INFO  statemachine.StateMachine (ArithmeticStateMachine.java:applyTransaction(181)) - LEADER:s4-91: a = null = null
2024-12-25 19:03:42,458 INFO  statemachine.StateMachine (ArithmeticStateMachine.java:applyTransaction(181)) - LEADER:s4-93: b = null = null
2024-12-25 19:03:42,460 INFO  statemachine.StateMachine (ArithmeticStateMachine.java:applyTransaction(181)) - LEADER:s4-95: c = null = null
2024-12-25 19:03:42,461 INFO  statemachine.StateMachine (ArithmeticStateMachine.java:applyTransaction(181)) - LEADER:s4-97: a = 79 = 79
2024-12-25 19:03:42,462 INFO  statemachine.StateMachine (ArithmeticStateMachine.java:applyTransaction(181)) - LEADER:s4-99: b = 3120 = 3120
2024-12-25 19:03:42,464 INFO  statemachine.StateMachine (ArithmeticStateMachine.java:applyTransaction(181)) - LEADER:s4-101: c = √(a^2 + b^2) = 3121
2024-12-25 19:03:42,465 INFO  statemachine.StateMachine (ArithmeticStateMachine.java:applyTransaction(181)) - LEADER:s4-103: a = null = null
2024-12-25 19:03:42,467 INFO  statemachine.StateMachine (ArithmeticStateMachine.java:applyTransaction(181)) - LEADER:s4-105: b = null = null
2024-12-25 19:03:42,468 INFO  statemachine.StateMachine (ArithmeticStateMachine.java:applyTransaction(181)) - LEADER:s4-107: c = null = null
2024-12-25 19:03:42,470 INFO  statemachine.StateMachine (ArithmeticStateMachine.java:applyTransaction(181)) - LEADER:s4-109: a = 81 = 81
2024-12-25 19:03:42,471 INFO  statemachine.StateMachine (ArithmeticStateMachine.java:applyTransaction(181)) - LEADER:s4-111: b = 3280 = 3280
2024-12-25 19:03:42,472 INFO  statemachine.StateMachine (ArithmeticStateMachine.java:applyTransaction(181)) - LEADER:s4-113: c = √(a^2 + b^2) = 3281
2024-12-25 19:03:42,474 INFO  statemachine.StateMachine (ArithmeticStateMachine.java:applyTransaction(181)) - LEADER:s4-115: a = null = null
2024-12-25 19:03:42,475 INFO  statemachine.StateMachine (ArithmeticStateMachine.java:applyTransaction(181)) - LEADER:s4-117: b = null = null
2024-12-25 19:03:42,476 INFO  statemachine.StateMachine (ArithmeticStateMachine.java:applyTransaction(181)) - LEADER:s4-119: c = null = null
2024-12-25 19:03:42,476 INFO  impl.GroupManagementBaseTest (GroupManagementBaseTest.java:runMultiGroupTest(281)) - 4) starting group-4CF2EC507520:[s7, s8, s9]
2024-12-25 19:03:42,477 INFO  server.RaftServer (RaftServerProxy.java:addNew(101)) - s7: addNew group-4CF2EC507520:[s7, s8, s9] returns group-4CF2EC507520:java.util.concurrent.CompletableFuture@7f7feeac[Not completed]
2024-12-25 19:03:42,477 INFO  server.RaftServer$Division (RaftServerImpl.java:<init>(256)) - s7: new RaftServerImpl for group-4CF2EC507520:[s7, s8, s9] with ArithmeticStateMachine:uninitialized
2024-12-25 19:03:42,478 INFO  server.RaftServerConfigKeys (ConfUtils.java:logGet(46)) - raft.server.rpc.timeout.min = 300ms (custom)
2024-12-25 19:03:42,478 INFO  server.RaftServerConfigKeys (ConfUtils.java:logGet(46)) - raft.server.rpc.timeout.max = 600ms (custom)
2024-12-25 19:03:42,478 INFO  server.RaftServerConfigKeys (ConfUtils.java:logGet(46)) - raft.server.rpc.sleep.time = 25ms (default)
2024-12-25 19:03:42,478 INFO  server.RaftServerConfigKeys (ConfUtils.java:logGet(46)) - raft.server.rpc.slowness.timeout = 60s (default)
2024-12-25 19:03:42,478 INFO  server.RaftServerConfigKeys (ConfUtils.java:logGet(46)) - raft.server.leaderelection.leader.step-down.wait-time = 10s (default)
2024-12-25 19:03:42,478 INFO  server.RaftServerConfigKeys (ConfUtils.java:logGet(46)) - raft.server.leaderelection.member.majority-add = false (default)
2024-12-25 19:03:42,478 INFO  server.RaftServerConfigKeys (ConfUtils.java:logGet(46)) - raft.server.sleep.deviation.threshold = 300ms (default)
2024-12-25 19:03:42,478 INFO  server.RaftServer$Division (ServerState.java:<init>(114)) - s7@group-4CF2EC507520: ConfigurationManager, init=conf: {index: -1, cur=peers:[s7, s8, s9]|listeners:[], old=null}, confs=<EMPTY_MAP>
2024-12-25 19:03:42,478 INFO  server.RaftServerConfigKeys (ConfUtils.java:logGet(46)) - raft.server.notification.no-leader.timeout = 60s (default)
2024-12-25 19:03:42,478 INFO  server.RaftServerConfigKeys (ConfUtils.java:logGet(46)) - raft.server.read.timeout = 10s (default)
2024-12-25 19:03:42,478 INFO  server.RaftServerConfigKeys (ConfUtils.java:logGet(46)) - raft.server.retrycache.expirytime = 60s (default)
2024-12-25 19:03:42,478 INFO  server.RaftServerConfigKeys (ConfUtils.java:logGet(46)) - raft.server.retrycache.statistics.expirytime = 100ms (default)
2024-12-25 19:03:42,479 INFO  server.RaftServerConfigKeys (ConfUtils.java:logGet(46)) - raft.server.read.option = DEFAULT (default)
2024-12-25 19:03:42,479 INFO  server.RaftServerConfigKeys (ConfUtils.java:logGet(46)) - raft.server.read.read-after-write-consistent.write-index-cache.expiry-time = 60s (default)
2024-12-25 19:03:42,479 INFO  server.RaftServerConfigKeys (ConfUtils.java:logGet(46)) - raft.server.rpc.request.timeout = 3000ms (default)
2024-12-25 19:03:42,479 INFO  server.RaftServerConfigKeys (ConfUtils.java:logGet(46)) - raft.server.log.appender.install.snapshot.enabled = true (default)
2024-12-25 19:03:42,479 INFO  server.RaftServerConfigKeys (ConfUtils.java:logGet(46)) - raft.server.threadpool.server.cached = true (default)
2024-12-25 19:03:42,480 INFO  server.RaftServerConfigKeys (ConfUtils.java:logGet(46)) - raft.server.threadpool.server.size = 0 (default)
2024-12-25 19:03:42,480 INFO  server.RaftServerConfigKeys (ConfUtils.java:logGet(46)) - raft.server.threadpool.client.cached = true (default)
2024-12-25 19:03:42,480 INFO  server.RaftServerConfigKeys (ConfUtils.java:logGet(46)) - raft.server.threadpool.client.size = 0 (default)
2024-12-25 19:03:42,480 INFO  server.RaftServerConfigKeys (ConfUtils.java:logGet(46)) - raft.server.storage.free-space.min = 0MB (=0) (default)
2024-12-25 19:03:42,480 INFO  server.RaftServerConfigKeys (ConfUtils.java:logGet(46)) - raft.server.log.corruption.policy = EXCEPTION (default)
2024-12-25 19:03:42,480 INFO  server.RaftServerConfigKeys (ConfUtils.java:logGet(46)) - raft.server.storage.dir = [/home/runner/work/ratis/ratis/ratis-examples/target/test/data/6cc16ceb/MiniRaftClusterWithSimulatedRpc6b18c296/s7] (custom)
2024-12-25 19:03:42,480 INFO  storage.RaftStorageDirectory (RaftStorageDirectoryImpl.java:analyzeStorage(138)) - The storage directory /home/runner/work/ratis/ratis/ratis-examples/target/test/data/6cc16ceb/MiniRaftClusterWithSimulatedRpc6b18c296/s7/7b4a5993-c80f-4d60-b20d-4cf2ec507520 does not exist. Creating ...
2024-12-25 19:03:42,480 TRACE util.FileUtils (LogUtils.java:runAndLog(49)) - Successfully ran Files.createDirectories /home/runner/work/ratis/ratis/ratis-examples/target/test/data/6cc16ceb/MiniRaftClusterWithSimulatedRpc6b18c296/s7/7b4a5993-c80f-4d60-b20d-4cf2ec507520
2024-12-25 19:03:42,482 INFO  storage.RaftStorageDirectory (RaftStorageDirectoryImpl.java:tryLock(229)) - Lock on /home/runner/work/ratis/ratis/ratis-examples/target/test/data/6cc16ceb/MiniRaftClusterWithSimulatedRpc6b18c296/s7/7b4a5993-c80f-4d60-b20d-4cf2ec507520/in_use.lock acquired by nodename 14827@fv-az835-686.uia40oc12eqezaqrhfktyfhufg.ex.internal.cloudapp.net
2024-12-25 19:03:42,482 TRACE util.FileUtils (LogUtils.java:runAndLog(49)) - Successfully ran Files.createDirectories /home/runner/work/ratis/ratis/ratis-examples/target/test/data/6cc16ceb/MiniRaftClusterWithSimulatedRpc6b18c296/s7/7b4a5993-c80f-4d60-b20d-4cf2ec507520/current
2024-12-25 19:03:42,482 TRACE util.FileUtils (LogUtils.java:runAndLog(49)) - Successfully ran Files.createDirectories /home/runner/work/ratis/ratis/ratis-examples/target/test/data/6cc16ceb/MiniRaftClusterWithSimulatedRpc6b18c296/s7/7b4a5993-c80f-4d60-b20d-4cf2ec507520/sm
2024-12-25 19:03:42,482 TRACE util.FileUtils (LogUtils.java:supplyAndLog(69)) - Successfully supplied FileChannel.open /home/runner/work/ratis/ratis/ratis-examples/target/test/data/6cc16ceb/MiniRaftClusterWithSimulatedRpc6b18c296/s7/7b4a5993-c80f-4d60-b20d-4cf2ec507520/current/raft-meta.tmp with options [CREATE, WRITE]: sun.nio.ch.FileChannelImpl@1907cad
2024-12-25 19:03:42,483 TRACE util.FileUtils (LogUtils.java:runAndLog(49)) - Successfully ran Atomic Files.move /home/runner/work/ratis/ratis/ratis-examples/target/test/data/6cc16ceb/MiniRaftClusterWithSimulatedRpc6b18c296/s7/7b4a5993-c80f-4d60-b20d-4cf2ec507520/current/raft-meta.tmp to /home/runner/work/ratis/ratis/ratis-examples/target/test/data/6cc16ceb/MiniRaftClusterWithSimulatedRpc6b18c296/s7/7b4a5993-c80f-4d60-b20d-4cf2ec507520/current/raft-meta with options [REPLACE_EXISTING]
2024-12-25 19:03:42,483 INFO  storage.RaftStorage (RaftStorageImpl.java:format(98)) - Storage directory /home/runner/work/ratis/ratis/ratis-examples/target/test/data/6cc16ceb/MiniRaftClusterWithSimulatedRpc6b18c296/s7/7b4a5993-c80f-4d60-b20d-4cf2ec507520 has been successfully formatted.
2024-12-25 19:03:42,483 WARN  statemachine.StateMachine (ArithmeticStateMachine.java:loadSnapshot(115)) - The snapshot info is null.
2024-12-25 19:03:42,483 INFO  server.RaftServerConfigKeys (ConfUtils.java:logGet(46)) - raft.server.log.use.memory = false (default)
2024-12-25 19:03:42,483 INFO  server.RaftServerConfigKeys (ConfUtils.java:logGet(46)) - raft.server.log.purge.gap = 1024 (default)
2024-12-25 19:03:42,483 INFO  server.RaftServerConfigKeys (ConfUtils.java:logGet(46)) - raft.server.log.appender.buffer.byte-limit = 4MB (=4194304) (default)
2024-12-25 19:03:42,484 INFO  server.RaftServerConfigKeys (ConfUtils.java:logGet(46)) - raft.server.log.statemachine.data.read.timeout = 1000ms (default)
2024-12-25 19:03:42,484 INFO  server.RaftServerConfigKeys (ConfUtils.java:logGet(46)) - raft.server.log.purge.preservation.log.num = 0 (default)
2024-12-25 19:03:42,484 INFO  server.RaftServerConfigKeys (ConfUtils.java:logGet(46)) - raft.server.log.segment.size.max = 32MB (=33554432) (default)
2024-12-25 19:03:42,484 INFO  server.RaftServerConfigKeys (ConfUtils.java:logGet(46)) - raft.server.log.segment.cache.num.max = 6 (default)
2024-12-25 19:03:42,484 INFO  server.RaftServerConfigKeys (ConfUtils.java:logGet(46)) - raft.server.log.segment.cache.size.max = 200MB (=209715200) (default)
2024-12-25 19:03:42,484 INFO  server.RaftServerConfigKeys (ConfUtils.java:logGet(46)) - raft.server.log.appender.buffer.byte-limit = 4MB (=4194304) (default)
2024-12-25 19:03:42,484 INFO  util.AwaitToRun (AwaitToRun.java:start(81)) - Thread[s7@group-4CF2EC507520-cacheEviction-AwaitToRun,5,main] started
2024-12-25 19:03:42,484 INFO  segmented.SegmentedRaftLogWorker (SegmentedRaftLogWorker.java:<init>(189)) - new s7@group-4CF2EC507520-SegmentedRaftLogWorker for RaftStorageImpl:Storage Directory /home/runner/work/ratis/ratis/ratis-examples/target/test/data/6cc16ceb/MiniRaftClusterWithSimulatedRpc6b18c296/s7/7b4a5993-c80f-4d60-b20d-4cf2ec507520
2024-12-25 19:03:42,484 INFO  server.RaftServerConfigKeys (ConfUtils.java:logGet(46)) - raft.server.log.queue.byte-limit = 64MB (=67108864) (default)
2024-12-25 19:03:42,484 INFO  server.RaftServerConfigKeys (ConfUtils.java:logGet(46)) - raft.server.log.queue.element-limit = 4096 (default)
2024-12-25 19:03:42,484 INFO  server.RaftServerConfigKeys (ConfUtils.java:logGet(46)) - raft.server.log.segment.size.max = 32MB (=33554432) (default)
2024-12-25 19:03:42,484 INFO  server.RaftServerConfigKeys (ConfUtils.java:logGet(46)) - raft.server.log.preallocated.size = 4MB (=4194304) (default)
2024-12-25 19:03:42,485 INFO  server.RaftServerConfigKeys (ConfUtils.java:logGet(46)) - raft.server.log.force.sync.num = 128 (default)
2024-12-25 19:03:42,485 INFO  server.RaftServerConfigKeys (ConfUtils.java:logGet(46)) - raft.server.log.statemachine.data.sync = true (default)
2024-12-25 19:03:42,485 INFO  server.RaftServerConfigKeys (ConfUtils.java:logGet(46)) - raft.server.log.statemachine.data.sync.timeout = 10s (default)
2024-12-25 19:03:42,485 INFO  server.RaftServerConfigKeys (ConfUtils.java:logGet(46)) - raft.server.log.statemachine.data.sync.timeout.retry = -1 (default)
2024-12-25 19:03:42,485 INFO  server.RaftServerConfigKeys (ConfUtils.java:logGet(46)) - raft.server.log.write.buffer.size = 8MB (=8388608) (default)
2024-12-25 19:03:42,486 INFO  server.RaftServerConfigKeys (ConfUtils.java:logGet(46)) - raft.server.log.appender.buffer.byte-limit = 4MB (=4194304) (default)
2024-12-25 19:03:42,487 INFO  server.RaftServerConfigKeys (ConfUtils.java:logGet(46)) - raft.server.log.unsafe-flush.enabled = false (default)
2024-12-25 19:03:42,487 INFO  server.RaftServerConfigKeys (ConfUtils.java:logGet(46)) - raft.server.log.async-flush.enabled = false (default)
2024-12-25 19:03:42,487 INFO  server.RaftServerConfigKeys (ConfUtils.java:logGet(46)) - raft.server.log.statemachine.data.caching.enabled = false (default)
2024-12-25 19:03:42,487 INFO  segmented.SegmentedRaftLogWorker (SegmentedRaftLogWorker.java:lambda$new$0(140)) - s7@group-4CF2EC507520-SegmentedRaftLogWorker: flushIndex: setUnconditionally 0 -> -1
2024-12-25 19:03:42,487 INFO  segmented.SegmentedRaftLogWorker (SegmentedRaftLogWorker.java:lambda$new$0(140)) - s7@group-4CF2EC507520-SegmentedRaftLogWorker: safeCacheEvictIndex: setUnconditionally 0 -> -1
2024-12-25 19:03:42,487 INFO  server.RaftServer$Division (RaftServerImpl.java:start(392)) - s7@group-4CF2EC507520: start as a follower, conf=conf: {index: -1, cur=peers:[s7, s8, s9]|listeners:[], old=null}
2024-12-25 19:03:42,487 INFO  server.RaftServer$Division (RaftServerImpl.java:setRole(379)) - s7@group-4CF2EC507520: changes role from      null to FOLLOWER at term 0 for startAsFollower
2024-12-25 19:03:42,487 INFO  impl.RoleInfo (RoleInfo.java:updateAndGet(148)) - s7: start s7@group-4CF2EC507520-FollowerState
2024-12-25 19:03:42,487 INFO  util.JmxRegister (JmxRegister.java:tryRegister(44)) - Successfully registered JMX Bean with object name Ratis:service=RaftServer,group=group-4CF2EC507520,id=s7
2024-12-25 19:03:42,487 INFO  util.JmxRegister (JmxRegister.java:register(58)) - register mxBean class org.apache.ratis.server.impl.RaftServerJmxAdapter as Ratis:service=RaftServer,group=group-4CF2EC507520,id=s7
2024-12-25 19:03:42,487 INFO  server.RaftServerConfigKeys (ConfUtils.java:logFallback(53)) - raft.server.rpc.first-election.timeout.min = 300ms (fallback to raft.server.rpc.timeout.min)
2024-12-25 19:03:42,488 INFO  server.RaftServerConfigKeys (ConfUtils.java:logGet(46)) - raft.server.snapshot.trigger-when-stop.enabled = true (default)
2024-12-25 19:03:42,488 INFO  server.RaftServerConfigKeys (ConfUtils.java:logGet(46)) - raft.server.snapshot.trigger-when-remove.enabled = true (default)
2024-12-25 19:03:42,488 INFO  server.RaftServerConfigKeys (ConfUtils.java:logGet(46)) - raft.server.snapshot.auto.trigger.enabled = false (default)
2024-12-25 19:03:42,488 INFO  server.RaftServerConfigKeys (ConfUtils.java:logGet(46)) - raft.server.snapshot.retention.file.num = -1 (default)
2024-12-25 19:03:42,488 INFO  server.RaftServerConfigKeys (ConfUtils.java:logFallback(53)) - raft.server.rpc.first-election.timeout.max = 600ms (fallback to raft.server.rpc.timeout.max)
2024-12-25 19:03:42,488 INFO  server.RaftServerConfigKeys (ConfUtils.java:logGet(46)) - raft.server.log.purge.upto.snapshot.index = false (default)
2024-12-25 19:03:42,489 INFO  server.RaftServer$Division (RaftServerImpl.java:start(406)) - s7@group-4CF2EC507520: Successfully started.
2024-12-25 19:03:42,490 INFO  server.RaftServer (RaftServerProxy.java:addNew(101)) - s8: addNew group-4CF2EC507520:[s7, s8, s9] returns group-4CF2EC507520:java.util.concurrent.CompletableFuture@4924ab94[Not completed]
2024-12-25 19:03:42,490 INFO  server.RaftServer$Division (RaftServerImpl.java:<init>(256)) - s8: new RaftServerImpl for group-4CF2EC507520:[s7, s8, s9] with ArithmeticStateMachine:uninitialized
2024-12-25 19:03:42,490 INFO  server.RaftServerConfigKeys (ConfUtils.java:logGet(46)) - raft.server.rpc.timeout.min = 300ms (custom)
2024-12-25 19:03:42,490 INFO  server.RaftServerConfigKeys (ConfUtils.java:logGet(46)) - raft.server.rpc.timeout.max = 600ms (custom)
2024-12-25 19:03:42,490 INFO  server.RaftServerConfigKeys (ConfUtils.java:logGet(46)) - raft.server.rpc.sleep.time = 25ms (default)
2024-12-25 19:03:42,490 INFO  server.RaftServerConfigKeys (ConfUtils.java:logGet(46)) - raft.server.rpc.slowness.timeout = 60s (default)
2024-12-25 19:03:42,490 INFO  server.RaftServerConfigKeys (ConfUtils.java:logGet(46)) - raft.server.leaderelection.leader.step-down.wait-time = 10s (default)
2024-12-25 19:03:42,490 INFO  server.RaftServerConfigKeys (ConfUtils.java:logGet(46)) - raft.server.leaderelection.member.majority-add = false (default)
2024-12-25 19:03:42,490 INFO  server.RaftServerConfigKeys (ConfUtils.java:logGet(46)) - raft.server.sleep.deviation.threshold = 300ms (default)
2024-12-25 19:03:42,490 INFO  server.RaftServer$Division (ServerState.java:<init>(114)) - s8@group-4CF2EC507520: ConfigurationManager, init=conf: {index: -1, cur=peers:[s7, s8, s9]|listeners:[], old=null}, confs=<EMPTY_MAP>
2024-12-25 19:03:42,490 INFO  server.RaftServerConfigKeys (ConfUtils.java:logGet(46)) - raft.server.notification.no-leader.timeout = 60s (default)
2024-12-25 19:03:42,490 INFO  server.RaftServerConfigKeys (ConfUtils.java:logGet(46)) - raft.server.read.timeout = 10s (default)
2024-12-25 19:03:42,490 INFO  server.RaftServerConfigKeys (ConfUtils.java:logGet(46)) - raft.server.retrycache.expirytime = 60s (default)
2024-12-25 19:03:42,490 INFO  server.RaftServerConfigKeys (ConfUtils.java:logGet(46)) - raft.server.retrycache.statistics.expirytime = 100ms (default)
2024-12-25 19:03:42,491 INFO  server.RaftServerConfigKeys (ConfUtils.java:logGet(46)) - raft.server.read.option = DEFAULT (default)
2024-12-25 19:03:42,491 INFO  server.RaftServerConfigKeys (ConfUtils.java:logGet(46)) - raft.server.read.read-after-write-consistent.write-index-cache.expiry-time = 60s (default)
2024-12-25 19:03:42,491 INFO  server.RaftServerConfigKeys (ConfUtils.java:logGet(46)) - raft.server.rpc.request.timeout = 3000ms (default)
2024-12-25 19:03:42,491 INFO  server.RaftServerConfigKeys (ConfUtils.java:logGet(46)) - raft.server.log.appender.install.snapshot.enabled = true (default)
2024-12-25 19:03:42,491 INFO  server.RaftServerConfigKeys (ConfUtils.java:logGet(46)) - raft.server.threadpool.server.cached = true (default)
2024-12-25 19:03:42,491 INFO  server.RaftServerConfigKeys (ConfUtils.java:logGet(46)) - raft.server.threadpool.server.size = 0 (default)
2024-12-25 19:03:42,491 INFO  server.RaftServerConfigKeys (ConfUtils.java:logGet(46)) - raft.server.threadpool.client.cached = true (default)
2024-12-25 19:03:42,491 INFO  server.RaftServerConfigKeys (ConfUtils.java:logGet(46)) - raft.server.threadpool.client.size = 0 (default)
2024-12-25 19:03:42,491 INFO  server.RaftServerConfigKeys (ConfUtils.java:logGet(46)) - raft.server.storage.free-space.min = 0MB (=0) (default)
2024-12-25 19:03:42,491 INFO  server.RaftServerConfigKeys (ConfUtils.java:logGet(46)) - raft.server.log.corruption.policy = EXCEPTION (default)
2024-12-25 19:03:42,491 INFO  server.RaftServerConfigKeys (ConfUtils.java:logGet(46)) - raft.server.storage.dir = [/home/runner/work/ratis/ratis/ratis-examples/target/test/data/6cc16ceb/MiniRaftClusterWithSimulatedRpc6b18c296/s8] (custom)
2024-12-25 19:03:42,492 INFO  storage.RaftStorageDirectory (RaftStorageDirectoryImpl.java:analyzeStorage(138)) - The storage directory /home/runner/work/ratis/ratis/ratis-examples/target/test/data/6cc16ceb/MiniRaftClusterWithSimulatedRpc6b18c296/s8/7b4a5993-c80f-4d60-b20d-4cf2ec507520 does not exist. Creating ...
2024-12-25 19:03:42,492 TRACE util.FileUtils (LogUtils.java:runAndLog(49)) - Successfully ran Files.createDirectories /home/runner/work/ratis/ratis/ratis-examples/target/test/data/6cc16ceb/MiniRaftClusterWithSimulatedRpc6b18c296/s8/7b4a5993-c80f-4d60-b20d-4cf2ec507520
2024-12-25 19:03:42,493 INFO  storage.RaftStorageDirectory (RaftStorageDirectoryImpl.java:tryLock(229)) - Lock on /home/runner/work/ratis/ratis/ratis-examples/target/test/data/6cc16ceb/MiniRaftClusterWithSimulatedRpc6b18c296/s8/7b4a5993-c80f-4d60-b20d-4cf2ec507520/in_use.lock acquired by nodename 14827@fv-az835-686.uia40oc12eqezaqrhfktyfhufg.ex.internal.cloudapp.net
2024-12-25 19:03:42,493 TRACE util.FileUtils (LogUtils.java:runAndLog(49)) - Successfully ran Files.createDirectories /home/runner/work/ratis/ratis/ratis-examples/target/test/data/6cc16ceb/MiniRaftClusterWithSimulatedRpc6b18c296/s8/7b4a5993-c80f-4d60-b20d-4cf2ec507520/current
2024-12-25 19:03:42,493 TRACE util.FileUtils (LogUtils.java:runAndLog(49)) - Successfully ran Files.createDirectories /home/runner/work/ratis/ratis/ratis-examples/target/test/data/6cc16ceb/MiniRaftClusterWithSimulatedRpc6b18c296/s8/7b4a5993-c80f-4d60-b20d-4cf2ec507520/sm
2024-12-25 19:03:42,493 TRACE util.FileUtils (LogUtils.java:supplyAndLog(69)) - Successfully supplied FileChannel.open /home/runner/work/ratis/ratis/ratis-examples/target/test/data/6cc16ceb/MiniRaftClusterWithSimulatedRpc6b18c296/s8/7b4a5993-c80f-4d60-b20d-4cf2ec507520/current/raft-meta.tmp with options [CREATE, WRITE]: sun.nio.ch.FileChannelImpl@6eb6f818
2024-12-25 19:03:42,495 TRACE util.FileUtils (LogUtils.java:runAndLog(49)) - Successfully ran Atomic Files.move /home/runner/work/ratis/ratis/ratis-examples/target/test/data/6cc16ceb/MiniRaftClusterWithSimulatedRpc6b18c296/s8/7b4a5993-c80f-4d60-b20d-4cf2ec507520/current/raft-meta.tmp to /home/runner/work/ratis/ratis/ratis-examples/target/test/data/6cc16ceb/MiniRaftClusterWithSimulatedRpc6b18c296/s8/7b4a5993-c80f-4d60-b20d-4cf2ec507520/current/raft-meta with options [REPLACE_EXISTING]
2024-12-25 19:03:42,495 INFO  storage.RaftStorage (RaftStorageImpl.java:format(98)) - Storage directory /home/runner/work/ratis/ratis/ratis-examples/target/test/data/6cc16ceb/MiniRaftClusterWithSimulatedRpc6b18c296/s8/7b4a5993-c80f-4d60-b20d-4cf2ec507520 has been successfully formatted.
2024-12-25 19:03:42,495 WARN  statemachine.StateMachine (ArithmeticStateMachine.java:loadSnapshot(115)) - The snapshot info is null.
2024-12-25 19:03:42,495 INFO  server.RaftServerConfigKeys (ConfUtils.java:logGet(46)) - raft.server.log.use.memory = false (default)
2024-12-25 19:03:42,495 INFO  server.RaftServerConfigKeys (ConfUtils.java:logGet(46)) - raft.server.log.purge.gap = 1024 (default)
2024-12-25 19:03:42,495 INFO  server.RaftServerConfigKeys (ConfUtils.java:logGet(46)) - raft.server.log.appender.buffer.byte-limit = 4MB (=4194304) (default)
2024-12-25 19:03:42,495 INFO  server.RaftServerConfigKeys (ConfUtils.java:logGet(46)) - raft.server.log.statemachine.data.read.timeout = 1000ms (default)
2024-12-25 19:03:42,495 INFO  server.RaftServerConfigKeys (ConfUtils.java:logGet(46)) - raft.server.log.purge.preservation.log.num = 0 (default)
2024-12-25 19:03:42,495 INFO  server.RaftServerConfigKeys (ConfUtils.java:logGet(46)) - raft.server.log.segment.size.max = 32MB (=33554432) (default)
2024-12-25 19:03:42,496 INFO  server.RaftServerConfigKeys (ConfUtils.java:logGet(46)) - raft.server.log.segment.cache.num.max = 6 (default)
2024-12-25 19:03:42,496 INFO  server.RaftServerConfigKeys (ConfUtils.java:logGet(46)) - raft.server.log.segment.cache.size.max = 200MB (=209715200) (default)
2024-12-25 19:03:42,496 INFO  server.RaftServerConfigKeys (ConfUtils.java:logGet(46)) - raft.server.log.appender.buffer.byte-limit = 4MB (=4194304) (default)
2024-12-25 19:03:42,496 INFO  util.AwaitToRun (AwaitToRun.java:start(81)) - Thread[s8@group-4CF2EC507520-cacheEviction-AwaitToRun,5,main] started
2024-12-25 19:03:42,496 INFO  segmented.SegmentedRaftLogWorker (SegmentedRaftLogWorker.java:<init>(189)) - new s8@group-4CF2EC507520-SegmentedRaftLogWorker for RaftStorageImpl:Storage Directory /home/runner/work/ratis/ratis/ratis-examples/target/test/data/6cc16ceb/MiniRaftClusterWithSimulatedRpc6b18c296/s8/7b4a5993-c80f-4d60-b20d-4cf2ec507520
2024-12-25 19:03:42,496 INFO  server.RaftServerConfigKeys (ConfUtils.java:logGet(46)) - raft.server.log.queue.byte-limit = 64MB (=67108864) (default)
2024-12-25 19:03:42,496 INFO  server.RaftServerConfigKeys (ConfUtils.java:logGet(46)) - raft.server.log.queue.element-limit = 4096 (default)
2024-12-25 19:03:42,496 INFO  server.RaftServerConfigKeys (ConfUtils.java:logGet(46)) - raft.server.log.segment.size.max = 32MB (=33554432) (default)
2024-12-25 19:03:42,496 INFO  server.RaftServerConfigKeys (ConfUtils.java:logGet(46)) - raft.server.log.preallocated.size = 4MB (=4194304) (default)
2024-12-25 19:03:42,496 INFO  server.RaftServerConfigKeys (ConfUtils.java:logGet(46)) - raft.server.log.force.sync.num = 128 (default)
2024-12-25 19:03:42,496 INFO  server.RaftServerConfigKeys (ConfUtils.java:logGet(46)) - raft.server.log.statemachine.data.sync = true (default)
2024-12-25 19:03:42,496 INFO  server.RaftServerConfigKeys (ConfUtils.java:logGet(46)) - raft.server.log.statemachine.data.sync.timeout = 10s (default)
2024-12-25 19:03:42,496 INFO  server.RaftServerConfigKeys (ConfUtils.java:logGet(46)) - raft.server.log.statemachine.data.sync.timeout.retry = -1 (default)
2024-12-25 19:03:42,496 INFO  server.RaftServerConfigKeys (ConfUtils.java:logGet(46)) - raft.server.log.write.buffer.size = 8MB (=8388608) (default)
2024-12-25 19:03:42,498 INFO  server.RaftServerConfigKeys (ConfUtils.java:logGet(46)) - raft.server.log.appender.buffer.byte-limit = 4MB (=4194304) (default)
2024-12-25 19:03:42,498 INFO  server.RaftServerConfigKeys (ConfUtils.java:logGet(46)) - raft.server.log.unsafe-flush.enabled = false (default)
2024-12-25 19:03:42,498 INFO  server.RaftServerConfigKeys (ConfUtils.java:logGet(46)) - raft.server.log.async-flush.enabled = false (default)
2024-12-25 19:03:42,498 INFO  server.RaftServerConfigKeys (ConfUtils.java:logGet(46)) - raft.server.log.statemachine.data.caching.enabled = false (default)
2024-12-25 19:03:42,498 INFO  segmented.SegmentedRaftLogWorker (SegmentedRaftLogWorker.java:lambda$new$0(140)) - s8@group-4CF2EC507520-SegmentedRaftLogWorker: flushIndex: setUnconditionally 0 -> -1
2024-12-25 19:03:42,498 INFO  segmented.SegmentedRaftLogWorker (SegmentedRaftLogWorker.java:lambda$new$0(140)) - s8@group-4CF2EC507520-SegmentedRaftLogWorker: safeCacheEvictIndex: setUnconditionally 0 -> -1
2024-12-25 19:03:42,498 INFO  server.RaftServer$Division (RaftServerImpl.java:start(392)) - s8@group-4CF2EC507520: start as a follower, conf=conf: {index: -1, cur=peers:[s7, s8, s9]|listeners:[], old=null}
2024-12-25 19:03:42,498 INFO  server.RaftServer$Division (RaftServerImpl.java:setRole(379)) - s8@group-4CF2EC507520: changes role from      null to FOLLOWER at term 0 for startAsFollower
2024-12-25 19:03:42,498 INFO  impl.RoleInfo (RoleInfo.java:updateAndGet(148)) - s8: start s8@group-4CF2EC507520-FollowerState
2024-12-25 19:03:42,499 INFO  util.JmxRegister (JmxRegister.java:tryRegister(44)) - Successfully registered JMX Bean with object name Ratis:service=RaftServer,group=group-4CF2EC507520,id=s8
2024-12-25 19:03:42,499 INFO  util.JmxRegister (JmxRegister.java:register(58)) - register mxBean class org.apache.ratis.server.impl.RaftServerJmxAdapter as Ratis:service=RaftServer,group=group-4CF2EC507520,id=s8
2024-12-25 19:03:42,499 INFO  server.RaftServerConfigKeys (ConfUtils.java:logFallback(53)) - raft.server.rpc.first-election.timeout.min = 300ms (fallback to raft.server.rpc.timeout.min)
2024-12-25 19:03:42,499 INFO  server.RaftServerConfigKeys (ConfUtils.java:logGet(46)) - raft.server.snapshot.trigger-when-stop.enabled = true (default)
2024-12-25 19:03:42,499 INFO  server.RaftServerConfigKeys (ConfUtils.java:logGet(46)) - raft.server.snapshot.trigger-when-remove.enabled = true (default)
2024-12-25 19:03:42,499 INFO  server.RaftServerConfigKeys (ConfUtils.java:logGet(46)) - raft.server.snapshot.auto.trigger.enabled = false (default)
2024-12-25 19:03:42,499 INFO  server.RaftServerConfigKeys (ConfUtils.java:logGet(46)) - raft.server.snapshot.retention.file.num = -1 (default)
2024-12-25 19:03:42,499 INFO  server.RaftServerConfigKeys (ConfUtils.java:logGet(46)) - raft.server.log.purge.upto.snapshot.index = false (default)
2024-12-25 19:03:42,499 INFO  server.RaftServerConfigKeys (ConfUtils.java:logFallback(53)) - raft.server.rpc.first-election.timeout.max = 600ms (fallback to raft.server.rpc.timeout.max)
2024-12-25 19:03:42,499 INFO  server.RaftServer$Division (RaftServerImpl.java:start(406)) - s8@group-4CF2EC507520: Successfully started.
2024-12-25 19:03:42,501 INFO  server.RaftServer (RaftServerProxy.java:addNew(101)) - s9: addNew group-4CF2EC507520:[s7, s8, s9] returns group-4CF2EC507520:java.util.concurrent.CompletableFuture@4946bff3[Not completed]
2024-12-25 19:03:42,501 INFO  server.RaftServer$Division (RaftServerImpl.java:<init>(256)) - s9: new RaftServerImpl for group-4CF2EC507520:[s7, s8, s9] with ArithmeticStateMachine:uninitialized
2024-12-25 19:03:42,501 INFO  server.RaftServerConfigKeys (ConfUtils.java:logGet(46)) - raft.server.rpc.timeout.min = 300ms (custom)
2024-12-25 19:03:42,501 INFO  server.RaftServerConfigKeys (ConfUtils.java:logGet(46)) - raft.server.rpc.timeout.max = 600ms (custom)
2024-12-25 19:03:42,501 INFO  server.RaftServerConfigKeys (ConfUtils.java:logGet(46)) - raft.server.rpc.sleep.time = 25ms (default)
2024-12-25 19:03:42,501 INFO  server.RaftServerConfigKeys (ConfUtils.java:logGet(46)) - raft.server.rpc.slowness.timeout = 60s (default)
2024-12-25 19:03:42,501 INFO  server.RaftServerConfigKeys (ConfUtils.java:logGet(46)) - raft.server.leaderelection.leader.step-down.wait-time = 10s (default)
2024-12-25 19:03:42,501 INFO  server.RaftServerConfigKeys (ConfUtils.java:logGet(46)) - raft.server.leaderelection.member.majority-add = false (default)
2024-12-25 19:03:42,501 INFO  server.RaftServerConfigKeys (ConfUtils.java:logGet(46)) - raft.server.sleep.deviation.threshold = 300ms (default)
2024-12-25 19:03:42,501 INFO  server.RaftServer$Division (ServerState.java:<init>(114)) - s9@group-4CF2EC507520: ConfigurationManager, init=conf: {index: -1, cur=peers:[s7, s8, s9]|listeners:[], old=null}, confs=<EMPTY_MAP>
2024-12-25 19:03:42,501 INFO  server.RaftServerConfigKeys (ConfUtils.java:logGet(46)) - raft.server.notification.no-leader.timeout = 60s (default)
2024-12-25 19:03:42,501 INFO  server.RaftServerConfigKeys (ConfUtils.java:logGet(46)) - raft.server.read.timeout = 10s (default)
2024-12-25 19:03:42,501 INFO  server.RaftServerConfigKeys (ConfUtils.java:logGet(46)) - raft.server.retrycache.expirytime = 60s (default)
2024-12-25 19:03:42,501 INFO  server.RaftServerConfigKeys (ConfUtils.java:logGet(46)) - raft.server.retrycache.statistics.expirytime = 100ms (default)
2024-12-25 19:03:42,501 INFO  server.RaftServerConfigKeys (ConfUtils.java:logGet(46)) - raft.server.read.option = DEFAULT (default)
2024-12-25 19:03:42,502 INFO  server.RaftServerConfigKeys (ConfUtils.java:logGet(46)) - raft.server.read.read-after-write-consistent.write-index-cache.expiry-time = 60s (default)
2024-12-25 19:03:42,502 INFO  server.RaftServerConfigKeys (ConfUtils.java:logGet(46)) - raft.server.rpc.request.timeout = 3000ms (default)
2024-12-25 19:03:42,502 INFO  server.RaftServerConfigKeys (ConfUtils.java:logGet(46)) - raft.server.log.appender.install.snapshot.enabled = true (default)
2024-12-25 19:03:42,502 INFO  server.RaftServerConfigKeys (ConfUtils.java:logGet(46)) - raft.server.threadpool.server.cached = true (default)
2024-12-25 19:03:42,502 INFO  server.RaftServerConfigKeys (ConfUtils.java:logGet(46)) - raft.server.threadpool.server.size = 0 (default)
2024-12-25 19:03:42,502 INFO  server.RaftServerConfigKeys (ConfUtils.java:logGet(46)) - raft.server.threadpool.client.cached = true (default)
2024-12-25 19:03:42,502 INFO  server.RaftServerConfigKeys (ConfUtils.java:logGet(46)) - raft.server.threadpool.client.size = 0 (default)
2024-12-25 19:03:42,502 INFO  server.RaftServerConfigKeys (ConfUtils.java:logGet(46)) - raft.server.storage.free-space.min = 0MB (=0) (default)
2024-12-25 19:03:42,502 INFO  server.RaftServerConfigKeys (ConfUtils.java:logGet(46)) - raft.server.log.corruption.policy = EXCEPTION (default)
2024-12-25 19:03:42,502 INFO  server.RaftServerConfigKeys (ConfUtils.java:logGet(46)) - raft.server.storage.dir = [/home/runner/work/ratis/ratis/ratis-examples/target/test/data/6cc16ceb/MiniRaftClusterWithSimulatedRpc6b18c296/s9] (custom)
2024-12-25 19:03:42,503 INFO  storage.RaftStorageDirectory (RaftStorageDirectoryImpl.java:analyzeStorage(138)) - The storage directory /home/runner/work/ratis/ratis/ratis-examples/target/test/data/6cc16ceb/MiniRaftClusterWithSimulatedRpc6b18c296/s9/7b4a5993-c80f-4d60-b20d-4cf2ec507520 does not exist. Creating ...
2024-12-25 19:03:42,503 TRACE util.FileUtils (LogUtils.java:runAndLog(49)) - Successfully ran Files.createDirectories /home/runner/work/ratis/ratis/ratis-examples/target/test/data/6cc16ceb/MiniRaftClusterWithSimulatedRpc6b18c296/s9/7b4a5993-c80f-4d60-b20d-4cf2ec507520
2024-12-25 19:03:42,503 INFO  storage.RaftStorageDirectory (RaftStorageDirectoryImpl.java:tryLock(229)) - Lock on /home/runner/work/ratis/ratis/ratis-examples/target/test/data/6cc16ceb/MiniRaftClusterWithSimulatedRpc6b18c296/s9/7b4a5993-c80f-4d60-b20d-4cf2ec507520/in_use.lock acquired by nodename 14827@fv-az835-686.uia40oc12eqezaqrhfktyfhufg.ex.internal.cloudapp.net
2024-12-25 19:03:42,503 TRACE util.FileUtils (LogUtils.java:runAndLog(49)) - Successfully ran Files.createDirectories /home/runner/work/ratis/ratis/ratis-examples/target/test/data/6cc16ceb/MiniRaftClusterWithSimulatedRpc6b18c296/s9/7b4a5993-c80f-4d60-b20d-4cf2ec507520/current
2024-12-25 19:03:42,504 TRACE util.FileUtils (LogUtils.java:runAndLog(49)) - Successfully ran Files.createDirectories /home/runner/work/ratis/ratis/ratis-examples/target/test/data/6cc16ceb/MiniRaftClusterWithSimulatedRpc6b18c296/s9/7b4a5993-c80f-4d60-b20d-4cf2ec507520/sm
2024-12-25 19:03:42,504 TRACE util.FileUtils (LogUtils.java:supplyAndLog(69)) - Successfully supplied FileChannel.open /home/runner/work/ratis/ratis/ratis-examples/target/test/data/6cc16ceb/MiniRaftClusterWithSimulatedRpc6b18c296/s9/7b4a5993-c80f-4d60-b20d-4cf2ec507520/current/raft-meta.tmp with options [CREATE, WRITE]: sun.nio.ch.FileChannelImpl@6a938445
2024-12-25 19:03:42,506 TRACE util.FileUtils (LogUtils.java:runAndLog(49)) - Successfully ran Atomic Files.move /home/runner/work/ratis/ratis/ratis-examples/target/test/data/6cc16ceb/MiniRaftClusterWithSimulatedRpc6b18c296/s9/7b4a5993-c80f-4d60-b20d-4cf2ec507520/current/raft-meta.tmp to /home/runner/work/ratis/ratis/ratis-examples/target/test/data/6cc16ceb/MiniRaftClusterWithSimulatedRpc6b18c296/s9/7b4a5993-c80f-4d60-b20d-4cf2ec507520/current/raft-meta with options [REPLACE_EXISTING]
2024-12-25 19:03:42,506 INFO  storage.RaftStorage (RaftStorageImpl.java:format(98)) - Storage directory /home/runner/work/ratis/ratis/ratis-examples/target/test/data/6cc16ceb/MiniRaftClusterWithSimulatedRpc6b18c296/s9/7b4a5993-c80f-4d60-b20d-4cf2ec507520 has been successfully formatted.
2024-12-25 19:03:42,506 WARN  statemachine.StateMachine (ArithmeticStateMachine.java:loadSnapshot(115)) - The snapshot info is null.
2024-12-25 19:03:42,506 INFO  server.RaftServerConfigKeys (ConfUtils.java:logGet(46)) - raft.server.log.use.memory = false (default)
2024-12-25 19:03:42,506 INFO  server.RaftServerConfigKeys (ConfUtils.java:logGet(46)) - raft.server.log.purge.gap = 1024 (default)
2024-12-25 19:03:42,506 INFO  server.RaftServerConfigKeys (ConfUtils.java:logGet(46)) - raft.server.log.appender.buffer.byte-limit = 4MB (=4194304) (default)
2024-12-25 19:03:42,506 INFO  server.RaftServerConfigKeys (ConfUtils.java:logGet(46)) - raft.server.log.statemachine.data.read.timeout = 1000ms (default)
2024-12-25 19:03:42,506 INFO  server.RaftServerConfigKeys (ConfUtils.java:logGet(46)) - raft.server.log.purge.preservation.log.num = 0 (default)
2024-12-25 19:03:42,507 INFO  server.RaftServerConfigKeys (ConfUtils.java:logGet(46)) - raft.server.log.segment.size.max = 32MB (=33554432) (default)
2024-12-25 19:03:42,507 INFO  server.RaftServerConfigKeys (ConfUtils.java:logGet(46)) - raft.server.log.segment.cache.num.max = 6 (default)
2024-12-25 19:03:42,507 INFO  server.RaftServerConfigKeys (ConfUtils.java:logGet(46)) - raft.server.log.segment.cache.size.max = 200MB (=209715200) (default)
2024-12-25 19:03:42,507 INFO  server.RaftServerConfigKeys (ConfUtils.java:logGet(46)) - raft.server.log.appender.buffer.byte-limit = 4MB (=4194304) (default)
2024-12-25 19:03:42,507 INFO  util.AwaitToRun (AwaitToRun.java:start(81)) - Thread[s9@group-4CF2EC507520-cacheEviction-AwaitToRun,5,main] started
2024-12-25 19:03:42,507 INFO  segmented.SegmentedRaftLogWorker (SegmentedRaftLogWorker.java:<init>(189)) - new s9@group-4CF2EC507520-SegmentedRaftLogWorker for RaftStorageImpl:Storage Directory /home/runner/work/ratis/ratis/ratis-examples/target/test/data/6cc16ceb/MiniRaftClusterWithSimulatedRpc6b18c296/s9/7b4a5993-c80f-4d60-b20d-4cf2ec507520
2024-12-25 19:03:42,507 INFO  server.RaftServerConfigKeys (ConfUtils.java:logGet(46)) - raft.server.log.queue.byte-limit = 64MB (=67108864) (default)
2024-12-25 19:03:42,507 INFO  server.RaftServerConfigKeys (ConfUtils.java:logGet(46)) - raft.server.log.queue.element-limit = 4096 (default)
2024-12-25 19:03:42,507 INFO  server.RaftServerConfigKeys (ConfUtils.java:logGet(46)) - raft.server.log.segment.size.max = 32MB (=33554432) (default)
2024-12-25 19:03:42,507 INFO  server.RaftServerConfigKeys (ConfUtils.java:logGet(46)) - raft.server.log.preallocated.size = 4MB (=4194304) (default)
2024-12-25 19:03:42,507 INFO  server.RaftServerConfigKeys (ConfUtils.java:logGet(46)) - raft.server.log.force.sync.num = 128 (default)
2024-12-25 19:03:42,507 INFO  server.RaftServerConfigKeys (ConfUtils.java:logGet(46)) - raft.server.log.statemachine.data.sync = true (default)
2024-12-25 19:03:42,507 INFO  server.RaftServerConfigKeys (ConfUtils.java:logGet(46)) - raft.server.log.statemachine.data.sync.timeout = 10s (default)
2024-12-25 19:03:42,507 INFO  server.RaftServerConfigKeys (ConfUtils.java:logGet(46)) - raft.server.log.statemachine.data.sync.timeout.retry = -1 (default)
2024-12-25 19:03:42,507 INFO  server.RaftServerConfigKeys (ConfUtils.java:logGet(46)) - raft.server.log.write.buffer.size = 8MB (=8388608) (default)
2024-12-25 19:03:42,509 INFO  server.RaftServerConfigKeys (ConfUtils.java:logGet(46)) - raft.server.log.appender.buffer.byte-limit = 4MB (=4194304) (default)
2024-12-25 19:03:42,509 INFO  server.RaftServerConfigKeys (ConfUtils.java:logGet(46)) - raft.server.log.unsafe-flush.enabled = false (default)
2024-12-25 19:03:42,509 INFO  server.RaftServerConfigKeys (ConfUtils.java:logGet(46)) - raft.server.log.async-flush.enabled = false (default)
2024-12-25 19:03:42,509 INFO  server.RaftServerConfigKeys (ConfUtils.java:logGet(46)) - raft.server.log.statemachine.data.caching.enabled = false (default)
2024-12-25 19:03:42,509 INFO  segmented.SegmentedRaftLogWorker (SegmentedRaftLogWorker.java:lambda$new$0(140)) - s9@group-4CF2EC507520-SegmentedRaftLogWorker: flushIndex: setUnconditionally 0 -> -1
2024-12-25 19:03:42,509 INFO  segmented.SegmentedRaftLogWorker (SegmentedRaftLogWorker.java:lambda$new$0(140)) - s9@group-4CF2EC507520-SegmentedRaftLogWorker: safeCacheEvictIndex: setUnconditionally 0 -> -1
2024-12-25 19:03:42,509 INFO  server.RaftServer$Division (RaftServerImpl.java:start(392)) - s9@group-4CF2EC507520: start as a follower, conf=conf: {index: -1, cur=peers:[s7, s8, s9]|listeners:[], old=null}
2024-12-25 19:03:42,509 INFO  server.RaftServer$Division (RaftServerImpl.java:setRole(379)) - s9@group-4CF2EC507520: changes role from      null to FOLLOWER at term 0 for startAsFollower
2024-12-25 19:03:42,509 INFO  impl.RoleInfo (RoleInfo.java:updateAndGet(148)) - s9: start s9@group-4CF2EC507520-FollowerState
2024-12-25 19:03:42,510 INFO  util.JmxRegister (JmxRegister.java:tryRegister(44)) - Successfully registered JMX Bean with object name Ratis:service=RaftServer,group=group-4CF2EC507520,id=s9
2024-12-25 19:03:42,510 INFO  util.JmxRegister (JmxRegister.java:register(58)) - register mxBean class org.apache.ratis.server.impl.RaftServerJmxAdapter as Ratis:service=RaftServer,group=group-4CF2EC507520,id=s9
2024-12-25 19:03:42,510 INFO  server.RaftServerConfigKeys (ConfUtils.java:logFallback(53)) - raft.server.rpc.first-election.timeout.min = 300ms (fallback to raft.server.rpc.timeout.min)
2024-12-25 19:03:42,510 INFO  server.RaftServerConfigKeys (ConfUtils.java:logGet(46)) - raft.server.snapshot.trigger-when-stop.enabled = true (default)
2024-12-25 19:03:42,510 INFO  server.RaftServerConfigKeys (ConfUtils.java:logFallback(53)) - raft.server.rpc.first-election.timeout.max = 600ms (fallback to raft.server.rpc.timeout.max)
2024-12-25 19:03:42,510 INFO  server.RaftServerConfigKeys (ConfUtils.java:logGet(46)) - raft.server.snapshot.trigger-when-remove.enabled = true (default)
2024-12-25 19:03:42,510 INFO  server.RaftServerConfigKeys (ConfUtils.java:logGet(46)) - raft.server.snapshot.auto.trigger.enabled = false (default)
2024-12-25 19:03:42,510 INFO  server.RaftServerConfigKeys (ConfUtils.java:logGet(46)) - raft.server.snapshot.retention.file.num = -1 (default)
2024-12-25 19:03:42,510 INFO  server.RaftServerConfigKeys (ConfUtils.java:logGet(46)) - raft.server.log.purge.upto.snapshot.index = false (default)
2024-12-25 19:03:42,510 INFO  server.RaftServer$Division (RaftServerImpl.java:start(406)) - s9@group-4CF2EC507520: Successfully started.
2024-12-25 19:03:42,511 INFO  server.RaftServerConfigKeys (ConfUtils.java:logGet(46)) - raft.server.rpc.timeout.max = 600ms (custom)
2024-12-25 19:03:42,512 INFO  ratis.RaftTestUtil (RaftTestUtil.java:waitForLeader(107)) - printing group-4CF2EC507520
  s7:  RUNNING [
   FOLLOWER s7@group-4CF2EC507520:t0, leader=null, voted=, raftlog=Memoized:s7@group-4CF2EC507520-SegmentedRaftLog:OPENED:c-1:lastnull, conf=conf: {index: -1, cur=peers:[s7, s8, s9]|listeners:[], old=null} RUNNING
   FOLLOWER s7@group-6AB839334A82:t0, leader=null, voted=, raftlog=Memoized:s7@group-6AB839334A82-SegmentedRaftLog:OPENED:c-1:lastnull, conf=conf: {index: -1, cur=peers:[]|listeners:[], old=null} STARTING] size=2
  s8:  RUNNING [
   FOLLOWER s8@group-4CF2EC507520:t0, leader=null, voted=, raftlog=Memoized:s8@group-4CF2EC507520-SegmentedRaftLog:OPENED:c-1:lastnull, conf=conf: {index: -1, cur=peers:[s7, s8, s9]|listeners:[], old=null} RUNNING
   FOLLOWER s8@group-6AB839334A82:t0, leader=null, voted=, raftlog=Memoized:s8@group-6AB839334A82-SegmentedRaftLog:OPENED:c-1:lastnull, conf=conf: {index: -1, cur=peers:[]|listeners:[], old=null} STARTING] size=2
  s9:  RUNNING [
   FOLLOWER s9@group-4CF2EC507520:t0, leader=null, voted=, raftlog=Memoized:s9@group-4CF2EC507520-SegmentedRaftLog:OPENED:c-1:lastnull, conf=conf: {index: -1, cur=peers:[s7, s8, s9]|listeners:[], old=null} RUNNING
   FOLLOWER s9@group-6AB839334A82:t0, leader=null, voted=, raftlog=Memoized:s9@group-6AB839334A82-SegmentedRaftLog:OPENED:c-1:lastnull, conf=conf: {index: -1, cur=peers:[]|listeners:[], old=null} STARTING] size=2
2024-12-25 19:03:42,512 WARN  ratis.RaftTestUtil (RaftTestUtil.java:lambda$waitForLeader$3(126)) - Attempt #1 failed: java.lang.IllegalStateException: No leader yet  for group-4CF2EC507520: printing group-4CF2EC507520
  s7:  RUNNING [
   FOLLOWER s7@group-4CF2EC507520:t0, leader=null, voted=, raftlog=Memoized:s7@group-4CF2EC507520-SegmentedRaftLog:OPENED:c-1:lastnull, conf=conf: {index: -1, cur=peers:[s7, s8, s9]|listeners:[], old=null} RUNNING
   FOLLOWER s7@group-6AB839334A82:t0, leader=null, voted=, raftlog=Memoized:s7@group-6AB839334A82-SegmentedRaftLog:OPENED:c-1:lastnull, conf=conf: {index: -1, cur=peers:[]|listeners:[], old=null} STARTING] size=2
  s8:  RUNNING [
   FOLLOWER s8@group-4CF2EC507520:t0, leader=null, voted=, raftlog=Memoized:s8@group-4CF2EC507520-SegmentedRaftLog:OPENED:c-1:lastnull, conf=conf: {index: -1, cur=peers:[s7, s8, s9]|listeners:[], old=null} RUNNING
   FOLLOWER s8@group-6AB839334A82:t0, leader=null, voted=, raftlog=Memoized:s8@group-6AB839334A82-SegmentedRaftLog:OPENED:c-1:lastnull, conf=conf: {index: -1, cur=peers:[]|listeners:[], old=null} STARTING] size=2
  s9:  RUNNING [
   FOLLOWER s9@group-4CF2EC507520:t0, leader=null, voted=, raftlog=Memoized:s9@group-4CF2EC507520-SegmentedRaftLog:OPENED:c-1:lastnull, conf=conf: {index: -1, cur=peers:[s7, s8, s9]|listeners:[], old=null} RUNNING
   FOLLOWER s9@group-6AB839334A82:t0, leader=null, voted=, raftlog=Memoized:s9@group-6AB839334A82-SegmentedRaftLog:OPENED:c-1:lastnull, conf=conf: {index: -1, cur=peers:[]|listeners:[], old=null} STARTING] size=2
2024-12-25 19:03:42,806 INFO  impl.FollowerState (FollowerState.java:runImpl(161)) - s7@group-4CF2EC507520-FollowerState: change to CANDIDATE, lastRpcElapsedTime:318855152ns, electionTimeout:318ms
2024-12-25 19:03:42,806 INFO  impl.RoleInfo (RoleInfo.java:shutdownFollowerState(121)) - s7: shutdown s7@group-4CF2EC507520-FollowerState
2024-12-25 19:03:42,806 INFO  server.RaftServer$Division (RaftServerImpl.java:setRole(379)) - s7@group-4CF2EC507520: changes role from  FOLLOWER to CANDIDATE at term 0 for changeToCandidate
2024-12-25 19:03:42,807 INFO  server.RaftServerConfigKeys (ConfUtils.java:logGet(46)) - raft.server.leaderelection.pre-vote = true (default)
2024-12-25 19:03:42,807 INFO  impl.RoleInfo (RoleInfo.java:updateAndGet(148)) - s7: start s7@group-4CF2EC507520-LeaderElection5
2024-12-25 19:03:42,807 INFO  impl.LeaderElection (LeaderElection.java:askForVotes(332)) - s7@group-4CF2EC507520-LeaderElection5 PRE_VOTE round 0: submit vote requests at term 0 for conf: {index: -1, cur=peers:[s7, s8, s9]|listeners:[], old=null}
2024-12-25 19:03:42,808 INFO  server.RaftServerConfigKeys (ConfUtils.java:logFallback(53)) - raft.server.rpc.first-election.timeout.min = 300ms (fallback to raft.server.rpc.timeout.min)
2024-12-25 19:03:42,808 INFO  server.RaftServer$Division (RaftServerImpl.java:requestVote(1459)) - s8@group-4CF2EC507520: receive requestVote(PRE_VOTE, s7, group-4CF2EC507520, 0, (t:0, i:0))
2024-12-25 19:03:42,808 INFO  server.RaftServerConfigKeys (ConfUtils.java:logFallback(53)) - raft.server.rpc.first-election.timeout.max = 600ms (fallback to raft.server.rpc.timeout.max)
2024-12-25 19:03:42,808 INFO  server.RaftServer$Division (RaftServerImpl.java:requestVote(1459)) - s9@group-4CF2EC507520: receive requestVote(PRE_VOTE, s7, group-4CF2EC507520, 0, (t:0, i:0))
2024-12-25 19:03:42,808 INFO  impl.VoteContext (VoteContext.java:log(49)) - s8@group-4CF2EC507520-FOLLOWER: accept PRE_VOTE from s7: our priority 0 <= candidate's priority 0
2024-12-25 19:03:42,808 INFO  impl.VoteContext (VoteContext.java:log(49)) - s9@group-4CF2EC507520-FOLLOWER: accept PRE_VOTE from s7: our priority 0 <= candidate's priority 0
2024-12-25 19:03:42,809 INFO  server.RaftServer$Division (RaftServerImpl.java:requestVote(1493)) - s8@group-4CF2EC507520 replies to PRE_VOTE vote request: s7<-s8#0:OK-t0. Peer's state: s8@group-4CF2EC507520:t0, leader=null, voted=, raftlog=Memoized:s8@group-4CF2EC507520-SegmentedRaftLog:OPENED:c-1:lastnull, conf=conf: {index: -1, cur=peers:[s7, s8, s9]|listeners:[], old=null}
2024-12-25 19:03:42,809 INFO  server.RaftServer$Division (RaftServerImpl.java:requestVote(1493)) - s9@group-4CF2EC507520 replies to PRE_VOTE vote request: s7<-s9#0:OK-t0. Peer's state: s9@group-4CF2EC507520:t0, leader=null, voted=, raftlog=Memoized:s9@group-4CF2EC507520-SegmentedRaftLog:OPENED:c-1:lastnull, conf=conf: {index: -1, cur=peers:[s7, s8, s9]|listeners:[], old=null}
2024-12-25 19:03:42,809 INFO  impl.LeaderElection (LeaderElection.java:logAndReturn(90)) - s7@group-4CF2EC507520-LeaderElection5: PRE_VOTE PASSED received 1 response(s) and 0 exception(s):
2024-12-25 19:03:42,809 INFO  impl.LeaderElection (LeaderElection.java:logAndReturn(94)) -   Response 0: s7<-s9#0:OK-t0
2024-12-25 19:03:42,809 INFO  impl.LeaderElection (LeaderElection.java:askForVotes(334)) - s7@group-4CF2EC507520-LeaderElection5 PRE_VOTE round 0: result PASSED
2024-12-25 19:03:42,810 TRACE util.FileUtils (LogUtils.java:supplyAndLog(69)) - Successfully supplied FileChannel.open /home/runner/work/ratis/ratis/ratis-examples/target/test/data/6cc16ceb/MiniRaftClusterWithSimulatedRpc6b18c296/s7/7b4a5993-c80f-4d60-b20d-4cf2ec507520/current/raft-meta.tmp with options [CREATE, WRITE]: sun.nio.ch.FileChannelImpl@8330b2a
2024-12-25 19:03:42,811 TRACE util.FileUtils (LogUtils.java:runAndLog(49)) - Successfully ran Atomic Files.move /home/runner/work/ratis/ratis/ratis-examples/target/test/data/6cc16ceb/MiniRaftClusterWithSimulatedRpc6b18c296/s7/7b4a5993-c80f-4d60-b20d-4cf2ec507520/current/raft-meta.tmp to /home/runner/work/ratis/ratis/ratis-examples/target/test/data/6cc16ceb/MiniRaftClusterWithSimulatedRpc6b18c296/s7/7b4a5993-c80f-4d60-b20d-4cf2ec507520/current/raft-meta with options [REPLACE_EXISTING]
2024-12-25 19:03:42,811 INFO  impl.LeaderElection (LeaderElection.java:askForVotes(332)) - s7@group-4CF2EC507520-LeaderElection5 ELECTION round 0: submit vote requests at term 1 for conf: {index: -1, cur=peers:[s7, s8, s9]|listeners:[], old=null}
2024-12-25 19:03:42,811 INFO  server.RaftServerConfigKeys (ConfUtils.java:logFallback(53)) - raft.server.rpc.first-election.timeout.min = 300ms (fallback to raft.server.rpc.timeout.min)
2024-12-25 19:03:42,811 INFO  server.RaftServer$Division (RaftServerImpl.java:requestVote(1459)) - s9@group-4CF2EC507520: receive requestVote(ELECTION, s7, group-4CF2EC507520, 1, (t:0, i:0))
2024-12-25 19:03:42,811 INFO  server.RaftServer$Division (RaftServerImpl.java:requestVote(1459)) - s8@group-4CF2EC507520: receive requestVote(ELECTION, s7, group-4CF2EC507520, 1, (t:0, i:0))
2024-12-25 19:03:42,812 INFO  impl.VoteContext (VoteContext.java:log(49)) - s9@group-4CF2EC507520-FOLLOWER: accept ELECTION from s7: our priority 0 <= candidate's priority 0
2024-12-25 19:03:42,812 INFO  impl.VoteContext (VoteContext.java:log(49)) - s8@group-4CF2EC507520-FOLLOWER: accept ELECTION from s7: our priority 0 <= candidate's priority 0
2024-12-25 19:03:42,812 INFO  server.RaftServer$Division (RaftServerImpl.java:setRole(379)) - s8@group-4CF2EC507520: changes role from  FOLLOWER to FOLLOWER at term 0 for candidate:s7
2024-12-25 19:03:42,812 INFO  impl.RoleInfo (RoleInfo.java:shutdownFollowerState(121)) - s8: shutdown s8@group-4CF2EC507520-FollowerState
2024-12-25 19:03:42,811 INFO  server.RaftServerConfigKeys (ConfUtils.java:logFallback(53)) - raft.server.rpc.first-election.timeout.max = 600ms (fallback to raft.server.rpc.timeout.max)
2024-12-25 19:03:42,812 INFO  impl.RoleInfo (RoleInfo.java:updateAndGet(148)) - s8: start s8@group-4CF2EC507520-FollowerState
2024-12-25 19:03:42,812 INFO  impl.FollowerState (FollowerState.java:runImpl(170)) - s8@group-4CF2EC507520-FollowerState was interrupted
2024-12-25 19:03:42,812 INFO  server.RaftServer$Division (RaftServerImpl.java:setRole(379)) - s9@group-4CF2EC507520: changes role from  FOLLOWER to FOLLOWER at term 0 for candidate:s7
2024-12-25 19:03:42,813 INFO  server.RaftServer$Division (RaftServerImpl.java:setFirstElection(563)) - s8@group-4CF2EC507520: set firstElectionSinceStartup to false for candidate:s7
2024-12-25 19:03:42,813 INFO  impl.RoleInfo (RoleInfo.java:shutdownFollowerState(121)) - s9: shutdown s9@group-4CF2EC507520-FollowerState
2024-12-25 19:03:42,813 TRACE util.FileUtils (LogUtils.java:supplyAndLog(69)) - Successfully supplied FileChannel.open /home/runner/work/ratis/ratis/ratis-examples/target/test/data/6cc16ceb/MiniRaftClusterWithSimulatedRpc6b18c296/s8/7b4a5993-c80f-4d60-b20d-4cf2ec507520/current/raft-meta.tmp with options [CREATE, WRITE]: sun.nio.ch.FileChannelImpl@498b1340
2024-12-25 19:03:42,814 INFO  impl.RoleInfo (RoleInfo.java:updateAndGet(148)) - s9: start s9@group-4CF2EC507520-FollowerState
2024-12-25 19:03:42,814 INFO  impl.FollowerState (FollowerState.java:runImpl(170)) - s9@group-4CF2EC507520-FollowerState was interrupted
2024-12-25 19:03:42,814 INFO  server.RaftServer$Division (RaftServerImpl.java:setFirstElection(563)) - s9@group-4CF2EC507520: set firstElectionSinceStartup to false for candidate:s7
2024-12-25 19:03:42,814 TRACE util.FileUtils (LogUtils.java:supplyAndLog(69)) - Successfully supplied FileChannel.open /home/runner/work/ratis/ratis/ratis-examples/target/test/data/6cc16ceb/MiniRaftClusterWithSimulatedRpc6b18c296/s9/7b4a5993-c80f-4d60-b20d-4cf2ec507520/current/raft-meta.tmp with options [CREATE, WRITE]: sun.nio.ch.FileChannelImpl@21d9aa3a
2024-12-25 19:03:42,815 TRACE util.FileUtils (LogUtils.java:runAndLog(49)) - Successfully ran Atomic Files.move /home/runner/work/ratis/ratis/ratis-examples/target/test/data/6cc16ceb/MiniRaftClusterWithSimulatedRpc6b18c296/s8/7b4a5993-c80f-4d60-b20d-4cf2ec507520/current/raft-meta.tmp to /home/runner/work/ratis/ratis/ratis-examples/target/test/data/6cc16ceb/MiniRaftClusterWithSimulatedRpc6b18c296/s8/7b4a5993-c80f-4d60-b20d-4cf2ec507520/current/raft-meta with options [REPLACE_EXISTING]
2024-12-25 19:03:42,815 INFO  server.RaftServer$Division (RaftServerImpl.java:requestVote(1493)) - s8@group-4CF2EC507520 replies to ELECTION vote request: s7<-s8#0:OK-t1. Peer's state: s8@group-4CF2EC507520:t1, leader=null, voted=s7, raftlog=Memoized:s8@group-4CF2EC507520-SegmentedRaftLog:OPENED:c-1:lastnull, conf=conf: {index: -1, cur=peers:[s7, s8, s9]|listeners:[], old=null}
2024-12-25 19:03:42,815 INFO  impl.LeaderElection (LeaderElection.java:logAndReturn(90)) - s7@group-4CF2EC507520-LeaderElection5: ELECTION PASSED received 1 response(s) and 0 exception(s):
2024-12-25 19:03:42,815 INFO  impl.LeaderElection (LeaderElection.java:logAndReturn(94)) -   Response 0: s7<-s8#0:OK-t1
2024-12-25 19:03:42,815 INFO  impl.LeaderElection (LeaderElection.java:askForVotes(334)) - s7@group-4CF2EC507520-LeaderElection5 ELECTION round 0: result PASSED
2024-12-25 19:03:42,816 INFO  impl.RoleInfo (RoleInfo.java:shutdownLeaderElection(141)) - s7: shutdown s7@group-4CF2EC507520-LeaderElection5
2024-12-25 19:03:42,816 TRACE util.FileUtils (LogUtils.java:runAndLog(49)) - Successfully ran Atomic Files.move /home/runner/work/ratis/ratis/ratis-examples/target/test/data/6cc16ceb/MiniRaftClusterWithSimulatedRpc6b18c296/s9/7b4a5993-c80f-4d60-b20d-4cf2ec507520/current/raft-meta.tmp to /home/runner/work/ratis/ratis/ratis-examples/target/test/data/6cc16ceb/MiniRaftClusterWithSimulatedRpc6b18c296/s9/7b4a5993-c80f-4d60-b20d-4cf2ec507520/current/raft-meta with options [REPLACE_EXISTING]
2024-12-25 19:03:42,816 INFO  server.RaftServer$Division (RaftServerImpl.java:setRole(379)) - s7@group-4CF2EC507520: changes role from CANDIDATE to LEADER at term 1 for changeToLeader
2024-12-25 19:03:42,816 INFO  server.RaftServer$Division (RaftServerImpl.java:requestVote(1493)) - s9@group-4CF2EC507520 replies to ELECTION vote request: s7<-s9#0:OK-t1. Peer's state: s9@group-4CF2EC507520:t1, leader=null, voted=s7, raftlog=Memoized:s9@group-4CF2EC507520-SegmentedRaftLog:OPENED:c-1:lastnull, conf=conf: {index: -1, cur=peers:[s7, s8, s9]|listeners:[], old=null}
2024-12-25 19:03:42,816 INFO  server.RaftServerConfigKeys (ConfUtils.java:logGet(46)) - raft.server.staging.catchup.gap = 1000 (default)
2024-12-25 19:03:42,816 INFO  server.RaftServerConfigKeys (ConfUtils.java:logGet(46)) - raft.server.write.element-limit = 4096 (default)
2024-12-25 19:03:42,817 INFO  server.RaftServerConfigKeys (ConfUtils.java:logGet(46)) - raft.server.write.byte-limit = 64MB (=67108864) (default)
2024-12-25 19:03:42,817 INFO  server.RaftServerConfigKeys (ConfUtils.java:logGet(46)) - raft.server.watch.timeout = 10s (default)
2024-12-25 19:03:42,817 INFO  server.RaftServerConfigKeys (ConfUtils.java:logGet(46)) - raft.server.watch.timeout.denomination = 1s (default)
2024-12-25 19:03:42,817 INFO  server.RaftServerConfigKeys (ConfUtils.java:logGet(46)) - raft.server.watch.element-limit = 65536 (default)
2024-12-25 19:03:42,817 INFO  server.RaftServerConfigKeys (ConfUtils.java:logGet(46)) - raft.server.read.leader.lease.enabled = false (default)
2024-12-25 19:03:42,817 INFO  server.RaftServerConfigKeys (ConfUtils.java:logGet(46)) - raft.server.read.leader.lease.timeout.ratio = 0.9 (default)
2024-12-25 19:03:42,817 INFO  server.RaftServerConfigKeys (ConfUtils.java:logGet(46)) - raft.server.rpc.timeout.min = 300ms (custom)
2024-12-25 19:03:42,817 INFO  server.RaftServerConfigKeys (ConfUtils.java:logGet(46)) - raft.server.log.log-metadata.enabled = true (default)
2024-12-25 19:03:42,817 INFO  server.RaftServerConfigKeys (ConfUtils.java:logGet(46)) - raft.server.write.element-limit = 4096 (default)
2024-12-25 19:03:42,817 INFO  server.RaftServerConfigKeys (ConfUtils.java:logGet(46)) - raft.server.write.follower.gap.ratio.max = -1.0 (default)
2024-12-25 19:03:42,817 INFO  server.RaftServerConfigKeys (ConfUtils.java:logGet(46)) - raft.server.log.appender.snapshot.chunk.size.max = 16MB (=16777216) (default)
2024-12-25 19:03:42,818 INFO  server.RaftServerConfigKeys (ConfUtils.java:logGet(46)) - raft.server.log.appender.buffer.byte-limit = 4MB (=4194304) (default)
2024-12-25 19:03:42,818 INFO  server.RaftServerConfigKeys (ConfUtils.java:logGet(46)) - raft.server.log.appender.buffer.element-limit = 0 (default)
2024-12-25 19:03:42,818 INFO  server.RaftServerConfigKeys (ConfUtils.java:logGet(46)) - raft.server.log.appender.wait-time.min = 1ms (default)
2024-12-25 19:03:42,818 INFO  server.RaftServerConfigKeys (ConfUtils.java:logGet(46)) - raft.server.log.appender.snapshot.chunk.size.max = 16MB (=16777216) (default)
2024-12-25 19:03:42,818 INFO  server.RaftServerConfigKeys (ConfUtils.java:logGet(46)) - raft.server.log.appender.buffer.byte-limit = 4MB (=4194304) (default)
2024-12-25 19:03:42,818 INFO  server.RaftServerConfigKeys (ConfUtils.java:logGet(46)) - raft.server.log.appender.buffer.element-limit = 0 (default)
2024-12-25 19:03:42,818 INFO  server.RaftServerConfigKeys (ConfUtils.java:logGet(46)) - raft.server.log.appender.wait-time.min = 1ms (default)
2024-12-25 19:03:42,818 INFO  impl.RoleInfo (RoleInfo.java:updateAndGet(148)) - s7: start s7@group-4CF2EC507520-LeaderStateImpl
2024-12-25 19:03:42,818 INFO  server.RaftServer$Division (RaftServerImpl.java:setFirstElection(563)) - s7@group-4CF2EC507520: set firstElectionSinceStartup to false for becomeLeader
2024-12-25 19:03:42,818 INFO  server.RaftServer$Division (ServerState.java:setLeader(272)) - s7@group-4CF2EC507520: change Leader from null to s7 at term 1 for becomeLeader, leader elected after 340ms
2024-12-25 19:03:42,819 INFO  segmented.SegmentedRaftLogWorker (SegmentedRaftLogWorker.java:startLogSegment(443)) - s7@group-4CF2EC507520-SegmentedRaftLogWorker: Starting segment from index:0
2024-12-25 19:03:42,819 INFO  segmented.BufferedWriteChannel (BufferedWriteChannel.java:open(61)) - open log_inprogress_0 at position 0
2024-12-25 19:03:42,821 INFO  server.RaftServer$Division (ServerState.java:setRaftConf(386)) - s7@group-4CF2EC507520: set configuration conf: {index: 0, cur=peers:[s7, s8, s9]|listeners:[], old=null}
2024-12-25 19:03:42,825 INFO  server.RaftServer$Division (ServerState.java:setLeader(272)) - s8@group-4CF2EC507520: change Leader from null to s7 at term 1 for appendEntries, leader elected after 334ms
2024-12-25 19:03:42,825 INFO  server.RaftServer$Division (ServerState.java:setLeader(272)) - s9@group-4CF2EC507520: change Leader from null to s7 at term 1 for appendEntries, leader elected after 323ms
2024-12-25 19:03:42,826 INFO  server.RaftServer$Division (ServerState.java:setRaftConf(386)) - s8@group-4CF2EC507520: set configuration conf: {index: 0, cur=peers:[s7|, s8|, s9|]|listeners:[], old=null}
2024-12-25 19:03:42,826 INFO  segmented.SegmentedRaftLogWorker (SegmentedRaftLogWorker.java:startLogSegment(443)) - s8@group-4CF2EC507520-SegmentedRaftLogWorker: Starting segment from index:0
2024-12-25 19:03:42,826 INFO  segmented.BufferedWriteChannel (BufferedWriteChannel.java:open(61)) - open log_inprogress_0 at position 0
2024-12-25 19:03:42,827 INFO  server.RaftServer$Division (ServerState.java:setRaftConf(386)) - s9@group-4CF2EC507520: set configuration conf: {index: 0, cur=peers:[s7|, s8|, s9|]|listeners:[], old=null}
2024-12-25 19:03:42,827 INFO  segmented.SegmentedRaftLogWorker (SegmentedRaftLogWorker.java:startLogSegment(443)) - s9@group-4CF2EC507520-SegmentedRaftLogWorker: Starting segment from index:0
2024-12-25 19:03:42,827 INFO  segmented.BufferedWriteChannel (BufferedWriteChannel.java:open(61)) - open log_inprogress_0 at position 0
2024-12-25 19:03:42,828 INFO  segmented.SegmentedRaftLogWorker (SegmentedRaftLogWorker.java:execute(667)) - s7@group-4CF2EC507520-SegmentedRaftLogWorker: created new log segment /home/runner/work/ratis/ratis/ratis-examples/target/test/data/6cc16ceb/MiniRaftClusterWithSimulatedRpc6b18c296/s7/7b4a5993-c80f-4d60-b20d-4cf2ec507520/current/log_inprogress_0
2024-12-25 19:03:42,840 INFO  segmented.SegmentedRaftLogWorker (SegmentedRaftLogWorker.java:execute(667)) - s8@group-4CF2EC507520-SegmentedRaftLogWorker: created new log segment /home/runner/work/ratis/ratis/ratis-examples/target/test/data/6cc16ceb/MiniRaftClusterWithSimulatedRpc6b18c296/s8/7b4a5993-c80f-4d60-b20d-4cf2ec507520/current/log_inprogress_0
2024-12-25 19:03:42,840 TRACE util.FileUtils (LogUtils.java:supplyAndLog(69)) - Successfully supplied FileChannel.open /home/runner/work/ratis/ratis/ratis-examples/target/test/data/6cc16ceb/MiniRaftClusterWithSimulatedRpc6b18c296/s7/7b4a5993-c80f-4d60-b20d-4cf2ec507520/current/raft-meta.conf.tmp with options [CREATE, WRITE]: sun.nio.ch.FileChannelImpl@5dfb8c80
2024-12-25 19:03:42,841 INFO  segmented.SegmentedRaftLogWorker (SegmentedRaftLogWorker.java:execute(667)) - s9@group-4CF2EC507520-SegmentedRaftLogWorker: created new log segment /home/runner/work/ratis/ratis/ratis-examples/target/test/data/6cc16ceb/MiniRaftClusterWithSimulatedRpc6b18c296/s9/7b4a5993-c80f-4d60-b20d-4cf2ec507520/current/log_inprogress_0
2024-12-25 19:03:42,841 TRACE util.FileUtils (LogUtils.java:runAndLog(49)) - Successfully ran Atomic Files.move /home/runner/work/ratis/ratis/ratis-examples/target/test/data/6cc16ceb/MiniRaftClusterWithSimulatedRpc6b18c296/s7/7b4a5993-c80f-4d60-b20d-4cf2ec507520/current/raft-meta.conf.tmp to /home/runner/work/ratis/ratis/ratis-examples/target/test/data/6cc16ceb/MiniRaftClusterWithSimulatedRpc6b18c296/s7/7b4a5993-c80f-4d60-b20d-4cf2ec507520/current/raft-meta.conf with options [REPLACE_EXISTING]
2024-12-25 19:03:42,841 INFO  server.RaftServer$Division (LeaderStateImpl.java:checkStartIndex(314)) - Leader s7@group-4CF2EC507520-LeaderStateImpl is ready since appliedIndex == startIndex == 0
2024-12-25 19:03:42,991 TRACE util.FileUtils (LogUtils.java:supplyAndLog(69)) - Successfully supplied FileChannel.open /home/runner/work/ratis/ratis/ratis-examples/target/test/data/6cc16ceb/MiniRaftClusterWithSimulatedRpc6b18c296/s8/7b4a5993-c80f-4d60-b20d-4cf2ec507520/current/raft-meta.conf.tmp with options [CREATE, WRITE]: sun.nio.ch.FileChannelImpl@1007dc42
2024-12-25 19:03:42,992 TRACE util.FileUtils (LogUtils.java:runAndLog(49)) - Successfully ran Atomic Files.move /home/runner/work/ratis/ratis/ratis-examples/target/test/data/6cc16ceb/MiniRaftClusterWithSimulatedRpc6b18c296/s8/7b4a5993-c80f-4d60-b20d-4cf2ec507520/current/raft-meta.conf.tmp to /home/runner/work/ratis/ratis/ratis-examples/target/test/data/6cc16ceb/MiniRaftClusterWithSimulatedRpc6b18c296/s8/7b4a5993-c80f-4d60-b20d-4cf2ec507520/current/raft-meta.conf with options [REPLACE_EXISTING]
2024-12-25 19:03:42,993 TRACE util.FileUtils (LogUtils.java:supplyAndLog(69)) - Successfully supplied FileChannel.open /home/runner/work/ratis/ratis/ratis-examples/target/test/data/6cc16ceb/MiniRaftClusterWithSimulatedRpc6b18c296/s9/7b4a5993-c80f-4d60-b20d-4cf2ec507520/current/raft-meta.conf.tmp with options [CREATE, WRITE]: sun.nio.ch.FileChannelImpl@caaa285
2024-12-25 19:03:42,994 TRACE util.FileUtils (LogUtils.java:runAndLog(49)) - Successfully ran Atomic Files.move /home/runner/work/ratis/ratis/ratis-examples/target/test/data/6cc16ceb/MiniRaftClusterWithSimulatedRpc6b18c296/s9/7b4a5993-c80f-4d60-b20d-4cf2ec507520/current/raft-meta.conf.tmp to /home/runner/work/ratis/ratis/ratis-examples/target/test/data/6cc16ceb/MiniRaftClusterWithSimulatedRpc6b18c296/s9/7b4a5993-c80f-4d60-b20d-4cf2ec507520/current/raft-meta.conf with options [REPLACE_EXISTING]
2024-12-25 19:03:43,413 INFO  ratis.RaftTestUtil (RaftTestUtil.java:waitForLeader(131)) - printing group-4CF2EC507520
  s7:  RUNNING [
     LEADER s7@group-4CF2EC507520:t1, leader=s7, voted=s7, raftlog=Memoized:s7@group-4CF2EC507520-SegmentedRaftLog:OPENED:c0:last(t:1, i:0), conf=conf: {index: 0, cur=peers:[s7, s8, s9]|listeners:[], old=null} RUNNING
   FOLLOWER s7@group-6AB839334A82:t0, leader=null, voted=, raftlog=Memoized:s7@group-6AB839334A82-SegmentedRaftLog:OPENED:c-1:lastnull, conf=conf: {index: -1, cur=peers:[]|listeners:[], old=null} STARTING] size=2
  s8:  RUNNING [
   FOLLOWER s8@group-4CF2EC507520:t1, leader=s7, voted=s7, raftlog=Memoized:s8@group-4CF2EC507520-SegmentedRaftLog:OPENED:c0:last(t:1, i:0), conf=conf: {index: 0, cur=peers:[s7|, s8|, s9|]|listeners:[], old=null} RUNNING
   FOLLOWER s8@group-6AB839334A82:t0, leader=null, voted=, raftlog=Memoized:s8@group-6AB839334A82-SegmentedRaftLog:OPENED:c-1:lastnull, conf=conf: {index: -1, cur=peers:[]|listeners:[], old=null} STARTING] size=2
  s9:  RUNNING [
   FOLLOWER s9@group-4CF2EC507520:t1, leader=s7, voted=s7, raftlog=Memoized:s9@group-4CF2EC507520-SegmentedRaftLog:OPENED:c0:last(t:1, i:0), conf=conf: {index: 0, cur=peers:[s7|, s8|, s9|]|listeners:[], old=null} RUNNING
   FOLLOWER s9@group-6AB839334A82:t0, leader=null, voted=, raftlog=Memoized:s9@group-6AB839334A82-SegmentedRaftLog:OPENED:c-1:lastnull, conf=conf: {index: -1, cur=peers:[]|listeners:[], old=null} STARTING] size=2
2024-12-25 19:03:43,415 INFO  statemachine.StateMachine (ArithmeticStateMachine.java:applyTransaction(181)) - LEADER:s7-1: a = 83 = 83
2024-12-25 19:03:43,417 INFO  statemachine.StateMachine (ArithmeticStateMachine.java:applyTransaction(181)) - LEADER:s7-3: b = 3444 = 3444
2024-12-25 19:03:43,419 INFO  statemachine.StateMachine (ArithmeticStateMachine.java:applyTransaction(181)) - LEADER:s7-5: c = √(a^2 + b^2) = 3445
2024-12-25 19:03:43,422 INFO  statemachine.StateMachine (ArithmeticStateMachine.java:applyTransaction(181)) - LEADER:s7-7: a = null = null
2024-12-25 19:03:43,423 INFO  statemachine.StateMachine (ArithmeticStateMachine.java:applyTransaction(181)) - LEADER:s7-9: b = null = null
2024-12-25 19:03:43,425 INFO  statemachine.StateMachine (ArithmeticStateMachine.java:applyTransaction(181)) - LEADER:s7-11: c = null = null
2024-12-25 19:03:43,427 INFO  statemachine.StateMachine (ArithmeticStateMachine.java:applyTransaction(181)) - LEADER:s7-13: a = 85 = 85
2024-12-25 19:03:43,428 INFO  statemachine.StateMachine (ArithmeticStateMachine.java:applyTransaction(181)) - LEADER:s7-15: b = 3612 = 3612
2024-12-25 19:03:43,430 INFO  statemachine.StateMachine (ArithmeticStateMachine.java:applyTransaction(181)) - LEADER:s7-17: c = √(a^2 + b^2) = 3613
2024-12-25 19:03:43,431 INFO  statemachine.StateMachine (ArithmeticStateMachine.java:applyTransaction(181)) - LEADER:s7-19: a = null = null
2024-12-25 19:03:43,433 INFO  statemachine.StateMachine (ArithmeticStateMachine.java:applyTransaction(181)) - LEADER:s7-21: b = null = null
2024-12-25 19:03:43,434 INFO  statemachine.StateMachine (ArithmeticStateMachine.java:applyTransaction(181)) - LEADER:s7-23: c = null = null
2024-12-25 19:03:43,435 INFO  statemachine.StateMachine (ArithmeticStateMachine.java:applyTransaction(181)) - LEADER:s7-25: a = 87 = 87
2024-12-25 19:03:43,437 INFO  statemachine.StateMachine (ArithmeticStateMachine.java:applyTransaction(181)) - LEADER:s7-27: b = 3784 = 3784
2024-12-25 19:03:43,438 INFO  statemachine.StateMachine (ArithmeticStateMachine.java:applyTransaction(181)) - LEADER:s7-29: c = √(a^2 + b^2) = 3785
2024-12-25 19:03:43,440 INFO  statemachine.StateMachine (ArithmeticStateMachine.java:applyTransaction(181)) - LEADER:s7-31: a = null = null
2024-12-25 19:03:43,441 INFO  statemachine.StateMachine (ArithmeticStateMachine.java:applyTransaction(181)) - LEADER:s7-33: b = null = null
2024-12-25 19:03:43,448 INFO  statemachine.StateMachine (ArithmeticStateMachine.java:applyTransaction(181)) - LEADER:s7-35: c = null = null
2024-12-25 19:03:43,450 INFO  statemachine.StateMachine (ArithmeticStateMachine.java:applyTransaction(181)) - LEADER:s7-37: a = 89 = 89
2024-12-25 19:03:43,451 INFO  statemachine.StateMachine (ArithmeticStateMachine.java:applyTransaction(181)) - LEADER:s7-39: b = 3960 = 3960
2024-12-25 19:03:43,453 INFO  statemachine.StateMachine (ArithmeticStateMachine.java:applyTransaction(181)) - LEADER:s7-41: c = √(a^2 + b^2) = 3961
2024-12-25 19:03:43,455 INFO  statemachine.StateMachine (ArithmeticStateMachine.java:applyTransaction(181)) - LEADER:s7-43: a = null = null
2024-12-25 19:03:43,457 INFO  statemachine.StateMachine (ArithmeticStateMachine.java:applyTransaction(181)) - LEADER:s7-45: b = null = null
2024-12-25 19:03:43,458 INFO  statemachine.StateMachine (ArithmeticStateMachine.java:applyTransaction(181)) - LEADER:s7-47: c = null = null
2024-12-25 19:03:43,459 INFO  statemachine.StateMachine (ArithmeticStateMachine.java:applyTransaction(181)) - LEADER:s7-49: a = 91 = 91
2024-12-25 19:03:43,461 INFO  statemachine.StateMachine (ArithmeticStateMachine.java:applyTransaction(181)) - LEADER:s7-51: b = 4140 = 4140
2024-12-25 19:03:43,462 INFO  statemachine.StateMachine (ArithmeticStateMachine.java:applyTransaction(181)) - LEADER:s7-53: c = √(a^2 + b^2) = 4141
2024-12-25 19:03:43,463 INFO  statemachine.StateMachine (ArithmeticStateMachine.java:applyTransaction(181)) - LEADER:s7-55: a = null = null
2024-12-25 19:03:43,464 INFO  statemachine.StateMachine (ArithmeticStateMachine.java:applyTransaction(181)) - LEADER:s7-57: b = null = null
2024-12-25 19:03:43,466 INFO  statemachine.StateMachine (ArithmeticStateMachine.java:applyTransaction(181)) - LEADER:s7-59: c = null = null
2024-12-25 19:03:43,467 INFO  statemachine.StateMachine (ArithmeticStateMachine.java:applyTransaction(181)) - LEADER:s7-61: a = 93 = 93
2024-12-25 19:03:43,468 INFO  statemachine.StateMachine (ArithmeticStateMachine.java:applyTransaction(181)) - LEADER:s7-63: b = 4324 = 4324
2024-12-25 19:03:43,470 INFO  statemachine.StateMachine (ArithmeticStateMachine.java:applyTransaction(181)) - LEADER:s7-65: c = √(a^2 + b^2) = 4325
2024-12-25 19:03:43,471 INFO  statemachine.StateMachine (ArithmeticStateMachine.java:applyTransaction(181)) - LEADER:s7-67: a = null = null
2024-12-25 19:03:43,473 INFO  statemachine.StateMachine (ArithmeticStateMachine.java:applyTransaction(181)) - LEADER:s7-69: b = null = null
2024-12-25 19:03:43,474 INFO  statemachine.StateMachine (ArithmeticStateMachine.java:applyTransaction(181)) - LEADER:s7-71: c = null = null
2024-12-25 19:03:43,475 INFO  statemachine.StateMachine (ArithmeticStateMachine.java:applyTransaction(181)) - LEADER:s7-73: a = 95 = 95
2024-12-25 19:03:43,476 INFO  statemachine.StateMachine (ArithmeticStateMachine.java:applyTransaction(181)) - LEADER:s7-75: b = 4512 = 4512
2024-12-25 19:03:43,478 INFO  statemachine.StateMachine (ArithmeticStateMachine.java:applyTransaction(181)) - LEADER:s7-77: c = √(a^2 + b^2) = 4513
2024-12-25 19:03:43,480 INFO  statemachine.StateMachine (ArithmeticStateMachine.java:applyTransaction(181)) - LEADER:s7-79: a = null = null
2024-12-25 19:03:43,482 INFO  statemachine.StateMachine (ArithmeticStateMachine.java:applyTransaction(181)) - LEADER:s7-81: b = null = null
2024-12-25 19:03:43,483 INFO  statemachine.StateMachine (ArithmeticStateMachine.java:applyTransaction(181)) - LEADER:s7-83: c = null = null
2024-12-25 19:03:43,485 INFO  statemachine.StateMachine (ArithmeticStateMachine.java:applyTransaction(181)) - LEADER:s7-85: a = 97 = 97
2024-12-25 19:03:43,487 INFO  statemachine.StateMachine (ArithmeticStateMachine.java:applyTransaction(181)) - LEADER:s7-87: b = 4704 = 4704
2024-12-25 19:03:43,489 INFO  statemachine.StateMachine (ArithmeticStateMachine.java:applyTransaction(181)) - LEADER:s7-89: c = √(a^2 + b^2) = 4705
2024-12-25 19:03:43,491 INFO  statemachine.StateMachine (ArithmeticStateMachine.java:applyTransaction(181)) - LEADER:s7-91: a = null = null
2024-12-25 19:03:43,493 INFO  statemachine.StateMachine (ArithmeticStateMachine.java:applyTransaction(181)) - LEADER:s7-93: b = null = null
2024-12-25 19:03:43,497 INFO  statemachine.StateMachine (ArithmeticStateMachine.java:applyTransaction(181)) - LEADER:s7-95: c = null = null
2024-12-25 19:03:43,502 INFO  statemachine.StateMachine (ArithmeticStateMachine.java:applyTransaction(181)) - LEADER:s7-97: a = 99 = 99
2024-12-25 19:03:43,504 INFO  statemachine.StateMachine (ArithmeticStateMachine.java:applyTransaction(181)) - LEADER:s7-99: b = 4900 = 4900
2024-12-25 19:03:43,505 INFO  statemachine.StateMachine (ArithmeticStateMachine.java:applyTransaction(181)) - LEADER:s7-101: c = √(a^2 + b^2) = 4901
2024-12-25 19:03:43,507 INFO  statemachine.StateMachine (ArithmeticStateMachine.java:applyTransaction(181)) - LEADER:s7-103: a = null = null
2024-12-25 19:03:43,508 INFO  statemachine.StateMachine (ArithmeticStateMachine.java:applyTransaction(181)) - LEADER:s7-105: b = null = null
2024-12-25 19:03:43,509 INFO  statemachine.StateMachine (ArithmeticStateMachine.java:applyTransaction(181)) - LEADER:s7-107: c = null = null
2024-12-25 19:03:43,510 INFO  statemachine.StateMachine (ArithmeticStateMachine.java:applyTransaction(181)) - LEADER:s7-109: a = 101 = 101
2024-12-25 19:03:43,512 INFO  statemachine.StateMachine (ArithmeticStateMachine.java:applyTransaction(181)) - LEADER:s7-111: b = 5100 = 5100
2024-12-25 19:03:43,513 INFO  statemachine.StateMachine (ArithmeticStateMachine.java:applyTransaction(181)) - LEADER:s7-113: c = √(a^2 + b^2) = 5101
2024-12-25 19:03:43,514 INFO  statemachine.StateMachine (ArithmeticStateMachine.java:applyTransaction(181)) - LEADER:s7-115: a = null = null
2024-12-25 19:03:43,515 INFO  statemachine.StateMachine (ArithmeticStateMachine.java:applyTransaction(181)) - LEADER:s7-117: b = null = null
2024-12-25 19:03:43,517 INFO  statemachine.StateMachine (ArithmeticStateMachine.java:applyTransaction(181)) - LEADER:s7-119: c = null = null
| MiniRaftClusterWithSimulatedRpc[3, 6, 9, 12, 15]chosen=4 | start groups | 301 |
2024-12-25 19:03:43,518 INFO  impl.GroupManagementBaseTest (GroupManagementBaseTest.java:runMultiGroupTest(291)) - start groups: printing ALL groups
  s3:  RUNNING [
     LEADER s3@group-73C3960A554E:t1, leader=s3, voted=s3, raftlog=Memoized:s3@group-73C3960A554E-SegmentedRaftLog:OPENED:c120:last(t:1, i:120), conf=conf: {index: 0, cur=peers:[s3, s14, s2]|listeners:[], old=null} RUNNING
   FOLLOWER s3@group-6AB839334A82:t0, leader=null, voted=, raftlog=Memoized:s3@group-6AB839334A82-SegmentedRaftLog:OPENED:c-1:lastnull, conf=conf: {index: -1, cur=peers:[]|listeners:[], old=null} STARTING] size=2
  s4:  RUNNING [
     LEADER s4@group-639A8E78DFD7:t1, leader=s4, voted=s4, raftlog=Memoized:s4@group-639A8E78DFD7-SegmentedRaftLog:OPENED:c120:last(t:1, i:120), conf=conf: {index: 0, cur=peers:[s4, s5, s6]|listeners:[], old=null} RUNNING
   FOLLOWER s4@group-6AB839334A82:t0, leader=null, voted=, raftlog=Memoized:s4@group-6AB839334A82-SegmentedRaftLog:OPENED:c-1:lastnull, conf=conf: {index: -1, cur=peers:[]|listeners:[], old=null} STARTING] size=2
  s5:  RUNNING [
   FOLLOWER s5@group-639A8E78DFD7:t1, leader=s4, voted=s4, raftlog=Memoized:s5@group-639A8E78DFD7-SegmentedRaftLog:OPENED:c120:last(t:1, i:120), conf=conf: {index: 0, cur=peers:[s4|, s5|, s6|]|listeners:[], old=null} RUNNING
   FOLLOWER s5@group-6AB839334A82:t0, leader=null, voted=, raftlog=Memoized:s5@group-6AB839334A82-SegmentedRaftLog:OPENED:c-1:lastnull, conf=conf: {index: -1, cur=peers:[]|listeners:[], old=null} STARTING] size=2
  s6:  RUNNING [
   FOLLOWER s6@group-639A8E78DFD7:t1, leader=s4, voted=s4, raftlog=Memoized:s6@group-639A8E78DFD7-SegmentedRaftLog:OPENED:c120:last(t:1, i:120), conf=conf: {index: 0, cur=peers:[s4|, s5|, s6|]|listeners:[], old=null} RUNNING
   FOLLOWER s6@group-6AB839334A82:t0, leader=null, voted=, raftlog=Memoized:s6@group-6AB839334A82-SegmentedRaftLog:OPENED:c-1:lastnull, conf=conf: {index: -1, cur=peers:[]|listeners:[], old=null} STARTING] size=2
  s7:  RUNNING [
     LEADER s7@group-4CF2EC507520:t1, leader=s7, voted=s7, raftlog=Memoized:s7@group-4CF2EC507520-SegmentedRaftLog:OPENED:c119:last(t:1, i:120), conf=conf: {index: 0, cur=peers:[s7, s8, s9]|listeners:[], old=null} RUNNING
   FOLLOWER s7@group-6AB839334A82:t0, leader=null, voted=, raftlog=Memoized:s7@group-6AB839334A82-SegmentedRaftLog:OPENED:c-1:lastnull, conf=conf: {index: -1, cur=peers:[]|listeners:[], old=null} STARTING] size=2
  s8:  RUNNING [
   FOLLOWER s8@group-4CF2EC507520:t1, leader=s7, voted=s7, raftlog=Memoized:s8@group-4CF2EC507520-SegmentedRaftLog:OPENED:c118:last(t:1, i:119), conf=conf: {index: 0, cur=peers:[s7|, s8|, s9|]|listeners:[], old=null} RUNNING
   FOLLOWER s8@group-6AB839334A82:t0, leader=null, voted=, raftlog=Memoized:s8@group-6AB839334A82-SegmentedRaftLog:OPENED:c-1:lastnull, conf=conf: {index: -1, cur=peers:[]|listeners:[], old=null} STARTING] size=2
  s9:  RUNNING [
   FOLLOWER s9@group-4CF2EC507520:t1, leader=s7, voted=s7, raftlog=Memoized:s9@group-4CF2EC507520-SegmentedRaftLog:OPENED:c117:last(t:1, i:119), conf=conf: {index: 0, cur=peers:[s7|, s8|, s9|]|listeners:[], old=null} RUNNING
   FOLLOWER s9@group-6AB839334A82:t0, leader=null, voted=, raftlog=Memoized:s9@group-6AB839334A82-SegmentedRaftLog:OPENED:c-1:lastnull, conf=conf: {index: -1, cur=peers:[]|listeners:[], old=null} STARTING] size=2
  s11:  RUNNING [
   FOLLOWER s11@group-6AB839334A82:t0, leader=null, voted=, raftlog=Memoized:s11@group-6AB839334A82-SegmentedRaftLog:OPENED:c-1:lastnull, conf=conf: {index: -1, cur=peers:[]|listeners:[], old=null} STARTING
     LEADER s11@group-BDA5E59D7A17:t1, leader=s11, voted=s11, raftlog=Memoized:s11@group-BDA5E59D7A17-SegmentedRaftLog:OPENED:c120:last(t:1, i:120), conf=conf: {index: 0, cur=peers:[s11, s13, s12]|listeners:[], old=null} RUNNING] size=2
  s10:  RUNNING [
   FOLLOWER s10@group-6AB839334A82:t0, leader=null, voted=, raftlog=Memoized:s10@group-6AB839334A82-SegmentedRaftLog:OPENED:c-1:lastnull, conf=conf: {index: -1, cur=peers:[]|listeners:[], old=null} STARTING
     LEADER s10@group-C582DB3833BD:t1, leader=s10, voted=s10, raftlog=Memoized:s10@group-C582DB3833BD-SegmentedRaftLog:OPENED:c120:last(t:1, i:120), conf=conf: {index: 0, cur=peers:[s10, s0, s1]|listeners:[], old=null} RUNNING] size=2
  s13:  RUNNING [
   FOLLOWER s13@group-6AB839334A82:t0, leader=null, voted=, raftlog=Memoized:s13@group-6AB839334A82-SegmentedRaftLog:OPENED:c-1:lastnull, conf=conf: {index: -1, cur=peers:[]|listeners:[], old=null} STARTING
   FOLLOWER s13@group-BDA5E59D7A17:t1, leader=s11, voted=s11, raftlog=Memoized:s13@group-BDA5E59D7A17-SegmentedRaftLog:OPENED:c120:last(t:1, i:120), conf=conf: {index: 0, cur=peers:[s11|, s13|, s12|]|listeners:[], old=null} RUNNING] size=2
  s12:  RUNNING [
   FOLLOWER s12@group-6AB839334A82:t0, leader=null, voted=, raftlog=Memoized:s12@group-6AB839334A82-SegmentedRaftLog:OPENED:c-1:lastnull, conf=conf: {index: -1, cur=peers:[]|listeners:[], old=null} STARTING
   FOLLOWER s12@group-BDA5E59D7A17:t1, leader=s11, voted=s11, raftlog=Memoized:s12@group-BDA5E59D7A17-SegmentedRaftLog:OPENED:c120:last(t:1, i:120), conf=conf: {index: 0, cur=peers:[s11|, s13|, s12|]|listeners:[], old=null} RUNNING] size=2
  s14:  RUNNING [
   FOLLOWER s14@group-73C3960A554E:t1, leader=s3, voted=s3, raftlog=Memoized:s14@group-73C3960A554E-SegmentedRaftLog:OPENED:c120:last(t:1, i:120), conf=conf: {index: 0, cur=peers:[s3|, s14|, s2|]|listeners:[], old=null} RUNNING
   FOLLOWER s14@group-6AB839334A82:t0, leader=null, voted=, raftlog=Memoized:s14@group-6AB839334A82-SegmentedRaftLog:OPENED:c-1:lastnull, conf=conf: {index: -1, cur=peers:[]|listeners:[], old=null} STARTING] size=2
  s0:  RUNNING [
   FOLLOWER s0@group-6AB839334A82:t0, leader=null, voted=, raftlog=Memoized:s0@group-6AB839334A82-SegmentedRaftLog:OPENED:c-1:lastnull, conf=conf: {index: -1, cur=peers:[]|listeners:[], old=null} STARTING
   FOLLOWER s0@group-C582DB3833BD:t1, leader=s10, voted=s10, raftlog=Memoized:s0@group-C582DB3833BD-SegmentedRaftLog:OPENED:c120:last(t:1, i:120), conf=conf: {index: 0, cur=peers:[s10|, s0|, s1|]|listeners:[], old=null} RUNNING] size=2
  s1:  RUNNING [
   FOLLOWER s1@group-6AB839334A82:t0, leader=null, voted=, raftlog=Memoized:s1@group-6AB839334A82-SegmentedRaftLog:OPENED:c-1:lastnull, conf=conf: {index: -1, cur=peers:[]|listeners:[], old=null} STARTING
   FOLLOWER s1@group-C582DB3833BD:t1, leader=s10, voted=s10, raftlog=Memoized:s1@group-C582DB3833BD-SegmentedRaftLog:OPENED:c120:last(t:1, i:120), conf=conf: {index: 0, cur=peers:[s10|, s0|, s1|]|listeners:[], old=null} RUNNING] size=2
  s2:  RUNNING [
   FOLLOWER s2@group-73C3960A554E:t1, leader=s3, voted=s3, raftlog=Memoized:s2@group-73C3960A554E-SegmentedRaftLog:OPENED:c120:last(t:1, i:120), conf=conf: {index: 0, cur=peers:[s3|, s14|, s2|]|listeners:[], old=null} RUNNING
   FOLLOWER s2@group-6AB839334A82:t0, leader=null, voted=, raftlog=Memoized:s2@group-6AB839334A82-SegmentedRaftLog:OPENED:c-1:lastnull, conf=conf: {index: -1, cur=peers:[]|listeners:[], old=null} STARTING] size=2
2024-12-25 19:03:43,519 INFO  impl.GroupManagementBaseTest (GroupManagementBaseTest.java:runMultiGroupTest(294)) - chosen = 4, group-4CF2EC507520:[s7, s8, s9]
2024-12-25 19:03:43,519 INFO  impl.GroupManagementBaseTest (GroupManagementBaseTest.java:runMultiGroupTest(299)) - 0) close printing group-C582DB3833BD
  s10:  RUNNING [
   FOLLOWER s10@group-6AB839334A82:t0, leader=null, voted=, raftlog=Memoized:s10@group-6AB839334A82-SegmentedRaftLog:OPENED:c-1:lastnull, conf=conf: {index: -1, cur=peers:[]|listeners:[], old=null} STARTING
     LEADER s10@group-C582DB3833BD:t1, leader=s10, voted=s10, raftlog=Memoized:s10@group-C582DB3833BD-SegmentedRaftLog:OPENED:c120:last(t:1, i:120), conf=conf: {index: 0, cur=peers:[s10, s0, s1]|listeners:[], old=null} RUNNING] size=2
  s0:  RUNNING [
   FOLLOWER s0@group-6AB839334A82:t0, leader=null, voted=, raftlog=Memoized:s0@group-6AB839334A82-SegmentedRaftLog:OPENED:c-1:lastnull, conf=conf: {index: -1, cur=peers:[]|listeners:[], old=null} STARTING
   FOLLOWER s0@group-C582DB3833BD:t1, leader=s10, voted=s10, raftlog=Memoized:s0@group-C582DB3833BD-SegmentedRaftLog:OPENED:c120:last(t:1, i:120), conf=conf: {index: 0, cur=peers:[s10|, s0|, s1|]|listeners:[], old=null} RUNNING] size=2
  s1:  RUNNING [
   FOLLOWER s1@group-6AB839334A82:t0, leader=null, voted=, raftlog=Memoized:s1@group-6AB839334A82-SegmentedRaftLog:OPENED:c-1:lastnull, conf=conf: {index: -1, cur=peers:[]|listeners:[], old=null} STARTING
   FOLLOWER s1@group-C582DB3833BD:t1, leader=s10, voted=s10, raftlog=Memoized:s1@group-C582DB3833BD-SegmentedRaftLog:OPENED:c120:last(t:1, i:120), conf=conf: {index: 0, cur=peers:[s10|, s0|, s1|]|listeners:[], old=null} RUNNING] size=2
2024-12-25 19:03:43,523 INFO  server.RaftServer (RaftServerProxy.java:remove(112)) - s10: remove    LEADER s10@group-C582DB3833BD:t1, leader=s10, voted=s10, raftlog=Memoized:s10@group-C582DB3833BD-SegmentedRaftLog:OPENED:c120:last(t:1, i:120), conf=conf: {index: 0, cur=peers:[s10, s0, s1]|listeners:[], old=null} RUNNING
2024-12-25 19:03:43,524 INFO  server.RaftServer$Division (RaftServerImpl.java:lambda$close$1(514)) - s10@group-C582DB3833BD: shutdown
2024-12-25 19:03:43,524 INFO  util.JmxRegister (JmxRegister.java:unregister(74)) - Successfully un-registered JMX Bean with object name Ratis:service=RaftServer,group=group-C582DB3833BD,id=s10
2024-12-25 19:03:43,524 INFO  impl.RoleInfo (RoleInfo.java:shutdownLeaderState(103)) - s10: shutdown s10@group-C582DB3833BD-LeaderStateImpl
2024-12-25 19:03:43,525 INFO  leader.LogAppenderDaemon (LogAppenderDaemon.java:run(85)) - s10@group-C582DB3833BD->s0-LogAppenderDefault-LogAppenderDaemon was interrupted: java.lang.InterruptedException
2024-12-25 19:03:43,526 INFO  leader.LogAppenderDaemon (LogAppenderDaemon.java:run(85)) - s10@group-C582DB3833BD->s1-LogAppenderDefault-LogAppenderDaemon was interrupted: java.lang.InterruptedException
2024-12-25 19:03:43,526 INFO  impl.PendingRequests (PendingRequests.java:sendNotLeaderResponses(287)) - s10@group-C582DB3833BD-PendingRequests: sendNotLeaderResponses
2024-12-25 19:03:43,529 INFO  impl.StateMachineUpdater (StateMachineUpdater.java:stopAndJoin(164)) - s10@group-C582DB3833BD-StateMachineUpdater: set stopIndex = 120
2024-12-25 19:03:43,529 INFO  impl.StateMachineUpdater (StateMachineUpdater.java:stop(141)) - s10@group-C582DB3833BD-StateMachineUpdater: closing ArithmeticStateMachine, lastApplied=(t:1, i:120)
2024-12-25 19:03:43,529 INFO  raftlog.RaftLog (SegmentedRaftLog.java:close(568)) - Start closing s10@group-C582DB3833BD-SegmentedRaftLog:OPENED:c120:last(t:1, i:120)
2024-12-25 19:03:43,530 INFO  util.AwaitToRun (AwaitToRun.java:run(49)) - s10@group-C582DB3833BD-cacheEviction-AwaitToRun-AwaitForSignal is interrupted
2024-12-25 19:03:43,530 INFO  segmented.LogSegment (LogSegment.java:close(353)) - Successfully closed EntryCache-log_inprogress_0
2024-12-25 19:03:44,033 INFO  impl.FollowerState (FollowerState.java:runImpl(161)) - s1@group-C582DB3833BD-FollowerState: change to CANDIDATE, lastRpcElapsedTime:568089433ns, electionTimeout:475ms
2024-12-25 19:03:44,033 INFO  impl.RoleInfo (RoleInfo.java:shutdownFollowerState(121)) - s1: shutdown s1@group-C582DB3833BD-FollowerState
2024-12-25 19:03:44,033 INFO  server.RaftServer$Division (RaftServerImpl.java:setRole(379)) - s1@group-C582DB3833BD: changes role from  FOLLOWER to CANDIDATE at term 1 for changeToCandidate
2024-12-25 19:03:44,033 INFO  server.RaftServerConfigKeys (ConfUtils.java:logGet(46)) - raft.server.leaderelection.pre-vote = true (default)
2024-12-25 19:03:44,033 INFO  impl.RoleInfo (RoleInfo.java:updateAndGet(148)) - s1: start s1@group-C582DB3833BD-LeaderElection6
2024-12-25 19:03:44,034 INFO  server.RaftServer$Division (ServerState.java:setLeader(272)) - s1@group-C582DB3833BD: change Leader from s10 to null at term 1 for PRE_VOTE
2024-12-25 19:03:44,034 INFO  impl.LeaderElection (LeaderElection.java:askForVotes(332)) - s1@group-C582DB3833BD-LeaderElection6 PRE_VOTE round 0: submit vote requests at term 1 for conf: {index: 0, cur=peers:[s10|, s0|, s1|]|listeners:[], old=null}
2024-12-25 19:03:44,034 INFO  server.RaftServer$Division (RaftServerImpl.java:requestVote(1459)) - s0@group-C582DB3833BD: receive requestVote(PRE_VOTE, s1, group-C582DB3833BD, 1, (t:1, i:120))
2024-12-25 19:03:44,034 INFO  impl.LeaderElection (LogUtils.java:infoOrTrace(142)) - s1@group-C582DB3833BD-LeaderElection6 got exception when requesting votes: java.util.concurrent.ExecutionException: org.apache.ratis.protocol.exceptions.GroupMismatchException: s10: group-C582DB3833BD not found.
2024-12-25 19:03:44,034 INFO  impl.VoteContext (VoteContext.java:log(49)) - s0@group-C582DB3833BD-FOLLOWER: accept PRE_VOTE from s1: our priority 0 <= candidate's priority 0
2024-12-25 19:03:44,035 INFO  server.RaftServer$Division (RaftServerImpl.java:requestVote(1493)) - s0@group-C582DB3833BD replies to PRE_VOTE vote request: s1<-s0#0:OK-t1. Peer's state: s0@group-C582DB3833BD:t1, leader=s10, voted=s10, raftlog=Memoized:s0@group-C582DB3833BD-SegmentedRaftLog:OPENED:c120:last(t:1, i:120), conf=conf: {index: 0, cur=peers:[s10|, s0|, s1|]|listeners:[], old=null}
2024-12-25 19:03:44,035 INFO  impl.LeaderElection (LeaderElection.java:logAndReturn(90)) - s1@group-C582DB3833BD-LeaderElection6: PRE_VOTE PASSED received 1 response(s) and 1 exception(s):
2024-12-25 19:03:44,035 INFO  impl.LeaderElection (LeaderElection.java:logAndReturn(94)) -   Response 0: s1<-s0#0:OK-t1
2024-12-25 19:03:44,035 INFO  impl.LeaderElection (LogUtils.java:infoOrTrace(142)) -   Exception 1: java.util.concurrent.ExecutionException: org.apache.ratis.protocol.exceptions.GroupMismatchException: s10: group-C582DB3833BD not found.
2024-12-25 19:03:44,036 INFO  impl.LeaderElection (LeaderElection.java:askForVotes(334)) - s1@group-C582DB3833BD-LeaderElection6 PRE_VOTE round 0: result PASSED
2024-12-25 19:03:44,036 TRACE util.FileUtils (LogUtils.java:supplyAndLog(69)) - Successfully supplied FileChannel.open /home/runner/work/ratis/ratis/ratis-examples/target/test/data/6cc16ceb/MiniRaftClusterWithSimulatedRpc6b18c296/s1/5ea2de93-0763-4c70-a68e-c582db3833bd/current/raft-meta.tmp with options [CREATE, WRITE]: sun.nio.ch.FileChannelImpl@469b5297
2024-12-25 19:03:44,037 TRACE util.FileUtils (LogUtils.java:runAndLog(49)) - Successfully ran Atomic Files.move /home/runner/work/ratis/ratis/ratis-examples/target/test/data/6cc16ceb/MiniRaftClusterWithSimulatedRpc6b18c296/s1/5ea2de93-0763-4c70-a68e-c582db3833bd/current/raft-meta.tmp to /home/runner/work/ratis/ratis/ratis-examples/target/test/data/6cc16ceb/MiniRaftClusterWithSimulatedRpc6b18c296/s1/5ea2de93-0763-4c70-a68e-c582db3833bd/current/raft-meta with options [REPLACE_EXISTING]
2024-12-25 19:03:44,037 INFO  impl.LeaderElection (LeaderElection.java:askForVotes(332)) - s1@group-C582DB3833BD-LeaderElection6 ELECTION round 0: submit vote requests at term 2 for conf: {index: 0, cur=peers:[s10|, s0|, s1|]|listeners:[], old=null}
2024-12-25 19:03:44,038 INFO  server.RaftServer$Division (RaftServerImpl.java:requestVote(1459)) - s0@group-C582DB3833BD: receive requestVote(ELECTION, s1, group-C582DB3833BD, 2, (t:1, i:120))
2024-12-25 19:03:44,038 INFO  impl.VoteContext (VoteContext.java:log(49)) - s0@group-C582DB3833BD-FOLLOWER: accept ELECTION from s1: our priority 0 <= candidate's priority 0
2024-12-25 19:03:44,038 INFO  server.RaftServer$Division (RaftServerImpl.java:setRole(379)) - s0@group-C582DB3833BD: changes role from  FOLLOWER to FOLLOWER at term 1 for candidate:s1
2024-12-25 19:03:44,038 INFO  impl.RoleInfo (RoleInfo.java:shutdownFollowerState(121)) - s0: shutdown s0@group-C582DB3833BD-FollowerState
2024-12-25 19:03:44,038 INFO  server.RaftServer$Division (ServerState.java:setLeader(272)) - s0@group-C582DB3833BD: change Leader from s10 to null at term 2 for updateCurrentTerm
2024-12-25 19:03:44,038 INFO  impl.RoleInfo (RoleInfo.java:updateAndGet(148)) - s0: start s0@group-C582DB3833BD-FollowerState
2024-12-25 19:03:44,038 INFO  impl.FollowerState (FollowerState.java:runImpl(170)) - s0@group-C582DB3833BD-FollowerState was interrupted
2024-12-25 19:03:44,038 TRACE util.FileUtils (LogUtils.java:supplyAndLog(69)) - Successfully supplied FileChannel.open /home/runner/work/ratis/ratis/ratis-examples/target/test/data/6cc16ceb/MiniRaftClusterWithSimulatedRpc6b18c296/s0/5ea2de93-0763-4c70-a68e-c582db3833bd/current/raft-meta.tmp with options [CREATE, WRITE]: sun.nio.ch.FileChannelImpl@1e036aa2
2024-12-25 19:03:44,039 INFO  impl.LeaderElection (LogUtils.java:infoOrTrace(142)) - s1@group-C582DB3833BD-LeaderElection6 got exception when requesting votes: java.util.concurrent.ExecutionException: org.apache.ratis.protocol.exceptions.GroupMismatchException: s10: group-C582DB3833BD not found.
2024-12-25 19:03:44,039 TRACE util.FileUtils (LogUtils.java:runAndLog(49)) - Successfully ran Atomic Files.move /home/runner/work/ratis/ratis/ratis-examples/target/test/data/6cc16ceb/MiniRaftClusterWithSimulatedRpc6b18c296/s0/5ea2de93-0763-4c70-a68e-c582db3833bd/current/raft-meta.tmp to /home/runner/work/ratis/ratis/ratis-examples/target/test/data/6cc16ceb/MiniRaftClusterWithSimulatedRpc6b18c296/s0/5ea2de93-0763-4c70-a68e-c582db3833bd/current/raft-meta with options [REPLACE_EXISTING]
2024-12-25 19:03:44,039 INFO  server.RaftServer$Division (RaftServerImpl.java:requestVote(1493)) - s0@group-C582DB3833BD replies to ELECTION vote request: s1<-s0#0:OK-t2. Peer's state: s0@group-C582DB3833BD:t2, leader=null, voted=s1, raftlog=Memoized:s0@group-C582DB3833BD-SegmentedRaftLog:OPENED:c120:last(t:1, i:120), conf=conf: {index: 0, cur=peers:[s10|, s0|, s1|]|listeners:[], old=null}
2024-12-25 19:03:44,040 INFO  impl.LeaderElection (LeaderElection.java:logAndReturn(90)) - s1@group-C582DB3833BD-LeaderElection6: ELECTION PASSED received 1 response(s) and 1 exception(s):
2024-12-25 19:03:44,040 INFO  impl.LeaderElection (LeaderElection.java:logAndReturn(94)) -   Response 0: s1<-s0#0:OK-t2
2024-12-25 19:03:44,040 INFO  impl.LeaderElection (LogUtils.java:infoOrTrace(142)) -   Exception 1: java.util.concurrent.ExecutionException: org.apache.ratis.protocol.exceptions.GroupMismatchException: s10: group-C582DB3833BD not found.
2024-12-25 19:03:44,040 INFO  impl.LeaderElection (LeaderElection.java:askForVotes(334)) - s1@group-C582DB3833BD-LeaderElection6 ELECTION round 0: result PASSED
2024-12-25 19:03:44,040 INFO  impl.RoleInfo (RoleInfo.java:shutdownLeaderElection(141)) - s1: shutdown s1@group-C582DB3833BD-LeaderElection6
2024-12-25 19:03:44,040 INFO  server.RaftServer$Division (RaftServerImpl.java:setRole(379)) - s1@group-C582DB3833BD: changes role from CANDIDATE to LEADER at term 2 for changeToLeader
2024-12-25 19:03:44,040 INFO  server.RaftServerConfigKeys (ConfUtils.java:logGet(46)) - raft.server.staging.catchup.gap = 1000 (default)
2024-12-25 19:03:44,040 INFO  server.RaftServerConfigKeys (ConfUtils.java:logGet(46)) - raft.server.write.element-limit = 4096 (default)
2024-12-25 19:03:44,041 INFO  server.RaftServerConfigKeys (ConfUtils.java:logGet(46)) - raft.server.write.byte-limit = 64MB (=67108864) (default)
2024-12-25 19:03:44,041 INFO  server.RaftServerConfigKeys (ConfUtils.java:logGet(46)) - raft.server.watch.timeout = 10s (default)
2024-12-25 19:03:44,041 INFO  server.RaftServerConfigKeys (ConfUtils.java:logGet(46)) - raft.server.watch.timeout.denomination = 1s (default)
2024-12-25 19:03:44,041 INFO  server.RaftServerConfigKeys (ConfUtils.java:logGet(46)) - raft.server.watch.element-limit = 65536 (default)
2024-12-25 19:03:44,041 INFO  server.RaftServerConfigKeys (ConfUtils.java:logGet(46)) - raft.server.read.leader.lease.enabled = false (default)
2024-12-25 19:03:44,041 INFO  server.RaftServerConfigKeys (ConfUtils.java:logGet(46)) - raft.server.read.leader.lease.timeout.ratio = 0.9 (default)
2024-12-25 19:03:44,041 INFO  server.RaftServerConfigKeys (ConfUtils.java:logGet(46)) - raft.server.rpc.timeout.min = 300ms (custom)
2024-12-25 19:03:44,041 INFO  server.RaftServerConfigKeys (ConfUtils.java:logGet(46)) - raft.server.log.log-metadata.enabled = true (default)
2024-12-25 19:03:44,041 INFO  server.RaftServerConfigKeys (ConfUtils.java:logGet(46)) - raft.server.write.element-limit = 4096 (default)
2024-12-25 19:03:44,041 INFO  server.RaftServerConfigKeys (ConfUtils.java:logGet(46)) - raft.server.write.follower.gap.ratio.max = -1.0 (default)
2024-12-25 19:03:44,042 INFO  server.RaftServerConfigKeys (ConfUtils.java:logGet(46)) - raft.server.log.appender.snapshot.chunk.size.max = 16MB (=16777216) (default)
2024-12-25 19:03:44,042 INFO  server.RaftServerConfigKeys (ConfUtils.java:logGet(46)) - raft.server.log.appender.buffer.byte-limit = 4MB (=4194304) (default)
2024-12-25 19:03:44,042 INFO  server.RaftServerConfigKeys (ConfUtils.java:logGet(46)) - raft.server.log.appender.buffer.element-limit = 0 (default)
2024-12-25 19:03:44,042 INFO  server.RaftServerConfigKeys (ConfUtils.java:logGet(46)) - raft.server.log.appender.wait-time.min = 1ms (default)
2024-12-25 19:03:44,042 INFO  server.RaftServerConfigKeys (ConfUtils.java:logGet(46)) - raft.server.log.appender.snapshot.chunk.size.max = 16MB (=16777216) (default)
2024-12-25 19:03:44,042 INFO  server.RaftServerConfigKeys (ConfUtils.java:logGet(46)) - raft.server.log.appender.buffer.byte-limit = 4MB (=4194304) (default)
2024-12-25 19:03:44,042 INFO  server.RaftServerConfigKeys (ConfUtils.java:logGet(46)) - raft.server.log.appender.buffer.element-limit = 0 (default)
2024-12-25 19:03:44,042 INFO  server.RaftServerConfigKeys (ConfUtils.java:logGet(46)) - raft.server.log.appender.wait-time.min = 1ms (default)
2024-12-25 19:03:44,042 INFO  impl.RoleInfo (RoleInfo.java:updateAndGet(148)) - s1: start s1@group-C582DB3833BD-LeaderStateImpl
2024-12-25 19:03:44,042 INFO  server.RaftServer$Division (ServerState.java:setLeader(272)) - s1@group-C582DB3833BD: change Leader from null to s1 at term 2 for becomeLeader, leader elected after 8ms
2024-12-25 19:03:44,043 INFO  segmented.SegmentedRaftLogWorker (SegmentedRaftLogWorker.java:rollLogSegment(448)) - s1@group-C582DB3833BD-SegmentedRaftLogWorker: Rolling segment log-0_120 to index:120
2024-12-25 19:03:44,043 INFO  server.RaftServer$Division (ServerState.java:setRaftConf(386)) - s1@group-C582DB3833BD: set configuration conf: {index: 121, cur=peers:[s10|, s0|, s1|]|listeners:[], old=null}
2024-12-25 19:03:44,045 INFO  server.RaftServer$Division (ServerState.java:setLeader(272)) - s0@group-C582DB3833BD: change Leader from null to s1 at term 2 for appendEntries, leader elected after 7ms
2024-12-25 19:03:44,045 TRACE util.FileUtils (LogUtils.java:runAndLog(49)) - Successfully ran Atomic Files.move /home/runner/work/ratis/ratis/ratis-examples/target/test/data/6cc16ceb/MiniRaftClusterWithSimulatedRpc6b18c296/s1/5ea2de93-0763-4c70-a68e-c582db3833bd/current/log_inprogress_0 to /home/runner/work/ratis/ratis/ratis-examples/target/test/data/6cc16ceb/MiniRaftClusterWithSimulatedRpc6b18c296/s1/5ea2de93-0763-4c70-a68e-c582db3833bd/current/log_0-120
2024-12-25 19:03:44,046 INFO  segmented.SegmentedRaftLogWorker (SegmentedRaftLogWorker.java:execute(624)) - s1@group-C582DB3833BD-SegmentedRaftLogWorker: Rolled log segment from /home/runner/work/ratis/ratis/ratis-examples/target/test/data/6cc16ceb/MiniRaftClusterWithSimulatedRpc6b18c296/s1/5ea2de93-0763-4c70-a68e-c582db3833bd/current/log_inprogress_0 to /home/runner/work/ratis/ratis/ratis-examples/target/test/data/6cc16ceb/MiniRaftClusterWithSimulatedRpc6b18c296/s1/5ea2de93-0763-4c70-a68e-c582db3833bd/current/log_0-120
2024-12-25 19:03:44,046 WARN  leader.LogAppender (LogAppenderDefault.java:sendAppendEntriesWithRetries(85)) - s1@group-C582DB3833BD->s10-LogAppenderDefault: Failed to appendEntries (retry=0)
org.apache.ratis.protocol.exceptions.GroupMismatchException: s10: group-C582DB3833BD not found.
	at org.apache.ratis.server.impl.RaftServerProxy$ImplMap.get(RaftServerProxy.java:156)
	at org.apache.ratis.server.impl.RaftServerProxy.getImplFuture(RaftServerProxy.java:366)
	at org.apache.ratis.server.impl.RaftServerProxy.getImpl(RaftServerProxy.java:375)
	at org.apache.ratis.server.impl.RaftServerProxy.getImpl(RaftServerProxy.java:370)
	at org.apache.ratis.server.impl.RaftServerProxy.appendEntries(RaftServerProxy.java:671)
	at org.apache.ratis.server.simulation.SimulatedServerRpc$1.handleRequest(SimulatedServerRpc.java:163)
	at org.apache.ratis.server.simulation.SimulatedServerRpc$1.handleRequest(SimulatedServerRpc.java:153)
	at org.apache.ratis.server.simulation.RequestHandler.handleRequest(RequestHandler.java:91)
	at org.apache.ratis.server.simulation.RequestHandler$HandlerDaemon.run(RequestHandler.java:125)
2024-12-25 19:03:44,047 INFO  server.RaftServer$Division (ServerState.java:setRaftConf(386)) - s0@group-C582DB3833BD: set configuration conf: {index: 121, cur=peers:[s10|, s0|, s1|]|listeners:[], old=null}
2024-12-25 19:03:44,046 INFO  segmented.BufferedWriteChannel (BufferedWriteChannel.java:open(61)) - open log_inprogress_121 at position 0
2024-12-25 19:03:44,048 INFO  segmented.SegmentedRaftLogWorker (SegmentedRaftLogWorker.java:rollLogSegment(448)) - s0@group-C582DB3833BD-SegmentedRaftLogWorker: Rolling segment log-0_120 to index:120
2024-12-25 19:03:44,049 TRACE util.FileUtils (LogUtils.java:runAndLog(49)) - Successfully ran Atomic Files.move /home/runner/work/ratis/ratis/ratis-examples/target/test/data/6cc16ceb/MiniRaftClusterWithSimulatedRpc6b18c296/s0/5ea2de93-0763-4c70-a68e-c582db3833bd/current/log_inprogress_0 to /home/runner/work/ratis/ratis/ratis-examples/target/test/data/6cc16ceb/MiniRaftClusterWithSimulatedRpc6b18c296/s0/5ea2de93-0763-4c70-a68e-c582db3833bd/current/log_0-120
2024-12-25 19:03:44,049 INFO  segmented.SegmentedRaftLogWorker (SegmentedRaftLogWorker.java:execute(624)) - s0@group-C582DB3833BD-SegmentedRaftLogWorker: Rolled log segment from /home/runner/work/ratis/ratis/ratis-examples/target/test/data/6cc16ceb/MiniRaftClusterWithSimulatedRpc6b18c296/s0/5ea2de93-0763-4c70-a68e-c582db3833bd/current/log_inprogress_0 to /home/runner/work/ratis/ratis/ratis-examples/target/test/data/6cc16ceb/MiniRaftClusterWithSimulatedRpc6b18c296/s0/5ea2de93-0763-4c70-a68e-c582db3833bd/current/log_0-120
2024-12-25 19:03:44,049 INFO  segmented.BufferedWriteChannel (BufferedWriteChannel.java:open(61)) - open log_inprogress_121 at position 0
2024-12-25 19:03:44,060 INFO  segmented.SegmentedRaftLogWorker (SegmentedRaftLogWorker.java:execute(667)) - s1@group-C582DB3833BD-SegmentedRaftLogWorker: created new log segment /home/runner/work/ratis/ratis/ratis-examples/target/test/data/6cc16ceb/MiniRaftClusterWithSimulatedRpc6b18c296/s1/5ea2de93-0763-4c70-a68e-c582db3833bd/current/log_inprogress_121
2024-12-25 19:03:44,061 INFO  segmented.SegmentedRaftLogWorker (SegmentedRaftLogWorker.java:execute(667)) - s0@group-C582DB3833BD-SegmentedRaftLogWorker: created new log segment /home/runner/work/ratis/ratis/ratis-examples/target/test/data/6cc16ceb/MiniRaftClusterWithSimulatedRpc6b18c296/s0/5ea2de93-0763-4c70-a68e-c582db3833bd/current/log_inprogress_121
2024-12-25 19:03:44,061 TRACE util.FileUtils (LogUtils.java:supplyAndLog(69)) - Successfully supplied FileChannel.open /home/runner/work/ratis/ratis/ratis-examples/target/test/data/6cc16ceb/MiniRaftClusterWithSimulatedRpc6b18c296/s1/5ea2de93-0763-4c70-a68e-c582db3833bd/current/raft-meta.conf.tmp with options [CREATE, WRITE]: sun.nio.ch.FileChannelImpl@31ae3bec
2024-12-25 19:03:44,062 TRACE util.FileUtils (LogUtils.java:supplyAndLog(69)) - Successfully supplied FileChannel.open /home/runner/work/ratis/ratis/ratis-examples/target/test/data/6cc16ceb/MiniRaftClusterWithSimulatedRpc6b18c296/s0/5ea2de93-0763-4c70-a68e-c582db3833bd/current/raft-meta.conf.tmp with options [CREATE, WRITE]: sun.nio.ch.FileChannelImpl@4bc084c1
2024-12-25 19:03:44,063 TRACE util.FileUtils (LogUtils.java:runAndLog(49)) - Successfully ran Atomic Files.move /home/runner/work/ratis/ratis/ratis-examples/target/test/data/6cc16ceb/MiniRaftClusterWithSimulatedRpc6b18c296/s0/5ea2de93-0763-4c70-a68e-c582db3833bd/current/raft-meta.conf.tmp to /home/runner/work/ratis/ratis/ratis-examples/target/test/data/6cc16ceb/MiniRaftClusterWithSimulatedRpc6b18c296/s0/5ea2de93-0763-4c70-a68e-c582db3833bd/current/raft-meta.conf with options [REPLACE_EXISTING]
2024-12-25 19:03:44,065 TRACE util.FileUtils (LogUtils.java:runAndLog(49)) - Successfully ran Atomic Files.move /home/runner/work/ratis/ratis/ratis-examples/target/test/data/6cc16ceb/MiniRaftClusterWithSimulatedRpc6b18c296/s1/5ea2de93-0763-4c70-a68e-c582db3833bd/current/raft-meta.conf.tmp to /home/runner/work/ratis/ratis/ratis-examples/target/test/data/6cc16ceb/MiniRaftClusterWithSimulatedRpc6b18c296/s1/5ea2de93-0763-4c70-a68e-c582db3833bd/current/raft-meta.conf with options [REPLACE_EXISTING]
2024-12-25 19:03:44,065 INFO  server.RaftServer$Division (LeaderStateImpl.java:checkStartIndex(314)) - Leader s1@group-C582DB3833BD-LeaderStateImpl is ready since appliedIndex == startIndex == 121
2024-12-25 19:03:44,263 INFO  segmented.SegmentedRaftLogWorker (SegmentedRaftLogWorker.java:close(254)) - s10@group-C582DB3833BD-SegmentedRaftLogWorker close()
2024-12-25 19:03:44,264 INFO  raftlog.RaftLog (SegmentedRaftLog.java:close(576)) - Successfully closed s10@group-C582DB3833BD-SegmentedRaftLog:CLOSED:c120
2024-12-25 19:03:44,264 TRACE util.FileUtils (FileUtils.java:deleteFully(307)) - deleteFully /home/runner/work/ratis/ratis/ratis-examples/target/test/data/6cc16ceb/MiniRaftClusterWithSimulatedRpc6b18c296/s10/5ea2de93-0763-4c70-a68e-c582db3833bd
2024-12-25 19:03:44,266 TRACE util.FileUtils (LogUtils.java:runAndLog(49)) - Successfully ran Files.delete /home/runner/work/ratis/ratis/ratis-examples/target/test/data/6cc16ceb/MiniRaftClusterWithSimulatedRpc6b18c296/s10/5ea2de93-0763-4c70-a68e-c582db3833bd/current/raft-meta.conf
2024-12-25 19:03:44,266 TRACE util.FileUtils (LogUtils.java:runAndLog(49)) - Successfully ran Files.delete /home/runner/work/ratis/ratis/ratis-examples/target/test/data/6cc16ceb/MiniRaftClusterWithSimulatedRpc6b18c296/s10/5ea2de93-0763-4c70-a68e-c582db3833bd/current/log_inprogress_0
2024-12-25 19:03:44,266 TRACE util.FileUtils (LogUtils.java:runAndLog(49)) - Successfully ran Files.delete /home/runner/work/ratis/ratis/ratis-examples/target/test/data/6cc16ceb/MiniRaftClusterWithSimulatedRpc6b18c296/s10/5ea2de93-0763-4c70-a68e-c582db3833bd/current/raft-meta
2024-12-25 19:03:44,266 TRACE util.FileUtils (LogUtils.java:runAndLog(49)) - Successfully ran Files.delete /home/runner/work/ratis/ratis/ratis-examples/target/test/data/6cc16ceb/MiniRaftClusterWithSimulatedRpc6b18c296/s10/5ea2de93-0763-4c70-a68e-c582db3833bd/current
2024-12-25 19:03:44,266 TRACE util.FileUtils (LogUtils.java:runAndLog(49)) - Successfully ran Files.delete /home/runner/work/ratis/ratis/ratis-examples/target/test/data/6cc16ceb/MiniRaftClusterWithSimulatedRpc6b18c296/s10/5ea2de93-0763-4c70-a68e-c582db3833bd/in_use.lock
2024-12-25 19:03:44,266 TRACE util.FileUtils (LogUtils.java:runAndLog(49)) - Successfully ran Files.delete /home/runner/work/ratis/ratis/ratis-examples/target/test/data/6cc16ceb/MiniRaftClusterWithSimulatedRpc6b18c296/s10/5ea2de93-0763-4c70-a68e-c582db3833bd/sm
2024-12-25 19:03:44,266 TRACE util.FileUtils (LogUtils.java:runAndLog(49)) - Successfully ran Files.delete /home/runner/work/ratis/ratis/ratis-examples/target/test/data/6cc16ceb/MiniRaftClusterWithSimulatedRpc6b18c296/s10/5ea2de93-0763-4c70-a68e-c582db3833bd
2024-12-25 19:03:44,266 INFO  server.RaftServer$Division (RaftServerImpl.java:groupRemove(484)) - s10@group-C582DB3833BD: Succeed to remove RaftStorageDirectory Storage Directory /home/runner/work/ratis/ratis/ratis-examples/target/test/data/6cc16ceb/MiniRaftClusterWithSimulatedRpc6b18c296/s10/5ea2de93-0763-4c70-a68e-c582db3833bd
2024-12-25 19:03:44,267 INFO  server.RaftServer (RaftServerProxy.java:remove(112)) - s0: remove  FOLLOWER s0@group-C582DB3833BD:t2, leader=s1, voted=s1, raftlog=Memoized:s0@group-C582DB3833BD-SegmentedRaftLog:OPENED:c122:last(t:2, i:122), conf=conf: {index: 121, cur=peers:[s10|, s0|, s1|]|listeners:[], old=null} RUNNING
2024-12-25 19:03:44,267 INFO  server.RaftServer$Division (RaftServerImpl.java:lambda$close$1(514)) - s0@group-C582DB3833BD: shutdown
2024-12-25 19:03:44,267 INFO  util.JmxRegister (JmxRegister.java:unregister(74)) - Successfully un-registered JMX Bean with object name Ratis:service=RaftServer,group=group-C582DB3833BD,id=s0
2024-12-25 19:03:44,267 INFO  impl.RoleInfo (RoleInfo.java:shutdownFollowerState(121)) - s0: shutdown s0@group-C582DB3833BD-FollowerState
2024-12-25 19:03:44,267 INFO  impl.StateMachineUpdater (StateMachineUpdater.java:stopAndJoin(164)) - s0@group-C582DB3833BD-StateMachineUpdater: set stopIndex = 122
2024-12-25 19:03:44,267 INFO  impl.FollowerState (FollowerState.java:runImpl(170)) - s0@group-C582DB3833BD-FollowerState was interrupted
2024-12-25 19:03:44,267 INFO  impl.StateMachineUpdater (StateMachineUpdater.java:stop(141)) - s0@group-C582DB3833BD-StateMachineUpdater: closing ArithmeticStateMachine, lastApplied=(t:2, i:122)
2024-12-25 19:03:44,268 INFO  raftlog.RaftLog (SegmentedRaftLog.java:close(568)) - Start closing s0@group-C582DB3833BD-SegmentedRaftLog:OPENED:c122:last(t:2, i:122)
2024-12-25 19:03:44,268 INFO  util.AwaitToRun (AwaitToRun.java:run(49)) - s0@group-C582DB3833BD-cacheEviction-AwaitToRun-AwaitForSignal is interrupted
2024-12-25 19:03:44,268 INFO  segmented.LogSegment (LogSegment.java:close(353)) - Successfully closed EntryCache-log_inprogress_121
2024-12-25 19:03:44,268 INFO  segmented.LogSegment (LogSegment.java:close(353)) - Successfully closed EntryCache-log-0_120
2024-12-25 19:03:44,299 WARN  leader.LogAppender (LogAppenderDefault.java:sendAppendEntriesWithRetries(85)) - s1@group-C582DB3833BD->s10-LogAppenderDefault: Failed to appendEntries (retry=10)
org.apache.ratis.protocol.exceptions.GroupMismatchException: s10: group-C582DB3833BD not found.
	at org.apache.ratis.server.impl.RaftServerProxy$ImplMap.get(RaftServerProxy.java:156)
	at org.apache.ratis.server.impl.RaftServerProxy.getImplFuture(RaftServerProxy.java:366)
	at org.apache.ratis.server.impl.RaftServerProxy.getImpl(RaftServerProxy.java:375)
	at org.apache.ratis.server.impl.RaftServerProxy.getImpl(RaftServerProxy.java:370)
	at org.apache.ratis.server.impl.RaftServerProxy.appendEntries(RaftServerProxy.java:671)
	at org.apache.ratis.server.simulation.SimulatedServerRpc$1.handleRequest(SimulatedServerRpc.java:163)
	at org.apache.ratis.server.simulation.SimulatedServerRpc$1.handleRequest(SimulatedServerRpc.java:153)
	at org.apache.ratis.server.simulation.RequestHandler.handleRequest(RequestHandler.java:91)
	at org.apache.ratis.server.simulation.RequestHandler$HandlerDaemon.run(RequestHandler.java:125)
2024-12-25 19:03:44,363 WARN  leader.LogAppender (LogAppenderDefault.java:sendAppendEntriesWithRetries(85)) - s1@group-C582DB3833BD->s0-LogAppenderDefault: Failed to appendEntries (retry=0)
org.apache.ratis.protocol.exceptions.GroupMismatchException: s0: group-C582DB3833BD not found.
	at org.apache.ratis.server.impl.RaftServerProxy$ImplMap.get(RaftServerProxy.java:156)
	at org.apache.ratis.server.impl.RaftServerProxy.getImplFuture(RaftServerProxy.java:366)
	at org.apache.ratis.server.impl.RaftServerProxy.getImpl(RaftServerProxy.java:375)
	at org.apache.ratis.server.impl.RaftServerProxy.getImpl(RaftServerProxy.java:370)
	at org.apache.ratis.server.impl.RaftServerProxy.appendEntries(RaftServerProxy.java:671)
	at org.apache.ratis.server.simulation.SimulatedServerRpc$1.handleRequest(SimulatedServerRpc.java:163)
	at org.apache.ratis.server.simulation.SimulatedServerRpc$1.handleRequest(SimulatedServerRpc.java:153)
	at org.apache.ratis.server.simulation.RequestHandler.handleRequest(RequestHandler.java:91)
	at org.apache.ratis.server.simulation.RequestHandler$HandlerDaemon.run(RequestHandler.java:125)
2024-12-25 19:03:44,438 WARN  leader.LogAppender (LogAppenderDefault.java:sendAppendEntriesWithRetries(85)) - s1@group-C582DB3833BD->s0-LogAppenderDefault: Failed to appendEntries (retry=0)
org.apache.ratis.protocol.exceptions.GroupMismatchException: s0: group-C582DB3833BD not found.
	at org.apache.ratis.server.impl.RaftServerProxy$ImplMap.get(RaftServerProxy.java:156)
	at org.apache.ratis.server.impl.RaftServerProxy.getImplFuture(RaftServerProxy.java:366)
	at org.apache.ratis.server.impl.RaftServerProxy.getImpl(RaftServerProxy.java:375)
	at org.apache.ratis.server.impl.RaftServerProxy.getImpl(RaftServerProxy.java:370)
	at org.apache.ratis.server.impl.RaftServerProxy.appendEntries(RaftServerProxy.java:671)
	at org.apache.ratis.server.simulation.SimulatedServerRpc$1.handleRequest(SimulatedServerRpc.java:163)
	at org.apache.ratis.server.simulation.SimulatedServerRpc$1.handleRequest(SimulatedServerRpc.java:153)
	at org.apache.ratis.server.simulation.RequestHandler.handleRequest(RequestHandler.java:91)
	at org.apache.ratis.server.simulation.RequestHandler$HandlerDaemon.run(RequestHandler.java:125)
2024-12-25 19:03:44,514 WARN  leader.LogAppender (LogAppenderDefault.java:sendAppendEntriesWithRetries(85)) - s1@group-C582DB3833BD->s0-LogAppenderDefault: Failed to appendEntries (retry=0)
org.apache.ratis.protocol.exceptions.GroupMismatchException: s0: group-C582DB3833BD not found.
	at org.apache.ratis.server.impl.RaftServerProxy$ImplMap.get(RaftServerProxy.java:156)
	at org.apache.ratis.server.impl.RaftServerProxy.getImplFuture(RaftServerProxy.java:366)
	at org.apache.ratis.server.impl.RaftServerProxy.getImpl(RaftServerProxy.java:375)
	at org.apache.ratis.server.impl.RaftServerProxy.getImpl(RaftServerProxy.java:370)
	at org.apache.ratis.server.impl.RaftServerProxy.appendEntries(RaftServerProxy.java:671)
	at org.apache.ratis.server.simulation.SimulatedServerRpc$1.handleRequest(SimulatedServerRpc.java:163)
	at org.apache.ratis.server.simulation.SimulatedServerRpc$1.handleRequest(SimulatedServerRpc.java:153)
	at org.apache.ratis.server.simulation.RequestHandler.handleRequest(RequestHandler.java:91)
	at org.apache.ratis.server.simulation.RequestHandler$HandlerDaemon.run(RequestHandler.java:125)
2024-12-25 19:03:44,551 WARN  leader.LogAppender (LogAppenderDefault.java:sendAppendEntriesWithRetries(85)) - s1@group-C582DB3833BD->s10-LogAppenderDefault: Failed to appendEntries (retry=20)
org.apache.ratis.protocol.exceptions.GroupMismatchException: s10: group-C582DB3833BD not found.
	at org.apache.ratis.server.impl.RaftServerProxy$ImplMap.get(RaftServerProxy.java:156)
	at org.apache.ratis.server.impl.RaftServerProxy.getImplFuture(RaftServerProxy.java:366)
	at org.apache.ratis.server.impl.RaftServerProxy.getImpl(RaftServerProxy.java:375)
	at org.apache.ratis.server.impl.RaftServerProxy.getImpl(RaftServerProxy.java:370)
	at org.apache.ratis.server.impl.RaftServerProxy.appendEntries(RaftServerProxy.java:671)
	at org.apache.ratis.server.simulation.SimulatedServerRpc$1.handleRequest(SimulatedServerRpc.java:163)
	at org.apache.ratis.server.simulation.SimulatedServerRpc$1.handleRequest(SimulatedServerRpc.java:153)
	at org.apache.ratis.server.simulation.RequestHandler.handleRequest(RequestHandler.java:91)
	at org.apache.ratis.server.simulation.RequestHandler$HandlerDaemon.run(RequestHandler.java:125)
2024-12-25 19:03:44,590 WARN  leader.LogAppender (LogAppenderDefault.java:sendAppendEntriesWithRetries(85)) - s1@group-C582DB3833BD->s0-LogAppenderDefault: Failed to appendEntries (retry=0)
org.apache.ratis.protocol.exceptions.GroupMismatchException: s0: group-C582DB3833BD not found.
	at org.apache.ratis.server.impl.RaftServerProxy$ImplMap.get(RaftServerProxy.java:156)
	at org.apache.ratis.server.impl.RaftServerProxy.getImplFuture(RaftServerProxy.java:366)
	at org.apache.ratis.server.impl.RaftServerProxy.getImpl(RaftServerProxy.java:375)
	at org.apache.ratis.server.impl.RaftServerProxy.getImpl(RaftServerProxy.java:370)
	at org.apache.ratis.server.impl.RaftServerProxy.appendEntries(RaftServerProxy.java:671)
	at org.apache.ratis.server.simulation.SimulatedServerRpc$1.handleRequest(SimulatedServerRpc.java:163)
	at org.apache.ratis.server.simulation.SimulatedServerRpc$1.handleRequest(SimulatedServerRpc.java:153)
	at org.apache.ratis.server.simulation.RequestHandler.handleRequest(RequestHandler.java:91)
	at org.apache.ratis.server.simulation.RequestHandler$HandlerDaemon.run(RequestHandler.java:125)
2024-12-25 19:03:44,665 WARN  leader.LogAppender (LogAppenderDefault.java:sendAppendEntriesWithRetries(85)) - s1@group-C582DB3833BD->s0-LogAppenderDefault: Failed to appendEntries (retry=0)
org.apache.ratis.protocol.exceptions.GroupMismatchException: s0: group-C582DB3833BD not found.
	at org.apache.ratis.server.impl.RaftServerProxy$ImplMap.get(RaftServerProxy.java:156)
	at org.apache.ratis.server.impl.RaftServerProxy.getImplFuture(RaftServerProxy.java:366)
	at org.apache.ratis.server.impl.RaftServerProxy.getImpl(RaftServerProxy.java:375)
	at org.apache.ratis.server.impl.RaftServerProxy.getImpl(RaftServerProxy.java:370)
	at org.apache.ratis.server.impl.RaftServerProxy.appendEntries(RaftServerProxy.java:671)
	at org.apache.ratis.server.simulation.SimulatedServerRpc$1.handleRequest(SimulatedServerRpc.java:163)
	at org.apache.ratis.server.simulation.SimulatedServerRpc$1.handleRequest(SimulatedServerRpc.java:153)
	at org.apache.ratis.server.simulation.RequestHandler.handleRequest(RequestHandler.java:91)
	at org.apache.ratis.server.simulation.RequestHandler$HandlerDaemon.run(RequestHandler.java:125)
2024-12-25 19:03:44,741 WARN  leader.LogAppender (LogAppenderDefault.java:sendAppendEntriesWithRetries(85)) - s1@group-C582DB3833BD->s0-LogAppenderDefault: Failed to appendEntries (retry=0)
org.apache.ratis.protocol.exceptions.GroupMismatchException: s0: group-C582DB3833BD not found.
	at org.apache.ratis.server.impl.RaftServerProxy$ImplMap.get(RaftServerProxy.java:156)
	at org.apache.ratis.server.impl.RaftServerProxy.getImplFuture(RaftServerProxy.java:366)
	at org.apache.ratis.server.impl.RaftServerProxy.getImpl(RaftServerProxy.java:375)
	at org.apache.ratis.server.impl.RaftServerProxy.getImpl(RaftServerProxy.java:370)
	at org.apache.ratis.server.impl.RaftServerProxy.appendEntries(RaftServerProxy.java:671)
	at org.apache.ratis.server.simulation.SimulatedServerRpc$1.handleRequest(SimulatedServerRpc.java:163)
	at org.apache.ratis.server.simulation.SimulatedServerRpc$1.handleRequest(SimulatedServerRpc.java:153)
	at org.apache.ratis.server.simulation.RequestHandler.handleRequest(RequestHandler.java:91)
	at org.apache.ratis.server.simulation.RequestHandler$HandlerDaemon.run(RequestHandler.java:125)
2024-12-25 19:03:44,804 WARN  leader.LogAppender (LogAppenderDefault.java:sendAppendEntriesWithRetries(85)) - s1@group-C582DB3833BD->s10-LogAppenderDefault: Failed to appendEntries (retry=30)
org.apache.ratis.protocol.exceptions.GroupMismatchException: s10: group-C582DB3833BD not found.
	at org.apache.ratis.server.impl.RaftServerProxy$ImplMap.get(RaftServerProxy.java:156)
	at org.apache.ratis.server.impl.RaftServerProxy.getImplFuture(RaftServerProxy.java:366)
	at org.apache.ratis.server.impl.RaftServerProxy.getImpl(RaftServerProxy.java:375)
	at org.apache.ratis.server.impl.RaftServerProxy.getImpl(RaftServerProxy.java:370)
	at org.apache.ratis.server.impl.RaftServerProxy.appendEntries(RaftServerProxy.java:671)
	at org.apache.ratis.server.simulation.SimulatedServerRpc$1.handleRequest(SimulatedServerRpc.java:163)
	at org.apache.ratis.server.simulation.SimulatedServerRpc$1.handleRequest(SimulatedServerRpc.java:153)
	at org.apache.ratis.server.simulation.RequestHandler.handleRequest(RequestHandler.java:91)
	at org.apache.ratis.server.simulation.RequestHandler$HandlerDaemon.run(RequestHandler.java:125)
2024-12-25 19:03:44,817 WARN  leader.LogAppender (LogAppenderDefault.java:sendAppendEntriesWithRetries(85)) - s1@group-C582DB3833BD->s0-LogAppenderDefault: Failed to appendEntries (retry=0)
org.apache.ratis.protocol.exceptions.GroupMismatchException: s0: group-C582DB3833BD not found.
	at org.apache.ratis.server.impl.RaftServerProxy$ImplMap.get(RaftServerProxy.java:156)
	at org.apache.ratis.server.impl.RaftServerProxy.getImplFuture(RaftServerProxy.java:366)
	at org.apache.ratis.server.impl.RaftServerProxy.getImpl(RaftServerProxy.java:375)
	at org.apache.ratis.server.impl.RaftServerProxy.getImpl(RaftServerProxy.java:370)
	at org.apache.ratis.server.impl.RaftServerProxy.appendEntries(RaftServerProxy.java:671)
	at org.apache.ratis.server.simulation.SimulatedServerRpc$1.handleRequest(SimulatedServerRpc.java:163)
	at org.apache.ratis.server.simulation.SimulatedServerRpc$1.handleRequest(SimulatedServerRpc.java:153)
	at org.apache.ratis.server.simulation.RequestHandler.handleRequest(RequestHandler.java:91)
	at org.apache.ratis.server.simulation.RequestHandler$HandlerDaemon.run(RequestHandler.java:125)
2024-12-25 19:03:44,893 WARN  leader.LogAppender (LogAppenderDefault.java:sendAppendEntriesWithRetries(85)) - s1@group-C582DB3833BD->s0-LogAppenderDefault: Failed to appendEntries (retry=0)
org.apache.ratis.protocol.exceptions.GroupMismatchException: s0: group-C582DB3833BD not found.
	at org.apache.ratis.server.impl.RaftServerProxy$ImplMap.get(RaftServerProxy.java:156)
	at org.apache.ratis.server.impl.RaftServerProxy.getImplFuture(RaftServerProxy.java:366)
	at org.apache.ratis.server.impl.RaftServerProxy.getImpl(RaftServerProxy.java:375)
	at org.apache.ratis.server.impl.RaftServerProxy.getImpl(RaftServerProxy.java:370)
	at org.apache.ratis.server.impl.RaftServerProxy.appendEntries(RaftServerProxy.java:671)
	at org.apache.ratis.server.simulation.SimulatedServerRpc$1.handleRequest(SimulatedServerRpc.java:163)
	at org.apache.ratis.server.simulation.SimulatedServerRpc$1.handleRequest(SimulatedServerRpc.java:153)
	at org.apache.ratis.server.simulation.RequestHandler.handleRequest(RequestHandler.java:91)
	at org.apache.ratis.server.simulation.RequestHandler$HandlerDaemon.run(RequestHandler.java:125)
2024-12-25 19:03:44,968 WARN  leader.LogAppender (LogAppenderDefault.java:sendAppendEntriesWithRetries(85)) - s1@group-C582DB3833BD->s0-LogAppenderDefault: Failed to appendEntries (retry=0)
org.apache.ratis.protocol.exceptions.GroupMismatchException: s0: group-C582DB3833BD not found.
	at org.apache.ratis.server.impl.RaftServerProxy$ImplMap.get(RaftServerProxy.java:156)
	at org.apache.ratis.server.impl.RaftServerProxy.getImplFuture(RaftServerProxy.java:366)
	at org.apache.ratis.server.impl.RaftServerProxy.getImpl(RaftServerProxy.java:375)
	at org.apache.ratis.server.impl.RaftServerProxy.getImpl(RaftServerProxy.java:370)
	at org.apache.ratis.server.impl.RaftServerProxy.appendEntries(RaftServerProxy.java:671)
	at org.apache.ratis.server.simulation.SimulatedServerRpc$1.handleRequest(SimulatedServerRpc.java:163)
	at org.apache.ratis.server.simulation.SimulatedServerRpc$1.handleRequest(SimulatedServerRpc.java:153)
	at org.apache.ratis.server.simulation.RequestHandler.handleRequest(RequestHandler.java:91)
	at org.apache.ratis.server.simulation.RequestHandler$HandlerDaemon.run(RequestHandler.java:125)
2024-12-25 19:03:45,044 WARN  leader.LogAppender (LogAppenderDefault.java:sendAppendEntriesWithRetries(85)) - s1@group-C582DB3833BD->s0-LogAppenderDefault: Failed to appendEntries (retry=0)
org.apache.ratis.protocol.exceptions.GroupMismatchException: s0: group-C582DB3833BD not found.
	at org.apache.ratis.server.impl.RaftServerProxy$ImplMap.get(RaftServerProxy.java:156)
	at org.apache.ratis.server.impl.RaftServerProxy.getImplFuture(RaftServerProxy.java:366)
	at org.apache.ratis.server.impl.RaftServerProxy.getImpl(RaftServerProxy.java:375)
	at org.apache.ratis.server.impl.RaftServerProxy.getImpl(RaftServerProxy.java:370)
	at org.apache.ratis.server.impl.RaftServerProxy.appendEntries(RaftServerProxy.java:671)
	at org.apache.ratis.server.simulation.SimulatedServerRpc$1.handleRequest(SimulatedServerRpc.java:163)
	at org.apache.ratis.server.simulation.SimulatedServerRpc$1.handleRequest(SimulatedServerRpc.java:153)
	at org.apache.ratis.server.simulation.RequestHandler.handleRequest(RequestHandler.java:91)
	at org.apache.ratis.server.simulation.RequestHandler$HandlerDaemon.run(RequestHandler.java:125)
2024-12-25 19:03:45,056 WARN  leader.LogAppender (LogAppenderDefault.java:sendAppendEntriesWithRetries(85)) - s1@group-C582DB3833BD->s10-LogAppenderDefault: Failed to appendEntries (retry=40)
org.apache.ratis.protocol.exceptions.GroupMismatchException: s10: group-C582DB3833BD not found.
	at org.apache.ratis.server.impl.RaftServerProxy$ImplMap.get(RaftServerProxy.java:156)
	at org.apache.ratis.server.impl.RaftServerProxy.getImplFuture(RaftServerProxy.java:366)
	at org.apache.ratis.server.impl.RaftServerProxy.getImpl(RaftServerProxy.java:375)
	at org.apache.ratis.server.impl.RaftServerProxy.getImpl(RaftServerProxy.java:370)
	at org.apache.ratis.server.impl.RaftServerProxy.appendEntries(RaftServerProxy.java:671)
	at org.apache.ratis.server.simulation.SimulatedServerRpc$1.handleRequest(SimulatedServerRpc.java:163)
	at org.apache.ratis.server.simulation.SimulatedServerRpc$1.handleRequest(SimulatedServerRpc.java:153)
	at org.apache.ratis.server.simulation.RequestHandler.handleRequest(RequestHandler.java:91)
	at org.apache.ratis.server.simulation.RequestHandler$HandlerDaemon.run(RequestHandler.java:125)
2024-12-25 19:03:45,064 INFO  segmented.SegmentedRaftLogWorker (SegmentedRaftLogWorker.java:close(254)) - s0@group-C582DB3833BD-SegmentedRaftLogWorker close()
2024-12-25 19:03:45,064 INFO  raftlog.RaftLog (SegmentedRaftLog.java:close(576)) - Successfully closed s0@group-C582DB3833BD-SegmentedRaftLog:CLOSED:c122
2024-12-25 19:03:45,065 TRACE util.FileUtils (FileUtils.java:deleteFully(307)) - deleteFully /home/runner/work/ratis/ratis/ratis-examples/target/test/data/6cc16ceb/MiniRaftClusterWithSimulatedRpc6b18c296/s0/5ea2de93-0763-4c70-a68e-c582db3833bd
2024-12-25 19:03:45,065 TRACE util.FileUtils (LogUtils.java:runAndLog(49)) - Successfully ran Files.delete /home/runner/work/ratis/ratis/ratis-examples/target/test/data/6cc16ceb/MiniRaftClusterWithSimulatedRpc6b18c296/s0/5ea2de93-0763-4c70-a68e-c582db3833bd/current/log_0-120
2024-12-25 19:03:45,065 TRACE util.FileUtils (LogUtils.java:runAndLog(49)) - Successfully ran Files.delete /home/runner/work/ratis/ratis/ratis-examples/target/test/data/6cc16ceb/MiniRaftClusterWithSimulatedRpc6b18c296/s0/5ea2de93-0763-4c70-a68e-c582db3833bd/current/log_inprogress_121
2024-12-25 19:03:45,065 TRACE util.FileUtils (LogUtils.java:runAndLog(49)) - Successfully ran Files.delete /home/runner/work/ratis/ratis/ratis-examples/target/test/data/6cc16ceb/MiniRaftClusterWithSimulatedRpc6b18c296/s0/5ea2de93-0763-4c70-a68e-c582db3833bd/current/raft-meta.conf
2024-12-25 19:03:45,065 TRACE util.FileUtils (LogUtils.java:runAndLog(49)) - Successfully ran Files.delete /home/runner/work/ratis/ratis/ratis-examples/target/test/data/6cc16ceb/MiniRaftClusterWithSimulatedRpc6b18c296/s0/5ea2de93-0763-4c70-a68e-c582db3833bd/current/raft-meta
2024-12-25 19:03:45,065 TRACE util.FileUtils (LogUtils.java:runAndLog(49)) - Successfully ran Files.delete /home/runner/work/ratis/ratis/ratis-examples/target/test/data/6cc16ceb/MiniRaftClusterWithSimulatedRpc6b18c296/s0/5ea2de93-0763-4c70-a68e-c582db3833bd/current
2024-12-25 19:03:45,065 TRACE util.FileUtils (LogUtils.java:runAndLog(49)) - Successfully ran Files.delete /home/runner/work/ratis/ratis/ratis-examples/target/test/data/6cc16ceb/MiniRaftClusterWithSimulatedRpc6b18c296/s0/5ea2de93-0763-4c70-a68e-c582db3833bd/in_use.lock
2024-12-25 19:03:45,065 TRACE util.FileUtils (LogUtils.java:runAndLog(49)) - Successfully ran Files.delete /home/runner/work/ratis/ratis/ratis-examples/target/test/data/6cc16ceb/MiniRaftClusterWithSimulatedRpc6b18c296/s0/5ea2de93-0763-4c70-a68e-c582db3833bd/sm
2024-12-25 19:03:45,066 TRACE util.FileUtils (LogUtils.java:runAndLog(49)) - Successfully ran Files.delete /home/runner/work/ratis/ratis/ratis-examples/target/test/data/6cc16ceb/MiniRaftClusterWithSimulatedRpc6b18c296/s0/5ea2de93-0763-4c70-a68e-c582db3833bd
2024-12-25 19:03:45,066 INFO  server.RaftServer$Division (RaftServerImpl.java:groupRemove(484)) - s0@group-C582DB3833BD: Succeed to remove RaftStorageDirectory Storage Directory /home/runner/work/ratis/ratis/ratis-examples/target/test/data/6cc16ceb/MiniRaftClusterWithSimulatedRpc6b18c296/s0/5ea2de93-0763-4c70-a68e-c582db3833bd
2024-12-25 19:03:45,066 INFO  server.RaftServer (RaftServerProxy.java:remove(112)) - s1: remove    LEADER s1@group-C582DB3833BD:t2, leader=s1, voted=s1, raftlog=Memoized:s1@group-C582DB3833BD-SegmentedRaftLog:OPENED:c122:last(t:2, i:122), conf=conf: {index: 121, cur=peers:[s10|, s0|, s1|]|listeners:[], old=null} RUNNING
2024-12-25 19:03:45,067 INFO  server.RaftServer$Division (RaftServerImpl.java:lambda$close$1(514)) - s1@group-C582DB3833BD: shutdown
2024-12-25 19:03:45,067 INFO  util.JmxRegister (JmxRegister.java:unregister(74)) - Successfully un-registered JMX Bean with object name Ratis:service=RaftServer,group=group-C582DB3833BD,id=s1
2024-12-25 19:03:45,067 INFO  impl.RoleInfo (RoleInfo.java:shutdownLeaderState(103)) - s1: shutdown s1@group-C582DB3833BD-LeaderStateImpl
2024-12-25 19:03:45,067 INFO  impl.PendingRequests (PendingRequests.java:sendNotLeaderResponses(287)) - s1@group-C582DB3833BD-PendingRequests: sendNotLeaderResponses
2024-12-25 19:03:45,069 INFO  leader.LogAppenderDaemon (LogAppenderDaemon.java:run(85)) - s1@group-C582DB3833BD->s10-LogAppenderDefault-LogAppenderDaemon was interrupted: java.lang.InterruptedException: sleep interrupted
2024-12-25 19:03:45,069 INFO  leader.LogAppenderDaemon (LogAppenderDaemon.java:run(85)) - s1@group-C582DB3833BD->s0-LogAppenderDefault-LogAppenderDaemon was interrupted: java.lang.InterruptedException: sleep interrupted
2024-12-25 19:03:45,070 INFO  impl.StateMachineUpdater (StateMachineUpdater.java:stopAndJoin(164)) - s1@group-C582DB3833BD-StateMachineUpdater: set stopIndex = 122
2024-12-25 19:03:45,070 INFO  impl.StateMachineUpdater (StateMachineUpdater.java:stop(141)) - s1@group-C582DB3833BD-StateMachineUpdater: closing ArithmeticStateMachine, lastApplied=(t:2, i:122)
2024-12-25 19:03:45,071 INFO  raftlog.RaftLog (SegmentedRaftLog.java:close(568)) - Start closing s1@group-C582DB3833BD-SegmentedRaftLog:OPENED:c122:last(t:2, i:122)
2024-12-25 19:03:45,071 INFO  util.AwaitToRun (AwaitToRun.java:run(49)) - s1@group-C582DB3833BD-cacheEviction-AwaitToRun-AwaitForSignal is interrupted
2024-12-25 19:03:45,071 INFO  segmented.LogSegment (LogSegment.java:close(353)) - Successfully closed EntryCache-log_inprogress_121
2024-12-25 19:03:45,071 INFO  segmented.LogSegment (LogSegment.java:close(353)) - Successfully closed EntryCache-log-0_120
2024-12-25 19:03:46,063 INFO  segmented.SegmentedRaftLogWorker (SegmentedRaftLogWorker.java:close(254)) - s1@group-C582DB3833BD-SegmentedRaftLogWorker close()
2024-12-25 19:03:46,064 INFO  raftlog.RaftLog (SegmentedRaftLog.java:close(576)) - Successfully closed s1@group-C582DB3833BD-SegmentedRaftLog:CLOSED:c122
2024-12-25 19:03:46,064 TRACE util.FileUtils (FileUtils.java:deleteFully(307)) - deleteFully /home/runner/work/ratis/ratis/ratis-examples/target/test/data/6cc16ceb/MiniRaftClusterWithSimulatedRpc6b18c296/s1/5ea2de93-0763-4c70-a68e-c582db3833bd
2024-12-25 19:03:46,064 TRACE util.FileUtils (LogUtils.java:runAndLog(49)) - Successfully ran Files.delete /home/runner/work/ratis/ratis/ratis-examples/target/test/data/6cc16ceb/MiniRaftClusterWithSimulatedRpc6b18c296/s1/5ea2de93-0763-4c70-a68e-c582db3833bd/current/log_0-120
2024-12-25 19:03:46,065 TRACE util.FileUtils (LogUtils.java:runAndLog(49)) - Successfully ran Files.delete /home/runner/work/ratis/ratis/ratis-examples/target/test/data/6cc16ceb/MiniRaftClusterWithSimulatedRpc6b18c296/s1/5ea2de93-0763-4c70-a68e-c582db3833bd/current/log_inprogress_121
2024-12-25 19:03:46,065 TRACE util.FileUtils (LogUtils.java:runAndLog(49)) - Successfully ran Files.delete /home/runner/work/ratis/ratis/ratis-examples/target/test/data/6cc16ceb/MiniRaftClusterWithSimulatedRpc6b18c296/s1/5ea2de93-0763-4c70-a68e-c582db3833bd/current/raft-meta.conf
2024-12-25 19:03:46,065 TRACE util.FileUtils (LogUtils.java:runAndLog(49)) - Successfully ran Files.delete /home/runner/work/ratis/ratis/ratis-examples/target/test/data/6cc16ceb/MiniRaftClusterWithSimulatedRpc6b18c296/s1/5ea2de93-0763-4c70-a68e-c582db3833bd/current/raft-meta
2024-12-25 19:03:46,065 TRACE util.FileUtils (LogUtils.java:runAndLog(49)) - Successfully ran Files.delete /home/runner/work/ratis/ratis/ratis-examples/target/test/data/6cc16ceb/MiniRaftClusterWithSimulatedRpc6b18c296/s1/5ea2de93-0763-4c70-a68e-c582db3833bd/current
2024-12-25 19:03:46,065 TRACE util.FileUtils (LogUtils.java:runAndLog(49)) - Successfully ran Files.delete /home/runner/work/ratis/ratis/ratis-examples/target/test/data/6cc16ceb/MiniRaftClusterWithSimulatedRpc6b18c296/s1/5ea2de93-0763-4c70-a68e-c582db3833bd/in_use.lock
2024-12-25 19:03:46,065 TRACE util.FileUtils (LogUtils.java:runAndLog(49)) - Successfully ran Files.delete /home/runner/work/ratis/ratis/ratis-examples/target/test/data/6cc16ceb/MiniRaftClusterWithSimulatedRpc6b18c296/s1/5ea2de93-0763-4c70-a68e-c582db3833bd/sm
2024-12-25 19:03:46,065 TRACE util.FileUtils (LogUtils.java:runAndLog(49)) - Successfully ran Files.delete /home/runner/work/ratis/ratis/ratis-examples/target/test/data/6cc16ceb/MiniRaftClusterWithSimulatedRpc6b18c296/s1/5ea2de93-0763-4c70-a68e-c582db3833bd
2024-12-25 19:03:46,065 INFO  server.RaftServer$Division (RaftServerImpl.java:groupRemove(484)) - s1@group-C582DB3833BD: Succeed to remove RaftStorageDirectory Storage Directory /home/runner/work/ratis/ratis/ratis-examples/target/test/data/6cc16ceb/MiniRaftClusterWithSimulatedRpc6b18c296/s1/5ea2de93-0763-4c70-a68e-c582db3833bd
2024-12-25 19:03:46,066 INFO  impl.GroupManagementBaseTest (GroupManagementBaseTest.java:runMultiGroupTest(299)) - 1) close printing group-BDA5E59D7A17
  s11:  RUNNING [
   FOLLOWER s11@group-6AB839334A82:t0, leader=null, voted=, raftlog=Memoized:s11@group-6AB839334A82-SegmentedRaftLog:OPENED:c-1:lastnull, conf=conf: {index: -1, cur=peers:[]|listeners:[], old=null} STARTING
     LEADER s11@group-BDA5E59D7A17:t1, leader=s11, voted=s11, raftlog=Memoized:s11@group-BDA5E59D7A17-SegmentedRaftLog:OPENED:c120:last(t:1, i:120), conf=conf: {index: 0, cur=peers:[s11, s13, s12]|listeners:[], old=null} RUNNING] size=2
  s13:  RUNNING [
   FOLLOWER s13@group-6AB839334A82:t0, leader=null, voted=, raftlog=Memoized:s13@group-6AB839334A82-SegmentedRaftLog:OPENED:c-1:lastnull, conf=conf: {index: -1, cur=peers:[]|listeners:[], old=null} STARTING
   FOLLOWER s13@group-BDA5E59D7A17:t1, leader=s11, voted=s11, raftlog=Memoized:s13@group-BDA5E59D7A17-SegmentedRaftLog:OPENED:c120:last(t:1, i:120), conf=conf: {index: 0, cur=peers:[s11|, s13|, s12|]|listeners:[], old=null} RUNNING] size=2
  s12:  RUNNING [
   FOLLOWER s12@group-6AB839334A82:t0, leader=null, voted=, raftlog=Memoized:s12@group-6AB839334A82-SegmentedRaftLog:OPENED:c-1:lastnull, conf=conf: {index: -1, cur=peers:[]|listeners:[], old=null} STARTING
   FOLLOWER s12@group-BDA5E59D7A17:t1, leader=s11, voted=s11, raftlog=Memoized:s12@group-BDA5E59D7A17-SegmentedRaftLog:OPENED:c120:last(t:1, i:120), conf=conf: {index: 0, cur=peers:[s11|, s13|, s12|]|listeners:[], old=null} RUNNING] size=2
2024-12-25 19:03:46,066 INFO  server.RaftServer (RaftServerProxy.java:remove(112)) - s11: remove    LEADER s11@group-BDA5E59D7A17:t1, leader=s11, voted=s11, raftlog=Memoized:s11@group-BDA5E59D7A17-SegmentedRaftLog:OPENED:c120:last(t:1, i:120), conf=conf: {index: 0, cur=peers:[s11, s13, s12]|listeners:[], old=null} RUNNING
2024-12-25 19:03:46,066 INFO  server.RaftServer$Division (RaftServerImpl.java:lambda$close$1(514)) - s11@group-BDA5E59D7A17: shutdown
2024-12-25 19:03:46,067 INFO  util.JmxRegister (JmxRegister.java:unregister(74)) - Successfully un-registered JMX Bean with object name Ratis:service=RaftServer,group=group-BDA5E59D7A17,id=s11
2024-12-25 19:03:46,067 INFO  impl.RoleInfo (RoleInfo.java:shutdownLeaderState(103)) - s11: shutdown s11@group-BDA5E59D7A17-LeaderStateImpl
2024-12-25 19:03:46,067 INFO  leader.LogAppenderDaemon (LogAppenderDaemon.java:run(85)) - s11@group-BDA5E59D7A17->s12-LogAppenderDefault-LogAppenderDaemon was interrupted: java.lang.InterruptedException
2024-12-25 19:03:46,067 INFO  impl.PendingRequests (PendingRequests.java:sendNotLeaderResponses(287)) - s11@group-BDA5E59D7A17-PendingRequests: sendNotLeaderResponses
2024-12-25 19:03:46,067 INFO  leader.LogAppenderDaemon (LogAppenderDaemon.java:run(85)) - s11@group-BDA5E59D7A17->s13-LogAppenderDefault-LogAppenderDaemon was interrupted: java.lang.InterruptedException
2024-12-25 19:03:46,068 INFO  impl.StateMachineUpdater (StateMachineUpdater.java:stopAndJoin(164)) - s11@group-BDA5E59D7A17-StateMachineUpdater: set stopIndex = 120
2024-12-25 19:03:46,068 INFO  impl.StateMachineUpdater (StateMachineUpdater.java:stop(141)) - s11@group-BDA5E59D7A17-StateMachineUpdater: closing ArithmeticStateMachine, lastApplied=(t:1, i:120)
2024-12-25 19:03:46,068 INFO  raftlog.RaftLog (SegmentedRaftLog.java:close(568)) - Start closing s11@group-BDA5E59D7A17-SegmentedRaftLog:OPENED:c120:last(t:1, i:120)
2024-12-25 19:03:46,068 INFO  util.AwaitToRun (AwaitToRun.java:run(49)) - s11@group-BDA5E59D7A17-cacheEviction-AwaitToRun-AwaitForSignal is interrupted
2024-12-25 19:03:46,068 INFO  segmented.LogSegment (LogSegment.java:close(353)) - Successfully closed EntryCache-log_inprogress_0
2024-12-25 19:03:46,309 INFO  impl.FollowerState (FollowerState.java:runImpl(161)) - s12@group-BDA5E59D7A17-FollowerState: change to CANDIDATE, lastRpcElapsedTime:390160096ns, electionTimeout:343ms
2024-12-25 19:03:46,309 INFO  impl.RoleInfo (RoleInfo.java:shutdownFollowerState(121)) - s12: shutdown s12@group-BDA5E59D7A17-FollowerState
2024-12-25 19:03:46,309 INFO  server.RaftServer$Division (RaftServerImpl.java:setRole(379)) - s12@group-BDA5E59D7A17: changes role from  FOLLOWER to CANDIDATE at term 1 for changeToCandidate
2024-12-25 19:03:46,309 INFO  server.RaftServerConfigKeys (ConfUtils.java:logGet(46)) - raft.server.leaderelection.pre-vote = true (default)
2024-12-25 19:03:46,309 INFO  impl.RoleInfo (RoleInfo.java:updateAndGet(148)) - s12: start s12@group-BDA5E59D7A17-LeaderElection7
2024-12-25 19:03:46,309 INFO  server.RaftServer$Division (ServerState.java:setLeader(272)) - s12@group-BDA5E59D7A17: change Leader from s11 to null at term 1 for PRE_VOTE
2024-12-25 19:03:46,309 INFO  impl.LeaderElection (LeaderElection.java:askForVotes(332)) - s12@group-BDA5E59D7A17-LeaderElection7 PRE_VOTE round 0: submit vote requests at term 1 for conf: {index: 0, cur=peers:[s11|, s13|, s12|]|listeners:[], old=null}
2024-12-25 19:03:46,310 INFO  impl.LeaderElection (LogUtils.java:infoOrTrace(142)) - s12@group-BDA5E59D7A17-LeaderElection7 got exception when requesting votes: java.util.concurrent.ExecutionException: org.apache.ratis.protocol.exceptions.GroupMismatchException: s11: group-BDA5E59D7A17 not found.
2024-12-25 19:03:46,310 INFO  server.RaftServer$Division (RaftServerImpl.java:requestVote(1459)) - s13@group-BDA5E59D7A17: receive requestVote(PRE_VOTE, s12, group-BDA5E59D7A17, 1, (t:1, i:120))
2024-12-25 19:03:46,310 INFO  impl.VoteContext (VoteContext.java:log(49)) - s13@group-BDA5E59D7A17-FOLLOWER: accept PRE_VOTE from s12: our priority 0 <= candidate's priority 0
2024-12-25 19:03:46,310 INFO  server.RaftServer$Division (RaftServerImpl.java:requestVote(1493)) - s13@group-BDA5E59D7A17 replies to PRE_VOTE vote request: s12<-s13#0:OK-t1. Peer's state: s13@group-BDA5E59D7A17:t1, leader=s11, voted=s11, raftlog=Memoized:s13@group-BDA5E59D7A17-SegmentedRaftLog:OPENED:c120:last(t:1, i:120), conf=conf: {index: 0, cur=peers:[s11|, s13|, s12|]|listeners:[], old=null}
2024-12-25 19:03:46,310 INFO  impl.LeaderElection (LeaderElection.java:logAndReturn(90)) - s12@group-BDA5E59D7A17-LeaderElection7: PRE_VOTE PASSED received 1 response(s) and 1 exception(s):
2024-12-25 19:03:46,310 INFO  impl.LeaderElection (LeaderElection.java:logAndReturn(94)) -   Response 0: s12<-s13#0:OK-t1
2024-12-25 19:03:46,310 INFO  impl.LeaderElection (LogUtils.java:infoOrTrace(142)) -   Exception 1: java.util.concurrent.ExecutionException: org.apache.ratis.protocol.exceptions.GroupMismatchException: s11: group-BDA5E59D7A17 not found.
2024-12-25 19:03:46,310 INFO  impl.LeaderElection (LeaderElection.java:askForVotes(334)) - s12@group-BDA5E59D7A17-LeaderElection7 PRE_VOTE round 0: result PASSED
2024-12-25 19:03:46,311 TRACE util.FileUtils (LogUtils.java:supplyAndLog(69)) - Successfully supplied FileChannel.open /home/runner/work/ratis/ratis/ratis-examples/target/test/data/6cc16ceb/MiniRaftClusterWithSimulatedRpc6b18c296/s12/72d3493e-e61a-48e9-b0da-bda5e59d7a17/current/raft-meta.tmp with options [CREATE, WRITE]: sun.nio.ch.FileChannelImpl@650e0d00
2024-12-25 19:03:46,312 TRACE util.FileUtils (LogUtils.java:runAndLog(49)) - Successfully ran Atomic Files.move /home/runner/work/ratis/ratis/ratis-examples/target/test/data/6cc16ceb/MiniRaftClusterWithSimulatedRpc6b18c296/s12/72d3493e-e61a-48e9-b0da-bda5e59d7a17/current/raft-meta.tmp to /home/runner/work/ratis/ratis/ratis-examples/target/test/data/6cc16ceb/MiniRaftClusterWithSimulatedRpc6b18c296/s12/72d3493e-e61a-48e9-b0da-bda5e59d7a17/current/raft-meta with options [REPLACE_EXISTING]
2024-12-25 19:03:46,312 INFO  impl.LeaderElection (LeaderElection.java:askForVotes(332)) - s12@group-BDA5E59D7A17-LeaderElection7 ELECTION round 0: submit vote requests at term 2 for conf: {index: 0, cur=peers:[s11|, s13|, s12|]|listeners:[], old=null}
2024-12-25 19:03:46,317 INFO  server.RaftServer$Division (RaftServerImpl.java:requestVote(1459)) - s13@group-BDA5E59D7A17: receive requestVote(ELECTION, s12, group-BDA5E59D7A17, 2, (t:1, i:120))
2024-12-25 19:03:46,317 INFO  impl.LeaderElection (LogUtils.java:infoOrTrace(142)) - s12@group-BDA5E59D7A17-LeaderElection7 got exception when requesting votes: java.util.concurrent.ExecutionException: org.apache.ratis.protocol.exceptions.GroupMismatchException: s11: group-BDA5E59D7A17 not found.
2024-12-25 19:03:46,317 INFO  impl.VoteContext (VoteContext.java:log(49)) - s13@group-BDA5E59D7A17-FOLLOWER: accept ELECTION from s12: our priority 0 <= candidate's priority 0
2024-12-25 19:03:46,317 INFO  server.RaftServer$Division (RaftServerImpl.java:setRole(379)) - s13@group-BDA5E59D7A17: changes role from  FOLLOWER to FOLLOWER at term 1 for candidate:s12
2024-12-25 19:03:46,317 INFO  impl.RoleInfo (RoleInfo.java:shutdownFollowerState(121)) - s13: shutdown s13@group-BDA5E59D7A17-FollowerState
2024-12-25 19:03:46,317 INFO  server.RaftServer$Division (ServerState.java:setLeader(272)) - s13@group-BDA5E59D7A17: change Leader from s11 to null at term 2 for updateCurrentTerm
2024-12-25 19:03:46,317 INFO  impl.FollowerState (FollowerState.java:runImpl(170)) - s13@group-BDA5E59D7A17-FollowerState was interrupted
2024-12-25 19:03:46,317 INFO  impl.RoleInfo (RoleInfo.java:updateAndGet(148)) - s13: start s13@group-BDA5E59D7A17-FollowerState
2024-12-25 19:03:46,318 TRACE util.FileUtils (LogUtils.java:supplyAndLog(69)) - Successfully supplied FileChannel.open /home/runner/work/ratis/ratis/ratis-examples/target/test/data/6cc16ceb/MiniRaftClusterWithSimulatedRpc6b18c296/s13/72d3493e-e61a-48e9-b0da-bda5e59d7a17/current/raft-meta.tmp with options [CREATE, WRITE]: sun.nio.ch.FileChannelImpl@a05e445
2024-12-25 19:03:46,320 TRACE util.FileUtils (LogUtils.java:runAndLog(49)) - Successfully ran Atomic Files.move /home/runner/work/ratis/ratis/ratis-examples/target/test/data/6cc16ceb/MiniRaftClusterWithSimulatedRpc6b18c296/s13/72d3493e-e61a-48e9-b0da-bda5e59d7a17/current/raft-meta.tmp to /home/runner/work/ratis/ratis/ratis-examples/target/test/data/6cc16ceb/MiniRaftClusterWithSimulatedRpc6b18c296/s13/72d3493e-e61a-48e9-b0da-bda5e59d7a17/current/raft-meta with options [REPLACE_EXISTING]
2024-12-25 19:03:46,320 INFO  server.RaftServer$Division (RaftServerImpl.java:requestVote(1493)) - s13@group-BDA5E59D7A17 replies to ELECTION vote request: s12<-s13#0:OK-t2. Peer's state: s13@group-BDA5E59D7A17:t2, leader=null, voted=s12, raftlog=Memoized:s13@group-BDA5E59D7A17-SegmentedRaftLog:OPENED:c120:last(t:1, i:120), conf=conf: {index: 0, cur=peers:[s11|, s13|, s12|]|listeners:[], old=null}
2024-12-25 19:03:46,320 INFO  impl.LeaderElection (LeaderElection.java:logAndReturn(90)) - s12@group-BDA5E59D7A17-LeaderElection7: ELECTION PASSED received 1 response(s) and 1 exception(s):
2024-12-25 19:03:46,320 INFO  impl.LeaderElection (LeaderElection.java:logAndReturn(94)) -   Response 0: s12<-s13#0:OK-t2
2024-12-25 19:03:46,320 INFO  impl.LeaderElection (LogUtils.java:infoOrTrace(142)) -   Exception 1: java.util.concurrent.ExecutionException: org.apache.ratis.protocol.exceptions.GroupMismatchException: s11: group-BDA5E59D7A17 not found.
2024-12-25 19:03:46,320 INFO  impl.LeaderElection (LeaderElection.java:askForVotes(334)) - s12@group-BDA5E59D7A17-LeaderElection7 ELECTION round 0: result PASSED
2024-12-25 19:03:46,320 INFO  impl.RoleInfo (RoleInfo.java:shutdownLeaderElection(141)) - s12: shutdown s12@group-BDA5E59D7A17-LeaderElection7
2024-12-25 19:03:46,320 INFO  server.RaftServer$Division (RaftServerImpl.java:setRole(379)) - s12@group-BDA5E59D7A17: changes role from CANDIDATE to LEADER at term 2 for changeToLeader
2024-12-25 19:03:46,320 INFO  server.RaftServerConfigKeys (ConfUtils.java:logGet(46)) - raft.server.staging.catchup.gap = 1000 (default)
2024-12-25 19:03:46,321 INFO  server.RaftServerConfigKeys (ConfUtils.java:logGet(46)) - raft.server.write.element-limit = 4096 (default)
2024-12-25 19:03:46,321 INFO  server.RaftServerConfigKeys (ConfUtils.java:logGet(46)) - raft.server.write.byte-limit = 64MB (=67108864) (default)
2024-12-25 19:03:46,321 INFO  server.RaftServerConfigKeys (ConfUtils.java:logGet(46)) - raft.server.watch.timeout = 10s (default)
2024-12-25 19:03:46,321 INFO  server.RaftServerConfigKeys (ConfUtils.java:logGet(46)) - raft.server.watch.timeout.denomination = 1s (default)
2024-12-25 19:03:46,321 INFO  server.RaftServerConfigKeys (ConfUtils.java:logGet(46)) - raft.server.watch.element-limit = 65536 (default)
2024-12-25 19:03:46,321 INFO  server.RaftServerConfigKeys (ConfUtils.java:logGet(46)) - raft.server.read.leader.lease.enabled = false (default)
2024-12-25 19:03:46,321 INFO  server.RaftServerConfigKeys (ConfUtils.java:logGet(46)) - raft.server.read.leader.lease.timeout.ratio = 0.9 (default)
2024-12-25 19:03:46,321 INFO  server.RaftServerConfigKeys (ConfUtils.java:logGet(46)) - raft.server.rpc.timeout.min = 300ms (custom)
2024-12-25 19:03:46,321 INFO  server.RaftServerConfigKeys (ConfUtils.java:logGet(46)) - raft.server.log.log-metadata.enabled = true (default)
2024-12-25 19:03:46,321 INFO  server.RaftServerConfigKeys (ConfUtils.java:logGet(46)) - raft.server.write.element-limit = 4096 (default)
2024-12-25 19:03:46,321 INFO  server.RaftServerConfigKeys (ConfUtils.java:logGet(46)) - raft.server.write.follower.gap.ratio.max = -1.0 (default)
2024-12-25 19:03:46,322 INFO  server.RaftServerConfigKeys (ConfUtils.java:logGet(46)) - raft.server.log.appender.snapshot.chunk.size.max = 16MB (=16777216) (default)
2024-12-25 19:03:46,322 INFO  server.RaftServerConfigKeys (ConfUtils.java:logGet(46)) - raft.server.log.appender.buffer.byte-limit = 4MB (=4194304) (default)
2024-12-25 19:03:46,322 INFO  server.RaftServerConfigKeys (ConfUtils.java:logGet(46)) - raft.server.log.appender.buffer.element-limit = 0 (default)
2024-12-25 19:03:46,322 INFO  server.RaftServerConfigKeys (ConfUtils.java:logGet(46)) - raft.server.log.appender.wait-time.min = 1ms (default)
2024-12-25 19:03:46,322 INFO  server.RaftServerConfigKeys (ConfUtils.java:logGet(46)) - raft.server.log.appender.snapshot.chunk.size.max = 16MB (=16777216) (default)
2024-12-25 19:03:46,322 INFO  server.RaftServerConfigKeys (ConfUtils.java:logGet(46)) - raft.server.log.appender.buffer.byte-limit = 4MB (=4194304) (default)
2024-12-25 19:03:46,322 INFO  server.RaftServerConfigKeys (ConfUtils.java:logGet(46)) - raft.server.log.appender.buffer.element-limit = 0 (default)
2024-12-25 19:03:46,322 INFO  server.RaftServerConfigKeys (ConfUtils.java:logGet(46)) - raft.server.log.appender.wait-time.min = 1ms (default)
2024-12-25 19:03:46,322 INFO  impl.RoleInfo (RoleInfo.java:updateAndGet(148)) - s12: start s12@group-BDA5E59D7A17-LeaderStateImpl
2024-12-25 19:03:46,322 INFO  server.RaftServer$Division (ServerState.java:setLeader(272)) - s12@group-BDA5E59D7A17: change Leader from null to s12 at term 2 for becomeLeader, leader elected after 13ms
2024-12-25 19:03:46,323 INFO  segmented.SegmentedRaftLogWorker (SegmentedRaftLogWorker.java:rollLogSegment(448)) - s12@group-BDA5E59D7A17-SegmentedRaftLogWorker: Rolling segment log-0_120 to index:120
2024-12-25 19:03:46,323 INFO  server.RaftServer$Division (ServerState.java:setRaftConf(386)) - s12@group-BDA5E59D7A17: set configuration conf: {index: 121, cur=peers:[s11|, s13|, s12|]|listeners:[], old=null}
2024-12-25 19:03:46,324 INFO  server.RaftServer$Division (ServerState.java:setLeader(272)) - s13@group-BDA5E59D7A17: change Leader from null to s12 at term 2 for appendEntries, leader elected after 6ms
2024-12-25 19:03:46,324 WARN  leader.LogAppender (LogAppenderDefault.java:sendAppendEntriesWithRetries(85)) - s12@group-BDA5E59D7A17->s11-LogAppenderDefault: Failed to appendEntries (retry=0)
org.apache.ratis.protocol.exceptions.GroupMismatchException: s11: group-BDA5E59D7A17 not found.
	at org.apache.ratis.server.impl.RaftServerProxy$ImplMap.get(RaftServerProxy.java:156)
	at org.apache.ratis.server.impl.RaftServerProxy.getImplFuture(RaftServerProxy.java:366)
	at org.apache.ratis.server.impl.RaftServerProxy.getImpl(RaftServerProxy.java:375)
	at org.apache.ratis.server.impl.RaftServerProxy.getImpl(RaftServerProxy.java:370)
	at org.apache.ratis.server.impl.RaftServerProxy.appendEntries(RaftServerProxy.java:671)
	at org.apache.ratis.server.simulation.SimulatedServerRpc$1.handleRequest(SimulatedServerRpc.java:163)
	at org.apache.ratis.server.simulation.SimulatedServerRpc$1.handleRequest(SimulatedServerRpc.java:153)
	at org.apache.ratis.server.simulation.RequestHandler.handleRequest(RequestHandler.java:91)
	at org.apache.ratis.server.simulation.RequestHandler$HandlerDaemon.run(RequestHandler.java:125)
2024-12-25 19:03:46,324 TRACE util.FileUtils (LogUtils.java:runAndLog(49)) - Successfully ran Atomic Files.move /home/runner/work/ratis/ratis/ratis-examples/target/test/data/6cc16ceb/MiniRaftClusterWithSimulatedRpc6b18c296/s12/72d3493e-e61a-48e9-b0da-bda5e59d7a17/current/log_inprogress_0 to /home/runner/work/ratis/ratis/ratis-examples/target/test/data/6cc16ceb/MiniRaftClusterWithSimulatedRpc6b18c296/s12/72d3493e-e61a-48e9-b0da-bda5e59d7a17/current/log_0-120
2024-12-25 19:03:46,324 INFO  segmented.SegmentedRaftLogWorker (SegmentedRaftLogWorker.java:execute(624)) - s12@group-BDA5E59D7A17-SegmentedRaftLogWorker: Rolled log segment from /home/runner/work/ratis/ratis/ratis-examples/target/test/data/6cc16ceb/MiniRaftClusterWithSimulatedRpc6b18c296/s12/72d3493e-e61a-48e9-b0da-bda5e59d7a17/current/log_inprogress_0 to /home/runner/work/ratis/ratis/ratis-examples/target/test/data/6cc16ceb/MiniRaftClusterWithSimulatedRpc6b18c296/s12/72d3493e-e61a-48e9-b0da-bda5e59d7a17/current/log_0-120
2024-12-25 19:03:46,324 INFO  segmented.BufferedWriteChannel (BufferedWriteChannel.java:open(61)) - open log_inprogress_121 at position 0
2024-12-25 19:03:46,326 INFO  server.RaftServer$Division (ServerState.java:setRaftConf(386)) - s13@group-BDA5E59D7A17: set configuration conf: {index: 121, cur=peers:[s11|, s13|, s12|]|listeners:[], old=null}
2024-12-25 19:03:46,326 INFO  segmented.SegmentedRaftLogWorker (SegmentedRaftLogWorker.java:rollLogSegment(448)) - s13@group-BDA5E59D7A17-SegmentedRaftLogWorker: Rolling segment log-0_120 to index:120
2024-12-25 19:03:46,327 TRACE util.FileUtils (LogUtils.java:runAndLog(49)) - Successfully ran Atomic Files.move /home/runner/work/ratis/ratis/ratis-examples/target/test/data/6cc16ceb/MiniRaftClusterWithSimulatedRpc6b18c296/s13/72d3493e-e61a-48e9-b0da-bda5e59d7a17/current/log_inprogress_0 to /home/runner/work/ratis/ratis/ratis-examples/target/test/data/6cc16ceb/MiniRaftClusterWithSimulatedRpc6b18c296/s13/72d3493e-e61a-48e9-b0da-bda5e59d7a17/current/log_0-120
2024-12-25 19:03:46,327 INFO  segmented.SegmentedRaftLogWorker (SegmentedRaftLogWorker.java:execute(624)) - s13@group-BDA5E59D7A17-SegmentedRaftLogWorker: Rolled log segment from /home/runner/work/ratis/ratis/ratis-examples/target/test/data/6cc16ceb/MiniRaftClusterWithSimulatedRpc6b18c296/s13/72d3493e-e61a-48e9-b0da-bda5e59d7a17/current/log_inprogress_0 to /home/runner/work/ratis/ratis/ratis-examples/target/test/data/6cc16ceb/MiniRaftClusterWithSimulatedRpc6b18c296/s13/72d3493e-e61a-48e9-b0da-bda5e59d7a17/current/log_0-120
2024-12-25 19:03:46,327 INFO  segmented.BufferedWriteChannel (BufferedWriteChannel.java:open(61)) - open log_inprogress_121 at position 0
2024-12-25 19:03:46,338 INFO  segmented.SegmentedRaftLogWorker (SegmentedRaftLogWorker.java:execute(667)) - s12@group-BDA5E59D7A17-SegmentedRaftLogWorker: created new log segment /home/runner/work/ratis/ratis/ratis-examples/target/test/data/6cc16ceb/MiniRaftClusterWithSimulatedRpc6b18c296/s12/72d3493e-e61a-48e9-b0da-bda5e59d7a17/current/log_inprogress_121
2024-12-25 19:03:46,338 INFO  segmented.SegmentedRaftLogWorker (SegmentedRaftLogWorker.java:execute(667)) - s13@group-BDA5E59D7A17-SegmentedRaftLogWorker: created new log segment /home/runner/work/ratis/ratis/ratis-examples/target/test/data/6cc16ceb/MiniRaftClusterWithSimulatedRpc6b18c296/s13/72d3493e-e61a-48e9-b0da-bda5e59d7a17/current/log_inprogress_121
2024-12-25 19:03:46,340 TRACE util.FileUtils (LogUtils.java:supplyAndLog(69)) - Successfully supplied FileChannel.open /home/runner/work/ratis/ratis/ratis-examples/target/test/data/6cc16ceb/MiniRaftClusterWithSimulatedRpc6b18c296/s12/72d3493e-e61a-48e9-b0da-bda5e59d7a17/current/raft-meta.conf.tmp with options [CREATE, WRITE]: sun.nio.ch.FileChannelImpl@4faefeae
2024-12-25 19:03:46,340 TRACE util.FileUtils (LogUtils.java:supplyAndLog(69)) - Successfully supplied FileChannel.open /home/runner/work/ratis/ratis/ratis-examples/target/test/data/6cc16ceb/MiniRaftClusterWithSimulatedRpc6b18c296/s13/72d3493e-e61a-48e9-b0da-bda5e59d7a17/current/raft-meta.conf.tmp with options [CREATE, WRITE]: sun.nio.ch.FileChannelImpl@3ddb9c1a
2024-12-25 19:03:46,341 TRACE util.FileUtils (LogUtils.java:runAndLog(49)) - Successfully ran Atomic Files.move /home/runner/work/ratis/ratis/ratis-examples/target/test/data/6cc16ceb/MiniRaftClusterWithSimulatedRpc6b18c296/s12/72d3493e-e61a-48e9-b0da-bda5e59d7a17/current/raft-meta.conf.tmp to /home/runner/work/ratis/ratis/ratis-examples/target/test/data/6cc16ceb/MiniRaftClusterWithSimulatedRpc6b18c296/s12/72d3493e-e61a-48e9-b0da-bda5e59d7a17/current/raft-meta.conf with options [REPLACE_EXISTING]
2024-12-25 19:03:46,341 INFO  server.RaftServer$Division (LeaderStateImpl.java:checkStartIndex(314)) - Leader s12@group-BDA5E59D7A17-LeaderStateImpl is ready since appliedIndex == startIndex == 121
2024-12-25 19:03:46,342 TRACE util.FileUtils (LogUtils.java:runAndLog(49)) - Successfully ran Atomic Files.move /home/runner/work/ratis/ratis/ratis-examples/target/test/data/6cc16ceb/MiniRaftClusterWithSimulatedRpc6b18c296/s13/72d3493e-e61a-48e9-b0da-bda5e59d7a17/current/raft-meta.conf.tmp to /home/runner/work/ratis/ratis/ratis-examples/target/test/data/6cc16ceb/MiniRaftClusterWithSimulatedRpc6b18c296/s13/72d3493e-e61a-48e9-b0da-bda5e59d7a17/current/raft-meta.conf with options [REPLACE_EXISTING]
2024-12-25 19:03:46,354 INFO  segmented.SegmentedRaftLogWorker (SegmentedRaftLogWorker.java:close(254)) - s11@group-BDA5E59D7A17-SegmentedRaftLogWorker close()
2024-12-25 19:03:46,355 INFO  raftlog.RaftLog (SegmentedRaftLog.java:close(576)) - Successfully closed s11@group-BDA5E59D7A17-SegmentedRaftLog:CLOSED:c120
2024-12-25 19:03:46,355 TRACE util.FileUtils (FileUtils.java:deleteFully(307)) - deleteFully /home/runner/work/ratis/ratis/ratis-examples/target/test/data/6cc16ceb/MiniRaftClusterWithSimulatedRpc6b18c296/s11/72d3493e-e61a-48e9-b0da-bda5e59d7a17
2024-12-25 19:03:46,356 TRACE util.FileUtils (LogUtils.java:runAndLog(49)) - Successfully ran Files.delete /home/runner/work/ratis/ratis/ratis-examples/target/test/data/6cc16ceb/MiniRaftClusterWithSimulatedRpc6b18c296/s11/72d3493e-e61a-48e9-b0da-bda5e59d7a17/current/raft-meta.conf
2024-12-25 19:03:46,356 TRACE util.FileUtils (LogUtils.java:runAndLog(49)) - Successfully ran Files.delete /home/runner/work/ratis/ratis/ratis-examples/target/test/data/6cc16ceb/MiniRaftClusterWithSimulatedRpc6b18c296/s11/72d3493e-e61a-48e9-b0da-bda5e59d7a17/current/log_inprogress_0
2024-12-25 19:03:46,356 TRACE util.FileUtils (LogUtils.java:runAndLog(49)) - Successfully ran Files.delete /home/runner/work/ratis/ratis/ratis-examples/target/test/data/6cc16ceb/MiniRaftClusterWithSimulatedRpc6b18c296/s11/72d3493e-e61a-48e9-b0da-bda5e59d7a17/current/raft-meta
2024-12-25 19:03:46,356 TRACE util.FileUtils (LogUtils.java:runAndLog(49)) - Successfully ran Files.delete /home/runner/work/ratis/ratis/ratis-examples/target/test/data/6cc16ceb/MiniRaftClusterWithSimulatedRpc6b18c296/s11/72d3493e-e61a-48e9-b0da-bda5e59d7a17/current
2024-12-25 19:03:46,356 TRACE util.FileUtils (LogUtils.java:runAndLog(49)) - Successfully ran Files.delete /home/runner/work/ratis/ratis/ratis-examples/target/test/data/6cc16ceb/MiniRaftClusterWithSimulatedRpc6b18c296/s11/72d3493e-e61a-48e9-b0da-bda5e59d7a17/in_use.lock
2024-12-25 19:03:46,356 TRACE util.FileUtils (LogUtils.java:runAndLog(49)) - Successfully ran Files.delete /home/runner/work/ratis/ratis/ratis-examples/target/test/data/6cc16ceb/MiniRaftClusterWithSimulatedRpc6b18c296/s11/72d3493e-e61a-48e9-b0da-bda5e59d7a17/sm
2024-12-25 19:03:46,356 TRACE util.FileUtils (LogUtils.java:runAndLog(49)) - Successfully ran Files.delete /home/runner/work/ratis/ratis/ratis-examples/target/test/data/6cc16ceb/MiniRaftClusterWithSimulatedRpc6b18c296/s11/72d3493e-e61a-48e9-b0da-bda5e59d7a17
2024-12-25 19:03:46,356 INFO  server.RaftServer$Division (RaftServerImpl.java:groupRemove(484)) - s11@group-BDA5E59D7A17: Succeed to remove RaftStorageDirectory Storage Directory /home/runner/work/ratis/ratis/ratis-examples/target/test/data/6cc16ceb/MiniRaftClusterWithSimulatedRpc6b18c296/s11/72d3493e-e61a-48e9-b0da-bda5e59d7a17
2024-12-25 19:03:46,357 INFO  server.RaftServer (RaftServerProxy.java:remove(112)) - s13: remove  FOLLOWER s13@group-BDA5E59D7A17:t2, leader=s12, voted=s12, raftlog=Memoized:s13@group-BDA5E59D7A17-SegmentedRaftLog:OPENED:c121:last(t:2, i:122), conf=conf: {index: 121, cur=peers:[s11|, s13|, s12|]|listeners:[], old=null} RUNNING
2024-12-25 19:03:46,357 INFO  server.RaftServer$Division (RaftServerImpl.java:lambda$close$1(514)) - s13@group-BDA5E59D7A17: shutdown
2024-12-25 19:03:46,357 INFO  util.JmxRegister (JmxRegister.java:unregister(74)) - Successfully un-registered JMX Bean with object name Ratis:service=RaftServer,group=group-BDA5E59D7A17,id=s13
2024-12-25 19:03:46,357 INFO  impl.RoleInfo (RoleInfo.java:shutdownFollowerState(121)) - s13: shutdown s13@group-BDA5E59D7A17-FollowerState
2024-12-25 19:03:46,358 INFO  impl.StateMachineUpdater (StateMachineUpdater.java:stopAndJoin(164)) - s13@group-BDA5E59D7A17-StateMachineUpdater: set stopIndex = 121
2024-12-25 19:03:46,358 INFO  impl.FollowerState (FollowerState.java:runImpl(170)) - s13@group-BDA5E59D7A17-FollowerState was interrupted
2024-12-25 19:03:46,358 INFO  impl.StateMachineUpdater (StateMachineUpdater.java:stop(141)) - s13@group-BDA5E59D7A17-StateMachineUpdater: closing ArithmeticStateMachine, lastApplied=(t:2, i:121)
2024-12-25 19:03:46,358 INFO  raftlog.RaftLog (SegmentedRaftLog.java:close(568)) - Start closing s13@group-BDA5E59D7A17-SegmentedRaftLog:OPENED:c121:last(t:2, i:122)
2024-12-25 19:03:46,358 INFO  util.AwaitToRun (AwaitToRun.java:run(49)) - s13@group-BDA5E59D7A17-cacheEviction-AwaitToRun-AwaitForSignal is interrupted
2024-12-25 19:03:46,358 INFO  segmented.LogSegment (LogSegment.java:close(353)) - Successfully closed EntryCache-log_inprogress_121
2024-12-25 19:03:46,358 INFO  segmented.LogSegment (LogSegment.java:close(353)) - Successfully closed EntryCache-log-0_120
2024-12-25 19:03:46,491 WARN  leader.LogAppender (LogAppenderDefault.java:sendAppendEntriesWithRetries(85)) - s12@group-BDA5E59D7A17->s13-LogAppenderDefault: Failed to appendEntries (retry=0)
org.apache.ratis.protocol.exceptions.GroupMismatchException: s13: group-BDA5E59D7A17 not found.
	at org.apache.ratis.server.impl.RaftServerProxy$ImplMap.get(RaftServerProxy.java:156)
	at org.apache.ratis.server.impl.RaftServerProxy.getImplFuture(RaftServerProxy.java:366)
	at org.apache.ratis.server.impl.RaftServerProxy.getImpl(RaftServerProxy.java:375)
	at org.apache.ratis.server.impl.RaftServerProxy.getImpl(RaftServerProxy.java:370)
	at org.apache.ratis.server.impl.RaftServerProxy.appendEntries(RaftServerProxy.java:671)
	at org.apache.ratis.server.simulation.SimulatedServerRpc$1.handleRequest(SimulatedServerRpc.java:163)
	at org.apache.ratis.server.simulation.SimulatedServerRpc$1.handleRequest(SimulatedServerRpc.java:153)
	at org.apache.ratis.server.simulation.RequestHandler.handleRequest(RequestHandler.java:91)
	at org.apache.ratis.server.simulation.RequestHandler$HandlerDaemon.run(RequestHandler.java:125)
2024-12-25 19:03:46,567 WARN  leader.LogAppender (LogAppenderDefault.java:sendAppendEntriesWithRetries(85)) - s12@group-BDA5E59D7A17->s13-LogAppenderDefault: Failed to appendEntries (retry=0)
org.apache.ratis.protocol.exceptions.GroupMismatchException: s13: group-BDA5E59D7A17 not found.
	at org.apache.ratis.server.impl.RaftServerProxy$ImplMap.get(RaftServerProxy.java:156)
	at org.apache.ratis.server.impl.RaftServerProxy.getImplFuture(RaftServerProxy.java:366)
	at org.apache.ratis.server.impl.RaftServerProxy.getImpl(RaftServerProxy.java:375)
	at org.apache.ratis.server.impl.RaftServerProxy.getImpl(RaftServerProxy.java:370)
	at org.apache.ratis.server.impl.RaftServerProxy.appendEntries(RaftServerProxy.java:671)
	at org.apache.ratis.server.simulation.SimulatedServerRpc$1.handleRequest(SimulatedServerRpc.java:163)
	at org.apache.ratis.server.simulation.SimulatedServerRpc$1.handleRequest(SimulatedServerRpc.java:153)
	at org.apache.ratis.server.simulation.RequestHandler.handleRequest(RequestHandler.java:91)
	at org.apache.ratis.server.simulation.RequestHandler$HandlerDaemon.run(RequestHandler.java:125)
2024-12-25 19:03:46,576 WARN  leader.LogAppender (LogAppenderDefault.java:sendAppendEntriesWithRetries(85)) - s12@group-BDA5E59D7A17->s11-LogAppenderDefault: Failed to appendEntries (retry=10)
org.apache.ratis.protocol.exceptions.GroupMismatchException: s11: group-BDA5E59D7A17 not found.
	at org.apache.ratis.server.impl.RaftServerProxy$ImplMap.get(RaftServerProxy.java:156)
	at org.apache.ratis.server.impl.RaftServerProxy.getImplFuture(RaftServerProxy.java:366)
	at org.apache.ratis.server.impl.RaftServerProxy.getImpl(RaftServerProxy.java:375)
	at org.apache.ratis.server.impl.RaftServerProxy.getImpl(RaftServerProxy.java:370)
	at org.apache.ratis.server.impl.RaftServerProxy.appendEntries(RaftServerProxy.java:671)
	at org.apache.ratis.server.simulation.SimulatedServerRpc$1.handleRequest(SimulatedServerRpc.java:163)
	at org.apache.ratis.server.simulation.SimulatedServerRpc$1.handleRequest(SimulatedServerRpc.java:153)
	at org.apache.ratis.server.simulation.RequestHandler.handleRequest(RequestHandler.java:91)
	at org.apache.ratis.server.simulation.RequestHandler$HandlerDaemon.run(RequestHandler.java:125)
2024-12-25 19:03:46,642 WARN  leader.LogAppender (LogAppenderDefault.java:sendAppendEntriesWithRetries(85)) - s12@group-BDA5E59D7A17->s13-LogAppenderDefault: Failed to appendEntries (retry=0)
org.apache.ratis.protocol.exceptions.GroupMismatchException: s13: group-BDA5E59D7A17 not found.
	at org.apache.ratis.server.impl.RaftServerProxy$ImplMap.get(RaftServerProxy.java:156)
	at org.apache.ratis.server.impl.RaftServerProxy.getImplFuture(RaftServerProxy.java:366)
	at org.apache.ratis.server.impl.RaftServerProxy.getImpl(RaftServerProxy.java:375)
	at org.apache.ratis.server.impl.RaftServerProxy.getImpl(RaftServerProxy.java:370)
	at org.apache.ratis.server.impl.RaftServerProxy.appendEntries(RaftServerProxy.java:671)
	at org.apache.ratis.server.simulation.SimulatedServerRpc$1.handleRequest(SimulatedServerRpc.java:163)
	at org.apache.ratis.server.simulation.SimulatedServerRpc$1.handleRequest(SimulatedServerRpc.java:153)
	at org.apache.ratis.server.simulation.RequestHandler.handleRequest(RequestHandler.java:91)
	at org.apache.ratis.server.simulation.RequestHandler$HandlerDaemon.run(RequestHandler.java:125)
2024-12-25 19:03:46,718 WARN  leader.LogAppender (LogAppenderDefault.java:sendAppendEntriesWithRetries(85)) - s12@group-BDA5E59D7A17->s13-LogAppenderDefault: Failed to appendEntries (retry=0)
org.apache.ratis.protocol.exceptions.GroupMismatchException: s13: group-BDA5E59D7A17 not found.
	at org.apache.ratis.server.impl.RaftServerProxy$ImplMap.get(RaftServerProxy.java:156)
	at org.apache.ratis.server.impl.RaftServerProxy.getImplFuture(RaftServerProxy.java:366)
	at org.apache.ratis.server.impl.RaftServerProxy.getImpl(RaftServerProxy.java:375)
	at org.apache.ratis.server.impl.RaftServerProxy.getImpl(RaftServerProxy.java:370)
	at org.apache.ratis.server.impl.RaftServerProxy.appendEntries(RaftServerProxy.java:671)
	at org.apache.ratis.server.simulation.SimulatedServerRpc$1.handleRequest(SimulatedServerRpc.java:163)
	at org.apache.ratis.server.simulation.SimulatedServerRpc$1.handleRequest(SimulatedServerRpc.java:153)
	at org.apache.ratis.server.simulation.RequestHandler.handleRequest(RequestHandler.java:91)
	at org.apache.ratis.server.simulation.RequestHandler$HandlerDaemon.run(RequestHandler.java:125)
2024-12-25 19:03:46,794 WARN  leader.LogAppender (LogAppenderDefault.java:sendAppendEntriesWithRetries(85)) - s12@group-BDA5E59D7A17->s13-LogAppenderDefault: Failed to appendEntries (retry=0)
org.apache.ratis.protocol.exceptions.GroupMismatchException: s13: group-BDA5E59D7A17 not found.
	at org.apache.ratis.server.impl.RaftServerProxy$ImplMap.get(RaftServerProxy.java:156)
	at org.apache.ratis.server.impl.RaftServerProxy.getImplFuture(RaftServerProxy.java:366)
	at org.apache.ratis.server.impl.RaftServerProxy.getImpl(RaftServerProxy.java:375)
	at org.apache.ratis.server.impl.RaftServerProxy.getImpl(RaftServerProxy.java:370)
	at org.apache.ratis.server.impl.RaftServerProxy.appendEntries(RaftServerProxy.java:671)
	at org.apache.ratis.server.simulation.SimulatedServerRpc$1.handleRequest(SimulatedServerRpc.java:163)
	at org.apache.ratis.server.simulation.SimulatedServerRpc$1.handleRequest(SimulatedServerRpc.java:153)
	at org.apache.ratis.server.simulation.RequestHandler.handleRequest(RequestHandler.java:91)
	at org.apache.ratis.server.simulation.RequestHandler$HandlerDaemon.run(RequestHandler.java:125)
2024-12-25 19:03:46,828 WARN  leader.LogAppender (LogAppenderDefault.java:sendAppendEntriesWithRetries(85)) - s12@group-BDA5E59D7A17->s11-LogAppenderDefault: Failed to appendEntries (retry=20)
org.apache.ratis.protocol.exceptions.GroupMismatchException: s11: group-BDA5E59D7A17 not found.
	at org.apache.ratis.server.impl.RaftServerProxy$ImplMap.get(RaftServerProxy.java:156)
	at org.apache.ratis.server.impl.RaftServerProxy.getImplFuture(RaftServerProxy.java:366)
	at org.apache.ratis.server.impl.RaftServerProxy.getImpl(RaftServerProxy.java:375)
	at org.apache.ratis.server.impl.RaftServerProxy.getImpl(RaftServerProxy.java:370)
	at org.apache.ratis.server.impl.RaftServerProxy.appendEntries(RaftServerProxy.java:671)
	at org.apache.ratis.server.simulation.SimulatedServerRpc$1.handleRequest(SimulatedServerRpc.java:163)
	at org.apache.ratis.server.simulation.SimulatedServerRpc$1.handleRequest(SimulatedServerRpc.java:153)
	at org.apache.ratis.server.simulation.RequestHandler.handleRequest(RequestHandler.java:91)
	at org.apache.ratis.server.simulation.RequestHandler$HandlerDaemon.run(RequestHandler.java:125)
2024-12-25 19:03:46,870 WARN  leader.LogAppender (LogAppenderDefault.java:sendAppendEntriesWithRetries(85)) - s12@group-BDA5E59D7A17->s13-LogAppenderDefault: Failed to appendEntries (retry=0)
org.apache.ratis.protocol.exceptions.GroupMismatchException: s13: group-BDA5E59D7A17 not found.
	at org.apache.ratis.server.impl.RaftServerProxy$ImplMap.get(RaftServerProxy.java:156)
	at org.apache.ratis.server.impl.RaftServerProxy.getImplFuture(RaftServerProxy.java:366)
	at org.apache.ratis.server.impl.RaftServerProxy.getImpl(RaftServerProxy.java:375)
	at org.apache.ratis.server.impl.RaftServerProxy.getImpl(RaftServerProxy.java:370)
	at org.apache.ratis.server.impl.RaftServerProxy.appendEntries(RaftServerProxy.java:671)
	at org.apache.ratis.server.simulation.SimulatedServerRpc$1.handleRequest(SimulatedServerRpc.java:163)
	at org.apache.ratis.server.simulation.SimulatedServerRpc$1.handleRequest(SimulatedServerRpc.java:153)
	at org.apache.ratis.server.simulation.RequestHandler.handleRequest(RequestHandler.java:91)
	at org.apache.ratis.server.simulation.RequestHandler$HandlerDaemon.run(RequestHandler.java:125)
2024-12-25 19:03:46,945 WARN  leader.LogAppender (LogAppenderDefault.java:sendAppendEntriesWithRetries(85)) - s12@group-BDA5E59D7A17->s13-LogAppenderDefault: Failed to appendEntries (retry=0)
org.apache.ratis.protocol.exceptions.GroupMismatchException: s13: group-BDA5E59D7A17 not found.
	at org.apache.ratis.server.impl.RaftServerProxy$ImplMap.get(RaftServerProxy.java:156)
	at org.apache.ratis.server.impl.RaftServerProxy.getImplFuture(RaftServerProxy.java:366)
	at org.apache.ratis.server.impl.RaftServerProxy.getImpl(RaftServerProxy.java:375)
	at org.apache.ratis.server.impl.RaftServerProxy.getImpl(RaftServerProxy.java:370)
	at org.apache.ratis.server.impl.RaftServerProxy.appendEntries(RaftServerProxy.java:671)
	at org.apache.ratis.server.simulation.SimulatedServerRpc$1.handleRequest(SimulatedServerRpc.java:163)
	at org.apache.ratis.server.simulation.SimulatedServerRpc$1.handleRequest(SimulatedServerRpc.java:153)
	at org.apache.ratis.server.simulation.RequestHandler.handleRequest(RequestHandler.java:91)
	at org.apache.ratis.server.simulation.RequestHandler$HandlerDaemon.run(RequestHandler.java:125)
2024-12-25 19:03:47,021 WARN  leader.LogAppender (LogAppenderDefault.java:sendAppendEntriesWithRetries(85)) - s12@group-BDA5E59D7A17->s13-LogAppenderDefault: Failed to appendEntries (retry=0)
org.apache.ratis.protocol.exceptions.GroupMismatchException: s13: group-BDA5E59D7A17 not found.
	at org.apache.ratis.server.impl.RaftServerProxy$ImplMap.get(RaftServerProxy.java:156)
	at org.apache.ratis.server.impl.RaftServerProxy.getImplFuture(RaftServerProxy.java:366)
	at org.apache.ratis.server.impl.RaftServerProxy.getImpl(RaftServerProxy.java:375)
	at org.apache.ratis.server.impl.RaftServerProxy.getImpl(RaftServerProxy.java:370)
	at org.apache.ratis.server.impl.RaftServerProxy.appendEntries(RaftServerProxy.java:671)
	at org.apache.ratis.server.simulation.SimulatedServerRpc$1.handleRequest(SimulatedServerRpc.java:163)
	at org.apache.ratis.server.simulation.SimulatedServerRpc$1.handleRequest(SimulatedServerRpc.java:153)
	at org.apache.ratis.server.simulation.RequestHandler.handleRequest(RequestHandler.java:91)
	at org.apache.ratis.server.simulation.RequestHandler$HandlerDaemon.run(RequestHandler.java:125)
2024-12-25 19:03:47,058 INFO  impl.MiniRaftCluster (MiniRaftCluster.java:lambda$null$7(362)) - TIMED-PRINT: printing ALL groups
  s3:  RUNNING [
     LEADER s3@group-73C3960A554E:t1, leader=s3, voted=s3, raftlog=Memoized:s3@group-73C3960A554E-SegmentedRaftLog:OPENED:c120:last(t:1, i:120), conf=conf: {index: 0, cur=peers:[s3, s14, s2]|listeners:[], old=null} RUNNING
   FOLLOWER s3@group-6AB839334A82:t0, leader=null, voted=, raftlog=Memoized:s3@group-6AB839334A82-SegmentedRaftLog:OPENED:c-1:lastnull, conf=conf: {index: -1, cur=peers:[]|listeners:[], old=null} STARTING] size=2
  s4:  RUNNING [
     LEADER s4@group-639A8E78DFD7:t1, leader=s4, voted=s4, raftlog=Memoized:s4@group-639A8E78DFD7-SegmentedRaftLog:OPENED:c120:last(t:1, i:120), conf=conf: {index: 0, cur=peers:[s4, s5, s6]|listeners:[], old=null} RUNNING
   FOLLOWER s4@group-6AB839334A82:t0, leader=null, voted=, raftlog=Memoized:s4@group-6AB839334A82-SegmentedRaftLog:OPENED:c-1:lastnull, conf=conf: {index: -1, cur=peers:[]|listeners:[], old=null} STARTING] size=2
  s5:  RUNNING [
   FOLLOWER s5@group-639A8E78DFD7:t1, leader=s4, voted=s4, raftlog=Memoized:s5@group-639A8E78DFD7-SegmentedRaftLog:OPENED:c120:last(t:1, i:120), conf=conf: {index: 0, cur=peers:[s4|, s5|, s6|]|listeners:[], old=null} RUNNING
   FOLLOWER s5@group-6AB839334A82:t0, leader=null, voted=, raftlog=Memoized:s5@group-6AB839334A82-SegmentedRaftLog:OPENED:c-1:lastnull, conf=conf: {index: -1, cur=peers:[]|listeners:[], old=null} STARTING] size=2
  s6:  RUNNING [
   FOLLOWER s6@group-639A8E78DFD7:t1, leader=s4, voted=s4, raftlog=Memoized:s6@group-639A8E78DFD7-SegmentedRaftLog:OPENED:c120:last(t:1, i:120), conf=conf: {index: 0, cur=peers:[s4|, s5|, s6|]|listeners:[], old=null} RUNNING
   FOLLOWER s6@group-6AB839334A82:t0, leader=null, voted=, raftlog=Memoized:s6@group-6AB839334A82-SegmentedRaftLog:OPENED:c-1:lastnull, conf=conf: {index: -1, cur=peers:[]|listeners:[], old=null} STARTING] size=2
  s7:  RUNNING [
     LEADER s7@group-4CF2EC507520:t1, leader=s7, voted=s7, raftlog=Memoized:s7@group-4CF2EC507520-SegmentedRaftLog:OPENED:c120:last(t:1, i:120), conf=conf: {index: 0, cur=peers:[s7, s8, s9]|listeners:[], old=null} RUNNING
   FOLLOWER s7@group-6AB839334A82:t0, leader=null, voted=, raftlog=Memoized:s7@group-6AB839334A82-SegmentedRaftLog:OPENED:c-1:lastnull, conf=conf: {index: -1, cur=peers:[]|listeners:[], old=null} STARTING] size=2
  s8:  RUNNING [
   FOLLOWER s8@group-4CF2EC507520:t1, leader=s7, voted=s7, raftlog=Memoized:s8@group-4CF2EC507520-SegmentedRaftLog:OPENED:c120:last(t:1, i:120), conf=conf: {index: 0, cur=peers:[s7|, s8|, s9|]|listeners:[], old=null} RUNNING
   FOLLOWER s8@group-6AB839334A82:t0, leader=null, voted=, raftlog=Memoized:s8@group-6AB839334A82-SegmentedRaftLog:OPENED:c-1:lastnull, conf=conf: {index: -1, cur=peers:[]|listeners:[], old=null} STARTING] size=2
  s9:  RUNNING [
   FOLLOWER s9@group-4CF2EC507520:t1, leader=s7, voted=s7, raftlog=Memoized:s9@group-4CF2EC507520-SegmentedRaftLog:OPENED:c120:last(t:1, i:120), conf=conf: {index: 0, cur=peers:[s7|, s8|, s9|]|listeners:[], old=null} RUNNING
   FOLLOWER s9@group-6AB839334A82:t0, leader=null, voted=, raftlog=Memoized:s9@group-6AB839334A82-SegmentedRaftLog:OPENED:c-1:lastnull, conf=conf: {index: -1, cur=peers:[]|listeners:[], old=null} STARTING] size=2
  s11:  RUNNING  FOLLOWER s11@group-6AB839334A82:t0, leader=null, voted=, raftlog=Memoized:s11@group-6AB839334A82-SegmentedRaftLog:OPENED:c-1:lastnull, conf=conf: {index: -1, cur=peers:[]|listeners:[], old=null} STARTING
  s10:  RUNNING  FOLLOWER s10@group-6AB839334A82:t0, leader=null, voted=, raftlog=Memoized:s10@group-6AB839334A82-SegmentedRaftLog:OPENED:c-1:lastnull, conf=conf: {index: -1, cur=peers:[]|listeners:[], old=null} STARTING
  s13:  RUNNING  FOLLOWER s13@group-6AB839334A82:t0, leader=null, voted=, raftlog=Memoized:s13@group-6AB839334A82-SegmentedRaftLog:OPENED:c-1:lastnull, conf=conf: {index: -1, cur=peers:[]|listeners:[], old=null} STARTING
  s12:  RUNNING [
   FOLLOWER s12@group-6AB839334A82:t0, leader=null, voted=, raftlog=Memoized:s12@group-6AB839334A82-SegmentedRaftLog:OPENED:c-1:lastnull, conf=conf: {index: -1, cur=peers:[]|listeners:[], old=null} STARTING
     LEADER s12@group-BDA5E59D7A17:t2, leader=s12, voted=s12, raftlog=Memoized:s12@group-BDA5E59D7A17-SegmentedRaftLog:OPENED:c122:last(t:2, i:122), conf=conf: {index: 121, cur=peers:[s11|, s13|, s12|]|listeners:[], old=null} RUNNING] size=2
  s14:  RUNNING [
   FOLLOWER s14@group-73C3960A554E:t1, leader=s3, voted=s3, raftlog=Memoized:s14@group-73C3960A554E-SegmentedRaftLog:OPENED:c120:last(t:1, i:120), conf=conf: {index: 0, cur=peers:[s3|, s14|, s2|]|listeners:[], old=null} RUNNING
   FOLLOWER s14@group-6AB839334A82:t0, leader=null, voted=, raftlog=Memoized:s14@group-6AB839334A82-SegmentedRaftLog:OPENED:c-1:lastnull, conf=conf: {index: -1, cur=peers:[]|listeners:[], old=null} STARTING] size=2
  s0:  RUNNING  FOLLOWER s0@group-6AB839334A82:t0, leader=null, voted=, raftlog=Memoized:s0@group-6AB839334A82-SegmentedRaftLog:OPENED:c-1:lastnull, conf=conf: {index: -1, cur=peers:[]|listeners:[], old=null} STARTING
  s1:  RUNNING  FOLLOWER s1@group-6AB839334A82:t0, leader=null, voted=, raftlog=Memoized:s1@group-6AB839334A82-SegmentedRaftLog:OPENED:c-1:lastnull, conf=conf: {index: -1, cur=peers:[]|listeners:[], old=null} STARTING
  s2:  RUNNING [
   FOLLOWER s2@group-73C3960A554E:t1, leader=s3, voted=s3, raftlog=Memoized:s2@group-73C3960A554E-SegmentedRaftLog:OPENED:c120:last(t:1, i:120), conf=conf: {index: 0, cur=peers:[s3|, s14|, s2|]|listeners:[], old=null} RUNNING
   FOLLOWER s2@group-6AB839334A82:t0, leader=null, voted=, raftlog=Memoized:s2@group-6AB839334A82-SegmentedRaftLog:OPENED:c-1:lastnull, conf=conf: {index: -1, cur=peers:[]|listeners:[], old=null} STARTING] size=2
2024-12-25 19:03:47,080 WARN  leader.LogAppender (LogAppenderDefault.java:sendAppendEntriesWithRetries(85)) - s12@group-BDA5E59D7A17->s11-LogAppenderDefault: Failed to appendEntries (retry=30)
org.apache.ratis.protocol.exceptions.GroupMismatchException: s11: group-BDA5E59D7A17 not found.
	at org.apache.ratis.server.impl.RaftServerProxy$ImplMap.get(RaftServerProxy.java:156)
	at org.apache.ratis.server.impl.RaftServerProxy.getImplFuture(RaftServerProxy.java:366)
	at org.apache.ratis.server.impl.RaftServerProxy.getImpl(RaftServerProxy.java:375)
	at org.apache.ratis.server.impl.RaftServerProxy.getImpl(RaftServerProxy.java:370)
	at org.apache.ratis.server.impl.RaftServerProxy.appendEntries(RaftServerProxy.java:671)
	at org.apache.ratis.server.simulation.SimulatedServerRpc$1.handleRequest(SimulatedServerRpc.java:163)
	at org.apache.ratis.server.simulation.SimulatedServerRpc$1.handleRequest(SimulatedServerRpc.java:153)
	at org.apache.ratis.server.simulation.RequestHandler.handleRequest(RequestHandler.java:91)
	at org.apache.ratis.server.simulation.RequestHandler$HandlerDaemon.run(RequestHandler.java:125)
2024-12-25 19:03:47,097 WARN  leader.LogAppender (LogAppenderDefault.java:sendAppendEntriesWithRetries(85)) - s12@group-BDA5E59D7A17->s13-LogAppenderDefault: Failed to appendEntries (retry=0)
org.apache.ratis.protocol.exceptions.GroupMismatchException: s13: group-BDA5E59D7A17 not found.
	at org.apache.ratis.server.impl.RaftServerProxy$ImplMap.get(RaftServerProxy.java:156)
	at org.apache.ratis.server.impl.RaftServerProxy.getImplFuture(RaftServerProxy.java:366)
	at org.apache.ratis.server.impl.RaftServerProxy.getImpl(RaftServerProxy.java:375)
	at org.apache.ratis.server.impl.RaftServerProxy.getImpl(RaftServerProxy.java:370)
	at org.apache.ratis.server.impl.RaftServerProxy.appendEntries(RaftServerProxy.java:671)
	at org.apache.ratis.server.simulation.SimulatedServerRpc$1.handleRequest(SimulatedServerRpc.java:163)
	at org.apache.ratis.server.simulation.SimulatedServerRpc$1.handleRequest(SimulatedServerRpc.java:153)
	at org.apache.ratis.server.simulation.RequestHandler.handleRequest(RequestHandler.java:91)
	at org.apache.ratis.server.simulation.RequestHandler$HandlerDaemon.run(RequestHandler.java:125)
2024-12-25 19:03:47,172 WARN  leader.LogAppender (LogAppenderDefault.java:sendAppendEntriesWithRetries(85)) - s12@group-BDA5E59D7A17->s13-LogAppenderDefault: Failed to appendEntries (retry=0)
org.apache.ratis.protocol.exceptions.GroupMismatchException: s13: group-BDA5E59D7A17 not found.
	at org.apache.ratis.server.impl.RaftServerProxy$ImplMap.get(RaftServerProxy.java:156)
	at org.apache.ratis.server.impl.RaftServerProxy.getImplFuture(RaftServerProxy.java:366)
	at org.apache.ratis.server.impl.RaftServerProxy.getImpl(RaftServerProxy.java:375)
	at org.apache.ratis.server.impl.RaftServerProxy.getImpl(RaftServerProxy.java:370)
	at org.apache.ratis.server.impl.RaftServerProxy.appendEntries(RaftServerProxy.java:671)
	at org.apache.ratis.server.simulation.SimulatedServerRpc$1.handleRequest(SimulatedServerRpc.java:163)
	at org.apache.ratis.server.simulation.SimulatedServerRpc$1.handleRequest(SimulatedServerRpc.java:153)
	at org.apache.ratis.server.simulation.RequestHandler.handleRequest(RequestHandler.java:91)
	at org.apache.ratis.server.simulation.RequestHandler$HandlerDaemon.run(RequestHandler.java:125)
2024-12-25 19:03:47,248 WARN  leader.LogAppender (LogAppenderDefault.java:sendAppendEntriesWithRetries(85)) - s12@group-BDA5E59D7A17->s13-LogAppenderDefault: Failed to appendEntries (retry=0)
org.apache.ratis.protocol.exceptions.GroupMismatchException: s13: group-BDA5E59D7A17 not found.
	at org.apache.ratis.server.impl.RaftServerProxy$ImplMap.get(RaftServerProxy.java:156)
	at org.apache.ratis.server.impl.RaftServerProxy.getImplFuture(RaftServerProxy.java:366)
	at org.apache.ratis.server.impl.RaftServerProxy.getImpl(RaftServerProxy.java:375)
	at org.apache.ratis.server.impl.RaftServerProxy.getImpl(RaftServerProxy.java:370)
	at org.apache.ratis.server.impl.RaftServerProxy.appendEntries(RaftServerProxy.java:671)
	at org.apache.ratis.server.simulation.SimulatedServerRpc$1.handleRequest(SimulatedServerRpc.java:163)
	at org.apache.ratis.server.simulation.SimulatedServerRpc$1.handleRequest(SimulatedServerRpc.java:153)
	at org.apache.ratis.server.simulation.RequestHandler.handleRequest(RequestHandler.java:91)
	at org.apache.ratis.server.simulation.RequestHandler$HandlerDaemon.run(RequestHandler.java:125)
2024-12-25 19:03:47,323 WARN  leader.LogAppender (LogAppenderDefault.java:sendAppendEntriesWithRetries(85)) - s12@group-BDA5E59D7A17->s13-LogAppenderDefault: Failed to appendEntries (retry=0)
org.apache.ratis.protocol.exceptions.GroupMismatchException: s13: group-BDA5E59D7A17 not found.
	at org.apache.ratis.server.impl.RaftServerProxy$ImplMap.get(RaftServerProxy.java:156)
	at org.apache.ratis.server.impl.RaftServerProxy.getImplFuture(RaftServerProxy.java:366)
	at org.apache.ratis.server.impl.RaftServerProxy.getImpl(RaftServerProxy.java:375)
	at org.apache.ratis.server.impl.RaftServerProxy.getImpl(RaftServerProxy.java:370)
	at org.apache.ratis.server.impl.RaftServerProxy.appendEntries(RaftServerProxy.java:671)
	at org.apache.ratis.server.simulation.SimulatedServerRpc$1.handleRequest(SimulatedServerRpc.java:163)
	at org.apache.ratis.server.simulation.SimulatedServerRpc$1.handleRequest(SimulatedServerRpc.java:153)
	at org.apache.ratis.server.simulation.RequestHandler.handleRequest(RequestHandler.java:91)
	at org.apache.ratis.server.simulation.RequestHandler$HandlerDaemon.run(RequestHandler.java:125)
2024-12-25 19:03:47,332 WARN  leader.LogAppender (LogAppenderDefault.java:sendAppendEntriesWithRetries(85)) - s12@group-BDA5E59D7A17->s11-LogAppenderDefault: Failed to appendEntries (retry=40)
org.apache.ratis.protocol.exceptions.GroupMismatchException: s11: group-BDA5E59D7A17 not found.
	at org.apache.ratis.server.impl.RaftServerProxy$ImplMap.get(RaftServerProxy.java:156)
	at org.apache.ratis.server.impl.RaftServerProxy.getImplFuture(RaftServerProxy.java:366)
	at org.apache.ratis.server.impl.RaftServerProxy.getImpl(RaftServerProxy.java:375)
	at org.apache.ratis.server.impl.RaftServerProxy.getImpl(RaftServerProxy.java:370)
	at org.apache.ratis.server.impl.RaftServerProxy.appendEntries(RaftServerProxy.java:671)
	at org.apache.ratis.server.simulation.SimulatedServerRpc$1.handleRequest(SimulatedServerRpc.java:163)
	at org.apache.ratis.server.simulation.SimulatedServerRpc$1.handleRequest(SimulatedServerRpc.java:153)
	at org.apache.ratis.server.simulation.RequestHandler.handleRequest(RequestHandler.java:91)
	at org.apache.ratis.server.simulation.RequestHandler$HandlerDaemon.run(RequestHandler.java:125)
2024-12-25 19:03:47,342 INFO  segmented.SegmentedRaftLogWorker (SegmentedRaftLogWorker.java:close(254)) - s13@group-BDA5E59D7A17-SegmentedRaftLogWorker close()
2024-12-25 19:03:47,343 INFO  raftlog.RaftLog (SegmentedRaftLog.java:close(576)) - Successfully closed s13@group-BDA5E59D7A17-SegmentedRaftLog:CLOSED:c121
2024-12-25 19:03:47,344 TRACE util.FileUtils (FileUtils.java:deleteFully(307)) - deleteFully /home/runner/work/ratis/ratis/ratis-examples/target/test/data/6cc16ceb/MiniRaftClusterWithSimulatedRpc6b18c296/s13/72d3493e-e61a-48e9-b0da-bda5e59d7a17
2024-12-25 19:03:47,344 TRACE util.FileUtils (LogUtils.java:runAndLog(49)) - Successfully ran Files.delete /home/runner/work/ratis/ratis/ratis-examples/target/test/data/6cc16ceb/MiniRaftClusterWithSimulatedRpc6b18c296/s13/72d3493e-e61a-48e9-b0da-bda5e59d7a17/current/log_0-120
2024-12-25 19:03:47,344 TRACE util.FileUtils (LogUtils.java:runAndLog(49)) - Successfully ran Files.delete /home/runner/work/ratis/ratis/ratis-examples/target/test/data/6cc16ceb/MiniRaftClusterWithSimulatedRpc6b18c296/s13/72d3493e-e61a-48e9-b0da-bda5e59d7a17/current/log_inprogress_121
2024-12-25 19:03:47,344 TRACE util.FileUtils (LogUtils.java:runAndLog(49)) - Successfully ran Files.delete /home/runner/work/ratis/ratis/ratis-examples/target/test/data/6cc16ceb/MiniRaftClusterWithSimulatedRpc6b18c296/s13/72d3493e-e61a-48e9-b0da-bda5e59d7a17/current/raft-meta.conf
2024-12-25 19:03:47,344 TRACE util.FileUtils (LogUtils.java:runAndLog(49)) - Successfully ran Files.delete /home/runner/work/ratis/ratis/ratis-examples/target/test/data/6cc16ceb/MiniRaftClusterWithSimulatedRpc6b18c296/s13/72d3493e-e61a-48e9-b0da-bda5e59d7a17/current/raft-meta
2024-12-25 19:03:47,344 TRACE util.FileUtils (LogUtils.java:runAndLog(49)) - Successfully ran Files.delete /home/runner/work/ratis/ratis/ratis-examples/target/test/data/6cc16ceb/MiniRaftClusterWithSimulatedRpc6b18c296/s13/72d3493e-e61a-48e9-b0da-bda5e59d7a17/current
2024-12-25 19:03:47,344 TRACE util.FileUtils (LogUtils.java:runAndLog(49)) - Successfully ran Files.delete /home/runner/work/ratis/ratis/ratis-examples/target/test/data/6cc16ceb/MiniRaftClusterWithSimulatedRpc6b18c296/s13/72d3493e-e61a-48e9-b0da-bda5e59d7a17/in_use.lock
2024-12-25 19:03:47,345 TRACE util.FileUtils (LogUtils.java:runAndLog(49)) - Successfully ran Files.delete /home/runner/work/ratis/ratis/ratis-examples/target/test/data/6cc16ceb/MiniRaftClusterWithSimulatedRpc6b18c296/s13/72d3493e-e61a-48e9-b0da-bda5e59d7a17/sm
2024-12-25 19:03:47,345 TRACE util.FileUtils (LogUtils.java:runAndLog(49)) - Successfully ran Files.delete /home/runner/work/ratis/ratis/ratis-examples/target/test/data/6cc16ceb/MiniRaftClusterWithSimulatedRpc6b18c296/s13/72d3493e-e61a-48e9-b0da-bda5e59d7a17
2024-12-25 19:03:47,345 INFO  server.RaftServer$Division (RaftServerImpl.java:groupRemove(484)) - s13@group-BDA5E59D7A17: Succeed to remove RaftStorageDirectory Storage Directory /home/runner/work/ratis/ratis/ratis-examples/target/test/data/6cc16ceb/MiniRaftClusterWithSimulatedRpc6b18c296/s13/72d3493e-e61a-48e9-b0da-bda5e59d7a17
2024-12-25 19:03:47,346 INFO  server.RaftServer (RaftServerProxy.java:remove(112)) - s12: remove    LEADER s12@group-BDA5E59D7A17:t2, leader=s12, voted=s12, raftlog=Memoized:s12@group-BDA5E59D7A17-SegmentedRaftLog:OPENED:c122:last(t:2, i:122), conf=conf: {index: 121, cur=peers:[s11|, s13|, s12|]|listeners:[], old=null} RUNNING
2024-12-25 19:03:47,346 INFO  server.RaftServer$Division (RaftServerImpl.java:lambda$close$1(514)) - s12@group-BDA5E59D7A17: shutdown
2024-12-25 19:03:47,346 INFO  util.JmxRegister (JmxRegister.java:unregister(74)) - Successfully un-registered JMX Bean with object name Ratis:service=RaftServer,group=group-BDA5E59D7A17,id=s12
2024-12-25 19:03:47,346 INFO  impl.RoleInfo (RoleInfo.java:shutdownLeaderState(103)) - s12: shutdown s12@group-BDA5E59D7A17-LeaderStateImpl
2024-12-25 19:03:47,346 INFO  impl.PendingRequests (PendingRequests.java:sendNotLeaderResponses(287)) - s12@group-BDA5E59D7A17-PendingRequests: sendNotLeaderResponses
2024-12-25 19:03:47,346 INFO  leader.LogAppenderDaemon (LogAppenderDaemon.java:run(85)) - s12@group-BDA5E59D7A17->s11-LogAppenderDefault-LogAppenderDaemon was interrupted: java.lang.InterruptedException: sleep interrupted
2024-12-25 19:03:47,346 INFO  leader.LogAppenderDaemon (LogAppenderDaemon.java:run(85)) - s12@group-BDA5E59D7A17->s13-LogAppenderDefault-LogAppenderDaemon was interrupted: java.lang.InterruptedException: sleep interrupted
2024-12-25 19:03:47,348 INFO  impl.StateMachineUpdater (StateMachineUpdater.java:stopAndJoin(164)) - s12@group-BDA5E59D7A17-StateMachineUpdater: set stopIndex = 122
2024-12-25 19:03:47,348 INFO  impl.StateMachineUpdater (StateMachineUpdater.java:stop(141)) - s12@group-BDA5E59D7A17-StateMachineUpdater: closing ArithmeticStateMachine, lastApplied=(t:2, i:122)
2024-12-25 19:03:47,348 INFO  raftlog.RaftLog (SegmentedRaftLog.java:close(568)) - Start closing s12@group-BDA5E59D7A17-SegmentedRaftLog:OPENED:c122:last(t:2, i:122)
2024-12-25 19:03:47,349 INFO  util.AwaitToRun (AwaitToRun.java:run(49)) - s12@group-BDA5E59D7A17-cacheEviction-AwaitToRun-AwaitForSignal is interrupted
2024-12-25 19:03:47,349 INFO  segmented.LogSegment (LogSegment.java:close(353)) - Successfully closed EntryCache-log_inprogress_121
2024-12-25 19:03:47,349 INFO  segmented.LogSegment (LogSegment.java:close(353)) - Successfully closed EntryCache-log-0_120
2024-12-25 19:03:48,342 INFO  segmented.SegmentedRaftLogWorker (SegmentedRaftLogWorker.java:close(254)) - s12@group-BDA5E59D7A17-SegmentedRaftLogWorker close()
2024-12-25 19:03:48,343 INFO  raftlog.RaftLog (SegmentedRaftLog.java:close(576)) - Successfully closed s12@group-BDA5E59D7A17-SegmentedRaftLog:CLOSED:c122
2024-12-25 19:03:48,343 TRACE util.FileUtils (FileUtils.java:deleteFully(307)) - deleteFully /home/runner/work/ratis/ratis/ratis-examples/target/test/data/6cc16ceb/MiniRaftClusterWithSimulatedRpc6b18c296/s12/72d3493e-e61a-48e9-b0da-bda5e59d7a17
2024-12-25 19:03:48,343 TRACE util.FileUtils (LogUtils.java:runAndLog(49)) - Successfully ran Files.delete /home/runner/work/ratis/ratis/ratis-examples/target/test/data/6cc16ceb/MiniRaftClusterWithSimulatedRpc6b18c296/s12/72d3493e-e61a-48e9-b0da-bda5e59d7a17/current/log_0-120
2024-12-25 19:03:48,343 TRACE util.FileUtils (LogUtils.java:runAndLog(49)) - Successfully ran Files.delete /home/runner/work/ratis/ratis/ratis-examples/target/test/data/6cc16ceb/MiniRaftClusterWithSimulatedRpc6b18c296/s12/72d3493e-e61a-48e9-b0da-bda5e59d7a17/current/log_inprogress_121
2024-12-25 19:03:48,343 TRACE util.FileUtils (LogUtils.java:runAndLog(49)) - Successfully ran Files.delete /home/runner/work/ratis/ratis/ratis-examples/target/test/data/6cc16ceb/MiniRaftClusterWithSimulatedRpc6b18c296/s12/72d3493e-e61a-48e9-b0da-bda5e59d7a17/current/raft-meta.conf
2024-12-25 19:03:48,344 TRACE util.FileUtils (LogUtils.java:runAndLog(49)) - Successfully ran Files.delete /home/runner/work/ratis/ratis/ratis-examples/target/test/data/6cc16ceb/MiniRaftClusterWithSimulatedRpc6b18c296/s12/72d3493e-e61a-48e9-b0da-bda5e59d7a17/current/raft-meta
2024-12-25 19:03:48,344 TRACE util.FileUtils (LogUtils.java:runAndLog(49)) - Successfully ran Files.delete /home/runner/work/ratis/ratis/ratis-examples/target/test/data/6cc16ceb/MiniRaftClusterWithSimulatedRpc6b18c296/s12/72d3493e-e61a-48e9-b0da-bda5e59d7a17/current
2024-12-25 19:03:48,344 TRACE util.FileUtils (LogUtils.java:runAndLog(49)) - Successfully ran Files.delete /home/runner/work/ratis/ratis/ratis-examples/target/test/data/6cc16ceb/MiniRaftClusterWithSimulatedRpc6b18c296/s12/72d3493e-e61a-48e9-b0da-bda5e59d7a17/in_use.lock
2024-12-25 19:03:48,344 TRACE util.FileUtils (LogUtils.java:runAndLog(49)) - Successfully ran Files.delete /home/runner/work/ratis/ratis/ratis-examples/target/test/data/6cc16ceb/MiniRaftClusterWithSimulatedRpc6b18c296/s12/72d3493e-e61a-48e9-b0da-bda5e59d7a17/sm
2024-12-25 19:03:48,344 TRACE util.FileUtils (LogUtils.java:runAndLog(49)) - Successfully ran Files.delete /home/runner/work/ratis/ratis/ratis-examples/target/test/data/6cc16ceb/MiniRaftClusterWithSimulatedRpc6b18c296/s12/72d3493e-e61a-48e9-b0da-bda5e59d7a17
2024-12-25 19:03:48,344 INFO  server.RaftServer$Division (RaftServerImpl.java:groupRemove(484)) - s12@group-BDA5E59D7A17: Succeed to remove RaftStorageDirectory Storage Directory /home/runner/work/ratis/ratis/ratis-examples/target/test/data/6cc16ceb/MiniRaftClusterWithSimulatedRpc6b18c296/s12/72d3493e-e61a-48e9-b0da-bda5e59d7a17
2024-12-25 19:03:48,344 INFO  impl.GroupManagementBaseTest (GroupManagementBaseTest.java:runMultiGroupTest(299)) - 2) close printing group-73C3960A554E
  s3:  RUNNING [
     LEADER s3@group-73C3960A554E:t1, leader=s3, voted=s3, raftlog=Memoized:s3@group-73C3960A554E-SegmentedRaftLog:OPENED:c120:last(t:1, i:120), conf=conf: {index: 0, cur=peers:[s3, s14, s2]|listeners:[], old=null} RUNNING
   FOLLOWER s3@group-6AB839334A82:t0, leader=null, voted=, raftlog=Memoized:s3@group-6AB839334A82-SegmentedRaftLog:OPENED:c-1:lastnull, conf=conf: {index: -1, cur=peers:[]|listeners:[], old=null} STARTING] size=2
  s14:  RUNNING [
   FOLLOWER s14@group-73C3960A554E:t1, leader=s3, voted=s3, raftlog=Memoized:s14@group-73C3960A554E-SegmentedRaftLog:OPENED:c120:last(t:1, i:120), conf=conf: {index: 0, cur=peers:[s3|, s14|, s2|]|listeners:[], old=null} RUNNING
   FOLLOWER s14@group-6AB839334A82:t0, leader=null, voted=, raftlog=Memoized:s14@group-6AB839334A82-SegmentedRaftLog:OPENED:c-1:lastnull, conf=conf: {index: -1, cur=peers:[]|listeners:[], old=null} STARTING] size=2
  s2:  RUNNING [
   FOLLOWER s2@group-73C3960A554E:t1, leader=s3, voted=s3, raftlog=Memoized:s2@group-73C3960A554E-SegmentedRaftLog:OPENED:c120:last(t:1, i:120), conf=conf: {index: 0, cur=peers:[s3|, s14|, s2|]|listeners:[], old=null} RUNNING
   FOLLOWER s2@group-6AB839334A82:t0, leader=null, voted=, raftlog=Memoized:s2@group-6AB839334A82-SegmentedRaftLog:OPENED:c-1:lastnull, conf=conf: {index: -1, cur=peers:[]|listeners:[], old=null} STARTING] size=2
2024-12-25 19:03:48,345 INFO  server.RaftServer (RaftServerProxy.java:remove(112)) - s3: remove    LEADER s3@group-73C3960A554E:t1, leader=s3, voted=s3, raftlog=Memoized:s3@group-73C3960A554E-SegmentedRaftLog:OPENED:c120:last(t:1, i:120), conf=conf: {index: 0, cur=peers:[s3, s14, s2]|listeners:[], old=null} RUNNING
2024-12-25 19:03:48,345 INFO  server.RaftServer$Division (RaftServerImpl.java:lambda$close$1(514)) - s3@group-73C3960A554E: shutdown
2024-12-25 19:03:48,345 INFO  util.JmxRegister (JmxRegister.java:unregister(74)) - Successfully un-registered JMX Bean with object name Ratis:service=RaftServer,group=group-73C3960A554E,id=s3
2024-12-25 19:03:48,345 INFO  impl.RoleInfo (RoleInfo.java:shutdownLeaderState(103)) - s3: shutdown s3@group-73C3960A554E-LeaderStateImpl
2024-12-25 19:03:48,345 INFO  leader.LogAppenderDaemon (LogAppenderDaemon.java:run(85)) - s3@group-73C3960A554E->s14-LogAppenderDefault-LogAppenderDaemon was interrupted: java.lang.InterruptedException
2024-12-25 19:03:48,345 INFO  impl.PendingRequests (PendingRequests.java:sendNotLeaderResponses(287)) - s3@group-73C3960A554E-PendingRequests: sendNotLeaderResponses
2024-12-25 19:03:48,345 INFO  leader.LogAppenderDaemon (LogAppenderDaemon.java:run(85)) - s3@group-73C3960A554E->s2-LogAppenderDefault-LogAppenderDaemon was interrupted: java.lang.InterruptedException
2024-12-25 19:03:48,347 INFO  impl.StateMachineUpdater (StateMachineUpdater.java:stopAndJoin(164)) - s3@group-73C3960A554E-StateMachineUpdater: set stopIndex = 120
2024-12-25 19:03:48,347 INFO  impl.StateMachineUpdater (StateMachineUpdater.java:stop(141)) - s3@group-73C3960A554E-StateMachineUpdater: closing ArithmeticStateMachine, lastApplied=(t:1, i:120)
2024-12-25 19:03:48,348 INFO  raftlog.RaftLog (SegmentedRaftLog.java:close(568)) - Start closing s3@group-73C3960A554E-SegmentedRaftLog:OPENED:c120:last(t:1, i:120)
2024-12-25 19:03:48,348 INFO  util.AwaitToRun (AwaitToRun.java:run(49)) - s3@group-73C3960A554E-cacheEviction-AwaitToRun-AwaitForSignal is interrupted
2024-12-25 19:03:48,348 INFO  segmented.LogSegment (LogSegment.java:close(353)) - Successfully closed EntryCache-log_inprogress_0
2024-12-25 19:03:48,436 INFO  segmented.SegmentedRaftLogWorker (SegmentedRaftLogWorker.java:close(254)) - s3@group-73C3960A554E-SegmentedRaftLogWorker close()
2024-12-25 19:03:48,437 INFO  raftlog.RaftLog (SegmentedRaftLog.java:close(576)) - Successfully closed s3@group-73C3960A554E-SegmentedRaftLog:CLOSED:c120
2024-12-25 19:03:48,437 TRACE util.FileUtils (FileUtils.java:deleteFully(307)) - deleteFully /home/runner/work/ratis/ratis/ratis-examples/target/test/data/6cc16ceb/MiniRaftClusterWithSimulatedRpc6b18c296/s3/ecc5aed3-ed33-4a1d-963d-73c3960a554e
2024-12-25 19:03:48,437 TRACE util.FileUtils (LogUtils.java:runAndLog(49)) - Successfully ran Files.delete /home/runner/work/ratis/ratis/ratis-examples/target/test/data/6cc16ceb/MiniRaftClusterWithSimulatedRpc6b18c296/s3/ecc5aed3-ed33-4a1d-963d-73c3960a554e/current/raft-meta.conf
2024-12-25 19:03:48,438 TRACE util.FileUtils (LogUtils.java:runAndLog(49)) - Successfully ran Files.delete /home/runner/work/ratis/ratis/ratis-examples/target/test/data/6cc16ceb/MiniRaftClusterWithSimulatedRpc6b18c296/s3/ecc5aed3-ed33-4a1d-963d-73c3960a554e/current/log_inprogress_0
2024-12-25 19:03:48,438 TRACE util.FileUtils (LogUtils.java:runAndLog(49)) - Successfully ran Files.delete /home/runner/work/ratis/ratis/ratis-examples/target/test/data/6cc16ceb/MiniRaftClusterWithSimulatedRpc6b18c296/s3/ecc5aed3-ed33-4a1d-963d-73c3960a554e/current/raft-meta
2024-12-25 19:03:48,438 TRACE util.FileUtils (LogUtils.java:runAndLog(49)) - Successfully ran Files.delete /home/runner/work/ratis/ratis/ratis-examples/target/test/data/6cc16ceb/MiniRaftClusterWithSimulatedRpc6b18c296/s3/ecc5aed3-ed33-4a1d-963d-73c3960a554e/current
2024-12-25 19:03:48,438 TRACE util.FileUtils (LogUtils.java:runAndLog(49)) - Successfully ran Files.delete /home/runner/work/ratis/ratis/ratis-examples/target/test/data/6cc16ceb/MiniRaftClusterWithSimulatedRpc6b18c296/s3/ecc5aed3-ed33-4a1d-963d-73c3960a554e/in_use.lock
2024-12-25 19:03:48,438 TRACE util.FileUtils (LogUtils.java:runAndLog(49)) - Successfully ran Files.delete /home/runner/work/ratis/ratis/ratis-examples/target/test/data/6cc16ceb/MiniRaftClusterWithSimulatedRpc6b18c296/s3/ecc5aed3-ed33-4a1d-963d-73c3960a554e/sm
2024-12-25 19:03:48,438 TRACE util.FileUtils (LogUtils.java:runAndLog(49)) - Successfully ran Files.delete /home/runner/work/ratis/ratis/ratis-examples/target/test/data/6cc16ceb/MiniRaftClusterWithSimulatedRpc6b18c296/s3/ecc5aed3-ed33-4a1d-963d-73c3960a554e
2024-12-25 19:03:48,438 INFO  server.RaftServer$Division (RaftServerImpl.java:groupRemove(484)) - s3@group-73C3960A554E: Succeed to remove RaftStorageDirectory Storage Directory /home/runner/work/ratis/ratis/ratis-examples/target/test/data/6cc16ceb/MiniRaftClusterWithSimulatedRpc6b18c296/s3/ecc5aed3-ed33-4a1d-963d-73c3960a554e
2024-12-25 19:03:48,438 INFO  server.RaftServer (RaftServerProxy.java:remove(112)) - s14: remove  FOLLOWER s14@group-73C3960A554E:t1, leader=s3, voted=s3, raftlog=Memoized:s14@group-73C3960A554E-SegmentedRaftLog:OPENED:c120:last(t:1, i:120), conf=conf: {index: 0, cur=peers:[s3|, s14|, s2|]|listeners:[], old=null} RUNNING
2024-12-25 19:03:48,439 INFO  server.RaftServer$Division (RaftServerImpl.java:lambda$close$1(514)) - s14@group-73C3960A554E: shutdown
2024-12-25 19:03:48,439 INFO  util.JmxRegister (JmxRegister.java:unregister(74)) - Successfully un-registered JMX Bean with object name Ratis:service=RaftServer,group=group-73C3960A554E,id=s14
2024-12-25 19:03:48,439 INFO  impl.RoleInfo (RoleInfo.java:shutdownFollowerState(121)) - s14: shutdown s14@group-73C3960A554E-FollowerState
2024-12-25 19:03:48,439 INFO  impl.StateMachineUpdater (StateMachineUpdater.java:stopAndJoin(164)) - s14@group-73C3960A554E-StateMachineUpdater: set stopIndex = 120
2024-12-25 19:03:48,439 INFO  impl.StateMachineUpdater (StateMachineUpdater.java:stop(141)) - s14@group-73C3960A554E-StateMachineUpdater: closing ArithmeticStateMachine, lastApplied=(t:1, i:120)
2024-12-25 19:03:48,439 INFO  impl.FollowerState (FollowerState.java:runImpl(170)) - s14@group-73C3960A554E-FollowerState was interrupted
2024-12-25 19:03:48,439 INFO  raftlog.RaftLog (SegmentedRaftLog.java:close(568)) - Start closing s14@group-73C3960A554E-SegmentedRaftLog:OPENED:c120:last(t:1, i:120)
2024-12-25 19:03:48,439 INFO  util.AwaitToRun (AwaitToRun.java:run(49)) - s14@group-73C3960A554E-cacheEviction-AwaitToRun-AwaitForSignal is interrupted
2024-12-25 19:03:48,439 INFO  segmented.LogSegment (LogSegment.java:close(353)) - Successfully closed EntryCache-log_inprogress_0
2024-12-25 19:03:48,918 INFO  impl.FollowerState (FollowerState.java:runImpl(161)) - s2@group-73C3960A554E-FollowerState: change to CANDIDATE, lastRpcElapsedTime:717292356ns, electionTimeout:314ms
2024-12-25 19:03:48,918 INFO  impl.RoleInfo (RoleInfo.java:shutdownFollowerState(121)) - s2: shutdown s2@group-73C3960A554E-FollowerState
2024-12-25 19:03:48,918 INFO  server.RaftServer$Division (RaftServerImpl.java:setRole(379)) - s2@group-73C3960A554E: changes role from  FOLLOWER to CANDIDATE at term 1 for changeToCandidate
2024-12-25 19:03:48,918 INFO  server.RaftServerConfigKeys (ConfUtils.java:logGet(46)) - raft.server.leaderelection.pre-vote = true (default)
2024-12-25 19:03:48,918 INFO  impl.RoleInfo (RoleInfo.java:updateAndGet(148)) - s2: start s2@group-73C3960A554E-LeaderElection8
2024-12-25 19:03:48,918 INFO  server.RaftServer$Division (ServerState.java:setLeader(272)) - s2@group-73C3960A554E: change Leader from s3 to null at term 1 for PRE_VOTE
2024-12-25 19:03:48,919 INFO  impl.LeaderElection (LeaderElection.java:askForVotes(332)) - s2@group-73C3960A554E-LeaderElection8 PRE_VOTE round 0: submit vote requests at term 1 for conf: {index: 0, cur=peers:[s3|, s14|, s2|]|listeners:[], old=null}
2024-12-25 19:03:48,919 INFO  impl.LeaderElection (LogUtils.java:infoOrTrace(142)) - s2@group-73C3960A554E-LeaderElection8 got exception when requesting votes: java.util.concurrent.ExecutionException: org.apache.ratis.protocol.exceptions.GroupMismatchException: s3: group-73C3960A554E not found.
2024-12-25 19:03:48,919 INFO  impl.LeaderElection (LogUtils.java:infoOrTrace(142)) - s2@group-73C3960A554E-LeaderElection8 got exception when requesting votes: java.util.concurrent.ExecutionException: org.apache.ratis.protocol.exceptions.GroupMismatchException: s14: group-73C3960A554E not found.
2024-12-25 19:03:48,919 INFO  impl.LeaderElection (LeaderElection.java:logAndReturn(90)) - s2@group-73C3960A554E-LeaderElection8: PRE_VOTE REJECTED received 0 response(s) and 2 exception(s):
2024-12-25 19:03:48,919 INFO  impl.LeaderElection (LogUtils.java:infoOrTrace(142)) -   Exception 0: java.util.concurrent.ExecutionException: org.apache.ratis.protocol.exceptions.GroupMismatchException: s3: group-73C3960A554E not found.
2024-12-25 19:03:48,919 INFO  impl.LeaderElection (LogUtils.java:infoOrTrace(142)) -   Exception 1: java.util.concurrent.ExecutionException: org.apache.ratis.protocol.exceptions.GroupMismatchException: s14: group-73C3960A554E not found.
2024-12-25 19:03:48,919 INFO  impl.LeaderElection (LeaderElection.java:askForVotes(334)) - s2@group-73C3960A554E-LeaderElection8 PRE_VOTE round 0: result REJECTED
2024-12-25 19:03:48,919 INFO  server.RaftServer$Division (RaftServerImpl.java:setRole(379)) - s2@group-73C3960A554E: changes role from CANDIDATE to FOLLOWER at term 1 for REJECTED
2024-12-25 19:03:48,919 INFO  impl.RoleInfo (RoleInfo.java:shutdownLeaderElection(141)) - s2: shutdown s2@group-73C3960A554E-LeaderElection8
2024-12-25 19:03:48,919 INFO  impl.RoleInfo (RoleInfo.java:updateAndGet(148)) - s2: start s2@group-73C3960A554E-FollowerState
2024-12-25 19:03:49,275 INFO  impl.FollowerState (FollowerState.java:runImpl(161)) - s2@group-73C3960A554E-FollowerState: change to CANDIDATE, lastRpcElapsedTime:355266692ns, electionTimeout:355ms
2024-12-25 19:03:49,275 INFO  impl.RoleInfo (RoleInfo.java:shutdownFollowerState(121)) - s2: shutdown s2@group-73C3960A554E-FollowerState
2024-12-25 19:03:49,275 INFO  server.RaftServer$Division (RaftServerImpl.java:setRole(379)) - s2@group-73C3960A554E: changes role from  FOLLOWER to CANDIDATE at term 1 for changeToCandidate
2024-12-25 19:03:49,275 INFO  server.RaftServerConfigKeys (ConfUtils.java:logGet(46)) - raft.server.leaderelection.pre-vote = true (default)
2024-12-25 19:03:49,275 INFO  impl.RoleInfo (RoleInfo.java:updateAndGet(148)) - s2: start s2@group-73C3960A554E-LeaderElection9
2024-12-25 19:03:49,275 INFO  impl.LeaderElection (LeaderElection.java:askForVotes(332)) - s2@group-73C3960A554E-LeaderElection9 PRE_VOTE round 0: submit vote requests at term 1 for conf: {index: 0, cur=peers:[s3|, s14|, s2|]|listeners:[], old=null}
2024-12-25 19:03:49,276 INFO  impl.LeaderElection (LogUtils.java:infoOrTrace(142)) - s2@group-73C3960A554E-LeaderElection9 got exception when requesting votes: java.util.concurrent.ExecutionException: org.apache.ratis.protocol.exceptions.GroupMismatchException: s3: group-73C3960A554E not found.
2024-12-25 19:03:49,276 INFO  impl.LeaderElection (LogUtils.java:infoOrTrace(142)) - s2@group-73C3960A554E-LeaderElection9 got exception when requesting votes: java.util.concurrent.ExecutionException: org.apache.ratis.protocol.exceptions.GroupMismatchException: s14: group-73C3960A554E not found.
2024-12-25 19:03:49,276 INFO  impl.LeaderElection (LeaderElection.java:logAndReturn(90)) - s2@group-73C3960A554E-LeaderElection9: PRE_VOTE REJECTED received 0 response(s) and 2 exception(s):
2024-12-25 19:03:49,276 INFO  impl.LeaderElection (LogUtils.java:infoOrTrace(142)) -   Exception 0: java.util.concurrent.ExecutionException: org.apache.ratis.protocol.exceptions.GroupMismatchException: s3: group-73C3960A554E not found.
2024-12-25 19:03:49,276 INFO  impl.LeaderElection (LogUtils.java:infoOrTrace(142)) -   Exception 1: java.util.concurrent.ExecutionException: org.apache.ratis.protocol.exceptions.GroupMismatchException: s14: group-73C3960A554E not found.
2024-12-25 19:03:49,276 INFO  impl.LeaderElection (LeaderElection.java:askForVotes(334)) - s2@group-73C3960A554E-LeaderElection9 PRE_VOTE round 0: result REJECTED
2024-12-25 19:03:49,276 INFO  server.RaftServer$Division (RaftServerImpl.java:setRole(379)) - s2@group-73C3960A554E: changes role from CANDIDATE to FOLLOWER at term 1 for REJECTED
2024-12-25 19:03:49,276 INFO  impl.RoleInfo (RoleInfo.java:shutdownLeaderElection(141)) - s2: shutdown s2@group-73C3960A554E-LeaderElection9
2024-12-25 19:03:49,276 INFO  impl.RoleInfo (RoleInfo.java:updateAndGet(148)) - s2: start s2@group-73C3960A554E-FollowerState
2024-12-25 19:03:49,437 INFO  segmented.SegmentedRaftLogWorker (SegmentedRaftLogWorker.java:close(254)) - s14@group-73C3960A554E-SegmentedRaftLogWorker close()
2024-12-25 19:03:49,437 INFO  raftlog.RaftLog (SegmentedRaftLog.java:close(576)) - Successfully closed s14@group-73C3960A554E-SegmentedRaftLog:CLOSED:c120
2024-12-25 19:03:49,437 TRACE util.FileUtils (FileUtils.java:deleteFully(307)) - deleteFully /home/runner/work/ratis/ratis/ratis-examples/target/test/data/6cc16ceb/MiniRaftClusterWithSimulatedRpc6b18c296/s14/ecc5aed3-ed33-4a1d-963d-73c3960a554e
2024-12-25 19:03:49,438 TRACE util.FileUtils (LogUtils.java:runAndLog(49)) - Successfully ran Files.delete /home/runner/work/ratis/ratis/ratis-examples/target/test/data/6cc16ceb/MiniRaftClusterWithSimulatedRpc6b18c296/s14/ecc5aed3-ed33-4a1d-963d-73c3960a554e/current/raft-meta.conf
2024-12-25 19:03:49,438 TRACE util.FileUtils (LogUtils.java:runAndLog(49)) - Successfully ran Files.delete /home/runner/work/ratis/ratis/ratis-examples/target/test/data/6cc16ceb/MiniRaftClusterWithSimulatedRpc6b18c296/s14/ecc5aed3-ed33-4a1d-963d-73c3960a554e/current/log_inprogress_0
2024-12-25 19:03:49,438 TRACE util.FileUtils (LogUtils.java:runAndLog(49)) - Successfully ran Files.delete /home/runner/work/ratis/ratis/ratis-examples/target/test/data/6cc16ceb/MiniRaftClusterWithSimulatedRpc6b18c296/s14/ecc5aed3-ed33-4a1d-963d-73c3960a554e/current/raft-meta
2024-12-25 19:03:49,438 TRACE util.FileUtils (LogUtils.java:runAndLog(49)) - Successfully ran Files.delete /home/runner/work/ratis/ratis/ratis-examples/target/test/data/6cc16ceb/MiniRaftClusterWithSimulatedRpc6b18c296/s14/ecc5aed3-ed33-4a1d-963d-73c3960a554e/current
2024-12-25 19:03:49,438 TRACE util.FileUtils (LogUtils.java:runAndLog(49)) - Successfully ran Files.delete /home/runner/work/ratis/ratis/ratis-examples/target/test/data/6cc16ceb/MiniRaftClusterWithSimulatedRpc6b18c296/s14/ecc5aed3-ed33-4a1d-963d-73c3960a554e/in_use.lock
2024-12-25 19:03:49,439 TRACE util.FileUtils (LogUtils.java:runAndLog(49)) - Successfully ran Files.delete /home/runner/work/ratis/ratis/ratis-examples/target/test/data/6cc16ceb/MiniRaftClusterWithSimulatedRpc6b18c296/s14/ecc5aed3-ed33-4a1d-963d-73c3960a554e/sm
2024-12-25 19:03:49,439 TRACE util.FileUtils (LogUtils.java:runAndLog(49)) - Successfully ran Files.delete /home/runner/work/ratis/ratis/ratis-examples/target/test/data/6cc16ceb/MiniRaftClusterWithSimulatedRpc6b18c296/s14/ecc5aed3-ed33-4a1d-963d-73c3960a554e
2024-12-25 19:03:49,439 INFO  server.RaftServer$Division (RaftServerImpl.java:groupRemove(484)) - s14@group-73C3960A554E: Succeed to remove RaftStorageDirectory Storage Directory /home/runner/work/ratis/ratis/ratis-examples/target/test/data/6cc16ceb/MiniRaftClusterWithSimulatedRpc6b18c296/s14/ecc5aed3-ed33-4a1d-963d-73c3960a554e
2024-12-25 19:03:49,439 INFO  server.RaftServer (RaftServerProxy.java:remove(112)) - s2: remove  FOLLOWER s2@group-73C3960A554E:t1, leader=null, voted=s3, raftlog=Memoized:s2@group-73C3960A554E-SegmentedRaftLog:OPENED:c120:last(t:1, i:120), conf=conf: {index: 0, cur=peers:[s3|, s14|, s2|]|listeners:[], old=null} RUNNING
2024-12-25 19:03:49,440 INFO  server.RaftServer$Division (RaftServerImpl.java:lambda$close$1(514)) - s2@group-73C3960A554E: shutdown
2024-12-25 19:03:49,440 INFO  util.JmxRegister (JmxRegister.java:unregister(74)) - Successfully un-registered JMX Bean with object name Ratis:service=RaftServer,group=group-73C3960A554E,id=s2
2024-12-25 19:03:49,440 INFO  impl.RoleInfo (RoleInfo.java:shutdownFollowerState(121)) - s2: shutdown s2@group-73C3960A554E-FollowerState
2024-12-25 19:03:49,440 INFO  impl.StateMachineUpdater (StateMachineUpdater.java:stopAndJoin(164)) - s2@group-73C3960A554E-StateMachineUpdater: set stopIndex = 120
2024-12-25 19:03:49,440 INFO  impl.FollowerState (FollowerState.java:runImpl(170)) - s2@group-73C3960A554E-FollowerState was interrupted
2024-12-25 19:03:49,440 INFO  impl.StateMachineUpdater (StateMachineUpdater.java:stop(141)) - s2@group-73C3960A554E-StateMachineUpdater: closing ArithmeticStateMachine, lastApplied=(t:1, i:120)
2024-12-25 19:03:49,440 INFO  raftlog.RaftLog (SegmentedRaftLog.java:close(568)) - Start closing s2@group-73C3960A554E-SegmentedRaftLog:OPENED:c120:last(t:1, i:120)
2024-12-25 19:03:49,440 INFO  util.AwaitToRun (AwaitToRun.java:run(49)) - s2@group-73C3960A554E-cacheEviction-AwaitToRun-AwaitForSignal is interrupted
2024-12-25 19:03:49,440 INFO  segmented.LogSegment (LogSegment.java:close(353)) - Successfully closed EntryCache-log_inprogress_0
2024-12-25 19:03:50,436 INFO  segmented.SegmentedRaftLogWorker (SegmentedRaftLogWorker.java:close(254)) - s2@group-73C3960A554E-SegmentedRaftLogWorker close()
2024-12-25 19:03:50,437 INFO  raftlog.RaftLog (SegmentedRaftLog.java:close(576)) - Successfully closed s2@group-73C3960A554E-SegmentedRaftLog:CLOSED:c120
2024-12-25 19:03:50,437 TRACE util.FileUtils (FileUtils.java:deleteFully(307)) - deleteFully /home/runner/work/ratis/ratis/ratis-examples/target/test/data/6cc16ceb/MiniRaftClusterWithSimulatedRpc6b18c296/s2/ecc5aed3-ed33-4a1d-963d-73c3960a554e
2024-12-25 19:03:50,438 TRACE util.FileUtils (LogUtils.java:runAndLog(49)) - Successfully ran Files.delete /home/runner/work/ratis/ratis/ratis-examples/target/test/data/6cc16ceb/MiniRaftClusterWithSimulatedRpc6b18c296/s2/ecc5aed3-ed33-4a1d-963d-73c3960a554e/current/raft-meta.conf
2024-12-25 19:03:50,438 TRACE util.FileUtils (LogUtils.java:runAndLog(49)) - Successfully ran Files.delete /home/runner/work/ratis/ratis/ratis-examples/target/test/data/6cc16ceb/MiniRaftClusterWithSimulatedRpc6b18c296/s2/ecc5aed3-ed33-4a1d-963d-73c3960a554e/current/log_inprogress_0
2024-12-25 19:03:50,438 TRACE util.FileUtils (LogUtils.java:runAndLog(49)) - Successfully ran Files.delete /home/runner/work/ratis/ratis/ratis-examples/target/test/data/6cc16ceb/MiniRaftClusterWithSimulatedRpc6b18c296/s2/ecc5aed3-ed33-4a1d-963d-73c3960a554e/current/raft-meta
2024-12-25 19:03:50,438 TRACE util.FileUtils (LogUtils.java:runAndLog(49)) - Successfully ran Files.delete /home/runner/work/ratis/ratis/ratis-examples/target/test/data/6cc16ceb/MiniRaftClusterWithSimulatedRpc6b18c296/s2/ecc5aed3-ed33-4a1d-963d-73c3960a554e/current
2024-12-25 19:03:50,438 TRACE util.FileUtils (LogUtils.java:runAndLog(49)) - Successfully ran Files.delete /home/runner/work/ratis/ratis/ratis-examples/target/test/data/6cc16ceb/MiniRaftClusterWithSimulatedRpc6b18c296/s2/ecc5aed3-ed33-4a1d-963d-73c3960a554e/in_use.lock
2024-12-25 19:03:50,438 TRACE util.FileUtils (LogUtils.java:runAndLog(49)) - Successfully ran Files.delete /home/runner/work/ratis/ratis/ratis-examples/target/test/data/6cc16ceb/MiniRaftClusterWithSimulatedRpc6b18c296/s2/ecc5aed3-ed33-4a1d-963d-73c3960a554e/sm
2024-12-25 19:03:50,438 TRACE util.FileUtils (LogUtils.java:runAndLog(49)) - Successfully ran Files.delete /home/runner/work/ratis/ratis/ratis-examples/target/test/data/6cc16ceb/MiniRaftClusterWithSimulatedRpc6b18c296/s2/ecc5aed3-ed33-4a1d-963d-73c3960a554e
2024-12-25 19:03:50,438 INFO  server.RaftServer$Division (RaftServerImpl.java:groupRemove(484)) - s2@group-73C3960A554E: Succeed to remove RaftStorageDirectory Storage Directory /home/runner/work/ratis/ratis/ratis-examples/target/test/data/6cc16ceb/MiniRaftClusterWithSimulatedRpc6b18c296/s2/ecc5aed3-ed33-4a1d-963d-73c3960a554e
2024-12-25 19:03:50,439 INFO  impl.GroupManagementBaseTest (GroupManagementBaseTest.java:runMultiGroupTest(299)) - 3) close printing group-639A8E78DFD7
  s4:  RUNNING [
     LEADER s4@group-639A8E78DFD7:t1, leader=s4, voted=s4, raftlog=Memoized:s4@group-639A8E78DFD7-SegmentedRaftLog:OPENED:c120:last(t:1, i:120), conf=conf: {index: 0, cur=peers:[s4, s5, s6]|listeners:[], old=null} RUNNING
   FOLLOWER s4@group-6AB839334A82:t0, leader=null, voted=, raftlog=Memoized:s4@group-6AB839334A82-SegmentedRaftLog:OPENED:c-1:lastnull, conf=conf: {index: -1, cur=peers:[]|listeners:[], old=null} STARTING] size=2
  s5:  RUNNING [
   FOLLOWER s5@group-639A8E78DFD7:t1, leader=s4, voted=s4, raftlog=Memoized:s5@group-639A8E78DFD7-SegmentedRaftLog:OPENED:c120:last(t:1, i:120), conf=conf: {index: 0, cur=peers:[s4|, s5|, s6|]|listeners:[], old=null} RUNNING
   FOLLOWER s5@group-6AB839334A82:t0, leader=null, voted=, raftlog=Memoized:s5@group-6AB839334A82-SegmentedRaftLog:OPENED:c-1:lastnull, conf=conf: {index: -1, cur=peers:[]|listeners:[], old=null} STARTING] size=2
  s6:  RUNNING [
   FOLLOWER s6@group-639A8E78DFD7:t1, leader=s4, voted=s4, raftlog=Memoized:s6@group-639A8E78DFD7-SegmentedRaftLog:OPENED:c120:last(t:1, i:120), conf=conf: {index: 0, cur=peers:[s4|, s5|, s6|]|listeners:[], old=null} RUNNING
   FOLLOWER s6@group-6AB839334A82:t0, leader=null, voted=, raftlog=Memoized:s6@group-6AB839334A82-SegmentedRaftLog:OPENED:c-1:lastnull, conf=conf: {index: -1, cur=peers:[]|listeners:[], old=null} STARTING] size=2
2024-12-25 19:03:50,439 INFO  server.RaftServer (RaftServerProxy.java:remove(112)) - s4: remove    LEADER s4@group-639A8E78DFD7:t1, leader=s4, voted=s4, raftlog=Memoized:s4@group-639A8E78DFD7-SegmentedRaftLog:OPENED:c120:last(t:1, i:120), conf=conf: {index: 0, cur=peers:[s4, s5, s6]|listeners:[], old=null} RUNNING
2024-12-25 19:03:50,439 INFO  server.RaftServer$Division (RaftServerImpl.java:lambda$close$1(514)) - s4@group-639A8E78DFD7: shutdown
2024-12-25 19:03:50,439 INFO  util.JmxRegister (JmxRegister.java:unregister(74)) - Successfully un-registered JMX Bean with object name Ratis:service=RaftServer,group=group-639A8E78DFD7,id=s4
2024-12-25 19:03:50,439 INFO  impl.RoleInfo (RoleInfo.java:shutdownLeaderState(103)) - s4: shutdown s4@group-639A8E78DFD7-LeaderStateImpl
2024-12-25 19:03:50,439 INFO  leader.LogAppenderDaemon (LogAppenderDaemon.java:run(85)) - s4@group-639A8E78DFD7->s5-LogAppenderDefault-LogAppenderDaemon was interrupted: java.lang.InterruptedException
2024-12-25 19:03:50,439 INFO  impl.PendingRequests (PendingRequests.java:sendNotLeaderResponses(287)) - s4@group-639A8E78DFD7-PendingRequests: sendNotLeaderResponses
2024-12-25 19:03:50,439 INFO  leader.LogAppenderDaemon (LogAppenderDaemon.java:run(85)) - s4@group-639A8E78DFD7->s6-LogAppenderDefault-LogAppenderDaemon was interrupted: java.lang.InterruptedException
2024-12-25 19:03:50,441 INFO  impl.StateMachineUpdater (StateMachineUpdater.java:stopAndJoin(164)) - s4@group-639A8E78DFD7-StateMachineUpdater: set stopIndex = 120
2024-12-25 19:03:50,441 INFO  impl.StateMachineUpdater (StateMachineUpdater.java:stop(141)) - s4@group-639A8E78DFD7-StateMachineUpdater: closing ArithmeticStateMachine, lastApplied=(t:1, i:120)
2024-12-25 19:03:50,441 INFO  raftlog.RaftLog (SegmentedRaftLog.java:close(568)) - Start closing s4@group-639A8E78DFD7-SegmentedRaftLog:OPENED:c120:last(t:1, i:120)
2024-12-25 19:03:50,441 INFO  util.AwaitToRun (AwaitToRun.java:run(49)) - s4@group-639A8E78DFD7-cacheEviction-AwaitToRun-AwaitForSignal is interrupted
2024-12-25 19:03:50,441 INFO  segmented.LogSegment (LogSegment.java:close(353)) - Successfully closed EntryCache-log_inprogress_0
2024-12-25 19:03:50,478 INFO  segmented.SegmentedRaftLogWorker (SegmentedRaftLogWorker.java:close(254)) - s4@group-639A8E78DFD7-SegmentedRaftLogWorker close()
2024-12-25 19:03:50,479 INFO  raftlog.RaftLog (SegmentedRaftLog.java:close(576)) - Successfully closed s4@group-639A8E78DFD7-SegmentedRaftLog:CLOSED:c120
2024-12-25 19:03:50,479 TRACE util.FileUtils (FileUtils.java:deleteFully(307)) - deleteFully /home/runner/work/ratis/ratis/ratis-examples/target/test/data/6cc16ceb/MiniRaftClusterWithSimulatedRpc6b18c296/s4/27e74a1c-3483-4ef2-a5df-639a8e78dfd7
2024-12-25 19:03:50,479 TRACE util.FileUtils (LogUtils.java:runAndLog(49)) - Successfully ran Files.delete /home/runner/work/ratis/ratis/ratis-examples/target/test/data/6cc16ceb/MiniRaftClusterWithSimulatedRpc6b18c296/s4/27e74a1c-3483-4ef2-a5df-639a8e78dfd7/current/raft-meta.conf
2024-12-25 19:03:50,479 TRACE util.FileUtils (LogUtils.java:runAndLog(49)) - Successfully ran Files.delete /home/runner/work/ratis/ratis/ratis-examples/target/test/data/6cc16ceb/MiniRaftClusterWithSimulatedRpc6b18c296/s4/27e74a1c-3483-4ef2-a5df-639a8e78dfd7/current/log_inprogress_0
2024-12-25 19:03:50,479 TRACE util.FileUtils (LogUtils.java:runAndLog(49)) - Successfully ran Files.delete /home/runner/work/ratis/ratis/ratis-examples/target/test/data/6cc16ceb/MiniRaftClusterWithSimulatedRpc6b18c296/s4/27e74a1c-3483-4ef2-a5df-639a8e78dfd7/current/raft-meta
2024-12-25 19:03:50,479 TRACE util.FileUtils (LogUtils.java:runAndLog(49)) - Successfully ran Files.delete /home/runner/work/ratis/ratis/ratis-examples/target/test/data/6cc16ceb/MiniRaftClusterWithSimulatedRpc6b18c296/s4/27e74a1c-3483-4ef2-a5df-639a8e78dfd7/current
2024-12-25 19:03:50,480 TRACE util.FileUtils (LogUtils.java:runAndLog(49)) - Successfully ran Files.delete /home/runner/work/ratis/ratis/ratis-examples/target/test/data/6cc16ceb/MiniRaftClusterWithSimulatedRpc6b18c296/s4/27e74a1c-3483-4ef2-a5df-639a8e78dfd7/in_use.lock
2024-12-25 19:03:50,480 TRACE util.FileUtils (LogUtils.java:runAndLog(49)) - Successfully ran Files.delete /home/runner/work/ratis/ratis/ratis-examples/target/test/data/6cc16ceb/MiniRaftClusterWithSimulatedRpc6b18c296/s4/27e74a1c-3483-4ef2-a5df-639a8e78dfd7/sm
2024-12-25 19:03:50,480 TRACE util.FileUtils (LogUtils.java:runAndLog(49)) - Successfully ran Files.delete /home/runner/work/ratis/ratis/ratis-examples/target/test/data/6cc16ceb/MiniRaftClusterWithSimulatedRpc6b18c296/s4/27e74a1c-3483-4ef2-a5df-639a8e78dfd7
2024-12-25 19:03:50,480 INFO  server.RaftServer$Division (RaftServerImpl.java:groupRemove(484)) - s4@group-639A8E78DFD7: Succeed to remove RaftStorageDirectory Storage Directory /home/runner/work/ratis/ratis/ratis-examples/target/test/data/6cc16ceb/MiniRaftClusterWithSimulatedRpc6b18c296/s4/27e74a1c-3483-4ef2-a5df-639a8e78dfd7
2024-12-25 19:03:50,480 INFO  server.RaftServer (RaftServerProxy.java:remove(112)) - s5: remove  FOLLOWER s5@group-639A8E78DFD7:t1, leader=s4, voted=s4, raftlog=Memoized:s5@group-639A8E78DFD7-SegmentedRaftLog:OPENED:c120:last(t:1, i:120), conf=conf: {index: 0, cur=peers:[s4|, s5|, s6|]|listeners:[], old=null} RUNNING
2024-12-25 19:03:50,480 INFO  server.RaftServer$Division (RaftServerImpl.java:lambda$close$1(514)) - s5@group-639A8E78DFD7: shutdown
2024-12-25 19:03:50,480 INFO  util.JmxRegister (JmxRegister.java:unregister(74)) - Successfully un-registered JMX Bean with object name Ratis:service=RaftServer,group=group-639A8E78DFD7,id=s5
2024-12-25 19:03:50,480 INFO  impl.RoleInfo (RoleInfo.java:shutdownFollowerState(121)) - s5: shutdown s5@group-639A8E78DFD7-FollowerState
2024-12-25 19:03:50,480 INFO  impl.StateMachineUpdater (StateMachineUpdater.java:stopAndJoin(164)) - s5@group-639A8E78DFD7-StateMachineUpdater: set stopIndex = 120
2024-12-25 19:03:50,480 INFO  impl.FollowerState (FollowerState.java:runImpl(170)) - s5@group-639A8E78DFD7-FollowerState was interrupted
2024-12-25 19:03:50,481 INFO  impl.StateMachineUpdater (StateMachineUpdater.java:stop(141)) - s5@group-639A8E78DFD7-StateMachineUpdater: closing ArithmeticStateMachine, lastApplied=(t:1, i:120)
2024-12-25 19:03:50,481 INFO  raftlog.RaftLog (SegmentedRaftLog.java:close(568)) - Start closing s5@group-639A8E78DFD7-SegmentedRaftLog:OPENED:c120:last(t:1, i:120)
2024-12-25 19:03:50,481 INFO  util.AwaitToRun (AwaitToRun.java:run(49)) - s5@group-639A8E78DFD7-cacheEviction-AwaitToRun-AwaitForSignal is interrupted
2024-12-25 19:03:50,481 INFO  segmented.LogSegment (LogSegment.java:close(353)) - Successfully closed EntryCache-log_inprogress_0
2024-12-25 19:03:51,065 INFO  impl.FollowerState (FollowerState.java:runImpl(161)) - s6@group-639A8E78DFD7-FollowerState: change to CANDIDATE, lastRpcElapsedTime:769695482ns, electionTimeout:531ms
2024-12-25 19:03:51,065 INFO  impl.RoleInfo (RoleInfo.java:shutdownFollowerState(121)) - s6: shutdown s6@group-639A8E78DFD7-FollowerState
2024-12-25 19:03:51,065 INFO  server.RaftServer$Division (RaftServerImpl.java:setRole(379)) - s6@group-639A8E78DFD7: changes role from  FOLLOWER to CANDIDATE at term 1 for changeToCandidate
2024-12-25 19:03:51,065 INFO  server.RaftServerConfigKeys (ConfUtils.java:logGet(46)) - raft.server.leaderelection.pre-vote = true (default)
2024-12-25 19:03:51,065 INFO  impl.RoleInfo (RoleInfo.java:updateAndGet(148)) - s6: start s6@group-639A8E78DFD7-LeaderElection10
2024-12-25 19:03:51,065 INFO  server.RaftServer$Division (ServerState.java:setLeader(272)) - s6@group-639A8E78DFD7: change Leader from s4 to null at term 1 for PRE_VOTE
2024-12-25 19:03:51,065 INFO  impl.LeaderElection (LeaderElection.java:askForVotes(332)) - s6@group-639A8E78DFD7-LeaderElection10 PRE_VOTE round 0: submit vote requests at term 1 for conf: {index: 0, cur=peers:[s4|, s5|, s6|]|listeners:[], old=null}
2024-12-25 19:03:51,066 INFO  impl.LeaderElection (LogUtils.java:infoOrTrace(142)) - s6@group-639A8E78DFD7-LeaderElection10 got exception when requesting votes: java.util.concurrent.ExecutionException: org.apache.ratis.protocol.exceptions.GroupMismatchException: s4: group-639A8E78DFD7 not found.
2024-12-25 19:03:51,066 INFO  impl.LeaderElection (LogUtils.java:infoOrTrace(142)) - s6@group-639A8E78DFD7-LeaderElection10 got exception when requesting votes: java.util.concurrent.ExecutionException: org.apache.ratis.protocol.exceptions.GroupMismatchException: s5: group-639A8E78DFD7 not found.
2024-12-25 19:03:51,066 INFO  impl.LeaderElection (LeaderElection.java:logAndReturn(90)) - s6@group-639A8E78DFD7-LeaderElection10: PRE_VOTE REJECTED received 0 response(s) and 2 exception(s):
2024-12-25 19:03:51,066 INFO  impl.LeaderElection (LogUtils.java:infoOrTrace(142)) -   Exception 0: java.util.concurrent.ExecutionException: org.apache.ratis.protocol.exceptions.GroupMismatchException: s4: group-639A8E78DFD7 not found.
2024-12-25 19:03:51,066 INFO  impl.LeaderElection (LogUtils.java:infoOrTrace(142)) -   Exception 1: java.util.concurrent.ExecutionException: org.apache.ratis.protocol.exceptions.GroupMismatchException: s5: group-639A8E78DFD7 not found.
2024-12-25 19:03:51,066 INFO  impl.LeaderElection (LeaderElection.java:askForVotes(334)) - s6@group-639A8E78DFD7-LeaderElection10 PRE_VOTE round 0: result REJECTED
2024-12-25 19:03:51,066 INFO  server.RaftServer$Division (RaftServerImpl.java:setRole(379)) - s6@group-639A8E78DFD7: changes role from CANDIDATE to FOLLOWER at term 1 for REJECTED
2024-12-25 19:03:51,066 INFO  impl.RoleInfo (RoleInfo.java:shutdownLeaderElection(141)) - s6: shutdown s6@group-639A8E78DFD7-LeaderElection10
2024-12-25 19:03:51,066 INFO  impl.RoleInfo (RoleInfo.java:updateAndGet(148)) - s6: start s6@group-639A8E78DFD7-FollowerState
2024-12-25 19:03:51,480 INFO  segmented.SegmentedRaftLogWorker (SegmentedRaftLogWorker.java:close(254)) - s5@group-639A8E78DFD7-SegmentedRaftLogWorker close()
2024-12-25 19:03:51,480 INFO  raftlog.RaftLog (SegmentedRaftLog.java:close(576)) - Successfully closed s5@group-639A8E78DFD7-SegmentedRaftLog:CLOSED:c120
2024-12-25 19:03:51,480 TRACE util.FileUtils (FileUtils.java:deleteFully(307)) - deleteFully /home/runner/work/ratis/ratis/ratis-examples/target/test/data/6cc16ceb/MiniRaftClusterWithSimulatedRpc6b18c296/s5/27e74a1c-3483-4ef2-a5df-639a8e78dfd7
2024-12-25 19:03:51,481 TRACE util.FileUtils (LogUtils.java:runAndLog(49)) - Successfully ran Files.delete /home/runner/work/ratis/ratis/ratis-examples/target/test/data/6cc16ceb/MiniRaftClusterWithSimulatedRpc6b18c296/s5/27e74a1c-3483-4ef2-a5df-639a8e78dfd7/current/raft-meta.conf
2024-12-25 19:03:51,481 TRACE util.FileUtils (LogUtils.java:runAndLog(49)) - Successfully ran Files.delete /home/runner/work/ratis/ratis/ratis-examples/target/test/data/6cc16ceb/MiniRaftClusterWithSimulatedRpc6b18c296/s5/27e74a1c-3483-4ef2-a5df-639a8e78dfd7/current/log_inprogress_0
2024-12-25 19:03:51,481 TRACE util.FileUtils (LogUtils.java:runAndLog(49)) - Successfully ran Files.delete /home/runner/work/ratis/ratis/ratis-examples/target/test/data/6cc16ceb/MiniRaftClusterWithSimulatedRpc6b18c296/s5/27e74a1c-3483-4ef2-a5df-639a8e78dfd7/current/raft-meta
2024-12-25 19:03:51,481 TRACE util.FileUtils (LogUtils.java:runAndLog(49)) - Successfully ran Files.delete /home/runner/work/ratis/ratis/ratis-examples/target/test/data/6cc16ceb/MiniRaftClusterWithSimulatedRpc6b18c296/s5/27e74a1c-3483-4ef2-a5df-639a8e78dfd7/current
2024-12-25 19:03:51,481 TRACE util.FileUtils (LogUtils.java:runAndLog(49)) - Successfully ran Files.delete /home/runner/work/ratis/ratis/ratis-examples/target/test/data/6cc16ceb/MiniRaftClusterWithSimulatedRpc6b18c296/s5/27e74a1c-3483-4ef2-a5df-639a8e78dfd7/in_use.lock
2024-12-25 19:03:51,482 TRACE util.FileUtils (LogUtils.java:runAndLog(49)) - Successfully ran Files.delete /home/runner/work/ratis/ratis/ratis-examples/target/test/data/6cc16ceb/MiniRaftClusterWithSimulatedRpc6b18c296/s5/27e74a1c-3483-4ef2-a5df-639a8e78dfd7/sm
2024-12-25 19:03:51,482 TRACE util.FileUtils (LogUtils.java:runAndLog(49)) - Successfully ran Files.delete /home/runner/work/ratis/ratis/ratis-examples/target/test/data/6cc16ceb/MiniRaftClusterWithSimulatedRpc6b18c296/s5/27e74a1c-3483-4ef2-a5df-639a8e78dfd7
2024-12-25 19:03:51,482 INFO  server.RaftServer$Division (RaftServerImpl.java:groupRemove(484)) - s5@group-639A8E78DFD7: Succeed to remove RaftStorageDirectory Storage Directory /home/runner/work/ratis/ratis/ratis-examples/target/test/data/6cc16ceb/MiniRaftClusterWithSimulatedRpc6b18c296/s5/27e74a1c-3483-4ef2-a5df-639a8e78dfd7
2024-12-25 19:03:51,482 INFO  server.RaftServer (RaftServerProxy.java:remove(112)) - s6: remove  FOLLOWER s6@group-639A8E78DFD7:t1, leader=null, voted=s4, raftlog=Memoized:s6@group-639A8E78DFD7-SegmentedRaftLog:OPENED:c120:last(t:1, i:120), conf=conf: {index: 0, cur=peers:[s4|, s5|, s6|]|listeners:[], old=null} RUNNING
2024-12-25 19:03:51,482 INFO  server.RaftServer$Division (RaftServerImpl.java:lambda$close$1(514)) - s6@group-639A8E78DFD7: shutdown
2024-12-25 19:03:51,483 INFO  util.JmxRegister (JmxRegister.java:unregister(74)) - Successfully un-registered JMX Bean with object name Ratis:service=RaftServer,group=group-639A8E78DFD7,id=s6
2024-12-25 19:03:51,483 INFO  impl.RoleInfo (RoleInfo.java:shutdownFollowerState(121)) - s6: shutdown s6@group-639A8E78DFD7-FollowerState
2024-12-25 19:03:51,483 INFO  impl.StateMachineUpdater (StateMachineUpdater.java:stopAndJoin(164)) - s6@group-639A8E78DFD7-StateMachineUpdater: set stopIndex = 120
2024-12-25 19:03:51,483 INFO  impl.StateMachineUpdater (StateMachineUpdater.java:stop(141)) - s6@group-639A8E78DFD7-StateMachineUpdater: closing ArithmeticStateMachine, lastApplied=(t:1, i:120)
2024-12-25 19:03:51,483 INFO  raftlog.RaftLog (SegmentedRaftLog.java:close(568)) - Start closing s6@group-639A8E78DFD7-SegmentedRaftLog:OPENED:c120:last(t:1, i:120)
2024-12-25 19:03:51,484 INFO  impl.FollowerState (FollowerState.java:runImpl(170)) - s6@group-639A8E78DFD7-FollowerState was interrupted
2024-12-25 19:03:51,484 INFO  util.AwaitToRun (AwaitToRun.java:run(49)) - s6@group-639A8E78DFD7-cacheEviction-AwaitToRun-AwaitForSignal is interrupted
2024-12-25 19:03:51,484 INFO  segmented.LogSegment (LogSegment.java:close(353)) - Successfully closed EntryCache-log_inprogress_0
2024-12-25 19:03:52,479 INFO  segmented.SegmentedRaftLogWorker (SegmentedRaftLogWorker.java:close(254)) - s6@group-639A8E78DFD7-SegmentedRaftLogWorker close()
2024-12-25 19:03:52,480 INFO  raftlog.RaftLog (SegmentedRaftLog.java:close(576)) - Successfully closed s6@group-639A8E78DFD7-SegmentedRaftLog:CLOSED:c120
2024-12-25 19:03:52,481 TRACE util.FileUtils (FileUtils.java:deleteFully(307)) - deleteFully /home/runner/work/ratis/ratis/ratis-examples/target/test/data/6cc16ceb/MiniRaftClusterWithSimulatedRpc6b18c296/s6/27e74a1c-3483-4ef2-a5df-639a8e78dfd7
2024-12-25 19:03:52,481 TRACE util.FileUtils (LogUtils.java:runAndLog(49)) - Successfully ran Files.delete /home/runner/work/ratis/ratis/ratis-examples/target/test/data/6cc16ceb/MiniRaftClusterWithSimulatedRpc6b18c296/s6/27e74a1c-3483-4ef2-a5df-639a8e78dfd7/current/raft-meta.conf
2024-12-25 19:03:52,481 TRACE util.FileUtils (LogUtils.java:runAndLog(49)) - Successfully ran Files.delete /home/runner/work/ratis/ratis/ratis-examples/target/test/data/6cc16ceb/MiniRaftClusterWithSimulatedRpc6b18c296/s6/27e74a1c-3483-4ef2-a5df-639a8e78dfd7/current/log_inprogress_0
2024-12-25 19:03:52,481 TRACE util.FileUtils (LogUtils.java:runAndLog(49)) - Successfully ran Files.delete /home/runner/work/ratis/ratis/ratis-examples/target/test/data/6cc16ceb/MiniRaftClusterWithSimulatedRpc6b18c296/s6/27e74a1c-3483-4ef2-a5df-639a8e78dfd7/current/raft-meta
2024-12-25 19:03:52,481 TRACE util.FileUtils (LogUtils.java:runAndLog(49)) - Successfully ran Files.delete /home/runner/work/ratis/ratis/ratis-examples/target/test/data/6cc16ceb/MiniRaftClusterWithSimulatedRpc6b18c296/s6/27e74a1c-3483-4ef2-a5df-639a8e78dfd7/current
2024-12-25 19:03:52,482 TRACE util.FileUtils (LogUtils.java:runAndLog(49)) - Successfully ran Files.delete /home/runner/work/ratis/ratis/ratis-examples/target/test/data/6cc16ceb/MiniRaftClusterWithSimulatedRpc6b18c296/s6/27e74a1c-3483-4ef2-a5df-639a8e78dfd7/in_use.lock
2024-12-25 19:03:52,482 TRACE util.FileUtils (LogUtils.java:runAndLog(49)) - Successfully ran Files.delete /home/runner/work/ratis/ratis/ratis-examples/target/test/data/6cc16ceb/MiniRaftClusterWithSimulatedRpc6b18c296/s6/27e74a1c-3483-4ef2-a5df-639a8e78dfd7/sm
2024-12-25 19:03:52,482 TRACE util.FileUtils (LogUtils.java:runAndLog(49)) - Successfully ran Files.delete /home/runner/work/ratis/ratis/ratis-examples/target/test/data/6cc16ceb/MiniRaftClusterWithSimulatedRpc6b18c296/s6/27e74a1c-3483-4ef2-a5df-639a8e78dfd7
2024-12-25 19:03:52,482 INFO  server.RaftServer$Division (RaftServerImpl.java:groupRemove(484)) - s6@group-639A8E78DFD7: Succeed to remove RaftStorageDirectory Storage Directory /home/runner/work/ratis/ratis/ratis-examples/target/test/data/6cc16ceb/MiniRaftClusterWithSimulatedRpc6b18c296/s6/27e74a1c-3483-4ef2-a5df-639a8e78dfd7
| MiniRaftClusterWithSimulatedRpc[3, 6, 9, 12, 15]chosen=4 | close groups | 241 |
2024-12-25 19:03:52,483 INFO  impl.GroupManagementBaseTest (GroupManagementBaseTest.java:runMultiGroupTest(316)) - close groups: printing ALL groups
  s3:  RUNNING  FOLLOWER s3@group-6AB839334A82:t0, leader=null, voted=, raftlog=Memoized:s3@group-6AB839334A82-SegmentedRaftLog:OPENED:c-1:lastnull, conf=conf: {index: -1, cur=peers:[]|listeners:[], old=null} STARTING
  s4:  RUNNING  FOLLOWER s4@group-6AB839334A82:t0, leader=null, voted=, raftlog=Memoized:s4@group-6AB839334A82-SegmentedRaftLog:OPENED:c-1:lastnull, conf=conf: {index: -1, cur=peers:[]|listeners:[], old=null} STARTING
  s5:  RUNNING  FOLLOWER s5@group-6AB839334A82:t0, leader=null, voted=, raftlog=Memoized:s5@group-6AB839334A82-SegmentedRaftLog:OPENED:c-1:lastnull, conf=conf: {index: -1, cur=peers:[]|listeners:[], old=null} STARTING
  s6:  RUNNING  FOLLOWER s6@group-6AB839334A82:t0, leader=null, voted=, raftlog=Memoized:s6@group-6AB839334A82-SegmentedRaftLog:OPENED:c-1:lastnull, conf=conf: {index: -1, cur=peers:[]|listeners:[], old=null} STARTING
  s7:  RUNNING [
     LEADER s7@group-4CF2EC507520:t1, leader=s7, voted=s7, raftlog=Memoized:s7@group-4CF2EC507520-SegmentedRaftLog:OPENED:c120:last(t:1, i:120), conf=conf: {index: 0, cur=peers:[s7, s8, s9]|listeners:[], old=null} RUNNING
   FOLLOWER s7@group-6AB839334A82:t0, leader=null, voted=, raftlog=Memoized:s7@group-6AB839334A82-SegmentedRaftLog:OPENED:c-1:lastnull, conf=conf: {index: -1, cur=peers:[]|listeners:[], old=null} STARTING] size=2
  s8:  RUNNING [
   FOLLOWER s8@group-4CF2EC507520:t1, leader=s7, voted=s7, raftlog=Memoized:s8@group-4CF2EC507520-SegmentedRaftLog:OPENED:c120:last(t:1, i:120), conf=conf: {index: 0, cur=peers:[s7|, s8|, s9|]|listeners:[], old=null} RUNNING
   FOLLOWER s8@group-6AB839334A82:t0, leader=null, voted=, raftlog=Memoized:s8@group-6AB839334A82-SegmentedRaftLog:OPENED:c-1:lastnull, conf=conf: {index: -1, cur=peers:[]|listeners:[], old=null} STARTING] size=2
  s9:  RUNNING [
   FOLLOWER s9@group-4CF2EC507520:t1, leader=s7, voted=s7, raftlog=Memoized:s9@group-4CF2EC507520-SegmentedRaftLog:OPENED:c120:last(t:1, i:120), conf=conf: {index: 0, cur=peers:[s7|, s8|, s9|]|listeners:[], old=null} RUNNING
   FOLLOWER s9@group-6AB839334A82:t0, leader=null, voted=, raftlog=Memoized:s9@group-6AB839334A82-SegmentedRaftLog:OPENED:c-1:lastnull, conf=conf: {index: -1, cur=peers:[]|listeners:[], old=null} STARTING] size=2
  s11:  RUNNING  FOLLOWER s11@group-6AB839334A82:t0, leader=null, voted=, raftlog=Memoized:s11@group-6AB839334A82-SegmentedRaftLog:OPENED:c-1:lastnull, conf=conf: {index: -1, cur=peers:[]|listeners:[], old=null} STARTING
  s10:  RUNNING  FOLLOWER s10@group-6AB839334A82:t0, leader=null, voted=, raftlog=Memoized:s10@group-6AB839334A82-SegmentedRaftLog:OPENED:c-1:lastnull, conf=conf: {index: -1, cur=peers:[]|listeners:[], old=null} STARTING
  s13:  RUNNING  FOLLOWER s13@group-6AB839334A82:t0, leader=null, voted=, raftlog=Memoized:s13@group-6AB839334A82-SegmentedRaftLog:OPENED:c-1:lastnull, conf=conf: {index: -1, cur=peers:[]|listeners:[], old=null} STARTING
  s12:  RUNNING  FOLLOWER s12@group-6AB839334A82:t0, leader=null, voted=, raftlog=Memoized:s12@group-6AB839334A82-SegmentedRaftLog:OPENED:c-1:lastnull, conf=conf: {index: -1, cur=peers:[]|listeners:[], old=null} STARTING
  s14:  RUNNING  FOLLOWER s14@group-6AB839334A82:t0, leader=null, voted=, raftlog=Memoized:s14@group-6AB839334A82-SegmentedRaftLog:OPENED:c-1:lastnull, conf=conf: {index: -1, cur=peers:[]|listeners:[], old=null} STARTING
  s0:  RUNNING  FOLLOWER s0@group-6AB839334A82:t0, leader=null, voted=, raftlog=Memoized:s0@group-6AB839334A82-SegmentedRaftLog:OPENED:c-1:lastnull, conf=conf: {index: -1, cur=peers:[]|listeners:[], old=null} STARTING
  s1:  RUNNING  FOLLOWER s1@group-6AB839334A82:t0, leader=null, voted=, raftlog=Memoized:s1@group-6AB839334A82-SegmentedRaftLog:OPENED:c-1:lastnull, conf=conf: {index: -1, cur=peers:[]|listeners:[], old=null} STARTING
  s2:  RUNNING  FOLLOWER s2@group-6AB839334A82:t0, leader=null, voted=, raftlog=Memoized:s2@group-6AB839334A82-SegmentedRaftLog:OPENED:c-1:lastnull, conf=conf: {index: -1, cur=peers:[]|listeners:[], old=null} STARTING
2024-12-25 19:03:52,483 INFO  impl.GroupManagementBaseTest (GroupManagementBaseTest.java:runMultiGroupTest(322)) - 0) groupAdd: printing group-C582DB3833BD
2024-12-25 19:03:52,484 INFO  server.RaftServer (RaftServerProxy.java:addNew(101)) - s10: addNew group-4CF2EC507520:[] returns group-4CF2EC507520:java.util.concurrent.CompletableFuture@1469dacd[Not completed]
2024-12-25 19:03:52,484 INFO  server.RaftServer$Division (RaftServerImpl.java:<init>(256)) - s10: new RaftServerImpl for group-4CF2EC507520:[] with ArithmeticStateMachine:uninitialized
2024-12-25 19:03:52,485 INFO  server.RaftServerConfigKeys (ConfUtils.java:logGet(46)) - raft.server.rpc.timeout.min = 300ms (custom)
2024-12-25 19:03:52,485 INFO  server.RaftServerConfigKeys (ConfUtils.java:logGet(46)) - raft.server.rpc.timeout.max = 600ms (custom)
2024-12-25 19:03:52,485 INFO  server.RaftServerConfigKeys (ConfUtils.java:logGet(46)) - raft.server.rpc.sleep.time = 25ms (default)
2024-12-25 19:03:52,485 INFO  server.RaftServerConfigKeys (ConfUtils.java:logGet(46)) - raft.server.rpc.slowness.timeout = 60s (default)
2024-12-25 19:03:52,485 INFO  server.RaftServerConfigKeys (ConfUtils.java:logGet(46)) - raft.server.leaderelection.leader.step-down.wait-time = 10s (default)
2024-12-25 19:03:52,486 INFO  server.RaftServerConfigKeys (ConfUtils.java:logGet(46)) - raft.server.leaderelection.member.majority-add = false (default)
2024-12-25 19:03:52,486 INFO  server.RaftServerConfigKeys (ConfUtils.java:logGet(46)) - raft.server.sleep.deviation.threshold = 300ms (default)
2024-12-25 19:03:52,486 INFO  server.RaftServer$Division (ServerState.java:<init>(114)) - s10@group-4CF2EC507520: ConfigurationManager, init=conf: {index: -1, cur=peers:[]|listeners:[], old=null}, confs=<EMPTY_MAP>
2024-12-25 19:03:52,486 INFO  server.RaftServerConfigKeys (ConfUtils.java:logGet(46)) - raft.server.notification.no-leader.timeout = 60s (default)
2024-12-25 19:03:52,486 INFO  server.RaftServerConfigKeys (ConfUtils.java:logGet(46)) - raft.server.read.timeout = 10s (default)
2024-12-25 19:03:52,486 INFO  server.RaftServerConfigKeys (ConfUtils.java:logGet(46)) - raft.server.retrycache.expirytime = 60s (default)
2024-12-25 19:03:52,486 INFO  server.RaftServerConfigKeys (ConfUtils.java:logGet(46)) - raft.server.retrycache.statistics.expirytime = 100ms (default)
2024-12-25 19:03:52,486 INFO  server.RaftServerConfigKeys (ConfUtils.java:logGet(46)) - raft.server.read.option = DEFAULT (default)
2024-12-25 19:03:52,486 INFO  server.RaftServerConfigKeys (ConfUtils.java:logGet(46)) - raft.server.read.read-after-write-consistent.write-index-cache.expiry-time = 60s (default)
2024-12-25 19:03:52,487 INFO  server.RaftServerConfigKeys (ConfUtils.java:logGet(46)) - raft.server.rpc.request.timeout = 3000ms (default)
2024-12-25 19:03:52,487 INFO  server.RaftServerConfigKeys (ConfUtils.java:logGet(46)) - raft.server.log.appender.install.snapshot.enabled = true (default)
2024-12-25 19:03:52,487 INFO  server.RaftServerConfigKeys (ConfUtils.java:logGet(46)) - raft.server.threadpool.server.cached = true (default)
2024-12-25 19:03:52,487 INFO  server.RaftServerConfigKeys (ConfUtils.java:logGet(46)) - raft.server.threadpool.server.size = 0 (default)
2024-12-25 19:03:52,487 INFO  server.RaftServerConfigKeys (ConfUtils.java:logGet(46)) - raft.server.threadpool.client.cached = true (default)
2024-12-25 19:03:52,487 INFO  server.RaftServerConfigKeys (ConfUtils.java:logGet(46)) - raft.server.threadpool.client.size = 0 (default)
2024-12-25 19:03:52,487 INFO  server.RaftServerConfigKeys (ConfUtils.java:logGet(46)) - raft.server.storage.free-space.min = 0MB (=0) (default)
2024-12-25 19:03:52,487 INFO  server.RaftServerConfigKeys (ConfUtils.java:logGet(46)) - raft.server.log.corruption.policy = EXCEPTION (default)
2024-12-25 19:03:52,488 INFO  server.RaftServerConfigKeys (ConfUtils.java:logGet(46)) - raft.server.storage.dir = [/home/runner/work/ratis/ratis/ratis-examples/target/test/data/6cc16ceb/MiniRaftClusterWithSimulatedRpc6b18c296/s10] (custom)
2024-12-25 19:03:52,488 INFO  storage.RaftStorageDirectory (RaftStorageDirectoryImpl.java:analyzeStorage(138)) - The storage directory /home/runner/work/ratis/ratis/ratis-examples/target/test/data/6cc16ceb/MiniRaftClusterWithSimulatedRpc6b18c296/s10/7b4a5993-c80f-4d60-b20d-4cf2ec507520 does not exist. Creating ...
2024-12-25 19:03:52,488 TRACE util.FileUtils (LogUtils.java:runAndLog(49)) - Successfully ran Files.createDirectories /home/runner/work/ratis/ratis/ratis-examples/target/test/data/6cc16ceb/MiniRaftClusterWithSimulatedRpc6b18c296/s10/7b4a5993-c80f-4d60-b20d-4cf2ec507520
2024-12-25 19:03:52,489 INFO  storage.RaftStorageDirectory (RaftStorageDirectoryImpl.java:tryLock(229)) - Lock on /home/runner/work/ratis/ratis/ratis-examples/target/test/data/6cc16ceb/MiniRaftClusterWithSimulatedRpc6b18c296/s10/7b4a5993-c80f-4d60-b20d-4cf2ec507520/in_use.lock acquired by nodename 14827@fv-az835-686.uia40oc12eqezaqrhfktyfhufg.ex.internal.cloudapp.net
2024-12-25 19:03:52,489 TRACE util.FileUtils (LogUtils.java:runAndLog(49)) - Successfully ran Files.createDirectories /home/runner/work/ratis/ratis/ratis-examples/target/test/data/6cc16ceb/MiniRaftClusterWithSimulatedRpc6b18c296/s10/7b4a5993-c80f-4d60-b20d-4cf2ec507520/current
2024-12-25 19:03:52,489 TRACE util.FileUtils (LogUtils.java:runAndLog(49)) - Successfully ran Files.createDirectories /home/runner/work/ratis/ratis/ratis-examples/target/test/data/6cc16ceb/MiniRaftClusterWithSimulatedRpc6b18c296/s10/7b4a5993-c80f-4d60-b20d-4cf2ec507520/sm
2024-12-25 19:03:52,490 TRACE util.FileUtils (LogUtils.java:supplyAndLog(69)) - Successfully supplied FileChannel.open /home/runner/work/ratis/ratis/ratis-examples/target/test/data/6cc16ceb/MiniRaftClusterWithSimulatedRpc6b18c296/s10/7b4a5993-c80f-4d60-b20d-4cf2ec507520/current/raft-meta.tmp with options [CREATE, WRITE]: sun.nio.ch.FileChannelImpl@1efdacbd
2024-12-25 19:03:52,491 TRACE util.FileUtils (LogUtils.java:runAndLog(49)) - Successfully ran Atomic Files.move /home/runner/work/ratis/ratis/ratis-examples/target/test/data/6cc16ceb/MiniRaftClusterWithSimulatedRpc6b18c296/s10/7b4a5993-c80f-4d60-b20d-4cf2ec507520/current/raft-meta.tmp to /home/runner/work/ratis/ratis/ratis-examples/target/test/data/6cc16ceb/MiniRaftClusterWithSimulatedRpc6b18c296/s10/7b4a5993-c80f-4d60-b20d-4cf2ec507520/current/raft-meta with options [REPLACE_EXISTING]
2024-12-25 19:03:52,491 INFO  storage.RaftStorage (RaftStorageImpl.java:format(98)) - Storage directory /home/runner/work/ratis/ratis/ratis-examples/target/test/data/6cc16ceb/MiniRaftClusterWithSimulatedRpc6b18c296/s10/7b4a5993-c80f-4d60-b20d-4cf2ec507520 has been successfully formatted.
2024-12-25 19:03:52,491 WARN  statemachine.StateMachine (ArithmeticStateMachine.java:loadSnapshot(115)) - The snapshot info is null.
2024-12-25 19:03:52,491 INFO  server.RaftServerConfigKeys (ConfUtils.java:logGet(46)) - raft.server.log.use.memory = false (default)
2024-12-25 19:03:52,491 INFO  server.RaftServerConfigKeys (ConfUtils.java:logGet(46)) - raft.server.log.purge.gap = 1024 (default)
2024-12-25 19:03:52,491 INFO  server.RaftServerConfigKeys (ConfUtils.java:logGet(46)) - raft.server.log.appender.buffer.byte-limit = 4MB (=4194304) (default)
2024-12-25 19:03:52,491 INFO  server.RaftServerConfigKeys (ConfUtils.java:logGet(46)) - raft.server.log.statemachine.data.read.timeout = 1000ms (default)
2024-12-25 19:03:52,492 INFO  server.RaftServerConfigKeys (ConfUtils.java:logGet(46)) - raft.server.log.purge.preservation.log.num = 0 (default)
2024-12-25 19:03:52,492 INFO  server.RaftServerConfigKeys (ConfUtils.java:logGet(46)) - raft.server.log.segment.size.max = 32MB (=33554432) (default)
2024-12-25 19:03:52,492 INFO  server.RaftServerConfigKeys (ConfUtils.java:logGet(46)) - raft.server.log.segment.cache.num.max = 6 (default)
2024-12-25 19:03:52,492 INFO  server.RaftServerConfigKeys (ConfUtils.java:logGet(46)) - raft.server.log.segment.cache.size.max = 200MB (=209715200) (default)
2024-12-25 19:03:52,492 INFO  server.RaftServerConfigKeys (ConfUtils.java:logGet(46)) - raft.server.log.appender.buffer.byte-limit = 4MB (=4194304) (default)
2024-12-25 19:03:52,492 INFO  util.AwaitToRun (AwaitToRun.java:start(81)) - Thread[s10@group-4CF2EC507520-cacheEviction-AwaitToRun,5,main] started
2024-12-25 19:03:52,492 INFO  segmented.SegmentedRaftLogWorker (SegmentedRaftLogWorker.java:<init>(189)) - new s10@group-4CF2EC507520-SegmentedRaftLogWorker for RaftStorageImpl:Storage Directory /home/runner/work/ratis/ratis/ratis-examples/target/test/data/6cc16ceb/MiniRaftClusterWithSimulatedRpc6b18c296/s10/7b4a5993-c80f-4d60-b20d-4cf2ec507520
2024-12-25 19:03:52,492 INFO  server.RaftServerConfigKeys (ConfUtils.java:logGet(46)) - raft.server.log.queue.byte-limit = 64MB (=67108864) (default)
2024-12-25 19:03:52,492 INFO  server.RaftServerConfigKeys (ConfUtils.java:logGet(46)) - raft.server.log.queue.element-limit = 4096 (default)
2024-12-25 19:03:52,492 INFO  server.RaftServerConfigKeys (ConfUtils.java:logGet(46)) - raft.server.log.segment.size.max = 32MB (=33554432) (default)
2024-12-25 19:03:52,493 INFO  server.RaftServerConfigKeys (ConfUtils.java:logGet(46)) - raft.server.log.preallocated.size = 4MB (=4194304) (default)
2024-12-25 19:03:52,493 INFO  server.RaftServerConfigKeys (ConfUtils.java:logGet(46)) - raft.server.log.force.sync.num = 128 (default)
2024-12-25 19:03:52,493 INFO  server.RaftServerConfigKeys (ConfUtils.java:logGet(46)) - raft.server.log.statemachine.data.sync = true (default)
2024-12-25 19:03:52,493 INFO  server.RaftServerConfigKeys (ConfUtils.java:logGet(46)) - raft.server.log.statemachine.data.sync.timeout = 10s (default)
2024-12-25 19:03:52,493 INFO  server.RaftServerConfigKeys (ConfUtils.java:logGet(46)) - raft.server.log.statemachine.data.sync.timeout.retry = -1 (default)
2024-12-25 19:03:52,493 INFO  server.RaftServerConfigKeys (ConfUtils.java:logGet(46)) - raft.server.log.write.buffer.size = 8MB (=8388608) (default)
2024-12-25 19:03:52,494 INFO  server.RaftServerConfigKeys (ConfUtils.java:logGet(46)) - raft.server.log.appender.buffer.byte-limit = 4MB (=4194304) (default)
2024-12-25 19:03:52,494 INFO  server.RaftServerConfigKeys (ConfUtils.java:logGet(46)) - raft.server.log.unsafe-flush.enabled = false (default)
2024-12-25 19:03:52,494 INFO  server.RaftServerConfigKeys (ConfUtils.java:logGet(46)) - raft.server.log.async-flush.enabled = false (default)
2024-12-25 19:03:52,495 INFO  server.RaftServerConfigKeys (ConfUtils.java:logGet(46)) - raft.server.log.statemachine.data.caching.enabled = false (default)
2024-12-25 19:03:52,495 INFO  segmented.SegmentedRaftLogWorker (SegmentedRaftLogWorker.java:lambda$new$0(140)) - s10@group-4CF2EC507520-SegmentedRaftLogWorker: flushIndex: setUnconditionally 0 -> -1
2024-12-25 19:03:52,495 INFO  segmented.SegmentedRaftLogWorker (SegmentedRaftLogWorker.java:lambda$new$0(140)) - s10@group-4CF2EC507520-SegmentedRaftLogWorker: safeCacheEvictIndex: setUnconditionally 0 -> -1
2024-12-25 19:03:52,495 INFO  server.RaftServer$Division (RaftServerImpl.java:start(398)) - s10@group-4CF2EC507520: start with initializing state, conf=conf: {index: -1, cur=peers:[]|listeners:[], old=null}
2024-12-25 19:03:52,495 INFO  server.RaftServer$Division (RaftServerImpl.java:setRole(379)) - s10@group-4CF2EC507520: changes role from      null to FOLLOWER at term 0 for start
2024-12-25 19:03:52,495 INFO  util.JmxRegister (JmxRegister.java:tryRegister(44)) - Successfully registered JMX Bean with object name Ratis:service=RaftServer,group=group-4CF2EC507520,id=s10
2024-12-25 19:03:52,495 INFO  util.JmxRegister (JmxRegister.java:register(58)) - register mxBean class org.apache.ratis.server.impl.RaftServerJmxAdapter as Ratis:service=RaftServer,group=group-4CF2EC507520,id=s10
2024-12-25 19:03:52,495 INFO  server.RaftServerConfigKeys (ConfUtils.java:logGet(46)) - raft.server.snapshot.trigger-when-stop.enabled = true (default)
2024-12-25 19:03:52,495 INFO  server.RaftServerConfigKeys (ConfUtils.java:logGet(46)) - raft.server.snapshot.trigger-when-remove.enabled = true (default)
2024-12-25 19:03:52,495 INFO  server.RaftServerConfigKeys (ConfUtils.java:logGet(46)) - raft.server.snapshot.auto.trigger.enabled = false (default)
2024-12-25 19:03:52,495 INFO  server.RaftServerConfigKeys (ConfUtils.java:logGet(46)) - raft.server.snapshot.retention.file.num = -1 (default)
2024-12-25 19:03:52,496 INFO  server.RaftServerConfigKeys (ConfUtils.java:logGet(46)) - raft.server.log.purge.upto.snapshot.index = false (default)
2024-12-25 19:03:52,496 INFO  server.RaftServer$Division (RaftServerImpl.java:start(406)) - s10@group-4CF2EC507520: Successfully started.
2024-12-25 19:03:52,496 INFO  server.RaftServer (RaftServerProxy.java:addNew(101)) - s0: addNew group-4CF2EC507520:[] returns group-4CF2EC507520:java.util.concurrent.CompletableFuture@79789f75[Not completed]
2024-12-25 19:03:52,496 INFO  server.RaftServer$Division (RaftServerImpl.java:<init>(256)) - s0: new RaftServerImpl for group-4CF2EC507520:[] with ArithmeticStateMachine:uninitialized
2024-12-25 19:03:52,496 INFO  server.RaftServerConfigKeys (ConfUtils.java:logGet(46)) - raft.server.rpc.timeout.min = 300ms (custom)
2024-12-25 19:03:52,496 INFO  server.RaftServerConfigKeys (ConfUtils.java:logGet(46)) - raft.server.rpc.timeout.max = 600ms (custom)
2024-12-25 19:03:52,496 INFO  server.RaftServerConfigKeys (ConfUtils.java:logGet(46)) - raft.server.rpc.sleep.time = 25ms (default)
2024-12-25 19:03:52,497 INFO  server.RaftServerConfigKeys (ConfUtils.java:logGet(46)) - raft.server.rpc.slowness.timeout = 60s (default)
2024-12-25 19:03:52,497 INFO  server.RaftServerConfigKeys (ConfUtils.java:logGet(46)) - raft.server.leaderelection.leader.step-down.wait-time = 10s (default)
2024-12-25 19:03:52,497 INFO  server.RaftServerConfigKeys (ConfUtils.java:logGet(46)) - raft.server.leaderelection.member.majority-add = false (default)
2024-12-25 19:03:52,497 INFO  server.RaftServerConfigKeys (ConfUtils.java:logGet(46)) - raft.server.sleep.deviation.threshold = 300ms (default)
2024-12-25 19:03:52,497 INFO  server.RaftServer$Division (ServerState.java:<init>(114)) - s0@group-4CF2EC507520: ConfigurationManager, init=conf: {index: -1, cur=peers:[]|listeners:[], old=null}, confs=<EMPTY_MAP>
2024-12-25 19:03:52,497 INFO  server.RaftServerConfigKeys (ConfUtils.java:logGet(46)) - raft.server.notification.no-leader.timeout = 60s (default)
2024-12-25 19:03:52,497 INFO  server.RaftServerConfigKeys (ConfUtils.java:logGet(46)) - raft.server.read.timeout = 10s (default)
2024-12-25 19:03:52,497 INFO  server.RaftServerConfigKeys (ConfUtils.java:logGet(46)) - raft.server.retrycache.expirytime = 60s (default)
2024-12-25 19:03:52,497 INFO  server.RaftServerConfigKeys (ConfUtils.java:logGet(46)) - raft.server.retrycache.statistics.expirytime = 100ms (default)
2024-12-25 19:03:52,497 INFO  server.RaftServerConfigKeys (ConfUtils.java:logGet(46)) - raft.server.read.option = DEFAULT (default)
2024-12-25 19:03:52,497 INFO  server.RaftServerConfigKeys (ConfUtils.java:logGet(46)) - raft.server.read.read-after-write-consistent.write-index-cache.expiry-time = 60s (default)
2024-12-25 19:03:52,498 INFO  server.RaftServerConfigKeys (ConfUtils.java:logGet(46)) - raft.server.rpc.request.timeout = 3000ms (default)
2024-12-25 19:03:52,498 INFO  server.RaftServerConfigKeys (ConfUtils.java:logGet(46)) - raft.server.log.appender.install.snapshot.enabled = true (default)
2024-12-25 19:03:52,498 INFO  server.RaftServerConfigKeys (ConfUtils.java:logGet(46)) - raft.server.threadpool.server.cached = true (default)
2024-12-25 19:03:52,498 INFO  server.RaftServerConfigKeys (ConfUtils.java:logGet(46)) - raft.server.threadpool.server.size = 0 (default)
2024-12-25 19:03:52,498 INFO  server.RaftServerConfigKeys (ConfUtils.java:logGet(46)) - raft.server.threadpool.client.cached = true (default)
2024-12-25 19:03:52,498 INFO  server.RaftServerConfigKeys (ConfUtils.java:logGet(46)) - raft.server.threadpool.client.size = 0 (default)
2024-12-25 19:03:52,498 INFO  server.RaftServerConfigKeys (ConfUtils.java:logGet(46)) - raft.server.storage.free-space.min = 0MB (=0) (default)
2024-12-25 19:03:52,498 INFO  server.RaftServerConfigKeys (ConfUtils.java:logGet(46)) - raft.server.log.corruption.policy = EXCEPTION (default)
2024-12-25 19:03:52,498 INFO  server.RaftServerConfigKeys (ConfUtils.java:logGet(46)) - raft.server.storage.dir = [/home/runner/work/ratis/ratis/ratis-examples/target/test/data/6cc16ceb/MiniRaftClusterWithSimulatedRpc6b18c296/s0] (custom)
2024-12-25 19:03:52,498 INFO  storage.RaftStorageDirectory (RaftStorageDirectoryImpl.java:analyzeStorage(138)) - The storage directory /home/runner/work/ratis/ratis/ratis-examples/target/test/data/6cc16ceb/MiniRaftClusterWithSimulatedRpc6b18c296/s0/7b4a5993-c80f-4d60-b20d-4cf2ec507520 does not exist. Creating ...
2024-12-25 19:03:52,498 TRACE util.FileUtils (LogUtils.java:runAndLog(49)) - Successfully ran Files.createDirectories /home/runner/work/ratis/ratis/ratis-examples/target/test/data/6cc16ceb/MiniRaftClusterWithSimulatedRpc6b18c296/s0/7b4a5993-c80f-4d60-b20d-4cf2ec507520
2024-12-25 19:03:52,500 INFO  storage.RaftStorageDirectory (RaftStorageDirectoryImpl.java:tryLock(229)) - Lock on /home/runner/work/ratis/ratis/ratis-examples/target/test/data/6cc16ceb/MiniRaftClusterWithSimulatedRpc6b18c296/s0/7b4a5993-c80f-4d60-b20d-4cf2ec507520/in_use.lock acquired by nodename 14827@fv-az835-686.uia40oc12eqezaqrhfktyfhufg.ex.internal.cloudapp.net
2024-12-25 19:03:52,500 TRACE util.FileUtils (LogUtils.java:runAndLog(49)) - Successfully ran Files.createDirectories /home/runner/work/ratis/ratis/ratis-examples/target/test/data/6cc16ceb/MiniRaftClusterWithSimulatedRpc6b18c296/s0/7b4a5993-c80f-4d60-b20d-4cf2ec507520/current
2024-12-25 19:03:52,500 TRACE util.FileUtils (LogUtils.java:runAndLog(49)) - Successfully ran Files.createDirectories /home/runner/work/ratis/ratis/ratis-examples/target/test/data/6cc16ceb/MiniRaftClusterWithSimulatedRpc6b18c296/s0/7b4a5993-c80f-4d60-b20d-4cf2ec507520/sm
2024-12-25 19:03:52,500 TRACE util.FileUtils (LogUtils.java:supplyAndLog(69)) - Successfully supplied FileChannel.open /home/runner/work/ratis/ratis/ratis-examples/target/test/data/6cc16ceb/MiniRaftClusterWithSimulatedRpc6b18c296/s0/7b4a5993-c80f-4d60-b20d-4cf2ec507520/current/raft-meta.tmp with options [CREATE, WRITE]: sun.nio.ch.FileChannelImpl@4dd697f7
2024-12-25 19:03:52,502 TRACE util.FileUtils (LogUtils.java:runAndLog(49)) - Successfully ran Atomic Files.move /home/runner/work/ratis/ratis/ratis-examples/target/test/data/6cc16ceb/MiniRaftClusterWithSimulatedRpc6b18c296/s0/7b4a5993-c80f-4d60-b20d-4cf2ec507520/current/raft-meta.tmp to /home/runner/work/ratis/ratis/ratis-examples/target/test/data/6cc16ceb/MiniRaftClusterWithSimulatedRpc6b18c296/s0/7b4a5993-c80f-4d60-b20d-4cf2ec507520/current/raft-meta with options [REPLACE_EXISTING]
2024-12-25 19:03:52,502 INFO  storage.RaftStorage (RaftStorageImpl.java:format(98)) - Storage directory /home/runner/work/ratis/ratis/ratis-examples/target/test/data/6cc16ceb/MiniRaftClusterWithSimulatedRpc6b18c296/s0/7b4a5993-c80f-4d60-b20d-4cf2ec507520 has been successfully formatted.
2024-12-25 19:03:52,502 WARN  statemachine.StateMachine (ArithmeticStateMachine.java:loadSnapshot(115)) - The snapshot info is null.
2024-12-25 19:03:52,502 INFO  server.RaftServerConfigKeys (ConfUtils.java:logGet(46)) - raft.server.log.use.memory = false (default)
2024-12-25 19:03:52,502 INFO  server.RaftServerConfigKeys (ConfUtils.java:logGet(46)) - raft.server.log.purge.gap = 1024 (default)
2024-12-25 19:03:52,502 INFO  server.RaftServerConfigKeys (ConfUtils.java:logGet(46)) - raft.server.log.appender.buffer.byte-limit = 4MB (=4194304) (default)
2024-12-25 19:03:52,502 INFO  server.RaftServerConfigKeys (ConfUtils.java:logGet(46)) - raft.server.log.statemachine.data.read.timeout = 1000ms (default)
2024-12-25 19:03:52,502 INFO  server.RaftServerConfigKeys (ConfUtils.java:logGet(46)) - raft.server.log.purge.preservation.log.num = 0 (default)
2024-12-25 19:03:52,502 INFO  server.RaftServerConfigKeys (ConfUtils.java:logGet(46)) - raft.server.log.segment.size.max = 32MB (=33554432) (default)
2024-12-25 19:03:52,503 INFO  server.RaftServerConfigKeys (ConfUtils.java:logGet(46)) - raft.server.log.segment.cache.num.max = 6 (default)
2024-12-25 19:03:52,503 INFO  server.RaftServerConfigKeys (ConfUtils.java:logGet(46)) - raft.server.log.segment.cache.size.max = 200MB (=209715200) (default)
2024-12-25 19:03:52,503 INFO  server.RaftServerConfigKeys (ConfUtils.java:logGet(46)) - raft.server.log.appender.buffer.byte-limit = 4MB (=4194304) (default)
2024-12-25 19:03:52,503 INFO  util.AwaitToRun (AwaitToRun.java:start(81)) - Thread[s0@group-4CF2EC507520-cacheEviction-AwaitToRun,5,main] started
2024-12-25 19:03:52,503 INFO  segmented.SegmentedRaftLogWorker (SegmentedRaftLogWorker.java:<init>(189)) - new s0@group-4CF2EC507520-SegmentedRaftLogWorker for RaftStorageImpl:Storage Directory /home/runner/work/ratis/ratis/ratis-examples/target/test/data/6cc16ceb/MiniRaftClusterWithSimulatedRpc6b18c296/s0/7b4a5993-c80f-4d60-b20d-4cf2ec507520
2024-12-25 19:03:52,503 INFO  server.RaftServerConfigKeys (ConfUtils.java:logGet(46)) - raft.server.log.queue.byte-limit = 64MB (=67108864) (default)
2024-12-25 19:03:52,503 INFO  server.RaftServerConfigKeys (ConfUtils.java:logGet(46)) - raft.server.log.queue.element-limit = 4096 (default)
2024-12-25 19:03:52,503 INFO  server.RaftServerConfigKeys (ConfUtils.java:logGet(46)) - raft.server.log.segment.size.max = 32MB (=33554432) (default)
2024-12-25 19:03:52,503 INFO  server.RaftServerConfigKeys (ConfUtils.java:logGet(46)) - raft.server.log.preallocated.size = 4MB (=4194304) (default)
2024-12-25 19:03:52,503 INFO  server.RaftServerConfigKeys (ConfUtils.java:logGet(46)) - raft.server.log.force.sync.num = 128 (default)
2024-12-25 19:03:52,503 INFO  server.RaftServerConfigKeys (ConfUtils.java:logGet(46)) - raft.server.log.statemachine.data.sync = true (default)
2024-12-25 19:03:52,503 INFO  server.RaftServerConfigKeys (ConfUtils.java:logGet(46)) - raft.server.log.statemachine.data.sync.timeout = 10s (default)
2024-12-25 19:03:52,503 INFO  server.RaftServerConfigKeys (ConfUtils.java:logGet(46)) - raft.server.log.statemachine.data.sync.timeout.retry = -1 (default)
2024-12-25 19:03:52,504 INFO  server.RaftServerConfigKeys (ConfUtils.java:logGet(46)) - raft.server.log.write.buffer.size = 8MB (=8388608) (default)
2024-12-25 19:03:52,505 INFO  server.RaftServerConfigKeys (ConfUtils.java:logGet(46)) - raft.server.log.appender.buffer.byte-limit = 4MB (=4194304) (default)
2024-12-25 19:03:52,505 INFO  server.RaftServerConfigKeys (ConfUtils.java:logGet(46)) - raft.server.log.unsafe-flush.enabled = false (default)
2024-12-25 19:03:52,505 INFO  server.RaftServerConfigKeys (ConfUtils.java:logGet(46)) - raft.server.log.async-flush.enabled = false (default)
2024-12-25 19:03:52,505 INFO  server.RaftServerConfigKeys (ConfUtils.java:logGet(46)) - raft.server.log.statemachine.data.caching.enabled = false (default)
2024-12-25 19:03:52,505 INFO  segmented.SegmentedRaftLogWorker (SegmentedRaftLogWorker.java:lambda$new$0(140)) - s0@group-4CF2EC507520-SegmentedRaftLogWorker: flushIndex: setUnconditionally 0 -> -1
2024-12-25 19:03:52,505 INFO  segmented.SegmentedRaftLogWorker (SegmentedRaftLogWorker.java:lambda$new$0(140)) - s0@group-4CF2EC507520-SegmentedRaftLogWorker: safeCacheEvictIndex: setUnconditionally 0 -> -1
2024-12-25 19:03:52,506 INFO  server.RaftServer$Division (RaftServerImpl.java:start(398)) - s0@group-4CF2EC507520: start with initializing state, conf=conf: {index: -1, cur=peers:[]|listeners:[], old=null}
2024-12-25 19:03:52,506 INFO  server.RaftServer$Division (RaftServerImpl.java:setRole(379)) - s0@group-4CF2EC507520: changes role from      null to FOLLOWER at term 0 for start
2024-12-25 19:03:52,506 INFO  util.JmxRegister (JmxRegister.java:tryRegister(44)) - Successfully registered JMX Bean with object name Ratis:service=RaftServer,group=group-4CF2EC507520,id=s0
2024-12-25 19:03:52,506 INFO  util.JmxRegister (JmxRegister.java:register(58)) - register mxBean class org.apache.ratis.server.impl.RaftServerJmxAdapter as Ratis:service=RaftServer,group=group-4CF2EC507520,id=s0
2024-12-25 19:03:52,506 INFO  server.RaftServerConfigKeys (ConfUtils.java:logGet(46)) - raft.server.snapshot.trigger-when-stop.enabled = true (default)
2024-12-25 19:03:52,506 INFO  server.RaftServerConfigKeys (ConfUtils.java:logGet(46)) - raft.server.snapshot.trigger-when-remove.enabled = true (default)
2024-12-25 19:03:52,506 INFO  server.RaftServerConfigKeys (ConfUtils.java:logGet(46)) - raft.server.snapshot.auto.trigger.enabled = false (default)
2024-12-25 19:03:52,506 INFO  server.RaftServerConfigKeys (ConfUtils.java:logGet(46)) - raft.server.snapshot.retention.file.num = -1 (default)
2024-12-25 19:03:52,506 INFO  server.RaftServerConfigKeys (ConfUtils.java:logGet(46)) - raft.server.log.purge.upto.snapshot.index = false (default)
2024-12-25 19:03:52,506 INFO  server.RaftServer$Division (RaftServerImpl.java:start(406)) - s0@group-4CF2EC507520: Successfully started.
2024-12-25 19:03:52,507 INFO  server.RaftServer (RaftServerProxy.java:addNew(101)) - s1: addNew group-4CF2EC507520:[] returns group-4CF2EC507520:java.util.concurrent.CompletableFuture@50bf8500[Not completed]
2024-12-25 19:03:52,507 INFO  server.RaftServer$Division (RaftServerImpl.java:<init>(256)) - s1: new RaftServerImpl for group-4CF2EC507520:[] with ArithmeticStateMachine:uninitialized
2024-12-25 19:03:52,507 INFO  server.RaftServerConfigKeys (ConfUtils.java:logGet(46)) - raft.server.rpc.timeout.min = 300ms (custom)
2024-12-25 19:03:52,507 INFO  server.RaftServerConfigKeys (ConfUtils.java:logGet(46)) - raft.server.rpc.timeout.max = 600ms (custom)
2024-12-25 19:03:52,507 INFO  server.RaftServerConfigKeys (ConfUtils.java:logGet(46)) - raft.server.rpc.sleep.time = 25ms (default)
2024-12-25 19:03:52,507 INFO  server.RaftServerConfigKeys (ConfUtils.java:logGet(46)) - raft.server.rpc.slowness.timeout = 60s (default)
2024-12-25 19:03:52,507 INFO  server.RaftServerConfigKeys (ConfUtils.java:logGet(46)) - raft.server.leaderelection.leader.step-down.wait-time = 10s (default)
2024-12-25 19:03:52,507 INFO  server.RaftServerConfigKeys (ConfUtils.java:logGet(46)) - raft.server.leaderelection.member.majority-add = false (default)
2024-12-25 19:03:52,508 INFO  server.RaftServerConfigKeys (ConfUtils.java:logGet(46)) - raft.server.sleep.deviation.threshold = 300ms (default)
2024-12-25 19:03:52,508 INFO  server.RaftServer$Division (ServerState.java:<init>(114)) - s1@group-4CF2EC507520: ConfigurationManager, init=conf: {index: -1, cur=peers:[]|listeners:[], old=null}, confs=<EMPTY_MAP>
2024-12-25 19:03:52,508 INFO  server.RaftServerConfigKeys (ConfUtils.java:logGet(46)) - raft.server.notification.no-leader.timeout = 60s (default)
2024-12-25 19:03:52,508 INFO  server.RaftServerConfigKeys (ConfUtils.java:logGet(46)) - raft.server.read.timeout = 10s (default)
2024-12-25 19:03:52,508 INFO  server.RaftServerConfigKeys (ConfUtils.java:logGet(46)) - raft.server.retrycache.expirytime = 60s (default)
2024-12-25 19:03:52,508 INFO  server.RaftServerConfigKeys (ConfUtils.java:logGet(46)) - raft.server.retrycache.statistics.expirytime = 100ms (default)
2024-12-25 19:03:52,508 INFO  server.RaftServerConfigKeys (ConfUtils.java:logGet(46)) - raft.server.read.option = DEFAULT (default)
2024-12-25 19:03:52,508 INFO  server.RaftServerConfigKeys (ConfUtils.java:logGet(46)) - raft.server.read.read-after-write-consistent.write-index-cache.expiry-time = 60s (default)
2024-12-25 19:03:52,508 INFO  server.RaftServerConfigKeys (ConfUtils.java:logGet(46)) - raft.server.rpc.request.timeout = 3000ms (default)
2024-12-25 19:03:52,508 INFO  server.RaftServerConfigKeys (ConfUtils.java:logGet(46)) - raft.server.log.appender.install.snapshot.enabled = true (default)
2024-12-25 19:03:52,508 INFO  server.RaftServerConfigKeys (ConfUtils.java:logGet(46)) - raft.server.threadpool.server.cached = true (default)
2024-12-25 19:03:52,508 INFO  server.RaftServerConfigKeys (ConfUtils.java:logGet(46)) - raft.server.threadpool.server.size = 0 (default)
2024-12-25 19:03:52,508 INFO  server.RaftServerConfigKeys (ConfUtils.java:logGet(46)) - raft.server.threadpool.client.cached = true (default)
2024-12-25 19:03:52,509 INFO  server.RaftServerConfigKeys (ConfUtils.java:logGet(46)) - raft.server.threadpool.client.size = 0 (default)
2024-12-25 19:03:52,509 INFO  server.RaftServerConfigKeys (ConfUtils.java:logGet(46)) - raft.server.storage.free-space.min = 0MB (=0) (default)
2024-12-25 19:03:52,509 INFO  server.RaftServerConfigKeys (ConfUtils.java:logGet(46)) - raft.server.log.corruption.policy = EXCEPTION (default)
2024-12-25 19:03:52,509 INFO  server.RaftServerConfigKeys (ConfUtils.java:logGet(46)) - raft.server.storage.dir = [/home/runner/work/ratis/ratis/ratis-examples/target/test/data/6cc16ceb/MiniRaftClusterWithSimulatedRpc6b18c296/s1] (custom)
2024-12-25 19:03:52,509 INFO  storage.RaftStorageDirectory (RaftStorageDirectoryImpl.java:analyzeStorage(138)) - The storage directory /home/runner/work/ratis/ratis/ratis-examples/target/test/data/6cc16ceb/MiniRaftClusterWithSimulatedRpc6b18c296/s1/7b4a5993-c80f-4d60-b20d-4cf2ec507520 does not exist. Creating ...
2024-12-25 19:03:52,509 TRACE util.FileUtils (LogUtils.java:runAndLog(49)) - Successfully ran Files.createDirectories /home/runner/work/ratis/ratis/ratis-examples/target/test/data/6cc16ceb/MiniRaftClusterWithSimulatedRpc6b18c296/s1/7b4a5993-c80f-4d60-b20d-4cf2ec507520
2024-12-25 19:03:52,510 INFO  storage.RaftStorageDirectory (RaftStorageDirectoryImpl.java:tryLock(229)) - Lock on /home/runner/work/ratis/ratis/ratis-examples/target/test/data/6cc16ceb/MiniRaftClusterWithSimulatedRpc6b18c296/s1/7b4a5993-c80f-4d60-b20d-4cf2ec507520/in_use.lock acquired by nodename 14827@fv-az835-686.uia40oc12eqezaqrhfktyfhufg.ex.internal.cloudapp.net
2024-12-25 19:03:52,510 TRACE util.FileUtils (LogUtils.java:runAndLog(49)) - Successfully ran Files.createDirectories /home/runner/work/ratis/ratis/ratis-examples/target/test/data/6cc16ceb/MiniRaftClusterWithSimulatedRpc6b18c296/s1/7b4a5993-c80f-4d60-b20d-4cf2ec507520/current
2024-12-25 19:03:52,510 TRACE util.FileUtils (LogUtils.java:runAndLog(49)) - Successfully ran Files.createDirectories /home/runner/work/ratis/ratis/ratis-examples/target/test/data/6cc16ceb/MiniRaftClusterWithSimulatedRpc6b18c296/s1/7b4a5993-c80f-4d60-b20d-4cf2ec507520/sm
2024-12-25 19:03:52,510 TRACE util.FileUtils (LogUtils.java:supplyAndLog(69)) - Successfully supplied FileChannel.open /home/runner/work/ratis/ratis/ratis-examples/target/test/data/6cc16ceb/MiniRaftClusterWithSimulatedRpc6b18c296/s1/7b4a5993-c80f-4d60-b20d-4cf2ec507520/current/raft-meta.tmp with options [CREATE, WRITE]: sun.nio.ch.FileChannelImpl@72e61f4e
2024-12-25 19:03:52,511 TRACE util.FileUtils (LogUtils.java:runAndLog(49)) - Successfully ran Atomic Files.move /home/runner/work/ratis/ratis/ratis-examples/target/test/data/6cc16ceb/MiniRaftClusterWithSimulatedRpc6b18c296/s1/7b4a5993-c80f-4d60-b20d-4cf2ec507520/current/raft-meta.tmp to /home/runner/work/ratis/ratis/ratis-examples/target/test/data/6cc16ceb/MiniRaftClusterWithSimulatedRpc6b18c296/s1/7b4a5993-c80f-4d60-b20d-4cf2ec507520/current/raft-meta with options [REPLACE_EXISTING]
2024-12-25 19:03:52,511 INFO  storage.RaftStorage (RaftStorageImpl.java:format(98)) - Storage directory /home/runner/work/ratis/ratis/ratis-examples/target/test/data/6cc16ceb/MiniRaftClusterWithSimulatedRpc6b18c296/s1/7b4a5993-c80f-4d60-b20d-4cf2ec507520 has been successfully formatted.
2024-12-25 19:03:52,511 WARN  statemachine.StateMachine (ArithmeticStateMachine.java:loadSnapshot(115)) - The snapshot info is null.
2024-12-25 19:03:52,511 INFO  server.RaftServerConfigKeys (ConfUtils.java:logGet(46)) - raft.server.log.use.memory = false (default)
2024-12-25 19:03:52,511 INFO  server.RaftServerConfigKeys (ConfUtils.java:logGet(46)) - raft.server.log.purge.gap = 1024 (default)
2024-12-25 19:03:52,512 INFO  server.RaftServerConfigKeys (ConfUtils.java:logGet(46)) - raft.server.log.appender.buffer.byte-limit = 4MB (=4194304) (default)
2024-12-25 19:03:52,512 INFO  server.RaftServerConfigKeys (ConfUtils.java:logGet(46)) - raft.server.log.statemachine.data.read.timeout = 1000ms (default)
2024-12-25 19:03:52,512 INFO  server.RaftServerConfigKeys (ConfUtils.java:logGet(46)) - raft.server.log.purge.preservation.log.num = 0 (default)
2024-12-25 19:03:52,512 INFO  server.RaftServerConfigKeys (ConfUtils.java:logGet(46)) - raft.server.log.segment.size.max = 32MB (=33554432) (default)
2024-12-25 19:03:52,512 INFO  server.RaftServerConfigKeys (ConfUtils.java:logGet(46)) - raft.server.log.segment.cache.num.max = 6 (default)
2024-12-25 19:03:52,512 INFO  server.RaftServerConfigKeys (ConfUtils.java:logGet(46)) - raft.server.log.segment.cache.size.max = 200MB (=209715200) (default)
2024-12-25 19:03:52,512 INFO  server.RaftServerConfigKeys (ConfUtils.java:logGet(46)) - raft.server.log.appender.buffer.byte-limit = 4MB (=4194304) (default)
2024-12-25 19:03:52,513 INFO  util.AwaitToRun (AwaitToRun.java:start(81)) - Thread[s1@group-4CF2EC507520-cacheEviction-AwaitToRun,5,main] started
2024-12-25 19:03:52,513 INFO  segmented.SegmentedRaftLogWorker (SegmentedRaftLogWorker.java:<init>(189)) - new s1@group-4CF2EC507520-SegmentedRaftLogWorker for RaftStorageImpl:Storage Directory /home/runner/work/ratis/ratis/ratis-examples/target/test/data/6cc16ceb/MiniRaftClusterWithSimulatedRpc6b18c296/s1/7b4a5993-c80f-4d60-b20d-4cf2ec507520
2024-12-25 19:03:52,513 INFO  server.RaftServerConfigKeys (ConfUtils.java:logGet(46)) - raft.server.log.queue.byte-limit = 64MB (=67108864) (default)
2024-12-25 19:03:52,513 INFO  server.RaftServerConfigKeys (ConfUtils.java:logGet(46)) - raft.server.log.queue.element-limit = 4096 (default)
2024-12-25 19:03:52,513 INFO  server.RaftServerConfigKeys (ConfUtils.java:logGet(46)) - raft.server.log.segment.size.max = 32MB (=33554432) (default)
2024-12-25 19:03:52,513 INFO  server.RaftServerConfigKeys (ConfUtils.java:logGet(46)) - raft.server.log.preallocated.size = 4MB (=4194304) (default)
2024-12-25 19:03:52,513 INFO  server.RaftServerConfigKeys (ConfUtils.java:logGet(46)) - raft.server.log.force.sync.num = 128 (default)
2024-12-25 19:03:52,513 INFO  server.RaftServerConfigKeys (ConfUtils.java:logGet(46)) - raft.server.log.statemachine.data.sync = true (default)
2024-12-25 19:03:52,514 INFO  server.RaftServerConfigKeys (ConfUtils.java:logGet(46)) - raft.server.log.statemachine.data.sync.timeout = 10s (default)
2024-12-25 19:03:52,514 INFO  server.RaftServerConfigKeys (ConfUtils.java:logGet(46)) - raft.server.log.statemachine.data.sync.timeout.retry = -1 (default)
2024-12-25 19:03:52,514 INFO  server.RaftServerConfigKeys (ConfUtils.java:logGet(46)) - raft.server.log.write.buffer.size = 8MB (=8388608) (default)
2024-12-25 19:03:52,515 INFO  server.RaftServerConfigKeys (ConfUtils.java:logGet(46)) - raft.server.log.appender.buffer.byte-limit = 4MB (=4194304) (default)
2024-12-25 19:03:52,515 INFO  server.RaftServerConfigKeys (ConfUtils.java:logGet(46)) - raft.server.log.unsafe-flush.enabled = false (default)
2024-12-25 19:03:52,515 INFO  server.RaftServerConfigKeys (ConfUtils.java:logGet(46)) - raft.server.log.async-flush.enabled = false (default)
2024-12-25 19:03:52,515 INFO  server.RaftServerConfigKeys (ConfUtils.java:logGet(46)) - raft.server.log.statemachine.data.caching.enabled = false (default)
2024-12-25 19:03:52,515 INFO  segmented.SegmentedRaftLogWorker (SegmentedRaftLogWorker.java:lambda$new$0(140)) - s1@group-4CF2EC507520-SegmentedRaftLogWorker: flushIndex: setUnconditionally 0 -> -1
2024-12-25 19:03:52,515 INFO  segmented.SegmentedRaftLogWorker (SegmentedRaftLogWorker.java:lambda$new$0(140)) - s1@group-4CF2EC507520-SegmentedRaftLogWorker: safeCacheEvictIndex: setUnconditionally 0 -> -1
2024-12-25 19:03:52,516 INFO  server.RaftServer$Division (RaftServerImpl.java:start(398)) - s1@group-4CF2EC507520: start with initializing state, conf=conf: {index: -1, cur=peers:[]|listeners:[], old=null}
2024-12-25 19:03:52,516 INFO  server.RaftServer$Division (RaftServerImpl.java:setRole(379)) - s1@group-4CF2EC507520: changes role from      null to FOLLOWER at term 0 for start
2024-12-25 19:03:52,516 INFO  util.JmxRegister (JmxRegister.java:tryRegister(44)) - Successfully registered JMX Bean with object name Ratis:service=RaftServer,group=group-4CF2EC507520,id=s1
2024-12-25 19:03:52,516 INFO  util.JmxRegister (JmxRegister.java:register(58)) - register mxBean class org.apache.ratis.server.impl.RaftServerJmxAdapter as Ratis:service=RaftServer,group=group-4CF2EC507520,id=s1
2024-12-25 19:03:52,516 INFO  server.RaftServerConfigKeys (ConfUtils.java:logGet(46)) - raft.server.snapshot.trigger-when-stop.enabled = true (default)
2024-12-25 19:03:52,516 INFO  server.RaftServerConfigKeys (ConfUtils.java:logGet(46)) - raft.server.snapshot.trigger-when-remove.enabled = true (default)
2024-12-25 19:03:52,516 INFO  server.RaftServerConfigKeys (ConfUtils.java:logGet(46)) - raft.server.snapshot.auto.trigger.enabled = false (default)
2024-12-25 19:03:52,516 INFO  server.RaftServerConfigKeys (ConfUtils.java:logGet(46)) - raft.server.snapshot.retention.file.num = -1 (default)
2024-12-25 19:03:52,516 INFO  server.RaftServerConfigKeys (ConfUtils.java:logGet(46)) - raft.server.log.purge.upto.snapshot.index = false (default)
2024-12-25 19:03:52,517 INFO  server.RaftServer$Division (RaftServerImpl.java:start(406)) - s1@group-4CF2EC507520: Successfully started.
2024-12-25 19:03:52,517 INFO  impl.GroupManagementBaseTest (GroupManagementBaseTest.java:runMultiGroupTest(322)) - 1) groupAdd: printing group-BDA5E59D7A17
2024-12-25 19:03:52,517 INFO  server.RaftServer (RaftServerProxy.java:addNew(101)) - s11: addNew group-4CF2EC507520:[] returns group-4CF2EC507520:java.util.concurrent.CompletableFuture@5816fb04[Not completed]
2024-12-25 19:03:52,518 INFO  server.RaftServer$Division (RaftServerImpl.java:<init>(256)) - s11: new RaftServerImpl for group-4CF2EC507520:[] with ArithmeticStateMachine:uninitialized
2024-12-25 19:03:52,518 INFO  server.RaftServerConfigKeys (ConfUtils.java:logGet(46)) - raft.server.rpc.timeout.min = 300ms (custom)
2024-12-25 19:03:52,518 INFO  server.RaftServerConfigKeys (ConfUtils.java:logGet(46)) - raft.server.rpc.timeout.max = 600ms (custom)
2024-12-25 19:03:52,518 INFO  server.RaftServerConfigKeys (ConfUtils.java:logGet(46)) - raft.server.rpc.sleep.time = 25ms (default)
2024-12-25 19:03:52,518 INFO  server.RaftServerConfigKeys (ConfUtils.java:logGet(46)) - raft.server.rpc.slowness.timeout = 60s (default)
2024-12-25 19:03:52,518 INFO  server.RaftServerConfigKeys (ConfUtils.java:logGet(46)) - raft.server.leaderelection.leader.step-down.wait-time = 10s (default)
2024-12-25 19:03:52,518 INFO  server.RaftServerConfigKeys (ConfUtils.java:logGet(46)) - raft.server.leaderelection.member.majority-add = false (default)
2024-12-25 19:03:52,518 INFO  server.RaftServerConfigKeys (ConfUtils.java:logGet(46)) - raft.server.sleep.deviation.threshold = 300ms (default)
2024-12-25 19:03:52,518 INFO  server.RaftServer$Division (ServerState.java:<init>(114)) - s11@group-4CF2EC507520: ConfigurationManager, init=conf: {index: -1, cur=peers:[]|listeners:[], old=null}, confs=<EMPTY_MAP>
2024-12-25 19:03:52,518 INFO  server.RaftServerConfigKeys (ConfUtils.java:logGet(46)) - raft.server.notification.no-leader.timeout = 60s (default)
2024-12-25 19:03:52,518 INFO  server.RaftServerConfigKeys (ConfUtils.java:logGet(46)) - raft.server.read.timeout = 10s (default)
2024-12-25 19:03:52,518 INFO  server.RaftServerConfigKeys (ConfUtils.java:logGet(46)) - raft.server.retrycache.expirytime = 60s (default)
2024-12-25 19:03:52,518 INFO  server.RaftServerConfigKeys (ConfUtils.java:logGet(46)) - raft.server.retrycache.statistics.expirytime = 100ms (default)
2024-12-25 19:03:52,518 INFO  server.RaftServerConfigKeys (ConfUtils.java:logGet(46)) - raft.server.read.option = DEFAULT (default)
2024-12-25 19:03:52,518 INFO  server.RaftServerConfigKeys (ConfUtils.java:logGet(46)) - raft.server.read.read-after-write-consistent.write-index-cache.expiry-time = 60s (default)
2024-12-25 19:03:52,519 INFO  server.RaftServerConfigKeys (ConfUtils.java:logGet(46)) - raft.server.rpc.request.timeout = 3000ms (default)
2024-12-25 19:03:52,519 INFO  server.RaftServerConfigKeys (ConfUtils.java:logGet(46)) - raft.server.log.appender.install.snapshot.enabled = true (default)
2024-12-25 19:03:52,519 INFO  server.RaftServerConfigKeys (ConfUtils.java:logGet(46)) - raft.server.threadpool.server.cached = true (default)
2024-12-25 19:03:52,519 INFO  server.RaftServerConfigKeys (ConfUtils.java:logGet(46)) - raft.server.threadpool.server.size = 0 (default)
2024-12-25 19:03:52,519 INFO  server.RaftServerConfigKeys (ConfUtils.java:logGet(46)) - raft.server.threadpool.client.cached = true (default)
2024-12-25 19:03:52,519 INFO  server.RaftServerConfigKeys (ConfUtils.java:logGet(46)) - raft.server.threadpool.client.size = 0 (default)
2024-12-25 19:03:52,519 INFO  server.RaftServerConfigKeys (ConfUtils.java:logGet(46)) - raft.server.storage.free-space.min = 0MB (=0) (default)
2024-12-25 19:03:52,519 INFO  server.RaftServerConfigKeys (ConfUtils.java:logGet(46)) - raft.server.log.corruption.policy = EXCEPTION (default)
2024-12-25 19:03:52,520 INFO  server.RaftServerConfigKeys (ConfUtils.java:logGet(46)) - raft.server.storage.dir = [/home/runner/work/ratis/ratis/ratis-examples/target/test/data/6cc16ceb/MiniRaftClusterWithSimulatedRpc6b18c296/s11] (custom)
2024-12-25 19:03:52,520 INFO  storage.RaftStorageDirectory (RaftStorageDirectoryImpl.java:analyzeStorage(138)) - The storage directory /home/runner/work/ratis/ratis/ratis-examples/target/test/data/6cc16ceb/MiniRaftClusterWithSimulatedRpc6b18c296/s11/7b4a5993-c80f-4d60-b20d-4cf2ec507520 does not exist. Creating ...
2024-12-25 19:03:52,520 TRACE util.FileUtils (LogUtils.java:runAndLog(49)) - Successfully ran Files.createDirectories /home/runner/work/ratis/ratis/ratis-examples/target/test/data/6cc16ceb/MiniRaftClusterWithSimulatedRpc6b18c296/s11/7b4a5993-c80f-4d60-b20d-4cf2ec507520
2024-12-25 19:03:52,521 INFO  storage.RaftStorageDirectory (RaftStorageDirectoryImpl.java:tryLock(229)) - Lock on /home/runner/work/ratis/ratis/ratis-examples/target/test/data/6cc16ceb/MiniRaftClusterWithSimulatedRpc6b18c296/s11/7b4a5993-c80f-4d60-b20d-4cf2ec507520/in_use.lock acquired by nodename 14827@fv-az835-686.uia40oc12eqezaqrhfktyfhufg.ex.internal.cloudapp.net
2024-12-25 19:03:52,521 TRACE util.FileUtils (LogUtils.java:runAndLog(49)) - Successfully ran Files.createDirectories /home/runner/work/ratis/ratis/ratis-examples/target/test/data/6cc16ceb/MiniRaftClusterWithSimulatedRpc6b18c296/s11/7b4a5993-c80f-4d60-b20d-4cf2ec507520/current
2024-12-25 19:03:52,522 TRACE util.FileUtils (LogUtils.java:runAndLog(49)) - Successfully ran Files.createDirectories /home/runner/work/ratis/ratis/ratis-examples/target/test/data/6cc16ceb/MiniRaftClusterWithSimulatedRpc6b18c296/s11/7b4a5993-c80f-4d60-b20d-4cf2ec507520/sm
2024-12-25 19:03:52,522 TRACE util.FileUtils (LogUtils.java:supplyAndLog(69)) - Successfully supplied FileChannel.open /home/runner/work/ratis/ratis/ratis-examples/target/test/data/6cc16ceb/MiniRaftClusterWithSimulatedRpc6b18c296/s11/7b4a5993-c80f-4d60-b20d-4cf2ec507520/current/raft-meta.tmp with options [CREATE, WRITE]: sun.nio.ch.FileChannelImpl@107b1a58
2024-12-25 19:03:52,523 TRACE util.FileUtils (LogUtils.java:runAndLog(49)) - Successfully ran Atomic Files.move /home/runner/work/ratis/ratis/ratis-examples/target/test/data/6cc16ceb/MiniRaftClusterWithSimulatedRpc6b18c296/s11/7b4a5993-c80f-4d60-b20d-4cf2ec507520/current/raft-meta.tmp to /home/runner/work/ratis/ratis/ratis-examples/target/test/data/6cc16ceb/MiniRaftClusterWithSimulatedRpc6b18c296/s11/7b4a5993-c80f-4d60-b20d-4cf2ec507520/current/raft-meta with options [REPLACE_EXISTING]
2024-12-25 19:03:52,523 INFO  storage.RaftStorage (RaftStorageImpl.java:format(98)) - Storage directory /home/runner/work/ratis/ratis/ratis-examples/target/test/data/6cc16ceb/MiniRaftClusterWithSimulatedRpc6b18c296/s11/7b4a5993-c80f-4d60-b20d-4cf2ec507520 has been successfully formatted.
2024-12-25 19:03:52,523 WARN  statemachine.StateMachine (ArithmeticStateMachine.java:loadSnapshot(115)) - The snapshot info is null.
2024-12-25 19:03:52,523 INFO  server.RaftServerConfigKeys (ConfUtils.java:logGet(46)) - raft.server.log.use.memory = false (default)
2024-12-25 19:03:52,523 INFO  server.RaftServerConfigKeys (ConfUtils.java:logGet(46)) - raft.server.log.purge.gap = 1024 (default)
2024-12-25 19:03:52,523 INFO  server.RaftServerConfigKeys (ConfUtils.java:logGet(46)) - raft.server.log.appender.buffer.byte-limit = 4MB (=4194304) (default)
2024-12-25 19:03:52,523 INFO  server.RaftServerConfigKeys (ConfUtils.java:logGet(46)) - raft.server.log.statemachine.data.read.timeout = 1000ms (default)
2024-12-25 19:03:52,523 INFO  server.RaftServerConfigKeys (ConfUtils.java:logGet(46)) - raft.server.log.purge.preservation.log.num = 0 (default)
2024-12-25 19:03:52,524 INFO  server.RaftServerConfigKeys (ConfUtils.java:logGet(46)) - raft.server.log.segment.size.max = 32MB (=33554432) (default)
2024-12-25 19:03:52,524 INFO  server.RaftServerConfigKeys (ConfUtils.java:logGet(46)) - raft.server.log.segment.cache.num.max = 6 (default)
2024-12-25 19:03:52,524 INFO  server.RaftServerConfigKeys (ConfUtils.java:logGet(46)) - raft.server.log.segment.cache.size.max = 200MB (=209715200) (default)
2024-12-25 19:03:52,524 INFO  server.RaftServerConfigKeys (ConfUtils.java:logGet(46)) - raft.server.log.appender.buffer.byte-limit = 4MB (=4194304) (default)
2024-12-25 19:03:52,524 INFO  util.AwaitToRun (AwaitToRun.java:start(81)) - Thread[s11@group-4CF2EC507520-cacheEviction-AwaitToRun,5,main] started
2024-12-25 19:03:52,524 INFO  segmented.SegmentedRaftLogWorker (SegmentedRaftLogWorker.java:<init>(189)) - new s11@group-4CF2EC507520-SegmentedRaftLogWorker for RaftStorageImpl:Storage Directory /home/runner/work/ratis/ratis/ratis-examples/target/test/data/6cc16ceb/MiniRaftClusterWithSimulatedRpc6b18c296/s11/7b4a5993-c80f-4d60-b20d-4cf2ec507520
2024-12-25 19:03:52,524 INFO  server.RaftServerConfigKeys (ConfUtils.java:logGet(46)) - raft.server.log.queue.byte-limit = 64MB (=67108864) (default)
2024-12-25 19:03:52,524 INFO  server.RaftServerConfigKeys (ConfUtils.java:logGet(46)) - raft.server.log.queue.element-limit = 4096 (default)
2024-12-25 19:03:52,524 INFO  server.RaftServerConfigKeys (ConfUtils.java:logGet(46)) - raft.server.log.segment.size.max = 32MB (=33554432) (default)
2024-12-25 19:03:52,524 INFO  server.RaftServerConfigKeys (ConfUtils.java:logGet(46)) - raft.server.log.preallocated.size = 4MB (=4194304) (default)
2024-12-25 19:03:52,524 INFO  server.RaftServerConfigKeys (ConfUtils.java:logGet(46)) - raft.server.log.force.sync.num = 128 (default)
2024-12-25 19:03:52,525 INFO  server.RaftServerConfigKeys (ConfUtils.java:logGet(46)) - raft.server.log.statemachine.data.sync = true (default)
2024-12-25 19:03:52,525 INFO  server.RaftServerConfigKeys (ConfUtils.java:logGet(46)) - raft.server.log.statemachine.data.sync.timeout = 10s (default)
2024-12-25 19:03:52,525 INFO  server.RaftServerConfigKeys (ConfUtils.java:logGet(46)) - raft.server.log.statemachine.data.sync.timeout.retry = -1 (default)
2024-12-25 19:03:52,525 INFO  server.RaftServerConfigKeys (ConfUtils.java:logGet(46)) - raft.server.log.write.buffer.size = 8MB (=8388608) (default)
2024-12-25 19:03:52,526 INFO  server.RaftServerConfigKeys (ConfUtils.java:logGet(46)) - raft.server.log.appender.buffer.byte-limit = 4MB (=4194304) (default)
2024-12-25 19:03:52,526 INFO  server.RaftServerConfigKeys (ConfUtils.java:logGet(46)) - raft.server.log.unsafe-flush.enabled = false (default)
2024-12-25 19:03:52,526 INFO  server.RaftServerConfigKeys (ConfUtils.java:logGet(46)) - raft.server.log.async-flush.enabled = false (default)
2024-12-25 19:03:52,527 INFO  server.RaftServerConfigKeys (ConfUtils.java:logGet(46)) - raft.server.log.statemachine.data.caching.enabled = false (default)
2024-12-25 19:03:52,527 INFO  segmented.SegmentedRaftLogWorker (SegmentedRaftLogWorker.java:lambda$new$0(140)) - s11@group-4CF2EC507520-SegmentedRaftLogWorker: flushIndex: setUnconditionally 0 -> -1
2024-12-25 19:03:52,527 INFO  segmented.SegmentedRaftLogWorker (SegmentedRaftLogWorker.java:lambda$new$0(140)) - s11@group-4CF2EC507520-SegmentedRaftLogWorker: safeCacheEvictIndex: setUnconditionally 0 -> -1
2024-12-25 19:03:52,527 INFO  server.RaftServer$Division (RaftServerImpl.java:start(398)) - s11@group-4CF2EC507520: start with initializing state, conf=conf: {index: -1, cur=peers:[]|listeners:[], old=null}
2024-12-25 19:03:52,528 INFO  server.RaftServer$Division (RaftServerImpl.java:setRole(379)) - s11@group-4CF2EC507520: changes role from      null to FOLLOWER at term 0 for start
2024-12-25 19:03:52,528 INFO  util.JmxRegister (JmxRegister.java:tryRegister(44)) - Successfully registered JMX Bean with object name Ratis:service=RaftServer,group=group-4CF2EC507520,id=s11
2024-12-25 19:03:52,528 INFO  util.JmxRegister (JmxRegister.java:register(58)) - register mxBean class org.apache.ratis.server.impl.RaftServerJmxAdapter as Ratis:service=RaftServer,group=group-4CF2EC507520,id=s11
2024-12-25 19:03:52,528 INFO  server.RaftServerConfigKeys (ConfUtils.java:logGet(46)) - raft.server.snapshot.trigger-when-stop.enabled = true (default)
2024-12-25 19:03:52,528 INFO  server.RaftServerConfigKeys (ConfUtils.java:logGet(46)) - raft.server.snapshot.trigger-when-remove.enabled = true (default)
2024-12-25 19:03:52,528 INFO  server.RaftServerConfigKeys (ConfUtils.java:logGet(46)) - raft.server.snapshot.auto.trigger.enabled = false (default)
2024-12-25 19:03:52,528 INFO  server.RaftServerConfigKeys (ConfUtils.java:logGet(46)) - raft.server.snapshot.retention.file.num = -1 (default)
2024-12-25 19:03:52,528 INFO  server.RaftServerConfigKeys (ConfUtils.java:logGet(46)) - raft.server.log.purge.upto.snapshot.index = false (default)
2024-12-25 19:03:52,528 INFO  server.RaftServer$Division (RaftServerImpl.java:start(406)) - s11@group-4CF2EC507520: Successfully started.
2024-12-25 19:03:52,529 INFO  server.RaftServer (RaftServerProxy.java:addNew(101)) - s13: addNew group-4CF2EC507520:[] returns group-4CF2EC507520:java.util.concurrent.CompletableFuture@1978d7c0[Not completed]
2024-12-25 19:03:52,529 INFO  server.RaftServer$Division (RaftServerImpl.java:<init>(256)) - s13: new RaftServerImpl for group-4CF2EC507520:[] with ArithmeticStateMachine:uninitialized
2024-12-25 19:03:52,529 INFO  server.RaftServerConfigKeys (ConfUtils.java:logGet(46)) - raft.server.rpc.timeout.min = 300ms (custom)
2024-12-25 19:03:52,529 INFO  server.RaftServerConfigKeys (ConfUtils.java:logGet(46)) - raft.server.rpc.timeout.max = 600ms (custom)
2024-12-25 19:03:52,529 INFO  server.RaftServerConfigKeys (ConfUtils.java:logGet(46)) - raft.server.rpc.sleep.time = 25ms (default)
2024-12-25 19:03:52,529 INFO  server.RaftServerConfigKeys (ConfUtils.java:logGet(46)) - raft.server.rpc.slowness.timeout = 60s (default)
2024-12-25 19:03:52,529 INFO  server.RaftServerConfigKeys (ConfUtils.java:logGet(46)) - raft.server.leaderelection.leader.step-down.wait-time = 10s (default)
2024-12-25 19:03:52,529 INFO  server.RaftServerConfigKeys (ConfUtils.java:logGet(46)) - raft.server.leaderelection.member.majority-add = false (default)
2024-12-25 19:03:52,529 INFO  server.RaftServerConfigKeys (ConfUtils.java:logGet(46)) - raft.server.sleep.deviation.threshold = 300ms (default)
2024-12-25 19:03:52,529 INFO  server.RaftServer$Division (ServerState.java:<init>(114)) - s13@group-4CF2EC507520: ConfigurationManager, init=conf: {index: -1, cur=peers:[]|listeners:[], old=null}, confs=<EMPTY_MAP>
2024-12-25 19:03:52,529 INFO  server.RaftServerConfigKeys (ConfUtils.java:logGet(46)) - raft.server.notification.no-leader.timeout = 60s (default)
2024-12-25 19:03:52,529 INFO  server.RaftServerConfigKeys (ConfUtils.java:logGet(46)) - raft.server.read.timeout = 10s (default)
2024-12-25 19:03:52,529 INFO  server.RaftServerConfigKeys (ConfUtils.java:logGet(46)) - raft.server.retrycache.expirytime = 60s (default)
2024-12-25 19:03:52,529 INFO  server.RaftServerConfigKeys (ConfUtils.java:logGet(46)) - raft.server.retrycache.statistics.expirytime = 100ms (default)
2024-12-25 19:03:52,529 INFO  server.RaftServerConfigKeys (ConfUtils.java:logGet(46)) - raft.server.read.option = DEFAULT (default)
2024-12-25 19:03:52,529 INFO  server.RaftServerConfigKeys (ConfUtils.java:logGet(46)) - raft.server.read.read-after-write-consistent.write-index-cache.expiry-time = 60s (default)
2024-12-25 19:03:52,530 INFO  server.RaftServerConfigKeys (ConfUtils.java:logGet(46)) - raft.server.rpc.request.timeout = 3000ms (default)
2024-12-25 19:03:52,530 INFO  server.RaftServerConfigKeys (ConfUtils.java:logGet(46)) - raft.server.log.appender.install.snapshot.enabled = true (default)
2024-12-25 19:03:52,530 INFO  server.RaftServerConfigKeys (ConfUtils.java:logGet(46)) - raft.server.threadpool.server.cached = true (default)
2024-12-25 19:03:52,530 INFO  server.RaftServerConfigKeys (ConfUtils.java:logGet(46)) - raft.server.threadpool.server.size = 0 (default)
2024-12-25 19:03:52,530 INFO  server.RaftServerConfigKeys (ConfUtils.java:logGet(46)) - raft.server.threadpool.client.cached = true (default)
2024-12-25 19:03:52,530 INFO  server.RaftServerConfigKeys (ConfUtils.java:logGet(46)) - raft.server.threadpool.client.size = 0 (default)
2024-12-25 19:03:52,530 INFO  server.RaftServerConfigKeys (ConfUtils.java:logGet(46)) - raft.server.storage.free-space.min = 0MB (=0) (default)
2024-12-25 19:03:52,530 INFO  server.RaftServerConfigKeys (ConfUtils.java:logGet(46)) - raft.server.log.corruption.policy = EXCEPTION (default)
2024-12-25 19:03:52,531 INFO  server.RaftServerConfigKeys (ConfUtils.java:logGet(46)) - raft.server.storage.dir = [/home/runner/work/ratis/ratis/ratis-examples/target/test/data/6cc16ceb/MiniRaftClusterWithSimulatedRpc6b18c296/s13] (custom)
2024-12-25 19:03:52,531 INFO  storage.RaftStorageDirectory (RaftStorageDirectoryImpl.java:analyzeStorage(138)) - The storage directory /home/runner/work/ratis/ratis/ratis-examples/target/test/data/6cc16ceb/MiniRaftClusterWithSimulatedRpc6b18c296/s13/7b4a5993-c80f-4d60-b20d-4cf2ec507520 does not exist. Creating ...
2024-12-25 19:03:52,531 TRACE util.FileUtils (LogUtils.java:runAndLog(49)) - Successfully ran Files.createDirectories /home/runner/work/ratis/ratis/ratis-examples/target/test/data/6cc16ceb/MiniRaftClusterWithSimulatedRpc6b18c296/s13/7b4a5993-c80f-4d60-b20d-4cf2ec507520
2024-12-25 19:03:52,532 INFO  storage.RaftStorageDirectory (RaftStorageDirectoryImpl.java:tryLock(229)) - Lock on /home/runner/work/ratis/ratis/ratis-examples/target/test/data/6cc16ceb/MiniRaftClusterWithSimulatedRpc6b18c296/s13/7b4a5993-c80f-4d60-b20d-4cf2ec507520/in_use.lock acquired by nodename 14827@fv-az835-686.uia40oc12eqezaqrhfktyfhufg.ex.internal.cloudapp.net
2024-12-25 19:03:52,532 TRACE util.FileUtils (LogUtils.java:runAndLog(49)) - Successfully ran Files.createDirectories /home/runner/work/ratis/ratis/ratis-examples/target/test/data/6cc16ceb/MiniRaftClusterWithSimulatedRpc6b18c296/s13/7b4a5993-c80f-4d60-b20d-4cf2ec507520/current
2024-12-25 19:03:52,532 TRACE util.FileUtils (LogUtils.java:runAndLog(49)) - Successfully ran Files.createDirectories /home/runner/work/ratis/ratis/ratis-examples/target/test/data/6cc16ceb/MiniRaftClusterWithSimulatedRpc6b18c296/s13/7b4a5993-c80f-4d60-b20d-4cf2ec507520/sm
2024-12-25 19:03:52,532 TRACE util.FileUtils (LogUtils.java:supplyAndLog(69)) - Successfully supplied FileChannel.open /home/runner/work/ratis/ratis/ratis-examples/target/test/data/6cc16ceb/MiniRaftClusterWithSimulatedRpc6b18c296/s13/7b4a5993-c80f-4d60-b20d-4cf2ec507520/current/raft-meta.tmp with options [CREATE, WRITE]: sun.nio.ch.FileChannelImpl@6732bfe2
2024-12-25 19:03:52,533 TRACE util.FileUtils (LogUtils.java:runAndLog(49)) - Successfully ran Atomic Files.move /home/runner/work/ratis/ratis/ratis-examples/target/test/data/6cc16ceb/MiniRaftClusterWithSimulatedRpc6b18c296/s13/7b4a5993-c80f-4d60-b20d-4cf2ec507520/current/raft-meta.tmp to /home/runner/work/ratis/ratis/ratis-examples/target/test/data/6cc16ceb/MiniRaftClusterWithSimulatedRpc6b18c296/s13/7b4a5993-c80f-4d60-b20d-4cf2ec507520/current/raft-meta with options [REPLACE_EXISTING]
2024-12-25 19:03:52,534 INFO  storage.RaftStorage (RaftStorageImpl.java:format(98)) - Storage directory /home/runner/work/ratis/ratis/ratis-examples/target/test/data/6cc16ceb/MiniRaftClusterWithSimulatedRpc6b18c296/s13/7b4a5993-c80f-4d60-b20d-4cf2ec507520 has been successfully formatted.
2024-12-25 19:03:52,534 WARN  statemachine.StateMachine (ArithmeticStateMachine.java:loadSnapshot(115)) - The snapshot info is null.
2024-12-25 19:03:52,534 INFO  server.RaftServerConfigKeys (ConfUtils.java:logGet(46)) - raft.server.log.use.memory = false (default)
2024-12-25 19:03:52,534 INFO  server.RaftServerConfigKeys (ConfUtils.java:logGet(46)) - raft.server.log.purge.gap = 1024 (default)
2024-12-25 19:03:52,534 INFO  server.RaftServerConfigKeys (ConfUtils.java:logGet(46)) - raft.server.log.appender.buffer.byte-limit = 4MB (=4194304) (default)
2024-12-25 19:03:52,534 INFO  server.RaftServerConfigKeys (ConfUtils.java:logGet(46)) - raft.server.log.statemachine.data.read.timeout = 1000ms (default)
2024-12-25 19:03:52,534 INFO  server.RaftServerConfigKeys (ConfUtils.java:logGet(46)) - raft.server.log.purge.preservation.log.num = 0 (default)
2024-12-25 19:03:52,534 INFO  server.RaftServerConfigKeys (ConfUtils.java:logGet(46)) - raft.server.log.segment.size.max = 32MB (=33554432) (default)
2024-12-25 19:03:52,535 INFO  server.RaftServerConfigKeys (ConfUtils.java:logGet(46)) - raft.server.log.segment.cache.num.max = 6 (default)
2024-12-25 19:03:52,535 INFO  server.RaftServerConfigKeys (ConfUtils.java:logGet(46)) - raft.server.log.segment.cache.size.max = 200MB (=209715200) (default)
2024-12-25 19:03:52,535 INFO  server.RaftServerConfigKeys (ConfUtils.java:logGet(46)) - raft.server.log.appender.buffer.byte-limit = 4MB (=4194304) (default)
2024-12-25 19:03:52,535 INFO  util.AwaitToRun (AwaitToRun.java:start(81)) - Thread[s13@group-4CF2EC507520-cacheEviction-AwaitToRun,5,main] started
2024-12-25 19:03:52,535 INFO  segmented.SegmentedRaftLogWorker (SegmentedRaftLogWorker.java:<init>(189)) - new s13@group-4CF2EC507520-SegmentedRaftLogWorker for RaftStorageImpl:Storage Directory /home/runner/work/ratis/ratis/ratis-examples/target/test/data/6cc16ceb/MiniRaftClusterWithSimulatedRpc6b18c296/s13/7b4a5993-c80f-4d60-b20d-4cf2ec507520
2024-12-25 19:03:52,535 INFO  server.RaftServerConfigKeys (ConfUtils.java:logGet(46)) - raft.server.log.queue.byte-limit = 64MB (=67108864) (default)
2024-12-25 19:03:52,535 INFO  server.RaftServerConfigKeys (ConfUtils.java:logGet(46)) - raft.server.log.queue.element-limit = 4096 (default)
2024-12-25 19:03:52,535 INFO  server.RaftServerConfigKeys (ConfUtils.java:logGet(46)) - raft.server.log.segment.size.max = 32MB (=33554432) (default)
2024-12-25 19:03:52,535 INFO  server.RaftServerConfigKeys (ConfUtils.java:logGet(46)) - raft.server.log.preallocated.size = 4MB (=4194304) (default)
2024-12-25 19:03:52,535 INFO  server.RaftServerConfigKeys (ConfUtils.java:logGet(46)) - raft.server.log.force.sync.num = 128 (default)
2024-12-25 19:03:52,535 INFO  server.RaftServerConfigKeys (ConfUtils.java:logGet(46)) - raft.server.log.statemachine.data.sync = true (default)
2024-12-25 19:03:52,535 INFO  server.RaftServerConfigKeys (ConfUtils.java:logGet(46)) - raft.server.log.statemachine.data.sync.timeout = 10s (default)
2024-12-25 19:03:52,535 INFO  server.RaftServerConfigKeys (ConfUtils.java:logGet(46)) - raft.server.log.statemachine.data.sync.timeout.retry = -1 (default)
2024-12-25 19:03:52,536 INFO  server.RaftServerConfigKeys (ConfUtils.java:logGet(46)) - raft.server.log.write.buffer.size = 8MB (=8388608) (default)
2024-12-25 19:03:52,538 INFO  server.RaftServerConfigKeys (ConfUtils.java:logGet(46)) - raft.server.log.appender.buffer.byte-limit = 4MB (=4194304) (default)
2024-12-25 19:03:52,538 INFO  server.RaftServerConfigKeys (ConfUtils.java:logGet(46)) - raft.server.log.unsafe-flush.enabled = false (default)
2024-12-25 19:03:52,538 INFO  server.RaftServerConfigKeys (ConfUtils.java:logGet(46)) - raft.server.log.async-flush.enabled = false (default)
2024-12-25 19:03:52,538 INFO  server.RaftServerConfigKeys (ConfUtils.java:logGet(46)) - raft.server.log.statemachine.data.caching.enabled = false (default)
2024-12-25 19:03:52,538 INFO  segmented.SegmentedRaftLogWorker (SegmentedRaftLogWorker.java:lambda$new$0(140)) - s13@group-4CF2EC507520-SegmentedRaftLogWorker: flushIndex: setUnconditionally 0 -> -1
2024-12-25 19:03:52,538 INFO  segmented.SegmentedRaftLogWorker (SegmentedRaftLogWorker.java:lambda$new$0(140)) - s13@group-4CF2EC507520-SegmentedRaftLogWorker: safeCacheEvictIndex: setUnconditionally 0 -> -1
2024-12-25 19:03:52,538 INFO  server.RaftServer$Division (RaftServerImpl.java:start(398)) - s13@group-4CF2EC507520: start with initializing state, conf=conf: {index: -1, cur=peers:[]|listeners:[], old=null}
2024-12-25 19:03:52,538 INFO  server.RaftServer$Division (RaftServerImpl.java:setRole(379)) - s13@group-4CF2EC507520: changes role from      null to FOLLOWER at term 0 for start
2024-12-25 19:03:52,538 INFO  util.JmxRegister (JmxRegister.java:tryRegister(44)) - Successfully registered JMX Bean with object name Ratis:service=RaftServer,group=group-4CF2EC507520,id=s13
2024-12-25 19:03:52,538 INFO  util.JmxRegister (JmxRegister.java:register(58)) - register mxBean class org.apache.ratis.server.impl.RaftServerJmxAdapter as Ratis:service=RaftServer,group=group-4CF2EC507520,id=s13
2024-12-25 19:03:52,541 INFO  server.RaftServerConfigKeys (ConfUtils.java:logGet(46)) - raft.server.snapshot.trigger-when-stop.enabled = true (default)
2024-12-25 19:03:52,541 INFO  server.RaftServerConfigKeys (ConfUtils.java:logGet(46)) - raft.server.snapshot.trigger-when-remove.enabled = true (default)
2024-12-25 19:03:52,541 INFO  server.RaftServerConfigKeys (ConfUtils.java:logGet(46)) - raft.server.snapshot.auto.trigger.enabled = false (default)
2024-12-25 19:03:52,541 INFO  server.RaftServerConfigKeys (ConfUtils.java:logGet(46)) - raft.server.snapshot.retention.file.num = -1 (default)
2024-12-25 19:03:52,541 INFO  server.RaftServerConfigKeys (ConfUtils.java:logGet(46)) - raft.server.log.purge.upto.snapshot.index = false (default)
2024-12-25 19:03:52,541 INFO  server.RaftServer$Division (RaftServerImpl.java:start(406)) - s13@group-4CF2EC507520: Successfully started.
2024-12-25 19:03:52,545 INFO  server.RaftServer (RaftServerProxy.java:addNew(101)) - s12: addNew group-4CF2EC507520:[] returns group-4CF2EC507520:java.util.concurrent.CompletableFuture@3aa93ff3[Not completed]
2024-12-25 19:03:52,545 INFO  server.RaftServer$Division (RaftServerImpl.java:<init>(256)) - s12: new RaftServerImpl for group-4CF2EC507520:[] with ArithmeticStateMachine:uninitialized
2024-12-25 19:03:52,545 INFO  server.RaftServerConfigKeys (ConfUtils.java:logGet(46)) - raft.server.rpc.timeout.min = 300ms (custom)
2024-12-25 19:03:52,546 INFO  server.RaftServerConfigKeys (ConfUtils.java:logGet(46)) - raft.server.rpc.timeout.max = 600ms (custom)
2024-12-25 19:03:52,546 INFO  server.RaftServerConfigKeys (ConfUtils.java:logGet(46)) - raft.server.rpc.sleep.time = 25ms (default)
2024-12-25 19:03:52,546 INFO  server.RaftServerConfigKeys (ConfUtils.java:logGet(46)) - raft.server.rpc.slowness.timeout = 60s (default)
2024-12-25 19:03:52,546 INFO  server.RaftServerConfigKeys (ConfUtils.java:logGet(46)) - raft.server.leaderelection.leader.step-down.wait-time = 10s (default)
2024-12-25 19:03:52,546 INFO  server.RaftServerConfigKeys (ConfUtils.java:logGet(46)) - raft.server.leaderelection.member.majority-add = false (default)
2024-12-25 19:03:52,546 INFO  server.RaftServerConfigKeys (ConfUtils.java:logGet(46)) - raft.server.sleep.deviation.threshold = 300ms (default)
2024-12-25 19:03:52,546 INFO  server.RaftServer$Division (ServerState.java:<init>(114)) - s12@group-4CF2EC507520: ConfigurationManager, init=conf: {index: -1, cur=peers:[]|listeners:[], old=null}, confs=<EMPTY_MAP>
2024-12-25 19:03:52,546 INFO  server.RaftServerConfigKeys (ConfUtils.java:logGet(46)) - raft.server.notification.no-leader.timeout = 60s (default)
2024-12-25 19:03:52,546 INFO  server.RaftServerConfigKeys (ConfUtils.java:logGet(46)) - raft.server.read.timeout = 10s (default)
2024-12-25 19:03:52,546 INFO  server.RaftServerConfigKeys (ConfUtils.java:logGet(46)) - raft.server.retrycache.expirytime = 60s (default)
2024-12-25 19:03:52,546 INFO  server.RaftServerConfigKeys (ConfUtils.java:logGet(46)) - raft.server.retrycache.statistics.expirytime = 100ms (default)
2024-12-25 19:03:52,546 INFO  server.RaftServerConfigKeys (ConfUtils.java:logGet(46)) - raft.server.read.option = DEFAULT (default)
2024-12-25 19:03:52,546 INFO  server.RaftServerConfigKeys (ConfUtils.java:logGet(46)) - raft.server.read.read-after-write-consistent.write-index-cache.expiry-time = 60s (default)
2024-12-25 19:03:52,547 INFO  server.RaftServerConfigKeys (ConfUtils.java:logGet(46)) - raft.server.rpc.request.timeout = 3000ms (default)
2024-12-25 19:03:52,547 INFO  server.RaftServerConfigKeys (ConfUtils.java:logGet(46)) - raft.server.log.appender.install.snapshot.enabled = true (default)
2024-12-25 19:03:52,547 INFO  server.RaftServerConfigKeys (ConfUtils.java:logGet(46)) - raft.server.threadpool.server.cached = true (default)
2024-12-25 19:03:52,547 INFO  server.RaftServerConfigKeys (ConfUtils.java:logGet(46)) - raft.server.threadpool.server.size = 0 (default)
2024-12-25 19:03:52,548 INFO  server.RaftServerConfigKeys (ConfUtils.java:logGet(46)) - raft.server.threadpool.client.cached = true (default)
2024-12-25 19:03:52,548 INFO  server.RaftServerConfigKeys (ConfUtils.java:logGet(46)) - raft.server.threadpool.client.size = 0 (default)
2024-12-25 19:03:52,548 INFO  server.RaftServerConfigKeys (ConfUtils.java:logGet(46)) - raft.server.storage.free-space.min = 0MB (=0) (default)
2024-12-25 19:03:52,548 INFO  server.RaftServerConfigKeys (ConfUtils.java:logGet(46)) - raft.server.log.corruption.policy = EXCEPTION (default)
2024-12-25 19:03:52,548 INFO  server.RaftServerConfigKeys (ConfUtils.java:logGet(46)) - raft.server.storage.dir = [/home/runner/work/ratis/ratis/ratis-examples/target/test/data/6cc16ceb/MiniRaftClusterWithSimulatedRpc6b18c296/s12] (custom)
2024-12-25 19:03:52,548 INFO  storage.RaftStorageDirectory (RaftStorageDirectoryImpl.java:analyzeStorage(138)) - The storage directory /home/runner/work/ratis/ratis/ratis-examples/target/test/data/6cc16ceb/MiniRaftClusterWithSimulatedRpc6b18c296/s12/7b4a5993-c80f-4d60-b20d-4cf2ec507520 does not exist. Creating ...
2024-12-25 19:03:52,548 TRACE util.FileUtils (LogUtils.java:runAndLog(49)) - Successfully ran Files.createDirectories /home/runner/work/ratis/ratis/ratis-examples/target/test/data/6cc16ceb/MiniRaftClusterWithSimulatedRpc6b18c296/s12/7b4a5993-c80f-4d60-b20d-4cf2ec507520
2024-12-25 19:03:52,550 INFO  storage.RaftStorageDirectory (RaftStorageDirectoryImpl.java:tryLock(229)) - Lock on /home/runner/work/ratis/ratis/ratis-examples/target/test/data/6cc16ceb/MiniRaftClusterWithSimulatedRpc6b18c296/s12/7b4a5993-c80f-4d60-b20d-4cf2ec507520/in_use.lock acquired by nodename 14827@fv-az835-686.uia40oc12eqezaqrhfktyfhufg.ex.internal.cloudapp.net
2024-12-25 19:03:52,550 TRACE util.FileUtils (LogUtils.java:runAndLog(49)) - Successfully ran Files.createDirectories /home/runner/work/ratis/ratis/ratis-examples/target/test/data/6cc16ceb/MiniRaftClusterWithSimulatedRpc6b18c296/s12/7b4a5993-c80f-4d60-b20d-4cf2ec507520/current
2024-12-25 19:03:52,550 TRACE util.FileUtils (LogUtils.java:runAndLog(49)) - Successfully ran Files.createDirectories /home/runner/work/ratis/ratis/ratis-examples/target/test/data/6cc16ceb/MiniRaftClusterWithSimulatedRpc6b18c296/s12/7b4a5993-c80f-4d60-b20d-4cf2ec507520/sm
2024-12-25 19:03:52,550 TRACE util.FileUtils (LogUtils.java:supplyAndLog(69)) - Successfully supplied FileChannel.open /home/runner/work/ratis/ratis/ratis-examples/target/test/data/6cc16ceb/MiniRaftClusterWithSimulatedRpc6b18c296/s12/7b4a5993-c80f-4d60-b20d-4cf2ec507520/current/raft-meta.tmp with options [CREATE, WRITE]: sun.nio.ch.FileChannelImpl@47ece1e5
2024-12-25 19:03:52,552 TRACE util.FileUtils (LogUtils.java:runAndLog(49)) - Successfully ran Atomic Files.move /home/runner/work/ratis/ratis/ratis-examples/target/test/data/6cc16ceb/MiniRaftClusterWithSimulatedRpc6b18c296/s12/7b4a5993-c80f-4d60-b20d-4cf2ec507520/current/raft-meta.tmp to /home/runner/work/ratis/ratis/ratis-examples/target/test/data/6cc16ceb/MiniRaftClusterWithSimulatedRpc6b18c296/s12/7b4a5993-c80f-4d60-b20d-4cf2ec507520/current/raft-meta with options [REPLACE_EXISTING]
2024-12-25 19:03:52,552 INFO  storage.RaftStorage (RaftStorageImpl.java:format(98)) - Storage directory /home/runner/work/ratis/ratis/ratis-examples/target/test/data/6cc16ceb/MiniRaftClusterWithSimulatedRpc6b18c296/s12/7b4a5993-c80f-4d60-b20d-4cf2ec507520 has been successfully formatted.
2024-12-25 19:03:52,552 WARN  statemachine.StateMachine (ArithmeticStateMachine.java:loadSnapshot(115)) - The snapshot info is null.
2024-12-25 19:03:52,552 INFO  server.RaftServerConfigKeys (ConfUtils.java:logGet(46)) - raft.server.log.use.memory = false (default)
2024-12-25 19:03:52,552 INFO  server.RaftServerConfigKeys (ConfUtils.java:logGet(46)) - raft.server.log.purge.gap = 1024 (default)
2024-12-25 19:03:52,552 INFO  server.RaftServerConfigKeys (ConfUtils.java:logGet(46)) - raft.server.log.appender.buffer.byte-limit = 4MB (=4194304) (default)
2024-12-25 19:03:52,552 INFO  server.RaftServerConfigKeys (ConfUtils.java:logGet(46)) - raft.server.log.statemachine.data.read.timeout = 1000ms (default)
2024-12-25 19:03:52,552 INFO  server.RaftServerConfigKeys (ConfUtils.java:logGet(46)) - raft.server.log.purge.preservation.log.num = 0 (default)
2024-12-25 19:03:52,553 INFO  server.RaftServerConfigKeys (ConfUtils.java:logGet(46)) - raft.server.log.segment.size.max = 32MB (=33554432) (default)
2024-12-25 19:03:52,553 INFO  server.RaftServerConfigKeys (ConfUtils.java:logGet(46)) - raft.server.log.segment.cache.num.max = 6 (default)
2024-12-25 19:03:52,553 INFO  server.RaftServerConfigKeys (ConfUtils.java:logGet(46)) - raft.server.log.segment.cache.size.max = 200MB (=209715200) (default)
2024-12-25 19:03:52,553 INFO  server.RaftServerConfigKeys (ConfUtils.java:logGet(46)) - raft.server.log.appender.buffer.byte-limit = 4MB (=4194304) (default)
2024-12-25 19:03:52,553 INFO  util.AwaitToRun (AwaitToRun.java:start(81)) - Thread[s12@group-4CF2EC507520-cacheEviction-AwaitToRun,5,main] started
2024-12-25 19:03:52,553 INFO  segmented.SegmentedRaftLogWorker (SegmentedRaftLogWorker.java:<init>(189)) - new s12@group-4CF2EC507520-SegmentedRaftLogWorker for RaftStorageImpl:Storage Directory /home/runner/work/ratis/ratis/ratis-examples/target/test/data/6cc16ceb/MiniRaftClusterWithSimulatedRpc6b18c296/s12/7b4a5993-c80f-4d60-b20d-4cf2ec507520
2024-12-25 19:03:52,553 INFO  server.RaftServerConfigKeys (ConfUtils.java:logGet(46)) - raft.server.log.queue.byte-limit = 64MB (=67108864) (default)
2024-12-25 19:03:52,553 INFO  server.RaftServerConfigKeys (ConfUtils.java:logGet(46)) - raft.server.log.queue.element-limit = 4096 (default)
2024-12-25 19:03:52,553 INFO  server.RaftServerConfigKeys (ConfUtils.java:logGet(46)) - raft.server.log.segment.size.max = 32MB (=33554432) (default)
2024-12-25 19:03:52,553 INFO  server.RaftServerConfigKeys (ConfUtils.java:logGet(46)) - raft.server.log.preallocated.size = 4MB (=4194304) (default)
2024-12-25 19:03:52,553 INFO  server.RaftServerConfigKeys (ConfUtils.java:logGet(46)) - raft.server.log.force.sync.num = 128 (default)
2024-12-25 19:03:52,554 INFO  server.RaftServerConfigKeys (ConfUtils.java:logGet(46)) - raft.server.log.statemachine.data.sync = true (default)
2024-12-25 19:03:52,554 INFO  server.RaftServerConfigKeys (ConfUtils.java:logGet(46)) - raft.server.log.statemachine.data.sync.timeout = 10s (default)
2024-12-25 19:03:52,554 INFO  server.RaftServerConfigKeys (ConfUtils.java:logGet(46)) - raft.server.log.statemachine.data.sync.timeout.retry = -1 (default)
2024-12-25 19:03:52,554 INFO  server.RaftServerConfigKeys (ConfUtils.java:logGet(46)) - raft.server.log.write.buffer.size = 8MB (=8388608) (default)
2024-12-25 19:03:52,556 INFO  server.RaftServerConfigKeys (ConfUtils.java:logGet(46)) - raft.server.log.appender.buffer.byte-limit = 4MB (=4194304) (default)
2024-12-25 19:03:52,556 INFO  server.RaftServerConfigKeys (ConfUtils.java:logGet(46)) - raft.server.log.unsafe-flush.enabled = false (default)
2024-12-25 19:03:52,556 INFO  server.RaftServerConfigKeys (ConfUtils.java:logGet(46)) - raft.server.log.async-flush.enabled = false (default)
2024-12-25 19:03:52,556 INFO  server.RaftServerConfigKeys (ConfUtils.java:logGet(46)) - raft.server.log.statemachine.data.caching.enabled = false (default)
2024-12-25 19:03:52,556 INFO  segmented.SegmentedRaftLogWorker (SegmentedRaftLogWorker.java:lambda$new$0(140)) - s12@group-4CF2EC507520-SegmentedRaftLogWorker: flushIndex: setUnconditionally 0 -> -1
2024-12-25 19:03:52,556 INFO  segmented.SegmentedRaftLogWorker (SegmentedRaftLogWorker.java:lambda$new$0(140)) - s12@group-4CF2EC507520-SegmentedRaftLogWorker: safeCacheEvictIndex: setUnconditionally 0 -> -1
2024-12-25 19:03:52,557 INFO  server.RaftServer$Division (RaftServerImpl.java:start(398)) - s12@group-4CF2EC507520: start with initializing state, conf=conf: {index: -1, cur=peers:[]|listeners:[], old=null}
2024-12-25 19:03:52,557 INFO  server.RaftServer$Division (RaftServerImpl.java:setRole(379)) - s12@group-4CF2EC507520: changes role from      null to FOLLOWER at term 0 for start
2024-12-25 19:03:52,557 INFO  util.JmxRegister (JmxRegister.java:tryRegister(44)) - Successfully registered JMX Bean with object name Ratis:service=RaftServer,group=group-4CF2EC507520,id=s12
2024-12-25 19:03:52,557 INFO  util.JmxRegister (JmxRegister.java:register(58)) - register mxBean class org.apache.ratis.server.impl.RaftServerJmxAdapter as Ratis:service=RaftServer,group=group-4CF2EC507520,id=s12
2024-12-25 19:03:52,557 INFO  server.RaftServerConfigKeys (ConfUtils.java:logGet(46)) - raft.server.snapshot.trigger-when-stop.enabled = true (default)
2024-12-25 19:03:52,557 INFO  server.RaftServerConfigKeys (ConfUtils.java:logGet(46)) - raft.server.snapshot.trigger-when-remove.enabled = true (default)
2024-12-25 19:03:52,557 INFO  server.RaftServerConfigKeys (ConfUtils.java:logGet(46)) - raft.server.snapshot.auto.trigger.enabled = false (default)
2024-12-25 19:03:52,557 INFO  server.RaftServerConfigKeys (ConfUtils.java:logGet(46)) - raft.server.snapshot.retention.file.num = -1 (default)
2024-12-25 19:03:52,557 INFO  server.RaftServerConfigKeys (ConfUtils.java:logGet(46)) - raft.server.log.purge.upto.snapshot.index = false (default)
2024-12-25 19:03:52,561 INFO  server.RaftServer$Division (RaftServerImpl.java:start(406)) - s12@group-4CF2EC507520: Successfully started.
2024-12-25 19:03:52,561 INFO  impl.GroupManagementBaseTest (GroupManagementBaseTest.java:runMultiGroupTest(322)) - 2) groupAdd: printing group-73C3960A554E
2024-12-25 19:03:52,562 INFO  server.RaftServer (RaftServerProxy.java:addNew(101)) - s3: addNew group-4CF2EC507520:[] returns group-4CF2EC507520:java.util.concurrent.CompletableFuture@d74629d[Not completed]
2024-12-25 19:03:52,562 INFO  server.RaftServer$Division (RaftServerImpl.java:<init>(256)) - s3: new RaftServerImpl for group-4CF2EC507520:[] with ArithmeticStateMachine:uninitialized
2024-12-25 19:03:52,562 INFO  server.RaftServerConfigKeys (ConfUtils.java:logGet(46)) - raft.server.rpc.timeout.min = 300ms (custom)
2024-12-25 19:03:52,562 INFO  server.RaftServerConfigKeys (ConfUtils.java:logGet(46)) - raft.server.rpc.timeout.max = 600ms (custom)
2024-12-25 19:03:52,562 INFO  server.RaftServerConfigKeys (ConfUtils.java:logGet(46)) - raft.server.rpc.sleep.time = 25ms (default)
2024-12-25 19:03:52,562 INFO  server.RaftServerConfigKeys (ConfUtils.java:logGet(46)) - raft.server.rpc.slowness.timeout = 60s (default)
2024-12-25 19:03:52,562 INFO  server.RaftServerConfigKeys (ConfUtils.java:logGet(46)) - raft.server.leaderelection.leader.step-down.wait-time = 10s (default)
2024-12-25 19:03:52,562 INFO  server.RaftServerConfigKeys (ConfUtils.java:logGet(46)) - raft.server.leaderelection.member.majority-add = false (default)
2024-12-25 19:03:52,562 INFO  server.RaftServerConfigKeys (ConfUtils.java:logGet(46)) - raft.server.sleep.deviation.threshold = 300ms (default)
2024-12-25 19:03:52,563 INFO  server.RaftServer$Division (ServerState.java:<init>(114)) - s3@group-4CF2EC507520: ConfigurationManager, init=conf: {index: -1, cur=peers:[]|listeners:[], old=null}, confs=<EMPTY_MAP>
2024-12-25 19:03:52,563 INFO  server.RaftServerConfigKeys (ConfUtils.java:logGet(46)) - raft.server.notification.no-leader.timeout = 60s (default)
2024-12-25 19:03:52,563 INFO  server.RaftServerConfigKeys (ConfUtils.java:logGet(46)) - raft.server.read.timeout = 10s (default)
2024-12-25 19:03:52,563 INFO  server.RaftServerConfigKeys (ConfUtils.java:logGet(46)) - raft.server.retrycache.expirytime = 60s (default)
2024-12-25 19:03:52,563 INFO  server.RaftServerConfigKeys (ConfUtils.java:logGet(46)) - raft.server.retrycache.statistics.expirytime = 100ms (default)
2024-12-25 19:03:52,563 INFO  server.RaftServerConfigKeys (ConfUtils.java:logGet(46)) - raft.server.read.option = DEFAULT (default)
2024-12-25 19:03:52,563 INFO  server.RaftServerConfigKeys (ConfUtils.java:logGet(46)) - raft.server.read.read-after-write-consistent.write-index-cache.expiry-time = 60s (default)
2024-12-25 19:03:52,563 INFO  server.RaftServerConfigKeys (ConfUtils.java:logGet(46)) - raft.server.rpc.request.timeout = 3000ms (default)
2024-12-25 19:03:52,563 INFO  server.RaftServerConfigKeys (ConfUtils.java:logGet(46)) - raft.server.log.appender.install.snapshot.enabled = true (default)
2024-12-25 19:03:52,563 INFO  server.RaftServerConfigKeys (ConfUtils.java:logGet(46)) - raft.server.threadpool.server.cached = true (default)
2024-12-25 19:03:52,564 INFO  server.RaftServerConfigKeys (ConfUtils.java:logGet(46)) - raft.server.threadpool.server.size = 0 (default)
2024-12-25 19:03:52,564 INFO  server.RaftServerConfigKeys (ConfUtils.java:logGet(46)) - raft.server.threadpool.client.cached = true (default)
2024-12-25 19:03:52,564 INFO  server.RaftServerConfigKeys (ConfUtils.java:logGet(46)) - raft.server.threadpool.client.size = 0 (default)
2024-12-25 19:03:52,564 INFO  server.RaftServerConfigKeys (ConfUtils.java:logGet(46)) - raft.server.storage.free-space.min = 0MB (=0) (default)
2024-12-25 19:03:52,564 INFO  server.RaftServerConfigKeys (ConfUtils.java:logGet(46)) - raft.server.log.corruption.policy = EXCEPTION (default)
2024-12-25 19:03:52,564 INFO  server.RaftServerConfigKeys (ConfUtils.java:logGet(46)) - raft.server.storage.dir = [/home/runner/work/ratis/ratis/ratis-examples/target/test/data/6cc16ceb/MiniRaftClusterWithSimulatedRpc6b18c296/s3] (custom)
2024-12-25 19:03:52,564 INFO  storage.RaftStorageDirectory (RaftStorageDirectoryImpl.java:analyzeStorage(138)) - The storage directory /home/runner/work/ratis/ratis/ratis-examples/target/test/data/6cc16ceb/MiniRaftClusterWithSimulatedRpc6b18c296/s3/7b4a5993-c80f-4d60-b20d-4cf2ec507520 does not exist. Creating ...
2024-12-25 19:03:52,564 TRACE util.FileUtils (LogUtils.java:runAndLog(49)) - Successfully ran Files.createDirectories /home/runner/work/ratis/ratis/ratis-examples/target/test/data/6cc16ceb/MiniRaftClusterWithSimulatedRpc6b18c296/s3/7b4a5993-c80f-4d60-b20d-4cf2ec507520
2024-12-25 19:03:52,565 INFO  storage.RaftStorageDirectory (RaftStorageDirectoryImpl.java:tryLock(229)) - Lock on /home/runner/work/ratis/ratis/ratis-examples/target/test/data/6cc16ceb/MiniRaftClusterWithSimulatedRpc6b18c296/s3/7b4a5993-c80f-4d60-b20d-4cf2ec507520/in_use.lock acquired by nodename 14827@fv-az835-686.uia40oc12eqezaqrhfktyfhufg.ex.internal.cloudapp.net
2024-12-25 19:03:52,565 TRACE util.FileUtils (LogUtils.java:runAndLog(49)) - Successfully ran Files.createDirectories /home/runner/work/ratis/ratis/ratis-examples/target/test/data/6cc16ceb/MiniRaftClusterWithSimulatedRpc6b18c296/s3/7b4a5993-c80f-4d60-b20d-4cf2ec507520/current
2024-12-25 19:03:52,565 TRACE util.FileUtils (LogUtils.java:runAndLog(49)) - Successfully ran Files.createDirectories /home/runner/work/ratis/ratis/ratis-examples/target/test/data/6cc16ceb/MiniRaftClusterWithSimulatedRpc6b18c296/s3/7b4a5993-c80f-4d60-b20d-4cf2ec507520/sm
2024-12-25 19:03:52,565 TRACE util.FileUtils (LogUtils.java:supplyAndLog(69)) - Successfully supplied FileChannel.open /home/runner/work/ratis/ratis/ratis-examples/target/test/data/6cc16ceb/MiniRaftClusterWithSimulatedRpc6b18c296/s3/7b4a5993-c80f-4d60-b20d-4cf2ec507520/current/raft-meta.tmp with options [CREATE, WRITE]: sun.nio.ch.FileChannelImpl@7dda4c95
2024-12-25 19:03:52,566 TRACE util.FileUtils (LogUtils.java:runAndLog(49)) - Successfully ran Atomic Files.move /home/runner/work/ratis/ratis/ratis-examples/target/test/data/6cc16ceb/MiniRaftClusterWithSimulatedRpc6b18c296/s3/7b4a5993-c80f-4d60-b20d-4cf2ec507520/current/raft-meta.tmp to /home/runner/work/ratis/ratis/ratis-examples/target/test/data/6cc16ceb/MiniRaftClusterWithSimulatedRpc6b18c296/s3/7b4a5993-c80f-4d60-b20d-4cf2ec507520/current/raft-meta with options [REPLACE_EXISTING]
2024-12-25 19:03:52,566 INFO  storage.RaftStorage (RaftStorageImpl.java:format(98)) - Storage directory /home/runner/work/ratis/ratis/ratis-examples/target/test/data/6cc16ceb/MiniRaftClusterWithSimulatedRpc6b18c296/s3/7b4a5993-c80f-4d60-b20d-4cf2ec507520 has been successfully formatted.
2024-12-25 19:03:52,566 WARN  statemachine.StateMachine (ArithmeticStateMachine.java:loadSnapshot(115)) - The snapshot info is null.
2024-12-25 19:03:52,566 INFO  server.RaftServerConfigKeys (ConfUtils.java:logGet(46)) - raft.server.log.use.memory = false (default)
2024-12-25 19:03:52,566 INFO  server.RaftServerConfigKeys (ConfUtils.java:logGet(46)) - raft.server.log.purge.gap = 1024 (default)
2024-12-25 19:03:52,567 INFO  server.RaftServerConfigKeys (ConfUtils.java:logGet(46)) - raft.server.log.appender.buffer.byte-limit = 4MB (=4194304) (default)
2024-12-25 19:03:52,567 INFO  server.RaftServerConfigKeys (ConfUtils.java:logGet(46)) - raft.server.log.statemachine.data.read.timeout = 1000ms (default)
2024-12-25 19:03:52,567 INFO  server.RaftServerConfigKeys (ConfUtils.java:logGet(46)) - raft.server.log.purge.preservation.log.num = 0 (default)
2024-12-25 19:03:52,567 INFO  server.RaftServerConfigKeys (ConfUtils.java:logGet(46)) - raft.server.log.segment.size.max = 32MB (=33554432) (default)
2024-12-25 19:03:52,567 INFO  server.RaftServerConfigKeys (ConfUtils.java:logGet(46)) - raft.server.log.segment.cache.num.max = 6 (default)
2024-12-25 19:03:52,567 INFO  server.RaftServerConfigKeys (ConfUtils.java:logGet(46)) - raft.server.log.segment.cache.size.max = 200MB (=209715200) (default)
2024-12-25 19:03:52,567 INFO  server.RaftServerConfigKeys (ConfUtils.java:logGet(46)) - raft.server.log.appender.buffer.byte-limit = 4MB (=4194304) (default)
2024-12-25 19:03:52,567 INFO  util.AwaitToRun (AwaitToRun.java:start(81)) - Thread[s3@group-4CF2EC507520-cacheEviction-AwaitToRun,5,main] started
2024-12-25 19:03:52,567 INFO  segmented.SegmentedRaftLogWorker (SegmentedRaftLogWorker.java:<init>(189)) - new s3@group-4CF2EC507520-SegmentedRaftLogWorker for RaftStorageImpl:Storage Directory /home/runner/work/ratis/ratis/ratis-examples/target/test/data/6cc16ceb/MiniRaftClusterWithSimulatedRpc6b18c296/s3/7b4a5993-c80f-4d60-b20d-4cf2ec507520
2024-12-25 19:03:52,568 INFO  server.RaftServerConfigKeys (ConfUtils.java:logGet(46)) - raft.server.log.queue.byte-limit = 64MB (=67108864) (default)
2024-12-25 19:03:52,568 INFO  server.RaftServerConfigKeys (ConfUtils.java:logGet(46)) - raft.server.log.queue.element-limit = 4096 (default)
2024-12-25 19:03:52,568 INFO  server.RaftServerConfigKeys (ConfUtils.java:logGet(46)) - raft.server.log.segment.size.max = 32MB (=33554432) (default)
2024-12-25 19:03:52,568 INFO  server.RaftServerConfigKeys (ConfUtils.java:logGet(46)) - raft.server.log.preallocated.size = 4MB (=4194304) (default)
2024-12-25 19:03:52,568 INFO  server.RaftServerConfigKeys (ConfUtils.java:logGet(46)) - raft.server.log.force.sync.num = 128 (default)
2024-12-25 19:03:52,568 INFO  server.RaftServerConfigKeys (ConfUtils.java:logGet(46)) - raft.server.log.statemachine.data.sync = true (default)
2024-12-25 19:03:52,568 INFO  server.RaftServerConfigKeys (ConfUtils.java:logGet(46)) - raft.server.log.statemachine.data.sync.timeout = 10s (default)
2024-12-25 19:03:52,568 INFO  server.RaftServerConfigKeys (ConfUtils.java:logGet(46)) - raft.server.log.statemachine.data.sync.timeout.retry = -1 (default)
2024-12-25 19:03:52,568 INFO  server.RaftServerConfigKeys (ConfUtils.java:logGet(46)) - raft.server.log.write.buffer.size = 8MB (=8388608) (default)
2024-12-25 19:03:52,570 INFO  server.RaftServerConfigKeys (ConfUtils.java:logGet(46)) - raft.server.log.appender.buffer.byte-limit = 4MB (=4194304) (default)
2024-12-25 19:03:52,570 INFO  server.RaftServerConfigKeys (ConfUtils.java:logGet(46)) - raft.server.log.unsafe-flush.enabled = false (default)
2024-12-25 19:03:52,570 INFO  server.RaftServerConfigKeys (ConfUtils.java:logGet(46)) - raft.server.log.async-flush.enabled = false (default)
2024-12-25 19:03:52,570 INFO  server.RaftServerConfigKeys (ConfUtils.java:logGet(46)) - raft.server.log.statemachine.data.caching.enabled = false (default)
2024-12-25 19:03:52,570 INFO  segmented.SegmentedRaftLogWorker (SegmentedRaftLogWorker.java:lambda$new$0(140)) - s3@group-4CF2EC507520-SegmentedRaftLogWorker: flushIndex: setUnconditionally 0 -> -1
2024-12-25 19:03:52,570 INFO  segmented.SegmentedRaftLogWorker (SegmentedRaftLogWorker.java:lambda$new$0(140)) - s3@group-4CF2EC507520-SegmentedRaftLogWorker: safeCacheEvictIndex: setUnconditionally 0 -> -1
2024-12-25 19:03:52,570 INFO  server.RaftServer$Division (RaftServerImpl.java:start(398)) - s3@group-4CF2EC507520: start with initializing state, conf=conf: {index: -1, cur=peers:[]|listeners:[], old=null}
2024-12-25 19:03:52,570 INFO  server.RaftServer$Division (RaftServerImpl.java:setRole(379)) - s3@group-4CF2EC507520: changes role from      null to FOLLOWER at term 0 for start
2024-12-25 19:03:52,570 INFO  util.JmxRegister (JmxRegister.java:tryRegister(44)) - Successfully registered JMX Bean with object name Ratis:service=RaftServer,group=group-4CF2EC507520,id=s3
2024-12-25 19:03:52,570 INFO  util.JmxRegister (JmxRegister.java:register(58)) - register mxBean class org.apache.ratis.server.impl.RaftServerJmxAdapter as Ratis:service=RaftServer,group=group-4CF2EC507520,id=s3
2024-12-25 19:03:52,570 INFO  server.RaftServerConfigKeys (ConfUtils.java:logGet(46)) - raft.server.snapshot.trigger-when-stop.enabled = true (default)
2024-12-25 19:03:52,570 INFO  server.RaftServerConfigKeys (ConfUtils.java:logGet(46)) - raft.server.snapshot.trigger-when-remove.enabled = true (default)
2024-12-25 19:03:52,571 INFO  server.RaftServerConfigKeys (ConfUtils.java:logGet(46)) - raft.server.snapshot.auto.trigger.enabled = false (default)
2024-12-25 19:03:52,571 INFO  server.RaftServerConfigKeys (ConfUtils.java:logGet(46)) - raft.server.snapshot.retention.file.num = -1 (default)
2024-12-25 19:03:52,571 INFO  server.RaftServerConfigKeys (ConfUtils.java:logGet(46)) - raft.server.log.purge.upto.snapshot.index = false (default)
2024-12-25 19:03:52,571 INFO  server.RaftServer$Division (RaftServerImpl.java:start(406)) - s3@group-4CF2EC507520: Successfully started.
2024-12-25 19:03:52,571 INFO  server.RaftServer (RaftServerProxy.java:addNew(101)) - s14: addNew group-4CF2EC507520:[] returns group-4CF2EC507520:java.util.concurrent.CompletableFuture@70b80068[Not completed]
2024-12-25 19:03:52,571 INFO  server.RaftServer$Division (RaftServerImpl.java:<init>(256)) - s14: new RaftServerImpl for group-4CF2EC507520:[] with ArithmeticStateMachine:uninitialized
2024-12-25 19:03:52,571 INFO  server.RaftServerConfigKeys (ConfUtils.java:logGet(46)) - raft.server.rpc.timeout.min = 300ms (custom)
2024-12-25 19:03:52,571 INFO  server.RaftServerConfigKeys (ConfUtils.java:logGet(46)) - raft.server.rpc.timeout.max = 600ms (custom)
2024-12-25 19:03:52,572 INFO  server.RaftServerConfigKeys (ConfUtils.java:logGet(46)) - raft.server.rpc.sleep.time = 25ms (default)
2024-12-25 19:03:52,572 INFO  server.RaftServerConfigKeys (ConfUtils.java:logGet(46)) - raft.server.rpc.slowness.timeout = 60s (default)
2024-12-25 19:03:52,572 INFO  server.RaftServerConfigKeys (ConfUtils.java:logGet(46)) - raft.server.leaderelection.leader.step-down.wait-time = 10s (default)
2024-12-25 19:03:52,572 INFO  server.RaftServerConfigKeys (ConfUtils.java:logGet(46)) - raft.server.leaderelection.member.majority-add = false (default)
2024-12-25 19:03:52,572 INFO  server.RaftServerConfigKeys (ConfUtils.java:logGet(46)) - raft.server.sleep.deviation.threshold = 300ms (default)
2024-12-25 19:03:52,572 INFO  server.RaftServer$Division (ServerState.java:<init>(114)) - s14@group-4CF2EC507520: ConfigurationManager, init=conf: {index: -1, cur=peers:[]|listeners:[], old=null}, confs=<EMPTY_MAP>
2024-12-25 19:03:52,572 INFO  server.RaftServerConfigKeys (ConfUtils.java:logGet(46)) - raft.server.notification.no-leader.timeout = 60s (default)
2024-12-25 19:03:52,572 INFO  server.RaftServerConfigKeys (ConfUtils.java:logGet(46)) - raft.server.read.timeout = 10s (default)
2024-12-25 19:03:52,572 INFO  server.RaftServerConfigKeys (ConfUtils.java:logGet(46)) - raft.server.retrycache.expirytime = 60s (default)
2024-12-25 19:03:52,572 INFO  server.RaftServerConfigKeys (ConfUtils.java:logGet(46)) - raft.server.retrycache.statistics.expirytime = 100ms (default)
2024-12-25 19:03:52,572 INFO  server.RaftServerConfigKeys (ConfUtils.java:logGet(46)) - raft.server.read.option = DEFAULT (default)
2024-12-25 19:03:52,572 INFO  server.RaftServerConfigKeys (ConfUtils.java:logGet(46)) - raft.server.read.read-after-write-consistent.write-index-cache.expiry-time = 60s (default)
2024-12-25 19:03:52,573 INFO  server.RaftServerConfigKeys (ConfUtils.java:logGet(46)) - raft.server.rpc.request.timeout = 3000ms (default)
2024-12-25 19:03:52,573 INFO  server.RaftServerConfigKeys (ConfUtils.java:logGet(46)) - raft.server.log.appender.install.snapshot.enabled = true (default)
2024-12-25 19:03:52,573 INFO  server.RaftServerConfigKeys (ConfUtils.java:logGet(46)) - raft.server.threadpool.server.cached = true (default)
2024-12-25 19:03:52,573 INFO  server.RaftServerConfigKeys (ConfUtils.java:logGet(46)) - raft.server.threadpool.server.size = 0 (default)
2024-12-25 19:03:52,573 INFO  server.RaftServerConfigKeys (ConfUtils.java:logGet(46)) - raft.server.threadpool.client.cached = true (default)
2024-12-25 19:03:52,573 INFO  server.RaftServerConfigKeys (ConfUtils.java:logGet(46)) - raft.server.threadpool.client.size = 0 (default)
2024-12-25 19:03:52,573 INFO  server.RaftServerConfigKeys (ConfUtils.java:logGet(46)) - raft.server.storage.free-space.min = 0MB (=0) (default)
2024-12-25 19:03:52,573 INFO  server.RaftServerConfigKeys (ConfUtils.java:logGet(46)) - raft.server.log.corruption.policy = EXCEPTION (default)
2024-12-25 19:03:52,573 INFO  server.RaftServerConfigKeys (ConfUtils.java:logGet(46)) - raft.server.storage.dir = [/home/runner/work/ratis/ratis/ratis-examples/target/test/data/6cc16ceb/MiniRaftClusterWithSimulatedRpc6b18c296/s14] (custom)
2024-12-25 19:03:52,574 INFO  storage.RaftStorageDirectory (RaftStorageDirectoryImpl.java:analyzeStorage(138)) - The storage directory /home/runner/work/ratis/ratis/ratis-examples/target/test/data/6cc16ceb/MiniRaftClusterWithSimulatedRpc6b18c296/s14/7b4a5993-c80f-4d60-b20d-4cf2ec507520 does not exist. Creating ...
2024-12-25 19:03:52,574 TRACE util.FileUtils (LogUtils.java:runAndLog(49)) - Successfully ran Files.createDirectories /home/runner/work/ratis/ratis/ratis-examples/target/test/data/6cc16ceb/MiniRaftClusterWithSimulatedRpc6b18c296/s14/7b4a5993-c80f-4d60-b20d-4cf2ec507520
2024-12-25 19:03:52,575 INFO  storage.RaftStorageDirectory (RaftStorageDirectoryImpl.java:tryLock(229)) - Lock on /home/runner/work/ratis/ratis/ratis-examples/target/test/data/6cc16ceb/MiniRaftClusterWithSimulatedRpc6b18c296/s14/7b4a5993-c80f-4d60-b20d-4cf2ec507520/in_use.lock acquired by nodename 14827@fv-az835-686.uia40oc12eqezaqrhfktyfhufg.ex.internal.cloudapp.net
2024-12-25 19:03:52,575 TRACE util.FileUtils (LogUtils.java:runAndLog(49)) - Successfully ran Files.createDirectories /home/runner/work/ratis/ratis/ratis-examples/target/test/data/6cc16ceb/MiniRaftClusterWithSimulatedRpc6b18c296/s14/7b4a5993-c80f-4d60-b20d-4cf2ec507520/current
2024-12-25 19:03:52,575 TRACE util.FileUtils (LogUtils.java:runAndLog(49)) - Successfully ran Files.createDirectories /home/runner/work/ratis/ratis/ratis-examples/target/test/data/6cc16ceb/MiniRaftClusterWithSimulatedRpc6b18c296/s14/7b4a5993-c80f-4d60-b20d-4cf2ec507520/sm
2024-12-25 19:03:52,575 TRACE util.FileUtils (LogUtils.java:supplyAndLog(69)) - Successfully supplied FileChannel.open /home/runner/work/ratis/ratis/ratis-examples/target/test/data/6cc16ceb/MiniRaftClusterWithSimulatedRpc6b18c296/s14/7b4a5993-c80f-4d60-b20d-4cf2ec507520/current/raft-meta.tmp with options [CREATE, WRITE]: sun.nio.ch.FileChannelImpl@79c6c8e
2024-12-25 19:03:52,576 TRACE util.FileUtils (LogUtils.java:runAndLog(49)) - Successfully ran Atomic Files.move /home/runner/work/ratis/ratis/ratis-examples/target/test/data/6cc16ceb/MiniRaftClusterWithSimulatedRpc6b18c296/s14/7b4a5993-c80f-4d60-b20d-4cf2ec507520/current/raft-meta.tmp to /home/runner/work/ratis/ratis/ratis-examples/target/test/data/6cc16ceb/MiniRaftClusterWithSimulatedRpc6b18c296/s14/7b4a5993-c80f-4d60-b20d-4cf2ec507520/current/raft-meta with options [REPLACE_EXISTING]
2024-12-25 19:03:52,576 INFO  storage.RaftStorage (RaftStorageImpl.java:format(98)) - Storage directory /home/runner/work/ratis/ratis/ratis-examples/target/test/data/6cc16ceb/MiniRaftClusterWithSimulatedRpc6b18c296/s14/7b4a5993-c80f-4d60-b20d-4cf2ec507520 has been successfully formatted.
2024-12-25 19:03:52,576 WARN  statemachine.StateMachine (ArithmeticStateMachine.java:loadSnapshot(115)) - The snapshot info is null.
2024-12-25 19:03:52,576 INFO  server.RaftServerConfigKeys (ConfUtils.java:logGet(46)) - raft.server.log.use.memory = false (default)
2024-12-25 19:03:52,576 INFO  server.RaftServerConfigKeys (ConfUtils.java:logGet(46)) - raft.server.log.purge.gap = 1024 (default)
2024-12-25 19:03:52,577 INFO  server.RaftServerConfigKeys (ConfUtils.java:logGet(46)) - raft.server.log.appender.buffer.byte-limit = 4MB (=4194304) (default)
2024-12-25 19:03:52,577 INFO  server.RaftServerConfigKeys (ConfUtils.java:logGet(46)) - raft.server.log.statemachine.data.read.timeout = 1000ms (default)
2024-12-25 19:03:52,577 INFO  server.RaftServerConfigKeys (ConfUtils.java:logGet(46)) - raft.server.log.purge.preservation.log.num = 0 (default)
2024-12-25 19:03:52,577 INFO  server.RaftServerConfigKeys (ConfUtils.java:logGet(46)) - raft.server.log.segment.size.max = 32MB (=33554432) (default)
2024-12-25 19:03:52,577 INFO  server.RaftServerConfigKeys (ConfUtils.java:logGet(46)) - raft.server.log.segment.cache.num.max = 6 (default)
2024-12-25 19:03:52,577 INFO  server.RaftServerConfigKeys (ConfUtils.java:logGet(46)) - raft.server.log.segment.cache.size.max = 200MB (=209715200) (default)
2024-12-25 19:03:52,577 INFO  server.RaftServerConfigKeys (ConfUtils.java:logGet(46)) - raft.server.log.appender.buffer.byte-limit = 4MB (=4194304) (default)
2024-12-25 19:03:52,577 INFO  util.AwaitToRun (AwaitToRun.java:start(81)) - Thread[s14@group-4CF2EC507520-cacheEviction-AwaitToRun,5,main] started
2024-12-25 19:03:52,577 INFO  segmented.SegmentedRaftLogWorker (SegmentedRaftLogWorker.java:<init>(189)) - new s14@group-4CF2EC507520-SegmentedRaftLogWorker for RaftStorageImpl:Storage Directory /home/runner/work/ratis/ratis/ratis-examples/target/test/data/6cc16ceb/MiniRaftClusterWithSimulatedRpc6b18c296/s14/7b4a5993-c80f-4d60-b20d-4cf2ec507520
2024-12-25 19:03:52,577 INFO  server.RaftServerConfigKeys (ConfUtils.java:logGet(46)) - raft.server.log.queue.byte-limit = 64MB (=67108864) (default)
2024-12-25 19:03:52,578 INFO  server.RaftServerConfigKeys (ConfUtils.java:logGet(46)) - raft.server.log.queue.element-limit = 4096 (default)
2024-12-25 19:03:52,578 INFO  server.RaftServerConfigKeys (ConfUtils.java:logGet(46)) - raft.server.log.segment.size.max = 32MB (=33554432) (default)
2024-12-25 19:03:52,578 INFO  server.RaftServerConfigKeys (ConfUtils.java:logGet(46)) - raft.server.log.preallocated.size = 4MB (=4194304) (default)
2024-12-25 19:03:52,578 INFO  server.RaftServerConfigKeys (ConfUtils.java:logGet(46)) - raft.server.log.force.sync.num = 128 (default)
2024-12-25 19:03:52,578 INFO  server.RaftServerConfigKeys (ConfUtils.java:logGet(46)) - raft.server.log.statemachine.data.sync = true (default)
2024-12-25 19:03:52,578 INFO  server.RaftServerConfigKeys (ConfUtils.java:logGet(46)) - raft.server.log.statemachine.data.sync.timeout = 10s (default)
2024-12-25 19:03:52,578 INFO  server.RaftServerConfigKeys (ConfUtils.java:logGet(46)) - raft.server.log.statemachine.data.sync.timeout.retry = -1 (default)
2024-12-25 19:03:52,578 INFO  server.RaftServerConfigKeys (ConfUtils.java:logGet(46)) - raft.server.log.write.buffer.size = 8MB (=8388608) (default)
2024-12-25 19:03:52,580 INFO  server.RaftServerConfigKeys (ConfUtils.java:logGet(46)) - raft.server.log.appender.buffer.byte-limit = 4MB (=4194304) (default)
2024-12-25 19:03:52,580 INFO  server.RaftServerConfigKeys (ConfUtils.java:logGet(46)) - raft.server.log.unsafe-flush.enabled = false (default)
2024-12-25 19:03:52,580 INFO  server.RaftServerConfigKeys (ConfUtils.java:logGet(46)) - raft.server.log.async-flush.enabled = false (default)
2024-12-25 19:03:52,580 INFO  server.RaftServerConfigKeys (ConfUtils.java:logGet(46)) - raft.server.log.statemachine.data.caching.enabled = false (default)
2024-12-25 19:03:52,580 INFO  segmented.SegmentedRaftLogWorker (SegmentedRaftLogWorker.java:lambda$new$0(140)) - s14@group-4CF2EC507520-SegmentedRaftLogWorker: flushIndex: setUnconditionally 0 -> -1
2024-12-25 19:03:52,580 INFO  segmented.SegmentedRaftLogWorker (SegmentedRaftLogWorker.java:lambda$new$0(140)) - s14@group-4CF2EC507520-SegmentedRaftLogWorker: safeCacheEvictIndex: setUnconditionally 0 -> -1
2024-12-25 19:03:52,580 INFO  server.RaftServer$Division (RaftServerImpl.java:start(398)) - s14@group-4CF2EC507520: start with initializing state, conf=conf: {index: -1, cur=peers:[]|listeners:[], old=null}
2024-12-25 19:03:52,580 INFO  server.RaftServer$Division (RaftServerImpl.java:setRole(379)) - s14@group-4CF2EC507520: changes role from      null to FOLLOWER at term 0 for start
2024-12-25 19:03:52,582 INFO  util.JmxRegister (JmxRegister.java:tryRegister(44)) - Successfully registered JMX Bean with object name Ratis:service=RaftServer,group=group-4CF2EC507520,id=s14
2024-12-25 19:03:52,582 INFO  util.JmxRegister (JmxRegister.java:register(58)) - register mxBean class org.apache.ratis.server.impl.RaftServerJmxAdapter as Ratis:service=RaftServer,group=group-4CF2EC507520,id=s14
2024-12-25 19:03:52,582 INFO  server.RaftServerConfigKeys (ConfUtils.java:logGet(46)) - raft.server.snapshot.trigger-when-stop.enabled = true (default)
2024-12-25 19:03:52,582 INFO  server.RaftServerConfigKeys (ConfUtils.java:logGet(46)) - raft.server.snapshot.trigger-when-remove.enabled = true (default)
2024-12-25 19:03:52,582 INFO  server.RaftServerConfigKeys (ConfUtils.java:logGet(46)) - raft.server.snapshot.auto.trigger.enabled = false (default)
2024-12-25 19:03:52,582 INFO  server.RaftServerConfigKeys (ConfUtils.java:logGet(46)) - raft.server.snapshot.retention.file.num = -1 (default)
2024-12-25 19:03:52,582 INFO  server.RaftServerConfigKeys (ConfUtils.java:logGet(46)) - raft.server.log.purge.upto.snapshot.index = false (default)
2024-12-25 19:03:52,583 INFO  server.RaftServer$Division (RaftServerImpl.java:start(406)) - s14@group-4CF2EC507520: Successfully started.
2024-12-25 19:03:52,583 INFO  server.RaftServer (RaftServerProxy.java:addNew(101)) - s2: addNew group-4CF2EC507520:[] returns group-4CF2EC507520:java.util.concurrent.CompletableFuture@4db8e2f1[Not completed]
2024-12-25 19:03:52,583 INFO  server.RaftServer$Division (RaftServerImpl.java:<init>(256)) - s2: new RaftServerImpl for group-4CF2EC507520:[] with ArithmeticStateMachine:uninitialized
2024-12-25 19:03:52,583 INFO  server.RaftServerConfigKeys (ConfUtils.java:logGet(46)) - raft.server.rpc.timeout.min = 300ms (custom)
2024-12-25 19:03:52,583 INFO  server.RaftServerConfigKeys (ConfUtils.java:logGet(46)) - raft.server.rpc.timeout.max = 600ms (custom)
2024-12-25 19:03:52,584 INFO  server.RaftServerConfigKeys (ConfUtils.java:logGet(46)) - raft.server.rpc.sleep.time = 25ms (default)
2024-12-25 19:03:52,584 INFO  server.RaftServerConfigKeys (ConfUtils.java:logGet(46)) - raft.server.rpc.slowness.timeout = 60s (default)
2024-12-25 19:03:52,584 INFO  server.RaftServerConfigKeys (ConfUtils.java:logGet(46)) - raft.server.leaderelection.leader.step-down.wait-time = 10s (default)
2024-12-25 19:03:52,584 INFO  server.RaftServerConfigKeys (ConfUtils.java:logGet(46)) - raft.server.leaderelection.member.majority-add = false (default)
2024-12-25 19:03:52,584 INFO  server.RaftServerConfigKeys (ConfUtils.java:logGet(46)) - raft.server.sleep.deviation.threshold = 300ms (default)
2024-12-25 19:03:52,584 INFO  server.RaftServer$Division (ServerState.java:<init>(114)) - s2@group-4CF2EC507520: ConfigurationManager, init=conf: {index: -1, cur=peers:[]|listeners:[], old=null}, confs=<EMPTY_MAP>
2024-12-25 19:03:52,584 INFO  server.RaftServerConfigKeys (ConfUtils.java:logGet(46)) - raft.server.notification.no-leader.timeout = 60s (default)
2024-12-25 19:03:52,584 INFO  server.RaftServerConfigKeys (ConfUtils.java:logGet(46)) - raft.server.read.timeout = 10s (default)
2024-12-25 19:03:52,584 INFO  server.RaftServerConfigKeys (ConfUtils.java:logGet(46)) - raft.server.retrycache.expirytime = 60s (default)
2024-12-25 19:03:52,584 INFO  server.RaftServerConfigKeys (ConfUtils.java:logGet(46)) - raft.server.retrycache.statistics.expirytime = 100ms (default)
2024-12-25 19:03:52,584 INFO  server.RaftServerConfigKeys (ConfUtils.java:logGet(46)) - raft.server.read.option = DEFAULT (default)
2024-12-25 19:03:52,584 INFO  server.RaftServerConfigKeys (ConfUtils.java:logGet(46)) - raft.server.read.read-after-write-consistent.write-index-cache.expiry-time = 60s (default)
2024-12-25 19:03:52,585 INFO  server.RaftServerConfigKeys (ConfUtils.java:logGet(46)) - raft.server.rpc.request.timeout = 3000ms (default)
2024-12-25 19:03:52,585 INFO  server.RaftServerConfigKeys (ConfUtils.java:logGet(46)) - raft.server.log.appender.install.snapshot.enabled = true (default)
2024-12-25 19:03:52,585 INFO  server.RaftServerConfigKeys (ConfUtils.java:logGet(46)) - raft.server.threadpool.server.cached = true (default)
2024-12-25 19:03:52,585 INFO  server.RaftServerConfigKeys (ConfUtils.java:logGet(46)) - raft.server.threadpool.server.size = 0 (default)
2024-12-25 19:03:52,585 INFO  server.RaftServerConfigKeys (ConfUtils.java:logGet(46)) - raft.server.threadpool.client.cached = true (default)
2024-12-25 19:03:52,585 INFO  server.RaftServerConfigKeys (ConfUtils.java:logGet(46)) - raft.server.threadpool.client.size = 0 (default)
2024-12-25 19:03:52,585 INFO  server.RaftServerConfigKeys (ConfUtils.java:logGet(46)) - raft.server.storage.free-space.min = 0MB (=0) (default)
2024-12-25 19:03:52,585 INFO  server.RaftServerConfigKeys (ConfUtils.java:logGet(46)) - raft.server.log.corruption.policy = EXCEPTION (default)
2024-12-25 19:03:52,585 INFO  server.RaftServerConfigKeys (ConfUtils.java:logGet(46)) - raft.server.storage.dir = [/home/runner/work/ratis/ratis/ratis-examples/target/test/data/6cc16ceb/MiniRaftClusterWithSimulatedRpc6b18c296/s2] (custom)
2024-12-25 19:03:52,585 INFO  storage.RaftStorageDirectory (RaftStorageDirectoryImpl.java:analyzeStorage(138)) - The storage directory /home/runner/work/ratis/ratis/ratis-examples/target/test/data/6cc16ceb/MiniRaftClusterWithSimulatedRpc6b18c296/s2/7b4a5993-c80f-4d60-b20d-4cf2ec507520 does not exist. Creating ...
2024-12-25 19:03:52,586 TRACE util.FileUtils (LogUtils.java:runAndLog(49)) - Successfully ran Files.createDirectories /home/runner/work/ratis/ratis/ratis-examples/target/test/data/6cc16ceb/MiniRaftClusterWithSimulatedRpc6b18c296/s2/7b4a5993-c80f-4d60-b20d-4cf2ec507520
2024-12-25 19:03:52,586 INFO  storage.RaftStorageDirectory (RaftStorageDirectoryImpl.java:tryLock(229)) - Lock on /home/runner/work/ratis/ratis/ratis-examples/target/test/data/6cc16ceb/MiniRaftClusterWithSimulatedRpc6b18c296/s2/7b4a5993-c80f-4d60-b20d-4cf2ec507520/in_use.lock acquired by nodename 14827@fv-az835-686.uia40oc12eqezaqrhfktyfhufg.ex.internal.cloudapp.net
2024-12-25 19:03:52,587 TRACE util.FileUtils (LogUtils.java:runAndLog(49)) - Successfully ran Files.createDirectories /home/runner/work/ratis/ratis/ratis-examples/target/test/data/6cc16ceb/MiniRaftClusterWithSimulatedRpc6b18c296/s2/7b4a5993-c80f-4d60-b20d-4cf2ec507520/current
2024-12-25 19:03:52,587 TRACE util.FileUtils (LogUtils.java:runAndLog(49)) - Successfully ran Files.createDirectories /home/runner/work/ratis/ratis/ratis-examples/target/test/data/6cc16ceb/MiniRaftClusterWithSimulatedRpc6b18c296/s2/7b4a5993-c80f-4d60-b20d-4cf2ec507520/sm
2024-12-25 19:03:52,587 TRACE util.FileUtils (LogUtils.java:supplyAndLog(69)) - Successfully supplied FileChannel.open /home/runner/work/ratis/ratis/ratis-examples/target/test/data/6cc16ceb/MiniRaftClusterWithSimulatedRpc6b18c296/s2/7b4a5993-c80f-4d60-b20d-4cf2ec507520/current/raft-meta.tmp with options [CREATE, WRITE]: sun.nio.ch.FileChannelImpl@101aaaf0
2024-12-25 19:03:52,588 TRACE util.FileUtils (LogUtils.java:runAndLog(49)) - Successfully ran Atomic Files.move /home/runner/work/ratis/ratis/ratis-examples/target/test/data/6cc16ceb/MiniRaftClusterWithSimulatedRpc6b18c296/s2/7b4a5993-c80f-4d60-b20d-4cf2ec507520/current/raft-meta.tmp to /home/runner/work/ratis/ratis/ratis-examples/target/test/data/6cc16ceb/MiniRaftClusterWithSimulatedRpc6b18c296/s2/7b4a5993-c80f-4d60-b20d-4cf2ec507520/current/raft-meta with options [REPLACE_EXISTING]
2024-12-25 19:03:52,588 INFO  storage.RaftStorage (RaftStorageImpl.java:format(98)) - Storage directory /home/runner/work/ratis/ratis/ratis-examples/target/test/data/6cc16ceb/MiniRaftClusterWithSimulatedRpc6b18c296/s2/7b4a5993-c80f-4d60-b20d-4cf2ec507520 has been successfully formatted.
2024-12-25 19:03:52,588 WARN  statemachine.StateMachine (ArithmeticStateMachine.java:loadSnapshot(115)) - The snapshot info is null.
2024-12-25 19:03:52,588 INFO  server.RaftServerConfigKeys (ConfUtils.java:logGet(46)) - raft.server.log.use.memory = false (default)
2024-12-25 19:03:52,588 INFO  server.RaftServerConfigKeys (ConfUtils.java:logGet(46)) - raft.server.log.purge.gap = 1024 (default)
2024-12-25 19:03:52,588 INFO  server.RaftServerConfigKeys (ConfUtils.java:logGet(46)) - raft.server.log.appender.buffer.byte-limit = 4MB (=4194304) (default)
2024-12-25 19:03:52,588 INFO  server.RaftServerConfigKeys (ConfUtils.java:logGet(46)) - raft.server.log.statemachine.data.read.timeout = 1000ms (default)
2024-12-25 19:03:52,588 INFO  server.RaftServerConfigKeys (ConfUtils.java:logGet(46)) - raft.server.log.purge.preservation.log.num = 0 (default)
2024-12-25 19:03:52,589 INFO  server.RaftServerConfigKeys (ConfUtils.java:logGet(46)) - raft.server.log.segment.size.max = 32MB (=33554432) (default)
2024-12-25 19:03:52,589 INFO  server.RaftServerConfigKeys (ConfUtils.java:logGet(46)) - raft.server.log.segment.cache.num.max = 6 (default)
2024-12-25 19:03:52,589 INFO  server.RaftServerConfigKeys (ConfUtils.java:logGet(46)) - raft.server.log.segment.cache.size.max = 200MB (=209715200) (default)
2024-12-25 19:03:52,589 INFO  server.RaftServerConfigKeys (ConfUtils.java:logGet(46)) - raft.server.log.appender.buffer.byte-limit = 4MB (=4194304) (default)
2024-12-25 19:03:52,589 INFO  util.AwaitToRun (AwaitToRun.java:start(81)) - Thread[s2@group-4CF2EC507520-cacheEviction-AwaitToRun,5,main] started
2024-12-25 19:03:52,589 INFO  segmented.SegmentedRaftLogWorker (SegmentedRaftLogWorker.java:<init>(189)) - new s2@group-4CF2EC507520-SegmentedRaftLogWorker for RaftStorageImpl:Storage Directory /home/runner/work/ratis/ratis/ratis-examples/target/test/data/6cc16ceb/MiniRaftClusterWithSimulatedRpc6b18c296/s2/7b4a5993-c80f-4d60-b20d-4cf2ec507520
2024-12-25 19:03:52,589 INFO  server.RaftServerConfigKeys (ConfUtils.java:logGet(46)) - raft.server.log.queue.byte-limit = 64MB (=67108864) (default)
2024-12-25 19:03:52,589 INFO  server.RaftServerConfigKeys (ConfUtils.java:logGet(46)) - raft.server.log.queue.element-limit = 4096 (default)
2024-12-25 19:03:52,589 INFO  server.RaftServerConfigKeys (ConfUtils.java:logGet(46)) - raft.server.log.segment.size.max = 32MB (=33554432) (default)
2024-12-25 19:03:52,589 INFO  server.RaftServerConfigKeys (ConfUtils.java:logGet(46)) - raft.server.log.preallocated.size = 4MB (=4194304) (default)
2024-12-25 19:03:52,590 INFO  server.RaftServerConfigKeys (ConfUtils.java:logGet(46)) - raft.server.log.force.sync.num = 128 (default)
2024-12-25 19:03:52,590 INFO  server.RaftServerConfigKeys (ConfUtils.java:logGet(46)) - raft.server.log.statemachine.data.sync = true (default)
2024-12-25 19:03:52,590 INFO  server.RaftServerConfigKeys (ConfUtils.java:logGet(46)) - raft.server.log.statemachine.data.sync.timeout = 10s (default)
2024-12-25 19:03:52,590 INFO  server.RaftServerConfigKeys (ConfUtils.java:logGet(46)) - raft.server.log.statemachine.data.sync.timeout.retry = -1 (default)
2024-12-25 19:03:52,590 INFO  server.RaftServerConfigKeys (ConfUtils.java:logGet(46)) - raft.server.log.write.buffer.size = 8MB (=8388608) (default)
2024-12-25 19:03:52,592 INFO  server.RaftServerConfigKeys (ConfUtils.java:logGet(46)) - raft.server.log.appender.buffer.byte-limit = 4MB (=4194304) (default)
2024-12-25 19:03:52,592 INFO  server.RaftServerConfigKeys (ConfUtils.java:logGet(46)) - raft.server.log.unsafe-flush.enabled = false (default)
2024-12-25 19:03:52,592 INFO  server.RaftServerConfigKeys (ConfUtils.java:logGet(46)) - raft.server.log.async-flush.enabled = false (default)
2024-12-25 19:03:52,592 INFO  server.RaftServerConfigKeys (ConfUtils.java:logGet(46)) - raft.server.log.statemachine.data.caching.enabled = false (default)
2024-12-25 19:03:52,592 INFO  segmented.SegmentedRaftLogWorker (SegmentedRaftLogWorker.java:lambda$new$0(140)) - s2@group-4CF2EC507520-SegmentedRaftLogWorker: flushIndex: setUnconditionally 0 -> -1
2024-12-25 19:03:52,592 INFO  segmented.SegmentedRaftLogWorker (SegmentedRaftLogWorker.java:lambda$new$0(140)) - s2@group-4CF2EC507520-SegmentedRaftLogWorker: safeCacheEvictIndex: setUnconditionally 0 -> -1
2024-12-25 19:03:52,592 INFO  server.RaftServer$Division (RaftServerImpl.java:start(398)) - s2@group-4CF2EC507520: start with initializing state, conf=conf: {index: -1, cur=peers:[]|listeners:[], old=null}
2024-12-25 19:03:52,592 INFO  server.RaftServer$Division (RaftServerImpl.java:setRole(379)) - s2@group-4CF2EC507520: changes role from      null to FOLLOWER at term 0 for start
2024-12-25 19:03:52,592 INFO  util.JmxRegister (JmxRegister.java:tryRegister(44)) - Successfully registered JMX Bean with object name Ratis:service=RaftServer,group=group-4CF2EC507520,id=s2
2024-12-25 19:03:52,593 INFO  util.JmxRegister (JmxRegister.java:register(58)) - register mxBean class org.apache.ratis.server.impl.RaftServerJmxAdapter as Ratis:service=RaftServer,group=group-4CF2EC507520,id=s2
2024-12-25 19:03:52,593 INFO  server.RaftServerConfigKeys (ConfUtils.java:logGet(46)) - raft.server.snapshot.trigger-when-stop.enabled = true (default)
2024-12-25 19:03:52,593 INFO  server.RaftServerConfigKeys (ConfUtils.java:logGet(46)) - raft.server.snapshot.trigger-when-remove.enabled = true (default)
2024-12-25 19:03:52,593 INFO  server.RaftServerConfigKeys (ConfUtils.java:logGet(46)) - raft.server.snapshot.auto.trigger.enabled = false (default)
2024-12-25 19:03:52,593 INFO  server.RaftServerConfigKeys (ConfUtils.java:logGet(46)) - raft.server.snapshot.retention.file.num = -1 (default)
2024-12-25 19:03:52,593 INFO  server.RaftServerConfigKeys (ConfUtils.java:logGet(46)) - raft.server.log.purge.upto.snapshot.index = false (default)
2024-12-25 19:03:52,593 INFO  server.RaftServer$Division (RaftServerImpl.java:start(406)) - s2@group-4CF2EC507520: Successfully started.
2024-12-25 19:03:52,593 INFO  impl.GroupManagementBaseTest (GroupManagementBaseTest.java:runMultiGroupTest(322)) - 3) groupAdd: printing group-639A8E78DFD7
2024-12-25 19:03:52,594 INFO  server.RaftServer (RaftServerProxy.java:addNew(101)) - s4: addNew group-4CF2EC507520:[] returns group-4CF2EC507520:java.util.concurrent.CompletableFuture@4d02e68c[Not completed]
2024-12-25 19:03:52,594 INFO  server.RaftServer$Division (RaftServerImpl.java:<init>(256)) - s4: new RaftServerImpl for group-4CF2EC507520:[] with ArithmeticStateMachine:uninitialized
2024-12-25 19:03:52,594 INFO  server.RaftServerConfigKeys (ConfUtils.java:logGet(46)) - raft.server.rpc.timeout.min = 300ms (custom)
2024-12-25 19:03:52,594 INFO  server.RaftServerConfigKeys (ConfUtils.java:logGet(46)) - raft.server.rpc.timeout.max = 600ms (custom)
2024-12-25 19:03:52,594 INFO  server.RaftServerConfigKeys (ConfUtils.java:logGet(46)) - raft.server.rpc.sleep.time = 25ms (default)
2024-12-25 19:03:52,594 INFO  server.RaftServerConfigKeys (ConfUtils.java:logGet(46)) - raft.server.rpc.slowness.timeout = 60s (default)
2024-12-25 19:03:52,594 INFO  server.RaftServerConfigKeys (ConfUtils.java:logGet(46)) - raft.server.leaderelection.leader.step-down.wait-time = 10s (default)
2024-12-25 19:03:52,594 INFO  server.RaftServerConfigKeys (ConfUtils.java:logGet(46)) - raft.server.leaderelection.member.majority-add = false (default)
2024-12-25 19:03:52,594 INFO  server.RaftServerConfigKeys (ConfUtils.java:logGet(46)) - raft.server.sleep.deviation.threshold = 300ms (default)
2024-12-25 19:03:52,594 INFO  server.RaftServer$Division (ServerState.java:<init>(114)) - s4@group-4CF2EC507520: ConfigurationManager, init=conf: {index: -1, cur=peers:[]|listeners:[], old=null}, confs=<EMPTY_MAP>
2024-12-25 19:03:52,594 INFO  server.RaftServerConfigKeys (ConfUtils.java:logGet(46)) - raft.server.notification.no-leader.timeout = 60s (default)
2024-12-25 19:03:52,594 INFO  server.RaftServerConfigKeys (ConfUtils.java:logGet(46)) - raft.server.read.timeout = 10s (default)
2024-12-25 19:03:52,595 INFO  server.RaftServerConfigKeys (ConfUtils.java:logGet(46)) - raft.server.retrycache.expirytime = 60s (default)
2024-12-25 19:03:52,595 INFO  server.RaftServerConfigKeys (ConfUtils.java:logGet(46)) - raft.server.retrycache.statistics.expirytime = 100ms (default)
2024-12-25 19:03:52,595 INFO  server.RaftServerConfigKeys (ConfUtils.java:logGet(46)) - raft.server.read.option = DEFAULT (default)
2024-12-25 19:03:52,595 INFO  server.RaftServerConfigKeys (ConfUtils.java:logGet(46)) - raft.server.read.read-after-write-consistent.write-index-cache.expiry-time = 60s (default)
2024-12-25 19:03:52,595 INFO  server.RaftServerConfigKeys (ConfUtils.java:logGet(46)) - raft.server.rpc.request.timeout = 3000ms (default)
2024-12-25 19:03:52,595 INFO  server.RaftServerConfigKeys (ConfUtils.java:logGet(46)) - raft.server.log.appender.install.snapshot.enabled = true (default)
2024-12-25 19:03:52,595 INFO  server.RaftServerConfigKeys (ConfUtils.java:logGet(46)) - raft.server.threadpool.server.cached = true (default)
2024-12-25 19:03:52,595 INFO  server.RaftServerConfigKeys (ConfUtils.java:logGet(46)) - raft.server.threadpool.server.size = 0 (default)
2024-12-25 19:03:52,596 INFO  server.RaftServerConfigKeys (ConfUtils.java:logGet(46)) - raft.server.threadpool.client.cached = true (default)
2024-12-25 19:03:52,596 INFO  server.RaftServerConfigKeys (ConfUtils.java:logGet(46)) - raft.server.threadpool.client.size = 0 (default)
2024-12-25 19:03:52,596 INFO  server.RaftServerConfigKeys (ConfUtils.java:logGet(46)) - raft.server.storage.free-space.min = 0MB (=0) (default)
2024-12-25 19:03:52,596 INFO  server.RaftServerConfigKeys (ConfUtils.java:logGet(46)) - raft.server.log.corruption.policy = EXCEPTION (default)
2024-12-25 19:03:52,596 INFO  server.RaftServerConfigKeys (ConfUtils.java:logGet(46)) - raft.server.storage.dir = [/home/runner/work/ratis/ratis/ratis-examples/target/test/data/6cc16ceb/MiniRaftClusterWithSimulatedRpc6b18c296/s4] (custom)
2024-12-25 19:03:52,596 INFO  storage.RaftStorageDirectory (RaftStorageDirectoryImpl.java:analyzeStorage(138)) - The storage directory /home/runner/work/ratis/ratis/ratis-examples/target/test/data/6cc16ceb/MiniRaftClusterWithSimulatedRpc6b18c296/s4/7b4a5993-c80f-4d60-b20d-4cf2ec507520 does not exist. Creating ...
2024-12-25 19:03:52,596 TRACE util.FileUtils (LogUtils.java:runAndLog(49)) - Successfully ran Files.createDirectories /home/runner/work/ratis/ratis/ratis-examples/target/test/data/6cc16ceb/MiniRaftClusterWithSimulatedRpc6b18c296/s4/7b4a5993-c80f-4d60-b20d-4cf2ec507520
2024-12-25 19:03:52,597 INFO  storage.RaftStorageDirectory (RaftStorageDirectoryImpl.java:tryLock(229)) - Lock on /home/runner/work/ratis/ratis/ratis-examples/target/test/data/6cc16ceb/MiniRaftClusterWithSimulatedRpc6b18c296/s4/7b4a5993-c80f-4d60-b20d-4cf2ec507520/in_use.lock acquired by nodename 14827@fv-az835-686.uia40oc12eqezaqrhfktyfhufg.ex.internal.cloudapp.net
2024-12-25 19:03:52,597 TRACE util.FileUtils (LogUtils.java:runAndLog(49)) - Successfully ran Files.createDirectories /home/runner/work/ratis/ratis/ratis-examples/target/test/data/6cc16ceb/MiniRaftClusterWithSimulatedRpc6b18c296/s4/7b4a5993-c80f-4d60-b20d-4cf2ec507520/current
2024-12-25 19:03:52,597 TRACE util.FileUtils (LogUtils.java:runAndLog(49)) - Successfully ran Files.createDirectories /home/runner/work/ratis/ratis/ratis-examples/target/test/data/6cc16ceb/MiniRaftClusterWithSimulatedRpc6b18c296/s4/7b4a5993-c80f-4d60-b20d-4cf2ec507520/sm
2024-12-25 19:03:52,597 TRACE util.FileUtils (LogUtils.java:supplyAndLog(69)) - Successfully supplied FileChannel.open /home/runner/work/ratis/ratis/ratis-examples/target/test/data/6cc16ceb/MiniRaftClusterWithSimulatedRpc6b18c296/s4/7b4a5993-c80f-4d60-b20d-4cf2ec507520/current/raft-meta.tmp with options [CREATE, WRITE]: sun.nio.ch.FileChannelImpl@43f495ba
2024-12-25 19:03:52,598 TRACE util.FileUtils (LogUtils.java:runAndLog(49)) - Successfully ran Atomic Files.move /home/runner/work/ratis/ratis/ratis-examples/target/test/data/6cc16ceb/MiniRaftClusterWithSimulatedRpc6b18c296/s4/7b4a5993-c80f-4d60-b20d-4cf2ec507520/current/raft-meta.tmp to /home/runner/work/ratis/ratis/ratis-examples/target/test/data/6cc16ceb/MiniRaftClusterWithSimulatedRpc6b18c296/s4/7b4a5993-c80f-4d60-b20d-4cf2ec507520/current/raft-meta with options [REPLACE_EXISTING]
2024-12-25 19:03:52,598 INFO  storage.RaftStorage (RaftStorageImpl.java:format(98)) - Storage directory /home/runner/work/ratis/ratis/ratis-examples/target/test/data/6cc16ceb/MiniRaftClusterWithSimulatedRpc6b18c296/s4/7b4a5993-c80f-4d60-b20d-4cf2ec507520 has been successfully formatted.
2024-12-25 19:03:52,598 WARN  statemachine.StateMachine (ArithmeticStateMachine.java:loadSnapshot(115)) - The snapshot info is null.
2024-12-25 19:03:52,598 INFO  server.RaftServerConfigKeys (ConfUtils.java:logGet(46)) - raft.server.log.use.memory = false (default)
2024-12-25 19:03:52,599 INFO  server.RaftServerConfigKeys (ConfUtils.java:logGet(46)) - raft.server.log.purge.gap = 1024 (default)
2024-12-25 19:03:52,599 INFO  server.RaftServerConfigKeys (ConfUtils.java:logGet(46)) - raft.server.log.appender.buffer.byte-limit = 4MB (=4194304) (default)
2024-12-25 19:03:52,599 INFO  server.RaftServerConfigKeys (ConfUtils.java:logGet(46)) - raft.server.log.statemachine.data.read.timeout = 1000ms (default)
2024-12-25 19:03:52,599 INFO  server.RaftServerConfigKeys (ConfUtils.java:logGet(46)) - raft.server.log.purge.preservation.log.num = 0 (default)
2024-12-25 19:03:52,599 INFO  server.RaftServerConfigKeys (ConfUtils.java:logGet(46)) - raft.server.log.segment.size.max = 32MB (=33554432) (default)
2024-12-25 19:03:52,599 INFO  server.RaftServerConfigKeys (ConfUtils.java:logGet(46)) - raft.server.log.segment.cache.num.max = 6 (default)
2024-12-25 19:03:52,599 INFO  server.RaftServerConfigKeys (ConfUtils.java:logGet(46)) - raft.server.log.segment.cache.size.max = 200MB (=209715200) (default)
2024-12-25 19:03:52,599 INFO  server.RaftServerConfigKeys (ConfUtils.java:logGet(46)) - raft.server.log.appender.buffer.byte-limit = 4MB (=4194304) (default)
2024-12-25 19:03:52,599 INFO  util.AwaitToRun (AwaitToRun.java:start(81)) - Thread[s4@group-4CF2EC507520-cacheEviction-AwaitToRun,5,main] started
2024-12-25 19:03:52,599 INFO  segmented.SegmentedRaftLogWorker (SegmentedRaftLogWorker.java:<init>(189)) - new s4@group-4CF2EC507520-SegmentedRaftLogWorker for RaftStorageImpl:Storage Directory /home/runner/work/ratis/ratis/ratis-examples/target/test/data/6cc16ceb/MiniRaftClusterWithSimulatedRpc6b18c296/s4/7b4a5993-c80f-4d60-b20d-4cf2ec507520
2024-12-25 19:03:52,599 INFO  server.RaftServerConfigKeys (ConfUtils.java:logGet(46)) - raft.server.log.queue.byte-limit = 64MB (=67108864) (default)
2024-12-25 19:03:52,599 INFO  server.RaftServerConfigKeys (ConfUtils.java:logGet(46)) - raft.server.log.queue.element-limit = 4096 (default)
2024-12-25 19:03:52,600 INFO  server.RaftServerConfigKeys (ConfUtils.java:logGet(46)) - raft.server.log.segment.size.max = 32MB (=33554432) (default)
2024-12-25 19:03:52,600 INFO  server.RaftServerConfigKeys (ConfUtils.java:logGet(46)) - raft.server.log.preallocated.size = 4MB (=4194304) (default)
2024-12-25 19:03:52,600 INFO  server.RaftServerConfigKeys (ConfUtils.java:logGet(46)) - raft.server.log.force.sync.num = 128 (default)
2024-12-25 19:03:52,600 INFO  server.RaftServerConfigKeys (ConfUtils.java:logGet(46)) - raft.server.log.statemachine.data.sync = true (default)
2024-12-25 19:03:52,600 INFO  server.RaftServerConfigKeys (ConfUtils.java:logGet(46)) - raft.server.log.statemachine.data.sync.timeout = 10s (default)
2024-12-25 19:03:52,600 INFO  server.RaftServerConfigKeys (ConfUtils.java:logGet(46)) - raft.server.log.statemachine.data.sync.timeout.retry = -1 (default)
2024-12-25 19:03:52,600 INFO  server.RaftServerConfigKeys (ConfUtils.java:logGet(46)) - raft.server.log.write.buffer.size = 8MB (=8388608) (default)
2024-12-25 19:03:52,602 INFO  server.RaftServerConfigKeys (ConfUtils.java:logGet(46)) - raft.server.log.appender.buffer.byte-limit = 4MB (=4194304) (default)
2024-12-25 19:03:52,602 INFO  server.RaftServerConfigKeys (ConfUtils.java:logGet(46)) - raft.server.log.unsafe-flush.enabled = false (default)
2024-12-25 19:03:52,602 INFO  server.RaftServerConfigKeys (ConfUtils.java:logGet(46)) - raft.server.log.async-flush.enabled = false (default)
2024-12-25 19:03:52,603 INFO  server.RaftServerConfigKeys (ConfUtils.java:logGet(46)) - raft.server.log.statemachine.data.caching.enabled = false (default)
2024-12-25 19:03:52,603 INFO  segmented.SegmentedRaftLogWorker (SegmentedRaftLogWorker.java:lambda$new$0(140)) - s4@group-4CF2EC507520-SegmentedRaftLogWorker: flushIndex: setUnconditionally 0 -> -1
2024-12-25 19:03:52,603 INFO  segmented.SegmentedRaftLogWorker (SegmentedRaftLogWorker.java:lambda$new$0(140)) - s4@group-4CF2EC507520-SegmentedRaftLogWorker: safeCacheEvictIndex: setUnconditionally 0 -> -1
2024-12-25 19:03:52,603 INFO  server.RaftServer$Division (RaftServerImpl.java:start(398)) - s4@group-4CF2EC507520: start with initializing state, conf=conf: {index: -1, cur=peers:[]|listeners:[], old=null}
2024-12-25 19:03:52,603 INFO  server.RaftServer$Division (RaftServerImpl.java:setRole(379)) - s4@group-4CF2EC507520: changes role from      null to FOLLOWER at term 0 for start
2024-12-25 19:03:52,603 INFO  util.JmxRegister (JmxRegister.java:tryRegister(44)) - Successfully registered JMX Bean with object name Ratis:service=RaftServer,group=group-4CF2EC507520,id=s4
2024-12-25 19:03:52,603 INFO  util.JmxRegister (JmxRegister.java:register(58)) - register mxBean class org.apache.ratis.server.impl.RaftServerJmxAdapter as Ratis:service=RaftServer,group=group-4CF2EC507520,id=s4
2024-12-25 19:03:52,603 INFO  server.RaftServerConfigKeys (ConfUtils.java:logGet(46)) - raft.server.snapshot.trigger-when-stop.enabled = true (default)
2024-12-25 19:03:52,604 INFO  server.RaftServerConfigKeys (ConfUtils.java:logGet(46)) - raft.server.snapshot.trigger-when-remove.enabled = true (default)
2024-12-25 19:03:52,604 INFO  server.RaftServerConfigKeys (ConfUtils.java:logGet(46)) - raft.server.snapshot.auto.trigger.enabled = false (default)
2024-12-25 19:03:52,604 INFO  server.RaftServerConfigKeys (ConfUtils.java:logGet(46)) - raft.server.snapshot.retention.file.num = -1 (default)
2024-12-25 19:03:52,604 INFO  server.RaftServerConfigKeys (ConfUtils.java:logGet(46)) - raft.server.log.purge.upto.snapshot.index = false (default)
2024-12-25 19:03:52,604 INFO  server.RaftServer$Division (RaftServerImpl.java:start(406)) - s4@group-4CF2EC507520: Successfully started.
2024-12-25 19:03:52,605 INFO  server.RaftServer (RaftServerProxy.java:addNew(101)) - s5: addNew group-4CF2EC507520:[] returns group-4CF2EC507520:java.util.concurrent.CompletableFuture@3642ddfc[Not completed]
2024-12-25 19:03:52,605 INFO  server.RaftServer$Division (RaftServerImpl.java:<init>(256)) - s5: new RaftServerImpl for group-4CF2EC507520:[] with ArithmeticStateMachine:uninitialized
2024-12-25 19:03:52,605 INFO  server.RaftServerConfigKeys (ConfUtils.java:logGet(46)) - raft.server.rpc.timeout.min = 300ms (custom)
2024-12-25 19:03:52,605 INFO  server.RaftServerConfigKeys (ConfUtils.java:logGet(46)) - raft.server.rpc.timeout.max = 600ms (custom)
2024-12-25 19:03:52,605 INFO  server.RaftServerConfigKeys (ConfUtils.java:logGet(46)) - raft.server.rpc.sleep.time = 25ms (default)
2024-12-25 19:03:52,605 INFO  server.RaftServerConfigKeys (ConfUtils.java:logGet(46)) - raft.server.rpc.slowness.timeout = 60s (default)
2024-12-25 19:03:52,605 INFO  server.RaftServerConfigKeys (ConfUtils.java:logGet(46)) - raft.server.leaderelection.leader.step-down.wait-time = 10s (default)
2024-12-25 19:03:52,605 INFO  server.RaftServerConfigKeys (ConfUtils.java:logGet(46)) - raft.server.leaderelection.member.majority-add = false (default)
2024-12-25 19:03:52,605 INFO  server.RaftServerConfigKeys (ConfUtils.java:logGet(46)) - raft.server.sleep.deviation.threshold = 300ms (default)
2024-12-25 19:03:52,605 INFO  server.RaftServer$Division (ServerState.java:<init>(114)) - s5@group-4CF2EC507520: ConfigurationManager, init=conf: {index: -1, cur=peers:[]|listeners:[], old=null}, confs=<EMPTY_MAP>
2024-12-25 19:03:52,605 INFO  server.RaftServerConfigKeys (ConfUtils.java:logGet(46)) - raft.server.notification.no-leader.timeout = 60s (default)
2024-12-25 19:03:52,605 INFO  server.RaftServerConfigKeys (ConfUtils.java:logGet(46)) - raft.server.read.timeout = 10s (default)
2024-12-25 19:03:52,605 INFO  server.RaftServerConfigKeys (ConfUtils.java:logGet(46)) - raft.server.retrycache.expirytime = 60s (default)
2024-12-25 19:03:52,605 INFO  server.RaftServerConfigKeys (ConfUtils.java:logGet(46)) - raft.server.retrycache.statistics.expirytime = 100ms (default)
2024-12-25 19:03:52,606 INFO  server.RaftServerConfigKeys (ConfUtils.java:logGet(46)) - raft.server.read.option = DEFAULT (default)
2024-12-25 19:03:52,606 INFO  server.RaftServerConfigKeys (ConfUtils.java:logGet(46)) - raft.server.read.read-after-write-consistent.write-index-cache.expiry-time = 60s (default)
2024-12-25 19:03:52,606 INFO  server.RaftServerConfigKeys (ConfUtils.java:logGet(46)) - raft.server.rpc.request.timeout = 3000ms (default)
2024-12-25 19:03:52,606 INFO  server.RaftServerConfigKeys (ConfUtils.java:logGet(46)) - raft.server.log.appender.install.snapshot.enabled = true (default)
2024-12-25 19:03:52,606 INFO  server.RaftServerConfigKeys (ConfUtils.java:logGet(46)) - raft.server.threadpool.server.cached = true (default)
2024-12-25 19:03:52,606 INFO  server.RaftServerConfigKeys (ConfUtils.java:logGet(46)) - raft.server.threadpool.server.size = 0 (default)
2024-12-25 19:03:52,606 INFO  server.RaftServerConfigKeys (ConfUtils.java:logGet(46)) - raft.server.threadpool.client.cached = true (default)
2024-12-25 19:03:52,606 INFO  server.RaftServerConfigKeys (ConfUtils.java:logGet(46)) - raft.server.threadpool.client.size = 0 (default)
2024-12-25 19:03:52,606 INFO  server.RaftServerConfigKeys (ConfUtils.java:logGet(46)) - raft.server.storage.free-space.min = 0MB (=0) (default)
2024-12-25 19:03:52,607 INFO  server.RaftServerConfigKeys (ConfUtils.java:logGet(46)) - raft.server.log.corruption.policy = EXCEPTION (default)
2024-12-25 19:03:52,607 INFO  server.RaftServerConfigKeys (ConfUtils.java:logGet(46)) - raft.server.storage.dir = [/home/runner/work/ratis/ratis/ratis-examples/target/test/data/6cc16ceb/MiniRaftClusterWithSimulatedRpc6b18c296/s5] (custom)
2024-12-25 19:03:52,607 INFO  storage.RaftStorageDirectory (RaftStorageDirectoryImpl.java:analyzeStorage(138)) - The storage directory /home/runner/work/ratis/ratis/ratis-examples/target/test/data/6cc16ceb/MiniRaftClusterWithSimulatedRpc6b18c296/s5/7b4a5993-c80f-4d60-b20d-4cf2ec507520 does not exist. Creating ...
2024-12-25 19:03:52,607 TRACE util.FileUtils (LogUtils.java:runAndLog(49)) - Successfully ran Files.createDirectories /home/runner/work/ratis/ratis/ratis-examples/target/test/data/6cc16ceb/MiniRaftClusterWithSimulatedRpc6b18c296/s5/7b4a5993-c80f-4d60-b20d-4cf2ec507520
2024-12-25 19:03:52,609 INFO  storage.RaftStorageDirectory (RaftStorageDirectoryImpl.java:tryLock(229)) - Lock on /home/runner/work/ratis/ratis/ratis-examples/target/test/data/6cc16ceb/MiniRaftClusterWithSimulatedRpc6b18c296/s5/7b4a5993-c80f-4d60-b20d-4cf2ec507520/in_use.lock acquired by nodename 14827@fv-az835-686.uia40oc12eqezaqrhfktyfhufg.ex.internal.cloudapp.net
2024-12-25 19:03:52,609 TRACE util.FileUtils (LogUtils.java:runAndLog(49)) - Successfully ran Files.createDirectories /home/runner/work/ratis/ratis/ratis-examples/target/test/data/6cc16ceb/MiniRaftClusterWithSimulatedRpc6b18c296/s5/7b4a5993-c80f-4d60-b20d-4cf2ec507520/current
2024-12-25 19:03:52,609 TRACE util.FileUtils (LogUtils.java:runAndLog(49)) - Successfully ran Files.createDirectories /home/runner/work/ratis/ratis/ratis-examples/target/test/data/6cc16ceb/MiniRaftClusterWithSimulatedRpc6b18c296/s5/7b4a5993-c80f-4d60-b20d-4cf2ec507520/sm
2024-12-25 19:03:52,609 TRACE util.FileUtils (LogUtils.java:supplyAndLog(69)) - Successfully supplied FileChannel.open /home/runner/work/ratis/ratis/ratis-examples/target/test/data/6cc16ceb/MiniRaftClusterWithSimulatedRpc6b18c296/s5/7b4a5993-c80f-4d60-b20d-4cf2ec507520/current/raft-meta.tmp with options [CREATE, WRITE]: sun.nio.ch.FileChannelImpl@3e1a96c2
2024-12-25 19:03:52,610 TRACE util.FileUtils (LogUtils.java:runAndLog(49)) - Successfully ran Atomic Files.move /home/runner/work/ratis/ratis/ratis-examples/target/test/data/6cc16ceb/MiniRaftClusterWithSimulatedRpc6b18c296/s5/7b4a5993-c80f-4d60-b20d-4cf2ec507520/current/raft-meta.tmp to /home/runner/work/ratis/ratis/ratis-examples/target/test/data/6cc16ceb/MiniRaftClusterWithSimulatedRpc6b18c296/s5/7b4a5993-c80f-4d60-b20d-4cf2ec507520/current/raft-meta with options [REPLACE_EXISTING]
2024-12-25 19:03:52,610 INFO  storage.RaftStorage (RaftStorageImpl.java:format(98)) - Storage directory /home/runner/work/ratis/ratis/ratis-examples/target/test/data/6cc16ceb/MiniRaftClusterWithSimulatedRpc6b18c296/s5/7b4a5993-c80f-4d60-b20d-4cf2ec507520 has been successfully formatted.
2024-12-25 19:03:52,610 WARN  statemachine.StateMachine (ArithmeticStateMachine.java:loadSnapshot(115)) - The snapshot info is null.
2024-12-25 19:03:52,610 INFO  server.RaftServerConfigKeys (ConfUtils.java:logGet(46)) - raft.server.log.use.memory = false (default)
2024-12-25 19:03:52,611 INFO  server.RaftServerConfigKeys (ConfUtils.java:logGet(46)) - raft.server.log.purge.gap = 1024 (default)
2024-12-25 19:03:52,611 INFO  server.RaftServerConfigKeys (ConfUtils.java:logGet(46)) - raft.server.log.appender.buffer.byte-limit = 4MB (=4194304) (default)
2024-12-25 19:03:52,611 INFO  server.RaftServerConfigKeys (ConfUtils.java:logGet(46)) - raft.server.log.statemachine.data.read.timeout = 1000ms (default)
2024-12-25 19:03:52,611 INFO  server.RaftServerConfigKeys (ConfUtils.java:logGet(46)) - raft.server.log.purge.preservation.log.num = 0 (default)
2024-12-25 19:03:52,611 INFO  server.RaftServerConfigKeys (ConfUtils.java:logGet(46)) - raft.server.log.segment.size.max = 32MB (=33554432) (default)
2024-12-25 19:03:52,611 INFO  server.RaftServerConfigKeys (ConfUtils.java:logGet(46)) - raft.server.log.segment.cache.num.max = 6 (default)
2024-12-25 19:03:52,611 INFO  server.RaftServerConfigKeys (ConfUtils.java:logGet(46)) - raft.server.log.segment.cache.size.max = 200MB (=209715200) (default)
2024-12-25 19:03:52,611 INFO  server.RaftServerConfigKeys (ConfUtils.java:logGet(46)) - raft.server.log.appender.buffer.byte-limit = 4MB (=4194304) (default)
2024-12-25 19:03:52,611 INFO  util.AwaitToRun (AwaitToRun.java:start(81)) - Thread[s5@group-4CF2EC507520-cacheEviction-AwaitToRun,5,main] started
2024-12-25 19:03:52,611 INFO  segmented.SegmentedRaftLogWorker (SegmentedRaftLogWorker.java:<init>(189)) - new s5@group-4CF2EC507520-SegmentedRaftLogWorker for RaftStorageImpl:Storage Directory /home/runner/work/ratis/ratis/ratis-examples/target/test/data/6cc16ceb/MiniRaftClusterWithSimulatedRpc6b18c296/s5/7b4a5993-c80f-4d60-b20d-4cf2ec507520
2024-12-25 19:03:52,611 INFO  server.RaftServerConfigKeys (ConfUtils.java:logGet(46)) - raft.server.log.queue.byte-limit = 64MB (=67108864) (default)
2024-12-25 19:03:52,611 INFO  server.RaftServerConfigKeys (ConfUtils.java:logGet(46)) - raft.server.log.queue.element-limit = 4096 (default)
2024-12-25 19:03:52,612 INFO  server.RaftServerConfigKeys (ConfUtils.java:logGet(46)) - raft.server.log.segment.size.max = 32MB (=33554432) (default)
2024-12-25 19:03:52,612 INFO  server.RaftServerConfigKeys (ConfUtils.java:logGet(46)) - raft.server.log.preallocated.size = 4MB (=4194304) (default)
2024-12-25 19:03:52,612 INFO  server.RaftServerConfigKeys (ConfUtils.java:logGet(46)) - raft.server.log.force.sync.num = 128 (default)
2024-12-25 19:03:52,612 INFO  server.RaftServerConfigKeys (ConfUtils.java:logGet(46)) - raft.server.log.statemachine.data.sync = true (default)
2024-12-25 19:03:52,612 INFO  server.RaftServerConfigKeys (ConfUtils.java:logGet(46)) - raft.server.log.statemachine.data.sync.timeout = 10s (default)
2024-12-25 19:03:52,612 INFO  server.RaftServerConfigKeys (ConfUtils.java:logGet(46)) - raft.server.log.statemachine.data.sync.timeout.retry = -1 (default)
2024-12-25 19:03:52,612 INFO  server.RaftServerConfigKeys (ConfUtils.java:logGet(46)) - raft.server.log.write.buffer.size = 8MB (=8388608) (default)
2024-12-25 19:03:52,614 INFO  server.RaftServerConfigKeys (ConfUtils.java:logGet(46)) - raft.server.log.appender.buffer.byte-limit = 4MB (=4194304) (default)
2024-12-25 19:03:52,614 INFO  server.RaftServerConfigKeys (ConfUtils.java:logGet(46)) - raft.server.log.unsafe-flush.enabled = false (default)
2024-12-25 19:03:52,614 INFO  server.RaftServerConfigKeys (ConfUtils.java:logGet(46)) - raft.server.log.async-flush.enabled = false (default)
2024-12-25 19:03:52,614 INFO  server.RaftServerConfigKeys (ConfUtils.java:logGet(46)) - raft.server.log.statemachine.data.caching.enabled = false (default)
2024-12-25 19:03:52,614 INFO  segmented.SegmentedRaftLogWorker (SegmentedRaftLogWorker.java:lambda$new$0(140)) - s5@group-4CF2EC507520-SegmentedRaftLogWorker: flushIndex: setUnconditionally 0 -> -1
2024-12-25 19:03:52,614 INFO  segmented.SegmentedRaftLogWorker (SegmentedRaftLogWorker.java:lambda$new$0(140)) - s5@group-4CF2EC507520-SegmentedRaftLogWorker: safeCacheEvictIndex: setUnconditionally 0 -> -1
2024-12-25 19:03:52,614 INFO  server.RaftServer$Division (RaftServerImpl.java:start(398)) - s5@group-4CF2EC507520: start with initializing state, conf=conf: {index: -1, cur=peers:[]|listeners:[], old=null}
2024-12-25 19:03:52,614 INFO  server.RaftServer$Division (RaftServerImpl.java:setRole(379)) - s5@group-4CF2EC507520: changes role from      null to FOLLOWER at term 0 for start
2024-12-25 19:03:52,614 INFO  util.JmxRegister (JmxRegister.java:tryRegister(44)) - Successfully registered JMX Bean with object name Ratis:service=RaftServer,group=group-4CF2EC507520,id=s5
2024-12-25 19:03:52,614 INFO  util.JmxRegister (JmxRegister.java:register(58)) - register mxBean class org.apache.ratis.server.impl.RaftServerJmxAdapter as Ratis:service=RaftServer,group=group-4CF2EC507520,id=s5
2024-12-25 19:03:52,615 INFO  server.RaftServerConfigKeys (ConfUtils.java:logGet(46)) - raft.server.snapshot.trigger-when-stop.enabled = true (default)
2024-12-25 19:03:52,615 INFO  server.RaftServerConfigKeys (ConfUtils.java:logGet(46)) - raft.server.snapshot.trigger-when-remove.enabled = true (default)
2024-12-25 19:03:52,615 INFO  server.RaftServerConfigKeys (ConfUtils.java:logGet(46)) - raft.server.snapshot.auto.trigger.enabled = false (default)
2024-12-25 19:03:52,615 INFO  server.RaftServerConfigKeys (ConfUtils.java:logGet(46)) - raft.server.snapshot.retention.file.num = -1 (default)
2024-12-25 19:03:52,615 INFO  server.RaftServerConfigKeys (ConfUtils.java:logGet(46)) - raft.server.log.purge.upto.snapshot.index = false (default)
2024-12-25 19:03:52,615 INFO  server.RaftServer$Division (RaftServerImpl.java:start(406)) - s5@group-4CF2EC507520: Successfully started.
2024-12-25 19:03:52,623 INFO  server.RaftServer (RaftServerProxy.java:addNew(101)) - s6: addNew group-4CF2EC507520:[] returns group-4CF2EC507520:java.util.concurrent.CompletableFuture@76aa82bd[Not completed]
2024-12-25 19:03:52,623 INFO  server.RaftServer$Division (RaftServerImpl.java:<init>(256)) - s6: new RaftServerImpl for group-4CF2EC507520:[] with ArithmeticStateMachine:uninitialized
2024-12-25 19:03:52,623 INFO  server.RaftServerConfigKeys (ConfUtils.java:logGet(46)) - raft.server.rpc.timeout.min = 300ms (custom)
2024-12-25 19:03:52,623 INFO  server.RaftServerConfigKeys (ConfUtils.java:logGet(46)) - raft.server.rpc.timeout.max = 600ms (custom)
2024-12-25 19:03:52,623 INFO  server.RaftServerConfigKeys (ConfUtils.java:logGet(46)) - raft.server.rpc.sleep.time = 25ms (default)
2024-12-25 19:03:52,623 INFO  server.RaftServerConfigKeys (ConfUtils.java:logGet(46)) - raft.server.rpc.slowness.timeout = 60s (default)
2024-12-25 19:03:52,623 INFO  server.RaftServerConfigKeys (ConfUtils.java:logGet(46)) - raft.server.leaderelection.leader.step-down.wait-time = 10s (default)
2024-12-25 19:03:52,623 INFO  server.RaftServerConfigKeys (ConfUtils.java:logGet(46)) - raft.server.leaderelection.member.majority-add = false (default)
2024-12-25 19:03:52,623 INFO  server.RaftServerConfigKeys (ConfUtils.java:logGet(46)) - raft.server.sleep.deviation.threshold = 300ms (default)
2024-12-25 19:03:52,623 INFO  server.RaftServer$Division (ServerState.java:<init>(114)) - s6@group-4CF2EC507520: ConfigurationManager, init=conf: {index: -1, cur=peers:[]|listeners:[], old=null}, confs=<EMPTY_MAP>
2024-12-25 19:03:52,623 INFO  server.RaftServerConfigKeys (ConfUtils.java:logGet(46)) - raft.server.notification.no-leader.timeout = 60s (default)
2024-12-25 19:03:52,623 INFO  server.RaftServerConfigKeys (ConfUtils.java:logGet(46)) - raft.server.read.timeout = 10s (default)
2024-12-25 19:03:52,623 INFO  server.RaftServerConfigKeys (ConfUtils.java:logGet(46)) - raft.server.retrycache.expirytime = 60s (default)
2024-12-25 19:03:52,623 INFO  server.RaftServerConfigKeys (ConfUtils.java:logGet(46)) - raft.server.retrycache.statistics.expirytime = 100ms (default)
2024-12-25 19:03:52,623 INFO  server.RaftServerConfigKeys (ConfUtils.java:logGet(46)) - raft.server.read.option = DEFAULT (default)
2024-12-25 19:03:52,624 INFO  server.RaftServerConfigKeys (ConfUtils.java:logGet(46)) - raft.server.read.read-after-write-consistent.write-index-cache.expiry-time = 60s (default)
2024-12-25 19:03:52,624 INFO  server.RaftServerConfigKeys (ConfUtils.java:logGet(46)) - raft.server.rpc.request.timeout = 3000ms (default)
2024-12-25 19:03:52,624 INFO  server.RaftServerConfigKeys (ConfUtils.java:logGet(46)) - raft.server.log.appender.install.snapshot.enabled = true (default)
2024-12-25 19:03:52,624 INFO  server.RaftServerConfigKeys (ConfUtils.java:logGet(46)) - raft.server.threadpool.server.cached = true (default)
2024-12-25 19:03:52,624 INFO  server.RaftServerConfigKeys (ConfUtils.java:logGet(46)) - raft.server.threadpool.server.size = 0 (default)
2024-12-25 19:03:52,624 INFO  server.RaftServerConfigKeys (ConfUtils.java:logGet(46)) - raft.server.threadpool.client.cached = true (default)
2024-12-25 19:03:52,624 INFO  server.RaftServerConfigKeys (ConfUtils.java:logGet(46)) - raft.server.threadpool.client.size = 0 (default)
2024-12-25 19:03:52,624 INFO  server.RaftServerConfigKeys (ConfUtils.java:logGet(46)) - raft.server.storage.free-space.min = 0MB (=0) (default)
2024-12-25 19:03:52,624 INFO  server.RaftServerConfigKeys (ConfUtils.java:logGet(46)) - raft.server.log.corruption.policy = EXCEPTION (default)
2024-12-25 19:03:52,624 INFO  server.RaftServerConfigKeys (ConfUtils.java:logGet(46)) - raft.server.storage.dir = [/home/runner/work/ratis/ratis/ratis-examples/target/test/data/6cc16ceb/MiniRaftClusterWithSimulatedRpc6b18c296/s6] (custom)
2024-12-25 19:03:52,625 INFO  storage.RaftStorageDirectory (RaftStorageDirectoryImpl.java:analyzeStorage(138)) - The storage directory /home/runner/work/ratis/ratis/ratis-examples/target/test/data/6cc16ceb/MiniRaftClusterWithSimulatedRpc6b18c296/s6/7b4a5993-c80f-4d60-b20d-4cf2ec507520 does not exist. Creating ...
2024-12-25 19:03:52,625 TRACE util.FileUtils (LogUtils.java:runAndLog(49)) - Successfully ran Files.createDirectories /home/runner/work/ratis/ratis/ratis-examples/target/test/data/6cc16ceb/MiniRaftClusterWithSimulatedRpc6b18c296/s6/7b4a5993-c80f-4d60-b20d-4cf2ec507520
2024-12-25 19:03:52,626 INFO  storage.RaftStorageDirectory (RaftStorageDirectoryImpl.java:tryLock(229)) - Lock on /home/runner/work/ratis/ratis/ratis-examples/target/test/data/6cc16ceb/MiniRaftClusterWithSimulatedRpc6b18c296/s6/7b4a5993-c80f-4d60-b20d-4cf2ec507520/in_use.lock acquired by nodename 14827@fv-az835-686.uia40oc12eqezaqrhfktyfhufg.ex.internal.cloudapp.net
2024-12-25 19:03:52,626 TRACE util.FileUtils (LogUtils.java:runAndLog(49)) - Successfully ran Files.createDirectories /home/runner/work/ratis/ratis/ratis-examples/target/test/data/6cc16ceb/MiniRaftClusterWithSimulatedRpc6b18c296/s6/7b4a5993-c80f-4d60-b20d-4cf2ec507520/current
2024-12-25 19:03:52,626 TRACE util.FileUtils (LogUtils.java:runAndLog(49)) - Successfully ran Files.createDirectories /home/runner/work/ratis/ratis/ratis-examples/target/test/data/6cc16ceb/MiniRaftClusterWithSimulatedRpc6b18c296/s6/7b4a5993-c80f-4d60-b20d-4cf2ec507520/sm
2024-12-25 19:03:52,626 TRACE util.FileUtils (LogUtils.java:supplyAndLog(69)) - Successfully supplied FileChannel.open /home/runner/work/ratis/ratis/ratis-examples/target/test/data/6cc16ceb/MiniRaftClusterWithSimulatedRpc6b18c296/s6/7b4a5993-c80f-4d60-b20d-4cf2ec507520/current/raft-meta.tmp with options [CREATE, WRITE]: sun.nio.ch.FileChannelImpl@36ba06d7
2024-12-25 19:03:52,627 TRACE util.FileUtils (LogUtils.java:runAndLog(49)) - Successfully ran Atomic Files.move /home/runner/work/ratis/ratis/ratis-examples/target/test/data/6cc16ceb/MiniRaftClusterWithSimulatedRpc6b18c296/s6/7b4a5993-c80f-4d60-b20d-4cf2ec507520/current/raft-meta.tmp to /home/runner/work/ratis/ratis/ratis-examples/target/test/data/6cc16ceb/MiniRaftClusterWithSimulatedRpc6b18c296/s6/7b4a5993-c80f-4d60-b20d-4cf2ec507520/current/raft-meta with options [REPLACE_EXISTING]
2024-12-25 19:03:52,627 INFO  storage.RaftStorage (RaftStorageImpl.java:format(98)) - Storage directory /home/runner/work/ratis/ratis/ratis-examples/target/test/data/6cc16ceb/MiniRaftClusterWithSimulatedRpc6b18c296/s6/7b4a5993-c80f-4d60-b20d-4cf2ec507520 has been successfully formatted.
2024-12-25 19:03:52,627 WARN  statemachine.StateMachine (ArithmeticStateMachine.java:loadSnapshot(115)) - The snapshot info is null.
2024-12-25 19:03:52,627 INFO  server.RaftServerConfigKeys (ConfUtils.java:logGet(46)) - raft.server.log.use.memory = false (default)
2024-12-25 19:03:52,627 INFO  server.RaftServerConfigKeys (ConfUtils.java:logGet(46)) - raft.server.log.purge.gap = 1024 (default)
2024-12-25 19:03:52,627 INFO  server.RaftServerConfigKeys (ConfUtils.java:logGet(46)) - raft.server.log.appender.buffer.byte-limit = 4MB (=4194304) (default)
2024-12-25 19:03:52,627 INFO  server.RaftServerConfigKeys (ConfUtils.java:logGet(46)) - raft.server.log.statemachine.data.read.timeout = 1000ms (default)
2024-12-25 19:03:52,627 INFO  server.RaftServerConfigKeys (ConfUtils.java:logGet(46)) - raft.server.log.purge.preservation.log.num = 0 (default)
2024-12-25 19:03:52,628 INFO  server.RaftServerConfigKeys (ConfUtils.java:logGet(46)) - raft.server.log.segment.size.max = 32MB (=33554432) (default)
2024-12-25 19:03:52,628 INFO  server.RaftServerConfigKeys (ConfUtils.java:logGet(46)) - raft.server.log.segment.cache.num.max = 6 (default)
2024-12-25 19:03:52,628 INFO  server.RaftServerConfigKeys (ConfUtils.java:logGet(46)) - raft.server.log.segment.cache.size.max = 200MB (=209715200) (default)
2024-12-25 19:03:52,628 INFO  server.RaftServerConfigKeys (ConfUtils.java:logGet(46)) - raft.server.log.appender.buffer.byte-limit = 4MB (=4194304) (default)
2024-12-25 19:03:52,628 INFO  util.AwaitToRun (AwaitToRun.java:start(81)) - Thread[s6@group-4CF2EC507520-cacheEviction-AwaitToRun,5,main] started
2024-12-25 19:03:52,628 INFO  segmented.SegmentedRaftLogWorker (SegmentedRaftLogWorker.java:<init>(189)) - new s6@group-4CF2EC507520-SegmentedRaftLogWorker for RaftStorageImpl:Storage Directory /home/runner/work/ratis/ratis/ratis-examples/target/test/data/6cc16ceb/MiniRaftClusterWithSimulatedRpc6b18c296/s6/7b4a5993-c80f-4d60-b20d-4cf2ec507520
2024-12-25 19:03:52,628 INFO  server.RaftServerConfigKeys (ConfUtils.java:logGet(46)) - raft.server.log.queue.byte-limit = 64MB (=67108864) (default)
2024-12-25 19:03:52,628 INFO  server.RaftServerConfigKeys (ConfUtils.java:logGet(46)) - raft.server.log.queue.element-limit = 4096 (default)
2024-12-25 19:03:52,628 INFO  server.RaftServerConfigKeys (ConfUtils.java:logGet(46)) - raft.server.log.segment.size.max = 32MB (=33554432) (default)
2024-12-25 19:03:52,628 INFO  server.RaftServerConfigKeys (ConfUtils.java:logGet(46)) - raft.server.log.preallocated.size = 4MB (=4194304) (default)
2024-12-25 19:03:52,628 INFO  server.RaftServerConfigKeys (ConfUtils.java:logGet(46)) - raft.server.log.force.sync.num = 128 (default)
2024-12-25 19:03:52,628 INFO  server.RaftServerConfigKeys (ConfUtils.java:logGet(46)) - raft.server.log.statemachine.data.sync = true (default)
2024-12-25 19:03:52,629 INFO  server.RaftServerConfigKeys (ConfUtils.java:logGet(46)) - raft.server.log.statemachine.data.sync.timeout = 10s (default)
2024-12-25 19:03:52,629 INFO  server.RaftServerConfigKeys (ConfUtils.java:logGet(46)) - raft.server.log.statemachine.data.sync.timeout.retry = -1 (default)
2024-12-25 19:03:52,629 INFO  server.RaftServerConfigKeys (ConfUtils.java:logGet(46)) - raft.server.log.write.buffer.size = 8MB (=8388608) (default)
2024-12-25 19:03:52,630 INFO  server.RaftServerConfigKeys (ConfUtils.java:logGet(46)) - raft.server.log.appender.buffer.byte-limit = 4MB (=4194304) (default)
2024-12-25 19:03:52,630 INFO  server.RaftServerConfigKeys (ConfUtils.java:logGet(46)) - raft.server.log.unsafe-flush.enabled = false (default)
2024-12-25 19:03:52,630 INFO  server.RaftServerConfigKeys (ConfUtils.java:logGet(46)) - raft.server.log.async-flush.enabled = false (default)
2024-12-25 19:03:52,630 INFO  server.RaftServerConfigKeys (ConfUtils.java:logGet(46)) - raft.server.log.statemachine.data.caching.enabled = false (default)
2024-12-25 19:03:52,630 INFO  segmented.SegmentedRaftLogWorker (SegmentedRaftLogWorker.java:lambda$new$0(140)) - s6@group-4CF2EC507520-SegmentedRaftLogWorker: flushIndex: setUnconditionally 0 -> -1
2024-12-25 19:03:52,630 INFO  segmented.SegmentedRaftLogWorker (SegmentedRaftLogWorker.java:lambda$new$0(140)) - s6@group-4CF2EC507520-SegmentedRaftLogWorker: safeCacheEvictIndex: setUnconditionally 0 -> -1
2024-12-25 19:03:52,631 INFO  server.RaftServer$Division (RaftServerImpl.java:start(398)) - s6@group-4CF2EC507520: start with initializing state, conf=conf: {index: -1, cur=peers:[]|listeners:[], old=null}
2024-12-25 19:03:52,631 INFO  server.RaftServer$Division (RaftServerImpl.java:setRole(379)) - s6@group-4CF2EC507520: changes role from      null to FOLLOWER at term 0 for start
2024-12-25 19:03:52,631 INFO  util.JmxRegister (JmxRegister.java:tryRegister(44)) - Successfully registered JMX Bean with object name Ratis:service=RaftServer,group=group-4CF2EC507520,id=s6
2024-12-25 19:03:52,631 INFO  util.JmxRegister (JmxRegister.java:register(58)) - register mxBean class org.apache.ratis.server.impl.RaftServerJmxAdapter as Ratis:service=RaftServer,group=group-4CF2EC507520,id=s6
2024-12-25 19:03:52,631 INFO  server.RaftServerConfigKeys (ConfUtils.java:logGet(46)) - raft.server.snapshot.trigger-when-stop.enabled = true (default)
2024-12-25 19:03:52,631 INFO  server.RaftServerConfigKeys (ConfUtils.java:logGet(46)) - raft.server.snapshot.trigger-when-remove.enabled = true (default)
2024-12-25 19:03:52,631 INFO  server.RaftServerConfigKeys (ConfUtils.java:logGet(46)) - raft.server.snapshot.auto.trigger.enabled = false (default)
2024-12-25 19:03:52,631 INFO  server.RaftServerConfigKeys (ConfUtils.java:logGet(46)) - raft.server.snapshot.retention.file.num = -1 (default)
2024-12-25 19:03:52,631 INFO  server.RaftServerConfigKeys (ConfUtils.java:logGet(46)) - raft.server.log.purge.upto.snapshot.index = false (default)
2024-12-25 19:03:52,631 INFO  server.RaftServer$Division (RaftServerImpl.java:start(406)) - s6@group-4CF2EC507520: Successfully started.
2024-12-25 19:03:52,641 INFO  impl.GroupManagementBaseTest (GroupManagementBaseTest.java:runMultiGroupTest(330)) - 4) setConfiguration: printing group-4CF2EC507520
  s3:  RUNNING [
   FOLLOWER s3@group-4CF2EC507520:t0, leader=null, voted=, raftlog=Memoized:s3@group-4CF2EC507520-SegmentedRaftLog:OPENED:c-1:lastnull, conf=conf: {index: -1, cur=peers:[]|listeners:[], old=null} STARTING
   FOLLOWER s3@group-6AB839334A82:t0, leader=null, voted=, raftlog=Memoized:s3@group-6AB839334A82-SegmentedRaftLog:OPENED:c-1:lastnull, conf=conf: {index: -1, cur=peers:[]|listeners:[], old=null} STARTING] size=2
  s4:  RUNNING [
   FOLLOWER s4@group-4CF2EC507520:t0, leader=null, voted=, raftlog=Memoized:s4@group-4CF2EC507520-SegmentedRaftLog:OPENED:c-1:lastnull, conf=conf: {index: -1, cur=peers:[]|listeners:[], old=null} STARTING
   FOLLOWER s4@group-6AB839334A82:t0, leader=null, voted=, raftlog=Memoized:s4@group-6AB839334A82-SegmentedRaftLog:OPENED:c-1:lastnull, conf=conf: {index: -1, cur=peers:[]|listeners:[], old=null} STARTING] size=2
  s5:  RUNNING [
   FOLLOWER s5@group-4CF2EC507520:t0, leader=null, voted=, raftlog=Memoized:s5@group-4CF2EC507520-SegmentedRaftLog:OPENED:c-1:lastnull, conf=conf: {index: -1, cur=peers:[]|listeners:[], old=null} STARTING
   FOLLOWER s5@group-6AB839334A82:t0, leader=null, voted=, raftlog=Memoized:s5@group-6AB839334A82-SegmentedRaftLog:OPENED:c-1:lastnull, conf=conf: {index: -1, cur=peers:[]|listeners:[], old=null} STARTING] size=2
  s6:  RUNNING [
   FOLLOWER s6@group-4CF2EC507520:t0, leader=null, voted=, raftlog=Memoized:s6@group-4CF2EC507520-SegmentedRaftLog:OPENED:c-1:lastnull, conf=conf: {index: -1, cur=peers:[]|listeners:[], old=null} STARTING
   FOLLOWER s6@group-6AB839334A82:t0, leader=null, voted=, raftlog=Memoized:s6@group-6AB839334A82-SegmentedRaftLog:OPENED:c-1:lastnull, conf=conf: {index: -1, cur=peers:[]|listeners:[], old=null} STARTING] size=2
  s7:  RUNNING [
     LEADER s7@group-4CF2EC507520:t1, leader=s7, voted=s7, raftlog=Memoized:s7@group-4CF2EC507520-SegmentedRaftLog:OPENED:c120:last(t:1, i:120), conf=conf: {index: 0, cur=peers:[s7, s8, s9]|listeners:[], old=null} RUNNING
   FOLLOWER s7@group-6AB839334A82:t0, leader=null, voted=, raftlog=Memoized:s7@group-6AB839334A82-SegmentedRaftLog:OPENED:c-1:lastnull, conf=conf: {index: -1, cur=peers:[]|listeners:[], old=null} STARTING] size=2
  s8:  RUNNING [
   FOLLOWER s8@group-4CF2EC507520:t1, leader=s7, voted=s7, raftlog=Memoized:s8@group-4CF2EC507520-SegmentedRaftLog:OPENED:c120:last(t:1, i:120), conf=conf: {index: 0, cur=peers:[s7|, s8|, s9|]|listeners:[], old=null} RUNNING
   FOLLOWER s8@group-6AB839334A82:t0, leader=null, voted=, raftlog=Memoized:s8@group-6AB839334A82-SegmentedRaftLog:OPENED:c-1:lastnull, conf=conf: {index: -1, cur=peers:[]|listeners:[], old=null} STARTING] size=2
  s9:  RUNNING [
   FOLLOWER s9@group-4CF2EC507520:t1, leader=s7, voted=s7, raftlog=Memoized:s9@group-4CF2EC507520-SegmentedRaftLog:OPENED:c120:last(t:1, i:120), conf=conf: {index: 0, cur=peers:[s7|, s8|, s9|]|listeners:[], old=null} RUNNING
   FOLLOWER s9@group-6AB839334A82:t0, leader=null, voted=, raftlog=Memoized:s9@group-6AB839334A82-SegmentedRaftLog:OPENED:c-1:lastnull, conf=conf: {index: -1, cur=peers:[]|listeners:[], old=null} STARTING] size=2
  s11:  RUNNING [
   FOLLOWER s11@group-4CF2EC507520:t0, leader=null, voted=, raftlog=Memoized:s11@group-4CF2EC507520-SegmentedRaftLog:OPENED:c-1:lastnull, conf=conf: {index: -1, cur=peers:[]|listeners:[], old=null} STARTING
   FOLLOWER s11@group-6AB839334A82:t0, leader=null, voted=, raftlog=Memoized:s11@group-6AB839334A82-SegmentedRaftLog:OPENED:c-1:lastnull, conf=conf: {index: -1, cur=peers:[]|listeners:[], old=null} STARTING] size=2
  s10:  RUNNING [
   FOLLOWER s10@group-4CF2EC507520:t0, leader=null, voted=, raftlog=Memoized:s10@group-4CF2EC507520-SegmentedRaftLog:OPENED:c-1:lastnull, conf=conf: {index: -1, cur=peers:[]|listeners:[], old=null} STARTING
   FOLLOWER s10@group-6AB839334A82:t0, leader=null, voted=, raftlog=Memoized:s10@group-6AB839334A82-SegmentedRaftLog:OPENED:c-1:lastnull, conf=conf: {index: -1, cur=peers:[]|listeners:[], old=null} STARTING] size=2
  s13:  RUNNING [
   FOLLOWER s13@group-4CF2EC507520:t0, leader=null, voted=, raftlog=Memoized:s13@group-4CF2EC507520-SegmentedRaftLog:OPENED:c-1:lastnull, conf=conf: {index: -1, cur=peers:[]|listeners:[], old=null} STARTING
   FOLLOWER s13@group-6AB839334A82:t0, leader=null, voted=, raftlog=Memoized:s13@group-6AB839334A82-SegmentedRaftLog:OPENED:c-1:lastnull, conf=conf: {index: -1, cur=peers:[]|listeners:[], old=null} STARTING] size=2
  s12:  RUNNING [
   FOLLOWER s12@group-4CF2EC507520:t0, leader=null, voted=, raftlog=Memoized:s12@group-4CF2EC507520-SegmentedRaftLog:OPENED:c-1:lastnull, conf=conf: {index: -1, cur=peers:[]|listeners:[], old=null} STARTING
   FOLLOWER s12@group-6AB839334A82:t0, leader=null, voted=, raftlog=Memoized:s12@group-6AB839334A82-SegmentedRaftLog:OPENED:c-1:lastnull, conf=conf: {index: -1, cur=peers:[]|listeners:[], old=null} STARTING] size=2
  s14:  RUNNING [
   FOLLOWER s14@group-4CF2EC507520:t0, leader=null, voted=, raftlog=Memoized:s14@group-4CF2EC507520-SegmentedRaftLog:OPENED:c-1:lastnull, conf=conf: {index: -1, cur=peers:[]|listeners:[], old=null} STARTING
   FOLLOWER s14@group-6AB839334A82:t0, leader=null, voted=, raftlog=Memoized:s14@group-6AB839334A82-SegmentedRaftLog:OPENED:c-1:lastnull, conf=conf: {index: -1, cur=peers:[]|listeners:[], old=null} STARTING] size=2
  s0:  RUNNING [
   FOLLOWER s0@group-4CF2EC507520:t0, leader=null, voted=, raftlog=Memoized:s0@group-4CF2EC507520-SegmentedRaftLog:OPENED:c-1:lastnull, conf=conf: {index: -1, cur=peers:[]|listeners:[], old=null} STARTING
   FOLLOWER s0@group-6AB839334A82:t0, leader=null, voted=, raftlog=Memoized:s0@group-6AB839334A82-SegmentedRaftLog:OPENED:c-1:lastnull, conf=conf: {index: -1, cur=peers:[]|listeners:[], old=null} STARTING] size=2
  s1:  RUNNING [
   FOLLOWER s1@group-4CF2EC507520:t0, leader=null, voted=, raftlog=Memoized:s1@group-4CF2EC507520-SegmentedRaftLog:OPENED:c-1:lastnull, conf=conf: {index: -1, cur=peers:[]|listeners:[], old=null} STARTING
   FOLLOWER s1@group-6AB839334A82:t0, leader=null, voted=, raftlog=Memoized:s1@group-6AB839334A82-SegmentedRaftLog:OPENED:c-1:lastnull, conf=conf: {index: -1, cur=peers:[]|listeners:[], old=null} STARTING] size=2
  s2:  RUNNING [
   FOLLOWER s2@group-4CF2EC507520:t0, leader=null, voted=, raftlog=Memoized:s2@group-4CF2EC507520-SegmentedRaftLog:OPENED:c-1:lastnull, conf=conf: {index: -1, cur=peers:[]|listeners:[], old=null} STARTING
   FOLLOWER s2@group-6AB839334A82:t0, leader=null, voted=, raftlog=Memoized:s2@group-6AB839334A82-SegmentedRaftLog:OPENED:c-1:lastnull, conf=conf: {index: -1, cur=peers:[]|listeners:[], old=null} STARTING] size=2
2024-12-25 19:03:52,649 INFO  server.RaftServer$Division (RaftServerImpl.java:setConfigurationAsync(1348)) - s7@group-4CF2EC507520: receive setConfiguration SetConfigurationRequest:client-9E894F3AA110->s7@group-4CF2EC507520, cid=2042, seq=null, RW, null, SET_UNCONDITIONALLY, servers:[s7, s8, s9, s0, s1], listeners:[]
2024-12-25 19:03:52,649 INFO  server.RaftServer$Division (LeaderStateImpl.java:startSetConfiguration(486)) - s7@group-4CF2EC507520-LeaderStateImpl: startSetConfiguration SetConfigurationRequest:client-9E894F3AA110->s7@group-4CF2EC507520, cid=2042, seq=null, RW, null, SET_UNCONDITIONALLY, servers:[s7, s8, s9, s0, s1], listeners:[]
2024-12-25 19:03:52,650 INFO  server.RaftServerConfigKeys (ConfUtils.java:logGet(46)) - raft.server.log.appender.snapshot.chunk.size.max = 16MB (=16777216) (default)
2024-12-25 19:03:52,650 INFO  server.RaftServerConfigKeys (ConfUtils.java:logGet(46)) - raft.server.log.appender.buffer.byte-limit = 4MB (=4194304) (default)
2024-12-25 19:03:52,651 INFO  server.RaftServerConfigKeys (ConfUtils.java:logGet(46)) - raft.server.log.appender.buffer.element-limit = 0 (default)
2024-12-25 19:03:52,651 INFO  server.RaftServerConfigKeys (ConfUtils.java:logGet(46)) - raft.server.log.appender.wait-time.min = 1ms (default)
2024-12-25 19:03:52,651 INFO  server.RaftServerConfigKeys (ConfUtils.java:logGet(46)) - raft.server.log.appender.snapshot.chunk.size.max = 16MB (=16777216) (default)
2024-12-25 19:03:52,651 INFO  server.RaftServerConfigKeys (ConfUtils.java:logGet(46)) - raft.server.log.appender.buffer.byte-limit = 4MB (=4194304) (default)
2024-12-25 19:03:52,651 INFO  server.RaftServerConfigKeys (ConfUtils.java:logGet(46)) - raft.server.log.appender.buffer.element-limit = 0 (default)
2024-12-25 19:03:52,651 INFO  server.RaftServerConfigKeys (ConfUtils.java:logGet(46)) - raft.server.log.appender.wait-time.min = 1ms (default)
2024-12-25 19:03:52,652 INFO  leader.FollowerInfo (FollowerInfoImpl.java:setAttemptedToInstallSnapshot(154)) - Follower s7@group-4CF2EC507520->s0 acknowledged installing snapshot
2024-12-25 19:03:52,652 INFO  leader.FollowerInfo (FollowerInfoImpl.java:setAttemptedToInstallSnapshot(154)) - Follower s7@group-4CF2EC507520->s1 acknowledged installing snapshot
2024-12-25 19:03:52,652 TRACE util.FileUtils (LogUtils.java:supplyAndLog(69)) - Successfully supplied FileChannel.open /home/runner/work/ratis/ratis/ratis-examples/target/test/data/6cc16ceb/MiniRaftClusterWithSimulatedRpc6b18c296/s0/7b4a5993-c80f-4d60-b20d-4cf2ec507520/current/raft-meta.tmp with options [CREATE, WRITE]: sun.nio.ch.FileChannelImpl@4dbffdef
2024-12-25 19:03:52,653 TRACE util.FileUtils (LogUtils.java:supplyAndLog(69)) - Successfully supplied FileChannel.open /home/runner/work/ratis/ratis/ratis-examples/target/test/data/6cc16ceb/MiniRaftClusterWithSimulatedRpc6b18c296/s1/7b4a5993-c80f-4d60-b20d-4cf2ec507520/current/raft-meta.tmp with options [CREATE, WRITE]: sun.nio.ch.FileChannelImpl@680a1eb3
2024-12-25 19:03:52,655 TRACE util.FileUtils (LogUtils.java:runAndLog(49)) - Successfully ran Atomic Files.move /home/runner/work/ratis/ratis/ratis-examples/target/test/data/6cc16ceb/MiniRaftClusterWithSimulatedRpc6b18c296/s1/7b4a5993-c80f-4d60-b20d-4cf2ec507520/current/raft-meta.tmp to /home/runner/work/ratis/ratis/ratis-examples/target/test/data/6cc16ceb/MiniRaftClusterWithSimulatedRpc6b18c296/s1/7b4a5993-c80f-4d60-b20d-4cf2ec507520/current/raft-meta with options [REPLACE_EXISTING]
2024-12-25 19:03:52,655 INFO  server.RaftServer$Division (RaftServerImpl.java:setFirstElection(563)) - s1@group-4CF2EC507520: set firstElectionSinceStartup to false for appendEntries
2024-12-25 19:03:52,655 INFO  server.RaftServer$Division (ServerState.java:setLeader(272)) - s1@group-4CF2EC507520: change Leader from null to s7 at term 1 for appendEntries, leader elected after 147ms
2024-12-25 19:03:52,655 TRACE util.FileUtils (LogUtils.java:runAndLog(49)) - Successfully ran Atomic Files.move /home/runner/work/ratis/ratis/ratis-examples/target/test/data/6cc16ceb/MiniRaftClusterWithSimulatedRpc6b18c296/s0/7b4a5993-c80f-4d60-b20d-4cf2ec507520/current/raft-meta.tmp to /home/runner/work/ratis/ratis/ratis-examples/target/test/data/6cc16ceb/MiniRaftClusterWithSimulatedRpc6b18c296/s0/7b4a5993-c80f-4d60-b20d-4cf2ec507520/current/raft-meta with options [REPLACE_EXISTING]
2024-12-25 19:03:52,656 INFO  server.RaftServer$Division (RaftServerImpl.java:setFirstElection(563)) - s0@group-4CF2EC507520: set firstElectionSinceStartup to false for appendEntries
2024-12-25 19:03:52,656 INFO  server.RaftServer$Division (ServerState.java:setLeader(272)) - s0@group-4CF2EC507520: change Leader from null to s7 at term 1 for appendEntries, leader elected after 158ms
2024-12-25 19:03:52,657 INFO  server.RaftServer$Division (ServerState.java:setRaftConf(386)) - s1@group-4CF2EC507520: set configuration conf: {index: 0, cur=peers:[s7|, s8|, s9|]|listeners:[], old=null}
2024-12-25 19:03:52,657 INFO  segmented.SegmentedRaftLogWorker (SegmentedRaftLogWorker.java:startLogSegment(443)) - s1@group-4CF2EC507520-SegmentedRaftLogWorker: Starting segment from index:0
2024-12-25 19:03:52,657 INFO  segmented.BufferedWriteChannel (BufferedWriteChannel.java:open(61)) - open log_inprogress_0 at position 0
2024-12-25 19:03:52,661 INFO  server.RaftServer$Division (ServerState.java:setRaftConf(386)) - s0@group-4CF2EC507520: set configuration conf: {index: 0, cur=peers:[s7|, s8|, s9|]|listeners:[], old=null}
2024-12-25 19:03:52,661 INFO  segmented.SegmentedRaftLogWorker (SegmentedRaftLogWorker.java:startLogSegment(443)) - s0@group-4CF2EC507520-SegmentedRaftLogWorker: Starting segment from index:0
2024-12-25 19:03:52,661 INFO  segmented.BufferedWriteChannel (BufferedWriteChannel.java:open(61)) - open log_inprogress_0 at position 0
2024-12-25 19:03:52,671 INFO  segmented.SegmentedRaftLogWorker (SegmentedRaftLogWorker.java:execute(667)) - s1@group-4CF2EC507520-SegmentedRaftLogWorker: created new log segment /home/runner/work/ratis/ratis/ratis-examples/target/test/data/6cc16ceb/MiniRaftClusterWithSimulatedRpc6b18c296/s1/7b4a5993-c80f-4d60-b20d-4cf2ec507520/current/log_inprogress_0
2024-12-25 19:03:52,672 INFO  segmented.SegmentedRaftLogWorker (SegmentedRaftLogWorker.java:execute(667)) - s0@group-4CF2EC507520-SegmentedRaftLogWorker: created new log segment /home/runner/work/ratis/ratis/ratis-examples/target/test/data/6cc16ceb/MiniRaftClusterWithSimulatedRpc6b18c296/s0/7b4a5993-c80f-4d60-b20d-4cf2ec507520/current/log_inprogress_0
2024-12-25 19:03:52,673 TRACE util.FileUtils (LogUtils.java:supplyAndLog(69)) - Successfully supplied FileChannel.open /home/runner/work/ratis/ratis/ratis-examples/target/test/data/6cc16ceb/MiniRaftClusterWithSimulatedRpc6b18c296/s1/7b4a5993-c80f-4d60-b20d-4cf2ec507520/current/raft-meta.conf.tmp with options [CREATE, WRITE]: sun.nio.ch.FileChannelImpl@60ec800c
2024-12-25 19:03:52,674 TRACE util.FileUtils (LogUtils.java:runAndLog(49)) - Successfully ran Atomic Files.move /home/runner/work/ratis/ratis/ratis-examples/target/test/data/6cc16ceb/MiniRaftClusterWithSimulatedRpc6b18c296/s1/7b4a5993-c80f-4d60-b20d-4cf2ec507520/current/raft-meta.conf.tmp to /home/runner/work/ratis/ratis/ratis-examples/target/test/data/6cc16ceb/MiniRaftClusterWithSimulatedRpc6b18c296/s1/7b4a5993-c80f-4d60-b20d-4cf2ec507520/current/raft-meta.conf with options [REPLACE_EXISTING]
2024-12-25 19:03:52,676 WARN  leader.LogAppenderDaemon (LogAppenderDaemon.java:run(89)) - s7@group-4CF2EC507520->s8-LogAppenderDefault-LogAppenderDaemon failed
org.apache.ratis.server.raftlog.RaftLogIOException: Log entry not found: index = 121
	at org.apache.ratis.server.raftlog.segmented.SegmentedRaftLog.retainEntryWithData(SegmentedRaftLog.java:334)
	at org.apache.ratis.server.leader.LogAppenderBase.nextAppendEntriesRequest(LogAppenderBase.java:266)
	at org.apache.ratis.server.leader.LogAppenderDefault.sendAppendEntriesWithRetries(LogAppenderDefault.java:63)
	at org.apache.ratis.server.leader.LogAppenderDefault.run(LogAppenderDefault.java:168)
	at org.apache.ratis.server.leader.LogAppenderDaemon.run(LogAppenderDaemon.java:80)
	at java.lang.Thread.run(Thread.java:750)
2024-12-25 19:03:52,676 WARN  leader.LogAppenderDaemon (LogAppenderDaemon.java:run(89)) - s7@group-4CF2EC507520->s9-LogAppenderDefault-LogAppenderDaemon failed
org.apache.ratis.server.raftlog.RaftLogIOException: Log entry not found: index = 121
	at org.apache.ratis.server.raftlog.segmented.SegmentedRaftLog.retainEntryWithData(SegmentedRaftLog.java:334)
	at org.apache.ratis.server.leader.LogAppenderBase.nextAppendEntriesRequest(LogAppenderBase.java:266)
	at org.apache.ratis.server.leader.LogAppenderDefault.sendAppendEntriesWithRetries(LogAppenderDefault.java:63)
	at org.apache.ratis.server.leader.LogAppenderDefault.run(LogAppenderDefault.java:168)
	at org.apache.ratis.server.leader.LogAppenderDaemon.run(LogAppenderDaemon.java:80)
	at java.lang.Thread.run(Thread.java:750)
2024-12-25 19:03:52,676 WARN  leader.LogAppenderDaemon (LogAppenderDaemon.java:run(89)) - s7@group-4CF2EC507520->s1-LogAppenderDefault-LogAppenderDaemon failed
org.apache.ratis.server.raftlog.RaftLogIOException: Log entry not found: index = 121
	at org.apache.ratis.server.raftlog.segmented.SegmentedRaftLog.retainEntryWithData(SegmentedRaftLog.java:334)
	at org.apache.ratis.server.leader.LogAppenderBase.nextAppendEntriesRequest(LogAppenderBase.java:266)
	at org.apache.ratis.server.leader.LogAppenderDefault.sendAppendEntriesWithRetries(LogAppenderDefault.java:63)
	at org.apache.ratis.server.leader.LogAppenderDefault.run(LogAppenderDefault.java:168)
	at org.apache.ratis.server.leader.LogAppenderDaemon.run(LogAppenderDaemon.java:80)
	at java.lang.Thread.run(Thread.java:750)
2024-12-25 19:03:52,677 TRACE util.FileUtils (LogUtils.java:supplyAndLog(69)) - Successfully supplied FileChannel.open /home/runner/work/ratis/ratis/ratis-examples/target/test/data/6cc16ceb/MiniRaftClusterWithSimulatedRpc6b18c296/s0/7b4a5993-c80f-4d60-b20d-4cf2ec507520/current/raft-meta.conf.tmp with options [CREATE, WRITE]: sun.nio.ch.FileChannelImpl@768464c6
2024-12-25 19:03:52,677 INFO  server.RaftServer$Division (LeaderStateImpl.java:restart(684)) - s7@group-4CF2EC507520-LeaderStateImpl: Restarting LogAppenderDefault for s7@group-4CF2EC507520->s1
2024-12-25 19:03:52,677 INFO  server.RaftServer$Division (LeaderStateImpl.java:restart(684)) - s7@group-4CF2EC507520-LeaderStateImpl: Restarting LogAppenderDefault for s7@group-4CF2EC507520->s9
2024-12-25 19:03:52,677 INFO  server.RaftServer$Division (LeaderStateImpl.java:restart(684)) - s7@group-4CF2EC507520-LeaderStateImpl: Restarting LogAppenderDefault for s7@group-4CF2EC507520->s8
2024-12-25 19:03:52,678 INFO  server.RaftServer$Division (ServerState.java:setRaftConf(386)) - s7@group-4CF2EC507520: set configuration conf: {index: 121, cur=peers:[s7, s8, s9, s0, s1]|listeners:[], old=peers:[s7, s8, s9]|listeners:[]}
2024-12-25 19:03:52,678 INFO  server.RaftServerConfigKeys (ConfUtils.java:logGet(46)) - raft.server.log.appender.snapshot.chunk.size.max = 16MB (=16777216) (default)
2024-12-25 19:03:52,678 INFO  server.RaftServerConfigKeys (ConfUtils.java:logGet(46)) - raft.server.log.appender.buffer.byte-limit = 4MB (=4194304) (default)
2024-12-25 19:03:52,678 INFO  server.RaftServerConfigKeys (ConfUtils.java:logGet(46)) - raft.server.log.appender.buffer.element-limit = 0 (default)
2024-12-25 19:03:52,678 INFO  server.RaftServerConfigKeys (ConfUtils.java:logGet(46)) - raft.server.log.appender.wait-time.min = 1ms (default)
2024-12-25 19:03:52,678 TRACE util.FileUtils (LogUtils.java:runAndLog(49)) - Successfully ran Atomic Files.move /home/runner/work/ratis/ratis/ratis-examples/target/test/data/6cc16ceb/MiniRaftClusterWithSimulatedRpc6b18c296/s0/7b4a5993-c80f-4d60-b20d-4cf2ec507520/current/raft-meta.conf.tmp to /home/runner/work/ratis/ratis/ratis-examples/target/test/data/6cc16ceb/MiniRaftClusterWithSimulatedRpc6b18c296/s0/7b4a5993-c80f-4d60-b20d-4cf2ec507520/current/raft-meta.conf with options [REPLACE_EXISTING]
2024-12-25 19:03:52,681 INFO  server.RaftServerConfigKeys (ConfUtils.java:logGet(46)) - raft.server.log.appender.snapshot.chunk.size.max = 16MB (=16777216) (default)
2024-12-25 19:03:52,681 INFO  server.RaftServerConfigKeys (ConfUtils.java:logGet(46)) - raft.server.log.appender.buffer.byte-limit = 4MB (=4194304) (default)
2024-12-25 19:03:52,682 INFO  server.RaftServerConfigKeys (ConfUtils.java:logGet(46)) - raft.server.log.appender.buffer.element-limit = 0 (default)
2024-12-25 19:03:52,682 INFO  server.RaftServerConfigKeys (ConfUtils.java:logGet(46)) - raft.server.log.appender.wait-time.min = 1ms (default)
2024-12-25 19:03:52,682 INFO  server.RaftServerConfigKeys (ConfUtils.java:logGet(46)) - raft.server.log.appender.snapshot.chunk.size.max = 16MB (=16777216) (default)
2024-12-25 19:03:52,682 INFO  server.RaftServerConfigKeys (ConfUtils.java:logGet(46)) - raft.server.log.appender.buffer.byte-limit = 4MB (=4194304) (default)
2024-12-25 19:03:52,682 INFO  server.RaftServerConfigKeys (ConfUtils.java:logGet(46)) - raft.server.log.appender.buffer.element-limit = 0 (default)
2024-12-25 19:03:52,684 INFO  server.RaftServerConfigKeys (ConfUtils.java:logGet(46)) - raft.server.log.appender.wait-time.min = 1ms (default)
2024-12-25 19:03:52,685 WARN  leader.LogAppenderDaemon (LogAppenderDaemon.java:run(89)) - s7@group-4CF2EC507520->s0-LogAppenderDefault-LogAppenderDaemon failed
org.apache.ratis.server.raftlog.RaftLogIOException: Log entry not found: index = 121
	at org.apache.ratis.server.raftlog.segmented.SegmentedRaftLog.retainEntryWithData(SegmentedRaftLog.java:334)
	at org.apache.ratis.server.leader.LogAppenderBase.nextAppendEntriesRequest(LogAppenderBase.java:266)
	at org.apache.ratis.server.leader.LogAppenderDefault.sendAppendEntriesWithRetries(LogAppenderDefault.java:63)
	at org.apache.ratis.server.leader.LogAppenderDefault.run(LogAppenderDefault.java:168)
	at org.apache.ratis.server.leader.LogAppenderDaemon.run(LogAppenderDaemon.java:80)
	at java.lang.Thread.run(Thread.java:750)
2024-12-25 19:03:52,685 INFO  server.RaftServer$Division (LeaderStateImpl.java:restart(684)) - s7@group-4CF2EC507520-LeaderStateImpl: Restarting LogAppenderDefault for s7@group-4CF2EC507520->s0
2024-12-25 19:03:52,685 INFO  server.RaftServerConfigKeys (ConfUtils.java:logGet(46)) - raft.server.log.appender.snapshot.chunk.size.max = 16MB (=16777216) (default)
2024-12-25 19:03:52,685 INFO  server.RaftServerConfigKeys (ConfUtils.java:logGet(46)) - raft.server.log.appender.buffer.byte-limit = 4MB (=4194304) (default)
2024-12-25 19:03:52,685 INFO  server.RaftServerConfigKeys (ConfUtils.java:logGet(46)) - raft.server.log.appender.buffer.element-limit = 0 (default)
2024-12-25 19:03:52,685 INFO  server.RaftServerConfigKeys (ConfUtils.java:logGet(46)) - raft.server.log.appender.wait-time.min = 1ms (default)
2024-12-25 19:03:52,686 INFO  server.RaftServer$Division (ServerState.java:setRaftConf(386)) - s0@group-4CF2EC507520: set configuration conf: {index: 121, cur=peers:[s7|, s8|, s9|, s0|, s1|]|listeners:[], old=peers:[s7|, s8|, s9|]|listeners:[]}
2024-12-25 19:03:52,687 INFO  server.RaftServer$Division (ServerState.java:setRaftConf(386)) - s8@group-4CF2EC507520: set configuration conf: {index: 121, cur=peers:[s7|, s8|, s9|, s0|, s1|]|listeners:[], old=peers:[s7|, s8|, s9|]|listeners:[]}
2024-12-25 19:03:52,687 INFO  server.RaftServer$Division (ServerState.java:setRaftConf(386)) - s9@group-4CF2EC507520: set configuration conf: {index: 121, cur=peers:[s7|, s8|, s9|, s0|, s1|]|listeners:[], old=peers:[s7|, s8|, s9|]|listeners:[]}
2024-12-25 19:03:52,688 INFO  server.RaftServer$Division (ServerState.java:setRaftConf(386)) - s7@group-4CF2EC507520: set configuration conf: {index: 123, cur=peers:[s7, s8, s9, s0, s1]|listeners:[], old=null}
2024-12-25 19:03:52,688 TRACE util.FileUtils (LogUtils.java:supplyAndLog(69)) - Successfully supplied FileChannel.open /home/runner/work/ratis/ratis/ratis-examples/target/test/data/6cc16ceb/MiniRaftClusterWithSimulatedRpc6b18c296/s7/7b4a5993-c80f-4d60-b20d-4cf2ec507520/current/raft-meta.conf.tmp with options [CREATE, WRITE]: sun.nio.ch.FileChannelImpl@12017374
2024-12-25 19:03:52,689 TRACE util.FileUtils (LogUtils.java:supplyAndLog(69)) - Successfully supplied FileChannel.open /home/runner/work/ratis/ratis/ratis-examples/target/test/data/6cc16ceb/MiniRaftClusterWithSimulatedRpc6b18c296/s9/7b4a5993-c80f-4d60-b20d-4cf2ec507520/current/raft-meta.conf.tmp with options [CREATE, WRITE]: sun.nio.ch.FileChannelImpl@26d4d60
2024-12-25 19:03:52,689 INFO  server.RaftServer$Division (ServerState.java:setRaftConf(386)) - s8@group-4CF2EC507520: set configuration conf: {index: 123, cur=peers:[s7|, s8|, s9|, s0|, s1|]|listeners:[], old=null}
2024-12-25 19:03:52,689 INFO  server.RaftServer$Division (ServerState.java:setRaftConf(386)) - s9@group-4CF2EC507520: set configuration conf: {index: 123, cur=peers:[s7|, s8|, s9|, s0|, s1|]|listeners:[], old=null}
2024-12-25 19:03:52,689 INFO  server.RaftServer$Division (ServerState.java:setRaftConf(386)) - s0@group-4CF2EC507520: set configuration conf: {index: 123, cur=peers:[s7|, s8|, s9|, s0|, s1|]|listeners:[], old=null}
2024-12-25 19:03:52,689 INFO  server.RaftServer$Division (ServerState.java:setRaftConf(386)) - s1@group-4CF2EC507520: set configuration conf: {index: 121, cur=peers:[s7|, s8|, s9|, s0|, s1|]|listeners:[], old=peers:[s7|, s8|, s9|]|listeners:[]}
2024-12-25 19:03:52,689 TRACE util.FileUtils (LogUtils.java:supplyAndLog(69)) - Successfully supplied FileChannel.open /home/runner/work/ratis/ratis/ratis-examples/target/test/data/6cc16ceb/MiniRaftClusterWithSimulatedRpc6b18c296/s8/7b4a5993-c80f-4d60-b20d-4cf2ec507520/current/raft-meta.conf.tmp with options [CREATE, WRITE]: sun.nio.ch.FileChannelImpl@1ec03032
2024-12-25 19:03:52,690 INFO  server.RaftServer$Division (ServerState.java:setRaftConf(386)) - s1@group-4CF2EC507520: set configuration conf: {index: 123, cur=peers:[s7|, s8|, s9|, s0|, s1|]|listeners:[], old=null}
2024-12-25 19:03:52,690 TRACE util.FileUtils (LogUtils.java:runAndLog(49)) - Successfully ran Atomic Files.move /home/runner/work/ratis/ratis/ratis-examples/target/test/data/6cc16ceb/MiniRaftClusterWithSimulatedRpc6b18c296/s7/7b4a5993-c80f-4d60-b20d-4cf2ec507520/current/raft-meta.conf.tmp to /home/runner/work/ratis/ratis/ratis-examples/target/test/data/6cc16ceb/MiniRaftClusterWithSimulatedRpc6b18c296/s7/7b4a5993-c80f-4d60-b20d-4cf2ec507520/current/raft-meta.conf with options [REPLACE_EXISTING]
2024-12-25 19:03:52,690 TRACE util.FileUtils (LogUtils.java:supplyAndLog(69)) - Successfully supplied FileChannel.open /home/runner/work/ratis/ratis/ratis-examples/target/test/data/6cc16ceb/MiniRaftClusterWithSimulatedRpc6b18c296/s7/7b4a5993-c80f-4d60-b20d-4cf2ec507520/current/raft-meta.conf.tmp with options [CREATE, WRITE]: sun.nio.ch.FileChannelImpl@131f7238
2024-12-25 19:03:52,690 TRACE util.FileUtils (LogUtils.java:runAndLog(49)) - Successfully ran Atomic Files.move /home/runner/work/ratis/ratis/ratis-examples/target/test/data/6cc16ceb/MiniRaftClusterWithSimulatedRpc6b18c296/s9/7b4a5993-c80f-4d60-b20d-4cf2ec507520/current/raft-meta.conf.tmp to /home/runner/work/ratis/ratis/ratis-examples/target/test/data/6cc16ceb/MiniRaftClusterWithSimulatedRpc6b18c296/s9/7b4a5993-c80f-4d60-b20d-4cf2ec507520/current/raft-meta.conf with options [REPLACE_EXISTING]
2024-12-25 19:03:52,690 INFO  server.RaftServer$Division (RaftServerImpl.java:setConfigurationAsync(1348)) - s7@group-4CF2EC507520: receive setConfiguration SetConfigurationRequest:client-9E894F3AA110->s7@group-4CF2EC507520, cid=2065, seq=null, RW, null, SET_UNCONDITIONALLY, servers:[s11, s10, s7, s13, s8, s12, s9, s0, s1], listeners:[]
2024-12-25 19:03:52,691 TRACE util.FileUtils (LogUtils.java:supplyAndLog(69)) - Successfully supplied FileChannel.open /home/runner/work/ratis/ratis/ratis-examples/target/test/data/6cc16ceb/MiniRaftClusterWithSimulatedRpc6b18c296/s0/7b4a5993-c80f-4d60-b20d-4cf2ec507520/current/raft-meta.conf.tmp with options [CREATE, WRITE]: sun.nio.ch.FileChannelImpl@78438466
2024-12-25 19:03:52,691 INFO  server.RaftServer$Division (LeaderStateImpl.java:startSetConfiguration(486)) - s7@group-4CF2EC507520-LeaderStateImpl: startSetConfiguration SetConfigurationRequest:client-9E894F3AA110->s7@group-4CF2EC507520, cid=2065, seq=null, RW, null, SET_UNCONDITIONALLY, servers:[s11, s10, s7, s13, s8, s12, s9, s0, s1], listeners:[]
2024-12-25 19:03:52,691 INFO  server.RaftServerConfigKeys (ConfUtils.java:logGet(46)) - raft.server.log.appender.snapshot.chunk.size.max = 16MB (=16777216) (default)
2024-12-25 19:03:52,691 INFO  server.RaftServerConfigKeys (ConfUtils.java:logGet(46)) - raft.server.log.appender.buffer.byte-limit = 4MB (=4194304) (default)
2024-12-25 19:03:52,691 INFO  server.RaftServerConfigKeys (ConfUtils.java:logGet(46)) - raft.server.log.appender.buffer.element-limit = 0 (default)
2024-12-25 19:03:52,691 TRACE util.FileUtils (LogUtils.java:supplyAndLog(69)) - Successfully supplied FileChannel.open /home/runner/work/ratis/ratis/ratis-examples/target/test/data/6cc16ceb/MiniRaftClusterWithSimulatedRpc6b18c296/s1/7b4a5993-c80f-4d60-b20d-4cf2ec507520/current/raft-meta.conf.tmp with options [CREATE, WRITE]: sun.nio.ch.FileChannelImpl@6e2b6261
2024-12-25 19:03:52,691 TRACE util.FileUtils (LogUtils.java:supplyAndLog(69)) - Successfully supplied FileChannel.open /home/runner/work/ratis/ratis/ratis-examples/target/test/data/6cc16ceb/MiniRaftClusterWithSimulatedRpc6b18c296/s9/7b4a5993-c80f-4d60-b20d-4cf2ec507520/current/raft-meta.conf.tmp with options [CREATE, WRITE]: sun.nio.ch.FileChannelImpl@652c9f5
2024-12-25 19:03:52,691 INFO  server.RaftServerConfigKeys (ConfUtils.java:logGet(46)) - raft.server.log.appender.wait-time.min = 1ms (default)
2024-12-25 19:03:52,692 INFO  server.RaftServerConfigKeys (ConfUtils.java:logGet(46)) - raft.server.log.appender.snapshot.chunk.size.max = 16MB (=16777216) (default)
2024-12-25 19:03:52,692 INFO  server.RaftServerConfigKeys (ConfUtils.java:logGet(46)) - raft.server.log.appender.buffer.byte-limit = 4MB (=4194304) (default)
2024-12-25 19:03:52,692 INFO  server.RaftServerConfigKeys (ConfUtils.java:logGet(46)) - raft.server.log.appender.buffer.element-limit = 0 (default)
2024-12-25 19:03:52,692 INFO  server.RaftServerConfigKeys (ConfUtils.java:logGet(46)) - raft.server.log.appender.wait-time.min = 1ms (default)
2024-12-25 19:03:52,692 INFO  server.RaftServerConfigKeys (ConfUtils.java:logGet(46)) - raft.server.log.appender.snapshot.chunk.size.max = 16MB (=16777216) (default)
2024-12-25 19:03:52,692 INFO  server.RaftServerConfigKeys (ConfUtils.java:logGet(46)) - raft.server.log.appender.buffer.byte-limit = 4MB (=4194304) (default)
2024-12-25 19:03:52,692 INFO  server.RaftServerConfigKeys (ConfUtils.java:logGet(46)) - raft.server.log.appender.buffer.element-limit = 0 (default)
2024-12-25 19:03:52,693 INFO  server.RaftServerConfigKeys (ConfUtils.java:logGet(46)) - raft.server.log.appender.wait-time.min = 1ms (default)
2024-12-25 19:03:52,693 INFO  server.RaftServerConfigKeys (ConfUtils.java:logGet(46)) - raft.server.log.appender.snapshot.chunk.size.max = 16MB (=16777216) (default)
2024-12-25 19:03:52,693 INFO  server.RaftServerConfigKeys (ConfUtils.java:logGet(46)) - raft.server.log.appender.buffer.byte-limit = 4MB (=4194304) (default)
2024-12-25 19:03:52,693 INFO  server.RaftServerConfigKeys (ConfUtils.java:logGet(46)) - raft.server.log.appender.buffer.element-limit = 0 (default)
2024-12-25 19:03:52,693 INFO  server.RaftServerConfigKeys (ConfUtils.java:logGet(46)) - raft.server.log.appender.wait-time.min = 1ms (default)
2024-12-25 19:03:52,692 TRACE util.FileUtils (LogUtils.java:runAndLog(49)) - Successfully ran Atomic Files.move /home/runner/work/ratis/ratis/ratis-examples/target/test/data/6cc16ceb/MiniRaftClusterWithSimulatedRpc6b18c296/s8/7b4a5993-c80f-4d60-b20d-4cf2ec507520/current/raft-meta.conf.tmp to /home/runner/work/ratis/ratis/ratis-examples/target/test/data/6cc16ceb/MiniRaftClusterWithSimulatedRpc6b18c296/s8/7b4a5993-c80f-4d60-b20d-4cf2ec507520/current/raft-meta.conf with options [REPLACE_EXISTING]
2024-12-25 19:03:52,693 TRACE util.FileUtils (LogUtils.java:runAndLog(49)) - Successfully ran Atomic Files.move /home/runner/work/ratis/ratis/ratis-examples/target/test/data/6cc16ceb/MiniRaftClusterWithSimulatedRpc6b18c296/s1/7b4a5993-c80f-4d60-b20d-4cf2ec507520/current/raft-meta.conf.tmp to /home/runner/work/ratis/ratis/ratis-examples/target/test/data/6cc16ceb/MiniRaftClusterWithSimulatedRpc6b18c296/s1/7b4a5993-c80f-4d60-b20d-4cf2ec507520/current/raft-meta.conf with options [REPLACE_EXISTING]
2024-12-25 19:03:52,692 TRACE util.FileUtils (LogUtils.java:runAndLog(49)) - Successfully ran Atomic Files.move /home/runner/work/ratis/ratis/ratis-examples/target/test/data/6cc16ceb/MiniRaftClusterWithSimulatedRpc6b18c296/s0/7b4a5993-c80f-4d60-b20d-4cf2ec507520/current/raft-meta.conf.tmp to /home/runner/work/ratis/ratis/ratis-examples/target/test/data/6cc16ceb/MiniRaftClusterWithSimulatedRpc6b18c296/s0/7b4a5993-c80f-4d60-b20d-4cf2ec507520/current/raft-meta.conf with options [REPLACE_EXISTING]
2024-12-25 19:03:52,693 TRACE util.FileUtils (LogUtils.java:runAndLog(49)) - Successfully ran Atomic Files.move /home/runner/work/ratis/ratis/ratis-examples/target/test/data/6cc16ceb/MiniRaftClusterWithSimulatedRpc6b18c296/s7/7b4a5993-c80f-4d60-b20d-4cf2ec507520/current/raft-meta.conf.tmp to /home/runner/work/ratis/ratis/ratis-examples/target/test/data/6cc16ceb/MiniRaftClusterWithSimulatedRpc6b18c296/s7/7b4a5993-c80f-4d60-b20d-4cf2ec507520/current/raft-meta.conf with options [REPLACE_EXISTING]
2024-12-25 19:03:52,694 TRACE util.FileUtils (LogUtils.java:supplyAndLog(69)) - Successfully supplied FileChannel.open /home/runner/work/ratis/ratis/ratis-examples/target/test/data/6cc16ceb/MiniRaftClusterWithSimulatedRpc6b18c296/s1/7b4a5993-c80f-4d60-b20d-4cf2ec507520/current/raft-meta.conf.tmp with options [CREATE, WRITE]: sun.nio.ch.FileChannelImpl@6a14eb7c
2024-12-25 19:03:52,693 TRACE util.FileUtils (LogUtils.java:runAndLog(49)) - Successfully ran Atomic Files.move /home/runner/work/ratis/ratis/ratis-examples/target/test/data/6cc16ceb/MiniRaftClusterWithSimulatedRpc6b18c296/s9/7b4a5993-c80f-4d60-b20d-4cf2ec507520/current/raft-meta.conf.tmp to /home/runner/work/ratis/ratis/ratis-examples/target/test/data/6cc16ceb/MiniRaftClusterWithSimulatedRpc6b18c296/s9/7b4a5993-c80f-4d60-b20d-4cf2ec507520/current/raft-meta.conf with options [REPLACE_EXISTING]
2024-12-25 19:03:52,693 TRACE util.FileUtils (LogUtils.java:supplyAndLog(69)) - Successfully supplied FileChannel.open /home/runner/work/ratis/ratis/ratis-examples/target/test/data/6cc16ceb/MiniRaftClusterWithSimulatedRpc6b18c296/s8/7b4a5993-c80f-4d60-b20d-4cf2ec507520/current/raft-meta.conf.tmp with options [CREATE, WRITE]: sun.nio.ch.FileChannelImpl@1affb732
2024-12-25 19:03:52,694 INFO  leader.FollowerInfo (FollowerInfoImpl.java:setAttemptedToInstallSnapshot(154)) - Follower s7@group-4CF2EC507520->s10 acknowledged installing snapshot
2024-12-25 19:03:52,695 INFO  leader.FollowerInfo (FollowerInfoImpl.java:setAttemptedToInstallSnapshot(154)) - Follower s7@group-4CF2EC507520->s11 acknowledged installing snapshot
2024-12-25 19:03:52,695 TRACE util.FileUtils (LogUtils.java:supplyAndLog(69)) - Successfully supplied FileChannel.open /home/runner/work/ratis/ratis/ratis-examples/target/test/data/6cc16ceb/MiniRaftClusterWithSimulatedRpc6b18c296/s10/7b4a5993-c80f-4d60-b20d-4cf2ec507520/current/raft-meta.tmp with options [CREATE, WRITE]: sun.nio.ch.FileChannelImpl@579daee6
2024-12-25 19:03:52,695 TRACE util.FileUtils (LogUtils.java:supplyAndLog(69)) - Successfully supplied FileChannel.open /home/runner/work/ratis/ratis/ratis-examples/target/test/data/6cc16ceb/MiniRaftClusterWithSimulatedRpc6b18c296/s0/7b4a5993-c80f-4d60-b20d-4cf2ec507520/current/raft-meta.conf.tmp with options [CREATE, WRITE]: sun.nio.ch.FileChannelImpl@7c7c0fb6
2024-12-25 19:03:52,696 TRACE util.FileUtils (LogUtils.java:supplyAndLog(69)) - Successfully supplied FileChannel.open /home/runner/work/ratis/ratis/ratis-examples/target/test/data/6cc16ceb/MiniRaftClusterWithSimulatedRpc6b18c296/s11/7b4a5993-c80f-4d60-b20d-4cf2ec507520/current/raft-meta.tmp with options [CREATE, WRITE]: sun.nio.ch.FileChannelImpl@af91b00
2024-12-25 19:03:52,696 TRACE util.FileUtils (LogUtils.java:runAndLog(49)) - Successfully ran Atomic Files.move /home/runner/work/ratis/ratis/ratis-examples/target/test/data/6cc16ceb/MiniRaftClusterWithSimulatedRpc6b18c296/s1/7b4a5993-c80f-4d60-b20d-4cf2ec507520/current/raft-meta.conf.tmp to /home/runner/work/ratis/ratis/ratis-examples/target/test/data/6cc16ceb/MiniRaftClusterWithSimulatedRpc6b18c296/s1/7b4a5993-c80f-4d60-b20d-4cf2ec507520/current/raft-meta.conf with options [REPLACE_EXISTING]
2024-12-25 19:03:52,696 TRACE util.FileUtils (LogUtils.java:runAndLog(49)) - Successfully ran Atomic Files.move /home/runner/work/ratis/ratis/ratis-examples/target/test/data/6cc16ceb/MiniRaftClusterWithSimulatedRpc6b18c296/s8/7b4a5993-c80f-4d60-b20d-4cf2ec507520/current/raft-meta.conf.tmp to /home/runner/work/ratis/ratis/ratis-examples/target/test/data/6cc16ceb/MiniRaftClusterWithSimulatedRpc6b18c296/s8/7b4a5993-c80f-4d60-b20d-4cf2ec507520/current/raft-meta.conf with options [REPLACE_EXISTING]
2024-12-25 19:03:52,697 TRACE util.FileUtils (LogUtils.java:runAndLog(49)) - Successfully ran Atomic Files.move /home/runner/work/ratis/ratis/ratis-examples/target/test/data/6cc16ceb/MiniRaftClusterWithSimulatedRpc6b18c296/s10/7b4a5993-c80f-4d60-b20d-4cf2ec507520/current/raft-meta.tmp to /home/runner/work/ratis/ratis/ratis-examples/target/test/data/6cc16ceb/MiniRaftClusterWithSimulatedRpc6b18c296/s10/7b4a5993-c80f-4d60-b20d-4cf2ec507520/current/raft-meta with options [REPLACE_EXISTING]
2024-12-25 19:03:52,697 INFO  server.RaftServer$Division (RaftServerImpl.java:setFirstElection(563)) - s10@group-4CF2EC507520: set firstElectionSinceStartup to false for appendEntries
2024-12-25 19:03:52,697 INFO  server.RaftServer$Division (ServerState.java:setLeader(272)) - s10@group-4CF2EC507520: change Leader from null to s7 at term 1 for appendEntries, leader elected after 211ms
2024-12-25 19:03:52,698 TRACE util.FileUtils (LogUtils.java:runAndLog(49)) - Successfully ran Atomic Files.move /home/runner/work/ratis/ratis/ratis-examples/target/test/data/6cc16ceb/MiniRaftClusterWithSimulatedRpc6b18c296/s11/7b4a5993-c80f-4d60-b20d-4cf2ec507520/current/raft-meta.tmp to /home/runner/work/ratis/ratis/ratis-examples/target/test/data/6cc16ceb/MiniRaftClusterWithSimulatedRpc6b18c296/s11/7b4a5993-c80f-4d60-b20d-4cf2ec507520/current/raft-meta with options [REPLACE_EXISTING]
2024-12-25 19:03:52,698 INFO  server.RaftServer$Division (RaftServerImpl.java:setFirstElection(563)) - s11@group-4CF2EC507520: set firstElectionSinceStartup to false for appendEntries
2024-12-25 19:03:52,698 INFO  server.RaftServer$Division (ServerState.java:setLeader(272)) - s11@group-4CF2EC507520: change Leader from null to s7 at term 1 for appendEntries, leader elected after 179ms
2024-12-25 19:03:52,698 TRACE util.FileUtils (LogUtils.java:runAndLog(49)) - Successfully ran Atomic Files.move /home/runner/work/ratis/ratis/ratis-examples/target/test/data/6cc16ceb/MiniRaftClusterWithSimulatedRpc6b18c296/s0/7b4a5993-c80f-4d60-b20d-4cf2ec507520/current/raft-meta.conf.tmp to /home/runner/work/ratis/ratis/ratis-examples/target/test/data/6cc16ceb/MiniRaftClusterWithSimulatedRpc6b18c296/s0/7b4a5993-c80f-4d60-b20d-4cf2ec507520/current/raft-meta.conf with options [REPLACE_EXISTING]
2024-12-25 19:03:52,701 INFO  leader.FollowerInfo (FollowerInfoImpl.java:setAttemptedToInstallSnapshot(154)) - Follower s7@group-4CF2EC507520->s12 acknowledged installing snapshot
2024-12-25 19:03:52,702 TRACE util.FileUtils (LogUtils.java:supplyAndLog(69)) - Successfully supplied FileChannel.open /home/runner/work/ratis/ratis/ratis-examples/target/test/data/6cc16ceb/MiniRaftClusterWithSimulatedRpc6b18c296/s12/7b4a5993-c80f-4d60-b20d-4cf2ec507520/current/raft-meta.tmp with options [CREATE, WRITE]: sun.nio.ch.FileChannelImpl@74255ac0
2024-12-25 19:03:52,702 INFO  leader.FollowerInfo (FollowerInfoImpl.java:setAttemptedToInstallSnapshot(154)) - Follower s7@group-4CF2EC507520->s13 acknowledged installing snapshot
2024-12-25 19:03:52,703 TRACE util.FileUtils (LogUtils.java:supplyAndLog(69)) - Successfully supplied FileChannel.open /home/runner/work/ratis/ratis/ratis-examples/target/test/data/6cc16ceb/MiniRaftClusterWithSimulatedRpc6b18c296/s13/7b4a5993-c80f-4d60-b20d-4cf2ec507520/current/raft-meta.tmp with options [CREATE, WRITE]: sun.nio.ch.FileChannelImpl@3919e664
2024-12-25 19:03:52,703 INFO  server.RaftServer$Division (ServerState.java:setRaftConf(386)) - s10@group-4CF2EC507520: set configuration conf: {index: 0, cur=peers:[s7|, s8|, s9|]|listeners:[], old=null}
2024-12-25 19:03:52,703 TRACE util.FileUtils (LogUtils.java:runAndLog(49)) - Successfully ran Atomic Files.move /home/runner/work/ratis/ratis/ratis-examples/target/test/data/6cc16ceb/MiniRaftClusterWithSimulatedRpc6b18c296/s12/7b4a5993-c80f-4d60-b20d-4cf2ec507520/current/raft-meta.tmp to /home/runner/work/ratis/ratis/ratis-examples/target/test/data/6cc16ceb/MiniRaftClusterWithSimulatedRpc6b18c296/s12/7b4a5993-c80f-4d60-b20d-4cf2ec507520/current/raft-meta with options [REPLACE_EXISTING]
2024-12-25 19:03:52,704 INFO  server.RaftServer$Division (ServerState.java:setRaftConf(386)) - s10@group-4CF2EC507520: set configuration conf: {index: 121, cur=peers:[s7|, s8|, s9|, s0|, s1|]|listeners:[], old=peers:[s7|, s8|, s9|]|listeners:[]}
2024-12-25 19:03:52,704 INFO  server.RaftServer$Division (RaftServerImpl.java:setFirstElection(563)) - s12@group-4CF2EC507520: set firstElectionSinceStartup to false for appendEntries
2024-12-25 19:03:52,704 INFO  server.RaftServer$Division (ServerState.java:setRaftConf(386)) - s10@group-4CF2EC507520: set configuration conf: {index: 123, cur=peers:[s7|, s8|, s9|, s0|, s1|]|listeners:[], old=null}
2024-12-25 19:03:52,704 INFO  server.RaftServer$Division (ServerState.java:setRaftConf(386)) - s11@group-4CF2EC507520: set configuration conf: {index: 0, cur=peers:[s7|, s8|, s9|]|listeners:[], old=null}
2024-12-25 19:03:52,704 INFO  server.RaftServer$Division (ServerState.java:setLeader(272)) - s12@group-4CF2EC507520: change Leader from null to s7 at term 1 for appendEntries, leader elected after 157ms
2024-12-25 19:03:52,704 INFO  segmented.SegmentedRaftLogWorker (SegmentedRaftLogWorker.java:startLogSegment(443)) - s10@group-4CF2EC507520-SegmentedRaftLogWorker: Starting segment from index:0
2024-12-25 19:03:52,704 INFO  server.RaftServer$Division (ServerState.java:setRaftConf(386)) - s11@group-4CF2EC507520: set configuration conf: {index: 121, cur=peers:[s7|, s8|, s9|, s0|, s1|]|listeners:[], old=peers:[s7|, s8|, s9|]|listeners:[]}
2024-12-25 19:03:52,705 INFO  server.RaftServer$Division (ServerState.java:setRaftConf(386)) - s11@group-4CF2EC507520: set configuration conf: {index: 123, cur=peers:[s7|, s8|, s9|, s0|, s1|]|listeners:[], old=null}
2024-12-25 19:03:52,705 INFO  segmented.SegmentedRaftLogWorker (SegmentedRaftLogWorker.java:startLogSegment(443)) - s11@group-4CF2EC507520-SegmentedRaftLogWorker: Starting segment from index:0
2024-12-25 19:03:52,706 INFO  segmented.BufferedWriteChannel (BufferedWriteChannel.java:open(61)) - open log_inprogress_0 at position 0
2024-12-25 19:03:52,706 INFO  segmented.BufferedWriteChannel (BufferedWriteChannel.java:open(61)) - open log_inprogress_0 at position 0
2024-12-25 19:03:52,712 TRACE util.FileUtils (LogUtils.java:runAndLog(49)) - Successfully ran Atomic Files.move /home/runner/work/ratis/ratis/ratis-examples/target/test/data/6cc16ceb/MiniRaftClusterWithSimulatedRpc6b18c296/s13/7b4a5993-c80f-4d60-b20d-4cf2ec507520/current/raft-meta.tmp to /home/runner/work/ratis/ratis/ratis-examples/target/test/data/6cc16ceb/MiniRaftClusterWithSimulatedRpc6b18c296/s13/7b4a5993-c80f-4d60-b20d-4cf2ec507520/current/raft-meta with options [REPLACE_EXISTING]
2024-12-25 19:03:52,712 INFO  server.RaftServer$Division (RaftServerImpl.java:setFirstElection(563)) - s13@group-4CF2EC507520: set firstElectionSinceStartup to false for appendEntries
2024-12-25 19:03:52,712 INFO  server.RaftServer$Division (ServerState.java:setLeader(272)) - s13@group-4CF2EC507520: change Leader from null to s7 at term 1 for appendEntries, leader elected after 183ms
2024-12-25 19:03:52,714 INFO  server.RaftServer$Division (ServerState.java:setRaftConf(386)) - s12@group-4CF2EC507520: set configuration conf: {index: 0, cur=peers:[s7|, s8|, s9|]|listeners:[], old=null}
2024-12-25 19:03:52,714 INFO  server.RaftServer$Division (ServerState.java:setRaftConf(386)) - s12@group-4CF2EC507520: set configuration conf: {index: 121, cur=peers:[s7|, s8|, s9|, s0|, s1|]|listeners:[], old=peers:[s7|, s8|, s9|]|listeners:[]}
2024-12-25 19:03:52,714 INFO  server.RaftServer$Division (ServerState.java:setRaftConf(386)) - s12@group-4CF2EC507520: set configuration conf: {index: 123, cur=peers:[s7|, s8|, s9|, s0|, s1|]|listeners:[], old=null}
2024-12-25 19:03:52,715 INFO  segmented.SegmentedRaftLogWorker (SegmentedRaftLogWorker.java:startLogSegment(443)) - s12@group-4CF2EC507520-SegmentedRaftLogWorker: Starting segment from index:0
2024-12-25 19:03:52,715 INFO  server.RaftServer$Division (ServerState.java:setRaftConf(386)) - s13@group-4CF2EC507520: set configuration conf: {index: 0, cur=peers:[s7|, s8|, s9|]|listeners:[], old=null}
2024-12-25 19:03:52,715 INFO  server.RaftServer$Division (ServerState.java:setRaftConf(386)) - s13@group-4CF2EC507520: set configuration conf: {index: 121, cur=peers:[s7|, s8|, s9|, s0|, s1|]|listeners:[], old=peers:[s7|, s8|, s9|]|listeners:[]}
2024-12-25 19:03:52,715 INFO  server.RaftServer$Division (ServerState.java:setRaftConf(386)) - s13@group-4CF2EC507520: set configuration conf: {index: 123, cur=peers:[s7|, s8|, s9|, s0|, s1|]|listeners:[], old=null}
2024-12-25 19:03:52,715 INFO  segmented.SegmentedRaftLogWorker (SegmentedRaftLogWorker.java:startLogSegment(443)) - s13@group-4CF2EC507520-SegmentedRaftLogWorker: Starting segment from index:0
2024-12-25 19:03:52,715 INFO  segmented.BufferedWriteChannel (BufferedWriteChannel.java:open(61)) - open log_inprogress_0 at position 0
2024-12-25 19:03:52,717 INFO  segmented.BufferedWriteChannel (BufferedWriteChannel.java:open(61)) - open log_inprogress_0 at position 0
2024-12-25 19:03:52,720 INFO  segmented.SegmentedRaftLogWorker (SegmentedRaftLogWorker.java:execute(667)) - s11@group-4CF2EC507520-SegmentedRaftLogWorker: created new log segment /home/runner/work/ratis/ratis/ratis-examples/target/test/data/6cc16ceb/MiniRaftClusterWithSimulatedRpc6b18c296/s11/7b4a5993-c80f-4d60-b20d-4cf2ec507520/current/log_inprogress_0
2024-12-25 19:03:52,721 INFO  segmented.SegmentedRaftLogWorker (SegmentedRaftLogWorker.java:execute(667)) - s10@group-4CF2EC507520-SegmentedRaftLogWorker: created new log segment /home/runner/work/ratis/ratis/ratis-examples/target/test/data/6cc16ceb/MiniRaftClusterWithSimulatedRpc6b18c296/s10/7b4a5993-c80f-4d60-b20d-4cf2ec507520/current/log_inprogress_0
2024-12-25 19:03:52,724 TRACE util.FileUtils (LogUtils.java:supplyAndLog(69)) - Successfully supplied FileChannel.open /home/runner/work/ratis/ratis/ratis-examples/target/test/data/6cc16ceb/MiniRaftClusterWithSimulatedRpc6b18c296/s10/7b4a5993-c80f-4d60-b20d-4cf2ec507520/current/raft-meta.conf.tmp with options [CREATE, WRITE]: sun.nio.ch.FileChannelImpl@566cc44a
2024-12-25 19:03:52,724 TRACE util.FileUtils (LogUtils.java:supplyAndLog(69)) - Successfully supplied FileChannel.open /home/runner/work/ratis/ratis/ratis-examples/target/test/data/6cc16ceb/MiniRaftClusterWithSimulatedRpc6b18c296/s11/7b4a5993-c80f-4d60-b20d-4cf2ec507520/current/raft-meta.conf.tmp with options [CREATE, WRITE]: sun.nio.ch.FileChannelImpl@308cbe86
2024-12-25 19:03:52,728 TRACE util.FileUtils (LogUtils.java:runAndLog(49)) - Successfully ran Atomic Files.move /home/runner/work/ratis/ratis/ratis-examples/target/test/data/6cc16ceb/MiniRaftClusterWithSimulatedRpc6b18c296/s10/7b4a5993-c80f-4d60-b20d-4cf2ec507520/current/raft-meta.conf.tmp to /home/runner/work/ratis/ratis/ratis-examples/target/test/data/6cc16ceb/MiniRaftClusterWithSimulatedRpc6b18c296/s10/7b4a5993-c80f-4d60-b20d-4cf2ec507520/current/raft-meta.conf with options [REPLACE_EXISTING]
2024-12-25 19:03:52,728 TRACE util.FileUtils (LogUtils.java:runAndLog(49)) - Successfully ran Atomic Files.move /home/runner/work/ratis/ratis/ratis-examples/target/test/data/6cc16ceb/MiniRaftClusterWithSimulatedRpc6b18c296/s11/7b4a5993-c80f-4d60-b20d-4cf2ec507520/current/raft-meta.conf.tmp to /home/runner/work/ratis/ratis/ratis-examples/target/test/data/6cc16ceb/MiniRaftClusterWithSimulatedRpc6b18c296/s11/7b4a5993-c80f-4d60-b20d-4cf2ec507520/current/raft-meta.conf with options [REPLACE_EXISTING]
2024-12-25 19:03:52,732 TRACE util.FileUtils (LogUtils.java:supplyAndLog(69)) - Successfully supplied FileChannel.open /home/runner/work/ratis/ratis/ratis-examples/target/test/data/6cc16ceb/MiniRaftClusterWithSimulatedRpc6b18c296/s10/7b4a5993-c80f-4d60-b20d-4cf2ec507520/current/raft-meta.conf.tmp with options [CREATE, WRITE]: sun.nio.ch.FileChannelImpl@58ab20f7
2024-12-25 19:03:52,732 TRACE util.FileUtils (LogUtils.java:supplyAndLog(69)) - Successfully supplied FileChannel.open /home/runner/work/ratis/ratis/ratis-examples/target/test/data/6cc16ceb/MiniRaftClusterWithSimulatedRpc6b18c296/s11/7b4a5993-c80f-4d60-b20d-4cf2ec507520/current/raft-meta.conf.tmp with options [CREATE, WRITE]: sun.nio.ch.FileChannelImpl@3e4b56e7
2024-12-25 19:03:52,732 INFO  segmented.SegmentedRaftLogWorker (SegmentedRaftLogWorker.java:execute(667)) - s13@group-4CF2EC507520-SegmentedRaftLogWorker: created new log segment /home/runner/work/ratis/ratis/ratis-examples/target/test/data/6cc16ceb/MiniRaftClusterWithSimulatedRpc6b18c296/s13/7b4a5993-c80f-4d60-b20d-4cf2ec507520/current/log_inprogress_0
2024-12-25 19:03:52,733 INFO  segmented.SegmentedRaftLogWorker (SegmentedRaftLogWorker.java:execute(667)) - s12@group-4CF2EC507520-SegmentedRaftLogWorker: created new log segment /home/runner/work/ratis/ratis/ratis-examples/target/test/data/6cc16ceb/MiniRaftClusterWithSimulatedRpc6b18c296/s12/7b4a5993-c80f-4d60-b20d-4cf2ec507520/current/log_inprogress_0
2024-12-25 19:03:52,733 TRACE util.FileUtils (LogUtils.java:runAndLog(49)) - Successfully ran Atomic Files.move /home/runner/work/ratis/ratis/ratis-examples/target/test/data/6cc16ceb/MiniRaftClusterWithSimulatedRpc6b18c296/s11/7b4a5993-c80f-4d60-b20d-4cf2ec507520/current/raft-meta.conf.tmp to /home/runner/work/ratis/ratis/ratis-examples/target/test/data/6cc16ceb/MiniRaftClusterWithSimulatedRpc6b18c296/s11/7b4a5993-c80f-4d60-b20d-4cf2ec507520/current/raft-meta.conf with options [REPLACE_EXISTING]
2024-12-25 19:03:52,734 TRACE util.FileUtils (LogUtils.java:supplyAndLog(69)) - Successfully supplied FileChannel.open /home/runner/work/ratis/ratis/ratis-examples/target/test/data/6cc16ceb/MiniRaftClusterWithSimulatedRpc6b18c296/s11/7b4a5993-c80f-4d60-b20d-4cf2ec507520/current/raft-meta.conf.tmp with options [CREATE, WRITE]: sun.nio.ch.FileChannelImpl@3a74d5f6
2024-12-25 19:03:52,733 TRACE util.FileUtils (LogUtils.java:runAndLog(49)) - Successfully ran Atomic Files.move /home/runner/work/ratis/ratis/ratis-examples/target/test/data/6cc16ceb/MiniRaftClusterWithSimulatedRpc6b18c296/s10/7b4a5993-c80f-4d60-b20d-4cf2ec507520/current/raft-meta.conf.tmp to /home/runner/work/ratis/ratis/ratis-examples/target/test/data/6cc16ceb/MiniRaftClusterWithSimulatedRpc6b18c296/s10/7b4a5993-c80f-4d60-b20d-4cf2ec507520/current/raft-meta.conf with options [REPLACE_EXISTING]
2024-12-25 19:03:52,734 TRACE util.FileUtils (LogUtils.java:supplyAndLog(69)) - Successfully supplied FileChannel.open /home/runner/work/ratis/ratis/ratis-examples/target/test/data/6cc16ceb/MiniRaftClusterWithSimulatedRpc6b18c296/s10/7b4a5993-c80f-4d60-b20d-4cf2ec507520/current/raft-meta.conf.tmp with options [CREATE, WRITE]: sun.nio.ch.FileChannelImpl@5c94af3a
2024-12-25 19:03:52,736 TRACE util.FileUtils (LogUtils.java:runAndLog(49)) - Successfully ran Atomic Files.move /home/runner/work/ratis/ratis/ratis-examples/target/test/data/6cc16ceb/MiniRaftClusterWithSimulatedRpc6b18c296/s11/7b4a5993-c80f-4d60-b20d-4cf2ec507520/current/raft-meta.conf.tmp to /home/runner/work/ratis/ratis/ratis-examples/target/test/data/6cc16ceb/MiniRaftClusterWithSimulatedRpc6b18c296/s11/7b4a5993-c80f-4d60-b20d-4cf2ec507520/current/raft-meta.conf with options [REPLACE_EXISTING]
2024-12-25 19:03:52,736 TRACE util.FileUtils (LogUtils.java:runAndLog(49)) - Successfully ran Atomic Files.move /home/runner/work/ratis/ratis/ratis-examples/target/test/data/6cc16ceb/MiniRaftClusterWithSimulatedRpc6b18c296/s10/7b4a5993-c80f-4d60-b20d-4cf2ec507520/current/raft-meta.conf.tmp to /home/runner/work/ratis/ratis/ratis-examples/target/test/data/6cc16ceb/MiniRaftClusterWithSimulatedRpc6b18c296/s10/7b4a5993-c80f-4d60-b20d-4cf2ec507520/current/raft-meta.conf with options [REPLACE_EXISTING]
2024-12-25 19:03:52,736 TRACE util.FileUtils (LogUtils.java:supplyAndLog(69)) - Successfully supplied FileChannel.open /home/runner/work/ratis/ratis/ratis-examples/target/test/data/6cc16ceb/MiniRaftClusterWithSimulatedRpc6b18c296/s12/7b4a5993-c80f-4d60-b20d-4cf2ec507520/current/raft-meta.conf.tmp with options [CREATE, WRITE]: sun.nio.ch.FileChannelImpl@16edd986
2024-12-25 19:03:52,737 TRACE util.FileUtils (LogUtils.java:supplyAndLog(69)) - Successfully supplied FileChannel.open /home/runner/work/ratis/ratis/ratis-examples/target/test/data/6cc16ceb/MiniRaftClusterWithSimulatedRpc6b18c296/s13/7b4a5993-c80f-4d60-b20d-4cf2ec507520/current/raft-meta.conf.tmp with options [CREATE, WRITE]: sun.nio.ch.FileChannelImpl@5388942c
2024-12-25 19:03:52,737 TRACE util.FileUtils (LogUtils.java:runAndLog(49)) - Successfully ran Atomic Files.move /home/runner/work/ratis/ratis/ratis-examples/target/test/data/6cc16ceb/MiniRaftClusterWithSimulatedRpc6b18c296/s12/7b4a5993-c80f-4d60-b20d-4cf2ec507520/current/raft-meta.conf.tmp to /home/runner/work/ratis/ratis/ratis-examples/target/test/data/6cc16ceb/MiniRaftClusterWithSimulatedRpc6b18c296/s12/7b4a5993-c80f-4d60-b20d-4cf2ec507520/current/raft-meta.conf with options [REPLACE_EXISTING]
2024-12-25 19:03:52,738 TRACE util.FileUtils (LogUtils.java:runAndLog(49)) - Successfully ran Atomic Files.move /home/runner/work/ratis/ratis/ratis-examples/target/test/data/6cc16ceb/MiniRaftClusterWithSimulatedRpc6b18c296/s13/7b4a5993-c80f-4d60-b20d-4cf2ec507520/current/raft-meta.conf.tmp to /home/runner/work/ratis/ratis/ratis-examples/target/test/data/6cc16ceb/MiniRaftClusterWithSimulatedRpc6b18c296/s13/7b4a5993-c80f-4d60-b20d-4cf2ec507520/current/raft-meta.conf with options [REPLACE_EXISTING]
2024-12-25 19:03:52,740 TRACE util.FileUtils (LogUtils.java:supplyAndLog(69)) - Successfully supplied FileChannel.open /home/runner/work/ratis/ratis/ratis-examples/target/test/data/6cc16ceb/MiniRaftClusterWithSimulatedRpc6b18c296/s12/7b4a5993-c80f-4d60-b20d-4cf2ec507520/current/raft-meta.conf.tmp with options [CREATE, WRITE]: sun.nio.ch.FileChannelImpl@182a352b
2024-12-25 19:03:52,741 TRACE util.FileUtils (LogUtils.java:supplyAndLog(69)) - Successfully supplied FileChannel.open /home/runner/work/ratis/ratis/ratis-examples/target/test/data/6cc16ceb/MiniRaftClusterWithSimulatedRpc6b18c296/s13/7b4a5993-c80f-4d60-b20d-4cf2ec507520/current/raft-meta.conf.tmp with options [CREATE, WRITE]: sun.nio.ch.FileChannelImpl@5d4f702d
2024-12-25 19:03:52,742 TRACE util.FileUtils (LogUtils.java:runAndLog(49)) - Successfully ran Atomic Files.move /home/runner/work/ratis/ratis/ratis-examples/target/test/data/6cc16ceb/MiniRaftClusterWithSimulatedRpc6b18c296/s12/7b4a5993-c80f-4d60-b20d-4cf2ec507520/current/raft-meta.conf.tmp to /home/runner/work/ratis/ratis/ratis-examples/target/test/data/6cc16ceb/MiniRaftClusterWithSimulatedRpc6b18c296/s12/7b4a5993-c80f-4d60-b20d-4cf2ec507520/current/raft-meta.conf with options [REPLACE_EXISTING]
2024-12-25 19:03:52,742 TRACE util.FileUtils (LogUtils.java:runAndLog(49)) - Successfully ran Atomic Files.move /home/runner/work/ratis/ratis/ratis-examples/target/test/data/6cc16ceb/MiniRaftClusterWithSimulatedRpc6b18c296/s13/7b4a5993-c80f-4d60-b20d-4cf2ec507520/current/raft-meta.conf.tmp to /home/runner/work/ratis/ratis/ratis-examples/target/test/data/6cc16ceb/MiniRaftClusterWithSimulatedRpc6b18c296/s13/7b4a5993-c80f-4d60-b20d-4cf2ec507520/current/raft-meta.conf with options [REPLACE_EXISTING]
2024-12-25 19:03:52,742 TRACE util.FileUtils (LogUtils.java:supplyAndLog(69)) - Successfully supplied FileChannel.open /home/runner/work/ratis/ratis/ratis-examples/target/test/data/6cc16ceb/MiniRaftClusterWithSimulatedRpc6b18c296/s12/7b4a5993-c80f-4d60-b20d-4cf2ec507520/current/raft-meta.conf.tmp with options [CREATE, WRITE]: sun.nio.ch.FileChannelImpl@1c15b2f6
2024-12-25 19:03:52,742 TRACE util.FileUtils (LogUtils.java:supplyAndLog(69)) - Successfully supplied FileChannel.open /home/runner/work/ratis/ratis/ratis-examples/target/test/data/6cc16ceb/MiniRaftClusterWithSimulatedRpc6b18c296/s13/7b4a5993-c80f-4d60-b20d-4cf2ec507520/current/raft-meta.conf.tmp with options [CREATE, WRITE]: sun.nio.ch.FileChannelImpl@5970ff5c
2024-12-25 19:03:52,743 TRACE util.FileUtils (LogUtils.java:runAndLog(49)) - Successfully ran Atomic Files.move /home/runner/work/ratis/ratis/ratis-examples/target/test/data/6cc16ceb/MiniRaftClusterWithSimulatedRpc6b18c296/s12/7b4a5993-c80f-4d60-b20d-4cf2ec507520/current/raft-meta.conf.tmp to /home/runner/work/ratis/ratis/ratis-examples/target/test/data/6cc16ceb/MiniRaftClusterWithSimulatedRpc6b18c296/s12/7b4a5993-c80f-4d60-b20d-4cf2ec507520/current/raft-meta.conf with options [REPLACE_EXISTING]
2024-12-25 19:03:52,743 TRACE util.FileUtils (LogUtils.java:runAndLog(49)) - Successfully ran Atomic Files.move /home/runner/work/ratis/ratis/ratis-examples/target/test/data/6cc16ceb/MiniRaftClusterWithSimulatedRpc6b18c296/s13/7b4a5993-c80f-4d60-b20d-4cf2ec507520/current/raft-meta.conf.tmp to /home/runner/work/ratis/ratis/ratis-examples/target/test/data/6cc16ceb/MiniRaftClusterWithSimulatedRpc6b18c296/s13/7b4a5993-c80f-4d60-b20d-4cf2ec507520/current/raft-meta.conf with options [REPLACE_EXISTING]
2024-12-25 19:03:55,792 INFO  server.RaftServer$Division (RaftServerImpl.java:setConfigurationAsync(1348)) - s9@group-4CF2EC507520: receive setConfiguration SetConfigurationRequest:client-9E894F3AA110->s9@group-4CF2EC507520, cid=2065, seq=null, RW, null, SET_UNCONDITIONALLY, servers:[s11, s10, s7, s13, s8, s12, s9, s0, s1], listeners:[]
2024-12-25 19:03:55,893 INFO  server.RaftServer$Division (RaftServerImpl.java:setConfigurationAsync(1348)) - s7@group-4CF2EC507520: receive setConfiguration SetConfigurationRequest:client-9E894F3AA110->s7@group-4CF2EC507520, cid=2065, seq=null, RW, null, SET_UNCONDITIONALLY, servers:[s11, s10, s7, s13, s8, s12, s9, s0, s1], listeners:[]
2024-12-25 19:03:55,994 INFO  server.RaftServer$Division (RaftServerImpl.java:setConfigurationAsync(1348)) - s0@group-4CF2EC507520: receive setConfiguration SetConfigurationRequest:client-9E894F3AA110->s0@group-4CF2EC507520, cid=2065, seq=null, RW, null, SET_UNCONDITIONALLY, servers:[s11, s10, s7, s13, s8, s12, s9, s0, s1], listeners:[]
2024-12-25 19:03:56,095 INFO  server.RaftServer$Division (RaftServerImpl.java:setConfigurationAsync(1348)) - s1@group-4CF2EC507520: receive setConfiguration SetConfigurationRequest:client-9E894F3AA110->s1@group-4CF2EC507520, cid=2065, seq=null, RW, null, SET_UNCONDITIONALLY, servers:[s11, s10, s7, s13, s8, s12, s9, s0, s1], listeners:[]
2024-12-25 19:03:56,195 INFO  server.RaftServer$Division (RaftServerImpl.java:setConfigurationAsync(1348)) - s8@group-4CF2EC507520: receive setConfiguration SetConfigurationRequest:client-9E894F3AA110->s8@group-4CF2EC507520, cid=2065, seq=null, RW, null, SET_UNCONDITIONALLY, servers:[s11, s10, s7, s13, s8, s12, s9, s0, s1], listeners:[]
2024-12-25 19:03:56,296 INFO  server.RaftServer$Division (RaftServerImpl.java:setConfigurationAsync(1348)) - s7@group-4CF2EC507520: receive setConfiguration SetConfigurationRequest:client-9E894F3AA110->s7@group-4CF2EC507520, cid=2065, seq=null, RW, null, SET_UNCONDITIONALLY, servers:[s11, s10, s7, s13, s8, s12, s9, s0, s1], listeners:[]
2024-12-25 19:03:56,397 INFO  server.RaftServer$Division (RaftServerImpl.java:setConfigurationAsync(1348)) - s8@group-4CF2EC507520: receive setConfiguration SetConfigurationRequest:client-9E894F3AA110->s8@group-4CF2EC507520, cid=2065, seq=null, RW, null, SET_UNCONDITIONALLY, servers:[s11, s10, s7, s13, s8, s12, s9, s0, s1], listeners:[]
2024-12-25 19:03:56,497 INFO  server.RaftServer$Division (RaftServerImpl.java:setConfigurationAsync(1348)) - s7@group-4CF2EC507520: receive setConfiguration SetConfigurationRequest:client-9E894F3AA110->s7@group-4CF2EC507520, cid=2065, seq=null, RW, null, SET_UNCONDITIONALLY, servers:[s11, s10, s7, s13, s8, s12, s9, s0, s1], listeners:[]
2024-12-25 19:03:56,598 INFO  server.RaftServer$Division (RaftServerImpl.java:setConfigurationAsync(1348)) - s1@group-4CF2EC507520: receive setConfiguration SetConfigurationRequest:client-9E894F3AA110->s1@group-4CF2EC507520, cid=2065, seq=null, RW, null, SET_UNCONDITIONALLY, servers:[s11, s10, s7, s13, s8, s12, s9, s0, s1], listeners:[]
2024-12-25 19:03:56,698 INFO  server.RaftServer$Division (RaftServerImpl.java:setConfigurationAsync(1348)) - s9@group-4CF2EC507520: receive setConfiguration SetConfigurationRequest:client-9E894F3AA110->s9@group-4CF2EC507520, cid=2065, seq=null, RW, null, SET_UNCONDITIONALLY, servers:[s11, s10, s7, s13, s8, s12, s9, s0, s1], listeners:[]
2024-12-25 19:03:56,799 INFO  server.RaftServer$Division (RaftServerImpl.java:setConfigurationAsync(1348)) - s7@group-4CF2EC507520: receive setConfiguration SetConfigurationRequest:client-9E894F3AA110->s7@group-4CF2EC507520, cid=2065, seq=null, RW, null, SET_UNCONDITIONALLY, servers:[s11, s10, s7, s13, s8, s12, s9, s0, s1], listeners:[]
2024-12-25 19:03:56,899 INFO  server.RaftServer$Division (RaftServerImpl.java:setConfigurationAsync(1348)) - s1@group-4CF2EC507520: receive setConfiguration SetConfigurationRequest:client-9E894F3AA110->s1@group-4CF2EC507520, cid=2065, seq=null, RW, null, SET_UNCONDITIONALLY, servers:[s11, s10, s7, s13, s8, s12, s9, s0, s1], listeners:[]
2024-12-25 19:03:57,000 INFO  server.RaftServer$Division (RaftServerImpl.java:setConfigurationAsync(1348)) - s9@group-4CF2EC507520: receive setConfiguration SetConfigurationRequest:client-9E894F3AA110->s9@group-4CF2EC507520, cid=2065, seq=null, RW, null, SET_UNCONDITIONALLY, servers:[s11, s10, s7, s13, s8, s12, s9, s0, s1], listeners:[]
2024-12-25 19:03:57,058 INFO  impl.MiniRaftCluster (MiniRaftCluster.java:lambda$null$7(362)) - TIMED-PRINT: printing ALL groups
  s3:  RUNNING [
   FOLLOWER s3@group-4CF2EC507520:t0, leader=null, voted=, raftlog=Memoized:s3@group-4CF2EC507520-SegmentedRaftLog:OPENED:c-1:lastnull, conf=conf: {index: -1, cur=peers:[]|listeners:[], old=null} STARTING
   FOLLOWER s3@group-6AB839334A82:t0, leader=null, voted=, raftlog=Memoized:s3@group-6AB839334A82-SegmentedRaftLog:OPENED:c-1:lastnull, conf=conf: {index: -1, cur=peers:[]|listeners:[], old=null} STARTING] size=2
  s4:  RUNNING [
   FOLLOWER s4@group-4CF2EC507520:t0, leader=null, voted=, raftlog=Memoized:s4@group-4CF2EC507520-SegmentedRaftLog:OPENED:c-1:lastnull, conf=conf: {index: -1, cur=peers:[]|listeners:[], old=null} STARTING
   FOLLOWER s4@group-6AB839334A82:t0, leader=null, voted=, raftlog=Memoized:s4@group-6AB839334A82-SegmentedRaftLog:OPENED:c-1:lastnull, conf=conf: {index: -1, cur=peers:[]|listeners:[], old=null} STARTING] size=2
  s5:  RUNNING [
   FOLLOWER s5@group-4CF2EC507520:t0, leader=null, voted=, raftlog=Memoized:s5@group-4CF2EC507520-SegmentedRaftLog:OPENED:c-1:lastnull, conf=conf: {index: -1, cur=peers:[]|listeners:[], old=null} STARTING
   FOLLOWER s5@group-6AB839334A82:t0, leader=null, voted=, raftlog=Memoized:s5@group-6AB839334A82-SegmentedRaftLog:OPENED:c-1:lastnull, conf=conf: {index: -1, cur=peers:[]|listeners:[], old=null} STARTING] size=2
  s6:  RUNNING [
   FOLLOWER s6@group-4CF2EC507520:t0, leader=null, voted=, raftlog=Memoized:s6@group-4CF2EC507520-SegmentedRaftLog:OPENED:c-1:lastnull, conf=conf: {index: -1, cur=peers:[]|listeners:[], old=null} STARTING
   FOLLOWER s6@group-6AB839334A82:t0, leader=null, voted=, raftlog=Memoized:s6@group-6AB839334A82-SegmentedRaftLog:OPENED:c-1:lastnull, conf=conf: {index: -1, cur=peers:[]|listeners:[], old=null} STARTING] size=2
  s7:  RUNNING [
     LEADER s7@group-4CF2EC507520:t1, leader=s7, voted=s7, raftlog=Memoized:s7@group-4CF2EC507520-SegmentedRaftLog:OPENED:c123:last(t:1, i:124), conf=conf: {index: 123, cur=peers:[s7, s8, s9, s0, s1]|listeners:[], old=null} RUNNING
   FOLLOWER s7@group-6AB839334A82:t0, leader=null, voted=, raftlog=Memoized:s7@group-6AB839334A82-SegmentedRaftLog:OPENED:c-1:lastnull, conf=conf: {index: -1, cur=peers:[]|listeners:[], old=null} STARTING] size=2
  s8:  RUNNING [
   FOLLOWER s8@group-4CF2EC507520:t1, leader=s7, voted=s7, raftlog=Memoized:s8@group-4CF2EC507520-SegmentedRaftLog:OPENED:c123:last(t:1, i:124), conf=conf: {index: 123, cur=peers:[s7|, s8|, s9|, s0|, s1|]|listeners:[], old=null} RUNNING
   FOLLOWER s8@group-6AB839334A82:t0, leader=null, voted=, raftlog=Memoized:s8@group-6AB839334A82-SegmentedRaftLog:OPENED:c-1:lastnull, conf=conf: {index: -1, cur=peers:[]|listeners:[], old=null} STARTING] size=2
  s9:  RUNNING [
   FOLLOWER s9@group-4CF2EC507520:t1, leader=s7, voted=s7, raftlog=Memoized:s9@group-4CF2EC507520-SegmentedRaftLog:OPENED:c123:last(t:1, i:124), conf=conf: {index: 123, cur=peers:[s7|, s8|, s9|, s0|, s1|]|listeners:[], old=null} RUNNING
   FOLLOWER s9@group-6AB839334A82:t0, leader=null, voted=, raftlog=Memoized:s9@group-6AB839334A82-SegmentedRaftLog:OPENED:c-1:lastnull, conf=conf: {index: -1, cur=peers:[]|listeners:[], old=null} STARTING] size=2
  s11:  RUNNING [
   FOLLOWER s11@group-4CF2EC507520:t1, leader=s7, voted=null, raftlog=Memoized:s11@group-4CF2EC507520-SegmentedRaftLog:OPENED:c123:last(t:1, i:124), conf=conf: {index: 123, cur=peers:[s7|, s8|, s9|, s0|, s1|]|listeners:[], old=null} STARTING
   FOLLOWER s11@group-6AB839334A82:t0, leader=null, voted=, raftlog=Memoized:s11@group-6AB839334A82-SegmentedRaftLog:OPENED:c-1:lastnull, conf=conf: {index: -1, cur=peers:[]|listeners:[], old=null} STARTING] size=2
  s10:  RUNNING [
   FOLLOWER s10@group-4CF2EC507520:t1, leader=s7, voted=null, raftlog=Memoized:s10@group-4CF2EC507520-SegmentedRaftLog:OPENED:c123:last(t:1, i:124), conf=conf: {index: 123, cur=peers:[s7|, s8|, s9|, s0|, s1|]|listeners:[], old=null} STARTING
   FOLLOWER s10@group-6AB839334A82:t0, leader=null, voted=, raftlog=Memoized:s10@group-6AB839334A82-SegmentedRaftLog:OPENED:c-1:lastnull, conf=conf: {index: -1, cur=peers:[]|listeners:[], old=null} STARTING] size=2
  s13:  RUNNING [
   FOLLOWER s13@group-4CF2EC507520:t1, leader=s7, voted=null, raftlog=Memoized:s13@group-4CF2EC507520-SegmentedRaftLog:OPENED:c123:last(t:1, i:124), conf=conf: {index: 123, cur=peers:[s7|, s8|, s9|, s0|, s1|]|listeners:[], old=null} STARTING
   FOLLOWER s13@group-6AB839334A82:t0, leader=null, voted=, raftlog=Memoized:s13@group-6AB839334A82-SegmentedRaftLog:OPENED:c-1:lastnull, conf=conf: {index: -1, cur=peers:[]|listeners:[], old=null} STARTING] size=2
  s12:  RUNNING [
   FOLLOWER s12@group-4CF2EC507520:t1, leader=s7, voted=null, raftlog=Memoized:s12@group-4CF2EC507520-SegmentedRaftLog:OPENED:c123:last(t:1, i:124), conf=conf: {index: 123, cur=peers:[s7|, s8|, s9|, s0|, s1|]|listeners:[], old=null} STARTING
   FOLLOWER s12@group-6AB839334A82:t0, leader=null, voted=, raftlog=Memoized:s12@group-6AB839334A82-SegmentedRaftLog:OPENED:c-1:lastnull, conf=conf: {index: -1, cur=peers:[]|listeners:[], old=null} STARTING] size=2
  s14:  RUNNING [
   FOLLOWER s14@group-4CF2EC507520:t0, leader=null, voted=, raftlog=Memoized:s14@group-4CF2EC507520-SegmentedRaftLog:OPENED:c-1:lastnull, conf=conf: {index: -1, cur=peers:[]|listeners:[], old=null} STARTING
   FOLLOWER s14@group-6AB839334A82:t0, leader=null, voted=, raftlog=Memoized:s14@group-6AB839334A82-SegmentedRaftLog:OPENED:c-1:lastnull, conf=conf: {index: -1, cur=peers:[]|listeners:[], old=null} STARTING] size=2
  s0:  RUNNING [
   FOLLOWER s0@group-4CF2EC507520:t1, leader=s7, voted=null, raftlog=Memoized:s0@group-4CF2EC507520-SegmentedRaftLog:OPENED:c123:last(t:1, i:124), conf=conf: {index: 123, cur=peers:[s7|, s8|, s9|, s0|, s1|]|listeners:[], old=null} STARTING
   FOLLOWER s0@group-6AB839334A82:t0, leader=null, voted=, raftlog=Memoized:s0@group-6AB839334A82-SegmentedRaftLog:OPENED:c-1:lastnull, conf=conf: {index: -1, cur=peers:[]|listeners:[], old=null} STARTING] size=2
  s1:  RUNNING [
   FOLLOWER s1@group-4CF2EC507520:t1, leader=s7, voted=null, raftlog=Memoized:s1@group-4CF2EC507520-SegmentedRaftLog:OPENED:c123:last(t:1, i:124), conf=conf: {index: 123, cur=peers:[s7|, s8|, s9|, s0|, s1|]|listeners:[], old=null} STARTING
   FOLLOWER s1@group-6AB839334A82:t0, leader=null, voted=, raftlog=Memoized:s1@group-6AB839334A82-SegmentedRaftLog:OPENED:c-1:lastnull, conf=conf: {index: -1, cur=peers:[]|listeners:[], old=null} STARTING] size=2
  s2:  RUNNING [
   FOLLOWER s2@group-4CF2EC507520:t0, leader=null, voted=, raftlog=Memoized:s2@group-4CF2EC507520-SegmentedRaftLog:OPENED:c-1:lastnull, conf=conf: {index: -1, cur=peers:[]|listeners:[], old=null} STARTING
   FOLLOWER s2@group-6AB839334A82:t0, leader=null, voted=, raftlog=Memoized:s2@group-6AB839334A82-SegmentedRaftLog:OPENED:c-1:lastnull, conf=conf: {index: -1, cur=peers:[]|listeners:[], old=null} STARTING] size=2
2024-12-25 19:03:57,100 INFO  server.RaftServer$Division (RaftServerImpl.java:setConfigurationAsync(1348)) - s7@group-4CF2EC507520: receive setConfiguration SetConfigurationRequest:client-9E894F3AA110->s7@group-4CF2EC507520, cid=2065, seq=null, RW, null, SET_UNCONDITIONALLY, servers:[s11, s10, s7, s13, s8, s12, s9, s0, s1], listeners:[]
2024-12-25 19:03:57,201 INFO  server.RaftServer$Division (RaftServerImpl.java:setConfigurationAsync(1348)) - s1@group-4CF2EC507520: receive setConfiguration SetConfigurationRequest:client-9E894F3AA110->s1@group-4CF2EC507520, cid=2065, seq=null, RW, null, SET_UNCONDITIONALLY, servers:[s11, s10, s7, s13, s8, s12, s9, s0, s1], listeners:[]
2024-12-25 19:03:57,301 INFO  server.RaftServer$Division (RaftServerImpl.java:setConfigurationAsync(1348)) - s8@group-4CF2EC507520: receive setConfiguration SetConfigurationRequest:client-9E894F3AA110->s8@group-4CF2EC507520, cid=2065, seq=null, RW, null, SET_UNCONDITIONALLY, servers:[s11, s10, s7, s13, s8, s12, s9, s0, s1], listeners:[]
2024-12-25 19:03:57,402 INFO  server.RaftServer$Division (RaftServerImpl.java:setConfigurationAsync(1348)) - s7@group-4CF2EC507520: receive setConfiguration SetConfigurationRequest:client-9E894F3AA110->s7@group-4CF2EC507520, cid=2065, seq=null, RW, null, SET_UNCONDITIONALLY, servers:[s11, s10, s7, s13, s8, s12, s9, s0, s1], listeners:[]
2024-12-25 19:03:57,502 INFO  server.RaftServer$Division (RaftServerImpl.java:setConfigurationAsync(1348)) - s1@group-4CF2EC507520: receive setConfiguration SetConfigurationRequest:client-9E894F3AA110->s1@group-4CF2EC507520, cid=2065, seq=null, RW, null, SET_UNCONDITIONALLY, servers:[s11, s10, s7, s13, s8, s12, s9, s0, s1], listeners:[]
2024-12-25 19:03:57,603 INFO  server.RaftServer$Division (RaftServerImpl.java:setConfigurationAsync(1348)) - s9@group-4CF2EC507520: receive setConfiguration SetConfigurationRequest:client-9E894F3AA110->s9@group-4CF2EC507520, cid=2065, seq=null, RW, null, SET_UNCONDITIONALLY, servers:[s11, s10, s7, s13, s8, s12, s9, s0, s1], listeners:[]
2024-12-25 19:03:57,703 INFO  server.RaftServer$Division (RaftServerImpl.java:setConfigurationAsync(1348)) - s7@group-4CF2EC507520: receive setConfiguration SetConfigurationRequest:client-9E894F3AA110->s7@group-4CF2EC507520, cid=2065, seq=null, RW, null, SET_UNCONDITIONALLY, servers:[s11, s10, s7, s13, s8, s12, s9, s0, s1], listeners:[]
2024-12-25 19:03:57,804 INFO  server.RaftServer$Division (RaftServerImpl.java:setConfigurationAsync(1348)) - s0@group-4CF2EC507520: receive setConfiguration SetConfigurationRequest:client-9E894F3AA110->s0@group-4CF2EC507520, cid=2065, seq=null, RW, null, SET_UNCONDITIONALLY, servers:[s11, s10, s7, s13, s8, s12, s9, s0, s1], listeners:[]
2024-12-25 19:03:57,905 INFO  server.RaftServer$Division (RaftServerImpl.java:setConfigurationAsync(1348)) - s1@group-4CF2EC507520: receive setConfiguration SetConfigurationRequest:client-9E894F3AA110->s1@group-4CF2EC507520, cid=2065, seq=null, RW, null, SET_UNCONDITIONALLY, servers:[s11, s10, s7, s13, s8, s12, s9, s0, s1], listeners:[]
2024-12-25 19:03:58,005 INFO  server.RaftServer$Division (RaftServerImpl.java:setConfigurationAsync(1348)) - s8@group-4CF2EC507520: receive setConfiguration SetConfigurationRequest:client-9E894F3AA110->s8@group-4CF2EC507520, cid=2065, seq=null, RW, null, SET_UNCONDITIONALLY, servers:[s11, s10, s7, s13, s8, s12, s9, s0, s1], listeners:[]
2024-12-25 19:03:58,106 INFO  server.RaftServer$Division (RaftServerImpl.java:setConfigurationAsync(1348)) - s7@group-4CF2EC507520: receive setConfiguration SetConfigurationRequest:client-9E894F3AA110->s7@group-4CF2EC507520, cid=2065, seq=null, RW, null, SET_UNCONDITIONALLY, servers:[s11, s10, s7, s13, s8, s12, s9, s0, s1], listeners:[]
2024-12-25 19:03:58,206 INFO  server.RaftServer$Division (RaftServerImpl.java:setConfigurationAsync(1348)) - s0@group-4CF2EC507520: receive setConfiguration SetConfigurationRequest:client-9E894F3AA110->s0@group-4CF2EC507520, cid=2065, seq=null, RW, null, SET_UNCONDITIONALLY, servers:[s11, s10, s7, s13, s8, s12, s9, s0, s1], listeners:[]
2024-12-25 19:03:58,307 INFO  server.RaftServer$Division (RaftServerImpl.java:setConfigurationAsync(1348)) - s8@group-4CF2EC507520: receive setConfiguration SetConfigurationRequest:client-9E894F3AA110->s8@group-4CF2EC507520, cid=2065, seq=null, RW, null, SET_UNCONDITIONALLY, servers:[s11, s10, s7, s13, s8, s12, s9, s0, s1], listeners:[]
2024-12-25 19:03:58,407 INFO  server.RaftServer$Division (RaftServerImpl.java:setConfigurationAsync(1348)) - s7@group-4CF2EC507520: receive setConfiguration SetConfigurationRequest:client-9E894F3AA110->s7@group-4CF2EC507520, cid=2065, seq=null, RW, null, SET_UNCONDITIONALLY, servers:[s11, s10, s7, s13, s8, s12, s9, s0, s1], listeners:[]
2024-12-25 19:03:58,508 INFO  server.RaftServer$Division (RaftServerImpl.java:setConfigurationAsync(1348)) - s0@group-4CF2EC507520: receive setConfiguration SetConfigurationRequest:client-9E894F3AA110->s0@group-4CF2EC507520, cid=2065, seq=null, RW, null, SET_UNCONDITIONALLY, servers:[s11, s10, s7, s13, s8, s12, s9, s0, s1], listeners:[]
2024-12-25 19:03:58,608 INFO  server.RaftServer$Division (RaftServerImpl.java:setConfigurationAsync(1348)) - s7@group-4CF2EC507520: receive setConfiguration SetConfigurationRequest:client-9E894F3AA110->s7@group-4CF2EC507520, cid=2065, seq=null, RW, null, SET_UNCONDITIONALLY, servers:[s11, s10, s7, s13, s8, s12, s9, s0, s1], listeners:[]
2024-12-25 19:03:58,709 INFO  server.RaftServer$Division (RaftServerImpl.java:setConfigurationAsync(1348)) - s1@group-4CF2EC507520: receive setConfiguration SetConfigurationRequest:client-9E894F3AA110->s1@group-4CF2EC507520, cid=2065, seq=null, RW, null, SET_UNCONDITIONALLY, servers:[s11, s10, s7, s13, s8, s12, s9, s0, s1], listeners:[]
2024-12-25 19:03:58,810 INFO  server.RaftServer$Division (RaftServerImpl.java:setConfigurationAsync(1348)) - s9@group-4CF2EC507520: receive setConfiguration SetConfigurationRequest:client-9E894F3AA110->s9@group-4CF2EC507520, cid=2065, seq=null, RW, null, SET_UNCONDITIONALLY, servers:[s11, s10, s7, s13, s8, s12, s9, s0, s1], listeners:[]
2024-12-25 19:03:58,910 INFO  server.RaftServer$Division (RaftServerImpl.java:setConfigurationAsync(1348)) - s7@group-4CF2EC507520: receive setConfiguration SetConfigurationRequest:client-9E894F3AA110->s7@group-4CF2EC507520, cid=2065, seq=null, RW, null, SET_UNCONDITIONALLY, servers:[s11, s10, s7, s13, s8, s12, s9, s0, s1], listeners:[]
2024-12-25 19:03:59,011 INFO  server.RaftServer$Division (RaftServerImpl.java:setConfigurationAsync(1348)) - s9@group-4CF2EC507520: receive setConfiguration SetConfigurationRequest:client-9E894F3AA110->s9@group-4CF2EC507520, cid=2065, seq=null, RW, null, SET_UNCONDITIONALLY, servers:[s11, s10, s7, s13, s8, s12, s9, s0, s1], listeners:[]
2024-12-25 19:03:59,111 INFO  server.RaftServer$Division (RaftServerImpl.java:setConfigurationAsync(1348)) - s7@group-4CF2EC507520: receive setConfiguration SetConfigurationRequest:client-9E894F3AA110->s7@group-4CF2EC507520, cid=2065, seq=null, RW, null, SET_UNCONDITIONALLY, servers:[s11, s10, s7, s13, s8, s12, s9, s0, s1], listeners:[]
2024-12-25 19:03:59,212 INFO  server.RaftServer$Division (RaftServerImpl.java:setConfigurationAsync(1348)) - s9@group-4CF2EC507520: receive setConfiguration SetConfigurationRequest:client-9E894F3AA110->s9@group-4CF2EC507520, cid=2065, seq=null, RW, null, SET_UNCONDITIONALLY, servers:[s11, s10, s7, s13, s8, s12, s9, s0, s1], listeners:[]
2024-12-25 19:03:59,312 INFO  server.RaftServer$Division (RaftServerImpl.java:setConfigurationAsync(1348)) - s7@group-4CF2EC507520: receive setConfiguration SetConfigurationRequest:client-9E894F3AA110->s7@group-4CF2EC507520, cid=2065, seq=null, RW, null, SET_UNCONDITIONALLY, servers:[s11, s10, s7, s13, s8, s12, s9, s0, s1], listeners:[]
2024-12-25 19:03:59,413 INFO  server.RaftServer$Division (RaftServerImpl.java:setConfigurationAsync(1348)) - s8@group-4CF2EC507520: receive setConfiguration SetConfigurationRequest:client-9E894F3AA110->s8@group-4CF2EC507520, cid=2065, seq=null, RW, null, SET_UNCONDITIONALLY, servers:[s11, s10, s7, s13, s8, s12, s9, s0, s1], listeners:[]
2024-12-25 19:03:59,513 INFO  server.RaftServer$Division (RaftServerImpl.java:setConfigurationAsync(1348)) - s7@group-4CF2EC507520: receive setConfiguration SetConfigurationRequest:client-9E894F3AA110->s7@group-4CF2EC507520, cid=2065, seq=null, RW, null, SET_UNCONDITIONALLY, servers:[s11, s10, s7, s13, s8, s12, s9, s0, s1], listeners:[]
2024-12-25 19:03:59,614 INFO  server.RaftServer$Division (RaftServerImpl.java:setConfigurationAsync(1348)) - s8@group-4CF2EC507520: receive setConfiguration SetConfigurationRequest:client-9E894F3AA110->s8@group-4CF2EC507520, cid=2065, seq=null, RW, null, SET_UNCONDITIONALLY, servers:[s11, s10, s7, s13, s8, s12, s9, s0, s1], listeners:[]
2024-12-25 19:03:59,714 INFO  server.RaftServer$Division (RaftServerImpl.java:setConfigurationAsync(1348)) - s7@group-4CF2EC507520: receive setConfiguration SetConfigurationRequest:client-9E894F3AA110->s7@group-4CF2EC507520, cid=2065, seq=null, RW, null, SET_UNCONDITIONALLY, servers:[s11, s10, s7, s13, s8, s12, s9, s0, s1], listeners:[]
2024-12-25 19:03:59,815 INFO  server.RaftServer$Division (RaftServerImpl.java:setConfigurationAsync(1348)) - s9@group-4CF2EC507520: receive setConfiguration SetConfigurationRequest:client-9E894F3AA110->s9@group-4CF2EC507520, cid=2065, seq=null, RW, null, SET_UNCONDITIONALLY, servers:[s11, s10, s7, s13, s8, s12, s9, s0, s1], listeners:[]
2024-12-25 19:03:59,915 INFO  server.RaftServer$Division (RaftServerImpl.java:setConfigurationAsync(1348)) - s7@group-4CF2EC507520: receive setConfiguration SetConfigurationRequest:client-9E894F3AA110->s7@group-4CF2EC507520, cid=2065, seq=null, RW, null, SET_UNCONDITIONALLY, servers:[s11, s10, s7, s13, s8, s12, s9, s0, s1], listeners:[]
2024-12-25 19:04:00,016 INFO  server.RaftServer$Division (RaftServerImpl.java:setConfigurationAsync(1348)) - s1@group-4CF2EC507520: receive setConfiguration SetConfigurationRequest:client-9E894F3AA110->s1@group-4CF2EC507520, cid=2065, seq=null, RW, null, SET_UNCONDITIONALLY, servers:[s11, s10, s7, s13, s8, s12, s9, s0, s1], listeners:[]
2024-12-25 19:04:00,116 INFO  server.RaftServer$Division (RaftServerImpl.java:setConfigurationAsync(1348)) - s0@group-4CF2EC507520: receive setConfiguration SetConfigurationRequest:client-9E894F3AA110->s0@group-4CF2EC507520, cid=2065, seq=null, RW, null, SET_UNCONDITIONALLY, servers:[s11, s10, s7, s13, s8, s12, s9, s0, s1], listeners:[]
2024-12-25 19:04:00,217 INFO  server.RaftServer$Division (RaftServerImpl.java:setConfigurationAsync(1348)) - s1@group-4CF2EC507520: receive setConfiguration SetConfigurationRequest:client-9E894F3AA110->s1@group-4CF2EC507520, cid=2065, seq=null, RW, null, SET_UNCONDITIONALLY, servers:[s11, s10, s7, s13, s8, s12, s9, s0, s1], listeners:[]
2024-12-25 19:04:00,318 INFO  server.RaftServer$Division (RaftServerImpl.java:setConfigurationAsync(1348)) - s9@group-4CF2EC507520: receive setConfiguration SetConfigurationRequest:client-9E894F3AA110->s9@group-4CF2EC507520, cid=2065, seq=null, RW, null, SET_UNCONDITIONALLY, servers:[s11, s10, s7, s13, s8, s12, s9, s0, s1], listeners:[]
2024-12-25 19:04:00,418 INFO  server.RaftServer$Division (RaftServerImpl.java:setConfigurationAsync(1348)) - s7@group-4CF2EC507520: receive setConfiguration SetConfigurationRequest:client-9E894F3AA110->s7@group-4CF2EC507520, cid=2065, seq=null, RW, null, SET_UNCONDITIONALLY, servers:[s11, s10, s7, s13, s8, s12, s9, s0, s1], listeners:[]
2024-12-25 19:04:00,518 INFO  server.RaftServer$Division (RaftServerImpl.java:setConfigurationAsync(1348)) - s8@group-4CF2EC507520: receive setConfiguration SetConfigurationRequest:client-9E894F3AA110->s8@group-4CF2EC507520, cid=2065, seq=null, RW, null, SET_UNCONDITIONALLY, servers:[s11, s10, s7, s13, s8, s12, s9, s0, s1], listeners:[]
2024-12-25 19:04:00,619 INFO  server.RaftServer$Division (RaftServerImpl.java:setConfigurationAsync(1348)) - s7@group-4CF2EC507520: receive setConfiguration SetConfigurationRequest:client-9E894F3AA110->s7@group-4CF2EC507520, cid=2065, seq=null, RW, null, SET_UNCONDITIONALLY, servers:[s11, s10, s7, s13, s8, s12, s9, s0, s1], listeners:[]
2024-12-25 19:04:00,719 INFO  server.RaftServer$Division (RaftServerImpl.java:setConfigurationAsync(1348)) - s0@group-4CF2EC507520: receive setConfiguration SetConfigurationRequest:client-9E894F3AA110->s0@group-4CF2EC507520, cid=2065, seq=null, RW, null, SET_UNCONDITIONALLY, servers:[s11, s10, s7, s13, s8, s12, s9, s0, s1], listeners:[]
2024-12-25 19:04:00,820 INFO  server.RaftServer$Division (RaftServerImpl.java:setConfigurationAsync(1348)) - s1@group-4CF2EC507520: receive setConfiguration SetConfigurationRequest:client-9E894F3AA110->s1@group-4CF2EC507520, cid=2065, seq=null, RW, null, SET_UNCONDITIONALLY, servers:[s11, s10, s7, s13, s8, s12, s9, s0, s1], listeners:[]
2024-12-25 19:04:00,920 INFO  server.RaftServer$Division (RaftServerImpl.java:setConfigurationAsync(1348)) - s7@group-4CF2EC507520: receive setConfiguration SetConfigurationRequest:client-9E894F3AA110->s7@group-4CF2EC507520, cid=2065, seq=null, RW, null, SET_UNCONDITIONALLY, servers:[s11, s10, s7, s13, s8, s12, s9, s0, s1], listeners:[]
2024-12-25 19:04:01,021 INFO  server.RaftServer$Division (RaftServerImpl.java:setConfigurationAsync(1348)) - s0@group-4CF2EC507520: receive setConfiguration SetConfigurationRequest:client-9E894F3AA110->s0@group-4CF2EC507520, cid=2065, seq=null, RW, null, SET_UNCONDITIONALLY, servers:[s11, s10, s7, s13, s8, s12, s9, s0, s1], listeners:[]
2024-12-25 19:04:01,122 INFO  server.RaftServer$Division (RaftServerImpl.java:setConfigurationAsync(1348)) - s1@group-4CF2EC507520: receive setConfiguration SetConfigurationRequest:client-9E894F3AA110->s1@group-4CF2EC507520, cid=2065, seq=null, RW, null, SET_UNCONDITIONALLY, servers:[s11, s10, s7, s13, s8, s12, s9, s0, s1], listeners:[]
2024-12-25 19:04:01,222 INFO  server.RaftServer$Division (RaftServerImpl.java:setConfigurationAsync(1348)) - s9@group-4CF2EC507520: receive setConfiguration SetConfigurationRequest:client-9E894F3AA110->s9@group-4CF2EC507520, cid=2065, seq=null, RW, null, SET_UNCONDITIONALLY, servers:[s11, s10, s7, s13, s8, s12, s9, s0, s1], listeners:[]
2024-12-25 19:04:01,323 INFO  server.RaftServer$Division (RaftServerImpl.java:setConfigurationAsync(1348)) - s7@group-4CF2EC507520: receive setConfiguration SetConfigurationRequest:client-9E894F3AA110->s7@group-4CF2EC507520, cid=2065, seq=null, RW, null, SET_UNCONDITIONALLY, servers:[s11, s10, s7, s13, s8, s12, s9, s0, s1], listeners:[]
2024-12-25 19:04:01,423 INFO  server.RaftServer$Division (RaftServerImpl.java:setConfigurationAsync(1348)) - s8@group-4CF2EC507520: receive setConfiguration SetConfigurationRequest:client-9E894F3AA110->s8@group-4CF2EC507520, cid=2065, seq=null, RW, null, SET_UNCONDITIONALLY, servers:[s11, s10, s7, s13, s8, s12, s9, s0, s1], listeners:[]
2024-12-25 19:04:01,524 INFO  server.RaftServer$Division (RaftServerImpl.java:setConfigurationAsync(1348)) - s7@group-4CF2EC507520: receive setConfiguration SetConfigurationRequest:client-9E894F3AA110->s7@group-4CF2EC507520, cid=2065, seq=null, RW, null, SET_UNCONDITIONALLY, servers:[s11, s10, s7, s13, s8, s12, s9, s0, s1], listeners:[]
2024-12-25 19:04:01,624 INFO  server.RaftServer$Division (RaftServerImpl.java:setConfigurationAsync(1348)) - s0@group-4CF2EC507520: receive setConfiguration SetConfigurationRequest:client-9E894F3AA110->s0@group-4CF2EC507520, cid=2065, seq=null, RW, null, SET_UNCONDITIONALLY, servers:[s11, s10, s7, s13, s8, s12, s9, s0, s1], listeners:[]
2024-12-25 19:04:01,725 INFO  server.RaftServer$Division (RaftServerImpl.java:setConfigurationAsync(1348)) - s7@group-4CF2EC507520: receive setConfiguration SetConfigurationRequest:client-9E894F3AA110->s7@group-4CF2EC507520, cid=2065, seq=null, RW, null, SET_UNCONDITIONALLY, servers:[s11, s10, s7, s13, s8, s12, s9, s0, s1], listeners:[]
2024-12-25 19:04:01,826 INFO  server.RaftServer$Division (RaftServerImpl.java:setConfigurationAsync(1348)) - s8@group-4CF2EC507520: receive setConfiguration SetConfigurationRequest:client-9E894F3AA110->s8@group-4CF2EC507520, cid=2065, seq=null, RW, null, SET_UNCONDITIONALLY, servers:[s11, s10, s7, s13, s8, s12, s9, s0, s1], listeners:[]
2024-12-25 19:04:01,926 INFO  server.RaftServer$Division (RaftServerImpl.java:setConfigurationAsync(1348)) - s7@group-4CF2EC507520: receive setConfiguration SetConfigurationRequest:client-9E894F3AA110->s7@group-4CF2EC507520, cid=2065, seq=null, RW, null, SET_UNCONDITIONALLY, servers:[s11, s10, s7, s13, s8, s12, s9, s0, s1], listeners:[]
2024-12-25 19:04:02,027 INFO  server.RaftServer$Division (RaftServerImpl.java:setConfigurationAsync(1348)) - s9@group-4CF2EC507520: receive setConfiguration SetConfigurationRequest:client-9E894F3AA110->s9@group-4CF2EC507520, cid=2065, seq=null, RW, null, SET_UNCONDITIONALLY, servers:[s11, s10, s7, s13, s8, s12, s9, s0, s1], listeners:[]
2024-12-25 19:04:02,127 INFO  server.RaftServer$Division (RaftServerImpl.java:setConfigurationAsync(1348)) - s7@group-4CF2EC507520: receive setConfiguration SetConfigurationRequest:client-9E894F3AA110->s7@group-4CF2EC507520, cid=2065, seq=null, RW, null, SET_UNCONDITIONALLY, servers:[s11, s10, s7, s13, s8, s12, s9, s0, s1], listeners:[]
2024-12-25 19:04:02,227 INFO  server.RaftServer$Division (RaftServerImpl.java:setConfigurationAsync(1348)) - s9@group-4CF2EC507520: receive setConfiguration SetConfigurationRequest:client-9E894F3AA110->s9@group-4CF2EC507520, cid=2065, seq=null, RW, null, SET_UNCONDITIONALLY, servers:[s11, s10, s7, s13, s8, s12, s9, s0, s1], listeners:[]
2024-12-25 19:04:02,328 INFO  server.RaftServer$Division (RaftServerImpl.java:setConfigurationAsync(1348)) - s7@group-4CF2EC507520: receive setConfiguration SetConfigurationRequest:client-9E894F3AA110->s7@group-4CF2EC507520, cid=2065, seq=null, RW, null, SET_UNCONDITIONALLY, servers:[s11, s10, s7, s13, s8, s12, s9, s0, s1], listeners:[]
2024-12-25 19:04:02,428 INFO  server.RaftServer$Division (RaftServerImpl.java:setConfigurationAsync(1348)) - s9@group-4CF2EC507520: receive setConfiguration SetConfigurationRequest:client-9E894F3AA110->s9@group-4CF2EC507520, cid=2065, seq=null, RW, null, SET_UNCONDITIONALLY, servers:[s11, s10, s7, s13, s8, s12, s9, s0, s1], listeners:[]
2024-12-25 19:04:02,528 INFO  server.RaftServer$Division (RaftServerImpl.java:setConfigurationAsync(1348)) - s7@group-4CF2EC507520: receive setConfiguration SetConfigurationRequest:client-9E894F3AA110->s7@group-4CF2EC507520, cid=2065, seq=null, RW, null, SET_UNCONDITIONALLY, servers:[s11, s10, s7, s13, s8, s12, s9, s0, s1], listeners:[]
2024-12-25 19:04:02,629 INFO  server.RaftServer$Division (RaftServerImpl.java:setConfigurationAsync(1348)) - s9@group-4CF2EC507520: receive setConfiguration SetConfigurationRequest:client-9E894F3AA110->s9@group-4CF2EC507520, cid=2065, seq=null, RW, null, SET_UNCONDITIONALLY, servers:[s11, s10, s7, s13, s8, s12, s9, s0, s1], listeners:[]
2024-12-25 19:04:02,729 INFO  server.RaftServer$Division (RaftServerImpl.java:setConfigurationAsync(1348)) - s7@group-4CF2EC507520: receive setConfiguration SetConfigurationRequest:client-9E894F3AA110->s7@group-4CF2EC507520, cid=2065, seq=null, RW, null, SET_UNCONDITIONALLY, servers:[s11, s10, s7, s13, s8, s12, s9, s0, s1], listeners:[]
2024-12-25 19:04:02,829 INFO  server.RaftServer$Division (RaftServerImpl.java:setConfigurationAsync(1348)) - s8@group-4CF2EC507520: receive setConfiguration SetConfigurationRequest:client-9E894F3AA110->s8@group-4CF2EC507520, cid=2065, seq=null, RW, null, SET_UNCONDITIONALLY, servers:[s11, s10, s7, s13, s8, s12, s9, s0, s1], listeners:[]
2024-12-25 19:04:02,930 INFO  server.RaftServer$Division (RaftServerImpl.java:setConfigurationAsync(1348)) - s7@group-4CF2EC507520: receive setConfiguration SetConfigurationRequest:client-9E894F3AA110->s7@group-4CF2EC507520, cid=2065, seq=null, RW, null, SET_UNCONDITIONALLY, servers:[s11, s10, s7, s13, s8, s12, s9, s0, s1], listeners:[]
2024-12-25 19:04:03,030 INFO  server.RaftServer$Division (RaftServerImpl.java:setConfigurationAsync(1348)) - s0@group-4CF2EC507520: receive setConfiguration SetConfigurationRequest:client-9E894F3AA110->s0@group-4CF2EC507520, cid=2065, seq=null, RW, null, SET_UNCONDITIONALLY, servers:[s11, s10, s7, s13, s8, s12, s9, s0, s1], listeners:[]
2024-12-25 19:04:03,130 INFO  server.RaftServer$Division (RaftServerImpl.java:setConfigurationAsync(1348)) - s8@group-4CF2EC507520: receive setConfiguration SetConfigurationRequest:client-9E894F3AA110->s8@group-4CF2EC507520, cid=2065, seq=null, RW, null, SET_UNCONDITIONALLY, servers:[s11, s10, s7, s13, s8, s12, s9, s0, s1], listeners:[]
2024-12-25 19:04:03,231 INFO  server.RaftServer$Division (RaftServerImpl.java:setConfigurationAsync(1348)) - s7@group-4CF2EC507520: receive setConfiguration SetConfigurationRequest:client-9E894F3AA110->s7@group-4CF2EC507520, cid=2065, seq=null, RW, null, SET_UNCONDITIONALLY, servers:[s11, s10, s7, s13, s8, s12, s9, s0, s1], listeners:[]
2024-12-25 19:04:03,331 INFO  server.RaftServer$Division (RaftServerImpl.java:setConfigurationAsync(1348)) - s8@group-4CF2EC507520: receive setConfiguration SetConfigurationRequest:client-9E894F3AA110->s8@group-4CF2EC507520, cid=2065, seq=null, RW, null, SET_UNCONDITIONALLY, servers:[s11, s10, s7, s13, s8, s12, s9, s0, s1], listeners:[]
2024-12-25 19:04:03,431 INFO  server.RaftServer$Division (RaftServerImpl.java:setConfigurationAsync(1348)) - s7@group-4CF2EC507520: receive setConfiguration SetConfigurationRequest:client-9E894F3AA110->s7@group-4CF2EC507520, cid=2065, seq=null, RW, null, SET_UNCONDITIONALLY, servers:[s11, s10, s7, s13, s8, s12, s9, s0, s1], listeners:[]
2024-12-25 19:04:03,532 INFO  server.RaftServer$Division (RaftServerImpl.java:setConfigurationAsync(1348)) - s8@group-4CF2EC507520: receive setConfiguration SetConfigurationRequest:client-9E894F3AA110->s8@group-4CF2EC507520, cid=2065, seq=null, RW, null, SET_UNCONDITIONALLY, servers:[s11, s10, s7, s13, s8, s12, s9, s0, s1], listeners:[]
2024-12-25 19:04:03,632 INFO  server.RaftServer$Division (RaftServerImpl.java:setConfigurationAsync(1348)) - s7@group-4CF2EC507520: receive setConfiguration SetConfigurationRequest:client-9E894F3AA110->s7@group-4CF2EC507520, cid=2065, seq=null, RW, null, SET_UNCONDITIONALLY, servers:[s11, s10, s7, s13, s8, s12, s9, s0, s1], listeners:[]
2024-12-25 19:04:03,732 INFO  server.RaftServer$Division (RaftServerImpl.java:setConfigurationAsync(1348)) - s9@group-4CF2EC507520: receive setConfiguration SetConfigurationRequest:client-9E894F3AA110->s9@group-4CF2EC507520, cid=2065, seq=null, RW, null, SET_UNCONDITIONALLY, servers:[s11, s10, s7, s13, s8, s12, s9, s0, s1], listeners:[]
2024-12-25 19:04:03,833 INFO  server.RaftServer$Division (RaftServerImpl.java:setConfigurationAsync(1348)) - s7@group-4CF2EC507520: receive setConfiguration SetConfigurationRequest:client-9E894F3AA110->s7@group-4CF2EC507520, cid=2065, seq=null, RW, null, SET_UNCONDITIONALLY, servers:[s11, s10, s7, s13, s8, s12, s9, s0, s1], listeners:[]
2024-12-25 19:04:03,933 INFO  server.RaftServer$Division (RaftServerImpl.java:setConfigurationAsync(1348)) - s1@group-4CF2EC507520: receive setConfiguration SetConfigurationRequest:client-9E894F3AA110->s1@group-4CF2EC507520, cid=2065, seq=null, RW, null, SET_UNCONDITIONALLY, servers:[s11, s10, s7, s13, s8, s12, s9, s0, s1], listeners:[]
2024-12-25 19:04:04,034 INFO  server.RaftServer$Division (RaftServerImpl.java:setConfigurationAsync(1348)) - s0@group-4CF2EC507520: receive setConfiguration SetConfigurationRequest:client-9E894F3AA110->s0@group-4CF2EC507520, cid=2065, seq=null, RW, null, SET_UNCONDITIONALLY, servers:[s11, s10, s7, s13, s8, s12, s9, s0, s1], listeners:[]
2024-12-25 19:04:04,134 INFO  server.RaftServer$Division (RaftServerImpl.java:setConfigurationAsync(1348)) - s8@group-4CF2EC507520: receive setConfiguration SetConfigurationRequest:client-9E894F3AA110->s8@group-4CF2EC507520, cid=2065, seq=null, RW, null, SET_UNCONDITIONALLY, servers:[s11, s10, s7, s13, s8, s12, s9, s0, s1], listeners:[]
2024-12-25 19:04:04,234 INFO  server.RaftServer$Division (RaftServerImpl.java:setConfigurationAsync(1348)) - s7@group-4CF2EC507520: receive setConfiguration SetConfigurationRequest:client-9E894F3AA110->s7@group-4CF2EC507520, cid=2065, seq=null, RW, null, SET_UNCONDITIONALLY, servers:[s11, s10, s7, s13, s8, s12, s9, s0, s1], listeners:[]
2024-12-25 19:04:04,335 INFO  server.RaftServer$Division (RaftServerImpl.java:setConfigurationAsync(1348)) - s0@group-4CF2EC507520: receive setConfiguration SetConfigurationRequest:client-9E894F3AA110->s0@group-4CF2EC507520, cid=2065, seq=null, RW, null, SET_UNCONDITIONALLY, servers:[s11, s10, s7, s13, s8, s12, s9, s0, s1], listeners:[]
2024-12-25 19:04:04,435 INFO  server.RaftServer$Division (RaftServerImpl.java:setConfigurationAsync(1348)) - s9@group-4CF2EC507520: receive setConfiguration SetConfigurationRequest:client-9E894F3AA110->s9@group-4CF2EC507520, cid=2065, seq=null, RW, null, SET_UNCONDITIONALLY, servers:[s11, s10, s7, s13, s8, s12, s9, s0, s1], listeners:[]
2024-12-25 19:04:04,535 INFO  server.RaftServer$Division (RaftServerImpl.java:setConfigurationAsync(1348)) - s7@group-4CF2EC507520: receive setConfiguration SetConfigurationRequest:client-9E894F3AA110->s7@group-4CF2EC507520, cid=2065, seq=null, RW, null, SET_UNCONDITIONALLY, servers:[s11, s10, s7, s13, s8, s12, s9, s0, s1], listeners:[]
2024-12-25 19:04:04,636 INFO  server.RaftServer$Division (RaftServerImpl.java:setConfigurationAsync(1348)) - s1@group-4CF2EC507520: receive setConfiguration SetConfigurationRequest:client-9E894F3AA110->s1@group-4CF2EC507520, cid=2065, seq=null, RW, null, SET_UNCONDITIONALLY, servers:[s11, s10, s7, s13, s8, s12, s9, s0, s1], listeners:[]
2024-12-25 19:04:04,736 INFO  server.RaftServer$Division (RaftServerImpl.java:setConfigurationAsync(1348)) - s0@group-4CF2EC507520: receive setConfiguration SetConfigurationRequest:client-9E894F3AA110->s0@group-4CF2EC507520, cid=2065, seq=null, RW, null, SET_UNCONDITIONALLY, servers:[s11, s10, s7, s13, s8, s12, s9, s0, s1], listeners:[]
2024-12-25 19:04:04,836 INFO  server.RaftServer$Division (RaftServerImpl.java:setConfigurationAsync(1348)) - s9@group-4CF2EC507520: receive setConfiguration SetConfigurationRequest:client-9E894F3AA110->s9@group-4CF2EC507520, cid=2065, seq=null, RW, null, SET_UNCONDITIONALLY, servers:[s11, s10, s7, s13, s8, s12, s9, s0, s1], listeners:[]
2024-12-25 19:04:04,937 INFO  server.RaftServer$Division (RaftServerImpl.java:setConfigurationAsync(1348)) - s7@group-4CF2EC507520: receive setConfiguration SetConfigurationRequest:client-9E894F3AA110->s7@group-4CF2EC507520, cid=2065, seq=null, RW, null, SET_UNCONDITIONALLY, servers:[s11, s10, s7, s13, s8, s12, s9, s0, s1], listeners:[]
2024-12-25 19:04:05,037 INFO  server.RaftServer$Division (RaftServerImpl.java:setConfigurationAsync(1348)) - s1@group-4CF2EC507520: receive setConfiguration SetConfigurationRequest:client-9E894F3AA110->s1@group-4CF2EC507520, cid=2065, seq=null, RW, null, SET_UNCONDITIONALLY, servers:[s11, s10, s7, s13, s8, s12, s9, s0, s1], listeners:[]
2024-12-25 19:04:05,137 INFO  server.RaftServer$Division (RaftServerImpl.java:setConfigurationAsync(1348)) - s7@group-4CF2EC507520: receive setConfiguration SetConfigurationRequest:client-9E894F3AA110->s7@group-4CF2EC507520, cid=2065, seq=null, RW, null, SET_UNCONDITIONALLY, servers:[s11, s10, s7, s13, s8, s12, s9, s0, s1], listeners:[]
2024-12-25 19:04:05,238 INFO  server.RaftServer$Division (RaftServerImpl.java:setConfigurationAsync(1348)) - s0@group-4CF2EC507520: receive setConfiguration SetConfigurationRequest:client-9E894F3AA110->s0@group-4CF2EC507520, cid=2065, seq=null, RW, null, SET_UNCONDITIONALLY, servers:[s11, s10, s7, s13, s8, s12, s9, s0, s1], listeners:[]
2024-12-25 19:04:05,338 INFO  server.RaftServer$Division (RaftServerImpl.java:setConfigurationAsync(1348)) - s7@group-4CF2EC507520: receive setConfiguration SetConfigurationRequest:client-9E894F3AA110->s7@group-4CF2EC507520, cid=2065, seq=null, RW, null, SET_UNCONDITIONALLY, servers:[s11, s10, s7, s13, s8, s12, s9, s0, s1], listeners:[]
2024-12-25 19:04:05,438 INFO  server.RaftServer$Division (RaftServerImpl.java:setConfigurationAsync(1348)) - s8@group-4CF2EC507520: receive setConfiguration SetConfigurationRequest:client-9E894F3AA110->s8@group-4CF2EC507520, cid=2065, seq=null, RW, null, SET_UNCONDITIONALLY, servers:[s11, s10, s7, s13, s8, s12, s9, s0, s1], listeners:[]
2024-12-25 19:04:05,539 INFO  server.RaftServer$Division (RaftServerImpl.java:setConfigurationAsync(1348)) - s7@group-4CF2EC507520: receive setConfiguration SetConfigurationRequest:client-9E894F3AA110->s7@group-4CF2EC507520, cid=2065, seq=null, RW, null, SET_UNCONDITIONALLY, servers:[s11, s10, s7, s13, s8, s12, s9, s0, s1], listeners:[]
2024-12-25 19:04:05,639 INFO  server.RaftServer$Division (RaftServerImpl.java:setConfigurationAsync(1348)) - s0@group-4CF2EC507520: receive setConfiguration SetConfigurationRequest:client-9E894F3AA110->s0@group-4CF2EC507520, cid=2065, seq=null, RW, null, SET_UNCONDITIONALLY, servers:[s11, s10, s7, s13, s8, s12, s9, s0, s1], listeners:[]
2024-12-25 19:04:05,739 INFO  server.RaftServer$Division (RaftServerImpl.java:setConfigurationAsync(1348)) - s7@group-4CF2EC507520: receive setConfiguration SetConfigurationRequest:client-9E894F3AA110->s7@group-4CF2EC507520, cid=2065, seq=null, RW, null, SET_UNCONDITIONALLY, servers:[s11, s10, s7, s13, s8, s12, s9, s0, s1], listeners:[]
2024-12-25 19:04:05,840 INFO  server.RaftServer$Division (RaftServerImpl.java:setConfigurationAsync(1348)) - s0@group-4CF2EC507520: receive setConfiguration SetConfigurationRequest:client-9E894F3AA110->s0@group-4CF2EC507520, cid=2065, seq=null, RW, null, SET_UNCONDITIONALLY, servers:[s11, s10, s7, s13, s8, s12, s9, s0, s1], listeners:[]
2024-12-25 19:04:05,940 INFO  server.RaftServer$Division (RaftServerImpl.java:setConfigurationAsync(1348)) - s1@group-4CF2EC507520: receive setConfiguration SetConfigurationRequest:client-9E894F3AA110->s1@group-4CF2EC507520, cid=2065, seq=null, RW, null, SET_UNCONDITIONALLY, servers:[s11, s10, s7, s13, s8, s12, s9, s0, s1], listeners:[]
2024-12-25 19:04:06,040 INFO  server.RaftServer$Division (RaftServerImpl.java:setConfigurationAsync(1348)) - s8@group-4CF2EC507520: receive setConfiguration SetConfigurationRequest:client-9E894F3AA110->s8@group-4CF2EC507520, cid=2065, seq=null, RW, null, SET_UNCONDITIONALLY, servers:[s11, s10, s7, s13, s8, s12, s9, s0, s1], listeners:[]
2024-12-25 19:04:06,141 INFO  server.RaftServer$Division (RaftServerImpl.java:setConfigurationAsync(1348)) - s7@group-4CF2EC507520: receive setConfiguration SetConfigurationRequest:client-9E894F3AA110->s7@group-4CF2EC507520, cid=2065, seq=null, RW, null, SET_UNCONDITIONALLY, servers:[s11, s10, s7, s13, s8, s12, s9, s0, s1], listeners:[]
2024-12-25 19:04:06,241 INFO  server.RaftServer$Division (RaftServerImpl.java:setConfigurationAsync(1348)) - s1@group-4CF2EC507520: receive setConfiguration SetConfigurationRequest:client-9E894F3AA110->s1@group-4CF2EC507520, cid=2065, seq=null, RW, null, SET_UNCONDITIONALLY, servers:[s11, s10, s7, s13, s8, s12, s9, s0, s1], listeners:[]
2024-12-25 19:04:06,342 INFO  server.RaftServer$Division (RaftServerImpl.java:setConfigurationAsync(1348)) - s9@group-4CF2EC507520: receive setConfiguration SetConfigurationRequest:client-9E894F3AA110->s9@group-4CF2EC507520, cid=2065, seq=null, RW, null, SET_UNCONDITIONALLY, servers:[s11, s10, s7, s13, s8, s12, s9, s0, s1], listeners:[]
2024-12-25 19:04:06,442 INFO  server.RaftServer$Division (RaftServerImpl.java:setConfigurationAsync(1348)) - s7@group-4CF2EC507520: receive setConfiguration SetConfigurationRequest:client-9E894F3AA110->s7@group-4CF2EC507520, cid=2065, seq=null, RW, null, SET_UNCONDITIONALLY, servers:[s11, s10, s7, s13, s8, s12, s9, s0, s1], listeners:[]
2024-12-25 19:04:06,542 INFO  server.RaftServer$Division (RaftServerImpl.java:setConfigurationAsync(1348)) - s1@group-4CF2EC507520: receive setConfiguration SetConfigurationRequest:client-9E894F3AA110->s1@group-4CF2EC507520, cid=2065, seq=null, RW, null, SET_UNCONDITIONALLY, servers:[s11, s10, s7, s13, s8, s12, s9, s0, s1], listeners:[]
2024-12-25 19:04:06,643 INFO  server.RaftServer$Division (RaftServerImpl.java:setConfigurationAsync(1348)) - s9@group-4CF2EC507520: receive setConfiguration SetConfigurationRequest:client-9E894F3AA110->s9@group-4CF2EC507520, cid=2065, seq=null, RW, null, SET_UNCONDITIONALLY, servers:[s11, s10, s7, s13, s8, s12, s9, s0, s1], listeners:[]
2024-12-25 19:04:06,743 INFO  server.RaftServer$Division (RaftServerImpl.java:setConfigurationAsync(1348)) - s7@group-4CF2EC507520: receive setConfiguration SetConfigurationRequest:client-9E894F3AA110->s7@group-4CF2EC507520, cid=2065, seq=null, RW, null, SET_UNCONDITIONALLY, servers:[s11, s10, s7, s13, s8, s12, s9, s0, s1], listeners:[]
2024-12-25 19:04:06,843 INFO  server.RaftServer$Division (RaftServerImpl.java:setConfigurationAsync(1348)) - s1@group-4CF2EC507520: receive setConfiguration SetConfigurationRequest:client-9E894F3AA110->s1@group-4CF2EC507520, cid=2065, seq=null, RW, null, SET_UNCONDITIONALLY, servers:[s11, s10, s7, s13, s8, s12, s9, s0, s1], listeners:[]
2024-12-25 19:04:06,944 INFO  server.RaftServer$Division (RaftServerImpl.java:setConfigurationAsync(1348)) - s0@group-4CF2EC507520: receive setConfiguration SetConfigurationRequest:client-9E894F3AA110->s0@group-4CF2EC507520, cid=2065, seq=null, RW, null, SET_UNCONDITIONALLY, servers:[s11, s10, s7, s13, s8, s12, s9, s0, s1], listeners:[]
2024-12-25 19:04:07,044 INFO  server.RaftServer$Division (RaftServerImpl.java:setConfigurationAsync(1348)) - s1@group-4CF2EC507520: receive setConfiguration SetConfigurationRequest:client-9E894F3AA110->s1@group-4CF2EC507520, cid=2065, seq=null, RW, null, SET_UNCONDITIONALLY, servers:[s11, s10, s7, s13, s8, s12, s9, s0, s1], listeners:[]
2024-12-25 19:04:07,057 INFO  impl.MiniRaftCluster (MiniRaftCluster.java:lambda$null$7(362)) - TIMED-PRINT: printing ALL groups
  s3:  RUNNING [
   FOLLOWER s3@group-4CF2EC507520:t0, leader=null, voted=, raftlog=Memoized:s3@group-4CF2EC507520-SegmentedRaftLog:OPENED:c-1:lastnull, conf=conf: {index: -1, cur=peers:[]|listeners:[], old=null} STARTING
   FOLLOWER s3@group-6AB839334A82:t0, leader=null, voted=, raftlog=Memoized:s3@group-6AB839334A82-SegmentedRaftLog:OPENED:c-1:lastnull, conf=conf: {index: -1, cur=peers:[]|listeners:[], old=null} STARTING] size=2
  s4:  RUNNING [
   FOLLOWER s4@group-4CF2EC507520:t0, leader=null, voted=, raftlog=Memoized:s4@group-4CF2EC507520-SegmentedRaftLog:OPENED:c-1:lastnull, conf=conf: {index: -1, cur=peers:[]|listeners:[], old=null} STARTING
   FOLLOWER s4@group-6AB839334A82:t0, leader=null, voted=, raftlog=Memoized:s4@group-6AB839334A82-SegmentedRaftLog:OPENED:c-1:lastnull, conf=conf: {index: -1, cur=peers:[]|listeners:[], old=null} STARTING] size=2
  s5:  RUNNING [
   FOLLOWER s5@group-4CF2EC507520:t0, leader=null, voted=, raftlog=Memoized:s5@group-4CF2EC507520-SegmentedRaftLog:OPENED:c-1:lastnull, conf=conf: {index: -1, cur=peers:[]|listeners:[], old=null} STARTING
   FOLLOWER s5@group-6AB839334A82:t0, leader=null, voted=, raftlog=Memoized:s5@group-6AB839334A82-SegmentedRaftLog:OPENED:c-1:lastnull, conf=conf: {index: -1, cur=peers:[]|listeners:[], old=null} STARTING] size=2
  s6:  RUNNING [
   FOLLOWER s6@group-4CF2EC507520:t0, leader=null, voted=, raftlog=Memoized:s6@group-4CF2EC507520-SegmentedRaftLog:OPENED:c-1:lastnull, conf=conf: {index: -1, cur=peers:[]|listeners:[], old=null} STARTING
   FOLLOWER s6@group-6AB839334A82:t0, leader=null, voted=, raftlog=Memoized:s6@group-6AB839334A82-SegmentedRaftLog:OPENED:c-1:lastnull, conf=conf: {index: -1, cur=peers:[]|listeners:[], old=null} STARTING] size=2
  s7:  RUNNING [
     LEADER s7@group-4CF2EC507520:t1, leader=s7, voted=s7, raftlog=Memoized:s7@group-4CF2EC507520-SegmentedRaftLog:OPENED:c123:last(t:1, i:124), conf=conf: {index: 123, cur=peers:[s7, s8, s9, s0, s1]|listeners:[], old=null} RUNNING
   FOLLOWER s7@group-6AB839334A82:t0, leader=null, voted=, raftlog=Memoized:s7@group-6AB839334A82-SegmentedRaftLog:OPENED:c-1:lastnull, conf=conf: {index: -1, cur=peers:[]|listeners:[], old=null} STARTING] size=2
  s8:  RUNNING [
   FOLLOWER s8@group-4CF2EC507520:t1, leader=s7, voted=s7, raftlog=Memoized:s8@group-4CF2EC507520-SegmentedRaftLog:OPENED:c123:last(t:1, i:124), conf=conf: {index: 123, cur=peers:[s7|, s8|, s9|, s0|, s1|]|listeners:[], old=null} RUNNING
   FOLLOWER s8@group-6AB839334A82:t0, leader=null, voted=, raftlog=Memoized:s8@group-6AB839334A82-SegmentedRaftLog:OPENED:c-1:lastnull, conf=conf: {index: -1, cur=peers:[]|listeners:[], old=null} STARTING] size=2
  s9:  RUNNING [
   FOLLOWER s9@group-4CF2EC507520:t1, leader=s7, voted=s7, raftlog=Memoized:s9@group-4CF2EC507520-SegmentedRaftLog:OPENED:c123:last(t:1, i:124), conf=conf: {index: 123, cur=peers:[s7|, s8|, s9|, s0|, s1|]|listeners:[], old=null} RUNNING
   FOLLOWER s9@group-6AB839334A82:t0, leader=null, voted=, raftlog=Memoized:s9@group-6AB839334A82-SegmentedRaftLog:OPENED:c-1:lastnull, conf=conf: {index: -1, cur=peers:[]|listeners:[], old=null} STARTING] size=2
  s11:  RUNNING [
   FOLLOWER s11@group-4CF2EC507520:t1, leader=s7, voted=null, raftlog=Memoized:s11@group-4CF2EC507520-SegmentedRaftLog:OPENED:c123:last(t:1, i:124), conf=conf: {index: 123, cur=peers:[s7|, s8|, s9|, s0|, s1|]|listeners:[], old=null} STARTING
   FOLLOWER s11@group-6AB839334A82:t0, leader=null, voted=, raftlog=Memoized:s11@group-6AB839334A82-SegmentedRaftLog:OPENED:c-1:lastnull, conf=conf: {index: -1, cur=peers:[]|listeners:[], old=null} STARTING] size=2
  s10:  RUNNING [
   FOLLOWER s10@group-4CF2EC507520:t1, leader=s7, voted=null, raftlog=Memoized:s10@group-4CF2EC507520-SegmentedRaftLog:OPENED:c123:last(t:1, i:124), conf=conf: {index: 123, cur=peers:[s7|, s8|, s9|, s0|, s1|]|listeners:[], old=null} STARTING
   FOLLOWER s10@group-6AB839334A82:t0, leader=null, voted=, raftlog=Memoized:s10@group-6AB839334A82-SegmentedRaftLog:OPENED:c-1:lastnull, conf=conf: {index: -1, cur=peers:[]|listeners:[], old=null} STARTING] size=2
  s13:  RUNNING [
   FOLLOWER s13@group-4CF2EC507520:t1, leader=s7, voted=null, raftlog=Memoized:s13@group-4CF2EC507520-SegmentedRaftLog:OPENED:c123:last(t:1, i:124), conf=conf: {index: 123, cur=peers:[s7|, s8|, s9|, s0|, s1|]|listeners:[], old=null} STARTING
   FOLLOWER s13@group-6AB839334A82:t0, leader=null, voted=, raftlog=Memoized:s13@group-6AB839334A82-SegmentedRaftLog:OPENED:c-1:lastnull, conf=conf: {index: -1, cur=peers:[]|listeners:[], old=null} STARTING] size=2
  s12:  RUNNING [
   FOLLOWER s12@group-4CF2EC507520:t1, leader=s7, voted=null, raftlog=Memoized:s12@group-4CF2EC507520-SegmentedRaftLog:OPENED:c123:last(t:1, i:124), conf=conf: {index: 123, cur=peers:[s7|, s8|, s9|, s0|, s1|]|listeners:[], old=null} STARTING
   FOLLOWER s12@group-6AB839334A82:t0, leader=null, voted=, raftlog=Memoized:s12@group-6AB839334A82-SegmentedRaftLog:OPENED:c-1:lastnull, conf=conf: {index: -1, cur=peers:[]|listeners:[], old=null} STARTING] size=2
  s14:  RUNNING [
   FOLLOWER s14@group-4CF2EC507520:t0, leader=null, voted=, raftlog=Memoized:s14@group-4CF2EC507520-SegmentedRaftLog:OPENED:c-1:lastnull, conf=conf: {index: -1, cur=peers:[]|listeners:[], old=null} STARTING
   FOLLOWER s14@group-6AB839334A82:t0, leader=null, voted=, raftlog=Memoized:s14@group-6AB839334A82-SegmentedRaftLog:OPENED:c-1:lastnull, conf=conf: {index: -1, cur=peers:[]|listeners:[], old=null} STARTING] size=2
  s0:  RUNNING [
   FOLLOWER s0@group-4CF2EC507520:t1, leader=s7, voted=null, raftlog=Memoized:s0@group-4CF2EC507520-SegmentedRaftLog:OPENED:c123:last(t:1, i:124), conf=conf: {index: 123, cur=peers:[s7|, s8|, s9|, s0|, s1|]|listeners:[], old=null} STARTING
   FOLLOWER s0@group-6AB839334A82:t0, leader=null, voted=, raftlog=Memoized:s0@group-6AB839334A82-SegmentedRaftLog:OPENED:c-1:lastnull, conf=conf: {index: -1, cur=peers:[]|listeners:[], old=null} STARTING] size=2
  s1:  RUNNING [
   FOLLOWER s1@group-4CF2EC507520:t1, leader=s7, voted=null, raftlog=Memoized:s1@group-4CF2EC507520-SegmentedRaftLog:OPENED:c123:last(t:1, i:124), conf=conf: {index: 123, cur=peers:[s7|, s8|, s9|, s0|, s1|]|listeners:[], old=null} STARTING
   FOLLOWER s1@group-6AB839334A82:t0, leader=null, voted=, raftlog=Memoized:s1@group-6AB839334A82-SegmentedRaftLog:OPENED:c-1:lastnull, conf=conf: {index: -1, cur=peers:[]|listeners:[], old=null} STARTING] size=2
  s2:  RUNNING [
   FOLLOWER s2@group-4CF2EC507520:t0, leader=null, voted=, raftlog=Memoized:s2@group-4CF2EC507520-SegmentedRaftLog:OPENED:c-1:lastnull, conf=conf: {index: -1, cur=peers:[]|listeners:[], old=null} STARTING
   FOLLOWER s2@group-6AB839334A82:t0, leader=null, voted=, raftlog=Memoized:s2@group-6AB839334A82-SegmentedRaftLog:OPENED:c-1:lastnull, conf=conf: {index: -1, cur=peers:[]|listeners:[], old=null} STARTING] size=2
2024-12-25 19:04:07,145 INFO  server.RaftServer$Division (RaftServerImpl.java:setConfigurationAsync(1348)) - s0@group-4CF2EC507520: receive setConfiguration SetConfigurationRequest:client-9E894F3AA110->s0@group-4CF2EC507520, cid=2065, seq=null, RW, null, SET_UNCONDITIONALLY, servers:[s11, s10, s7, s13, s8, s12, s9, s0, s1], listeners:[]
2024-12-25 19:04:07,245 INFO  server.RaftServer$Division (RaftServerImpl.java:setConfigurationAsync(1348)) - s8@group-4CF2EC507520: receive setConfiguration SetConfigurationRequest:client-9E894F3AA110->s8@group-4CF2EC507520, cid=2065, seq=null, RW, null, SET_UNCONDITIONALLY, servers:[s11, s10, s7, s13, s8, s12, s9, s0, s1], listeners:[]
2024-12-25 19:04:07,346 INFO  server.RaftServer$Division (RaftServerImpl.java:setConfigurationAsync(1348)) - s7@group-4CF2EC507520: receive setConfiguration SetConfigurationRequest:client-9E894F3AA110->s7@group-4CF2EC507520, cid=2065, seq=null, RW, null, SET_UNCONDITIONALLY, servers:[s11, s10, s7, s13, s8, s12, s9, s0, s1], listeners:[]
2024-12-25 19:04:07,446 INFO  server.RaftServer$Division (RaftServerImpl.java:setConfigurationAsync(1348)) - s1@group-4CF2EC507520: receive setConfiguration SetConfigurationRequest:client-9E894F3AA110->s1@group-4CF2EC507520, cid=2065, seq=null, RW, null, SET_UNCONDITIONALLY, servers:[s11, s10, s7, s13, s8, s12, s9, s0, s1], listeners:[]
2024-12-25 19:04:07,546 INFO  server.RaftServer$Division (RaftServerImpl.java:setConfigurationAsync(1348)) - s8@group-4CF2EC507520: receive setConfiguration SetConfigurationRequest:client-9E894F3AA110->s8@group-4CF2EC507520, cid=2065, seq=null, RW, null, SET_UNCONDITIONALLY, servers:[s11, s10, s7, s13, s8, s12, s9, s0, s1], listeners:[]
2024-12-25 19:04:07,647 INFO  server.RaftServer$Division (RaftServerImpl.java:setConfigurationAsync(1348)) - s7@group-4CF2EC507520: receive setConfiguration SetConfigurationRequest:client-9E894F3AA110->s7@group-4CF2EC507520, cid=2065, seq=null, RW, null, SET_UNCONDITIONALLY, servers:[s11, s10, s7, s13, s8, s12, s9, s0, s1], listeners:[]
2024-12-25 19:04:07,747 INFO  server.RaftServer$Division (RaftServerImpl.java:setConfigurationAsync(1348)) - s0@group-4CF2EC507520: receive setConfiguration SetConfigurationRequest:client-9E894F3AA110->s0@group-4CF2EC507520, cid=2065, seq=null, RW, null, SET_UNCONDITIONALLY, servers:[s11, s10, s7, s13, s8, s12, s9, s0, s1], listeners:[]
2024-12-25 19:04:07,848 INFO  server.RaftServer$Division (RaftServerImpl.java:setConfigurationAsync(1348)) - s1@group-4CF2EC507520: receive setConfiguration SetConfigurationRequest:client-9E894F3AA110->s1@group-4CF2EC507520, cid=2065, seq=null, RW, null, SET_UNCONDITIONALLY, servers:[s11, s10, s7, s13, s8, s12, s9, s0, s1], listeners:[]
2024-12-25 19:04:07,948 INFO  server.RaftServer$Division (RaftServerImpl.java:setConfigurationAsync(1348)) - s8@group-4CF2EC507520: receive setConfiguration SetConfigurationRequest:client-9E894F3AA110->s8@group-4CF2EC507520, cid=2065, seq=null, RW, null, SET_UNCONDITIONALLY, servers:[s11, s10, s7, s13, s8, s12, s9, s0, s1], listeners:[]
2024-12-25 19:04:08,048 INFO  server.RaftServer$Division (RaftServerImpl.java:setConfigurationAsync(1348)) - s7@group-4CF2EC507520: receive setConfiguration SetConfigurationRequest:client-9E894F3AA110->s7@group-4CF2EC507520, cid=2065, seq=null, RW, null, SET_UNCONDITIONALLY, servers:[s11, s10, s7, s13, s8, s12, s9, s0, s1], listeners:[]
2024-12-25 19:04:08,149 INFO  server.RaftServer$Division (RaftServerImpl.java:setConfigurationAsync(1348)) - s0@group-4CF2EC507520: receive setConfiguration SetConfigurationRequest:client-9E894F3AA110->s0@group-4CF2EC507520, cid=2065, seq=null, RW, null, SET_UNCONDITIONALLY, servers:[s11, s10, s7, s13, s8, s12, s9, s0, s1], listeners:[]
2024-12-25 19:04:08,249 INFO  server.RaftServer$Division (RaftServerImpl.java:setConfigurationAsync(1348)) - s7@group-4CF2EC507520: receive setConfiguration SetConfigurationRequest:client-9E894F3AA110->s7@group-4CF2EC507520, cid=2065, seq=null, RW, null, SET_UNCONDITIONALLY, servers:[s11, s10, s7, s13, s8, s12, s9, s0, s1], listeners:[]
2024-12-25 19:04:08,349 INFO  server.RaftServer$Division (RaftServerImpl.java:setConfigurationAsync(1348)) - s9@group-4CF2EC507520: receive setConfiguration SetConfigurationRequest:client-9E894F3AA110->s9@group-4CF2EC507520, cid=2065, seq=null, RW, null, SET_UNCONDITIONALLY, servers:[s11, s10, s7, s13, s8, s12, s9, s0, s1], listeners:[]
2024-12-25 19:04:08,450 INFO  server.RaftServer$Division (RaftServerImpl.java:setConfigurationAsync(1348)) - s7@group-4CF2EC507520: receive setConfiguration SetConfigurationRequest:client-9E894F3AA110->s7@group-4CF2EC507520, cid=2065, seq=null, RW, null, SET_UNCONDITIONALLY, servers:[s11, s10, s7, s13, s8, s12, s9, s0, s1], listeners:[]
2024-12-25 19:04:08,550 INFO  server.RaftServer$Division (RaftServerImpl.java:setConfigurationAsync(1348)) - s9@group-4CF2EC507520: receive setConfiguration SetConfigurationRequest:client-9E894F3AA110->s9@group-4CF2EC507520, cid=2065, seq=null, RW, null, SET_UNCONDITIONALLY, servers:[s11, s10, s7, s13, s8, s12, s9, s0, s1], listeners:[]
2024-12-25 19:04:08,650 INFO  server.RaftServer$Division (RaftServerImpl.java:setConfigurationAsync(1348)) - s7@group-4CF2EC507520: receive setConfiguration SetConfigurationRequest:client-9E894F3AA110->s7@group-4CF2EC507520, cid=2065, seq=null, RW, null, SET_UNCONDITIONALLY, servers:[s11, s10, s7, s13, s8, s12, s9, s0, s1], listeners:[]
2024-12-25 19:04:08,751 INFO  server.RaftServer$Division (RaftServerImpl.java:setConfigurationAsync(1348)) - s9@group-4CF2EC507520: receive setConfiguration SetConfigurationRequest:client-9E894F3AA110->s9@group-4CF2EC507520, cid=2065, seq=null, RW, null, SET_UNCONDITIONALLY, servers:[s11, s10, s7, s13, s8, s12, s9, s0, s1], listeners:[]
2024-12-25 19:04:08,851 INFO  server.RaftServer$Division (RaftServerImpl.java:setConfigurationAsync(1348)) - s7@group-4CF2EC507520: receive setConfiguration SetConfigurationRequest:client-9E894F3AA110->s7@group-4CF2EC507520, cid=2065, seq=null, RW, null, SET_UNCONDITIONALLY, servers:[s11, s10, s7, s13, s8, s12, s9, s0, s1], listeners:[]
2024-12-25 19:04:08,951 INFO  server.RaftServer$Division (RaftServerImpl.java:setConfigurationAsync(1348)) - s0@group-4CF2EC507520: receive setConfiguration SetConfigurationRequest:client-9E894F3AA110->s0@group-4CF2EC507520, cid=2065, seq=null, RW, null, SET_UNCONDITIONALLY, servers:[s11, s10, s7, s13, s8, s12, s9, s0, s1], listeners:[]
2024-12-25 19:04:09,052 INFO  server.RaftServer$Division (RaftServerImpl.java:setConfigurationAsync(1348)) - s9@group-4CF2EC507520: receive setConfiguration SetConfigurationRequest:client-9E894F3AA110->s9@group-4CF2EC507520, cid=2065, seq=null, RW, null, SET_UNCONDITIONALLY, servers:[s11, s10, s7, s13, s8, s12, s9, s0, s1], listeners:[]
2024-12-25 19:04:09,152 INFO  server.RaftServer$Division (RaftServerImpl.java:setConfigurationAsync(1348)) - s7@group-4CF2EC507520: receive setConfiguration SetConfigurationRequest:client-9E894F3AA110->s7@group-4CF2EC507520, cid=2065, seq=null, RW, null, SET_UNCONDITIONALLY, servers:[s11, s10, s7, s13, s8, s12, s9, s0, s1], listeners:[]
2024-12-25 19:04:09,252 INFO  server.RaftServer$Division (RaftServerImpl.java:setConfigurationAsync(1348)) - s0@group-4CF2EC507520: receive setConfiguration SetConfigurationRequest:client-9E894F3AA110->s0@group-4CF2EC507520, cid=2065, seq=null, RW, null, SET_UNCONDITIONALLY, servers:[s11, s10, s7, s13, s8, s12, s9, s0, s1], listeners:[]
2024-12-25 19:04:09,353 INFO  server.RaftServer$Division (RaftServerImpl.java:setConfigurationAsync(1348)) - s8@group-4CF2EC507520: receive setConfiguration SetConfigurationRequest:client-9E894F3AA110->s8@group-4CF2EC507520, cid=2065, seq=null, RW, null, SET_UNCONDITIONALLY, servers:[s11, s10, s7, s13, s8, s12, s9, s0, s1], listeners:[]
2024-12-25 19:04:09,453 INFO  server.RaftServer$Division (RaftServerImpl.java:setConfigurationAsync(1348)) - s7@group-4CF2EC507520: receive setConfiguration SetConfigurationRequest:client-9E894F3AA110->s7@group-4CF2EC507520, cid=2065, seq=null, RW, null, SET_UNCONDITIONALLY, servers:[s11, s10, s7, s13, s8, s12, s9, s0, s1], listeners:[]
2024-12-25 19:04:09,553 INFO  server.RaftServer$Division (RaftServerImpl.java:setConfigurationAsync(1348)) - s9@group-4CF2EC507520: receive setConfiguration SetConfigurationRequest:client-9E894F3AA110->s9@group-4CF2EC507520, cid=2065, seq=null, RW, null, SET_UNCONDITIONALLY, servers:[s11, s10, s7, s13, s8, s12, s9, s0, s1], listeners:[]
2024-12-25 19:04:09,654 INFO  server.RaftServer$Division (RaftServerImpl.java:setConfigurationAsync(1348)) - s7@group-4CF2EC507520: receive setConfiguration SetConfigurationRequest:client-9E894F3AA110->s7@group-4CF2EC507520, cid=2065, seq=null, RW, null, SET_UNCONDITIONALLY, servers:[s11, s10, s7, s13, s8, s12, s9, s0, s1], listeners:[]
2024-12-25 19:04:09,754 INFO  server.RaftServer$Division (RaftServerImpl.java:setConfigurationAsync(1348)) - s8@group-4CF2EC507520: receive setConfiguration SetConfigurationRequest:client-9E894F3AA110->s8@group-4CF2EC507520, cid=2065, seq=null, RW, null, SET_UNCONDITIONALLY, servers:[s11, s10, s7, s13, s8, s12, s9, s0, s1], listeners:[]
2024-12-25 19:04:09,854 INFO  server.RaftServer$Division (RaftServerImpl.java:setConfigurationAsync(1348)) - s7@group-4CF2EC507520: receive setConfiguration SetConfigurationRequest:client-9E894F3AA110->s7@group-4CF2EC507520, cid=2065, seq=null, RW, null, SET_UNCONDITIONALLY, servers:[s11, s10, s7, s13, s8, s12, s9, s0, s1], listeners:[]
2024-12-25 19:04:09,955 INFO  server.RaftServer$Division (RaftServerImpl.java:setConfigurationAsync(1348)) - s9@group-4CF2EC507520: receive setConfiguration SetConfigurationRequest:client-9E894F3AA110->s9@group-4CF2EC507520, cid=2065, seq=null, RW, null, SET_UNCONDITIONALLY, servers:[s11, s10, s7, s13, s8, s12, s9, s0, s1], listeners:[]
2024-12-25 19:04:10,055 INFO  server.RaftServer$Division (RaftServerImpl.java:setConfigurationAsync(1348)) - s7@group-4CF2EC507520: receive setConfiguration SetConfigurationRequest:client-9E894F3AA110->s7@group-4CF2EC507520, cid=2065, seq=null, RW, null, SET_UNCONDITIONALLY, servers:[s11, s10, s7, s13, s8, s12, s9, s0, s1], listeners:[]
2024-12-25 19:04:10,155 INFO  server.RaftServer$Division (RaftServerImpl.java:setConfigurationAsync(1348)) - s0@group-4CF2EC507520: receive setConfiguration SetConfigurationRequest:client-9E894F3AA110->s0@group-4CF2EC507520, cid=2065, seq=null, RW, null, SET_UNCONDITIONALLY, servers:[s11, s10, s7, s13, s8, s12, s9, s0, s1], listeners:[]
2024-12-25 19:04:10,256 INFO  server.RaftServer$Division (RaftServerImpl.java:setConfigurationAsync(1348)) - s1@group-4CF2EC507520: receive setConfiguration SetConfigurationRequest:client-9E894F3AA110->s1@group-4CF2EC507520, cid=2065, seq=null, RW, null, SET_UNCONDITIONALLY, servers:[s11, s10, s7, s13, s8, s12, s9, s0, s1], listeners:[]
2024-12-25 19:04:10,356 INFO  server.RaftServer$Division (RaftServerImpl.java:setConfigurationAsync(1348)) - s7@group-4CF2EC507520: receive setConfiguration SetConfigurationRequest:client-9E894F3AA110->s7@group-4CF2EC507520, cid=2065, seq=null, RW, null, SET_UNCONDITIONALLY, servers:[s11, s10, s7, s13, s8, s12, s9, s0, s1], listeners:[]
2024-12-25 19:04:10,456 INFO  server.RaftServer$Division (RaftServerImpl.java:setConfigurationAsync(1348)) - s8@group-4CF2EC507520: receive setConfiguration SetConfigurationRequest:client-9E894F3AA110->s8@group-4CF2EC507520, cid=2065, seq=null, RW, null, SET_UNCONDITIONALLY, servers:[s11, s10, s7, s13, s8, s12, s9, s0, s1], listeners:[]
2024-12-25 19:04:10,557 INFO  server.RaftServer$Division (RaftServerImpl.java:setConfigurationAsync(1348)) - s7@group-4CF2EC507520: receive setConfiguration SetConfigurationRequest:client-9E894F3AA110->s7@group-4CF2EC507520, cid=2065, seq=null, RW, null, SET_UNCONDITIONALLY, servers:[s11, s10, s7, s13, s8, s12, s9, s0, s1], listeners:[]
2024-12-25 19:04:10,657 INFO  server.RaftServer$Division (RaftServerImpl.java:setConfigurationAsync(1348)) - s8@group-4CF2EC507520: receive setConfiguration SetConfigurationRequest:client-9E894F3AA110->s8@group-4CF2EC507520, cid=2065, seq=null, RW, null, SET_UNCONDITIONALLY, servers:[s11, s10, s7, s13, s8, s12, s9, s0, s1], listeners:[]
2024-12-25 19:04:10,757 INFO  server.RaftServer$Division (RaftServerImpl.java:setConfigurationAsync(1348)) - s7@group-4CF2EC507520: receive setConfiguration SetConfigurationRequest:client-9E894F3AA110->s7@group-4CF2EC507520, cid=2065, seq=null, RW, null, SET_UNCONDITIONALLY, servers:[s11, s10, s7, s13, s8, s12, s9, s0, s1], listeners:[]
2024-12-25 19:04:10,858 INFO  server.RaftServer$Division (RaftServerImpl.java:setConfigurationAsync(1348)) - s9@group-4CF2EC507520: receive setConfiguration SetConfigurationRequest:client-9E894F3AA110->s9@group-4CF2EC507520, cid=2065, seq=null, RW, null, SET_UNCONDITIONALLY, servers:[s11, s10, s7, s13, s8, s12, s9, s0, s1], listeners:[]
2024-12-25 19:04:10,958 INFO  server.RaftServer$Division (RaftServerImpl.java:setConfigurationAsync(1348)) - s7@group-4CF2EC507520: receive setConfiguration SetConfigurationRequest:client-9E894F3AA110->s7@group-4CF2EC507520, cid=2065, seq=null, RW, null, SET_UNCONDITIONALLY, servers:[s11, s10, s7, s13, s8, s12, s9, s0, s1], listeners:[]
2024-12-25 19:04:11,058 INFO  server.RaftServer$Division (RaftServerImpl.java:setConfigurationAsync(1348)) - s0@group-4CF2EC507520: receive setConfiguration SetConfigurationRequest:client-9E894F3AA110->s0@group-4CF2EC507520, cid=2065, seq=null, RW, null, SET_UNCONDITIONALLY, servers:[s11, s10, s7, s13, s8, s12, s9, s0, s1], listeners:[]
2024-12-25 19:04:11,159 INFO  server.RaftServer$Division (RaftServerImpl.java:setConfigurationAsync(1348)) - s1@group-4CF2EC507520: receive setConfiguration SetConfigurationRequest:client-9E894F3AA110->s1@group-4CF2EC507520, cid=2065, seq=null, RW, null, SET_UNCONDITIONALLY, servers:[s11, s10, s7, s13, s8, s12, s9, s0, s1], listeners:[]
2024-12-25 19:04:11,259 INFO  server.RaftServer$Division (RaftServerImpl.java:setConfigurationAsync(1348)) - s8@group-4CF2EC507520: receive setConfiguration SetConfigurationRequest:client-9E894F3AA110->s8@group-4CF2EC507520, cid=2065, seq=null, RW, null, SET_UNCONDITIONALLY, servers:[s11, s10, s7, s13, s8, s12, s9, s0, s1], listeners:[]
2024-12-25 19:04:11,359 INFO  server.RaftServer$Division (RaftServerImpl.java:setConfigurationAsync(1348)) - s7@group-4CF2EC507520: receive setConfiguration SetConfigurationRequest:client-9E894F3AA110->s7@group-4CF2EC507520, cid=2065, seq=null, RW, null, SET_UNCONDITIONALLY, servers:[s11, s10, s7, s13, s8, s12, s9, s0, s1], listeners:[]
2024-12-25 19:04:11,460 INFO  server.RaftServer$Division (RaftServerImpl.java:setConfigurationAsync(1348)) - s9@group-4CF2EC507520: receive setConfiguration SetConfigurationRequest:client-9E894F3AA110->s9@group-4CF2EC507520, cid=2065, seq=null, RW, null, SET_UNCONDITIONALLY, servers:[s11, s10, s7, s13, s8, s12, s9, s0, s1], listeners:[]
2024-12-25 19:04:11,560 INFO  server.RaftServer$Division (RaftServerImpl.java:setConfigurationAsync(1348)) - s7@group-4CF2EC507520: receive setConfiguration SetConfigurationRequest:client-9E894F3AA110->s7@group-4CF2EC507520, cid=2065, seq=null, RW, null, SET_UNCONDITIONALLY, servers:[s11, s10, s7, s13, s8, s12, s9, s0, s1], listeners:[]
2024-12-25 19:04:11,660 INFO  server.RaftServer$Division (RaftServerImpl.java:setConfigurationAsync(1348)) - s8@group-4CF2EC507520: receive setConfiguration SetConfigurationRequest:client-9E894F3AA110->s8@group-4CF2EC507520, cid=2065, seq=null, RW, null, SET_UNCONDITIONALLY, servers:[s11, s10, s7, s13, s8, s12, s9, s0, s1], listeners:[]
2024-12-25 19:04:11,761 INFO  server.RaftServer$Division (RaftServerImpl.java:setConfigurationAsync(1348)) - s7@group-4CF2EC507520: receive setConfiguration SetConfigurationRequest:client-9E894F3AA110->s7@group-4CF2EC507520, cid=2065, seq=null, RW, null, SET_UNCONDITIONALLY, servers:[s11, s10, s7, s13, s8, s12, s9, s0, s1], listeners:[]
2024-12-25 19:04:11,861 INFO  server.RaftServer$Division (RaftServerImpl.java:setConfigurationAsync(1348)) - s8@group-4CF2EC507520: receive setConfiguration SetConfigurationRequest:client-9E894F3AA110->s8@group-4CF2EC507520, cid=2065, seq=null, RW, null, SET_UNCONDITIONALLY, servers:[s11, s10, s7, s13, s8, s12, s9, s0, s1], listeners:[]
2024-12-25 19:04:11,962 INFO  server.RaftServer$Division (RaftServerImpl.java:setConfigurationAsync(1348)) - s7@group-4CF2EC507520: receive setConfiguration SetConfigurationRequest:client-9E894F3AA110->s7@group-4CF2EC507520, cid=2065, seq=null, RW, null, SET_UNCONDITIONALLY, servers:[s11, s10, s7, s13, s8, s12, s9, s0, s1], listeners:[]
2024-12-25 19:04:12,062 INFO  server.RaftServer$Division (RaftServerImpl.java:setConfigurationAsync(1348)) - s8@group-4CF2EC507520: receive setConfiguration SetConfigurationRequest:client-9E894F3AA110->s8@group-4CF2EC507520, cid=2065, seq=null, RW, null, SET_UNCONDITIONALLY, servers:[s11, s10, s7, s13, s8, s12, s9, s0, s1], listeners:[]
2024-12-25 19:04:12,162 INFO  server.RaftServer$Division (RaftServerImpl.java:setConfigurationAsync(1348)) - s7@group-4CF2EC507520: receive setConfiguration SetConfigurationRequest:client-9E894F3AA110->s7@group-4CF2EC507520, cid=2065, seq=null, RW, null, SET_UNCONDITIONALLY, servers:[s11, s10, s7, s13, s8, s12, s9, s0, s1], listeners:[]
2024-12-25 19:04:12,263 INFO  server.RaftServer$Division (RaftServerImpl.java:setConfigurationAsync(1348)) - s0@group-4CF2EC507520: receive setConfiguration SetConfigurationRequest:client-9E894F3AA110->s0@group-4CF2EC507520, cid=2065, seq=null, RW, null, SET_UNCONDITIONALLY, servers:[s11, s10, s7, s13, s8, s12, s9, s0, s1], listeners:[]
2024-12-25 19:04:12,363 INFO  server.RaftServer$Division (RaftServerImpl.java:setConfigurationAsync(1348)) - s8@group-4CF2EC507520: receive setConfiguration SetConfigurationRequest:client-9E894F3AA110->s8@group-4CF2EC507520, cid=2065, seq=null, RW, null, SET_UNCONDITIONALLY, servers:[s11, s10, s7, s13, s8, s12, s9, s0, s1], listeners:[]
2024-12-25 19:04:12,463 INFO  server.RaftServer$Division (RaftServerImpl.java:setConfigurationAsync(1348)) - s7@group-4CF2EC507520: receive setConfiguration SetConfigurationRequest:client-9E894F3AA110->s7@group-4CF2EC507520, cid=2065, seq=null, RW, null, SET_UNCONDITIONALLY, servers:[s11, s10, s7, s13, s8, s12, s9, s0, s1], listeners:[]
2024-12-25 19:04:12,564 INFO  server.RaftServer$Division (RaftServerImpl.java:setConfigurationAsync(1348)) - s1@group-4CF2EC507520: receive setConfiguration SetConfigurationRequest:client-9E894F3AA110->s1@group-4CF2EC507520, cid=2065, seq=null, RW, null, SET_UNCONDITIONALLY, servers:[s11, s10, s7, s13, s8, s12, s9, s0, s1], listeners:[]
2024-12-25 19:04:12,664 INFO  server.RaftServer$Division (RaftServerImpl.java:setConfigurationAsync(1348)) - s7@group-4CF2EC507520: receive setConfiguration SetConfigurationRequest:client-9E894F3AA110->s7@group-4CF2EC507520, cid=2065, seq=null, RW, null, SET_UNCONDITIONALLY, servers:[s11, s10, s7, s13, s8, s12, s9, s0, s1], listeners:[]
2024-12-25 19:04:12,764 INFO  server.RaftServer$Division (RaftServerImpl.java:setConfigurationAsync(1348)) - s9@group-4CF2EC507520: receive setConfiguration SetConfigurationRequest:client-9E894F3AA110->s9@group-4CF2EC507520, cid=2065, seq=null, RW, null, SET_UNCONDITIONALLY, servers:[s11, s10, s7, s13, s8, s12, s9, s0, s1], listeners:[]
2024-12-25 19:04:12,865 INFO  server.RaftServer$Division (RaftServerImpl.java:setConfigurationAsync(1348)) - s7@group-4CF2EC507520: receive setConfiguration SetConfigurationRequest:client-9E894F3AA110->s7@group-4CF2EC507520, cid=2065, seq=null, RW, null, SET_UNCONDITIONALLY, servers:[s11, s10, s7, s13, s8, s12, s9, s0, s1], listeners:[]
2024-12-25 19:04:12,966 INFO  server.RaftServer$Division (RaftServerImpl.java:setConfigurationAsync(1348)) - s1@group-4CF2EC507520: receive setConfiguration SetConfigurationRequest:client-9E894F3AA110->s1@group-4CF2EC507520, cid=2065, seq=null, RW, null, SET_UNCONDITIONALLY, servers:[s11, s10, s7, s13, s8, s12, s9, s0, s1], listeners:[]
2024-12-25 19:04:13,066 INFO  server.RaftServer$Division (RaftServerImpl.java:setConfigurationAsync(1348)) - s7@group-4CF2EC507520: receive setConfiguration SetConfigurationRequest:client-9E894F3AA110->s7@group-4CF2EC507520, cid=2065, seq=null, RW, null, SET_UNCONDITIONALLY, servers:[s11, s10, s7, s13, s8, s12, s9, s0, s1], listeners:[]
2024-12-25 19:04:13,166 INFO  server.RaftServer$Division (RaftServerImpl.java:setConfigurationAsync(1348)) - s0@group-4CF2EC507520: receive setConfiguration SetConfigurationRequest:client-9E894F3AA110->s0@group-4CF2EC507520, cid=2065, seq=null, RW, null, SET_UNCONDITIONALLY, servers:[s11, s10, s7, s13, s8, s12, s9, s0, s1], listeners:[]
2024-12-25 19:04:13,267 INFO  server.RaftServer$Division (RaftServerImpl.java:setConfigurationAsync(1348)) - s8@group-4CF2EC507520: receive setConfiguration SetConfigurationRequest:client-9E894F3AA110->s8@group-4CF2EC507520, cid=2065, seq=null, RW, null, SET_UNCONDITIONALLY, servers:[s11, s10, s7, s13, s8, s12, s9, s0, s1], listeners:[]
2024-12-25 19:04:13,367 INFO  server.RaftServer$Division (RaftServerImpl.java:setConfigurationAsync(1348)) - s7@group-4CF2EC507520: receive setConfiguration SetConfigurationRequest:client-9E894F3AA110->s7@group-4CF2EC507520, cid=2065, seq=null, RW, null, SET_UNCONDITIONALLY, servers:[s11, s10, s7, s13, s8, s12, s9, s0, s1], listeners:[]
2024-12-25 19:04:13,467 INFO  server.RaftServer$Division (RaftServerImpl.java:setConfigurationAsync(1348)) - s1@group-4CF2EC507520: receive setConfiguration SetConfigurationRequest:client-9E894F3AA110->s1@group-4CF2EC507520, cid=2065, seq=null, RW, null, SET_UNCONDITIONALLY, servers:[s11, s10, s7, s13, s8, s12, s9, s0, s1], listeners:[]
2024-12-25 19:04:13,568 INFO  server.RaftServer$Division (RaftServerImpl.java:setConfigurationAsync(1348)) - s9@group-4CF2EC507520: receive setConfiguration SetConfigurationRequest:client-9E894F3AA110->s9@group-4CF2EC507520, cid=2065, seq=null, RW, null, SET_UNCONDITIONALLY, servers:[s11, s10, s7, s13, s8, s12, s9, s0, s1], listeners:[]
2024-12-25 19:04:13,668 INFO  server.RaftServer$Division (RaftServerImpl.java:setConfigurationAsync(1348)) - s7@group-4CF2EC507520: receive setConfiguration SetConfigurationRequest:client-9E894F3AA110->s7@group-4CF2EC507520, cid=2065, seq=null, RW, null, SET_UNCONDITIONALLY, servers:[s11, s10, s7, s13, s8, s12, s9, s0, s1], listeners:[]
2024-12-25 19:04:13,768 INFO  server.RaftServer$Division (RaftServerImpl.java:setConfigurationAsync(1348)) - s8@group-4CF2EC507520: receive setConfiguration SetConfigurationRequest:client-9E894F3AA110->s8@group-4CF2EC507520, cid=2065, seq=null, RW, null, SET_UNCONDITIONALLY, servers:[s11, s10, s7, s13, s8, s12, s9, s0, s1], listeners:[]
2024-12-25 19:04:13,869 INFO  server.RaftServer$Division (RaftServerImpl.java:setConfigurationAsync(1348)) - s7@group-4CF2EC507520: receive setConfiguration SetConfigurationRequest:client-9E894F3AA110->s7@group-4CF2EC507520, cid=2065, seq=null, RW, null, SET_UNCONDITIONALLY, servers:[s11, s10, s7, s13, s8, s12, s9, s0, s1], listeners:[]
2024-12-25 19:04:13,969 INFO  server.RaftServer$Division (RaftServerImpl.java:setConfigurationAsync(1348)) - s8@group-4CF2EC507520: receive setConfiguration SetConfigurationRequest:client-9E894F3AA110->s8@group-4CF2EC507520, cid=2065, seq=null, RW, null, SET_UNCONDITIONALLY, servers:[s11, s10, s7, s13, s8, s12, s9, s0, s1], listeners:[]
2024-12-25 19:04:14,069 INFO  server.RaftServer$Division (RaftServerImpl.java:setConfigurationAsync(1348)) - s7@group-4CF2EC507520: receive setConfiguration SetConfigurationRequest:client-9E894F3AA110->s7@group-4CF2EC507520, cid=2065, seq=null, RW, null, SET_UNCONDITIONALLY, servers:[s11, s10, s7, s13, s8, s12, s9, s0, s1], listeners:[]
2024-12-25 19:04:14,170 INFO  server.RaftServer$Division (RaftServerImpl.java:setConfigurationAsync(1348)) - s8@group-4CF2EC507520: receive setConfiguration SetConfigurationRequest:client-9E894F3AA110->s8@group-4CF2EC507520, cid=2065, seq=null, RW, null, SET_UNCONDITIONALLY, servers:[s11, s10, s7, s13, s8, s12, s9, s0, s1], listeners:[]
2024-12-25 19:04:14,270 INFO  server.RaftServer$Division (RaftServerImpl.java:setConfigurationAsync(1348)) - s7@group-4CF2EC507520: receive setConfiguration SetConfigurationRequest:client-9E894F3AA110->s7@group-4CF2EC507520, cid=2065, seq=null, RW, null, SET_UNCONDITIONALLY, servers:[s11, s10, s7, s13, s8, s12, s9, s0, s1], listeners:[]
2024-12-25 19:04:14,370 INFO  server.RaftServer$Division (RaftServerImpl.java:setConfigurationAsync(1348)) - s9@group-4CF2EC507520: receive setConfiguration SetConfigurationRequest:client-9E894F3AA110->s9@group-4CF2EC507520, cid=2065, seq=null, RW, null, SET_UNCONDITIONALLY, servers:[s11, s10, s7, s13, s8, s12, s9, s0, s1], listeners:[]
2024-12-25 19:04:14,471 INFO  server.RaftServer$Division (RaftServerImpl.java:setConfigurationAsync(1348)) - s7@group-4CF2EC507520: receive setConfiguration SetConfigurationRequest:client-9E894F3AA110->s7@group-4CF2EC507520, cid=2065, seq=null, RW, null, SET_UNCONDITIONALLY, servers:[s11, s10, s7, s13, s8, s12, s9, s0, s1], listeners:[]
2024-12-25 19:04:14,571 INFO  server.RaftServer$Division (RaftServerImpl.java:setConfigurationAsync(1348)) - s8@group-4CF2EC507520: receive setConfiguration SetConfigurationRequest:client-9E894F3AA110->s8@group-4CF2EC507520, cid=2065, seq=null, RW, null, SET_UNCONDITIONALLY, servers:[s11, s10, s7, s13, s8, s12, s9, s0, s1], listeners:[]
2024-12-25 19:04:14,672 INFO  server.RaftServer$Division (RaftServerImpl.java:setConfigurationAsync(1348)) - s7@group-4CF2EC507520: receive setConfiguration SetConfigurationRequest:client-9E894F3AA110->s7@group-4CF2EC507520, cid=2065, seq=null, RW, null, SET_UNCONDITIONALLY, servers:[s11, s10, s7, s13, s8, s12, s9, s0, s1], listeners:[]
2024-12-25 19:04:14,772 INFO  server.RaftServer$Division (RaftServerImpl.java:setConfigurationAsync(1348)) - s8@group-4CF2EC507520: receive setConfiguration SetConfigurationRequest:client-9E894F3AA110->s8@group-4CF2EC507520, cid=2065, seq=null, RW, null, SET_UNCONDITIONALLY, servers:[s11, s10, s7, s13, s8, s12, s9, s0, s1], listeners:[]
2024-12-25 19:04:14,872 INFO  server.RaftServer$Division (RaftServerImpl.java:setConfigurationAsync(1348)) - s7@group-4CF2EC507520: receive setConfiguration SetConfigurationRequest:client-9E894F3AA110->s7@group-4CF2EC507520, cid=2065, seq=null, RW, null, SET_UNCONDITIONALLY, servers:[s11, s10, s7, s13, s8, s12, s9, s0, s1], listeners:[]
2024-12-25 19:04:14,973 INFO  server.RaftServer$Division (RaftServerImpl.java:setConfigurationAsync(1348)) - s0@group-4CF2EC507520: receive setConfiguration SetConfigurationRequest:client-9E894F3AA110->s0@group-4CF2EC507520, cid=2065, seq=null, RW, null, SET_UNCONDITIONALLY, servers:[s11, s10, s7, s13, s8, s12, s9, s0, s1], listeners:[]
2024-12-25 19:04:15,073 INFO  server.RaftServer$Division (RaftServerImpl.java:setConfigurationAsync(1348)) - s9@group-4CF2EC507520: receive setConfiguration SetConfigurationRequest:client-9E894F3AA110->s9@group-4CF2EC507520, cid=2065, seq=null, RW, null, SET_UNCONDITIONALLY, servers:[s11, s10, s7, s13, s8, s12, s9, s0, s1], listeners:[]
2024-12-25 19:04:15,173 INFO  server.RaftServer$Division (RaftServerImpl.java:setConfigurationAsync(1348)) - s7@group-4CF2EC507520: receive setConfiguration SetConfigurationRequest:client-9E894F3AA110->s7@group-4CF2EC507520, cid=2065, seq=null, RW, null, SET_UNCONDITIONALLY, servers:[s11, s10, s7, s13, s8, s12, s9, s0, s1], listeners:[]
2024-12-25 19:04:15,274 INFO  server.RaftServer$Division (RaftServerImpl.java:setConfigurationAsync(1348)) - s9@group-4CF2EC507520: receive setConfiguration SetConfigurationRequest:client-9E894F3AA110->s9@group-4CF2EC507520, cid=2065, seq=null, RW, null, SET_UNCONDITIONALLY, servers:[s11, s10, s7, s13, s8, s12, s9, s0, s1], listeners:[]
2024-12-25 19:04:15,374 INFO  server.RaftServer$Division (RaftServerImpl.java:setConfigurationAsync(1348)) - s7@group-4CF2EC507520: receive setConfiguration SetConfigurationRequest:client-9E894F3AA110->s7@group-4CF2EC507520, cid=2065, seq=null, RW, null, SET_UNCONDITIONALLY, servers:[s11, s10, s7, s13, s8, s12, s9, s0, s1], listeners:[]
2024-12-25 19:04:15,474 INFO  server.RaftServer$Division (RaftServerImpl.java:setConfigurationAsync(1348)) - s8@group-4CF2EC507520: receive setConfiguration SetConfigurationRequest:client-9E894F3AA110->s8@group-4CF2EC507520, cid=2065, seq=null, RW, null, SET_UNCONDITIONALLY, servers:[s11, s10, s7, s13, s8, s12, s9, s0, s1], listeners:[]
2024-12-25 19:04:15,575 INFO  server.RaftServer$Division (RaftServerImpl.java:setConfigurationAsync(1348)) - s7@group-4CF2EC507520: receive setConfiguration SetConfigurationRequest:client-9E894F3AA110->s7@group-4CF2EC507520, cid=2065, seq=null, RW, null, SET_UNCONDITIONALLY, servers:[s11, s10, s7, s13, s8, s12, s9, s0, s1], listeners:[]
2024-12-25 19:04:15,675 INFO  server.RaftServer$Division (RaftServerImpl.java:setConfigurationAsync(1348)) - s1@group-4CF2EC507520: receive setConfiguration SetConfigurationRequest:client-9E894F3AA110->s1@group-4CF2EC507520, cid=2065, seq=null, RW, null, SET_UNCONDITIONALLY, servers:[s11, s10, s7, s13, s8, s12, s9, s0, s1], listeners:[]
2024-12-25 19:04:15,775 INFO  server.RaftServer$Division (RaftServerImpl.java:setConfigurationAsync(1348)) - s8@group-4CF2EC507520: receive setConfiguration SetConfigurationRequest:client-9E894F3AA110->s8@group-4CF2EC507520, cid=2065, seq=null, RW, null, SET_UNCONDITIONALLY, servers:[s11, s10, s7, s13, s8, s12, s9, s0, s1], listeners:[]
2024-12-25 19:04:15,876 INFO  server.RaftServer$Division (RaftServerImpl.java:setConfigurationAsync(1348)) - s7@group-4CF2EC507520: receive setConfiguration SetConfigurationRequest:client-9E894F3AA110->s7@group-4CF2EC507520, cid=2065, seq=null, RW, null, SET_UNCONDITIONALLY, servers:[s11, s10, s7, s13, s8, s12, s9, s0, s1], listeners:[]
2024-12-25 19:04:15,976 INFO  server.RaftServer$Division (RaftServerImpl.java:setConfigurationAsync(1348)) - s8@group-4CF2EC507520: receive setConfiguration SetConfigurationRequest:client-9E894F3AA110->s8@group-4CF2EC507520, cid=2065, seq=null, RW, null, SET_UNCONDITIONALLY, servers:[s11, s10, s7, s13, s8, s12, s9, s0, s1], listeners:[]
2024-12-25 19:04:16,076 INFO  server.RaftServer$Division (RaftServerImpl.java:setConfigurationAsync(1348)) - s7@group-4CF2EC507520: receive setConfiguration SetConfigurationRequest:client-9E894F3AA110->s7@group-4CF2EC507520, cid=2065, seq=null, RW, null, SET_UNCONDITIONALLY, servers:[s11, s10, s7, s13, s8, s12, s9, s0, s1], listeners:[]
2024-12-25 19:04:16,177 INFO  server.RaftServer$Division (RaftServerImpl.java:setConfigurationAsync(1348)) - s9@group-4CF2EC507520: receive setConfiguration SetConfigurationRequest:client-9E894F3AA110->s9@group-4CF2EC507520, cid=2065, seq=null, RW, null, SET_UNCONDITIONALLY, servers:[s11, s10, s7, s13, s8, s12, s9, s0, s1], listeners:[]
2024-12-25 19:04:16,277 INFO  server.RaftServer$Division (RaftServerImpl.java:setConfigurationAsync(1348)) - s7@group-4CF2EC507520: receive setConfiguration SetConfigurationRequest:client-9E894F3AA110->s7@group-4CF2EC507520, cid=2065, seq=null, RW, null, SET_UNCONDITIONALLY, servers:[s11, s10, s7, s13, s8, s12, s9, s0, s1], listeners:[]
2024-12-25 19:04:16,377 INFO  server.RaftServer$Division (RaftServerImpl.java:setConfigurationAsync(1348)) - s8@group-4CF2EC507520: receive setConfiguration SetConfigurationRequest:client-9E894F3AA110->s8@group-4CF2EC507520, cid=2065, seq=null, RW, null, SET_UNCONDITIONALLY, servers:[s11, s10, s7, s13, s8, s12, s9, s0, s1], listeners:[]
2024-12-25 19:04:16,478 INFO  server.RaftServer$Division (RaftServerImpl.java:setConfigurationAsync(1348)) - s7@group-4CF2EC507520: receive setConfiguration SetConfigurationRequest:client-9E894F3AA110->s7@group-4CF2EC507520, cid=2065, seq=null, RW, null, SET_UNCONDITIONALLY, servers:[s11, s10, s7, s13, s8, s12, s9, s0, s1], listeners:[]
2024-12-25 19:04:16,578 INFO  server.RaftServer$Division (RaftServerImpl.java:setConfigurationAsync(1348)) - s1@group-4CF2EC507520: receive setConfiguration SetConfigurationRequest:client-9E894F3AA110->s1@group-4CF2EC507520, cid=2065, seq=null, RW, null, SET_UNCONDITIONALLY, servers:[s11, s10, s7, s13, s8, s12, s9, s0, s1], listeners:[]
2024-12-25 19:04:16,678 INFO  server.RaftServer$Division (RaftServerImpl.java:setConfigurationAsync(1348)) - s9@group-4CF2EC507520: receive setConfiguration SetConfigurationRequest:client-9E894F3AA110->s9@group-4CF2EC507520, cid=2065, seq=null, RW, null, SET_UNCONDITIONALLY, servers:[s11, s10, s7, s13, s8, s12, s9, s0, s1], listeners:[]
2024-12-25 19:04:16,779 INFO  server.RaftServer$Division (RaftServerImpl.java:setConfigurationAsync(1348)) - s7@group-4CF2EC507520: receive setConfiguration SetConfigurationRequest:client-9E894F3AA110->s7@group-4CF2EC507520, cid=2065, seq=null, RW, null, SET_UNCONDITIONALLY, servers:[s11, s10, s7, s13, s8, s12, s9, s0, s1], listeners:[]
2024-12-25 19:04:16,879 INFO  server.RaftServer$Division (RaftServerImpl.java:setConfigurationAsync(1348)) - s1@group-4CF2EC507520: receive setConfiguration SetConfigurationRequest:client-9E894F3AA110->s1@group-4CF2EC507520, cid=2065, seq=null, RW, null, SET_UNCONDITIONALLY, servers:[s11, s10, s7, s13, s8, s12, s9, s0, s1], listeners:[]
2024-12-25 19:04:16,979 INFO  server.RaftServer$Division (RaftServerImpl.java:setConfigurationAsync(1348)) - s9@group-4CF2EC507520: receive setConfiguration SetConfigurationRequest:client-9E894F3AA110->s9@group-4CF2EC507520, cid=2065, seq=null, RW, null, SET_UNCONDITIONALLY, servers:[s11, s10, s7, s13, s8, s12, s9, s0, s1], listeners:[]
2024-12-25 19:04:17,057 INFO  impl.MiniRaftCluster (MiniRaftCluster.java:lambda$null$7(362)) - TIMED-PRINT: printing ALL groups
  s3:  RUNNING [
   FOLLOWER s3@group-4CF2EC507520:t0, leader=null, voted=, raftlog=Memoized:s3@group-4CF2EC507520-SegmentedRaftLog:OPENED:c-1:lastnull, conf=conf: {index: -1, cur=peers:[]|listeners:[], old=null} STARTING
   FOLLOWER s3@group-6AB839334A82:t0, leader=null, voted=, raftlog=Memoized:s3@group-6AB839334A82-SegmentedRaftLog:OPENED:c-1:lastnull, conf=conf: {index: -1, cur=peers:[]|listeners:[], old=null} STARTING] size=2
  s4:  RUNNING [
   FOLLOWER s4@group-4CF2EC507520:t0, leader=null, voted=, raftlog=Memoized:s4@group-4CF2EC507520-SegmentedRaftLog:OPENED:c-1:lastnull, conf=conf: {index: -1, cur=peers:[]|listeners:[], old=null} STARTING
   FOLLOWER s4@group-6AB839334A82:t0, leader=null, voted=, raftlog=Memoized:s4@group-6AB839334A82-SegmentedRaftLog:OPENED:c-1:lastnull, conf=conf: {index: -1, cur=peers:[]|listeners:[], old=null} STARTING] size=2
  s5:  RUNNING [
   FOLLOWER s5@group-4CF2EC507520:t0, leader=null, voted=, raftlog=Memoized:s5@group-4CF2EC507520-SegmentedRaftLog:OPENED:c-1:lastnull, conf=conf: {index: -1, cur=peers:[]|listeners:[], old=null} STARTING
   FOLLOWER s5@group-6AB839334A82:t0, leader=null, voted=, raftlog=Memoized:s5@group-6AB839334A82-SegmentedRaftLog:OPENED:c-1:lastnull, conf=conf: {index: -1, cur=peers:[]|listeners:[], old=null} STARTING] size=2
  s6:  RUNNING [
   FOLLOWER s6@group-4CF2EC507520:t0, leader=null, voted=, raftlog=Memoized:s6@group-4CF2EC507520-SegmentedRaftLog:OPENED:c-1:lastnull, conf=conf: {index: -1, cur=peers:[]|listeners:[], old=null} STARTING
   FOLLOWER s6@group-6AB839334A82:t0, leader=null, voted=, raftlog=Memoized:s6@group-6AB839334A82-SegmentedRaftLog:OPENED:c-1:lastnull, conf=conf: {index: -1, cur=peers:[]|listeners:[], old=null} STARTING] size=2
  s7:  RUNNING [
     LEADER s7@group-4CF2EC507520:t1, leader=s7, voted=s7, raftlog=Memoized:s7@group-4CF2EC507520-SegmentedRaftLog:OPENED:c123:last(t:1, i:124), conf=conf: {index: 123, cur=peers:[s7, s8, s9, s0, s1]|listeners:[], old=null} RUNNING
   FOLLOWER s7@group-6AB839334A82:t0, leader=null, voted=, raftlog=Memoized:s7@group-6AB839334A82-SegmentedRaftLog:OPENED:c-1:lastnull, conf=conf: {index: -1, cur=peers:[]|listeners:[], old=null} STARTING] size=2
  s8:  RUNNING [
   FOLLOWER s8@group-4CF2EC507520:t1, leader=s7, voted=s7, raftlog=Memoized:s8@group-4CF2EC507520-SegmentedRaftLog:OPENED:c123:last(t:1, i:124), conf=conf: {index: 123, cur=peers:[s7|, s8|, s9|, s0|, s1|]|listeners:[], old=null} RUNNING
   FOLLOWER s8@group-6AB839334A82:t0, leader=null, voted=, raftlog=Memoized:s8@group-6AB839334A82-SegmentedRaftLog:OPENED:c-1:lastnull, conf=conf: {index: -1, cur=peers:[]|listeners:[], old=null} STARTING] size=2
  s9:  RUNNING [
   FOLLOWER s9@group-4CF2EC507520:t1, leader=s7, voted=s7, raftlog=Memoized:s9@group-4CF2EC507520-SegmentedRaftLog:OPENED:c123:last(t:1, i:124), conf=conf: {index: 123, cur=peers:[s7|, s8|, s9|, s0|, s1|]|listeners:[], old=null} RUNNING
   FOLLOWER s9@group-6AB839334A82:t0, leader=null, voted=, raftlog=Memoized:s9@group-6AB839334A82-SegmentedRaftLog:OPENED:c-1:lastnull, conf=conf: {index: -1, cur=peers:[]|listeners:[], old=null} STARTING] size=2
  s11:  RUNNING [
   FOLLOWER s11@group-4CF2EC507520:t1, leader=s7, voted=null, raftlog=Memoized:s11@group-4CF2EC507520-SegmentedRaftLog:OPENED:c123:last(t:1, i:124), conf=conf: {index: 123, cur=peers:[s7|, s8|, s9|, s0|, s1|]|listeners:[], old=null} STARTING
   FOLLOWER s11@group-6AB839334A82:t0, leader=null, voted=, raftlog=Memoized:s11@group-6AB839334A82-SegmentedRaftLog:OPENED:c-1:lastnull, conf=conf: {index: -1, cur=peers:[]|listeners:[], old=null} STARTING] size=2
  s10:  RUNNING [
   FOLLOWER s10@group-4CF2EC507520:t1, leader=s7, voted=null, raftlog=Memoized:s10@group-4CF2EC507520-SegmentedRaftLog:OPENED:c123:last(t:1, i:124), conf=conf: {index: 123, cur=peers:[s7|, s8|, s9|, s0|, s1|]|listeners:[], old=null} STARTING
   FOLLOWER s10@group-6AB839334A82:t0, leader=null, voted=, raftlog=Memoized:s10@group-6AB839334A82-SegmentedRaftLog:OPENED:c-1:lastnull, conf=conf: {index: -1, cur=peers:[]|listeners:[], old=null} STARTING] size=2
  s13:  RUNNING [
   FOLLOWER s13@group-4CF2EC507520:t1, leader=s7, voted=null, raftlog=Memoized:s13@group-4CF2EC507520-SegmentedRaftLog:OPENED:c123:last(t:1, i:124), conf=conf: {index: 123, cur=peers:[s7|, s8|, s9|, s0|, s1|]|listeners:[], old=null} STARTING
   FOLLOWER s13@group-6AB839334A82:t0, leader=null, voted=, raftlog=Memoized:s13@group-6AB839334A82-SegmentedRaftLog:OPENED:c-1:lastnull, conf=conf: {index: -1, cur=peers:[]|listeners:[], old=null} STARTING] size=2
  s12:  RUNNING [
   FOLLOWER s12@group-4CF2EC507520:t1, leader=s7, voted=null, raftlog=Memoized:s12@group-4CF2EC507520-SegmentedRaftLog:OPENED:c123:last(t:1, i:124), conf=conf: {index: 123, cur=peers:[s7|, s8|, s9|, s0|, s1|]|listeners:[], old=null} STARTING
   FOLLOWER s12@group-6AB839334A82:t0, leader=null, voted=, raftlog=Memoized:s12@group-6AB839334A82-SegmentedRaftLog:OPENED:c-1:lastnull, conf=conf: {index: -1, cur=peers:[]|listeners:[], old=null} STARTING] size=2
  s14:  RUNNING [
   FOLLOWER s14@group-4CF2EC507520:t0, leader=null, voted=, raftlog=Memoized:s14@group-4CF2EC507520-SegmentedRaftLog:OPENED:c-1:lastnull, conf=conf: {index: -1, cur=peers:[]|listeners:[], old=null} STARTING
   FOLLOWER s14@group-6AB839334A82:t0, leader=null, voted=, raftlog=Memoized:s14@group-6AB839334A82-SegmentedRaftLog:OPENED:c-1:lastnull, conf=conf: {index: -1, cur=peers:[]|listeners:[], old=null} STARTING] size=2
  s0:  RUNNING [
   FOLLOWER s0@group-4CF2EC507520:t1, leader=s7, voted=null, raftlog=Memoized:s0@group-4CF2EC507520-SegmentedRaftLog:OPENED:c123:last(t:1, i:124), conf=conf: {index: 123, cur=peers:[s7|, s8|, s9|, s0|, s1|]|listeners:[], old=null} STARTING
   FOLLOWER s0@group-6AB839334A82:t0, leader=null, voted=, raftlog=Memoized:s0@group-6AB839334A82-SegmentedRaftLog:OPENED:c-1:lastnull, conf=conf: {index: -1, cur=peers:[]|listeners:[], old=null} STARTING] size=2
  s1:  RUNNING [
   FOLLOWER s1@group-4CF2EC507520:t1, leader=s7, voted=null, raftlog=Memoized:s1@group-4CF2EC507520-SegmentedRaftLog:OPENED:c123:last(t:1, i:124), conf=conf: {index: 123, cur=peers:[s7|, s8|, s9|, s0|, s1|]|listeners:[], old=null} STARTING
   FOLLOWER s1@group-6AB839334A82:t0, leader=null, voted=, raftlog=Memoized:s1@group-6AB839334A82-SegmentedRaftLog:OPENED:c-1:lastnull, conf=conf: {index: -1, cur=peers:[]|listeners:[], old=null} STARTING] size=2
  s2:  RUNNING [
   FOLLOWER s2@group-4CF2EC507520:t0, leader=null, voted=, raftlog=Memoized:s2@group-4CF2EC507520-SegmentedRaftLog:OPENED:c-1:lastnull, conf=conf: {index: -1, cur=peers:[]|listeners:[], old=null} STARTING
   FOLLOWER s2@group-6AB839334A82:t0, leader=null, voted=, raftlog=Memoized:s2@group-6AB839334A82-SegmentedRaftLog:OPENED:c-1:lastnull, conf=conf: {index: -1, cur=peers:[]|listeners:[], old=null} STARTING] size=2
2024-12-25 19:04:17,080 INFO  server.RaftServer$Division (RaftServerImpl.java:setConfigurationAsync(1348)) - s7@group-4CF2EC507520: receive setConfiguration SetConfigurationRequest:client-9E894F3AA110->s7@group-4CF2EC507520, cid=2065, seq=null, RW, null, SET_UNCONDITIONALLY, servers:[s11, s10, s7, s13, s8, s12, s9, s0, s1], listeners:[]
2024-12-25 19:04:17,180 INFO  server.RaftServer$Division (RaftServerImpl.java:setConfigurationAsync(1348)) - s9@group-4CF2EC507520: receive setConfiguration SetConfigurationRequest:client-9E894F3AA110->s9@group-4CF2EC507520, cid=2065, seq=null, RW, null, SET_UNCONDITIONALLY, servers:[s11, s10, s7, s13, s8, s12, s9, s0, s1], listeners:[]
2024-12-25 19:04:17,281 INFO  server.RaftServer$Division (RaftServerImpl.java:setConfigurationAsync(1348)) - s7@group-4CF2EC507520: receive setConfiguration SetConfigurationRequest:client-9E894F3AA110->s7@group-4CF2EC507520, cid=2065, seq=null, RW, null, SET_UNCONDITIONALLY, servers:[s11, s10, s7, s13, s8, s12, s9, s0, s1], listeners:[]
2024-12-25 19:04:17,381 INFO  server.RaftServer$Division (RaftServerImpl.java:setConfigurationAsync(1348)) - s1@group-4CF2EC507520: receive setConfiguration SetConfigurationRequest:client-9E894F3AA110->s1@group-4CF2EC507520, cid=2065, seq=null, RW, null, SET_UNCONDITIONALLY, servers:[s11, s10, s7, s13, s8, s12, s9, s0, s1], listeners:[]
2024-12-25 19:04:17,481 INFO  server.RaftServer$Division (RaftServerImpl.java:setConfigurationAsync(1348)) - s0@group-4CF2EC507520: receive setConfiguration SetConfigurationRequest:client-9E894F3AA110->s0@group-4CF2EC507520, cid=2065, seq=null, RW, null, SET_UNCONDITIONALLY, servers:[s11, s10, s7, s13, s8, s12, s9, s0, s1], listeners:[]
2024-12-25 19:04:17,582 INFO  server.RaftServer$Division (RaftServerImpl.java:setConfigurationAsync(1348)) - s9@group-4CF2EC507520: receive setConfiguration SetConfigurationRequest:client-9E894F3AA110->s9@group-4CF2EC507520, cid=2065, seq=null, RW, null, SET_UNCONDITIONALLY, servers:[s11, s10, s7, s13, s8, s12, s9, s0, s1], listeners:[]
2024-12-25 19:04:17,682 INFO  server.RaftServer$Division (RaftServerImpl.java:setConfigurationAsync(1348)) - s7@group-4CF2EC507520: receive setConfiguration SetConfigurationRequest:client-9E894F3AA110->s7@group-4CF2EC507520, cid=2065, seq=null, RW, null, SET_UNCONDITIONALLY, servers:[s11, s10, s7, s13, s8, s12, s9, s0, s1], listeners:[]
2024-12-25 19:04:17,782 INFO  server.RaftServer$Division (RaftServerImpl.java:setConfigurationAsync(1348)) - s8@group-4CF2EC507520: receive setConfiguration SetConfigurationRequest:client-9E894F3AA110->s8@group-4CF2EC507520, cid=2065, seq=null, RW, null, SET_UNCONDITIONALLY, servers:[s11, s10, s7, s13, s8, s12, s9, s0, s1], listeners:[]
2024-12-25 19:04:17,882 INFO  server.RaftServer$Division (RaftServerImpl.java:setConfigurationAsync(1348)) - s7@group-4CF2EC507520: receive setConfiguration SetConfigurationRequest:client-9E894F3AA110->s7@group-4CF2EC507520, cid=2065, seq=null, RW, null, SET_UNCONDITIONALLY, servers:[s11, s10, s7, s13, s8, s12, s9, s0, s1], listeners:[]
2024-12-25 19:04:17,983 INFO  server.RaftServer$Division (RaftServerImpl.java:setConfigurationAsync(1348)) - s9@group-4CF2EC507520: receive setConfiguration SetConfigurationRequest:client-9E894F3AA110->s9@group-4CF2EC507520, cid=2065, seq=null, RW, null, SET_UNCONDITIONALLY, servers:[s11, s10, s7, s13, s8, s12, s9, s0, s1], listeners:[]
2024-12-25 19:04:18,083 INFO  server.RaftServer$Division (RaftServerImpl.java:setConfigurationAsync(1348)) - s7@group-4CF2EC507520: receive setConfiguration SetConfigurationRequest:client-9E894F3AA110->s7@group-4CF2EC507520, cid=2065, seq=null, RW, null, SET_UNCONDITIONALLY, servers:[s11, s10, s7, s13, s8, s12, s9, s0, s1], listeners:[]
2024-12-25 19:04:18,183 INFO  server.RaftServer$Division (RaftServerImpl.java:setConfigurationAsync(1348)) - s8@group-4CF2EC507520: receive setConfiguration SetConfigurationRequest:client-9E894F3AA110->s8@group-4CF2EC507520, cid=2065, seq=null, RW, null, SET_UNCONDITIONALLY, servers:[s11, s10, s7, s13, s8, s12, s9, s0, s1], listeners:[]
2024-12-25 19:04:18,284 INFO  server.RaftServer$Division (RaftServerImpl.java:setConfigurationAsync(1348)) - s7@group-4CF2EC507520: receive setConfiguration SetConfigurationRequest:client-9E894F3AA110->s7@group-4CF2EC507520, cid=2065, seq=null, RW, null, SET_UNCONDITIONALLY, servers:[s11, s10, s7, s13, s8, s12, s9, s0, s1], listeners:[]
2024-12-25 19:04:18,384 INFO  server.RaftServer$Division (RaftServerImpl.java:setConfigurationAsync(1348)) - s8@group-4CF2EC507520: receive setConfiguration SetConfigurationRequest:client-9E894F3AA110->s8@group-4CF2EC507520, cid=2065, seq=null, RW, null, SET_UNCONDITIONALLY, servers:[s11, s10, s7, s13, s8, s12, s9, s0, s1], listeners:[]
2024-12-25 19:04:18,485 INFO  server.RaftServer$Division (RaftServerImpl.java:setConfigurationAsync(1348)) - s7@group-4CF2EC507520: receive setConfiguration SetConfigurationRequest:client-9E894F3AA110->s7@group-4CF2EC507520, cid=2065, seq=null, RW, null, SET_UNCONDITIONALLY, servers:[s11, s10, s7, s13, s8, s12, s9, s0, s1], listeners:[]
2024-12-25 19:04:18,585 INFO  server.RaftServer$Division (RaftServerImpl.java:setConfigurationAsync(1348)) - s9@group-4CF2EC507520: receive setConfiguration SetConfigurationRequest:client-9E894F3AA110->s9@group-4CF2EC507520, cid=2065, seq=null, RW, null, SET_UNCONDITIONALLY, servers:[s11, s10, s7, s13, s8, s12, s9, s0, s1], listeners:[]
2024-12-25 19:04:18,685 INFO  server.RaftServer$Division (RaftServerImpl.java:setConfigurationAsync(1348)) - s7@group-4CF2EC507520: receive setConfiguration SetConfigurationRequest:client-9E894F3AA110->s7@group-4CF2EC507520, cid=2065, seq=null, RW, null, SET_UNCONDITIONALLY, servers:[s11, s10, s7, s13, s8, s12, s9, s0, s1], listeners:[]
2024-12-25 19:04:18,786 INFO  server.RaftServer$Division (RaftServerImpl.java:setConfigurationAsync(1348)) - s1@group-4CF2EC507520: receive setConfiguration SetConfigurationRequest:client-9E894F3AA110->s1@group-4CF2EC507520, cid=2065, seq=null, RW, null, SET_UNCONDITIONALLY, servers:[s11, s10, s7, s13, s8, s12, s9, s0, s1], listeners:[]
2024-12-25 19:04:18,886 INFO  server.RaftServer$Division (RaftServerImpl.java:setConfigurationAsync(1348)) - s9@group-4CF2EC507520: receive setConfiguration SetConfigurationRequest:client-9E894F3AA110->s9@group-4CF2EC507520, cid=2065, seq=null, RW, null, SET_UNCONDITIONALLY, servers:[s11, s10, s7, s13, s8, s12, s9, s0, s1], listeners:[]
2024-12-25 19:04:18,986 INFO  server.RaftServer$Division (RaftServerImpl.java:setConfigurationAsync(1348)) - s7@group-4CF2EC507520: receive setConfiguration SetConfigurationRequest:client-9E894F3AA110->s7@group-4CF2EC507520, cid=2065, seq=null, RW, null, SET_UNCONDITIONALLY, servers:[s11, s10, s7, s13, s8, s12, s9, s0, s1], listeners:[]
2024-12-25 19:04:19,087 INFO  server.RaftServer$Division (RaftServerImpl.java:setConfigurationAsync(1348)) - s8@group-4CF2EC507520: receive setConfiguration SetConfigurationRequest:client-9E894F3AA110->s8@group-4CF2EC507520, cid=2065, seq=null, RW, null, SET_UNCONDITIONALLY, servers:[s11, s10, s7, s13, s8, s12, s9, s0, s1], listeners:[]
2024-12-25 19:04:19,187 INFO  server.RaftServer$Division (RaftServerImpl.java:setConfigurationAsync(1348)) - s7@group-4CF2EC507520: receive setConfiguration SetConfigurationRequest:client-9E894F3AA110->s7@group-4CF2EC507520, cid=2065, seq=null, RW, null, SET_UNCONDITIONALLY, servers:[s11, s10, s7, s13, s8, s12, s9, s0, s1], listeners:[]
2024-12-25 19:04:19,287 INFO  server.RaftServer$Division (RaftServerImpl.java:setConfigurationAsync(1348)) - s1@group-4CF2EC507520: receive setConfiguration SetConfigurationRequest:client-9E894F3AA110->s1@group-4CF2EC507520, cid=2065, seq=null, RW, null, SET_UNCONDITIONALLY, servers:[s11, s10, s7, s13, s8, s12, s9, s0, s1], listeners:[]
2024-12-25 19:04:19,388 INFO  server.RaftServer$Division (RaftServerImpl.java:setConfigurationAsync(1348)) - s9@group-4CF2EC507520: receive setConfiguration SetConfigurationRequest:client-9E894F3AA110->s9@group-4CF2EC507520, cid=2065, seq=null, RW, null, SET_UNCONDITIONALLY, servers:[s11, s10, s7, s13, s8, s12, s9, s0, s1], listeners:[]
2024-12-25 19:04:19,488 INFO  server.RaftServer$Division (RaftServerImpl.java:setConfigurationAsync(1348)) - s7@group-4CF2EC507520: receive setConfiguration SetConfigurationRequest:client-9E894F3AA110->s7@group-4CF2EC507520, cid=2065, seq=null, RW, null, SET_UNCONDITIONALLY, servers:[s11, s10, s7, s13, s8, s12, s9, s0, s1], listeners:[]
2024-12-25 19:04:19,588 INFO  server.RaftServer$Division (RaftServerImpl.java:setConfigurationAsync(1348)) - s9@group-4CF2EC507520: receive setConfiguration SetConfigurationRequest:client-9E894F3AA110->s9@group-4CF2EC507520, cid=2065, seq=null, RW, null, SET_UNCONDITIONALLY, servers:[s11, s10, s7, s13, s8, s12, s9, s0, s1], listeners:[]
2024-12-25 19:04:19,689 INFO  server.RaftServer$Division (RaftServerImpl.java:setConfigurationAsync(1348)) - s7@group-4CF2EC507520: receive setConfiguration SetConfigurationRequest:client-9E894F3AA110->s7@group-4CF2EC507520, cid=2065, seq=null, RW, null, SET_UNCONDITIONALLY, servers:[s11, s10, s7, s13, s8, s12, s9, s0, s1], listeners:[]
2024-12-25 19:04:19,789 INFO  server.RaftServer$Division (RaftServerImpl.java:setConfigurationAsync(1348)) - s8@group-4CF2EC507520: receive setConfiguration SetConfigurationRequest:client-9E894F3AA110->s8@group-4CF2EC507520, cid=2065, seq=null, RW, null, SET_UNCONDITIONALLY, servers:[s11, s10, s7, s13, s8, s12, s9, s0, s1], listeners:[]
2024-12-25 19:04:19,889 INFO  server.RaftServer$Division (RaftServerImpl.java:setConfigurationAsync(1348)) - s7@group-4CF2EC507520: receive setConfiguration SetConfigurationRequest:client-9E894F3AA110->s7@group-4CF2EC507520, cid=2065, seq=null, RW, null, SET_UNCONDITIONALLY, servers:[s11, s10, s7, s13, s8, s12, s9, s0, s1], listeners:[]
2024-12-25 19:04:19,990 INFO  server.RaftServer$Division (RaftServerImpl.java:setConfigurationAsync(1348)) - s9@group-4CF2EC507520: receive setConfiguration SetConfigurationRequest:client-9E894F3AA110->s9@group-4CF2EC507520, cid=2065, seq=null, RW, null, SET_UNCONDITIONALLY, servers:[s11, s10, s7, s13, s8, s12, s9, s0, s1], listeners:[]
2024-12-25 19:04:20,090 INFO  server.RaftServer$Division (RaftServerImpl.java:setConfigurationAsync(1348)) - s7@group-4CF2EC507520: receive setConfiguration SetConfigurationRequest:client-9E894F3AA110->s7@group-4CF2EC507520, cid=2065, seq=null, RW, null, SET_UNCONDITIONALLY, servers:[s11, s10, s7, s13, s8, s12, s9, s0, s1], listeners:[]
2024-12-25 19:04:20,190 INFO  server.RaftServer$Division (RaftServerImpl.java:setConfigurationAsync(1348)) - s0@group-4CF2EC507520: receive setConfiguration SetConfigurationRequest:client-9E894F3AA110->s0@group-4CF2EC507520, cid=2065, seq=null, RW, null, SET_UNCONDITIONALLY, servers:[s11, s10, s7, s13, s8, s12, s9, s0, s1], listeners:[]
2024-12-25 19:04:20,291 INFO  server.RaftServer$Division (RaftServerImpl.java:setConfigurationAsync(1348)) - s8@group-4CF2EC507520: receive setConfiguration SetConfigurationRequest:client-9E894F3AA110->s8@group-4CF2EC507520, cid=2065, seq=null, RW, null, SET_UNCONDITIONALLY, servers:[s11, s10, s7, s13, s8, s12, s9, s0, s1], listeners:[]
2024-12-25 19:04:20,391 INFO  server.RaftServer$Division (RaftServerImpl.java:setConfigurationAsync(1348)) - s7@group-4CF2EC507520: receive setConfiguration SetConfigurationRequest:client-9E894F3AA110->s7@group-4CF2EC507520, cid=2065, seq=null, RW, null, SET_UNCONDITIONALLY, servers:[s11, s10, s7, s13, s8, s12, s9, s0, s1], listeners:[]
2024-12-25 19:04:20,491 INFO  server.RaftServer$Division (RaftServerImpl.java:setConfigurationAsync(1348)) - s8@group-4CF2EC507520: receive setConfiguration SetConfigurationRequest:client-9E894F3AA110->s8@group-4CF2EC507520, cid=2065, seq=null, RW, null, SET_UNCONDITIONALLY, servers:[s11, s10, s7, s13, s8, s12, s9, s0, s1], listeners:[]
2024-12-25 19:04:20,592 INFO  server.RaftServer$Division (RaftServerImpl.java:setConfigurationAsync(1348)) - s7@group-4CF2EC507520: receive setConfiguration SetConfigurationRequest:client-9E894F3AA110->s7@group-4CF2EC507520, cid=2065, seq=null, RW, null, SET_UNCONDITIONALLY, servers:[s11, s10, s7, s13, s8, s12, s9, s0, s1], listeners:[]
2024-12-25 19:04:20,692 INFO  server.RaftServer$Division (RaftServerImpl.java:setConfigurationAsync(1348)) - s8@group-4CF2EC507520: receive setConfiguration SetConfigurationRequest:client-9E894F3AA110->s8@group-4CF2EC507520, cid=2065, seq=null, RW, null, SET_UNCONDITIONALLY, servers:[s11, s10, s7, s13, s8, s12, s9, s0, s1], listeners:[]
2024-12-25 19:04:20,792 INFO  server.RaftServer$Division (RaftServerImpl.java:setConfigurationAsync(1348)) - s7@group-4CF2EC507520: receive setConfiguration SetConfigurationRequest:client-9E894F3AA110->s7@group-4CF2EC507520, cid=2065, seq=null, RW, null, SET_UNCONDITIONALLY, servers:[s11, s10, s7, s13, s8, s12, s9, s0, s1], listeners:[]
2024-12-25 19:04:20,893 INFO  server.RaftServer$Division (RaftServerImpl.java:setConfigurationAsync(1348)) - s1@group-4CF2EC507520: receive setConfiguration SetConfigurationRequest:client-9E894F3AA110->s1@group-4CF2EC507520, cid=2065, seq=null, RW, null, SET_UNCONDITIONALLY, servers:[s11, s10, s7, s13, s8, s12, s9, s0, s1], listeners:[]
2024-12-25 19:04:20,993 INFO  server.RaftServer$Division (RaftServerImpl.java:setConfigurationAsync(1348)) - s8@group-4CF2EC507520: receive setConfiguration SetConfigurationRequest:client-9E894F3AA110->s8@group-4CF2EC507520, cid=2065, seq=null, RW, null, SET_UNCONDITIONALLY, servers:[s11, s10, s7, s13, s8, s12, s9, s0, s1], listeners:[]
2024-12-25 19:04:21,093 INFO  server.RaftServer$Division (RaftServerImpl.java:setConfigurationAsync(1348)) - s7@group-4CF2EC507520: receive setConfiguration SetConfigurationRequest:client-9E894F3AA110->s7@group-4CF2EC507520, cid=2065, seq=null, RW, null, SET_UNCONDITIONALLY, servers:[s11, s10, s7, s13, s8, s12, s9, s0, s1], listeners:[]
2024-12-25 19:04:21,194 INFO  server.RaftServer$Division (RaftServerImpl.java:setConfigurationAsync(1348)) - s1@group-4CF2EC507520: receive setConfiguration SetConfigurationRequest:client-9E894F3AA110->s1@group-4CF2EC507520, cid=2065, seq=null, RW, null, SET_UNCONDITIONALLY, servers:[s11, s10, s7, s13, s8, s12, s9, s0, s1], listeners:[]
2024-12-25 19:04:21,294 INFO  server.RaftServer$Division (RaftServerImpl.java:setConfigurationAsync(1348)) - s7@group-4CF2EC507520: receive setConfiguration SetConfigurationRequest:client-9E894F3AA110->s7@group-4CF2EC507520, cid=2065, seq=null, RW, null, SET_UNCONDITIONALLY, servers:[s11, s10, s7, s13, s8, s12, s9, s0, s1], listeners:[]
2024-12-25 19:04:21,394 INFO  server.RaftServer$Division (RaftServerImpl.java:setConfigurationAsync(1348)) - s1@group-4CF2EC507520: receive setConfiguration SetConfigurationRequest:client-9E894F3AA110->s1@group-4CF2EC507520, cid=2065, seq=null, RW, null, SET_UNCONDITIONALLY, servers:[s11, s10, s7, s13, s8, s12, s9, s0, s1], listeners:[]
2024-12-25 19:04:21,495 INFO  server.RaftServer$Division (RaftServerImpl.java:setConfigurationAsync(1348)) - s9@group-4CF2EC507520: receive setConfiguration SetConfigurationRequest:client-9E894F3AA110->s9@group-4CF2EC507520, cid=2065, seq=null, RW, null, SET_UNCONDITIONALLY, servers:[s11, s10, s7, s13, s8, s12, s9, s0, s1], listeners:[]
2024-12-25 19:04:21,595 INFO  server.RaftServer$Division (RaftServerImpl.java:setConfigurationAsync(1348)) - s7@group-4CF2EC507520: receive setConfiguration SetConfigurationRequest:client-9E894F3AA110->s7@group-4CF2EC507520, cid=2065, seq=null, RW, null, SET_UNCONDITIONALLY, servers:[s11, s10, s7, s13, s8, s12, s9, s0, s1], listeners:[]
2024-12-25 19:04:21,696 INFO  server.RaftServer$Division (RaftServerImpl.java:setConfigurationAsync(1348)) - s8@group-4CF2EC507520: receive setConfiguration SetConfigurationRequest:client-9E894F3AA110->s8@group-4CF2EC507520, cid=2065, seq=null, RW, null, SET_UNCONDITIONALLY, servers:[s11, s10, s7, s13, s8, s12, s9, s0, s1], listeners:[]
2024-12-25 19:04:21,796 INFO  server.RaftServer$Division (RaftServerImpl.java:setConfigurationAsync(1348)) - s7@group-4CF2EC507520: receive setConfiguration SetConfigurationRequest:client-9E894F3AA110->s7@group-4CF2EC507520, cid=2065, seq=null, RW, null, SET_UNCONDITIONALLY, servers:[s11, s10, s7, s13, s8, s12, s9, s0, s1], listeners:[]
2024-12-25 19:04:21,896 INFO  server.RaftServer$Division (RaftServerImpl.java:setConfigurationAsync(1348)) - s9@group-4CF2EC507520: receive setConfiguration SetConfigurationRequest:client-9E894F3AA110->s9@group-4CF2EC507520, cid=2065, seq=null, RW, null, SET_UNCONDITIONALLY, servers:[s11, s10, s7, s13, s8, s12, s9, s0, s1], listeners:[]
2024-12-25 19:04:21,997 INFO  server.RaftServer$Division (RaftServerImpl.java:setConfigurationAsync(1348)) - s7@group-4CF2EC507520: receive setConfiguration SetConfigurationRequest:client-9E894F3AA110->s7@group-4CF2EC507520, cid=2065, seq=null, RW, null, SET_UNCONDITIONALLY, servers:[s11, s10, s7, s13, s8, s12, s9, s0, s1], listeners:[]
2024-12-25 19:04:22,097 INFO  server.RaftServer$Division (RaftServerImpl.java:setConfigurationAsync(1348)) - s9@group-4CF2EC507520: receive setConfiguration SetConfigurationRequest:client-9E894F3AA110->s9@group-4CF2EC507520, cid=2065, seq=null, RW, null, SET_UNCONDITIONALLY, servers:[s11, s10, s7, s13, s8, s12, s9, s0, s1], listeners:[]
2024-12-25 19:04:22,197 INFO  server.RaftServer$Division (RaftServerImpl.java:setConfigurationAsync(1348)) - s7@group-4CF2EC507520: receive setConfiguration SetConfigurationRequest:client-9E894F3AA110->s7@group-4CF2EC507520, cid=2065, seq=null, RW, null, SET_UNCONDITIONALLY, servers:[s11, s10, s7, s13, s8, s12, s9, s0, s1], listeners:[]
2024-12-25 19:04:22,298 INFO  server.RaftServer$Division (RaftServerImpl.java:setConfigurationAsync(1348)) - s0@group-4CF2EC507520: receive setConfiguration SetConfigurationRequest:client-9E894F3AA110->s0@group-4CF2EC507520, cid=2065, seq=null, RW, null, SET_UNCONDITIONALLY, servers:[s11, s10, s7, s13, s8, s12, s9, s0, s1], listeners:[]
2024-12-25 19:04:22,398 INFO  server.RaftServer$Division (RaftServerImpl.java:setConfigurationAsync(1348)) - s7@group-4CF2EC507520: receive setConfiguration SetConfigurationRequest:client-9E894F3AA110->s7@group-4CF2EC507520, cid=2065, seq=null, RW, null, SET_UNCONDITIONALLY, servers:[s11, s10, s7, s13, s8, s12, s9, s0, s1], listeners:[]
2024-12-25 19:04:22,498 INFO  server.RaftServer$Division (RaftServerImpl.java:setConfigurationAsync(1348)) - s1@group-4CF2EC507520: receive setConfiguration SetConfigurationRequest:client-9E894F3AA110->s1@group-4CF2EC507520, cid=2065, seq=null, RW, null, SET_UNCONDITIONALLY, servers:[s11, s10, s7, s13, s8, s12, s9, s0, s1], listeners:[]
2024-12-25 19:04:22,599 INFO  server.RaftServer$Division (RaftServerImpl.java:setConfigurationAsync(1348)) - s0@group-4CF2EC507520: receive setConfiguration SetConfigurationRequest:client-9E894F3AA110->s0@group-4CF2EC507520, cid=2065, seq=null, RW, null, SET_UNCONDITIONALLY, servers:[s11, s10, s7, s13, s8, s12, s9, s0, s1], listeners:[]
2024-12-25 19:04:22,699 INFO  server.RaftServer$Division (RaftServerImpl.java:setConfigurationAsync(1348)) - s1@group-4CF2EC507520: receive setConfiguration SetConfigurationRequest:client-9E894F3AA110->s1@group-4CF2EC507520, cid=2065, seq=null, RW, null, SET_UNCONDITIONALLY, servers:[s11, s10, s7, s13, s8, s12, s9, s0, s1], listeners:[]
2024-12-25 19:04:22,799 INFO  server.RaftServer$Division (RaftServerImpl.java:setConfigurationAsync(1348)) - s7@group-4CF2EC507520: receive setConfiguration SetConfigurationRequest:client-9E894F3AA110->s7@group-4CF2EC507520, cid=2065, seq=null, RW, null, SET_UNCONDITIONALLY, servers:[s11, s10, s7, s13, s8, s12, s9, s0, s1], listeners:[]
2024-12-25 19:04:22,900 INFO  server.RaftServer$Division (RaftServerImpl.java:setConfigurationAsync(1348)) - s8@group-4CF2EC507520: receive setConfiguration SetConfigurationRequest:client-9E894F3AA110->s8@group-4CF2EC507520, cid=2065, seq=null, RW, null, SET_UNCONDITIONALLY, servers:[s11, s10, s7, s13, s8, s12, s9, s0, s1], listeners:[]
2024-12-25 19:04:23,000 INFO  server.RaftServer$Division (RaftServerImpl.java:setConfigurationAsync(1348)) - s7@group-4CF2EC507520: receive setConfiguration SetConfigurationRequest:client-9E894F3AA110->s7@group-4CF2EC507520, cid=2065, seq=null, RW, null, SET_UNCONDITIONALLY, servers:[s11, s10, s7, s13, s8, s12, s9, s0, s1], listeners:[]
2024-12-25 19:04:23,100 INFO  server.RaftServer$Division (RaftServerImpl.java:setConfigurationAsync(1348)) - s8@group-4CF2EC507520: receive setConfiguration SetConfigurationRequest:client-9E894F3AA110->s8@group-4CF2EC507520, cid=2065, seq=null, RW, null, SET_UNCONDITIONALLY, servers:[s11, s10, s7, s13, s8, s12, s9, s0, s1], listeners:[]
2024-12-25 19:04:23,201 INFO  server.RaftServer$Division (RaftServerImpl.java:setConfigurationAsync(1348)) - s7@group-4CF2EC507520: receive setConfiguration SetConfigurationRequest:client-9E894F3AA110->s7@group-4CF2EC507520, cid=2065, seq=null, RW, null, SET_UNCONDITIONALLY, servers:[s11, s10, s7, s13, s8, s12, s9, s0, s1], listeners:[]
2024-12-25 19:04:23,301 INFO  server.RaftServer$Division (RaftServerImpl.java:setConfigurationAsync(1348)) - s8@group-4CF2EC507520: receive setConfiguration SetConfigurationRequest:client-9E894F3AA110->s8@group-4CF2EC507520, cid=2065, seq=null, RW, null, SET_UNCONDITIONALLY, servers:[s11, s10, s7, s13, s8, s12, s9, s0, s1], listeners:[]
2024-12-25 19:04:23,402 INFO  server.RaftServer$Division (RaftServerImpl.java:setConfigurationAsync(1348)) - s7@group-4CF2EC507520: receive setConfiguration SetConfigurationRequest:client-9E894F3AA110->s7@group-4CF2EC507520, cid=2065, seq=null, RW, null, SET_UNCONDITIONALLY, servers:[s11, s10, s7, s13, s8, s12, s9, s0, s1], listeners:[]
2024-12-25 19:04:23,502 INFO  server.RaftServer$Division (RaftServerImpl.java:setConfigurationAsync(1348)) - s1@group-4CF2EC507520: receive setConfiguration SetConfigurationRequest:client-9E894F3AA110->s1@group-4CF2EC507520, cid=2065, seq=null, RW, null, SET_UNCONDITIONALLY, servers:[s11, s10, s7, s13, s8, s12, s9, s0, s1], listeners:[]
2024-12-25 19:04:23,602 INFO  server.RaftServer$Division (RaftServerImpl.java:setConfigurationAsync(1348)) - s9@group-4CF2EC507520: receive setConfiguration SetConfigurationRequest:client-9E894F3AA110->s9@group-4CF2EC507520, cid=2065, seq=null, RW, null, SET_UNCONDITIONALLY, servers:[s11, s10, s7, s13, s8, s12, s9, s0, s1], listeners:[]
2024-12-25 19:04:23,703 INFO  server.RaftServer$Division (RaftServerImpl.java:setConfigurationAsync(1348)) - s7@group-4CF2EC507520: receive setConfiguration SetConfigurationRequest:client-9E894F3AA110->s7@group-4CF2EC507520, cid=2065, seq=null, RW, null, SET_UNCONDITIONALLY, servers:[s11, s10, s7, s13, s8, s12, s9, s0, s1], listeners:[]
2024-12-25 19:04:23,803 INFO  server.RaftServer$Division (RaftServerImpl.java:setConfigurationAsync(1348)) - s9@group-4CF2EC507520: receive setConfiguration SetConfigurationRequest:client-9E894F3AA110->s9@group-4CF2EC507520, cid=2065, seq=null, RW, null, SET_UNCONDITIONALLY, servers:[s11, s10, s7, s13, s8, s12, s9, s0, s1], listeners:[]
2024-12-25 19:04:23,903 INFO  server.RaftServer$Division (RaftServerImpl.java:setConfigurationAsync(1348)) - s7@group-4CF2EC507520: receive setConfiguration SetConfigurationRequest:client-9E894F3AA110->s7@group-4CF2EC507520, cid=2065, seq=null, RW, null, SET_UNCONDITIONALLY, servers:[s11, s10, s7, s13, s8, s12, s9, s0, s1], listeners:[]
2024-12-25 19:04:24,004 INFO  server.RaftServer$Division (RaftServerImpl.java:setConfigurationAsync(1348)) - s9@group-4CF2EC507520: receive setConfiguration SetConfigurationRequest:client-9E894F3AA110->s9@group-4CF2EC507520, cid=2065, seq=null, RW, null, SET_UNCONDITIONALLY, servers:[s11, s10, s7, s13, s8, s12, s9, s0, s1], listeners:[]
2024-12-25 19:04:24,104 INFO  server.RaftServer$Division (RaftServerImpl.java:setConfigurationAsync(1348)) - s7@group-4CF2EC507520: receive setConfiguration SetConfigurationRequest:client-9E894F3AA110->s7@group-4CF2EC507520, cid=2065, seq=null, RW, null, SET_UNCONDITIONALLY, servers:[s11, s10, s7, s13, s8, s12, s9, s0, s1], listeners:[]
2024-12-25 19:04:24,204 INFO  server.RaftServer$Division (RaftServerImpl.java:setConfigurationAsync(1348)) - s9@group-4CF2EC507520: receive setConfiguration SetConfigurationRequest:client-9E894F3AA110->s9@group-4CF2EC507520, cid=2065, seq=null, RW, null, SET_UNCONDITIONALLY, servers:[s11, s10, s7, s13, s8, s12, s9, s0, s1], listeners:[]
2024-12-25 19:04:24,305 INFO  server.RaftServer$Division (RaftServerImpl.java:setConfigurationAsync(1348)) - s7@group-4CF2EC507520: receive setConfiguration SetConfigurationRequest:client-9E894F3AA110->s7@group-4CF2EC507520, cid=2065, seq=null, RW, null, SET_UNCONDITIONALLY, servers:[s11, s10, s7, s13, s8, s12, s9, s0, s1], listeners:[]
2024-12-25 19:04:24,405 INFO  server.RaftServer$Division (RaftServerImpl.java:setConfigurationAsync(1348)) - s9@group-4CF2EC507520: receive setConfiguration SetConfigurationRequest:client-9E894F3AA110->s9@group-4CF2EC507520, cid=2065, seq=null, RW, null, SET_UNCONDITIONALLY, servers:[s11, s10, s7, s13, s8, s12, s9, s0, s1], listeners:[]
2024-12-25 19:04:24,506 INFO  server.RaftServer$Division (RaftServerImpl.java:setConfigurationAsync(1348)) - s7@group-4CF2EC507520: receive setConfiguration SetConfigurationRequest:client-9E894F3AA110->s7@group-4CF2EC507520, cid=2065, seq=null, RW, null, SET_UNCONDITIONALLY, servers:[s11, s10, s7, s13, s8, s12, s9, s0, s1], listeners:[]
2024-12-25 19:04:24,606 INFO  server.RaftServer$Division (RaftServerImpl.java:setConfigurationAsync(1348)) - s9@group-4CF2EC507520: receive setConfiguration SetConfigurationRequest:client-9E894F3AA110->s9@group-4CF2EC507520, cid=2065, seq=null, RW, null, SET_UNCONDITIONALLY, servers:[s11, s10, s7, s13, s8, s12, s9, s0, s1], listeners:[]
2024-12-25 19:04:24,706 INFO  server.RaftServer$Division (RaftServerImpl.java:setConfigurationAsync(1348)) - s7@group-4CF2EC507520: receive setConfiguration SetConfigurationRequest:client-9E894F3AA110->s7@group-4CF2EC507520, cid=2065, seq=null, RW, null, SET_UNCONDITIONALLY, servers:[s11, s10, s7, s13, s8, s12, s9, s0, s1], listeners:[]
2024-12-25 19:04:24,806 INFO  server.RaftServer$Division (RaftServerImpl.java:setConfigurationAsync(1348)) - s9@group-4CF2EC507520: receive setConfiguration SetConfigurationRequest:client-9E894F3AA110->s9@group-4CF2EC507520, cid=2065, seq=null, RW, null, SET_UNCONDITIONALLY, servers:[s11, s10, s7, s13, s8, s12, s9, s0, s1], listeners:[]
2024-12-25 19:04:24,907 INFO  server.RaftServer$Division (RaftServerImpl.java:setConfigurationAsync(1348)) - s7@group-4CF2EC507520: receive setConfiguration SetConfigurationRequest:client-9E894F3AA110->s7@group-4CF2EC507520, cid=2065, seq=null, RW, null, SET_UNCONDITIONALLY, servers:[s11, s10, s7, s13, s8, s12, s9, s0, s1], listeners:[]
2024-12-25 19:04:25,007 INFO  server.RaftServer$Division (RaftServerImpl.java:setConfigurationAsync(1348)) - s9@group-4CF2EC507520: receive setConfiguration SetConfigurationRequest:client-9E894F3AA110->s9@group-4CF2EC507520, cid=2065, seq=null, RW, null, SET_UNCONDITIONALLY, servers:[s11, s10, s7, s13, s8, s12, s9, s0, s1], listeners:[]
2024-12-25 19:04:25,107 INFO  server.RaftServer$Division (RaftServerImpl.java:setConfigurationAsync(1348)) - s7@group-4CF2EC507520: receive setConfiguration SetConfigurationRequest:client-9E894F3AA110->s7@group-4CF2EC507520, cid=2065, seq=null, RW, null, SET_UNCONDITIONALLY, servers:[s11, s10, s7, s13, s8, s12, s9, s0, s1], listeners:[]
2024-12-25 19:04:25,208 INFO  server.RaftServer$Division (RaftServerImpl.java:setConfigurationAsync(1348)) - s0@group-4CF2EC507520: receive setConfiguration SetConfigurationRequest:client-9E894F3AA110->s0@group-4CF2EC507520, cid=2065, seq=null, RW, null, SET_UNCONDITIONALLY, servers:[s11, s10, s7, s13, s8, s12, s9, s0, s1], listeners:[]
2024-12-25 19:04:25,308 INFO  server.RaftServer$Division (RaftServerImpl.java:setConfigurationAsync(1348)) - s7@group-4CF2EC507520: receive setConfiguration SetConfigurationRequest:client-9E894F3AA110->s7@group-4CF2EC507520, cid=2065, seq=null, RW, null, SET_UNCONDITIONALLY, servers:[s11, s10, s7, s13, s8, s12, s9, s0, s1], listeners:[]
2024-12-25 19:04:25,409 INFO  server.RaftServer$Division (RaftServerImpl.java:setConfigurationAsync(1348)) - s8@group-4CF2EC507520: receive setConfiguration SetConfigurationRequest:client-9E894F3AA110->s8@group-4CF2EC507520, cid=2065, seq=null, RW, null, SET_UNCONDITIONALLY, servers:[s11, s10, s7, s13, s8, s12, s9, s0, s1], listeners:[]
2024-12-25 19:04:25,509 INFO  server.RaftServer$Division (RaftServerImpl.java:setConfigurationAsync(1348)) - s7@group-4CF2EC507520: receive setConfiguration SetConfigurationRequest:client-9E894F3AA110->s7@group-4CF2EC507520, cid=2065, seq=null, RW, null, SET_UNCONDITIONALLY, servers:[s11, s10, s7, s13, s8, s12, s9, s0, s1], listeners:[]
2024-12-25 19:04:25,609 INFO  server.RaftServer$Division (RaftServerImpl.java:setConfigurationAsync(1348)) - s0@group-4CF2EC507520: receive setConfiguration SetConfigurationRequest:client-9E894F3AA110->s0@group-4CF2EC507520, cid=2065, seq=null, RW, null, SET_UNCONDITIONALLY, servers:[s11, s10, s7, s13, s8, s12, s9, s0, s1], listeners:[]
2024-12-25 19:04:25,710 INFO  server.RaftServer$Division (RaftServerImpl.java:setConfigurationAsync(1348)) - s9@group-4CF2EC507520: receive setConfiguration SetConfigurationRequest:client-9E894F3AA110->s9@group-4CF2EC507520, cid=2065, seq=null, RW, null, SET_UNCONDITIONALLY, servers:[s11, s10, s7, s13, s8, s12, s9, s0, s1], listeners:[]
2024-12-25 19:04:25,810 INFO  server.RaftServer$Division (RaftServerImpl.java:setConfigurationAsync(1348)) - s7@group-4CF2EC507520: receive setConfiguration SetConfigurationRequest:client-9E894F3AA110->s7@group-4CF2EC507520, cid=2065, seq=null, RW, null, SET_UNCONDITIONALLY, servers:[s11, s10, s7, s13, s8, s12, s9, s0, s1], listeners:[]
2024-12-25 19:04:25,910 INFO  server.RaftServer$Division (RaftServerImpl.java:setConfigurationAsync(1348)) - s1@group-4CF2EC507520: receive setConfiguration SetConfigurationRequest:client-9E894F3AA110->s1@group-4CF2EC507520, cid=2065, seq=null, RW, null, SET_UNCONDITIONALLY, servers:[s11, s10, s7, s13, s8, s12, s9, s0, s1], listeners:[]
2024-12-25 19:04:26,011 INFO  server.RaftServer$Division (RaftServerImpl.java:setConfigurationAsync(1348)) - s8@group-4CF2EC507520: receive setConfiguration SetConfigurationRequest:client-9E894F3AA110->s8@group-4CF2EC507520, cid=2065, seq=null, RW, null, SET_UNCONDITIONALLY, servers:[s11, s10, s7, s13, s8, s12, s9, s0, s1], listeners:[]
2024-12-25 19:04:26,111 INFO  server.RaftServer$Division (RaftServerImpl.java:setConfigurationAsync(1348)) - s7@group-4CF2EC507520: receive setConfiguration SetConfigurationRequest:client-9E894F3AA110->s7@group-4CF2EC507520, cid=2065, seq=null, RW, null, SET_UNCONDITIONALLY, servers:[s11, s10, s7, s13, s8, s12, s9, s0, s1], listeners:[]
2024-12-25 19:04:26,211 INFO  server.RaftServer$Division (RaftServerImpl.java:setConfigurationAsync(1348)) - s8@group-4CF2EC507520: receive setConfiguration SetConfigurationRequest:client-9E894F3AA110->s8@group-4CF2EC507520, cid=2065, seq=null, RW, null, SET_UNCONDITIONALLY, servers:[s11, s10, s7, s13, s8, s12, s9, s0, s1], listeners:[]
2024-12-25 19:04:26,312 INFO  server.RaftServer$Division (RaftServerImpl.java:setConfigurationAsync(1348)) - s7@group-4CF2EC507520: receive setConfiguration SetConfigurationRequest:client-9E894F3AA110->s7@group-4CF2EC507520, cid=2065, seq=null, RW, null, SET_UNCONDITIONALLY, servers:[s11, s10, s7, s13, s8, s12, s9, s0, s1], listeners:[]
2024-12-25 19:04:26,412 INFO  server.RaftServer$Division (RaftServerImpl.java:setConfigurationAsync(1348)) - s8@group-4CF2EC507520: receive setConfiguration SetConfigurationRequest:client-9E894F3AA110->s8@group-4CF2EC507520, cid=2065, seq=null, RW, null, SET_UNCONDITIONALLY, servers:[s11, s10, s7, s13, s8, s12, s9, s0, s1], listeners:[]
2024-12-25 19:04:26,512 INFO  server.RaftServer$Division (RaftServerImpl.java:setConfigurationAsync(1348)) - s7@group-4CF2EC507520: receive setConfiguration SetConfigurationRequest:client-9E894F3AA110->s7@group-4CF2EC507520, cid=2065, seq=null, RW, null, SET_UNCONDITIONALLY, servers:[s11, s10, s7, s13, s8, s12, s9, s0, s1], listeners:[]
2024-12-25 19:04:26,613 INFO  server.RaftServer$Division (RaftServerImpl.java:setConfigurationAsync(1348)) - s9@group-4CF2EC507520: receive setConfiguration SetConfigurationRequest:client-9E894F3AA110->s9@group-4CF2EC507520, cid=2065, seq=null, RW, null, SET_UNCONDITIONALLY, servers:[s11, s10, s7, s13, s8, s12, s9, s0, s1], listeners:[]
2024-12-25 19:04:26,713 INFO  server.RaftServer$Division (RaftServerImpl.java:setConfigurationAsync(1348)) - s7@group-4CF2EC507520: receive setConfiguration SetConfigurationRequest:client-9E894F3AA110->s7@group-4CF2EC507520, cid=2065, seq=null, RW, null, SET_UNCONDITIONALLY, servers:[s11, s10, s7, s13, s8, s12, s9, s0, s1], listeners:[]
2024-12-25 19:04:26,813 INFO  server.RaftServer$Division (RaftServerImpl.java:setConfigurationAsync(1348)) - s0@group-4CF2EC507520: receive setConfiguration SetConfigurationRequest:client-9E894F3AA110->s0@group-4CF2EC507520, cid=2065, seq=null, RW, null, SET_UNCONDITIONALLY, servers:[s11, s10, s7, s13, s8, s12, s9, s0, s1], listeners:[]
2024-12-25 19:04:26,914 INFO  server.RaftServer$Division (RaftServerImpl.java:setConfigurationAsync(1348)) - s7@group-4CF2EC507520: receive setConfiguration SetConfigurationRequest:client-9E894F3AA110->s7@group-4CF2EC507520, cid=2065, seq=null, RW, null, SET_UNCONDITIONALLY, servers:[s11, s10, s7, s13, s8, s12, s9, s0, s1], listeners:[]
2024-12-25 19:04:27,014 INFO  server.RaftServer$Division (RaftServerImpl.java:setConfigurationAsync(1348)) - s8@group-4CF2EC507520: receive setConfiguration SetConfigurationRequest:client-9E894F3AA110->s8@group-4CF2EC507520, cid=2065, seq=null, RW, null, SET_UNCONDITIONALLY, servers:[s11, s10, s7, s13, s8, s12, s9, s0, s1], listeners:[]
2024-12-25 19:04:27,057 INFO  impl.MiniRaftCluster (MiniRaftCluster.java:lambda$null$7(362)) - TIMED-PRINT: printing ALL groups
  s3:  RUNNING [
   FOLLOWER s3@group-4CF2EC507520:t0, leader=null, voted=, raftlog=Memoized:s3@group-4CF2EC507520-SegmentedRaftLog:OPENED:c-1:lastnull, conf=conf: {index: -1, cur=peers:[]|listeners:[], old=null} STARTING
   FOLLOWER s3@group-6AB839334A82:t0, leader=null, voted=, raftlog=Memoized:s3@group-6AB839334A82-SegmentedRaftLog:OPENED:c-1:lastnull, conf=conf: {index: -1, cur=peers:[]|listeners:[], old=null} STARTING] size=2
  s4:  RUNNING [
   FOLLOWER s4@group-4CF2EC507520:t0, leader=null, voted=, raftlog=Memoized:s4@group-4CF2EC507520-SegmentedRaftLog:OPENED:c-1:lastnull, conf=conf: {index: -1, cur=peers:[]|listeners:[], old=null} STARTING
   FOLLOWER s4@group-6AB839334A82:t0, leader=null, voted=, raftlog=Memoized:s4@group-6AB839334A82-SegmentedRaftLog:OPENED:c-1:lastnull, conf=conf: {index: -1, cur=peers:[]|listeners:[], old=null} STARTING] size=2
  s5:  RUNNING [
   FOLLOWER s5@group-4CF2EC507520:t0, leader=null, voted=, raftlog=Memoized:s5@group-4CF2EC507520-SegmentedRaftLog:OPENED:c-1:lastnull, conf=conf: {index: -1, cur=peers:[]|listeners:[], old=null} STARTING
   FOLLOWER s5@group-6AB839334A82:t0, leader=null, voted=, raftlog=Memoized:s5@group-6AB839334A82-SegmentedRaftLog:OPENED:c-1:lastnull, conf=conf: {index: -1, cur=peers:[]|listeners:[], old=null} STARTING] size=2
  s6:  RUNNING [
   FOLLOWER s6@group-4CF2EC507520:t0, leader=null, voted=, raftlog=Memoized:s6@group-4CF2EC507520-SegmentedRaftLog:OPENED:c-1:lastnull, conf=conf: {index: -1, cur=peers:[]|listeners:[], old=null} STARTING
   FOLLOWER s6@group-6AB839334A82:t0, leader=null, voted=, raftlog=Memoized:s6@group-6AB839334A82-SegmentedRaftLog:OPENED:c-1:lastnull, conf=conf: {index: -1, cur=peers:[]|listeners:[], old=null} STARTING] size=2
  s7:  RUNNING [
     LEADER s7@group-4CF2EC507520:t1, leader=s7, voted=s7, raftlog=Memoized:s7@group-4CF2EC507520-SegmentedRaftLog:OPENED:c123:last(t:1, i:124), conf=conf: {index: 123, cur=peers:[s7, s8, s9, s0, s1]|listeners:[], old=null} RUNNING
   FOLLOWER s7@group-6AB839334A82:t0, leader=null, voted=, raftlog=Memoized:s7@group-6AB839334A82-SegmentedRaftLog:OPENED:c-1:lastnull, conf=conf: {index: -1, cur=peers:[]|listeners:[], old=null} STARTING] size=2
  s8:  RUNNING [
   FOLLOWER s8@group-4CF2EC507520:t1, leader=s7, voted=s7, raftlog=Memoized:s8@group-4CF2EC507520-SegmentedRaftLog:OPENED:c123:last(t:1, i:124), conf=conf: {index: 123, cur=peers:[s7|, s8|, s9|, s0|, s1|]|listeners:[], old=null} RUNNING
   FOLLOWER s8@group-6AB839334A82:t0, leader=null, voted=, raftlog=Memoized:s8@group-6AB839334A82-SegmentedRaftLog:OPENED:c-1:lastnull, conf=conf: {index: -1, cur=peers:[]|listeners:[], old=null} STARTING] size=2
  s9:  RUNNING [
   FOLLOWER s9@group-4CF2EC507520:t1, leader=s7, voted=s7, raftlog=Memoized:s9@group-4CF2EC507520-SegmentedRaftLog:OPENED:c123:last(t:1, i:124), conf=conf: {index: 123, cur=peers:[s7|, s8|, s9|, s0|, s1|]|listeners:[], old=null} RUNNING
   FOLLOWER s9@group-6AB839334A82:t0, leader=null, voted=, raftlog=Memoized:s9@group-6AB839334A82-SegmentedRaftLog:OPENED:c-1:lastnull, conf=conf: {index: -1, cur=peers:[]|listeners:[], old=null} STARTING] size=2
  s11:  RUNNING [
   FOLLOWER s11@group-4CF2EC507520:t1, leader=s7, voted=null, raftlog=Memoized:s11@group-4CF2EC507520-SegmentedRaftLog:OPENED:c123:last(t:1, i:124), conf=conf: {index: 123, cur=peers:[s7|, s8|, s9|, s0|, s1|]|listeners:[], old=null} STARTING
   FOLLOWER s11@group-6AB839334A82:t0, leader=null, voted=, raftlog=Memoized:s11@group-6AB839334A82-SegmentedRaftLog:OPENED:c-1:lastnull, conf=conf: {index: -1, cur=peers:[]|listeners:[], old=null} STARTING] size=2
  s10:  RUNNING [
   FOLLOWER s10@group-4CF2EC507520:t1, leader=s7, voted=null, raftlog=Memoized:s10@group-4CF2EC507520-SegmentedRaftLog:OPENED:c123:last(t:1, i:124), conf=conf: {index: 123, cur=peers:[s7|, s8|, s9|, s0|, s1|]|listeners:[], old=null} STARTING
   FOLLOWER s10@group-6AB839334A82:t0, leader=null, voted=, raftlog=Memoized:s10@group-6AB839334A82-SegmentedRaftLog:OPENED:c-1:lastnull, conf=conf: {index: -1, cur=peers:[]|listeners:[], old=null} STARTING] size=2
  s13:  RUNNING [
   FOLLOWER s13@group-4CF2EC507520:t1, leader=s7, voted=null, raftlog=Memoized:s13@group-4CF2EC507520-SegmentedRaftLog:OPENED:c123:last(t:1, i:124), conf=conf: {index: 123, cur=peers:[s7|, s8|, s9|, s0|, s1|]|listeners:[], old=null} STARTING
   FOLLOWER s13@group-6AB839334A82:t0, leader=null, voted=, raftlog=Memoized:s13@group-6AB839334A82-SegmentedRaftLog:OPENED:c-1:lastnull, conf=conf: {index: -1, cur=peers:[]|listeners:[], old=null} STARTING] size=2
  s12:  RUNNING [
   FOLLOWER s12@group-4CF2EC507520:t1, leader=s7, voted=null, raftlog=Memoized:s12@group-4CF2EC507520-SegmentedRaftLog:OPENED:c123:last(t:1, i:124), conf=conf: {index: 123, cur=peers:[s7|, s8|, s9|, s0|, s1|]|listeners:[], old=null} STARTING
   FOLLOWER s12@group-6AB839334A82:t0, leader=null, voted=, raftlog=Memoized:s12@group-6AB839334A82-SegmentedRaftLog:OPENED:c-1:lastnull, conf=conf: {index: -1, cur=peers:[]|listeners:[], old=null} STARTING] size=2
  s14:  RUNNING [
   FOLLOWER s14@group-4CF2EC507520:t0, leader=null, voted=, raftlog=Memoized:s14@group-4CF2EC507520-SegmentedRaftLog:OPENED:c-1:lastnull, conf=conf: {index: -1, cur=peers:[]|listeners:[], old=null} STARTING
   FOLLOWER s14@group-6AB839334A82:t0, leader=null, voted=, raftlog=Memoized:s14@group-6AB839334A82-SegmentedRaftLog:OPENED:c-1:lastnull, conf=conf: {index: -1, cur=peers:[]|listeners:[], old=null} STARTING] size=2
  s0:  RUNNING [
   FOLLOWER s0@group-4CF2EC507520:t1, leader=s7, voted=null, raftlog=Memoized:s0@group-4CF2EC507520-SegmentedRaftLog:OPENED:c123:last(t:1, i:124), conf=conf: {index: 123, cur=peers:[s7|, s8|, s9|, s0|, s1|]|listeners:[], old=null} STARTING
   FOLLOWER s0@group-6AB839334A82:t0, leader=null, voted=, raftlog=Memoized:s0@group-6AB839334A82-SegmentedRaftLog:OPENED:c-1:lastnull, conf=conf: {index: -1, cur=peers:[]|listeners:[], old=null} STARTING] size=2
  s1:  RUNNING [
   FOLLOWER s1@group-4CF2EC507520:t1, leader=s7, voted=null, raftlog=Memoized:s1@group-4CF2EC507520-SegmentedRaftLog:OPENED:c123:last(t:1, i:124), conf=conf: {index: 123, cur=peers:[s7|, s8|, s9|, s0|, s1|]|listeners:[], old=null} STARTING
   FOLLOWER s1@group-6AB839334A82:t0, leader=null, voted=, raftlog=Memoized:s1@group-6AB839334A82-SegmentedRaftLog:OPENED:c-1:lastnull, conf=conf: {index: -1, cur=peers:[]|listeners:[], old=null} STARTING] size=2
  s2:  RUNNING [
   FOLLOWER s2@group-4CF2EC507520:t0, leader=null, voted=, raftlog=Memoized:s2@group-4CF2EC507520-SegmentedRaftLog:OPENED:c-1:lastnull, conf=conf: {index: -1, cur=peers:[]|listeners:[], old=null} STARTING
   FOLLOWER s2@group-6AB839334A82:t0, leader=null, voted=, raftlog=Memoized:s2@group-6AB839334A82-SegmentedRaftLog:OPENED:c-1:lastnull, conf=conf: {index: -1, cur=peers:[]|listeners:[], old=null} STARTING] size=2
2024-12-25 19:04:27,114 INFO  server.RaftServer$Division (RaftServerImpl.java:setConfigurationAsync(1348)) - s7@group-4CF2EC507520: receive setConfiguration SetConfigurationRequest:client-9E894F3AA110->s7@group-4CF2EC507520, cid=2065, seq=null, RW, null, SET_UNCONDITIONALLY, servers:[s11, s10, s7, s13, s8, s12, s9, s0, s1], listeners:[]
2024-12-25 19:04:27,215 INFO  server.RaftServer$Division (RaftServerImpl.java:setConfigurationAsync(1348)) - s8@group-4CF2EC507520: receive setConfiguration SetConfigurationRequest:client-9E894F3AA110->s8@group-4CF2EC507520, cid=2065, seq=null, RW, null, SET_UNCONDITIONALLY, servers:[s11, s10, s7, s13, s8, s12, s9, s0, s1], listeners:[]
2024-12-25 19:04:27,316 INFO  server.RaftServer$Division (RaftServerImpl.java:setConfigurationAsync(1348)) - s7@group-4CF2EC507520: receive setConfiguration SetConfigurationRequest:client-9E894F3AA110->s7@group-4CF2EC507520, cid=2065, seq=null, RW, null, SET_UNCONDITIONALLY, servers:[s11, s10, s7, s13, s8, s12, s9, s0, s1], listeners:[]
2024-12-25 19:04:27,416 INFO  server.RaftServer$Division (RaftServerImpl.java:setConfigurationAsync(1348)) - s8@group-4CF2EC507520: receive setConfiguration SetConfigurationRequest:client-9E894F3AA110->s8@group-4CF2EC507520, cid=2065, seq=null, RW, null, SET_UNCONDITIONALLY, servers:[s11, s10, s7, s13, s8, s12, s9, s0, s1], listeners:[]
2024-12-25 19:04:27,516 INFO  server.RaftServer$Division (RaftServerImpl.java:setConfigurationAsync(1348)) - s7@group-4CF2EC507520: receive setConfiguration SetConfigurationRequest:client-9E894F3AA110->s7@group-4CF2EC507520, cid=2065, seq=null, RW, null, SET_UNCONDITIONALLY, servers:[s11, s10, s7, s13, s8, s12, s9, s0, s1], listeners:[]
2024-12-25 19:04:27,617 INFO  server.RaftServer$Division (RaftServerImpl.java:setConfigurationAsync(1348)) - s8@group-4CF2EC507520: receive setConfiguration SetConfigurationRequest:client-9E894F3AA110->s8@group-4CF2EC507520, cid=2065, seq=null, RW, null, SET_UNCONDITIONALLY, servers:[s11, s10, s7, s13, s8, s12, s9, s0, s1], listeners:[]
2024-12-25 19:04:27,717 INFO  server.RaftServer$Division (RaftServerImpl.java:setConfigurationAsync(1348)) - s7@group-4CF2EC507520: receive setConfiguration SetConfigurationRequest:client-9E894F3AA110->s7@group-4CF2EC507520, cid=2065, seq=null, RW, null, SET_UNCONDITIONALLY, servers:[s11, s10, s7, s13, s8, s12, s9, s0, s1], listeners:[]
2024-12-25 19:04:27,817 INFO  server.RaftServer$Division (RaftServerImpl.java:setConfigurationAsync(1348)) - s0@group-4CF2EC507520: receive setConfiguration SetConfigurationRequest:client-9E894F3AA110->s0@group-4CF2EC507520, cid=2065, seq=null, RW, null, SET_UNCONDITIONALLY, servers:[s11, s10, s7, s13, s8, s12, s9, s0, s1], listeners:[]
2024-12-25 19:04:27,917 INFO  server.RaftServer$Division (RaftServerImpl.java:setConfigurationAsync(1348)) - s1@group-4CF2EC507520: receive setConfiguration SetConfigurationRequest:client-9E894F3AA110->s1@group-4CF2EC507520, cid=2065, seq=null, RW, null, SET_UNCONDITIONALLY, servers:[s11, s10, s7, s13, s8, s12, s9, s0, s1], listeners:[]
2024-12-25 19:04:28,018 INFO  server.RaftServer$Division (RaftServerImpl.java:setConfigurationAsync(1348)) - s8@group-4CF2EC507520: receive setConfiguration SetConfigurationRequest:client-9E894F3AA110->s8@group-4CF2EC507520, cid=2065, seq=null, RW, null, SET_UNCONDITIONALLY, servers:[s11, s10, s7, s13, s8, s12, s9, s0, s1], listeners:[]
2024-12-25 19:04:28,118 INFO  server.RaftServer$Division (RaftServerImpl.java:setConfigurationAsync(1348)) - s7@group-4CF2EC507520: receive setConfiguration SetConfigurationRequest:client-9E894F3AA110->s7@group-4CF2EC507520, cid=2065, seq=null, RW, null, SET_UNCONDITIONALLY, servers:[s11, s10, s7, s13, s8, s12, s9, s0, s1], listeners:[]
2024-12-25 19:04:28,219 INFO  server.RaftServer$Division (RaftServerImpl.java:setConfigurationAsync(1348)) - s8@group-4CF2EC507520: receive setConfiguration SetConfigurationRequest:client-9E894F3AA110->s8@group-4CF2EC507520, cid=2065, seq=null, RW, null, SET_UNCONDITIONALLY, servers:[s11, s10, s7, s13, s8, s12, s9, s0, s1], listeners:[]
2024-12-25 19:04:28,319 INFO  server.RaftServer$Division (RaftServerImpl.java:setConfigurationAsync(1348)) - s7@group-4CF2EC507520: receive setConfiguration SetConfigurationRequest:client-9E894F3AA110->s7@group-4CF2EC507520, cid=2065, seq=null, RW, null, SET_UNCONDITIONALLY, servers:[s11, s10, s7, s13, s8, s12, s9, s0, s1], listeners:[]
2024-12-25 19:04:28,419 INFO  server.RaftServer$Division (RaftServerImpl.java:setConfigurationAsync(1348)) - s8@group-4CF2EC507520: receive setConfiguration SetConfigurationRequest:client-9E894F3AA110->s8@group-4CF2EC507520, cid=2065, seq=null, RW, null, SET_UNCONDITIONALLY, servers:[s11, s10, s7, s13, s8, s12, s9, s0, s1], listeners:[]
2024-12-25 19:04:28,520 INFO  server.RaftServer$Division (RaftServerImpl.java:setConfigurationAsync(1348)) - s7@group-4CF2EC507520: receive setConfiguration SetConfigurationRequest:client-9E894F3AA110->s7@group-4CF2EC507520, cid=2065, seq=null, RW, null, SET_UNCONDITIONALLY, servers:[s11, s10, s7, s13, s8, s12, s9, s0, s1], listeners:[]
2024-12-25 19:04:28,620 INFO  server.RaftServer$Division (RaftServerImpl.java:setConfigurationAsync(1348)) - s9@group-4CF2EC507520: receive setConfiguration SetConfigurationRequest:client-9E894F3AA110->s9@group-4CF2EC507520, cid=2065, seq=null, RW, null, SET_UNCONDITIONALLY, servers:[s11, s10, s7, s13, s8, s12, s9, s0, s1], listeners:[]
2024-12-25 19:04:28,720 INFO  server.RaftServer$Division (RaftServerImpl.java:setConfigurationAsync(1348)) - s7@group-4CF2EC507520: receive setConfiguration SetConfigurationRequest:client-9E894F3AA110->s7@group-4CF2EC507520, cid=2065, seq=null, RW, null, SET_UNCONDITIONALLY, servers:[s11, s10, s7, s13, s8, s12, s9, s0, s1], listeners:[]
2024-12-25 19:04:28,821 INFO  server.RaftServer$Division (RaftServerImpl.java:setConfigurationAsync(1348)) - s0@group-4CF2EC507520: receive setConfiguration SetConfigurationRequest:client-9E894F3AA110->s0@group-4CF2EC507520, cid=2065, seq=null, RW, null, SET_UNCONDITIONALLY, servers:[s11, s10, s7, s13, s8, s12, s9, s0, s1], listeners:[]
2024-12-25 19:04:28,921 INFO  server.RaftServer$Division (RaftServerImpl.java:setConfigurationAsync(1348)) - s7@group-4CF2EC507520: receive setConfiguration SetConfigurationRequest:client-9E894F3AA110->s7@group-4CF2EC507520, cid=2065, seq=null, RW, null, SET_UNCONDITIONALLY, servers:[s11, s10, s7, s13, s8, s12, s9, s0, s1], listeners:[]
2024-12-25 19:04:29,021 INFO  server.RaftServer$Division (RaftServerImpl.java:setConfigurationAsync(1348)) - s9@group-4CF2EC507520: receive setConfiguration SetConfigurationRequest:client-9E894F3AA110->s9@group-4CF2EC507520, cid=2065, seq=null, RW, null, SET_UNCONDITIONALLY, servers:[s11, s10, s7, s13, s8, s12, s9, s0, s1], listeners:[]
2024-12-25 19:04:29,122 INFO  server.RaftServer$Division (RaftServerImpl.java:setConfigurationAsync(1348)) - s7@group-4CF2EC507520: receive setConfiguration SetConfigurationRequest:client-9E894F3AA110->s7@group-4CF2EC507520, cid=2065, seq=null, RW, null, SET_UNCONDITIONALLY, servers:[s11, s10, s7, s13, s8, s12, s9, s0, s1], listeners:[]
2024-12-25 19:04:29,222 INFO  server.RaftServer$Division (RaftServerImpl.java:setConfigurationAsync(1348)) - s8@group-4CF2EC507520: receive setConfiguration SetConfigurationRequest:client-9E894F3AA110->s8@group-4CF2EC507520, cid=2065, seq=null, RW, null, SET_UNCONDITIONALLY, servers:[s11, s10, s7, s13, s8, s12, s9, s0, s1], listeners:[]
2024-12-25 19:04:29,322 INFO  server.RaftServer$Division (RaftServerImpl.java:setConfigurationAsync(1348)) - s7@group-4CF2EC507520: receive setConfiguration SetConfigurationRequest:client-9E894F3AA110->s7@group-4CF2EC507520, cid=2065, seq=null, RW, null, SET_UNCONDITIONALLY, servers:[s11, s10, s7, s13, s8, s12, s9, s0, s1], listeners:[]
2024-12-25 19:04:29,423 INFO  server.RaftServer$Division (RaftServerImpl.java:setConfigurationAsync(1348)) - s8@group-4CF2EC507520: receive setConfiguration SetConfigurationRequest:client-9E894F3AA110->s8@group-4CF2EC507520, cid=2065, seq=null, RW, null, SET_UNCONDITIONALLY, servers:[s11, s10, s7, s13, s8, s12, s9, s0, s1], listeners:[]
2024-12-25 19:04:29,523 INFO  server.RaftServer$Division (RaftServerImpl.java:setConfigurationAsync(1348)) - s7@group-4CF2EC507520: receive setConfiguration SetConfigurationRequest:client-9E894F3AA110->s7@group-4CF2EC507520, cid=2065, seq=null, RW, null, SET_UNCONDITIONALLY, servers:[s11, s10, s7, s13, s8, s12, s9, s0, s1], listeners:[]
2024-12-25 19:04:29,623 INFO  server.RaftServer$Division (RaftServerImpl.java:setConfigurationAsync(1348)) - s0@group-4CF2EC507520: receive setConfiguration SetConfigurationRequest:client-9E894F3AA110->s0@group-4CF2EC507520, cid=2065, seq=null, RW, null, SET_UNCONDITIONALLY, servers:[s11, s10, s7, s13, s8, s12, s9, s0, s1], listeners:[]
2024-12-25 19:04:29,723 INFO  server.RaftServer$Division (RaftServerImpl.java:setConfigurationAsync(1348)) - s7@group-4CF2EC507520: receive setConfiguration SetConfigurationRequest:client-9E894F3AA110->s7@group-4CF2EC507520, cid=2065, seq=null, RW, null, SET_UNCONDITIONALLY, servers:[s11, s10, s7, s13, s8, s12, s9, s0, s1], listeners:[]
2024-12-25 19:04:29,824 INFO  server.RaftServer$Division (RaftServerImpl.java:setConfigurationAsync(1348)) - s8@group-4CF2EC507520: receive setConfiguration SetConfigurationRequest:client-9E894F3AA110->s8@group-4CF2EC507520, cid=2065, seq=null, RW, null, SET_UNCONDITIONALLY, servers:[s11, s10, s7, s13, s8, s12, s9, s0, s1], listeners:[]
2024-12-25 19:04:29,924 INFO  server.RaftServer$Division (RaftServerImpl.java:setConfigurationAsync(1348)) - s7@group-4CF2EC507520: receive setConfiguration SetConfigurationRequest:client-9E894F3AA110->s7@group-4CF2EC507520, cid=2065, seq=null, RW, null, SET_UNCONDITIONALLY, servers:[s11, s10, s7, s13, s8, s12, s9, s0, s1], listeners:[]
2024-12-25 19:04:30,024 INFO  server.RaftServer$Division (RaftServerImpl.java:setConfigurationAsync(1348)) - s8@group-4CF2EC507520: receive setConfiguration SetConfigurationRequest:client-9E894F3AA110->s8@group-4CF2EC507520, cid=2065, seq=null, RW, null, SET_UNCONDITIONALLY, servers:[s11, s10, s7, s13, s8, s12, s9, s0, s1], listeners:[]
2024-12-25 19:04:30,125 INFO  server.RaftServer$Division (RaftServerImpl.java:setConfigurationAsync(1348)) - s7@group-4CF2EC507520: receive setConfiguration SetConfigurationRequest:client-9E894F3AA110->s7@group-4CF2EC507520, cid=2065, seq=null, RW, null, SET_UNCONDITIONALLY, servers:[s11, s10, s7, s13, s8, s12, s9, s0, s1], listeners:[]
2024-12-25 19:04:30,225 INFO  server.RaftServer$Division (RaftServerImpl.java:setConfigurationAsync(1348)) - s1@group-4CF2EC507520: receive setConfiguration SetConfigurationRequest:client-9E894F3AA110->s1@group-4CF2EC507520, cid=2065, seq=null, RW, null, SET_UNCONDITIONALLY, servers:[s11, s10, s7, s13, s8, s12, s9, s0, s1], listeners:[]
2024-12-25 19:04:30,325 INFO  server.RaftServer$Division (RaftServerImpl.java:setConfigurationAsync(1348)) - s8@group-4CF2EC507520: receive setConfiguration SetConfigurationRequest:client-9E894F3AA110->s8@group-4CF2EC507520, cid=2065, seq=null, RW, null, SET_UNCONDITIONALLY, servers:[s11, s10, s7, s13, s8, s12, s9, s0, s1], listeners:[]
2024-12-25 19:04:30,425 INFO  server.RaftServer$Division (RaftServerImpl.java:setConfigurationAsync(1348)) - s7@group-4CF2EC507520: receive setConfiguration SetConfigurationRequest:client-9E894F3AA110->s7@group-4CF2EC507520, cid=2065, seq=null, RW, null, SET_UNCONDITIONALLY, servers:[s11, s10, s7, s13, s8, s12, s9, s0, s1], listeners:[]
2024-12-25 19:04:30,526 INFO  server.RaftServer$Division (RaftServerImpl.java:setConfigurationAsync(1348)) - s9@group-4CF2EC507520: receive setConfiguration SetConfigurationRequest:client-9E894F3AA110->s9@group-4CF2EC507520, cid=2065, seq=null, RW, null, SET_UNCONDITIONALLY, servers:[s11, s10, s7, s13, s8, s12, s9, s0, s1], listeners:[]
2024-12-25 19:04:30,626 INFO  server.RaftServer$Division (RaftServerImpl.java:setConfigurationAsync(1348)) - s7@group-4CF2EC507520: receive setConfiguration SetConfigurationRequest:client-9E894F3AA110->s7@group-4CF2EC507520, cid=2065, seq=null, RW, null, SET_UNCONDITIONALLY, servers:[s11, s10, s7, s13, s8, s12, s9, s0, s1], listeners:[]
2024-12-25 19:04:30,726 INFO  server.RaftServer$Division (RaftServerImpl.java:setConfigurationAsync(1348)) - s9@group-4CF2EC507520: receive setConfiguration SetConfigurationRequest:client-9E894F3AA110->s9@group-4CF2EC507520, cid=2065, seq=null, RW, null, SET_UNCONDITIONALLY, servers:[s11, s10, s7, s13, s8, s12, s9, s0, s1], listeners:[]
2024-12-25 19:04:30,827 INFO  server.RaftServer$Division (RaftServerImpl.java:setConfigurationAsync(1348)) - s7@group-4CF2EC507520: receive setConfiguration SetConfigurationRequest:client-9E894F3AA110->s7@group-4CF2EC507520, cid=2065, seq=null, RW, null, SET_UNCONDITIONALLY, servers:[s11, s10, s7, s13, s8, s12, s9, s0, s1], listeners:[]
2024-12-25 19:04:30,927 INFO  server.RaftServer$Division (RaftServerImpl.java:setConfigurationAsync(1348)) - s0@group-4CF2EC507520: receive setConfiguration SetConfigurationRequest:client-9E894F3AA110->s0@group-4CF2EC507520, cid=2065, seq=null, RW, null, SET_UNCONDITIONALLY, servers:[s11, s10, s7, s13, s8, s12, s9, s0, s1], listeners:[]
2024-12-25 19:04:31,028 INFO  server.RaftServer$Division (RaftServerImpl.java:setConfigurationAsync(1348)) - s8@group-4CF2EC507520: receive setConfiguration SetConfigurationRequest:client-9E894F3AA110->s8@group-4CF2EC507520, cid=2065, seq=null, RW, null, SET_UNCONDITIONALLY, servers:[s11, s10, s7, s13, s8, s12, s9, s0, s1], listeners:[]
2024-12-25 19:04:31,128 INFO  server.RaftServer$Division (RaftServerImpl.java:setConfigurationAsync(1348)) - s7@group-4CF2EC507520: receive setConfiguration SetConfigurationRequest:client-9E894F3AA110->s7@group-4CF2EC507520, cid=2065, seq=null, RW, null, SET_UNCONDITIONALLY, servers:[s11, s10, s7, s13, s8, s12, s9, s0, s1], listeners:[]
2024-12-25 19:04:31,228 INFO  server.RaftServer$Division (RaftServerImpl.java:setConfigurationAsync(1348)) - s8@group-4CF2EC507520: receive setConfiguration SetConfigurationRequest:client-9E894F3AA110->s8@group-4CF2EC507520, cid=2065, seq=null, RW, null, SET_UNCONDITIONALLY, servers:[s11, s10, s7, s13, s8, s12, s9, s0, s1], listeners:[]
2024-12-25 19:04:31,329 INFO  server.RaftServer$Division (RaftServerImpl.java:setConfigurationAsync(1348)) - s7@group-4CF2EC507520: receive setConfiguration SetConfigurationRequest:client-9E894F3AA110->s7@group-4CF2EC507520, cid=2065, seq=null, RW, null, SET_UNCONDITIONALLY, servers:[s11, s10, s7, s13, s8, s12, s9, s0, s1], listeners:[]
2024-12-25 19:04:31,429 INFO  server.RaftServer$Division (RaftServerImpl.java:setConfigurationAsync(1348)) - s9@group-4CF2EC507520: receive setConfiguration SetConfigurationRequest:client-9E894F3AA110->s9@group-4CF2EC507520, cid=2065, seq=null, RW, null, SET_UNCONDITIONALLY, servers:[s11, s10, s7, s13, s8, s12, s9, s0, s1], listeners:[]
2024-12-25 19:04:31,529 INFO  server.RaftServer$Division (RaftServerImpl.java:setConfigurationAsync(1348)) - s7@group-4CF2EC507520: receive setConfiguration SetConfigurationRequest:client-9E894F3AA110->s7@group-4CF2EC507520, cid=2065, seq=null, RW, null, SET_UNCONDITIONALLY, servers:[s11, s10, s7, s13, s8, s12, s9, s0, s1], listeners:[]
2024-12-25 19:04:31,630 INFO  server.RaftServer$Division (RaftServerImpl.java:setConfigurationAsync(1348)) - s1@group-4CF2EC507520: receive setConfiguration SetConfigurationRequest:client-9E894F3AA110->s1@group-4CF2EC507520, cid=2065, seq=null, RW, null, SET_UNCONDITIONALLY, servers:[s11, s10, s7, s13, s8, s12, s9, s0, s1], listeners:[]
2024-12-25 19:04:31,730 INFO  server.RaftServer$Division (RaftServerImpl.java:setConfigurationAsync(1348)) - s7@group-4CF2EC507520: receive setConfiguration SetConfigurationRequest:client-9E894F3AA110->s7@group-4CF2EC507520, cid=2065, seq=null, RW, null, SET_UNCONDITIONALLY, servers:[s11, s10, s7, s13, s8, s12, s9, s0, s1], listeners:[]
2024-12-25 19:04:31,830 INFO  server.RaftServer$Division (RaftServerImpl.java:setConfigurationAsync(1348)) - s1@group-4CF2EC507520: receive setConfiguration SetConfigurationRequest:client-9E894F3AA110->s1@group-4CF2EC507520, cid=2065, seq=null, RW, null, SET_UNCONDITIONALLY, servers:[s11, s10, s7, s13, s8, s12, s9, s0, s1], listeners:[]
2024-12-25 19:04:31,931 INFO  server.RaftServer$Division (RaftServerImpl.java:setConfigurationAsync(1348)) - s0@group-4CF2EC507520: receive setConfiguration SetConfigurationRequest:client-9E894F3AA110->s0@group-4CF2EC507520, cid=2065, seq=null, RW, null, SET_UNCONDITIONALLY, servers:[s11, s10, s7, s13, s8, s12, s9, s0, s1], listeners:[]
2024-12-25 19:04:32,031 INFO  server.RaftServer$Division (RaftServerImpl.java:setConfigurationAsync(1348)) - s1@group-4CF2EC507520: receive setConfiguration SetConfigurationRequest:client-9E894F3AA110->s1@group-4CF2EC507520, cid=2065, seq=null, RW, null, SET_UNCONDITIONALLY, servers:[s11, s10, s7, s13, s8, s12, s9, s0, s1], listeners:[]
2024-12-25 19:04:32,131 INFO  server.RaftServer$Division (RaftServerImpl.java:setConfigurationAsync(1348)) - s0@group-4CF2EC507520: receive setConfiguration SetConfigurationRequest:client-9E894F3AA110->s0@group-4CF2EC507520, cid=2065, seq=null, RW, null, SET_UNCONDITIONALLY, servers:[s11, s10, s7, s13, s8, s12, s9, s0, s1], listeners:[]
2024-12-25 19:04:32,232 INFO  server.RaftServer$Division (RaftServerImpl.java:setConfigurationAsync(1348)) - s1@group-4CF2EC507520: receive setConfiguration SetConfigurationRequest:client-9E894F3AA110->s1@group-4CF2EC507520, cid=2065, seq=null, RW, null, SET_UNCONDITIONALLY, servers:[s11, s10, s7, s13, s8, s12, s9, s0, s1], listeners:[]
2024-12-25 19:04:32,332 INFO  server.RaftServer$Division (RaftServerImpl.java:setConfigurationAsync(1348)) - s0@group-4CF2EC507520: receive setConfiguration SetConfigurationRequest:client-9E894F3AA110->s0@group-4CF2EC507520, cid=2065, seq=null, RW, null, SET_UNCONDITIONALLY, servers:[s11, s10, s7, s13, s8, s12, s9, s0, s1], listeners:[]
2024-12-25 19:04:32,432 INFO  server.RaftServer$Division (RaftServerImpl.java:setConfigurationAsync(1348)) - s8@group-4CF2EC507520: receive setConfiguration SetConfigurationRequest:client-9E894F3AA110->s8@group-4CF2EC507520, cid=2065, seq=null, RW, null, SET_UNCONDITIONALLY, servers:[s11, s10, s7, s13, s8, s12, s9, s0, s1], listeners:[]
2024-12-25 19:04:32,533 INFO  server.RaftServer$Division (RaftServerImpl.java:setConfigurationAsync(1348)) - s7@group-4CF2EC507520: receive setConfiguration SetConfigurationRequest:client-9E894F3AA110->s7@group-4CF2EC507520, cid=2065, seq=null, RW, null, SET_UNCONDITIONALLY, servers:[s11, s10, s7, s13, s8, s12, s9, s0, s1], listeners:[]
2024-12-25 19:04:32,633 INFO  server.RaftServer$Division (RaftServerImpl.java:setConfigurationAsync(1348)) - s8@group-4CF2EC507520: receive setConfiguration SetConfigurationRequest:client-9E894F3AA110->s8@group-4CF2EC507520, cid=2065, seq=null, RW, null, SET_UNCONDITIONALLY, servers:[s11, s10, s7, s13, s8, s12, s9, s0, s1], listeners:[]
2024-12-25 19:04:32,733 INFO  server.RaftServer$Division (RaftServerImpl.java:setConfigurationAsync(1348)) - s7@group-4CF2EC507520: receive setConfiguration SetConfigurationRequest:client-9E894F3AA110->s7@group-4CF2EC507520, cid=2065, seq=null, RW, null, SET_UNCONDITIONALLY, servers:[s11, s10, s7, s13, s8, s12, s9, s0, s1], listeners:[]
2024-12-25 19:04:32,834 INFO  server.RaftServer$Division (RaftServerImpl.java:setConfigurationAsync(1348)) - s9@group-4CF2EC507520: receive setConfiguration SetConfigurationRequest:client-9E894F3AA110->s9@group-4CF2EC507520, cid=2065, seq=null, RW, null, SET_UNCONDITIONALLY, servers:[s11, s10, s7, s13, s8, s12, s9, s0, s1], listeners:[]
2024-12-25 19:04:32,934 INFO  server.RaftServer$Division (RaftServerImpl.java:setConfigurationAsync(1348)) - s7@group-4CF2EC507520: receive setConfiguration SetConfigurationRequest:client-9E894F3AA110->s7@group-4CF2EC507520, cid=2065, seq=null, RW, null, SET_UNCONDITIONALLY, servers:[s11, s10, s7, s13, s8, s12, s9, s0, s1], listeners:[]
2024-12-25 19:04:33,034 INFO  server.RaftServer$Division (RaftServerImpl.java:setConfigurationAsync(1348)) - s0@group-4CF2EC507520: receive setConfiguration SetConfigurationRequest:client-9E894F3AA110->s0@group-4CF2EC507520, cid=2065, seq=null, RW, null, SET_UNCONDITIONALLY, servers:[s11, s10, s7, s13, s8, s12, s9, s0, s1], listeners:[]
2024-12-25 19:04:33,135 INFO  server.RaftServer$Division (RaftServerImpl.java:setConfigurationAsync(1348)) - s1@group-4CF2EC507520: receive setConfiguration SetConfigurationRequest:client-9E894F3AA110->s1@group-4CF2EC507520, cid=2065, seq=null, RW, null, SET_UNCONDITIONALLY, servers:[s11, s10, s7, s13, s8, s12, s9, s0, s1], listeners:[]
2024-12-25 19:04:33,235 INFO  server.RaftServer$Division (RaftServerImpl.java:setConfigurationAsync(1348)) - s7@group-4CF2EC507520: receive setConfiguration SetConfigurationRequest:client-9E894F3AA110->s7@group-4CF2EC507520, cid=2065, seq=null, RW, null, SET_UNCONDITIONALLY, servers:[s11, s10, s7, s13, s8, s12, s9, s0, s1], listeners:[]
2024-12-25 19:04:33,335 INFO  server.RaftServer$Division (RaftServerImpl.java:setConfigurationAsync(1348)) - s9@group-4CF2EC507520: receive setConfiguration SetConfigurationRequest:client-9E894F3AA110->s9@group-4CF2EC507520, cid=2065, seq=null, RW, null, SET_UNCONDITIONALLY, servers:[s11, s10, s7, s13, s8, s12, s9, s0, s1], listeners:[]
2024-12-25 19:04:33,436 INFO  server.RaftServer$Division (RaftServerImpl.java:setConfigurationAsync(1348)) - s7@group-4CF2EC507520: receive setConfiguration SetConfigurationRequest:client-9E894F3AA110->s7@group-4CF2EC507520, cid=2065, seq=null, RW, null, SET_UNCONDITIONALLY, servers:[s11, s10, s7, s13, s8, s12, s9, s0, s1], listeners:[]
2024-12-25 19:04:33,536 INFO  server.RaftServer$Division (RaftServerImpl.java:setConfigurationAsync(1348)) - s1@group-4CF2EC507520: receive setConfiguration SetConfigurationRequest:client-9E894F3AA110->s1@group-4CF2EC507520, cid=2065, seq=null, RW, null, SET_UNCONDITIONALLY, servers:[s11, s10, s7, s13, s8, s12, s9, s0, s1], listeners:[]
2024-12-25 19:04:33,636 INFO  server.RaftServer$Division (RaftServerImpl.java:setConfigurationAsync(1348)) - s7@group-4CF2EC507520: receive setConfiguration SetConfigurationRequest:client-9E894F3AA110->s7@group-4CF2EC507520, cid=2065, seq=null, RW, null, SET_UNCONDITIONALLY, servers:[s11, s10, s7, s13, s8, s12, s9, s0, s1], listeners:[]
2024-12-25 19:04:33,737 INFO  server.RaftServer$Division (RaftServerImpl.java:setConfigurationAsync(1348)) - s9@group-4CF2EC507520: receive setConfiguration SetConfigurationRequest:client-9E894F3AA110->s9@group-4CF2EC507520, cid=2065, seq=null, RW, null, SET_UNCONDITIONALLY, servers:[s11, s10, s7, s13, s8, s12, s9, s0, s1], listeners:[]
2024-12-25 19:04:33,837 INFO  server.RaftServer$Division (RaftServerImpl.java:setConfigurationAsync(1348)) - s7@group-4CF2EC507520: receive setConfiguration SetConfigurationRequest:client-9E894F3AA110->s7@group-4CF2EC507520, cid=2065, seq=null, RW, null, SET_UNCONDITIONALLY, servers:[s11, s10, s7, s13, s8, s12, s9, s0, s1], listeners:[]
2024-12-25 19:04:33,937 INFO  server.RaftServer$Division (RaftServerImpl.java:setConfigurationAsync(1348)) - s8@group-4CF2EC507520: receive setConfiguration SetConfigurationRequest:client-9E894F3AA110->s8@group-4CF2EC507520, cid=2065, seq=null, RW, null, SET_UNCONDITIONALLY, servers:[s11, s10, s7, s13, s8, s12, s9, s0, s1], listeners:[]
2024-12-25 19:04:34,038 INFO  server.RaftServer$Division (RaftServerImpl.java:setConfigurationAsync(1348)) - s7@group-4CF2EC507520: receive setConfiguration SetConfigurationRequest:client-9E894F3AA110->s7@group-4CF2EC507520, cid=2065, seq=null, RW, null, SET_UNCONDITIONALLY, servers:[s11, s10, s7, s13, s8, s12, s9, s0, s1], listeners:[]
2024-12-25 19:04:34,138 INFO  server.RaftServer$Division (RaftServerImpl.java:setConfigurationAsync(1348)) - s0@group-4CF2EC507520: receive setConfiguration SetConfigurationRequest:client-9E894F3AA110->s0@group-4CF2EC507520, cid=2065, seq=null, RW, null, SET_UNCONDITIONALLY, servers:[s11, s10, s7, s13, s8, s12, s9, s0, s1], listeners:[]
2024-12-25 19:04:34,238 INFO  server.RaftServer$Division (RaftServerImpl.java:setConfigurationAsync(1348)) - s8@group-4CF2EC507520: receive setConfiguration SetConfigurationRequest:client-9E894F3AA110->s8@group-4CF2EC507520, cid=2065, seq=null, RW, null, SET_UNCONDITIONALLY, servers:[s11, s10, s7, s13, s8, s12, s9, s0, s1], listeners:[]
2024-12-25 19:04:34,339 INFO  server.RaftServer$Division (RaftServerImpl.java:setConfigurationAsync(1348)) - s7@group-4CF2EC507520: receive setConfiguration SetConfigurationRequest:client-9E894F3AA110->s7@group-4CF2EC507520, cid=2065, seq=null, RW, null, SET_UNCONDITIONALLY, servers:[s11, s10, s7, s13, s8, s12, s9, s0, s1], listeners:[]
2024-12-25 19:04:34,439 INFO  server.RaftServer$Division (RaftServerImpl.java:setConfigurationAsync(1348)) - s1@group-4CF2EC507520: receive setConfiguration SetConfigurationRequest:client-9E894F3AA110->s1@group-4CF2EC507520, cid=2065, seq=null, RW, null, SET_UNCONDITIONALLY, servers:[s11, s10, s7, s13, s8, s12, s9, s0, s1], listeners:[]
2024-12-25 19:04:34,539 INFO  server.RaftServer$Division (RaftServerImpl.java:setConfigurationAsync(1348)) - s8@group-4CF2EC507520: receive setConfiguration SetConfigurationRequest:client-9E894F3AA110->s8@group-4CF2EC507520, cid=2065, seq=null, RW, null, SET_UNCONDITIONALLY, servers:[s11, s10, s7, s13, s8, s12, s9, s0, s1], listeners:[]
2024-12-25 19:04:34,640 INFO  server.RaftServer$Division (RaftServerImpl.java:setConfigurationAsync(1348)) - s7@group-4CF2EC507520: receive setConfiguration SetConfigurationRequest:client-9E894F3AA110->s7@group-4CF2EC507520, cid=2065, seq=null, RW, null, SET_UNCONDITIONALLY, servers:[s11, s10, s7, s13, s8, s12, s9, s0, s1], listeners:[]
2024-12-25 19:04:34,740 INFO  server.RaftServer$Division (RaftServerImpl.java:setConfigurationAsync(1348)) - s8@group-4CF2EC507520: receive setConfiguration SetConfigurationRequest:client-9E894F3AA110->s8@group-4CF2EC507520, cid=2065, seq=null, RW, null, SET_UNCONDITIONALLY, servers:[s11, s10, s7, s13, s8, s12, s9, s0, s1], listeners:[]
2024-12-25 19:04:34,840 INFO  server.RaftServer$Division (RaftServerImpl.java:setConfigurationAsync(1348)) - s7@group-4CF2EC507520: receive setConfiguration SetConfigurationRequest:client-9E894F3AA110->s7@group-4CF2EC507520, cid=2065, seq=null, RW, null, SET_UNCONDITIONALLY, servers:[s11, s10, s7, s13, s8, s12, s9, s0, s1], listeners:[]
2024-12-25 19:04:34,941 INFO  server.RaftServer$Division (RaftServerImpl.java:setConfigurationAsync(1348)) - s8@group-4CF2EC507520: receive setConfiguration SetConfigurationRequest:client-9E894F3AA110->s8@group-4CF2EC507520, cid=2065, seq=null, RW, null, SET_UNCONDITIONALLY, servers:[s11, s10, s7, s13, s8, s12, s9, s0, s1], listeners:[]
2024-12-25 19:04:35,041 INFO  server.RaftServer$Division (RaftServerImpl.java:setConfigurationAsync(1348)) - s7@group-4CF2EC507520: receive setConfiguration SetConfigurationRequest:client-9E894F3AA110->s7@group-4CF2EC507520, cid=2065, seq=null, RW, null, SET_UNCONDITIONALLY, servers:[s11, s10, s7, s13, s8, s12, s9, s0, s1], listeners:[]
2024-12-25 19:04:35,141 INFO  server.RaftServer$Division (RaftServerImpl.java:setConfigurationAsync(1348)) - s8@group-4CF2EC507520: receive setConfiguration SetConfigurationRequest:client-9E894F3AA110->s8@group-4CF2EC507520, cid=2065, seq=null, RW, null, SET_UNCONDITIONALLY, servers:[s11, s10, s7, s13, s8, s12, s9, s0, s1], listeners:[]
2024-12-25 19:04:35,241 INFO  server.RaftServer$Division (RaftServerImpl.java:setConfigurationAsync(1348)) - s7@group-4CF2EC507520: receive setConfiguration SetConfigurationRequest:client-9E894F3AA110->s7@group-4CF2EC507520, cid=2065, seq=null, RW, null, SET_UNCONDITIONALLY, servers:[s11, s10, s7, s13, s8, s12, s9, s0, s1], listeners:[]
2024-12-25 19:04:35,342 INFO  server.RaftServer$Division (RaftServerImpl.java:setConfigurationAsync(1348)) - s9@group-4CF2EC507520: receive setConfiguration SetConfigurationRequest:client-9E894F3AA110->s9@group-4CF2EC507520, cid=2065, seq=null, RW, null, SET_UNCONDITIONALLY, servers:[s11, s10, s7, s13, s8, s12, s9, s0, s1], listeners:[]
2024-12-25 19:04:35,442 INFO  server.RaftServer$Division (RaftServerImpl.java:setConfigurationAsync(1348)) - s7@group-4CF2EC507520: receive setConfiguration SetConfigurationRequest:client-9E894F3AA110->s7@group-4CF2EC507520, cid=2065, seq=null, RW, null, SET_UNCONDITIONALLY, servers:[s11, s10, s7, s13, s8, s12, s9, s0, s1], listeners:[]
2024-12-25 19:04:35,542 INFO  server.RaftServer$Division (RaftServerImpl.java:setConfigurationAsync(1348)) - s9@group-4CF2EC507520: receive setConfiguration SetConfigurationRequest:client-9E894F3AA110->s9@group-4CF2EC507520, cid=2065, seq=null, RW, null, SET_UNCONDITIONALLY, servers:[s11, s10, s7, s13, s8, s12, s9, s0, s1], listeners:[]
2024-12-25 19:04:35,643 INFO  server.RaftServer$Division (RaftServerImpl.java:setConfigurationAsync(1348)) - s7@group-4CF2EC507520: receive setConfiguration SetConfigurationRequest:client-9E894F3AA110->s7@group-4CF2EC507520, cid=2065, seq=null, RW, null, SET_UNCONDITIONALLY, servers:[s11, s10, s7, s13, s8, s12, s9, s0, s1], listeners:[]
2024-12-25 19:04:35,743 INFO  server.RaftServer$Division (RaftServerImpl.java:setConfigurationAsync(1348)) - s8@group-4CF2EC507520: receive setConfiguration SetConfigurationRequest:client-9E894F3AA110->s8@group-4CF2EC507520, cid=2065, seq=null, RW, null, SET_UNCONDITIONALLY, servers:[s11, s10, s7, s13, s8, s12, s9, s0, s1], listeners:[]
2024-12-25 19:04:35,843 INFO  server.RaftServer$Division (RaftServerImpl.java:setConfigurationAsync(1348)) - s7@group-4CF2EC507520: receive setConfiguration SetConfigurationRequest:client-9E894F3AA110->s7@group-4CF2EC507520, cid=2065, seq=null, RW, null, SET_UNCONDITIONALLY, servers:[s11, s10, s7, s13, s8, s12, s9, s0, s1], listeners:[]
2024-12-25 19:04:35,944 INFO  server.RaftServer$Division (RaftServerImpl.java:setConfigurationAsync(1348)) - s1@group-4CF2EC507520: receive setConfiguration SetConfigurationRequest:client-9E894F3AA110->s1@group-4CF2EC507520, cid=2065, seq=null, RW, null, SET_UNCONDITIONALLY, servers:[s11, s10, s7, s13, s8, s12, s9, s0, s1], listeners:[]
2024-12-25 19:04:36,044 INFO  server.RaftServer$Division (RaftServerImpl.java:setConfigurationAsync(1348)) - s7@group-4CF2EC507520: receive setConfiguration SetConfigurationRequest:client-9E894F3AA110->s7@group-4CF2EC507520, cid=2065, seq=null, RW, null, SET_UNCONDITIONALLY, servers:[s11, s10, s7, s13, s8, s12, s9, s0, s1], listeners:[]
2024-12-25 19:04:36,145 INFO  server.RaftServer$Division (RaftServerImpl.java:setConfigurationAsync(1348)) - s1@group-4CF2EC507520: receive setConfiguration SetConfigurationRequest:client-9E894F3AA110->s1@group-4CF2EC507520, cid=2065, seq=null, RW, null, SET_UNCONDITIONALLY, servers:[s11, s10, s7, s13, s8, s12, s9, s0, s1], listeners:[]
2024-12-25 19:04:36,245 INFO  server.RaftServer$Division (RaftServerImpl.java:setConfigurationAsync(1348)) - s0@group-4CF2EC507520: receive setConfiguration SetConfigurationRequest:client-9E894F3AA110->s0@group-4CF2EC507520, cid=2065, seq=null, RW, null, SET_UNCONDITIONALLY, servers:[s11, s10, s7, s13, s8, s12, s9, s0, s1], listeners:[]
2024-12-25 19:04:36,345 INFO  server.RaftServer$Division (RaftServerImpl.java:setConfigurationAsync(1348)) - s1@group-4CF2EC507520: receive setConfiguration SetConfigurationRequest:client-9E894F3AA110->s1@group-4CF2EC507520, cid=2065, seq=null, RW, null, SET_UNCONDITIONALLY, servers:[s11, s10, s7, s13, s8, s12, s9, s0, s1], listeners:[]
2024-12-25 19:04:36,446 INFO  server.RaftServer$Division (RaftServerImpl.java:setConfigurationAsync(1348)) - s8@group-4CF2EC507520: receive setConfiguration SetConfigurationRequest:client-9E894F3AA110->s8@group-4CF2EC507520, cid=2065, seq=null, RW, null, SET_UNCONDITIONALLY, servers:[s11, s10, s7, s13, s8, s12, s9, s0, s1], listeners:[]
2024-12-25 19:04:36,546 INFO  server.RaftServer$Division (RaftServerImpl.java:setConfigurationAsync(1348)) - s7@group-4CF2EC507520: receive setConfiguration SetConfigurationRequest:client-9E894F3AA110->s7@group-4CF2EC507520, cid=2065, seq=null, RW, null, SET_UNCONDITIONALLY, servers:[s11, s10, s7, s13, s8, s12, s9, s0, s1], listeners:[]
2024-12-25 19:04:36,646 INFO  server.RaftServer$Division (RaftServerImpl.java:setConfigurationAsync(1348)) - s0@group-4CF2EC507520: receive setConfiguration SetConfigurationRequest:client-9E894F3AA110->s0@group-4CF2EC507520, cid=2065, seq=null, RW, null, SET_UNCONDITIONALLY, servers:[s11, s10, s7, s13, s8, s12, s9, s0, s1], listeners:[]
2024-12-25 19:04:36,746 INFO  server.RaftServer$Division (RaftServerImpl.java:setConfigurationAsync(1348)) - s8@group-4CF2EC507520: receive setConfiguration SetConfigurationRequest:client-9E894F3AA110->s8@group-4CF2EC507520, cid=2065, seq=null, RW, null, SET_UNCONDITIONALLY, servers:[s11, s10, s7, s13, s8, s12, s9, s0, s1], listeners:[]
2024-12-25 19:04:36,847 INFO  server.RaftServer$Division (RaftServerImpl.java:setConfigurationAsync(1348)) - s7@group-4CF2EC507520: receive setConfiguration SetConfigurationRequest:client-9E894F3AA110->s7@group-4CF2EC507520, cid=2065, seq=null, RW, null, SET_UNCONDITIONALLY, servers:[s11, s10, s7, s13, s8, s12, s9, s0, s1], listeners:[]
2024-12-25 19:04:36,947 INFO  server.RaftServer$Division (RaftServerImpl.java:setConfigurationAsync(1348)) - s1@group-4CF2EC507520: receive setConfiguration SetConfigurationRequest:client-9E894F3AA110->s1@group-4CF2EC507520, cid=2065, seq=null, RW, null, SET_UNCONDITIONALLY, servers:[s11, s10, s7, s13, s8, s12, s9, s0, s1], listeners:[]
2024-12-25 19:04:37,047 INFO  server.RaftServer$Division (RaftServerImpl.java:setConfigurationAsync(1348)) - s8@group-4CF2EC507520: receive setConfiguration SetConfigurationRequest:client-9E894F3AA110->s8@group-4CF2EC507520, cid=2065, seq=null, RW, null, SET_UNCONDITIONALLY, servers:[s11, s10, s7, s13, s8, s12, s9, s0, s1], listeners:[]
2024-12-25 19:04:37,057 INFO  impl.MiniRaftCluster (MiniRaftCluster.java:lambda$null$7(362)) - TIMED-PRINT: printing ALL groups
  s3:  RUNNING [
   FOLLOWER s3@group-4CF2EC507520:t0, leader=null, voted=, raftlog=Memoized:s3@group-4CF2EC507520-SegmentedRaftLog:OPENED:c-1:lastnull, conf=conf: {index: -1, cur=peers:[]|listeners:[], old=null} STARTING
   FOLLOWER s3@group-6AB839334A82:t0, leader=null, voted=, raftlog=Memoized:s3@group-6AB839334A82-SegmentedRaftLog:OPENED:c-1:lastnull, conf=conf: {index: -1, cur=peers:[]|listeners:[], old=null} STARTING] size=2
  s4:  RUNNING [
   FOLLOWER s4@group-4CF2EC507520:t0, leader=null, voted=, raftlog=Memoized:s4@group-4CF2EC507520-SegmentedRaftLog:OPENED:c-1:lastnull, conf=conf: {index: -1, cur=peers:[]|listeners:[], old=null} STARTING
   FOLLOWER s4@group-6AB839334A82:t0, leader=null, voted=, raftlog=Memoized:s4@group-6AB839334A82-SegmentedRaftLog:OPENED:c-1:lastnull, conf=conf: {index: -1, cur=peers:[]|listeners:[], old=null} STARTING] size=2
  s5:  RUNNING [
   FOLLOWER s5@group-4CF2EC507520:t0, leader=null, voted=, raftlog=Memoized:s5@group-4CF2EC507520-SegmentedRaftLog:OPENED:c-1:lastnull, conf=conf: {index: -1, cur=peers:[]|listeners:[], old=null} STARTING
   FOLLOWER s5@group-6AB839334A82:t0, leader=null, voted=, raftlog=Memoized:s5@group-6AB839334A82-SegmentedRaftLog:OPENED:c-1:lastnull, conf=conf: {index: -1, cur=peers:[]|listeners:[], old=null} STARTING] size=2
  s6:  RUNNING [
   FOLLOWER s6@group-4CF2EC507520:t0, leader=null, voted=, raftlog=Memoized:s6@group-4CF2EC507520-SegmentedRaftLog:OPENED:c-1:lastnull, conf=conf: {index: -1, cur=peers:[]|listeners:[], old=null} STARTING
   FOLLOWER s6@group-6AB839334A82:t0, leader=null, voted=, raftlog=Memoized:s6@group-6AB839334A82-SegmentedRaftLog:OPENED:c-1:lastnull, conf=conf: {index: -1, cur=peers:[]|listeners:[], old=null} STARTING] size=2
  s7:  RUNNING [
     LEADER s7@group-4CF2EC507520:t1, leader=s7, voted=s7, raftlog=Memoized:s7@group-4CF2EC507520-SegmentedRaftLog:OPENED:c123:last(t:1, i:124), conf=conf: {index: 123, cur=peers:[s7, s8, s9, s0, s1]|listeners:[], old=null} RUNNING
   FOLLOWER s7@group-6AB839334A82:t0, leader=null, voted=, raftlog=Memoized:s7@group-6AB839334A82-SegmentedRaftLog:OPENED:c-1:lastnull, conf=conf: {index: -1, cur=peers:[]|listeners:[], old=null} STARTING] size=2
  s8:  RUNNING [
   FOLLOWER s8@group-4CF2EC507520:t1, leader=s7, voted=s7, raftlog=Memoized:s8@group-4CF2EC507520-SegmentedRaftLog:OPENED:c123:last(t:1, i:124), conf=conf: {index: 123, cur=peers:[s7|, s8|, s9|, s0|, s1|]|listeners:[], old=null} RUNNING
   FOLLOWER s8@group-6AB839334A82:t0, leader=null, voted=, raftlog=Memoized:s8@group-6AB839334A82-SegmentedRaftLog:OPENED:c-1:lastnull, conf=conf: {index: -1, cur=peers:[]|listeners:[], old=null} STARTING] size=2
  s9:  RUNNING [
   FOLLOWER s9@group-4CF2EC507520:t1, leader=s7, voted=s7, raftlog=Memoized:s9@group-4CF2EC507520-SegmentedRaftLog:OPENED:c123:last(t:1, i:124), conf=conf: {index: 123, cur=peers:[s7|, s8|, s9|, s0|, s1|]|listeners:[], old=null} RUNNING
   FOLLOWER s9@group-6AB839334A82:t0, leader=null, voted=, raftlog=Memoized:s9@group-6AB839334A82-SegmentedRaftLog:OPENED:c-1:lastnull, conf=conf: {index: -1, cur=peers:[]|listeners:[], old=null} STARTING] size=2
  s11:  RUNNING [
   FOLLOWER s11@group-4CF2EC507520:t1, leader=s7, voted=null, raftlog=Memoized:s11@group-4CF2EC507520-SegmentedRaftLog:OPENED:c123:last(t:1, i:124), conf=conf: {index: 123, cur=peers:[s7|, s8|, s9|, s0|, s1|]|listeners:[], old=null} STARTING
   FOLLOWER s11@group-6AB839334A82:t0, leader=null, voted=, raftlog=Memoized:s11@group-6AB839334A82-SegmentedRaftLog:OPENED:c-1:lastnull, conf=conf: {index: -1, cur=peers:[]|listeners:[], old=null} STARTING] size=2
  s10:  RUNNING [
   FOLLOWER s10@group-4CF2EC507520:t1, leader=s7, voted=null, raftlog=Memoized:s10@group-4CF2EC507520-SegmentedRaftLog:OPENED:c123:last(t:1, i:124), conf=conf: {index: 123, cur=peers:[s7|, s8|, s9|, s0|, s1|]|listeners:[], old=null} STARTING
   FOLLOWER s10@group-6AB839334A82:t0, leader=null, voted=, raftlog=Memoized:s10@group-6AB839334A82-SegmentedRaftLog:OPENED:c-1:lastnull, conf=conf: {index: -1, cur=peers:[]|listeners:[], old=null} STARTING] size=2
  s13:  RUNNING [
   FOLLOWER s13@group-4CF2EC507520:t1, leader=s7, voted=null, raftlog=Memoized:s13@group-4CF2EC507520-SegmentedRaftLog:OPENED:c123:last(t:1, i:124), conf=conf: {index: 123, cur=peers:[s7|, s8|, s9|, s0|, s1|]|listeners:[], old=null} STARTING
   FOLLOWER s13@group-6AB839334A82:t0, leader=null, voted=, raftlog=Memoized:s13@group-6AB839334A82-SegmentedRaftLog:OPENED:c-1:lastnull, conf=conf: {index: -1, cur=peers:[]|listeners:[], old=null} STARTING] size=2
  s12:  RUNNING [
   FOLLOWER s12@group-4CF2EC507520:t1, leader=s7, voted=null, raftlog=Memoized:s12@group-4CF2EC507520-SegmentedRaftLog:OPENED:c123:last(t:1, i:124), conf=conf: {index: 123, cur=peers:[s7|, s8|, s9|, s0|, s1|]|listeners:[], old=null} STARTING
   FOLLOWER s12@group-6AB839334A82:t0, leader=null, voted=, raftlog=Memoized:s12@group-6AB839334A82-SegmentedRaftLog:OPENED:c-1:lastnull, conf=conf: {index: -1, cur=peers:[]|listeners:[], old=null} STARTING] size=2
  s14:  RUNNING [
   FOLLOWER s14@group-4CF2EC507520:t0, leader=null, voted=, raftlog=Memoized:s14@group-4CF2EC507520-SegmentedRaftLog:OPENED:c-1:lastnull, conf=conf: {index: -1, cur=peers:[]|listeners:[], old=null} STARTING
   FOLLOWER s14@group-6AB839334A82:t0, leader=null, voted=, raftlog=Memoized:s14@group-6AB839334A82-SegmentedRaftLog:OPENED:c-1:lastnull, conf=conf: {index: -1, cur=peers:[]|listeners:[], old=null} STARTING] size=2
  s0:  RUNNING [
   FOLLOWER s0@group-4CF2EC507520:t1, leader=s7, voted=null, raftlog=Memoized:s0@group-4CF2EC507520-SegmentedRaftLog:OPENED:c123:last(t:1, i:124), conf=conf: {index: 123, cur=peers:[s7|, s8|, s9|, s0|, s1|]|listeners:[], old=null} STARTING
   FOLLOWER s0@group-6AB839334A82:t0, leader=null, voted=, raftlog=Memoized:s0@group-6AB839334A82-SegmentedRaftLog:OPENED:c-1:lastnull, conf=conf: {index: -1, cur=peers:[]|listeners:[], old=null} STARTING] size=2
  s1:  RUNNING [
   FOLLOWER s1@group-4CF2EC507520:t1, leader=s7, voted=null, raftlog=Memoized:s1@group-4CF2EC507520-SegmentedRaftLog:OPENED:c123:last(t:1, i:124), conf=conf: {index: 123, cur=peers:[s7|, s8|, s9|, s0|, s1|]|listeners:[], old=null} STARTING
   FOLLOWER s1@group-6AB839334A82:t0, leader=null, voted=, raftlog=Memoized:s1@group-6AB839334A82-SegmentedRaftLog:OPENED:c-1:lastnull, conf=conf: {index: -1, cur=peers:[]|listeners:[], old=null} STARTING] size=2
  s2:  RUNNING [
   FOLLOWER s2@group-4CF2EC507520:t0, leader=null, voted=, raftlog=Memoized:s2@group-4CF2EC507520-SegmentedRaftLog:OPENED:c-1:lastnull, conf=conf: {index: -1, cur=peers:[]|listeners:[], old=null} STARTING
   FOLLOWER s2@group-6AB839334A82:t0, leader=null, voted=, raftlog=Memoized:s2@group-6AB839334A82-SegmentedRaftLog:OPENED:c-1:lastnull, conf=conf: {index: -1, cur=peers:[]|listeners:[], old=null} STARTING] size=2
2024-12-25 19:04:37,148 INFO  server.RaftServer$Division (RaftServerImpl.java:setConfigurationAsync(1348)) - s7@group-4CF2EC507520: receive setConfiguration SetConfigurationRequest:client-9E894F3AA110->s7@group-4CF2EC507520, cid=2065, seq=null, RW, null, SET_UNCONDITIONALLY, servers:[s11, s10, s7, s13, s8, s12, s9, s0, s1], listeners:[]
2024-12-25 19:04:37,248 INFO  server.RaftServer$Division (RaftServerImpl.java:setConfigurationAsync(1348)) - s9@group-4CF2EC507520: receive setConfiguration SetConfigurationRequest:client-9E894F3AA110->s9@group-4CF2EC507520, cid=2065, seq=null, RW, null, SET_UNCONDITIONALLY, servers:[s11, s10, s7, s13, s8, s12, s9, s0, s1], listeners:[]
2024-12-25 19:04:37,349 INFO  server.RaftServer$Division (RaftServerImpl.java:setConfigurationAsync(1348)) - s7@group-4CF2EC507520: receive setConfiguration SetConfigurationRequest:client-9E894F3AA110->s7@group-4CF2EC507520, cid=2065, seq=null, RW, null, SET_UNCONDITIONALLY, servers:[s11, s10, s7, s13, s8, s12, s9, s0, s1], listeners:[]
2024-12-25 19:04:37,449 INFO  server.RaftServer$Division (RaftServerImpl.java:setConfigurationAsync(1348)) - s9@group-4CF2EC507520: receive setConfiguration SetConfigurationRequest:client-9E894F3AA110->s9@group-4CF2EC507520, cid=2065, seq=null, RW, null, SET_UNCONDITIONALLY, servers:[s11, s10, s7, s13, s8, s12, s9, s0, s1], listeners:[]
2024-12-25 19:04:37,550 INFO  server.RaftServer$Division (RaftServerImpl.java:setConfigurationAsync(1348)) - s7@group-4CF2EC507520: receive setConfiguration SetConfigurationRequest:client-9E894F3AA110->s7@group-4CF2EC507520, cid=2065, seq=null, RW, null, SET_UNCONDITIONALLY, servers:[s11, s10, s7, s13, s8, s12, s9, s0, s1], listeners:[]
2024-12-25 19:04:37,650 INFO  server.RaftServer$Division (RaftServerImpl.java:setConfigurationAsync(1348)) - s9@group-4CF2EC507520: receive setConfiguration SetConfigurationRequest:client-9E894F3AA110->s9@group-4CF2EC507520, cid=2065, seq=null, RW, null, SET_UNCONDITIONALLY, servers:[s11, s10, s7, s13, s8, s12, s9, s0, s1], listeners:[]
2024-12-25 19:04:37,750 INFO  server.RaftServer$Division (RaftServerImpl.java:setConfigurationAsync(1348)) - s7@group-4CF2EC507520: receive setConfiguration SetConfigurationRequest:client-9E894F3AA110->s7@group-4CF2EC507520, cid=2065, seq=null, RW, null, SET_UNCONDITIONALLY, servers:[s11, s10, s7, s13, s8, s12, s9, s0, s1], listeners:[]
2024-12-25 19:04:37,850 INFO  server.RaftServer$Division (RaftServerImpl.java:setConfigurationAsync(1348)) - s1@group-4CF2EC507520: receive setConfiguration SetConfigurationRequest:client-9E894F3AA110->s1@group-4CF2EC507520, cid=2065, seq=null, RW, null, SET_UNCONDITIONALLY, servers:[s11, s10, s7, s13, s8, s12, s9, s0, s1], listeners:[]
2024-12-25 19:04:37,951 INFO  server.RaftServer$Division (RaftServerImpl.java:setConfigurationAsync(1348)) - s9@group-4CF2EC507520: receive setConfiguration SetConfigurationRequest:client-9E894F3AA110->s9@group-4CF2EC507520, cid=2065, seq=null, RW, null, SET_UNCONDITIONALLY, servers:[s11, s10, s7, s13, s8, s12, s9, s0, s1], listeners:[]
2024-12-25 19:04:38,051 INFO  server.RaftServer$Division (RaftServerImpl.java:setConfigurationAsync(1348)) - s7@group-4CF2EC507520: receive setConfiguration SetConfigurationRequest:client-9E894F3AA110->s7@group-4CF2EC507520, cid=2065, seq=null, RW, null, SET_UNCONDITIONALLY, servers:[s11, s10, s7, s13, s8, s12, s9, s0, s1], listeners:[]
2024-12-25 19:04:38,151 INFO  server.RaftServer$Division (RaftServerImpl.java:setConfigurationAsync(1348)) - s9@group-4CF2EC507520: receive setConfiguration SetConfigurationRequest:client-9E894F3AA110->s9@group-4CF2EC507520, cid=2065, seq=null, RW, null, SET_UNCONDITIONALLY, servers:[s11, s10, s7, s13, s8, s12, s9, s0, s1], listeners:[]
2024-12-25 19:04:38,252 INFO  server.RaftServer$Division (RaftServerImpl.java:setConfigurationAsync(1348)) - s7@group-4CF2EC507520: receive setConfiguration SetConfigurationRequest:client-9E894F3AA110->s7@group-4CF2EC507520, cid=2065, seq=null, RW, null, SET_UNCONDITIONALLY, servers:[s11, s10, s7, s13, s8, s12, s9, s0, s1], listeners:[]
2024-12-25 19:04:38,352 INFO  server.RaftServer$Division (RaftServerImpl.java:setConfigurationAsync(1348)) - s9@group-4CF2EC507520: receive setConfiguration SetConfigurationRequest:client-9E894F3AA110->s9@group-4CF2EC507520, cid=2065, seq=null, RW, null, SET_UNCONDITIONALLY, servers:[s11, s10, s7, s13, s8, s12, s9, s0, s1], listeners:[]
2024-12-25 19:04:38,452 INFO  server.RaftServer$Division (RaftServerImpl.java:setConfigurationAsync(1348)) - s7@group-4CF2EC507520: receive setConfiguration SetConfigurationRequest:client-9E894F3AA110->s7@group-4CF2EC507520, cid=2065, seq=null, RW, null, SET_UNCONDITIONALLY, servers:[s11, s10, s7, s13, s8, s12, s9, s0, s1], listeners:[]
2024-12-25 19:04:38,553 INFO  server.RaftServer$Division (RaftServerImpl.java:setConfigurationAsync(1348)) - s0@group-4CF2EC507520: receive setConfiguration SetConfigurationRequest:client-9E894F3AA110->s0@group-4CF2EC507520, cid=2065, seq=null, RW, null, SET_UNCONDITIONALLY, servers:[s11, s10, s7, s13, s8, s12, s9, s0, s1], listeners:[]
2024-12-25 19:04:38,653 INFO  server.RaftServer$Division (RaftServerImpl.java:setConfigurationAsync(1348)) - s8@group-4CF2EC507520: receive setConfiguration SetConfigurationRequest:client-9E894F3AA110->s8@group-4CF2EC507520, cid=2065, seq=null, RW, null, SET_UNCONDITIONALLY, servers:[s11, s10, s7, s13, s8, s12, s9, s0, s1], listeners:[]
2024-12-25 19:04:38,753 INFO  server.RaftServer$Division (RaftServerImpl.java:setConfigurationAsync(1348)) - s7@group-4CF2EC507520: receive setConfiguration SetConfigurationRequest:client-9E894F3AA110->s7@group-4CF2EC507520, cid=2065, seq=null, RW, null, SET_UNCONDITIONALLY, servers:[s11, s10, s7, s13, s8, s12, s9, s0, s1], listeners:[]
2024-12-25 19:04:38,854 INFO  server.RaftServer$Division (RaftServerImpl.java:setConfigurationAsync(1348)) - s8@group-4CF2EC507520: receive setConfiguration SetConfigurationRequest:client-9E894F3AA110->s8@group-4CF2EC507520, cid=2065, seq=null, RW, null, SET_UNCONDITIONALLY, servers:[s11, s10, s7, s13, s8, s12, s9, s0, s1], listeners:[]
2024-12-25 19:04:38,954 INFO  server.RaftServer$Division (RaftServerImpl.java:setConfigurationAsync(1348)) - s7@group-4CF2EC507520: receive setConfiguration SetConfigurationRequest:client-9E894F3AA110->s7@group-4CF2EC507520, cid=2065, seq=null, RW, null, SET_UNCONDITIONALLY, servers:[s11, s10, s7, s13, s8, s12, s9, s0, s1], listeners:[]
2024-12-25 19:04:39,054 INFO  server.RaftServer$Division (RaftServerImpl.java:setConfigurationAsync(1348)) - s1@group-4CF2EC507520: receive setConfiguration SetConfigurationRequest:client-9E894F3AA110->s1@group-4CF2EC507520, cid=2065, seq=null, RW, null, SET_UNCONDITIONALLY, servers:[s11, s10, s7, s13, s8, s12, s9, s0, s1], listeners:[]
2024-12-25 19:04:39,155 INFO  server.RaftServer$Division (RaftServerImpl.java:setConfigurationAsync(1348)) - s7@group-4CF2EC507520: receive setConfiguration SetConfigurationRequest:client-9E894F3AA110->s7@group-4CF2EC507520, cid=2065, seq=null, RW, null, SET_UNCONDITIONALLY, servers:[s11, s10, s7, s13, s8, s12, s9, s0, s1], listeners:[]
2024-12-25 19:04:39,255 INFO  server.RaftServer$Division (RaftServerImpl.java:setConfigurationAsync(1348)) - s9@group-4CF2EC507520: receive setConfiguration SetConfigurationRequest:client-9E894F3AA110->s9@group-4CF2EC507520, cid=2065, seq=null, RW, null, SET_UNCONDITIONALLY, servers:[s11, s10, s7, s13, s8, s12, s9, s0, s1], listeners:[]
2024-12-25 19:04:39,355 INFO  server.RaftServer$Division (RaftServerImpl.java:setConfigurationAsync(1348)) - s7@group-4CF2EC507520: receive setConfiguration SetConfigurationRequest:client-9E894F3AA110->s7@group-4CF2EC507520, cid=2065, seq=null, RW, null, SET_UNCONDITIONALLY, servers:[s11, s10, s7, s13, s8, s12, s9, s0, s1], listeners:[]
2024-12-25 19:04:39,456 INFO  server.RaftServer$Division (RaftServerImpl.java:setConfigurationAsync(1348)) - s8@group-4CF2EC507520: receive setConfiguration SetConfigurationRequest:client-9E894F3AA110->s8@group-4CF2EC507520, cid=2065, seq=null, RW, null, SET_UNCONDITIONALLY, servers:[s11, s10, s7, s13, s8, s12, s9, s0, s1], listeners:[]
2024-12-25 19:04:39,556 INFO  server.RaftServer$Division (RaftServerImpl.java:setConfigurationAsync(1348)) - s7@group-4CF2EC507520: receive setConfiguration SetConfigurationRequest:client-9E894F3AA110->s7@group-4CF2EC507520, cid=2065, seq=null, RW, null, SET_UNCONDITIONALLY, servers:[s11, s10, s7, s13, s8, s12, s9, s0, s1], listeners:[]
2024-12-25 19:04:39,656 INFO  server.RaftServer$Division (RaftServerImpl.java:setConfigurationAsync(1348)) - s1@group-4CF2EC507520: receive setConfiguration SetConfigurationRequest:client-9E894F3AA110->s1@group-4CF2EC507520, cid=2065, seq=null, RW, null, SET_UNCONDITIONALLY, servers:[s11, s10, s7, s13, s8, s12, s9, s0, s1], listeners:[]
2024-12-25 19:04:39,757 INFO  server.RaftServer$Division (RaftServerImpl.java:setConfigurationAsync(1348)) - s8@group-4CF2EC507520: receive setConfiguration SetConfigurationRequest:client-9E894F3AA110->s8@group-4CF2EC507520, cid=2065, seq=null, RW, null, SET_UNCONDITIONALLY, servers:[s11, s10, s7, s13, s8, s12, s9, s0, s1], listeners:[]
2024-12-25 19:04:39,857 INFO  server.RaftServer$Division (RaftServerImpl.java:setConfigurationAsync(1348)) - s7@group-4CF2EC507520: receive setConfiguration SetConfigurationRequest:client-9E894F3AA110->s7@group-4CF2EC507520, cid=2065, seq=null, RW, null, SET_UNCONDITIONALLY, servers:[s11, s10, s7, s13, s8, s12, s9, s0, s1], listeners:[]
2024-12-25 19:04:39,957 INFO  server.RaftServer$Division (RaftServerImpl.java:setConfigurationAsync(1348)) - s9@group-4CF2EC507520: receive setConfiguration SetConfigurationRequest:client-9E894F3AA110->s9@group-4CF2EC507520, cid=2065, seq=null, RW, null, SET_UNCONDITIONALLY, servers:[s11, s10, s7, s13, s8, s12, s9, s0, s1], listeners:[]
2024-12-25 19:04:40,058 INFO  server.RaftServer$Division (RaftServerImpl.java:setConfigurationAsync(1348)) - s7@group-4CF2EC507520: receive setConfiguration SetConfigurationRequest:client-9E894F3AA110->s7@group-4CF2EC507520, cid=2065, seq=null, RW, null, SET_UNCONDITIONALLY, servers:[s11, s10, s7, s13, s8, s12, s9, s0, s1], listeners:[]
2024-12-25 19:04:40,158 INFO  server.RaftServer$Division (RaftServerImpl.java:setConfigurationAsync(1348)) - s9@group-4CF2EC507520: receive setConfiguration SetConfigurationRequest:client-9E894F3AA110->s9@group-4CF2EC507520, cid=2065, seq=null, RW, null, SET_UNCONDITIONALLY, servers:[s11, s10, s7, s13, s8, s12, s9, s0, s1], listeners:[]
2024-12-25 19:04:40,258 INFO  server.RaftServer$Division (RaftServerImpl.java:setConfigurationAsync(1348)) - s7@group-4CF2EC507520: receive setConfiguration SetConfigurationRequest:client-9E894F3AA110->s7@group-4CF2EC507520, cid=2065, seq=null, RW, null, SET_UNCONDITIONALLY, servers:[s11, s10, s7, s13, s8, s12, s9, s0, s1], listeners:[]
2024-12-25 19:04:40,359 INFO  server.RaftServer$Division (RaftServerImpl.java:setConfigurationAsync(1348)) - s1@group-4CF2EC507520: receive setConfiguration SetConfigurationRequest:client-9E894F3AA110->s1@group-4CF2EC507520, cid=2065, seq=null, RW, null, SET_UNCONDITIONALLY, servers:[s11, s10, s7, s13, s8, s12, s9, s0, s1], listeners:[]
2024-12-25 19:04:40,459 INFO  server.RaftServer$Division (RaftServerImpl.java:setConfigurationAsync(1348)) - s7@group-4CF2EC507520: receive setConfiguration SetConfigurationRequest:client-9E894F3AA110->s7@group-4CF2EC507520, cid=2065, seq=null, RW, null, SET_UNCONDITIONALLY, servers:[s11, s10, s7, s13, s8, s12, s9, s0, s1], listeners:[]
2024-12-25 19:04:40,559 INFO  server.RaftServer$Division (RaftServerImpl.java:setConfigurationAsync(1348)) - s8@group-4CF2EC507520: receive setConfiguration SetConfigurationRequest:client-9E894F3AA110->s8@group-4CF2EC507520, cid=2065, seq=null, RW, null, SET_UNCONDITIONALLY, servers:[s11, s10, s7, s13, s8, s12, s9, s0, s1], listeners:[]
2024-12-25 19:04:40,659 INFO  server.RaftServer$Division (RaftServerImpl.java:setConfigurationAsync(1348)) - s7@group-4CF2EC507520: receive setConfiguration SetConfigurationRequest:client-9E894F3AA110->s7@group-4CF2EC507520, cid=2065, seq=null, RW, null, SET_UNCONDITIONALLY, servers:[s11, s10, s7, s13, s8, s12, s9, s0, s1], listeners:[]
2024-12-25 19:04:40,760 INFO  server.RaftServer$Division (RaftServerImpl.java:setConfigurationAsync(1348)) - s0@group-4CF2EC507520: receive setConfiguration SetConfigurationRequest:client-9E894F3AA110->s0@group-4CF2EC507520, cid=2065, seq=null, RW, null, SET_UNCONDITIONALLY, servers:[s11, s10, s7, s13, s8, s12, s9, s0, s1], listeners:[]
2024-12-25 19:04:40,860 INFO  server.RaftServer$Division (RaftServerImpl.java:setConfigurationAsync(1348)) - s1@group-4CF2EC507520: receive setConfiguration SetConfigurationRequest:client-9E894F3AA110->s1@group-4CF2EC507520, cid=2065, seq=null, RW, null, SET_UNCONDITIONALLY, servers:[s11, s10, s7, s13, s8, s12, s9, s0, s1], listeners:[]
2024-12-25 19:04:40,960 INFO  server.RaftServer$Division (RaftServerImpl.java:setConfigurationAsync(1348)) - s9@group-4CF2EC507520: receive setConfiguration SetConfigurationRequest:client-9E894F3AA110->s9@group-4CF2EC507520, cid=2065, seq=null, RW, null, SET_UNCONDITIONALLY, servers:[s11, s10, s7, s13, s8, s12, s9, s0, s1], listeners:[]
2024-12-25 19:04:41,061 INFO  server.RaftServer$Division (RaftServerImpl.java:setConfigurationAsync(1348)) - s7@group-4CF2EC507520: receive setConfiguration SetConfigurationRequest:client-9E894F3AA110->s7@group-4CF2EC507520, cid=2065, seq=null, RW, null, SET_UNCONDITIONALLY, servers:[s11, s10, s7, s13, s8, s12, s9, s0, s1], listeners:[]
2024-12-25 19:04:41,161 INFO  server.RaftServer$Division (RaftServerImpl.java:setConfigurationAsync(1348)) - s1@group-4CF2EC507520: receive setConfiguration SetConfigurationRequest:client-9E894F3AA110->s1@group-4CF2EC507520, cid=2065, seq=null, RW, null, SET_UNCONDITIONALLY, servers:[s11, s10, s7, s13, s8, s12, s9, s0, s1], listeners:[]
2024-12-25 19:04:41,261 INFO  server.RaftServer$Division (RaftServerImpl.java:setConfigurationAsync(1348)) - s0@group-4CF2EC507520: receive setConfiguration SetConfigurationRequest:client-9E894F3AA110->s0@group-4CF2EC507520, cid=2065, seq=null, RW, null, SET_UNCONDITIONALLY, servers:[s11, s10, s7, s13, s8, s12, s9, s0, s1], listeners:[]
2024-12-25 19:04:41,362 INFO  server.RaftServer$Division (RaftServerImpl.java:setConfigurationAsync(1348)) - s9@group-4CF2EC507520: receive setConfiguration SetConfigurationRequest:client-9E894F3AA110->s9@group-4CF2EC507520, cid=2065, seq=null, RW, null, SET_UNCONDITIONALLY, servers:[s11, s10, s7, s13, s8, s12, s9, s0, s1], listeners:[]
2024-12-25 19:04:41,462 INFO  server.RaftServer$Division (RaftServerImpl.java:setConfigurationAsync(1348)) - s7@group-4CF2EC507520: receive setConfiguration SetConfigurationRequest:client-9E894F3AA110->s7@group-4CF2EC507520, cid=2065, seq=null, RW, null, SET_UNCONDITIONALLY, servers:[s11, s10, s7, s13, s8, s12, s9, s0, s1], listeners:[]
2024-12-25 19:04:41,562 INFO  server.RaftServer$Division (RaftServerImpl.java:setConfigurationAsync(1348)) - s1@group-4CF2EC507520: receive setConfiguration SetConfigurationRequest:client-9E894F3AA110->s1@group-4CF2EC507520, cid=2065, seq=null, RW, null, SET_UNCONDITIONALLY, servers:[s11, s10, s7, s13, s8, s12, s9, s0, s1], listeners:[]
2024-12-25 19:04:41,663 INFO  server.RaftServer$Division (RaftServerImpl.java:setConfigurationAsync(1348)) - s9@group-4CF2EC507520: receive setConfiguration SetConfigurationRequest:client-9E894F3AA110->s9@group-4CF2EC507520, cid=2065, seq=null, RW, null, SET_UNCONDITIONALLY, servers:[s11, s10, s7, s13, s8, s12, s9, s0, s1], listeners:[]
2024-12-25 19:04:41,763 INFO  server.RaftServer$Division (RaftServerImpl.java:setConfigurationAsync(1348)) - s7@group-4CF2EC507520: receive setConfiguration SetConfigurationRequest:client-9E894F3AA110->s7@group-4CF2EC507520, cid=2065, seq=null, RW, null, SET_UNCONDITIONALLY, servers:[s11, s10, s7, s13, s8, s12, s9, s0, s1], listeners:[]
2024-12-25 19:04:41,863 INFO  server.RaftServer$Division (RaftServerImpl.java:setConfigurationAsync(1348)) - s1@group-4CF2EC507520: receive setConfiguration SetConfigurationRequest:client-9E894F3AA110->s1@group-4CF2EC507520, cid=2065, seq=null, RW, null, SET_UNCONDITIONALLY, servers:[s11, s10, s7, s13, s8, s12, s9, s0, s1], listeners:[]
2024-12-25 19:04:41,963 INFO  server.RaftServer$Division (RaftServerImpl.java:setConfigurationAsync(1348)) - s7@group-4CF2EC507520: receive setConfiguration SetConfigurationRequest:client-9E894F3AA110->s7@group-4CF2EC507520, cid=2065, seq=null, RW, null, SET_UNCONDITIONALLY, servers:[s11, s10, s7, s13, s8, s12, s9, s0, s1], listeners:[]
2024-12-25 19:04:42,064 INFO  server.RaftServer$Division (RaftServerImpl.java:setConfigurationAsync(1348)) - s9@group-4CF2EC507520: receive setConfiguration SetConfigurationRequest:client-9E894F3AA110->s9@group-4CF2EC507520, cid=2065, seq=null, RW, null, SET_UNCONDITIONALLY, servers:[s11, s10, s7, s13, s8, s12, s9, s0, s1], listeners:[]
2024-12-25 19:04:42,164 INFO  server.RaftServer$Division (RaftServerImpl.java:setConfigurationAsync(1348)) - s7@group-4CF2EC507520: receive setConfiguration SetConfigurationRequest:client-9E894F3AA110->s7@group-4CF2EC507520, cid=2065, seq=null, RW, null, SET_UNCONDITIONALLY, servers:[s11, s10, s7, s13, s8, s12, s9, s0, s1], listeners:[]
2024-12-25 19:04:42,264 INFO  server.RaftServer$Division (RaftServerImpl.java:setConfigurationAsync(1348)) - s0@group-4CF2EC507520: receive setConfiguration SetConfigurationRequest:client-9E894F3AA110->s0@group-4CF2EC507520, cid=2065, seq=null, RW, null, SET_UNCONDITIONALLY, servers:[s11, s10, s7, s13, s8, s12, s9, s0, s1], listeners:[]
2024-12-25 19:04:42,365 INFO  server.RaftServer$Division (RaftServerImpl.java:setConfigurationAsync(1348)) - s1@group-4CF2EC507520: receive setConfiguration SetConfigurationRequest:client-9E894F3AA110->s1@group-4CF2EC507520, cid=2065, seq=null, RW, null, SET_UNCONDITIONALLY, servers:[s11, s10, s7, s13, s8, s12, s9, s0, s1], listeners:[]
2024-12-25 19:04:42,465 INFO  server.RaftServer$Division (RaftServerImpl.java:setConfigurationAsync(1348)) - s0@group-4CF2EC507520: receive setConfiguration SetConfigurationRequest:client-9E894F3AA110->s0@group-4CF2EC507520, cid=2065, seq=null, RW, null, SET_UNCONDITIONALLY, servers:[s11, s10, s7, s13, s8, s12, s9, s0, s1], listeners:[]
2024-12-25 19:04:42,565 INFO  server.RaftServer$Division (RaftServerImpl.java:setConfigurationAsync(1348)) - s7@group-4CF2EC507520: receive setConfiguration SetConfigurationRequest:client-9E894F3AA110->s7@group-4CF2EC507520, cid=2065, seq=null, RW, null, SET_UNCONDITIONALLY, servers:[s11, s10, s7, s13, s8, s12, s9, s0, s1], listeners:[]
2024-12-25 19:04:42,666 INFO  server.RaftServer$Division (RaftServerImpl.java:setConfigurationAsync(1348)) - s8@group-4CF2EC507520: receive setConfiguration SetConfigurationRequest:client-9E894F3AA110->s8@group-4CF2EC507520, cid=2065, seq=null, RW, null, SET_UNCONDITIONALLY, servers:[s11, s10, s7, s13, s8, s12, s9, s0, s1], listeners:[]
2024-12-25 19:04:42,766 INFO  server.RaftServer$Division (RaftServerImpl.java:setConfigurationAsync(1348)) - s7@group-4CF2EC507520: receive setConfiguration SetConfigurationRequest:client-9E894F3AA110->s7@group-4CF2EC507520, cid=2065, seq=null, RW, null, SET_UNCONDITIONALLY, servers:[s11, s10, s7, s13, s8, s12, s9, s0, s1], listeners:[]
2024-12-25 19:04:42,866 INFO  server.RaftServer$Division (RaftServerImpl.java:setConfigurationAsync(1348)) - s1@group-4CF2EC507520: receive setConfiguration SetConfigurationRequest:client-9E894F3AA110->s1@group-4CF2EC507520, cid=2065, seq=null, RW, null, SET_UNCONDITIONALLY, servers:[s11, s10, s7, s13, s8, s12, s9, s0, s1], listeners:[]
2024-12-25 19:04:42,967 INFO  server.RaftServer$Division (RaftServerImpl.java:setConfigurationAsync(1348)) - s9@group-4CF2EC507520: receive setConfiguration SetConfigurationRequest:client-9E894F3AA110->s9@group-4CF2EC507520, cid=2065, seq=null, RW, null, SET_UNCONDITIONALLY, servers:[s11, s10, s7, s13, s8, s12, s9, s0, s1], listeners:[]
2024-12-25 19:04:43,067 INFO  server.RaftServer$Division (RaftServerImpl.java:setConfigurationAsync(1348)) - s7@group-4CF2EC507520: receive setConfiguration SetConfigurationRequest:client-9E894F3AA110->s7@group-4CF2EC507520, cid=2065, seq=null, RW, null, SET_UNCONDITIONALLY, servers:[s11, s10, s7, s13, s8, s12, s9, s0, s1], listeners:[]
2024-12-25 19:04:43,167 INFO  server.RaftServer$Division (RaftServerImpl.java:setConfigurationAsync(1348)) - s9@group-4CF2EC507520: receive setConfiguration SetConfigurationRequest:client-9E894F3AA110->s9@group-4CF2EC507520, cid=2065, seq=null, RW, null, SET_UNCONDITIONALLY, servers:[s11, s10, s7, s13, s8, s12, s9, s0, s1], listeners:[]
2024-12-25 19:04:43,268 INFO  server.RaftServer$Division (RaftServerImpl.java:setConfigurationAsync(1348)) - s7@group-4CF2EC507520: receive setConfiguration SetConfigurationRequest:client-9E894F3AA110->s7@group-4CF2EC507520, cid=2065, seq=null, RW, null, SET_UNCONDITIONALLY, servers:[s11, s10, s7, s13, s8, s12, s9, s0, s1], listeners:[]
2024-12-25 19:04:43,368 INFO  server.RaftServer$Division (RaftServerImpl.java:setConfigurationAsync(1348)) - s0@group-4CF2EC507520: receive setConfiguration SetConfigurationRequest:client-9E894F3AA110->s0@group-4CF2EC507520, cid=2065, seq=null, RW, null, SET_UNCONDITIONALLY, servers:[s11, s10, s7, s13, s8, s12, s9, s0, s1], listeners:[]
2024-12-25 19:04:43,468 INFO  server.RaftServer$Division (RaftServerImpl.java:setConfigurationAsync(1348)) - s9@group-4CF2EC507520: receive setConfiguration SetConfigurationRequest:client-9E894F3AA110->s9@group-4CF2EC507520, cid=2065, seq=null, RW, null, SET_UNCONDITIONALLY, servers:[s11, s10, s7, s13, s8, s12, s9, s0, s1], listeners:[]
2024-12-25 19:04:43,569 INFO  server.RaftServer$Division (RaftServerImpl.java:setConfigurationAsync(1348)) - s7@group-4CF2EC507520: receive setConfiguration SetConfigurationRequest:client-9E894F3AA110->s7@group-4CF2EC507520, cid=2065, seq=null, RW, null, SET_UNCONDITIONALLY, servers:[s11, s10, s7, s13, s8, s12, s9, s0, s1], listeners:[]
2024-12-25 19:04:43,669 INFO  server.RaftServer$Division (RaftServerImpl.java:setConfigurationAsync(1348)) - s1@group-4CF2EC507520: receive setConfiguration SetConfigurationRequest:client-9E894F3AA110->s1@group-4CF2EC507520, cid=2065, seq=null, RW, null, SET_UNCONDITIONALLY, servers:[s11, s10, s7, s13, s8, s12, s9, s0, s1], listeners:[]
2024-12-25 19:04:43,769 INFO  server.RaftServer$Division (RaftServerImpl.java:setConfigurationAsync(1348)) - s9@group-4CF2EC507520: receive setConfiguration SetConfigurationRequest:client-9E894F3AA110->s9@group-4CF2EC507520, cid=2065, seq=null, RW, null, SET_UNCONDITIONALLY, servers:[s11, s10, s7, s13, s8, s12, s9, s0, s1], listeners:[]
2024-12-25 19:04:43,870 INFO  server.RaftServer$Division (RaftServerImpl.java:setConfigurationAsync(1348)) - s7@group-4CF2EC507520: receive setConfiguration SetConfigurationRequest:client-9E894F3AA110->s7@group-4CF2EC507520, cid=2065, seq=null, RW, null, SET_UNCONDITIONALLY, servers:[s11, s10, s7, s13, s8, s12, s9, s0, s1], listeners:[]
2024-12-25 19:04:43,970 INFO  server.RaftServer$Division (RaftServerImpl.java:setConfigurationAsync(1348)) - s1@group-4CF2EC507520: receive setConfiguration SetConfigurationRequest:client-9E894F3AA110->s1@group-4CF2EC507520, cid=2065, seq=null, RW, null, SET_UNCONDITIONALLY, servers:[s11, s10, s7, s13, s8, s12, s9, s0, s1], listeners:[]
2024-12-25 19:04:44,070 INFO  server.RaftServer$Division (RaftServerImpl.java:setConfigurationAsync(1348)) - s9@group-4CF2EC507520: receive setConfiguration SetConfigurationRequest:client-9E894F3AA110->s9@group-4CF2EC507520, cid=2065, seq=null, RW, null, SET_UNCONDITIONALLY, servers:[s11, s10, s7, s13, s8, s12, s9, s0, s1], listeners:[]
2024-12-25 19:04:44,171 INFO  server.RaftServer$Division (RaftServerImpl.java:setConfigurationAsync(1348)) - s7@group-4CF2EC507520: receive setConfiguration SetConfigurationRequest:client-9E894F3AA110->s7@group-4CF2EC507520, cid=2065, seq=null, RW, null, SET_UNCONDITIONALLY, servers:[s11, s10, s7, s13, s8, s12, s9, s0, s1], listeners:[]
2024-12-25 19:04:44,271 INFO  server.RaftServer$Division (RaftServerImpl.java:setConfigurationAsync(1348)) - s0@group-4CF2EC507520: receive setConfiguration SetConfigurationRequest:client-9E894F3AA110->s0@group-4CF2EC507520, cid=2065, seq=null, RW, null, SET_UNCONDITIONALLY, servers:[s11, s10, s7, s13, s8, s12, s9, s0, s1], listeners:[]
2024-12-25 19:04:44,371 INFO  server.RaftServer$Division (RaftServerImpl.java:setConfigurationAsync(1348)) - s7@group-4CF2EC507520: receive setConfiguration SetConfigurationRequest:client-9E894F3AA110->s7@group-4CF2EC507520, cid=2065, seq=null, RW, null, SET_UNCONDITIONALLY, servers:[s11, s10, s7, s13, s8, s12, s9, s0, s1], listeners:[]
2024-12-25 19:04:44,472 INFO  server.RaftServer$Division (RaftServerImpl.java:setConfigurationAsync(1348)) - s9@group-4CF2EC507520: receive setConfiguration SetConfigurationRequest:client-9E894F3AA110->s9@group-4CF2EC507520, cid=2065, seq=null, RW, null, SET_UNCONDITIONALLY, servers:[s11, s10, s7, s13, s8, s12, s9, s0, s1], listeners:[]
2024-12-25 19:04:44,572 INFO  server.RaftServer$Division (RaftServerImpl.java:setConfigurationAsync(1348)) - s7@group-4CF2EC507520: receive setConfiguration SetConfigurationRequest:client-9E894F3AA110->s7@group-4CF2EC507520, cid=2065, seq=null, RW, null, SET_UNCONDITIONALLY, servers:[s11, s10, s7, s13, s8, s12, s9, s0, s1], listeners:[]
2024-12-25 19:04:44,672 INFO  server.RaftServer$Division (RaftServerImpl.java:setConfigurationAsync(1348)) - s0@group-4CF2EC507520: receive setConfiguration SetConfigurationRequest:client-9E894F3AA110->s0@group-4CF2EC507520, cid=2065, seq=null, RW, null, SET_UNCONDITIONALLY, servers:[s11, s10, s7, s13, s8, s12, s9, s0, s1], listeners:[]
2024-12-25 19:04:44,772 INFO  server.RaftServer$Division (RaftServerImpl.java:setConfigurationAsync(1348)) - s1@group-4CF2EC507520: receive setConfiguration SetConfigurationRequest:client-9E894F3AA110->s1@group-4CF2EC507520, cid=2065, seq=null, RW, null, SET_UNCONDITIONALLY, servers:[s11, s10, s7, s13, s8, s12, s9, s0, s1], listeners:[]
2024-12-25 19:04:44,873 INFO  server.RaftServer$Division (RaftServerImpl.java:setConfigurationAsync(1348)) - s9@group-4CF2EC507520: receive setConfiguration SetConfigurationRequest:client-9E894F3AA110->s9@group-4CF2EC507520, cid=2065, seq=null, RW, null, SET_UNCONDITIONALLY, servers:[s11, s10, s7, s13, s8, s12, s9, s0, s1], listeners:[]
2024-12-25 19:04:44,973 INFO  server.RaftServer$Division (RaftServerImpl.java:setConfigurationAsync(1348)) - s7@group-4CF2EC507520: receive setConfiguration SetConfigurationRequest:client-9E894F3AA110->s7@group-4CF2EC507520, cid=2065, seq=null, RW, null, SET_UNCONDITIONALLY, servers:[s11, s10, s7, s13, s8, s12, s9, s0, s1], listeners:[]
2024-12-25 19:04:45,073 INFO  server.RaftServer$Division (RaftServerImpl.java:setConfigurationAsync(1348)) - s9@group-4CF2EC507520: receive setConfiguration SetConfigurationRequest:client-9E894F3AA110->s9@group-4CF2EC507520, cid=2065, seq=null, RW, null, SET_UNCONDITIONALLY, servers:[s11, s10, s7, s13, s8, s12, s9, s0, s1], listeners:[]
2024-12-25 19:04:45,174 INFO  server.RaftServer$Division (RaftServerImpl.java:setConfigurationAsync(1348)) - s7@group-4CF2EC507520: receive setConfiguration SetConfigurationRequest:client-9E894F3AA110->s7@group-4CF2EC507520, cid=2065, seq=null, RW, null, SET_UNCONDITIONALLY, servers:[s11, s10, s7, s13, s8, s12, s9, s0, s1], listeners:[]
2024-12-25 19:04:45,274 INFO  server.RaftServer$Division (RaftServerImpl.java:setConfigurationAsync(1348)) - s0@group-4CF2EC507520: receive setConfiguration SetConfigurationRequest:client-9E894F3AA110->s0@group-4CF2EC507520, cid=2065, seq=null, RW, null, SET_UNCONDITIONALLY, servers:[s11, s10, s7, s13, s8, s12, s9, s0, s1], listeners:[]
2024-12-25 19:04:45,374 INFO  server.RaftServer$Division (RaftServerImpl.java:setConfigurationAsync(1348)) - s8@group-4CF2EC507520: receive setConfiguration SetConfigurationRequest:client-9E894F3AA110->s8@group-4CF2EC507520, cid=2065, seq=null, RW, null, SET_UNCONDITIONALLY, servers:[s11, s10, s7, s13, s8, s12, s9, s0, s1], listeners:[]
2024-12-25 19:04:45,475 INFO  server.RaftServer$Division (RaftServerImpl.java:setConfigurationAsync(1348)) - s7@group-4CF2EC507520: receive setConfiguration SetConfigurationRequest:client-9E894F3AA110->s7@group-4CF2EC507520, cid=2065, seq=null, RW, null, SET_UNCONDITIONALLY, servers:[s11, s10, s7, s13, s8, s12, s9, s0, s1], listeners:[]
2024-12-25 19:04:45,575 INFO  server.RaftServer$Division (RaftServerImpl.java:setConfigurationAsync(1348)) - s8@group-4CF2EC507520: receive setConfiguration SetConfigurationRequest:client-9E894F3AA110->s8@group-4CF2EC507520, cid=2065, seq=null, RW, null, SET_UNCONDITIONALLY, servers:[s11, s10, s7, s13, s8, s12, s9, s0, s1], listeners:[]
2024-12-25 19:04:45,675 INFO  server.RaftServer$Division (RaftServerImpl.java:setConfigurationAsync(1348)) - s7@group-4CF2EC507520: receive setConfiguration SetConfigurationRequest:client-9E894F3AA110->s7@group-4CF2EC507520, cid=2065, seq=null, RW, null, SET_UNCONDITIONALLY, servers:[s11, s10, s7, s13, s8, s12, s9, s0, s1], listeners:[]
2024-12-25 19:04:45,776 INFO  server.RaftServer$Division (RaftServerImpl.java:setConfigurationAsync(1348)) - s1@group-4CF2EC507520: receive setConfiguration SetConfigurationRequest:client-9E894F3AA110->s1@group-4CF2EC507520, cid=2065, seq=null, RW, null, SET_UNCONDITIONALLY, servers:[s11, s10, s7, s13, s8, s12, s9, s0, s1], listeners:[]
2024-12-25 19:04:45,876 INFO  server.RaftServer$Division (RaftServerImpl.java:setConfigurationAsync(1348)) - s7@group-4CF2EC507520: receive setConfiguration SetConfigurationRequest:client-9E894F3AA110->s7@group-4CF2EC507520, cid=2065, seq=null, RW, null, SET_UNCONDITIONALLY, servers:[s11, s10, s7, s13, s8, s12, s9, s0, s1], listeners:[]
2024-12-25 19:04:45,976 INFO  server.RaftServer$Division (RaftServerImpl.java:setConfigurationAsync(1348)) - s9@group-4CF2EC507520: receive setConfiguration SetConfigurationRequest:client-9E894F3AA110->s9@group-4CF2EC507520, cid=2065, seq=null, RW, null, SET_UNCONDITIONALLY, servers:[s11, s10, s7, s13, s8, s12, s9, s0, s1], listeners:[]
2024-12-25 19:04:46,076 INFO  server.RaftServer$Division (RaftServerImpl.java:setConfigurationAsync(1348)) - s7@group-4CF2EC507520: receive setConfiguration SetConfigurationRequest:client-9E894F3AA110->s7@group-4CF2EC507520, cid=2065, seq=null, RW, null, SET_UNCONDITIONALLY, servers:[s11, s10, s7, s13, s8, s12, s9, s0, s1], listeners:[]
2024-12-25 19:04:46,177 INFO  server.RaftServer$Division (RaftServerImpl.java:setConfigurationAsync(1348)) - s9@group-4CF2EC507520: receive setConfiguration SetConfigurationRequest:client-9E894F3AA110->s9@group-4CF2EC507520, cid=2065, seq=null, RW, null, SET_UNCONDITIONALLY, servers:[s11, s10, s7, s13, s8, s12, s9, s0, s1], listeners:[]
2024-12-25 19:04:46,277 INFO  server.RaftServer$Division (RaftServerImpl.java:setConfigurationAsync(1348)) - s7@group-4CF2EC507520: receive setConfiguration SetConfigurationRequest:client-9E894F3AA110->s7@group-4CF2EC507520, cid=2065, seq=null, RW, null, SET_UNCONDITIONALLY, servers:[s11, s10, s7, s13, s8, s12, s9, s0, s1], listeners:[]
2024-12-25 19:04:46,377 INFO  server.RaftServer$Division (RaftServerImpl.java:setConfigurationAsync(1348)) - s9@group-4CF2EC507520: receive setConfiguration SetConfigurationRequest:client-9E894F3AA110->s9@group-4CF2EC507520, cid=2065, seq=null, RW, null, SET_UNCONDITIONALLY, servers:[s11, s10, s7, s13, s8, s12, s9, s0, s1], listeners:[]
2024-12-25 19:04:46,478 INFO  server.RaftServer$Division (RaftServerImpl.java:setConfigurationAsync(1348)) - s7@group-4CF2EC507520: receive setConfiguration SetConfigurationRequest:client-9E894F3AA110->s7@group-4CF2EC507520, cid=2065, seq=null, RW, null, SET_UNCONDITIONALLY, servers:[s11, s10, s7, s13, s8, s12, s9, s0, s1], listeners:[]
2024-12-25 19:04:46,578 INFO  server.RaftServer$Division (RaftServerImpl.java:setConfigurationAsync(1348)) - s9@group-4CF2EC507520: receive setConfiguration SetConfigurationRequest:client-9E894F3AA110->s9@group-4CF2EC507520, cid=2065, seq=null, RW, null, SET_UNCONDITIONALLY, servers:[s11, s10, s7, s13, s8, s12, s9, s0, s1], listeners:[]
2024-12-25 19:04:46,678 INFO  server.RaftServer$Division (RaftServerImpl.java:setConfigurationAsync(1348)) - s7@group-4CF2EC507520: receive setConfiguration SetConfigurationRequest:client-9E894F3AA110->s7@group-4CF2EC507520, cid=2065, seq=null, RW, null, SET_UNCONDITIONALLY, servers:[s11, s10, s7, s13, s8, s12, s9, s0, s1], listeners:[]
2024-12-25 19:04:46,779 INFO  server.RaftServer$Division (RaftServerImpl.java:setConfigurationAsync(1348)) - s1@group-4CF2EC507520: receive setConfiguration SetConfigurationRequest:client-9E894F3AA110->s1@group-4CF2EC507520, cid=2065, seq=null, RW, null, SET_UNCONDITIONALLY, servers:[s11, s10, s7, s13, s8, s12, s9, s0, s1], listeners:[]
2024-12-25 19:04:46,879 INFO  server.RaftServer$Division (RaftServerImpl.java:setConfigurationAsync(1348)) - s8@group-4CF2EC507520: receive setConfiguration SetConfigurationRequest:client-9E894F3AA110->s8@group-4CF2EC507520, cid=2065, seq=null, RW, null, SET_UNCONDITIONALLY, servers:[s11, s10, s7, s13, s8, s12, s9, s0, s1], listeners:[]
2024-12-25 19:04:46,979 INFO  server.RaftServer$Division (RaftServerImpl.java:setConfigurationAsync(1348)) - s7@group-4CF2EC507520: receive setConfiguration SetConfigurationRequest:client-9E894F3AA110->s7@group-4CF2EC507520, cid=2065, seq=null, RW, null, SET_UNCONDITIONALLY, servers:[s11, s10, s7, s13, s8, s12, s9, s0, s1], listeners:[]
2024-12-25 19:04:47,058 INFO  impl.MiniRaftCluster (MiniRaftCluster.java:lambda$null$7(362)) - TIMED-PRINT: printing ALL groups
  s3:  RUNNING [
   FOLLOWER s3@group-4CF2EC507520:t0, leader=null, voted=, raftlog=Memoized:s3@group-4CF2EC507520-SegmentedRaftLog:OPENED:c-1:lastnull, conf=conf: {index: -1, cur=peers:[]|listeners:[], old=null} STARTING
   FOLLOWER s3@group-6AB839334A82:t0, leader=null, voted=, raftlog=Memoized:s3@group-6AB839334A82-SegmentedRaftLog:OPENED:c-1:lastnull, conf=conf: {index: -1, cur=peers:[]|listeners:[], old=null} STARTING] size=2
  s4:  RUNNING [
   FOLLOWER s4@group-4CF2EC507520:t0, leader=null, voted=, raftlog=Memoized:s4@group-4CF2EC507520-SegmentedRaftLog:OPENED:c-1:lastnull, conf=conf: {index: -1, cur=peers:[]|listeners:[], old=null} STARTING
   FOLLOWER s4@group-6AB839334A82:t0, leader=null, voted=, raftlog=Memoized:s4@group-6AB839334A82-SegmentedRaftLog:OPENED:c-1:lastnull, conf=conf: {index: -1, cur=peers:[]|listeners:[], old=null} STARTING] size=2
  s5:  RUNNING [
   FOLLOWER s5@group-4CF2EC507520:t0, leader=null, voted=, raftlog=Memoized:s5@group-4CF2EC507520-SegmentedRaftLog:OPENED:c-1:lastnull, conf=conf: {index: -1, cur=peers:[]|listeners:[], old=null} STARTING
   FOLLOWER s5@group-6AB839334A82:t0, leader=null, voted=, raftlog=Memoized:s5@group-6AB839334A82-SegmentedRaftLog:OPENED:c-1:lastnull, conf=conf: {index: -1, cur=peers:[]|listeners:[], old=null} STARTING] size=2
  s6:  RUNNING [
   FOLLOWER s6@group-4CF2EC507520:t0, leader=null, voted=, raftlog=Memoized:s6@group-4CF2EC507520-SegmentedRaftLog:OPENED:c-1:lastnull, conf=conf: {index: -1, cur=peers:[]|listeners:[], old=null} STARTING
   FOLLOWER s6@group-6AB839334A82:t0, leader=null, voted=, raftlog=Memoized:s6@group-6AB839334A82-SegmentedRaftLog:OPENED:c-1:lastnull, conf=conf: {index: -1, cur=peers:[]|listeners:[], old=null} STARTING] size=2
  s7:  RUNNING [
     LEADER s7@group-4CF2EC507520:t1, leader=s7, voted=s7, raftlog=Memoized:s7@group-4CF2EC507520-SegmentedRaftLog:OPENED:c123:last(t:1, i:124), conf=conf: {index: 123, cur=peers:[s7, s8, s9, s0, s1]|listeners:[], old=null} RUNNING
   FOLLOWER s7@group-6AB839334A82:t0, leader=null, voted=, raftlog=Memoized:s7@group-6AB839334A82-SegmentedRaftLog:OPENED:c-1:lastnull, conf=conf: {index: -1, cur=peers:[]|listeners:[], old=null} STARTING] size=2
  s8:  RUNNING [
   FOLLOWER s8@group-4CF2EC507520:t1, leader=s7, voted=s7, raftlog=Memoized:s8@group-4CF2EC507520-SegmentedRaftLog:OPENED:c123:last(t:1, i:124), conf=conf: {index: 123, cur=peers:[s7|, s8|, s9|, s0|, s1|]|listeners:[], old=null} RUNNING
   FOLLOWER s8@group-6AB839334A82:t0, leader=null, voted=, raftlog=Memoized:s8@group-6AB839334A82-SegmentedRaftLog:OPENED:c-1:lastnull, conf=conf: {index: -1, cur=peers:[]|listeners:[], old=null} STARTING] size=2
  s9:  RUNNING [
   FOLLOWER s9@group-4CF2EC507520:t1, leader=s7, voted=s7, raftlog=Memoized:s9@group-4CF2EC507520-SegmentedRaftLog:OPENED:c123:last(t:1, i:124), conf=conf: {index: 123, cur=peers:[s7|, s8|, s9|, s0|, s1|]|listeners:[], old=null} RUNNING
   FOLLOWER s9@group-6AB839334A82:t0, leader=null, voted=, raftlog=Memoized:s9@group-6AB839334A82-SegmentedRaftLog:OPENED:c-1:lastnull, conf=conf: {index: -1, cur=peers:[]|listeners:[], old=null} STARTING] size=2
  s11:  RUNNING [
   FOLLOWER s11@group-4CF2EC507520:t1, leader=s7, voted=null, raftlog=Memoized:s11@group-4CF2EC507520-SegmentedRaftLog:OPENED:c123:last(t:1, i:124), conf=conf: {index: 123, cur=peers:[s7|, s8|, s9|, s0|, s1|]|listeners:[], old=null} STARTING
   FOLLOWER s11@group-6AB839334A82:t0, leader=null, voted=, raftlog=Memoized:s11@group-6AB839334A82-SegmentedRaftLog:OPENED:c-1:lastnull, conf=conf: {index: -1, cur=peers:[]|listeners:[], old=null} STARTING] size=2
  s10:  RUNNING [
   FOLLOWER s10@group-4CF2EC507520:t1, leader=s7, voted=null, raftlog=Memoized:s10@group-4CF2EC507520-SegmentedRaftLog:OPENED:c123:last(t:1, i:124), conf=conf: {index: 123, cur=peers:[s7|, s8|, s9|, s0|, s1|]|listeners:[], old=null} STARTING
   FOLLOWER s10@group-6AB839334A82:t0, leader=null, voted=, raftlog=Memoized:s10@group-6AB839334A82-SegmentedRaftLog:OPENED:c-1:lastnull, conf=conf: {index: -1, cur=peers:[]|listeners:[], old=null} STARTING] size=2
  s13:  RUNNING [
   FOLLOWER s13@group-4CF2EC507520:t1, leader=s7, voted=null, raftlog=Memoized:s13@group-4CF2EC507520-SegmentedRaftLog:OPENED:c123:last(t:1, i:124), conf=conf: {index: 123, cur=peers:[s7|, s8|, s9|, s0|, s1|]|listeners:[], old=null} STARTING
   FOLLOWER s13@group-6AB839334A82:t0, leader=null, voted=, raftlog=Memoized:s13@group-6AB839334A82-SegmentedRaftLog:OPENED:c-1:lastnull, conf=conf: {index: -1, cur=peers:[]|listeners:[], old=null} STARTING] size=2
  s12:  RUNNING [
   FOLLOWER s12@group-4CF2EC507520:t1, leader=s7, voted=null, raftlog=Memoized:s12@group-4CF2EC507520-SegmentedRaftLog:OPENED:c123:last(t:1, i:124), conf=conf: {index: 123, cur=peers:[s7|, s8|, s9|, s0|, s1|]|listeners:[], old=null} STARTING
   FOLLOWER s12@group-6AB839334A82:t0, leader=null, voted=, raftlog=Memoized:s12@group-6AB839334A82-SegmentedRaftLog:OPENED:c-1:lastnull, conf=conf: {index: -1, cur=peers:[]|listeners:[], old=null} STARTING] size=2
  s14:  RUNNING [
   FOLLOWER s14@group-4CF2EC507520:t0, leader=null, voted=, raftlog=Memoized:s14@group-4CF2EC507520-SegmentedRaftLog:OPENED:c-1:lastnull, conf=conf: {index: -1, cur=peers:[]|listeners:[], old=null} STARTING
   FOLLOWER s14@group-6AB839334A82:t0, leader=null, voted=, raftlog=Memoized:s14@group-6AB839334A82-SegmentedRaftLog:OPENED:c-1:lastnull, conf=conf: {index: -1, cur=peers:[]|listeners:[], old=null} STARTING] size=2
  s0:  RUNNING [
   FOLLOWER s0@group-4CF2EC507520:t1, leader=s7, voted=null, raftlog=Memoized:s0@group-4CF2EC507520-SegmentedRaftLog:OPENED:c123:last(t:1, i:124), conf=conf: {index: 123, cur=peers:[s7|, s8|, s9|, s0|, s1|]|listeners:[], old=null} STARTING
   FOLLOWER s0@group-6AB839334A82:t0, leader=null, voted=, raftlog=Memoized:s0@group-6AB839334A82-SegmentedRaftLog:OPENED:c-1:lastnull, conf=conf: {index: -1, cur=peers:[]|listeners:[], old=null} STARTING] size=2
  s1:  RUNNING [
   FOLLOWER s1@group-4CF2EC507520:t1, leader=s7, voted=null, raftlog=Memoized:s1@group-4CF2EC507520-SegmentedRaftLog:OPENED:c123:last(t:1, i:124), conf=conf: {index: 123, cur=peers:[s7|, s8|, s9|, s0|, s1|]|listeners:[], old=null} STARTING
   FOLLOWER s1@group-6AB839334A82:t0, leader=null, voted=, raftlog=Memoized:s1@group-6AB839334A82-SegmentedRaftLog:OPENED:c-1:lastnull, conf=conf: {index: -1, cur=peers:[]|listeners:[], old=null} STARTING] size=2
  s2:  RUNNING [
   FOLLOWER s2@group-4CF2EC507520:t0, leader=null, voted=, raftlog=Memoized:s2@group-4CF2EC507520-SegmentedRaftLog:OPENED:c-1:lastnull, conf=conf: {index: -1, cur=peers:[]|listeners:[], old=null} STARTING
   FOLLOWER s2@group-6AB839334A82:t0, leader=null, voted=, raftlog=Memoized:s2@group-6AB839334A82-SegmentedRaftLog:OPENED:c-1:lastnull, conf=conf: {index: -1, cur=peers:[]|listeners:[], old=null} STARTING] size=2
2024-12-25 19:04:47,080 INFO  server.RaftServer$Division (RaftServerImpl.java:setConfigurationAsync(1348)) - s1@group-4CF2EC507520: receive setConfiguration SetConfigurationRequest:client-9E894F3AA110->s1@group-4CF2EC507520, cid=2065, seq=null, RW, null, SET_UNCONDITIONALLY, servers:[s11, s10, s7, s13, s8, s12, s9, s0, s1], listeners:[]
2024-12-25 19:04:47,180 INFO  server.RaftServer$Division (RaftServerImpl.java:setConfigurationAsync(1348)) - s9@group-4CF2EC507520: receive setConfiguration SetConfigurationRequest:client-9E894F3AA110->s9@group-4CF2EC507520, cid=2065, seq=null, RW, null, SET_UNCONDITIONALLY, servers:[s11, s10, s7, s13, s8, s12, s9, s0, s1], listeners:[]
2024-12-25 19:04:47,281 INFO  server.RaftServer$Division (RaftServerImpl.java:setConfigurationAsync(1348)) - s7@group-4CF2EC507520: receive setConfiguration SetConfigurationRequest:client-9E894F3AA110->s7@group-4CF2EC507520, cid=2065, seq=null, RW, null, SET_UNCONDITIONALLY, servers:[s11, s10, s7, s13, s8, s12, s9, s0, s1], listeners:[]
2024-12-25 19:04:47,381 INFO  server.RaftServer$Division (RaftServerImpl.java:setConfigurationAsync(1348)) - s0@group-4CF2EC507520: receive setConfiguration SetConfigurationRequest:client-9E894F3AA110->s0@group-4CF2EC507520, cid=2065, seq=null, RW, null, SET_UNCONDITIONALLY, servers:[s11, s10, s7, s13, s8, s12, s9, s0, s1], listeners:[]
2024-12-25 19:04:47,481 INFO  server.RaftServer$Division (RaftServerImpl.java:setConfigurationAsync(1348)) - s7@group-4CF2EC507520: receive setConfiguration SetConfigurationRequest:client-9E894F3AA110->s7@group-4CF2EC507520, cid=2065, seq=null, RW, null, SET_UNCONDITIONALLY, servers:[s11, s10, s7, s13, s8, s12, s9, s0, s1], listeners:[]
2024-12-25 19:04:47,582 INFO  server.RaftServer$Division (RaftServerImpl.java:setConfigurationAsync(1348)) - s1@group-4CF2EC507520: receive setConfiguration SetConfigurationRequest:client-9E894F3AA110->s1@group-4CF2EC507520, cid=2065, seq=null, RW, null, SET_UNCONDITIONALLY, servers:[s11, s10, s7, s13, s8, s12, s9, s0, s1], listeners:[]
2024-12-25 19:04:47,682 INFO  server.RaftServer$Division (RaftServerImpl.java:setConfigurationAsync(1348)) - s8@group-4CF2EC507520: receive setConfiguration SetConfigurationRequest:client-9E894F3AA110->s8@group-4CF2EC507520, cid=2065, seq=null, RW, null, SET_UNCONDITIONALLY, servers:[s11, s10, s7, s13, s8, s12, s9, s0, s1], listeners:[]
2024-12-25 19:04:47,782 INFO  server.RaftServer$Division (RaftServerImpl.java:setConfigurationAsync(1348)) - s7@group-4CF2EC507520: receive setConfiguration SetConfigurationRequest:client-9E894F3AA110->s7@group-4CF2EC507520, cid=2065, seq=null, RW, null, SET_UNCONDITIONALLY, servers:[s11, s10, s7, s13, s8, s12, s9, s0, s1], listeners:[]
2024-12-25 19:04:47,883 INFO  server.RaftServer$Division (RaftServerImpl.java:setConfigurationAsync(1348)) - s0@group-4CF2EC507520: receive setConfiguration SetConfigurationRequest:client-9E894F3AA110->s0@group-4CF2EC507520, cid=2065, seq=null, RW, null, SET_UNCONDITIONALLY, servers:[s11, s10, s7, s13, s8, s12, s9, s0, s1], listeners:[]
2024-12-25 19:04:47,983 INFO  server.RaftServer$Division (RaftServerImpl.java:setConfigurationAsync(1348)) - s9@group-4CF2EC507520: receive setConfiguration SetConfigurationRequest:client-9E894F3AA110->s9@group-4CF2EC507520, cid=2065, seq=null, RW, null, SET_UNCONDITIONALLY, servers:[s11, s10, s7, s13, s8, s12, s9, s0, s1], listeners:[]
2024-12-25 19:04:48,083 INFO  server.RaftServer$Division (RaftServerImpl.java:setConfigurationAsync(1348)) - s7@group-4CF2EC507520: receive setConfiguration SetConfigurationRequest:client-9E894F3AA110->s7@group-4CF2EC507520, cid=2065, seq=null, RW, null, SET_UNCONDITIONALLY, servers:[s11, s10, s7, s13, s8, s12, s9, s0, s1], listeners:[]
2024-12-25 19:04:48,183 INFO  server.RaftServer$Division (RaftServerImpl.java:setConfigurationAsync(1348)) - s8@group-4CF2EC507520: receive setConfiguration SetConfigurationRequest:client-9E894F3AA110->s8@group-4CF2EC507520, cid=2065, seq=null, RW, null, SET_UNCONDITIONALLY, servers:[s11, s10, s7, s13, s8, s12, s9, s0, s1], listeners:[]
2024-12-25 19:04:48,284 INFO  server.RaftServer$Division (RaftServerImpl.java:setConfigurationAsync(1348)) - s7@group-4CF2EC507520: receive setConfiguration SetConfigurationRequest:client-9E894F3AA110->s7@group-4CF2EC507520, cid=2065, seq=null, RW, null, SET_UNCONDITIONALLY, servers:[s11, s10, s7, s13, s8, s12, s9, s0, s1], listeners:[]
2024-12-25 19:04:48,384 INFO  server.RaftServer$Division (RaftServerImpl.java:setConfigurationAsync(1348)) - s9@group-4CF2EC507520: receive setConfiguration SetConfigurationRequest:client-9E894F3AA110->s9@group-4CF2EC507520, cid=2065, seq=null, RW, null, SET_UNCONDITIONALLY, servers:[s11, s10, s7, s13, s8, s12, s9, s0, s1], listeners:[]
2024-12-25 19:04:48,484 INFO  server.RaftServer$Division (RaftServerImpl.java:setConfigurationAsync(1348)) - s7@group-4CF2EC507520: receive setConfiguration SetConfigurationRequest:client-9E894F3AA110->s7@group-4CF2EC507520, cid=2065, seq=null, RW, null, SET_UNCONDITIONALLY, servers:[s11, s10, s7, s13, s8, s12, s9, s0, s1], listeners:[]
2024-12-25 19:04:48,585 INFO  server.RaftServer$Division (RaftServerImpl.java:setConfigurationAsync(1348)) - s8@group-4CF2EC507520: receive setConfiguration SetConfigurationRequest:client-9E894F3AA110->s8@group-4CF2EC507520, cid=2065, seq=null, RW, null, SET_UNCONDITIONALLY, servers:[s11, s10, s7, s13, s8, s12, s9, s0, s1], listeners:[]
2024-12-25 19:04:48,685 INFO  server.RaftServer$Division (RaftServerImpl.java:setConfigurationAsync(1348)) - s7@group-4CF2EC507520: receive setConfiguration SetConfigurationRequest:client-9E894F3AA110->s7@group-4CF2EC507520, cid=2065, seq=null, RW, null, SET_UNCONDITIONALLY, servers:[s11, s10, s7, s13, s8, s12, s9, s0, s1], listeners:[]
2024-12-25 19:04:48,785 INFO  server.RaftServer$Division (RaftServerImpl.java:setConfigurationAsync(1348)) - s1@group-4CF2EC507520: receive setConfiguration SetConfigurationRequest:client-9E894F3AA110->s1@group-4CF2EC507520, cid=2065, seq=null, RW, null, SET_UNCONDITIONALLY, servers:[s11, s10, s7, s13, s8, s12, s9, s0, s1], listeners:[]
2024-12-25 19:04:48,886 INFO  server.RaftServer$Division (RaftServerImpl.java:setConfigurationAsync(1348)) - s8@group-4CF2EC507520: receive setConfiguration SetConfigurationRequest:client-9E894F3AA110->s8@group-4CF2EC507520, cid=2065, seq=null, RW, null, SET_UNCONDITIONALLY, servers:[s11, s10, s7, s13, s8, s12, s9, s0, s1], listeners:[]
2024-12-25 19:04:48,986 INFO  server.RaftServer$Division (RaftServerImpl.java:setConfigurationAsync(1348)) - s7@group-4CF2EC507520: receive setConfiguration SetConfigurationRequest:client-9E894F3AA110->s7@group-4CF2EC507520, cid=2065, seq=null, RW, null, SET_UNCONDITIONALLY, servers:[s11, s10, s7, s13, s8, s12, s9, s0, s1], listeners:[]
2024-12-25 19:04:49,086 INFO  server.RaftServer$Division (RaftServerImpl.java:setConfigurationAsync(1348)) - s9@group-4CF2EC507520: receive setConfiguration SetConfigurationRequest:client-9E894F3AA110->s9@group-4CF2EC507520, cid=2065, seq=null, RW, null, SET_UNCONDITIONALLY, servers:[s11, s10, s7, s13, s8, s12, s9, s0, s1], listeners:[]
2024-12-25 19:04:49,187 INFO  server.RaftServer$Division (RaftServerImpl.java:setConfigurationAsync(1348)) - s7@group-4CF2EC507520: receive setConfiguration SetConfigurationRequest:client-9E894F3AA110->s7@group-4CF2EC507520, cid=2065, seq=null, RW, null, SET_UNCONDITIONALLY, servers:[s11, s10, s7, s13, s8, s12, s9, s0, s1], listeners:[]
2024-12-25 19:04:49,287 INFO  server.RaftServer$Division (RaftServerImpl.java:setConfigurationAsync(1348)) - s0@group-4CF2EC507520: receive setConfiguration SetConfigurationRequest:client-9E894F3AA110->s0@group-4CF2EC507520, cid=2065, seq=null, RW, null, SET_UNCONDITIONALLY, servers:[s11, s10, s7, s13, s8, s12, s9, s0, s1], listeners:[]
2024-12-25 19:04:49,387 INFO  server.RaftServer$Division (RaftServerImpl.java:setConfigurationAsync(1348)) - s1@group-4CF2EC507520: receive setConfiguration SetConfigurationRequest:client-9E894F3AA110->s1@group-4CF2EC507520, cid=2065, seq=null, RW, null, SET_UNCONDITIONALLY, servers:[s11, s10, s7, s13, s8, s12, s9, s0, s1], listeners:[]
2024-12-25 19:04:49,487 INFO  server.RaftServer$Division (RaftServerImpl.java:setConfigurationAsync(1348)) - s9@group-4CF2EC507520: receive setConfiguration SetConfigurationRequest:client-9E894F3AA110->s9@group-4CF2EC507520, cid=2065, seq=null, RW, null, SET_UNCONDITIONALLY, servers:[s11, s10, s7, s13, s8, s12, s9, s0, s1], listeners:[]
2024-12-25 19:04:49,588 INFO  server.RaftServer$Division (RaftServerImpl.java:setConfigurationAsync(1348)) - s7@group-4CF2EC507520: receive setConfiguration SetConfigurationRequest:client-9E894F3AA110->s7@group-4CF2EC507520, cid=2065, seq=null, RW, null, SET_UNCONDITIONALLY, servers:[s11, s10, s7, s13, s8, s12, s9, s0, s1], listeners:[]
2024-12-25 19:04:49,688 INFO  server.RaftServer$Division (RaftServerImpl.java:setConfigurationAsync(1348)) - s8@group-4CF2EC507520: receive setConfiguration SetConfigurationRequest:client-9E894F3AA110->s8@group-4CF2EC507520, cid=2065, seq=null, RW, null, SET_UNCONDITIONALLY, servers:[s11, s10, s7, s13, s8, s12, s9, s0, s1], listeners:[]
2024-12-25 19:04:49,788 INFO  server.RaftServer$Division (RaftServerImpl.java:setConfigurationAsync(1348)) - s7@group-4CF2EC507520: receive setConfiguration SetConfigurationRequest:client-9E894F3AA110->s7@group-4CF2EC507520, cid=2065, seq=null, RW, null, SET_UNCONDITIONALLY, servers:[s11, s10, s7, s13, s8, s12, s9, s0, s1], listeners:[]
2024-12-25 19:04:49,889 INFO  server.RaftServer$Division (RaftServerImpl.java:setConfigurationAsync(1348)) - s8@group-4CF2EC507520: receive setConfiguration SetConfigurationRequest:client-9E894F3AA110->s8@group-4CF2EC507520, cid=2065, seq=null, RW, null, SET_UNCONDITIONALLY, servers:[s11, s10, s7, s13, s8, s12, s9, s0, s1], listeners:[]
2024-12-25 19:04:49,989 INFO  server.RaftServer$Division (RaftServerImpl.java:setConfigurationAsync(1348)) - s7@group-4CF2EC507520: receive setConfiguration SetConfigurationRequest:client-9E894F3AA110->s7@group-4CF2EC507520, cid=2065, seq=null, RW, null, SET_UNCONDITIONALLY, servers:[s11, s10, s7, s13, s8, s12, s9, s0, s1], listeners:[]
2024-12-25 19:04:50,089 INFO  server.RaftServer$Division (RaftServerImpl.java:setConfigurationAsync(1348)) - s1@group-4CF2EC507520: receive setConfiguration SetConfigurationRequest:client-9E894F3AA110->s1@group-4CF2EC507520, cid=2065, seq=null, RW, null, SET_UNCONDITIONALLY, servers:[s11, s10, s7, s13, s8, s12, s9, s0, s1], listeners:[]
2024-12-25 19:04:50,190 INFO  server.RaftServer$Division (RaftServerImpl.java:setConfigurationAsync(1348)) - s9@group-4CF2EC507520: receive setConfiguration SetConfigurationRequest:client-9E894F3AA110->s9@group-4CF2EC507520, cid=2065, seq=null, RW, null, SET_UNCONDITIONALLY, servers:[s11, s10, s7, s13, s8, s12, s9, s0, s1], listeners:[]
2024-12-25 19:04:50,290 INFO  server.RaftServer$Division (RaftServerImpl.java:setConfigurationAsync(1348)) - s7@group-4CF2EC507520: receive setConfiguration SetConfigurationRequest:client-9E894F3AA110->s7@group-4CF2EC507520, cid=2065, seq=null, RW, null, SET_UNCONDITIONALLY, servers:[s11, s10, s7, s13, s8, s12, s9, s0, s1], listeners:[]
2024-12-25 19:04:50,390 INFO  server.RaftServer$Division (RaftServerImpl.java:setConfigurationAsync(1348)) - s8@group-4CF2EC507520: receive setConfiguration SetConfigurationRequest:client-9E894F3AA110->s8@group-4CF2EC507520, cid=2065, seq=null, RW, null, SET_UNCONDITIONALLY, servers:[s11, s10, s7, s13, s8, s12, s9, s0, s1], listeners:[]
2024-12-25 19:04:50,490 INFO  server.RaftServer$Division (RaftServerImpl.java:setConfigurationAsync(1348)) - s7@group-4CF2EC507520: receive setConfiguration SetConfigurationRequest:client-9E894F3AA110->s7@group-4CF2EC507520, cid=2065, seq=null, RW, null, SET_UNCONDITIONALLY, servers:[s11, s10, s7, s13, s8, s12, s9, s0, s1], listeners:[]
2024-12-25 19:04:50,591 INFO  server.RaftServer$Division (RaftServerImpl.java:setConfigurationAsync(1348)) - s9@group-4CF2EC507520: receive setConfiguration SetConfigurationRequest:client-9E894F3AA110->s9@group-4CF2EC507520, cid=2065, seq=null, RW, null, SET_UNCONDITIONALLY, servers:[s11, s10, s7, s13, s8, s12, s9, s0, s1], listeners:[]
2024-12-25 19:04:50,691 INFO  server.RaftServer$Division (RaftServerImpl.java:setConfigurationAsync(1348)) - s7@group-4CF2EC507520: receive setConfiguration SetConfigurationRequest:client-9E894F3AA110->s7@group-4CF2EC507520, cid=2065, seq=null, RW, null, SET_UNCONDITIONALLY, servers:[s11, s10, s7, s13, s8, s12, s9, s0, s1], listeners:[]
2024-12-25 19:04:50,791 INFO  server.RaftServer$Division (RaftServerImpl.java:setConfigurationAsync(1348)) - s8@group-4CF2EC507520: receive setConfiguration SetConfigurationRequest:client-9E894F3AA110->s8@group-4CF2EC507520, cid=2065, seq=null, RW, null, SET_UNCONDITIONALLY, servers:[s11, s10, s7, s13, s8, s12, s9, s0, s1], listeners:[]
2024-12-25 19:04:50,892 INFO  server.RaftServer$Division (RaftServerImpl.java:setConfigurationAsync(1348)) - s7@group-4CF2EC507520: receive setConfiguration SetConfigurationRequest:client-9E894F3AA110->s7@group-4CF2EC507520, cid=2065, seq=null, RW, null, SET_UNCONDITIONALLY, servers:[s11, s10, s7, s13, s8, s12, s9, s0, s1], listeners:[]
2024-12-25 19:04:50,992 INFO  server.RaftServer$Division (RaftServerImpl.java:setConfigurationAsync(1348)) - s9@group-4CF2EC507520: receive setConfiguration SetConfigurationRequest:client-9E894F3AA110->s9@group-4CF2EC507520, cid=2065, seq=null, RW, null, SET_UNCONDITIONALLY, servers:[s11, s10, s7, s13, s8, s12, s9, s0, s1], listeners:[]
2024-12-25 19:04:51,092 INFO  server.RaftServer$Division (RaftServerImpl.java:setConfigurationAsync(1348)) - s7@group-4CF2EC507520: receive setConfiguration SetConfigurationRequest:client-9E894F3AA110->s7@group-4CF2EC507520, cid=2065, seq=null, RW, null, SET_UNCONDITIONALLY, servers:[s11, s10, s7, s13, s8, s12, s9, s0, s1], listeners:[]
2024-12-25 19:04:51,193 INFO  server.RaftServer$Division (RaftServerImpl.java:setConfigurationAsync(1348)) - s9@group-4CF2EC507520: receive setConfiguration SetConfigurationRequest:client-9E894F3AA110->s9@group-4CF2EC507520, cid=2065, seq=null, RW, null, SET_UNCONDITIONALLY, servers:[s11, s10, s7, s13, s8, s12, s9, s0, s1], listeners:[]
2024-12-25 19:04:51,293 INFO  server.RaftServer$Division (RaftServerImpl.java:setConfigurationAsync(1348)) - s7@group-4CF2EC507520: receive setConfiguration SetConfigurationRequest:client-9E894F3AA110->s7@group-4CF2EC507520, cid=2065, seq=null, RW, null, SET_UNCONDITIONALLY, servers:[s11, s10, s7, s13, s8, s12, s9, s0, s1], listeners:[]
2024-12-25 19:04:51,393 INFO  server.RaftServer$Division (RaftServerImpl.java:setConfigurationAsync(1348)) - s8@group-4CF2EC507520: receive setConfiguration SetConfigurationRequest:client-9E894F3AA110->s8@group-4CF2EC507520, cid=2065, seq=null, RW, null, SET_UNCONDITIONALLY, servers:[s11, s10, s7, s13, s8, s12, s9, s0, s1], listeners:[]
2024-12-25 19:04:51,494 INFO  server.RaftServer$Division (RaftServerImpl.java:setConfigurationAsync(1348)) - s7@group-4CF2EC507520: receive setConfiguration SetConfigurationRequest:client-9E894F3AA110->s7@group-4CF2EC507520, cid=2065, seq=null, RW, null, SET_UNCONDITIONALLY, servers:[s11, s10, s7, s13, s8, s12, s9, s0, s1], listeners:[]
2024-12-25 19:04:51,594 INFO  server.RaftServer$Division (RaftServerImpl.java:setConfigurationAsync(1348)) - s9@group-4CF2EC507520: receive setConfiguration SetConfigurationRequest:client-9E894F3AA110->s9@group-4CF2EC507520, cid=2065, seq=null, RW, null, SET_UNCONDITIONALLY, servers:[s11, s10, s7, s13, s8, s12, s9, s0, s1], listeners:[]
2024-12-25 19:04:51,694 INFO  server.RaftServer$Division (RaftServerImpl.java:setConfigurationAsync(1348)) - s7@group-4CF2EC507520: receive setConfiguration SetConfigurationRequest:client-9E894F3AA110->s7@group-4CF2EC507520, cid=2065, seq=null, RW, null, SET_UNCONDITIONALLY, servers:[s11, s10, s7, s13, s8, s12, s9, s0, s1], listeners:[]
2024-12-25 19:04:51,794 INFO  server.RaftServer$Division (RaftServerImpl.java:setConfigurationAsync(1348)) - s8@group-4CF2EC507520: receive setConfiguration SetConfigurationRequest:client-9E894F3AA110->s8@group-4CF2EC507520, cid=2065, seq=null, RW, null, SET_UNCONDITIONALLY, servers:[s11, s10, s7, s13, s8, s12, s9, s0, s1], listeners:[]
2024-12-25 19:04:51,895 INFO  server.RaftServer$Division (RaftServerImpl.java:setConfigurationAsync(1348)) - s7@group-4CF2EC507520: receive setConfiguration SetConfigurationRequest:client-9E894F3AA110->s7@group-4CF2EC507520, cid=2065, seq=null, RW, null, SET_UNCONDITIONALLY, servers:[s11, s10, s7, s13, s8, s12, s9, s0, s1], listeners:[]
2024-12-25 19:04:51,995 INFO  server.RaftServer$Division (RaftServerImpl.java:setConfigurationAsync(1348)) - s9@group-4CF2EC507520: receive setConfiguration SetConfigurationRequest:client-9E894F3AA110->s9@group-4CF2EC507520, cid=2065, seq=null, RW, null, SET_UNCONDITIONALLY, servers:[s11, s10, s7, s13, s8, s12, s9, s0, s1], listeners:[]
2024-12-25 19:04:52,095 INFO  server.RaftServer$Division (RaftServerImpl.java:setConfigurationAsync(1348)) - s7@group-4CF2EC507520: receive setConfiguration SetConfigurationRequest:client-9E894F3AA110->s7@group-4CF2EC507520, cid=2065, seq=null, RW, null, SET_UNCONDITIONALLY, servers:[s11, s10, s7, s13, s8, s12, s9, s0, s1], listeners:[]
2024-12-25 19:04:52,196 INFO  server.RaftServer$Division (RaftServerImpl.java:setConfigurationAsync(1348)) - s8@group-4CF2EC507520: receive setConfiguration SetConfigurationRequest:client-9E894F3AA110->s8@group-4CF2EC507520, cid=2065, seq=null, RW, null, SET_UNCONDITIONALLY, servers:[s11, s10, s7, s13, s8, s12, s9, s0, s1], listeners:[]
2024-12-25 19:04:52,296 INFO  server.RaftServer$Division (RaftServerImpl.java:setConfigurationAsync(1348)) - s7@group-4CF2EC507520: receive setConfiguration SetConfigurationRequest:client-9E894F3AA110->s7@group-4CF2EC507520, cid=2065, seq=null, RW, null, SET_UNCONDITIONALLY, servers:[s11, s10, s7, s13, s8, s12, s9, s0, s1], listeners:[]
2024-12-25 19:04:52,396 INFO  server.RaftServer$Division (RaftServerImpl.java:setConfigurationAsync(1348)) - s8@group-4CF2EC507520: receive setConfiguration SetConfigurationRequest:client-9E894F3AA110->s8@group-4CF2EC507520, cid=2065, seq=null, RW, null, SET_UNCONDITIONALLY, servers:[s11, s10, s7, s13, s8, s12, s9, s0, s1], listeners:[]
2024-12-25 19:04:52,497 INFO  server.RaftServer$Division (RaftServerImpl.java:setConfigurationAsync(1348)) - s7@group-4CF2EC507520: receive setConfiguration SetConfigurationRequest:client-9E894F3AA110->s7@group-4CF2EC507520, cid=2065, seq=null, RW, null, SET_UNCONDITIONALLY, servers:[s11, s10, s7, s13, s8, s12, s9, s0, s1], listeners:[]
2024-12-25 19:04:52,597 INFO  server.RaftServer$Division (RaftServerImpl.java:setConfigurationAsync(1348)) - s1@group-4CF2EC507520: receive setConfiguration SetConfigurationRequest:client-9E894F3AA110->s1@group-4CF2EC507520, cid=2065, seq=null, RW, null, SET_UNCONDITIONALLY, servers:[s11, s10, s7, s13, s8, s12, s9, s0, s1], listeners:[]
2024-12-25 19:04:52,697 INFO  server.RaftServer$Division (RaftServerImpl.java:setConfigurationAsync(1348)) - s9@group-4CF2EC507520: receive setConfiguration SetConfigurationRequest:client-9E894F3AA110->s9@group-4CF2EC507520, cid=2065, seq=null, RW, null, SET_UNCONDITIONALLY, servers:[s11, s10, s7, s13, s8, s12, s9, s0, s1], listeners:[]
2024-12-25 19:04:52,798 INFO  server.RaftServer$Division (RaftServerImpl.java:setConfigurationAsync(1348)) - s7@group-4CF2EC507520: receive setConfiguration SetConfigurationRequest:client-9E894F3AA110->s7@group-4CF2EC507520, cid=2065, seq=null, RW, null, SET_UNCONDITIONALLY, servers:[s11, s10, s7, s13, s8, s12, s9, s0, s1], listeners:[]
2024-12-25 19:04:52,898 INFO  server.RaftServer$Division (RaftServerImpl.java:setConfigurationAsync(1348)) - s8@group-4CF2EC507520: receive setConfiguration SetConfigurationRequest:client-9E894F3AA110->s8@group-4CF2EC507520, cid=2065, seq=null, RW, null, SET_UNCONDITIONALLY, servers:[s11, s10, s7, s13, s8, s12, s9, s0, s1], listeners:[]
2024-12-25 19:04:52,998 INFO  server.RaftServer$Division (RaftServerImpl.java:setConfigurationAsync(1348)) - s7@group-4CF2EC507520: receive setConfiguration SetConfigurationRequest:client-9E894F3AA110->s7@group-4CF2EC507520, cid=2065, seq=null, RW, null, SET_UNCONDITIONALLY, servers:[s11, s10, s7, s13, s8, s12, s9, s0, s1], listeners:[]
2024-12-25 19:04:53,099 INFO  server.RaftServer$Division (RaftServerImpl.java:setConfigurationAsync(1348)) - s0@group-4CF2EC507520: receive setConfiguration SetConfigurationRequest:client-9E894F3AA110->s0@group-4CF2EC507520, cid=2065, seq=null, RW, null, SET_UNCONDITIONALLY, servers:[s11, s10, s7, s13, s8, s12, s9, s0, s1], listeners:[]
2024-12-25 19:04:53,199 INFO  server.RaftServer$Division (RaftServerImpl.java:setConfigurationAsync(1348)) - s7@group-4CF2EC507520: receive setConfiguration SetConfigurationRequest:client-9E894F3AA110->s7@group-4CF2EC507520, cid=2065, seq=null, RW, null, SET_UNCONDITIONALLY, servers:[s11, s10, s7, s13, s8, s12, s9, s0, s1], listeners:[]
2024-12-25 19:04:53,299 INFO  server.RaftServer$Division (RaftServerImpl.java:setConfigurationAsync(1348)) - s0@group-4CF2EC507520: receive setConfiguration SetConfigurationRequest:client-9E894F3AA110->s0@group-4CF2EC507520, cid=2065, seq=null, RW, null, SET_UNCONDITIONALLY, servers:[s11, s10, s7, s13, s8, s12, s9, s0, s1], listeners:[]
2024-12-25 19:04:53,400 INFO  server.RaftServer$Division (RaftServerImpl.java:setConfigurationAsync(1348)) - s7@group-4CF2EC507520: receive setConfiguration SetConfigurationRequest:client-9E894F3AA110->s7@group-4CF2EC507520, cid=2065, seq=null, RW, null, SET_UNCONDITIONALLY, servers:[s11, s10, s7, s13, s8, s12, s9, s0, s1], listeners:[]
2024-12-25 19:04:53,500 INFO  server.RaftServer$Division (RaftServerImpl.java:setConfigurationAsync(1348)) - s0@group-4CF2EC507520: receive setConfiguration SetConfigurationRequest:client-9E894F3AA110->s0@group-4CF2EC507520, cid=2065, seq=null, RW, null, SET_UNCONDITIONALLY, servers:[s11, s10, s7, s13, s8, s12, s9, s0, s1], listeners:[]
2024-12-25 19:04:53,600 INFO  server.RaftServer$Division (RaftServerImpl.java:setConfigurationAsync(1348)) - s8@group-4CF2EC507520: receive setConfiguration SetConfigurationRequest:client-9E894F3AA110->s8@group-4CF2EC507520, cid=2065, seq=null, RW, null, SET_UNCONDITIONALLY, servers:[s11, s10, s7, s13, s8, s12, s9, s0, s1], listeners:[]
2024-12-25 19:04:53,701 INFO  server.RaftServer$Division (RaftServerImpl.java:setConfigurationAsync(1348)) - s7@group-4CF2EC507520: receive setConfiguration SetConfigurationRequest:client-9E894F3AA110->s7@group-4CF2EC507520, cid=2065, seq=null, RW, null, SET_UNCONDITIONALLY, servers:[s11, s10, s7, s13, s8, s12, s9, s0, s1], listeners:[]
2024-12-25 19:04:53,801 INFO  server.RaftServer$Division (RaftServerImpl.java:setConfigurationAsync(1348)) - s0@group-4CF2EC507520: receive setConfiguration SetConfigurationRequest:client-9E894F3AA110->s0@group-4CF2EC507520, cid=2065, seq=null, RW, null, SET_UNCONDITIONALLY, servers:[s11, s10, s7, s13, s8, s12, s9, s0, s1], listeners:[]
2024-12-25 19:04:53,901 INFO  server.RaftServer$Division (RaftServerImpl.java:setConfigurationAsync(1348)) - s9@group-4CF2EC507520: receive setConfiguration SetConfigurationRequest:client-9E894F3AA110->s9@group-4CF2EC507520, cid=2065, seq=null, RW, null, SET_UNCONDITIONALLY, servers:[s11, s10, s7, s13, s8, s12, s9, s0, s1], listeners:[]
2024-12-25 19:04:54,002 INFO  server.RaftServer$Division (RaftServerImpl.java:setConfigurationAsync(1348)) - s7@group-4CF2EC507520: receive setConfiguration SetConfigurationRequest:client-9E894F3AA110->s7@group-4CF2EC507520, cid=2065, seq=null, RW, null, SET_UNCONDITIONALLY, servers:[s11, s10, s7, s13, s8, s12, s9, s0, s1], listeners:[]
2024-12-25 19:04:54,102 INFO  server.RaftServer$Division (RaftServerImpl.java:setConfigurationAsync(1348)) - s1@group-4CF2EC507520: receive setConfiguration SetConfigurationRequest:client-9E894F3AA110->s1@group-4CF2EC507520, cid=2065, seq=null, RW, null, SET_UNCONDITIONALLY, servers:[s11, s10, s7, s13, s8, s12, s9, s0, s1], listeners:[]
2024-12-25 19:04:54,202 INFO  server.RaftServer$Division (RaftServerImpl.java:setConfigurationAsync(1348)) - s9@group-4CF2EC507520: receive setConfiguration SetConfigurationRequest:client-9E894F3AA110->s9@group-4CF2EC507520, cid=2065, seq=null, RW, null, SET_UNCONDITIONALLY, servers:[s11, s10, s7, s13, s8, s12, s9, s0, s1], listeners:[]
2024-12-25 19:04:54,303 INFO  server.RaftServer$Division (RaftServerImpl.java:setConfigurationAsync(1348)) - s7@group-4CF2EC507520: receive setConfiguration SetConfigurationRequest:client-9E894F3AA110->s7@group-4CF2EC507520, cid=2065, seq=null, RW, null, SET_UNCONDITIONALLY, servers:[s11, s10, s7, s13, s8, s12, s9, s0, s1], listeners:[]
2024-12-25 19:04:54,403 INFO  server.RaftServer$Division (RaftServerImpl.java:setConfigurationAsync(1348)) - s8@group-4CF2EC507520: receive setConfiguration SetConfigurationRequest:client-9E894F3AA110->s8@group-4CF2EC507520, cid=2065, seq=null, RW, null, SET_UNCONDITIONALLY, servers:[s11, s10, s7, s13, s8, s12, s9, s0, s1], listeners:[]
2024-12-25 19:04:54,503 INFO  server.RaftServer$Division (RaftServerImpl.java:setConfigurationAsync(1348)) - s7@group-4CF2EC507520: receive setConfiguration SetConfigurationRequest:client-9E894F3AA110->s7@group-4CF2EC507520, cid=2065, seq=null, RW, null, SET_UNCONDITIONALLY, servers:[s11, s10, s7, s13, s8, s12, s9, s0, s1], listeners:[]
2024-12-25 19:04:54,604 INFO  server.RaftServer$Division (RaftServerImpl.java:setConfigurationAsync(1348)) - s0@group-4CF2EC507520: receive setConfiguration SetConfigurationRequest:client-9E894F3AA110->s0@group-4CF2EC507520, cid=2065, seq=null, RW, null, SET_UNCONDITIONALLY, servers:[s11, s10, s7, s13, s8, s12, s9, s0, s1], listeners:[]
2024-12-25 19:04:54,704 INFO  server.RaftServer$Division (RaftServerImpl.java:setConfigurationAsync(1348)) - s7@group-4CF2EC507520: receive setConfiguration SetConfigurationRequest:client-9E894F3AA110->s7@group-4CF2EC507520, cid=2065, seq=null, RW, null, SET_UNCONDITIONALLY, servers:[s11, s10, s7, s13, s8, s12, s9, s0, s1], listeners:[]
2024-12-25 19:04:54,804 INFO  server.RaftServer$Division (RaftServerImpl.java:setConfigurationAsync(1348)) - s8@group-4CF2EC507520: receive setConfiguration SetConfigurationRequest:client-9E894F3AA110->s8@group-4CF2EC507520, cid=2065, seq=null, RW, null, SET_UNCONDITIONALLY, servers:[s11, s10, s7, s13, s8, s12, s9, s0, s1], listeners:[]
2024-12-25 19:04:54,905 INFO  server.RaftServer$Division (RaftServerImpl.java:setConfigurationAsync(1348)) - s7@group-4CF2EC507520: receive setConfiguration SetConfigurationRequest:client-9E894F3AA110->s7@group-4CF2EC507520, cid=2065, seq=null, RW, null, SET_UNCONDITIONALLY, servers:[s11, s10, s7, s13, s8, s12, s9, s0, s1], listeners:[]
2024-12-25 19:04:55,005 INFO  server.RaftServer$Division (RaftServerImpl.java:setConfigurationAsync(1348)) - s1@group-4CF2EC507520: receive setConfiguration SetConfigurationRequest:client-9E894F3AA110->s1@group-4CF2EC507520, cid=2065, seq=null, RW, null, SET_UNCONDITIONALLY, servers:[s11, s10, s7, s13, s8, s12, s9, s0, s1], listeners:[]
2024-12-25 19:04:55,105 INFO  server.RaftServer$Division (RaftServerImpl.java:setConfigurationAsync(1348)) - s9@group-4CF2EC507520: receive setConfiguration SetConfigurationRequest:client-9E894F3AA110->s9@group-4CF2EC507520, cid=2065, seq=null, RW, null, SET_UNCONDITIONALLY, servers:[s11, s10, s7, s13, s8, s12, s9, s0, s1], listeners:[]
2024-12-25 19:04:55,206 INFO  server.RaftServer$Division (RaftServerImpl.java:setConfigurationAsync(1348)) - s7@group-4CF2EC507520: receive setConfiguration SetConfigurationRequest:client-9E894F3AA110->s7@group-4CF2EC507520, cid=2065, seq=null, RW, null, SET_UNCONDITIONALLY, servers:[s11, s10, s7, s13, s8, s12, s9, s0, s1], listeners:[]
2024-12-25 19:04:55,306 INFO  server.RaftServer$Division (RaftServerImpl.java:setConfigurationAsync(1348)) - s9@group-4CF2EC507520: receive setConfiguration SetConfigurationRequest:client-9E894F3AA110->s9@group-4CF2EC507520, cid=2065, seq=null, RW, null, SET_UNCONDITIONALLY, servers:[s11, s10, s7, s13, s8, s12, s9, s0, s1], listeners:[]
2024-12-25 19:04:55,406 INFO  server.RaftServer$Division (RaftServerImpl.java:setConfigurationAsync(1348)) - s7@group-4CF2EC507520: receive setConfiguration SetConfigurationRequest:client-9E894F3AA110->s7@group-4CF2EC507520, cid=2065, seq=null, RW, null, SET_UNCONDITIONALLY, servers:[s11, s10, s7, s13, s8, s12, s9, s0, s1], listeners:[]
2024-12-25 19:04:55,506 INFO  server.RaftServer$Division (RaftServerImpl.java:setConfigurationAsync(1348)) - s1@group-4CF2EC507520: receive setConfiguration SetConfigurationRequest:client-9E894F3AA110->s1@group-4CF2EC507520, cid=2065, seq=null, RW, null, SET_UNCONDITIONALLY, servers:[s11, s10, s7, s13, s8, s12, s9, s0, s1], listeners:[]
2024-12-25 19:04:55,607 INFO  server.RaftServer$Division (RaftServerImpl.java:setConfigurationAsync(1348)) - s9@group-4CF2EC507520: receive setConfiguration SetConfigurationRequest:client-9E894F3AA110->s9@group-4CF2EC507520, cid=2065, seq=null, RW, null, SET_UNCONDITIONALLY, servers:[s11, s10, s7, s13, s8, s12, s9, s0, s1], listeners:[]
2024-12-25 19:04:55,707 INFO  server.RaftServer$Division (RaftServerImpl.java:setConfigurationAsync(1348)) - s7@group-4CF2EC507520: receive setConfiguration SetConfigurationRequest:client-9E894F3AA110->s7@group-4CF2EC507520, cid=2065, seq=null, RW, null, SET_UNCONDITIONALLY, servers:[s11, s10, s7, s13, s8, s12, s9, s0, s1], listeners:[]
2024-12-25 19:04:55,807 INFO  server.RaftServer$Division (RaftServerImpl.java:setConfigurationAsync(1348)) - s8@group-4CF2EC507520: receive setConfiguration SetConfigurationRequest:client-9E894F3AA110->s8@group-4CF2EC507520, cid=2065, seq=null, RW, null, SET_UNCONDITIONALLY, servers:[s11, s10, s7, s13, s8, s12, s9, s0, s1], listeners:[]
2024-12-25 19:04:55,908 INFO  server.RaftServer$Division (RaftServerImpl.java:setConfigurationAsync(1348)) - s7@group-4CF2EC507520: receive setConfiguration SetConfigurationRequest:client-9E894F3AA110->s7@group-4CF2EC507520, cid=2065, seq=null, RW, null, SET_UNCONDITIONALLY, servers:[s11, s10, s7, s13, s8, s12, s9, s0, s1], listeners:[]
2024-12-25 19:04:56,008 INFO  server.RaftServer$Division (RaftServerImpl.java:setConfigurationAsync(1348)) - s1@group-4CF2EC507520: receive setConfiguration SetConfigurationRequest:client-9E894F3AA110->s1@group-4CF2EC507520, cid=2065, seq=null, RW, null, SET_UNCONDITIONALLY, servers:[s11, s10, s7, s13, s8, s12, s9, s0, s1], listeners:[]
2024-12-25 19:04:56,108 INFO  server.RaftServer$Division (RaftServerImpl.java:setConfigurationAsync(1348)) - s7@group-4CF2EC507520: receive setConfiguration SetConfigurationRequest:client-9E894F3AA110->s7@group-4CF2EC507520, cid=2065, seq=null, RW, null, SET_UNCONDITIONALLY, servers:[s11, s10, s7, s13, s8, s12, s9, s0, s1], listeners:[]
2024-12-25 19:04:56,209 INFO  server.RaftServer$Division (RaftServerImpl.java:setConfigurationAsync(1348)) - s9@group-4CF2EC507520: receive setConfiguration SetConfigurationRequest:client-9E894F3AA110->s9@group-4CF2EC507520, cid=2065, seq=null, RW, null, SET_UNCONDITIONALLY, servers:[s11, s10, s7, s13, s8, s12, s9, s0, s1], listeners:[]
2024-12-25 19:04:56,309 INFO  server.RaftServer$Division (RaftServerImpl.java:setConfigurationAsync(1348)) - s7@group-4CF2EC507520: receive setConfiguration SetConfigurationRequest:client-9E894F3AA110->s7@group-4CF2EC507520, cid=2065, seq=null, RW, null, SET_UNCONDITIONALLY, servers:[s11, s10, s7, s13, s8, s12, s9, s0, s1], listeners:[]
2024-12-25 19:04:56,409 INFO  server.RaftServer$Division (RaftServerImpl.java:setConfigurationAsync(1348)) - s0@group-4CF2EC507520: receive setConfiguration SetConfigurationRequest:client-9E894F3AA110->s0@group-4CF2EC507520, cid=2065, seq=null, RW, null, SET_UNCONDITIONALLY, servers:[s11, s10, s7, s13, s8, s12, s9, s0, s1], listeners:[]
2024-12-25 19:04:56,510 INFO  server.RaftServer$Division (RaftServerImpl.java:setConfigurationAsync(1348)) - s1@group-4CF2EC507520: receive setConfiguration SetConfigurationRequest:client-9E894F3AA110->s1@group-4CF2EC507520, cid=2065, seq=null, RW, null, SET_UNCONDITIONALLY, servers:[s11, s10, s7, s13, s8, s12, s9, s0, s1], listeners:[]
2024-12-25 19:04:56,610 INFO  server.RaftServer$Division (RaftServerImpl.java:setConfigurationAsync(1348)) - s7@group-4CF2EC507520: receive setConfiguration SetConfigurationRequest:client-9E894F3AA110->s7@group-4CF2EC507520, cid=2065, seq=null, RW, null, SET_UNCONDITIONALLY, servers:[s11, s10, s7, s13, s8, s12, s9, s0, s1], listeners:[]
2024-12-25 19:04:56,710 INFO  server.RaftServer$Division (RaftServerImpl.java:setConfigurationAsync(1348)) - s1@group-4CF2EC507520: receive setConfiguration SetConfigurationRequest:client-9E894F3AA110->s1@group-4CF2EC507520, cid=2065, seq=null, RW, null, SET_UNCONDITIONALLY, servers:[s11, s10, s7, s13, s8, s12, s9, s0, s1], listeners:[]
2024-12-25 19:04:56,811 INFO  server.RaftServer$Division (RaftServerImpl.java:setConfigurationAsync(1348)) - s7@group-4CF2EC507520: receive setConfiguration SetConfigurationRequest:client-9E894F3AA110->s7@group-4CF2EC507520, cid=2065, seq=null, RW, null, SET_UNCONDITIONALLY, servers:[s11, s10, s7, s13, s8, s12, s9, s0, s1], listeners:[]
2024-12-25 19:04:56,911 INFO  server.RaftServer$Division (RaftServerImpl.java:setConfigurationAsync(1348)) - s1@group-4CF2EC507520: receive setConfiguration SetConfigurationRequest:client-9E894F3AA110->s1@group-4CF2EC507520, cid=2065, seq=null, RW, null, SET_UNCONDITIONALLY, servers:[s11, s10, s7, s13, s8, s12, s9, s0, s1], listeners:[]
2024-12-25 19:04:57,011 INFO  server.RaftServer$Division (RaftServerImpl.java:setConfigurationAsync(1348)) - s7@group-4CF2EC507520: receive setConfiguration SetConfigurationRequest:client-9E894F3AA110->s7@group-4CF2EC507520, cid=2065, seq=null, RW, null, SET_UNCONDITIONALLY, servers:[s11, s10, s7, s13, s8, s12, s9, s0, s1], listeners:[]
2024-12-25 19:04:57,057 INFO  impl.MiniRaftCluster (MiniRaftCluster.java:lambda$null$7(362)) - TIMED-PRINT: printing ALL groups
  s3:  RUNNING [
   FOLLOWER s3@group-4CF2EC507520:t0, leader=null, voted=, raftlog=Memoized:s3@group-4CF2EC507520-SegmentedRaftLog:OPENED:c-1:lastnull, conf=conf: {index: -1, cur=peers:[]|listeners:[], old=null} STARTING
   FOLLOWER s3@group-6AB839334A82:t0, leader=null, voted=, raftlog=Memoized:s3@group-6AB839334A82-SegmentedRaftLog:OPENED:c-1:lastnull, conf=conf: {index: -1, cur=peers:[]|listeners:[], old=null} STARTING] size=2
  s4:  RUNNING [
   FOLLOWER s4@group-4CF2EC507520:t0, leader=null, voted=, raftlog=Memoized:s4@group-4CF2EC507520-SegmentedRaftLog:OPENED:c-1:lastnull, conf=conf: {index: -1, cur=peers:[]|listeners:[], old=null} STARTING
   FOLLOWER s4@group-6AB839334A82:t0, leader=null, voted=, raftlog=Memoized:s4@group-6AB839334A82-SegmentedRaftLog:OPENED:c-1:lastnull, conf=conf: {index: -1, cur=peers:[]|listeners:[], old=null} STARTING] size=2
  s5:  RUNNING [
   FOLLOWER s5@group-4CF2EC507520:t0, leader=null, voted=, raftlog=Memoized:s5@group-4CF2EC507520-SegmentedRaftLog:OPENED:c-1:lastnull, conf=conf: {index: -1, cur=peers:[]|listeners:[], old=null} STARTING
   FOLLOWER s5@group-6AB839334A82:t0, leader=null, voted=, raftlog=Memoized:s5@group-6AB839334A82-SegmentedRaftLog:OPENED:c-1:lastnull, conf=conf: {index: -1, cur=peers:[]|listeners:[], old=null} STARTING] size=2
  s6:  RUNNING [
   FOLLOWER s6@group-4CF2EC507520:t0, leader=null, voted=, raftlog=Memoized:s6@group-4CF2EC507520-SegmentedRaftLog:OPENED:c-1:lastnull, conf=conf: {index: -1, cur=peers:[]|listeners:[], old=null} STARTING
   FOLLOWER s6@group-6AB839334A82:t0, leader=null, voted=, raftlog=Memoized:s6@group-6AB839334A82-SegmentedRaftLog:OPENED:c-1:lastnull, conf=conf: {index: -1, cur=peers:[]|listeners:[], old=null} STARTING] size=2
  s7:  RUNNING [
     LEADER s7@group-4CF2EC507520:t1, leader=s7, voted=s7, raftlog=Memoized:s7@group-4CF2EC507520-SegmentedRaftLog:OPENED:c123:last(t:1, i:124), conf=conf: {index: 123, cur=peers:[s7, s8, s9, s0, s1]|listeners:[], old=null} RUNNING
   FOLLOWER s7@group-6AB839334A82:t0, leader=null, voted=, raftlog=Memoized:s7@group-6AB839334A82-SegmentedRaftLog:OPENED:c-1:lastnull, conf=conf: {index: -1, cur=peers:[]|listeners:[], old=null} STARTING] size=2
  s8:  RUNNING [
   FOLLOWER s8@group-4CF2EC507520:t1, leader=s7, voted=s7, raftlog=Memoized:s8@group-4CF2EC507520-SegmentedRaftLog:OPENED:c123:last(t:1, i:124), conf=conf: {index: 123, cur=peers:[s7|, s8|, s9|, s0|, s1|]|listeners:[], old=null} RUNNING
   FOLLOWER s8@group-6AB839334A82:t0, leader=null, voted=, raftlog=Memoized:s8@group-6AB839334A82-SegmentedRaftLog:OPENED:c-1:lastnull, conf=conf: {index: -1, cur=peers:[]|listeners:[], old=null} STARTING] size=2
  s9:  RUNNING [
   FOLLOWER s9@group-4CF2EC507520:t1, leader=s7, voted=s7, raftlog=Memoized:s9@group-4CF2EC507520-SegmentedRaftLog:OPENED:c123:last(t:1, i:124), conf=conf: {index: 123, cur=peers:[s7|, s8|, s9|, s0|, s1|]|listeners:[], old=null} RUNNING
   FOLLOWER s9@group-6AB839334A82:t0, leader=null, voted=, raftlog=Memoized:s9@group-6AB839334A82-SegmentedRaftLog:OPENED:c-1:lastnull, conf=conf: {index: -1, cur=peers:[]|listeners:[], old=null} STARTING] size=2
  s11:  RUNNING [
   FOLLOWER s11@group-4CF2EC507520:t1, leader=s7, voted=null, raftlog=Memoized:s11@group-4CF2EC507520-SegmentedRaftLog:OPENED:c123:last(t:1, i:124), conf=conf: {index: 123, cur=peers:[s7|, s8|, s9|, s0|, s1|]|listeners:[], old=null} STARTING
   FOLLOWER s11@group-6AB839334A82:t0, leader=null, voted=, raftlog=Memoized:s11@group-6AB839334A82-SegmentedRaftLog:OPENED:c-1:lastnull, conf=conf: {index: -1, cur=peers:[]|listeners:[], old=null} STARTING] size=2
  s10:  RUNNING [
   FOLLOWER s10@group-4CF2EC507520:t1, leader=s7, voted=null, raftlog=Memoized:s10@group-4CF2EC507520-SegmentedRaftLog:OPENED:c123:last(t:1, i:124), conf=conf: {index: 123, cur=peers:[s7|, s8|, s9|, s0|, s1|]|listeners:[], old=null} STARTING
   FOLLOWER s10@group-6AB839334A82:t0, leader=null, voted=, raftlog=Memoized:s10@group-6AB839334A82-SegmentedRaftLog:OPENED:c-1:lastnull, conf=conf: {index: -1, cur=peers:[]|listeners:[], old=null} STARTING] size=2
  s13:  RUNNING [
   FOLLOWER s13@group-4CF2EC507520:t1, leader=s7, voted=null, raftlog=Memoized:s13@group-4CF2EC507520-SegmentedRaftLog:OPENED:c123:last(t:1, i:124), conf=conf: {index: 123, cur=peers:[s7|, s8|, s9|, s0|, s1|]|listeners:[], old=null} STARTING
   FOLLOWER s13@group-6AB839334A82:t0, leader=null, voted=, raftlog=Memoized:s13@group-6AB839334A82-SegmentedRaftLog:OPENED:c-1:lastnull, conf=conf: {index: -1, cur=peers:[]|listeners:[], old=null} STARTING] size=2
  s12:  RUNNING [
   FOLLOWER s12@group-4CF2EC507520:t1, leader=s7, voted=null, raftlog=Memoized:s12@group-4CF2EC507520-SegmentedRaftLog:OPENED:c123:last(t:1, i:124), conf=conf: {index: 123, cur=peers:[s7|, s8|, s9|, s0|, s1|]|listeners:[], old=null} STARTING
   FOLLOWER s12@group-6AB839334A82:t0, leader=null, voted=, raftlog=Memoized:s12@group-6AB839334A82-SegmentedRaftLog:OPENED:c-1:lastnull, conf=conf: {index: -1, cur=peers:[]|listeners:[], old=null} STARTING] size=2
  s14:  RUNNING [
   FOLLOWER s14@group-4CF2EC507520:t0, leader=null, voted=, raftlog=Memoized:s14@group-4CF2EC507520-SegmentedRaftLog:OPENED:c-1:lastnull, conf=conf: {index: -1, cur=peers:[]|listeners:[], old=null} STARTING
   FOLLOWER s14@group-6AB839334A82:t0, leader=null, voted=, raftlog=Memoized:s14@group-6AB839334A82-SegmentedRaftLog:OPENED:c-1:lastnull, conf=conf: {index: -1, cur=peers:[]|listeners:[], old=null} STARTING] size=2
  s0:  RUNNING [
   FOLLOWER s0@group-4CF2EC507520:t1, leader=s7, voted=null, raftlog=Memoized:s0@group-4CF2EC507520-SegmentedRaftLog:OPENED:c123:last(t:1, i:124), conf=conf: {index: 123, cur=peers:[s7|, s8|, s9|, s0|, s1|]|listeners:[], old=null} STARTING
   FOLLOWER s0@group-6AB839334A82:t0, leader=null, voted=, raftlog=Memoized:s0@group-6AB839334A82-SegmentedRaftLog:OPENED:c-1:lastnull, conf=conf: {index: -1, cur=peers:[]|listeners:[], old=null} STARTING] size=2
  s1:  RUNNING [
   FOLLOWER s1@group-4CF2EC507520:t1, leader=s7, voted=null, raftlog=Memoized:s1@group-4CF2EC507520-SegmentedRaftLog:OPENED:c123:last(t:1, i:124), conf=conf: {index: 123, cur=peers:[s7|, s8|, s9|, s0|, s1|]|listeners:[], old=null} STARTING
   FOLLOWER s1@group-6AB839334A82:t0, leader=null, voted=, raftlog=Memoized:s1@group-6AB839334A82-SegmentedRaftLog:OPENED:c-1:lastnull, conf=conf: {index: -1, cur=peers:[]|listeners:[], old=null} STARTING] size=2
  s2:  RUNNING [
   FOLLOWER s2@group-4CF2EC507520:t0, leader=null, voted=, raftlog=Memoized:s2@group-4CF2EC507520-SegmentedRaftLog:OPENED:c-1:lastnull, conf=conf: {index: -1, cur=peers:[]|listeners:[], old=null} STARTING
   FOLLOWER s2@group-6AB839334A82:t0, leader=null, voted=, raftlog=Memoized:s2@group-6AB839334A82-SegmentedRaftLog:OPENED:c-1:lastnull, conf=conf: {index: -1, cur=peers:[]|listeners:[], old=null} STARTING] size=2
2024-12-25 19:04:57,111 INFO  server.RaftServer$Division (RaftServerImpl.java:setConfigurationAsync(1348)) - s1@group-4CF2EC507520: receive setConfiguration SetConfigurationRequest:client-9E894F3AA110->s1@group-4CF2EC507520, cid=2065, seq=null, RW, null, SET_UNCONDITIONALLY, servers:[s11, s10, s7, s13, s8, s12, s9, s0, s1], listeners:[]
2024-12-25 19:04:57,212 INFO  server.RaftServer$Division (RaftServerImpl.java:setConfigurationAsync(1348)) - s7@group-4CF2EC507520: receive setConfiguration SetConfigurationRequest:client-9E894F3AA110->s7@group-4CF2EC507520, cid=2065, seq=null, RW, null, SET_UNCONDITIONALLY, servers:[s11, s10, s7, s13, s8, s12, s9, s0, s1], listeners:[]
2024-12-25 19:04:57,312 INFO  server.RaftServer$Division (RaftServerImpl.java:setConfigurationAsync(1348)) - s0@group-4CF2EC507520: receive setConfiguration SetConfigurationRequest:client-9E894F3AA110->s0@group-4CF2EC507520, cid=2065, seq=null, RW, null, SET_UNCONDITIONALLY, servers:[s11, s10, s7, s13, s8, s12, s9, s0, s1], listeners:[]
2024-12-25 19:04:57,413 INFO  server.RaftServer$Division (RaftServerImpl.java:setConfigurationAsync(1348)) - s8@group-4CF2EC507520: receive setConfiguration SetConfigurationRequest:client-9E894F3AA110->s8@group-4CF2EC507520, cid=2065, seq=null, RW, null, SET_UNCONDITIONALLY, servers:[s11, s10, s7, s13, s8, s12, s9, s0, s1], listeners:[]
2024-12-25 19:04:57,513 INFO  server.RaftServer$Division (RaftServerImpl.java:setConfigurationAsync(1348)) - s7@group-4CF2EC507520: receive setConfiguration SetConfigurationRequest:client-9E894F3AA110->s7@group-4CF2EC507520, cid=2065, seq=null, RW, null, SET_UNCONDITIONALLY, servers:[s11, s10, s7, s13, s8, s12, s9, s0, s1], listeners:[]
2024-12-25 19:04:57,613 INFO  server.RaftServer$Division (RaftServerImpl.java:setConfigurationAsync(1348)) - s8@group-4CF2EC507520: receive setConfiguration SetConfigurationRequest:client-9E894F3AA110->s8@group-4CF2EC507520, cid=2065, seq=null, RW, null, SET_UNCONDITIONALLY, servers:[s11, s10, s7, s13, s8, s12, s9, s0, s1], listeners:[]
2024-12-25 19:04:57,713 INFO  server.RaftServer$Division (RaftServerImpl.java:setConfigurationAsync(1348)) - s7@group-4CF2EC507520: receive setConfiguration SetConfigurationRequest:client-9E894F3AA110->s7@group-4CF2EC507520, cid=2065, seq=null, RW, null, SET_UNCONDITIONALLY, servers:[s11, s10, s7, s13, s8, s12, s9, s0, s1], listeners:[]
2024-12-25 19:04:57,814 INFO  server.RaftServer$Division (RaftServerImpl.java:setConfigurationAsync(1348)) - s8@group-4CF2EC507520: receive setConfiguration SetConfigurationRequest:client-9E894F3AA110->s8@group-4CF2EC507520, cid=2065, seq=null, RW, null, SET_UNCONDITIONALLY, servers:[s11, s10, s7, s13, s8, s12, s9, s0, s1], listeners:[]
2024-12-25 19:04:57,914 INFO  server.RaftServer$Division (RaftServerImpl.java:setConfigurationAsync(1348)) - s7@group-4CF2EC507520: receive setConfiguration SetConfigurationRequest:client-9E894F3AA110->s7@group-4CF2EC507520, cid=2065, seq=null, RW, null, SET_UNCONDITIONALLY, servers:[s11, s10, s7, s13, s8, s12, s9, s0, s1], listeners:[]
2024-12-25 19:04:58,014 INFO  server.RaftServer$Division (RaftServerImpl.java:setConfigurationAsync(1348)) - s1@group-4CF2EC507520: receive setConfiguration SetConfigurationRequest:client-9E894F3AA110->s1@group-4CF2EC507520, cid=2065, seq=null, RW, null, SET_UNCONDITIONALLY, servers:[s11, s10, s7, s13, s8, s12, s9, s0, s1], listeners:[]
2024-12-25 19:04:58,115 INFO  server.RaftServer$Division (RaftServerImpl.java:setConfigurationAsync(1348)) - s9@group-4CF2EC507520: receive setConfiguration SetConfigurationRequest:client-9E894F3AA110->s9@group-4CF2EC507520, cid=2065, seq=null, RW, null, SET_UNCONDITIONALLY, servers:[s11, s10, s7, s13, s8, s12, s9, s0, s1], listeners:[]
2024-12-25 19:04:58,215 INFO  server.RaftServer$Division (RaftServerImpl.java:setConfigurationAsync(1348)) - s7@group-4CF2EC507520: receive setConfiguration SetConfigurationRequest:client-9E894F3AA110->s7@group-4CF2EC507520, cid=2065, seq=null, RW, null, SET_UNCONDITIONALLY, servers:[s11, s10, s7, s13, s8, s12, s9, s0, s1], listeners:[]
2024-12-25 19:04:58,315 INFO  server.RaftServer$Division (RaftServerImpl.java:setConfigurationAsync(1348)) - s1@group-4CF2EC507520: receive setConfiguration SetConfigurationRequest:client-9E894F3AA110->s1@group-4CF2EC507520, cid=2065, seq=null, RW, null, SET_UNCONDITIONALLY, servers:[s11, s10, s7, s13, s8, s12, s9, s0, s1], listeners:[]
2024-12-25 19:04:58,416 INFO  server.RaftServer$Division (RaftServerImpl.java:setConfigurationAsync(1348)) - s7@group-4CF2EC507520: receive setConfiguration SetConfigurationRequest:client-9E894F3AA110->s7@group-4CF2EC507520, cid=2065, seq=null, RW, null, SET_UNCONDITIONALLY, servers:[s11, s10, s7, s13, s8, s12, s9, s0, s1], listeners:[]
2024-12-25 19:04:58,516 INFO  server.RaftServer$Division (RaftServerImpl.java:setConfigurationAsync(1348)) - s8@group-4CF2EC507520: receive setConfiguration SetConfigurationRequest:client-9E894F3AA110->s8@group-4CF2EC507520, cid=2065, seq=null, RW, null, SET_UNCONDITIONALLY, servers:[s11, s10, s7, s13, s8, s12, s9, s0, s1], listeners:[]
2024-12-25 19:04:58,616 INFO  server.RaftServer$Division (RaftServerImpl.java:setConfigurationAsync(1348)) - s7@group-4CF2EC507520: receive setConfiguration SetConfigurationRequest:client-9E894F3AA110->s7@group-4CF2EC507520, cid=2065, seq=null, RW, null, SET_UNCONDITIONALLY, servers:[s11, s10, s7, s13, s8, s12, s9, s0, s1], listeners:[]
2024-12-25 19:04:58,716 INFO  server.RaftServer$Division (RaftServerImpl.java:setConfigurationAsync(1348)) - s9@group-4CF2EC507520: receive setConfiguration SetConfigurationRequest:client-9E894F3AA110->s9@group-4CF2EC507520, cid=2065, seq=null, RW, null, SET_UNCONDITIONALLY, servers:[s11, s10, s7, s13, s8, s12, s9, s0, s1], listeners:[]
2024-12-25 19:04:58,817 INFO  server.RaftServer$Division (RaftServerImpl.java:setConfigurationAsync(1348)) - s7@group-4CF2EC507520: receive setConfiguration SetConfigurationRequest:client-9E894F3AA110->s7@group-4CF2EC507520, cid=2065, seq=null, RW, null, SET_UNCONDITIONALLY, servers:[s11, s10, s7, s13, s8, s12, s9, s0, s1], listeners:[]
2024-12-25 19:04:58,917 INFO  server.RaftServer$Division (RaftServerImpl.java:setConfigurationAsync(1348)) - s1@group-4CF2EC507520: receive setConfiguration SetConfigurationRequest:client-9E894F3AA110->s1@group-4CF2EC507520, cid=2065, seq=null, RW, null, SET_UNCONDITIONALLY, servers:[s11, s10, s7, s13, s8, s12, s9, s0, s1], listeners:[]
2024-12-25 19:04:59,017 INFO  server.RaftServer$Division (RaftServerImpl.java:setConfigurationAsync(1348)) - s9@group-4CF2EC507520: receive setConfiguration SetConfigurationRequest:client-9E894F3AA110->s9@group-4CF2EC507520, cid=2065, seq=null, RW, null, SET_UNCONDITIONALLY, servers:[s11, s10, s7, s13, s8, s12, s9, s0, s1], listeners:[]
2024-12-25 19:04:59,118 INFO  server.RaftServer$Division (RaftServerImpl.java:setConfigurationAsync(1348)) - s7@group-4CF2EC507520: receive setConfiguration SetConfigurationRequest:client-9E894F3AA110->s7@group-4CF2EC507520, cid=2065, seq=null, RW, null, SET_UNCONDITIONALLY, servers:[s11, s10, s7, s13, s8, s12, s9, s0, s1], listeners:[]
2024-12-25 19:04:59,218 INFO  server.RaftServer$Division (RaftServerImpl.java:setConfigurationAsync(1348)) - s1@group-4CF2EC507520: receive setConfiguration SetConfigurationRequest:client-9E894F3AA110->s1@group-4CF2EC507520, cid=2065, seq=null, RW, null, SET_UNCONDITIONALLY, servers:[s11, s10, s7, s13, s8, s12, s9, s0, s1], listeners:[]
2024-12-25 19:04:59,318 INFO  server.RaftServer$Division (RaftServerImpl.java:setConfigurationAsync(1348)) - s0@group-4CF2EC507520: receive setConfiguration SetConfigurationRequest:client-9E894F3AA110->s0@group-4CF2EC507520, cid=2065, seq=null, RW, null, SET_UNCONDITIONALLY, servers:[s11, s10, s7, s13, s8, s12, s9, s0, s1], listeners:[]
2024-12-25 19:04:59,418 INFO  server.RaftServer$Division (RaftServerImpl.java:setConfigurationAsync(1348)) - s8@group-4CF2EC507520: receive setConfiguration SetConfigurationRequest:client-9E894F3AA110->s8@group-4CF2EC507520, cid=2065, seq=null, RW, null, SET_UNCONDITIONALLY, servers:[s11, s10, s7, s13, s8, s12, s9, s0, s1], listeners:[]
2024-12-25 19:04:59,519 INFO  server.RaftServer$Division (RaftServerImpl.java:setConfigurationAsync(1348)) - s7@group-4CF2EC507520: receive setConfiguration SetConfigurationRequest:client-9E894F3AA110->s7@group-4CF2EC507520, cid=2065, seq=null, RW, null, SET_UNCONDITIONALLY, servers:[s11, s10, s7, s13, s8, s12, s9, s0, s1], listeners:[]
2024-12-25 19:04:59,619 INFO  server.RaftServer$Division (RaftServerImpl.java:setConfigurationAsync(1348)) - s9@group-4CF2EC507520: receive setConfiguration SetConfigurationRequest:client-9E894F3AA110->s9@group-4CF2EC507520, cid=2065, seq=null, RW, null, SET_UNCONDITIONALLY, servers:[s11, s10, s7, s13, s8, s12, s9, s0, s1], listeners:[]
2024-12-25 19:04:59,719 INFO  server.RaftServer$Division (RaftServerImpl.java:setConfigurationAsync(1348)) - s7@group-4CF2EC507520: receive setConfiguration SetConfigurationRequest:client-9E894F3AA110->s7@group-4CF2EC507520, cid=2065, seq=null, RW, null, SET_UNCONDITIONALLY, servers:[s11, s10, s7, s13, s8, s12, s9, s0, s1], listeners:[]
2024-12-25 19:04:59,820 INFO  server.RaftServer$Division (RaftServerImpl.java:setConfigurationAsync(1348)) - s8@group-4CF2EC507520: receive setConfiguration SetConfigurationRequest:client-9E894F3AA110->s8@group-4CF2EC507520, cid=2065, seq=null, RW, null, SET_UNCONDITIONALLY, servers:[s11, s10, s7, s13, s8, s12, s9, s0, s1], listeners:[]
2024-12-25 19:04:59,920 INFO  server.RaftServer$Division (RaftServerImpl.java:setConfigurationAsync(1348)) - s7@group-4CF2EC507520: receive setConfiguration SetConfigurationRequest:client-9E894F3AA110->s7@group-4CF2EC507520, cid=2065, seq=null, RW, null, SET_UNCONDITIONALLY, servers:[s11, s10, s7, s13, s8, s12, s9, s0, s1], listeners:[]
2024-12-25 19:05:00,020 INFO  server.RaftServer$Division (RaftServerImpl.java:setConfigurationAsync(1348)) - s0@group-4CF2EC507520: receive setConfiguration SetConfigurationRequest:client-9E894F3AA110->s0@group-4CF2EC507520, cid=2065, seq=null, RW, null, SET_UNCONDITIONALLY, servers:[s11, s10, s7, s13, s8, s12, s9, s0, s1], listeners:[]
2024-12-25 19:05:00,121 INFO  server.RaftServer$Division (RaftServerImpl.java:setConfigurationAsync(1348)) - s7@group-4CF2EC507520: receive setConfiguration SetConfigurationRequest:client-9E894F3AA110->s7@group-4CF2EC507520, cid=2065, seq=null, RW, null, SET_UNCONDITIONALLY, servers:[s11, s10, s7, s13, s8, s12, s9, s0, s1], listeners:[]
2024-12-25 19:05:00,221 INFO  server.RaftServer$Division (RaftServerImpl.java:setConfigurationAsync(1348)) - s9@group-4CF2EC507520: receive setConfiguration SetConfigurationRequest:client-9E894F3AA110->s9@group-4CF2EC507520, cid=2065, seq=null, RW, null, SET_UNCONDITIONALLY, servers:[s11, s10, s7, s13, s8, s12, s9, s0, s1], listeners:[]
2024-12-25 19:05:00,321 INFO  server.RaftServer$Division (RaftServerImpl.java:setConfigurationAsync(1348)) - s7@group-4CF2EC507520: receive setConfiguration SetConfigurationRequest:client-9E894F3AA110->s7@group-4CF2EC507520, cid=2065, seq=null, RW, null, SET_UNCONDITIONALLY, servers:[s11, s10, s7, s13, s8, s12, s9, s0, s1], listeners:[]
2024-12-25 19:05:00,421 INFO  server.RaftServer$Division (RaftServerImpl.java:setConfigurationAsync(1348)) - s8@group-4CF2EC507520: receive setConfiguration SetConfigurationRequest:client-9E894F3AA110->s8@group-4CF2EC507520, cid=2065, seq=null, RW, null, SET_UNCONDITIONALLY, servers:[s11, s10, s7, s13, s8, s12, s9, s0, s1], listeners:[]
2024-12-25 19:05:00,522 INFO  server.RaftServer$Division (RaftServerImpl.java:setConfigurationAsync(1348)) - s7@group-4CF2EC507520: receive setConfiguration SetConfigurationRequest:client-9E894F3AA110->s7@group-4CF2EC507520, cid=2065, seq=null, RW, null, SET_UNCONDITIONALLY, servers:[s11, s10, s7, s13, s8, s12, s9, s0, s1], listeners:[]
2024-12-25 19:05:00,622 INFO  server.RaftServer$Division (RaftServerImpl.java:setConfigurationAsync(1348)) - s0@group-4CF2EC507520: receive setConfiguration SetConfigurationRequest:client-9E894F3AA110->s0@group-4CF2EC507520, cid=2065, seq=null, RW, null, SET_UNCONDITIONALLY, servers:[s11, s10, s7, s13, s8, s12, s9, s0, s1], listeners:[]
2024-12-25 19:05:00,722 INFO  server.RaftServer$Division (RaftServerImpl.java:setConfigurationAsync(1348)) - s9@group-4CF2EC507520: receive setConfiguration SetConfigurationRequest:client-9E894F3AA110->s9@group-4CF2EC507520, cid=2065, seq=null, RW, null, SET_UNCONDITIONALLY, servers:[s11, s10, s7, s13, s8, s12, s9, s0, s1], listeners:[]
2024-12-25 19:05:00,823 INFO  server.RaftServer$Division (RaftServerImpl.java:setConfigurationAsync(1348)) - s7@group-4CF2EC507520: receive setConfiguration SetConfigurationRequest:client-9E894F3AA110->s7@group-4CF2EC507520, cid=2065, seq=null, RW, null, SET_UNCONDITIONALLY, servers:[s11, s10, s7, s13, s8, s12, s9, s0, s1], listeners:[]
2024-12-25 19:05:00,923 INFO  server.RaftServer$Division (RaftServerImpl.java:setConfigurationAsync(1348)) - s9@group-4CF2EC507520: receive setConfiguration SetConfigurationRequest:client-9E894F3AA110->s9@group-4CF2EC507520, cid=2065, seq=null, RW, null, SET_UNCONDITIONALLY, servers:[s11, s10, s7, s13, s8, s12, s9, s0, s1], listeners:[]
2024-12-25 19:05:01,023 INFO  server.RaftServer$Division (RaftServerImpl.java:setConfigurationAsync(1348)) - s7@group-4CF2EC507520: receive setConfiguration SetConfigurationRequest:client-9E894F3AA110->s7@group-4CF2EC507520, cid=2065, seq=null, RW, null, SET_UNCONDITIONALLY, servers:[s11, s10, s7, s13, s8, s12, s9, s0, s1], listeners:[]
2024-12-25 19:05:01,124 INFO  server.RaftServer$Division (RaftServerImpl.java:setConfigurationAsync(1348)) - s1@group-4CF2EC507520: receive setConfiguration SetConfigurationRequest:client-9E894F3AA110->s1@group-4CF2EC507520, cid=2065, seq=null, RW, null, SET_UNCONDITIONALLY, servers:[s11, s10, s7, s13, s8, s12, s9, s0, s1], listeners:[]
2024-12-25 19:05:01,224 INFO  server.RaftServer$Division (RaftServerImpl.java:setConfigurationAsync(1348)) - s9@group-4CF2EC507520: receive setConfiguration SetConfigurationRequest:client-9E894F3AA110->s9@group-4CF2EC507520, cid=2065, seq=null, RW, null, SET_UNCONDITIONALLY, servers:[s11, s10, s7, s13, s8, s12, s9, s0, s1], listeners:[]
2024-12-25 19:05:01,324 INFO  server.RaftServer$Division (RaftServerImpl.java:setConfigurationAsync(1348)) - s7@group-4CF2EC507520: receive setConfiguration SetConfigurationRequest:client-9E894F3AA110->s7@group-4CF2EC507520, cid=2065, seq=null, RW, null, SET_UNCONDITIONALLY, servers:[s11, s10, s7, s13, s8, s12, s9, s0, s1], listeners:[]
2024-12-25 19:05:01,424 INFO  server.RaftServer$Division (RaftServerImpl.java:setConfigurationAsync(1348)) - s9@group-4CF2EC507520: receive setConfiguration SetConfigurationRequest:client-9E894F3AA110->s9@group-4CF2EC507520, cid=2065, seq=null, RW, null, SET_UNCONDITIONALLY, servers:[s11, s10, s7, s13, s8, s12, s9, s0, s1], listeners:[]
2024-12-25 19:05:01,525 INFO  server.RaftServer$Division (RaftServerImpl.java:setConfigurationAsync(1348)) - s7@group-4CF2EC507520: receive setConfiguration SetConfigurationRequest:client-9E894F3AA110->s7@group-4CF2EC507520, cid=2065, seq=null, RW, null, SET_UNCONDITIONALLY, servers:[s11, s10, s7, s13, s8, s12, s9, s0, s1], listeners:[]
2024-12-25 19:05:01,625 INFO  server.RaftServer$Division (RaftServerImpl.java:setConfigurationAsync(1348)) - s0@group-4CF2EC507520: receive setConfiguration SetConfigurationRequest:client-9E894F3AA110->s0@group-4CF2EC507520, cid=2065, seq=null, RW, null, SET_UNCONDITIONALLY, servers:[s11, s10, s7, s13, s8, s12, s9, s0, s1], listeners:[]
2024-12-25 19:05:01,725 INFO  server.RaftServer$Division (RaftServerImpl.java:setConfigurationAsync(1348)) - s8@group-4CF2EC507520: receive setConfiguration SetConfigurationRequest:client-9E894F3AA110->s8@group-4CF2EC507520, cid=2065, seq=null, RW, null, SET_UNCONDITIONALLY, servers:[s11, s10, s7, s13, s8, s12, s9, s0, s1], listeners:[]
2024-12-25 19:05:01,826 INFO  server.RaftServer$Division (RaftServerImpl.java:setConfigurationAsync(1348)) - s7@group-4CF2EC507520: receive setConfiguration SetConfigurationRequest:client-9E894F3AA110->s7@group-4CF2EC507520, cid=2065, seq=null, RW, null, SET_UNCONDITIONALLY, servers:[s11, s10, s7, s13, s8, s12, s9, s0, s1], listeners:[]
2024-12-25 19:05:01,926 INFO  server.RaftServer$Division (RaftServerImpl.java:setConfigurationAsync(1348)) - s0@group-4CF2EC507520: receive setConfiguration SetConfigurationRequest:client-9E894F3AA110->s0@group-4CF2EC507520, cid=2065, seq=null, RW, null, SET_UNCONDITIONALLY, servers:[s11, s10, s7, s13, s8, s12, s9, s0, s1], listeners:[]
2024-12-25 19:05:02,026 INFO  server.RaftServer$Division (RaftServerImpl.java:setConfigurationAsync(1348)) - s9@group-4CF2EC507520: receive setConfiguration SetConfigurationRequest:client-9E894F3AA110->s9@group-4CF2EC507520, cid=2065, seq=null, RW, null, SET_UNCONDITIONALLY, servers:[s11, s10, s7, s13, s8, s12, s9, s0, s1], listeners:[]
2024-12-25 19:05:02,126 INFO  server.RaftServer$Division (RaftServerImpl.java:setConfigurationAsync(1348)) - s7@group-4CF2EC507520: receive setConfiguration SetConfigurationRequest:client-9E894F3AA110->s7@group-4CF2EC507520, cid=2065, seq=null, RW, null, SET_UNCONDITIONALLY, servers:[s11, s10, s7, s13, s8, s12, s9, s0, s1], listeners:[]
2024-12-25 19:05:02,227 INFO  server.RaftServer$Division (RaftServerImpl.java:setConfigurationAsync(1348)) - s9@group-4CF2EC507520: receive setConfiguration SetConfigurationRequest:client-9E894F3AA110->s9@group-4CF2EC507520, cid=2065, seq=null, RW, null, SET_UNCONDITIONALLY, servers:[s11, s10, s7, s13, s8, s12, s9, s0, s1], listeners:[]
2024-12-25 19:05:02,327 INFO  server.RaftServer$Division (RaftServerImpl.java:setConfigurationAsync(1348)) - s7@group-4CF2EC507520: receive setConfiguration SetConfigurationRequest:client-9E894F3AA110->s7@group-4CF2EC507520, cid=2065, seq=null, RW, null, SET_UNCONDITIONALLY, servers:[s11, s10, s7, s13, s8, s12, s9, s0, s1], listeners:[]
2024-12-25 19:05:02,427 INFO  server.RaftServer$Division (RaftServerImpl.java:setConfigurationAsync(1348)) - s0@group-4CF2EC507520: receive setConfiguration SetConfigurationRequest:client-9E894F3AA110->s0@group-4CF2EC507520, cid=2065, seq=null, RW, null, SET_UNCONDITIONALLY, servers:[s11, s10, s7, s13, s8, s12, s9, s0, s1], listeners:[]
2024-12-25 19:05:02,528 INFO  server.RaftServer$Division (RaftServerImpl.java:setConfigurationAsync(1348)) - s7@group-4CF2EC507520: receive setConfiguration SetConfigurationRequest:client-9E894F3AA110->s7@group-4CF2EC507520, cid=2065, seq=null, RW, null, SET_UNCONDITIONALLY, servers:[s11, s10, s7, s13, s8, s12, s9, s0, s1], listeners:[]
2024-12-25 19:05:02,628 INFO  server.RaftServer$Division (RaftServerImpl.java:setConfigurationAsync(1348)) - s8@group-4CF2EC507520: receive setConfiguration SetConfigurationRequest:client-9E894F3AA110->s8@group-4CF2EC507520, cid=2065, seq=null, RW, null, SET_UNCONDITIONALLY, servers:[s11, s10, s7, s13, s8, s12, s9, s0, s1], listeners:[]
2024-12-25 19:05:02,728 INFO  server.RaftServer$Division (RaftServerImpl.java:setConfigurationAsync(1348)) - s7@group-4CF2EC507520: receive setConfiguration SetConfigurationRequest:client-9E894F3AA110->s7@group-4CF2EC507520, cid=2065, seq=null, RW, null, SET_UNCONDITIONALLY, servers:[s11, s10, s7, s13, s8, s12, s9, s0, s1], listeners:[]
2024-12-25 19:05:02,829 INFO  server.RaftServer$Division (RaftServerImpl.java:setConfigurationAsync(1348)) - s8@group-4CF2EC507520: receive setConfiguration SetConfigurationRequest:client-9E894F3AA110->s8@group-4CF2EC507520, cid=2065, seq=null, RW, null, SET_UNCONDITIONALLY, servers:[s11, s10, s7, s13, s8, s12, s9, s0, s1], listeners:[]
2024-12-25 19:05:02,929 INFO  server.RaftServer$Division (RaftServerImpl.java:setConfigurationAsync(1348)) - s7@group-4CF2EC507520: receive setConfiguration SetConfigurationRequest:client-9E894F3AA110->s7@group-4CF2EC507520, cid=2065, seq=null, RW, null, SET_UNCONDITIONALLY, servers:[s11, s10, s7, s13, s8, s12, s9, s0, s1], listeners:[]
2024-12-25 19:05:03,029 INFO  server.RaftServer$Division (RaftServerImpl.java:setConfigurationAsync(1348)) - s0@group-4CF2EC507520: receive setConfiguration SetConfigurationRequest:client-9E894F3AA110->s0@group-4CF2EC507520, cid=2065, seq=null, RW, null, SET_UNCONDITIONALLY, servers:[s11, s10, s7, s13, s8, s12, s9, s0, s1], listeners:[]
2024-12-25 19:05:03,130 INFO  server.RaftServer$Division (RaftServerImpl.java:setConfigurationAsync(1348)) - s9@group-4CF2EC507520: receive setConfiguration SetConfigurationRequest:client-9E894F3AA110->s9@group-4CF2EC507520, cid=2065, seq=null, RW, null, SET_UNCONDITIONALLY, servers:[s11, s10, s7, s13, s8, s12, s9, s0, s1], listeners:[]
2024-12-25 19:05:03,230 INFO  server.RaftServer$Division (RaftServerImpl.java:setConfigurationAsync(1348)) - s7@group-4CF2EC507520: receive setConfiguration SetConfigurationRequest:client-9E894F3AA110->s7@group-4CF2EC507520, cid=2065, seq=null, RW, null, SET_UNCONDITIONALLY, servers:[s11, s10, s7, s13, s8, s12, s9, s0, s1], listeners:[]
2024-12-25 19:05:03,330 INFO  server.RaftServer$Division (RaftServerImpl.java:setConfigurationAsync(1348)) - s0@group-4CF2EC507520: receive setConfiguration SetConfigurationRequest:client-9E894F3AA110->s0@group-4CF2EC507520, cid=2065, seq=null, RW, null, SET_UNCONDITIONALLY, servers:[s11, s10, s7, s13, s8, s12, s9, s0, s1], listeners:[]
2024-12-25 19:05:03,431 INFO  server.RaftServer$Division (RaftServerImpl.java:setConfigurationAsync(1348)) - s1@group-4CF2EC507520: receive setConfiguration SetConfigurationRequest:client-9E894F3AA110->s1@group-4CF2EC507520, cid=2065, seq=null, RW, null, SET_UNCONDITIONALLY, servers:[s11, s10, s7, s13, s8, s12, s9, s0, s1], listeners:[]
2024-12-25 19:05:03,531 INFO  server.RaftServer$Division (RaftServerImpl.java:setConfigurationAsync(1348)) - s0@group-4CF2EC507520: receive setConfiguration SetConfigurationRequest:client-9E894F3AA110->s0@group-4CF2EC507520, cid=2065, seq=null, RW, null, SET_UNCONDITIONALLY, servers:[s11, s10, s7, s13, s8, s12, s9, s0, s1], listeners:[]
2024-12-25 19:05:03,631 INFO  server.RaftServer$Division (RaftServerImpl.java:setConfigurationAsync(1348)) - s8@group-4CF2EC507520: receive setConfiguration SetConfigurationRequest:client-9E894F3AA110->s8@group-4CF2EC507520, cid=2065, seq=null, RW, null, SET_UNCONDITIONALLY, servers:[s11, s10, s7, s13, s8, s12, s9, s0, s1], listeners:[]
2024-12-25 19:05:03,731 INFO  server.RaftServer$Division (RaftServerImpl.java:setConfigurationAsync(1348)) - s7@group-4CF2EC507520: receive setConfiguration SetConfigurationRequest:client-9E894F3AA110->s7@group-4CF2EC507520, cid=2065, seq=null, RW, null, SET_UNCONDITIONALLY, servers:[s11, s10, s7, s13, s8, s12, s9, s0, s1], listeners:[]
2024-12-25 19:05:03,832 INFO  server.RaftServer$Division (RaftServerImpl.java:setConfigurationAsync(1348)) - s9@group-4CF2EC507520: receive setConfiguration SetConfigurationRequest:client-9E894F3AA110->s9@group-4CF2EC507520, cid=2065, seq=null, RW, null, SET_UNCONDITIONALLY, servers:[s11, s10, s7, s13, s8, s12, s9, s0, s1], listeners:[]
2024-12-25 19:05:03,932 INFO  server.RaftServer$Division (RaftServerImpl.java:setConfigurationAsync(1348)) - s7@group-4CF2EC507520: receive setConfiguration SetConfigurationRequest:client-9E894F3AA110->s7@group-4CF2EC507520, cid=2065, seq=null, RW, null, SET_UNCONDITIONALLY, servers:[s11, s10, s7, s13, s8, s12, s9, s0, s1], listeners:[]
2024-12-25 19:05:04,032 INFO  server.RaftServer$Division (RaftServerImpl.java:setConfigurationAsync(1348)) - s1@group-4CF2EC507520: receive setConfiguration SetConfigurationRequest:client-9E894F3AA110->s1@group-4CF2EC507520, cid=2065, seq=null, RW, null, SET_UNCONDITIONALLY, servers:[s11, s10, s7, s13, s8, s12, s9, s0, s1], listeners:[]
2024-12-25 19:05:04,133 INFO  server.RaftServer$Division (RaftServerImpl.java:setConfigurationAsync(1348)) - s7@group-4CF2EC507520: receive setConfiguration SetConfigurationRequest:client-9E894F3AA110->s7@group-4CF2EC507520, cid=2065, seq=null, RW, null, SET_UNCONDITIONALLY, servers:[s11, s10, s7, s13, s8, s12, s9, s0, s1], listeners:[]
2024-12-25 19:05:04,233 INFO  server.RaftServer$Division (RaftServerImpl.java:setConfigurationAsync(1348)) - s8@group-4CF2EC507520: receive setConfiguration SetConfigurationRequest:client-9E894F3AA110->s8@group-4CF2EC507520, cid=2065, seq=null, RW, null, SET_UNCONDITIONALLY, servers:[s11, s10, s7, s13, s8, s12, s9, s0, s1], listeners:[]
2024-12-25 19:05:04,334 INFO  server.RaftServer$Division (RaftServerImpl.java:setConfigurationAsync(1348)) - s7@group-4CF2EC507520: receive setConfiguration SetConfigurationRequest:client-9E894F3AA110->s7@group-4CF2EC507520, cid=2065, seq=null, RW, null, SET_UNCONDITIONALLY, servers:[s11, s10, s7, s13, s8, s12, s9, s0, s1], listeners:[]
2024-12-25 19:05:04,434 INFO  server.RaftServer$Division (RaftServerImpl.java:setConfigurationAsync(1348)) - s9@group-4CF2EC507520: receive setConfiguration SetConfigurationRequest:client-9E894F3AA110->s9@group-4CF2EC507520, cid=2065, seq=null, RW, null, SET_UNCONDITIONALLY, servers:[s11, s10, s7, s13, s8, s12, s9, s0, s1], listeners:[]
2024-12-25 19:05:04,534 INFO  server.RaftServer$Division (RaftServerImpl.java:setConfigurationAsync(1348)) - s7@group-4CF2EC507520: receive setConfiguration SetConfigurationRequest:client-9E894F3AA110->s7@group-4CF2EC507520, cid=2065, seq=null, RW, null, SET_UNCONDITIONALLY, servers:[s11, s10, s7, s13, s8, s12, s9, s0, s1], listeners:[]
2024-12-25 19:05:04,635 INFO  server.RaftServer$Division (RaftServerImpl.java:setConfigurationAsync(1348)) - s9@group-4CF2EC507520: receive setConfiguration SetConfigurationRequest:client-9E894F3AA110->s9@group-4CF2EC507520, cid=2065, seq=null, RW, null, SET_UNCONDITIONALLY, servers:[s11, s10, s7, s13, s8, s12, s9, s0, s1], listeners:[]
2024-12-25 19:05:04,735 INFO  server.RaftServer$Division (RaftServerImpl.java:setConfigurationAsync(1348)) - s7@group-4CF2EC507520: receive setConfiguration SetConfigurationRequest:client-9E894F3AA110->s7@group-4CF2EC507520, cid=2065, seq=null, RW, null, SET_UNCONDITIONALLY, servers:[s11, s10, s7, s13, s8, s12, s9, s0, s1], listeners:[]
2024-12-25 19:05:04,835 INFO  server.RaftServer$Division (RaftServerImpl.java:setConfigurationAsync(1348)) - s1@group-4CF2EC507520: receive setConfiguration SetConfigurationRequest:client-9E894F3AA110->s1@group-4CF2EC507520, cid=2065, seq=null, RW, null, SET_UNCONDITIONALLY, servers:[s11, s10, s7, s13, s8, s12, s9, s0, s1], listeners:[]
2024-12-25 19:05:04,935 INFO  server.RaftServer$Division (RaftServerImpl.java:setConfigurationAsync(1348)) - s9@group-4CF2EC507520: receive setConfiguration SetConfigurationRequest:client-9E894F3AA110->s9@group-4CF2EC507520, cid=2065, seq=null, RW, null, SET_UNCONDITIONALLY, servers:[s11, s10, s7, s13, s8, s12, s9, s0, s1], listeners:[]
2024-12-25 19:05:05,036 INFO  server.RaftServer$Division (RaftServerImpl.java:setConfigurationAsync(1348)) - s7@group-4CF2EC507520: receive setConfiguration SetConfigurationRequest:client-9E894F3AA110->s7@group-4CF2EC507520, cid=2065, seq=null, RW, null, SET_UNCONDITIONALLY, servers:[s11, s10, s7, s13, s8, s12, s9, s0, s1], listeners:[]
2024-12-25 19:05:05,136 INFO  server.RaftServer$Division (RaftServerImpl.java:setConfigurationAsync(1348)) - s0@group-4CF2EC507520: receive setConfiguration SetConfigurationRequest:client-9E894F3AA110->s0@group-4CF2EC507520, cid=2065, seq=null, RW, null, SET_UNCONDITIONALLY, servers:[s11, s10, s7, s13, s8, s12, s9, s0, s1], listeners:[]
2024-12-25 19:05:05,236 INFO  server.RaftServer$Division (RaftServerImpl.java:setConfigurationAsync(1348)) - s9@group-4CF2EC507520: receive setConfiguration SetConfigurationRequest:client-9E894F3AA110->s9@group-4CF2EC507520, cid=2065, seq=null, RW, null, SET_UNCONDITIONALLY, servers:[s11, s10, s7, s13, s8, s12, s9, s0, s1], listeners:[]
2024-12-25 19:05:05,337 INFO  server.RaftServer$Division (RaftServerImpl.java:setConfigurationAsync(1348)) - s7@group-4CF2EC507520: receive setConfiguration SetConfigurationRequest:client-9E894F3AA110->s7@group-4CF2EC507520, cid=2065, seq=null, RW, null, SET_UNCONDITIONALLY, servers:[s11, s10, s7, s13, s8, s12, s9, s0, s1], listeners:[]
2024-12-25 19:05:05,437 INFO  server.RaftServer$Division (RaftServerImpl.java:setConfigurationAsync(1348)) - s0@group-4CF2EC507520: receive setConfiguration SetConfigurationRequest:client-9E894F3AA110->s0@group-4CF2EC507520, cid=2065, seq=null, RW, null, SET_UNCONDITIONALLY, servers:[s11, s10, s7, s13, s8, s12, s9, s0, s1], listeners:[]
2024-12-25 19:05:05,537 INFO  server.RaftServer$Division (RaftServerImpl.java:setConfigurationAsync(1348)) - s1@group-4CF2EC507520: receive setConfiguration SetConfigurationRequest:client-9E894F3AA110->s1@group-4CF2EC507520, cid=2065, seq=null, RW, null, SET_UNCONDITIONALLY, servers:[s11, s10, s7, s13, s8, s12, s9, s0, s1], listeners:[]
2024-12-25 19:05:05,637 INFO  server.RaftServer$Division (RaftServerImpl.java:setConfigurationAsync(1348)) - s8@group-4CF2EC507520: receive setConfiguration SetConfigurationRequest:client-9E894F3AA110->s8@group-4CF2EC507520, cid=2065, seq=null, RW, null, SET_UNCONDITIONALLY, servers:[s11, s10, s7, s13, s8, s12, s9, s0, s1], listeners:[]
2024-12-25 19:05:05,738 INFO  server.RaftServer$Division (RaftServerImpl.java:setConfigurationAsync(1348)) - s7@group-4CF2EC507520: receive setConfiguration SetConfigurationRequest:client-9E894F3AA110->s7@group-4CF2EC507520, cid=2065, seq=null, RW, null, SET_UNCONDITIONALLY, servers:[s11, s10, s7, s13, s8, s12, s9, s0, s1], listeners:[]
2024-12-25 19:05:05,838 INFO  server.RaftServer$Division (RaftServerImpl.java:setConfigurationAsync(1348)) - s1@group-4CF2EC507520: receive setConfiguration SetConfigurationRequest:client-9E894F3AA110->s1@group-4CF2EC507520, cid=2065, seq=null, RW, null, SET_UNCONDITIONALLY, servers:[s11, s10, s7, s13, s8, s12, s9, s0, s1], listeners:[]
2024-12-25 19:05:05,938 INFO  server.RaftServer$Division (RaftServerImpl.java:setConfigurationAsync(1348)) - s7@group-4CF2EC507520: receive setConfiguration SetConfigurationRequest:client-9E894F3AA110->s7@group-4CF2EC507520, cid=2065, seq=null, RW, null, SET_UNCONDITIONALLY, servers:[s11, s10, s7, s13, s8, s12, s9, s0, s1], listeners:[]
2024-12-25 19:05:06,039 INFO  server.RaftServer$Division (RaftServerImpl.java:setConfigurationAsync(1348)) - s0@group-4CF2EC507520: receive setConfiguration SetConfigurationRequest:client-9E894F3AA110->s0@group-4CF2EC507520, cid=2065, seq=null, RW, null, SET_UNCONDITIONALLY, servers:[s11, s10, s7, s13, s8, s12, s9, s0, s1], listeners:[]
2024-12-25 19:05:06,145 INFO  server.RaftServer$Division (RaftServerImpl.java:setConfigurationAsync(1348)) - s1@group-4CF2EC507520: receive setConfiguration SetConfigurationRequest:client-9E894F3AA110->s1@group-4CF2EC507520, cid=2065, seq=null, RW, null, SET_UNCONDITIONALLY, servers:[s11, s10, s7, s13, s8, s12, s9, s0, s1], listeners:[]
2024-12-25 19:05:06,245 INFO  server.RaftServer$Division (RaftServerImpl.java:setConfigurationAsync(1348)) - s0@group-4CF2EC507520: receive setConfiguration SetConfigurationRequest:client-9E894F3AA110->s0@group-4CF2EC507520, cid=2065, seq=null, RW, null, SET_UNCONDITIONALLY, servers:[s11, s10, s7, s13, s8, s12, s9, s0, s1], listeners:[]
2024-12-25 19:05:06,346 INFO  server.RaftServer$Division (RaftServerImpl.java:setConfigurationAsync(1348)) - s9@group-4CF2EC507520: receive setConfiguration SetConfigurationRequest:client-9E894F3AA110->s9@group-4CF2EC507520, cid=2065, seq=null, RW, null, SET_UNCONDITIONALLY, servers:[s11, s10, s7, s13, s8, s12, s9, s0, s1], listeners:[]
2024-12-25 19:05:06,446 INFO  server.RaftServer$Division (RaftServerImpl.java:setConfigurationAsync(1348)) - s7@group-4CF2EC507520: receive setConfiguration SetConfigurationRequest:client-9E894F3AA110->s7@group-4CF2EC507520, cid=2065, seq=null, RW, null, SET_UNCONDITIONALLY, servers:[s11, s10, s7, s13, s8, s12, s9, s0, s1], listeners:[]
2024-12-25 19:05:06,546 INFO  server.RaftServer$Division (RaftServerImpl.java:setConfigurationAsync(1348)) - s1@group-4CF2EC507520: receive setConfiguration SetConfigurationRequest:client-9E894F3AA110->s1@group-4CF2EC507520, cid=2065, seq=null, RW, null, SET_UNCONDITIONALLY, servers:[s11, s10, s7, s13, s8, s12, s9, s0, s1], listeners:[]
2024-12-25 19:05:06,646 INFO  server.RaftServer$Division (RaftServerImpl.java:setConfigurationAsync(1348)) - s9@group-4CF2EC507520: receive setConfiguration SetConfigurationRequest:client-9E894F3AA110->s9@group-4CF2EC507520, cid=2065, seq=null, RW, null, SET_UNCONDITIONALLY, servers:[s11, s10, s7, s13, s8, s12, s9, s0, s1], listeners:[]
2024-12-25 19:05:06,747 INFO  server.RaftServer$Division (RaftServerImpl.java:setConfigurationAsync(1348)) - s7@group-4CF2EC507520: receive setConfiguration SetConfigurationRequest:client-9E894F3AA110->s7@group-4CF2EC507520, cid=2065, seq=null, RW, null, SET_UNCONDITIONALLY, servers:[s11, s10, s7, s13, s8, s12, s9, s0, s1], listeners:[]
2024-12-25 19:05:06,847 INFO  server.RaftServer$Division (RaftServerImpl.java:setConfigurationAsync(1348)) - s0@group-4CF2EC507520: receive setConfiguration SetConfigurationRequest:client-9E894F3AA110->s0@group-4CF2EC507520, cid=2065, seq=null, RW, null, SET_UNCONDITIONALLY, servers:[s11, s10, s7, s13, s8, s12, s9, s0, s1], listeners:[]
2024-12-25 19:05:06,947 INFO  server.RaftServer$Division (RaftServerImpl.java:setConfigurationAsync(1348)) - s7@group-4CF2EC507520: receive setConfiguration SetConfigurationRequest:client-9E894F3AA110->s7@group-4CF2EC507520, cid=2065, seq=null, RW, null, SET_UNCONDITIONALLY, servers:[s11, s10, s7, s13, s8, s12, s9, s0, s1], listeners:[]
2024-12-25 19:05:07,048 INFO  server.RaftServer$Division (RaftServerImpl.java:setConfigurationAsync(1348)) - s9@group-4CF2EC507520: receive setConfiguration SetConfigurationRequest:client-9E894F3AA110->s9@group-4CF2EC507520, cid=2065, seq=null, RW, null, SET_UNCONDITIONALLY, servers:[s11, s10, s7, s13, s8, s12, s9, s0, s1], listeners:[]
2024-12-25 19:05:07,057 INFO  impl.MiniRaftCluster (MiniRaftCluster.java:lambda$null$7(362)) - TIMED-PRINT: printing ALL groups
  s3:  RUNNING [
   FOLLOWER s3@group-4CF2EC507520:t0, leader=null, voted=, raftlog=Memoized:s3@group-4CF2EC507520-SegmentedRaftLog:OPENED:c-1:lastnull, conf=conf: {index: -1, cur=peers:[]|listeners:[], old=null} STARTING
   FOLLOWER s3@group-6AB839334A82:t0, leader=null, voted=, raftlog=Memoized:s3@group-6AB839334A82-SegmentedRaftLog:OPENED:c-1:lastnull, conf=conf: {index: -1, cur=peers:[]|listeners:[], old=null} STARTING] size=2
  s4:  RUNNING [
   FOLLOWER s4@group-4CF2EC507520:t0, leader=null, voted=, raftlog=Memoized:s4@group-4CF2EC507520-SegmentedRaftLog:OPENED:c-1:lastnull, conf=conf: {index: -1, cur=peers:[]|listeners:[], old=null} STARTING
   FOLLOWER s4@group-6AB839334A82:t0, leader=null, voted=, raftlog=Memoized:s4@group-6AB839334A82-SegmentedRaftLog:OPENED:c-1:lastnull, conf=conf: {index: -1, cur=peers:[]|listeners:[], old=null} STARTING] size=2
  s5:  RUNNING [
   FOLLOWER s5@group-4CF2EC507520:t0, leader=null, voted=, raftlog=Memoized:s5@group-4CF2EC507520-SegmentedRaftLog:OPENED:c-1:lastnull, conf=conf: {index: -1, cur=peers:[]|listeners:[], old=null} STARTING
   FOLLOWER s5@group-6AB839334A82:t0, leader=null, voted=, raftlog=Memoized:s5@group-6AB839334A82-SegmentedRaftLog:OPENED:c-1:lastnull, conf=conf: {index: -1, cur=peers:[]|listeners:[], old=null} STARTING] size=2
  s6:  RUNNING [
   FOLLOWER s6@group-4CF2EC507520:t0, leader=null, voted=, raftlog=Memoized:s6@group-4CF2EC507520-SegmentedRaftLog:OPENED:c-1:lastnull, conf=conf: {index: -1, cur=peers:[]|listeners:[], old=null} STARTING
   FOLLOWER s6@group-6AB839334A82:t0, leader=null, voted=, raftlog=Memoized:s6@group-6AB839334A82-SegmentedRaftLog:OPENED:c-1:lastnull, conf=conf: {index: -1, cur=peers:[]|listeners:[], old=null} STARTING] size=2
  s7:  RUNNING [
     LEADER s7@group-4CF2EC507520:t1, leader=s7, voted=s7, raftlog=Memoized:s7@group-4CF2EC507520-SegmentedRaftLog:OPENED:c123:last(t:1, i:124), conf=conf: {index: 123, cur=peers:[s7, s8, s9, s0, s1]|listeners:[], old=null} RUNNING
   FOLLOWER s7@group-6AB839334A82:t0, leader=null, voted=, raftlog=Memoized:s7@group-6AB839334A82-SegmentedRaftLog:OPENED:c-1:lastnull, conf=conf: {index: -1, cur=peers:[]|listeners:[], old=null} STARTING] size=2
  s8:  RUNNING [
   FOLLOWER s8@group-4CF2EC507520:t1, leader=s7, voted=s7, raftlog=Memoized:s8@group-4CF2EC507520-SegmentedRaftLog:OPENED:c123:last(t:1, i:124), conf=conf: {index: 123, cur=peers:[s7|, s8|, s9|, s0|, s1|]|listeners:[], old=null} RUNNING
   FOLLOWER s8@group-6AB839334A82:t0, leader=null, voted=, raftlog=Memoized:s8@group-6AB839334A82-SegmentedRaftLog:OPENED:c-1:lastnull, conf=conf: {index: -1, cur=peers:[]|listeners:[], old=null} STARTING] size=2
  s9:  RUNNING [
   FOLLOWER s9@group-4CF2EC507520:t1, leader=s7, voted=s7, raftlog=Memoized:s9@group-4CF2EC507520-SegmentedRaftLog:OPENED:c123:last(t:1, i:124), conf=conf: {index: 123, cur=peers:[s7|, s8|, s9|, s0|, s1|]|listeners:[], old=null} RUNNING
   FOLLOWER s9@group-6AB839334A82:t0, leader=null, voted=, raftlog=Memoized:s9@group-6AB839334A82-SegmentedRaftLog:OPENED:c-1:lastnull, conf=conf: {index: -1, cur=peers:[]|listeners:[], old=null} STARTING] size=2
  s11:  RUNNING [
   FOLLOWER s11@group-4CF2EC507520:t1, leader=s7, voted=null, raftlog=Memoized:s11@group-4CF2EC507520-SegmentedRaftLog:OPENED:c123:last(t:1, i:124), conf=conf: {index: 123, cur=peers:[s7|, s8|, s9|, s0|, s1|]|listeners:[], old=null} STARTING
   FOLLOWER s11@group-6AB839334A82:t0, leader=null, voted=, raftlog=Memoized:s11@group-6AB839334A82-SegmentedRaftLog:OPENED:c-1:lastnull, conf=conf: {index: -1, cur=peers:[]|listeners:[], old=null} STARTING] size=2
  s10:  RUNNING [
   FOLLOWER s10@group-4CF2EC507520:t1, leader=s7, voted=null, raftlog=Memoized:s10@group-4CF2EC507520-SegmentedRaftLog:OPENED:c123:last(t:1, i:124), conf=conf: {index: 123, cur=peers:[s7|, s8|, s9|, s0|, s1|]|listeners:[], old=null} STARTING
   FOLLOWER s10@group-6AB839334A82:t0, leader=null, voted=, raftlog=Memoized:s10@group-6AB839334A82-SegmentedRaftLog:OPENED:c-1:lastnull, conf=conf: {index: -1, cur=peers:[]|listeners:[], old=null} STARTING] size=2
  s13:  RUNNING [
   FOLLOWER s13@group-4CF2EC507520:t1, leader=s7, voted=null, raftlog=Memoized:s13@group-4CF2EC507520-SegmentedRaftLog:OPENED:c123:last(t:1, i:124), conf=conf: {index: 123, cur=peers:[s7|, s8|, s9|, s0|, s1|]|listeners:[], old=null} STARTING
   FOLLOWER s13@group-6AB839334A82:t0, leader=null, voted=, raftlog=Memoized:s13@group-6AB839334A82-SegmentedRaftLog:OPENED:c-1:lastnull, conf=conf: {index: -1, cur=peers:[]|listeners:[], old=null} STARTING] size=2
  s12:  RUNNING [
   FOLLOWER s12@group-4CF2EC507520:t1, leader=s7, voted=null, raftlog=Memoized:s12@group-4CF2EC507520-SegmentedRaftLog:OPENED:c123:last(t:1, i:124), conf=conf: {index: 123, cur=peers:[s7|, s8|, s9|, s0|, s1|]|listeners:[], old=null} STARTING
   FOLLOWER s12@group-6AB839334A82:t0, leader=null, voted=, raftlog=Memoized:s12@group-6AB839334A82-SegmentedRaftLog:OPENED:c-1:lastnull, conf=conf: {index: -1, cur=peers:[]|listeners:[], old=null} STARTING] size=2
  s14:  RUNNING [
   FOLLOWER s14@group-4CF2EC507520:t0, leader=null, voted=, raftlog=Memoized:s14@group-4CF2EC507520-SegmentedRaftLog:OPENED:c-1:lastnull, conf=conf: {index: -1, cur=peers:[]|listeners:[], old=null} STARTING
   FOLLOWER s14@group-6AB839334A82:t0, leader=null, voted=, raftlog=Memoized:s14@group-6AB839334A82-SegmentedRaftLog:OPENED:c-1:lastnull, conf=conf: {index: -1, cur=peers:[]|listeners:[], old=null} STARTING] size=2
  s0:  RUNNING [
   FOLLOWER s0@group-4CF2EC507520:t1, leader=s7, voted=null, raftlog=Memoized:s0@group-4CF2EC507520-SegmentedRaftLog:OPENED:c123:last(t:1, i:124), conf=conf: {index: 123, cur=peers:[s7|, s8|, s9|, s0|, s1|]|listeners:[], old=null} STARTING
   FOLLOWER s0@group-6AB839334A82:t0, leader=null, voted=, raftlog=Memoized:s0@group-6AB839334A82-SegmentedRaftLog:OPENED:c-1:lastnull, conf=conf: {index: -1, cur=peers:[]|listeners:[], old=null} STARTING] size=2
  s1:  RUNNING [
   FOLLOWER s1@group-4CF2EC507520:t1, leader=s7, voted=null, raftlog=Memoized:s1@group-4CF2EC507520-SegmentedRaftLog:OPENED:c123:last(t:1, i:124), conf=conf: {index: 123, cur=peers:[s7|, s8|, s9|, s0|, s1|]|listeners:[], old=null} STARTING
   FOLLOWER s1@group-6AB839334A82:t0, leader=null, voted=, raftlog=Memoized:s1@group-6AB839334A82-SegmentedRaftLog:OPENED:c-1:lastnull, conf=conf: {index: -1, cur=peers:[]|listeners:[], old=null} STARTING] size=2
  s2:  RUNNING [
   FOLLOWER s2@group-4CF2EC507520:t0, leader=null, voted=, raftlog=Memoized:s2@group-4CF2EC507520-SegmentedRaftLog:OPENED:c-1:lastnull, conf=conf: {index: -1, cur=peers:[]|listeners:[], old=null} STARTING
   FOLLOWER s2@group-6AB839334A82:t0, leader=null, voted=, raftlog=Memoized:s2@group-6AB839334A82-SegmentedRaftLog:OPENED:c-1:lastnull, conf=conf: {index: -1, cur=peers:[]|listeners:[], old=null} STARTING] size=2
2024-12-25 19:05:07,148 INFO  server.RaftServer$Division (RaftServerImpl.java:setConfigurationAsync(1348)) - s7@group-4CF2EC507520: receive setConfiguration SetConfigurationRequest:client-9E894F3AA110->s7@group-4CF2EC507520, cid=2065, seq=null, RW, null, SET_UNCONDITIONALLY, servers:[s11, s10, s7, s13, s8, s12, s9, s0, s1], listeners:[]
2024-12-25 19:05:07,248 INFO  server.RaftServer$Division (RaftServerImpl.java:setConfigurationAsync(1348)) - s8@group-4CF2EC507520: receive setConfiguration SetConfigurationRequest:client-9E894F3AA110->s8@group-4CF2EC507520, cid=2065, seq=null, RW, null, SET_UNCONDITIONALLY, servers:[s11, s10, s7, s13, s8, s12, s9, s0, s1], listeners:[]
2024-12-25 19:05:07,349 INFO  server.RaftServer$Division (RaftServerImpl.java:setConfigurationAsync(1348)) - s7@group-4CF2EC507520: receive setConfiguration SetConfigurationRequest:client-9E894F3AA110->s7@group-4CF2EC507520, cid=2065, seq=null, RW, null, SET_UNCONDITIONALLY, servers:[s11, s10, s7, s13, s8, s12, s9, s0, s1], listeners:[]
2024-12-25 19:05:07,449 INFO  server.RaftServer$Division (RaftServerImpl.java:setConfigurationAsync(1348)) - s0@group-4CF2EC507520: receive setConfiguration SetConfigurationRequest:client-9E894F3AA110->s0@group-4CF2EC507520, cid=2065, seq=null, RW, null, SET_UNCONDITIONALLY, servers:[s11, s10, s7, s13, s8, s12, s9, s0, s1], listeners:[]
2024-12-25 19:05:07,550 INFO  server.RaftServer$Division (RaftServerImpl.java:setConfigurationAsync(1348)) - s9@group-4CF2EC507520: receive setConfiguration SetConfigurationRequest:client-9E894F3AA110->s9@group-4CF2EC507520, cid=2065, seq=null, RW, null, SET_UNCONDITIONALLY, servers:[s11, s10, s7, s13, s8, s12, s9, s0, s1], listeners:[]
2024-12-25 19:05:07,650 INFO  server.RaftServer$Division (RaftServerImpl.java:setConfigurationAsync(1348)) - s7@group-4CF2EC507520: receive setConfiguration SetConfigurationRequest:client-9E894F3AA110->s7@group-4CF2EC507520, cid=2065, seq=null, RW, null, SET_UNCONDITIONALLY, servers:[s11, s10, s7, s13, s8, s12, s9, s0, s1], listeners:[]
2024-12-25 19:05:07,750 INFO  server.RaftServer$Division (RaftServerImpl.java:setConfigurationAsync(1348)) - s0@group-4CF2EC507520: receive setConfiguration SetConfigurationRequest:client-9E894F3AA110->s0@group-4CF2EC507520, cid=2065, seq=null, RW, null, SET_UNCONDITIONALLY, servers:[s11, s10, s7, s13, s8, s12, s9, s0, s1], listeners:[]
2024-12-25 19:05:07,851 INFO  server.RaftServer$Division (RaftServerImpl.java:setConfigurationAsync(1348)) - s1@group-4CF2EC507520: receive setConfiguration SetConfigurationRequest:client-9E894F3AA110->s1@group-4CF2EC507520, cid=2065, seq=null, RW, null, SET_UNCONDITIONALLY, servers:[s11, s10, s7, s13, s8, s12, s9, s0, s1], listeners:[]
2024-12-25 19:05:07,951 INFO  server.RaftServer$Division (RaftServerImpl.java:setConfigurationAsync(1348)) - s8@group-4CF2EC507520: receive setConfiguration SetConfigurationRequest:client-9E894F3AA110->s8@group-4CF2EC507520, cid=2065, seq=null, RW, null, SET_UNCONDITIONALLY, servers:[s11, s10, s7, s13, s8, s12, s9, s0, s1], listeners:[]
2024-12-25 19:05:08,051 INFO  server.RaftServer$Division (RaftServerImpl.java:setConfigurationAsync(1348)) - s7@group-4CF2EC507520: receive setConfiguration SetConfigurationRequest:client-9E894F3AA110->s7@group-4CF2EC507520, cid=2065, seq=null, RW, null, SET_UNCONDITIONALLY, servers:[s11, s10, s7, s13, s8, s12, s9, s0, s1], listeners:[]
2024-12-25 19:05:08,152 INFO  server.RaftServer$Division (RaftServerImpl.java:setConfigurationAsync(1348)) - s9@group-4CF2EC507520: receive setConfiguration SetConfigurationRequest:client-9E894F3AA110->s9@group-4CF2EC507520, cid=2065, seq=null, RW, null, SET_UNCONDITIONALLY, servers:[s11, s10, s7, s13, s8, s12, s9, s0, s1], listeners:[]
2024-12-25 19:05:08,252 INFO  server.RaftServer$Division (RaftServerImpl.java:setConfigurationAsync(1348)) - s7@group-4CF2EC507520: receive setConfiguration SetConfigurationRequest:client-9E894F3AA110->s7@group-4CF2EC507520, cid=2065, seq=null, RW, null, SET_UNCONDITIONALLY, servers:[s11, s10, s7, s13, s8, s12, s9, s0, s1], listeners:[]
2024-12-25 19:05:08,352 INFO  server.RaftServer$Division (RaftServerImpl.java:setConfigurationAsync(1348)) - s9@group-4CF2EC507520: receive setConfiguration SetConfigurationRequest:client-9E894F3AA110->s9@group-4CF2EC507520, cid=2065, seq=null, RW, null, SET_UNCONDITIONALLY, servers:[s11, s10, s7, s13, s8, s12, s9, s0, s1], listeners:[]
2024-12-25 19:05:08,453 INFO  server.RaftServer$Division (RaftServerImpl.java:setConfigurationAsync(1348)) - s7@group-4CF2EC507520: receive setConfiguration SetConfigurationRequest:client-9E894F3AA110->s7@group-4CF2EC507520, cid=2065, seq=null, RW, null, SET_UNCONDITIONALLY, servers:[s11, s10, s7, s13, s8, s12, s9, s0, s1], listeners:[]
2024-12-25 19:05:08,553 INFO  server.RaftServer$Division (RaftServerImpl.java:setConfigurationAsync(1348)) - s9@group-4CF2EC507520: receive setConfiguration SetConfigurationRequest:client-9E894F3AA110->s9@group-4CF2EC507520, cid=2065, seq=null, RW, null, SET_UNCONDITIONALLY, servers:[s11, s10, s7, s13, s8, s12, s9, s0, s1], listeners:[]
2024-12-25 19:05:08,653 INFO  server.RaftServer$Division (RaftServerImpl.java:setConfigurationAsync(1348)) - s7@group-4CF2EC507520: receive setConfiguration SetConfigurationRequest:client-9E894F3AA110->s7@group-4CF2EC507520, cid=2065, seq=null, RW, null, SET_UNCONDITIONALLY, servers:[s11, s10, s7, s13, s8, s12, s9, s0, s1], listeners:[]
2024-12-25 19:05:08,754 INFO  server.RaftServer$Division (RaftServerImpl.java:setConfigurationAsync(1348)) - s8@group-4CF2EC507520: receive setConfiguration SetConfigurationRequest:client-9E894F3AA110->s8@group-4CF2EC507520, cid=2065, seq=null, RW, null, SET_UNCONDITIONALLY, servers:[s11, s10, s7, s13, s8, s12, s9, s0, s1], listeners:[]
2024-12-25 19:05:08,854 INFO  server.RaftServer$Division (RaftServerImpl.java:setConfigurationAsync(1348)) - s7@group-4CF2EC507520: receive setConfiguration SetConfigurationRequest:client-9E894F3AA110->s7@group-4CF2EC507520, cid=2065, seq=null, RW, null, SET_UNCONDITIONALLY, servers:[s11, s10, s7, s13, s8, s12, s9, s0, s1], listeners:[]
2024-12-25 19:05:08,954 INFO  server.RaftServer$Division (RaftServerImpl.java:setConfigurationAsync(1348)) - s0@group-4CF2EC507520: receive setConfiguration SetConfigurationRequest:client-9E894F3AA110->s0@group-4CF2EC507520, cid=2065, seq=null, RW, null, SET_UNCONDITIONALLY, servers:[s11, s10, s7, s13, s8, s12, s9, s0, s1], listeners:[]
2024-12-25 19:05:09,055 INFO  server.RaftServer$Division (RaftServerImpl.java:setConfigurationAsync(1348)) - s1@group-4CF2EC507520: receive setConfiguration SetConfigurationRequest:client-9E894F3AA110->s1@group-4CF2EC507520, cid=2065, seq=null, RW, null, SET_UNCONDITIONALLY, servers:[s11, s10, s7, s13, s8, s12, s9, s0, s1], listeners:[]
2024-12-25 19:05:09,155 INFO  server.RaftServer$Division (RaftServerImpl.java:setConfigurationAsync(1348)) - s7@group-4CF2EC507520: receive setConfiguration SetConfigurationRequest:client-9E894F3AA110->s7@group-4CF2EC507520, cid=2065, seq=null, RW, null, SET_UNCONDITIONALLY, servers:[s11, s10, s7, s13, s8, s12, s9, s0, s1], listeners:[]
2024-12-25 19:05:09,255 INFO  server.RaftServer$Division (RaftServerImpl.java:setConfigurationAsync(1348)) - s0@group-4CF2EC507520: receive setConfiguration SetConfigurationRequest:client-9E894F3AA110->s0@group-4CF2EC507520, cid=2065, seq=null, RW, null, SET_UNCONDITIONALLY, servers:[s11, s10, s7, s13, s8, s12, s9, s0, s1], listeners:[]
2024-12-25 19:05:09,355 INFO  server.RaftServer$Division (RaftServerImpl.java:setConfigurationAsync(1348)) - s7@group-4CF2EC507520: receive setConfiguration SetConfigurationRequest:client-9E894F3AA110->s7@group-4CF2EC507520, cid=2065, seq=null, RW, null, SET_UNCONDITIONALLY, servers:[s11, s10, s7, s13, s8, s12, s9, s0, s1], listeners:[]
2024-12-25 19:05:09,456 INFO  server.RaftServer$Division (RaftServerImpl.java:setConfigurationAsync(1348)) - s1@group-4CF2EC507520: receive setConfiguration SetConfigurationRequest:client-9E894F3AA110->s1@group-4CF2EC507520, cid=2065, seq=null, RW, null, SET_UNCONDITIONALLY, servers:[s11, s10, s7, s13, s8, s12, s9, s0, s1], listeners:[]
2024-12-25 19:05:09,556 INFO  server.RaftServer$Division (RaftServerImpl.java:setConfigurationAsync(1348)) - s7@group-4CF2EC507520: receive setConfiguration SetConfigurationRequest:client-9E894F3AA110->s7@group-4CF2EC507520, cid=2065, seq=null, RW, null, SET_UNCONDITIONALLY, servers:[s11, s10, s7, s13, s8, s12, s9, s0, s1], listeners:[]
2024-12-25 19:05:09,656 INFO  server.RaftServer$Division (RaftServerImpl.java:setConfigurationAsync(1348)) - s9@group-4CF2EC507520: receive setConfiguration SetConfigurationRequest:client-9E894F3AA110->s9@group-4CF2EC507520, cid=2065, seq=null, RW, null, SET_UNCONDITIONALLY, servers:[s11, s10, s7, s13, s8, s12, s9, s0, s1], listeners:[]
2024-12-25 19:05:09,757 INFO  server.RaftServer$Division (RaftServerImpl.java:setConfigurationAsync(1348)) - s7@group-4CF2EC507520: receive setConfiguration SetConfigurationRequest:client-9E894F3AA110->s7@group-4CF2EC507520, cid=2065, seq=null, RW, null, SET_UNCONDITIONALLY, servers:[s11, s10, s7, s13, s8, s12, s9, s0, s1], listeners:[]
2024-12-25 19:05:09,857 INFO  server.RaftServer$Division (RaftServerImpl.java:setConfigurationAsync(1348)) - s0@group-4CF2EC507520: receive setConfiguration SetConfigurationRequest:client-9E894F3AA110->s0@group-4CF2EC507520, cid=2065, seq=null, RW, null, SET_UNCONDITIONALLY, servers:[s11, s10, s7, s13, s8, s12, s9, s0, s1], listeners:[]
2024-12-25 19:05:09,957 INFO  server.RaftServer$Division (RaftServerImpl.java:setConfigurationAsync(1348)) - s9@group-4CF2EC507520: receive setConfiguration SetConfigurationRequest:client-9E894F3AA110->s9@group-4CF2EC507520, cid=2065, seq=null, RW, null, SET_UNCONDITIONALLY, servers:[s11, s10, s7, s13, s8, s12, s9, s0, s1], listeners:[]
2024-12-25 19:05:10,057 INFO  server.RaftServer$Division (RaftServerImpl.java:setConfigurationAsync(1348)) - s7@group-4CF2EC507520: receive setConfiguration SetConfigurationRequest:client-9E894F3AA110->s7@group-4CF2EC507520, cid=2065, seq=null, RW, null, SET_UNCONDITIONALLY, servers:[s11, s10, s7, s13, s8, s12, s9, s0, s1], listeners:[]
2024-12-25 19:05:10,158 INFO  server.RaftServer$Division (RaftServerImpl.java:setConfigurationAsync(1348)) - s0@group-4CF2EC507520: receive setConfiguration SetConfigurationRequest:client-9E894F3AA110->s0@group-4CF2EC507520, cid=2065, seq=null, RW, null, SET_UNCONDITIONALLY, servers:[s11, s10, s7, s13, s8, s12, s9, s0, s1], listeners:[]
2024-12-25 19:05:10,258 INFO  server.RaftServer$Division (RaftServerImpl.java:setConfigurationAsync(1348)) - s1@group-4CF2EC507520: receive setConfiguration SetConfigurationRequest:client-9E894F3AA110->s1@group-4CF2EC507520, cid=2065, seq=null, RW, null, SET_UNCONDITIONALLY, servers:[s11, s10, s7, s13, s8, s12, s9, s0, s1], listeners:[]
2024-12-25 19:05:10,358 INFO  server.RaftServer$Division (RaftServerImpl.java:setConfigurationAsync(1348)) - s9@group-4CF2EC507520: receive setConfiguration SetConfigurationRequest:client-9E894F3AA110->s9@group-4CF2EC507520, cid=2065, seq=null, RW, null, SET_UNCONDITIONALLY, servers:[s11, s10, s7, s13, s8, s12, s9, s0, s1], listeners:[]
2024-12-25 19:05:10,459 INFO  server.RaftServer$Division (RaftServerImpl.java:setConfigurationAsync(1348)) - s7@group-4CF2EC507520: receive setConfiguration SetConfigurationRequest:client-9E894F3AA110->s7@group-4CF2EC507520, cid=2065, seq=null, RW, null, SET_UNCONDITIONALLY, servers:[s11, s10, s7, s13, s8, s12, s9, s0, s1], listeners:[]
2024-12-25 19:05:10,559 INFO  server.RaftServer$Division (RaftServerImpl.java:setConfigurationAsync(1348)) - s0@group-4CF2EC507520: receive setConfiguration SetConfigurationRequest:client-9E894F3AA110->s0@group-4CF2EC507520, cid=2065, seq=null, RW, null, SET_UNCONDITIONALLY, servers:[s11, s10, s7, s13, s8, s12, s9, s0, s1], listeners:[]
2024-12-25 19:05:10,659 INFO  server.RaftServer$Division (RaftServerImpl.java:setConfigurationAsync(1348)) - s8@group-4CF2EC507520: receive setConfiguration SetConfigurationRequest:client-9E894F3AA110->s8@group-4CF2EC507520, cid=2065, seq=null, RW, null, SET_UNCONDITIONALLY, servers:[s11, s10, s7, s13, s8, s12, s9, s0, s1], listeners:[]
2024-12-25 19:05:10,760 INFO  server.RaftServer$Division (RaftServerImpl.java:setConfigurationAsync(1348)) - s7@group-4CF2EC507520: receive setConfiguration SetConfigurationRequest:client-9E894F3AA110->s7@group-4CF2EC507520, cid=2065, seq=null, RW, null, SET_UNCONDITIONALLY, servers:[s11, s10, s7, s13, s8, s12, s9, s0, s1], listeners:[]
2024-12-25 19:05:10,860 INFO  server.RaftServer$Division (RaftServerImpl.java:setConfigurationAsync(1348)) - s8@group-4CF2EC507520: receive setConfiguration SetConfigurationRequest:client-9E894F3AA110->s8@group-4CF2EC507520, cid=2065, seq=null, RW, null, SET_UNCONDITIONALLY, servers:[s11, s10, s7, s13, s8, s12, s9, s0, s1], listeners:[]
2024-12-25 19:05:10,960 INFO  server.RaftServer$Division (RaftServerImpl.java:setConfigurationAsync(1348)) - s7@group-4CF2EC507520: receive setConfiguration SetConfigurationRequest:client-9E894F3AA110->s7@group-4CF2EC507520, cid=2065, seq=null, RW, null, SET_UNCONDITIONALLY, servers:[s11, s10, s7, s13, s8, s12, s9, s0, s1], listeners:[]
2024-12-25 19:05:11,061 INFO  server.RaftServer$Division (RaftServerImpl.java:setConfigurationAsync(1348)) - s8@group-4CF2EC507520: receive setConfiguration SetConfigurationRequest:client-9E894F3AA110->s8@group-4CF2EC507520, cid=2065, seq=null, RW, null, SET_UNCONDITIONALLY, servers:[s11, s10, s7, s13, s8, s12, s9, s0, s1], listeners:[]
2024-12-25 19:05:11,161 INFO  server.RaftServer$Division (RaftServerImpl.java:setConfigurationAsync(1348)) - s7@group-4CF2EC507520: receive setConfiguration SetConfigurationRequest:client-9E894F3AA110->s7@group-4CF2EC507520, cid=2065, seq=null, RW, null, SET_UNCONDITIONALLY, servers:[s11, s10, s7, s13, s8, s12, s9, s0, s1], listeners:[]
2024-12-25 19:05:11,261 INFO  server.RaftServer$Division (RaftServerImpl.java:setConfigurationAsync(1348)) - s1@group-4CF2EC507520: receive setConfiguration SetConfigurationRequest:client-9E894F3AA110->s1@group-4CF2EC507520, cid=2065, seq=null, RW, null, SET_UNCONDITIONALLY, servers:[s11, s10, s7, s13, s8, s12, s9, s0, s1], listeners:[]
2024-12-25 19:05:11,362 INFO  server.RaftServer$Division (RaftServerImpl.java:setConfigurationAsync(1348)) - s9@group-4CF2EC507520: receive setConfiguration SetConfigurationRequest:client-9E894F3AA110->s9@group-4CF2EC507520, cid=2065, seq=null, RW, null, SET_UNCONDITIONALLY, servers:[s11, s10, s7, s13, s8, s12, s9, s0, s1], listeners:[]
2024-12-25 19:05:11,462 INFO  server.RaftServer$Division (RaftServerImpl.java:setConfigurationAsync(1348)) - s7@group-4CF2EC507520: receive setConfiguration SetConfigurationRequest:client-9E894F3AA110->s7@group-4CF2EC507520, cid=2065, seq=null, RW, null, SET_UNCONDITIONALLY, servers:[s11, s10, s7, s13, s8, s12, s9, s0, s1], listeners:[]
2024-12-25 19:05:11,562 INFO  server.RaftServer$Division (RaftServerImpl.java:setConfigurationAsync(1348)) - s1@group-4CF2EC507520: receive setConfiguration SetConfigurationRequest:client-9E894F3AA110->s1@group-4CF2EC507520, cid=2065, seq=null, RW, null, SET_UNCONDITIONALLY, servers:[s11, s10, s7, s13, s8, s12, s9, s0, s1], listeners:[]
2024-12-25 19:05:11,663 INFO  server.RaftServer$Division (RaftServerImpl.java:setConfigurationAsync(1348)) - s7@group-4CF2EC507520: receive setConfiguration SetConfigurationRequest:client-9E894F3AA110->s7@group-4CF2EC507520, cid=2065, seq=null, RW, null, SET_UNCONDITIONALLY, servers:[s11, s10, s7, s13, s8, s12, s9, s0, s1], listeners:[]
2024-12-25 19:05:11,763 INFO  server.RaftServer$Division (RaftServerImpl.java:setConfigurationAsync(1348)) - s0@group-4CF2EC507520: receive setConfiguration SetConfigurationRequest:client-9E894F3AA110->s0@group-4CF2EC507520, cid=2065, seq=null, RW, null, SET_UNCONDITIONALLY, servers:[s11, s10, s7, s13, s8, s12, s9, s0, s1], listeners:[]
2024-12-25 19:05:11,863 INFO  server.RaftServer$Division (RaftServerImpl.java:setConfigurationAsync(1348)) - s9@group-4CF2EC507520: receive setConfiguration SetConfigurationRequest:client-9E894F3AA110->s9@group-4CF2EC507520, cid=2065, seq=null, RW, null, SET_UNCONDITIONALLY, servers:[s11, s10, s7, s13, s8, s12, s9, s0, s1], listeners:[]
2024-12-25 19:05:11,963 INFO  server.RaftServer$Division (RaftServerImpl.java:setConfigurationAsync(1348)) - s7@group-4CF2EC507520: receive setConfiguration SetConfigurationRequest:client-9E894F3AA110->s7@group-4CF2EC507520, cid=2065, seq=null, RW, null, SET_UNCONDITIONALLY, servers:[s11, s10, s7, s13, s8, s12, s9, s0, s1], listeners:[]
2024-12-25 19:05:12,064 INFO  server.RaftServer$Division (RaftServerImpl.java:setConfigurationAsync(1348)) - s0@group-4CF2EC507520: receive setConfiguration SetConfigurationRequest:client-9E894F3AA110->s0@group-4CF2EC507520, cid=2065, seq=null, RW, null, SET_UNCONDITIONALLY, servers:[s11, s10, s7, s13, s8, s12, s9, s0, s1], listeners:[]
2024-12-25 19:05:12,164 INFO  server.RaftServer$Division (RaftServerImpl.java:setConfigurationAsync(1348)) - s8@group-4CF2EC507520: receive setConfiguration SetConfigurationRequest:client-9E894F3AA110->s8@group-4CF2EC507520, cid=2065, seq=null, RW, null, SET_UNCONDITIONALLY, servers:[s11, s10, s7, s13, s8, s12, s9, s0, s1], listeners:[]
2024-12-25 19:05:12,264 INFO  server.RaftServer$Division (RaftServerImpl.java:setConfigurationAsync(1348)) - s7@group-4CF2EC507520: receive setConfiguration SetConfigurationRequest:client-9E894F3AA110->s7@group-4CF2EC507520, cid=2065, seq=null, RW, null, SET_UNCONDITIONALLY, servers:[s11, s10, s7, s13, s8, s12, s9, s0, s1], listeners:[]
2024-12-25 19:05:12,364 INFO  server.RaftServer$Division (RaftServerImpl.java:setConfigurationAsync(1348)) - s1@group-4CF2EC507520: receive setConfiguration SetConfigurationRequest:client-9E894F3AA110->s1@group-4CF2EC507520, cid=2065, seq=null, RW, null, SET_UNCONDITIONALLY, servers:[s11, s10, s7, s13, s8, s12, s9, s0, s1], listeners:[]
2024-12-25 19:05:12,465 INFO  server.RaftServer$Division (RaftServerImpl.java:setConfigurationAsync(1348)) - s8@group-4CF2EC507520: receive setConfiguration SetConfigurationRequest:client-9E894F3AA110->s8@group-4CF2EC507520, cid=2065, seq=null, RW, null, SET_UNCONDITIONALLY, servers:[s11, s10, s7, s13, s8, s12, s9, s0, s1], listeners:[]
2024-12-25 19:05:12,565 INFO  server.RaftServer$Division (RaftServerImpl.java:setConfigurationAsync(1348)) - s7@group-4CF2EC507520: receive setConfiguration SetConfigurationRequest:client-9E894F3AA110->s7@group-4CF2EC507520, cid=2065, seq=null, RW, null, SET_UNCONDITIONALLY, servers:[s11, s10, s7, s13, s8, s12, s9, s0, s1], listeners:[]
2024-12-25 19:05:12,665 INFO  server.RaftServer$Division (RaftServerImpl.java:setConfigurationAsync(1348)) - s0@group-4CF2EC507520: receive setConfiguration SetConfigurationRequest:client-9E894F3AA110->s0@group-4CF2EC507520, cid=2065, seq=null, RW, null, SET_UNCONDITIONALLY, servers:[s11, s10, s7, s13, s8, s12, s9, s0, s1], listeners:[]
2024-12-25 19:05:12,766 INFO  server.RaftServer$Division (RaftServerImpl.java:setConfigurationAsync(1348)) - s7@group-4CF2EC507520: receive setConfiguration SetConfigurationRequest:client-9E894F3AA110->s7@group-4CF2EC507520, cid=2065, seq=null, RW, null, SET_UNCONDITIONALLY, servers:[s11, s10, s7, s13, s8, s12, s9, s0, s1], listeners:[]
2024-12-25 19:05:12,866 INFO  server.RaftServer$Division (RaftServerImpl.java:setConfigurationAsync(1348)) - s0@group-4CF2EC507520: receive setConfiguration SetConfigurationRequest:client-9E894F3AA110->s0@group-4CF2EC507520, cid=2065, seq=null, RW, null, SET_UNCONDITIONALLY, servers:[s11, s10, s7, s13, s8, s12, s9, s0, s1], listeners:[]
2024-12-25 19:05:12,966 INFO  server.RaftServer$Division (RaftServerImpl.java:setConfigurationAsync(1348)) - s1@group-4CF2EC507520: receive setConfiguration SetConfigurationRequest:client-9E894F3AA110->s1@group-4CF2EC507520, cid=2065, seq=null, RW, null, SET_UNCONDITIONALLY, servers:[s11, s10, s7, s13, s8, s12, s9, s0, s1], listeners:[]
2024-12-25 19:05:13,067 INFO  server.RaftServer$Division (RaftServerImpl.java:setConfigurationAsync(1348)) - s0@group-4CF2EC507520: receive setConfiguration SetConfigurationRequest:client-9E894F3AA110->s0@group-4CF2EC507520, cid=2065, seq=null, RW, null, SET_UNCONDITIONALLY, servers:[s11, s10, s7, s13, s8, s12, s9, s0, s1], listeners:[]
2024-12-25 19:05:13,167 INFO  server.RaftServer$Division (RaftServerImpl.java:setConfigurationAsync(1348)) - s1@group-4CF2EC507520: receive setConfiguration SetConfigurationRequest:client-9E894F3AA110->s1@group-4CF2EC507520, cid=2065, seq=null, RW, null, SET_UNCONDITIONALLY, servers:[s11, s10, s7, s13, s8, s12, s9, s0, s1], listeners:[]
2024-12-25 19:05:13,267 INFO  server.RaftServer$Division (RaftServerImpl.java:setConfigurationAsync(1348)) - s9@group-4CF2EC507520: receive setConfiguration SetConfigurationRequest:client-9E894F3AA110->s9@group-4CF2EC507520, cid=2065, seq=null, RW, null, SET_UNCONDITIONALLY, servers:[s11, s10, s7, s13, s8, s12, s9, s0, s1], listeners:[]
2024-12-25 19:05:13,368 INFO  server.RaftServer$Division (RaftServerImpl.java:setConfigurationAsync(1348)) - s7@group-4CF2EC507520: receive setConfiguration SetConfigurationRequest:client-9E894F3AA110->s7@group-4CF2EC507520, cid=2065, seq=null, RW, null, SET_UNCONDITIONALLY, servers:[s11, s10, s7, s13, s8, s12, s9, s0, s1], listeners:[]
2024-12-25 19:05:13,468 INFO  server.RaftServer$Division (RaftServerImpl.java:setConfigurationAsync(1348)) - s8@group-4CF2EC507520: receive setConfiguration SetConfigurationRequest:client-9E894F3AA110->s8@group-4CF2EC507520, cid=2065, seq=null, RW, null, SET_UNCONDITIONALLY, servers:[s11, s10, s7, s13, s8, s12, s9, s0, s1], listeners:[]
2024-12-25 19:05:13,568 INFO  server.RaftServer$Division (RaftServerImpl.java:setConfigurationAsync(1348)) - s7@group-4CF2EC507520: receive setConfiguration SetConfigurationRequest:client-9E894F3AA110->s7@group-4CF2EC507520, cid=2065, seq=null, RW, null, SET_UNCONDITIONALLY, servers:[s11, s10, s7, s13, s8, s12, s9, s0, s1], listeners:[]
2024-12-25 19:05:13,669 INFO  server.RaftServer$Division (RaftServerImpl.java:setConfigurationAsync(1348)) - s8@group-4CF2EC507520: receive setConfiguration SetConfigurationRequest:client-9E894F3AA110->s8@group-4CF2EC507520, cid=2065, seq=null, RW, null, SET_UNCONDITIONALLY, servers:[s11, s10, s7, s13, s8, s12, s9, s0, s1], listeners:[]
2024-12-25 19:05:13,769 INFO  server.RaftServer$Division (RaftServerImpl.java:setConfigurationAsync(1348)) - s7@group-4CF2EC507520: receive setConfiguration SetConfigurationRequest:client-9E894F3AA110->s7@group-4CF2EC507520, cid=2065, seq=null, RW, null, SET_UNCONDITIONALLY, servers:[s11, s10, s7, s13, s8, s12, s9, s0, s1], listeners:[]
2024-12-25 19:05:13,869 INFO  server.RaftServer$Division (RaftServerImpl.java:setConfigurationAsync(1348)) - s8@group-4CF2EC507520: receive setConfiguration SetConfigurationRequest:client-9E894F3AA110->s8@group-4CF2EC507520, cid=2065, seq=null, RW, null, SET_UNCONDITIONALLY, servers:[s11, s10, s7, s13, s8, s12, s9, s0, s1], listeners:[]
2024-12-25 19:05:13,970 INFO  server.RaftServer$Division (RaftServerImpl.java:setConfigurationAsync(1348)) - s7@group-4CF2EC507520: receive setConfiguration SetConfigurationRequest:client-9E894F3AA110->s7@group-4CF2EC507520, cid=2065, seq=null, RW, null, SET_UNCONDITIONALLY, servers:[s11, s10, s7, s13, s8, s12, s9, s0, s1], listeners:[]
2024-12-25 19:05:14,070 INFO  server.RaftServer$Division (RaftServerImpl.java:setConfigurationAsync(1348)) - s0@group-4CF2EC507520: receive setConfiguration SetConfigurationRequest:client-9E894F3AA110->s0@group-4CF2EC507520, cid=2065, seq=null, RW, null, SET_UNCONDITIONALLY, servers:[s11, s10, s7, s13, s8, s12, s9, s0, s1], listeners:[]
2024-12-25 19:05:14,170 INFO  server.RaftServer$Division (RaftServerImpl.java:setConfigurationAsync(1348)) - s7@group-4CF2EC507520: receive setConfiguration SetConfigurationRequest:client-9E894F3AA110->s7@group-4CF2EC507520, cid=2065, seq=null, RW, null, SET_UNCONDITIONALLY, servers:[s11, s10, s7, s13, s8, s12, s9, s0, s1], listeners:[]
2024-12-25 19:05:14,270 INFO  server.RaftServer$Division (RaftServerImpl.java:setConfigurationAsync(1348)) - s0@group-4CF2EC507520: receive setConfiguration SetConfigurationRequest:client-9E894F3AA110->s0@group-4CF2EC507520, cid=2065, seq=null, RW, null, SET_UNCONDITIONALLY, servers:[s11, s10, s7, s13, s8, s12, s9, s0, s1], listeners:[]
2024-12-25 19:05:14,371 INFO  server.RaftServer$Division (RaftServerImpl.java:setConfigurationAsync(1348)) - s7@group-4CF2EC507520: receive setConfiguration SetConfigurationRequest:client-9E894F3AA110->s7@group-4CF2EC507520, cid=2065, seq=null, RW, null, SET_UNCONDITIONALLY, servers:[s11, s10, s7, s13, s8, s12, s9, s0, s1], listeners:[]
2024-12-25 19:05:14,471 INFO  server.RaftServer$Division (RaftServerImpl.java:setConfigurationAsync(1348)) - s1@group-4CF2EC507520: receive setConfiguration SetConfigurationRequest:client-9E894F3AA110->s1@group-4CF2EC507520, cid=2065, seq=null, RW, null, SET_UNCONDITIONALLY, servers:[s11, s10, s7, s13, s8, s12, s9, s0, s1], listeners:[]
2024-12-25 19:05:14,571 INFO  server.RaftServer$Division (RaftServerImpl.java:setConfigurationAsync(1348)) - s9@group-4CF2EC507520: receive setConfiguration SetConfigurationRequest:client-9E894F3AA110->s9@group-4CF2EC507520, cid=2065, seq=null, RW, null, SET_UNCONDITIONALLY, servers:[s11, s10, s7, s13, s8, s12, s9, s0, s1], listeners:[]
2024-12-25 19:05:14,672 INFO  server.RaftServer$Division (RaftServerImpl.java:setConfigurationAsync(1348)) - s7@group-4CF2EC507520: receive setConfiguration SetConfigurationRequest:client-9E894F3AA110->s7@group-4CF2EC507520, cid=2065, seq=null, RW, null, SET_UNCONDITIONALLY, servers:[s11, s10, s7, s13, s8, s12, s9, s0, s1], listeners:[]
2024-12-25 19:05:14,772 INFO  server.RaftServer$Division (RaftServerImpl.java:setConfigurationAsync(1348)) - s0@group-4CF2EC507520: receive setConfiguration SetConfigurationRequest:client-9E894F3AA110->s0@group-4CF2EC507520, cid=2065, seq=null, RW, null, SET_UNCONDITIONALLY, servers:[s11, s10, s7, s13, s8, s12, s9, s0, s1], listeners:[]
2024-12-25 19:05:14,872 INFO  server.RaftServer$Division (RaftServerImpl.java:setConfigurationAsync(1348)) - s1@group-4CF2EC507520: receive setConfiguration SetConfigurationRequest:client-9E894F3AA110->s1@group-4CF2EC507520, cid=2065, seq=null, RW, null, SET_UNCONDITIONALLY, servers:[s11, s10, s7, s13, s8, s12, s9, s0, s1], listeners:[]
2024-12-25 19:05:14,973 INFO  server.RaftServer$Division (RaftServerImpl.java:setConfigurationAsync(1348)) - s8@group-4CF2EC507520: receive setConfiguration SetConfigurationRequest:client-9E894F3AA110->s8@group-4CF2EC507520, cid=2065, seq=null, RW, null, SET_UNCONDITIONALLY, servers:[s11, s10, s7, s13, s8, s12, s9, s0, s1], listeners:[]
2024-12-25 19:05:15,073 INFO  server.RaftServer$Division (RaftServerImpl.java:setConfigurationAsync(1348)) - s7@group-4CF2EC507520: receive setConfiguration SetConfigurationRequest:client-9E894F3AA110->s7@group-4CF2EC507520, cid=2065, seq=null, RW, null, SET_UNCONDITIONALLY, servers:[s11, s10, s7, s13, s8, s12, s9, s0, s1], listeners:[]
2024-12-25 19:05:15,173 INFO  server.RaftServer$Division (RaftServerImpl.java:setConfigurationAsync(1348)) - s9@group-4CF2EC507520: receive setConfiguration SetConfigurationRequest:client-9E894F3AA110->s9@group-4CF2EC507520, cid=2065, seq=null, RW, null, SET_UNCONDITIONALLY, servers:[s11, s10, s7, s13, s8, s12, s9, s0, s1], listeners:[]
2024-12-25 19:05:15,274 INFO  server.RaftServer$Division (RaftServerImpl.java:setConfigurationAsync(1348)) - s7@group-4CF2EC507520: receive setConfiguration SetConfigurationRequest:client-9E894F3AA110->s7@group-4CF2EC507520, cid=2065, seq=null, RW, null, SET_UNCONDITIONALLY, servers:[s11, s10, s7, s13, s8, s12, s9, s0, s1], listeners:[]
2024-12-25 19:05:15,374 INFO  server.RaftServer$Division (RaftServerImpl.java:setConfigurationAsync(1348)) - s1@group-4CF2EC507520: receive setConfiguration SetConfigurationRequest:client-9E894F3AA110->s1@group-4CF2EC507520, cid=2065, seq=null, RW, null, SET_UNCONDITIONALLY, servers:[s11, s10, s7, s13, s8, s12, s9, s0, s1], listeners:[]
2024-12-25 19:05:15,474 INFO  server.RaftServer$Division (RaftServerImpl.java:setConfigurationAsync(1348)) - s8@group-4CF2EC507520: receive setConfiguration SetConfigurationRequest:client-9E894F3AA110->s8@group-4CF2EC507520, cid=2065, seq=null, RW, null, SET_UNCONDITIONALLY, servers:[s11, s10, s7, s13, s8, s12, s9, s0, s1], listeners:[]
2024-12-25 19:05:15,575 INFO  server.RaftServer$Division (RaftServerImpl.java:setConfigurationAsync(1348)) - s7@group-4CF2EC507520: receive setConfiguration SetConfigurationRequest:client-9E894F3AA110->s7@group-4CF2EC507520, cid=2065, seq=null, RW, null, SET_UNCONDITIONALLY, servers:[s11, s10, s7, s13, s8, s12, s9, s0, s1], listeners:[]
2024-12-25 19:05:15,675 INFO  server.RaftServer$Division (RaftServerImpl.java:setConfigurationAsync(1348)) - s8@group-4CF2EC507520: receive setConfiguration SetConfigurationRequest:client-9E894F3AA110->s8@group-4CF2EC507520, cid=2065, seq=null, RW, null, SET_UNCONDITIONALLY, servers:[s11, s10, s7, s13, s8, s12, s9, s0, s1], listeners:[]
2024-12-25 19:05:15,775 INFO  server.RaftServer$Division (RaftServerImpl.java:setConfigurationAsync(1348)) - s7@group-4CF2EC507520: receive setConfiguration SetConfigurationRequest:client-9E894F3AA110->s7@group-4CF2EC507520, cid=2065, seq=null, RW, null, SET_UNCONDITIONALLY, servers:[s11, s10, s7, s13, s8, s12, s9, s0, s1], listeners:[]
2024-12-25 19:05:15,875 INFO  server.RaftServer$Division (RaftServerImpl.java:setConfigurationAsync(1348)) - s1@group-4CF2EC507520: receive setConfiguration SetConfigurationRequest:client-9E894F3AA110->s1@group-4CF2EC507520, cid=2065, seq=null, RW, null, SET_UNCONDITIONALLY, servers:[s11, s10, s7, s13, s8, s12, s9, s0, s1], listeners:[]
2024-12-25 19:05:15,976 INFO  server.RaftServer$Division (RaftServerImpl.java:setConfigurationAsync(1348)) - s0@group-4CF2EC507520: receive setConfiguration SetConfigurationRequest:client-9E894F3AA110->s0@group-4CF2EC507520, cid=2065, seq=null, RW, null, SET_UNCONDITIONALLY, servers:[s11, s10, s7, s13, s8, s12, s9, s0, s1], listeners:[]
2024-12-25 19:05:16,076 INFO  server.RaftServer$Division (RaftServerImpl.java:setConfigurationAsync(1348)) - s1@group-4CF2EC507520: receive setConfiguration SetConfigurationRequest:client-9E894F3AA110->s1@group-4CF2EC507520, cid=2065, seq=null, RW, null, SET_UNCONDITIONALLY, servers:[s11, s10, s7, s13, s8, s12, s9, s0, s1], listeners:[]
2024-12-25 19:05:16,176 INFO  server.RaftServer$Division (RaftServerImpl.java:setConfigurationAsync(1348)) - s7@group-4CF2EC507520: receive setConfiguration SetConfigurationRequest:client-9E894F3AA110->s7@group-4CF2EC507520, cid=2065, seq=null, RW, null, SET_UNCONDITIONALLY, servers:[s11, s10, s7, s13, s8, s12, s9, s0, s1], listeners:[]
2024-12-25 19:05:16,277 INFO  server.RaftServer$Division (RaftServerImpl.java:setConfigurationAsync(1348)) - s8@group-4CF2EC507520: receive setConfiguration SetConfigurationRequest:client-9E894F3AA110->s8@group-4CF2EC507520, cid=2065, seq=null, RW, null, SET_UNCONDITIONALLY, servers:[s11, s10, s7, s13, s8, s12, s9, s0, s1], listeners:[]
2024-12-25 19:05:16,377 INFO  server.RaftServer$Division (RaftServerImpl.java:setConfigurationAsync(1348)) - s7@group-4CF2EC507520: receive setConfiguration SetConfigurationRequest:client-9E894F3AA110->s7@group-4CF2EC507520, cid=2065, seq=null, RW, null, SET_UNCONDITIONALLY, servers:[s11, s10, s7, s13, s8, s12, s9, s0, s1], listeners:[]
2024-12-25 19:05:16,477 INFO  server.RaftServer$Division (RaftServerImpl.java:setConfigurationAsync(1348)) - s0@group-4CF2EC507520: receive setConfiguration SetConfigurationRequest:client-9E894F3AA110->s0@group-4CF2EC507520, cid=2065, seq=null, RW, null, SET_UNCONDITIONALLY, servers:[s11, s10, s7, s13, s8, s12, s9, s0, s1], listeners:[]
2024-12-25 19:05:16,578 INFO  server.RaftServer$Division (RaftServerImpl.java:setConfigurationAsync(1348)) - s9@group-4CF2EC507520: receive setConfiguration SetConfigurationRequest:client-9E894F3AA110->s9@group-4CF2EC507520, cid=2065, seq=null, RW, null, SET_UNCONDITIONALLY, servers:[s11, s10, s7, s13, s8, s12, s9, s0, s1], listeners:[]
2024-12-25 19:05:16,678 INFO  server.RaftServer$Division (RaftServerImpl.java:setConfigurationAsync(1348)) - s7@group-4CF2EC507520: receive setConfiguration SetConfigurationRequest:client-9E894F3AA110->s7@group-4CF2EC507520, cid=2065, seq=null, RW, null, SET_UNCONDITIONALLY, servers:[s11, s10, s7, s13, s8, s12, s9, s0, s1], listeners:[]
2024-12-25 19:05:16,778 INFO  server.RaftServer$Division (RaftServerImpl.java:setConfigurationAsync(1348)) - s8@group-4CF2EC507520: receive setConfiguration SetConfigurationRequest:client-9E894F3AA110->s8@group-4CF2EC507520, cid=2065, seq=null, RW, null, SET_UNCONDITIONALLY, servers:[s11, s10, s7, s13, s8, s12, s9, s0, s1], listeners:[]
2024-12-25 19:05:16,878 INFO  server.RaftServer$Division (RaftServerImpl.java:setConfigurationAsync(1348)) - s7@group-4CF2EC507520: receive setConfiguration SetConfigurationRequest:client-9E894F3AA110->s7@group-4CF2EC507520, cid=2065, seq=null, RW, null, SET_UNCONDITIONALLY, servers:[s11, s10, s7, s13, s8, s12, s9, s0, s1], listeners:[]
2024-12-25 19:05:16,979 INFO  server.RaftServer$Division (RaftServerImpl.java:setConfigurationAsync(1348)) - s8@group-4CF2EC507520: receive setConfiguration SetConfigurationRequest:client-9E894F3AA110->s8@group-4CF2EC507520, cid=2065, seq=null, RW, null, SET_UNCONDITIONALLY, servers:[s11, s10, s7, s13, s8, s12, s9, s0, s1], listeners:[]
2024-12-25 19:05:17,058 INFO  impl.MiniRaftCluster (MiniRaftCluster.java:lambda$null$7(362)) - TIMED-PRINT: printing ALL groups
  s3:  RUNNING [
   FOLLOWER s3@group-4CF2EC507520:t0, leader=null, voted=, raftlog=Memoized:s3@group-4CF2EC507520-SegmentedRaftLog:OPENED:c-1:lastnull, conf=conf: {index: -1, cur=peers:[]|listeners:[], old=null} STARTING
   FOLLOWER s3@group-6AB839334A82:t0, leader=null, voted=, raftlog=Memoized:s3@group-6AB839334A82-SegmentedRaftLog:OPENED:c-1:lastnull, conf=conf: {index: -1, cur=peers:[]|listeners:[], old=null} STARTING] size=2
  s4:  RUNNING [
   FOLLOWER s4@group-4CF2EC507520:t0, leader=null, voted=, raftlog=Memoized:s4@group-4CF2EC507520-SegmentedRaftLog:OPENED:c-1:lastnull, conf=conf: {index: -1, cur=peers:[]|listeners:[], old=null} STARTING
   FOLLOWER s4@group-6AB839334A82:t0, leader=null, voted=, raftlog=Memoized:s4@group-6AB839334A82-SegmentedRaftLog:OPENED:c-1:lastnull, conf=conf: {index: -1, cur=peers:[]|listeners:[], old=null} STARTING] size=2
  s5:  RUNNING [
   FOLLOWER s5@group-4CF2EC507520:t0, leader=null, voted=, raftlog=Memoized:s5@group-4CF2EC507520-SegmentedRaftLog:OPENED:c-1:lastnull, conf=conf: {index: -1, cur=peers:[]|listeners:[], old=null} STARTING
   FOLLOWER s5@group-6AB839334A82:t0, leader=null, voted=, raftlog=Memoized:s5@group-6AB839334A82-SegmentedRaftLog:OPENED:c-1:lastnull, conf=conf: {index: -1, cur=peers:[]|listeners:[], old=null} STARTING] size=2
  s6:  RUNNING [
   FOLLOWER s6@group-4CF2EC507520:t0, leader=null, voted=, raftlog=Memoized:s6@group-4CF2EC507520-SegmentedRaftLog:OPENED:c-1:lastnull, conf=conf: {index: -1, cur=peers:[]|listeners:[], old=null} STARTING
   FOLLOWER s6@group-6AB839334A82:t0, leader=null, voted=, raftlog=Memoized:s6@group-6AB839334A82-SegmentedRaftLog:OPENED:c-1:lastnull, conf=conf: {index: -1, cur=peers:[]|listeners:[], old=null} STARTING] size=2
  s7:  RUNNING [
     LEADER s7@group-4CF2EC507520:t1, leader=s7, voted=s7, raftlog=Memoized:s7@group-4CF2EC507520-SegmentedRaftLog:OPENED:c123:last(t:1, i:124), conf=conf: {index: 123, cur=peers:[s7, s8, s9, s0, s1]|listeners:[], old=null} RUNNING
   FOLLOWER s7@group-6AB839334A82:t0, leader=null, voted=, raftlog=Memoized:s7@group-6AB839334A82-SegmentedRaftLog:OPENED:c-1:lastnull, conf=conf: {index: -1, cur=peers:[]|listeners:[], old=null} STARTING] size=2
  s8:  RUNNING [
   FOLLOWER s8@group-4CF2EC507520:t1, leader=s7, voted=s7, raftlog=Memoized:s8@group-4CF2EC507520-SegmentedRaftLog:OPENED:c123:last(t:1, i:124), conf=conf: {index: 123, cur=peers:[s7|, s8|, s9|, s0|, s1|]|listeners:[], old=null} RUNNING
   FOLLOWER s8@group-6AB839334A82:t0, leader=null, voted=, raftlog=Memoized:s8@group-6AB839334A82-SegmentedRaftLog:OPENED:c-1:lastnull, conf=conf: {index: -1, cur=peers:[]|listeners:[], old=null} STARTING] size=2
  s9:  RUNNING [
   FOLLOWER s9@group-4CF2EC507520:t1, leader=s7, voted=s7, raftlog=Memoized:s9@group-4CF2EC507520-SegmentedRaftLog:OPENED:c123:last(t:1, i:124), conf=conf: {index: 123, cur=peers:[s7|, s8|, s9|, s0|, s1|]|listeners:[], old=null} RUNNING
   FOLLOWER s9@group-6AB839334A82:t0, leader=null, voted=, raftlog=Memoized:s9@group-6AB839334A82-SegmentedRaftLog:OPENED:c-1:lastnull, conf=conf: {index: -1, cur=peers:[]|listeners:[], old=null} STARTING] size=2
  s11:  RUNNING [
   FOLLOWER s11@group-4CF2EC507520:t1, leader=s7, voted=null, raftlog=Memoized:s11@group-4CF2EC507520-SegmentedRaftLog:OPENED:c123:last(t:1, i:124), conf=conf: {index: 123, cur=peers:[s7|, s8|, s9|, s0|, s1|]|listeners:[], old=null} STARTING
   FOLLOWER s11@group-6AB839334A82:t0, leader=null, voted=, raftlog=Memoized:s11@group-6AB839334A82-SegmentedRaftLog:OPENED:c-1:lastnull, conf=conf: {index: -1, cur=peers:[]|listeners:[], old=null} STARTING] size=2
  s10:  RUNNING [
   FOLLOWER s10@group-4CF2EC507520:t1, leader=s7, voted=null, raftlog=Memoized:s10@group-4CF2EC507520-SegmentedRaftLog:OPENED:c123:last(t:1, i:124), conf=conf: {index: 123, cur=peers:[s7|, s8|, s9|, s0|, s1|]|listeners:[], old=null} STARTING
   FOLLOWER s10@group-6AB839334A82:t0, leader=null, voted=, raftlog=Memoized:s10@group-6AB839334A82-SegmentedRaftLog:OPENED:c-1:lastnull, conf=conf: {index: -1, cur=peers:[]|listeners:[], old=null} STARTING] size=2
  s13:  RUNNING [
   FOLLOWER s13@group-4CF2EC507520:t1, leader=s7, voted=null, raftlog=Memoized:s13@group-4CF2EC507520-SegmentedRaftLog:OPENED:c123:last(t:1, i:124), conf=conf: {index: 123, cur=peers:[s7|, s8|, s9|, s0|, s1|]|listeners:[], old=null} STARTING
   FOLLOWER s13@group-6AB839334A82:t0, leader=null, voted=, raftlog=Memoized:s13@group-6AB839334A82-SegmentedRaftLog:OPENED:c-1:lastnull, conf=conf: {index: -1, cur=peers:[]|listeners:[], old=null} STARTING] size=2
  s12:  RUNNING [
   FOLLOWER s12@group-4CF2EC507520:t1, leader=s7, voted=null, raftlog=Memoized:s12@group-4CF2EC507520-SegmentedRaftLog:OPENED:c123:last(t:1, i:124), conf=conf: {index: 123, cur=peers:[s7|, s8|, s9|, s0|, s1|]|listeners:[], old=null} STARTING
   FOLLOWER s12@group-6AB839334A82:t0, leader=null, voted=, raftlog=Memoized:s12@group-6AB839334A82-SegmentedRaftLog:OPENED:c-1:lastnull, conf=conf: {index: -1, cur=peers:[]|listeners:[], old=null} STARTING] size=2
  s14:  RUNNING [
   FOLLOWER s14@group-4CF2EC507520:t0, leader=null, voted=, raftlog=Memoized:s14@group-4CF2EC507520-SegmentedRaftLog:OPENED:c-1:lastnull, conf=conf: {index: -1, cur=peers:[]|listeners:[], old=null} STARTING
   FOLLOWER s14@group-6AB839334A82:t0, leader=null, voted=, raftlog=Memoized:s14@group-6AB839334A82-SegmentedRaftLog:OPENED:c-1:lastnull, conf=conf: {index: -1, cur=peers:[]|listeners:[], old=null} STARTING] size=2
  s0:  RUNNING [
   FOLLOWER s0@group-4CF2EC507520:t1, leader=s7, voted=null, raftlog=Memoized:s0@group-4CF2EC507520-SegmentedRaftLog:OPENED:c123:last(t:1, i:124), conf=conf: {index: 123, cur=peers:[s7|, s8|, s9|, s0|, s1|]|listeners:[], old=null} STARTING
   FOLLOWER s0@group-6AB839334A82:t0, leader=null, voted=, raftlog=Memoized:s0@group-6AB839334A82-SegmentedRaftLog:OPENED:c-1:lastnull, conf=conf: {index: -1, cur=peers:[]|listeners:[], old=null} STARTING] size=2
  s1:  RUNNING [
   FOLLOWER s1@group-4CF2EC507520:t1, leader=s7, voted=null, raftlog=Memoized:s1@group-4CF2EC507520-SegmentedRaftLog:OPENED:c123:last(t:1, i:124), conf=conf: {index: 123, cur=peers:[s7|, s8|, s9|, s0|, s1|]|listeners:[], old=null} STARTING
   FOLLOWER s1@group-6AB839334A82:t0, leader=null, voted=, raftlog=Memoized:s1@group-6AB839334A82-SegmentedRaftLog:OPENED:c-1:lastnull, conf=conf: {index: -1, cur=peers:[]|listeners:[], old=null} STARTING] size=2
  s2:  RUNNING [
   FOLLOWER s2@group-4CF2EC507520:t0, leader=null, voted=, raftlog=Memoized:s2@group-4CF2EC507520-SegmentedRaftLog:OPENED:c-1:lastnull, conf=conf: {index: -1, cur=peers:[]|listeners:[], old=null} STARTING
   FOLLOWER s2@group-6AB839334A82:t0, leader=null, voted=, raftlog=Memoized:s2@group-6AB839334A82-SegmentedRaftLog:OPENED:c-1:lastnull, conf=conf: {index: -1, cur=peers:[]|listeners:[], old=null} STARTING] size=2
2024-12-25 19:05:17,079 INFO  server.RaftServer$Division (RaftServerImpl.java:setConfigurationAsync(1348)) - s7@group-4CF2EC507520: receive setConfiguration SetConfigurationRequest:client-9E894F3AA110->s7@group-4CF2EC507520, cid=2065, seq=null, RW, null, SET_UNCONDITIONALLY, servers:[s11, s10, s7, s13, s8, s12, s9, s0, s1], listeners:[]
2024-12-25 19:05:17,179 INFO  server.RaftServer$Division (RaftServerImpl.java:setConfigurationAsync(1348)) - s8@group-4CF2EC507520: receive setConfiguration SetConfigurationRequest:client-9E894F3AA110->s8@group-4CF2EC507520, cid=2065, seq=null, RW, null, SET_UNCONDITIONALLY, servers:[s11, s10, s7, s13, s8, s12, s9, s0, s1], listeners:[]
2024-12-25 19:05:17,280 INFO  server.RaftServer$Division (RaftServerImpl.java:setConfigurationAsync(1348)) - s7@group-4CF2EC507520: receive setConfiguration SetConfigurationRequest:client-9E894F3AA110->s7@group-4CF2EC507520, cid=2065, seq=null, RW, null, SET_UNCONDITIONALLY, servers:[s11, s10, s7, s13, s8, s12, s9, s0, s1], listeners:[]
2024-12-25 19:05:17,380 INFO  server.RaftServer$Division (RaftServerImpl.java:setConfigurationAsync(1348)) - s0@group-4CF2EC507520: receive setConfiguration SetConfigurationRequest:client-9E894F3AA110->s0@group-4CF2EC507520, cid=2065, seq=null, RW, null, SET_UNCONDITIONALLY, servers:[s11, s10, s7, s13, s8, s12, s9, s0, s1], listeners:[]
2024-12-25 19:05:17,481 INFO  server.RaftServer$Division (RaftServerImpl.java:setConfigurationAsync(1348)) - s8@group-4CF2EC507520: receive setConfiguration SetConfigurationRequest:client-9E894F3AA110->s8@group-4CF2EC507520, cid=2065, seq=null, RW, null, SET_UNCONDITIONALLY, servers:[s11, s10, s7, s13, s8, s12, s9, s0, s1], listeners:[]
2024-12-25 19:05:17,581 INFO  server.RaftServer$Division (RaftServerImpl.java:setConfigurationAsync(1348)) - s7@group-4CF2EC507520: receive setConfiguration SetConfigurationRequest:client-9E894F3AA110->s7@group-4CF2EC507520, cid=2065, seq=null, RW, null, SET_UNCONDITIONALLY, servers:[s11, s10, s7, s13, s8, s12, s9, s0, s1], listeners:[]
2024-12-25 19:05:17,681 INFO  server.RaftServer$Division (RaftServerImpl.java:setConfigurationAsync(1348)) - s8@group-4CF2EC507520: receive setConfiguration SetConfigurationRequest:client-9E894F3AA110->s8@group-4CF2EC507520, cid=2065, seq=null, RW, null, SET_UNCONDITIONALLY, servers:[s11, s10, s7, s13, s8, s12, s9, s0, s1], listeners:[]
2024-12-25 19:05:17,781 INFO  server.RaftServer$Division (RaftServerImpl.java:setConfigurationAsync(1348)) - s7@group-4CF2EC507520: receive setConfiguration SetConfigurationRequest:client-9E894F3AA110->s7@group-4CF2EC507520, cid=2065, seq=null, RW, null, SET_UNCONDITIONALLY, servers:[s11, s10, s7, s13, s8, s12, s9, s0, s1], listeners:[]
2024-12-25 19:05:17,882 INFO  server.RaftServer$Division (RaftServerImpl.java:setConfigurationAsync(1348)) - s9@group-4CF2EC507520: receive setConfiguration SetConfigurationRequest:client-9E894F3AA110->s9@group-4CF2EC507520, cid=2065, seq=null, RW, null, SET_UNCONDITIONALLY, servers:[s11, s10, s7, s13, s8, s12, s9, s0, s1], listeners:[]
2024-12-25 19:05:17,982 INFO  server.RaftServer$Division (RaftServerImpl.java:setConfigurationAsync(1348)) - s7@group-4CF2EC507520: receive setConfiguration SetConfigurationRequest:client-9E894F3AA110->s7@group-4CF2EC507520, cid=2065, seq=null, RW, null, SET_UNCONDITIONALLY, servers:[s11, s10, s7, s13, s8, s12, s9, s0, s1], listeners:[]
2024-12-25 19:05:18,082 INFO  server.RaftServer$Division (RaftServerImpl.java:setConfigurationAsync(1348)) - s0@group-4CF2EC507520: receive setConfiguration SetConfigurationRequest:client-9E894F3AA110->s0@group-4CF2EC507520, cid=2065, seq=null, RW, null, SET_UNCONDITIONALLY, servers:[s11, s10, s7, s13, s8, s12, s9, s0, s1], listeners:[]
2024-12-25 19:05:18,183 INFO  server.RaftServer$Division (RaftServerImpl.java:setConfigurationAsync(1348)) - s7@group-4CF2EC507520: receive setConfiguration SetConfigurationRequest:client-9E894F3AA110->s7@group-4CF2EC507520, cid=2065, seq=null, RW, null, SET_UNCONDITIONALLY, servers:[s11, s10, s7, s13, s8, s12, s9, s0, s1], listeners:[]
2024-12-25 19:05:18,283 INFO  server.RaftServer$Division (RaftServerImpl.java:setConfigurationAsync(1348)) - s8@group-4CF2EC507520: receive setConfiguration SetConfigurationRequest:client-9E894F3AA110->s8@group-4CF2EC507520, cid=2065, seq=null, RW, null, SET_UNCONDITIONALLY, servers:[s11, s10, s7, s13, s8, s12, s9, s0, s1], listeners:[]
2024-12-25 19:05:18,383 INFO  server.RaftServer$Division (RaftServerImpl.java:setConfigurationAsync(1348)) - s7@group-4CF2EC507520: receive setConfiguration SetConfigurationRequest:client-9E894F3AA110->s7@group-4CF2EC507520, cid=2065, seq=null, RW, null, SET_UNCONDITIONALLY, servers:[s11, s10, s7, s13, s8, s12, s9, s0, s1], listeners:[]
2024-12-25 19:05:18,484 INFO  server.RaftServer$Division (RaftServerImpl.java:setConfigurationAsync(1348)) - s8@group-4CF2EC507520: receive setConfiguration SetConfigurationRequest:client-9E894F3AA110->s8@group-4CF2EC507520, cid=2065, seq=null, RW, null, SET_UNCONDITIONALLY, servers:[s11, s10, s7, s13, s8, s12, s9, s0, s1], listeners:[]
2024-12-25 19:05:18,584 INFO  server.RaftServer$Division (RaftServerImpl.java:setConfigurationAsync(1348)) - s7@group-4CF2EC507520: receive setConfiguration SetConfigurationRequest:client-9E894F3AA110->s7@group-4CF2EC507520, cid=2065, seq=null, RW, null, SET_UNCONDITIONALLY, servers:[s11, s10, s7, s13, s8, s12, s9, s0, s1], listeners:[]
2024-12-25 19:05:18,685 INFO  server.RaftServer$Division (RaftServerImpl.java:setConfigurationAsync(1348)) - s9@group-4CF2EC507520: receive setConfiguration SetConfigurationRequest:client-9E894F3AA110->s9@group-4CF2EC507520, cid=2065, seq=null, RW, null, SET_UNCONDITIONALLY, servers:[s11, s10, s7, s13, s8, s12, s9, s0, s1], listeners:[]
2024-12-25 19:05:18,785 INFO  server.RaftServer$Division (RaftServerImpl.java:setConfigurationAsync(1348)) - s7@group-4CF2EC507520: receive setConfiguration SetConfigurationRequest:client-9E894F3AA110->s7@group-4CF2EC507520, cid=2065, seq=null, RW, null, SET_UNCONDITIONALLY, servers:[s11, s10, s7, s13, s8, s12, s9, s0, s1], listeners:[]
2024-12-25 19:05:18,885 INFO  server.RaftServer$Division (RaftServerImpl.java:setConfigurationAsync(1348)) - s9@group-4CF2EC507520: receive setConfiguration SetConfigurationRequest:client-9E894F3AA110->s9@group-4CF2EC507520, cid=2065, seq=null, RW, null, SET_UNCONDITIONALLY, servers:[s11, s10, s7, s13, s8, s12, s9, s0, s1], listeners:[]
2024-12-25 19:05:18,986 INFO  server.RaftServer$Division (RaftServerImpl.java:setConfigurationAsync(1348)) - s7@group-4CF2EC507520: receive setConfiguration SetConfigurationRequest:client-9E894F3AA110->s7@group-4CF2EC507520, cid=2065, seq=null, RW, null, SET_UNCONDITIONALLY, servers:[s11, s10, s7, s13, s8, s12, s9, s0, s1], listeners:[]
2024-12-25 19:05:19,086 INFO  server.RaftServer$Division (RaftServerImpl.java:setConfigurationAsync(1348)) - s0@group-4CF2EC507520: receive setConfiguration SetConfigurationRequest:client-9E894F3AA110->s0@group-4CF2EC507520, cid=2065, seq=null, RW, null, SET_UNCONDITIONALLY, servers:[s11, s10, s7, s13, s8, s12, s9, s0, s1], listeners:[]
2024-12-25 19:05:19,186 INFO  server.RaftServer$Division (RaftServerImpl.java:setConfigurationAsync(1348)) - s8@group-4CF2EC507520: receive setConfiguration SetConfigurationRequest:client-9E894F3AA110->s8@group-4CF2EC507520, cid=2065, seq=null, RW, null, SET_UNCONDITIONALLY, servers:[s11, s10, s7, s13, s8, s12, s9, s0, s1], listeners:[]
2024-12-25 19:05:19,286 INFO  server.RaftServer$Division (RaftServerImpl.java:setConfigurationAsync(1348)) - s7@group-4CF2EC507520: receive setConfiguration SetConfigurationRequest:client-9E894F3AA110->s7@group-4CF2EC507520, cid=2065, seq=null, RW, null, SET_UNCONDITIONALLY, servers:[s11, s10, s7, s13, s8, s12, s9, s0, s1], listeners:[]
2024-12-25 19:05:19,387 INFO  server.RaftServer$Division (RaftServerImpl.java:setConfigurationAsync(1348)) - s8@group-4CF2EC507520: receive setConfiguration SetConfigurationRequest:client-9E894F3AA110->s8@group-4CF2EC507520, cid=2065, seq=null, RW, null, SET_UNCONDITIONALLY, servers:[s11, s10, s7, s13, s8, s12, s9, s0, s1], listeners:[]
2024-12-25 19:05:19,487 INFO  server.RaftServer$Division (RaftServerImpl.java:setConfigurationAsync(1348)) - s7@group-4CF2EC507520: receive setConfiguration SetConfigurationRequest:client-9E894F3AA110->s7@group-4CF2EC507520, cid=2065, seq=null, RW, null, SET_UNCONDITIONALLY, servers:[s11, s10, s7, s13, s8, s12, s9, s0, s1], listeners:[]
2024-12-25 19:05:19,587 INFO  server.RaftServer$Division (RaftServerImpl.java:setConfigurationAsync(1348)) - s0@group-4CF2EC507520: receive setConfiguration SetConfigurationRequest:client-9E894F3AA110->s0@group-4CF2EC507520, cid=2065, seq=null, RW, null, SET_UNCONDITIONALLY, servers:[s11, s10, s7, s13, s8, s12, s9, s0, s1], listeners:[]
2024-12-25 19:05:19,688 INFO  server.RaftServer$Division (RaftServerImpl.java:setConfigurationAsync(1348)) - s1@group-4CF2EC507520: receive setConfiguration SetConfigurationRequest:client-9E894F3AA110->s1@group-4CF2EC507520, cid=2065, seq=null, RW, null, SET_UNCONDITIONALLY, servers:[s11, s10, s7, s13, s8, s12, s9, s0, s1], listeners:[]
2024-12-25 19:05:19,788 INFO  server.RaftServer$Division (RaftServerImpl.java:setConfigurationAsync(1348)) - s7@group-4CF2EC507520: receive setConfiguration SetConfigurationRequest:client-9E894F3AA110->s7@group-4CF2EC507520, cid=2065, seq=null, RW, null, SET_UNCONDITIONALLY, servers:[s11, s10, s7, s13, s8, s12, s9, s0, s1], listeners:[]
2024-12-25 19:05:19,888 INFO  server.RaftServer$Division (RaftServerImpl.java:setConfigurationAsync(1348)) - s0@group-4CF2EC507520: receive setConfiguration SetConfigurationRequest:client-9E894F3AA110->s0@group-4CF2EC507520, cid=2065, seq=null, RW, null, SET_UNCONDITIONALLY, servers:[s11, s10, s7, s13, s8, s12, s9, s0, s1], listeners:[]
2024-12-25 19:05:19,989 INFO  server.RaftServer$Division (RaftServerImpl.java:setConfigurationAsync(1348)) - s7@group-4CF2EC507520: receive setConfiguration SetConfigurationRequest:client-9E894F3AA110->s7@group-4CF2EC507520, cid=2065, seq=null, RW, null, SET_UNCONDITIONALLY, servers:[s11, s10, s7, s13, s8, s12, s9, s0, s1], listeners:[]
2024-12-25 19:05:20,089 INFO  server.RaftServer$Division (RaftServerImpl.java:setConfigurationAsync(1348)) - s1@group-4CF2EC507520: receive setConfiguration SetConfigurationRequest:client-9E894F3AA110->s1@group-4CF2EC507520, cid=2065, seq=null, RW, null, SET_UNCONDITIONALLY, servers:[s11, s10, s7, s13, s8, s12, s9, s0, s1], listeners:[]
2024-12-25 19:05:20,189 INFO  server.RaftServer$Division (RaftServerImpl.java:setConfigurationAsync(1348)) - s9@group-4CF2EC507520: receive setConfiguration SetConfigurationRequest:client-9E894F3AA110->s9@group-4CF2EC507520, cid=2065, seq=null, RW, null, SET_UNCONDITIONALLY, servers:[s11, s10, s7, s13, s8, s12, s9, s0, s1], listeners:[]
2024-12-25 19:05:20,290 INFO  server.RaftServer$Division (RaftServerImpl.java:setConfigurationAsync(1348)) - s7@group-4CF2EC507520: receive setConfiguration SetConfigurationRequest:client-9E894F3AA110->s7@group-4CF2EC507520, cid=2065, seq=null, RW, null, SET_UNCONDITIONALLY, servers:[s11, s10, s7, s13, s8, s12, s9, s0, s1], listeners:[]
2024-12-25 19:05:20,390 INFO  server.RaftServer$Division (RaftServerImpl.java:setConfigurationAsync(1348)) - s9@group-4CF2EC507520: receive setConfiguration SetConfigurationRequest:client-9E894F3AA110->s9@group-4CF2EC507520, cid=2065, seq=null, RW, null, SET_UNCONDITIONALLY, servers:[s11, s10, s7, s13, s8, s12, s9, s0, s1], listeners:[]
2024-12-25 19:05:20,490 INFO  server.RaftServer$Division (RaftServerImpl.java:setConfigurationAsync(1348)) - s7@group-4CF2EC507520: receive setConfiguration SetConfigurationRequest:client-9E894F3AA110->s7@group-4CF2EC507520, cid=2065, seq=null, RW, null, SET_UNCONDITIONALLY, servers:[s11, s10, s7, s13, s8, s12, s9, s0, s1], listeners:[]
2024-12-25 19:05:20,590 INFO  server.RaftServer$Division (RaftServerImpl.java:setConfigurationAsync(1348)) - s9@group-4CF2EC507520: receive setConfiguration SetConfigurationRequest:client-9E894F3AA110->s9@group-4CF2EC507520, cid=2065, seq=null, RW, null, SET_UNCONDITIONALLY, servers:[s11, s10, s7, s13, s8, s12, s9, s0, s1], listeners:[]
2024-12-25 19:05:20,691 INFO  server.RaftServer$Division (RaftServerImpl.java:setConfigurationAsync(1348)) - s7@group-4CF2EC507520: receive setConfiguration SetConfigurationRequest:client-9E894F3AA110->s7@group-4CF2EC507520, cid=2065, seq=null, RW, null, SET_UNCONDITIONALLY, servers:[s11, s10, s7, s13, s8, s12, s9, s0, s1], listeners:[]
2024-12-25 19:05:20,791 INFO  server.RaftServer$Division (RaftServerImpl.java:setConfigurationAsync(1348)) - s8@group-4CF2EC507520: receive setConfiguration SetConfigurationRequest:client-9E894F3AA110->s8@group-4CF2EC507520, cid=2065, seq=null, RW, null, SET_UNCONDITIONALLY, servers:[s11, s10, s7, s13, s8, s12, s9, s0, s1], listeners:[]
2024-12-25 19:05:20,891 INFO  server.RaftServer$Division (RaftServerImpl.java:setConfigurationAsync(1348)) - s7@group-4CF2EC507520: receive setConfiguration SetConfigurationRequest:client-9E894F3AA110->s7@group-4CF2EC507520, cid=2065, seq=null, RW, null, SET_UNCONDITIONALLY, servers:[s11, s10, s7, s13, s8, s12, s9, s0, s1], listeners:[]
2024-12-25 19:05:20,992 INFO  server.RaftServer$Division (RaftServerImpl.java:setConfigurationAsync(1348)) - s8@group-4CF2EC507520: receive setConfiguration SetConfigurationRequest:client-9E894F3AA110->s8@group-4CF2EC507520, cid=2065, seq=null, RW, null, SET_UNCONDITIONALLY, servers:[s11, s10, s7, s13, s8, s12, s9, s0, s1], listeners:[]
2024-12-25 19:05:21,092 INFO  server.RaftServer$Division (RaftServerImpl.java:setConfigurationAsync(1348)) - s7@group-4CF2EC507520: receive setConfiguration SetConfigurationRequest:client-9E894F3AA110->s7@group-4CF2EC507520, cid=2065, seq=null, RW, null, SET_UNCONDITIONALLY, servers:[s11, s10, s7, s13, s8, s12, s9, s0, s1], listeners:[]
2024-12-25 19:05:21,192 INFO  server.RaftServer$Division (RaftServerImpl.java:setConfigurationAsync(1348)) - s1@group-4CF2EC507520: receive setConfiguration SetConfigurationRequest:client-9E894F3AA110->s1@group-4CF2EC507520, cid=2065, seq=null, RW, null, SET_UNCONDITIONALLY, servers:[s11, s10, s7, s13, s8, s12, s9, s0, s1], listeners:[]
2024-12-25 19:05:21,293 INFO  server.RaftServer$Division (RaftServerImpl.java:setConfigurationAsync(1348)) - s0@group-4CF2EC507520: receive setConfiguration SetConfigurationRequest:client-9E894F3AA110->s0@group-4CF2EC507520, cid=2065, seq=null, RW, null, SET_UNCONDITIONALLY, servers:[s11, s10, s7, s13, s8, s12, s9, s0, s1], listeners:[]
2024-12-25 19:05:21,393 INFO  server.RaftServer$Division (RaftServerImpl.java:setConfigurationAsync(1348)) - s9@group-4CF2EC507520: receive setConfiguration SetConfigurationRequest:client-9E894F3AA110->s9@group-4CF2EC507520, cid=2065, seq=null, RW, null, SET_UNCONDITIONALLY, servers:[s11, s10, s7, s13, s8, s12, s9, s0, s1], listeners:[]
2024-12-25 19:05:21,493 INFO  server.RaftServer$Division (RaftServerImpl.java:setConfigurationAsync(1348)) - s7@group-4CF2EC507520: receive setConfiguration SetConfigurationRequest:client-9E894F3AA110->s7@group-4CF2EC507520, cid=2065, seq=null, RW, null, SET_UNCONDITIONALLY, servers:[s11, s10, s7, s13, s8, s12, s9, s0, s1], listeners:[]
2024-12-25 19:05:21,594 INFO  server.RaftServer$Division (RaftServerImpl.java:setConfigurationAsync(1348)) - s8@group-4CF2EC507520: receive setConfiguration SetConfigurationRequest:client-9E894F3AA110->s8@group-4CF2EC507520, cid=2065, seq=null, RW, null, SET_UNCONDITIONALLY, servers:[s11, s10, s7, s13, s8, s12, s9, s0, s1], listeners:[]
2024-12-25 19:05:21,694 INFO  server.RaftServer$Division (RaftServerImpl.java:setConfigurationAsync(1348)) - s7@group-4CF2EC507520: receive setConfiguration SetConfigurationRequest:client-9E894F3AA110->s7@group-4CF2EC507520, cid=2065, seq=null, RW, null, SET_UNCONDITIONALLY, servers:[s11, s10, s7, s13, s8, s12, s9, s0, s1], listeners:[]
2024-12-25 19:05:21,794 INFO  server.RaftServer$Division (RaftServerImpl.java:setConfigurationAsync(1348)) - s1@group-4CF2EC507520: receive setConfiguration SetConfigurationRequest:client-9E894F3AA110->s1@group-4CF2EC507520, cid=2065, seq=null, RW, null, SET_UNCONDITIONALLY, servers:[s11, s10, s7, s13, s8, s12, s9, s0, s1], listeners:[]
2024-12-25 19:05:21,894 INFO  server.RaftServer$Division (RaftServerImpl.java:setConfigurationAsync(1348)) - s0@group-4CF2EC507520: receive setConfiguration SetConfigurationRequest:client-9E894F3AA110->s0@group-4CF2EC507520, cid=2065, seq=null, RW, null, SET_UNCONDITIONALLY, servers:[s11, s10, s7, s13, s8, s12, s9, s0, s1], listeners:[]
2024-12-25 19:05:21,995 INFO  server.RaftServer$Division (RaftServerImpl.java:setConfigurationAsync(1348)) - s7@group-4CF2EC507520: receive setConfiguration SetConfigurationRequest:client-9E894F3AA110->s7@group-4CF2EC507520, cid=2065, seq=null, RW, null, SET_UNCONDITIONALLY, servers:[s11, s10, s7, s13, s8, s12, s9, s0, s1], listeners:[]
2024-12-25 19:05:22,095 INFO  server.RaftServer$Division (RaftServerImpl.java:setConfigurationAsync(1348)) - s0@group-4CF2EC507520: receive setConfiguration SetConfigurationRequest:client-9E894F3AA110->s0@group-4CF2EC507520, cid=2065, seq=null, RW, null, SET_UNCONDITIONALLY, servers:[s11, s10, s7, s13, s8, s12, s9, s0, s1], listeners:[]
2024-12-25 19:05:22,195 INFO  server.RaftServer$Division (RaftServerImpl.java:setConfigurationAsync(1348)) - s1@group-4CF2EC507520: receive setConfiguration SetConfigurationRequest:client-9E894F3AA110->s1@group-4CF2EC507520, cid=2065, seq=null, RW, null, SET_UNCONDITIONALLY, servers:[s11, s10, s7, s13, s8, s12, s9, s0, s1], listeners:[]
2024-12-25 19:05:22,296 INFO  server.RaftServer$Division (RaftServerImpl.java:setConfigurationAsync(1348)) - s0@group-4CF2EC507520: receive setConfiguration SetConfigurationRequest:client-9E894F3AA110->s0@group-4CF2EC507520, cid=2065, seq=null, RW, null, SET_UNCONDITIONALLY, servers:[s11, s10, s7, s13, s8, s12, s9, s0, s1], listeners:[]
2024-12-25 19:05:22,396 INFO  server.RaftServer$Division (RaftServerImpl.java:setConfigurationAsync(1348)) - s8@group-4CF2EC507520: receive setConfiguration SetConfigurationRequest:client-9E894F3AA110->s8@group-4CF2EC507520, cid=2065, seq=null, RW, null, SET_UNCONDITIONALLY, servers:[s11, s10, s7, s13, s8, s12, s9, s0, s1], listeners:[]
2024-12-25 19:05:22,496 INFO  server.RaftServer$Division (RaftServerImpl.java:setConfigurationAsync(1348)) - s7@group-4CF2EC507520: receive setConfiguration SetConfigurationRequest:client-9E894F3AA110->s7@group-4CF2EC507520, cid=2065, seq=null, RW, null, SET_UNCONDITIONALLY, servers:[s11, s10, s7, s13, s8, s12, s9, s0, s1], listeners:[]
2024-12-25 19:05:22,597 INFO  server.RaftServer$Division (RaftServerImpl.java:setConfigurationAsync(1348)) - s9@group-4CF2EC507520: receive setConfiguration SetConfigurationRequest:client-9E894F3AA110->s9@group-4CF2EC507520, cid=2065, seq=null, RW, null, SET_UNCONDITIONALLY, servers:[s11, s10, s7, s13, s8, s12, s9, s0, s1], listeners:[]
2024-12-25 19:05:22,697 INFO  server.RaftServer$Division (RaftServerImpl.java:setConfigurationAsync(1348)) - s7@group-4CF2EC507520: receive setConfiguration SetConfigurationRequest:client-9E894F3AA110->s7@group-4CF2EC507520, cid=2065, seq=null, RW, null, SET_UNCONDITIONALLY, servers:[s11, s10, s7, s13, s8, s12, s9, s0, s1], listeners:[]
2024-12-25 19:05:22,797 INFO  server.RaftServer$Division (RaftServerImpl.java:setConfigurationAsync(1348)) - s0@group-4CF2EC507520: receive setConfiguration SetConfigurationRequest:client-9E894F3AA110->s0@group-4CF2EC507520, cid=2065, seq=null, RW, null, SET_UNCONDITIONALLY, servers:[s11, s10, s7, s13, s8, s12, s9, s0, s1], listeners:[]
2024-12-25 19:05:22,898 INFO  server.RaftServer$Division (RaftServerImpl.java:setConfigurationAsync(1348)) - s8@group-4CF2EC507520: receive setConfiguration SetConfigurationRequest:client-9E894F3AA110->s8@group-4CF2EC507520, cid=2065, seq=null, RW, null, SET_UNCONDITIONALLY, servers:[s11, s10, s7, s13, s8, s12, s9, s0, s1], listeners:[]
2024-12-25 19:05:22,998 INFO  server.RaftServer$Division (RaftServerImpl.java:setConfigurationAsync(1348)) - s7@group-4CF2EC507520: receive setConfiguration SetConfigurationRequest:client-9E894F3AA110->s7@group-4CF2EC507520, cid=2065, seq=null, RW, null, SET_UNCONDITIONALLY, servers:[s11, s10, s7, s13, s8, s12, s9, s0, s1], listeners:[]
2024-12-25 19:05:23,098 INFO  server.RaftServer$Division (RaftServerImpl.java:setConfigurationAsync(1348)) - s9@group-4CF2EC507520: receive setConfiguration SetConfigurationRequest:client-9E894F3AA110->s9@group-4CF2EC507520, cid=2065, seq=null, RW, null, SET_UNCONDITIONALLY, servers:[s11, s10, s7, s13, s8, s12, s9, s0, s1], listeners:[]
2024-12-25 19:05:23,199 INFO  server.RaftServer$Division (RaftServerImpl.java:setConfigurationAsync(1348)) - s7@group-4CF2EC507520: receive setConfiguration SetConfigurationRequest:client-9E894F3AA110->s7@group-4CF2EC507520, cid=2065, seq=null, RW, null, SET_UNCONDITIONALLY, servers:[s11, s10, s7, s13, s8, s12, s9, s0, s1], listeners:[]
2024-12-25 19:05:23,299 INFO  server.RaftServer$Division (RaftServerImpl.java:setConfigurationAsync(1348)) - s0@group-4CF2EC507520: receive setConfiguration SetConfigurationRequest:client-9E894F3AA110->s0@group-4CF2EC507520, cid=2065, seq=null, RW, null, SET_UNCONDITIONALLY, servers:[s11, s10, s7, s13, s8, s12, s9, s0, s1], listeners:[]
2024-12-25 19:05:23,399 INFO  server.RaftServer$Division (RaftServerImpl.java:setConfigurationAsync(1348)) - s9@group-4CF2EC507520: receive setConfiguration SetConfigurationRequest:client-9E894F3AA110->s9@group-4CF2EC507520, cid=2065, seq=null, RW, null, SET_UNCONDITIONALLY, servers:[s11, s10, s7, s13, s8, s12, s9, s0, s1], listeners:[]
2024-12-25 19:05:23,499 INFO  server.RaftServer$Division (RaftServerImpl.java:setConfigurationAsync(1348)) - s7@group-4CF2EC507520: receive setConfiguration SetConfigurationRequest:client-9E894F3AA110->s7@group-4CF2EC507520, cid=2065, seq=null, RW, null, SET_UNCONDITIONALLY, servers:[s11, s10, s7, s13, s8, s12, s9, s0, s1], listeners:[]
2024-12-25 19:05:23,600 INFO  server.RaftServer$Division (RaftServerImpl.java:setConfigurationAsync(1348)) - s0@group-4CF2EC507520: receive setConfiguration SetConfigurationRequest:client-9E894F3AA110->s0@group-4CF2EC507520, cid=2065, seq=null, RW, null, SET_UNCONDITIONALLY, servers:[s11, s10, s7, s13, s8, s12, s9, s0, s1], listeners:[]
2024-12-25 19:05:23,700 INFO  server.RaftServer$Division (RaftServerImpl.java:setConfigurationAsync(1348)) - s9@group-4CF2EC507520: receive setConfiguration SetConfigurationRequest:client-9E894F3AA110->s9@group-4CF2EC507520, cid=2065, seq=null, RW, null, SET_UNCONDITIONALLY, servers:[s11, s10, s7, s13, s8, s12, s9, s0, s1], listeners:[]
2024-12-25 19:05:23,800 INFO  server.RaftServer$Division (RaftServerImpl.java:setConfigurationAsync(1348)) - s7@group-4CF2EC507520: receive setConfiguration SetConfigurationRequest:client-9E894F3AA110->s7@group-4CF2EC507520, cid=2065, seq=null, RW, null, SET_UNCONDITIONALLY, servers:[s11, s10, s7, s13, s8, s12, s9, s0, s1], listeners:[]
2024-12-25 19:05:23,901 INFO  server.RaftServer$Division (RaftServerImpl.java:setConfigurationAsync(1348)) - s1@group-4CF2EC507520: receive setConfiguration SetConfigurationRequest:client-9E894F3AA110->s1@group-4CF2EC507520, cid=2065, seq=null, RW, null, SET_UNCONDITIONALLY, servers:[s11, s10, s7, s13, s8, s12, s9, s0, s1], listeners:[]
2024-12-25 19:05:24,001 INFO  server.RaftServer$Division (RaftServerImpl.java:setConfigurationAsync(1348)) - s7@group-4CF2EC507520: receive setConfiguration SetConfigurationRequest:client-9E894F3AA110->s7@group-4CF2EC507520, cid=2065, seq=null, RW, null, SET_UNCONDITIONALLY, servers:[s11, s10, s7, s13, s8, s12, s9, s0, s1], listeners:[]
2024-12-25 19:05:24,101 INFO  server.RaftServer$Division (RaftServerImpl.java:setConfigurationAsync(1348)) - s9@group-4CF2EC507520: receive setConfiguration SetConfigurationRequest:client-9E894F3AA110->s9@group-4CF2EC507520, cid=2065, seq=null, RW, null, SET_UNCONDITIONALLY, servers:[s11, s10, s7, s13, s8, s12, s9, s0, s1], listeners:[]
2024-12-25 19:05:24,201 INFO  server.RaftServer$Division (RaftServerImpl.java:setConfigurationAsync(1348)) - s7@group-4CF2EC507520: receive setConfiguration SetConfigurationRequest:client-9E894F3AA110->s7@group-4CF2EC507520, cid=2065, seq=null, RW, null, SET_UNCONDITIONALLY, servers:[s11, s10, s7, s13, s8, s12, s9, s0, s1], listeners:[]
2024-12-25 19:05:24,302 INFO  server.RaftServer$Division (RaftServerImpl.java:setConfigurationAsync(1348)) - s0@group-4CF2EC507520: receive setConfiguration SetConfigurationRequest:client-9E894F3AA110->s0@group-4CF2EC507520, cid=2065, seq=null, RW, null, SET_UNCONDITIONALLY, servers:[s11, s10, s7, s13, s8, s12, s9, s0, s1], listeners:[]
2024-12-25 19:05:24,402 INFO  server.RaftServer$Division (RaftServerImpl.java:setConfigurationAsync(1348)) - s1@group-4CF2EC507520: receive setConfiguration SetConfigurationRequest:client-9E894F3AA110->s1@group-4CF2EC507520, cid=2065, seq=null, RW, null, SET_UNCONDITIONALLY, servers:[s11, s10, s7, s13, s8, s12, s9, s0, s1], listeners:[]
2024-12-25 19:05:24,502 INFO  server.RaftServer$Division (RaftServerImpl.java:setConfigurationAsync(1348)) - s9@group-4CF2EC507520: receive setConfiguration SetConfigurationRequest:client-9E894F3AA110->s9@group-4CF2EC507520, cid=2065, seq=null, RW, null, SET_UNCONDITIONALLY, servers:[s11, s10, s7, s13, s8, s12, s9, s0, s1], listeners:[]
2024-12-25 19:05:24,603 INFO  server.RaftServer$Division (RaftServerImpl.java:setConfigurationAsync(1348)) - s7@group-4CF2EC507520: receive setConfiguration SetConfigurationRequest:client-9E894F3AA110->s7@group-4CF2EC507520, cid=2065, seq=null, RW, null, SET_UNCONDITIONALLY, servers:[s11, s10, s7, s13, s8, s12, s9, s0, s1], listeners:[]
2024-12-25 19:05:24,703 INFO  server.RaftServer$Division (RaftServerImpl.java:setConfigurationAsync(1348)) - s1@group-4CF2EC507520: receive setConfiguration SetConfigurationRequest:client-9E894F3AA110->s1@group-4CF2EC507520, cid=2065, seq=null, RW, null, SET_UNCONDITIONALLY, servers:[s11, s10, s7, s13, s8, s12, s9, s0, s1], listeners:[]
2024-12-25 19:05:24,803 INFO  server.RaftServer$Division (RaftServerImpl.java:setConfigurationAsync(1348)) - s7@group-4CF2EC507520: receive setConfiguration SetConfigurationRequest:client-9E894F3AA110->s7@group-4CF2EC507520, cid=2065, seq=null, RW, null, SET_UNCONDITIONALLY, servers:[s11, s10, s7, s13, s8, s12, s9, s0, s1], listeners:[]
2024-12-25 19:05:24,903 INFO  server.RaftServer$Division (RaftServerImpl.java:setConfigurationAsync(1348)) - s8@group-4CF2EC507520: receive setConfiguration SetConfigurationRequest:client-9E894F3AA110->s8@group-4CF2EC507520, cid=2065, seq=null, RW, null, SET_UNCONDITIONALLY, servers:[s11, s10, s7, s13, s8, s12, s9, s0, s1], listeners:[]
2024-12-25 19:05:25,004 INFO  server.RaftServer$Division (RaftServerImpl.java:setConfigurationAsync(1348)) - s7@group-4CF2EC507520: receive setConfiguration SetConfigurationRequest:client-9E894F3AA110->s7@group-4CF2EC507520, cid=2065, seq=null, RW, null, SET_UNCONDITIONALLY, servers:[s11, s10, s7, s13, s8, s12, s9, s0, s1], listeners:[]
2024-12-25 19:05:25,104 INFO  server.RaftServer$Division (RaftServerImpl.java:setConfigurationAsync(1348)) - s9@group-4CF2EC507520: receive setConfiguration SetConfigurationRequest:client-9E894F3AA110->s9@group-4CF2EC507520, cid=2065, seq=null, RW, null, SET_UNCONDITIONALLY, servers:[s11, s10, s7, s13, s8, s12, s9, s0, s1], listeners:[]
2024-12-25 19:05:25,204 INFO  server.RaftServer$Division (RaftServerImpl.java:setConfigurationAsync(1348)) - s7@group-4CF2EC507520: receive setConfiguration SetConfigurationRequest:client-9E894F3AA110->s7@group-4CF2EC507520, cid=2065, seq=null, RW, null, SET_UNCONDITIONALLY, servers:[s11, s10, s7, s13, s8, s12, s9, s0, s1], listeners:[]
2024-12-25 19:05:25,305 INFO  server.RaftServer$Division (RaftServerImpl.java:setConfigurationAsync(1348)) - s1@group-4CF2EC507520: receive setConfiguration SetConfigurationRequest:client-9E894F3AA110->s1@group-4CF2EC507520, cid=2065, seq=null, RW, null, SET_UNCONDITIONALLY, servers:[s11, s10, s7, s13, s8, s12, s9, s0, s1], listeners:[]
2024-12-25 19:05:25,405 INFO  server.RaftServer$Division (RaftServerImpl.java:setConfigurationAsync(1348)) - s9@group-4CF2EC507520: receive setConfiguration SetConfigurationRequest:client-9E894F3AA110->s9@group-4CF2EC507520, cid=2065, seq=null, RW, null, SET_UNCONDITIONALLY, servers:[s11, s10, s7, s13, s8, s12, s9, s0, s1], listeners:[]
2024-12-25 19:05:25,505 INFO  server.RaftServer$Division (RaftServerImpl.java:setConfigurationAsync(1348)) - s7@group-4CF2EC507520: receive setConfiguration SetConfigurationRequest:client-9E894F3AA110->s7@group-4CF2EC507520, cid=2065, seq=null, RW, null, SET_UNCONDITIONALLY, servers:[s11, s10, s7, s13, s8, s12, s9, s0, s1], listeners:[]
2024-12-25 19:05:25,605 INFO  server.RaftServer$Division (RaftServerImpl.java:setConfigurationAsync(1348)) - s1@group-4CF2EC507520: receive setConfiguration SetConfigurationRequest:client-9E894F3AA110->s1@group-4CF2EC507520, cid=2065, seq=null, RW, null, SET_UNCONDITIONALLY, servers:[s11, s10, s7, s13, s8, s12, s9, s0, s1], listeners:[]
2024-12-25 19:05:25,706 INFO  server.RaftServer$Division (RaftServerImpl.java:setConfigurationAsync(1348)) - s7@group-4CF2EC507520: receive setConfiguration SetConfigurationRequest:client-9E894F3AA110->s7@group-4CF2EC507520, cid=2065, seq=null, RW, null, SET_UNCONDITIONALLY, servers:[s11, s10, s7, s13, s8, s12, s9, s0, s1], listeners:[]
2024-12-25 19:05:25,806 INFO  server.RaftServer$Division (RaftServerImpl.java:setConfigurationAsync(1348)) - s0@group-4CF2EC507520: receive setConfiguration SetConfigurationRequest:client-9E894F3AA110->s0@group-4CF2EC507520, cid=2065, seq=null, RW, null, SET_UNCONDITIONALLY, servers:[s11, s10, s7, s13, s8, s12, s9, s0, s1], listeners:[]
2024-12-25 19:05:25,906 INFO  server.RaftServer$Division (RaftServerImpl.java:setConfigurationAsync(1348)) - s9@group-4CF2EC507520: receive setConfiguration SetConfigurationRequest:client-9E894F3AA110->s9@group-4CF2EC507520, cid=2065, seq=null, RW, null, SET_UNCONDITIONALLY, servers:[s11, s10, s7, s13, s8, s12, s9, s0, s1], listeners:[]
2024-12-25 19:05:26,007 INFO  server.RaftServer$Division (RaftServerImpl.java:setConfigurationAsync(1348)) - s7@group-4CF2EC507520: receive setConfiguration SetConfigurationRequest:client-9E894F3AA110->s7@group-4CF2EC507520, cid=2065, seq=null, RW, null, SET_UNCONDITIONALLY, servers:[s11, s10, s7, s13, s8, s12, s9, s0, s1], listeners:[]
2024-12-25 19:05:26,107 INFO  server.RaftServer$Division (RaftServerImpl.java:setConfigurationAsync(1348)) - s0@group-4CF2EC507520: receive setConfiguration SetConfigurationRequest:client-9E894F3AA110->s0@group-4CF2EC507520, cid=2065, seq=null, RW, null, SET_UNCONDITIONALLY, servers:[s11, s10, s7, s13, s8, s12, s9, s0, s1], listeners:[]
2024-12-25 19:05:26,207 INFO  server.RaftServer$Division (RaftServerImpl.java:setConfigurationAsync(1348)) - s7@group-4CF2EC507520: receive setConfiguration SetConfigurationRequest:client-9E894F3AA110->s7@group-4CF2EC507520, cid=2065, seq=null, RW, null, SET_UNCONDITIONALLY, servers:[s11, s10, s7, s13, s8, s12, s9, s0, s1], listeners:[]
2024-12-25 19:05:26,307 INFO  server.RaftServer$Division (RaftServerImpl.java:setConfigurationAsync(1348)) - s8@group-4CF2EC507520: receive setConfiguration SetConfigurationRequest:client-9E894F3AA110->s8@group-4CF2EC507520, cid=2065, seq=null, RW, null, SET_UNCONDITIONALLY, servers:[s11, s10, s7, s13, s8, s12, s9, s0, s1], listeners:[]
2024-12-25 19:05:26,408 INFO  server.RaftServer$Division (RaftServerImpl.java:setConfigurationAsync(1348)) - s7@group-4CF2EC507520: receive setConfiguration SetConfigurationRequest:client-9E894F3AA110->s7@group-4CF2EC507520, cid=2065, seq=null, RW, null, SET_UNCONDITIONALLY, servers:[s11, s10, s7, s13, s8, s12, s9, s0, s1], listeners:[]
2024-12-25 19:05:26,508 INFO  server.RaftServer$Division (RaftServerImpl.java:setConfigurationAsync(1348)) - s0@group-4CF2EC507520: receive setConfiguration SetConfigurationRequest:client-9E894F3AA110->s0@group-4CF2EC507520, cid=2065, seq=null, RW, null, SET_UNCONDITIONALLY, servers:[s11, s10, s7, s13, s8, s12, s9, s0, s1], listeners:[]
2024-12-25 19:05:26,608 INFO  server.RaftServer$Division (RaftServerImpl.java:setConfigurationAsync(1348)) - s8@group-4CF2EC507520: receive setConfiguration SetConfigurationRequest:client-9E894F3AA110->s8@group-4CF2EC507520, cid=2065, seq=null, RW, null, SET_UNCONDITIONALLY, servers:[s11, s10, s7, s13, s8, s12, s9, s0, s1], listeners:[]
2024-12-25 19:05:26,709 INFO  server.RaftServer$Division (RaftServerImpl.java:setConfigurationAsync(1348)) - s7@group-4CF2EC507520: receive setConfiguration SetConfigurationRequest:client-9E894F3AA110->s7@group-4CF2EC507520, cid=2065, seq=null, RW, null, SET_UNCONDITIONALLY, servers:[s11, s10, s7, s13, s8, s12, s9, s0, s1], listeners:[]
2024-12-25 19:05:26,809 INFO  server.RaftServer$Division (RaftServerImpl.java:setConfigurationAsync(1348)) - s1@group-4CF2EC507520: receive setConfiguration SetConfigurationRequest:client-9E894F3AA110->s1@group-4CF2EC507520, cid=2065, seq=null, RW, null, SET_UNCONDITIONALLY, servers:[s11, s10, s7, s13, s8, s12, s9, s0, s1], listeners:[]
2024-12-25 19:05:26,909 INFO  server.RaftServer$Division (RaftServerImpl.java:setConfigurationAsync(1348)) - s7@group-4CF2EC507520: receive setConfiguration SetConfigurationRequest:client-9E894F3AA110->s7@group-4CF2EC507520, cid=2065, seq=null, RW, null, SET_UNCONDITIONALLY, servers:[s11, s10, s7, s13, s8, s12, s9, s0, s1], listeners:[]
2024-12-25 19:05:27,010 INFO  server.RaftServer$Division (RaftServerImpl.java:setConfigurationAsync(1348)) - s0@group-4CF2EC507520: receive setConfiguration SetConfigurationRequest:client-9E894F3AA110->s0@group-4CF2EC507520, cid=2065, seq=null, RW, null, SET_UNCONDITIONALLY, servers:[s11, s10, s7, s13, s8, s12, s9, s0, s1], listeners:[]
2024-12-25 19:05:27,057 INFO  impl.MiniRaftCluster (MiniRaftCluster.java:lambda$null$7(362)) - TIMED-PRINT: printing ALL groups
  s3:  RUNNING [
   FOLLOWER s3@group-4CF2EC507520:t0, leader=null, voted=, raftlog=Memoized:s3@group-4CF2EC507520-SegmentedRaftLog:OPENED:c-1:lastnull, conf=conf: {index: -1, cur=peers:[]|listeners:[], old=null} STARTING
   FOLLOWER s3@group-6AB839334A82:t0, leader=null, voted=, raftlog=Memoized:s3@group-6AB839334A82-SegmentedRaftLog:OPENED:c-1:lastnull, conf=conf: {index: -1, cur=peers:[]|listeners:[], old=null} STARTING] size=2
  s4:  RUNNING [
   FOLLOWER s4@group-4CF2EC507520:t0, leader=null, voted=, raftlog=Memoized:s4@group-4CF2EC507520-SegmentedRaftLog:OPENED:c-1:lastnull, conf=conf: {index: -1, cur=peers:[]|listeners:[], old=null} STARTING
   FOLLOWER s4@group-6AB839334A82:t0, leader=null, voted=, raftlog=Memoized:s4@group-6AB839334A82-SegmentedRaftLog:OPENED:c-1:lastnull, conf=conf: {index: -1, cur=peers:[]|listeners:[], old=null} STARTING] size=2
  s5:  RUNNING [
   FOLLOWER s5@group-4CF2EC507520:t0, leader=null, voted=, raftlog=Memoized:s5@group-4CF2EC507520-SegmentedRaftLog:OPENED:c-1:lastnull, conf=conf: {index: -1, cur=peers:[]|listeners:[], old=null} STARTING
   FOLLOWER s5@group-6AB839334A82:t0, leader=null, voted=, raftlog=Memoized:s5@group-6AB839334A82-SegmentedRaftLog:OPENED:c-1:lastnull, conf=conf: {index: -1, cur=peers:[]|listeners:[], old=null} STARTING] size=2
  s6:  RUNNING [
   FOLLOWER s6@group-4CF2EC507520:t0, leader=null, voted=, raftlog=Memoized:s6@group-4CF2EC507520-SegmentedRaftLog:OPENED:c-1:lastnull, conf=conf: {index: -1, cur=peers:[]|listeners:[], old=null} STARTING
   FOLLOWER s6@group-6AB839334A82:t0, leader=null, voted=, raftlog=Memoized:s6@group-6AB839334A82-SegmentedRaftLog:OPENED:c-1:lastnull, conf=conf: {index: -1, cur=peers:[]|listeners:[], old=null} STARTING] size=2
  s7:  RUNNING [
     LEADER s7@group-4CF2EC507520:t1, leader=s7, voted=s7, raftlog=Memoized:s7@group-4CF2EC507520-SegmentedRaftLog:OPENED:c123:last(t:1, i:124), conf=conf: {index: 123, cur=peers:[s7, s8, s9, s0, s1]|listeners:[], old=null} RUNNING
   FOLLOWER s7@group-6AB839334A82:t0, leader=null, voted=, raftlog=Memoized:s7@group-6AB839334A82-SegmentedRaftLog:OPENED:c-1:lastnull, conf=conf: {index: -1, cur=peers:[]|listeners:[], old=null} STARTING] size=2
  s8:  RUNNING [
   FOLLOWER s8@group-4CF2EC507520:t1, leader=s7, voted=s7, raftlog=Memoized:s8@group-4CF2EC507520-SegmentedRaftLog:OPENED:c123:last(t:1, i:124), conf=conf: {index: 123, cur=peers:[s7|, s8|, s9|, s0|, s1|]|listeners:[], old=null} RUNNING
   FOLLOWER s8@group-6AB839334A82:t0, leader=null, voted=, raftlog=Memoized:s8@group-6AB839334A82-SegmentedRaftLog:OPENED:c-1:lastnull, conf=conf: {index: -1, cur=peers:[]|listeners:[], old=null} STARTING] size=2
  s9:  RUNNING [
   FOLLOWER s9@group-4CF2EC507520:t1, leader=s7, voted=s7, raftlog=Memoized:s9@group-4CF2EC507520-SegmentedRaftLog:OPENED:c123:last(t:1, i:124), conf=conf: {index: 123, cur=peers:[s7|, s8|, s9|, s0|, s1|]|listeners:[], old=null} RUNNING
   FOLLOWER s9@group-6AB839334A82:t0, leader=null, voted=, raftlog=Memoized:s9@group-6AB839334A82-SegmentedRaftLog:OPENED:c-1:lastnull, conf=conf: {index: -1, cur=peers:[]|listeners:[], old=null} STARTING] size=2
  s11:  RUNNING [
   FOLLOWER s11@group-4CF2EC507520:t1, leader=s7, voted=null, raftlog=Memoized:s11@group-4CF2EC507520-SegmentedRaftLog:OPENED:c123:last(t:1, i:124), conf=conf: {index: 123, cur=peers:[s7|, s8|, s9|, s0|, s1|]|listeners:[], old=null} STARTING
   FOLLOWER s11@group-6AB839334A82:t0, leader=null, voted=, raftlog=Memoized:s11@group-6AB839334A82-SegmentedRaftLog:OPENED:c-1:lastnull, conf=conf: {index: -1, cur=peers:[]|listeners:[], old=null} STARTING] size=2
  s10:  RUNNING [
   FOLLOWER s10@group-4CF2EC507520:t1, leader=s7, voted=null, raftlog=Memoized:s10@group-4CF2EC507520-SegmentedRaftLog:OPENED:c123:last(t:1, i:124), conf=conf: {index: 123, cur=peers:[s7|, s8|, s9|, s0|, s1|]|listeners:[], old=null} STARTING
   FOLLOWER s10@group-6AB839334A82:t0, leader=null, voted=, raftlog=Memoized:s10@group-6AB839334A82-SegmentedRaftLog:OPENED:c-1:lastnull, conf=conf: {index: -1, cur=peers:[]|listeners:[], old=null} STARTING] size=2
  s13:  RUNNING [
   FOLLOWER s13@group-4CF2EC507520:t1, leader=s7, voted=null, raftlog=Memoized:s13@group-4CF2EC507520-SegmentedRaftLog:OPENED:c123:last(t:1, i:124), conf=conf: {index: 123, cur=peers:[s7|, s8|, s9|, s0|, s1|]|listeners:[], old=null} STARTING
   FOLLOWER s13@group-6AB839334A82:t0, leader=null, voted=, raftlog=Memoized:s13@group-6AB839334A82-SegmentedRaftLog:OPENED:c-1:lastnull, conf=conf: {index: -1, cur=peers:[]|listeners:[], old=null} STARTING] size=2
  s12:  RUNNING [
   FOLLOWER s12@group-4CF2EC507520:t1, leader=s7, voted=null, raftlog=Memoized:s12@group-4CF2EC507520-SegmentedRaftLog:OPENED:c123:last(t:1, i:124), conf=conf: {index: 123, cur=peers:[s7|, s8|, s9|, s0|, s1|]|listeners:[], old=null} STARTING
   FOLLOWER s12@group-6AB839334A82:t0, leader=null, voted=, raftlog=Memoized:s12@group-6AB839334A82-SegmentedRaftLog:OPENED:c-1:lastnull, conf=conf: {index: -1, cur=peers:[]|listeners:[], old=null} STARTING] size=2
  s14:  RUNNING [
   FOLLOWER s14@group-4CF2EC507520:t0, leader=null, voted=, raftlog=Memoized:s14@group-4CF2EC507520-SegmentedRaftLog:OPENED:c-1:lastnull, conf=conf: {index: -1, cur=peers:[]|listeners:[], old=null} STARTING
   FOLLOWER s14@group-6AB839334A82:t0, leader=null, voted=, raftlog=Memoized:s14@group-6AB839334A82-SegmentedRaftLog:OPENED:c-1:lastnull, conf=conf: {index: -1, cur=peers:[]|listeners:[], old=null} STARTING] size=2
  s0:  RUNNING [
   FOLLOWER s0@group-4CF2EC507520:t1, leader=s7, voted=null, raftlog=Memoized:s0@group-4CF2EC507520-SegmentedRaftLog:OPENED:c123:last(t:1, i:124), conf=conf: {index: 123, cur=peers:[s7|, s8|, s9|, s0|, s1|]|listeners:[], old=null} STARTING
   FOLLOWER s0@group-6AB839334A82:t0, leader=null, voted=, raftlog=Memoized:s0@group-6AB839334A82-SegmentedRaftLog:OPENED:c-1:lastnull, conf=conf: {index: -1, cur=peers:[]|listeners:[], old=null} STARTING] size=2
  s1:  RUNNING [
   FOLLOWER s1@group-4CF2EC507520:t1, leader=s7, voted=null, raftlog=Memoized:s1@group-4CF2EC507520-SegmentedRaftLog:OPENED:c123:last(t:1, i:124), conf=conf: {index: 123, cur=peers:[s7|, s8|, s9|, s0|, s1|]|listeners:[], old=null} STARTING
   FOLLOWER s1@group-6AB839334A82:t0, leader=null, voted=, raftlog=Memoized:s1@group-6AB839334A82-SegmentedRaftLog:OPENED:c-1:lastnull, conf=conf: {index: -1, cur=peers:[]|listeners:[], old=null} STARTING] size=2
  s2:  RUNNING [
   FOLLOWER s2@group-4CF2EC507520:t0, leader=null, voted=, raftlog=Memoized:s2@group-4CF2EC507520-SegmentedRaftLog:OPENED:c-1:lastnull, conf=conf: {index: -1, cur=peers:[]|listeners:[], old=null} STARTING
   FOLLOWER s2@group-6AB839334A82:t0, leader=null, voted=, raftlog=Memoized:s2@group-6AB839334A82-SegmentedRaftLog:OPENED:c-1:lastnull, conf=conf: {index: -1, cur=peers:[]|listeners:[], old=null} STARTING] size=2
2024-12-25 19:05:27,110 INFO  server.RaftServer$Division (RaftServerImpl.java:setConfigurationAsync(1348)) - s8@group-4CF2EC507520: receive setConfiguration SetConfigurationRequest:client-9E894F3AA110->s8@group-4CF2EC507520, cid=2065, seq=null, RW, null, SET_UNCONDITIONALLY, servers:[s11, s10, s7, s13, s8, s12, s9, s0, s1], listeners:[]
2024-12-25 19:05:27,210 INFO  server.RaftServer$Division (RaftServerImpl.java:setConfigurationAsync(1348)) - s7@group-4CF2EC507520: receive setConfiguration SetConfigurationRequest:client-9E894F3AA110->s7@group-4CF2EC507520, cid=2065, seq=null, RW, null, SET_UNCONDITIONALLY, servers:[s11, s10, s7, s13, s8, s12, s9, s0, s1], listeners:[]
2024-12-25 19:05:27,311 INFO  server.RaftServer$Division (RaftServerImpl.java:setConfigurationAsync(1348)) - s8@group-4CF2EC507520: receive setConfiguration SetConfigurationRequest:client-9E894F3AA110->s8@group-4CF2EC507520, cid=2065, seq=null, RW, null, SET_UNCONDITIONALLY, servers:[s11, s10, s7, s13, s8, s12, s9, s0, s1], listeners:[]
2024-12-25 19:05:27,411 INFO  server.RaftServer$Division (RaftServerImpl.java:setConfigurationAsync(1348)) - s7@group-4CF2EC507520: receive setConfiguration SetConfigurationRequest:client-9E894F3AA110->s7@group-4CF2EC507520, cid=2065, seq=null, RW, null, SET_UNCONDITIONALLY, servers:[s11, s10, s7, s13, s8, s12, s9, s0, s1], listeners:[]
2024-12-25 19:05:27,511 INFO  server.RaftServer$Division (RaftServerImpl.java:setConfigurationAsync(1348)) - s8@group-4CF2EC507520: receive setConfiguration SetConfigurationRequest:client-9E894F3AA110->s8@group-4CF2EC507520, cid=2065, seq=null, RW, null, SET_UNCONDITIONALLY, servers:[s11, s10, s7, s13, s8, s12, s9, s0, s1], listeners:[]
2024-12-25 19:05:27,612 INFO  server.RaftServer$Division (RaftServerImpl.java:setConfigurationAsync(1348)) - s7@group-4CF2EC507520: receive setConfiguration SetConfigurationRequest:client-9E894F3AA110->s7@group-4CF2EC507520, cid=2065, seq=null, RW, null, SET_UNCONDITIONALLY, servers:[s11, s10, s7, s13, s8, s12, s9, s0, s1], listeners:[]
2024-12-25 19:05:27,712 INFO  server.RaftServer$Division (RaftServerImpl.java:setConfigurationAsync(1348)) - s9@group-4CF2EC507520: receive setConfiguration SetConfigurationRequest:client-9E894F3AA110->s9@group-4CF2EC507520, cid=2065, seq=null, RW, null, SET_UNCONDITIONALLY, servers:[s11, s10, s7, s13, s8, s12, s9, s0, s1], listeners:[]
2024-12-25 19:05:27,812 INFO  server.RaftServer$Division (RaftServerImpl.java:setConfigurationAsync(1348)) - s7@group-4CF2EC507520: receive setConfiguration SetConfigurationRequest:client-9E894F3AA110->s7@group-4CF2EC507520, cid=2065, seq=null, RW, null, SET_UNCONDITIONALLY, servers:[s11, s10, s7, s13, s8, s12, s9, s0, s1], listeners:[]
2024-12-25 19:05:27,913 INFO  server.RaftServer$Division (RaftServerImpl.java:setConfigurationAsync(1348)) - s8@group-4CF2EC507520: receive setConfiguration SetConfigurationRequest:client-9E894F3AA110->s8@group-4CF2EC507520, cid=2065, seq=null, RW, null, SET_UNCONDITIONALLY, servers:[s11, s10, s7, s13, s8, s12, s9, s0, s1], listeners:[]
2024-12-25 19:05:28,013 INFO  server.RaftServer$Division (RaftServerImpl.java:setConfigurationAsync(1348)) - s7@group-4CF2EC507520: receive setConfiguration SetConfigurationRequest:client-9E894F3AA110->s7@group-4CF2EC507520, cid=2065, seq=null, RW, null, SET_UNCONDITIONALLY, servers:[s11, s10, s7, s13, s8, s12, s9, s0, s1], listeners:[]
2024-12-25 19:05:28,113 INFO  server.RaftServer$Division (RaftServerImpl.java:setConfigurationAsync(1348)) - s0@group-4CF2EC507520: receive setConfiguration SetConfigurationRequest:client-9E894F3AA110->s0@group-4CF2EC507520, cid=2065, seq=null, RW, null, SET_UNCONDITIONALLY, servers:[s11, s10, s7, s13, s8, s12, s9, s0, s1], listeners:[]
2024-12-25 19:05:28,213 INFO  server.RaftServer$Division (RaftServerImpl.java:setConfigurationAsync(1348)) - s8@group-4CF2EC507520: receive setConfiguration SetConfigurationRequest:client-9E894F3AA110->s8@group-4CF2EC507520, cid=2065, seq=null, RW, null, SET_UNCONDITIONALLY, servers:[s11, s10, s7, s13, s8, s12, s9, s0, s1], listeners:[]
2024-12-25 19:05:28,314 INFO  server.RaftServer$Division (RaftServerImpl.java:setConfigurationAsync(1348)) - s7@group-4CF2EC507520: receive setConfiguration SetConfigurationRequest:client-9E894F3AA110->s7@group-4CF2EC507520, cid=2065, seq=null, RW, null, SET_UNCONDITIONALLY, servers:[s11, s10, s7, s13, s8, s12, s9, s0, s1], listeners:[]
2024-12-25 19:05:28,414 INFO  server.RaftServer$Division (RaftServerImpl.java:setConfigurationAsync(1348)) - s8@group-4CF2EC507520: receive setConfiguration SetConfigurationRequest:client-9E894F3AA110->s8@group-4CF2EC507520, cid=2065, seq=null, RW, null, SET_UNCONDITIONALLY, servers:[s11, s10, s7, s13, s8, s12, s9, s0, s1], listeners:[]
2024-12-25 19:05:28,514 INFO  server.RaftServer$Division (RaftServerImpl.java:setConfigurationAsync(1348)) - s7@group-4CF2EC507520: receive setConfiguration SetConfigurationRequest:client-9E894F3AA110->s7@group-4CF2EC507520, cid=2065, seq=null, RW, null, SET_UNCONDITIONALLY, servers:[s11, s10, s7, s13, s8, s12, s9, s0, s1], listeners:[]
2024-12-25 19:05:28,615 INFO  server.RaftServer$Division (RaftServerImpl.java:setConfigurationAsync(1348)) - s0@group-4CF2EC507520: receive setConfiguration SetConfigurationRequest:client-9E894F3AA110->s0@group-4CF2EC507520, cid=2065, seq=null, RW, null, SET_UNCONDITIONALLY, servers:[s11, s10, s7, s13, s8, s12, s9, s0, s1], listeners:[]
2024-12-25 19:05:28,715 INFO  server.RaftServer$Division (RaftServerImpl.java:setConfigurationAsync(1348)) - s9@group-4CF2EC507520: receive setConfiguration SetConfigurationRequest:client-9E894F3AA110->s9@group-4CF2EC507520, cid=2065, seq=null, RW, null, SET_UNCONDITIONALLY, servers:[s11, s10, s7, s13, s8, s12, s9, s0, s1], listeners:[]
2024-12-25 19:05:28,815 INFO  server.RaftServer$Division (RaftServerImpl.java:setConfigurationAsync(1348)) - s7@group-4CF2EC507520: receive setConfiguration SetConfigurationRequest:client-9E894F3AA110->s7@group-4CF2EC507520, cid=2065, seq=null, RW, null, SET_UNCONDITIONALLY, servers:[s11, s10, s7, s13, s8, s12, s9, s0, s1], listeners:[]
2024-12-25 19:05:28,915 INFO  server.RaftServer$Division (RaftServerImpl.java:setConfigurationAsync(1348)) - s9@group-4CF2EC507520: receive setConfiguration SetConfigurationRequest:client-9E894F3AA110->s9@group-4CF2EC507520, cid=2065, seq=null, RW, null, SET_UNCONDITIONALLY, servers:[s11, s10, s7, s13, s8, s12, s9, s0, s1], listeners:[]
2024-12-25 19:05:29,016 INFO  server.RaftServer$Division (RaftServerImpl.java:setConfigurationAsync(1348)) - s7@group-4CF2EC507520: receive setConfiguration SetConfigurationRequest:client-9E894F3AA110->s7@group-4CF2EC507520, cid=2065, seq=null, RW, null, SET_UNCONDITIONALLY, servers:[s11, s10, s7, s13, s8, s12, s9, s0, s1], listeners:[]
2024-12-25 19:05:29,116 INFO  server.RaftServer$Division (RaftServerImpl.java:setConfigurationAsync(1348)) - s9@group-4CF2EC507520: receive setConfiguration SetConfigurationRequest:client-9E894F3AA110->s9@group-4CF2EC507520, cid=2065, seq=null, RW, null, SET_UNCONDITIONALLY, servers:[s11, s10, s7, s13, s8, s12, s9, s0, s1], listeners:[]
2024-12-25 19:05:29,216 INFO  server.RaftServer$Division (RaftServerImpl.java:setConfigurationAsync(1348)) - s7@group-4CF2EC507520: receive setConfiguration SetConfigurationRequest:client-9E894F3AA110->s7@group-4CF2EC507520, cid=2065, seq=null, RW, null, SET_UNCONDITIONALLY, servers:[s11, s10, s7, s13, s8, s12, s9, s0, s1], listeners:[]
2024-12-25 19:05:29,317 INFO  server.RaftServer$Division (RaftServerImpl.java:setConfigurationAsync(1348)) - s8@group-4CF2EC507520: receive setConfiguration SetConfigurationRequest:client-9E894F3AA110->s8@group-4CF2EC507520, cid=2065, seq=null, RW, null, SET_UNCONDITIONALLY, servers:[s11, s10, s7, s13, s8, s12, s9, s0, s1], listeners:[]
2024-12-25 19:05:29,417 INFO  server.RaftServer$Division (RaftServerImpl.java:setConfigurationAsync(1348)) - s7@group-4CF2EC507520: receive setConfiguration SetConfigurationRequest:client-9E894F3AA110->s7@group-4CF2EC507520, cid=2065, seq=null, RW, null, SET_UNCONDITIONALLY, servers:[s11, s10, s7, s13, s8, s12, s9, s0, s1], listeners:[]
2024-12-25 19:05:29,517 INFO  server.RaftServer$Division (RaftServerImpl.java:setConfigurationAsync(1348)) - s1@group-4CF2EC507520: receive setConfiguration SetConfigurationRequest:client-9E894F3AA110->s1@group-4CF2EC507520, cid=2065, seq=null, RW, null, SET_UNCONDITIONALLY, servers:[s11, s10, s7, s13, s8, s12, s9, s0, s1], listeners:[]
2024-12-25 19:05:29,617 INFO  server.RaftServer$Division (RaftServerImpl.java:setConfigurationAsync(1348)) - s9@group-4CF2EC507520: receive setConfiguration SetConfigurationRequest:client-9E894F3AA110->s9@group-4CF2EC507520, cid=2065, seq=null, RW, null, SET_UNCONDITIONALLY, servers:[s11, s10, s7, s13, s8, s12, s9, s0, s1], listeners:[]
2024-12-25 19:05:29,718 INFO  server.RaftServer$Division (RaftServerImpl.java:setConfigurationAsync(1348)) - s7@group-4CF2EC507520: receive setConfiguration SetConfigurationRequest:client-9E894F3AA110->s7@group-4CF2EC507520, cid=2065, seq=null, RW, null, SET_UNCONDITIONALLY, servers:[s11, s10, s7, s13, s8, s12, s9, s0, s1], listeners:[]
2024-12-25 19:05:29,818 INFO  server.RaftServer$Division (RaftServerImpl.java:setConfigurationAsync(1348)) - s1@group-4CF2EC507520: receive setConfiguration SetConfigurationRequest:client-9E894F3AA110->s1@group-4CF2EC507520, cid=2065, seq=null, RW, null, SET_UNCONDITIONALLY, servers:[s11, s10, s7, s13, s8, s12, s9, s0, s1], listeners:[]
2024-12-25 19:05:29,918 INFO  server.RaftServer$Division (RaftServerImpl.java:setConfigurationAsync(1348)) - s0@group-4CF2EC507520: receive setConfiguration SetConfigurationRequest:client-9E894F3AA110->s0@group-4CF2EC507520, cid=2065, seq=null, RW, null, SET_UNCONDITIONALLY, servers:[s11, s10, s7, s13, s8, s12, s9, s0, s1], listeners:[]
2024-12-25 19:05:30,019 INFO  server.RaftServer$Division (RaftServerImpl.java:setConfigurationAsync(1348)) - s1@group-4CF2EC507520: receive setConfiguration SetConfigurationRequest:client-9E894F3AA110->s1@group-4CF2EC507520, cid=2065, seq=null, RW, null, SET_UNCONDITIONALLY, servers:[s11, s10, s7, s13, s8, s12, s9, s0, s1], listeners:[]
2024-12-25 19:05:30,119 INFO  server.RaftServer$Division (RaftServerImpl.java:setConfigurationAsync(1348)) - s9@group-4CF2EC507520: receive setConfiguration SetConfigurationRequest:client-9E894F3AA110->s9@group-4CF2EC507520, cid=2065, seq=null, RW, null, SET_UNCONDITIONALLY, servers:[s11, s10, s7, s13, s8, s12, s9, s0, s1], listeners:[]
2024-12-25 19:05:30,219 INFO  server.RaftServer$Division (RaftServerImpl.java:setConfigurationAsync(1348)) - s7@group-4CF2EC507520: receive setConfiguration SetConfigurationRequest:client-9E894F3AA110->s7@group-4CF2EC507520, cid=2065, seq=null, RW, null, SET_UNCONDITIONALLY, servers:[s11, s10, s7, s13, s8, s12, s9, s0, s1], listeners:[]
2024-12-25 19:05:30,320 INFO  server.RaftServer$Division (RaftServerImpl.java:setConfigurationAsync(1348)) - s1@group-4CF2EC507520: receive setConfiguration SetConfigurationRequest:client-9E894F3AA110->s1@group-4CF2EC507520, cid=2065, seq=null, RW, null, SET_UNCONDITIONALLY, servers:[s11, s10, s7, s13, s8, s12, s9, s0, s1], listeners:[]
2024-12-25 19:05:30,420 INFO  server.RaftServer$Division (RaftServerImpl.java:setConfigurationAsync(1348)) - s0@group-4CF2EC507520: receive setConfiguration SetConfigurationRequest:client-9E894F3AA110->s0@group-4CF2EC507520, cid=2065, seq=null, RW, null, SET_UNCONDITIONALLY, servers:[s11, s10, s7, s13, s8, s12, s9, s0, s1], listeners:[]
2024-12-25 19:05:30,520 INFO  server.RaftServer$Division (RaftServerImpl.java:setConfigurationAsync(1348)) - s1@group-4CF2EC507520: receive setConfiguration SetConfigurationRequest:client-9E894F3AA110->s1@group-4CF2EC507520, cid=2065, seq=null, RW, null, SET_UNCONDITIONALLY, servers:[s11, s10, s7, s13, s8, s12, s9, s0, s1], listeners:[]
2024-12-25 19:05:30,621 INFO  server.RaftServer$Division (RaftServerImpl.java:setConfigurationAsync(1348)) - s0@group-4CF2EC507520: receive setConfiguration SetConfigurationRequest:client-9E894F3AA110->s0@group-4CF2EC507520, cid=2065, seq=null, RW, null, SET_UNCONDITIONALLY, servers:[s11, s10, s7, s13, s8, s12, s9, s0, s1], listeners:[]
2024-12-25 19:05:30,721 INFO  server.RaftServer$Division (RaftServerImpl.java:setConfigurationAsync(1348)) - s8@group-4CF2EC507520: receive setConfiguration SetConfigurationRequest:client-9E894F3AA110->s8@group-4CF2EC507520, cid=2065, seq=null, RW, null, SET_UNCONDITIONALLY, servers:[s11, s10, s7, s13, s8, s12, s9, s0, s1], listeners:[]
2024-12-25 19:05:30,821 INFO  server.RaftServer$Division (RaftServerImpl.java:setConfigurationAsync(1348)) - s7@group-4CF2EC507520: receive setConfiguration SetConfigurationRequest:client-9E894F3AA110->s7@group-4CF2EC507520, cid=2065, seq=null, RW, null, SET_UNCONDITIONALLY, servers:[s11, s10, s7, s13, s8, s12, s9, s0, s1], listeners:[]
2024-12-25 19:05:30,922 INFO  server.RaftServer$Division (RaftServerImpl.java:setConfigurationAsync(1348)) - s9@group-4CF2EC507520: receive setConfiguration SetConfigurationRequest:client-9E894F3AA110->s9@group-4CF2EC507520, cid=2065, seq=null, RW, null, SET_UNCONDITIONALLY, servers:[s11, s10, s7, s13, s8, s12, s9, s0, s1], listeners:[]
2024-12-25 19:05:31,022 INFO  server.RaftServer$Division (RaftServerImpl.java:setConfigurationAsync(1348)) - s7@group-4CF2EC507520: receive setConfiguration SetConfigurationRequest:client-9E894F3AA110->s7@group-4CF2EC507520, cid=2065, seq=null, RW, null, SET_UNCONDITIONALLY, servers:[s11, s10, s7, s13, s8, s12, s9, s0, s1], listeners:[]
2024-12-25 19:05:31,122 INFO  server.RaftServer$Division (RaftServerImpl.java:setConfigurationAsync(1348)) - s9@group-4CF2EC507520: receive setConfiguration SetConfigurationRequest:client-9E894F3AA110->s9@group-4CF2EC507520, cid=2065, seq=null, RW, null, SET_UNCONDITIONALLY, servers:[s11, s10, s7, s13, s8, s12, s9, s0, s1], listeners:[]
2024-12-25 19:05:31,222 INFO  server.RaftServer$Division (RaftServerImpl.java:setConfigurationAsync(1348)) - s7@group-4CF2EC507520: receive setConfiguration SetConfigurationRequest:client-9E894F3AA110->s7@group-4CF2EC507520, cid=2065, seq=null, RW, null, SET_UNCONDITIONALLY, servers:[s11, s10, s7, s13, s8, s12, s9, s0, s1], listeners:[]
2024-12-25 19:05:31,323 INFO  server.RaftServer$Division (RaftServerImpl.java:setConfigurationAsync(1348)) - s0@group-4CF2EC507520: receive setConfiguration SetConfigurationRequest:client-9E894F3AA110->s0@group-4CF2EC507520, cid=2065, seq=null, RW, null, SET_UNCONDITIONALLY, servers:[s11, s10, s7, s13, s8, s12, s9, s0, s1], listeners:[]
2024-12-25 19:05:31,423 INFO  server.RaftServer$Division (RaftServerImpl.java:setConfigurationAsync(1348)) - s1@group-4CF2EC507520: receive setConfiguration SetConfigurationRequest:client-9E894F3AA110->s1@group-4CF2EC507520, cid=2065, seq=null, RW, null, SET_UNCONDITIONALLY, servers:[s11, s10, s7, s13, s8, s12, s9, s0, s1], listeners:[]
2024-12-25 19:05:31,523 INFO  server.RaftServer$Division (RaftServerImpl.java:setConfigurationAsync(1348)) - s9@group-4CF2EC507520: receive setConfiguration SetConfigurationRequest:client-9E894F3AA110->s9@group-4CF2EC507520, cid=2065, seq=null, RW, null, SET_UNCONDITIONALLY, servers:[s11, s10, s7, s13, s8, s12, s9, s0, s1], listeners:[]
2024-12-25 19:05:31,624 INFO  server.RaftServer$Division (RaftServerImpl.java:setConfigurationAsync(1348)) - s7@group-4CF2EC507520: receive setConfiguration SetConfigurationRequest:client-9E894F3AA110->s7@group-4CF2EC507520, cid=2065, seq=null, RW, null, SET_UNCONDITIONALLY, servers:[s11, s10, s7, s13, s8, s12, s9, s0, s1], listeners:[]
2024-12-25 19:05:31,724 INFO  server.RaftServer$Division (RaftServerImpl.java:setConfigurationAsync(1348)) - s1@group-4CF2EC507520: receive setConfiguration SetConfigurationRequest:client-9E894F3AA110->s1@group-4CF2EC507520, cid=2065, seq=null, RW, null, SET_UNCONDITIONALLY, servers:[s11, s10, s7, s13, s8, s12, s9, s0, s1], listeners:[]
2024-12-25 19:05:31,824 INFO  server.RaftServer$Division (RaftServerImpl.java:setConfigurationAsync(1348)) - s8@group-4CF2EC507520: receive setConfiguration SetConfigurationRequest:client-9E894F3AA110->s8@group-4CF2EC507520, cid=2065, seq=null, RW, null, SET_UNCONDITIONALLY, servers:[s11, s10, s7, s13, s8, s12, s9, s0, s1], listeners:[]
2024-12-25 19:05:31,924 INFO  server.RaftServer$Division (RaftServerImpl.java:setConfigurationAsync(1348)) - s7@group-4CF2EC507520: receive setConfiguration SetConfigurationRequest:client-9E894F3AA110->s7@group-4CF2EC507520, cid=2065, seq=null, RW, null, SET_UNCONDITIONALLY, servers:[s11, s10, s7, s13, s8, s12, s9, s0, s1], listeners:[]
2024-12-25 19:05:32,025 INFO  server.RaftServer$Division (RaftServerImpl.java:setConfigurationAsync(1348)) - s9@group-4CF2EC507520: receive setConfiguration SetConfigurationRequest:client-9E894F3AA110->s9@group-4CF2EC507520, cid=2065, seq=null, RW, null, SET_UNCONDITIONALLY, servers:[s11, s10, s7, s13, s8, s12, s9, s0, s1], listeners:[]
2024-12-25 19:05:32,125 INFO  server.RaftServer$Division (RaftServerImpl.java:setConfigurationAsync(1348)) - s7@group-4CF2EC507520: receive setConfiguration SetConfigurationRequest:client-9E894F3AA110->s7@group-4CF2EC507520, cid=2065, seq=null, RW, null, SET_UNCONDITIONALLY, servers:[s11, s10, s7, s13, s8, s12, s9, s0, s1], listeners:[]
2024-12-25 19:05:32,225 INFO  server.RaftServer$Division (RaftServerImpl.java:setConfigurationAsync(1348)) - s8@group-4CF2EC507520: receive setConfiguration SetConfigurationRequest:client-9E894F3AA110->s8@group-4CF2EC507520, cid=2065, seq=null, RW, null, SET_UNCONDITIONALLY, servers:[s11, s10, s7, s13, s8, s12, s9, s0, s1], listeners:[]
2024-12-25 19:05:32,326 INFO  server.RaftServer$Division (RaftServerImpl.java:setConfigurationAsync(1348)) - s7@group-4CF2EC507520: receive setConfiguration SetConfigurationRequest:client-9E894F3AA110->s7@group-4CF2EC507520, cid=2065, seq=null, RW, null, SET_UNCONDITIONALLY, servers:[s11, s10, s7, s13, s8, s12, s9, s0, s1], listeners:[]
2024-12-25 19:05:32,426 INFO  server.RaftServer$Division (RaftServerImpl.java:setConfigurationAsync(1348)) - s9@group-4CF2EC507520: receive setConfiguration SetConfigurationRequest:client-9E894F3AA110->s9@group-4CF2EC507520, cid=2065, seq=null, RW, null, SET_UNCONDITIONALLY, servers:[s11, s10, s7, s13, s8, s12, s9, s0, s1], listeners:[]
2024-12-25 19:05:32,526 INFO  server.RaftServer$Division (RaftServerImpl.java:setConfigurationAsync(1348)) - s7@group-4CF2EC507520: receive setConfiguration SetConfigurationRequest:client-9E894F3AA110->s7@group-4CF2EC507520, cid=2065, seq=null, RW, null, SET_UNCONDITIONALLY, servers:[s11, s10, s7, s13, s8, s12, s9, s0, s1], listeners:[]
2024-12-25 19:05:32,627 INFO  server.RaftServer$Division (RaftServerImpl.java:setConfigurationAsync(1348)) - s1@group-4CF2EC507520: receive setConfiguration SetConfigurationRequest:client-9E894F3AA110->s1@group-4CF2EC507520, cid=2065, seq=null, RW, null, SET_UNCONDITIONALLY, servers:[s11, s10, s7, s13, s8, s12, s9, s0, s1], listeners:[]
2024-12-25 19:05:32,727 INFO  server.RaftServer$Division (RaftServerImpl.java:setConfigurationAsync(1348)) - s8@group-4CF2EC507520: receive setConfiguration SetConfigurationRequest:client-9E894F3AA110->s8@group-4CF2EC507520, cid=2065, seq=null, RW, null, SET_UNCONDITIONALLY, servers:[s11, s10, s7, s13, s8, s12, s9, s0, s1], listeners:[]
2024-12-25 19:05:32,827 INFO  server.RaftServer$Division (RaftServerImpl.java:setConfigurationAsync(1348)) - s7@group-4CF2EC507520: receive setConfiguration SetConfigurationRequest:client-9E894F3AA110->s7@group-4CF2EC507520, cid=2065, seq=null, RW, null, SET_UNCONDITIONALLY, servers:[s11, s10, s7, s13, s8, s12, s9, s0, s1], listeners:[]
2024-12-25 19:05:32,927 INFO  server.RaftServer$Division (RaftServerImpl.java:setConfigurationAsync(1348)) - s1@group-4CF2EC507520: receive setConfiguration SetConfigurationRequest:client-9E894F3AA110->s1@group-4CF2EC507520, cid=2065, seq=null, RW, null, SET_UNCONDITIONALLY, servers:[s11, s10, s7, s13, s8, s12, s9, s0, s1], listeners:[]
2024-12-25 19:05:33,028 INFO  server.RaftServer$Division (RaftServerImpl.java:setConfigurationAsync(1348)) - s7@group-4CF2EC507520: receive setConfiguration SetConfigurationRequest:client-9E894F3AA110->s7@group-4CF2EC507520, cid=2065, seq=null, RW, null, SET_UNCONDITIONALLY, servers:[s11, s10, s7, s13, s8, s12, s9, s0, s1], listeners:[]
2024-12-25 19:05:33,128 INFO  server.RaftServer$Division (RaftServerImpl.java:setConfigurationAsync(1348)) - s9@group-4CF2EC507520: receive setConfiguration SetConfigurationRequest:client-9E894F3AA110->s9@group-4CF2EC507520, cid=2065, seq=null, RW, null, SET_UNCONDITIONALLY, servers:[s11, s10, s7, s13, s8, s12, s9, s0, s1], listeners:[]
2024-12-25 19:05:33,228 INFO  server.RaftServer$Division (RaftServerImpl.java:setConfigurationAsync(1348)) - s7@group-4CF2EC507520: receive setConfiguration SetConfigurationRequest:client-9E894F3AA110->s7@group-4CF2EC507520, cid=2065, seq=null, RW, null, SET_UNCONDITIONALLY, servers:[s11, s10, s7, s13, s8, s12, s9, s0, s1], listeners:[]
2024-12-25 19:05:33,328 INFO  server.RaftServer$Division (RaftServerImpl.java:setConfigurationAsync(1348)) - s8@group-4CF2EC507520: receive setConfiguration SetConfigurationRequest:client-9E894F3AA110->s8@group-4CF2EC507520, cid=2065, seq=null, RW, null, SET_UNCONDITIONALLY, servers:[s11, s10, s7, s13, s8, s12, s9, s0, s1], listeners:[]
2024-12-25 19:05:33,429 INFO  server.RaftServer$Division (RaftServerImpl.java:setConfigurationAsync(1348)) - s7@group-4CF2EC507520: receive setConfiguration SetConfigurationRequest:client-9E894F3AA110->s7@group-4CF2EC507520, cid=2065, seq=null, RW, null, SET_UNCONDITIONALLY, servers:[s11, s10, s7, s13, s8, s12, s9, s0, s1], listeners:[]
2024-12-25 19:05:33,529 INFO  server.RaftServer$Division (RaftServerImpl.java:setConfigurationAsync(1348)) - s8@group-4CF2EC507520: receive setConfiguration SetConfigurationRequest:client-9E894F3AA110->s8@group-4CF2EC507520, cid=2065, seq=null, RW, null, SET_UNCONDITIONALLY, servers:[s11, s10, s7, s13, s8, s12, s9, s0, s1], listeners:[]
2024-12-25 19:05:33,629 INFO  server.RaftServer$Division (RaftServerImpl.java:setConfigurationAsync(1348)) - s7@group-4CF2EC507520: receive setConfiguration SetConfigurationRequest:client-9E894F3AA110->s7@group-4CF2EC507520, cid=2065, seq=null, RW, null, SET_UNCONDITIONALLY, servers:[s11, s10, s7, s13, s8, s12, s9, s0, s1], listeners:[]
2024-12-25 19:05:33,729 INFO  server.RaftServer$Division (RaftServerImpl.java:setConfigurationAsync(1348)) - s9@group-4CF2EC507520: receive setConfiguration SetConfigurationRequest:client-9E894F3AA110->s9@group-4CF2EC507520, cid=2065, seq=null, RW, null, SET_UNCONDITIONALLY, servers:[s11, s10, s7, s13, s8, s12, s9, s0, s1], listeners:[]
2024-12-25 19:05:33,830 INFO  server.RaftServer$Division (RaftServerImpl.java:setConfigurationAsync(1348)) - s7@group-4CF2EC507520: receive setConfiguration SetConfigurationRequest:client-9E894F3AA110->s7@group-4CF2EC507520, cid=2065, seq=null, RW, null, SET_UNCONDITIONALLY, servers:[s11, s10, s7, s13, s8, s12, s9, s0, s1], listeners:[]
2024-12-25 19:05:33,930 INFO  server.RaftServer$Division (RaftServerImpl.java:setConfigurationAsync(1348)) - s8@group-4CF2EC507520: receive setConfiguration SetConfigurationRequest:client-9E894F3AA110->s8@group-4CF2EC507520, cid=2065, seq=null, RW, null, SET_UNCONDITIONALLY, servers:[s11, s10, s7, s13, s8, s12, s9, s0, s1], listeners:[]
2024-12-25 19:05:34,030 INFO  server.RaftServer$Division (RaftServerImpl.java:setConfigurationAsync(1348)) - s7@group-4CF2EC507520: receive setConfiguration SetConfigurationRequest:client-9E894F3AA110->s7@group-4CF2EC507520, cid=2065, seq=null, RW, null, SET_UNCONDITIONALLY, servers:[s11, s10, s7, s13, s8, s12, s9, s0, s1], listeners:[]
2024-12-25 19:05:34,130 INFO  server.RaftServer$Division (RaftServerImpl.java:setConfigurationAsync(1348)) - s8@group-4CF2EC507520: receive setConfiguration SetConfigurationRequest:client-9E894F3AA110->s8@group-4CF2EC507520, cid=2065, seq=null, RW, null, SET_UNCONDITIONALLY, servers:[s11, s10, s7, s13, s8, s12, s9, s0, s1], listeners:[]
2024-12-25 19:05:34,231 INFO  server.RaftServer$Division (RaftServerImpl.java:setConfigurationAsync(1348)) - s7@group-4CF2EC507520: receive setConfiguration SetConfigurationRequest:client-9E894F3AA110->s7@group-4CF2EC507520, cid=2065, seq=null, RW, null, SET_UNCONDITIONALLY, servers:[s11, s10, s7, s13, s8, s12, s9, s0, s1], listeners:[]
2024-12-25 19:05:34,331 INFO  server.RaftServer$Division (RaftServerImpl.java:setConfigurationAsync(1348)) - s8@group-4CF2EC507520: receive setConfiguration SetConfigurationRequest:client-9E894F3AA110->s8@group-4CF2EC507520, cid=2065, seq=null, RW, null, SET_UNCONDITIONALLY, servers:[s11, s10, s7, s13, s8, s12, s9, s0, s1], listeners:[]
2024-12-25 19:05:34,431 INFO  server.RaftServer$Division (RaftServerImpl.java:setConfigurationAsync(1348)) - s7@group-4CF2EC507520: receive setConfiguration SetConfigurationRequest:client-9E894F3AA110->s7@group-4CF2EC507520, cid=2065, seq=null, RW, null, SET_UNCONDITIONALLY, servers:[s11, s10, s7, s13, s8, s12, s9, s0, s1], listeners:[]
2024-12-25 19:05:34,532 INFO  server.RaftServer$Division (RaftServerImpl.java:setConfigurationAsync(1348)) - s8@group-4CF2EC507520: receive setConfiguration SetConfigurationRequest:client-9E894F3AA110->s8@group-4CF2EC507520, cid=2065, seq=null, RW, null, SET_UNCONDITIONALLY, servers:[s11, s10, s7, s13, s8, s12, s9, s0, s1], listeners:[]
2024-12-25 19:05:34,632 INFO  server.RaftServer$Division (RaftServerImpl.java:setConfigurationAsync(1348)) - s7@group-4CF2EC507520: receive setConfiguration SetConfigurationRequest:client-9E894F3AA110->s7@group-4CF2EC507520, cid=2065, seq=null, RW, null, SET_UNCONDITIONALLY, servers:[s11, s10, s7, s13, s8, s12, s9, s0, s1], listeners:[]
2024-12-25 19:05:34,732 INFO  server.RaftServer$Division (RaftServerImpl.java:setConfigurationAsync(1348)) - s9@group-4CF2EC507520: receive setConfiguration SetConfigurationRequest:client-9E894F3AA110->s9@group-4CF2EC507520, cid=2065, seq=null, RW, null, SET_UNCONDITIONALLY, servers:[s11, s10, s7, s13, s8, s12, s9, s0, s1], listeners:[]
2024-12-25 19:05:34,832 INFO  server.RaftServer$Division (RaftServerImpl.java:setConfigurationAsync(1348)) - s7@group-4CF2EC507520: receive setConfiguration SetConfigurationRequest:client-9E894F3AA110->s7@group-4CF2EC507520, cid=2065, seq=null, RW, null, SET_UNCONDITIONALLY, servers:[s11, s10, s7, s13, s8, s12, s9, s0, s1], listeners:[]
2024-12-25 19:05:34,933 INFO  server.RaftServer$Division (RaftServerImpl.java:setConfigurationAsync(1348)) - s9@group-4CF2EC507520: receive setConfiguration SetConfigurationRequest:client-9E894F3AA110->s9@group-4CF2EC507520, cid=2065, seq=null, RW, null, SET_UNCONDITIONALLY, servers:[s11, s10, s7, s13, s8, s12, s9, s0, s1], listeners:[]
2024-12-25 19:05:35,033 INFO  server.RaftServer$Division (RaftServerImpl.java:setConfigurationAsync(1348)) - s7@group-4CF2EC507520: receive setConfiguration SetConfigurationRequest:client-9E894F3AA110->s7@group-4CF2EC507520, cid=2065, seq=null, RW, null, SET_UNCONDITIONALLY, servers:[s11, s10, s7, s13, s8, s12, s9, s0, s1], listeners:[]
2024-12-25 19:05:35,133 INFO  server.RaftServer$Division (RaftServerImpl.java:setConfigurationAsync(1348)) - s8@group-4CF2EC507520: receive setConfiguration SetConfigurationRequest:client-9E894F3AA110->s8@group-4CF2EC507520, cid=2065, seq=null, RW, null, SET_UNCONDITIONALLY, servers:[s11, s10, s7, s13, s8, s12, s9, s0, s1], listeners:[]
2024-12-25 19:05:35,234 INFO  server.RaftServer$Division (RaftServerImpl.java:setConfigurationAsync(1348)) - s7@group-4CF2EC507520: receive setConfiguration SetConfigurationRequest:client-9E894F3AA110->s7@group-4CF2EC507520, cid=2065, seq=null, RW, null, SET_UNCONDITIONALLY, servers:[s11, s10, s7, s13, s8, s12, s9, s0, s1], listeners:[]
2024-12-25 19:05:35,334 INFO  server.RaftServer$Division (RaftServerImpl.java:setConfigurationAsync(1348)) - s0@group-4CF2EC507520: receive setConfiguration SetConfigurationRequest:client-9E894F3AA110->s0@group-4CF2EC507520, cid=2065, seq=null, RW, null, SET_UNCONDITIONALLY, servers:[s11, s10, s7, s13, s8, s12, s9, s0, s1], listeners:[]
2024-12-25 19:05:35,434 INFO  server.RaftServer$Division (RaftServerImpl.java:setConfigurationAsync(1348)) - s1@group-4CF2EC507520: receive setConfiguration SetConfigurationRequest:client-9E894F3AA110->s1@group-4CF2EC507520, cid=2065, seq=null, RW, null, SET_UNCONDITIONALLY, servers:[s11, s10, s7, s13, s8, s12, s9, s0, s1], listeners:[]
2024-12-25 19:05:35,534 INFO  server.RaftServer$Division (RaftServerImpl.java:setConfigurationAsync(1348)) - s8@group-4CF2EC507520: receive setConfiguration SetConfigurationRequest:client-9E894F3AA110->s8@group-4CF2EC507520, cid=2065, seq=null, RW, null, SET_UNCONDITIONALLY, servers:[s11, s10, s7, s13, s8, s12, s9, s0, s1], listeners:[]
2024-12-25 19:05:35,635 INFO  server.RaftServer$Division (RaftServerImpl.java:setConfigurationAsync(1348)) - s7@group-4CF2EC507520: receive setConfiguration SetConfigurationRequest:client-9E894F3AA110->s7@group-4CF2EC507520, cid=2065, seq=null, RW, null, SET_UNCONDITIONALLY, servers:[s11, s10, s7, s13, s8, s12, s9, s0, s1], listeners:[]
2024-12-25 19:05:35,735 INFO  server.RaftServer$Division (RaftServerImpl.java:setConfigurationAsync(1348)) - s0@group-4CF2EC507520: receive setConfiguration SetConfigurationRequest:client-9E894F3AA110->s0@group-4CF2EC507520, cid=2065, seq=null, RW, null, SET_UNCONDITIONALLY, servers:[s11, s10, s7, s13, s8, s12, s9, s0, s1], listeners:[]
2024-12-25 19:05:35,835 INFO  server.RaftServer$Division (RaftServerImpl.java:setConfigurationAsync(1348)) - s7@group-4CF2EC507520: receive setConfiguration SetConfigurationRequest:client-9E894F3AA110->s7@group-4CF2EC507520, cid=2065, seq=null, RW, null, SET_UNCONDITIONALLY, servers:[s11, s10, s7, s13, s8, s12, s9, s0, s1], listeners:[]
2024-12-25 19:05:35,936 INFO  server.RaftServer$Division (RaftServerImpl.java:setConfigurationAsync(1348)) - s0@group-4CF2EC507520: receive setConfiguration SetConfigurationRequest:client-9E894F3AA110->s0@group-4CF2EC507520, cid=2065, seq=null, RW, null, SET_UNCONDITIONALLY, servers:[s11, s10, s7, s13, s8, s12, s9, s0, s1], listeners:[]
2024-12-25 19:05:36,036 INFO  server.RaftServer$Division (RaftServerImpl.java:setConfigurationAsync(1348)) - s9@group-4CF2EC507520: receive setConfiguration SetConfigurationRequest:client-9E894F3AA110->s9@group-4CF2EC507520, cid=2065, seq=null, RW, null, SET_UNCONDITIONALLY, servers:[s11, s10, s7, s13, s8, s12, s9, s0, s1], listeners:[]
2024-12-25 19:05:36,136 INFO  server.RaftServer$Division (RaftServerImpl.java:setConfigurationAsync(1348)) - s7@group-4CF2EC507520: receive setConfiguration SetConfigurationRequest:client-9E894F3AA110->s7@group-4CF2EC507520, cid=2065, seq=null, RW, null, SET_UNCONDITIONALLY, servers:[s11, s10, s7, s13, s8, s12, s9, s0, s1], listeners:[]
2024-12-25 19:05:36,237 INFO  server.RaftServer$Division (RaftServerImpl.java:setConfigurationAsync(1348)) - s1@group-4CF2EC507520: receive setConfiguration SetConfigurationRequest:client-9E894F3AA110->s1@group-4CF2EC507520, cid=2065, seq=null, RW, null, SET_UNCONDITIONALLY, servers:[s11, s10, s7, s13, s8, s12, s9, s0, s1], listeners:[]
2024-12-25 19:05:36,337 INFO  server.RaftServer$Division (RaftServerImpl.java:setConfigurationAsync(1348)) - s7@group-4CF2EC507520: receive setConfiguration SetConfigurationRequest:client-9E894F3AA110->s7@group-4CF2EC507520, cid=2065, seq=null, RW, null, SET_UNCONDITIONALLY, servers:[s11, s10, s7, s13, s8, s12, s9, s0, s1], listeners:[]
2024-12-25 19:05:36,437 INFO  server.RaftServer$Division (RaftServerImpl.java:setConfigurationAsync(1348)) - s9@group-4CF2EC507520: receive setConfiguration SetConfigurationRequest:client-9E894F3AA110->s9@group-4CF2EC507520, cid=2065, seq=null, RW, null, SET_UNCONDITIONALLY, servers:[s11, s10, s7, s13, s8, s12, s9, s0, s1], listeners:[]
2024-12-25 19:05:36,538 INFO  server.RaftServer$Division (RaftServerImpl.java:setConfigurationAsync(1348)) - s7@group-4CF2EC507520: receive setConfiguration SetConfigurationRequest:client-9E894F3AA110->s7@group-4CF2EC507520, cid=2065, seq=null, RW, null, SET_UNCONDITIONALLY, servers:[s11, s10, s7, s13, s8, s12, s9, s0, s1], listeners:[]
2024-12-25 19:05:36,638 INFO  server.RaftServer$Division (RaftServerImpl.java:setConfigurationAsync(1348)) - s9@group-4CF2EC507520: receive setConfiguration SetConfigurationRequest:client-9E894F3AA110->s9@group-4CF2EC507520, cid=2065, seq=null, RW, null, SET_UNCONDITIONALLY, servers:[s11, s10, s7, s13, s8, s12, s9, s0, s1], listeners:[]
2024-12-25 19:05:36,738 INFO  server.RaftServer$Division (RaftServerImpl.java:setConfigurationAsync(1348)) - s7@group-4CF2EC507520: receive setConfiguration SetConfigurationRequest:client-9E894F3AA110->s7@group-4CF2EC507520, cid=2065, seq=null, RW, null, SET_UNCONDITIONALLY, servers:[s11, s10, s7, s13, s8, s12, s9, s0, s1], listeners:[]
2024-12-25 19:05:36,839 INFO  server.RaftServer$Division (RaftServerImpl.java:setConfigurationAsync(1348)) - s1@group-4CF2EC507520: receive setConfiguration SetConfigurationRequest:client-9E894F3AA110->s1@group-4CF2EC507520, cid=2065, seq=null, RW, null, SET_UNCONDITIONALLY, servers:[s11, s10, s7, s13, s8, s12, s9, s0, s1], listeners:[]
2024-12-25 19:05:36,939 INFO  server.RaftServer$Division (RaftServerImpl.java:setConfigurationAsync(1348)) - s7@group-4CF2EC507520: receive setConfiguration SetConfigurationRequest:client-9E894F3AA110->s7@group-4CF2EC507520, cid=2065, seq=null, RW, null, SET_UNCONDITIONALLY, servers:[s11, s10, s7, s13, s8, s12, s9, s0, s1], listeners:[]
2024-12-25 19:05:37,039 INFO  server.RaftServer$Division (RaftServerImpl.java:setConfigurationAsync(1348)) - s0@group-4CF2EC507520: receive setConfiguration SetConfigurationRequest:client-9E894F3AA110->s0@group-4CF2EC507520, cid=2065, seq=null, RW, null, SET_UNCONDITIONALLY, servers:[s11, s10, s7, s13, s8, s12, s9, s0, s1], listeners:[]
2024-12-25 19:05:37,058 INFO  impl.MiniRaftCluster (MiniRaftCluster.java:lambda$null$7(362)) - TIMED-PRINT: printing ALL groups
  s3:  RUNNING [
   FOLLOWER s3@group-4CF2EC507520:t0, leader=null, voted=, raftlog=Memoized:s3@group-4CF2EC507520-SegmentedRaftLog:OPENED:c-1:lastnull, conf=conf: {index: -1, cur=peers:[]|listeners:[], old=null} STARTING
   FOLLOWER s3@group-6AB839334A82:t0, leader=null, voted=, raftlog=Memoized:s3@group-6AB839334A82-SegmentedRaftLog:OPENED:c-1:lastnull, conf=conf: {index: -1, cur=peers:[]|listeners:[], old=null} STARTING] size=2
  s4:  RUNNING [
   FOLLOWER s4@group-4CF2EC507520:t0, leader=null, voted=, raftlog=Memoized:s4@group-4CF2EC507520-SegmentedRaftLog:OPENED:c-1:lastnull, conf=conf: {index: -1, cur=peers:[]|listeners:[], old=null} STARTING
   FOLLOWER s4@group-6AB839334A82:t0, leader=null, voted=, raftlog=Memoized:s4@group-6AB839334A82-SegmentedRaftLog:OPENED:c-1:lastnull, conf=conf: {index: -1, cur=peers:[]|listeners:[], old=null} STARTING] size=2
  s5:  RUNNING [
   FOLLOWER s5@group-4CF2EC507520:t0, leader=null, voted=, raftlog=Memoized:s5@group-4CF2EC507520-SegmentedRaftLog:OPENED:c-1:lastnull, conf=conf: {index: -1, cur=peers:[]|listeners:[], old=null} STARTING
   FOLLOWER s5@group-6AB839334A82:t0, leader=null, voted=, raftlog=Memoized:s5@group-6AB839334A82-SegmentedRaftLog:OPENED:c-1:lastnull, conf=conf: {index: -1, cur=peers:[]|listeners:[], old=null} STARTING] size=2
  s6:  RUNNING [
   FOLLOWER s6@group-4CF2EC507520:t0, leader=null, voted=, raftlog=Memoized:s6@group-4CF2EC507520-SegmentedRaftLog:OPENED:c-1:lastnull, conf=conf: {index: -1, cur=peers:[]|listeners:[], old=null} STARTING
   FOLLOWER s6@group-6AB839334A82:t0, leader=null, voted=, raftlog=Memoized:s6@group-6AB839334A82-SegmentedRaftLog:OPENED:c-1:lastnull, conf=conf: {index: -1, cur=peers:[]|listeners:[], old=null} STARTING] size=2
  s7:  RUNNING [
     LEADER s7@group-4CF2EC507520:t1, leader=s7, voted=s7, raftlog=Memoized:s7@group-4CF2EC507520-SegmentedRaftLog:OPENED:c123:last(t:1, i:124), conf=conf: {index: 123, cur=peers:[s7, s8, s9, s0, s1]|listeners:[], old=null} RUNNING
   FOLLOWER s7@group-6AB839334A82:t0, leader=null, voted=, raftlog=Memoized:s7@group-6AB839334A82-SegmentedRaftLog:OPENED:c-1:lastnull, conf=conf: {index: -1, cur=peers:[]|listeners:[], old=null} STARTING] size=2
  s8:  RUNNING [
   FOLLOWER s8@group-4CF2EC507520:t1, leader=s7, voted=s7, raftlog=Memoized:s8@group-4CF2EC507520-SegmentedRaftLog:OPENED:c123:last(t:1, i:124), conf=conf: {index: 123, cur=peers:[s7|, s8|, s9|, s0|, s1|]|listeners:[], old=null} RUNNING
   FOLLOWER s8@group-6AB839334A82:t0, leader=null, voted=, raftlog=Memoized:s8@group-6AB839334A82-SegmentedRaftLog:OPENED:c-1:lastnull, conf=conf: {index: -1, cur=peers:[]|listeners:[], old=null} STARTING] size=2
  s9:  RUNNING [
   FOLLOWER s9@group-4CF2EC507520:t1, leader=s7, voted=s7, raftlog=Memoized:s9@group-4CF2EC507520-SegmentedRaftLog:OPENED:c123:last(t:1, i:124), conf=conf: {index: 123, cur=peers:[s7|, s8|, s9|, s0|, s1|]|listeners:[], old=null} RUNNING
   FOLLOWER s9@group-6AB839334A82:t0, leader=null, voted=, raftlog=Memoized:s9@group-6AB839334A82-SegmentedRaftLog:OPENED:c-1:lastnull, conf=conf: {index: -1, cur=peers:[]|listeners:[], old=null} STARTING] size=2
  s11:  RUNNING [
   FOLLOWER s11@group-4CF2EC507520:t1, leader=s7, voted=null, raftlog=Memoized:s11@group-4CF2EC507520-SegmentedRaftLog:OPENED:c123:last(t:1, i:124), conf=conf: {index: 123, cur=peers:[s7|, s8|, s9|, s0|, s1|]|listeners:[], old=null} STARTING
   FOLLOWER s11@group-6AB839334A82:t0, leader=null, voted=, raftlog=Memoized:s11@group-6AB839334A82-SegmentedRaftLog:OPENED:c-1:lastnull, conf=conf: {index: -1, cur=peers:[]|listeners:[], old=null} STARTING] size=2
  s10:  RUNNING [
   FOLLOWER s10@group-4CF2EC507520:t1, leader=s7, voted=null, raftlog=Memoized:s10@group-4CF2EC507520-SegmentedRaftLog:OPENED:c123:last(t:1, i:124), conf=conf: {index: 123, cur=peers:[s7|, s8|, s9|, s0|, s1|]|listeners:[], old=null} STARTING
   FOLLOWER s10@group-6AB839334A82:t0, leader=null, voted=, raftlog=Memoized:s10@group-6AB839334A82-SegmentedRaftLog:OPENED:c-1:lastnull, conf=conf: {index: -1, cur=peers:[]|listeners:[], old=null} STARTING] size=2
  s13:  RUNNING [
   FOLLOWER s13@group-4CF2EC507520:t1, leader=s7, voted=null, raftlog=Memoized:s13@group-4CF2EC507520-SegmentedRaftLog:OPENED:c123:last(t:1, i:124), conf=conf: {index: 123, cur=peers:[s7|, s8|, s9|, s0|, s1|]|listeners:[], old=null} STARTING
   FOLLOWER s13@group-6AB839334A82:t0, leader=null, voted=, raftlog=Memoized:s13@group-6AB839334A82-SegmentedRaftLog:OPENED:c-1:lastnull, conf=conf: {index: -1, cur=peers:[]|listeners:[], old=null} STARTING] size=2
  s12:  RUNNING [
   FOLLOWER s12@group-4CF2EC507520:t1, leader=s7, voted=null, raftlog=Memoized:s12@group-4CF2EC507520-SegmentedRaftLog:OPENED:c123:last(t:1, i:124), conf=conf: {index: 123, cur=peers:[s7|, s8|, s9|, s0|, s1|]|listeners:[], old=null} STARTING
   FOLLOWER s12@group-6AB839334A82:t0, leader=null, voted=, raftlog=Memoized:s12@group-6AB839334A82-SegmentedRaftLog:OPENED:c-1:lastnull, conf=conf: {index: -1, cur=peers:[]|listeners:[], old=null} STARTING] size=2
  s14:  RUNNING [
   FOLLOWER s14@group-4CF2EC507520:t0, leader=null, voted=, raftlog=Memoized:s14@group-4CF2EC507520-SegmentedRaftLog:OPENED:c-1:lastnull, conf=conf: {index: -1, cur=peers:[]|listeners:[], old=null} STARTING
   FOLLOWER s14@group-6AB839334A82:t0, leader=null, voted=, raftlog=Memoized:s14@group-6AB839334A82-SegmentedRaftLog:OPENED:c-1:lastnull, conf=conf: {index: -1, cur=peers:[]|listeners:[], old=null} STARTING] size=2
  s0:  RUNNING [
   FOLLOWER s0@group-4CF2EC507520:t1, leader=s7, voted=null, raftlog=Memoized:s0@group-4CF2EC507520-SegmentedRaftLog:OPENED:c123:last(t:1, i:124), conf=conf: {index: 123, cur=peers:[s7|, s8|, s9|, s0|, s1|]|listeners:[], old=null} STARTING
   FOLLOWER s0@group-6AB839334A82:t0, leader=null, voted=, raftlog=Memoized:s0@group-6AB839334A82-SegmentedRaftLog:OPENED:c-1:lastnull, conf=conf: {index: -1, cur=peers:[]|listeners:[], old=null} STARTING] size=2
  s1:  RUNNING [
   FOLLOWER s1@group-4CF2EC507520:t1, leader=s7, voted=null, raftlog=Memoized:s1@group-4CF2EC507520-SegmentedRaftLog:OPENED:c123:last(t:1, i:124), conf=conf: {index: 123, cur=peers:[s7|, s8|, s9|, s0|, s1|]|listeners:[], old=null} STARTING
   FOLLOWER s1@group-6AB839334A82:t0, leader=null, voted=, raftlog=Memoized:s1@group-6AB839334A82-SegmentedRaftLog:OPENED:c-1:lastnull, conf=conf: {index: -1, cur=peers:[]|listeners:[], old=null} STARTING] size=2
  s2:  RUNNING [
   FOLLOWER s2@group-4CF2EC507520:t0, leader=null, voted=, raftlog=Memoized:s2@group-4CF2EC507520-SegmentedRaftLog:OPENED:c-1:lastnull, conf=conf: {index: -1, cur=peers:[]|listeners:[], old=null} STARTING
   FOLLOWER s2@group-6AB839334A82:t0, leader=null, voted=, raftlog=Memoized:s2@group-6AB839334A82-SegmentedRaftLog:OPENED:c-1:lastnull, conf=conf: {index: -1, cur=peers:[]|listeners:[], old=null} STARTING] size=2
2024-12-25 19:05:37,140 INFO  server.RaftServer$Division (RaftServerImpl.java:setConfigurationAsync(1348)) - s8@group-4CF2EC507520: receive setConfiguration SetConfigurationRequest:client-9E894F3AA110->s8@group-4CF2EC507520, cid=2065, seq=null, RW, null, SET_UNCONDITIONALLY, servers:[s11, s10, s7, s13, s8, s12, s9, s0, s1], listeners:[]
2024-12-25 19:05:37,240 INFO  server.RaftServer$Division (RaftServerImpl.java:setConfigurationAsync(1348)) - s7@group-4CF2EC507520: receive setConfiguration SetConfigurationRequest:client-9E894F3AA110->s7@group-4CF2EC507520, cid=2065, seq=null, RW, null, SET_UNCONDITIONALLY, servers:[s11, s10, s7, s13, s8, s12, s9, s0, s1], listeners:[]
2024-12-25 19:05:37,341 INFO  server.RaftServer$Division (RaftServerImpl.java:setConfigurationAsync(1348)) - s8@group-4CF2EC507520: receive setConfiguration SetConfigurationRequest:client-9E894F3AA110->s8@group-4CF2EC507520, cid=2065, seq=null, RW, null, SET_UNCONDITIONALLY, servers:[s11, s10, s7, s13, s8, s12, s9, s0, s1], listeners:[]
2024-12-25 19:05:37,441 INFO  server.RaftServer$Division (RaftServerImpl.java:setConfigurationAsync(1348)) - s7@group-4CF2EC507520: receive setConfiguration SetConfigurationRequest:client-9E894F3AA110->s7@group-4CF2EC507520, cid=2065, seq=null, RW, null, SET_UNCONDITIONALLY, servers:[s11, s10, s7, s13, s8, s12, s9, s0, s1], listeners:[]
2024-12-25 19:05:37,541 INFO  server.RaftServer$Division (RaftServerImpl.java:setConfigurationAsync(1348)) - s1@group-4CF2EC507520: receive setConfiguration SetConfigurationRequest:client-9E894F3AA110->s1@group-4CF2EC507520, cid=2065, seq=null, RW, null, SET_UNCONDITIONALLY, servers:[s11, s10, s7, s13, s8, s12, s9, s0, s1], listeners:[]
2024-12-25 19:05:37,641 INFO  server.RaftServer$Division (RaftServerImpl.java:setConfigurationAsync(1348)) - s9@group-4CF2EC507520: receive setConfiguration SetConfigurationRequest:client-9E894F3AA110->s9@group-4CF2EC507520, cid=2065, seq=null, RW, null, SET_UNCONDITIONALLY, servers:[s11, s10, s7, s13, s8, s12, s9, s0, s1], listeners:[]
2024-12-25 19:05:37,742 INFO  server.RaftServer$Division (RaftServerImpl.java:setConfigurationAsync(1348)) - s7@group-4CF2EC507520: receive setConfiguration SetConfigurationRequest:client-9E894F3AA110->s7@group-4CF2EC507520, cid=2065, seq=null, RW, null, SET_UNCONDITIONALLY, servers:[s11, s10, s7, s13, s8, s12, s9, s0, s1], listeners:[]
2024-12-25 19:05:37,842 INFO  server.RaftServer$Division (RaftServerImpl.java:setConfigurationAsync(1348)) - s1@group-4CF2EC507520: receive setConfiguration SetConfigurationRequest:client-9E894F3AA110->s1@group-4CF2EC507520, cid=2065, seq=null, RW, null, SET_UNCONDITIONALLY, servers:[s11, s10, s7, s13, s8, s12, s9, s0, s1], listeners:[]
2024-12-25 19:05:37,942 INFO  server.RaftServer$Division (RaftServerImpl.java:setConfigurationAsync(1348)) - s9@group-4CF2EC507520: receive setConfiguration SetConfigurationRequest:client-9E894F3AA110->s9@group-4CF2EC507520, cid=2065, seq=null, RW, null, SET_UNCONDITIONALLY, servers:[s11, s10, s7, s13, s8, s12, s9, s0, s1], listeners:[]
2024-12-25 19:05:38,043 INFO  server.RaftServer$Division (RaftServerImpl.java:setConfigurationAsync(1348)) - s7@group-4CF2EC507520: receive setConfiguration SetConfigurationRequest:client-9E894F3AA110->s7@group-4CF2EC507520, cid=2065, seq=null, RW, null, SET_UNCONDITIONALLY, servers:[s11, s10, s7, s13, s8, s12, s9, s0, s1], listeners:[]
2024-12-25 19:05:38,143 INFO  server.RaftServer$Division (RaftServerImpl.java:setConfigurationAsync(1348)) - s9@group-4CF2EC507520: receive setConfiguration SetConfigurationRequest:client-9E894F3AA110->s9@group-4CF2EC507520, cid=2065, seq=null, RW, null, SET_UNCONDITIONALLY, servers:[s11, s10, s7, s13, s8, s12, s9, s0, s1], listeners:[]
2024-12-25 19:05:38,243 INFO  server.RaftServer$Division (RaftServerImpl.java:setConfigurationAsync(1348)) - s7@group-4CF2EC507520: receive setConfiguration SetConfigurationRequest:client-9E894F3AA110->s7@group-4CF2EC507520, cid=2065, seq=null, RW, null, SET_UNCONDITIONALLY, servers:[s11, s10, s7, s13, s8, s12, s9, s0, s1], listeners:[]
2024-12-25 19:05:38,343 INFO  server.RaftServer$Division (RaftServerImpl.java:setConfigurationAsync(1348)) - s8@group-4CF2EC507520: receive setConfiguration SetConfigurationRequest:client-9E894F3AA110->s8@group-4CF2EC507520, cid=2065, seq=null, RW, null, SET_UNCONDITIONALLY, servers:[s11, s10, s7, s13, s8, s12, s9, s0, s1], listeners:[]
2024-12-25 19:05:38,444 INFO  server.RaftServer$Division (RaftServerImpl.java:setConfigurationAsync(1348)) - s7@group-4CF2EC507520: receive setConfiguration SetConfigurationRequest:client-9E894F3AA110->s7@group-4CF2EC507520, cid=2065, seq=null, RW, null, SET_UNCONDITIONALLY, servers:[s11, s10, s7, s13, s8, s12, s9, s0, s1], listeners:[]
2024-12-25 19:05:38,544 INFO  server.RaftServer$Division (RaftServerImpl.java:setConfigurationAsync(1348)) - s1@group-4CF2EC507520: receive setConfiguration SetConfigurationRequest:client-9E894F3AA110->s1@group-4CF2EC507520, cid=2065, seq=null, RW, null, SET_UNCONDITIONALLY, servers:[s11, s10, s7, s13, s8, s12, s9, s0, s1], listeners:[]
2024-12-25 19:05:38,644 INFO  server.RaftServer$Division (RaftServerImpl.java:setConfigurationAsync(1348)) - s7@group-4CF2EC507520: receive setConfiguration SetConfigurationRequest:client-9E894F3AA110->s7@group-4CF2EC507520, cid=2065, seq=null, RW, null, SET_UNCONDITIONALLY, servers:[s11, s10, s7, s13, s8, s12, s9, s0, s1], listeners:[]
2024-12-25 19:05:38,745 INFO  server.RaftServer$Division (RaftServerImpl.java:setConfigurationAsync(1348)) - s8@group-4CF2EC507520: receive setConfiguration SetConfigurationRequest:client-9E894F3AA110->s8@group-4CF2EC507520, cid=2065, seq=null, RW, null, SET_UNCONDITIONALLY, servers:[s11, s10, s7, s13, s8, s12, s9, s0, s1], listeners:[]
2024-12-25 19:05:38,845 INFO  server.RaftServer$Division (RaftServerImpl.java:setConfigurationAsync(1348)) - s7@group-4CF2EC507520: receive setConfiguration SetConfigurationRequest:client-9E894F3AA110->s7@group-4CF2EC507520, cid=2065, seq=null, RW, null, SET_UNCONDITIONALLY, servers:[s11, s10, s7, s13, s8, s12, s9, s0, s1], listeners:[]
2024-12-25 19:05:38,945 INFO  server.RaftServer$Division (RaftServerImpl.java:setConfigurationAsync(1348)) - s0@group-4CF2EC507520: receive setConfiguration SetConfigurationRequest:client-9E894F3AA110->s0@group-4CF2EC507520, cid=2065, seq=null, RW, null, SET_UNCONDITIONALLY, servers:[s11, s10, s7, s13, s8, s12, s9, s0, s1], listeners:[]
2024-12-25 19:05:39,045 INFO  server.RaftServer$Division (RaftServerImpl.java:setConfigurationAsync(1348)) - s9@group-4CF2EC507520: receive setConfiguration SetConfigurationRequest:client-9E894F3AA110->s9@group-4CF2EC507520, cid=2065, seq=null, RW, null, SET_UNCONDITIONALLY, servers:[s11, s10, s7, s13, s8, s12, s9, s0, s1], listeners:[]
2024-12-25 19:05:39,146 INFO  server.RaftServer$Division (RaftServerImpl.java:setConfigurationAsync(1348)) - s7@group-4CF2EC507520: receive setConfiguration SetConfigurationRequest:client-9E894F3AA110->s7@group-4CF2EC507520, cid=2065, seq=null, RW, null, SET_UNCONDITIONALLY, servers:[s11, s10, s7, s13, s8, s12, s9, s0, s1], listeners:[]
2024-12-25 19:05:39,246 INFO  server.RaftServer$Division (RaftServerImpl.java:setConfigurationAsync(1348)) - s1@group-4CF2EC507520: receive setConfiguration SetConfigurationRequest:client-9E894F3AA110->s1@group-4CF2EC507520, cid=2065, seq=null, RW, null, SET_UNCONDITIONALLY, servers:[s11, s10, s7, s13, s8, s12, s9, s0, s1], listeners:[]
2024-12-25 19:05:39,346 INFO  server.RaftServer$Division (RaftServerImpl.java:setConfigurationAsync(1348)) - s9@group-4CF2EC507520: receive setConfiguration SetConfigurationRequest:client-9E894F3AA110->s9@group-4CF2EC507520, cid=2065, seq=null, RW, null, SET_UNCONDITIONALLY, servers:[s11, s10, s7, s13, s8, s12, s9, s0, s1], listeners:[]
2024-12-25 19:05:39,446 INFO  server.RaftServer$Division (RaftServerImpl.java:setConfigurationAsync(1348)) - s7@group-4CF2EC507520: receive setConfiguration SetConfigurationRequest:client-9E894F3AA110->s7@group-4CF2EC507520, cid=2065, seq=null, RW, null, SET_UNCONDITIONALLY, servers:[s11, s10, s7, s13, s8, s12, s9, s0, s1], listeners:[]
2024-12-25 19:05:39,547 INFO  server.RaftServer$Division (RaftServerImpl.java:setConfigurationAsync(1348)) - s8@group-4CF2EC507520: receive setConfiguration SetConfigurationRequest:client-9E894F3AA110->s8@group-4CF2EC507520, cid=2065, seq=null, RW, null, SET_UNCONDITIONALLY, servers:[s11, s10, s7, s13, s8, s12, s9, s0, s1], listeners:[]
2024-12-25 19:05:39,647 INFO  server.RaftServer$Division (RaftServerImpl.java:setConfigurationAsync(1348)) - s7@group-4CF2EC507520: receive setConfiguration SetConfigurationRequest:client-9E894F3AA110->s7@group-4CF2EC507520, cid=2065, seq=null, RW, null, SET_UNCONDITIONALLY, servers:[s11, s10, s7, s13, s8, s12, s9, s0, s1], listeners:[]
2024-12-25 19:05:39,747 INFO  server.RaftServer$Division (RaftServerImpl.java:setConfigurationAsync(1348)) - s1@group-4CF2EC507520: receive setConfiguration SetConfigurationRequest:client-9E894F3AA110->s1@group-4CF2EC507520, cid=2065, seq=null, RW, null, SET_UNCONDITIONALLY, servers:[s11, s10, s7, s13, s8, s12, s9, s0, s1], listeners:[]
2024-12-25 19:05:39,848 INFO  server.RaftServer$Division (RaftServerImpl.java:setConfigurationAsync(1348)) - s0@group-4CF2EC507520: receive setConfiguration SetConfigurationRequest:client-9E894F3AA110->s0@group-4CF2EC507520, cid=2065, seq=null, RW, null, SET_UNCONDITIONALLY, servers:[s11, s10, s7, s13, s8, s12, s9, s0, s1], listeners:[]
2024-12-25 19:05:39,948 INFO  server.RaftServer$Division (RaftServerImpl.java:setConfigurationAsync(1348)) - s9@group-4CF2EC507520: receive setConfiguration SetConfigurationRequest:client-9E894F3AA110->s9@group-4CF2EC507520, cid=2065, seq=null, RW, null, SET_UNCONDITIONALLY, servers:[s11, s10, s7, s13, s8, s12, s9, s0, s1], listeners:[]
2024-12-25 19:05:40,048 INFO  server.RaftServer$Division (RaftServerImpl.java:setConfigurationAsync(1348)) - s7@group-4CF2EC507520: receive setConfiguration SetConfigurationRequest:client-9E894F3AA110->s7@group-4CF2EC507520, cid=2065, seq=null, RW, null, SET_UNCONDITIONALLY, servers:[s11, s10, s7, s13, s8, s12, s9, s0, s1], listeners:[]
2024-12-25 19:05:40,149 INFO  server.RaftServer$Division (RaftServerImpl.java:setConfigurationAsync(1348)) - s1@group-4CF2EC507520: receive setConfiguration SetConfigurationRequest:client-9E894F3AA110->s1@group-4CF2EC507520, cid=2065, seq=null, RW, null, SET_UNCONDITIONALLY, servers:[s11, s10, s7, s13, s8, s12, s9, s0, s1], listeners:[]
2024-12-25 19:05:40,249 INFO  server.RaftServer$Division (RaftServerImpl.java:setConfigurationAsync(1348)) - s9@group-4CF2EC507520: receive setConfiguration SetConfigurationRequest:client-9E894F3AA110->s9@group-4CF2EC507520, cid=2065, seq=null, RW, null, SET_UNCONDITIONALLY, servers:[s11, s10, s7, s13, s8, s12, s9, s0, s1], listeners:[]
2024-12-25 19:05:40,349 INFO  server.RaftServer$Division (RaftServerImpl.java:setConfigurationAsync(1348)) - s7@group-4CF2EC507520: receive setConfiguration SetConfigurationRequest:client-9E894F3AA110->s7@group-4CF2EC507520, cid=2065, seq=null, RW, null, SET_UNCONDITIONALLY, servers:[s11, s10, s7, s13, s8, s12, s9, s0, s1], listeners:[]
2024-12-25 19:05:40,450 INFO  server.RaftServer$Division (RaftServerImpl.java:setConfigurationAsync(1348)) - s1@group-4CF2EC507520: receive setConfiguration SetConfigurationRequest:client-9E894F3AA110->s1@group-4CF2EC507520, cid=2065, seq=null, RW, null, SET_UNCONDITIONALLY, servers:[s11, s10, s7, s13, s8, s12, s9, s0, s1], listeners:[]
2024-12-25 19:05:40,550 INFO  server.RaftServer$Division (RaftServerImpl.java:setConfigurationAsync(1348)) - s0@group-4CF2EC507520: receive setConfiguration SetConfigurationRequest:client-9E894F3AA110->s0@group-4CF2EC507520, cid=2065, seq=null, RW, null, SET_UNCONDITIONALLY, servers:[s11, s10, s7, s13, s8, s12, s9, s0, s1], listeners:[]
2024-12-25 19:05:40,650 INFO  server.RaftServer$Division (RaftServerImpl.java:setConfigurationAsync(1348)) - s9@group-4CF2EC507520: receive setConfiguration SetConfigurationRequest:client-9E894F3AA110->s9@group-4CF2EC507520, cid=2065, seq=null, RW, null, SET_UNCONDITIONALLY, servers:[s11, s10, s7, s13, s8, s12, s9, s0, s1], listeners:[]
2024-12-25 19:05:40,751 INFO  server.RaftServer$Division (RaftServerImpl.java:setConfigurationAsync(1348)) - s7@group-4CF2EC507520: receive setConfiguration SetConfigurationRequest:client-9E894F3AA110->s7@group-4CF2EC507520, cid=2065, seq=null, RW, null, SET_UNCONDITIONALLY, servers:[s11, s10, s7, s13, s8, s12, s9, s0, s1], listeners:[]
2024-12-25 19:05:40,851 INFO  server.RaftServer$Division (RaftServerImpl.java:setConfigurationAsync(1348)) - s1@group-4CF2EC507520: receive setConfiguration SetConfigurationRequest:client-9E894F3AA110->s1@group-4CF2EC507520, cid=2065, seq=null, RW, null, SET_UNCONDITIONALLY, servers:[s11, s10, s7, s13, s8, s12, s9, s0, s1], listeners:[]
2024-12-25 19:05:40,951 INFO  server.RaftServer$Division (RaftServerImpl.java:setConfigurationAsync(1348)) - s0@group-4CF2EC507520: receive setConfiguration SetConfigurationRequest:client-9E894F3AA110->s0@group-4CF2EC507520, cid=2065, seq=null, RW, null, SET_UNCONDITIONALLY, servers:[s11, s10, s7, s13, s8, s12, s9, s0, s1], listeners:[]
2024-12-25 19:05:41,052 INFO  server.RaftServer$Division (RaftServerImpl.java:setConfigurationAsync(1348)) - s9@group-4CF2EC507520: receive setConfiguration SetConfigurationRequest:client-9E894F3AA110->s9@group-4CF2EC507520, cid=2065, seq=null, RW, null, SET_UNCONDITIONALLY, servers:[s11, s10, s7, s13, s8, s12, s9, s0, s1], listeners:[]
2024-12-25 19:05:41,152 INFO  server.RaftServer$Division (RaftServerImpl.java:setConfigurationAsync(1348)) - s7@group-4CF2EC507520: receive setConfiguration SetConfigurationRequest:client-9E894F3AA110->s7@group-4CF2EC507520, cid=2065, seq=null, RW, null, SET_UNCONDITIONALLY, servers:[s11, s10, s7, s13, s8, s12, s9, s0, s1], listeners:[]
2024-12-25 19:05:41,252 INFO  server.RaftServer$Division (RaftServerImpl.java:setConfigurationAsync(1348)) - s0@group-4CF2EC507520: receive setConfiguration SetConfigurationRequest:client-9E894F3AA110->s0@group-4CF2EC507520, cid=2065, seq=null, RW, null, SET_UNCONDITIONALLY, servers:[s11, s10, s7, s13, s8, s12, s9, s0, s1], listeners:[]
2024-12-25 19:05:41,352 INFO  server.RaftServer$Division (RaftServerImpl.java:setConfigurationAsync(1348)) - s9@group-4CF2EC507520: receive setConfiguration SetConfigurationRequest:client-9E894F3AA110->s9@group-4CF2EC507520, cid=2065, seq=null, RW, null, SET_UNCONDITIONALLY, servers:[s11, s10, s7, s13, s8, s12, s9, s0, s1], listeners:[]
2024-12-25 19:05:41,453 INFO  server.RaftServer$Division (RaftServerImpl.java:setConfigurationAsync(1348)) - s7@group-4CF2EC507520: receive setConfiguration SetConfigurationRequest:client-9E894F3AA110->s7@group-4CF2EC507520, cid=2065, seq=null, RW, null, SET_UNCONDITIONALLY, servers:[s11, s10, s7, s13, s8, s12, s9, s0, s1], listeners:[]
2024-12-25 19:05:41,553 INFO  server.RaftServer$Division (RaftServerImpl.java:setConfigurationAsync(1348)) - s0@group-4CF2EC507520: receive setConfiguration SetConfigurationRequest:client-9E894F3AA110->s0@group-4CF2EC507520, cid=2065, seq=null, RW, null, SET_UNCONDITIONALLY, servers:[s11, s10, s7, s13, s8, s12, s9, s0, s1], listeners:[]
2024-12-25 19:05:41,653 INFO  server.RaftServer$Division (RaftServerImpl.java:setConfigurationAsync(1348)) - s8@group-4CF2EC507520: receive setConfiguration SetConfigurationRequest:client-9E894F3AA110->s8@group-4CF2EC507520, cid=2065, seq=null, RW, null, SET_UNCONDITIONALLY, servers:[s11, s10, s7, s13, s8, s12, s9, s0, s1], listeners:[]
2024-12-25 19:05:41,754 INFO  server.RaftServer$Division (RaftServerImpl.java:setConfigurationAsync(1348)) - s7@group-4CF2EC507520: receive setConfiguration SetConfigurationRequest:client-9E894F3AA110->s7@group-4CF2EC507520, cid=2065, seq=null, RW, null, SET_UNCONDITIONALLY, servers:[s11, s10, s7, s13, s8, s12, s9, s0, s1], listeners:[]
2024-12-25 19:05:41,854 INFO  server.RaftServer$Division (RaftServerImpl.java:setConfigurationAsync(1348)) - s9@group-4CF2EC507520: receive setConfiguration SetConfigurationRequest:client-9E894F3AA110->s9@group-4CF2EC507520, cid=2065, seq=null, RW, null, SET_UNCONDITIONALLY, servers:[s11, s10, s7, s13, s8, s12, s9, s0, s1], listeners:[]
2024-12-25 19:05:41,954 INFO  server.RaftServer$Division (RaftServerImpl.java:setConfigurationAsync(1348)) - s7@group-4CF2EC507520: receive setConfiguration SetConfigurationRequest:client-9E894F3AA110->s7@group-4CF2EC507520, cid=2065, seq=null, RW, null, SET_UNCONDITIONALLY, servers:[s11, s10, s7, s13, s8, s12, s9, s0, s1], listeners:[]
2024-12-25 19:05:42,055 INFO  server.RaftServer$Division (RaftServerImpl.java:setConfigurationAsync(1348)) - s0@group-4CF2EC507520: receive setConfiguration SetConfigurationRequest:client-9E894F3AA110->s0@group-4CF2EC507520, cid=2065, seq=null, RW, null, SET_UNCONDITIONALLY, servers:[s11, s10, s7, s13, s8, s12, s9, s0, s1], listeners:[]
2024-12-25 19:05:42,155 INFO  server.RaftServer$Division (RaftServerImpl.java:setConfigurationAsync(1348)) - s1@group-4CF2EC507520: receive setConfiguration SetConfigurationRequest:client-9E894F3AA110->s1@group-4CF2EC507520, cid=2065, seq=null, RW, null, SET_UNCONDITIONALLY, servers:[s11, s10, s7, s13, s8, s12, s9, s0, s1], listeners:[]
2024-12-25 19:05:42,255 INFO  server.RaftServer$Division (RaftServerImpl.java:setConfigurationAsync(1348)) - s0@group-4CF2EC507520: receive setConfiguration SetConfigurationRequest:client-9E894F3AA110->s0@group-4CF2EC507520, cid=2065, seq=null, RW, null, SET_UNCONDITIONALLY, servers:[s11, s10, s7, s13, s8, s12, s9, s0, s1], listeners:[]
2024-12-25 19:05:42,355 INFO  server.RaftServer$Division (RaftServerImpl.java:setConfigurationAsync(1348)) - s8@group-4CF2EC507520: receive setConfiguration SetConfigurationRequest:client-9E894F3AA110->s8@group-4CF2EC507520, cid=2065, seq=null, RW, null, SET_UNCONDITIONALLY, servers:[s11, s10, s7, s13, s8, s12, s9, s0, s1], listeners:[]
2024-12-25 19:05:42,456 INFO  server.RaftServer$Division (RaftServerImpl.java:setConfigurationAsync(1348)) - s7@group-4CF2EC507520: receive setConfiguration SetConfigurationRequest:client-9E894F3AA110->s7@group-4CF2EC507520, cid=2065, seq=null, RW, null, SET_UNCONDITIONALLY, servers:[s11, s10, s7, s13, s8, s12, s9, s0, s1], listeners:[]
2024-12-25 19:05:42,556 INFO  server.RaftServer$Division (RaftServerImpl.java:setConfigurationAsync(1348)) - s0@group-4CF2EC507520: receive setConfiguration SetConfigurationRequest:client-9E894F3AA110->s0@group-4CF2EC507520, cid=2065, seq=null, RW, null, SET_UNCONDITIONALLY, servers:[s11, s10, s7, s13, s8, s12, s9, s0, s1], listeners:[]
2024-12-25 19:05:42,656 INFO  server.RaftServer$Division (RaftServerImpl.java:setConfigurationAsync(1348)) - s7@group-4CF2EC507520: receive setConfiguration SetConfigurationRequest:client-9E894F3AA110->s7@group-4CF2EC507520, cid=2065, seq=null, RW, null, SET_UNCONDITIONALLY, servers:[s11, s10, s7, s13, s8, s12, s9, s0, s1], listeners:[]
2024-12-25 19:05:42,757 INFO  server.RaftServer$Division (RaftServerImpl.java:setConfigurationAsync(1348)) - s9@group-4CF2EC507520: receive setConfiguration SetConfigurationRequest:client-9E894F3AA110->s9@group-4CF2EC507520, cid=2065, seq=null, RW, null, SET_UNCONDITIONALLY, servers:[s11, s10, s7, s13, s8, s12, s9, s0, s1], listeners:[]
2024-12-25 19:05:42,857 INFO  server.RaftServer$Division (RaftServerImpl.java:setConfigurationAsync(1348)) - s7@group-4CF2EC507520: receive setConfiguration SetConfigurationRequest:client-9E894F3AA110->s7@group-4CF2EC507520, cid=2065, seq=null, RW, null, SET_UNCONDITIONALLY, servers:[s11, s10, s7, s13, s8, s12, s9, s0, s1], listeners:[]
2024-12-25 19:05:42,957 INFO  server.RaftServer$Division (RaftServerImpl.java:setConfigurationAsync(1348)) - s9@group-4CF2EC507520: receive setConfiguration SetConfigurationRequest:client-9E894F3AA110->s9@group-4CF2EC507520, cid=2065, seq=null, RW, null, SET_UNCONDITIONALLY, servers:[s11, s10, s7, s13, s8, s12, s9, s0, s1], listeners:[]
2024-12-25 19:05:43,057 INFO  server.RaftServer$Division (RaftServerImpl.java:setConfigurationAsync(1348)) - s7@group-4CF2EC507520: receive setConfiguration SetConfigurationRequest:client-9E894F3AA110->s7@group-4CF2EC507520, cid=2065, seq=null, RW, null, SET_UNCONDITIONALLY, servers:[s11, s10, s7, s13, s8, s12, s9, s0, s1], listeners:[]
2024-12-25 19:05:43,158 INFO  server.RaftServer$Division (RaftServerImpl.java:setConfigurationAsync(1348)) - s9@group-4CF2EC507520: receive setConfiguration SetConfigurationRequest:client-9E894F3AA110->s9@group-4CF2EC507520, cid=2065, seq=null, RW, null, SET_UNCONDITIONALLY, servers:[s11, s10, s7, s13, s8, s12, s9, s0, s1], listeners:[]
2024-12-25 19:05:43,258 INFO  server.RaftServer$Division (RaftServerImpl.java:setConfigurationAsync(1348)) - s7@group-4CF2EC507520: receive setConfiguration SetConfigurationRequest:client-9E894F3AA110->s7@group-4CF2EC507520, cid=2065, seq=null, RW, null, SET_UNCONDITIONALLY, servers:[s11, s10, s7, s13, s8, s12, s9, s0, s1], listeners:[]
2024-12-25 19:05:43,358 INFO  server.RaftServer$Division (RaftServerImpl.java:setConfigurationAsync(1348)) - s9@group-4CF2EC507520: receive setConfiguration SetConfigurationRequest:client-9E894F3AA110->s9@group-4CF2EC507520, cid=2065, seq=null, RW, null, SET_UNCONDITIONALLY, servers:[s11, s10, s7, s13, s8, s12, s9, s0, s1], listeners:[]
2024-12-25 19:05:43,458 INFO  server.RaftServer$Division (RaftServerImpl.java:setConfigurationAsync(1348)) - s7@group-4CF2EC507520: receive setConfiguration SetConfigurationRequest:client-9E894F3AA110->s7@group-4CF2EC507520, cid=2065, seq=null, RW, null, SET_UNCONDITIONALLY, servers:[s11, s10, s7, s13, s8, s12, s9, s0, s1], listeners:[]
2024-12-25 19:05:43,559 INFO  server.RaftServer$Division (RaftServerImpl.java:setConfigurationAsync(1348)) - s1@group-4CF2EC507520: receive setConfiguration SetConfigurationRequest:client-9E894F3AA110->s1@group-4CF2EC507520, cid=2065, seq=null, RW, null, SET_UNCONDITIONALLY, servers:[s11, s10, s7, s13, s8, s12, s9, s0, s1], listeners:[]
2024-12-25 19:05:43,659 INFO  server.RaftServer$Division (RaftServerImpl.java:setConfigurationAsync(1348)) - s0@group-4CF2EC507520: receive setConfiguration SetConfigurationRequest:client-9E894F3AA110->s0@group-4CF2EC507520, cid=2065, seq=null, RW, null, SET_UNCONDITIONALLY, servers:[s11, s10, s7, s13, s8, s12, s9, s0, s1], listeners:[]
2024-12-25 19:05:43,759 INFO  server.RaftServer$Division (RaftServerImpl.java:setConfigurationAsync(1348)) - s9@group-4CF2EC507520: receive setConfiguration SetConfigurationRequest:client-9E894F3AA110->s9@group-4CF2EC507520, cid=2065, seq=null, RW, null, SET_UNCONDITIONALLY, servers:[s11, s10, s7, s13, s8, s12, s9, s0, s1], listeners:[]
2024-12-25 19:05:43,860 INFO  server.RaftServer$Division (RaftServerImpl.java:setConfigurationAsync(1348)) - s7@group-4CF2EC507520: receive setConfiguration SetConfigurationRequest:client-9E894F3AA110->s7@group-4CF2EC507520, cid=2065, seq=null, RW, null, SET_UNCONDITIONALLY, servers:[s11, s10, s7, s13, s8, s12, s9, s0, s1], listeners:[]
2024-12-25 19:05:43,960 INFO  server.RaftServer$Division (RaftServerImpl.java:setConfigurationAsync(1348)) - s8@group-4CF2EC507520: receive setConfiguration SetConfigurationRequest:client-9E894F3AA110->s8@group-4CF2EC507520, cid=2065, seq=null, RW, null, SET_UNCONDITIONALLY, servers:[s11, s10, s7, s13, s8, s12, s9, s0, s1], listeners:[]
2024-12-25 19:05:44,060 INFO  server.RaftServer$Division (RaftServerImpl.java:setConfigurationAsync(1348)) - s7@group-4CF2EC507520: receive setConfiguration SetConfigurationRequest:client-9E894F3AA110->s7@group-4CF2EC507520, cid=2065, seq=null, RW, null, SET_UNCONDITIONALLY, servers:[s11, s10, s7, s13, s8, s12, s9, s0, s1], listeners:[]
2024-12-25 19:05:44,161 INFO  server.RaftServer$Division (RaftServerImpl.java:setConfigurationAsync(1348)) - s1@group-4CF2EC507520: receive setConfiguration SetConfigurationRequest:client-9E894F3AA110->s1@group-4CF2EC507520, cid=2065, seq=null, RW, null, SET_UNCONDITIONALLY, servers:[s11, s10, s7, s13, s8, s12, s9, s0, s1], listeners:[]
2024-12-25 19:05:44,261 INFO  server.RaftServer$Division (RaftServerImpl.java:setConfigurationAsync(1348)) - s9@group-4CF2EC507520: receive setConfiguration SetConfigurationRequest:client-9E894F3AA110->s9@group-4CF2EC507520, cid=2065, seq=null, RW, null, SET_UNCONDITIONALLY, servers:[s11, s10, s7, s13, s8, s12, s9, s0, s1], listeners:[]
2024-12-25 19:05:44,361 INFO  server.RaftServer$Division (RaftServerImpl.java:setConfigurationAsync(1348)) - s7@group-4CF2EC507520: receive setConfiguration SetConfigurationRequest:client-9E894F3AA110->s7@group-4CF2EC507520, cid=2065, seq=null, RW, null, SET_UNCONDITIONALLY, servers:[s11, s10, s7, s13, s8, s12, s9, s0, s1], listeners:[]
2024-12-25 19:05:44,462 INFO  server.RaftServer$Division (RaftServerImpl.java:setConfigurationAsync(1348)) - s0@group-4CF2EC507520: receive setConfiguration SetConfigurationRequest:client-9E894F3AA110->s0@group-4CF2EC507520, cid=2065, seq=null, RW, null, SET_UNCONDITIONALLY, servers:[s11, s10, s7, s13, s8, s12, s9, s0, s1], listeners:[]
2024-12-25 19:05:44,562 INFO  server.RaftServer$Division (RaftServerImpl.java:setConfigurationAsync(1348)) - s9@group-4CF2EC507520: receive setConfiguration SetConfigurationRequest:client-9E894F3AA110->s9@group-4CF2EC507520, cid=2065, seq=null, RW, null, SET_UNCONDITIONALLY, servers:[s11, s10, s7, s13, s8, s12, s9, s0, s1], listeners:[]
2024-12-25 19:05:44,662 INFO  server.RaftServer$Division (RaftServerImpl.java:setConfigurationAsync(1348)) - s7@group-4CF2EC507520: receive setConfiguration SetConfigurationRequest:client-9E894F3AA110->s7@group-4CF2EC507520, cid=2065, seq=null, RW, null, SET_UNCONDITIONALLY, servers:[s11, s10, s7, s13, s8, s12, s9, s0, s1], listeners:[]
2024-12-25 19:05:44,762 INFO  server.RaftServer$Division (RaftServerImpl.java:setConfigurationAsync(1348)) - s0@group-4CF2EC507520: receive setConfiguration SetConfigurationRequest:client-9E894F3AA110->s0@group-4CF2EC507520, cid=2065, seq=null, RW, null, SET_UNCONDITIONALLY, servers:[s11, s10, s7, s13, s8, s12, s9, s0, s1], listeners:[]
2024-12-25 19:05:44,863 INFO  server.RaftServer$Division (RaftServerImpl.java:setConfigurationAsync(1348)) - s7@group-4CF2EC507520: receive setConfiguration SetConfigurationRequest:client-9E894F3AA110->s7@group-4CF2EC507520, cid=2065, seq=null, RW, null, SET_UNCONDITIONALLY, servers:[s11, s10, s7, s13, s8, s12, s9, s0, s1], listeners:[]
2024-12-25 19:05:44,963 INFO  server.RaftServer$Division (RaftServerImpl.java:setConfigurationAsync(1348)) - s9@group-4CF2EC507520: receive setConfiguration SetConfigurationRequest:client-9E894F3AA110->s9@group-4CF2EC507520, cid=2065, seq=null, RW, null, SET_UNCONDITIONALLY, servers:[s11, s10, s7, s13, s8, s12, s9, s0, s1], listeners:[]
2024-12-25 19:05:45,063 INFO  server.RaftServer$Division (RaftServerImpl.java:setConfigurationAsync(1348)) - s7@group-4CF2EC507520: receive setConfiguration SetConfigurationRequest:client-9E894F3AA110->s7@group-4CF2EC507520, cid=2065, seq=null, RW, null, SET_UNCONDITIONALLY, servers:[s11, s10, s7, s13, s8, s12, s9, s0, s1], listeners:[]
2024-12-25 19:05:45,164 INFO  server.RaftServer$Division (RaftServerImpl.java:setConfigurationAsync(1348)) - s0@group-4CF2EC507520: receive setConfiguration SetConfigurationRequest:client-9E894F3AA110->s0@group-4CF2EC507520, cid=2065, seq=null, RW, null, SET_UNCONDITIONALLY, servers:[s11, s10, s7, s13, s8, s12, s9, s0, s1], listeners:[]
2024-12-25 19:05:45,264 INFO  server.RaftServer$Division (RaftServerImpl.java:setConfigurationAsync(1348)) - s7@group-4CF2EC507520: receive setConfiguration SetConfigurationRequest:client-9E894F3AA110->s7@group-4CF2EC507520, cid=2065, seq=null, RW, null, SET_UNCONDITIONALLY, servers:[s11, s10, s7, s13, s8, s12, s9, s0, s1], listeners:[]
2024-12-25 19:05:45,364 INFO  server.RaftServer$Division (RaftServerImpl.java:setConfigurationAsync(1348)) - s9@group-4CF2EC507520: receive setConfiguration SetConfigurationRequest:client-9E894F3AA110->s9@group-4CF2EC507520, cid=2065, seq=null, RW, null, SET_UNCONDITIONALLY, servers:[s11, s10, s7, s13, s8, s12, s9, s0, s1], listeners:[]
2024-12-25 19:05:45,464 INFO  server.RaftServer$Division (RaftServerImpl.java:setConfigurationAsync(1348)) - s7@group-4CF2EC507520: receive setConfiguration SetConfigurationRequest:client-9E894F3AA110->s7@group-4CF2EC507520, cid=2065, seq=null, RW, null, SET_UNCONDITIONALLY, servers:[s11, s10, s7, s13, s8, s12, s9, s0, s1], listeners:[]
2024-12-25 19:05:45,565 INFO  server.RaftServer$Division (RaftServerImpl.java:setConfigurationAsync(1348)) - s1@group-4CF2EC507520: receive setConfiguration SetConfigurationRequest:client-9E894F3AA110->s1@group-4CF2EC507520, cid=2065, seq=null, RW, null, SET_UNCONDITIONALLY, servers:[s11, s10, s7, s13, s8, s12, s9, s0, s1], listeners:[]
2024-12-25 19:05:45,665 INFO  server.RaftServer$Division (RaftServerImpl.java:setConfigurationAsync(1348)) - s7@group-4CF2EC507520: receive setConfiguration SetConfigurationRequest:client-9E894F3AA110->s7@group-4CF2EC507520, cid=2065, seq=null, RW, null, SET_UNCONDITIONALLY, servers:[s11, s10, s7, s13, s8, s12, s9, s0, s1], listeners:[]
2024-12-25 19:05:45,765 INFO  server.RaftServer$Division (RaftServerImpl.java:setConfigurationAsync(1348)) - s1@group-4CF2EC507520: receive setConfiguration SetConfigurationRequest:client-9E894F3AA110->s1@group-4CF2EC507520, cid=2065, seq=null, RW, null, SET_UNCONDITIONALLY, servers:[s11, s10, s7, s13, s8, s12, s9, s0, s1], listeners:[]
2024-12-25 19:05:45,866 INFO  server.RaftServer$Division (RaftServerImpl.java:setConfigurationAsync(1348)) - s7@group-4CF2EC507520: receive setConfiguration SetConfigurationRequest:client-9E894F3AA110->s7@group-4CF2EC507520, cid=2065, seq=null, RW, null, SET_UNCONDITIONALLY, servers:[s11, s10, s7, s13, s8, s12, s9, s0, s1], listeners:[]
2024-12-25 19:05:45,966 INFO  server.RaftServer$Division (RaftServerImpl.java:setConfigurationAsync(1348)) - s9@group-4CF2EC507520: receive setConfiguration SetConfigurationRequest:client-9E894F3AA110->s9@group-4CF2EC507520, cid=2065, seq=null, RW, null, SET_UNCONDITIONALLY, servers:[s11, s10, s7, s13, s8, s12, s9, s0, s1], listeners:[]
2024-12-25 19:05:46,066 INFO  server.RaftServer$Division (RaftServerImpl.java:setConfigurationAsync(1348)) - s7@group-4CF2EC507520: receive setConfiguration SetConfigurationRequest:client-9E894F3AA110->s7@group-4CF2EC507520, cid=2065, seq=null, RW, null, SET_UNCONDITIONALLY, servers:[s11, s10, s7, s13, s8, s12, s9, s0, s1], listeners:[]
2024-12-25 19:05:46,167 INFO  server.RaftServer$Division (RaftServerImpl.java:setConfigurationAsync(1348)) - s8@group-4CF2EC507520: receive setConfiguration SetConfigurationRequest:client-9E894F3AA110->s8@group-4CF2EC507520, cid=2065, seq=null, RW, null, SET_UNCONDITIONALLY, servers:[s11, s10, s7, s13, s8, s12, s9, s0, s1], listeners:[]
2024-12-25 19:05:46,267 INFO  server.RaftServer$Division (RaftServerImpl.java:setConfigurationAsync(1348)) - s7@group-4CF2EC507520: receive setConfiguration SetConfigurationRequest:client-9E894F3AA110->s7@group-4CF2EC507520, cid=2065, seq=null, RW, null, SET_UNCONDITIONALLY, servers:[s11, s10, s7, s13, s8, s12, s9, s0, s1], listeners:[]
2024-12-25 19:05:46,367 INFO  server.RaftServer$Division (RaftServerImpl.java:setConfigurationAsync(1348)) - s1@group-4CF2EC507520: receive setConfiguration SetConfigurationRequest:client-9E894F3AA110->s1@group-4CF2EC507520, cid=2065, seq=null, RW, null, SET_UNCONDITIONALLY, servers:[s11, s10, s7, s13, s8, s12, s9, s0, s1], listeners:[]
2024-12-25 19:05:46,467 INFO  server.RaftServer$Division (RaftServerImpl.java:setConfigurationAsync(1348)) - s9@group-4CF2EC507520: receive setConfiguration SetConfigurationRequest:client-9E894F3AA110->s9@group-4CF2EC507520, cid=2065, seq=null, RW, null, SET_UNCONDITIONALLY, servers:[s11, s10, s7, s13, s8, s12, s9, s0, s1], listeners:[]
2024-12-25 19:05:46,568 INFO  server.RaftServer$Division (RaftServerImpl.java:setConfigurationAsync(1348)) - s7@group-4CF2EC507520: receive setConfiguration SetConfigurationRequest:client-9E894F3AA110->s7@group-4CF2EC507520, cid=2065, seq=null, RW, null, SET_UNCONDITIONALLY, servers:[s11, s10, s7, s13, s8, s12, s9, s0, s1], listeners:[]
2024-12-25 19:05:46,668 INFO  server.RaftServer$Division (RaftServerImpl.java:setConfigurationAsync(1348)) - s1@group-4CF2EC507520: receive setConfiguration SetConfigurationRequest:client-9E894F3AA110->s1@group-4CF2EC507520, cid=2065, seq=null, RW, null, SET_UNCONDITIONALLY, servers:[s11, s10, s7, s13, s8, s12, s9, s0, s1], listeners:[]
2024-12-25 19:05:46,768 INFO  server.RaftServer$Division (RaftServerImpl.java:setConfigurationAsync(1348)) - s9@group-4CF2EC507520: receive setConfiguration SetConfigurationRequest:client-9E894F3AA110->s9@group-4CF2EC507520, cid=2065, seq=null, RW, null, SET_UNCONDITIONALLY, servers:[s11, s10, s7, s13, s8, s12, s9, s0, s1], listeners:[]
2024-12-25 19:05:46,869 INFO  server.RaftServer$Division (RaftServerImpl.java:setConfigurationAsync(1348)) - s7@group-4CF2EC507520: receive setConfiguration SetConfigurationRequest:client-9E894F3AA110->s7@group-4CF2EC507520, cid=2065, seq=null, RW, null, SET_UNCONDITIONALLY, servers:[s11, s10, s7, s13, s8, s12, s9, s0, s1], listeners:[]
2024-12-25 19:05:46,969 INFO  server.RaftServer$Division (RaftServerImpl.java:setConfigurationAsync(1348)) - s8@group-4CF2EC507520: receive setConfiguration SetConfigurationRequest:client-9E894F3AA110->s8@group-4CF2EC507520, cid=2065, seq=null, RW, null, SET_UNCONDITIONALLY, servers:[s11, s10, s7, s13, s8, s12, s9, s0, s1], listeners:[]
2024-12-25 19:05:47,057 INFO  impl.MiniRaftCluster (MiniRaftCluster.java:lambda$null$7(362)) - TIMED-PRINT: printing ALL groups
  s3:  RUNNING [
   FOLLOWER s3@group-4CF2EC507520:t0, leader=null, voted=, raftlog=Memoized:s3@group-4CF2EC507520-SegmentedRaftLog:OPENED:c-1:lastnull, conf=conf: {index: -1, cur=peers:[]|listeners:[], old=null} STARTING
   FOLLOWER s3@group-6AB839334A82:t0, leader=null, voted=, raftlog=Memoized:s3@group-6AB839334A82-SegmentedRaftLog:OPENED:c-1:lastnull, conf=conf: {index: -1, cur=peers:[]|listeners:[], old=null} STARTING] size=2
  s4:  RUNNING [
   FOLLOWER s4@group-4CF2EC507520:t0, leader=null, voted=, raftlog=Memoized:s4@group-4CF2EC507520-SegmentedRaftLog:OPENED:c-1:lastnull, conf=conf: {index: -1, cur=peers:[]|listeners:[], old=null} STARTING
   FOLLOWER s4@group-6AB839334A82:t0, leader=null, voted=, raftlog=Memoized:s4@group-6AB839334A82-SegmentedRaftLog:OPENED:c-1:lastnull, conf=conf: {index: -1, cur=peers:[]|listeners:[], old=null} STARTING] size=2
  s5:  RUNNING [
   FOLLOWER s5@group-4CF2EC507520:t0, leader=null, voted=, raftlog=Memoized:s5@group-4CF2EC507520-SegmentedRaftLog:OPENED:c-1:lastnull, conf=conf: {index: -1, cur=peers:[]|listeners:[], old=null} STARTING
   FOLLOWER s5@group-6AB839334A82:t0, leader=null, voted=, raftlog=Memoized:s5@group-6AB839334A82-SegmentedRaftLog:OPENED:c-1:lastnull, conf=conf: {index: -1, cur=peers:[]|listeners:[], old=null} STARTING] size=2
  s6:  RUNNING [
   FOLLOWER s6@group-4CF2EC507520:t0, leader=null, voted=, raftlog=Memoized:s6@group-4CF2EC507520-SegmentedRaftLog:OPENED:c-1:lastnull, conf=conf: {index: -1, cur=peers:[]|listeners:[], old=null} STARTING
   FOLLOWER s6@group-6AB839334A82:t0, leader=null, voted=, raftlog=Memoized:s6@group-6AB839334A82-SegmentedRaftLog:OPENED:c-1:lastnull, conf=conf: {index: -1, cur=peers:[]|listeners:[], old=null} STARTING] size=2
  s7:  RUNNING [
     LEADER s7@group-4CF2EC507520:t1, leader=s7, voted=s7, raftlog=Memoized:s7@group-4CF2EC507520-SegmentedRaftLog:OPENED:c123:last(t:1, i:124), conf=conf: {index: 123, cur=peers:[s7, s8, s9, s0, s1]|listeners:[], old=null} RUNNING
   FOLLOWER s7@group-6AB839334A82:t0, leader=null, voted=, raftlog=Memoized:s7@group-6AB839334A82-SegmentedRaftLog:OPENED:c-1:lastnull, conf=conf: {index: -1, cur=peers:[]|listeners:[], old=null} STARTING] size=2
  s8:  RUNNING [
   FOLLOWER s8@group-4CF2EC507520:t1, leader=s7, voted=s7, raftlog=Memoized:s8@group-4CF2EC507520-SegmentedRaftLog:OPENED:c123:last(t:1, i:124), conf=conf: {index: 123, cur=peers:[s7|, s8|, s9|, s0|, s1|]|listeners:[], old=null} RUNNING
   FOLLOWER s8@group-6AB839334A82:t0, leader=null, voted=, raftlog=Memoized:s8@group-6AB839334A82-SegmentedRaftLog:OPENED:c-1:lastnull, conf=conf: {index: -1, cur=peers:[]|listeners:[], old=null} STARTING] size=2
  s9:  RUNNING [
   FOLLOWER s9@group-4CF2EC507520:t1, leader=s7, voted=s7, raftlog=Memoized:s9@group-4CF2EC507520-SegmentedRaftLog:OPENED:c123:last(t:1, i:124), conf=conf: {index: 123, cur=peers:[s7|, s8|, s9|, s0|, s1|]|listeners:[], old=null} RUNNING
   FOLLOWER s9@group-6AB839334A82:t0, leader=null, voted=, raftlog=Memoized:s9@group-6AB839334A82-SegmentedRaftLog:OPENED:c-1:lastnull, conf=conf: {index: -1, cur=peers:[]|listeners:[], old=null} STARTING] size=2
  s11:  RUNNING [
   FOLLOWER s11@group-4CF2EC507520:t1, leader=s7, voted=null, raftlog=Memoized:s11@group-4CF2EC507520-SegmentedRaftLog:OPENED:c123:last(t:1, i:124), conf=conf: {index: 123, cur=peers:[s7|, s8|, s9|, s0|, s1|]|listeners:[], old=null} STARTING
   FOLLOWER s11@group-6AB839334A82:t0, leader=null, voted=, raftlog=Memoized:s11@group-6AB839334A82-SegmentedRaftLog:OPENED:c-1:lastnull, conf=conf: {index: -1, cur=peers:[]|listeners:[], old=null} STARTING] size=2
  s10:  RUNNING [
   FOLLOWER s10@group-4CF2EC507520:t1, leader=s7, voted=null, raftlog=Memoized:s10@group-4CF2EC507520-SegmentedRaftLog:OPENED:c123:last(t:1, i:124), conf=conf: {index: 123, cur=peers:[s7|, s8|, s9|, s0|, s1|]|listeners:[], old=null} STARTING
   FOLLOWER s10@group-6AB839334A82:t0, leader=null, voted=, raftlog=Memoized:s10@group-6AB839334A82-SegmentedRaftLog:OPENED:c-1:lastnull, conf=conf: {index: -1, cur=peers:[]|listeners:[], old=null} STARTING] size=2
  s13:  RUNNING [
   FOLLOWER s13@group-4CF2EC507520:t1, leader=s7, voted=null, raftlog=Memoized:s13@group-4CF2EC507520-SegmentedRaftLog:OPENED:c123:last(t:1, i:124), conf=conf: {index: 123, cur=peers:[s7|, s8|, s9|, s0|, s1|]|listeners:[], old=null} STARTING
   FOLLOWER s13@group-6AB839334A82:t0, leader=null, voted=, raftlog=Memoized:s13@group-6AB839334A82-SegmentedRaftLog:OPENED:c-1:lastnull, conf=conf: {index: -1, cur=peers:[]|listeners:[], old=null} STARTING] size=2
  s12:  RUNNING [
   FOLLOWER s12@group-4CF2EC507520:t1, leader=s7, voted=null, raftlog=Memoized:s12@group-4CF2EC507520-SegmentedRaftLog:OPENED:c123:last(t:1, i:124), conf=conf: {index: 123, cur=peers:[s7|, s8|, s9|, s0|, s1|]|listeners:[], old=null} STARTING
   FOLLOWER s12@group-6AB839334A82:t0, leader=null, voted=, raftlog=Memoized:s12@group-6AB839334A82-SegmentedRaftLog:OPENED:c-1:lastnull, conf=conf: {index: -1, cur=peers:[]|listeners:[], old=null} STARTING] size=2
  s14:  RUNNING [
   FOLLOWER s14@group-4CF2EC507520:t0, leader=null, voted=, raftlog=Memoized:s14@group-4CF2EC507520-SegmentedRaftLog:OPENED:c-1:lastnull, conf=conf: {index: -1, cur=peers:[]|listeners:[], old=null} STARTING
   FOLLOWER s14@group-6AB839334A82:t0, leader=null, voted=, raftlog=Memoized:s14@group-6AB839334A82-SegmentedRaftLog:OPENED:c-1:lastnull, conf=conf: {index: -1, cur=peers:[]|listeners:[], old=null} STARTING] size=2
  s0:  RUNNING [
   FOLLOWER s0@group-4CF2EC507520:t1, leader=s7, voted=null, raftlog=Memoized:s0@group-4CF2EC507520-SegmentedRaftLog:OPENED:c123:last(t:1, i:124), conf=conf: {index: 123, cur=peers:[s7|, s8|, s9|, s0|, s1|]|listeners:[], old=null} STARTING
   FOLLOWER s0@group-6AB839334A82:t0, leader=null, voted=, raftlog=Memoized:s0@group-6AB839334A82-SegmentedRaftLog:OPENED:c-1:lastnull, conf=conf: {index: -1, cur=peers:[]|listeners:[], old=null} STARTING] size=2
  s1:  RUNNING [
   FOLLOWER s1@group-4CF2EC507520:t1, leader=s7, voted=null, raftlog=Memoized:s1@group-4CF2EC507520-SegmentedRaftLog:OPENED:c123:last(t:1, i:124), conf=conf: {index: 123, cur=peers:[s7|, s8|, s9|, s0|, s1|]|listeners:[], old=null} STARTING
   FOLLOWER s1@group-6AB839334A82:t0, leader=null, voted=, raftlog=Memoized:s1@group-6AB839334A82-SegmentedRaftLog:OPENED:c-1:lastnull, conf=conf: {index: -1, cur=peers:[]|listeners:[], old=null} STARTING] size=2
  s2:  RUNNING [
   FOLLOWER s2@group-4CF2EC507520:t0, leader=null, voted=, raftlog=Memoized:s2@group-4CF2EC507520-SegmentedRaftLog:OPENED:c-1:lastnull, conf=conf: {index: -1, cur=peers:[]|listeners:[], old=null} STARTING
   FOLLOWER s2@group-6AB839334A82:t0, leader=null, voted=, raftlog=Memoized:s2@group-6AB839334A82-SegmentedRaftLog:OPENED:c-1:lastnull, conf=conf: {index: -1, cur=peers:[]|listeners:[], old=null} STARTING] size=2
2024-12-25 19:05:47,069 INFO  server.RaftServer$Division (RaftServerImpl.java:setConfigurationAsync(1348)) - s7@group-4CF2EC507520: receive setConfiguration SetConfigurationRequest:client-9E894F3AA110->s7@group-4CF2EC507520, cid=2065, seq=null, RW, null, SET_UNCONDITIONALLY, servers:[s11, s10, s7, s13, s8, s12, s9, s0, s1], listeners:[]
2024-12-25 19:05:47,170 INFO  server.RaftServer$Division (RaftServerImpl.java:setConfigurationAsync(1348)) - s0@group-4CF2EC507520: receive setConfiguration SetConfigurationRequest:client-9E894F3AA110->s0@group-4CF2EC507520, cid=2065, seq=null, RW, null, SET_UNCONDITIONALLY, servers:[s11, s10, s7, s13, s8, s12, s9, s0, s1], listeners:[]
2024-12-25 19:05:47,270 INFO  server.RaftServer$Division (RaftServerImpl.java:setConfigurationAsync(1348)) - s9@group-4CF2EC507520: receive setConfiguration SetConfigurationRequest:client-9E894F3AA110->s9@group-4CF2EC507520, cid=2065, seq=null, RW, null, SET_UNCONDITIONALLY, servers:[s11, s10, s7, s13, s8, s12, s9, s0, s1], listeners:[]
2024-12-25 19:05:47,371 INFO  server.RaftServer$Division (RaftServerImpl.java:setConfigurationAsync(1348)) - s7@group-4CF2EC507520: receive setConfiguration SetConfigurationRequest:client-9E894F3AA110->s7@group-4CF2EC507520, cid=2065, seq=null, RW, null, SET_UNCONDITIONALLY, servers:[s11, s10, s7, s13, s8, s12, s9, s0, s1], listeners:[]
2024-12-25 19:05:47,471 INFO  server.RaftServer$Division (RaftServerImpl.java:setConfigurationAsync(1348)) - s9@group-4CF2EC507520: receive setConfiguration SetConfigurationRequest:client-9E894F3AA110->s9@group-4CF2EC507520, cid=2065, seq=null, RW, null, SET_UNCONDITIONALLY, servers:[s11, s10, s7, s13, s8, s12, s9, s0, s1], listeners:[]
2024-12-25 19:05:47,571 INFO  server.RaftServer$Division (RaftServerImpl.java:setConfigurationAsync(1348)) - s7@group-4CF2EC507520: receive setConfiguration SetConfigurationRequest:client-9E894F3AA110->s7@group-4CF2EC507520, cid=2065, seq=null, RW, null, SET_UNCONDITIONALLY, servers:[s11, s10, s7, s13, s8, s12, s9, s0, s1], listeners:[]
2024-12-25 19:05:47,672 INFO  server.RaftServer$Division (RaftServerImpl.java:setConfigurationAsync(1348)) - s8@group-4CF2EC507520: receive setConfiguration SetConfigurationRequest:client-9E894F3AA110->s8@group-4CF2EC507520, cid=2065, seq=null, RW, null, SET_UNCONDITIONALLY, servers:[s11, s10, s7, s13, s8, s12, s9, s0, s1], listeners:[]
2024-12-25 19:05:47,772 INFO  server.RaftServer$Division (RaftServerImpl.java:setConfigurationAsync(1348)) - s7@group-4CF2EC507520: receive setConfiguration SetConfigurationRequest:client-9E894F3AA110->s7@group-4CF2EC507520, cid=2065, seq=null, RW, null, SET_UNCONDITIONALLY, servers:[s11, s10, s7, s13, s8, s12, s9, s0, s1], listeners:[]
2024-12-25 19:05:47,872 INFO  server.RaftServer$Division (RaftServerImpl.java:setConfigurationAsync(1348)) - s9@group-4CF2EC507520: receive setConfiguration SetConfigurationRequest:client-9E894F3AA110->s9@group-4CF2EC507520, cid=2065, seq=null, RW, null, SET_UNCONDITIONALLY, servers:[s11, s10, s7, s13, s8, s12, s9, s0, s1], listeners:[]
2024-12-25 19:05:47,972 INFO  server.RaftServer$Division (RaftServerImpl.java:setConfigurationAsync(1348)) - s7@group-4CF2EC507520: receive setConfiguration SetConfigurationRequest:client-9E894F3AA110->s7@group-4CF2EC507520, cid=2065, seq=null, RW, null, SET_UNCONDITIONALLY, servers:[s11, s10, s7, s13, s8, s12, s9, s0, s1], listeners:[]
2024-12-25 19:05:48,073 INFO  server.RaftServer$Division (RaftServerImpl.java:setConfigurationAsync(1348)) - s1@group-4CF2EC507520: receive setConfiguration SetConfigurationRequest:client-9E894F3AA110->s1@group-4CF2EC507520, cid=2065, seq=null, RW, null, SET_UNCONDITIONALLY, servers:[s11, s10, s7, s13, s8, s12, s9, s0, s1], listeners:[]
2024-12-25 19:05:48,173 INFO  server.RaftServer$Division (RaftServerImpl.java:setConfigurationAsync(1348)) - s7@group-4CF2EC507520: receive setConfiguration SetConfigurationRequest:client-9E894F3AA110->s7@group-4CF2EC507520, cid=2065, seq=null, RW, null, SET_UNCONDITIONALLY, servers:[s11, s10, s7, s13, s8, s12, s9, s0, s1], listeners:[]
2024-12-25 19:05:48,273 INFO  server.RaftServer$Division (RaftServerImpl.java:setConfigurationAsync(1348)) - s8@group-4CF2EC507520: receive setConfiguration SetConfigurationRequest:client-9E894F3AA110->s8@group-4CF2EC507520, cid=2065, seq=null, RW, null, SET_UNCONDITIONALLY, servers:[s11, s10, s7, s13, s8, s12, s9, s0, s1], listeners:[]
2024-12-25 19:05:48,374 INFO  server.RaftServer$Division (RaftServerImpl.java:setConfigurationAsync(1348)) - s7@group-4CF2EC507520: receive setConfiguration SetConfigurationRequest:client-9E894F3AA110->s7@group-4CF2EC507520, cid=2065, seq=null, RW, null, SET_UNCONDITIONALLY, servers:[s11, s10, s7, s13, s8, s12, s9, s0, s1], listeners:[]
2024-12-25 19:05:48,474 INFO  server.RaftServer$Division (RaftServerImpl.java:setConfigurationAsync(1348)) - s8@group-4CF2EC507520: receive setConfiguration SetConfigurationRequest:client-9E894F3AA110->s8@group-4CF2EC507520, cid=2065, seq=null, RW, null, SET_UNCONDITIONALLY, servers:[s11, s10, s7, s13, s8, s12, s9, s0, s1], listeners:[]
2024-12-25 19:05:48,574 INFO  server.RaftServer$Division (RaftServerImpl.java:setConfigurationAsync(1348)) - s7@group-4CF2EC507520: receive setConfiguration SetConfigurationRequest:client-9E894F3AA110->s7@group-4CF2EC507520, cid=2065, seq=null, RW, null, SET_UNCONDITIONALLY, servers:[s11, s10, s7, s13, s8, s12, s9, s0, s1], listeners:[]
2024-12-25 19:05:48,675 INFO  server.RaftServer$Division (RaftServerImpl.java:setConfigurationAsync(1348)) - s9@group-4CF2EC507520: receive setConfiguration SetConfigurationRequest:client-9E894F3AA110->s9@group-4CF2EC507520, cid=2065, seq=null, RW, null, SET_UNCONDITIONALLY, servers:[s11, s10, s7, s13, s8, s12, s9, s0, s1], listeners:[]
2024-12-25 19:05:48,775 INFO  server.RaftServer$Division (RaftServerImpl.java:setConfigurationAsync(1348)) - s7@group-4CF2EC507520: receive setConfiguration SetConfigurationRequest:client-9E894F3AA110->s7@group-4CF2EC507520, cid=2065, seq=null, RW, null, SET_UNCONDITIONALLY, servers:[s11, s10, s7, s13, s8, s12, s9, s0, s1], listeners:[]
2024-12-25 19:05:48,875 INFO  server.RaftServer$Division (RaftServerImpl.java:setConfigurationAsync(1348)) - s1@group-4CF2EC507520: receive setConfiguration SetConfigurationRequest:client-9E894F3AA110->s1@group-4CF2EC507520, cid=2065, seq=null, RW, null, SET_UNCONDITIONALLY, servers:[s11, s10, s7, s13, s8, s12, s9, s0, s1], listeners:[]
2024-12-25 19:05:48,976 INFO  server.RaftServer$Division (RaftServerImpl.java:setConfigurationAsync(1348)) - s7@group-4CF2EC507520: receive setConfiguration SetConfigurationRequest:client-9E894F3AA110->s7@group-4CF2EC507520, cid=2065, seq=null, RW, null, SET_UNCONDITIONALLY, servers:[s11, s10, s7, s13, s8, s12, s9, s0, s1], listeners:[]
2024-12-25 19:05:49,076 INFO  server.RaftServer$Division (RaftServerImpl.java:setConfigurationAsync(1348)) - s8@group-4CF2EC507520: receive setConfiguration SetConfigurationRequest:client-9E894F3AA110->s8@group-4CF2EC507520, cid=2065, seq=null, RW, null, SET_UNCONDITIONALLY, servers:[s11, s10, s7, s13, s8, s12, s9, s0, s1], listeners:[]
2024-12-25 19:05:49,176 INFO  server.RaftServer$Division (RaftServerImpl.java:setConfigurationAsync(1348)) - s7@group-4CF2EC507520: receive setConfiguration SetConfigurationRequest:client-9E894F3AA110->s7@group-4CF2EC507520, cid=2065, seq=null, RW, null, SET_UNCONDITIONALLY, servers:[s11, s10, s7, s13, s8, s12, s9, s0, s1], listeners:[]
2024-12-25 19:05:49,276 INFO  server.RaftServer$Division (RaftServerImpl.java:setConfigurationAsync(1348)) - s1@group-4CF2EC507520: receive setConfiguration SetConfigurationRequest:client-9E894F3AA110->s1@group-4CF2EC507520, cid=2065, seq=null, RW, null, SET_UNCONDITIONALLY, servers:[s11, s10, s7, s13, s8, s12, s9, s0, s1], listeners:[]
2024-12-25 19:05:49,377 INFO  server.RaftServer$Division (RaftServerImpl.java:setConfigurationAsync(1348)) - s0@group-4CF2EC507520: receive setConfiguration SetConfigurationRequest:client-9E894F3AA110->s0@group-4CF2EC507520, cid=2065, seq=null, RW, null, SET_UNCONDITIONALLY, servers:[s11, s10, s7, s13, s8, s12, s9, s0, s1], listeners:[]
2024-12-25 19:05:49,477 INFO  server.RaftServer$Division (RaftServerImpl.java:setConfigurationAsync(1348)) - s8@group-4CF2EC507520: receive setConfiguration SetConfigurationRequest:client-9E894F3AA110->s8@group-4CF2EC507520, cid=2065, seq=null, RW, null, SET_UNCONDITIONALLY, servers:[s11, s10, s7, s13, s8, s12, s9, s0, s1], listeners:[]
2024-12-25 19:05:49,577 INFO  server.RaftServer$Division (RaftServerImpl.java:setConfigurationAsync(1348)) - s7@group-4CF2EC507520: receive setConfiguration SetConfigurationRequest:client-9E894F3AA110->s7@group-4CF2EC507520, cid=2065, seq=null, RW, null, SET_UNCONDITIONALLY, servers:[s11, s10, s7, s13, s8, s12, s9, s0, s1], listeners:[]
2024-12-25 19:05:49,678 INFO  server.RaftServer$Division (RaftServerImpl.java:setConfigurationAsync(1348)) - s8@group-4CF2EC507520: receive setConfiguration SetConfigurationRequest:client-9E894F3AA110->s8@group-4CF2EC507520, cid=2065, seq=null, RW, null, SET_UNCONDITIONALLY, servers:[s11, s10, s7, s13, s8, s12, s9, s0, s1], listeners:[]
2024-12-25 19:05:49,778 INFO  server.RaftServer$Division (RaftServerImpl.java:setConfigurationAsync(1348)) - s7@group-4CF2EC507520: receive setConfiguration SetConfigurationRequest:client-9E894F3AA110->s7@group-4CF2EC507520, cid=2065, seq=null, RW, null, SET_UNCONDITIONALLY, servers:[s11, s10, s7, s13, s8, s12, s9, s0, s1], listeners:[]
2024-12-25 19:05:49,878 INFO  server.RaftServer$Division (RaftServerImpl.java:setConfigurationAsync(1348)) - s0@group-4CF2EC507520: receive setConfiguration SetConfigurationRequest:client-9E894F3AA110->s0@group-4CF2EC507520, cid=2065, seq=null, RW, null, SET_UNCONDITIONALLY, servers:[s11, s10, s7, s13, s8, s12, s9, s0, s1], listeners:[]
2024-12-25 19:05:49,978 INFO  server.RaftServer$Division (RaftServerImpl.java:setConfigurationAsync(1348)) - s8@group-4CF2EC507520: receive setConfiguration SetConfigurationRequest:client-9E894F3AA110->s8@group-4CF2EC507520, cid=2065, seq=null, RW, null, SET_UNCONDITIONALLY, servers:[s11, s10, s7, s13, s8, s12, s9, s0, s1], listeners:[]
2024-12-25 19:05:50,079 INFO  server.RaftServer$Division (RaftServerImpl.java:setConfigurationAsync(1348)) - s7@group-4CF2EC507520: receive setConfiguration SetConfigurationRequest:client-9E894F3AA110->s7@group-4CF2EC507520, cid=2065, seq=null, RW, null, SET_UNCONDITIONALLY, servers:[s11, s10, s7, s13, s8, s12, s9, s0, s1], listeners:[]
2024-12-25 19:05:50,179 INFO  server.RaftServer$Division (RaftServerImpl.java:setConfigurationAsync(1348)) - s0@group-4CF2EC507520: receive setConfiguration SetConfigurationRequest:client-9E894F3AA110->s0@group-4CF2EC507520, cid=2065, seq=null, RW, null, SET_UNCONDITIONALLY, servers:[s11, s10, s7, s13, s8, s12, s9, s0, s1], listeners:[]
2024-12-25 19:05:50,279 INFO  server.RaftServer$Division (RaftServerImpl.java:setConfigurationAsync(1348)) - s7@group-4CF2EC507520: receive setConfiguration SetConfigurationRequest:client-9E894F3AA110->s7@group-4CF2EC507520, cid=2065, seq=null, RW, null, SET_UNCONDITIONALLY, servers:[s11, s10, s7, s13, s8, s12, s9, s0, s1], listeners:[]
2024-12-25 19:05:50,380 INFO  server.RaftServer$Division (RaftServerImpl.java:setConfigurationAsync(1348)) - s9@group-4CF2EC507520: receive setConfiguration SetConfigurationRequest:client-9E894F3AA110->s9@group-4CF2EC507520, cid=2065, seq=null, RW, null, SET_UNCONDITIONALLY, servers:[s11, s10, s7, s13, s8, s12, s9, s0, s1], listeners:[]
2024-12-25 19:05:50,480 INFO  server.RaftServer$Division (RaftServerImpl.java:setConfigurationAsync(1348)) - s7@group-4CF2EC507520: receive setConfiguration SetConfigurationRequest:client-9E894F3AA110->s7@group-4CF2EC507520, cid=2065, seq=null, RW, null, SET_UNCONDITIONALLY, servers:[s11, s10, s7, s13, s8, s12, s9, s0, s1], listeners:[]
2024-12-25 19:05:50,580 INFO  server.RaftServer$Division (RaftServerImpl.java:setConfigurationAsync(1348)) - s8@group-4CF2EC507520: receive setConfiguration SetConfigurationRequest:client-9E894F3AA110->s8@group-4CF2EC507520, cid=2065, seq=null, RW, null, SET_UNCONDITIONALLY, servers:[s11, s10, s7, s13, s8, s12, s9, s0, s1], listeners:[]
2024-12-25 19:05:50,681 INFO  server.RaftServer$Division (RaftServerImpl.java:setConfigurationAsync(1348)) - s7@group-4CF2EC507520: receive setConfiguration SetConfigurationRequest:client-9E894F3AA110->s7@group-4CF2EC507520, cid=2065, seq=null, RW, null, SET_UNCONDITIONALLY, servers:[s11, s10, s7, s13, s8, s12, s9, s0, s1], listeners:[]
2024-12-25 19:05:50,781 INFO  server.RaftServer$Division (RaftServerImpl.java:setConfigurationAsync(1348)) - s1@group-4CF2EC507520: receive setConfiguration SetConfigurationRequest:client-9E894F3AA110->s1@group-4CF2EC507520, cid=2065, seq=null, RW, null, SET_UNCONDITIONALLY, servers:[s11, s10, s7, s13, s8, s12, s9, s0, s1], listeners:[]
2024-12-25 19:05:50,881 INFO  server.RaftServer$Division (RaftServerImpl.java:setConfigurationAsync(1348)) - s7@group-4CF2EC507520: receive setConfiguration SetConfigurationRequest:client-9E894F3AA110->s7@group-4CF2EC507520, cid=2065, seq=null, RW, null, SET_UNCONDITIONALLY, servers:[s11, s10, s7, s13, s8, s12, s9, s0, s1], listeners:[]
2024-12-25 19:05:50,982 INFO  server.RaftServer$Division (RaftServerImpl.java:setConfigurationAsync(1348)) - s0@group-4CF2EC507520: receive setConfiguration SetConfigurationRequest:client-9E894F3AA110->s0@group-4CF2EC507520, cid=2065, seq=null, RW, null, SET_UNCONDITIONALLY, servers:[s11, s10, s7, s13, s8, s12, s9, s0, s1], listeners:[]
2024-12-25 19:05:51,082 INFO  server.RaftServer$Division (RaftServerImpl.java:setConfigurationAsync(1348)) - s1@group-4CF2EC507520: receive setConfiguration SetConfigurationRequest:client-9E894F3AA110->s1@group-4CF2EC507520, cid=2065, seq=null, RW, null, SET_UNCONDITIONALLY, servers:[s11, s10, s7, s13, s8, s12, s9, s0, s1], listeners:[]
2024-12-25 19:05:51,182 INFO  server.RaftServer$Division (RaftServerImpl.java:setConfigurationAsync(1348)) - s9@group-4CF2EC507520: receive setConfiguration SetConfigurationRequest:client-9E894F3AA110->s9@group-4CF2EC507520, cid=2065, seq=null, RW, null, SET_UNCONDITIONALLY, servers:[s11, s10, s7, s13, s8, s12, s9, s0, s1], listeners:[]
2024-12-25 19:05:51,282 INFO  server.RaftServer$Division (RaftServerImpl.java:setConfigurationAsync(1348)) - s7@group-4CF2EC507520: receive setConfiguration SetConfigurationRequest:client-9E894F3AA110->s7@group-4CF2EC507520, cid=2065, seq=null, RW, null, SET_UNCONDITIONALLY, servers:[s11, s10, s7, s13, s8, s12, s9, s0, s1], listeners:[]
2024-12-25 19:05:51,383 INFO  server.RaftServer$Division (RaftServerImpl.java:setConfigurationAsync(1348)) - s8@group-4CF2EC507520: receive setConfiguration SetConfigurationRequest:client-9E894F3AA110->s8@group-4CF2EC507520, cid=2065, seq=null, RW, null, SET_UNCONDITIONALLY, servers:[s11, s10, s7, s13, s8, s12, s9, s0, s1], listeners:[]
2024-12-25 19:05:51,483 INFO  server.RaftServer$Division (RaftServerImpl.java:setConfigurationAsync(1348)) - s7@group-4CF2EC507520: receive setConfiguration SetConfigurationRequest:client-9E894F3AA110->s7@group-4CF2EC507520, cid=2065, seq=null, RW, null, SET_UNCONDITIONALLY, servers:[s11, s10, s7, s13, s8, s12, s9, s0, s1], listeners:[]
2024-12-25 19:05:51,583 INFO  server.RaftServer$Division (RaftServerImpl.java:setConfigurationAsync(1348)) - s0@group-4CF2EC507520: receive setConfiguration SetConfigurationRequest:client-9E894F3AA110->s0@group-4CF2EC507520, cid=2065, seq=null, RW, null, SET_UNCONDITIONALLY, servers:[s11, s10, s7, s13, s8, s12, s9, s0, s1], listeners:[]
2024-12-25 19:05:51,684 INFO  server.RaftServer$Division (RaftServerImpl.java:setConfigurationAsync(1348)) - s7@group-4CF2EC507520: receive setConfiguration SetConfigurationRequest:client-9E894F3AA110->s7@group-4CF2EC507520, cid=2065, seq=null, RW, null, SET_UNCONDITIONALLY, servers:[s11, s10, s7, s13, s8, s12, s9, s0, s1], listeners:[]
2024-12-25 19:05:51,784 INFO  server.RaftServer$Division (RaftServerImpl.java:setConfigurationAsync(1348)) - s9@group-4CF2EC507520: receive setConfiguration SetConfigurationRequest:client-9E894F3AA110->s9@group-4CF2EC507520, cid=2065, seq=null, RW, null, SET_UNCONDITIONALLY, servers:[s11, s10, s7, s13, s8, s12, s9, s0, s1], listeners:[]
2024-12-25 19:05:51,884 INFO  server.RaftServer$Division (RaftServerImpl.java:setConfigurationAsync(1348)) - s7@group-4CF2EC507520: receive setConfiguration SetConfigurationRequest:client-9E894F3AA110->s7@group-4CF2EC507520, cid=2065, seq=null, RW, null, SET_UNCONDITIONALLY, servers:[s11, s10, s7, s13, s8, s12, s9, s0, s1], listeners:[]
2024-12-25 19:05:51,985 INFO  server.RaftServer$Division (RaftServerImpl.java:setConfigurationAsync(1348)) - s8@group-4CF2EC507520: receive setConfiguration SetConfigurationRequest:client-9E894F3AA110->s8@group-4CF2EC507520, cid=2065, seq=null, RW, null, SET_UNCONDITIONALLY, servers:[s11, s10, s7, s13, s8, s12, s9, s0, s1], listeners:[]
2024-12-25 19:05:52,085 INFO  server.RaftServer$Division (RaftServerImpl.java:setConfigurationAsync(1348)) - s7@group-4CF2EC507520: receive setConfiguration SetConfigurationRequest:client-9E894F3AA110->s7@group-4CF2EC507520, cid=2065, seq=null, RW, null, SET_UNCONDITIONALLY, servers:[s11, s10, s7, s13, s8, s12, s9, s0, s1], listeners:[]
2024-12-25 19:05:52,185 INFO  server.RaftServer$Division (RaftServerImpl.java:setConfigurationAsync(1348)) - s9@group-4CF2EC507520: receive setConfiguration SetConfigurationRequest:client-9E894F3AA110->s9@group-4CF2EC507520, cid=2065, seq=null, RW, null, SET_UNCONDITIONALLY, servers:[s11, s10, s7, s13, s8, s12, s9, s0, s1], listeners:[]
2024-12-25 19:05:52,286 INFO  server.RaftServer$Division (RaftServerImpl.java:setConfigurationAsync(1348)) - s7@group-4CF2EC507520: receive setConfiguration SetConfigurationRequest:client-9E894F3AA110->s7@group-4CF2EC507520, cid=2065, seq=null, RW, null, SET_UNCONDITIONALLY, servers:[s11, s10, s7, s13, s8, s12, s9, s0, s1], listeners:[]
2024-12-25 19:05:52,386 INFO  server.RaftServer$Division (RaftServerImpl.java:setConfigurationAsync(1348)) - s0@group-4CF2EC507520: receive setConfiguration SetConfigurationRequest:client-9E894F3AA110->s0@group-4CF2EC507520, cid=2065, seq=null, RW, null, SET_UNCONDITIONALLY, servers:[s11, s10, s7, s13, s8, s12, s9, s0, s1], listeners:[]
2024-12-25 19:05:52,486 INFO  server.RaftServer$Division (RaftServerImpl.java:setConfigurationAsync(1348)) - s9@group-4CF2EC507520: receive setConfiguration SetConfigurationRequest:client-9E894F3AA110->s9@group-4CF2EC507520, cid=2065, seq=null, RW, null, SET_UNCONDITIONALLY, servers:[s11, s10, s7, s13, s8, s12, s9, s0, s1], listeners:[]
2024-12-25 19:05:52,586 INFO  server.RaftServer$Division (RaftServerImpl.java:setConfigurationAsync(1348)) - s7@group-4CF2EC507520: receive setConfiguration SetConfigurationRequest:client-9E894F3AA110->s7@group-4CF2EC507520, cid=2065, seq=null, RW, null, SET_UNCONDITIONALLY, servers:[s11, s10, s7, s13, s8, s12, s9, s0, s1], listeners:[]
2024-12-25 19:05:52,687 INFO  server.RaftServer$Division (RaftServerImpl.java:setConfigurationAsync(1348)) - s9@group-4CF2EC507520: receive setConfiguration SetConfigurationRequest:client-9E894F3AA110->s9@group-4CF2EC507520, cid=2065, seq=null, RW, null, SET_UNCONDITIONALLY, servers:[s11, s10, s7, s13, s8, s12, s9, s0, s1], listeners:[]
2024-12-25 19:05:52,787 INFO  server.RaftServer$Division (RaftServerImpl.java:setConfigurationAsync(1348)) - s7@group-4CF2EC507520: receive setConfiguration SetConfigurationRequest:client-9E894F3AA110->s7@group-4CF2EC507520, cid=2065, seq=null, RW, null, SET_UNCONDITIONALLY, servers:[s11, s10, s7, s13, s8, s12, s9, s0, s1], listeners:[]
2024-12-25 19:05:52,887 INFO  server.RaftServer$Division (RaftServerImpl.java:setConfigurationAsync(1348)) - s0@group-4CF2EC507520: receive setConfiguration SetConfigurationRequest:client-9E894F3AA110->s0@group-4CF2EC507520, cid=2065, seq=null, RW, null, SET_UNCONDITIONALLY, servers:[s11, s10, s7, s13, s8, s12, s9, s0, s1], listeners:[]
2024-12-25 19:05:52,988 INFO  server.RaftServer$Division (RaftServerImpl.java:setConfigurationAsync(1348)) - s8@group-4CF2EC507520: receive setConfiguration SetConfigurationRequest:client-9E894F3AA110->s8@group-4CF2EC507520, cid=2065, seq=null, RW, null, SET_UNCONDITIONALLY, servers:[s11, s10, s7, s13, s8, s12, s9, s0, s1], listeners:[]
2024-12-25 19:05:53,088 INFO  server.RaftServer$Division (RaftServerImpl.java:setConfigurationAsync(1348)) - s7@group-4CF2EC507520: receive setConfiguration SetConfigurationRequest:client-9E894F3AA110->s7@group-4CF2EC507520, cid=2065, seq=null, RW, null, SET_UNCONDITIONALLY, servers:[s11, s10, s7, s13, s8, s12, s9, s0, s1], listeners:[]
2024-12-25 19:05:53,188 INFO  server.RaftServer$Division (RaftServerImpl.java:setConfigurationAsync(1348)) - s0@group-4CF2EC507520: receive setConfiguration SetConfigurationRequest:client-9E894F3AA110->s0@group-4CF2EC507520, cid=2065, seq=null, RW, null, SET_UNCONDITIONALLY, servers:[s11, s10, s7, s13, s8, s12, s9, s0, s1], listeners:[]
2024-12-25 19:05:53,289 INFO  server.RaftServer$Division (RaftServerImpl.java:setConfigurationAsync(1348)) - s8@group-4CF2EC507520: receive setConfiguration SetConfigurationRequest:client-9E894F3AA110->s8@group-4CF2EC507520, cid=2065, seq=null, RW, null, SET_UNCONDITIONALLY, servers:[s11, s10, s7, s13, s8, s12, s9, s0, s1], listeners:[]
2024-12-25 19:05:53,389 INFO  server.RaftServer$Division (RaftServerImpl.java:setConfigurationAsync(1348)) - s7@group-4CF2EC507520: receive setConfiguration SetConfigurationRequest:client-9E894F3AA110->s7@group-4CF2EC507520, cid=2065, seq=null, RW, null, SET_UNCONDITIONALLY, servers:[s11, s10, s7, s13, s8, s12, s9, s0, s1], listeners:[]
2024-12-25 19:05:53,489 INFO  server.RaftServer$Division (RaftServerImpl.java:setConfigurationAsync(1348)) - s1@group-4CF2EC507520: receive setConfiguration SetConfigurationRequest:client-9E894F3AA110->s1@group-4CF2EC507520, cid=2065, seq=null, RW, null, SET_UNCONDITIONALLY, servers:[s11, s10, s7, s13, s8, s12, s9, s0, s1], listeners:[]
2024-12-25 19:05:53,590 INFO  server.RaftServer$Division (RaftServerImpl.java:setConfigurationAsync(1348)) - s9@group-4CF2EC507520: receive setConfiguration SetConfigurationRequest:client-9E894F3AA110->s9@group-4CF2EC507520, cid=2065, seq=null, RW, null, SET_UNCONDITIONALLY, servers:[s11, s10, s7, s13, s8, s12, s9, s0, s1], listeners:[]
2024-12-25 19:05:53,690 INFO  server.RaftServer$Division (RaftServerImpl.java:setConfigurationAsync(1348)) - s7@group-4CF2EC507520: receive setConfiguration SetConfigurationRequest:client-9E894F3AA110->s7@group-4CF2EC507520, cid=2065, seq=null, RW, null, SET_UNCONDITIONALLY, servers:[s11, s10, s7, s13, s8, s12, s9, s0, s1], listeners:[]
2024-12-25 19:05:53,790 INFO  server.RaftServer$Division (RaftServerImpl.java:setConfigurationAsync(1348)) - s9@group-4CF2EC507520: receive setConfiguration SetConfigurationRequest:client-9E894F3AA110->s9@group-4CF2EC507520, cid=2065, seq=null, RW, null, SET_UNCONDITIONALLY, servers:[s11, s10, s7, s13, s8, s12, s9, s0, s1], listeners:[]
2024-12-25 19:05:53,891 INFO  server.RaftServer$Division (RaftServerImpl.java:setConfigurationAsync(1348)) - s7@group-4CF2EC507520: receive setConfiguration SetConfigurationRequest:client-9E894F3AA110->s7@group-4CF2EC507520, cid=2065, seq=null, RW, null, SET_UNCONDITIONALLY, servers:[s11, s10, s7, s13, s8, s12, s9, s0, s1], listeners:[]
2024-12-25 19:05:53,991 INFO  server.RaftServer$Division (RaftServerImpl.java:setConfigurationAsync(1348)) - s8@group-4CF2EC507520: receive setConfiguration SetConfigurationRequest:client-9E894F3AA110->s8@group-4CF2EC507520, cid=2065, seq=null, RW, null, SET_UNCONDITIONALLY, servers:[s11, s10, s7, s13, s8, s12, s9, s0, s1], listeners:[]
2024-12-25 19:05:54,091 INFO  server.RaftServer$Division (RaftServerImpl.java:setConfigurationAsync(1348)) - s7@group-4CF2EC507520: receive setConfiguration SetConfigurationRequest:client-9E894F3AA110->s7@group-4CF2EC507520, cid=2065, seq=null, RW, null, SET_UNCONDITIONALLY, servers:[s11, s10, s7, s13, s8, s12, s9, s0, s1], listeners:[]
2024-12-25 19:05:54,192 INFO  server.RaftServer$Division (RaftServerImpl.java:setConfigurationAsync(1348)) - s8@group-4CF2EC507520: receive setConfiguration SetConfigurationRequest:client-9E894F3AA110->s8@group-4CF2EC507520, cid=2065, seq=null, RW, null, SET_UNCONDITIONALLY, servers:[s11, s10, s7, s13, s8, s12, s9, s0, s1], listeners:[]
2024-12-25 19:05:54,292 INFO  server.RaftServer$Division (RaftServerImpl.java:setConfigurationAsync(1348)) - s7@group-4CF2EC507520: receive setConfiguration SetConfigurationRequest:client-9E894F3AA110->s7@group-4CF2EC507520, cid=2065, seq=null, RW, null, SET_UNCONDITIONALLY, servers:[s11, s10, s7, s13, s8, s12, s9, s0, s1], listeners:[]
2024-12-25 19:05:54,392 INFO  server.RaftServer$Division (RaftServerImpl.java:setConfigurationAsync(1348)) - s9@group-4CF2EC507520: receive setConfiguration SetConfigurationRequest:client-9E894F3AA110->s9@group-4CF2EC507520, cid=2065, seq=null, RW, null, SET_UNCONDITIONALLY, servers:[s11, s10, s7, s13, s8, s12, s9, s0, s1], listeners:[]
2024-12-25 19:05:54,493 INFO  server.RaftServer$Division (RaftServerImpl.java:setConfigurationAsync(1348)) - s7@group-4CF2EC507520: receive setConfiguration SetConfigurationRequest:client-9E894F3AA110->s7@group-4CF2EC507520, cid=2065, seq=null, RW, null, SET_UNCONDITIONALLY, servers:[s11, s10, s7, s13, s8, s12, s9, s0, s1], listeners:[]
2024-12-25 19:05:54,593 INFO  server.RaftServer$Division (RaftServerImpl.java:setConfigurationAsync(1348)) - s8@group-4CF2EC507520: receive setConfiguration SetConfigurationRequest:client-9E894F3AA110->s8@group-4CF2EC507520, cid=2065, seq=null, RW, null, SET_UNCONDITIONALLY, servers:[s11, s10, s7, s13, s8, s12, s9, s0, s1], listeners:[]
2024-12-25 19:05:54,693 INFO  server.RaftServer$Division (RaftServerImpl.java:setConfigurationAsync(1348)) - s7@group-4CF2EC507520: receive setConfiguration SetConfigurationRequest:client-9E894F3AA110->s7@group-4CF2EC507520, cid=2065, seq=null, RW, null, SET_UNCONDITIONALLY, servers:[s11, s10, s7, s13, s8, s12, s9, s0, s1], listeners:[]
2024-12-25 19:05:54,793 INFO  server.RaftServer$Division (RaftServerImpl.java:setConfigurationAsync(1348)) - s0@group-4CF2EC507520: receive setConfiguration SetConfigurationRequest:client-9E894F3AA110->s0@group-4CF2EC507520, cid=2065, seq=null, RW, null, SET_UNCONDITIONALLY, servers:[s11, s10, s7, s13, s8, s12, s9, s0, s1], listeners:[]
2024-12-25 19:05:54,894 INFO  server.RaftServer$Division (RaftServerImpl.java:setConfigurationAsync(1348)) - s8@group-4CF2EC507520: receive setConfiguration SetConfigurationRequest:client-9E894F3AA110->s8@group-4CF2EC507520, cid=2065, seq=null, RW, null, SET_UNCONDITIONALLY, servers:[s11, s10, s7, s13, s8, s12, s9, s0, s1], listeners:[]
2024-12-25 19:05:54,994 INFO  server.RaftServer$Division (RaftServerImpl.java:setConfigurationAsync(1348)) - s7@group-4CF2EC507520: receive setConfiguration SetConfigurationRequest:client-9E894F3AA110->s7@group-4CF2EC507520, cid=2065, seq=null, RW, null, SET_UNCONDITIONALLY, servers:[s11, s10, s7, s13, s8, s12, s9, s0, s1], listeners:[]
2024-12-25 19:05:55,094 INFO  server.RaftServer$Division (RaftServerImpl.java:setConfigurationAsync(1348)) - s0@group-4CF2EC507520: receive setConfiguration SetConfigurationRequest:client-9E894F3AA110->s0@group-4CF2EC507520, cid=2065, seq=null, RW, null, SET_UNCONDITIONALLY, servers:[s11, s10, s7, s13, s8, s12, s9, s0, s1], listeners:[]
2024-12-25 19:05:55,194 INFO  server.RaftServer$Division (RaftServerImpl.java:setConfigurationAsync(1348)) - s1@group-4CF2EC507520: receive setConfiguration SetConfigurationRequest:client-9E894F3AA110->s1@group-4CF2EC507520, cid=2065, seq=null, RW, null, SET_UNCONDITIONALLY, servers:[s11, s10, s7, s13, s8, s12, s9, s0, s1], listeners:[]
2024-12-25 19:05:55,295 INFO  server.RaftServer$Division (RaftServerImpl.java:setConfigurationAsync(1348)) - s7@group-4CF2EC507520: receive setConfiguration SetConfigurationRequest:client-9E894F3AA110->s7@group-4CF2EC507520, cid=2065, seq=null, RW, null, SET_UNCONDITIONALLY, servers:[s11, s10, s7, s13, s8, s12, s9, s0, s1], listeners:[]
2024-12-25 19:05:55,395 INFO  server.RaftServer$Division (RaftServerImpl.java:setConfigurationAsync(1348)) - s9@group-4CF2EC507520: receive setConfiguration SetConfigurationRequest:client-9E894F3AA110->s9@group-4CF2EC507520, cid=2065, seq=null, RW, null, SET_UNCONDITIONALLY, servers:[s11, s10, s7, s13, s8, s12, s9, s0, s1], listeners:[]
2024-12-25 19:05:55,495 INFO  server.RaftServer$Division (RaftServerImpl.java:setConfigurationAsync(1348)) - s7@group-4CF2EC507520: receive setConfiguration SetConfigurationRequest:client-9E894F3AA110->s7@group-4CF2EC507520, cid=2065, seq=null, RW, null, SET_UNCONDITIONALLY, servers:[s11, s10, s7, s13, s8, s12, s9, s0, s1], listeners:[]
2024-12-25 19:05:55,596 INFO  server.RaftServer$Division (RaftServerImpl.java:setConfigurationAsync(1348)) - s9@group-4CF2EC507520: receive setConfiguration SetConfigurationRequest:client-9E894F3AA110->s9@group-4CF2EC507520, cid=2065, seq=null, RW, null, SET_UNCONDITIONALLY, servers:[s11, s10, s7, s13, s8, s12, s9, s0, s1], listeners:[]
2024-12-25 19:05:55,696 INFO  server.RaftServer$Division (RaftServerImpl.java:setConfigurationAsync(1348)) - s7@group-4CF2EC507520: receive setConfiguration SetConfigurationRequest:client-9E894F3AA110->s7@group-4CF2EC507520, cid=2065, seq=null, RW, null, SET_UNCONDITIONALLY, servers:[s11, s10, s7, s13, s8, s12, s9, s0, s1], listeners:[]
2024-12-25 19:05:55,796 INFO  server.RaftServer$Division (RaftServerImpl.java:setConfigurationAsync(1348)) - s9@group-4CF2EC507520: receive setConfiguration SetConfigurationRequest:client-9E894F3AA110->s9@group-4CF2EC507520, cid=2065, seq=null, RW, null, SET_UNCONDITIONALLY, servers:[s11, s10, s7, s13, s8, s12, s9, s0, s1], listeners:[]
2024-12-25 19:05:55,896 INFO  server.RaftServer$Division (RaftServerImpl.java:setConfigurationAsync(1348)) - s7@group-4CF2EC507520: receive setConfiguration SetConfigurationRequest:client-9E894F3AA110->s7@group-4CF2EC507520, cid=2065, seq=null, RW, null, SET_UNCONDITIONALLY, servers:[s11, s10, s7, s13, s8, s12, s9, s0, s1], listeners:[]
2024-12-25 19:05:55,997 INFO  server.RaftServer$Division (RaftServerImpl.java:setConfigurationAsync(1348)) - s9@group-4CF2EC507520: receive setConfiguration SetConfigurationRequest:client-9E894F3AA110->s9@group-4CF2EC507520, cid=2065, seq=null, RW, null, SET_UNCONDITIONALLY, servers:[s11, s10, s7, s13, s8, s12, s9, s0, s1], listeners:[]
2024-12-25 19:05:56,097 INFO  server.RaftServer$Division (RaftServerImpl.java:setConfigurationAsync(1348)) - s7@group-4CF2EC507520: receive setConfiguration SetConfigurationRequest:client-9E894F3AA110->s7@group-4CF2EC507520, cid=2065, seq=null, RW, null, SET_UNCONDITIONALLY, servers:[s11, s10, s7, s13, s8, s12, s9, s0, s1], listeners:[]
2024-12-25 19:05:56,197 INFO  server.RaftServer$Division (RaftServerImpl.java:setConfigurationAsync(1348)) - s1@group-4CF2EC507520: receive setConfiguration SetConfigurationRequest:client-9E894F3AA110->s1@group-4CF2EC507520, cid=2065, seq=null, RW, null, SET_UNCONDITIONALLY, servers:[s11, s10, s7, s13, s8, s12, s9, s0, s1], listeners:[]
2024-12-25 19:05:56,298 INFO  server.RaftServer$Division (RaftServerImpl.java:setConfigurationAsync(1348)) - s0@group-4CF2EC507520: receive setConfiguration SetConfigurationRequest:client-9E894F3AA110->s0@group-4CF2EC507520, cid=2065, seq=null, RW, null, SET_UNCONDITIONALLY, servers:[s11, s10, s7, s13, s8, s12, s9, s0, s1], listeners:[]
2024-12-25 19:05:56,398 INFO  server.RaftServer$Division (RaftServerImpl.java:setConfigurationAsync(1348)) - s9@group-4CF2EC507520: receive setConfiguration SetConfigurationRequest:client-9E894F3AA110->s9@group-4CF2EC507520, cid=2065, seq=null, RW, null, SET_UNCONDITIONALLY, servers:[s11, s10, s7, s13, s8, s12, s9, s0, s1], listeners:[]
2024-12-25 19:05:56,498 INFO  server.RaftServer$Division (RaftServerImpl.java:setConfigurationAsync(1348)) - s7@group-4CF2EC507520: receive setConfiguration SetConfigurationRequest:client-9E894F3AA110->s7@group-4CF2EC507520, cid=2065, seq=null, RW, null, SET_UNCONDITIONALLY, servers:[s11, s10, s7, s13, s8, s12, s9, s0, s1], listeners:[]
2024-12-25 19:05:56,598 INFO  server.RaftServer$Division (RaftServerImpl.java:setConfigurationAsync(1348)) - s0@group-4CF2EC507520: receive setConfiguration SetConfigurationRequest:client-9E894F3AA110->s0@group-4CF2EC507520, cid=2065, seq=null, RW, null, SET_UNCONDITIONALLY, servers:[s11, s10, s7, s13, s8, s12, s9, s0, s1], listeners:[]
2024-12-25 19:05:56,699 INFO  server.RaftServer$Division (RaftServerImpl.java:setConfigurationAsync(1348)) - s9@group-4CF2EC507520: receive setConfiguration SetConfigurationRequest:client-9E894F3AA110->s9@group-4CF2EC507520, cid=2065, seq=null, RW, null, SET_UNCONDITIONALLY, servers:[s11, s10, s7, s13, s8, s12, s9, s0, s1], listeners:[]
2024-12-25 19:05:56,799 INFO  server.RaftServer$Division (RaftServerImpl.java:setConfigurationAsync(1348)) - s7@group-4CF2EC507520: receive setConfiguration SetConfigurationRequest:client-9E894F3AA110->s7@group-4CF2EC507520, cid=2065, seq=null, RW, null, SET_UNCONDITIONALLY, servers:[s11, s10, s7, s13, s8, s12, s9, s0, s1], listeners:[]
2024-12-25 19:05:56,899 INFO  server.RaftServer$Division (RaftServerImpl.java:setConfigurationAsync(1348)) - s9@group-4CF2EC507520: receive setConfiguration SetConfigurationRequest:client-9E894F3AA110->s9@group-4CF2EC507520, cid=2065, seq=null, RW, null, SET_UNCONDITIONALLY, servers:[s11, s10, s7, s13, s8, s12, s9, s0, s1], listeners:[]
2024-12-25 19:05:57,000 INFO  server.RaftServer$Division (RaftServerImpl.java:setConfigurationAsync(1348)) - s7@group-4CF2EC507520: receive setConfiguration SetConfigurationRequest:client-9E894F3AA110->s7@group-4CF2EC507520, cid=2065, seq=null, RW, null, SET_UNCONDITIONALLY, servers:[s11, s10, s7, s13, s8, s12, s9, s0, s1], listeners:[]
2024-12-25 19:05:57,058 INFO  impl.MiniRaftCluster (MiniRaftCluster.java:lambda$null$7(362)) - TIMED-PRINT: printing ALL groups
  s3:  RUNNING [
   FOLLOWER s3@group-4CF2EC507520:t0, leader=null, voted=, raftlog=Memoized:s3@group-4CF2EC507520-SegmentedRaftLog:OPENED:c-1:lastnull, conf=conf: {index: -1, cur=peers:[]|listeners:[], old=null} STARTING
   FOLLOWER s3@group-6AB839334A82:t0, leader=null, voted=, raftlog=Memoized:s3@group-6AB839334A82-SegmentedRaftLog:OPENED:c-1:lastnull, conf=conf: {index: -1, cur=peers:[]|listeners:[], old=null} STARTING] size=2
  s4:  RUNNING [
   FOLLOWER s4@group-4CF2EC507520:t0, leader=null, voted=, raftlog=Memoized:s4@group-4CF2EC507520-SegmentedRaftLog:OPENED:c-1:lastnull, conf=conf: {index: -1, cur=peers:[]|listeners:[], old=null} STARTING
   FOLLOWER s4@group-6AB839334A82:t0, leader=null, voted=, raftlog=Memoized:s4@group-6AB839334A82-SegmentedRaftLog:OPENED:c-1:lastnull, conf=conf: {index: -1, cur=peers:[]|listeners:[], old=null} STARTING] size=2
  s5:  RUNNING [
   FOLLOWER s5@group-4CF2EC507520:t0, leader=null, voted=, raftlog=Memoized:s5@group-4CF2EC507520-SegmentedRaftLog:OPENED:c-1:lastnull, conf=conf: {index: -1, cur=peers:[]|listeners:[], old=null} STARTING
   FOLLOWER s5@group-6AB839334A82:t0, leader=null, voted=, raftlog=Memoized:s5@group-6AB839334A82-SegmentedRaftLog:OPENED:c-1:lastnull, conf=conf: {index: -1, cur=peers:[]|listeners:[], old=null} STARTING] size=2
  s6:  RUNNING [
   FOLLOWER s6@group-4CF2EC507520:t0, leader=null, voted=, raftlog=Memoized:s6@group-4CF2EC507520-SegmentedRaftLog:OPENED:c-1:lastnull, conf=conf: {index: -1, cur=peers:[]|listeners:[], old=null} STARTING
   FOLLOWER s6@group-6AB839334A82:t0, leader=null, voted=, raftlog=Memoized:s6@group-6AB839334A82-SegmentedRaftLog:OPENED:c-1:lastnull, conf=conf: {index: -1, cur=peers:[]|listeners:[], old=null} STARTING] size=2
  s7:  RUNNING [
     LEADER s7@group-4CF2EC507520:t1, leader=s7, voted=s7, raftlog=Memoized:s7@group-4CF2EC507520-SegmentedRaftLog:OPENED:c123:last(t:1, i:124), conf=conf: {index: 123, cur=peers:[s7, s8, s9, s0, s1]|listeners:[], old=null} RUNNING
   FOLLOWER s7@group-6AB839334A82:t0, leader=null, voted=, raftlog=Memoized:s7@group-6AB839334A82-SegmentedRaftLog:OPENED:c-1:lastnull, conf=conf: {index: -1, cur=peers:[]|listeners:[], old=null} STARTING] size=2
  s8:  RUNNING [
   FOLLOWER s8@group-4CF2EC507520:t1, leader=s7, voted=s7, raftlog=Memoized:s8@group-4CF2EC507520-SegmentedRaftLog:OPENED:c123:last(t:1, i:124), conf=conf: {index: 123, cur=peers:[s7|, s8|, s9|, s0|, s1|]|listeners:[], old=null} RUNNING
   FOLLOWER s8@group-6AB839334A82:t0, leader=null, voted=, raftlog=Memoized:s8@group-6AB839334A82-SegmentedRaftLog:OPENED:c-1:lastnull, conf=conf: {index: -1, cur=peers:[]|listeners:[], old=null} STARTING] size=2
  s9:  RUNNING [
   FOLLOWER s9@group-4CF2EC507520:t1, leader=s7, voted=s7, raftlog=Memoized:s9@group-4CF2EC507520-SegmentedRaftLog:OPENED:c123:last(t:1, i:124), conf=conf: {index: 123, cur=peers:[s7|, s8|, s9|, s0|, s1|]|listeners:[], old=null} RUNNING
   FOLLOWER s9@group-6AB839334A82:t0, leader=null, voted=, raftlog=Memoized:s9@group-6AB839334A82-SegmentedRaftLog:OPENED:c-1:lastnull, conf=conf: {index: -1, cur=peers:[]|listeners:[], old=null} STARTING] size=2
  s11:  RUNNING [
   FOLLOWER s11@group-4CF2EC507520:t1, leader=s7, voted=null, raftlog=Memoized:s11@group-4CF2EC507520-SegmentedRaftLog:OPENED:c123:last(t:1, i:124), conf=conf: {index: 123, cur=peers:[s7|, s8|, s9|, s0|, s1|]|listeners:[], old=null} STARTING
   FOLLOWER s11@group-6AB839334A82:t0, leader=null, voted=, raftlog=Memoized:s11@group-6AB839334A82-SegmentedRaftLog:OPENED:c-1:lastnull, conf=conf: {index: -1, cur=peers:[]|listeners:[], old=null} STARTING] size=2
  s10:  RUNNING [
   FOLLOWER s10@group-4CF2EC507520:t1, leader=s7, voted=null, raftlog=Memoized:s10@group-4CF2EC507520-SegmentedRaftLog:OPENED:c123:last(t:1, i:124), conf=conf: {index: 123, cur=peers:[s7|, s8|, s9|, s0|, s1|]|listeners:[], old=null} STARTING
   FOLLOWER s10@group-6AB839334A82:t0, leader=null, voted=, raftlog=Memoized:s10@group-6AB839334A82-SegmentedRaftLog:OPENED:c-1:lastnull, conf=conf: {index: -1, cur=peers:[]|listeners:[], old=null} STARTING] size=2
  s13:  RUNNING [
   FOLLOWER s13@group-4CF2EC507520:t1, leader=s7, voted=null, raftlog=Memoized:s13@group-4CF2EC507520-SegmentedRaftLog:OPENED:c123:last(t:1, i:124), conf=conf: {index: 123, cur=peers:[s7|, s8|, s9|, s0|, s1|]|listeners:[], old=null} STARTING
   FOLLOWER s13@group-6AB839334A82:t0, leader=null, voted=, raftlog=Memoized:s13@group-6AB839334A82-SegmentedRaftLog:OPENED:c-1:lastnull, conf=conf: {index: -1, cur=peers:[]|listeners:[], old=null} STARTING] size=2
  s12:  RUNNING [
   FOLLOWER s12@group-4CF2EC507520:t1, leader=s7, voted=null, raftlog=Memoized:s12@group-4CF2EC507520-SegmentedRaftLog:OPENED:c123:last(t:1, i:124), conf=conf: {index: 123, cur=peers:[s7|, s8|, s9|, s0|, s1|]|listeners:[], old=null} STARTING
   FOLLOWER s12@group-6AB839334A82:t0, leader=null, voted=, raftlog=Memoized:s12@group-6AB839334A82-SegmentedRaftLog:OPENED:c-1:lastnull, conf=conf: {index: -1, cur=peers:[]|listeners:[], old=null} STARTING] size=2
  s14:  RUNNING [
   FOLLOWER s14@group-4CF2EC507520:t0, leader=null, voted=, raftlog=Memoized:s14@group-4CF2EC507520-SegmentedRaftLog:OPENED:c-1:lastnull, conf=conf: {index: -1, cur=peers:[]|listeners:[], old=null} STARTING
   FOLLOWER s14@group-6AB839334A82:t0, leader=null, voted=, raftlog=Memoized:s14@group-6AB839334A82-SegmentedRaftLog:OPENED:c-1:lastnull, conf=conf: {index: -1, cur=peers:[]|listeners:[], old=null} STARTING] size=2
  s0:  RUNNING [
   FOLLOWER s0@group-4CF2EC507520:t1, leader=s7, voted=null, raftlog=Memoized:s0@group-4CF2EC507520-SegmentedRaftLog:OPENED:c123:last(t:1, i:124), conf=conf: {index: 123, cur=peers:[s7|, s8|, s9|, s0|, s1|]|listeners:[], old=null} STARTING
   FOLLOWER s0@group-6AB839334A82:t0, leader=null, voted=, raftlog=Memoized:s0@group-6AB839334A82-SegmentedRaftLog:OPENED:c-1:lastnull, conf=conf: {index: -1, cur=peers:[]|listeners:[], old=null} STARTING] size=2
  s1:  RUNNING [
   FOLLOWER s1@group-4CF2EC507520:t1, leader=s7, voted=null, raftlog=Memoized:s1@group-4CF2EC507520-SegmentedRaftLog:OPENED:c123:last(t:1, i:124), conf=conf: {index: 123, cur=peers:[s7|, s8|, s9|, s0|, s1|]|listeners:[], old=null} STARTING
   FOLLOWER s1@group-6AB839334A82:t0, leader=null, voted=, raftlog=Memoized:s1@group-6AB839334A82-SegmentedRaftLog:OPENED:c-1:lastnull, conf=conf: {index: -1, cur=peers:[]|listeners:[], old=null} STARTING] size=2
  s2:  RUNNING [
   FOLLOWER s2@group-4CF2EC507520:t0, leader=null, voted=, raftlog=Memoized:s2@group-4CF2EC507520-SegmentedRaftLog:OPENED:c-1:lastnull, conf=conf: {index: -1, cur=peers:[]|listeners:[], old=null} STARTING
   FOLLOWER s2@group-6AB839334A82:t0, leader=null, voted=, raftlog=Memoized:s2@group-6AB839334A82-SegmentedRaftLog:OPENED:c-1:lastnull, conf=conf: {index: -1, cur=peers:[]|listeners:[], old=null} STARTING] size=2
2024-12-25 19:05:57,100 INFO  server.RaftServer$Division (RaftServerImpl.java:setConfigurationAsync(1348)) - s9@group-4CF2EC507520: receive setConfiguration SetConfigurationRequest:client-9E894F3AA110->s9@group-4CF2EC507520, cid=2065, seq=null, RW, null, SET_UNCONDITIONALLY, servers:[s11, s10, s7, s13, s8, s12, s9, s0, s1], listeners:[]
2024-12-25 19:05:57,200 INFO  server.RaftServer$Division (RaftServerImpl.java:setConfigurationAsync(1348)) - s7@group-4CF2EC507520: receive setConfiguration SetConfigurationRequest:client-9E894F3AA110->s7@group-4CF2EC507520, cid=2065, seq=null, RW, null, SET_UNCONDITIONALLY, servers:[s11, s10, s7, s13, s8, s12, s9, s0, s1], listeners:[]
2024-12-25 19:05:57,301 INFO  server.RaftServer$Division (RaftServerImpl.java:setConfigurationAsync(1348)) - s1@group-4CF2EC507520: receive setConfiguration SetConfigurationRequest:client-9E894F3AA110->s1@group-4CF2EC507520, cid=2065, seq=null, RW, null, SET_UNCONDITIONALLY, servers:[s11, s10, s7, s13, s8, s12, s9, s0, s1], listeners:[]
2024-12-25 19:05:57,401 INFO  server.RaftServer$Division (RaftServerImpl.java:setConfigurationAsync(1348)) - s0@group-4CF2EC507520: receive setConfiguration SetConfigurationRequest:client-9E894F3AA110->s0@group-4CF2EC507520, cid=2065, seq=null, RW, null, SET_UNCONDITIONALLY, servers:[s11, s10, s7, s13, s8, s12, s9, s0, s1], listeners:[]
2024-12-25 19:05:57,501 INFO  server.RaftServer$Division (RaftServerImpl.java:setConfigurationAsync(1348)) - s1@group-4CF2EC507520: receive setConfiguration SetConfigurationRequest:client-9E894F3AA110->s1@group-4CF2EC507520, cid=2065, seq=null, RW, null, SET_UNCONDITIONALLY, servers:[s11, s10, s7, s13, s8, s12, s9, s0, s1], listeners:[]
2024-12-25 19:05:57,602 INFO  server.RaftServer$Division (RaftServerImpl.java:setConfigurationAsync(1348)) - s9@group-4CF2EC507520: receive setConfiguration SetConfigurationRequest:client-9E894F3AA110->s9@group-4CF2EC507520, cid=2065, seq=null, RW, null, SET_UNCONDITIONALLY, servers:[s11, s10, s7, s13, s8, s12, s9, s0, s1], listeners:[]
2024-12-25 19:05:57,702 INFO  server.RaftServer$Division (RaftServerImpl.java:setConfigurationAsync(1348)) - s7@group-4CF2EC507520: receive setConfiguration SetConfigurationRequest:client-9E894F3AA110->s7@group-4CF2EC507520, cid=2065, seq=null, RW, null, SET_UNCONDITIONALLY, servers:[s11, s10, s7, s13, s8, s12, s9, s0, s1], listeners:[]
2024-12-25 19:05:57,802 INFO  server.RaftServer$Division (RaftServerImpl.java:setConfigurationAsync(1348)) - s0@group-4CF2EC507520: receive setConfiguration SetConfigurationRequest:client-9E894F3AA110->s0@group-4CF2EC507520, cid=2065, seq=null, RW, null, SET_UNCONDITIONALLY, servers:[s11, s10, s7, s13, s8, s12, s9, s0, s1], listeners:[]
2024-12-25 19:05:57,903 INFO  server.RaftServer$Division (RaftServerImpl.java:setConfigurationAsync(1348)) - s7@group-4CF2EC507520: receive setConfiguration SetConfigurationRequest:client-9E894F3AA110->s7@group-4CF2EC507520, cid=2065, seq=null, RW, null, SET_UNCONDITIONALLY, servers:[s11, s10, s7, s13, s8, s12, s9, s0, s1], listeners:[]
2024-12-25 19:05:58,003 INFO  server.RaftServer$Division (RaftServerImpl.java:setConfigurationAsync(1348)) - s9@group-4CF2EC507520: receive setConfiguration SetConfigurationRequest:client-9E894F3AA110->s9@group-4CF2EC507520, cid=2065, seq=null, RW, null, SET_UNCONDITIONALLY, servers:[s11, s10, s7, s13, s8, s12, s9, s0, s1], listeners:[]
2024-12-25 19:05:58,103 INFO  server.RaftServer$Division (RaftServerImpl.java:setConfigurationAsync(1348)) - s7@group-4CF2EC507520: receive setConfiguration SetConfigurationRequest:client-9E894F3AA110->s7@group-4CF2EC507520, cid=2065, seq=null, RW, null, SET_UNCONDITIONALLY, servers:[s11, s10, s7, s13, s8, s12, s9, s0, s1], listeners:[]
2024-12-25 19:05:58,204 INFO  server.RaftServer$Division (RaftServerImpl.java:setConfigurationAsync(1348)) - s8@group-4CF2EC507520: receive setConfiguration SetConfigurationRequest:client-9E894F3AA110->s8@group-4CF2EC507520, cid=2065, seq=null, RW, null, SET_UNCONDITIONALLY, servers:[s11, s10, s7, s13, s8, s12, s9, s0, s1], listeners:[]
2024-12-25 19:05:58,304 INFO  server.RaftServer$Division (RaftServerImpl.java:setConfigurationAsync(1348)) - s7@group-4CF2EC507520: receive setConfiguration SetConfigurationRequest:client-9E894F3AA110->s7@group-4CF2EC507520, cid=2065, seq=null, RW, null, SET_UNCONDITIONALLY, servers:[s11, s10, s7, s13, s8, s12, s9, s0, s1], listeners:[]
2024-12-25 19:05:58,404 INFO  server.RaftServer$Division (RaftServerImpl.java:setConfigurationAsync(1348)) - s9@group-4CF2EC507520: receive setConfiguration SetConfigurationRequest:client-9E894F3AA110->s9@group-4CF2EC507520, cid=2065, seq=null, RW, null, SET_UNCONDITIONALLY, servers:[s11, s10, s7, s13, s8, s12, s9, s0, s1], listeners:[]
2024-12-25 19:05:58,504 INFO  server.RaftServer$Division (RaftServerImpl.java:setConfigurationAsync(1348)) - s7@group-4CF2EC507520: receive setConfiguration SetConfigurationRequest:client-9E894F3AA110->s7@group-4CF2EC507520, cid=2065, seq=null, RW, null, SET_UNCONDITIONALLY, servers:[s11, s10, s7, s13, s8, s12, s9, s0, s1], listeners:[]
2024-12-25 19:05:58,605 INFO  server.RaftServer$Division (RaftServerImpl.java:setConfigurationAsync(1348)) - s8@group-4CF2EC507520: receive setConfiguration SetConfigurationRequest:client-9E894F3AA110->s8@group-4CF2EC507520, cid=2065, seq=null, RW, null, SET_UNCONDITIONALLY, servers:[s11, s10, s7, s13, s8, s12, s9, s0, s1], listeners:[]
2024-12-25 19:05:58,705 INFO  server.RaftServer$Division (RaftServerImpl.java:setConfigurationAsync(1348)) - s7@group-4CF2EC507520: receive setConfiguration SetConfigurationRequest:client-9E894F3AA110->s7@group-4CF2EC507520, cid=2065, seq=null, RW, null, SET_UNCONDITIONALLY, servers:[s11, s10, s7, s13, s8, s12, s9, s0, s1], listeners:[]
2024-12-25 19:05:58,805 INFO  server.RaftServer$Division (RaftServerImpl.java:setConfigurationAsync(1348)) - s0@group-4CF2EC507520: receive setConfiguration SetConfigurationRequest:client-9E894F3AA110->s0@group-4CF2EC507520, cid=2065, seq=null, RW, null, SET_UNCONDITIONALLY, servers:[s11, s10, s7, s13, s8, s12, s9, s0, s1], listeners:[]
2024-12-25 19:05:58,906 INFO  server.RaftServer$Division (RaftServerImpl.java:setConfigurationAsync(1348)) - s9@group-4CF2EC507520: receive setConfiguration SetConfigurationRequest:client-9E894F3AA110->s9@group-4CF2EC507520, cid=2065, seq=null, RW, null, SET_UNCONDITIONALLY, servers:[s11, s10, s7, s13, s8, s12, s9, s0, s1], listeners:[]
2024-12-25 19:05:59,006 INFO  server.RaftServer$Division (RaftServerImpl.java:setConfigurationAsync(1348)) - s7@group-4CF2EC507520: receive setConfiguration SetConfigurationRequest:client-9E894F3AA110->s7@group-4CF2EC507520, cid=2065, seq=null, RW, null, SET_UNCONDITIONALLY, servers:[s11, s10, s7, s13, s8, s12, s9, s0, s1], listeners:[]
2024-12-25 19:05:59,106 INFO  server.RaftServer$Division (RaftServerImpl.java:setConfigurationAsync(1348)) - s1@group-4CF2EC507520: receive setConfiguration SetConfigurationRequest:client-9E894F3AA110->s1@group-4CF2EC507520, cid=2065, seq=null, RW, null, SET_UNCONDITIONALLY, servers:[s11, s10, s7, s13, s8, s12, s9, s0, s1], listeners:[]
2024-12-25 19:05:59,207 INFO  server.RaftServer$Division (RaftServerImpl.java:setConfigurationAsync(1348)) - s0@group-4CF2EC507520: receive setConfiguration SetConfigurationRequest:client-9E894F3AA110->s0@group-4CF2EC507520, cid=2065, seq=null, RW, null, SET_UNCONDITIONALLY, servers:[s11, s10, s7, s13, s8, s12, s9, s0, s1], listeners:[]
2024-12-25 19:05:59,307 INFO  server.RaftServer$Division (RaftServerImpl.java:setConfigurationAsync(1348)) - s7@group-4CF2EC507520: receive setConfiguration SetConfigurationRequest:client-9E894F3AA110->s7@group-4CF2EC507520, cid=2065, seq=null, RW, null, SET_UNCONDITIONALLY, servers:[s11, s10, s7, s13, s8, s12, s9, s0, s1], listeners:[]
2024-12-25 19:05:59,407 INFO  server.RaftServer$Division (RaftServerImpl.java:setConfigurationAsync(1348)) - s8@group-4CF2EC507520: receive setConfiguration SetConfigurationRequest:client-9E894F3AA110->s8@group-4CF2EC507520, cid=2065, seq=null, RW, null, SET_UNCONDITIONALLY, servers:[s11, s10, s7, s13, s8, s12, s9, s0, s1], listeners:[]
2024-12-25 19:05:59,507 INFO  server.RaftServer$Division (RaftServerImpl.java:setConfigurationAsync(1348)) - s7@group-4CF2EC507520: receive setConfiguration SetConfigurationRequest:client-9E894F3AA110->s7@group-4CF2EC507520, cid=2065, seq=null, RW, null, SET_UNCONDITIONALLY, servers:[s11, s10, s7, s13, s8, s12, s9, s0, s1], listeners:[]
2024-12-25 19:05:59,608 INFO  server.RaftServer$Division (RaftServerImpl.java:setConfigurationAsync(1348)) - s0@group-4CF2EC507520: receive setConfiguration SetConfigurationRequest:client-9E894F3AA110->s0@group-4CF2EC507520, cid=2065, seq=null, RW, null, SET_UNCONDITIONALLY, servers:[s11, s10, s7, s13, s8, s12, s9, s0, s1], listeners:[]
2024-12-25 19:05:59,708 INFO  server.RaftServer$Division (RaftServerImpl.java:setConfigurationAsync(1348)) - s7@group-4CF2EC507520: receive setConfiguration SetConfigurationRequest:client-9E894F3AA110->s7@group-4CF2EC507520, cid=2065, seq=null, RW, null, SET_UNCONDITIONALLY, servers:[s11, s10, s7, s13, s8, s12, s9, s0, s1], listeners:[]
2024-12-25 19:05:59,808 INFO  server.RaftServer$Division (RaftServerImpl.java:setConfigurationAsync(1348)) - s8@group-4CF2EC507520: receive setConfiguration SetConfigurationRequest:client-9E894F3AA110->s8@group-4CF2EC507520, cid=2065, seq=null, RW, null, SET_UNCONDITIONALLY, servers:[s11, s10, s7, s13, s8, s12, s9, s0, s1], listeners:[]
2024-12-25 19:05:59,909 INFO  server.RaftServer$Division (RaftServerImpl.java:setConfigurationAsync(1348)) - s7@group-4CF2EC507520: receive setConfiguration SetConfigurationRequest:client-9E894F3AA110->s7@group-4CF2EC507520, cid=2065, seq=null, RW, null, SET_UNCONDITIONALLY, servers:[s11, s10, s7, s13, s8, s12, s9, s0, s1], listeners:[]
2024-12-25 19:06:00,009 INFO  server.RaftServer$Division (RaftServerImpl.java:setConfigurationAsync(1348)) - s0@group-4CF2EC507520: receive setConfiguration SetConfigurationRequest:client-9E894F3AA110->s0@group-4CF2EC507520, cid=2065, seq=null, RW, null, SET_UNCONDITIONALLY, servers:[s11, s10, s7, s13, s8, s12, s9, s0, s1], listeners:[]
2024-12-25 19:06:00,109 INFO  server.RaftServer$Division (RaftServerImpl.java:setConfigurationAsync(1348)) - s1@group-4CF2EC507520: receive setConfiguration SetConfigurationRequest:client-9E894F3AA110->s1@group-4CF2EC507520, cid=2065, seq=null, RW, null, SET_UNCONDITIONALLY, servers:[s11, s10, s7, s13, s8, s12, s9, s0, s1], listeners:[]
2024-12-25 19:06:00,210 INFO  server.RaftServer$Division (RaftServerImpl.java:setConfigurationAsync(1348)) - s7@group-4CF2EC507520: receive setConfiguration SetConfigurationRequest:client-9E894F3AA110->s7@group-4CF2EC507520, cid=2065, seq=null, RW, null, SET_UNCONDITIONALLY, servers:[s11, s10, s7, s13, s8, s12, s9, s0, s1], listeners:[]
2024-12-25 19:06:00,310 INFO  server.RaftServer$Division (RaftServerImpl.java:setConfigurationAsync(1348)) - s9@group-4CF2EC507520: receive setConfiguration SetConfigurationRequest:client-9E894F3AA110->s9@group-4CF2EC507520, cid=2065, seq=null, RW, null, SET_UNCONDITIONALLY, servers:[s11, s10, s7, s13, s8, s12, s9, s0, s1], listeners:[]
2024-12-25 19:06:00,410 INFO  server.RaftServer$Division (RaftServerImpl.java:setConfigurationAsync(1348)) - s7@group-4CF2EC507520: receive setConfiguration SetConfigurationRequest:client-9E894F3AA110->s7@group-4CF2EC507520, cid=2065, seq=null, RW, null, SET_UNCONDITIONALLY, servers:[s11, s10, s7, s13, s8, s12, s9, s0, s1], listeners:[]
2024-12-25 19:06:00,511 INFO  server.RaftServer$Division (RaftServerImpl.java:setConfigurationAsync(1348)) - s0@group-4CF2EC507520: receive setConfiguration SetConfigurationRequest:client-9E894F3AA110->s0@group-4CF2EC507520, cid=2065, seq=null, RW, null, SET_UNCONDITIONALLY, servers:[s11, s10, s7, s13, s8, s12, s9, s0, s1], listeners:[]
2024-12-25 19:06:00,611 INFO  server.RaftServer$Division (RaftServerImpl.java:setConfigurationAsync(1348)) - s1@group-4CF2EC507520: receive setConfiguration SetConfigurationRequest:client-9E894F3AA110->s1@group-4CF2EC507520, cid=2065, seq=null, RW, null, SET_UNCONDITIONALLY, servers:[s11, s10, s7, s13, s8, s12, s9, s0, s1], listeners:[]
2024-12-25 19:06:00,711 INFO  server.RaftServer$Division (RaftServerImpl.java:setConfigurationAsync(1348)) - s8@group-4CF2EC507520: receive setConfiguration SetConfigurationRequest:client-9E894F3AA110->s8@group-4CF2EC507520, cid=2065, seq=null, RW, null, SET_UNCONDITIONALLY, servers:[s11, s10, s7, s13, s8, s12, s9, s0, s1], listeners:[]
2024-12-25 19:06:00,812 INFO  server.RaftServer$Division (RaftServerImpl.java:setConfigurationAsync(1348)) - s7@group-4CF2EC507520: receive setConfiguration SetConfigurationRequest:client-9E894F3AA110->s7@group-4CF2EC507520, cid=2065, seq=null, RW, null, SET_UNCONDITIONALLY, servers:[s11, s10, s7, s13, s8, s12, s9, s0, s1], listeners:[]
2024-12-25 19:06:00,912 INFO  server.RaftServer$Division (RaftServerImpl.java:setConfigurationAsync(1348)) - s1@group-4CF2EC507520: receive setConfiguration SetConfigurationRequest:client-9E894F3AA110->s1@group-4CF2EC507520, cid=2065, seq=null, RW, null, SET_UNCONDITIONALLY, servers:[s11, s10, s7, s13, s8, s12, s9, s0, s1], listeners:[]
2024-12-25 19:06:01,012 INFO  server.RaftServer$Division (RaftServerImpl.java:setConfigurationAsync(1348)) - s9@group-4CF2EC507520: receive setConfiguration SetConfigurationRequest:client-9E894F3AA110->s9@group-4CF2EC507520, cid=2065, seq=null, RW, null, SET_UNCONDITIONALLY, servers:[s11, s10, s7, s13, s8, s12, s9, s0, s1], listeners:[]
2024-12-25 19:06:01,113 INFO  server.RaftServer$Division (RaftServerImpl.java:setConfigurationAsync(1348)) - s7@group-4CF2EC507520: receive setConfiguration SetConfigurationRequest:client-9E894F3AA110->s7@group-4CF2EC507520, cid=2065, seq=null, RW, null, SET_UNCONDITIONALLY, servers:[s11, s10, s7, s13, s8, s12, s9, s0, s1], listeners:[]
2024-12-25 19:06:01,213 INFO  server.RaftServer$Division (RaftServerImpl.java:setConfigurationAsync(1348)) - s9@group-4CF2EC507520: receive setConfiguration SetConfigurationRequest:client-9E894F3AA110->s9@group-4CF2EC507520, cid=2065, seq=null, RW, null, SET_UNCONDITIONALLY, servers:[s11, s10, s7, s13, s8, s12, s9, s0, s1], listeners:[]
2024-12-25 19:06:01,313 INFO  server.RaftServer$Division (RaftServerImpl.java:setConfigurationAsync(1348)) - s7@group-4CF2EC507520: receive setConfiguration SetConfigurationRequest:client-9E894F3AA110->s7@group-4CF2EC507520, cid=2065, seq=null, RW, null, SET_UNCONDITIONALLY, servers:[s11, s10, s7, s13, s8, s12, s9, s0, s1], listeners:[]
2024-12-25 19:06:01,414 INFO  server.RaftServer$Division (RaftServerImpl.java:setConfigurationAsync(1348)) - s0@group-4CF2EC507520: receive setConfiguration SetConfigurationRequest:client-9E894F3AA110->s0@group-4CF2EC507520, cid=2065, seq=null, RW, null, SET_UNCONDITIONALLY, servers:[s11, s10, s7, s13, s8, s12, s9, s0, s1], listeners:[]
2024-12-25 19:06:01,514 INFO  server.RaftServer$Division (RaftServerImpl.java:setConfigurationAsync(1348)) - s7@group-4CF2EC507520: receive setConfiguration SetConfigurationRequest:client-9E894F3AA110->s7@group-4CF2EC507520, cid=2065, seq=null, RW, null, SET_UNCONDITIONALLY, servers:[s11, s10, s7, s13, s8, s12, s9, s0, s1], listeners:[]
2024-12-25 19:06:01,614 INFO  server.RaftServer$Division (RaftServerImpl.java:setConfigurationAsync(1348)) - s0@group-4CF2EC507520: receive setConfiguration SetConfigurationRequest:client-9E894F3AA110->s0@group-4CF2EC507520, cid=2065, seq=null, RW, null, SET_UNCONDITIONALLY, servers:[s11, s10, s7, s13, s8, s12, s9, s0, s1], listeners:[]
2024-12-25 19:06:01,715 INFO  server.RaftServer$Division (RaftServerImpl.java:setConfigurationAsync(1348)) - s8@group-4CF2EC507520: receive setConfiguration SetConfigurationRequest:client-9E894F3AA110->s8@group-4CF2EC507520, cid=2065, seq=null, RW, null, SET_UNCONDITIONALLY, servers:[s11, s10, s7, s13, s8, s12, s9, s0, s1], listeners:[]
2024-12-25 19:06:01,815 INFO  server.RaftServer$Division (RaftServerImpl.java:setConfigurationAsync(1348)) - s7@group-4CF2EC507520: receive setConfiguration SetConfigurationRequest:client-9E894F3AA110->s7@group-4CF2EC507520, cid=2065, seq=null, RW, null, SET_UNCONDITIONALLY, servers:[s11, s10, s7, s13, s8, s12, s9, s0, s1], listeners:[]
2024-12-25 19:06:01,915 INFO  server.RaftServer$Division (RaftServerImpl.java:setConfigurationAsync(1348)) - s1@group-4CF2EC507520: receive setConfiguration SetConfigurationRequest:client-9E894F3AA110->s1@group-4CF2EC507520, cid=2065, seq=null, RW, null, SET_UNCONDITIONALLY, servers:[s11, s10, s7, s13, s8, s12, s9, s0, s1], listeners:[]
2024-12-25 19:06:02,015 INFO  server.RaftServer$Division (RaftServerImpl.java:setConfigurationAsync(1348)) - s7@group-4CF2EC507520: receive setConfiguration SetConfigurationRequest:client-9E894F3AA110->s7@group-4CF2EC507520, cid=2065, seq=null, RW, null, SET_UNCONDITIONALLY, servers:[s11, s10, s7, s13, s8, s12, s9, s0, s1], listeners:[]
2024-12-25 19:06:02,116 INFO  server.RaftServer$Division (RaftServerImpl.java:setConfigurationAsync(1348)) - s0@group-4CF2EC507520: receive setConfiguration SetConfigurationRequest:client-9E894F3AA110->s0@group-4CF2EC507520, cid=2065, seq=null, RW, null, SET_UNCONDITIONALLY, servers:[s11, s10, s7, s13, s8, s12, s9, s0, s1], listeners:[]
2024-12-25 19:06:02,216 INFO  server.RaftServer$Division (RaftServerImpl.java:setConfigurationAsync(1348)) - s7@group-4CF2EC507520: receive setConfiguration SetConfigurationRequest:client-9E894F3AA110->s7@group-4CF2EC507520, cid=2065, seq=null, RW, null, SET_UNCONDITIONALLY, servers:[s11, s10, s7, s13, s8, s12, s9, s0, s1], listeners:[]
2024-12-25 19:06:02,317 INFO  server.RaftServer$Division (RaftServerImpl.java:setConfigurationAsync(1348)) - s9@group-4CF2EC507520: receive setConfiguration SetConfigurationRequest:client-9E894F3AA110->s9@group-4CF2EC507520, cid=2065, seq=null, RW, null, SET_UNCONDITIONALLY, servers:[s11, s10, s7, s13, s8, s12, s9, s0, s1], listeners:[]
2024-12-25 19:06:02,417 INFO  server.RaftServer$Division (RaftServerImpl.java:setConfigurationAsync(1348)) - s7@group-4CF2EC507520: receive setConfiguration SetConfigurationRequest:client-9E894F3AA110->s7@group-4CF2EC507520, cid=2065, seq=null, RW, null, SET_UNCONDITIONALLY, servers:[s11, s10, s7, s13, s8, s12, s9, s0, s1], listeners:[]
2024-12-25 19:06:02,517 INFO  server.RaftServer$Division (RaftServerImpl.java:setConfigurationAsync(1348)) - s0@group-4CF2EC507520: receive setConfiguration SetConfigurationRequest:client-9E894F3AA110->s0@group-4CF2EC507520, cid=2065, seq=null, RW, null, SET_UNCONDITIONALLY, servers:[s11, s10, s7, s13, s8, s12, s9, s0, s1], listeners:[]
2024-12-25 19:06:02,617 INFO  server.RaftServer$Division (RaftServerImpl.java:setConfigurationAsync(1348)) - s8@group-4CF2EC507520: receive setConfiguration SetConfigurationRequest:client-9E894F3AA110->s8@group-4CF2EC507520, cid=2065, seq=null, RW, null, SET_UNCONDITIONALLY, servers:[s11, s10, s7, s13, s8, s12, s9, s0, s1], listeners:[]
2024-12-25 19:06:02,718 INFO  server.RaftServer$Division (RaftServerImpl.java:setConfigurationAsync(1348)) - s7@group-4CF2EC507520: receive setConfiguration SetConfigurationRequest:client-9E894F3AA110->s7@group-4CF2EC507520, cid=2065, seq=null, RW, null, SET_UNCONDITIONALLY, servers:[s11, s10, s7, s13, s8, s12, s9, s0, s1], listeners:[]
2024-12-25 19:06:02,818 INFO  server.RaftServer$Division (RaftServerImpl.java:setConfigurationAsync(1348)) - s0@group-4CF2EC507520: receive setConfiguration SetConfigurationRequest:client-9E894F3AA110->s0@group-4CF2EC507520, cid=2065, seq=null, RW, null, SET_UNCONDITIONALLY, servers:[s11, s10, s7, s13, s8, s12, s9, s0, s1], listeners:[]
2024-12-25 19:06:02,918 INFO  server.RaftServer$Division (RaftServerImpl.java:setConfigurationAsync(1348)) - s7@group-4CF2EC507520: receive setConfiguration SetConfigurationRequest:client-9E894F3AA110->s7@group-4CF2EC507520, cid=2065, seq=null, RW, null, SET_UNCONDITIONALLY, servers:[s11, s10, s7, s13, s8, s12, s9, s0, s1], listeners:[]
2024-12-25 19:06:03,019 INFO  server.RaftServer$Division (RaftServerImpl.java:setConfigurationAsync(1348)) - s0@group-4CF2EC507520: receive setConfiguration SetConfigurationRequest:client-9E894F3AA110->s0@group-4CF2EC507520, cid=2065, seq=null, RW, null, SET_UNCONDITIONALLY, servers:[s11, s10, s7, s13, s8, s12, s9, s0, s1], listeners:[]
2024-12-25 19:06:03,119 INFO  server.RaftServer$Division (RaftServerImpl.java:setConfigurationAsync(1348)) - s8@group-4CF2EC507520: receive setConfiguration SetConfigurationRequest:client-9E894F3AA110->s8@group-4CF2EC507520, cid=2065, seq=null, RW, null, SET_UNCONDITIONALLY, servers:[s11, s10, s7, s13, s8, s12, s9, s0, s1], listeners:[]
2024-12-25 19:06:03,220 INFO  server.RaftServer$Division (RaftServerImpl.java:setConfigurationAsync(1348)) - s7@group-4CF2EC507520: receive setConfiguration SetConfigurationRequest:client-9E894F3AA110->s7@group-4CF2EC507520, cid=2065, seq=null, RW, null, SET_UNCONDITIONALLY, servers:[s11, s10, s7, s13, s8, s12, s9, s0, s1], listeners:[]
2024-12-25 19:06:03,320 INFO  server.RaftServer$Division (RaftServerImpl.java:setConfigurationAsync(1348)) - s9@group-4CF2EC507520: receive setConfiguration SetConfigurationRequest:client-9E894F3AA110->s9@group-4CF2EC507520, cid=2065, seq=null, RW, null, SET_UNCONDITIONALLY, servers:[s11, s10, s7, s13, s8, s12, s9, s0, s1], listeners:[]
2024-12-25 19:06:03,420 INFO  server.RaftServer$Division (RaftServerImpl.java:setConfigurationAsync(1348)) - s7@group-4CF2EC507520: receive setConfiguration SetConfigurationRequest:client-9E894F3AA110->s7@group-4CF2EC507520, cid=2065, seq=null, RW, null, SET_UNCONDITIONALLY, servers:[s11, s10, s7, s13, s8, s12, s9, s0, s1], listeners:[]
2024-12-25 19:06:03,521 INFO  server.RaftServer$Division (RaftServerImpl.java:setConfigurationAsync(1348)) - s1@group-4CF2EC507520: receive setConfiguration SetConfigurationRequest:client-9E894F3AA110->s1@group-4CF2EC507520, cid=2065, seq=null, RW, null, SET_UNCONDITIONALLY, servers:[s11, s10, s7, s13, s8, s12, s9, s0, s1], listeners:[]
2024-12-25 19:06:03,621 INFO  server.RaftServer$Division (RaftServerImpl.java:setConfigurationAsync(1348)) - s8@group-4CF2EC507520: receive setConfiguration SetConfigurationRequest:client-9E894F3AA110->s8@group-4CF2EC507520, cid=2065, seq=null, RW, null, SET_UNCONDITIONALLY, servers:[s11, s10, s7, s13, s8, s12, s9, s0, s1], listeners:[]
2024-12-25 19:06:03,721 INFO  server.RaftServer$Division (RaftServerImpl.java:setConfigurationAsync(1348)) - s7@group-4CF2EC507520: receive setConfiguration SetConfigurationRequest:client-9E894F3AA110->s7@group-4CF2EC507520, cid=2065, seq=null, RW, null, SET_UNCONDITIONALLY, servers:[s11, s10, s7, s13, s8, s12, s9, s0, s1], listeners:[]
2024-12-25 19:06:03,822 INFO  server.RaftServer$Division (RaftServerImpl.java:setConfigurationAsync(1348)) - s1@group-4CF2EC507520: receive setConfiguration SetConfigurationRequest:client-9E894F3AA110->s1@group-4CF2EC507520, cid=2065, seq=null, RW, null, SET_UNCONDITIONALLY, servers:[s11, s10, s7, s13, s8, s12, s9, s0, s1], listeners:[]
2024-12-25 19:06:03,922 INFO  server.RaftServer$Division (RaftServerImpl.java:setConfigurationAsync(1348)) - s9@group-4CF2EC507520: receive setConfiguration SetConfigurationRequest:client-9E894F3AA110->s9@group-4CF2EC507520, cid=2065, seq=null, RW, null, SET_UNCONDITIONALLY, servers:[s11, s10, s7, s13, s8, s12, s9, s0, s1], listeners:[]
2024-12-25 19:06:04,022 INFO  server.RaftServer$Division (RaftServerImpl.java:setConfigurationAsync(1348)) - s7@group-4CF2EC507520: receive setConfiguration SetConfigurationRequest:client-9E894F3AA110->s7@group-4CF2EC507520, cid=2065, seq=null, RW, null, SET_UNCONDITIONALLY, servers:[s11, s10, s7, s13, s8, s12, s9, s0, s1], listeners:[]
2024-12-25 19:06:04,123 INFO  server.RaftServer$Division (RaftServerImpl.java:setConfigurationAsync(1348)) - s8@group-4CF2EC507520: receive setConfiguration SetConfigurationRequest:client-9E894F3AA110->s8@group-4CF2EC507520, cid=2065, seq=null, RW, null, SET_UNCONDITIONALLY, servers:[s11, s10, s7, s13, s8, s12, s9, s0, s1], listeners:[]
2024-12-25 19:06:04,223 INFO  server.RaftServer$Division (RaftServerImpl.java:setConfigurationAsync(1348)) - s7@group-4CF2EC507520: receive setConfiguration SetConfigurationRequest:client-9E894F3AA110->s7@group-4CF2EC507520, cid=2065, seq=null, RW, null, SET_UNCONDITIONALLY, servers:[s11, s10, s7, s13, s8, s12, s9, s0, s1], listeners:[]
2024-12-25 19:06:04,323 INFO  server.RaftServer$Division (RaftServerImpl.java:setConfigurationAsync(1348)) - s8@group-4CF2EC507520: receive setConfiguration SetConfigurationRequest:client-9E894F3AA110->s8@group-4CF2EC507520, cid=2065, seq=null, RW, null, SET_UNCONDITIONALLY, servers:[s11, s10, s7, s13, s8, s12, s9, s0, s1], listeners:[]
2024-12-25 19:06:04,424 INFO  server.RaftServer$Division (RaftServerImpl.java:setConfigurationAsync(1348)) - s7@group-4CF2EC507520: receive setConfiguration SetConfigurationRequest:client-9E894F3AA110->s7@group-4CF2EC507520, cid=2065, seq=null, RW, null, SET_UNCONDITIONALLY, servers:[s11, s10, s7, s13, s8, s12, s9, s0, s1], listeners:[]
2024-12-25 19:06:04,524 INFO  server.RaftServer$Division (RaftServerImpl.java:setConfigurationAsync(1348)) - s8@group-4CF2EC507520: receive setConfiguration SetConfigurationRequest:client-9E894F3AA110->s8@group-4CF2EC507520, cid=2065, seq=null, RW, null, SET_UNCONDITIONALLY, servers:[s11, s10, s7, s13, s8, s12, s9, s0, s1], listeners:[]
2024-12-25 19:06:04,624 INFO  server.RaftServer$Division (RaftServerImpl.java:setConfigurationAsync(1348)) - s7@group-4CF2EC507520: receive setConfiguration SetConfigurationRequest:client-9E894F3AA110->s7@group-4CF2EC507520, cid=2065, seq=null, RW, null, SET_UNCONDITIONALLY, servers:[s11, s10, s7, s13, s8, s12, s9, s0, s1], listeners:[]
2024-12-25 19:06:04,724 INFO  server.RaftServer$Division (RaftServerImpl.java:setConfigurationAsync(1348)) - s8@group-4CF2EC507520: receive setConfiguration SetConfigurationRequest:client-9E894F3AA110->s8@group-4CF2EC507520, cid=2065, seq=null, RW, null, SET_UNCONDITIONALLY, servers:[s11, s10, s7, s13, s8, s12, s9, s0, s1], listeners:[]
2024-12-25 19:06:04,825 INFO  server.RaftServer$Division (RaftServerImpl.java:setConfigurationAsync(1348)) - s7@group-4CF2EC507520: receive setConfiguration SetConfigurationRequest:client-9E894F3AA110->s7@group-4CF2EC507520, cid=2065, seq=null, RW, null, SET_UNCONDITIONALLY, servers:[s11, s10, s7, s13, s8, s12, s9, s0, s1], listeners:[]
2024-12-25 19:06:04,925 INFO  server.RaftServer$Division (RaftServerImpl.java:setConfigurationAsync(1348)) - s9@group-4CF2EC507520: receive setConfiguration SetConfigurationRequest:client-9E894F3AA110->s9@group-4CF2EC507520, cid=2065, seq=null, RW, null, SET_UNCONDITIONALLY, servers:[s11, s10, s7, s13, s8, s12, s9, s0, s1], listeners:[]
2024-12-25 19:06:05,025 INFO  server.RaftServer$Division (RaftServerImpl.java:setConfigurationAsync(1348)) - s7@group-4CF2EC507520: receive setConfiguration SetConfigurationRequest:client-9E894F3AA110->s7@group-4CF2EC507520, cid=2065, seq=null, RW, null, SET_UNCONDITIONALLY, servers:[s11, s10, s7, s13, s8, s12, s9, s0, s1], listeners:[]
2024-12-25 19:06:05,126 INFO  server.RaftServer$Division (RaftServerImpl.java:setConfigurationAsync(1348)) - s8@group-4CF2EC507520: receive setConfiguration SetConfigurationRequest:client-9E894F3AA110->s8@group-4CF2EC507520, cid=2065, seq=null, RW, null, SET_UNCONDITIONALLY, servers:[s11, s10, s7, s13, s8, s12, s9, s0, s1], listeners:[]
2024-12-25 19:06:05,226 INFO  server.RaftServer$Division (RaftServerImpl.java:setConfigurationAsync(1348)) - s7@group-4CF2EC507520: receive setConfiguration SetConfigurationRequest:client-9E894F3AA110->s7@group-4CF2EC507520, cid=2065, seq=null, RW, null, SET_UNCONDITIONALLY, servers:[s11, s10, s7, s13, s8, s12, s9, s0, s1], listeners:[]
2024-12-25 19:06:05,326 INFO  server.RaftServer$Division (RaftServerImpl.java:setConfigurationAsync(1348)) - s9@group-4CF2EC507520: receive setConfiguration SetConfigurationRequest:client-9E894F3AA110->s9@group-4CF2EC507520, cid=2065, seq=null, RW, null, SET_UNCONDITIONALLY, servers:[s11, s10, s7, s13, s8, s12, s9, s0, s1], listeners:[]
2024-12-25 19:06:05,427 INFO  server.RaftServer$Division (RaftServerImpl.java:setConfigurationAsync(1348)) - s7@group-4CF2EC507520: receive setConfiguration SetConfigurationRequest:client-9E894F3AA110->s7@group-4CF2EC507520, cid=2065, seq=null, RW, null, SET_UNCONDITIONALLY, servers:[s11, s10, s7, s13, s8, s12, s9, s0, s1], listeners:[]
2024-12-25 19:06:05,527 INFO  server.RaftServer$Division (RaftServerImpl.java:setConfigurationAsync(1348)) - s8@group-4CF2EC507520: receive setConfiguration SetConfigurationRequest:client-9E894F3AA110->s8@group-4CF2EC507520, cid=2065, seq=null, RW, null, SET_UNCONDITIONALLY, servers:[s11, s10, s7, s13, s8, s12, s9, s0, s1], listeners:[]
2024-12-25 19:06:05,627 INFO  server.RaftServer$Division (RaftServerImpl.java:setConfigurationAsync(1348)) - s7@group-4CF2EC507520: receive setConfiguration SetConfigurationRequest:client-9E894F3AA110->s7@group-4CF2EC507520, cid=2065, seq=null, RW, null, SET_UNCONDITIONALLY, servers:[s11, s10, s7, s13, s8, s12, s9, s0, s1], listeners:[]
2024-12-25 19:06:05,727 INFO  server.RaftServer$Division (RaftServerImpl.java:setConfigurationAsync(1348)) - s1@group-4CF2EC507520: receive setConfiguration SetConfigurationRequest:client-9E894F3AA110->s1@group-4CF2EC507520, cid=2065, seq=null, RW, null, SET_UNCONDITIONALLY, servers:[s11, s10, s7, s13, s8, s12, s9, s0, s1], listeners:[]
2024-12-25 19:06:05,828 INFO  server.RaftServer$Division (RaftServerImpl.java:setConfigurationAsync(1348)) - s8@group-4CF2EC507520: receive setConfiguration SetConfigurationRequest:client-9E894F3AA110->s8@group-4CF2EC507520, cid=2065, seq=null, RW, null, SET_UNCONDITIONALLY, servers:[s11, s10, s7, s13, s8, s12, s9, s0, s1], listeners:[]
2024-12-25 19:06:05,928 INFO  server.RaftServer$Division (RaftServerImpl.java:setConfigurationAsync(1348)) - s7@group-4CF2EC507520: receive setConfiguration SetConfigurationRequest:client-9E894F3AA110->s7@group-4CF2EC507520, cid=2065, seq=null, RW, null, SET_UNCONDITIONALLY, servers:[s11, s10, s7, s13, s8, s12, s9, s0, s1], listeners:[]
2024-12-25 19:06:06,028 INFO  server.RaftServer$Division (RaftServerImpl.java:setConfigurationAsync(1348)) - s8@group-4CF2EC507520: receive setConfiguration SetConfigurationRequest:client-9E894F3AA110->s8@group-4CF2EC507520, cid=2065, seq=null, RW, null, SET_UNCONDITIONALLY, servers:[s11, s10, s7, s13, s8, s12, s9, s0, s1], listeners:[]
2024-12-25 19:06:06,129 INFO  server.RaftServer$Division (RaftServerImpl.java:setConfigurationAsync(1348)) - s7@group-4CF2EC507520: receive setConfiguration SetConfigurationRequest:client-9E894F3AA110->s7@group-4CF2EC507520, cid=2065, seq=null, RW, null, SET_UNCONDITIONALLY, servers:[s11, s10, s7, s13, s8, s12, s9, s0, s1], listeners:[]
2024-12-25 19:06:06,229 INFO  server.RaftServer$Division (RaftServerImpl.java:setConfigurationAsync(1348)) - s9@group-4CF2EC507520: receive setConfiguration SetConfigurationRequest:client-9E894F3AA110->s9@group-4CF2EC507520, cid=2065, seq=null, RW, null, SET_UNCONDITIONALLY, servers:[s11, s10, s7, s13, s8, s12, s9, s0, s1], listeners:[]
2024-12-25 19:06:06,329 INFO  server.RaftServer$Division (RaftServerImpl.java:setConfigurationAsync(1348)) - s7@group-4CF2EC507520: receive setConfiguration SetConfigurationRequest:client-9E894F3AA110->s7@group-4CF2EC507520, cid=2065, seq=null, RW, null, SET_UNCONDITIONALLY, servers:[s11, s10, s7, s13, s8, s12, s9, s0, s1], listeners:[]
2024-12-25 19:06:06,430 INFO  server.RaftServer$Division (RaftServerImpl.java:setConfigurationAsync(1348)) - s8@group-4CF2EC507520: receive setConfiguration SetConfigurationRequest:client-9E894F3AA110->s8@group-4CF2EC507520, cid=2065, seq=null, RW, null, SET_UNCONDITIONALLY, servers:[s11, s10, s7, s13, s8, s12, s9, s0, s1], listeners:[]
2024-12-25 19:06:06,530 INFO  server.RaftServer$Division (RaftServerImpl.java:setConfigurationAsync(1348)) - s7@group-4CF2EC507520: receive setConfiguration SetConfigurationRequest:client-9E894F3AA110->s7@group-4CF2EC507520, cid=2065, seq=null, RW, null, SET_UNCONDITIONALLY, servers:[s11, s10, s7, s13, s8, s12, s9, s0, s1], listeners:[]
2024-12-25 19:06:06,630 INFO  server.RaftServer$Division (RaftServerImpl.java:setConfigurationAsync(1348)) - s9@group-4CF2EC507520: receive setConfiguration SetConfigurationRequest:client-9E894F3AA110->s9@group-4CF2EC507520, cid=2065, seq=null, RW, null, SET_UNCONDITIONALLY, servers:[s11, s10, s7, s13, s8, s12, s9, s0, s1], listeners:[]
2024-12-25 19:06:06,731 INFO  server.RaftServer$Division (RaftServerImpl.java:setConfigurationAsync(1348)) - s7@group-4CF2EC507520: receive setConfiguration SetConfigurationRequest:client-9E894F3AA110->s7@group-4CF2EC507520, cid=2065, seq=null, RW, null, SET_UNCONDITIONALLY, servers:[s11, s10, s7, s13, s8, s12, s9, s0, s1], listeners:[]
2024-12-25 19:06:06,831 INFO  server.RaftServer$Division (RaftServerImpl.java:setConfigurationAsync(1348)) - s0@group-4CF2EC507520: receive setConfiguration SetConfigurationRequest:client-9E894F3AA110->s0@group-4CF2EC507520, cid=2065, seq=null, RW, null, SET_UNCONDITIONALLY, servers:[s11, s10, s7, s13, s8, s12, s9, s0, s1], listeners:[]
2024-12-25 19:06:06,931 INFO  server.RaftServer$Division (RaftServerImpl.java:setConfigurationAsync(1348)) - s1@group-4CF2EC507520: receive setConfiguration SetConfigurationRequest:client-9E894F3AA110->s1@group-4CF2EC507520, cid=2065, seq=null, RW, null, SET_UNCONDITIONALLY, servers:[s11, s10, s7, s13, s8, s12, s9, s0, s1], listeners:[]
2024-12-25 19:06:07,032 INFO  server.RaftServer$Division (RaftServerImpl.java:setConfigurationAsync(1348)) - s8@group-4CF2EC507520: receive setConfiguration SetConfigurationRequest:client-9E894F3AA110->s8@group-4CF2EC507520, cid=2065, seq=null, RW, null, SET_UNCONDITIONALLY, servers:[s11, s10, s7, s13, s8, s12, s9, s0, s1], listeners:[]
2024-12-25 19:06:07,057 INFO  impl.MiniRaftCluster (MiniRaftCluster.java:lambda$null$7(362)) - TIMED-PRINT: printing ALL groups
  s3:  RUNNING [
   FOLLOWER s3@group-4CF2EC507520:t0, leader=null, voted=, raftlog=Memoized:s3@group-4CF2EC507520-SegmentedRaftLog:OPENED:c-1:lastnull, conf=conf: {index: -1, cur=peers:[]|listeners:[], old=null} STARTING
   FOLLOWER s3@group-6AB839334A82:t0, leader=null, voted=, raftlog=Memoized:s3@group-6AB839334A82-SegmentedRaftLog:OPENED:c-1:lastnull, conf=conf: {index: -1, cur=peers:[]|listeners:[], old=null} STARTING] size=2
  s4:  RUNNING [
   FOLLOWER s4@group-4CF2EC507520:t0, leader=null, voted=, raftlog=Memoized:s4@group-4CF2EC507520-SegmentedRaftLog:OPENED:c-1:lastnull, conf=conf: {index: -1, cur=peers:[]|listeners:[], old=null} STARTING
   FOLLOWER s4@group-6AB839334A82:t0, leader=null, voted=, raftlog=Memoized:s4@group-6AB839334A82-SegmentedRaftLog:OPENED:c-1:lastnull, conf=conf: {index: -1, cur=peers:[]|listeners:[], old=null} STARTING] size=2
  s5:  RUNNING [
   FOLLOWER s5@group-4CF2EC507520:t0, leader=null, voted=, raftlog=Memoized:s5@group-4CF2EC507520-SegmentedRaftLog:OPENED:c-1:lastnull, conf=conf: {index: -1, cur=peers:[]|listeners:[], old=null} STARTING
   FOLLOWER s5@group-6AB839334A82:t0, leader=null, voted=, raftlog=Memoized:s5@group-6AB839334A82-SegmentedRaftLog:OPENED:c-1:lastnull, conf=conf: {index: -1, cur=peers:[]|listeners:[], old=null} STARTING] size=2
  s6:  RUNNING [
   FOLLOWER s6@group-4CF2EC507520:t0, leader=null, voted=, raftlog=Memoized:s6@group-4CF2EC507520-SegmentedRaftLog:OPENED:c-1:lastnull, conf=conf: {index: -1, cur=peers:[]|listeners:[], old=null} STARTING
   FOLLOWER s6@group-6AB839334A82:t0, leader=null, voted=, raftlog=Memoized:s6@group-6AB839334A82-SegmentedRaftLog:OPENED:c-1:lastnull, conf=conf: {index: -1, cur=peers:[]|listeners:[], old=null} STARTING] size=2
  s7:  RUNNING [
     LEADER s7@group-4CF2EC507520:t1, leader=s7, voted=s7, raftlog=Memoized:s7@group-4CF2EC507520-SegmentedRaftLog:OPENED:c123:last(t:1, i:124), conf=conf: {index: 123, cur=peers:[s7, s8, s9, s0, s1]|listeners:[], old=null} RUNNING
   FOLLOWER s7@group-6AB839334A82:t0, leader=null, voted=, raftlog=Memoized:s7@group-6AB839334A82-SegmentedRaftLog:OPENED:c-1:lastnull, conf=conf: {index: -1, cur=peers:[]|listeners:[], old=null} STARTING] size=2
  s8:  RUNNING [
   FOLLOWER s8@group-4CF2EC507520:t1, leader=s7, voted=s7, raftlog=Memoized:s8@group-4CF2EC507520-SegmentedRaftLog:OPENED:c123:last(t:1, i:124), conf=conf: {index: 123, cur=peers:[s7|, s8|, s9|, s0|, s1|]|listeners:[], old=null} RUNNING
   FOLLOWER s8@group-6AB839334A82:t0, leader=null, voted=, raftlog=Memoized:s8@group-6AB839334A82-SegmentedRaftLog:OPENED:c-1:lastnull, conf=conf: {index: -1, cur=peers:[]|listeners:[], old=null} STARTING] size=2
  s9:  RUNNING [
   FOLLOWER s9@group-4CF2EC507520:t1, leader=s7, voted=s7, raftlog=Memoized:s9@group-4CF2EC507520-SegmentedRaftLog:OPENED:c123:last(t:1, i:124), conf=conf: {index: 123, cur=peers:[s7|, s8|, s9|, s0|, s1|]|listeners:[], old=null} RUNNING
   FOLLOWER s9@group-6AB839334A82:t0, leader=null, voted=, raftlog=Memoized:s9@group-6AB839334A82-SegmentedRaftLog:OPENED:c-1:lastnull, conf=conf: {index: -1, cur=peers:[]|listeners:[], old=null} STARTING] size=2
  s11:  RUNNING [
   FOLLOWER s11@group-4CF2EC507520:t1, leader=s7, voted=null, raftlog=Memoized:s11@group-4CF2EC507520-SegmentedRaftLog:OPENED:c123:last(t:1, i:124), conf=conf: {index: 123, cur=peers:[s7|, s8|, s9|, s0|, s1|]|listeners:[], old=null} STARTING
   FOLLOWER s11@group-6AB839334A82:t0, leader=null, voted=, raftlog=Memoized:s11@group-6AB839334A82-SegmentedRaftLog:OPENED:c-1:lastnull, conf=conf: {index: -1, cur=peers:[]|listeners:[], old=null} STARTING] size=2
  s10:  RUNNING [
   FOLLOWER s10@group-4CF2EC507520:t1, leader=s7, voted=null, raftlog=Memoized:s10@group-4CF2EC507520-SegmentedRaftLog:OPENED:c123:last(t:1, i:124), conf=conf: {index: 123, cur=peers:[s7|, s8|, s9|, s0|, s1|]|listeners:[], old=null} STARTING
   FOLLOWER s10@group-6AB839334A82:t0, leader=null, voted=, raftlog=Memoized:s10@group-6AB839334A82-SegmentedRaftLog:OPENED:c-1:lastnull, conf=conf: {index: -1, cur=peers:[]|listeners:[], old=null} STARTING] size=2
  s13:  RUNNING [
   FOLLOWER s13@group-4CF2EC507520:t1, leader=s7, voted=null, raftlog=Memoized:s13@group-4CF2EC507520-SegmentedRaftLog:OPENED:c123:last(t:1, i:124), conf=conf: {index: 123, cur=peers:[s7|, s8|, s9|, s0|, s1|]|listeners:[], old=null} STARTING
   FOLLOWER s13@group-6AB839334A82:t0, leader=null, voted=, raftlog=Memoized:s13@group-6AB839334A82-SegmentedRaftLog:OPENED:c-1:lastnull, conf=conf: {index: -1, cur=peers:[]|listeners:[], old=null} STARTING] size=2
  s12:  RUNNING [
   FOLLOWER s12@group-4CF2EC507520:t1, leader=s7, voted=null, raftlog=Memoized:s12@group-4CF2EC507520-SegmentedRaftLog:OPENED:c123:last(t:1, i:124), conf=conf: {index: 123, cur=peers:[s7|, s8|, s9|, s0|, s1|]|listeners:[], old=null} STARTING
   FOLLOWER s12@group-6AB839334A82:t0, leader=null, voted=, raftlog=Memoized:s12@group-6AB839334A82-SegmentedRaftLog:OPENED:c-1:lastnull, conf=conf: {index: -1, cur=peers:[]|listeners:[], old=null} STARTING] size=2
  s14:  RUNNING [
   FOLLOWER s14@group-4CF2EC507520:t0, leader=null, voted=, raftlog=Memoized:s14@group-4CF2EC507520-SegmentedRaftLog:OPENED:c-1:lastnull, conf=conf: {index: -1, cur=peers:[]|listeners:[], old=null} STARTING
   FOLLOWER s14@group-6AB839334A82:t0, leader=null, voted=, raftlog=Memoized:s14@group-6AB839334A82-SegmentedRaftLog:OPENED:c-1:lastnull, conf=conf: {index: -1, cur=peers:[]|listeners:[], old=null} STARTING] size=2
  s0:  RUNNING [
   FOLLOWER s0@group-4CF2EC507520:t1, leader=s7, voted=null, raftlog=Memoized:s0@group-4CF2EC507520-SegmentedRaftLog:OPENED:c123:last(t:1, i:124), conf=conf: {index: 123, cur=peers:[s7|, s8|, s9|, s0|, s1|]|listeners:[], old=null} STARTING
   FOLLOWER s0@group-6AB839334A82:t0, leader=null, voted=, raftlog=Memoized:s0@group-6AB839334A82-SegmentedRaftLog:OPENED:c-1:lastnull, conf=conf: {index: -1, cur=peers:[]|listeners:[], old=null} STARTING] size=2
  s1:  RUNNING [
   FOLLOWER s1@group-4CF2EC507520:t1, leader=s7, voted=null, raftlog=Memoized:s1@group-4CF2EC507520-SegmentedRaftLog:OPENED:c123:last(t:1, i:124), conf=conf: {index: 123, cur=peers:[s7|, s8|, s9|, s0|, s1|]|listeners:[], old=null} STARTING
   FOLLOWER s1@group-6AB839334A82:t0, leader=null, voted=, raftlog=Memoized:s1@group-6AB839334A82-SegmentedRaftLog:OPENED:c-1:lastnull, conf=conf: {index: -1, cur=peers:[]|listeners:[], old=null} STARTING] size=2
  s2:  RUNNING [
   FOLLOWER s2@group-4CF2EC507520:t0, leader=null, voted=, raftlog=Memoized:s2@group-4CF2EC507520-SegmentedRaftLog:OPENED:c-1:lastnull, conf=conf: {index: -1, cur=peers:[]|listeners:[], old=null} STARTING
   FOLLOWER s2@group-6AB839334A82:t0, leader=null, voted=, raftlog=Memoized:s2@group-6AB839334A82-SegmentedRaftLog:OPENED:c-1:lastnull, conf=conf: {index: -1, cur=peers:[]|listeners:[], old=null} STARTING] size=2
2024-12-25 19:06:07,132 INFO  server.RaftServer$Division (RaftServerImpl.java:setConfigurationAsync(1348)) - s7@group-4CF2EC507520: receive setConfiguration SetConfigurationRequest:client-9E894F3AA110->s7@group-4CF2EC507520, cid=2065, seq=null, RW, null, SET_UNCONDITIONALLY, servers:[s11, s10, s7, s13, s8, s12, s9, s0, s1], listeners:[]
2024-12-25 19:06:07,232 INFO  server.RaftServer$Division (RaftServerImpl.java:setConfigurationAsync(1348)) - s1@group-4CF2EC507520: receive setConfiguration SetConfigurationRequest:client-9E894F3AA110->s1@group-4CF2EC507520, cid=2065, seq=null, RW, null, SET_UNCONDITIONALLY, servers:[s11, s10, s7, s13, s8, s12, s9, s0, s1], listeners:[]
2024-12-25 19:06:07,333 INFO  server.RaftServer$Division (RaftServerImpl.java:setConfigurationAsync(1348)) - s0@group-4CF2EC507520: receive setConfiguration SetConfigurationRequest:client-9E894F3AA110->s0@group-4CF2EC507520, cid=2065, seq=null, RW, null, SET_UNCONDITIONALLY, servers:[s11, s10, s7, s13, s8, s12, s9, s0, s1], listeners:[]
2024-12-25 19:06:07,433 INFO  server.RaftServer$Division (RaftServerImpl.java:setConfigurationAsync(1348)) - s1@group-4CF2EC507520: receive setConfiguration SetConfigurationRequest:client-9E894F3AA110->s1@group-4CF2EC507520, cid=2065, seq=null, RW, null, SET_UNCONDITIONALLY, servers:[s11, s10, s7, s13, s8, s12, s9, s0, s1], listeners:[]
2024-12-25 19:06:07,533 INFO  server.RaftServer$Division (RaftServerImpl.java:setConfigurationAsync(1348)) - s8@group-4CF2EC507520: receive setConfiguration SetConfigurationRequest:client-9E894F3AA110->s8@group-4CF2EC507520, cid=2065, seq=null, RW, null, SET_UNCONDITIONALLY, servers:[s11, s10, s7, s13, s8, s12, s9, s0, s1], listeners:[]
2024-12-25 19:06:07,634 INFO  server.RaftServer$Division (RaftServerImpl.java:setConfigurationAsync(1348)) - s7@group-4CF2EC507520: receive setConfiguration SetConfigurationRequest:client-9E894F3AA110->s7@group-4CF2EC507520, cid=2065, seq=null, RW, null, SET_UNCONDITIONALLY, servers:[s11, s10, s7, s13, s8, s12, s9, s0, s1], listeners:[]
2024-12-25 19:06:07,734 INFO  server.RaftServer$Division (RaftServerImpl.java:setConfigurationAsync(1348)) - s9@group-4CF2EC507520: receive setConfiguration SetConfigurationRequest:client-9E894F3AA110->s9@group-4CF2EC507520, cid=2065, seq=null, RW, null, SET_UNCONDITIONALLY, servers:[s11, s10, s7, s13, s8, s12, s9, s0, s1], listeners:[]
2024-12-25 19:06:07,834 INFO  server.RaftServer$Division (RaftServerImpl.java:setConfigurationAsync(1348)) - s7@group-4CF2EC507520: receive setConfiguration SetConfigurationRequest:client-9E894F3AA110->s7@group-4CF2EC507520, cid=2065, seq=null, RW, null, SET_UNCONDITIONALLY, servers:[s11, s10, s7, s13, s8, s12, s9, s0, s1], listeners:[]
2024-12-25 19:06:07,934 INFO  server.RaftServer$Division (RaftServerImpl.java:setConfigurationAsync(1348)) - s0@group-4CF2EC507520: receive setConfiguration SetConfigurationRequest:client-9E894F3AA110->s0@group-4CF2EC507520, cid=2065, seq=null, RW, null, SET_UNCONDITIONALLY, servers:[s11, s10, s7, s13, s8, s12, s9, s0, s1], listeners:[]
2024-12-25 19:06:08,035 INFO  server.RaftServer$Division (RaftServerImpl.java:setConfigurationAsync(1348)) - s7@group-4CF2EC507520: receive setConfiguration SetConfigurationRequest:client-9E894F3AA110->s7@group-4CF2EC507520, cid=2065, seq=null, RW, null, SET_UNCONDITIONALLY, servers:[s11, s10, s7, s13, s8, s12, s9, s0, s1], listeners:[]
2024-12-25 19:06:08,135 INFO  server.RaftServer$Division (RaftServerImpl.java:setConfigurationAsync(1348)) - s8@group-4CF2EC507520: receive setConfiguration SetConfigurationRequest:client-9E894F3AA110->s8@group-4CF2EC507520, cid=2065, seq=null, RW, null, SET_UNCONDITIONALLY, servers:[s11, s10, s7, s13, s8, s12, s9, s0, s1], listeners:[]
2024-12-25 19:06:08,235 INFO  server.RaftServer$Division (RaftServerImpl.java:setConfigurationAsync(1348)) - s7@group-4CF2EC507520: receive setConfiguration SetConfigurationRequest:client-9E894F3AA110->s7@group-4CF2EC507520, cid=2065, seq=null, RW, null, SET_UNCONDITIONALLY, servers:[s11, s10, s7, s13, s8, s12, s9, s0, s1], listeners:[]
2024-12-25 19:06:08,336 INFO  server.RaftServer$Division (RaftServerImpl.java:setConfigurationAsync(1348)) - s1@group-4CF2EC507520: receive setConfiguration SetConfigurationRequest:client-9E894F3AA110->s1@group-4CF2EC507520, cid=2065, seq=null, RW, null, SET_UNCONDITIONALLY, servers:[s11, s10, s7, s13, s8, s12, s9, s0, s1], listeners:[]
2024-12-25 19:06:08,436 INFO  server.RaftServer$Division (RaftServerImpl.java:setConfigurationAsync(1348)) - s7@group-4CF2EC507520: receive setConfiguration SetConfigurationRequest:client-9E894F3AA110->s7@group-4CF2EC507520, cid=2065, seq=null, RW, null, SET_UNCONDITIONALLY, servers:[s11, s10, s7, s13, s8, s12, s9, s0, s1], listeners:[]
2024-12-25 19:06:08,536 INFO  server.RaftServer$Division (RaftServerImpl.java:setConfigurationAsync(1348)) - s9@group-4CF2EC507520: receive setConfiguration SetConfigurationRequest:client-9E894F3AA110->s9@group-4CF2EC507520, cid=2065, seq=null, RW, null, SET_UNCONDITIONALLY, servers:[s11, s10, s7, s13, s8, s12, s9, s0, s1], listeners:[]
2024-12-25 19:06:08,637 INFO  server.RaftServer$Division (RaftServerImpl.java:setConfigurationAsync(1348)) - s7@group-4CF2EC507520: receive setConfiguration SetConfigurationRequest:client-9E894F3AA110->s7@group-4CF2EC507520, cid=2065, seq=null, RW, null, SET_UNCONDITIONALLY, servers:[s11, s10, s7, s13, s8, s12, s9, s0, s1], listeners:[]
2024-12-25 19:06:08,737 INFO  server.RaftServer$Division (RaftServerImpl.java:setConfigurationAsync(1348)) - s1@group-4CF2EC507520: receive setConfiguration SetConfigurationRequest:client-9E894F3AA110->s1@group-4CF2EC507520, cid=2065, seq=null, RW, null, SET_UNCONDITIONALLY, servers:[s11, s10, s7, s13, s8, s12, s9, s0, s1], listeners:[]
2024-12-25 19:06:08,837 INFO  server.RaftServer$Division (RaftServerImpl.java:setConfigurationAsync(1348)) - s0@group-4CF2EC507520: receive setConfiguration SetConfigurationRequest:client-9E894F3AA110->s0@group-4CF2EC507520, cid=2065, seq=null, RW, null, SET_UNCONDITIONALLY, servers:[s11, s10, s7, s13, s8, s12, s9, s0, s1], listeners:[]
2024-12-25 19:06:08,938 INFO  server.RaftServer$Division (RaftServerImpl.java:setConfigurationAsync(1348)) - s7@group-4CF2EC507520: receive setConfiguration SetConfigurationRequest:client-9E894F3AA110->s7@group-4CF2EC507520, cid=2065, seq=null, RW, null, SET_UNCONDITIONALLY, servers:[s11, s10, s7, s13, s8, s12, s9, s0, s1], listeners:[]
2024-12-25 19:06:09,038 INFO  server.RaftServer$Division (RaftServerImpl.java:setConfigurationAsync(1348)) - s0@group-4CF2EC507520: receive setConfiguration SetConfigurationRequest:client-9E894F3AA110->s0@group-4CF2EC507520, cid=2065, seq=null, RW, null, SET_UNCONDITIONALLY, servers:[s11, s10, s7, s13, s8, s12, s9, s0, s1], listeners:[]
2024-12-25 19:06:09,138 INFO  server.RaftServer$Division (RaftServerImpl.java:setConfigurationAsync(1348)) - s9@group-4CF2EC507520: receive setConfiguration SetConfigurationRequest:client-9E894F3AA110->s9@group-4CF2EC507520, cid=2065, seq=null, RW, null, SET_UNCONDITIONALLY, servers:[s11, s10, s7, s13, s8, s12, s9, s0, s1], listeners:[]
2024-12-25 19:06:09,239 INFO  server.RaftServer$Division (RaftServerImpl.java:setConfigurationAsync(1348)) - s7@group-4CF2EC507520: receive setConfiguration SetConfigurationRequest:client-9E894F3AA110->s7@group-4CF2EC507520, cid=2065, seq=null, RW, null, SET_UNCONDITIONALLY, servers:[s11, s10, s7, s13, s8, s12, s9, s0, s1], listeners:[]
2024-12-25 19:06:09,339 INFO  server.RaftServer$Division (RaftServerImpl.java:setConfigurationAsync(1348)) - s1@group-4CF2EC507520: receive setConfiguration SetConfigurationRequest:client-9E894F3AA110->s1@group-4CF2EC507520, cid=2065, seq=null, RW, null, SET_UNCONDITIONALLY, servers:[s11, s10, s7, s13, s8, s12, s9, s0, s1], listeners:[]
2024-12-25 19:06:09,439 INFO  server.RaftServer$Division (RaftServerImpl.java:setConfigurationAsync(1348)) - s7@group-4CF2EC507520: receive setConfiguration SetConfigurationRequest:client-9E894F3AA110->s7@group-4CF2EC507520, cid=2065, seq=null, RW, null, SET_UNCONDITIONALLY, servers:[s11, s10, s7, s13, s8, s12, s9, s0, s1], listeners:[]
2024-12-25 19:06:09,539 INFO  server.RaftServer$Division (RaftServerImpl.java:setConfigurationAsync(1348)) - s9@group-4CF2EC507520: receive setConfiguration SetConfigurationRequest:client-9E894F3AA110->s9@group-4CF2EC507520, cid=2065, seq=null, RW, null, SET_UNCONDITIONALLY, servers:[s11, s10, s7, s13, s8, s12, s9, s0, s1], listeners:[]
2024-12-25 19:06:09,640 INFO  server.RaftServer$Division (RaftServerImpl.java:setConfigurationAsync(1348)) - s7@group-4CF2EC507520: receive setConfiguration SetConfigurationRequest:client-9E894F3AA110->s7@group-4CF2EC507520, cid=2065, seq=null, RW, null, SET_UNCONDITIONALLY, servers:[s11, s10, s7, s13, s8, s12, s9, s0, s1], listeners:[]
2024-12-25 19:06:09,740 INFO  server.RaftServer$Division (RaftServerImpl.java:setConfigurationAsync(1348)) - s8@group-4CF2EC507520: receive setConfiguration SetConfigurationRequest:client-9E894F3AA110->s8@group-4CF2EC507520, cid=2065, seq=null, RW, null, SET_UNCONDITIONALLY, servers:[s11, s10, s7, s13, s8, s12, s9, s0, s1], listeners:[]
2024-12-25 19:06:09,840 INFO  server.RaftServer$Division (RaftServerImpl.java:setConfigurationAsync(1348)) - s7@group-4CF2EC507520: receive setConfiguration SetConfigurationRequest:client-9E894F3AA110->s7@group-4CF2EC507520, cid=2065, seq=null, RW, null, SET_UNCONDITIONALLY, servers:[s11, s10, s7, s13, s8, s12, s9, s0, s1], listeners:[]
2024-12-25 19:06:09,941 INFO  server.RaftServer$Division (RaftServerImpl.java:setConfigurationAsync(1348)) - s9@group-4CF2EC507520: receive setConfiguration SetConfigurationRequest:client-9E894F3AA110->s9@group-4CF2EC507520, cid=2065, seq=null, RW, null, SET_UNCONDITIONALLY, servers:[s11, s10, s7, s13, s8, s12, s9, s0, s1], listeners:[]
2024-12-25 19:06:10,041 INFO  server.RaftServer$Division (RaftServerImpl.java:setConfigurationAsync(1348)) - s7@group-4CF2EC507520: receive setConfiguration SetConfigurationRequest:client-9E894F3AA110->s7@group-4CF2EC507520, cid=2065, seq=null, RW, null, SET_UNCONDITIONALLY, servers:[s11, s10, s7, s13, s8, s12, s9, s0, s1], listeners:[]
2024-12-25 19:06:10,141 INFO  server.RaftServer$Division (RaftServerImpl.java:setConfigurationAsync(1348)) - s9@group-4CF2EC507520: receive setConfiguration SetConfigurationRequest:client-9E894F3AA110->s9@group-4CF2EC507520, cid=2065, seq=null, RW, null, SET_UNCONDITIONALLY, servers:[s11, s10, s7, s13, s8, s12, s9, s0, s1], listeners:[]
2024-12-25 19:06:10,241 INFO  server.RaftServer$Division (RaftServerImpl.java:setConfigurationAsync(1348)) - s7@group-4CF2EC507520: receive setConfiguration SetConfigurationRequest:client-9E894F3AA110->s7@group-4CF2EC507520, cid=2065, seq=null, RW, null, SET_UNCONDITIONALLY, servers:[s11, s10, s7, s13, s8, s12, s9, s0, s1], listeners:[]
2024-12-25 19:06:10,342 INFO  server.RaftServer$Division (RaftServerImpl.java:setConfigurationAsync(1348)) - s9@group-4CF2EC507520: receive setConfiguration SetConfigurationRequest:client-9E894F3AA110->s9@group-4CF2EC507520, cid=2065, seq=null, RW, null, SET_UNCONDITIONALLY, servers:[s11, s10, s7, s13, s8, s12, s9, s0, s1], listeners:[]
2024-12-25 19:06:10,442 INFO  server.RaftServer$Division (RaftServerImpl.java:setConfigurationAsync(1348)) - s7@group-4CF2EC507520: receive setConfiguration SetConfigurationRequest:client-9E894F3AA110->s7@group-4CF2EC507520, cid=2065, seq=null, RW, null, SET_UNCONDITIONALLY, servers:[s11, s10, s7, s13, s8, s12, s9, s0, s1], listeners:[]
2024-12-25 19:06:10,542 INFO  server.RaftServer$Division (RaftServerImpl.java:setConfigurationAsync(1348)) - s8@group-4CF2EC507520: receive setConfiguration SetConfigurationRequest:client-9E894F3AA110->s8@group-4CF2EC507520, cid=2065, seq=null, RW, null, SET_UNCONDITIONALLY, servers:[s11, s10, s7, s13, s8, s12, s9, s0, s1], listeners:[]
2024-12-25 19:06:10,642 INFO  server.RaftServer$Division (RaftServerImpl.java:setConfigurationAsync(1348)) - s7@group-4CF2EC507520: receive setConfiguration SetConfigurationRequest:client-9E894F3AA110->s7@group-4CF2EC507520, cid=2065, seq=null, RW, null, SET_UNCONDITIONALLY, servers:[s11, s10, s7, s13, s8, s12, s9, s0, s1], listeners:[]
2024-12-25 19:06:10,743 INFO  server.RaftServer$Division (RaftServerImpl.java:setConfigurationAsync(1348)) - s0@group-4CF2EC507520: receive setConfiguration SetConfigurationRequest:client-9E894F3AA110->s0@group-4CF2EC507520, cid=2065, seq=null, RW, null, SET_UNCONDITIONALLY, servers:[s11, s10, s7, s13, s8, s12, s9, s0, s1], listeners:[]
2024-12-25 19:06:10,843 INFO  server.RaftServer$Division (RaftServerImpl.java:setConfigurationAsync(1348)) - s9@group-4CF2EC507520: receive setConfiguration SetConfigurationRequest:client-9E894F3AA110->s9@group-4CF2EC507520, cid=2065, seq=null, RW, null, SET_UNCONDITIONALLY, servers:[s11, s10, s7, s13, s8, s12, s9, s0, s1], listeners:[]
2024-12-25 19:06:10,943 INFO  server.RaftServer$Division (RaftServerImpl.java:setConfigurationAsync(1348)) - s7@group-4CF2EC507520: receive setConfiguration SetConfigurationRequest:client-9E894F3AA110->s7@group-4CF2EC507520, cid=2065, seq=null, RW, null, SET_UNCONDITIONALLY, servers:[s11, s10, s7, s13, s8, s12, s9, s0, s1], listeners:[]
2024-12-25 19:06:11,044 INFO  server.RaftServer$Division (RaftServerImpl.java:setConfigurationAsync(1348)) - s8@group-4CF2EC507520: receive setConfiguration SetConfigurationRequest:client-9E894F3AA110->s8@group-4CF2EC507520, cid=2065, seq=null, RW, null, SET_UNCONDITIONALLY, servers:[s11, s10, s7, s13, s8, s12, s9, s0, s1], listeners:[]
2024-12-25 19:06:11,144 INFO  server.RaftServer$Division (RaftServerImpl.java:setConfigurationAsync(1348)) - s7@group-4CF2EC507520: receive setConfiguration SetConfigurationRequest:client-9E894F3AA110->s7@group-4CF2EC507520, cid=2065, seq=null, RW, null, SET_UNCONDITIONALLY, servers:[s11, s10, s7, s13, s8, s12, s9, s0, s1], listeners:[]
2024-12-25 19:06:11,244 INFO  server.RaftServer$Division (RaftServerImpl.java:setConfigurationAsync(1348)) - s0@group-4CF2EC507520: receive setConfiguration SetConfigurationRequest:client-9E894F3AA110->s0@group-4CF2EC507520, cid=2065, seq=null, RW, null, SET_UNCONDITIONALLY, servers:[s11, s10, s7, s13, s8, s12, s9, s0, s1], listeners:[]
2024-12-25 19:06:11,344 INFO  server.RaftServer$Division (RaftServerImpl.java:setConfigurationAsync(1348)) - s8@group-4CF2EC507520: receive setConfiguration SetConfigurationRequest:client-9E894F3AA110->s8@group-4CF2EC507520, cid=2065, seq=null, RW, null, SET_UNCONDITIONALLY, servers:[s11, s10, s7, s13, s8, s12, s9, s0, s1], listeners:[]
2024-12-25 19:06:11,445 INFO  server.RaftServer$Division (RaftServerImpl.java:setConfigurationAsync(1348)) - s7@group-4CF2EC507520: receive setConfiguration SetConfigurationRequest:client-9E894F3AA110->s7@group-4CF2EC507520, cid=2065, seq=null, RW, null, SET_UNCONDITIONALLY, servers:[s11, s10, s7, s13, s8, s12, s9, s0, s1], listeners:[]
2024-12-25 19:06:11,545 INFO  server.RaftServer$Division (RaftServerImpl.java:setConfigurationAsync(1348)) - s8@group-4CF2EC507520: receive setConfiguration SetConfigurationRequest:client-9E894F3AA110->s8@group-4CF2EC507520, cid=2065, seq=null, RW, null, SET_UNCONDITIONALLY, servers:[s11, s10, s7, s13, s8, s12, s9, s0, s1], listeners:[]
2024-12-25 19:06:11,645 INFO  server.RaftServer$Division (RaftServerImpl.java:setConfigurationAsync(1348)) - s7@group-4CF2EC507520: receive setConfiguration SetConfigurationRequest:client-9E894F3AA110->s7@group-4CF2EC507520, cid=2065, seq=null, RW, null, SET_UNCONDITIONALLY, servers:[s11, s10, s7, s13, s8, s12, s9, s0, s1], listeners:[]
2024-12-25 19:06:11,745 INFO  server.RaftServer$Division (RaftServerImpl.java:setConfigurationAsync(1348)) - s9@group-4CF2EC507520: receive setConfiguration SetConfigurationRequest:client-9E894F3AA110->s9@group-4CF2EC507520, cid=2065, seq=null, RW, null, SET_UNCONDITIONALLY, servers:[s11, s10, s7, s13, s8, s12, s9, s0, s1], listeners:[]
2024-12-25 19:06:11,846 INFO  server.RaftServer$Division (RaftServerImpl.java:setConfigurationAsync(1348)) - s7@group-4CF2EC507520: receive setConfiguration SetConfigurationRequest:client-9E894F3AA110->s7@group-4CF2EC507520, cid=2065, seq=null, RW, null, SET_UNCONDITIONALLY, servers:[s11, s10, s7, s13, s8, s12, s9, s0, s1], listeners:[]
2024-12-25 19:06:11,946 INFO  server.RaftServer$Division (RaftServerImpl.java:setConfigurationAsync(1348)) - s9@group-4CF2EC507520: receive setConfiguration SetConfigurationRequest:client-9E894F3AA110->s9@group-4CF2EC507520, cid=2065, seq=null, RW, null, SET_UNCONDITIONALLY, servers:[s11, s10, s7, s13, s8, s12, s9, s0, s1], listeners:[]
2024-12-25 19:06:12,046 INFO  server.RaftServer$Division (RaftServerImpl.java:setConfigurationAsync(1348)) - s7@group-4CF2EC507520: receive setConfiguration SetConfigurationRequest:client-9E894F3AA110->s7@group-4CF2EC507520, cid=2065, seq=null, RW, null, SET_UNCONDITIONALLY, servers:[s11, s10, s7, s13, s8, s12, s9, s0, s1], listeners:[]
2024-12-25 19:06:12,146 INFO  server.RaftServer$Division (RaftServerImpl.java:setConfigurationAsync(1348)) - s8@group-4CF2EC507520: receive setConfiguration SetConfigurationRequest:client-9E894F3AA110->s8@group-4CF2EC507520, cid=2065, seq=null, RW, null, SET_UNCONDITIONALLY, servers:[s11, s10, s7, s13, s8, s12, s9, s0, s1], listeners:[]
2024-12-25 19:06:12,247 INFO  server.RaftServer$Division (RaftServerImpl.java:setConfigurationAsync(1348)) - s7@group-4CF2EC507520: receive setConfiguration SetConfigurationRequest:client-9E894F3AA110->s7@group-4CF2EC507520, cid=2065, seq=null, RW, null, SET_UNCONDITIONALLY, servers:[s11, s10, s7, s13, s8, s12, s9, s0, s1], listeners:[]
2024-12-25 19:06:12,347 INFO  server.RaftServer$Division (RaftServerImpl.java:setConfigurationAsync(1348)) - s8@group-4CF2EC507520: receive setConfiguration SetConfigurationRequest:client-9E894F3AA110->s8@group-4CF2EC507520, cid=2065, seq=null, RW, null, SET_UNCONDITIONALLY, servers:[s11, s10, s7, s13, s8, s12, s9, s0, s1], listeners:[]
2024-12-25 19:06:12,447 INFO  server.RaftServer$Division (RaftServerImpl.java:setConfigurationAsync(1348)) - s7@group-4CF2EC507520: receive setConfiguration SetConfigurationRequest:client-9E894F3AA110->s7@group-4CF2EC507520, cid=2065, seq=null, RW, null, SET_UNCONDITIONALLY, servers:[s11, s10, s7, s13, s8, s12, s9, s0, s1], listeners:[]
2024-12-25 19:06:12,547 INFO  server.RaftServer$Division (RaftServerImpl.java:setConfigurationAsync(1348)) - s1@group-4CF2EC507520: receive setConfiguration SetConfigurationRequest:client-9E894F3AA110->s1@group-4CF2EC507520, cid=2065, seq=null, RW, null, SET_UNCONDITIONALLY, servers:[s11, s10, s7, s13, s8, s12, s9, s0, s1], listeners:[]
2024-12-25 19:06:12,648 INFO  server.RaftServer$Division (RaftServerImpl.java:setConfigurationAsync(1348)) - s7@group-4CF2EC507520: receive setConfiguration SetConfigurationRequest:client-9E894F3AA110->s7@group-4CF2EC507520, cid=2065, seq=null, RW, null, SET_UNCONDITIONALLY, servers:[s11, s10, s7, s13, s8, s12, s9, s0, s1], listeners:[]
2024-12-25 19:06:12,748 INFO  server.RaftServer$Division (RaftServerImpl.java:setConfigurationAsync(1348)) - s1@group-4CF2EC507520: receive setConfiguration SetConfigurationRequest:client-9E894F3AA110->s1@group-4CF2EC507520, cid=2065, seq=null, RW, null, SET_UNCONDITIONALLY, servers:[s11, s10, s7, s13, s8, s12, s9, s0, s1], listeners:[]
2024-12-25 19:06:12,848 INFO  server.RaftServer$Division (RaftServerImpl.java:setConfigurationAsync(1348)) - s7@group-4CF2EC507520: receive setConfiguration SetConfigurationRequest:client-9E894F3AA110->s7@group-4CF2EC507520, cid=2065, seq=null, RW, null, SET_UNCONDITIONALLY, servers:[s11, s10, s7, s13, s8, s12, s9, s0, s1], listeners:[]
2024-12-25 19:06:12,948 INFO  server.RaftServer$Division (RaftServerImpl.java:setConfigurationAsync(1348)) - s8@group-4CF2EC507520: receive setConfiguration SetConfigurationRequest:client-9E894F3AA110->s8@group-4CF2EC507520, cid=2065, seq=null, RW, null, SET_UNCONDITIONALLY, servers:[s11, s10, s7, s13, s8, s12, s9, s0, s1], listeners:[]
2024-12-25 19:06:13,049 INFO  server.RaftServer$Division (RaftServerImpl.java:setConfigurationAsync(1348)) - s7@group-4CF2EC507520: receive setConfiguration SetConfigurationRequest:client-9E894F3AA110->s7@group-4CF2EC507520, cid=2065, seq=null, RW, null, SET_UNCONDITIONALLY, servers:[s11, s10, s7, s13, s8, s12, s9, s0, s1], listeners:[]
2024-12-25 19:06:13,149 INFO  server.RaftServer$Division (RaftServerImpl.java:setConfigurationAsync(1348)) - s0@group-4CF2EC507520: receive setConfiguration SetConfigurationRequest:client-9E894F3AA110->s0@group-4CF2EC507520, cid=2065, seq=null, RW, null, SET_UNCONDITIONALLY, servers:[s11, s10, s7, s13, s8, s12, s9, s0, s1], listeners:[]
2024-12-25 19:06:13,249 INFO  server.RaftServer$Division (RaftServerImpl.java:setConfigurationAsync(1348)) - s1@group-4CF2EC507520: receive setConfiguration SetConfigurationRequest:client-9E894F3AA110->s1@group-4CF2EC507520, cid=2065, seq=null, RW, null, SET_UNCONDITIONALLY, servers:[s11, s10, s7, s13, s8, s12, s9, s0, s1], listeners:[]
2024-12-25 19:06:13,350 INFO  server.RaftServer$Division (RaftServerImpl.java:setConfigurationAsync(1348)) - s0@group-4CF2EC507520: receive setConfiguration SetConfigurationRequest:client-9E894F3AA110->s0@group-4CF2EC507520, cid=2065, seq=null, RW, null, SET_UNCONDITIONALLY, servers:[s11, s10, s7, s13, s8, s12, s9, s0, s1], listeners:[]
2024-12-25 19:06:13,450 INFO  server.RaftServer$Division (RaftServerImpl.java:setConfigurationAsync(1348)) - s9@group-4CF2EC507520: receive setConfiguration SetConfigurationRequest:client-9E894F3AA110->s9@group-4CF2EC507520, cid=2065, seq=null, RW, null, SET_UNCONDITIONALLY, servers:[s11, s10, s7, s13, s8, s12, s9, s0, s1], listeners:[]
2024-12-25 19:06:13,550 INFO  server.RaftServer$Division (RaftServerImpl.java:setConfigurationAsync(1348)) - s7@group-4CF2EC507520: receive setConfiguration SetConfigurationRequest:client-9E894F3AA110->s7@group-4CF2EC507520, cid=2065, seq=null, RW, null, SET_UNCONDITIONALLY, servers:[s11, s10, s7, s13, s8, s12, s9, s0, s1], listeners:[]
2024-12-25 19:06:13,650 INFO  server.RaftServer$Division (RaftServerImpl.java:setConfigurationAsync(1348)) - s8@group-4CF2EC507520: receive setConfiguration SetConfigurationRequest:client-9E894F3AA110->s8@group-4CF2EC507520, cid=2065, seq=null, RW, null, SET_UNCONDITIONALLY, servers:[s11, s10, s7, s13, s8, s12, s9, s0, s1], listeners:[]
2024-12-25 19:06:13,751 INFO  server.RaftServer$Division (RaftServerImpl.java:setConfigurationAsync(1348)) - s7@group-4CF2EC507520: receive setConfiguration SetConfigurationRequest:client-9E894F3AA110->s7@group-4CF2EC507520, cid=2065, seq=null, RW, null, SET_UNCONDITIONALLY, servers:[s11, s10, s7, s13, s8, s12, s9, s0, s1], listeners:[]
2024-12-25 19:06:13,851 INFO  server.RaftServer$Division (RaftServerImpl.java:setConfigurationAsync(1348)) - s8@group-4CF2EC507520: receive setConfiguration SetConfigurationRequest:client-9E894F3AA110->s8@group-4CF2EC507520, cid=2065, seq=null, RW, null, SET_UNCONDITIONALLY, servers:[s11, s10, s7, s13, s8, s12, s9, s0, s1], listeners:[]
2024-12-25 19:06:13,951 INFO  server.RaftServer$Division (RaftServerImpl.java:setConfigurationAsync(1348)) - s7@group-4CF2EC507520: receive setConfiguration SetConfigurationRequest:client-9E894F3AA110->s7@group-4CF2EC507520, cid=2065, seq=null, RW, null, SET_UNCONDITIONALLY, servers:[s11, s10, s7, s13, s8, s12, s9, s0, s1], listeners:[]
2024-12-25 19:06:14,052 INFO  server.RaftServer$Division (RaftServerImpl.java:setConfigurationAsync(1348)) - s1@group-4CF2EC507520: receive setConfiguration SetConfigurationRequest:client-9E894F3AA110->s1@group-4CF2EC507520, cid=2065, seq=null, RW, null, SET_UNCONDITIONALLY, servers:[s11, s10, s7, s13, s8, s12, s9, s0, s1], listeners:[]
2024-12-25 19:06:14,152 INFO  server.RaftServer$Division (RaftServerImpl.java:setConfigurationAsync(1348)) - s9@group-4CF2EC507520: receive setConfiguration SetConfigurationRequest:client-9E894F3AA110->s9@group-4CF2EC507520, cid=2065, seq=null, RW, null, SET_UNCONDITIONALLY, servers:[s11, s10, s7, s13, s8, s12, s9, s0, s1], listeners:[]
2024-12-25 19:06:14,252 INFO  server.RaftServer$Division (RaftServerImpl.java:setConfigurationAsync(1348)) - s7@group-4CF2EC507520: receive setConfiguration SetConfigurationRequest:client-9E894F3AA110->s7@group-4CF2EC507520, cid=2065, seq=null, RW, null, SET_UNCONDITIONALLY, servers:[s11, s10, s7, s13, s8, s12, s9, s0, s1], listeners:[]
2024-12-25 19:06:14,353 INFO  server.RaftServer$Division (RaftServerImpl.java:setConfigurationAsync(1348)) - s9@group-4CF2EC507520: receive setConfiguration SetConfigurationRequest:client-9E894F3AA110->s9@group-4CF2EC507520, cid=2065, seq=null, RW, null, SET_UNCONDITIONALLY, servers:[s11, s10, s7, s13, s8, s12, s9, s0, s1], listeners:[]
2024-12-25 19:06:14,453 INFO  server.RaftServer$Division (RaftServerImpl.java:setConfigurationAsync(1348)) - s7@group-4CF2EC507520: receive setConfiguration SetConfigurationRequest:client-9E894F3AA110->s7@group-4CF2EC507520, cid=2065, seq=null, RW, null, SET_UNCONDITIONALLY, servers:[s11, s10, s7, s13, s8, s12, s9, s0, s1], listeners:[]
2024-12-25 19:06:14,553 INFO  server.RaftServer$Division (RaftServerImpl.java:setConfigurationAsync(1348)) - s1@group-4CF2EC507520: receive setConfiguration SetConfigurationRequest:client-9E894F3AA110->s1@group-4CF2EC507520, cid=2065, seq=null, RW, null, SET_UNCONDITIONALLY, servers:[s11, s10, s7, s13, s8, s12, s9, s0, s1], listeners:[]
2024-12-25 19:06:14,653 INFO  server.RaftServer$Division (RaftServerImpl.java:setConfigurationAsync(1348)) - s7@group-4CF2EC507520: receive setConfiguration SetConfigurationRequest:client-9E894F3AA110->s7@group-4CF2EC507520, cid=2065, seq=null, RW, null, SET_UNCONDITIONALLY, servers:[s11, s10, s7, s13, s8, s12, s9, s0, s1], listeners:[]
2024-12-25 19:06:14,754 INFO  server.RaftServer$Division (RaftServerImpl.java:setConfigurationAsync(1348)) - s8@group-4CF2EC507520: receive setConfiguration SetConfigurationRequest:client-9E894F3AA110->s8@group-4CF2EC507520, cid=2065, seq=null, RW, null, SET_UNCONDITIONALLY, servers:[s11, s10, s7, s13, s8, s12, s9, s0, s1], listeners:[]
2024-12-25 19:06:14,854 INFO  server.RaftServer$Division (RaftServerImpl.java:setConfigurationAsync(1348)) - s7@group-4CF2EC507520: receive setConfiguration SetConfigurationRequest:client-9E894F3AA110->s7@group-4CF2EC507520, cid=2065, seq=null, RW, null, SET_UNCONDITIONALLY, servers:[s11, s10, s7, s13, s8, s12, s9, s0, s1], listeners:[]
2024-12-25 19:06:14,954 INFO  server.RaftServer$Division (RaftServerImpl.java:setConfigurationAsync(1348)) - s0@group-4CF2EC507520: receive setConfiguration SetConfigurationRequest:client-9E894F3AA110->s0@group-4CF2EC507520, cid=2065, seq=null, RW, null, SET_UNCONDITIONALLY, servers:[s11, s10, s7, s13, s8, s12, s9, s0, s1], listeners:[]
2024-12-25 19:06:15,055 INFO  server.RaftServer$Division (RaftServerImpl.java:setConfigurationAsync(1348)) - s7@group-4CF2EC507520: receive setConfiguration SetConfigurationRequest:client-9E894F3AA110->s7@group-4CF2EC507520, cid=2065, seq=null, RW, null, SET_UNCONDITIONALLY, servers:[s11, s10, s7, s13, s8, s12, s9, s0, s1], listeners:[]
2024-12-25 19:06:15,155 INFO  server.RaftServer$Division (RaftServerImpl.java:setConfigurationAsync(1348)) - s8@group-4CF2EC507520: receive setConfiguration SetConfigurationRequest:client-9E894F3AA110->s8@group-4CF2EC507520, cid=2065, seq=null, RW, null, SET_UNCONDITIONALLY, servers:[s11, s10, s7, s13, s8, s12, s9, s0, s1], listeners:[]
2024-12-25 19:06:15,255 INFO  server.RaftServer$Division (RaftServerImpl.java:setConfigurationAsync(1348)) - s7@group-4CF2EC507520: receive setConfiguration SetConfigurationRequest:client-9E894F3AA110->s7@group-4CF2EC507520, cid=2065, seq=null, RW, null, SET_UNCONDITIONALLY, servers:[s11, s10, s7, s13, s8, s12, s9, s0, s1], listeners:[]
2024-12-25 19:06:15,355 INFO  server.RaftServer$Division (RaftServerImpl.java:setConfigurationAsync(1348)) - s0@group-4CF2EC507520: receive setConfiguration SetConfigurationRequest:client-9E894F3AA110->s0@group-4CF2EC507520, cid=2065, seq=null, RW, null, SET_UNCONDITIONALLY, servers:[s11, s10, s7, s13, s8, s12, s9, s0, s1], listeners:[]
2024-12-25 19:06:15,456 INFO  server.RaftServer$Division (RaftServerImpl.java:setConfigurationAsync(1348)) - s7@group-4CF2EC507520: receive setConfiguration SetConfigurationRequest:client-9E894F3AA110->s7@group-4CF2EC507520, cid=2065, seq=null, RW, null, SET_UNCONDITIONALLY, servers:[s11, s10, s7, s13, s8, s12, s9, s0, s1], listeners:[]
2024-12-25 19:06:15,556 INFO  server.RaftServer$Division (RaftServerImpl.java:setConfigurationAsync(1348)) - s0@group-4CF2EC507520: receive setConfiguration SetConfigurationRequest:client-9E894F3AA110->s0@group-4CF2EC507520, cid=2065, seq=null, RW, null, SET_UNCONDITIONALLY, servers:[s11, s10, s7, s13, s8, s12, s9, s0, s1], listeners:[]
2024-12-25 19:06:15,656 INFO  server.RaftServer$Division (RaftServerImpl.java:setConfigurationAsync(1348)) - s8@group-4CF2EC507520: receive setConfiguration SetConfigurationRequest:client-9E894F3AA110->s8@group-4CF2EC507520, cid=2065, seq=null, RW, null, SET_UNCONDITIONALLY, servers:[s11, s10, s7, s13, s8, s12, s9, s0, s1], listeners:[]
2024-12-25 19:06:15,757 INFO  server.RaftServer$Division (RaftServerImpl.java:setConfigurationAsync(1348)) - s7@group-4CF2EC507520: receive setConfiguration SetConfigurationRequest:client-9E894F3AA110->s7@group-4CF2EC507520, cid=2065, seq=null, RW, null, SET_UNCONDITIONALLY, servers:[s11, s10, s7, s13, s8, s12, s9, s0, s1], listeners:[]
2024-12-25 19:06:15,857 INFO  server.RaftServer$Division (RaftServerImpl.java:setConfigurationAsync(1348)) - s1@group-4CF2EC507520: receive setConfiguration SetConfigurationRequest:client-9E894F3AA110->s1@group-4CF2EC507520, cid=2065, seq=null, RW, null, SET_UNCONDITIONALLY, servers:[s11, s10, s7, s13, s8, s12, s9, s0, s1], listeners:[]
2024-12-25 19:06:15,957 INFO  server.RaftServer$Division (RaftServerImpl.java:setConfigurationAsync(1348)) - s0@group-4CF2EC507520: receive setConfiguration SetConfigurationRequest:client-9E894F3AA110->s0@group-4CF2EC507520, cid=2065, seq=null, RW, null, SET_UNCONDITIONALLY, servers:[s11, s10, s7, s13, s8, s12, s9, s0, s1], listeners:[]
2024-12-25 19:06:16,058 INFO  server.RaftServer$Division (RaftServerImpl.java:setConfigurationAsync(1348)) - s7@group-4CF2EC507520: receive setConfiguration SetConfigurationRequest:client-9E894F3AA110->s7@group-4CF2EC507520, cid=2065, seq=null, RW, null, SET_UNCONDITIONALLY, servers:[s11, s10, s7, s13, s8, s12, s9, s0, s1], listeners:[]
2024-12-25 19:06:16,158 INFO  server.RaftServer$Division (RaftServerImpl.java:setConfigurationAsync(1348)) - s9@group-4CF2EC507520: receive setConfiguration SetConfigurationRequest:client-9E894F3AA110->s9@group-4CF2EC507520, cid=2065, seq=null, RW, null, SET_UNCONDITIONALLY, servers:[s11, s10, s7, s13, s8, s12, s9, s0, s1], listeners:[]
2024-12-25 19:06:16,258 INFO  server.RaftServer$Division (RaftServerImpl.java:setConfigurationAsync(1348)) - s7@group-4CF2EC507520: receive setConfiguration SetConfigurationRequest:client-9E894F3AA110->s7@group-4CF2EC507520, cid=2065, seq=null, RW, null, SET_UNCONDITIONALLY, servers:[s11, s10, s7, s13, s8, s12, s9, s0, s1], listeners:[]
2024-12-25 19:06:16,358 INFO  server.RaftServer$Division (RaftServerImpl.java:setConfigurationAsync(1348)) - s8@group-4CF2EC507520: receive setConfiguration SetConfigurationRequest:client-9E894F3AA110->s8@group-4CF2EC507520, cid=2065, seq=null, RW, null, SET_UNCONDITIONALLY, servers:[s11, s10, s7, s13, s8, s12, s9, s0, s1], listeners:[]
2024-12-25 19:06:16,459 INFO  server.RaftServer$Division (RaftServerImpl.java:setConfigurationAsync(1348)) - s7@group-4CF2EC507520: receive setConfiguration SetConfigurationRequest:client-9E894F3AA110->s7@group-4CF2EC507520, cid=2065, seq=null, RW, null, SET_UNCONDITIONALLY, servers:[s11, s10, s7, s13, s8, s12, s9, s0, s1], listeners:[]
2024-12-25 19:06:16,559 INFO  server.RaftServer$Division (RaftServerImpl.java:setConfigurationAsync(1348)) - s1@group-4CF2EC507520: receive setConfiguration SetConfigurationRequest:client-9E894F3AA110->s1@group-4CF2EC507520, cid=2065, seq=null, RW, null, SET_UNCONDITIONALLY, servers:[s11, s10, s7, s13, s8, s12, s9, s0, s1], listeners:[]
2024-12-25 19:06:16,659 INFO  server.RaftServer$Division (RaftServerImpl.java:setConfigurationAsync(1348)) - s7@group-4CF2EC507520: receive setConfiguration SetConfigurationRequest:client-9E894F3AA110->s7@group-4CF2EC507520, cid=2065, seq=null, RW, null, SET_UNCONDITIONALLY, servers:[s11, s10, s7, s13, s8, s12, s9, s0, s1], listeners:[]
2024-12-25 19:06:16,760 INFO  server.RaftServer$Division (RaftServerImpl.java:setConfigurationAsync(1348)) - s9@group-4CF2EC507520: receive setConfiguration SetConfigurationRequest:client-9E894F3AA110->s9@group-4CF2EC507520, cid=2065, seq=null, RW, null, SET_UNCONDITIONALLY, servers:[s11, s10, s7, s13, s8, s12, s9, s0, s1], listeners:[]
2024-12-25 19:06:16,860 INFO  server.RaftServer$Division (RaftServerImpl.java:setConfigurationAsync(1348)) - s7@group-4CF2EC507520: receive setConfiguration SetConfigurationRequest:client-9E894F3AA110->s7@group-4CF2EC507520, cid=2065, seq=null, RW, null, SET_UNCONDITIONALLY, servers:[s11, s10, s7, s13, s8, s12, s9, s0, s1], listeners:[]
2024-12-25 19:06:16,960 INFO  server.RaftServer$Division (RaftServerImpl.java:setConfigurationAsync(1348)) - s8@group-4CF2EC507520: receive setConfiguration SetConfigurationRequest:client-9E894F3AA110->s8@group-4CF2EC507520, cid=2065, seq=null, RW, null, SET_UNCONDITIONALLY, servers:[s11, s10, s7, s13, s8, s12, s9, s0, s1], listeners:[]
2024-12-25 19:06:17,058 INFO  impl.MiniRaftCluster (MiniRaftCluster.java:lambda$null$7(362)) - TIMED-PRINT: printing ALL groups
  s3:  RUNNING [
   FOLLOWER s3@group-4CF2EC507520:t0, leader=null, voted=, raftlog=Memoized:s3@group-4CF2EC507520-SegmentedRaftLog:OPENED:c-1:lastnull, conf=conf: {index: -1, cur=peers:[]|listeners:[], old=null} STARTING
   FOLLOWER s3@group-6AB839334A82:t0, leader=null, voted=, raftlog=Memoized:s3@group-6AB839334A82-SegmentedRaftLog:OPENED:c-1:lastnull, conf=conf: {index: -1, cur=peers:[]|listeners:[], old=null} STARTING] size=2
  s4:  RUNNING [
   FOLLOWER s4@group-4CF2EC507520:t0, leader=null, voted=, raftlog=Memoized:s4@group-4CF2EC507520-SegmentedRaftLog:OPENED:c-1:lastnull, conf=conf: {index: -1, cur=peers:[]|listeners:[], old=null} STARTING
   FOLLOWER s4@group-6AB839334A82:t0, leader=null, voted=, raftlog=Memoized:s4@group-6AB839334A82-SegmentedRaftLog:OPENED:c-1:lastnull, conf=conf: {index: -1, cur=peers:[]|listeners:[], old=null} STARTING] size=2
  s5:  RUNNING [
   FOLLOWER s5@group-4CF2EC507520:t0, leader=null, voted=, raftlog=Memoized:s5@group-4CF2EC507520-SegmentedRaftLog:OPENED:c-1:lastnull, conf=conf: {index: -1, cur=peers:[]|listeners:[], old=null} STARTING
   FOLLOWER s5@group-6AB839334A82:t0, leader=null, voted=, raftlog=Memoized:s5@group-6AB839334A82-SegmentedRaftLog:OPENED:c-1:lastnull, conf=conf: {index: -1, cur=peers:[]|listeners:[], old=null} STARTING] size=2
  s6:  RUNNING [
   FOLLOWER s6@group-4CF2EC507520:t0, leader=null, voted=, raftlog=Memoized:s6@group-4CF2EC507520-SegmentedRaftLog:OPENED:c-1:lastnull, conf=conf: {index: -1, cur=peers:[]|listeners:[], old=null} STARTING
   FOLLOWER s6@group-6AB839334A82:t0, leader=null, voted=, raftlog=Memoized:s6@group-6AB839334A82-SegmentedRaftLog:OPENED:c-1:lastnull, conf=conf: {index: -1, cur=peers:[]|listeners:[], old=null} STARTING] size=2
  s7:  RUNNING [
     LEADER s7@group-4CF2EC507520:t1, leader=s7, voted=s7, raftlog=Memoized:s7@group-4CF2EC507520-SegmentedRaftLog:OPENED:c123:last(t:1, i:124), conf=conf: {index: 123, cur=peers:[s7, s8, s9, s0, s1]|listeners:[], old=null} RUNNING
   FOLLOWER s7@group-6AB839334A82:t0, leader=null, voted=, raftlog=Memoized:s7@group-6AB839334A82-SegmentedRaftLog:OPENED:c-1:lastnull, conf=conf: {index: -1, cur=peers:[]|listeners:[], old=null} STARTING] size=2
  s8:  RUNNING [
   FOLLOWER s8@group-4CF2EC507520:t1, leader=s7, voted=s7, raftlog=Memoized:s8@group-4CF2EC507520-SegmentedRaftLog:OPENED:c123:last(t:1, i:124), conf=conf: {index: 123, cur=peers:[s7|, s8|, s9|, s0|, s1|]|listeners:[], old=null} RUNNING
   FOLLOWER s8@group-6AB839334A82:t0, leader=null, voted=, raftlog=Memoized:s8@group-6AB839334A82-SegmentedRaftLog:OPENED:c-1:lastnull, conf=conf: {index: -1, cur=peers:[]|listeners:[], old=null} STARTING] size=2
  s9:  RUNNING [
   FOLLOWER s9@group-4CF2EC507520:t1, leader=s7, voted=s7, raftlog=Memoized:s9@group-4CF2EC507520-SegmentedRaftLog:OPENED:c123:last(t:1, i:124), conf=conf: {index: 123, cur=peers:[s7|, s8|, s9|, s0|, s1|]|listeners:[], old=null} RUNNING
   FOLLOWER s9@group-6AB839334A82:t0, leader=null, voted=, raftlog=Memoized:s9@group-6AB839334A82-SegmentedRaftLog:OPENED:c-1:lastnull, conf=conf: {index: -1, cur=peers:[]|listeners:[], old=null} STARTING] size=2
  s11:  RUNNING [
   FOLLOWER s11@group-4CF2EC507520:t1, leader=s7, voted=null, raftlog=Memoized:s11@group-4CF2EC507520-SegmentedRaftLog:OPENED:c123:last(t:1, i:124), conf=conf: {index: 123, cur=peers:[s7|, s8|, s9|, s0|, s1|]|listeners:[], old=null} STARTING
   FOLLOWER s11@group-6AB839334A82:t0, leader=null, voted=, raftlog=Memoized:s11@group-6AB839334A82-SegmentedRaftLog:OPENED:c-1:lastnull, conf=conf: {index: -1, cur=peers:[]|listeners:[], old=null} STARTING] size=2
  s10:  RUNNING [
   FOLLOWER s10@group-4CF2EC507520:t1, leader=s7, voted=null, raftlog=Memoized:s10@group-4CF2EC507520-SegmentedRaftLog:OPENED:c123:last(t:1, i:124), conf=conf: {index: 123, cur=peers:[s7|, s8|, s9|, s0|, s1|]|listeners:[], old=null} STARTING
   FOLLOWER s10@group-6AB839334A82:t0, leader=null, voted=, raftlog=Memoized:s10@group-6AB839334A82-SegmentedRaftLog:OPENED:c-1:lastnull, conf=conf: {index: -1, cur=peers:[]|listeners:[], old=null} STARTING] size=2
  s13:  RUNNING [
   FOLLOWER s13@group-4CF2EC507520:t1, leader=s7, voted=null, raftlog=Memoized:s13@group-4CF2EC507520-SegmentedRaftLog:OPENED:c123:last(t:1, i:124), conf=conf: {index: 123, cur=peers:[s7|, s8|, s9|, s0|, s1|]|listeners:[], old=null} STARTING
   FOLLOWER s13@group-6AB839334A82:t0, leader=null, voted=, raftlog=Memoized:s13@group-6AB839334A82-SegmentedRaftLog:OPENED:c-1:lastnull, conf=conf: {index: -1, cur=peers:[]|listeners:[], old=null} STARTING] size=2
  s12:  RUNNING [
   FOLLOWER s12@group-4CF2EC507520:t1, leader=s7, voted=null, raftlog=Memoized:s12@group-4CF2EC507520-SegmentedRaftLog:OPENED:c123:last(t:1, i:124), conf=conf: {index: 123, cur=peers:[s7|, s8|, s9|, s0|, s1|]|listeners:[], old=null} STARTING
   FOLLOWER s12@group-6AB839334A82:t0, leader=null, voted=, raftlog=Memoized:s12@group-6AB839334A82-SegmentedRaftLog:OPENED:c-1:lastnull, conf=conf: {index: -1, cur=peers:[]|listeners:[], old=null} STARTING] size=2
  s14:  RUNNING [
   FOLLOWER s14@group-4CF2EC507520:t0, leader=null, voted=, raftlog=Memoized:s14@group-4CF2EC507520-SegmentedRaftLog:OPENED:c-1:lastnull, conf=conf: {index: -1, cur=peers:[]|listeners:[], old=null} STARTING
   FOLLOWER s14@group-6AB839334A82:t0, leader=null, voted=, raftlog=Memoized:s14@group-6AB839334A82-SegmentedRaftLog:OPENED:c-1:lastnull, conf=conf: {index: -1, cur=peers:[]|listeners:[], old=null} STARTING] size=2
  s0:  RUNNING [
   FOLLOWER s0@group-4CF2EC507520:t1, leader=s7, voted=null, raftlog=Memoized:s0@group-4CF2EC507520-SegmentedRaftLog:OPENED:c123:last(t:1, i:124), conf=conf: {index: 123, cur=peers:[s7|, s8|, s9|, s0|, s1|]|listeners:[], old=null} STARTING
   FOLLOWER s0@group-6AB839334A82:t0, leader=null, voted=, raftlog=Memoized:s0@group-6AB839334A82-SegmentedRaftLog:OPENED:c-1:lastnull, conf=conf: {index: -1, cur=peers:[]|listeners:[], old=null} STARTING] size=2
  s1:  RUNNING [
   FOLLOWER s1@group-4CF2EC507520:t1, leader=s7, voted=null, raftlog=Memoized:s1@group-4CF2EC507520-SegmentedRaftLog:OPENED:c123:last(t:1, i:124), conf=conf: {index: 123, cur=peers:[s7|, s8|, s9|, s0|, s1|]|listeners:[], old=null} STARTING
   FOLLOWER s1@group-6AB839334A82:t0, leader=null, voted=, raftlog=Memoized:s1@group-6AB839334A82-SegmentedRaftLog:OPENED:c-1:lastnull, conf=conf: {index: -1, cur=peers:[]|listeners:[], old=null} STARTING] size=2
  s2:  RUNNING [
   FOLLOWER s2@group-4CF2EC507520:t0, leader=null, voted=, raftlog=Memoized:s2@group-4CF2EC507520-SegmentedRaftLog:OPENED:c-1:lastnull, conf=conf: {index: -1, cur=peers:[]|listeners:[], old=null} STARTING
   FOLLOWER s2@group-6AB839334A82:t0, leader=null, voted=, raftlog=Memoized:s2@group-6AB839334A82-SegmentedRaftLog:OPENED:c-1:lastnull, conf=conf: {index: -1, cur=peers:[]|listeners:[], old=null} STARTING] size=2
2024-12-25 19:06:17,061 INFO  server.RaftServer$Division (RaftServerImpl.java:setConfigurationAsync(1348)) - s7@group-4CF2EC507520: receive setConfiguration SetConfigurationRequest:client-9E894F3AA110->s7@group-4CF2EC507520, cid=2065, seq=null, RW, null, SET_UNCONDITIONALLY, servers:[s11, s10, s7, s13, s8, s12, s9, s0, s1], listeners:[]
2024-12-25 19:06:17,161 INFO  server.RaftServer$Division (RaftServerImpl.java:setConfigurationAsync(1348)) - s0@group-4CF2EC507520: receive setConfiguration SetConfigurationRequest:client-9E894F3AA110->s0@group-4CF2EC507520, cid=2065, seq=null, RW, null, SET_UNCONDITIONALLY, servers:[s11, s10, s7, s13, s8, s12, s9, s0, s1], listeners:[]
2024-12-25 19:06:17,262 INFO  server.RaftServer$Division (RaftServerImpl.java:setConfigurationAsync(1348)) - s9@group-4CF2EC507520: receive setConfiguration SetConfigurationRequest:client-9E894F3AA110->s9@group-4CF2EC507520, cid=2065, seq=null, RW, null, SET_UNCONDITIONALLY, servers:[s11, s10, s7, s13, s8, s12, s9, s0, s1], listeners:[]
2024-12-25 19:06:17,362 INFO  server.RaftServer$Division (RaftServerImpl.java:setConfigurationAsync(1348)) - s7@group-4CF2EC507520: receive setConfiguration SetConfigurationRequest:client-9E894F3AA110->s7@group-4CF2EC507520, cid=2065, seq=null, RW, null, SET_UNCONDITIONALLY, servers:[s11, s10, s7, s13, s8, s12, s9, s0, s1], listeners:[]
2024-12-25 19:06:17,462 INFO  server.RaftServer$Division (RaftServerImpl.java:setConfigurationAsync(1348)) - s8@group-4CF2EC507520: receive setConfiguration SetConfigurationRequest:client-9E894F3AA110->s8@group-4CF2EC507520, cid=2065, seq=null, RW, null, SET_UNCONDITIONALLY, servers:[s11, s10, s7, s13, s8, s12, s9, s0, s1], listeners:[]
2024-12-25 19:06:17,562 INFO  server.RaftServer$Division (RaftServerImpl.java:setConfigurationAsync(1348)) - s7@group-4CF2EC507520: receive setConfiguration SetConfigurationRequest:client-9E894F3AA110->s7@group-4CF2EC507520, cid=2065, seq=null, RW, null, SET_UNCONDITIONALLY, servers:[s11, s10, s7, s13, s8, s12, s9, s0, s1], listeners:[]
2024-12-25 19:06:17,663 INFO  server.RaftServer$Division (RaftServerImpl.java:setConfigurationAsync(1348)) - s0@group-4CF2EC507520: receive setConfiguration SetConfigurationRequest:client-9E894F3AA110->s0@group-4CF2EC507520, cid=2065, seq=null, RW, null, SET_UNCONDITIONALLY, servers:[s11, s10, s7, s13, s8, s12, s9, s0, s1], listeners:[]
2024-12-25 19:06:17,763 INFO  server.RaftServer$Division (RaftServerImpl.java:setConfigurationAsync(1348)) - s8@group-4CF2EC507520: receive setConfiguration SetConfigurationRequest:client-9E894F3AA110->s8@group-4CF2EC507520, cid=2065, seq=null, RW, null, SET_UNCONDITIONALLY, servers:[s11, s10, s7, s13, s8, s12, s9, s0, s1], listeners:[]
2024-12-25 19:06:17,863 INFO  server.RaftServer$Division (RaftServerImpl.java:setConfigurationAsync(1348)) - s7@group-4CF2EC507520: receive setConfiguration SetConfigurationRequest:client-9E894F3AA110->s7@group-4CF2EC507520, cid=2065, seq=null, RW, null, SET_UNCONDITIONALLY, servers:[s11, s10, s7, s13, s8, s12, s9, s0, s1], listeners:[]
2024-12-25 19:06:17,964 INFO  server.RaftServer$Division (RaftServerImpl.java:setConfigurationAsync(1348)) - s8@group-4CF2EC507520: receive setConfiguration SetConfigurationRequest:client-9E894F3AA110->s8@group-4CF2EC507520, cid=2065, seq=null, RW, null, SET_UNCONDITIONALLY, servers:[s11, s10, s7, s13, s8, s12, s9, s0, s1], listeners:[]
2024-12-25 19:06:18,064 INFO  server.RaftServer$Division (RaftServerImpl.java:setConfigurationAsync(1348)) - s7@group-4CF2EC507520: receive setConfiguration SetConfigurationRequest:client-9E894F3AA110->s7@group-4CF2EC507520, cid=2065, seq=null, RW, null, SET_UNCONDITIONALLY, servers:[s11, s10, s7, s13, s8, s12, s9, s0, s1], listeners:[]
2024-12-25 19:06:18,164 INFO  server.RaftServer$Division (RaftServerImpl.java:setConfigurationAsync(1348)) - s9@group-4CF2EC507520: receive setConfiguration SetConfigurationRequest:client-9E894F3AA110->s9@group-4CF2EC507520, cid=2065, seq=null, RW, null, SET_UNCONDITIONALLY, servers:[s11, s10, s7, s13, s8, s12, s9, s0, s1], listeners:[]
2024-12-25 19:06:18,265 INFO  server.RaftServer$Division (RaftServerImpl.java:setConfigurationAsync(1348)) - s7@group-4CF2EC507520: receive setConfiguration SetConfigurationRequest:client-9E894F3AA110->s7@group-4CF2EC507520, cid=2065, seq=null, RW, null, SET_UNCONDITIONALLY, servers:[s11, s10, s7, s13, s8, s12, s9, s0, s1], listeners:[]
2024-12-25 19:06:18,365 INFO  server.RaftServer$Division (RaftServerImpl.java:setConfigurationAsync(1348)) - s0@group-4CF2EC507520: receive setConfiguration SetConfigurationRequest:client-9E894F3AA110->s0@group-4CF2EC507520, cid=2065, seq=null, RW, null, SET_UNCONDITIONALLY, servers:[s11, s10, s7, s13, s8, s12, s9, s0, s1], listeners:[]
2024-12-25 19:06:18,465 INFO  server.RaftServer$Division (RaftServerImpl.java:setConfigurationAsync(1348)) - s8@group-4CF2EC507520: receive setConfiguration SetConfigurationRequest:client-9E894F3AA110->s8@group-4CF2EC507520, cid=2065, seq=null, RW, null, SET_UNCONDITIONALLY, servers:[s11, s10, s7, s13, s8, s12, s9, s0, s1], listeners:[]
2024-12-25 19:06:18,565 INFO  server.RaftServer$Division (RaftServerImpl.java:setConfigurationAsync(1348)) - s7@group-4CF2EC507520: receive setConfiguration SetConfigurationRequest:client-9E894F3AA110->s7@group-4CF2EC507520, cid=2065, seq=null, RW, null, SET_UNCONDITIONALLY, servers:[s11, s10, s7, s13, s8, s12, s9, s0, s1], listeners:[]
2024-12-25 19:06:18,666 INFO  server.RaftServer$Division (RaftServerImpl.java:setConfigurationAsync(1348)) - s1@group-4CF2EC507520: receive setConfiguration SetConfigurationRequest:client-9E894F3AA110->s1@group-4CF2EC507520, cid=2065, seq=null, RW, null, SET_UNCONDITIONALLY, servers:[s11, s10, s7, s13, s8, s12, s9, s0, s1], listeners:[]
2024-12-25 19:06:18,766 INFO  server.RaftServer$Division (RaftServerImpl.java:setConfigurationAsync(1348)) - s0@group-4CF2EC507520: receive setConfiguration SetConfigurationRequest:client-9E894F3AA110->s0@group-4CF2EC507520, cid=2065, seq=null, RW, null, SET_UNCONDITIONALLY, servers:[s11, s10, s7, s13, s8, s12, s9, s0, s1], listeners:[]
2024-12-25 19:06:18,866 INFO  server.RaftServer$Division (RaftServerImpl.java:setConfigurationAsync(1348)) - s7@group-4CF2EC507520: receive setConfiguration SetConfigurationRequest:client-9E894F3AA110->s7@group-4CF2EC507520, cid=2065, seq=null, RW, null, SET_UNCONDITIONALLY, servers:[s11, s10, s7, s13, s8, s12, s9, s0, s1], listeners:[]
2024-12-25 19:06:18,967 INFO  server.RaftServer$Division (RaftServerImpl.java:setConfigurationAsync(1348)) - s9@group-4CF2EC507520: receive setConfiguration SetConfigurationRequest:client-9E894F3AA110->s9@group-4CF2EC507520, cid=2065, seq=null, RW, null, SET_UNCONDITIONALLY, servers:[s11, s10, s7, s13, s8, s12, s9, s0, s1], listeners:[]
2024-12-25 19:06:19,067 INFO  server.RaftServer$Division (RaftServerImpl.java:setConfigurationAsync(1348)) - s7@group-4CF2EC507520: receive setConfiguration SetConfigurationRequest:client-9E894F3AA110->s7@group-4CF2EC507520, cid=2065, seq=null, RW, null, SET_UNCONDITIONALLY, servers:[s11, s10, s7, s13, s8, s12, s9, s0, s1], listeners:[]
2024-12-25 19:06:19,167 INFO  server.RaftServer$Division (RaftServerImpl.java:setConfigurationAsync(1348)) - s0@group-4CF2EC507520: receive setConfiguration SetConfigurationRequest:client-9E894F3AA110->s0@group-4CF2EC507520, cid=2065, seq=null, RW, null, SET_UNCONDITIONALLY, servers:[s11, s10, s7, s13, s8, s12, s9, s0, s1], listeners:[]
2024-12-25 19:06:19,268 INFO  server.RaftServer$Division (RaftServerImpl.java:setConfigurationAsync(1348)) - s7@group-4CF2EC507520: receive setConfiguration SetConfigurationRequest:client-9E894F3AA110->s7@group-4CF2EC507520, cid=2065, seq=null, RW, null, SET_UNCONDITIONALLY, servers:[s11, s10, s7, s13, s8, s12, s9, s0, s1], listeners:[]
2024-12-25 19:06:19,368 INFO  server.RaftServer$Division (RaftServerImpl.java:setConfigurationAsync(1348)) - s8@group-4CF2EC507520: receive setConfiguration SetConfigurationRequest:client-9E894F3AA110->s8@group-4CF2EC507520, cid=2065, seq=null, RW, null, SET_UNCONDITIONALLY, servers:[s11, s10, s7, s13, s8, s12, s9, s0, s1], listeners:[]
2024-12-25 19:06:19,468 INFO  server.RaftServer$Division (RaftServerImpl.java:setConfigurationAsync(1348)) - s7@group-4CF2EC507520: receive setConfiguration SetConfigurationRequest:client-9E894F3AA110->s7@group-4CF2EC507520, cid=2065, seq=null, RW, null, SET_UNCONDITIONALLY, servers:[s11, s10, s7, s13, s8, s12, s9, s0, s1], listeners:[]
2024-12-25 19:06:19,568 INFO  server.RaftServer$Division (RaftServerImpl.java:setConfigurationAsync(1348)) - s9@group-4CF2EC507520: receive setConfiguration SetConfigurationRequest:client-9E894F3AA110->s9@group-4CF2EC507520, cid=2065, seq=null, RW, null, SET_UNCONDITIONALLY, servers:[s11, s10, s7, s13, s8, s12, s9, s0, s1], listeners:[]
2024-12-25 19:06:19,669 INFO  server.RaftServer$Division (RaftServerImpl.java:setConfigurationAsync(1348)) - s7@group-4CF2EC507520: receive setConfiguration SetConfigurationRequest:client-9E894F3AA110->s7@group-4CF2EC507520, cid=2065, seq=null, RW, null, SET_UNCONDITIONALLY, servers:[s11, s10, s7, s13, s8, s12, s9, s0, s1], listeners:[]
2024-12-25 19:06:19,769 INFO  server.RaftServer$Division (RaftServerImpl.java:setConfigurationAsync(1348)) - s8@group-4CF2EC507520: receive setConfiguration SetConfigurationRequest:client-9E894F3AA110->s8@group-4CF2EC507520, cid=2065, seq=null, RW, null, SET_UNCONDITIONALLY, servers:[s11, s10, s7, s13, s8, s12, s9, s0, s1], listeners:[]
2024-12-25 19:06:19,869 INFO  server.RaftServer$Division (RaftServerImpl.java:setConfigurationAsync(1348)) - s7@group-4CF2EC507520: receive setConfiguration SetConfigurationRequest:client-9E894F3AA110->s7@group-4CF2EC507520, cid=2065, seq=null, RW, null, SET_UNCONDITIONALLY, servers:[s11, s10, s7, s13, s8, s12, s9, s0, s1], listeners:[]
2024-12-25 19:06:19,970 INFO  server.RaftServer$Division (RaftServerImpl.java:setConfigurationAsync(1348)) - s1@group-4CF2EC507520: receive setConfiguration SetConfigurationRequest:client-9E894F3AA110->s1@group-4CF2EC507520, cid=2065, seq=null, RW, null, SET_UNCONDITIONALLY, servers:[s11, s10, s7, s13, s8, s12, s9, s0, s1], listeners:[]
2024-12-25 19:06:20,070 INFO  server.RaftServer$Division (RaftServerImpl.java:setConfigurationAsync(1348)) - s9@group-4CF2EC507520: receive setConfiguration SetConfigurationRequest:client-9E894F3AA110->s9@group-4CF2EC507520, cid=2065, seq=null, RW, null, SET_UNCONDITIONALLY, servers:[s11, s10, s7, s13, s8, s12, s9, s0, s1], listeners:[]
2024-12-25 19:06:20,170 INFO  server.RaftServer$Division (RaftServerImpl.java:setConfigurationAsync(1348)) - s7@group-4CF2EC507520: receive setConfiguration SetConfigurationRequest:client-9E894F3AA110->s7@group-4CF2EC507520, cid=2065, seq=null, RW, null, SET_UNCONDITIONALLY, servers:[s11, s10, s7, s13, s8, s12, s9, s0, s1], listeners:[]
2024-12-25 19:06:20,271 INFO  server.RaftServer$Division (RaftServerImpl.java:setConfigurationAsync(1348)) - s1@group-4CF2EC507520: receive setConfiguration SetConfigurationRequest:client-9E894F3AA110->s1@group-4CF2EC507520, cid=2065, seq=null, RW, null, SET_UNCONDITIONALLY, servers:[s11, s10, s7, s13, s8, s12, s9, s0, s1], listeners:[]
2024-12-25 19:06:20,371 INFO  server.RaftServer$Division (RaftServerImpl.java:setConfigurationAsync(1348)) - s9@group-4CF2EC507520: receive setConfiguration SetConfigurationRequest:client-9E894F3AA110->s9@group-4CF2EC507520, cid=2065, seq=null, RW, null, SET_UNCONDITIONALLY, servers:[s11, s10, s7, s13, s8, s12, s9, s0, s1], listeners:[]
2024-12-25 19:06:20,471 INFO  server.RaftServer$Division (RaftServerImpl.java:setConfigurationAsync(1348)) - s7@group-4CF2EC507520: receive setConfiguration SetConfigurationRequest:client-9E894F3AA110->s7@group-4CF2EC507520, cid=2065, seq=null, RW, null, SET_UNCONDITIONALLY, servers:[s11, s10, s7, s13, s8, s12, s9, s0, s1], listeners:[]
2024-12-25 19:06:20,572 INFO  server.RaftServer$Division (RaftServerImpl.java:setConfigurationAsync(1348)) - s0@group-4CF2EC507520: receive setConfiguration SetConfigurationRequest:client-9E894F3AA110->s0@group-4CF2EC507520, cid=2065, seq=null, RW, null, SET_UNCONDITIONALLY, servers:[s11, s10, s7, s13, s8, s12, s9, s0, s1], listeners:[]
2024-12-25 19:06:20,672 INFO  server.RaftServer$Division (RaftServerImpl.java:setConfigurationAsync(1348)) - s8@group-4CF2EC507520: receive setConfiguration SetConfigurationRequest:client-9E894F3AA110->s8@group-4CF2EC507520, cid=2065, seq=null, RW, null, SET_UNCONDITIONALLY, servers:[s11, s10, s7, s13, s8, s12, s9, s0, s1], listeners:[]
2024-12-25 19:06:20,772 INFO  server.RaftServer$Division (RaftServerImpl.java:setConfigurationAsync(1348)) - s7@group-4CF2EC507520: receive setConfiguration SetConfigurationRequest:client-9E894F3AA110->s7@group-4CF2EC507520, cid=2065, seq=null, RW, null, SET_UNCONDITIONALLY, servers:[s11, s10, s7, s13, s8, s12, s9, s0, s1], listeners:[]
2024-12-25 19:06:20,873 INFO  server.RaftServer$Division (RaftServerImpl.java:setConfigurationAsync(1348)) - s1@group-4CF2EC507520: receive setConfiguration SetConfigurationRequest:client-9E894F3AA110->s1@group-4CF2EC507520, cid=2065, seq=null, RW, null, SET_UNCONDITIONALLY, servers:[s11, s10, s7, s13, s8, s12, s9, s0, s1], listeners:[]
2024-12-25 19:06:20,973 INFO  server.RaftServer$Division (RaftServerImpl.java:setConfigurationAsync(1348)) - s9@group-4CF2EC507520: receive setConfiguration SetConfigurationRequest:client-9E894F3AA110->s9@group-4CF2EC507520, cid=2065, seq=null, RW, null, SET_UNCONDITIONALLY, servers:[s11, s10, s7, s13, s8, s12, s9, s0, s1], listeners:[]
2024-12-25 19:06:21,073 INFO  server.RaftServer$Division (RaftServerImpl.java:setConfigurationAsync(1348)) - s7@group-4CF2EC507520: receive setConfiguration SetConfigurationRequest:client-9E894F3AA110->s7@group-4CF2EC507520, cid=2065, seq=null, RW, null, SET_UNCONDITIONALLY, servers:[s11, s10, s7, s13, s8, s12, s9, s0, s1], listeners:[]
2024-12-25 19:06:21,174 INFO  server.RaftServer$Division (RaftServerImpl.java:setConfigurationAsync(1348)) - s0@group-4CF2EC507520: receive setConfiguration SetConfigurationRequest:client-9E894F3AA110->s0@group-4CF2EC507520, cid=2065, seq=null, RW, null, SET_UNCONDITIONALLY, servers:[s11, s10, s7, s13, s8, s12, s9, s0, s1], listeners:[]
2024-12-25 19:06:21,274 INFO  server.RaftServer$Division (RaftServerImpl.java:setConfigurationAsync(1348)) - s8@group-4CF2EC507520: receive setConfiguration SetConfigurationRequest:client-9E894F3AA110->s8@group-4CF2EC507520, cid=2065, seq=null, RW, null, SET_UNCONDITIONALLY, servers:[s11, s10, s7, s13, s8, s12, s9, s0, s1], listeners:[]
2024-12-25 19:06:21,374 INFO  server.RaftServer$Division (RaftServerImpl.java:setConfigurationAsync(1348)) - s7@group-4CF2EC507520: receive setConfiguration SetConfigurationRequest:client-9E894F3AA110->s7@group-4CF2EC507520, cid=2065, seq=null, RW, null, SET_UNCONDITIONALLY, servers:[s11, s10, s7, s13, s8, s12, s9, s0, s1], listeners:[]
2024-12-25 19:06:21,474 INFO  server.RaftServer$Division (RaftServerImpl.java:setConfigurationAsync(1348)) - s0@group-4CF2EC507520: receive setConfiguration SetConfigurationRequest:client-9E894F3AA110->s0@group-4CF2EC507520, cid=2065, seq=null, RW, null, SET_UNCONDITIONALLY, servers:[s11, s10, s7, s13, s8, s12, s9, s0, s1], listeners:[]
2024-12-25 19:06:21,575 INFO  server.RaftServer$Division (RaftServerImpl.java:setConfigurationAsync(1348)) - s9@group-4CF2EC507520: receive setConfiguration SetConfigurationRequest:client-9E894F3AA110->s9@group-4CF2EC507520, cid=2065, seq=null, RW, null, SET_UNCONDITIONALLY, servers:[s11, s10, s7, s13, s8, s12, s9, s0, s1], listeners:[]
2024-12-25 19:06:21,675 INFO  server.RaftServer$Division (RaftServerImpl.java:setConfigurationAsync(1348)) - s7@group-4CF2EC507520: receive setConfiguration SetConfigurationRequest:client-9E894F3AA110->s7@group-4CF2EC507520, cid=2065, seq=null, RW, null, SET_UNCONDITIONALLY, servers:[s11, s10, s7, s13, s8, s12, s9, s0, s1], listeners:[]
2024-12-25 19:06:21,775 INFO  server.RaftServer$Division (RaftServerImpl.java:setConfigurationAsync(1348)) - s0@group-4CF2EC507520: receive setConfiguration SetConfigurationRequest:client-9E894F3AA110->s0@group-4CF2EC507520, cid=2065, seq=null, RW, null, SET_UNCONDITIONALLY, servers:[s11, s10, s7, s13, s8, s12, s9, s0, s1], listeners:[]
2024-12-25 19:06:21,876 INFO  server.RaftServer$Division (RaftServerImpl.java:setConfigurationAsync(1348)) - s9@group-4CF2EC507520: receive setConfiguration SetConfigurationRequest:client-9E894F3AA110->s9@group-4CF2EC507520, cid=2065, seq=null, RW, null, SET_UNCONDITIONALLY, servers:[s11, s10, s7, s13, s8, s12, s9, s0, s1], listeners:[]
2024-12-25 19:06:21,976 INFO  server.RaftServer$Division (RaftServerImpl.java:setConfigurationAsync(1348)) - s7@group-4CF2EC507520: receive setConfiguration SetConfigurationRequest:client-9E894F3AA110->s7@group-4CF2EC507520, cid=2065, seq=null, RW, null, SET_UNCONDITIONALLY, servers:[s11, s10, s7, s13, s8, s12, s9, s0, s1], listeners:[]
2024-12-25 19:06:22,076 INFO  server.RaftServer$Division (RaftServerImpl.java:setConfigurationAsync(1348)) - s0@group-4CF2EC507520: receive setConfiguration SetConfigurationRequest:client-9E894F3AA110->s0@group-4CF2EC507520, cid=2065, seq=null, RW, null, SET_UNCONDITIONALLY, servers:[s11, s10, s7, s13, s8, s12, s9, s0, s1], listeners:[]
2024-12-25 19:06:22,177 INFO  server.RaftServer$Division (RaftServerImpl.java:setConfigurationAsync(1348)) - s9@group-4CF2EC507520: receive setConfiguration SetConfigurationRequest:client-9E894F3AA110->s9@group-4CF2EC507520, cid=2065, seq=null, RW, null, SET_UNCONDITIONALLY, servers:[s11, s10, s7, s13, s8, s12, s9, s0, s1], listeners:[]
2024-12-25 19:06:22,277 INFO  server.RaftServer$Division (RaftServerImpl.java:setConfigurationAsync(1348)) - s7@group-4CF2EC507520: receive setConfiguration SetConfigurationRequest:client-9E894F3AA110->s7@group-4CF2EC507520, cid=2065, seq=null, RW, null, SET_UNCONDITIONALLY, servers:[s11, s10, s7, s13, s8, s12, s9, s0, s1], listeners:[]
2024-12-25 19:06:22,377 INFO  server.RaftServer$Division (RaftServerImpl.java:setConfigurationAsync(1348)) - s1@group-4CF2EC507520: receive setConfiguration SetConfigurationRequest:client-9E894F3AA110->s1@group-4CF2EC507520, cid=2065, seq=null, RW, null, SET_UNCONDITIONALLY, servers:[s11, s10, s7, s13, s8, s12, s9, s0, s1], listeners:[]
2024-12-25 19:06:22,477 INFO  server.RaftServer$Division (RaftServerImpl.java:setConfigurationAsync(1348)) - s9@group-4CF2EC507520: receive setConfiguration SetConfigurationRequest:client-9E894F3AA110->s9@group-4CF2EC507520, cid=2065, seq=null, RW, null, SET_UNCONDITIONALLY, servers:[s11, s10, s7, s13, s8, s12, s9, s0, s1], listeners:[]
2024-12-25 19:06:22,578 INFO  server.RaftServer$Division (RaftServerImpl.java:setConfigurationAsync(1348)) - s7@group-4CF2EC507520: receive setConfiguration SetConfigurationRequest:client-9E894F3AA110->s7@group-4CF2EC507520, cid=2065, seq=null, RW, null, SET_UNCONDITIONALLY, servers:[s11, s10, s7, s13, s8, s12, s9, s0, s1], listeners:[]
2024-12-25 19:06:22,678 INFO  server.RaftServer$Division (RaftServerImpl.java:setConfigurationAsync(1348)) - s1@group-4CF2EC507520: receive setConfiguration SetConfigurationRequest:client-9E894F3AA110->s1@group-4CF2EC507520, cid=2065, seq=null, RW, null, SET_UNCONDITIONALLY, servers:[s11, s10, s7, s13, s8, s12, s9, s0, s1], listeners:[]
2024-12-25 19:06:22,778 INFO  server.RaftServer$Division (RaftServerImpl.java:setConfigurationAsync(1348)) - s8@group-4CF2EC507520: receive setConfiguration SetConfigurationRequest:client-9E894F3AA110->s8@group-4CF2EC507520, cid=2065, seq=null, RW, null, SET_UNCONDITIONALLY, servers:[s11, s10, s7, s13, s8, s12, s9, s0, s1], listeners:[]
2024-12-25 19:06:22,879 INFO  server.RaftServer$Division (RaftServerImpl.java:setConfigurationAsync(1348)) - s7@group-4CF2EC507520: receive setConfiguration SetConfigurationRequest:client-9E894F3AA110->s7@group-4CF2EC507520, cid=2065, seq=null, RW, null, SET_UNCONDITIONALLY, servers:[s11, s10, s7, s13, s8, s12, s9, s0, s1], listeners:[]
2024-12-25 19:06:22,979 INFO  server.RaftServer$Division (RaftServerImpl.java:setConfigurationAsync(1348)) - s0@group-4CF2EC507520: receive setConfiguration SetConfigurationRequest:client-9E894F3AA110->s0@group-4CF2EC507520, cid=2065, seq=null, RW, null, SET_UNCONDITIONALLY, servers:[s11, s10, s7, s13, s8, s12, s9, s0, s1], listeners:[]
2024-12-25 19:06:23,079 INFO  server.RaftServer$Division (RaftServerImpl.java:setConfigurationAsync(1348)) - s8@group-4CF2EC507520: receive setConfiguration SetConfigurationRequest:client-9E894F3AA110->s8@group-4CF2EC507520, cid=2065, seq=null, RW, null, SET_UNCONDITIONALLY, servers:[s11, s10, s7, s13, s8, s12, s9, s0, s1], listeners:[]
2024-12-25 19:06:23,180 INFO  server.RaftServer$Division (RaftServerImpl.java:setConfigurationAsync(1348)) - s7@group-4CF2EC507520: receive setConfiguration SetConfigurationRequest:client-9E894F3AA110->s7@group-4CF2EC507520, cid=2065, seq=null, RW, null, SET_UNCONDITIONALLY, servers:[s11, s10, s7, s13, s8, s12, s9, s0, s1], listeners:[]
2024-12-25 19:06:23,280 INFO  server.RaftServer$Division (RaftServerImpl.java:setConfigurationAsync(1348)) - s8@group-4CF2EC507520: receive setConfiguration SetConfigurationRequest:client-9E894F3AA110->s8@group-4CF2EC507520, cid=2065, seq=null, RW, null, SET_UNCONDITIONALLY, servers:[s11, s10, s7, s13, s8, s12, s9, s0, s1], listeners:[]
2024-12-25 19:06:23,380 INFO  server.RaftServer$Division (RaftServerImpl.java:setConfigurationAsync(1348)) - s7@group-4CF2EC507520: receive setConfiguration SetConfigurationRequest:client-9E894F3AA110->s7@group-4CF2EC507520, cid=2065, seq=null, RW, null, SET_UNCONDITIONALLY, servers:[s11, s10, s7, s13, s8, s12, s9, s0, s1], listeners:[]
2024-12-25 19:06:23,481 INFO  server.RaftServer$Division (RaftServerImpl.java:setConfigurationAsync(1348)) - s1@group-4CF2EC507520: receive setConfiguration SetConfigurationRequest:client-9E894F3AA110->s1@group-4CF2EC507520, cid=2065, seq=null, RW, null, SET_UNCONDITIONALLY, servers:[s11, s10, s7, s13, s8, s12, s9, s0, s1], listeners:[]
2024-12-25 19:06:23,581 INFO  server.RaftServer$Division (RaftServerImpl.java:setConfigurationAsync(1348)) - s0@group-4CF2EC507520: receive setConfiguration SetConfigurationRequest:client-9E894F3AA110->s0@group-4CF2EC507520, cid=2065, seq=null, RW, null, SET_UNCONDITIONALLY, servers:[s11, s10, s7, s13, s8, s12, s9, s0, s1], listeners:[]
2024-12-25 19:06:23,681 INFO  server.RaftServer$Division (RaftServerImpl.java:setConfigurationAsync(1348)) - s1@group-4CF2EC507520: receive setConfiguration SetConfigurationRequest:client-9E894F3AA110->s1@group-4CF2EC507520, cid=2065, seq=null, RW, null, SET_UNCONDITIONALLY, servers:[s11, s10, s7, s13, s8, s12, s9, s0, s1], listeners:[]
2024-12-25 19:06:23,781 INFO  server.RaftServer$Division (RaftServerImpl.java:setConfigurationAsync(1348)) - s7@group-4CF2EC507520: receive setConfiguration SetConfigurationRequest:client-9E894F3AA110->s7@group-4CF2EC507520, cid=2065, seq=null, RW, null, SET_UNCONDITIONALLY, servers:[s11, s10, s7, s13, s8, s12, s9, s0, s1], listeners:[]
2024-12-25 19:06:23,882 INFO  server.RaftServer$Division (RaftServerImpl.java:setConfigurationAsync(1348)) - s9@group-4CF2EC507520: receive setConfiguration SetConfigurationRequest:client-9E894F3AA110->s9@group-4CF2EC507520, cid=2065, seq=null, RW, null, SET_UNCONDITIONALLY, servers:[s11, s10, s7, s13, s8, s12, s9, s0, s1], listeners:[]
2024-12-25 19:06:23,982 INFO  server.RaftServer$Division (RaftServerImpl.java:setConfigurationAsync(1348)) - s7@group-4CF2EC507520: receive setConfiguration SetConfigurationRequest:client-9E894F3AA110->s7@group-4CF2EC507520, cid=2065, seq=null, RW, null, SET_UNCONDITIONALLY, servers:[s11, s10, s7, s13, s8, s12, s9, s0, s1], listeners:[]
2024-12-25 19:06:24,082 INFO  server.RaftServer$Division (RaftServerImpl.java:setConfigurationAsync(1348)) - s0@group-4CF2EC507520: receive setConfiguration SetConfigurationRequest:client-9E894F3AA110->s0@group-4CF2EC507520, cid=2065, seq=null, RW, null, SET_UNCONDITIONALLY, servers:[s11, s10, s7, s13, s8, s12, s9, s0, s1], listeners:[]
2024-12-25 19:06:24,183 INFO  server.RaftServer$Division (RaftServerImpl.java:setConfigurationAsync(1348)) - s8@group-4CF2EC507520: receive setConfiguration SetConfigurationRequest:client-9E894F3AA110->s8@group-4CF2EC507520, cid=2065, seq=null, RW, null, SET_UNCONDITIONALLY, servers:[s11, s10, s7, s13, s8, s12, s9, s0, s1], listeners:[]
2024-12-25 19:06:24,283 INFO  server.RaftServer$Division (RaftServerImpl.java:setConfigurationAsync(1348)) - s7@group-4CF2EC507520: receive setConfiguration SetConfigurationRequest:client-9E894F3AA110->s7@group-4CF2EC507520, cid=2065, seq=null, RW, null, SET_UNCONDITIONALLY, servers:[s11, s10, s7, s13, s8, s12, s9, s0, s1], listeners:[]
2024-12-25 19:06:24,383 INFO  server.RaftServer$Division (RaftServerImpl.java:setConfigurationAsync(1348)) - s9@group-4CF2EC507520: receive setConfiguration SetConfigurationRequest:client-9E894F3AA110->s9@group-4CF2EC507520, cid=2065, seq=null, RW, null, SET_UNCONDITIONALLY, servers:[s11, s10, s7, s13, s8, s12, s9, s0, s1], listeners:[]
2024-12-25 19:06:24,483 INFO  server.RaftServer$Division (RaftServerImpl.java:setConfigurationAsync(1348)) - s7@group-4CF2EC507520: receive setConfiguration SetConfigurationRequest:client-9E894F3AA110->s7@group-4CF2EC507520, cid=2065, seq=null, RW, null, SET_UNCONDITIONALLY, servers:[s11, s10, s7, s13, s8, s12, s9, s0, s1], listeners:[]
2024-12-25 19:06:24,584 INFO  server.RaftServer$Division (RaftServerImpl.java:setConfigurationAsync(1348)) - s0@group-4CF2EC507520: receive setConfiguration SetConfigurationRequest:client-9E894F3AA110->s0@group-4CF2EC507520, cid=2065, seq=null, RW, null, SET_UNCONDITIONALLY, servers:[s11, s10, s7, s13, s8, s12, s9, s0, s1], listeners:[]
2024-12-25 19:06:24,684 INFO  server.RaftServer$Division (RaftServerImpl.java:setConfigurationAsync(1348)) - s7@group-4CF2EC507520: receive setConfiguration SetConfigurationRequest:client-9E894F3AA110->s7@group-4CF2EC507520, cid=2065, seq=null, RW, null, SET_UNCONDITIONALLY, servers:[s11, s10, s7, s13, s8, s12, s9, s0, s1], listeners:[]
2024-12-25 19:06:24,784 INFO  server.RaftServer$Division (RaftServerImpl.java:setConfigurationAsync(1348)) - s0@group-4CF2EC507520: receive setConfiguration SetConfigurationRequest:client-9E894F3AA110->s0@group-4CF2EC507520, cid=2065, seq=null, RW, null, SET_UNCONDITIONALLY, servers:[s11, s10, s7, s13, s8, s12, s9, s0, s1], listeners:[]
2024-12-25 19:06:24,884 INFO  server.RaftServer$Division (RaftServerImpl.java:setConfigurationAsync(1348)) - s1@group-4CF2EC507520: receive setConfiguration SetConfigurationRequest:client-9E894F3AA110->s1@group-4CF2EC507520, cid=2065, seq=null, RW, null, SET_UNCONDITIONALLY, servers:[s11, s10, s7, s13, s8, s12, s9, s0, s1], listeners:[]
2024-12-25 19:06:24,985 INFO  server.RaftServer$Division (RaftServerImpl.java:setConfigurationAsync(1348)) - s9@group-4CF2EC507520: receive setConfiguration SetConfigurationRequest:client-9E894F3AA110->s9@group-4CF2EC507520, cid=2065, seq=null, RW, null, SET_UNCONDITIONALLY, servers:[s11, s10, s7, s13, s8, s12, s9, s0, s1], listeners:[]
2024-12-25 19:06:25,085 INFO  server.RaftServer$Division (RaftServerImpl.java:setConfigurationAsync(1348)) - s7@group-4CF2EC507520: receive setConfiguration SetConfigurationRequest:client-9E894F3AA110->s7@group-4CF2EC507520, cid=2065, seq=null, RW, null, SET_UNCONDITIONALLY, servers:[s11, s10, s7, s13, s8, s12, s9, s0, s1], listeners:[]
2024-12-25 19:06:25,185 INFO  server.RaftServer$Division (RaftServerImpl.java:setConfigurationAsync(1348)) - s0@group-4CF2EC507520: receive setConfiguration SetConfigurationRequest:client-9E894F3AA110->s0@group-4CF2EC507520, cid=2065, seq=null, RW, null, SET_UNCONDITIONALLY, servers:[s11, s10, s7, s13, s8, s12, s9, s0, s1], listeners:[]
2024-12-25 19:06:25,286 INFO  server.RaftServer$Division (RaftServerImpl.java:setConfigurationAsync(1348)) - s1@group-4CF2EC507520: receive setConfiguration SetConfigurationRequest:client-9E894F3AA110->s1@group-4CF2EC507520, cid=2065, seq=null, RW, null, SET_UNCONDITIONALLY, servers:[s11, s10, s7, s13, s8, s12, s9, s0, s1], listeners:[]
2024-12-25 19:06:25,386 INFO  server.RaftServer$Division (RaftServerImpl.java:setConfigurationAsync(1348)) - s0@group-4CF2EC507520: receive setConfiguration SetConfigurationRequest:client-9E894F3AA110->s0@group-4CF2EC507520, cid=2065, seq=null, RW, null, SET_UNCONDITIONALLY, servers:[s11, s10, s7, s13, s8, s12, s9, s0, s1], listeners:[]
2024-12-25 19:06:25,486 INFO  server.RaftServer$Division (RaftServerImpl.java:setConfigurationAsync(1348)) - s7@group-4CF2EC507520: receive setConfiguration SetConfigurationRequest:client-9E894F3AA110->s7@group-4CF2EC507520, cid=2065, seq=null, RW, null, SET_UNCONDITIONALLY, servers:[s11, s10, s7, s13, s8, s12, s9, s0, s1], listeners:[]
2024-12-25 19:06:25,587 INFO  server.RaftServer$Division (RaftServerImpl.java:setConfigurationAsync(1348)) - s9@group-4CF2EC507520: receive setConfiguration SetConfigurationRequest:client-9E894F3AA110->s9@group-4CF2EC507520, cid=2065, seq=null, RW, null, SET_UNCONDITIONALLY, servers:[s11, s10, s7, s13, s8, s12, s9, s0, s1], listeners:[]
2024-12-25 19:06:25,687 INFO  server.RaftServer$Division (RaftServerImpl.java:setConfigurationAsync(1348)) - s7@group-4CF2EC507520: receive setConfiguration SetConfigurationRequest:client-9E894F3AA110->s7@group-4CF2EC507520, cid=2065, seq=null, RW, null, SET_UNCONDITIONALLY, servers:[s11, s10, s7, s13, s8, s12, s9, s0, s1], listeners:[]
2024-12-25 19:06:25,787 INFO  server.RaftServer$Division (RaftServerImpl.java:setConfigurationAsync(1348)) - s0@group-4CF2EC507520: receive setConfiguration SetConfigurationRequest:client-9E894F3AA110->s0@group-4CF2EC507520, cid=2065, seq=null, RW, null, SET_UNCONDITIONALLY, servers:[s11, s10, s7, s13, s8, s12, s9, s0, s1], listeners:[]
2024-12-25 19:06:25,887 INFO  server.RaftServer$Division (RaftServerImpl.java:setConfigurationAsync(1348)) - s9@group-4CF2EC507520: receive setConfiguration SetConfigurationRequest:client-9E894F3AA110->s9@group-4CF2EC507520, cid=2065, seq=null, RW, null, SET_UNCONDITIONALLY, servers:[s11, s10, s7, s13, s8, s12, s9, s0, s1], listeners:[]
2024-12-25 19:06:25,988 INFO  server.RaftServer$Division (RaftServerImpl.java:setConfigurationAsync(1348)) - s7@group-4CF2EC507520: receive setConfiguration SetConfigurationRequest:client-9E894F3AA110->s7@group-4CF2EC507520, cid=2065, seq=null, RW, null, SET_UNCONDITIONALLY, servers:[s11, s10, s7, s13, s8, s12, s9, s0, s1], listeners:[]
2024-12-25 19:06:26,088 INFO  server.RaftServer$Division (RaftServerImpl.java:setConfigurationAsync(1348)) - s1@group-4CF2EC507520: receive setConfiguration SetConfigurationRequest:client-9E894F3AA110->s1@group-4CF2EC507520, cid=2065, seq=null, RW, null, SET_UNCONDITIONALLY, servers:[s11, s10, s7, s13, s8, s12, s9, s0, s1], listeners:[]
2024-12-25 19:06:26,188 INFO  server.RaftServer$Division (RaftServerImpl.java:setConfigurationAsync(1348)) - s8@group-4CF2EC507520: receive setConfiguration SetConfigurationRequest:client-9E894F3AA110->s8@group-4CF2EC507520, cid=2065, seq=null, RW, null, SET_UNCONDITIONALLY, servers:[s11, s10, s7, s13, s8, s12, s9, s0, s1], listeners:[]
2024-12-25 19:06:26,289 INFO  server.RaftServer$Division (RaftServerImpl.java:setConfigurationAsync(1348)) - s7@group-4CF2EC507520: receive setConfiguration SetConfigurationRequest:client-9E894F3AA110->s7@group-4CF2EC507520, cid=2065, seq=null, RW, null, SET_UNCONDITIONALLY, servers:[s11, s10, s7, s13, s8, s12, s9, s0, s1], listeners:[]
2024-12-25 19:06:26,389 INFO  server.RaftServer$Division (RaftServerImpl.java:setConfigurationAsync(1348)) - s0@group-4CF2EC507520: receive setConfiguration SetConfigurationRequest:client-9E894F3AA110->s0@group-4CF2EC507520, cid=2065, seq=null, RW, null, SET_UNCONDITIONALLY, servers:[s11, s10, s7, s13, s8, s12, s9, s0, s1], listeners:[]
2024-12-25 19:06:26,489 INFO  server.RaftServer$Division (RaftServerImpl.java:setConfigurationAsync(1348)) - s8@group-4CF2EC507520: receive setConfiguration SetConfigurationRequest:client-9E894F3AA110->s8@group-4CF2EC507520, cid=2065, seq=null, RW, null, SET_UNCONDITIONALLY, servers:[s11, s10, s7, s13, s8, s12, s9, s0, s1], listeners:[]
2024-12-25 19:06:26,590 INFO  server.RaftServer$Division (RaftServerImpl.java:setConfigurationAsync(1348)) - s7@group-4CF2EC507520: receive setConfiguration SetConfigurationRequest:client-9E894F3AA110->s7@group-4CF2EC507520, cid=2065, seq=null, RW, null, SET_UNCONDITIONALLY, servers:[s11, s10, s7, s13, s8, s12, s9, s0, s1], listeners:[]
2024-12-25 19:06:26,690 INFO  server.RaftServer$Division (RaftServerImpl.java:setConfigurationAsync(1348)) - s9@group-4CF2EC507520: receive setConfiguration SetConfigurationRequest:client-9E894F3AA110->s9@group-4CF2EC507520, cid=2065, seq=null, RW, null, SET_UNCONDITIONALLY, servers:[s11, s10, s7, s13, s8, s12, s9, s0, s1], listeners:[]
2024-12-25 19:06:26,790 INFO  server.RaftServer$Division (RaftServerImpl.java:setConfigurationAsync(1348)) - s7@group-4CF2EC507520: receive setConfiguration SetConfigurationRequest:client-9E894F3AA110->s7@group-4CF2EC507520, cid=2065, seq=null, RW, null, SET_UNCONDITIONALLY, servers:[s11, s10, s7, s13, s8, s12, s9, s0, s1], listeners:[]
2024-12-25 19:06:26,890 INFO  server.RaftServer$Division (RaftServerImpl.java:setConfigurationAsync(1348)) - s0@group-4CF2EC507520: receive setConfiguration SetConfigurationRequest:client-9E894F3AA110->s0@group-4CF2EC507520, cid=2065, seq=null, RW, null, SET_UNCONDITIONALLY, servers:[s11, s10, s7, s13, s8, s12, s9, s0, s1], listeners:[]
2024-12-25 19:06:26,991 INFO  server.RaftServer$Division (RaftServerImpl.java:setConfigurationAsync(1348)) - s9@group-4CF2EC507520: receive setConfiguration SetConfigurationRequest:client-9E894F3AA110->s9@group-4CF2EC507520, cid=2065, seq=null, RW, null, SET_UNCONDITIONALLY, servers:[s11, s10, s7, s13, s8, s12, s9, s0, s1], listeners:[]
2024-12-25 19:06:27,057 INFO  impl.MiniRaftCluster (MiniRaftCluster.java:lambda$null$7(362)) - TIMED-PRINT: printing ALL groups
  s3:  RUNNING [
   FOLLOWER s3@group-4CF2EC507520:t0, leader=null, voted=, raftlog=Memoized:s3@group-4CF2EC507520-SegmentedRaftLog:OPENED:c-1:lastnull, conf=conf: {index: -1, cur=peers:[]|listeners:[], old=null} STARTING
   FOLLOWER s3@group-6AB839334A82:t0, leader=null, voted=, raftlog=Memoized:s3@group-6AB839334A82-SegmentedRaftLog:OPENED:c-1:lastnull, conf=conf: {index: -1, cur=peers:[]|listeners:[], old=null} STARTING] size=2
  s4:  RUNNING [
   FOLLOWER s4@group-4CF2EC507520:t0, leader=null, voted=, raftlog=Memoized:s4@group-4CF2EC507520-SegmentedRaftLog:OPENED:c-1:lastnull, conf=conf: {index: -1, cur=peers:[]|listeners:[], old=null} STARTING
   FOLLOWER s4@group-6AB839334A82:t0, leader=null, voted=, raftlog=Memoized:s4@group-6AB839334A82-SegmentedRaftLog:OPENED:c-1:lastnull, conf=conf: {index: -1, cur=peers:[]|listeners:[], old=null} STARTING] size=2
  s5:  RUNNING [
   FOLLOWER s5@group-4CF2EC507520:t0, leader=null, voted=, raftlog=Memoized:s5@group-4CF2EC507520-SegmentedRaftLog:OPENED:c-1:lastnull, conf=conf: {index: -1, cur=peers:[]|listeners:[], old=null} STARTING
   FOLLOWER s5@group-6AB839334A82:t0, leader=null, voted=, raftlog=Memoized:s5@group-6AB839334A82-SegmentedRaftLog:OPENED:c-1:lastnull, conf=conf: {index: -1, cur=peers:[]|listeners:[], old=null} STARTING] size=2
  s6:  RUNNING [
   FOLLOWER s6@group-4CF2EC507520:t0, leader=null, voted=, raftlog=Memoized:s6@group-4CF2EC507520-SegmentedRaftLog:OPENED:c-1:lastnull, conf=conf: {index: -1, cur=peers:[]|listeners:[], old=null} STARTING
   FOLLOWER s6@group-6AB839334A82:t0, leader=null, voted=, raftlog=Memoized:s6@group-6AB839334A82-SegmentedRaftLog:OPENED:c-1:lastnull, conf=conf: {index: -1, cur=peers:[]|listeners:[], old=null} STARTING] size=2
  s7:  RUNNING [
     LEADER s7@group-4CF2EC507520:t1, leader=s7, voted=s7, raftlog=Memoized:s7@group-4CF2EC507520-SegmentedRaftLog:OPENED:c123:last(t:1, i:124), conf=conf: {index: 123, cur=peers:[s7, s8, s9, s0, s1]|listeners:[], old=null} RUNNING
   FOLLOWER s7@group-6AB839334A82:t0, leader=null, voted=, raftlog=Memoized:s7@group-6AB839334A82-SegmentedRaftLog:OPENED:c-1:lastnull, conf=conf: {index: -1, cur=peers:[]|listeners:[], old=null} STARTING] size=2
  s8:  RUNNING [
   FOLLOWER s8@group-4CF2EC507520:t1, leader=s7, voted=s7, raftlog=Memoized:s8@group-4CF2EC507520-SegmentedRaftLog:OPENED:c123:last(t:1, i:124), conf=conf: {index: 123, cur=peers:[s7|, s8|, s9|, s0|, s1|]|listeners:[], old=null} RUNNING
   FOLLOWER s8@group-6AB839334A82:t0, leader=null, voted=, raftlog=Memoized:s8@group-6AB839334A82-SegmentedRaftLog:OPENED:c-1:lastnull, conf=conf: {index: -1, cur=peers:[]|listeners:[], old=null} STARTING] size=2
  s9:  RUNNING [
   FOLLOWER s9@group-4CF2EC507520:t1, leader=s7, voted=s7, raftlog=Memoized:s9@group-4CF2EC507520-SegmentedRaftLog:OPENED:c123:last(t:1, i:124), conf=conf: {index: 123, cur=peers:[s7|, s8|, s9|, s0|, s1|]|listeners:[], old=null} RUNNING
   FOLLOWER s9@group-6AB839334A82:t0, leader=null, voted=, raftlog=Memoized:s9@group-6AB839334A82-SegmentedRaftLog:OPENED:c-1:lastnull, conf=conf: {index: -1, cur=peers:[]|listeners:[], old=null} STARTING] size=2
  s11:  RUNNING [
   FOLLOWER s11@group-4CF2EC507520:t1, leader=s7, voted=null, raftlog=Memoized:s11@group-4CF2EC507520-SegmentedRaftLog:OPENED:c123:last(t:1, i:124), conf=conf: {index: 123, cur=peers:[s7|, s8|, s9|, s0|, s1|]|listeners:[], old=null} STARTING
   FOLLOWER s11@group-6AB839334A82:t0, leader=null, voted=, raftlog=Memoized:s11@group-6AB839334A82-SegmentedRaftLog:OPENED:c-1:lastnull, conf=conf: {index: -1, cur=peers:[]|listeners:[], old=null} STARTING] size=2
  s10:  RUNNING [
   FOLLOWER s10@group-4CF2EC507520:t1, leader=s7, voted=null, raftlog=Memoized:s10@group-4CF2EC507520-SegmentedRaftLog:OPENED:c123:last(t:1, i:124), conf=conf: {index: 123, cur=peers:[s7|, s8|, s9|, s0|, s1|]|listeners:[], old=null} STARTING
   FOLLOWER s10@group-6AB839334A82:t0, leader=null, voted=, raftlog=Memoized:s10@group-6AB839334A82-SegmentedRaftLog:OPENED:c-1:lastnull, conf=conf: {index: -1, cur=peers:[]|listeners:[], old=null} STARTING] size=2
  s13:  RUNNING [
   FOLLOWER s13@group-4CF2EC507520:t1, leader=s7, voted=null, raftlog=Memoized:s13@group-4CF2EC507520-SegmentedRaftLog:OPENED:c123:last(t:1, i:124), conf=conf: {index: 123, cur=peers:[s7|, s8|, s9|, s0|, s1|]|listeners:[], old=null} STARTING
   FOLLOWER s13@group-6AB839334A82:t0, leader=null, voted=, raftlog=Memoized:s13@group-6AB839334A82-SegmentedRaftLog:OPENED:c-1:lastnull, conf=conf: {index: -1, cur=peers:[]|listeners:[], old=null} STARTING] size=2
  s12:  RUNNING [
   FOLLOWER s12@group-4CF2EC507520:t1, leader=s7, voted=null, raftlog=Memoized:s12@group-4CF2EC507520-SegmentedRaftLog:OPENED:c123:last(t:1, i:124), conf=conf: {index: 123, cur=peers:[s7|, s8|, s9|, s0|, s1|]|listeners:[], old=null} STARTING
   FOLLOWER s12@group-6AB839334A82:t0, leader=null, voted=, raftlog=Memoized:s12@group-6AB839334A82-SegmentedRaftLog:OPENED:c-1:lastnull, conf=conf: {index: -1, cur=peers:[]|listeners:[], old=null} STARTING] size=2
  s14:  RUNNING [
   FOLLOWER s14@group-4CF2EC507520:t0, leader=null, voted=, raftlog=Memoized:s14@group-4CF2EC507520-SegmentedRaftLog:OPENED:c-1:lastnull, conf=conf: {index: -1, cur=peers:[]|listeners:[], old=null} STARTING
   FOLLOWER s14@group-6AB839334A82:t0, leader=null, voted=, raftlog=Memoized:s14@group-6AB839334A82-SegmentedRaftLog:OPENED:c-1:lastnull, conf=conf: {index: -1, cur=peers:[]|listeners:[], old=null} STARTING] size=2
  s0:  RUNNING [
   FOLLOWER s0@group-4CF2EC507520:t1, leader=s7, voted=null, raftlog=Memoized:s0@group-4CF2EC507520-SegmentedRaftLog:OPENED:c123:last(t:1, i:124), conf=conf: {index: 123, cur=peers:[s7|, s8|, s9|, s0|, s1|]|listeners:[], old=null} STARTING
   FOLLOWER s0@group-6AB839334A82:t0, leader=null, voted=, raftlog=Memoized:s0@group-6AB839334A82-SegmentedRaftLog:OPENED:c-1:lastnull, conf=conf: {index: -1, cur=peers:[]|listeners:[], old=null} STARTING] size=2
  s1:  RUNNING [
   FOLLOWER s1@group-4CF2EC507520:t1, leader=s7, voted=null, raftlog=Memoized:s1@group-4CF2EC507520-SegmentedRaftLog:OPENED:c123:last(t:1, i:124), conf=conf: {index: 123, cur=peers:[s7|, s8|, s9|, s0|, s1|]|listeners:[], old=null} STARTING
   FOLLOWER s1@group-6AB839334A82:t0, leader=null, voted=, raftlog=Memoized:s1@group-6AB839334A82-SegmentedRaftLog:OPENED:c-1:lastnull, conf=conf: {index: -1, cur=peers:[]|listeners:[], old=null} STARTING] size=2
  s2:  RUNNING [
   FOLLOWER s2@group-4CF2EC507520:t0, leader=null, voted=, raftlog=Memoized:s2@group-4CF2EC507520-SegmentedRaftLog:OPENED:c-1:lastnull, conf=conf: {index: -1, cur=peers:[]|listeners:[], old=null} STARTING
   FOLLOWER s2@group-6AB839334A82:t0, leader=null, voted=, raftlog=Memoized:s2@group-6AB839334A82-SegmentedRaftLog:OPENED:c-1:lastnull, conf=conf: {index: -1, cur=peers:[]|listeners:[], old=null} STARTING] size=2
2024-12-25 19:06:27,091 INFO  server.RaftServer$Division (RaftServerImpl.java:setConfigurationAsync(1348)) - s7@group-4CF2EC507520: receive setConfiguration SetConfigurationRequest:client-9E894F3AA110->s7@group-4CF2EC507520, cid=2065, seq=null, RW, null, SET_UNCONDITIONALLY, servers:[s11, s10, s7, s13, s8, s12, s9, s0, s1], listeners:[]
2024-12-25 19:06:27,191 INFO  server.RaftServer$Division (RaftServerImpl.java:setConfigurationAsync(1348)) - s1@group-4CF2EC507520: receive setConfiguration SetConfigurationRequest:client-9E894F3AA110->s1@group-4CF2EC507520, cid=2065, seq=null, RW, null, SET_UNCONDITIONALLY, servers:[s11, s10, s7, s13, s8, s12, s9, s0, s1], listeners:[]
2024-12-25 19:06:27,292 INFO  server.RaftServer$Division (RaftServerImpl.java:setConfigurationAsync(1348)) - s9@group-4CF2EC507520: receive setConfiguration SetConfigurationRequest:client-9E894F3AA110->s9@group-4CF2EC507520, cid=2065, seq=null, RW, null, SET_UNCONDITIONALLY, servers:[s11, s10, s7, s13, s8, s12, s9, s0, s1], listeners:[]
2024-12-25 19:06:27,392 INFO  server.RaftServer$Division (RaftServerImpl.java:setConfigurationAsync(1348)) - s7@group-4CF2EC507520: receive setConfiguration SetConfigurationRequest:client-9E894F3AA110->s7@group-4CF2EC507520, cid=2065, seq=null, RW, null, SET_UNCONDITIONALLY, servers:[s11, s10, s7, s13, s8, s12, s9, s0, s1], listeners:[]
2024-12-25 19:06:27,493 INFO  server.RaftServer$Division (RaftServerImpl.java:setConfigurationAsync(1348)) - s8@group-4CF2EC507520: receive setConfiguration SetConfigurationRequest:client-9E894F3AA110->s8@group-4CF2EC507520, cid=2065, seq=null, RW, null, SET_UNCONDITIONALLY, servers:[s11, s10, s7, s13, s8, s12, s9, s0, s1], listeners:[]
2024-12-25 19:06:27,593 INFO  server.RaftServer$Division (RaftServerImpl.java:setConfigurationAsync(1348)) - s7@group-4CF2EC507520: receive setConfiguration SetConfigurationRequest:client-9E894F3AA110->s7@group-4CF2EC507520, cid=2065, seq=null, RW, null, SET_UNCONDITIONALLY, servers:[s11, s10, s7, s13, s8, s12, s9, s0, s1], listeners:[]
2024-12-25 19:06:27,693 INFO  server.RaftServer$Division (RaftServerImpl.java:setConfigurationAsync(1348)) - s9@group-4CF2EC507520: receive setConfiguration SetConfigurationRequest:client-9E894F3AA110->s9@group-4CF2EC507520, cid=2065, seq=null, RW, null, SET_UNCONDITIONALLY, servers:[s11, s10, s7, s13, s8, s12, s9, s0, s1], listeners:[]
2024-12-25 19:06:27,794 INFO  server.RaftServer$Division (RaftServerImpl.java:setConfigurationAsync(1348)) - s7@group-4CF2EC507520: receive setConfiguration SetConfigurationRequest:client-9E894F3AA110->s7@group-4CF2EC507520, cid=2065, seq=null, RW, null, SET_UNCONDITIONALLY, servers:[s11, s10, s7, s13, s8, s12, s9, s0, s1], listeners:[]
2024-12-25 19:06:27,894 INFO  server.RaftServer$Division (RaftServerImpl.java:setConfigurationAsync(1348)) - s1@group-4CF2EC507520: receive setConfiguration SetConfigurationRequest:client-9E894F3AA110->s1@group-4CF2EC507520, cid=2065, seq=null, RW, null, SET_UNCONDITIONALLY, servers:[s11, s10, s7, s13, s8, s12, s9, s0, s1], listeners:[]
2024-12-25 19:06:27,994 INFO  server.RaftServer$Division (RaftServerImpl.java:setConfigurationAsync(1348)) - s0@group-4CF2EC507520: receive setConfiguration SetConfigurationRequest:client-9E894F3AA110->s0@group-4CF2EC507520, cid=2065, seq=null, RW, null, SET_UNCONDITIONALLY, servers:[s11, s10, s7, s13, s8, s12, s9, s0, s1], listeners:[]
2024-12-25 19:06:28,094 INFO  server.RaftServer$Division (RaftServerImpl.java:setConfigurationAsync(1348)) - s7@group-4CF2EC507520: receive setConfiguration SetConfigurationRequest:client-9E894F3AA110->s7@group-4CF2EC507520, cid=2065, seq=null, RW, null, SET_UNCONDITIONALLY, servers:[s11, s10, s7, s13, s8, s12, s9, s0, s1], listeners:[]
2024-12-25 19:06:28,195 INFO  server.RaftServer$Division (RaftServerImpl.java:setConfigurationAsync(1348)) - s1@group-4CF2EC507520: receive setConfiguration SetConfigurationRequest:client-9E894F3AA110->s1@group-4CF2EC507520, cid=2065, seq=null, RW, null, SET_UNCONDITIONALLY, servers:[s11, s10, s7, s13, s8, s12, s9, s0, s1], listeners:[]
2024-12-25 19:06:28,295 INFO  server.RaftServer$Division (RaftServerImpl.java:setConfigurationAsync(1348)) - s9@group-4CF2EC507520: receive setConfiguration SetConfigurationRequest:client-9E894F3AA110->s9@group-4CF2EC507520, cid=2065, seq=null, RW, null, SET_UNCONDITIONALLY, servers:[s11, s10, s7, s13, s8, s12, s9, s0, s1], listeners:[]
2024-12-25 19:06:28,395 INFO  server.RaftServer$Division (RaftServerImpl.java:setConfigurationAsync(1348)) - s7@group-4CF2EC507520: receive setConfiguration SetConfigurationRequest:client-9E894F3AA110->s7@group-4CF2EC507520, cid=2065, seq=null, RW, null, SET_UNCONDITIONALLY, servers:[s11, s10, s7, s13, s8, s12, s9, s0, s1], listeners:[]
2024-12-25 19:06:28,496 INFO  server.RaftServer$Division (RaftServerImpl.java:setConfigurationAsync(1348)) - s8@group-4CF2EC507520: receive setConfiguration SetConfigurationRequest:client-9E894F3AA110->s8@group-4CF2EC507520, cid=2065, seq=null, RW, null, SET_UNCONDITIONALLY, servers:[s11, s10, s7, s13, s8, s12, s9, s0, s1], listeners:[]
2024-12-25 19:06:28,596 INFO  server.RaftServer$Division (RaftServerImpl.java:setConfigurationAsync(1348)) - s7@group-4CF2EC507520: receive setConfiguration SetConfigurationRequest:client-9E894F3AA110->s7@group-4CF2EC507520, cid=2065, seq=null, RW, null, SET_UNCONDITIONALLY, servers:[s11, s10, s7, s13, s8, s12, s9, s0, s1], listeners:[]
2024-12-25 19:06:28,696 INFO  server.RaftServer$Division (RaftServerImpl.java:setConfigurationAsync(1348)) - s1@group-4CF2EC507520: receive setConfiguration SetConfigurationRequest:client-9E894F3AA110->s1@group-4CF2EC507520, cid=2065, seq=null, RW, null, SET_UNCONDITIONALLY, servers:[s11, s10, s7, s13, s8, s12, s9, s0, s1], listeners:[]
2024-12-25 19:06:28,797 INFO  server.RaftServer$Division (RaftServerImpl.java:setConfigurationAsync(1348)) - s0@group-4CF2EC507520: receive setConfiguration SetConfigurationRequest:client-9E894F3AA110->s0@group-4CF2EC507520, cid=2065, seq=null, RW, null, SET_UNCONDITIONALLY, servers:[s11, s10, s7, s13, s8, s12, s9, s0, s1], listeners:[]
2024-12-25 19:06:28,897 INFO  server.RaftServer$Division (RaftServerImpl.java:setConfigurationAsync(1348)) - s7@group-4CF2EC507520: receive setConfiguration SetConfigurationRequest:client-9E894F3AA110->s7@group-4CF2EC507520, cid=2065, seq=null, RW, null, SET_UNCONDITIONALLY, servers:[s11, s10, s7, s13, s8, s12, s9, s0, s1], listeners:[]
2024-12-25 19:06:28,997 INFO  server.RaftServer$Division (RaftServerImpl.java:setConfigurationAsync(1348)) - s8@group-4CF2EC507520: receive setConfiguration SetConfigurationRequest:client-9E894F3AA110->s8@group-4CF2EC507520, cid=2065, seq=null, RW, null, SET_UNCONDITIONALLY, servers:[s11, s10, s7, s13, s8, s12, s9, s0, s1], listeners:[]
2024-12-25 19:06:29,098 INFO  server.RaftServer$Division (RaftServerImpl.java:setConfigurationAsync(1348)) - s7@group-4CF2EC507520: receive setConfiguration SetConfigurationRequest:client-9E894F3AA110->s7@group-4CF2EC507520, cid=2065, seq=null, RW, null, SET_UNCONDITIONALLY, servers:[s11, s10, s7, s13, s8, s12, s9, s0, s1], listeners:[]
2024-12-25 19:06:29,198 INFO  server.RaftServer$Division (RaftServerImpl.java:setConfigurationAsync(1348)) - s8@group-4CF2EC507520: receive setConfiguration SetConfigurationRequest:client-9E894F3AA110->s8@group-4CF2EC507520, cid=2065, seq=null, RW, null, SET_UNCONDITIONALLY, servers:[s11, s10, s7, s13, s8, s12, s9, s0, s1], listeners:[]
2024-12-25 19:06:29,298 INFO  server.RaftServer$Division (RaftServerImpl.java:setConfigurationAsync(1348)) - s7@group-4CF2EC507520: receive setConfiguration SetConfigurationRequest:client-9E894F3AA110->s7@group-4CF2EC507520, cid=2065, seq=null, RW, null, SET_UNCONDITIONALLY, servers:[s11, s10, s7, s13, s8, s12, s9, s0, s1], listeners:[]
2024-12-25 19:06:29,398 INFO  server.RaftServer$Division (RaftServerImpl.java:setConfigurationAsync(1348)) - s8@group-4CF2EC507520: receive setConfiguration SetConfigurationRequest:client-9E894F3AA110->s8@group-4CF2EC507520, cid=2065, seq=null, RW, null, SET_UNCONDITIONALLY, servers:[s11, s10, s7, s13, s8, s12, s9, s0, s1], listeners:[]
2024-12-25 19:06:29,499 INFO  server.RaftServer$Division (RaftServerImpl.java:setConfigurationAsync(1348)) - s7@group-4CF2EC507520: receive setConfiguration SetConfigurationRequest:client-9E894F3AA110->s7@group-4CF2EC507520, cid=2065, seq=null, RW, null, SET_UNCONDITIONALLY, servers:[s11, s10, s7, s13, s8, s12, s9, s0, s1], listeners:[]
2024-12-25 19:06:29,599 INFO  server.RaftServer$Division (RaftServerImpl.java:setConfigurationAsync(1348)) - s9@group-4CF2EC507520: receive setConfiguration SetConfigurationRequest:client-9E894F3AA110->s9@group-4CF2EC507520, cid=2065, seq=null, RW, null, SET_UNCONDITIONALLY, servers:[s11, s10, s7, s13, s8, s12, s9, s0, s1], listeners:[]
2024-12-25 19:06:29,699 INFO  server.RaftServer$Division (RaftServerImpl.java:setConfigurationAsync(1348)) - s7@group-4CF2EC507520: receive setConfiguration SetConfigurationRequest:client-9E894F3AA110->s7@group-4CF2EC507520, cid=2065, seq=null, RW, null, SET_UNCONDITIONALLY, servers:[s11, s10, s7, s13, s8, s12, s9, s0, s1], listeners:[]
2024-12-25 19:06:29,800 INFO  server.RaftServer$Division (RaftServerImpl.java:setConfigurationAsync(1348)) - s9@group-4CF2EC507520: receive setConfiguration SetConfigurationRequest:client-9E894F3AA110->s9@group-4CF2EC507520, cid=2065, seq=null, RW, null, SET_UNCONDITIONALLY, servers:[s11, s10, s7, s13, s8, s12, s9, s0, s1], listeners:[]
2024-12-25 19:06:29,900 INFO  server.RaftServer$Division (RaftServerImpl.java:setConfigurationAsync(1348)) - s7@group-4CF2EC507520: receive setConfiguration SetConfigurationRequest:client-9E894F3AA110->s7@group-4CF2EC507520, cid=2065, seq=null, RW, null, SET_UNCONDITIONALLY, servers:[s11, s10, s7, s13, s8, s12, s9, s0, s1], listeners:[]
2024-12-25 19:06:30,000 INFO  server.RaftServer$Division (RaftServerImpl.java:setConfigurationAsync(1348)) - s0@group-4CF2EC507520: receive setConfiguration SetConfigurationRequest:client-9E894F3AA110->s0@group-4CF2EC507520, cid=2065, seq=null, RW, null, SET_UNCONDITIONALLY, servers:[s11, s10, s7, s13, s8, s12, s9, s0, s1], listeners:[]
2024-12-25 19:06:30,100 INFO  server.RaftServer$Division (RaftServerImpl.java:setConfigurationAsync(1348)) - s8@group-4CF2EC507520: receive setConfiguration SetConfigurationRequest:client-9E894F3AA110->s8@group-4CF2EC507520, cid=2065, seq=null, RW, null, SET_UNCONDITIONALLY, servers:[s11, s10, s7, s13, s8, s12, s9, s0, s1], listeners:[]
2024-12-25 19:06:30,201 INFO  server.RaftServer$Division (RaftServerImpl.java:setConfigurationAsync(1348)) - s7@group-4CF2EC507520: receive setConfiguration SetConfigurationRequest:client-9E894F3AA110->s7@group-4CF2EC507520, cid=2065, seq=null, RW, null, SET_UNCONDITIONALLY, servers:[s11, s10, s7, s13, s8, s12, s9, s0, s1], listeners:[]
2024-12-25 19:06:30,301 INFO  server.RaftServer$Division (RaftServerImpl.java:setConfigurationAsync(1348)) - s1@group-4CF2EC507520: receive setConfiguration SetConfigurationRequest:client-9E894F3AA110->s1@group-4CF2EC507520, cid=2065, seq=null, RW, null, SET_UNCONDITIONALLY, servers:[s11, s10, s7, s13, s8, s12, s9, s0, s1], listeners:[]
2024-12-25 19:06:30,401 INFO  server.RaftServer$Division (RaftServerImpl.java:setConfigurationAsync(1348)) - s0@group-4CF2EC507520: receive setConfiguration SetConfigurationRequest:client-9E894F3AA110->s0@group-4CF2EC507520, cid=2065, seq=null, RW, null, SET_UNCONDITIONALLY, servers:[s11, s10, s7, s13, s8, s12, s9, s0, s1], listeners:[]
2024-12-25 19:06:30,502 INFO  server.RaftServer$Division (RaftServerImpl.java:setConfigurationAsync(1348)) - s1@group-4CF2EC507520: receive setConfiguration SetConfigurationRequest:client-9E894F3AA110->s1@group-4CF2EC507520, cid=2065, seq=null, RW, null, SET_UNCONDITIONALLY, servers:[s11, s10, s7, s13, s8, s12, s9, s0, s1], listeners:[]
2024-12-25 19:06:30,602 INFO  server.RaftServer$Division (RaftServerImpl.java:setConfigurationAsync(1348)) - s0@group-4CF2EC507520: receive setConfiguration SetConfigurationRequest:client-9E894F3AA110->s0@group-4CF2EC507520, cid=2065, seq=null, RW, null, SET_UNCONDITIONALLY, servers:[s11, s10, s7, s13, s8, s12, s9, s0, s1], listeners:[]
2024-12-25 19:06:30,702 INFO  server.RaftServer$Division (RaftServerImpl.java:setConfigurationAsync(1348)) - s7@group-4CF2EC507520: receive setConfiguration SetConfigurationRequest:client-9E894F3AA110->s7@group-4CF2EC507520, cid=2065, seq=null, RW, null, SET_UNCONDITIONALLY, servers:[s11, s10, s7, s13, s8, s12, s9, s0, s1], listeners:[]
2024-12-25 19:06:30,803 INFO  server.RaftServer$Division (RaftServerImpl.java:setConfigurationAsync(1348)) - s9@group-4CF2EC507520: receive setConfiguration SetConfigurationRequest:client-9E894F3AA110->s9@group-4CF2EC507520, cid=2065, seq=null, RW, null, SET_UNCONDITIONALLY, servers:[s11, s10, s7, s13, s8, s12, s9, s0, s1], listeners:[]
2024-12-25 19:06:30,903 INFO  server.RaftServer$Division (RaftServerImpl.java:setConfigurationAsync(1348)) - s7@group-4CF2EC507520: receive setConfiguration SetConfigurationRequest:client-9E894F3AA110->s7@group-4CF2EC507520, cid=2065, seq=null, RW, null, SET_UNCONDITIONALLY, servers:[s11, s10, s7, s13, s8, s12, s9, s0, s1], listeners:[]
2024-12-25 19:06:31,003 INFO  server.RaftServer$Division (RaftServerImpl.java:setConfigurationAsync(1348)) - s8@group-4CF2EC507520: receive setConfiguration SetConfigurationRequest:client-9E894F3AA110->s8@group-4CF2EC507520, cid=2065, seq=null, RW, null, SET_UNCONDITIONALLY, servers:[s11, s10, s7, s13, s8, s12, s9, s0, s1], listeners:[]
2024-12-25 19:06:31,103 INFO  server.RaftServer$Division (RaftServerImpl.java:setConfigurationAsync(1348)) - s7@group-4CF2EC507520: receive setConfiguration SetConfigurationRequest:client-9E894F3AA110->s7@group-4CF2EC507520, cid=2065, seq=null, RW, null, SET_UNCONDITIONALLY, servers:[s11, s10, s7, s13, s8, s12, s9, s0, s1], listeners:[]
2024-12-25 19:06:31,204 INFO  server.RaftServer$Division (RaftServerImpl.java:setConfigurationAsync(1348)) - s0@group-4CF2EC507520: receive setConfiguration SetConfigurationRequest:client-9E894F3AA110->s0@group-4CF2EC507520, cid=2065, seq=null, RW, null, SET_UNCONDITIONALLY, servers:[s11, s10, s7, s13, s8, s12, s9, s0, s1], listeners:[]
2024-12-25 19:06:31,304 INFO  server.RaftServer$Division (RaftServerImpl.java:setConfigurationAsync(1348)) - s7@group-4CF2EC507520: receive setConfiguration SetConfigurationRequest:client-9E894F3AA110->s7@group-4CF2EC507520, cid=2065, seq=null, RW, null, SET_UNCONDITIONALLY, servers:[s11, s10, s7, s13, s8, s12, s9, s0, s1], listeners:[]
2024-12-25 19:06:31,404 INFO  server.RaftServer$Division (RaftServerImpl.java:setConfigurationAsync(1348)) - s8@group-4CF2EC507520: receive setConfiguration SetConfigurationRequest:client-9E894F3AA110->s8@group-4CF2EC507520, cid=2065, seq=null, RW, null, SET_UNCONDITIONALLY, servers:[s11, s10, s7, s13, s8, s12, s9, s0, s1], listeners:[]
2024-12-25 19:06:31,505 INFO  server.RaftServer$Division (RaftServerImpl.java:setConfigurationAsync(1348)) - s7@group-4CF2EC507520: receive setConfiguration SetConfigurationRequest:client-9E894F3AA110->s7@group-4CF2EC507520, cid=2065, seq=null, RW, null, SET_UNCONDITIONALLY, servers:[s11, s10, s7, s13, s8, s12, s9, s0, s1], listeners:[]
2024-12-25 19:06:31,605 INFO  server.RaftServer$Division (RaftServerImpl.java:setConfigurationAsync(1348)) - s0@group-4CF2EC507520: receive setConfiguration SetConfigurationRequest:client-9E894F3AA110->s0@group-4CF2EC507520, cid=2065, seq=null, RW, null, SET_UNCONDITIONALLY, servers:[s11, s10, s7, s13, s8, s12, s9, s0, s1], listeners:[]
2024-12-25 19:06:31,705 INFO  server.RaftServer$Division (RaftServerImpl.java:setConfigurationAsync(1348)) - s1@group-4CF2EC507520: receive setConfiguration SetConfigurationRequest:client-9E894F3AA110->s1@group-4CF2EC507520, cid=2065, seq=null, RW, null, SET_UNCONDITIONALLY, servers:[s11, s10, s7, s13, s8, s12, s9, s0, s1], listeners:[]
2024-12-25 19:06:31,806 INFO  server.RaftServer$Division (RaftServerImpl.java:setConfigurationAsync(1348)) - s9@group-4CF2EC507520: receive setConfiguration SetConfigurationRequest:client-9E894F3AA110->s9@group-4CF2EC507520, cid=2065, seq=null, RW, null, SET_UNCONDITIONALLY, servers:[s11, s10, s7, s13, s8, s12, s9, s0, s1], listeners:[]
2024-12-25 19:06:31,906 INFO  server.RaftServer$Division (RaftServerImpl.java:setConfigurationAsync(1348)) - s7@group-4CF2EC507520: receive setConfiguration SetConfigurationRequest:client-9E894F3AA110->s7@group-4CF2EC507520, cid=2065, seq=null, RW, null, SET_UNCONDITIONALLY, servers:[s11, s10, s7, s13, s8, s12, s9, s0, s1], listeners:[]
2024-12-25 19:06:32,006 INFO  server.RaftServer$Division (RaftServerImpl.java:setConfigurationAsync(1348)) - s0@group-4CF2EC507520: receive setConfiguration SetConfigurationRequest:client-9E894F3AA110->s0@group-4CF2EC507520, cid=2065, seq=null, RW, null, SET_UNCONDITIONALLY, servers:[s11, s10, s7, s13, s8, s12, s9, s0, s1], listeners:[]
2024-12-25 19:06:32,107 INFO  server.RaftServer$Division (RaftServerImpl.java:setConfigurationAsync(1348)) - s1@group-4CF2EC507520: receive setConfiguration SetConfigurationRequest:client-9E894F3AA110->s1@group-4CF2EC507520, cid=2065, seq=null, RW, null, SET_UNCONDITIONALLY, servers:[s11, s10, s7, s13, s8, s12, s9, s0, s1], listeners:[]
2024-12-25 19:06:32,207 INFO  server.RaftServer$Division (RaftServerImpl.java:setConfigurationAsync(1348)) - s8@group-4CF2EC507520: receive setConfiguration SetConfigurationRequest:client-9E894F3AA110->s8@group-4CF2EC507520, cid=2065, seq=null, RW, null, SET_UNCONDITIONALLY, servers:[s11, s10, s7, s13, s8, s12, s9, s0, s1], listeners:[]
2024-12-25 19:06:32,307 INFO  server.RaftServer$Division (RaftServerImpl.java:setConfigurationAsync(1348)) - s7@group-4CF2EC507520: receive setConfiguration SetConfigurationRequest:client-9E894F3AA110->s7@group-4CF2EC507520, cid=2065, seq=null, RW, null, SET_UNCONDITIONALLY, servers:[s11, s10, s7, s13, s8, s12, s9, s0, s1], listeners:[]
2024-12-25 19:06:32,407 INFO  server.RaftServer$Division (RaftServerImpl.java:setConfigurationAsync(1348)) - s9@group-4CF2EC507520: receive setConfiguration SetConfigurationRequest:client-9E894F3AA110->s9@group-4CF2EC507520, cid=2065, seq=null, RW, null, SET_UNCONDITIONALLY, servers:[s11, s10, s7, s13, s8, s12, s9, s0, s1], listeners:[]
2024-12-25 19:06:32,508 INFO  server.RaftServer$Division (RaftServerImpl.java:setConfigurationAsync(1348)) - s7@group-4CF2EC507520: receive setConfiguration SetConfigurationRequest:client-9E894F3AA110->s7@group-4CF2EC507520, cid=2065, seq=null, RW, null, SET_UNCONDITIONALLY, servers:[s11, s10, s7, s13, s8, s12, s9, s0, s1], listeners:[]
2024-12-25 19:06:32,608 INFO  server.RaftServer$Division (RaftServerImpl.java:setConfigurationAsync(1348)) - s1@group-4CF2EC507520: receive setConfiguration SetConfigurationRequest:client-9E894F3AA110->s1@group-4CF2EC507520, cid=2065, seq=null, RW, null, SET_UNCONDITIONALLY, servers:[s11, s10, s7, s13, s8, s12, s9, s0, s1], listeners:[]
2024-12-25 19:06:32,708 INFO  server.RaftServer$Division (RaftServerImpl.java:setConfigurationAsync(1348)) - s0@group-4CF2EC507520: receive setConfiguration SetConfigurationRequest:client-9E894F3AA110->s0@group-4CF2EC507520, cid=2065, seq=null, RW, null, SET_UNCONDITIONALLY, servers:[s11, s10, s7, s13, s8, s12, s9, s0, s1], listeners:[]
2024-12-25 19:06:32,809 INFO  server.RaftServer$Division (RaftServerImpl.java:setConfigurationAsync(1348)) - s8@group-4CF2EC507520: receive setConfiguration SetConfigurationRequest:client-9E894F3AA110->s8@group-4CF2EC507520, cid=2065, seq=null, RW, null, SET_UNCONDITIONALLY, servers:[s11, s10, s7, s13, s8, s12, s9, s0, s1], listeners:[]
2024-12-25 19:06:32,909 INFO  server.RaftServer$Division (RaftServerImpl.java:setConfigurationAsync(1348)) - s7@group-4CF2EC507520: receive setConfiguration SetConfigurationRequest:client-9E894F3AA110->s7@group-4CF2EC507520, cid=2065, seq=null, RW, null, SET_UNCONDITIONALLY, servers:[s11, s10, s7, s13, s8, s12, s9, s0, s1], listeners:[]
2024-12-25 19:06:33,009 INFO  server.RaftServer$Division (RaftServerImpl.java:setConfigurationAsync(1348)) - s9@group-4CF2EC507520: receive setConfiguration SetConfigurationRequest:client-9E894F3AA110->s9@group-4CF2EC507520, cid=2065, seq=null, RW, null, SET_UNCONDITIONALLY, servers:[s11, s10, s7, s13, s8, s12, s9, s0, s1], listeners:[]
2024-12-25 19:06:33,110 INFO  server.RaftServer$Division (RaftServerImpl.java:setConfigurationAsync(1348)) - s7@group-4CF2EC507520: receive setConfiguration SetConfigurationRequest:client-9E894F3AA110->s7@group-4CF2EC507520, cid=2065, seq=null, RW, null, SET_UNCONDITIONALLY, servers:[s11, s10, s7, s13, s8, s12, s9, s0, s1], listeners:[]
2024-12-25 19:06:33,210 INFO  server.RaftServer$Division (RaftServerImpl.java:setConfigurationAsync(1348)) - s0@group-4CF2EC507520: receive setConfiguration SetConfigurationRequest:client-9E894F3AA110->s0@group-4CF2EC507520, cid=2065, seq=null, RW, null, SET_UNCONDITIONALLY, servers:[s11, s10, s7, s13, s8, s12, s9, s0, s1], listeners:[]
2024-12-25 19:06:33,310 INFO  server.RaftServer$Division (RaftServerImpl.java:setConfigurationAsync(1348)) - s9@group-4CF2EC507520: receive setConfiguration SetConfigurationRequest:client-9E894F3AA110->s9@group-4CF2EC507520, cid=2065, seq=null, RW, null, SET_UNCONDITIONALLY, servers:[s11, s10, s7, s13, s8, s12, s9, s0, s1], listeners:[]
2024-12-25 19:06:33,411 INFO  server.RaftServer$Division (RaftServerImpl.java:setConfigurationAsync(1348)) - s7@group-4CF2EC507520: receive setConfiguration SetConfigurationRequest:client-9E894F3AA110->s7@group-4CF2EC507520, cid=2065, seq=null, RW, null, SET_UNCONDITIONALLY, servers:[s11, s10, s7, s13, s8, s12, s9, s0, s1], listeners:[]
2024-12-25 19:06:33,511 INFO  server.RaftServer$Division (RaftServerImpl.java:setConfigurationAsync(1348)) - s1@group-4CF2EC507520: receive setConfiguration SetConfigurationRequest:client-9E894F3AA110->s1@group-4CF2EC507520, cid=2065, seq=null, RW, null, SET_UNCONDITIONALLY, servers:[s11, s10, s7, s13, s8, s12, s9, s0, s1], listeners:[]
2024-12-25 19:06:33,611 INFO  server.RaftServer$Division (RaftServerImpl.java:setConfigurationAsync(1348)) - s7@group-4CF2EC507520: receive setConfiguration SetConfigurationRequest:client-9E894F3AA110->s7@group-4CF2EC507520, cid=2065, seq=null, RW, null, SET_UNCONDITIONALLY, servers:[s11, s10, s7, s13, s8, s12, s9, s0, s1], listeners:[]
2024-12-25 19:06:33,711 INFO  server.RaftServer$Division (RaftServerImpl.java:setConfigurationAsync(1348)) - s1@group-4CF2EC507520: receive setConfiguration SetConfigurationRequest:client-9E894F3AA110->s1@group-4CF2EC507520, cid=2065, seq=null, RW, null, SET_UNCONDITIONALLY, servers:[s11, s10, s7, s13, s8, s12, s9, s0, s1], listeners:[]
2024-12-25 19:06:33,812 INFO  server.RaftServer$Division (RaftServerImpl.java:setConfigurationAsync(1348)) - s8@group-4CF2EC507520: receive setConfiguration SetConfigurationRequest:client-9E894F3AA110->s8@group-4CF2EC507520, cid=2065, seq=null, RW, null, SET_UNCONDITIONALLY, servers:[s11, s10, s7, s13, s8, s12, s9, s0, s1], listeners:[]
2024-12-25 19:06:33,912 INFO  server.RaftServer$Division (RaftServerImpl.java:setConfigurationAsync(1348)) - s7@group-4CF2EC507520: receive setConfiguration SetConfigurationRequest:client-9E894F3AA110->s7@group-4CF2EC507520, cid=2065, seq=null, RW, null, SET_UNCONDITIONALLY, servers:[s11, s10, s7, s13, s8, s12, s9, s0, s1], listeners:[]
2024-12-25 19:06:34,012 INFO  server.RaftServer$Division (RaftServerImpl.java:setConfigurationAsync(1348)) - s1@group-4CF2EC507520: receive setConfiguration SetConfigurationRequest:client-9E894F3AA110->s1@group-4CF2EC507520, cid=2065, seq=null, RW, null, SET_UNCONDITIONALLY, servers:[s11, s10, s7, s13, s8, s12, s9, s0, s1], listeners:[]
2024-12-25 19:06:34,113 INFO  server.RaftServer$Division (RaftServerImpl.java:setConfigurationAsync(1348)) - s8@group-4CF2EC507520: receive setConfiguration SetConfigurationRequest:client-9E894F3AA110->s8@group-4CF2EC507520, cid=2065, seq=null, RW, null, SET_UNCONDITIONALLY, servers:[s11, s10, s7, s13, s8, s12, s9, s0, s1], listeners:[]
2024-12-25 19:06:34,213 INFO  server.RaftServer$Division (RaftServerImpl.java:setConfigurationAsync(1348)) - s7@group-4CF2EC507520: receive setConfiguration SetConfigurationRequest:client-9E894F3AA110->s7@group-4CF2EC507520, cid=2065, seq=null, RW, null, SET_UNCONDITIONALLY, servers:[s11, s10, s7, s13, s8, s12, s9, s0, s1], listeners:[]
2024-12-25 19:06:34,313 INFO  server.RaftServer$Division (RaftServerImpl.java:setConfigurationAsync(1348)) - s8@group-4CF2EC507520: receive setConfiguration SetConfigurationRequest:client-9E894F3AA110->s8@group-4CF2EC507520, cid=2065, seq=null, RW, null, SET_UNCONDITIONALLY, servers:[s11, s10, s7, s13, s8, s12, s9, s0, s1], listeners:[]
2024-12-25 19:06:34,414 INFO  server.RaftServer$Division (RaftServerImpl.java:setConfigurationAsync(1348)) - s7@group-4CF2EC507520: receive setConfiguration SetConfigurationRequest:client-9E894F3AA110->s7@group-4CF2EC507520, cid=2065, seq=null, RW, null, SET_UNCONDITIONALLY, servers:[s11, s10, s7, s13, s8, s12, s9, s0, s1], listeners:[]
2024-12-25 19:06:34,514 INFO  server.RaftServer$Division (RaftServerImpl.java:setConfigurationAsync(1348)) - s0@group-4CF2EC507520: receive setConfiguration SetConfigurationRequest:client-9E894F3AA110->s0@group-4CF2EC507520, cid=2065, seq=null, RW, null, SET_UNCONDITIONALLY, servers:[s11, s10, s7, s13, s8, s12, s9, s0, s1], listeners:[]
2024-12-25 19:06:34,614 INFO  server.RaftServer$Division (RaftServerImpl.java:setConfigurationAsync(1348)) - s1@group-4CF2EC507520: receive setConfiguration SetConfigurationRequest:client-9E894F3AA110->s1@group-4CF2EC507520, cid=2065, seq=null, RW, null, SET_UNCONDITIONALLY, servers:[s11, s10, s7, s13, s8, s12, s9, s0, s1], listeners:[]
2024-12-25 19:06:34,715 INFO  server.RaftServer$Division (RaftServerImpl.java:setConfigurationAsync(1348)) - s8@group-4CF2EC507520: receive setConfiguration SetConfigurationRequest:client-9E894F3AA110->s8@group-4CF2EC507520, cid=2065, seq=null, RW, null, SET_UNCONDITIONALLY, servers:[s11, s10, s7, s13, s8, s12, s9, s0, s1], listeners:[]
2024-12-25 19:06:34,815 INFO  server.RaftServer$Division (RaftServerImpl.java:setConfigurationAsync(1348)) - s7@group-4CF2EC507520: receive setConfiguration SetConfigurationRequest:client-9E894F3AA110->s7@group-4CF2EC507520, cid=2065, seq=null, RW, null, SET_UNCONDITIONALLY, servers:[s11, s10, s7, s13, s8, s12, s9, s0, s1], listeners:[]
2024-12-25 19:06:34,915 INFO  server.RaftServer$Division (RaftServerImpl.java:setConfigurationAsync(1348)) - s1@group-4CF2EC507520: receive setConfiguration SetConfigurationRequest:client-9E894F3AA110->s1@group-4CF2EC507520, cid=2065, seq=null, RW, null, SET_UNCONDITIONALLY, servers:[s11, s10, s7, s13, s8, s12, s9, s0, s1], listeners:[]
2024-12-25 19:06:35,015 INFO  server.RaftServer$Division (RaftServerImpl.java:setConfigurationAsync(1348)) - s9@group-4CF2EC507520: receive setConfiguration SetConfigurationRequest:client-9E894F3AA110->s9@group-4CF2EC507520, cid=2065, seq=null, RW, null, SET_UNCONDITIONALLY, servers:[s11, s10, s7, s13, s8, s12, s9, s0, s1], listeners:[]
2024-12-25 19:06:35,116 INFO  server.RaftServer$Division (RaftServerImpl.java:setConfigurationAsync(1348)) - s7@group-4CF2EC507520: receive setConfiguration SetConfigurationRequest:client-9E894F3AA110->s7@group-4CF2EC507520, cid=2065, seq=null, RW, null, SET_UNCONDITIONALLY, servers:[s11, s10, s7, s13, s8, s12, s9, s0, s1], listeners:[]
2024-12-25 19:06:35,216 INFO  server.RaftServer$Division (RaftServerImpl.java:setConfigurationAsync(1348)) - s1@group-4CF2EC507520: receive setConfiguration SetConfigurationRequest:client-9E894F3AA110->s1@group-4CF2EC507520, cid=2065, seq=null, RW, null, SET_UNCONDITIONALLY, servers:[s11, s10, s7, s13, s8, s12, s9, s0, s1], listeners:[]
2024-12-25 19:06:35,316 INFO  server.RaftServer$Division (RaftServerImpl.java:setConfigurationAsync(1348)) - s9@group-4CF2EC507520: receive setConfiguration SetConfigurationRequest:client-9E894F3AA110->s9@group-4CF2EC507520, cid=2065, seq=null, RW, null, SET_UNCONDITIONALLY, servers:[s11, s10, s7, s13, s8, s12, s9, s0, s1], listeners:[]
2024-12-25 19:06:35,417 INFO  server.RaftServer$Division (RaftServerImpl.java:setConfigurationAsync(1348)) - s7@group-4CF2EC507520: receive setConfiguration SetConfigurationRequest:client-9E894F3AA110->s7@group-4CF2EC507520, cid=2065, seq=null, RW, null, SET_UNCONDITIONALLY, servers:[s11, s10, s7, s13, s8, s12, s9, s0, s1], listeners:[]
2024-12-25 19:06:35,517 INFO  server.RaftServer$Division (RaftServerImpl.java:setConfigurationAsync(1348)) - s8@group-4CF2EC507520: receive setConfiguration SetConfigurationRequest:client-9E894F3AA110->s8@group-4CF2EC507520, cid=2065, seq=null, RW, null, SET_UNCONDITIONALLY, servers:[s11, s10, s7, s13, s8, s12, s9, s0, s1], listeners:[]
2024-12-25 19:06:35,617 INFO  server.RaftServer$Division (RaftServerImpl.java:setConfigurationAsync(1348)) - s7@group-4CF2EC507520: receive setConfiguration SetConfigurationRequest:client-9E894F3AA110->s7@group-4CF2EC507520, cid=2065, seq=null, RW, null, SET_UNCONDITIONALLY, servers:[s11, s10, s7, s13, s8, s12, s9, s0, s1], listeners:[]
2024-12-25 19:06:35,717 INFO  server.RaftServer$Division (RaftServerImpl.java:setConfigurationAsync(1348)) - s1@group-4CF2EC507520: receive setConfiguration SetConfigurationRequest:client-9E894F3AA110->s1@group-4CF2EC507520, cid=2065, seq=null, RW, null, SET_UNCONDITIONALLY, servers:[s11, s10, s7, s13, s8, s12, s9, s0, s1], listeners:[]
2024-12-25 19:06:35,818 INFO  server.RaftServer$Division (RaftServerImpl.java:setConfigurationAsync(1348)) - s9@group-4CF2EC507520: receive setConfiguration SetConfigurationRequest:client-9E894F3AA110->s9@group-4CF2EC507520, cid=2065, seq=null, RW, null, SET_UNCONDITIONALLY, servers:[s11, s10, s7, s13, s8, s12, s9, s0, s1], listeners:[]
2024-12-25 19:06:35,918 INFO  server.RaftServer$Division (RaftServerImpl.java:setConfigurationAsync(1348)) - s7@group-4CF2EC507520: receive setConfiguration SetConfigurationRequest:client-9E894F3AA110->s7@group-4CF2EC507520, cid=2065, seq=null, RW, null, SET_UNCONDITIONALLY, servers:[s11, s10, s7, s13, s8, s12, s9, s0, s1], listeners:[]
2024-12-25 19:06:36,018 INFO  server.RaftServer$Division (RaftServerImpl.java:setConfigurationAsync(1348)) - s1@group-4CF2EC507520: receive setConfiguration SetConfigurationRequest:client-9E894F3AA110->s1@group-4CF2EC507520, cid=2065, seq=null, RW, null, SET_UNCONDITIONALLY, servers:[s11, s10, s7, s13, s8, s12, s9, s0, s1], listeners:[]
2024-12-25 19:06:36,119 INFO  server.RaftServer$Division (RaftServerImpl.java:setConfigurationAsync(1348)) - s9@group-4CF2EC507520: receive setConfiguration SetConfigurationRequest:client-9E894F3AA110->s9@group-4CF2EC507520, cid=2065, seq=null, RW, null, SET_UNCONDITIONALLY, servers:[s11, s10, s7, s13, s8, s12, s9, s0, s1], listeners:[]
2024-12-25 19:06:36,219 INFO  server.RaftServer$Division (RaftServerImpl.java:setConfigurationAsync(1348)) - s7@group-4CF2EC507520: receive setConfiguration SetConfigurationRequest:client-9E894F3AA110->s7@group-4CF2EC507520, cid=2065, seq=null, RW, null, SET_UNCONDITIONALLY, servers:[s11, s10, s7, s13, s8, s12, s9, s0, s1], listeners:[]
2024-12-25 19:06:36,319 INFO  server.RaftServer$Division (RaftServerImpl.java:setConfigurationAsync(1348)) - s8@group-4CF2EC507520: receive setConfiguration SetConfigurationRequest:client-9E894F3AA110->s8@group-4CF2EC507520, cid=2065, seq=null, RW, null, SET_UNCONDITIONALLY, servers:[s11, s10, s7, s13, s8, s12, s9, s0, s1], listeners:[]
2024-12-25 19:06:36,419 INFO  server.RaftServer$Division (RaftServerImpl.java:setConfigurationAsync(1348)) - s7@group-4CF2EC507520: receive setConfiguration SetConfigurationRequest:client-9E894F3AA110->s7@group-4CF2EC507520, cid=2065, seq=null, RW, null, SET_UNCONDITIONALLY, servers:[s11, s10, s7, s13, s8, s12, s9, s0, s1], listeners:[]
2024-12-25 19:06:36,520 INFO  server.RaftServer$Division (RaftServerImpl.java:setConfigurationAsync(1348)) - s0@group-4CF2EC507520: receive setConfiguration SetConfigurationRequest:client-9E894F3AA110->s0@group-4CF2EC507520, cid=2065, seq=null, RW, null, SET_UNCONDITIONALLY, servers:[s11, s10, s7, s13, s8, s12, s9, s0, s1], listeners:[]
2024-12-25 19:06:36,620 INFO  server.RaftServer$Division (RaftServerImpl.java:setConfigurationAsync(1348)) - s7@group-4CF2EC507520: receive setConfiguration SetConfigurationRequest:client-9E894F3AA110->s7@group-4CF2EC507520, cid=2065, seq=null, RW, null, SET_UNCONDITIONALLY, servers:[s11, s10, s7, s13, s8, s12, s9, s0, s1], listeners:[]
2024-12-25 19:06:36,720 INFO  server.RaftServer$Division (RaftServerImpl.java:setConfigurationAsync(1348)) - s0@group-4CF2EC507520: receive setConfiguration SetConfigurationRequest:client-9E894F3AA110->s0@group-4CF2EC507520, cid=2065, seq=null, RW, null, SET_UNCONDITIONALLY, servers:[s11, s10, s7, s13, s8, s12, s9, s0, s1], listeners:[]
2024-12-25 19:06:36,821 INFO  server.RaftServer$Division (RaftServerImpl.java:setConfigurationAsync(1348)) - s8@group-4CF2EC507520: receive setConfiguration SetConfigurationRequest:client-9E894F3AA110->s8@group-4CF2EC507520, cid=2065, seq=null, RW, null, SET_UNCONDITIONALLY, servers:[s11, s10, s7, s13, s8, s12, s9, s0, s1], listeners:[]
2024-12-25 19:06:36,921 INFO  server.RaftServer$Division (RaftServerImpl.java:setConfigurationAsync(1348)) - s7@group-4CF2EC507520: receive setConfiguration SetConfigurationRequest:client-9E894F3AA110->s7@group-4CF2EC507520, cid=2065, seq=null, RW, null, SET_UNCONDITIONALLY, servers:[s11, s10, s7, s13, s8, s12, s9, s0, s1], listeners:[]
2024-12-25 19:06:37,021 INFO  server.RaftServer$Division (RaftServerImpl.java:setConfigurationAsync(1348)) - s8@group-4CF2EC507520: receive setConfiguration SetConfigurationRequest:client-9E894F3AA110->s8@group-4CF2EC507520, cid=2065, seq=null, RW, null, SET_UNCONDITIONALLY, servers:[s11, s10, s7, s13, s8, s12, s9, s0, s1], listeners:[]
2024-12-25 19:06:37,058 INFO  impl.MiniRaftCluster (MiniRaftCluster.java:lambda$null$7(362)) - TIMED-PRINT: printing ALL groups
  s3:  RUNNING [
   FOLLOWER s3@group-4CF2EC507520:t0, leader=null, voted=, raftlog=Memoized:s3@group-4CF2EC507520-SegmentedRaftLog:OPENED:c-1:lastnull, conf=conf: {index: -1, cur=peers:[]|listeners:[], old=null} STARTING
   FOLLOWER s3@group-6AB839334A82:t0, leader=null, voted=, raftlog=Memoized:s3@group-6AB839334A82-SegmentedRaftLog:OPENED:c-1:lastnull, conf=conf: {index: -1, cur=peers:[]|listeners:[], old=null} STARTING] size=2
  s4:  RUNNING [
   FOLLOWER s4@group-4CF2EC507520:t0, leader=null, voted=, raftlog=Memoized:s4@group-4CF2EC507520-SegmentedRaftLog:OPENED:c-1:lastnull, conf=conf: {index: -1, cur=peers:[]|listeners:[], old=null} STARTING
   FOLLOWER s4@group-6AB839334A82:t0, leader=null, voted=, raftlog=Memoized:s4@group-6AB839334A82-SegmentedRaftLog:OPENED:c-1:lastnull, conf=conf: {index: -1, cur=peers:[]|listeners:[], old=null} STARTING] size=2
  s5:  RUNNING [
   FOLLOWER s5@group-4CF2EC507520:t0, leader=null, voted=, raftlog=Memoized:s5@group-4CF2EC507520-SegmentedRaftLog:OPENED:c-1:lastnull, conf=conf: {index: -1, cur=peers:[]|listeners:[], old=null} STARTING
   FOLLOWER s5@group-6AB839334A82:t0, leader=null, voted=, raftlog=Memoized:s5@group-6AB839334A82-SegmentedRaftLog:OPENED:c-1:lastnull, conf=conf: {index: -1, cur=peers:[]|listeners:[], old=null} STARTING] size=2
  s6:  RUNNING [
   FOLLOWER s6@group-4CF2EC507520:t0, leader=null, voted=, raftlog=Memoized:s6@group-4CF2EC507520-SegmentedRaftLog:OPENED:c-1:lastnull, conf=conf: {index: -1, cur=peers:[]|listeners:[], old=null} STARTING
   FOLLOWER s6@group-6AB839334A82:t0, leader=null, voted=, raftlog=Memoized:s6@group-6AB839334A82-SegmentedRaftLog:OPENED:c-1:lastnull, conf=conf: {index: -1, cur=peers:[]|listeners:[], old=null} STARTING] size=2
  s7:  RUNNING [
     LEADER s7@group-4CF2EC507520:t1, leader=s7, voted=s7, raftlog=Memoized:s7@group-4CF2EC507520-SegmentedRaftLog:OPENED:c123:last(t:1, i:124), conf=conf: {index: 123, cur=peers:[s7, s8, s9, s0, s1]|listeners:[], old=null} RUNNING
   FOLLOWER s7@group-6AB839334A82:t0, leader=null, voted=, raftlog=Memoized:s7@group-6AB839334A82-SegmentedRaftLog:OPENED:c-1:lastnull, conf=conf: {index: -1, cur=peers:[]|listeners:[], old=null} STARTING] size=2
  s8:  RUNNING [
   FOLLOWER s8@group-4CF2EC507520:t1, leader=s7, voted=s7, raftlog=Memoized:s8@group-4CF2EC507520-SegmentedRaftLog:OPENED:c123:last(t:1, i:124), conf=conf: {index: 123, cur=peers:[s7|, s8|, s9|, s0|, s1|]|listeners:[], old=null} RUNNING
   FOLLOWER s8@group-6AB839334A82:t0, leader=null, voted=, raftlog=Memoized:s8@group-6AB839334A82-SegmentedRaftLog:OPENED:c-1:lastnull, conf=conf: {index: -1, cur=peers:[]|listeners:[], old=null} STARTING] size=2
  s9:  RUNNING [
   FOLLOWER s9@group-4CF2EC507520:t1, leader=s7, voted=s7, raftlog=Memoized:s9@group-4CF2EC507520-SegmentedRaftLog:OPENED:c123:last(t:1, i:124), conf=conf: {index: 123, cur=peers:[s7|, s8|, s9|, s0|, s1|]|listeners:[], old=null} RUNNING
   FOLLOWER s9@group-6AB839334A82:t0, leader=null, voted=, raftlog=Memoized:s9@group-6AB839334A82-SegmentedRaftLog:OPENED:c-1:lastnull, conf=conf: {index: -1, cur=peers:[]|listeners:[], old=null} STARTING] size=2
  s11:  RUNNING [
   FOLLOWER s11@group-4CF2EC507520:t1, leader=s7, voted=null, raftlog=Memoized:s11@group-4CF2EC507520-SegmentedRaftLog:OPENED:c123:last(t:1, i:124), conf=conf: {index: 123, cur=peers:[s7|, s8|, s9|, s0|, s1|]|listeners:[], old=null} STARTING
   FOLLOWER s11@group-6AB839334A82:t0, leader=null, voted=, raftlog=Memoized:s11@group-6AB839334A82-SegmentedRaftLog:OPENED:c-1:lastnull, conf=conf: {index: -1, cur=peers:[]|listeners:[], old=null} STARTING] size=2
  s10:  RUNNING [
   FOLLOWER s10@group-4CF2EC507520:t1, leader=s7, voted=null, raftlog=Memoized:s10@group-4CF2EC507520-SegmentedRaftLog:OPENED:c123:last(t:1, i:124), conf=conf: {index: 123, cur=peers:[s7|, s8|, s9|, s0|, s1|]|listeners:[], old=null} STARTING
   FOLLOWER s10@group-6AB839334A82:t0, leader=null, voted=, raftlog=Memoized:s10@group-6AB839334A82-SegmentedRaftLog:OPENED:c-1:lastnull, conf=conf: {index: -1, cur=peers:[]|listeners:[], old=null} STARTING] size=2
  s13:  RUNNING [
   FOLLOWER s13@group-4CF2EC507520:t1, leader=s7, voted=null, raftlog=Memoized:s13@group-4CF2EC507520-SegmentedRaftLog:OPENED:c123:last(t:1, i:124), conf=conf: {index: 123, cur=peers:[s7|, s8|, s9|, s0|, s1|]|listeners:[], old=null} STARTING
   FOLLOWER s13@group-6AB839334A82:t0, leader=null, voted=, raftlog=Memoized:s13@group-6AB839334A82-SegmentedRaftLog:OPENED:c-1:lastnull, conf=conf: {index: -1, cur=peers:[]|listeners:[], old=null} STARTING] size=2
  s12:  RUNNING [
   FOLLOWER s12@group-4CF2EC507520:t1, leader=s7, voted=null, raftlog=Memoized:s12@group-4CF2EC507520-SegmentedRaftLog:OPENED:c123:last(t:1, i:124), conf=conf: {index: 123, cur=peers:[s7|, s8|, s9|, s0|, s1|]|listeners:[], old=null} STARTING
   FOLLOWER s12@group-6AB839334A82:t0, leader=null, voted=, raftlog=Memoized:s12@group-6AB839334A82-SegmentedRaftLog:OPENED:c-1:lastnull, conf=conf: {index: -1, cur=peers:[]|listeners:[], old=null} STARTING] size=2
  s14:  RUNNING [
   FOLLOWER s14@group-4CF2EC507520:t0, leader=null, voted=, raftlog=Memoized:s14@group-4CF2EC507520-SegmentedRaftLog:OPENED:c-1:lastnull, conf=conf: {index: -1, cur=peers:[]|listeners:[], old=null} STARTING
   FOLLOWER s14@group-6AB839334A82:t0, leader=null, voted=, raftlog=Memoized:s14@group-6AB839334A82-SegmentedRaftLog:OPENED:c-1:lastnull, conf=conf: {index: -1, cur=peers:[]|listeners:[], old=null} STARTING] size=2
  s0:  RUNNING [
   FOLLOWER s0@group-4CF2EC507520:t1, leader=s7, voted=null, raftlog=Memoized:s0@group-4CF2EC507520-SegmentedRaftLog:OPENED:c123:last(t:1, i:124), conf=conf: {index: 123, cur=peers:[s7|, s8|, s9|, s0|, s1|]|listeners:[], old=null} STARTING
   FOLLOWER s0@group-6AB839334A82:t0, leader=null, voted=, raftlog=Memoized:s0@group-6AB839334A82-SegmentedRaftLog:OPENED:c-1:lastnull, conf=conf: {index: -1, cur=peers:[]|listeners:[], old=null} STARTING] size=2
  s1:  RUNNING [
   FOLLOWER s1@group-4CF2EC507520:t1, leader=s7, voted=null, raftlog=Memoized:s1@group-4CF2EC507520-SegmentedRaftLog:OPENED:c123:last(t:1, i:124), conf=conf: {index: 123, cur=peers:[s7|, s8|, s9|, s0|, s1|]|listeners:[], old=null} STARTING
   FOLLOWER s1@group-6AB839334A82:t0, leader=null, voted=, raftlog=Memoized:s1@group-6AB839334A82-SegmentedRaftLog:OPENED:c-1:lastnull, conf=conf: {index: -1, cur=peers:[]|listeners:[], old=null} STARTING] size=2
  s2:  RUNNING [
   FOLLOWER s2@group-4CF2EC507520:t0, leader=null, voted=, raftlog=Memoized:s2@group-4CF2EC507520-SegmentedRaftLog:OPENED:c-1:lastnull, conf=conf: {index: -1, cur=peers:[]|listeners:[], old=null} STARTING
   FOLLOWER s2@group-6AB839334A82:t0, leader=null, voted=, raftlog=Memoized:s2@group-6AB839334A82-SegmentedRaftLog:OPENED:c-1:lastnull, conf=conf: {index: -1, cur=peers:[]|listeners:[], old=null} STARTING] size=2
2024-12-25 19:06:37,122 INFO  server.RaftServer$Division (RaftServerImpl.java:setConfigurationAsync(1348)) - s7@group-4CF2EC507520: receive setConfiguration SetConfigurationRequest:client-9E894F3AA110->s7@group-4CF2EC507520, cid=2065, seq=null, RW, null, SET_UNCONDITIONALLY, servers:[s11, s10, s7, s13, s8, s12, s9, s0, s1], listeners:[]
2024-12-25 19:06:37,222 INFO  server.RaftServer$Division (RaftServerImpl.java:setConfigurationAsync(1348)) - s1@group-4CF2EC507520: receive setConfiguration SetConfigurationRequest:client-9E894F3AA110->s1@group-4CF2EC507520, cid=2065, seq=null, RW, null, SET_UNCONDITIONALLY, servers:[s11, s10, s7, s13, s8, s12, s9, s0, s1], listeners:[]
2024-12-25 19:06:37,323 INFO  server.RaftServer$Division (RaftServerImpl.java:setConfigurationAsync(1348)) - s9@group-4CF2EC507520: receive setConfiguration SetConfigurationRequest:client-9E894F3AA110->s9@group-4CF2EC507520, cid=2065, seq=null, RW, null, SET_UNCONDITIONALLY, servers:[s11, s10, s7, s13, s8, s12, s9, s0, s1], listeners:[]
2024-12-25 19:06:37,423 INFO  server.RaftServer$Division (RaftServerImpl.java:setConfigurationAsync(1348)) - s7@group-4CF2EC507520: receive setConfiguration SetConfigurationRequest:client-9E894F3AA110->s7@group-4CF2EC507520, cid=2065, seq=null, RW, null, SET_UNCONDITIONALLY, servers:[s11, s10, s7, s13, s8, s12, s9, s0, s1], listeners:[]
2024-12-25 19:06:37,523 INFO  server.RaftServer$Division (RaftServerImpl.java:setConfigurationAsync(1348)) - s1@group-4CF2EC507520: receive setConfiguration SetConfigurationRequest:client-9E894F3AA110->s1@group-4CF2EC507520, cid=2065, seq=null, RW, null, SET_UNCONDITIONALLY, servers:[s11, s10, s7, s13, s8, s12, s9, s0, s1], listeners:[]
2024-12-25 19:06:37,624 INFO  server.RaftServer$Division (RaftServerImpl.java:setConfigurationAsync(1348)) - s9@group-4CF2EC507520: receive setConfiguration SetConfigurationRequest:client-9E894F3AA110->s9@group-4CF2EC507520, cid=2065, seq=null, RW, null, SET_UNCONDITIONALLY, servers:[s11, s10, s7, s13, s8, s12, s9, s0, s1], listeners:[]
2024-12-25 19:06:37,724 INFO  server.RaftServer$Division (RaftServerImpl.java:setConfigurationAsync(1348)) - s7@group-4CF2EC507520: receive setConfiguration SetConfigurationRequest:client-9E894F3AA110->s7@group-4CF2EC507520, cid=2065, seq=null, RW, null, SET_UNCONDITIONALLY, servers:[s11, s10, s7, s13, s8, s12, s9, s0, s1], listeners:[]
2024-12-25 19:06:37,824 INFO  server.RaftServer$Division (RaftServerImpl.java:setConfigurationAsync(1348)) - s1@group-4CF2EC507520: receive setConfiguration SetConfigurationRequest:client-9E894F3AA110->s1@group-4CF2EC507520, cid=2065, seq=null, RW, null, SET_UNCONDITIONALLY, servers:[s11, s10, s7, s13, s8, s12, s9, s0, s1], listeners:[]
2024-12-25 19:06:37,925 INFO  server.RaftServer$Division (RaftServerImpl.java:setConfigurationAsync(1348)) - s9@group-4CF2EC507520: receive setConfiguration SetConfigurationRequest:client-9E894F3AA110->s9@group-4CF2EC507520, cid=2065, seq=null, RW, null, SET_UNCONDITIONALLY, servers:[s11, s10, s7, s13, s8, s12, s9, s0, s1], listeners:[]
2024-12-25 19:06:38,025 INFO  server.RaftServer$Division (RaftServerImpl.java:setConfigurationAsync(1348)) - s7@group-4CF2EC507520: receive setConfiguration SetConfigurationRequest:client-9E894F3AA110->s7@group-4CF2EC507520, cid=2065, seq=null, RW, null, SET_UNCONDITIONALLY, servers:[s11, s10, s7, s13, s8, s12, s9, s0, s1], listeners:[]
2024-12-25 19:06:38,125 INFO  server.RaftServer$Division (RaftServerImpl.java:setConfigurationAsync(1348)) - s0@group-4CF2EC507520: receive setConfiguration SetConfigurationRequest:client-9E894F3AA110->s0@group-4CF2EC507520, cid=2065, seq=null, RW, null, SET_UNCONDITIONALLY, servers:[s11, s10, s7, s13, s8, s12, s9, s0, s1], listeners:[]
2024-12-25 19:06:38,226 INFO  server.RaftServer$Division (RaftServerImpl.java:setConfigurationAsync(1348)) - s9@group-4CF2EC507520: receive setConfiguration SetConfigurationRequest:client-9E894F3AA110->s9@group-4CF2EC507520, cid=2065, seq=null, RW, null, SET_UNCONDITIONALLY, servers:[s11, s10, s7, s13, s8, s12, s9, s0, s1], listeners:[]
2024-12-25 19:06:38,326 INFO  server.RaftServer$Division (RaftServerImpl.java:setConfigurationAsync(1348)) - s7@group-4CF2EC507520: receive setConfiguration SetConfigurationRequest:client-9E894F3AA110->s7@group-4CF2EC507520, cid=2065, seq=null, RW, null, SET_UNCONDITIONALLY, servers:[s11, s10, s7, s13, s8, s12, s9, s0, s1], listeners:[]
2024-12-25 19:06:38,426 INFO  server.RaftServer$Division (RaftServerImpl.java:setConfigurationAsync(1348)) - s8@group-4CF2EC507520: receive setConfiguration SetConfigurationRequest:client-9E894F3AA110->s8@group-4CF2EC507520, cid=2065, seq=null, RW, null, SET_UNCONDITIONALLY, servers:[s11, s10, s7, s13, s8, s12, s9, s0, s1], listeners:[]
2024-12-25 19:06:38,527 INFO  server.RaftServer$Division (RaftServerImpl.java:setConfigurationAsync(1348)) - s7@group-4CF2EC507520: receive setConfiguration SetConfigurationRequest:client-9E894F3AA110->s7@group-4CF2EC507520, cid=2065, seq=null, RW, null, SET_UNCONDITIONALLY, servers:[s11, s10, s7, s13, s8, s12, s9, s0, s1], listeners:[]
2024-12-25 19:06:38,627 INFO  server.RaftServer$Division (RaftServerImpl.java:setConfigurationAsync(1348)) - s8@group-4CF2EC507520: receive setConfiguration SetConfigurationRequest:client-9E894F3AA110->s8@group-4CF2EC507520, cid=2065, seq=null, RW, null, SET_UNCONDITIONALLY, servers:[s11, s10, s7, s13, s8, s12, s9, s0, s1], listeners:[]
2024-12-25 19:06:38,727 INFO  server.RaftServer$Division (RaftServerImpl.java:setConfigurationAsync(1348)) - s7@group-4CF2EC507520: receive setConfiguration SetConfigurationRequest:client-9E894F3AA110->s7@group-4CF2EC507520, cid=2065, seq=null, RW, null, SET_UNCONDITIONALLY, servers:[s11, s10, s7, s13, s8, s12, s9, s0, s1], listeners:[]
2024-12-25 19:06:38,827 INFO  server.RaftServer$Division (RaftServerImpl.java:setConfigurationAsync(1348)) - s0@group-4CF2EC507520: receive setConfiguration SetConfigurationRequest:client-9E894F3AA110->s0@group-4CF2EC507520, cid=2065, seq=null, RW, null, SET_UNCONDITIONALLY, servers:[s11, s10, s7, s13, s8, s12, s9, s0, s1], listeners:[]
2024-12-25 19:06:38,928 INFO  server.RaftServer$Division (RaftServerImpl.java:setConfigurationAsync(1348)) - s7@group-4CF2EC507520: receive setConfiguration SetConfigurationRequest:client-9E894F3AA110->s7@group-4CF2EC507520, cid=2065, seq=null, RW, null, SET_UNCONDITIONALLY, servers:[s11, s10, s7, s13, s8, s12, s9, s0, s1], listeners:[]
2024-12-25 19:06:39,028 INFO  server.RaftServer$Division (RaftServerImpl.java:setConfigurationAsync(1348)) - s9@group-4CF2EC507520: receive setConfiguration SetConfigurationRequest:client-9E894F3AA110->s9@group-4CF2EC507520, cid=2065, seq=null, RW, null, SET_UNCONDITIONALLY, servers:[s11, s10, s7, s13, s8, s12, s9, s0, s1], listeners:[]
2024-12-25 19:06:39,128 INFO  server.RaftServer$Division (RaftServerImpl.java:setConfigurationAsync(1348)) - s7@group-4CF2EC507520: receive setConfiguration SetConfigurationRequest:client-9E894F3AA110->s7@group-4CF2EC507520, cid=2065, seq=null, RW, null, SET_UNCONDITIONALLY, servers:[s11, s10, s7, s13, s8, s12, s9, s0, s1], listeners:[]
2024-12-25 19:06:39,229 INFO  server.RaftServer$Division (RaftServerImpl.java:setConfigurationAsync(1348)) - s8@group-4CF2EC507520: receive setConfiguration SetConfigurationRequest:client-9E894F3AA110->s8@group-4CF2EC507520, cid=2065, seq=null, RW, null, SET_UNCONDITIONALLY, servers:[s11, s10, s7, s13, s8, s12, s9, s0, s1], listeners:[]
2024-12-25 19:06:39,329 INFO  server.RaftServer$Division (RaftServerImpl.java:setConfigurationAsync(1348)) - s7@group-4CF2EC507520: receive setConfiguration SetConfigurationRequest:client-9E894F3AA110->s7@group-4CF2EC507520, cid=2065, seq=null, RW, null, SET_UNCONDITIONALLY, servers:[s11, s10, s7, s13, s8, s12, s9, s0, s1], listeners:[]
2024-12-25 19:06:39,429 INFO  server.RaftServer$Division (RaftServerImpl.java:setConfigurationAsync(1348)) - s0@group-4CF2EC507520: receive setConfiguration SetConfigurationRequest:client-9E894F3AA110->s0@group-4CF2EC507520, cid=2065, seq=null, RW, null, SET_UNCONDITIONALLY, servers:[s11, s10, s7, s13, s8, s12, s9, s0, s1], listeners:[]
2024-12-25 19:06:39,530 INFO  server.RaftServer$Division (RaftServerImpl.java:setConfigurationAsync(1348)) - s9@group-4CF2EC507520: receive setConfiguration SetConfigurationRequest:client-9E894F3AA110->s9@group-4CF2EC507520, cid=2065, seq=null, RW, null, SET_UNCONDITIONALLY, servers:[s11, s10, s7, s13, s8, s12, s9, s0, s1], listeners:[]
2024-12-25 19:06:39,630 INFO  server.RaftServer$Division (RaftServerImpl.java:setConfigurationAsync(1348)) - s7@group-4CF2EC507520: receive setConfiguration SetConfigurationRequest:client-9E894F3AA110->s7@group-4CF2EC507520, cid=2065, seq=null, RW, null, SET_UNCONDITIONALLY, servers:[s11, s10, s7, s13, s8, s12, s9, s0, s1], listeners:[]
2024-12-25 19:06:39,730 INFO  server.RaftServer$Division (RaftServerImpl.java:setConfigurationAsync(1348)) - s9@group-4CF2EC507520: receive setConfiguration SetConfigurationRequest:client-9E894F3AA110->s9@group-4CF2EC507520, cid=2065, seq=null, RW, null, SET_UNCONDITIONALLY, servers:[s11, s10, s7, s13, s8, s12, s9, s0, s1], listeners:[]
2024-12-25 19:06:39,831 INFO  server.RaftServer$Division (RaftServerImpl.java:setConfigurationAsync(1348)) - s7@group-4CF2EC507520: receive setConfiguration SetConfigurationRequest:client-9E894F3AA110->s7@group-4CF2EC507520, cid=2065, seq=null, RW, null, SET_UNCONDITIONALLY, servers:[s11, s10, s7, s13, s8, s12, s9, s0, s1], listeners:[]
2024-12-25 19:06:39,931 INFO  server.RaftServer$Division (RaftServerImpl.java:setConfigurationAsync(1348)) - s1@group-4CF2EC507520: receive setConfiguration SetConfigurationRequest:client-9E894F3AA110->s1@group-4CF2EC507520, cid=2065, seq=null, RW, null, SET_UNCONDITIONALLY, servers:[s11, s10, s7, s13, s8, s12, s9, s0, s1], listeners:[]
2024-12-25 19:06:40,031 INFO  server.RaftServer$Division (RaftServerImpl.java:setConfigurationAsync(1348)) - s9@group-4CF2EC507520: receive setConfiguration SetConfigurationRequest:client-9E894F3AA110->s9@group-4CF2EC507520, cid=2065, seq=null, RW, null, SET_UNCONDITIONALLY, servers:[s11, s10, s7, s13, s8, s12, s9, s0, s1], listeners:[]
2024-12-25 19:06:40,132 INFO  server.RaftServer$Division (RaftServerImpl.java:setConfigurationAsync(1348)) - s7@group-4CF2EC507520: receive setConfiguration SetConfigurationRequest:client-9E894F3AA110->s7@group-4CF2EC507520, cid=2065, seq=null, RW, null, SET_UNCONDITIONALLY, servers:[s11, s10, s7, s13, s8, s12, s9, s0, s1], listeners:[]
2024-12-25 19:06:40,232 INFO  server.RaftServer$Division (RaftServerImpl.java:setConfigurationAsync(1348)) - s1@group-4CF2EC507520: receive setConfiguration SetConfigurationRequest:client-9E894F3AA110->s1@group-4CF2EC507520, cid=2065, seq=null, RW, null, SET_UNCONDITIONALLY, servers:[s11, s10, s7, s13, s8, s12, s9, s0, s1], listeners:[]
2024-12-25 19:06:40,332 INFO  server.RaftServer$Division (RaftServerImpl.java:setConfigurationAsync(1348)) - s8@group-4CF2EC507520: receive setConfiguration SetConfigurationRequest:client-9E894F3AA110->s8@group-4CF2EC507520, cid=2065, seq=null, RW, null, SET_UNCONDITIONALLY, servers:[s11, s10, s7, s13, s8, s12, s9, s0, s1], listeners:[]
2024-12-25 19:06:40,433 INFO  server.RaftServer$Division (RaftServerImpl.java:setConfigurationAsync(1348)) - s7@group-4CF2EC507520: receive setConfiguration SetConfigurationRequest:client-9E894F3AA110->s7@group-4CF2EC507520, cid=2065, seq=null, RW, null, SET_UNCONDITIONALLY, servers:[s11, s10, s7, s13, s8, s12, s9, s0, s1], listeners:[]
2024-12-25 19:06:40,533 INFO  server.RaftServer$Division (RaftServerImpl.java:setConfigurationAsync(1348)) - s9@group-4CF2EC507520: receive setConfiguration SetConfigurationRequest:client-9E894F3AA110->s9@group-4CF2EC507520, cid=2065, seq=null, RW, null, SET_UNCONDITIONALLY, servers:[s11, s10, s7, s13, s8, s12, s9, s0, s1], listeners:[]
2024-12-25 19:06:40,633 INFO  server.RaftServer$Division (RaftServerImpl.java:setConfigurationAsync(1348)) - s7@group-4CF2EC507520: receive setConfiguration SetConfigurationRequest:client-9E894F3AA110->s7@group-4CF2EC507520, cid=2065, seq=null, RW, null, SET_UNCONDITIONALLY, servers:[s11, s10, s7, s13, s8, s12, s9, s0, s1], listeners:[]
2024-12-25 19:06:40,734 INFO  server.RaftServer$Division (RaftServerImpl.java:setConfigurationAsync(1348)) - s9@group-4CF2EC507520: receive setConfiguration SetConfigurationRequest:client-9E894F3AA110->s9@group-4CF2EC507520, cid=2065, seq=null, RW, null, SET_UNCONDITIONALLY, servers:[s11, s10, s7, s13, s8, s12, s9, s0, s1], listeners:[]
2024-12-25 19:06:40,834 INFO  server.RaftServer$Division (RaftServerImpl.java:setConfigurationAsync(1348)) - s7@group-4CF2EC507520: receive setConfiguration SetConfigurationRequest:client-9E894F3AA110->s7@group-4CF2EC507520, cid=2065, seq=null, RW, null, SET_UNCONDITIONALLY, servers:[s11, s10, s7, s13, s8, s12, s9, s0, s1], listeners:[]
2024-12-25 19:06:40,934 INFO  server.RaftServer$Division (RaftServerImpl.java:setConfigurationAsync(1348)) - s1@group-4CF2EC507520: receive setConfiguration SetConfigurationRequest:client-9E894F3AA110->s1@group-4CF2EC507520, cid=2065, seq=null, RW, null, SET_UNCONDITIONALLY, servers:[s11, s10, s7, s13, s8, s12, s9, s0, s1], listeners:[]
2024-12-25 19:06:41,034 INFO  server.RaftServer$Division (RaftServerImpl.java:setConfigurationAsync(1348)) - s7@group-4CF2EC507520: receive setConfiguration SetConfigurationRequest:client-9E894F3AA110->s7@group-4CF2EC507520, cid=2065, seq=null, RW, null, SET_UNCONDITIONALLY, servers:[s11, s10, s7, s13, s8, s12, s9, s0, s1], listeners:[]
2024-12-25 19:06:41,135 INFO  server.RaftServer$Division (RaftServerImpl.java:setConfigurationAsync(1348)) - s9@group-4CF2EC507520: receive setConfiguration SetConfigurationRequest:client-9E894F3AA110->s9@group-4CF2EC507520, cid=2065, seq=null, RW, null, SET_UNCONDITIONALLY, servers:[s11, s10, s7, s13, s8, s12, s9, s0, s1], listeners:[]
2024-12-25 19:06:41,235 INFO  server.RaftServer$Division (RaftServerImpl.java:setConfigurationAsync(1348)) - s7@group-4CF2EC507520: receive setConfiguration SetConfigurationRequest:client-9E894F3AA110->s7@group-4CF2EC507520, cid=2065, seq=null, RW, null, SET_UNCONDITIONALLY, servers:[s11, s10, s7, s13, s8, s12, s9, s0, s1], listeners:[]
2024-12-25 19:06:41,335 INFO  server.RaftServer$Division (RaftServerImpl.java:setConfigurationAsync(1348)) - s1@group-4CF2EC507520: receive setConfiguration SetConfigurationRequest:client-9E894F3AA110->s1@group-4CF2EC507520, cid=2065, seq=null, RW, null, SET_UNCONDITIONALLY, servers:[s11, s10, s7, s13, s8, s12, s9, s0, s1], listeners:[]
2024-12-25 19:06:41,435 INFO  server.RaftServer$Division (RaftServerImpl.java:setConfigurationAsync(1348)) - s7@group-4CF2EC507520: receive setConfiguration SetConfigurationRequest:client-9E894F3AA110->s7@group-4CF2EC507520, cid=2065, seq=null, RW, null, SET_UNCONDITIONALLY, servers:[s11, s10, s7, s13, s8, s12, s9, s0, s1], listeners:[]
2024-12-25 19:06:41,536 INFO  server.RaftServer$Division (RaftServerImpl.java:setConfigurationAsync(1348)) - s8@group-4CF2EC507520: receive setConfiguration SetConfigurationRequest:client-9E894F3AA110->s8@group-4CF2EC507520, cid=2065, seq=null, RW, null, SET_UNCONDITIONALLY, servers:[s11, s10, s7, s13, s8, s12, s9, s0, s1], listeners:[]
2024-12-25 19:06:41,636 INFO  server.RaftServer$Division (RaftServerImpl.java:setConfigurationAsync(1348)) - s7@group-4CF2EC507520: receive setConfiguration SetConfigurationRequest:client-9E894F3AA110->s7@group-4CF2EC507520, cid=2065, seq=null, RW, null, SET_UNCONDITIONALLY, servers:[s11, s10, s7, s13, s8, s12, s9, s0, s1], listeners:[]
2024-12-25 19:06:41,736 INFO  server.RaftServer$Division (RaftServerImpl.java:setConfigurationAsync(1348)) - s9@group-4CF2EC507520: receive setConfiguration SetConfigurationRequest:client-9E894F3AA110->s9@group-4CF2EC507520, cid=2065, seq=null, RW, null, SET_UNCONDITIONALLY, servers:[s11, s10, s7, s13, s8, s12, s9, s0, s1], listeners:[]
2024-12-25 19:06:41,837 INFO  server.RaftServer$Division (RaftServerImpl.java:setConfigurationAsync(1348)) - s7@group-4CF2EC507520: receive setConfiguration SetConfigurationRequest:client-9E894F3AA110->s7@group-4CF2EC507520, cid=2065, seq=null, RW, null, SET_UNCONDITIONALLY, servers:[s11, s10, s7, s13, s8, s12, s9, s0, s1], listeners:[]
2024-12-25 19:06:41,937 INFO  server.RaftServer$Division (RaftServerImpl.java:setConfigurationAsync(1348)) - s1@group-4CF2EC507520: receive setConfiguration SetConfigurationRequest:client-9E894F3AA110->s1@group-4CF2EC507520, cid=2065, seq=null, RW, null, SET_UNCONDITIONALLY, servers:[s11, s10, s7, s13, s8, s12, s9, s0, s1], listeners:[]
2024-12-25 19:06:42,037 INFO  server.RaftServer$Division (RaftServerImpl.java:setConfigurationAsync(1348)) - s8@group-4CF2EC507520: receive setConfiguration SetConfigurationRequest:client-9E894F3AA110->s8@group-4CF2EC507520, cid=2065, seq=null, RW, null, SET_UNCONDITIONALLY, servers:[s11, s10, s7, s13, s8, s12, s9, s0, s1], listeners:[]
2024-12-25 19:06:42,138 INFO  server.RaftServer$Division (RaftServerImpl.java:setConfigurationAsync(1348)) - s7@group-4CF2EC507520: receive setConfiguration SetConfigurationRequest:client-9E894F3AA110->s7@group-4CF2EC507520, cid=2065, seq=null, RW, null, SET_UNCONDITIONALLY, servers:[s11, s10, s7, s13, s8, s12, s9, s0, s1], listeners:[]
2024-12-25 19:06:42,238 INFO  server.RaftServer$Division (RaftServerImpl.java:setConfigurationAsync(1348)) - s8@group-4CF2EC507520: receive setConfiguration SetConfigurationRequest:client-9E894F3AA110->s8@group-4CF2EC507520, cid=2065, seq=null, RW, null, SET_UNCONDITIONALLY, servers:[s11, s10, s7, s13, s8, s12, s9, s0, s1], listeners:[]
2024-12-25 19:06:42,338 INFO  server.RaftServer$Division (RaftServerImpl.java:setConfigurationAsync(1348)) - s7@group-4CF2EC507520: receive setConfiguration SetConfigurationRequest:client-9E894F3AA110->s7@group-4CF2EC507520, cid=2065, seq=null, RW, null, SET_UNCONDITIONALLY, servers:[s11, s10, s7, s13, s8, s12, s9, s0, s1], listeners:[]
2024-12-25 19:06:42,439 INFO  server.RaftServer$Division (RaftServerImpl.java:setConfigurationAsync(1348)) - s9@group-4CF2EC507520: receive setConfiguration SetConfigurationRequest:client-9E894F3AA110->s9@group-4CF2EC507520, cid=2065, seq=null, RW, null, SET_UNCONDITIONALLY, servers:[s11, s10, s7, s13, s8, s12, s9, s0, s1], listeners:[]
2024-12-25 19:06:42,539 INFO  server.RaftServer$Division (RaftServerImpl.java:setConfigurationAsync(1348)) - s7@group-4CF2EC507520: receive setConfiguration SetConfigurationRequest:client-9E894F3AA110->s7@group-4CF2EC507520, cid=2065, seq=null, RW, null, SET_UNCONDITIONALLY, servers:[s11, s10, s7, s13, s8, s12, s9, s0, s1], listeners:[]
2024-12-25 19:06:42,639 INFO  server.RaftServer$Division (RaftServerImpl.java:setConfigurationAsync(1348)) - s8@group-4CF2EC507520: receive setConfiguration SetConfigurationRequest:client-9E894F3AA110->s8@group-4CF2EC507520, cid=2065, seq=null, RW, null, SET_UNCONDITIONALLY, servers:[s11, s10, s7, s13, s8, s12, s9, s0, s1], listeners:[]
2024-12-25 19:06:42,740 INFO  server.RaftServer$Division (RaftServerImpl.java:setConfigurationAsync(1348)) - s7@group-4CF2EC507520: receive setConfiguration SetConfigurationRequest:client-9E894F3AA110->s7@group-4CF2EC507520, cid=2065, seq=null, RW, null, SET_UNCONDITIONALLY, servers:[s11, s10, s7, s13, s8, s12, s9, s0, s1], listeners:[]
2024-12-25 19:06:42,840 INFO  server.RaftServer$Division (RaftServerImpl.java:setConfigurationAsync(1348)) - s9@group-4CF2EC507520: receive setConfiguration SetConfigurationRequest:client-9E894F3AA110->s9@group-4CF2EC507520, cid=2065, seq=null, RW, null, SET_UNCONDITIONALLY, servers:[s11, s10, s7, s13, s8, s12, s9, s0, s1], listeners:[]
2024-12-25 19:06:42,940 INFO  server.RaftServer$Division (RaftServerImpl.java:setConfigurationAsync(1348)) - s7@group-4CF2EC507520: receive setConfiguration SetConfigurationRequest:client-9E894F3AA110->s7@group-4CF2EC507520, cid=2065, seq=null, RW, null, SET_UNCONDITIONALLY, servers:[s11, s10, s7, s13, s8, s12, s9, s0, s1], listeners:[]
2024-12-25 19:06:43,041 INFO  server.RaftServer$Division (RaftServerImpl.java:setConfigurationAsync(1348)) - s0@group-4CF2EC507520: receive setConfiguration SetConfigurationRequest:client-9E894F3AA110->s0@group-4CF2EC507520, cid=2065, seq=null, RW, null, SET_UNCONDITIONALLY, servers:[s11, s10, s7, s13, s8, s12, s9, s0, s1], listeners:[]
2024-12-25 19:06:43,141 INFO  server.RaftServer$Division (RaftServerImpl.java:setConfigurationAsync(1348)) - s9@group-4CF2EC507520: receive setConfiguration SetConfigurationRequest:client-9E894F3AA110->s9@group-4CF2EC507520, cid=2065, seq=null, RW, null, SET_UNCONDITIONALLY, servers:[s11, s10, s7, s13, s8, s12, s9, s0, s1], listeners:[]
2024-12-25 19:06:43,241 INFO  server.RaftServer$Division (RaftServerImpl.java:setConfigurationAsync(1348)) - s7@group-4CF2EC507520: receive setConfiguration SetConfigurationRequest:client-9E894F3AA110->s7@group-4CF2EC507520, cid=2065, seq=null, RW, null, SET_UNCONDITIONALLY, servers:[s11, s10, s7, s13, s8, s12, s9, s0, s1], listeners:[]
2024-12-25 19:06:43,342 INFO  server.RaftServer$Division (RaftServerImpl.java:setConfigurationAsync(1348)) - s9@group-4CF2EC507520: receive setConfiguration SetConfigurationRequest:client-9E894F3AA110->s9@group-4CF2EC507520, cid=2065, seq=null, RW, null, SET_UNCONDITIONALLY, servers:[s11, s10, s7, s13, s8, s12, s9, s0, s1], listeners:[]
2024-12-25 19:06:43,442 INFO  server.RaftServer$Division (RaftServerImpl.java:setConfigurationAsync(1348)) - s7@group-4CF2EC507520: receive setConfiguration SetConfigurationRequest:client-9E894F3AA110->s7@group-4CF2EC507520, cid=2065, seq=null, RW, null, SET_UNCONDITIONALLY, servers:[s11, s10, s7, s13, s8, s12, s9, s0, s1], listeners:[]
2024-12-25 19:06:43,542 INFO  server.RaftServer$Division (RaftServerImpl.java:setConfigurationAsync(1348)) - s9@group-4CF2EC507520: receive setConfiguration SetConfigurationRequest:client-9E894F3AA110->s9@group-4CF2EC507520, cid=2065, seq=null, RW, null, SET_UNCONDITIONALLY, servers:[s11, s10, s7, s13, s8, s12, s9, s0, s1], listeners:[]
2024-12-25 19:06:43,643 INFO  server.RaftServer$Division (RaftServerImpl.java:setConfigurationAsync(1348)) - s7@group-4CF2EC507520: receive setConfiguration SetConfigurationRequest:client-9E894F3AA110->s7@group-4CF2EC507520, cid=2065, seq=null, RW, null, SET_UNCONDITIONALLY, servers:[s11, s10, s7, s13, s8, s12, s9, s0, s1], listeners:[]
2024-12-25 19:06:43,743 INFO  server.RaftServer$Division (RaftServerImpl.java:setConfigurationAsync(1348)) - s1@group-4CF2EC507520: receive setConfiguration SetConfigurationRequest:client-9E894F3AA110->s1@group-4CF2EC507520, cid=2065, seq=null, RW, null, SET_UNCONDITIONALLY, servers:[s11, s10, s7, s13, s8, s12, s9, s0, s1], listeners:[]
2024-12-25 19:06:43,844 INFO  server.RaftServer$Division (RaftServerImpl.java:setConfigurationAsync(1348)) - s7@group-4CF2EC507520: receive setConfiguration SetConfigurationRequest:client-9E894F3AA110->s7@group-4CF2EC507520, cid=2065, seq=null, RW, null, SET_UNCONDITIONALLY, servers:[s11, s10, s7, s13, s8, s12, s9, s0, s1], listeners:[]
2024-12-25 19:06:43,944 INFO  server.RaftServer$Division (RaftServerImpl.java:setConfigurationAsync(1348)) - s9@group-4CF2EC507520: receive setConfiguration SetConfigurationRequest:client-9E894F3AA110->s9@group-4CF2EC507520, cid=2065, seq=null, RW, null, SET_UNCONDITIONALLY, servers:[s11, s10, s7, s13, s8, s12, s9, s0, s1], listeners:[]
2024-12-25 19:06:44,044 INFO  server.RaftServer$Division (RaftServerImpl.java:setConfigurationAsync(1348)) - s7@group-4CF2EC507520: receive setConfiguration SetConfigurationRequest:client-9E894F3AA110->s7@group-4CF2EC507520, cid=2065, seq=null, RW, null, SET_UNCONDITIONALLY, servers:[s11, s10, s7, s13, s8, s12, s9, s0, s1], listeners:[]
2024-12-25 19:06:44,145 INFO  server.RaftServer$Division (RaftServerImpl.java:setConfigurationAsync(1348)) - s0@group-4CF2EC507520: receive setConfiguration SetConfigurationRequest:client-9E894F3AA110->s0@group-4CF2EC507520, cid=2065, seq=null, RW, null, SET_UNCONDITIONALLY, servers:[s11, s10, s7, s13, s8, s12, s9, s0, s1], listeners:[]
2024-12-25 19:06:44,245 INFO  server.RaftServer$Division (RaftServerImpl.java:setConfigurationAsync(1348)) - s7@group-4CF2EC507520: receive setConfiguration SetConfigurationRequest:client-9E894F3AA110->s7@group-4CF2EC507520, cid=2065, seq=null, RW, null, SET_UNCONDITIONALLY, servers:[s11, s10, s7, s13, s8, s12, s9, s0, s1], listeners:[]
2024-12-25 19:06:44,345 INFO  server.RaftServer$Division (RaftServerImpl.java:setConfigurationAsync(1348)) - s0@group-4CF2EC507520: receive setConfiguration SetConfigurationRequest:client-9E894F3AA110->s0@group-4CF2EC507520, cid=2065, seq=null, RW, null, SET_UNCONDITIONALLY, servers:[s11, s10, s7, s13, s8, s12, s9, s0, s1], listeners:[]
2024-12-25 19:06:44,445 INFO  server.RaftServer$Division (RaftServerImpl.java:setConfigurationAsync(1348)) - s1@group-4CF2EC507520: receive setConfiguration SetConfigurationRequest:client-9E894F3AA110->s1@group-4CF2EC507520, cid=2065, seq=null, RW, null, SET_UNCONDITIONALLY, servers:[s11, s10, s7, s13, s8, s12, s9, s0, s1], listeners:[]
2024-12-25 19:06:44,546 INFO  server.RaftServer$Division (RaftServerImpl.java:setConfigurationAsync(1348)) - s0@group-4CF2EC507520: receive setConfiguration SetConfigurationRequest:client-9E894F3AA110->s0@group-4CF2EC507520, cid=2065, seq=null, RW, null, SET_UNCONDITIONALLY, servers:[s11, s10, s7, s13, s8, s12, s9, s0, s1], listeners:[]
2024-12-25 19:06:44,646 INFO  server.RaftServer$Division (RaftServerImpl.java:setConfigurationAsync(1348)) - s1@group-4CF2EC507520: receive setConfiguration SetConfigurationRequest:client-9E894F3AA110->s1@group-4CF2EC507520, cid=2065, seq=null, RW, null, SET_UNCONDITIONALLY, servers:[s11, s10, s7, s13, s8, s12, s9, s0, s1], listeners:[]
2024-12-25 19:06:44,746 INFO  server.RaftServer$Division (RaftServerImpl.java:setConfigurationAsync(1348)) - s7@group-4CF2EC507520: receive setConfiguration SetConfigurationRequest:client-9E894F3AA110->s7@group-4CF2EC507520, cid=2065, seq=null, RW, null, SET_UNCONDITIONALLY, servers:[s11, s10, s7, s13, s8, s12, s9, s0, s1], listeners:[]
2024-12-25 19:06:44,847 INFO  server.RaftServer$Division (RaftServerImpl.java:setConfigurationAsync(1348)) - s1@group-4CF2EC507520: receive setConfiguration SetConfigurationRequest:client-9E894F3AA110->s1@group-4CF2EC507520, cid=2065, seq=null, RW, null, SET_UNCONDITIONALLY, servers:[s11, s10, s7, s13, s8, s12, s9, s0, s1], listeners:[]
2024-12-25 19:06:44,947 INFO  server.RaftServer$Division (RaftServerImpl.java:setConfigurationAsync(1348)) - s7@group-4CF2EC507520: receive setConfiguration SetConfigurationRequest:client-9E894F3AA110->s7@group-4CF2EC507520, cid=2065, seq=null, RW, null, SET_UNCONDITIONALLY, servers:[s11, s10, s7, s13, s8, s12, s9, s0, s1], listeners:[]
2024-12-25 19:06:45,047 INFO  server.RaftServer$Division (RaftServerImpl.java:setConfigurationAsync(1348)) - s9@group-4CF2EC507520: receive setConfiguration SetConfigurationRequest:client-9E894F3AA110->s9@group-4CF2EC507520, cid=2065, seq=null, RW, null, SET_UNCONDITIONALLY, servers:[s11, s10, s7, s13, s8, s12, s9, s0, s1], listeners:[]
2024-12-25 19:06:45,148 INFO  server.RaftServer$Division (RaftServerImpl.java:setConfigurationAsync(1348)) - s7@group-4CF2EC507520: receive setConfiguration SetConfigurationRequest:client-9E894F3AA110->s7@group-4CF2EC507520, cid=2065, seq=null, RW, null, SET_UNCONDITIONALLY, servers:[s11, s10, s7, s13, s8, s12, s9, s0, s1], listeners:[]
2024-12-25 19:06:45,248 INFO  server.RaftServer$Division (RaftServerImpl.java:setConfigurationAsync(1348)) - s0@group-4CF2EC507520: receive setConfiguration SetConfigurationRequest:client-9E894F3AA110->s0@group-4CF2EC507520, cid=2065, seq=null, RW, null, SET_UNCONDITIONALLY, servers:[s11, s10, s7, s13, s8, s12, s9, s0, s1], listeners:[]
2024-12-25 19:06:45,348 INFO  server.RaftServer$Division (RaftServerImpl.java:setConfigurationAsync(1348)) - s7@group-4CF2EC507520: receive setConfiguration SetConfigurationRequest:client-9E894F3AA110->s7@group-4CF2EC507520, cid=2065, seq=null, RW, null, SET_UNCONDITIONALLY, servers:[s11, s10, s7, s13, s8, s12, s9, s0, s1], listeners:[]
2024-12-25 19:06:45,448 INFO  server.RaftServer$Division (RaftServerImpl.java:setConfigurationAsync(1348)) - s9@group-4CF2EC507520: receive setConfiguration SetConfigurationRequest:client-9E894F3AA110->s9@group-4CF2EC507520, cid=2065, seq=null, RW, null, SET_UNCONDITIONALLY, servers:[s11, s10, s7, s13, s8, s12, s9, s0, s1], listeners:[]
2024-12-25 19:06:45,549 INFO  server.RaftServer$Division (RaftServerImpl.java:setConfigurationAsync(1348)) - s7@group-4CF2EC507520: receive setConfiguration SetConfigurationRequest:client-9E894F3AA110->s7@group-4CF2EC507520, cid=2065, seq=null, RW, null, SET_UNCONDITIONALLY, servers:[s11, s10, s7, s13, s8, s12, s9, s0, s1], listeners:[]
2024-12-25 19:06:45,649 INFO  server.RaftServer$Division (RaftServerImpl.java:setConfigurationAsync(1348)) - s9@group-4CF2EC507520: receive setConfiguration SetConfigurationRequest:client-9E894F3AA110->s9@group-4CF2EC507520, cid=2065, seq=null, RW, null, SET_UNCONDITIONALLY, servers:[s11, s10, s7, s13, s8, s12, s9, s0, s1], listeners:[]
2024-12-25 19:06:45,749 INFO  server.RaftServer$Division (RaftServerImpl.java:setConfigurationAsync(1348)) - s7@group-4CF2EC507520: receive setConfiguration SetConfigurationRequest:client-9E894F3AA110->s7@group-4CF2EC507520, cid=2065, seq=null, RW, null, SET_UNCONDITIONALLY, servers:[s11, s10, s7, s13, s8, s12, s9, s0, s1], listeners:[]
2024-12-25 19:06:45,850 INFO  server.RaftServer$Division (RaftServerImpl.java:setConfigurationAsync(1348)) - s9@group-4CF2EC507520: receive setConfiguration SetConfigurationRequest:client-9E894F3AA110->s9@group-4CF2EC507520, cid=2065, seq=null, RW, null, SET_UNCONDITIONALLY, servers:[s11, s10, s7, s13, s8, s12, s9, s0, s1], listeners:[]
2024-12-25 19:06:45,950 INFO  server.RaftServer$Division (RaftServerImpl.java:setConfigurationAsync(1348)) - s7@group-4CF2EC507520: receive setConfiguration SetConfigurationRequest:client-9E894F3AA110->s7@group-4CF2EC507520, cid=2065, seq=null, RW, null, SET_UNCONDITIONALLY, servers:[s11, s10, s7, s13, s8, s12, s9, s0, s1], listeners:[]
2024-12-25 19:06:46,050 INFO  server.RaftServer$Division (RaftServerImpl.java:setConfigurationAsync(1348)) - s9@group-4CF2EC507520: receive setConfiguration SetConfigurationRequest:client-9E894F3AA110->s9@group-4CF2EC507520, cid=2065, seq=null, RW, null, SET_UNCONDITIONALLY, servers:[s11, s10, s7, s13, s8, s12, s9, s0, s1], listeners:[]
2024-12-25 19:06:46,151 INFO  server.RaftServer$Division (RaftServerImpl.java:setConfigurationAsync(1348)) - s7@group-4CF2EC507520: receive setConfiguration SetConfigurationRequest:client-9E894F3AA110->s7@group-4CF2EC507520, cid=2065, seq=null, RW, null, SET_UNCONDITIONALLY, servers:[s11, s10, s7, s13, s8, s12, s9, s0, s1], listeners:[]
2024-12-25 19:06:46,251 INFO  server.RaftServer$Division (RaftServerImpl.java:setConfigurationAsync(1348)) - s9@group-4CF2EC507520: receive setConfiguration SetConfigurationRequest:client-9E894F3AA110->s9@group-4CF2EC507520, cid=2065, seq=null, RW, null, SET_UNCONDITIONALLY, servers:[s11, s10, s7, s13, s8, s12, s9, s0, s1], listeners:[]
2024-12-25 19:06:46,351 INFO  server.RaftServer$Division (RaftServerImpl.java:setConfigurationAsync(1348)) - s7@group-4CF2EC507520: receive setConfiguration SetConfigurationRequest:client-9E894F3AA110->s7@group-4CF2EC507520, cid=2065, seq=null, RW, null, SET_UNCONDITIONALLY, servers:[s11, s10, s7, s13, s8, s12, s9, s0, s1], listeners:[]
2024-12-25 19:06:46,452 INFO  server.RaftServer$Division (RaftServerImpl.java:setConfigurationAsync(1348)) - s9@group-4CF2EC507520: receive setConfiguration SetConfigurationRequest:client-9E894F3AA110->s9@group-4CF2EC507520, cid=2065, seq=null, RW, null, SET_UNCONDITIONALLY, servers:[s11, s10, s7, s13, s8, s12, s9, s0, s1], listeners:[]
2024-12-25 19:06:46,552 INFO  server.RaftServer$Division (RaftServerImpl.java:setConfigurationAsync(1348)) - s7@group-4CF2EC507520: receive setConfiguration SetConfigurationRequest:client-9E894F3AA110->s7@group-4CF2EC507520, cid=2065, seq=null, RW, null, SET_UNCONDITIONALLY, servers:[s11, s10, s7, s13, s8, s12, s9, s0, s1], listeners:[]
2024-12-25 19:06:46,652 INFO  server.RaftServer$Division (RaftServerImpl.java:setConfigurationAsync(1348)) - s1@group-4CF2EC507520: receive setConfiguration SetConfigurationRequest:client-9E894F3AA110->s1@group-4CF2EC507520, cid=2065, seq=null, RW, null, SET_UNCONDITIONALLY, servers:[s11, s10, s7, s13, s8, s12, s9, s0, s1], listeners:[]
2024-12-25 19:06:46,753 INFO  server.RaftServer$Division (RaftServerImpl.java:setConfigurationAsync(1348)) - s8@group-4CF2EC507520: receive setConfiguration SetConfigurationRequest:client-9E894F3AA110->s8@group-4CF2EC507520, cid=2065, seq=null, RW, null, SET_UNCONDITIONALLY, servers:[s11, s10, s7, s13, s8, s12, s9, s0, s1], listeners:[]
2024-12-25 19:06:46,853 INFO  server.RaftServer$Division (RaftServerImpl.java:setConfigurationAsync(1348)) - s7@group-4CF2EC507520: receive setConfiguration SetConfigurationRequest:client-9E894F3AA110->s7@group-4CF2EC507520, cid=2065, seq=null, RW, null, SET_UNCONDITIONALLY, servers:[s11, s10, s7, s13, s8, s12, s9, s0, s1], listeners:[]
2024-12-25 19:06:46,953 INFO  server.RaftServer$Division (RaftServerImpl.java:setConfigurationAsync(1348)) - s9@group-4CF2EC507520: receive setConfiguration SetConfigurationRequest:client-9E894F3AA110->s9@group-4CF2EC507520, cid=2065, seq=null, RW, null, SET_UNCONDITIONALLY, servers:[s11, s10, s7, s13, s8, s12, s9, s0, s1], listeners:[]
2024-12-25 19:06:47,053 INFO  server.RaftServer$Division (RaftServerImpl.java:setConfigurationAsync(1348)) - s7@group-4CF2EC507520: receive setConfiguration SetConfigurationRequest:client-9E894F3AA110->s7@group-4CF2EC507520, cid=2065, seq=null, RW, null, SET_UNCONDITIONALLY, servers:[s11, s10, s7, s13, s8, s12, s9, s0, s1], listeners:[]
2024-12-25 19:06:47,057 INFO  impl.MiniRaftCluster (MiniRaftCluster.java:lambda$null$7(362)) - TIMED-PRINT: printing ALL groups
  s3:  RUNNING [
   FOLLOWER s3@group-4CF2EC507520:t0, leader=null, voted=, raftlog=Memoized:s3@group-4CF2EC507520-SegmentedRaftLog:OPENED:c-1:lastnull, conf=conf: {index: -1, cur=peers:[]|listeners:[], old=null} STARTING
   FOLLOWER s3@group-6AB839334A82:t0, leader=null, voted=, raftlog=Memoized:s3@group-6AB839334A82-SegmentedRaftLog:OPENED:c-1:lastnull, conf=conf: {index: -1, cur=peers:[]|listeners:[], old=null} STARTING] size=2
  s4:  RUNNING [
   FOLLOWER s4@group-4CF2EC507520:t0, leader=null, voted=, raftlog=Memoized:s4@group-4CF2EC507520-SegmentedRaftLog:OPENED:c-1:lastnull, conf=conf: {index: -1, cur=peers:[]|listeners:[], old=null} STARTING
   FOLLOWER s4@group-6AB839334A82:t0, leader=null, voted=, raftlog=Memoized:s4@group-6AB839334A82-SegmentedRaftLog:OPENED:c-1:lastnull, conf=conf: {index: -1, cur=peers:[]|listeners:[], old=null} STARTING] size=2
  s5:  RUNNING [
   FOLLOWER s5@group-4CF2EC507520:t0, leader=null, voted=, raftlog=Memoized:s5@group-4CF2EC507520-SegmentedRaftLog:OPENED:c-1:lastnull, conf=conf: {index: -1, cur=peers:[]|listeners:[], old=null} STARTING
   FOLLOWER s5@group-6AB839334A82:t0, leader=null, voted=, raftlog=Memoized:s5@group-6AB839334A82-SegmentedRaftLog:OPENED:c-1:lastnull, conf=conf: {index: -1, cur=peers:[]|listeners:[], old=null} STARTING] size=2
  s6:  RUNNING [
   FOLLOWER s6@group-4CF2EC507520:t0, leader=null, voted=, raftlog=Memoized:s6@group-4CF2EC507520-SegmentedRaftLog:OPENED:c-1:lastnull, conf=conf: {index: -1, cur=peers:[]|listeners:[], old=null} STARTING
   FOLLOWER s6@group-6AB839334A82:t0, leader=null, voted=, raftlog=Memoized:s6@group-6AB839334A82-SegmentedRaftLog:OPENED:c-1:lastnull, conf=conf: {index: -1, cur=peers:[]|listeners:[], old=null} STARTING] size=2
  s7:  RUNNING [
     LEADER s7@group-4CF2EC507520:t1, leader=s7, voted=s7, raftlog=Memoized:s7@group-4CF2EC507520-SegmentedRaftLog:OPENED:c123:last(t:1, i:124), conf=conf: {index: 123, cur=peers:[s7, s8, s9, s0, s1]|listeners:[], old=null} RUNNING
   FOLLOWER s7@group-6AB839334A82:t0, leader=null, voted=, raftlog=Memoized:s7@group-6AB839334A82-SegmentedRaftLog:OPENED:c-1:lastnull, conf=conf: {index: -1, cur=peers:[]|listeners:[], old=null} STARTING] size=2
  s8:  RUNNING [
   FOLLOWER s8@group-4CF2EC507520:t1, leader=s7, voted=s7, raftlog=Memoized:s8@group-4CF2EC507520-SegmentedRaftLog:OPENED:c123:last(t:1, i:124), conf=conf: {index: 123, cur=peers:[s7|, s8|, s9|, s0|, s1|]|listeners:[], old=null} RUNNING
   FOLLOWER s8@group-6AB839334A82:t0, leader=null, voted=, raftlog=Memoized:s8@group-6AB839334A82-SegmentedRaftLog:OPENED:c-1:lastnull, conf=conf: {index: -1, cur=peers:[]|listeners:[], old=null} STARTING] size=2
  s9:  RUNNING [
   FOLLOWER s9@group-4CF2EC507520:t1, leader=s7, voted=s7, raftlog=Memoized:s9@group-4CF2EC507520-SegmentedRaftLog:OPENED:c123:last(t:1, i:124), conf=conf: {index: 123, cur=peers:[s7|, s8|, s9|, s0|, s1|]|listeners:[], old=null} RUNNING
   FOLLOWER s9@group-6AB839334A82:t0, leader=null, voted=, raftlog=Memoized:s9@group-6AB839334A82-SegmentedRaftLog:OPENED:c-1:lastnull, conf=conf: {index: -1, cur=peers:[]|listeners:[], old=null} STARTING] size=2
  s11:  RUNNING [
   FOLLOWER s11@group-4CF2EC507520:t1, leader=s7, voted=null, raftlog=Memoized:s11@group-4CF2EC507520-SegmentedRaftLog:OPENED:c123:last(t:1, i:124), conf=conf: {index: 123, cur=peers:[s7|, s8|, s9|, s0|, s1|]|listeners:[], old=null} STARTING
   FOLLOWER s11@group-6AB839334A82:t0, leader=null, voted=, raftlog=Memoized:s11@group-6AB839334A82-SegmentedRaftLog:OPENED:c-1:lastnull, conf=conf: {index: -1, cur=peers:[]|listeners:[], old=null} STARTING] size=2
  s10:  RUNNING [
   FOLLOWER s10@group-4CF2EC507520:t1, leader=s7, voted=null, raftlog=Memoized:s10@group-4CF2EC507520-SegmentedRaftLog:OPENED:c123:last(t:1, i:124), conf=conf: {index: 123, cur=peers:[s7|, s8|, s9|, s0|, s1|]|listeners:[], old=null} STARTING
   FOLLOWER s10@group-6AB839334A82:t0, leader=null, voted=, raftlog=Memoized:s10@group-6AB839334A82-SegmentedRaftLog:OPENED:c-1:lastnull, conf=conf: {index: -1, cur=peers:[]|listeners:[], old=null} STARTING] size=2
  s13:  RUNNING [
   FOLLOWER s13@group-4CF2EC507520:t1, leader=s7, voted=null, raftlog=Memoized:s13@group-4CF2EC507520-SegmentedRaftLog:OPENED:c123:last(t:1, i:124), conf=conf: {index: 123, cur=peers:[s7|, s8|, s9|, s0|, s1|]|listeners:[], old=null} STARTING
   FOLLOWER s13@group-6AB839334A82:t0, leader=null, voted=, raftlog=Memoized:s13@group-6AB839334A82-SegmentedRaftLog:OPENED:c-1:lastnull, conf=conf: {index: -1, cur=peers:[]|listeners:[], old=null} STARTING] size=2
  s12:  RUNNING [
   FOLLOWER s12@group-4CF2EC507520:t1, leader=s7, voted=null, raftlog=Memoized:s12@group-4CF2EC507520-SegmentedRaftLog:OPENED:c123:last(t:1, i:124), conf=conf: {index: 123, cur=peers:[s7|, s8|, s9|, s0|, s1|]|listeners:[], old=null} STARTING
   FOLLOWER s12@group-6AB839334A82:t0, leader=null, voted=, raftlog=Memoized:s12@group-6AB839334A82-SegmentedRaftLog:OPENED:c-1:lastnull, conf=conf: {index: -1, cur=peers:[]|listeners:[], old=null} STARTING] size=2
  s14:  RUNNING [
   FOLLOWER s14@group-4CF2EC507520:t0, leader=null, voted=, raftlog=Memoized:s14@group-4CF2EC507520-SegmentedRaftLog:OPENED:c-1:lastnull, conf=conf: {index: -1, cur=peers:[]|listeners:[], old=null} STARTING
   FOLLOWER s14@group-6AB839334A82:t0, leader=null, voted=, raftlog=Memoized:s14@group-6AB839334A82-SegmentedRaftLog:OPENED:c-1:lastnull, conf=conf: {index: -1, cur=peers:[]|listeners:[], old=null} STARTING] size=2
  s0:  RUNNING [
   FOLLOWER s0@group-4CF2EC507520:t1, leader=s7, voted=null, raftlog=Memoized:s0@group-4CF2EC507520-SegmentedRaftLog:OPENED:c123:last(t:1, i:124), conf=conf: {index: 123, cur=peers:[s7|, s8|, s9|, s0|, s1|]|listeners:[], old=null} STARTING
   FOLLOWER s0@group-6AB839334A82:t0, leader=null, voted=, raftlog=Memoized:s0@group-6AB839334A82-SegmentedRaftLog:OPENED:c-1:lastnull, conf=conf: {index: -1, cur=peers:[]|listeners:[], old=null} STARTING] size=2
  s1:  RUNNING [
   FOLLOWER s1@group-4CF2EC507520:t1, leader=s7, voted=null, raftlog=Memoized:s1@group-4CF2EC507520-SegmentedRaftLog:OPENED:c123:last(t:1, i:124), conf=conf: {index: 123, cur=peers:[s7|, s8|, s9|, s0|, s1|]|listeners:[], old=null} STARTING
   FOLLOWER s1@group-6AB839334A82:t0, leader=null, voted=, raftlog=Memoized:s1@group-6AB839334A82-SegmentedRaftLog:OPENED:c-1:lastnull, conf=conf: {index: -1, cur=peers:[]|listeners:[], old=null} STARTING] size=2
  s2:  RUNNING [
   FOLLOWER s2@group-4CF2EC507520:t0, leader=null, voted=, raftlog=Memoized:s2@group-4CF2EC507520-SegmentedRaftLog:OPENED:c-1:lastnull, conf=conf: {index: -1, cur=peers:[]|listeners:[], old=null} STARTING
   FOLLOWER s2@group-6AB839334A82:t0, leader=null, voted=, raftlog=Memoized:s2@group-6AB839334A82-SegmentedRaftLog:OPENED:c-1:lastnull, conf=conf: {index: -1, cur=peers:[]|listeners:[], old=null} STARTING] size=2
2024-12-25 19:06:47,154 INFO  server.RaftServer$Division (RaftServerImpl.java:setConfigurationAsync(1348)) - s1@group-4CF2EC507520: receive setConfiguration SetConfigurationRequest:client-9E894F3AA110->s1@group-4CF2EC507520, cid=2065, seq=null, RW, null, SET_UNCONDITIONALLY, servers:[s11, s10, s7, s13, s8, s12, s9, s0, s1], listeners:[]
2024-12-25 19:06:47,254 INFO  server.RaftServer$Division (RaftServerImpl.java:setConfigurationAsync(1348)) - s7@group-4CF2EC507520: receive setConfiguration SetConfigurationRequest:client-9E894F3AA110->s7@group-4CF2EC507520, cid=2065, seq=null, RW, null, SET_UNCONDITIONALLY, servers:[s11, s10, s7, s13, s8, s12, s9, s0, s1], listeners:[]
2024-12-25 19:06:47,355 INFO  server.RaftServer$Division (RaftServerImpl.java:setConfigurationAsync(1348)) - s9@group-4CF2EC507520: receive setConfiguration SetConfigurationRequest:client-9E894F3AA110->s9@group-4CF2EC507520, cid=2065, seq=null, RW, null, SET_UNCONDITIONALLY, servers:[s11, s10, s7, s13, s8, s12, s9, s0, s1], listeners:[]
2024-12-25 19:06:47,455 INFO  server.RaftServer$Division (RaftServerImpl.java:setConfigurationAsync(1348)) - s7@group-4CF2EC507520: receive setConfiguration SetConfigurationRequest:client-9E894F3AA110->s7@group-4CF2EC507520, cid=2065, seq=null, RW, null, SET_UNCONDITIONALLY, servers:[s11, s10, s7, s13, s8, s12, s9, s0, s1], listeners:[]
2024-12-25 19:06:47,555 INFO  server.RaftServer$Division (RaftServerImpl.java:setConfigurationAsync(1348)) - s9@group-4CF2EC507520: receive setConfiguration SetConfigurationRequest:client-9E894F3AA110->s9@group-4CF2EC507520, cid=2065, seq=null, RW, null, SET_UNCONDITIONALLY, servers:[s11, s10, s7, s13, s8, s12, s9, s0, s1], listeners:[]
2024-12-25 19:06:47,656 INFO  server.RaftServer$Division (RaftServerImpl.java:setConfigurationAsync(1348)) - s7@group-4CF2EC507520: receive setConfiguration SetConfigurationRequest:client-9E894F3AA110->s7@group-4CF2EC507520, cid=2065, seq=null, RW, null, SET_UNCONDITIONALLY, servers:[s11, s10, s7, s13, s8, s12, s9, s0, s1], listeners:[]
2024-12-25 19:06:47,756 INFO  server.RaftServer$Division (RaftServerImpl.java:setConfigurationAsync(1348)) - s1@group-4CF2EC507520: receive setConfiguration SetConfigurationRequest:client-9E894F3AA110->s1@group-4CF2EC507520, cid=2065, seq=null, RW, null, SET_UNCONDITIONALLY, servers:[s11, s10, s7, s13, s8, s12, s9, s0, s1], listeners:[]
2024-12-25 19:06:47,856 INFO  server.RaftServer$Division (RaftServerImpl.java:setConfigurationAsync(1348)) - s9@group-4CF2EC507520: receive setConfiguration SetConfigurationRequest:client-9E894F3AA110->s9@group-4CF2EC507520, cid=2065, seq=null, RW, null, SET_UNCONDITIONALLY, servers:[s11, s10, s7, s13, s8, s12, s9, s0, s1], listeners:[]
2024-12-25 19:06:47,957 INFO  server.RaftServer$Division (RaftServerImpl.java:setConfigurationAsync(1348)) - s7@group-4CF2EC507520: receive setConfiguration SetConfigurationRequest:client-9E894F3AA110->s7@group-4CF2EC507520, cid=2065, seq=null, RW, null, SET_UNCONDITIONALLY, servers:[s11, s10, s7, s13, s8, s12, s9, s0, s1], listeners:[]
2024-12-25 19:06:48,057 INFO  server.RaftServer$Division (RaftServerImpl.java:setConfigurationAsync(1348)) - s9@group-4CF2EC507520: receive setConfiguration SetConfigurationRequest:client-9E894F3AA110->s9@group-4CF2EC507520, cid=2065, seq=null, RW, null, SET_UNCONDITIONALLY, servers:[s11, s10, s7, s13, s8, s12, s9, s0, s1], listeners:[]
2024-12-25 19:06:48,157 INFO  server.RaftServer$Division (RaftServerImpl.java:setConfigurationAsync(1348)) - s7@group-4CF2EC507520: receive setConfiguration SetConfigurationRequest:client-9E894F3AA110->s7@group-4CF2EC507520, cid=2065, seq=null, RW, null, SET_UNCONDITIONALLY, servers:[s11, s10, s7, s13, s8, s12, s9, s0, s1], listeners:[]
2024-12-25 19:06:48,258 INFO  server.RaftServer$Division (RaftServerImpl.java:setConfigurationAsync(1348)) - s9@group-4CF2EC507520: receive setConfiguration SetConfigurationRequest:client-9E894F3AA110->s9@group-4CF2EC507520, cid=2065, seq=null, RW, null, SET_UNCONDITIONALLY, servers:[s11, s10, s7, s13, s8, s12, s9, s0, s1], listeners:[]
2024-12-25 19:06:48,358 INFO  server.RaftServer$Division (RaftServerImpl.java:setConfigurationAsync(1348)) - s7@group-4CF2EC507520: receive setConfiguration SetConfigurationRequest:client-9E894F3AA110->s7@group-4CF2EC507520, cid=2065, seq=null, RW, null, SET_UNCONDITIONALLY, servers:[s11, s10, s7, s13, s8, s12, s9, s0, s1], listeners:[]
2024-12-25 19:06:48,458 INFO  server.RaftServer$Division (RaftServerImpl.java:setConfigurationAsync(1348)) - s1@group-4CF2EC507520: receive setConfiguration SetConfigurationRequest:client-9E894F3AA110->s1@group-4CF2EC507520, cid=2065, seq=null, RW, null, SET_UNCONDITIONALLY, servers:[s11, s10, s7, s13, s8, s12, s9, s0, s1], listeners:[]
2024-12-25 19:06:48,559 INFO  server.RaftServer$Division (RaftServerImpl.java:setConfigurationAsync(1348)) - s9@group-4CF2EC507520: receive setConfiguration SetConfigurationRequest:client-9E894F3AA110->s9@group-4CF2EC507520, cid=2065, seq=null, RW, null, SET_UNCONDITIONALLY, servers:[s11, s10, s7, s13, s8, s12, s9, s0, s1], listeners:[]
2024-12-25 19:06:48,659 INFO  server.RaftServer$Division (RaftServerImpl.java:setConfigurationAsync(1348)) - s7@group-4CF2EC507520: receive setConfiguration SetConfigurationRequest:client-9E894F3AA110->s7@group-4CF2EC507520, cid=2065, seq=null, RW, null, SET_UNCONDITIONALLY, servers:[s11, s10, s7, s13, s8, s12, s9, s0, s1], listeners:[]
2024-12-25 19:06:48,759 INFO  server.RaftServer$Division (RaftServerImpl.java:setConfigurationAsync(1348)) - s1@group-4CF2EC507520: receive setConfiguration SetConfigurationRequest:client-9E894F3AA110->s1@group-4CF2EC507520, cid=2065, seq=null, RW, null, SET_UNCONDITIONALLY, servers:[s11, s10, s7, s13, s8, s12, s9, s0, s1], listeners:[]
2024-12-25 19:06:48,860 INFO  server.RaftServer$Division (RaftServerImpl.java:setConfigurationAsync(1348)) - s0@group-4CF2EC507520: receive setConfiguration SetConfigurationRequest:client-9E894F3AA110->s0@group-4CF2EC507520, cid=2065, seq=null, RW, null, SET_UNCONDITIONALLY, servers:[s11, s10, s7, s13, s8, s12, s9, s0, s1], listeners:[]
2024-12-25 19:06:48,960 INFO  server.RaftServer$Division (RaftServerImpl.java:setConfigurationAsync(1348)) - s8@group-4CF2EC507520: receive setConfiguration SetConfigurationRequest:client-9E894F3AA110->s8@group-4CF2EC507520, cid=2065, seq=null, RW, null, SET_UNCONDITIONALLY, servers:[s11, s10, s7, s13, s8, s12, s9, s0, s1], listeners:[]
2024-12-25 19:06:49,060 INFO  server.RaftServer$Division (RaftServerImpl.java:setConfigurationAsync(1348)) - s7@group-4CF2EC507520: receive setConfiguration SetConfigurationRequest:client-9E894F3AA110->s7@group-4CF2EC507520, cid=2065, seq=null, RW, null, SET_UNCONDITIONALLY, servers:[s11, s10, s7, s13, s8, s12, s9, s0, s1], listeners:[]
2024-12-25 19:06:49,161 INFO  server.RaftServer$Division (RaftServerImpl.java:setConfigurationAsync(1348)) - s0@group-4CF2EC507520: receive setConfiguration SetConfigurationRequest:client-9E894F3AA110->s0@group-4CF2EC507520, cid=2065, seq=null, RW, null, SET_UNCONDITIONALLY, servers:[s11, s10, s7, s13, s8, s12, s9, s0, s1], listeners:[]
2024-12-25 19:06:49,261 INFO  server.RaftServer$Division (RaftServerImpl.java:setConfigurationAsync(1348)) - s7@group-4CF2EC507520: receive setConfiguration SetConfigurationRequest:client-9E894F3AA110->s7@group-4CF2EC507520, cid=2065, seq=null, RW, null, SET_UNCONDITIONALLY, servers:[s11, s10, s7, s13, s8, s12, s9, s0, s1], listeners:[]
2024-12-25 19:06:49,361 INFO  server.RaftServer$Division (RaftServerImpl.java:setConfigurationAsync(1348)) - s9@group-4CF2EC507520: receive setConfiguration SetConfigurationRequest:client-9E894F3AA110->s9@group-4CF2EC507520, cid=2065, seq=null, RW, null, SET_UNCONDITIONALLY, servers:[s11, s10, s7, s13, s8, s12, s9, s0, s1], listeners:[]
2024-12-25 19:06:49,462 INFO  server.RaftServer$Division (RaftServerImpl.java:setConfigurationAsync(1348)) - s7@group-4CF2EC507520: receive setConfiguration SetConfigurationRequest:client-9E894F3AA110->s7@group-4CF2EC507520, cid=2065, seq=null, RW, null, SET_UNCONDITIONALLY, servers:[s11, s10, s7, s13, s8, s12, s9, s0, s1], listeners:[]
2024-12-25 19:06:49,562 INFO  server.RaftServer$Division (RaftServerImpl.java:setConfigurationAsync(1348)) - s8@group-4CF2EC507520: receive setConfiguration SetConfigurationRequest:client-9E894F3AA110->s8@group-4CF2EC507520, cid=2065, seq=null, RW, null, SET_UNCONDITIONALLY, servers:[s11, s10, s7, s13, s8, s12, s9, s0, s1], listeners:[]
2024-12-25 19:06:49,662 INFO  server.RaftServer$Division (RaftServerImpl.java:setConfigurationAsync(1348)) - s7@group-4CF2EC507520: receive setConfiguration SetConfigurationRequest:client-9E894F3AA110->s7@group-4CF2EC507520, cid=2065, seq=null, RW, null, SET_UNCONDITIONALLY, servers:[s11, s10, s7, s13, s8, s12, s9, s0, s1], listeners:[]
2024-12-25 19:06:49,762 INFO  server.RaftServer$Division (RaftServerImpl.java:setConfigurationAsync(1348)) - s9@group-4CF2EC507520: receive setConfiguration SetConfigurationRequest:client-9E894F3AA110->s9@group-4CF2EC507520, cid=2065, seq=null, RW, null, SET_UNCONDITIONALLY, servers:[s11, s10, s7, s13, s8, s12, s9, s0, s1], listeners:[]
2024-12-25 19:06:49,863 INFO  server.RaftServer$Division (RaftServerImpl.java:setConfigurationAsync(1348)) - s7@group-4CF2EC507520: receive setConfiguration SetConfigurationRequest:client-9E894F3AA110->s7@group-4CF2EC507520, cid=2065, seq=null, RW, null, SET_UNCONDITIONALLY, servers:[s11, s10, s7, s13, s8, s12, s9, s0, s1], listeners:[]
2024-12-25 19:06:49,963 INFO  server.RaftServer$Division (RaftServerImpl.java:setConfigurationAsync(1348)) - s8@group-4CF2EC507520: receive setConfiguration SetConfigurationRequest:client-9E894F3AA110->s8@group-4CF2EC507520, cid=2065, seq=null, RW, null, SET_UNCONDITIONALLY, servers:[s11, s10, s7, s13, s8, s12, s9, s0, s1], listeners:[]
2024-12-25 19:06:50,063 INFO  server.RaftServer$Division (RaftServerImpl.java:setConfigurationAsync(1348)) - s7@group-4CF2EC507520: receive setConfiguration SetConfigurationRequest:client-9E894F3AA110->s7@group-4CF2EC507520, cid=2065, seq=null, RW, null, SET_UNCONDITIONALLY, servers:[s11, s10, s7, s13, s8, s12, s9, s0, s1], listeners:[]
2024-12-25 19:06:50,164 INFO  server.RaftServer$Division (RaftServerImpl.java:setConfigurationAsync(1348)) - s0@group-4CF2EC507520: receive setConfiguration SetConfigurationRequest:client-9E894F3AA110->s0@group-4CF2EC507520, cid=2065, seq=null, RW, null, SET_UNCONDITIONALLY, servers:[s11, s10, s7, s13, s8, s12, s9, s0, s1], listeners:[]
2024-12-25 19:06:50,264 INFO  server.RaftServer$Division (RaftServerImpl.java:setConfigurationAsync(1348)) - s8@group-4CF2EC507520: receive setConfiguration SetConfigurationRequest:client-9E894F3AA110->s8@group-4CF2EC507520, cid=2065, seq=null, RW, null, SET_UNCONDITIONALLY, servers:[s11, s10, s7, s13, s8, s12, s9, s0, s1], listeners:[]
2024-12-25 19:06:50,364 INFO  server.RaftServer$Division (RaftServerImpl.java:setConfigurationAsync(1348)) - s7@group-4CF2EC507520: receive setConfiguration SetConfigurationRequest:client-9E894F3AA110->s7@group-4CF2EC507520, cid=2065, seq=null, RW, null, SET_UNCONDITIONALLY, servers:[s11, s10, s7, s13, s8, s12, s9, s0, s1], listeners:[]
2024-12-25 19:06:50,465 INFO  server.RaftServer$Division (RaftServerImpl.java:setConfigurationAsync(1348)) - s8@group-4CF2EC507520: receive setConfiguration SetConfigurationRequest:client-9E894F3AA110->s8@group-4CF2EC507520, cid=2065, seq=null, RW, null, SET_UNCONDITIONALLY, servers:[s11, s10, s7, s13, s8, s12, s9, s0, s1], listeners:[]
2024-12-25 19:06:50,565 INFO  server.RaftServer$Division (RaftServerImpl.java:setConfigurationAsync(1348)) - s7@group-4CF2EC507520: receive setConfiguration SetConfigurationRequest:client-9E894F3AA110->s7@group-4CF2EC507520, cid=2065, seq=null, RW, null, SET_UNCONDITIONALLY, servers:[s11, s10, s7, s13, s8, s12, s9, s0, s1], listeners:[]
2024-12-25 19:06:50,665 INFO  server.RaftServer$Division (RaftServerImpl.java:setConfigurationAsync(1348)) - s9@group-4CF2EC507520: receive setConfiguration SetConfigurationRequest:client-9E894F3AA110->s9@group-4CF2EC507520, cid=2065, seq=null, RW, null, SET_UNCONDITIONALLY, servers:[s11, s10, s7, s13, s8, s12, s9, s0, s1], listeners:[]
2024-12-25 19:06:50,766 INFO  server.RaftServer$Division (RaftServerImpl.java:setConfigurationAsync(1348)) - s7@group-4CF2EC507520: receive setConfiguration SetConfigurationRequest:client-9E894F3AA110->s7@group-4CF2EC507520, cid=2065, seq=null, RW, null, SET_UNCONDITIONALLY, servers:[s11, s10, s7, s13, s8, s12, s9, s0, s1], listeners:[]
2024-12-25 19:06:50,866 INFO  server.RaftServer$Division (RaftServerImpl.java:setConfigurationAsync(1348)) - s0@group-4CF2EC507520: receive setConfiguration SetConfigurationRequest:client-9E894F3AA110->s0@group-4CF2EC507520, cid=2065, seq=null, RW, null, SET_UNCONDITIONALLY, servers:[s11, s10, s7, s13, s8, s12, s9, s0, s1], listeners:[]
2024-12-25 19:06:50,966 INFO  server.RaftServer$Division (RaftServerImpl.java:setConfigurationAsync(1348)) - s9@group-4CF2EC507520: receive setConfiguration SetConfigurationRequest:client-9E894F3AA110->s9@group-4CF2EC507520, cid=2065, seq=null, RW, null, SET_UNCONDITIONALLY, servers:[s11, s10, s7, s13, s8, s12, s9, s0, s1], listeners:[]
2024-12-25 19:06:51,067 INFO  server.RaftServer$Division (RaftServerImpl.java:setConfigurationAsync(1348)) - s7@group-4CF2EC507520: receive setConfiguration SetConfigurationRequest:client-9E894F3AA110->s7@group-4CF2EC507520, cid=2065, seq=null, RW, null, SET_UNCONDITIONALLY, servers:[s11, s10, s7, s13, s8, s12, s9, s0, s1], listeners:[]
2024-12-25 19:06:51,167 INFO  server.RaftServer$Division (RaftServerImpl.java:setConfigurationAsync(1348)) - s1@group-4CF2EC507520: receive setConfiguration SetConfigurationRequest:client-9E894F3AA110->s1@group-4CF2EC507520, cid=2065, seq=null, RW, null, SET_UNCONDITIONALLY, servers:[s11, s10, s7, s13, s8, s12, s9, s0, s1], listeners:[]
2024-12-25 19:06:51,267 INFO  server.RaftServer$Division (RaftServerImpl.java:setConfigurationAsync(1348)) - s7@group-4CF2EC507520: receive setConfiguration SetConfigurationRequest:client-9E894F3AA110->s7@group-4CF2EC507520, cid=2065, seq=null, RW, null, SET_UNCONDITIONALLY, servers:[s11, s10, s7, s13, s8, s12, s9, s0, s1], listeners:[]
2024-12-25 19:06:51,368 INFO  server.RaftServer$Division (RaftServerImpl.java:setConfigurationAsync(1348)) - s0@group-4CF2EC507520: receive setConfiguration SetConfigurationRequest:client-9E894F3AA110->s0@group-4CF2EC507520, cid=2065, seq=null, RW, null, SET_UNCONDITIONALLY, servers:[s11, s10, s7, s13, s8, s12, s9, s0, s1], listeners:[]
2024-12-25 19:06:51,468 INFO  server.RaftServer$Division (RaftServerImpl.java:setConfigurationAsync(1348)) - s8@group-4CF2EC507520: receive setConfiguration SetConfigurationRequest:client-9E894F3AA110->s8@group-4CF2EC507520, cid=2065, seq=null, RW, null, SET_UNCONDITIONALLY, servers:[s11, s10, s7, s13, s8, s12, s9, s0, s1], listeners:[]
2024-12-25 19:06:51,568 INFO  server.RaftServer$Division (RaftServerImpl.java:setConfigurationAsync(1348)) - s7@group-4CF2EC507520: receive setConfiguration SetConfigurationRequest:client-9E894F3AA110->s7@group-4CF2EC507520, cid=2065, seq=null, RW, null, SET_UNCONDITIONALLY, servers:[s11, s10, s7, s13, s8, s12, s9, s0, s1], listeners:[]
2024-12-25 19:06:51,668 INFO  server.RaftServer$Division (RaftServerImpl.java:setConfigurationAsync(1348)) - s0@group-4CF2EC507520: receive setConfiguration SetConfigurationRequest:client-9E894F3AA110->s0@group-4CF2EC507520, cid=2065, seq=null, RW, null, SET_UNCONDITIONALLY, servers:[s11, s10, s7, s13, s8, s12, s9, s0, s1], listeners:[]
2024-12-25 19:06:51,769 INFO  server.RaftServer$Division (RaftServerImpl.java:setConfigurationAsync(1348)) - s9@group-4CF2EC507520: receive setConfiguration SetConfigurationRequest:client-9E894F3AA110->s9@group-4CF2EC507520, cid=2065, seq=null, RW, null, SET_UNCONDITIONALLY, servers:[s11, s10, s7, s13, s8, s12, s9, s0, s1], listeners:[]
2024-12-25 19:06:51,869 INFO  server.RaftServer$Division (RaftServerImpl.java:setConfigurationAsync(1348)) - s7@group-4CF2EC507520: receive setConfiguration SetConfigurationRequest:client-9E894F3AA110->s7@group-4CF2EC507520, cid=2065, seq=null, RW, null, SET_UNCONDITIONALLY, servers:[s11, s10, s7, s13, s8, s12, s9, s0, s1], listeners:[]
2024-12-25 19:06:51,969 INFO  server.RaftServer$Division (RaftServerImpl.java:setConfigurationAsync(1348)) - s0@group-4CF2EC507520: receive setConfiguration SetConfigurationRequest:client-9E894F3AA110->s0@group-4CF2EC507520, cid=2065, seq=null, RW, null, SET_UNCONDITIONALLY, servers:[s11, s10, s7, s13, s8, s12, s9, s0, s1], listeners:[]
2024-12-25 19:06:52,070 INFO  server.RaftServer$Division (RaftServerImpl.java:setConfigurationAsync(1348)) - s9@group-4CF2EC507520: receive setConfiguration SetConfigurationRequest:client-9E894F3AA110->s9@group-4CF2EC507520, cid=2065, seq=null, RW, null, SET_UNCONDITIONALLY, servers:[s11, s10, s7, s13, s8, s12, s9, s0, s1], listeners:[]
2024-12-25 19:06:52,170 INFO  server.RaftServer$Division (RaftServerImpl.java:setConfigurationAsync(1348)) - s7@group-4CF2EC507520: receive setConfiguration SetConfigurationRequest:client-9E894F3AA110->s7@group-4CF2EC507520, cid=2065, seq=null, RW, null, SET_UNCONDITIONALLY, servers:[s11, s10, s7, s13, s8, s12, s9, s0, s1], listeners:[]
2024-12-25 19:06:52,270 INFO  server.RaftServer$Division (RaftServerImpl.java:setConfigurationAsync(1348)) - s8@group-4CF2EC507520: receive setConfiguration SetConfigurationRequest:client-9E894F3AA110->s8@group-4CF2EC507520, cid=2065, seq=null, RW, null, SET_UNCONDITIONALLY, servers:[s11, s10, s7, s13, s8, s12, s9, s0, s1], listeners:[]
2024-12-25 19:06:52,370 INFO  server.RaftServer$Division (RaftServerImpl.java:setConfigurationAsync(1348)) - s7@group-4CF2EC507520: receive setConfiguration SetConfigurationRequest:client-9E894F3AA110->s7@group-4CF2EC507520, cid=2065, seq=null, RW, null, SET_UNCONDITIONALLY, servers:[s11, s10, s7, s13, s8, s12, s9, s0, s1], listeners:[]
2024-12-25 19:06:52,471 INFO  server.RaftServer$Division (RaftServerImpl.java:setConfigurationAsync(1348)) - s9@group-4CF2EC507520: receive setConfiguration SetConfigurationRequest:client-9E894F3AA110->s9@group-4CF2EC507520, cid=2065, seq=null, RW, null, SET_UNCONDITIONALLY, servers:[s11, s10, s7, s13, s8, s12, s9, s0, s1], listeners:[]
2024-12-25 19:06:52,571 INFO  server.RaftServer$Division (RaftServerImpl.java:setConfigurationAsync(1348)) - s7@group-4CF2EC507520: receive setConfiguration SetConfigurationRequest:client-9E894F3AA110->s7@group-4CF2EC507520, cid=2065, seq=null, RW, null, SET_UNCONDITIONALLY, servers:[s11, s10, s7, s13, s8, s12, s9, s0, s1], listeners:[]
2024-12-25 19:06:52,671 INFO  server.RaftServer$Division (RaftServerImpl.java:setConfigurationAsync(1348)) - s1@group-4CF2EC507520: receive setConfiguration SetConfigurationRequest:client-9E894F3AA110->s1@group-4CF2EC507520, cid=2065, seq=null, RW, null, SET_UNCONDITIONALLY, servers:[s11, s10, s7, s13, s8, s12, s9, s0, s1], listeners:[]
2024-12-25 19:06:52,772 INFO  server.RaftServer$Division (RaftServerImpl.java:setConfigurationAsync(1348)) - s8@group-4CF2EC507520: receive setConfiguration SetConfigurationRequest:client-9E894F3AA110->s8@group-4CF2EC507520, cid=2065, seq=null, RW, null, SET_UNCONDITIONALLY, servers:[s11, s10, s7, s13, s8, s12, s9, s0, s1], listeners:[]
2024-12-25 19:06:52,872 INFO  server.RaftServer$Division (RaftServerImpl.java:setConfigurationAsync(1348)) - s7@group-4CF2EC507520: receive setConfiguration SetConfigurationRequest:client-9E894F3AA110->s7@group-4CF2EC507520, cid=2065, seq=null, RW, null, SET_UNCONDITIONALLY, servers:[s11, s10, s7, s13, s8, s12, s9, s0, s1], listeners:[]
2024-12-25 19:06:52,972 INFO  server.RaftServer$Division (RaftServerImpl.java:setConfigurationAsync(1348)) - s1@group-4CF2EC507520: receive setConfiguration SetConfigurationRequest:client-9E894F3AA110->s1@group-4CF2EC507520, cid=2065, seq=null, RW, null, SET_UNCONDITIONALLY, servers:[s11, s10, s7, s13, s8, s12, s9, s0, s1], listeners:[]
2024-12-25 19:06:53,073 INFO  server.RaftServer$Division (RaftServerImpl.java:setConfigurationAsync(1348)) - s7@group-4CF2EC507520: receive setConfiguration SetConfigurationRequest:client-9E894F3AA110->s7@group-4CF2EC507520, cid=2065, seq=null, RW, null, SET_UNCONDITIONALLY, servers:[s11, s10, s7, s13, s8, s12, s9, s0, s1], listeners:[]
2024-12-25 19:06:53,173 INFO  server.RaftServer$Division (RaftServerImpl.java:setConfigurationAsync(1348)) - s9@group-4CF2EC507520: receive setConfiguration SetConfigurationRequest:client-9E894F3AA110->s9@group-4CF2EC507520, cid=2065, seq=null, RW, null, SET_UNCONDITIONALLY, servers:[s11, s10, s7, s13, s8, s12, s9, s0, s1], listeners:[]
2024-12-25 19:06:53,273 INFO  server.RaftServer$Division (RaftServerImpl.java:setConfigurationAsync(1348)) - s7@group-4CF2EC507520: receive setConfiguration SetConfigurationRequest:client-9E894F3AA110->s7@group-4CF2EC507520, cid=2065, seq=null, RW, null, SET_UNCONDITIONALLY, servers:[s11, s10, s7, s13, s8, s12, s9, s0, s1], listeners:[]
2024-12-25 19:06:53,374 INFO  server.RaftServer$Division (RaftServerImpl.java:setConfigurationAsync(1348)) - s1@group-4CF2EC507520: receive setConfiguration SetConfigurationRequest:client-9E894F3AA110->s1@group-4CF2EC507520, cid=2065, seq=null, RW, null, SET_UNCONDITIONALLY, servers:[s11, s10, s7, s13, s8, s12, s9, s0, s1], listeners:[]
2024-12-25 19:06:53,474 INFO  server.RaftServer$Division (RaftServerImpl.java:setConfigurationAsync(1348)) - s9@group-4CF2EC507520: receive setConfiguration SetConfigurationRequest:client-9E894F3AA110->s9@group-4CF2EC507520, cid=2065, seq=null, RW, null, SET_UNCONDITIONALLY, servers:[s11, s10, s7, s13, s8, s12, s9, s0, s1], listeners:[]
2024-12-25 19:06:53,574 INFO  server.RaftServer$Division (RaftServerImpl.java:setConfigurationAsync(1348)) - s7@group-4CF2EC507520: receive setConfiguration SetConfigurationRequest:client-9E894F3AA110->s7@group-4CF2EC507520, cid=2065, seq=null, RW, null, SET_UNCONDITIONALLY, servers:[s11, s10, s7, s13, s8, s12, s9, s0, s1], listeners:[]
2024-12-25 19:06:53,675 INFO  server.RaftServer$Division (RaftServerImpl.java:setConfigurationAsync(1348)) - s8@group-4CF2EC507520: receive setConfiguration SetConfigurationRequest:client-9E894F3AA110->s8@group-4CF2EC507520, cid=2065, seq=null, RW, null, SET_UNCONDITIONALLY, servers:[s11, s10, s7, s13, s8, s12, s9, s0, s1], listeners:[]
2024-12-25 19:06:53,775 INFO  server.RaftServer$Division (RaftServerImpl.java:setConfigurationAsync(1348)) - s7@group-4CF2EC507520: receive setConfiguration SetConfigurationRequest:client-9E894F3AA110->s7@group-4CF2EC507520, cid=2065, seq=null, RW, null, SET_UNCONDITIONALLY, servers:[s11, s10, s7, s13, s8, s12, s9, s0, s1], listeners:[]
2024-12-25 19:06:53,875 INFO  server.RaftServer$Division (RaftServerImpl.java:setConfigurationAsync(1348)) - s1@group-4CF2EC507520: receive setConfiguration SetConfigurationRequest:client-9E894F3AA110->s1@group-4CF2EC507520, cid=2065, seq=null, RW, null, SET_UNCONDITIONALLY, servers:[s11, s10, s7, s13, s8, s12, s9, s0, s1], listeners:[]
2024-12-25 19:06:53,976 INFO  server.RaftServer$Division (RaftServerImpl.java:setConfigurationAsync(1348)) - s8@group-4CF2EC507520: receive setConfiguration SetConfigurationRequest:client-9E894F3AA110->s8@group-4CF2EC507520, cid=2065, seq=null, RW, null, SET_UNCONDITIONALLY, servers:[s11, s10, s7, s13, s8, s12, s9, s0, s1], listeners:[]
2024-12-25 19:06:54,076 INFO  server.RaftServer$Division (RaftServerImpl.java:setConfigurationAsync(1348)) - s7@group-4CF2EC507520: receive setConfiguration SetConfigurationRequest:client-9E894F3AA110->s7@group-4CF2EC507520, cid=2065, seq=null, RW, null, SET_UNCONDITIONALLY, servers:[s11, s10, s7, s13, s8, s12, s9, s0, s1], listeners:[]
2024-12-25 19:06:54,176 INFO  server.RaftServer$Division (RaftServerImpl.java:setConfigurationAsync(1348)) - s1@group-4CF2EC507520: receive setConfiguration SetConfigurationRequest:client-9E894F3AA110->s1@group-4CF2EC507520, cid=2065, seq=null, RW, null, SET_UNCONDITIONALLY, servers:[s11, s10, s7, s13, s8, s12, s9, s0, s1], listeners:[]
2024-12-25 19:06:54,276 INFO  server.RaftServer$Division (RaftServerImpl.java:setConfigurationAsync(1348)) - s9@group-4CF2EC507520: receive setConfiguration SetConfigurationRequest:client-9E894F3AA110->s9@group-4CF2EC507520, cid=2065, seq=null, RW, null, SET_UNCONDITIONALLY, servers:[s11, s10, s7, s13, s8, s12, s9, s0, s1], listeners:[]
2024-12-25 19:06:54,377 INFO  server.RaftServer$Division (RaftServerImpl.java:setConfigurationAsync(1348)) - s7@group-4CF2EC507520: receive setConfiguration SetConfigurationRequest:client-9E894F3AA110->s7@group-4CF2EC507520, cid=2065, seq=null, RW, null, SET_UNCONDITIONALLY, servers:[s11, s10, s7, s13, s8, s12, s9, s0, s1], listeners:[]
2024-12-25 19:06:54,477 INFO  server.RaftServer$Division (RaftServerImpl.java:setConfigurationAsync(1348)) - s0@group-4CF2EC507520: receive setConfiguration SetConfigurationRequest:client-9E894F3AA110->s0@group-4CF2EC507520, cid=2065, seq=null, RW, null, SET_UNCONDITIONALLY, servers:[s11, s10, s7, s13, s8, s12, s9, s0, s1], listeners:[]
2024-12-25 19:06:54,577 INFO  server.RaftServer$Division (RaftServerImpl.java:setConfigurationAsync(1348)) - s9@group-4CF2EC507520: receive setConfiguration SetConfigurationRequest:client-9E894F3AA110->s9@group-4CF2EC507520, cid=2065, seq=null, RW, null, SET_UNCONDITIONALLY, servers:[s11, s10, s7, s13, s8, s12, s9, s0, s1], listeners:[]
2024-12-25 19:06:54,678 INFO  server.RaftServer$Division (RaftServerImpl.java:setConfigurationAsync(1348)) - s7@group-4CF2EC507520: receive setConfiguration SetConfigurationRequest:client-9E894F3AA110->s7@group-4CF2EC507520, cid=2065, seq=null, RW, null, SET_UNCONDITIONALLY, servers:[s11, s10, s7, s13, s8, s12, s9, s0, s1], listeners:[]
2024-12-25 19:06:54,778 INFO  server.RaftServer$Division (RaftServerImpl.java:setConfigurationAsync(1348)) - s9@group-4CF2EC507520: receive setConfiguration SetConfigurationRequest:client-9E894F3AA110->s9@group-4CF2EC507520, cid=2065, seq=null, RW, null, SET_UNCONDITIONALLY, servers:[s11, s10, s7, s13, s8, s12, s9, s0, s1], listeners:[]
2024-12-25 19:06:54,878 INFO  server.RaftServer$Division (RaftServerImpl.java:setConfigurationAsync(1348)) - s7@group-4CF2EC507520: receive setConfiguration SetConfigurationRequest:client-9E894F3AA110->s7@group-4CF2EC507520, cid=2065, seq=null, RW, null, SET_UNCONDITIONALLY, servers:[s11, s10, s7, s13, s8, s12, s9, s0, s1], listeners:[]
2024-12-25 19:06:54,978 INFO  server.RaftServer$Division (RaftServerImpl.java:setConfigurationAsync(1348)) - s9@group-4CF2EC507520: receive setConfiguration SetConfigurationRequest:client-9E894F3AA110->s9@group-4CF2EC507520, cid=2065, seq=null, RW, null, SET_UNCONDITIONALLY, servers:[s11, s10, s7, s13, s8, s12, s9, s0, s1], listeners:[]
2024-12-25 19:06:55,079 INFO  server.RaftServer$Division (RaftServerImpl.java:setConfigurationAsync(1348)) - s7@group-4CF2EC507520: receive setConfiguration SetConfigurationRequest:client-9E894F3AA110->s7@group-4CF2EC507520, cid=2065, seq=null, RW, null, SET_UNCONDITIONALLY, servers:[s11, s10, s7, s13, s8, s12, s9, s0, s1], listeners:[]
2024-12-25 19:06:55,179 INFO  server.RaftServer$Division (RaftServerImpl.java:setConfigurationAsync(1348)) - s9@group-4CF2EC507520: receive setConfiguration SetConfigurationRequest:client-9E894F3AA110->s9@group-4CF2EC507520, cid=2065, seq=null, RW, null, SET_UNCONDITIONALLY, servers:[s11, s10, s7, s13, s8, s12, s9, s0, s1], listeners:[]
2024-12-25 19:06:55,279 INFO  server.RaftServer$Division (RaftServerImpl.java:setConfigurationAsync(1348)) - s7@group-4CF2EC507520: receive setConfiguration SetConfigurationRequest:client-9E894F3AA110->s7@group-4CF2EC507520, cid=2065, seq=null, RW, null, SET_UNCONDITIONALLY, servers:[s11, s10, s7, s13, s8, s12, s9, s0, s1], listeners:[]
2024-12-25 19:06:55,379 INFO  server.RaftServer$Division (RaftServerImpl.java:setConfigurationAsync(1348)) - s1@group-4CF2EC507520: receive setConfiguration SetConfigurationRequest:client-9E894F3AA110->s1@group-4CF2EC507520, cid=2065, seq=null, RW, null, SET_UNCONDITIONALLY, servers:[s11, s10, s7, s13, s8, s12, s9, s0, s1], listeners:[]
2024-12-25 19:06:55,480 INFO  server.RaftServer$Division (RaftServerImpl.java:setConfigurationAsync(1348)) - s9@group-4CF2EC507520: receive setConfiguration SetConfigurationRequest:client-9E894F3AA110->s9@group-4CF2EC507520, cid=2065, seq=null, RW, null, SET_UNCONDITIONALLY, servers:[s11, s10, s7, s13, s8, s12, s9, s0, s1], listeners:[]
2024-12-25 19:06:55,580 INFO  server.RaftServer$Division (RaftServerImpl.java:setConfigurationAsync(1348)) - s7@group-4CF2EC507520: receive setConfiguration SetConfigurationRequest:client-9E894F3AA110->s7@group-4CF2EC507520, cid=2065, seq=null, RW, null, SET_UNCONDITIONALLY, servers:[s11, s10, s7, s13, s8, s12, s9, s0, s1], listeners:[]
2024-12-25 19:06:55,680 INFO  server.RaftServer$Division (RaftServerImpl.java:setConfigurationAsync(1348)) - s1@group-4CF2EC507520: receive setConfiguration SetConfigurationRequest:client-9E894F3AA110->s1@group-4CF2EC507520, cid=2065, seq=null, RW, null, SET_UNCONDITIONALLY, servers:[s11, s10, s7, s13, s8, s12, s9, s0, s1], listeners:[]
2024-12-25 19:06:55,781 INFO  server.RaftServer$Division (RaftServerImpl.java:setConfigurationAsync(1348)) - s7@group-4CF2EC507520: receive setConfiguration SetConfigurationRequest:client-9E894F3AA110->s7@group-4CF2EC507520, cid=2065, seq=null, RW, null, SET_UNCONDITIONALLY, servers:[s11, s10, s7, s13, s8, s12, s9, s0, s1], listeners:[]
2024-12-25 19:06:55,881 INFO  server.RaftServer$Division (RaftServerImpl.java:setConfigurationAsync(1348)) - s0@group-4CF2EC507520: receive setConfiguration SetConfigurationRequest:client-9E894F3AA110->s0@group-4CF2EC507520, cid=2065, seq=null, RW, null, SET_UNCONDITIONALLY, servers:[s11, s10, s7, s13, s8, s12, s9, s0, s1], listeners:[]
2024-12-25 19:06:55,981 INFO  server.RaftServer$Division (RaftServerImpl.java:setConfigurationAsync(1348)) - s9@group-4CF2EC507520: receive setConfiguration SetConfigurationRequest:client-9E894F3AA110->s9@group-4CF2EC507520, cid=2065, seq=null, RW, null, SET_UNCONDITIONALLY, servers:[s11, s10, s7, s13, s8, s12, s9, s0, s1], listeners:[]
2024-12-25 19:06:56,082 INFO  server.RaftServer$Division (RaftServerImpl.java:setConfigurationAsync(1348)) - s7@group-4CF2EC507520: receive setConfiguration SetConfigurationRequest:client-9E894F3AA110->s7@group-4CF2EC507520, cid=2065, seq=null, RW, null, SET_UNCONDITIONALLY, servers:[s11, s10, s7, s13, s8, s12, s9, s0, s1], listeners:[]
2024-12-25 19:06:56,182 INFO  server.RaftServer$Division (RaftServerImpl.java:setConfigurationAsync(1348)) - s0@group-4CF2EC507520: receive setConfiguration SetConfigurationRequest:client-9E894F3AA110->s0@group-4CF2EC507520, cid=2065, seq=null, RW, null, SET_UNCONDITIONALLY, servers:[s11, s10, s7, s13, s8, s12, s9, s0, s1], listeners:[]
2024-12-25 19:06:56,282 INFO  server.RaftServer$Division (RaftServerImpl.java:setConfigurationAsync(1348)) - s8@group-4CF2EC507520: receive setConfiguration SetConfigurationRequest:client-9E894F3AA110->s8@group-4CF2EC507520, cid=2065, seq=null, RW, null, SET_UNCONDITIONALLY, servers:[s11, s10, s7, s13, s8, s12, s9, s0, s1], listeners:[]
2024-12-25 19:06:56,383 INFO  server.RaftServer$Division (RaftServerImpl.java:setConfigurationAsync(1348)) - s7@group-4CF2EC507520: receive setConfiguration SetConfigurationRequest:client-9E894F3AA110->s7@group-4CF2EC507520, cid=2065, seq=null, RW, null, SET_UNCONDITIONALLY, servers:[s11, s10, s7, s13, s8, s12, s9, s0, s1], listeners:[]
2024-12-25 19:06:56,483 INFO  server.RaftServer$Division (RaftServerImpl.java:setConfigurationAsync(1348)) - s1@group-4CF2EC507520: receive setConfiguration SetConfigurationRequest:client-9E894F3AA110->s1@group-4CF2EC507520, cid=2065, seq=null, RW, null, SET_UNCONDITIONALLY, servers:[s11, s10, s7, s13, s8, s12, s9, s0, s1], listeners:[]
2024-12-25 19:06:56,583 INFO  server.RaftServer$Division (RaftServerImpl.java:setConfigurationAsync(1348)) - s9@group-4CF2EC507520: receive setConfiguration SetConfigurationRequest:client-9E894F3AA110->s9@group-4CF2EC507520, cid=2065, seq=null, RW, null, SET_UNCONDITIONALLY, servers:[s11, s10, s7, s13, s8, s12, s9, s0, s1], listeners:[]
2024-12-25 19:06:56,684 INFO  server.RaftServer$Division (RaftServerImpl.java:setConfigurationAsync(1348)) - s7@group-4CF2EC507520: receive setConfiguration SetConfigurationRequest:client-9E894F3AA110->s7@group-4CF2EC507520, cid=2065, seq=null, RW, null, SET_UNCONDITIONALLY, servers:[s11, s10, s7, s13, s8, s12, s9, s0, s1], listeners:[]
2024-12-25 19:06:56,784 INFO  server.RaftServer$Division (RaftServerImpl.java:setConfigurationAsync(1348)) - s1@group-4CF2EC507520: receive setConfiguration SetConfigurationRequest:client-9E894F3AA110->s1@group-4CF2EC507520, cid=2065, seq=null, RW, null, SET_UNCONDITIONALLY, servers:[s11, s10, s7, s13, s8, s12, s9, s0, s1], listeners:[]
2024-12-25 19:06:56,884 INFO  server.RaftServer$Division (RaftServerImpl.java:setConfigurationAsync(1348)) - s9@group-4CF2EC507520: receive setConfiguration SetConfigurationRequest:client-9E894F3AA110->s9@group-4CF2EC507520, cid=2065, seq=null, RW, null, SET_UNCONDITIONALLY, servers:[s11, s10, s7, s13, s8, s12, s9, s0, s1], listeners:[]
2024-12-25 19:06:56,985 INFO  server.RaftServer$Division (RaftServerImpl.java:setConfigurationAsync(1348)) - s7@group-4CF2EC507520: receive setConfiguration SetConfigurationRequest:client-9E894F3AA110->s7@group-4CF2EC507520, cid=2065, seq=null, RW, null, SET_UNCONDITIONALLY, servers:[s11, s10, s7, s13, s8, s12, s9, s0, s1], listeners:[]
2024-12-25 19:06:57,058 INFO  impl.MiniRaftCluster (MiniRaftCluster.java:lambda$null$7(362)) - TIMED-PRINT: printing ALL groups
  s3:  RUNNING [
   FOLLOWER s3@group-4CF2EC507520:t0, leader=null, voted=, raftlog=Memoized:s3@group-4CF2EC507520-SegmentedRaftLog:OPENED:c-1:lastnull, conf=conf: {index: -1, cur=peers:[]|listeners:[], old=null} STARTING
   FOLLOWER s3@group-6AB839334A82:t0, leader=null, voted=, raftlog=Memoized:s3@group-6AB839334A82-SegmentedRaftLog:OPENED:c-1:lastnull, conf=conf: {index: -1, cur=peers:[]|listeners:[], old=null} STARTING] size=2
  s4:  RUNNING [
   FOLLOWER s4@group-4CF2EC507520:t0, leader=null, voted=, raftlog=Memoized:s4@group-4CF2EC507520-SegmentedRaftLog:OPENED:c-1:lastnull, conf=conf: {index: -1, cur=peers:[]|listeners:[], old=null} STARTING
   FOLLOWER s4@group-6AB839334A82:t0, leader=null, voted=, raftlog=Memoized:s4@group-6AB839334A82-SegmentedRaftLog:OPENED:c-1:lastnull, conf=conf: {index: -1, cur=peers:[]|listeners:[], old=null} STARTING] size=2
  s5:  RUNNING [
   FOLLOWER s5@group-4CF2EC507520:t0, leader=null, voted=, raftlog=Memoized:s5@group-4CF2EC507520-SegmentedRaftLog:OPENED:c-1:lastnull, conf=conf: {index: -1, cur=peers:[]|listeners:[], old=null} STARTING
   FOLLOWER s5@group-6AB839334A82:t0, leader=null, voted=, raftlog=Memoized:s5@group-6AB839334A82-SegmentedRaftLog:OPENED:c-1:lastnull, conf=conf: {index: -1, cur=peers:[]|listeners:[], old=null} STARTING] size=2
  s6:  RUNNING [
   FOLLOWER s6@group-4CF2EC507520:t0, leader=null, voted=, raftlog=Memoized:s6@group-4CF2EC507520-SegmentedRaftLog:OPENED:c-1:lastnull, conf=conf: {index: -1, cur=peers:[]|listeners:[], old=null} STARTING
   FOLLOWER s6@group-6AB839334A82:t0, leader=null, voted=, raftlog=Memoized:s6@group-6AB839334A82-SegmentedRaftLog:OPENED:c-1:lastnull, conf=conf: {index: -1, cur=peers:[]|listeners:[], old=null} STARTING] size=2
  s7:  RUNNING [
     LEADER s7@group-4CF2EC507520:t1, leader=s7, voted=s7, raftlog=Memoized:s7@group-4CF2EC507520-SegmentedRaftLog:OPENED:c123:last(t:1, i:124), conf=conf: {index: 123, cur=peers:[s7, s8, s9, s0, s1]|listeners:[], old=null} RUNNING
   FOLLOWER s7@group-6AB839334A82:t0, leader=null, voted=, raftlog=Memoized:s7@group-6AB839334A82-SegmentedRaftLog:OPENED:c-1:lastnull, conf=conf: {index: -1, cur=peers:[]|listeners:[], old=null} STARTING] size=2
  s8:  RUNNING [
   FOLLOWER s8@group-4CF2EC507520:t1, leader=s7, voted=s7, raftlog=Memoized:s8@group-4CF2EC507520-SegmentedRaftLog:OPENED:c123:last(t:1, i:124), conf=conf: {index: 123, cur=peers:[s7|, s8|, s9|, s0|, s1|]|listeners:[], old=null} RUNNING
   FOLLOWER s8@group-6AB839334A82:t0, leader=null, voted=, raftlog=Memoized:s8@group-6AB839334A82-SegmentedRaftLog:OPENED:c-1:lastnull, conf=conf: {index: -1, cur=peers:[]|listeners:[], old=null} STARTING] size=2
  s9:  RUNNING [
   FOLLOWER s9@group-4CF2EC507520:t1, leader=s7, voted=s7, raftlog=Memoized:s9@group-4CF2EC507520-SegmentedRaftLog:OPENED:c123:last(t:1, i:124), conf=conf: {index: 123, cur=peers:[s7|, s8|, s9|, s0|, s1|]|listeners:[], old=null} RUNNING
   FOLLOWER s9@group-6AB839334A82:t0, leader=null, voted=, raftlog=Memoized:s9@group-6AB839334A82-SegmentedRaftLog:OPENED:c-1:lastnull, conf=conf: {index: -1, cur=peers:[]|listeners:[], old=null} STARTING] size=2
  s11:  RUNNING [
   FOLLOWER s11@group-4CF2EC507520:t1, leader=s7, voted=null, raftlog=Memoized:s11@group-4CF2EC507520-SegmentedRaftLog:OPENED:c123:last(t:1, i:124), conf=conf: {index: 123, cur=peers:[s7|, s8|, s9|, s0|, s1|]|listeners:[], old=null} STARTING
   FOLLOWER s11@group-6AB839334A82:t0, leader=null, voted=, raftlog=Memoized:s11@group-6AB839334A82-SegmentedRaftLog:OPENED:c-1:lastnull, conf=conf: {index: -1, cur=peers:[]|listeners:[], old=null} STARTING] size=2
  s10:  RUNNING [
   FOLLOWER s10@group-4CF2EC507520:t1, leader=s7, voted=null, raftlog=Memoized:s10@group-4CF2EC507520-SegmentedRaftLog:OPENED:c123:last(t:1, i:124), conf=conf: {index: 123, cur=peers:[s7|, s8|, s9|, s0|, s1|]|listeners:[], old=null} STARTING
   FOLLOWER s10@group-6AB839334A82:t0, leader=null, voted=, raftlog=Memoized:s10@group-6AB839334A82-SegmentedRaftLog:OPENED:c-1:lastnull, conf=conf: {index: -1, cur=peers:[]|listeners:[], old=null} STARTING] size=2
  s13:  RUNNING [
   FOLLOWER s13@group-4CF2EC507520:t1, leader=s7, voted=null, raftlog=Memoized:s13@group-4CF2EC507520-SegmentedRaftLog:OPENED:c123:last(t:1, i:124), conf=conf: {index: 123, cur=peers:[s7|, s8|, s9|, s0|, s1|]|listeners:[], old=null} STARTING
   FOLLOWER s13@group-6AB839334A82:t0, leader=null, voted=, raftlog=Memoized:s13@group-6AB839334A82-SegmentedRaftLog:OPENED:c-1:lastnull, conf=conf: {index: -1, cur=peers:[]|listeners:[], old=null} STARTING] size=2
  s12:  RUNNING [
   FOLLOWER s12@group-4CF2EC507520:t1, leader=s7, voted=null, raftlog=Memoized:s12@group-4CF2EC507520-SegmentedRaftLog:OPENED:c123:last(t:1, i:124), conf=conf: {index: 123, cur=peers:[s7|, s8|, s9|, s0|, s1|]|listeners:[], old=null} STARTING
   FOLLOWER s12@group-6AB839334A82:t0, leader=null, voted=, raftlog=Memoized:s12@group-6AB839334A82-SegmentedRaftLog:OPENED:c-1:lastnull, conf=conf: {index: -1, cur=peers:[]|listeners:[], old=null} STARTING] size=2
  s14:  RUNNING [
   FOLLOWER s14@group-4CF2EC507520:t0, leader=null, voted=, raftlog=Memoized:s14@group-4CF2EC507520-SegmentedRaftLog:OPENED:c-1:lastnull, conf=conf: {index: -1, cur=peers:[]|listeners:[], old=null} STARTING
   FOLLOWER s14@group-6AB839334A82:t0, leader=null, voted=, raftlog=Memoized:s14@group-6AB839334A82-SegmentedRaftLog:OPENED:c-1:lastnull, conf=conf: {index: -1, cur=peers:[]|listeners:[], old=null} STARTING] size=2
  s0:  RUNNING [
   FOLLOWER s0@group-4CF2EC507520:t1, leader=s7, voted=null, raftlog=Memoized:s0@group-4CF2EC507520-SegmentedRaftLog:OPENED:c123:last(t:1, i:124), conf=conf: {index: 123, cur=peers:[s7|, s8|, s9|, s0|, s1|]|listeners:[], old=null} STARTING
   FOLLOWER s0@group-6AB839334A82:t0, leader=null, voted=, raftlog=Memoized:s0@group-6AB839334A82-SegmentedRaftLog:OPENED:c-1:lastnull, conf=conf: {index: -1, cur=peers:[]|listeners:[], old=null} STARTING] size=2
  s1:  RUNNING [
   FOLLOWER s1@group-4CF2EC507520:t1, leader=s7, voted=null, raftlog=Memoized:s1@group-4CF2EC507520-SegmentedRaftLog:OPENED:c123:last(t:1, i:124), conf=conf: {index: 123, cur=peers:[s7|, s8|, s9|, s0|, s1|]|listeners:[], old=null} STARTING
   FOLLOWER s1@group-6AB839334A82:t0, leader=null, voted=, raftlog=Memoized:s1@group-6AB839334A82-SegmentedRaftLog:OPENED:c-1:lastnull, conf=conf: {index: -1, cur=peers:[]|listeners:[], old=null} STARTING] size=2
  s2:  RUNNING [
   FOLLOWER s2@group-4CF2EC507520:t0, leader=null, voted=, raftlog=Memoized:s2@group-4CF2EC507520-SegmentedRaftLog:OPENED:c-1:lastnull, conf=conf: {index: -1, cur=peers:[]|listeners:[], old=null} STARTING
   FOLLOWER s2@group-6AB839334A82:t0, leader=null, voted=, raftlog=Memoized:s2@group-6AB839334A82-SegmentedRaftLog:OPENED:c-1:lastnull, conf=conf: {index: -1, cur=peers:[]|listeners:[], old=null} STARTING] size=2
2024-12-25 19:06:57,085 INFO  server.RaftServer$Division (RaftServerImpl.java:setConfigurationAsync(1348)) - s8@group-4CF2EC507520: receive setConfiguration SetConfigurationRequest:client-9E894F3AA110->s8@group-4CF2EC507520, cid=2065, seq=null, RW, null, SET_UNCONDITIONALLY, servers:[s11, s10, s7, s13, s8, s12, s9, s0, s1], listeners:[]
2024-12-25 19:06:57,185 INFO  server.RaftServer$Division (RaftServerImpl.java:setConfigurationAsync(1348)) - s7@group-4CF2EC507520: receive setConfiguration SetConfigurationRequest:client-9E894F3AA110->s7@group-4CF2EC507520, cid=2065, seq=null, RW, null, SET_UNCONDITIONALLY, servers:[s11, s10, s7, s13, s8, s12, s9, s0, s1], listeners:[]
2024-12-25 19:06:57,286 INFO  server.RaftServer$Division (RaftServerImpl.java:setConfigurationAsync(1348)) - s8@group-4CF2EC507520: receive setConfiguration SetConfigurationRequest:client-9E894F3AA110->s8@group-4CF2EC507520, cid=2065, seq=null, RW, null, SET_UNCONDITIONALLY, servers:[s11, s10, s7, s13, s8, s12, s9, s0, s1], listeners:[]
2024-12-25 19:06:57,386 INFO  server.RaftServer$Division (RaftServerImpl.java:setConfigurationAsync(1348)) - s7@group-4CF2EC507520: receive setConfiguration SetConfigurationRequest:client-9E894F3AA110->s7@group-4CF2EC507520, cid=2065, seq=null, RW, null, SET_UNCONDITIONALLY, servers:[s11, s10, s7, s13, s8, s12, s9, s0, s1], listeners:[]
2024-12-25 19:06:57,486 INFO  server.RaftServer$Division (RaftServerImpl.java:setConfigurationAsync(1348)) - s0@group-4CF2EC507520: receive setConfiguration SetConfigurationRequest:client-9E894F3AA110->s0@group-4CF2EC507520, cid=2065, seq=null, RW, null, SET_UNCONDITIONALLY, servers:[s11, s10, s7, s13, s8, s12, s9, s0, s1], listeners:[]
2024-12-25 19:06:57,587 INFO  server.RaftServer$Division (RaftServerImpl.java:setConfigurationAsync(1348)) - s7@group-4CF2EC507520: receive setConfiguration SetConfigurationRequest:client-9E894F3AA110->s7@group-4CF2EC507520, cid=2065, seq=null, RW, null, SET_UNCONDITIONALLY, servers:[s11, s10, s7, s13, s8, s12, s9, s0, s1], listeners:[]
2024-12-25 19:06:57,687 INFO  server.RaftServer$Division (RaftServerImpl.java:setConfigurationAsync(1348)) - s9@group-4CF2EC507520: receive setConfiguration SetConfigurationRequest:client-9E894F3AA110->s9@group-4CF2EC507520, cid=2065, seq=null, RW, null, SET_UNCONDITIONALLY, servers:[s11, s10, s7, s13, s8, s12, s9, s0, s1], listeners:[]
2024-12-25 19:06:57,787 INFO  server.RaftServer$Division (RaftServerImpl.java:setConfigurationAsync(1348)) - s7@group-4CF2EC507520: receive setConfiguration SetConfigurationRequest:client-9E894F3AA110->s7@group-4CF2EC507520, cid=2065, seq=null, RW, null, SET_UNCONDITIONALLY, servers:[s11, s10, s7, s13, s8, s12, s9, s0, s1], listeners:[]
2024-12-25 19:06:57,887 INFO  server.RaftServer$Division (RaftServerImpl.java:setConfigurationAsync(1348)) - s9@group-4CF2EC507520: receive setConfiguration SetConfigurationRequest:client-9E894F3AA110->s9@group-4CF2EC507520, cid=2065, seq=null, RW, null, SET_UNCONDITIONALLY, servers:[s11, s10, s7, s13, s8, s12, s9, s0, s1], listeners:[]
2024-12-25 19:06:57,988 INFO  server.RaftServer$Division (RaftServerImpl.java:setConfigurationAsync(1348)) - s7@group-4CF2EC507520: receive setConfiguration SetConfigurationRequest:client-9E894F3AA110->s7@group-4CF2EC507520, cid=2065, seq=null, RW, null, SET_UNCONDITIONALLY, servers:[s11, s10, s7, s13, s8, s12, s9, s0, s1], listeners:[]
2024-12-25 19:06:58,088 INFO  server.RaftServer$Division (RaftServerImpl.java:setConfigurationAsync(1348)) - s9@group-4CF2EC507520: receive setConfiguration SetConfigurationRequest:client-9E894F3AA110->s9@group-4CF2EC507520, cid=2065, seq=null, RW, null, SET_UNCONDITIONALLY, servers:[s11, s10, s7, s13, s8, s12, s9, s0, s1], listeners:[]
2024-12-25 19:06:58,188 INFO  server.RaftServer$Division (RaftServerImpl.java:setConfigurationAsync(1348)) - s7@group-4CF2EC507520: receive setConfiguration SetConfigurationRequest:client-9E894F3AA110->s7@group-4CF2EC507520, cid=2065, seq=null, RW, null, SET_UNCONDITIONALLY, servers:[s11, s10, s7, s13, s8, s12, s9, s0, s1], listeners:[]
2024-12-25 19:06:58,289 INFO  server.RaftServer$Division (RaftServerImpl.java:setConfigurationAsync(1348)) - s0@group-4CF2EC507520: receive setConfiguration SetConfigurationRequest:client-9E894F3AA110->s0@group-4CF2EC507520, cid=2065, seq=null, RW, null, SET_UNCONDITIONALLY, servers:[s11, s10, s7, s13, s8, s12, s9, s0, s1], listeners:[]
2024-12-25 19:06:58,389 INFO  server.RaftServer$Division (RaftServerImpl.java:setConfigurationAsync(1348)) - s1@group-4CF2EC507520: receive setConfiguration SetConfigurationRequest:client-9E894F3AA110->s1@group-4CF2EC507520, cid=2065, seq=null, RW, null, SET_UNCONDITIONALLY, servers:[s11, s10, s7, s13, s8, s12, s9, s0, s1], listeners:[]
2024-12-25 19:06:58,489 INFO  server.RaftServer$Division (RaftServerImpl.java:setConfigurationAsync(1348)) - s9@group-4CF2EC507520: receive setConfiguration SetConfigurationRequest:client-9E894F3AA110->s9@group-4CF2EC507520, cid=2065, seq=null, RW, null, SET_UNCONDITIONALLY, servers:[s11, s10, s7, s13, s8, s12, s9, s0, s1], listeners:[]
2024-12-25 19:06:58,590 INFO  server.RaftServer$Division (RaftServerImpl.java:setConfigurationAsync(1348)) - s7@group-4CF2EC507520: receive setConfiguration SetConfigurationRequest:client-9E894F3AA110->s7@group-4CF2EC507520, cid=2065, seq=null, RW, null, SET_UNCONDITIONALLY, servers:[s11, s10, s7, s13, s8, s12, s9, s0, s1], listeners:[]
2024-12-25 19:06:58,690 INFO  server.RaftServer$Division (RaftServerImpl.java:setConfigurationAsync(1348)) - s8@group-4CF2EC507520: receive setConfiguration SetConfigurationRequest:client-9E894F3AA110->s8@group-4CF2EC507520, cid=2065, seq=null, RW, null, SET_UNCONDITIONALLY, servers:[s11, s10, s7, s13, s8, s12, s9, s0, s1], listeners:[]
2024-12-25 19:06:58,790 INFO  server.RaftServer$Division (RaftServerImpl.java:setConfigurationAsync(1348)) - s7@group-4CF2EC507520: receive setConfiguration SetConfigurationRequest:client-9E894F3AA110->s7@group-4CF2EC507520, cid=2065, seq=null, RW, null, SET_UNCONDITIONALLY, servers:[s11, s10, s7, s13, s8, s12, s9, s0, s1], listeners:[]
2024-12-25 19:06:58,891 INFO  server.RaftServer$Division (RaftServerImpl.java:setConfigurationAsync(1348)) - s8@group-4CF2EC507520: receive setConfiguration SetConfigurationRequest:client-9E894F3AA110->s8@group-4CF2EC507520, cid=2065, seq=null, RW, null, SET_UNCONDITIONALLY, servers:[s11, s10, s7, s13, s8, s12, s9, s0, s1], listeners:[]
2024-12-25 19:06:58,991 INFO  server.RaftServer$Division (RaftServerImpl.java:setConfigurationAsync(1348)) - s7@group-4CF2EC507520: receive setConfiguration SetConfigurationRequest:client-9E894F3AA110->s7@group-4CF2EC507520, cid=2065, seq=null, RW, null, SET_UNCONDITIONALLY, servers:[s11, s10, s7, s13, s8, s12, s9, s0, s1], listeners:[]
2024-12-25 19:06:59,091 INFO  server.RaftServer$Division (RaftServerImpl.java:setConfigurationAsync(1348)) - s9@group-4CF2EC507520: receive setConfiguration SetConfigurationRequest:client-9E894F3AA110->s9@group-4CF2EC507520, cid=2065, seq=null, RW, null, SET_UNCONDITIONALLY, servers:[s11, s10, s7, s13, s8, s12, s9, s0, s1], listeners:[]
2024-12-25 19:06:59,191 INFO  server.RaftServer$Division (RaftServerImpl.java:setConfigurationAsync(1348)) - s7@group-4CF2EC507520: receive setConfiguration SetConfigurationRequest:client-9E894F3AA110->s7@group-4CF2EC507520, cid=2065, seq=null, RW, null, SET_UNCONDITIONALLY, servers:[s11, s10, s7, s13, s8, s12, s9, s0, s1], listeners:[]
2024-12-25 19:06:59,292 INFO  server.RaftServer$Division (RaftServerImpl.java:setConfigurationAsync(1348)) - s8@group-4CF2EC507520: receive setConfiguration SetConfigurationRequest:client-9E894F3AA110->s8@group-4CF2EC507520, cid=2065, seq=null, RW, null, SET_UNCONDITIONALLY, servers:[s11, s10, s7, s13, s8, s12, s9, s0, s1], listeners:[]
2024-12-25 19:06:59,392 INFO  server.RaftServer$Division (RaftServerImpl.java:setConfigurationAsync(1348)) - s7@group-4CF2EC507520: receive setConfiguration SetConfigurationRequest:client-9E894F3AA110->s7@group-4CF2EC507520, cid=2065, seq=null, RW, null, SET_UNCONDITIONALLY, servers:[s11, s10, s7, s13, s8, s12, s9, s0, s1], listeners:[]
2024-12-25 19:06:59,492 INFO  server.RaftServer$Division (RaftServerImpl.java:setConfigurationAsync(1348)) - s8@group-4CF2EC507520: receive setConfiguration SetConfigurationRequest:client-9E894F3AA110->s8@group-4CF2EC507520, cid=2065, seq=null, RW, null, SET_UNCONDITIONALLY, servers:[s11, s10, s7, s13, s8, s12, s9, s0, s1], listeners:[]
2024-12-25 19:06:59,593 INFO  server.RaftServer$Division (RaftServerImpl.java:setConfigurationAsync(1348)) - s7@group-4CF2EC507520: receive setConfiguration SetConfigurationRequest:client-9E894F3AA110->s7@group-4CF2EC507520, cid=2065, seq=null, RW, null, SET_UNCONDITIONALLY, servers:[s11, s10, s7, s13, s8, s12, s9, s0, s1], listeners:[]
2024-12-25 19:06:59,693 INFO  server.RaftServer$Division (RaftServerImpl.java:setConfigurationAsync(1348)) - s9@group-4CF2EC507520: receive setConfiguration SetConfigurationRequest:client-9E894F3AA110->s9@group-4CF2EC507520, cid=2065, seq=null, RW, null, SET_UNCONDITIONALLY, servers:[s11, s10, s7, s13, s8, s12, s9, s0, s1], listeners:[]
2024-12-25 19:06:59,793 INFO  server.RaftServer$Division (RaftServerImpl.java:setConfigurationAsync(1348)) - s7@group-4CF2EC507520: receive setConfiguration SetConfigurationRequest:client-9E894F3AA110->s7@group-4CF2EC507520, cid=2065, seq=null, RW, null, SET_UNCONDITIONALLY, servers:[s11, s10, s7, s13, s8, s12, s9, s0, s1], listeners:[]
2024-12-25 19:06:59,894 INFO  server.RaftServer$Division (RaftServerImpl.java:setConfigurationAsync(1348)) - s8@group-4CF2EC507520: receive setConfiguration SetConfigurationRequest:client-9E894F3AA110->s8@group-4CF2EC507520, cid=2065, seq=null, RW, null, SET_UNCONDITIONALLY, servers:[s11, s10, s7, s13, s8, s12, s9, s0, s1], listeners:[]
2024-12-25 19:06:59,994 INFO  server.RaftServer$Division (RaftServerImpl.java:setConfigurationAsync(1348)) - s7@group-4CF2EC507520: receive setConfiguration SetConfigurationRequest:client-9E894F3AA110->s7@group-4CF2EC507520, cid=2065, seq=null, RW, null, SET_UNCONDITIONALLY, servers:[s11, s10, s7, s13, s8, s12, s9, s0, s1], listeners:[]
2024-12-25 19:07:00,094 INFO  server.RaftServer$Division (RaftServerImpl.java:setConfigurationAsync(1348)) - s1@group-4CF2EC507520: receive setConfiguration SetConfigurationRequest:client-9E894F3AA110->s1@group-4CF2EC507520, cid=2065, seq=null, RW, null, SET_UNCONDITIONALLY, servers:[s11, s10, s7, s13, s8, s12, s9, s0, s1], listeners:[]
2024-12-25 19:07:00,195 INFO  server.RaftServer$Division (RaftServerImpl.java:setConfigurationAsync(1348)) - s7@group-4CF2EC507520: receive setConfiguration SetConfigurationRequest:client-9E894F3AA110->s7@group-4CF2EC507520, cid=2065, seq=null, RW, null, SET_UNCONDITIONALLY, servers:[s11, s10, s7, s13, s8, s12, s9, s0, s1], listeners:[]
2024-12-25 19:07:00,295 INFO  server.RaftServer$Division (RaftServerImpl.java:setConfigurationAsync(1348)) - s0@group-4CF2EC507520: receive setConfiguration SetConfigurationRequest:client-9E894F3AA110->s0@group-4CF2EC507520, cid=2065, seq=null, RW, null, SET_UNCONDITIONALLY, servers:[s11, s10, s7, s13, s8, s12, s9, s0, s1], listeners:[]
2024-12-25 19:07:00,395 INFO  server.RaftServer$Division (RaftServerImpl.java:setConfigurationAsync(1348)) - s9@group-4CF2EC507520: receive setConfiguration SetConfigurationRequest:client-9E894F3AA110->s9@group-4CF2EC507520, cid=2065, seq=null, RW, null, SET_UNCONDITIONALLY, servers:[s11, s10, s7, s13, s8, s12, s9, s0, s1], listeners:[]
2024-12-25 19:07:00,496 INFO  server.RaftServer$Division (RaftServerImpl.java:setConfigurationAsync(1348)) - s7@group-4CF2EC507520: receive setConfiguration SetConfigurationRequest:client-9E894F3AA110->s7@group-4CF2EC507520, cid=2065, seq=null, RW, null, SET_UNCONDITIONALLY, servers:[s11, s10, s7, s13, s8, s12, s9, s0, s1], listeners:[]
2024-12-25 19:07:00,596 INFO  server.RaftServer$Division (RaftServerImpl.java:setConfigurationAsync(1348)) - s9@group-4CF2EC507520: receive setConfiguration SetConfigurationRequest:client-9E894F3AA110->s9@group-4CF2EC507520, cid=2065, seq=null, RW, null, SET_UNCONDITIONALLY, servers:[s11, s10, s7, s13, s8, s12, s9, s0, s1], listeners:[]
2024-12-25 19:07:00,696 INFO  server.RaftServer$Division (RaftServerImpl.java:setConfigurationAsync(1348)) - s7@group-4CF2EC507520: receive setConfiguration SetConfigurationRequest:client-9E894F3AA110->s7@group-4CF2EC507520, cid=2065, seq=null, RW, null, SET_UNCONDITIONALLY, servers:[s11, s10, s7, s13, s8, s12, s9, s0, s1], listeners:[]
2024-12-25 19:07:00,797 INFO  server.RaftServer$Division (RaftServerImpl.java:setConfigurationAsync(1348)) - s1@group-4CF2EC507520: receive setConfiguration SetConfigurationRequest:client-9E894F3AA110->s1@group-4CF2EC507520, cid=2065, seq=null, RW, null, SET_UNCONDITIONALLY, servers:[s11, s10, s7, s13, s8, s12, s9, s0, s1], listeners:[]
2024-12-25 19:07:00,897 INFO  server.RaftServer$Division (RaftServerImpl.java:setConfigurationAsync(1348)) - s8@group-4CF2EC507520: receive setConfiguration SetConfigurationRequest:client-9E894F3AA110->s8@group-4CF2EC507520, cid=2065, seq=null, RW, null, SET_UNCONDITIONALLY, servers:[s11, s10, s7, s13, s8, s12, s9, s0, s1], listeners:[]
2024-12-25 19:07:00,997 INFO  server.RaftServer$Division (RaftServerImpl.java:setConfigurationAsync(1348)) - s7@group-4CF2EC507520: receive setConfiguration SetConfigurationRequest:client-9E894F3AA110->s7@group-4CF2EC507520, cid=2065, seq=null, RW, null, SET_UNCONDITIONALLY, servers:[s11, s10, s7, s13, s8, s12, s9, s0, s1], listeners:[]
2024-12-25 19:07:01,097 INFO  server.RaftServer$Division (RaftServerImpl.java:setConfigurationAsync(1348)) - s8@group-4CF2EC507520: receive setConfiguration SetConfigurationRequest:client-9E894F3AA110->s8@group-4CF2EC507520, cid=2065, seq=null, RW, null, SET_UNCONDITIONALLY, servers:[s11, s10, s7, s13, s8, s12, s9, s0, s1], listeners:[]
2024-12-25 19:07:01,198 INFO  server.RaftServer$Division (RaftServerImpl.java:setConfigurationAsync(1348)) - s7@group-4CF2EC507520: receive setConfiguration SetConfigurationRequest:client-9E894F3AA110->s7@group-4CF2EC507520, cid=2065, seq=null, RW, null, SET_UNCONDITIONALLY, servers:[s11, s10, s7, s13, s8, s12, s9, s0, s1], listeners:[]
2024-12-25 19:07:01,298 INFO  server.RaftServer$Division (RaftServerImpl.java:setConfigurationAsync(1348)) - s0@group-4CF2EC507520: receive setConfiguration SetConfigurationRequest:client-9E894F3AA110->s0@group-4CF2EC507520, cid=2065, seq=null, RW, null, SET_UNCONDITIONALLY, servers:[s11, s10, s7, s13, s8, s12, s9, s0, s1], listeners:[]
2024-12-25 19:07:01,398 INFO  server.RaftServer$Division (RaftServerImpl.java:setConfigurationAsync(1348)) - s1@group-4CF2EC507520: receive setConfiguration SetConfigurationRequest:client-9E894F3AA110->s1@group-4CF2EC507520, cid=2065, seq=null, RW, null, SET_UNCONDITIONALLY, servers:[s11, s10, s7, s13, s8, s12, s9, s0, s1], listeners:[]
2024-12-25 19:07:01,499 INFO  server.RaftServer$Division (RaftServerImpl.java:setConfigurationAsync(1348)) - s8@group-4CF2EC507520: receive setConfiguration SetConfigurationRequest:client-9E894F3AA110->s8@group-4CF2EC507520, cid=2065, seq=null, RW, null, SET_UNCONDITIONALLY, servers:[s11, s10, s7, s13, s8, s12, s9, s0, s1], listeners:[]
2024-12-25 19:07:01,599 INFO  server.RaftServer$Division (RaftServerImpl.java:setConfigurationAsync(1348)) - s7@group-4CF2EC507520: receive setConfiguration SetConfigurationRequest:client-9E894F3AA110->s7@group-4CF2EC507520, cid=2065, seq=null, RW, null, SET_UNCONDITIONALLY, servers:[s11, s10, s7, s13, s8, s12, s9, s0, s1], listeners:[]
2024-12-25 19:07:01,699 INFO  server.RaftServer$Division (RaftServerImpl.java:setConfigurationAsync(1348)) - s8@group-4CF2EC507520: receive setConfiguration SetConfigurationRequest:client-9E894F3AA110->s8@group-4CF2EC507520, cid=2065, seq=null, RW, null, SET_UNCONDITIONALLY, servers:[s11, s10, s7, s13, s8, s12, s9, s0, s1], listeners:[]
2024-12-25 19:07:01,800 INFO  server.RaftServer$Division (RaftServerImpl.java:setConfigurationAsync(1348)) - s7@group-4CF2EC507520: receive setConfiguration SetConfigurationRequest:client-9E894F3AA110->s7@group-4CF2EC507520, cid=2065, seq=null, RW, null, SET_UNCONDITIONALLY, servers:[s11, s10, s7, s13, s8, s12, s9, s0, s1], listeners:[]
2024-12-25 19:07:01,900 INFO  server.RaftServer$Division (RaftServerImpl.java:setConfigurationAsync(1348)) - s0@group-4CF2EC507520: receive setConfiguration SetConfigurationRequest:client-9E894F3AA110->s0@group-4CF2EC507520, cid=2065, seq=null, RW, null, SET_UNCONDITIONALLY, servers:[s11, s10, s7, s13, s8, s12, s9, s0, s1], listeners:[]
2024-12-25 19:07:02,000 INFO  server.RaftServer$Division (RaftServerImpl.java:setConfigurationAsync(1348)) - s7@group-4CF2EC507520: receive setConfiguration SetConfigurationRequest:client-9E894F3AA110->s7@group-4CF2EC507520, cid=2065, seq=null, RW, null, SET_UNCONDITIONALLY, servers:[s11, s10, s7, s13, s8, s12, s9, s0, s1], listeners:[]
2024-12-25 19:07:02,101 INFO  server.RaftServer$Division (RaftServerImpl.java:setConfigurationAsync(1348)) - s0@group-4CF2EC507520: receive setConfiguration SetConfigurationRequest:client-9E894F3AA110->s0@group-4CF2EC507520, cid=2065, seq=null, RW, null, SET_UNCONDITIONALLY, servers:[s11, s10, s7, s13, s8, s12, s9, s0, s1], listeners:[]
2024-12-25 19:07:02,201 INFO  server.RaftServer$Division (RaftServerImpl.java:setConfigurationAsync(1348)) - s9@group-4CF2EC507520: receive setConfiguration SetConfigurationRequest:client-9E894F3AA110->s9@group-4CF2EC507520, cid=2065, seq=null, RW, null, SET_UNCONDITIONALLY, servers:[s11, s10, s7, s13, s8, s12, s9, s0, s1], listeners:[]
2024-12-25 19:07:02,301 INFO  server.RaftServer$Division (RaftServerImpl.java:setConfigurationAsync(1348)) - s7@group-4CF2EC507520: receive setConfiguration SetConfigurationRequest:client-9E894F3AA110->s7@group-4CF2EC507520, cid=2065, seq=null, RW, null, SET_UNCONDITIONALLY, servers:[s11, s10, s7, s13, s8, s12, s9, s0, s1], listeners:[]
2024-12-25 19:07:02,402 INFO  server.RaftServer$Division (RaftServerImpl.java:setConfigurationAsync(1348)) - s9@group-4CF2EC507520: receive setConfiguration SetConfigurationRequest:client-9E894F3AA110->s9@group-4CF2EC507520, cid=2065, seq=null, RW, null, SET_UNCONDITIONALLY, servers:[s11, s10, s7, s13, s8, s12, s9, s0, s1], listeners:[]
2024-12-25 19:07:02,502 INFO  server.RaftServer$Division (RaftServerImpl.java:setConfigurationAsync(1348)) - s7@group-4CF2EC507520: receive setConfiguration SetConfigurationRequest:client-9E894F3AA110->s7@group-4CF2EC507520, cid=2065, seq=null, RW, null, SET_UNCONDITIONALLY, servers:[s11, s10, s7, s13, s8, s12, s9, s0, s1], listeners:[]
2024-12-25 19:07:02,602 INFO  server.RaftServer$Division (RaftServerImpl.java:setConfigurationAsync(1348)) - s8@group-4CF2EC507520: receive setConfiguration SetConfigurationRequest:client-9E894F3AA110->s8@group-4CF2EC507520, cid=2065, seq=null, RW, null, SET_UNCONDITIONALLY, servers:[s11, s10, s7, s13, s8, s12, s9, s0, s1], listeners:[]
2024-12-25 19:07:02,703 INFO  server.RaftServer$Division (RaftServerImpl.java:setConfigurationAsync(1348)) - s7@group-4CF2EC507520: receive setConfiguration SetConfigurationRequest:client-9E894F3AA110->s7@group-4CF2EC507520, cid=2065, seq=null, RW, null, SET_UNCONDITIONALLY, servers:[s11, s10, s7, s13, s8, s12, s9, s0, s1], listeners:[]
2024-12-25 19:07:02,803 INFO  server.RaftServer$Division (RaftServerImpl.java:setConfigurationAsync(1348)) - s0@group-4CF2EC507520: receive setConfiguration SetConfigurationRequest:client-9E894F3AA110->s0@group-4CF2EC507520, cid=2065, seq=null, RW, null, SET_UNCONDITIONALLY, servers:[s11, s10, s7, s13, s8, s12, s9, s0, s1], listeners:[]
2024-12-25 19:07:02,903 INFO  server.RaftServer$Division (RaftServerImpl.java:setConfigurationAsync(1348)) - s1@group-4CF2EC507520: receive setConfiguration SetConfigurationRequest:client-9E894F3AA110->s1@group-4CF2EC507520, cid=2065, seq=null, RW, null, SET_UNCONDITIONALLY, servers:[s11, s10, s7, s13, s8, s12, s9, s0, s1], listeners:[]
2024-12-25 19:07:03,004 INFO  server.RaftServer$Division (RaftServerImpl.java:setConfigurationAsync(1348)) - s9@group-4CF2EC507520: receive setConfiguration SetConfigurationRequest:client-9E894F3AA110->s9@group-4CF2EC507520, cid=2065, seq=null, RW, null, SET_UNCONDITIONALLY, servers:[s11, s10, s7, s13, s8, s12, s9, s0, s1], listeners:[]
2024-12-25 19:07:03,104 INFO  server.RaftServer$Division (RaftServerImpl.java:setConfigurationAsync(1348)) - s7@group-4CF2EC507520: receive setConfiguration SetConfigurationRequest:client-9E894F3AA110->s7@group-4CF2EC507520, cid=2065, seq=null, RW, null, SET_UNCONDITIONALLY, servers:[s11, s10, s7, s13, s8, s12, s9, s0, s1], listeners:[]
2024-12-25 19:07:03,204 INFO  server.RaftServer$Division (RaftServerImpl.java:setConfigurationAsync(1348)) - s0@group-4CF2EC507520: receive setConfiguration SetConfigurationRequest:client-9E894F3AA110->s0@group-4CF2EC507520, cid=2065, seq=null, RW, null, SET_UNCONDITIONALLY, servers:[s11, s10, s7, s13, s8, s12, s9, s0, s1], listeners:[]
2024-12-25 19:07:03,305 INFO  server.RaftServer$Division (RaftServerImpl.java:setConfigurationAsync(1348)) - s8@group-4CF2EC507520: receive setConfiguration SetConfigurationRequest:client-9E894F3AA110->s8@group-4CF2EC507520, cid=2065, seq=null, RW, null, SET_UNCONDITIONALLY, servers:[s11, s10, s7, s13, s8, s12, s9, s0, s1], listeners:[]
2024-12-25 19:07:03,405 INFO  server.RaftServer$Division (RaftServerImpl.java:setConfigurationAsync(1348)) - s7@group-4CF2EC507520: receive setConfiguration SetConfigurationRequest:client-9E894F3AA110->s7@group-4CF2EC507520, cid=2065, seq=null, RW, null, SET_UNCONDITIONALLY, servers:[s11, s10, s7, s13, s8, s12, s9, s0, s1], listeners:[]
2024-12-25 19:07:03,505 INFO  server.RaftServer$Division (RaftServerImpl.java:setConfigurationAsync(1348)) - s9@group-4CF2EC507520: receive setConfiguration SetConfigurationRequest:client-9E894F3AA110->s9@group-4CF2EC507520, cid=2065, seq=null, RW, null, SET_UNCONDITIONALLY, servers:[s11, s10, s7, s13, s8, s12, s9, s0, s1], listeners:[]
2024-12-25 19:07:03,606 INFO  server.RaftServer$Division (RaftServerImpl.java:setConfigurationAsync(1348)) - s7@group-4CF2EC507520: receive setConfiguration SetConfigurationRequest:client-9E894F3AA110->s7@group-4CF2EC507520, cid=2065, seq=null, RW, null, SET_UNCONDITIONALLY, servers:[s11, s10, s7, s13, s8, s12, s9, s0, s1], listeners:[]
2024-12-25 19:07:03,706 INFO  server.RaftServer$Division (RaftServerImpl.java:setConfigurationAsync(1348)) - s0@group-4CF2EC507520: receive setConfiguration SetConfigurationRequest:client-9E894F3AA110->s0@group-4CF2EC507520, cid=2065, seq=null, RW, null, SET_UNCONDITIONALLY, servers:[s11, s10, s7, s13, s8, s12, s9, s0, s1], listeners:[]
2024-12-25 19:07:03,806 INFO  server.RaftServer$Division (RaftServerImpl.java:setConfigurationAsync(1348)) - s9@group-4CF2EC507520: receive setConfiguration SetConfigurationRequest:client-9E894F3AA110->s9@group-4CF2EC507520, cid=2065, seq=null, RW, null, SET_UNCONDITIONALLY, servers:[s11, s10, s7, s13, s8, s12, s9, s0, s1], listeners:[]
2024-12-25 19:07:03,906 INFO  server.RaftServer$Division (RaftServerImpl.java:setConfigurationAsync(1348)) - s7@group-4CF2EC507520: receive setConfiguration SetConfigurationRequest:client-9E894F3AA110->s7@group-4CF2EC507520, cid=2065, seq=null, RW, null, SET_UNCONDITIONALLY, servers:[s11, s10, s7, s13, s8, s12, s9, s0, s1], listeners:[]
2024-12-25 19:07:04,007 INFO  server.RaftServer$Division (RaftServerImpl.java:setConfigurationAsync(1348)) - s0@group-4CF2EC507520: receive setConfiguration SetConfigurationRequest:client-9E894F3AA110->s0@group-4CF2EC507520, cid=2065, seq=null, RW, null, SET_UNCONDITIONALLY, servers:[s11, s10, s7, s13, s8, s12, s9, s0, s1], listeners:[]
2024-12-25 19:07:04,107 INFO  server.RaftServer$Division (RaftServerImpl.java:setConfigurationAsync(1348)) - s8@group-4CF2EC507520: receive setConfiguration SetConfigurationRequest:client-9E894F3AA110->s8@group-4CF2EC507520, cid=2065, seq=null, RW, null, SET_UNCONDITIONALLY, servers:[s11, s10, s7, s13, s8, s12, s9, s0, s1], listeners:[]
2024-12-25 19:07:04,207 INFO  server.RaftServer$Division (RaftServerImpl.java:setConfigurationAsync(1348)) - s7@group-4CF2EC507520: receive setConfiguration SetConfigurationRequest:client-9E894F3AA110->s7@group-4CF2EC507520, cid=2065, seq=null, RW, null, SET_UNCONDITIONALLY, servers:[s11, s10, s7, s13, s8, s12, s9, s0, s1], listeners:[]
2024-12-25 19:07:04,308 INFO  server.RaftServer$Division (RaftServerImpl.java:setConfigurationAsync(1348)) - s8@group-4CF2EC507520: receive setConfiguration SetConfigurationRequest:client-9E894F3AA110->s8@group-4CF2EC507520, cid=2065, seq=null, RW, null, SET_UNCONDITIONALLY, servers:[s11, s10, s7, s13, s8, s12, s9, s0, s1], listeners:[]
2024-12-25 19:07:04,408 INFO  server.RaftServer$Division (RaftServerImpl.java:setConfigurationAsync(1348)) - s7@group-4CF2EC507520: receive setConfiguration SetConfigurationRequest:client-9E894F3AA110->s7@group-4CF2EC507520, cid=2065, seq=null, RW, null, SET_UNCONDITIONALLY, servers:[s11, s10, s7, s13, s8, s12, s9, s0, s1], listeners:[]
2024-12-25 19:07:04,508 INFO  server.RaftServer$Division (RaftServerImpl.java:setConfigurationAsync(1348)) - s8@group-4CF2EC507520: receive setConfiguration SetConfigurationRequest:client-9E894F3AA110->s8@group-4CF2EC507520, cid=2065, seq=null, RW, null, SET_UNCONDITIONALLY, servers:[s11, s10, s7, s13, s8, s12, s9, s0, s1], listeners:[]
2024-12-25 19:07:04,609 INFO  server.RaftServer$Division (RaftServerImpl.java:setConfigurationAsync(1348)) - s7@group-4CF2EC507520: receive setConfiguration SetConfigurationRequest:client-9E894F3AA110->s7@group-4CF2EC507520, cid=2065, seq=null, RW, null, SET_UNCONDITIONALLY, servers:[s11, s10, s7, s13, s8, s12, s9, s0, s1], listeners:[]
2024-12-25 19:07:04,709 INFO  server.RaftServer$Division (RaftServerImpl.java:setConfigurationAsync(1348)) - s0@group-4CF2EC507520: receive setConfiguration SetConfigurationRequest:client-9E894F3AA110->s0@group-4CF2EC507520, cid=2065, seq=null, RW, null, SET_UNCONDITIONALLY, servers:[s11, s10, s7, s13, s8, s12, s9, s0, s1], listeners:[]
2024-12-25 19:07:04,809 INFO  server.RaftServer$Division (RaftServerImpl.java:setConfigurationAsync(1348)) - s9@group-4CF2EC507520: receive setConfiguration SetConfigurationRequest:client-9E894F3AA110->s9@group-4CF2EC507520, cid=2065, seq=null, RW, null, SET_UNCONDITIONALLY, servers:[s11, s10, s7, s13, s8, s12, s9, s0, s1], listeners:[]
2024-12-25 19:07:04,910 INFO  server.RaftServer$Division (RaftServerImpl.java:setConfigurationAsync(1348)) - s7@group-4CF2EC507520: receive setConfiguration SetConfigurationRequest:client-9E894F3AA110->s7@group-4CF2EC507520, cid=2065, seq=null, RW, null, SET_UNCONDITIONALLY, servers:[s11, s10, s7, s13, s8, s12, s9, s0, s1], listeners:[]
2024-12-25 19:07:05,010 INFO  server.RaftServer$Division (RaftServerImpl.java:setConfigurationAsync(1348)) - s8@group-4CF2EC507520: receive setConfiguration SetConfigurationRequest:client-9E894F3AA110->s8@group-4CF2EC507520, cid=2065, seq=null, RW, null, SET_UNCONDITIONALLY, servers:[s11, s10, s7, s13, s8, s12, s9, s0, s1], listeners:[]
2024-12-25 19:07:05,110 INFO  server.RaftServer$Division (RaftServerImpl.java:setConfigurationAsync(1348)) - s7@group-4CF2EC507520: receive setConfiguration SetConfigurationRequest:client-9E894F3AA110->s7@group-4CF2EC507520, cid=2065, seq=null, RW, null, SET_UNCONDITIONALLY, servers:[s11, s10, s7, s13, s8, s12, s9, s0, s1], listeners:[]
2024-12-25 19:07:05,211 INFO  server.RaftServer$Division (RaftServerImpl.java:setConfigurationAsync(1348)) - s8@group-4CF2EC507520: receive setConfiguration SetConfigurationRequest:client-9E894F3AA110->s8@group-4CF2EC507520, cid=2065, seq=null, RW, null, SET_UNCONDITIONALLY, servers:[s11, s10, s7, s13, s8, s12, s9, s0, s1], listeners:[]
2024-12-25 19:07:05,311 INFO  server.RaftServer$Division (RaftServerImpl.java:setConfigurationAsync(1348)) - s7@group-4CF2EC507520: receive setConfiguration SetConfigurationRequest:client-9E894F3AA110->s7@group-4CF2EC507520, cid=2065, seq=null, RW, null, SET_UNCONDITIONALLY, servers:[s11, s10, s7, s13, s8, s12, s9, s0, s1], listeners:[]
2024-12-25 19:07:05,411 INFO  server.RaftServer$Division (RaftServerImpl.java:setConfigurationAsync(1348)) - s9@group-4CF2EC507520: receive setConfiguration SetConfigurationRequest:client-9E894F3AA110->s9@group-4CF2EC507520, cid=2065, seq=null, RW, null, SET_UNCONDITIONALLY, servers:[s11, s10, s7, s13, s8, s12, s9, s0, s1], listeners:[]
2024-12-25 19:07:05,511 INFO  server.RaftServer$Division (RaftServerImpl.java:setConfigurationAsync(1348)) - s7@group-4CF2EC507520: receive setConfiguration SetConfigurationRequest:client-9E894F3AA110->s7@group-4CF2EC507520, cid=2065, seq=null, RW, null, SET_UNCONDITIONALLY, servers:[s11, s10, s7, s13, s8, s12, s9, s0, s1], listeners:[]
2024-12-25 19:07:05,612 INFO  server.RaftServer$Division (RaftServerImpl.java:setConfigurationAsync(1348)) - s9@group-4CF2EC507520: receive setConfiguration SetConfigurationRequest:client-9E894F3AA110->s9@group-4CF2EC507520, cid=2065, seq=null, RW, null, SET_UNCONDITIONALLY, servers:[s11, s10, s7, s13, s8, s12, s9, s0, s1], listeners:[]
2024-12-25 19:07:05,712 INFO  server.RaftServer$Division (RaftServerImpl.java:setConfigurationAsync(1348)) - s7@group-4CF2EC507520: receive setConfiguration SetConfigurationRequest:client-9E894F3AA110->s7@group-4CF2EC507520, cid=2065, seq=null, RW, null, SET_UNCONDITIONALLY, servers:[s11, s10, s7, s13, s8, s12, s9, s0, s1], listeners:[]
2024-12-25 19:07:05,812 INFO  server.RaftServer$Division (RaftServerImpl.java:setConfigurationAsync(1348)) - s9@group-4CF2EC507520: receive setConfiguration SetConfigurationRequest:client-9E894F3AA110->s9@group-4CF2EC507520, cid=2065, seq=null, RW, null, SET_UNCONDITIONALLY, servers:[s11, s10, s7, s13, s8, s12, s9, s0, s1], listeners:[]
2024-12-25 19:07:05,913 INFO  server.RaftServer$Division (RaftServerImpl.java:setConfigurationAsync(1348)) - s7@group-4CF2EC507520: receive setConfiguration SetConfigurationRequest:client-9E894F3AA110->s7@group-4CF2EC507520, cid=2065, seq=null, RW, null, SET_UNCONDITIONALLY, servers:[s11, s10, s7, s13, s8, s12, s9, s0, s1], listeners:[]
2024-12-25 19:07:06,013 INFO  server.RaftServer$Division (RaftServerImpl.java:setConfigurationAsync(1348)) - s9@group-4CF2EC507520: receive setConfiguration SetConfigurationRequest:client-9E894F3AA110->s9@group-4CF2EC507520, cid=2065, seq=null, RW, null, SET_UNCONDITIONALLY, servers:[s11, s10, s7, s13, s8, s12, s9, s0, s1], listeners:[]
2024-12-25 19:07:06,113 INFO  server.RaftServer$Division (RaftServerImpl.java:setConfigurationAsync(1348)) - s7@group-4CF2EC507520: receive setConfiguration SetConfigurationRequest:client-9E894F3AA110->s7@group-4CF2EC507520, cid=2065, seq=null, RW, null, SET_UNCONDITIONALLY, servers:[s11, s10, s7, s13, s8, s12, s9, s0, s1], listeners:[]
2024-12-25 19:07:06,214 INFO  server.RaftServer$Division (RaftServerImpl.java:setConfigurationAsync(1348)) - s8@group-4CF2EC507520: receive setConfiguration SetConfigurationRequest:client-9E894F3AA110->s8@group-4CF2EC507520, cid=2065, seq=null, RW, null, SET_UNCONDITIONALLY, servers:[s11, s10, s7, s13, s8, s12, s9, s0, s1], listeners:[]
2024-12-25 19:07:06,314 INFO  server.RaftServer$Division (RaftServerImpl.java:setConfigurationAsync(1348)) - s7@group-4CF2EC507520: receive setConfiguration SetConfigurationRequest:client-9E894F3AA110->s7@group-4CF2EC507520, cid=2065, seq=null, RW, null, SET_UNCONDITIONALLY, servers:[s11, s10, s7, s13, s8, s12, s9, s0, s1], listeners:[]
2024-12-25 19:07:06,414 INFO  server.RaftServer$Division (RaftServerImpl.java:setConfigurationAsync(1348)) - s0@group-4CF2EC507520: receive setConfiguration SetConfigurationRequest:client-9E894F3AA110->s0@group-4CF2EC507520, cid=2065, seq=null, RW, null, SET_UNCONDITIONALLY, servers:[s11, s10, s7, s13, s8, s12, s9, s0, s1], listeners:[]
2024-12-25 19:07:06,515 INFO  server.RaftServer$Division (RaftServerImpl.java:setConfigurationAsync(1348)) - s7@group-4CF2EC507520: receive setConfiguration SetConfigurationRequest:client-9E894F3AA110->s7@group-4CF2EC507520, cid=2065, seq=null, RW, null, SET_UNCONDITIONALLY, servers:[s11, s10, s7, s13, s8, s12, s9, s0, s1], listeners:[]
2024-12-25 19:07:06,615 INFO  server.RaftServer$Division (RaftServerImpl.java:setConfigurationAsync(1348)) - s9@group-4CF2EC507520: receive setConfiguration SetConfigurationRequest:client-9E894F3AA110->s9@group-4CF2EC507520, cid=2065, seq=null, RW, null, SET_UNCONDITIONALLY, servers:[s11, s10, s7, s13, s8, s12, s9, s0, s1], listeners:[]
2024-12-25 19:07:06,715 INFO  server.RaftServer$Division (RaftServerImpl.java:setConfigurationAsync(1348)) - s7@group-4CF2EC507520: receive setConfiguration SetConfigurationRequest:client-9E894F3AA110->s7@group-4CF2EC507520, cid=2065, seq=null, RW, null, SET_UNCONDITIONALLY, servers:[s11, s10, s7, s13, s8, s12, s9, s0, s1], listeners:[]
2024-12-25 19:07:06,816 INFO  server.RaftServer$Division (RaftServerImpl.java:setConfigurationAsync(1348)) - s8@group-4CF2EC507520: receive setConfiguration SetConfigurationRequest:client-9E894F3AA110->s8@group-4CF2EC507520, cid=2065, seq=null, RW, null, SET_UNCONDITIONALLY, servers:[s11, s10, s7, s13, s8, s12, s9, s0, s1], listeners:[]
2024-12-25 19:07:06,916 INFO  server.RaftServer$Division (RaftServerImpl.java:setConfigurationAsync(1348)) - s7@group-4CF2EC507520: receive setConfiguration SetConfigurationRequest:client-9E894F3AA110->s7@group-4CF2EC507520, cid=2065, seq=null, RW, null, SET_UNCONDITIONALLY, servers:[s11, s10, s7, s13, s8, s12, s9, s0, s1], listeners:[]
2024-12-25 19:07:07,016 INFO  server.RaftServer$Division (RaftServerImpl.java:setConfigurationAsync(1348)) - s9@group-4CF2EC507520: receive setConfiguration SetConfigurationRequest:client-9E894F3AA110->s9@group-4CF2EC507520, cid=2065, seq=null, RW, null, SET_UNCONDITIONALLY, servers:[s11, s10, s7, s13, s8, s12, s9, s0, s1], listeners:[]
2024-12-25 19:07:07,057 INFO  impl.MiniRaftCluster (MiniRaftCluster.java:lambda$null$7(362)) - TIMED-PRINT: printing ALL groups
  s3:  RUNNING [
   FOLLOWER s3@group-4CF2EC507520:t0, leader=null, voted=, raftlog=Memoized:s3@group-4CF2EC507520-SegmentedRaftLog:OPENED:c-1:lastnull, conf=conf: {index: -1, cur=peers:[]|listeners:[], old=null} STARTING
   FOLLOWER s3@group-6AB839334A82:t0, leader=null, voted=, raftlog=Memoized:s3@group-6AB839334A82-SegmentedRaftLog:OPENED:c-1:lastnull, conf=conf: {index: -1, cur=peers:[]|listeners:[], old=null} STARTING] size=2
  s4:  RUNNING [
   FOLLOWER s4@group-4CF2EC507520:t0, leader=null, voted=, raftlog=Memoized:s4@group-4CF2EC507520-SegmentedRaftLog:OPENED:c-1:lastnull, conf=conf: {index: -1, cur=peers:[]|listeners:[], old=null} STARTING
   FOLLOWER s4@group-6AB839334A82:t0, leader=null, voted=, raftlog=Memoized:s4@group-6AB839334A82-SegmentedRaftLog:OPENED:c-1:lastnull, conf=conf: {index: -1, cur=peers:[]|listeners:[], old=null} STARTING] size=2
  s5:  RUNNING [
   FOLLOWER s5@group-4CF2EC507520:t0, leader=null, voted=, raftlog=Memoized:s5@group-4CF2EC507520-SegmentedRaftLog:OPENED:c-1:lastnull, conf=conf: {index: -1, cur=peers:[]|listeners:[], old=null} STARTING
   FOLLOWER s5@group-6AB839334A82:t0, leader=null, voted=, raftlog=Memoized:s5@group-6AB839334A82-SegmentedRaftLog:OPENED:c-1:lastnull, conf=conf: {index: -1, cur=peers:[]|listeners:[], old=null} STARTING] size=2
  s6:  RUNNING [
   FOLLOWER s6@group-4CF2EC507520:t0, leader=null, voted=, raftlog=Memoized:s6@group-4CF2EC507520-SegmentedRaftLog:OPENED:c-1:lastnull, conf=conf: {index: -1, cur=peers:[]|listeners:[], old=null} STARTING
   FOLLOWER s6@group-6AB839334A82:t0, leader=null, voted=, raftlog=Memoized:s6@group-6AB839334A82-SegmentedRaftLog:OPENED:c-1:lastnull, conf=conf: {index: -1, cur=peers:[]|listeners:[], old=null} STARTING] size=2
  s7:  RUNNING [
     LEADER s7@group-4CF2EC507520:t1, leader=s7, voted=s7, raftlog=Memoized:s7@group-4CF2EC507520-SegmentedRaftLog:OPENED:c123:last(t:1, i:124), conf=conf: {index: 123, cur=peers:[s7, s8, s9, s0, s1]|listeners:[], old=null} RUNNING
   FOLLOWER s7@group-6AB839334A82:t0, leader=null, voted=, raftlog=Memoized:s7@group-6AB839334A82-SegmentedRaftLog:OPENED:c-1:lastnull, conf=conf: {index: -1, cur=peers:[]|listeners:[], old=null} STARTING] size=2
  s8:  RUNNING [
   FOLLOWER s8@group-4CF2EC507520:t1, leader=s7, voted=s7, raftlog=Memoized:s8@group-4CF2EC507520-SegmentedRaftLog:OPENED:c123:last(t:1, i:124), conf=conf: {index: 123, cur=peers:[s7|, s8|, s9|, s0|, s1|]|listeners:[], old=null} RUNNING
   FOLLOWER s8@group-6AB839334A82:t0, leader=null, voted=, raftlog=Memoized:s8@group-6AB839334A82-SegmentedRaftLog:OPENED:c-1:lastnull, conf=conf: {index: -1, cur=peers:[]|listeners:[], old=null} STARTING] size=2
  s9:  RUNNING [
   FOLLOWER s9@group-4CF2EC507520:t1, leader=s7, voted=s7, raftlog=Memoized:s9@group-4CF2EC507520-SegmentedRaftLog:OPENED:c123:last(t:1, i:124), conf=conf: {index: 123, cur=peers:[s7|, s8|, s9|, s0|, s1|]|listeners:[], old=null} RUNNING
   FOLLOWER s9@group-6AB839334A82:t0, leader=null, voted=, raftlog=Memoized:s9@group-6AB839334A82-SegmentedRaftLog:OPENED:c-1:lastnull, conf=conf: {index: -1, cur=peers:[]|listeners:[], old=null} STARTING] size=2
  s11:  RUNNING [
   FOLLOWER s11@group-4CF2EC507520:t1, leader=s7, voted=null, raftlog=Memoized:s11@group-4CF2EC507520-SegmentedRaftLog:OPENED:c123:last(t:1, i:124), conf=conf: {index: 123, cur=peers:[s7|, s8|, s9|, s0|, s1|]|listeners:[], old=null} STARTING
   FOLLOWER s11@group-6AB839334A82:t0, leader=null, voted=, raftlog=Memoized:s11@group-6AB839334A82-SegmentedRaftLog:OPENED:c-1:lastnull, conf=conf: {index: -1, cur=peers:[]|listeners:[], old=null} STARTING] size=2
  s10:  RUNNING [
   FOLLOWER s10@group-4CF2EC507520:t1, leader=s7, voted=null, raftlog=Memoized:s10@group-4CF2EC507520-SegmentedRaftLog:OPENED:c123:last(t:1, i:124), conf=conf: {index: 123, cur=peers:[s7|, s8|, s9|, s0|, s1|]|listeners:[], old=null} STARTING
   FOLLOWER s10@group-6AB839334A82:t0, leader=null, voted=, raftlog=Memoized:s10@group-6AB839334A82-SegmentedRaftLog:OPENED:c-1:lastnull, conf=conf: {index: -1, cur=peers:[]|listeners:[], old=null} STARTING] size=2
  s13:  RUNNING [
   FOLLOWER s13@group-4CF2EC507520:t1, leader=s7, voted=null, raftlog=Memoized:s13@group-4CF2EC507520-SegmentedRaftLog:OPENED:c123:last(t:1, i:124), conf=conf: {index: 123, cur=peers:[s7|, s8|, s9|, s0|, s1|]|listeners:[], old=null} STARTING
   FOLLOWER s13@group-6AB839334A82:t0, leader=null, voted=, raftlog=Memoized:s13@group-6AB839334A82-SegmentedRaftLog:OPENED:c-1:lastnull, conf=conf: {index: -1, cur=peers:[]|listeners:[], old=null} STARTING] size=2
  s12:  RUNNING [
   FOLLOWER s12@group-4CF2EC507520:t1, leader=s7, voted=null, raftlog=Memoized:s12@group-4CF2EC507520-SegmentedRaftLog:OPENED:c123:last(t:1, i:124), conf=conf: {index: 123, cur=peers:[s7|, s8|, s9|, s0|, s1|]|listeners:[], old=null} STARTING
   FOLLOWER s12@group-6AB839334A82:t0, leader=null, voted=, raftlog=Memoized:s12@group-6AB839334A82-SegmentedRaftLog:OPENED:c-1:lastnull, conf=conf: {index: -1, cur=peers:[]|listeners:[], old=null} STARTING] size=2
  s14:  RUNNING [
   FOLLOWER s14@group-4CF2EC507520:t0, leader=null, voted=, raftlog=Memoized:s14@group-4CF2EC507520-SegmentedRaftLog:OPENED:c-1:lastnull, conf=conf: {index: -1, cur=peers:[]|listeners:[], old=null} STARTING
   FOLLOWER s14@group-6AB839334A82:t0, leader=null, voted=, raftlog=Memoized:s14@group-6AB839334A82-SegmentedRaftLog:OPENED:c-1:lastnull, conf=conf: {index: -1, cur=peers:[]|listeners:[], old=null} STARTING] size=2
  s0:  RUNNING [
   FOLLOWER s0@group-4CF2EC507520:t1, leader=s7, voted=null, raftlog=Memoized:s0@group-4CF2EC507520-SegmentedRaftLog:OPENED:c123:last(t:1, i:124), conf=conf: {index: 123, cur=peers:[s7|, s8|, s9|, s0|, s1|]|listeners:[], old=null} STARTING
   FOLLOWER s0@group-6AB839334A82:t0, leader=null, voted=, raftlog=Memoized:s0@group-6AB839334A82-SegmentedRaftLog:OPENED:c-1:lastnull, conf=conf: {index: -1, cur=peers:[]|listeners:[], old=null} STARTING] size=2
  s1:  RUNNING [
   FOLLOWER s1@group-4CF2EC507520:t1, leader=s7, voted=null, raftlog=Memoized:s1@group-4CF2EC507520-SegmentedRaftLog:OPENED:c123:last(t:1, i:124), conf=conf: {index: 123, cur=peers:[s7|, s8|, s9|, s0|, s1|]|listeners:[], old=null} STARTING
   FOLLOWER s1@group-6AB839334A82:t0, leader=null, voted=, raftlog=Memoized:s1@group-6AB839334A82-SegmentedRaftLog:OPENED:c-1:lastnull, conf=conf: {index: -1, cur=peers:[]|listeners:[], old=null} STARTING] size=2
  s2:  RUNNING [
   FOLLOWER s2@group-4CF2EC507520:t0, leader=null, voted=, raftlog=Memoized:s2@group-4CF2EC507520-SegmentedRaftLog:OPENED:c-1:lastnull, conf=conf: {index: -1, cur=peers:[]|listeners:[], old=null} STARTING
   FOLLOWER s2@group-6AB839334A82:t0, leader=null, voted=, raftlog=Memoized:s2@group-6AB839334A82-SegmentedRaftLog:OPENED:c-1:lastnull, conf=conf: {index: -1, cur=peers:[]|listeners:[], old=null} STARTING] size=2
2024-12-25 19:07:07,117 INFO  server.RaftServer$Division (RaftServerImpl.java:setConfigurationAsync(1348)) - s7@group-4CF2EC507520: receive setConfiguration SetConfigurationRequest:client-9E894F3AA110->s7@group-4CF2EC507520, cid=2065, seq=null, RW, null, SET_UNCONDITIONALLY, servers:[s11, s10, s7, s13, s8, s12, s9, s0, s1], listeners:[]
2024-12-25 19:07:07,217 INFO  server.RaftServer$Division (RaftServerImpl.java:setConfigurationAsync(1348)) - s9@group-4CF2EC507520: receive setConfiguration SetConfigurationRequest:client-9E894F3AA110->s9@group-4CF2EC507520, cid=2065, seq=null, RW, null, SET_UNCONDITIONALLY, servers:[s11, s10, s7, s13, s8, s12, s9, s0, s1], listeners:[]
2024-12-25 19:07:07,318 INFO  server.RaftServer$Division (RaftServerImpl.java:setConfigurationAsync(1348)) - s7@group-4CF2EC507520: receive setConfiguration SetConfigurationRequest:client-9E894F3AA110->s7@group-4CF2EC507520, cid=2065, seq=null, RW, null, SET_UNCONDITIONALLY, servers:[s11, s10, s7, s13, s8, s12, s9, s0, s1], listeners:[]
2024-12-25 19:07:07,418 INFO  server.RaftServer$Division (RaftServerImpl.java:setConfigurationAsync(1348)) - s9@group-4CF2EC507520: receive setConfiguration SetConfigurationRequest:client-9E894F3AA110->s9@group-4CF2EC507520, cid=2065, seq=null, RW, null, SET_UNCONDITIONALLY, servers:[s11, s10, s7, s13, s8, s12, s9, s0, s1], listeners:[]
2024-12-25 19:07:07,519 INFO  server.RaftServer$Division (RaftServerImpl.java:setConfigurationAsync(1348)) - s7@group-4CF2EC507520: receive setConfiguration SetConfigurationRequest:client-9E894F3AA110->s7@group-4CF2EC507520, cid=2065, seq=null, RW, null, SET_UNCONDITIONALLY, servers:[s11, s10, s7, s13, s8, s12, s9, s0, s1], listeners:[]
2024-12-25 19:07:07,619 INFO  server.RaftServer$Division (RaftServerImpl.java:setConfigurationAsync(1348)) - s8@group-4CF2EC507520: receive setConfiguration SetConfigurationRequest:client-9E894F3AA110->s8@group-4CF2EC507520, cid=2065, seq=null, RW, null, SET_UNCONDITIONALLY, servers:[s11, s10, s7, s13, s8, s12, s9, s0, s1], listeners:[]
2024-12-25 19:07:07,719 INFO  server.RaftServer$Division (RaftServerImpl.java:setConfigurationAsync(1348)) - s7@group-4CF2EC507520: receive setConfiguration SetConfigurationRequest:client-9E894F3AA110->s7@group-4CF2EC507520, cid=2065, seq=null, RW, null, SET_UNCONDITIONALLY, servers:[s11, s10, s7, s13, s8, s12, s9, s0, s1], listeners:[]
2024-12-25 19:07:07,819 INFO  server.RaftServer$Division (RaftServerImpl.java:setConfigurationAsync(1348)) - s0@group-4CF2EC507520: receive setConfiguration SetConfigurationRequest:client-9E894F3AA110->s0@group-4CF2EC507520, cid=2065, seq=null, RW, null, SET_UNCONDITIONALLY, servers:[s11, s10, s7, s13, s8, s12, s9, s0, s1], listeners:[]
2024-12-25 19:07:07,920 INFO  server.RaftServer$Division (RaftServerImpl.java:setConfigurationAsync(1348)) - s7@group-4CF2EC507520: receive setConfiguration SetConfigurationRequest:client-9E894F3AA110->s7@group-4CF2EC507520, cid=2065, seq=null, RW, null, SET_UNCONDITIONALLY, servers:[s11, s10, s7, s13, s8, s12, s9, s0, s1], listeners:[]
2024-12-25 19:07:08,020 INFO  server.RaftServer$Division (RaftServerImpl.java:setConfigurationAsync(1348)) - s1@group-4CF2EC507520: receive setConfiguration SetConfigurationRequest:client-9E894F3AA110->s1@group-4CF2EC507520, cid=2065, seq=null, RW, null, SET_UNCONDITIONALLY, servers:[s11, s10, s7, s13, s8, s12, s9, s0, s1], listeners:[]
2024-12-25 19:07:08,120 INFO  server.RaftServer$Division (RaftServerImpl.java:setConfigurationAsync(1348)) - s9@group-4CF2EC507520: receive setConfiguration SetConfigurationRequest:client-9E894F3AA110->s9@group-4CF2EC507520, cid=2065, seq=null, RW, null, SET_UNCONDITIONALLY, servers:[s11, s10, s7, s13, s8, s12, s9, s0, s1], listeners:[]
2024-12-25 19:07:08,220 INFO  server.RaftServer$Division (RaftServerImpl.java:setConfigurationAsync(1348)) - s7@group-4CF2EC507520: receive setConfiguration SetConfigurationRequest:client-9E894F3AA110->s7@group-4CF2EC507520, cid=2065, seq=null, RW, null, SET_UNCONDITIONALLY, servers:[s11, s10, s7, s13, s8, s12, s9, s0, s1], listeners:[]
2024-12-25 19:07:08,321 INFO  server.RaftServer$Division (RaftServerImpl.java:setConfigurationAsync(1348)) - s0@group-4CF2EC507520: receive setConfiguration SetConfigurationRequest:client-9E894F3AA110->s0@group-4CF2EC507520, cid=2065, seq=null, RW, null, SET_UNCONDITIONALLY, servers:[s11, s10, s7, s13, s8, s12, s9, s0, s1], listeners:[]
2024-12-25 19:07:08,421 INFO  server.RaftServer$Division (RaftServerImpl.java:setConfigurationAsync(1348)) - s1@group-4CF2EC507520: receive setConfiguration SetConfigurationRequest:client-9E894F3AA110->s1@group-4CF2EC507520, cid=2065, seq=null, RW, null, SET_UNCONDITIONALLY, servers:[s11, s10, s7, s13, s8, s12, s9, s0, s1], listeners:[]
2024-12-25 19:07:08,521 INFO  server.RaftServer$Division (RaftServerImpl.java:setConfigurationAsync(1348)) - s9@group-4CF2EC507520: receive setConfiguration SetConfigurationRequest:client-9E894F3AA110->s9@group-4CF2EC507520, cid=2065, seq=null, RW, null, SET_UNCONDITIONALLY, servers:[s11, s10, s7, s13, s8, s12, s9, s0, s1], listeners:[]
2024-12-25 19:07:08,622 INFO  server.RaftServer$Division (RaftServerImpl.java:setConfigurationAsync(1348)) - s7@group-4CF2EC507520: receive setConfiguration SetConfigurationRequest:client-9E894F3AA110->s7@group-4CF2EC507520, cid=2065, seq=null, RW, null, SET_UNCONDITIONALLY, servers:[s11, s10, s7, s13, s8, s12, s9, s0, s1], listeners:[]
2024-12-25 19:07:08,722 INFO  server.RaftServer$Division (RaftServerImpl.java:setConfigurationAsync(1348)) - s8@group-4CF2EC507520: receive setConfiguration SetConfigurationRequest:client-9E894F3AA110->s8@group-4CF2EC507520, cid=2065, seq=null, RW, null, SET_UNCONDITIONALLY, servers:[s11, s10, s7, s13, s8, s12, s9, s0, s1], listeners:[]
2024-12-25 19:07:08,822 INFO  server.RaftServer$Division (RaftServerImpl.java:setConfigurationAsync(1348)) - s7@group-4CF2EC507520: receive setConfiguration SetConfigurationRequest:client-9E894F3AA110->s7@group-4CF2EC507520, cid=2065, seq=null, RW, null, SET_UNCONDITIONALLY, servers:[s11, s10, s7, s13, s8, s12, s9, s0, s1], listeners:[]
2024-12-25 19:07:08,923 INFO  server.RaftServer$Division (RaftServerImpl.java:setConfigurationAsync(1348)) - s9@group-4CF2EC507520: receive setConfiguration SetConfigurationRequest:client-9E894F3AA110->s9@group-4CF2EC507520, cid=2065, seq=null, RW, null, SET_UNCONDITIONALLY, servers:[s11, s10, s7, s13, s8, s12, s9, s0, s1], listeners:[]
2024-12-25 19:07:09,023 INFO  server.RaftServer$Division (RaftServerImpl.java:setConfigurationAsync(1348)) - s7@group-4CF2EC507520: receive setConfiguration SetConfigurationRequest:client-9E894F3AA110->s7@group-4CF2EC507520, cid=2065, seq=null, RW, null, SET_UNCONDITIONALLY, servers:[s11, s10, s7, s13, s8, s12, s9, s0, s1], listeners:[]
2024-12-25 19:07:09,123 INFO  server.RaftServer$Division (RaftServerImpl.java:setConfigurationAsync(1348)) - s9@group-4CF2EC507520: receive setConfiguration SetConfigurationRequest:client-9E894F3AA110->s9@group-4CF2EC507520, cid=2065, seq=null, RW, null, SET_UNCONDITIONALLY, servers:[s11, s10, s7, s13, s8, s12, s9, s0, s1], listeners:[]
2024-12-25 19:07:09,223 INFO  server.RaftServer$Division (RaftServerImpl.java:setConfigurationAsync(1348)) - s7@group-4CF2EC507520: receive setConfiguration SetConfigurationRequest:client-9E894F3AA110->s7@group-4CF2EC507520, cid=2065, seq=null, RW, null, SET_UNCONDITIONALLY, servers:[s11, s10, s7, s13, s8, s12, s9, s0, s1], listeners:[]
2024-12-25 19:07:09,324 INFO  server.RaftServer$Division (RaftServerImpl.java:setConfigurationAsync(1348)) - s1@group-4CF2EC507520: receive setConfiguration SetConfigurationRequest:client-9E894F3AA110->s1@group-4CF2EC507520, cid=2065, seq=null, RW, null, SET_UNCONDITIONALLY, servers:[s11, s10, s7, s13, s8, s12, s9, s0, s1], listeners:[]
2024-12-25 19:07:09,424 INFO  server.RaftServer$Division (RaftServerImpl.java:setConfigurationAsync(1348)) - s8@group-4CF2EC507520: receive setConfiguration SetConfigurationRequest:client-9E894F3AA110->s8@group-4CF2EC507520, cid=2065, seq=null, RW, null, SET_UNCONDITIONALLY, servers:[s11, s10, s7, s13, s8, s12, s9, s0, s1], listeners:[]
2024-12-25 19:07:09,524 INFO  server.RaftServer$Division (RaftServerImpl.java:setConfigurationAsync(1348)) - s7@group-4CF2EC507520: receive setConfiguration SetConfigurationRequest:client-9E894F3AA110->s7@group-4CF2EC507520, cid=2065, seq=null, RW, null, SET_UNCONDITIONALLY, servers:[s11, s10, s7, s13, s8, s12, s9, s0, s1], listeners:[]
2024-12-25 19:07:09,624 INFO  server.RaftServer$Division (RaftServerImpl.java:setConfigurationAsync(1348)) - s9@group-4CF2EC507520: receive setConfiguration SetConfigurationRequest:client-9E894F3AA110->s9@group-4CF2EC507520, cid=2065, seq=null, RW, null, SET_UNCONDITIONALLY, servers:[s11, s10, s7, s13, s8, s12, s9, s0, s1], listeners:[]
2024-12-25 19:07:09,725 INFO  server.RaftServer$Division (RaftServerImpl.java:setConfigurationAsync(1348)) - s7@group-4CF2EC507520: receive setConfiguration SetConfigurationRequest:client-9E894F3AA110->s7@group-4CF2EC507520, cid=2065, seq=null, RW, null, SET_UNCONDITIONALLY, servers:[s11, s10, s7, s13, s8, s12, s9, s0, s1], listeners:[]
2024-12-25 19:07:09,825 INFO  server.RaftServer$Division (RaftServerImpl.java:setConfigurationAsync(1348)) - s0@group-4CF2EC507520: receive setConfiguration SetConfigurationRequest:client-9E894F3AA110->s0@group-4CF2EC507520, cid=2065, seq=null, RW, null, SET_UNCONDITIONALLY, servers:[s11, s10, s7, s13, s8, s12, s9, s0, s1], listeners:[]
2024-12-25 19:07:09,925 INFO  server.RaftServer$Division (RaftServerImpl.java:setConfigurationAsync(1348)) - s8@group-4CF2EC507520: receive setConfiguration SetConfigurationRequest:client-9E894F3AA110->s8@group-4CF2EC507520, cid=2065, seq=null, RW, null, SET_UNCONDITIONALLY, servers:[s11, s10, s7, s13, s8, s12, s9, s0, s1], listeners:[]
2024-12-25 19:07:10,026 INFO  server.RaftServer$Division (RaftServerImpl.java:setConfigurationAsync(1348)) - s7@group-4CF2EC507520: receive setConfiguration SetConfigurationRequest:client-9E894F3AA110->s7@group-4CF2EC507520, cid=2065, seq=null, RW, null, SET_UNCONDITIONALLY, servers:[s11, s10, s7, s13, s8, s12, s9, s0, s1], listeners:[]
2024-12-25 19:07:10,126 INFO  server.RaftServer$Division (RaftServerImpl.java:setConfigurationAsync(1348)) - s9@group-4CF2EC507520: receive setConfiguration SetConfigurationRequest:client-9E894F3AA110->s9@group-4CF2EC507520, cid=2065, seq=null, RW, null, SET_UNCONDITIONALLY, servers:[s11, s10, s7, s13, s8, s12, s9, s0, s1], listeners:[]
2024-12-25 19:07:10,226 INFO  server.RaftServer$Division (RaftServerImpl.java:setConfigurationAsync(1348)) - s7@group-4CF2EC507520: receive setConfiguration SetConfigurationRequest:client-9E894F3AA110->s7@group-4CF2EC507520, cid=2065, seq=null, RW, null, SET_UNCONDITIONALLY, servers:[s11, s10, s7, s13, s8, s12, s9, s0, s1], listeners:[]
2024-12-25 19:07:10,326 INFO  server.RaftServer$Division (RaftServerImpl.java:setConfigurationAsync(1348)) - s8@group-4CF2EC507520: receive setConfiguration SetConfigurationRequest:client-9E894F3AA110->s8@group-4CF2EC507520, cid=2065, seq=null, RW, null, SET_UNCONDITIONALLY, servers:[s11, s10, s7, s13, s8, s12, s9, s0, s1], listeners:[]
2024-12-25 19:07:10,427 INFO  server.RaftServer$Division (RaftServerImpl.java:setConfigurationAsync(1348)) - s7@group-4CF2EC507520: receive setConfiguration SetConfigurationRequest:client-9E894F3AA110->s7@group-4CF2EC507520, cid=2065, seq=null, RW, null, SET_UNCONDITIONALLY, servers:[s11, s10, s7, s13, s8, s12, s9, s0, s1], listeners:[]
2024-12-25 19:07:10,527 INFO  server.RaftServer$Division (RaftServerImpl.java:setConfigurationAsync(1348)) - s1@group-4CF2EC507520: receive setConfiguration SetConfigurationRequest:client-9E894F3AA110->s1@group-4CF2EC507520, cid=2065, seq=null, RW, null, SET_UNCONDITIONALLY, servers:[s11, s10, s7, s13, s8, s12, s9, s0, s1], listeners:[]
2024-12-25 19:07:10,627 INFO  server.RaftServer$Division (RaftServerImpl.java:setConfigurationAsync(1348)) - s7@group-4CF2EC507520: receive setConfiguration SetConfigurationRequest:client-9E894F3AA110->s7@group-4CF2EC507520, cid=2065, seq=null, RW, null, SET_UNCONDITIONALLY, servers:[s11, s10, s7, s13, s8, s12, s9, s0, s1], listeners:[]
2024-12-25 19:07:10,728 INFO  server.RaftServer$Division (RaftServerImpl.java:setConfigurationAsync(1348)) - s9@group-4CF2EC507520: receive setConfiguration SetConfigurationRequest:client-9E894F3AA110->s9@group-4CF2EC507520, cid=2065, seq=null, RW, null, SET_UNCONDITIONALLY, servers:[s11, s10, s7, s13, s8, s12, s9, s0, s1], listeners:[]
2024-12-25 19:07:10,828 INFO  server.RaftServer$Division (RaftServerImpl.java:setConfigurationAsync(1348)) - s7@group-4CF2EC507520: receive setConfiguration SetConfigurationRequest:client-9E894F3AA110->s7@group-4CF2EC507520, cid=2065, seq=null, RW, null, SET_UNCONDITIONALLY, servers:[s11, s10, s7, s13, s8, s12, s9, s0, s1], listeners:[]
2024-12-25 19:07:10,928 INFO  server.RaftServer$Division (RaftServerImpl.java:setConfigurationAsync(1348)) - s0@group-4CF2EC507520: receive setConfiguration SetConfigurationRequest:client-9E894F3AA110->s0@group-4CF2EC507520, cid=2065, seq=null, RW, null, SET_UNCONDITIONALLY, servers:[s11, s10, s7, s13, s8, s12, s9, s0, s1], listeners:[]
2024-12-25 19:07:11,029 INFO  server.RaftServer$Division (RaftServerImpl.java:setConfigurationAsync(1348)) - s7@group-4CF2EC507520: receive setConfiguration SetConfigurationRequest:client-9E894F3AA110->s7@group-4CF2EC507520, cid=2065, seq=null, RW, null, SET_UNCONDITIONALLY, servers:[s11, s10, s7, s13, s8, s12, s9, s0, s1], listeners:[]
2024-12-25 19:07:11,129 INFO  server.RaftServer$Division (RaftServerImpl.java:setConfigurationAsync(1348)) - s1@group-4CF2EC507520: receive setConfiguration SetConfigurationRequest:client-9E894F3AA110->s1@group-4CF2EC507520, cid=2065, seq=null, RW, null, SET_UNCONDITIONALLY, servers:[s11, s10, s7, s13, s8, s12, s9, s0, s1], listeners:[]
2024-12-25 19:07:11,229 INFO  server.RaftServer$Division (RaftServerImpl.java:setConfigurationAsync(1348)) - s0@group-4CF2EC507520: receive setConfiguration SetConfigurationRequest:client-9E894F3AA110->s0@group-4CF2EC507520, cid=2065, seq=null, RW, null, SET_UNCONDITIONALLY, servers:[s11, s10, s7, s13, s8, s12, s9, s0, s1], listeners:[]
2024-12-25 19:07:11,330 INFO  server.RaftServer$Division (RaftServerImpl.java:setConfigurationAsync(1348)) - s9@group-4CF2EC507520: receive setConfiguration SetConfigurationRequest:client-9E894F3AA110->s9@group-4CF2EC507520, cid=2065, seq=null, RW, null, SET_UNCONDITIONALLY, servers:[s11, s10, s7, s13, s8, s12, s9, s0, s1], listeners:[]
2024-12-25 19:07:11,430 INFO  server.RaftServer$Division (RaftServerImpl.java:setConfigurationAsync(1348)) - s7@group-4CF2EC507520: receive setConfiguration SetConfigurationRequest:client-9E894F3AA110->s7@group-4CF2EC507520, cid=2065, seq=null, RW, null, SET_UNCONDITIONALLY, servers:[s11, s10, s7, s13, s8, s12, s9, s0, s1], listeners:[]
2024-12-25 19:07:11,530 INFO  server.RaftServer$Division (RaftServerImpl.java:setConfigurationAsync(1348)) - s1@group-4CF2EC507520: receive setConfiguration SetConfigurationRequest:client-9E894F3AA110->s1@group-4CF2EC507520, cid=2065, seq=null, RW, null, SET_UNCONDITIONALLY, servers:[s11, s10, s7, s13, s8, s12, s9, s0, s1], listeners:[]
2024-12-25 19:07:11,631 INFO  server.RaftServer$Division (RaftServerImpl.java:setConfigurationAsync(1348)) - s9@group-4CF2EC507520: receive setConfiguration SetConfigurationRequest:client-9E894F3AA110->s9@group-4CF2EC507520, cid=2065, seq=null, RW, null, SET_UNCONDITIONALLY, servers:[s11, s10, s7, s13, s8, s12, s9, s0, s1], listeners:[]
2024-12-25 19:07:11,731 INFO  server.RaftServer$Division (RaftServerImpl.java:setConfigurationAsync(1348)) - s7@group-4CF2EC507520: receive setConfiguration SetConfigurationRequest:client-9E894F3AA110->s7@group-4CF2EC507520, cid=2065, seq=null, RW, null, SET_UNCONDITIONALLY, servers:[s11, s10, s7, s13, s8, s12, s9, s0, s1], listeners:[]
2024-12-25 19:07:11,832 INFO  server.RaftServer$Division (RaftServerImpl.java:setConfigurationAsync(1348)) - s0@group-4CF2EC507520: receive setConfiguration SetConfigurationRequest:client-9E894F3AA110->s0@group-4CF2EC507520, cid=2065, seq=null, RW, null, SET_UNCONDITIONALLY, servers:[s11, s10, s7, s13, s8, s12, s9, s0, s1], listeners:[]
2024-12-25 19:07:11,932 INFO  server.RaftServer$Division (RaftServerImpl.java:setConfigurationAsync(1348)) - s9@group-4CF2EC507520: receive setConfiguration SetConfigurationRequest:client-9E894F3AA110->s9@group-4CF2EC507520, cid=2065, seq=null, RW, null, SET_UNCONDITIONALLY, servers:[s11, s10, s7, s13, s8, s12, s9, s0, s1], listeners:[]
2024-12-25 19:07:12,033 INFO  server.RaftServer$Division (RaftServerImpl.java:setConfigurationAsync(1348)) - s7@group-4CF2EC507520: receive setConfiguration SetConfigurationRequest:client-9E894F3AA110->s7@group-4CF2EC507520, cid=2065, seq=null, RW, null, SET_UNCONDITIONALLY, servers:[s11, s10, s7, s13, s8, s12, s9, s0, s1], listeners:[]
2024-12-25 19:07:12,133 INFO  server.RaftServer$Division (RaftServerImpl.java:setConfigurationAsync(1348)) - s9@group-4CF2EC507520: receive setConfiguration SetConfigurationRequest:client-9E894F3AA110->s9@group-4CF2EC507520, cid=2065, seq=null, RW, null, SET_UNCONDITIONALLY, servers:[s11, s10, s7, s13, s8, s12, s9, s0, s1], listeners:[]
2024-12-25 19:07:12,233 INFO  server.RaftServer$Division (RaftServerImpl.java:setConfigurationAsync(1348)) - s7@group-4CF2EC507520: receive setConfiguration SetConfigurationRequest:client-9E894F3AA110->s7@group-4CF2EC507520, cid=2065, seq=null, RW, null, SET_UNCONDITIONALLY, servers:[s11, s10, s7, s13, s8, s12, s9, s0, s1], listeners:[]
2024-12-25 19:07:12,334 INFO  server.RaftServer$Division (RaftServerImpl.java:setConfigurationAsync(1348)) - s1@group-4CF2EC507520: receive setConfiguration SetConfigurationRequest:client-9E894F3AA110->s1@group-4CF2EC507520, cid=2065, seq=null, RW, null, SET_UNCONDITIONALLY, servers:[s11, s10, s7, s13, s8, s12, s9, s0, s1], listeners:[]
2024-12-25 19:07:12,434 INFO  server.RaftServer$Division (RaftServerImpl.java:setConfigurationAsync(1348)) - s0@group-4CF2EC507520: receive setConfiguration SetConfigurationRequest:client-9E894F3AA110->s0@group-4CF2EC507520, cid=2065, seq=null, RW, null, SET_UNCONDITIONALLY, servers:[s11, s10, s7, s13, s8, s12, s9, s0, s1], listeners:[]
2024-12-25 19:07:12,534 INFO  server.RaftServer$Division (RaftServerImpl.java:setConfigurationAsync(1348)) - s1@group-4CF2EC507520: receive setConfiguration SetConfigurationRequest:client-9E894F3AA110->s1@group-4CF2EC507520, cid=2065, seq=null, RW, null, SET_UNCONDITIONALLY, servers:[s11, s10, s7, s13, s8, s12, s9, s0, s1], listeners:[]
2024-12-25 19:07:12,634 INFO  server.RaftServer$Division (RaftServerImpl.java:setConfigurationAsync(1348)) - s7@group-4CF2EC507520: receive setConfiguration SetConfigurationRequest:client-9E894F3AA110->s7@group-4CF2EC507520, cid=2065, seq=null, RW, null, SET_UNCONDITIONALLY, servers:[s11, s10, s7, s13, s8, s12, s9, s0, s1], listeners:[]
2024-12-25 19:07:12,735 INFO  server.RaftServer$Division (RaftServerImpl.java:setConfigurationAsync(1348)) - s9@group-4CF2EC507520: receive setConfiguration SetConfigurationRequest:client-9E894F3AA110->s9@group-4CF2EC507520, cid=2065, seq=null, RW, null, SET_UNCONDITIONALLY, servers:[s11, s10, s7, s13, s8, s12, s9, s0, s1], listeners:[]
2024-12-25 19:07:12,835 INFO  server.RaftServer$Division (RaftServerImpl.java:setConfigurationAsync(1348)) - s7@group-4CF2EC507520: receive setConfiguration SetConfigurationRequest:client-9E894F3AA110->s7@group-4CF2EC507520, cid=2065, seq=null, RW, null, SET_UNCONDITIONALLY, servers:[s11, s10, s7, s13, s8, s12, s9, s0, s1], listeners:[]
2024-12-25 19:07:12,935 INFO  server.RaftServer$Division (RaftServerImpl.java:setConfigurationAsync(1348)) - s8@group-4CF2EC507520: receive setConfiguration SetConfigurationRequest:client-9E894F3AA110->s8@group-4CF2EC507520, cid=2065, seq=null, RW, null, SET_UNCONDITIONALLY, servers:[s11, s10, s7, s13, s8, s12, s9, s0, s1], listeners:[]
2024-12-25 19:07:13,035 INFO  server.RaftServer$Division (RaftServerImpl.java:setConfigurationAsync(1348)) - s7@group-4CF2EC507520: receive setConfiguration SetConfigurationRequest:client-9E894F3AA110->s7@group-4CF2EC507520, cid=2065, seq=null, RW, null, SET_UNCONDITIONALLY, servers:[s11, s10, s7, s13, s8, s12, s9, s0, s1], listeners:[]
2024-12-25 19:07:13,136 INFO  server.RaftServer$Division (RaftServerImpl.java:setConfigurationAsync(1348)) - s0@group-4CF2EC507520: receive setConfiguration SetConfigurationRequest:client-9E894F3AA110->s0@group-4CF2EC507520, cid=2065, seq=null, RW, null, SET_UNCONDITIONALLY, servers:[s11, s10, s7, s13, s8, s12, s9, s0, s1], listeners:[]
2024-12-25 19:07:13,236 INFO  server.RaftServer$Division (RaftServerImpl.java:setConfigurationAsync(1348)) - s9@group-4CF2EC507520: receive setConfiguration SetConfigurationRequest:client-9E894F3AA110->s9@group-4CF2EC507520, cid=2065, seq=null, RW, null, SET_UNCONDITIONALLY, servers:[s11, s10, s7, s13, s8, s12, s9, s0, s1], listeners:[]
2024-12-25 19:07:13,336 INFO  server.RaftServer$Division (RaftServerImpl.java:setConfigurationAsync(1348)) - s7@group-4CF2EC507520: receive setConfiguration SetConfigurationRequest:client-9E894F3AA110->s7@group-4CF2EC507520, cid=2065, seq=null, RW, null, SET_UNCONDITIONALLY, servers:[s11, s10, s7, s13, s8, s12, s9, s0, s1], listeners:[]
2024-12-25 19:07:13,437 INFO  server.RaftServer$Division (RaftServerImpl.java:setConfigurationAsync(1348)) - s1@group-4CF2EC507520: receive setConfiguration SetConfigurationRequest:client-9E894F3AA110->s1@group-4CF2EC507520, cid=2065, seq=null, RW, null, SET_UNCONDITIONALLY, servers:[s11, s10, s7, s13, s8, s12, s9, s0, s1], listeners:[]
2024-12-25 19:07:13,537 INFO  server.RaftServer$Division (RaftServerImpl.java:setConfigurationAsync(1348)) - s9@group-4CF2EC507520: receive setConfiguration SetConfigurationRequest:client-9E894F3AA110->s9@group-4CF2EC507520, cid=2065, seq=null, RW, null, SET_UNCONDITIONALLY, servers:[s11, s10, s7, s13, s8, s12, s9, s0, s1], listeners:[]
2024-12-25 19:07:13,637 INFO  server.RaftServer$Division (RaftServerImpl.java:setConfigurationAsync(1348)) - s7@group-4CF2EC507520: receive setConfiguration SetConfigurationRequest:client-9E894F3AA110->s7@group-4CF2EC507520, cid=2065, seq=null, RW, null, SET_UNCONDITIONALLY, servers:[s11, s10, s7, s13, s8, s12, s9, s0, s1], listeners:[]
2024-12-25 19:07:13,737 INFO  server.RaftServer$Division (RaftServerImpl.java:setConfigurationAsync(1348)) - s8@group-4CF2EC507520: receive setConfiguration SetConfigurationRequest:client-9E894F3AA110->s8@group-4CF2EC507520, cid=2065, seq=null, RW, null, SET_UNCONDITIONALLY, servers:[s11, s10, s7, s13, s8, s12, s9, s0, s1], listeners:[]
2024-12-25 19:07:13,838 INFO  server.RaftServer$Division (RaftServerImpl.java:setConfigurationAsync(1348)) - s7@group-4CF2EC507520: receive setConfiguration SetConfigurationRequest:client-9E894F3AA110->s7@group-4CF2EC507520, cid=2065, seq=null, RW, null, SET_UNCONDITIONALLY, servers:[s11, s10, s7, s13, s8, s12, s9, s0, s1], listeners:[]
2024-12-25 19:07:13,938 INFO  server.RaftServer$Division (RaftServerImpl.java:setConfigurationAsync(1348)) - s0@group-4CF2EC507520: receive setConfiguration SetConfigurationRequest:client-9E894F3AA110->s0@group-4CF2EC507520, cid=2065, seq=null, RW, null, SET_UNCONDITIONALLY, servers:[s11, s10, s7, s13, s8, s12, s9, s0, s1], listeners:[]
2024-12-25 19:07:14,038 INFO  server.RaftServer$Division (RaftServerImpl.java:setConfigurationAsync(1348)) - s9@group-4CF2EC507520: receive setConfiguration SetConfigurationRequest:client-9E894F3AA110->s9@group-4CF2EC507520, cid=2065, seq=null, RW, null, SET_UNCONDITIONALLY, servers:[s11, s10, s7, s13, s8, s12, s9, s0, s1], listeners:[]
2024-12-25 19:07:14,139 INFO  server.RaftServer$Division (RaftServerImpl.java:setConfigurationAsync(1348)) - s7@group-4CF2EC507520: receive setConfiguration SetConfigurationRequest:client-9E894F3AA110->s7@group-4CF2EC507520, cid=2065, seq=null, RW, null, SET_UNCONDITIONALLY, servers:[s11, s10, s7, s13, s8, s12, s9, s0, s1], listeners:[]
2024-12-25 19:07:14,239 INFO  server.RaftServer$Division (RaftServerImpl.java:setConfigurationAsync(1348)) - s1@group-4CF2EC507520: receive setConfiguration SetConfigurationRequest:client-9E894F3AA110->s1@group-4CF2EC507520, cid=2065, seq=null, RW, null, SET_UNCONDITIONALLY, servers:[s11, s10, s7, s13, s8, s12, s9, s0, s1], listeners:[]
2024-12-25 19:07:14,339 INFO  server.RaftServer$Division (RaftServerImpl.java:setConfigurationAsync(1348)) - s9@group-4CF2EC507520: receive setConfiguration SetConfigurationRequest:client-9E894F3AA110->s9@group-4CF2EC507520, cid=2065, seq=null, RW, null, SET_UNCONDITIONALLY, servers:[s11, s10, s7, s13, s8, s12, s9, s0, s1], listeners:[]
2024-12-25 19:07:14,440 INFO  server.RaftServer$Division (RaftServerImpl.java:setConfigurationAsync(1348)) - s7@group-4CF2EC507520: receive setConfiguration SetConfigurationRequest:client-9E894F3AA110->s7@group-4CF2EC507520, cid=2065, seq=null, RW, null, SET_UNCONDITIONALLY, servers:[s11, s10, s7, s13, s8, s12, s9, s0, s1], listeners:[]
2024-12-25 19:07:14,540 INFO  server.RaftServer$Division (RaftServerImpl.java:setConfigurationAsync(1348)) - s9@group-4CF2EC507520: receive setConfiguration SetConfigurationRequest:client-9E894F3AA110->s9@group-4CF2EC507520, cid=2065, seq=null, RW, null, SET_UNCONDITIONALLY, servers:[s11, s10, s7, s13, s8, s12, s9, s0, s1], listeners:[]
2024-12-25 19:07:14,640 INFO  server.RaftServer$Division (RaftServerImpl.java:setConfigurationAsync(1348)) - s7@group-4CF2EC507520: receive setConfiguration SetConfigurationRequest:client-9E894F3AA110->s7@group-4CF2EC507520, cid=2065, seq=null, RW, null, SET_UNCONDITIONALLY, servers:[s11, s10, s7, s13, s8, s12, s9, s0, s1], listeners:[]
2024-12-25 19:07:14,740 INFO  server.RaftServer$Division (RaftServerImpl.java:setConfigurationAsync(1348)) - s0@group-4CF2EC507520: receive setConfiguration SetConfigurationRequest:client-9E894F3AA110->s0@group-4CF2EC507520, cid=2065, seq=null, RW, null, SET_UNCONDITIONALLY, servers:[s11, s10, s7, s13, s8, s12, s9, s0, s1], listeners:[]
2024-12-25 19:07:14,841 INFO  server.RaftServer$Division (RaftServerImpl.java:setConfigurationAsync(1348)) - s9@group-4CF2EC507520: receive setConfiguration SetConfigurationRequest:client-9E894F3AA110->s9@group-4CF2EC507520, cid=2065, seq=null, RW, null, SET_UNCONDITIONALLY, servers:[s11, s10, s7, s13, s8, s12, s9, s0, s1], listeners:[]
2024-12-25 19:07:14,941 INFO  server.RaftServer$Division (RaftServerImpl.java:setConfigurationAsync(1348)) - s7@group-4CF2EC507520: receive setConfiguration SetConfigurationRequest:client-9E894F3AA110->s7@group-4CF2EC507520, cid=2065, seq=null, RW, null, SET_UNCONDITIONALLY, servers:[s11, s10, s7, s13, s8, s12, s9, s0, s1], listeners:[]
2024-12-25 19:07:15,041 INFO  server.RaftServer$Division (RaftServerImpl.java:setConfigurationAsync(1348)) - s1@group-4CF2EC507520: receive setConfiguration SetConfigurationRequest:client-9E894F3AA110->s1@group-4CF2EC507520, cid=2065, seq=null, RW, null, SET_UNCONDITIONALLY, servers:[s11, s10, s7, s13, s8, s12, s9, s0, s1], listeners:[]
2024-12-25 19:07:15,142 INFO  server.RaftServer$Division (RaftServerImpl.java:setConfigurationAsync(1348)) - s9@group-4CF2EC507520: receive setConfiguration SetConfigurationRequest:client-9E894F3AA110->s9@group-4CF2EC507520, cid=2065, seq=null, RW, null, SET_UNCONDITIONALLY, servers:[s11, s10, s7, s13, s8, s12, s9, s0, s1], listeners:[]
2024-12-25 19:07:15,242 INFO  server.RaftServer$Division (RaftServerImpl.java:setConfigurationAsync(1348)) - s7@group-4CF2EC507520: receive setConfiguration SetConfigurationRequest:client-9E894F3AA110->s7@group-4CF2EC507520, cid=2065, seq=null, RW, null, SET_UNCONDITIONALLY, servers:[s11, s10, s7, s13, s8, s12, s9, s0, s1], listeners:[]
2024-12-25 19:07:15,342 INFO  server.RaftServer$Division (RaftServerImpl.java:setConfigurationAsync(1348)) - s9@group-4CF2EC507520: receive setConfiguration SetConfigurationRequest:client-9E894F3AA110->s9@group-4CF2EC507520, cid=2065, seq=null, RW, null, SET_UNCONDITIONALLY, servers:[s11, s10, s7, s13, s8, s12, s9, s0, s1], listeners:[]
2024-12-25 19:07:15,443 INFO  server.RaftServer$Division (RaftServerImpl.java:setConfigurationAsync(1348)) - s7@group-4CF2EC507520: receive setConfiguration SetConfigurationRequest:client-9E894F3AA110->s7@group-4CF2EC507520, cid=2065, seq=null, RW, null, SET_UNCONDITIONALLY, servers:[s11, s10, s7, s13, s8, s12, s9, s0, s1], listeners:[]
2024-12-25 19:07:15,543 INFO  server.RaftServer$Division (RaftServerImpl.java:setConfigurationAsync(1348)) - s9@group-4CF2EC507520: receive setConfiguration SetConfigurationRequest:client-9E894F3AA110->s9@group-4CF2EC507520, cid=2065, seq=null, RW, null, SET_UNCONDITIONALLY, servers:[s11, s10, s7, s13, s8, s12, s9, s0, s1], listeners:[]
2024-12-25 19:07:15,643 INFO  server.RaftServer$Division (RaftServerImpl.java:setConfigurationAsync(1348)) - s7@group-4CF2EC507520: receive setConfiguration SetConfigurationRequest:client-9E894F3AA110->s7@group-4CF2EC507520, cid=2065, seq=null, RW, null, SET_UNCONDITIONALLY, servers:[s11, s10, s7, s13, s8, s12, s9, s0, s1], listeners:[]
2024-12-25 19:07:15,743 INFO  server.RaftServer$Division (RaftServerImpl.java:setConfigurationAsync(1348)) - s9@group-4CF2EC507520: receive setConfiguration SetConfigurationRequest:client-9E894F3AA110->s9@group-4CF2EC507520, cid=2065, seq=null, RW, null, SET_UNCONDITIONALLY, servers:[s11, s10, s7, s13, s8, s12, s9, s0, s1], listeners:[]
2024-12-25 19:07:15,844 INFO  server.RaftServer$Division (RaftServerImpl.java:setConfigurationAsync(1348)) - s7@group-4CF2EC507520: receive setConfiguration SetConfigurationRequest:client-9E894F3AA110->s7@group-4CF2EC507520, cid=2065, seq=null, RW, null, SET_UNCONDITIONALLY, servers:[s11, s10, s7, s13, s8, s12, s9, s0, s1], listeners:[]
2024-12-25 19:07:15,944 INFO  server.RaftServer$Division (RaftServerImpl.java:setConfigurationAsync(1348)) - s1@group-4CF2EC507520: receive setConfiguration SetConfigurationRequest:client-9E894F3AA110->s1@group-4CF2EC507520, cid=2065, seq=null, RW, null, SET_UNCONDITIONALLY, servers:[s11, s10, s7, s13, s8, s12, s9, s0, s1], listeners:[]
2024-12-25 19:07:16,044 INFO  server.RaftServer$Division (RaftServerImpl.java:setConfigurationAsync(1348)) - s8@group-4CF2EC507520: receive setConfiguration SetConfigurationRequest:client-9E894F3AA110->s8@group-4CF2EC507520, cid=2065, seq=null, RW, null, SET_UNCONDITIONALLY, servers:[s11, s10, s7, s13, s8, s12, s9, s0, s1], listeners:[]
2024-12-25 19:07:16,145 INFO  server.RaftServer$Division (RaftServerImpl.java:setConfigurationAsync(1348)) - s7@group-4CF2EC507520: receive setConfiguration SetConfigurationRequest:client-9E894F3AA110->s7@group-4CF2EC507520, cid=2065, seq=null, RW, null, SET_UNCONDITIONALLY, servers:[s11, s10, s7, s13, s8, s12, s9, s0, s1], listeners:[]
2024-12-25 19:07:16,245 INFO  server.RaftServer$Division (RaftServerImpl.java:setConfigurationAsync(1348)) - s0@group-4CF2EC507520: receive setConfiguration SetConfigurationRequest:client-9E894F3AA110->s0@group-4CF2EC507520, cid=2065, seq=null, RW, null, SET_UNCONDITIONALLY, servers:[s11, s10, s7, s13, s8, s12, s9, s0, s1], listeners:[]
2024-12-25 19:07:16,345 INFO  server.RaftServer$Division (RaftServerImpl.java:setConfigurationAsync(1348)) - s9@group-4CF2EC507520: receive setConfiguration SetConfigurationRequest:client-9E894F3AA110->s9@group-4CF2EC507520, cid=2065, seq=null, RW, null, SET_UNCONDITIONALLY, servers:[s11, s10, s7, s13, s8, s12, s9, s0, s1], listeners:[]
2024-12-25 19:07:16,446 INFO  server.RaftServer$Division (RaftServerImpl.java:setConfigurationAsync(1348)) - s7@group-4CF2EC507520: receive setConfiguration SetConfigurationRequest:client-9E894F3AA110->s7@group-4CF2EC507520, cid=2065, seq=null, RW, null, SET_UNCONDITIONALLY, servers:[s11, s10, s7, s13, s8, s12, s9, s0, s1], listeners:[]
2024-12-25 19:07:16,546 INFO  server.RaftServer$Division (RaftServerImpl.java:setConfigurationAsync(1348)) - s0@group-4CF2EC507520: receive setConfiguration SetConfigurationRequest:client-9E894F3AA110->s0@group-4CF2EC507520, cid=2065, seq=null, RW, null, SET_UNCONDITIONALLY, servers:[s11, s10, s7, s13, s8, s12, s9, s0, s1], listeners:[]
2024-12-25 19:07:16,646 INFO  server.RaftServer$Division (RaftServerImpl.java:setConfigurationAsync(1348)) - s8@group-4CF2EC507520: receive setConfiguration SetConfigurationRequest:client-9E894F3AA110->s8@group-4CF2EC507520, cid=2065, seq=null, RW, null, SET_UNCONDITIONALLY, servers:[s11, s10, s7, s13, s8, s12, s9, s0, s1], listeners:[]
2024-12-25 19:07:16,747 INFO  server.RaftServer$Division (RaftServerImpl.java:setConfigurationAsync(1348)) - s7@group-4CF2EC507520: receive setConfiguration SetConfigurationRequest:client-9E894F3AA110->s7@group-4CF2EC507520, cid=2065, seq=null, RW, null, SET_UNCONDITIONALLY, servers:[s11, s10, s7, s13, s8, s12, s9, s0, s1], listeners:[]
2024-12-25 19:07:16,847 INFO  server.RaftServer$Division (RaftServerImpl.java:setConfigurationAsync(1348)) - s8@group-4CF2EC507520: receive setConfiguration SetConfigurationRequest:client-9E894F3AA110->s8@group-4CF2EC507520, cid=2065, seq=null, RW, null, SET_UNCONDITIONALLY, servers:[s11, s10, s7, s13, s8, s12, s9, s0, s1], listeners:[]
2024-12-25 19:07:16,947 INFO  server.RaftServer$Division (RaftServerImpl.java:setConfigurationAsync(1348)) - s7@group-4CF2EC507520: receive setConfiguration SetConfigurationRequest:client-9E894F3AA110->s7@group-4CF2EC507520, cid=2065, seq=null, RW, null, SET_UNCONDITIONALLY, servers:[s11, s10, s7, s13, s8, s12, s9, s0, s1], listeners:[]
2024-12-25 19:07:17,048 INFO  server.RaftServer$Division (RaftServerImpl.java:setConfigurationAsync(1348)) - s9@group-4CF2EC507520: receive setConfiguration SetConfigurationRequest:client-9E894F3AA110->s9@group-4CF2EC507520, cid=2065, seq=null, RW, null, SET_UNCONDITIONALLY, servers:[s11, s10, s7, s13, s8, s12, s9, s0, s1], listeners:[]
2024-12-25 19:07:17,058 INFO  impl.MiniRaftCluster (MiniRaftCluster.java:lambda$null$7(362)) - TIMED-PRINT: printing ALL groups
  s3:  RUNNING [
   FOLLOWER s3@group-4CF2EC507520:t0, leader=null, voted=, raftlog=Memoized:s3@group-4CF2EC507520-SegmentedRaftLog:OPENED:c-1:lastnull, conf=conf: {index: -1, cur=peers:[]|listeners:[], old=null} STARTING
   FOLLOWER s3@group-6AB839334A82:t0, leader=null, voted=, raftlog=Memoized:s3@group-6AB839334A82-SegmentedRaftLog:OPENED:c-1:lastnull, conf=conf: {index: -1, cur=peers:[]|listeners:[], old=null} STARTING] size=2
  s4:  RUNNING [
   FOLLOWER s4@group-4CF2EC507520:t0, leader=null, voted=, raftlog=Memoized:s4@group-4CF2EC507520-SegmentedRaftLog:OPENED:c-1:lastnull, conf=conf: {index: -1, cur=peers:[]|listeners:[], old=null} STARTING
   FOLLOWER s4@group-6AB839334A82:t0, leader=null, voted=, raftlog=Memoized:s4@group-6AB839334A82-SegmentedRaftLog:OPENED:c-1:lastnull, conf=conf: {index: -1, cur=peers:[]|listeners:[], old=null} STARTING] size=2
  s5:  RUNNING [
   FOLLOWER s5@group-4CF2EC507520:t0, leader=null, voted=, raftlog=Memoized:s5@group-4CF2EC507520-SegmentedRaftLog:OPENED:c-1:lastnull, conf=conf: {index: -1, cur=peers:[]|listeners:[], old=null} STARTING
   FOLLOWER s5@group-6AB839334A82:t0, leader=null, voted=, raftlog=Memoized:s5@group-6AB839334A82-SegmentedRaftLog:OPENED:c-1:lastnull, conf=conf: {index: -1, cur=peers:[]|listeners:[], old=null} STARTING] size=2
  s6:  RUNNING [
   FOLLOWER s6@group-4CF2EC507520:t0, leader=null, voted=, raftlog=Memoized:s6@group-4CF2EC507520-SegmentedRaftLog:OPENED:c-1:lastnull, conf=conf: {index: -1, cur=peers:[]|listeners:[], old=null} STARTING
   FOLLOWER s6@group-6AB839334A82:t0, leader=null, voted=, raftlog=Memoized:s6@group-6AB839334A82-SegmentedRaftLog:OPENED:c-1:lastnull, conf=conf: {index: -1, cur=peers:[]|listeners:[], old=null} STARTING] size=2
  s7:  RUNNING [
     LEADER s7@group-4CF2EC507520:t1, leader=s7, voted=s7, raftlog=Memoized:s7@group-4CF2EC507520-SegmentedRaftLog:OPENED:c123:last(t:1, i:124), conf=conf: {index: 123, cur=peers:[s7, s8, s9, s0, s1]|listeners:[], old=null} RUNNING
   FOLLOWER s7@group-6AB839334A82:t0, leader=null, voted=, raftlog=Memoized:s7@group-6AB839334A82-SegmentedRaftLog:OPENED:c-1:lastnull, conf=conf: {index: -1, cur=peers:[]|listeners:[], old=null} STARTING] size=2
  s8:  RUNNING [
   FOLLOWER s8@group-4CF2EC507520:t1, leader=s7, voted=s7, raftlog=Memoized:s8@group-4CF2EC507520-SegmentedRaftLog:OPENED:c123:last(t:1, i:124), conf=conf: {index: 123, cur=peers:[s7|, s8|, s9|, s0|, s1|]|listeners:[], old=null} RUNNING
   FOLLOWER s8@group-6AB839334A82:t0, leader=null, voted=, raftlog=Memoized:s8@group-6AB839334A82-SegmentedRaftLog:OPENED:c-1:lastnull, conf=conf: {index: -1, cur=peers:[]|listeners:[], old=null} STARTING] size=2
  s9:  RUNNING [
   FOLLOWER s9@group-4CF2EC507520:t1, leader=s7, voted=s7, raftlog=Memoized:s9@group-4CF2EC507520-SegmentedRaftLog:OPENED:c123:last(t:1, i:124), conf=conf: {index: 123, cur=peers:[s7|, s8|, s9|, s0|, s1|]|listeners:[], old=null} RUNNING
   FOLLOWER s9@group-6AB839334A82:t0, leader=null, voted=, raftlog=Memoized:s9@group-6AB839334A82-SegmentedRaftLog:OPENED:c-1:lastnull, conf=conf: {index: -1, cur=peers:[]|listeners:[], old=null} STARTING] size=2
  s11:  RUNNING [
   FOLLOWER s11@group-4CF2EC507520:t1, leader=s7, voted=null, raftlog=Memoized:s11@group-4CF2EC507520-SegmentedRaftLog:OPENED:c123:last(t:1, i:124), conf=conf: {index: 123, cur=peers:[s7|, s8|, s9|, s0|, s1|]|listeners:[], old=null} STARTING
   FOLLOWER s11@group-6AB839334A82:t0, leader=null, voted=, raftlog=Memoized:s11@group-6AB839334A82-SegmentedRaftLog:OPENED:c-1:lastnull, conf=conf: {index: -1, cur=peers:[]|listeners:[], old=null} STARTING] size=2
  s10:  RUNNING [
   FOLLOWER s10@group-4CF2EC507520:t1, leader=s7, voted=null, raftlog=Memoized:s10@group-4CF2EC507520-SegmentedRaftLog:OPENED:c123:last(t:1, i:124), conf=conf: {index: 123, cur=peers:[s7|, s8|, s9|, s0|, s1|]|listeners:[], old=null} STARTING
   FOLLOWER s10@group-6AB839334A82:t0, leader=null, voted=, raftlog=Memoized:s10@group-6AB839334A82-SegmentedRaftLog:OPENED:c-1:lastnull, conf=conf: {index: -1, cur=peers:[]|listeners:[], old=null} STARTING] size=2
  s13:  RUNNING [
   FOLLOWER s13@group-4CF2EC507520:t1, leader=s7, voted=null, raftlog=Memoized:s13@group-4CF2EC507520-SegmentedRaftLog:OPENED:c123:last(t:1, i:124), conf=conf: {index: 123, cur=peers:[s7|, s8|, s9|, s0|, s1|]|listeners:[], old=null} STARTING
   FOLLOWER s13@group-6AB839334A82:t0, leader=null, voted=, raftlog=Memoized:s13@group-6AB839334A82-SegmentedRaftLog:OPENED:c-1:lastnull, conf=conf: {index: -1, cur=peers:[]|listeners:[], old=null} STARTING] size=2
  s12:  RUNNING [
   FOLLOWER s12@group-4CF2EC507520:t1, leader=s7, voted=null, raftlog=Memoized:s12@group-4CF2EC507520-SegmentedRaftLog:OPENED:c123:last(t:1, i:124), conf=conf: {index: 123, cur=peers:[s7|, s8|, s9|, s0|, s1|]|listeners:[], old=null} STARTING
   FOLLOWER s12@group-6AB839334A82:t0, leader=null, voted=, raftlog=Memoized:s12@group-6AB839334A82-SegmentedRaftLog:OPENED:c-1:lastnull, conf=conf: {index: -1, cur=peers:[]|listeners:[], old=null} STARTING] size=2
  s14:  RUNNING [
   FOLLOWER s14@group-4CF2EC507520:t0, leader=null, voted=, raftlog=Memoized:s14@group-4CF2EC507520-SegmentedRaftLog:OPENED:c-1:lastnull, conf=conf: {index: -1, cur=peers:[]|listeners:[], old=null} STARTING
   FOLLOWER s14@group-6AB839334A82:t0, leader=null, voted=, raftlog=Memoized:s14@group-6AB839334A82-SegmentedRaftLog:OPENED:c-1:lastnull, conf=conf: {index: -1, cur=peers:[]|listeners:[], old=null} STARTING] size=2
  s0:  RUNNING [
   FOLLOWER s0@group-4CF2EC507520:t1, leader=s7, voted=null, raftlog=Memoized:s0@group-4CF2EC507520-SegmentedRaftLog:OPENED:c123:last(t:1, i:124), conf=conf: {index: 123, cur=peers:[s7|, s8|, s9|, s0|, s1|]|listeners:[], old=null} STARTING
   FOLLOWER s0@group-6AB839334A82:t0, leader=null, voted=, raftlog=Memoized:s0@group-6AB839334A82-SegmentedRaftLog:OPENED:c-1:lastnull, conf=conf: {index: -1, cur=peers:[]|listeners:[], old=null} STARTING] size=2
  s1:  RUNNING [
   FOLLOWER s1@group-4CF2EC507520:t1, leader=s7, voted=null, raftlog=Memoized:s1@group-4CF2EC507520-SegmentedRaftLog:OPENED:c123:last(t:1, i:124), conf=conf: {index: 123, cur=peers:[s7|, s8|, s9|, s0|, s1|]|listeners:[], old=null} STARTING
   FOLLOWER s1@group-6AB839334A82:t0, leader=null, voted=, raftlog=Memoized:s1@group-6AB839334A82-SegmentedRaftLog:OPENED:c-1:lastnull, conf=conf: {index: -1, cur=peers:[]|listeners:[], old=null} STARTING] size=2
  s2:  RUNNING [
   FOLLOWER s2@group-4CF2EC507520:t0, leader=null, voted=, raftlog=Memoized:s2@group-4CF2EC507520-SegmentedRaftLog:OPENED:c-1:lastnull, conf=conf: {index: -1, cur=peers:[]|listeners:[], old=null} STARTING
   FOLLOWER s2@group-6AB839334A82:t0, leader=null, voted=, raftlog=Memoized:s2@group-6AB839334A82-SegmentedRaftLog:OPENED:c-1:lastnull, conf=conf: {index: -1, cur=peers:[]|listeners:[], old=null} STARTING] size=2
2024-12-25 19:07:17,148 INFO  server.RaftServer$Division (RaftServerImpl.java:setConfigurationAsync(1348)) - s7@group-4CF2EC507520: receive setConfiguration SetConfigurationRequest:client-9E894F3AA110->s7@group-4CF2EC507520, cid=2065, seq=null, RW, null, SET_UNCONDITIONALLY, servers:[s11, s10, s7, s13, s8, s12, s9, s0, s1], listeners:[]
2024-12-25 19:07:17,248 INFO  server.RaftServer$Division (RaftServerImpl.java:setConfigurationAsync(1348)) - s9@group-4CF2EC507520: receive setConfiguration SetConfigurationRequest:client-9E894F3AA110->s9@group-4CF2EC507520, cid=2065, seq=null, RW, null, SET_UNCONDITIONALLY, servers:[s11, s10, s7, s13, s8, s12, s9, s0, s1], listeners:[]
2024-12-25 19:07:17,349 INFO  server.RaftServer$Division (RaftServerImpl.java:setConfigurationAsync(1348)) - s7@group-4CF2EC507520: receive setConfiguration SetConfigurationRequest:client-9E894F3AA110->s7@group-4CF2EC507520, cid=2065, seq=null, RW, null, SET_UNCONDITIONALLY, servers:[s11, s10, s7, s13, s8, s12, s9, s0, s1], listeners:[]
2024-12-25 19:07:17,449 INFO  server.RaftServer$Division (RaftServerImpl.java:setConfigurationAsync(1348)) - s1@group-4CF2EC507520: receive setConfiguration SetConfigurationRequest:client-9E894F3AA110->s1@group-4CF2EC507520, cid=2065, seq=null, RW, null, SET_UNCONDITIONALLY, servers:[s11, s10, s7, s13, s8, s12, s9, s0, s1], listeners:[]
2024-12-25 19:07:17,549 INFO  server.RaftServer$Division (RaftServerImpl.java:setConfigurationAsync(1348)) - s0@group-4CF2EC507520: receive setConfiguration SetConfigurationRequest:client-9E894F3AA110->s0@group-4CF2EC507520, cid=2065, seq=null, RW, null, SET_UNCONDITIONALLY, servers:[s11, s10, s7, s13, s8, s12, s9, s0, s1], listeners:[]
2024-12-25 19:07:17,650 INFO  server.RaftServer$Division (RaftServerImpl.java:setConfigurationAsync(1348)) - s7@group-4CF2EC507520: receive setConfiguration SetConfigurationRequest:client-9E894F3AA110->s7@group-4CF2EC507520, cid=2065, seq=null, RW, null, SET_UNCONDITIONALLY, servers:[s11, s10, s7, s13, s8, s12, s9, s0, s1], listeners:[]
2024-12-25 19:07:17,750 INFO  server.RaftServer$Division (RaftServerImpl.java:setConfigurationAsync(1348)) - s1@group-4CF2EC507520: receive setConfiguration SetConfigurationRequest:client-9E894F3AA110->s1@group-4CF2EC507520, cid=2065, seq=null, RW, null, SET_UNCONDITIONALLY, servers:[s11, s10, s7, s13, s8, s12, s9, s0, s1], listeners:[]
2024-12-25 19:07:17,850 INFO  server.RaftServer$Division (RaftServerImpl.java:setConfigurationAsync(1348)) - s8@group-4CF2EC507520: receive setConfiguration SetConfigurationRequest:client-9E894F3AA110->s8@group-4CF2EC507520, cid=2065, seq=null, RW, null, SET_UNCONDITIONALLY, servers:[s11, s10, s7, s13, s8, s12, s9, s0, s1], listeners:[]
2024-12-25 19:07:17,951 INFO  server.RaftServer$Division (RaftServerImpl.java:setConfigurationAsync(1348)) - s7@group-4CF2EC507520: receive setConfiguration SetConfigurationRequest:client-9E894F3AA110->s7@group-4CF2EC507520, cid=2065, seq=null, RW, null, SET_UNCONDITIONALLY, servers:[s11, s10, s7, s13, s8, s12, s9, s0, s1], listeners:[]
2024-12-25 19:07:18,051 INFO  server.RaftServer$Division (RaftServerImpl.java:setConfigurationAsync(1348)) - s9@group-4CF2EC507520: receive setConfiguration SetConfigurationRequest:client-9E894F3AA110->s9@group-4CF2EC507520, cid=2065, seq=null, RW, null, SET_UNCONDITIONALLY, servers:[s11, s10, s7, s13, s8, s12, s9, s0, s1], listeners:[]
2024-12-25 19:07:18,151 INFO  server.RaftServer$Division (RaftServerImpl.java:setConfigurationAsync(1348)) - s7@group-4CF2EC507520: receive setConfiguration SetConfigurationRequest:client-9E894F3AA110->s7@group-4CF2EC507520, cid=2065, seq=null, RW, null, SET_UNCONDITIONALLY, servers:[s11, s10, s7, s13, s8, s12, s9, s0, s1], listeners:[]
2024-12-25 19:07:18,251 INFO  server.RaftServer$Division (RaftServerImpl.java:setConfigurationAsync(1348)) - s1@group-4CF2EC507520: receive setConfiguration SetConfigurationRequest:client-9E894F3AA110->s1@group-4CF2EC507520, cid=2065, seq=null, RW, null, SET_UNCONDITIONALLY, servers:[s11, s10, s7, s13, s8, s12, s9, s0, s1], listeners:[]
2024-12-25 19:07:18,352 INFO  server.RaftServer$Division (RaftServerImpl.java:setConfigurationAsync(1348)) - s8@group-4CF2EC507520: receive setConfiguration SetConfigurationRequest:client-9E894F3AA110->s8@group-4CF2EC507520, cid=2065, seq=null, RW, null, SET_UNCONDITIONALLY, servers:[s11, s10, s7, s13, s8, s12, s9, s0, s1], listeners:[]
2024-12-25 19:07:18,452 INFO  server.RaftServer$Division (RaftServerImpl.java:setConfigurationAsync(1348)) - s7@group-4CF2EC507520: receive setConfiguration SetConfigurationRequest:client-9E894F3AA110->s7@group-4CF2EC507520, cid=2065, seq=null, RW, null, SET_UNCONDITIONALLY, servers:[s11, s10, s7, s13, s8, s12, s9, s0, s1], listeners:[]
2024-12-25 19:07:18,552 INFO  server.RaftServer$Division (RaftServerImpl.java:setConfigurationAsync(1348)) - s0@group-4CF2EC507520: receive setConfiguration SetConfigurationRequest:client-9E894F3AA110->s0@group-4CF2EC507520, cid=2065, seq=null, RW, null, SET_UNCONDITIONALLY, servers:[s11, s10, s7, s13, s8, s12, s9, s0, s1], listeners:[]
2024-12-25 19:07:18,653 INFO  server.RaftServer$Division (RaftServerImpl.java:setConfigurationAsync(1348)) - s8@group-4CF2EC507520: receive setConfiguration SetConfigurationRequest:client-9E894F3AA110->s8@group-4CF2EC507520, cid=2065, seq=null, RW, null, SET_UNCONDITIONALLY, servers:[s11, s10, s7, s13, s8, s12, s9, s0, s1], listeners:[]
2024-12-25 19:07:18,753 INFO  server.RaftServer$Division (RaftServerImpl.java:setConfigurationAsync(1348)) - s7@group-4CF2EC507520: receive setConfiguration SetConfigurationRequest:client-9E894F3AA110->s7@group-4CF2EC507520, cid=2065, seq=null, RW, null, SET_UNCONDITIONALLY, servers:[s11, s10, s7, s13, s8, s12, s9, s0, s1], listeners:[]
2024-12-25 19:07:18,853 INFO  server.RaftServer$Division (RaftServerImpl.java:setConfigurationAsync(1348)) - s1@group-4CF2EC507520: receive setConfiguration SetConfigurationRequest:client-9E894F3AA110->s1@group-4CF2EC507520, cid=2065, seq=null, RW, null, SET_UNCONDITIONALLY, servers:[s11, s10, s7, s13, s8, s12, s9, s0, s1], listeners:[]
2024-12-25 19:07:18,953 INFO  server.RaftServer$Division (RaftServerImpl.java:setConfigurationAsync(1348)) - s7@group-4CF2EC507520: receive setConfiguration SetConfigurationRequest:client-9E894F3AA110->s7@group-4CF2EC507520, cid=2065, seq=null, RW, null, SET_UNCONDITIONALLY, servers:[s11, s10, s7, s13, s8, s12, s9, s0, s1], listeners:[]
2024-12-25 19:07:19,054 INFO  server.RaftServer$Division (RaftServerImpl.java:setConfigurationAsync(1348)) - s9@group-4CF2EC507520: receive setConfiguration SetConfigurationRequest:client-9E894F3AA110->s9@group-4CF2EC507520, cid=2065, seq=null, RW, null, SET_UNCONDITIONALLY, servers:[s11, s10, s7, s13, s8, s12, s9, s0, s1], listeners:[]
2024-12-25 19:07:19,154 INFO  server.RaftServer$Division (RaftServerImpl.java:setConfigurationAsync(1348)) - s7@group-4CF2EC507520: receive setConfiguration SetConfigurationRequest:client-9E894F3AA110->s7@group-4CF2EC507520, cid=2065, seq=null, RW, null, SET_UNCONDITIONALLY, servers:[s11, s10, s7, s13, s8, s12, s9, s0, s1], listeners:[]
2024-12-25 19:07:19,254 INFO  server.RaftServer$Division (RaftServerImpl.java:setConfigurationAsync(1348)) - s0@group-4CF2EC507520: receive setConfiguration SetConfigurationRequest:client-9E894F3AA110->s0@group-4CF2EC507520, cid=2065, seq=null, RW, null, SET_UNCONDITIONALLY, servers:[s11, s10, s7, s13, s8, s12, s9, s0, s1], listeners:[]
2024-12-25 19:07:19,355 INFO  server.RaftServer$Division (RaftServerImpl.java:setConfigurationAsync(1348)) - s8@group-4CF2EC507520: receive setConfiguration SetConfigurationRequest:client-9E894F3AA110->s8@group-4CF2EC507520, cid=2065, seq=null, RW, null, SET_UNCONDITIONALLY, servers:[s11, s10, s7, s13, s8, s12, s9, s0, s1], listeners:[]
2024-12-25 19:07:19,455 INFO  server.RaftServer$Division (RaftServerImpl.java:setConfigurationAsync(1348)) - s7@group-4CF2EC507520: receive setConfiguration SetConfigurationRequest:client-9E894F3AA110->s7@group-4CF2EC507520, cid=2065, seq=null, RW, null, SET_UNCONDITIONALLY, servers:[s11, s10, s7, s13, s8, s12, s9, s0, s1], listeners:[]
2024-12-25 19:07:19,555 INFO  server.RaftServer$Division (RaftServerImpl.java:setConfigurationAsync(1348)) - s1@group-4CF2EC507520: receive setConfiguration SetConfigurationRequest:client-9E894F3AA110->s1@group-4CF2EC507520, cid=2065, seq=null, RW, null, SET_UNCONDITIONALLY, servers:[s11, s10, s7, s13, s8, s12, s9, s0, s1], listeners:[]
2024-12-25 19:07:19,656 INFO  server.RaftServer$Division (RaftServerImpl.java:setConfigurationAsync(1348)) - s0@group-4CF2EC507520: receive setConfiguration SetConfigurationRequest:client-9E894F3AA110->s0@group-4CF2EC507520, cid=2065, seq=null, RW, null, SET_UNCONDITIONALLY, servers:[s11, s10, s7, s13, s8, s12, s9, s0, s1], listeners:[]
2024-12-25 19:07:19,756 INFO  server.RaftServer$Division (RaftServerImpl.java:setConfigurationAsync(1348)) - s8@group-4CF2EC507520: receive setConfiguration SetConfigurationRequest:client-9E894F3AA110->s8@group-4CF2EC507520, cid=2065, seq=null, RW, null, SET_UNCONDITIONALLY, servers:[s11, s10, s7, s13, s8, s12, s9, s0, s1], listeners:[]
2024-12-25 19:07:19,856 INFO  server.RaftServer$Division (RaftServerImpl.java:setConfigurationAsync(1348)) - s7@group-4CF2EC507520: receive setConfiguration SetConfigurationRequest:client-9E894F3AA110->s7@group-4CF2EC507520, cid=2065, seq=null, RW, null, SET_UNCONDITIONALLY, servers:[s11, s10, s7, s13, s8, s12, s9, s0, s1], listeners:[]
2024-12-25 19:07:19,956 INFO  server.RaftServer$Division (RaftServerImpl.java:setConfigurationAsync(1348)) - s1@group-4CF2EC507520: receive setConfiguration SetConfigurationRequest:client-9E894F3AA110->s1@group-4CF2EC507520, cid=2065, seq=null, RW, null, SET_UNCONDITIONALLY, servers:[s11, s10, s7, s13, s8, s12, s9, s0, s1], listeners:[]
2024-12-25 19:07:20,057 INFO  server.RaftServer$Division (RaftServerImpl.java:setConfigurationAsync(1348)) - s9@group-4CF2EC507520: receive setConfiguration SetConfigurationRequest:client-9E894F3AA110->s9@group-4CF2EC507520, cid=2065, seq=null, RW, null, SET_UNCONDITIONALLY, servers:[s11, s10, s7, s13, s8, s12, s9, s0, s1], listeners:[]
2024-12-25 19:07:20,157 INFO  server.RaftServer$Division (RaftServerImpl.java:setConfigurationAsync(1348)) - s7@group-4CF2EC507520: receive setConfiguration SetConfigurationRequest:client-9E894F3AA110->s7@group-4CF2EC507520, cid=2065, seq=null, RW, null, SET_UNCONDITIONALLY, servers:[s11, s10, s7, s13, s8, s12, s9, s0, s1], listeners:[]
2024-12-25 19:07:20,257 INFO  server.RaftServer$Division (RaftServerImpl.java:setConfigurationAsync(1348)) - s8@group-4CF2EC507520: receive setConfiguration SetConfigurationRequest:client-9E894F3AA110->s8@group-4CF2EC507520, cid=2065, seq=null, RW, null, SET_UNCONDITIONALLY, servers:[s11, s10, s7, s13, s8, s12, s9, s0, s1], listeners:[]
2024-12-25 19:07:20,358 INFO  server.RaftServer$Division (RaftServerImpl.java:setConfigurationAsync(1348)) - s7@group-4CF2EC507520: receive setConfiguration SetConfigurationRequest:client-9E894F3AA110->s7@group-4CF2EC507520, cid=2065, seq=null, RW, null, SET_UNCONDITIONALLY, servers:[s11, s10, s7, s13, s8, s12, s9, s0, s1], listeners:[]
2024-12-25 19:07:20,458 INFO  server.RaftServer$Division (RaftServerImpl.java:setConfigurationAsync(1348)) - s0@group-4CF2EC507520: receive setConfiguration SetConfigurationRequest:client-9E894F3AA110->s0@group-4CF2EC507520, cid=2065, seq=null, RW, null, SET_UNCONDITIONALLY, servers:[s11, s10, s7, s13, s8, s12, s9, s0, s1], listeners:[]
2024-12-25 19:07:20,558 INFO  server.RaftServer$Division (RaftServerImpl.java:setConfigurationAsync(1348)) - s9@group-4CF2EC507520: receive setConfiguration SetConfigurationRequest:client-9E894F3AA110->s9@group-4CF2EC507520, cid=2065, seq=null, RW, null, SET_UNCONDITIONALLY, servers:[s11, s10, s7, s13, s8, s12, s9, s0, s1], listeners:[]
2024-12-25 19:07:20,659 INFO  server.RaftServer$Division (RaftServerImpl.java:setConfigurationAsync(1348)) - s7@group-4CF2EC507520: receive setConfiguration SetConfigurationRequest:client-9E894F3AA110->s7@group-4CF2EC507520, cid=2065, seq=null, RW, null, SET_UNCONDITIONALLY, servers:[s11, s10, s7, s13, s8, s12, s9, s0, s1], listeners:[]
2024-12-25 19:07:20,759 INFO  server.RaftServer$Division (RaftServerImpl.java:setConfigurationAsync(1348)) - s8@group-4CF2EC507520: receive setConfiguration SetConfigurationRequest:client-9E894F3AA110->s8@group-4CF2EC507520, cid=2065, seq=null, RW, null, SET_UNCONDITIONALLY, servers:[s11, s10, s7, s13, s8, s12, s9, s0, s1], listeners:[]
2024-12-25 19:07:20,859 INFO  server.RaftServer$Division (RaftServerImpl.java:setConfigurationAsync(1348)) - s7@group-4CF2EC507520: receive setConfiguration SetConfigurationRequest:client-9E894F3AA110->s7@group-4CF2EC507520, cid=2065, seq=null, RW, null, SET_UNCONDITIONALLY, servers:[s11, s10, s7, s13, s8, s12, s9, s0, s1], listeners:[]
2024-12-25 19:07:20,959 INFO  server.RaftServer$Division (RaftServerImpl.java:setConfigurationAsync(1348)) - s8@group-4CF2EC507520: receive setConfiguration SetConfigurationRequest:client-9E894F3AA110->s8@group-4CF2EC507520, cid=2065, seq=null, RW, null, SET_UNCONDITIONALLY, servers:[s11, s10, s7, s13, s8, s12, s9, s0, s1], listeners:[]
2024-12-25 19:07:21,060 INFO  server.RaftServer$Division (RaftServerImpl.java:setConfigurationAsync(1348)) - s7@group-4CF2EC507520: receive setConfiguration SetConfigurationRequest:client-9E894F3AA110->s7@group-4CF2EC507520, cid=2065, seq=null, RW, null, SET_UNCONDITIONALLY, servers:[s11, s10, s7, s13, s8, s12, s9, s0, s1], listeners:[]
2024-12-25 19:07:21,160 INFO  server.RaftServer$Division (RaftServerImpl.java:setConfigurationAsync(1348)) - s0@group-4CF2EC507520: receive setConfiguration SetConfigurationRequest:client-9E894F3AA110->s0@group-4CF2EC507520, cid=2065, seq=null, RW, null, SET_UNCONDITIONALLY, servers:[s11, s10, s7, s13, s8, s12, s9, s0, s1], listeners:[]
2024-12-25 19:07:21,260 INFO  server.RaftServer$Division (RaftServerImpl.java:setConfigurationAsync(1348)) - s8@group-4CF2EC507520: receive setConfiguration SetConfigurationRequest:client-9E894F3AA110->s8@group-4CF2EC507520, cid=2065, seq=null, RW, null, SET_UNCONDITIONALLY, servers:[s11, s10, s7, s13, s8, s12, s9, s0, s1], listeners:[]
2024-12-25 19:07:21,361 INFO  server.RaftServer$Division (RaftServerImpl.java:setConfigurationAsync(1348)) - s7@group-4CF2EC507520: receive setConfiguration SetConfigurationRequest:client-9E894F3AA110->s7@group-4CF2EC507520, cid=2065, seq=null, RW, null, SET_UNCONDITIONALLY, servers:[s11, s10, s7, s13, s8, s12, s9, s0, s1], listeners:[]
2024-12-25 19:07:21,461 INFO  server.RaftServer$Division (RaftServerImpl.java:setConfigurationAsync(1348)) - s8@group-4CF2EC507520: receive setConfiguration SetConfigurationRequest:client-9E894F3AA110->s8@group-4CF2EC507520, cid=2065, seq=null, RW, null, SET_UNCONDITIONALLY, servers:[s11, s10, s7, s13, s8, s12, s9, s0, s1], listeners:[]
2024-12-25 19:07:21,561 INFO  server.RaftServer$Division (RaftServerImpl.java:setConfigurationAsync(1348)) - s7@group-4CF2EC507520: receive setConfiguration SetConfigurationRequest:client-9E894F3AA110->s7@group-4CF2EC507520, cid=2065, seq=null, RW, null, SET_UNCONDITIONALLY, servers:[s11, s10, s7, s13, s8, s12, s9, s0, s1], listeners:[]
2024-12-25 19:07:21,662 INFO  server.RaftServer$Division (RaftServerImpl.java:setConfigurationAsync(1348)) - s0@group-4CF2EC507520: receive setConfiguration SetConfigurationRequest:client-9E894F3AA110->s0@group-4CF2EC507520, cid=2065, seq=null, RW, null, SET_UNCONDITIONALLY, servers:[s11, s10, s7, s13, s8, s12, s9, s0, s1], listeners:[]
2024-12-25 19:07:21,762 INFO  server.RaftServer$Division (RaftServerImpl.java:setConfigurationAsync(1348)) - s1@group-4CF2EC507520: receive setConfiguration SetConfigurationRequest:client-9E894F3AA110->s1@group-4CF2EC507520, cid=2065, seq=null, RW, null, SET_UNCONDITIONALLY, servers:[s11, s10, s7, s13, s8, s12, s9, s0, s1], listeners:[]
2024-12-25 19:07:21,862 INFO  server.RaftServer$Division (RaftServerImpl.java:setConfigurationAsync(1348)) - s7@group-4CF2EC507520: receive setConfiguration SetConfigurationRequest:client-9E894F3AA110->s7@group-4CF2EC507520, cid=2065, seq=null, RW, null, SET_UNCONDITIONALLY, servers:[s11, s10, s7, s13, s8, s12, s9, s0, s1], listeners:[]
2024-12-25 19:07:21,963 INFO  server.RaftServer$Division (RaftServerImpl.java:setConfigurationAsync(1348)) - s0@group-4CF2EC507520: receive setConfiguration SetConfigurationRequest:client-9E894F3AA110->s0@group-4CF2EC507520, cid=2065, seq=null, RW, null, SET_UNCONDITIONALLY, servers:[s11, s10, s7, s13, s8, s12, s9, s0, s1], listeners:[]
2024-12-25 19:07:22,063 INFO  server.RaftServer$Division (RaftServerImpl.java:setConfigurationAsync(1348)) - s7@group-4CF2EC507520: receive setConfiguration SetConfigurationRequest:client-9E894F3AA110->s7@group-4CF2EC507520, cid=2065, seq=null, RW, null, SET_UNCONDITIONALLY, servers:[s11, s10, s7, s13, s8, s12, s9, s0, s1], listeners:[]
2024-12-25 19:07:22,163 INFO  server.RaftServer$Division (RaftServerImpl.java:setConfigurationAsync(1348)) - s1@group-4CF2EC507520: receive setConfiguration SetConfigurationRequest:client-9E894F3AA110->s1@group-4CF2EC507520, cid=2065, seq=null, RW, null, SET_UNCONDITIONALLY, servers:[s11, s10, s7, s13, s8, s12, s9, s0, s1], listeners:[]
2024-12-25 19:07:22,264 INFO  server.RaftServer$Division (RaftServerImpl.java:setConfigurationAsync(1348)) - s9@group-4CF2EC507520: receive setConfiguration SetConfigurationRequest:client-9E894F3AA110->s9@group-4CF2EC507520, cid=2065, seq=null, RW, null, SET_UNCONDITIONALLY, servers:[s11, s10, s7, s13, s8, s12, s9, s0, s1], listeners:[]
2024-12-25 19:07:22,364 INFO  server.RaftServer$Division (RaftServerImpl.java:setConfigurationAsync(1348)) - s7@group-4CF2EC507520: receive setConfiguration SetConfigurationRequest:client-9E894F3AA110->s7@group-4CF2EC507520, cid=2065, seq=null, RW, null, SET_UNCONDITIONALLY, servers:[s11, s10, s7, s13, s8, s12, s9, s0, s1], listeners:[]
2024-12-25 19:07:22,464 INFO  server.RaftServer$Division (RaftServerImpl.java:setConfigurationAsync(1348)) - s9@group-4CF2EC507520: receive setConfiguration SetConfigurationRequest:client-9E894F3AA110->s9@group-4CF2EC507520, cid=2065, seq=null, RW, null, SET_UNCONDITIONALLY, servers:[s11, s10, s7, s13, s8, s12, s9, s0, s1], listeners:[]
2024-12-25 19:07:22,565 INFO  server.RaftServer$Division (RaftServerImpl.java:setConfigurationAsync(1348)) - s7@group-4CF2EC507520: receive setConfiguration SetConfigurationRequest:client-9E894F3AA110->s7@group-4CF2EC507520, cid=2065, seq=null, RW, null, SET_UNCONDITIONALLY, servers:[s11, s10, s7, s13, s8, s12, s9, s0, s1], listeners:[]
2024-12-25 19:07:22,665 INFO  server.RaftServer$Division (RaftServerImpl.java:setConfigurationAsync(1348)) - s8@group-4CF2EC507520: receive setConfiguration SetConfigurationRequest:client-9E894F3AA110->s8@group-4CF2EC507520, cid=2065, seq=null, RW, null, SET_UNCONDITIONALLY, servers:[s11, s10, s7, s13, s8, s12, s9, s0, s1], listeners:[]
2024-12-25 19:07:22,765 INFO  server.RaftServer$Division (RaftServerImpl.java:setConfigurationAsync(1348)) - s7@group-4CF2EC507520: receive setConfiguration SetConfigurationRequest:client-9E894F3AA110->s7@group-4CF2EC507520, cid=2065, seq=null, RW, null, SET_UNCONDITIONALLY, servers:[s11, s10, s7, s13, s8, s12, s9, s0, s1], listeners:[]
2024-12-25 19:07:22,866 INFO  server.RaftServer$Division (RaftServerImpl.java:setConfigurationAsync(1348)) - s8@group-4CF2EC507520: receive setConfiguration SetConfigurationRequest:client-9E894F3AA110->s8@group-4CF2EC507520, cid=2065, seq=null, RW, null, SET_UNCONDITIONALLY, servers:[s11, s10, s7, s13, s8, s12, s9, s0, s1], listeners:[]
2024-12-25 19:07:22,966 INFO  server.RaftServer$Division (RaftServerImpl.java:setConfigurationAsync(1348)) - s7@group-4CF2EC507520: receive setConfiguration SetConfigurationRequest:client-9E894F3AA110->s7@group-4CF2EC507520, cid=2065, seq=null, RW, null, SET_UNCONDITIONALLY, servers:[s11, s10, s7, s13, s8, s12, s9, s0, s1], listeners:[]
2024-12-25 19:07:23,066 INFO  server.RaftServer$Division (RaftServerImpl.java:setConfigurationAsync(1348)) - s8@group-4CF2EC507520: receive setConfiguration SetConfigurationRequest:client-9E894F3AA110->s8@group-4CF2EC507520, cid=2065, seq=null, RW, null, SET_UNCONDITIONALLY, servers:[s11, s10, s7, s13, s8, s12, s9, s0, s1], listeners:[]
2024-12-25 19:07:23,166 INFO  server.RaftServer$Division (RaftServerImpl.java:setConfigurationAsync(1348)) - s7@group-4CF2EC507520: receive setConfiguration SetConfigurationRequest:client-9E894F3AA110->s7@group-4CF2EC507520, cid=2065, seq=null, RW, null, SET_UNCONDITIONALLY, servers:[s11, s10, s7, s13, s8, s12, s9, s0, s1], listeners:[]
2024-12-25 19:07:23,267 INFO  server.RaftServer$Division (RaftServerImpl.java:setConfigurationAsync(1348)) - s0@group-4CF2EC507520: receive setConfiguration SetConfigurationRequest:client-9E894F3AA110->s0@group-4CF2EC507520, cid=2065, seq=null, RW, null, SET_UNCONDITIONALLY, servers:[s11, s10, s7, s13, s8, s12, s9, s0, s1], listeners:[]
2024-12-25 19:07:23,367 INFO  server.RaftServer$Division (RaftServerImpl.java:setConfigurationAsync(1348)) - s9@group-4CF2EC507520: receive setConfiguration SetConfigurationRequest:client-9E894F3AA110->s9@group-4CF2EC507520, cid=2065, seq=null, RW, null, SET_UNCONDITIONALLY, servers:[s11, s10, s7, s13, s8, s12, s9, s0, s1], listeners:[]
2024-12-25 19:07:23,467 INFO  server.RaftServer$Division (RaftServerImpl.java:setConfigurationAsync(1348)) - s7@group-4CF2EC507520: receive setConfiguration SetConfigurationRequest:client-9E894F3AA110->s7@group-4CF2EC507520, cid=2065, seq=null, RW, null, SET_UNCONDITIONALLY, servers:[s11, s10, s7, s13, s8, s12, s9, s0, s1], listeners:[]
2024-12-25 19:07:23,568 INFO  server.RaftServer$Division (RaftServerImpl.java:setConfigurationAsync(1348)) - s9@group-4CF2EC507520: receive setConfiguration SetConfigurationRequest:client-9E894F3AA110->s9@group-4CF2EC507520, cid=2065, seq=null, RW, null, SET_UNCONDITIONALLY, servers:[s11, s10, s7, s13, s8, s12, s9, s0, s1], listeners:[]
2024-12-25 19:07:23,668 INFO  server.RaftServer$Division (RaftServerImpl.java:setConfigurationAsync(1348)) - s7@group-4CF2EC507520: receive setConfiguration SetConfigurationRequest:client-9E894F3AA110->s7@group-4CF2EC507520, cid=2065, seq=null, RW, null, SET_UNCONDITIONALLY, servers:[s11, s10, s7, s13, s8, s12, s9, s0, s1], listeners:[]
2024-12-25 19:07:23,768 INFO  server.RaftServer$Division (RaftServerImpl.java:setConfigurationAsync(1348)) - s8@group-4CF2EC507520: receive setConfiguration SetConfigurationRequest:client-9E894F3AA110->s8@group-4CF2EC507520, cid=2065, seq=null, RW, null, SET_UNCONDITIONALLY, servers:[s11, s10, s7, s13, s8, s12, s9, s0, s1], listeners:[]
2024-12-25 19:07:23,869 INFO  server.RaftServer$Division (RaftServerImpl.java:setConfigurationAsync(1348)) - s7@group-4CF2EC507520: receive setConfiguration SetConfigurationRequest:client-9E894F3AA110->s7@group-4CF2EC507520, cid=2065, seq=null, RW, null, SET_UNCONDITIONALLY, servers:[s11, s10, s7, s13, s8, s12, s9, s0, s1], listeners:[]
2024-12-25 19:07:23,969 INFO  server.RaftServer$Division (RaftServerImpl.java:setConfigurationAsync(1348)) - s1@group-4CF2EC507520: receive setConfiguration SetConfigurationRequest:client-9E894F3AA110->s1@group-4CF2EC507520, cid=2065, seq=null, RW, null, SET_UNCONDITIONALLY, servers:[s11, s10, s7, s13, s8, s12, s9, s0, s1], listeners:[]
2024-12-25 19:07:24,069 INFO  server.RaftServer$Division (RaftServerImpl.java:setConfigurationAsync(1348)) - s0@group-4CF2EC507520: receive setConfiguration SetConfigurationRequest:client-9E894F3AA110->s0@group-4CF2EC507520, cid=2065, seq=null, RW, null, SET_UNCONDITIONALLY, servers:[s11, s10, s7, s13, s8, s12, s9, s0, s1], listeners:[]
2024-12-25 19:07:24,170 INFO  server.RaftServer$Division (RaftServerImpl.java:setConfigurationAsync(1348)) - s1@group-4CF2EC507520: receive setConfiguration SetConfigurationRequest:client-9E894F3AA110->s1@group-4CF2EC507520, cid=2065, seq=null, RW, null, SET_UNCONDITIONALLY, servers:[s11, s10, s7, s13, s8, s12, s9, s0, s1], listeners:[]
2024-12-25 19:07:24,270 INFO  server.RaftServer$Division (RaftServerImpl.java:setConfigurationAsync(1348)) - s0@group-4CF2EC507520: receive setConfiguration SetConfigurationRequest:client-9E894F3AA110->s0@group-4CF2EC507520, cid=2065, seq=null, RW, null, SET_UNCONDITIONALLY, servers:[s11, s10, s7, s13, s8, s12, s9, s0, s1], listeners:[]
2024-12-25 19:07:24,370 INFO  server.RaftServer$Division (RaftServerImpl.java:setConfigurationAsync(1348)) - s1@group-4CF2EC507520: receive setConfiguration SetConfigurationRequest:client-9E894F3AA110->s1@group-4CF2EC507520, cid=2065, seq=null, RW, null, SET_UNCONDITIONALLY, servers:[s11, s10, s7, s13, s8, s12, s9, s0, s1], listeners:[]
2024-12-25 19:07:24,471 INFO  server.RaftServer$Division (RaftServerImpl.java:setConfigurationAsync(1348)) - s8@group-4CF2EC507520: receive setConfiguration SetConfigurationRequest:client-9E894F3AA110->s8@group-4CF2EC507520, cid=2065, seq=null, RW, null, SET_UNCONDITIONALLY, servers:[s11, s10, s7, s13, s8, s12, s9, s0, s1], listeners:[]
2024-12-25 19:07:24,571 INFO  server.RaftServer$Division (RaftServerImpl.java:setConfigurationAsync(1348)) - s7@group-4CF2EC507520: receive setConfiguration SetConfigurationRequest:client-9E894F3AA110->s7@group-4CF2EC507520, cid=2065, seq=null, RW, null, SET_UNCONDITIONALLY, servers:[s11, s10, s7, s13, s8, s12, s9, s0, s1], listeners:[]
2024-12-25 19:07:24,671 INFO  server.RaftServer$Division (RaftServerImpl.java:setConfigurationAsync(1348)) - s1@group-4CF2EC507520: receive setConfiguration SetConfigurationRequest:client-9E894F3AA110->s1@group-4CF2EC507520, cid=2065, seq=null, RW, null, SET_UNCONDITIONALLY, servers:[s11, s10, s7, s13, s8, s12, s9, s0, s1], listeners:[]
2024-12-25 19:07:24,772 INFO  server.RaftServer$Division (RaftServerImpl.java:setConfigurationAsync(1348)) - s0@group-4CF2EC507520: receive setConfiguration SetConfigurationRequest:client-9E894F3AA110->s0@group-4CF2EC507520, cid=2065, seq=null, RW, null, SET_UNCONDITIONALLY, servers:[s11, s10, s7, s13, s8, s12, s9, s0, s1], listeners:[]
2024-12-25 19:07:24,872 INFO  server.RaftServer$Division (RaftServerImpl.java:setConfigurationAsync(1348)) - s8@group-4CF2EC507520: receive setConfiguration SetConfigurationRequest:client-9E894F3AA110->s8@group-4CF2EC507520, cid=2065, seq=null, RW, null, SET_UNCONDITIONALLY, servers:[s11, s10, s7, s13, s8, s12, s9, s0, s1], listeners:[]
2024-12-25 19:07:24,972 INFO  server.RaftServer$Division (RaftServerImpl.java:setConfigurationAsync(1348)) - s7@group-4CF2EC507520: receive setConfiguration SetConfigurationRequest:client-9E894F3AA110->s7@group-4CF2EC507520, cid=2065, seq=null, RW, null, SET_UNCONDITIONALLY, servers:[s11, s10, s7, s13, s8, s12, s9, s0, s1], listeners:[]
2024-12-25 19:07:25,073 INFO  server.RaftServer$Division (RaftServerImpl.java:setConfigurationAsync(1348)) - s8@group-4CF2EC507520: receive setConfiguration SetConfigurationRequest:client-9E894F3AA110->s8@group-4CF2EC507520, cid=2065, seq=null, RW, null, SET_UNCONDITIONALLY, servers:[s11, s10, s7, s13, s8, s12, s9, s0, s1], listeners:[]
2024-12-25 19:07:25,173 INFO  server.RaftServer$Division (RaftServerImpl.java:setConfigurationAsync(1348)) - s7@group-4CF2EC507520: receive setConfiguration SetConfigurationRequest:client-9E894F3AA110->s7@group-4CF2EC507520, cid=2065, seq=null, RW, null, SET_UNCONDITIONALLY, servers:[s11, s10, s7, s13, s8, s12, s9, s0, s1], listeners:[]
2024-12-25 19:07:25,273 INFO  server.RaftServer$Division (RaftServerImpl.java:setConfigurationAsync(1348)) - s8@group-4CF2EC507520: receive setConfiguration SetConfigurationRequest:client-9E894F3AA110->s8@group-4CF2EC507520, cid=2065, seq=null, RW, null, SET_UNCONDITIONALLY, servers:[s11, s10, s7, s13, s8, s12, s9, s0, s1], listeners:[]
2024-12-25 19:07:25,374 INFO  server.RaftServer$Division (RaftServerImpl.java:setConfigurationAsync(1348)) - s7@group-4CF2EC507520: receive setConfiguration SetConfigurationRequest:client-9E894F3AA110->s7@group-4CF2EC507520, cid=2065, seq=null, RW, null, SET_UNCONDITIONALLY, servers:[s11, s10, s7, s13, s8, s12, s9, s0, s1], listeners:[]
2024-12-25 19:07:25,474 INFO  server.RaftServer$Division (RaftServerImpl.java:setConfigurationAsync(1348)) - s0@group-4CF2EC507520: receive setConfiguration SetConfigurationRequest:client-9E894F3AA110->s0@group-4CF2EC507520, cid=2065, seq=null, RW, null, SET_UNCONDITIONALLY, servers:[s11, s10, s7, s13, s8, s12, s9, s0, s1], listeners:[]
2024-12-25 19:07:25,574 INFO  server.RaftServer$Division (RaftServerImpl.java:setConfigurationAsync(1348)) - s9@group-4CF2EC507520: receive setConfiguration SetConfigurationRequest:client-9E894F3AA110->s9@group-4CF2EC507520, cid=2065, seq=null, RW, null, SET_UNCONDITIONALLY, servers:[s11, s10, s7, s13, s8, s12, s9, s0, s1], listeners:[]
2024-12-25 19:07:25,674 INFO  server.RaftServer$Division (RaftServerImpl.java:setConfigurationAsync(1348)) - s7@group-4CF2EC507520: receive setConfiguration SetConfigurationRequest:client-9E894F3AA110->s7@group-4CF2EC507520, cid=2065, seq=null, RW, null, SET_UNCONDITIONALLY, servers:[s11, s10, s7, s13, s8, s12, s9, s0, s1], listeners:[]
2024-12-25 19:07:25,775 INFO  server.RaftServer$Division (RaftServerImpl.java:setConfigurationAsync(1348)) - s1@group-4CF2EC507520: receive setConfiguration SetConfigurationRequest:client-9E894F3AA110->s1@group-4CF2EC507520, cid=2065, seq=null, RW, null, SET_UNCONDITIONALLY, servers:[s11, s10, s7, s13, s8, s12, s9, s0, s1], listeners:[]
2024-12-25 19:07:25,875 INFO  server.RaftServer$Division (RaftServerImpl.java:setConfigurationAsync(1348)) - s0@group-4CF2EC507520: receive setConfiguration SetConfigurationRequest:client-9E894F3AA110->s0@group-4CF2EC507520, cid=2065, seq=null, RW, null, SET_UNCONDITIONALLY, servers:[s11, s10, s7, s13, s8, s12, s9, s0, s1], listeners:[]
2024-12-25 19:07:25,975 INFO  server.RaftServer$Division (RaftServerImpl.java:setConfigurationAsync(1348)) - s9@group-4CF2EC507520: receive setConfiguration SetConfigurationRequest:client-9E894F3AA110->s9@group-4CF2EC507520, cid=2065, seq=null, RW, null, SET_UNCONDITIONALLY, servers:[s11, s10, s7, s13, s8, s12, s9, s0, s1], listeners:[]
2024-12-25 19:07:26,076 INFO  server.RaftServer$Division (RaftServerImpl.java:setConfigurationAsync(1348)) - s7@group-4CF2EC507520: receive setConfiguration SetConfigurationRequest:client-9E894F3AA110->s7@group-4CF2EC507520, cid=2065, seq=null, RW, null, SET_UNCONDITIONALLY, servers:[s11, s10, s7, s13, s8, s12, s9, s0, s1], listeners:[]
2024-12-25 19:07:26,176 INFO  server.RaftServer$Division (RaftServerImpl.java:setConfigurationAsync(1348)) - s8@group-4CF2EC507520: receive setConfiguration SetConfigurationRequest:client-9E894F3AA110->s8@group-4CF2EC507520, cid=2065, seq=null, RW, null, SET_UNCONDITIONALLY, servers:[s11, s10, s7, s13, s8, s12, s9, s0, s1], listeners:[]
2024-12-25 19:07:26,276 INFO  server.RaftServer$Division (RaftServerImpl.java:setConfigurationAsync(1348)) - s7@group-4CF2EC507520: receive setConfiguration SetConfigurationRequest:client-9E894F3AA110->s7@group-4CF2EC507520, cid=2065, seq=null, RW, null, SET_UNCONDITIONALLY, servers:[s11, s10, s7, s13, s8, s12, s9, s0, s1], listeners:[]
2024-12-25 19:07:26,376 INFO  server.RaftServer$Division (RaftServerImpl.java:setConfigurationAsync(1348)) - s0@group-4CF2EC507520: receive setConfiguration SetConfigurationRequest:client-9E894F3AA110->s0@group-4CF2EC507520, cid=2065, seq=null, RW, null, SET_UNCONDITIONALLY, servers:[s11, s10, s7, s13, s8, s12, s9, s0, s1], listeners:[]
2024-12-25 19:07:26,477 INFO  server.RaftServer$Division (RaftServerImpl.java:setConfigurationAsync(1348)) - s1@group-4CF2EC507520: receive setConfiguration SetConfigurationRequest:client-9E894F3AA110->s1@group-4CF2EC507520, cid=2065, seq=null, RW, null, SET_UNCONDITIONALLY, servers:[s11, s10, s7, s13, s8, s12, s9, s0, s1], listeners:[]
2024-12-25 19:07:26,577 INFO  server.RaftServer$Division (RaftServerImpl.java:setConfigurationAsync(1348)) - s0@group-4CF2EC507520: receive setConfiguration SetConfigurationRequest:client-9E894F3AA110->s0@group-4CF2EC507520, cid=2065, seq=null, RW, null, SET_UNCONDITIONALLY, servers:[s11, s10, s7, s13, s8, s12, s9, s0, s1], listeners:[]
2024-12-25 19:07:26,677 INFO  server.RaftServer$Division (RaftServerImpl.java:setConfigurationAsync(1348)) - s7@group-4CF2EC507520: receive setConfiguration SetConfigurationRequest:client-9E894F3AA110->s7@group-4CF2EC507520, cid=2065, seq=null, RW, null, SET_UNCONDITIONALLY, servers:[s11, s10, s7, s13, s8, s12, s9, s0, s1], listeners:[]
2024-12-25 19:07:26,778 INFO  server.RaftServer$Division (RaftServerImpl.java:setConfigurationAsync(1348)) - s1@group-4CF2EC507520: receive setConfiguration SetConfigurationRequest:client-9E894F3AA110->s1@group-4CF2EC507520, cid=2065, seq=null, RW, null, SET_UNCONDITIONALLY, servers:[s11, s10, s7, s13, s8, s12, s9, s0, s1], listeners:[]
2024-12-25 19:07:26,878 INFO  server.RaftServer$Division (RaftServerImpl.java:setConfigurationAsync(1348)) - s7@group-4CF2EC507520: receive setConfiguration SetConfigurationRequest:client-9E894F3AA110->s7@group-4CF2EC507520, cid=2065, seq=null, RW, null, SET_UNCONDITIONALLY, servers:[s11, s10, s7, s13, s8, s12, s9, s0, s1], listeners:[]
2024-12-25 19:07:26,978 INFO  server.RaftServer$Division (RaftServerImpl.java:setConfigurationAsync(1348)) - s8@group-4CF2EC507520: receive setConfiguration SetConfigurationRequest:client-9E894F3AA110->s8@group-4CF2EC507520, cid=2065, seq=null, RW, null, SET_UNCONDITIONALLY, servers:[s11, s10, s7, s13, s8, s12, s9, s0, s1], listeners:[]
2024-12-25 19:07:27,058 INFO  impl.MiniRaftCluster (MiniRaftCluster.java:lambda$null$7(362)) - TIMED-PRINT: printing ALL groups
  s3:  RUNNING [
   FOLLOWER s3@group-4CF2EC507520:t0, leader=null, voted=, raftlog=Memoized:s3@group-4CF2EC507520-SegmentedRaftLog:OPENED:c-1:lastnull, conf=conf: {index: -1, cur=peers:[]|listeners:[], old=null} STARTING
   FOLLOWER s3@group-6AB839334A82:t0, leader=null, voted=, raftlog=Memoized:s3@group-6AB839334A82-SegmentedRaftLog:OPENED:c-1:lastnull, conf=conf: {index: -1, cur=peers:[]|listeners:[], old=null} STARTING] size=2
  s4:  RUNNING [
   FOLLOWER s4@group-4CF2EC507520:t0, leader=null, voted=, raftlog=Memoized:s4@group-4CF2EC507520-SegmentedRaftLog:OPENED:c-1:lastnull, conf=conf: {index: -1, cur=peers:[]|listeners:[], old=null} STARTING
   FOLLOWER s4@group-6AB839334A82:t0, leader=null, voted=, raftlog=Memoized:s4@group-6AB839334A82-SegmentedRaftLog:OPENED:c-1:lastnull, conf=conf: {index: -1, cur=peers:[]|listeners:[], old=null} STARTING] size=2
  s5:  RUNNING [
   FOLLOWER s5@group-4CF2EC507520:t0, leader=null, voted=, raftlog=Memoized:s5@group-4CF2EC507520-SegmentedRaftLog:OPENED:c-1:lastnull, conf=conf: {index: -1, cur=peers:[]|listeners:[], old=null} STARTING
   FOLLOWER s5@group-6AB839334A82:t0, leader=null, voted=, raftlog=Memoized:s5@group-6AB839334A82-SegmentedRaftLog:OPENED:c-1:lastnull, conf=conf: {index: -1, cur=peers:[]|listeners:[], old=null} STARTING] size=2
  s6:  RUNNING [
   FOLLOWER s6@group-4CF2EC507520:t0, leader=null, voted=, raftlog=Memoized:s6@group-4CF2EC507520-SegmentedRaftLog:OPENED:c-1:lastnull, conf=conf: {index: -1, cur=peers:[]|listeners:[], old=null} STARTING
   FOLLOWER s6@group-6AB839334A82:t0, leader=null, voted=, raftlog=Memoized:s6@group-6AB839334A82-SegmentedRaftLog:OPENED:c-1:lastnull, conf=conf: {index: -1, cur=peers:[]|listeners:[], old=null} STARTING] size=2
  s7:  RUNNING [
     LEADER s7@group-4CF2EC507520:t1, leader=s7, voted=s7, raftlog=Memoized:s7@group-4CF2EC507520-SegmentedRaftLog:OPENED:c123:last(t:1, i:124), conf=conf: {index: 123, cur=peers:[s7, s8, s9, s0, s1]|listeners:[], old=null} RUNNING
   FOLLOWER s7@group-6AB839334A82:t0, leader=null, voted=, raftlog=Memoized:s7@group-6AB839334A82-SegmentedRaftLog:OPENED:c-1:lastnull, conf=conf: {index: -1, cur=peers:[]|listeners:[], old=null} STARTING] size=2
  s8:  RUNNING [
   FOLLOWER s8@group-4CF2EC507520:t1, leader=s7, voted=s7, raftlog=Memoized:s8@group-4CF2EC507520-SegmentedRaftLog:OPENED:c123:last(t:1, i:124), conf=conf: {index: 123, cur=peers:[s7|, s8|, s9|, s0|, s1|]|listeners:[], old=null} RUNNING
   FOLLOWER s8@group-6AB839334A82:t0, leader=null, voted=, raftlog=Memoized:s8@group-6AB839334A82-SegmentedRaftLog:OPENED:c-1:lastnull, conf=conf: {index: -1, cur=peers:[]|listeners:[], old=null} STARTING] size=2
  s9:  RUNNING [
   FOLLOWER s9@group-4CF2EC507520:t1, leader=s7, voted=s7, raftlog=Memoized:s9@group-4CF2EC507520-SegmentedRaftLog:OPENED:c123:last(t:1, i:124), conf=conf: {index: 123, cur=peers:[s7|, s8|, s9|, s0|, s1|]|listeners:[], old=null} RUNNING
   FOLLOWER s9@group-6AB839334A82:t0, leader=null, voted=, raftlog=Memoized:s9@group-6AB839334A82-SegmentedRaftLog:OPENED:c-1:lastnull, conf=conf: {index: -1, cur=peers:[]|listeners:[], old=null} STARTING] size=2
  s11:  RUNNING [
   FOLLOWER s11@group-4CF2EC507520:t1, leader=s7, voted=null, raftlog=Memoized:s11@group-4CF2EC507520-SegmentedRaftLog:OPENED:c123:last(t:1, i:124), conf=conf: {index: 123, cur=peers:[s7|, s8|, s9|, s0|, s1|]|listeners:[], old=null} STARTING
   FOLLOWER s11@group-6AB839334A82:t0, leader=null, voted=, raftlog=Memoized:s11@group-6AB839334A82-SegmentedRaftLog:OPENED:c-1:lastnull, conf=conf: {index: -1, cur=peers:[]|listeners:[], old=null} STARTING] size=2
  s10:  RUNNING [
   FOLLOWER s10@group-4CF2EC507520:t1, leader=s7, voted=null, raftlog=Memoized:s10@group-4CF2EC507520-SegmentedRaftLog:OPENED:c123:last(t:1, i:124), conf=conf: {index: 123, cur=peers:[s7|, s8|, s9|, s0|, s1|]|listeners:[], old=null} STARTING
   FOLLOWER s10@group-6AB839334A82:t0, leader=null, voted=, raftlog=Memoized:s10@group-6AB839334A82-SegmentedRaftLog:OPENED:c-1:lastnull, conf=conf: {index: -1, cur=peers:[]|listeners:[], old=null} STARTING] size=2
  s13:  RUNNING [
   FOLLOWER s13@group-4CF2EC507520:t1, leader=s7, voted=null, raftlog=Memoized:s13@group-4CF2EC507520-SegmentedRaftLog:OPENED:c123:last(t:1, i:124), conf=conf: {index: 123, cur=peers:[s7|, s8|, s9|, s0|, s1|]|listeners:[], old=null} STARTING
   FOLLOWER s13@group-6AB839334A82:t0, leader=null, voted=, raftlog=Memoized:s13@group-6AB839334A82-SegmentedRaftLog:OPENED:c-1:lastnull, conf=conf: {index: -1, cur=peers:[]|listeners:[], old=null} STARTING] size=2
  s12:  RUNNING [
   FOLLOWER s12@group-4CF2EC507520:t1, leader=s7, voted=null, raftlog=Memoized:s12@group-4CF2EC507520-SegmentedRaftLog:OPENED:c123:last(t:1, i:124), conf=conf: {index: 123, cur=peers:[s7|, s8|, s9|, s0|, s1|]|listeners:[], old=null} STARTING
   FOLLOWER s12@group-6AB839334A82:t0, leader=null, voted=, raftlog=Memoized:s12@group-6AB839334A82-SegmentedRaftLog:OPENED:c-1:lastnull, conf=conf: {index: -1, cur=peers:[]|listeners:[], old=null} STARTING] size=2
  s14:  RUNNING [
   FOLLOWER s14@group-4CF2EC507520:t0, leader=null, voted=, raftlog=Memoized:s14@group-4CF2EC507520-SegmentedRaftLog:OPENED:c-1:lastnull, conf=conf: {index: -1, cur=peers:[]|listeners:[], old=null} STARTING
   FOLLOWER s14@group-6AB839334A82:t0, leader=null, voted=, raftlog=Memoized:s14@group-6AB839334A82-SegmentedRaftLog:OPENED:c-1:lastnull, conf=conf: {index: -1, cur=peers:[]|listeners:[], old=null} STARTING] size=2
  s0:  RUNNING [
   FOLLOWER s0@group-4CF2EC507520:t1, leader=s7, voted=null, raftlog=Memoized:s0@group-4CF2EC507520-SegmentedRaftLog:OPENED:c123:last(t:1, i:124), conf=conf: {index: 123, cur=peers:[s7|, s8|, s9|, s0|, s1|]|listeners:[], old=null} STARTING
   FOLLOWER s0@group-6AB839334A82:t0, leader=null, voted=, raftlog=Memoized:s0@group-6AB839334A82-SegmentedRaftLog:OPENED:c-1:lastnull, conf=conf: {index: -1, cur=peers:[]|listeners:[], old=null} STARTING] size=2
  s1:  RUNNING [
   FOLLOWER s1@group-4CF2EC507520:t1, leader=s7, voted=null, raftlog=Memoized:s1@group-4CF2EC507520-SegmentedRaftLog:OPENED:c123:last(t:1, i:124), conf=conf: {index: 123, cur=peers:[s7|, s8|, s9|, s0|, s1|]|listeners:[], old=null} STARTING
   FOLLOWER s1@group-6AB839334A82:t0, leader=null, voted=, raftlog=Memoized:s1@group-6AB839334A82-SegmentedRaftLog:OPENED:c-1:lastnull, conf=conf: {index: -1, cur=peers:[]|listeners:[], old=null} STARTING] size=2
  s2:  RUNNING [
   FOLLOWER s2@group-4CF2EC507520:t0, leader=null, voted=, raftlog=Memoized:s2@group-4CF2EC507520-SegmentedRaftLog:OPENED:c-1:lastnull, conf=conf: {index: -1, cur=peers:[]|listeners:[], old=null} STARTING
   FOLLOWER s2@group-6AB839334A82:t0, leader=null, voted=, raftlog=Memoized:s2@group-6AB839334A82-SegmentedRaftLog:OPENED:c-1:lastnull, conf=conf: {index: -1, cur=peers:[]|listeners:[], old=null} STARTING] size=2
2024-12-25 19:07:27,079 INFO  server.RaftServer$Division (RaftServerImpl.java:setConfigurationAsync(1348)) - s7@group-4CF2EC507520: receive setConfiguration SetConfigurationRequest:client-9E894F3AA110->s7@group-4CF2EC507520, cid=2065, seq=null, RW, null, SET_UNCONDITIONALLY, servers:[s11, s10, s7, s13, s8, s12, s9, s0, s1], listeners:[]
2024-12-25 19:07:27,179 INFO  server.RaftServer$Division (RaftServerImpl.java:setConfigurationAsync(1348)) - s9@group-4CF2EC507520: receive setConfiguration SetConfigurationRequest:client-9E894F3AA110->s9@group-4CF2EC507520, cid=2065, seq=null, RW, null, SET_UNCONDITIONALLY, servers:[s11, s10, s7, s13, s8, s12, s9, s0, s1], listeners:[]
2024-12-25 19:07:27,280 INFO  server.RaftServer$Division (RaftServerImpl.java:setConfigurationAsync(1348)) - s7@group-4CF2EC507520: receive setConfiguration SetConfigurationRequest:client-9E894F3AA110->s7@group-4CF2EC507520, cid=2065, seq=null, RW, null, SET_UNCONDITIONALLY, servers:[s11, s10, s7, s13, s8, s12, s9, s0, s1], listeners:[]
2024-12-25 19:07:27,381 INFO  server.RaftServer$Division (RaftServerImpl.java:setConfigurationAsync(1348)) - s9@group-4CF2EC507520: receive setConfiguration SetConfigurationRequest:client-9E894F3AA110->s9@group-4CF2EC507520, cid=2065, seq=null, RW, null, SET_UNCONDITIONALLY, servers:[s11, s10, s7, s13, s8, s12, s9, s0, s1], listeners:[]
2024-12-25 19:07:27,481 INFO  server.RaftServer$Division (RaftServerImpl.java:setConfigurationAsync(1348)) - s7@group-4CF2EC507520: receive setConfiguration SetConfigurationRequest:client-9E894F3AA110->s7@group-4CF2EC507520, cid=2065, seq=null, RW, null, SET_UNCONDITIONALLY, servers:[s11, s10, s7, s13, s8, s12, s9, s0, s1], listeners:[]
2024-12-25 19:07:27,581 INFO  server.RaftServer$Division (RaftServerImpl.java:setConfigurationAsync(1348)) - s9@group-4CF2EC507520: receive setConfiguration SetConfigurationRequest:client-9E894F3AA110->s9@group-4CF2EC507520, cid=2065, seq=null, RW, null, SET_UNCONDITIONALLY, servers:[s11, s10, s7, s13, s8, s12, s9, s0, s1], listeners:[]
2024-12-25 19:07:27,682 INFO  server.RaftServer$Division (RaftServerImpl.java:setConfigurationAsync(1348)) - s7@group-4CF2EC507520: receive setConfiguration SetConfigurationRequest:client-9E894F3AA110->s7@group-4CF2EC507520, cid=2065, seq=null, RW, null, SET_UNCONDITIONALLY, servers:[s11, s10, s7, s13, s8, s12, s9, s0, s1], listeners:[]
2024-12-25 19:07:27,782 INFO  server.RaftServer$Division (RaftServerImpl.java:setConfigurationAsync(1348)) - s0@group-4CF2EC507520: receive setConfiguration SetConfigurationRequest:client-9E894F3AA110->s0@group-4CF2EC507520, cid=2065, seq=null, RW, null, SET_UNCONDITIONALLY, servers:[s11, s10, s7, s13, s8, s12, s9, s0, s1], listeners:[]
2024-12-25 19:07:27,882 INFO  server.RaftServer$Division (RaftServerImpl.java:setConfigurationAsync(1348)) - s1@group-4CF2EC507520: receive setConfiguration SetConfigurationRequest:client-9E894F3AA110->s1@group-4CF2EC507520, cid=2065, seq=null, RW, null, SET_UNCONDITIONALLY, servers:[s11, s10, s7, s13, s8, s12, s9, s0, s1], listeners:[]
2024-12-25 19:07:27,983 INFO  server.RaftServer$Division (RaftServerImpl.java:setConfigurationAsync(1348)) - s0@group-4CF2EC507520: receive setConfiguration SetConfigurationRequest:client-9E894F3AA110->s0@group-4CF2EC507520, cid=2065, seq=null, RW, null, SET_UNCONDITIONALLY, servers:[s11, s10, s7, s13, s8, s12, s9, s0, s1], listeners:[]
2024-12-25 19:07:28,083 INFO  server.RaftServer$Division (RaftServerImpl.java:setConfigurationAsync(1348)) - s9@group-4CF2EC507520: receive setConfiguration SetConfigurationRequest:client-9E894F3AA110->s9@group-4CF2EC507520, cid=2065, seq=null, RW, null, SET_UNCONDITIONALLY, servers:[s11, s10, s7, s13, s8, s12, s9, s0, s1], listeners:[]
2024-12-25 19:07:28,183 INFO  server.RaftServer$Division (RaftServerImpl.java:setConfigurationAsync(1348)) - s7@group-4CF2EC507520: receive setConfiguration SetConfigurationRequest:client-9E894F3AA110->s7@group-4CF2EC507520, cid=2065, seq=null, RW, null, SET_UNCONDITIONALLY, servers:[s11, s10, s7, s13, s8, s12, s9, s0, s1], listeners:[]
2024-12-25 19:07:28,284 INFO  server.RaftServer$Division (RaftServerImpl.java:setConfigurationAsync(1348)) - s1@group-4CF2EC507520: receive setConfiguration SetConfigurationRequest:client-9E894F3AA110->s1@group-4CF2EC507520, cid=2065, seq=null, RW, null, SET_UNCONDITIONALLY, servers:[s11, s10, s7, s13, s8, s12, s9, s0, s1], listeners:[]
2024-12-25 19:07:28,384 INFO  server.RaftServer$Division (RaftServerImpl.java:setConfigurationAsync(1348)) - s9@group-4CF2EC507520: receive setConfiguration SetConfigurationRequest:client-9E894F3AA110->s9@group-4CF2EC507520, cid=2065, seq=null, RW, null, SET_UNCONDITIONALLY, servers:[s11, s10, s7, s13, s8, s12, s9, s0, s1], listeners:[]
2024-12-25 19:07:28,484 INFO  server.RaftServer$Division (RaftServerImpl.java:setConfigurationAsync(1348)) - s7@group-4CF2EC507520: receive setConfiguration SetConfigurationRequest:client-9E894F3AA110->s7@group-4CF2EC507520, cid=2065, seq=null, RW, null, SET_UNCONDITIONALLY, servers:[s11, s10, s7, s13, s8, s12, s9, s0, s1], listeners:[]
2024-12-25 19:07:28,584 INFO  server.RaftServer$Division (RaftServerImpl.java:setConfigurationAsync(1348)) - s0@group-4CF2EC507520: receive setConfiguration SetConfigurationRequest:client-9E894F3AA110->s0@group-4CF2EC507520, cid=2065, seq=null, RW, null, SET_UNCONDITIONALLY, servers:[s11, s10, s7, s13, s8, s12, s9, s0, s1], listeners:[]
2024-12-25 19:07:28,685 INFO  server.RaftServer$Division (RaftServerImpl.java:setConfigurationAsync(1348)) - s1@group-4CF2EC507520: receive setConfiguration SetConfigurationRequest:client-9E894F3AA110->s1@group-4CF2EC507520, cid=2065, seq=null, RW, null, SET_UNCONDITIONALLY, servers:[s11, s10, s7, s13, s8, s12, s9, s0, s1], listeners:[]
2024-12-25 19:07:28,785 INFO  server.RaftServer$Division (RaftServerImpl.java:setConfigurationAsync(1348)) - s0@group-4CF2EC507520: receive setConfiguration SetConfigurationRequest:client-9E894F3AA110->s0@group-4CF2EC507520, cid=2065, seq=null, RW, null, SET_UNCONDITIONALLY, servers:[s11, s10, s7, s13, s8, s12, s9, s0, s1], listeners:[]
2024-12-25 19:07:28,885 INFO  server.RaftServer$Division (RaftServerImpl.java:setConfigurationAsync(1348)) - s7@group-4CF2EC507520: receive setConfiguration SetConfigurationRequest:client-9E894F3AA110->s7@group-4CF2EC507520, cid=2065, seq=null, RW, null, SET_UNCONDITIONALLY, servers:[s11, s10, s7, s13, s8, s12, s9, s0, s1], listeners:[]
2024-12-25 19:07:28,986 INFO  server.RaftServer$Division (RaftServerImpl.java:setConfigurationAsync(1348)) - s9@group-4CF2EC507520: receive setConfiguration SetConfigurationRequest:client-9E894F3AA110->s9@group-4CF2EC507520, cid=2065, seq=null, RW, null, SET_UNCONDITIONALLY, servers:[s11, s10, s7, s13, s8, s12, s9, s0, s1], listeners:[]
2024-12-25 19:07:29,086 INFO  server.RaftServer$Division (RaftServerImpl.java:setConfigurationAsync(1348)) - s7@group-4CF2EC507520: receive setConfiguration SetConfigurationRequest:client-9E894F3AA110->s7@group-4CF2EC507520, cid=2065, seq=null, RW, null, SET_UNCONDITIONALLY, servers:[s11, s10, s7, s13, s8, s12, s9, s0, s1], listeners:[]
2024-12-25 19:07:29,186 INFO  server.RaftServer$Division (RaftServerImpl.java:setConfigurationAsync(1348)) - s9@group-4CF2EC507520: receive setConfiguration SetConfigurationRequest:client-9E894F3AA110->s9@group-4CF2EC507520, cid=2065, seq=null, RW, null, SET_UNCONDITIONALLY, servers:[s11, s10, s7, s13, s8, s12, s9, s0, s1], listeners:[]
2024-12-25 19:07:29,287 INFO  server.RaftServer$Division (RaftServerImpl.java:setConfigurationAsync(1348)) - s7@group-4CF2EC507520: receive setConfiguration SetConfigurationRequest:client-9E894F3AA110->s7@group-4CF2EC507520, cid=2065, seq=null, RW, null, SET_UNCONDITIONALLY, servers:[s11, s10, s7, s13, s8, s12, s9, s0, s1], listeners:[]
2024-12-25 19:07:29,387 INFO  server.RaftServer$Division (RaftServerImpl.java:setConfigurationAsync(1348)) - s9@group-4CF2EC507520: receive setConfiguration SetConfigurationRequest:client-9E894F3AA110->s9@group-4CF2EC507520, cid=2065, seq=null, RW, null, SET_UNCONDITIONALLY, servers:[s11, s10, s7, s13, s8, s12, s9, s0, s1], listeners:[]
2024-12-25 19:07:29,487 INFO  server.RaftServer$Division (RaftServerImpl.java:setConfigurationAsync(1348)) - s7@group-4CF2EC507520: receive setConfiguration SetConfigurationRequest:client-9E894F3AA110->s7@group-4CF2EC507520, cid=2065, seq=null, RW, null, SET_UNCONDITIONALLY, servers:[s11, s10, s7, s13, s8, s12, s9, s0, s1], listeners:[]
2024-12-25 19:07:29,588 INFO  server.RaftServer$Division (RaftServerImpl.java:setConfigurationAsync(1348)) - s8@group-4CF2EC507520: receive setConfiguration SetConfigurationRequest:client-9E894F3AA110->s8@group-4CF2EC507520, cid=2065, seq=null, RW, null, SET_UNCONDITIONALLY, servers:[s11, s10, s7, s13, s8, s12, s9, s0, s1], listeners:[]
2024-12-25 19:07:29,688 INFO  server.RaftServer$Division (RaftServerImpl.java:setConfigurationAsync(1348)) - s7@group-4CF2EC507520: receive setConfiguration SetConfigurationRequest:client-9E894F3AA110->s7@group-4CF2EC507520, cid=2065, seq=null, RW, null, SET_UNCONDITIONALLY, servers:[s11, s10, s7, s13, s8, s12, s9, s0, s1], listeners:[]
2024-12-25 19:07:29,788 INFO  server.RaftServer$Division (RaftServerImpl.java:setConfigurationAsync(1348)) - s8@group-4CF2EC507520: receive setConfiguration SetConfigurationRequest:client-9E894F3AA110->s8@group-4CF2EC507520, cid=2065, seq=null, RW, null, SET_UNCONDITIONALLY, servers:[s11, s10, s7, s13, s8, s12, s9, s0, s1], listeners:[]
2024-12-25 19:07:29,888 INFO  server.RaftServer$Division (RaftServerImpl.java:setConfigurationAsync(1348)) - s7@group-4CF2EC507520: receive setConfiguration SetConfigurationRequest:client-9E894F3AA110->s7@group-4CF2EC507520, cid=2065, seq=null, RW, null, SET_UNCONDITIONALLY, servers:[s11, s10, s7, s13, s8, s12, s9, s0, s1], listeners:[]
2024-12-25 19:07:29,989 INFO  server.RaftServer$Division (RaftServerImpl.java:setConfigurationAsync(1348)) - s0@group-4CF2EC507520: receive setConfiguration SetConfigurationRequest:client-9E894F3AA110->s0@group-4CF2EC507520, cid=2065, seq=null, RW, null, SET_UNCONDITIONALLY, servers:[s11, s10, s7, s13, s8, s12, s9, s0, s1], listeners:[]
2024-12-25 19:07:30,089 INFO  server.RaftServer$Division (RaftServerImpl.java:setConfigurationAsync(1348)) - s8@group-4CF2EC507520: receive setConfiguration SetConfigurationRequest:client-9E894F3AA110->s8@group-4CF2EC507520, cid=2065, seq=null, RW, null, SET_UNCONDITIONALLY, servers:[s11, s10, s7, s13, s8, s12, s9, s0, s1], listeners:[]
2024-12-25 19:07:30,189 INFO  server.RaftServer$Division (RaftServerImpl.java:setConfigurationAsync(1348)) - s7@group-4CF2EC507520: receive setConfiguration SetConfigurationRequest:client-9E894F3AA110->s7@group-4CF2EC507520, cid=2065, seq=null, RW, null, SET_UNCONDITIONALLY, servers:[s11, s10, s7, s13, s8, s12, s9, s0, s1], listeners:[]
2024-12-25 19:07:30,290 INFO  server.RaftServer$Division (RaftServerImpl.java:setConfigurationAsync(1348)) - s1@group-4CF2EC507520: receive setConfiguration SetConfigurationRequest:client-9E894F3AA110->s1@group-4CF2EC507520, cid=2065, seq=null, RW, null, SET_UNCONDITIONALLY, servers:[s11, s10, s7, s13, s8, s12, s9, s0, s1], listeners:[]
2024-12-25 19:07:30,390 INFO  server.RaftServer$Division (RaftServerImpl.java:setConfigurationAsync(1348)) - s7@group-4CF2EC507520: receive setConfiguration SetConfigurationRequest:client-9E894F3AA110->s7@group-4CF2EC507520, cid=2065, seq=null, RW, null, SET_UNCONDITIONALLY, servers:[s11, s10, s7, s13, s8, s12, s9, s0, s1], listeners:[]
2024-12-25 19:07:30,490 INFO  server.RaftServer$Division (RaftServerImpl.java:setConfigurationAsync(1348)) - s8@group-4CF2EC507520: receive setConfiguration SetConfigurationRequest:client-9E894F3AA110->s8@group-4CF2EC507520, cid=2065, seq=null, RW, null, SET_UNCONDITIONALLY, servers:[s11, s10, s7, s13, s8, s12, s9, s0, s1], listeners:[]
2024-12-25 19:07:30,591 INFO  server.RaftServer$Division (RaftServerImpl.java:setConfigurationAsync(1348)) - s7@group-4CF2EC507520: receive setConfiguration SetConfigurationRequest:client-9E894F3AA110->s7@group-4CF2EC507520, cid=2065, seq=null, RW, null, SET_UNCONDITIONALLY, servers:[s11, s10, s7, s13, s8, s12, s9, s0, s1], listeners:[]
2024-12-25 19:07:30,691 INFO  server.RaftServer$Division (RaftServerImpl.java:setConfigurationAsync(1348)) - s0@group-4CF2EC507520: receive setConfiguration SetConfigurationRequest:client-9E894F3AA110->s0@group-4CF2EC507520, cid=2065, seq=null, RW, null, SET_UNCONDITIONALLY, servers:[s11, s10, s7, s13, s8, s12, s9, s0, s1], listeners:[]
2024-12-25 19:07:30,791 INFO  server.RaftServer$Division (RaftServerImpl.java:setConfigurationAsync(1348)) - s8@group-4CF2EC507520: receive setConfiguration SetConfigurationRequest:client-9E894F3AA110->s8@group-4CF2EC507520, cid=2065, seq=null, RW, null, SET_UNCONDITIONALLY, servers:[s11, s10, s7, s13, s8, s12, s9, s0, s1], listeners:[]
2024-12-25 19:07:30,892 INFO  server.RaftServer$Division (RaftServerImpl.java:setConfigurationAsync(1348)) - s7@group-4CF2EC507520: receive setConfiguration SetConfigurationRequest:client-9E894F3AA110->s7@group-4CF2EC507520, cid=2065, seq=null, RW, null, SET_UNCONDITIONALLY, servers:[s11, s10, s7, s13, s8, s12, s9, s0, s1], listeners:[]
2024-12-25 19:07:30,992 INFO  server.RaftServer$Division (RaftServerImpl.java:setConfigurationAsync(1348)) - s1@group-4CF2EC507520: receive setConfiguration SetConfigurationRequest:client-9E894F3AA110->s1@group-4CF2EC507520, cid=2065, seq=null, RW, null, SET_UNCONDITIONALLY, servers:[s11, s10, s7, s13, s8, s12, s9, s0, s1], listeners:[]
2024-12-25 19:07:31,092 INFO  server.RaftServer$Division (RaftServerImpl.java:setConfigurationAsync(1348)) - s8@group-4CF2EC507520: receive setConfiguration SetConfigurationRequest:client-9E894F3AA110->s8@group-4CF2EC507520, cid=2065, seq=null, RW, null, SET_UNCONDITIONALLY, servers:[s11, s10, s7, s13, s8, s12, s9, s0, s1], listeners:[]
2024-12-25 19:07:31,193 INFO  server.RaftServer$Division (RaftServerImpl.java:setConfigurationAsync(1348)) - s7@group-4CF2EC507520: receive setConfiguration SetConfigurationRequest:client-9E894F3AA110->s7@group-4CF2EC507520, cid=2065, seq=null, RW, null, SET_UNCONDITIONALLY, servers:[s11, s10, s7, s13, s8, s12, s9, s0, s1], listeners:[]
2024-12-25 19:07:31,293 INFO  server.RaftServer$Division (RaftServerImpl.java:setConfigurationAsync(1348)) - s9@group-4CF2EC507520: receive setConfiguration SetConfigurationRequest:client-9E894F3AA110->s9@group-4CF2EC507520, cid=2065, seq=null, RW, null, SET_UNCONDITIONALLY, servers:[s11, s10, s7, s13, s8, s12, s9, s0, s1], listeners:[]
2024-12-25 19:07:31,393 INFO  server.RaftServer$Division (RaftServerImpl.java:setConfigurationAsync(1348)) - s7@group-4CF2EC507520: receive setConfiguration SetConfigurationRequest:client-9E894F3AA110->s7@group-4CF2EC507520, cid=2065, seq=null, RW, null, SET_UNCONDITIONALLY, servers:[s11, s10, s7, s13, s8, s12, s9, s0, s1], listeners:[]
2024-12-25 19:07:31,494 INFO  server.RaftServer$Division (RaftServerImpl.java:setConfigurationAsync(1348)) - s0@group-4CF2EC507520: receive setConfiguration SetConfigurationRequest:client-9E894F3AA110->s0@group-4CF2EC507520, cid=2065, seq=null, RW, null, SET_UNCONDITIONALLY, servers:[s11, s10, s7, s13, s8, s12, s9, s0, s1], listeners:[]
2024-12-25 19:07:31,594 INFO  server.RaftServer$Division (RaftServerImpl.java:setConfigurationAsync(1348)) - s8@group-4CF2EC507520: receive setConfiguration SetConfigurationRequest:client-9E894F3AA110->s8@group-4CF2EC507520, cid=2065, seq=null, RW, null, SET_UNCONDITIONALLY, servers:[s11, s10, s7, s13, s8, s12, s9, s0, s1], listeners:[]
2024-12-25 19:07:31,694 INFO  server.RaftServer$Division (RaftServerImpl.java:setConfigurationAsync(1348)) - s7@group-4CF2EC507520: receive setConfiguration SetConfigurationRequest:client-9E894F3AA110->s7@group-4CF2EC507520, cid=2065, seq=null, RW, null, SET_UNCONDITIONALLY, servers:[s11, s10, s7, s13, s8, s12, s9, s0, s1], listeners:[]
2024-12-25 19:07:31,794 INFO  server.RaftServer$Division (RaftServerImpl.java:setConfigurationAsync(1348)) - s8@group-4CF2EC507520: receive setConfiguration SetConfigurationRequest:client-9E894F3AA110->s8@group-4CF2EC507520, cid=2065, seq=null, RW, null, SET_UNCONDITIONALLY, servers:[s11, s10, s7, s13, s8, s12, s9, s0, s1], listeners:[]
2024-12-25 19:07:31,895 INFO  server.RaftServer$Division (RaftServerImpl.java:setConfigurationAsync(1348)) - s7@group-4CF2EC507520: receive setConfiguration SetConfigurationRequest:client-9E894F3AA110->s7@group-4CF2EC507520, cid=2065, seq=null, RW, null, SET_UNCONDITIONALLY, servers:[s11, s10, s7, s13, s8, s12, s9, s0, s1], listeners:[]
2024-12-25 19:07:31,995 INFO  server.RaftServer$Division (RaftServerImpl.java:setConfigurationAsync(1348)) - s1@group-4CF2EC507520: receive setConfiguration SetConfigurationRequest:client-9E894F3AA110->s1@group-4CF2EC507520, cid=2065, seq=null, RW, null, SET_UNCONDITIONALLY, servers:[s11, s10, s7, s13, s8, s12, s9, s0, s1], listeners:[]
2024-12-25 19:07:32,095 INFO  server.RaftServer$Division (RaftServerImpl.java:setConfigurationAsync(1348)) - s8@group-4CF2EC507520: receive setConfiguration SetConfigurationRequest:client-9E894F3AA110->s8@group-4CF2EC507520, cid=2065, seq=null, RW, null, SET_UNCONDITIONALLY, servers:[s11, s10, s7, s13, s8, s12, s9, s0, s1], listeners:[]
2024-12-25 19:07:32,196 INFO  server.RaftServer$Division (RaftServerImpl.java:setConfigurationAsync(1348)) - s7@group-4CF2EC507520: receive setConfiguration SetConfigurationRequest:client-9E894F3AA110->s7@group-4CF2EC507520, cid=2065, seq=null, RW, null, SET_UNCONDITIONALLY, servers:[s11, s10, s7, s13, s8, s12, s9, s0, s1], listeners:[]
2024-12-25 19:07:32,296 INFO  server.RaftServer$Division (RaftServerImpl.java:setConfigurationAsync(1348)) - s1@group-4CF2EC507520: receive setConfiguration SetConfigurationRequest:client-9E894F3AA110->s1@group-4CF2EC507520, cid=2065, seq=null, RW, null, SET_UNCONDITIONALLY, servers:[s11, s10, s7, s13, s8, s12, s9, s0, s1], listeners:[]
2024-12-25 19:07:32,397 INFO  server.RaftServer$Division (RaftServerImpl.java:setConfigurationAsync(1348)) - s8@group-4CF2EC507520: receive setConfiguration SetConfigurationRequest:client-9E894F3AA110->s8@group-4CF2EC507520, cid=2065, seq=null, RW, null, SET_UNCONDITIONALLY, servers:[s11, s10, s7, s13, s8, s12, s9, s0, s1], listeners:[]
2024-12-25 19:07:32,497 INFO  server.RaftServer$Division (RaftServerImpl.java:setConfigurationAsync(1348)) - s7@group-4CF2EC507520: receive setConfiguration SetConfigurationRequest:client-9E894F3AA110->s7@group-4CF2EC507520, cid=2065, seq=null, RW, null, SET_UNCONDITIONALLY, servers:[s11, s10, s7, s13, s8, s12, s9, s0, s1], listeners:[]
2024-12-25 19:07:32,597 INFO  server.RaftServer$Division (RaftServerImpl.java:setConfigurationAsync(1348)) - s9@group-4CF2EC507520: receive setConfiguration SetConfigurationRequest:client-9E894F3AA110->s9@group-4CF2EC507520, cid=2065, seq=null, RW, null, SET_UNCONDITIONALLY, servers:[s11, s10, s7, s13, s8, s12, s9, s0, s1], listeners:[]
2024-12-25 19:07:32,698 INFO  server.RaftServer$Division (RaftServerImpl.java:setConfigurationAsync(1348)) - s7@group-4CF2EC507520: receive setConfiguration SetConfigurationRequest:client-9E894F3AA110->s7@group-4CF2EC507520, cid=2065, seq=null, RW, null, SET_UNCONDITIONALLY, servers:[s11, s10, s7, s13, s8, s12, s9, s0, s1], listeners:[]
2024-12-25 19:07:32,798 INFO  server.RaftServer$Division (RaftServerImpl.java:setConfigurationAsync(1348)) - s8@group-4CF2EC507520: receive setConfiguration SetConfigurationRequest:client-9E894F3AA110->s8@group-4CF2EC507520, cid=2065, seq=null, RW, null, SET_UNCONDITIONALLY, servers:[s11, s10, s7, s13, s8, s12, s9, s0, s1], listeners:[]
2024-12-25 19:07:32,898 INFO  server.RaftServer$Division (RaftServerImpl.java:setConfigurationAsync(1348)) - s7@group-4CF2EC507520: receive setConfiguration SetConfigurationRequest:client-9E894F3AA110->s7@group-4CF2EC507520, cid=2065, seq=null, RW, null, SET_UNCONDITIONALLY, servers:[s11, s10, s7, s13, s8, s12, s9, s0, s1], listeners:[]
2024-12-25 19:07:32,999 INFO  server.RaftServer$Division (RaftServerImpl.java:setConfigurationAsync(1348)) - s9@group-4CF2EC507520: receive setConfiguration SetConfigurationRequest:client-9E894F3AA110->s9@group-4CF2EC507520, cid=2065, seq=null, RW, null, SET_UNCONDITIONALLY, servers:[s11, s10, s7, s13, s8, s12, s9, s0, s1], listeners:[]
2024-12-25 19:07:33,099 INFO  server.RaftServer$Division (RaftServerImpl.java:setConfigurationAsync(1348)) - s7@group-4CF2EC507520: receive setConfiguration SetConfigurationRequest:client-9E894F3AA110->s7@group-4CF2EC507520, cid=2065, seq=null, RW, null, SET_UNCONDITIONALLY, servers:[s11, s10, s7, s13, s8, s12, s9, s0, s1], listeners:[]
2024-12-25 19:07:33,199 INFO  server.RaftServer$Division (RaftServerImpl.java:setConfigurationAsync(1348)) - s8@group-4CF2EC507520: receive setConfiguration SetConfigurationRequest:client-9E894F3AA110->s8@group-4CF2EC507520, cid=2065, seq=null, RW, null, SET_UNCONDITIONALLY, servers:[s11, s10, s7, s13, s8, s12, s9, s0, s1], listeners:[]
2024-12-25 19:07:33,300 INFO  server.RaftServer$Division (RaftServerImpl.java:setConfigurationAsync(1348)) - s7@group-4CF2EC507520: receive setConfiguration SetConfigurationRequest:client-9E894F3AA110->s7@group-4CF2EC507520, cid=2065, seq=null, RW, null, SET_UNCONDITIONALLY, servers:[s11, s10, s7, s13, s8, s12, s9, s0, s1], listeners:[]
2024-12-25 19:07:33,400 INFO  server.RaftServer$Division (RaftServerImpl.java:setConfigurationAsync(1348)) - s0@group-4CF2EC507520: receive setConfiguration SetConfigurationRequest:client-9E894F3AA110->s0@group-4CF2EC507520, cid=2065, seq=null, RW, null, SET_UNCONDITIONALLY, servers:[s11, s10, s7, s13, s8, s12, s9, s0, s1], listeners:[]
2024-12-25 19:07:33,500 INFO  server.RaftServer$Division (RaftServerImpl.java:setConfigurationAsync(1348)) - s1@group-4CF2EC507520: receive setConfiguration SetConfigurationRequest:client-9E894F3AA110->s1@group-4CF2EC507520, cid=2065, seq=null, RW, null, SET_UNCONDITIONALLY, servers:[s11, s10, s7, s13, s8, s12, s9, s0, s1], listeners:[]
2024-12-25 19:07:33,601 INFO  server.RaftServer$Division (RaftServerImpl.java:setConfigurationAsync(1348)) - s8@group-4CF2EC507520: receive setConfiguration SetConfigurationRequest:client-9E894F3AA110->s8@group-4CF2EC507520, cid=2065, seq=null, RW, null, SET_UNCONDITIONALLY, servers:[s11, s10, s7, s13, s8, s12, s9, s0, s1], listeners:[]
2024-12-25 19:07:33,701 INFO  server.RaftServer$Division (RaftServerImpl.java:setConfigurationAsync(1348)) - s7@group-4CF2EC507520: receive setConfiguration SetConfigurationRequest:client-9E894F3AA110->s7@group-4CF2EC507520, cid=2065, seq=null, RW, null, SET_UNCONDITIONALLY, servers:[s11, s10, s7, s13, s8, s12, s9, s0, s1], listeners:[]
2024-12-25 19:07:33,801 INFO  server.RaftServer$Division (RaftServerImpl.java:setConfigurationAsync(1348)) - s9@group-4CF2EC507520: receive setConfiguration SetConfigurationRequest:client-9E894F3AA110->s9@group-4CF2EC507520, cid=2065, seq=null, RW, null, SET_UNCONDITIONALLY, servers:[s11, s10, s7, s13, s8, s12, s9, s0, s1], listeners:[]
2024-12-25 19:07:33,902 INFO  server.RaftServer$Division (RaftServerImpl.java:setConfigurationAsync(1348)) - s7@group-4CF2EC507520: receive setConfiguration SetConfigurationRequest:client-9E894F3AA110->s7@group-4CF2EC507520, cid=2065, seq=null, RW, null, SET_UNCONDITIONALLY, servers:[s11, s10, s7, s13, s8, s12, s9, s0, s1], listeners:[]
2024-12-25 19:07:34,002 INFO  server.RaftServer$Division (RaftServerImpl.java:setConfigurationAsync(1348)) - s0@group-4CF2EC507520: receive setConfiguration SetConfigurationRequest:client-9E894F3AA110->s0@group-4CF2EC507520, cid=2065, seq=null, RW, null, SET_UNCONDITIONALLY, servers:[s11, s10, s7, s13, s8, s12, s9, s0, s1], listeners:[]
2024-12-25 19:07:34,102 INFO  server.RaftServer$Division (RaftServerImpl.java:setConfigurationAsync(1348)) - s9@group-4CF2EC507520: receive setConfiguration SetConfigurationRequest:client-9E894F3AA110->s9@group-4CF2EC507520, cid=2065, seq=null, RW, null, SET_UNCONDITIONALLY, servers:[s11, s10, s7, s13, s8, s12, s9, s0, s1], listeners:[]
2024-12-25 19:07:34,202 INFO  server.RaftServer$Division (RaftServerImpl.java:setConfigurationAsync(1348)) - s7@group-4CF2EC507520: receive setConfiguration SetConfigurationRequest:client-9E894F3AA110->s7@group-4CF2EC507520, cid=2065, seq=null, RW, null, SET_UNCONDITIONALLY, servers:[s11, s10, s7, s13, s8, s12, s9, s0, s1], listeners:[]
2024-12-25 19:07:34,303 INFO  server.RaftServer$Division (RaftServerImpl.java:setConfigurationAsync(1348)) - s0@group-4CF2EC507520: receive setConfiguration SetConfigurationRequest:client-9E894F3AA110->s0@group-4CF2EC507520, cid=2065, seq=null, RW, null, SET_UNCONDITIONALLY, servers:[s11, s10, s7, s13, s8, s12, s9, s0, s1], listeners:[]
2024-12-25 19:07:34,403 INFO  server.RaftServer$Division (RaftServerImpl.java:setConfigurationAsync(1348)) - s1@group-4CF2EC507520: receive setConfiguration SetConfigurationRequest:client-9E894F3AA110->s1@group-4CF2EC507520, cid=2065, seq=null, RW, null, SET_UNCONDITIONALLY, servers:[s11, s10, s7, s13, s8, s12, s9, s0, s1], listeners:[]
2024-12-25 19:07:34,503 INFO  server.RaftServer$Division (RaftServerImpl.java:setConfigurationAsync(1348)) - s7@group-4CF2EC507520: receive setConfiguration SetConfigurationRequest:client-9E894F3AA110->s7@group-4CF2EC507520, cid=2065, seq=null, RW, null, SET_UNCONDITIONALLY, servers:[s11, s10, s7, s13, s8, s12, s9, s0, s1], listeners:[]
2024-12-25 19:07:34,604 INFO  server.RaftServer$Division (RaftServerImpl.java:setConfigurationAsync(1348)) - s9@group-4CF2EC507520: receive setConfiguration SetConfigurationRequest:client-9E894F3AA110->s9@group-4CF2EC507520, cid=2065, seq=null, RW, null, SET_UNCONDITIONALLY, servers:[s11, s10, s7, s13, s8, s12, s9, s0, s1], listeners:[]
2024-12-25 19:07:34,704 INFO  server.RaftServer$Division (RaftServerImpl.java:setConfigurationAsync(1348)) - s7@group-4CF2EC507520: receive setConfiguration SetConfigurationRequest:client-9E894F3AA110->s7@group-4CF2EC507520, cid=2065, seq=null, RW, null, SET_UNCONDITIONALLY, servers:[s11, s10, s7, s13, s8, s12, s9, s0, s1], listeners:[]
2024-12-25 19:07:34,804 INFO  server.RaftServer$Division (RaftServerImpl.java:setConfigurationAsync(1348)) - s9@group-4CF2EC507520: receive setConfiguration SetConfigurationRequest:client-9E894F3AA110->s9@group-4CF2EC507520, cid=2065, seq=null, RW, null, SET_UNCONDITIONALLY, servers:[s11, s10, s7, s13, s8, s12, s9, s0, s1], listeners:[]
2024-12-25 19:07:34,904 INFO  server.RaftServer$Division (RaftServerImpl.java:setConfigurationAsync(1348)) - s7@group-4CF2EC507520: receive setConfiguration SetConfigurationRequest:client-9E894F3AA110->s7@group-4CF2EC507520, cid=2065, seq=null, RW, null, SET_UNCONDITIONALLY, servers:[s11, s10, s7, s13, s8, s12, s9, s0, s1], listeners:[]
2024-12-25 19:07:35,005 INFO  server.RaftServer$Division (RaftServerImpl.java:setConfigurationAsync(1348)) - s1@group-4CF2EC507520: receive setConfiguration SetConfigurationRequest:client-9E894F3AA110->s1@group-4CF2EC507520, cid=2065, seq=null, RW, null, SET_UNCONDITIONALLY, servers:[s11, s10, s7, s13, s8, s12, s9, s0, s1], listeners:[]
2024-12-25 19:07:35,105 INFO  server.RaftServer$Division (RaftServerImpl.java:setConfigurationAsync(1348)) - s0@group-4CF2EC507520: receive setConfiguration SetConfigurationRequest:client-9E894F3AA110->s0@group-4CF2EC507520, cid=2065, seq=null, RW, null, SET_UNCONDITIONALLY, servers:[s11, s10, s7, s13, s8, s12, s9, s0, s1], listeners:[]
2024-12-25 19:07:35,205 INFO  server.RaftServer$Division (RaftServerImpl.java:setConfigurationAsync(1348)) - s7@group-4CF2EC507520: receive setConfiguration SetConfigurationRequest:client-9E894F3AA110->s7@group-4CF2EC507520, cid=2065, seq=null, RW, null, SET_UNCONDITIONALLY, servers:[s11, s10, s7, s13, s8, s12, s9, s0, s1], listeners:[]
2024-12-25 19:07:35,306 INFO  server.RaftServer$Division (RaftServerImpl.java:setConfigurationAsync(1348)) - s1@group-4CF2EC507520: receive setConfiguration SetConfigurationRequest:client-9E894F3AA110->s1@group-4CF2EC507520, cid=2065, seq=null, RW, null, SET_UNCONDITIONALLY, servers:[s11, s10, s7, s13, s8, s12, s9, s0, s1], listeners:[]
2024-12-25 19:07:35,406 INFO  server.RaftServer$Division (RaftServerImpl.java:setConfigurationAsync(1348)) - s0@group-4CF2EC507520: receive setConfiguration SetConfigurationRequest:client-9E894F3AA110->s0@group-4CF2EC507520, cid=2065, seq=null, RW, null, SET_UNCONDITIONALLY, servers:[s11, s10, s7, s13, s8, s12, s9, s0, s1], listeners:[]
2024-12-25 19:07:35,506 INFO  server.RaftServer$Division (RaftServerImpl.java:setConfigurationAsync(1348)) - s9@group-4CF2EC507520: receive setConfiguration SetConfigurationRequest:client-9E894F3AA110->s9@group-4CF2EC507520, cid=2065, seq=null, RW, null, SET_UNCONDITIONALLY, servers:[s11, s10, s7, s13, s8, s12, s9, s0, s1], listeners:[]
2024-12-25 19:07:35,607 INFO  server.RaftServer$Division (RaftServerImpl.java:setConfigurationAsync(1348)) - s7@group-4CF2EC507520: receive setConfiguration SetConfigurationRequest:client-9E894F3AA110->s7@group-4CF2EC507520, cid=2065, seq=null, RW, null, SET_UNCONDITIONALLY, servers:[s11, s10, s7, s13, s8, s12, s9, s0, s1], listeners:[]
2024-12-25 19:07:35,707 INFO  server.RaftServer$Division (RaftServerImpl.java:setConfigurationAsync(1348)) - s1@group-4CF2EC507520: receive setConfiguration SetConfigurationRequest:client-9E894F3AA110->s1@group-4CF2EC507520, cid=2065, seq=null, RW, null, SET_UNCONDITIONALLY, servers:[s11, s10, s7, s13, s8, s12, s9, s0, s1], listeners:[]
2024-12-25 19:07:35,807 INFO  server.RaftServer$Division (RaftServerImpl.java:setConfigurationAsync(1348)) - s8@group-4CF2EC507520: receive setConfiguration SetConfigurationRequest:client-9E894F3AA110->s8@group-4CF2EC507520, cid=2065, seq=null, RW, null, SET_UNCONDITIONALLY, servers:[s11, s10, s7, s13, s8, s12, s9, s0, s1], listeners:[]
2024-12-25 19:07:35,908 INFO  server.RaftServer$Division (RaftServerImpl.java:setConfigurationAsync(1348)) - s7@group-4CF2EC507520: receive setConfiguration SetConfigurationRequest:client-9E894F3AA110->s7@group-4CF2EC507520, cid=2065, seq=null, RW, null, SET_UNCONDITIONALLY, servers:[s11, s10, s7, s13, s8, s12, s9, s0, s1], listeners:[]
2024-12-25 19:07:36,008 INFO  server.RaftServer$Division (RaftServerImpl.java:setConfigurationAsync(1348)) - s9@group-4CF2EC507520: receive setConfiguration SetConfigurationRequest:client-9E894F3AA110->s9@group-4CF2EC507520, cid=2065, seq=null, RW, null, SET_UNCONDITIONALLY, servers:[s11, s10, s7, s13, s8, s12, s9, s0, s1], listeners:[]
2024-12-25 19:07:36,108 INFO  server.RaftServer$Division (RaftServerImpl.java:setConfigurationAsync(1348)) - s7@group-4CF2EC507520: receive setConfiguration SetConfigurationRequest:client-9E894F3AA110->s7@group-4CF2EC507520, cid=2065, seq=null, RW, null, SET_UNCONDITIONALLY, servers:[s11, s10, s7, s13, s8, s12, s9, s0, s1], listeners:[]
2024-12-25 19:07:36,209 INFO  server.RaftServer$Division (RaftServerImpl.java:setConfigurationAsync(1348)) - s0@group-4CF2EC507520: receive setConfiguration SetConfigurationRequest:client-9E894F3AA110->s0@group-4CF2EC507520, cid=2065, seq=null, RW, null, SET_UNCONDITIONALLY, servers:[s11, s10, s7, s13, s8, s12, s9, s0, s1], listeners:[]
2024-12-25 19:07:36,309 INFO  server.RaftServer$Division (RaftServerImpl.java:setConfigurationAsync(1348)) - s9@group-4CF2EC507520: receive setConfiguration SetConfigurationRequest:client-9E894F3AA110->s9@group-4CF2EC507520, cid=2065, seq=null, RW, null, SET_UNCONDITIONALLY, servers:[s11, s10, s7, s13, s8, s12, s9, s0, s1], listeners:[]
2024-12-25 19:07:36,409 INFO  server.RaftServer$Division (RaftServerImpl.java:setConfigurationAsync(1348)) - s7@group-4CF2EC507520: receive setConfiguration SetConfigurationRequest:client-9E894F3AA110->s7@group-4CF2EC507520, cid=2065, seq=null, RW, null, SET_UNCONDITIONALLY, servers:[s11, s10, s7, s13, s8, s12, s9, s0, s1], listeners:[]
2024-12-25 19:07:36,510 INFO  server.RaftServer$Division (RaftServerImpl.java:setConfigurationAsync(1348)) - s9@group-4CF2EC507520: receive setConfiguration SetConfigurationRequest:client-9E894F3AA110->s9@group-4CF2EC507520, cid=2065, seq=null, RW, null, SET_UNCONDITIONALLY, servers:[s11, s10, s7, s13, s8, s12, s9, s0, s1], listeners:[]
2024-12-25 19:07:36,613 INFO  server.RaftServer$Division (RaftServerImpl.java:setConfigurationAsync(1348)) - s7@group-4CF2EC507520: receive setConfiguration SetConfigurationRequest:client-9E894F3AA110->s7@group-4CF2EC507520, cid=2065, seq=null, RW, null, SET_UNCONDITIONALLY, servers:[s11, s10, s7, s13, s8, s12, s9, s0, s1], listeners:[]
2024-12-25 19:07:36,714 INFO  server.RaftServer$Division (RaftServerImpl.java:setConfigurationAsync(1348)) - s1@group-4CF2EC507520: receive setConfiguration SetConfigurationRequest:client-9E894F3AA110->s1@group-4CF2EC507520, cid=2065, seq=null, RW, null, SET_UNCONDITIONALLY, servers:[s11, s10, s7, s13, s8, s12, s9, s0, s1], listeners:[]
2024-12-25 19:07:36,814 INFO  server.RaftServer$Division (RaftServerImpl.java:setConfigurationAsync(1348)) - s7@group-4CF2EC507520: receive setConfiguration SetConfigurationRequest:client-9E894F3AA110->s7@group-4CF2EC507520, cid=2065, seq=null, RW, null, SET_UNCONDITIONALLY, servers:[s11, s10, s7, s13, s8, s12, s9, s0, s1], listeners:[]
2024-12-25 19:07:36,914 INFO  server.RaftServer$Division (RaftServerImpl.java:setConfigurationAsync(1348)) - s1@group-4CF2EC507520: receive setConfiguration SetConfigurationRequest:client-9E894F3AA110->s1@group-4CF2EC507520, cid=2065, seq=null, RW, null, SET_UNCONDITIONALLY, servers:[s11, s10, s7, s13, s8, s12, s9, s0, s1], listeners:[]
2024-12-25 19:07:37,015 INFO  server.RaftServer$Division (RaftServerImpl.java:setConfigurationAsync(1348)) - s7@group-4CF2EC507520: receive setConfiguration SetConfigurationRequest:client-9E894F3AA110->s7@group-4CF2EC507520, cid=2065, seq=null, RW, null, SET_UNCONDITIONALLY, servers:[s11, s10, s7, s13, s8, s12, s9, s0, s1], listeners:[]
2024-12-25 19:07:37,057 INFO  impl.MiniRaftCluster (MiniRaftCluster.java:lambda$null$7(362)) - TIMED-PRINT: printing ALL groups
  s3:  RUNNING [
   FOLLOWER s3@group-4CF2EC507520:t0, leader=null, voted=, raftlog=Memoized:s3@group-4CF2EC507520-SegmentedRaftLog:OPENED:c-1:lastnull, conf=conf: {index: -1, cur=peers:[]|listeners:[], old=null} STARTING
   FOLLOWER s3@group-6AB839334A82:t0, leader=null, voted=, raftlog=Memoized:s3@group-6AB839334A82-SegmentedRaftLog:OPENED:c-1:lastnull, conf=conf: {index: -1, cur=peers:[]|listeners:[], old=null} STARTING] size=2
  s4:  RUNNING [
   FOLLOWER s4@group-4CF2EC507520:t0, leader=null, voted=, raftlog=Memoized:s4@group-4CF2EC507520-SegmentedRaftLog:OPENED:c-1:lastnull, conf=conf: {index: -1, cur=peers:[]|listeners:[], old=null} STARTING
   FOLLOWER s4@group-6AB839334A82:t0, leader=null, voted=, raftlog=Memoized:s4@group-6AB839334A82-SegmentedRaftLog:OPENED:c-1:lastnull, conf=conf: {index: -1, cur=peers:[]|listeners:[], old=null} STARTING] size=2
  s5:  RUNNING [
   FOLLOWER s5@group-4CF2EC507520:t0, leader=null, voted=, raftlog=Memoized:s5@group-4CF2EC507520-SegmentedRaftLog:OPENED:c-1:lastnull, conf=conf: {index: -1, cur=peers:[]|listeners:[], old=null} STARTING
   FOLLOWER s5@group-6AB839334A82:t0, leader=null, voted=, raftlog=Memoized:s5@group-6AB839334A82-SegmentedRaftLog:OPENED:c-1:lastnull, conf=conf: {index: -1, cur=peers:[]|listeners:[], old=null} STARTING] size=2
  s6:  RUNNING [
   FOLLOWER s6@group-4CF2EC507520:t0, leader=null, voted=, raftlog=Memoized:s6@group-4CF2EC507520-SegmentedRaftLog:OPENED:c-1:lastnull, conf=conf: {index: -1, cur=peers:[]|listeners:[], old=null} STARTING
   FOLLOWER s6@group-6AB839334A82:t0, leader=null, voted=, raftlog=Memoized:s6@group-6AB839334A82-SegmentedRaftLog:OPENED:c-1:lastnull, conf=conf: {index: -1, cur=peers:[]|listeners:[], old=null} STARTING] size=2
  s7:  RUNNING [
     LEADER s7@group-4CF2EC507520:t1, leader=s7, voted=s7, raftlog=Memoized:s7@group-4CF2EC507520-SegmentedRaftLog:OPENED:c123:last(t:1, i:124), conf=conf: {index: 123, cur=peers:[s7, s8, s9, s0, s1]|listeners:[], old=null} RUNNING
   FOLLOWER s7@group-6AB839334A82:t0, leader=null, voted=, raftlog=Memoized:s7@group-6AB839334A82-SegmentedRaftLog:OPENED:c-1:lastnull, conf=conf: {index: -1, cur=peers:[]|listeners:[], old=null} STARTING] size=2
  s8:  RUNNING [
   FOLLOWER s8@group-4CF2EC507520:t1, leader=s7, voted=s7, raftlog=Memoized:s8@group-4CF2EC507520-SegmentedRaftLog:OPENED:c123:last(t:1, i:124), conf=conf: {index: 123, cur=peers:[s7|, s8|, s9|, s0|, s1|]|listeners:[], old=null} RUNNING
   FOLLOWER s8@group-6AB839334A82:t0, leader=null, voted=, raftlog=Memoized:s8@group-6AB839334A82-SegmentedRaftLog:OPENED:c-1:lastnull, conf=conf: {index: -1, cur=peers:[]|listeners:[], old=null} STARTING] size=2
  s9:  RUNNING [
   FOLLOWER s9@group-4CF2EC507520:t1, leader=s7, voted=s7, raftlog=Memoized:s9@group-4CF2EC507520-SegmentedRaftLog:OPENED:c123:last(t:1, i:124), conf=conf: {index: 123, cur=peers:[s7|, s8|, s9|, s0|, s1|]|listeners:[], old=null} RUNNING
   FOLLOWER s9@group-6AB839334A82:t0, leader=null, voted=, raftlog=Memoized:s9@group-6AB839334A82-SegmentedRaftLog:OPENED:c-1:lastnull, conf=conf: {index: -1, cur=peers:[]|listeners:[], old=null} STARTING] size=2
  s11:  RUNNING [
   FOLLOWER s11@group-4CF2EC507520:t1, leader=s7, voted=null, raftlog=Memoized:s11@group-4CF2EC507520-SegmentedRaftLog:OPENED:c123:last(t:1, i:124), conf=conf: {index: 123, cur=peers:[s7|, s8|, s9|, s0|, s1|]|listeners:[], old=null} STARTING
   FOLLOWER s11@group-6AB839334A82:t0, leader=null, voted=, raftlog=Memoized:s11@group-6AB839334A82-SegmentedRaftLog:OPENED:c-1:lastnull, conf=conf: {index: -1, cur=peers:[]|listeners:[], old=null} STARTING] size=2
  s10:  RUNNING [
   FOLLOWER s10@group-4CF2EC507520:t1, leader=s7, voted=null, raftlog=Memoized:s10@group-4CF2EC507520-SegmentedRaftLog:OPENED:c123:last(t:1, i:124), conf=conf: {index: 123, cur=peers:[s7|, s8|, s9|, s0|, s1|]|listeners:[], old=null} STARTING
   FOLLOWER s10@group-6AB839334A82:t0, leader=null, voted=, raftlog=Memoized:s10@group-6AB839334A82-SegmentedRaftLog:OPENED:c-1:lastnull, conf=conf: {index: -1, cur=peers:[]|listeners:[], old=null} STARTING] size=2
  s13:  RUNNING [
   FOLLOWER s13@group-4CF2EC507520:t1, leader=s7, voted=null, raftlog=Memoized:s13@group-4CF2EC507520-SegmentedRaftLog:OPENED:c123:last(t:1, i:124), conf=conf: {index: 123, cur=peers:[s7|, s8|, s9|, s0|, s1|]|listeners:[], old=null} STARTING
   FOLLOWER s13@group-6AB839334A82:t0, leader=null, voted=, raftlog=Memoized:s13@group-6AB839334A82-SegmentedRaftLog:OPENED:c-1:lastnull, conf=conf: {index: -1, cur=peers:[]|listeners:[], old=null} STARTING] size=2
  s12:  RUNNING [
   FOLLOWER s12@group-4CF2EC507520:t1, leader=s7, voted=null, raftlog=Memoized:s12@group-4CF2EC507520-SegmentedRaftLog:OPENED:c123:last(t:1, i:124), conf=conf: {index: 123, cur=peers:[s7|, s8|, s9|, s0|, s1|]|listeners:[], old=null} STARTING
   FOLLOWER s12@group-6AB839334A82:t0, leader=null, voted=, raftlog=Memoized:s12@group-6AB839334A82-SegmentedRaftLog:OPENED:c-1:lastnull, conf=conf: {index: -1, cur=peers:[]|listeners:[], old=null} STARTING] size=2
  s14:  RUNNING [
   FOLLOWER s14@group-4CF2EC507520:t0, leader=null, voted=, raftlog=Memoized:s14@group-4CF2EC507520-SegmentedRaftLog:OPENED:c-1:lastnull, conf=conf: {index: -1, cur=peers:[]|listeners:[], old=null} STARTING
   FOLLOWER s14@group-6AB839334A82:t0, leader=null, voted=, raftlog=Memoized:s14@group-6AB839334A82-SegmentedRaftLog:OPENED:c-1:lastnull, conf=conf: {index: -1, cur=peers:[]|listeners:[], old=null} STARTING] size=2
  s0:  RUNNING [
   FOLLOWER s0@group-4CF2EC507520:t1, leader=s7, voted=null, raftlog=Memoized:s0@group-4CF2EC507520-SegmentedRaftLog:OPENED:c123:last(t:1, i:124), conf=conf: {index: 123, cur=peers:[s7|, s8|, s9|, s0|, s1|]|listeners:[], old=null} STARTING
   FOLLOWER s0@group-6AB839334A82:t0, leader=null, voted=, raftlog=Memoized:s0@group-6AB839334A82-SegmentedRaftLog:OPENED:c-1:lastnull, conf=conf: {index: -1, cur=peers:[]|listeners:[], old=null} STARTING] size=2
  s1:  RUNNING [
   FOLLOWER s1@group-4CF2EC507520:t1, leader=s7, voted=null, raftlog=Memoized:s1@group-4CF2EC507520-SegmentedRaftLog:OPENED:c123:last(t:1, i:124), conf=conf: {index: 123, cur=peers:[s7|, s8|, s9|, s0|, s1|]|listeners:[], old=null} STARTING
   FOLLOWER s1@group-6AB839334A82:t0, leader=null, voted=, raftlog=Memoized:s1@group-6AB839334A82-SegmentedRaftLog:OPENED:c-1:lastnull, conf=conf: {index: -1, cur=peers:[]|listeners:[], old=null} STARTING] size=2
  s2:  RUNNING [
   FOLLOWER s2@group-4CF2EC507520:t0, leader=null, voted=, raftlog=Memoized:s2@group-4CF2EC507520-SegmentedRaftLog:OPENED:c-1:lastnull, conf=conf: {index: -1, cur=peers:[]|listeners:[], old=null} STARTING
   FOLLOWER s2@group-6AB839334A82:t0, leader=null, voted=, raftlog=Memoized:s2@group-6AB839334A82-SegmentedRaftLog:OPENED:c-1:lastnull, conf=conf: {index: -1, cur=peers:[]|listeners:[], old=null} STARTING] size=2
2024-12-25 19:07:37,115 INFO  server.RaftServer$Division (RaftServerImpl.java:setConfigurationAsync(1348)) - s9@group-4CF2EC507520: receive setConfiguration SetConfigurationRequest:client-9E894F3AA110->s9@group-4CF2EC507520, cid=2065, seq=null, RW, null, SET_UNCONDITIONALLY, servers:[s11, s10, s7, s13, s8, s12, s9, s0, s1], listeners:[]
2024-12-25 19:07:37,215 INFO  server.RaftServer$Division (RaftServerImpl.java:setConfigurationAsync(1348)) - s7@group-4CF2EC507520: receive setConfiguration SetConfigurationRequest:client-9E894F3AA110->s7@group-4CF2EC507520, cid=2065, seq=null, RW, null, SET_UNCONDITIONALLY, servers:[s11, s10, s7, s13, s8, s12, s9, s0, s1], listeners:[]
2024-12-25 19:07:37,316 INFO  server.RaftServer$Division (RaftServerImpl.java:setConfigurationAsync(1348)) - s1@group-4CF2EC507520: receive setConfiguration SetConfigurationRequest:client-9E894F3AA110->s1@group-4CF2EC507520, cid=2065, seq=null, RW, null, SET_UNCONDITIONALLY, servers:[s11, s10, s7, s13, s8, s12, s9, s0, s1], listeners:[]
2024-12-25 19:07:37,416 INFO  server.RaftServer$Division (RaftServerImpl.java:setConfigurationAsync(1348)) - s7@group-4CF2EC507520: receive setConfiguration SetConfigurationRequest:client-9E894F3AA110->s7@group-4CF2EC507520, cid=2065, seq=null, RW, null, SET_UNCONDITIONALLY, servers:[s11, s10, s7, s13, s8, s12, s9, s0, s1], listeners:[]
2024-12-25 19:07:37,517 INFO  server.RaftServer$Division (RaftServerImpl.java:setConfigurationAsync(1348)) - s8@group-4CF2EC507520: receive setConfiguration SetConfigurationRequest:client-9E894F3AA110->s8@group-4CF2EC507520, cid=2065, seq=null, RW, null, SET_UNCONDITIONALLY, servers:[s11, s10, s7, s13, s8, s12, s9, s0, s1], listeners:[]
2024-12-25 19:07:37,617 INFO  server.RaftServer$Division (RaftServerImpl.java:setConfigurationAsync(1348)) - s7@group-4CF2EC507520: receive setConfiguration SetConfigurationRequest:client-9E894F3AA110->s7@group-4CF2EC507520, cid=2065, seq=null, RW, null, SET_UNCONDITIONALLY, servers:[s11, s10, s7, s13, s8, s12, s9, s0, s1], listeners:[]
2024-12-25 19:07:37,717 INFO  server.RaftServer$Division (RaftServerImpl.java:setConfigurationAsync(1348)) - s8@group-4CF2EC507520: receive setConfiguration SetConfigurationRequest:client-9E894F3AA110->s8@group-4CF2EC507520, cid=2065, seq=null, RW, null, SET_UNCONDITIONALLY, servers:[s11, s10, s7, s13, s8, s12, s9, s0, s1], listeners:[]
2024-12-25 19:07:37,818 INFO  server.RaftServer$Division (RaftServerImpl.java:setConfigurationAsync(1348)) - s7@group-4CF2EC507520: receive setConfiguration SetConfigurationRequest:client-9E894F3AA110->s7@group-4CF2EC507520, cid=2065, seq=null, RW, null, SET_UNCONDITIONALLY, servers:[s11, s10, s7, s13, s8, s12, s9, s0, s1], listeners:[]
2024-12-25 19:07:37,918 INFO  server.RaftServer$Division (RaftServerImpl.java:setConfigurationAsync(1348)) - s0@group-4CF2EC507520: receive setConfiguration SetConfigurationRequest:client-9E894F3AA110->s0@group-4CF2EC507520, cid=2065, seq=null, RW, null, SET_UNCONDITIONALLY, servers:[s11, s10, s7, s13, s8, s12, s9, s0, s1], listeners:[]
2024-12-25 19:07:38,018 INFO  server.RaftServer$Division (RaftServerImpl.java:setConfigurationAsync(1348)) - s7@group-4CF2EC507520: receive setConfiguration SetConfigurationRequest:client-9E894F3AA110->s7@group-4CF2EC507520, cid=2065, seq=null, RW, null, SET_UNCONDITIONALLY, servers:[s11, s10, s7, s13, s8, s12, s9, s0, s1], listeners:[]
2024-12-25 19:07:38,119 INFO  server.RaftServer$Division (RaftServerImpl.java:setConfigurationAsync(1348)) - s1@group-4CF2EC507520: receive setConfiguration SetConfigurationRequest:client-9E894F3AA110->s1@group-4CF2EC507520, cid=2065, seq=null, RW, null, SET_UNCONDITIONALLY, servers:[s11, s10, s7, s13, s8, s12, s9, s0, s1], listeners:[]
2024-12-25 19:07:38,219 INFO  server.RaftServer$Division (RaftServerImpl.java:setConfigurationAsync(1348)) - s8@group-4CF2EC507520: receive setConfiguration SetConfigurationRequest:client-9E894F3AA110->s8@group-4CF2EC507520, cid=2065, seq=null, RW, null, SET_UNCONDITIONALLY, servers:[s11, s10, s7, s13, s8, s12, s9, s0, s1], listeners:[]
2024-12-25 19:07:38,319 INFO  server.RaftServer$Division (RaftServerImpl.java:setConfigurationAsync(1348)) - s7@group-4CF2EC507520: receive setConfiguration SetConfigurationRequest:client-9E894F3AA110->s7@group-4CF2EC507520, cid=2065, seq=null, RW, null, SET_UNCONDITIONALLY, servers:[s11, s10, s7, s13, s8, s12, s9, s0, s1], listeners:[]
2024-12-25 19:07:38,420 INFO  server.RaftServer$Division (RaftServerImpl.java:setConfigurationAsync(1348)) - s1@group-4CF2EC507520: receive setConfiguration SetConfigurationRequest:client-9E894F3AA110->s1@group-4CF2EC507520, cid=2065, seq=null, RW, null, SET_UNCONDITIONALLY, servers:[s11, s10, s7, s13, s8, s12, s9, s0, s1], listeners:[]
2024-12-25 19:07:38,520 INFO  server.RaftServer$Division (RaftServerImpl.java:setConfigurationAsync(1348)) - s0@group-4CF2EC507520: receive setConfiguration SetConfigurationRequest:client-9E894F3AA110->s0@group-4CF2EC507520, cid=2065, seq=null, RW, null, SET_UNCONDITIONALLY, servers:[s11, s10, s7, s13, s8, s12, s9, s0, s1], listeners:[]
2024-12-25 19:07:38,620 INFO  server.RaftServer$Division (RaftServerImpl.java:setConfigurationAsync(1348)) - s7@group-4CF2EC507520: receive setConfiguration SetConfigurationRequest:client-9E894F3AA110->s7@group-4CF2EC507520, cid=2065, seq=null, RW, null, SET_UNCONDITIONALLY, servers:[s11, s10, s7, s13, s8, s12, s9, s0, s1], listeners:[]
2024-12-25 19:07:38,721 INFO  server.RaftServer$Division (RaftServerImpl.java:setConfigurationAsync(1348)) - s9@group-4CF2EC507520: receive setConfiguration SetConfigurationRequest:client-9E894F3AA110->s9@group-4CF2EC507520, cid=2065, seq=null, RW, null, SET_UNCONDITIONALLY, servers:[s11, s10, s7, s13, s8, s12, s9, s0, s1], listeners:[]
2024-12-25 19:07:38,821 INFO  server.RaftServer$Division (RaftServerImpl.java:setConfigurationAsync(1348)) - s7@group-4CF2EC507520: receive setConfiguration SetConfigurationRequest:client-9E894F3AA110->s7@group-4CF2EC507520, cid=2065, seq=null, RW, null, SET_UNCONDITIONALLY, servers:[s11, s10, s7, s13, s8, s12, s9, s0, s1], listeners:[]
2024-12-25 19:07:38,921 INFO  server.RaftServer$Division (RaftServerImpl.java:setConfigurationAsync(1348)) - s0@group-4CF2EC507520: receive setConfiguration SetConfigurationRequest:client-9E894F3AA110->s0@group-4CF2EC507520, cid=2065, seq=null, RW, null, SET_UNCONDITIONALLY, servers:[s11, s10, s7, s13, s8, s12, s9, s0, s1], listeners:[]
2024-12-25 19:07:39,022 INFO  server.RaftServer$Division (RaftServerImpl.java:setConfigurationAsync(1348)) - s7@group-4CF2EC507520: receive setConfiguration SetConfigurationRequest:client-9E894F3AA110->s7@group-4CF2EC507520, cid=2065, seq=null, RW, null, SET_UNCONDITIONALLY, servers:[s11, s10, s7, s13, s8, s12, s9, s0, s1], listeners:[]
2024-12-25 19:07:39,122 INFO  server.RaftServer$Division (RaftServerImpl.java:setConfigurationAsync(1348)) - s9@group-4CF2EC507520: receive setConfiguration SetConfigurationRequest:client-9E894F3AA110->s9@group-4CF2EC507520, cid=2065, seq=null, RW, null, SET_UNCONDITIONALLY, servers:[s11, s10, s7, s13, s8, s12, s9, s0, s1], listeners:[]
2024-12-25 19:07:39,222 INFO  server.RaftServer$Division (RaftServerImpl.java:setConfigurationAsync(1348)) - s7@group-4CF2EC507520: receive setConfiguration SetConfigurationRequest:client-9E894F3AA110->s7@group-4CF2EC507520, cid=2065, seq=null, RW, null, SET_UNCONDITIONALLY, servers:[s11, s10, s7, s13, s8, s12, s9, s0, s1], listeners:[]
2024-12-25 19:07:39,323 INFO  server.RaftServer$Division (RaftServerImpl.java:setConfigurationAsync(1348)) - s1@group-4CF2EC507520: receive setConfiguration SetConfigurationRequest:client-9E894F3AA110->s1@group-4CF2EC507520, cid=2065, seq=null, RW, null, SET_UNCONDITIONALLY, servers:[s11, s10, s7, s13, s8, s12, s9, s0, s1], listeners:[]
2024-12-25 19:07:39,423 INFO  server.RaftServer$Division (RaftServerImpl.java:setConfigurationAsync(1348)) - s8@group-4CF2EC507520: receive setConfiguration SetConfigurationRequest:client-9E894F3AA110->s8@group-4CF2EC507520, cid=2065, seq=null, RW, null, SET_UNCONDITIONALLY, servers:[s11, s10, s7, s13, s8, s12, s9, s0, s1], listeners:[]
2024-12-25 19:07:39,523 INFO  server.RaftServer$Division (RaftServerImpl.java:setConfigurationAsync(1348)) - s7@group-4CF2EC507520: receive setConfiguration SetConfigurationRequest:client-9E894F3AA110->s7@group-4CF2EC507520, cid=2065, seq=null, RW, null, SET_UNCONDITIONALLY, servers:[s11, s10, s7, s13, s8, s12, s9, s0, s1], listeners:[]
2024-12-25 19:07:39,624 INFO  server.RaftServer$Division (RaftServerImpl.java:setConfigurationAsync(1348)) - s0@group-4CF2EC507520: receive setConfiguration SetConfigurationRequest:client-9E894F3AA110->s0@group-4CF2EC507520, cid=2065, seq=null, RW, null, SET_UNCONDITIONALLY, servers:[s11, s10, s7, s13, s8, s12, s9, s0, s1], listeners:[]
2024-12-25 19:07:39,724 INFO  server.RaftServer$Division (RaftServerImpl.java:setConfigurationAsync(1348)) - s9@group-4CF2EC507520: receive setConfiguration SetConfigurationRequest:client-9E894F3AA110->s9@group-4CF2EC507520, cid=2065, seq=null, RW, null, SET_UNCONDITIONALLY, servers:[s11, s10, s7, s13, s8, s12, s9, s0, s1], listeners:[]
2024-12-25 19:07:39,824 INFO  server.RaftServer$Division (RaftServerImpl.java:setConfigurationAsync(1348)) - s7@group-4CF2EC507520: receive setConfiguration SetConfigurationRequest:client-9E894F3AA110->s7@group-4CF2EC507520, cid=2065, seq=null, RW, null, SET_UNCONDITIONALLY, servers:[s11, s10, s7, s13, s8, s12, s9, s0, s1], listeners:[]
2024-12-25 19:07:39,925 INFO  server.RaftServer$Division (RaftServerImpl.java:setConfigurationAsync(1348)) - s8@group-4CF2EC507520: receive setConfiguration SetConfigurationRequest:client-9E894F3AA110->s8@group-4CF2EC507520, cid=2065, seq=null, RW, null, SET_UNCONDITIONALLY, servers:[s11, s10, s7, s13, s8, s12, s9, s0, s1], listeners:[]
2024-12-25 19:07:40,025 INFO  server.RaftServer$Division (RaftServerImpl.java:setConfigurationAsync(1348)) - s7@group-4CF2EC507520: receive setConfiguration SetConfigurationRequest:client-9E894F3AA110->s7@group-4CF2EC507520, cid=2065, seq=null, RW, null, SET_UNCONDITIONALLY, servers:[s11, s10, s7, s13, s8, s12, s9, s0, s1], listeners:[]
2024-12-25 19:07:40,125 INFO  server.RaftServer$Division (RaftServerImpl.java:setConfigurationAsync(1348)) - s0@group-4CF2EC507520: receive setConfiguration SetConfigurationRequest:client-9E894F3AA110->s0@group-4CF2EC507520, cid=2065, seq=null, RW, null, SET_UNCONDITIONALLY, servers:[s11, s10, s7, s13, s8, s12, s9, s0, s1], listeners:[]
2024-12-25 19:07:40,225 INFO  server.RaftServer$Division (RaftServerImpl.java:setConfigurationAsync(1348)) - s8@group-4CF2EC507520: receive setConfiguration SetConfigurationRequest:client-9E894F3AA110->s8@group-4CF2EC507520, cid=2065, seq=null, RW, null, SET_UNCONDITIONALLY, servers:[s11, s10, s7, s13, s8, s12, s9, s0, s1], listeners:[]
2024-12-25 19:07:40,326 INFO  server.RaftServer$Division (RaftServerImpl.java:setConfigurationAsync(1348)) - s7@group-4CF2EC507520: receive setConfiguration SetConfigurationRequest:client-9E894F3AA110->s7@group-4CF2EC507520, cid=2065, seq=null, RW, null, SET_UNCONDITIONALLY, servers:[s11, s10, s7, s13, s8, s12, s9, s0, s1], listeners:[]
2024-12-25 19:07:40,426 INFO  server.RaftServer$Division (RaftServerImpl.java:setConfigurationAsync(1348)) - s9@group-4CF2EC507520: receive setConfiguration SetConfigurationRequest:client-9E894F3AA110->s9@group-4CF2EC507520, cid=2065, seq=null, RW, null, SET_UNCONDITIONALLY, servers:[s11, s10, s7, s13, s8, s12, s9, s0, s1], listeners:[]
2024-12-25 19:07:40,526 INFO  server.RaftServer$Division (RaftServerImpl.java:setConfigurationAsync(1348)) - s7@group-4CF2EC507520: receive setConfiguration SetConfigurationRequest:client-9E894F3AA110->s7@group-4CF2EC507520, cid=2065, seq=null, RW, null, SET_UNCONDITIONALLY, servers:[s11, s10, s7, s13, s8, s12, s9, s0, s1], listeners:[]
2024-12-25 19:07:40,627 INFO  server.RaftServer$Division (RaftServerImpl.java:setConfigurationAsync(1348)) - s9@group-4CF2EC507520: receive setConfiguration SetConfigurationRequest:client-9E894F3AA110->s9@group-4CF2EC507520, cid=2065, seq=null, RW, null, SET_UNCONDITIONALLY, servers:[s11, s10, s7, s13, s8, s12, s9, s0, s1], listeners:[]
2024-12-25 19:07:40,727 INFO  server.RaftServer$Division (RaftServerImpl.java:setConfigurationAsync(1348)) - s7@group-4CF2EC507520: receive setConfiguration SetConfigurationRequest:client-9E894F3AA110->s7@group-4CF2EC507520, cid=2065, seq=null, RW, null, SET_UNCONDITIONALLY, servers:[s11, s10, s7, s13, s8, s12, s9, s0, s1], listeners:[]
2024-12-25 19:07:40,827 INFO  server.RaftServer$Division (RaftServerImpl.java:setConfigurationAsync(1348)) - s1@group-4CF2EC507520: receive setConfiguration SetConfigurationRequest:client-9E894F3AA110->s1@group-4CF2EC507520, cid=2065, seq=null, RW, null, SET_UNCONDITIONALLY, servers:[s11, s10, s7, s13, s8, s12, s9, s0, s1], listeners:[]
2024-12-25 19:07:40,928 INFO  server.RaftServer$Division (RaftServerImpl.java:setConfigurationAsync(1348)) - s9@group-4CF2EC507520: receive setConfiguration SetConfigurationRequest:client-9E894F3AA110->s9@group-4CF2EC507520, cid=2065, seq=null, RW, null, SET_UNCONDITIONALLY, servers:[s11, s10, s7, s13, s8, s12, s9, s0, s1], listeners:[]
2024-12-25 19:07:41,028 INFO  server.RaftServer$Division (RaftServerImpl.java:setConfigurationAsync(1348)) - s7@group-4CF2EC507520: receive setConfiguration SetConfigurationRequest:client-9E894F3AA110->s7@group-4CF2EC507520, cid=2065, seq=null, RW, null, SET_UNCONDITIONALLY, servers:[s11, s10, s7, s13, s8, s12, s9, s0, s1], listeners:[]
2024-12-25 19:07:41,128 INFO  server.RaftServer$Division (RaftServerImpl.java:setConfigurationAsync(1348)) - s9@group-4CF2EC507520: receive setConfiguration SetConfigurationRequest:client-9E894F3AA110->s9@group-4CF2EC507520, cid=2065, seq=null, RW, null, SET_UNCONDITIONALLY, servers:[s11, s10, s7, s13, s8, s12, s9, s0, s1], listeners:[]
2024-12-25 19:07:41,229 INFO  server.RaftServer$Division (RaftServerImpl.java:setConfigurationAsync(1348)) - s7@group-4CF2EC507520: receive setConfiguration SetConfigurationRequest:client-9E894F3AA110->s7@group-4CF2EC507520, cid=2065, seq=null, RW, null, SET_UNCONDITIONALLY, servers:[s11, s10, s7, s13, s8, s12, s9, s0, s1], listeners:[]
2024-12-25 19:07:41,329 INFO  server.RaftServer$Division (RaftServerImpl.java:setConfigurationAsync(1348)) - s0@group-4CF2EC507520: receive setConfiguration SetConfigurationRequest:client-9E894F3AA110->s0@group-4CF2EC507520, cid=2065, seq=null, RW, null, SET_UNCONDITIONALLY, servers:[s11, s10, s7, s13, s8, s12, s9, s0, s1], listeners:[]
2024-12-25 19:07:41,429 INFO  server.RaftServer$Division (RaftServerImpl.java:setConfigurationAsync(1348)) - s7@group-4CF2EC507520: receive setConfiguration SetConfigurationRequest:client-9E894F3AA110->s7@group-4CF2EC507520, cid=2065, seq=null, RW, null, SET_UNCONDITIONALLY, servers:[s11, s10, s7, s13, s8, s12, s9, s0, s1], listeners:[]
2024-12-25 19:07:41,529 INFO  server.RaftServer$Division (RaftServerImpl.java:setConfigurationAsync(1348)) - s9@group-4CF2EC507520: receive setConfiguration SetConfigurationRequest:client-9E894F3AA110->s9@group-4CF2EC507520, cid=2065, seq=null, RW, null, SET_UNCONDITIONALLY, servers:[s11, s10, s7, s13, s8, s12, s9, s0, s1], listeners:[]
2024-12-25 19:07:41,630 INFO  server.RaftServer$Division (RaftServerImpl.java:setConfigurationAsync(1348)) - s7@group-4CF2EC507520: receive setConfiguration SetConfigurationRequest:client-9E894F3AA110->s7@group-4CF2EC507520, cid=2065, seq=null, RW, null, SET_UNCONDITIONALLY, servers:[s11, s10, s7, s13, s8, s12, s9, s0, s1], listeners:[]
2024-12-25 19:07:41,730 INFO  server.RaftServer$Division (RaftServerImpl.java:setConfigurationAsync(1348)) - s9@group-4CF2EC507520: receive setConfiguration SetConfigurationRequest:client-9E894F3AA110->s9@group-4CF2EC507520, cid=2065, seq=null, RW, null, SET_UNCONDITIONALLY, servers:[s11, s10, s7, s13, s8, s12, s9, s0, s1], listeners:[]
2024-12-25 19:07:41,830 INFO  server.RaftServer$Division (RaftServerImpl.java:setConfigurationAsync(1348)) - s7@group-4CF2EC507520: receive setConfiguration SetConfigurationRequest:client-9E894F3AA110->s7@group-4CF2EC507520, cid=2065, seq=null, RW, null, SET_UNCONDITIONALLY, servers:[s11, s10, s7, s13, s8, s12, s9, s0, s1], listeners:[]
2024-12-25 19:07:41,931 INFO  server.RaftServer$Division (RaftServerImpl.java:setConfigurationAsync(1348)) - s0@group-4CF2EC507520: receive setConfiguration SetConfigurationRequest:client-9E894F3AA110->s0@group-4CF2EC507520, cid=2065, seq=null, RW, null, SET_UNCONDITIONALLY, servers:[s11, s10, s7, s13, s8, s12, s9, s0, s1], listeners:[]
2024-12-25 19:07:42,031 INFO  server.RaftServer$Division (RaftServerImpl.java:setConfigurationAsync(1348)) - s7@group-4CF2EC507520: receive setConfiguration SetConfigurationRequest:client-9E894F3AA110->s7@group-4CF2EC507520, cid=2065, seq=null, RW, null, SET_UNCONDITIONALLY, servers:[s11, s10, s7, s13, s8, s12, s9, s0, s1], listeners:[]
2024-12-25 19:07:42,131 INFO  server.RaftServer$Division (RaftServerImpl.java:setConfigurationAsync(1348)) - s8@group-4CF2EC507520: receive setConfiguration SetConfigurationRequest:client-9E894F3AA110->s8@group-4CF2EC507520, cid=2065, seq=null, RW, null, SET_UNCONDITIONALLY, servers:[s11, s10, s7, s13, s8, s12, s9, s0, s1], listeners:[]
2024-12-25 19:07:42,232 INFO  server.RaftServer$Division (RaftServerImpl.java:setConfigurationAsync(1348)) - s7@group-4CF2EC507520: receive setConfiguration SetConfigurationRequest:client-9E894F3AA110->s7@group-4CF2EC507520, cid=2065, seq=null, RW, null, SET_UNCONDITIONALLY, servers:[s11, s10, s7, s13, s8, s12, s9, s0, s1], listeners:[]
2024-12-25 19:07:42,332 INFO  server.RaftServer$Division (RaftServerImpl.java:setConfigurationAsync(1348)) - s9@group-4CF2EC507520: receive setConfiguration SetConfigurationRequest:client-9E894F3AA110->s9@group-4CF2EC507520, cid=2065, seq=null, RW, null, SET_UNCONDITIONALLY, servers:[s11, s10, s7, s13, s8, s12, s9, s0, s1], listeners:[]
2024-12-25 19:07:42,432 INFO  server.RaftServer$Division (RaftServerImpl.java:setConfigurationAsync(1348)) - s7@group-4CF2EC507520: receive setConfiguration SetConfigurationRequest:client-9E894F3AA110->s7@group-4CF2EC507520, cid=2065, seq=null, RW, null, SET_UNCONDITIONALLY, servers:[s11, s10, s7, s13, s8, s12, s9, s0, s1], listeners:[]
2024-12-25 19:07:42,533 INFO  server.RaftServer$Division (RaftServerImpl.java:setConfigurationAsync(1348)) - s8@group-4CF2EC507520: receive setConfiguration SetConfigurationRequest:client-9E894F3AA110->s8@group-4CF2EC507520, cid=2065, seq=null, RW, null, SET_UNCONDITIONALLY, servers:[s11, s10, s7, s13, s8, s12, s9, s0, s1], listeners:[]
2024-12-25 19:07:42,633 INFO  server.RaftServer$Division (RaftServerImpl.java:setConfigurationAsync(1348)) - s7@group-4CF2EC507520: receive setConfiguration SetConfigurationRequest:client-9E894F3AA110->s7@group-4CF2EC507520, cid=2065, seq=null, RW, null, SET_UNCONDITIONALLY, servers:[s11, s10, s7, s13, s8, s12, s9, s0, s1], listeners:[]
2024-12-25 19:07:42,733 INFO  server.RaftServer$Division (RaftServerImpl.java:setConfigurationAsync(1348)) - s9@group-4CF2EC507520: receive setConfiguration SetConfigurationRequest:client-9E894F3AA110->s9@group-4CF2EC507520, cid=2065, seq=null, RW, null, SET_UNCONDITIONALLY, servers:[s11, s10, s7, s13, s8, s12, s9, s0, s1], listeners:[]
2024-12-25 19:07:42,834 INFO  server.RaftServer$Division (RaftServerImpl.java:setConfigurationAsync(1348)) - s7@group-4CF2EC507520: receive setConfiguration SetConfigurationRequest:client-9E894F3AA110->s7@group-4CF2EC507520, cid=2065, seq=null, RW, null, SET_UNCONDITIONALLY, servers:[s11, s10, s7, s13, s8, s12, s9, s0, s1], listeners:[]
2024-12-25 19:07:42,934 INFO  server.RaftServer$Division (RaftServerImpl.java:setConfigurationAsync(1348)) - s0@group-4CF2EC507520: receive setConfiguration SetConfigurationRequest:client-9E894F3AA110->s0@group-4CF2EC507520, cid=2065, seq=null, RW, null, SET_UNCONDITIONALLY, servers:[s11, s10, s7, s13, s8, s12, s9, s0, s1], listeners:[]
2024-12-25 19:07:43,034 INFO  server.RaftServer$Division (RaftServerImpl.java:setConfigurationAsync(1348)) - s7@group-4CF2EC507520: receive setConfiguration SetConfigurationRequest:client-9E894F3AA110->s7@group-4CF2EC507520, cid=2065, seq=null, RW, null, SET_UNCONDITIONALLY, servers:[s11, s10, s7, s13, s8, s12, s9, s0, s1], listeners:[]
2024-12-25 19:07:43,135 INFO  server.RaftServer$Division (RaftServerImpl.java:setConfigurationAsync(1348)) - s0@group-4CF2EC507520: receive setConfiguration SetConfigurationRequest:client-9E894F3AA110->s0@group-4CF2EC507520, cid=2065, seq=null, RW, null, SET_UNCONDITIONALLY, servers:[s11, s10, s7, s13, s8, s12, s9, s0, s1], listeners:[]
2024-12-25 19:07:43,235 INFO  server.RaftServer$Division (RaftServerImpl.java:setConfigurationAsync(1348)) - s9@group-4CF2EC507520: receive setConfiguration SetConfigurationRequest:client-9E894F3AA110->s9@group-4CF2EC507520, cid=2065, seq=null, RW, null, SET_UNCONDITIONALLY, servers:[s11, s10, s7, s13, s8, s12, s9, s0, s1], listeners:[]
2024-12-25 19:07:43,335 INFO  server.RaftServer$Division (RaftServerImpl.java:setConfigurationAsync(1348)) - s7@group-4CF2EC507520: receive setConfiguration SetConfigurationRequest:client-9E894F3AA110->s7@group-4CF2EC507520, cid=2065, seq=null, RW, null, SET_UNCONDITIONALLY, servers:[s11, s10, s7, s13, s8, s12, s9, s0, s1], listeners:[]
2024-12-25 19:07:43,435 INFO  server.RaftServer$Division (RaftServerImpl.java:setConfigurationAsync(1348)) - s0@group-4CF2EC507520: receive setConfiguration SetConfigurationRequest:client-9E894F3AA110->s0@group-4CF2EC507520, cid=2065, seq=null, RW, null, SET_UNCONDITIONALLY, servers:[s11, s10, s7, s13, s8, s12, s9, s0, s1], listeners:[]
2024-12-25 19:07:43,536 INFO  server.RaftServer$Division (RaftServerImpl.java:setConfigurationAsync(1348)) - s7@group-4CF2EC507520: receive setConfiguration SetConfigurationRequest:client-9E894F3AA110->s7@group-4CF2EC507520, cid=2065, seq=null, RW, null, SET_UNCONDITIONALLY, servers:[s11, s10, s7, s13, s8, s12, s9, s0, s1], listeners:[]
2024-12-25 19:07:43,636 INFO  server.RaftServer$Division (RaftServerImpl.java:setConfigurationAsync(1348)) - s9@group-4CF2EC507520: receive setConfiguration SetConfigurationRequest:client-9E894F3AA110->s9@group-4CF2EC507520, cid=2065, seq=null, RW, null, SET_UNCONDITIONALLY, servers:[s11, s10, s7, s13, s8, s12, s9, s0, s1], listeners:[]
2024-12-25 19:07:43,736 INFO  server.RaftServer$Division (RaftServerImpl.java:setConfigurationAsync(1348)) - s7@group-4CF2EC507520: receive setConfiguration SetConfigurationRequest:client-9E894F3AA110->s7@group-4CF2EC507520, cid=2065, seq=null, RW, null, SET_UNCONDITIONALLY, servers:[s11, s10, s7, s13, s8, s12, s9, s0, s1], listeners:[]
2024-12-25 19:07:43,837 INFO  server.RaftServer$Division (RaftServerImpl.java:setConfigurationAsync(1348)) - s0@group-4CF2EC507520: receive setConfiguration SetConfigurationRequest:client-9E894F3AA110->s0@group-4CF2EC507520, cid=2065, seq=null, RW, null, SET_UNCONDITIONALLY, servers:[s11, s10, s7, s13, s8, s12, s9, s0, s1], listeners:[]
2024-12-25 19:07:43,937 INFO  server.RaftServer$Division (RaftServerImpl.java:setConfigurationAsync(1348)) - s9@group-4CF2EC507520: receive setConfiguration SetConfigurationRequest:client-9E894F3AA110->s9@group-4CF2EC507520, cid=2065, seq=null, RW, null, SET_UNCONDITIONALLY, servers:[s11, s10, s7, s13, s8, s12, s9, s0, s1], listeners:[]
2024-12-25 19:07:44,037 INFO  server.RaftServer$Division (RaftServerImpl.java:setConfigurationAsync(1348)) - s7@group-4CF2EC507520: receive setConfiguration SetConfigurationRequest:client-9E894F3AA110->s7@group-4CF2EC507520, cid=2065, seq=null, RW, null, SET_UNCONDITIONALLY, servers:[s11, s10, s7, s13, s8, s12, s9, s0, s1], listeners:[]
2024-12-25 19:07:44,137 INFO  server.RaftServer$Division (RaftServerImpl.java:setConfigurationAsync(1348)) - s1@group-4CF2EC507520: receive setConfiguration SetConfigurationRequest:client-9E894F3AA110->s1@group-4CF2EC507520, cid=2065, seq=null, RW, null, SET_UNCONDITIONALLY, servers:[s11, s10, s7, s13, s8, s12, s9, s0, s1], listeners:[]
2024-12-25 19:07:44,238 INFO  server.RaftServer$Division (RaftServerImpl.java:setConfigurationAsync(1348)) - s8@group-4CF2EC507520: receive setConfiguration SetConfigurationRequest:client-9E894F3AA110->s8@group-4CF2EC507520, cid=2065, seq=null, RW, null, SET_UNCONDITIONALLY, servers:[s11, s10, s7, s13, s8, s12, s9, s0, s1], listeners:[]
2024-12-25 19:07:44,338 INFO  server.RaftServer$Division (RaftServerImpl.java:setConfigurationAsync(1348)) - s7@group-4CF2EC507520: receive setConfiguration SetConfigurationRequest:client-9E894F3AA110->s7@group-4CF2EC507520, cid=2065, seq=null, RW, null, SET_UNCONDITIONALLY, servers:[s11, s10, s7, s13, s8, s12, s9, s0, s1], listeners:[]
2024-12-25 19:07:44,438 INFO  server.RaftServer$Division (RaftServerImpl.java:setConfigurationAsync(1348)) - s9@group-4CF2EC507520: receive setConfiguration SetConfigurationRequest:client-9E894F3AA110->s9@group-4CF2EC507520, cid=2065, seq=null, RW, null, SET_UNCONDITIONALLY, servers:[s11, s10, s7, s13, s8, s12, s9, s0, s1], listeners:[]
2024-12-25 19:07:44,539 INFO  server.RaftServer$Division (RaftServerImpl.java:setConfigurationAsync(1348)) - s7@group-4CF2EC507520: receive setConfiguration SetConfigurationRequest:client-9E894F3AA110->s7@group-4CF2EC507520, cid=2065, seq=null, RW, null, SET_UNCONDITIONALLY, servers:[s11, s10, s7, s13, s8, s12, s9, s0, s1], listeners:[]
2024-12-25 19:07:44,639 INFO  server.RaftServer$Division (RaftServerImpl.java:setConfigurationAsync(1348)) - s0@group-4CF2EC507520: receive setConfiguration SetConfigurationRequest:client-9E894F3AA110->s0@group-4CF2EC507520, cid=2065, seq=null, RW, null, SET_UNCONDITIONALLY, servers:[s11, s10, s7, s13, s8, s12, s9, s0, s1], listeners:[]
2024-12-25 19:07:44,739 INFO  server.RaftServer$Division (RaftServerImpl.java:setConfigurationAsync(1348)) - s9@group-4CF2EC507520: receive setConfiguration SetConfigurationRequest:client-9E894F3AA110->s9@group-4CF2EC507520, cid=2065, seq=null, RW, null, SET_UNCONDITIONALLY, servers:[s11, s10, s7, s13, s8, s12, s9, s0, s1], listeners:[]
2024-12-25 19:07:44,840 INFO  server.RaftServer$Division (RaftServerImpl.java:setConfigurationAsync(1348)) - s7@group-4CF2EC507520: receive setConfiguration SetConfigurationRequest:client-9E894F3AA110->s7@group-4CF2EC507520, cid=2065, seq=null, RW, null, SET_UNCONDITIONALLY, servers:[s11, s10, s7, s13, s8, s12, s9, s0, s1], listeners:[]
2024-12-25 19:07:44,940 INFO  server.RaftServer$Division (RaftServerImpl.java:setConfigurationAsync(1348)) - s8@group-4CF2EC507520: receive setConfiguration SetConfigurationRequest:client-9E894F3AA110->s8@group-4CF2EC507520, cid=2065, seq=null, RW, null, SET_UNCONDITIONALLY, servers:[s11, s10, s7, s13, s8, s12, s9, s0, s1], listeners:[]
2024-12-25 19:07:45,040 INFO  server.RaftServer$Division (RaftServerImpl.java:setConfigurationAsync(1348)) - s7@group-4CF2EC507520: receive setConfiguration SetConfigurationRequest:client-9E894F3AA110->s7@group-4CF2EC507520, cid=2065, seq=null, RW, null, SET_UNCONDITIONALLY, servers:[s11, s10, s7, s13, s8, s12, s9, s0, s1], listeners:[]
2024-12-25 19:07:45,141 INFO  server.RaftServer$Division (RaftServerImpl.java:setConfigurationAsync(1348)) - s8@group-4CF2EC507520: receive setConfiguration SetConfigurationRequest:client-9E894F3AA110->s8@group-4CF2EC507520, cid=2065, seq=null, RW, null, SET_UNCONDITIONALLY, servers:[s11, s10, s7, s13, s8, s12, s9, s0, s1], listeners:[]
2024-12-25 19:07:45,241 INFO  server.RaftServer$Division (RaftServerImpl.java:setConfigurationAsync(1348)) - s7@group-4CF2EC507520: receive setConfiguration SetConfigurationRequest:client-9E894F3AA110->s7@group-4CF2EC507520, cid=2065, seq=null, RW, null, SET_UNCONDITIONALLY, servers:[s11, s10, s7, s13, s8, s12, s9, s0, s1], listeners:[]
2024-12-25 19:07:45,341 INFO  server.RaftServer$Division (RaftServerImpl.java:setConfigurationAsync(1348)) - s8@group-4CF2EC507520: receive setConfiguration SetConfigurationRequest:client-9E894F3AA110->s8@group-4CF2EC507520, cid=2065, seq=null, RW, null, SET_UNCONDITIONALLY, servers:[s11, s10, s7, s13, s8, s12, s9, s0, s1], listeners:[]
2024-12-25 19:07:45,441 INFO  server.RaftServer$Division (RaftServerImpl.java:setConfigurationAsync(1348)) - s7@group-4CF2EC507520: receive setConfiguration SetConfigurationRequest:client-9E894F3AA110->s7@group-4CF2EC507520, cid=2065, seq=null, RW, null, SET_UNCONDITIONALLY, servers:[s11, s10, s7, s13, s8, s12, s9, s0, s1], listeners:[]
2024-12-25 19:07:45,542 INFO  server.RaftServer$Division (RaftServerImpl.java:setConfigurationAsync(1348)) - s0@group-4CF2EC507520: receive setConfiguration SetConfigurationRequest:client-9E894F3AA110->s0@group-4CF2EC507520, cid=2065, seq=null, RW, null, SET_UNCONDITIONALLY, servers:[s11, s10, s7, s13, s8, s12, s9, s0, s1], listeners:[]
2024-12-25 19:07:45,642 INFO  server.RaftServer$Division (RaftServerImpl.java:setConfigurationAsync(1348)) - s8@group-4CF2EC507520: receive setConfiguration SetConfigurationRequest:client-9E894F3AA110->s8@group-4CF2EC507520, cid=2065, seq=null, RW, null, SET_UNCONDITIONALLY, servers:[s11, s10, s7, s13, s8, s12, s9, s0, s1], listeners:[]
2024-12-25 19:07:45,742 INFO  server.RaftServer$Division (RaftServerImpl.java:setConfigurationAsync(1348)) - s7@group-4CF2EC507520: receive setConfiguration SetConfigurationRequest:client-9E894F3AA110->s7@group-4CF2EC507520, cid=2065, seq=null, RW, null, SET_UNCONDITIONALLY, servers:[s11, s10, s7, s13, s8, s12, s9, s0, s1], listeners:[]
2024-12-25 19:07:45,843 INFO  server.RaftServer$Division (RaftServerImpl.java:setConfigurationAsync(1348)) - s9@group-4CF2EC507520: receive setConfiguration SetConfigurationRequest:client-9E894F3AA110->s9@group-4CF2EC507520, cid=2065, seq=null, RW, null, SET_UNCONDITIONALLY, servers:[s11, s10, s7, s13, s8, s12, s9, s0, s1], listeners:[]
2024-12-25 19:07:45,943 INFO  server.RaftServer$Division (RaftServerImpl.java:setConfigurationAsync(1348)) - s7@group-4CF2EC507520: receive setConfiguration SetConfigurationRequest:client-9E894F3AA110->s7@group-4CF2EC507520, cid=2065, seq=null, RW, null, SET_UNCONDITIONALLY, servers:[s11, s10, s7, s13, s8, s12, s9, s0, s1], listeners:[]
2024-12-25 19:07:46,043 INFO  server.RaftServer$Division (RaftServerImpl.java:setConfigurationAsync(1348)) - s0@group-4CF2EC507520: receive setConfiguration SetConfigurationRequest:client-9E894F3AA110->s0@group-4CF2EC507520, cid=2065, seq=null, RW, null, SET_UNCONDITIONALLY, servers:[s11, s10, s7, s13, s8, s12, s9, s0, s1], listeners:[]
2024-12-25 19:07:46,144 INFO  server.RaftServer$Division (RaftServerImpl.java:setConfigurationAsync(1348)) - s8@group-4CF2EC507520: receive setConfiguration SetConfigurationRequest:client-9E894F3AA110->s8@group-4CF2EC507520, cid=2065, seq=null, RW, null, SET_UNCONDITIONALLY, servers:[s11, s10, s7, s13, s8, s12, s9, s0, s1], listeners:[]
2024-12-25 19:07:46,244 INFO  server.RaftServer$Division (RaftServerImpl.java:setConfigurationAsync(1348)) - s7@group-4CF2EC507520: receive setConfiguration SetConfigurationRequest:client-9E894F3AA110->s7@group-4CF2EC507520, cid=2065, seq=null, RW, null, SET_UNCONDITIONALLY, servers:[s11, s10, s7, s13, s8, s12, s9, s0, s1], listeners:[]
2024-12-25 19:07:46,344 INFO  server.RaftServer$Division (RaftServerImpl.java:setConfigurationAsync(1348)) - s8@group-4CF2EC507520: receive setConfiguration SetConfigurationRequest:client-9E894F3AA110->s8@group-4CF2EC507520, cid=2065, seq=null, RW, null, SET_UNCONDITIONALLY, servers:[s11, s10, s7, s13, s8, s12, s9, s0, s1], listeners:[]
2024-12-25 19:07:46,445 INFO  server.RaftServer$Division (RaftServerImpl.java:setConfigurationAsync(1348)) - s7@group-4CF2EC507520: receive setConfiguration SetConfigurationRequest:client-9E894F3AA110->s7@group-4CF2EC507520, cid=2065, seq=null, RW, null, SET_UNCONDITIONALLY, servers:[s11, s10, s7, s13, s8, s12, s9, s0, s1], listeners:[]
2024-12-25 19:07:46,545 INFO  server.RaftServer$Division (RaftServerImpl.java:setConfigurationAsync(1348)) - s9@group-4CF2EC507520: receive setConfiguration SetConfigurationRequest:client-9E894F3AA110->s9@group-4CF2EC507520, cid=2065, seq=null, RW, null, SET_UNCONDITIONALLY, servers:[s11, s10, s7, s13, s8, s12, s9, s0, s1], listeners:[]
2024-12-25 19:07:46,645 INFO  server.RaftServer$Division (RaftServerImpl.java:setConfigurationAsync(1348)) - s7@group-4CF2EC507520: receive setConfiguration SetConfigurationRequest:client-9E894F3AA110->s7@group-4CF2EC507520, cid=2065, seq=null, RW, null, SET_UNCONDITIONALLY, servers:[s11, s10, s7, s13, s8, s12, s9, s0, s1], listeners:[]
2024-12-25 19:07:46,745 INFO  server.RaftServer$Division (RaftServerImpl.java:setConfigurationAsync(1348)) - s1@group-4CF2EC507520: receive setConfiguration SetConfigurationRequest:client-9E894F3AA110->s1@group-4CF2EC507520, cid=2065, seq=null, RW, null, SET_UNCONDITIONALLY, servers:[s11, s10, s7, s13, s8, s12, s9, s0, s1], listeners:[]
2024-12-25 19:07:46,846 INFO  server.RaftServer$Division (RaftServerImpl.java:setConfigurationAsync(1348)) - s0@group-4CF2EC507520: receive setConfiguration SetConfigurationRequest:client-9E894F3AA110->s0@group-4CF2EC507520, cid=2065, seq=null, RW, null, SET_UNCONDITIONALLY, servers:[s11, s10, s7, s13, s8, s12, s9, s0, s1], listeners:[]
2024-12-25 19:07:46,946 INFO  server.RaftServer$Division (RaftServerImpl.java:setConfigurationAsync(1348)) - s9@group-4CF2EC507520: receive setConfiguration SetConfigurationRequest:client-9E894F3AA110->s9@group-4CF2EC507520, cid=2065, seq=null, RW, null, SET_UNCONDITIONALLY, servers:[s11, s10, s7, s13, s8, s12, s9, s0, s1], listeners:[]
2024-12-25 19:07:47,046 INFO  server.RaftServer$Division (RaftServerImpl.java:setConfigurationAsync(1348)) - s7@group-4CF2EC507520: receive setConfiguration SetConfigurationRequest:client-9E894F3AA110->s7@group-4CF2EC507520, cid=2065, seq=null, RW, null, SET_UNCONDITIONALLY, servers:[s11, s10, s7, s13, s8, s12, s9, s0, s1], listeners:[]
2024-12-25 19:07:47,057 INFO  impl.MiniRaftCluster (MiniRaftCluster.java:lambda$null$7(362)) - TIMED-PRINT: printing ALL groups
  s3:  RUNNING [
   FOLLOWER s3@group-4CF2EC507520:t0, leader=null, voted=, raftlog=Memoized:s3@group-4CF2EC507520-SegmentedRaftLog:OPENED:c-1:lastnull, conf=conf: {index: -1, cur=peers:[]|listeners:[], old=null} STARTING
   FOLLOWER s3@group-6AB839334A82:t0, leader=null, voted=, raftlog=Memoized:s3@group-6AB839334A82-SegmentedRaftLog:OPENED:c-1:lastnull, conf=conf: {index: -1, cur=peers:[]|listeners:[], old=null} STARTING] size=2
  s4:  RUNNING [
   FOLLOWER s4@group-4CF2EC507520:t0, leader=null, voted=, raftlog=Memoized:s4@group-4CF2EC507520-SegmentedRaftLog:OPENED:c-1:lastnull, conf=conf: {index: -1, cur=peers:[]|listeners:[], old=null} STARTING
   FOLLOWER s4@group-6AB839334A82:t0, leader=null, voted=, raftlog=Memoized:s4@group-6AB839334A82-SegmentedRaftLog:OPENED:c-1:lastnull, conf=conf: {index: -1, cur=peers:[]|listeners:[], old=null} STARTING] size=2
  s5:  RUNNING [
   FOLLOWER s5@group-4CF2EC507520:t0, leader=null, voted=, raftlog=Memoized:s5@group-4CF2EC507520-SegmentedRaftLog:OPENED:c-1:lastnull, conf=conf: {index: -1, cur=peers:[]|listeners:[], old=null} STARTING
   FOLLOWER s5@group-6AB839334A82:t0, leader=null, voted=, raftlog=Memoized:s5@group-6AB839334A82-SegmentedRaftLog:OPENED:c-1:lastnull, conf=conf: {index: -1, cur=peers:[]|listeners:[], old=null} STARTING] size=2
  s6:  RUNNING [
   FOLLOWER s6@group-4CF2EC507520:t0, leader=null, voted=, raftlog=Memoized:s6@group-4CF2EC507520-SegmentedRaftLog:OPENED:c-1:lastnull, conf=conf: {index: -1, cur=peers:[]|listeners:[], old=null} STARTING
   FOLLOWER s6@group-6AB839334A82:t0, leader=null, voted=, raftlog=Memoized:s6@group-6AB839334A82-SegmentedRaftLog:OPENED:c-1:lastnull, conf=conf: {index: -1, cur=peers:[]|listeners:[], old=null} STARTING] size=2
  s7:  RUNNING [
     LEADER s7@group-4CF2EC507520:t1, leader=s7, voted=s7, raftlog=Memoized:s7@group-4CF2EC507520-SegmentedRaftLog:OPENED:c123:last(t:1, i:124), conf=conf: {index: 123, cur=peers:[s7, s8, s9, s0, s1]|listeners:[], old=null} RUNNING
   FOLLOWER s7@group-6AB839334A82:t0, leader=null, voted=, raftlog=Memoized:s7@group-6AB839334A82-SegmentedRaftLog:OPENED:c-1:lastnull, conf=conf: {index: -1, cur=peers:[]|listeners:[], old=null} STARTING] size=2
  s8:  RUNNING [
   FOLLOWER s8@group-4CF2EC507520:t1, leader=s7, voted=s7, raftlog=Memoized:s8@group-4CF2EC507520-SegmentedRaftLog:OPENED:c123:last(t:1, i:124), conf=conf: {index: 123, cur=peers:[s7|, s8|, s9|, s0|, s1|]|listeners:[], old=null} RUNNING
   FOLLOWER s8@group-6AB839334A82:t0, leader=null, voted=, raftlog=Memoized:s8@group-6AB839334A82-SegmentedRaftLog:OPENED:c-1:lastnull, conf=conf: {index: -1, cur=peers:[]|listeners:[], old=null} STARTING] size=2
  s9:  RUNNING [
   FOLLOWER s9@group-4CF2EC507520:t1, leader=s7, voted=s7, raftlog=Memoized:s9@group-4CF2EC507520-SegmentedRaftLog:OPENED:c123:last(t:1, i:124), conf=conf: {index: 123, cur=peers:[s7|, s8|, s9|, s0|, s1|]|listeners:[], old=null} RUNNING
   FOLLOWER s9@group-6AB839334A82:t0, leader=null, voted=, raftlog=Memoized:s9@group-6AB839334A82-SegmentedRaftLog:OPENED:c-1:lastnull, conf=conf: {index: -1, cur=peers:[]|listeners:[], old=null} STARTING] size=2
  s11:  RUNNING [
   FOLLOWER s11@group-4CF2EC507520:t1, leader=s7, voted=null, raftlog=Memoized:s11@group-4CF2EC507520-SegmentedRaftLog:OPENED:c123:last(t:1, i:124), conf=conf: {index: 123, cur=peers:[s7|, s8|, s9|, s0|, s1|]|listeners:[], old=null} STARTING
   FOLLOWER s11@group-6AB839334A82:t0, leader=null, voted=, raftlog=Memoized:s11@group-6AB839334A82-SegmentedRaftLog:OPENED:c-1:lastnull, conf=conf: {index: -1, cur=peers:[]|listeners:[], old=null} STARTING] size=2
  s10:  RUNNING [
   FOLLOWER s10@group-4CF2EC507520:t1, leader=s7, voted=null, raftlog=Memoized:s10@group-4CF2EC507520-SegmentedRaftLog:OPENED:c123:last(t:1, i:124), conf=conf: {index: 123, cur=peers:[s7|, s8|, s9|, s0|, s1|]|listeners:[], old=null} STARTING
   FOLLOWER s10@group-6AB839334A82:t0, leader=null, voted=, raftlog=Memoized:s10@group-6AB839334A82-SegmentedRaftLog:OPENED:c-1:lastnull, conf=conf: {index: -1, cur=peers:[]|listeners:[], old=null} STARTING] size=2
  s13:  RUNNING [
   FOLLOWER s13@group-4CF2EC507520:t1, leader=s7, voted=null, raftlog=Memoized:s13@group-4CF2EC507520-SegmentedRaftLog:OPENED:c123:last(t:1, i:124), conf=conf: {index: 123, cur=peers:[s7|, s8|, s9|, s0|, s1|]|listeners:[], old=null} STARTING
   FOLLOWER s13@group-6AB839334A82:t0, leader=null, voted=, raftlog=Memoized:s13@group-6AB839334A82-SegmentedRaftLog:OPENED:c-1:lastnull, conf=conf: {index: -1, cur=peers:[]|listeners:[], old=null} STARTING] size=2
  s12:  RUNNING [
   FOLLOWER s12@group-4CF2EC507520:t1, leader=s7, voted=null, raftlog=Memoized:s12@group-4CF2EC507520-SegmentedRaftLog:OPENED:c123:last(t:1, i:124), conf=conf: {index: 123, cur=peers:[s7|, s8|, s9|, s0|, s1|]|listeners:[], old=null} STARTING
   FOLLOWER s12@group-6AB839334A82:t0, leader=null, voted=, raftlog=Memoized:s12@group-6AB839334A82-SegmentedRaftLog:OPENED:c-1:lastnull, conf=conf: {index: -1, cur=peers:[]|listeners:[], old=null} STARTING] size=2
  s14:  RUNNING [
   FOLLOWER s14@group-4CF2EC507520:t0, leader=null, voted=, raftlog=Memoized:s14@group-4CF2EC507520-SegmentedRaftLog:OPENED:c-1:lastnull, conf=conf: {index: -1, cur=peers:[]|listeners:[], old=null} STARTING
   FOLLOWER s14@group-6AB839334A82:t0, leader=null, voted=, raftlog=Memoized:s14@group-6AB839334A82-SegmentedRaftLog:OPENED:c-1:lastnull, conf=conf: {index: -1, cur=peers:[]|listeners:[], old=null} STARTING] size=2
  s0:  RUNNING [
   FOLLOWER s0@group-4CF2EC507520:t1, leader=s7, voted=null, raftlog=Memoized:s0@group-4CF2EC507520-SegmentedRaftLog:OPENED:c123:last(t:1, i:124), conf=conf: {index: 123, cur=peers:[s7|, s8|, s9|, s0|, s1|]|listeners:[], old=null} STARTING
   FOLLOWER s0@group-6AB839334A82:t0, leader=null, voted=, raftlog=Memoized:s0@group-6AB839334A82-SegmentedRaftLog:OPENED:c-1:lastnull, conf=conf: {index: -1, cur=peers:[]|listeners:[], old=null} STARTING] size=2
  s1:  RUNNING [
   FOLLOWER s1@group-4CF2EC507520:t1, leader=s7, voted=null, raftlog=Memoized:s1@group-4CF2EC507520-SegmentedRaftLog:OPENED:c123:last(t:1, i:124), conf=conf: {index: 123, cur=peers:[s7|, s8|, s9|, s0|, s1|]|listeners:[], old=null} STARTING
   FOLLOWER s1@group-6AB839334A82:t0, leader=null, voted=, raftlog=Memoized:s1@group-6AB839334A82-SegmentedRaftLog:OPENED:c-1:lastnull, conf=conf: {index: -1, cur=peers:[]|listeners:[], old=null} STARTING] size=2
  s2:  RUNNING [
   FOLLOWER s2@group-4CF2EC507520:t0, leader=null, voted=, raftlog=Memoized:s2@group-4CF2EC507520-SegmentedRaftLog:OPENED:c-1:lastnull, conf=conf: {index: -1, cur=peers:[]|listeners:[], old=null} STARTING
   FOLLOWER s2@group-6AB839334A82:t0, leader=null, voted=, raftlog=Memoized:s2@group-6AB839334A82-SegmentedRaftLog:OPENED:c-1:lastnull, conf=conf: {index: -1, cur=peers:[]|listeners:[], old=null} STARTING] size=2
2024-12-25 19:07:47,147 INFO  server.RaftServer$Division (RaftServerImpl.java:setConfigurationAsync(1348)) - s0@group-4CF2EC507520: receive setConfiguration SetConfigurationRequest:client-9E894F3AA110->s0@group-4CF2EC507520, cid=2065, seq=null, RW, null, SET_UNCONDITIONALLY, servers:[s11, s10, s7, s13, s8, s12, s9, s0, s1], listeners:[]
2024-12-25 19:07:47,247 INFO  server.RaftServer$Division (RaftServerImpl.java:setConfigurationAsync(1348)) - s8@group-4CF2EC507520: receive setConfiguration SetConfigurationRequest:client-9E894F3AA110->s8@group-4CF2EC507520, cid=2065, seq=null, RW, null, SET_UNCONDITIONALLY, servers:[s11, s10, s7, s13, s8, s12, s9, s0, s1], listeners:[]
2024-12-25 19:07:47,348 INFO  server.RaftServer$Division (RaftServerImpl.java:setConfigurationAsync(1348)) - s7@group-4CF2EC507520: receive setConfiguration SetConfigurationRequest:client-9E894F3AA110->s7@group-4CF2EC507520, cid=2065, seq=null, RW, null, SET_UNCONDITIONALLY, servers:[s11, s10, s7, s13, s8, s12, s9, s0, s1], listeners:[]
2024-12-25 19:07:47,448 INFO  server.RaftServer$Division (RaftServerImpl.java:setConfigurationAsync(1348)) - s0@group-4CF2EC507520: receive setConfiguration SetConfigurationRequest:client-9E894F3AA110->s0@group-4CF2EC507520, cid=2065, seq=null, RW, null, SET_UNCONDITIONALLY, servers:[s11, s10, s7, s13, s8, s12, s9, s0, s1], listeners:[]
2024-12-25 19:07:47,548 INFO  server.RaftServer$Division (RaftServerImpl.java:setConfigurationAsync(1348)) - s9@group-4CF2EC507520: receive setConfiguration SetConfigurationRequest:client-9E894F3AA110->s9@group-4CF2EC507520, cid=2065, seq=null, RW, null, SET_UNCONDITIONALLY, servers:[s11, s10, s7, s13, s8, s12, s9, s0, s1], listeners:[]
2024-12-25 19:07:47,649 INFO  server.RaftServer$Division (RaftServerImpl.java:setConfigurationAsync(1348)) - s7@group-4CF2EC507520: receive setConfiguration SetConfigurationRequest:client-9E894F3AA110->s7@group-4CF2EC507520, cid=2065, seq=null, RW, null, SET_UNCONDITIONALLY, servers:[s11, s10, s7, s13, s8, s12, s9, s0, s1], listeners:[]
2024-12-25 19:07:47,749 INFO  server.RaftServer$Division (RaftServerImpl.java:setConfigurationAsync(1348)) - s1@group-4CF2EC507520: receive setConfiguration SetConfigurationRequest:client-9E894F3AA110->s1@group-4CF2EC507520, cid=2065, seq=null, RW, null, SET_UNCONDITIONALLY, servers:[s11, s10, s7, s13, s8, s12, s9, s0, s1], listeners:[]
2024-12-25 19:07:47,849 INFO  server.RaftServer$Division (RaftServerImpl.java:setConfigurationAsync(1348)) - s8@group-4CF2EC507520: receive setConfiguration SetConfigurationRequest:client-9E894F3AA110->s8@group-4CF2EC507520, cid=2065, seq=null, RW, null, SET_UNCONDITIONALLY, servers:[s11, s10, s7, s13, s8, s12, s9, s0, s1], listeners:[]
2024-12-25 19:07:47,950 INFO  server.RaftServer$Division (RaftServerImpl.java:setConfigurationAsync(1348)) - s7@group-4CF2EC507520: receive setConfiguration SetConfigurationRequest:client-9E894F3AA110->s7@group-4CF2EC507520, cid=2065, seq=null, RW, null, SET_UNCONDITIONALLY, servers:[s11, s10, s7, s13, s8, s12, s9, s0, s1], listeners:[]
2024-12-25 19:07:48,050 INFO  server.RaftServer$Division (RaftServerImpl.java:setConfigurationAsync(1348)) - s1@group-4CF2EC507520: receive setConfiguration SetConfigurationRequest:client-9E894F3AA110->s1@group-4CF2EC507520, cid=2065, seq=null, RW, null, SET_UNCONDITIONALLY, servers:[s11, s10, s7, s13, s8, s12, s9, s0, s1], listeners:[]
2024-12-25 19:07:48,150 INFO  server.RaftServer$Division (RaftServerImpl.java:setConfigurationAsync(1348)) - s9@group-4CF2EC507520: receive setConfiguration SetConfigurationRequest:client-9E894F3AA110->s9@group-4CF2EC507520, cid=2065, seq=null, RW, null, SET_UNCONDITIONALLY, servers:[s11, s10, s7, s13, s8, s12, s9, s0, s1], listeners:[]
2024-12-25 19:07:48,251 INFO  server.RaftServer$Division (RaftServerImpl.java:setConfigurationAsync(1348)) - s7@group-4CF2EC507520: receive setConfiguration SetConfigurationRequest:client-9E894F3AA110->s7@group-4CF2EC507520, cid=2065, seq=null, RW, null, SET_UNCONDITIONALLY, servers:[s11, s10, s7, s13, s8, s12, s9, s0, s1], listeners:[]
2024-12-25 19:07:48,351 INFO  server.RaftServer$Division (RaftServerImpl.java:setConfigurationAsync(1348)) - s8@group-4CF2EC507520: receive setConfiguration SetConfigurationRequest:client-9E894F3AA110->s8@group-4CF2EC507520, cid=2065, seq=null, RW, null, SET_UNCONDITIONALLY, servers:[s11, s10, s7, s13, s8, s12, s9, s0, s1], listeners:[]
2024-12-25 19:07:48,451 INFO  server.RaftServer$Division (RaftServerImpl.java:setConfigurationAsync(1348)) - s7@group-4CF2EC507520: receive setConfiguration SetConfigurationRequest:client-9E894F3AA110->s7@group-4CF2EC507520, cid=2065, seq=null, RW, null, SET_UNCONDITIONALLY, servers:[s11, s10, s7, s13, s8, s12, s9, s0, s1], listeners:[]
2024-12-25 19:07:48,552 INFO  server.RaftServer$Division (RaftServerImpl.java:setConfigurationAsync(1348)) - s0@group-4CF2EC507520: receive setConfiguration SetConfigurationRequest:client-9E894F3AA110->s0@group-4CF2EC507520, cid=2065, seq=null, RW, null, SET_UNCONDITIONALLY, servers:[s11, s10, s7, s13, s8, s12, s9, s0, s1], listeners:[]
2024-12-25 19:07:48,652 INFO  server.RaftServer$Division (RaftServerImpl.java:setConfigurationAsync(1348)) - s8@group-4CF2EC507520: receive setConfiguration SetConfigurationRequest:client-9E894F3AA110->s8@group-4CF2EC507520, cid=2065, seq=null, RW, null, SET_UNCONDITIONALLY, servers:[s11, s10, s7, s13, s8, s12, s9, s0, s1], listeners:[]
2024-12-25 19:07:48,752 INFO  server.RaftServer$Division (RaftServerImpl.java:setConfigurationAsync(1348)) - s7@group-4CF2EC507520: receive setConfiguration SetConfigurationRequest:client-9E894F3AA110->s7@group-4CF2EC507520, cid=2065, seq=null, RW, null, SET_UNCONDITIONALLY, servers:[s11, s10, s7, s13, s8, s12, s9, s0, s1], listeners:[]
2024-12-25 19:07:48,852 INFO  server.RaftServer$Division (RaftServerImpl.java:setConfigurationAsync(1348)) - s8@group-4CF2EC507520: receive setConfiguration SetConfigurationRequest:client-9E894F3AA110->s8@group-4CF2EC507520, cid=2065, seq=null, RW, null, SET_UNCONDITIONALLY, servers:[s11, s10, s7, s13, s8, s12, s9, s0, s1], listeners:[]
2024-12-25 19:07:48,953 INFO  server.RaftServer$Division (RaftServerImpl.java:setConfigurationAsync(1348)) - s7@group-4CF2EC507520: receive setConfiguration SetConfigurationRequest:client-9E894F3AA110->s7@group-4CF2EC507520, cid=2065, seq=null, RW, null, SET_UNCONDITIONALLY, servers:[s11, s10, s7, s13, s8, s12, s9, s0, s1], listeners:[]
2024-12-25 19:07:49,053 INFO  server.RaftServer$Division (RaftServerImpl.java:setConfigurationAsync(1348)) - s1@group-4CF2EC507520: receive setConfiguration SetConfigurationRequest:client-9E894F3AA110->s1@group-4CF2EC507520, cid=2065, seq=null, RW, null, SET_UNCONDITIONALLY, servers:[s11, s10, s7, s13, s8, s12, s9, s0, s1], listeners:[]
2024-12-25 19:07:49,153 INFO  server.RaftServer$Division (RaftServerImpl.java:setConfigurationAsync(1348)) - s0@group-4CF2EC507520: receive setConfiguration SetConfigurationRequest:client-9E894F3AA110->s0@group-4CF2EC507520, cid=2065, seq=null, RW, null, SET_UNCONDITIONALLY, servers:[s11, s10, s7, s13, s8, s12, s9, s0, s1], listeners:[]
2024-12-25 19:07:49,254 INFO  server.RaftServer$Division (RaftServerImpl.java:setConfigurationAsync(1348)) - s9@group-4CF2EC507520: receive setConfiguration SetConfigurationRequest:client-9E894F3AA110->s9@group-4CF2EC507520, cid=2065, seq=null, RW, null, SET_UNCONDITIONALLY, servers:[s11, s10, s7, s13, s8, s12, s9, s0, s1], listeners:[]
2024-12-25 19:07:49,354 INFO  server.RaftServer$Division (RaftServerImpl.java:setConfigurationAsync(1348)) - s7@group-4CF2EC507520: receive setConfiguration SetConfigurationRequest:client-9E894F3AA110->s7@group-4CF2EC507520, cid=2065, seq=null, RW, null, SET_UNCONDITIONALLY, servers:[s11, s10, s7, s13, s8, s12, s9, s0, s1], listeners:[]
2024-12-25 19:07:49,454 INFO  server.RaftServer$Division (RaftServerImpl.java:setConfigurationAsync(1348)) - s1@group-4CF2EC507520: receive setConfiguration SetConfigurationRequest:client-9E894F3AA110->s1@group-4CF2EC507520, cid=2065, seq=null, RW, null, SET_UNCONDITIONALLY, servers:[s11, s10, s7, s13, s8, s12, s9, s0, s1], listeners:[]
2024-12-25 19:07:49,555 INFO  server.RaftServer$Division (RaftServerImpl.java:setConfigurationAsync(1348)) - s9@group-4CF2EC507520: receive setConfiguration SetConfigurationRequest:client-9E894F3AA110->s9@group-4CF2EC507520, cid=2065, seq=null, RW, null, SET_UNCONDITIONALLY, servers:[s11, s10, s7, s13, s8, s12, s9, s0, s1], listeners:[]
2024-12-25 19:07:49,655 INFO  server.RaftServer$Division (RaftServerImpl.java:setConfigurationAsync(1348)) - s7@group-4CF2EC507520: receive setConfiguration SetConfigurationRequest:client-9E894F3AA110->s7@group-4CF2EC507520, cid=2065, seq=null, RW, null, SET_UNCONDITIONALLY, servers:[s11, s10, s7, s13, s8, s12, s9, s0, s1], listeners:[]
2024-12-25 19:07:49,755 INFO  server.RaftServer$Division (RaftServerImpl.java:setConfigurationAsync(1348)) - s9@group-4CF2EC507520: receive setConfiguration SetConfigurationRequest:client-9E894F3AA110->s9@group-4CF2EC507520, cid=2065, seq=null, RW, null, SET_UNCONDITIONALLY, servers:[s11, s10, s7, s13, s8, s12, s9, s0, s1], listeners:[]
2024-12-25 19:07:49,855 INFO  server.RaftServer$Division (RaftServerImpl.java:setConfigurationAsync(1348)) - s7@group-4CF2EC507520: receive setConfiguration SetConfigurationRequest:client-9E894F3AA110->s7@group-4CF2EC507520, cid=2065, seq=null, RW, null, SET_UNCONDITIONALLY, servers:[s11, s10, s7, s13, s8, s12, s9, s0, s1], listeners:[]
2024-12-25 19:07:49,956 INFO  server.RaftServer$Division (RaftServerImpl.java:setConfigurationAsync(1348)) - s1@group-4CF2EC507520: receive setConfiguration SetConfigurationRequest:client-9E894F3AA110->s1@group-4CF2EC507520, cid=2065, seq=null, RW, null, SET_UNCONDITIONALLY, servers:[s11, s10, s7, s13, s8, s12, s9, s0, s1], listeners:[]
2024-12-25 19:07:50,056 INFO  server.RaftServer$Division (RaftServerImpl.java:setConfigurationAsync(1348)) - s9@group-4CF2EC507520: receive setConfiguration SetConfigurationRequest:client-9E894F3AA110->s9@group-4CF2EC507520, cid=2065, seq=null, RW, null, SET_UNCONDITIONALLY, servers:[s11, s10, s7, s13, s8, s12, s9, s0, s1], listeners:[]
2024-12-25 19:07:50,156 INFO  server.RaftServer$Division (RaftServerImpl.java:setConfigurationAsync(1348)) - s7@group-4CF2EC507520: receive setConfiguration SetConfigurationRequest:client-9E894F3AA110->s7@group-4CF2EC507520, cid=2065, seq=null, RW, null, SET_UNCONDITIONALLY, servers:[s11, s10, s7, s13, s8, s12, s9, s0, s1], listeners:[]
2024-12-25 19:07:50,257 INFO  server.RaftServer$Division (RaftServerImpl.java:setConfigurationAsync(1348)) - s9@group-4CF2EC507520: receive setConfiguration SetConfigurationRequest:client-9E894F3AA110->s9@group-4CF2EC507520, cid=2065, seq=null, RW, null, SET_UNCONDITIONALLY, servers:[s11, s10, s7, s13, s8, s12, s9, s0, s1], listeners:[]
2024-12-25 19:07:50,357 INFO  server.RaftServer$Division (RaftServerImpl.java:setConfigurationAsync(1348)) - s7@group-4CF2EC507520: receive setConfiguration SetConfigurationRequest:client-9E894F3AA110->s7@group-4CF2EC507520, cid=2065, seq=null, RW, null, SET_UNCONDITIONALLY, servers:[s11, s10, s7, s13, s8, s12, s9, s0, s1], listeners:[]
2024-12-25 19:07:50,457 INFO  server.RaftServer$Division (RaftServerImpl.java:setConfigurationAsync(1348)) - s0@group-4CF2EC507520: receive setConfiguration SetConfigurationRequest:client-9E894F3AA110->s0@group-4CF2EC507520, cid=2065, seq=null, RW, null, SET_UNCONDITIONALLY, servers:[s11, s10, s7, s13, s8, s12, s9, s0, s1], listeners:[]
2024-12-25 19:07:50,558 INFO  server.RaftServer$Division (RaftServerImpl.java:setConfigurationAsync(1348)) - s8@group-4CF2EC507520: receive setConfiguration SetConfigurationRequest:client-9E894F3AA110->s8@group-4CF2EC507520, cid=2065, seq=null, RW, null, SET_UNCONDITIONALLY, servers:[s11, s10, s7, s13, s8, s12, s9, s0, s1], listeners:[]
2024-12-25 19:07:50,658 INFO  server.RaftServer$Division (RaftServerImpl.java:setConfigurationAsync(1348)) - s7@group-4CF2EC507520: receive setConfiguration SetConfigurationRequest:client-9E894F3AA110->s7@group-4CF2EC507520, cid=2065, seq=null, RW, null, SET_UNCONDITIONALLY, servers:[s11, s10, s7, s13, s8, s12, s9, s0, s1], listeners:[]
2024-12-25 19:07:50,758 INFO  server.RaftServer$Division (RaftServerImpl.java:setConfigurationAsync(1348)) - s9@group-4CF2EC507520: receive setConfiguration SetConfigurationRequest:client-9E894F3AA110->s9@group-4CF2EC507520, cid=2065, seq=null, RW, null, SET_UNCONDITIONALLY, servers:[s11, s10, s7, s13, s8, s12, s9, s0, s1], listeners:[]
2024-12-25 19:07:50,858 INFO  server.RaftServer$Division (RaftServerImpl.java:setConfigurationAsync(1348)) - s7@group-4CF2EC507520: receive setConfiguration SetConfigurationRequest:client-9E894F3AA110->s7@group-4CF2EC507520, cid=2065, seq=null, RW, null, SET_UNCONDITIONALLY, servers:[s11, s10, s7, s13, s8, s12, s9, s0, s1], listeners:[]
2024-12-25 19:07:50,959 INFO  server.RaftServer$Division (RaftServerImpl.java:setConfigurationAsync(1348)) - s0@group-4CF2EC507520: receive setConfiguration SetConfigurationRequest:client-9E894F3AA110->s0@group-4CF2EC507520, cid=2065, seq=null, RW, null, SET_UNCONDITIONALLY, servers:[s11, s10, s7, s13, s8, s12, s9, s0, s1], listeners:[]
2024-12-25 19:07:51,059 INFO  server.RaftServer$Division (RaftServerImpl.java:setConfigurationAsync(1348)) - s1@group-4CF2EC507520: receive setConfiguration SetConfigurationRequest:client-9E894F3AA110->s1@group-4CF2EC507520, cid=2065, seq=null, RW, null, SET_UNCONDITIONALLY, servers:[s11, s10, s7, s13, s8, s12, s9, s0, s1], listeners:[]
2024-12-25 19:07:51,159 INFO  server.RaftServer$Division (RaftServerImpl.java:setConfigurationAsync(1348)) - s0@group-4CF2EC507520: receive setConfiguration SetConfigurationRequest:client-9E894F3AA110->s0@group-4CF2EC507520, cid=2065, seq=null, RW, null, SET_UNCONDITIONALLY, servers:[s11, s10, s7, s13, s8, s12, s9, s0, s1], listeners:[]
2024-12-25 19:07:51,259 INFO  server.RaftServer$Division (RaftServerImpl.java:setConfigurationAsync(1348)) - s7@group-4CF2EC507520: receive setConfiguration SetConfigurationRequest:client-9E894F3AA110->s7@group-4CF2EC507520, cid=2065, seq=null, RW, null, SET_UNCONDITIONALLY, servers:[s11, s10, s7, s13, s8, s12, s9, s0, s1], listeners:[]
2024-12-25 19:07:51,360 INFO  server.RaftServer$Division (RaftServerImpl.java:setConfigurationAsync(1348)) - s0@group-4CF2EC507520: receive setConfiguration SetConfigurationRequest:client-9E894F3AA110->s0@group-4CF2EC507520, cid=2065, seq=null, RW, null, SET_UNCONDITIONALLY, servers:[s11, s10, s7, s13, s8, s12, s9, s0, s1], listeners:[]
2024-12-25 19:07:51,460 INFO  server.RaftServer$Division (RaftServerImpl.java:setConfigurationAsync(1348)) - s7@group-4CF2EC507520: receive setConfiguration SetConfigurationRequest:client-9E894F3AA110->s7@group-4CF2EC507520, cid=2065, seq=null, RW, null, SET_UNCONDITIONALLY, servers:[s11, s10, s7, s13, s8, s12, s9, s0, s1], listeners:[]
2024-12-25 19:07:51,560 INFO  server.RaftServer$Division (RaftServerImpl.java:setConfigurationAsync(1348)) - s9@group-4CF2EC507520: receive setConfiguration SetConfigurationRequest:client-9E894F3AA110->s9@group-4CF2EC507520, cid=2065, seq=null, RW, null, SET_UNCONDITIONALLY, servers:[s11, s10, s7, s13, s8, s12, s9, s0, s1], listeners:[]
2024-12-25 19:07:51,661 INFO  server.RaftServer$Division (RaftServerImpl.java:setConfigurationAsync(1348)) - s7@group-4CF2EC507520: receive setConfiguration SetConfigurationRequest:client-9E894F3AA110->s7@group-4CF2EC507520, cid=2065, seq=null, RW, null, SET_UNCONDITIONALLY, servers:[s11, s10, s7, s13, s8, s12, s9, s0, s1], listeners:[]
2024-12-25 19:07:51,761 INFO  server.RaftServer$Division (RaftServerImpl.java:setConfigurationAsync(1348)) - s0@group-4CF2EC507520: receive setConfiguration SetConfigurationRequest:client-9E894F3AA110->s0@group-4CF2EC507520, cid=2065, seq=null, RW, null, SET_UNCONDITIONALLY, servers:[s11, s10, s7, s13, s8, s12, s9, s0, s1], listeners:[]
2024-12-25 19:07:51,861 INFO  server.RaftServer$Division (RaftServerImpl.java:setConfigurationAsync(1348)) - s8@group-4CF2EC507520: receive setConfiguration SetConfigurationRequest:client-9E894F3AA110->s8@group-4CF2EC507520, cid=2065, seq=null, RW, null, SET_UNCONDITIONALLY, servers:[s11, s10, s7, s13, s8, s12, s9, s0, s1], listeners:[]
2024-12-25 19:07:51,962 INFO  server.RaftServer$Division (RaftServerImpl.java:setConfigurationAsync(1348)) - s7@group-4CF2EC507520: receive setConfiguration SetConfigurationRequest:client-9E894F3AA110->s7@group-4CF2EC507520, cid=2065, seq=null, RW, null, SET_UNCONDITIONALLY, servers:[s11, s10, s7, s13, s8, s12, s9, s0, s1], listeners:[]
2024-12-25 19:07:52,062 INFO  server.RaftServer$Division (RaftServerImpl.java:setConfigurationAsync(1348)) - s8@group-4CF2EC507520: receive setConfiguration SetConfigurationRequest:client-9E894F3AA110->s8@group-4CF2EC507520, cid=2065, seq=null, RW, null, SET_UNCONDITIONALLY, servers:[s11, s10, s7, s13, s8, s12, s9, s0, s1], listeners:[]
2024-12-25 19:07:52,162 INFO  server.RaftServer$Division (RaftServerImpl.java:setConfigurationAsync(1348)) - s7@group-4CF2EC507520: receive setConfiguration SetConfigurationRequest:client-9E894F3AA110->s7@group-4CF2EC507520, cid=2065, seq=null, RW, null, SET_UNCONDITIONALLY, servers:[s11, s10, s7, s13, s8, s12, s9, s0, s1], listeners:[]
2024-12-25 19:07:52,263 INFO  server.RaftServer$Division (RaftServerImpl.java:setConfigurationAsync(1348)) - s1@group-4CF2EC507520: receive setConfiguration SetConfigurationRequest:client-9E894F3AA110->s1@group-4CF2EC507520, cid=2065, seq=null, RW, null, SET_UNCONDITIONALLY, servers:[s11, s10, s7, s13, s8, s12, s9, s0, s1], listeners:[]
2024-12-25 19:07:52,363 INFO  server.RaftServer$Division (RaftServerImpl.java:setConfigurationAsync(1348)) - s9@group-4CF2EC507520: receive setConfiguration SetConfigurationRequest:client-9E894F3AA110->s9@group-4CF2EC507520, cid=2065, seq=null, RW, null, SET_UNCONDITIONALLY, servers:[s11, s10, s7, s13, s8, s12, s9, s0, s1], listeners:[]
2024-12-25 19:07:52,463 INFO  server.RaftServer$Division (RaftServerImpl.java:setConfigurationAsync(1348)) - s7@group-4CF2EC507520: receive setConfiguration SetConfigurationRequest:client-9E894F3AA110->s7@group-4CF2EC507520, cid=2065, seq=null, RW, null, SET_UNCONDITIONALLY, servers:[s11, s10, s7, s13, s8, s12, s9, s0, s1], listeners:[]
2024-12-25 19:07:52,563 INFO  server.RaftServer$Division (RaftServerImpl.java:setConfigurationAsync(1348)) - s8@group-4CF2EC507520: receive setConfiguration SetConfigurationRequest:client-9E894F3AA110->s8@group-4CF2EC507520, cid=2065, seq=null, RW, null, SET_UNCONDITIONALLY, servers:[s11, s10, s7, s13, s8, s12, s9, s0, s1], listeners:[]
2024-12-25 19:07:52,664 INFO  server.RaftServer$Division (RaftServerImpl.java:setConfigurationAsync(1348)) - s7@group-4CF2EC507520: receive setConfiguration SetConfigurationRequest:client-9E894F3AA110->s7@group-4CF2EC507520, cid=2065, seq=null, RW, null, SET_UNCONDITIONALLY, servers:[s11, s10, s7, s13, s8, s12, s9, s0, s1], listeners:[]
2024-12-25 19:07:52,764 INFO  server.RaftServer$Division (RaftServerImpl.java:setConfigurationAsync(1348)) - s1@group-4CF2EC507520: receive setConfiguration SetConfigurationRequest:client-9E894F3AA110->s1@group-4CF2EC507520, cid=2065, seq=null, RW, null, SET_UNCONDITIONALLY, servers:[s11, s10, s7, s13, s8, s12, s9, s0, s1], listeners:[]
2024-12-25 19:07:52,865 INFO  server.RaftServer$Division (RaftServerImpl.java:setConfigurationAsync(1348)) - s9@group-4CF2EC507520: receive setConfiguration SetConfigurationRequest:client-9E894F3AA110->s9@group-4CF2EC507520, cid=2065, seq=null, RW, null, SET_UNCONDITIONALLY, servers:[s11, s10, s7, s13, s8, s12, s9, s0, s1], listeners:[]
2024-12-25 19:07:52,965 INFO  server.RaftServer$Division (RaftServerImpl.java:setConfigurationAsync(1348)) - s7@group-4CF2EC507520: receive setConfiguration SetConfigurationRequest:client-9E894F3AA110->s7@group-4CF2EC507520, cid=2065, seq=null, RW, null, SET_UNCONDITIONALLY, servers:[s11, s10, s7, s13, s8, s12, s9, s0, s1], listeners:[]
2024-12-25 19:07:53,065 INFO  server.RaftServer$Division (RaftServerImpl.java:setConfigurationAsync(1348)) - s8@group-4CF2EC507520: receive setConfiguration SetConfigurationRequest:client-9E894F3AA110->s8@group-4CF2EC507520, cid=2065, seq=null, RW, null, SET_UNCONDITIONALLY, servers:[s11, s10, s7, s13, s8, s12, s9, s0, s1], listeners:[]
2024-12-25 19:07:53,166 INFO  server.RaftServer$Division (RaftServerImpl.java:setConfigurationAsync(1348)) - s7@group-4CF2EC507520: receive setConfiguration SetConfigurationRequest:client-9E894F3AA110->s7@group-4CF2EC507520, cid=2065, seq=null, RW, null, SET_UNCONDITIONALLY, servers:[s11, s10, s7, s13, s8, s12, s9, s0, s1], listeners:[]
2024-12-25 19:07:53,266 INFO  server.RaftServer$Division (RaftServerImpl.java:setConfigurationAsync(1348)) - s1@group-4CF2EC507520: receive setConfiguration SetConfigurationRequest:client-9E894F3AA110->s1@group-4CF2EC507520, cid=2065, seq=null, RW, null, SET_UNCONDITIONALLY, servers:[s11, s10, s7, s13, s8, s12, s9, s0, s1], listeners:[]
2024-12-25 19:07:53,366 INFO  server.RaftServer$Division (RaftServerImpl.java:setConfigurationAsync(1348)) - s0@group-4CF2EC507520: receive setConfiguration SetConfigurationRequest:client-9E894F3AA110->s0@group-4CF2EC507520, cid=2065, seq=null, RW, null, SET_UNCONDITIONALLY, servers:[s11, s10, s7, s13, s8, s12, s9, s0, s1], listeners:[]
2024-12-25 19:07:53,466 INFO  server.RaftServer$Division (RaftServerImpl.java:setConfigurationAsync(1348)) - s1@group-4CF2EC507520: receive setConfiguration SetConfigurationRequest:client-9E894F3AA110->s1@group-4CF2EC507520, cid=2065, seq=null, RW, null, SET_UNCONDITIONALLY, servers:[s11, s10, s7, s13, s8, s12, s9, s0, s1], listeners:[]
2024-12-25 19:07:53,567 INFO  server.RaftServer$Division (RaftServerImpl.java:setConfigurationAsync(1348)) - s9@group-4CF2EC507520: receive setConfiguration SetConfigurationRequest:client-9E894F3AA110->s9@group-4CF2EC507520, cid=2065, seq=null, RW, null, SET_UNCONDITIONALLY, servers:[s11, s10, s7, s13, s8, s12, s9, s0, s1], listeners:[]
2024-12-25 19:07:53,667 INFO  server.RaftServer$Division (RaftServerImpl.java:setConfigurationAsync(1348)) - s7@group-4CF2EC507520: receive setConfiguration SetConfigurationRequest:client-9E894F3AA110->s7@group-4CF2EC507520, cid=2065, seq=null, RW, null, SET_UNCONDITIONALLY, servers:[s11, s10, s7, s13, s8, s12, s9, s0, s1], listeners:[]
2024-12-25 19:07:53,767 INFO  server.RaftServer$Division (RaftServerImpl.java:setConfigurationAsync(1348)) - s9@group-4CF2EC507520: receive setConfiguration SetConfigurationRequest:client-9E894F3AA110->s9@group-4CF2EC507520, cid=2065, seq=null, RW, null, SET_UNCONDITIONALLY, servers:[s11, s10, s7, s13, s8, s12, s9, s0, s1], listeners:[]
2024-12-25 19:07:53,868 INFO  server.RaftServer$Division (RaftServerImpl.java:setConfigurationAsync(1348)) - s7@group-4CF2EC507520: receive setConfiguration SetConfigurationRequest:client-9E894F3AA110->s7@group-4CF2EC507520, cid=2065, seq=null, RW, null, SET_UNCONDITIONALLY, servers:[s11, s10, s7, s13, s8, s12, s9, s0, s1], listeners:[]
2024-12-25 19:07:53,968 INFO  server.RaftServer$Division (RaftServerImpl.java:setConfigurationAsync(1348)) - s8@group-4CF2EC507520: receive setConfiguration SetConfigurationRequest:client-9E894F3AA110->s8@group-4CF2EC507520, cid=2065, seq=null, RW, null, SET_UNCONDITIONALLY, servers:[s11, s10, s7, s13, s8, s12, s9, s0, s1], listeners:[]
2024-12-25 19:07:54,069 INFO  server.RaftServer$Division (RaftServerImpl.java:setConfigurationAsync(1348)) - s7@group-4CF2EC507520: receive setConfiguration SetConfigurationRequest:client-9E894F3AA110->s7@group-4CF2EC507520, cid=2065, seq=null, RW, null, SET_UNCONDITIONALLY, servers:[s11, s10, s7, s13, s8, s12, s9, s0, s1], listeners:[]
2024-12-25 19:07:54,169 INFO  server.RaftServer$Division (RaftServerImpl.java:setConfigurationAsync(1348)) - s0@group-4CF2EC507520: receive setConfiguration SetConfigurationRequest:client-9E894F3AA110->s0@group-4CF2EC507520, cid=2065, seq=null, RW, null, SET_UNCONDITIONALLY, servers:[s11, s10, s7, s13, s8, s12, s9, s0, s1], listeners:[]
2024-12-25 19:07:54,269 INFO  server.RaftServer$Division (RaftServerImpl.java:setConfigurationAsync(1348)) - s8@group-4CF2EC507520: receive setConfiguration SetConfigurationRequest:client-9E894F3AA110->s8@group-4CF2EC507520, cid=2065, seq=null, RW, null, SET_UNCONDITIONALLY, servers:[s11, s10, s7, s13, s8, s12, s9, s0, s1], listeners:[]
2024-12-25 19:07:54,370 INFO  server.RaftServer$Division (RaftServerImpl.java:setConfigurationAsync(1348)) - s7@group-4CF2EC507520: receive setConfiguration SetConfigurationRequest:client-9E894F3AA110->s7@group-4CF2EC507520, cid=2065, seq=null, RW, null, SET_UNCONDITIONALLY, servers:[s11, s10, s7, s13, s8, s12, s9, s0, s1], listeners:[]
2024-12-25 19:07:54,470 INFO  server.RaftServer$Division (RaftServerImpl.java:setConfigurationAsync(1348)) - s8@group-4CF2EC507520: receive setConfiguration SetConfigurationRequest:client-9E894F3AA110->s8@group-4CF2EC507520, cid=2065, seq=null, RW, null, SET_UNCONDITIONALLY, servers:[s11, s10, s7, s13, s8, s12, s9, s0, s1], listeners:[]
2024-12-25 19:07:54,570 INFO  server.RaftServer$Division (RaftServerImpl.java:setConfigurationAsync(1348)) - s7@group-4CF2EC507520: receive setConfiguration SetConfigurationRequest:client-9E894F3AA110->s7@group-4CF2EC507520, cid=2065, seq=null, RW, null, SET_UNCONDITIONALLY, servers:[s11, s10, s7, s13, s8, s12, s9, s0, s1], listeners:[]
2024-12-25 19:07:54,670 INFO  server.RaftServer$Division (RaftServerImpl.java:setConfigurationAsync(1348)) - s8@group-4CF2EC507520: receive setConfiguration SetConfigurationRequest:client-9E894F3AA110->s8@group-4CF2EC507520, cid=2065, seq=null, RW, null, SET_UNCONDITIONALLY, servers:[s11, s10, s7, s13, s8, s12, s9, s0, s1], listeners:[]
2024-12-25 19:07:54,771 INFO  server.RaftServer$Division (RaftServerImpl.java:setConfigurationAsync(1348)) - s7@group-4CF2EC507520: receive setConfiguration SetConfigurationRequest:client-9E894F3AA110->s7@group-4CF2EC507520, cid=2065, seq=null, RW, null, SET_UNCONDITIONALLY, servers:[s11, s10, s7, s13, s8, s12, s9, s0, s1], listeners:[]
2024-12-25 19:07:54,871 INFO  server.RaftServer$Division (RaftServerImpl.java:setConfigurationAsync(1348)) - s8@group-4CF2EC507520: receive setConfiguration SetConfigurationRequest:client-9E894F3AA110->s8@group-4CF2EC507520, cid=2065, seq=null, RW, null, SET_UNCONDITIONALLY, servers:[s11, s10, s7, s13, s8, s12, s9, s0, s1], listeners:[]
2024-12-25 19:07:54,971 INFO  server.RaftServer$Division (RaftServerImpl.java:setConfigurationAsync(1348)) - s7@group-4CF2EC507520: receive setConfiguration SetConfigurationRequest:client-9E894F3AA110->s7@group-4CF2EC507520, cid=2065, seq=null, RW, null, SET_UNCONDITIONALLY, servers:[s11, s10, s7, s13, s8, s12, s9, s0, s1], listeners:[]
2024-12-25 19:07:55,072 INFO  server.RaftServer$Division (RaftServerImpl.java:setConfigurationAsync(1348)) - s0@group-4CF2EC507520: receive setConfiguration SetConfigurationRequest:client-9E894F3AA110->s0@group-4CF2EC507520, cid=2065, seq=null, RW, null, SET_UNCONDITIONALLY, servers:[s11, s10, s7, s13, s8, s12, s9, s0, s1], listeners:[]
2024-12-25 19:07:55,172 INFO  server.RaftServer$Division (RaftServerImpl.java:setConfigurationAsync(1348)) - s1@group-4CF2EC507520: receive setConfiguration SetConfigurationRequest:client-9E894F3AA110->s1@group-4CF2EC507520, cid=2065, seq=null, RW, null, SET_UNCONDITIONALLY, servers:[s11, s10, s7, s13, s8, s12, s9, s0, s1], listeners:[]
2024-12-25 19:07:55,272 INFO  server.RaftServer$Division (RaftServerImpl.java:setConfigurationAsync(1348)) - s8@group-4CF2EC507520: receive setConfiguration SetConfigurationRequest:client-9E894F3AA110->s8@group-4CF2EC507520, cid=2065, seq=null, RW, null, SET_UNCONDITIONALLY, servers:[s11, s10, s7, s13, s8, s12, s9, s0, s1], listeners:[]
2024-12-25 19:07:55,373 INFO  server.RaftServer$Division (RaftServerImpl.java:setConfigurationAsync(1348)) - s7@group-4CF2EC507520: receive setConfiguration SetConfigurationRequest:client-9E894F3AA110->s7@group-4CF2EC507520, cid=2065, seq=null, RW, null, SET_UNCONDITIONALLY, servers:[s11, s10, s7, s13, s8, s12, s9, s0, s1], listeners:[]
2024-12-25 19:07:55,473 INFO  server.RaftServer$Division (RaftServerImpl.java:setConfigurationAsync(1348)) - s0@group-4CF2EC507520: receive setConfiguration SetConfigurationRequest:client-9E894F3AA110->s0@group-4CF2EC507520, cid=2065, seq=null, RW, null, SET_UNCONDITIONALLY, servers:[s11, s10, s7, s13, s8, s12, s9, s0, s1], listeners:[]
2024-12-25 19:07:55,573 INFO  server.RaftServer$Division (RaftServerImpl.java:setConfigurationAsync(1348)) - s7@group-4CF2EC507520: receive setConfiguration SetConfigurationRequest:client-9E894F3AA110->s7@group-4CF2EC507520, cid=2065, seq=null, RW, null, SET_UNCONDITIONALLY, servers:[s11, s10, s7, s13, s8, s12, s9, s0, s1], listeners:[]
2024-12-25 19:07:55,674 INFO  server.RaftServer$Division (RaftServerImpl.java:setConfigurationAsync(1348)) - s9@group-4CF2EC507520: receive setConfiguration SetConfigurationRequest:client-9E894F3AA110->s9@group-4CF2EC507520, cid=2065, seq=null, RW, null, SET_UNCONDITIONALLY, servers:[s11, s10, s7, s13, s8, s12, s9, s0, s1], listeners:[]
2024-12-25 19:07:55,774 INFO  server.RaftServer$Division (RaftServerImpl.java:setConfigurationAsync(1348)) - s7@group-4CF2EC507520: receive setConfiguration SetConfigurationRequest:client-9E894F3AA110->s7@group-4CF2EC507520, cid=2065, seq=null, RW, null, SET_UNCONDITIONALLY, servers:[s11, s10, s7, s13, s8, s12, s9, s0, s1], listeners:[]
2024-12-25 19:07:55,875 INFO  server.RaftServer$Division (RaftServerImpl.java:setConfigurationAsync(1348)) - s0@group-4CF2EC507520: receive setConfiguration SetConfigurationRequest:client-9E894F3AA110->s0@group-4CF2EC507520, cid=2065, seq=null, RW, null, SET_UNCONDITIONALLY, servers:[s11, s10, s7, s13, s8, s12, s9, s0, s1], listeners:[]
2024-12-25 19:07:55,975 INFO  server.RaftServer$Division (RaftServerImpl.java:setConfigurationAsync(1348)) - s8@group-4CF2EC507520: receive setConfiguration SetConfigurationRequest:client-9E894F3AA110->s8@group-4CF2EC507520, cid=2065, seq=null, RW, null, SET_UNCONDITIONALLY, servers:[s11, s10, s7, s13, s8, s12, s9, s0, s1], listeners:[]
2024-12-25 19:07:56,075 INFO  server.RaftServer$Division (RaftServerImpl.java:setConfigurationAsync(1348)) - s7@group-4CF2EC507520: receive setConfiguration SetConfigurationRequest:client-9E894F3AA110->s7@group-4CF2EC507520, cid=2065, seq=null, RW, null, SET_UNCONDITIONALLY, servers:[s11, s10, s7, s13, s8, s12, s9, s0, s1], listeners:[]
2024-12-25 19:07:56,176 INFO  server.RaftServer$Division (RaftServerImpl.java:setConfigurationAsync(1348)) - s9@group-4CF2EC507520: receive setConfiguration SetConfigurationRequest:client-9E894F3AA110->s9@group-4CF2EC507520, cid=2065, seq=null, RW, null, SET_UNCONDITIONALLY, servers:[s11, s10, s7, s13, s8, s12, s9, s0, s1], listeners:[]
2024-12-25 19:07:56,276 INFO  server.RaftServer$Division (RaftServerImpl.java:setConfigurationAsync(1348)) - s7@group-4CF2EC507520: receive setConfiguration SetConfigurationRequest:client-9E894F3AA110->s7@group-4CF2EC507520, cid=2065, seq=null, RW, null, SET_UNCONDITIONALLY, servers:[s11, s10, s7, s13, s8, s12, s9, s0, s1], listeners:[]
2024-12-25 19:07:56,376 INFO  server.RaftServer$Division (RaftServerImpl.java:setConfigurationAsync(1348)) - s0@group-4CF2EC507520: receive setConfiguration SetConfigurationRequest:client-9E894F3AA110->s0@group-4CF2EC507520, cid=2065, seq=null, RW, null, SET_UNCONDITIONALLY, servers:[s11, s10, s7, s13, s8, s12, s9, s0, s1], listeners:[]
2024-12-25 19:07:56,476 INFO  server.RaftServer$Division (RaftServerImpl.java:setConfigurationAsync(1348)) - s7@group-4CF2EC507520: receive setConfiguration SetConfigurationRequest:client-9E894F3AA110->s7@group-4CF2EC507520, cid=2065, seq=null, RW, null, SET_UNCONDITIONALLY, servers:[s11, s10, s7, s13, s8, s12, s9, s0, s1], listeners:[]
2024-12-25 19:07:56,577 INFO  server.RaftServer$Division (RaftServerImpl.java:setConfigurationAsync(1348)) - s1@group-4CF2EC507520: receive setConfiguration SetConfigurationRequest:client-9E894F3AA110->s1@group-4CF2EC507520, cid=2065, seq=null, RW, null, SET_UNCONDITIONALLY, servers:[s11, s10, s7, s13, s8, s12, s9, s0, s1], listeners:[]
2024-12-25 19:07:56,677 INFO  server.RaftServer$Division (RaftServerImpl.java:setConfigurationAsync(1348)) - s0@group-4CF2EC507520: receive setConfiguration SetConfigurationRequest:client-9E894F3AA110->s0@group-4CF2EC507520, cid=2065, seq=null, RW, null, SET_UNCONDITIONALLY, servers:[s11, s10, s7, s13, s8, s12, s9, s0, s1], listeners:[]
2024-12-25 19:07:56,777 INFO  server.RaftServer$Division (RaftServerImpl.java:setConfigurationAsync(1348)) - s7@group-4CF2EC507520: receive setConfiguration SetConfigurationRequest:client-9E894F3AA110->s7@group-4CF2EC507520, cid=2065, seq=null, RW, null, SET_UNCONDITIONALLY, servers:[s11, s10, s7, s13, s8, s12, s9, s0, s1], listeners:[]
2024-12-25 19:07:56,878 INFO  server.RaftServer$Division (RaftServerImpl.java:setConfigurationAsync(1348)) - s0@group-4CF2EC507520: receive setConfiguration SetConfigurationRequest:client-9E894F3AA110->s0@group-4CF2EC507520, cid=2065, seq=null, RW, null, SET_UNCONDITIONALLY, servers:[s11, s10, s7, s13, s8, s12, s9, s0, s1], listeners:[]
2024-12-25 19:07:56,978 INFO  server.RaftServer$Division (RaftServerImpl.java:setConfigurationAsync(1348)) - s1@group-4CF2EC507520: receive setConfiguration SetConfigurationRequest:client-9E894F3AA110->s1@group-4CF2EC507520, cid=2065, seq=null, RW, null, SET_UNCONDITIONALLY, servers:[s11, s10, s7, s13, s8, s12, s9, s0, s1], listeners:[]
2024-12-25 19:07:57,057 INFO  impl.MiniRaftCluster (MiniRaftCluster.java:lambda$null$7(362)) - TIMED-PRINT: printing ALL groups
  s3:  RUNNING [
   FOLLOWER s3@group-4CF2EC507520:t0, leader=null, voted=, raftlog=Memoized:s3@group-4CF2EC507520-SegmentedRaftLog:OPENED:c-1:lastnull, conf=conf: {index: -1, cur=peers:[]|listeners:[], old=null} STARTING
   FOLLOWER s3@group-6AB839334A82:t0, leader=null, voted=, raftlog=Memoized:s3@group-6AB839334A82-SegmentedRaftLog:OPENED:c-1:lastnull, conf=conf: {index: -1, cur=peers:[]|listeners:[], old=null} STARTING] size=2
  s4:  RUNNING [
   FOLLOWER s4@group-4CF2EC507520:t0, leader=null, voted=, raftlog=Memoized:s4@group-4CF2EC507520-SegmentedRaftLog:OPENED:c-1:lastnull, conf=conf: {index: -1, cur=peers:[]|listeners:[], old=null} STARTING
   FOLLOWER s4@group-6AB839334A82:t0, leader=null, voted=, raftlog=Memoized:s4@group-6AB839334A82-SegmentedRaftLog:OPENED:c-1:lastnull, conf=conf: {index: -1, cur=peers:[]|listeners:[], old=null} STARTING] size=2
  s5:  RUNNING [
   FOLLOWER s5@group-4CF2EC507520:t0, leader=null, voted=, raftlog=Memoized:s5@group-4CF2EC507520-SegmentedRaftLog:OPENED:c-1:lastnull, conf=conf: {index: -1, cur=peers:[]|listeners:[], old=null} STARTING
   FOLLOWER s5@group-6AB839334A82:t0, leader=null, voted=, raftlog=Memoized:s5@group-6AB839334A82-SegmentedRaftLog:OPENED:c-1:lastnull, conf=conf: {index: -1, cur=peers:[]|listeners:[], old=null} STARTING] size=2
  s6:  RUNNING [
   FOLLOWER s6@group-4CF2EC507520:t0, leader=null, voted=, raftlog=Memoized:s6@group-4CF2EC507520-SegmentedRaftLog:OPENED:c-1:lastnull, conf=conf: {index: -1, cur=peers:[]|listeners:[], old=null} STARTING
   FOLLOWER s6@group-6AB839334A82:t0, leader=null, voted=, raftlog=Memoized:s6@group-6AB839334A82-SegmentedRaftLog:OPENED:c-1:lastnull, conf=conf: {index: -1, cur=peers:[]|listeners:[], old=null} STARTING] size=2
  s7:  RUNNING [
     LEADER s7@group-4CF2EC507520:t1, leader=s7, voted=s7, raftlog=Memoized:s7@group-4CF2EC507520-SegmentedRaftLog:OPENED:c123:last(t:1, i:124), conf=conf: {index: 123, cur=peers:[s7, s8, s9, s0, s1]|listeners:[], old=null} RUNNING
   FOLLOWER s7@group-6AB839334A82:t0, leader=null, voted=, raftlog=Memoized:s7@group-6AB839334A82-SegmentedRaftLog:OPENED:c-1:lastnull, conf=conf: {index: -1, cur=peers:[]|listeners:[], old=null} STARTING] size=2
  s8:  RUNNING [
   FOLLOWER s8@group-4CF2EC507520:t1, leader=s7, voted=s7, raftlog=Memoized:s8@group-4CF2EC507520-SegmentedRaftLog:OPENED:c123:last(t:1, i:124), conf=conf: {index: 123, cur=peers:[s7|, s8|, s9|, s0|, s1|]|listeners:[], old=null} RUNNING
   FOLLOWER s8@group-6AB839334A82:t0, leader=null, voted=, raftlog=Memoized:s8@group-6AB839334A82-SegmentedRaftLog:OPENED:c-1:lastnull, conf=conf: {index: -1, cur=peers:[]|listeners:[], old=null} STARTING] size=2
  s9:  RUNNING [
   FOLLOWER s9@group-4CF2EC507520:t1, leader=s7, voted=s7, raftlog=Memoized:s9@group-4CF2EC507520-SegmentedRaftLog:OPENED:c123:last(t:1, i:124), conf=conf: {index: 123, cur=peers:[s7|, s8|, s9|, s0|, s1|]|listeners:[], old=null} RUNNING
   FOLLOWER s9@group-6AB839334A82:t0, leader=null, voted=, raftlog=Memoized:s9@group-6AB839334A82-SegmentedRaftLog:OPENED:c-1:lastnull, conf=conf: {index: -1, cur=peers:[]|listeners:[], old=null} STARTING] size=2
  s11:  RUNNING [
   FOLLOWER s11@group-4CF2EC507520:t1, leader=s7, voted=null, raftlog=Memoized:s11@group-4CF2EC507520-SegmentedRaftLog:OPENED:c123:last(t:1, i:124), conf=conf: {index: 123, cur=peers:[s7|, s8|, s9|, s0|, s1|]|listeners:[], old=null} STARTING
   FOLLOWER s11@group-6AB839334A82:t0, leader=null, voted=, raftlog=Memoized:s11@group-6AB839334A82-SegmentedRaftLog:OPENED:c-1:lastnull, conf=conf: {index: -1, cur=peers:[]|listeners:[], old=null} STARTING] size=2
  s10:  RUNNING [
   FOLLOWER s10@group-4CF2EC507520:t1, leader=s7, voted=null, raftlog=Memoized:s10@group-4CF2EC507520-SegmentedRaftLog:OPENED:c123:last(t:1, i:124), conf=conf: {index: 123, cur=peers:[s7|, s8|, s9|, s0|, s1|]|listeners:[], old=null} STARTING
   FOLLOWER s10@group-6AB839334A82:t0, leader=null, voted=, raftlog=Memoized:s10@group-6AB839334A82-SegmentedRaftLog:OPENED:c-1:lastnull, conf=conf: {index: -1, cur=peers:[]|listeners:[], old=null} STARTING] size=2
  s13:  RUNNING [
   FOLLOWER s13@group-4CF2EC507520:t1, leader=s7, voted=null, raftlog=Memoized:s13@group-4CF2EC507520-SegmentedRaftLog:OPENED:c123:last(t:1, i:124), conf=conf: {index: 123, cur=peers:[s7|, s8|, s9|, s0|, s1|]|listeners:[], old=null} STARTING
   FOLLOWER s13@group-6AB839334A82:t0, leader=null, voted=, raftlog=Memoized:s13@group-6AB839334A82-SegmentedRaftLog:OPENED:c-1:lastnull, conf=conf: {index: -1, cur=peers:[]|listeners:[], old=null} STARTING] size=2
  s12:  RUNNING [
   FOLLOWER s12@group-4CF2EC507520:t1, leader=s7, voted=null, raftlog=Memoized:s12@group-4CF2EC507520-SegmentedRaftLog:OPENED:c123:last(t:1, i:124), conf=conf: {index: 123, cur=peers:[s7|, s8|, s9|, s0|, s1|]|listeners:[], old=null} STARTING
   FOLLOWER s12@group-6AB839334A82:t0, leader=null, voted=, raftlog=Memoized:s12@group-6AB839334A82-SegmentedRaftLog:OPENED:c-1:lastnull, conf=conf: {index: -1, cur=peers:[]|listeners:[], old=null} STARTING] size=2
  s14:  RUNNING [
   FOLLOWER s14@group-4CF2EC507520:t0, leader=null, voted=, raftlog=Memoized:s14@group-4CF2EC507520-SegmentedRaftLog:OPENED:c-1:lastnull, conf=conf: {index: -1, cur=peers:[]|listeners:[], old=null} STARTING
   FOLLOWER s14@group-6AB839334A82:t0, leader=null, voted=, raftlog=Memoized:s14@group-6AB839334A82-SegmentedRaftLog:OPENED:c-1:lastnull, conf=conf: {index: -1, cur=peers:[]|listeners:[], old=null} STARTING] size=2
  s0:  RUNNING [
   FOLLOWER s0@group-4CF2EC507520:t1, leader=s7, voted=null, raftlog=Memoized:s0@group-4CF2EC507520-SegmentedRaftLog:OPENED:c123:last(t:1, i:124), conf=conf: {index: 123, cur=peers:[s7|, s8|, s9|, s0|, s1|]|listeners:[], old=null} STARTING
   FOLLOWER s0@group-6AB839334A82:t0, leader=null, voted=, raftlog=Memoized:s0@group-6AB839334A82-SegmentedRaftLog:OPENED:c-1:lastnull, conf=conf: {index: -1, cur=peers:[]|listeners:[], old=null} STARTING] size=2
  s1:  RUNNING [
   FOLLOWER s1@group-4CF2EC507520:t1, leader=s7, voted=null, raftlog=Memoized:s1@group-4CF2EC507520-SegmentedRaftLog:OPENED:c123:last(t:1, i:124), conf=conf: {index: 123, cur=peers:[s7|, s8|, s9|, s0|, s1|]|listeners:[], old=null} STARTING
   FOLLOWER s1@group-6AB839334A82:t0, leader=null, voted=, raftlog=Memoized:s1@group-6AB839334A82-SegmentedRaftLog:OPENED:c-1:lastnull, conf=conf: {index: -1, cur=peers:[]|listeners:[], old=null} STARTING] size=2
  s2:  RUNNING [
   FOLLOWER s2@group-4CF2EC507520:t0, leader=null, voted=, raftlog=Memoized:s2@group-4CF2EC507520-SegmentedRaftLog:OPENED:c-1:lastnull, conf=conf: {index: -1, cur=peers:[]|listeners:[], old=null} STARTING
   FOLLOWER s2@group-6AB839334A82:t0, leader=null, voted=, raftlog=Memoized:s2@group-6AB839334A82-SegmentedRaftLog:OPENED:c-1:lastnull, conf=conf: {index: -1, cur=peers:[]|listeners:[], old=null} STARTING] size=2
2024-12-25 19:07:57,078 INFO  server.RaftServer$Division (RaftServerImpl.java:setConfigurationAsync(1348)) - s0@group-4CF2EC507520: receive setConfiguration SetConfigurationRequest:client-9E894F3AA110->s0@group-4CF2EC507520, cid=2065, seq=null, RW, null, SET_UNCONDITIONALLY, servers:[s11, s10, s7, s13, s8, s12, s9, s0, s1], listeners:[]
2024-12-25 19:07:57,179 INFO  server.RaftServer$Division (RaftServerImpl.java:setConfigurationAsync(1348)) - s8@group-4CF2EC507520: receive setConfiguration SetConfigurationRequest:client-9E894F3AA110->s8@group-4CF2EC507520, cid=2065, seq=null, RW, null, SET_UNCONDITIONALLY, servers:[s11, s10, s7, s13, s8, s12, s9, s0, s1], listeners:[]
2024-12-25 19:07:57,279 INFO  server.RaftServer$Division (RaftServerImpl.java:setConfigurationAsync(1348)) - s7@group-4CF2EC507520: receive setConfiguration SetConfigurationRequest:client-9E894F3AA110->s7@group-4CF2EC507520, cid=2065, seq=null, RW, null, SET_UNCONDITIONALLY, servers:[s11, s10, s7, s13, s8, s12, s9, s0, s1], listeners:[]
2024-12-25 19:07:57,380 INFO  server.RaftServer$Division (RaftServerImpl.java:setConfigurationAsync(1348)) - s0@group-4CF2EC507520: receive setConfiguration SetConfigurationRequest:client-9E894F3AA110->s0@group-4CF2EC507520, cid=2065, seq=null, RW, null, SET_UNCONDITIONALLY, servers:[s11, s10, s7, s13, s8, s12, s9, s0, s1], listeners:[]
2024-12-25 19:07:57,480 INFO  server.RaftServer$Division (RaftServerImpl.java:setConfigurationAsync(1348)) - s9@group-4CF2EC507520: receive setConfiguration SetConfigurationRequest:client-9E894F3AA110->s9@group-4CF2EC507520, cid=2065, seq=null, RW, null, SET_UNCONDITIONALLY, servers:[s11, s10, s7, s13, s8, s12, s9, s0, s1], listeners:[]
2024-12-25 19:07:57,580 INFO  server.RaftServer$Division (RaftServerImpl.java:setConfigurationAsync(1348)) - s7@group-4CF2EC507520: receive setConfiguration SetConfigurationRequest:client-9E894F3AA110->s7@group-4CF2EC507520, cid=2065, seq=null, RW, null, SET_UNCONDITIONALLY, servers:[s11, s10, s7, s13, s8, s12, s9, s0, s1], listeners:[]
2024-12-25 19:07:57,681 INFO  server.RaftServer$Division (RaftServerImpl.java:setConfigurationAsync(1348)) - s9@group-4CF2EC507520: receive setConfiguration SetConfigurationRequest:client-9E894F3AA110->s9@group-4CF2EC507520, cid=2065, seq=null, RW, null, SET_UNCONDITIONALLY, servers:[s11, s10, s7, s13, s8, s12, s9, s0, s1], listeners:[]
2024-12-25 19:07:57,781 INFO  server.RaftServer$Division (RaftServerImpl.java:setConfigurationAsync(1348)) - s7@group-4CF2EC507520: receive setConfiguration SetConfigurationRequest:client-9E894F3AA110->s7@group-4CF2EC507520, cid=2065, seq=null, RW, null, SET_UNCONDITIONALLY, servers:[s11, s10, s7, s13, s8, s12, s9, s0, s1], listeners:[]
2024-12-25 19:07:57,881 INFO  server.RaftServer$Division (RaftServerImpl.java:setConfigurationAsync(1348)) - s8@group-4CF2EC507520: receive setConfiguration SetConfigurationRequest:client-9E894F3AA110->s8@group-4CF2EC507520, cid=2065, seq=null, RW, null, SET_UNCONDITIONALLY, servers:[s11, s10, s7, s13, s8, s12, s9, s0, s1], listeners:[]
2024-12-25 19:07:57,982 INFO  server.RaftServer$Division (RaftServerImpl.java:setConfigurationAsync(1348)) - s7@group-4CF2EC507520: receive setConfiguration SetConfigurationRequest:client-9E894F3AA110->s7@group-4CF2EC507520, cid=2065, seq=null, RW, null, SET_UNCONDITIONALLY, servers:[s11, s10, s7, s13, s8, s12, s9, s0, s1], listeners:[]
2024-12-25 19:07:58,082 INFO  server.RaftServer$Division (RaftServerImpl.java:setConfigurationAsync(1348)) - s9@group-4CF2EC507520: receive setConfiguration SetConfigurationRequest:client-9E894F3AA110->s9@group-4CF2EC507520, cid=2065, seq=null, RW, null, SET_UNCONDITIONALLY, servers:[s11, s10, s7, s13, s8, s12, s9, s0, s1], listeners:[]
2024-12-25 19:07:58,182 INFO  server.RaftServer$Division (RaftServerImpl.java:setConfigurationAsync(1348)) - s7@group-4CF2EC507520: receive setConfiguration SetConfigurationRequest:client-9E894F3AA110->s7@group-4CF2EC507520, cid=2065, seq=null, RW, null, SET_UNCONDITIONALLY, servers:[s11, s10, s7, s13, s8, s12, s9, s0, s1], listeners:[]
2024-12-25 19:07:58,283 INFO  server.RaftServer$Division (RaftServerImpl.java:setConfigurationAsync(1348)) - s9@group-4CF2EC507520: receive setConfiguration SetConfigurationRequest:client-9E894F3AA110->s9@group-4CF2EC507520, cid=2065, seq=null, RW, null, SET_UNCONDITIONALLY, servers:[s11, s10, s7, s13, s8, s12, s9, s0, s1], listeners:[]
2024-12-25 19:07:58,383 INFO  server.RaftServer$Division (RaftServerImpl.java:setConfigurationAsync(1348)) - s7@group-4CF2EC507520: receive setConfiguration SetConfigurationRequest:client-9E894F3AA110->s7@group-4CF2EC507520, cid=2065, seq=null, RW, null, SET_UNCONDITIONALLY, servers:[s11, s10, s7, s13, s8, s12, s9, s0, s1], listeners:[]
2024-12-25 19:07:58,483 INFO  server.RaftServer$Division (RaftServerImpl.java:setConfigurationAsync(1348)) - s8@group-4CF2EC507520: receive setConfiguration SetConfigurationRequest:client-9E894F3AA110->s8@group-4CF2EC507520, cid=2065, seq=null, RW, null, SET_UNCONDITIONALLY, servers:[s11, s10, s7, s13, s8, s12, s9, s0, s1], listeners:[]
2024-12-25 19:07:58,584 INFO  server.RaftServer$Division (RaftServerImpl.java:setConfigurationAsync(1348)) - s7@group-4CF2EC507520: receive setConfiguration SetConfigurationRequest:client-9E894F3AA110->s7@group-4CF2EC507520, cid=2065, seq=null, RW, null, SET_UNCONDITIONALLY, servers:[s11, s10, s7, s13, s8, s12, s9, s0, s1], listeners:[]
2024-12-25 19:07:58,684 INFO  server.RaftServer$Division (RaftServerImpl.java:setConfigurationAsync(1348)) - s1@group-4CF2EC507520: receive setConfiguration SetConfigurationRequest:client-9E894F3AA110->s1@group-4CF2EC507520, cid=2065, seq=null, RW, null, SET_UNCONDITIONALLY, servers:[s11, s10, s7, s13, s8, s12, s9, s0, s1], listeners:[]
2024-12-25 19:07:58,784 INFO  server.RaftServer$Division (RaftServerImpl.java:setConfigurationAsync(1348)) - s8@group-4CF2EC507520: receive setConfiguration SetConfigurationRequest:client-9E894F3AA110->s8@group-4CF2EC507520, cid=2065, seq=null, RW, null, SET_UNCONDITIONALLY, servers:[s11, s10, s7, s13, s8, s12, s9, s0, s1], listeners:[]
2024-12-25 19:07:58,884 INFO  server.RaftServer$Division (RaftServerImpl.java:setConfigurationAsync(1348)) - s7@group-4CF2EC507520: receive setConfiguration SetConfigurationRequest:client-9E894F3AA110->s7@group-4CF2EC507520, cid=2065, seq=null, RW, null, SET_UNCONDITIONALLY, servers:[s11, s10, s7, s13, s8, s12, s9, s0, s1], listeners:[]
2024-12-25 19:07:58,985 INFO  server.RaftServer$Division (RaftServerImpl.java:setConfigurationAsync(1348)) - s9@group-4CF2EC507520: receive setConfiguration SetConfigurationRequest:client-9E894F3AA110->s9@group-4CF2EC507520, cid=2065, seq=null, RW, null, SET_UNCONDITIONALLY, servers:[s11, s10, s7, s13, s8, s12, s9, s0, s1], listeners:[]
2024-12-25 19:07:59,085 INFO  server.RaftServer$Division (RaftServerImpl.java:setConfigurationAsync(1348)) - s7@group-4CF2EC507520: receive setConfiguration SetConfigurationRequest:client-9E894F3AA110->s7@group-4CF2EC507520, cid=2065, seq=null, RW, null, SET_UNCONDITIONALLY, servers:[s11, s10, s7, s13, s8, s12, s9, s0, s1], listeners:[]
2024-12-25 19:07:59,186 INFO  server.RaftServer$Division (RaftServerImpl.java:setConfigurationAsync(1348)) - s8@group-4CF2EC507520: receive setConfiguration SetConfigurationRequest:client-9E894F3AA110->s8@group-4CF2EC507520, cid=2065, seq=null, RW, null, SET_UNCONDITIONALLY, servers:[s11, s10, s7, s13, s8, s12, s9, s0, s1], listeners:[]
2024-12-25 19:07:59,286 INFO  server.RaftServer$Division (RaftServerImpl.java:setConfigurationAsync(1348)) - s7@group-4CF2EC507520: receive setConfiguration SetConfigurationRequest:client-9E894F3AA110->s7@group-4CF2EC507520, cid=2065, seq=null, RW, null, SET_UNCONDITIONALLY, servers:[s11, s10, s7, s13, s8, s12, s9, s0, s1], listeners:[]
2024-12-25 19:07:59,386 INFO  server.RaftServer$Division (RaftServerImpl.java:setConfigurationAsync(1348)) - s9@group-4CF2EC507520: receive setConfiguration SetConfigurationRequest:client-9E894F3AA110->s9@group-4CF2EC507520, cid=2065, seq=null, RW, null, SET_UNCONDITIONALLY, servers:[s11, s10, s7, s13, s8, s12, s9, s0, s1], listeners:[]
2024-12-25 19:07:59,486 INFO  server.RaftServer$Division (RaftServerImpl.java:setConfigurationAsync(1348)) - s7@group-4CF2EC507520: receive setConfiguration SetConfigurationRequest:client-9E894F3AA110->s7@group-4CF2EC507520, cid=2065, seq=null, RW, null, SET_UNCONDITIONALLY, servers:[s11, s10, s7, s13, s8, s12, s9, s0, s1], listeners:[]
2024-12-25 19:07:59,587 INFO  server.RaftServer$Division (RaftServerImpl.java:setConfigurationAsync(1348)) - s0@group-4CF2EC507520: receive setConfiguration SetConfigurationRequest:client-9E894F3AA110->s0@group-4CF2EC507520, cid=2065, seq=null, RW, null, SET_UNCONDITIONALLY, servers:[s11, s10, s7, s13, s8, s12, s9, s0, s1], listeners:[]
2024-12-25 19:07:59,687 INFO  server.RaftServer$Division (RaftServerImpl.java:setConfigurationAsync(1348)) - s9@group-4CF2EC507520: receive setConfiguration SetConfigurationRequest:client-9E894F3AA110->s9@group-4CF2EC507520, cid=2065, seq=null, RW, null, SET_UNCONDITIONALLY, servers:[s11, s10, s7, s13, s8, s12, s9, s0, s1], listeners:[]
2024-12-25 19:07:59,787 INFO  server.RaftServer$Division (RaftServerImpl.java:setConfigurationAsync(1348)) - s7@group-4CF2EC507520: receive setConfiguration SetConfigurationRequest:client-9E894F3AA110->s7@group-4CF2EC507520, cid=2065, seq=null, RW, null, SET_UNCONDITIONALLY, servers:[s11, s10, s7, s13, s8, s12, s9, s0, s1], listeners:[]
2024-12-25 19:07:59,888 INFO  server.RaftServer$Division (RaftServerImpl.java:setConfigurationAsync(1348)) - s1@group-4CF2EC507520: receive setConfiguration SetConfigurationRequest:client-9E894F3AA110->s1@group-4CF2EC507520, cid=2065, seq=null, RW, null, SET_UNCONDITIONALLY, servers:[s11, s10, s7, s13, s8, s12, s9, s0, s1], listeners:[]
2024-12-25 19:07:59,988 INFO  server.RaftServer$Division (RaftServerImpl.java:setConfigurationAsync(1348)) - s9@group-4CF2EC507520: receive setConfiguration SetConfigurationRequest:client-9E894F3AA110->s9@group-4CF2EC507520, cid=2065, seq=null, RW, null, SET_UNCONDITIONALLY, servers:[s11, s10, s7, s13, s8, s12, s9, s0, s1], listeners:[]
2024-12-25 19:08:00,088 INFO  server.RaftServer$Division (RaftServerImpl.java:setConfigurationAsync(1348)) - s7@group-4CF2EC507520: receive setConfiguration SetConfigurationRequest:client-9E894F3AA110->s7@group-4CF2EC507520, cid=2065, seq=null, RW, null, SET_UNCONDITIONALLY, servers:[s11, s10, s7, s13, s8, s12, s9, s0, s1], listeners:[]
2024-12-25 19:08:00,189 INFO  server.RaftServer$Division (RaftServerImpl.java:setConfigurationAsync(1348)) - s9@group-4CF2EC507520: receive setConfiguration SetConfigurationRequest:client-9E894F3AA110->s9@group-4CF2EC507520, cid=2065, seq=null, RW, null, SET_UNCONDITIONALLY, servers:[s11, s10, s7, s13, s8, s12, s9, s0, s1], listeners:[]
2024-12-25 19:08:00,289 INFO  server.RaftServer$Division (RaftServerImpl.java:setConfigurationAsync(1348)) - s7@group-4CF2EC507520: receive setConfiguration SetConfigurationRequest:client-9E894F3AA110->s7@group-4CF2EC507520, cid=2065, seq=null, RW, null, SET_UNCONDITIONALLY, servers:[s11, s10, s7, s13, s8, s12, s9, s0, s1], listeners:[]
2024-12-25 19:08:00,389 INFO  server.RaftServer$Division (RaftServerImpl.java:setConfigurationAsync(1348)) - s8@group-4CF2EC507520: receive setConfiguration SetConfigurationRequest:client-9E894F3AA110->s8@group-4CF2EC507520, cid=2065, seq=null, RW, null, SET_UNCONDITIONALLY, servers:[s11, s10, s7, s13, s8, s12, s9, s0, s1], listeners:[]
2024-12-25 19:08:00,490 INFO  server.RaftServer$Division (RaftServerImpl.java:setConfigurationAsync(1348)) - s7@group-4CF2EC507520: receive setConfiguration SetConfigurationRequest:client-9E894F3AA110->s7@group-4CF2EC507520, cid=2065, seq=null, RW, null, SET_UNCONDITIONALLY, servers:[s11, s10, s7, s13, s8, s12, s9, s0, s1], listeners:[]
2024-12-25 19:08:00,590 INFO  server.RaftServer$Division (RaftServerImpl.java:setConfigurationAsync(1348)) - s1@group-4CF2EC507520: receive setConfiguration SetConfigurationRequest:client-9E894F3AA110->s1@group-4CF2EC507520, cid=2065, seq=null, RW, null, SET_UNCONDITIONALLY, servers:[s11, s10, s7, s13, s8, s12, s9, s0, s1], listeners:[]
2024-12-25 19:08:00,690 INFO  server.RaftServer$Division (RaftServerImpl.java:setConfigurationAsync(1348)) - s7@group-4CF2EC507520: receive setConfiguration SetConfigurationRequest:client-9E894F3AA110->s7@group-4CF2EC507520, cid=2065, seq=null, RW, null, SET_UNCONDITIONALLY, servers:[s11, s10, s7, s13, s8, s12, s9, s0, s1], listeners:[]
2024-12-25 19:08:00,791 INFO  server.RaftServer$Division (RaftServerImpl.java:setConfigurationAsync(1348)) - s0@group-4CF2EC507520: receive setConfiguration SetConfigurationRequest:client-9E894F3AA110->s0@group-4CF2EC507520, cid=2065, seq=null, RW, null, SET_UNCONDITIONALLY, servers:[s11, s10, s7, s13, s8, s12, s9, s0, s1], listeners:[]
2024-12-25 19:08:00,891 INFO  server.RaftServer$Division (RaftServerImpl.java:setConfigurationAsync(1348)) - s7@group-4CF2EC507520: receive setConfiguration SetConfigurationRequest:client-9E894F3AA110->s7@group-4CF2EC507520, cid=2065, seq=null, RW, null, SET_UNCONDITIONALLY, servers:[s11, s10, s7, s13, s8, s12, s9, s0, s1], listeners:[]
2024-12-25 19:08:00,991 INFO  server.RaftServer$Division (RaftServerImpl.java:setConfigurationAsync(1348)) - s0@group-4CF2EC507520: receive setConfiguration SetConfigurationRequest:client-9E894F3AA110->s0@group-4CF2EC507520, cid=2065, seq=null, RW, null, SET_UNCONDITIONALLY, servers:[s11, s10, s7, s13, s8, s12, s9, s0, s1], listeners:[]
2024-12-25 19:08:01,092 INFO  server.RaftServer$Division (RaftServerImpl.java:setConfigurationAsync(1348)) - s1@group-4CF2EC507520: receive setConfiguration SetConfigurationRequest:client-9E894F3AA110->s1@group-4CF2EC507520, cid=2065, seq=null, RW, null, SET_UNCONDITIONALLY, servers:[s11, s10, s7, s13, s8, s12, s9, s0, s1], listeners:[]
2024-12-25 19:08:01,192 INFO  server.RaftServer$Division (RaftServerImpl.java:setConfigurationAsync(1348)) - s7@group-4CF2EC507520: receive setConfiguration SetConfigurationRequest:client-9E894F3AA110->s7@group-4CF2EC507520, cid=2065, seq=null, RW, null, SET_UNCONDITIONALLY, servers:[s11, s10, s7, s13, s8, s12, s9, s0, s1], listeners:[]
2024-12-25 19:08:01,292 INFO  server.RaftServer$Division (RaftServerImpl.java:setConfigurationAsync(1348)) - s9@group-4CF2EC507520: receive setConfiguration SetConfigurationRequest:client-9E894F3AA110->s9@group-4CF2EC507520, cid=2065, seq=null, RW, null, SET_UNCONDITIONALLY, servers:[s11, s10, s7, s13, s8, s12, s9, s0, s1], listeners:[]
2024-12-25 19:08:01,393 INFO  server.RaftServer$Division (RaftServerImpl.java:setConfigurationAsync(1348)) - s7@group-4CF2EC507520: receive setConfiguration SetConfigurationRequest:client-9E894F3AA110->s7@group-4CF2EC507520, cid=2065, seq=null, RW, null, SET_UNCONDITIONALLY, servers:[s11, s10, s7, s13, s8, s12, s9, s0, s1], listeners:[]
2024-12-25 19:08:01,493 INFO  server.RaftServer$Division (RaftServerImpl.java:setConfigurationAsync(1348)) - s0@group-4CF2EC507520: receive setConfiguration SetConfigurationRequest:client-9E894F3AA110->s0@group-4CF2EC507520, cid=2065, seq=null, RW, null, SET_UNCONDITIONALLY, servers:[s11, s10, s7, s13, s8, s12, s9, s0, s1], listeners:[]
2024-12-25 19:08:01,593 INFO  server.RaftServer$Division (RaftServerImpl.java:setConfigurationAsync(1348)) - s7@group-4CF2EC507520: receive setConfiguration SetConfigurationRequest:client-9E894F3AA110->s7@group-4CF2EC507520, cid=2065, seq=null, RW, null, SET_UNCONDITIONALLY, servers:[s11, s10, s7, s13, s8, s12, s9, s0, s1], listeners:[]
2024-12-25 19:08:01,694 INFO  server.RaftServer$Division (RaftServerImpl.java:setConfigurationAsync(1348)) - s9@group-4CF2EC507520: receive setConfiguration SetConfigurationRequest:client-9E894F3AA110->s9@group-4CF2EC507520, cid=2065, seq=null, RW, null, SET_UNCONDITIONALLY, servers:[s11, s10, s7, s13, s8, s12, s9, s0, s1], listeners:[]
2024-12-25 19:08:01,794 INFO  server.RaftServer$Division (RaftServerImpl.java:setConfigurationAsync(1348)) - s7@group-4CF2EC507520: receive setConfiguration SetConfigurationRequest:client-9E894F3AA110->s7@group-4CF2EC507520, cid=2065, seq=null, RW, null, SET_UNCONDITIONALLY, servers:[s11, s10, s7, s13, s8, s12, s9, s0, s1], listeners:[]
2024-12-25 19:08:01,894 INFO  server.RaftServer$Division (RaftServerImpl.java:setConfigurationAsync(1348)) - s0@group-4CF2EC507520: receive setConfiguration SetConfigurationRequest:client-9E894F3AA110->s0@group-4CF2EC507520, cid=2065, seq=null, RW, null, SET_UNCONDITIONALLY, servers:[s11, s10, s7, s13, s8, s12, s9, s0, s1], listeners:[]
2024-12-25 19:08:01,994 INFO  server.RaftServer$Division (RaftServerImpl.java:setConfigurationAsync(1348)) - s7@group-4CF2EC507520: receive setConfiguration SetConfigurationRequest:client-9E894F3AA110->s7@group-4CF2EC507520, cid=2065, seq=null, RW, null, SET_UNCONDITIONALLY, servers:[s11, s10, s7, s13, s8, s12, s9, s0, s1], listeners:[]
2024-12-25 19:08:02,095 INFO  server.RaftServer$Division (RaftServerImpl.java:setConfigurationAsync(1348)) - s8@group-4CF2EC507520: receive setConfiguration SetConfigurationRequest:client-9E894F3AA110->s8@group-4CF2EC507520, cid=2065, seq=null, RW, null, SET_UNCONDITIONALLY, servers:[s11, s10, s7, s13, s8, s12, s9, s0, s1], listeners:[]
2024-12-25 19:08:02,195 INFO  server.RaftServer$Division (RaftServerImpl.java:setConfigurationAsync(1348)) - s7@group-4CF2EC507520: receive setConfiguration SetConfigurationRequest:client-9E894F3AA110->s7@group-4CF2EC507520, cid=2065, seq=null, RW, null, SET_UNCONDITIONALLY, servers:[s11, s10, s7, s13, s8, s12, s9, s0, s1], listeners:[]
2024-12-25 19:08:02,295 INFO  server.RaftServer$Division (RaftServerImpl.java:setConfigurationAsync(1348)) - s1@group-4CF2EC507520: receive setConfiguration SetConfigurationRequest:client-9E894F3AA110->s1@group-4CF2EC507520, cid=2065, seq=null, RW, null, SET_UNCONDITIONALLY, servers:[s11, s10, s7, s13, s8, s12, s9, s0, s1], listeners:[]
2024-12-25 19:08:02,396 INFO  server.RaftServer$Division (RaftServerImpl.java:setConfigurationAsync(1348)) - s7@group-4CF2EC507520: receive setConfiguration SetConfigurationRequest:client-9E894F3AA110->s7@group-4CF2EC507520, cid=2065, seq=null, RW, null, SET_UNCONDITIONALLY, servers:[s11, s10, s7, s13, s8, s12, s9, s0, s1], listeners:[]
2024-12-25 19:08:02,496 INFO  server.RaftServer$Division (RaftServerImpl.java:setConfigurationAsync(1348)) - s9@group-4CF2EC507520: receive setConfiguration SetConfigurationRequest:client-9E894F3AA110->s9@group-4CF2EC507520, cid=2065, seq=null, RW, null, SET_UNCONDITIONALLY, servers:[s11, s10, s7, s13, s8, s12, s9, s0, s1], listeners:[]
2024-12-25 19:08:02,596 INFO  server.RaftServer$Division (RaftServerImpl.java:setConfigurationAsync(1348)) - s7@group-4CF2EC507520: receive setConfiguration SetConfigurationRequest:client-9E894F3AA110->s7@group-4CF2EC507520, cid=2065, seq=null, RW, null, SET_UNCONDITIONALLY, servers:[s11, s10, s7, s13, s8, s12, s9, s0, s1], listeners:[]
2024-12-25 19:08:02,697 INFO  server.RaftServer$Division (RaftServerImpl.java:setConfigurationAsync(1348)) - s9@group-4CF2EC507520: receive setConfiguration SetConfigurationRequest:client-9E894F3AA110->s9@group-4CF2EC507520, cid=2065, seq=null, RW, null, SET_UNCONDITIONALLY, servers:[s11, s10, s7, s13, s8, s12, s9, s0, s1], listeners:[]
2024-12-25 19:08:02,797 INFO  server.RaftServer$Division (RaftServerImpl.java:setConfigurationAsync(1348)) - s7@group-4CF2EC507520: receive setConfiguration SetConfigurationRequest:client-9E894F3AA110->s7@group-4CF2EC507520, cid=2065, seq=null, RW, null, SET_UNCONDITIONALLY, servers:[s11, s10, s7, s13, s8, s12, s9, s0, s1], listeners:[]
2024-12-25 19:08:02,897 INFO  server.RaftServer$Division (RaftServerImpl.java:setConfigurationAsync(1348)) - s0@group-4CF2EC507520: receive setConfiguration SetConfigurationRequest:client-9E894F3AA110->s0@group-4CF2EC507520, cid=2065, seq=null, RW, null, SET_UNCONDITIONALLY, servers:[s11, s10, s7, s13, s8, s12, s9, s0, s1], listeners:[]
2024-12-25 19:08:02,997 INFO  server.RaftServer$Division (RaftServerImpl.java:setConfigurationAsync(1348)) - s7@group-4CF2EC507520: receive setConfiguration SetConfigurationRequest:client-9E894F3AA110->s7@group-4CF2EC507520, cid=2065, seq=null, RW, null, SET_UNCONDITIONALLY, servers:[s11, s10, s7, s13, s8, s12, s9, s0, s1], listeners:[]
2024-12-25 19:08:03,098 INFO  server.RaftServer$Division (RaftServerImpl.java:setConfigurationAsync(1348)) - s8@group-4CF2EC507520: receive setConfiguration SetConfigurationRequest:client-9E894F3AA110->s8@group-4CF2EC507520, cid=2065, seq=null, RW, null, SET_UNCONDITIONALLY, servers:[s11, s10, s7, s13, s8, s12, s9, s0, s1], listeners:[]
2024-12-25 19:08:03,198 INFO  server.RaftServer$Division (RaftServerImpl.java:setConfigurationAsync(1348)) - s7@group-4CF2EC507520: receive setConfiguration SetConfigurationRequest:client-9E894F3AA110->s7@group-4CF2EC507520, cid=2065, seq=null, RW, null, SET_UNCONDITIONALLY, servers:[s11, s10, s7, s13, s8, s12, s9, s0, s1], listeners:[]
2024-12-25 19:08:03,298 INFO  server.RaftServer$Division (RaftServerImpl.java:setConfigurationAsync(1348)) - s9@group-4CF2EC507520: receive setConfiguration SetConfigurationRequest:client-9E894F3AA110->s9@group-4CF2EC507520, cid=2065, seq=null, RW, null, SET_UNCONDITIONALLY, servers:[s11, s10, s7, s13, s8, s12, s9, s0, s1], listeners:[]
2024-12-25 19:08:03,399 INFO  server.RaftServer$Division (RaftServerImpl.java:setConfigurationAsync(1348)) - s7@group-4CF2EC507520: receive setConfiguration SetConfigurationRequest:client-9E894F3AA110->s7@group-4CF2EC507520, cid=2065, seq=null, RW, null, SET_UNCONDITIONALLY, servers:[s11, s10, s7, s13, s8, s12, s9, s0, s1], listeners:[]
2024-12-25 19:08:03,499 INFO  server.RaftServer$Division (RaftServerImpl.java:setConfigurationAsync(1348)) - s8@group-4CF2EC507520: receive setConfiguration SetConfigurationRequest:client-9E894F3AA110->s8@group-4CF2EC507520, cid=2065, seq=null, RW, null, SET_UNCONDITIONALLY, servers:[s11, s10, s7, s13, s8, s12, s9, s0, s1], listeners:[]
2024-12-25 19:08:03,599 INFO  server.RaftServer$Division (RaftServerImpl.java:setConfigurationAsync(1348)) - s7@group-4CF2EC507520: receive setConfiguration SetConfigurationRequest:client-9E894F3AA110->s7@group-4CF2EC507520, cid=2065, seq=null, RW, null, SET_UNCONDITIONALLY, servers:[s11, s10, s7, s13, s8, s12, s9, s0, s1], listeners:[]
2024-12-25 19:08:03,700 INFO  server.RaftServer$Division (RaftServerImpl.java:setConfigurationAsync(1348)) - s1@group-4CF2EC507520: receive setConfiguration SetConfigurationRequest:client-9E894F3AA110->s1@group-4CF2EC507520, cid=2065, seq=null, RW, null, SET_UNCONDITIONALLY, servers:[s11, s10, s7, s13, s8, s12, s9, s0, s1], listeners:[]
2024-12-25 19:08:03,800 INFO  server.RaftServer$Division (RaftServerImpl.java:setConfigurationAsync(1348)) - s9@group-4CF2EC507520: receive setConfiguration SetConfigurationRequest:client-9E894F3AA110->s9@group-4CF2EC507520, cid=2065, seq=null, RW, null, SET_UNCONDITIONALLY, servers:[s11, s10, s7, s13, s8, s12, s9, s0, s1], listeners:[]
2024-12-25 19:08:03,900 INFO  server.RaftServer$Division (RaftServerImpl.java:setConfigurationAsync(1348)) - s7@group-4CF2EC507520: receive setConfiguration SetConfigurationRequest:client-9E894F3AA110->s7@group-4CF2EC507520, cid=2065, seq=null, RW, null, SET_UNCONDITIONALLY, servers:[s11, s10, s7, s13, s8, s12, s9, s0, s1], listeners:[]
2024-12-25 19:08:04,000 INFO  server.RaftServer$Division (RaftServerImpl.java:setConfigurationAsync(1348)) - s9@group-4CF2EC507520: receive setConfiguration SetConfigurationRequest:client-9E894F3AA110->s9@group-4CF2EC507520, cid=2065, seq=null, RW, null, SET_UNCONDITIONALLY, servers:[s11, s10, s7, s13, s8, s12, s9, s0, s1], listeners:[]
2024-12-25 19:08:04,101 INFO  server.RaftServer$Division (RaftServerImpl.java:setConfigurationAsync(1348)) - s7@group-4CF2EC507520: receive setConfiguration SetConfigurationRequest:client-9E894F3AA110->s7@group-4CF2EC507520, cid=2065, seq=null, RW, null, SET_UNCONDITIONALLY, servers:[s11, s10, s7, s13, s8, s12, s9, s0, s1], listeners:[]
2024-12-25 19:08:04,201 INFO  server.RaftServer$Division (RaftServerImpl.java:setConfigurationAsync(1348)) - s9@group-4CF2EC507520: receive setConfiguration SetConfigurationRequest:client-9E894F3AA110->s9@group-4CF2EC507520, cid=2065, seq=null, RW, null, SET_UNCONDITIONALLY, servers:[s11, s10, s7, s13, s8, s12, s9, s0, s1], listeners:[]
2024-12-25 19:08:04,301 INFO  server.RaftServer$Division (RaftServerImpl.java:setConfigurationAsync(1348)) - s7@group-4CF2EC507520: receive setConfiguration SetConfigurationRequest:client-9E894F3AA110->s7@group-4CF2EC507520, cid=2065, seq=null, RW, null, SET_UNCONDITIONALLY, servers:[s11, s10, s7, s13, s8, s12, s9, s0, s1], listeners:[]
2024-12-25 19:08:04,402 INFO  server.RaftServer$Division (RaftServerImpl.java:setConfigurationAsync(1348)) - s8@group-4CF2EC507520: receive setConfiguration SetConfigurationRequest:client-9E894F3AA110->s8@group-4CF2EC507520, cid=2065, seq=null, RW, null, SET_UNCONDITIONALLY, servers:[s11, s10, s7, s13, s8, s12, s9, s0, s1], listeners:[]
2024-12-25 19:08:04,502 INFO  server.RaftServer$Division (RaftServerImpl.java:setConfigurationAsync(1348)) - s7@group-4CF2EC507520: receive setConfiguration SetConfigurationRequest:client-9E894F3AA110->s7@group-4CF2EC507520, cid=2065, seq=null, RW, null, SET_UNCONDITIONALLY, servers:[s11, s10, s7, s13, s8, s12, s9, s0, s1], listeners:[]
2024-12-25 19:08:04,602 INFO  server.RaftServer$Division (RaftServerImpl.java:setConfigurationAsync(1348)) - s8@group-4CF2EC507520: receive setConfiguration SetConfigurationRequest:client-9E894F3AA110->s8@group-4CF2EC507520, cid=2065, seq=null, RW, null, SET_UNCONDITIONALLY, servers:[s11, s10, s7, s13, s8, s12, s9, s0, s1], listeners:[]
2024-12-25 19:08:04,702 INFO  server.RaftServer$Division (RaftServerImpl.java:setConfigurationAsync(1348)) - s7@group-4CF2EC507520: receive setConfiguration SetConfigurationRequest:client-9E894F3AA110->s7@group-4CF2EC507520, cid=2065, seq=null, RW, null, SET_UNCONDITIONALLY, servers:[s11, s10, s7, s13, s8, s12, s9, s0, s1], listeners:[]
2024-12-25 19:08:04,803 INFO  server.RaftServer$Division (RaftServerImpl.java:setConfigurationAsync(1348)) - s8@group-4CF2EC507520: receive setConfiguration SetConfigurationRequest:client-9E894F3AA110->s8@group-4CF2EC507520, cid=2065, seq=null, RW, null, SET_UNCONDITIONALLY, servers:[s11, s10, s7, s13, s8, s12, s9, s0, s1], listeners:[]
2024-12-25 19:08:04,903 INFO  server.RaftServer$Division (RaftServerImpl.java:setConfigurationAsync(1348)) - s7@group-4CF2EC507520: receive setConfiguration SetConfigurationRequest:client-9E894F3AA110->s7@group-4CF2EC507520, cid=2065, seq=null, RW, null, SET_UNCONDITIONALLY, servers:[s11, s10, s7, s13, s8, s12, s9, s0, s1], listeners:[]
2024-12-25 19:08:05,003 INFO  server.RaftServer$Division (RaftServerImpl.java:setConfigurationAsync(1348)) - s9@group-4CF2EC507520: receive setConfiguration SetConfigurationRequest:client-9E894F3AA110->s9@group-4CF2EC507520, cid=2065, seq=null, RW, null, SET_UNCONDITIONALLY, servers:[s11, s10, s7, s13, s8, s12, s9, s0, s1], listeners:[]
2024-12-25 19:08:05,104 INFO  server.RaftServer$Division (RaftServerImpl.java:setConfigurationAsync(1348)) - s7@group-4CF2EC507520: receive setConfiguration SetConfigurationRequest:client-9E894F3AA110->s7@group-4CF2EC507520, cid=2065, seq=null, RW, null, SET_UNCONDITIONALLY, servers:[s11, s10, s7, s13, s8, s12, s9, s0, s1], listeners:[]
2024-12-25 19:08:05,204 INFO  server.RaftServer$Division (RaftServerImpl.java:setConfigurationAsync(1348)) - s1@group-4CF2EC507520: receive setConfiguration SetConfigurationRequest:client-9E894F3AA110->s1@group-4CF2EC507520, cid=2065, seq=null, RW, null, SET_UNCONDITIONALLY, servers:[s11, s10, s7, s13, s8, s12, s9, s0, s1], listeners:[]
2024-12-25 19:08:05,304 INFO  server.RaftServer$Division (RaftServerImpl.java:setConfigurationAsync(1348)) - s0@group-4CF2EC507520: receive setConfiguration SetConfigurationRequest:client-9E894F3AA110->s0@group-4CF2EC507520, cid=2065, seq=null, RW, null, SET_UNCONDITIONALLY, servers:[s11, s10, s7, s13, s8, s12, s9, s0, s1], listeners:[]
2024-12-25 19:08:05,405 INFO  server.RaftServer$Division (RaftServerImpl.java:setConfigurationAsync(1348)) - s9@group-4CF2EC507520: receive setConfiguration SetConfigurationRequest:client-9E894F3AA110->s9@group-4CF2EC507520, cid=2065, seq=null, RW, null, SET_UNCONDITIONALLY, servers:[s11, s10, s7, s13, s8, s12, s9, s0, s1], listeners:[]
2024-12-25 19:08:05,505 INFO  server.RaftServer$Division (RaftServerImpl.java:setConfigurationAsync(1348)) - s7@group-4CF2EC507520: receive setConfiguration SetConfigurationRequest:client-9E894F3AA110->s7@group-4CF2EC507520, cid=2065, seq=null, RW, null, SET_UNCONDITIONALLY, servers:[s11, s10, s7, s13, s8, s12, s9, s0, s1], listeners:[]
2024-12-25 19:08:05,605 INFO  server.RaftServer$Division (RaftServerImpl.java:setConfigurationAsync(1348)) - s0@group-4CF2EC507520: receive setConfiguration SetConfigurationRequest:client-9E894F3AA110->s0@group-4CF2EC507520, cid=2065, seq=null, RW, null, SET_UNCONDITIONALLY, servers:[s11, s10, s7, s13, s8, s12, s9, s0, s1], listeners:[]
2024-12-25 19:08:05,706 INFO  server.RaftServer$Division (RaftServerImpl.java:setConfigurationAsync(1348)) - s8@group-4CF2EC507520: receive setConfiguration SetConfigurationRequest:client-9E894F3AA110->s8@group-4CF2EC507520, cid=2065, seq=null, RW, null, SET_UNCONDITIONALLY, servers:[s11, s10, s7, s13, s8, s12, s9, s0, s1], listeners:[]
2024-12-25 19:08:05,806 INFO  server.RaftServer$Division (RaftServerImpl.java:setConfigurationAsync(1348)) - s7@group-4CF2EC507520: receive setConfiguration SetConfigurationRequest:client-9E894F3AA110->s7@group-4CF2EC507520, cid=2065, seq=null, RW, null, SET_UNCONDITIONALLY, servers:[s11, s10, s7, s13, s8, s12, s9, s0, s1], listeners:[]
2024-12-25 19:08:05,906 INFO  server.RaftServer$Division (RaftServerImpl.java:setConfigurationAsync(1348)) - s1@group-4CF2EC507520: receive setConfiguration SetConfigurationRequest:client-9E894F3AA110->s1@group-4CF2EC507520, cid=2065, seq=null, RW, null, SET_UNCONDITIONALLY, servers:[s11, s10, s7, s13, s8, s12, s9, s0, s1], listeners:[]
2024-12-25 19:08:06,007 INFO  server.RaftServer$Division (RaftServerImpl.java:setConfigurationAsync(1348)) - s0@group-4CF2EC507520: receive setConfiguration SetConfigurationRequest:client-9E894F3AA110->s0@group-4CF2EC507520, cid=2065, seq=null, RW, null, SET_UNCONDITIONALLY, servers:[s11, s10, s7, s13, s8, s12, s9, s0, s1], listeners:[]
2024-12-25 19:08:06,107 INFO  server.RaftServer$Division (RaftServerImpl.java:setConfigurationAsync(1348)) - s9@group-4CF2EC507520: receive setConfiguration SetConfigurationRequest:client-9E894F3AA110->s9@group-4CF2EC507520, cid=2065, seq=null, RW, null, SET_UNCONDITIONALLY, servers:[s11, s10, s7, s13, s8, s12, s9, s0, s1], listeners:[]
2024-12-25 19:08:06,208 INFO  server.RaftServer$Division (RaftServerImpl.java:setConfigurationAsync(1348)) - s7@group-4CF2EC507520: receive setConfiguration SetConfigurationRequest:client-9E894F3AA110->s7@group-4CF2EC507520, cid=2065, seq=null, RW, null, SET_UNCONDITIONALLY, servers:[s11, s10, s7, s13, s8, s12, s9, s0, s1], listeners:[]
2024-12-25 19:08:06,308 INFO  server.RaftServer$Division (RaftServerImpl.java:setConfigurationAsync(1348)) - s1@group-4CF2EC507520: receive setConfiguration SetConfigurationRequest:client-9E894F3AA110->s1@group-4CF2EC507520, cid=2065, seq=null, RW, null, SET_UNCONDITIONALLY, servers:[s11, s10, s7, s13, s8, s12, s9, s0, s1], listeners:[]
2024-12-25 19:08:06,408 INFO  server.RaftServer$Division (RaftServerImpl.java:setConfigurationAsync(1348)) - s8@group-4CF2EC507520: receive setConfiguration SetConfigurationRequest:client-9E894F3AA110->s8@group-4CF2EC507520, cid=2065, seq=null, RW, null, SET_UNCONDITIONALLY, servers:[s11, s10, s7, s13, s8, s12, s9, s0, s1], listeners:[]
2024-12-25 19:08:06,509 INFO  server.RaftServer$Division (RaftServerImpl.java:setConfigurationAsync(1348)) - s7@group-4CF2EC507520: receive setConfiguration SetConfigurationRequest:client-9E894F3AA110->s7@group-4CF2EC507520, cid=2065, seq=null, RW, null, SET_UNCONDITIONALLY, servers:[s11, s10, s7, s13, s8, s12, s9, s0, s1], listeners:[]
2024-12-25 19:08:06,609 INFO  server.RaftServer$Division (RaftServerImpl.java:setConfigurationAsync(1348)) - s0@group-4CF2EC507520: receive setConfiguration SetConfigurationRequest:client-9E894F3AA110->s0@group-4CF2EC507520, cid=2065, seq=null, RW, null, SET_UNCONDITIONALLY, servers:[s11, s10, s7, s13, s8, s12, s9, s0, s1], listeners:[]
2024-12-25 19:08:06,709 INFO  server.RaftServer$Division (RaftServerImpl.java:setConfigurationAsync(1348)) - s1@group-4CF2EC507520: receive setConfiguration SetConfigurationRequest:client-9E894F3AA110->s1@group-4CF2EC507520, cid=2065, seq=null, RW, null, SET_UNCONDITIONALLY, servers:[s11, s10, s7, s13, s8, s12, s9, s0, s1], listeners:[]
2024-12-25 19:08:06,810 INFO  server.RaftServer$Division (RaftServerImpl.java:setConfigurationAsync(1348)) - s9@group-4CF2EC507520: receive setConfiguration SetConfigurationRequest:client-9E894F3AA110->s9@group-4CF2EC507520, cid=2065, seq=null, RW, null, SET_UNCONDITIONALLY, servers:[s11, s10, s7, s13, s8, s12, s9, s0, s1], listeners:[]
2024-12-25 19:08:06,910 INFO  server.RaftServer$Division (RaftServerImpl.java:setConfigurationAsync(1348)) - s7@group-4CF2EC507520: receive setConfiguration SetConfigurationRequest:client-9E894F3AA110->s7@group-4CF2EC507520, cid=2065, seq=null, RW, null, SET_UNCONDITIONALLY, servers:[s11, s10, s7, s13, s8, s12, s9, s0, s1], listeners:[]
2024-12-25 19:08:07,010 INFO  server.RaftServer$Division (RaftServerImpl.java:setConfigurationAsync(1348)) - s0@group-4CF2EC507520: receive setConfiguration SetConfigurationRequest:client-9E894F3AA110->s0@group-4CF2EC507520, cid=2065, seq=null, RW, null, SET_UNCONDITIONALLY, servers:[s11, s10, s7, s13, s8, s12, s9, s0, s1], listeners:[]
2024-12-25 19:08:07,057 INFO  impl.MiniRaftCluster (MiniRaftCluster.java:lambda$null$7(362)) - TIMED-PRINT: printing ALL groups
  s3:  RUNNING [
   FOLLOWER s3@group-4CF2EC507520:t0, leader=null, voted=, raftlog=Memoized:s3@group-4CF2EC507520-SegmentedRaftLog:OPENED:c-1:lastnull, conf=conf: {index: -1, cur=peers:[]|listeners:[], old=null} STARTING
   FOLLOWER s3@group-6AB839334A82:t0, leader=null, voted=, raftlog=Memoized:s3@group-6AB839334A82-SegmentedRaftLog:OPENED:c-1:lastnull, conf=conf: {index: -1, cur=peers:[]|listeners:[], old=null} STARTING] size=2
  s4:  RUNNING [
   FOLLOWER s4@group-4CF2EC507520:t0, leader=null, voted=, raftlog=Memoized:s4@group-4CF2EC507520-SegmentedRaftLog:OPENED:c-1:lastnull, conf=conf: {index: -1, cur=peers:[]|listeners:[], old=null} STARTING
   FOLLOWER s4@group-6AB839334A82:t0, leader=null, voted=, raftlog=Memoized:s4@group-6AB839334A82-SegmentedRaftLog:OPENED:c-1:lastnull, conf=conf: {index: -1, cur=peers:[]|listeners:[], old=null} STARTING] size=2
  s5:  RUNNING [
   FOLLOWER s5@group-4CF2EC507520:t0, leader=null, voted=, raftlog=Memoized:s5@group-4CF2EC507520-SegmentedRaftLog:OPENED:c-1:lastnull, conf=conf: {index: -1, cur=peers:[]|listeners:[], old=null} STARTING
   FOLLOWER s5@group-6AB839334A82:t0, leader=null, voted=, raftlog=Memoized:s5@group-6AB839334A82-SegmentedRaftLog:OPENED:c-1:lastnull, conf=conf: {index: -1, cur=peers:[]|listeners:[], old=null} STARTING] size=2
  s6:  RUNNING [
   FOLLOWER s6@group-4CF2EC507520:t0, leader=null, voted=, raftlog=Memoized:s6@group-4CF2EC507520-SegmentedRaftLog:OPENED:c-1:lastnull, conf=conf: {index: -1, cur=peers:[]|listeners:[], old=null} STARTING
   FOLLOWER s6@group-6AB839334A82:t0, leader=null, voted=, raftlog=Memoized:s6@group-6AB839334A82-SegmentedRaftLog:OPENED:c-1:lastnull, conf=conf: {index: -1, cur=peers:[]|listeners:[], old=null} STARTING] size=2
  s7:  RUNNING [
     LEADER s7@group-4CF2EC507520:t1, leader=s7, voted=s7, raftlog=Memoized:s7@group-4CF2EC507520-SegmentedRaftLog:OPENED:c123:last(t:1, i:124), conf=conf: {index: 123, cur=peers:[s7, s8, s9, s0, s1]|listeners:[], old=null} RUNNING
   FOLLOWER s7@group-6AB839334A82:t0, leader=null, voted=, raftlog=Memoized:s7@group-6AB839334A82-SegmentedRaftLog:OPENED:c-1:lastnull, conf=conf: {index: -1, cur=peers:[]|listeners:[], old=null} STARTING] size=2
  s8:  RUNNING [
   FOLLOWER s8@group-4CF2EC507520:t1, leader=s7, voted=s7, raftlog=Memoized:s8@group-4CF2EC507520-SegmentedRaftLog:OPENED:c123:last(t:1, i:124), conf=conf: {index: 123, cur=peers:[s7|, s8|, s9|, s0|, s1|]|listeners:[], old=null} RUNNING
   FOLLOWER s8@group-6AB839334A82:t0, leader=null, voted=, raftlog=Memoized:s8@group-6AB839334A82-SegmentedRaftLog:OPENED:c-1:lastnull, conf=conf: {index: -1, cur=peers:[]|listeners:[], old=null} STARTING] size=2
  s9:  RUNNING [
   FOLLOWER s9@group-4CF2EC507520:t1, leader=s7, voted=s7, raftlog=Memoized:s9@group-4CF2EC507520-SegmentedRaftLog:OPENED:c123:last(t:1, i:124), conf=conf: {index: 123, cur=peers:[s7|, s8|, s9|, s0|, s1|]|listeners:[], old=null} RUNNING
   FOLLOWER s9@group-6AB839334A82:t0, leader=null, voted=, raftlog=Memoized:s9@group-6AB839334A82-SegmentedRaftLog:OPENED:c-1:lastnull, conf=conf: {index: -1, cur=peers:[]|listeners:[], old=null} STARTING] size=2
  s11:  RUNNING [
   FOLLOWER s11@group-4CF2EC507520:t1, leader=s7, voted=null, raftlog=Memoized:s11@group-4CF2EC507520-SegmentedRaftLog:OPENED:c123:last(t:1, i:124), conf=conf: {index: 123, cur=peers:[s7|, s8|, s9|, s0|, s1|]|listeners:[], old=null} STARTING
   FOLLOWER s11@group-6AB839334A82:t0, leader=null, voted=, raftlog=Memoized:s11@group-6AB839334A82-SegmentedRaftLog:OPENED:c-1:lastnull, conf=conf: {index: -1, cur=peers:[]|listeners:[], old=null} STARTING] size=2
  s10:  RUNNING [
   FOLLOWER s10@group-4CF2EC507520:t1, leader=s7, voted=null, raftlog=Memoized:s10@group-4CF2EC507520-SegmentedRaftLog:OPENED:c123:last(t:1, i:124), conf=conf: {index: 123, cur=peers:[s7|, s8|, s9|, s0|, s1|]|listeners:[], old=null} STARTING
   FOLLOWER s10@group-6AB839334A82:t0, leader=null, voted=, raftlog=Memoized:s10@group-6AB839334A82-SegmentedRaftLog:OPENED:c-1:lastnull, conf=conf: {index: -1, cur=peers:[]|listeners:[], old=null} STARTING] size=2
  s13:  RUNNING [
   FOLLOWER s13@group-4CF2EC507520:t1, leader=s7, voted=null, raftlog=Memoized:s13@group-4CF2EC507520-SegmentedRaftLog:OPENED:c123:last(t:1, i:124), conf=conf: {index: 123, cur=peers:[s7|, s8|, s9|, s0|, s1|]|listeners:[], old=null} STARTING
   FOLLOWER s13@group-6AB839334A82:t0, leader=null, voted=, raftlog=Memoized:s13@group-6AB839334A82-SegmentedRaftLog:OPENED:c-1:lastnull, conf=conf: {index: -1, cur=peers:[]|listeners:[], old=null} STARTING] size=2
  s12:  RUNNING [
   FOLLOWER s12@group-4CF2EC507520:t1, leader=s7, voted=null, raftlog=Memoized:s12@group-4CF2EC507520-SegmentedRaftLog:OPENED:c123:last(t:1, i:124), conf=conf: {index: 123, cur=peers:[s7|, s8|, s9|, s0|, s1|]|listeners:[], old=null} STARTING
   FOLLOWER s12@group-6AB839334A82:t0, leader=null, voted=, raftlog=Memoized:s12@group-6AB839334A82-SegmentedRaftLog:OPENED:c-1:lastnull, conf=conf: {index: -1, cur=peers:[]|listeners:[], old=null} STARTING] size=2
  s14:  RUNNING [
   FOLLOWER s14@group-4CF2EC507520:t0, leader=null, voted=, raftlog=Memoized:s14@group-4CF2EC507520-SegmentedRaftLog:OPENED:c-1:lastnull, conf=conf: {index: -1, cur=peers:[]|listeners:[], old=null} STARTING
   FOLLOWER s14@group-6AB839334A82:t0, leader=null, voted=, raftlog=Memoized:s14@group-6AB839334A82-SegmentedRaftLog:OPENED:c-1:lastnull, conf=conf: {index: -1, cur=peers:[]|listeners:[], old=null} STARTING] size=2
  s0:  RUNNING [
   FOLLOWER s0@group-4CF2EC507520:t1, leader=s7, voted=null, raftlog=Memoized:s0@group-4CF2EC507520-SegmentedRaftLog:OPENED:c123:last(t:1, i:124), conf=conf: {index: 123, cur=peers:[s7|, s8|, s9|, s0|, s1|]|listeners:[], old=null} STARTING
   FOLLOWER s0@group-6AB839334A82:t0, leader=null, voted=, raftlog=Memoized:s0@group-6AB839334A82-SegmentedRaftLog:OPENED:c-1:lastnull, conf=conf: {index: -1, cur=peers:[]|listeners:[], old=null} STARTING] size=2
  s1:  RUNNING [
   FOLLOWER s1@group-4CF2EC507520:t1, leader=s7, voted=null, raftlog=Memoized:s1@group-4CF2EC507520-SegmentedRaftLog:OPENED:c123:last(t:1, i:124), conf=conf: {index: 123, cur=peers:[s7|, s8|, s9|, s0|, s1|]|listeners:[], old=null} STARTING
   FOLLOWER s1@group-6AB839334A82:t0, leader=null, voted=, raftlog=Memoized:s1@group-6AB839334A82-SegmentedRaftLog:OPENED:c-1:lastnull, conf=conf: {index: -1, cur=peers:[]|listeners:[], old=null} STARTING] size=2
  s2:  RUNNING [
   FOLLOWER s2@group-4CF2EC507520:t0, leader=null, voted=, raftlog=Memoized:s2@group-4CF2EC507520-SegmentedRaftLog:OPENED:c-1:lastnull, conf=conf: {index: -1, cur=peers:[]|listeners:[], old=null} STARTING
   FOLLOWER s2@group-6AB839334A82:t0, leader=null, voted=, raftlog=Memoized:s2@group-6AB839334A82-SegmentedRaftLog:OPENED:c-1:lastnull, conf=conf: {index: -1, cur=peers:[]|listeners:[], old=null} STARTING] size=2
2024-12-25 19:08:07,110 INFO  server.RaftServer$Division (RaftServerImpl.java:setConfigurationAsync(1348)) - s1@group-4CF2EC507520: receive setConfiguration SetConfigurationRequest:client-9E894F3AA110->s1@group-4CF2EC507520, cid=2065, seq=null, RW, null, SET_UNCONDITIONALLY, servers:[s11, s10, s7, s13, s8, s12, s9, s0, s1], listeners:[]
2024-12-25 19:08:07,211 INFO  server.RaftServer$Division (RaftServerImpl.java:setConfigurationAsync(1348)) - s9@group-4CF2EC507520: receive setConfiguration SetConfigurationRequest:client-9E894F3AA110->s9@group-4CF2EC507520, cid=2065, seq=null, RW, null, SET_UNCONDITIONALLY, servers:[s11, s10, s7, s13, s8, s12, s9, s0, s1], listeners:[]
2024-12-25 19:08:07,312 INFO  server.RaftServer$Division (RaftServerImpl.java:setConfigurationAsync(1348)) - s7@group-4CF2EC507520: receive setConfiguration SetConfigurationRequest:client-9E894F3AA110->s7@group-4CF2EC507520, cid=2065, seq=null, RW, null, SET_UNCONDITIONALLY, servers:[s11, s10, s7, s13, s8, s12, s9, s0, s1], listeners:[]
2024-12-25 19:08:07,412 INFO  server.RaftServer$Division (RaftServerImpl.java:setConfigurationAsync(1348)) - s8@group-4CF2EC507520: receive setConfiguration SetConfigurationRequest:client-9E894F3AA110->s8@group-4CF2EC507520, cid=2065, seq=null, RW, null, SET_UNCONDITIONALLY, servers:[s11, s10, s7, s13, s8, s12, s9, s0, s1], listeners:[]
2024-12-25 19:08:07,512 INFO  server.RaftServer$Division (RaftServerImpl.java:setConfigurationAsync(1348)) - s7@group-4CF2EC507520: receive setConfiguration SetConfigurationRequest:client-9E894F3AA110->s7@group-4CF2EC507520, cid=2065, seq=null, RW, null, SET_UNCONDITIONALLY, servers:[s11, s10, s7, s13, s8, s12, s9, s0, s1], listeners:[]
2024-12-25 19:08:07,613 INFO  server.RaftServer$Division (RaftServerImpl.java:setConfigurationAsync(1348)) - s8@group-4CF2EC507520: receive setConfiguration SetConfigurationRequest:client-9E894F3AA110->s8@group-4CF2EC507520, cid=2065, seq=null, RW, null, SET_UNCONDITIONALLY, servers:[s11, s10, s7, s13, s8, s12, s9, s0, s1], listeners:[]
2024-12-25 19:08:07,713 INFO  server.RaftServer$Division (RaftServerImpl.java:setConfigurationAsync(1348)) - s7@group-4CF2EC507520: receive setConfiguration SetConfigurationRequest:client-9E894F3AA110->s7@group-4CF2EC507520, cid=2065, seq=null, RW, null, SET_UNCONDITIONALLY, servers:[s11, s10, s7, s13, s8, s12, s9, s0, s1], listeners:[]
2024-12-25 19:08:07,813 INFO  server.RaftServer$Division (RaftServerImpl.java:setConfigurationAsync(1348)) - s9@group-4CF2EC507520: receive setConfiguration SetConfigurationRequest:client-9E894F3AA110->s9@group-4CF2EC507520, cid=2065, seq=null, RW, null, SET_UNCONDITIONALLY, servers:[s11, s10, s7, s13, s8, s12, s9, s0, s1], listeners:[]
2024-12-25 19:08:07,914 INFO  server.RaftServer$Division (RaftServerImpl.java:setConfigurationAsync(1348)) - s7@group-4CF2EC507520: receive setConfiguration SetConfigurationRequest:client-9E894F3AA110->s7@group-4CF2EC507520, cid=2065, seq=null, RW, null, SET_UNCONDITIONALLY, servers:[s11, s10, s7, s13, s8, s12, s9, s0, s1], listeners:[]
2024-12-25 19:08:08,014 INFO  server.RaftServer$Division (RaftServerImpl.java:setConfigurationAsync(1348)) - s0@group-4CF2EC507520: receive setConfiguration SetConfigurationRequest:client-9E894F3AA110->s0@group-4CF2EC507520, cid=2065, seq=null, RW, null, SET_UNCONDITIONALLY, servers:[s11, s10, s7, s13, s8, s12, s9, s0, s1], listeners:[]
2024-12-25 19:08:08,114 INFO  server.RaftServer$Division (RaftServerImpl.java:setConfigurationAsync(1348)) - s1@group-4CF2EC507520: receive setConfiguration SetConfigurationRequest:client-9E894F3AA110->s1@group-4CF2EC507520, cid=2065, seq=null, RW, null, SET_UNCONDITIONALLY, servers:[s11, s10, s7, s13, s8, s12, s9, s0, s1], listeners:[]
2024-12-25 19:08:08,214 INFO  server.RaftServer$Division (RaftServerImpl.java:setConfigurationAsync(1348)) - s0@group-4CF2EC507520: receive setConfiguration SetConfigurationRequest:client-9E894F3AA110->s0@group-4CF2EC507520, cid=2065, seq=null, RW, null, SET_UNCONDITIONALLY, servers:[s11, s10, s7, s13, s8, s12, s9, s0, s1], listeners:[]
2024-12-25 19:08:08,315 INFO  server.RaftServer$Division (RaftServerImpl.java:setConfigurationAsync(1348)) - s7@group-4CF2EC507520: receive setConfiguration SetConfigurationRequest:client-9E894F3AA110->s7@group-4CF2EC507520, cid=2065, seq=null, RW, null, SET_UNCONDITIONALLY, servers:[s11, s10, s7, s13, s8, s12, s9, s0, s1], listeners:[]
2024-12-25 19:08:08,415 INFO  server.RaftServer$Division (RaftServerImpl.java:setConfigurationAsync(1348)) - s9@group-4CF2EC507520: receive setConfiguration SetConfigurationRequest:client-9E894F3AA110->s9@group-4CF2EC507520, cid=2065, seq=null, RW, null, SET_UNCONDITIONALLY, servers:[s11, s10, s7, s13, s8, s12, s9, s0, s1], listeners:[]
2024-12-25 19:08:08,515 INFO  server.RaftServer$Division (RaftServerImpl.java:setConfigurationAsync(1348)) - s7@group-4CF2EC507520: receive setConfiguration SetConfigurationRequest:client-9E894F3AA110->s7@group-4CF2EC507520, cid=2065, seq=null, RW, null, SET_UNCONDITIONALLY, servers:[s11, s10, s7, s13, s8, s12, s9, s0, s1], listeners:[]
2024-12-25 19:08:08,616 INFO  server.RaftServer$Division (RaftServerImpl.java:setConfigurationAsync(1348)) - s8@group-4CF2EC507520: receive setConfiguration SetConfigurationRequest:client-9E894F3AA110->s8@group-4CF2EC507520, cid=2065, seq=null, RW, null, SET_UNCONDITIONALLY, servers:[s11, s10, s7, s13, s8, s12, s9, s0, s1], listeners:[]
2024-12-25 19:08:08,716 INFO  server.RaftServer$Division (RaftServerImpl.java:setConfigurationAsync(1348)) - s7@group-4CF2EC507520: receive setConfiguration SetConfigurationRequest:client-9E894F3AA110->s7@group-4CF2EC507520, cid=2065, seq=null, RW, null, SET_UNCONDITIONALLY, servers:[s11, s10, s7, s13, s8, s12, s9, s0, s1], listeners:[]
2024-12-25 19:08:08,816 INFO  server.RaftServer$Division (RaftServerImpl.java:setConfigurationAsync(1348)) - s1@group-4CF2EC507520: receive setConfiguration SetConfigurationRequest:client-9E894F3AA110->s1@group-4CF2EC507520, cid=2065, seq=null, RW, null, SET_UNCONDITIONALLY, servers:[s11, s10, s7, s13, s8, s12, s9, s0, s1], listeners:[]
2024-12-25 19:08:08,916 INFO  server.RaftServer$Division (RaftServerImpl.java:setConfigurationAsync(1348)) - s9@group-4CF2EC507520: receive setConfiguration SetConfigurationRequest:client-9E894F3AA110->s9@group-4CF2EC507520, cid=2065, seq=null, RW, null, SET_UNCONDITIONALLY, servers:[s11, s10, s7, s13, s8, s12, s9, s0, s1], listeners:[]
2024-12-25 19:08:09,017 INFO  server.RaftServer$Division (RaftServerImpl.java:setConfigurationAsync(1348)) - s7@group-4CF2EC507520: receive setConfiguration SetConfigurationRequest:client-9E894F3AA110->s7@group-4CF2EC507520, cid=2065, seq=null, RW, null, SET_UNCONDITIONALLY, servers:[s11, s10, s7, s13, s8, s12, s9, s0, s1], listeners:[]
2024-12-25 19:08:09,117 INFO  server.RaftServer$Division (RaftServerImpl.java:setConfigurationAsync(1348)) - s0@group-4CF2EC507520: receive setConfiguration SetConfigurationRequest:client-9E894F3AA110->s0@group-4CF2EC507520, cid=2065, seq=null, RW, null, SET_UNCONDITIONALLY, servers:[s11, s10, s7, s13, s8, s12, s9, s0, s1], listeners:[]
2024-12-25 19:08:09,218 INFO  server.RaftServer$Division (RaftServerImpl.java:setConfigurationAsync(1348)) - s7@group-4CF2EC507520: receive setConfiguration SetConfigurationRequest:client-9E894F3AA110->s7@group-4CF2EC507520, cid=2065, seq=null, RW, null, SET_UNCONDITIONALLY, servers:[s11, s10, s7, s13, s8, s12, s9, s0, s1], listeners:[]
2024-12-25 19:08:09,318 INFO  server.RaftServer$Division (RaftServerImpl.java:setConfigurationAsync(1348)) - s1@group-4CF2EC507520: receive setConfiguration SetConfigurationRequest:client-9E894F3AA110->s1@group-4CF2EC507520, cid=2065, seq=null, RW, null, SET_UNCONDITIONALLY, servers:[s11, s10, s7, s13, s8, s12, s9, s0, s1], listeners:[]
2024-12-25 19:08:09,418 INFO  server.RaftServer$Division (RaftServerImpl.java:setConfigurationAsync(1348)) - s8@group-4CF2EC507520: receive setConfiguration SetConfigurationRequest:client-9E894F3AA110->s8@group-4CF2EC507520, cid=2065, seq=null, RW, null, SET_UNCONDITIONALLY, servers:[s11, s10, s7, s13, s8, s12, s9, s0, s1], listeners:[]
2024-12-25 19:08:09,518 INFO  server.RaftServer$Division (RaftServerImpl.java:setConfigurationAsync(1348)) - s7@group-4CF2EC507520: receive setConfiguration SetConfigurationRequest:client-9E894F3AA110->s7@group-4CF2EC507520, cid=2065, seq=null, RW, null, SET_UNCONDITIONALLY, servers:[s11, s10, s7, s13, s8, s12, s9, s0, s1], listeners:[]
2024-12-25 19:08:09,619 INFO  server.RaftServer$Division (RaftServerImpl.java:setConfigurationAsync(1348)) - s1@group-4CF2EC507520: receive setConfiguration SetConfigurationRequest:client-9E894F3AA110->s1@group-4CF2EC507520, cid=2065, seq=null, RW, null, SET_UNCONDITIONALLY, servers:[s11, s10, s7, s13, s8, s12, s9, s0, s1], listeners:[]
2024-12-25 19:08:09,719 INFO  server.RaftServer$Division (RaftServerImpl.java:setConfigurationAsync(1348)) - s8@group-4CF2EC507520: receive setConfiguration SetConfigurationRequest:client-9E894F3AA110->s8@group-4CF2EC507520, cid=2065, seq=null, RW, null, SET_UNCONDITIONALLY, servers:[s11, s10, s7, s13, s8, s12, s9, s0, s1], listeners:[]
2024-12-25 19:08:09,819 INFO  server.RaftServer$Division (RaftServerImpl.java:setConfigurationAsync(1348)) - s7@group-4CF2EC507520: receive setConfiguration SetConfigurationRequest:client-9E894F3AA110->s7@group-4CF2EC507520, cid=2065, seq=null, RW, null, SET_UNCONDITIONALLY, servers:[s11, s10, s7, s13, s8, s12, s9, s0, s1], listeners:[]
2024-12-25 19:08:09,920 INFO  server.RaftServer$Division (RaftServerImpl.java:setConfigurationAsync(1348)) - s0@group-4CF2EC507520: receive setConfiguration SetConfigurationRequest:client-9E894F3AA110->s0@group-4CF2EC507520, cid=2065, seq=null, RW, null, SET_UNCONDITIONALLY, servers:[s11, s10, s7, s13, s8, s12, s9, s0, s1], listeners:[]
2024-12-25 19:08:10,020 INFO  server.RaftServer$Division (RaftServerImpl.java:setConfigurationAsync(1348)) - s1@group-4CF2EC507520: receive setConfiguration SetConfigurationRequest:client-9E894F3AA110->s1@group-4CF2EC507520, cid=2065, seq=null, RW, null, SET_UNCONDITIONALLY, servers:[s11, s10, s7, s13, s8, s12, s9, s0, s1], listeners:[]
2024-12-25 19:08:10,120 INFO  server.RaftServer$Division (RaftServerImpl.java:setConfigurationAsync(1348)) - s7@group-4CF2EC507520: receive setConfiguration SetConfigurationRequest:client-9E894F3AA110->s7@group-4CF2EC507520, cid=2065, seq=null, RW, null, SET_UNCONDITIONALLY, servers:[s11, s10, s7, s13, s8, s12, s9, s0, s1], listeners:[]
2024-12-25 19:08:10,221 INFO  server.RaftServer$Division (RaftServerImpl.java:setConfigurationAsync(1348)) - s8@group-4CF2EC507520: receive setConfiguration SetConfigurationRequest:client-9E894F3AA110->s8@group-4CF2EC507520, cid=2065, seq=null, RW, null, SET_UNCONDITIONALLY, servers:[s11, s10, s7, s13, s8, s12, s9, s0, s1], listeners:[]
2024-12-25 19:08:10,321 INFO  server.RaftServer$Division (RaftServerImpl.java:setConfigurationAsync(1348)) - s7@group-4CF2EC507520: receive setConfiguration SetConfigurationRequest:client-9E894F3AA110->s7@group-4CF2EC507520, cid=2065, seq=null, RW, null, SET_UNCONDITIONALLY, servers:[s11, s10, s7, s13, s8, s12, s9, s0, s1], listeners:[]
2024-12-25 19:08:10,421 INFO  server.RaftServer$Division (RaftServerImpl.java:setConfigurationAsync(1348)) - s8@group-4CF2EC507520: receive setConfiguration SetConfigurationRequest:client-9E894F3AA110->s8@group-4CF2EC507520, cid=2065, seq=null, RW, null, SET_UNCONDITIONALLY, servers:[s11, s10, s7, s13, s8, s12, s9, s0, s1], listeners:[]
2024-12-25 19:08:10,521 INFO  server.RaftServer$Division (RaftServerImpl.java:setConfigurationAsync(1348)) - s7@group-4CF2EC507520: receive setConfiguration SetConfigurationRequest:client-9E894F3AA110->s7@group-4CF2EC507520, cid=2065, seq=null, RW, null, SET_UNCONDITIONALLY, servers:[s11, s10, s7, s13, s8, s12, s9, s0, s1], listeners:[]
2024-12-25 19:08:10,622 INFO  server.RaftServer$Division (RaftServerImpl.java:setConfigurationAsync(1348)) - s9@group-4CF2EC507520: receive setConfiguration SetConfigurationRequest:client-9E894F3AA110->s9@group-4CF2EC507520, cid=2065, seq=null, RW, null, SET_UNCONDITIONALLY, servers:[s11, s10, s7, s13, s8, s12, s9, s0, s1], listeners:[]
2024-12-25 19:08:10,722 INFO  server.RaftServer$Division (RaftServerImpl.java:setConfigurationAsync(1348)) - s7@group-4CF2EC507520: receive setConfiguration SetConfigurationRequest:client-9E894F3AA110->s7@group-4CF2EC507520, cid=2065, seq=null, RW, null, SET_UNCONDITIONALLY, servers:[s11, s10, s7, s13, s8, s12, s9, s0, s1], listeners:[]
2024-12-25 19:08:10,822 INFO  server.RaftServer$Division (RaftServerImpl.java:setConfigurationAsync(1348)) - s9@group-4CF2EC507520: receive setConfiguration SetConfigurationRequest:client-9E894F3AA110->s9@group-4CF2EC507520, cid=2065, seq=null, RW, null, SET_UNCONDITIONALLY, servers:[s11, s10, s7, s13, s8, s12, s9, s0, s1], listeners:[]
2024-12-25 19:08:10,923 INFO  server.RaftServer$Division (RaftServerImpl.java:setConfigurationAsync(1348)) - s7@group-4CF2EC507520: receive setConfiguration SetConfigurationRequest:client-9E894F3AA110->s7@group-4CF2EC507520, cid=2065, seq=null, RW, null, SET_UNCONDITIONALLY, servers:[s11, s10, s7, s13, s8, s12, s9, s0, s1], listeners:[]
2024-12-25 19:08:11,023 INFO  server.RaftServer$Division (RaftServerImpl.java:setConfigurationAsync(1348)) - s9@group-4CF2EC507520: receive setConfiguration SetConfigurationRequest:client-9E894F3AA110->s9@group-4CF2EC507520, cid=2065, seq=null, RW, null, SET_UNCONDITIONALLY, servers:[s11, s10, s7, s13, s8, s12, s9, s0, s1], listeners:[]
2024-12-25 19:08:11,123 INFO  server.RaftServer$Division (RaftServerImpl.java:setConfigurationAsync(1348)) - s7@group-4CF2EC507520: receive setConfiguration SetConfigurationRequest:client-9E894F3AA110->s7@group-4CF2EC507520, cid=2065, seq=null, RW, null, SET_UNCONDITIONALLY, servers:[s11, s10, s7, s13, s8, s12, s9, s0, s1], listeners:[]
2024-12-25 19:08:11,224 INFO  server.RaftServer$Division (RaftServerImpl.java:setConfigurationAsync(1348)) - s9@group-4CF2EC507520: receive setConfiguration SetConfigurationRequest:client-9E894F3AA110->s9@group-4CF2EC507520, cid=2065, seq=null, RW, null, SET_UNCONDITIONALLY, servers:[s11, s10, s7, s13, s8, s12, s9, s0, s1], listeners:[]
2024-12-25 19:08:11,324 INFO  server.RaftServer$Division (RaftServerImpl.java:setConfigurationAsync(1348)) - s7@group-4CF2EC507520: receive setConfiguration SetConfigurationRequest:client-9E894F3AA110->s7@group-4CF2EC507520, cid=2065, seq=null, RW, null, SET_UNCONDITIONALLY, servers:[s11, s10, s7, s13, s8, s12, s9, s0, s1], listeners:[]
2024-12-25 19:08:11,424 INFO  server.RaftServer$Division (RaftServerImpl.java:setConfigurationAsync(1348)) - s0@group-4CF2EC507520: receive setConfiguration SetConfigurationRequest:client-9E894F3AA110->s0@group-4CF2EC507520, cid=2065, seq=null, RW, null, SET_UNCONDITIONALLY, servers:[s11, s10, s7, s13, s8, s12, s9, s0, s1], listeners:[]
2024-12-25 19:08:11,525 INFO  server.RaftServer$Division (RaftServerImpl.java:setConfigurationAsync(1348)) - s8@group-4CF2EC507520: receive setConfiguration SetConfigurationRequest:client-9E894F3AA110->s8@group-4CF2EC507520, cid=2065, seq=null, RW, null, SET_UNCONDITIONALLY, servers:[s11, s10, s7, s13, s8, s12, s9, s0, s1], listeners:[]
2024-12-25 19:08:11,625 INFO  server.RaftServer$Division (RaftServerImpl.java:setConfigurationAsync(1348)) - s7@group-4CF2EC507520: receive setConfiguration SetConfigurationRequest:client-9E894F3AA110->s7@group-4CF2EC507520, cid=2065, seq=null, RW, null, SET_UNCONDITIONALLY, servers:[s11, s10, s7, s13, s8, s12, s9, s0, s1], listeners:[]
2024-12-25 19:08:11,725 INFO  server.RaftServer$Division (RaftServerImpl.java:setConfigurationAsync(1348)) - s8@group-4CF2EC507520: receive setConfiguration SetConfigurationRequest:client-9E894F3AA110->s8@group-4CF2EC507520, cid=2065, seq=null, RW, null, SET_UNCONDITIONALLY, servers:[s11, s10, s7, s13, s8, s12, s9, s0, s1], listeners:[]
2024-12-25 19:08:11,825 INFO  server.RaftServer$Division (RaftServerImpl.java:setConfigurationAsync(1348)) - s7@group-4CF2EC507520: receive setConfiguration SetConfigurationRequest:client-9E894F3AA110->s7@group-4CF2EC507520, cid=2065, seq=null, RW, null, SET_UNCONDITIONALLY, servers:[s11, s10, s7, s13, s8, s12, s9, s0, s1], listeners:[]
2024-12-25 19:08:11,926 INFO  server.RaftServer$Division (RaftServerImpl.java:setConfigurationAsync(1348)) - s9@group-4CF2EC507520: receive setConfiguration SetConfigurationRequest:client-9E894F3AA110->s9@group-4CF2EC507520, cid=2065, seq=null, RW, null, SET_UNCONDITIONALLY, servers:[s11, s10, s7, s13, s8, s12, s9, s0, s1], listeners:[]
2024-12-25 19:08:12,026 INFO  server.RaftServer$Division (RaftServerImpl.java:setConfigurationAsync(1348)) - s7@group-4CF2EC507520: receive setConfiguration SetConfigurationRequest:client-9E894F3AA110->s7@group-4CF2EC507520, cid=2065, seq=null, RW, null, SET_UNCONDITIONALLY, servers:[s11, s10, s7, s13, s8, s12, s9, s0, s1], listeners:[]
2024-12-25 19:08:12,126 INFO  server.RaftServer$Division (RaftServerImpl.java:setConfigurationAsync(1348)) - s0@group-4CF2EC507520: receive setConfiguration SetConfigurationRequest:client-9E894F3AA110->s0@group-4CF2EC507520, cid=2065, seq=null, RW, null, SET_UNCONDITIONALLY, servers:[s11, s10, s7, s13, s8, s12, s9, s0, s1], listeners:[]
2024-12-25 19:08:12,227 INFO  server.RaftServer$Division (RaftServerImpl.java:setConfigurationAsync(1348)) - s7@group-4CF2EC507520: receive setConfiguration SetConfigurationRequest:client-9E894F3AA110->s7@group-4CF2EC507520, cid=2065, seq=null, RW, null, SET_UNCONDITIONALLY, servers:[s11, s10, s7, s13, s8, s12, s9, s0, s1], listeners:[]
2024-12-25 19:08:12,327 INFO  server.RaftServer$Division (RaftServerImpl.java:setConfigurationAsync(1348)) - s8@group-4CF2EC507520: receive setConfiguration SetConfigurationRequest:client-9E894F3AA110->s8@group-4CF2EC507520, cid=2065, seq=null, RW, null, SET_UNCONDITIONALLY, servers:[s11, s10, s7, s13, s8, s12, s9, s0, s1], listeners:[]
2024-12-25 19:08:12,427 INFO  server.RaftServer$Division (RaftServerImpl.java:setConfigurationAsync(1348)) - s7@group-4CF2EC507520: receive setConfiguration SetConfigurationRequest:client-9E894F3AA110->s7@group-4CF2EC507520, cid=2065, seq=null, RW, null, SET_UNCONDITIONALLY, servers:[s11, s10, s7, s13, s8, s12, s9, s0, s1], listeners:[]
2024-12-25 19:08:12,528 INFO  server.RaftServer$Division (RaftServerImpl.java:setConfigurationAsync(1348)) - s1@group-4CF2EC507520: receive setConfiguration SetConfigurationRequest:client-9E894F3AA110->s1@group-4CF2EC507520, cid=2065, seq=null, RW, null, SET_UNCONDITIONALLY, servers:[s11, s10, s7, s13, s8, s12, s9, s0, s1], listeners:[]
2024-12-25 19:08:12,628 INFO  server.RaftServer$Division (RaftServerImpl.java:setConfigurationAsync(1348)) - s8@group-4CF2EC507520: receive setConfiguration SetConfigurationRequest:client-9E894F3AA110->s8@group-4CF2EC507520, cid=2065, seq=null, RW, null, SET_UNCONDITIONALLY, servers:[s11, s10, s7, s13, s8, s12, s9, s0, s1], listeners:[]
2024-12-25 19:08:12,728 INFO  server.RaftServer$Division (RaftServerImpl.java:setConfigurationAsync(1348)) - s7@group-4CF2EC507520: receive setConfiguration SetConfigurationRequest:client-9E894F3AA110->s7@group-4CF2EC507520, cid=2065, seq=null, RW, null, SET_UNCONDITIONALLY, servers:[s11, s10, s7, s13, s8, s12, s9, s0, s1], listeners:[]
2024-12-25 19:08:12,829 INFO  server.RaftServer$Division (RaftServerImpl.java:setConfigurationAsync(1348)) - s9@group-4CF2EC507520: receive setConfiguration SetConfigurationRequest:client-9E894F3AA110->s9@group-4CF2EC507520, cid=2065, seq=null, RW, null, SET_UNCONDITIONALLY, servers:[s11, s10, s7, s13, s8, s12, s9, s0, s1], listeners:[]
2024-12-25 19:08:12,929 INFO  server.RaftServer$Division (RaftServerImpl.java:setConfigurationAsync(1348)) - s7@group-4CF2EC507520: receive setConfiguration SetConfigurationRequest:client-9E894F3AA110->s7@group-4CF2EC507520, cid=2065, seq=null, RW, null, SET_UNCONDITIONALLY, servers:[s11, s10, s7, s13, s8, s12, s9, s0, s1], listeners:[]
2024-12-25 19:08:13,029 INFO  server.RaftServer$Division (RaftServerImpl.java:setConfigurationAsync(1348)) - s0@group-4CF2EC507520: receive setConfiguration SetConfigurationRequest:client-9E894F3AA110->s0@group-4CF2EC507520, cid=2065, seq=null, RW, null, SET_UNCONDITIONALLY, servers:[s11, s10, s7, s13, s8, s12, s9, s0, s1], listeners:[]
2024-12-25 19:08:13,130 INFO  server.RaftServer$Division (RaftServerImpl.java:setConfigurationAsync(1348)) - s8@group-4CF2EC507520: receive setConfiguration SetConfigurationRequest:client-9E894F3AA110->s8@group-4CF2EC507520, cid=2065, seq=null, RW, null, SET_UNCONDITIONALLY, servers:[s11, s10, s7, s13, s8, s12, s9, s0, s1], listeners:[]
2024-12-25 19:08:13,230 INFO  server.RaftServer$Division (RaftServerImpl.java:setConfigurationAsync(1348)) - s7@group-4CF2EC507520: receive setConfiguration SetConfigurationRequest:client-9E894F3AA110->s7@group-4CF2EC507520, cid=2065, seq=null, RW, null, SET_UNCONDITIONALLY, servers:[s11, s10, s7, s13, s8, s12, s9, s0, s1], listeners:[]
2024-12-25 19:08:13,330 INFO  server.RaftServer$Division (RaftServerImpl.java:setConfigurationAsync(1348)) - s0@group-4CF2EC507520: receive setConfiguration SetConfigurationRequest:client-9E894F3AA110->s0@group-4CF2EC507520, cid=2065, seq=null, RW, null, SET_UNCONDITIONALLY, servers:[s11, s10, s7, s13, s8, s12, s9, s0, s1], listeners:[]
2024-12-25 19:08:13,431 INFO  server.RaftServer$Division (RaftServerImpl.java:setConfigurationAsync(1348)) - s9@group-4CF2EC507520: receive setConfiguration SetConfigurationRequest:client-9E894F3AA110->s9@group-4CF2EC507520, cid=2065, seq=null, RW, null, SET_UNCONDITIONALLY, servers:[s11, s10, s7, s13, s8, s12, s9, s0, s1], listeners:[]
2024-12-25 19:08:13,531 INFO  server.RaftServer$Division (RaftServerImpl.java:setConfigurationAsync(1348)) - s7@group-4CF2EC507520: receive setConfiguration SetConfigurationRequest:client-9E894F3AA110->s7@group-4CF2EC507520, cid=2065, seq=null, RW, null, SET_UNCONDITIONALLY, servers:[s11, s10, s7, s13, s8, s12, s9, s0, s1], listeners:[]
2024-12-25 19:08:13,631 INFO  server.RaftServer$Division (RaftServerImpl.java:setConfigurationAsync(1348)) - s9@group-4CF2EC507520: receive setConfiguration SetConfigurationRequest:client-9E894F3AA110->s9@group-4CF2EC507520, cid=2065, seq=null, RW, null, SET_UNCONDITIONALLY, servers:[s11, s10, s7, s13, s8, s12, s9, s0, s1], listeners:[]
2024-12-25 19:08:13,732 INFO  server.RaftServer$Division (RaftServerImpl.java:setConfigurationAsync(1348)) - s7@group-4CF2EC507520: receive setConfiguration SetConfigurationRequest:client-9E894F3AA110->s7@group-4CF2EC507520, cid=2065, seq=null, RW, null, SET_UNCONDITIONALLY, servers:[s11, s10, s7, s13, s8, s12, s9, s0, s1], listeners:[]
2024-12-25 19:08:13,832 INFO  server.RaftServer$Division (RaftServerImpl.java:setConfigurationAsync(1348)) - s8@group-4CF2EC507520: receive setConfiguration SetConfigurationRequest:client-9E894F3AA110->s8@group-4CF2EC507520, cid=2065, seq=null, RW, null, SET_UNCONDITIONALLY, servers:[s11, s10, s7, s13, s8, s12, s9, s0, s1], listeners:[]
2024-12-25 19:08:13,932 INFO  server.RaftServer$Division (RaftServerImpl.java:setConfigurationAsync(1348)) - s7@group-4CF2EC507520: receive setConfiguration SetConfigurationRequest:client-9E894F3AA110->s7@group-4CF2EC507520, cid=2065, seq=null, RW, null, SET_UNCONDITIONALLY, servers:[s11, s10, s7, s13, s8, s12, s9, s0, s1], listeners:[]
2024-12-25 19:08:14,033 INFO  server.RaftServer$Division (RaftServerImpl.java:setConfigurationAsync(1348)) - s8@group-4CF2EC507520: receive setConfiguration SetConfigurationRequest:client-9E894F3AA110->s8@group-4CF2EC507520, cid=2065, seq=null, RW, null, SET_UNCONDITIONALLY, servers:[s11, s10, s7, s13, s8, s12, s9, s0, s1], listeners:[]
2024-12-25 19:08:14,133 INFO  server.RaftServer$Division (RaftServerImpl.java:setConfigurationAsync(1348)) - s7@group-4CF2EC507520: receive setConfiguration SetConfigurationRequest:client-9E894F3AA110->s7@group-4CF2EC507520, cid=2065, seq=null, RW, null, SET_UNCONDITIONALLY, servers:[s11, s10, s7, s13, s8, s12, s9, s0, s1], listeners:[]
2024-12-25 19:08:14,233 INFO  server.RaftServer$Division (RaftServerImpl.java:setConfigurationAsync(1348)) - s1@group-4CF2EC507520: receive setConfiguration SetConfigurationRequest:client-9E894F3AA110->s1@group-4CF2EC507520, cid=2065, seq=null, RW, null, SET_UNCONDITIONALLY, servers:[s11, s10, s7, s13, s8, s12, s9, s0, s1], listeners:[]
2024-12-25 19:08:14,333 INFO  server.RaftServer$Division (RaftServerImpl.java:setConfigurationAsync(1348)) - s9@group-4CF2EC507520: receive setConfiguration SetConfigurationRequest:client-9E894F3AA110->s9@group-4CF2EC507520, cid=2065, seq=null, RW, null, SET_UNCONDITIONALLY, servers:[s11, s10, s7, s13, s8, s12, s9, s0, s1], listeners:[]
2024-12-25 19:08:14,434 INFO  server.RaftServer$Division (RaftServerImpl.java:setConfigurationAsync(1348)) - s7@group-4CF2EC507520: receive setConfiguration SetConfigurationRequest:client-9E894F3AA110->s7@group-4CF2EC507520, cid=2065, seq=null, RW, null, SET_UNCONDITIONALLY, servers:[s11, s10, s7, s13, s8, s12, s9, s0, s1], listeners:[]
2024-12-25 19:08:14,534 INFO  server.RaftServer$Division (RaftServerImpl.java:setConfigurationAsync(1348)) - s9@group-4CF2EC507520: receive setConfiguration SetConfigurationRequest:client-9E894F3AA110->s9@group-4CF2EC507520, cid=2065, seq=null, RW, null, SET_UNCONDITIONALLY, servers:[s11, s10, s7, s13, s8, s12, s9, s0, s1], listeners:[]
2024-12-25 19:08:14,634 INFO  server.RaftServer$Division (RaftServerImpl.java:setConfigurationAsync(1348)) - s7@group-4CF2EC507520: receive setConfiguration SetConfigurationRequest:client-9E894F3AA110->s7@group-4CF2EC507520, cid=2065, seq=null, RW, null, SET_UNCONDITIONALLY, servers:[s11, s10, s7, s13, s8, s12, s9, s0, s1], listeners:[]
2024-12-25 19:08:14,735 INFO  server.RaftServer$Division (RaftServerImpl.java:setConfigurationAsync(1348)) - s0@group-4CF2EC507520: receive setConfiguration SetConfigurationRequest:client-9E894F3AA110->s0@group-4CF2EC507520, cid=2065, seq=null, RW, null, SET_UNCONDITIONALLY, servers:[s11, s10, s7, s13, s8, s12, s9, s0, s1], listeners:[]
2024-12-25 19:08:14,835 INFO  server.RaftServer$Division (RaftServerImpl.java:setConfigurationAsync(1348)) - s9@group-4CF2EC507520: receive setConfiguration SetConfigurationRequest:client-9E894F3AA110->s9@group-4CF2EC507520, cid=2065, seq=null, RW, null, SET_UNCONDITIONALLY, servers:[s11, s10, s7, s13, s8, s12, s9, s0, s1], listeners:[]
2024-12-25 19:08:14,935 INFO  server.RaftServer$Division (RaftServerImpl.java:setConfigurationAsync(1348)) - s7@group-4CF2EC507520: receive setConfiguration SetConfigurationRequest:client-9E894F3AA110->s7@group-4CF2EC507520, cid=2065, seq=null, RW, null, SET_UNCONDITIONALLY, servers:[s11, s10, s7, s13, s8, s12, s9, s0, s1], listeners:[]
2024-12-25 19:08:15,035 INFO  server.RaftServer$Division (RaftServerImpl.java:setConfigurationAsync(1348)) - s0@group-4CF2EC507520: receive setConfiguration SetConfigurationRequest:client-9E894F3AA110->s0@group-4CF2EC507520, cid=2065, seq=null, RW, null, SET_UNCONDITIONALLY, servers:[s11, s10, s7, s13, s8, s12, s9, s0, s1], listeners:[]
2024-12-25 19:08:15,136 INFO  server.RaftServer$Division (RaftServerImpl.java:setConfigurationAsync(1348)) - s7@group-4CF2EC507520: receive setConfiguration SetConfigurationRequest:client-9E894F3AA110->s7@group-4CF2EC507520, cid=2065, seq=null, RW, null, SET_UNCONDITIONALLY, servers:[s11, s10, s7, s13, s8, s12, s9, s0, s1], listeners:[]
2024-12-25 19:08:15,236 INFO  server.RaftServer$Division (RaftServerImpl.java:setConfigurationAsync(1348)) - s1@group-4CF2EC507520: receive setConfiguration SetConfigurationRequest:client-9E894F3AA110->s1@group-4CF2EC507520, cid=2065, seq=null, RW, null, SET_UNCONDITIONALLY, servers:[s11, s10, s7, s13, s8, s12, s9, s0, s1], listeners:[]
2024-12-25 19:08:15,336 INFO  server.RaftServer$Division (RaftServerImpl.java:setConfigurationAsync(1348)) - s7@group-4CF2EC507520: receive setConfiguration SetConfigurationRequest:client-9E894F3AA110->s7@group-4CF2EC507520, cid=2065, seq=null, RW, null, SET_UNCONDITIONALLY, servers:[s11, s10, s7, s13, s8, s12, s9, s0, s1], listeners:[]
2024-12-25 19:08:15,437 INFO  server.RaftServer$Division (RaftServerImpl.java:setConfigurationAsync(1348)) - s1@group-4CF2EC507520: receive setConfiguration SetConfigurationRequest:client-9E894F3AA110->s1@group-4CF2EC507520, cid=2065, seq=null, RW, null, SET_UNCONDITIONALLY, servers:[s11, s10, s7, s13, s8, s12, s9, s0, s1], listeners:[]
2024-12-25 19:08:15,537 INFO  server.RaftServer$Division (RaftServerImpl.java:setConfigurationAsync(1348)) - s8@group-4CF2EC507520: receive setConfiguration SetConfigurationRequest:client-9E894F3AA110->s8@group-4CF2EC507520, cid=2065, seq=null, RW, null, SET_UNCONDITIONALLY, servers:[s11, s10, s7, s13, s8, s12, s9, s0, s1], listeners:[]
2024-12-25 19:08:15,637 INFO  server.RaftServer$Division (RaftServerImpl.java:setConfigurationAsync(1348)) - s7@group-4CF2EC507520: receive setConfiguration SetConfigurationRequest:client-9E894F3AA110->s7@group-4CF2EC507520, cid=2065, seq=null, RW, null, SET_UNCONDITIONALLY, servers:[s11, s10, s7, s13, s8, s12, s9, s0, s1], listeners:[]
2024-12-25 19:08:15,738 INFO  server.RaftServer$Division (RaftServerImpl.java:setConfigurationAsync(1348)) - s0@group-4CF2EC507520: receive setConfiguration SetConfigurationRequest:client-9E894F3AA110->s0@group-4CF2EC507520, cid=2065, seq=null, RW, null, SET_UNCONDITIONALLY, servers:[s11, s10, s7, s13, s8, s12, s9, s0, s1], listeners:[]
2024-12-25 19:08:15,838 INFO  server.RaftServer$Division (RaftServerImpl.java:setConfigurationAsync(1348)) - s7@group-4CF2EC507520: receive setConfiguration SetConfigurationRequest:client-9E894F3AA110->s7@group-4CF2EC507520, cid=2065, seq=null, RW, null, SET_UNCONDITIONALLY, servers:[s11, s10, s7, s13, s8, s12, s9, s0, s1], listeners:[]
2024-12-25 19:08:15,938 INFO  server.RaftServer$Division (RaftServerImpl.java:setConfigurationAsync(1348)) - s8@group-4CF2EC507520: receive setConfiguration SetConfigurationRequest:client-9E894F3AA110->s8@group-4CF2EC507520, cid=2065, seq=null, RW, null, SET_UNCONDITIONALLY, servers:[s11, s10, s7, s13, s8, s12, s9, s0, s1], listeners:[]
2024-12-25 19:08:16,038 INFO  server.RaftServer$Division (RaftServerImpl.java:setConfigurationAsync(1348)) - s7@group-4CF2EC507520: receive setConfiguration SetConfigurationRequest:client-9E894F3AA110->s7@group-4CF2EC507520, cid=2065, seq=null, RW, null, SET_UNCONDITIONALLY, servers:[s11, s10, s7, s13, s8, s12, s9, s0, s1], listeners:[]
2024-12-25 19:08:16,139 INFO  server.RaftServer$Division (RaftServerImpl.java:setConfigurationAsync(1348)) - s9@group-4CF2EC507520: receive setConfiguration SetConfigurationRequest:client-9E894F3AA110->s9@group-4CF2EC507520, cid=2065, seq=null, RW, null, SET_UNCONDITIONALLY, servers:[s11, s10, s7, s13, s8, s12, s9, s0, s1], listeners:[]
2024-12-25 19:08:16,239 INFO  server.RaftServer$Division (RaftServerImpl.java:setConfigurationAsync(1348)) - s7@group-4CF2EC507520: receive setConfiguration SetConfigurationRequest:client-9E894F3AA110->s7@group-4CF2EC507520, cid=2065, seq=null, RW, null, SET_UNCONDITIONALLY, servers:[s11, s10, s7, s13, s8, s12, s9, s0, s1], listeners:[]
2024-12-25 19:08:16,339 INFO  server.RaftServer$Division (RaftServerImpl.java:setConfigurationAsync(1348)) - s8@group-4CF2EC507520: receive setConfiguration SetConfigurationRequest:client-9E894F3AA110->s8@group-4CF2EC507520, cid=2065, seq=null, RW, null, SET_UNCONDITIONALLY, servers:[s11, s10, s7, s13, s8, s12, s9, s0, s1], listeners:[]
2024-12-25 19:08:16,440 INFO  server.RaftServer$Division (RaftServerImpl.java:setConfigurationAsync(1348)) - s7@group-4CF2EC507520: receive setConfiguration SetConfigurationRequest:client-9E894F3AA110->s7@group-4CF2EC507520, cid=2065, seq=null, RW, null, SET_UNCONDITIONALLY, servers:[s11, s10, s7, s13, s8, s12, s9, s0, s1], listeners:[]
2024-12-25 19:08:16,540 INFO  server.RaftServer$Division (RaftServerImpl.java:setConfigurationAsync(1348)) - s9@group-4CF2EC507520: receive setConfiguration SetConfigurationRequest:client-9E894F3AA110->s9@group-4CF2EC507520, cid=2065, seq=null, RW, null, SET_UNCONDITIONALLY, servers:[s11, s10, s7, s13, s8, s12, s9, s0, s1], listeners:[]
2024-12-25 19:08:16,640 INFO  server.RaftServer$Division (RaftServerImpl.java:setConfigurationAsync(1348)) - s7@group-4CF2EC507520: receive setConfiguration SetConfigurationRequest:client-9E894F3AA110->s7@group-4CF2EC507520, cid=2065, seq=null, RW, null, SET_UNCONDITIONALLY, servers:[s11, s10, s7, s13, s8, s12, s9, s0, s1], listeners:[]
2024-12-25 19:08:16,741 INFO  server.RaftServer$Division (RaftServerImpl.java:setConfigurationAsync(1348)) - s8@group-4CF2EC507520: receive setConfiguration SetConfigurationRequest:client-9E894F3AA110->s8@group-4CF2EC507520, cid=2065, seq=null, RW, null, SET_UNCONDITIONALLY, servers:[s11, s10, s7, s13, s8, s12, s9, s0, s1], listeners:[]
2024-12-25 19:08:16,841 INFO  server.RaftServer$Division (RaftServerImpl.java:setConfigurationAsync(1348)) - s7@group-4CF2EC507520: receive setConfiguration SetConfigurationRequest:client-9E894F3AA110->s7@group-4CF2EC507520, cid=2065, seq=null, RW, null, SET_UNCONDITIONALLY, servers:[s11, s10, s7, s13, s8, s12, s9, s0, s1], listeners:[]
2024-12-25 19:08:16,941 INFO  server.RaftServer$Division (RaftServerImpl.java:setConfigurationAsync(1348)) - s9@group-4CF2EC507520: receive setConfiguration SetConfigurationRequest:client-9E894F3AA110->s9@group-4CF2EC507520, cid=2065, seq=null, RW, null, SET_UNCONDITIONALLY, servers:[s11, s10, s7, s13, s8, s12, s9, s0, s1], listeners:[]
2024-12-25 19:08:17,041 INFO  server.RaftServer$Division (RaftServerImpl.java:setConfigurationAsync(1348)) - s7@group-4CF2EC507520: receive setConfiguration SetConfigurationRequest:client-9E894F3AA110->s7@group-4CF2EC507520, cid=2065, seq=null, RW, null, SET_UNCONDITIONALLY, servers:[s11, s10, s7, s13, s8, s12, s9, s0, s1], listeners:[]
2024-12-25 19:08:17,057 INFO  impl.MiniRaftCluster (MiniRaftCluster.java:lambda$null$7(362)) - TIMED-PRINT: printing ALL groups
  s3:  RUNNING [
   FOLLOWER s3@group-4CF2EC507520:t0, leader=null, voted=, raftlog=Memoized:s3@group-4CF2EC507520-SegmentedRaftLog:OPENED:c-1:lastnull, conf=conf: {index: -1, cur=peers:[]|listeners:[], old=null} STARTING
   FOLLOWER s3@group-6AB839334A82:t0, leader=null, voted=, raftlog=Memoized:s3@group-6AB839334A82-SegmentedRaftLog:OPENED:c-1:lastnull, conf=conf: {index: -1, cur=peers:[]|listeners:[], old=null} STARTING] size=2
  s4:  RUNNING [
   FOLLOWER s4@group-4CF2EC507520:t0, leader=null, voted=, raftlog=Memoized:s4@group-4CF2EC507520-SegmentedRaftLog:OPENED:c-1:lastnull, conf=conf: {index: -1, cur=peers:[]|listeners:[], old=null} STARTING
   FOLLOWER s4@group-6AB839334A82:t0, leader=null, voted=, raftlog=Memoized:s4@group-6AB839334A82-SegmentedRaftLog:OPENED:c-1:lastnull, conf=conf: {index: -1, cur=peers:[]|listeners:[], old=null} STARTING] size=2
  s5:  RUNNING [
   FOLLOWER s5@group-4CF2EC507520:t0, leader=null, voted=, raftlog=Memoized:s5@group-4CF2EC507520-SegmentedRaftLog:OPENED:c-1:lastnull, conf=conf: {index: -1, cur=peers:[]|listeners:[], old=null} STARTING
   FOLLOWER s5@group-6AB839334A82:t0, leader=null, voted=, raftlog=Memoized:s5@group-6AB839334A82-SegmentedRaftLog:OPENED:c-1:lastnull, conf=conf: {index: -1, cur=peers:[]|listeners:[], old=null} STARTING] size=2
  s6:  RUNNING [
   FOLLOWER s6@group-4CF2EC507520:t0, leader=null, voted=, raftlog=Memoized:s6@group-4CF2EC507520-SegmentedRaftLog:OPENED:c-1:lastnull, conf=conf: {index: -1, cur=peers:[]|listeners:[], old=null} STARTING
   FOLLOWER s6@group-6AB839334A82:t0, leader=null, voted=, raftlog=Memoized:s6@group-6AB839334A82-SegmentedRaftLog:OPENED:c-1:lastnull, conf=conf: {index: -1, cur=peers:[]|listeners:[], old=null} STARTING] size=2
  s7:  RUNNING [
     LEADER s7@group-4CF2EC507520:t1, leader=s7, voted=s7, raftlog=Memoized:s7@group-4CF2EC507520-SegmentedRaftLog:OPENED:c123:last(t:1, i:124), conf=conf: {index: 123, cur=peers:[s7, s8, s9, s0, s1]|listeners:[], old=null} RUNNING
   FOLLOWER s7@group-6AB839334A82:t0, leader=null, voted=, raftlog=Memoized:s7@group-6AB839334A82-SegmentedRaftLog:OPENED:c-1:lastnull, conf=conf: {index: -1, cur=peers:[]|listeners:[], old=null} STARTING] size=2
  s8:  RUNNING [
   FOLLOWER s8@group-4CF2EC507520:t1, leader=s7, voted=s7, raftlog=Memoized:s8@group-4CF2EC507520-SegmentedRaftLog:OPENED:c123:last(t:1, i:124), conf=conf: {index: 123, cur=peers:[s7|, s8|, s9|, s0|, s1|]|listeners:[], old=null} RUNNING
   FOLLOWER s8@group-6AB839334A82:t0, leader=null, voted=, raftlog=Memoized:s8@group-6AB839334A82-SegmentedRaftLog:OPENED:c-1:lastnull, conf=conf: {index: -1, cur=peers:[]|listeners:[], old=null} STARTING] size=2
  s9:  RUNNING [
   FOLLOWER s9@group-4CF2EC507520:t1, leader=s7, voted=s7, raftlog=Memoized:s9@group-4CF2EC507520-SegmentedRaftLog:OPENED:c123:last(t:1, i:124), conf=conf: {index: 123, cur=peers:[s7|, s8|, s9|, s0|, s1|]|listeners:[], old=null} RUNNING
   FOLLOWER s9@group-6AB839334A82:t0, leader=null, voted=, raftlog=Memoized:s9@group-6AB839334A82-SegmentedRaftLog:OPENED:c-1:lastnull, conf=conf: {index: -1, cur=peers:[]|listeners:[], old=null} STARTING] size=2
  s11:  RUNNING [
   FOLLOWER s11@group-4CF2EC507520:t1, leader=s7, voted=null, raftlog=Memoized:s11@group-4CF2EC507520-SegmentedRaftLog:OPENED:c123:last(t:1, i:124), conf=conf: {index: 123, cur=peers:[s7|, s8|, s9|, s0|, s1|]|listeners:[], old=null} STARTING
   FOLLOWER s11@group-6AB839334A82:t0, leader=null, voted=, raftlog=Memoized:s11@group-6AB839334A82-SegmentedRaftLog:OPENED:c-1:lastnull, conf=conf: {index: -1, cur=peers:[]|listeners:[], old=null} STARTING] size=2
  s10:  RUNNING [
   FOLLOWER s10@group-4CF2EC507520:t1, leader=s7, voted=null, raftlog=Memoized:s10@group-4CF2EC507520-SegmentedRaftLog:OPENED:c123:last(t:1, i:124), conf=conf: {index: 123, cur=peers:[s7|, s8|, s9|, s0|, s1|]|listeners:[], old=null} STARTING
   FOLLOWER s10@group-6AB839334A82:t0, leader=null, voted=, raftlog=Memoized:s10@group-6AB839334A82-SegmentedRaftLog:OPENED:c-1:lastnull, conf=conf: {index: -1, cur=peers:[]|listeners:[], old=null} STARTING] size=2
  s13:  RUNNING [
   FOLLOWER s13@group-4CF2EC507520:t1, leader=s7, voted=null, raftlog=Memoized:s13@group-4CF2EC507520-SegmentedRaftLog:OPENED:c123:last(t:1, i:124), conf=conf: {index: 123, cur=peers:[s7|, s8|, s9|, s0|, s1|]|listeners:[], old=null} STARTING
   FOLLOWER s13@group-6AB839334A82:t0, leader=null, voted=, raftlog=Memoized:s13@group-6AB839334A82-SegmentedRaftLog:OPENED:c-1:lastnull, conf=conf: {index: -1, cur=peers:[]|listeners:[], old=null} STARTING] size=2
  s12:  RUNNING [
   FOLLOWER s12@group-4CF2EC507520:t1, leader=s7, voted=null, raftlog=Memoized:s12@group-4CF2EC507520-SegmentedRaftLog:OPENED:c123:last(t:1, i:124), conf=conf: {index: 123, cur=peers:[s7|, s8|, s9|, s0|, s1|]|listeners:[], old=null} STARTING
   FOLLOWER s12@group-6AB839334A82:t0, leader=null, voted=, raftlog=Memoized:s12@group-6AB839334A82-SegmentedRaftLog:OPENED:c-1:lastnull, conf=conf: {index: -1, cur=peers:[]|listeners:[], old=null} STARTING] size=2
  s14:  RUNNING [
   FOLLOWER s14@group-4CF2EC507520:t0, leader=null, voted=, raftlog=Memoized:s14@group-4CF2EC507520-SegmentedRaftLog:OPENED:c-1:lastnull, conf=conf: {index: -1, cur=peers:[]|listeners:[], old=null} STARTING
   FOLLOWER s14@group-6AB839334A82:t0, leader=null, voted=, raftlog=Memoized:s14@group-6AB839334A82-SegmentedRaftLog:OPENED:c-1:lastnull, conf=conf: {index: -1, cur=peers:[]|listeners:[], old=null} STARTING] size=2
  s0:  RUNNING [
   FOLLOWER s0@group-4CF2EC507520:t1, leader=s7, voted=null, raftlog=Memoized:s0@group-4CF2EC507520-SegmentedRaftLog:OPENED:c123:last(t:1, i:124), conf=conf: {index: 123, cur=peers:[s7|, s8|, s9|, s0|, s1|]|listeners:[], old=null} STARTING
   FOLLOWER s0@group-6AB839334A82:t0, leader=null, voted=, raftlog=Memoized:s0@group-6AB839334A82-SegmentedRaftLog:OPENED:c-1:lastnull, conf=conf: {index: -1, cur=peers:[]|listeners:[], old=null} STARTING] size=2
  s1:  RUNNING [
   FOLLOWER s1@group-4CF2EC507520:t1, leader=s7, voted=null, raftlog=Memoized:s1@group-4CF2EC507520-SegmentedRaftLog:OPENED:c123:last(t:1, i:124), conf=conf: {index: 123, cur=peers:[s7|, s8|, s9|, s0|, s1|]|listeners:[], old=null} STARTING
   FOLLOWER s1@group-6AB839334A82:t0, leader=null, voted=, raftlog=Memoized:s1@group-6AB839334A82-SegmentedRaftLog:OPENED:c-1:lastnull, conf=conf: {index: -1, cur=peers:[]|listeners:[], old=null} STARTING] size=2
  s2:  RUNNING [
   FOLLOWER s2@group-4CF2EC507520:t0, leader=null, voted=, raftlog=Memoized:s2@group-4CF2EC507520-SegmentedRaftLog:OPENED:c-1:lastnull, conf=conf: {index: -1, cur=peers:[]|listeners:[], old=null} STARTING
   FOLLOWER s2@group-6AB839334A82:t0, leader=null, voted=, raftlog=Memoized:s2@group-6AB839334A82-SegmentedRaftLog:OPENED:c-1:lastnull, conf=conf: {index: -1, cur=peers:[]|listeners:[], old=null} STARTING] size=2
2024-12-25 19:08:17,142 INFO  server.RaftServer$Division (RaftServerImpl.java:setConfigurationAsync(1348)) - s8@group-4CF2EC507520: receive setConfiguration SetConfigurationRequest:client-9E894F3AA110->s8@group-4CF2EC507520, cid=2065, seq=null, RW, null, SET_UNCONDITIONALLY, servers:[s11, s10, s7, s13, s8, s12, s9, s0, s1], listeners:[]
2024-12-25 19:08:17,242 INFO  server.RaftServer$Division (RaftServerImpl.java:setConfigurationAsync(1348)) - s7@group-4CF2EC507520: receive setConfiguration SetConfigurationRequest:client-9E894F3AA110->s7@group-4CF2EC507520, cid=2065, seq=null, RW, null, SET_UNCONDITIONALLY, servers:[s11, s10, s7, s13, s8, s12, s9, s0, s1], listeners:[]
2024-12-25 19:08:17,343 INFO  server.RaftServer$Division (RaftServerImpl.java:setConfigurationAsync(1348)) - s9@group-4CF2EC507520: receive setConfiguration SetConfigurationRequest:client-9E894F3AA110->s9@group-4CF2EC507520, cid=2065, seq=null, RW, null, SET_UNCONDITIONALLY, servers:[s11, s10, s7, s13, s8, s12, s9, s0, s1], listeners:[]
2024-12-25 19:08:17,443 INFO  server.RaftServer$Division (RaftServerImpl.java:setConfigurationAsync(1348)) - s7@group-4CF2EC507520: receive setConfiguration SetConfigurationRequest:client-9E894F3AA110->s7@group-4CF2EC507520, cid=2065, seq=null, RW, null, SET_UNCONDITIONALLY, servers:[s11, s10, s7, s13, s8, s12, s9, s0, s1], listeners:[]
2024-12-25 19:08:17,543 INFO  server.RaftServer$Division (RaftServerImpl.java:setConfigurationAsync(1348)) - s9@group-4CF2EC507520: receive setConfiguration SetConfigurationRequest:client-9E894F3AA110->s9@group-4CF2EC507520, cid=2065, seq=null, RW, null, SET_UNCONDITIONALLY, servers:[s11, s10, s7, s13, s8, s12, s9, s0, s1], listeners:[]
2024-12-25 19:08:17,643 INFO  server.RaftServer$Division (RaftServerImpl.java:setConfigurationAsync(1348)) - s7@group-4CF2EC507520: receive setConfiguration SetConfigurationRequest:client-9E894F3AA110->s7@group-4CF2EC507520, cid=2065, seq=null, RW, null, SET_UNCONDITIONALLY, servers:[s11, s10, s7, s13, s8, s12, s9, s0, s1], listeners:[]
2024-12-25 19:08:17,744 INFO  server.RaftServer$Division (RaftServerImpl.java:setConfigurationAsync(1348)) - s1@group-4CF2EC507520: receive setConfiguration SetConfigurationRequest:client-9E894F3AA110->s1@group-4CF2EC507520, cid=2065, seq=null, RW, null, SET_UNCONDITIONALLY, servers:[s11, s10, s7, s13, s8, s12, s9, s0, s1], listeners:[]
2024-12-25 19:08:17,844 INFO  server.RaftServer$Division (RaftServerImpl.java:setConfigurationAsync(1348)) - s8@group-4CF2EC507520: receive setConfiguration SetConfigurationRequest:client-9E894F3AA110->s8@group-4CF2EC507520, cid=2065, seq=null, RW, null, SET_UNCONDITIONALLY, servers:[s11, s10, s7, s13, s8, s12, s9, s0, s1], listeners:[]
2024-12-25 19:08:17,944 INFO  server.RaftServer$Division (RaftServerImpl.java:setConfigurationAsync(1348)) - s7@group-4CF2EC507520: receive setConfiguration SetConfigurationRequest:client-9E894F3AA110->s7@group-4CF2EC507520, cid=2065, seq=null, RW, null, SET_UNCONDITIONALLY, servers:[s11, s10, s7, s13, s8, s12, s9, s0, s1], listeners:[]
2024-12-25 19:08:18,045 INFO  server.RaftServer$Division (RaftServerImpl.java:setConfigurationAsync(1348)) - s9@group-4CF2EC507520: receive setConfiguration SetConfigurationRequest:client-9E894F3AA110->s9@group-4CF2EC507520, cid=2065, seq=null, RW, null, SET_UNCONDITIONALLY, servers:[s11, s10, s7, s13, s8, s12, s9, s0, s1], listeners:[]
2024-12-25 19:08:18,145 INFO  server.RaftServer$Division (RaftServerImpl.java:setConfigurationAsync(1348)) - s7@group-4CF2EC507520: receive setConfiguration SetConfigurationRequest:client-9E894F3AA110->s7@group-4CF2EC507520, cid=2065, seq=null, RW, null, SET_UNCONDITIONALLY, servers:[s11, s10, s7, s13, s8, s12, s9, s0, s1], listeners:[]
2024-12-25 19:08:18,246 INFO  server.RaftServer$Division (RaftServerImpl.java:setConfigurationAsync(1348)) - s8@group-4CF2EC507520: receive setConfiguration SetConfigurationRequest:client-9E894F3AA110->s8@group-4CF2EC507520, cid=2065, seq=null, RW, null, SET_UNCONDITIONALLY, servers:[s11, s10, s7, s13, s8, s12, s9, s0, s1], listeners:[]
2024-12-25 19:08:18,346 INFO  server.RaftServer$Division (RaftServerImpl.java:setConfigurationAsync(1348)) - s7@group-4CF2EC507520: receive setConfiguration SetConfigurationRequest:client-9E894F3AA110->s7@group-4CF2EC507520, cid=2065, seq=null, RW, null, SET_UNCONDITIONALLY, servers:[s11, s10, s7, s13, s8, s12, s9, s0, s1], listeners:[]
2024-12-25 19:08:18,446 INFO  server.RaftServer$Division (RaftServerImpl.java:setConfigurationAsync(1348)) - s0@group-4CF2EC507520: receive setConfiguration SetConfigurationRequest:client-9E894F3AA110->s0@group-4CF2EC507520, cid=2065, seq=null, RW, null, SET_UNCONDITIONALLY, servers:[s11, s10, s7, s13, s8, s12, s9, s0, s1], listeners:[]
2024-12-25 19:08:18,547 INFO  server.RaftServer$Division (RaftServerImpl.java:setConfigurationAsync(1348)) - s8@group-4CF2EC507520: receive setConfiguration SetConfigurationRequest:client-9E894F3AA110->s8@group-4CF2EC507520, cid=2065, seq=null, RW, null, SET_UNCONDITIONALLY, servers:[s11, s10, s7, s13, s8, s12, s9, s0, s1], listeners:[]
2024-12-25 19:08:18,647 INFO  server.RaftServer$Division (RaftServerImpl.java:setConfigurationAsync(1348)) - s7@group-4CF2EC507520: receive setConfiguration SetConfigurationRequest:client-9E894F3AA110->s7@group-4CF2EC507520, cid=2065, seq=null, RW, null, SET_UNCONDITIONALLY, servers:[s11, s10, s7, s13, s8, s12, s9, s0, s1], listeners:[]
2024-12-25 19:08:18,747 INFO  server.RaftServer$Division (RaftServerImpl.java:setConfigurationAsync(1348)) - s0@group-4CF2EC507520: receive setConfiguration SetConfigurationRequest:client-9E894F3AA110->s0@group-4CF2EC507520, cid=2065, seq=null, RW, null, SET_UNCONDITIONALLY, servers:[s11, s10, s7, s13, s8, s12, s9, s0, s1], listeners:[]
2024-12-25 19:08:18,847 INFO  server.RaftServer$Division (RaftServerImpl.java:setConfigurationAsync(1348)) - s8@group-4CF2EC507520: receive setConfiguration SetConfigurationRequest:client-9E894F3AA110->s8@group-4CF2EC507520, cid=2065, seq=null, RW, null, SET_UNCONDITIONALLY, servers:[s11, s10, s7, s13, s8, s12, s9, s0, s1], listeners:[]
2024-12-25 19:08:18,948 INFO  server.RaftServer$Division (RaftServerImpl.java:setConfigurationAsync(1348)) - s7@group-4CF2EC507520: receive setConfiguration SetConfigurationRequest:client-9E894F3AA110->s7@group-4CF2EC507520, cid=2065, seq=null, RW, null, SET_UNCONDITIONALLY, servers:[s11, s10, s7, s13, s8, s12, s9, s0, s1], listeners:[]
2024-12-25 19:08:19,048 INFO  server.RaftServer$Division (RaftServerImpl.java:setConfigurationAsync(1348)) - s1@group-4CF2EC507520: receive setConfiguration SetConfigurationRequest:client-9E894F3AA110->s1@group-4CF2EC507520, cid=2065, seq=null, RW, null, SET_UNCONDITIONALLY, servers:[s11, s10, s7, s13, s8, s12, s9, s0, s1], listeners:[]
2024-12-25 19:08:19,148 INFO  server.RaftServer$Division (RaftServerImpl.java:setConfigurationAsync(1348)) - s0@group-4CF2EC507520: receive setConfiguration SetConfigurationRequest:client-9E894F3AA110->s0@group-4CF2EC507520, cid=2065, seq=null, RW, null, SET_UNCONDITIONALLY, servers:[s11, s10, s7, s13, s8, s12, s9, s0, s1], listeners:[]
2024-12-25 19:08:19,249 INFO  server.RaftServer$Division (RaftServerImpl.java:setConfigurationAsync(1348)) - s1@group-4CF2EC507520: receive setConfiguration SetConfigurationRequest:client-9E894F3AA110->s1@group-4CF2EC507520, cid=2065, seq=null, RW, null, SET_UNCONDITIONALLY, servers:[s11, s10, s7, s13, s8, s12, s9, s0, s1], listeners:[]
2024-12-25 19:08:19,349 INFO  server.RaftServer$Division (RaftServerImpl.java:setConfigurationAsync(1348)) - s7@group-4CF2EC507520: receive setConfiguration SetConfigurationRequest:client-9E894F3AA110->s7@group-4CF2EC507520, cid=2065, seq=null, RW, null, SET_UNCONDITIONALLY, servers:[s11, s10, s7, s13, s8, s12, s9, s0, s1], listeners:[]
2024-12-25 19:08:19,450 INFO  server.RaftServer$Division (RaftServerImpl.java:setConfigurationAsync(1348)) - s9@group-4CF2EC507520: receive setConfiguration SetConfigurationRequest:client-9E894F3AA110->s9@group-4CF2EC507520, cid=2065, seq=null, RW, null, SET_UNCONDITIONALLY, servers:[s11, s10, s7, s13, s8, s12, s9, s0, s1], listeners:[]
2024-12-25 19:08:19,550 INFO  server.RaftServer$Division (RaftServerImpl.java:setConfigurationAsync(1348)) - s7@group-4CF2EC507520: receive setConfiguration SetConfigurationRequest:client-9E894F3AA110->s7@group-4CF2EC507520, cid=2065, seq=null, RW, null, SET_UNCONDITIONALLY, servers:[s11, s10, s7, s13, s8, s12, s9, s0, s1], listeners:[]
2024-12-25 19:08:19,650 INFO  server.RaftServer$Division (RaftServerImpl.java:setConfigurationAsync(1348)) - s8@group-4CF2EC507520: receive setConfiguration SetConfigurationRequest:client-9E894F3AA110->s8@group-4CF2EC507520, cid=2065, seq=null, RW, null, SET_UNCONDITIONALLY, servers:[s11, s10, s7, s13, s8, s12, s9, s0, s1], listeners:[]
2024-12-25 19:08:19,751 INFO  server.RaftServer$Division (RaftServerImpl.java:setConfigurationAsync(1348)) - s7@group-4CF2EC507520: receive setConfiguration SetConfigurationRequest:client-9E894F3AA110->s7@group-4CF2EC507520, cid=2065, seq=null, RW, null, SET_UNCONDITIONALLY, servers:[s11, s10, s7, s13, s8, s12, s9, s0, s1], listeners:[]
2024-12-25 19:08:19,851 INFO  server.RaftServer$Division (RaftServerImpl.java:setConfigurationAsync(1348)) - s8@group-4CF2EC507520: receive setConfiguration SetConfigurationRequest:client-9E894F3AA110->s8@group-4CF2EC507520, cid=2065, seq=null, RW, null, SET_UNCONDITIONALLY, servers:[s11, s10, s7, s13, s8, s12, s9, s0, s1], listeners:[]
2024-12-25 19:08:19,952 INFO  server.RaftServer$Division (RaftServerImpl.java:setConfigurationAsync(1348)) - s7@group-4CF2EC507520: receive setConfiguration SetConfigurationRequest:client-9E894F3AA110->s7@group-4CF2EC507520, cid=2065, seq=null, RW, null, SET_UNCONDITIONALLY, servers:[s11, s10, s7, s13, s8, s12, s9, s0, s1], listeners:[]
2024-12-25 19:08:20,052 INFO  server.RaftServer$Division (RaftServerImpl.java:setConfigurationAsync(1348)) - s0@group-4CF2EC507520: receive setConfiguration SetConfigurationRequest:client-9E894F3AA110->s0@group-4CF2EC507520, cid=2065, seq=null, RW, null, SET_UNCONDITIONALLY, servers:[s11, s10, s7, s13, s8, s12, s9, s0, s1], listeners:[]
2024-12-25 19:08:20,152 INFO  server.RaftServer$Division (RaftServerImpl.java:setConfigurationAsync(1348)) - s8@group-4CF2EC507520: receive setConfiguration SetConfigurationRequest:client-9E894F3AA110->s8@group-4CF2EC507520, cid=2065, seq=null, RW, null, SET_UNCONDITIONALLY, servers:[s11, s10, s7, s13, s8, s12, s9, s0, s1], listeners:[]
2024-12-25 19:08:20,253 INFO  server.RaftServer$Division (RaftServerImpl.java:setConfigurationAsync(1348)) - s7@group-4CF2EC507520: receive setConfiguration SetConfigurationRequest:client-9E894F3AA110->s7@group-4CF2EC507520, cid=2065, seq=null, RW, null, SET_UNCONDITIONALLY, servers:[s11, s10, s7, s13, s8, s12, s9, s0, s1], listeners:[]
2024-12-25 19:08:20,353 INFO  server.RaftServer$Division (RaftServerImpl.java:setConfigurationAsync(1348)) - s0@group-4CF2EC507520: receive setConfiguration SetConfigurationRequest:client-9E894F3AA110->s0@group-4CF2EC507520, cid=2065, seq=null, RW, null, SET_UNCONDITIONALLY, servers:[s11, s10, s7, s13, s8, s12, s9, s0, s1], listeners:[]
2024-12-25 19:08:20,453 INFO  server.RaftServer$Division (RaftServerImpl.java:setConfigurationAsync(1348)) - s1@group-4CF2EC507520: receive setConfiguration SetConfigurationRequest:client-9E894F3AA110->s1@group-4CF2EC507520, cid=2065, seq=null, RW, null, SET_UNCONDITIONALLY, servers:[s11, s10, s7, s13, s8, s12, s9, s0, s1], listeners:[]
2024-12-25 19:08:20,554 INFO  server.RaftServer$Division (RaftServerImpl.java:setConfigurationAsync(1348)) - s9@group-4CF2EC507520: receive setConfiguration SetConfigurationRequest:client-9E894F3AA110->s9@group-4CF2EC507520, cid=2065, seq=null, RW, null, SET_UNCONDITIONALLY, servers:[s11, s10, s7, s13, s8, s12, s9, s0, s1], listeners:[]
2024-12-25 19:08:20,654 INFO  server.RaftServer$Division (RaftServerImpl.java:setConfigurationAsync(1348)) - s7@group-4CF2EC507520: receive setConfiguration SetConfigurationRequest:client-9E894F3AA110->s7@group-4CF2EC507520, cid=2065, seq=null, RW, null, SET_UNCONDITIONALLY, servers:[s11, s10, s7, s13, s8, s12, s9, s0, s1], listeners:[]
2024-12-25 19:08:20,754 INFO  server.RaftServer$Division (RaftServerImpl.java:setConfigurationAsync(1348)) - s9@group-4CF2EC507520: receive setConfiguration SetConfigurationRequest:client-9E894F3AA110->s9@group-4CF2EC507520, cid=2065, seq=null, RW, null, SET_UNCONDITIONALLY, servers:[s11, s10, s7, s13, s8, s12, s9, s0, s1], listeners:[]
2024-12-25 19:08:20,855 INFO  server.RaftServer$Division (RaftServerImpl.java:setConfigurationAsync(1348)) - s7@group-4CF2EC507520: receive setConfiguration SetConfigurationRequest:client-9E894F3AA110->s7@group-4CF2EC507520, cid=2065, seq=null, RW, null, SET_UNCONDITIONALLY, servers:[s11, s10, s7, s13, s8, s12, s9, s0, s1], listeners:[]
2024-12-25 19:08:20,955 INFO  server.RaftServer$Division (RaftServerImpl.java:setConfigurationAsync(1348)) - s0@group-4CF2EC507520: receive setConfiguration SetConfigurationRequest:client-9E894F3AA110->s0@group-4CF2EC507520, cid=2065, seq=null, RW, null, SET_UNCONDITIONALLY, servers:[s11, s10, s7, s13, s8, s12, s9, s0, s1], listeners:[]
2024-12-25 19:08:21,055 INFO  server.RaftServer$Division (RaftServerImpl.java:setConfigurationAsync(1348)) - s8@group-4CF2EC507520: receive setConfiguration SetConfigurationRequest:client-9E894F3AA110->s8@group-4CF2EC507520, cid=2065, seq=null, RW, null, SET_UNCONDITIONALLY, servers:[s11, s10, s7, s13, s8, s12, s9, s0, s1], listeners:[]
2024-12-25 19:08:21,156 INFO  server.RaftServer$Division (RaftServerImpl.java:setConfigurationAsync(1348)) - s7@group-4CF2EC507520: receive setConfiguration SetConfigurationRequest:client-9E894F3AA110->s7@group-4CF2EC507520, cid=2065, seq=null, RW, null, SET_UNCONDITIONALLY, servers:[s11, s10, s7, s13, s8, s12, s9, s0, s1], listeners:[]
2024-12-25 19:08:21,256 INFO  server.RaftServer$Division (RaftServerImpl.java:setConfigurationAsync(1348)) - s9@group-4CF2EC507520: receive setConfiguration SetConfigurationRequest:client-9E894F3AA110->s9@group-4CF2EC507520, cid=2065, seq=null, RW, null, SET_UNCONDITIONALLY, servers:[s11, s10, s7, s13, s8, s12, s9, s0, s1], listeners:[]
2024-12-25 19:08:21,356 INFO  server.RaftServer$Division (RaftServerImpl.java:setConfigurationAsync(1348)) - s7@group-4CF2EC507520: receive setConfiguration SetConfigurationRequest:client-9E894F3AA110->s7@group-4CF2EC507520, cid=2065, seq=null, RW, null, SET_UNCONDITIONALLY, servers:[s11, s10, s7, s13, s8, s12, s9, s0, s1], listeners:[]
2024-12-25 19:08:21,457 INFO  server.RaftServer$Division (RaftServerImpl.java:setConfigurationAsync(1348)) - s1@group-4CF2EC507520: receive setConfiguration SetConfigurationRequest:client-9E894F3AA110->s1@group-4CF2EC507520, cid=2065, seq=null, RW, null, SET_UNCONDITIONALLY, servers:[s11, s10, s7, s13, s8, s12, s9, s0, s1], listeners:[]
2024-12-25 19:08:21,557 INFO  server.RaftServer$Division (RaftServerImpl.java:setConfigurationAsync(1348)) - s7@group-4CF2EC507520: receive setConfiguration SetConfigurationRequest:client-9E894F3AA110->s7@group-4CF2EC507520, cid=2065, seq=null, RW, null, SET_UNCONDITIONALLY, servers:[s11, s10, s7, s13, s8, s12, s9, s0, s1], listeners:[]
2024-12-25 19:08:21,657 INFO  server.RaftServer$Division (RaftServerImpl.java:setConfigurationAsync(1348)) - s8@group-4CF2EC507520: receive setConfiguration SetConfigurationRequest:client-9E894F3AA110->s8@group-4CF2EC507520, cid=2065, seq=null, RW, null, SET_UNCONDITIONALLY, servers:[s11, s10, s7, s13, s8, s12, s9, s0, s1], listeners:[]
2024-12-25 19:08:21,758 INFO  server.RaftServer$Division (RaftServerImpl.java:setConfigurationAsync(1348)) - s7@group-4CF2EC507520: receive setConfiguration SetConfigurationRequest:client-9E894F3AA110->s7@group-4CF2EC507520, cid=2065, seq=null, RW, null, SET_UNCONDITIONALLY, servers:[s11, s10, s7, s13, s8, s12, s9, s0, s1], listeners:[]
2024-12-25 19:08:21,858 INFO  server.RaftServer$Division (RaftServerImpl.java:setConfigurationAsync(1348)) - s1@group-4CF2EC507520: receive setConfiguration SetConfigurationRequest:client-9E894F3AA110->s1@group-4CF2EC507520, cid=2065, seq=null, RW, null, SET_UNCONDITIONALLY, servers:[s11, s10, s7, s13, s8, s12, s9, s0, s1], listeners:[]
2024-12-25 19:08:21,959 INFO  server.RaftServer$Division (RaftServerImpl.java:setConfigurationAsync(1348)) - s7@group-4CF2EC507520: receive setConfiguration SetConfigurationRequest:client-9E894F3AA110->s7@group-4CF2EC507520, cid=2065, seq=null, RW, null, SET_UNCONDITIONALLY, servers:[s11, s10, s7, s13, s8, s12, s9, s0, s1], listeners:[]
2024-12-25 19:08:22,059 INFO  server.RaftServer$Division (RaftServerImpl.java:setConfigurationAsync(1348)) - s1@group-4CF2EC507520: receive setConfiguration SetConfigurationRequest:client-9E894F3AA110->s1@group-4CF2EC507520, cid=2065, seq=null, RW, null, SET_UNCONDITIONALLY, servers:[s11, s10, s7, s13, s8, s12, s9, s0, s1], listeners:[]
2024-12-25 19:08:22,159 INFO  server.RaftServer$Division (RaftServerImpl.java:setConfigurationAsync(1348)) - s8@group-4CF2EC507520: receive setConfiguration SetConfigurationRequest:client-9E894F3AA110->s8@group-4CF2EC507520, cid=2065, seq=null, RW, null, SET_UNCONDITIONALLY, servers:[s11, s10, s7, s13, s8, s12, s9, s0, s1], listeners:[]
2024-12-25 19:08:22,260 INFO  server.RaftServer$Division (RaftServerImpl.java:setConfigurationAsync(1348)) - s7@group-4CF2EC507520: receive setConfiguration SetConfigurationRequest:client-9E894F3AA110->s7@group-4CF2EC507520, cid=2065, seq=null, RW, null, SET_UNCONDITIONALLY, servers:[s11, s10, s7, s13, s8, s12, s9, s0, s1], listeners:[]
2024-12-25 19:08:22,360 INFO  server.RaftServer$Division (RaftServerImpl.java:setConfigurationAsync(1348)) - s1@group-4CF2EC507520: receive setConfiguration SetConfigurationRequest:client-9E894F3AA110->s1@group-4CF2EC507520, cid=2065, seq=null, RW, null, SET_UNCONDITIONALLY, servers:[s11, s10, s7, s13, s8, s12, s9, s0, s1], listeners:[]
2024-12-25 19:08:22,461 INFO  server.RaftServer$Division (RaftServerImpl.java:setConfigurationAsync(1348)) - s8@group-4CF2EC507520: receive setConfiguration SetConfigurationRequest:client-9E894F3AA110->s8@group-4CF2EC507520, cid=2065, seq=null, RW, null, SET_UNCONDITIONALLY, servers:[s11, s10, s7, s13, s8, s12, s9, s0, s1], listeners:[]
2024-12-25 19:08:22,561 INFO  server.RaftServer$Division (RaftServerImpl.java:setConfigurationAsync(1348)) - s7@group-4CF2EC507520: receive setConfiguration SetConfigurationRequest:client-9E894F3AA110->s7@group-4CF2EC507520, cid=2065, seq=null, RW, null, SET_UNCONDITIONALLY, servers:[s11, s10, s7, s13, s8, s12, s9, s0, s1], listeners:[]
2024-12-25 19:08:22,661 INFO  server.RaftServer$Division (RaftServerImpl.java:setConfigurationAsync(1348)) - s1@group-4CF2EC507520: receive setConfiguration SetConfigurationRequest:client-9E894F3AA110->s1@group-4CF2EC507520, cid=2065, seq=null, RW, null, SET_UNCONDITIONALLY, servers:[s11, s10, s7, s13, s8, s12, s9, s0, s1], listeners:[]
2024-12-25 19:08:22,762 INFO  server.RaftServer$Division (RaftServerImpl.java:setConfigurationAsync(1348)) - s0@group-4CF2EC507520: receive setConfiguration SetConfigurationRequest:client-9E894F3AA110->s0@group-4CF2EC507520, cid=2065, seq=null, RW, null, SET_UNCONDITIONALLY, servers:[s11, s10, s7, s13, s8, s12, s9, s0, s1], listeners:[]
2024-12-25 19:08:22,862 INFO  server.RaftServer$Division (RaftServerImpl.java:setConfigurationAsync(1348)) - s1@group-4CF2EC507520: receive setConfiguration SetConfigurationRequest:client-9E894F3AA110->s1@group-4CF2EC507520, cid=2065, seq=null, RW, null, SET_UNCONDITIONALLY, servers:[s11, s10, s7, s13, s8, s12, s9, s0, s1], listeners:[]
2024-12-25 19:08:22,962 INFO  server.RaftServer$Division (RaftServerImpl.java:setConfigurationAsync(1348)) - s9@group-4CF2EC507520: receive setConfiguration SetConfigurationRequest:client-9E894F3AA110->s9@group-4CF2EC507520, cid=2065, seq=null, RW, null, SET_UNCONDITIONALLY, servers:[s11, s10, s7, s13, s8, s12, s9, s0, s1], listeners:[]
2024-12-25 19:08:23,063 INFO  server.RaftServer$Division (RaftServerImpl.java:setConfigurationAsync(1348)) - s7@group-4CF2EC507520: receive setConfiguration SetConfigurationRequest:client-9E894F3AA110->s7@group-4CF2EC507520, cid=2065, seq=null, RW, null, SET_UNCONDITIONALLY, servers:[s11, s10, s7, s13, s8, s12, s9, s0, s1], listeners:[]
2024-12-25 19:08:23,163 INFO  server.RaftServer$Division (RaftServerImpl.java:setConfigurationAsync(1348)) - s9@group-4CF2EC507520: receive setConfiguration SetConfigurationRequest:client-9E894F3AA110->s9@group-4CF2EC507520, cid=2065, seq=null, RW, null, SET_UNCONDITIONALLY, servers:[s11, s10, s7, s13, s8, s12, s9, s0, s1], listeners:[]
2024-12-25 19:08:23,264 INFO  server.RaftServer$Division (RaftServerImpl.java:setConfigurationAsync(1348)) - s7@group-4CF2EC507520: receive setConfiguration SetConfigurationRequest:client-9E894F3AA110->s7@group-4CF2EC507520, cid=2065, seq=null, RW, null, SET_UNCONDITIONALLY, servers:[s11, s10, s7, s13, s8, s12, s9, s0, s1], listeners:[]
2024-12-25 19:08:23,364 INFO  server.RaftServer$Division (RaftServerImpl.java:setConfigurationAsync(1348)) - s9@group-4CF2EC507520: receive setConfiguration SetConfigurationRequest:client-9E894F3AA110->s9@group-4CF2EC507520, cid=2065, seq=null, RW, null, SET_UNCONDITIONALLY, servers:[s11, s10, s7, s13, s8, s12, s9, s0, s1], listeners:[]
2024-12-25 19:08:23,465 INFO  server.RaftServer$Division (RaftServerImpl.java:setConfigurationAsync(1348)) - s7@group-4CF2EC507520: receive setConfiguration SetConfigurationRequest:client-9E894F3AA110->s7@group-4CF2EC507520, cid=2065, seq=null, RW, null, SET_UNCONDITIONALLY, servers:[s11, s10, s7, s13, s8, s12, s9, s0, s1], listeners:[]
2024-12-25 19:08:23,565 INFO  server.RaftServer$Division (RaftServerImpl.java:setConfigurationAsync(1348)) - s0@group-4CF2EC507520: receive setConfiguration SetConfigurationRequest:client-9E894F3AA110->s0@group-4CF2EC507520, cid=2065, seq=null, RW, null, SET_UNCONDITIONALLY, servers:[s11, s10, s7, s13, s8, s12, s9, s0, s1], listeners:[]
2024-12-25 19:08:23,665 INFO  server.RaftServer$Division (RaftServerImpl.java:setConfigurationAsync(1348)) - s1@group-4CF2EC507520: receive setConfiguration SetConfigurationRequest:client-9E894F3AA110->s1@group-4CF2EC507520, cid=2065, seq=null, RW, null, SET_UNCONDITIONALLY, servers:[s11, s10, s7, s13, s8, s12, s9, s0, s1], listeners:[]
2024-12-25 19:08:23,766 INFO  server.RaftServer$Division (RaftServerImpl.java:setConfigurationAsync(1348)) - s7@group-4CF2EC507520: receive setConfiguration SetConfigurationRequest:client-9E894F3AA110->s7@group-4CF2EC507520, cid=2065, seq=null, RW, null, SET_UNCONDITIONALLY, servers:[s11, s10, s7, s13, s8, s12, s9, s0, s1], listeners:[]
2024-12-25 19:08:23,866 INFO  server.RaftServer$Division (RaftServerImpl.java:setConfigurationAsync(1348)) - s0@group-4CF2EC507520: receive setConfiguration SetConfigurationRequest:client-9E894F3AA110->s0@group-4CF2EC507520, cid=2065, seq=null, RW, null, SET_UNCONDITIONALLY, servers:[s11, s10, s7, s13, s8, s12, s9, s0, s1], listeners:[]
2024-12-25 19:08:23,966 INFO  server.RaftServer$Division (RaftServerImpl.java:setConfigurationAsync(1348)) - s8@group-4CF2EC507520: receive setConfiguration SetConfigurationRequest:client-9E894F3AA110->s8@group-4CF2EC507520, cid=2065, seq=null, RW, null, SET_UNCONDITIONALLY, servers:[s11, s10, s7, s13, s8, s12, s9, s0, s1], listeners:[]
2024-12-25 19:08:24,067 INFO  server.RaftServer$Division (RaftServerImpl.java:setConfigurationAsync(1348)) - s7@group-4CF2EC507520: receive setConfiguration SetConfigurationRequest:client-9E894F3AA110->s7@group-4CF2EC507520, cid=2065, seq=null, RW, null, SET_UNCONDITIONALLY, servers:[s11, s10, s7, s13, s8, s12, s9, s0, s1], listeners:[]
2024-12-25 19:08:24,167 INFO  server.RaftServer$Division (RaftServerImpl.java:setConfigurationAsync(1348)) - s9@group-4CF2EC507520: receive setConfiguration SetConfigurationRequest:client-9E894F3AA110->s9@group-4CF2EC507520, cid=2065, seq=null, RW, null, SET_UNCONDITIONALLY, servers:[s11, s10, s7, s13, s8, s12, s9, s0, s1], listeners:[]
2024-12-25 19:08:24,267 INFO  server.RaftServer$Division (RaftServerImpl.java:setConfigurationAsync(1348)) - s7@group-4CF2EC507520: receive setConfiguration SetConfigurationRequest:client-9E894F3AA110->s7@group-4CF2EC507520, cid=2065, seq=null, RW, null, SET_UNCONDITIONALLY, servers:[s11, s10, s7, s13, s8, s12, s9, s0, s1], listeners:[]
2024-12-25 19:08:24,368 INFO  server.RaftServer$Division (RaftServerImpl.java:setConfigurationAsync(1348)) - s8@group-4CF2EC507520: receive setConfiguration SetConfigurationRequest:client-9E894F3AA110->s8@group-4CF2EC507520, cid=2065, seq=null, RW, null, SET_UNCONDITIONALLY, servers:[s11, s10, s7, s13, s8, s12, s9, s0, s1], listeners:[]
2024-12-25 19:08:24,468 INFO  server.RaftServer$Division (RaftServerImpl.java:setConfigurationAsync(1348)) - s7@group-4CF2EC507520: receive setConfiguration SetConfigurationRequest:client-9E894F3AA110->s7@group-4CF2EC507520, cid=2065, seq=null, RW, null, SET_UNCONDITIONALLY, servers:[s11, s10, s7, s13, s8, s12, s9, s0, s1], listeners:[]
2024-12-25 19:08:24,568 INFO  server.RaftServer$Division (RaftServerImpl.java:setConfigurationAsync(1348)) - s0@group-4CF2EC507520: receive setConfiguration SetConfigurationRequest:client-9E894F3AA110->s0@group-4CF2EC507520, cid=2065, seq=null, RW, null, SET_UNCONDITIONALLY, servers:[s11, s10, s7, s13, s8, s12, s9, s0, s1], listeners:[]
2024-12-25 19:08:24,669 INFO  server.RaftServer$Division (RaftServerImpl.java:setConfigurationAsync(1348)) - s1@group-4CF2EC507520: receive setConfiguration SetConfigurationRequest:client-9E894F3AA110->s1@group-4CF2EC507520, cid=2065, seq=null, RW, null, SET_UNCONDITIONALLY, servers:[s11, s10, s7, s13, s8, s12, s9, s0, s1], listeners:[]
2024-12-25 19:08:24,769 INFO  server.RaftServer$Division (RaftServerImpl.java:setConfigurationAsync(1348)) - s7@group-4CF2EC507520: receive setConfiguration SetConfigurationRequest:client-9E894F3AA110->s7@group-4CF2EC507520, cid=2065, seq=null, RW, null, SET_UNCONDITIONALLY, servers:[s11, s10, s7, s13, s8, s12, s9, s0, s1], listeners:[]
2024-12-25 19:08:24,870 INFO  server.RaftServer$Division (RaftServerImpl.java:setConfigurationAsync(1348)) - s9@group-4CF2EC507520: receive setConfiguration SetConfigurationRequest:client-9E894F3AA110->s9@group-4CF2EC507520, cid=2065, seq=null, RW, null, SET_UNCONDITIONALLY, servers:[s11, s10, s7, s13, s8, s12, s9, s0, s1], listeners:[]
2024-12-25 19:08:24,970 INFO  server.RaftServer$Division (RaftServerImpl.java:setConfigurationAsync(1348)) - s7@group-4CF2EC507520: receive setConfiguration SetConfigurationRequest:client-9E894F3AA110->s7@group-4CF2EC507520, cid=2065, seq=null, RW, null, SET_UNCONDITIONALLY, servers:[s11, s10, s7, s13, s8, s12, s9, s0, s1], listeners:[]
2024-12-25 19:08:25,070 INFO  server.RaftServer$Division (RaftServerImpl.java:setConfigurationAsync(1348)) - s9@group-4CF2EC507520: receive setConfiguration SetConfigurationRequest:client-9E894F3AA110->s9@group-4CF2EC507520, cid=2065, seq=null, RW, null, SET_UNCONDITIONALLY, servers:[s11, s10, s7, s13, s8, s12, s9, s0, s1], listeners:[]
2024-12-25 19:08:25,171 INFO  server.RaftServer$Division (RaftServerImpl.java:setConfigurationAsync(1348)) - s7@group-4CF2EC507520: receive setConfiguration SetConfigurationRequest:client-9E894F3AA110->s7@group-4CF2EC507520, cid=2065, seq=null, RW, null, SET_UNCONDITIONALLY, servers:[s11, s10, s7, s13, s8, s12, s9, s0, s1], listeners:[]
2024-12-25 19:08:25,271 INFO  server.RaftServer$Division (RaftServerImpl.java:setConfigurationAsync(1348)) - s0@group-4CF2EC507520: receive setConfiguration SetConfigurationRequest:client-9E894F3AA110->s0@group-4CF2EC507520, cid=2065, seq=null, RW, null, SET_UNCONDITIONALLY, servers:[s11, s10, s7, s13, s8, s12, s9, s0, s1], listeners:[]
2024-12-25 19:08:25,371 INFO  server.RaftServer$Division (RaftServerImpl.java:setConfigurationAsync(1348)) - s1@group-4CF2EC507520: receive setConfiguration SetConfigurationRequest:client-9E894F3AA110->s1@group-4CF2EC507520, cid=2065, seq=null, RW, null, SET_UNCONDITIONALLY, servers:[s11, s10, s7, s13, s8, s12, s9, s0, s1], listeners:[]
2024-12-25 19:08:25,472 INFO  server.RaftServer$Division (RaftServerImpl.java:setConfigurationAsync(1348)) - s8@group-4CF2EC507520: receive setConfiguration SetConfigurationRequest:client-9E894F3AA110->s8@group-4CF2EC507520, cid=2065, seq=null, RW, null, SET_UNCONDITIONALLY, servers:[s11, s10, s7, s13, s8, s12, s9, s0, s1], listeners:[]
2024-12-25 19:08:25,572 INFO  server.RaftServer$Division (RaftServerImpl.java:setConfigurationAsync(1348)) - s7@group-4CF2EC507520: receive setConfiguration SetConfigurationRequest:client-9E894F3AA110->s7@group-4CF2EC507520, cid=2065, seq=null, RW, null, SET_UNCONDITIONALLY, servers:[s11, s10, s7, s13, s8, s12, s9, s0, s1], listeners:[]
2024-12-25 19:08:25,672 INFO  server.RaftServer$Division (RaftServerImpl.java:setConfigurationAsync(1348)) - s0@group-4CF2EC507520: receive setConfiguration SetConfigurationRequest:client-9E894F3AA110->s0@group-4CF2EC507520, cid=2065, seq=null, RW, null, SET_UNCONDITIONALLY, servers:[s11, s10, s7, s13, s8, s12, s9, s0, s1], listeners:[]
2024-12-25 19:08:25,773 INFO  server.RaftServer$Division (RaftServerImpl.java:setConfigurationAsync(1348)) - s9@group-4CF2EC507520: receive setConfiguration SetConfigurationRequest:client-9E894F3AA110->s9@group-4CF2EC507520, cid=2065, seq=null, RW, null, SET_UNCONDITIONALLY, servers:[s11, s10, s7, s13, s8, s12, s9, s0, s1], listeners:[]
2024-12-25 19:08:25,873 INFO  server.RaftServer$Division (RaftServerImpl.java:setConfigurationAsync(1348)) - s7@group-4CF2EC507520: receive setConfiguration SetConfigurationRequest:client-9E894F3AA110->s7@group-4CF2EC507520, cid=2065, seq=null, RW, null, SET_UNCONDITIONALLY, servers:[s11, s10, s7, s13, s8, s12, s9, s0, s1], listeners:[]
2024-12-25 19:08:25,973 INFO  server.RaftServer$Division (RaftServerImpl.java:setConfigurationAsync(1348)) - s1@group-4CF2EC507520: receive setConfiguration SetConfigurationRequest:client-9E894F3AA110->s1@group-4CF2EC507520, cid=2065, seq=null, RW, null, SET_UNCONDITIONALLY, servers:[s11, s10, s7, s13, s8, s12, s9, s0, s1], listeners:[]
2024-12-25 19:08:26,074 INFO  server.RaftServer$Division (RaftServerImpl.java:setConfigurationAsync(1348)) - s0@group-4CF2EC507520: receive setConfiguration SetConfigurationRequest:client-9E894F3AA110->s0@group-4CF2EC507520, cid=2065, seq=null, RW, null, SET_UNCONDITIONALLY, servers:[s11, s10, s7, s13, s8, s12, s9, s0, s1], listeners:[]
2024-12-25 19:08:26,174 INFO  server.RaftServer$Division (RaftServerImpl.java:setConfigurationAsync(1348)) - s1@group-4CF2EC507520: receive setConfiguration SetConfigurationRequest:client-9E894F3AA110->s1@group-4CF2EC507520, cid=2065, seq=null, RW, null, SET_UNCONDITIONALLY, servers:[s11, s10, s7, s13, s8, s12, s9, s0, s1], listeners:[]
2024-12-25 19:08:26,274 INFO  server.RaftServer$Division (RaftServerImpl.java:setConfigurationAsync(1348)) - s0@group-4CF2EC507520: receive setConfiguration SetConfigurationRequest:client-9E894F3AA110->s0@group-4CF2EC507520, cid=2065, seq=null, RW, null, SET_UNCONDITIONALLY, servers:[s11, s10, s7, s13, s8, s12, s9, s0, s1], listeners:[]
2024-12-25 19:08:26,375 INFO  server.RaftServer$Division (RaftServerImpl.java:setConfigurationAsync(1348)) - s9@group-4CF2EC507520: receive setConfiguration SetConfigurationRequest:client-9E894F3AA110->s9@group-4CF2EC507520, cid=2065, seq=null, RW, null, SET_UNCONDITIONALLY, servers:[s11, s10, s7, s13, s8, s12, s9, s0, s1], listeners:[]
2024-12-25 19:08:26,475 INFO  server.RaftServer$Division (RaftServerImpl.java:setConfigurationAsync(1348)) - s7@group-4CF2EC507520: receive setConfiguration SetConfigurationRequest:client-9E894F3AA110->s7@group-4CF2EC507520, cid=2065, seq=null, RW, null, SET_UNCONDITIONALLY, servers:[s11, s10, s7, s13, s8, s12, s9, s0, s1], listeners:[]
2024-12-25 19:08:26,575 INFO  server.RaftServer$Division (RaftServerImpl.java:setConfigurationAsync(1348)) - s9@group-4CF2EC507520: receive setConfiguration SetConfigurationRequest:client-9E894F3AA110->s9@group-4CF2EC507520, cid=2065, seq=null, RW, null, SET_UNCONDITIONALLY, servers:[s11, s10, s7, s13, s8, s12, s9, s0, s1], listeners:[]
2024-12-25 19:08:26,676 INFO  server.RaftServer$Division (RaftServerImpl.java:setConfigurationAsync(1348)) - s7@group-4CF2EC507520: receive setConfiguration SetConfigurationRequest:client-9E894F3AA110->s7@group-4CF2EC507520, cid=2065, seq=null, RW, null, SET_UNCONDITIONALLY, servers:[s11, s10, s7, s13, s8, s12, s9, s0, s1], listeners:[]
2024-12-25 19:08:26,776 INFO  server.RaftServer$Division (RaftServerImpl.java:setConfigurationAsync(1348)) - s0@group-4CF2EC507520: receive setConfiguration SetConfigurationRequest:client-9E894F3AA110->s0@group-4CF2EC507520, cid=2065, seq=null, RW, null, SET_UNCONDITIONALLY, servers:[s11, s10, s7, s13, s8, s12, s9, s0, s1], listeners:[]
2024-12-25 19:08:26,876 INFO  server.RaftServer$Division (RaftServerImpl.java:setConfigurationAsync(1348)) - s1@group-4CF2EC507520: receive setConfiguration SetConfigurationRequest:client-9E894F3AA110->s1@group-4CF2EC507520, cid=2065, seq=null, RW, null, SET_UNCONDITIONALLY, servers:[s11, s10, s7, s13, s8, s12, s9, s0, s1], listeners:[]
2024-12-25 19:08:26,977 INFO  server.RaftServer$Division (RaftServerImpl.java:setConfigurationAsync(1348)) - s8@group-4CF2EC507520: receive setConfiguration SetConfigurationRequest:client-9E894F3AA110->s8@group-4CF2EC507520, cid=2065, seq=null, RW, null, SET_UNCONDITIONALLY, servers:[s11, s10, s7, s13, s8, s12, s9, s0, s1], listeners:[]
2024-12-25 19:08:27,057 INFO  impl.MiniRaftCluster (MiniRaftCluster.java:lambda$null$7(362)) - TIMED-PRINT: printing ALL groups
  s3:  RUNNING [
   FOLLOWER s3@group-4CF2EC507520:t0, leader=null, voted=, raftlog=Memoized:s3@group-4CF2EC507520-SegmentedRaftLog:OPENED:c-1:lastnull, conf=conf: {index: -1, cur=peers:[]|listeners:[], old=null} STARTING
   FOLLOWER s3@group-6AB839334A82:t0, leader=null, voted=, raftlog=Memoized:s3@group-6AB839334A82-SegmentedRaftLog:OPENED:c-1:lastnull, conf=conf: {index: -1, cur=peers:[]|listeners:[], old=null} STARTING] size=2
  s4:  RUNNING [
   FOLLOWER s4@group-4CF2EC507520:t0, leader=null, voted=, raftlog=Memoized:s4@group-4CF2EC507520-SegmentedRaftLog:OPENED:c-1:lastnull, conf=conf: {index: -1, cur=peers:[]|listeners:[], old=null} STARTING
   FOLLOWER s4@group-6AB839334A82:t0, leader=null, voted=, raftlog=Memoized:s4@group-6AB839334A82-SegmentedRaftLog:OPENED:c-1:lastnull, conf=conf: {index: -1, cur=peers:[]|listeners:[], old=null} STARTING] size=2
  s5:  RUNNING [
   FOLLOWER s5@group-4CF2EC507520:t0, leader=null, voted=, raftlog=Memoized:s5@group-4CF2EC507520-SegmentedRaftLog:OPENED:c-1:lastnull, conf=conf: {index: -1, cur=peers:[]|listeners:[], old=null} STARTING
   FOLLOWER s5@group-6AB839334A82:t0, leader=null, voted=, raftlog=Memoized:s5@group-6AB839334A82-SegmentedRaftLog:OPENED:c-1:lastnull, conf=conf: {index: -1, cur=peers:[]|listeners:[], old=null} STARTING] size=2
  s6:  RUNNING [
   FOLLOWER s6@group-4CF2EC507520:t0, leader=null, voted=, raftlog=Memoized:s6@group-4CF2EC507520-SegmentedRaftLog:OPENED:c-1:lastnull, conf=conf: {index: -1, cur=peers:[]|listeners:[], old=null} STARTING
   FOLLOWER s6@group-6AB839334A82:t0, leader=null, voted=, raftlog=Memoized:s6@group-6AB839334A82-SegmentedRaftLog:OPENED:c-1:lastnull, conf=conf: {index: -1, cur=peers:[]|listeners:[], old=null} STARTING] size=2
  s7:  RUNNING [
     LEADER s7@group-4CF2EC507520:t1, leader=s7, voted=s7, raftlog=Memoized:s7@group-4CF2EC507520-SegmentedRaftLog:OPENED:c123:last(t:1, i:124), conf=conf: {index: 123, cur=peers:[s7, s8, s9, s0, s1]|listeners:[], old=null} RUNNING
   FOLLOWER s7@group-6AB839334A82:t0, leader=null, voted=, raftlog=Memoized:s7@group-6AB839334A82-SegmentedRaftLog:OPENED:c-1:lastnull, conf=conf: {index: -1, cur=peers:[]|listeners:[], old=null} STARTING] size=2
  s8:  RUNNING [
   FOLLOWER s8@group-4CF2EC507520:t1, leader=s7, voted=s7, raftlog=Memoized:s8@group-4CF2EC507520-SegmentedRaftLog:OPENED:c123:last(t:1, i:124), conf=conf: {index: 123, cur=peers:[s7|, s8|, s9|, s0|, s1|]|listeners:[], old=null} RUNNING
   FOLLOWER s8@group-6AB839334A82:t0, leader=null, voted=, raftlog=Memoized:s8@group-6AB839334A82-SegmentedRaftLog:OPENED:c-1:lastnull, conf=conf: {index: -1, cur=peers:[]|listeners:[], old=null} STARTING] size=2
  s9:  RUNNING [
   FOLLOWER s9@group-4CF2EC507520:t1, leader=s7, voted=s7, raftlog=Memoized:s9@group-4CF2EC507520-SegmentedRaftLog:OPENED:c123:last(t:1, i:124), conf=conf: {index: 123, cur=peers:[s7|, s8|, s9|, s0|, s1|]|listeners:[], old=null} RUNNING
   FOLLOWER s9@group-6AB839334A82:t0, leader=null, voted=, raftlog=Memoized:s9@group-6AB839334A82-SegmentedRaftLog:OPENED:c-1:lastnull, conf=conf: {index: -1, cur=peers:[]|listeners:[], old=null} STARTING] size=2
  s11:  RUNNING [
   FOLLOWER s11@group-4CF2EC507520:t1, leader=s7, voted=null, raftlog=Memoized:s11@group-4CF2EC507520-SegmentedRaftLog:OPENED:c123:last(t:1, i:124), conf=conf: {index: 123, cur=peers:[s7|, s8|, s9|, s0|, s1|]|listeners:[], old=null} STARTING
   FOLLOWER s11@group-6AB839334A82:t0, leader=null, voted=, raftlog=Memoized:s11@group-6AB839334A82-SegmentedRaftLog:OPENED:c-1:lastnull, conf=conf: {index: -1, cur=peers:[]|listeners:[], old=null} STARTING] size=2
  s10:  RUNNING [
   FOLLOWER s10@group-4CF2EC507520:t1, leader=s7, voted=null, raftlog=Memoized:s10@group-4CF2EC507520-SegmentedRaftLog:OPENED:c123:last(t:1, i:124), conf=conf: {index: 123, cur=peers:[s7|, s8|, s9|, s0|, s1|]|listeners:[], old=null} STARTING
   FOLLOWER s10@group-6AB839334A82:t0, leader=null, voted=, raftlog=Memoized:s10@group-6AB839334A82-SegmentedRaftLog:OPENED:c-1:lastnull, conf=conf: {index: -1, cur=peers:[]|listeners:[], old=null} STARTING] size=2
  s13:  RUNNING [
   FOLLOWER s13@group-4CF2EC507520:t1, leader=s7, voted=null, raftlog=Memoized:s13@group-4CF2EC507520-SegmentedRaftLog:OPENED:c123:last(t:1, i:124), conf=conf: {index: 123, cur=peers:[s7|, s8|, s9|, s0|, s1|]|listeners:[], old=null} STARTING
   FOLLOWER s13@group-6AB839334A82:t0, leader=null, voted=, raftlog=Memoized:s13@group-6AB839334A82-SegmentedRaftLog:OPENED:c-1:lastnull, conf=conf: {index: -1, cur=peers:[]|listeners:[], old=null} STARTING] size=2
  s12:  RUNNING [
   FOLLOWER s12@group-4CF2EC507520:t1, leader=s7, voted=null, raftlog=Memoized:s12@group-4CF2EC507520-SegmentedRaftLog:OPENED:c123:last(t:1, i:124), conf=conf: {index: 123, cur=peers:[s7|, s8|, s9|, s0|, s1|]|listeners:[], old=null} STARTING
   FOLLOWER s12@group-6AB839334A82:t0, leader=null, voted=, raftlog=Memoized:s12@group-6AB839334A82-SegmentedRaftLog:OPENED:c-1:lastnull, conf=conf: {index: -1, cur=peers:[]|listeners:[], old=null} STARTING] size=2
  s14:  RUNNING [
   FOLLOWER s14@group-4CF2EC507520:t0, leader=null, voted=, raftlog=Memoized:s14@group-4CF2EC507520-SegmentedRaftLog:OPENED:c-1:lastnull, conf=conf: {index: -1, cur=peers:[]|listeners:[], old=null} STARTING
   FOLLOWER s14@group-6AB839334A82:t0, leader=null, voted=, raftlog=Memoized:s14@group-6AB839334A82-SegmentedRaftLog:OPENED:c-1:lastnull, conf=conf: {index: -1, cur=peers:[]|listeners:[], old=null} STARTING] size=2
  s0:  RUNNING [
   FOLLOWER s0@group-4CF2EC507520:t1, leader=s7, voted=null, raftlog=Memoized:s0@group-4CF2EC507520-SegmentedRaftLog:OPENED:c123:last(t:1, i:124), conf=conf: {index: 123, cur=peers:[s7|, s8|, s9|, s0|, s1|]|listeners:[], old=null} STARTING
   FOLLOWER s0@group-6AB839334A82:t0, leader=null, voted=, raftlog=Memoized:s0@group-6AB839334A82-SegmentedRaftLog:OPENED:c-1:lastnull, conf=conf: {index: -1, cur=peers:[]|listeners:[], old=null} STARTING] size=2
  s1:  RUNNING [
   FOLLOWER s1@group-4CF2EC507520:t1, leader=s7, voted=null, raftlog=Memoized:s1@group-4CF2EC507520-SegmentedRaftLog:OPENED:c123:last(t:1, i:124), conf=conf: {index: 123, cur=peers:[s7|, s8|, s9|, s0|, s1|]|listeners:[], old=null} STARTING
   FOLLOWER s1@group-6AB839334A82:t0, leader=null, voted=, raftlog=Memoized:s1@group-6AB839334A82-SegmentedRaftLog:OPENED:c-1:lastnull, conf=conf: {index: -1, cur=peers:[]|listeners:[], old=null} STARTING] size=2
  s2:  RUNNING [
   FOLLOWER s2@group-4CF2EC507520:t0, leader=null, voted=, raftlog=Memoized:s2@group-4CF2EC507520-SegmentedRaftLog:OPENED:c-1:lastnull, conf=conf: {index: -1, cur=peers:[]|listeners:[], old=null} STARTING
   FOLLOWER s2@group-6AB839334A82:t0, leader=null, voted=, raftlog=Memoized:s2@group-6AB839334A82-SegmentedRaftLog:OPENED:c-1:lastnull, conf=conf: {index: -1, cur=peers:[]|listeners:[], old=null} STARTING] size=2
2024-12-25 19:08:27,077 INFO  server.RaftServer$Division (RaftServerImpl.java:setConfigurationAsync(1348)) - s7@group-4CF2EC507520: receive setConfiguration SetConfigurationRequest:client-9E894F3AA110->s7@group-4CF2EC507520, cid=2065, seq=null, RW, null, SET_UNCONDITIONALLY, servers:[s11, s10, s7, s13, s8, s12, s9, s0, s1], listeners:[]
2024-12-25 19:08:27,178 INFO  server.RaftServer$Division (RaftServerImpl.java:setConfigurationAsync(1348)) - s1@group-4CF2EC507520: receive setConfiguration SetConfigurationRequest:client-9E894F3AA110->s1@group-4CF2EC507520, cid=2065, seq=null, RW, null, SET_UNCONDITIONALLY, servers:[s11, s10, s7, s13, s8, s12, s9, s0, s1], listeners:[]
2024-12-25 19:08:27,278 INFO  server.RaftServer$Division (RaftServerImpl.java:setConfigurationAsync(1348)) - s0@group-4CF2EC507520: receive setConfiguration SetConfigurationRequest:client-9E894F3AA110->s0@group-4CF2EC507520, cid=2065, seq=null, RW, null, SET_UNCONDITIONALLY, servers:[s11, s10, s7, s13, s8, s12, s9, s0, s1], listeners:[]
2024-12-25 19:08:27,379 INFO  server.RaftServer$Division (RaftServerImpl.java:setConfigurationAsync(1348)) - s1@group-4CF2EC507520: receive setConfiguration SetConfigurationRequest:client-9E894F3AA110->s1@group-4CF2EC507520, cid=2065, seq=null, RW, null, SET_UNCONDITIONALLY, servers:[s11, s10, s7, s13, s8, s12, s9, s0, s1], listeners:[]
2024-12-25 19:08:27,479 INFO  server.RaftServer$Division (RaftServerImpl.java:setConfigurationAsync(1348)) - s8@group-4CF2EC507520: receive setConfiguration SetConfigurationRequest:client-9E894F3AA110->s8@group-4CF2EC507520, cid=2065, seq=null, RW, null, SET_UNCONDITIONALLY, servers:[s11, s10, s7, s13, s8, s12, s9, s0, s1], listeners:[]
2024-12-25 19:08:27,580 INFO  server.RaftServer$Division (RaftServerImpl.java:setConfigurationAsync(1348)) - s7@group-4CF2EC507520: receive setConfiguration SetConfigurationRequest:client-9E894F3AA110->s7@group-4CF2EC507520, cid=2065, seq=null, RW, null, SET_UNCONDITIONALLY, servers:[s11, s10, s7, s13, s8, s12, s9, s0, s1], listeners:[]
2024-12-25 19:08:27,680 INFO  server.RaftServer$Division (RaftServerImpl.java:setConfigurationAsync(1348)) - s0@group-4CF2EC507520: receive setConfiguration SetConfigurationRequest:client-9E894F3AA110->s0@group-4CF2EC507520, cid=2065, seq=null, RW, null, SET_UNCONDITIONALLY, servers:[s11, s10, s7, s13, s8, s12, s9, s0, s1], listeners:[]
2024-12-25 19:08:27,780 INFO  server.RaftServer$Division (RaftServerImpl.java:setConfigurationAsync(1348)) - s8@group-4CF2EC507520: receive setConfiguration SetConfigurationRequest:client-9E894F3AA110->s8@group-4CF2EC507520, cid=2065, seq=null, RW, null, SET_UNCONDITIONALLY, servers:[s11, s10, s7, s13, s8, s12, s9, s0, s1], listeners:[]
2024-12-25 19:08:27,881 INFO  server.RaftServer$Division (RaftServerImpl.java:setConfigurationAsync(1348)) - s7@group-4CF2EC507520: receive setConfiguration SetConfigurationRequest:client-9E894F3AA110->s7@group-4CF2EC507520, cid=2065, seq=null, RW, null, SET_UNCONDITIONALLY, servers:[s11, s10, s7, s13, s8, s12, s9, s0, s1], listeners:[]
2024-12-25 19:08:27,981 INFO  server.RaftServer$Division (RaftServerImpl.java:setConfigurationAsync(1348)) - s9@group-4CF2EC507520: receive setConfiguration SetConfigurationRequest:client-9E894F3AA110->s9@group-4CF2EC507520, cid=2065, seq=null, RW, null, SET_UNCONDITIONALLY, servers:[s11, s10, s7, s13, s8, s12, s9, s0, s1], listeners:[]
2024-12-25 19:08:28,081 INFO  server.RaftServer$Division (RaftServerImpl.java:setConfigurationAsync(1348)) - s7@group-4CF2EC507520: receive setConfiguration SetConfigurationRequest:client-9E894F3AA110->s7@group-4CF2EC507520, cid=2065, seq=null, RW, null, SET_UNCONDITIONALLY, servers:[s11, s10, s7, s13, s8, s12, s9, s0, s1], listeners:[]
2024-12-25 19:08:28,182 INFO  server.RaftServer$Division (RaftServerImpl.java:setConfigurationAsync(1348)) - s1@group-4CF2EC507520: receive setConfiguration SetConfigurationRequest:client-9E894F3AA110->s1@group-4CF2EC507520, cid=2065, seq=null, RW, null, SET_UNCONDITIONALLY, servers:[s11, s10, s7, s13, s8, s12, s9, s0, s1], listeners:[]
2024-12-25 19:08:28,282 INFO  server.RaftServer$Division (RaftServerImpl.java:setConfigurationAsync(1348)) - s0@group-4CF2EC507520: receive setConfiguration SetConfigurationRequest:client-9E894F3AA110->s0@group-4CF2EC507520, cid=2065, seq=null, RW, null, SET_UNCONDITIONALLY, servers:[s11, s10, s7, s13, s8, s12, s9, s0, s1], listeners:[]
2024-12-25 19:08:28,382 INFO  server.RaftServer$Division (RaftServerImpl.java:setConfigurationAsync(1348)) - s7@group-4CF2EC507520: receive setConfiguration SetConfigurationRequest:client-9E894F3AA110->s7@group-4CF2EC507520, cid=2065, seq=null, RW, null, SET_UNCONDITIONALLY, servers:[s11, s10, s7, s13, s8, s12, s9, s0, s1], listeners:[]
2024-12-25 19:08:28,483 INFO  server.RaftServer$Division (RaftServerImpl.java:setConfigurationAsync(1348)) - s9@group-4CF2EC507520: receive setConfiguration SetConfigurationRequest:client-9E894F3AA110->s9@group-4CF2EC507520, cid=2065, seq=null, RW, null, SET_UNCONDITIONALLY, servers:[s11, s10, s7, s13, s8, s12, s9, s0, s1], listeners:[]
2024-12-25 19:08:28,583 INFO  server.RaftServer$Division (RaftServerImpl.java:setConfigurationAsync(1348)) - s7@group-4CF2EC507520: receive setConfiguration SetConfigurationRequest:client-9E894F3AA110->s7@group-4CF2EC507520, cid=2065, seq=null, RW, null, SET_UNCONDITIONALLY, servers:[s11, s10, s7, s13, s8, s12, s9, s0, s1], listeners:[]
2024-12-25 19:08:28,683 INFO  server.RaftServer$Division (RaftServerImpl.java:setConfigurationAsync(1348)) - s8@group-4CF2EC507520: receive setConfiguration SetConfigurationRequest:client-9E894F3AA110->s8@group-4CF2EC507520, cid=2065, seq=null, RW, null, SET_UNCONDITIONALLY, servers:[s11, s10, s7, s13, s8, s12, s9, s0, s1], listeners:[]
2024-12-25 19:08:28,784 INFO  server.RaftServer$Division (RaftServerImpl.java:setConfigurationAsync(1348)) - s7@group-4CF2EC507520: receive setConfiguration SetConfigurationRequest:client-9E894F3AA110->s7@group-4CF2EC507520, cid=2065, seq=null, RW, null, SET_UNCONDITIONALLY, servers:[s11, s10, s7, s13, s8, s12, s9, s0, s1], listeners:[]
2024-12-25 19:08:28,884 INFO  server.RaftServer$Division (RaftServerImpl.java:setConfigurationAsync(1348)) - s9@group-4CF2EC507520: receive setConfiguration SetConfigurationRequest:client-9E894F3AA110->s9@group-4CF2EC507520, cid=2065, seq=null, RW, null, SET_UNCONDITIONALLY, servers:[s11, s10, s7, s13, s8, s12, s9, s0, s1], listeners:[]
2024-12-25 19:08:28,985 INFO  server.RaftServer$Division (RaftServerImpl.java:setConfigurationAsync(1348)) - s7@group-4CF2EC507520: receive setConfiguration SetConfigurationRequest:client-9E894F3AA110->s7@group-4CF2EC507520, cid=2065, seq=null, RW, null, SET_UNCONDITIONALLY, servers:[s11, s10, s7, s13, s8, s12, s9, s0, s1], listeners:[]
2024-12-25 19:08:29,085 INFO  server.RaftServer$Division (RaftServerImpl.java:setConfigurationAsync(1348)) - s9@group-4CF2EC507520: receive setConfiguration SetConfigurationRequest:client-9E894F3AA110->s9@group-4CF2EC507520, cid=2065, seq=null, RW, null, SET_UNCONDITIONALLY, servers:[s11, s10, s7, s13, s8, s12, s9, s0, s1], listeners:[]
2024-12-25 19:08:29,185 INFO  server.RaftServer$Division (RaftServerImpl.java:setConfigurationAsync(1348)) - s7@group-4CF2EC507520: receive setConfiguration SetConfigurationRequest:client-9E894F3AA110->s7@group-4CF2EC507520, cid=2065, seq=null, RW, null, SET_UNCONDITIONALLY, servers:[s11, s10, s7, s13, s8, s12, s9, s0, s1], listeners:[]
2024-12-25 19:08:29,286 INFO  server.RaftServer$Division (RaftServerImpl.java:setConfigurationAsync(1348)) - s0@group-4CF2EC507520: receive setConfiguration SetConfigurationRequest:client-9E894F3AA110->s0@group-4CF2EC507520, cid=2065, seq=null, RW, null, SET_UNCONDITIONALLY, servers:[s11, s10, s7, s13, s8, s12, s9, s0, s1], listeners:[]
2024-12-25 19:08:29,386 INFO  server.RaftServer$Division (RaftServerImpl.java:setConfigurationAsync(1348)) - s1@group-4CF2EC507520: receive setConfiguration SetConfigurationRequest:client-9E894F3AA110->s1@group-4CF2EC507520, cid=2065, seq=null, RW, null, SET_UNCONDITIONALLY, servers:[s11, s10, s7, s13, s8, s12, s9, s0, s1], listeners:[]
2024-12-25 19:08:29,486 INFO  server.RaftServer$Division (RaftServerImpl.java:setConfigurationAsync(1348)) - s9@group-4CF2EC507520: receive setConfiguration SetConfigurationRequest:client-9E894F3AA110->s9@group-4CF2EC507520, cid=2065, seq=null, RW, null, SET_UNCONDITIONALLY, servers:[s11, s10, s7, s13, s8, s12, s9, s0, s1], listeners:[]
2024-12-25 19:08:29,587 INFO  server.RaftServer$Division (RaftServerImpl.java:setConfigurationAsync(1348)) - s7@group-4CF2EC507520: receive setConfiguration SetConfigurationRequest:client-9E894F3AA110->s7@group-4CF2EC507520, cid=2065, seq=null, RW, null, SET_UNCONDITIONALLY, servers:[s11, s10, s7, s13, s8, s12, s9, s0, s1], listeners:[]
2024-12-25 19:08:29,687 INFO  server.RaftServer$Division (RaftServerImpl.java:setConfigurationAsync(1348)) - s8@group-4CF2EC507520: receive setConfiguration SetConfigurationRequest:client-9E894F3AA110->s8@group-4CF2EC507520, cid=2065, seq=null, RW, null, SET_UNCONDITIONALLY, servers:[s11, s10, s7, s13, s8, s12, s9, s0, s1], listeners:[]
2024-12-25 19:08:29,787 INFO  server.RaftServer$Division (RaftServerImpl.java:setConfigurationAsync(1348)) - s7@group-4CF2EC507520: receive setConfiguration SetConfigurationRequest:client-9E894F3AA110->s7@group-4CF2EC507520, cid=2065, seq=null, RW, null, SET_UNCONDITIONALLY, servers:[s11, s10, s7, s13, s8, s12, s9, s0, s1], listeners:[]
2024-12-25 19:08:29,888 INFO  server.RaftServer$Division (RaftServerImpl.java:setConfigurationAsync(1348)) - s8@group-4CF2EC507520: receive setConfiguration SetConfigurationRequest:client-9E894F3AA110->s8@group-4CF2EC507520, cid=2065, seq=null, RW, null, SET_UNCONDITIONALLY, servers:[s11, s10, s7, s13, s8, s12, s9, s0, s1], listeners:[]
2024-12-25 19:08:29,988 INFO  server.RaftServer$Division (RaftServerImpl.java:setConfigurationAsync(1348)) - s7@group-4CF2EC507520: receive setConfiguration SetConfigurationRequest:client-9E894F3AA110->s7@group-4CF2EC507520, cid=2065, seq=null, RW, null, SET_UNCONDITIONALLY, servers:[s11, s10, s7, s13, s8, s12, s9, s0, s1], listeners:[]
2024-12-25 19:08:30,089 INFO  server.RaftServer$Division (RaftServerImpl.java:setConfigurationAsync(1348)) - s1@group-4CF2EC507520: receive setConfiguration SetConfigurationRequest:client-9E894F3AA110->s1@group-4CF2EC507520, cid=2065, seq=null, RW, null, SET_UNCONDITIONALLY, servers:[s11, s10, s7, s13, s8, s12, s9, s0, s1], listeners:[]
2024-12-25 19:08:30,189 INFO  server.RaftServer$Division (RaftServerImpl.java:setConfigurationAsync(1348)) - s8@group-4CF2EC507520: receive setConfiguration SetConfigurationRequest:client-9E894F3AA110->s8@group-4CF2EC507520, cid=2065, seq=null, RW, null, SET_UNCONDITIONALLY, servers:[s11, s10, s7, s13, s8, s12, s9, s0, s1], listeners:[]
2024-12-25 19:08:30,289 INFO  server.RaftServer$Division (RaftServerImpl.java:setConfigurationAsync(1348)) - s7@group-4CF2EC507520: receive setConfiguration SetConfigurationRequest:client-9E894F3AA110->s7@group-4CF2EC507520, cid=2065, seq=null, RW, null, SET_UNCONDITIONALLY, servers:[s11, s10, s7, s13, s8, s12, s9, s0, s1], listeners:[]
2024-12-25 19:08:30,390 INFO  server.RaftServer$Division (RaftServerImpl.java:setConfigurationAsync(1348)) - s1@group-4CF2EC507520: receive setConfiguration SetConfigurationRequest:client-9E894F3AA110->s1@group-4CF2EC507520, cid=2065, seq=null, RW, null, SET_UNCONDITIONALLY, servers:[s11, s10, s7, s13, s8, s12, s9, s0, s1], listeners:[]
2024-12-25 19:08:30,490 INFO  server.RaftServer$Division (RaftServerImpl.java:setConfigurationAsync(1348)) - s0@group-4CF2EC507520: receive setConfiguration SetConfigurationRequest:client-9E894F3AA110->s0@group-4CF2EC507520, cid=2065, seq=null, RW, null, SET_UNCONDITIONALLY, servers:[s11, s10, s7, s13, s8, s12, s9, s0, s1], listeners:[]
2024-12-25 19:08:30,591 INFO  server.RaftServer$Division (RaftServerImpl.java:setConfigurationAsync(1348)) - s8@group-4CF2EC507520: receive setConfiguration SetConfigurationRequest:client-9E894F3AA110->s8@group-4CF2EC507520, cid=2065, seq=null, RW, null, SET_UNCONDITIONALLY, servers:[s11, s10, s7, s13, s8, s12, s9, s0, s1], listeners:[]
2024-12-25 19:08:30,691 INFO  server.RaftServer$Division (RaftServerImpl.java:setConfigurationAsync(1348)) - s7@group-4CF2EC507520: receive setConfiguration SetConfigurationRequest:client-9E894F3AA110->s7@group-4CF2EC507520, cid=2065, seq=null, RW, null, SET_UNCONDITIONALLY, servers:[s11, s10, s7, s13, s8, s12, s9, s0, s1], listeners:[]
2024-12-25 19:08:30,791 INFO  server.RaftServer$Division (RaftServerImpl.java:setConfigurationAsync(1348)) - s0@group-4CF2EC507520: receive setConfiguration SetConfigurationRequest:client-9E894F3AA110->s0@group-4CF2EC507520, cid=2065, seq=null, RW, null, SET_UNCONDITIONALLY, servers:[s11, s10, s7, s13, s8, s12, s9, s0, s1], listeners:[]
2024-12-25 19:08:30,892 INFO  server.RaftServer$Division (RaftServerImpl.java:setConfigurationAsync(1348)) - s7@group-4CF2EC507520: receive setConfiguration SetConfigurationRequest:client-9E894F3AA110->s7@group-4CF2EC507520, cid=2065, seq=null, RW, null, SET_UNCONDITIONALLY, servers:[s11, s10, s7, s13, s8, s12, s9, s0, s1], listeners:[]
2024-12-25 19:08:30,992 INFO  server.RaftServer$Division (RaftServerImpl.java:setConfigurationAsync(1348)) - s9@group-4CF2EC507520: receive setConfiguration SetConfigurationRequest:client-9E894F3AA110->s9@group-4CF2EC507520, cid=2065, seq=null, RW, null, SET_UNCONDITIONALLY, servers:[s11, s10, s7, s13, s8, s12, s9, s0, s1], listeners:[]
2024-12-25 19:08:31,093 INFO  server.RaftServer$Division (RaftServerImpl.java:setConfigurationAsync(1348)) - s7@group-4CF2EC507520: receive setConfiguration SetConfigurationRequest:client-9E894F3AA110->s7@group-4CF2EC507520, cid=2065, seq=null, RW, null, SET_UNCONDITIONALLY, servers:[s11, s10, s7, s13, s8, s12, s9, s0, s1], listeners:[]
2024-12-25 19:08:31,193 INFO  server.RaftServer$Division (RaftServerImpl.java:setConfigurationAsync(1348)) - s1@group-4CF2EC507520: receive setConfiguration SetConfigurationRequest:client-9E894F3AA110->s1@group-4CF2EC507520, cid=2065, seq=null, RW, null, SET_UNCONDITIONALLY, servers:[s11, s10, s7, s13, s8, s12, s9, s0, s1], listeners:[]
2024-12-25 19:08:31,294 INFO  server.RaftServer$Division (RaftServerImpl.java:setConfigurationAsync(1348)) - s8@group-4CF2EC507520: receive setConfiguration SetConfigurationRequest:client-9E894F3AA110->s8@group-4CF2EC507520, cid=2065, seq=null, RW, null, SET_UNCONDITIONALLY, servers:[s11, s10, s7, s13, s8, s12, s9, s0, s1], listeners:[]
2024-12-25 19:08:31,394 INFO  server.RaftServer$Division (RaftServerImpl.java:setConfigurationAsync(1348)) - s7@group-4CF2EC507520: receive setConfiguration SetConfigurationRequest:client-9E894F3AA110->s7@group-4CF2EC507520, cid=2065, seq=null, RW, null, SET_UNCONDITIONALLY, servers:[s11, s10, s7, s13, s8, s12, s9, s0, s1], listeners:[]
2024-12-25 19:08:31,495 INFO  server.RaftServer$Division (RaftServerImpl.java:setConfigurationAsync(1348)) - s1@group-4CF2EC507520: receive setConfiguration SetConfigurationRequest:client-9E894F3AA110->s1@group-4CF2EC507520, cid=2065, seq=null, RW, null, SET_UNCONDITIONALLY, servers:[s11, s10, s7, s13, s8, s12, s9, s0, s1], listeners:[]
2024-12-25 19:08:31,595 INFO  server.RaftServer$Division (RaftServerImpl.java:setConfigurationAsync(1348)) - s8@group-4CF2EC507520: receive setConfiguration SetConfigurationRequest:client-9E894F3AA110->s8@group-4CF2EC507520, cid=2065, seq=null, RW, null, SET_UNCONDITIONALLY, servers:[s11, s10, s7, s13, s8, s12, s9, s0, s1], listeners:[]
2024-12-25 19:08:31,695 INFO  server.RaftServer$Division (RaftServerImpl.java:setConfigurationAsync(1348)) - s7@group-4CF2EC507520: receive setConfiguration SetConfigurationRequest:client-9E894F3AA110->s7@group-4CF2EC507520, cid=2065, seq=null, RW, null, SET_UNCONDITIONALLY, servers:[s11, s10, s7, s13, s8, s12, s9, s0, s1], listeners:[]
2024-12-25 19:08:31,796 INFO  server.RaftServer$Division (RaftServerImpl.java:setConfigurationAsync(1348)) - s8@group-4CF2EC507520: receive setConfiguration SetConfigurationRequest:client-9E894F3AA110->s8@group-4CF2EC507520, cid=2065, seq=null, RW, null, SET_UNCONDITIONALLY, servers:[s11, s10, s7, s13, s8, s12, s9, s0, s1], listeners:[]
2024-12-25 19:08:31,896 INFO  server.RaftServer$Division (RaftServerImpl.java:setConfigurationAsync(1348)) - s7@group-4CF2EC507520: receive setConfiguration SetConfigurationRequest:client-9E894F3AA110->s7@group-4CF2EC507520, cid=2065, seq=null, RW, null, SET_UNCONDITIONALLY, servers:[s11, s10, s7, s13, s8, s12, s9, s0, s1], listeners:[]
2024-12-25 19:08:31,997 INFO  server.RaftServer$Division (RaftServerImpl.java:setConfigurationAsync(1348)) - s9@group-4CF2EC507520: receive setConfiguration SetConfigurationRequest:client-9E894F3AA110->s9@group-4CF2EC507520, cid=2065, seq=null, RW, null, SET_UNCONDITIONALLY, servers:[s11, s10, s7, s13, s8, s12, s9, s0, s1], listeners:[]
2024-12-25 19:08:32,097 INFO  server.RaftServer$Division (RaftServerImpl.java:setConfigurationAsync(1348)) - s7@group-4CF2EC507520: receive setConfiguration SetConfigurationRequest:client-9E894F3AA110->s7@group-4CF2EC507520, cid=2065, seq=null, RW, null, SET_UNCONDITIONALLY, servers:[s11, s10, s7, s13, s8, s12, s9, s0, s1], listeners:[]
2024-12-25 19:08:32,198 INFO  server.RaftServer$Division (RaftServerImpl.java:setConfigurationAsync(1348)) - s0@group-4CF2EC507520: receive setConfiguration SetConfigurationRequest:client-9E894F3AA110->s0@group-4CF2EC507520, cid=2065, seq=null, RW, null, SET_UNCONDITIONALLY, servers:[s11, s10, s7, s13, s8, s12, s9, s0, s1], listeners:[]
2024-12-25 19:08:32,298 INFO  server.RaftServer$Division (RaftServerImpl.java:setConfigurationAsync(1348)) - s7@group-4CF2EC507520: receive setConfiguration SetConfigurationRequest:client-9E894F3AA110->s7@group-4CF2EC507520, cid=2065, seq=null, RW, null, SET_UNCONDITIONALLY, servers:[s11, s10, s7, s13, s8, s12, s9, s0, s1], listeners:[]
2024-12-25 19:08:32,399 INFO  server.RaftServer$Division (RaftServerImpl.java:setConfigurationAsync(1348)) - s0@group-4CF2EC507520: receive setConfiguration SetConfigurationRequest:client-9E894F3AA110->s0@group-4CF2EC507520, cid=2065, seq=null, RW, null, SET_UNCONDITIONALLY, servers:[s11, s10, s7, s13, s8, s12, s9, s0, s1], listeners:[]
2024-12-25 19:08:32,499 INFO  server.RaftServer$Division (RaftServerImpl.java:setConfigurationAsync(1348)) - s7@group-4CF2EC507520: receive setConfiguration SetConfigurationRequest:client-9E894F3AA110->s7@group-4CF2EC507520, cid=2065, seq=null, RW, null, SET_UNCONDITIONALLY, servers:[s11, s10, s7, s13, s8, s12, s9, s0, s1], listeners:[]
2024-12-25 19:08:32,599 INFO  server.RaftServer$Division (RaftServerImpl.java:setConfigurationAsync(1348)) - s9@group-4CF2EC507520: receive setConfiguration SetConfigurationRequest:client-9E894F3AA110->s9@group-4CF2EC507520, cid=2065, seq=null, RW, null, SET_UNCONDITIONALLY, servers:[s11, s10, s7, s13, s8, s12, s9, s0, s1], listeners:[]
2024-12-25 19:08:32,700 INFO  server.RaftServer$Division (RaftServerImpl.java:setConfigurationAsync(1348)) - s7@group-4CF2EC507520: receive setConfiguration SetConfigurationRequest:client-9E894F3AA110->s7@group-4CF2EC507520, cid=2065, seq=null, RW, null, SET_UNCONDITIONALLY, servers:[s11, s10, s7, s13, s8, s12, s9, s0, s1], listeners:[]
2024-12-25 19:08:32,801 INFO  server.RaftServer$Division (RaftServerImpl.java:setConfigurationAsync(1348)) - s9@group-4CF2EC507520: receive setConfiguration SetConfigurationRequest:client-9E894F3AA110->s9@group-4CF2EC507520, cid=2065, seq=null, RW, null, SET_UNCONDITIONALLY, servers:[s11, s10, s7, s13, s8, s12, s9, s0, s1], listeners:[]
2024-12-25 19:08:32,902 INFO  server.RaftServer$Division (RaftServerImpl.java:setConfigurationAsync(1348)) - s7@group-4CF2EC507520: receive setConfiguration SetConfigurationRequest:client-9E894F3AA110->s7@group-4CF2EC507520, cid=2065, seq=null, RW, null, SET_UNCONDITIONALLY, servers:[s11, s10, s7, s13, s8, s12, s9, s0, s1], listeners:[]
2024-12-25 19:08:33,002 INFO  server.RaftServer$Division (RaftServerImpl.java:setConfigurationAsync(1348)) - s0@group-4CF2EC507520: receive setConfiguration SetConfigurationRequest:client-9E894F3AA110->s0@group-4CF2EC507520, cid=2065, seq=null, RW, null, SET_UNCONDITIONALLY, servers:[s11, s10, s7, s13, s8, s12, s9, s0, s1], listeners:[]
2024-12-25 19:08:33,103 INFO  server.RaftServer$Division (RaftServerImpl.java:setConfigurationAsync(1348)) - s8@group-4CF2EC507520: receive setConfiguration SetConfigurationRequest:client-9E894F3AA110->s8@group-4CF2EC507520, cid=2065, seq=null, RW, null, SET_UNCONDITIONALLY, servers:[s11, s10, s7, s13, s8, s12, s9, s0, s1], listeners:[]
2024-12-25 19:08:33,203 INFO  server.RaftServer$Division (RaftServerImpl.java:setConfigurationAsync(1348)) - s7@group-4CF2EC507520: receive setConfiguration SetConfigurationRequest:client-9E894F3AA110->s7@group-4CF2EC507520, cid=2065, seq=null, RW, null, SET_UNCONDITIONALLY, servers:[s11, s10, s7, s13, s8, s12, s9, s0, s1], listeners:[]
2024-12-25 19:08:33,303 INFO  server.RaftServer$Division (RaftServerImpl.java:setConfigurationAsync(1348)) - s1@group-4CF2EC507520: receive setConfiguration SetConfigurationRequest:client-9E894F3AA110->s1@group-4CF2EC507520, cid=2065, seq=null, RW, null, SET_UNCONDITIONALLY, servers:[s11, s10, s7, s13, s8, s12, s9, s0, s1], listeners:[]
2024-12-25 19:08:33,404 INFO  server.RaftServer$Division (RaftServerImpl.java:setConfigurationAsync(1348)) - s7@group-4CF2EC507520: receive setConfiguration SetConfigurationRequest:client-9E894F3AA110->s7@group-4CF2EC507520, cid=2065, seq=null, RW, null, SET_UNCONDITIONALLY, servers:[s11, s10, s7, s13, s8, s12, s9, s0, s1], listeners:[]
2024-12-25 19:08:33,504 INFO  server.RaftServer$Division (RaftServerImpl.java:setConfigurationAsync(1348)) - s9@group-4CF2EC507520: receive setConfiguration SetConfigurationRequest:client-9E894F3AA110->s9@group-4CF2EC507520, cid=2065, seq=null, RW, null, SET_UNCONDITIONALLY, servers:[s11, s10, s7, s13, s8, s12, s9, s0, s1], listeners:[]
2024-12-25 19:08:33,605 INFO  server.RaftServer$Division (RaftServerImpl.java:setConfigurationAsync(1348)) - s7@group-4CF2EC507520: receive setConfiguration SetConfigurationRequest:client-9E894F3AA110->s7@group-4CF2EC507520, cid=2065, seq=null, RW, null, SET_UNCONDITIONALLY, servers:[s11, s10, s7, s13, s8, s12, s9, s0, s1], listeners:[]
2024-12-25 19:08:33,705 INFO  server.RaftServer$Division (RaftServerImpl.java:setConfigurationAsync(1348)) - s1@group-4CF2EC507520: receive setConfiguration SetConfigurationRequest:client-9E894F3AA110->s1@group-4CF2EC507520, cid=2065, seq=null, RW, null, SET_UNCONDITIONALLY, servers:[s11, s10, s7, s13, s8, s12, s9, s0, s1], listeners:[]
2024-12-25 19:08:33,805 INFO  server.RaftServer$Division (RaftServerImpl.java:setConfigurationAsync(1348)) - s0@group-4CF2EC507520: receive setConfiguration SetConfigurationRequest:client-9E894F3AA110->s0@group-4CF2EC507520, cid=2065, seq=null, RW, null, SET_UNCONDITIONALLY, servers:[s11, s10, s7, s13, s8, s12, s9, s0, s1], listeners:[]
2024-12-25 19:08:33,906 INFO  server.RaftServer$Division (RaftServerImpl.java:setConfigurationAsync(1348)) - s9@group-4CF2EC507520: receive setConfiguration SetConfigurationRequest:client-9E894F3AA110->s9@group-4CF2EC507520, cid=2065, seq=null, RW, null, SET_UNCONDITIONALLY, servers:[s11, s10, s7, s13, s8, s12, s9, s0, s1], listeners:[]
2024-12-25 19:08:34,006 INFO  server.RaftServer$Division (RaftServerImpl.java:setConfigurationAsync(1348)) - s7@group-4CF2EC507520: receive setConfiguration SetConfigurationRequest:client-9E894F3AA110->s7@group-4CF2EC507520, cid=2065, seq=null, RW, null, SET_UNCONDITIONALLY, servers:[s11, s10, s7, s13, s8, s12, s9, s0, s1], listeners:[]
2024-12-25 19:08:34,107 INFO  server.RaftServer$Division (RaftServerImpl.java:setConfigurationAsync(1348)) - s8@group-4CF2EC507520: receive setConfiguration SetConfigurationRequest:client-9E894F3AA110->s8@group-4CF2EC507520, cid=2065, seq=null, RW, null, SET_UNCONDITIONALLY, servers:[s11, s10, s7, s13, s8, s12, s9, s0, s1], listeners:[]
2024-12-25 19:08:34,207 INFO  server.RaftServer$Division (RaftServerImpl.java:setConfigurationAsync(1348)) - s7@group-4CF2EC507520: receive setConfiguration SetConfigurationRequest:client-9E894F3AA110->s7@group-4CF2EC507520, cid=2065, seq=null, RW, null, SET_UNCONDITIONALLY, servers:[s11, s10, s7, s13, s8, s12, s9, s0, s1], listeners:[]
2024-12-25 19:08:34,308 INFO  server.RaftServer$Division (RaftServerImpl.java:setConfigurationAsync(1348)) - s9@group-4CF2EC507520: receive setConfiguration SetConfigurationRequest:client-9E894F3AA110->s9@group-4CF2EC507520, cid=2065, seq=null, RW, null, SET_UNCONDITIONALLY, servers:[s11, s10, s7, s13, s8, s12, s9, s0, s1], listeners:[]
2024-12-25 19:08:34,408 INFO  server.RaftServer$Division (RaftServerImpl.java:setConfigurationAsync(1348)) - s7@group-4CF2EC507520: receive setConfiguration SetConfigurationRequest:client-9E894F3AA110->s7@group-4CF2EC507520, cid=2065, seq=null, RW, null, SET_UNCONDITIONALLY, servers:[s11, s10, s7, s13, s8, s12, s9, s0, s1], listeners:[]
2024-12-25 19:08:34,508 INFO  server.RaftServer$Division (RaftServerImpl.java:setConfigurationAsync(1348)) - s8@group-4CF2EC507520: receive setConfiguration SetConfigurationRequest:client-9E894F3AA110->s8@group-4CF2EC507520, cid=2065, seq=null, RW, null, SET_UNCONDITIONALLY, servers:[s11, s10, s7, s13, s8, s12, s9, s0, s1], listeners:[]
2024-12-25 19:08:34,609 INFO  server.RaftServer$Division (RaftServerImpl.java:setConfigurationAsync(1348)) - s7@group-4CF2EC507520: receive setConfiguration SetConfigurationRequest:client-9E894F3AA110->s7@group-4CF2EC507520, cid=2065, seq=null, RW, null, SET_UNCONDITIONALLY, servers:[s11, s10, s7, s13, s8, s12, s9, s0, s1], listeners:[]
2024-12-25 19:08:34,709 INFO  server.RaftServer$Division (RaftServerImpl.java:setConfigurationAsync(1348)) - s1@group-4CF2EC507520: receive setConfiguration SetConfigurationRequest:client-9E894F3AA110->s1@group-4CF2EC507520, cid=2065, seq=null, RW, null, SET_UNCONDITIONALLY, servers:[s11, s10, s7, s13, s8, s12, s9, s0, s1], listeners:[]
2024-12-25 19:08:34,810 INFO  server.RaftServer$Division (RaftServerImpl.java:setConfigurationAsync(1348)) - s7@group-4CF2EC507520: receive setConfiguration SetConfigurationRequest:client-9E894F3AA110->s7@group-4CF2EC507520, cid=2065, seq=null, RW, null, SET_UNCONDITIONALLY, servers:[s11, s10, s7, s13, s8, s12, s9, s0, s1], listeners:[]
2024-12-25 19:08:34,910 INFO  server.RaftServer$Division (RaftServerImpl.java:setConfigurationAsync(1348)) - s9@group-4CF2EC507520: receive setConfiguration SetConfigurationRequest:client-9E894F3AA110->s9@group-4CF2EC507520, cid=2065, seq=null, RW, null, SET_UNCONDITIONALLY, servers:[s11, s10, s7, s13, s8, s12, s9, s0, s1], listeners:[]
2024-12-25 19:08:35,010 INFO  server.RaftServer$Division (RaftServerImpl.java:setConfigurationAsync(1348)) - s7@group-4CF2EC507520: receive setConfiguration SetConfigurationRequest:client-9E894F3AA110->s7@group-4CF2EC507520, cid=2065, seq=null, RW, null, SET_UNCONDITIONALLY, servers:[s11, s10, s7, s13, s8, s12, s9, s0, s1], listeners:[]
2024-12-25 19:08:35,111 INFO  server.RaftServer$Division (RaftServerImpl.java:setConfigurationAsync(1348)) - s9@group-4CF2EC507520: receive setConfiguration SetConfigurationRequest:client-9E894F3AA110->s9@group-4CF2EC507520, cid=2065, seq=null, RW, null, SET_UNCONDITIONALLY, servers:[s11, s10, s7, s13, s8, s12, s9, s0, s1], listeners:[]
2024-12-25 19:08:35,211 INFO  server.RaftServer$Division (RaftServerImpl.java:setConfigurationAsync(1348)) - s7@group-4CF2EC507520: receive setConfiguration SetConfigurationRequest:client-9E894F3AA110->s7@group-4CF2EC507520, cid=2065, seq=null, RW, null, SET_UNCONDITIONALLY, servers:[s11, s10, s7, s13, s8, s12, s9, s0, s1], listeners:[]
2024-12-25 19:08:35,312 INFO  server.RaftServer$Division (RaftServerImpl.java:setConfigurationAsync(1348)) - s9@group-4CF2EC507520: receive setConfiguration SetConfigurationRequest:client-9E894F3AA110->s9@group-4CF2EC507520, cid=2065, seq=null, RW, null, SET_UNCONDITIONALLY, servers:[s11, s10, s7, s13, s8, s12, s9, s0, s1], listeners:[]
2024-12-25 19:08:35,412 INFO  server.RaftServer$Division (RaftServerImpl.java:setConfigurationAsync(1348)) - s7@group-4CF2EC507520: receive setConfiguration SetConfigurationRequest:client-9E894F3AA110->s7@group-4CF2EC507520, cid=2065, seq=null, RW, null, SET_UNCONDITIONALLY, servers:[s11, s10, s7, s13, s8, s12, s9, s0, s1], listeners:[]
2024-12-25 19:08:35,513 INFO  server.RaftServer$Division (RaftServerImpl.java:setConfigurationAsync(1348)) - s9@group-4CF2EC507520: receive setConfiguration SetConfigurationRequest:client-9E894F3AA110->s9@group-4CF2EC507520, cid=2065, seq=null, RW, null, SET_UNCONDITIONALLY, servers:[s11, s10, s7, s13, s8, s12, s9, s0, s1], listeners:[]
2024-12-25 19:08:35,613 INFO  server.RaftServer$Division (RaftServerImpl.java:setConfigurationAsync(1348)) - s7@group-4CF2EC507520: receive setConfiguration SetConfigurationRequest:client-9E894F3AA110->s7@group-4CF2EC507520, cid=2065, seq=null, RW, null, SET_UNCONDITIONALLY, servers:[s11, s10, s7, s13, s8, s12, s9, s0, s1], listeners:[]
2024-12-25 19:08:35,624 INFO  impl.MiniRaftCluster (MiniRaftCluster.java:shutdown(847)) - ************************************************************** 
2024-12-25 19:08:35,624 INFO  impl.MiniRaftCluster (MiniRaftCluster.java:shutdown(848)) - *** 
2024-12-25 19:08:35,624 INFO  impl.MiniRaftCluster (MiniRaftCluster.java:shutdown(849)) - ***     Stopping MiniRaftClusterWithSimulatedRpc
2024-12-25 19:08:35,624 INFO  impl.MiniRaftCluster (MiniRaftCluster.java:shutdown(850)) - *** 
2024-12-25 19:08:35,624 INFO  impl.MiniRaftCluster (MiniRaftCluster.java:shutdown(851)) - ************************************************************** 
2024-12-25 19:08:35,625 INFO  impl.MiniRaftCluster (MiniRaftCluster.java:shutdown(852)) - printing ALL groups
  s3:  RUNNING [
   FOLLOWER s3@group-4CF2EC507520:t0, leader=null, voted=, raftlog=Memoized:s3@group-4CF2EC507520-SegmentedRaftLog:OPENED:c-1:lastnull, conf=conf: {index: -1, cur=peers:[]|listeners:[], old=null} STARTING
   FOLLOWER s3@group-6AB839334A82:t0, leader=null, voted=, raftlog=Memoized:s3@group-6AB839334A82-SegmentedRaftLog:OPENED:c-1:lastnull, conf=conf: {index: -1, cur=peers:[]|listeners:[], old=null} STARTING] size=2
  s4:  RUNNING [
   FOLLOWER s4@group-4CF2EC507520:t0, leader=null, voted=, raftlog=Memoized:s4@group-4CF2EC507520-SegmentedRaftLog:OPENED:c-1:lastnull, conf=conf: {index: -1, cur=peers:[]|listeners:[], old=null} STARTING
   FOLLOWER s4@group-6AB839334A82:t0, leader=null, voted=, raftlog=Memoized:s4@group-6AB839334A82-SegmentedRaftLog:OPENED:c-1:lastnull, conf=conf: {index: -1, cur=peers:[]|listeners:[], old=null} STARTING] size=2
  s5:  RUNNING [
   FOLLOWER s5@group-4CF2EC507520:t0, leader=null, voted=, raftlog=Memoized:s5@group-4CF2EC507520-SegmentedRaftLog:OPENED:c-1:lastnull, conf=conf: {index: -1, cur=peers:[]|listeners:[], old=null} STARTING
   FOLLOWER s5@group-6AB839334A82:t0, leader=null, voted=, raftlog=Memoized:s5@group-6AB839334A82-SegmentedRaftLog:OPENED:c-1:lastnull, conf=conf: {index: -1, cur=peers:[]|listeners:[], old=null} STARTING] size=2
  s6:  RUNNING [
   FOLLOWER s6@group-4CF2EC507520:t0, leader=null, voted=, raftlog=Memoized:s6@group-4CF2EC507520-SegmentedRaftLog:OPENED:c-1:lastnull, conf=conf: {index: -1, cur=peers:[]|listeners:[], old=null} STARTING
   FOLLOWER s6@group-6AB839334A82:t0, leader=null, voted=, raftlog=Memoized:s6@group-6AB839334A82-SegmentedRaftLog:OPENED:c-1:lastnull, conf=conf: {index: -1, cur=peers:[]|listeners:[], old=null} STARTING] size=2
  s7:  RUNNING [
     LEADER s7@group-4CF2EC507520:t1, leader=s7, voted=s7, raftlog=Memoized:s7@group-4CF2EC507520-SegmentedRaftLog:OPENED:c123:last(t:1, i:124), conf=conf: {index: 123, cur=peers:[s7, s8, s9, s0, s1]|listeners:[], old=null} RUNNING
   FOLLOWER s7@group-6AB839334A82:t0, leader=null, voted=, raftlog=Memoized:s7@group-6AB839334A82-SegmentedRaftLog:OPENED:c-1:lastnull, conf=conf: {index: -1, cur=peers:[]|listeners:[], old=null} STARTING] size=2
  s8:  RUNNING [
   FOLLOWER s8@group-4CF2EC507520:t1, leader=s7, voted=s7, raftlog=Memoized:s8@group-4CF2EC507520-SegmentedRaftLog:OPENED:c123:last(t:1, i:124), conf=conf: {index: 123, cur=peers:[s7|, s8|, s9|, s0|, s1|]|listeners:[], old=null} RUNNING
   FOLLOWER s8@group-6AB839334A82:t0, leader=null, voted=, raftlog=Memoized:s8@group-6AB839334A82-SegmentedRaftLog:OPENED:c-1:lastnull, conf=conf: {index: -1, cur=peers:[]|listeners:[], old=null} STARTING] size=2
  s9:  RUNNING [
   FOLLOWER s9@group-4CF2EC507520:t1, leader=s7, voted=s7, raftlog=Memoized:s9@group-4CF2EC507520-SegmentedRaftLog:OPENED:c123:last(t:1, i:124), conf=conf: {index: 123, cur=peers:[s7|, s8|, s9|, s0|, s1|]|listeners:[], old=null} RUNNING
   FOLLOWER s9@group-6AB839334A82:t0, leader=null, voted=, raftlog=Memoized:s9@group-6AB839334A82-SegmentedRaftLog:OPENED:c-1:lastnull, conf=conf: {index: -1, cur=peers:[]|listeners:[], old=null} STARTING] size=2
  s11:  RUNNING [
   FOLLOWER s11@group-4CF2EC507520:t1, leader=s7, voted=null, raftlog=Memoized:s11@group-4CF2EC507520-SegmentedRaftLog:OPENED:c123:last(t:1, i:124), conf=conf: {index: 123, cur=peers:[s7|, s8|, s9|, s0|, s1|]|listeners:[], old=null} STARTING
   FOLLOWER s11@group-6AB839334A82:t0, leader=null, voted=, raftlog=Memoized:s11@group-6AB839334A82-SegmentedRaftLog:OPENED:c-1:lastnull, conf=conf: {index: -1, cur=peers:[]|listeners:[], old=null} STARTING] size=2
  s10:  RUNNING [
   FOLLOWER s10@group-4CF2EC507520:t1, leader=s7, voted=null, raftlog=Memoized:s10@group-4CF2EC507520-SegmentedRaftLog:OPENED:c123:last(t:1, i:124), conf=conf: {index: 123, cur=peers:[s7|, s8|, s9|, s0|, s1|]|listeners:[], old=null} STARTING
   FOLLOWER s10@group-6AB839334A82:t0, leader=null, voted=, raftlog=Memoized:s10@group-6AB839334A82-SegmentedRaftLog:OPENED:c-1:lastnull, conf=conf: {index: -1, cur=peers:[]|listeners:[], old=null} STARTING] size=2
  s13:  RUNNING [
   FOLLOWER s13@group-4CF2EC507520:t1, leader=s7, voted=null, raftlog=Memoized:s13@group-4CF2EC507520-SegmentedRaftLog:OPENED:c123:last(t:1, i:124), conf=conf: {index: 123, cur=peers:[s7|, s8|, s9|, s0|, s1|]|listeners:[], old=null} STARTING
   FOLLOWER s13@group-6AB839334A82:t0, leader=null, voted=, raftlog=Memoized:s13@group-6AB839334A82-SegmentedRaftLog:OPENED:c-1:lastnull, conf=conf: {index: -1, cur=peers:[]|listeners:[], old=null} STARTING] size=2
  s12:  RUNNING [
   FOLLOWER s12@group-4CF2EC507520:t1, leader=s7, voted=null, raftlog=Memoized:s12@group-4CF2EC507520-SegmentedRaftLog:OPENED:c123:last(t:1, i:124), conf=conf: {index: 123, cur=peers:[s7|, s8|, s9|, s0|, s1|]|listeners:[], old=null} STARTING
   FOLLOWER s12@group-6AB839334A82:t0, leader=null, voted=, raftlog=Memoized:s12@group-6AB839334A82-SegmentedRaftLog:OPENED:c-1:lastnull, conf=conf: {index: -1, cur=peers:[]|listeners:[], old=null} STARTING] size=2
  s14:  RUNNING [
   FOLLOWER s14@group-4CF2EC507520:t0, leader=null, voted=, raftlog=Memoized:s14@group-4CF2EC507520-SegmentedRaftLog:OPENED:c-1:lastnull, conf=conf: {index: -1, cur=peers:[]|listeners:[], old=null} STARTING
   FOLLOWER s14@group-6AB839334A82:t0, leader=null, voted=, raftlog=Memoized:s14@group-6AB839334A82-SegmentedRaftLog:OPENED:c-1:lastnull, conf=conf: {index: -1, cur=peers:[]|listeners:[], old=null} STARTING] size=2
  s0:  RUNNING [
   FOLLOWER s0@group-4CF2EC507520:t1, leader=s7, voted=null, raftlog=Memoized:s0@group-4CF2EC507520-SegmentedRaftLog:OPENED:c123:last(t:1, i:124), conf=conf: {index: 123, cur=peers:[s7|, s8|, s9|, s0|, s1|]|listeners:[], old=null} STARTING
   FOLLOWER s0@group-6AB839334A82:t0, leader=null, voted=, raftlog=Memoized:s0@group-6AB839334A82-SegmentedRaftLog:OPENED:c-1:lastnull, conf=conf: {index: -1, cur=peers:[]|listeners:[], old=null} STARTING] size=2
  s1:  RUNNING [
   FOLLOWER s1@group-4CF2EC507520:t1, leader=s7, voted=null, raftlog=Memoized:s1@group-4CF2EC507520-SegmentedRaftLog:OPENED:c123:last(t:1, i:124), conf=conf: {index: 123, cur=peers:[s7|, s8|, s9|, s0|, s1|]|listeners:[], old=null} STARTING
   FOLLOWER s1@group-6AB839334A82:t0, leader=null, voted=, raftlog=Memoized:s1@group-6AB839334A82-SegmentedRaftLog:OPENED:c-1:lastnull, conf=conf: {index: -1, cur=peers:[]|listeners:[], old=null} STARTING] size=2
  s2:  RUNNING [
   FOLLOWER s2@group-4CF2EC507520:t0, leader=null, voted=, raftlog=Memoized:s2@group-4CF2EC507520-SegmentedRaftLog:OPENED:c-1:lastnull, conf=conf: {index: -1, cur=peers:[]|listeners:[], old=null} STARTING
   FOLLOWER s2@group-6AB839334A82:t0, leader=null, voted=, raftlog=Memoized:s2@group-6AB839334A82-SegmentedRaftLog:OPENED:c-1:lastnull, conf=conf: {index: -1, cur=peers:[]|listeners:[], old=null} STARTING] size=2
2024-12-25 19:08:35,626 INFO  server.RaftServer (RaftServerProxy.java:lambda$close$9(418)) - s6: close
2024-12-25 19:08:35,626 INFO  server.RaftServer (RaftServerProxy.java:lambda$close$9(418)) - s5: close
2024-12-25 19:08:35,626 INFO  server.RaftServer (RaftServerProxy.java:lambda$close$9(418)) - s4: close
2024-12-25 19:08:35,627 INFO  server.RaftServer (RaftServerProxy.java:lambda$close$9(418)) - s7: close
2024-12-25 19:08:35,627 INFO  server.RaftServer (RaftServerProxy.java:lambda$close$9(418)) - s11: close
2024-12-25 19:08:35,626 INFO  server.RaftServer (RaftServerProxy.java:lambda$close$9(418)) - s3: close
2024-12-25 19:08:35,627 INFO  server.RaftServer (RaftServerProxy.java:lambda$close$9(418)) - s10: close
2024-12-25 19:08:35,627 INFO  server.RaftServer (RaftServerProxy.java:lambda$close$9(418)) - s8: close
2024-12-25 19:08:35,627 INFO  server.RaftServer (RaftServerProxy.java:lambda$close$9(418)) - s9: close
2024-12-25 19:08:35,629 INFO  server.RaftServer (RaftServerProxy.java:lambda$close$9(418)) - s13: close
2024-12-25 19:08:35,631 INFO  server.RaftServer (RaftServerProxy.java:lambda$close$9(418)) - s12: close
2024-12-25 19:08:35,631 INFO  server.RaftServer$Division (RaftServerImpl.java:lambda$close$1(514)) - s5@group-4CF2EC507520: shutdown
2024-12-25 19:08:35,631 INFO  util.JmxRegister (JmxRegister.java:unregister(74)) - Successfully un-registered JMX Bean with object name Ratis:service=RaftServer,group=group-4CF2EC507520,id=s5
2024-12-25 19:08:35,633 INFO  impl.StateMachineUpdater (StateMachineUpdater.java:stopAndJoin(164)) - s5@group-4CF2EC507520-StateMachineUpdater: set stopIndex = -1
2024-12-25 19:08:35,633 INFO  impl.StateMachineUpdater (StateMachineUpdater.java:stop(141)) - s5@group-4CF2EC507520-StateMachineUpdater: closing ArithmeticStateMachine, lastApplied=(t:0, i:~)
2024-12-25 19:08:35,634 INFO  server.RaftServer$Division (RaftServerImpl.java:lambda$close$1(514)) - s11@group-4CF2EC507520: shutdown
2024-12-25 19:08:35,634 INFO  server.RaftServer$Division (RaftServerImpl.java:lambda$close$1(514)) - s6@group-4CF2EC507520: shutdown
2024-12-25 19:08:35,634 INFO  util.JmxRegister (JmxRegister.java:unregister(74)) - Successfully un-registered JMX Bean with object name Ratis:service=RaftServer,group=group-4CF2EC507520,id=s6
2024-12-25 19:08:35,634 INFO  util.JmxRegister (JmxRegister.java:unregister(74)) - Successfully un-registered JMX Bean with object name Ratis:service=RaftServer,group=group-4CF2EC507520,id=s11
2024-12-25 19:08:35,634 INFO  server.RaftServer$Division (RaftServerImpl.java:lambda$close$1(514)) - s5@group-6AB839334A82: shutdown
2024-12-25 19:08:35,635 INFO  impl.StateMachineUpdater (StateMachineUpdater.java:stopAndJoin(164)) - s11@group-4CF2EC507520-StateMachineUpdater: set stopIndex = 123
2024-12-25 19:08:35,635 INFO  impl.StateMachineUpdater (StateMachineUpdater.java:stop(141)) - s11@group-4CF2EC507520-StateMachineUpdater: closing ArithmeticStateMachine, lastApplied=(t:1, i:123)
2024-12-25 19:08:35,634 INFO  server.RaftServer (RaftServerProxy.java:lambda$close$9(418)) - s14: close
2024-12-25 19:08:35,635 INFO  util.JmxRegister (JmxRegister.java:unregister(74)) - Successfully un-registered JMX Bean with object name Ratis:service=RaftServer,group=group-6AB839334A82,id=s5
2024-12-25 19:08:35,635 INFO  server.RaftServer$Division (RaftServerImpl.java:lambda$close$1(514)) - s6@group-6AB839334A82: shutdown
2024-12-25 19:08:35,635 INFO  util.JmxRegister (JmxRegister.java:unregister(74)) - Successfully un-registered JMX Bean with object name Ratis:service=RaftServer,group=group-6AB839334A82,id=s6
2024-12-25 19:08:35,636 INFO  server.RaftServer$Division (RaftServerImpl.java:lambda$close$1(514)) - s4@group-4CF2EC507520: shutdown
2024-12-25 19:08:35,636 INFO  util.JmxRegister (JmxRegister.java:unregister(74)) - Successfully un-registered JMX Bean with object name Ratis:service=RaftServer,group=group-4CF2EC507520,id=s4
2024-12-25 19:08:35,636 INFO  server.RaftServer$Division (RaftServerImpl.java:lambda$close$1(514)) - s4@group-6AB839334A82: shutdown
2024-12-25 19:08:35,636 INFO  util.JmxRegister (JmxRegister.java:unregister(74)) - Successfully un-registered JMX Bean with object name Ratis:service=RaftServer,group=group-6AB839334A82,id=s4
2024-12-25 19:08:35,636 INFO  impl.StateMachineUpdater (StateMachineUpdater.java:stop(141)) - s6@group-6AB839334A82-StateMachineUpdater: closing ArithmeticStateMachine, lastApplied=(t:0, i:~)
2024-12-25 19:08:35,636 INFO  server.RaftServer$Division (RaftServerImpl.java:lambda$close$1(514)) - s7@group-4CF2EC507520: shutdown
2024-12-25 19:08:35,636 INFO  simulation.RequestHandler (RequestHandler.java:run(127)) - s4.clientHandler0 is interrupted by java.io.InterruptedIOException: 
2024-12-25 19:08:35,636 INFO  impl.StateMachineUpdater (StateMachineUpdater.java:stop(141)) - s5@group-6AB839334A82-StateMachineUpdater: closing ArithmeticStateMachine, lastApplied=(t:0, i:~)
2024-12-25 19:08:35,636 INFO  simulation.RequestHandler (RequestHandler.java:run(127)) - s4.clientHandler2 is interrupted by java.io.InterruptedIOException: 
2024-12-25 19:08:35,636 INFO  impl.StateMachineUpdater (StateMachineUpdater.java:stop(141)) - s6@group-4CF2EC507520-StateMachineUpdater: closing ArithmeticStateMachine, lastApplied=(t:0, i:~)
2024-12-25 19:08:35,636 INFO  impl.StateMachineUpdater (StateMachineUpdater.java:stopAndJoin(164)) - s4@group-4CF2EC507520-StateMachineUpdater: set stopIndex = -1
2024-12-25 19:08:35,636 INFO  impl.StateMachineUpdater (StateMachineUpdater.java:stop(141)) - s4@group-4CF2EC507520-StateMachineUpdater: closing ArithmeticStateMachine, lastApplied=(t:0, i:~)
2024-12-25 19:08:35,637 INFO  simulation.RequestHandler (RequestHandler.java:run(127)) - s6.clientHandler0 is interrupted by java.io.InterruptedIOException: 
2024-12-25 19:08:35,637 INFO  simulation.RequestHandler (RequestHandler.java:run(127)) - s6.clientHandler2 is interrupted by java.io.InterruptedIOException: 
2024-12-25 19:08:35,637 INFO  simulation.RequestHandler (RequestHandler.java:run(127)) - s6.clientHandler1 is interrupted by java.io.InterruptedIOException: 
2024-12-25 19:08:35,637 INFO  simulation.RequestHandler (RequestHandler.java:run(127)) - s5.clientHandler1 is interrupted by java.io.InterruptedIOException: 
2024-12-25 19:08:35,636 INFO  simulation.RequestHandler (RequestHandler.java:run(127)) - s4.clientHandler1 is interrupted by java.io.InterruptedIOException: 
2024-12-25 19:08:35,637 INFO  util.JmxRegister (JmxRegister.java:unregister(74)) - Successfully un-registered JMX Bean with object name Ratis:service=RaftServer,group=group-4CF2EC507520,id=s7
2024-12-25 19:08:35,645 INFO  impl.RoleInfo (RoleInfo.java:shutdownLeaderState(103)) - s7: shutdown s7@group-4CF2EC507520-LeaderStateImpl
2024-12-25 19:08:35,645 INFO  leader.LogAppenderDaemon (LogAppenderDaemon.java:run(85)) - s7@group-4CF2EC507520->s9-LogAppenderDefault-LogAppenderDaemon was interrupted: java.lang.InterruptedException
2024-12-25 19:08:35,645 INFO  impl.PendingRequests (PendingRequests.java:sendNotLeaderResponses(287)) - s7@group-4CF2EC507520-PendingRequests: sendNotLeaderResponses
2024-12-25 19:08:35,637 INFO  simulation.RequestHandler (RequestHandler.java:run(127)) - s5.clientHandler2 is interrupted by java.io.InterruptedIOException: 
2024-12-25 19:08:35,647 INFO  simulation.RequestHandler (RequestHandler.java:run(127)) - s6.serverHandler0 is interrupted by java.io.InterruptedIOException: 
2024-12-25 19:08:35,647 INFO  leader.LogAppenderDaemon (LogAppenderDaemon.java:run(85)) - s7@group-4CF2EC507520->s10-LogAppenderDefault-LogAppenderDaemon was interrupted: java.lang.InterruptedException
2024-12-25 19:08:35,637 INFO  simulation.RequestHandler (RequestHandler.java:run(127)) - s5.clientHandler0 is interrupted by java.io.InterruptedIOException: 
2024-12-25 19:08:35,647 INFO  leader.LogAppenderDaemon (LogAppenderDaemon.java:run(85)) - s7@group-4CF2EC507520->s11-LogAppenderDefault-LogAppenderDaemon was interrupted: java.lang.InterruptedException
2024-12-25 19:08:35,636 INFO  simulation.RequestHandler (RequestHandler.java:run(127)) - s7.clientHandler2 is interrupted by java.io.InterruptedIOException: 
2024-12-25 19:08:35,647 INFO  leader.LogAppenderDaemon (LogAppenderDaemon.java:run(85)) - s7@group-4CF2EC507520->s0-LogAppenderDefault-LogAppenderDaemon was interrupted: java.lang.InterruptedException
2024-12-25 19:08:35,636 INFO  simulation.RequestHandler (RequestHandler.java:run(127)) - s7.clientHandler1 is interrupted by java.io.InterruptedIOException: 
2024-12-25 19:08:35,647 INFO  impl.StateMachineUpdater (StateMachineUpdater.java:stop(141)) - s4@group-6AB839334A82-StateMachineUpdater: closing ArithmeticStateMachine, lastApplied=(t:0, i:~)
2024-12-25 19:08:35,647 INFO  simulation.RequestHandler (RequestHandler.java:run(127)) - s5.serverHandler2 is interrupted by java.io.InterruptedIOException: 
2024-12-25 19:08:35,636 INFO  simulation.RequestHandler (RequestHandler.java:run(127)) - s7.clientHandler0 is interrupted by java.io.InterruptedIOException: 
2024-12-25 19:08:35,648 INFO  simulation.RequestHandler (RequestHandler.java:run(127)) - s7.serverHandler0 is interrupted by java.io.InterruptedIOException: 
2024-12-25 19:08:35,648 INFO  simulation.RequestHandler (RequestHandler.java:run(127)) - s7.serverHandler1 is interrupted by java.io.InterruptedIOException: 
2024-12-25 19:08:35,648 INFO  simulation.RequestHandler (RequestHandler.java:run(127)) - s7.serverHandler2 is interrupted by java.io.InterruptedIOException: 
2024-12-25 19:08:35,648 INFO  simulation.RequestHandler (RequestHandler.java:run(127)) - s6.serverHandler2 is interrupted by java.io.InterruptedIOException: 
2024-12-25 19:08:35,636 INFO  impl.StateMachineUpdater (StateMachineUpdater.java:stopAndJoin(164)) - s6@group-4CF2EC507520-StateMachineUpdater: set stopIndex = -1
2024-12-25 19:08:35,636 INFO  impl.StateMachineUpdater (StateMachineUpdater.java:stopAndJoin(164)) - s5@group-6AB839334A82-StateMachineUpdater: set stopIndex = -1
2024-12-25 19:08:35,648 INFO  raftlog.RaftLog (SegmentedRaftLog.java:close(568)) - Start closing s5@group-6AB839334A82-SegmentedRaftLog:OPENED:c-1:lastnull
2024-12-25 19:08:35,636 INFO  impl.StateMachineUpdater (StateMachineUpdater.java:stopAndJoin(164)) - s6@group-6AB839334A82-StateMachineUpdater: set stopIndex = -1
2024-12-25 19:08:35,649 INFO  raftlog.RaftLog (SegmentedRaftLog.java:close(568)) - Start closing s6@group-6AB839334A82-SegmentedRaftLog:OPENED:c-1:lastnull
2024-12-25 19:08:35,649 WARN  impl.MiniRaftCluster (MiniRaftCluster.java:shutdown(877)) - shutdown interrupted
java.lang.InterruptedException
	at java.util.concurrent.locks.AbstractQueuedSynchronizer$ConditionObject.awaitNanos(AbstractQueuedSynchronizer.java:2067)
	at java.util.concurrent.ThreadPoolExecutor.awaitTermination(ThreadPoolExecutor.java:1475)
	at org.apache.ratis.server.impl.MiniRaftCluster.shutdown(MiniRaftCluster.java:867)
	at org.apache.ratis.server.impl.GroupManagementBaseTest.runMultiGroupTest(GroupManagementBaseTest.java:341)
	at org.apache.ratis.TestMultiRaftGroup.runTestMultiRaftGroup(TestMultiRaftGroup.java:63)
	at org.apache.ratis.TestMultiRaftGroup.runTestMultiRaftGroup(TestMultiRaftGroup.java:49)
	at org.apache.ratis.TestMultiRaftGroup.testMultiRaftGroup(TestMultiRaftGroup.java:45)
	at sun.reflect.NativeMethodAccessorImpl.invoke0(Native Method)
	at sun.reflect.NativeMethodAccessorImpl.invoke(NativeMethodAccessorImpl.java:62)
	at sun.reflect.DelegatingMethodAccessorImpl.invoke(DelegatingMethodAccessorImpl.java:43)
	at java.lang.reflect.Method.invoke(Method.java:498)
	at org.junit.platform.commons.util.ReflectionUtils.invokeMethod(ReflectionUtils.java:766)
	at org.junit.jupiter.engine.execution.MethodInvocation.proceed(MethodInvocation.java:60)
	at org.junit.jupiter.engine.execution.InvocationInterceptorChain$ValidatingInvocation.proceed(InvocationInterceptorChain.java:131)
	at org.junit.jupiter.engine.extension.SameThreadTimeoutInvocation.proceed(SameThreadTimeoutInvocation.java:45)
	at org.junit.jupiter.engine.extension.TimeoutExtension.intercept(TimeoutExtension.java:156)
	at org.junit.jupiter.engine.extension.TimeoutExtension.interceptTestableMethod(TimeoutExtension.java:147)
	at org.junit.jupiter.engine.extension.TimeoutExtension.interceptTestTemplateMethod(TimeoutExtension.java:94)
	at org.junit.jupiter.engine.execution.InterceptingExecutableInvoker$ReflectiveInterceptorCall.lambda$ofVoidMethod$0(InterceptingExecutableInvoker.java:103)
	at org.junit.jupiter.engine.execution.InterceptingExecutableInvoker.lambda$invoke$0(InterceptingExecutableInvoker.java:93)
	at org.junit.jupiter.engine.execution.InvocationInterceptorChain$InterceptedInvocation.proceed(InvocationInterceptorChain.java:106)
	at org.junit.jupiter.engine.execution.InvocationInterceptorChain.proceed(InvocationInterceptorChain.java:64)
	at org.junit.jupiter.engine.execution.InvocationInterceptorChain.chainAndInvoke(InvocationInterceptorChain.java:45)
	at org.junit.jupiter.engine.execution.InvocationInterceptorChain.invoke(InvocationInterceptorChain.java:37)
	at org.junit.jupiter.engine.execution.InterceptingExecutableInvoker.invoke(InterceptingExecutableInvoker.java:92)
	at org.junit.jupiter.engine.execution.InterceptingExecutableInvoker.invoke(InterceptingExecutableInvoker.java:86)
	at org.junit.jupiter.engine.descriptor.TestMethodTestDescriptor.lambda$invokeTestMethod$8(TestMethodTestDescriptor.java:217)
	at org.junit.platform.engine.support.hierarchical.ThrowableCollector.execute(ThrowableCollector.java:73)
	at org.junit.jupiter.engine.descriptor.TestMethodTestDescriptor.invokeTestMethod(TestMethodTestDescriptor.java:213)
	at org.junit.jupiter.engine.descriptor.TestMethodTestDescriptor.execute(TestMethodTestDescriptor.java:138)
	at org.junit.jupiter.engine.descriptor.TestMethodTestDescriptor.execute(TestMethodTestDescriptor.java:68)
	at org.junit.platform.engine.support.hierarchical.NodeTestTask.lambda$executeRecursively$6(NodeTestTask.java:156)
	at org.junit.platform.engine.support.hierarchical.ThrowableCollector.execute(ThrowableCollector.java:73)
	at org.junit.platform.engine.support.hierarchical.NodeTestTask.lambda$executeRecursively$8(NodeTestTask.java:146)
	at org.junit.platform.engine.support.hierarchical.Node.around(Node.java:137)
	at org.junit.platform.engine.support.hierarchical.NodeTestTask.lambda$executeRecursively$9(NodeTestTask.java:144)
	at org.junit.platform.engine.support.hierarchical.ThrowableCollector.execute(ThrowableCollector.java:73)
	at org.junit.platform.engine.support.hierarchical.NodeTestTask.executeRecursively(NodeTestTask.java:143)
	at org.junit.platform.engine.support.hierarchical.NodeTestTask.execute(NodeTestTask.java:100)
	at org.junit.platform.engine.support.hierarchical.SameThreadHierarchicalTestExecutorService.submit(SameThreadHierarchicalTestExecutorService.java:35)
	at org.junit.platform.engine.support.hierarchical.NodeTestTask$DefaultDynamicTestExecutor.execute(NodeTestTask.java:231)
	at org.junit.platform.engine.support.hierarchical.NodeTestTask$DefaultDynamicTestExecutor.execute(NodeTestTask.java:209)
	at org.junit.jupiter.engine.descriptor.TestTemplateTestDescriptor.execute(TestTemplateTestDescriptor.java:141)
	at org.junit.jupiter.engine.descriptor.TestTemplateTestDescriptor.lambda$execute$3(TestTemplateTestDescriptor.java:109)
	at java.util.stream.ForEachOps$ForEachOp$OfRef.accept(ForEachOps.java:183)
	at java.util.stream.ReferencePipeline$3$1.accept(ReferencePipeline.java:193)
	at java.util.stream.ReferencePipeline$2$1.accept(ReferencePipeline.java:175)
	at java.util.stream.ReferencePipeline$3$1.accept(ReferencePipeline.java:193)
	at java.util.stream.ForEachOps$ForEachOp$OfRef.accept(ForEachOps.java:183)
	at java.util.stream.ReferencePipeline$3$1.accept(ReferencePipeline.java:193)
	at java.util.stream.ForEachOps$ForEachOp$OfRef.accept(ForEachOps.java:183)
	at java.util.stream.ForEachOps$ForEachOp$OfRef.accept(ForEachOps.java:183)
	at java.util.stream.ReferencePipeline$3$1.accept(ReferencePipeline.java:193)
	at java.util.ArrayList$ArrayListSpliterator.forEachRemaining(ArrayList.java:1384)
	at java.util.stream.ReferencePipeline$Head.forEach(ReferencePipeline.java:647)
	at java.util.stream.ReferencePipeline$7$1.accept(ReferencePipeline.java:272)
	at java.util.stream.ReferencePipeline$3$1.accept(ReferencePipeline.java:193)
	at java.util.stream.ReferencePipeline$3$1.accept(ReferencePipeline.java:193)
	at java.util.stream.ReferencePipeline$3$1.accept(ReferencePipeline.java:193)
	at java.util.Spliterators$ArraySpliterator.forEachRemaining(Spliterators.java:948)
	at java.util.stream.AbstractPipeline.copyInto(AbstractPipeline.java:482)
	at java.util.stream.AbstractPipeline.wrapAndCopyInto(AbstractPipeline.java:472)
	at java.util.stream.ForEachOps$ForEachOp.evaluateSequential(ForEachOps.java:150)
	at java.util.stream.ForEachOps$ForEachOp$OfRef.evaluateSequential(ForEachOps.java:173)
	at java.util.stream.AbstractPipeline.evaluate(AbstractPipeline.java:234)
	at java.util.stream.ReferencePipeline.forEach(ReferencePipeline.java:485)
	at java.util.stream.ReferencePipeline$7$1.accept(ReferencePipeline.java:272)
	at java.util.ArrayList$ArrayListSpliterator.forEachRemaining(ArrayList.java:1384)
	at java.util.stream.AbstractPipeline.copyInto(AbstractPipeline.java:482)
	at java.util.stream.AbstractPipeline.wrapAndCopyInto(AbstractPipeline.java:472)
	at java.util.stream.ForEachOps$ForEachOp.evaluateSequential(ForEachOps.java:150)
	at java.util.stream.ForEachOps$ForEachOp$OfRef.evaluateSequential(ForEachOps.java:173)
	at java.util.stream.AbstractPipeline.evaluate(AbstractPipeline.java:234)
	at java.util.stream.ReferencePipeline.forEach(ReferencePipeline.java:485)
	at java.util.stream.ReferencePipeline$7$1.accept(ReferencePipeline.java:272)
	at java.util.stream.ReferencePipeline$3$1.accept(ReferencePipeline.java:193)
	at java.util.stream.ReferencePipeline$3$1.accept(ReferencePipeline.java:193)
	at java.util.stream.ReferencePipeline$3$1.accept(ReferencePipeline.java:193)
	at java.util.ArrayList$ArrayListSpliterator.forEachRemaining(ArrayList.java:1384)
	at java.util.stream.AbstractPipeline.copyInto(AbstractPipeline.java:482)
	at java.util.stream.AbstractPipeline.wrapAndCopyInto(AbstractPipeline.java:472)
	at java.util.stream.ForEachOps$ForEachOp.evaluateSequential(ForEachOps.java:150)
	at java.util.stream.ForEachOps$ForEachOp$OfRef.evaluateSequential(ForEachOps.java:173)
	at java.util.stream.AbstractPipeline.evaluate(AbstractPipeline.java:234)
	at java.util.stream.ReferencePipeline.forEach(ReferencePipeline.java:485)
	at java.util.stream.ReferencePipeline$7$1.accept(ReferencePipeline.java:272)
	at java.util.ArrayList$ArrayListSpliterator.forEachRemaining(ArrayList.java:1384)
	at java.util.stream.AbstractPipeline.copyInto(AbstractPipeline.java:482)
	at java.util.stream.AbstractPipeline.wrapAndCopyInto(AbstractPipeline.java:472)
	at java.util.stream.ForEachOps$ForEachOp.evaluateSequential(ForEachOps.java:150)
	at java.util.stream.ForEachOps$ForEachOp$OfRef.evaluateSequential(ForEachOps.java:173)
	at java.util.stream.AbstractPipeline.evaluate(AbstractPipeline.java:234)
	at java.util.stream.ReferencePipeline.forEach(ReferencePipeline.java:485)
	at org.junit.jupiter.engine.descriptor.TestTemplateTestDescriptor.execute(TestTemplateTestDescriptor.java:109)
	at org.junit.jupiter.engine.descriptor.TestTemplateTestDescriptor.execute(TestTemplateTestDescriptor.java:43)
	at org.junit.platform.engine.support.hierarchical.NodeTestTask.lambda$executeRecursively$6(NodeTestTask.java:156)
	at org.junit.platform.engine.support.hierarchical.ThrowableCollector.execute(ThrowableCollector.java:73)
	at org.junit.platform.engine.support.hierarchical.NodeTestTask.lambda$executeRecursively$8(NodeTestTask.java:146)
	at org.junit.platform.engine.support.hierarchical.Node.around(Node.java:137)
	at org.junit.platform.engine.support.hierarchical.NodeTestTask.lambda$executeRecursively$9(NodeTestTask.java:144)
	at org.junit.platform.engine.support.hierarchical.ThrowableCollector.execute(ThrowableCollector.java:73)
	at org.junit.platform.engine.support.hierarchical.NodeTestTask.executeRecursively(NodeTestTask.java:143)
	at org.junit.platform.engine.support.hierarchical.NodeTestTask.execute(NodeTestTask.java:100)
	at java.util.ArrayList.forEach(ArrayList.java:1259)
	at org.junit.platform.engine.support.hierarchical.SameThreadHierarchicalTestExecutorService.invokeAll(SameThreadHierarchicalTestExecutorService.java:41)
	at org.junit.platform.engine.support.hierarchical.NodeTestTask.lambda$executeRecursively$6(NodeTestTask.java:160)
	at org.junit.platform.engine.support.hierarchical.ThrowableCollector.execute(ThrowableCollector.java:73)
	at org.junit.platform.engine.support.hierarchical.NodeTestTask.lambda$executeRecursively$8(NodeTestTask.java:146)
	at org.junit.platform.engine.support.hierarchical.Node.around(Node.java:137)
	at org.junit.platform.engine.support.hierarchical.NodeTestTask.lambda$executeRecursively$9(NodeTestTask.java:144)
	at org.junit.platform.engine.support.hierarchical.ThrowableCollector.execute(ThrowableCollector.java:73)
	at org.junit.platform.engine.support.hierarchical.NodeTestTask.executeRecursively(NodeTestTask.java:143)
	at org.junit.platform.engine.support.hierarchical.NodeTestTask.execute(NodeTestTask.java:100)
	at java.util.ArrayList.forEach(ArrayList.java:1259)
	at org.junit.platform.engine.support.hierarchical.SameThreadHierarchicalTestExecutorService.invokeAll(SameThreadHierarchicalTestExecutorService.java:41)
	at org.junit.platform.engine.support.hierarchical.NodeTestTask.lambda$executeRecursively$6(NodeTestTask.java:160)
	at org.junit.platform.engine.support.hierarchical.ThrowableCollector.execute(ThrowableCollector.java:73)
	at org.junit.platform.engine.support.hierarchical.NodeTestTask.lambda$executeRecursively$8(NodeTestTask.java:146)
	at org.junit.platform.engine.support.hierarchical.Node.around(Node.java:137)
	at org.junit.platform.engine.support.hierarchical.NodeTestTask.lambda$executeRecursively$9(NodeTestTask.java:144)
	at org.junit.platform.engine.support.hierarchical.ThrowableCollector.execute(ThrowableCollector.java:73)
	at org.junit.platform.engine.support.hierarchical.NodeTestTask.executeRecursively(NodeTestTask.java:143)
	at org.junit.platform.engine.support.hierarchical.NodeTestTask.execute(NodeTestTask.java:100)
	at org.junit.platform.engine.support.hierarchical.SameThreadHierarchicalTestExecutorService.submit(SameThreadHierarchicalTestExecutorService.java:35)
	at org.junit.platform.engine.support.hierarchical.HierarchicalTestExecutor.execute(HierarchicalTestExecutor.java:57)
	at org.junit.platform.engine.support.hierarchical.HierarchicalTestEngine.execute(HierarchicalTestEngine.java:54)
	at org.junit.platform.launcher.core.EngineExecutionOrchestrator.execute(EngineExecutionOrchestrator.java:198)
	at org.junit.platform.launcher.core.EngineExecutionOrchestrator.execute(EngineExecutionOrchestrator.java:169)
	at org.junit.platform.launcher.core.EngineExecutionOrchestrator.execute(EngineExecutionOrchestrator.java:93)
	at org.junit.platform.launcher.core.EngineExecutionOrchestrator.lambda$execute$0(EngineExecutionOrchestrator.java:58)
	at org.junit.platform.launcher.core.EngineExecutionOrchestrator.withInterceptedStreams(EngineExecutionOrchestrator.java:141)
	at org.junit.platform.launcher.core.EngineExecutionOrchestrator.execute(EngineExecutionOrchestrator.java:57)
	at org.junit.platform.launcher.core.DefaultLauncher.execute(DefaultLauncher.java:103)
	at org.junit.platform.launcher.core.DefaultLauncher.execute(DefaultLauncher.java:85)
	at org.junit.platform.launcher.core.DelegatingLauncher.execute(DelegatingLauncher.java:47)
	at org.junit.platform.launcher.core.SessionPerRequestLauncher.execute(SessionPerRequestLauncher.java:63)
	at org.apache.maven.surefire.junitplatform.JUnitPlatformProvider.invokeAllTests(JUnitPlatformProvider.java:154)
	at org.apache.maven.surefire.junitplatform.JUnitPlatformProvider.invoke(JUnitPlatformProvider.java:123)
	at org.apache.maven.surefire.booter.ForkedBooter.runSuitesInProcess(ForkedBooter.java:377)
	at org.apache.maven.surefire.booter.ForkedBooter.execute(ForkedBooter.java:138)
	at org.apache.maven.surefire.booter.ForkedBooter.run(ForkedBooter.java:465)
	at org.apache.maven.surefire.booter.ForkedBooter.main(ForkedBooter.java:451)
2024-12-25 19:08:35,650 INFO  server.RaftServer$Division (RaftServerImpl.java:lambda$close$1(514)) - s14@group-4CF2EC507520: shutdown
2024-12-25 19:08:35,650 INFO  util.JmxRegister (JmxRegister.java:unregister(74)) - Successfully un-registered JMX Bean with object name Ratis:service=RaftServer,group=group-4CF2EC507520,id=s14
2024-12-25 19:08:35,650 INFO  impl.StateMachineUpdater (StateMachineUpdater.java:stopAndJoin(164)) - s14@group-4CF2EC507520-StateMachineUpdater: set stopIndex = -1
2024-12-25 19:08:35,648 INFO  raftlog.RaftLog (SegmentedRaftLog.java:close(568)) - Start closing s6@group-4CF2EC507520-SegmentedRaftLog:OPENED:c-1:lastnull
2024-12-25 19:08:35,647 INFO  leader.LogAppenderDaemon (LogAppenderDaemon.java:run(85)) - s7@group-4CF2EC507520->s1-LogAppenderDefault-LogAppenderDaemon was interrupted: java.lang.InterruptedException
2024-12-25 19:08:35,647 INFO  simulation.RequestHandler (RequestHandler.java:run(127)) - s5.serverHandler1 is interrupted by java.io.InterruptedIOException: 
2024-12-25 19:08:35,653 INFO  util.AwaitToRun (AwaitToRun.java:run(49)) - s6@group-4CF2EC507520-cacheEviction-AwaitToRun-AwaitForSignal is interrupted
2024-12-25 19:08:35,647 INFO  simulation.RequestHandler (RequestHandler.java:run(127)) - s5.serverHandler0 is interrupted by java.io.InterruptedIOException: 
2024-12-25 19:08:35,647 INFO  leader.LogAppenderDaemon (LogAppenderDaemon.java:run(85)) - s7@group-4CF2EC507520->s13-LogAppenderDefault-LogAppenderDaemon was interrupted: java.lang.InterruptedException
2024-12-25 19:08:35,653 INFO  server.RaftServer (RaftServerProxy.java:lambda$close$9(418)) - s2: close
2024-12-25 19:08:35,654 INFO  segmented.SegmentedRaftLogWorker (SegmentedRaftLogWorker.java:close(254)) - s6@group-4CF2EC507520-SegmentedRaftLogWorker close()
2024-12-25 19:08:35,647 INFO  simulation.RequestHandler (RequestHandler.java:run(127)) - s6.serverHandler1 is interrupted by java.io.InterruptedIOException: 
2024-12-25 19:08:35,654 INFO  raftlog.RaftLog (SegmentedRaftLog.java:close(576)) - Successfully closed s6@group-4CF2EC507520-SegmentedRaftLog:CLOSED:c-1
2024-12-25 19:08:35,647 INFO  leader.LogAppenderDaemon (LogAppenderDaemon.java:run(85)) - s7@group-4CF2EC507520->s8-LogAppenderDefault-LogAppenderDaemon was interrupted: java.lang.InterruptedException
2024-12-25 19:08:35,647 INFO  simulation.RequestHandler (RequestHandler.java:run(127)) - s4.serverHandler2 is interrupted by java.io.InterruptedIOException: 
2024-12-25 19:08:35,647 INFO  simulation.RequestHandler (RequestHandler.java:run(127)) - s4.serverHandler1 is interrupted by java.io.InterruptedIOException: 
2024-12-25 19:08:35,646 INFO  impl.StateMachineUpdater (StateMachineUpdater.java:stopAndJoin(164)) - s4@group-6AB839334A82-StateMachineUpdater: set stopIndex = -1
2024-12-25 19:08:35,655 INFO  raftlog.RaftLog (SegmentedRaftLog.java:close(568)) - Start closing s4@group-6AB839334A82-SegmentedRaftLog:OPENED:c-1:lastnull
2024-12-25 19:08:35,655 INFO  util.AwaitToRun (AwaitToRun.java:run(49)) - s4@group-6AB839334A82-cacheEviction-AwaitToRun-AwaitForSignal is interrupted
2024-12-25 19:08:35,646 INFO  server.RaftServer$Division (RaftServerImpl.java:lambda$close$1(514)) - s14@group-6AB839334A82: shutdown
2024-12-25 19:08:35,645 INFO  simulation.RequestHandler (RequestHandler.java:run(127)) - s14.clientHandler2 is interrupted by java.io.InterruptedIOException: 
2024-12-25 19:08:35,645 INFO  simulation.RequestHandler (RequestHandler.java:run(127)) - s14.clientHandler1 is interrupted by java.io.InterruptedIOException: 
2024-12-25 19:08:35,645 INFO  simulation.RequestHandler (RequestHandler.java:run(127)) - s14.clientHandler0 is interrupted by java.io.InterruptedIOException: 
2024-12-25 19:08:35,661 INFO  server.RaftServer$Division (RaftServerImpl.java:lambda$close$1(514)) - s2@group-6AB839334A82: shutdown
2024-12-25 19:08:35,661 INFO  simulation.RequestHandler (RequestHandler.java:run(127)) - s2.clientHandler2 is interrupted by java.io.InterruptedIOException: 
2024-12-25 19:08:35,645 INFO  simulation.RequestHandler (RequestHandler.java:run(127)) - s4.serverHandler0 is interrupted by java.io.InterruptedIOException: 
2024-12-25 19:08:35,645 INFO  leader.LogAppenderDaemon (LogAppenderDaemon.java:run(85)) - s7@group-4CF2EC507520->s12-LogAppenderDefault-LogAppenderDaemon was interrupted: java.lang.InterruptedException
2024-12-25 19:08:35,645 INFO  server.RaftServer (RaftServerProxy.java:lambda$close$9(418)) - s1: close
2024-12-25 19:08:35,645 INFO  server.RaftServer$Division (RaftServerImpl.java:lambda$close$1(514)) - s7@group-6AB839334A82: shutdown
2024-12-25 19:08:35,661 INFO  impl.StateMachineUpdater (StateMachineUpdater.java:stop(141)) - s7@group-4CF2EC507520-StateMachineUpdater: closing ArithmeticStateMachine, lastApplied=(t:1, i:123)
2024-12-25 19:08:35,644 INFO  server.RaftServer (RaftServerProxy.java:lambda$close$9(418)) - s0: close
2024-12-25 19:08:35,644 INFO  simulation.RequestHandler (RequestHandler.java:run(127)) - s13.clientHandler2 is interrupted by java.io.InterruptedIOException: 
2024-12-25 19:08:35,644 INFO  server.RaftServer$Division (RaftServerImpl.java:lambda$close$1(514)) - s13@group-6AB839334A82: shutdown
2024-12-25 19:08:35,662 INFO  util.JmxRegister (JmxRegister.java:unregister(74)) - Successfully un-registered JMX Bean with object name Ratis:service=RaftServer,group=group-6AB839334A82,id=s13
2024-12-25 19:08:35,644 INFO  simulation.RequestHandler (RequestHandler.java:run(127)) - s13.clientHandler1 is interrupted by java.io.InterruptedIOException: 
2024-12-25 19:08:35,644 INFO  simulation.RequestHandler (RequestHandler.java:run(127)) - s13.clientHandler0 is interrupted by java.io.InterruptedIOException: 
2024-12-25 19:08:35,644 INFO  server.RaftServer$Division (RaftServerImpl.java:lambda$close$1(514)) - s13@group-4CF2EC507520: shutdown
2024-12-25 19:08:35,644 INFO  server.RaftServer$Division (RaftServerImpl.java:lambda$close$1(514)) - s10@group-6AB839334A82: shutdown
2024-12-25 19:08:35,644 INFO  simulation.RequestHandler (RequestHandler.java:run(127)) - s10.clientHandler2 is interrupted by java.io.InterruptedIOException: 
2024-12-25 19:08:35,644 INFO  simulation.RequestHandler (RequestHandler.java:run(127)) - s10.clientHandler1 is interrupted by java.io.InterruptedIOException: 
2024-12-25 19:08:35,644 INFO  simulation.RequestHandler (RequestHandler.java:run(127)) - s10.clientHandler0 is interrupted by java.io.InterruptedIOException: 
2024-12-25 19:08:35,644 INFO  simulation.RequestHandler (RequestHandler.java:run(127)) - s9.clientHandler2 is interrupted by java.io.InterruptedIOException: 
2024-12-25 19:08:35,644 INFO  simulation.RequestHandler (RequestHandler.java:run(127)) - s9.clientHandler1 is interrupted by java.io.InterruptedIOException: 
2024-12-25 19:08:35,644 INFO  server.RaftServer$Division (RaftServerImpl.java:lambda$close$1(514)) - s9@group-6AB839334A82: shutdown
2024-12-25 19:08:35,644 INFO  simulation.RequestHandler (RequestHandler.java:run(127)) - s9.clientHandler0 is interrupted by java.io.InterruptedIOException: 
2024-12-25 19:08:35,644 INFO  server.RaftServer$Division (RaftServerImpl.java:lambda$close$1(514)) - s9@group-4CF2EC507520: shutdown
2024-12-25 19:08:35,643 INFO  simulation.RequestHandler (RequestHandler.java:run(127)) - s12.clientHandler2 is interrupted by java.io.InterruptedIOException: 
2024-12-25 19:08:35,643 INFO  simulation.RequestHandler (RequestHandler.java:run(127)) - s12.clientHandler0 is interrupted by java.io.InterruptedIOException: 
2024-12-25 19:08:35,643 INFO  server.RaftServer$Division (RaftServerImpl.java:lambda$close$1(514)) - s12@group-6AB839334A82: shutdown
2024-12-25 19:08:35,643 INFO  simulation.RequestHandler (RequestHandler.java:run(127)) - s12.clientHandler1 is interrupted by java.io.InterruptedIOException: 
2024-12-25 19:08:35,643 INFO  server.RaftServer$Division (RaftServerImpl.java:lambda$close$1(514)) - s12@group-4CF2EC507520: shutdown
2024-12-25 19:08:35,664 INFO  util.JmxRegister (JmxRegister.java:unregister(74)) - Successfully un-registered JMX Bean with object name Ratis:service=RaftServer,group=group-4CF2EC507520,id=s12
2024-12-25 19:08:35,664 INFO  impl.StateMachineUpdater (StateMachineUpdater.java:stopAndJoin(164)) - s12@group-4CF2EC507520-StateMachineUpdater: set stopIndex = 123
2024-12-25 19:08:35,643 INFO  server.RaftServer$Division (RaftServerImpl.java:lambda$close$1(514)) - s3@group-6AB839334A82: shutdown
2024-12-25 19:08:35,643 INFO  server.RaftServer$Division (RaftServerImpl.java:lambda$close$1(514)) - s10@group-4CF2EC507520: shutdown
2024-12-25 19:08:35,664 INFO  impl.StateMachineUpdater (StateMachineUpdater.java:stop(141)) - s12@group-4CF2EC507520-StateMachineUpdater: closing ArithmeticStateMachine, lastApplied=(t:1, i:123)
2024-12-25 19:08:35,664 INFO  util.JmxRegister (JmxRegister.java:unregister(74)) - Successfully un-registered JMX Bean with object name Ratis:service=RaftServer,group=group-4CF2EC507520,id=s10
2024-12-25 19:08:35,643 INFO  server.RaftServer$Division (RaftServerImpl.java:lambda$close$1(514)) - s11@group-6AB839334A82: shutdown
2024-12-25 19:08:35,642 INFO  server.RaftServer$Division (RaftServerImpl.java:lambda$close$1(514)) - s3@group-4CF2EC507520: shutdown
2024-12-25 19:08:35,664 INFO  util.JmxRegister (JmxRegister.java:unregister(74)) - Successfully un-registered JMX Bean with object name Ratis:service=RaftServer,group=group-4CF2EC507520,id=s3
2024-12-25 19:08:35,642 INFO  simulation.RequestHandler (RequestHandler.java:run(127)) - s11.clientHandler0 is interrupted by java.io.InterruptedIOException: 
2024-12-25 19:08:35,642 INFO  simulation.RequestHandler (RequestHandler.java:run(127)) - s11.clientHandler2 is interrupted by java.io.InterruptedIOException: 
2024-12-25 19:08:35,642 INFO  simulation.RequestHandler (RequestHandler.java:run(127)) - s11.clientHandler1 is interrupted by java.io.InterruptedIOException: 
2024-12-25 19:08:35,641 INFO  raftlog.RaftLog (SegmentedRaftLog.java:close(568)) - Start closing s4@group-4CF2EC507520-SegmentedRaftLog:OPENED:c-1:lastnull
2024-12-25 19:08:35,641 INFO  raftlog.RaftLog (SegmentedRaftLog.java:close(568)) - Start closing s11@group-4CF2EC507520-SegmentedRaftLog:OPENED:c123:last(t:1, i:124)
2024-12-25 19:08:35,641 INFO  raftlog.RaftLog (SegmentedRaftLog.java:close(568)) - Start closing s5@group-4CF2EC507520-SegmentedRaftLog:OPENED:c-1:lastnull
2024-12-25 19:08:35,664 INFO  util.JmxRegister (JmxRegister.java:unregister(74)) - Successfully un-registered JMX Bean with object name Ratis:service=RaftServer,group=group-6AB839334A82,id=s11
2024-12-25 19:08:35,664 INFO  impl.StateMachineUpdater (StateMachineUpdater.java:stop(141)) - s10@group-4CF2EC507520-StateMachineUpdater: closing ArithmeticStateMachine, lastApplied=(t:1, i:123)
2024-12-25 19:08:35,664 INFO  impl.StateMachineUpdater (StateMachineUpdater.java:stopAndJoin(164)) - s10@group-4CF2EC507520-StateMachineUpdater: set stopIndex = 123
2024-12-25 19:08:35,664 INFO  util.JmxRegister (JmxRegister.java:unregister(74)) - Successfully un-registered JMX Bean with object name Ratis:service=RaftServer,group=group-6AB839334A82,id=s3
2024-12-25 19:08:35,664 INFO  util.JmxRegister (JmxRegister.java:unregister(74)) - Successfully un-registered JMX Bean with object name Ratis:service=RaftServer,group=group-6AB839334A82,id=s12
2024-12-25 19:08:35,665 INFO  impl.StateMachineUpdater (StateMachineUpdater.java:stopAndJoin(164)) - s12@group-6AB839334A82-StateMachineUpdater: set stopIndex = -1
2024-12-25 19:08:35,663 INFO  util.JmxRegister (JmxRegister.java:unregister(74)) - Successfully un-registered JMX Bean with object name Ratis:service=RaftServer,group=group-4CF2EC507520,id=s9
2024-12-25 19:08:35,665 INFO  impl.RoleInfo (RoleInfo.java:shutdownFollowerState(121)) - s9: shutdown s9@group-4CF2EC507520-FollowerState
2024-12-25 19:08:35,665 INFO  impl.StateMachineUpdater (StateMachineUpdater.java:stopAndJoin(164)) - s9@group-4CF2EC507520-StateMachineUpdater: set stopIndex = 123
2024-12-25 19:08:35,665 INFO  simulation.RequestHandler (RequestHandler.java:run(127)) - s13.serverHandler0 is interrupted by java.io.InterruptedIOException: 
2024-12-25 19:08:35,665 INFO  impl.StateMachineUpdater (StateMachineUpdater.java:stop(141)) - s9@group-4CF2EC507520-StateMachineUpdater: closing ArithmeticStateMachine, lastApplied=(t:1, i:123)
2024-12-25 19:08:35,663 INFO  util.JmxRegister (JmxRegister.java:unregister(74)) - Successfully un-registered JMX Bean with object name Ratis:service=RaftServer,group=group-6AB839334A82,id=s9
2024-12-25 19:08:35,666 INFO  impl.StateMachineUpdater (StateMachineUpdater.java:stopAndJoin(164)) - s11@group-6AB839334A82-StateMachineUpdater: set stopIndex = -1
2024-12-25 19:08:35,662 INFO  server.RaftServer$Division (RaftServerImpl.java:lambda$close$1(514)) - s0@group-4CF2EC507520: shutdown
2024-12-25 19:08:35,662 INFO  util.JmxRegister (JmxRegister.java:unregister(74)) - Successfully un-registered JMX Bean with object name Ratis:service=RaftServer,group=group-6AB839334A82,id=s10
2024-12-25 19:08:35,666 INFO  simulation.RequestHandler (RequestHandler.java:run(127)) - s1.clientHandler0 is interrupted by java.io.InterruptedIOException: 
2024-12-25 19:08:35,666 INFO  util.AwaitToRun (AwaitToRun.java:run(49)) - s4@group-4CF2EC507520-cacheEviction-AwaitToRun-AwaitForSignal is interrupted
2024-12-25 19:08:35,662 INFO  util.JmxRegister (JmxRegister.java:unregister(74)) - Successfully un-registered JMX Bean with object name Ratis:service=RaftServer,group=group-4CF2EC507520,id=s13
2024-12-25 19:08:35,666 INFO  impl.StateMachineUpdater (StateMachineUpdater.java:stopAndJoin(164)) - s13@group-4CF2EC507520-StateMachineUpdater: set stopIndex = 123
2024-12-25 19:08:35,661 INFO  util.JmxRegister (JmxRegister.java:unregister(74)) - Successfully un-registered JMX Bean with object name Ratis:service=RaftServer,group=group-6AB839334A82,id=s7
2024-12-25 19:08:35,666 INFO  simulation.RequestHandler (RequestHandler.java:run(127)) - s11.serverHandler2 is interrupted by java.io.InterruptedIOException: 
2024-12-25 19:08:35,666 INFO  impl.StateMachineUpdater (StateMachineUpdater.java:stop(141)) - s7@group-6AB839334A82-StateMachineUpdater: closing ArithmeticStateMachine, lastApplied=(t:0, i:~)
2024-12-25 19:08:35,661 INFO  impl.StateMachineUpdater (StateMachineUpdater.java:stopAndJoin(164)) - s7@group-4CF2EC507520-StateMachineUpdater: set stopIndex = 123
2024-12-25 19:08:35,661 INFO  util.JmxRegister (JmxRegister.java:unregister(74)) - Successfully un-registered JMX Bean with object name Ratis:service=RaftServer,group=group-6AB839334A82,id=s2
2024-12-25 19:08:35,661 INFO  server.RaftServer$Division (RaftServerImpl.java:lambda$close$1(514)) - s2@group-4CF2EC507520: shutdown
2024-12-25 19:08:35,668 INFO  simulation.RequestHandler (RequestHandler.java:run(127)) - s12.serverHandler2 is interrupted by java.io.InterruptedIOException: 
2024-12-25 19:08:35,661 INFO  simulation.RequestHandler (RequestHandler.java:run(127)) - s14.serverHandler2 is interrupted by java.io.InterruptedIOException: 
2024-12-25 19:08:35,668 INFO  impl.StateMachineUpdater (StateMachineUpdater.java:stopAndJoin(164)) - s9@group-6AB839334A82-StateMachineUpdater: set stopIndex = -1
2024-12-25 19:08:35,661 INFO  simulation.RequestHandler (RequestHandler.java:run(127)) - s14.serverHandler1 is interrupted by java.io.InterruptedIOException: 
2024-12-25 19:08:35,668 INFO  simulation.RequestHandler (RequestHandler.java:run(127)) - s10.serverHandler0 is interrupted by java.io.InterruptedIOException: 
2024-12-25 19:08:35,661 INFO  simulation.RequestHandler (RequestHandler.java:run(127)) - s14.serverHandler0 is interrupted by java.io.InterruptedIOException: 
2024-12-25 19:08:35,668 INFO  simulation.RequestHandler (RequestHandler.java:run(127)) - s10.serverHandler2 is interrupted by java.io.InterruptedIOException: 
2024-12-25 19:08:35,661 INFO  simulation.RequestHandler (RequestHandler.java:run(127)) - s2.clientHandler0 is interrupted by java.io.InterruptedIOException: 
2024-12-25 19:08:35,661 INFO  simulation.RequestHandler (RequestHandler.java:run(127)) - s2.clientHandler1 is interrupted by java.io.InterruptedIOException: 
2024-12-25 19:08:35,660 INFO  util.JmxRegister (JmxRegister.java:unregister(74)) - Successfully un-registered JMX Bean with object name Ratis:service=RaftServer,group=group-6AB839334A82,id=s14
2024-12-25 19:08:35,669 INFO  impl.StateMachineUpdater (StateMachineUpdater.java:stopAndJoin(164)) - s14@group-6AB839334A82-StateMachineUpdater: set stopIndex = -1
2024-12-25 19:08:35,669 INFO  simulation.RequestHandler (RequestHandler.java:run(127)) - s2.serverHandler2 is interrupted by java.io.InterruptedIOException: 
2024-12-25 19:08:35,650 INFO  impl.StateMachineUpdater (StateMachineUpdater.java:stop(141)) - s14@group-4CF2EC507520-StateMachineUpdater: closing ArithmeticStateMachine, lastApplied=(t:0, i:~)
2024-12-25 19:08:35,650 INFO  simulation.RequestHandler (RequestHandler.java:run(127)) - s3.clientHandler2 is interrupted by java.io.InterruptedIOException: 
2024-12-25 19:08:35,650 INFO  simulation.RequestHandler (RequestHandler.java:run(127)) - s3.clientHandler1 is interrupted by java.io.InterruptedIOException: 
2024-12-25 19:08:35,649 INFO  server.RaftServer$Division (RaftServerImpl.java:lambda$close$1(514)) - s8@group-4CF2EC507520: shutdown
2024-12-25 19:08:35,649 INFO  simulation.RequestHandler (RequestHandler.java:run(127)) - s8.clientHandler2 is interrupted by java.io.InterruptedIOException: 
2024-12-25 19:08:35,670 INFO  server.RaftServer$Division (RaftServerImpl.java:lambda$close$1(514)) - s1@group-6AB839334A82: shutdown
2024-12-25 19:08:35,649 INFO  simulation.RequestHandler (RequestHandler.java:run(127)) - s8.clientHandler1 is interrupted by java.io.InterruptedIOException: 
2024-12-25 19:08:35,649 INFO  server.RaftServer$Division (RaftServerImpl.java:lambda$close$1(514)) - s8@group-6AB839334A82: shutdown
2024-12-25 19:08:35,670 INFO  util.JmxRegister (JmxRegister.java:unregister(74)) - Successfully un-registered JMX Bean with object name Ratis:service=RaftServer,group=group-6AB839334A82,id=s8
2024-12-25 19:08:35,670 INFO  impl.StateMachineUpdater (StateMachineUpdater.java:stopAndJoin(164)) - s8@group-6AB839334A82-StateMachineUpdater: set stopIndex = -1
2024-12-25 19:08:35,649 INFO  simulation.RequestHandler (RequestHandler.java:run(127)) - s8.clientHandler0 is interrupted by java.io.InterruptedIOException: 
2024-12-25 19:08:35,670 INFO  impl.StateMachineUpdater (StateMachineUpdater.java:stop(141)) - s8@group-6AB839334A82-StateMachineUpdater: closing ArithmeticStateMachine, lastApplied=(t:0, i:~)
2024-12-25 19:08:35,670 INFO  raftlog.RaftLog (SegmentedRaftLog.java:close(568)) - Start closing s8@group-6AB839334A82-SegmentedRaftLog:OPENED:c-1:lastnull
2024-12-25 19:08:35,670 INFO  simulation.RequestHandler (RequestHandler.java:run(127)) - s8.serverHandler0 is interrupted by java.io.InterruptedIOException: 
2024-12-25 19:08:35,670 INFO  simulation.RequestHandler (RequestHandler.java:run(127)) - s8.serverHandler1 is interrupted by java.io.InterruptedIOException: 
2024-12-25 19:08:35,671 INFO  simulation.RequestHandler (RequestHandler.java:run(127)) - s8.serverHandler2 is interrupted by java.io.InterruptedIOException: 
2024-12-25 19:08:35,649 INFO  simulation.RequestHandler (RequestHandler.java:run(127)) - s3.clientHandler0 is interrupted by java.io.InterruptedIOException: 
2024-12-25 19:08:35,649 INFO  util.AwaitToRun (AwaitToRun.java:run(49)) - s6@group-6AB839334A82-cacheEviction-AwaitToRun-AwaitForSignal is interrupted
2024-12-25 19:08:35,649 INFO  util.AwaitToRun (AwaitToRun.java:run(49)) - s5@group-6AB839334A82-cacheEviction-AwaitToRun-AwaitForSignal is interrupted
2024-12-25 19:08:35,671 INFO  simulation.RequestHandler (RequestHandler.java:run(127)) - s3.serverHandler1 is interrupted by java.io.InterruptedIOException: 
2024-12-25 19:08:35,671 INFO  simulation.RequestHandler (RequestHandler.java:run(127)) - s3.serverHandler2 is interrupted by java.io.InterruptedIOException: 
2024-12-25 19:08:35,671 INFO  simulation.RequestHandler (RequestHandler.java:run(127)) - s3.serverHandler0 is interrupted by java.io.InterruptedIOException: 
2024-12-25 19:08:35,670 INFO  util.AwaitToRun (AwaitToRun.java:run(49)) - s8@group-6AB839334A82-cacheEviction-AwaitToRun-AwaitForSignal is interrupted
2024-12-25 19:08:35,670 INFO  util.JmxRegister (JmxRegister.java:unregister(74)) - Successfully un-registered JMX Bean with object name Ratis:service=RaftServer,group=group-6AB839334A82,id=s1
2024-12-25 19:08:35,670 INFO  util.JmxRegister (JmxRegister.java:unregister(74)) - Successfully un-registered JMX Bean with object name Ratis:service=RaftServer,group=group-4CF2EC507520,id=s8
2024-12-25 19:08:35,673 INFO  impl.RoleInfo (RoleInfo.java:shutdownFollowerState(121)) - s8: shutdown s8@group-4CF2EC507520-FollowerState
2024-12-25 19:08:35,673 INFO  impl.StateMachineUpdater (StateMachineUpdater.java:stopAndJoin(164)) - s8@group-4CF2EC507520-StateMachineUpdater: set stopIndex = 123
2024-12-25 19:08:35,669 INFO  raftlog.RaftLog (SegmentedRaftLog.java:close(568)) - Start closing s14@group-4CF2EC507520-SegmentedRaftLog:OPENED:c-1:lastnull
2024-12-25 19:08:35,669 INFO  impl.StateMachineUpdater (StateMachineUpdater.java:stop(141)) - s14@group-6AB839334A82-StateMachineUpdater: closing ArithmeticStateMachine, lastApplied=(t:0, i:~)
2024-12-25 19:08:35,669 INFO  simulation.RequestHandler (RequestHandler.java:run(127)) - s2.serverHandler0 is interrupted by java.io.InterruptedIOException: 
2024-12-25 19:08:35,673 INFO  raftlog.RaftLog (SegmentedRaftLog.java:close(568)) - Start closing s14@group-6AB839334A82-SegmentedRaftLog:OPENED:c-1:lastnull
2024-12-25 19:08:35,673 INFO  util.AwaitToRun (AwaitToRun.java:run(49)) - s14@group-6AB839334A82-cacheEviction-AwaitToRun-AwaitForSignal is interrupted
2024-12-25 19:08:35,668 INFO  simulation.RequestHandler (RequestHandler.java:run(127)) - s2.serverHandler1 is interrupted by java.io.InterruptedIOException: 
2024-12-25 19:08:35,668 INFO  impl.StateMachineUpdater (StateMachineUpdater.java:stop(141)) - s9@group-6AB839334A82-StateMachineUpdater: closing ArithmeticStateMachine, lastApplied=(t:0, i:~)
2024-12-25 19:08:35,668 INFO  simulation.RequestHandler (RequestHandler.java:run(127)) - s1.clientHandler2 is interrupted by java.io.InterruptedIOException: 
2024-12-25 19:08:35,668 INFO  impl.StateMachineUpdater (StateMachineUpdater.java:stop(141)) - s3@group-4CF2EC507520-StateMachineUpdater: closing ArithmeticStateMachine, lastApplied=(t:0, i:~)
2024-12-25 19:08:35,668 INFO  util.JmxRegister (JmxRegister.java:unregister(74)) - Successfully un-registered JMX Bean with object name Ratis:service=RaftServer,group=group-4CF2EC507520,id=s2
2024-12-25 19:08:35,674 INFO  impl.StateMachineUpdater (StateMachineUpdater.java:stopAndJoin(164)) - s2@group-4CF2EC507520-StateMachineUpdater: set stopIndex = -1
2024-12-25 19:08:35,668 INFO  impl.StateMachineUpdater (StateMachineUpdater.java:stop(141)) - s2@group-6AB839334A82-StateMachineUpdater: closing ArithmeticStateMachine, lastApplied=(t:0, i:~)
2024-12-25 19:08:35,668 INFO  impl.StateMachineUpdater (StateMachineUpdater.java:stopAndJoin(164)) - s3@group-4CF2EC507520-StateMachineUpdater: set stopIndex = -1
2024-12-25 19:08:35,668 INFO  simulation.RequestHandler (RequestHandler.java:run(127)) - s10.serverHandler1 is interrupted by java.io.InterruptedIOException: 
2024-12-25 19:08:35,668 INFO  simulation.RequestHandler (RequestHandler.java:run(127)) - s9.serverHandler2 is interrupted by java.io.InterruptedIOException: 
2024-12-25 19:08:35,668 INFO  simulation.RequestHandler (RequestHandler.java:run(127)) - s9.serverHandler1 is interrupted by java.io.InterruptedIOException: 
2024-12-25 19:08:35,668 INFO  simulation.RequestHandler (RequestHandler.java:run(127)) - s9.serverHandler0 is interrupted by java.io.InterruptedIOException: 
2024-12-25 19:08:35,668 INFO  raftlog.RaftLog (SegmentedRaftLog.java:close(568)) - Start closing s12@group-4CF2EC507520-SegmentedRaftLog:OPENED:c123:last(t:1, i:124)
2024-12-25 19:08:35,668 INFO  raftlog.RaftLog (SegmentedRaftLog.java:close(568)) - Start closing s10@group-4CF2EC507520-SegmentedRaftLog:OPENED:c123:last(t:1, i:124)
2024-12-25 19:08:35,668 INFO  simulation.RequestHandler (RequestHandler.java:run(127)) - s12.serverHandler0 is interrupted by java.io.InterruptedIOException: 
2024-12-25 19:08:35,668 INFO  simulation.RequestHandler (RequestHandler.java:run(127)) - s12.serverHandler1 is interrupted by java.io.InterruptedIOException: 
2024-12-25 19:08:35,667 INFO  impl.StateMachineUpdater (StateMachineUpdater.java:stopAndJoin(164)) - s2@group-6AB839334A82-StateMachineUpdater: set stopIndex = -1
2024-12-25 19:08:35,677 INFO  raftlog.RaftLog (SegmentedRaftLog.java:close(568)) - Start closing s2@group-6AB839334A82-SegmentedRaftLog:OPENED:c-1:lastnull
2024-12-25 19:08:35,667 INFO  raftlog.RaftLog (SegmentedRaftLog.java:close(568)) - Start closing s7@group-4CF2EC507520-SegmentedRaftLog:OPENED:c123:last(t:1, i:124)
2024-12-25 19:08:35,666 INFO  impl.StateMachineUpdater (StateMachineUpdater.java:stopAndJoin(164)) - s7@group-6AB839334A82-StateMachineUpdater: set stopIndex = -1
2024-12-25 19:08:35,666 INFO  simulation.RequestHandler (RequestHandler.java:run(127)) - s11.serverHandler1 is interrupted by java.io.InterruptedIOException: 
2024-12-25 19:08:35,666 INFO  simulation.RequestHandler (RequestHandler.java:run(127)) - s11.serverHandler0 is interrupted by java.io.InterruptedIOException: 
2024-12-25 19:08:35,666 INFO  impl.StateMachineUpdater (StateMachineUpdater.java:stop(141)) - s13@group-4CF2EC507520-StateMachineUpdater: closing ArithmeticStateMachine, lastApplied=(t:1, i:123)
2024-12-25 19:08:35,666 INFO  impl.StateMachineUpdater (StateMachineUpdater.java:stop(141)) - s10@group-6AB839334A82-StateMachineUpdater: closing ArithmeticStateMachine, lastApplied=(t:0, i:~)
2024-12-25 19:08:35,666 INFO  simulation.RequestHandler (RequestHandler.java:run(127)) - s1.clientHandler1 is interrupted by java.io.InterruptedIOException: 
2024-12-25 19:08:35,666 INFO  util.AwaitToRun (AwaitToRun.java:run(49)) - s11@group-4CF2EC507520-cacheEviction-AwaitToRun-AwaitForSignal is interrupted
2024-12-25 19:08:35,666 INFO  impl.StateMachineUpdater (StateMachineUpdater.java:stopAndJoin(164)) - s10@group-6AB839334A82-StateMachineUpdater: set stopIndex = -1
2024-12-25 19:08:35,666 INFO  util.AwaitToRun (AwaitToRun.java:run(49)) - s5@group-4CF2EC507520-cacheEviction-AwaitToRun-AwaitForSignal is interrupted
2024-12-25 19:08:35,666 INFO  util.JmxRegister (JmxRegister.java:unregister(74)) - Successfully un-registered JMX Bean with object name Ratis:service=RaftServer,group=group-4CF2EC507520,id=s0
2024-12-25 19:08:35,666 INFO  server.RaftServer$Division (RaftServerImpl.java:lambda$close$1(514)) - s1@group-4CF2EC507520: shutdown
2024-12-25 19:08:35,666 INFO  impl.StateMachineUpdater (StateMachineUpdater.java:stop(141)) - s11@group-6AB839334A82-StateMachineUpdater: closing ArithmeticStateMachine, lastApplied=(t:0, i:~)
2024-12-25 19:08:35,682 INFO  raftlog.RaftLog (SegmentedRaftLog.java:close(568)) - Start closing s11@group-6AB839334A82-SegmentedRaftLog:OPENED:c-1:lastnull
2024-12-25 19:08:35,666 INFO  raftlog.RaftLog (SegmentedRaftLog.java:close(568)) - Start closing s9@group-4CF2EC507520-SegmentedRaftLog:OPENED:c123:last(t:1, i:124)
2024-12-25 19:08:35,666 INFO  impl.StateMachineUpdater (StateMachineUpdater.java:stop(141)) - s13@group-6AB839334A82-StateMachineUpdater: closing ArithmeticStateMachine, lastApplied=(t:0, i:~)
2024-12-25 19:08:35,666 INFO  impl.StateMachineUpdater (StateMachineUpdater.java:stopAndJoin(164)) - s13@group-6AB839334A82-StateMachineUpdater: set stopIndex = -1
2024-12-25 19:08:35,665 INFO  impl.FollowerState (FollowerState.java:runImpl(170)) - s9@group-4CF2EC507520-FollowerState was interrupted
2024-12-25 19:08:35,665 INFO  simulation.RequestHandler (RequestHandler.java:run(127)) - s13.serverHandler1 is interrupted by java.io.InterruptedIOException: 
2024-12-25 19:08:35,665 INFO  simulation.RequestHandler (RequestHandler.java:run(127)) - s13.serverHandler2 is interrupted by java.io.InterruptedIOException: 
2024-12-25 19:08:35,682 INFO  raftlog.RaftLog (SegmentedRaftLog.java:close(568)) - Start closing s13@group-6AB839334A82-SegmentedRaftLog:OPENED:c-1:lastnull
2024-12-25 19:08:35,682 INFO  util.AwaitToRun (AwaitToRun.java:run(49)) - s13@group-6AB839334A82-cacheEviction-AwaitToRun-AwaitForSignal is interrupted
2024-12-25 19:08:35,665 INFO  impl.StateMachineUpdater (StateMachineUpdater.java:stop(141)) - s3@group-6AB839334A82-StateMachineUpdater: closing ArithmeticStateMachine, lastApplied=(t:0, i:~)
2024-12-25 19:08:35,665 INFO  simulation.RequestHandler (RequestHandler.java:run(127)) - s0.clientHandler0 is interrupted by java.io.InterruptedIOException: 
2024-12-25 19:08:35,665 INFO  impl.StateMachineUpdater (StateMachineUpdater.java:stop(141)) - s12@group-6AB839334A82-StateMachineUpdater: closing ArithmeticStateMachine, lastApplied=(t:0, i:~)
2024-12-25 19:08:35,665 INFO  server.RaftServer$Division (RaftServerImpl.java:lambda$close$1(514)) - s0@group-6AB839334A82: shutdown
2024-12-25 19:08:35,665 INFO  simulation.RequestHandler (RequestHandler.java:run(127)) - s0.clientHandler2 is interrupted by java.io.InterruptedIOException: 
2024-12-25 19:08:35,683 INFO  raftlog.RaftLog (SegmentedRaftLog.java:close(568)) - Start closing s12@group-6AB839334A82-SegmentedRaftLog:OPENED:c-1:lastnull
2024-12-25 19:08:35,665 INFO  simulation.RequestHandler (RequestHandler.java:run(127)) - s0.clientHandler1 is interrupted by java.io.InterruptedIOException: 
2024-12-25 19:08:35,665 INFO  impl.StateMachineUpdater (StateMachineUpdater.java:stopAndJoin(164)) - s3@group-6AB839334A82-StateMachineUpdater: set stopIndex = -1
2024-12-25 19:08:35,683 INFO  util.AwaitToRun (AwaitToRun.java:run(49)) - s12@group-6AB839334A82-cacheEviction-AwaitToRun-AwaitForSignal is interrupted
2024-12-25 19:08:35,683 INFO  util.JmxRegister (JmxRegister.java:unregister(74)) - Successfully un-registered JMX Bean with object name Ratis:service=RaftServer,group=group-6AB839334A82,id=s0
2024-12-25 19:08:35,682 INFO  util.AwaitToRun (AwaitToRun.java:run(49)) - s9@group-4CF2EC507520-cacheEviction-AwaitToRun-AwaitForSignal is interrupted
2024-12-25 19:08:35,682 INFO  util.AwaitToRun (AwaitToRun.java:run(49)) - s11@group-6AB839334A82-cacheEviction-AwaitToRun-AwaitForSignal is interrupted
2024-12-25 19:08:35,683 INFO  simulation.RequestHandler (RequestHandler.java:run(127)) - s0.serverHandler0 is interrupted by java.io.InterruptedIOException: 
2024-12-25 19:08:35,682 INFO  util.JmxRegister (JmxRegister.java:unregister(74)) - Successfully un-registered JMX Bean with object name Ratis:service=RaftServer,group=group-4CF2EC507520,id=s1
2024-12-25 19:08:35,681 INFO  impl.StateMachineUpdater (StateMachineUpdater.java:stop(141)) - s0@group-4CF2EC507520-StateMachineUpdater: closing ArithmeticStateMachine, lastApplied=(t:1, i:123)
2024-12-25 19:08:35,681 INFO  impl.StateMachineUpdater (StateMachineUpdater.java:stopAndJoin(164)) - s0@group-4CF2EC507520-StateMachineUpdater: set stopIndex = 123
2024-12-25 19:08:35,683 INFO  raftlog.RaftLog (SegmentedRaftLog.java:close(568)) - Start closing s0@group-4CF2EC507520-SegmentedRaftLog:OPENED:c123:last(t:1, i:124)
2024-12-25 19:08:35,681 INFO  raftlog.RaftLog (SegmentedRaftLog.java:close(568)) - Start closing s10@group-6AB839334A82-SegmentedRaftLog:OPENED:c-1:lastnull
2024-12-25 19:08:35,684 INFO  impl.StateMachineUpdater (StateMachineUpdater.java:stop(141)) - s1@group-4CF2EC507520-StateMachineUpdater: closing ArithmeticStateMachine, lastApplied=(t:1, i:123)
2024-12-25 19:08:35,681 INFO  simulation.RequestHandler (RequestHandler.java:run(127)) - s1.serverHandler1 is interrupted by java.io.InterruptedIOException: 
2024-12-25 19:08:35,681 INFO  simulation.RequestHandler (RequestHandler.java:run(127)) - s1.serverHandler0 is interrupted by java.io.InterruptedIOException: 
2024-12-25 19:08:35,681 INFO  segmented.LogSegment (LogSegment.java:close(353)) - Successfully closed EntryCache-log_inprogress_0
2024-12-25 19:08:35,678 INFO  simulation.RequestHandler (RequestHandler.java:run(127)) - s1.serverHandler2 is interrupted by java.io.InterruptedIOException: 
2024-12-25 19:08:35,678 INFO  raftlog.RaftLog (SegmentedRaftLog.java:close(568)) - Start closing s13@group-4CF2EC507520-SegmentedRaftLog:OPENED:c123:last(t:1, i:124)
2024-12-25 19:08:35,677 INFO  raftlog.RaftLog (SegmentedRaftLog.java:close(568)) - Start closing s7@group-6AB839334A82-SegmentedRaftLog:OPENED:c-1:lastnull
2024-12-25 19:08:35,677 INFO  util.AwaitToRun (AwaitToRun.java:run(49)) - s7@group-4CF2EC507520-cacheEviction-AwaitToRun-AwaitForSignal is interrupted
2024-12-25 19:08:35,677 INFO  util.AwaitToRun (AwaitToRun.java:run(49)) - s2@group-6AB839334A82-cacheEviction-AwaitToRun-AwaitForSignal is interrupted
2024-12-25 19:08:35,677 INFO  util.AwaitToRun (AwaitToRun.java:run(49)) - s10@group-4CF2EC507520-cacheEviction-AwaitToRun-AwaitForSignal is interrupted
2024-12-25 19:08:35,677 INFO  util.AwaitToRun (AwaitToRun.java:run(49)) - s12@group-4CF2EC507520-cacheEviction-AwaitToRun-AwaitForSignal is interrupted
2024-12-25 19:08:35,684 INFO  segmented.LogSegment (LogSegment.java:close(353)) - Successfully closed EntryCache-log_inprogress_0
2024-12-25 19:08:35,676 INFO  raftlog.RaftLog (SegmentedRaftLog.java:close(568)) - Start closing s9@group-6AB839334A82-SegmentedRaftLog:OPENED:c-1:lastnull
2024-12-25 19:08:35,675 INFO  raftlog.RaftLog (SegmentedRaftLog.java:close(568)) - Start closing s3@group-4CF2EC507520-SegmentedRaftLog:OPENED:c-1:lastnull
2024-12-25 19:08:35,674 INFO  impl.StateMachineUpdater (StateMachineUpdater.java:stop(141)) - s2@group-4CF2EC507520-StateMachineUpdater: closing ArithmeticStateMachine, lastApplied=(t:0, i:~)
2024-12-25 19:08:35,673 INFO  util.AwaitToRun (AwaitToRun.java:run(49)) - s14@group-4CF2EC507520-cacheEviction-AwaitToRun-AwaitForSignal is interrupted
2024-12-25 19:08:35,685 INFO  raftlog.RaftLog (SegmentedRaftLog.java:close(568)) - Start closing s2@group-4CF2EC507520-SegmentedRaftLog:OPENED:c-1:lastnull
2024-12-25 19:08:35,673 INFO  impl.StateMachineUpdater (StateMachineUpdater.java:stop(141)) - s8@group-4CF2EC507520-StateMachineUpdater: closing ArithmeticStateMachine, lastApplied=(t:1, i:123)
2024-12-25 19:08:35,685 INFO  raftlog.RaftLog (SegmentedRaftLog.java:close(568)) - Start closing s8@group-4CF2EC507520-SegmentedRaftLog:OPENED:c123:last(t:1, i:124)
2024-12-25 19:08:35,673 INFO  impl.FollowerState (FollowerState.java:runImpl(170)) - s8@group-4CF2EC507520-FollowerState was interrupted
2024-12-25 19:08:35,673 INFO  impl.StateMachineUpdater (StateMachineUpdater.java:stopAndJoin(164)) - s1@group-6AB839334A82-StateMachineUpdater: set stopIndex = -1
2024-12-25 19:08:35,673 INFO  impl.StateMachineUpdater (StateMachineUpdater.java:stop(141)) - s1@group-6AB839334A82-StateMachineUpdater: closing ArithmeticStateMachine, lastApplied=(t:0, i:~)
2024-12-25 19:08:35,685 INFO  util.AwaitToRun (AwaitToRun.java:run(49)) - s8@group-4CF2EC507520-cacheEviction-AwaitToRun-AwaitForSignal is interrupted
2024-12-25 19:08:35,686 INFO  raftlog.RaftLog (SegmentedRaftLog.java:close(568)) - Start closing s1@group-6AB839334A82-SegmentedRaftLog:OPENED:c-1:lastnull
2024-12-25 19:08:35,685 INFO  util.AwaitToRun (AwaitToRun.java:run(49)) - s2@group-4CF2EC507520-cacheEviction-AwaitToRun-AwaitForSignal is interrupted
2024-12-25 19:08:35,686 INFO  util.AwaitToRun (AwaitToRun.java:run(49)) - s1@group-6AB839334A82-cacheEviction-AwaitToRun-AwaitForSignal is interrupted
2024-12-25 19:08:35,685 INFO  util.AwaitToRun (AwaitToRun.java:run(49)) - s3@group-4CF2EC507520-cacheEviction-AwaitToRun-AwaitForSignal is interrupted
2024-12-25 19:08:35,685 INFO  util.AwaitToRun (AwaitToRun.java:run(49)) - s9@group-6AB839334A82-cacheEviction-AwaitToRun-AwaitForSignal is interrupted
2024-12-25 19:08:35,685 INFO  segmented.LogSegment (LogSegment.java:close(353)) - Successfully closed EntryCache-log_inprogress_0
2024-12-25 19:08:35,684 INFO  segmented.LogSegment (LogSegment.java:close(353)) - Successfully closed EntryCache-log_inprogress_0
2024-12-25 19:08:35,684 INFO  util.AwaitToRun (AwaitToRun.java:run(49)) - s7@group-6AB839334A82-cacheEviction-AwaitToRun-AwaitForSignal is interrupted
2024-12-25 19:08:35,684 INFO  util.AwaitToRun (AwaitToRun.java:run(49)) - s13@group-4CF2EC507520-cacheEviction-AwaitToRun-AwaitForSignal is interrupted
2024-12-25 19:08:35,684 INFO  util.AwaitToRun (AwaitToRun.java:run(49)) - s10@group-6AB839334A82-cacheEviction-AwaitToRun-AwaitForSignal is interrupted
2024-12-25 19:08:35,684 INFO  util.AwaitToRun (AwaitToRun.java:run(49)) - s0@group-4CF2EC507520-cacheEviction-AwaitToRun-AwaitForSignal is interrupted
2024-12-25 19:08:35,684 INFO  impl.StateMachineUpdater (StateMachineUpdater.java:stopAndJoin(164)) - s1@group-4CF2EC507520-StateMachineUpdater: set stopIndex = 123
2024-12-25 19:08:35,683 INFO  simulation.RequestHandler (RequestHandler.java:run(127)) - s0.serverHandler2 is interrupted by java.io.InterruptedIOException: 
2024-12-25 19:08:35,683 INFO  simulation.RequestHandler (RequestHandler.java:run(127)) - s0.serverHandler1 is interrupted by java.io.InterruptedIOException: 
2024-12-25 19:08:35,683 INFO  segmented.LogSegment (LogSegment.java:close(353)) - Successfully closed EntryCache-log_inprogress_0
2024-12-25 19:08:35,688 INFO  segmented.LogSegment (LogSegment.java:close(353)) - Successfully closed EntryCache-log_inprogress_0
2024-12-25 19:08:35,683 INFO  impl.StateMachineUpdater (StateMachineUpdater.java:stop(141)) - s0@group-6AB839334A82-StateMachineUpdater: closing ArithmeticStateMachine, lastApplied=(t:0, i:~)
2024-12-25 19:08:35,683 INFO  impl.StateMachineUpdater (StateMachineUpdater.java:stopAndJoin(164)) - s0@group-6AB839334A82-StateMachineUpdater: set stopIndex = -1
2024-12-25 19:08:35,683 INFO  raftlog.RaftLog (SegmentedRaftLog.java:close(568)) - Start closing s3@group-6AB839334A82-SegmentedRaftLog:OPENED:c-1:lastnull
2024-12-25 19:08:35,688 INFO  util.AwaitToRun (AwaitToRun.java:run(49)) - s3@group-6AB839334A82-cacheEviction-AwaitToRun-AwaitForSignal is interrupted
2024-12-25 19:08:35,688 INFO  raftlog.RaftLog (SegmentedRaftLog.java:close(568)) - Start closing s0@group-6AB839334A82-SegmentedRaftLog:OPENED:c-1:lastnull
2024-12-25 19:08:35,688 INFO  util.AwaitToRun (AwaitToRun.java:run(49)) - s0@group-6AB839334A82-cacheEviction-AwaitToRun-AwaitForSignal is interrupted
2024-12-25 19:08:35,688 INFO  raftlog.RaftLog (SegmentedRaftLog.java:close(568)) - Start closing s1@group-4CF2EC507520-SegmentedRaftLog:OPENED:c123:last(t:1, i:124)
2024-12-25 19:08:35,687 INFO  segmented.LogSegment (LogSegment.java:close(353)) - Successfully closed EntryCache-log_inprogress_0
2024-12-25 19:08:35,686 INFO  segmented.LogSegment (LogSegment.java:close(353)) - Successfully closed EntryCache-log_inprogress_0
2024-12-25 19:08:35,689 INFO  util.AwaitToRun (AwaitToRun.java:run(49)) - s1@group-4CF2EC507520-cacheEviction-AwaitToRun-AwaitForSignal is interrupted
2024-12-25 19:08:35,689 INFO  segmented.LogSegment (LogSegment.java:close(353)) - Successfully closed EntryCache-log_inprogress_0
2024-12-25 19:08:35,715 INFO  segmented.SegmentedRaftLogWorker (SegmentedRaftLogWorker.java:close(254)) - s7@group-4CF2EC507520-SegmentedRaftLogWorker close()
2024-12-25 19:08:35,715 INFO  raftlog.RaftLog (SegmentedRaftLog.java:close(576)) - Successfully closed s7@group-4CF2EC507520-SegmentedRaftLog:CLOSED:c123
2024-12-25 19:08:35,716 INFO  segmented.SegmentedRaftLogWorker (SegmentedRaftLogWorker.java:close(254)) - s9@group-4CF2EC507520-SegmentedRaftLogWorker close()
2024-12-25 19:08:35,716 INFO  segmented.SegmentedRaftLogWorker (SegmentedRaftLogWorker.java:close(254)) - s8@group-4CF2EC507520-SegmentedRaftLogWorker close()
2024-12-25 19:08:35,717 INFO  segmented.SegmentedRaftLogWorker (SegmentedRaftLogWorker.java:close(254)) - s1@group-4CF2EC507520-SegmentedRaftLogWorker close()
2024-12-25 19:08:35,716 INFO  raftlog.RaftLog (SegmentedRaftLog.java:close(576)) - Successfully closed s9@group-4CF2EC507520-SegmentedRaftLog:CLOSED:c123
2024-12-25 19:08:35,717 INFO  segmented.SegmentedRaftLogWorker (SegmentedRaftLogWorker.java:close(254)) - s0@group-4CF2EC507520-SegmentedRaftLogWorker close()
2024-12-25 19:08:35,720 INFO  raftlog.RaftLog (SegmentedRaftLog.java:close(576)) - Successfully closed s8@group-4CF2EC507520-SegmentedRaftLog:CLOSED:c123
2024-12-25 19:08:35,722 INFO  raftlog.RaftLog (SegmentedRaftLog.java:close(576)) - Successfully closed s1@group-4CF2EC507520-SegmentedRaftLog:CLOSED:c123
2024-12-25 19:08:35,722 INFO  raftlog.RaftLog (SegmentedRaftLog.java:close(576)) - Successfully closed s0@group-4CF2EC507520-SegmentedRaftLog:CLOSED:c123
2024-12-25 19:08:35,744 INFO  segmented.SegmentedRaftLogWorker (SegmentedRaftLogWorker.java:close(254)) - s11@group-4CF2EC507520-SegmentedRaftLogWorker close()
2024-12-25 19:08:35,745 INFO  raftlog.RaftLog (SegmentedRaftLog.java:close(576)) - Successfully closed s11@group-4CF2EC507520-SegmentedRaftLog:CLOSED:c123
2024-12-25 19:08:35,749 INFO  segmented.SegmentedRaftLogWorker (SegmentedRaftLogWorker.java:close(254)) - s10@group-4CF2EC507520-SegmentedRaftLogWorker close()
2024-12-25 19:08:35,749 INFO  raftlog.RaftLog (SegmentedRaftLog.java:close(576)) - Successfully closed s10@group-4CF2EC507520-SegmentedRaftLog:CLOSED:c123
2024-12-25 19:08:35,759 INFO  segmented.SegmentedRaftLogWorker (SegmentedRaftLogWorker.java:close(254)) - s12@group-4CF2EC507520-SegmentedRaftLogWorker close()
2024-12-25 19:08:35,760 INFO  raftlog.RaftLog (SegmentedRaftLog.java:close(576)) - Successfully closed s12@group-4CF2EC507520-SegmentedRaftLog:CLOSED:c123
2024-12-25 19:08:35,760 INFO  segmented.SegmentedRaftLogWorker (SegmentedRaftLogWorker.java:close(254)) - s13@group-4CF2EC507520-SegmentedRaftLogWorker close()
2024-12-25 19:08:35,761 INFO  raftlog.RaftLog (SegmentedRaftLog.java:close(576)) - Successfully closed s13@group-4CF2EC507520-SegmentedRaftLog:CLOSED:c123
2024-12-25 19:08:35,900 INFO  segmented.SegmentedRaftLogWorker (SegmentedRaftLogWorker.java:close(254)) - s3@group-6AB839334A82-SegmentedRaftLogWorker close()
2024-12-25 19:08:35,900 INFO  raftlog.RaftLog (SegmentedRaftLog.java:close(576)) - Successfully closed s3@group-6AB839334A82-SegmentedRaftLog:CLOSED:c-1
2024-12-25 19:08:35,925 INFO  segmented.SegmentedRaftLogWorker (SegmentedRaftLogWorker.java:close(254)) - s4@group-6AB839334A82-SegmentedRaftLogWorker close()
2024-12-25 19:08:35,925 INFO  raftlog.RaftLog (SegmentedRaftLog.java:close(576)) - Successfully closed s4@group-6AB839334A82-SegmentedRaftLog:CLOSED:c-1
2024-12-25 19:08:35,935 INFO  segmented.SegmentedRaftLogWorker (SegmentedRaftLogWorker.java:close(254)) - s5@group-6AB839334A82-SegmentedRaftLogWorker close()
2024-12-25 19:08:35,936 INFO  raftlog.RaftLog (SegmentedRaftLog.java:close(576)) - Successfully closed s5@group-6AB839334A82-SegmentedRaftLog:CLOSED:c-1
2024-12-25 19:08:35,946 INFO  segmented.SegmentedRaftLogWorker (SegmentedRaftLogWorker.java:close(254)) - s6@group-6AB839334A82-SegmentedRaftLogWorker close()
2024-12-25 19:08:35,946 INFO  raftlog.RaftLog (SegmentedRaftLog.java:close(576)) - Successfully closed s6@group-6AB839334A82-SegmentedRaftLog:CLOSED:c-1
2024-12-25 19:08:35,947 INFO  util.JvmPauseMonitor (JvmPauseMonitor.java:run(152)) - JvmPauseMonitor-s6: Stopped
2024-12-25 19:08:35,958 INFO  segmented.SegmentedRaftLogWorker (SegmentedRaftLogWorker.java:close(254)) - s7@group-6AB839334A82-SegmentedRaftLogWorker close()
2024-12-25 19:08:35,958 INFO  raftlog.RaftLog (SegmentedRaftLog.java:close(576)) - Successfully closed s7@group-6AB839334A82-SegmentedRaftLog:CLOSED:c-1
2024-12-25 19:08:35,959 INFO  util.JvmPauseMonitor (JvmPauseMonitor.java:run(152)) - JvmPauseMonitor-s7: Stopped
2024-12-25 19:08:35,972 INFO  segmented.SegmentedRaftLogWorker (SegmentedRaftLogWorker.java:close(254)) - s8@group-6AB839334A82-SegmentedRaftLogWorker close()
2024-12-25 19:08:35,972 INFO  raftlog.RaftLog (SegmentedRaftLog.java:close(576)) - Successfully closed s8@group-6AB839334A82-SegmentedRaftLog:CLOSED:c-1
2024-12-25 19:08:35,972 INFO  util.JvmPauseMonitor (JvmPauseMonitor.java:run(152)) - JvmPauseMonitor-s8: Stopped
2024-12-25 19:08:35,983 INFO  segmented.SegmentedRaftLogWorker (SegmentedRaftLogWorker.java:close(254)) - s9@group-6AB839334A82-SegmentedRaftLogWorker close()
2024-12-25 19:08:35,983 INFO  raftlog.RaftLog (SegmentedRaftLog.java:close(576)) - Successfully closed s9@group-6AB839334A82-SegmentedRaftLog:CLOSED:c-1
2024-12-25 19:08:35,983 INFO  util.JvmPauseMonitor (JvmPauseMonitor.java:run(152)) - JvmPauseMonitor-s9: Stopped
2024-12-25 19:08:35,992 INFO  segmented.SegmentedRaftLogWorker (SegmentedRaftLogWorker.java:close(254)) - s11@group-6AB839334A82-SegmentedRaftLogWorker close()
2024-12-25 19:08:35,993 INFO  raftlog.RaftLog (SegmentedRaftLog.java:close(576)) - Successfully closed s11@group-6AB839334A82-SegmentedRaftLog:CLOSED:c-1
2024-12-25 19:08:35,993 INFO  util.JvmPauseMonitor (JvmPauseMonitor.java:run(152)) - JvmPauseMonitor-s11: Stopped
2024-12-25 19:08:36,005 INFO  segmented.SegmentedRaftLogWorker (SegmentedRaftLogWorker.java:close(254)) - s10@group-6AB839334A82-SegmentedRaftLogWorker close()
2024-12-25 19:08:36,005 INFO  raftlog.RaftLog (SegmentedRaftLog.java:close(576)) - Successfully closed s10@group-6AB839334A82-SegmentedRaftLog:CLOSED:c-1
2024-12-25 19:08:36,006 INFO  util.JvmPauseMonitor (JvmPauseMonitor.java:run(152)) - JvmPauseMonitor-s10: Stopped
2024-12-25 19:08:36,015 INFO  segmented.SegmentedRaftLogWorker (SegmentedRaftLogWorker.java:close(254)) - s13@group-6AB839334A82-SegmentedRaftLogWorker close()
2024-12-25 19:08:36,015 INFO  raftlog.RaftLog (SegmentedRaftLog.java:close(576)) - Successfully closed s13@group-6AB839334A82-SegmentedRaftLog:CLOSED:c-1
2024-12-25 19:08:36,015 INFO  util.JvmPauseMonitor (JvmPauseMonitor.java:run(152)) - JvmPauseMonitor-s13: Stopped
2024-12-25 19:08:36,032 INFO  segmented.SegmentedRaftLogWorker (SegmentedRaftLogWorker.java:close(254)) - s12@group-6AB839334A82-SegmentedRaftLogWorker close()
2024-12-25 19:08:36,032 INFO  raftlog.RaftLog (SegmentedRaftLog.java:close(576)) - Successfully closed s12@group-6AB839334A82-SegmentedRaftLog:CLOSED:c-1
2024-12-25 19:08:36,032 INFO  util.JvmPauseMonitor (JvmPauseMonitor.java:run(152)) - JvmPauseMonitor-s12: Stopped
2024-12-25 19:08:36,041 INFO  segmented.SegmentedRaftLogWorker (SegmentedRaftLogWorker.java:close(254)) - s14@group-6AB839334A82-SegmentedRaftLogWorker close()
2024-12-25 19:08:36,041 INFO  raftlog.RaftLog (SegmentedRaftLog.java:close(576)) - Successfully closed s14@group-6AB839334A82-SegmentedRaftLog:CLOSED:c-1
2024-12-25 19:08:36,051 INFO  segmented.SegmentedRaftLogWorker (SegmentedRaftLogWorker.java:close(254)) - s0@group-6AB839334A82-SegmentedRaftLogWorker close()
2024-12-25 19:08:36,051 INFO  raftlog.RaftLog (SegmentedRaftLog.java:close(576)) - Successfully closed s0@group-6AB839334A82-SegmentedRaftLog:CLOSED:c-1
2024-12-25 19:08:36,051 INFO  util.JvmPauseMonitor (JvmPauseMonitor.java:run(152)) - JvmPauseMonitor-s0: Stopped
2024-12-25 19:08:36,068 INFO  segmented.SegmentedRaftLogWorker (SegmentedRaftLogWorker.java:close(254)) - s1@group-6AB839334A82-SegmentedRaftLogWorker close()
2024-12-25 19:08:36,068 INFO  raftlog.RaftLog (SegmentedRaftLog.java:close(576)) - Successfully closed s1@group-6AB839334A82-SegmentedRaftLog:CLOSED:c-1
2024-12-25 19:08:36,068 INFO  util.JvmPauseMonitor (JvmPauseMonitor.java:run(152)) - JvmPauseMonitor-s1: Stopped
2024-12-25 19:08:36,079 INFO  segmented.SegmentedRaftLogWorker (SegmentedRaftLogWorker.java:close(254)) - s2@group-6AB839334A82-SegmentedRaftLogWorker close()
2024-12-25 19:08:36,079 INFO  raftlog.RaftLog (SegmentedRaftLog.java:close(576)) - Successfully closed s2@group-6AB839334A82-SegmentedRaftLog:CLOSED:c-1
2024-12-25 19:08:36,593 INFO  segmented.SegmentedRaftLogWorker (SegmentedRaftLogWorker.java:close(254)) - s3@group-4CF2EC507520-SegmentedRaftLogWorker close()
2024-12-25 19:08:36,594 INFO  raftlog.RaftLog (SegmentedRaftLog.java:close(576)) - Successfully closed s3@group-4CF2EC507520-SegmentedRaftLog:CLOSED:c-1
2024-12-25 19:08:36,595 INFO  util.JvmPauseMonitor (JvmPauseMonitor.java:run(152)) - JvmPauseMonitor-s3: Stopped
2024-12-25 19:08:36,604 INFO  segmented.SegmentedRaftLogWorker (SegmentedRaftLogWorker.java:close(254)) - s14@group-4CF2EC507520-SegmentedRaftLogWorker close()
2024-12-25 19:08:36,604 INFO  raftlog.RaftLog (SegmentedRaftLog.java:close(576)) - Successfully closed s14@group-4CF2EC507520-SegmentedRaftLog:CLOSED:c-1
2024-12-25 19:08:36,604 INFO  util.JvmPauseMonitor (JvmPauseMonitor.java:run(152)) - JvmPauseMonitor-s14: Stopped
2024-12-25 19:08:36,615 INFO  segmented.SegmentedRaftLogWorker (SegmentedRaftLogWorker.java:close(254)) - s2@group-4CF2EC507520-SegmentedRaftLogWorker close()
2024-12-25 19:08:36,616 INFO  raftlog.RaftLog (SegmentedRaftLog.java:close(576)) - Successfully closed s2@group-4CF2EC507520-SegmentedRaftLog:CLOSED:c-1
2024-12-25 19:08:36,616 INFO  util.JvmPauseMonitor (JvmPauseMonitor.java:run(152)) - JvmPauseMonitor-s2: Stopped
2024-12-25 19:08:36,626 INFO  segmented.SegmentedRaftLogWorker (SegmentedRaftLogWorker.java:close(254)) - s4@group-4CF2EC507520-SegmentedRaftLogWorker close()
2024-12-25 19:08:36,626 INFO  raftlog.RaftLog (SegmentedRaftLog.java:close(576)) - Successfully closed s4@group-4CF2EC507520-SegmentedRaftLog:CLOSED:c-1
2024-12-25 19:08:36,627 INFO  util.JvmPauseMonitor (JvmPauseMonitor.java:run(152)) - JvmPauseMonitor-s4: Stopped
2024-12-25 19:08:36,645 INFO  segmented.SegmentedRaftLogWorker (SegmentedRaftLogWorker.java:close(254)) - s5@group-4CF2EC507520-SegmentedRaftLogWorker close()
2024-12-25 19:08:36,646 INFO  raftlog.RaftLog (SegmentedRaftLog.java:close(576)) - Successfully closed s5@group-4CF2EC507520-SegmentedRaftLog:CLOSED:c-1
2024-12-25 19:08:36,646 INFO  util.JvmPauseMonitor (JvmPauseMonitor.java:run(152)) - JvmPauseMonitor-s5: Stopped
2024-12-25 19:08:36,646 INFO  impl.MiniRaftCluster (MiniRaftCluster.java:shutdown(883)) - MiniRaftClusterWithSimulatedRpc shutdown completed
2024-12-25 19:08:36,647 INFO  ratis.RaftTestUtil (RaftTestUtil.java:gc(596)) - gc 0
| MiniRaftClusterWithSimulatedRpc[3, 6, 9, 12, 15]chosen=4 | shutdown | 10 |
2024-12-25 19:08:36,811 INFO  impl.MiniRaftCluster (MiniRaftCluster.java:shutdown(847)) - ************************************************************** 
2024-12-25 19:08:36,811 INFO  impl.MiniRaftCluster (MiniRaftCluster.java:shutdown(848)) - *** 
2024-12-25 19:08:36,811 INFO  impl.MiniRaftCluster (MiniRaftCluster.java:shutdown(849)) - ***     Stopping MiniRaftClusterWithSimulatedRpc
2024-12-25 19:08:36,811 INFO  impl.MiniRaftCluster (MiniRaftCluster.java:shutdown(850)) - *** 
2024-12-25 19:08:36,812 INFO  impl.MiniRaftCluster (MiniRaftCluster.java:shutdown(851)) - ************************************************************** 
2024-12-25 19:08:36,812 INFO  impl.MiniRaftCluster (MiniRaftCluster.java:shutdown(852)) - printing ALL groups
  s3:   CLOSED [
   FOLLOWER s3@group-4CF2EC507520:t0, leader=null, voted=, raftlog=Memoized:s3@group-4CF2EC507520-SegmentedRaftLog:CLOSED:c-1, conf=conf: {index: -1, cur=peers:[]|listeners:[], old=null} CLOSED
   FOLLOWER s3@group-6AB839334A82:t0, leader=null, voted=, raftlog=Memoized:s3@group-6AB839334A82-SegmentedRaftLog:CLOSED:c-1, conf=conf: {index: -1, cur=peers:[]|listeners:[], old=null} CLOSED] size=2
  s4:   CLOSED [
   FOLLOWER s4@group-4CF2EC507520:t0, leader=null, voted=, raftlog=Memoized:s4@group-4CF2EC507520-SegmentedRaftLog:CLOSED:c-1, conf=conf: {index: -1, cur=peers:[]|listeners:[], old=null} CLOSED
   FOLLOWER s4@group-6AB839334A82:t0, leader=null, voted=, raftlog=Memoized:s4@group-6AB839334A82-SegmentedRaftLog:CLOSED:c-1, conf=conf: {index: -1, cur=peers:[]|listeners:[], old=null} CLOSED] size=2
  s5:   CLOSED [
   FOLLOWER s5@group-4CF2EC507520:t0, leader=null, voted=, raftlog=Memoized:s5@group-4CF2EC507520-SegmentedRaftLog:CLOSED:c-1, conf=conf: {index: -1, cur=peers:[]|listeners:[], old=null} CLOSED
   FOLLOWER s5@group-6AB839334A82:t0, leader=null, voted=, raftlog=Memoized:s5@group-6AB839334A82-SegmentedRaftLog:CLOSED:c-1, conf=conf: {index: -1, cur=peers:[]|listeners:[], old=null} CLOSED] size=2
  s6:   CLOSED [
   FOLLOWER s6@group-4CF2EC507520:t0, leader=null, voted=, raftlog=Memoized:s6@group-4CF2EC507520-SegmentedRaftLog:CLOSED:c-1, conf=conf: {index: -1, cur=peers:[]|listeners:[], old=null} CLOSED
   FOLLOWER s6@group-6AB839334A82:t0, leader=null, voted=, raftlog=Memoized:s6@group-6AB839334A82-SegmentedRaftLog:CLOSED:c-1, conf=conf: {index: -1, cur=peers:[]|listeners:[], old=null} CLOSED] size=2
  s7:   CLOSED [
     LEADER s7@group-4CF2EC507520:t1, leader=s7, voted=s7, raftlog=Memoized:s7@group-4CF2EC507520-SegmentedRaftLog:CLOSED:c123, conf=conf: {index: 123, cur=peers:[s7, s8, s9, s0, s1]|listeners:[], old=null} CLOSED
   FOLLOWER s7@group-6AB839334A82:t0, leader=null, voted=, raftlog=Memoized:s7@group-6AB839334A82-SegmentedRaftLog:CLOSED:c-1, conf=conf: {index: -1, cur=peers:[]|listeners:[], old=null} CLOSED] size=2
  s8:   CLOSED [
   FOLLOWER s8@group-4CF2EC507520:t1, leader=s7, voted=s7, raftlog=Memoized:s8@group-4CF2EC507520-SegmentedRaftLog:CLOSED:c123, conf=conf: {index: 123, cur=peers:[s7|, s8|, s9|, s0|, s1|]|listeners:[], old=null} CLOSED
   FOLLOWER s8@group-6AB839334A82:t0, leader=null, voted=, raftlog=Memoized:s8@group-6AB839334A82-SegmentedRaftLog:CLOSED:c-1, conf=conf: {index: -1, cur=peers:[]|listeners:[], old=null} CLOSED] size=2
  s9:   CLOSED [
   FOLLOWER s9@group-4CF2EC507520:t1, leader=s7, voted=s7, raftlog=Memoized:s9@group-4CF2EC507520-SegmentedRaftLog:CLOSED:c123, conf=conf: {index: 123, cur=peers:[s7|, s8|, s9|, s0|, s1|]|listeners:[], old=null} CLOSED
   FOLLOWER s9@group-6AB839334A82:t0, leader=null, voted=, raftlog=Memoized:s9@group-6AB839334A82-SegmentedRaftLog:CLOSED:c-1, conf=conf: {index: -1, cur=peers:[]|listeners:[], old=null} CLOSED] size=2
  s11:   CLOSED [
   FOLLOWER s11@group-4CF2EC507520:t1, leader=s7, voted=null, raftlog=Memoized:s11@group-4CF2EC507520-SegmentedRaftLog:CLOSED:c123, conf=conf: {index: 123, cur=peers:[s7|, s8|, s9|, s0|, s1|]|listeners:[], old=null} CLOSED
   FOLLOWER s11@group-6AB839334A82:t0, leader=null, voted=, raftlog=Memoized:s11@group-6AB839334A82-SegmentedRaftLog:CLOSED:c-1, conf=conf: {index: -1, cur=peers:[]|listeners:[], old=null} CLOSED] size=2
  s10:   CLOSED [
   FOLLOWER s10@group-4CF2EC507520:t1, leader=s7, voted=null, raftlog=Memoized:s10@group-4CF2EC507520-SegmentedRaftLog:CLOSED:c123, conf=conf: {index: 123, cur=peers:[s7|, s8|, s9|, s0|, s1|]|listeners:[], old=null} CLOSED
   FOLLOWER s10@group-6AB839334A82:t0, leader=null, voted=, raftlog=Memoized:s10@group-6AB839334A82-SegmentedRaftLog:CLOSED:c-1, conf=conf: {index: -1, cur=peers:[]|listeners:[], old=null} CLOSED] size=2
  s13:   CLOSED [
   FOLLOWER s13@group-4CF2EC507520:t1, leader=s7, voted=null, raftlog=Memoized:s13@group-4CF2EC507520-SegmentedRaftLog:CLOSED:c123, conf=conf: {index: 123, cur=peers:[s7|, s8|, s9|, s0|, s1|]|listeners:[], old=null} CLOSED
   FOLLOWER s13@group-6AB839334A82:t0, leader=null, voted=, raftlog=Memoized:s13@group-6AB839334A82-SegmentedRaftLog:CLOSED:c-1, conf=conf: {index: -1, cur=peers:[]|listeners:[], old=null} CLOSED] size=2
  s12:   CLOSED [
   FOLLOWER s12@group-4CF2EC507520:t1, leader=s7, voted=null, raftlog=Memoized:s12@group-4CF2EC507520-SegmentedRaftLog:CLOSED:c123, conf=conf: {index: 123, cur=peers:[s7|, s8|, s9|, s0|, s1|]|listeners:[], old=null} CLOSED
   FOLLOWER s12@group-6AB839334A82:t0, leader=null, voted=, raftlog=Memoized:s12@group-6AB839334A82-SegmentedRaftLog:CLOSED:c-1, conf=conf: {index: -1, cur=peers:[]|listeners:[], old=null} CLOSED] size=2
  s14:   CLOSED [
   FOLLOWER s14@group-4CF2EC507520:t0, leader=null, voted=, raftlog=Memoized:s14@group-4CF2EC507520-SegmentedRaftLog:CLOSED:c-1, conf=conf: {index: -1, cur=peers:[]|listeners:[], old=null} CLOSED
   FOLLOWER s14@group-6AB839334A82:t0, leader=null, voted=, raftlog=Memoized:s14@group-6AB839334A82-SegmentedRaftLog:CLOSED:c-1, conf=conf: {index: -1, cur=peers:[]|listeners:[], old=null} CLOSED] size=2
  s0:   CLOSED [
   FOLLOWER s0@group-4CF2EC507520:t1, leader=s7, voted=null, raftlog=Memoized:s0@group-4CF2EC507520-SegmentedRaftLog:CLOSED:c123, conf=conf: {index: 123, cur=peers:[s7|, s8|, s9|, s0|, s1|]|listeners:[], old=null} CLOSED
   FOLLOWER s0@group-6AB839334A82:t0, leader=null, voted=, raftlog=Memoized:s0@group-6AB839334A82-SegmentedRaftLog:CLOSED:c-1, conf=conf: {index: -1, cur=peers:[]|listeners:[], old=null} CLOSED] size=2
  s1:   CLOSED [
   FOLLOWER s1@group-4CF2EC507520:t1, leader=s7, voted=null, raftlog=Memoized:s1@group-4CF2EC507520-SegmentedRaftLog:CLOSED:c123, conf=conf: {index: 123, cur=peers:[s7|, s8|, s9|, s0|, s1|]|listeners:[], old=null} CLOSED
   FOLLOWER s1@group-6AB839334A82:t0, leader=null, voted=, raftlog=Memoized:s1@group-6AB839334A82-SegmentedRaftLog:CLOSED:c-1, conf=conf: {index: -1, cur=peers:[]|listeners:[], old=null} CLOSED] size=2
  s2:   CLOSED [
   FOLLOWER s2@group-4CF2EC507520:t0, leader=null, voted=, raftlog=Memoized:s2@group-4CF2EC507520-SegmentedRaftLog:CLOSED:c-1, conf=conf: {index: -1, cur=peers:[]|listeners:[], old=null} CLOSED
   FOLLOWER s2@group-6AB839334A82:t0, leader=null, voted=, raftlog=Memoized:s2@group-6AB839334A82-SegmentedRaftLog:CLOSED:c-1, conf=conf: {index: -1, cur=peers:[]|listeners:[], old=null} CLOSED] size=2
2024-12-25 19:08:36,814 INFO  impl.MiniRaftCluster (MiniRaftCluster.java:shutdown(883)) - MiniRaftClusterWithSimulatedRpc shutdown completed
2024-12-25 19:08:36,814 INFO  ratis.RaftTestUtil (RaftTestUtil.java:gc(596)) - gc 0
]]></system-out>
  </testcase>
  <testcase name="testMultiRaftGroup(MiniRaftCluster)[2]" classname="org.apache.ratis.TestMultiRaftGroup" time="21.923"/>
  <testcase name="testMultiRaftGroup(MiniRaftCluster)[3]" classname="org.apache.ratis.TestMultiRaftGroup" time="19.125"/>
</testsuite>