<?xml version="1.0" encoding="UTF-8"?>
<testsuite xmlns:xsi="http://www.w3.org/2001/XMLSchema-instance" xsi:noNamespaceSchemaLocation="https://maven.apache.org/surefire/maven-surefire-plugin/xsd/surefire-test-report-3.0.xsd" version="3.0" name="org.apache.ratis.TestMultiRaftGroup" time="344.395" tests="3" errors="1" skipped="0" failures="0">
  <properties>
    <property name="awt.toolkit" value="sun.awt.X11.XToolkit"/>
    <property name="file.encoding.pkg" value="sun.io"/>
    <property name="java.specification.version" value="1.8"/>
    <property name="sun.cpu.isalist" value=""/>
    <property name="sun.jnu.encoding" value="UTF-8"/>
    <property name="java.class.path" value="/home/runner/work/ratis/ratis/ratis-examples/target/test-classes:/home/runner/work/ratis/ratis/ratis-examples/target/classes:/home/runner/.m2/repository/org/apache/ratis/ratis-thirdparty-misc/1.0.6/ratis-thirdparty-misc-1.0.6.jar:/home/runner/work/ratis/ratis/ratis-proto/target/classes:/home/runner/work/ratis/ratis/ratis-tools/target/classes:/home/runner/work/ratis/ratis/ratis-common/target/classes:/home/runner/work/ratis/ratis/ratis-common/target/test-classes:/home/runner/work/ratis/ratis/ratis-client/target/classes:/home/runner/work/ratis/ratis/ratis-server/target/classes:/home/runner/work/ratis/ratis/ratis-server-api/target/classes:/home/runner/work/ratis/ratis/ratis-metrics-api/target/classes:/home/runner/work/ratis/ratis/ratis-server/target/test-classes:/home/runner/work/ratis/ratis/ratis-metrics-default/target/classes:/home/runner/work/ratis/ratis/ratis-grpc/target/classes:/home/runner/work/ratis/ratis/ratis-grpc/target/test-classes:/home/runner/work/ratis/ratis/ratis-netty/target/classes:/home/runner/work/ratis/ratis/ratis-netty/target/test-classes:/home/runner/work/ratis/ratis/ratis-test/target/test-classes:/home/runner/.m2/repository/com/beust/jcommander/1.82/jcommander-1.82.jar:/home/runner/.m2/repository/org/slf4j/slf4j-api/2.0.7/slf4j-api-2.0.7.jar:/home/runner/.m2/repository/org/slf4j/slf4j-reload4j/2.0.7/slf4j-reload4j-2.0.7.jar:/home/runner/.m2/repository/ch/qos/reload4j/reload4j/1.2.22/reload4j-1.2.22.jar:/home/runner/.m2/repository/junit/junit/4.13.2/junit-4.13.2.jar:/home/runner/.m2/repository/org/hamcrest/hamcrest-core/1.3/hamcrest-core-1.3.jar:/home/runner/.m2/repository/org/junit/jupiter/junit-jupiter-engine/5.11.2/junit-jupiter-engine-5.11.2.jar:/home/runner/.m2/repository/org/junit/platform/junit-platform-engine/1.11.2/junit-platform-engine-1.11.2.jar:/home/runner/.m2/repository/org/apiguardian/apiguardian-api/1.1.2/apiguardian-api-1.1.2.jar:/home/runner/.m2/repository/org/junit/jupiter/junit-jupiter-api/5.11.2/junit-jupiter-api-5.11.2.jar:/home/runner/.m2/repository/org/opentest4j/opentest4j/1.3.0/opentest4j-1.3.0.jar:/home/runner/.m2/repository/org/junit/platform/junit-platform-commons/1.11.2/junit-platform-commons-1.11.2.jar:/home/runner/.m2/repository/org/junit/jupiter/junit-jupiter-params/5.11.2/junit-jupiter-params-5.11.2.jar:"/>
    <property name="java.vm.vendor" value="Temurin"/>
    <property name="sun.arch.data.model" value="64"/>
    <property name="java.vendor.url" value="https://adoptium.net/"/>
    <property name="user.timezone" value="Etc/UTC"/>
    <property name="java.vm.specification.version" value="1.8"/>
    <property name="os.name" value="Linux"/>
    <property name="sun.java.launcher" value="SUN_STANDARD"/>
    <property name="sun.boot.library.path" value="/usr/lib/jvm/temurin-8-jdk-amd64/jre/lib/amd64"/>
    <property name="sun.java.command" value="/home/runner/work/ratis/ratis/ratis-examples/target/surefire/surefirebooter4342889131378342003.jar /home/runner/work/ratis/ratis/ratis-examples/target/surefire 2024-10-31T03-16-43_466-jvmRun1 surefire6904972762483773992tmp surefire_445751333074082541757tmp"/>
    <property name="surefire.test.class.path" value="/home/runner/work/ratis/ratis/ratis-examples/target/test-classes:/home/runner/work/ratis/ratis/ratis-examples/target/classes:/home/runner/.m2/repository/org/apache/ratis/ratis-thirdparty-misc/1.0.6/ratis-thirdparty-misc-1.0.6.jar:/home/runner/work/ratis/ratis/ratis-proto/target/classes:/home/runner/work/ratis/ratis/ratis-tools/target/classes:/home/runner/work/ratis/ratis/ratis-common/target/classes:/home/runner/work/ratis/ratis/ratis-common/target/test-classes:/home/runner/work/ratis/ratis/ratis-client/target/classes:/home/runner/work/ratis/ratis/ratis-server/target/classes:/home/runner/work/ratis/ratis/ratis-server-api/target/classes:/home/runner/work/ratis/ratis/ratis-metrics-api/target/classes:/home/runner/work/ratis/ratis/ratis-server/target/test-classes:/home/runner/work/ratis/ratis/ratis-metrics-default/target/classes:/home/runner/work/ratis/ratis/ratis-grpc/target/classes:/home/runner/work/ratis/ratis/ratis-grpc/target/test-classes:/home/runner/work/ratis/ratis/ratis-netty/target/classes:/home/runner/work/ratis/ratis/ratis-netty/target/test-classes:/home/runner/work/ratis/ratis/ratis-test/target/test-classes:/home/runner/.m2/repository/com/beust/jcommander/1.82/jcommander-1.82.jar:/home/runner/.m2/repository/org/slf4j/slf4j-api/2.0.7/slf4j-api-2.0.7.jar:/home/runner/.m2/repository/org/slf4j/slf4j-reload4j/2.0.7/slf4j-reload4j-2.0.7.jar:/home/runner/.m2/repository/ch/qos/reload4j/reload4j/1.2.22/reload4j-1.2.22.jar:/home/runner/.m2/repository/junit/junit/4.13.2/junit-4.13.2.jar:/home/runner/.m2/repository/org/hamcrest/hamcrest-core/1.3/hamcrest-core-1.3.jar:/home/runner/.m2/repository/org/junit/jupiter/junit-jupiter-engine/5.11.2/junit-jupiter-engine-5.11.2.jar:/home/runner/.m2/repository/org/junit/platform/junit-platform-engine/1.11.2/junit-platform-engine-1.11.2.jar:/home/runner/.m2/repository/org/apiguardian/apiguardian-api/1.1.2/apiguardian-api-1.1.2.jar:/home/runner/.m2/repository/org/junit/jupiter/junit-jupiter-api/5.11.2/junit-jupiter-api-5.11.2.jar:/home/runner/.m2/repository/org/opentest4j/opentest4j/1.3.0/opentest4j-1.3.0.jar:/home/runner/.m2/repository/org/junit/platform/junit-platform-commons/1.11.2/junit-platform-commons-1.11.2.jar:/home/runner/.m2/repository/org/junit/jupiter/junit-jupiter-params/5.11.2/junit-jupiter-params-5.11.2.jar:"/>
    <property name="sun.cpu.endian" value="little"/>
    <property name="user.home" value="/home/runner"/>
    <property name="user.language" value="en"/>
    <property name="java.specification.vendor" value="Oracle Corporation"/>
    <property name="java.home" value="/usr/lib/jvm/temurin-8-jdk-amd64/jre"/>
    <property name="basedir" value="/home/runner/work/ratis/ratis/ratis-examples"/>
    <property name="file.separator" value="/"/>
    <property name="line.separator" value="&#10;"/>
    <property name="java.vm.specification.vendor" value="Oracle Corporation"/>
    <property name="java.specification.name" value="Java Platform API Specification"/>
    <property name="java.awt.graphicsenv" value="sun.awt.X11GraphicsEnvironment"/>
    <property name="surefire.real.class.path" value="/home/runner/work/ratis/ratis/ratis-examples/target/surefire/surefirebooter4342889131378342003.jar:/home/runner/.m2/repository/org/jacoco/org.jacoco.agent/0.8.12/org.jacoco.agent-0.8.12-runtime.jar"/>
    <property name="sun.boot.class.path" value="/usr/lib/jvm/temurin-8-jdk-amd64/jre/lib/resources.jar:/usr/lib/jvm/temurin-8-jdk-amd64/jre/lib/rt.jar:/usr/lib/jvm/temurin-8-jdk-amd64/jre/lib/sunrsasign.jar:/usr/lib/jvm/temurin-8-jdk-amd64/jre/lib/jsse.jar:/usr/lib/jvm/temurin-8-jdk-amd64/jre/lib/jce.jar:/usr/lib/jvm/temurin-8-jdk-amd64/jre/lib/charsets.jar:/usr/lib/jvm/temurin-8-jdk-amd64/jre/lib/jfr.jar:/usr/lib/jvm/temurin-8-jdk-amd64/jre/classes"/>
    <property name="sun.management.compiler" value="HotSpot 64-Bit Tiered Compilers"/>
    <property name="java.runtime.version" value="1.8.0_422-b05"/>
    <property name="java.net.preferIPv4Stack" value="true"/>
    <property name="user.name" value="runner"/>
    <property name="path.separator" value=":"/>
    <property name="os.version" value="5.15.0-1073-azure"/>
    <property name="java.endorsed.dirs" value="/usr/lib/jvm/temurin-8-jdk-amd64/jre/lib/endorsed"/>
    <property name="java.runtime.name" value="OpenJDK Runtime Environment"/>
    <property name="file.encoding" value="UTF-8"/>
    <property name="java.vm.name" value="OpenJDK 64-Bit Server VM"/>
    <property name="localRepository" value="/home/runner/.m2/repository"/>
    <property name="java.vendor.url.bug" value="https://github.com/adoptium/adoptium-support/issues"/>
    <property name="java.io.tmpdir" value="/tmp"/>
    <property name="java.version" value="1.8.0_422"/>
    <property name="user.dir" value="/home/runner/work/ratis/ratis/ratis-examples"/>
    <property name="os.arch" value="amd64"/>
    <property name="ratis.tmp.dir" value="/home/runner/work/ratis/ratis/ratis-examples/target/tmp"/>
    <property name="java.vm.specification.name" value="Java Virtual Machine Specification"/>
    <property name="java.awt.printerjob" value="sun.print.PSPrinterJob"/>
    <property name="ratis.log.dir" value="/home/runner/work/ratis/ratis/ratis-examples/target/log"/>
    <property name="sun.os.patch.level" value="unknown"/>
    <property name="org.apache.ratis.thirdparty.io.netty.allocator.useCacheForAllThreads" value="false"/>
    <property name="java.library.path" value="/usr/java/packages/lib/amd64:/usr/lib64:/lib64:/lib:/usr/lib"/>
    <property name="java.vm.info" value="mixed mode"/>
    <property name="java.vendor" value="Temurin"/>
    <property name="java.vm.version" value="25.422-b05"/>
    <property name="java.specification.maintenance.version" value="5"/>
    <property name="java.ext.dirs" value="/usr/lib/jvm/temurin-8-jdk-amd64/jre/lib/ext:/usr/java/packages/lib/ext"/>
    <property name="sun.io.unicode.encoding" value="UnicodeLittle"/>
    <property name="java.class.version" value="52.0"/>
  </properties>
  <testcase name="testMultiRaftGroup(MiniRaftCluster)[1]" classname="org.apache.ratis.TestMultiRaftGroup" time="301.364">
    <error type="java.util.concurrent.TimeoutException"><![CDATA[java.util.concurrent.TimeoutException: testMultiRaftGroup(org.apache.ratis.server.impl.MiniRaftCluster) timed out after 300 seconds
	at java.util.stream.ForEachOps$ForEachOp$OfRef.accept(ForEachOps.java:183)
	at java.util.stream.ReferencePipeline$3$1.accept(ReferencePipeline.java:193)
	at java.util.stream.ReferencePipeline$2$1.accept(ReferencePipeline.java:175)
	at java.util.stream.ReferencePipeline$3$1.accept(ReferencePipeline.java:193)
	at java.util.stream.ForEachOps$ForEachOp$OfRef.accept(ForEachOps.java:183)
	at java.util.stream.ReferencePipeline$3$1.accept(ReferencePipeline.java:193)
	at java.util.stream.ForEachOps$ForEachOp$OfRef.accept(ForEachOps.java:183)
	at java.util.stream.ForEachOps$ForEachOp$OfRef.accept(ForEachOps.java:183)
	at java.util.stream.ReferencePipeline$3$1.accept(ReferencePipeline.java:193)
	at java.util.ArrayList$ArrayListSpliterator.forEachRemaining(ArrayList.java:1384)
	at java.util.stream.ReferencePipeline$Head.forEach(ReferencePipeline.java:647)
	at java.util.stream.ReferencePipeline$7$1.accept(ReferencePipeline.java:272)
	at java.util.stream.ReferencePipeline$3$1.accept(ReferencePipeline.java:193)
	at java.util.stream.ReferencePipeline$3$1.accept(ReferencePipeline.java:193)
	at java.util.stream.ReferencePipeline$3$1.accept(ReferencePipeline.java:193)
	at java.util.Spliterators$ArraySpliterator.forEachRemaining(Spliterators.java:948)
	at java.util.stream.AbstractPipeline.copyInto(AbstractPipeline.java:482)
	at java.util.stream.AbstractPipeline.wrapAndCopyInto(AbstractPipeline.java:472)
	at java.util.stream.ForEachOps$ForEachOp.evaluateSequential(ForEachOps.java:150)
	at java.util.stream.ForEachOps$ForEachOp$OfRef.evaluateSequential(ForEachOps.java:173)
	at java.util.stream.AbstractPipeline.evaluate(AbstractPipeline.java:234)
	at java.util.stream.ReferencePipeline.forEach(ReferencePipeline.java:485)
	at java.util.stream.ReferencePipeline$7$1.accept(ReferencePipeline.java:272)
	at java.util.ArrayList$ArrayListSpliterator.forEachRemaining(ArrayList.java:1384)
	at java.util.stream.AbstractPipeline.copyInto(AbstractPipeline.java:482)
	at java.util.stream.AbstractPipeline.wrapAndCopyInto(AbstractPipeline.java:472)
	at java.util.stream.ForEachOps$ForEachOp.evaluateSequential(ForEachOps.java:150)
	at java.util.stream.ForEachOps$ForEachOp$OfRef.evaluateSequential(ForEachOps.java:173)
	at java.util.stream.AbstractPipeline.evaluate(AbstractPipeline.java:234)
	at java.util.stream.ReferencePipeline.forEach(ReferencePipeline.java:485)
	at java.util.stream.ReferencePipeline$7$1.accept(ReferencePipeline.java:272)
	at java.util.stream.ReferencePipeline$3$1.accept(ReferencePipeline.java:193)
	at java.util.stream.ReferencePipeline$3$1.accept(ReferencePipeline.java:193)
	at java.util.stream.ReferencePipeline$3$1.accept(ReferencePipeline.java:193)
	at java.util.ArrayList$ArrayListSpliterator.forEachRemaining(ArrayList.java:1384)
	at java.util.stream.AbstractPipeline.copyInto(AbstractPipeline.java:482)
	at java.util.stream.AbstractPipeline.wrapAndCopyInto(AbstractPipeline.java:472)
	at java.util.stream.ForEachOps$ForEachOp.evaluateSequential(ForEachOps.java:150)
	at java.util.stream.ForEachOps$ForEachOp$OfRef.evaluateSequential(ForEachOps.java:173)
	at java.util.stream.AbstractPipeline.evaluate(AbstractPipeline.java:234)
	at java.util.stream.ReferencePipeline.forEach(ReferencePipeline.java:485)
	at java.util.stream.ReferencePipeline$7$1.accept(ReferencePipeline.java:272)
	at java.util.ArrayList$ArrayListSpliterator.forEachRemaining(ArrayList.java:1384)
	at java.util.stream.AbstractPipeline.copyInto(AbstractPipeline.java:482)
	at java.util.stream.AbstractPipeline.wrapAndCopyInto(AbstractPipeline.java:472)
	at java.util.stream.ForEachOps$ForEachOp.evaluateSequential(ForEachOps.java:150)
	at java.util.stream.ForEachOps$ForEachOp$OfRef.evaluateSequential(ForEachOps.java:173)
	at java.util.stream.AbstractPipeline.evaluate(AbstractPipeline.java:234)
	at java.util.stream.ReferencePipeline.forEach(ReferencePipeline.java:485)
	at java.util.ArrayList.forEach(ArrayList.java:1259)
	at java.util.ArrayList.forEach(ArrayList.java:1259)
	Suppressed: java.io.InterruptedIOException: retry policy=RetryForeverWithSleep(sleepTime = 100ms)
		at org.apache.ratis.client.impl.BlockingImpl.sendRequestWithRetry(BlockingImpl.java:138)
		at org.apache.ratis.client.impl.AdminImpl.setConfiguration(AdminImpl.java:46)
		at org.apache.ratis.client.api.AdminApi.setConfiguration(AdminApi.java:51)
		at org.apache.ratis.client.api.AdminApi.setConfiguration(AdminApi.java:45)
		at org.apache.ratis.server.impl.GroupManagementBaseTest.lambda$runMultiGroupTest$10(GroupManagementBaseTest.java:333)
		at org.apache.ratis.server.impl.RaftServerTestUtil.runWithMinorityPeers(RaftServerTestUtil.java:231)
		at org.apache.ratis.server.impl.GroupManagementBaseTest.runMultiGroupTest(GroupManagementBaseTest.java:332)
		at org.apache.ratis.TestMultiRaftGroup.runTestMultiRaftGroup(TestMultiRaftGroup.java:63)
		at org.apache.ratis.TestMultiRaftGroup.runTestMultiRaftGroup(TestMultiRaftGroup.java:49)
		at org.apache.ratis.TestMultiRaftGroup.testMultiRaftGroup(TestMultiRaftGroup.java:45)
		at java.lang.reflect.Method.invoke(Method.java:498)
		... 51 more
]]></error>
    <system-out><![CDATA[2024-10-31 03:23:34,163 INFO  simulation.MiniRaftClusterWithSimulatedRpc (ConfUtils.java:logGet(46)) - org.apache.ratis.server.simulation.SimulatedRequestReply.simulateLatencyMs = 0 (custom)
2024-10-31 03:23:34,279 INFO  impl.MiniRaftCluster (MiniRaftCluster.java:<init>(319)) - new MiniRaftClusterWithSimulatedRpc with group-4EB49E3E6D70:[]
2024-10-31 03:23:34,293 INFO  impl.MiniRaftCluster (MiniRaftCluster.java:<init>(319)) - new MiniRaftClusterWithGrpc with group-98760350EFB7:[]
2024-10-31 03:23:34,300 INFO  impl.MiniRaftCluster (MiniRaftCluster.java:<init>(319)) - new MiniRaftClusterWithNetty with group-0C4E2EC22212:[]
2024-10-31 03:23:34,300 INFO  examples.ParameterizedBaseTest (ParameterizedBaseTest.java:getMiniRaftClusters(109)) - 0: MiniRaftClusterWithSimulatedRpc
2024-10-31 03:23:34,300 INFO  examples.ParameterizedBaseTest (ParameterizedBaseTest.java:getMiniRaftClusters(109)) - 1: MiniRaftClusterWithGrpc
2024-10-31 03:23:34,301 INFO  examples.ParameterizedBaseTest (ParameterizedBaseTest.java:getMiniRaftClusters(109)) - 2: MiniRaftClusterWithNetty
2024-10-31 03:23:34,301 INFO  examples.ParameterizedBaseTest (ParameterizedBaseTest.java:getMiniRaftClusters(111)) - #clusters = 3
2024-10-31 03:23:34,332 INFO  util.LogUtils (Slf4jUtils.java:setLogLevel(38)) - Successfully set org.apache.ratis.conf.ConfUtils log level to WARN
2024-10-31 03:23:34,335 INFO  util.LogUtils (Slf4jUtils.java:setLogLevel(38)) - Successfully set org.apache.ratis.util.FileUtils log level to TRACE
2024-10-31 03:23:34,370 INFO  impl.GroupManagementBaseTest (GroupManagementBaseTest.java:runMultiGroupTest(251)) - 

runMultiGroupTest with MiniRaftClusterWithSimulatedRpc[3, 6, 9, 12, 15]chosen=4: printing ALL groups
2024-10-31 03:23:34,381 INFO  impl.GroupManagementBaseTest (GroupManagementBaseTest.java:runMultiGroupTest(258)) - ids: [s0, s1, s2, s3, s4, s5, s6, s7, s8, s9, s10, s11, s12, s13, s14]
2024-10-31 03:23:34,382 INFO  impl.MiniRaftCluster (MiniRaftCluster.java:newRaftServer(396)) - newRaftServer: s0, group-4EB49E3E6D70:[], format? true
2024-10-31 03:23:34,383 TRACE util.FileUtils (FileUtils.java:deleteFully(307)) - deleteFully target/test/data/f203f927/MiniRaftClusterWithSimulatedRpca2d4e021/s0
2024-10-31 03:23:34,386 TRACE util.FileUtils (FileUtils.java:deleteFully(320)) - deleteFully: target/test/data/f203f927/MiniRaftClusterWithSimulatedRpca2d4e021/s0 does not exist.
2024-10-31 03:23:34,386 INFO  impl.MiniRaftCluster (MiniRaftCluster.java:newRaftServer(401)) - Formatted directory target/test/data/f203f927/MiniRaftClusterWithSimulatedRpca2d4e021/s0
2024-10-31 03:23:34,406 INFO  server.RaftServer (ConfUtils.java:logGet(46)) - raft.rpc.type = org.apache.ratis.server.simulation.SimulatedRpc (custom)
2024-10-31 03:23:34,418 INFO  impl.DataStreamServerImpl (ConfUtils.java:logGet(46)) - raft.datastream.type = DISABLED (default)
2024-10-31 03:23:34,429 INFO  server.RaftServerConfigKeys (ConfUtils.java:logGet(46)) - raft.server.sleep.deviation.threshold = 300ms (default)
2024-10-31 03:23:34,430 INFO  server.RaftServerConfigKeys (ConfUtils.java:logGet(46)) - raft.server.close.threshold = 60s (default)
2024-10-31 03:23:34,431 INFO  server.RaftServerConfigKeys (ConfUtils.java:logGet(46)) - raft.server.leaderelection.leader.step-down.wait-time = 10s (default)
2024-10-31 03:23:34,461 INFO  server.RaftServerConfigKeys (ConfUtils.java:logGet(46)) - raft.server.storage.dir = [/home/runner/work/ratis/ratis/ratis-examples/target/test/data/f203f927/MiniRaftClusterWithSimulatedRpca2d4e021/s0] (custom)
2024-10-31 03:23:34,463 INFO  server.RaftServerConfigKeys (ConfUtils.java:logGet(46)) - raft.server.threadpool.proxy.cached = true (default)
2024-10-31 03:23:34,464 INFO  server.RaftServerConfigKeys (ConfUtils.java:logGet(46)) - raft.server.threadpool.proxy.size = 0 (default)
2024-10-31 03:23:34,482 INFO  server.RaftServer (RaftServerProxy.java:addNew(101)) - s0: addNew group-4EB49E3E6D70:[] returns group-4EB49E3E6D70:java.util.concurrent.CompletableFuture@5eb2172[Not completed]
2024-10-31 03:23:34,489 INFO  impl.MiniRaftCluster (MiniRaftCluster.java:newRaftServer(396)) - newRaftServer: s1, group-4EB49E3E6D70:[], format? true
2024-10-31 03:23:34,489 TRACE util.FileUtils (FileUtils.java:deleteFully(307)) - deleteFully target/test/data/f203f927/MiniRaftClusterWithSimulatedRpca2d4e021/s1
2024-10-31 03:23:34,490 TRACE util.FileUtils (FileUtils.java:deleteFully(320)) - deleteFully: target/test/data/f203f927/MiniRaftClusterWithSimulatedRpca2d4e021/s1 does not exist.
2024-10-31 03:23:34,490 INFO  impl.MiniRaftCluster (MiniRaftCluster.java:newRaftServer(401)) - Formatted directory target/test/data/f203f927/MiniRaftClusterWithSimulatedRpca2d4e021/s1
2024-10-31 03:23:34,491 INFO  server.RaftServer (ConfUtils.java:logGet(46)) - raft.rpc.type = org.apache.ratis.server.simulation.SimulatedRpc (custom)
2024-10-31 03:23:34,492 INFO  impl.DataStreamServerImpl (ConfUtils.java:logGet(46)) - raft.datastream.type = DISABLED (default)
2024-10-31 03:23:34,493 INFO  server.RaftServerConfigKeys (ConfUtils.java:logGet(46)) - raft.server.sleep.deviation.threshold = 300ms (default)
2024-10-31 03:23:34,493 INFO  server.RaftServerConfigKeys (ConfUtils.java:logGet(46)) - raft.server.close.threshold = 60s (default)
2024-10-31 03:23:34,494 INFO  server.RaftServerConfigKeys (ConfUtils.java:logGet(46)) - raft.server.leaderelection.leader.step-down.wait-time = 10s (default)
2024-10-31 03:23:34,494 INFO  server.RaftServerConfigKeys (ConfUtils.java:logGet(46)) - raft.server.storage.dir = [/home/runner/work/ratis/ratis/ratis-examples/target/test/data/f203f927/MiniRaftClusterWithSimulatedRpca2d4e021/s1] (custom)
2024-10-31 03:23:34,495 INFO  server.RaftServerConfigKeys (ConfUtils.java:logGet(46)) - raft.server.threadpool.proxy.cached = true (default)
2024-10-31 03:23:34,496 INFO  server.RaftServerConfigKeys (ConfUtils.java:logGet(46)) - raft.server.threadpool.proxy.size = 0 (default)
2024-10-31 03:23:34,500 INFO  server.RaftServer$Division (RaftServerImpl.java:<init>(256)) - s0: new RaftServerImpl for group-4EB49E3E6D70:[] with ArithmeticStateMachine:uninitialized
2024-10-31 03:23:34,500 INFO  server.RaftServer (RaftServerProxy.java:addNew(101)) - s1: addNew group-4EB49E3E6D70:[] returns group-4EB49E3E6D70:java.util.concurrent.CompletableFuture@4e1459ea[Not completed]
2024-10-31 03:23:34,501 INFO  impl.MiniRaftCluster (MiniRaftCluster.java:newRaftServer(396)) - newRaftServer: s2, group-4EB49E3E6D70:[], format? true
2024-10-31 03:23:34,501 TRACE util.FileUtils (FileUtils.java:deleteFully(307)) - deleteFully target/test/data/f203f927/MiniRaftClusterWithSimulatedRpca2d4e021/s2
2024-10-31 03:23:34,501 TRACE util.FileUtils (FileUtils.java:deleteFully(320)) - deleteFully: target/test/data/f203f927/MiniRaftClusterWithSimulatedRpca2d4e021/s2 does not exist.
2024-10-31 03:23:34,502 INFO  impl.MiniRaftCluster (MiniRaftCluster.java:newRaftServer(401)) - Formatted directory target/test/data/f203f927/MiniRaftClusterWithSimulatedRpca2d4e021/s2
2024-10-31 03:23:34,503 INFO  server.RaftServer$Division (RaftServerImpl.java:<init>(256)) - s1: new RaftServerImpl for group-4EB49E3E6D70:[] with ArithmeticStateMachine:uninitialized
2024-10-31 03:23:34,503 INFO  server.RaftServer (ConfUtils.java:logGet(46)) - raft.rpc.type = org.apache.ratis.server.simulation.SimulatedRpc (custom)
2024-10-31 03:23:34,503 INFO  server.RaftServerConfigKeys (ConfUtils.java:logGet(46)) - raft.server.rpc.timeout.min = 300ms (custom)
2024-10-31 03:23:34,503 INFO  server.RaftServerConfigKeys (ConfUtils.java:logGet(46)) - raft.server.rpc.timeout.max = 600ms (custom)
2024-10-31 03:23:34,504 INFO  server.RaftServerConfigKeys (ConfUtils.java:logGet(46)) - raft.server.rpc.sleep.time = 25ms (default)
2024-10-31 03:23:34,503 INFO  impl.DataStreamServerImpl (ConfUtils.java:logGet(46)) - raft.datastream.type = DISABLED (default)
2024-10-31 03:23:34,504 INFO  server.RaftServerConfigKeys (ConfUtils.java:logGet(46)) - raft.server.sleep.deviation.threshold = 300ms (default)
2024-10-31 03:23:34,504 INFO  server.RaftServerConfigKeys (ConfUtils.java:logGet(46)) - raft.server.rpc.timeout.min = 300ms (custom)
2024-10-31 03:23:34,506 INFO  server.RaftServerConfigKeys (ConfUtils.java:logGet(46)) - raft.server.close.threshold = 60s (default)
2024-10-31 03:23:34,505 INFO  server.RaftServerConfigKeys (ConfUtils.java:logGet(46)) - raft.server.rpc.slowness.timeout = 60s (default)
2024-10-31 03:23:34,507 INFO  server.RaftServerConfigKeys (ConfUtils.java:logGet(46)) - raft.server.leaderelection.leader.step-down.wait-time = 10s (default)
2024-10-31 03:23:34,506 INFO  server.RaftServerConfigKeys (ConfUtils.java:logGet(46)) - raft.server.rpc.timeout.max = 600ms (custom)
2024-10-31 03:23:34,507 INFO  server.RaftServerConfigKeys (ConfUtils.java:logGet(46)) - raft.server.rpc.sleep.time = 25ms (default)
2024-10-31 03:23:34,508 INFO  server.RaftServerConfigKeys (ConfUtils.java:logGet(46)) - raft.server.rpc.slowness.timeout = 60s (default)
2024-10-31 03:23:34,508 INFO  server.RaftServerConfigKeys (ConfUtils.java:logGet(46)) - raft.server.leaderelection.leader.step-down.wait-time = 10s (default)
2024-10-31 03:23:34,508 INFO  server.RaftServerConfigKeys (ConfUtils.java:logGet(46)) - raft.server.storage.dir = [/home/runner/work/ratis/ratis/ratis-examples/target/test/data/f203f927/MiniRaftClusterWithSimulatedRpca2d4e021/s2] (custom)
2024-10-31 03:23:34,507 INFO  server.RaftServerConfigKeys (ConfUtils.java:logGet(46)) - raft.server.leaderelection.leader.step-down.wait-time = 10s (default)
2024-10-31 03:23:34,509 INFO  server.RaftServerConfigKeys (ConfUtils.java:logGet(46)) - raft.server.leaderelection.member.majority-add = false (default)
2024-10-31 03:23:34,508 INFO  server.RaftServerConfigKeys (ConfUtils.java:logGet(46)) - raft.server.threadpool.proxy.cached = true (default)
2024-10-31 03:23:34,510 INFO  server.RaftServerConfigKeys (ConfUtils.java:logGet(46)) - raft.server.threadpool.proxy.size = 0 (default)
2024-10-31 03:23:34,509 INFO  server.RaftServerConfigKeys (ConfUtils.java:logGet(46)) - raft.server.leaderelection.member.majority-add = false (default)
2024-10-31 03:23:34,511 INFO  server.RaftServerConfigKeys (ConfUtils.java:logGet(46)) - raft.server.sleep.deviation.threshold = 300ms (default)
2024-10-31 03:23:34,509 INFO  server.RaftServerConfigKeys (ConfUtils.java:logGet(46)) - raft.server.sleep.deviation.threshold = 300ms (default)
2024-10-31 03:23:34,511 INFO  server.RaftServer (RaftServerProxy.java:addNew(101)) - s2: addNew group-4EB49E3E6D70:[] returns group-4EB49E3E6D70:java.util.concurrent.CompletableFuture@2b59501e[Not completed]
2024-10-31 03:23:34,512 INFO  impl.MiniRaftCluster (MiniRaftCluster.java:newRaftServer(396)) - newRaftServer: s3, group-4EB49E3E6D70:[], format? true
2024-10-31 03:23:34,512 TRACE util.FileUtils (FileUtils.java:deleteFully(307)) - deleteFully target/test/data/f203f927/MiniRaftClusterWithSimulatedRpca2d4e021/s3
2024-10-31 03:23:34,512 TRACE util.FileUtils (FileUtils.java:deleteFully(320)) - deleteFully: target/test/data/f203f927/MiniRaftClusterWithSimulatedRpca2d4e021/s3 does not exist.
2024-10-31 03:23:34,513 INFO  impl.MiniRaftCluster (MiniRaftCluster.java:newRaftServer(401)) - Formatted directory target/test/data/f203f927/MiniRaftClusterWithSimulatedRpca2d4e021/s3
2024-10-31 03:23:34,513 INFO  server.RaftServer (ConfUtils.java:logGet(46)) - raft.rpc.type = org.apache.ratis.server.simulation.SimulatedRpc (custom)
2024-10-31 03:23:34,514 INFO  impl.DataStreamServerImpl (ConfUtils.java:logGet(46)) - raft.datastream.type = DISABLED (default)
2024-10-31 03:23:34,514 INFO  server.RaftServerConfigKeys (ConfUtils.java:logGet(46)) - raft.server.sleep.deviation.threshold = 300ms (default)
2024-10-31 03:23:34,515 INFO  server.RaftServerConfigKeys (ConfUtils.java:logGet(46)) - raft.server.close.threshold = 60s (default)
2024-10-31 03:23:34,515 INFO  server.RaftServerConfigKeys (ConfUtils.java:logGet(46)) - raft.server.leaderelection.leader.step-down.wait-time = 10s (default)
2024-10-31 03:23:34,515 INFO  server.RaftServerConfigKeys (ConfUtils.java:logGet(46)) - raft.server.storage.dir = [/home/runner/work/ratis/ratis/ratis-examples/target/test/data/f203f927/MiniRaftClusterWithSimulatedRpca2d4e021/s3] (custom)
2024-10-31 03:23:34,516 INFO  server.RaftServerConfigKeys (ConfUtils.java:logGet(46)) - raft.server.threadpool.proxy.cached = true (default)
2024-10-31 03:23:34,516 INFO  server.RaftServerConfigKeys (ConfUtils.java:logGet(46)) - raft.server.threadpool.proxy.size = 0 (default)
2024-10-31 03:23:34,517 INFO  server.RaftServer$Division (RaftServerImpl.java:<init>(256)) - s2: new RaftServerImpl for group-4EB49E3E6D70:[] with ArithmeticStateMachine:uninitialized
2024-10-31 03:23:34,517 INFO  server.RaftServerConfigKeys (ConfUtils.java:logGet(46)) - raft.server.rpc.timeout.min = 300ms (custom)
2024-10-31 03:23:34,517 INFO  server.RaftServerConfigKeys (ConfUtils.java:logGet(46)) - raft.server.rpc.timeout.max = 600ms (custom)
2024-10-31 03:23:34,517 INFO  server.RaftServerConfigKeys (ConfUtils.java:logGet(46)) - raft.server.rpc.sleep.time = 25ms (default)
2024-10-31 03:23:34,518 INFO  server.RaftServerConfigKeys (ConfUtils.java:logGet(46)) - raft.server.rpc.slowness.timeout = 60s (default)
2024-10-31 03:23:34,518 INFO  server.RaftServerConfigKeys (ConfUtils.java:logGet(46)) - raft.server.leaderelection.leader.step-down.wait-time = 10s (default)
2024-10-31 03:23:34,518 INFO  server.RaftServerConfigKeys (ConfUtils.java:logGet(46)) - raft.server.leaderelection.member.majority-add = false (default)
2024-10-31 03:23:34,518 INFO  server.RaftServerConfigKeys (ConfUtils.java:logGet(46)) - raft.server.sleep.deviation.threshold = 300ms (default)
2024-10-31 03:23:34,519 INFO  server.RaftServer (RaftServerProxy.java:addNew(101)) - s3: addNew group-4EB49E3E6D70:[] returns group-4EB49E3E6D70:java.util.concurrent.CompletableFuture@36fc05ff[Not completed]
2024-10-31 03:23:34,519 INFO  impl.MiniRaftCluster (MiniRaftCluster.java:newRaftServer(396)) - newRaftServer: s4, group-4EB49E3E6D70:[], format? true
2024-10-31 03:23:34,519 TRACE util.FileUtils (FileUtils.java:deleteFully(307)) - deleteFully target/test/data/f203f927/MiniRaftClusterWithSimulatedRpca2d4e021/s4
2024-10-31 03:23:34,520 TRACE util.FileUtils (FileUtils.java:deleteFully(320)) - deleteFully: target/test/data/f203f927/MiniRaftClusterWithSimulatedRpca2d4e021/s4 does not exist.
2024-10-31 03:23:34,520 INFO  impl.MiniRaftCluster (MiniRaftCluster.java:newRaftServer(401)) - Formatted directory target/test/data/f203f927/MiniRaftClusterWithSimulatedRpca2d4e021/s4
2024-10-31 03:23:34,521 INFO  server.RaftServer (ConfUtils.java:logGet(46)) - raft.rpc.type = org.apache.ratis.server.simulation.SimulatedRpc (custom)
2024-10-31 03:23:34,521 INFO  impl.DataStreamServerImpl (ConfUtils.java:logGet(46)) - raft.datastream.type = DISABLED (default)
2024-10-31 03:23:34,522 INFO  server.RaftServerConfigKeys (ConfUtils.java:logGet(46)) - raft.server.sleep.deviation.threshold = 300ms (default)
2024-10-31 03:23:34,522 INFO  server.RaftServerConfigKeys (ConfUtils.java:logGet(46)) - raft.server.close.threshold = 60s (default)
2024-10-31 03:23:34,522 INFO  server.RaftServerConfigKeys (ConfUtils.java:logGet(46)) - raft.server.leaderelection.leader.step-down.wait-time = 10s (default)
2024-10-31 03:23:34,523 INFO  server.RaftServerConfigKeys (ConfUtils.java:logGet(46)) - raft.server.storage.dir = [/home/runner/work/ratis/ratis/ratis-examples/target/test/data/f203f927/MiniRaftClusterWithSimulatedRpca2d4e021/s4] (custom)
2024-10-31 03:23:34,523 INFO  server.RaftServerConfigKeys (ConfUtils.java:logGet(46)) - raft.server.threadpool.proxy.cached = true (default)
2024-10-31 03:23:34,524 INFO  server.RaftServerConfigKeys (ConfUtils.java:logGet(46)) - raft.server.threadpool.proxy.size = 0 (default)
2024-10-31 03:23:34,524 INFO  server.RaftServer$Division (RaftServerImpl.java:<init>(256)) - s3: new RaftServerImpl for group-4EB49E3E6D70:[] with ArithmeticStateMachine:uninitialized
2024-10-31 03:23:34,524 INFO  server.RaftServerConfigKeys (ConfUtils.java:logGet(46)) - raft.server.rpc.timeout.min = 300ms (custom)
2024-10-31 03:23:34,524 INFO  server.RaftServerConfigKeys (ConfUtils.java:logGet(46)) - raft.server.rpc.timeout.max = 600ms (custom)
2024-10-31 03:23:34,525 INFO  server.RaftServerConfigKeys (ConfUtils.java:logGet(46)) - raft.server.rpc.sleep.time = 25ms (default)
2024-10-31 03:23:34,525 INFO  server.RaftServerConfigKeys (ConfUtils.java:logGet(46)) - raft.server.rpc.slowness.timeout = 60s (default)
2024-10-31 03:23:34,525 INFO  server.RaftServerConfigKeys (ConfUtils.java:logGet(46)) - raft.server.leaderelection.leader.step-down.wait-time = 10s (default)
2024-10-31 03:23:34,525 INFO  server.RaftServerConfigKeys (ConfUtils.java:logGet(46)) - raft.server.leaderelection.member.majority-add = false (default)
2024-10-31 03:23:34,525 INFO  server.RaftServerConfigKeys (ConfUtils.java:logGet(46)) - raft.server.sleep.deviation.threshold = 300ms (default)
2024-10-31 03:23:34,526 INFO  server.RaftServer$Division (ServerState.java:<init>(114)) - s2@group-4EB49E3E6D70: ConfigurationManager, init=conf: {index: -1, cur=peers:[]|listeners:[], old=null}, confs=<EMPTY_MAP>
2024-10-31 03:23:34,529 INFO  server.RaftServer$Division (ServerState.java:<init>(114)) - s0@group-4EB49E3E6D70: ConfigurationManager, init=conf: {index: -1, cur=peers:[]|listeners:[], old=null}, confs=<EMPTY_MAP>
2024-10-31 03:23:34,529 INFO  server.RaftServer$Division (ServerState.java:<init>(114)) - s3@group-4EB49E3E6D70: ConfigurationManager, init=conf: {index: -1, cur=peers:[]|listeners:[], old=null}, confs=<EMPTY_MAP>
2024-10-31 03:23:34,529 INFO  server.RaftServer$Division (ServerState.java:<init>(114)) - s1@group-4EB49E3E6D70: ConfigurationManager, init=conf: {index: -1, cur=peers:[]|listeners:[], old=null}, confs=<EMPTY_MAP>
2024-10-31 03:23:34,530 INFO  server.RaftServer (RaftServerProxy.java:addNew(101)) - s4: addNew group-4EB49E3E6D70:[] returns group-4EB49E3E6D70:java.util.concurrent.CompletableFuture@4339e0de[Not completed]
2024-10-31 03:23:34,530 INFO  impl.MiniRaftCluster (MiniRaftCluster.java:newRaftServer(396)) - newRaftServer: s5, group-4EB49E3E6D70:[], format? true
2024-10-31 03:23:34,531 TRACE util.FileUtils (FileUtils.java:deleteFully(307)) - deleteFully target/test/data/f203f927/MiniRaftClusterWithSimulatedRpca2d4e021/s5
2024-10-31 03:23:34,531 TRACE util.FileUtils (FileUtils.java:deleteFully(320)) - deleteFully: target/test/data/f203f927/MiniRaftClusterWithSimulatedRpca2d4e021/s5 does not exist.
2024-10-31 03:23:34,531 INFO  impl.MiniRaftCluster (MiniRaftCluster.java:newRaftServer(401)) - Formatted directory target/test/data/f203f927/MiniRaftClusterWithSimulatedRpca2d4e021/s5
2024-10-31 03:23:34,532 INFO  server.RaftServer (ConfUtils.java:logGet(46)) - raft.rpc.type = org.apache.ratis.server.simulation.SimulatedRpc (custom)
2024-10-31 03:23:34,533 INFO  impl.DataStreamServerImpl (ConfUtils.java:logGet(46)) - raft.datastream.type = DISABLED (default)
2024-10-31 03:23:34,533 INFO  server.RaftServerConfigKeys (ConfUtils.java:logGet(46)) - raft.server.sleep.deviation.threshold = 300ms (default)
2024-10-31 03:23:34,533 INFO  server.RaftServerConfigKeys (ConfUtils.java:logGet(46)) - raft.server.close.threshold = 60s (default)
2024-10-31 03:23:34,534 INFO  server.RaftServerConfigKeys (ConfUtils.java:logGet(46)) - raft.server.leaderelection.leader.step-down.wait-time = 10s (default)
2024-10-31 03:23:34,534 INFO  server.RaftServerConfigKeys (ConfUtils.java:logGet(46)) - raft.server.notification.no-leader.timeout = 60s (default)
2024-10-31 03:23:34,534 INFO  server.RaftServerConfigKeys (ConfUtils.java:logGet(46)) - raft.server.storage.dir = [/home/runner/work/ratis/ratis/ratis-examples/target/test/data/f203f927/MiniRaftClusterWithSimulatedRpca2d4e021/s5] (custom)
2024-10-31 03:23:34,534 INFO  server.RaftServerConfigKeys (ConfUtils.java:logGet(46)) - raft.server.threadpool.proxy.cached = true (default)
2024-10-31 03:23:34,535 INFO  server.RaftServerConfigKeys (ConfUtils.java:logGet(46)) - raft.server.threadpool.proxy.size = 0 (default)
2024-10-31 03:23:34,537 INFO  server.RaftServerConfigKeys (ConfUtils.java:logGet(46)) - raft.server.notification.no-leader.timeout = 60s (default)
2024-10-31 03:23:34,537 INFO  server.RaftServerConfigKeys (ConfUtils.java:logGet(46)) - raft.server.notification.no-leader.timeout = 60s (default)
2024-10-31 03:23:34,539 INFO  server.RaftServer$Division (RaftServerImpl.java:<init>(256)) - s4: new RaftServerImpl for group-4EB49E3E6D70:[] with ArithmeticStateMachine:uninitialized
2024-10-31 03:23:34,540 INFO  server.RaftServerConfigKeys (ConfUtils.java:logGet(46)) - raft.server.notification.no-leader.timeout = 60s (default)
2024-10-31 03:23:34,545 INFO  server.RaftServer (RaftServerProxy.java:addNew(101)) - s5: addNew group-4EB49E3E6D70:[] returns group-4EB49E3E6D70:java.util.concurrent.CompletableFuture@2d9f64c9[Not completed]
2024-10-31 03:23:34,545 INFO  impl.MiniRaftCluster (MiniRaftCluster.java:newRaftServer(396)) - newRaftServer: s6, group-4EB49E3E6D70:[], format? true
2024-10-31 03:23:34,546 TRACE util.FileUtils (FileUtils.java:deleteFully(307)) - deleteFully target/test/data/f203f927/MiniRaftClusterWithSimulatedRpca2d4e021/s6
2024-10-31 03:23:34,546 TRACE util.FileUtils (FileUtils.java:deleteFully(320)) - deleteFully: target/test/data/f203f927/MiniRaftClusterWithSimulatedRpca2d4e021/s6 does not exist.
2024-10-31 03:23:34,546 INFO  impl.MiniRaftCluster (MiniRaftCluster.java:newRaftServer(401)) - Formatted directory target/test/data/f203f927/MiniRaftClusterWithSimulatedRpca2d4e021/s6
2024-10-31 03:23:34,547 INFO  server.RaftServer (ConfUtils.java:logGet(46)) - raft.rpc.type = org.apache.ratis.server.simulation.SimulatedRpc (custom)
2024-10-31 03:23:34,547 INFO  server.RaftServerConfigKeys (ConfUtils.java:logGet(46)) - raft.server.rpc.timeout.min = 300ms (custom)
2024-10-31 03:23:34,547 INFO  server.RaftServerConfigKeys (ConfUtils.java:logGet(46)) - raft.server.rpc.timeout.max = 600ms (custom)
2024-10-31 03:23:34,547 INFO  impl.DataStreamServerImpl (ConfUtils.java:logGet(46)) - raft.datastream.type = DISABLED (default)
2024-10-31 03:23:34,548 INFO  server.RaftServerConfigKeys (ConfUtils.java:logGet(46)) - raft.server.read.timeout = 10s (default)
2024-10-31 03:23:34,548 INFO  server.RaftServerConfigKeys (ConfUtils.java:logGet(46)) - raft.server.read.timeout = 10s (default)
2024-10-31 03:23:34,548 INFO  server.RaftServerConfigKeys (ConfUtils.java:logGet(46)) - raft.server.sleep.deviation.threshold = 300ms (default)
2024-10-31 03:23:34,549 INFO  server.RaftServerConfigKeys (ConfUtils.java:logGet(46)) - raft.server.close.threshold = 60s (default)
2024-10-31 03:23:34,549 INFO  server.RaftServerConfigKeys (ConfUtils.java:logGet(46)) - raft.server.leaderelection.leader.step-down.wait-time = 10s (default)
2024-10-31 03:23:34,549 INFO  server.RaftServerConfigKeys (ConfUtils.java:logGet(46)) - raft.server.storage.dir = [/home/runner/work/ratis/ratis/ratis-examples/target/test/data/f203f927/MiniRaftClusterWithSimulatedRpca2d4e021/s6] (custom)
2024-10-31 03:23:34,550 INFO  server.RaftServerConfigKeys (ConfUtils.java:logGet(46)) - raft.server.threadpool.proxy.cached = true (default)
2024-10-31 03:23:34,550 INFO  server.RaftServerConfigKeys (ConfUtils.java:logGet(46)) - raft.server.threadpool.proxy.size = 0 (default)
2024-10-31 03:23:34,551 INFO  server.RaftServerConfigKeys (ConfUtils.java:logGet(46)) - raft.server.read.timeout = 10s (default)
2024-10-31 03:23:34,551 INFO  server.RaftServerConfigKeys (ConfUtils.java:logGet(46)) - raft.server.read.timeout = 10s (default)
2024-10-31 03:23:34,551 INFO  server.RaftServerConfigKeys (ConfUtils.java:logGet(46)) - raft.server.rpc.sleep.time = 25ms (default)
2024-10-31 03:23:34,551 INFO  server.RaftServerConfigKeys (ConfUtils.java:logGet(46)) - raft.server.rpc.slowness.timeout = 60s (default)
2024-10-31 03:23:34,551 INFO  server.RaftServerConfigKeys (ConfUtils.java:logGet(46)) - raft.server.leaderelection.leader.step-down.wait-time = 10s (default)
2024-10-31 03:23:34,552 INFO  server.RaftServerConfigKeys (ConfUtils.java:logGet(46)) - raft.server.leaderelection.member.majority-add = false (default)
2024-10-31 03:23:34,552 INFO  server.RaftServerConfigKeys (ConfUtils.java:logGet(46)) - raft.server.sleep.deviation.threshold = 300ms (default)
2024-10-31 03:23:34,552 INFO  server.RaftServer$Division (ServerState.java:<init>(114)) - s4@group-4EB49E3E6D70: ConfigurationManager, init=conf: {index: -1, cur=peers:[]|listeners:[], old=null}, confs=<EMPTY_MAP>
2024-10-31 03:23:34,552 INFO  server.RaftServerConfigKeys (ConfUtils.java:logGet(46)) - raft.server.notification.no-leader.timeout = 60s (default)
2024-10-31 03:23:34,552 INFO  server.RaftServerConfigKeys (ConfUtils.java:logGet(46)) - raft.server.read.timeout = 10s (default)
2024-10-31 03:23:34,553 INFO  server.RaftServer$Division (RaftServerImpl.java:<init>(256)) - s5: new RaftServerImpl for group-4EB49E3E6D70:[] with ArithmeticStateMachine:uninitialized
2024-10-31 03:23:34,553 INFO  server.RaftServerConfigKeys (ConfUtils.java:logGet(46)) - raft.server.rpc.timeout.min = 300ms (custom)
2024-10-31 03:23:34,553 INFO  server.RaftServerConfigKeys (ConfUtils.java:logGet(46)) - raft.server.rpc.timeout.max = 600ms (custom)
2024-10-31 03:23:34,553 INFO  server.RaftServerConfigKeys (ConfUtils.java:logGet(46)) - raft.server.rpc.sleep.time = 25ms (default)
2024-10-31 03:23:34,554 INFO  server.RaftServerConfigKeys (ConfUtils.java:logGet(46)) - raft.server.rpc.slowness.timeout = 60s (default)
2024-10-31 03:23:34,554 INFO  server.RaftServerConfigKeys (ConfUtils.java:logGet(46)) - raft.server.leaderelection.leader.step-down.wait-time = 10s (default)
2024-10-31 03:23:34,554 INFO  server.RaftServerConfigKeys (ConfUtils.java:logGet(46)) - raft.server.leaderelection.member.majority-add = false (default)
2024-10-31 03:23:34,554 INFO  server.RaftServerConfigKeys (ConfUtils.java:logGet(46)) - raft.server.sleep.deviation.threshold = 300ms (default)
2024-10-31 03:23:34,554 INFO  server.RaftServer$Division (ServerState.java:<init>(114)) - s5@group-4EB49E3E6D70: ConfigurationManager, init=conf: {index: -1, cur=peers:[]|listeners:[], old=null}, confs=<EMPTY_MAP>
2024-10-31 03:23:34,554 INFO  server.RaftServerConfigKeys (ConfUtils.java:logGet(46)) - raft.server.notification.no-leader.timeout = 60s (default)
2024-10-31 03:23:34,555 INFO  server.RaftServerConfigKeys (ConfUtils.java:logGet(46)) - raft.server.read.timeout = 10s (default)
2024-10-31 03:23:34,555 INFO  server.RaftServerConfigKeys (ConfUtils.java:logGet(46)) - raft.server.retrycache.expirytime = 60s (default)
2024-10-31 03:23:34,555 INFO  server.RaftServerConfigKeys (ConfUtils.java:logGet(46)) - raft.server.retrycache.statistics.expirytime = 100ms (default)
2024-10-31 03:23:34,555 INFO  server.RaftServerConfigKeys (ConfUtils.java:logGet(46)) - raft.server.retrycache.expirytime = 60s (default)
2024-10-31 03:23:34,555 INFO  server.RaftServerConfigKeys (ConfUtils.java:logGet(46)) - raft.server.retrycache.statistics.expirytime = 100ms (default)
2024-10-31 03:23:34,555 INFO  server.RaftServerConfigKeys (ConfUtils.java:logGet(46)) - raft.server.retrycache.expirytime = 60s (default)
2024-10-31 03:23:34,556 INFO  server.RaftServerConfigKeys (ConfUtils.java:logGet(46)) - raft.server.retrycache.statistics.expirytime = 100ms (default)
2024-10-31 03:23:34,555 INFO  server.RaftServerConfigKeys (ConfUtils.java:logGet(46)) - raft.server.retrycache.expirytime = 60s (default)
2024-10-31 03:23:34,556 INFO  server.RaftServerConfigKeys (ConfUtils.java:logGet(46)) - raft.server.retrycache.expirytime = 60s (default)
2024-10-31 03:23:34,556 INFO  server.RaftServerConfigKeys (ConfUtils.java:logGet(46)) - raft.server.retrycache.statistics.expirytime = 100ms (default)
2024-10-31 03:23:34,556 INFO  server.RaftServerConfigKeys (ConfUtils.java:logGet(46)) - raft.server.retrycache.statistics.expirytime = 100ms (default)
2024-10-31 03:23:34,557 INFO  server.RaftServerConfigKeys (ConfUtils.java:logGet(46)) - raft.server.retrycache.expirytime = 60s (default)
2024-10-31 03:23:34,557 INFO  server.RaftServerConfigKeys (ConfUtils.java:logGet(46)) - raft.server.retrycache.statistics.expirytime = 100ms (default)
2024-10-31 03:23:34,561 INFO  server.RaftServer (RaftServerProxy.java:addNew(101)) - s6: addNew group-4EB49E3E6D70:[] returns group-4EB49E3E6D70:java.util.concurrent.CompletableFuture@715d6168[Not completed]
2024-10-31 03:23:34,562 INFO  impl.MiniRaftCluster (MiniRaftCluster.java:newRaftServer(396)) - newRaftServer: s7, group-4EB49E3E6D70:[], format? true
2024-10-31 03:23:34,562 TRACE util.FileUtils (FileUtils.java:deleteFully(307)) - deleteFully target/test/data/f203f927/MiniRaftClusterWithSimulatedRpca2d4e021/s7
2024-10-31 03:23:34,562 INFO  server.RaftServerConfigKeys (ConfUtils.java:logGet(46)) - raft.server.read.option = DEFAULT (default)
2024-10-31 03:23:34,563 INFO  server.RaftServer$Division (RaftServerImpl.java:<init>(256)) - s6: new RaftServerImpl for group-4EB49E3E6D70:[] with ArithmeticStateMachine:uninitialized
2024-10-31 03:23:34,564 INFO  server.RaftServerConfigKeys (ConfUtils.java:logGet(46)) - raft.server.read.read-after-write-consistent.write-index-cache.expiry-time = 60s (default)
2024-10-31 03:23:34,565 INFO  server.RaftServerConfigKeys (ConfUtils.java:logGet(46)) - raft.server.rpc.timeout.min = 300ms (custom)
2024-10-31 03:23:34,565 INFO  server.RaftServerConfigKeys (ConfUtils.java:logGet(46)) - raft.server.rpc.timeout.max = 600ms (custom)
2024-10-31 03:23:34,565 INFO  server.RaftServerConfigKeys (ConfUtils.java:logGet(46)) - raft.server.rpc.sleep.time = 25ms (default)
2024-10-31 03:23:34,565 INFO  server.RaftServerConfigKeys (ConfUtils.java:logGet(46)) - raft.server.rpc.slowness.timeout = 60s (default)
2024-10-31 03:23:34,565 INFO  server.RaftServerConfigKeys (ConfUtils.java:logGet(46)) - raft.server.leaderelection.leader.step-down.wait-time = 10s (default)
2024-10-31 03:23:34,565 INFO  server.RaftServerConfigKeys (ConfUtils.java:logGet(46)) - raft.server.leaderelection.member.majority-add = false (default)
2024-10-31 03:23:34,566 INFO  server.RaftServerConfigKeys (ConfUtils.java:logGet(46)) - raft.server.sleep.deviation.threshold = 300ms (default)
2024-10-31 03:23:34,566 INFO  server.RaftServer$Division (ServerState.java:<init>(114)) - s6@group-4EB49E3E6D70: ConfigurationManager, init=conf: {index: -1, cur=peers:[]|listeners:[], old=null}, confs=<EMPTY_MAP>
2024-10-31 03:23:34,566 INFO  server.RaftServerConfigKeys (ConfUtils.java:logGet(46)) - raft.server.notification.no-leader.timeout = 60s (default)
2024-10-31 03:23:34,566 INFO  server.RaftServerConfigKeys (ConfUtils.java:logGet(46)) - raft.server.read.timeout = 10s (default)
2024-10-31 03:23:34,566 INFO  server.RaftServerConfigKeys (ConfUtils.java:logGet(46)) - raft.server.retrycache.expirytime = 60s (default)
2024-10-31 03:23:34,566 INFO  server.RaftServerConfigKeys (ConfUtils.java:logGet(46)) - raft.server.retrycache.statistics.expirytime = 100ms (default)
2024-10-31 03:23:34,567 INFO  server.RaftServerConfigKeys (ConfUtils.java:logGet(46)) - raft.server.read.option = DEFAULT (default)
2024-10-31 03:23:34,567 INFO  server.RaftServerConfigKeys (ConfUtils.java:logGet(46)) - raft.server.read.read-after-write-consistent.write-index-cache.expiry-time = 60s (default)
2024-10-31 03:23:34,568 INFO  server.RaftServerConfigKeys (ConfUtils.java:logGet(46)) - raft.server.read.option = DEFAULT (default)
2024-10-31 03:23:34,568 INFO  server.RaftServerConfigKeys (ConfUtils.java:logGet(46)) - raft.server.read.read-after-write-consistent.write-index-cache.expiry-time = 60s (default)
2024-10-31 03:23:34,568 INFO  server.RaftServerConfigKeys (ConfUtils.java:logGet(46)) - raft.server.read.option = DEFAULT (default)
2024-10-31 03:23:34,568 INFO  server.RaftServerConfigKeys (ConfUtils.java:logGet(46)) - raft.server.read.read-after-write-consistent.write-index-cache.expiry-time = 60s (default)
2024-10-31 03:23:34,562 INFO  server.RaftServerConfigKeys (ConfUtils.java:logGet(46)) - raft.server.read.option = DEFAULT (default)
2024-10-31 03:23:34,562 TRACE util.FileUtils (FileUtils.java:deleteFully(320)) - deleteFully: target/test/data/f203f927/MiniRaftClusterWithSimulatedRpca2d4e021/s7 does not exist.
2024-10-31 03:23:34,570 INFO  impl.MiniRaftCluster (MiniRaftCluster.java:newRaftServer(401)) - Formatted directory target/test/data/f203f927/MiniRaftClusterWithSimulatedRpca2d4e021/s7
2024-10-31 03:23:34,570 INFO  server.RaftServer (ConfUtils.java:logGet(46)) - raft.rpc.type = org.apache.ratis.server.simulation.SimulatedRpc (custom)
2024-10-31 03:23:34,569 INFO  server.RaftServerConfigKeys (ConfUtils.java:logGet(46)) - raft.server.read.option = DEFAULT (default)
2024-10-31 03:23:34,570 INFO  server.RaftServerConfigKeys (ConfUtils.java:logGet(46)) - raft.server.read.read-after-write-consistent.write-index-cache.expiry-time = 60s (default)
2024-10-31 03:23:34,569 INFO  server.RaftServerConfigKeys (ConfUtils.java:logGet(46)) - raft.server.read.option = DEFAULT (default)
2024-10-31 03:23:34,571 INFO  server.RaftServerConfigKeys (ConfUtils.java:logGet(46)) - raft.server.read.read-after-write-consistent.write-index-cache.expiry-time = 60s (default)
2024-10-31 03:23:34,571 INFO  impl.DataStreamServerImpl (ConfUtils.java:logGet(46)) - raft.datastream.type = DISABLED (default)
2024-10-31 03:23:34,571 INFO  server.RaftServerConfigKeys (ConfUtils.java:logGet(46)) - raft.server.sleep.deviation.threshold = 300ms (default)
2024-10-31 03:23:34,572 INFO  server.RaftServerConfigKeys (ConfUtils.java:logGet(46)) - raft.server.close.threshold = 60s (default)
2024-10-31 03:23:34,572 INFO  server.RaftServerConfigKeys (ConfUtils.java:logGet(46)) - raft.server.leaderelection.leader.step-down.wait-time = 10s (default)
2024-10-31 03:23:34,572 INFO  server.RaftServerConfigKeys (ConfUtils.java:logGet(46)) - raft.server.storage.dir = [/home/runner/work/ratis/ratis/ratis-examples/target/test/data/f203f927/MiniRaftClusterWithSimulatedRpca2d4e021/s7] (custom)
2024-10-31 03:23:34,573 INFO  server.RaftServerConfigKeys (ConfUtils.java:logGet(46)) - raft.server.threadpool.proxy.cached = true (default)
2024-10-31 03:23:34,573 INFO  server.RaftServerConfigKeys (ConfUtils.java:logGet(46)) - raft.server.threadpool.proxy.size = 0 (default)
2024-10-31 03:23:34,571 INFO  server.RaftServerConfigKeys (ConfUtils.java:logGet(46)) - raft.server.read.read-after-write-consistent.write-index-cache.expiry-time = 60s (default)
2024-10-31 03:23:34,574 INFO  server.RaftServer (RaftServerProxy.java:addNew(101)) - s7: addNew group-4EB49E3E6D70:[] returns group-4EB49E3E6D70:java.util.concurrent.CompletableFuture@7397c6[Not completed]
2024-10-31 03:23:34,574 INFO  server.RaftServer$Division (RaftServerImpl.java:<init>(256)) - s7: new RaftServerImpl for group-4EB49E3E6D70:[] with ArithmeticStateMachine:uninitialized
2024-10-31 03:23:34,574 INFO  impl.MiniRaftCluster (MiniRaftCluster.java:newRaftServer(396)) - newRaftServer: s8, group-4EB49E3E6D70:[], format? true
2024-10-31 03:23:34,575 TRACE util.FileUtils (FileUtils.java:deleteFully(307)) - deleteFully target/test/data/f203f927/MiniRaftClusterWithSimulatedRpca2d4e021/s8
2024-10-31 03:23:34,574 INFO  server.RaftServerConfigKeys (ConfUtils.java:logGet(46)) - raft.server.rpc.timeout.min = 300ms (custom)
2024-10-31 03:23:34,575 TRACE util.FileUtils (FileUtils.java:deleteFully(320)) - deleteFully: target/test/data/f203f927/MiniRaftClusterWithSimulatedRpca2d4e021/s8 does not exist.
2024-10-31 03:23:34,575 INFO  impl.MiniRaftCluster (MiniRaftCluster.java:newRaftServer(401)) - Formatted directory target/test/data/f203f927/MiniRaftClusterWithSimulatedRpca2d4e021/s8
2024-10-31 03:23:34,575 INFO  server.RaftServerConfigKeys (ConfUtils.java:logGet(46)) - raft.server.rpc.timeout.max = 600ms (custom)
2024-10-31 03:23:34,576 INFO  server.RaftServer (ConfUtils.java:logGet(46)) - raft.rpc.type = org.apache.ratis.server.simulation.SimulatedRpc (custom)
2024-10-31 03:23:34,577 INFO  impl.DataStreamServerImpl (ConfUtils.java:logGet(46)) - raft.datastream.type = DISABLED (default)
2024-10-31 03:23:34,577 INFO  server.RaftServerConfigKeys (ConfUtils.java:logGet(46)) - raft.server.sleep.deviation.threshold = 300ms (default)
2024-10-31 03:23:34,577 INFO  server.RaftServerConfigKeys (ConfUtils.java:logGet(46)) - raft.server.close.threshold = 60s (default)
2024-10-31 03:23:34,578 INFO  server.RaftServerConfigKeys (ConfUtils.java:logGet(46)) - raft.server.leaderelection.leader.step-down.wait-time = 10s (default)
2024-10-31 03:23:34,578 INFO  server.RaftServerConfigKeys (ConfUtils.java:logGet(46)) - raft.server.storage.dir = [/home/runner/work/ratis/ratis/ratis-examples/target/test/data/f203f927/MiniRaftClusterWithSimulatedRpca2d4e021/s8] (custom)
2024-10-31 03:23:34,579 INFO  server.RaftServerConfigKeys (ConfUtils.java:logGet(46)) - raft.server.threadpool.proxy.cached = true (default)
2024-10-31 03:23:34,579 INFO  server.RaftServerConfigKeys (ConfUtils.java:logGet(46)) - raft.server.threadpool.proxy.size = 0 (default)
2024-10-31 03:23:34,581 INFO  server.RaftServerConfigKeys (ConfUtils.java:logGet(46)) - raft.server.rpc.sleep.time = 25ms (default)
2024-10-31 03:23:34,581 INFO  server.RaftServerConfigKeys (ConfUtils.java:logGet(46)) - raft.server.rpc.slowness.timeout = 60s (default)
2024-10-31 03:23:34,581 INFO  server.RaftServerConfigKeys (ConfUtils.java:logGet(46)) - raft.server.leaderelection.leader.step-down.wait-time = 10s (default)
2024-10-31 03:23:34,581 INFO  server.RaftServerConfigKeys (ConfUtils.java:logGet(46)) - raft.server.leaderelection.member.majority-add = false (default)
2024-10-31 03:23:34,581 INFO  server.RaftServerConfigKeys (ConfUtils.java:logGet(46)) - raft.server.sleep.deviation.threshold = 300ms (default)
2024-10-31 03:23:34,581 INFO  server.RaftServer$Division (ServerState.java:<init>(114)) - s7@group-4EB49E3E6D70: ConfigurationManager, init=conf: {index: -1, cur=peers:[]|listeners:[], old=null}, confs=<EMPTY_MAP>
2024-10-31 03:23:34,582 INFO  server.RaftServerConfigKeys (ConfUtils.java:logGet(46)) - raft.server.notification.no-leader.timeout = 60s (default)
2024-10-31 03:23:34,582 INFO  server.RaftServerConfigKeys (ConfUtils.java:logGet(46)) - raft.server.read.timeout = 10s (default)
2024-10-31 03:23:34,582 INFO  server.RaftServerConfigKeys (ConfUtils.java:logGet(46)) - raft.server.retrycache.expirytime = 60s (default)
2024-10-31 03:23:34,582 INFO  server.RaftServerConfigKeys (ConfUtils.java:logGet(46)) - raft.server.retrycache.statistics.expirytime = 100ms (default)
2024-10-31 03:23:34,582 INFO  server.RaftServerConfigKeys (ConfUtils.java:logGet(46)) - raft.server.read.option = DEFAULT (default)
2024-10-31 03:23:34,582 INFO  server.RaftServerConfigKeys (ConfUtils.java:logGet(46)) - raft.server.read.read-after-write-consistent.write-index-cache.expiry-time = 60s (default)
2024-10-31 03:23:34,583 INFO  server.RaftServer (RaftServerProxy.java:addNew(101)) - s8: addNew group-4EB49E3E6D70:[] returns group-4EB49E3E6D70:java.util.concurrent.CompletableFuture@c2e3264[Not completed]
2024-10-31 03:23:34,583 INFO  server.RaftServer$Division (RaftServerImpl.java:<init>(256)) - s8: new RaftServerImpl for group-4EB49E3E6D70:[] with ArithmeticStateMachine:uninitialized
2024-10-31 03:23:34,583 INFO  impl.MiniRaftCluster (MiniRaftCluster.java:newRaftServer(396)) - newRaftServer: s9, group-4EB49E3E6D70:[], format? true
2024-10-31 03:23:34,583 TRACE util.FileUtils (FileUtils.java:deleteFully(307)) - deleteFully target/test/data/f203f927/MiniRaftClusterWithSimulatedRpca2d4e021/s9
2024-10-31 03:23:34,584 TRACE util.FileUtils (FileUtils.java:deleteFully(320)) - deleteFully: target/test/data/f203f927/MiniRaftClusterWithSimulatedRpca2d4e021/s9 does not exist.
2024-10-31 03:23:34,584 INFO  impl.MiniRaftCluster (MiniRaftCluster.java:newRaftServer(401)) - Formatted directory target/test/data/f203f927/MiniRaftClusterWithSimulatedRpca2d4e021/s9
2024-10-31 03:23:34,587 INFO  server.RaftServer (ConfUtils.java:logGet(46)) - raft.rpc.type = org.apache.ratis.server.simulation.SimulatedRpc (custom)
2024-10-31 03:23:34,587 INFO  impl.DataStreamServerImpl (ConfUtils.java:logGet(46)) - raft.datastream.type = DISABLED (default)
2024-10-31 03:23:34,587 INFO  server.RaftServerConfigKeys (ConfUtils.java:logGet(46)) - raft.server.sleep.deviation.threshold = 300ms (default)
2024-10-31 03:23:34,588 INFO  server.RaftServerConfigKeys (ConfUtils.java:logGet(46)) - raft.server.close.threshold = 60s (default)
2024-10-31 03:23:34,588 INFO  server.RaftServerConfigKeys (ConfUtils.java:logGet(46)) - raft.server.leaderelection.leader.step-down.wait-time = 10s (default)
2024-10-31 03:23:34,588 INFO  server.RaftServerConfigKeys (ConfUtils.java:logGet(46)) - raft.server.storage.dir = [/home/runner/work/ratis/ratis/ratis-examples/target/test/data/f203f927/MiniRaftClusterWithSimulatedRpca2d4e021/s9] (custom)
2024-10-31 03:23:34,588 INFO  server.RaftServerConfigKeys (ConfUtils.java:logGet(46)) - raft.server.threadpool.proxy.cached = true (default)
2024-10-31 03:23:34,588 INFO  server.RaftServerConfigKeys (ConfUtils.java:logGet(46)) - raft.server.threadpool.proxy.size = 0 (default)
2024-10-31 03:23:34,589 INFO  server.RaftServerConfigKeys (ConfUtils.java:logGet(46)) - raft.server.rpc.timeout.min = 300ms (custom)
2024-10-31 03:23:34,589 INFO  server.RaftServerConfigKeys (ConfUtils.java:logGet(46)) - raft.server.rpc.timeout.max = 600ms (custom)
2024-10-31 03:23:34,589 INFO  server.RaftServerConfigKeys (ConfUtils.java:logGet(46)) - raft.server.rpc.sleep.time = 25ms (default)
2024-10-31 03:23:34,589 INFO  server.RaftServerConfigKeys (ConfUtils.java:logGet(46)) - raft.server.rpc.slowness.timeout = 60s (default)
2024-10-31 03:23:34,589 INFO  server.RaftServerConfigKeys (ConfUtils.java:logGet(46)) - raft.server.leaderelection.leader.step-down.wait-time = 10s (default)
2024-10-31 03:23:34,590 INFO  server.RaftServerConfigKeys (ConfUtils.java:logGet(46)) - raft.server.leaderelection.member.majority-add = false (default)
2024-10-31 03:23:34,590 INFO  server.RaftServerConfigKeys (ConfUtils.java:logGet(46)) - raft.server.sleep.deviation.threshold = 300ms (default)
2024-10-31 03:23:34,590 INFO  server.RaftServer$Division (ServerState.java:<init>(114)) - s8@group-4EB49E3E6D70: ConfigurationManager, init=conf: {index: -1, cur=peers:[]|listeners:[], old=null}, confs=<EMPTY_MAP>
2024-10-31 03:23:34,590 INFO  server.RaftServerConfigKeys (ConfUtils.java:logGet(46)) - raft.server.notification.no-leader.timeout = 60s (default)
2024-10-31 03:23:34,590 INFO  server.RaftServerConfigKeys (ConfUtils.java:logGet(46)) - raft.server.read.timeout = 10s (default)
2024-10-31 03:23:34,590 INFO  server.RaftServerConfigKeys (ConfUtils.java:logGet(46)) - raft.server.retrycache.expirytime = 60s (default)
2024-10-31 03:23:34,590 INFO  server.RaftServerConfigKeys (ConfUtils.java:logGet(46)) - raft.server.retrycache.statistics.expirytime = 100ms (default)
2024-10-31 03:23:34,591 INFO  server.RaftServerConfigKeys (ConfUtils.java:logGet(46)) - raft.server.read.option = DEFAULT (default)
2024-10-31 03:23:34,591 INFO  server.RaftServerConfigKeys (ConfUtils.java:logGet(46)) - raft.server.read.read-after-write-consistent.write-index-cache.expiry-time = 60s (default)
2024-10-31 03:23:34,591 INFO  server.RaftServer (RaftServerProxy.java:addNew(101)) - s9: addNew group-4EB49E3E6D70:[] returns group-4EB49E3E6D70:java.util.concurrent.CompletableFuture@1d540566[Not completed]
2024-10-31 03:23:34,592 INFO  impl.MiniRaftCluster (MiniRaftCluster.java:newRaftServer(396)) - newRaftServer: s10, group-4EB49E3E6D70:[], format? true
2024-10-31 03:23:34,592 TRACE util.FileUtils (FileUtils.java:deleteFully(307)) - deleteFully target/test/data/f203f927/MiniRaftClusterWithSimulatedRpca2d4e021/s10
2024-10-31 03:23:34,593 TRACE util.FileUtils (FileUtils.java:deleteFully(320)) - deleteFully: target/test/data/f203f927/MiniRaftClusterWithSimulatedRpca2d4e021/s10 does not exist.
2024-10-31 03:23:34,593 INFO  impl.MiniRaftCluster (MiniRaftCluster.java:newRaftServer(401)) - Formatted directory target/test/data/f203f927/MiniRaftClusterWithSimulatedRpca2d4e021/s10
2024-10-31 03:23:34,593 INFO  server.RaftServer (ConfUtils.java:logGet(46)) - raft.rpc.type = org.apache.ratis.server.simulation.SimulatedRpc (custom)
2024-10-31 03:23:34,594 INFO  impl.DataStreamServerImpl (ConfUtils.java:logGet(46)) - raft.datastream.type = DISABLED (default)
2024-10-31 03:23:34,594 INFO  server.RaftServerConfigKeys (ConfUtils.java:logGet(46)) - raft.server.sleep.deviation.threshold = 300ms (default)
2024-10-31 03:23:34,595 INFO  server.RaftServerConfigKeys (ConfUtils.java:logGet(46)) - raft.server.close.threshold = 60s (default)
2024-10-31 03:23:34,595 INFO  server.RaftServerConfigKeys (ConfUtils.java:logGet(46)) - raft.server.leaderelection.leader.step-down.wait-time = 10s (default)
2024-10-31 03:23:34,595 INFO  server.RaftServerConfigKeys (ConfUtils.java:logGet(46)) - raft.server.storage.dir = [/home/runner/work/ratis/ratis/ratis-examples/target/test/data/f203f927/MiniRaftClusterWithSimulatedRpca2d4e021/s10] (custom)
2024-10-31 03:23:34,596 INFO  server.RaftServerConfigKeys (ConfUtils.java:logGet(46)) - raft.server.threadpool.proxy.cached = true (default)
2024-10-31 03:23:34,596 INFO  server.RaftServerConfigKeys (ConfUtils.java:logGet(46)) - raft.server.threadpool.proxy.size = 0 (default)
2024-10-31 03:23:34,597 INFO  server.RaftServer$Division (RaftServerImpl.java:<init>(256)) - s9: new RaftServerImpl for group-4EB49E3E6D70:[] with ArithmeticStateMachine:uninitialized
2024-10-31 03:23:34,597 INFO  server.RaftServerConfigKeys (ConfUtils.java:logGet(46)) - raft.server.rpc.timeout.min = 300ms (custom)
2024-10-31 03:23:34,597 INFO  server.RaftServerConfigKeys (ConfUtils.java:logGet(46)) - raft.server.rpc.timeout.max = 600ms (custom)
2024-10-31 03:23:34,597 INFO  server.RaftServerConfigKeys (ConfUtils.java:logGet(46)) - raft.server.rpc.sleep.time = 25ms (default)
2024-10-31 03:23:34,598 INFO  server.RaftServerConfigKeys (ConfUtils.java:logGet(46)) - raft.server.rpc.slowness.timeout = 60s (default)
2024-10-31 03:23:34,598 INFO  server.RaftServerConfigKeys (ConfUtils.java:logGet(46)) - raft.server.leaderelection.leader.step-down.wait-time = 10s (default)
2024-10-31 03:23:34,598 INFO  server.RaftServerConfigKeys (ConfUtils.java:logGet(46)) - raft.server.leaderelection.member.majority-add = false (default)
2024-10-31 03:23:34,598 INFO  server.RaftServerConfigKeys (ConfUtils.java:logGet(46)) - raft.server.sleep.deviation.threshold = 300ms (default)
2024-10-31 03:23:34,598 INFO  server.RaftServer$Division (ServerState.java:<init>(114)) - s9@group-4EB49E3E6D70: ConfigurationManager, init=conf: {index: -1, cur=peers:[]|listeners:[], old=null}, confs=<EMPTY_MAP>
2024-10-31 03:23:34,598 INFO  server.RaftServerConfigKeys (ConfUtils.java:logGet(46)) - raft.server.notification.no-leader.timeout = 60s (default)
2024-10-31 03:23:34,598 INFO  server.RaftServerConfigKeys (ConfUtils.java:logGet(46)) - raft.server.read.timeout = 10s (default)
2024-10-31 03:23:34,599 INFO  server.RaftServerConfigKeys (ConfUtils.java:logGet(46)) - raft.server.retrycache.expirytime = 60s (default)
2024-10-31 03:23:34,599 INFO  server.RaftServerConfigKeys (ConfUtils.java:logGet(46)) - raft.server.retrycache.statistics.expirytime = 100ms (default)
2024-10-31 03:23:34,599 INFO  server.RaftServerConfigKeys (ConfUtils.java:logGet(46)) - raft.server.read.option = DEFAULT (default)
2024-10-31 03:23:34,599 INFO  server.RaftServerConfigKeys (ConfUtils.java:logGet(46)) - raft.server.read.read-after-write-consistent.write-index-cache.expiry-time = 60s (default)
2024-10-31 03:23:34,604 INFO  server.RaftServer (RaftServerProxy.java:addNew(101)) - s10: addNew group-4EB49E3E6D70:[] returns group-4EB49E3E6D70:java.util.concurrent.CompletableFuture@77d680e6[Not completed]
2024-10-31 03:23:34,605 INFO  impl.MiniRaftCluster (MiniRaftCluster.java:newRaftServer(396)) - newRaftServer: s11, group-4EB49E3E6D70:[], format? true
2024-10-31 03:23:34,605 TRACE util.FileUtils (FileUtils.java:deleteFully(307)) - deleteFully target/test/data/f203f927/MiniRaftClusterWithSimulatedRpca2d4e021/s11
2024-10-31 03:23:34,605 TRACE util.FileUtils (FileUtils.java:deleteFully(320)) - deleteFully: target/test/data/f203f927/MiniRaftClusterWithSimulatedRpca2d4e021/s11 does not exist.
2024-10-31 03:23:34,605 INFO  impl.MiniRaftCluster (MiniRaftCluster.java:newRaftServer(401)) - Formatted directory target/test/data/f203f927/MiniRaftClusterWithSimulatedRpca2d4e021/s11
2024-10-31 03:23:34,606 INFO  server.RaftServer (ConfUtils.java:logGet(46)) - raft.rpc.type = org.apache.ratis.server.simulation.SimulatedRpc (custom)
2024-10-31 03:23:34,607 INFO  impl.DataStreamServerImpl (ConfUtils.java:logGet(46)) - raft.datastream.type = DISABLED (default)
2024-10-31 03:23:34,607 INFO  server.RaftServerConfigKeys (ConfUtils.java:logGet(46)) - raft.server.sleep.deviation.threshold = 300ms (default)
2024-10-31 03:23:34,607 INFO  server.RaftServerConfigKeys (ConfUtils.java:logGet(46)) - raft.server.close.threshold = 60s (default)
2024-10-31 03:23:34,608 INFO  server.RaftServerConfigKeys (ConfUtils.java:logGet(46)) - raft.server.leaderelection.leader.step-down.wait-time = 10s (default)
2024-10-31 03:23:34,608 INFO  server.RaftServerConfigKeys (ConfUtils.java:logGet(46)) - raft.server.storage.dir = [/home/runner/work/ratis/ratis/ratis-examples/target/test/data/f203f927/MiniRaftClusterWithSimulatedRpca2d4e021/s11] (custom)
2024-10-31 03:23:34,608 INFO  server.RaftServerConfigKeys (ConfUtils.java:logGet(46)) - raft.server.threadpool.proxy.cached = true (default)
2024-10-31 03:23:34,609 INFO  server.RaftServerConfigKeys (ConfUtils.java:logGet(46)) - raft.server.threadpool.proxy.size = 0 (default)
2024-10-31 03:23:34,608 INFO  server.RaftServer$Division (RaftServerImpl.java:<init>(256)) - s10: new RaftServerImpl for group-4EB49E3E6D70:[] with ArithmeticStateMachine:uninitialized
2024-10-31 03:23:34,610 INFO  server.RaftServerConfigKeys (ConfUtils.java:logGet(46)) - raft.server.rpc.timeout.min = 300ms (custom)
2024-10-31 03:23:34,610 INFO  server.RaftServerConfigKeys (ConfUtils.java:logGet(46)) - raft.server.rpc.timeout.max = 600ms (custom)
2024-10-31 03:23:34,610 INFO  server.RaftServerConfigKeys (ConfUtils.java:logGet(46)) - raft.server.rpc.sleep.time = 25ms (default)
2024-10-31 03:23:34,610 INFO  server.RaftServerConfigKeys (ConfUtils.java:logGet(46)) - raft.server.rpc.slowness.timeout = 60s (default)
2024-10-31 03:23:34,610 INFO  server.RaftServerConfigKeys (ConfUtils.java:logGet(46)) - raft.server.leaderelection.leader.step-down.wait-time = 10s (default)
2024-10-31 03:23:34,610 INFO  server.RaftServerConfigKeys (ConfUtils.java:logGet(46)) - raft.server.leaderelection.member.majority-add = false (default)
2024-10-31 03:23:34,610 INFO  server.RaftServerConfigKeys (ConfUtils.java:logGet(46)) - raft.server.sleep.deviation.threshold = 300ms (default)
2024-10-31 03:23:34,611 INFO  server.RaftServer$Division (ServerState.java:<init>(114)) - s10@group-4EB49E3E6D70: ConfigurationManager, init=conf: {index: -1, cur=peers:[]|listeners:[], old=null}, confs=<EMPTY_MAP>
2024-10-31 03:23:34,611 INFO  server.RaftServerConfigKeys (ConfUtils.java:logGet(46)) - raft.server.notification.no-leader.timeout = 60s (default)
2024-10-31 03:23:34,611 INFO  server.RaftServerConfigKeys (ConfUtils.java:logGet(46)) - raft.server.read.timeout = 10s (default)
2024-10-31 03:23:34,611 INFO  server.RaftServerConfigKeys (ConfUtils.java:logGet(46)) - raft.server.retrycache.expirytime = 60s (default)
2024-10-31 03:23:34,611 INFO  server.RaftServerConfigKeys (ConfUtils.java:logGet(46)) - raft.server.retrycache.statistics.expirytime = 100ms (default)
2024-10-31 03:23:34,611 INFO  server.RaftServerConfigKeys (ConfUtils.java:logGet(46)) - raft.server.read.option = DEFAULT (default)
2024-10-31 03:23:34,611 INFO  server.RaftServer (RaftServerProxy.java:addNew(101)) - s11: addNew group-4EB49E3E6D70:[] returns group-4EB49E3E6D70:java.util.concurrent.CompletableFuture@6bda1d19[Not completed]
2024-10-31 03:23:34,612 INFO  impl.MiniRaftCluster (MiniRaftCluster.java:newRaftServer(396)) - newRaftServer: s12, group-4EB49E3E6D70:[], format? true
2024-10-31 03:23:34,612 TRACE util.FileUtils (FileUtils.java:deleteFully(307)) - deleteFully target/test/data/f203f927/MiniRaftClusterWithSimulatedRpca2d4e021/s12
2024-10-31 03:23:34,612 TRACE util.FileUtils (FileUtils.java:deleteFully(320)) - deleteFully: target/test/data/f203f927/MiniRaftClusterWithSimulatedRpca2d4e021/s12 does not exist.
2024-10-31 03:23:34,612 INFO  impl.MiniRaftCluster (MiniRaftCluster.java:newRaftServer(401)) - Formatted directory target/test/data/f203f927/MiniRaftClusterWithSimulatedRpca2d4e021/s12
2024-10-31 03:23:34,613 INFO  server.RaftServer$Division (RaftServerImpl.java:<init>(256)) - s11: new RaftServerImpl for group-4EB49E3E6D70:[] with ArithmeticStateMachine:uninitialized
2024-10-31 03:23:34,613 INFO  server.RaftServerConfigKeys (ConfUtils.java:logGet(46)) - raft.server.read.read-after-write-consistent.write-index-cache.expiry-time = 60s (default)
2024-10-31 03:23:34,613 INFO  server.RaftServerConfigKeys (ConfUtils.java:logGet(46)) - raft.server.rpc.timeout.min = 300ms (custom)
2024-10-31 03:23:34,613 INFO  server.RaftServer (ConfUtils.java:logGet(46)) - raft.rpc.type = org.apache.ratis.server.simulation.SimulatedRpc (custom)
2024-10-31 03:23:34,614 INFO  impl.DataStreamServerImpl (ConfUtils.java:logGet(46)) - raft.datastream.type = DISABLED (default)
2024-10-31 03:23:34,614 INFO  server.RaftServerConfigKeys (ConfUtils.java:logGet(46)) - raft.server.sleep.deviation.threshold = 300ms (default)
2024-10-31 03:23:34,615 INFO  server.RaftServerConfigKeys (ConfUtils.java:logGet(46)) - raft.server.close.threshold = 60s (default)
2024-10-31 03:23:34,615 INFO  server.RaftServerConfigKeys (ConfUtils.java:logGet(46)) - raft.server.leaderelection.leader.step-down.wait-time = 10s (default)
2024-10-31 03:23:34,615 INFO  server.RaftServerConfigKeys (ConfUtils.java:logGet(46)) - raft.server.storage.dir = [/home/runner/work/ratis/ratis/ratis-examples/target/test/data/f203f927/MiniRaftClusterWithSimulatedRpca2d4e021/s12] (custom)
2024-10-31 03:23:34,616 INFO  server.RaftServerConfigKeys (ConfUtils.java:logGet(46)) - raft.server.threadpool.proxy.cached = true (default)
2024-10-31 03:23:34,616 INFO  server.RaftServerConfigKeys (ConfUtils.java:logGet(46)) - raft.server.threadpool.proxy.size = 0 (default)
2024-10-31 03:23:34,617 INFO  server.RaftServer (RaftServerProxy.java:addNew(101)) - s12: addNew group-4EB49E3E6D70:[] returns group-4EB49E3E6D70:java.util.concurrent.CompletableFuture@cbc8d0f[Not completed]
2024-10-31 03:23:34,617 INFO  impl.MiniRaftCluster (MiniRaftCluster.java:newRaftServer(396)) - newRaftServer: s13, group-4EB49E3E6D70:[], format? true
2024-10-31 03:23:34,617 TRACE util.FileUtils (FileUtils.java:deleteFully(307)) - deleteFully target/test/data/f203f927/MiniRaftClusterWithSimulatedRpca2d4e021/s13
2024-10-31 03:23:34,618 TRACE util.FileUtils (FileUtils.java:deleteFully(320)) - deleteFully: target/test/data/f203f927/MiniRaftClusterWithSimulatedRpca2d4e021/s13 does not exist.
2024-10-31 03:23:34,618 INFO  impl.MiniRaftCluster (MiniRaftCluster.java:newRaftServer(401)) - Formatted directory target/test/data/f203f927/MiniRaftClusterWithSimulatedRpca2d4e021/s13
2024-10-31 03:23:34,619 INFO  server.RaftServer (ConfUtils.java:logGet(46)) - raft.rpc.type = org.apache.ratis.server.simulation.SimulatedRpc (custom)
2024-10-31 03:23:34,619 INFO  impl.DataStreamServerImpl (ConfUtils.java:logGet(46)) - raft.datastream.type = DISABLED (default)
2024-10-31 03:23:34,620 INFO  server.RaftServerConfigKeys (ConfUtils.java:logGet(46)) - raft.server.sleep.deviation.threshold = 300ms (default)
2024-10-31 03:23:34,620 INFO  server.RaftServerConfigKeys (ConfUtils.java:logGet(46)) - raft.server.close.threshold = 60s (default)
2024-10-31 03:23:34,620 INFO  server.RaftServerConfigKeys (ConfUtils.java:logGet(46)) - raft.server.leaderelection.leader.step-down.wait-time = 10s (default)
2024-10-31 03:23:34,621 INFO  server.RaftServerConfigKeys (ConfUtils.java:logGet(46)) - raft.server.storage.dir = [/home/runner/work/ratis/ratis/ratis-examples/target/test/data/f203f927/MiniRaftClusterWithSimulatedRpca2d4e021/s13] (custom)
2024-10-31 03:23:34,621 INFO  server.RaftServerConfigKeys (ConfUtils.java:logGet(46)) - raft.server.threadpool.proxy.cached = true (default)
2024-10-31 03:23:34,621 INFO  server.RaftServerConfigKeys (ConfUtils.java:logGet(46)) - raft.server.threadpool.proxy.size = 0 (default)
2024-10-31 03:23:34,622 INFO  server.RaftServer$Division (RaftServerImpl.java:<init>(256)) - s12: new RaftServerImpl for group-4EB49E3E6D70:[] with ArithmeticStateMachine:uninitialized
2024-10-31 03:23:34,622 INFO  server.RaftServerConfigKeys (ConfUtils.java:logGet(46)) - raft.server.rpc.timeout.max = 600ms (custom)
2024-10-31 03:23:34,622 INFO  server.RaftServerConfigKeys (ConfUtils.java:logGet(46)) - raft.server.rpc.timeout.min = 300ms (custom)
2024-10-31 03:23:34,622 INFO  server.RaftServerConfigKeys (ConfUtils.java:logGet(46)) - raft.server.rpc.timeout.max = 600ms (custom)
2024-10-31 03:23:34,622 INFO  server.RaftServerConfigKeys (ConfUtils.java:logGet(46)) - raft.server.rpc.sleep.time = 25ms (default)
2024-10-31 03:23:34,625 INFO  server.RaftServerConfigKeys (ConfUtils.java:logGet(46)) - raft.server.rpc.slowness.timeout = 60s (default)
2024-10-31 03:23:34,625 INFO  server.RaftServerConfigKeys (ConfUtils.java:logGet(46)) - raft.server.leaderelection.leader.step-down.wait-time = 10s (default)
2024-10-31 03:23:34,625 INFO  server.RaftServerConfigKeys (ConfUtils.java:logGet(46)) - raft.server.leaderelection.member.majority-add = false (default)
2024-10-31 03:23:34,625 INFO  server.RaftServerConfigKeys (ConfUtils.java:logGet(46)) - raft.server.sleep.deviation.threshold = 300ms (default)
2024-10-31 03:23:34,625 INFO  server.RaftServer$Division (ServerState.java:<init>(114)) - s11@group-4EB49E3E6D70: ConfigurationManager, init=conf: {index: -1, cur=peers:[]|listeners:[], old=null}, confs=<EMPTY_MAP>
2024-10-31 03:23:34,625 INFO  server.RaftServerConfigKeys (ConfUtils.java:logGet(46)) - raft.server.notification.no-leader.timeout = 60s (default)
2024-10-31 03:23:34,626 INFO  server.RaftServerConfigKeys (ConfUtils.java:logGet(46)) - raft.server.read.timeout = 10s (default)
2024-10-31 03:23:34,626 INFO  server.RaftServerConfigKeys (ConfUtils.java:logGet(46)) - raft.server.retrycache.expirytime = 60s (default)
2024-10-31 03:23:34,626 INFO  server.RaftServerConfigKeys (ConfUtils.java:logGet(46)) - raft.server.rpc.sleep.time = 25ms (default)
2024-10-31 03:23:34,626 INFO  server.RaftServerConfigKeys (ConfUtils.java:logGet(46)) - raft.server.rpc.slowness.timeout = 60s (default)
2024-10-31 03:23:34,626 INFO  server.RaftServerConfigKeys (ConfUtils.java:logGet(46)) - raft.server.leaderelection.leader.step-down.wait-time = 10s (default)
2024-10-31 03:23:34,626 INFO  server.RaftServerConfigKeys (ConfUtils.java:logGet(46)) - raft.server.leaderelection.member.majority-add = false (default)
2024-10-31 03:23:34,626 INFO  server.RaftServerConfigKeys (ConfUtils.java:logGet(46)) - raft.server.sleep.deviation.threshold = 300ms (default)
2024-10-31 03:23:34,626 INFO  server.RaftServer$Division (RaftServerImpl.java:<init>(256)) - s13: new RaftServerImpl for group-4EB49E3E6D70:[] with ArithmeticStateMachine:uninitialized
2024-10-31 03:23:34,626 INFO  server.RaftServer (RaftServerProxy.java:addNew(101)) - s13: addNew group-4EB49E3E6D70:[] returns group-4EB49E3E6D70:java.util.concurrent.CompletableFuture@f288c14[Not completed]
2024-10-31 03:23:34,627 INFO  impl.MiniRaftCluster (MiniRaftCluster.java:newRaftServer(396)) - newRaftServer: s14, group-4EB49E3E6D70:[], format? true
2024-10-31 03:23:34,627 TRACE util.FileUtils (FileUtils.java:deleteFully(307)) - deleteFully target/test/data/f203f927/MiniRaftClusterWithSimulatedRpca2d4e021/s14
2024-10-31 03:23:34,628 TRACE util.FileUtils (FileUtils.java:deleteFully(320)) - deleteFully: target/test/data/f203f927/MiniRaftClusterWithSimulatedRpca2d4e021/s14 does not exist.
2024-10-31 03:23:34,628 INFO  impl.MiniRaftCluster (MiniRaftCluster.java:newRaftServer(401)) - Formatted directory target/test/data/f203f927/MiniRaftClusterWithSimulatedRpca2d4e021/s14
2024-10-31 03:23:34,628 INFO  server.RaftServer (ConfUtils.java:logGet(46)) - raft.rpc.type = org.apache.ratis.server.simulation.SimulatedRpc (custom)
2024-10-31 03:23:34,629 INFO  impl.DataStreamServerImpl (ConfUtils.java:logGet(46)) - raft.datastream.type = DISABLED (default)
2024-10-31 03:23:34,629 INFO  server.RaftServerConfigKeys (ConfUtils.java:logGet(46)) - raft.server.sleep.deviation.threshold = 300ms (default)
2024-10-31 03:23:34,629 INFO  server.RaftServerConfigKeys (ConfUtils.java:logGet(46)) - raft.server.close.threshold = 60s (default)
2024-10-31 03:23:34,627 INFO  server.RaftServer$Division (ServerState.java:<init>(114)) - s12@group-4EB49E3E6D70: ConfigurationManager, init=conf: {index: -1, cur=peers:[]|listeners:[], old=null}, confs=<EMPTY_MAP>
2024-10-31 03:23:34,630 INFO  server.RaftServerConfigKeys (ConfUtils.java:logGet(46)) - raft.server.rpc.timeout.min = 300ms (custom)
2024-10-31 03:23:34,630 INFO  server.RaftServerConfigKeys (ConfUtils.java:logGet(46)) - raft.server.leaderelection.leader.step-down.wait-time = 10s (default)
2024-10-31 03:23:34,630 INFO  server.RaftServerConfigKeys (ConfUtils.java:logGet(46)) - raft.server.storage.dir = [/home/runner/work/ratis/ratis/ratis-examples/target/test/data/f203f927/MiniRaftClusterWithSimulatedRpca2d4e021/s14] (custom)
2024-10-31 03:23:34,631 INFO  server.RaftServerConfigKeys (ConfUtils.java:logGet(46)) - raft.server.threadpool.proxy.cached = true (default)
2024-10-31 03:23:34,631 INFO  server.RaftServerConfigKeys (ConfUtils.java:logGet(46)) - raft.server.threadpool.proxy.size = 0 (default)
2024-10-31 03:23:34,630 INFO  server.RaftServerConfigKeys (ConfUtils.java:logGet(46)) - raft.server.retrycache.statistics.expirytime = 100ms (default)
2024-10-31 03:23:34,630 INFO  server.RaftServerConfigKeys (ConfUtils.java:logGet(46)) - raft.server.notification.no-leader.timeout = 60s (default)
2024-10-31 03:23:34,631 INFO  server.RaftServerConfigKeys (ConfUtils.java:logGet(46)) - raft.server.read.timeout = 10s (default)
2024-10-31 03:23:34,632 INFO  server.RaftServerConfigKeys (ConfUtils.java:logGet(46)) - raft.server.retrycache.expirytime = 60s (default)
2024-10-31 03:23:34,632 INFO  server.RaftServerConfigKeys (ConfUtils.java:logGet(46)) - raft.server.retrycache.statistics.expirytime = 100ms (default)
2024-10-31 03:23:34,632 INFO  server.RaftServerConfigKeys (ConfUtils.java:logGet(46)) - raft.server.read.option = DEFAULT (default)
2024-10-31 03:23:34,632 INFO  server.RaftServerConfigKeys (ConfUtils.java:logGet(46)) - raft.server.read.read-after-write-consistent.write-index-cache.expiry-time = 60s (default)
2024-10-31 03:23:34,632 INFO  server.RaftServerConfigKeys (ConfUtils.java:logGet(46)) - raft.server.read.option = DEFAULT (default)
2024-10-31 03:23:34,633 INFO  server.RaftServerConfigKeys (ConfUtils.java:logGet(46)) - raft.server.read.read-after-write-consistent.write-index-cache.expiry-time = 60s (default)
2024-10-31 03:23:34,633 INFO  server.RaftServerConfigKeys (ConfUtils.java:logGet(46)) - raft.server.rpc.timeout.max = 600ms (custom)
2024-10-31 03:23:34,633 INFO  server.RaftServerConfigKeys (ConfUtils.java:logGet(46)) - raft.server.rpc.sleep.time = 25ms (default)
2024-10-31 03:23:34,633 INFO  server.RaftServerConfigKeys (ConfUtils.java:logGet(46)) - raft.server.rpc.slowness.timeout = 60s (default)
2024-10-31 03:23:34,633 INFO  server.RaftServerConfigKeys (ConfUtils.java:logGet(46)) - raft.server.leaderelection.leader.step-down.wait-time = 10s (default)
2024-10-31 03:23:34,633 INFO  server.RaftServerConfigKeys (ConfUtils.java:logGet(46)) - raft.server.leaderelection.member.majority-add = false (default)
2024-10-31 03:23:34,633 INFO  server.RaftServerConfigKeys (ConfUtils.java:logGet(46)) - raft.server.sleep.deviation.threshold = 300ms (default)
2024-10-31 03:23:34,634 INFO  server.RaftServer$Division (ServerState.java:<init>(114)) - s13@group-4EB49E3E6D70: ConfigurationManager, init=conf: {index: -1, cur=peers:[]|listeners:[], old=null}, confs=<EMPTY_MAP>
2024-10-31 03:23:34,634 INFO  server.RaftServerConfigKeys (ConfUtils.java:logGet(46)) - raft.server.notification.no-leader.timeout = 60s (default)
2024-10-31 03:23:34,634 INFO  server.RaftServerConfigKeys (ConfUtils.java:logGet(46)) - raft.server.read.timeout = 10s (default)
2024-10-31 03:23:34,634 INFO  server.RaftServerConfigKeys (ConfUtils.java:logGet(46)) - raft.server.retrycache.expirytime = 60s (default)
2024-10-31 03:23:34,634 INFO  server.RaftServerConfigKeys (ConfUtils.java:logGet(46)) - raft.server.retrycache.statistics.expirytime = 100ms (default)
2024-10-31 03:23:34,634 INFO  server.RaftServerConfigKeys (ConfUtils.java:logGet(46)) - raft.server.read.option = DEFAULT (default)
2024-10-31 03:23:34,634 INFO  server.RaftServerConfigKeys (ConfUtils.java:logGet(46)) - raft.server.read.read-after-write-consistent.write-index-cache.expiry-time = 60s (default)
2024-10-31 03:23:34,635 INFO  server.RaftServer (RaftServerProxy.java:addNew(101)) - s14: addNew group-4EB49E3E6D70:[] returns group-4EB49E3E6D70:java.util.concurrent.CompletableFuture@5cb5bb88[Not completed]
2024-10-31 03:23:34,636 INFO  impl.GroupManagementBaseTest (GroupManagementBaseTest.java:runMultiGroupTest(260)) - putNewServer: printing ALL groups
  s3:      NEW group-4EB49E3E6D70:java.util.concurrent.CompletableFuture@36fc05ff[Not completed]
  s4:      NEW group-4EB49E3E6D70:java.util.concurrent.CompletableFuture@4339e0de[Not completed]
  s5:      NEW group-4EB49E3E6D70:java.util.concurrent.CompletableFuture@2d9f64c9[Not completed]
  s6:      NEW group-4EB49E3E6D70:java.util.concurrent.CompletableFuture@715d6168[Not completed]
  s7:      NEW group-4EB49E3E6D70:java.util.concurrent.CompletableFuture@7397c6[Not completed]
  s8:      NEW group-4EB49E3E6D70:java.util.concurrent.CompletableFuture@c2e3264[Not completed]
  s9:      NEW group-4EB49E3E6D70:java.util.concurrent.CompletableFuture@1d540566[Not completed]
  s11:      NEW group-4EB49E3E6D70:java.util.concurrent.CompletableFuture@6bda1d19[Not completed]
  s10:      NEW group-4EB49E3E6D70:java.util.concurrent.CompletableFuture@77d680e6[Not completed]
  s13:      NEW group-4EB49E3E6D70:java.util.concurrent.CompletableFuture@f288c14[Not completed]
  s12:      NEW group-4EB49E3E6D70:java.util.concurrent.CompletableFuture@cbc8d0f[Not completed]
  s14:      NEW group-4EB49E3E6D70:java.util.concurrent.CompletableFuture@5cb5bb88[Not completed]
  s0:      NEW group-4EB49E3E6D70:java.util.concurrent.CompletableFuture@5eb2172[Not completed]
  s1:      NEW group-4EB49E3E6D70:java.util.concurrent.CompletableFuture@4e1459ea[Not completed]
  s2:      NEW group-4EB49E3E6D70:java.util.concurrent.CompletableFuture@2b59501e[Not completed]
2024-10-31 03:23:34,637 INFO  server.RaftServer$Division (RaftServerImpl.java:<init>(256)) - s14: new RaftServerImpl for group-4EB49E3E6D70:[] with ArithmeticStateMachine:uninitialized
2024-10-31 03:23:34,637 INFO  server.RaftServerConfigKeys (ConfUtils.java:logGet(46)) - raft.server.rpc.timeout.min = 300ms (custom)
2024-10-31 03:23:34,637 INFO  server.RaftServerConfigKeys (ConfUtils.java:logGet(46)) - raft.server.rpc.timeout.max = 600ms (custom)
2024-10-31 03:23:34,637 INFO  server.RaftServerConfigKeys (ConfUtils.java:logGet(46)) - raft.server.rpc.sleep.time = 25ms (default)
2024-10-31 03:23:34,637 INFO  server.RaftServerConfigKeys (ConfUtils.java:logGet(46)) - raft.server.rpc.slowness.timeout = 60s (default)
2024-10-31 03:23:34,637 INFO  server.RaftServerConfigKeys (ConfUtils.java:logGet(46)) - raft.server.leaderelection.leader.step-down.wait-time = 10s (default)
2024-10-31 03:23:34,638 INFO  server.RaftServerConfigKeys (ConfUtils.java:logGet(46)) - raft.server.leaderelection.member.majority-add = false (default)
2024-10-31 03:23:34,638 INFO  server.RaftServerConfigKeys (ConfUtils.java:logGet(46)) - raft.server.sleep.deviation.threshold = 300ms (default)
2024-10-31 03:23:34,638 INFO  server.RaftServer$Division (ServerState.java:<init>(114)) - s14@group-4EB49E3E6D70: ConfigurationManager, init=conf: {index: -1, cur=peers:[]|listeners:[], old=null}, confs=<EMPTY_MAP>
2024-10-31 03:23:34,638 INFO  server.RaftServerConfigKeys (ConfUtils.java:logGet(46)) - raft.server.notification.no-leader.timeout = 60s (default)
2024-10-31 03:23:34,638 INFO  server.RaftServerConfigKeys (ConfUtils.java:logGet(46)) - raft.server.read.timeout = 10s (default)
2024-10-31 03:23:34,638 INFO  server.RaftServerConfigKeys (ConfUtils.java:logGet(46)) - raft.server.retrycache.expirytime = 60s (default)
2024-10-31 03:23:34,638 INFO  server.RaftServerConfigKeys (ConfUtils.java:logGet(46)) - raft.server.retrycache.statistics.expirytime = 100ms (default)
2024-10-31 03:23:34,639 INFO  server.RaftServerConfigKeys (ConfUtils.java:logGet(46)) - raft.server.read.option = DEFAULT (default)
2024-10-31 03:23:34,639 INFO  server.RaftServerConfigKeys (ConfUtils.java:logGet(46)) - raft.server.read.read-after-write-consistent.write-index-cache.expiry-time = 60s (default)
2024-10-31 03:23:34,707 INFO  server.RaftServerConfigKeys (ConfUtils.java:logGet(46)) - raft.server.rpc.request.timeout = 3000ms (default)
2024-10-31 03:23:34,707 INFO  server.RaftServerConfigKeys (ConfUtils.java:logGet(46)) - raft.server.rpc.request.timeout = 3000ms (default)
2024-10-31 03:23:34,707 INFO  server.RaftServerConfigKeys (ConfUtils.java:logGet(46)) - raft.server.rpc.request.timeout = 3000ms (default)
2024-10-31 03:23:34,709 INFO  server.RaftServerConfigKeys (ConfUtils.java:logGet(46)) - raft.server.rpc.request.timeout = 3000ms (default)
2024-10-31 03:23:34,710 INFO  server.RaftServerConfigKeys (ConfUtils.java:logGet(46)) - raft.server.rpc.request.timeout = 3000ms (default)
2024-10-31 03:23:34,710 INFO  server.RaftServerConfigKeys (ConfUtils.java:logGet(46)) - raft.server.rpc.request.timeout = 3000ms (default)
2024-10-31 03:23:34,710 INFO  server.RaftServerConfigKeys (ConfUtils.java:logGet(46)) - raft.server.rpc.request.timeout = 3000ms (default)
2024-10-31 03:23:34,710 INFO  server.RaftServerConfigKeys (ConfUtils.java:logGet(46)) - raft.server.rpc.request.timeout = 3000ms (default)
2024-10-31 03:23:34,711 INFO  server.RaftServerConfigKeys (ConfUtils.java:logGet(46)) - raft.server.rpc.request.timeout = 3000ms (default)
2024-10-31 03:23:34,711 INFO  server.RaftServerConfigKeys (ConfUtils.java:logGet(46)) - raft.server.rpc.request.timeout = 3000ms (default)
2024-10-31 03:23:34,711 INFO  server.RaftServerConfigKeys (ConfUtils.java:logGet(46)) - raft.server.rpc.request.timeout = 3000ms (default)
2024-10-31 03:23:34,713 INFO  server.RaftServerConfigKeys (ConfUtils.java:logGet(46)) - raft.server.log.appender.install.snapshot.enabled = true (default)
2024-10-31 03:23:34,713 INFO  server.RaftServerConfigKeys (ConfUtils.java:logGet(46)) - raft.server.log.appender.install.snapshot.enabled = true (default)
2024-10-31 03:23:34,713 INFO  server.RaftServerConfigKeys (ConfUtils.java:logGet(46)) - raft.server.threadpool.server.cached = true (default)
2024-10-31 03:23:34,713 INFO  server.RaftServerConfigKeys (ConfUtils.java:logGet(46)) - raft.server.threadpool.server.cached = true (default)
2024-10-31 03:23:34,714 INFO  server.RaftServerConfigKeys (ConfUtils.java:logGet(46)) - raft.server.threadpool.server.size = 0 (default)
2024-10-31 03:23:34,714 INFO  server.RaftServerConfigKeys (ConfUtils.java:logGet(46)) - raft.server.threadpool.server.size = 0 (default)
2024-10-31 03:23:34,714 INFO  server.RaftServerConfigKeys (ConfUtils.java:logGet(46)) - raft.server.threadpool.client.cached = true (default)
2024-10-31 03:23:34,714 INFO  server.RaftServerConfigKeys (ConfUtils.java:logGet(46)) - raft.server.threadpool.client.cached = true (default)
2024-10-31 03:23:34,714 INFO  server.RaftServerConfigKeys (ConfUtils.java:logGet(46)) - raft.server.threadpool.client.size = 0 (default)
2024-10-31 03:23:34,714 INFO  server.RaftServerConfigKeys (ConfUtils.java:logGet(46)) - raft.server.threadpool.client.size = 0 (default)
2024-10-31 03:23:34,713 INFO  server.RaftServerConfigKeys (ConfUtils.java:logGet(46)) - raft.server.log.appender.install.snapshot.enabled = true (default)
2024-10-31 03:23:34,715 INFO  server.RaftServerConfigKeys (ConfUtils.java:logGet(46)) - raft.server.threadpool.server.cached = true (default)
2024-10-31 03:23:34,715 INFO  server.RaftServerConfigKeys (ConfUtils.java:logGet(46)) - raft.server.threadpool.server.size = 0 (default)
2024-10-31 03:23:34,715 INFO  server.RaftServerConfigKeys (ConfUtils.java:logGet(46)) - raft.server.threadpool.client.cached = true (default)
2024-10-31 03:23:34,715 INFO  server.RaftServerConfigKeys (ConfUtils.java:logGet(46)) - raft.server.threadpool.client.size = 0 (default)
2024-10-31 03:23:34,715 INFO  server.RaftServerConfigKeys (ConfUtils.java:logGet(46)) - raft.server.log.appender.install.snapshot.enabled = true (default)
2024-10-31 03:23:34,715 INFO  server.RaftServerConfigKeys (ConfUtils.java:logGet(46)) - raft.server.threadpool.server.cached = true (default)
2024-10-31 03:23:34,716 INFO  server.RaftServerConfigKeys (ConfUtils.java:logGet(46)) - raft.server.threadpool.server.size = 0 (default)
2024-10-31 03:23:34,716 INFO  server.RaftServerConfigKeys (ConfUtils.java:logGet(46)) - raft.server.threadpool.client.cached = true (default)
2024-10-31 03:23:34,716 INFO  server.RaftServerConfigKeys (ConfUtils.java:logGet(46)) - raft.server.threadpool.client.size = 0 (default)
2024-10-31 03:23:34,716 INFO  server.RaftServerConfigKeys (ConfUtils.java:logGet(46)) - raft.server.log.appender.install.snapshot.enabled = true (default)
2024-10-31 03:23:34,716 INFO  server.RaftServerConfigKeys (ConfUtils.java:logGet(46)) - raft.server.threadpool.server.cached = true (default)
2024-10-31 03:23:34,716 INFO  server.RaftServerConfigKeys (ConfUtils.java:logGet(46)) - raft.server.threadpool.server.size = 0 (default)
2024-10-31 03:23:34,717 INFO  server.RaftServerConfigKeys (ConfUtils.java:logGet(46)) - raft.server.threadpool.client.cached = true (default)
2024-10-31 03:23:34,717 INFO  server.RaftServerConfigKeys (ConfUtils.java:logGet(46)) - raft.server.threadpool.client.size = 0 (default)
2024-10-31 03:23:34,717 INFO  server.RaftServerConfigKeys (ConfUtils.java:logGet(46)) - raft.server.log.appender.install.snapshot.enabled = true (default)
2024-10-31 03:23:34,717 INFO  server.RaftServerConfigKeys (ConfUtils.java:logGet(46)) - raft.server.log.appender.install.snapshot.enabled = true (default)
2024-10-31 03:23:34,717 INFO  server.RaftServerConfigKeys (ConfUtils.java:logGet(46)) - raft.server.log.appender.install.snapshot.enabled = true (default)
2024-10-31 03:23:34,717 INFO  server.RaftServerConfigKeys (ConfUtils.java:logGet(46)) - raft.server.threadpool.server.cached = true (default)
2024-10-31 03:23:34,717 INFO  server.RaftServerConfigKeys (ConfUtils.java:logGet(46)) - raft.server.threadpool.server.size = 0 (default)
2024-10-31 03:23:34,718 INFO  server.RaftServerConfigKeys (ConfUtils.java:logGet(46)) - raft.server.threadpool.client.cached = true (default)
2024-10-31 03:23:34,718 INFO  server.RaftServerConfigKeys (ConfUtils.java:logGet(46)) - raft.server.threadpool.client.size = 0 (default)
2024-10-31 03:23:34,717 INFO  server.RaftServerConfigKeys (ConfUtils.java:logGet(46)) - raft.server.log.appender.install.snapshot.enabled = true (default)
2024-10-31 03:23:34,718 INFO  server.RaftServerConfigKeys (ConfUtils.java:logGet(46)) - raft.server.threadpool.server.cached = true (default)
2024-10-31 03:23:34,718 INFO  server.RaftServerConfigKeys (ConfUtils.java:logGet(46)) - raft.server.threadpool.server.size = 0 (default)
2024-10-31 03:23:34,718 INFO  server.RaftServerConfigKeys (ConfUtils.java:logGet(46)) - raft.server.threadpool.client.cached = true (default)
2024-10-31 03:23:34,718 INFO  server.RaftServerConfigKeys (ConfUtils.java:logGet(46)) - raft.server.threadpool.client.size = 0 (default)
2024-10-31 03:23:34,717 INFO  server.RaftServerConfigKeys (ConfUtils.java:logGet(46)) - raft.server.log.appender.install.snapshot.enabled = true (default)
2024-10-31 03:23:34,718 INFO  server.RaftServerConfigKeys (ConfUtils.java:logGet(46)) - raft.server.threadpool.server.cached = true (default)
2024-10-31 03:23:34,718 INFO  server.RaftServerConfigKeys (ConfUtils.java:logGet(46)) - raft.server.threadpool.server.size = 0 (default)
2024-10-31 03:23:34,718 INFO  server.RaftServerConfigKeys (ConfUtils.java:logGet(46)) - raft.server.threadpool.client.cached = true (default)
2024-10-31 03:23:34,719 INFO  server.RaftServerConfigKeys (ConfUtils.java:logGet(46)) - raft.server.threadpool.client.size = 0 (default)
2024-10-31 03:23:34,717 INFO  server.RaftServerConfigKeys (ConfUtils.java:logGet(46)) - raft.server.log.appender.install.snapshot.enabled = true (default)
2024-10-31 03:23:34,717 INFO  server.RaftServerConfigKeys (ConfUtils.java:logGet(46)) - raft.server.threadpool.server.cached = true (default)
2024-10-31 03:23:34,717 INFO  server.RaftServerConfigKeys (ConfUtils.java:logGet(46)) - raft.server.threadpool.server.cached = true (default)
2024-10-31 03:23:34,719 INFO  server.RaftServerConfigKeys (ConfUtils.java:logGet(46)) - raft.server.threadpool.server.size = 0 (default)
2024-10-31 03:23:34,719 INFO  server.RaftServerConfigKeys (ConfUtils.java:logGet(46)) - raft.server.threadpool.client.cached = true (default)
2024-10-31 03:23:34,719 INFO  server.RaftServerConfigKeys (ConfUtils.java:logGet(46)) - raft.server.threadpool.client.size = 0 (default)
2024-10-31 03:23:34,719 INFO  server.RaftServerConfigKeys (ConfUtils.java:logGet(46)) - raft.server.rpc.request.timeout = 3000ms (default)
2024-10-31 03:23:34,719 INFO  server.RaftServerConfigKeys (ConfUtils.java:logGet(46)) - raft.server.threadpool.server.cached = true (default)
2024-10-31 03:23:34,720 INFO  server.RaftServerConfigKeys (ConfUtils.java:logGet(46)) - raft.server.threadpool.server.size = 0 (default)
2024-10-31 03:23:34,720 INFO  server.RaftServerConfigKeys (ConfUtils.java:logGet(46)) - raft.server.threadpool.client.cached = true (default)
2024-10-31 03:23:34,720 INFO  server.RaftServerConfigKeys (ConfUtils.java:logGet(46)) - raft.server.threadpool.client.size = 0 (default)
2024-10-31 03:23:34,720 INFO  server.RaftServerConfigKeys (ConfUtils.java:logGet(46)) - raft.server.log.appender.install.snapshot.enabled = true (default)
2024-10-31 03:23:34,720 INFO  server.RaftServerConfigKeys (ConfUtils.java:logGet(46)) - raft.server.threadpool.server.size = 0 (default)
2024-10-31 03:23:34,720 INFO  server.RaftServerConfigKeys (ConfUtils.java:logGet(46)) - raft.server.threadpool.server.cached = true (default)
2024-10-31 03:23:34,720 INFO  server.RaftServerConfigKeys (ConfUtils.java:logGet(46)) - raft.server.rpc.request.timeout = 3000ms (default)
2024-10-31 03:23:34,720 INFO  server.RaftServerConfigKeys (ConfUtils.java:logGet(46)) - raft.server.threadpool.server.size = 0 (default)
2024-10-31 03:23:34,721 INFO  server.RaftServerConfigKeys (ConfUtils.java:logGet(46)) - raft.server.threadpool.client.cached = true (default)
2024-10-31 03:23:34,721 INFO  server.RaftServerConfigKeys (ConfUtils.java:logGet(46)) - raft.server.rpc.request.timeout = 3000ms (default)
2024-10-31 03:23:34,721 INFO  server.RaftServerConfigKeys (ConfUtils.java:logGet(46)) - raft.server.log.appender.install.snapshot.enabled = true (default)
2024-10-31 03:23:34,721 INFO  server.RaftServerConfigKeys (ConfUtils.java:logGet(46)) - raft.server.threadpool.server.cached = true (default)
2024-10-31 03:23:34,721 INFO  server.RaftServerConfigKeys (ConfUtils.java:logGet(46)) - raft.server.threadpool.server.size = 0 (default)
2024-10-31 03:23:34,721 INFO  server.RaftServerConfigKeys (ConfUtils.java:logGet(46)) - raft.server.threadpool.client.cached = true (default)
2024-10-31 03:23:34,721 INFO  server.RaftServerConfigKeys (ConfUtils.java:logGet(46)) - raft.server.threadpool.client.size = 0 (default)
2024-10-31 03:23:34,720 INFO  server.RaftServerConfigKeys (ConfUtils.java:logGet(46)) - raft.server.log.appender.install.snapshot.enabled = true (default)
2024-10-31 03:23:34,721 INFO  server.RaftServerConfigKeys (ConfUtils.java:logGet(46)) - raft.server.threadpool.client.cached = true (default)
2024-10-31 03:23:34,721 INFO  server.RaftServerConfigKeys (ConfUtils.java:logGet(46)) - raft.server.threadpool.client.size = 0 (default)
2024-10-31 03:23:34,722 INFO  server.RaftServerConfigKeys (ConfUtils.java:logGet(46)) - raft.server.threadpool.client.size = 0 (default)
2024-10-31 03:23:34,721 INFO  server.RaftServerConfigKeys (ConfUtils.java:logGet(46)) - raft.server.rpc.request.timeout = 3000ms (default)
2024-10-31 03:23:34,722 INFO  server.RaftServerConfigKeys (ConfUtils.java:logGet(46)) - raft.server.log.appender.install.snapshot.enabled = true (default)
2024-10-31 03:23:34,722 INFO  server.RaftServerConfigKeys (ConfUtils.java:logGet(46)) - raft.server.threadpool.server.cached = true (default)
2024-10-31 03:23:34,722 INFO  server.RaftServerConfigKeys (ConfUtils.java:logGet(46)) - raft.server.threadpool.server.size = 0 (default)
2024-10-31 03:23:34,723 INFO  server.RaftServerConfigKeys (ConfUtils.java:logGet(46)) - raft.server.threadpool.client.cached = true (default)
2024-10-31 03:23:34,723 INFO  server.RaftServerConfigKeys (ConfUtils.java:logGet(46)) - raft.server.threadpool.client.size = 0 (default)
2024-10-31 03:23:34,722 INFO  server.RaftServerConfigKeys (ConfUtils.java:logGet(46)) - raft.server.threadpool.server.cached = true (default)
2024-10-31 03:23:34,723 INFO  server.RaftServerConfigKeys (ConfUtils.java:logGet(46)) - raft.server.threadpool.server.size = 0 (default)
2024-10-31 03:23:34,723 INFO  server.RaftServerConfigKeys (ConfUtils.java:logGet(46)) - raft.server.threadpool.client.cached = true (default)
2024-10-31 03:23:34,723 INFO  server.RaftServerConfigKeys (ConfUtils.java:logGet(46)) - raft.server.threadpool.client.size = 0 (default)
2024-10-31 03:23:35,637 INFO  impl.MiniRaftCluster (MiniRaftCluster.java:start(352)) - .............................................................. 
2024-10-31 03:23:35,637 INFO  impl.MiniRaftCluster (MiniRaftCluster.java:start(353)) - ... 
2024-10-31 03:23:35,637 INFO  impl.MiniRaftCluster (MiniRaftCluster.java:start(354)) - ...     Starting MiniRaftClusterWithSimulatedRpc
2024-10-31 03:23:35,637 INFO  impl.MiniRaftCluster (MiniRaftCluster.java:start(355)) - ... 
2024-10-31 03:23:35,638 INFO  impl.MiniRaftCluster (MiniRaftCluster.java:start(356)) - .............................................................. 
2024-10-31 03:23:35,639 INFO  impl.MiniRaftCluster (MiniRaftCluster.java:initServers(331)) - servers = {s3=s3:      NEW      null s3@group-4EB49E3E6D70:t0, leader=null, voted=null, raftlog=UNINITIALIZED, conf=conf: {index: -1, cur=peers:[]|listeners:[], old=null} NEW, s4=s4:      NEW      null s4@group-4EB49E3E6D70:t0, leader=null, voted=null, raftlog=UNINITIALIZED, conf=conf: {index: -1, cur=peers:[]|listeners:[], old=null} NEW, s5=s5:      NEW      null s5@group-4EB49E3E6D70:t0, leader=null, voted=null, raftlog=UNINITIALIZED, conf=conf: {index: -1, cur=peers:[]|listeners:[], old=null} NEW, s6=s6:      NEW      null s6@group-4EB49E3E6D70:t0, leader=null, voted=null, raftlog=UNINITIALIZED, conf=conf: {index: -1, cur=peers:[]|listeners:[], old=null} NEW, s7=s7:      NEW      null s7@group-4EB49E3E6D70:t0, leader=null, voted=null, raftlog=UNINITIALIZED, conf=conf: {index: -1, cur=peers:[]|listeners:[], old=null} NEW, s8=s8:      NEW      null s8@group-4EB49E3E6D70:t0, leader=null, voted=null, raftlog=UNINITIALIZED, conf=conf: {index: -1, cur=peers:[]|listeners:[], old=null} NEW, s9=s9:      NEW      null s9@group-4EB49E3E6D70:t0, leader=null, voted=null, raftlog=UNINITIALIZED, conf=conf: {index: -1, cur=peers:[]|listeners:[], old=null} NEW, s11=s11:      NEW      null s11@group-4EB49E3E6D70:t0, leader=null, voted=null, raftlog=UNINITIALIZED, conf=conf: {index: -1, cur=peers:[]|listeners:[], old=null} NEW, s10=s10:      NEW      null s10@group-4EB49E3E6D70:t0, leader=null, voted=null, raftlog=UNINITIALIZED, conf=conf: {index: -1, cur=peers:[]|listeners:[], old=null} NEW, s13=s13:      NEW      null s13@group-4EB49E3E6D70:t0, leader=null, voted=null, raftlog=UNINITIALIZED, conf=conf: {index: -1, cur=peers:[]|listeners:[], old=null} NEW, s12=s12:      NEW      null s12@group-4EB49E3E6D70:t0, leader=null, voted=null, raftlog=UNINITIALIZED, conf=conf: {index: -1, cur=peers:[]|listeners:[], old=null} NEW, s14=s14:      NEW      null s14@group-4EB49E3E6D70:t0, leader=null, voted=null, raftlog=UNINITIALIZED, conf=conf: {index: -1, cur=peers:[]|listeners:[], old=null} NEW, s0=s0:      NEW      null s0@group-4EB49E3E6D70:t0, leader=null, voted=null, raftlog=UNINITIALIZED, conf=conf: {index: -1, cur=peers:[]|listeners:[], old=null} NEW, s1=s1:      NEW      null s1@group-4EB49E3E6D70:t0, leader=null, voted=null, raftlog=UNINITIALIZED, conf=conf: {index: -1, cur=peers:[]|listeners:[], old=null} NEW, s2=s2:      NEW      null s2@group-4EB49E3E6D70:t0, leader=null, voted=null, raftlog=UNINITIALIZED, conf=conf: {index: -1, cur=peers:[]|listeners:[], old=null} NEW}
2024-10-31 03:23:35,645 INFO  server.RaftServerConfigKeys (ConfUtils.java:logGet(46)) - raft.server.storage.free-space.min = 0MB (=0) (default)
2024-10-31 03:23:35,647 INFO  server.RaftServerConfigKeys (ConfUtils.java:logGet(46)) - raft.server.log.corruption.policy = EXCEPTION (default)
2024-10-31 03:23:35,647 INFO  server.RaftServerConfigKeys (ConfUtils.java:logGet(46)) - raft.server.storage.dir = [/home/runner/work/ratis/ratis/ratis-examples/target/test/data/f203f927/MiniRaftClusterWithSimulatedRpca2d4e021/s3] (custom)
2024-10-31 03:23:35,652 INFO  storage.RaftStorageDirectory (RaftStorageDirectoryImpl.java:analyzeStorage(138)) - The storage directory /home/runner/work/ratis/ratis/ratis-examples/target/test/data/f203f927/MiniRaftClusterWithSimulatedRpca2d4e021/s3/4db53919-561a-4c5c-bf25-4eb49e3e6d70 does not exist. Creating ...
2024-10-31 03:23:35,654 TRACE util.FileUtils (LogUtils.java:runAndLog(49)) - Successfully ran Files.createDirectories /home/runner/work/ratis/ratis/ratis-examples/target/test/data/f203f927/MiniRaftClusterWithSimulatedRpca2d4e021/s3/4db53919-561a-4c5c-bf25-4eb49e3e6d70
2024-10-31 03:23:35,656 INFO  storage.RaftStorageDirectory (RaftStorageDirectoryImpl.java:tryLock(229)) - Lock on /home/runner/work/ratis/ratis/ratis-examples/target/test/data/f203f927/MiniRaftClusterWithSimulatedRpca2d4e021/s3/4db53919-561a-4c5c-bf25-4eb49e3e6d70/in_use.lock acquired by nodename 14975@fv-az1757-779
2024-10-31 03:23:35,657 TRACE util.FileUtils (LogUtils.java:runAndLog(49)) - Successfully ran Files.createDirectories /home/runner/work/ratis/ratis/ratis-examples/target/test/data/f203f927/MiniRaftClusterWithSimulatedRpca2d4e021/s3/4db53919-561a-4c5c-bf25-4eb49e3e6d70/current
2024-10-31 03:23:35,657 TRACE util.FileUtils (LogUtils.java:runAndLog(49)) - Successfully ran Files.createDirectories /home/runner/work/ratis/ratis/ratis-examples/target/test/data/f203f927/MiniRaftClusterWithSimulatedRpca2d4e021/s3/4db53919-561a-4c5c-bf25-4eb49e3e6d70/sm
2024-10-31 03:23:35,710 TRACE util.FileUtils (LogUtils.java:supplyAndLog(69)) - Successfully supplied FileChannel.open /home/runner/work/ratis/ratis/ratis-examples/target/test/data/f203f927/MiniRaftClusterWithSimulatedRpca2d4e021/s3/4db53919-561a-4c5c-bf25-4eb49e3e6d70/current/raft-meta.tmp with options [CREATE, WRITE]: sun.nio.ch.FileChannelImpl@46c5f793
2024-10-31 03:23:35,716 TRACE util.FileUtils (LogUtils.java:runAndLog(49)) - Successfully ran Atomic Files.move /home/runner/work/ratis/ratis/ratis-examples/target/test/data/f203f927/MiniRaftClusterWithSimulatedRpca2d4e021/s3/4db53919-561a-4c5c-bf25-4eb49e3e6d70/current/raft-meta.tmp to /home/runner/work/ratis/ratis/ratis-examples/target/test/data/f203f927/MiniRaftClusterWithSimulatedRpca2d4e021/s3/4db53919-561a-4c5c-bf25-4eb49e3e6d70/current/raft-meta with options [REPLACE_EXISTING]
2024-10-31 03:23:35,716 INFO  storage.RaftStorage (RaftStorageImpl.java:format(98)) - Storage directory /home/runner/work/ratis/ratis/ratis-examples/target/test/data/f203f927/MiniRaftClusterWithSimulatedRpca2d4e021/s3/4db53919-561a-4c5c-bf25-4eb49e3e6d70 has been successfully formatted.
2024-10-31 03:23:35,719 WARN  statemachine.StateMachine (ArithmeticStateMachine.java:loadSnapshot(115)) - The snapshot info is null.
2024-10-31 03:23:35,721 INFO  server.RaftServerConfigKeys (ConfUtils.java:logGet(46)) - raft.server.log.use.memory = false (default)
2024-10-31 03:23:35,734 INFO  server.RaftServerConfigKeys (ConfUtils.java:logGet(46)) - raft.server.log.purge.gap = 1024 (default)
2024-10-31 03:23:35,734 INFO  server.RaftServerConfigKeys (ConfUtils.java:logGet(46)) - raft.server.log.appender.buffer.byte-limit = 4MB (=4194304) (default)
2024-10-31 03:23:35,736 INFO  server.RaftServerConfigKeys (ConfUtils.java:logGet(46)) - raft.server.log.statemachine.data.read.timeout = 1000ms (default)
2024-10-31 03:23:35,737 INFO  server.RaftServerConfigKeys (ConfUtils.java:logGet(46)) - raft.server.log.purge.preservation.log.num = 0 (default)
2024-10-31 03:23:35,740 INFO  server.RaftServerConfigKeys (ConfUtils.java:logGet(46)) - raft.server.log.segment.size.max = 32MB (=33554432) (default)
2024-10-31 03:23:35,752 INFO  server.RaftServerConfigKeys (ConfUtils.java:logGet(46)) - raft.server.log.segment.cache.num.max = 6 (default)
2024-10-31 03:23:35,753 INFO  server.RaftServerConfigKeys (ConfUtils.java:logGet(46)) - raft.server.log.segment.cache.size.max = 200MB (=209715200) (default)
2024-10-31 03:23:35,753 INFO  server.RaftServerConfigKeys (ConfUtils.java:logGet(46)) - raft.server.log.appender.buffer.byte-limit = 4MB (=4194304) (default)
2024-10-31 03:23:35,755 INFO  util.AwaitToRun (AwaitToRun.java:start(81)) - Thread[s3@group-4EB49E3E6D70-cacheEviction-AwaitToRun,5,main] started
2024-10-31 03:23:35,763 INFO  segmented.SegmentedRaftLogWorker (SegmentedRaftLogWorker.java:<init>(189)) - new s3@group-4EB49E3E6D70-SegmentedRaftLogWorker for RaftStorageImpl:Storage Directory /home/runner/work/ratis/ratis/ratis-examples/target/test/data/f203f927/MiniRaftClusterWithSimulatedRpca2d4e021/s3/4db53919-561a-4c5c-bf25-4eb49e3e6d70
2024-10-31 03:23:35,765 INFO  server.RaftServerConfigKeys (ConfUtils.java:logGet(46)) - raft.server.log.queue.byte-limit = 64MB (=67108864) (default)
2024-10-31 03:23:35,765 INFO  server.RaftServerConfigKeys (ConfUtils.java:logGet(46)) - raft.server.log.queue.element-limit = 4096 (default)
2024-10-31 03:23:35,768 INFO  server.RaftServerConfigKeys (ConfUtils.java:logGet(46)) - raft.server.log.segment.size.max = 32MB (=33554432) (default)
2024-10-31 03:23:35,768 INFO  server.RaftServerConfigKeys (ConfUtils.java:logGet(46)) - raft.server.log.preallocated.size = 4MB (=4194304) (default)
2024-10-31 03:23:35,770 INFO  server.RaftServerConfigKeys (ConfUtils.java:logGet(46)) - raft.server.log.force.sync.num = 128 (default)
2024-10-31 03:23:35,770 INFO  server.RaftServerConfigKeys (ConfUtils.java:logGet(46)) - raft.server.log.statemachine.data.sync = true (default)
2024-10-31 03:23:35,771 INFO  server.RaftServerConfigKeys (ConfUtils.java:logGet(46)) - raft.server.log.statemachine.data.sync.timeout = 10s (default)
2024-10-31 03:23:35,771 INFO  server.RaftServerConfigKeys (ConfUtils.java:logGet(46)) - raft.server.log.statemachine.data.sync.timeout.retry = -1 (default)
2024-10-31 03:23:35,774 INFO  server.RaftServerConfigKeys (ConfUtils.java:logGet(46)) - raft.server.log.write.buffer.size = 8MB (=8388608) (default)
2024-10-31 03:23:35,776 INFO  server.RaftServerConfigKeys (ConfUtils.java:logGet(46)) - raft.server.log.appender.buffer.byte-limit = 4MB (=4194304) (default)
2024-10-31 03:23:35,776 INFO  server.RaftServerConfigKeys (ConfUtils.java:logGet(46)) - raft.server.log.unsafe-flush.enabled = false (default)
2024-10-31 03:23:35,777 INFO  server.RaftServerConfigKeys (ConfUtils.java:logGet(46)) - raft.server.log.async-flush.enabled = false (default)
2024-10-31 03:23:35,777 INFO  server.RaftServerConfigKeys (ConfUtils.java:logGet(46)) - raft.server.log.statemachine.data.caching.enabled = false (default)
2024-10-31 03:23:35,785 INFO  segmented.SegmentedRaftLogWorker (SegmentedRaftLogWorker.java:lambda$new$0(140)) - s3@group-4EB49E3E6D70-SegmentedRaftLogWorker: flushIndex: setUnconditionally 0 -> -1
2024-10-31 03:23:35,785 INFO  segmented.SegmentedRaftLogWorker (SegmentedRaftLogWorker.java:lambda$new$0(140)) - s3@group-4EB49E3E6D70-SegmentedRaftLogWorker: safeCacheEvictIndex: setUnconditionally 0 -> -1
2024-10-31 03:23:35,787 INFO  server.RaftServer$Division (RaftServerImpl.java:start(398)) - s3@group-4EB49E3E6D70: start with initializing state, conf=conf: {index: -1, cur=peers:[]|listeners:[], old=null}
2024-10-31 03:23:35,787 INFO  server.RaftServer$Division (RaftServerImpl.java:setRole(379)) - s3@group-4EB49E3E6D70: changes role from      null to FOLLOWER at term 0 for start
2024-10-31 03:23:35,788 INFO  util.JmxRegister (JmxRegister.java:tryRegister(44)) - Successfully registered JMX Bean with object name Ratis:service=RaftServer,group=group-4EB49E3E6D70,id=s3
2024-10-31 03:23:35,788 INFO  util.JmxRegister (JmxRegister.java:register(58)) - register mxBean class org.apache.ratis.server.impl.RaftServerJmxAdapter as Ratis:service=RaftServer,group=group-4EB49E3E6D70,id=s3
2024-10-31 03:23:35,790 INFO  server.RaftServerConfigKeys (ConfUtils.java:logGet(46)) - raft.server.snapshot.trigger-when-stop.enabled = true (default)
2024-10-31 03:23:35,790 INFO  server.RaftServerConfigKeys (ConfUtils.java:logGet(46)) - raft.server.snapshot.trigger-when-remove.enabled = true (default)
2024-10-31 03:23:35,791 INFO  server.RaftServerConfigKeys (ConfUtils.java:logGet(46)) - raft.server.snapshot.auto.trigger.enabled = false (default)
2024-10-31 03:23:35,791 INFO  server.RaftServerConfigKeys (ConfUtils.java:logGet(46)) - raft.server.snapshot.retention.file.num = -1 (default)
2024-10-31 03:23:35,791 INFO  server.RaftServerConfigKeys (ConfUtils.java:logGet(46)) - raft.server.log.purge.upto.snapshot.index = false (default)
2024-10-31 03:23:35,795 INFO  server.RaftServer$Division (RaftServerImpl.java:start(406)) - s3@group-4EB49E3E6D70: Successfully started.
2024-10-31 03:23:35,795 INFO  server.RaftServer (RaftServerProxy.java:startImpl(408)) - s3: start RPC server
2024-10-31 03:23:35,798 INFO  server.RaftServerConfigKeys (ConfUtils.java:logGet(46)) - raft.server.storage.free-space.min = 0MB (=0) (default)
2024-10-31 03:23:35,799 INFO  util.JvmPauseMonitor (JvmPauseMonitor.java:run(146)) - JvmPauseMonitor-s3: Started
2024-10-31 03:23:35,799 INFO  server.RaftServerConfigKeys (ConfUtils.java:logGet(46)) - raft.server.log.corruption.policy = EXCEPTION (default)
2024-10-31 03:23:35,799 INFO  server.RaftServerConfigKeys (ConfUtils.java:logGet(46)) - raft.server.storage.dir = [/home/runner/work/ratis/ratis/ratis-examples/target/test/data/f203f927/MiniRaftClusterWithSimulatedRpca2d4e021/s4] (custom)
2024-10-31 03:23:35,799 INFO  storage.RaftStorageDirectory (RaftStorageDirectoryImpl.java:analyzeStorage(138)) - The storage directory /home/runner/work/ratis/ratis/ratis-examples/target/test/data/f203f927/MiniRaftClusterWithSimulatedRpca2d4e021/s4/4db53919-561a-4c5c-bf25-4eb49e3e6d70 does not exist. Creating ...
2024-10-31 03:23:35,800 TRACE util.FileUtils (LogUtils.java:runAndLog(49)) - Successfully ran Files.createDirectories /home/runner/work/ratis/ratis/ratis-examples/target/test/data/f203f927/MiniRaftClusterWithSimulatedRpca2d4e021/s4/4db53919-561a-4c5c-bf25-4eb49e3e6d70
2024-10-31 03:23:35,801 INFO  storage.RaftStorageDirectory (RaftStorageDirectoryImpl.java:tryLock(229)) - Lock on /home/runner/work/ratis/ratis/ratis-examples/target/test/data/f203f927/MiniRaftClusterWithSimulatedRpca2d4e021/s4/4db53919-561a-4c5c-bf25-4eb49e3e6d70/in_use.lock acquired by nodename 14975@fv-az1757-779
2024-10-31 03:23:35,802 TRACE util.FileUtils (LogUtils.java:runAndLog(49)) - Successfully ran Files.createDirectories /home/runner/work/ratis/ratis/ratis-examples/target/test/data/f203f927/MiniRaftClusterWithSimulatedRpca2d4e021/s4/4db53919-561a-4c5c-bf25-4eb49e3e6d70/current
2024-10-31 03:23:35,802 TRACE util.FileUtils (LogUtils.java:runAndLog(49)) - Successfully ran Files.createDirectories /home/runner/work/ratis/ratis/ratis-examples/target/test/data/f203f927/MiniRaftClusterWithSimulatedRpca2d4e021/s4/4db53919-561a-4c5c-bf25-4eb49e3e6d70/sm
2024-10-31 03:23:35,802 TRACE util.FileUtils (LogUtils.java:supplyAndLog(69)) - Successfully supplied FileChannel.open /home/runner/work/ratis/ratis/ratis-examples/target/test/data/f203f927/MiniRaftClusterWithSimulatedRpca2d4e021/s4/4db53919-561a-4c5c-bf25-4eb49e3e6d70/current/raft-meta.tmp with options [CREATE, WRITE]: sun.nio.ch.FileChannelImpl@7132fbde
2024-10-31 03:23:35,805 TRACE util.FileUtils (LogUtils.java:runAndLog(49)) - Successfully ran Atomic Files.move /home/runner/work/ratis/ratis/ratis-examples/target/test/data/f203f927/MiniRaftClusterWithSimulatedRpca2d4e021/s4/4db53919-561a-4c5c-bf25-4eb49e3e6d70/current/raft-meta.tmp to /home/runner/work/ratis/ratis/ratis-examples/target/test/data/f203f927/MiniRaftClusterWithSimulatedRpca2d4e021/s4/4db53919-561a-4c5c-bf25-4eb49e3e6d70/current/raft-meta with options [REPLACE_EXISTING]
2024-10-31 03:23:35,805 INFO  storage.RaftStorage (RaftStorageImpl.java:format(98)) - Storage directory /home/runner/work/ratis/ratis/ratis-examples/target/test/data/f203f927/MiniRaftClusterWithSimulatedRpca2d4e021/s4/4db53919-561a-4c5c-bf25-4eb49e3e6d70 has been successfully formatted.
2024-10-31 03:23:35,805 WARN  statemachine.StateMachine (ArithmeticStateMachine.java:loadSnapshot(115)) - The snapshot info is null.
2024-10-31 03:23:35,805 INFO  server.RaftServerConfigKeys (ConfUtils.java:logGet(46)) - raft.server.log.use.memory = false (default)
2024-10-31 03:23:35,806 INFO  server.RaftServerConfigKeys (ConfUtils.java:logGet(46)) - raft.server.log.purge.gap = 1024 (default)
2024-10-31 03:23:35,806 INFO  server.RaftServerConfigKeys (ConfUtils.java:logGet(46)) - raft.server.log.appender.buffer.byte-limit = 4MB (=4194304) (default)
2024-10-31 03:23:35,806 INFO  server.RaftServerConfigKeys (ConfUtils.java:logGet(46)) - raft.server.log.statemachine.data.read.timeout = 1000ms (default)
2024-10-31 03:23:35,806 INFO  server.RaftServerConfigKeys (ConfUtils.java:logGet(46)) - raft.server.log.purge.preservation.log.num = 0 (default)
2024-10-31 03:23:35,807 INFO  server.RaftServerConfigKeys (ConfUtils.java:logGet(46)) - raft.server.log.segment.size.max = 32MB (=33554432) (default)
2024-10-31 03:23:35,807 INFO  server.RaftServerConfigKeys (ConfUtils.java:logGet(46)) - raft.server.log.segment.cache.num.max = 6 (default)
2024-10-31 03:23:35,808 INFO  server.RaftServerConfigKeys (ConfUtils.java:logGet(46)) - raft.server.log.segment.cache.size.max = 200MB (=209715200) (default)
2024-10-31 03:23:35,808 INFO  server.RaftServerConfigKeys (ConfUtils.java:logGet(46)) - raft.server.log.appender.buffer.byte-limit = 4MB (=4194304) (default)
2024-10-31 03:23:35,808 INFO  util.AwaitToRun (AwaitToRun.java:start(81)) - Thread[s4@group-4EB49E3E6D70-cacheEviction-AwaitToRun,5,main] started
2024-10-31 03:23:35,808 INFO  segmented.SegmentedRaftLogWorker (SegmentedRaftLogWorker.java:<init>(189)) - new s4@group-4EB49E3E6D70-SegmentedRaftLogWorker for RaftStorageImpl:Storage Directory /home/runner/work/ratis/ratis/ratis-examples/target/test/data/f203f927/MiniRaftClusterWithSimulatedRpca2d4e021/s4/4db53919-561a-4c5c-bf25-4eb49e3e6d70
2024-10-31 03:23:35,808 INFO  server.RaftServerConfigKeys (ConfUtils.java:logGet(46)) - raft.server.log.queue.byte-limit = 64MB (=67108864) (default)
2024-10-31 03:23:35,808 INFO  server.RaftServerConfigKeys (ConfUtils.java:logGet(46)) - raft.server.log.queue.element-limit = 4096 (default)
2024-10-31 03:23:35,809 INFO  server.RaftServerConfigKeys (ConfUtils.java:logGet(46)) - raft.server.log.segment.size.max = 32MB (=33554432) (default)
2024-10-31 03:23:35,809 INFO  server.RaftServerConfigKeys (ConfUtils.java:logGet(46)) - raft.server.log.preallocated.size = 4MB (=4194304) (default)
2024-10-31 03:23:35,809 INFO  server.RaftServerConfigKeys (ConfUtils.java:logGet(46)) - raft.server.log.force.sync.num = 128 (default)
2024-10-31 03:23:35,809 INFO  server.RaftServerConfigKeys (ConfUtils.java:logGet(46)) - raft.server.log.statemachine.data.sync = true (default)
2024-10-31 03:23:35,809 INFO  server.RaftServerConfigKeys (ConfUtils.java:logGet(46)) - raft.server.log.statemachine.data.sync.timeout = 10s (default)
2024-10-31 03:23:35,809 INFO  server.RaftServerConfigKeys (ConfUtils.java:logGet(46)) - raft.server.log.statemachine.data.sync.timeout.retry = -1 (default)
2024-10-31 03:23:35,810 INFO  server.RaftServerConfigKeys (ConfUtils.java:logGet(46)) - raft.server.log.write.buffer.size = 8MB (=8388608) (default)
2024-10-31 03:23:35,812 INFO  server.RaftServerConfigKeys (ConfUtils.java:logGet(46)) - raft.server.log.appender.buffer.byte-limit = 4MB (=4194304) (default)
2024-10-31 03:23:35,812 INFO  server.RaftServerConfigKeys (ConfUtils.java:logGet(46)) - raft.server.log.unsafe-flush.enabled = false (default)
2024-10-31 03:23:35,812 INFO  server.RaftServerConfigKeys (ConfUtils.java:logGet(46)) - raft.server.log.async-flush.enabled = false (default)
2024-10-31 03:23:35,812 INFO  server.RaftServerConfigKeys (ConfUtils.java:logGet(46)) - raft.server.log.statemachine.data.caching.enabled = false (default)
2024-10-31 03:23:35,813 INFO  segmented.SegmentedRaftLogWorker (SegmentedRaftLogWorker.java:lambda$new$0(140)) - s4@group-4EB49E3E6D70-SegmentedRaftLogWorker: flushIndex: setUnconditionally 0 -> -1
2024-10-31 03:23:35,813 INFO  segmented.SegmentedRaftLogWorker (SegmentedRaftLogWorker.java:lambda$new$0(140)) - s4@group-4EB49E3E6D70-SegmentedRaftLogWorker: safeCacheEvictIndex: setUnconditionally 0 -> -1
2024-10-31 03:23:35,813 INFO  server.RaftServer$Division (RaftServerImpl.java:start(398)) - s4@group-4EB49E3E6D70: start with initializing state, conf=conf: {index: -1, cur=peers:[]|listeners:[], old=null}
2024-10-31 03:23:35,813 INFO  server.RaftServer$Division (RaftServerImpl.java:setRole(379)) - s4@group-4EB49E3E6D70: changes role from      null to FOLLOWER at term 0 for start
2024-10-31 03:23:35,813 INFO  util.JmxRegister (JmxRegister.java:tryRegister(44)) - Successfully registered JMX Bean with object name Ratis:service=RaftServer,group=group-4EB49E3E6D70,id=s4
2024-10-31 03:23:35,813 INFO  util.JmxRegister (JmxRegister.java:register(58)) - register mxBean class org.apache.ratis.server.impl.RaftServerJmxAdapter as Ratis:service=RaftServer,group=group-4EB49E3E6D70,id=s4
2024-10-31 03:23:35,814 INFO  server.RaftServerConfigKeys (ConfUtils.java:logGet(46)) - raft.server.snapshot.trigger-when-stop.enabled = true (default)
2024-10-31 03:23:35,814 INFO  server.RaftServerConfigKeys (ConfUtils.java:logGet(46)) - raft.server.snapshot.trigger-when-remove.enabled = true (default)
2024-10-31 03:23:35,814 INFO  server.RaftServerConfigKeys (ConfUtils.java:logGet(46)) - raft.server.snapshot.auto.trigger.enabled = false (default)
2024-10-31 03:23:35,814 INFO  server.RaftServerConfigKeys (ConfUtils.java:logGet(46)) - raft.server.snapshot.retention.file.num = -1 (default)
2024-10-31 03:23:35,814 INFO  server.RaftServerConfigKeys (ConfUtils.java:logGet(46)) - raft.server.log.purge.upto.snapshot.index = false (default)
2024-10-31 03:23:35,815 INFO  server.RaftServer$Division (RaftServerImpl.java:start(406)) - s4@group-4EB49E3E6D70: Successfully started.
2024-10-31 03:23:35,815 INFO  server.RaftServer (RaftServerProxy.java:startImpl(408)) - s4: start RPC server
2024-10-31 03:23:35,819 INFO  util.JvmPauseMonitor (JvmPauseMonitor.java:run(146)) - JvmPauseMonitor-s4: Started
2024-10-31 03:23:35,819 INFO  server.RaftServerConfigKeys (ConfUtils.java:logGet(46)) - raft.server.storage.free-space.min = 0MB (=0) (default)
2024-10-31 03:23:35,819 INFO  server.RaftServerConfigKeys (ConfUtils.java:logGet(46)) - raft.server.log.corruption.policy = EXCEPTION (default)
2024-10-31 03:23:35,820 INFO  server.RaftServerConfigKeys (ConfUtils.java:logGet(46)) - raft.server.storage.dir = [/home/runner/work/ratis/ratis/ratis-examples/target/test/data/f203f927/MiniRaftClusterWithSimulatedRpca2d4e021/s5] (custom)
2024-10-31 03:23:35,820 INFO  storage.RaftStorageDirectory (RaftStorageDirectoryImpl.java:analyzeStorage(138)) - The storage directory /home/runner/work/ratis/ratis/ratis-examples/target/test/data/f203f927/MiniRaftClusterWithSimulatedRpca2d4e021/s5/4db53919-561a-4c5c-bf25-4eb49e3e6d70 does not exist. Creating ...
2024-10-31 03:23:35,820 TRACE util.FileUtils (LogUtils.java:runAndLog(49)) - Successfully ran Files.createDirectories /home/runner/work/ratis/ratis/ratis-examples/target/test/data/f203f927/MiniRaftClusterWithSimulatedRpca2d4e021/s5/4db53919-561a-4c5c-bf25-4eb49e3e6d70
2024-10-31 03:23:35,823 INFO  storage.RaftStorageDirectory (RaftStorageDirectoryImpl.java:tryLock(229)) - Lock on /home/runner/work/ratis/ratis/ratis-examples/target/test/data/f203f927/MiniRaftClusterWithSimulatedRpca2d4e021/s5/4db53919-561a-4c5c-bf25-4eb49e3e6d70/in_use.lock acquired by nodename 14975@fv-az1757-779
2024-10-31 03:23:35,823 TRACE util.FileUtils (LogUtils.java:runAndLog(49)) - Successfully ran Files.createDirectories /home/runner/work/ratis/ratis/ratis-examples/target/test/data/f203f927/MiniRaftClusterWithSimulatedRpca2d4e021/s5/4db53919-561a-4c5c-bf25-4eb49e3e6d70/current
2024-10-31 03:23:35,823 TRACE util.FileUtils (LogUtils.java:runAndLog(49)) - Successfully ran Files.createDirectories /home/runner/work/ratis/ratis/ratis-examples/target/test/data/f203f927/MiniRaftClusterWithSimulatedRpca2d4e021/s5/4db53919-561a-4c5c-bf25-4eb49e3e6d70/sm
2024-10-31 03:23:35,823 TRACE util.FileUtils (LogUtils.java:supplyAndLog(69)) - Successfully supplied FileChannel.open /home/runner/work/ratis/ratis/ratis-examples/target/test/data/f203f927/MiniRaftClusterWithSimulatedRpca2d4e021/s5/4db53919-561a-4c5c-bf25-4eb49e3e6d70/current/raft-meta.tmp with options [CREATE, WRITE]: sun.nio.ch.FileChannelImpl@49e4899d
2024-10-31 03:23:35,827 TRACE util.FileUtils (LogUtils.java:runAndLog(49)) - Successfully ran Atomic Files.move /home/runner/work/ratis/ratis/ratis-examples/target/test/data/f203f927/MiniRaftClusterWithSimulatedRpca2d4e021/s5/4db53919-561a-4c5c-bf25-4eb49e3e6d70/current/raft-meta.tmp to /home/runner/work/ratis/ratis/ratis-examples/target/test/data/f203f927/MiniRaftClusterWithSimulatedRpca2d4e021/s5/4db53919-561a-4c5c-bf25-4eb49e3e6d70/current/raft-meta with options [REPLACE_EXISTING]
2024-10-31 03:23:35,827 INFO  storage.RaftStorage (RaftStorageImpl.java:format(98)) - Storage directory /home/runner/work/ratis/ratis/ratis-examples/target/test/data/f203f927/MiniRaftClusterWithSimulatedRpca2d4e021/s5/4db53919-561a-4c5c-bf25-4eb49e3e6d70 has been successfully formatted.
2024-10-31 03:23:35,827 WARN  statemachine.StateMachine (ArithmeticStateMachine.java:loadSnapshot(115)) - The snapshot info is null.
2024-10-31 03:23:35,827 INFO  server.RaftServerConfigKeys (ConfUtils.java:logGet(46)) - raft.server.log.use.memory = false (default)
2024-10-31 03:23:35,827 INFO  server.RaftServerConfigKeys (ConfUtils.java:logGet(46)) - raft.server.log.purge.gap = 1024 (default)
2024-10-31 03:23:35,827 INFO  server.RaftServerConfigKeys (ConfUtils.java:logGet(46)) - raft.server.log.appender.buffer.byte-limit = 4MB (=4194304) (default)
2024-10-31 03:23:35,827 INFO  server.RaftServerConfigKeys (ConfUtils.java:logGet(46)) - raft.server.log.statemachine.data.read.timeout = 1000ms (default)
2024-10-31 03:23:35,828 INFO  server.RaftServerConfigKeys (ConfUtils.java:logGet(46)) - raft.server.log.purge.preservation.log.num = 0 (default)
2024-10-31 03:23:35,828 INFO  server.RaftServerConfigKeys (ConfUtils.java:logGet(46)) - raft.server.log.segment.size.max = 32MB (=33554432) (default)
2024-10-31 03:23:35,828 INFO  server.RaftServerConfigKeys (ConfUtils.java:logGet(46)) - raft.server.log.segment.cache.num.max = 6 (default)
2024-10-31 03:23:35,828 INFO  server.RaftServerConfigKeys (ConfUtils.java:logGet(46)) - raft.server.log.segment.cache.size.max = 200MB (=209715200) (default)
2024-10-31 03:23:35,828 INFO  server.RaftServerConfigKeys (ConfUtils.java:logGet(46)) - raft.server.log.appender.buffer.byte-limit = 4MB (=4194304) (default)
2024-10-31 03:23:35,829 INFO  util.AwaitToRun (AwaitToRun.java:start(81)) - Thread[s5@group-4EB49E3E6D70-cacheEviction-AwaitToRun,5,main] started
2024-10-31 03:23:35,829 INFO  segmented.SegmentedRaftLogWorker (SegmentedRaftLogWorker.java:<init>(189)) - new s5@group-4EB49E3E6D70-SegmentedRaftLogWorker for RaftStorageImpl:Storage Directory /home/runner/work/ratis/ratis/ratis-examples/target/test/data/f203f927/MiniRaftClusterWithSimulatedRpca2d4e021/s5/4db53919-561a-4c5c-bf25-4eb49e3e6d70
2024-10-31 03:23:35,829 INFO  server.RaftServerConfigKeys (ConfUtils.java:logGet(46)) - raft.server.log.queue.byte-limit = 64MB (=67108864) (default)
2024-10-31 03:23:35,829 INFO  server.RaftServerConfigKeys (ConfUtils.java:logGet(46)) - raft.server.log.queue.element-limit = 4096 (default)
2024-10-31 03:23:35,829 INFO  server.RaftServerConfigKeys (ConfUtils.java:logGet(46)) - raft.server.log.segment.size.max = 32MB (=33554432) (default)
2024-10-31 03:23:35,829 INFO  server.RaftServerConfigKeys (ConfUtils.java:logGet(46)) - raft.server.log.preallocated.size = 4MB (=4194304) (default)
2024-10-31 03:23:35,829 INFO  server.RaftServerConfigKeys (ConfUtils.java:logGet(46)) - raft.server.log.force.sync.num = 128 (default)
2024-10-31 03:23:35,829 INFO  server.RaftServerConfigKeys (ConfUtils.java:logGet(46)) - raft.server.log.statemachine.data.sync = true (default)
2024-10-31 03:23:35,829 INFO  server.RaftServerConfigKeys (ConfUtils.java:logGet(46)) - raft.server.log.statemachine.data.sync.timeout = 10s (default)
2024-10-31 03:23:35,829 INFO  server.RaftServerConfigKeys (ConfUtils.java:logGet(46)) - raft.server.log.statemachine.data.sync.timeout.retry = -1 (default)
2024-10-31 03:23:35,830 INFO  server.RaftServerConfigKeys (ConfUtils.java:logGet(46)) - raft.server.log.write.buffer.size = 8MB (=8388608) (default)
2024-10-31 03:23:35,831 INFO  server.RaftServerConfigKeys (ConfUtils.java:logGet(46)) - raft.server.log.appender.buffer.byte-limit = 4MB (=4194304) (default)
2024-10-31 03:23:35,831 INFO  server.RaftServerConfigKeys (ConfUtils.java:logGet(46)) - raft.server.log.unsafe-flush.enabled = false (default)
2024-10-31 03:23:35,831 INFO  server.RaftServerConfigKeys (ConfUtils.java:logGet(46)) - raft.server.log.async-flush.enabled = false (default)
2024-10-31 03:23:35,831 INFO  server.RaftServerConfigKeys (ConfUtils.java:logGet(46)) - raft.server.log.statemachine.data.caching.enabled = false (default)
2024-10-31 03:23:35,832 INFO  segmented.SegmentedRaftLogWorker (SegmentedRaftLogWorker.java:lambda$new$0(140)) - s5@group-4EB49E3E6D70-SegmentedRaftLogWorker: flushIndex: setUnconditionally 0 -> -1
2024-10-31 03:23:35,832 INFO  segmented.SegmentedRaftLogWorker (SegmentedRaftLogWorker.java:lambda$new$0(140)) - s5@group-4EB49E3E6D70-SegmentedRaftLogWorker: safeCacheEvictIndex: setUnconditionally 0 -> -1
2024-10-31 03:23:35,832 INFO  server.RaftServer$Division (RaftServerImpl.java:start(398)) - s5@group-4EB49E3E6D70: start with initializing state, conf=conf: {index: -1, cur=peers:[]|listeners:[], old=null}
2024-10-31 03:23:35,832 INFO  server.RaftServer$Division (RaftServerImpl.java:setRole(379)) - s5@group-4EB49E3E6D70: changes role from      null to FOLLOWER at term 0 for start
2024-10-31 03:23:35,832 INFO  util.JmxRegister (JmxRegister.java:tryRegister(44)) - Successfully registered JMX Bean with object name Ratis:service=RaftServer,group=group-4EB49E3E6D70,id=s5
2024-10-31 03:23:35,832 INFO  util.JmxRegister (JmxRegister.java:register(58)) - register mxBean class org.apache.ratis.server.impl.RaftServerJmxAdapter as Ratis:service=RaftServer,group=group-4EB49E3E6D70,id=s5
2024-10-31 03:23:35,832 INFO  server.RaftServerConfigKeys (ConfUtils.java:logGet(46)) - raft.server.snapshot.trigger-when-stop.enabled = true (default)
2024-10-31 03:23:35,832 INFO  server.RaftServerConfigKeys (ConfUtils.java:logGet(46)) - raft.server.snapshot.trigger-when-remove.enabled = true (default)
2024-10-31 03:23:35,832 INFO  server.RaftServerConfigKeys (ConfUtils.java:logGet(46)) - raft.server.snapshot.auto.trigger.enabled = false (default)
2024-10-31 03:23:35,832 INFO  server.RaftServerConfigKeys (ConfUtils.java:logGet(46)) - raft.server.snapshot.retention.file.num = -1 (default)
2024-10-31 03:23:35,833 INFO  server.RaftServerConfigKeys (ConfUtils.java:logGet(46)) - raft.server.log.purge.upto.snapshot.index = false (default)
2024-10-31 03:23:35,833 INFO  server.RaftServer$Division (RaftServerImpl.java:start(406)) - s5@group-4EB49E3E6D70: Successfully started.
2024-10-31 03:23:35,833 INFO  server.RaftServer (RaftServerProxy.java:startImpl(408)) - s5: start RPC server
2024-10-31 03:23:35,834 INFO  util.JvmPauseMonitor (JvmPauseMonitor.java:run(146)) - JvmPauseMonitor-s5: Started
2024-10-31 03:23:35,834 INFO  server.RaftServerConfigKeys (ConfUtils.java:logGet(46)) - raft.server.storage.free-space.min = 0MB (=0) (default)
2024-10-31 03:23:35,834 INFO  server.RaftServerConfigKeys (ConfUtils.java:logGet(46)) - raft.server.log.corruption.policy = EXCEPTION (default)
2024-10-31 03:23:35,834 INFO  server.RaftServerConfigKeys (ConfUtils.java:logGet(46)) - raft.server.storage.dir = [/home/runner/work/ratis/ratis/ratis-examples/target/test/data/f203f927/MiniRaftClusterWithSimulatedRpca2d4e021/s6] (custom)
2024-10-31 03:23:35,834 INFO  storage.RaftStorageDirectory (RaftStorageDirectoryImpl.java:analyzeStorage(138)) - The storage directory /home/runner/work/ratis/ratis/ratis-examples/target/test/data/f203f927/MiniRaftClusterWithSimulatedRpca2d4e021/s6/4db53919-561a-4c5c-bf25-4eb49e3e6d70 does not exist. Creating ...
2024-10-31 03:23:35,835 TRACE util.FileUtils (LogUtils.java:runAndLog(49)) - Successfully ran Files.createDirectories /home/runner/work/ratis/ratis/ratis-examples/target/test/data/f203f927/MiniRaftClusterWithSimulatedRpca2d4e021/s6/4db53919-561a-4c5c-bf25-4eb49e3e6d70
2024-10-31 03:23:35,836 INFO  storage.RaftStorageDirectory (RaftStorageDirectoryImpl.java:tryLock(229)) - Lock on /home/runner/work/ratis/ratis/ratis-examples/target/test/data/f203f927/MiniRaftClusterWithSimulatedRpca2d4e021/s6/4db53919-561a-4c5c-bf25-4eb49e3e6d70/in_use.lock acquired by nodename 14975@fv-az1757-779
2024-10-31 03:23:35,836 TRACE util.FileUtils (LogUtils.java:runAndLog(49)) - Successfully ran Files.createDirectories /home/runner/work/ratis/ratis/ratis-examples/target/test/data/f203f927/MiniRaftClusterWithSimulatedRpca2d4e021/s6/4db53919-561a-4c5c-bf25-4eb49e3e6d70/current
2024-10-31 03:23:35,836 TRACE util.FileUtils (LogUtils.java:runAndLog(49)) - Successfully ran Files.createDirectories /home/runner/work/ratis/ratis/ratis-examples/target/test/data/f203f927/MiniRaftClusterWithSimulatedRpca2d4e021/s6/4db53919-561a-4c5c-bf25-4eb49e3e6d70/sm
2024-10-31 03:23:35,836 TRACE util.FileUtils (LogUtils.java:supplyAndLog(69)) - Successfully supplied FileChannel.open /home/runner/work/ratis/ratis/ratis-examples/target/test/data/f203f927/MiniRaftClusterWithSimulatedRpca2d4e021/s6/4db53919-561a-4c5c-bf25-4eb49e3e6d70/current/raft-meta.tmp with options [CREATE, WRITE]: sun.nio.ch.FileChannelImpl@2faddd0b
2024-10-31 03:23:35,838 TRACE util.FileUtils (LogUtils.java:runAndLog(49)) - Successfully ran Atomic Files.move /home/runner/work/ratis/ratis/ratis-examples/target/test/data/f203f927/MiniRaftClusterWithSimulatedRpca2d4e021/s6/4db53919-561a-4c5c-bf25-4eb49e3e6d70/current/raft-meta.tmp to /home/runner/work/ratis/ratis/ratis-examples/target/test/data/f203f927/MiniRaftClusterWithSimulatedRpca2d4e021/s6/4db53919-561a-4c5c-bf25-4eb49e3e6d70/current/raft-meta with options [REPLACE_EXISTING]
2024-10-31 03:23:35,838 INFO  storage.RaftStorage (RaftStorageImpl.java:format(98)) - Storage directory /home/runner/work/ratis/ratis/ratis-examples/target/test/data/f203f927/MiniRaftClusterWithSimulatedRpca2d4e021/s6/4db53919-561a-4c5c-bf25-4eb49e3e6d70 has been successfully formatted.
2024-10-31 03:23:35,838 WARN  statemachine.StateMachine (ArithmeticStateMachine.java:loadSnapshot(115)) - The snapshot info is null.
2024-10-31 03:23:35,838 INFO  server.RaftServerConfigKeys (ConfUtils.java:logGet(46)) - raft.server.log.use.memory = false (default)
2024-10-31 03:23:35,838 INFO  server.RaftServerConfigKeys (ConfUtils.java:logGet(46)) - raft.server.log.purge.gap = 1024 (default)
2024-10-31 03:23:35,838 INFO  server.RaftServerConfigKeys (ConfUtils.java:logGet(46)) - raft.server.log.appender.buffer.byte-limit = 4MB (=4194304) (default)
2024-10-31 03:23:35,838 INFO  server.RaftServerConfigKeys (ConfUtils.java:logGet(46)) - raft.server.log.statemachine.data.read.timeout = 1000ms (default)
2024-10-31 03:23:35,838 INFO  server.RaftServerConfigKeys (ConfUtils.java:logGet(46)) - raft.server.log.purge.preservation.log.num = 0 (default)
2024-10-31 03:23:35,839 INFO  server.RaftServerConfigKeys (ConfUtils.java:logGet(46)) - raft.server.log.segment.size.max = 32MB (=33554432) (default)
2024-10-31 03:23:35,839 INFO  server.RaftServerConfigKeys (ConfUtils.java:logGet(46)) - raft.server.log.segment.cache.num.max = 6 (default)
2024-10-31 03:23:35,839 INFO  server.RaftServerConfigKeys (ConfUtils.java:logGet(46)) - raft.server.log.segment.cache.size.max = 200MB (=209715200) (default)
2024-10-31 03:23:35,839 INFO  server.RaftServerConfigKeys (ConfUtils.java:logGet(46)) - raft.server.log.appender.buffer.byte-limit = 4MB (=4194304) (default)
2024-10-31 03:23:35,840 INFO  util.AwaitToRun (AwaitToRun.java:start(81)) - Thread[s6@group-4EB49E3E6D70-cacheEviction-AwaitToRun,5,main] started
2024-10-31 03:23:35,840 INFO  segmented.SegmentedRaftLogWorker (SegmentedRaftLogWorker.java:<init>(189)) - new s6@group-4EB49E3E6D70-SegmentedRaftLogWorker for RaftStorageImpl:Storage Directory /home/runner/work/ratis/ratis/ratis-examples/target/test/data/f203f927/MiniRaftClusterWithSimulatedRpca2d4e021/s6/4db53919-561a-4c5c-bf25-4eb49e3e6d70
2024-10-31 03:23:35,840 INFO  server.RaftServerConfigKeys (ConfUtils.java:logGet(46)) - raft.server.log.queue.byte-limit = 64MB (=67108864) (default)
2024-10-31 03:23:35,840 INFO  server.RaftServerConfigKeys (ConfUtils.java:logGet(46)) - raft.server.log.queue.element-limit = 4096 (default)
2024-10-31 03:23:35,840 INFO  server.RaftServerConfigKeys (ConfUtils.java:logGet(46)) - raft.server.log.segment.size.max = 32MB (=33554432) (default)
2024-10-31 03:23:35,840 INFO  server.RaftServerConfigKeys (ConfUtils.java:logGet(46)) - raft.server.log.preallocated.size = 4MB (=4194304) (default)
2024-10-31 03:23:35,840 INFO  server.RaftServerConfigKeys (ConfUtils.java:logGet(46)) - raft.server.log.force.sync.num = 128 (default)
2024-10-31 03:23:35,841 INFO  server.RaftServerConfigKeys (ConfUtils.java:logGet(46)) - raft.server.log.statemachine.data.sync = true (default)
2024-10-31 03:23:35,841 INFO  server.RaftServerConfigKeys (ConfUtils.java:logGet(46)) - raft.server.log.statemachine.data.sync.timeout = 10s (default)
2024-10-31 03:23:35,841 INFO  server.RaftServerConfigKeys (ConfUtils.java:logGet(46)) - raft.server.log.statemachine.data.sync.timeout.retry = -1 (default)
2024-10-31 03:23:35,841 INFO  server.RaftServerConfigKeys (ConfUtils.java:logGet(46)) - raft.server.log.write.buffer.size = 8MB (=8388608) (default)
2024-10-31 03:23:35,843 INFO  server.RaftServerConfigKeys (ConfUtils.java:logGet(46)) - raft.server.log.appender.buffer.byte-limit = 4MB (=4194304) (default)
2024-10-31 03:23:35,843 INFO  server.RaftServerConfigKeys (ConfUtils.java:logGet(46)) - raft.server.log.unsafe-flush.enabled = false (default)
2024-10-31 03:23:35,843 INFO  server.RaftServerConfigKeys (ConfUtils.java:logGet(46)) - raft.server.log.async-flush.enabled = false (default)
2024-10-31 03:23:35,843 INFO  server.RaftServerConfigKeys (ConfUtils.java:logGet(46)) - raft.server.log.statemachine.data.caching.enabled = false (default)
2024-10-31 03:23:35,844 INFO  segmented.SegmentedRaftLogWorker (SegmentedRaftLogWorker.java:lambda$new$0(140)) - s6@group-4EB49E3E6D70-SegmentedRaftLogWorker: flushIndex: setUnconditionally 0 -> -1
2024-10-31 03:23:35,844 INFO  segmented.SegmentedRaftLogWorker (SegmentedRaftLogWorker.java:lambda$new$0(140)) - s6@group-4EB49E3E6D70-SegmentedRaftLogWorker: safeCacheEvictIndex: setUnconditionally 0 -> -1
2024-10-31 03:23:35,844 INFO  server.RaftServer$Division (RaftServerImpl.java:start(398)) - s6@group-4EB49E3E6D70: start with initializing state, conf=conf: {index: -1, cur=peers:[]|listeners:[], old=null}
2024-10-31 03:23:35,844 INFO  server.RaftServer$Division (RaftServerImpl.java:setRole(379)) - s6@group-4EB49E3E6D70: changes role from      null to FOLLOWER at term 0 for start
2024-10-31 03:23:35,844 INFO  util.JmxRegister (JmxRegister.java:tryRegister(44)) - Successfully registered JMX Bean with object name Ratis:service=RaftServer,group=group-4EB49E3E6D70,id=s6
2024-10-31 03:23:35,844 INFO  util.JmxRegister (JmxRegister.java:register(58)) - register mxBean class org.apache.ratis.server.impl.RaftServerJmxAdapter as Ratis:service=RaftServer,group=group-4EB49E3E6D70,id=s6
2024-10-31 03:23:35,844 INFO  server.RaftServerConfigKeys (ConfUtils.java:logGet(46)) - raft.server.snapshot.trigger-when-stop.enabled = true (default)
2024-10-31 03:23:35,845 INFO  server.RaftServerConfigKeys (ConfUtils.java:logGet(46)) - raft.server.snapshot.trigger-when-remove.enabled = true (default)
2024-10-31 03:23:35,845 INFO  server.RaftServerConfigKeys (ConfUtils.java:logGet(46)) - raft.server.snapshot.auto.trigger.enabled = false (default)
2024-10-31 03:23:35,845 INFO  server.RaftServerConfigKeys (ConfUtils.java:logGet(46)) - raft.server.snapshot.retention.file.num = -1 (default)
2024-10-31 03:23:35,845 INFO  server.RaftServerConfigKeys (ConfUtils.java:logGet(46)) - raft.server.log.purge.upto.snapshot.index = false (default)
2024-10-31 03:23:35,845 INFO  server.RaftServer$Division (RaftServerImpl.java:start(406)) - s6@group-4EB49E3E6D70: Successfully started.
2024-10-31 03:23:35,845 INFO  server.RaftServer (RaftServerProxy.java:startImpl(408)) - s6: start RPC server
2024-10-31 03:23:35,846 INFO  util.JvmPauseMonitor (JvmPauseMonitor.java:run(146)) - JvmPauseMonitor-s6: Started
2024-10-31 03:23:35,846 INFO  server.RaftServerConfigKeys (ConfUtils.java:logGet(46)) - raft.server.storage.free-space.min = 0MB (=0) (default)
2024-10-31 03:23:35,846 INFO  server.RaftServerConfigKeys (ConfUtils.java:logGet(46)) - raft.server.log.corruption.policy = EXCEPTION (default)
2024-10-31 03:23:35,847 INFO  server.RaftServerConfigKeys (ConfUtils.java:logGet(46)) - raft.server.storage.dir = [/home/runner/work/ratis/ratis/ratis-examples/target/test/data/f203f927/MiniRaftClusterWithSimulatedRpca2d4e021/s7] (custom)
2024-10-31 03:23:35,847 INFO  storage.RaftStorageDirectory (RaftStorageDirectoryImpl.java:analyzeStorage(138)) - The storage directory /home/runner/work/ratis/ratis/ratis-examples/target/test/data/f203f927/MiniRaftClusterWithSimulatedRpca2d4e021/s7/4db53919-561a-4c5c-bf25-4eb49e3e6d70 does not exist. Creating ...
2024-10-31 03:23:35,847 TRACE util.FileUtils (LogUtils.java:runAndLog(49)) - Successfully ran Files.createDirectories /home/runner/work/ratis/ratis/ratis-examples/target/test/data/f203f927/MiniRaftClusterWithSimulatedRpca2d4e021/s7/4db53919-561a-4c5c-bf25-4eb49e3e6d70
2024-10-31 03:23:35,848 INFO  storage.RaftStorageDirectory (RaftStorageDirectoryImpl.java:tryLock(229)) - Lock on /home/runner/work/ratis/ratis/ratis-examples/target/test/data/f203f927/MiniRaftClusterWithSimulatedRpca2d4e021/s7/4db53919-561a-4c5c-bf25-4eb49e3e6d70/in_use.lock acquired by nodename 14975@fv-az1757-779
2024-10-31 03:23:35,848 TRACE util.FileUtils (LogUtils.java:runAndLog(49)) - Successfully ran Files.createDirectories /home/runner/work/ratis/ratis/ratis-examples/target/test/data/f203f927/MiniRaftClusterWithSimulatedRpca2d4e021/s7/4db53919-561a-4c5c-bf25-4eb49e3e6d70/current
2024-10-31 03:23:35,848 TRACE util.FileUtils (LogUtils.java:runAndLog(49)) - Successfully ran Files.createDirectories /home/runner/work/ratis/ratis/ratis-examples/target/test/data/f203f927/MiniRaftClusterWithSimulatedRpca2d4e021/s7/4db53919-561a-4c5c-bf25-4eb49e3e6d70/sm
2024-10-31 03:23:35,848 TRACE util.FileUtils (LogUtils.java:supplyAndLog(69)) - Successfully supplied FileChannel.open /home/runner/work/ratis/ratis/ratis-examples/target/test/data/f203f927/MiniRaftClusterWithSimulatedRpca2d4e021/s7/4db53919-561a-4c5c-bf25-4eb49e3e6d70/current/raft-meta.tmp with options [CREATE, WRITE]: sun.nio.ch.FileChannelImpl@48ec4d23
2024-10-31 03:23:35,851 TRACE util.FileUtils (LogUtils.java:runAndLog(49)) - Successfully ran Atomic Files.move /home/runner/work/ratis/ratis/ratis-examples/target/test/data/f203f927/MiniRaftClusterWithSimulatedRpca2d4e021/s7/4db53919-561a-4c5c-bf25-4eb49e3e6d70/current/raft-meta.tmp to /home/runner/work/ratis/ratis/ratis-examples/target/test/data/f203f927/MiniRaftClusterWithSimulatedRpca2d4e021/s7/4db53919-561a-4c5c-bf25-4eb49e3e6d70/current/raft-meta with options [REPLACE_EXISTING]
2024-10-31 03:23:35,851 INFO  storage.RaftStorage (RaftStorageImpl.java:format(98)) - Storage directory /home/runner/work/ratis/ratis/ratis-examples/target/test/data/f203f927/MiniRaftClusterWithSimulatedRpca2d4e021/s7/4db53919-561a-4c5c-bf25-4eb49e3e6d70 has been successfully formatted.
2024-10-31 03:23:35,851 WARN  statemachine.StateMachine (ArithmeticStateMachine.java:loadSnapshot(115)) - The snapshot info is null.
2024-10-31 03:23:35,851 INFO  server.RaftServerConfigKeys (ConfUtils.java:logGet(46)) - raft.server.log.use.memory = false (default)
2024-10-31 03:23:35,851 INFO  server.RaftServerConfigKeys (ConfUtils.java:logGet(46)) - raft.server.log.purge.gap = 1024 (default)
2024-10-31 03:23:35,851 INFO  server.RaftServerConfigKeys (ConfUtils.java:logGet(46)) - raft.server.log.appender.buffer.byte-limit = 4MB (=4194304) (default)
2024-10-31 03:23:35,851 INFO  server.RaftServerConfigKeys (ConfUtils.java:logGet(46)) - raft.server.log.statemachine.data.read.timeout = 1000ms (default)
2024-10-31 03:23:35,851 INFO  server.RaftServerConfigKeys (ConfUtils.java:logGet(46)) - raft.server.log.purge.preservation.log.num = 0 (default)
2024-10-31 03:23:35,852 INFO  server.RaftServerConfigKeys (ConfUtils.java:logGet(46)) - raft.server.log.segment.size.max = 32MB (=33554432) (default)
2024-10-31 03:23:35,852 INFO  server.RaftServerConfigKeys (ConfUtils.java:logGet(46)) - raft.server.log.segment.cache.num.max = 6 (default)
2024-10-31 03:23:35,852 INFO  server.RaftServerConfigKeys (ConfUtils.java:logGet(46)) - raft.server.log.segment.cache.size.max = 200MB (=209715200) (default)
2024-10-31 03:23:35,852 INFO  server.RaftServerConfigKeys (ConfUtils.java:logGet(46)) - raft.server.log.appender.buffer.byte-limit = 4MB (=4194304) (default)
2024-10-31 03:23:35,853 INFO  util.AwaitToRun (AwaitToRun.java:start(81)) - Thread[s7@group-4EB49E3E6D70-cacheEviction-AwaitToRun,5,main] started
2024-10-31 03:23:35,853 INFO  segmented.SegmentedRaftLogWorker (SegmentedRaftLogWorker.java:<init>(189)) - new s7@group-4EB49E3E6D70-SegmentedRaftLogWorker for RaftStorageImpl:Storage Directory /home/runner/work/ratis/ratis/ratis-examples/target/test/data/f203f927/MiniRaftClusterWithSimulatedRpca2d4e021/s7/4db53919-561a-4c5c-bf25-4eb49e3e6d70
2024-10-31 03:23:35,853 INFO  server.RaftServerConfigKeys (ConfUtils.java:logGet(46)) - raft.server.log.queue.byte-limit = 64MB (=67108864) (default)
2024-10-31 03:23:35,853 INFO  server.RaftServerConfigKeys (ConfUtils.java:logGet(46)) - raft.server.log.queue.element-limit = 4096 (default)
2024-10-31 03:23:35,853 INFO  server.RaftServerConfigKeys (ConfUtils.java:logGet(46)) - raft.server.log.segment.size.max = 32MB (=33554432) (default)
2024-10-31 03:23:35,853 INFO  server.RaftServerConfigKeys (ConfUtils.java:logGet(46)) - raft.server.log.preallocated.size = 4MB (=4194304) (default)
2024-10-31 03:23:35,853 INFO  server.RaftServerConfigKeys (ConfUtils.java:logGet(46)) - raft.server.log.force.sync.num = 128 (default)
2024-10-31 03:23:35,853 INFO  server.RaftServerConfigKeys (ConfUtils.java:logGet(46)) - raft.server.log.statemachine.data.sync = true (default)
2024-10-31 03:23:35,853 INFO  server.RaftServerConfigKeys (ConfUtils.java:logGet(46)) - raft.server.log.statemachine.data.sync.timeout = 10s (default)
2024-10-31 03:23:35,853 INFO  server.RaftServerConfigKeys (ConfUtils.java:logGet(46)) - raft.server.log.statemachine.data.sync.timeout.retry = -1 (default)
2024-10-31 03:23:35,854 INFO  server.RaftServerConfigKeys (ConfUtils.java:logGet(46)) - raft.server.log.write.buffer.size = 8MB (=8388608) (default)
2024-10-31 03:23:35,855 INFO  server.RaftServerConfigKeys (ConfUtils.java:logGet(46)) - raft.server.log.appender.buffer.byte-limit = 4MB (=4194304) (default)
2024-10-31 03:23:35,856 INFO  server.RaftServerConfigKeys (ConfUtils.java:logGet(46)) - raft.server.log.unsafe-flush.enabled = false (default)
2024-10-31 03:23:35,856 INFO  server.RaftServerConfigKeys (ConfUtils.java:logGet(46)) - raft.server.log.async-flush.enabled = false (default)
2024-10-31 03:23:35,856 INFO  server.RaftServerConfigKeys (ConfUtils.java:logGet(46)) - raft.server.log.statemachine.data.caching.enabled = false (default)
2024-10-31 03:23:35,856 INFO  segmented.SegmentedRaftLogWorker (SegmentedRaftLogWorker.java:lambda$new$0(140)) - s7@group-4EB49E3E6D70-SegmentedRaftLogWorker: flushIndex: setUnconditionally 0 -> -1
2024-10-31 03:23:35,856 INFO  segmented.SegmentedRaftLogWorker (SegmentedRaftLogWorker.java:lambda$new$0(140)) - s7@group-4EB49E3E6D70-SegmentedRaftLogWorker: safeCacheEvictIndex: setUnconditionally 0 -> -1
2024-10-31 03:23:35,856 INFO  server.RaftServer$Division (RaftServerImpl.java:start(398)) - s7@group-4EB49E3E6D70: start with initializing state, conf=conf: {index: -1, cur=peers:[]|listeners:[], old=null}
2024-10-31 03:23:35,861 INFO  server.RaftServer$Division (RaftServerImpl.java:setRole(379)) - s7@group-4EB49E3E6D70: changes role from      null to FOLLOWER at term 0 for start
2024-10-31 03:23:35,861 INFO  util.JmxRegister (JmxRegister.java:tryRegister(44)) - Successfully registered JMX Bean with object name Ratis:service=RaftServer,group=group-4EB49E3E6D70,id=s7
2024-10-31 03:23:35,861 INFO  util.JmxRegister (JmxRegister.java:register(58)) - register mxBean class org.apache.ratis.server.impl.RaftServerJmxAdapter as Ratis:service=RaftServer,group=group-4EB49E3E6D70,id=s7
2024-10-31 03:23:35,861 INFO  server.RaftServerConfigKeys (ConfUtils.java:logGet(46)) - raft.server.snapshot.trigger-when-stop.enabled = true (default)
2024-10-31 03:23:35,861 INFO  server.RaftServerConfigKeys (ConfUtils.java:logGet(46)) - raft.server.snapshot.trigger-when-remove.enabled = true (default)
2024-10-31 03:23:35,861 INFO  server.RaftServerConfigKeys (ConfUtils.java:logGet(46)) - raft.server.snapshot.auto.trigger.enabled = false (default)
2024-10-31 03:23:35,861 INFO  server.RaftServerConfigKeys (ConfUtils.java:logGet(46)) - raft.server.snapshot.retention.file.num = -1 (default)
2024-10-31 03:23:35,861 INFO  server.RaftServerConfigKeys (ConfUtils.java:logGet(46)) - raft.server.log.purge.upto.snapshot.index = false (default)
2024-10-31 03:23:35,862 INFO  server.RaftServer$Division (RaftServerImpl.java:start(406)) - s7@group-4EB49E3E6D70: Successfully started.
2024-10-31 03:23:35,862 INFO  server.RaftServer (RaftServerProxy.java:startImpl(408)) - s7: start RPC server
2024-10-31 03:23:35,863 INFO  util.JvmPauseMonitor (JvmPauseMonitor.java:run(146)) - JvmPauseMonitor-s7: Started
2024-10-31 03:23:35,863 INFO  server.RaftServerConfigKeys (ConfUtils.java:logGet(46)) - raft.server.storage.free-space.min = 0MB (=0) (default)
2024-10-31 03:23:35,863 INFO  server.RaftServerConfigKeys (ConfUtils.java:logGet(46)) - raft.server.log.corruption.policy = EXCEPTION (default)
2024-10-31 03:23:35,863 INFO  server.RaftServerConfigKeys (ConfUtils.java:logGet(46)) - raft.server.storage.dir = [/home/runner/work/ratis/ratis/ratis-examples/target/test/data/f203f927/MiniRaftClusterWithSimulatedRpca2d4e021/s8] (custom)
2024-10-31 03:23:35,864 INFO  storage.RaftStorageDirectory (RaftStorageDirectoryImpl.java:analyzeStorage(138)) - The storage directory /home/runner/work/ratis/ratis/ratis-examples/target/test/data/f203f927/MiniRaftClusterWithSimulatedRpca2d4e021/s8/4db53919-561a-4c5c-bf25-4eb49e3e6d70 does not exist. Creating ...
2024-10-31 03:23:35,864 TRACE util.FileUtils (LogUtils.java:runAndLog(49)) - Successfully ran Files.createDirectories /home/runner/work/ratis/ratis/ratis-examples/target/test/data/f203f927/MiniRaftClusterWithSimulatedRpca2d4e021/s8/4db53919-561a-4c5c-bf25-4eb49e3e6d70
2024-10-31 03:23:35,865 INFO  storage.RaftStorageDirectory (RaftStorageDirectoryImpl.java:tryLock(229)) - Lock on /home/runner/work/ratis/ratis/ratis-examples/target/test/data/f203f927/MiniRaftClusterWithSimulatedRpca2d4e021/s8/4db53919-561a-4c5c-bf25-4eb49e3e6d70/in_use.lock acquired by nodename 14975@fv-az1757-779
2024-10-31 03:23:35,866 TRACE util.FileUtils (LogUtils.java:runAndLog(49)) - Successfully ran Files.createDirectories /home/runner/work/ratis/ratis/ratis-examples/target/test/data/f203f927/MiniRaftClusterWithSimulatedRpca2d4e021/s8/4db53919-561a-4c5c-bf25-4eb49e3e6d70/current
2024-10-31 03:23:35,866 TRACE util.FileUtils (LogUtils.java:runAndLog(49)) - Successfully ran Files.createDirectories /home/runner/work/ratis/ratis/ratis-examples/target/test/data/f203f927/MiniRaftClusterWithSimulatedRpca2d4e021/s8/4db53919-561a-4c5c-bf25-4eb49e3e6d70/sm
2024-10-31 03:23:35,866 TRACE util.FileUtils (LogUtils.java:supplyAndLog(69)) - Successfully supplied FileChannel.open /home/runner/work/ratis/ratis/ratis-examples/target/test/data/f203f927/MiniRaftClusterWithSimulatedRpca2d4e021/s8/4db53919-561a-4c5c-bf25-4eb49e3e6d70/current/raft-meta.tmp with options [CREATE, WRITE]: sun.nio.ch.FileChannelImpl@35baf26e
2024-10-31 03:23:35,868 TRACE util.FileUtils (LogUtils.java:runAndLog(49)) - Successfully ran Atomic Files.move /home/runner/work/ratis/ratis/ratis-examples/target/test/data/f203f927/MiniRaftClusterWithSimulatedRpca2d4e021/s8/4db53919-561a-4c5c-bf25-4eb49e3e6d70/current/raft-meta.tmp to /home/runner/work/ratis/ratis/ratis-examples/target/test/data/f203f927/MiniRaftClusterWithSimulatedRpca2d4e021/s8/4db53919-561a-4c5c-bf25-4eb49e3e6d70/current/raft-meta with options [REPLACE_EXISTING]
2024-10-31 03:23:35,868 INFO  storage.RaftStorage (RaftStorageImpl.java:format(98)) - Storage directory /home/runner/work/ratis/ratis/ratis-examples/target/test/data/f203f927/MiniRaftClusterWithSimulatedRpca2d4e021/s8/4db53919-561a-4c5c-bf25-4eb49e3e6d70 has been successfully formatted.
2024-10-31 03:23:35,868 WARN  statemachine.StateMachine (ArithmeticStateMachine.java:loadSnapshot(115)) - The snapshot info is null.
2024-10-31 03:23:35,868 INFO  server.RaftServerConfigKeys (ConfUtils.java:logGet(46)) - raft.server.log.use.memory = false (default)
2024-10-31 03:23:35,868 INFO  server.RaftServerConfigKeys (ConfUtils.java:logGet(46)) - raft.server.log.purge.gap = 1024 (default)
2024-10-31 03:23:35,868 INFO  server.RaftServerConfigKeys (ConfUtils.java:logGet(46)) - raft.server.log.appender.buffer.byte-limit = 4MB (=4194304) (default)
2024-10-31 03:23:35,868 INFO  server.RaftServerConfigKeys (ConfUtils.java:logGet(46)) - raft.server.log.statemachine.data.read.timeout = 1000ms (default)
2024-10-31 03:23:35,868 INFO  server.RaftServerConfigKeys (ConfUtils.java:logGet(46)) - raft.server.log.purge.preservation.log.num = 0 (default)
2024-10-31 03:23:35,869 INFO  server.RaftServerConfigKeys (ConfUtils.java:logGet(46)) - raft.server.log.segment.size.max = 32MB (=33554432) (default)
2024-10-31 03:23:35,869 INFO  server.RaftServerConfigKeys (ConfUtils.java:logGet(46)) - raft.server.log.segment.cache.num.max = 6 (default)
2024-10-31 03:23:35,869 INFO  server.RaftServerConfigKeys (ConfUtils.java:logGet(46)) - raft.server.log.segment.cache.size.max = 200MB (=209715200) (default)
2024-10-31 03:23:35,869 INFO  server.RaftServerConfigKeys (ConfUtils.java:logGet(46)) - raft.server.log.appender.buffer.byte-limit = 4MB (=4194304) (default)
2024-10-31 03:23:35,870 INFO  util.AwaitToRun (AwaitToRun.java:start(81)) - Thread[s8@group-4EB49E3E6D70-cacheEviction-AwaitToRun,5,main] started
2024-10-31 03:23:35,870 INFO  segmented.SegmentedRaftLogWorker (SegmentedRaftLogWorker.java:<init>(189)) - new s8@group-4EB49E3E6D70-SegmentedRaftLogWorker for RaftStorageImpl:Storage Directory /home/runner/work/ratis/ratis/ratis-examples/target/test/data/f203f927/MiniRaftClusterWithSimulatedRpca2d4e021/s8/4db53919-561a-4c5c-bf25-4eb49e3e6d70
2024-10-31 03:23:35,870 INFO  server.RaftServerConfigKeys (ConfUtils.java:logGet(46)) - raft.server.log.queue.byte-limit = 64MB (=67108864) (default)
2024-10-31 03:23:35,870 INFO  server.RaftServerConfigKeys (ConfUtils.java:logGet(46)) - raft.server.log.queue.element-limit = 4096 (default)
2024-10-31 03:23:35,870 INFO  server.RaftServerConfigKeys (ConfUtils.java:logGet(46)) - raft.server.log.segment.size.max = 32MB (=33554432) (default)
2024-10-31 03:23:35,870 INFO  server.RaftServerConfigKeys (ConfUtils.java:logGet(46)) - raft.server.log.preallocated.size = 4MB (=4194304) (default)
2024-10-31 03:23:35,870 INFO  server.RaftServerConfigKeys (ConfUtils.java:logGet(46)) - raft.server.log.force.sync.num = 128 (default)
2024-10-31 03:23:35,870 INFO  server.RaftServerConfigKeys (ConfUtils.java:logGet(46)) - raft.server.log.statemachine.data.sync = true (default)
2024-10-31 03:23:35,870 INFO  server.RaftServerConfigKeys (ConfUtils.java:logGet(46)) - raft.server.log.statemachine.data.sync.timeout = 10s (default)
2024-10-31 03:23:35,870 INFO  server.RaftServerConfigKeys (ConfUtils.java:logGet(46)) - raft.server.log.statemachine.data.sync.timeout.retry = -1 (default)
2024-10-31 03:23:35,871 INFO  server.RaftServerConfigKeys (ConfUtils.java:logGet(46)) - raft.server.log.write.buffer.size = 8MB (=8388608) (default)
2024-10-31 03:23:35,873 INFO  server.RaftServerConfigKeys (ConfUtils.java:logGet(46)) - raft.server.log.appender.buffer.byte-limit = 4MB (=4194304) (default)
2024-10-31 03:23:35,873 INFO  server.RaftServerConfigKeys (ConfUtils.java:logGet(46)) - raft.server.log.unsafe-flush.enabled = false (default)
2024-10-31 03:23:35,873 INFO  server.RaftServerConfigKeys (ConfUtils.java:logGet(46)) - raft.server.log.async-flush.enabled = false (default)
2024-10-31 03:23:35,873 INFO  server.RaftServerConfigKeys (ConfUtils.java:logGet(46)) - raft.server.log.statemachine.data.caching.enabled = false (default)
2024-10-31 03:23:35,873 INFO  segmented.SegmentedRaftLogWorker (SegmentedRaftLogWorker.java:lambda$new$0(140)) - s8@group-4EB49E3E6D70-SegmentedRaftLogWorker: flushIndex: setUnconditionally 0 -> -1
2024-10-31 03:23:35,873 INFO  segmented.SegmentedRaftLogWorker (SegmentedRaftLogWorker.java:lambda$new$0(140)) - s8@group-4EB49E3E6D70-SegmentedRaftLogWorker: safeCacheEvictIndex: setUnconditionally 0 -> -1
2024-10-31 03:23:35,874 INFO  server.RaftServer$Division (RaftServerImpl.java:start(398)) - s8@group-4EB49E3E6D70: start with initializing state, conf=conf: {index: -1, cur=peers:[]|listeners:[], old=null}
2024-10-31 03:23:35,874 INFO  server.RaftServer$Division (RaftServerImpl.java:setRole(379)) - s8@group-4EB49E3E6D70: changes role from      null to FOLLOWER at term 0 for start
2024-10-31 03:23:35,874 INFO  util.JmxRegister (JmxRegister.java:tryRegister(44)) - Successfully registered JMX Bean with object name Ratis:service=RaftServer,group=group-4EB49E3E6D70,id=s8
2024-10-31 03:23:35,874 INFO  util.JmxRegister (JmxRegister.java:register(58)) - register mxBean class org.apache.ratis.server.impl.RaftServerJmxAdapter as Ratis:service=RaftServer,group=group-4EB49E3E6D70,id=s8
2024-10-31 03:23:35,874 INFO  server.RaftServerConfigKeys (ConfUtils.java:logGet(46)) - raft.server.snapshot.trigger-when-stop.enabled = true (default)
2024-10-31 03:23:35,874 INFO  server.RaftServerConfigKeys (ConfUtils.java:logGet(46)) - raft.server.snapshot.trigger-when-remove.enabled = true (default)
2024-10-31 03:23:35,874 INFO  server.RaftServerConfigKeys (ConfUtils.java:logGet(46)) - raft.server.snapshot.auto.trigger.enabled = false (default)
2024-10-31 03:23:35,874 INFO  server.RaftServerConfigKeys (ConfUtils.java:logGet(46)) - raft.server.snapshot.retention.file.num = -1 (default)
2024-10-31 03:23:35,874 INFO  server.RaftServerConfigKeys (ConfUtils.java:logGet(46)) - raft.server.log.purge.upto.snapshot.index = false (default)
2024-10-31 03:23:35,875 INFO  server.RaftServer$Division (RaftServerImpl.java:start(406)) - s8@group-4EB49E3E6D70: Successfully started.
2024-10-31 03:23:35,875 INFO  server.RaftServer (RaftServerProxy.java:startImpl(408)) - s8: start RPC server
2024-10-31 03:23:35,879 INFO  util.JvmPauseMonitor (JvmPauseMonitor.java:run(146)) - JvmPauseMonitor-s8: Started
2024-10-31 03:23:35,879 INFO  server.RaftServerConfigKeys (ConfUtils.java:logGet(46)) - raft.server.storage.free-space.min = 0MB (=0) (default)
2024-10-31 03:23:35,879 INFO  server.RaftServerConfigKeys (ConfUtils.java:logGet(46)) - raft.server.log.corruption.policy = EXCEPTION (default)
2024-10-31 03:23:35,879 INFO  server.RaftServerConfigKeys (ConfUtils.java:logGet(46)) - raft.server.storage.dir = [/home/runner/work/ratis/ratis/ratis-examples/target/test/data/f203f927/MiniRaftClusterWithSimulatedRpca2d4e021/s9] (custom)
2024-10-31 03:23:35,880 INFO  storage.RaftStorageDirectory (RaftStorageDirectoryImpl.java:analyzeStorage(138)) - The storage directory /home/runner/work/ratis/ratis/ratis-examples/target/test/data/f203f927/MiniRaftClusterWithSimulatedRpca2d4e021/s9/4db53919-561a-4c5c-bf25-4eb49e3e6d70 does not exist. Creating ...
2024-10-31 03:23:35,880 TRACE util.FileUtils (LogUtils.java:runAndLog(49)) - Successfully ran Files.createDirectories /home/runner/work/ratis/ratis/ratis-examples/target/test/data/f203f927/MiniRaftClusterWithSimulatedRpca2d4e021/s9/4db53919-561a-4c5c-bf25-4eb49e3e6d70
2024-10-31 03:23:35,881 INFO  storage.RaftStorageDirectory (RaftStorageDirectoryImpl.java:tryLock(229)) - Lock on /home/runner/work/ratis/ratis/ratis-examples/target/test/data/f203f927/MiniRaftClusterWithSimulatedRpca2d4e021/s9/4db53919-561a-4c5c-bf25-4eb49e3e6d70/in_use.lock acquired by nodename 14975@fv-az1757-779
2024-10-31 03:23:35,881 TRACE util.FileUtils (LogUtils.java:runAndLog(49)) - Successfully ran Files.createDirectories /home/runner/work/ratis/ratis/ratis-examples/target/test/data/f203f927/MiniRaftClusterWithSimulatedRpca2d4e021/s9/4db53919-561a-4c5c-bf25-4eb49e3e6d70/current
2024-10-31 03:23:35,881 TRACE util.FileUtils (LogUtils.java:runAndLog(49)) - Successfully ran Files.createDirectories /home/runner/work/ratis/ratis/ratis-examples/target/test/data/f203f927/MiniRaftClusterWithSimulatedRpca2d4e021/s9/4db53919-561a-4c5c-bf25-4eb49e3e6d70/sm
2024-10-31 03:23:35,882 TRACE util.FileUtils (LogUtils.java:supplyAndLog(69)) - Successfully supplied FileChannel.open /home/runner/work/ratis/ratis/ratis-examples/target/test/data/f203f927/MiniRaftClusterWithSimulatedRpca2d4e021/s9/4db53919-561a-4c5c-bf25-4eb49e3e6d70/current/raft-meta.tmp with options [CREATE, WRITE]: sun.nio.ch.FileChannelImpl@4034e4b1
2024-10-31 03:23:35,890 TRACE util.FileUtils (LogUtils.java:runAndLog(49)) - Successfully ran Atomic Files.move /home/runner/work/ratis/ratis/ratis-examples/target/test/data/f203f927/MiniRaftClusterWithSimulatedRpca2d4e021/s9/4db53919-561a-4c5c-bf25-4eb49e3e6d70/current/raft-meta.tmp to /home/runner/work/ratis/ratis/ratis-examples/target/test/data/f203f927/MiniRaftClusterWithSimulatedRpca2d4e021/s9/4db53919-561a-4c5c-bf25-4eb49e3e6d70/current/raft-meta with options [REPLACE_EXISTING]
2024-10-31 03:23:35,890 INFO  storage.RaftStorage (RaftStorageImpl.java:format(98)) - Storage directory /home/runner/work/ratis/ratis/ratis-examples/target/test/data/f203f927/MiniRaftClusterWithSimulatedRpca2d4e021/s9/4db53919-561a-4c5c-bf25-4eb49e3e6d70 has been successfully formatted.
2024-10-31 03:23:35,890 WARN  statemachine.StateMachine (ArithmeticStateMachine.java:loadSnapshot(115)) - The snapshot info is null.
2024-10-31 03:23:35,890 INFO  server.RaftServerConfigKeys (ConfUtils.java:logGet(46)) - raft.server.log.use.memory = false (default)
2024-10-31 03:23:35,890 INFO  server.RaftServerConfigKeys (ConfUtils.java:logGet(46)) - raft.server.log.purge.gap = 1024 (default)
2024-10-31 03:23:35,891 INFO  server.RaftServerConfigKeys (ConfUtils.java:logGet(46)) - raft.server.log.appender.buffer.byte-limit = 4MB (=4194304) (default)
2024-10-31 03:23:35,891 INFO  server.RaftServerConfigKeys (ConfUtils.java:logGet(46)) - raft.server.log.statemachine.data.read.timeout = 1000ms (default)
2024-10-31 03:23:35,891 INFO  server.RaftServerConfigKeys (ConfUtils.java:logGet(46)) - raft.server.log.purge.preservation.log.num = 0 (default)
2024-10-31 03:23:35,892 INFO  server.RaftServerConfigKeys (ConfUtils.java:logGet(46)) - raft.server.log.segment.size.max = 32MB (=33554432) (default)
2024-10-31 03:23:35,892 INFO  server.RaftServerConfigKeys (ConfUtils.java:logGet(46)) - raft.server.log.segment.cache.num.max = 6 (default)
2024-10-31 03:23:35,892 INFO  server.RaftServerConfigKeys (ConfUtils.java:logGet(46)) - raft.server.log.segment.cache.size.max = 200MB (=209715200) (default)
2024-10-31 03:23:35,892 INFO  server.RaftServerConfigKeys (ConfUtils.java:logGet(46)) - raft.server.log.appender.buffer.byte-limit = 4MB (=4194304) (default)
2024-10-31 03:23:35,893 INFO  util.AwaitToRun (AwaitToRun.java:start(81)) - Thread[s9@group-4EB49E3E6D70-cacheEviction-AwaitToRun,5,main] started
2024-10-31 03:23:35,893 INFO  segmented.SegmentedRaftLogWorker (SegmentedRaftLogWorker.java:<init>(189)) - new s9@group-4EB49E3E6D70-SegmentedRaftLogWorker for RaftStorageImpl:Storage Directory /home/runner/work/ratis/ratis/ratis-examples/target/test/data/f203f927/MiniRaftClusterWithSimulatedRpca2d4e021/s9/4db53919-561a-4c5c-bf25-4eb49e3e6d70
2024-10-31 03:23:35,893 INFO  server.RaftServerConfigKeys (ConfUtils.java:logGet(46)) - raft.server.log.queue.byte-limit = 64MB (=67108864) (default)
2024-10-31 03:23:35,893 INFO  server.RaftServerConfigKeys (ConfUtils.java:logGet(46)) - raft.server.log.queue.element-limit = 4096 (default)
2024-10-31 03:23:35,893 INFO  server.RaftServerConfigKeys (ConfUtils.java:logGet(46)) - raft.server.log.segment.size.max = 32MB (=33554432) (default)
2024-10-31 03:23:35,893 INFO  server.RaftServerConfigKeys (ConfUtils.java:logGet(46)) - raft.server.log.preallocated.size = 4MB (=4194304) (default)
2024-10-31 03:23:35,893 INFO  server.RaftServerConfigKeys (ConfUtils.java:logGet(46)) - raft.server.log.force.sync.num = 128 (default)
2024-10-31 03:23:35,894 INFO  server.RaftServerConfigKeys (ConfUtils.java:logGet(46)) - raft.server.log.statemachine.data.sync = true (default)
2024-10-31 03:23:35,894 INFO  server.RaftServerConfigKeys (ConfUtils.java:logGet(46)) - raft.server.log.statemachine.data.sync.timeout = 10s (default)
2024-10-31 03:23:35,894 INFO  server.RaftServerConfigKeys (ConfUtils.java:logGet(46)) - raft.server.log.statemachine.data.sync.timeout.retry = -1 (default)
2024-10-31 03:23:35,894 INFO  server.RaftServerConfigKeys (ConfUtils.java:logGet(46)) - raft.server.log.write.buffer.size = 8MB (=8388608) (default)
2024-10-31 03:23:35,896 INFO  server.RaftServerConfigKeys (ConfUtils.java:logGet(46)) - raft.server.log.appender.buffer.byte-limit = 4MB (=4194304) (default)
2024-10-31 03:23:35,896 INFO  server.RaftServerConfigKeys (ConfUtils.java:logGet(46)) - raft.server.log.unsafe-flush.enabled = false (default)
2024-10-31 03:23:35,896 INFO  server.RaftServerConfigKeys (ConfUtils.java:logGet(46)) - raft.server.log.async-flush.enabled = false (default)
2024-10-31 03:23:35,897 INFO  server.RaftServerConfigKeys (ConfUtils.java:logGet(46)) - raft.server.log.statemachine.data.caching.enabled = false (default)
2024-10-31 03:23:35,897 INFO  segmented.SegmentedRaftLogWorker (SegmentedRaftLogWorker.java:lambda$new$0(140)) - s9@group-4EB49E3E6D70-SegmentedRaftLogWorker: flushIndex: setUnconditionally 0 -> -1
2024-10-31 03:23:35,897 INFO  segmented.SegmentedRaftLogWorker (SegmentedRaftLogWorker.java:lambda$new$0(140)) - s9@group-4EB49E3E6D70-SegmentedRaftLogWorker: safeCacheEvictIndex: setUnconditionally 0 -> -1
2024-10-31 03:23:35,897 INFO  server.RaftServer$Division (RaftServerImpl.java:start(398)) - s9@group-4EB49E3E6D70: start with initializing state, conf=conf: {index: -1, cur=peers:[]|listeners:[], old=null}
2024-10-31 03:23:35,897 INFO  server.RaftServer$Division (RaftServerImpl.java:setRole(379)) - s9@group-4EB49E3E6D70: changes role from      null to FOLLOWER at term 0 for start
2024-10-31 03:23:35,898 INFO  util.JmxRegister (JmxRegister.java:tryRegister(44)) - Successfully registered JMX Bean with object name Ratis:service=RaftServer,group=group-4EB49E3E6D70,id=s9
2024-10-31 03:23:35,898 INFO  util.JmxRegister (JmxRegister.java:register(58)) - register mxBean class org.apache.ratis.server.impl.RaftServerJmxAdapter as Ratis:service=RaftServer,group=group-4EB49E3E6D70,id=s9
2024-10-31 03:23:35,898 INFO  server.RaftServerConfigKeys (ConfUtils.java:logGet(46)) - raft.server.snapshot.trigger-when-stop.enabled = true (default)
2024-10-31 03:23:35,898 INFO  server.RaftServerConfigKeys (ConfUtils.java:logGet(46)) - raft.server.snapshot.trigger-when-remove.enabled = true (default)
2024-10-31 03:23:35,898 INFO  server.RaftServerConfigKeys (ConfUtils.java:logGet(46)) - raft.server.snapshot.auto.trigger.enabled = false (default)
2024-10-31 03:23:35,898 INFO  server.RaftServerConfigKeys (ConfUtils.java:logGet(46)) - raft.server.snapshot.retention.file.num = -1 (default)
2024-10-31 03:23:35,898 INFO  server.RaftServerConfigKeys (ConfUtils.java:logGet(46)) - raft.server.log.purge.upto.snapshot.index = false (default)
2024-10-31 03:23:35,899 INFO  server.RaftServer$Division (RaftServerImpl.java:start(406)) - s9@group-4EB49E3E6D70: Successfully started.
2024-10-31 03:23:35,899 INFO  server.RaftServer (RaftServerProxy.java:startImpl(408)) - s9: start RPC server
2024-10-31 03:23:35,900 INFO  server.RaftServerConfigKeys (ConfUtils.java:logGet(46)) - raft.server.storage.free-space.min = 0MB (=0) (default)
2024-10-31 03:23:35,900 INFO  util.JvmPauseMonitor (JvmPauseMonitor.java:run(146)) - JvmPauseMonitor-s9: Started
2024-10-31 03:23:35,900 INFO  server.RaftServerConfigKeys (ConfUtils.java:logGet(46)) - raft.server.log.corruption.policy = EXCEPTION (default)
2024-10-31 03:23:35,901 INFO  server.RaftServerConfigKeys (ConfUtils.java:logGet(46)) - raft.server.storage.dir = [/home/runner/work/ratis/ratis/ratis-examples/target/test/data/f203f927/MiniRaftClusterWithSimulatedRpca2d4e021/s11] (custom)
2024-10-31 03:23:35,901 INFO  storage.RaftStorageDirectory (RaftStorageDirectoryImpl.java:analyzeStorage(138)) - The storage directory /home/runner/work/ratis/ratis/ratis-examples/target/test/data/f203f927/MiniRaftClusterWithSimulatedRpca2d4e021/s11/4db53919-561a-4c5c-bf25-4eb49e3e6d70 does not exist. Creating ...
2024-10-31 03:23:35,901 TRACE util.FileUtils (LogUtils.java:runAndLog(49)) - Successfully ran Files.createDirectories /home/runner/work/ratis/ratis/ratis-examples/target/test/data/f203f927/MiniRaftClusterWithSimulatedRpca2d4e021/s11/4db53919-561a-4c5c-bf25-4eb49e3e6d70
2024-10-31 03:23:35,903 INFO  storage.RaftStorageDirectory (RaftStorageDirectoryImpl.java:tryLock(229)) - Lock on /home/runner/work/ratis/ratis/ratis-examples/target/test/data/f203f927/MiniRaftClusterWithSimulatedRpca2d4e021/s11/4db53919-561a-4c5c-bf25-4eb49e3e6d70/in_use.lock acquired by nodename 14975@fv-az1757-779
2024-10-31 03:23:35,903 TRACE util.FileUtils (LogUtils.java:runAndLog(49)) - Successfully ran Files.createDirectories /home/runner/work/ratis/ratis/ratis-examples/target/test/data/f203f927/MiniRaftClusterWithSimulatedRpca2d4e021/s11/4db53919-561a-4c5c-bf25-4eb49e3e6d70/current
2024-10-31 03:23:35,903 TRACE util.FileUtils (LogUtils.java:runAndLog(49)) - Successfully ran Files.createDirectories /home/runner/work/ratis/ratis/ratis-examples/target/test/data/f203f927/MiniRaftClusterWithSimulatedRpca2d4e021/s11/4db53919-561a-4c5c-bf25-4eb49e3e6d70/sm
2024-10-31 03:23:35,903 TRACE util.FileUtils (LogUtils.java:supplyAndLog(69)) - Successfully supplied FileChannel.open /home/runner/work/ratis/ratis/ratis-examples/target/test/data/f203f927/MiniRaftClusterWithSimulatedRpca2d4e021/s11/4db53919-561a-4c5c-bf25-4eb49e3e6d70/current/raft-meta.tmp with options [CREATE, WRITE]: sun.nio.ch.FileChannelImpl@771368fc
2024-10-31 03:23:35,904 TRACE util.FileUtils (LogUtils.java:runAndLog(49)) - Successfully ran Atomic Files.move /home/runner/work/ratis/ratis/ratis-examples/target/test/data/f203f927/MiniRaftClusterWithSimulatedRpca2d4e021/s11/4db53919-561a-4c5c-bf25-4eb49e3e6d70/current/raft-meta.tmp to /home/runner/work/ratis/ratis/ratis-examples/target/test/data/f203f927/MiniRaftClusterWithSimulatedRpca2d4e021/s11/4db53919-561a-4c5c-bf25-4eb49e3e6d70/current/raft-meta with options [REPLACE_EXISTING]
2024-10-31 03:23:35,904 INFO  storage.RaftStorage (RaftStorageImpl.java:format(98)) - Storage directory /home/runner/work/ratis/ratis/ratis-examples/target/test/data/f203f927/MiniRaftClusterWithSimulatedRpca2d4e021/s11/4db53919-561a-4c5c-bf25-4eb49e3e6d70 has been successfully formatted.
2024-10-31 03:23:35,905 WARN  statemachine.StateMachine (ArithmeticStateMachine.java:loadSnapshot(115)) - The snapshot info is null.
2024-10-31 03:23:35,905 INFO  server.RaftServerConfigKeys (ConfUtils.java:logGet(46)) - raft.server.log.use.memory = false (default)
2024-10-31 03:23:35,905 INFO  server.RaftServerConfigKeys (ConfUtils.java:logGet(46)) - raft.server.log.purge.gap = 1024 (default)
2024-10-31 03:23:35,905 INFO  server.RaftServerConfigKeys (ConfUtils.java:logGet(46)) - raft.server.log.appender.buffer.byte-limit = 4MB (=4194304) (default)
2024-10-31 03:23:35,905 INFO  server.RaftServerConfigKeys (ConfUtils.java:logGet(46)) - raft.server.log.statemachine.data.read.timeout = 1000ms (default)
2024-10-31 03:23:35,905 INFO  server.RaftServerConfigKeys (ConfUtils.java:logGet(46)) - raft.server.log.purge.preservation.log.num = 0 (default)
2024-10-31 03:23:35,906 INFO  server.RaftServerConfigKeys (ConfUtils.java:logGet(46)) - raft.server.log.segment.size.max = 32MB (=33554432) (default)
2024-10-31 03:23:35,906 INFO  server.RaftServerConfigKeys (ConfUtils.java:logGet(46)) - raft.server.log.segment.cache.num.max = 6 (default)
2024-10-31 03:23:35,906 INFO  server.RaftServerConfigKeys (ConfUtils.java:logGet(46)) - raft.server.log.segment.cache.size.max = 200MB (=209715200) (default)
2024-10-31 03:23:35,906 INFO  server.RaftServerConfigKeys (ConfUtils.java:logGet(46)) - raft.server.log.appender.buffer.byte-limit = 4MB (=4194304) (default)
2024-10-31 03:23:35,906 INFO  util.AwaitToRun (AwaitToRun.java:start(81)) - Thread[s11@group-4EB49E3E6D70-cacheEviction-AwaitToRun,5,main] started
2024-10-31 03:23:35,906 INFO  segmented.SegmentedRaftLogWorker (SegmentedRaftLogWorker.java:<init>(189)) - new s11@group-4EB49E3E6D70-SegmentedRaftLogWorker for RaftStorageImpl:Storage Directory /home/runner/work/ratis/ratis/ratis-examples/target/test/data/f203f927/MiniRaftClusterWithSimulatedRpca2d4e021/s11/4db53919-561a-4c5c-bf25-4eb49e3e6d70
2024-10-31 03:23:35,906 INFO  server.RaftServerConfigKeys (ConfUtils.java:logGet(46)) - raft.server.log.queue.byte-limit = 64MB (=67108864) (default)
2024-10-31 03:23:35,906 INFO  server.RaftServerConfigKeys (ConfUtils.java:logGet(46)) - raft.server.log.queue.element-limit = 4096 (default)
2024-10-31 03:23:35,906 INFO  server.RaftServerConfigKeys (ConfUtils.java:logGet(46)) - raft.server.log.segment.size.max = 32MB (=33554432) (default)
2024-10-31 03:23:35,907 INFO  server.RaftServerConfigKeys (ConfUtils.java:logGet(46)) - raft.server.log.preallocated.size = 4MB (=4194304) (default)
2024-10-31 03:23:35,907 INFO  server.RaftServerConfigKeys (ConfUtils.java:logGet(46)) - raft.server.log.force.sync.num = 128 (default)
2024-10-31 03:23:35,907 INFO  server.RaftServerConfigKeys (ConfUtils.java:logGet(46)) - raft.server.log.statemachine.data.sync = true (default)
2024-10-31 03:23:35,907 INFO  server.RaftServerConfigKeys (ConfUtils.java:logGet(46)) - raft.server.log.statemachine.data.sync.timeout = 10s (default)
2024-10-31 03:23:35,907 INFO  server.RaftServerConfigKeys (ConfUtils.java:logGet(46)) - raft.server.log.statemachine.data.sync.timeout.retry = -1 (default)
2024-10-31 03:23:35,907 INFO  server.RaftServerConfigKeys (ConfUtils.java:logGet(46)) - raft.server.log.write.buffer.size = 8MB (=8388608) (default)
2024-10-31 03:23:35,909 INFO  server.RaftServerConfigKeys (ConfUtils.java:logGet(46)) - raft.server.log.appender.buffer.byte-limit = 4MB (=4194304) (default)
2024-10-31 03:23:35,909 INFO  server.RaftServerConfigKeys (ConfUtils.java:logGet(46)) - raft.server.log.unsafe-flush.enabled = false (default)
2024-10-31 03:23:35,909 INFO  server.RaftServerConfigKeys (ConfUtils.java:logGet(46)) - raft.server.log.async-flush.enabled = false (default)
2024-10-31 03:23:35,909 INFO  server.RaftServerConfigKeys (ConfUtils.java:logGet(46)) - raft.server.log.statemachine.data.caching.enabled = false (default)
2024-10-31 03:23:35,909 INFO  segmented.SegmentedRaftLogWorker (SegmentedRaftLogWorker.java:lambda$new$0(140)) - s11@group-4EB49E3E6D70-SegmentedRaftLogWorker: flushIndex: setUnconditionally 0 -> -1
2024-10-31 03:23:35,909 INFO  segmented.SegmentedRaftLogWorker (SegmentedRaftLogWorker.java:lambda$new$0(140)) - s11@group-4EB49E3E6D70-SegmentedRaftLogWorker: safeCacheEvictIndex: setUnconditionally 0 -> -1
2024-10-31 03:23:35,909 INFO  server.RaftServer$Division (RaftServerImpl.java:start(398)) - s11@group-4EB49E3E6D70: start with initializing state, conf=conf: {index: -1, cur=peers:[]|listeners:[], old=null}
2024-10-31 03:23:35,909 INFO  server.RaftServer$Division (RaftServerImpl.java:setRole(379)) - s11@group-4EB49E3E6D70: changes role from      null to FOLLOWER at term 0 for start
2024-10-31 03:23:35,909 INFO  util.JmxRegister (JmxRegister.java:tryRegister(44)) - Successfully registered JMX Bean with object name Ratis:service=RaftServer,group=group-4EB49E3E6D70,id=s11
2024-10-31 03:23:35,910 INFO  util.JmxRegister (JmxRegister.java:register(58)) - register mxBean class org.apache.ratis.server.impl.RaftServerJmxAdapter as Ratis:service=RaftServer,group=group-4EB49E3E6D70,id=s11
2024-10-31 03:23:35,910 INFO  server.RaftServerConfigKeys (ConfUtils.java:logGet(46)) - raft.server.snapshot.trigger-when-stop.enabled = true (default)
2024-10-31 03:23:35,910 INFO  server.RaftServerConfigKeys (ConfUtils.java:logGet(46)) - raft.server.snapshot.trigger-when-remove.enabled = true (default)
2024-10-31 03:23:35,910 INFO  server.RaftServerConfigKeys (ConfUtils.java:logGet(46)) - raft.server.snapshot.auto.trigger.enabled = false (default)
2024-10-31 03:23:35,910 INFO  server.RaftServerConfigKeys (ConfUtils.java:logGet(46)) - raft.server.snapshot.retention.file.num = -1 (default)
2024-10-31 03:23:35,910 INFO  server.RaftServerConfigKeys (ConfUtils.java:logGet(46)) - raft.server.log.purge.upto.snapshot.index = false (default)
2024-10-31 03:23:35,910 INFO  server.RaftServer$Division (RaftServerImpl.java:start(406)) - s11@group-4EB49E3E6D70: Successfully started.
2024-10-31 03:23:35,910 INFO  server.RaftServer (RaftServerProxy.java:startImpl(408)) - s11: start RPC server
2024-10-31 03:23:35,911 INFO  server.RaftServerConfigKeys (ConfUtils.java:logGet(46)) - raft.server.storage.free-space.min = 0MB (=0) (default)
2024-10-31 03:23:35,911 INFO  server.RaftServerConfigKeys (ConfUtils.java:logGet(46)) - raft.server.log.corruption.policy = EXCEPTION (default)
2024-10-31 03:23:35,911 INFO  util.JvmPauseMonitor (JvmPauseMonitor.java:run(146)) - JvmPauseMonitor-s11: Started
2024-10-31 03:23:35,911 INFO  server.RaftServerConfigKeys (ConfUtils.java:logGet(46)) - raft.server.storage.dir = [/home/runner/work/ratis/ratis/ratis-examples/target/test/data/f203f927/MiniRaftClusterWithSimulatedRpca2d4e021/s10] (custom)
2024-10-31 03:23:35,912 INFO  storage.RaftStorageDirectory (RaftStorageDirectoryImpl.java:analyzeStorage(138)) - The storage directory /home/runner/work/ratis/ratis/ratis-examples/target/test/data/f203f927/MiniRaftClusterWithSimulatedRpca2d4e021/s10/4db53919-561a-4c5c-bf25-4eb49e3e6d70 does not exist. Creating ...
2024-10-31 03:23:35,912 TRACE util.FileUtils (LogUtils.java:runAndLog(49)) - Successfully ran Files.createDirectories /home/runner/work/ratis/ratis/ratis-examples/target/test/data/f203f927/MiniRaftClusterWithSimulatedRpca2d4e021/s10/4db53919-561a-4c5c-bf25-4eb49e3e6d70
2024-10-31 03:23:35,913 INFO  storage.RaftStorageDirectory (RaftStorageDirectoryImpl.java:tryLock(229)) - Lock on /home/runner/work/ratis/ratis/ratis-examples/target/test/data/f203f927/MiniRaftClusterWithSimulatedRpca2d4e021/s10/4db53919-561a-4c5c-bf25-4eb49e3e6d70/in_use.lock acquired by nodename 14975@fv-az1757-779
2024-10-31 03:23:35,913 TRACE util.FileUtils (LogUtils.java:runAndLog(49)) - Successfully ran Files.createDirectories /home/runner/work/ratis/ratis/ratis-examples/target/test/data/f203f927/MiniRaftClusterWithSimulatedRpca2d4e021/s10/4db53919-561a-4c5c-bf25-4eb49e3e6d70/current
2024-10-31 03:23:35,913 TRACE util.FileUtils (LogUtils.java:runAndLog(49)) - Successfully ran Files.createDirectories /home/runner/work/ratis/ratis/ratis-examples/target/test/data/f203f927/MiniRaftClusterWithSimulatedRpca2d4e021/s10/4db53919-561a-4c5c-bf25-4eb49e3e6d70/sm
2024-10-31 03:23:35,913 TRACE util.FileUtils (LogUtils.java:supplyAndLog(69)) - Successfully supplied FileChannel.open /home/runner/work/ratis/ratis/ratis-examples/target/test/data/f203f927/MiniRaftClusterWithSimulatedRpca2d4e021/s10/4db53919-561a-4c5c-bf25-4eb49e3e6d70/current/raft-meta.tmp with options [CREATE, WRITE]: sun.nio.ch.FileChannelImpl@44de644b
2024-10-31 03:23:35,914 TRACE util.FileUtils (LogUtils.java:runAndLog(49)) - Successfully ran Atomic Files.move /home/runner/work/ratis/ratis/ratis-examples/target/test/data/f203f927/MiniRaftClusterWithSimulatedRpca2d4e021/s10/4db53919-561a-4c5c-bf25-4eb49e3e6d70/current/raft-meta.tmp to /home/runner/work/ratis/ratis/ratis-examples/target/test/data/f203f927/MiniRaftClusterWithSimulatedRpca2d4e021/s10/4db53919-561a-4c5c-bf25-4eb49e3e6d70/current/raft-meta with options [REPLACE_EXISTING]
2024-10-31 03:23:35,915 INFO  storage.RaftStorage (RaftStorageImpl.java:format(98)) - Storage directory /home/runner/work/ratis/ratis/ratis-examples/target/test/data/f203f927/MiniRaftClusterWithSimulatedRpca2d4e021/s10/4db53919-561a-4c5c-bf25-4eb49e3e6d70 has been successfully formatted.
2024-10-31 03:23:35,915 WARN  statemachine.StateMachine (ArithmeticStateMachine.java:loadSnapshot(115)) - The snapshot info is null.
2024-10-31 03:23:35,915 INFO  server.RaftServerConfigKeys (ConfUtils.java:logGet(46)) - raft.server.log.use.memory = false (default)
2024-10-31 03:23:35,915 INFO  server.RaftServerConfigKeys (ConfUtils.java:logGet(46)) - raft.server.log.purge.gap = 1024 (default)
2024-10-31 03:23:35,915 INFO  server.RaftServerConfigKeys (ConfUtils.java:logGet(46)) - raft.server.log.appender.buffer.byte-limit = 4MB (=4194304) (default)
2024-10-31 03:23:35,915 INFO  server.RaftServerConfigKeys (ConfUtils.java:logGet(46)) - raft.server.log.statemachine.data.read.timeout = 1000ms (default)
2024-10-31 03:23:35,915 INFO  server.RaftServerConfigKeys (ConfUtils.java:logGet(46)) - raft.server.log.purge.preservation.log.num = 0 (default)
2024-10-31 03:23:35,915 INFO  server.RaftServerConfigKeys (ConfUtils.java:logGet(46)) - raft.server.log.segment.size.max = 32MB (=33554432) (default)
2024-10-31 03:23:35,916 INFO  server.RaftServerConfigKeys (ConfUtils.java:logGet(46)) - raft.server.log.segment.cache.num.max = 6 (default)
2024-10-31 03:23:35,916 INFO  server.RaftServerConfigKeys (ConfUtils.java:logGet(46)) - raft.server.log.segment.cache.size.max = 200MB (=209715200) (default)
2024-10-31 03:23:35,916 INFO  server.RaftServerConfigKeys (ConfUtils.java:logGet(46)) - raft.server.log.appender.buffer.byte-limit = 4MB (=4194304) (default)
2024-10-31 03:23:35,916 INFO  util.AwaitToRun (AwaitToRun.java:start(81)) - Thread[s10@group-4EB49E3E6D70-cacheEviction-AwaitToRun,5,main] started
2024-10-31 03:23:35,916 INFO  segmented.SegmentedRaftLogWorker (SegmentedRaftLogWorker.java:<init>(189)) - new s10@group-4EB49E3E6D70-SegmentedRaftLogWorker for RaftStorageImpl:Storage Directory /home/runner/work/ratis/ratis/ratis-examples/target/test/data/f203f927/MiniRaftClusterWithSimulatedRpca2d4e021/s10/4db53919-561a-4c5c-bf25-4eb49e3e6d70
2024-10-31 03:23:35,916 INFO  server.RaftServerConfigKeys (ConfUtils.java:logGet(46)) - raft.server.log.queue.byte-limit = 64MB (=67108864) (default)
2024-10-31 03:23:35,916 INFO  server.RaftServerConfigKeys (ConfUtils.java:logGet(46)) - raft.server.log.queue.element-limit = 4096 (default)
2024-10-31 03:23:35,916 INFO  server.RaftServerConfigKeys (ConfUtils.java:logGet(46)) - raft.server.log.segment.size.max = 32MB (=33554432) (default)
2024-10-31 03:23:35,916 INFO  server.RaftServerConfigKeys (ConfUtils.java:logGet(46)) - raft.server.log.preallocated.size = 4MB (=4194304) (default)
2024-10-31 03:23:35,916 INFO  server.RaftServerConfigKeys (ConfUtils.java:logGet(46)) - raft.server.log.force.sync.num = 128 (default)
2024-10-31 03:23:35,917 INFO  server.RaftServerConfigKeys (ConfUtils.java:logGet(46)) - raft.server.log.statemachine.data.sync = true (default)
2024-10-31 03:23:35,917 INFO  server.RaftServerConfigKeys (ConfUtils.java:logGet(46)) - raft.server.log.statemachine.data.sync.timeout = 10s (default)
2024-10-31 03:23:35,917 INFO  server.RaftServerConfigKeys (ConfUtils.java:logGet(46)) - raft.server.log.statemachine.data.sync.timeout.retry = -1 (default)
2024-10-31 03:23:35,917 INFO  server.RaftServerConfigKeys (ConfUtils.java:logGet(46)) - raft.server.log.write.buffer.size = 8MB (=8388608) (default)
2024-10-31 03:23:35,918 INFO  server.RaftServerConfigKeys (ConfUtils.java:logGet(46)) - raft.server.log.appender.buffer.byte-limit = 4MB (=4194304) (default)
2024-10-31 03:23:35,918 INFO  server.RaftServerConfigKeys (ConfUtils.java:logGet(46)) - raft.server.log.unsafe-flush.enabled = false (default)
2024-10-31 03:23:35,919 INFO  server.RaftServerConfigKeys (ConfUtils.java:logGet(46)) - raft.server.log.async-flush.enabled = false (default)
2024-10-31 03:23:35,919 INFO  server.RaftServerConfigKeys (ConfUtils.java:logGet(46)) - raft.server.log.statemachine.data.caching.enabled = false (default)
2024-10-31 03:23:35,919 INFO  segmented.SegmentedRaftLogWorker (SegmentedRaftLogWorker.java:lambda$new$0(140)) - s10@group-4EB49E3E6D70-SegmentedRaftLogWorker: flushIndex: setUnconditionally 0 -> -1
2024-10-31 03:23:35,919 INFO  segmented.SegmentedRaftLogWorker (SegmentedRaftLogWorker.java:lambda$new$0(140)) - s10@group-4EB49E3E6D70-SegmentedRaftLogWorker: safeCacheEvictIndex: setUnconditionally 0 -> -1
2024-10-31 03:23:35,919 INFO  server.RaftServer$Division (RaftServerImpl.java:start(398)) - s10@group-4EB49E3E6D70: start with initializing state, conf=conf: {index: -1, cur=peers:[]|listeners:[], old=null}
2024-10-31 03:23:35,919 INFO  server.RaftServer$Division (RaftServerImpl.java:setRole(379)) - s10@group-4EB49E3E6D70: changes role from      null to FOLLOWER at term 0 for start
2024-10-31 03:23:35,920 INFO  util.JmxRegister (JmxRegister.java:tryRegister(44)) - Successfully registered JMX Bean with object name Ratis:service=RaftServer,group=group-4EB49E3E6D70,id=s10
2024-10-31 03:23:35,920 INFO  util.JmxRegister (JmxRegister.java:register(58)) - register mxBean class org.apache.ratis.server.impl.RaftServerJmxAdapter as Ratis:service=RaftServer,group=group-4EB49E3E6D70,id=s10
2024-10-31 03:23:35,920 INFO  server.RaftServerConfigKeys (ConfUtils.java:logGet(46)) - raft.server.snapshot.trigger-when-stop.enabled = true (default)
2024-10-31 03:23:35,920 INFO  server.RaftServerConfigKeys (ConfUtils.java:logGet(46)) - raft.server.snapshot.trigger-when-remove.enabled = true (default)
2024-10-31 03:23:35,920 INFO  server.RaftServerConfigKeys (ConfUtils.java:logGet(46)) - raft.server.snapshot.auto.trigger.enabled = false (default)
2024-10-31 03:23:35,920 INFO  server.RaftServerConfigKeys (ConfUtils.java:logGet(46)) - raft.server.snapshot.retention.file.num = -1 (default)
2024-10-31 03:23:35,920 INFO  server.RaftServerConfigKeys (ConfUtils.java:logGet(46)) - raft.server.log.purge.upto.snapshot.index = false (default)
2024-10-31 03:23:35,921 INFO  server.RaftServer$Division (RaftServerImpl.java:start(406)) - s10@group-4EB49E3E6D70: Successfully started.
2024-10-31 03:23:35,921 INFO  server.RaftServer (RaftServerProxy.java:startImpl(408)) - s10: start RPC server
2024-10-31 03:23:35,922 INFO  util.JvmPauseMonitor (JvmPauseMonitor.java:run(146)) - JvmPauseMonitor-s10: Started
2024-10-31 03:23:35,922 INFO  server.RaftServerConfigKeys (ConfUtils.java:logGet(46)) - raft.server.storage.free-space.min = 0MB (=0) (default)
2024-10-31 03:23:35,922 INFO  server.RaftServerConfigKeys (ConfUtils.java:logGet(46)) - raft.server.log.corruption.policy = EXCEPTION (default)
2024-10-31 03:23:35,922 INFO  server.RaftServerConfigKeys (ConfUtils.java:logGet(46)) - raft.server.storage.dir = [/home/runner/work/ratis/ratis/ratis-examples/target/test/data/f203f927/MiniRaftClusterWithSimulatedRpca2d4e021/s13] (custom)
2024-10-31 03:23:35,922 INFO  storage.RaftStorageDirectory (RaftStorageDirectoryImpl.java:analyzeStorage(138)) - The storage directory /home/runner/work/ratis/ratis/ratis-examples/target/test/data/f203f927/MiniRaftClusterWithSimulatedRpca2d4e021/s13/4db53919-561a-4c5c-bf25-4eb49e3e6d70 does not exist. Creating ...
2024-10-31 03:23:35,922 TRACE util.FileUtils (LogUtils.java:runAndLog(49)) - Successfully ran Files.createDirectories /home/runner/work/ratis/ratis/ratis-examples/target/test/data/f203f927/MiniRaftClusterWithSimulatedRpca2d4e021/s13/4db53919-561a-4c5c-bf25-4eb49e3e6d70
2024-10-31 03:23:35,923 INFO  storage.RaftStorageDirectory (RaftStorageDirectoryImpl.java:tryLock(229)) - Lock on /home/runner/work/ratis/ratis/ratis-examples/target/test/data/f203f927/MiniRaftClusterWithSimulatedRpca2d4e021/s13/4db53919-561a-4c5c-bf25-4eb49e3e6d70/in_use.lock acquired by nodename 14975@fv-az1757-779
2024-10-31 03:23:35,923 TRACE util.FileUtils (LogUtils.java:runAndLog(49)) - Successfully ran Files.createDirectories /home/runner/work/ratis/ratis/ratis-examples/target/test/data/f203f927/MiniRaftClusterWithSimulatedRpca2d4e021/s13/4db53919-561a-4c5c-bf25-4eb49e3e6d70/current
2024-10-31 03:23:35,923 TRACE util.FileUtils (LogUtils.java:runAndLog(49)) - Successfully ran Files.createDirectories /home/runner/work/ratis/ratis/ratis-examples/target/test/data/f203f927/MiniRaftClusterWithSimulatedRpca2d4e021/s13/4db53919-561a-4c5c-bf25-4eb49e3e6d70/sm
2024-10-31 03:23:35,924 TRACE util.FileUtils (LogUtils.java:supplyAndLog(69)) - Successfully supplied FileChannel.open /home/runner/work/ratis/ratis/ratis-examples/target/test/data/f203f927/MiniRaftClusterWithSimulatedRpca2d4e021/s13/4db53919-561a-4c5c-bf25-4eb49e3e6d70/current/raft-meta.tmp with options [CREATE, WRITE]: sun.nio.ch.FileChannelImpl@6339ee1f
2024-10-31 03:23:35,925 TRACE util.FileUtils (LogUtils.java:runAndLog(49)) - Successfully ran Atomic Files.move /home/runner/work/ratis/ratis/ratis-examples/target/test/data/f203f927/MiniRaftClusterWithSimulatedRpca2d4e021/s13/4db53919-561a-4c5c-bf25-4eb49e3e6d70/current/raft-meta.tmp to /home/runner/work/ratis/ratis/ratis-examples/target/test/data/f203f927/MiniRaftClusterWithSimulatedRpca2d4e021/s13/4db53919-561a-4c5c-bf25-4eb49e3e6d70/current/raft-meta with options [REPLACE_EXISTING]
2024-10-31 03:23:35,925 INFO  storage.RaftStorage (RaftStorageImpl.java:format(98)) - Storage directory /home/runner/work/ratis/ratis/ratis-examples/target/test/data/f203f927/MiniRaftClusterWithSimulatedRpca2d4e021/s13/4db53919-561a-4c5c-bf25-4eb49e3e6d70 has been successfully formatted.
2024-10-31 03:23:35,925 WARN  statemachine.StateMachine (ArithmeticStateMachine.java:loadSnapshot(115)) - The snapshot info is null.
2024-10-31 03:23:35,925 INFO  server.RaftServerConfigKeys (ConfUtils.java:logGet(46)) - raft.server.log.use.memory = false (default)
2024-10-31 03:23:35,925 INFO  server.RaftServerConfigKeys (ConfUtils.java:logGet(46)) - raft.server.log.purge.gap = 1024 (default)
2024-10-31 03:23:35,926 INFO  server.RaftServerConfigKeys (ConfUtils.java:logGet(46)) - raft.server.log.appender.buffer.byte-limit = 4MB (=4194304) (default)
2024-10-31 03:23:35,926 INFO  server.RaftServerConfigKeys (ConfUtils.java:logGet(46)) - raft.server.log.statemachine.data.read.timeout = 1000ms (default)
2024-10-31 03:23:35,926 INFO  server.RaftServerConfigKeys (ConfUtils.java:logGet(46)) - raft.server.log.purge.preservation.log.num = 0 (default)
2024-10-31 03:23:35,926 INFO  server.RaftServerConfigKeys (ConfUtils.java:logGet(46)) - raft.server.log.segment.size.max = 32MB (=33554432) (default)
2024-10-31 03:23:35,926 INFO  server.RaftServerConfigKeys (ConfUtils.java:logGet(46)) - raft.server.log.segment.cache.num.max = 6 (default)
2024-10-31 03:23:35,926 INFO  server.RaftServerConfigKeys (ConfUtils.java:logGet(46)) - raft.server.log.segment.cache.size.max = 200MB (=209715200) (default)
2024-10-31 03:23:35,926 INFO  server.RaftServerConfigKeys (ConfUtils.java:logGet(46)) - raft.server.log.appender.buffer.byte-limit = 4MB (=4194304) (default)
2024-10-31 03:23:35,927 INFO  util.AwaitToRun (AwaitToRun.java:start(81)) - Thread[s13@group-4EB49E3E6D70-cacheEviction-AwaitToRun,5,main] started
2024-10-31 03:23:35,927 INFO  segmented.SegmentedRaftLogWorker (SegmentedRaftLogWorker.java:<init>(189)) - new s13@group-4EB49E3E6D70-SegmentedRaftLogWorker for RaftStorageImpl:Storage Directory /home/runner/work/ratis/ratis/ratis-examples/target/test/data/f203f927/MiniRaftClusterWithSimulatedRpca2d4e021/s13/4db53919-561a-4c5c-bf25-4eb49e3e6d70
2024-10-31 03:23:35,927 INFO  server.RaftServerConfigKeys (ConfUtils.java:logGet(46)) - raft.server.log.queue.byte-limit = 64MB (=67108864) (default)
2024-10-31 03:23:35,927 INFO  server.RaftServerConfigKeys (ConfUtils.java:logGet(46)) - raft.server.log.queue.element-limit = 4096 (default)
2024-10-31 03:23:35,927 INFO  server.RaftServerConfigKeys (ConfUtils.java:logGet(46)) - raft.server.log.segment.size.max = 32MB (=33554432) (default)
2024-10-31 03:23:35,927 INFO  server.RaftServerConfigKeys (ConfUtils.java:logGet(46)) - raft.server.log.preallocated.size = 4MB (=4194304) (default)
2024-10-31 03:23:35,927 INFO  server.RaftServerConfigKeys (ConfUtils.java:logGet(46)) - raft.server.log.force.sync.num = 128 (default)
2024-10-31 03:23:35,927 INFO  server.RaftServerConfigKeys (ConfUtils.java:logGet(46)) - raft.server.log.statemachine.data.sync = true (default)
2024-10-31 03:23:35,927 INFO  server.RaftServerConfigKeys (ConfUtils.java:logGet(46)) - raft.server.log.statemachine.data.sync.timeout = 10s (default)
2024-10-31 03:23:35,927 INFO  server.RaftServerConfigKeys (ConfUtils.java:logGet(46)) - raft.server.log.statemachine.data.sync.timeout.retry = -1 (default)
2024-10-31 03:23:35,927 INFO  server.RaftServerConfigKeys (ConfUtils.java:logGet(46)) - raft.server.log.write.buffer.size = 8MB (=8388608) (default)
2024-10-31 03:23:35,929 INFO  server.RaftServerConfigKeys (ConfUtils.java:logGet(46)) - raft.server.log.appender.buffer.byte-limit = 4MB (=4194304) (default)
2024-10-31 03:23:35,929 INFO  server.RaftServerConfigKeys (ConfUtils.java:logGet(46)) - raft.server.log.unsafe-flush.enabled = false (default)
2024-10-31 03:23:35,929 INFO  server.RaftServerConfigKeys (ConfUtils.java:logGet(46)) - raft.server.log.async-flush.enabled = false (default)
2024-10-31 03:23:35,929 INFO  server.RaftServerConfigKeys (ConfUtils.java:logGet(46)) - raft.server.log.statemachine.data.caching.enabled = false (default)
2024-10-31 03:23:35,930 INFO  segmented.SegmentedRaftLogWorker (SegmentedRaftLogWorker.java:lambda$new$0(140)) - s13@group-4EB49E3E6D70-SegmentedRaftLogWorker: flushIndex: setUnconditionally 0 -> -1
2024-10-31 03:23:35,930 INFO  segmented.SegmentedRaftLogWorker (SegmentedRaftLogWorker.java:lambda$new$0(140)) - s13@group-4EB49E3E6D70-SegmentedRaftLogWorker: safeCacheEvictIndex: setUnconditionally 0 -> -1
2024-10-31 03:23:35,930 INFO  server.RaftServer$Division (RaftServerImpl.java:start(398)) - s13@group-4EB49E3E6D70: start with initializing state, conf=conf: {index: -1, cur=peers:[]|listeners:[], old=null}
2024-10-31 03:23:35,930 INFO  server.RaftServer$Division (RaftServerImpl.java:setRole(379)) - s13@group-4EB49E3E6D70: changes role from      null to FOLLOWER at term 0 for start
2024-10-31 03:23:35,930 INFO  util.JmxRegister (JmxRegister.java:tryRegister(44)) - Successfully registered JMX Bean with object name Ratis:service=RaftServer,group=group-4EB49E3E6D70,id=s13
2024-10-31 03:23:35,930 INFO  util.JmxRegister (JmxRegister.java:register(58)) - register mxBean class org.apache.ratis.server.impl.RaftServerJmxAdapter as Ratis:service=RaftServer,group=group-4EB49E3E6D70,id=s13
2024-10-31 03:23:35,930 INFO  server.RaftServerConfigKeys (ConfUtils.java:logGet(46)) - raft.server.snapshot.trigger-when-stop.enabled = true (default)
2024-10-31 03:23:35,930 INFO  server.RaftServerConfigKeys (ConfUtils.java:logGet(46)) - raft.server.snapshot.trigger-when-remove.enabled = true (default)
2024-10-31 03:23:35,930 INFO  server.RaftServerConfigKeys (ConfUtils.java:logGet(46)) - raft.server.snapshot.auto.trigger.enabled = false (default)
2024-10-31 03:23:35,931 INFO  server.RaftServerConfigKeys (ConfUtils.java:logGet(46)) - raft.server.snapshot.retention.file.num = -1 (default)
2024-10-31 03:23:35,931 INFO  server.RaftServerConfigKeys (ConfUtils.java:logGet(46)) - raft.server.log.purge.upto.snapshot.index = false (default)
2024-10-31 03:23:35,931 INFO  server.RaftServer$Division (RaftServerImpl.java:start(406)) - s13@group-4EB49E3E6D70: Successfully started.
2024-10-31 03:23:35,931 INFO  server.RaftServer (RaftServerProxy.java:startImpl(408)) - s13: start RPC server
2024-10-31 03:23:35,932 INFO  server.RaftServerConfigKeys (ConfUtils.java:logGet(46)) - raft.server.storage.free-space.min = 0MB (=0) (default)
2024-10-31 03:23:35,932 INFO  server.RaftServerConfigKeys (ConfUtils.java:logGet(46)) - raft.server.log.corruption.policy = EXCEPTION (default)
2024-10-31 03:23:35,932 INFO  server.RaftServerConfigKeys (ConfUtils.java:logGet(46)) - raft.server.storage.dir = [/home/runner/work/ratis/ratis/ratis-examples/target/test/data/f203f927/MiniRaftClusterWithSimulatedRpca2d4e021/s12] (custom)
2024-10-31 03:23:35,933 INFO  storage.RaftStorageDirectory (RaftStorageDirectoryImpl.java:analyzeStorage(138)) - The storage directory /home/runner/work/ratis/ratis/ratis-examples/target/test/data/f203f927/MiniRaftClusterWithSimulatedRpca2d4e021/s12/4db53919-561a-4c5c-bf25-4eb49e3e6d70 does not exist. Creating ...
2024-10-31 03:23:35,933 INFO  util.JvmPauseMonitor (JvmPauseMonitor.java:run(146)) - JvmPauseMonitor-s13: Started
2024-10-31 03:23:35,933 TRACE util.FileUtils (LogUtils.java:runAndLog(49)) - Successfully ran Files.createDirectories /home/runner/work/ratis/ratis/ratis-examples/target/test/data/f203f927/MiniRaftClusterWithSimulatedRpca2d4e021/s12/4db53919-561a-4c5c-bf25-4eb49e3e6d70
2024-10-31 03:23:35,934 INFO  storage.RaftStorageDirectory (RaftStorageDirectoryImpl.java:tryLock(229)) - Lock on /home/runner/work/ratis/ratis/ratis-examples/target/test/data/f203f927/MiniRaftClusterWithSimulatedRpca2d4e021/s12/4db53919-561a-4c5c-bf25-4eb49e3e6d70/in_use.lock acquired by nodename 14975@fv-az1757-779
2024-10-31 03:23:35,934 TRACE util.FileUtils (LogUtils.java:runAndLog(49)) - Successfully ran Files.createDirectories /home/runner/work/ratis/ratis/ratis-examples/target/test/data/f203f927/MiniRaftClusterWithSimulatedRpca2d4e021/s12/4db53919-561a-4c5c-bf25-4eb49e3e6d70/current
2024-10-31 03:23:35,934 TRACE util.FileUtils (LogUtils.java:runAndLog(49)) - Successfully ran Files.createDirectories /home/runner/work/ratis/ratis/ratis-examples/target/test/data/f203f927/MiniRaftClusterWithSimulatedRpca2d4e021/s12/4db53919-561a-4c5c-bf25-4eb49e3e6d70/sm
2024-10-31 03:23:35,934 TRACE util.FileUtils (LogUtils.java:supplyAndLog(69)) - Successfully supplied FileChannel.open /home/runner/work/ratis/ratis/ratis-examples/target/test/data/f203f927/MiniRaftClusterWithSimulatedRpca2d4e021/s12/4db53919-561a-4c5c-bf25-4eb49e3e6d70/current/raft-meta.tmp with options [CREATE, WRITE]: sun.nio.ch.FileChannelImpl@59cdb788
2024-10-31 03:23:35,936 TRACE util.FileUtils (LogUtils.java:runAndLog(49)) - Successfully ran Atomic Files.move /home/runner/work/ratis/ratis/ratis-examples/target/test/data/f203f927/MiniRaftClusterWithSimulatedRpca2d4e021/s12/4db53919-561a-4c5c-bf25-4eb49e3e6d70/current/raft-meta.tmp to /home/runner/work/ratis/ratis/ratis-examples/target/test/data/f203f927/MiniRaftClusterWithSimulatedRpca2d4e021/s12/4db53919-561a-4c5c-bf25-4eb49e3e6d70/current/raft-meta with options [REPLACE_EXISTING]
2024-10-31 03:23:35,936 INFO  storage.RaftStorage (RaftStorageImpl.java:format(98)) - Storage directory /home/runner/work/ratis/ratis/ratis-examples/target/test/data/f203f927/MiniRaftClusterWithSimulatedRpca2d4e021/s12/4db53919-561a-4c5c-bf25-4eb49e3e6d70 has been successfully formatted.
2024-10-31 03:23:35,936 WARN  statemachine.StateMachine (ArithmeticStateMachine.java:loadSnapshot(115)) - The snapshot info is null.
2024-10-31 03:23:35,936 INFO  server.RaftServerConfigKeys (ConfUtils.java:logGet(46)) - raft.server.log.use.memory = false (default)
2024-10-31 03:23:35,936 INFO  server.RaftServerConfigKeys (ConfUtils.java:logGet(46)) - raft.server.log.purge.gap = 1024 (default)
2024-10-31 03:23:35,936 INFO  server.RaftServerConfigKeys (ConfUtils.java:logGet(46)) - raft.server.log.appender.buffer.byte-limit = 4MB (=4194304) (default)
2024-10-31 03:23:35,936 INFO  server.RaftServerConfigKeys (ConfUtils.java:logGet(46)) - raft.server.log.statemachine.data.read.timeout = 1000ms (default)
2024-10-31 03:23:35,936 INFO  server.RaftServerConfigKeys (ConfUtils.java:logGet(46)) - raft.server.log.purge.preservation.log.num = 0 (default)
2024-10-31 03:23:35,937 INFO  server.RaftServerConfigKeys (ConfUtils.java:logGet(46)) - raft.server.log.segment.size.max = 32MB (=33554432) (default)
2024-10-31 03:23:35,937 INFO  server.RaftServerConfigKeys (ConfUtils.java:logGet(46)) - raft.server.log.segment.cache.num.max = 6 (default)
2024-10-31 03:23:35,937 INFO  server.RaftServerConfigKeys (ConfUtils.java:logGet(46)) - raft.server.log.segment.cache.size.max = 200MB (=209715200) (default)
2024-10-31 03:23:35,937 INFO  server.RaftServerConfigKeys (ConfUtils.java:logGet(46)) - raft.server.log.appender.buffer.byte-limit = 4MB (=4194304) (default)
2024-10-31 03:23:35,937 INFO  util.AwaitToRun (AwaitToRun.java:start(81)) - Thread[s12@group-4EB49E3E6D70-cacheEviction-AwaitToRun,5,main] started
2024-10-31 03:23:35,937 INFO  segmented.SegmentedRaftLogWorker (SegmentedRaftLogWorker.java:<init>(189)) - new s12@group-4EB49E3E6D70-SegmentedRaftLogWorker for RaftStorageImpl:Storage Directory /home/runner/work/ratis/ratis/ratis-examples/target/test/data/f203f927/MiniRaftClusterWithSimulatedRpca2d4e021/s12/4db53919-561a-4c5c-bf25-4eb49e3e6d70
2024-10-31 03:23:35,937 INFO  server.RaftServerConfigKeys (ConfUtils.java:logGet(46)) - raft.server.log.queue.byte-limit = 64MB (=67108864) (default)
2024-10-31 03:23:35,938 INFO  server.RaftServerConfigKeys (ConfUtils.java:logGet(46)) - raft.server.log.queue.element-limit = 4096 (default)
2024-10-31 03:23:35,938 INFO  server.RaftServerConfigKeys (ConfUtils.java:logGet(46)) - raft.server.log.segment.size.max = 32MB (=33554432) (default)
2024-10-31 03:23:35,938 INFO  server.RaftServerConfigKeys (ConfUtils.java:logGet(46)) - raft.server.log.preallocated.size = 4MB (=4194304) (default)
2024-10-31 03:23:35,938 INFO  server.RaftServerConfigKeys (ConfUtils.java:logGet(46)) - raft.server.log.force.sync.num = 128 (default)
2024-10-31 03:23:35,938 INFO  server.RaftServerConfigKeys (ConfUtils.java:logGet(46)) - raft.server.log.statemachine.data.sync = true (default)
2024-10-31 03:23:35,938 INFO  server.RaftServerConfigKeys (ConfUtils.java:logGet(46)) - raft.server.log.statemachine.data.sync.timeout = 10s (default)
2024-10-31 03:23:35,938 INFO  server.RaftServerConfigKeys (ConfUtils.java:logGet(46)) - raft.server.log.statemachine.data.sync.timeout.retry = -1 (default)
2024-10-31 03:23:35,938 INFO  server.RaftServerConfigKeys (ConfUtils.java:logGet(46)) - raft.server.log.write.buffer.size = 8MB (=8388608) (default)
2024-10-31 03:23:35,940 INFO  server.RaftServerConfigKeys (ConfUtils.java:logGet(46)) - raft.server.log.appender.buffer.byte-limit = 4MB (=4194304) (default)
2024-10-31 03:23:35,940 INFO  server.RaftServerConfigKeys (ConfUtils.java:logGet(46)) - raft.server.log.unsafe-flush.enabled = false (default)
2024-10-31 03:23:35,940 INFO  server.RaftServerConfigKeys (ConfUtils.java:logGet(46)) - raft.server.log.async-flush.enabled = false (default)
2024-10-31 03:23:35,940 INFO  server.RaftServerConfigKeys (ConfUtils.java:logGet(46)) - raft.server.log.statemachine.data.caching.enabled = false (default)
2024-10-31 03:23:35,940 INFO  segmented.SegmentedRaftLogWorker (SegmentedRaftLogWorker.java:lambda$new$0(140)) - s12@group-4EB49E3E6D70-SegmentedRaftLogWorker: flushIndex: setUnconditionally 0 -> -1
2024-10-31 03:23:35,940 INFO  segmented.SegmentedRaftLogWorker (SegmentedRaftLogWorker.java:lambda$new$0(140)) - s12@group-4EB49E3E6D70-SegmentedRaftLogWorker: safeCacheEvictIndex: setUnconditionally 0 -> -1
2024-10-31 03:23:35,940 INFO  server.RaftServer$Division (RaftServerImpl.java:start(398)) - s12@group-4EB49E3E6D70: start with initializing state, conf=conf: {index: -1, cur=peers:[]|listeners:[], old=null}
2024-10-31 03:23:35,940 INFO  server.RaftServer$Division (RaftServerImpl.java:setRole(379)) - s12@group-4EB49E3E6D70: changes role from      null to FOLLOWER at term 0 for start
2024-10-31 03:23:35,941 INFO  util.JmxRegister (JmxRegister.java:tryRegister(44)) - Successfully registered JMX Bean with object name Ratis:service=RaftServer,group=group-4EB49E3E6D70,id=s12
2024-10-31 03:23:35,941 INFO  util.JmxRegister (JmxRegister.java:register(58)) - register mxBean class org.apache.ratis.server.impl.RaftServerJmxAdapter as Ratis:service=RaftServer,group=group-4EB49E3E6D70,id=s12
2024-10-31 03:23:35,941 INFO  server.RaftServerConfigKeys (ConfUtils.java:logGet(46)) - raft.server.snapshot.trigger-when-stop.enabled = true (default)
2024-10-31 03:23:35,941 INFO  server.RaftServerConfigKeys (ConfUtils.java:logGet(46)) - raft.server.snapshot.trigger-when-remove.enabled = true (default)
2024-10-31 03:23:35,941 INFO  server.RaftServerConfigKeys (ConfUtils.java:logGet(46)) - raft.server.snapshot.auto.trigger.enabled = false (default)
2024-10-31 03:23:35,941 INFO  server.RaftServerConfigKeys (ConfUtils.java:logGet(46)) - raft.server.snapshot.retention.file.num = -1 (default)
2024-10-31 03:23:35,941 INFO  server.RaftServerConfigKeys (ConfUtils.java:logGet(46)) - raft.server.log.purge.upto.snapshot.index = false (default)
2024-10-31 03:23:35,941 INFO  server.RaftServer$Division (RaftServerImpl.java:start(406)) - s12@group-4EB49E3E6D70: Successfully started.
2024-10-31 03:23:35,941 INFO  server.RaftServer (RaftServerProxy.java:startImpl(408)) - s12: start RPC server
2024-10-31 03:23:35,942 INFO  util.JvmPauseMonitor (JvmPauseMonitor.java:run(146)) - JvmPauseMonitor-s12: Started
2024-10-31 03:23:35,942 INFO  server.RaftServerConfigKeys (ConfUtils.java:logGet(46)) - raft.server.storage.free-space.min = 0MB (=0) (default)
2024-10-31 03:23:35,943 INFO  server.RaftServerConfigKeys (ConfUtils.java:logGet(46)) - raft.server.log.corruption.policy = EXCEPTION (default)
2024-10-31 03:23:35,943 INFO  server.RaftServerConfigKeys (ConfUtils.java:logGet(46)) - raft.server.storage.dir = [/home/runner/work/ratis/ratis/ratis-examples/target/test/data/f203f927/MiniRaftClusterWithSimulatedRpca2d4e021/s14] (custom)
2024-10-31 03:23:35,943 INFO  storage.RaftStorageDirectory (RaftStorageDirectoryImpl.java:analyzeStorage(138)) - The storage directory /home/runner/work/ratis/ratis/ratis-examples/target/test/data/f203f927/MiniRaftClusterWithSimulatedRpca2d4e021/s14/4db53919-561a-4c5c-bf25-4eb49e3e6d70 does not exist. Creating ...
2024-10-31 03:23:35,943 TRACE util.FileUtils (LogUtils.java:runAndLog(49)) - Successfully ran Files.createDirectories /home/runner/work/ratis/ratis/ratis-examples/target/test/data/f203f927/MiniRaftClusterWithSimulatedRpca2d4e021/s14/4db53919-561a-4c5c-bf25-4eb49e3e6d70
2024-10-31 03:23:35,944 INFO  storage.RaftStorageDirectory (RaftStorageDirectoryImpl.java:tryLock(229)) - Lock on /home/runner/work/ratis/ratis/ratis-examples/target/test/data/f203f927/MiniRaftClusterWithSimulatedRpca2d4e021/s14/4db53919-561a-4c5c-bf25-4eb49e3e6d70/in_use.lock acquired by nodename 14975@fv-az1757-779
2024-10-31 03:23:35,944 TRACE util.FileUtils (LogUtils.java:runAndLog(49)) - Successfully ran Files.createDirectories /home/runner/work/ratis/ratis/ratis-examples/target/test/data/f203f927/MiniRaftClusterWithSimulatedRpca2d4e021/s14/4db53919-561a-4c5c-bf25-4eb49e3e6d70/current
2024-10-31 03:23:35,944 TRACE util.FileUtils (LogUtils.java:runAndLog(49)) - Successfully ran Files.createDirectories /home/runner/work/ratis/ratis/ratis-examples/target/test/data/f203f927/MiniRaftClusterWithSimulatedRpca2d4e021/s14/4db53919-561a-4c5c-bf25-4eb49e3e6d70/sm
2024-10-31 03:23:35,945 TRACE util.FileUtils (LogUtils.java:supplyAndLog(69)) - Successfully supplied FileChannel.open /home/runner/work/ratis/ratis/ratis-examples/target/test/data/f203f927/MiniRaftClusterWithSimulatedRpca2d4e021/s14/4db53919-561a-4c5c-bf25-4eb49e3e6d70/current/raft-meta.tmp with options [CREATE, WRITE]: sun.nio.ch.FileChannelImpl@11d5e081
2024-10-31 03:23:35,946 TRACE util.FileUtils (LogUtils.java:runAndLog(49)) - Successfully ran Atomic Files.move /home/runner/work/ratis/ratis/ratis-examples/target/test/data/f203f927/MiniRaftClusterWithSimulatedRpca2d4e021/s14/4db53919-561a-4c5c-bf25-4eb49e3e6d70/current/raft-meta.tmp to /home/runner/work/ratis/ratis/ratis-examples/target/test/data/f203f927/MiniRaftClusterWithSimulatedRpca2d4e021/s14/4db53919-561a-4c5c-bf25-4eb49e3e6d70/current/raft-meta with options [REPLACE_EXISTING]
2024-10-31 03:23:35,946 INFO  storage.RaftStorage (RaftStorageImpl.java:format(98)) - Storage directory /home/runner/work/ratis/ratis/ratis-examples/target/test/data/f203f927/MiniRaftClusterWithSimulatedRpca2d4e021/s14/4db53919-561a-4c5c-bf25-4eb49e3e6d70 has been successfully formatted.
2024-10-31 03:23:35,946 WARN  statemachine.StateMachine (ArithmeticStateMachine.java:loadSnapshot(115)) - The snapshot info is null.
2024-10-31 03:23:35,946 INFO  server.RaftServerConfigKeys (ConfUtils.java:logGet(46)) - raft.server.log.use.memory = false (default)
2024-10-31 03:23:35,947 INFO  server.RaftServerConfigKeys (ConfUtils.java:logGet(46)) - raft.server.log.purge.gap = 1024 (default)
2024-10-31 03:23:35,947 INFO  server.RaftServerConfigKeys (ConfUtils.java:logGet(46)) - raft.server.log.appender.buffer.byte-limit = 4MB (=4194304) (default)
2024-10-31 03:23:35,947 INFO  server.RaftServerConfigKeys (ConfUtils.java:logGet(46)) - raft.server.log.statemachine.data.read.timeout = 1000ms (default)
2024-10-31 03:23:35,947 INFO  server.RaftServerConfigKeys (ConfUtils.java:logGet(46)) - raft.server.log.purge.preservation.log.num = 0 (default)
2024-10-31 03:23:35,947 INFO  server.RaftServerConfigKeys (ConfUtils.java:logGet(46)) - raft.server.log.segment.size.max = 32MB (=33554432) (default)
2024-10-31 03:23:35,947 INFO  server.RaftServerConfigKeys (ConfUtils.java:logGet(46)) - raft.server.log.segment.cache.num.max = 6 (default)
2024-10-31 03:23:35,947 INFO  server.RaftServerConfigKeys (ConfUtils.java:logGet(46)) - raft.server.log.segment.cache.size.max = 200MB (=209715200) (default)
2024-10-31 03:23:35,948 INFO  server.RaftServerConfigKeys (ConfUtils.java:logGet(46)) - raft.server.log.appender.buffer.byte-limit = 4MB (=4194304) (default)
2024-10-31 03:23:35,952 INFO  util.AwaitToRun (AwaitToRun.java:start(81)) - Thread[s14@group-4EB49E3E6D70-cacheEviction-AwaitToRun,5,main] started
2024-10-31 03:23:35,952 INFO  segmented.SegmentedRaftLogWorker (SegmentedRaftLogWorker.java:<init>(189)) - new s14@group-4EB49E3E6D70-SegmentedRaftLogWorker for RaftStorageImpl:Storage Directory /home/runner/work/ratis/ratis/ratis-examples/target/test/data/f203f927/MiniRaftClusterWithSimulatedRpca2d4e021/s14/4db53919-561a-4c5c-bf25-4eb49e3e6d70
2024-10-31 03:23:35,952 INFO  server.RaftServerConfigKeys (ConfUtils.java:logGet(46)) - raft.server.log.queue.byte-limit = 64MB (=67108864) (default)
2024-10-31 03:23:35,952 INFO  server.RaftServerConfigKeys (ConfUtils.java:logGet(46)) - raft.server.log.queue.element-limit = 4096 (default)
2024-10-31 03:23:35,953 INFO  server.RaftServerConfigKeys (ConfUtils.java:logGet(46)) - raft.server.log.segment.size.max = 32MB (=33554432) (default)
2024-10-31 03:23:35,953 INFO  server.RaftServerConfigKeys (ConfUtils.java:logGet(46)) - raft.server.log.preallocated.size = 4MB (=4194304) (default)
2024-10-31 03:23:35,953 INFO  server.RaftServerConfigKeys (ConfUtils.java:logGet(46)) - raft.server.log.force.sync.num = 128 (default)
2024-10-31 03:23:35,953 INFO  server.RaftServerConfigKeys (ConfUtils.java:logGet(46)) - raft.server.log.statemachine.data.sync = true (default)
2024-10-31 03:23:35,953 INFO  server.RaftServerConfigKeys (ConfUtils.java:logGet(46)) - raft.server.log.statemachine.data.sync.timeout = 10s (default)
2024-10-31 03:23:35,953 INFO  server.RaftServerConfigKeys (ConfUtils.java:logGet(46)) - raft.server.log.statemachine.data.sync.timeout.retry = -1 (default)
2024-10-31 03:23:35,953 INFO  server.RaftServerConfigKeys (ConfUtils.java:logGet(46)) - raft.server.log.write.buffer.size = 8MB (=8388608) (default)
2024-10-31 03:23:35,955 INFO  server.RaftServerConfigKeys (ConfUtils.java:logGet(46)) - raft.server.log.appender.buffer.byte-limit = 4MB (=4194304) (default)
2024-10-31 03:23:35,955 INFO  server.RaftServerConfigKeys (ConfUtils.java:logGet(46)) - raft.server.log.unsafe-flush.enabled = false (default)
2024-10-31 03:23:35,955 INFO  server.RaftServerConfigKeys (ConfUtils.java:logGet(46)) - raft.server.log.async-flush.enabled = false (default)
2024-10-31 03:23:35,955 INFO  server.RaftServerConfigKeys (ConfUtils.java:logGet(46)) - raft.server.log.statemachine.data.caching.enabled = false (default)
2024-10-31 03:23:35,955 INFO  segmented.SegmentedRaftLogWorker (SegmentedRaftLogWorker.java:lambda$new$0(140)) - s14@group-4EB49E3E6D70-SegmentedRaftLogWorker: flushIndex: setUnconditionally 0 -> -1
2024-10-31 03:23:35,956 INFO  segmented.SegmentedRaftLogWorker (SegmentedRaftLogWorker.java:lambda$new$0(140)) - s14@group-4EB49E3E6D70-SegmentedRaftLogWorker: safeCacheEvictIndex: setUnconditionally 0 -> -1
2024-10-31 03:23:35,956 INFO  server.RaftServer$Division (RaftServerImpl.java:start(398)) - s14@group-4EB49E3E6D70: start with initializing state, conf=conf: {index: -1, cur=peers:[]|listeners:[], old=null}
2024-10-31 03:23:35,956 INFO  server.RaftServer$Division (RaftServerImpl.java:setRole(379)) - s14@group-4EB49E3E6D70: changes role from      null to FOLLOWER at term 0 for start
2024-10-31 03:23:35,956 INFO  util.JmxRegister (JmxRegister.java:tryRegister(44)) - Successfully registered JMX Bean with object name Ratis:service=RaftServer,group=group-4EB49E3E6D70,id=s14
2024-10-31 03:23:35,956 INFO  util.JmxRegister (JmxRegister.java:register(58)) - register mxBean class org.apache.ratis.server.impl.RaftServerJmxAdapter as Ratis:service=RaftServer,group=group-4EB49E3E6D70,id=s14
2024-10-31 03:23:35,956 INFO  server.RaftServerConfigKeys (ConfUtils.java:logGet(46)) - raft.server.snapshot.trigger-when-stop.enabled = true (default)
2024-10-31 03:23:35,956 INFO  server.RaftServerConfigKeys (ConfUtils.java:logGet(46)) - raft.server.snapshot.trigger-when-remove.enabled = true (default)
2024-10-31 03:23:35,956 INFO  server.RaftServerConfigKeys (ConfUtils.java:logGet(46)) - raft.server.snapshot.auto.trigger.enabled = false (default)
2024-10-31 03:23:35,956 INFO  server.RaftServerConfigKeys (ConfUtils.java:logGet(46)) - raft.server.snapshot.retention.file.num = -1 (default)
2024-10-31 03:23:35,956 INFO  server.RaftServerConfigKeys (ConfUtils.java:logGet(46)) - raft.server.log.purge.upto.snapshot.index = false (default)
2024-10-31 03:23:35,957 INFO  server.RaftServer$Division (RaftServerImpl.java:start(406)) - s14@group-4EB49E3E6D70: Successfully started.
2024-10-31 03:23:35,957 INFO  server.RaftServer (RaftServerProxy.java:startImpl(408)) - s14: start RPC server
2024-10-31 03:23:35,958 INFO  util.JvmPauseMonitor (JvmPauseMonitor.java:run(146)) - JvmPauseMonitor-s14: Started
2024-10-31 03:23:35,958 INFO  server.RaftServerConfigKeys (ConfUtils.java:logGet(46)) - raft.server.storage.free-space.min = 0MB (=0) (default)
2024-10-31 03:23:35,958 INFO  server.RaftServerConfigKeys (ConfUtils.java:logGet(46)) - raft.server.log.corruption.policy = EXCEPTION (default)
2024-10-31 03:23:35,958 INFO  server.RaftServerConfigKeys (ConfUtils.java:logGet(46)) - raft.server.storage.dir = [/home/runner/work/ratis/ratis/ratis-examples/target/test/data/f203f927/MiniRaftClusterWithSimulatedRpca2d4e021/s0] (custom)
2024-10-31 03:23:35,958 INFO  storage.RaftStorageDirectory (RaftStorageDirectoryImpl.java:analyzeStorage(138)) - The storage directory /home/runner/work/ratis/ratis/ratis-examples/target/test/data/f203f927/MiniRaftClusterWithSimulatedRpca2d4e021/s0/4db53919-561a-4c5c-bf25-4eb49e3e6d70 does not exist. Creating ...
2024-10-31 03:23:35,958 TRACE util.FileUtils (LogUtils.java:runAndLog(49)) - Successfully ran Files.createDirectories /home/runner/work/ratis/ratis/ratis-examples/target/test/data/f203f927/MiniRaftClusterWithSimulatedRpca2d4e021/s0/4db53919-561a-4c5c-bf25-4eb49e3e6d70
2024-10-31 03:23:35,959 INFO  storage.RaftStorageDirectory (RaftStorageDirectoryImpl.java:tryLock(229)) - Lock on /home/runner/work/ratis/ratis/ratis-examples/target/test/data/f203f927/MiniRaftClusterWithSimulatedRpca2d4e021/s0/4db53919-561a-4c5c-bf25-4eb49e3e6d70/in_use.lock acquired by nodename 14975@fv-az1757-779
2024-10-31 03:23:35,959 TRACE util.FileUtils (LogUtils.java:runAndLog(49)) - Successfully ran Files.createDirectories /home/runner/work/ratis/ratis/ratis-examples/target/test/data/f203f927/MiniRaftClusterWithSimulatedRpca2d4e021/s0/4db53919-561a-4c5c-bf25-4eb49e3e6d70/current
2024-10-31 03:23:35,960 TRACE util.FileUtils (LogUtils.java:runAndLog(49)) - Successfully ran Files.createDirectories /home/runner/work/ratis/ratis/ratis-examples/target/test/data/f203f927/MiniRaftClusterWithSimulatedRpca2d4e021/s0/4db53919-561a-4c5c-bf25-4eb49e3e6d70/sm
2024-10-31 03:23:35,960 TRACE util.FileUtils (LogUtils.java:supplyAndLog(69)) - Successfully supplied FileChannel.open /home/runner/work/ratis/ratis/ratis-examples/target/test/data/f203f927/MiniRaftClusterWithSimulatedRpca2d4e021/s0/4db53919-561a-4c5c-bf25-4eb49e3e6d70/current/raft-meta.tmp with options [CREATE, WRITE]: sun.nio.ch.FileChannelImpl@6f164e30
2024-10-31 03:23:35,961 TRACE util.FileUtils (LogUtils.java:runAndLog(49)) - Successfully ran Atomic Files.move /home/runner/work/ratis/ratis/ratis-examples/target/test/data/f203f927/MiniRaftClusterWithSimulatedRpca2d4e021/s0/4db53919-561a-4c5c-bf25-4eb49e3e6d70/current/raft-meta.tmp to /home/runner/work/ratis/ratis/ratis-examples/target/test/data/f203f927/MiniRaftClusterWithSimulatedRpca2d4e021/s0/4db53919-561a-4c5c-bf25-4eb49e3e6d70/current/raft-meta with options [REPLACE_EXISTING]
2024-10-31 03:23:35,961 INFO  storage.RaftStorage (RaftStorageImpl.java:format(98)) - Storage directory /home/runner/work/ratis/ratis/ratis-examples/target/test/data/f203f927/MiniRaftClusterWithSimulatedRpca2d4e021/s0/4db53919-561a-4c5c-bf25-4eb49e3e6d70 has been successfully formatted.
2024-10-31 03:23:35,961 WARN  statemachine.StateMachine (ArithmeticStateMachine.java:loadSnapshot(115)) - The snapshot info is null.
2024-10-31 03:23:35,961 INFO  server.RaftServerConfigKeys (ConfUtils.java:logGet(46)) - raft.server.log.use.memory = false (default)
2024-10-31 03:23:35,961 INFO  server.RaftServerConfigKeys (ConfUtils.java:logGet(46)) - raft.server.log.purge.gap = 1024 (default)
2024-10-31 03:23:35,962 INFO  server.RaftServerConfigKeys (ConfUtils.java:logGet(46)) - raft.server.log.appender.buffer.byte-limit = 4MB (=4194304) (default)
2024-10-31 03:23:35,962 INFO  server.RaftServerConfigKeys (ConfUtils.java:logGet(46)) - raft.server.log.statemachine.data.read.timeout = 1000ms (default)
2024-10-31 03:23:35,962 INFO  server.RaftServerConfigKeys (ConfUtils.java:logGet(46)) - raft.server.log.purge.preservation.log.num = 0 (default)
2024-10-31 03:23:35,962 INFO  server.RaftServerConfigKeys (ConfUtils.java:logGet(46)) - raft.server.log.segment.size.max = 32MB (=33554432) (default)
2024-10-31 03:23:35,962 INFO  server.RaftServerConfigKeys (ConfUtils.java:logGet(46)) - raft.server.log.segment.cache.num.max = 6 (default)
2024-10-31 03:23:35,962 INFO  server.RaftServerConfigKeys (ConfUtils.java:logGet(46)) - raft.server.log.segment.cache.size.max = 200MB (=209715200) (default)
2024-10-31 03:23:35,962 INFO  server.RaftServerConfigKeys (ConfUtils.java:logGet(46)) - raft.server.log.appender.buffer.byte-limit = 4MB (=4194304) (default)
2024-10-31 03:23:35,965 INFO  util.AwaitToRun (AwaitToRun.java:start(81)) - Thread[s0@group-4EB49E3E6D70-cacheEviction-AwaitToRun,5,main] started
2024-10-31 03:23:35,965 INFO  segmented.SegmentedRaftLogWorker (SegmentedRaftLogWorker.java:<init>(189)) - new s0@group-4EB49E3E6D70-SegmentedRaftLogWorker for RaftStorageImpl:Storage Directory /home/runner/work/ratis/ratis/ratis-examples/target/test/data/f203f927/MiniRaftClusterWithSimulatedRpca2d4e021/s0/4db53919-561a-4c5c-bf25-4eb49e3e6d70
2024-10-31 03:23:35,965 INFO  server.RaftServerConfigKeys (ConfUtils.java:logGet(46)) - raft.server.log.queue.byte-limit = 64MB (=67108864) (default)
2024-10-31 03:23:35,965 INFO  server.RaftServerConfigKeys (ConfUtils.java:logGet(46)) - raft.server.log.queue.element-limit = 4096 (default)
2024-10-31 03:23:35,965 INFO  server.RaftServerConfigKeys (ConfUtils.java:logGet(46)) - raft.server.log.segment.size.max = 32MB (=33554432) (default)
2024-10-31 03:23:35,965 INFO  server.RaftServerConfigKeys (ConfUtils.java:logGet(46)) - raft.server.log.preallocated.size = 4MB (=4194304) (default)
2024-10-31 03:23:35,965 INFO  server.RaftServerConfigKeys (ConfUtils.java:logGet(46)) - raft.server.log.force.sync.num = 128 (default)
2024-10-31 03:23:35,965 INFO  server.RaftServerConfigKeys (ConfUtils.java:logGet(46)) - raft.server.log.statemachine.data.sync = true (default)
2024-10-31 03:23:35,965 INFO  server.RaftServerConfigKeys (ConfUtils.java:logGet(46)) - raft.server.log.statemachine.data.sync.timeout = 10s (default)
2024-10-31 03:23:35,965 INFO  server.RaftServerConfigKeys (ConfUtils.java:logGet(46)) - raft.server.log.statemachine.data.sync.timeout.retry = -1 (default)
2024-10-31 03:23:35,965 INFO  server.RaftServerConfigKeys (ConfUtils.java:logGet(46)) - raft.server.log.write.buffer.size = 8MB (=8388608) (default)
2024-10-31 03:23:35,967 INFO  server.RaftServerConfigKeys (ConfUtils.java:logGet(46)) - raft.server.log.appender.buffer.byte-limit = 4MB (=4194304) (default)
2024-10-31 03:23:35,967 INFO  server.RaftServerConfigKeys (ConfUtils.java:logGet(46)) - raft.server.log.unsafe-flush.enabled = false (default)
2024-10-31 03:23:35,967 INFO  server.RaftServerConfigKeys (ConfUtils.java:logGet(46)) - raft.server.log.async-flush.enabled = false (default)
2024-10-31 03:23:35,967 INFO  server.RaftServerConfigKeys (ConfUtils.java:logGet(46)) - raft.server.log.statemachine.data.caching.enabled = false (default)
2024-10-31 03:23:35,967 INFO  segmented.SegmentedRaftLogWorker (SegmentedRaftLogWorker.java:lambda$new$0(140)) - s0@group-4EB49E3E6D70-SegmentedRaftLogWorker: flushIndex: setUnconditionally 0 -> -1
2024-10-31 03:23:35,968 INFO  segmented.SegmentedRaftLogWorker (SegmentedRaftLogWorker.java:lambda$new$0(140)) - s0@group-4EB49E3E6D70-SegmentedRaftLogWorker: safeCacheEvictIndex: setUnconditionally 0 -> -1
2024-10-31 03:23:35,968 INFO  server.RaftServer$Division (RaftServerImpl.java:start(398)) - s0@group-4EB49E3E6D70: start with initializing state, conf=conf: {index: -1, cur=peers:[]|listeners:[], old=null}
2024-10-31 03:23:35,968 INFO  server.RaftServer$Division (RaftServerImpl.java:setRole(379)) - s0@group-4EB49E3E6D70: changes role from      null to FOLLOWER at term 0 for start
2024-10-31 03:23:35,968 INFO  util.JmxRegister (JmxRegister.java:tryRegister(44)) - Successfully registered JMX Bean with object name Ratis:service=RaftServer,group=group-4EB49E3E6D70,id=s0
2024-10-31 03:23:35,968 INFO  util.JmxRegister (JmxRegister.java:register(58)) - register mxBean class org.apache.ratis.server.impl.RaftServerJmxAdapter as Ratis:service=RaftServer,group=group-4EB49E3E6D70,id=s0
2024-10-31 03:23:35,968 INFO  server.RaftServerConfigKeys (ConfUtils.java:logGet(46)) - raft.server.snapshot.trigger-when-stop.enabled = true (default)
2024-10-31 03:23:35,968 INFO  server.RaftServerConfigKeys (ConfUtils.java:logGet(46)) - raft.server.snapshot.trigger-when-remove.enabled = true (default)
2024-10-31 03:23:35,968 INFO  server.RaftServerConfigKeys (ConfUtils.java:logGet(46)) - raft.server.snapshot.auto.trigger.enabled = false (default)
2024-10-31 03:23:35,968 INFO  server.RaftServerConfigKeys (ConfUtils.java:logGet(46)) - raft.server.snapshot.retention.file.num = -1 (default)
2024-10-31 03:23:35,968 INFO  server.RaftServerConfigKeys (ConfUtils.java:logGet(46)) - raft.server.log.purge.upto.snapshot.index = false (default)
2024-10-31 03:23:35,969 INFO  server.RaftServer$Division (RaftServerImpl.java:start(406)) - s0@group-4EB49E3E6D70: Successfully started.
2024-10-31 03:23:35,969 INFO  server.RaftServer (RaftServerProxy.java:startImpl(408)) - s0: start RPC server
2024-10-31 03:23:35,970 INFO  util.JvmPauseMonitor (JvmPauseMonitor.java:run(146)) - JvmPauseMonitor-s0: Started
2024-10-31 03:23:35,970 INFO  server.RaftServerConfigKeys (ConfUtils.java:logGet(46)) - raft.server.storage.free-space.min = 0MB (=0) (default)
2024-10-31 03:23:35,970 INFO  server.RaftServerConfigKeys (ConfUtils.java:logGet(46)) - raft.server.log.corruption.policy = EXCEPTION (default)
2024-10-31 03:23:35,970 INFO  server.RaftServerConfigKeys (ConfUtils.java:logGet(46)) - raft.server.storage.dir = [/home/runner/work/ratis/ratis/ratis-examples/target/test/data/f203f927/MiniRaftClusterWithSimulatedRpca2d4e021/s1] (custom)
2024-10-31 03:23:35,970 INFO  storage.RaftStorageDirectory (RaftStorageDirectoryImpl.java:analyzeStorage(138)) - The storage directory /home/runner/work/ratis/ratis/ratis-examples/target/test/data/f203f927/MiniRaftClusterWithSimulatedRpca2d4e021/s1/4db53919-561a-4c5c-bf25-4eb49e3e6d70 does not exist. Creating ...
2024-10-31 03:23:35,970 TRACE util.FileUtils (LogUtils.java:runAndLog(49)) - Successfully ran Files.createDirectories /home/runner/work/ratis/ratis/ratis-examples/target/test/data/f203f927/MiniRaftClusterWithSimulatedRpca2d4e021/s1/4db53919-561a-4c5c-bf25-4eb49e3e6d70
2024-10-31 03:23:35,972 INFO  storage.RaftStorageDirectory (RaftStorageDirectoryImpl.java:tryLock(229)) - Lock on /home/runner/work/ratis/ratis/ratis-examples/target/test/data/f203f927/MiniRaftClusterWithSimulatedRpca2d4e021/s1/4db53919-561a-4c5c-bf25-4eb49e3e6d70/in_use.lock acquired by nodename 14975@fv-az1757-779
2024-10-31 03:23:35,972 TRACE util.FileUtils (LogUtils.java:runAndLog(49)) - Successfully ran Files.createDirectories /home/runner/work/ratis/ratis/ratis-examples/target/test/data/f203f927/MiniRaftClusterWithSimulatedRpca2d4e021/s1/4db53919-561a-4c5c-bf25-4eb49e3e6d70/current
2024-10-31 03:23:35,972 TRACE util.FileUtils (LogUtils.java:runAndLog(49)) - Successfully ran Files.createDirectories /home/runner/work/ratis/ratis/ratis-examples/target/test/data/f203f927/MiniRaftClusterWithSimulatedRpca2d4e021/s1/4db53919-561a-4c5c-bf25-4eb49e3e6d70/sm
2024-10-31 03:23:35,972 TRACE util.FileUtils (LogUtils.java:supplyAndLog(69)) - Successfully supplied FileChannel.open /home/runner/work/ratis/ratis/ratis-examples/target/test/data/f203f927/MiniRaftClusterWithSimulatedRpca2d4e021/s1/4db53919-561a-4c5c-bf25-4eb49e3e6d70/current/raft-meta.tmp with options [CREATE, WRITE]: sun.nio.ch.FileChannelImpl@69d5f092
2024-10-31 03:23:35,973 TRACE util.FileUtils (LogUtils.java:runAndLog(49)) - Successfully ran Atomic Files.move /home/runner/work/ratis/ratis/ratis-examples/target/test/data/f203f927/MiniRaftClusterWithSimulatedRpca2d4e021/s1/4db53919-561a-4c5c-bf25-4eb49e3e6d70/current/raft-meta.tmp to /home/runner/work/ratis/ratis/ratis-examples/target/test/data/f203f927/MiniRaftClusterWithSimulatedRpca2d4e021/s1/4db53919-561a-4c5c-bf25-4eb49e3e6d70/current/raft-meta with options [REPLACE_EXISTING]
2024-10-31 03:23:35,974 INFO  storage.RaftStorage (RaftStorageImpl.java:format(98)) - Storage directory /home/runner/work/ratis/ratis/ratis-examples/target/test/data/f203f927/MiniRaftClusterWithSimulatedRpca2d4e021/s1/4db53919-561a-4c5c-bf25-4eb49e3e6d70 has been successfully formatted.
2024-10-31 03:23:35,974 WARN  statemachine.StateMachine (ArithmeticStateMachine.java:loadSnapshot(115)) - The snapshot info is null.
2024-10-31 03:23:35,974 INFO  server.RaftServerConfigKeys (ConfUtils.java:logGet(46)) - raft.server.log.use.memory = false (default)
2024-10-31 03:23:35,974 INFO  server.RaftServerConfigKeys (ConfUtils.java:logGet(46)) - raft.server.log.purge.gap = 1024 (default)
2024-10-31 03:23:35,974 INFO  server.RaftServerConfigKeys (ConfUtils.java:logGet(46)) - raft.server.log.appender.buffer.byte-limit = 4MB (=4194304) (default)
2024-10-31 03:23:35,974 INFO  server.RaftServerConfigKeys (ConfUtils.java:logGet(46)) - raft.server.log.statemachine.data.read.timeout = 1000ms (default)
2024-10-31 03:23:35,974 INFO  server.RaftServerConfigKeys (ConfUtils.java:logGet(46)) - raft.server.log.purge.preservation.log.num = 0 (default)
2024-10-31 03:23:35,975 INFO  server.RaftServerConfigKeys (ConfUtils.java:logGet(46)) - raft.server.log.segment.size.max = 32MB (=33554432) (default)
2024-10-31 03:23:35,975 INFO  server.RaftServerConfigKeys (ConfUtils.java:logGet(46)) - raft.server.log.segment.cache.num.max = 6 (default)
2024-10-31 03:23:35,975 INFO  server.RaftServerConfigKeys (ConfUtils.java:logGet(46)) - raft.server.log.segment.cache.size.max = 200MB (=209715200) (default)
2024-10-31 03:23:35,975 INFO  server.RaftServerConfigKeys (ConfUtils.java:logGet(46)) - raft.server.log.appender.buffer.byte-limit = 4MB (=4194304) (default)
2024-10-31 03:23:35,975 INFO  util.AwaitToRun (AwaitToRun.java:start(81)) - Thread[s1@group-4EB49E3E6D70-cacheEviction-AwaitToRun,5,main] started
2024-10-31 03:23:35,975 INFO  segmented.SegmentedRaftLogWorker (SegmentedRaftLogWorker.java:<init>(189)) - new s1@group-4EB49E3E6D70-SegmentedRaftLogWorker for RaftStorageImpl:Storage Directory /home/runner/work/ratis/ratis/ratis-examples/target/test/data/f203f927/MiniRaftClusterWithSimulatedRpca2d4e021/s1/4db53919-561a-4c5c-bf25-4eb49e3e6d70
2024-10-31 03:23:35,975 INFO  server.RaftServerConfigKeys (ConfUtils.java:logGet(46)) - raft.server.log.queue.byte-limit = 64MB (=67108864) (default)
2024-10-31 03:23:35,975 INFO  server.RaftServerConfigKeys (ConfUtils.java:logGet(46)) - raft.server.log.queue.element-limit = 4096 (default)
2024-10-31 03:23:35,975 INFO  server.RaftServerConfigKeys (ConfUtils.java:logGet(46)) - raft.server.log.segment.size.max = 32MB (=33554432) (default)
2024-10-31 03:23:35,975 INFO  server.RaftServerConfigKeys (ConfUtils.java:logGet(46)) - raft.server.log.preallocated.size = 4MB (=4194304) (default)
2024-10-31 03:23:35,976 INFO  server.RaftServerConfigKeys (ConfUtils.java:logGet(46)) - raft.server.log.force.sync.num = 128 (default)
2024-10-31 03:23:35,976 INFO  server.RaftServerConfigKeys (ConfUtils.java:logGet(46)) - raft.server.log.statemachine.data.sync = true (default)
2024-10-31 03:23:35,976 INFO  server.RaftServerConfigKeys (ConfUtils.java:logGet(46)) - raft.server.log.statemachine.data.sync.timeout = 10s (default)
2024-10-31 03:23:35,976 INFO  server.RaftServerConfigKeys (ConfUtils.java:logGet(46)) - raft.server.log.statemachine.data.sync.timeout.retry = -1 (default)
2024-10-31 03:23:35,976 INFO  server.RaftServerConfigKeys (ConfUtils.java:logGet(46)) - raft.server.log.write.buffer.size = 8MB (=8388608) (default)
2024-10-31 03:23:35,977 INFO  server.RaftServerConfigKeys (ConfUtils.java:logGet(46)) - raft.server.log.appender.buffer.byte-limit = 4MB (=4194304) (default)
2024-10-31 03:23:35,977 INFO  server.RaftServerConfigKeys (ConfUtils.java:logGet(46)) - raft.server.log.unsafe-flush.enabled = false (default)
2024-10-31 03:23:35,977 INFO  server.RaftServerConfigKeys (ConfUtils.java:logGet(46)) - raft.server.log.async-flush.enabled = false (default)
2024-10-31 03:23:35,978 INFO  server.RaftServerConfigKeys (ConfUtils.java:logGet(46)) - raft.server.log.statemachine.data.caching.enabled = false (default)
2024-10-31 03:23:35,978 INFO  segmented.SegmentedRaftLogWorker (SegmentedRaftLogWorker.java:lambda$new$0(140)) - s1@group-4EB49E3E6D70-SegmentedRaftLogWorker: flushIndex: setUnconditionally 0 -> -1
2024-10-31 03:23:35,978 INFO  segmented.SegmentedRaftLogWorker (SegmentedRaftLogWorker.java:lambda$new$0(140)) - s1@group-4EB49E3E6D70-SegmentedRaftLogWorker: safeCacheEvictIndex: setUnconditionally 0 -> -1
2024-10-31 03:23:35,978 INFO  server.RaftServer$Division (RaftServerImpl.java:start(398)) - s1@group-4EB49E3E6D70: start with initializing state, conf=conf: {index: -1, cur=peers:[]|listeners:[], old=null}
2024-10-31 03:23:35,978 INFO  server.RaftServer$Division (RaftServerImpl.java:setRole(379)) - s1@group-4EB49E3E6D70: changes role from      null to FOLLOWER at term 0 for start
2024-10-31 03:23:35,978 INFO  util.JmxRegister (JmxRegister.java:tryRegister(44)) - Successfully registered JMX Bean with object name Ratis:service=RaftServer,group=group-4EB49E3E6D70,id=s1
2024-10-31 03:23:35,978 INFO  util.JmxRegister (JmxRegister.java:register(58)) - register mxBean class org.apache.ratis.server.impl.RaftServerJmxAdapter as Ratis:service=RaftServer,group=group-4EB49E3E6D70,id=s1
2024-10-31 03:23:35,978 INFO  server.RaftServerConfigKeys (ConfUtils.java:logGet(46)) - raft.server.snapshot.trigger-when-stop.enabled = true (default)
2024-10-31 03:23:35,978 INFO  server.RaftServerConfigKeys (ConfUtils.java:logGet(46)) - raft.server.snapshot.trigger-when-remove.enabled = true (default)
2024-10-31 03:23:35,978 INFO  server.RaftServerConfigKeys (ConfUtils.java:logGet(46)) - raft.server.snapshot.auto.trigger.enabled = false (default)
2024-10-31 03:23:35,979 INFO  server.RaftServerConfigKeys (ConfUtils.java:logGet(46)) - raft.server.snapshot.retention.file.num = -1 (default)
2024-10-31 03:23:35,979 INFO  server.RaftServerConfigKeys (ConfUtils.java:logGet(46)) - raft.server.log.purge.upto.snapshot.index = false (default)
2024-10-31 03:23:35,979 INFO  server.RaftServer$Division (RaftServerImpl.java:start(406)) - s1@group-4EB49E3E6D70: Successfully started.
2024-10-31 03:23:35,979 INFO  server.RaftServer (RaftServerProxy.java:startImpl(408)) - s1: start RPC server
2024-10-31 03:23:35,980 INFO  util.JvmPauseMonitor (JvmPauseMonitor.java:run(146)) - JvmPauseMonitor-s1: Started
2024-10-31 03:23:35,980 INFO  server.RaftServerConfigKeys (ConfUtils.java:logGet(46)) - raft.server.storage.free-space.min = 0MB (=0) (default)
2024-10-31 03:23:35,980 INFO  server.RaftServerConfigKeys (ConfUtils.java:logGet(46)) - raft.server.log.corruption.policy = EXCEPTION (default)
2024-10-31 03:23:35,980 INFO  server.RaftServerConfigKeys (ConfUtils.java:logGet(46)) - raft.server.storage.dir = [/home/runner/work/ratis/ratis/ratis-examples/target/test/data/f203f927/MiniRaftClusterWithSimulatedRpca2d4e021/s2] (custom)
2024-10-31 03:23:35,980 INFO  storage.RaftStorageDirectory (RaftStorageDirectoryImpl.java:analyzeStorage(138)) - The storage directory /home/runner/work/ratis/ratis/ratis-examples/target/test/data/f203f927/MiniRaftClusterWithSimulatedRpca2d4e021/s2/4db53919-561a-4c5c-bf25-4eb49e3e6d70 does not exist. Creating ...
2024-10-31 03:23:35,981 TRACE util.FileUtils (LogUtils.java:runAndLog(49)) - Successfully ran Files.createDirectories /home/runner/work/ratis/ratis/ratis-examples/target/test/data/f203f927/MiniRaftClusterWithSimulatedRpca2d4e021/s2/4db53919-561a-4c5c-bf25-4eb49e3e6d70
2024-10-31 03:23:35,982 INFO  storage.RaftStorageDirectory (RaftStorageDirectoryImpl.java:tryLock(229)) - Lock on /home/runner/work/ratis/ratis/ratis-examples/target/test/data/f203f927/MiniRaftClusterWithSimulatedRpca2d4e021/s2/4db53919-561a-4c5c-bf25-4eb49e3e6d70/in_use.lock acquired by nodename 14975@fv-az1757-779
2024-10-31 03:23:35,982 TRACE util.FileUtils (LogUtils.java:runAndLog(49)) - Successfully ran Files.createDirectories /home/runner/work/ratis/ratis/ratis-examples/target/test/data/f203f927/MiniRaftClusterWithSimulatedRpca2d4e021/s2/4db53919-561a-4c5c-bf25-4eb49e3e6d70/current
2024-10-31 03:23:35,982 TRACE util.FileUtils (LogUtils.java:runAndLog(49)) - Successfully ran Files.createDirectories /home/runner/work/ratis/ratis/ratis-examples/target/test/data/f203f927/MiniRaftClusterWithSimulatedRpca2d4e021/s2/4db53919-561a-4c5c-bf25-4eb49e3e6d70/sm
2024-10-31 03:23:35,982 TRACE util.FileUtils (LogUtils.java:supplyAndLog(69)) - Successfully supplied FileChannel.open /home/runner/work/ratis/ratis/ratis-examples/target/test/data/f203f927/MiniRaftClusterWithSimulatedRpca2d4e021/s2/4db53919-561a-4c5c-bf25-4eb49e3e6d70/current/raft-meta.tmp with options [CREATE, WRITE]: sun.nio.ch.FileChannelImpl@2364b547
2024-10-31 03:23:35,983 TRACE util.FileUtils (LogUtils.java:runAndLog(49)) - Successfully ran Atomic Files.move /home/runner/work/ratis/ratis/ratis-examples/target/test/data/f203f927/MiniRaftClusterWithSimulatedRpca2d4e021/s2/4db53919-561a-4c5c-bf25-4eb49e3e6d70/current/raft-meta.tmp to /home/runner/work/ratis/ratis/ratis-examples/target/test/data/f203f927/MiniRaftClusterWithSimulatedRpca2d4e021/s2/4db53919-561a-4c5c-bf25-4eb49e3e6d70/current/raft-meta with options [REPLACE_EXISTING]
2024-10-31 03:23:35,983 INFO  storage.RaftStorage (RaftStorageImpl.java:format(98)) - Storage directory /home/runner/work/ratis/ratis/ratis-examples/target/test/data/f203f927/MiniRaftClusterWithSimulatedRpca2d4e021/s2/4db53919-561a-4c5c-bf25-4eb49e3e6d70 has been successfully formatted.
2024-10-31 03:23:35,983 WARN  statemachine.StateMachine (ArithmeticStateMachine.java:loadSnapshot(115)) - The snapshot info is null.
2024-10-31 03:23:35,983 INFO  server.RaftServerConfigKeys (ConfUtils.java:logGet(46)) - raft.server.log.use.memory = false (default)
2024-10-31 03:23:35,984 INFO  server.RaftServerConfigKeys (ConfUtils.java:logGet(46)) - raft.server.log.purge.gap = 1024 (default)
2024-10-31 03:23:35,984 INFO  server.RaftServerConfigKeys (ConfUtils.java:logGet(46)) - raft.server.log.appender.buffer.byte-limit = 4MB (=4194304) (default)
2024-10-31 03:23:35,984 INFO  server.RaftServerConfigKeys (ConfUtils.java:logGet(46)) - raft.server.log.statemachine.data.read.timeout = 1000ms (default)
2024-10-31 03:23:35,984 INFO  server.RaftServerConfigKeys (ConfUtils.java:logGet(46)) - raft.server.log.purge.preservation.log.num = 0 (default)
2024-10-31 03:23:35,984 INFO  server.RaftServerConfigKeys (ConfUtils.java:logGet(46)) - raft.server.log.segment.size.max = 32MB (=33554432) (default)
2024-10-31 03:23:35,984 INFO  server.RaftServerConfigKeys (ConfUtils.java:logGet(46)) - raft.server.log.segment.cache.num.max = 6 (default)
2024-10-31 03:23:35,984 INFO  server.RaftServerConfigKeys (ConfUtils.java:logGet(46)) - raft.server.log.segment.cache.size.max = 200MB (=209715200) (default)
2024-10-31 03:23:35,984 INFO  server.RaftServerConfigKeys (ConfUtils.java:logGet(46)) - raft.server.log.appender.buffer.byte-limit = 4MB (=4194304) (default)
2024-10-31 03:23:35,985 INFO  util.AwaitToRun (AwaitToRun.java:start(81)) - Thread[s2@group-4EB49E3E6D70-cacheEviction-AwaitToRun,5,main] started
2024-10-31 03:23:35,985 INFO  segmented.SegmentedRaftLogWorker (SegmentedRaftLogWorker.java:<init>(189)) - new s2@group-4EB49E3E6D70-SegmentedRaftLogWorker for RaftStorageImpl:Storage Directory /home/runner/work/ratis/ratis/ratis-examples/target/test/data/f203f927/MiniRaftClusterWithSimulatedRpca2d4e021/s2/4db53919-561a-4c5c-bf25-4eb49e3e6d70
2024-10-31 03:23:35,985 INFO  server.RaftServerConfigKeys (ConfUtils.java:logGet(46)) - raft.server.log.queue.byte-limit = 64MB (=67108864) (default)
2024-10-31 03:23:35,985 INFO  server.RaftServerConfigKeys (ConfUtils.java:logGet(46)) - raft.server.log.queue.element-limit = 4096 (default)
2024-10-31 03:23:35,985 INFO  server.RaftServerConfigKeys (ConfUtils.java:logGet(46)) - raft.server.log.segment.size.max = 32MB (=33554432) (default)
2024-10-31 03:23:35,985 INFO  server.RaftServerConfigKeys (ConfUtils.java:logGet(46)) - raft.server.log.preallocated.size = 4MB (=4194304) (default)
2024-10-31 03:23:35,985 INFO  server.RaftServerConfigKeys (ConfUtils.java:logGet(46)) - raft.server.log.force.sync.num = 128 (default)
2024-10-31 03:23:35,985 INFO  server.RaftServerConfigKeys (ConfUtils.java:logGet(46)) - raft.server.log.statemachine.data.sync = true (default)
2024-10-31 03:23:35,985 INFO  server.RaftServerConfigKeys (ConfUtils.java:logGet(46)) - raft.server.log.statemachine.data.sync.timeout = 10s (default)
2024-10-31 03:23:35,985 INFO  server.RaftServerConfigKeys (ConfUtils.java:logGet(46)) - raft.server.log.statemachine.data.sync.timeout.retry = -1 (default)
2024-10-31 03:23:35,985 INFO  server.RaftServerConfigKeys (ConfUtils.java:logGet(46)) - raft.server.log.write.buffer.size = 8MB (=8388608) (default)
2024-10-31 03:23:35,987 INFO  server.RaftServerConfigKeys (ConfUtils.java:logGet(46)) - raft.server.log.appender.buffer.byte-limit = 4MB (=4194304) (default)
2024-10-31 03:23:35,987 INFO  server.RaftServerConfigKeys (ConfUtils.java:logGet(46)) - raft.server.log.unsafe-flush.enabled = false (default)
2024-10-31 03:23:35,987 INFO  server.RaftServerConfigKeys (ConfUtils.java:logGet(46)) - raft.server.log.async-flush.enabled = false (default)
2024-10-31 03:23:35,987 INFO  server.RaftServerConfigKeys (ConfUtils.java:logGet(46)) - raft.server.log.statemachine.data.caching.enabled = false (default)
2024-10-31 03:23:35,987 INFO  segmented.SegmentedRaftLogWorker (SegmentedRaftLogWorker.java:lambda$new$0(140)) - s2@group-4EB49E3E6D70-SegmentedRaftLogWorker: flushIndex: setUnconditionally 0 -> -1
2024-10-31 03:23:35,987 INFO  segmented.SegmentedRaftLogWorker (SegmentedRaftLogWorker.java:lambda$new$0(140)) - s2@group-4EB49E3E6D70-SegmentedRaftLogWorker: safeCacheEvictIndex: setUnconditionally 0 -> -1
2024-10-31 03:23:35,988 INFO  server.RaftServer$Division (RaftServerImpl.java:start(398)) - s2@group-4EB49E3E6D70: start with initializing state, conf=conf: {index: -1, cur=peers:[]|listeners:[], old=null}
2024-10-31 03:23:35,988 INFO  server.RaftServer$Division (RaftServerImpl.java:setRole(379)) - s2@group-4EB49E3E6D70: changes role from      null to FOLLOWER at term 0 for start
2024-10-31 03:23:35,988 INFO  util.JmxRegister (JmxRegister.java:tryRegister(44)) - Successfully registered JMX Bean with object name Ratis:service=RaftServer,group=group-4EB49E3E6D70,id=s2
2024-10-31 03:23:35,988 INFO  util.JmxRegister (JmxRegister.java:register(58)) - register mxBean class org.apache.ratis.server.impl.RaftServerJmxAdapter as Ratis:service=RaftServer,group=group-4EB49E3E6D70,id=s2
2024-10-31 03:23:35,988 INFO  server.RaftServerConfigKeys (ConfUtils.java:logGet(46)) - raft.server.snapshot.trigger-when-stop.enabled = true (default)
2024-10-31 03:23:35,988 INFO  server.RaftServerConfigKeys (ConfUtils.java:logGet(46)) - raft.server.snapshot.trigger-when-remove.enabled = true (default)
2024-10-31 03:23:35,988 INFO  server.RaftServerConfigKeys (ConfUtils.java:logGet(46)) - raft.server.snapshot.auto.trigger.enabled = false (default)
2024-10-31 03:23:35,988 INFO  server.RaftServerConfigKeys (ConfUtils.java:logGet(46)) - raft.server.snapshot.retention.file.num = -1 (default)
2024-10-31 03:23:35,988 INFO  server.RaftServerConfigKeys (ConfUtils.java:logGet(46)) - raft.server.log.purge.upto.snapshot.index = false (default)
2024-10-31 03:23:35,989 INFO  server.RaftServer$Division (RaftServerImpl.java:start(406)) - s2@group-4EB49E3E6D70: Successfully started.
2024-10-31 03:23:35,989 INFO  server.RaftServer (RaftServerProxy.java:startImpl(408)) - s2: start RPC server
2024-10-31 03:23:35,990 INFO  util.JvmPauseMonitor (JvmPauseMonitor.java:run(146)) - JvmPauseMonitor-s2: Started
2024-10-31 03:23:36,992 INFO  impl.GroupManagementBaseTest (GroupManagementBaseTest.java:runMultiGroupTest(267)) - start: printing ALL groups
  s3:  RUNNING  FOLLOWER s3@group-4EB49E3E6D70:t0, leader=null, voted=, raftlog=Memoized:s3@group-4EB49E3E6D70-SegmentedRaftLog:OPENED:c-1:lastnull, conf=conf: {index: -1, cur=peers:[]|listeners:[], old=null} STARTING
  s4:  RUNNING  FOLLOWER s4@group-4EB49E3E6D70:t0, leader=null, voted=, raftlog=Memoized:s4@group-4EB49E3E6D70-SegmentedRaftLog:OPENED:c-1:lastnull, conf=conf: {index: -1, cur=peers:[]|listeners:[], old=null} STARTING
  s5:  RUNNING  FOLLOWER s5@group-4EB49E3E6D70:t0, leader=null, voted=, raftlog=Memoized:s5@group-4EB49E3E6D70-SegmentedRaftLog:OPENED:c-1:lastnull, conf=conf: {index: -1, cur=peers:[]|listeners:[], old=null} STARTING
  s6:  RUNNING  FOLLOWER s6@group-4EB49E3E6D70:t0, leader=null, voted=, raftlog=Memoized:s6@group-4EB49E3E6D70-SegmentedRaftLog:OPENED:c-1:lastnull, conf=conf: {index: -1, cur=peers:[]|listeners:[], old=null} STARTING
  s7:  RUNNING  FOLLOWER s7@group-4EB49E3E6D70:t0, leader=null, voted=, raftlog=Memoized:s7@group-4EB49E3E6D70-SegmentedRaftLog:OPENED:c-1:lastnull, conf=conf: {index: -1, cur=peers:[]|listeners:[], old=null} STARTING
  s8:  RUNNING  FOLLOWER s8@group-4EB49E3E6D70:t0, leader=null, voted=, raftlog=Memoized:s8@group-4EB49E3E6D70-SegmentedRaftLog:OPENED:c-1:lastnull, conf=conf: {index: -1, cur=peers:[]|listeners:[], old=null} STARTING
  s9:  RUNNING  FOLLOWER s9@group-4EB49E3E6D70:t0, leader=null, voted=, raftlog=Memoized:s9@group-4EB49E3E6D70-SegmentedRaftLog:OPENED:c-1:lastnull, conf=conf: {index: -1, cur=peers:[]|listeners:[], old=null} STARTING
  s11:  RUNNING  FOLLOWER s11@group-4EB49E3E6D70:t0, leader=null, voted=, raftlog=Memoized:s11@group-4EB49E3E6D70-SegmentedRaftLog:OPENED:c-1:lastnull, conf=conf: {index: -1, cur=peers:[]|listeners:[], old=null} STARTING
  s10:  RUNNING  FOLLOWER s10@group-4EB49E3E6D70:t0, leader=null, voted=, raftlog=Memoized:s10@group-4EB49E3E6D70-SegmentedRaftLog:OPENED:c-1:lastnull, conf=conf: {index: -1, cur=peers:[]|listeners:[], old=null} STARTING
  s13:  RUNNING  FOLLOWER s13@group-4EB49E3E6D70:t0, leader=null, voted=, raftlog=Memoized:s13@group-4EB49E3E6D70-SegmentedRaftLog:OPENED:c-1:lastnull, conf=conf: {index: -1, cur=peers:[]|listeners:[], old=null} STARTING
  s12:  RUNNING  FOLLOWER s12@group-4EB49E3E6D70:t0, leader=null, voted=, raftlog=Memoized:s12@group-4EB49E3E6D70-SegmentedRaftLog:OPENED:c-1:lastnull, conf=conf: {index: -1, cur=peers:[]|listeners:[], old=null} STARTING
  s14:  RUNNING  FOLLOWER s14@group-4EB49E3E6D70:t0, leader=null, voted=, raftlog=Memoized:s14@group-4EB49E3E6D70-SegmentedRaftLog:OPENED:c-1:lastnull, conf=conf: {index: -1, cur=peers:[]|listeners:[], old=null} STARTING
  s0:  RUNNING  FOLLOWER s0@group-4EB49E3E6D70:t0, leader=null, voted=, raftlog=Memoized:s0@group-4EB49E3E6D70-SegmentedRaftLog:OPENED:c-1:lastnull, conf=conf: {index: -1, cur=peers:[]|listeners:[], old=null} STARTING
  s1:  RUNNING  FOLLOWER s1@group-4EB49E3E6D70:t0, leader=null, voted=, raftlog=Memoized:s1@group-4EB49E3E6D70-SegmentedRaftLog:OPENED:c-1:lastnull, conf=conf: {index: -1, cur=peers:[]|listeners:[], old=null} STARTING
  s2:  RUNNING  FOLLOWER s2@group-4EB49E3E6D70:t0, leader=null, voted=, raftlog=Memoized:s2@group-4EB49E3E6D70-SegmentedRaftLog:OPENED:c-1:lastnull, conf=conf: {index: -1, cur=peers:[]|listeners:[], old=null} STARTING
2024-10-31 03:23:36,997 INFO  impl.GroupManagementBaseTest (GroupManagementBaseTest.java:runMultiGroupTest(281)) - 0) starting group-BB4825B1330B:[s10, s0, s1]
2024-10-31 03:23:37,046 INFO  server.RaftServer (RaftServerProxy.java:addNew(101)) - s0: addNew group-BB4825B1330B:[s10, s0, s1] returns group-BB4825B1330B:java.util.concurrent.CompletableFuture@2ba8c9da[Not completed]
2024-10-31 03:23:37,048 INFO  server.RaftServer$Division (RaftServerImpl.java:<init>(256)) - s0: new RaftServerImpl for group-BB4825B1330B:[s10, s0, s1] with ArithmeticStateMachine:uninitialized
2024-10-31 03:23:37,048 INFO  server.RaftServerConfigKeys (ConfUtils.java:logGet(46)) - raft.server.rpc.timeout.min = 300ms (custom)
2024-10-31 03:23:37,048 INFO  server.RaftServerConfigKeys (ConfUtils.java:logGet(46)) - raft.server.rpc.timeout.max = 600ms (custom)
2024-10-31 03:23:37,048 INFO  server.RaftServerConfigKeys (ConfUtils.java:logGet(46)) - raft.server.rpc.sleep.time = 25ms (default)
2024-10-31 03:23:37,048 INFO  server.RaftServerConfigKeys (ConfUtils.java:logGet(46)) - raft.server.rpc.slowness.timeout = 60s (default)
2024-10-31 03:23:37,049 INFO  server.RaftServerConfigKeys (ConfUtils.java:logGet(46)) - raft.server.leaderelection.leader.step-down.wait-time = 10s (default)
2024-10-31 03:23:37,049 INFO  server.RaftServerConfigKeys (ConfUtils.java:logGet(46)) - raft.server.leaderelection.member.majority-add = false (default)
2024-10-31 03:23:37,049 INFO  server.RaftServerConfigKeys (ConfUtils.java:logGet(46)) - raft.server.sleep.deviation.threshold = 300ms (default)
2024-10-31 03:23:37,049 INFO  server.RaftServer$Division (ServerState.java:<init>(114)) - s0@group-BB4825B1330B: ConfigurationManager, init=conf: {index: -1, cur=peers:[s10, s0, s1]|listeners:[], old=null}, confs=<EMPTY_MAP>
2024-10-31 03:23:37,049 INFO  server.RaftServerConfigKeys (ConfUtils.java:logGet(46)) - raft.server.notification.no-leader.timeout = 60s (default)
2024-10-31 03:23:37,049 INFO  server.RaftServerConfigKeys (ConfUtils.java:logGet(46)) - raft.server.read.timeout = 10s (default)
2024-10-31 03:23:37,049 INFO  server.RaftServerConfigKeys (ConfUtils.java:logGet(46)) - raft.server.retrycache.expirytime = 60s (default)
2024-10-31 03:23:37,049 INFO  server.RaftServerConfigKeys (ConfUtils.java:logGet(46)) - raft.server.retrycache.statistics.expirytime = 100ms (default)
2024-10-31 03:23:37,049 INFO  server.RaftServerConfigKeys (ConfUtils.java:logGet(46)) - raft.server.read.option = DEFAULT (default)
2024-10-31 03:23:37,049 INFO  server.RaftServerConfigKeys (ConfUtils.java:logGet(46)) - raft.server.read.read-after-write-consistent.write-index-cache.expiry-time = 60s (default)
2024-10-31 03:23:37,051 INFO  server.RaftServerConfigKeys (ConfUtils.java:logGet(46)) - raft.server.rpc.request.timeout = 3000ms (default)
2024-10-31 03:23:37,051 INFO  server.RaftServerConfigKeys (ConfUtils.java:logGet(46)) - raft.server.log.appender.install.snapshot.enabled = true (default)
2024-10-31 03:23:37,051 INFO  server.RaftServerConfigKeys (ConfUtils.java:logGet(46)) - raft.server.threadpool.server.cached = true (default)
2024-10-31 03:23:37,051 INFO  server.RaftServerConfigKeys (ConfUtils.java:logGet(46)) - raft.server.threadpool.server.size = 0 (default)
2024-10-31 03:23:37,051 INFO  server.RaftServerConfigKeys (ConfUtils.java:logGet(46)) - raft.server.threadpool.client.cached = true (default)
2024-10-31 03:23:37,051 INFO  server.RaftServerConfigKeys (ConfUtils.java:logGet(46)) - raft.server.threadpool.client.size = 0 (default)
2024-10-31 03:23:37,051 INFO  server.RaftServerConfigKeys (ConfUtils.java:logGet(46)) - raft.server.storage.free-space.min = 0MB (=0) (default)
2024-10-31 03:23:37,051 INFO  server.RaftServerConfigKeys (ConfUtils.java:logGet(46)) - raft.server.log.corruption.policy = EXCEPTION (default)
2024-10-31 03:23:37,052 INFO  server.RaftServerConfigKeys (ConfUtils.java:logGet(46)) - raft.server.storage.dir = [/home/runner/work/ratis/ratis/ratis-examples/target/test/data/f203f927/MiniRaftClusterWithSimulatedRpca2d4e021/s0] (custom)
2024-10-31 03:23:37,052 INFO  storage.RaftStorageDirectory (RaftStorageDirectoryImpl.java:analyzeStorage(138)) - The storage directory /home/runner/work/ratis/ratis/ratis-examples/target/test/data/f203f927/MiniRaftClusterWithSimulatedRpca2d4e021/s0/3c634f31-905e-4365-9158-bb4825b1330b does not exist. Creating ...
2024-10-31 03:23:37,052 TRACE util.FileUtils (LogUtils.java:runAndLog(49)) - Successfully ran Files.createDirectories /home/runner/work/ratis/ratis/ratis-examples/target/test/data/f203f927/MiniRaftClusterWithSimulatedRpca2d4e021/s0/3c634f31-905e-4365-9158-bb4825b1330b
2024-10-31 03:23:37,053 INFO  storage.RaftStorageDirectory (RaftStorageDirectoryImpl.java:tryLock(229)) - Lock on /home/runner/work/ratis/ratis/ratis-examples/target/test/data/f203f927/MiniRaftClusterWithSimulatedRpca2d4e021/s0/3c634f31-905e-4365-9158-bb4825b1330b/in_use.lock acquired by nodename 14975@fv-az1757-779
2024-10-31 03:23:37,053 TRACE util.FileUtils (LogUtils.java:runAndLog(49)) - Successfully ran Files.createDirectories /home/runner/work/ratis/ratis/ratis-examples/target/test/data/f203f927/MiniRaftClusterWithSimulatedRpca2d4e021/s0/3c634f31-905e-4365-9158-bb4825b1330b/current
2024-10-31 03:23:37,054 TRACE util.FileUtils (LogUtils.java:runAndLog(49)) - Successfully ran Files.createDirectories /home/runner/work/ratis/ratis/ratis-examples/target/test/data/f203f927/MiniRaftClusterWithSimulatedRpca2d4e021/s0/3c634f31-905e-4365-9158-bb4825b1330b/sm
2024-10-31 03:23:37,054 TRACE util.FileUtils (LogUtils.java:supplyAndLog(69)) - Successfully supplied FileChannel.open /home/runner/work/ratis/ratis/ratis-examples/target/test/data/f203f927/MiniRaftClusterWithSimulatedRpca2d4e021/s0/3c634f31-905e-4365-9158-bb4825b1330b/current/raft-meta.tmp with options [CREATE, WRITE]: sun.nio.ch.FileChannelImpl@1c5e534c
2024-10-31 03:23:37,055 TRACE util.FileUtils (LogUtils.java:runAndLog(49)) - Successfully ran Atomic Files.move /home/runner/work/ratis/ratis/ratis-examples/target/test/data/f203f927/MiniRaftClusterWithSimulatedRpca2d4e021/s0/3c634f31-905e-4365-9158-bb4825b1330b/current/raft-meta.tmp to /home/runner/work/ratis/ratis/ratis-examples/target/test/data/f203f927/MiniRaftClusterWithSimulatedRpca2d4e021/s0/3c634f31-905e-4365-9158-bb4825b1330b/current/raft-meta with options [REPLACE_EXISTING]
2024-10-31 03:23:37,055 INFO  storage.RaftStorage (RaftStorageImpl.java:format(98)) - Storage directory /home/runner/work/ratis/ratis/ratis-examples/target/test/data/f203f927/MiniRaftClusterWithSimulatedRpca2d4e021/s0/3c634f31-905e-4365-9158-bb4825b1330b has been successfully formatted.
2024-10-31 03:23:37,056 WARN  statemachine.StateMachine (ArithmeticStateMachine.java:loadSnapshot(115)) - The snapshot info is null.
2024-10-31 03:23:37,056 INFO  server.RaftServerConfigKeys (ConfUtils.java:logGet(46)) - raft.server.log.use.memory = false (default)
2024-10-31 03:23:37,056 INFO  server.RaftServerConfigKeys (ConfUtils.java:logGet(46)) - raft.server.log.purge.gap = 1024 (default)
2024-10-31 03:23:37,056 INFO  server.RaftServerConfigKeys (ConfUtils.java:logGet(46)) - raft.server.log.appender.buffer.byte-limit = 4MB (=4194304) (default)
2024-10-31 03:23:37,056 INFO  server.RaftServerConfigKeys (ConfUtils.java:logGet(46)) - raft.server.log.statemachine.data.read.timeout = 1000ms (default)
2024-10-31 03:23:37,056 INFO  server.RaftServerConfigKeys (ConfUtils.java:logGet(46)) - raft.server.log.purge.preservation.log.num = 0 (default)
2024-10-31 03:23:37,057 INFO  server.RaftServerConfigKeys (ConfUtils.java:logGet(46)) - raft.server.log.segment.size.max = 32MB (=33554432) (default)
2024-10-31 03:23:37,057 INFO  server.RaftServerConfigKeys (ConfUtils.java:logGet(46)) - raft.server.log.segment.cache.num.max = 6 (default)
2024-10-31 03:23:37,057 INFO  server.RaftServerConfigKeys (ConfUtils.java:logGet(46)) - raft.server.log.segment.cache.size.max = 200MB (=209715200) (default)
2024-10-31 03:23:37,057 INFO  server.RaftServerConfigKeys (ConfUtils.java:logGet(46)) - raft.server.log.appender.buffer.byte-limit = 4MB (=4194304) (default)
2024-10-31 03:23:37,058 INFO  util.AwaitToRun (AwaitToRun.java:start(81)) - Thread[s0@group-BB4825B1330B-cacheEviction-AwaitToRun,5,main] started
2024-10-31 03:23:37,058 INFO  segmented.SegmentedRaftLogWorker (SegmentedRaftLogWorker.java:<init>(189)) - new s0@group-BB4825B1330B-SegmentedRaftLogWorker for RaftStorageImpl:Storage Directory /home/runner/work/ratis/ratis/ratis-examples/target/test/data/f203f927/MiniRaftClusterWithSimulatedRpca2d4e021/s0/3c634f31-905e-4365-9158-bb4825b1330b
2024-10-31 03:23:37,058 INFO  server.RaftServerConfigKeys (ConfUtils.java:logGet(46)) - raft.server.log.queue.byte-limit = 64MB (=67108864) (default)
2024-10-31 03:23:37,058 INFO  server.RaftServerConfigKeys (ConfUtils.java:logGet(46)) - raft.server.log.queue.element-limit = 4096 (default)
2024-10-31 03:23:37,058 INFO  server.RaftServerConfigKeys (ConfUtils.java:logGet(46)) - raft.server.log.segment.size.max = 32MB (=33554432) (default)
2024-10-31 03:23:37,058 INFO  server.RaftServerConfigKeys (ConfUtils.java:logGet(46)) - raft.server.log.preallocated.size = 4MB (=4194304) (default)
2024-10-31 03:23:37,058 INFO  server.RaftServerConfigKeys (ConfUtils.java:logGet(46)) - raft.server.log.force.sync.num = 128 (default)
2024-10-31 03:23:37,059 INFO  server.RaftServerConfigKeys (ConfUtils.java:logGet(46)) - raft.server.log.statemachine.data.sync = true (default)
2024-10-31 03:23:37,059 INFO  server.RaftServerConfigKeys (ConfUtils.java:logGet(46)) - raft.server.log.statemachine.data.sync.timeout = 10s (default)
2024-10-31 03:23:37,059 INFO  server.RaftServerConfigKeys (ConfUtils.java:logGet(46)) - raft.server.log.statemachine.data.sync.timeout.retry = -1 (default)
2024-10-31 03:23:37,059 INFO  server.RaftServerConfigKeys (ConfUtils.java:logGet(46)) - raft.server.log.write.buffer.size = 8MB (=8388608) (default)
2024-10-31 03:23:37,061 INFO  server.RaftServerConfigKeys (ConfUtils.java:logGet(46)) - raft.server.log.appender.buffer.byte-limit = 4MB (=4194304) (default)
2024-10-31 03:23:37,061 INFO  server.RaftServerConfigKeys (ConfUtils.java:logGet(46)) - raft.server.log.unsafe-flush.enabled = false (default)
2024-10-31 03:23:37,061 INFO  server.RaftServerConfigKeys (ConfUtils.java:logGet(46)) - raft.server.log.async-flush.enabled = false (default)
2024-10-31 03:23:37,061 INFO  server.RaftServerConfigKeys (ConfUtils.java:logGet(46)) - raft.server.log.statemachine.data.caching.enabled = false (default)
2024-10-31 03:23:37,062 INFO  segmented.SegmentedRaftLogWorker (SegmentedRaftLogWorker.java:lambda$new$0(140)) - s0@group-BB4825B1330B-SegmentedRaftLogWorker: flushIndex: setUnconditionally 0 -> -1
2024-10-31 03:23:37,062 INFO  segmented.SegmentedRaftLogWorker (SegmentedRaftLogWorker.java:lambda$new$0(140)) - s0@group-BB4825B1330B-SegmentedRaftLogWorker: safeCacheEvictIndex: setUnconditionally 0 -> -1
2024-10-31 03:23:37,062 INFO  server.RaftServer$Division (RaftServerImpl.java:start(392)) - s0@group-BB4825B1330B: start as a follower, conf=conf: {index: -1, cur=peers:[s10, s0, s1]|listeners:[], old=null}
2024-10-31 03:23:37,062 INFO  server.RaftServer$Division (RaftServerImpl.java:setRole(379)) - s0@group-BB4825B1330B: changes role from      null to FOLLOWER at term 0 for startAsFollower
2024-10-31 03:23:37,064 INFO  impl.RoleInfo (RoleInfo.java:updateAndGet(148)) - s0: start s0@group-BB4825B1330B-FollowerState
2024-10-31 03:23:37,064 INFO  util.JmxRegister (JmxRegister.java:tryRegister(44)) - Successfully registered JMX Bean with object name Ratis:service=RaftServer,group=group-BB4825B1330B,id=s0
2024-10-31 03:23:37,064 INFO  util.JmxRegister (JmxRegister.java:register(58)) - register mxBean class org.apache.ratis.server.impl.RaftServerJmxAdapter as Ratis:service=RaftServer,group=group-BB4825B1330B,id=s0
2024-10-31 03:23:37,064 INFO  server.RaftServerConfigKeys (ConfUtils.java:logGet(46)) - raft.server.snapshot.trigger-when-stop.enabled = true (default)
2024-10-31 03:23:37,064 INFO  server.RaftServerConfigKeys (ConfUtils.java:logGet(46)) - raft.server.snapshot.trigger-when-remove.enabled = true (default)
2024-10-31 03:23:37,064 INFO  server.RaftServerConfigKeys (ConfUtils.java:logGet(46)) - raft.server.snapshot.auto.trigger.enabled = false (default)
2024-10-31 03:23:37,065 INFO  server.RaftServerConfigKeys (ConfUtils.java:logGet(46)) - raft.server.snapshot.retention.file.num = -1 (default)
2024-10-31 03:23:37,065 INFO  server.RaftServerConfigKeys (ConfUtils.java:logGet(46)) - raft.server.log.purge.upto.snapshot.index = false (default)
2024-10-31 03:23:37,065 INFO  server.RaftServerConfigKeys (ConfUtils.java:logFallback(53)) - raft.server.rpc.first-election.timeout.min = 300ms (fallback to raft.server.rpc.timeout.min)
2024-10-31 03:23:37,065 INFO  server.RaftServerConfigKeys (ConfUtils.java:logFallback(53)) - raft.server.rpc.first-election.timeout.max = 600ms (fallback to raft.server.rpc.timeout.max)
2024-10-31 03:23:37,066 INFO  server.RaftServer$Division (RaftServerImpl.java:start(406)) - s0@group-BB4825B1330B: Successfully started.
2024-10-31 03:23:37,081 INFO  server.RaftServer (RaftServerProxy.java:addNew(101)) - s1: addNew group-BB4825B1330B:[s10, s0, s1] returns group-BB4825B1330B:java.util.concurrent.CompletableFuture@725b6828[Not completed]
2024-10-31 03:23:37,081 INFO  server.RaftServer$Division (RaftServerImpl.java:<init>(256)) - s1: new RaftServerImpl for group-BB4825B1330B:[s10, s0, s1] with ArithmeticStateMachine:uninitialized
2024-10-31 03:23:37,082 INFO  server.RaftServerConfigKeys (ConfUtils.java:logGet(46)) - raft.server.rpc.timeout.min = 300ms (custom)
2024-10-31 03:23:37,082 INFO  server.RaftServerConfigKeys (ConfUtils.java:logGet(46)) - raft.server.rpc.timeout.max = 600ms (custom)
2024-10-31 03:23:37,082 INFO  server.RaftServerConfigKeys (ConfUtils.java:logGet(46)) - raft.server.rpc.sleep.time = 25ms (default)
2024-10-31 03:23:37,082 INFO  server.RaftServerConfigKeys (ConfUtils.java:logGet(46)) - raft.server.rpc.slowness.timeout = 60s (default)
2024-10-31 03:23:37,082 INFO  server.RaftServerConfigKeys (ConfUtils.java:logGet(46)) - raft.server.leaderelection.leader.step-down.wait-time = 10s (default)
2024-10-31 03:23:37,082 INFO  server.RaftServerConfigKeys (ConfUtils.java:logGet(46)) - raft.server.leaderelection.member.majority-add = false (default)
2024-10-31 03:23:37,082 INFO  server.RaftServerConfigKeys (ConfUtils.java:logGet(46)) - raft.server.sleep.deviation.threshold = 300ms (default)
2024-10-31 03:23:37,082 INFO  server.RaftServer$Division (ServerState.java:<init>(114)) - s1@group-BB4825B1330B: ConfigurationManager, init=conf: {index: -1, cur=peers:[s10, s0, s1]|listeners:[], old=null}, confs=<EMPTY_MAP>
2024-10-31 03:23:37,082 INFO  server.RaftServerConfigKeys (ConfUtils.java:logGet(46)) - raft.server.notification.no-leader.timeout = 60s (default)
2024-10-31 03:23:37,082 INFO  server.RaftServerConfigKeys (ConfUtils.java:logGet(46)) - raft.server.read.timeout = 10s (default)
2024-10-31 03:23:37,082 INFO  server.RaftServerConfigKeys (ConfUtils.java:logGet(46)) - raft.server.retrycache.expirytime = 60s (default)
2024-10-31 03:23:37,082 INFO  server.RaftServerConfigKeys (ConfUtils.java:logGet(46)) - raft.server.retrycache.statistics.expirytime = 100ms (default)
2024-10-31 03:23:37,083 INFO  server.RaftServerConfigKeys (ConfUtils.java:logGet(46)) - raft.server.read.option = DEFAULT (default)
2024-10-31 03:23:37,083 INFO  server.RaftServerConfigKeys (ConfUtils.java:logGet(46)) - raft.server.read.read-after-write-consistent.write-index-cache.expiry-time = 60s (default)
2024-10-31 03:23:37,084 INFO  server.RaftServerConfigKeys (ConfUtils.java:logGet(46)) - raft.server.rpc.request.timeout = 3000ms (default)
2024-10-31 03:23:37,085 INFO  server.RaftServerConfigKeys (ConfUtils.java:logGet(46)) - raft.server.log.appender.install.snapshot.enabled = true (default)
2024-10-31 03:23:37,085 INFO  server.RaftServerConfigKeys (ConfUtils.java:logGet(46)) - raft.server.threadpool.server.cached = true (default)
2024-10-31 03:23:37,085 INFO  server.RaftServerConfigKeys (ConfUtils.java:logGet(46)) - raft.server.threadpool.server.size = 0 (default)
2024-10-31 03:23:37,085 INFO  server.RaftServerConfigKeys (ConfUtils.java:logGet(46)) - raft.server.threadpool.client.cached = true (default)
2024-10-31 03:23:37,085 INFO  server.RaftServerConfigKeys (ConfUtils.java:logGet(46)) - raft.server.threadpool.client.size = 0 (default)
2024-10-31 03:23:37,085 INFO  server.RaftServerConfigKeys (ConfUtils.java:logGet(46)) - raft.server.storage.free-space.min = 0MB (=0) (default)
2024-10-31 03:23:37,085 INFO  server.RaftServerConfigKeys (ConfUtils.java:logGet(46)) - raft.server.log.corruption.policy = EXCEPTION (default)
2024-10-31 03:23:37,086 INFO  server.RaftServerConfigKeys (ConfUtils.java:logGet(46)) - raft.server.storage.dir = [/home/runner/work/ratis/ratis/ratis-examples/target/test/data/f203f927/MiniRaftClusterWithSimulatedRpca2d4e021/s1] (custom)
2024-10-31 03:23:37,086 INFO  storage.RaftStorageDirectory (RaftStorageDirectoryImpl.java:analyzeStorage(138)) - The storage directory /home/runner/work/ratis/ratis/ratis-examples/target/test/data/f203f927/MiniRaftClusterWithSimulatedRpca2d4e021/s1/3c634f31-905e-4365-9158-bb4825b1330b does not exist. Creating ...
2024-10-31 03:23:37,086 TRACE util.FileUtils (LogUtils.java:runAndLog(49)) - Successfully ran Files.createDirectories /home/runner/work/ratis/ratis/ratis-examples/target/test/data/f203f927/MiniRaftClusterWithSimulatedRpca2d4e021/s1/3c634f31-905e-4365-9158-bb4825b1330b
2024-10-31 03:23:37,087 INFO  storage.RaftStorageDirectory (RaftStorageDirectoryImpl.java:tryLock(229)) - Lock on /home/runner/work/ratis/ratis/ratis-examples/target/test/data/f203f927/MiniRaftClusterWithSimulatedRpca2d4e021/s1/3c634f31-905e-4365-9158-bb4825b1330b/in_use.lock acquired by nodename 14975@fv-az1757-779
2024-10-31 03:23:37,087 TRACE util.FileUtils (LogUtils.java:runAndLog(49)) - Successfully ran Files.createDirectories /home/runner/work/ratis/ratis/ratis-examples/target/test/data/f203f927/MiniRaftClusterWithSimulatedRpca2d4e021/s1/3c634f31-905e-4365-9158-bb4825b1330b/current
2024-10-31 03:23:37,087 TRACE util.FileUtils (LogUtils.java:runAndLog(49)) - Successfully ran Files.createDirectories /home/runner/work/ratis/ratis/ratis-examples/target/test/data/f203f927/MiniRaftClusterWithSimulatedRpca2d4e021/s1/3c634f31-905e-4365-9158-bb4825b1330b/sm
2024-10-31 03:23:37,088 TRACE util.FileUtils (LogUtils.java:supplyAndLog(69)) - Successfully supplied FileChannel.open /home/runner/work/ratis/ratis/ratis-examples/target/test/data/f203f927/MiniRaftClusterWithSimulatedRpca2d4e021/s1/3c634f31-905e-4365-9158-bb4825b1330b/current/raft-meta.tmp with options [CREATE, WRITE]: sun.nio.ch.FileChannelImpl@361363de
2024-10-31 03:23:37,089 TRACE util.FileUtils (LogUtils.java:runAndLog(49)) - Successfully ran Atomic Files.move /home/runner/work/ratis/ratis/ratis-examples/target/test/data/f203f927/MiniRaftClusterWithSimulatedRpca2d4e021/s1/3c634f31-905e-4365-9158-bb4825b1330b/current/raft-meta.tmp to /home/runner/work/ratis/ratis/ratis-examples/target/test/data/f203f927/MiniRaftClusterWithSimulatedRpca2d4e021/s1/3c634f31-905e-4365-9158-bb4825b1330b/current/raft-meta with options [REPLACE_EXISTING]
2024-10-31 03:23:37,089 INFO  storage.RaftStorage (RaftStorageImpl.java:format(98)) - Storage directory /home/runner/work/ratis/ratis/ratis-examples/target/test/data/f203f927/MiniRaftClusterWithSimulatedRpca2d4e021/s1/3c634f31-905e-4365-9158-bb4825b1330b has been successfully formatted.
2024-10-31 03:23:37,089 WARN  statemachine.StateMachine (ArithmeticStateMachine.java:loadSnapshot(115)) - The snapshot info is null.
2024-10-31 03:23:37,089 INFO  server.RaftServerConfigKeys (ConfUtils.java:logGet(46)) - raft.server.log.use.memory = false (default)
2024-10-31 03:23:37,089 INFO  server.RaftServerConfigKeys (ConfUtils.java:logGet(46)) - raft.server.log.purge.gap = 1024 (default)
2024-10-31 03:23:37,090 INFO  server.RaftServerConfigKeys (ConfUtils.java:logGet(46)) - raft.server.log.appender.buffer.byte-limit = 4MB (=4194304) (default)
2024-10-31 03:23:37,090 INFO  server.RaftServerConfigKeys (ConfUtils.java:logGet(46)) - raft.server.log.statemachine.data.read.timeout = 1000ms (default)
2024-10-31 03:23:37,090 INFO  server.RaftServerConfigKeys (ConfUtils.java:logGet(46)) - raft.server.log.purge.preservation.log.num = 0 (default)
2024-10-31 03:23:37,090 INFO  server.RaftServerConfigKeys (ConfUtils.java:logGet(46)) - raft.server.log.segment.size.max = 32MB (=33554432) (default)
2024-10-31 03:23:37,090 INFO  server.RaftServerConfigKeys (ConfUtils.java:logGet(46)) - raft.server.log.segment.cache.num.max = 6 (default)
2024-10-31 03:23:37,090 INFO  server.RaftServerConfigKeys (ConfUtils.java:logGet(46)) - raft.server.log.segment.cache.size.max = 200MB (=209715200) (default)
2024-10-31 03:23:37,091 INFO  server.RaftServerConfigKeys (ConfUtils.java:logGet(46)) - raft.server.log.appender.buffer.byte-limit = 4MB (=4194304) (default)
2024-10-31 03:23:37,091 INFO  util.AwaitToRun (AwaitToRun.java:start(81)) - Thread[s1@group-BB4825B1330B-cacheEviction-AwaitToRun,5,main] started
2024-10-31 03:23:37,091 INFO  segmented.SegmentedRaftLogWorker (SegmentedRaftLogWorker.java:<init>(189)) - new s1@group-BB4825B1330B-SegmentedRaftLogWorker for RaftStorageImpl:Storage Directory /home/runner/work/ratis/ratis/ratis-examples/target/test/data/f203f927/MiniRaftClusterWithSimulatedRpca2d4e021/s1/3c634f31-905e-4365-9158-bb4825b1330b
2024-10-31 03:23:37,091 INFO  server.RaftServerConfigKeys (ConfUtils.java:logGet(46)) - raft.server.log.queue.byte-limit = 64MB (=67108864) (default)
2024-10-31 03:23:37,091 INFO  server.RaftServerConfigKeys (ConfUtils.java:logGet(46)) - raft.server.log.queue.element-limit = 4096 (default)
2024-10-31 03:23:37,091 INFO  server.RaftServerConfigKeys (ConfUtils.java:logGet(46)) - raft.server.log.segment.size.max = 32MB (=33554432) (default)
2024-10-31 03:23:37,091 INFO  server.RaftServerConfigKeys (ConfUtils.java:logGet(46)) - raft.server.log.preallocated.size = 4MB (=4194304) (default)
2024-10-31 03:23:37,091 INFO  server.RaftServerConfigKeys (ConfUtils.java:logGet(46)) - raft.server.log.force.sync.num = 128 (default)
2024-10-31 03:23:37,091 INFO  server.RaftServerConfigKeys (ConfUtils.java:logGet(46)) - raft.server.log.statemachine.data.sync = true (default)
2024-10-31 03:23:37,092 INFO  server.RaftServerConfigKeys (ConfUtils.java:logGet(46)) - raft.server.log.statemachine.data.sync.timeout = 10s (default)
2024-10-31 03:23:37,092 INFO  server.RaftServerConfigKeys (ConfUtils.java:logGet(46)) - raft.server.log.statemachine.data.sync.timeout.retry = -1 (default)
2024-10-31 03:23:37,092 INFO  server.RaftServerConfigKeys (ConfUtils.java:logGet(46)) - raft.server.log.write.buffer.size = 8MB (=8388608) (default)
2024-10-31 03:23:37,093 INFO  server.RaftServerConfigKeys (ConfUtils.java:logGet(46)) - raft.server.log.appender.buffer.byte-limit = 4MB (=4194304) (default)
2024-10-31 03:23:37,093 INFO  server.RaftServerConfigKeys (ConfUtils.java:logGet(46)) - raft.server.log.unsafe-flush.enabled = false (default)
2024-10-31 03:23:37,094 INFO  server.RaftServerConfigKeys (ConfUtils.java:logGet(46)) - raft.server.log.async-flush.enabled = false (default)
2024-10-31 03:23:37,094 INFO  server.RaftServerConfigKeys (ConfUtils.java:logGet(46)) - raft.server.log.statemachine.data.caching.enabled = false (default)
2024-10-31 03:23:37,094 INFO  segmented.SegmentedRaftLogWorker (SegmentedRaftLogWorker.java:lambda$new$0(140)) - s1@group-BB4825B1330B-SegmentedRaftLogWorker: flushIndex: setUnconditionally 0 -> -1
2024-10-31 03:23:37,094 INFO  segmented.SegmentedRaftLogWorker (SegmentedRaftLogWorker.java:lambda$new$0(140)) - s1@group-BB4825B1330B-SegmentedRaftLogWorker: safeCacheEvictIndex: setUnconditionally 0 -> -1
2024-10-31 03:23:37,094 INFO  server.RaftServer$Division (RaftServerImpl.java:start(392)) - s1@group-BB4825B1330B: start as a follower, conf=conf: {index: -1, cur=peers:[s10, s0, s1]|listeners:[], old=null}
2024-10-31 03:23:37,094 INFO  server.RaftServer$Division (RaftServerImpl.java:setRole(379)) - s1@group-BB4825B1330B: changes role from      null to FOLLOWER at term 0 for startAsFollower
2024-10-31 03:23:37,094 INFO  impl.RoleInfo (RoleInfo.java:updateAndGet(148)) - s1: start s1@group-BB4825B1330B-FollowerState
2024-10-31 03:23:37,095 INFO  util.JmxRegister (JmxRegister.java:tryRegister(44)) - Successfully registered JMX Bean with object name Ratis:service=RaftServer,group=group-BB4825B1330B,id=s1
2024-10-31 03:23:37,095 INFO  util.JmxRegister (JmxRegister.java:register(58)) - register mxBean class org.apache.ratis.server.impl.RaftServerJmxAdapter as Ratis:service=RaftServer,group=group-BB4825B1330B,id=s1
2024-10-31 03:23:37,095 INFO  server.RaftServerConfigKeys (ConfUtils.java:logGet(46)) - raft.server.snapshot.trigger-when-stop.enabled = true (default)
2024-10-31 03:23:37,095 INFO  server.RaftServerConfigKeys (ConfUtils.java:logGet(46)) - raft.server.snapshot.trigger-when-remove.enabled = true (default)
2024-10-31 03:23:37,095 INFO  server.RaftServerConfigKeys (ConfUtils.java:logGet(46)) - raft.server.snapshot.auto.trigger.enabled = false (default)
2024-10-31 03:23:37,095 INFO  server.RaftServerConfigKeys (ConfUtils.java:logGet(46)) - raft.server.snapshot.retention.file.num = -1 (default)
2024-10-31 03:23:37,095 INFO  server.RaftServerConfigKeys (ConfUtils.java:logGet(46)) - raft.server.log.purge.upto.snapshot.index = false (default)
2024-10-31 03:23:37,095 INFO  server.RaftServer$Division (RaftServerImpl.java:start(406)) - s1@group-BB4825B1330B: Successfully started.
2024-10-31 03:23:37,096 INFO  server.RaftServerConfigKeys (ConfUtils.java:logFallback(53)) - raft.server.rpc.first-election.timeout.min = 300ms (fallback to raft.server.rpc.timeout.min)
2024-10-31 03:23:37,096 INFO  server.RaftServerConfigKeys (ConfUtils.java:logFallback(53)) - raft.server.rpc.first-election.timeout.max = 600ms (fallback to raft.server.rpc.timeout.max)
2024-10-31 03:23:37,097 INFO  server.RaftServer (RaftServerProxy.java:addNew(101)) - s10: addNew group-BB4825B1330B:[s10, s0, s1] returns group-BB4825B1330B:java.util.concurrent.CompletableFuture@1a09f4b1[Not completed]
2024-10-31 03:23:37,097 INFO  server.RaftServer$Division (RaftServerImpl.java:<init>(256)) - s10: new RaftServerImpl for group-BB4825B1330B:[s10, s0, s1] with ArithmeticStateMachine:uninitialized
2024-10-31 03:23:37,097 INFO  server.RaftServerConfigKeys (ConfUtils.java:logGet(46)) - raft.server.rpc.timeout.min = 300ms (custom)
2024-10-31 03:23:37,097 INFO  server.RaftServerConfigKeys (ConfUtils.java:logGet(46)) - raft.server.rpc.timeout.max = 600ms (custom)
2024-10-31 03:23:37,097 INFO  server.RaftServerConfigKeys (ConfUtils.java:logGet(46)) - raft.server.rpc.sleep.time = 25ms (default)
2024-10-31 03:23:37,097 INFO  server.RaftServerConfigKeys (ConfUtils.java:logGet(46)) - raft.server.rpc.slowness.timeout = 60s (default)
2024-10-31 03:23:37,097 INFO  server.RaftServerConfigKeys (ConfUtils.java:logGet(46)) - raft.server.leaderelection.leader.step-down.wait-time = 10s (default)
2024-10-31 03:23:37,098 INFO  server.RaftServerConfigKeys (ConfUtils.java:logGet(46)) - raft.server.leaderelection.member.majority-add = false (default)
2024-10-31 03:23:37,098 INFO  server.RaftServerConfigKeys (ConfUtils.java:logGet(46)) - raft.server.sleep.deviation.threshold = 300ms (default)
2024-10-31 03:23:37,098 INFO  server.RaftServer$Division (ServerState.java:<init>(114)) - s10@group-BB4825B1330B: ConfigurationManager, init=conf: {index: -1, cur=peers:[s10, s0, s1]|listeners:[], old=null}, confs=<EMPTY_MAP>
2024-10-31 03:23:37,098 INFO  server.RaftServerConfigKeys (ConfUtils.java:logGet(46)) - raft.server.notification.no-leader.timeout = 60s (default)
2024-10-31 03:23:37,098 INFO  server.RaftServerConfigKeys (ConfUtils.java:logGet(46)) - raft.server.read.timeout = 10s (default)
2024-10-31 03:23:37,098 INFO  server.RaftServerConfigKeys (ConfUtils.java:logGet(46)) - raft.server.retrycache.expirytime = 60s (default)
2024-10-31 03:23:37,098 INFO  server.RaftServerConfigKeys (ConfUtils.java:logGet(46)) - raft.server.retrycache.statistics.expirytime = 100ms (default)
2024-10-31 03:23:37,098 INFO  server.RaftServerConfigKeys (ConfUtils.java:logGet(46)) - raft.server.read.option = DEFAULT (default)
2024-10-31 03:23:37,098 INFO  server.RaftServerConfigKeys (ConfUtils.java:logGet(46)) - raft.server.read.read-after-write-consistent.write-index-cache.expiry-time = 60s (default)
2024-10-31 03:23:37,099 INFO  server.RaftServerConfigKeys (ConfUtils.java:logGet(46)) - raft.server.rpc.request.timeout = 3000ms (default)
2024-10-31 03:23:37,099 INFO  server.RaftServerConfigKeys (ConfUtils.java:logGet(46)) - raft.server.log.appender.install.snapshot.enabled = true (default)
2024-10-31 03:23:37,100 INFO  server.RaftServerConfigKeys (ConfUtils.java:logGet(46)) - raft.server.threadpool.server.cached = true (default)
2024-10-31 03:23:37,100 INFO  server.RaftServerConfigKeys (ConfUtils.java:logGet(46)) - raft.server.threadpool.server.size = 0 (default)
2024-10-31 03:23:37,100 INFO  server.RaftServerConfigKeys (ConfUtils.java:logGet(46)) - raft.server.threadpool.client.cached = true (default)
2024-10-31 03:23:37,100 INFO  server.RaftServerConfigKeys (ConfUtils.java:logGet(46)) - raft.server.threadpool.client.size = 0 (default)
2024-10-31 03:23:37,100 INFO  server.RaftServerConfigKeys (ConfUtils.java:logGet(46)) - raft.server.storage.free-space.min = 0MB (=0) (default)
2024-10-31 03:23:37,100 INFO  server.RaftServerConfigKeys (ConfUtils.java:logGet(46)) - raft.server.log.corruption.policy = EXCEPTION (default)
2024-10-31 03:23:37,100 INFO  server.RaftServerConfigKeys (ConfUtils.java:logGet(46)) - raft.server.storage.dir = [/home/runner/work/ratis/ratis/ratis-examples/target/test/data/f203f927/MiniRaftClusterWithSimulatedRpca2d4e021/s10] (custom)
2024-10-31 03:23:37,100 INFO  storage.RaftStorageDirectory (RaftStorageDirectoryImpl.java:analyzeStorage(138)) - The storage directory /home/runner/work/ratis/ratis/ratis-examples/target/test/data/f203f927/MiniRaftClusterWithSimulatedRpca2d4e021/s10/3c634f31-905e-4365-9158-bb4825b1330b does not exist. Creating ...
2024-10-31 03:23:37,101 TRACE util.FileUtils (LogUtils.java:runAndLog(49)) - Successfully ran Files.createDirectories /home/runner/work/ratis/ratis/ratis-examples/target/test/data/f203f927/MiniRaftClusterWithSimulatedRpca2d4e021/s10/3c634f31-905e-4365-9158-bb4825b1330b
2024-10-31 03:23:37,102 INFO  storage.RaftStorageDirectory (RaftStorageDirectoryImpl.java:tryLock(229)) - Lock on /home/runner/work/ratis/ratis/ratis-examples/target/test/data/f203f927/MiniRaftClusterWithSimulatedRpca2d4e021/s10/3c634f31-905e-4365-9158-bb4825b1330b/in_use.lock acquired by nodename 14975@fv-az1757-779
2024-10-31 03:23:37,102 TRACE util.FileUtils (LogUtils.java:runAndLog(49)) - Successfully ran Files.createDirectories /home/runner/work/ratis/ratis/ratis-examples/target/test/data/f203f927/MiniRaftClusterWithSimulatedRpca2d4e021/s10/3c634f31-905e-4365-9158-bb4825b1330b/current
2024-10-31 03:23:37,103 TRACE util.FileUtils (LogUtils.java:runAndLog(49)) - Successfully ran Files.createDirectories /home/runner/work/ratis/ratis/ratis-examples/target/test/data/f203f927/MiniRaftClusterWithSimulatedRpca2d4e021/s10/3c634f31-905e-4365-9158-bb4825b1330b/sm
2024-10-31 03:23:37,103 TRACE util.FileUtils (LogUtils.java:supplyAndLog(69)) - Successfully supplied FileChannel.open /home/runner/work/ratis/ratis/ratis-examples/target/test/data/f203f927/MiniRaftClusterWithSimulatedRpca2d4e021/s10/3c634f31-905e-4365-9158-bb4825b1330b/current/raft-meta.tmp with options [CREATE, WRITE]: sun.nio.ch.FileChannelImpl@40a654ea
2024-10-31 03:23:37,104 TRACE util.FileUtils (LogUtils.java:runAndLog(49)) - Successfully ran Atomic Files.move /home/runner/work/ratis/ratis/ratis-examples/target/test/data/f203f927/MiniRaftClusterWithSimulatedRpca2d4e021/s10/3c634f31-905e-4365-9158-bb4825b1330b/current/raft-meta.tmp to /home/runner/work/ratis/ratis/ratis-examples/target/test/data/f203f927/MiniRaftClusterWithSimulatedRpca2d4e021/s10/3c634f31-905e-4365-9158-bb4825b1330b/current/raft-meta with options [REPLACE_EXISTING]
2024-10-31 03:23:37,104 INFO  storage.RaftStorage (RaftStorageImpl.java:format(98)) - Storage directory /home/runner/work/ratis/ratis/ratis-examples/target/test/data/f203f927/MiniRaftClusterWithSimulatedRpca2d4e021/s10/3c634f31-905e-4365-9158-bb4825b1330b has been successfully formatted.
2024-10-31 03:23:37,105 WARN  statemachine.StateMachine (ArithmeticStateMachine.java:loadSnapshot(115)) - The snapshot info is null.
2024-10-31 03:23:37,105 INFO  server.RaftServerConfigKeys (ConfUtils.java:logGet(46)) - raft.server.log.use.memory = false (default)
2024-10-31 03:23:37,105 INFO  server.RaftServerConfigKeys (ConfUtils.java:logGet(46)) - raft.server.log.purge.gap = 1024 (default)
2024-10-31 03:23:37,105 INFO  server.RaftServerConfigKeys (ConfUtils.java:logGet(46)) - raft.server.log.appender.buffer.byte-limit = 4MB (=4194304) (default)
2024-10-31 03:23:37,105 INFO  server.RaftServerConfigKeys (ConfUtils.java:logGet(46)) - raft.server.log.statemachine.data.read.timeout = 1000ms (default)
2024-10-31 03:23:37,105 INFO  server.RaftServerConfigKeys (ConfUtils.java:logGet(46)) - raft.server.log.purge.preservation.log.num = 0 (default)
2024-10-31 03:23:37,113 INFO  server.RaftServerConfigKeys (ConfUtils.java:logGet(46)) - raft.server.log.segment.size.max = 32MB (=33554432) (default)
2024-10-31 03:23:37,113 INFO  server.RaftServerConfigKeys (ConfUtils.java:logGet(46)) - raft.server.log.segment.cache.num.max = 6 (default)
2024-10-31 03:23:37,113 INFO  server.RaftServerConfigKeys (ConfUtils.java:logGet(46)) - raft.server.log.segment.cache.size.max = 200MB (=209715200) (default)
2024-10-31 03:23:37,113 INFO  server.RaftServerConfigKeys (ConfUtils.java:logGet(46)) - raft.server.log.appender.buffer.byte-limit = 4MB (=4194304) (default)
2024-10-31 03:23:37,121 INFO  util.AwaitToRun (AwaitToRun.java:start(81)) - Thread[s10@group-BB4825B1330B-cacheEviction-AwaitToRun,5,main] started
2024-10-31 03:23:37,121 INFO  segmented.SegmentedRaftLogWorker (SegmentedRaftLogWorker.java:<init>(189)) - new s10@group-BB4825B1330B-SegmentedRaftLogWorker for RaftStorageImpl:Storage Directory /home/runner/work/ratis/ratis/ratis-examples/target/test/data/f203f927/MiniRaftClusterWithSimulatedRpca2d4e021/s10/3c634f31-905e-4365-9158-bb4825b1330b
2024-10-31 03:23:37,121 INFO  server.RaftServerConfigKeys (ConfUtils.java:logGet(46)) - raft.server.log.queue.byte-limit = 64MB (=67108864) (default)
2024-10-31 03:23:37,121 INFO  server.RaftServerConfigKeys (ConfUtils.java:logGet(46)) - raft.server.log.queue.element-limit = 4096 (default)
2024-10-31 03:23:37,121 INFO  server.RaftServerConfigKeys (ConfUtils.java:logGet(46)) - raft.server.log.segment.size.max = 32MB (=33554432) (default)
2024-10-31 03:23:37,121 INFO  server.RaftServerConfigKeys (ConfUtils.java:logGet(46)) - raft.server.log.preallocated.size = 4MB (=4194304) (default)
2024-10-31 03:23:37,121 INFO  server.RaftServerConfigKeys (ConfUtils.java:logGet(46)) - raft.server.log.force.sync.num = 128 (default)
2024-10-31 03:23:37,121 INFO  server.RaftServerConfigKeys (ConfUtils.java:logGet(46)) - raft.server.log.statemachine.data.sync = true (default)
2024-10-31 03:23:37,121 INFO  server.RaftServerConfigKeys (ConfUtils.java:logGet(46)) - raft.server.log.statemachine.data.sync.timeout = 10s (default)
2024-10-31 03:23:37,121 INFO  server.RaftServerConfigKeys (ConfUtils.java:logGet(46)) - raft.server.log.statemachine.data.sync.timeout.retry = -1 (default)
2024-10-31 03:23:37,122 INFO  server.RaftServerConfigKeys (ConfUtils.java:logGet(46)) - raft.server.log.write.buffer.size = 8MB (=8388608) (default)
2024-10-31 03:23:37,123 INFO  server.RaftServerConfigKeys (ConfUtils.java:logGet(46)) - raft.server.log.appender.buffer.byte-limit = 4MB (=4194304) (default)
2024-10-31 03:23:37,123 INFO  server.RaftServerConfigKeys (ConfUtils.java:logGet(46)) - raft.server.log.unsafe-flush.enabled = false (default)
2024-10-31 03:23:37,123 INFO  server.RaftServerConfigKeys (ConfUtils.java:logGet(46)) - raft.server.log.async-flush.enabled = false (default)
2024-10-31 03:23:37,123 INFO  server.RaftServerConfigKeys (ConfUtils.java:logGet(46)) - raft.server.log.statemachine.data.caching.enabled = false (default)
2024-10-31 03:23:37,124 INFO  segmented.SegmentedRaftLogWorker (SegmentedRaftLogWorker.java:lambda$new$0(140)) - s10@group-BB4825B1330B-SegmentedRaftLogWorker: flushIndex: setUnconditionally 0 -> -1
2024-10-31 03:23:37,124 INFO  segmented.SegmentedRaftLogWorker (SegmentedRaftLogWorker.java:lambda$new$0(140)) - s10@group-BB4825B1330B-SegmentedRaftLogWorker: safeCacheEvictIndex: setUnconditionally 0 -> -1
2024-10-31 03:23:37,125 INFO  server.RaftServer$Division (RaftServerImpl.java:start(392)) - s10@group-BB4825B1330B: start as a follower, conf=conf: {index: -1, cur=peers:[s10, s0, s1]|listeners:[], old=null}
2024-10-31 03:23:37,125 INFO  server.RaftServer$Division (RaftServerImpl.java:setRole(379)) - s10@group-BB4825B1330B: changes role from      null to FOLLOWER at term 0 for startAsFollower
2024-10-31 03:23:37,125 INFO  impl.RoleInfo (RoleInfo.java:updateAndGet(148)) - s10: start s10@group-BB4825B1330B-FollowerState
2024-10-31 03:23:37,125 INFO  util.JmxRegister (JmxRegister.java:tryRegister(44)) - Successfully registered JMX Bean with object name Ratis:service=RaftServer,group=group-BB4825B1330B,id=s10
2024-10-31 03:23:37,125 INFO  util.JmxRegister (JmxRegister.java:register(58)) - register mxBean class org.apache.ratis.server.impl.RaftServerJmxAdapter as Ratis:service=RaftServer,group=group-BB4825B1330B,id=s10
2024-10-31 03:23:37,125 INFO  server.RaftServerConfigKeys (ConfUtils.java:logFallback(53)) - raft.server.rpc.first-election.timeout.min = 300ms (fallback to raft.server.rpc.timeout.min)
2024-10-31 03:23:37,126 INFO  server.RaftServerConfigKeys (ConfUtils.java:logGet(46)) - raft.server.snapshot.trigger-when-stop.enabled = true (default)
2024-10-31 03:23:37,126 INFO  server.RaftServerConfigKeys (ConfUtils.java:logFallback(53)) - raft.server.rpc.first-election.timeout.max = 600ms (fallback to raft.server.rpc.timeout.max)
2024-10-31 03:23:37,126 INFO  server.RaftServerConfigKeys (ConfUtils.java:logGet(46)) - raft.server.snapshot.trigger-when-remove.enabled = true (default)
2024-10-31 03:23:37,126 INFO  server.RaftServerConfigKeys (ConfUtils.java:logGet(46)) - raft.server.snapshot.auto.trigger.enabled = false (default)
2024-10-31 03:23:37,126 INFO  server.RaftServerConfigKeys (ConfUtils.java:logGet(46)) - raft.server.snapshot.retention.file.num = -1 (default)
2024-10-31 03:23:37,126 INFO  server.RaftServerConfigKeys (ConfUtils.java:logGet(46)) - raft.server.log.purge.upto.snapshot.index = false (default)
2024-10-31 03:23:37,126 INFO  server.RaftServer$Division (RaftServerImpl.java:start(406)) - s10@group-BB4825B1330B: Successfully started.
2024-10-31 03:23:37,127 INFO  server.RaftServerConfigKeys (ConfUtils.java:logGet(46)) - raft.server.rpc.timeout.max = 600ms (custom)
2024-10-31 03:23:37,128 INFO  ratis.RaftTestUtil (RaftTestUtil.java:waitForLeader(107)) - printing group-BB4825B1330B
  s10:  RUNNING [
   FOLLOWER s10@group-BB4825B1330B:t0, leader=null, voted=, raftlog=Memoized:s10@group-BB4825B1330B-SegmentedRaftLog:OPENED:c-1:lastnull, conf=conf: {index: -1, cur=peers:[s10, s0, s1]|listeners:[], old=null} RUNNING
   FOLLOWER s10@group-4EB49E3E6D70:t0, leader=null, voted=, raftlog=Memoized:s10@group-4EB49E3E6D70-SegmentedRaftLog:OPENED:c-1:lastnull, conf=conf: {index: -1, cur=peers:[]|listeners:[], old=null} STARTING] size=2
  s0:  RUNNING [
   FOLLOWER s0@group-BB4825B1330B:t0, leader=null, voted=, raftlog=Memoized:s0@group-BB4825B1330B-SegmentedRaftLog:OPENED:c-1:lastnull, conf=conf: {index: -1, cur=peers:[s10, s0, s1]|listeners:[], old=null} RUNNING
   FOLLOWER s0@group-4EB49E3E6D70:t0, leader=null, voted=, raftlog=Memoized:s0@group-4EB49E3E6D70-SegmentedRaftLog:OPENED:c-1:lastnull, conf=conf: {index: -1, cur=peers:[]|listeners:[], old=null} STARTING] size=2
  s1:  RUNNING [
   FOLLOWER s1@group-BB4825B1330B:t0, leader=null, voted=, raftlog=Memoized:s1@group-BB4825B1330B-SegmentedRaftLog:OPENED:c-1:lastnull, conf=conf: {index: -1, cur=peers:[s10, s0, s1]|listeners:[], old=null} RUNNING
   FOLLOWER s1@group-4EB49E3E6D70:t0, leader=null, voted=, raftlog=Memoized:s1@group-4EB49E3E6D70-SegmentedRaftLog:OPENED:c-1:lastnull, conf=conf: {index: -1, cur=peers:[]|listeners:[], old=null} STARTING] size=2
2024-10-31 03:23:37,130 WARN  ratis.RaftTestUtil (RaftTestUtil.java:lambda$waitForLeader$3(126)) - Attempt #1 failed: java.lang.IllegalStateException: No leader yet  for group-BB4825B1330B: printing group-BB4825B1330B
  s10:  RUNNING [
   FOLLOWER s10@group-BB4825B1330B:t0, leader=null, voted=, raftlog=Memoized:s10@group-BB4825B1330B-SegmentedRaftLog:OPENED:c-1:lastnull, conf=conf: {index: -1, cur=peers:[s10, s0, s1]|listeners:[], old=null} RUNNING
   FOLLOWER s10@group-4EB49E3E6D70:t0, leader=null, voted=, raftlog=Memoized:s10@group-4EB49E3E6D70-SegmentedRaftLog:OPENED:c-1:lastnull, conf=conf: {index: -1, cur=peers:[]|listeners:[], old=null} STARTING] size=2
  s0:  RUNNING [
   FOLLOWER s0@group-BB4825B1330B:t0, leader=null, voted=, raftlog=Memoized:s0@group-BB4825B1330B-SegmentedRaftLog:OPENED:c-1:lastnull, conf=conf: {index: -1, cur=peers:[s10, s0, s1]|listeners:[], old=null} RUNNING
   FOLLOWER s0@group-4EB49E3E6D70:t0, leader=null, voted=, raftlog=Memoized:s0@group-4EB49E3E6D70-SegmentedRaftLog:OPENED:c-1:lastnull, conf=conf: {index: -1, cur=peers:[]|listeners:[], old=null} STARTING] size=2
  s1:  RUNNING [
   FOLLOWER s1@group-BB4825B1330B:t0, leader=null, voted=, raftlog=Memoized:s1@group-BB4825B1330B-SegmentedRaftLog:OPENED:c-1:lastnull, conf=conf: {index: -1, cur=peers:[s10, s0, s1]|listeners:[], old=null} RUNNING
   FOLLOWER s1@group-4EB49E3E6D70:t0, leader=null, voted=, raftlog=Memoized:s1@group-4EB49E3E6D70-SegmentedRaftLog:OPENED:c-1:lastnull, conf=conf: {index: -1, cur=peers:[]|listeners:[], old=null} STARTING] size=2
2024-10-31 03:23:37,459 INFO  impl.FollowerState (FollowerState.java:runImpl(161)) - s0@group-BB4825B1330B-FollowerState: change to CANDIDATE, lastRpcElapsedTime:395666337ns, electionTimeout:393ms
2024-10-31 03:23:37,459 INFO  impl.RoleInfo (RoleInfo.java:shutdownFollowerState(121)) - s0: shutdown s0@group-BB4825B1330B-FollowerState
2024-10-31 03:23:37,460 INFO  server.RaftServer$Division (RaftServerImpl.java:setRole(379)) - s0@group-BB4825B1330B: changes role from  FOLLOWER to CANDIDATE at term 0 for changeToCandidate
2024-10-31 03:23:37,464 INFO  server.RaftServerConfigKeys (ConfUtils.java:logGet(46)) - raft.server.leaderelection.pre-vote = true (default)
2024-10-31 03:23:37,464 INFO  impl.RoleInfo (RoleInfo.java:updateAndGet(148)) - s0: start s0@group-BB4825B1330B-LeaderElection1
2024-10-31 03:23:37,467 INFO  impl.LeaderElection (LeaderElection.java:askForVotes(332)) - s0@group-BB4825B1330B-LeaderElection1 PRE_VOTE round 0: submit vote requests at term 0 for conf: {index: -1, cur=peers:[s10, s0, s1]|listeners:[], old=null}
2024-10-31 03:23:37,496 INFO  server.RaftServerConfigKeys (ConfUtils.java:logFallback(53)) - raft.server.rpc.first-election.timeout.min = 300ms (fallback to raft.server.rpc.timeout.min)
2024-10-31 03:23:37,497 INFO  server.RaftServerConfigKeys (ConfUtils.java:logFallback(53)) - raft.server.rpc.first-election.timeout.max = 600ms (fallback to raft.server.rpc.timeout.max)
2024-10-31 03:23:37,501 INFO  server.RaftServer$Division (RaftServerImpl.java:requestVote(1452)) - s10@group-BB4825B1330B: receive requestVote(PRE_VOTE, s0, group-BB4825B1330B, 0, (t:0, i:0))
2024-10-31 03:23:37,503 INFO  impl.VoteContext (VoteContext.java:log(49)) - s10@group-BB4825B1330B-FOLLOWER: accept PRE_VOTE from s0: our priority 0 <= candidate's priority 0
2024-10-31 03:23:37,504 INFO  server.RaftServer$Division (RaftServerImpl.java:requestVote(1452)) - s1@group-BB4825B1330B: receive requestVote(PRE_VOTE, s0, group-BB4825B1330B, 0, (t:0, i:0))
2024-10-31 03:23:37,504 INFO  impl.VoteContext (VoteContext.java:log(49)) - s1@group-BB4825B1330B-FOLLOWER: accept PRE_VOTE from s0: our priority 0 <= candidate's priority 0
2024-10-31 03:23:37,512 INFO  server.RaftServer$Division (RaftServerImpl.java:requestVote(1486)) - s1@group-BB4825B1330B replies to PRE_VOTE vote request: s0<-s1#0:OK-t0. Peer's state: s1@group-BB4825B1330B:t0, leader=null, voted=, raftlog=Memoized:s1@group-BB4825B1330B-SegmentedRaftLog:OPENED:c-1:lastnull, conf=conf: {index: -1, cur=peers:[s10, s0, s1]|listeners:[], old=null}
2024-10-31 03:23:37,512 INFO  server.RaftServer$Division (RaftServerImpl.java:requestVote(1486)) - s10@group-BB4825B1330B replies to PRE_VOTE vote request: s0<-s10#0:OK-t0. Peer's state: s10@group-BB4825B1330B:t0, leader=null, voted=, raftlog=Memoized:s10@group-BB4825B1330B-SegmentedRaftLog:OPENED:c-1:lastnull, conf=conf: {index: -1, cur=peers:[s10, s0, s1]|listeners:[], old=null}
2024-10-31 03:23:37,513 INFO  impl.LeaderElection (LeaderElection.java:logAndReturn(90)) - s0@group-BB4825B1330B-LeaderElection1: PRE_VOTE PASSED received 1 response(s) and 0 exception(s):
2024-10-31 03:23:37,513 INFO  impl.LeaderElection (LeaderElection.java:logAndReturn(94)) -   Response 0: s0<-s1#0:OK-t0
2024-10-31 03:23:37,513 INFO  impl.LeaderElection (LeaderElection.java:askForVotes(334)) - s0@group-BB4825B1330B-LeaderElection1 PRE_VOTE round 0: result PASSED
2024-10-31 03:23:37,514 TRACE util.FileUtils (LogUtils.java:supplyAndLog(69)) - Successfully supplied FileChannel.open /home/runner/work/ratis/ratis/ratis-examples/target/test/data/f203f927/MiniRaftClusterWithSimulatedRpca2d4e021/s0/3c634f31-905e-4365-9158-bb4825b1330b/current/raft-meta.tmp with options [CREATE, WRITE]: sun.nio.ch.FileChannelImpl@4598762c
2024-10-31 03:23:37,515 TRACE util.FileUtils (LogUtils.java:runAndLog(49)) - Successfully ran Atomic Files.move /home/runner/work/ratis/ratis/ratis-examples/target/test/data/f203f927/MiniRaftClusterWithSimulatedRpca2d4e021/s0/3c634f31-905e-4365-9158-bb4825b1330b/current/raft-meta.tmp to /home/runner/work/ratis/ratis/ratis-examples/target/test/data/f203f927/MiniRaftClusterWithSimulatedRpca2d4e021/s0/3c634f31-905e-4365-9158-bb4825b1330b/current/raft-meta with options [REPLACE_EXISTING]
2024-10-31 03:23:37,515 INFO  impl.LeaderElection (LeaderElection.java:askForVotes(332)) - s0@group-BB4825B1330B-LeaderElection1 ELECTION round 0: submit vote requests at term 1 for conf: {index: -1, cur=peers:[s10, s0, s1]|listeners:[], old=null}
2024-10-31 03:23:37,515 INFO  server.RaftServerConfigKeys (ConfUtils.java:logFallback(53)) - raft.server.rpc.first-election.timeout.min = 300ms (fallback to raft.server.rpc.timeout.min)
2024-10-31 03:23:37,516 INFO  server.RaftServer$Division (RaftServerImpl.java:requestVote(1452)) - s10@group-BB4825B1330B: receive requestVote(ELECTION, s0, group-BB4825B1330B, 1, (t:0, i:0))
2024-10-31 03:23:37,516 INFO  server.RaftServerConfigKeys (ConfUtils.java:logFallback(53)) - raft.server.rpc.first-election.timeout.max = 600ms (fallback to raft.server.rpc.timeout.max)
2024-10-31 03:23:37,516 INFO  impl.VoteContext (VoteContext.java:log(49)) - s10@group-BB4825B1330B-FOLLOWER: accept ELECTION from s0: our priority 0 <= candidate's priority 0
2024-10-31 03:23:37,516 INFO  server.RaftServer$Division (RaftServerImpl.java:setRole(379)) - s10@group-BB4825B1330B: changes role from  FOLLOWER to FOLLOWER at term 0 for candidate:s0
2024-10-31 03:23:37,516 INFO  impl.RoleInfo (RoleInfo.java:shutdownFollowerState(121)) - s10: shutdown s10@group-BB4825B1330B-FollowerState
2024-10-31 03:23:37,516 INFO  impl.FollowerState (FollowerState.java:runImpl(170)) - s10@group-BB4825B1330B-FollowerState was interrupted
2024-10-31 03:23:37,517 INFO  server.RaftServer$Division (RaftServerImpl.java:requestVote(1452)) - s1@group-BB4825B1330B: receive requestVote(ELECTION, s0, group-BB4825B1330B, 1, (t:0, i:0))
2024-10-31 03:23:37,517 INFO  impl.VoteContext (VoteContext.java:log(49)) - s1@group-BB4825B1330B-FOLLOWER: accept ELECTION from s0: our priority 0 <= candidate's priority 0
2024-10-31 03:23:37,517 INFO  server.RaftServer$Division (RaftServerImpl.java:setRole(379)) - s1@group-BB4825B1330B: changes role from  FOLLOWER to FOLLOWER at term 0 for candidate:s0
2024-10-31 03:23:37,517 INFO  impl.RoleInfo (RoleInfo.java:shutdownFollowerState(121)) - s1: shutdown s1@group-BB4825B1330B-FollowerState
2024-10-31 03:23:37,517 INFO  impl.RoleInfo (RoleInfo.java:updateAndGet(148)) - s1: start s1@group-BB4825B1330B-FollowerState
2024-10-31 03:23:37,517 INFO  server.RaftServer$Division (RaftServerImpl.java:setFirstElection(563)) - s1@group-BB4825B1330B: set firstElectionSinceStartup to false for candidate:s0
2024-10-31 03:23:37,517 TRACE util.FileUtils (LogUtils.java:supplyAndLog(69)) - Successfully supplied FileChannel.open /home/runner/work/ratis/ratis/ratis-examples/target/test/data/f203f927/MiniRaftClusterWithSimulatedRpca2d4e021/s1/3c634f31-905e-4365-9158-bb4825b1330b/current/raft-meta.tmp with options [CREATE, WRITE]: sun.nio.ch.FileChannelImpl@d47ed43
2024-10-31 03:23:37,517 INFO  impl.RoleInfo (RoleInfo.java:updateAndGet(148)) - s10: start s10@group-BB4825B1330B-FollowerState
2024-10-31 03:23:37,517 INFO  impl.FollowerState (FollowerState.java:runImpl(170)) - s1@group-BB4825B1330B-FollowerState was interrupted
2024-10-31 03:23:37,518 INFO  server.RaftServer$Division (RaftServerImpl.java:setFirstElection(563)) - s10@group-BB4825B1330B: set firstElectionSinceStartup to false for candidate:s0
2024-10-31 03:23:37,518 TRACE util.FileUtils (LogUtils.java:supplyAndLog(69)) - Successfully supplied FileChannel.open /home/runner/work/ratis/ratis/ratis-examples/target/test/data/f203f927/MiniRaftClusterWithSimulatedRpca2d4e021/s10/3c634f31-905e-4365-9158-bb4825b1330b/current/raft-meta.tmp with options [CREATE, WRITE]: sun.nio.ch.FileChannelImpl@3619195c
2024-10-31 03:23:37,518 TRACE util.FileUtils (LogUtils.java:runAndLog(49)) - Successfully ran Atomic Files.move /home/runner/work/ratis/ratis/ratis-examples/target/test/data/f203f927/MiniRaftClusterWithSimulatedRpca2d4e021/s1/3c634f31-905e-4365-9158-bb4825b1330b/current/raft-meta.tmp to /home/runner/work/ratis/ratis/ratis-examples/target/test/data/f203f927/MiniRaftClusterWithSimulatedRpca2d4e021/s1/3c634f31-905e-4365-9158-bb4825b1330b/current/raft-meta with options [REPLACE_EXISTING]
2024-10-31 03:23:37,519 INFO  server.RaftServer$Division (RaftServerImpl.java:requestVote(1486)) - s1@group-BB4825B1330B replies to ELECTION vote request: s0<-s1#0:OK-t1. Peer's state: s1@group-BB4825B1330B:t1, leader=null, voted=s0, raftlog=Memoized:s1@group-BB4825B1330B-SegmentedRaftLog:OPENED:c-1:lastnull, conf=conf: {index: -1, cur=peers:[s10, s0, s1]|listeners:[], old=null}
2024-10-31 03:23:37,519 INFO  impl.LeaderElection (LeaderElection.java:logAndReturn(90)) - s0@group-BB4825B1330B-LeaderElection1: ELECTION PASSED received 1 response(s) and 0 exception(s):
2024-10-31 03:23:37,519 INFO  impl.LeaderElection (LeaderElection.java:logAndReturn(94)) -   Response 0: s0<-s1#0:OK-t1
2024-10-31 03:23:37,519 INFO  impl.LeaderElection (LeaderElection.java:askForVotes(334)) - s0@group-BB4825B1330B-LeaderElection1 ELECTION round 0: result PASSED
2024-10-31 03:23:37,519 INFO  impl.RoleInfo (RoleInfo.java:shutdownLeaderElection(141)) - s0: shutdown s0@group-BB4825B1330B-LeaderElection1
2024-10-31 03:23:37,519 INFO  server.RaftServer$Division (RaftServerImpl.java:setRole(379)) - s0@group-BB4825B1330B: changes role from CANDIDATE to LEADER at term 1 for changeToLeader
2024-10-31 03:23:37,520 TRACE util.FileUtils (LogUtils.java:runAndLog(49)) - Successfully ran Atomic Files.move /home/runner/work/ratis/ratis/ratis-examples/target/test/data/f203f927/MiniRaftClusterWithSimulatedRpca2d4e021/s10/3c634f31-905e-4365-9158-bb4825b1330b/current/raft-meta.tmp to /home/runner/work/ratis/ratis/ratis-examples/target/test/data/f203f927/MiniRaftClusterWithSimulatedRpca2d4e021/s10/3c634f31-905e-4365-9158-bb4825b1330b/current/raft-meta with options [REPLACE_EXISTING]
2024-10-31 03:23:37,520 INFO  server.RaftServer$Division (RaftServerImpl.java:requestVote(1486)) - s10@group-BB4825B1330B replies to ELECTION vote request: s0<-s10#0:OK-t1. Peer's state: s10@group-BB4825B1330B:t1, leader=null, voted=s0, raftlog=Memoized:s10@group-BB4825B1330B-SegmentedRaftLog:OPENED:c-1:lastnull, conf=conf: {index: -1, cur=peers:[s10, s0, s1]|listeners:[], old=null}
2024-10-31 03:23:37,528 INFO  server.RaftServerConfigKeys (ConfUtils.java:logGet(46)) - raft.server.staging.catchup.gap = 1000 (default)
2024-10-31 03:23:37,533 INFO  server.RaftServerConfigKeys (ConfUtils.java:logGet(46)) - raft.server.write.element-limit = 4096 (default)
2024-10-31 03:23:37,534 INFO  server.RaftServerConfigKeys (ConfUtils.java:logGet(46)) - raft.server.write.byte-limit = 64MB (=67108864) (default)
2024-10-31 03:23:37,538 INFO  server.RaftServerConfigKeys (ConfUtils.java:logGet(46)) - raft.server.watch.timeout = 10s (default)
2024-10-31 03:23:37,538 INFO  server.RaftServerConfigKeys (ConfUtils.java:logGet(46)) - raft.server.watch.timeout.denomination = 1s (default)
2024-10-31 03:23:37,538 INFO  server.RaftServerConfigKeys (ConfUtils.java:logGet(46)) - raft.server.watch.element-limit = 65536 (default)
2024-10-31 03:23:37,546 INFO  server.RaftServerConfigKeys (ConfUtils.java:logGet(46)) - raft.server.read.leader.lease.enabled = false (default)
2024-10-31 03:23:37,548 INFO  server.RaftServerConfigKeys (ConfUtils.java:logGet(46)) - raft.server.read.leader.lease.timeout.ratio = 0.9 (default)
2024-10-31 03:23:37,548 INFO  server.RaftServerConfigKeys (ConfUtils.java:logGet(46)) - raft.server.rpc.timeout.min = 300ms (custom)
2024-10-31 03:23:37,548 INFO  server.RaftServerConfigKeys (ConfUtils.java:logGet(46)) - raft.server.log.log-metadata.enabled = true (default)
2024-10-31 03:23:37,548 INFO  server.RaftServerConfigKeys (ConfUtils.java:logGet(46)) - raft.server.write.element-limit = 4096 (default)
2024-10-31 03:23:37,548 INFO  server.RaftServerConfigKeys (ConfUtils.java:logGet(46)) - raft.server.write.follower.gap.ratio.max = -1.0 (default)
2024-10-31 03:23:37,557 INFO  server.RaftServerConfigKeys (ConfUtils.java:logGet(46)) - raft.server.log.appender.snapshot.chunk.size.max = 16MB (=16777216) (default)
2024-10-31 03:23:37,558 INFO  server.RaftServerConfigKeys (ConfUtils.java:logGet(46)) - raft.server.log.appender.buffer.byte-limit = 4MB (=4194304) (default)
2024-10-31 03:23:37,558 INFO  server.RaftServerConfigKeys (ConfUtils.java:logGet(46)) - raft.server.log.appender.buffer.element-limit = 0 (default)
2024-10-31 03:23:37,560 INFO  server.RaftServerConfigKeys (ConfUtils.java:logGet(46)) - raft.server.log.appender.wait-time.min = 1ms (default)
2024-10-31 03:23:37,560 INFO  server.RaftServerConfigKeys (ConfUtils.java:logGet(46)) - raft.server.log.appender.snapshot.chunk.size.max = 16MB (=16777216) (default)
2024-10-31 03:23:37,561 INFO  server.RaftServerConfigKeys (ConfUtils.java:logGet(46)) - raft.server.log.appender.buffer.byte-limit = 4MB (=4194304) (default)
2024-10-31 03:23:37,561 INFO  server.RaftServerConfigKeys (ConfUtils.java:logGet(46)) - raft.server.log.appender.buffer.element-limit = 0 (default)
2024-10-31 03:23:37,561 INFO  server.RaftServerConfigKeys (ConfUtils.java:logGet(46)) - raft.server.log.appender.wait-time.min = 1ms (default)
2024-10-31 03:23:37,562 INFO  impl.RoleInfo (RoleInfo.java:updateAndGet(148)) - s0: start s0@group-BB4825B1330B-LeaderStateImpl
2024-10-31 03:23:37,562 INFO  server.RaftServer$Division (RaftServerImpl.java:setFirstElection(563)) - s0@group-BB4825B1330B: set firstElectionSinceStartup to false for becomeLeader
2024-10-31 03:23:37,562 INFO  server.RaftServer$Division (ServerState.java:setLeader(272)) - s0@group-BB4825B1330B: change Leader from null to s0 at term 1 for becomeLeader, leader elected after 512ms
2024-10-31 03:23:37,584 INFO  util.LeakDetector (LeakDetector.java:start(124)) - Starting leak detector thread SIMPLE0.
2024-10-31 03:23:37,767 INFO  segmented.SegmentedRaftLogWorker (SegmentedRaftLogWorker.java:startLogSegment(443)) - s0@group-BB4825B1330B-SegmentedRaftLogWorker: Starting segment from index:0
2024-10-31 03:23:37,784 INFO  server.RaftServer$Division (ServerState.java:setRaftConf(386)) - s0@group-BB4825B1330B: set configuration conf: {index: 0, cur=peers:[s10, s0, s1]|listeners:[], old=null}
2024-10-31 03:23:37,811 INFO  server.RaftServer$Division (ServerState.java:setLeader(272)) - s1@group-BB4825B1330B: change Leader from null to s0 at term 1 for appendEntries, leader elected after 729ms
2024-10-31 03:23:37,814 INFO  segmented.BufferedWriteChannel (BufferedWriteChannel.java:open(61)) - open log_inprogress_0 at position 0
2024-10-31 03:23:37,816 INFO  server.RaftServer$Division (ServerState.java:setLeader(272)) - s10@group-BB4825B1330B: change Leader from null to s0 at term 1 for appendEntries, leader elected after 718ms
2024-10-31 03:23:37,832 INFO  segmented.SegmentedRaftLogWorker (SegmentedRaftLogWorker.java:execute(666)) - s0@group-BB4825B1330B-SegmentedRaftLogWorker: created new log segment /home/runner/work/ratis/ratis/ratis-examples/target/test/data/f203f927/MiniRaftClusterWithSimulatedRpca2d4e021/s0/3c634f31-905e-4365-9158-bb4825b1330b/current/log_inprogress_0
2024-10-31 03:23:37,836 INFO  server.RaftServer$Division (ServerState.java:setRaftConf(386)) - s10@group-BB4825B1330B: set configuration conf: {index: 0, cur=peers:[s10|, s0|, s1|]|listeners:[], old=null}
2024-10-31 03:23:37,844 INFO  server.RaftServer$Division (ServerState.java:setRaftConf(386)) - s1@group-BB4825B1330B: set configuration conf: {index: 0, cur=peers:[s10|, s0|, s1|]|listeners:[], old=null}
2024-10-31 03:23:37,845 INFO  segmented.SegmentedRaftLogWorker (SegmentedRaftLogWorker.java:startLogSegment(443)) - s1@group-BB4825B1330B-SegmentedRaftLogWorker: Starting segment from index:0
2024-10-31 03:23:37,845 INFO  segmented.SegmentedRaftLogWorker (SegmentedRaftLogWorker.java:startLogSegment(443)) - s10@group-BB4825B1330B-SegmentedRaftLogWorker: Starting segment from index:0
2024-10-31 03:23:37,845 INFO  segmented.BufferedWriteChannel (BufferedWriteChannel.java:open(61)) - open log_inprogress_0 at position 0
2024-10-31 03:23:37,846 INFO  segmented.BufferedWriteChannel (BufferedWriteChannel.java:open(61)) - open log_inprogress_0 at position 0
2024-10-31 03:23:37,859 INFO  segmented.SegmentedRaftLogWorker (SegmentedRaftLogWorker.java:execute(666)) - s1@group-BB4825B1330B-SegmentedRaftLogWorker: created new log segment /home/runner/work/ratis/ratis/ratis-examples/target/test/data/f203f927/MiniRaftClusterWithSimulatedRpca2d4e021/s1/3c634f31-905e-4365-9158-bb4825b1330b/current/log_inprogress_0
2024-10-31 03:23:37,859 INFO  segmented.SegmentedRaftLogWorker (SegmentedRaftLogWorker.java:execute(666)) - s10@group-BB4825B1330B-SegmentedRaftLogWorker: created new log segment /home/runner/work/ratis/ratis/ratis-examples/target/test/data/f203f927/MiniRaftClusterWithSimulatedRpca2d4e021/s10/3c634f31-905e-4365-9158-bb4825b1330b/current/log_inprogress_0
2024-10-31 03:23:37,865 TRACE util.FileUtils (LogUtils.java:supplyAndLog(69)) - Successfully supplied FileChannel.open /home/runner/work/ratis/ratis/ratis-examples/target/test/data/f203f927/MiniRaftClusterWithSimulatedRpca2d4e021/s0/3c634f31-905e-4365-9158-bb4825b1330b/current/raft-meta.conf.tmp with options [CREATE, WRITE]: sun.nio.ch.FileChannelImpl@20737704
2024-10-31 03:23:37,867 TRACE util.FileUtils (LogUtils.java:runAndLog(49)) - Successfully ran Atomic Files.move /home/runner/work/ratis/ratis/ratis-examples/target/test/data/f203f927/MiniRaftClusterWithSimulatedRpca2d4e021/s0/3c634f31-905e-4365-9158-bb4825b1330b/current/raft-meta.conf.tmp to /home/runner/work/ratis/ratis/ratis-examples/target/test/data/f203f927/MiniRaftClusterWithSimulatedRpca2d4e021/s0/3c634f31-905e-4365-9158-bb4825b1330b/current/raft-meta.conf with options [REPLACE_EXISTING]
2024-10-31 03:23:37,868 INFO  server.RaftServer$Division (LeaderStateImpl.java:checkStartIndex(314)) - Leader s0@group-BB4825B1330B-LeaderStateImpl is ready since appliedIndex == startIndex == 0
2024-10-31 03:23:38,017 TRACE util.FileUtils (LogUtils.java:supplyAndLog(69)) - Successfully supplied FileChannel.open /home/runner/work/ratis/ratis/ratis-examples/target/test/data/f203f927/MiniRaftClusterWithSimulatedRpca2d4e021/s10/3c634f31-905e-4365-9158-bb4825b1330b/current/raft-meta.conf.tmp with options [CREATE, WRITE]: sun.nio.ch.FileChannelImpl@59faa277
2024-10-31 03:23:38,018 TRACE util.FileUtils (LogUtils.java:runAndLog(49)) - Successfully ran Atomic Files.move /home/runner/work/ratis/ratis/ratis-examples/target/test/data/f203f927/MiniRaftClusterWithSimulatedRpca2d4e021/s10/3c634f31-905e-4365-9158-bb4825b1330b/current/raft-meta.conf.tmp to /home/runner/work/ratis/ratis/ratis-examples/target/test/data/f203f927/MiniRaftClusterWithSimulatedRpca2d4e021/s10/3c634f31-905e-4365-9158-bb4825b1330b/current/raft-meta.conf with options [REPLACE_EXISTING]
2024-10-31 03:23:38,020 TRACE util.FileUtils (LogUtils.java:supplyAndLog(69)) - Successfully supplied FileChannel.open /home/runner/work/ratis/ratis/ratis-examples/target/test/data/f203f927/MiniRaftClusterWithSimulatedRpca2d4e021/s1/3c634f31-905e-4365-9158-bb4825b1330b/current/raft-meta.conf.tmp with options [CREATE, WRITE]: sun.nio.ch.FileChannelImpl@1479e74
2024-10-31 03:23:38,020 TRACE util.FileUtils (LogUtils.java:runAndLog(49)) - Successfully ran Atomic Files.move /home/runner/work/ratis/ratis/ratis-examples/target/test/data/f203f927/MiniRaftClusterWithSimulatedRpca2d4e021/s1/3c634f31-905e-4365-9158-bb4825b1330b/current/raft-meta.conf.tmp to /home/runner/work/ratis/ratis/ratis-examples/target/test/data/f203f927/MiniRaftClusterWithSimulatedRpca2d4e021/s1/3c634f31-905e-4365-9158-bb4825b1330b/current/raft-meta.conf with options [REPLACE_EXISTING]
2024-10-31 03:23:38,031 INFO  ratis.RaftTestUtil (RaftTestUtil.java:waitForLeader(131)) - printing group-BB4825B1330B
  s10:  RUNNING [
   FOLLOWER s10@group-BB4825B1330B:t1, leader=s0, voted=s0, raftlog=Memoized:s10@group-BB4825B1330B-SegmentedRaftLog:OPENED:c0:last(t:1, i:0), conf=conf: {index: 0, cur=peers:[s10|, s0|, s1|]|listeners:[], old=null} RUNNING
   FOLLOWER s10@group-4EB49E3E6D70:t0, leader=null, voted=, raftlog=Memoized:s10@group-4EB49E3E6D70-SegmentedRaftLog:OPENED:c-1:lastnull, conf=conf: {index: -1, cur=peers:[]|listeners:[], old=null} STARTING] size=2
  s0:  RUNNING [
     LEADER s0@group-BB4825B1330B:t1, leader=s0, voted=s0, raftlog=Memoized:s0@group-BB4825B1330B-SegmentedRaftLog:OPENED:c0:last(t:1, i:0), conf=conf: {index: 0, cur=peers:[s10, s0, s1]|listeners:[], old=null} RUNNING
   FOLLOWER s0@group-4EB49E3E6D70:t0, leader=null, voted=, raftlog=Memoized:s0@group-4EB49E3E6D70-SegmentedRaftLog:OPENED:c-1:lastnull, conf=conf: {index: -1, cur=peers:[]|listeners:[], old=null} STARTING] size=2
  s1:  RUNNING [
   FOLLOWER s1@group-BB4825B1330B:t1, leader=s0, voted=s0, raftlog=Memoized:s1@group-BB4825B1330B-SegmentedRaftLog:OPENED:c0:last(t:1, i:0), conf=conf: {index: 0, cur=peers:[s10|, s0|, s1|]|listeners:[], old=null} RUNNING
   FOLLOWER s1@group-4EB49E3E6D70:t0, leader=null, voted=, raftlog=Memoized:s1@group-4EB49E3E6D70-SegmentedRaftLog:OPENED:c-1:lastnull, conf=conf: {index: -1, cur=peers:[]|listeners:[], old=null} STARTING] size=2
2024-10-31 03:23:38,199 INFO  statemachine.StateMachine (ArithmeticStateMachine.java:applyTransaction(181)) - LEADER:s0-1: a = 3 = 3
2024-10-31 03:23:38,213 INFO  statemachine.StateMachine (ArithmeticStateMachine.java:applyTransaction(181)) - LEADER:s0-3: b = 4 = 4
2024-10-31 03:23:38,223 INFO  statemachine.StateMachine (ArithmeticStateMachine.java:applyTransaction(181)) - LEADER:s0-5: c = √(a^2 + b^2) = 5
2024-10-31 03:23:38,228 INFO  statemachine.StateMachine (ArithmeticStateMachine.java:applyTransaction(181)) - LEADER:s0-7: a = null = null
2024-10-31 03:23:38,233 INFO  statemachine.StateMachine (ArithmeticStateMachine.java:applyTransaction(181)) - LEADER:s0-9: b = null = null
2024-10-31 03:23:38,241 INFO  statemachine.StateMachine (ArithmeticStateMachine.java:applyTransaction(181)) - LEADER:s0-11: c = null = null
2024-10-31 03:23:38,245 INFO  statemachine.StateMachine (ArithmeticStateMachine.java:applyTransaction(181)) - LEADER:s0-13: a = 5 = 5
2024-10-31 03:23:38,251 INFO  statemachine.StateMachine (ArithmeticStateMachine.java:applyTransaction(181)) - LEADER:s0-15: b = 12 = 12
2024-10-31 03:23:38,255 INFO  statemachine.StateMachine (ArithmeticStateMachine.java:applyTransaction(181)) - LEADER:s0-17: c = √(a^2 + b^2) = 13
2024-10-31 03:23:38,260 INFO  statemachine.StateMachine (ArithmeticStateMachine.java:applyTransaction(181)) - LEADER:s0-19: a = null = null
2024-10-31 03:23:38,266 INFO  statemachine.StateMachine (ArithmeticStateMachine.java:applyTransaction(181)) - LEADER:s0-21: b = null = null
2024-10-31 03:23:38,273 INFO  statemachine.StateMachine (ArithmeticStateMachine.java:applyTransaction(181)) - LEADER:s0-23: c = null = null
2024-10-31 03:23:38,278 INFO  statemachine.StateMachine (ArithmeticStateMachine.java:applyTransaction(181)) - LEADER:s0-25: a = 7 = 7
2024-10-31 03:23:38,288 INFO  statemachine.StateMachine (ArithmeticStateMachine.java:applyTransaction(181)) - LEADER:s0-27: b = 24 = 24
2024-10-31 03:23:38,293 INFO  statemachine.StateMachine (ArithmeticStateMachine.java:applyTransaction(181)) - LEADER:s0-29: c = √(a^2 + b^2) = 25
2024-10-31 03:23:38,298 INFO  statemachine.StateMachine (ArithmeticStateMachine.java:applyTransaction(181)) - LEADER:s0-31: a = null = null
2024-10-31 03:23:38,304 INFO  statemachine.StateMachine (ArithmeticStateMachine.java:applyTransaction(181)) - LEADER:s0-33: b = null = null
2024-10-31 03:23:38,308 INFO  statemachine.StateMachine (ArithmeticStateMachine.java:applyTransaction(181)) - LEADER:s0-35: c = null = null
2024-10-31 03:23:38,313 INFO  statemachine.StateMachine (ArithmeticStateMachine.java:applyTransaction(181)) - LEADER:s0-37: a = 9 = 9
2024-10-31 03:23:38,317 INFO  statemachine.StateMachine (ArithmeticStateMachine.java:applyTransaction(181)) - LEADER:s0-39: b = 40 = 40
2024-10-31 03:23:38,321 INFO  statemachine.StateMachine (ArithmeticStateMachine.java:applyTransaction(181)) - LEADER:s0-41: c = √(a^2 + b^2) = 41
2024-10-31 03:23:38,325 INFO  statemachine.StateMachine (ArithmeticStateMachine.java:applyTransaction(181)) - LEADER:s0-43: a = null = null
2024-10-31 03:23:38,331 INFO  statemachine.StateMachine (ArithmeticStateMachine.java:applyTransaction(181)) - LEADER:s0-45: b = null = null
2024-10-31 03:23:38,335 INFO  statemachine.StateMachine (ArithmeticStateMachine.java:applyTransaction(181)) - LEADER:s0-47: c = null = null
2024-10-31 03:23:38,338 INFO  statemachine.StateMachine (ArithmeticStateMachine.java:applyTransaction(181)) - LEADER:s0-49: a = 11 = 11
2024-10-31 03:23:38,342 INFO  statemachine.StateMachine (ArithmeticStateMachine.java:applyTransaction(181)) - LEADER:s0-51: b = 60 = 60
2024-10-31 03:23:38,347 INFO  statemachine.StateMachine (ArithmeticStateMachine.java:applyTransaction(181)) - LEADER:s0-53: c = √(a^2 + b^2) = 61
2024-10-31 03:23:38,351 INFO  statemachine.StateMachine (ArithmeticStateMachine.java:applyTransaction(181)) - LEADER:s0-55: a = null = null
2024-10-31 03:23:38,354 INFO  statemachine.StateMachine (ArithmeticStateMachine.java:applyTransaction(181)) - LEADER:s0-57: b = null = null
2024-10-31 03:23:38,358 INFO  statemachine.StateMachine (ArithmeticStateMachine.java:applyTransaction(181)) - LEADER:s0-59: c = null = null
2024-10-31 03:23:38,361 INFO  statemachine.StateMachine (ArithmeticStateMachine.java:applyTransaction(181)) - LEADER:s0-61: a = 13 = 13
2024-10-31 03:23:38,369 INFO  statemachine.StateMachine (ArithmeticStateMachine.java:applyTransaction(181)) - LEADER:s0-63: b = 84 = 84
2024-10-31 03:23:38,373 INFO  statemachine.StateMachine (ArithmeticStateMachine.java:applyTransaction(181)) - LEADER:s0-65: c = √(a^2 + b^2) = 85
2024-10-31 03:23:38,377 INFO  statemachine.StateMachine (ArithmeticStateMachine.java:applyTransaction(181)) - LEADER:s0-67: a = null = null
2024-10-31 03:23:38,380 INFO  statemachine.StateMachine (ArithmeticStateMachine.java:applyTransaction(181)) - LEADER:s0-69: b = null = null
2024-10-31 03:23:38,383 INFO  statemachine.StateMachine (ArithmeticStateMachine.java:applyTransaction(181)) - LEADER:s0-71: c = null = null
2024-10-31 03:23:38,387 INFO  statemachine.StateMachine (ArithmeticStateMachine.java:applyTransaction(181)) - LEADER:s0-73: a = 15 = 15
2024-10-31 03:23:38,390 INFO  statemachine.StateMachine (ArithmeticStateMachine.java:applyTransaction(181)) - LEADER:s0-75: b = 112 = 112
2024-10-31 03:23:38,393 INFO  statemachine.StateMachine (ArithmeticStateMachine.java:applyTransaction(181)) - LEADER:s0-77: c = √(a^2 + b^2) = 113
2024-10-31 03:23:38,396 INFO  statemachine.StateMachine (ArithmeticStateMachine.java:applyTransaction(181)) - LEADER:s0-79: a = null = null
2024-10-31 03:23:38,400 INFO  statemachine.StateMachine (ArithmeticStateMachine.java:applyTransaction(181)) - LEADER:s0-81: b = null = null
2024-10-31 03:23:38,403 INFO  statemachine.StateMachine (ArithmeticStateMachine.java:applyTransaction(181)) - LEADER:s0-83: c = null = null
2024-10-31 03:23:38,406 INFO  statemachine.StateMachine (ArithmeticStateMachine.java:applyTransaction(181)) - LEADER:s0-85: a = 17 = 17
2024-10-31 03:23:38,410 INFO  statemachine.StateMachine (ArithmeticStateMachine.java:applyTransaction(181)) - LEADER:s0-87: b = 144 = 144
2024-10-31 03:23:38,414 INFO  statemachine.StateMachine (ArithmeticStateMachine.java:applyTransaction(181)) - LEADER:s0-89: c = √(a^2 + b^2) = 145
2024-10-31 03:23:38,418 INFO  statemachine.StateMachine (ArithmeticStateMachine.java:applyTransaction(181)) - LEADER:s0-91: a = null = null
2024-10-31 03:23:38,421 INFO  statemachine.StateMachine (ArithmeticStateMachine.java:applyTransaction(181)) - LEADER:s0-93: b = null = null
2024-10-31 03:23:38,424 INFO  statemachine.StateMachine (ArithmeticStateMachine.java:applyTransaction(181)) - LEADER:s0-95: c = null = null
2024-10-31 03:23:38,427 INFO  statemachine.StateMachine (ArithmeticStateMachine.java:applyTransaction(181)) - LEADER:s0-97: a = 19 = 19
2024-10-31 03:23:38,430 INFO  statemachine.StateMachine (ArithmeticStateMachine.java:applyTransaction(181)) - LEADER:s0-99: b = 180 = 180
2024-10-31 03:23:38,433 INFO  statemachine.StateMachine (ArithmeticStateMachine.java:applyTransaction(181)) - LEADER:s0-101: c = √(a^2 + b^2) = 181
2024-10-31 03:23:38,437 INFO  statemachine.StateMachine (ArithmeticStateMachine.java:applyTransaction(181)) - LEADER:s0-103: a = null = null
2024-10-31 03:23:38,442 INFO  statemachine.StateMachine (ArithmeticStateMachine.java:applyTransaction(181)) - LEADER:s0-105: b = null = null
2024-10-31 03:23:38,444 INFO  statemachine.StateMachine (ArithmeticStateMachine.java:applyTransaction(181)) - LEADER:s0-107: c = null = null
2024-10-31 03:23:38,447 INFO  statemachine.StateMachine (ArithmeticStateMachine.java:applyTransaction(181)) - LEADER:s0-109: a = 21 = 21
2024-10-31 03:23:38,450 INFO  statemachine.StateMachine (ArithmeticStateMachine.java:applyTransaction(181)) - LEADER:s0-111: b = 220 = 220
2024-10-31 03:23:38,453 INFO  statemachine.StateMachine (ArithmeticStateMachine.java:applyTransaction(181)) - LEADER:s0-113: c = √(a^2 + b^2) = 221
2024-10-31 03:23:38,456 INFO  statemachine.StateMachine (ArithmeticStateMachine.java:applyTransaction(181)) - LEADER:s0-115: a = null = null
2024-10-31 03:23:38,458 INFO  statemachine.StateMachine (ArithmeticStateMachine.java:applyTransaction(181)) - LEADER:s0-117: b = null = null
2024-10-31 03:23:38,462 INFO  statemachine.StateMachine (ArithmeticStateMachine.java:applyTransaction(181)) - LEADER:s0-119: c = null = null
2024-10-31 03:23:38,462 INFO  impl.GroupManagementBaseTest (GroupManagementBaseTest.java:runMultiGroupTest(281)) - 1) starting group-E1D6B2FD37FB:[s11, s13, s12]
2024-10-31 03:23:38,463 INFO  server.RaftServer (RaftServerProxy.java:addNew(101)) - s11: addNew group-E1D6B2FD37FB:[s11, s13, s12] returns group-E1D6B2FD37FB:java.util.concurrent.CompletableFuture@1056c805[Not completed]
2024-10-31 03:23:38,464 INFO  server.RaftServer$Division (RaftServerImpl.java:<init>(256)) - s11: new RaftServerImpl for group-E1D6B2FD37FB:[s11, s13, s12] with ArithmeticStateMachine:uninitialized
2024-10-31 03:23:38,464 INFO  server.RaftServerConfigKeys (ConfUtils.java:logGet(46)) - raft.server.rpc.timeout.min = 300ms (custom)
2024-10-31 03:23:38,464 INFO  server.RaftServerConfigKeys (ConfUtils.java:logGet(46)) - raft.server.rpc.timeout.max = 600ms (custom)
2024-10-31 03:23:38,464 INFO  server.RaftServerConfigKeys (ConfUtils.java:logGet(46)) - raft.server.rpc.sleep.time = 25ms (default)
2024-10-31 03:23:38,464 INFO  server.RaftServerConfigKeys (ConfUtils.java:logGet(46)) - raft.server.rpc.slowness.timeout = 60s (default)
2024-10-31 03:23:38,464 INFO  server.RaftServerConfigKeys (ConfUtils.java:logGet(46)) - raft.server.leaderelection.leader.step-down.wait-time = 10s (default)
2024-10-31 03:23:38,464 INFO  server.RaftServerConfigKeys (ConfUtils.java:logGet(46)) - raft.server.leaderelection.member.majority-add = false (default)
2024-10-31 03:23:38,464 INFO  server.RaftServerConfigKeys (ConfUtils.java:logGet(46)) - raft.server.sleep.deviation.threshold = 300ms (default)
2024-10-31 03:23:38,465 INFO  server.RaftServer$Division (ServerState.java:<init>(114)) - s11@group-E1D6B2FD37FB: ConfigurationManager, init=conf: {index: -1, cur=peers:[s11, s13, s12]|listeners:[], old=null}, confs=<EMPTY_MAP>
2024-10-31 03:23:38,465 INFO  server.RaftServerConfigKeys (ConfUtils.java:logGet(46)) - raft.server.notification.no-leader.timeout = 60s (default)
2024-10-31 03:23:38,465 INFO  server.RaftServerConfigKeys (ConfUtils.java:logGet(46)) - raft.server.read.timeout = 10s (default)
2024-10-31 03:23:38,465 INFO  server.RaftServerConfigKeys (ConfUtils.java:logGet(46)) - raft.server.retrycache.expirytime = 60s (default)
2024-10-31 03:23:38,465 INFO  server.RaftServerConfigKeys (ConfUtils.java:logGet(46)) - raft.server.retrycache.statistics.expirytime = 100ms (default)
2024-10-31 03:23:38,465 INFO  server.RaftServerConfigKeys (ConfUtils.java:logGet(46)) - raft.server.read.option = DEFAULT (default)
2024-10-31 03:23:38,465 INFO  server.RaftServerConfigKeys (ConfUtils.java:logGet(46)) - raft.server.read.read-after-write-consistent.write-index-cache.expiry-time = 60s (default)
2024-10-31 03:23:38,466 INFO  server.RaftServerConfigKeys (ConfUtils.java:logGet(46)) - raft.server.rpc.request.timeout = 3000ms (default)
2024-10-31 03:23:38,466 INFO  server.RaftServerConfigKeys (ConfUtils.java:logGet(46)) - raft.server.log.appender.install.snapshot.enabled = true (default)
2024-10-31 03:23:38,467 INFO  server.RaftServerConfigKeys (ConfUtils.java:logGet(46)) - raft.server.threadpool.server.cached = true (default)
2024-10-31 03:23:38,467 INFO  server.RaftServerConfigKeys (ConfUtils.java:logGet(46)) - raft.server.threadpool.server.size = 0 (default)
2024-10-31 03:23:38,467 INFO  server.RaftServerConfigKeys (ConfUtils.java:logGet(46)) - raft.server.threadpool.client.cached = true (default)
2024-10-31 03:23:38,467 INFO  server.RaftServerConfigKeys (ConfUtils.java:logGet(46)) - raft.server.threadpool.client.size = 0 (default)
2024-10-31 03:23:38,467 INFO  server.RaftServerConfigKeys (ConfUtils.java:logGet(46)) - raft.server.storage.free-space.min = 0MB (=0) (default)
2024-10-31 03:23:38,467 INFO  server.RaftServerConfigKeys (ConfUtils.java:logGet(46)) - raft.server.log.corruption.policy = EXCEPTION (default)
2024-10-31 03:23:38,467 INFO  server.RaftServerConfigKeys (ConfUtils.java:logGet(46)) - raft.server.storage.dir = [/home/runner/work/ratis/ratis/ratis-examples/target/test/data/f203f927/MiniRaftClusterWithSimulatedRpca2d4e021/s11] (custom)
2024-10-31 03:23:38,468 INFO  storage.RaftStorageDirectory (RaftStorageDirectoryImpl.java:analyzeStorage(138)) - The storage directory /home/runner/work/ratis/ratis/ratis-examples/target/test/data/f203f927/MiniRaftClusterWithSimulatedRpca2d4e021/s11/4ad4c581-1f7d-4839-af83-e1d6b2fd37fb does not exist. Creating ...
2024-10-31 03:23:38,468 TRACE util.FileUtils (LogUtils.java:runAndLog(49)) - Successfully ran Files.createDirectories /home/runner/work/ratis/ratis/ratis-examples/target/test/data/f203f927/MiniRaftClusterWithSimulatedRpca2d4e021/s11/4ad4c581-1f7d-4839-af83-e1d6b2fd37fb
2024-10-31 03:23:38,469 INFO  storage.RaftStorageDirectory (RaftStorageDirectoryImpl.java:tryLock(229)) - Lock on /home/runner/work/ratis/ratis/ratis-examples/target/test/data/f203f927/MiniRaftClusterWithSimulatedRpca2d4e021/s11/4ad4c581-1f7d-4839-af83-e1d6b2fd37fb/in_use.lock acquired by nodename 14975@fv-az1757-779
2024-10-31 03:23:38,469 TRACE util.FileUtils (LogUtils.java:runAndLog(49)) - Successfully ran Files.createDirectories /home/runner/work/ratis/ratis/ratis-examples/target/test/data/f203f927/MiniRaftClusterWithSimulatedRpca2d4e021/s11/4ad4c581-1f7d-4839-af83-e1d6b2fd37fb/current
2024-10-31 03:23:38,470 TRACE util.FileUtils (LogUtils.java:runAndLog(49)) - Successfully ran Files.createDirectories /home/runner/work/ratis/ratis/ratis-examples/target/test/data/f203f927/MiniRaftClusterWithSimulatedRpca2d4e021/s11/4ad4c581-1f7d-4839-af83-e1d6b2fd37fb/sm
2024-10-31 03:23:38,470 TRACE util.FileUtils (LogUtils.java:supplyAndLog(69)) - Successfully supplied FileChannel.open /home/runner/work/ratis/ratis/ratis-examples/target/test/data/f203f927/MiniRaftClusterWithSimulatedRpca2d4e021/s11/4ad4c581-1f7d-4839-af83-e1d6b2fd37fb/current/raft-meta.tmp with options [CREATE, WRITE]: sun.nio.ch.FileChannelImpl@2f09683b
2024-10-31 03:23:38,471 TRACE util.FileUtils (LogUtils.java:runAndLog(49)) - Successfully ran Atomic Files.move /home/runner/work/ratis/ratis/ratis-examples/target/test/data/f203f927/MiniRaftClusterWithSimulatedRpca2d4e021/s11/4ad4c581-1f7d-4839-af83-e1d6b2fd37fb/current/raft-meta.tmp to /home/runner/work/ratis/ratis/ratis-examples/target/test/data/f203f927/MiniRaftClusterWithSimulatedRpca2d4e021/s11/4ad4c581-1f7d-4839-af83-e1d6b2fd37fb/current/raft-meta with options [REPLACE_EXISTING]
2024-10-31 03:23:38,471 INFO  storage.RaftStorage (RaftStorageImpl.java:format(98)) - Storage directory /home/runner/work/ratis/ratis/ratis-examples/target/test/data/f203f927/MiniRaftClusterWithSimulatedRpca2d4e021/s11/4ad4c581-1f7d-4839-af83-e1d6b2fd37fb has been successfully formatted.
2024-10-31 03:23:38,472 WARN  statemachine.StateMachine (ArithmeticStateMachine.java:loadSnapshot(115)) - The snapshot info is null.
2024-10-31 03:23:38,472 INFO  server.RaftServerConfigKeys (ConfUtils.java:logGet(46)) - raft.server.log.use.memory = false (default)
2024-10-31 03:23:38,472 INFO  server.RaftServerConfigKeys (ConfUtils.java:logGet(46)) - raft.server.log.purge.gap = 1024 (default)
2024-10-31 03:23:38,472 INFO  server.RaftServerConfigKeys (ConfUtils.java:logGet(46)) - raft.server.log.appender.buffer.byte-limit = 4MB (=4194304) (default)
2024-10-31 03:23:38,472 INFO  server.RaftServerConfigKeys (ConfUtils.java:logGet(46)) - raft.server.log.statemachine.data.read.timeout = 1000ms (default)
2024-10-31 03:23:38,472 INFO  server.RaftServerConfigKeys (ConfUtils.java:logGet(46)) - raft.server.log.purge.preservation.log.num = 0 (default)
2024-10-31 03:23:38,473 INFO  server.RaftServerConfigKeys (ConfUtils.java:logGet(46)) - raft.server.log.segment.size.max = 32MB (=33554432) (default)
2024-10-31 03:23:38,473 INFO  server.RaftServerConfigKeys (ConfUtils.java:logGet(46)) - raft.server.log.segment.cache.num.max = 6 (default)
2024-10-31 03:23:38,473 INFO  server.RaftServerConfigKeys (ConfUtils.java:logGet(46)) - raft.server.log.segment.cache.size.max = 200MB (=209715200) (default)
2024-10-31 03:23:38,473 INFO  server.RaftServerConfigKeys (ConfUtils.java:logGet(46)) - raft.server.log.appender.buffer.byte-limit = 4MB (=4194304) (default)
2024-10-31 03:23:38,474 INFO  util.AwaitToRun (AwaitToRun.java:start(81)) - Thread[s11@group-E1D6B2FD37FB-cacheEviction-AwaitToRun,5,main] started
2024-10-31 03:23:38,474 INFO  segmented.SegmentedRaftLogWorker (SegmentedRaftLogWorker.java:<init>(189)) - new s11@group-E1D6B2FD37FB-SegmentedRaftLogWorker for RaftStorageImpl:Storage Directory /home/runner/work/ratis/ratis/ratis-examples/target/test/data/f203f927/MiniRaftClusterWithSimulatedRpca2d4e021/s11/4ad4c581-1f7d-4839-af83-e1d6b2fd37fb
2024-10-31 03:23:38,474 INFO  server.RaftServerConfigKeys (ConfUtils.java:logGet(46)) - raft.server.log.queue.byte-limit = 64MB (=67108864) (default)
2024-10-31 03:23:38,474 INFO  server.RaftServerConfigKeys (ConfUtils.java:logGet(46)) - raft.server.log.queue.element-limit = 4096 (default)
2024-10-31 03:23:38,474 INFO  server.RaftServerConfigKeys (ConfUtils.java:logGet(46)) - raft.server.log.segment.size.max = 32MB (=33554432) (default)
2024-10-31 03:23:38,474 INFO  server.RaftServerConfigKeys (ConfUtils.java:logGet(46)) - raft.server.log.preallocated.size = 4MB (=4194304) (default)
2024-10-31 03:23:38,474 INFO  server.RaftServerConfigKeys (ConfUtils.java:logGet(46)) - raft.server.log.force.sync.num = 128 (default)
2024-10-31 03:23:38,474 INFO  server.RaftServerConfigKeys (ConfUtils.java:logGet(46)) - raft.server.log.statemachine.data.sync = true (default)
2024-10-31 03:23:38,474 INFO  server.RaftServerConfigKeys (ConfUtils.java:logGet(46)) - raft.server.log.statemachine.data.sync.timeout = 10s (default)
2024-10-31 03:23:38,474 INFO  server.RaftServerConfigKeys (ConfUtils.java:logGet(46)) - raft.server.log.statemachine.data.sync.timeout.retry = -1 (default)
2024-10-31 03:23:38,474 INFO  server.RaftServerConfigKeys (ConfUtils.java:logGet(46)) - raft.server.log.write.buffer.size = 8MB (=8388608) (default)
2024-10-31 03:23:38,477 INFO  server.RaftServerConfigKeys (ConfUtils.java:logGet(46)) - raft.server.log.appender.buffer.byte-limit = 4MB (=4194304) (default)
2024-10-31 03:23:38,477 INFO  server.RaftServerConfigKeys (ConfUtils.java:logGet(46)) - raft.server.log.unsafe-flush.enabled = false (default)
2024-10-31 03:23:38,477 INFO  server.RaftServerConfigKeys (ConfUtils.java:logGet(46)) - raft.server.log.async-flush.enabled = false (default)
2024-10-31 03:23:38,477 INFO  server.RaftServerConfigKeys (ConfUtils.java:logGet(46)) - raft.server.log.statemachine.data.caching.enabled = false (default)
2024-10-31 03:23:38,477 INFO  segmented.SegmentedRaftLogWorker (SegmentedRaftLogWorker.java:lambda$new$0(140)) - s11@group-E1D6B2FD37FB-SegmentedRaftLogWorker: flushIndex: setUnconditionally 0 -> -1
2024-10-31 03:23:38,477 INFO  segmented.SegmentedRaftLogWorker (SegmentedRaftLogWorker.java:lambda$new$0(140)) - s11@group-E1D6B2FD37FB-SegmentedRaftLogWorker: safeCacheEvictIndex: setUnconditionally 0 -> -1
2024-10-31 03:23:38,478 INFO  server.RaftServer$Division (RaftServerImpl.java:start(392)) - s11@group-E1D6B2FD37FB: start as a follower, conf=conf: {index: -1, cur=peers:[s11, s13, s12]|listeners:[], old=null}
2024-10-31 03:23:38,478 INFO  server.RaftServer$Division (RaftServerImpl.java:setRole(379)) - s11@group-E1D6B2FD37FB: changes role from      null to FOLLOWER at term 0 for startAsFollower
2024-10-31 03:23:38,478 INFO  impl.RoleInfo (RoleInfo.java:updateAndGet(148)) - s11: start s11@group-E1D6B2FD37FB-FollowerState
2024-10-31 03:23:38,478 INFO  server.RaftServerConfigKeys (ConfUtils.java:logFallback(53)) - raft.server.rpc.first-election.timeout.min = 300ms (fallback to raft.server.rpc.timeout.min)
2024-10-31 03:23:38,478 INFO  util.JmxRegister (JmxRegister.java:tryRegister(44)) - Successfully registered JMX Bean with object name Ratis:service=RaftServer,group=group-E1D6B2FD37FB,id=s11
2024-10-31 03:23:38,478 INFO  util.JmxRegister (JmxRegister.java:register(58)) - register mxBean class org.apache.ratis.server.impl.RaftServerJmxAdapter as Ratis:service=RaftServer,group=group-E1D6B2FD37FB,id=s11
2024-10-31 03:23:38,479 INFO  server.RaftServerConfigKeys (ConfUtils.java:logGet(46)) - raft.server.snapshot.trigger-when-stop.enabled = true (default)
2024-10-31 03:23:38,479 INFO  server.RaftServerConfigKeys (ConfUtils.java:logGet(46)) - raft.server.snapshot.trigger-when-remove.enabled = true (default)
2024-10-31 03:23:38,479 INFO  server.RaftServerConfigKeys (ConfUtils.java:logGet(46)) - raft.server.snapshot.auto.trigger.enabled = false (default)
2024-10-31 03:23:38,479 INFO  server.RaftServerConfigKeys (ConfUtils.java:logGet(46)) - raft.server.snapshot.retention.file.num = -1 (default)
2024-10-31 03:23:38,479 INFO  server.RaftServerConfigKeys (ConfUtils.java:logGet(46)) - raft.server.log.purge.upto.snapshot.index = false (default)
2024-10-31 03:23:38,478 INFO  server.RaftServerConfigKeys (ConfUtils.java:logFallback(53)) - raft.server.rpc.first-election.timeout.max = 600ms (fallback to raft.server.rpc.timeout.max)
2024-10-31 03:23:38,479 INFO  server.RaftServer$Division (RaftServerImpl.java:start(406)) - s11@group-E1D6B2FD37FB: Successfully started.
2024-10-31 03:23:38,481 INFO  server.RaftServer (RaftServerProxy.java:addNew(101)) - s12: addNew group-E1D6B2FD37FB:[s11, s13, s12] returns group-E1D6B2FD37FB:java.util.concurrent.CompletableFuture@7752f464[Not completed]
2024-10-31 03:23:38,481 INFO  server.RaftServer$Division (RaftServerImpl.java:<init>(256)) - s12: new RaftServerImpl for group-E1D6B2FD37FB:[s11, s13, s12] with ArithmeticStateMachine:uninitialized
2024-10-31 03:23:38,481 INFO  server.RaftServerConfigKeys (ConfUtils.java:logGet(46)) - raft.server.rpc.timeout.min = 300ms (custom)
2024-10-31 03:23:38,481 INFO  server.RaftServerConfigKeys (ConfUtils.java:logGet(46)) - raft.server.rpc.timeout.max = 600ms (custom)
2024-10-31 03:23:38,481 INFO  server.RaftServerConfigKeys (ConfUtils.java:logGet(46)) - raft.server.rpc.sleep.time = 25ms (default)
2024-10-31 03:23:38,481 INFO  server.RaftServerConfigKeys (ConfUtils.java:logGet(46)) - raft.server.rpc.slowness.timeout = 60s (default)
2024-10-31 03:23:38,481 INFO  server.RaftServerConfigKeys (ConfUtils.java:logGet(46)) - raft.server.leaderelection.leader.step-down.wait-time = 10s (default)
2024-10-31 03:23:38,481 INFO  server.RaftServerConfigKeys (ConfUtils.java:logGet(46)) - raft.server.leaderelection.member.majority-add = false (default)
2024-10-31 03:23:38,481 INFO  server.RaftServerConfigKeys (ConfUtils.java:logGet(46)) - raft.server.sleep.deviation.threshold = 300ms (default)
2024-10-31 03:23:38,482 INFO  server.RaftServer$Division (ServerState.java:<init>(114)) - s12@group-E1D6B2FD37FB: ConfigurationManager, init=conf: {index: -1, cur=peers:[s11, s13, s12]|listeners:[], old=null}, confs=<EMPTY_MAP>
2024-10-31 03:23:38,482 INFO  server.RaftServerConfigKeys (ConfUtils.java:logGet(46)) - raft.server.notification.no-leader.timeout = 60s (default)
2024-10-31 03:23:38,482 INFO  server.RaftServerConfigKeys (ConfUtils.java:logGet(46)) - raft.server.read.timeout = 10s (default)
2024-10-31 03:23:38,482 INFO  server.RaftServerConfigKeys (ConfUtils.java:logGet(46)) - raft.server.retrycache.expirytime = 60s (default)
2024-10-31 03:23:38,482 INFO  server.RaftServerConfigKeys (ConfUtils.java:logGet(46)) - raft.server.retrycache.statistics.expirytime = 100ms (default)
2024-10-31 03:23:38,482 INFO  server.RaftServerConfigKeys (ConfUtils.java:logGet(46)) - raft.server.read.option = DEFAULT (default)
2024-10-31 03:23:38,482 INFO  server.RaftServerConfigKeys (ConfUtils.java:logGet(46)) - raft.server.read.read-after-write-consistent.write-index-cache.expiry-time = 60s (default)
2024-10-31 03:23:38,483 INFO  server.RaftServerConfigKeys (ConfUtils.java:logGet(46)) - raft.server.rpc.request.timeout = 3000ms (default)
2024-10-31 03:23:38,483 INFO  server.RaftServerConfigKeys (ConfUtils.java:logGet(46)) - raft.server.log.appender.install.snapshot.enabled = true (default)
2024-10-31 03:23:38,483 INFO  server.RaftServerConfigKeys (ConfUtils.java:logGet(46)) - raft.server.threadpool.server.cached = true (default)
2024-10-31 03:23:38,483 INFO  server.RaftServerConfigKeys (ConfUtils.java:logGet(46)) - raft.server.threadpool.server.size = 0 (default)
2024-10-31 03:23:38,483 INFO  server.RaftServerConfigKeys (ConfUtils.java:logGet(46)) - raft.server.threadpool.client.cached = true (default)
2024-10-31 03:23:38,484 INFO  server.RaftServerConfigKeys (ConfUtils.java:logGet(46)) - raft.server.threadpool.client.size = 0 (default)
2024-10-31 03:23:38,484 INFO  server.RaftServerConfigKeys (ConfUtils.java:logGet(46)) - raft.server.storage.free-space.min = 0MB (=0) (default)
2024-10-31 03:23:38,484 INFO  server.RaftServerConfigKeys (ConfUtils.java:logGet(46)) - raft.server.log.corruption.policy = EXCEPTION (default)
2024-10-31 03:23:38,484 INFO  server.RaftServerConfigKeys (ConfUtils.java:logGet(46)) - raft.server.storage.dir = [/home/runner/work/ratis/ratis/ratis-examples/target/test/data/f203f927/MiniRaftClusterWithSimulatedRpca2d4e021/s12] (custom)
2024-10-31 03:23:38,484 INFO  storage.RaftStorageDirectory (RaftStorageDirectoryImpl.java:analyzeStorage(138)) - The storage directory /home/runner/work/ratis/ratis/ratis-examples/target/test/data/f203f927/MiniRaftClusterWithSimulatedRpca2d4e021/s12/4ad4c581-1f7d-4839-af83-e1d6b2fd37fb does not exist. Creating ...
2024-10-31 03:23:38,484 TRACE util.FileUtils (LogUtils.java:runAndLog(49)) - Successfully ran Files.createDirectories /home/runner/work/ratis/ratis/ratis-examples/target/test/data/f203f927/MiniRaftClusterWithSimulatedRpca2d4e021/s12/4ad4c581-1f7d-4839-af83-e1d6b2fd37fb
2024-10-31 03:23:38,486 INFO  storage.RaftStorageDirectory (RaftStorageDirectoryImpl.java:tryLock(229)) - Lock on /home/runner/work/ratis/ratis/ratis-examples/target/test/data/f203f927/MiniRaftClusterWithSimulatedRpca2d4e021/s12/4ad4c581-1f7d-4839-af83-e1d6b2fd37fb/in_use.lock acquired by nodename 14975@fv-az1757-779
2024-10-31 03:23:38,486 TRACE util.FileUtils (LogUtils.java:runAndLog(49)) - Successfully ran Files.createDirectories /home/runner/work/ratis/ratis/ratis-examples/target/test/data/f203f927/MiniRaftClusterWithSimulatedRpca2d4e021/s12/4ad4c581-1f7d-4839-af83-e1d6b2fd37fb/current
2024-10-31 03:23:38,486 TRACE util.FileUtils (LogUtils.java:runAndLog(49)) - Successfully ran Files.createDirectories /home/runner/work/ratis/ratis/ratis-examples/target/test/data/f203f927/MiniRaftClusterWithSimulatedRpca2d4e021/s12/4ad4c581-1f7d-4839-af83-e1d6b2fd37fb/sm
2024-10-31 03:23:38,486 TRACE util.FileUtils (LogUtils.java:supplyAndLog(69)) - Successfully supplied FileChannel.open /home/runner/work/ratis/ratis/ratis-examples/target/test/data/f203f927/MiniRaftClusterWithSimulatedRpca2d4e021/s12/4ad4c581-1f7d-4839-af83-e1d6b2fd37fb/current/raft-meta.tmp with options [CREATE, WRITE]: sun.nio.ch.FileChannelImpl@2ba01644
2024-10-31 03:23:38,489 TRACE util.FileUtils (LogUtils.java:runAndLog(49)) - Successfully ran Atomic Files.move /home/runner/work/ratis/ratis/ratis-examples/target/test/data/f203f927/MiniRaftClusterWithSimulatedRpca2d4e021/s12/4ad4c581-1f7d-4839-af83-e1d6b2fd37fb/current/raft-meta.tmp to /home/runner/work/ratis/ratis/ratis-examples/target/test/data/f203f927/MiniRaftClusterWithSimulatedRpca2d4e021/s12/4ad4c581-1f7d-4839-af83-e1d6b2fd37fb/current/raft-meta with options [REPLACE_EXISTING]
2024-10-31 03:23:38,489 INFO  storage.RaftStorage (RaftStorageImpl.java:format(98)) - Storage directory /home/runner/work/ratis/ratis/ratis-examples/target/test/data/f203f927/MiniRaftClusterWithSimulatedRpca2d4e021/s12/4ad4c581-1f7d-4839-af83-e1d6b2fd37fb has been successfully formatted.
2024-10-31 03:23:38,490 WARN  statemachine.StateMachine (ArithmeticStateMachine.java:loadSnapshot(115)) - The snapshot info is null.
2024-10-31 03:23:38,490 INFO  server.RaftServerConfigKeys (ConfUtils.java:logGet(46)) - raft.server.log.use.memory = false (default)
2024-10-31 03:23:38,490 INFO  server.RaftServerConfigKeys (ConfUtils.java:logGet(46)) - raft.server.log.purge.gap = 1024 (default)
2024-10-31 03:23:38,490 INFO  server.RaftServerConfigKeys (ConfUtils.java:logGet(46)) - raft.server.log.appender.buffer.byte-limit = 4MB (=4194304) (default)
2024-10-31 03:23:38,490 INFO  server.RaftServerConfigKeys (ConfUtils.java:logGet(46)) - raft.server.log.statemachine.data.read.timeout = 1000ms (default)
2024-10-31 03:23:38,490 INFO  server.RaftServerConfigKeys (ConfUtils.java:logGet(46)) - raft.server.log.purge.preservation.log.num = 0 (default)
2024-10-31 03:23:38,490 INFO  server.RaftServerConfigKeys (ConfUtils.java:logGet(46)) - raft.server.log.segment.size.max = 32MB (=33554432) (default)
2024-10-31 03:23:38,491 INFO  server.RaftServerConfigKeys (ConfUtils.java:logGet(46)) - raft.server.log.segment.cache.num.max = 6 (default)
2024-10-31 03:23:38,491 INFO  server.RaftServerConfigKeys (ConfUtils.java:logGet(46)) - raft.server.log.segment.cache.size.max = 200MB (=209715200) (default)
2024-10-31 03:23:38,491 INFO  server.RaftServerConfigKeys (ConfUtils.java:logGet(46)) - raft.server.log.appender.buffer.byte-limit = 4MB (=4194304) (default)
2024-10-31 03:23:38,491 INFO  util.AwaitToRun (AwaitToRun.java:start(81)) - Thread[s12@group-E1D6B2FD37FB-cacheEviction-AwaitToRun,5,main] started
2024-10-31 03:23:38,491 INFO  segmented.SegmentedRaftLogWorker (SegmentedRaftLogWorker.java:<init>(189)) - new s12@group-E1D6B2FD37FB-SegmentedRaftLogWorker for RaftStorageImpl:Storage Directory /home/runner/work/ratis/ratis/ratis-examples/target/test/data/f203f927/MiniRaftClusterWithSimulatedRpca2d4e021/s12/4ad4c581-1f7d-4839-af83-e1d6b2fd37fb
2024-10-31 03:23:38,491 INFO  server.RaftServerConfigKeys (ConfUtils.java:logGet(46)) - raft.server.log.queue.byte-limit = 64MB (=67108864) (default)
2024-10-31 03:23:38,491 INFO  server.RaftServerConfigKeys (ConfUtils.java:logGet(46)) - raft.server.log.queue.element-limit = 4096 (default)
2024-10-31 03:23:38,491 INFO  server.RaftServerConfigKeys (ConfUtils.java:logGet(46)) - raft.server.log.segment.size.max = 32MB (=33554432) (default)
2024-10-31 03:23:38,491 INFO  server.RaftServerConfigKeys (ConfUtils.java:logGet(46)) - raft.server.log.preallocated.size = 4MB (=4194304) (default)
2024-10-31 03:23:38,492 INFO  server.RaftServerConfigKeys (ConfUtils.java:logGet(46)) - raft.server.log.force.sync.num = 128 (default)
2024-10-31 03:23:38,492 INFO  server.RaftServerConfigKeys (ConfUtils.java:logGet(46)) - raft.server.log.statemachine.data.sync = true (default)
2024-10-31 03:23:38,492 INFO  server.RaftServerConfigKeys (ConfUtils.java:logGet(46)) - raft.server.log.statemachine.data.sync.timeout = 10s (default)
2024-10-31 03:23:38,492 INFO  server.RaftServerConfigKeys (ConfUtils.java:logGet(46)) - raft.server.log.statemachine.data.sync.timeout.retry = -1 (default)
2024-10-31 03:23:38,492 INFO  server.RaftServerConfigKeys (ConfUtils.java:logGet(46)) - raft.server.log.write.buffer.size = 8MB (=8388608) (default)
2024-10-31 03:23:38,494 INFO  server.RaftServerConfigKeys (ConfUtils.java:logGet(46)) - raft.server.log.appender.buffer.byte-limit = 4MB (=4194304) (default)
2024-10-31 03:23:38,494 INFO  server.RaftServerConfigKeys (ConfUtils.java:logGet(46)) - raft.server.log.unsafe-flush.enabled = false (default)
2024-10-31 03:23:38,494 INFO  server.RaftServerConfigKeys (ConfUtils.java:logGet(46)) - raft.server.log.async-flush.enabled = false (default)
2024-10-31 03:23:38,494 INFO  server.RaftServerConfigKeys (ConfUtils.java:logGet(46)) - raft.server.log.statemachine.data.caching.enabled = false (default)
2024-10-31 03:23:38,494 INFO  segmented.SegmentedRaftLogWorker (SegmentedRaftLogWorker.java:lambda$new$0(140)) - s12@group-E1D6B2FD37FB-SegmentedRaftLogWorker: flushIndex: setUnconditionally 0 -> -1
2024-10-31 03:23:38,494 INFO  segmented.SegmentedRaftLogWorker (SegmentedRaftLogWorker.java:lambda$new$0(140)) - s12@group-E1D6B2FD37FB-SegmentedRaftLogWorker: safeCacheEvictIndex: setUnconditionally 0 -> -1
2024-10-31 03:23:38,495 INFO  server.RaftServer$Division (RaftServerImpl.java:start(392)) - s12@group-E1D6B2FD37FB: start as a follower, conf=conf: {index: -1, cur=peers:[s11, s13, s12]|listeners:[], old=null}
2024-10-31 03:23:38,496 INFO  server.RaftServer$Division (RaftServerImpl.java:setRole(379)) - s12@group-E1D6B2FD37FB: changes role from      null to FOLLOWER at term 0 for startAsFollower
2024-10-31 03:23:38,496 INFO  impl.RoleInfo (RoleInfo.java:updateAndGet(148)) - s12: start s12@group-E1D6B2FD37FB-FollowerState
2024-10-31 03:23:38,497 INFO  util.JmxRegister (JmxRegister.java:tryRegister(44)) - Successfully registered JMX Bean with object name Ratis:service=RaftServer,group=group-E1D6B2FD37FB,id=s12
2024-10-31 03:23:38,497 INFO  util.JmxRegister (JmxRegister.java:register(58)) - register mxBean class org.apache.ratis.server.impl.RaftServerJmxAdapter as Ratis:service=RaftServer,group=group-E1D6B2FD37FB,id=s12
2024-10-31 03:23:38,497 INFO  server.RaftServerConfigKeys (ConfUtils.java:logGet(46)) - raft.server.snapshot.trigger-when-stop.enabled = true (default)
2024-10-31 03:23:38,497 INFO  server.RaftServerConfigKeys (ConfUtils.java:logGet(46)) - raft.server.snapshot.trigger-when-remove.enabled = true (default)
2024-10-31 03:23:38,497 INFO  server.RaftServerConfigKeys (ConfUtils.java:logGet(46)) - raft.server.snapshot.auto.trigger.enabled = false (default)
2024-10-31 03:23:38,497 INFO  server.RaftServerConfigKeys (ConfUtils.java:logGet(46)) - raft.server.snapshot.retention.file.num = -1 (default)
2024-10-31 03:23:38,497 INFO  server.RaftServerConfigKeys (ConfUtils.java:logGet(46)) - raft.server.log.purge.upto.snapshot.index = false (default)
2024-10-31 03:23:38,497 INFO  server.RaftServerConfigKeys (ConfUtils.java:logFallback(53)) - raft.server.rpc.first-election.timeout.min = 300ms (fallback to raft.server.rpc.timeout.min)
2024-10-31 03:23:38,497 INFO  server.RaftServerConfigKeys (ConfUtils.java:logFallback(53)) - raft.server.rpc.first-election.timeout.max = 600ms (fallback to raft.server.rpc.timeout.max)
2024-10-31 03:23:38,498 INFO  server.RaftServer$Division (RaftServerImpl.java:start(406)) - s12@group-E1D6B2FD37FB: Successfully started.
2024-10-31 03:23:38,499 INFO  server.RaftServer (RaftServerProxy.java:addNew(101)) - s13: addNew group-E1D6B2FD37FB:[s11, s13, s12] returns group-E1D6B2FD37FB:java.util.concurrent.CompletableFuture@dcebe2c[Not completed]
2024-10-31 03:23:38,499 INFO  server.RaftServer$Division (RaftServerImpl.java:<init>(256)) - s13: new RaftServerImpl for group-E1D6B2FD37FB:[s11, s13, s12] with ArithmeticStateMachine:uninitialized
2024-10-31 03:23:38,500 INFO  server.RaftServerConfigKeys (ConfUtils.java:logGet(46)) - raft.server.rpc.timeout.min = 300ms (custom)
2024-10-31 03:23:38,500 INFO  server.RaftServerConfigKeys (ConfUtils.java:logGet(46)) - raft.server.rpc.timeout.max = 600ms (custom)
2024-10-31 03:23:38,500 INFO  server.RaftServerConfigKeys (ConfUtils.java:logGet(46)) - raft.server.rpc.sleep.time = 25ms (default)
2024-10-31 03:23:38,500 INFO  server.RaftServerConfigKeys (ConfUtils.java:logGet(46)) - raft.server.rpc.slowness.timeout = 60s (default)
2024-10-31 03:23:38,500 INFO  server.RaftServerConfigKeys (ConfUtils.java:logGet(46)) - raft.server.leaderelection.leader.step-down.wait-time = 10s (default)
2024-10-31 03:23:38,500 INFO  server.RaftServerConfigKeys (ConfUtils.java:logGet(46)) - raft.server.leaderelection.member.majority-add = false (default)
2024-10-31 03:23:38,500 INFO  server.RaftServerConfigKeys (ConfUtils.java:logGet(46)) - raft.server.sleep.deviation.threshold = 300ms (default)
2024-10-31 03:23:38,500 INFO  server.RaftServer$Division (ServerState.java:<init>(114)) - s13@group-E1D6B2FD37FB: ConfigurationManager, init=conf: {index: -1, cur=peers:[s11, s13, s12]|listeners:[], old=null}, confs=<EMPTY_MAP>
2024-10-31 03:23:38,501 INFO  server.RaftServerConfigKeys (ConfUtils.java:logGet(46)) - raft.server.notification.no-leader.timeout = 60s (default)
2024-10-31 03:23:38,501 INFO  server.RaftServerConfigKeys (ConfUtils.java:logGet(46)) - raft.server.read.timeout = 10s (default)
2024-10-31 03:23:38,501 INFO  server.RaftServerConfigKeys (ConfUtils.java:logGet(46)) - raft.server.retrycache.expirytime = 60s (default)
2024-10-31 03:23:38,501 INFO  server.RaftServerConfigKeys (ConfUtils.java:logGet(46)) - raft.server.retrycache.statistics.expirytime = 100ms (default)
2024-10-31 03:23:38,501 INFO  server.RaftServerConfigKeys (ConfUtils.java:logGet(46)) - raft.server.read.option = DEFAULT (default)
2024-10-31 03:23:38,501 INFO  server.RaftServerConfigKeys (ConfUtils.java:logGet(46)) - raft.server.read.read-after-write-consistent.write-index-cache.expiry-time = 60s (default)
2024-10-31 03:23:38,502 INFO  server.RaftServerConfigKeys (ConfUtils.java:logGet(46)) - raft.server.rpc.request.timeout = 3000ms (default)
2024-10-31 03:23:38,502 INFO  server.RaftServerConfigKeys (ConfUtils.java:logGet(46)) - raft.server.log.appender.install.snapshot.enabled = true (default)
2024-10-31 03:23:38,502 INFO  server.RaftServerConfigKeys (ConfUtils.java:logGet(46)) - raft.server.threadpool.server.cached = true (default)
2024-10-31 03:23:38,502 INFO  server.RaftServerConfigKeys (ConfUtils.java:logGet(46)) - raft.server.threadpool.server.size = 0 (default)
2024-10-31 03:23:38,502 INFO  server.RaftServerConfigKeys (ConfUtils.java:logGet(46)) - raft.server.threadpool.client.cached = true (default)
2024-10-31 03:23:38,502 INFO  server.RaftServerConfigKeys (ConfUtils.java:logGet(46)) - raft.server.threadpool.client.size = 0 (default)
2024-10-31 03:23:38,502 INFO  server.RaftServerConfigKeys (ConfUtils.java:logGet(46)) - raft.server.storage.free-space.min = 0MB (=0) (default)
2024-10-31 03:23:38,502 INFO  server.RaftServerConfigKeys (ConfUtils.java:logGet(46)) - raft.server.log.corruption.policy = EXCEPTION (default)
2024-10-31 03:23:38,502 INFO  server.RaftServerConfigKeys (ConfUtils.java:logGet(46)) - raft.server.storage.dir = [/home/runner/work/ratis/ratis/ratis-examples/target/test/data/f203f927/MiniRaftClusterWithSimulatedRpca2d4e021/s13] (custom)
2024-10-31 03:23:38,502 INFO  storage.RaftStorageDirectory (RaftStorageDirectoryImpl.java:analyzeStorage(138)) - The storage directory /home/runner/work/ratis/ratis/ratis-examples/target/test/data/f203f927/MiniRaftClusterWithSimulatedRpca2d4e021/s13/4ad4c581-1f7d-4839-af83-e1d6b2fd37fb does not exist. Creating ...
2024-10-31 03:23:38,503 TRACE util.FileUtils (LogUtils.java:runAndLog(49)) - Successfully ran Files.createDirectories /home/runner/work/ratis/ratis/ratis-examples/target/test/data/f203f927/MiniRaftClusterWithSimulatedRpca2d4e021/s13/4ad4c581-1f7d-4839-af83-e1d6b2fd37fb
2024-10-31 03:23:38,504 INFO  storage.RaftStorageDirectory (RaftStorageDirectoryImpl.java:tryLock(229)) - Lock on /home/runner/work/ratis/ratis/ratis-examples/target/test/data/f203f927/MiniRaftClusterWithSimulatedRpca2d4e021/s13/4ad4c581-1f7d-4839-af83-e1d6b2fd37fb/in_use.lock acquired by nodename 14975@fv-az1757-779
2024-10-31 03:23:38,504 TRACE util.FileUtils (LogUtils.java:runAndLog(49)) - Successfully ran Files.createDirectories /home/runner/work/ratis/ratis/ratis-examples/target/test/data/f203f927/MiniRaftClusterWithSimulatedRpca2d4e021/s13/4ad4c581-1f7d-4839-af83-e1d6b2fd37fb/current
2024-10-31 03:23:38,504 TRACE util.FileUtils (LogUtils.java:runAndLog(49)) - Successfully ran Files.createDirectories /home/runner/work/ratis/ratis/ratis-examples/target/test/data/f203f927/MiniRaftClusterWithSimulatedRpca2d4e021/s13/4ad4c581-1f7d-4839-af83-e1d6b2fd37fb/sm
2024-10-31 03:23:38,504 TRACE util.FileUtils (LogUtils.java:supplyAndLog(69)) - Successfully supplied FileChannel.open /home/runner/work/ratis/ratis/ratis-examples/target/test/data/f203f927/MiniRaftClusterWithSimulatedRpca2d4e021/s13/4ad4c581-1f7d-4839-af83-e1d6b2fd37fb/current/raft-meta.tmp with options [CREATE, WRITE]: sun.nio.ch.FileChannelImpl@1459661a
2024-10-31 03:23:38,505 TRACE util.FileUtils (LogUtils.java:runAndLog(49)) - Successfully ran Atomic Files.move /home/runner/work/ratis/ratis/ratis-examples/target/test/data/f203f927/MiniRaftClusterWithSimulatedRpca2d4e021/s13/4ad4c581-1f7d-4839-af83-e1d6b2fd37fb/current/raft-meta.tmp to /home/runner/work/ratis/ratis/ratis-examples/target/test/data/f203f927/MiniRaftClusterWithSimulatedRpca2d4e021/s13/4ad4c581-1f7d-4839-af83-e1d6b2fd37fb/current/raft-meta with options [REPLACE_EXISTING]
2024-10-31 03:23:38,505 INFO  storage.RaftStorage (RaftStorageImpl.java:format(98)) - Storage directory /home/runner/work/ratis/ratis/ratis-examples/target/test/data/f203f927/MiniRaftClusterWithSimulatedRpca2d4e021/s13/4ad4c581-1f7d-4839-af83-e1d6b2fd37fb has been successfully formatted.
2024-10-31 03:23:38,505 WARN  statemachine.StateMachine (ArithmeticStateMachine.java:loadSnapshot(115)) - The snapshot info is null.
2024-10-31 03:23:38,505 INFO  server.RaftServerConfigKeys (ConfUtils.java:logGet(46)) - raft.server.log.use.memory = false (default)
2024-10-31 03:23:38,506 INFO  server.RaftServerConfigKeys (ConfUtils.java:logGet(46)) - raft.server.log.purge.gap = 1024 (default)
2024-10-31 03:23:38,506 INFO  server.RaftServerConfigKeys (ConfUtils.java:logGet(46)) - raft.server.log.appender.buffer.byte-limit = 4MB (=4194304) (default)
2024-10-31 03:23:38,506 INFO  server.RaftServerConfigKeys (ConfUtils.java:logGet(46)) - raft.server.log.statemachine.data.read.timeout = 1000ms (default)
2024-10-31 03:23:38,506 INFO  server.RaftServerConfigKeys (ConfUtils.java:logGet(46)) - raft.server.log.purge.preservation.log.num = 0 (default)
2024-10-31 03:23:38,506 INFO  server.RaftServerConfigKeys (ConfUtils.java:logGet(46)) - raft.server.log.segment.size.max = 32MB (=33554432) (default)
2024-10-31 03:23:38,506 INFO  server.RaftServerConfigKeys (ConfUtils.java:logGet(46)) - raft.server.log.segment.cache.num.max = 6 (default)
2024-10-31 03:23:38,506 INFO  server.RaftServerConfigKeys (ConfUtils.java:logGet(46)) - raft.server.log.segment.cache.size.max = 200MB (=209715200) (default)
2024-10-31 03:23:38,506 INFO  server.RaftServerConfigKeys (ConfUtils.java:logGet(46)) - raft.server.log.appender.buffer.byte-limit = 4MB (=4194304) (default)
2024-10-31 03:23:38,506 INFO  util.AwaitToRun (AwaitToRun.java:start(81)) - Thread[s13@group-E1D6B2FD37FB-cacheEviction-AwaitToRun,5,main] started
2024-10-31 03:23:38,507 INFO  segmented.SegmentedRaftLogWorker (SegmentedRaftLogWorker.java:<init>(189)) - new s13@group-E1D6B2FD37FB-SegmentedRaftLogWorker for RaftStorageImpl:Storage Directory /home/runner/work/ratis/ratis/ratis-examples/target/test/data/f203f927/MiniRaftClusterWithSimulatedRpca2d4e021/s13/4ad4c581-1f7d-4839-af83-e1d6b2fd37fb
2024-10-31 03:23:38,507 INFO  server.RaftServerConfigKeys (ConfUtils.java:logGet(46)) - raft.server.log.queue.byte-limit = 64MB (=67108864) (default)
2024-10-31 03:23:38,507 INFO  server.RaftServerConfigKeys (ConfUtils.java:logGet(46)) - raft.server.log.queue.element-limit = 4096 (default)
2024-10-31 03:23:38,507 INFO  server.RaftServerConfigKeys (ConfUtils.java:logGet(46)) - raft.server.log.segment.size.max = 32MB (=33554432) (default)
2024-10-31 03:23:38,507 INFO  server.RaftServerConfigKeys (ConfUtils.java:logGet(46)) - raft.server.log.preallocated.size = 4MB (=4194304) (default)
2024-10-31 03:23:38,507 INFO  server.RaftServerConfigKeys (ConfUtils.java:logGet(46)) - raft.server.log.force.sync.num = 128 (default)
2024-10-31 03:23:38,507 INFO  server.RaftServerConfigKeys (ConfUtils.java:logGet(46)) - raft.server.log.statemachine.data.sync = true (default)
2024-10-31 03:23:38,508 INFO  server.RaftServerConfigKeys (ConfUtils.java:logGet(46)) - raft.server.log.statemachine.data.sync.timeout = 10s (default)
2024-10-31 03:23:38,508 INFO  server.RaftServerConfigKeys (ConfUtils.java:logGet(46)) - raft.server.log.statemachine.data.sync.timeout.retry = -1 (default)
2024-10-31 03:23:38,508 INFO  server.RaftServerConfigKeys (ConfUtils.java:logGet(46)) - raft.server.log.write.buffer.size = 8MB (=8388608) (default)
2024-10-31 03:23:38,510 INFO  server.RaftServerConfigKeys (ConfUtils.java:logGet(46)) - raft.server.log.appender.buffer.byte-limit = 4MB (=4194304) (default)
2024-10-31 03:23:38,510 INFO  server.RaftServerConfigKeys (ConfUtils.java:logGet(46)) - raft.server.log.unsafe-flush.enabled = false (default)
2024-10-31 03:23:38,510 INFO  server.RaftServerConfigKeys (ConfUtils.java:logGet(46)) - raft.server.log.async-flush.enabled = false (default)
2024-10-31 03:23:38,510 INFO  server.RaftServerConfigKeys (ConfUtils.java:logGet(46)) - raft.server.log.statemachine.data.caching.enabled = false (default)
2024-10-31 03:23:38,511 INFO  segmented.SegmentedRaftLogWorker (SegmentedRaftLogWorker.java:lambda$new$0(140)) - s13@group-E1D6B2FD37FB-SegmentedRaftLogWorker: flushIndex: setUnconditionally 0 -> -1
2024-10-31 03:23:38,511 INFO  segmented.SegmentedRaftLogWorker (SegmentedRaftLogWorker.java:lambda$new$0(140)) - s13@group-E1D6B2FD37FB-SegmentedRaftLogWorker: safeCacheEvictIndex: setUnconditionally 0 -> -1
2024-10-31 03:23:38,511 INFO  server.RaftServer$Division (RaftServerImpl.java:start(392)) - s13@group-E1D6B2FD37FB: start as a follower, conf=conf: {index: -1, cur=peers:[s11, s13, s12]|listeners:[], old=null}
2024-10-31 03:23:38,511 INFO  server.RaftServer$Division (RaftServerImpl.java:setRole(379)) - s13@group-E1D6B2FD37FB: changes role from      null to FOLLOWER at term 0 for startAsFollower
2024-10-31 03:23:38,511 INFO  impl.RoleInfo (RoleInfo.java:updateAndGet(148)) - s13: start s13@group-E1D6B2FD37FB-FollowerState
2024-10-31 03:23:38,512 INFO  server.RaftServerConfigKeys (ConfUtils.java:logFallback(53)) - raft.server.rpc.first-election.timeout.min = 300ms (fallback to raft.server.rpc.timeout.min)
2024-10-31 03:23:38,512 INFO  server.RaftServerConfigKeys (ConfUtils.java:logFallback(53)) - raft.server.rpc.first-election.timeout.max = 600ms (fallback to raft.server.rpc.timeout.max)
2024-10-31 03:23:38,512 INFO  util.JmxRegister (JmxRegister.java:tryRegister(44)) - Successfully registered JMX Bean with object name Ratis:service=RaftServer,group=group-E1D6B2FD37FB,id=s13
2024-10-31 03:23:38,512 INFO  util.JmxRegister (JmxRegister.java:register(58)) - register mxBean class org.apache.ratis.server.impl.RaftServerJmxAdapter as Ratis:service=RaftServer,group=group-E1D6B2FD37FB,id=s13
2024-10-31 03:23:38,512 INFO  server.RaftServerConfigKeys (ConfUtils.java:logGet(46)) - raft.server.snapshot.trigger-when-stop.enabled = true (default)
2024-10-31 03:23:38,512 INFO  server.RaftServerConfigKeys (ConfUtils.java:logGet(46)) - raft.server.snapshot.trigger-when-remove.enabled = true (default)
2024-10-31 03:23:38,512 INFO  server.RaftServerConfigKeys (ConfUtils.java:logGet(46)) - raft.server.snapshot.auto.trigger.enabled = false (default)
2024-10-31 03:23:38,512 INFO  server.RaftServerConfigKeys (ConfUtils.java:logGet(46)) - raft.server.snapshot.retention.file.num = -1 (default)
2024-10-31 03:23:38,512 INFO  server.RaftServerConfigKeys (ConfUtils.java:logGet(46)) - raft.server.log.purge.upto.snapshot.index = false (default)
2024-10-31 03:23:38,513 INFO  server.RaftServer$Division (RaftServerImpl.java:start(406)) - s13@group-E1D6B2FD37FB: Successfully started.
2024-10-31 03:23:38,513 INFO  server.RaftServerConfigKeys (ConfUtils.java:logGet(46)) - raft.server.rpc.timeout.max = 600ms (custom)
2024-10-31 03:23:38,515 INFO  ratis.RaftTestUtil (RaftTestUtil.java:waitForLeader(107)) - printing group-E1D6B2FD37FB
  s11:  RUNNING [
   FOLLOWER s11@group-E1D6B2FD37FB:t0, leader=null, voted=, raftlog=Memoized:s11@group-E1D6B2FD37FB-SegmentedRaftLog:OPENED:c-1:lastnull, conf=conf: {index: -1, cur=peers:[s11, s13, s12]|listeners:[], old=null} RUNNING
   FOLLOWER s11@group-4EB49E3E6D70:t0, leader=null, voted=, raftlog=Memoized:s11@group-4EB49E3E6D70-SegmentedRaftLog:OPENED:c-1:lastnull, conf=conf: {index: -1, cur=peers:[]|listeners:[], old=null} STARTING] size=2
  s13:  RUNNING [
   FOLLOWER s13@group-E1D6B2FD37FB:t0, leader=null, voted=, raftlog=Memoized:s13@group-E1D6B2FD37FB-SegmentedRaftLog:OPENED:c-1:lastnull, conf=conf: {index: -1, cur=peers:[s11, s13, s12]|listeners:[], old=null} RUNNING
   FOLLOWER s13@group-4EB49E3E6D70:t0, leader=null, voted=, raftlog=Memoized:s13@group-4EB49E3E6D70-SegmentedRaftLog:OPENED:c-1:lastnull, conf=conf: {index: -1, cur=peers:[]|listeners:[], old=null} STARTING] size=2
  s12:  RUNNING [
   FOLLOWER s12@group-E1D6B2FD37FB:t0, leader=null, voted=, raftlog=Memoized:s12@group-E1D6B2FD37FB-SegmentedRaftLog:OPENED:c-1:lastnull, conf=conf: {index: -1, cur=peers:[s11, s13, s12]|listeners:[], old=null} RUNNING
   FOLLOWER s12@group-4EB49E3E6D70:t0, leader=null, voted=, raftlog=Memoized:s12@group-4EB49E3E6D70-SegmentedRaftLog:OPENED:c-1:lastnull, conf=conf: {index: -1, cur=peers:[]|listeners:[], old=null} STARTING] size=2
2024-10-31 03:23:38,515 WARN  ratis.RaftTestUtil (RaftTestUtil.java:lambda$waitForLeader$3(126)) - Attempt #1 failed: java.lang.IllegalStateException: No leader yet  for group-E1D6B2FD37FB: printing group-E1D6B2FD37FB
  s11:  RUNNING [
   FOLLOWER s11@group-E1D6B2FD37FB:t0, leader=null, voted=, raftlog=Memoized:s11@group-E1D6B2FD37FB-SegmentedRaftLog:OPENED:c-1:lastnull, conf=conf: {index: -1, cur=peers:[s11, s13, s12]|listeners:[], old=null} RUNNING
   FOLLOWER s11@group-4EB49E3E6D70:t0, leader=null, voted=, raftlog=Memoized:s11@group-4EB49E3E6D70-SegmentedRaftLog:OPENED:c-1:lastnull, conf=conf: {index: -1, cur=peers:[]|listeners:[], old=null} STARTING] size=2
  s13:  RUNNING [
   FOLLOWER s13@group-E1D6B2FD37FB:t0, leader=null, voted=, raftlog=Memoized:s13@group-E1D6B2FD37FB-SegmentedRaftLog:OPENED:c-1:lastnull, conf=conf: {index: -1, cur=peers:[s11, s13, s12]|listeners:[], old=null} RUNNING
   FOLLOWER s13@group-4EB49E3E6D70:t0, leader=null, voted=, raftlog=Memoized:s13@group-4EB49E3E6D70-SegmentedRaftLog:OPENED:c-1:lastnull, conf=conf: {index: -1, cur=peers:[]|listeners:[], old=null} STARTING] size=2
  s12:  RUNNING [
   FOLLOWER s12@group-E1D6B2FD37FB:t0, leader=null, voted=, raftlog=Memoized:s12@group-E1D6B2FD37FB-SegmentedRaftLog:OPENED:c-1:lastnull, conf=conf: {index: -1, cur=peers:[s11, s13, s12]|listeners:[], old=null} RUNNING
   FOLLOWER s12@group-4EB49E3E6D70:t0, leader=null, voted=, raftlog=Memoized:s12@group-4EB49E3E6D70-SegmentedRaftLog:OPENED:c-1:lastnull, conf=conf: {index: -1, cur=peers:[]|listeners:[], old=null} STARTING] size=2
2024-10-31 03:23:39,017 INFO  impl.FollowerState (FollowerState.java:runImpl(161)) - s13@group-E1D6B2FD37FB-FollowerState: change to CANDIDATE, lastRpcElapsedTime:505746687ns, electionTimeout:505ms
2024-10-31 03:23:39,018 INFO  impl.RoleInfo (RoleInfo.java:shutdownFollowerState(121)) - s13: shutdown s13@group-E1D6B2FD37FB-FollowerState
2024-10-31 03:23:39,018 INFO  server.RaftServer$Division (RaftServerImpl.java:setRole(379)) - s13@group-E1D6B2FD37FB: changes role from  FOLLOWER to CANDIDATE at term 0 for changeToCandidate
2024-10-31 03:23:39,018 INFO  server.RaftServerConfigKeys (ConfUtils.java:logGet(46)) - raft.server.leaderelection.pre-vote = true (default)
2024-10-31 03:23:39,018 INFO  impl.RoleInfo (RoleInfo.java:updateAndGet(148)) - s13: start s13@group-E1D6B2FD37FB-LeaderElection2
2024-10-31 03:23:39,019 INFO  impl.LeaderElection (LeaderElection.java:askForVotes(332)) - s13@group-E1D6B2FD37FB-LeaderElection2 PRE_VOTE round 0: submit vote requests at term 0 for conf: {index: -1, cur=peers:[s11, s13, s12]|listeners:[], old=null}
2024-10-31 03:23:39,020 INFO  server.RaftServer$Division (RaftServerImpl.java:requestVote(1452)) - s11@group-E1D6B2FD37FB: receive requestVote(PRE_VOTE, s13, group-E1D6B2FD37FB, 0, (t:0, i:0))
2024-10-31 03:23:39,020 INFO  server.RaftServerConfigKeys (ConfUtils.java:logFallback(53)) - raft.server.rpc.first-election.timeout.min = 300ms (fallback to raft.server.rpc.timeout.min)
2024-10-31 03:23:39,020 INFO  server.RaftServer$Division (RaftServerImpl.java:requestVote(1452)) - s12@group-E1D6B2FD37FB: receive requestVote(PRE_VOTE, s13, group-E1D6B2FD37FB, 0, (t:0, i:0))
2024-10-31 03:23:39,021 INFO  impl.VoteContext (VoteContext.java:log(49)) - s11@group-E1D6B2FD37FB-FOLLOWER: accept PRE_VOTE from s13: our priority 0 <= candidate's priority 0
2024-10-31 03:23:39,021 INFO  impl.VoteContext (VoteContext.java:log(49)) - s12@group-E1D6B2FD37FB-FOLLOWER: accept PRE_VOTE from s13: our priority 0 <= candidate's priority 0
2024-10-31 03:23:39,021 INFO  server.RaftServer$Division (RaftServerImpl.java:requestVote(1486)) - s11@group-E1D6B2FD37FB replies to PRE_VOTE vote request: s13<-s11#0:OK-t0. Peer's state: s11@group-E1D6B2FD37FB:t0, leader=null, voted=, raftlog=Memoized:s11@group-E1D6B2FD37FB-SegmentedRaftLog:OPENED:c-1:lastnull, conf=conf: {index: -1, cur=peers:[s11, s13, s12]|listeners:[], old=null}
2024-10-31 03:23:39,021 INFO  server.RaftServerConfigKeys (ConfUtils.java:logFallback(53)) - raft.server.rpc.first-election.timeout.max = 600ms (fallback to raft.server.rpc.timeout.max)
2024-10-31 03:23:39,021 INFO  server.RaftServer$Division (RaftServerImpl.java:requestVote(1486)) - s12@group-E1D6B2FD37FB replies to PRE_VOTE vote request: s13<-s12#0:OK-t0. Peer's state: s12@group-E1D6B2FD37FB:t0, leader=null, voted=, raftlog=Memoized:s12@group-E1D6B2FD37FB-SegmentedRaftLog:OPENED:c-1:lastnull, conf=conf: {index: -1, cur=peers:[s11, s13, s12]|listeners:[], old=null}
2024-10-31 03:23:39,023 INFO  impl.LeaderElection (LeaderElection.java:logAndReturn(90)) - s13@group-E1D6B2FD37FB-LeaderElection2: PRE_VOTE PASSED received 1 response(s) and 0 exception(s):
2024-10-31 03:23:39,023 INFO  impl.LeaderElection (LeaderElection.java:logAndReturn(94)) -   Response 0: s13<-s12#0:OK-t0
2024-10-31 03:23:39,023 INFO  impl.LeaderElection (LeaderElection.java:askForVotes(334)) - s13@group-E1D6B2FD37FB-LeaderElection2 PRE_VOTE round 0: result PASSED
2024-10-31 03:23:39,024 TRACE util.FileUtils (LogUtils.java:supplyAndLog(69)) - Successfully supplied FileChannel.open /home/runner/work/ratis/ratis/ratis-examples/target/test/data/f203f927/MiniRaftClusterWithSimulatedRpca2d4e021/s13/4ad4c581-1f7d-4839-af83-e1d6b2fd37fb/current/raft-meta.tmp with options [CREATE, WRITE]: sun.nio.ch.FileChannelImpl@738f2d12
2024-10-31 03:23:39,025 INFO  server.RaftServerConfigKeys (ConfUtils.java:logFallback(53)) - raft.server.rpc.first-election.timeout.min = 300ms (fallback to raft.server.rpc.timeout.min)
2024-10-31 03:23:39,025 INFO  server.RaftServerConfigKeys (ConfUtils.java:logFallback(53)) - raft.server.rpc.first-election.timeout.max = 600ms (fallback to raft.server.rpc.timeout.max)
2024-10-31 03:23:39,026 TRACE util.FileUtils (LogUtils.java:runAndLog(49)) - Successfully ran Atomic Files.move /home/runner/work/ratis/ratis/ratis-examples/target/test/data/f203f927/MiniRaftClusterWithSimulatedRpca2d4e021/s13/4ad4c581-1f7d-4839-af83-e1d6b2fd37fb/current/raft-meta.tmp to /home/runner/work/ratis/ratis/ratis-examples/target/test/data/f203f927/MiniRaftClusterWithSimulatedRpca2d4e021/s13/4ad4c581-1f7d-4839-af83-e1d6b2fd37fb/current/raft-meta with options [REPLACE_EXISTING]
2024-10-31 03:23:39,026 INFO  impl.LeaderElection (LeaderElection.java:askForVotes(332)) - s13@group-E1D6B2FD37FB-LeaderElection2 ELECTION round 0: submit vote requests at term 1 for conf: {index: -1, cur=peers:[s11, s13, s12]|listeners:[], old=null}
2024-10-31 03:23:39,027 INFO  server.RaftServer$Division (RaftServerImpl.java:requestVote(1452)) - s11@group-E1D6B2FD37FB: receive requestVote(ELECTION, s13, group-E1D6B2FD37FB, 1, (t:0, i:0))
2024-10-31 03:23:39,027 INFO  server.RaftServer$Division (RaftServerImpl.java:requestVote(1452)) - s12@group-E1D6B2FD37FB: receive requestVote(ELECTION, s13, group-E1D6B2FD37FB, 1, (t:0, i:0))
2024-10-31 03:23:39,027 INFO  impl.VoteContext (VoteContext.java:log(49)) - s11@group-E1D6B2FD37FB-FOLLOWER: accept ELECTION from s13: our priority 0 <= candidate's priority 0
2024-10-31 03:23:39,027 INFO  server.RaftServer$Division (RaftServerImpl.java:setRole(379)) - s11@group-E1D6B2FD37FB: changes role from  FOLLOWER to FOLLOWER at term 0 for candidate:s13
2024-10-31 03:23:39,027 INFO  impl.RoleInfo (RoleInfo.java:shutdownFollowerState(121)) - s11: shutdown s11@group-E1D6B2FD37FB-FollowerState
2024-10-31 03:23:39,028 INFO  server.RaftServerConfigKeys (ConfUtils.java:logFallback(53)) - raft.server.rpc.first-election.timeout.min = 300ms (fallback to raft.server.rpc.timeout.min)
2024-10-31 03:23:39,028 INFO  server.RaftServerConfigKeys (ConfUtils.java:logFallback(53)) - raft.server.rpc.first-election.timeout.max = 600ms (fallback to raft.server.rpc.timeout.max)
2024-10-31 03:23:39,028 INFO  impl.RoleInfo (RoleInfo.java:updateAndGet(148)) - s11: start s11@group-E1D6B2FD37FB-FollowerState
2024-10-31 03:23:39,028 INFO  impl.VoteContext (VoteContext.java:log(49)) - s12@group-E1D6B2FD37FB-FOLLOWER: accept ELECTION from s13: our priority 0 <= candidate's priority 0
2024-10-31 03:23:39,029 INFO  impl.FollowerState (FollowerState.java:runImpl(170)) - s11@group-E1D6B2FD37FB-FollowerState was interrupted
2024-10-31 03:23:39,029 INFO  server.RaftServer$Division (RaftServerImpl.java:setRole(379)) - s12@group-E1D6B2FD37FB: changes role from  FOLLOWER to FOLLOWER at term 0 for candidate:s13
2024-10-31 03:23:39,029 INFO  impl.RoleInfo (RoleInfo.java:shutdownFollowerState(121)) - s12: shutdown s12@group-E1D6B2FD37FB-FollowerState
2024-10-31 03:23:39,029 INFO  server.RaftServer$Division (RaftServerImpl.java:setFirstElection(563)) - s11@group-E1D6B2FD37FB: set firstElectionSinceStartup to false for candidate:s13
2024-10-31 03:23:39,033 INFO  impl.RoleInfo (RoleInfo.java:updateAndGet(148)) - s12: start s12@group-E1D6B2FD37FB-FollowerState
2024-10-31 03:23:39,033 INFO  impl.FollowerState (FollowerState.java:runImpl(170)) - s12@group-E1D6B2FD37FB-FollowerState was interrupted
2024-10-31 03:23:39,033 TRACE util.FileUtils (LogUtils.java:supplyAndLog(69)) - Successfully supplied FileChannel.open /home/runner/work/ratis/ratis/ratis-examples/target/test/data/f203f927/MiniRaftClusterWithSimulatedRpca2d4e021/s11/4ad4c581-1f7d-4839-af83-e1d6b2fd37fb/current/raft-meta.tmp with options [CREATE, WRITE]: sun.nio.ch.FileChannelImpl@24504651
2024-10-31 03:23:39,033 INFO  server.RaftServer$Division (RaftServerImpl.java:setFirstElection(563)) - s12@group-E1D6B2FD37FB: set firstElectionSinceStartup to false for candidate:s13
2024-10-31 03:23:39,034 TRACE util.FileUtils (LogUtils.java:supplyAndLog(69)) - Successfully supplied FileChannel.open /home/runner/work/ratis/ratis/ratis-examples/target/test/data/f203f927/MiniRaftClusterWithSimulatedRpca2d4e021/s12/4ad4c581-1f7d-4839-af83-e1d6b2fd37fb/current/raft-meta.tmp with options [CREATE, WRITE]: sun.nio.ch.FileChannelImpl@717c7595
2024-10-31 03:23:39,035 TRACE util.FileUtils (LogUtils.java:runAndLog(49)) - Successfully ran Atomic Files.move /home/runner/work/ratis/ratis/ratis-examples/target/test/data/f203f927/MiniRaftClusterWithSimulatedRpca2d4e021/s11/4ad4c581-1f7d-4839-af83-e1d6b2fd37fb/current/raft-meta.tmp to /home/runner/work/ratis/ratis/ratis-examples/target/test/data/f203f927/MiniRaftClusterWithSimulatedRpca2d4e021/s11/4ad4c581-1f7d-4839-af83-e1d6b2fd37fb/current/raft-meta with options [REPLACE_EXISTING]
2024-10-31 03:23:39,035 INFO  server.RaftServer$Division (RaftServerImpl.java:requestVote(1486)) - s11@group-E1D6B2FD37FB replies to ELECTION vote request: s13<-s11#0:OK-t1. Peer's state: s11@group-E1D6B2FD37FB:t1, leader=null, voted=s13, raftlog=Memoized:s11@group-E1D6B2FD37FB-SegmentedRaftLog:OPENED:c-1:lastnull, conf=conf: {index: -1, cur=peers:[s11, s13, s12]|listeners:[], old=null}
2024-10-31 03:23:39,035 TRACE util.FileUtils (LogUtils.java:runAndLog(49)) - Successfully ran Atomic Files.move /home/runner/work/ratis/ratis/ratis-examples/target/test/data/f203f927/MiniRaftClusterWithSimulatedRpca2d4e021/s12/4ad4c581-1f7d-4839-af83-e1d6b2fd37fb/current/raft-meta.tmp to /home/runner/work/ratis/ratis/ratis-examples/target/test/data/f203f927/MiniRaftClusterWithSimulatedRpca2d4e021/s12/4ad4c581-1f7d-4839-af83-e1d6b2fd37fb/current/raft-meta with options [REPLACE_EXISTING]
2024-10-31 03:23:39,035 INFO  impl.LeaderElection (LeaderElection.java:logAndReturn(90)) - s13@group-E1D6B2FD37FB-LeaderElection2: ELECTION PASSED received 1 response(s) and 0 exception(s):
2024-10-31 03:23:39,035 INFO  server.RaftServer$Division (RaftServerImpl.java:requestVote(1486)) - s12@group-E1D6B2FD37FB replies to ELECTION vote request: s13<-s12#0:OK-t1. Peer's state: s12@group-E1D6B2FD37FB:t1, leader=null, voted=s13, raftlog=Memoized:s12@group-E1D6B2FD37FB-SegmentedRaftLog:OPENED:c-1:lastnull, conf=conf: {index: -1, cur=peers:[s11, s13, s12]|listeners:[], old=null}
2024-10-31 03:23:39,035 INFO  impl.LeaderElection (LeaderElection.java:logAndReturn(94)) -   Response 0: s13<-s11#0:OK-t1
2024-10-31 03:23:39,035 INFO  impl.LeaderElection (LeaderElection.java:askForVotes(334)) - s13@group-E1D6B2FD37FB-LeaderElection2 ELECTION round 0: result PASSED
2024-10-31 03:23:39,036 INFO  impl.RoleInfo (RoleInfo.java:shutdownLeaderElection(141)) - s13: shutdown s13@group-E1D6B2FD37FB-LeaderElection2
2024-10-31 03:23:39,036 INFO  server.RaftServer$Division (RaftServerImpl.java:setRole(379)) - s13@group-E1D6B2FD37FB: changes role from CANDIDATE to LEADER at term 1 for changeToLeader
2024-10-31 03:23:39,036 INFO  server.RaftServerConfigKeys (ConfUtils.java:logGet(46)) - raft.server.staging.catchup.gap = 1000 (default)
2024-10-31 03:23:39,036 INFO  server.RaftServerConfigKeys (ConfUtils.java:logGet(46)) - raft.server.write.element-limit = 4096 (default)
2024-10-31 03:23:39,036 INFO  server.RaftServerConfigKeys (ConfUtils.java:logGet(46)) - raft.server.write.byte-limit = 64MB (=67108864) (default)
2024-10-31 03:23:39,036 INFO  server.RaftServerConfigKeys (ConfUtils.java:logGet(46)) - raft.server.watch.timeout = 10s (default)
2024-10-31 03:23:39,036 INFO  server.RaftServerConfigKeys (ConfUtils.java:logGet(46)) - raft.server.watch.timeout.denomination = 1s (default)
2024-10-31 03:23:39,037 INFO  server.RaftServerConfigKeys (ConfUtils.java:logGet(46)) - raft.server.watch.element-limit = 65536 (default)
2024-10-31 03:23:39,037 INFO  server.RaftServerConfigKeys (ConfUtils.java:logGet(46)) - raft.server.read.leader.lease.enabled = false (default)
2024-10-31 03:23:39,037 INFO  server.RaftServerConfigKeys (ConfUtils.java:logGet(46)) - raft.server.read.leader.lease.timeout.ratio = 0.9 (default)
2024-10-31 03:23:39,038 INFO  server.RaftServerConfigKeys (ConfUtils.java:logGet(46)) - raft.server.rpc.timeout.min = 300ms (custom)
2024-10-31 03:23:39,038 INFO  server.RaftServerConfigKeys (ConfUtils.java:logGet(46)) - raft.server.log.log-metadata.enabled = true (default)
2024-10-31 03:23:39,038 INFO  server.RaftServerConfigKeys (ConfUtils.java:logGet(46)) - raft.server.write.element-limit = 4096 (default)
2024-10-31 03:23:39,038 INFO  server.RaftServerConfigKeys (ConfUtils.java:logGet(46)) - raft.server.write.follower.gap.ratio.max = -1.0 (default)
2024-10-31 03:23:39,038 INFO  server.RaftServerConfigKeys (ConfUtils.java:logGet(46)) - raft.server.log.appender.snapshot.chunk.size.max = 16MB (=16777216) (default)
2024-10-31 03:23:39,038 INFO  server.RaftServerConfigKeys (ConfUtils.java:logGet(46)) - raft.server.log.appender.buffer.byte-limit = 4MB (=4194304) (default)
2024-10-31 03:23:39,038 INFO  server.RaftServerConfigKeys (ConfUtils.java:logGet(46)) - raft.server.log.appender.buffer.element-limit = 0 (default)
2024-10-31 03:23:39,038 INFO  server.RaftServerConfigKeys (ConfUtils.java:logGet(46)) - raft.server.log.appender.wait-time.min = 1ms (default)
2024-10-31 03:23:39,040 INFO  server.RaftServerConfigKeys (ConfUtils.java:logGet(46)) - raft.server.log.appender.snapshot.chunk.size.max = 16MB (=16777216) (default)
2024-10-31 03:23:39,040 INFO  server.RaftServerConfigKeys (ConfUtils.java:logGet(46)) - raft.server.log.appender.buffer.byte-limit = 4MB (=4194304) (default)
2024-10-31 03:23:39,040 INFO  server.RaftServerConfigKeys (ConfUtils.java:logGet(46)) - raft.server.log.appender.buffer.element-limit = 0 (default)
2024-10-31 03:23:39,040 INFO  server.RaftServerConfigKeys (ConfUtils.java:logGet(46)) - raft.server.log.appender.wait-time.min = 1ms (default)
2024-10-31 03:23:39,040 INFO  impl.RoleInfo (RoleInfo.java:updateAndGet(148)) - s13: start s13@group-E1D6B2FD37FB-LeaderStateImpl
2024-10-31 03:23:39,040 INFO  server.RaftServer$Division (RaftServerImpl.java:setFirstElection(563)) - s13@group-E1D6B2FD37FB: set firstElectionSinceStartup to false for becomeLeader
2024-10-31 03:23:39,040 INFO  server.RaftServer$Division (ServerState.java:setLeader(272)) - s13@group-E1D6B2FD37FB: change Leader from null to s13 at term 1 for becomeLeader, leader elected after 539ms
2024-10-31 03:23:39,041 INFO  segmented.SegmentedRaftLogWorker (SegmentedRaftLogWorker.java:startLogSegment(443)) - s13@group-E1D6B2FD37FB-SegmentedRaftLogWorker: Starting segment from index:0
2024-10-31 03:23:39,041 INFO  server.RaftServer$Division (ServerState.java:setRaftConf(386)) - s13@group-E1D6B2FD37FB: set configuration conf: {index: 0, cur=peers:[s11, s13, s12]|listeners:[], old=null}
2024-10-31 03:23:39,041 INFO  segmented.BufferedWriteChannel (BufferedWriteChannel.java:open(61)) - open log_inprogress_0 at position 0
2024-10-31 03:23:39,045 INFO  server.RaftServer$Division (ServerState.java:setLeader(272)) - s11@group-E1D6B2FD37FB: change Leader from null to s13 at term 1 for appendEntries, leader elected after 580ms
2024-10-31 03:23:39,049 INFO  server.RaftServer$Division (ServerState.java:setLeader(272)) - s12@group-E1D6B2FD37FB: change Leader from null to s13 at term 1 for appendEntries, leader elected after 567ms
2024-10-31 03:23:39,053 INFO  segmented.SegmentedRaftLogWorker (SegmentedRaftLogWorker.java:execute(666)) - s13@group-E1D6B2FD37FB-SegmentedRaftLogWorker: created new log segment /home/runner/work/ratis/ratis/ratis-examples/target/test/data/f203f927/MiniRaftClusterWithSimulatedRpca2d4e021/s13/4ad4c581-1f7d-4839-af83-e1d6b2fd37fb/current/log_inprogress_0
2024-10-31 03:23:39,054 INFO  server.RaftServer$Division (ServerState.java:setRaftConf(386)) - s12@group-E1D6B2FD37FB: set configuration conf: {index: 0, cur=peers:[s11|, s13|, s12|]|listeners:[], old=null}
2024-10-31 03:23:39,054 INFO  server.RaftServer$Division (ServerState.java:setRaftConf(386)) - s11@group-E1D6B2FD37FB: set configuration conf: {index: 0, cur=peers:[s11|, s13|, s12|]|listeners:[], old=null}
2024-10-31 03:23:39,054 INFO  segmented.SegmentedRaftLogWorker (SegmentedRaftLogWorker.java:startLogSegment(443)) - s12@group-E1D6B2FD37FB-SegmentedRaftLogWorker: Starting segment from index:0
2024-10-31 03:23:39,055 INFO  segmented.SegmentedRaftLogWorker (SegmentedRaftLogWorker.java:startLogSegment(443)) - s11@group-E1D6B2FD37FB-SegmentedRaftLogWorker: Starting segment from index:0
2024-10-31 03:23:39,055 INFO  segmented.BufferedWriteChannel (BufferedWriteChannel.java:open(61)) - open log_inprogress_0 at position 0
2024-10-31 03:23:39,062 INFO  segmented.BufferedWriteChannel (BufferedWriteChannel.java:open(61)) - open log_inprogress_0 at position 0
2024-10-31 03:23:39,071 INFO  segmented.SegmentedRaftLogWorker (SegmentedRaftLogWorker.java:execute(666)) - s12@group-E1D6B2FD37FB-SegmentedRaftLogWorker: created new log segment /home/runner/work/ratis/ratis/ratis-examples/target/test/data/f203f927/MiniRaftClusterWithSimulatedRpca2d4e021/s12/4ad4c581-1f7d-4839-af83-e1d6b2fd37fb/current/log_inprogress_0
2024-10-31 03:23:39,072 TRACE util.FileUtils (LogUtils.java:supplyAndLog(69)) - Successfully supplied FileChannel.open /home/runner/work/ratis/ratis/ratis-examples/target/test/data/f203f927/MiniRaftClusterWithSimulatedRpca2d4e021/s13/4ad4c581-1f7d-4839-af83-e1d6b2fd37fb/current/raft-meta.conf.tmp with options [CREATE, WRITE]: sun.nio.ch.FileChannelImpl@59eb9dcb
2024-10-31 03:23:39,072 INFO  segmented.SegmentedRaftLogWorker (SegmentedRaftLogWorker.java:execute(666)) - s11@group-E1D6B2FD37FB-SegmentedRaftLogWorker: created new log segment /home/runner/work/ratis/ratis/ratis-examples/target/test/data/f203f927/MiniRaftClusterWithSimulatedRpca2d4e021/s11/4ad4c581-1f7d-4839-af83-e1d6b2fd37fb/current/log_inprogress_0
2024-10-31 03:23:39,073 TRACE util.FileUtils (LogUtils.java:runAndLog(49)) - Successfully ran Atomic Files.move /home/runner/work/ratis/ratis/ratis-examples/target/test/data/f203f927/MiniRaftClusterWithSimulatedRpca2d4e021/s13/4ad4c581-1f7d-4839-af83-e1d6b2fd37fb/current/raft-meta.conf.tmp to /home/runner/work/ratis/ratis/ratis-examples/target/test/data/f203f927/MiniRaftClusterWithSimulatedRpca2d4e021/s13/4ad4c581-1f7d-4839-af83-e1d6b2fd37fb/current/raft-meta.conf with options [REPLACE_EXISTING]
2024-10-31 03:23:39,073 INFO  server.RaftServer$Division (LeaderStateImpl.java:checkStartIndex(314)) - Leader s13@group-E1D6B2FD37FB-LeaderStateImpl is ready since appliedIndex == startIndex == 0
2024-10-31 03:23:39,224 TRACE util.FileUtils (LogUtils.java:supplyAndLog(69)) - Successfully supplied FileChannel.open /home/runner/work/ratis/ratis/ratis-examples/target/test/data/f203f927/MiniRaftClusterWithSimulatedRpca2d4e021/s12/4ad4c581-1f7d-4839-af83-e1d6b2fd37fb/current/raft-meta.conf.tmp with options [CREATE, WRITE]: sun.nio.ch.FileChannelImpl@744609fa
2024-10-31 03:23:39,226 TRACE util.FileUtils (LogUtils.java:supplyAndLog(69)) - Successfully supplied FileChannel.open /home/runner/work/ratis/ratis/ratis-examples/target/test/data/f203f927/MiniRaftClusterWithSimulatedRpca2d4e021/s11/4ad4c581-1f7d-4839-af83-e1d6b2fd37fb/current/raft-meta.conf.tmp with options [CREATE, WRITE]: sun.nio.ch.FileChannelImpl@79b881c6
2024-10-31 03:23:39,226 TRACE util.FileUtils (LogUtils.java:runAndLog(49)) - Successfully ran Atomic Files.move /home/runner/work/ratis/ratis/ratis-examples/target/test/data/f203f927/MiniRaftClusterWithSimulatedRpca2d4e021/s12/4ad4c581-1f7d-4839-af83-e1d6b2fd37fb/current/raft-meta.conf.tmp to /home/runner/work/ratis/ratis/ratis-examples/target/test/data/f203f927/MiniRaftClusterWithSimulatedRpca2d4e021/s12/4ad4c581-1f7d-4839-af83-e1d6b2fd37fb/current/raft-meta.conf with options [REPLACE_EXISTING]
2024-10-31 03:23:39,227 TRACE util.FileUtils (LogUtils.java:runAndLog(49)) - Successfully ran Atomic Files.move /home/runner/work/ratis/ratis/ratis-examples/target/test/data/f203f927/MiniRaftClusterWithSimulatedRpca2d4e021/s11/4ad4c581-1f7d-4839-af83-e1d6b2fd37fb/current/raft-meta.conf.tmp to /home/runner/work/ratis/ratis/ratis-examples/target/test/data/f203f927/MiniRaftClusterWithSimulatedRpca2d4e021/s11/4ad4c581-1f7d-4839-af83-e1d6b2fd37fb/current/raft-meta.conf with options [REPLACE_EXISTING]
2024-10-31 03:23:39,416 INFO  ratis.RaftTestUtil (RaftTestUtil.java:waitForLeader(131)) - printing group-E1D6B2FD37FB
  s11:  RUNNING [
   FOLLOWER s11@group-E1D6B2FD37FB:t1, leader=s13, voted=s13, raftlog=Memoized:s11@group-E1D6B2FD37FB-SegmentedRaftLog:OPENED:c0:last(t:1, i:0), conf=conf: {index: 0, cur=peers:[s11|, s13|, s12|]|listeners:[], old=null} RUNNING
   FOLLOWER s11@group-4EB49E3E6D70:t0, leader=null, voted=, raftlog=Memoized:s11@group-4EB49E3E6D70-SegmentedRaftLog:OPENED:c-1:lastnull, conf=conf: {index: -1, cur=peers:[]|listeners:[], old=null} STARTING] size=2
  s13:  RUNNING [
     LEADER s13@group-E1D6B2FD37FB:t1, leader=s13, voted=s13, raftlog=Memoized:s13@group-E1D6B2FD37FB-SegmentedRaftLog:OPENED:c0:last(t:1, i:0), conf=conf: {index: 0, cur=peers:[s11, s13, s12]|listeners:[], old=null} RUNNING
   FOLLOWER s13@group-4EB49E3E6D70:t0, leader=null, voted=, raftlog=Memoized:s13@group-4EB49E3E6D70-SegmentedRaftLog:OPENED:c-1:lastnull, conf=conf: {index: -1, cur=peers:[]|listeners:[], old=null} STARTING] size=2
  s12:  RUNNING [
   FOLLOWER s12@group-E1D6B2FD37FB:t1, leader=s13, voted=s13, raftlog=Memoized:s12@group-E1D6B2FD37FB-SegmentedRaftLog:OPENED:c0:last(t:1, i:0), conf=conf: {index: 0, cur=peers:[s11|, s13|, s12|]|listeners:[], old=null} RUNNING
   FOLLOWER s12@group-4EB49E3E6D70:t0, leader=null, voted=, raftlog=Memoized:s12@group-4EB49E3E6D70-SegmentedRaftLog:OPENED:c-1:lastnull, conf=conf: {index: -1, cur=peers:[]|listeners:[], old=null} STARTING] size=2
2024-10-31 03:23:39,521 INFO  statemachine.StateMachine (ArithmeticStateMachine.java:applyTransaction(181)) - LEADER:s13-1: a = 23 = 23
2024-10-31 03:23:39,524 INFO  statemachine.StateMachine (ArithmeticStateMachine.java:applyTransaction(181)) - LEADER:s13-3: b = 264 = 264
2024-10-31 03:23:39,527 INFO  statemachine.StateMachine (ArithmeticStateMachine.java:applyTransaction(181)) - LEADER:s13-5: c = √(a^2 + b^2) = 265
2024-10-31 03:23:39,530 INFO  statemachine.StateMachine (ArithmeticStateMachine.java:applyTransaction(181)) - LEADER:s13-7: a = null = null
2024-10-31 03:23:39,533 INFO  statemachine.StateMachine (ArithmeticStateMachine.java:applyTransaction(181)) - LEADER:s13-9: b = null = null
2024-10-31 03:23:39,536 INFO  statemachine.StateMachine (ArithmeticStateMachine.java:applyTransaction(181)) - LEADER:s13-11: c = null = null
2024-10-31 03:23:39,539 INFO  statemachine.StateMachine (ArithmeticStateMachine.java:applyTransaction(181)) - LEADER:s13-13: a = 25 = 25
2024-10-31 03:23:39,542 INFO  statemachine.StateMachine (ArithmeticStateMachine.java:applyTransaction(181)) - LEADER:s13-15: b = 312 = 312
2024-10-31 03:23:39,545 INFO  statemachine.StateMachine (ArithmeticStateMachine.java:applyTransaction(181)) - LEADER:s13-17: c = √(a^2 + b^2) = 313
2024-10-31 03:23:39,548 INFO  statemachine.StateMachine (ArithmeticStateMachine.java:applyTransaction(181)) - LEADER:s13-19: a = null = null
2024-10-31 03:23:39,551 INFO  statemachine.StateMachine (ArithmeticStateMachine.java:applyTransaction(181)) - LEADER:s13-21: b = null = null
2024-10-31 03:23:39,553 INFO  statemachine.StateMachine (ArithmeticStateMachine.java:applyTransaction(181)) - LEADER:s13-23: c = null = null
2024-10-31 03:23:39,556 INFO  statemachine.StateMachine (ArithmeticStateMachine.java:applyTransaction(181)) - LEADER:s13-25: a = 27 = 27
2024-10-31 03:23:39,560 INFO  statemachine.StateMachine (ArithmeticStateMachine.java:applyTransaction(181)) - LEADER:s13-27: b = 364 = 364
2024-10-31 03:23:39,563 INFO  statemachine.StateMachine (ArithmeticStateMachine.java:applyTransaction(181)) - LEADER:s13-29: c = √(a^2 + b^2) = 365
2024-10-31 03:23:39,566 INFO  statemachine.StateMachine (ArithmeticStateMachine.java:applyTransaction(181)) - LEADER:s13-31: a = null = null
2024-10-31 03:23:39,569 INFO  statemachine.StateMachine (ArithmeticStateMachine.java:applyTransaction(181)) - LEADER:s13-33: b = null = null
2024-10-31 03:23:39,572 INFO  statemachine.StateMachine (ArithmeticStateMachine.java:applyTransaction(181)) - LEADER:s13-35: c = null = null
2024-10-31 03:23:39,575 INFO  statemachine.StateMachine (ArithmeticStateMachine.java:applyTransaction(181)) - LEADER:s13-37: a = 29 = 29
2024-10-31 03:23:39,578 INFO  statemachine.StateMachine (ArithmeticStateMachine.java:applyTransaction(181)) - LEADER:s13-39: b = 420 = 420
2024-10-31 03:23:39,581 INFO  statemachine.StateMachine (ArithmeticStateMachine.java:applyTransaction(181)) - LEADER:s13-41: c = √(a^2 + b^2) = 421
2024-10-31 03:23:39,585 INFO  statemachine.StateMachine (ArithmeticStateMachine.java:applyTransaction(181)) - LEADER:s13-43: a = null = null
2024-10-31 03:23:39,588 INFO  statemachine.StateMachine (ArithmeticStateMachine.java:applyTransaction(181)) - LEADER:s13-45: b = null = null
2024-10-31 03:23:39,590 INFO  statemachine.StateMachine (ArithmeticStateMachine.java:applyTransaction(181)) - LEADER:s13-47: c = null = null
2024-10-31 03:23:39,594 INFO  statemachine.StateMachine (ArithmeticStateMachine.java:applyTransaction(181)) - LEADER:s13-49: a = 31 = 31
2024-10-31 03:23:39,597 INFO  statemachine.StateMachine (ArithmeticStateMachine.java:applyTransaction(181)) - LEADER:s13-51: b = 480 = 480
2024-10-31 03:23:39,600 INFO  statemachine.StateMachine (ArithmeticStateMachine.java:applyTransaction(181)) - LEADER:s13-53: c = √(a^2 + b^2) = 481
2024-10-31 03:23:39,603 INFO  statemachine.StateMachine (ArithmeticStateMachine.java:applyTransaction(181)) - LEADER:s13-55: a = null = null
2024-10-31 03:23:39,606 INFO  statemachine.StateMachine (ArithmeticStateMachine.java:applyTransaction(181)) - LEADER:s13-57: b = null = null
2024-10-31 03:23:39,608 INFO  statemachine.StateMachine (ArithmeticStateMachine.java:applyTransaction(181)) - LEADER:s13-59: c = null = null
2024-10-31 03:23:39,611 INFO  statemachine.StateMachine (ArithmeticStateMachine.java:applyTransaction(181)) - LEADER:s13-61: a = 33 = 33
2024-10-31 03:23:39,614 INFO  statemachine.StateMachine (ArithmeticStateMachine.java:applyTransaction(181)) - LEADER:s13-63: b = 544 = 544
2024-10-31 03:23:39,618 INFO  statemachine.StateMachine (ArithmeticStateMachine.java:applyTransaction(181)) - LEADER:s13-65: c = √(a^2 + b^2) = 545
2024-10-31 03:23:39,620 INFO  statemachine.StateMachine (ArithmeticStateMachine.java:applyTransaction(181)) - LEADER:s13-67: a = null = null
2024-10-31 03:23:39,624 INFO  statemachine.StateMachine (ArithmeticStateMachine.java:applyTransaction(181)) - LEADER:s13-69: b = null = null
2024-10-31 03:23:39,627 INFO  statemachine.StateMachine (ArithmeticStateMachine.java:applyTransaction(181)) - LEADER:s13-71: c = null = null
2024-10-31 03:23:39,634 INFO  statemachine.StateMachine (ArithmeticStateMachine.java:applyTransaction(181)) - LEADER:s13-73: a = 35 = 35
2024-10-31 03:23:39,637 INFO  statemachine.StateMachine (ArithmeticStateMachine.java:applyTransaction(181)) - LEADER:s13-75: b = 612 = 612
2024-10-31 03:23:39,641 INFO  statemachine.StateMachine (ArithmeticStateMachine.java:applyTransaction(181)) - LEADER:s13-77: c = √(a^2 + b^2) = 613
2024-10-31 03:23:39,643 INFO  statemachine.StateMachine (ArithmeticStateMachine.java:applyTransaction(181)) - LEADER:s13-79: a = null = null
2024-10-31 03:23:39,646 INFO  statemachine.StateMachine (ArithmeticStateMachine.java:applyTransaction(181)) - LEADER:s13-81: b = null = null
2024-10-31 03:23:39,649 INFO  statemachine.StateMachine (ArithmeticStateMachine.java:applyTransaction(181)) - LEADER:s13-83: c = null = null
2024-10-31 03:23:39,652 INFO  statemachine.StateMachine (ArithmeticStateMachine.java:applyTransaction(181)) - LEADER:s13-85: a = 37 = 37
2024-10-31 03:23:39,655 INFO  statemachine.StateMachine (ArithmeticStateMachine.java:applyTransaction(181)) - LEADER:s13-87: b = 684 = 684
2024-10-31 03:23:39,657 INFO  statemachine.StateMachine (ArithmeticStateMachine.java:applyTransaction(181)) - LEADER:s13-89: c = √(a^2 + b^2) = 685
2024-10-31 03:23:39,660 INFO  statemachine.StateMachine (ArithmeticStateMachine.java:applyTransaction(181)) - LEADER:s13-91: a = null = null
2024-10-31 03:23:39,663 INFO  statemachine.StateMachine (ArithmeticStateMachine.java:applyTransaction(181)) - LEADER:s13-93: b = null = null
2024-10-31 03:23:39,665 INFO  statemachine.StateMachine (ArithmeticStateMachine.java:applyTransaction(181)) - LEADER:s13-95: c = null = null
2024-10-31 03:23:39,668 INFO  statemachine.StateMachine (ArithmeticStateMachine.java:applyTransaction(181)) - LEADER:s13-97: a = 39 = 39
2024-10-31 03:23:39,674 INFO  statemachine.StateMachine (ArithmeticStateMachine.java:applyTransaction(181)) - LEADER:s13-99: b = 760 = 760
2024-10-31 03:23:39,676 INFO  statemachine.StateMachine (ArithmeticStateMachine.java:applyTransaction(181)) - LEADER:s13-101: c = √(a^2 + b^2) = 761
2024-10-31 03:23:39,679 INFO  statemachine.StateMachine (ArithmeticStateMachine.java:applyTransaction(181)) - LEADER:s13-103: a = null = null
2024-10-31 03:23:39,682 INFO  statemachine.StateMachine (ArithmeticStateMachine.java:applyTransaction(181)) - LEADER:s13-105: b = null = null
2024-10-31 03:23:39,685 INFO  statemachine.StateMachine (ArithmeticStateMachine.java:applyTransaction(181)) - LEADER:s13-107: c = null = null
2024-10-31 03:23:39,688 INFO  statemachine.StateMachine (ArithmeticStateMachine.java:applyTransaction(181)) - LEADER:s13-109: a = 41 = 41
2024-10-31 03:23:39,694 INFO  statemachine.StateMachine (ArithmeticStateMachine.java:applyTransaction(181)) - LEADER:s13-111: b = 840 = 840
2024-10-31 03:23:39,697 INFO  statemachine.StateMachine (ArithmeticStateMachine.java:applyTransaction(181)) - LEADER:s13-113: c = √(a^2 + b^2) = 841
2024-10-31 03:23:39,699 INFO  statemachine.StateMachine (ArithmeticStateMachine.java:applyTransaction(181)) - LEADER:s13-115: a = null = null
2024-10-31 03:23:39,702 INFO  statemachine.StateMachine (ArithmeticStateMachine.java:applyTransaction(181)) - LEADER:s13-117: b = null = null
2024-10-31 03:23:39,705 INFO  statemachine.StateMachine (ArithmeticStateMachine.java:applyTransaction(181)) - LEADER:s13-119: c = null = null
2024-10-31 03:23:39,706 INFO  impl.GroupManagementBaseTest (GroupManagementBaseTest.java:runMultiGroupTest(281)) - 2) starting group-23A0405D286A:[s3, s14, s2]
2024-10-31 03:23:39,707 INFO  server.RaftServer (RaftServerProxy.java:addNew(101)) - s14: addNew group-23A0405D286A:[s3, s14, s2] returns group-23A0405D286A:java.util.concurrent.CompletableFuture@5702f595[Not completed]
2024-10-31 03:23:39,707 INFO  server.RaftServer$Division (RaftServerImpl.java:<init>(256)) - s14: new RaftServerImpl for group-23A0405D286A:[s3, s14, s2] with ArithmeticStateMachine:uninitialized
2024-10-31 03:23:39,707 INFO  server.RaftServerConfigKeys (ConfUtils.java:logGet(46)) - raft.server.rpc.timeout.min = 300ms (custom)
2024-10-31 03:23:39,707 INFO  server.RaftServerConfigKeys (ConfUtils.java:logGet(46)) - raft.server.rpc.timeout.max = 600ms (custom)
2024-10-31 03:23:39,707 INFO  server.RaftServerConfigKeys (ConfUtils.java:logGet(46)) - raft.server.rpc.sleep.time = 25ms (default)
2024-10-31 03:23:39,707 INFO  server.RaftServerConfigKeys (ConfUtils.java:logGet(46)) - raft.server.rpc.slowness.timeout = 60s (default)
2024-10-31 03:23:39,707 INFO  server.RaftServerConfigKeys (ConfUtils.java:logGet(46)) - raft.server.leaderelection.leader.step-down.wait-time = 10s (default)
2024-10-31 03:23:39,707 INFO  server.RaftServerConfigKeys (ConfUtils.java:logGet(46)) - raft.server.leaderelection.member.majority-add = false (default)
2024-10-31 03:23:39,707 INFO  server.RaftServerConfigKeys (ConfUtils.java:logGet(46)) - raft.server.sleep.deviation.threshold = 300ms (default)
2024-10-31 03:23:39,708 INFO  server.RaftServer$Division (ServerState.java:<init>(114)) - s14@group-23A0405D286A: ConfigurationManager, init=conf: {index: -1, cur=peers:[s3, s14, s2]|listeners:[], old=null}, confs=<EMPTY_MAP>
2024-10-31 03:23:39,708 INFO  server.RaftServerConfigKeys (ConfUtils.java:logGet(46)) - raft.server.notification.no-leader.timeout = 60s (default)
2024-10-31 03:23:39,708 INFO  server.RaftServerConfigKeys (ConfUtils.java:logGet(46)) - raft.server.read.timeout = 10s (default)
2024-10-31 03:23:39,708 INFO  server.RaftServerConfigKeys (ConfUtils.java:logGet(46)) - raft.server.retrycache.expirytime = 60s (default)
2024-10-31 03:23:39,708 INFO  server.RaftServerConfigKeys (ConfUtils.java:logGet(46)) - raft.server.retrycache.statistics.expirytime = 100ms (default)
2024-10-31 03:23:39,708 INFO  server.RaftServerConfigKeys (ConfUtils.java:logGet(46)) - raft.server.read.option = DEFAULT (default)
2024-10-31 03:23:39,708 INFO  server.RaftServerConfigKeys (ConfUtils.java:logGet(46)) - raft.server.read.read-after-write-consistent.write-index-cache.expiry-time = 60s (default)
2024-10-31 03:23:39,709 INFO  server.RaftServerConfigKeys (ConfUtils.java:logGet(46)) - raft.server.rpc.request.timeout = 3000ms (default)
2024-10-31 03:23:39,709 INFO  server.RaftServerConfigKeys (ConfUtils.java:logGet(46)) - raft.server.log.appender.install.snapshot.enabled = true (default)
2024-10-31 03:23:39,709 INFO  server.RaftServerConfigKeys (ConfUtils.java:logGet(46)) - raft.server.threadpool.server.cached = true (default)
2024-10-31 03:23:39,709 INFO  server.RaftServerConfigKeys (ConfUtils.java:logGet(46)) - raft.server.threadpool.server.size = 0 (default)
2024-10-31 03:23:39,709 INFO  server.RaftServerConfigKeys (ConfUtils.java:logGet(46)) - raft.server.threadpool.client.cached = true (default)
2024-10-31 03:23:39,709 INFO  server.RaftServerConfigKeys (ConfUtils.java:logGet(46)) - raft.server.threadpool.client.size = 0 (default)
2024-10-31 03:23:39,709 INFO  server.RaftServerConfigKeys (ConfUtils.java:logGet(46)) - raft.server.storage.free-space.min = 0MB (=0) (default)
2024-10-31 03:23:39,709 INFO  server.RaftServerConfigKeys (ConfUtils.java:logGet(46)) - raft.server.log.corruption.policy = EXCEPTION (default)
2024-10-31 03:23:39,709 INFO  server.RaftServerConfigKeys (ConfUtils.java:logGet(46)) - raft.server.storage.dir = [/home/runner/work/ratis/ratis/ratis-examples/target/test/data/f203f927/MiniRaftClusterWithSimulatedRpca2d4e021/s14] (custom)
2024-10-31 03:23:39,710 INFO  storage.RaftStorageDirectory (RaftStorageDirectoryImpl.java:analyzeStorage(138)) - The storage directory /home/runner/work/ratis/ratis/ratis-examples/target/test/data/f203f927/MiniRaftClusterWithSimulatedRpca2d4e021/s14/f8354363-4b06-4982-a658-23a0405d286a does not exist. Creating ...
2024-10-31 03:23:39,710 TRACE util.FileUtils (LogUtils.java:runAndLog(49)) - Successfully ran Files.createDirectories /home/runner/work/ratis/ratis/ratis-examples/target/test/data/f203f927/MiniRaftClusterWithSimulatedRpca2d4e021/s14/f8354363-4b06-4982-a658-23a0405d286a
2024-10-31 03:23:39,711 INFO  storage.RaftStorageDirectory (RaftStorageDirectoryImpl.java:tryLock(229)) - Lock on /home/runner/work/ratis/ratis/ratis-examples/target/test/data/f203f927/MiniRaftClusterWithSimulatedRpca2d4e021/s14/f8354363-4b06-4982-a658-23a0405d286a/in_use.lock acquired by nodename 14975@fv-az1757-779
2024-10-31 03:23:39,711 TRACE util.FileUtils (LogUtils.java:runAndLog(49)) - Successfully ran Files.createDirectories /home/runner/work/ratis/ratis/ratis-examples/target/test/data/f203f927/MiniRaftClusterWithSimulatedRpca2d4e021/s14/f8354363-4b06-4982-a658-23a0405d286a/current
2024-10-31 03:23:39,711 TRACE util.FileUtils (LogUtils.java:runAndLog(49)) - Successfully ran Files.createDirectories /home/runner/work/ratis/ratis/ratis-examples/target/test/data/f203f927/MiniRaftClusterWithSimulatedRpca2d4e021/s14/f8354363-4b06-4982-a658-23a0405d286a/sm
2024-10-31 03:23:39,711 TRACE util.FileUtils (LogUtils.java:supplyAndLog(69)) - Successfully supplied FileChannel.open /home/runner/work/ratis/ratis/ratis-examples/target/test/data/f203f927/MiniRaftClusterWithSimulatedRpca2d4e021/s14/f8354363-4b06-4982-a658-23a0405d286a/current/raft-meta.tmp with options [CREATE, WRITE]: sun.nio.ch.FileChannelImpl@45fc6425
2024-10-31 03:23:39,712 TRACE util.FileUtils (LogUtils.java:runAndLog(49)) - Successfully ran Atomic Files.move /home/runner/work/ratis/ratis/ratis-examples/target/test/data/f203f927/MiniRaftClusterWithSimulatedRpca2d4e021/s14/f8354363-4b06-4982-a658-23a0405d286a/current/raft-meta.tmp to /home/runner/work/ratis/ratis/ratis-examples/target/test/data/f203f927/MiniRaftClusterWithSimulatedRpca2d4e021/s14/f8354363-4b06-4982-a658-23a0405d286a/current/raft-meta with options [REPLACE_EXISTING]
2024-10-31 03:23:39,712 INFO  storage.RaftStorage (RaftStorageImpl.java:format(98)) - Storage directory /home/runner/work/ratis/ratis/ratis-examples/target/test/data/f203f927/MiniRaftClusterWithSimulatedRpca2d4e021/s14/f8354363-4b06-4982-a658-23a0405d286a has been successfully formatted.
2024-10-31 03:23:39,713 WARN  statemachine.StateMachine (ArithmeticStateMachine.java:loadSnapshot(115)) - The snapshot info is null.
2024-10-31 03:23:39,713 INFO  server.RaftServerConfigKeys (ConfUtils.java:logGet(46)) - raft.server.log.use.memory = false (default)
2024-10-31 03:23:39,713 INFO  server.RaftServerConfigKeys (ConfUtils.java:logGet(46)) - raft.server.log.purge.gap = 1024 (default)
2024-10-31 03:23:39,713 INFO  server.RaftServerConfigKeys (ConfUtils.java:logGet(46)) - raft.server.log.appender.buffer.byte-limit = 4MB (=4194304) (default)
2024-10-31 03:23:39,713 INFO  server.RaftServerConfigKeys (ConfUtils.java:logGet(46)) - raft.server.log.statemachine.data.read.timeout = 1000ms (default)
2024-10-31 03:23:39,713 INFO  server.RaftServerConfigKeys (ConfUtils.java:logGet(46)) - raft.server.log.purge.preservation.log.num = 0 (default)
2024-10-31 03:23:39,713 INFO  server.RaftServerConfigKeys (ConfUtils.java:logGet(46)) - raft.server.log.segment.size.max = 32MB (=33554432) (default)
2024-10-31 03:23:39,714 INFO  server.RaftServerConfigKeys (ConfUtils.java:logGet(46)) - raft.server.log.segment.cache.num.max = 6 (default)
2024-10-31 03:23:39,714 INFO  server.RaftServerConfigKeys (ConfUtils.java:logGet(46)) - raft.server.log.segment.cache.size.max = 200MB (=209715200) (default)
2024-10-31 03:23:39,714 INFO  server.RaftServerConfigKeys (ConfUtils.java:logGet(46)) - raft.server.log.appender.buffer.byte-limit = 4MB (=4194304) (default)
2024-10-31 03:23:39,714 INFO  util.AwaitToRun (AwaitToRun.java:start(81)) - Thread[s14@group-23A0405D286A-cacheEviction-AwaitToRun,5,main] started
2024-10-31 03:23:39,714 INFO  segmented.SegmentedRaftLogWorker (SegmentedRaftLogWorker.java:<init>(189)) - new s14@group-23A0405D286A-SegmentedRaftLogWorker for RaftStorageImpl:Storage Directory /home/runner/work/ratis/ratis/ratis-examples/target/test/data/f203f927/MiniRaftClusterWithSimulatedRpca2d4e021/s14/f8354363-4b06-4982-a658-23a0405d286a
2024-10-31 03:23:39,714 INFO  server.RaftServerConfigKeys (ConfUtils.java:logGet(46)) - raft.server.log.queue.byte-limit = 64MB (=67108864) (default)
2024-10-31 03:23:39,714 INFO  server.RaftServerConfigKeys (ConfUtils.java:logGet(46)) - raft.server.log.queue.element-limit = 4096 (default)
2024-10-31 03:23:39,715 INFO  server.RaftServerConfigKeys (ConfUtils.java:logGet(46)) - raft.server.log.segment.size.max = 32MB (=33554432) (default)
2024-10-31 03:23:39,715 INFO  server.RaftServerConfigKeys (ConfUtils.java:logGet(46)) - raft.server.log.preallocated.size = 4MB (=4194304) (default)
2024-10-31 03:23:39,715 INFO  server.RaftServerConfigKeys (ConfUtils.java:logGet(46)) - raft.server.log.force.sync.num = 128 (default)
2024-10-31 03:23:39,715 INFO  server.RaftServerConfigKeys (ConfUtils.java:logGet(46)) - raft.server.log.statemachine.data.sync = true (default)
2024-10-31 03:23:39,715 INFO  server.RaftServerConfigKeys (ConfUtils.java:logGet(46)) - raft.server.log.statemachine.data.sync.timeout = 10s (default)
2024-10-31 03:23:39,715 INFO  server.RaftServerConfigKeys (ConfUtils.java:logGet(46)) - raft.server.log.statemachine.data.sync.timeout.retry = -1 (default)
2024-10-31 03:23:39,715 INFO  server.RaftServerConfigKeys (ConfUtils.java:logGet(46)) - raft.server.log.write.buffer.size = 8MB (=8388608) (default)
2024-10-31 03:23:39,717 INFO  server.RaftServerConfigKeys (ConfUtils.java:logGet(46)) - raft.server.log.appender.buffer.byte-limit = 4MB (=4194304) (default)
2024-10-31 03:23:39,717 INFO  server.RaftServerConfigKeys (ConfUtils.java:logGet(46)) - raft.server.log.unsafe-flush.enabled = false (default)
2024-10-31 03:23:39,717 INFO  server.RaftServerConfigKeys (ConfUtils.java:logGet(46)) - raft.server.log.async-flush.enabled = false (default)
2024-10-31 03:23:39,717 INFO  server.RaftServerConfigKeys (ConfUtils.java:logGet(46)) - raft.server.log.statemachine.data.caching.enabled = false (default)
2024-10-31 03:23:39,717 INFO  segmented.SegmentedRaftLogWorker (SegmentedRaftLogWorker.java:lambda$new$0(140)) - s14@group-23A0405D286A-SegmentedRaftLogWorker: flushIndex: setUnconditionally 0 -> -1
2024-10-31 03:23:39,717 INFO  segmented.SegmentedRaftLogWorker (SegmentedRaftLogWorker.java:lambda$new$0(140)) - s14@group-23A0405D286A-SegmentedRaftLogWorker: safeCacheEvictIndex: setUnconditionally 0 -> -1
2024-10-31 03:23:39,718 INFO  server.RaftServer$Division (RaftServerImpl.java:start(392)) - s14@group-23A0405D286A: start as a follower, conf=conf: {index: -1, cur=peers:[s3, s14, s2]|listeners:[], old=null}
2024-10-31 03:23:39,718 INFO  server.RaftServer$Division (RaftServerImpl.java:setRole(379)) - s14@group-23A0405D286A: changes role from      null to FOLLOWER at term 0 for startAsFollower
2024-10-31 03:23:39,718 INFO  impl.RoleInfo (RoleInfo.java:updateAndGet(148)) - s14: start s14@group-23A0405D286A-FollowerState
2024-10-31 03:23:39,718 INFO  server.RaftServerConfigKeys (ConfUtils.java:logFallback(53)) - raft.server.rpc.first-election.timeout.min = 300ms (fallback to raft.server.rpc.timeout.min)
2024-10-31 03:23:39,718 INFO  util.JmxRegister (JmxRegister.java:tryRegister(44)) - Successfully registered JMX Bean with object name Ratis:service=RaftServer,group=group-23A0405D286A,id=s14
2024-10-31 03:23:39,718 INFO  util.JmxRegister (JmxRegister.java:register(58)) - register mxBean class org.apache.ratis.server.impl.RaftServerJmxAdapter as Ratis:service=RaftServer,group=group-23A0405D286A,id=s14
2024-10-31 03:23:39,718 INFO  server.RaftServerConfigKeys (ConfUtils.java:logFallback(53)) - raft.server.rpc.first-election.timeout.max = 600ms (fallback to raft.server.rpc.timeout.max)
2024-10-31 03:23:39,718 INFO  server.RaftServerConfigKeys (ConfUtils.java:logGet(46)) - raft.server.snapshot.trigger-when-stop.enabled = true (default)
2024-10-31 03:23:39,718 INFO  server.RaftServerConfigKeys (ConfUtils.java:logGet(46)) - raft.server.snapshot.trigger-when-remove.enabled = true (default)
2024-10-31 03:23:39,719 INFO  server.RaftServerConfigKeys (ConfUtils.java:logGet(46)) - raft.server.snapshot.auto.trigger.enabled = false (default)
2024-10-31 03:23:39,719 INFO  server.RaftServerConfigKeys (ConfUtils.java:logGet(46)) - raft.server.snapshot.retention.file.num = -1 (default)
2024-10-31 03:23:39,719 INFO  server.RaftServerConfigKeys (ConfUtils.java:logGet(46)) - raft.server.log.purge.upto.snapshot.index = false (default)
2024-10-31 03:23:39,719 INFO  server.RaftServer$Division (RaftServerImpl.java:start(406)) - s14@group-23A0405D286A: Successfully started.
2024-10-31 03:23:39,720 INFO  server.RaftServer (RaftServerProxy.java:addNew(101)) - s2: addNew group-23A0405D286A:[s3, s14, s2] returns group-23A0405D286A:java.util.concurrent.CompletableFuture@17b98701[Not completed]
2024-10-31 03:23:39,720 INFO  server.RaftServer$Division (RaftServerImpl.java:<init>(256)) - s2: new RaftServerImpl for group-23A0405D286A:[s3, s14, s2] with ArithmeticStateMachine:uninitialized
2024-10-31 03:23:39,720 INFO  server.RaftServerConfigKeys (ConfUtils.java:logGet(46)) - raft.server.rpc.timeout.min = 300ms (custom)
2024-10-31 03:23:39,720 INFO  server.RaftServerConfigKeys (ConfUtils.java:logGet(46)) - raft.server.rpc.timeout.max = 600ms (custom)
2024-10-31 03:23:39,720 INFO  server.RaftServerConfigKeys (ConfUtils.java:logGet(46)) - raft.server.rpc.sleep.time = 25ms (default)
2024-10-31 03:23:39,720 INFO  server.RaftServerConfigKeys (ConfUtils.java:logGet(46)) - raft.server.rpc.slowness.timeout = 60s (default)
2024-10-31 03:23:39,720 INFO  server.RaftServerConfigKeys (ConfUtils.java:logGet(46)) - raft.server.leaderelection.leader.step-down.wait-time = 10s (default)
2024-10-31 03:23:39,720 INFO  server.RaftServerConfigKeys (ConfUtils.java:logGet(46)) - raft.server.leaderelection.member.majority-add = false (default)
2024-10-31 03:23:39,720 INFO  server.RaftServerConfigKeys (ConfUtils.java:logGet(46)) - raft.server.sleep.deviation.threshold = 300ms (default)
2024-10-31 03:23:39,721 INFO  server.RaftServer$Division (ServerState.java:<init>(114)) - s2@group-23A0405D286A: ConfigurationManager, init=conf: {index: -1, cur=peers:[s3, s14, s2]|listeners:[], old=null}, confs=<EMPTY_MAP>
2024-10-31 03:23:39,721 INFO  server.RaftServerConfigKeys (ConfUtils.java:logGet(46)) - raft.server.notification.no-leader.timeout = 60s (default)
2024-10-31 03:23:39,721 INFO  server.RaftServerConfigKeys (ConfUtils.java:logGet(46)) - raft.server.read.timeout = 10s (default)
2024-10-31 03:23:39,721 INFO  server.RaftServerConfigKeys (ConfUtils.java:logGet(46)) - raft.server.retrycache.expirytime = 60s (default)
2024-10-31 03:23:39,721 INFO  server.RaftServerConfigKeys (ConfUtils.java:logGet(46)) - raft.server.retrycache.statistics.expirytime = 100ms (default)
2024-10-31 03:23:39,721 INFO  server.RaftServerConfigKeys (ConfUtils.java:logGet(46)) - raft.server.read.option = DEFAULT (default)
2024-10-31 03:23:39,721 INFO  server.RaftServerConfigKeys (ConfUtils.java:logGet(46)) - raft.server.read.read-after-write-consistent.write-index-cache.expiry-time = 60s (default)
2024-10-31 03:23:39,722 INFO  server.RaftServerConfigKeys (ConfUtils.java:logGet(46)) - raft.server.rpc.request.timeout = 3000ms (default)
2024-10-31 03:23:39,722 INFO  server.RaftServerConfigKeys (ConfUtils.java:logGet(46)) - raft.server.log.appender.install.snapshot.enabled = true (default)
2024-10-31 03:23:39,722 INFO  server.RaftServerConfigKeys (ConfUtils.java:logGet(46)) - raft.server.threadpool.server.cached = true (default)
2024-10-31 03:23:39,722 INFO  server.RaftServerConfigKeys (ConfUtils.java:logGet(46)) - raft.server.threadpool.server.size = 0 (default)
2024-10-31 03:23:39,722 INFO  server.RaftServerConfigKeys (ConfUtils.java:logGet(46)) - raft.server.threadpool.client.cached = true (default)
2024-10-31 03:23:39,722 INFO  server.RaftServerConfigKeys (ConfUtils.java:logGet(46)) - raft.server.threadpool.client.size = 0 (default)
2024-10-31 03:23:39,722 INFO  server.RaftServerConfigKeys (ConfUtils.java:logGet(46)) - raft.server.storage.free-space.min = 0MB (=0) (default)
2024-10-31 03:23:39,723 INFO  server.RaftServerConfigKeys (ConfUtils.java:logGet(46)) - raft.server.log.corruption.policy = EXCEPTION (default)
2024-10-31 03:23:39,723 INFO  server.RaftServerConfigKeys (ConfUtils.java:logGet(46)) - raft.server.storage.dir = [/home/runner/work/ratis/ratis/ratis-examples/target/test/data/f203f927/MiniRaftClusterWithSimulatedRpca2d4e021/s2] (custom)
2024-10-31 03:23:39,723 INFO  storage.RaftStorageDirectory (RaftStorageDirectoryImpl.java:analyzeStorage(138)) - The storage directory /home/runner/work/ratis/ratis/ratis-examples/target/test/data/f203f927/MiniRaftClusterWithSimulatedRpca2d4e021/s2/f8354363-4b06-4982-a658-23a0405d286a does not exist. Creating ...
2024-10-31 03:23:39,723 TRACE util.FileUtils (LogUtils.java:runAndLog(49)) - Successfully ran Files.createDirectories /home/runner/work/ratis/ratis/ratis-examples/target/test/data/f203f927/MiniRaftClusterWithSimulatedRpca2d4e021/s2/f8354363-4b06-4982-a658-23a0405d286a
2024-10-31 03:23:39,724 INFO  storage.RaftStorageDirectory (RaftStorageDirectoryImpl.java:tryLock(229)) - Lock on /home/runner/work/ratis/ratis/ratis-examples/target/test/data/f203f927/MiniRaftClusterWithSimulatedRpca2d4e021/s2/f8354363-4b06-4982-a658-23a0405d286a/in_use.lock acquired by nodename 14975@fv-az1757-779
2024-10-31 03:23:39,724 TRACE util.FileUtils (LogUtils.java:runAndLog(49)) - Successfully ran Files.createDirectories /home/runner/work/ratis/ratis/ratis-examples/target/test/data/f203f927/MiniRaftClusterWithSimulatedRpca2d4e021/s2/f8354363-4b06-4982-a658-23a0405d286a/current
2024-10-31 03:23:39,724 TRACE util.FileUtils (LogUtils.java:runAndLog(49)) - Successfully ran Files.createDirectories /home/runner/work/ratis/ratis/ratis-examples/target/test/data/f203f927/MiniRaftClusterWithSimulatedRpca2d4e021/s2/f8354363-4b06-4982-a658-23a0405d286a/sm
2024-10-31 03:23:39,724 TRACE util.FileUtils (LogUtils.java:supplyAndLog(69)) - Successfully supplied FileChannel.open /home/runner/work/ratis/ratis/ratis-examples/target/test/data/f203f927/MiniRaftClusterWithSimulatedRpca2d4e021/s2/f8354363-4b06-4982-a658-23a0405d286a/current/raft-meta.tmp with options [CREATE, WRITE]: sun.nio.ch.FileChannelImpl@1ee558f2
2024-10-31 03:23:39,725 TRACE util.FileUtils (LogUtils.java:runAndLog(49)) - Successfully ran Atomic Files.move /home/runner/work/ratis/ratis/ratis-examples/target/test/data/f203f927/MiniRaftClusterWithSimulatedRpca2d4e021/s2/f8354363-4b06-4982-a658-23a0405d286a/current/raft-meta.tmp to /home/runner/work/ratis/ratis/ratis-examples/target/test/data/f203f927/MiniRaftClusterWithSimulatedRpca2d4e021/s2/f8354363-4b06-4982-a658-23a0405d286a/current/raft-meta with options [REPLACE_EXISTING]
2024-10-31 03:23:39,725 INFO  storage.RaftStorage (RaftStorageImpl.java:format(98)) - Storage directory /home/runner/work/ratis/ratis/ratis-examples/target/test/data/f203f927/MiniRaftClusterWithSimulatedRpca2d4e021/s2/f8354363-4b06-4982-a658-23a0405d286a has been successfully formatted.
2024-10-31 03:23:39,726 WARN  statemachine.StateMachine (ArithmeticStateMachine.java:loadSnapshot(115)) - The snapshot info is null.
2024-10-31 03:23:39,726 INFO  server.RaftServerConfigKeys (ConfUtils.java:logGet(46)) - raft.server.log.use.memory = false (default)
2024-10-31 03:23:39,726 INFO  server.RaftServerConfigKeys (ConfUtils.java:logGet(46)) - raft.server.log.purge.gap = 1024 (default)
2024-10-31 03:23:39,726 INFO  server.RaftServerConfigKeys (ConfUtils.java:logGet(46)) - raft.server.log.appender.buffer.byte-limit = 4MB (=4194304) (default)
2024-10-31 03:23:39,726 INFO  server.RaftServerConfigKeys (ConfUtils.java:logGet(46)) - raft.server.log.statemachine.data.read.timeout = 1000ms (default)
2024-10-31 03:23:39,726 INFO  server.RaftServerConfigKeys (ConfUtils.java:logGet(46)) - raft.server.log.purge.preservation.log.num = 0 (default)
2024-10-31 03:23:39,726 INFO  server.RaftServerConfigKeys (ConfUtils.java:logGet(46)) - raft.server.log.segment.size.max = 32MB (=33554432) (default)
2024-10-31 03:23:39,727 INFO  server.RaftServerConfigKeys (ConfUtils.java:logGet(46)) - raft.server.log.segment.cache.num.max = 6 (default)
2024-10-31 03:23:39,727 INFO  server.RaftServerConfigKeys (ConfUtils.java:logGet(46)) - raft.server.log.segment.cache.size.max = 200MB (=209715200) (default)
2024-10-31 03:23:39,727 INFO  server.RaftServerConfigKeys (ConfUtils.java:logGet(46)) - raft.server.log.appender.buffer.byte-limit = 4MB (=4194304) (default)
2024-10-31 03:23:39,727 INFO  util.AwaitToRun (AwaitToRun.java:start(81)) - Thread[s2@group-23A0405D286A-cacheEviction-AwaitToRun,5,main] started
2024-10-31 03:23:39,727 INFO  segmented.SegmentedRaftLogWorker (SegmentedRaftLogWorker.java:<init>(189)) - new s2@group-23A0405D286A-SegmentedRaftLogWorker for RaftStorageImpl:Storage Directory /home/runner/work/ratis/ratis/ratis-examples/target/test/data/f203f927/MiniRaftClusterWithSimulatedRpca2d4e021/s2/f8354363-4b06-4982-a658-23a0405d286a
2024-10-31 03:23:39,727 INFO  server.RaftServerConfigKeys (ConfUtils.java:logGet(46)) - raft.server.log.queue.byte-limit = 64MB (=67108864) (default)
2024-10-31 03:23:39,727 INFO  server.RaftServerConfigKeys (ConfUtils.java:logGet(46)) - raft.server.log.queue.element-limit = 4096 (default)
2024-10-31 03:23:39,727 INFO  server.RaftServerConfigKeys (ConfUtils.java:logGet(46)) - raft.server.log.segment.size.max = 32MB (=33554432) (default)
2024-10-31 03:23:39,727 INFO  server.RaftServerConfigKeys (ConfUtils.java:logGet(46)) - raft.server.log.preallocated.size = 4MB (=4194304) (default)
2024-10-31 03:23:39,728 INFO  server.RaftServerConfigKeys (ConfUtils.java:logGet(46)) - raft.server.log.force.sync.num = 128 (default)
2024-10-31 03:23:39,728 INFO  server.RaftServerConfigKeys (ConfUtils.java:logGet(46)) - raft.server.log.statemachine.data.sync = true (default)
2024-10-31 03:23:39,728 INFO  server.RaftServerConfigKeys (ConfUtils.java:logGet(46)) - raft.server.log.statemachine.data.sync.timeout = 10s (default)
2024-10-31 03:23:39,728 INFO  server.RaftServerConfigKeys (ConfUtils.java:logGet(46)) - raft.server.log.statemachine.data.sync.timeout.retry = -1 (default)
2024-10-31 03:23:39,728 INFO  server.RaftServerConfigKeys (ConfUtils.java:logGet(46)) - raft.server.log.write.buffer.size = 8MB (=8388608) (default)
2024-10-31 03:23:39,729 INFO  server.RaftServerConfigKeys (ConfUtils.java:logGet(46)) - raft.server.log.appender.buffer.byte-limit = 4MB (=4194304) (default)
2024-10-31 03:23:39,730 INFO  server.RaftServerConfigKeys (ConfUtils.java:logGet(46)) - raft.server.log.unsafe-flush.enabled = false (default)
2024-10-31 03:23:39,730 INFO  server.RaftServerConfigKeys (ConfUtils.java:logGet(46)) - raft.server.log.async-flush.enabled = false (default)
2024-10-31 03:23:39,730 INFO  server.RaftServerConfigKeys (ConfUtils.java:logGet(46)) - raft.server.log.statemachine.data.caching.enabled = false (default)
2024-10-31 03:23:39,730 INFO  segmented.SegmentedRaftLogWorker (SegmentedRaftLogWorker.java:lambda$new$0(140)) - s2@group-23A0405D286A-SegmentedRaftLogWorker: flushIndex: setUnconditionally 0 -> -1
2024-10-31 03:23:39,730 INFO  segmented.SegmentedRaftLogWorker (SegmentedRaftLogWorker.java:lambda$new$0(140)) - s2@group-23A0405D286A-SegmentedRaftLogWorker: safeCacheEvictIndex: setUnconditionally 0 -> -1
2024-10-31 03:23:39,730 INFO  server.RaftServer$Division (RaftServerImpl.java:start(392)) - s2@group-23A0405D286A: start as a follower, conf=conf: {index: -1, cur=peers:[s3, s14, s2]|listeners:[], old=null}
2024-10-31 03:23:39,730 INFO  server.RaftServer$Division (RaftServerImpl.java:setRole(379)) - s2@group-23A0405D286A: changes role from      null to FOLLOWER at term 0 for startAsFollower
2024-10-31 03:23:39,730 INFO  impl.RoleInfo (RoleInfo.java:updateAndGet(148)) - s2: start s2@group-23A0405D286A-FollowerState
2024-10-31 03:23:39,731 INFO  server.RaftServerConfigKeys (ConfUtils.java:logFallback(53)) - raft.server.rpc.first-election.timeout.min = 300ms (fallback to raft.server.rpc.timeout.min)
2024-10-31 03:23:39,731 INFO  util.JmxRegister (JmxRegister.java:tryRegister(44)) - Successfully registered JMX Bean with object name Ratis:service=RaftServer,group=group-23A0405D286A,id=s2
2024-10-31 03:23:39,731 INFO  util.JmxRegister (JmxRegister.java:register(58)) - register mxBean class org.apache.ratis.server.impl.RaftServerJmxAdapter as Ratis:service=RaftServer,group=group-23A0405D286A,id=s2
2024-10-31 03:23:39,731 INFO  server.RaftServerConfigKeys (ConfUtils.java:logFallback(53)) - raft.server.rpc.first-election.timeout.max = 600ms (fallback to raft.server.rpc.timeout.max)
2024-10-31 03:23:39,731 INFO  server.RaftServerConfigKeys (ConfUtils.java:logGet(46)) - raft.server.snapshot.trigger-when-stop.enabled = true (default)
2024-10-31 03:23:39,731 INFO  server.RaftServerConfigKeys (ConfUtils.java:logGet(46)) - raft.server.snapshot.trigger-when-remove.enabled = true (default)
2024-10-31 03:23:39,731 INFO  server.RaftServerConfigKeys (ConfUtils.java:logGet(46)) - raft.server.snapshot.auto.trigger.enabled = false (default)
2024-10-31 03:23:39,731 INFO  server.RaftServerConfigKeys (ConfUtils.java:logGet(46)) - raft.server.snapshot.retention.file.num = -1 (default)
2024-10-31 03:23:39,731 INFO  server.RaftServerConfigKeys (ConfUtils.java:logGet(46)) - raft.server.log.purge.upto.snapshot.index = false (default)
2024-10-31 03:23:39,731 INFO  server.RaftServer$Division (RaftServerImpl.java:start(406)) - s2@group-23A0405D286A: Successfully started.
2024-10-31 03:23:39,733 INFO  server.RaftServer (RaftServerProxy.java:addNew(101)) - s3: addNew group-23A0405D286A:[s3, s14, s2] returns group-23A0405D286A:java.util.concurrent.CompletableFuture@3ad847c1[Not completed]
2024-10-31 03:23:39,733 INFO  server.RaftServer$Division (RaftServerImpl.java:<init>(256)) - s3: new RaftServerImpl for group-23A0405D286A:[s3, s14, s2] with ArithmeticStateMachine:uninitialized
2024-10-31 03:23:39,733 INFO  server.RaftServerConfigKeys (ConfUtils.java:logGet(46)) - raft.server.rpc.timeout.min = 300ms (custom)
2024-10-31 03:23:39,733 INFO  server.RaftServerConfigKeys (ConfUtils.java:logGet(46)) - raft.server.rpc.timeout.max = 600ms (custom)
2024-10-31 03:23:39,733 INFO  server.RaftServerConfigKeys (ConfUtils.java:logGet(46)) - raft.server.rpc.sleep.time = 25ms (default)
2024-10-31 03:23:39,733 INFO  server.RaftServerConfigKeys (ConfUtils.java:logGet(46)) - raft.server.rpc.slowness.timeout = 60s (default)
2024-10-31 03:23:39,734 INFO  server.RaftServerConfigKeys (ConfUtils.java:logGet(46)) - raft.server.leaderelection.leader.step-down.wait-time = 10s (default)
2024-10-31 03:23:39,734 INFO  server.RaftServerConfigKeys (ConfUtils.java:logGet(46)) - raft.server.leaderelection.member.majority-add = false (default)
2024-10-31 03:23:39,734 INFO  server.RaftServerConfigKeys (ConfUtils.java:logGet(46)) - raft.server.sleep.deviation.threshold = 300ms (default)
2024-10-31 03:23:39,734 INFO  server.RaftServer$Division (ServerState.java:<init>(114)) - s3@group-23A0405D286A: ConfigurationManager, init=conf: {index: -1, cur=peers:[s3, s14, s2]|listeners:[], old=null}, confs=<EMPTY_MAP>
2024-10-31 03:23:39,734 INFO  server.RaftServerConfigKeys (ConfUtils.java:logGet(46)) - raft.server.notification.no-leader.timeout = 60s (default)
2024-10-31 03:23:39,734 INFO  server.RaftServerConfigKeys (ConfUtils.java:logGet(46)) - raft.server.read.timeout = 10s (default)
2024-10-31 03:23:39,734 INFO  server.RaftServerConfigKeys (ConfUtils.java:logGet(46)) - raft.server.retrycache.expirytime = 60s (default)
2024-10-31 03:23:39,734 INFO  server.RaftServerConfigKeys (ConfUtils.java:logGet(46)) - raft.server.retrycache.statistics.expirytime = 100ms (default)
2024-10-31 03:23:39,734 INFO  server.RaftServerConfigKeys (ConfUtils.java:logGet(46)) - raft.server.read.option = DEFAULT (default)
2024-10-31 03:23:39,734 INFO  server.RaftServerConfigKeys (ConfUtils.java:logGet(46)) - raft.server.read.read-after-write-consistent.write-index-cache.expiry-time = 60s (default)
2024-10-31 03:23:39,736 INFO  server.RaftServerConfigKeys (ConfUtils.java:logGet(46)) - raft.server.rpc.request.timeout = 3000ms (default)
2024-10-31 03:23:39,736 INFO  server.RaftServerConfigKeys (ConfUtils.java:logGet(46)) - raft.server.log.appender.install.snapshot.enabled = true (default)
2024-10-31 03:23:39,736 INFO  server.RaftServerConfigKeys (ConfUtils.java:logGet(46)) - raft.server.threadpool.server.cached = true (default)
2024-10-31 03:23:39,736 INFO  server.RaftServerConfigKeys (ConfUtils.java:logGet(46)) - raft.server.threadpool.server.size = 0 (default)
2024-10-31 03:23:39,736 INFO  server.RaftServerConfigKeys (ConfUtils.java:logGet(46)) - raft.server.threadpool.client.cached = true (default)
2024-10-31 03:23:39,736 INFO  server.RaftServerConfigKeys (ConfUtils.java:logGet(46)) - raft.server.threadpool.client.size = 0 (default)
2024-10-31 03:23:39,736 INFO  server.RaftServerConfigKeys (ConfUtils.java:logGet(46)) - raft.server.storage.free-space.min = 0MB (=0) (default)
2024-10-31 03:23:39,736 INFO  server.RaftServerConfigKeys (ConfUtils.java:logGet(46)) - raft.server.log.corruption.policy = EXCEPTION (default)
2024-10-31 03:23:39,737 INFO  server.RaftServerConfigKeys (ConfUtils.java:logGet(46)) - raft.server.storage.dir = [/home/runner/work/ratis/ratis/ratis-examples/target/test/data/f203f927/MiniRaftClusterWithSimulatedRpca2d4e021/s3] (custom)
2024-10-31 03:23:39,737 INFO  storage.RaftStorageDirectory (RaftStorageDirectoryImpl.java:analyzeStorage(138)) - The storage directory /home/runner/work/ratis/ratis/ratis-examples/target/test/data/f203f927/MiniRaftClusterWithSimulatedRpca2d4e021/s3/f8354363-4b06-4982-a658-23a0405d286a does not exist. Creating ...
2024-10-31 03:23:39,737 TRACE util.FileUtils (LogUtils.java:runAndLog(49)) - Successfully ran Files.createDirectories /home/runner/work/ratis/ratis/ratis-examples/target/test/data/f203f927/MiniRaftClusterWithSimulatedRpca2d4e021/s3/f8354363-4b06-4982-a658-23a0405d286a
2024-10-31 03:23:39,738 INFO  storage.RaftStorageDirectory (RaftStorageDirectoryImpl.java:tryLock(229)) - Lock on /home/runner/work/ratis/ratis/ratis-examples/target/test/data/f203f927/MiniRaftClusterWithSimulatedRpca2d4e021/s3/f8354363-4b06-4982-a658-23a0405d286a/in_use.lock acquired by nodename 14975@fv-az1757-779
2024-10-31 03:23:39,738 TRACE util.FileUtils (LogUtils.java:runAndLog(49)) - Successfully ran Files.createDirectories /home/runner/work/ratis/ratis/ratis-examples/target/test/data/f203f927/MiniRaftClusterWithSimulatedRpca2d4e021/s3/f8354363-4b06-4982-a658-23a0405d286a/current
2024-10-31 03:23:39,738 TRACE util.FileUtils (LogUtils.java:runAndLog(49)) - Successfully ran Files.createDirectories /home/runner/work/ratis/ratis/ratis-examples/target/test/data/f203f927/MiniRaftClusterWithSimulatedRpca2d4e021/s3/f8354363-4b06-4982-a658-23a0405d286a/sm
2024-10-31 03:23:39,738 TRACE util.FileUtils (LogUtils.java:supplyAndLog(69)) - Successfully supplied FileChannel.open /home/runner/work/ratis/ratis/ratis-examples/target/test/data/f203f927/MiniRaftClusterWithSimulatedRpca2d4e021/s3/f8354363-4b06-4982-a658-23a0405d286a/current/raft-meta.tmp with options [CREATE, WRITE]: sun.nio.ch.FileChannelImpl@20ee86ea
2024-10-31 03:23:39,739 TRACE util.FileUtils (LogUtils.java:runAndLog(49)) - Successfully ran Atomic Files.move /home/runner/work/ratis/ratis/ratis-examples/target/test/data/f203f927/MiniRaftClusterWithSimulatedRpca2d4e021/s3/f8354363-4b06-4982-a658-23a0405d286a/current/raft-meta.tmp to /home/runner/work/ratis/ratis/ratis-examples/target/test/data/f203f927/MiniRaftClusterWithSimulatedRpca2d4e021/s3/f8354363-4b06-4982-a658-23a0405d286a/current/raft-meta with options [REPLACE_EXISTING]
2024-10-31 03:23:39,740 INFO  storage.RaftStorage (RaftStorageImpl.java:format(98)) - Storage directory /home/runner/work/ratis/ratis/ratis-examples/target/test/data/f203f927/MiniRaftClusterWithSimulatedRpca2d4e021/s3/f8354363-4b06-4982-a658-23a0405d286a has been successfully formatted.
2024-10-31 03:23:39,740 WARN  statemachine.StateMachine (ArithmeticStateMachine.java:loadSnapshot(115)) - The snapshot info is null.
2024-10-31 03:23:39,740 INFO  server.RaftServerConfigKeys (ConfUtils.java:logGet(46)) - raft.server.log.use.memory = false (default)
2024-10-31 03:23:39,740 INFO  server.RaftServerConfigKeys (ConfUtils.java:logGet(46)) - raft.server.log.purge.gap = 1024 (default)
2024-10-31 03:23:39,740 INFO  server.RaftServerConfigKeys (ConfUtils.java:logGet(46)) - raft.server.log.appender.buffer.byte-limit = 4MB (=4194304) (default)
2024-10-31 03:23:39,740 INFO  server.RaftServerConfigKeys (ConfUtils.java:logGet(46)) - raft.server.log.statemachine.data.read.timeout = 1000ms (default)
2024-10-31 03:23:39,740 INFO  server.RaftServerConfigKeys (ConfUtils.java:logGet(46)) - raft.server.log.purge.preservation.log.num = 0 (default)
2024-10-31 03:23:39,741 INFO  server.RaftServerConfigKeys (ConfUtils.java:logGet(46)) - raft.server.log.segment.size.max = 32MB (=33554432) (default)
2024-10-31 03:23:39,741 INFO  server.RaftServerConfigKeys (ConfUtils.java:logGet(46)) - raft.server.log.segment.cache.num.max = 6 (default)
2024-10-31 03:23:39,741 INFO  server.RaftServerConfigKeys (ConfUtils.java:logGet(46)) - raft.server.log.segment.cache.size.max = 200MB (=209715200) (default)
2024-10-31 03:23:39,741 INFO  server.RaftServerConfigKeys (ConfUtils.java:logGet(46)) - raft.server.log.appender.buffer.byte-limit = 4MB (=4194304) (default)
2024-10-31 03:23:39,741 INFO  util.AwaitToRun (AwaitToRun.java:start(81)) - Thread[s3@group-23A0405D286A-cacheEviction-AwaitToRun,5,main] started
2024-10-31 03:23:39,741 INFO  segmented.SegmentedRaftLogWorker (SegmentedRaftLogWorker.java:<init>(189)) - new s3@group-23A0405D286A-SegmentedRaftLogWorker for RaftStorageImpl:Storage Directory /home/runner/work/ratis/ratis/ratis-examples/target/test/data/f203f927/MiniRaftClusterWithSimulatedRpca2d4e021/s3/f8354363-4b06-4982-a658-23a0405d286a
2024-10-31 03:23:39,741 INFO  server.RaftServerConfigKeys (ConfUtils.java:logGet(46)) - raft.server.log.queue.byte-limit = 64MB (=67108864) (default)
2024-10-31 03:23:39,741 INFO  server.RaftServerConfigKeys (ConfUtils.java:logGet(46)) - raft.server.log.queue.element-limit = 4096 (default)
2024-10-31 03:23:39,742 INFO  server.RaftServerConfigKeys (ConfUtils.java:logGet(46)) - raft.server.log.segment.size.max = 32MB (=33554432) (default)
2024-10-31 03:23:39,742 INFO  server.RaftServerConfigKeys (ConfUtils.java:logGet(46)) - raft.server.log.preallocated.size = 4MB (=4194304) (default)
2024-10-31 03:23:39,742 INFO  server.RaftServerConfigKeys (ConfUtils.java:logGet(46)) - raft.server.log.force.sync.num = 128 (default)
2024-10-31 03:23:39,742 INFO  server.RaftServerConfigKeys (ConfUtils.java:logGet(46)) - raft.server.log.statemachine.data.sync = true (default)
2024-10-31 03:23:39,742 INFO  server.RaftServerConfigKeys (ConfUtils.java:logGet(46)) - raft.server.log.statemachine.data.sync.timeout = 10s (default)
2024-10-31 03:23:39,742 INFO  server.RaftServerConfigKeys (ConfUtils.java:logGet(46)) - raft.server.log.statemachine.data.sync.timeout.retry = -1 (default)
2024-10-31 03:23:39,742 INFO  server.RaftServerConfigKeys (ConfUtils.java:logGet(46)) - raft.server.log.write.buffer.size = 8MB (=8388608) (default)
2024-10-31 03:23:39,744 INFO  server.RaftServerConfigKeys (ConfUtils.java:logGet(46)) - raft.server.log.appender.buffer.byte-limit = 4MB (=4194304) (default)
2024-10-31 03:23:39,744 INFO  server.RaftServerConfigKeys (ConfUtils.java:logGet(46)) - raft.server.log.unsafe-flush.enabled = false (default)
2024-10-31 03:23:39,744 INFO  server.RaftServerConfigKeys (ConfUtils.java:logGet(46)) - raft.server.log.async-flush.enabled = false (default)
2024-10-31 03:23:39,744 INFO  server.RaftServerConfigKeys (ConfUtils.java:logGet(46)) - raft.server.log.statemachine.data.caching.enabled = false (default)
2024-10-31 03:23:39,744 INFO  segmented.SegmentedRaftLogWorker (SegmentedRaftLogWorker.java:lambda$new$0(140)) - s3@group-23A0405D286A-SegmentedRaftLogWorker: flushIndex: setUnconditionally 0 -> -1
2024-10-31 03:23:39,745 INFO  segmented.SegmentedRaftLogWorker (SegmentedRaftLogWorker.java:lambda$new$0(140)) - s3@group-23A0405D286A-SegmentedRaftLogWorker: safeCacheEvictIndex: setUnconditionally 0 -> -1
2024-10-31 03:23:39,745 INFO  server.RaftServer$Division (RaftServerImpl.java:start(392)) - s3@group-23A0405D286A: start as a follower, conf=conf: {index: -1, cur=peers:[s3, s14, s2]|listeners:[], old=null}
2024-10-31 03:23:39,745 INFO  server.RaftServer$Division (RaftServerImpl.java:setRole(379)) - s3@group-23A0405D286A: changes role from      null to FOLLOWER at term 0 for startAsFollower
2024-10-31 03:23:39,745 INFO  impl.RoleInfo (RoleInfo.java:updateAndGet(148)) - s3: start s3@group-23A0405D286A-FollowerState
2024-10-31 03:23:39,745 INFO  server.RaftServerConfigKeys (ConfUtils.java:logFallback(53)) - raft.server.rpc.first-election.timeout.min = 300ms (fallback to raft.server.rpc.timeout.min)
2024-10-31 03:23:39,745 INFO  util.JmxRegister (JmxRegister.java:tryRegister(44)) - Successfully registered JMX Bean with object name Ratis:service=RaftServer,group=group-23A0405D286A,id=s3
2024-10-31 03:23:39,745 INFO  util.JmxRegister (JmxRegister.java:register(58)) - register mxBean class org.apache.ratis.server.impl.RaftServerJmxAdapter as Ratis:service=RaftServer,group=group-23A0405D286A,id=s3
2024-10-31 03:23:39,745 INFO  server.RaftServerConfigKeys (ConfUtils.java:logFallback(53)) - raft.server.rpc.first-election.timeout.max = 600ms (fallback to raft.server.rpc.timeout.max)
2024-10-31 03:23:39,746 INFO  server.RaftServerConfigKeys (ConfUtils.java:logGet(46)) - raft.server.snapshot.trigger-when-stop.enabled = true (default)
2024-10-31 03:23:39,746 INFO  server.RaftServerConfigKeys (ConfUtils.java:logGet(46)) - raft.server.snapshot.trigger-when-remove.enabled = true (default)
2024-10-31 03:23:39,746 INFO  server.RaftServerConfigKeys (ConfUtils.java:logGet(46)) - raft.server.snapshot.auto.trigger.enabled = false (default)
2024-10-31 03:23:39,746 INFO  server.RaftServerConfigKeys (ConfUtils.java:logGet(46)) - raft.server.snapshot.retention.file.num = -1 (default)
2024-10-31 03:23:39,746 INFO  server.RaftServerConfigKeys (ConfUtils.java:logGet(46)) - raft.server.log.purge.upto.snapshot.index = false (default)
2024-10-31 03:23:39,746 INFO  server.RaftServer$Division (RaftServerImpl.java:start(406)) - s3@group-23A0405D286A: Successfully started.
2024-10-31 03:23:39,747 INFO  server.RaftServerConfigKeys (ConfUtils.java:logGet(46)) - raft.server.rpc.timeout.max = 600ms (custom)
2024-10-31 03:23:39,748 INFO  ratis.RaftTestUtil (RaftTestUtil.java:waitForLeader(107)) - printing group-23A0405D286A
  s3:  RUNNING [
   FOLLOWER s3@group-4EB49E3E6D70:t0, leader=null, voted=, raftlog=Memoized:s3@group-4EB49E3E6D70-SegmentedRaftLog:OPENED:c-1:lastnull, conf=conf: {index: -1, cur=peers:[]|listeners:[], old=null} STARTING
   FOLLOWER s3@group-23A0405D286A:t0, leader=null, voted=, raftlog=Memoized:s3@group-23A0405D286A-SegmentedRaftLog:OPENED:c-1:lastnull, conf=conf: {index: -1, cur=peers:[s3, s14, s2]|listeners:[], old=null} RUNNING] size=2
  s14:  RUNNING [
   FOLLOWER s14@group-4EB49E3E6D70:t0, leader=null, voted=, raftlog=Memoized:s14@group-4EB49E3E6D70-SegmentedRaftLog:OPENED:c-1:lastnull, conf=conf: {index: -1, cur=peers:[]|listeners:[], old=null} STARTING
   FOLLOWER s14@group-23A0405D286A:t0, leader=null, voted=, raftlog=Memoized:s14@group-23A0405D286A-SegmentedRaftLog:OPENED:c-1:lastnull, conf=conf: {index: -1, cur=peers:[s3, s14, s2]|listeners:[], old=null} RUNNING] size=2
  s2:  RUNNING [
   FOLLOWER s2@group-4EB49E3E6D70:t0, leader=null, voted=, raftlog=Memoized:s2@group-4EB49E3E6D70-SegmentedRaftLog:OPENED:c-1:lastnull, conf=conf: {index: -1, cur=peers:[]|listeners:[], old=null} STARTING
   FOLLOWER s2@group-23A0405D286A:t0, leader=null, voted=, raftlog=Memoized:s2@group-23A0405D286A-SegmentedRaftLog:OPENED:c-1:lastnull, conf=conf: {index: -1, cur=peers:[s3, s14, s2]|listeners:[], old=null} RUNNING] size=2
2024-10-31 03:23:39,749 WARN  ratis.RaftTestUtil (RaftTestUtil.java:lambda$waitForLeader$3(126)) - Attempt #1 failed: java.lang.IllegalStateException: No leader yet  for group-23A0405D286A: printing group-23A0405D286A
  s3:  RUNNING [
   FOLLOWER s3@group-4EB49E3E6D70:t0, leader=null, voted=, raftlog=Memoized:s3@group-4EB49E3E6D70-SegmentedRaftLog:OPENED:c-1:lastnull, conf=conf: {index: -1, cur=peers:[]|listeners:[], old=null} STARTING
   FOLLOWER s3@group-23A0405D286A:t0, leader=null, voted=, raftlog=Memoized:s3@group-23A0405D286A-SegmentedRaftLog:OPENED:c-1:lastnull, conf=conf: {index: -1, cur=peers:[s3, s14, s2]|listeners:[], old=null} RUNNING] size=2
  s14:  RUNNING [
   FOLLOWER s14@group-4EB49E3E6D70:t0, leader=null, voted=, raftlog=Memoized:s14@group-4EB49E3E6D70-SegmentedRaftLog:OPENED:c-1:lastnull, conf=conf: {index: -1, cur=peers:[]|listeners:[], old=null} STARTING
   FOLLOWER s14@group-23A0405D286A:t0, leader=null, voted=, raftlog=Memoized:s14@group-23A0405D286A-SegmentedRaftLog:OPENED:c-1:lastnull, conf=conf: {index: -1, cur=peers:[s3, s14, s2]|listeners:[], old=null} RUNNING] size=2
  s2:  RUNNING [
   FOLLOWER s2@group-4EB49E3E6D70:t0, leader=null, voted=, raftlog=Memoized:s2@group-4EB49E3E6D70-SegmentedRaftLog:OPENED:c-1:lastnull, conf=conf: {index: -1, cur=peers:[]|listeners:[], old=null} STARTING
   FOLLOWER s2@group-23A0405D286A:t0, leader=null, voted=, raftlog=Memoized:s2@group-23A0405D286A-SegmentedRaftLog:OPENED:c-1:lastnull, conf=conf: {index: -1, cur=peers:[s3, s14, s2]|listeners:[], old=null} RUNNING] size=2
2024-10-31 03:23:40,033 INFO  impl.FollowerState (FollowerState.java:runImpl(161)) - s14@group-23A0405D286A-FollowerState: change to CANDIDATE, lastRpcElapsedTime:315685455ns, electionTimeout:315ms
2024-10-31 03:23:40,034 INFO  impl.RoleInfo (RoleInfo.java:shutdownFollowerState(121)) - s14: shutdown s14@group-23A0405D286A-FollowerState
2024-10-31 03:23:40,034 INFO  server.RaftServer$Division (RaftServerImpl.java:setRole(379)) - s14@group-23A0405D286A: changes role from  FOLLOWER to CANDIDATE at term 0 for changeToCandidate
2024-10-31 03:23:40,035 INFO  server.RaftServerConfigKeys (ConfUtils.java:logGet(46)) - raft.server.leaderelection.pre-vote = true (default)
2024-10-31 03:23:40,035 INFO  impl.RoleInfo (RoleInfo.java:updateAndGet(148)) - s14: start s14@group-23A0405D286A-LeaderElection3
2024-10-31 03:23:40,035 INFO  impl.LeaderElection (LeaderElection.java:askForVotes(332)) - s14@group-23A0405D286A-LeaderElection3 PRE_VOTE round 0: submit vote requests at term 0 for conf: {index: -1, cur=peers:[s3, s14, s2]|listeners:[], old=null}
2024-10-31 03:23:40,036 INFO  server.RaftServer$Division (RaftServerImpl.java:requestVote(1452)) - s3@group-23A0405D286A: receive requestVote(PRE_VOTE, s14, group-23A0405D286A, 0, (t:0, i:0))
2024-10-31 03:23:40,036 INFO  server.RaftServer$Division (RaftServerImpl.java:requestVote(1452)) - s2@group-23A0405D286A: receive requestVote(PRE_VOTE, s14, group-23A0405D286A, 0, (t:0, i:0))
2024-10-31 03:23:40,036 INFO  impl.VoteContext (VoteContext.java:log(49)) - s3@group-23A0405D286A-FOLLOWER: accept PRE_VOTE from s14: our priority 0 <= candidate's priority 0
2024-10-31 03:23:40,036 INFO  impl.VoteContext (VoteContext.java:log(49)) - s2@group-23A0405D286A-FOLLOWER: accept PRE_VOTE from s14: our priority 0 <= candidate's priority 0
2024-10-31 03:23:40,036 INFO  server.RaftServerConfigKeys (ConfUtils.java:logFallback(53)) - raft.server.rpc.first-election.timeout.min = 300ms (fallback to raft.server.rpc.timeout.min)
2024-10-31 03:23:40,036 INFO  server.RaftServer$Division (RaftServerImpl.java:requestVote(1486)) - s2@group-23A0405D286A replies to PRE_VOTE vote request: s14<-s2#0:OK-t0. Peer's state: s2@group-23A0405D286A:t0, leader=null, voted=, raftlog=Memoized:s2@group-23A0405D286A-SegmentedRaftLog:OPENED:c-1:lastnull, conf=conf: {index: -1, cur=peers:[s3, s14, s2]|listeners:[], old=null}
2024-10-31 03:23:40,036 INFO  server.RaftServer$Division (RaftServerImpl.java:requestVote(1486)) - s3@group-23A0405D286A replies to PRE_VOTE vote request: s14<-s3#0:OK-t0. Peer's state: s3@group-23A0405D286A:t0, leader=null, voted=, raftlog=Memoized:s3@group-23A0405D286A-SegmentedRaftLog:OPENED:c-1:lastnull, conf=conf: {index: -1, cur=peers:[s3, s14, s2]|listeners:[], old=null}
2024-10-31 03:23:40,036 INFO  server.RaftServerConfigKeys (ConfUtils.java:logFallback(53)) - raft.server.rpc.first-election.timeout.max = 600ms (fallback to raft.server.rpc.timeout.max)
2024-10-31 03:23:40,038 INFO  impl.LeaderElection (LeaderElection.java:logAndReturn(90)) - s14@group-23A0405D286A-LeaderElection3: PRE_VOTE PASSED received 1 response(s) and 0 exception(s):
2024-10-31 03:23:40,038 INFO  impl.LeaderElection (LeaderElection.java:logAndReturn(94)) -   Response 0: s14<-s2#0:OK-t0
2024-10-31 03:23:40,038 INFO  impl.LeaderElection (LeaderElection.java:askForVotes(334)) - s14@group-23A0405D286A-LeaderElection3 PRE_VOTE round 0: result PASSED
2024-10-31 03:23:40,038 TRACE util.FileUtils (LogUtils.java:supplyAndLog(69)) - Successfully supplied FileChannel.open /home/runner/work/ratis/ratis/ratis-examples/target/test/data/f203f927/MiniRaftClusterWithSimulatedRpca2d4e021/s14/f8354363-4b06-4982-a658-23a0405d286a/current/raft-meta.tmp with options [CREATE, WRITE]: sun.nio.ch.FileChannelImpl@35dd7b68
2024-10-31 03:23:40,040 TRACE util.FileUtils (LogUtils.java:runAndLog(49)) - Successfully ran Atomic Files.move /home/runner/work/ratis/ratis/ratis-examples/target/test/data/f203f927/MiniRaftClusterWithSimulatedRpca2d4e021/s14/f8354363-4b06-4982-a658-23a0405d286a/current/raft-meta.tmp to /home/runner/work/ratis/ratis/ratis-examples/target/test/data/f203f927/MiniRaftClusterWithSimulatedRpca2d4e021/s14/f8354363-4b06-4982-a658-23a0405d286a/current/raft-meta with options [REPLACE_EXISTING]
2024-10-31 03:23:40,040 INFO  impl.LeaderElection (LeaderElection.java:askForVotes(332)) - s14@group-23A0405D286A-LeaderElection3 ELECTION round 0: submit vote requests at term 1 for conf: {index: -1, cur=peers:[s3, s14, s2]|listeners:[], old=null}
2024-10-31 03:23:40,040 INFO  server.RaftServerConfigKeys (ConfUtils.java:logFallback(53)) - raft.server.rpc.first-election.timeout.min = 300ms (fallback to raft.server.rpc.timeout.min)
2024-10-31 03:23:40,040 INFO  server.RaftServer$Division (RaftServerImpl.java:requestVote(1452)) - s3@group-23A0405D286A: receive requestVote(ELECTION, s14, group-23A0405D286A, 1, (t:0, i:0))
2024-10-31 03:23:40,040 INFO  server.RaftServerConfigKeys (ConfUtils.java:logFallback(53)) - raft.server.rpc.first-election.timeout.max = 600ms (fallback to raft.server.rpc.timeout.max)
2024-10-31 03:23:40,041 INFO  server.RaftServer$Division (RaftServerImpl.java:requestVote(1452)) - s2@group-23A0405D286A: receive requestVote(ELECTION, s14, group-23A0405D286A, 1, (t:0, i:0))
2024-10-31 03:23:40,041 INFO  impl.VoteContext (VoteContext.java:log(49)) - s3@group-23A0405D286A-FOLLOWER: accept ELECTION from s14: our priority 0 <= candidate's priority 0
2024-10-31 03:23:40,041 INFO  impl.VoteContext (VoteContext.java:log(49)) - s2@group-23A0405D286A-FOLLOWER: accept ELECTION from s14: our priority 0 <= candidate's priority 0
2024-10-31 03:23:40,043 INFO  server.RaftServer$Division (RaftServerImpl.java:setRole(379)) - s3@group-23A0405D286A: changes role from  FOLLOWER to FOLLOWER at term 0 for candidate:s14
2024-10-31 03:23:40,043 INFO  impl.RoleInfo (RoleInfo.java:shutdownFollowerState(121)) - s3: shutdown s3@group-23A0405D286A-FollowerState
2024-10-31 03:23:40,043 INFO  server.RaftServer$Division (RaftServerImpl.java:setRole(379)) - s2@group-23A0405D286A: changes role from  FOLLOWER to FOLLOWER at term 0 for candidate:s14
2024-10-31 03:23:40,043 INFO  impl.RoleInfo (RoleInfo.java:updateAndGet(148)) - s3: start s3@group-23A0405D286A-FollowerState
2024-10-31 03:23:40,043 INFO  impl.FollowerState (FollowerState.java:runImpl(170)) - s3@group-23A0405D286A-FollowerState was interrupted
2024-10-31 03:23:40,043 INFO  impl.RoleInfo (RoleInfo.java:shutdownFollowerState(121)) - s2: shutdown s2@group-23A0405D286A-FollowerState
2024-10-31 03:23:40,044 INFO  server.RaftServer$Division (RaftServerImpl.java:setFirstElection(563)) - s3@group-23A0405D286A: set firstElectionSinceStartup to false for candidate:s14
2024-10-31 03:23:40,044 INFO  impl.FollowerState (FollowerState.java:runImpl(170)) - s2@group-23A0405D286A-FollowerState was interrupted
2024-10-31 03:23:40,044 INFO  impl.RoleInfo (RoleInfo.java:updateAndGet(148)) - s2: start s2@group-23A0405D286A-FollowerState
2024-10-31 03:23:40,045 TRACE util.FileUtils (LogUtils.java:supplyAndLog(69)) - Successfully supplied FileChannel.open /home/runner/work/ratis/ratis/ratis-examples/target/test/data/f203f927/MiniRaftClusterWithSimulatedRpca2d4e021/s3/f8354363-4b06-4982-a658-23a0405d286a/current/raft-meta.tmp with options [CREATE, WRITE]: sun.nio.ch.FileChannelImpl@2705733b
2024-10-31 03:23:40,045 INFO  server.RaftServer$Division (RaftServerImpl.java:setFirstElection(563)) - s2@group-23A0405D286A: set firstElectionSinceStartup to false for candidate:s14
2024-10-31 03:23:40,045 TRACE util.FileUtils (LogUtils.java:supplyAndLog(69)) - Successfully supplied FileChannel.open /home/runner/work/ratis/ratis/ratis-examples/target/test/data/f203f927/MiniRaftClusterWithSimulatedRpca2d4e021/s2/f8354363-4b06-4982-a658-23a0405d286a/current/raft-meta.tmp with options [CREATE, WRITE]: sun.nio.ch.FileChannelImpl@77f5fa3c
2024-10-31 03:23:40,046 TRACE util.FileUtils (LogUtils.java:runAndLog(49)) - Successfully ran Atomic Files.move /home/runner/work/ratis/ratis/ratis-examples/target/test/data/f203f927/MiniRaftClusterWithSimulatedRpca2d4e021/s3/f8354363-4b06-4982-a658-23a0405d286a/current/raft-meta.tmp to /home/runner/work/ratis/ratis/ratis-examples/target/test/data/f203f927/MiniRaftClusterWithSimulatedRpca2d4e021/s3/f8354363-4b06-4982-a658-23a0405d286a/current/raft-meta with options [REPLACE_EXISTING]
2024-10-31 03:23:40,046 TRACE util.FileUtils (LogUtils.java:runAndLog(49)) - Successfully ran Atomic Files.move /home/runner/work/ratis/ratis/ratis-examples/target/test/data/f203f927/MiniRaftClusterWithSimulatedRpca2d4e021/s2/f8354363-4b06-4982-a658-23a0405d286a/current/raft-meta.tmp to /home/runner/work/ratis/ratis/ratis-examples/target/test/data/f203f927/MiniRaftClusterWithSimulatedRpca2d4e021/s2/f8354363-4b06-4982-a658-23a0405d286a/current/raft-meta with options [REPLACE_EXISTING]
2024-10-31 03:23:40,046 INFO  server.RaftServer$Division (RaftServerImpl.java:requestVote(1486)) - s3@group-23A0405D286A replies to ELECTION vote request: s14<-s3#0:OK-t1. Peer's state: s3@group-23A0405D286A:t1, leader=null, voted=s14, raftlog=Memoized:s3@group-23A0405D286A-SegmentedRaftLog:OPENED:c-1:lastnull, conf=conf: {index: -1, cur=peers:[s3, s14, s2]|listeners:[], old=null}
2024-10-31 03:23:40,046 INFO  server.RaftServer$Division (RaftServerImpl.java:requestVote(1486)) - s2@group-23A0405D286A replies to ELECTION vote request: s14<-s2#0:OK-t1. Peer's state: s2@group-23A0405D286A:t1, leader=null, voted=s14, raftlog=Memoized:s2@group-23A0405D286A-SegmentedRaftLog:OPENED:c-1:lastnull, conf=conf: {index: -1, cur=peers:[s3, s14, s2]|listeners:[], old=null}
2024-10-31 03:23:40,046 INFO  impl.LeaderElection (LeaderElection.java:logAndReturn(90)) - s14@group-23A0405D286A-LeaderElection3: ELECTION PASSED received 1 response(s) and 0 exception(s):
2024-10-31 03:23:40,046 INFO  impl.LeaderElection (LeaderElection.java:logAndReturn(94)) -   Response 0: s14<-s3#0:OK-t1
2024-10-31 03:23:40,046 INFO  impl.LeaderElection (LeaderElection.java:askForVotes(334)) - s14@group-23A0405D286A-LeaderElection3 ELECTION round 0: result PASSED
2024-10-31 03:23:40,046 INFO  impl.RoleInfo (RoleInfo.java:shutdownLeaderElection(141)) - s14: shutdown s14@group-23A0405D286A-LeaderElection3
2024-10-31 03:23:40,046 INFO  server.RaftServer$Division (RaftServerImpl.java:setRole(379)) - s14@group-23A0405D286A: changes role from CANDIDATE to LEADER at term 1 for changeToLeader
2024-10-31 03:23:40,047 INFO  server.RaftServerConfigKeys (ConfUtils.java:logGet(46)) - raft.server.staging.catchup.gap = 1000 (default)
2024-10-31 03:23:40,047 INFO  server.RaftServerConfigKeys (ConfUtils.java:logGet(46)) - raft.server.write.element-limit = 4096 (default)
2024-10-31 03:23:40,047 INFO  server.RaftServerConfigKeys (ConfUtils.java:logGet(46)) - raft.server.write.byte-limit = 64MB (=67108864) (default)
2024-10-31 03:23:40,047 INFO  server.RaftServerConfigKeys (ConfUtils.java:logGet(46)) - raft.server.watch.timeout = 10s (default)
2024-10-31 03:23:40,047 INFO  server.RaftServerConfigKeys (ConfUtils.java:logGet(46)) - raft.server.watch.timeout.denomination = 1s (default)
2024-10-31 03:23:40,047 INFO  server.RaftServerConfigKeys (ConfUtils.java:logGet(46)) - raft.server.watch.element-limit = 65536 (default)
2024-10-31 03:23:40,048 INFO  server.RaftServerConfigKeys (ConfUtils.java:logGet(46)) - raft.server.read.leader.lease.enabled = false (default)
2024-10-31 03:23:40,048 INFO  server.RaftServerConfigKeys (ConfUtils.java:logGet(46)) - raft.server.read.leader.lease.timeout.ratio = 0.9 (default)
2024-10-31 03:23:40,049 INFO  server.RaftServerConfigKeys (ConfUtils.java:logGet(46)) - raft.server.rpc.timeout.min = 300ms (custom)
2024-10-31 03:23:40,049 INFO  server.RaftServerConfigKeys (ConfUtils.java:logGet(46)) - raft.server.log.log-metadata.enabled = true (default)
2024-10-31 03:23:40,049 INFO  server.RaftServerConfigKeys (ConfUtils.java:logGet(46)) - raft.server.write.element-limit = 4096 (default)
2024-10-31 03:23:40,049 INFO  server.RaftServerConfigKeys (ConfUtils.java:logGet(46)) - raft.server.write.follower.gap.ratio.max = -1.0 (default)
2024-10-31 03:23:40,049 INFO  server.RaftServerConfigKeys (ConfUtils.java:logGet(46)) - raft.server.log.appender.snapshot.chunk.size.max = 16MB (=16777216) (default)
2024-10-31 03:23:40,049 INFO  server.RaftServerConfigKeys (ConfUtils.java:logGet(46)) - raft.server.log.appender.buffer.byte-limit = 4MB (=4194304) (default)
2024-10-31 03:23:40,049 INFO  server.RaftServerConfigKeys (ConfUtils.java:logGet(46)) - raft.server.log.appender.buffer.element-limit = 0 (default)
2024-10-31 03:23:40,050 INFO  server.RaftServerConfigKeys (ConfUtils.java:logGet(46)) - raft.server.log.appender.wait-time.min = 1ms (default)
2024-10-31 03:23:40,050 INFO  server.RaftServerConfigKeys (ConfUtils.java:logGet(46)) - raft.server.log.appender.snapshot.chunk.size.max = 16MB (=16777216) (default)
2024-10-31 03:23:40,050 INFO  server.RaftServerConfigKeys (ConfUtils.java:logGet(46)) - raft.server.log.appender.buffer.byte-limit = 4MB (=4194304) (default)
2024-10-31 03:23:40,050 INFO  server.RaftServerConfigKeys (ConfUtils.java:logGet(46)) - raft.server.log.appender.buffer.element-limit = 0 (default)
2024-10-31 03:23:40,050 INFO  server.RaftServerConfigKeys (ConfUtils.java:logGet(46)) - raft.server.log.appender.wait-time.min = 1ms (default)
2024-10-31 03:23:40,050 INFO  impl.RoleInfo (RoleInfo.java:updateAndGet(148)) - s14: start s14@group-23A0405D286A-LeaderStateImpl
2024-10-31 03:23:40,050 INFO  server.RaftServer$Division (RaftServerImpl.java:setFirstElection(563)) - s14@group-23A0405D286A: set firstElectionSinceStartup to false for becomeLeader
2024-10-31 03:23:40,050 INFO  server.RaftServer$Division (ServerState.java:setLeader(272)) - s14@group-23A0405D286A: change Leader from null to s14 at term 1 for becomeLeader, leader elected after 342ms
2024-10-31 03:23:40,051 INFO  segmented.SegmentedRaftLogWorker (SegmentedRaftLogWorker.java:startLogSegment(443)) - s14@group-23A0405D286A-SegmentedRaftLogWorker: Starting segment from index:0
2024-10-31 03:23:40,051 INFO  server.RaftServer$Division (ServerState.java:setRaftConf(386)) - s14@group-23A0405D286A: set configuration conf: {index: 0, cur=peers:[s3, s14, s2]|listeners:[], old=null}
2024-10-31 03:23:40,052 INFO  segmented.BufferedWriteChannel (BufferedWriteChannel.java:open(61)) - open log_inprogress_0 at position 0
2024-10-31 03:23:40,053 INFO  server.RaftServer$Division (ServerState.java:setLeader(272)) - s2@group-23A0405D286A: change Leader from null to s14 at term 1 for appendEntries, leader elected after 332ms
2024-10-31 03:23:40,055 INFO  server.RaftServer$Division (ServerState.java:setLeader(272)) - s3@group-23A0405D286A: change Leader from null to s14 at term 1 for appendEntries, leader elected after 321ms
2024-10-31 03:23:40,056 INFO  server.RaftServer$Division (ServerState.java:setRaftConf(386)) - s3@group-23A0405D286A: set configuration conf: {index: 0, cur=peers:[s3|, s14|, s2|]|listeners:[], old=null}
2024-10-31 03:23:40,057 INFO  segmented.SegmentedRaftLogWorker (SegmentedRaftLogWorker.java:startLogSegment(443)) - s3@group-23A0405D286A-SegmentedRaftLogWorker: Starting segment from index:0
2024-10-31 03:23:40,057 INFO  server.RaftServer$Division (ServerState.java:setRaftConf(386)) - s2@group-23A0405D286A: set configuration conf: {index: 0, cur=peers:[s3|, s14|, s2|]|listeners:[], old=null}
2024-10-31 03:23:40,057 INFO  segmented.SegmentedRaftLogWorker (SegmentedRaftLogWorker.java:startLogSegment(443)) - s2@group-23A0405D286A-SegmentedRaftLogWorker: Starting segment from index:0
2024-10-31 03:23:40,057 INFO  segmented.BufferedWriteChannel (BufferedWriteChannel.java:open(61)) - open log_inprogress_0 at position 0
2024-10-31 03:23:40,058 INFO  segmented.BufferedWriteChannel (BufferedWriteChannel.java:open(61)) - open log_inprogress_0 at position 0
2024-10-31 03:23:40,070 INFO  segmented.SegmentedRaftLogWorker (SegmentedRaftLogWorker.java:execute(666)) - s14@group-23A0405D286A-SegmentedRaftLogWorker: created new log segment /home/runner/work/ratis/ratis/ratis-examples/target/test/data/f203f927/MiniRaftClusterWithSimulatedRpca2d4e021/s14/f8354363-4b06-4982-a658-23a0405d286a/current/log_inprogress_0
2024-10-31 03:23:40,071 INFO  segmented.SegmentedRaftLogWorker (SegmentedRaftLogWorker.java:execute(666)) - s3@group-23A0405D286A-SegmentedRaftLogWorker: created new log segment /home/runner/work/ratis/ratis/ratis-examples/target/test/data/f203f927/MiniRaftClusterWithSimulatedRpca2d4e021/s3/f8354363-4b06-4982-a658-23a0405d286a/current/log_inprogress_0
2024-10-31 03:23:40,072 INFO  segmented.SegmentedRaftLogWorker (SegmentedRaftLogWorker.java:execute(666)) - s2@group-23A0405D286A-SegmentedRaftLogWorker: created new log segment /home/runner/work/ratis/ratis/ratis-examples/target/test/data/f203f927/MiniRaftClusterWithSimulatedRpca2d4e021/s2/f8354363-4b06-4982-a658-23a0405d286a/current/log_inprogress_0
2024-10-31 03:23:40,072 TRACE util.FileUtils (LogUtils.java:supplyAndLog(69)) - Successfully supplied FileChannel.open /home/runner/work/ratis/ratis/ratis-examples/target/test/data/f203f927/MiniRaftClusterWithSimulatedRpca2d4e021/s14/f8354363-4b06-4982-a658-23a0405d286a/current/raft-meta.conf.tmp with options [CREATE, WRITE]: sun.nio.ch.FileChannelImpl@74434a52
2024-10-31 03:23:40,073 TRACE util.FileUtils (LogUtils.java:runAndLog(49)) - Successfully ran Atomic Files.move /home/runner/work/ratis/ratis/ratis-examples/target/test/data/f203f927/MiniRaftClusterWithSimulatedRpca2d4e021/s14/f8354363-4b06-4982-a658-23a0405d286a/current/raft-meta.conf.tmp to /home/runner/work/ratis/ratis/ratis-examples/target/test/data/f203f927/MiniRaftClusterWithSimulatedRpca2d4e021/s14/f8354363-4b06-4982-a658-23a0405d286a/current/raft-meta.conf with options [REPLACE_EXISTING]
2024-10-31 03:23:40,073 INFO  server.RaftServer$Division (LeaderStateImpl.java:checkStartIndex(314)) - Leader s14@group-23A0405D286A-LeaderStateImpl is ready since appliedIndex == startIndex == 0
2024-10-31 03:23:40,224 TRACE util.FileUtils (LogUtils.java:supplyAndLog(69)) - Successfully supplied FileChannel.open /home/runner/work/ratis/ratis/ratis-examples/target/test/data/f203f927/MiniRaftClusterWithSimulatedRpca2d4e021/s3/f8354363-4b06-4982-a658-23a0405d286a/current/raft-meta.conf.tmp with options [CREATE, WRITE]: sun.nio.ch.FileChannelImpl@743d7d3e
2024-10-31 03:23:40,224 TRACE util.FileUtils (LogUtils.java:supplyAndLog(69)) - Successfully supplied FileChannel.open /home/runner/work/ratis/ratis/ratis-examples/target/test/data/f203f927/MiniRaftClusterWithSimulatedRpca2d4e021/s2/f8354363-4b06-4982-a658-23a0405d286a/current/raft-meta.conf.tmp with options [CREATE, WRITE]: sun.nio.ch.FileChannelImpl@555f5c73
2024-10-31 03:23:40,225 TRACE util.FileUtils (LogUtils.java:runAndLog(49)) - Successfully ran Atomic Files.move /home/runner/work/ratis/ratis/ratis-examples/target/test/data/f203f927/MiniRaftClusterWithSimulatedRpca2d4e021/s2/f8354363-4b06-4982-a658-23a0405d286a/current/raft-meta.conf.tmp to /home/runner/work/ratis/ratis/ratis-examples/target/test/data/f203f927/MiniRaftClusterWithSimulatedRpca2d4e021/s2/f8354363-4b06-4982-a658-23a0405d286a/current/raft-meta.conf with options [REPLACE_EXISTING]
2024-10-31 03:23:40,225 TRACE util.FileUtils (LogUtils.java:runAndLog(49)) - Successfully ran Atomic Files.move /home/runner/work/ratis/ratis/ratis-examples/target/test/data/f203f927/MiniRaftClusterWithSimulatedRpca2d4e021/s3/f8354363-4b06-4982-a658-23a0405d286a/current/raft-meta.conf.tmp to /home/runner/work/ratis/ratis/ratis-examples/target/test/data/f203f927/MiniRaftClusterWithSimulatedRpca2d4e021/s3/f8354363-4b06-4982-a658-23a0405d286a/current/raft-meta.conf with options [REPLACE_EXISTING]
2024-10-31 03:23:40,650 INFO  ratis.RaftTestUtil (RaftTestUtil.java:waitForLeader(131)) - printing group-23A0405D286A
  s3:  RUNNING [
   FOLLOWER s3@group-4EB49E3E6D70:t0, leader=null, voted=, raftlog=Memoized:s3@group-4EB49E3E6D70-SegmentedRaftLog:OPENED:c-1:lastnull, conf=conf: {index: -1, cur=peers:[]|listeners:[], old=null} STARTING
   FOLLOWER s3@group-23A0405D286A:t1, leader=s14, voted=s14, raftlog=Memoized:s3@group-23A0405D286A-SegmentedRaftLog:OPENED:c0:last(t:1, i:0), conf=conf: {index: 0, cur=peers:[s3|, s14|, s2|]|listeners:[], old=null} RUNNING] size=2
  s14:  RUNNING [
   FOLLOWER s14@group-4EB49E3E6D70:t0, leader=null, voted=, raftlog=Memoized:s14@group-4EB49E3E6D70-SegmentedRaftLog:OPENED:c-1:lastnull, conf=conf: {index: -1, cur=peers:[]|listeners:[], old=null} STARTING
     LEADER s14@group-23A0405D286A:t1, leader=s14, voted=s14, raftlog=Memoized:s14@group-23A0405D286A-SegmentedRaftLog:OPENED:c0:last(t:1, i:0), conf=conf: {index: 0, cur=peers:[s3, s14, s2]|listeners:[], old=null} RUNNING] size=2
  s2:  RUNNING [
   FOLLOWER s2@group-4EB49E3E6D70:t0, leader=null, voted=, raftlog=Memoized:s2@group-4EB49E3E6D70-SegmentedRaftLog:OPENED:c-1:lastnull, conf=conf: {index: -1, cur=peers:[]|listeners:[], old=null} STARTING
   FOLLOWER s2@group-23A0405D286A:t1, leader=s14, voted=s14, raftlog=Memoized:s2@group-23A0405D286A-SegmentedRaftLog:OPENED:c0:last(t:1, i:0), conf=conf: {index: 0, cur=peers:[s3|, s14|, s2|]|listeners:[], old=null} RUNNING] size=2
2024-10-31 03:23:40,754 INFO  statemachine.StateMachine (ArithmeticStateMachine.java:applyTransaction(181)) - LEADER:s14-1: a = 43 = 43
2024-10-31 03:23:40,756 INFO  statemachine.StateMachine (ArithmeticStateMachine.java:applyTransaction(181)) - LEADER:s14-3: b = 924 = 924
2024-10-31 03:23:40,760 INFO  statemachine.StateMachine (ArithmeticStateMachine.java:applyTransaction(181)) - LEADER:s14-5: c = √(a^2 + b^2) = 925
2024-10-31 03:23:40,763 INFO  statemachine.StateMachine (ArithmeticStateMachine.java:applyTransaction(181)) - LEADER:s14-7: a = null = null
2024-10-31 03:23:40,766 INFO  statemachine.StateMachine (ArithmeticStateMachine.java:applyTransaction(181)) - LEADER:s14-9: b = null = null
2024-10-31 03:23:40,768 INFO  statemachine.StateMachine (ArithmeticStateMachine.java:applyTransaction(181)) - LEADER:s14-11: c = null = null
2024-10-31 03:23:40,771 INFO  statemachine.StateMachine (ArithmeticStateMachine.java:applyTransaction(181)) - LEADER:s14-13: a = 45 = 45
2024-10-31 03:23:40,775 INFO  statemachine.StateMachine (ArithmeticStateMachine.java:applyTransaction(181)) - LEADER:s14-15: b = 1012 = 1012
2024-10-31 03:23:40,778 INFO  statemachine.StateMachine (ArithmeticStateMachine.java:applyTransaction(181)) - LEADER:s14-17: c = √(a^2 + b^2) = 1013
2024-10-31 03:23:40,781 INFO  statemachine.StateMachine (ArithmeticStateMachine.java:applyTransaction(181)) - LEADER:s14-19: a = null = null
2024-10-31 03:23:40,784 INFO  statemachine.StateMachine (ArithmeticStateMachine.java:applyTransaction(181)) - LEADER:s14-21: b = null = null
2024-10-31 03:23:40,786 INFO  statemachine.StateMachine (ArithmeticStateMachine.java:applyTransaction(181)) - LEADER:s14-23: c = null = null
2024-10-31 03:23:40,789 INFO  statemachine.StateMachine (ArithmeticStateMachine.java:applyTransaction(181)) - LEADER:s14-25: a = 47 = 47
2024-10-31 03:23:40,791 INFO  statemachine.StateMachine (ArithmeticStateMachine.java:applyTransaction(181)) - LEADER:s14-27: b = 1104 = 1104
2024-10-31 03:23:40,796 INFO  statemachine.StateMachine (ArithmeticStateMachine.java:applyTransaction(181)) - LEADER:s14-29: c = √(a^2 + b^2) = 1105
2024-10-31 03:23:40,797 INFO  statemachine.StateMachine (ArithmeticStateMachine.java:applyTransaction(181)) - LEADER:s14-31: a = null = null
2024-10-31 03:23:40,800 INFO  statemachine.StateMachine (ArithmeticStateMachine.java:applyTransaction(181)) - LEADER:s14-33: b = null = null
2024-10-31 03:23:40,802 INFO  statemachine.StateMachine (ArithmeticStateMachine.java:applyTransaction(181)) - LEADER:s14-35: c = null = null
2024-10-31 03:23:40,804 INFO  statemachine.StateMachine (ArithmeticStateMachine.java:applyTransaction(181)) - LEADER:s14-37: a = 49 = 49
2024-10-31 03:23:40,806 INFO  statemachine.StateMachine (ArithmeticStateMachine.java:applyTransaction(181)) - LEADER:s14-39: b = 1200 = 1200
2024-10-31 03:23:40,809 INFO  statemachine.StateMachine (ArithmeticStateMachine.java:applyTransaction(181)) - LEADER:s14-41: c = √(a^2 + b^2) = 1201
2024-10-31 03:23:40,811 INFO  statemachine.StateMachine (ArithmeticStateMachine.java:applyTransaction(181)) - LEADER:s14-43: a = null = null
2024-10-31 03:23:40,813 INFO  statemachine.StateMachine (ArithmeticStateMachine.java:applyTransaction(181)) - LEADER:s14-45: b = null = null
2024-10-31 03:23:40,816 INFO  statemachine.StateMachine (ArithmeticStateMachine.java:applyTransaction(181)) - LEADER:s14-47: c = null = null
2024-10-31 03:23:40,818 INFO  statemachine.StateMachine (ArithmeticStateMachine.java:applyTransaction(181)) - LEADER:s14-49: a = 51 = 51
2024-10-31 03:23:40,821 INFO  statemachine.StateMachine (ArithmeticStateMachine.java:applyTransaction(181)) - LEADER:s14-51: b = 1300 = 1300
2024-10-31 03:23:40,824 INFO  statemachine.StateMachine (ArithmeticStateMachine.java:applyTransaction(181)) - LEADER:s14-53: c = √(a^2 + b^2) = 1301
2024-10-31 03:23:40,827 INFO  statemachine.StateMachine (ArithmeticStateMachine.java:applyTransaction(181)) - LEADER:s14-55: a = null = null
2024-10-31 03:23:40,829 INFO  statemachine.StateMachine (ArithmeticStateMachine.java:applyTransaction(181)) - LEADER:s14-57: b = null = null
2024-10-31 03:23:40,832 INFO  statemachine.StateMachine (ArithmeticStateMachine.java:applyTransaction(181)) - LEADER:s14-59: c = null = null
2024-10-31 03:23:40,834 INFO  statemachine.StateMachine (ArithmeticStateMachine.java:applyTransaction(181)) - LEADER:s14-61: a = 53 = 53
2024-10-31 03:23:40,837 INFO  statemachine.StateMachine (ArithmeticStateMachine.java:applyTransaction(181)) - LEADER:s14-63: b = 1404 = 1404
2024-10-31 03:23:40,839 INFO  statemachine.StateMachine (ArithmeticStateMachine.java:applyTransaction(181)) - LEADER:s14-65: c = √(a^2 + b^2) = 1405
2024-10-31 03:23:40,840 INFO  statemachine.StateMachine (ArithmeticStateMachine.java:applyTransaction(181)) - LEADER:s14-67: a = null = null
2024-10-31 03:23:40,843 INFO  statemachine.StateMachine (ArithmeticStateMachine.java:applyTransaction(181)) - LEADER:s14-69: b = null = null
2024-10-31 03:23:40,845 INFO  statemachine.StateMachine (ArithmeticStateMachine.java:applyTransaction(181)) - LEADER:s14-71: c = null = null
2024-10-31 03:23:40,848 INFO  statemachine.StateMachine (ArithmeticStateMachine.java:applyTransaction(181)) - LEADER:s14-73: a = 55 = 55
2024-10-31 03:23:40,849 INFO  statemachine.StateMachine (ArithmeticStateMachine.java:applyTransaction(181)) - LEADER:s14-75: b = 1512 = 1512
2024-10-31 03:23:40,852 INFO  statemachine.StateMachine (ArithmeticStateMachine.java:applyTransaction(181)) - LEADER:s14-77: c = √(a^2 + b^2) = 1513
2024-10-31 03:23:40,855 INFO  statemachine.StateMachine (ArithmeticStateMachine.java:applyTransaction(181)) - LEADER:s14-79: a = null = null
2024-10-31 03:23:40,859 INFO  statemachine.StateMachine (ArithmeticStateMachine.java:applyTransaction(181)) - LEADER:s14-81: b = null = null
2024-10-31 03:23:40,861 INFO  statemachine.StateMachine (ArithmeticStateMachine.java:applyTransaction(181)) - LEADER:s14-83: c = null = null
2024-10-31 03:23:40,863 INFO  statemachine.StateMachine (ArithmeticStateMachine.java:applyTransaction(181)) - LEADER:s14-85: a = 57 = 57
2024-10-31 03:23:40,866 INFO  statemachine.StateMachine (ArithmeticStateMachine.java:applyTransaction(181)) - LEADER:s14-87: b = 1624 = 1624
2024-10-31 03:23:40,868 INFO  statemachine.StateMachine (ArithmeticStateMachine.java:applyTransaction(181)) - LEADER:s14-89: c = √(a^2 + b^2) = 1625
2024-10-31 03:23:40,870 INFO  statemachine.StateMachine (ArithmeticStateMachine.java:applyTransaction(181)) - LEADER:s14-91: a = null = null
2024-10-31 03:23:40,872 INFO  statemachine.StateMachine (ArithmeticStateMachine.java:applyTransaction(181)) - LEADER:s14-93: b = null = null
2024-10-31 03:23:40,874 INFO  statemachine.StateMachine (ArithmeticStateMachine.java:applyTransaction(181)) - LEADER:s14-95: c = null = null
2024-10-31 03:23:40,877 INFO  statemachine.StateMachine (ArithmeticStateMachine.java:applyTransaction(181)) - LEADER:s14-97: a = 59 = 59
2024-10-31 03:23:40,879 INFO  statemachine.StateMachine (ArithmeticStateMachine.java:applyTransaction(181)) - LEADER:s14-99: b = 1740 = 1740
2024-10-31 03:23:40,881 INFO  statemachine.StateMachine (ArithmeticStateMachine.java:applyTransaction(181)) - LEADER:s14-101: c = √(a^2 + b^2) = 1741
2024-10-31 03:23:40,883 INFO  statemachine.StateMachine (ArithmeticStateMachine.java:applyTransaction(181)) - LEADER:s14-103: a = null = null
2024-10-31 03:23:40,885 INFO  statemachine.StateMachine (ArithmeticStateMachine.java:applyTransaction(181)) - LEADER:s14-105: b = null = null
2024-10-31 03:23:40,886 INFO  statemachine.StateMachine (ArithmeticStateMachine.java:applyTransaction(181)) - LEADER:s14-107: c = null = null
2024-10-31 03:23:40,888 INFO  statemachine.StateMachine (ArithmeticStateMachine.java:applyTransaction(181)) - LEADER:s14-109: a = 61 = 61
2024-10-31 03:23:40,890 INFO  statemachine.StateMachine (ArithmeticStateMachine.java:applyTransaction(181)) - LEADER:s14-111: b = 1860 = 1860
2024-10-31 03:23:40,892 INFO  statemachine.StateMachine (ArithmeticStateMachine.java:applyTransaction(181)) - LEADER:s14-113: c = √(a^2 + b^2) = 1861
2024-10-31 03:23:40,894 INFO  statemachine.StateMachine (ArithmeticStateMachine.java:applyTransaction(181)) - LEADER:s14-115: a = null = null
2024-10-31 03:23:40,896 INFO  statemachine.StateMachine (ArithmeticStateMachine.java:applyTransaction(181)) - LEADER:s14-117: b = null = null
2024-10-31 03:23:40,898 INFO  statemachine.StateMachine (ArithmeticStateMachine.java:applyTransaction(181)) - LEADER:s14-119: c = null = null
2024-10-31 03:23:40,898 INFO  impl.GroupManagementBaseTest (GroupManagementBaseTest.java:runMultiGroupTest(281)) - 3) starting group-967C893AA8BD:[s4, s5, s6]
2024-10-31 03:23:40,899 INFO  server.RaftServer (RaftServerProxy.java:addNew(101)) - s4: addNew group-967C893AA8BD:[s4, s5, s6] returns group-967C893AA8BD:java.util.concurrent.CompletableFuture@11630868[Not completed]
2024-10-31 03:23:40,899 INFO  server.RaftServer$Division (RaftServerImpl.java:<init>(256)) - s4: new RaftServerImpl for group-967C893AA8BD:[s4, s5, s6] with ArithmeticStateMachine:uninitialized
2024-10-31 03:23:40,900 INFO  server.RaftServerConfigKeys (ConfUtils.java:logGet(46)) - raft.server.rpc.timeout.min = 300ms (custom)
2024-10-31 03:23:40,900 INFO  server.RaftServerConfigKeys (ConfUtils.java:logGet(46)) - raft.server.rpc.timeout.max = 600ms (custom)
2024-10-31 03:23:40,900 INFO  server.RaftServerConfigKeys (ConfUtils.java:logGet(46)) - raft.server.rpc.sleep.time = 25ms (default)
2024-10-31 03:23:40,900 INFO  server.RaftServerConfigKeys (ConfUtils.java:logGet(46)) - raft.server.rpc.slowness.timeout = 60s (default)
2024-10-31 03:23:40,900 INFO  server.RaftServerConfigKeys (ConfUtils.java:logGet(46)) - raft.server.leaderelection.leader.step-down.wait-time = 10s (default)
2024-10-31 03:23:40,900 INFO  server.RaftServerConfigKeys (ConfUtils.java:logGet(46)) - raft.server.leaderelection.member.majority-add = false (default)
2024-10-31 03:23:40,900 INFO  server.RaftServerConfigKeys (ConfUtils.java:logGet(46)) - raft.server.sleep.deviation.threshold = 300ms (default)
2024-10-31 03:23:40,900 INFO  server.RaftServer$Division (ServerState.java:<init>(114)) - s4@group-967C893AA8BD: ConfigurationManager, init=conf: {index: -1, cur=peers:[s4, s5, s6]|listeners:[], old=null}, confs=<EMPTY_MAP>
2024-10-31 03:23:40,900 INFO  server.RaftServerConfigKeys (ConfUtils.java:logGet(46)) - raft.server.notification.no-leader.timeout = 60s (default)
2024-10-31 03:23:40,900 INFO  server.RaftServerConfigKeys (ConfUtils.java:logGet(46)) - raft.server.read.timeout = 10s (default)
2024-10-31 03:23:40,900 INFO  server.RaftServerConfigKeys (ConfUtils.java:logGet(46)) - raft.server.retrycache.expirytime = 60s (default)
2024-10-31 03:23:40,901 INFO  server.RaftServerConfigKeys (ConfUtils.java:logGet(46)) - raft.server.retrycache.statistics.expirytime = 100ms (default)
2024-10-31 03:23:40,901 INFO  server.RaftServerConfigKeys (ConfUtils.java:logGet(46)) - raft.server.read.option = DEFAULT (default)
2024-10-31 03:23:40,901 INFO  server.RaftServerConfigKeys (ConfUtils.java:logGet(46)) - raft.server.read.read-after-write-consistent.write-index-cache.expiry-time = 60s (default)
2024-10-31 03:23:40,902 INFO  server.RaftServerConfigKeys (ConfUtils.java:logGet(46)) - raft.server.rpc.request.timeout = 3000ms (default)
2024-10-31 03:23:40,902 INFO  server.RaftServerConfigKeys (ConfUtils.java:logGet(46)) - raft.server.log.appender.install.snapshot.enabled = true (default)
2024-10-31 03:23:40,902 INFO  server.RaftServerConfigKeys (ConfUtils.java:logGet(46)) - raft.server.threadpool.server.cached = true (default)
2024-10-31 03:23:40,902 INFO  server.RaftServerConfigKeys (ConfUtils.java:logGet(46)) - raft.server.threadpool.server.size = 0 (default)
2024-10-31 03:23:40,902 INFO  server.RaftServerConfigKeys (ConfUtils.java:logGet(46)) - raft.server.threadpool.client.cached = true (default)
2024-10-31 03:23:40,902 INFO  server.RaftServerConfigKeys (ConfUtils.java:logGet(46)) - raft.server.threadpool.client.size = 0 (default)
2024-10-31 03:23:40,902 INFO  server.RaftServerConfigKeys (ConfUtils.java:logGet(46)) - raft.server.storage.free-space.min = 0MB (=0) (default)
2024-10-31 03:23:40,902 INFO  server.RaftServerConfigKeys (ConfUtils.java:logGet(46)) - raft.server.log.corruption.policy = EXCEPTION (default)
2024-10-31 03:23:40,903 INFO  server.RaftServerConfigKeys (ConfUtils.java:logGet(46)) - raft.server.storage.dir = [/home/runner/work/ratis/ratis/ratis-examples/target/test/data/f203f927/MiniRaftClusterWithSimulatedRpca2d4e021/s4] (custom)
2024-10-31 03:23:40,903 INFO  storage.RaftStorageDirectory (RaftStorageDirectoryImpl.java:analyzeStorage(138)) - The storage directory /home/runner/work/ratis/ratis/ratis-examples/target/test/data/f203f927/MiniRaftClusterWithSimulatedRpca2d4e021/s4/71773208-f9e2-44a9-a436-967c893aa8bd does not exist. Creating ...
2024-10-31 03:23:40,903 TRACE util.FileUtils (LogUtils.java:runAndLog(49)) - Successfully ran Files.createDirectories /home/runner/work/ratis/ratis/ratis-examples/target/test/data/f203f927/MiniRaftClusterWithSimulatedRpca2d4e021/s4/71773208-f9e2-44a9-a436-967c893aa8bd
2024-10-31 03:23:40,904 INFO  storage.RaftStorageDirectory (RaftStorageDirectoryImpl.java:tryLock(229)) - Lock on /home/runner/work/ratis/ratis/ratis-examples/target/test/data/f203f927/MiniRaftClusterWithSimulatedRpca2d4e021/s4/71773208-f9e2-44a9-a436-967c893aa8bd/in_use.lock acquired by nodename 14975@fv-az1757-779
2024-10-31 03:23:40,904 TRACE util.FileUtils (LogUtils.java:runAndLog(49)) - Successfully ran Files.createDirectories /home/runner/work/ratis/ratis/ratis-examples/target/test/data/f203f927/MiniRaftClusterWithSimulatedRpca2d4e021/s4/71773208-f9e2-44a9-a436-967c893aa8bd/current
2024-10-31 03:23:40,904 TRACE util.FileUtils (LogUtils.java:runAndLog(49)) - Successfully ran Files.createDirectories /home/runner/work/ratis/ratis/ratis-examples/target/test/data/f203f927/MiniRaftClusterWithSimulatedRpca2d4e021/s4/71773208-f9e2-44a9-a436-967c893aa8bd/sm
2024-10-31 03:23:40,905 TRACE util.FileUtils (LogUtils.java:supplyAndLog(69)) - Successfully supplied FileChannel.open /home/runner/work/ratis/ratis/ratis-examples/target/test/data/f203f927/MiniRaftClusterWithSimulatedRpca2d4e021/s4/71773208-f9e2-44a9-a436-967c893aa8bd/current/raft-meta.tmp with options [CREATE, WRITE]: sun.nio.ch.FileChannelImpl@64377b05
2024-10-31 03:23:40,908 TRACE util.FileUtils (LogUtils.java:runAndLog(49)) - Successfully ran Atomic Files.move /home/runner/work/ratis/ratis/ratis-examples/target/test/data/f203f927/MiniRaftClusterWithSimulatedRpca2d4e021/s4/71773208-f9e2-44a9-a436-967c893aa8bd/current/raft-meta.tmp to /home/runner/work/ratis/ratis/ratis-examples/target/test/data/f203f927/MiniRaftClusterWithSimulatedRpca2d4e021/s4/71773208-f9e2-44a9-a436-967c893aa8bd/current/raft-meta with options [REPLACE_EXISTING]
2024-10-31 03:23:40,909 INFO  storage.RaftStorage (RaftStorageImpl.java:format(98)) - Storage directory /home/runner/work/ratis/ratis/ratis-examples/target/test/data/f203f927/MiniRaftClusterWithSimulatedRpca2d4e021/s4/71773208-f9e2-44a9-a436-967c893aa8bd has been successfully formatted.
2024-10-31 03:23:40,909 WARN  statemachine.StateMachine (ArithmeticStateMachine.java:loadSnapshot(115)) - The snapshot info is null.
2024-10-31 03:23:40,909 INFO  server.RaftServerConfigKeys (ConfUtils.java:logGet(46)) - raft.server.log.use.memory = false (default)
2024-10-31 03:23:40,909 INFO  server.RaftServerConfigKeys (ConfUtils.java:logGet(46)) - raft.server.log.purge.gap = 1024 (default)
2024-10-31 03:23:40,909 INFO  server.RaftServerConfigKeys (ConfUtils.java:logGet(46)) - raft.server.log.appender.buffer.byte-limit = 4MB (=4194304) (default)
2024-10-31 03:23:40,909 INFO  server.RaftServerConfigKeys (ConfUtils.java:logGet(46)) - raft.server.log.statemachine.data.read.timeout = 1000ms (default)
2024-10-31 03:23:40,909 INFO  server.RaftServerConfigKeys (ConfUtils.java:logGet(46)) - raft.server.log.purge.preservation.log.num = 0 (default)
2024-10-31 03:23:40,910 INFO  server.RaftServerConfigKeys (ConfUtils.java:logGet(46)) - raft.server.log.segment.size.max = 32MB (=33554432) (default)
2024-10-31 03:23:40,910 INFO  server.RaftServerConfigKeys (ConfUtils.java:logGet(46)) - raft.server.log.segment.cache.num.max = 6 (default)
2024-10-31 03:23:40,910 INFO  server.RaftServerConfigKeys (ConfUtils.java:logGet(46)) - raft.server.log.segment.cache.size.max = 200MB (=209715200) (default)
2024-10-31 03:23:40,910 INFO  server.RaftServerConfigKeys (ConfUtils.java:logGet(46)) - raft.server.log.appender.buffer.byte-limit = 4MB (=4194304) (default)
2024-10-31 03:23:40,910 INFO  util.AwaitToRun (AwaitToRun.java:start(81)) - Thread[s4@group-967C893AA8BD-cacheEviction-AwaitToRun,5,main] started
2024-10-31 03:23:40,910 INFO  segmented.SegmentedRaftLogWorker (SegmentedRaftLogWorker.java:<init>(189)) - new s4@group-967C893AA8BD-SegmentedRaftLogWorker for RaftStorageImpl:Storage Directory /home/runner/work/ratis/ratis/ratis-examples/target/test/data/f203f927/MiniRaftClusterWithSimulatedRpca2d4e021/s4/71773208-f9e2-44a9-a436-967c893aa8bd
2024-10-31 03:23:40,911 INFO  server.RaftServerConfigKeys (ConfUtils.java:logGet(46)) - raft.server.log.queue.byte-limit = 64MB (=67108864) (default)
2024-10-31 03:23:40,911 INFO  server.RaftServerConfigKeys (ConfUtils.java:logGet(46)) - raft.server.log.queue.element-limit = 4096 (default)
2024-10-31 03:23:40,911 INFO  server.RaftServerConfigKeys (ConfUtils.java:logGet(46)) - raft.server.log.segment.size.max = 32MB (=33554432) (default)
2024-10-31 03:23:40,911 INFO  server.RaftServerConfigKeys (ConfUtils.java:logGet(46)) - raft.server.log.preallocated.size = 4MB (=4194304) (default)
2024-10-31 03:23:40,911 INFO  server.RaftServerConfigKeys (ConfUtils.java:logGet(46)) - raft.server.log.force.sync.num = 128 (default)
2024-10-31 03:23:40,911 INFO  server.RaftServerConfigKeys (ConfUtils.java:logGet(46)) - raft.server.log.statemachine.data.sync = true (default)
2024-10-31 03:23:40,911 INFO  server.RaftServerConfigKeys (ConfUtils.java:logGet(46)) - raft.server.log.statemachine.data.sync.timeout = 10s (default)
2024-10-31 03:23:40,911 INFO  server.RaftServerConfigKeys (ConfUtils.java:logGet(46)) - raft.server.log.statemachine.data.sync.timeout.retry = -1 (default)
2024-10-31 03:23:40,912 INFO  server.RaftServerConfigKeys (ConfUtils.java:logGet(46)) - raft.server.log.write.buffer.size = 8MB (=8388608) (default)
2024-10-31 03:23:40,914 INFO  server.RaftServerConfigKeys (ConfUtils.java:logGet(46)) - raft.server.log.appender.buffer.byte-limit = 4MB (=4194304) (default)
2024-10-31 03:23:40,914 INFO  server.RaftServerConfigKeys (ConfUtils.java:logGet(46)) - raft.server.log.unsafe-flush.enabled = false (default)
2024-10-31 03:23:40,914 INFO  server.RaftServerConfigKeys (ConfUtils.java:logGet(46)) - raft.server.log.async-flush.enabled = false (default)
2024-10-31 03:23:40,914 INFO  server.RaftServerConfigKeys (ConfUtils.java:logGet(46)) - raft.server.log.statemachine.data.caching.enabled = false (default)
2024-10-31 03:23:40,914 INFO  segmented.SegmentedRaftLogWorker (SegmentedRaftLogWorker.java:lambda$new$0(140)) - s4@group-967C893AA8BD-SegmentedRaftLogWorker: flushIndex: setUnconditionally 0 -> -1
2024-10-31 03:23:40,914 INFO  segmented.SegmentedRaftLogWorker (SegmentedRaftLogWorker.java:lambda$new$0(140)) - s4@group-967C893AA8BD-SegmentedRaftLogWorker: safeCacheEvictIndex: setUnconditionally 0 -> -1
2024-10-31 03:23:40,915 INFO  server.RaftServer$Division (RaftServerImpl.java:start(392)) - s4@group-967C893AA8BD: start as a follower, conf=conf: {index: -1, cur=peers:[s4, s5, s6]|listeners:[], old=null}
2024-10-31 03:23:40,915 INFO  server.RaftServer$Division (RaftServerImpl.java:setRole(379)) - s4@group-967C893AA8BD: changes role from      null to FOLLOWER at term 0 for startAsFollower
2024-10-31 03:23:40,915 INFO  impl.RoleInfo (RoleInfo.java:updateAndGet(148)) - s4: start s4@group-967C893AA8BD-FollowerState
2024-10-31 03:23:40,915 INFO  util.JmxRegister (JmxRegister.java:tryRegister(44)) - Successfully registered JMX Bean with object name Ratis:service=RaftServer,group=group-967C893AA8BD,id=s4
2024-10-31 03:23:40,915 INFO  util.JmxRegister (JmxRegister.java:register(58)) - register mxBean class org.apache.ratis.server.impl.RaftServerJmxAdapter as Ratis:service=RaftServer,group=group-967C893AA8BD,id=s4
2024-10-31 03:23:40,915 INFO  server.RaftServerConfigKeys (ConfUtils.java:logFallback(53)) - raft.server.rpc.first-election.timeout.min = 300ms (fallback to raft.server.rpc.timeout.min)
2024-10-31 03:23:40,915 INFO  server.RaftServerConfigKeys (ConfUtils.java:logFallback(53)) - raft.server.rpc.first-election.timeout.max = 600ms (fallback to raft.server.rpc.timeout.max)
2024-10-31 03:23:40,915 INFO  server.RaftServerConfigKeys (ConfUtils.java:logGet(46)) - raft.server.snapshot.trigger-when-stop.enabled = true (default)
2024-10-31 03:23:40,916 INFO  server.RaftServerConfigKeys (ConfUtils.java:logGet(46)) - raft.server.snapshot.trigger-when-remove.enabled = true (default)
2024-10-31 03:23:40,916 INFO  server.RaftServerConfigKeys (ConfUtils.java:logGet(46)) - raft.server.snapshot.auto.trigger.enabled = false (default)
2024-10-31 03:23:40,916 INFO  server.RaftServerConfigKeys (ConfUtils.java:logGet(46)) - raft.server.snapshot.retention.file.num = -1 (default)
2024-10-31 03:23:40,916 INFO  server.RaftServerConfigKeys (ConfUtils.java:logGet(46)) - raft.server.log.purge.upto.snapshot.index = false (default)
2024-10-31 03:23:40,916 INFO  server.RaftServer$Division (RaftServerImpl.java:start(406)) - s4@group-967C893AA8BD: Successfully started.
2024-10-31 03:23:40,917 INFO  server.RaftServer (RaftServerProxy.java:addNew(101)) - s5: addNew group-967C893AA8BD:[s4, s5, s6] returns group-967C893AA8BD:java.util.concurrent.CompletableFuture@331fe341[Not completed]
2024-10-31 03:23:40,917 INFO  server.RaftServer$Division (RaftServerImpl.java:<init>(256)) - s5: new RaftServerImpl for group-967C893AA8BD:[s4, s5, s6] with ArithmeticStateMachine:uninitialized
2024-10-31 03:23:40,917 INFO  server.RaftServerConfigKeys (ConfUtils.java:logGet(46)) - raft.server.rpc.timeout.min = 300ms (custom)
2024-10-31 03:23:40,917 INFO  server.RaftServerConfigKeys (ConfUtils.java:logGet(46)) - raft.server.rpc.timeout.max = 600ms (custom)
2024-10-31 03:23:40,918 INFO  server.RaftServerConfigKeys (ConfUtils.java:logGet(46)) - raft.server.rpc.sleep.time = 25ms (default)
2024-10-31 03:23:40,918 INFO  server.RaftServerConfigKeys (ConfUtils.java:logGet(46)) - raft.server.rpc.slowness.timeout = 60s (default)
2024-10-31 03:23:40,918 INFO  server.RaftServerConfigKeys (ConfUtils.java:logGet(46)) - raft.server.leaderelection.leader.step-down.wait-time = 10s (default)
2024-10-31 03:23:40,918 INFO  server.RaftServerConfigKeys (ConfUtils.java:logGet(46)) - raft.server.leaderelection.member.majority-add = false (default)
2024-10-31 03:23:40,918 INFO  server.RaftServerConfigKeys (ConfUtils.java:logGet(46)) - raft.server.sleep.deviation.threshold = 300ms (default)
2024-10-31 03:23:40,918 INFO  server.RaftServer$Division (ServerState.java:<init>(114)) - s5@group-967C893AA8BD: ConfigurationManager, init=conf: {index: -1, cur=peers:[s4, s5, s6]|listeners:[], old=null}, confs=<EMPTY_MAP>
2024-10-31 03:23:40,918 INFO  server.RaftServerConfigKeys (ConfUtils.java:logGet(46)) - raft.server.notification.no-leader.timeout = 60s (default)
2024-10-31 03:23:40,918 INFO  server.RaftServerConfigKeys (ConfUtils.java:logGet(46)) - raft.server.read.timeout = 10s (default)
2024-10-31 03:23:40,918 INFO  server.RaftServerConfigKeys (ConfUtils.java:logGet(46)) - raft.server.retrycache.expirytime = 60s (default)
2024-10-31 03:23:40,918 INFO  server.RaftServerConfigKeys (ConfUtils.java:logGet(46)) - raft.server.retrycache.statistics.expirytime = 100ms (default)
2024-10-31 03:23:40,918 INFO  server.RaftServerConfigKeys (ConfUtils.java:logGet(46)) - raft.server.read.option = DEFAULT (default)
2024-10-31 03:23:40,918 INFO  server.RaftServerConfigKeys (ConfUtils.java:logGet(46)) - raft.server.read.read-after-write-consistent.write-index-cache.expiry-time = 60s (default)
2024-10-31 03:23:40,919 INFO  server.RaftServerConfigKeys (ConfUtils.java:logGet(46)) - raft.server.rpc.request.timeout = 3000ms (default)
2024-10-31 03:23:40,919 INFO  server.RaftServerConfigKeys (ConfUtils.java:logGet(46)) - raft.server.log.appender.install.snapshot.enabled = true (default)
2024-10-31 03:23:40,919 INFO  server.RaftServerConfigKeys (ConfUtils.java:logGet(46)) - raft.server.threadpool.server.cached = true (default)
2024-10-31 03:23:40,920 INFO  server.RaftServerConfigKeys (ConfUtils.java:logGet(46)) - raft.server.threadpool.server.size = 0 (default)
2024-10-31 03:23:40,920 INFO  server.RaftServerConfigKeys (ConfUtils.java:logGet(46)) - raft.server.threadpool.client.cached = true (default)
2024-10-31 03:23:40,920 INFO  server.RaftServerConfigKeys (ConfUtils.java:logGet(46)) - raft.server.threadpool.client.size = 0 (default)
2024-10-31 03:23:40,920 INFO  server.RaftServerConfigKeys (ConfUtils.java:logGet(46)) - raft.server.storage.free-space.min = 0MB (=0) (default)
2024-10-31 03:23:40,920 INFO  server.RaftServerConfigKeys (ConfUtils.java:logGet(46)) - raft.server.log.corruption.policy = EXCEPTION (default)
2024-10-31 03:23:40,920 INFO  server.RaftServerConfigKeys (ConfUtils.java:logGet(46)) - raft.server.storage.dir = [/home/runner/work/ratis/ratis/ratis-examples/target/test/data/f203f927/MiniRaftClusterWithSimulatedRpca2d4e021/s5] (custom)
2024-10-31 03:23:40,920 INFO  storage.RaftStorageDirectory (RaftStorageDirectoryImpl.java:analyzeStorage(138)) - The storage directory /home/runner/work/ratis/ratis/ratis-examples/target/test/data/f203f927/MiniRaftClusterWithSimulatedRpca2d4e021/s5/71773208-f9e2-44a9-a436-967c893aa8bd does not exist. Creating ...
2024-10-31 03:23:40,920 TRACE util.FileUtils (LogUtils.java:runAndLog(49)) - Successfully ran Files.createDirectories /home/runner/work/ratis/ratis/ratis-examples/target/test/data/f203f927/MiniRaftClusterWithSimulatedRpca2d4e021/s5/71773208-f9e2-44a9-a436-967c893aa8bd
2024-10-31 03:23:40,921 INFO  storage.RaftStorageDirectory (RaftStorageDirectoryImpl.java:tryLock(229)) - Lock on /home/runner/work/ratis/ratis/ratis-examples/target/test/data/f203f927/MiniRaftClusterWithSimulatedRpca2d4e021/s5/71773208-f9e2-44a9-a436-967c893aa8bd/in_use.lock acquired by nodename 14975@fv-az1757-779
2024-10-31 03:23:40,922 TRACE util.FileUtils (LogUtils.java:runAndLog(49)) - Successfully ran Files.createDirectories /home/runner/work/ratis/ratis/ratis-examples/target/test/data/f203f927/MiniRaftClusterWithSimulatedRpca2d4e021/s5/71773208-f9e2-44a9-a436-967c893aa8bd/current
2024-10-31 03:23:40,922 TRACE util.FileUtils (LogUtils.java:runAndLog(49)) - Successfully ran Files.createDirectories /home/runner/work/ratis/ratis/ratis-examples/target/test/data/f203f927/MiniRaftClusterWithSimulatedRpca2d4e021/s5/71773208-f9e2-44a9-a436-967c893aa8bd/sm
2024-10-31 03:23:40,922 TRACE util.FileUtils (LogUtils.java:supplyAndLog(69)) - Successfully supplied FileChannel.open /home/runner/work/ratis/ratis/ratis-examples/target/test/data/f203f927/MiniRaftClusterWithSimulatedRpca2d4e021/s5/71773208-f9e2-44a9-a436-967c893aa8bd/current/raft-meta.tmp with options [CREATE, WRITE]: sun.nio.ch.FileChannelImpl@423582c8
2024-10-31 03:23:40,923 TRACE util.FileUtils (LogUtils.java:runAndLog(49)) - Successfully ran Atomic Files.move /home/runner/work/ratis/ratis/ratis-examples/target/test/data/f203f927/MiniRaftClusterWithSimulatedRpca2d4e021/s5/71773208-f9e2-44a9-a436-967c893aa8bd/current/raft-meta.tmp to /home/runner/work/ratis/ratis/ratis-examples/target/test/data/f203f927/MiniRaftClusterWithSimulatedRpca2d4e021/s5/71773208-f9e2-44a9-a436-967c893aa8bd/current/raft-meta with options [REPLACE_EXISTING]
2024-10-31 03:23:40,923 INFO  storage.RaftStorage (RaftStorageImpl.java:format(98)) - Storage directory /home/runner/work/ratis/ratis/ratis-examples/target/test/data/f203f927/MiniRaftClusterWithSimulatedRpca2d4e021/s5/71773208-f9e2-44a9-a436-967c893aa8bd has been successfully formatted.
2024-10-31 03:23:40,923 WARN  statemachine.StateMachine (ArithmeticStateMachine.java:loadSnapshot(115)) - The snapshot info is null.
2024-10-31 03:23:40,923 INFO  server.RaftServerConfigKeys (ConfUtils.java:logGet(46)) - raft.server.log.use.memory = false (default)
2024-10-31 03:23:40,923 INFO  server.RaftServerConfigKeys (ConfUtils.java:logGet(46)) - raft.server.log.purge.gap = 1024 (default)
2024-10-31 03:23:40,923 INFO  server.RaftServerConfigKeys (ConfUtils.java:logGet(46)) - raft.server.log.appender.buffer.byte-limit = 4MB (=4194304) (default)
2024-10-31 03:23:40,924 INFO  server.RaftServerConfigKeys (ConfUtils.java:logGet(46)) - raft.server.log.statemachine.data.read.timeout = 1000ms (default)
2024-10-31 03:23:40,924 INFO  server.RaftServerConfigKeys (ConfUtils.java:logGet(46)) - raft.server.log.purge.preservation.log.num = 0 (default)
2024-10-31 03:23:40,924 INFO  server.RaftServerConfigKeys (ConfUtils.java:logGet(46)) - raft.server.log.segment.size.max = 32MB (=33554432) (default)
2024-10-31 03:23:40,924 INFO  server.RaftServerConfigKeys (ConfUtils.java:logGet(46)) - raft.server.log.segment.cache.num.max = 6 (default)
2024-10-31 03:23:40,924 INFO  server.RaftServerConfigKeys (ConfUtils.java:logGet(46)) - raft.server.log.segment.cache.size.max = 200MB (=209715200) (default)
2024-10-31 03:23:40,924 INFO  server.RaftServerConfigKeys (ConfUtils.java:logGet(46)) - raft.server.log.appender.buffer.byte-limit = 4MB (=4194304) (default)
2024-10-31 03:23:40,924 INFO  util.AwaitToRun (AwaitToRun.java:start(81)) - Thread[s5@group-967C893AA8BD-cacheEviction-AwaitToRun,5,main] started
2024-10-31 03:23:40,924 INFO  segmented.SegmentedRaftLogWorker (SegmentedRaftLogWorker.java:<init>(189)) - new s5@group-967C893AA8BD-SegmentedRaftLogWorker for RaftStorageImpl:Storage Directory /home/runner/work/ratis/ratis/ratis-examples/target/test/data/f203f927/MiniRaftClusterWithSimulatedRpca2d4e021/s5/71773208-f9e2-44a9-a436-967c893aa8bd
2024-10-31 03:23:40,924 INFO  server.RaftServerConfigKeys (ConfUtils.java:logGet(46)) - raft.server.log.queue.byte-limit = 64MB (=67108864) (default)
2024-10-31 03:23:40,924 INFO  server.RaftServerConfigKeys (ConfUtils.java:logGet(46)) - raft.server.log.queue.element-limit = 4096 (default)
2024-10-31 03:23:40,924 INFO  server.RaftServerConfigKeys (ConfUtils.java:logGet(46)) - raft.server.log.segment.size.max = 32MB (=33554432) (default)
2024-10-31 03:23:40,924 INFO  server.RaftServerConfigKeys (ConfUtils.java:logGet(46)) - raft.server.log.preallocated.size = 4MB (=4194304) (default)
2024-10-31 03:23:40,924 INFO  server.RaftServerConfigKeys (ConfUtils.java:logGet(46)) - raft.server.log.force.sync.num = 128 (default)
2024-10-31 03:23:40,924 INFO  server.RaftServerConfigKeys (ConfUtils.java:logGet(46)) - raft.server.log.statemachine.data.sync = true (default)
2024-10-31 03:23:40,925 INFO  server.RaftServerConfigKeys (ConfUtils.java:logGet(46)) - raft.server.log.statemachine.data.sync.timeout = 10s (default)
2024-10-31 03:23:40,925 INFO  server.RaftServerConfigKeys (ConfUtils.java:logGet(46)) - raft.server.log.statemachine.data.sync.timeout.retry = -1 (default)
2024-10-31 03:23:40,925 INFO  server.RaftServerConfigKeys (ConfUtils.java:logGet(46)) - raft.server.log.write.buffer.size = 8MB (=8388608) (default)
2024-10-31 03:23:40,926 INFO  server.RaftServerConfigKeys (ConfUtils.java:logGet(46)) - raft.server.log.appender.buffer.byte-limit = 4MB (=4194304) (default)
2024-10-31 03:23:40,926 INFO  server.RaftServerConfigKeys (ConfUtils.java:logGet(46)) - raft.server.log.unsafe-flush.enabled = false (default)
2024-10-31 03:23:40,926 INFO  server.RaftServerConfigKeys (ConfUtils.java:logGet(46)) - raft.server.log.async-flush.enabled = false (default)
2024-10-31 03:23:40,926 INFO  server.RaftServerConfigKeys (ConfUtils.java:logGet(46)) - raft.server.log.statemachine.data.caching.enabled = false (default)
2024-10-31 03:23:40,926 INFO  segmented.SegmentedRaftLogWorker (SegmentedRaftLogWorker.java:lambda$new$0(140)) - s5@group-967C893AA8BD-SegmentedRaftLogWorker: flushIndex: setUnconditionally 0 -> -1
2024-10-31 03:23:40,927 INFO  segmented.SegmentedRaftLogWorker (SegmentedRaftLogWorker.java:lambda$new$0(140)) - s5@group-967C893AA8BD-SegmentedRaftLogWorker: safeCacheEvictIndex: setUnconditionally 0 -> -1
2024-10-31 03:23:40,927 INFO  server.RaftServer$Division (RaftServerImpl.java:start(392)) - s5@group-967C893AA8BD: start as a follower, conf=conf: {index: -1, cur=peers:[s4, s5, s6]|listeners:[], old=null}
2024-10-31 03:23:40,927 INFO  server.RaftServer$Division (RaftServerImpl.java:setRole(379)) - s5@group-967C893AA8BD: changes role from      null to FOLLOWER at term 0 for startAsFollower
2024-10-31 03:23:40,927 INFO  impl.RoleInfo (RoleInfo.java:updateAndGet(148)) - s5: start s5@group-967C893AA8BD-FollowerState
2024-10-31 03:23:40,927 INFO  util.JmxRegister (JmxRegister.java:tryRegister(44)) - Successfully registered JMX Bean with object name Ratis:service=RaftServer,group=group-967C893AA8BD,id=s5
2024-10-31 03:23:40,927 INFO  util.JmxRegister (JmxRegister.java:register(58)) - register mxBean class org.apache.ratis.server.impl.RaftServerJmxAdapter as Ratis:service=RaftServer,group=group-967C893AA8BD,id=s5
2024-10-31 03:23:40,927 INFO  server.RaftServerConfigKeys (ConfUtils.java:logFallback(53)) - raft.server.rpc.first-election.timeout.min = 300ms (fallback to raft.server.rpc.timeout.min)
2024-10-31 03:23:40,927 INFO  server.RaftServerConfigKeys (ConfUtils.java:logGet(46)) - raft.server.snapshot.trigger-when-stop.enabled = true (default)
2024-10-31 03:23:40,927 INFO  server.RaftServerConfigKeys (ConfUtils.java:logFallback(53)) - raft.server.rpc.first-election.timeout.max = 600ms (fallback to raft.server.rpc.timeout.max)
2024-10-31 03:23:40,927 INFO  server.RaftServerConfigKeys (ConfUtils.java:logGet(46)) - raft.server.snapshot.trigger-when-remove.enabled = true (default)
2024-10-31 03:23:40,927 INFO  server.RaftServerConfigKeys (ConfUtils.java:logGet(46)) - raft.server.snapshot.auto.trigger.enabled = false (default)
2024-10-31 03:23:40,927 INFO  server.RaftServerConfigKeys (ConfUtils.java:logGet(46)) - raft.server.snapshot.retention.file.num = -1 (default)
2024-10-31 03:23:40,927 INFO  server.RaftServerConfigKeys (ConfUtils.java:logGet(46)) - raft.server.log.purge.upto.snapshot.index = false (default)
2024-10-31 03:23:40,928 INFO  server.RaftServer$Division (RaftServerImpl.java:start(406)) - s5@group-967C893AA8BD: Successfully started.
2024-10-31 03:23:40,928 INFO  server.RaftServer (RaftServerProxy.java:addNew(101)) - s6: addNew group-967C893AA8BD:[s4, s5, s6] returns group-967C893AA8BD:java.util.concurrent.CompletableFuture@2ff22909[Not completed]
2024-10-31 03:23:40,928 INFO  server.RaftServer$Division (RaftServerImpl.java:<init>(256)) - s6: new RaftServerImpl for group-967C893AA8BD:[s4, s5, s6] with ArithmeticStateMachine:uninitialized
2024-10-31 03:23:40,929 INFO  server.RaftServerConfigKeys (ConfUtils.java:logGet(46)) - raft.server.rpc.timeout.min = 300ms (custom)
2024-10-31 03:23:40,929 INFO  server.RaftServerConfigKeys (ConfUtils.java:logGet(46)) - raft.server.rpc.timeout.max = 600ms (custom)
2024-10-31 03:23:40,929 INFO  server.RaftServerConfigKeys (ConfUtils.java:logGet(46)) - raft.server.rpc.sleep.time = 25ms (default)
2024-10-31 03:23:40,929 INFO  server.RaftServerConfigKeys (ConfUtils.java:logGet(46)) - raft.server.rpc.slowness.timeout = 60s (default)
2024-10-31 03:23:40,929 INFO  server.RaftServerConfigKeys (ConfUtils.java:logGet(46)) - raft.server.leaderelection.leader.step-down.wait-time = 10s (default)
2024-10-31 03:23:40,929 INFO  server.RaftServerConfigKeys (ConfUtils.java:logGet(46)) - raft.server.leaderelection.member.majority-add = false (default)
2024-10-31 03:23:40,929 INFO  server.RaftServerConfigKeys (ConfUtils.java:logGet(46)) - raft.server.sleep.deviation.threshold = 300ms (default)
2024-10-31 03:23:40,929 INFO  server.RaftServer$Division (ServerState.java:<init>(114)) - s6@group-967C893AA8BD: ConfigurationManager, init=conf: {index: -1, cur=peers:[s4, s5, s6]|listeners:[], old=null}, confs=<EMPTY_MAP>
2024-10-31 03:23:40,929 INFO  server.RaftServerConfigKeys (ConfUtils.java:logGet(46)) - raft.server.notification.no-leader.timeout = 60s (default)
2024-10-31 03:23:40,929 INFO  server.RaftServerConfigKeys (ConfUtils.java:logGet(46)) - raft.server.read.timeout = 10s (default)
2024-10-31 03:23:40,929 INFO  server.RaftServerConfigKeys (ConfUtils.java:logGet(46)) - raft.server.retrycache.expirytime = 60s (default)
2024-10-31 03:23:40,929 INFO  server.RaftServerConfigKeys (ConfUtils.java:logGet(46)) - raft.server.retrycache.statistics.expirytime = 100ms (default)
2024-10-31 03:23:40,929 INFO  server.RaftServerConfigKeys (ConfUtils.java:logGet(46)) - raft.server.read.option = DEFAULT (default)
2024-10-31 03:23:40,929 INFO  server.RaftServerConfigKeys (ConfUtils.java:logGet(46)) - raft.server.read.read-after-write-consistent.write-index-cache.expiry-time = 60s (default)
2024-10-31 03:23:40,930 INFO  server.RaftServerConfigKeys (ConfUtils.java:logGet(46)) - raft.server.rpc.request.timeout = 3000ms (default)
2024-10-31 03:23:40,931 INFO  server.RaftServerConfigKeys (ConfUtils.java:logGet(46)) - raft.server.log.appender.install.snapshot.enabled = true (default)
2024-10-31 03:23:40,931 INFO  server.RaftServerConfigKeys (ConfUtils.java:logGet(46)) - raft.server.threadpool.server.cached = true (default)
2024-10-31 03:23:40,931 INFO  server.RaftServerConfigKeys (ConfUtils.java:logGet(46)) - raft.server.threadpool.server.size = 0 (default)
2024-10-31 03:23:40,931 INFO  server.RaftServerConfigKeys (ConfUtils.java:logGet(46)) - raft.server.threadpool.client.cached = true (default)
2024-10-31 03:23:40,931 INFO  server.RaftServerConfigKeys (ConfUtils.java:logGet(46)) - raft.server.threadpool.client.size = 0 (default)
2024-10-31 03:23:40,931 INFO  server.RaftServerConfigKeys (ConfUtils.java:logGet(46)) - raft.server.storage.free-space.min = 0MB (=0) (default)
2024-10-31 03:23:40,931 INFO  server.RaftServerConfigKeys (ConfUtils.java:logGet(46)) - raft.server.log.corruption.policy = EXCEPTION (default)
2024-10-31 03:23:40,931 INFO  server.RaftServerConfigKeys (ConfUtils.java:logGet(46)) - raft.server.storage.dir = [/home/runner/work/ratis/ratis/ratis-examples/target/test/data/f203f927/MiniRaftClusterWithSimulatedRpca2d4e021/s6] (custom)
2024-10-31 03:23:40,931 INFO  storage.RaftStorageDirectory (RaftStorageDirectoryImpl.java:analyzeStorage(138)) - The storage directory /home/runner/work/ratis/ratis/ratis-examples/target/test/data/f203f927/MiniRaftClusterWithSimulatedRpca2d4e021/s6/71773208-f9e2-44a9-a436-967c893aa8bd does not exist. Creating ...
2024-10-31 03:23:40,932 TRACE util.FileUtils (LogUtils.java:runAndLog(49)) - Successfully ran Files.createDirectories /home/runner/work/ratis/ratis/ratis-examples/target/test/data/f203f927/MiniRaftClusterWithSimulatedRpca2d4e021/s6/71773208-f9e2-44a9-a436-967c893aa8bd
2024-10-31 03:23:40,932 INFO  storage.RaftStorageDirectory (RaftStorageDirectoryImpl.java:tryLock(229)) - Lock on /home/runner/work/ratis/ratis/ratis-examples/target/test/data/f203f927/MiniRaftClusterWithSimulatedRpca2d4e021/s6/71773208-f9e2-44a9-a436-967c893aa8bd/in_use.lock acquired by nodename 14975@fv-az1757-779
2024-10-31 03:23:40,933 TRACE util.FileUtils (LogUtils.java:runAndLog(49)) - Successfully ran Files.createDirectories /home/runner/work/ratis/ratis/ratis-examples/target/test/data/f203f927/MiniRaftClusterWithSimulatedRpca2d4e021/s6/71773208-f9e2-44a9-a436-967c893aa8bd/current
2024-10-31 03:23:40,933 TRACE util.FileUtils (LogUtils.java:runAndLog(49)) - Successfully ran Files.createDirectories /home/runner/work/ratis/ratis/ratis-examples/target/test/data/f203f927/MiniRaftClusterWithSimulatedRpca2d4e021/s6/71773208-f9e2-44a9-a436-967c893aa8bd/sm
2024-10-31 03:23:40,933 TRACE util.FileUtils (LogUtils.java:supplyAndLog(69)) - Successfully supplied FileChannel.open /home/runner/work/ratis/ratis/ratis-examples/target/test/data/f203f927/MiniRaftClusterWithSimulatedRpca2d4e021/s6/71773208-f9e2-44a9-a436-967c893aa8bd/current/raft-meta.tmp with options [CREATE, WRITE]: sun.nio.ch.FileChannelImpl@224ceb5c
2024-10-31 03:23:40,935 TRACE util.FileUtils (LogUtils.java:runAndLog(49)) - Successfully ran Atomic Files.move /home/runner/work/ratis/ratis/ratis-examples/target/test/data/f203f927/MiniRaftClusterWithSimulatedRpca2d4e021/s6/71773208-f9e2-44a9-a436-967c893aa8bd/current/raft-meta.tmp to /home/runner/work/ratis/ratis/ratis-examples/target/test/data/f203f927/MiniRaftClusterWithSimulatedRpca2d4e021/s6/71773208-f9e2-44a9-a436-967c893aa8bd/current/raft-meta with options [REPLACE_EXISTING]
2024-10-31 03:23:40,935 INFO  storage.RaftStorage (RaftStorageImpl.java:format(98)) - Storage directory /home/runner/work/ratis/ratis/ratis-examples/target/test/data/f203f927/MiniRaftClusterWithSimulatedRpca2d4e021/s6/71773208-f9e2-44a9-a436-967c893aa8bd has been successfully formatted.
2024-10-31 03:23:40,935 WARN  statemachine.StateMachine (ArithmeticStateMachine.java:loadSnapshot(115)) - The snapshot info is null.
2024-10-31 03:23:40,935 INFO  server.RaftServerConfigKeys (ConfUtils.java:logGet(46)) - raft.server.log.use.memory = false (default)
2024-10-31 03:23:40,935 INFO  server.RaftServerConfigKeys (ConfUtils.java:logGet(46)) - raft.server.log.purge.gap = 1024 (default)
2024-10-31 03:23:40,935 INFO  server.RaftServerConfigKeys (ConfUtils.java:logGet(46)) - raft.server.log.appender.buffer.byte-limit = 4MB (=4194304) (default)
2024-10-31 03:23:40,935 INFO  server.RaftServerConfigKeys (ConfUtils.java:logGet(46)) - raft.server.log.statemachine.data.read.timeout = 1000ms (default)
2024-10-31 03:23:40,936 INFO  server.RaftServerConfigKeys (ConfUtils.java:logGet(46)) - raft.server.log.purge.preservation.log.num = 0 (default)
2024-10-31 03:23:40,936 INFO  server.RaftServerConfigKeys (ConfUtils.java:logGet(46)) - raft.server.log.segment.size.max = 32MB (=33554432) (default)
2024-10-31 03:23:40,936 INFO  server.RaftServerConfigKeys (ConfUtils.java:logGet(46)) - raft.server.log.segment.cache.num.max = 6 (default)
2024-10-31 03:23:40,936 INFO  server.RaftServerConfigKeys (ConfUtils.java:logGet(46)) - raft.server.log.segment.cache.size.max = 200MB (=209715200) (default)
2024-10-31 03:23:40,936 INFO  server.RaftServerConfigKeys (ConfUtils.java:logGet(46)) - raft.server.log.appender.buffer.byte-limit = 4MB (=4194304) (default)
2024-10-31 03:23:40,937 INFO  util.AwaitToRun (AwaitToRun.java:start(81)) - Thread[s6@group-967C893AA8BD-cacheEviction-AwaitToRun,5,main] started
2024-10-31 03:23:40,937 INFO  segmented.SegmentedRaftLogWorker (SegmentedRaftLogWorker.java:<init>(189)) - new s6@group-967C893AA8BD-SegmentedRaftLogWorker for RaftStorageImpl:Storage Directory /home/runner/work/ratis/ratis/ratis-examples/target/test/data/f203f927/MiniRaftClusterWithSimulatedRpca2d4e021/s6/71773208-f9e2-44a9-a436-967c893aa8bd
2024-10-31 03:23:40,937 INFO  server.RaftServerConfigKeys (ConfUtils.java:logGet(46)) - raft.server.log.queue.byte-limit = 64MB (=67108864) (default)
2024-10-31 03:23:40,937 INFO  server.RaftServerConfigKeys (ConfUtils.java:logGet(46)) - raft.server.log.queue.element-limit = 4096 (default)
2024-10-31 03:23:40,937 INFO  server.RaftServerConfigKeys (ConfUtils.java:logGet(46)) - raft.server.log.segment.size.max = 32MB (=33554432) (default)
2024-10-31 03:23:40,937 INFO  server.RaftServerConfigKeys (ConfUtils.java:logGet(46)) - raft.server.log.preallocated.size = 4MB (=4194304) (default)
2024-10-31 03:23:40,937 INFO  server.RaftServerConfigKeys (ConfUtils.java:logGet(46)) - raft.server.log.force.sync.num = 128 (default)
2024-10-31 03:23:40,937 INFO  server.RaftServerConfigKeys (ConfUtils.java:logGet(46)) - raft.server.log.statemachine.data.sync = true (default)
2024-10-31 03:23:40,937 INFO  server.RaftServerConfigKeys (ConfUtils.java:logGet(46)) - raft.server.log.statemachine.data.sync.timeout = 10s (default)
2024-10-31 03:23:40,937 INFO  server.RaftServerConfigKeys (ConfUtils.java:logGet(46)) - raft.server.log.statemachine.data.sync.timeout.retry = -1 (default)
2024-10-31 03:23:40,937 INFO  server.RaftServerConfigKeys (ConfUtils.java:logGet(46)) - raft.server.log.write.buffer.size = 8MB (=8388608) (default)
2024-10-31 03:23:40,939 INFO  server.RaftServerConfigKeys (ConfUtils.java:logGet(46)) - raft.server.log.appender.buffer.byte-limit = 4MB (=4194304) (default)
2024-10-31 03:23:40,939 INFO  server.RaftServerConfigKeys (ConfUtils.java:logGet(46)) - raft.server.log.unsafe-flush.enabled = false (default)
2024-10-31 03:23:40,939 INFO  server.RaftServerConfigKeys (ConfUtils.java:logGet(46)) - raft.server.log.async-flush.enabled = false (default)
2024-10-31 03:23:40,939 INFO  server.RaftServerConfigKeys (ConfUtils.java:logGet(46)) - raft.server.log.statemachine.data.caching.enabled = false (default)
2024-10-31 03:23:40,939 INFO  segmented.SegmentedRaftLogWorker (SegmentedRaftLogWorker.java:lambda$new$0(140)) - s6@group-967C893AA8BD-SegmentedRaftLogWorker: flushIndex: setUnconditionally 0 -> -1
2024-10-31 03:23:40,939 INFO  segmented.SegmentedRaftLogWorker (SegmentedRaftLogWorker.java:lambda$new$0(140)) - s6@group-967C893AA8BD-SegmentedRaftLogWorker: safeCacheEvictIndex: setUnconditionally 0 -> -1
2024-10-31 03:23:40,940 INFO  server.RaftServer$Division (RaftServerImpl.java:start(392)) - s6@group-967C893AA8BD: start as a follower, conf=conf: {index: -1, cur=peers:[s4, s5, s6]|listeners:[], old=null}
2024-10-31 03:23:40,940 INFO  server.RaftServer$Division (RaftServerImpl.java:setRole(379)) - s6@group-967C893AA8BD: changes role from      null to FOLLOWER at term 0 for startAsFollower
2024-10-31 03:23:40,940 INFO  impl.RoleInfo (RoleInfo.java:updateAndGet(148)) - s6: start s6@group-967C893AA8BD-FollowerState
2024-10-31 03:23:40,940 INFO  util.JmxRegister (JmxRegister.java:tryRegister(44)) - Successfully registered JMX Bean with object name Ratis:service=RaftServer,group=group-967C893AA8BD,id=s6
2024-10-31 03:23:40,940 INFO  util.JmxRegister (JmxRegister.java:register(58)) - register mxBean class org.apache.ratis.server.impl.RaftServerJmxAdapter as Ratis:service=RaftServer,group=group-967C893AA8BD,id=s6
2024-10-31 03:23:40,940 INFO  server.RaftServerConfigKeys (ConfUtils.java:logFallback(53)) - raft.server.rpc.first-election.timeout.min = 300ms (fallback to raft.server.rpc.timeout.min)
2024-10-31 03:23:40,940 INFO  server.RaftServerConfigKeys (ConfUtils.java:logGet(46)) - raft.server.snapshot.trigger-when-stop.enabled = true (default)
2024-10-31 03:23:40,940 INFO  server.RaftServerConfigKeys (ConfUtils.java:logGet(46)) - raft.server.snapshot.trigger-when-remove.enabled = true (default)
2024-10-31 03:23:40,940 INFO  server.RaftServerConfigKeys (ConfUtils.java:logFallback(53)) - raft.server.rpc.first-election.timeout.max = 600ms (fallback to raft.server.rpc.timeout.max)
2024-10-31 03:23:40,940 INFO  server.RaftServerConfigKeys (ConfUtils.java:logGet(46)) - raft.server.snapshot.auto.trigger.enabled = false (default)
2024-10-31 03:23:40,941 INFO  server.RaftServerConfigKeys (ConfUtils.java:logGet(46)) - raft.server.snapshot.retention.file.num = -1 (default)
2024-10-31 03:23:40,941 INFO  server.RaftServerConfigKeys (ConfUtils.java:logGet(46)) - raft.server.log.purge.upto.snapshot.index = false (default)
2024-10-31 03:23:40,941 INFO  server.RaftServer$Division (RaftServerImpl.java:start(406)) - s6@group-967C893AA8BD: Successfully started.
2024-10-31 03:23:40,941 INFO  server.RaftServerConfigKeys (ConfUtils.java:logGet(46)) - raft.server.rpc.timeout.max = 600ms (custom)
2024-10-31 03:23:40,943 INFO  ratis.RaftTestUtil (RaftTestUtil.java:waitForLeader(107)) - printing group-967C893AA8BD
  s4:  RUNNING [
   FOLLOWER s4@group-4EB49E3E6D70:t0, leader=null, voted=, raftlog=Memoized:s4@group-4EB49E3E6D70-SegmentedRaftLog:OPENED:c-1:lastnull, conf=conf: {index: -1, cur=peers:[]|listeners:[], old=null} STARTING
   FOLLOWER s4@group-967C893AA8BD:t0, leader=null, voted=, raftlog=Memoized:s4@group-967C893AA8BD-SegmentedRaftLog:OPENED:c-1:lastnull, conf=conf: {index: -1, cur=peers:[s4, s5, s6]|listeners:[], old=null} RUNNING] size=2
  s5:  RUNNING [
   FOLLOWER s5@group-4EB49E3E6D70:t0, leader=null, voted=, raftlog=Memoized:s5@group-4EB49E3E6D70-SegmentedRaftLog:OPENED:c-1:lastnull, conf=conf: {index: -1, cur=peers:[]|listeners:[], old=null} STARTING
   FOLLOWER s5@group-967C893AA8BD:t0, leader=null, voted=, raftlog=Memoized:s5@group-967C893AA8BD-SegmentedRaftLog:OPENED:c-1:lastnull, conf=conf: {index: -1, cur=peers:[s4, s5, s6]|listeners:[], old=null} RUNNING] size=2
  s6:  RUNNING [
   FOLLOWER s6@group-4EB49E3E6D70:t0, leader=null, voted=, raftlog=Memoized:s6@group-4EB49E3E6D70-SegmentedRaftLog:OPENED:c-1:lastnull, conf=conf: {index: -1, cur=peers:[]|listeners:[], old=null} STARTING
   FOLLOWER s6@group-967C893AA8BD:t0, leader=null, voted=, raftlog=Memoized:s6@group-967C893AA8BD-SegmentedRaftLog:OPENED:c-1:lastnull, conf=conf: {index: -1, cur=peers:[s4, s5, s6]|listeners:[], old=null} RUNNING] size=2
2024-10-31 03:23:40,944 WARN  ratis.RaftTestUtil (RaftTestUtil.java:lambda$waitForLeader$3(126)) - Attempt #1 failed: java.lang.IllegalStateException: No leader yet  for group-967C893AA8BD: printing group-967C893AA8BD
  s4:  RUNNING [
   FOLLOWER s4@group-4EB49E3E6D70:t0, leader=null, voted=, raftlog=Memoized:s4@group-4EB49E3E6D70-SegmentedRaftLog:OPENED:c-1:lastnull, conf=conf: {index: -1, cur=peers:[]|listeners:[], old=null} STARTING
   FOLLOWER s4@group-967C893AA8BD:t0, leader=null, voted=, raftlog=Memoized:s4@group-967C893AA8BD-SegmentedRaftLog:OPENED:c-1:lastnull, conf=conf: {index: -1, cur=peers:[s4, s5, s6]|listeners:[], old=null} RUNNING] size=2
  s5:  RUNNING [
   FOLLOWER s5@group-4EB49E3E6D70:t0, leader=null, voted=, raftlog=Memoized:s5@group-4EB49E3E6D70-SegmentedRaftLog:OPENED:c-1:lastnull, conf=conf: {index: -1, cur=peers:[]|listeners:[], old=null} STARTING
   FOLLOWER s5@group-967C893AA8BD:t0, leader=null, voted=, raftlog=Memoized:s5@group-967C893AA8BD-SegmentedRaftLog:OPENED:c-1:lastnull, conf=conf: {index: -1, cur=peers:[s4, s5, s6]|listeners:[], old=null} RUNNING] size=2
  s6:  RUNNING [
   FOLLOWER s6@group-4EB49E3E6D70:t0, leader=null, voted=, raftlog=Memoized:s6@group-4EB49E3E6D70-SegmentedRaftLog:OPENED:c-1:lastnull, conf=conf: {index: -1, cur=peers:[]|listeners:[], old=null} STARTING
   FOLLOWER s6@group-967C893AA8BD:t0, leader=null, voted=, raftlog=Memoized:s6@group-967C893AA8BD-SegmentedRaftLog:OPENED:c-1:lastnull, conf=conf: {index: -1, cur=peers:[s4, s5, s6]|listeners:[], old=null} RUNNING] size=2
2024-10-31 03:23:41,294 INFO  impl.FollowerState (FollowerState.java:runImpl(161)) - s6@group-967C893AA8BD-FollowerState: change to CANDIDATE, lastRpcElapsedTime:353872650ns, electionTimeout:353ms
2024-10-31 03:23:41,294 INFO  impl.RoleInfo (RoleInfo.java:shutdownFollowerState(121)) - s6: shutdown s6@group-967C893AA8BD-FollowerState
2024-10-31 03:23:41,294 INFO  server.RaftServer$Division (RaftServerImpl.java:setRole(379)) - s6@group-967C893AA8BD: changes role from  FOLLOWER to CANDIDATE at term 0 for changeToCandidate
2024-10-31 03:23:41,295 INFO  server.RaftServerConfigKeys (ConfUtils.java:logGet(46)) - raft.server.leaderelection.pre-vote = true (default)
2024-10-31 03:23:41,295 INFO  impl.RoleInfo (RoleInfo.java:updateAndGet(148)) - s6: start s6@group-967C893AA8BD-LeaderElection4
2024-10-31 03:23:41,295 INFO  impl.LeaderElection (LeaderElection.java:askForVotes(332)) - s6@group-967C893AA8BD-LeaderElection4 PRE_VOTE round 0: submit vote requests at term 0 for conf: {index: -1, cur=peers:[s4, s5, s6]|listeners:[], old=null}
2024-10-31 03:23:41,296 INFO  impl.FollowerState (FollowerState.java:runImpl(161)) - s4@group-967C893AA8BD-FollowerState: change to CANDIDATE, lastRpcElapsedTime:380808758ns, electionTimeout:380ms
2024-10-31 03:23:41,296 INFO  impl.RoleInfo (RoleInfo.java:shutdownFollowerState(121)) - s4: shutdown s4@group-967C893AA8BD-FollowerState
2024-10-31 03:23:41,296 INFO  server.RaftServer$Division (RaftServerImpl.java:setRole(379)) - s4@group-967C893AA8BD: changes role from  FOLLOWER to CANDIDATE at term 0 for changeToCandidate
2024-10-31 03:23:41,296 INFO  server.RaftServerConfigKeys (ConfUtils.java:logGet(46)) - raft.server.leaderelection.pre-vote = true (default)
2024-10-31 03:23:41,296 INFO  impl.RoleInfo (RoleInfo.java:updateAndGet(148)) - s4: start s4@group-967C893AA8BD-LeaderElection5
2024-10-31 03:23:41,296 INFO  server.RaftServerConfigKeys (ConfUtils.java:logFallback(53)) - raft.server.rpc.first-election.timeout.min = 300ms (fallback to raft.server.rpc.timeout.min)
2024-10-31 03:23:41,301 INFO  server.RaftServerConfigKeys (ConfUtils.java:logFallback(53)) - raft.server.rpc.first-election.timeout.max = 600ms (fallback to raft.server.rpc.timeout.max)
2024-10-31 03:23:41,301 INFO  server.RaftServer$Division (RaftServerImpl.java:requestVote(1452)) - s4@group-967C893AA8BD: receive requestVote(PRE_VOTE, s6, group-967C893AA8BD, 0, (t:0, i:0))
2024-10-31 03:23:41,301 INFO  server.RaftServer$Division (RaftServerImpl.java:requestVote(1452)) - s5@group-967C893AA8BD: receive requestVote(PRE_VOTE, s6, group-967C893AA8BD, 0, (t:0, i:0))
2024-10-31 03:23:41,301 INFO  impl.VoteContext (VoteContext.java:log(49)) - s5@group-967C893AA8BD-FOLLOWER: accept PRE_VOTE from s6: our priority 0 <= candidate's priority 0
2024-10-31 03:23:41,302 INFO  server.RaftServer$Division (RaftServerImpl.java:requestVote(1486)) - s5@group-967C893AA8BD replies to PRE_VOTE vote request: s6<-s5#0:OK-t0. Peer's state: s5@group-967C893AA8BD:t0, leader=null, voted=, raftlog=Memoized:s5@group-967C893AA8BD-SegmentedRaftLog:OPENED:c-1:lastnull, conf=conf: {index: -1, cur=peers:[s4, s5, s6]|listeners:[], old=null}
2024-10-31 03:23:41,302 INFO  impl.LeaderElection (LeaderElection.java:logAndReturn(90)) - s6@group-967C893AA8BD-LeaderElection4: PRE_VOTE PASSED received 1 response(s) and 0 exception(s):
2024-10-31 03:23:41,302 INFO  impl.LeaderElection (LeaderElection.java:logAndReturn(94)) -   Response 0: s6<-s5#0:OK-t0
2024-10-31 03:23:41,302 INFO  impl.LeaderElection (LeaderElection.java:askForVotes(332)) - s4@group-967C893AA8BD-LeaderElection5 PRE_VOTE round 0: submit vote requests at term 0 for conf: {index: -1, cur=peers:[s4, s5, s6]|listeners:[], old=null}
2024-10-31 03:23:41,302 INFO  impl.LeaderElection (LeaderElection.java:askForVotes(334)) - s6@group-967C893AA8BD-LeaderElection4 PRE_VOTE round 0: result PASSED
2024-10-31 03:23:41,302 INFO  impl.VoteContext (VoteContext.java:log(49)) - s4@group-967C893AA8BD-CANDIDATE: accept PRE_VOTE from s6: our priority 0 <= candidate's priority 0
2024-10-31 03:23:41,303 INFO  server.RaftServer$Division (RaftServerImpl.java:requestVote(1486)) - s4@group-967C893AA8BD replies to PRE_VOTE vote request: s6<-s4#0:OK-t0. Peer's state: s4@group-967C893AA8BD:t0, leader=null, voted=, raftlog=Memoized:s4@group-967C893AA8BD-SegmentedRaftLog:OPENED:c-1:lastnull, conf=conf: {index: -1, cur=peers:[s4, s5, s6]|listeners:[], old=null}
2024-10-31 03:23:41,303 TRACE util.FileUtils (LogUtils.java:supplyAndLog(69)) - Successfully supplied FileChannel.open /home/runner/work/ratis/ratis/ratis-examples/target/test/data/f203f927/MiniRaftClusterWithSimulatedRpca2d4e021/s6/71773208-f9e2-44a9-a436-967c893aa8bd/current/raft-meta.tmp with options [CREATE, WRITE]: sun.nio.ch.FileChannelImpl@409b93f2
2024-10-31 03:23:41,303 INFO  server.RaftServer$Division (RaftServerImpl.java:requestVote(1452)) - s5@group-967C893AA8BD: receive requestVote(PRE_VOTE, s4, group-967C893AA8BD, 0, (t:0, i:0))
2024-10-31 03:23:41,303 INFO  server.RaftServerConfigKeys (ConfUtils.java:logFallback(53)) - raft.server.rpc.first-election.timeout.min = 300ms (fallback to raft.server.rpc.timeout.min)
2024-10-31 03:23:41,303 INFO  server.RaftServer$Division (RaftServerImpl.java:requestVote(1452)) - s6@group-967C893AA8BD: receive requestVote(PRE_VOTE, s4, group-967C893AA8BD, 0, (t:0, i:0))
2024-10-31 03:23:41,303 INFO  server.RaftServerConfigKeys (ConfUtils.java:logFallback(53)) - raft.server.rpc.first-election.timeout.max = 600ms (fallback to raft.server.rpc.timeout.max)
2024-10-31 03:23:41,304 INFO  impl.VoteContext (VoteContext.java:log(49)) - s5@group-967C893AA8BD-FOLLOWER: accept PRE_VOTE from s4: our priority 0 <= candidate's priority 0
2024-10-31 03:23:41,304 INFO  server.RaftServer$Division (RaftServerImpl.java:requestVote(1486)) - s5@group-967C893AA8BD replies to PRE_VOTE vote request: s4<-s5#0:OK-t0. Peer's state: s5@group-967C893AA8BD:t0, leader=null, voted=, raftlog=Memoized:s5@group-967C893AA8BD-SegmentedRaftLog:OPENED:c-1:lastnull, conf=conf: {index: -1, cur=peers:[s4, s5, s6]|listeners:[], old=null}
2024-10-31 03:23:41,304 INFO  impl.LeaderElection (LeaderElection.java:logAndReturn(90)) - s4@group-967C893AA8BD-LeaderElection5: PRE_VOTE PASSED received 1 response(s) and 0 exception(s):
2024-10-31 03:23:41,304 INFO  impl.LeaderElection (LeaderElection.java:logAndReturn(94)) -   Response 0: s4<-s5#0:OK-t0
2024-10-31 03:23:41,305 INFO  impl.LeaderElection (LeaderElection.java:askForVotes(334)) - s4@group-967C893AA8BD-LeaderElection5 PRE_VOTE round 0: result PASSED
2024-10-31 03:23:41,305 TRACE util.FileUtils (LogUtils.java:supplyAndLog(69)) - Successfully supplied FileChannel.open /home/runner/work/ratis/ratis/ratis-examples/target/test/data/f203f927/MiniRaftClusterWithSimulatedRpca2d4e021/s4/71773208-f9e2-44a9-a436-967c893aa8bd/current/raft-meta.tmp with options [CREATE, WRITE]: sun.nio.ch.FileChannelImpl@2ab7c940
2024-10-31 03:23:41,305 TRACE util.FileUtils (LogUtils.java:runAndLog(49)) - Successfully ran Atomic Files.move /home/runner/work/ratis/ratis/ratis-examples/target/test/data/f203f927/MiniRaftClusterWithSimulatedRpca2d4e021/s6/71773208-f9e2-44a9-a436-967c893aa8bd/current/raft-meta.tmp to /home/runner/work/ratis/ratis/ratis-examples/target/test/data/f203f927/MiniRaftClusterWithSimulatedRpca2d4e021/s6/71773208-f9e2-44a9-a436-967c893aa8bd/current/raft-meta with options [REPLACE_EXISTING]
2024-10-31 03:23:41,305 INFO  impl.LeaderElection (LeaderElection.java:askForVotes(332)) - s6@group-967C893AA8BD-LeaderElection4 ELECTION round 0: submit vote requests at term 1 for conf: {index: -1, cur=peers:[s4, s5, s6]|listeners:[], old=null}
2024-10-31 03:23:41,305 INFO  impl.VoteContext (VoteContext.java:log(49)) - s6@group-967C893AA8BD-CANDIDATE: accept PRE_VOTE from s4: our priority 0 <= candidate's priority 0
2024-10-31 03:23:41,305 INFO  server.RaftServerConfigKeys (ConfUtils.java:logFallback(53)) - raft.server.rpc.first-election.timeout.min = 300ms (fallback to raft.server.rpc.timeout.min)
2024-10-31 03:23:41,306 INFO  server.RaftServer$Division (RaftServerImpl.java:requestVote(1486)) - s6@group-967C893AA8BD replies to PRE_VOTE vote request: s4<-s6#0:OK-t1. Peer's state: s6@group-967C893AA8BD:t1, leader=null, voted=s6, raftlog=Memoized:s6@group-967C893AA8BD-SegmentedRaftLog:OPENED:c-1:lastnull, conf=conf: {index: -1, cur=peers:[s4, s5, s6]|listeners:[], old=null}
2024-10-31 03:23:41,306 INFO  server.RaftServerConfigKeys (ConfUtils.java:logFallback(53)) - raft.server.rpc.first-election.timeout.max = 600ms (fallback to raft.server.rpc.timeout.max)
2024-10-31 03:23:41,306 INFO  server.RaftServerConfigKeys (ConfUtils.java:logFallback(53)) - raft.server.rpc.first-election.timeout.min = 300ms (fallback to raft.server.rpc.timeout.min)
2024-10-31 03:23:41,306 INFO  server.RaftServer$Division (RaftServerImpl.java:requestVote(1452)) - s5@group-967C893AA8BD: receive requestVote(ELECTION, s6, group-967C893AA8BD, 1, (t:0, i:0))
2024-10-31 03:23:41,306 INFO  server.RaftServerConfigKeys (ConfUtils.java:logFallback(53)) - raft.server.rpc.first-election.timeout.max = 600ms (fallback to raft.server.rpc.timeout.max)
2024-10-31 03:23:41,306 INFO  impl.VoteContext (VoteContext.java:log(49)) - s5@group-967C893AA8BD-FOLLOWER: accept ELECTION from s6: our priority 0 <= candidate's priority 0
2024-10-31 03:23:41,306 TRACE util.FileUtils (LogUtils.java:runAndLog(49)) - Successfully ran Atomic Files.move /home/runner/work/ratis/ratis/ratis-examples/target/test/data/f203f927/MiniRaftClusterWithSimulatedRpca2d4e021/s4/71773208-f9e2-44a9-a436-967c893aa8bd/current/raft-meta.tmp to /home/runner/work/ratis/ratis/ratis-examples/target/test/data/f203f927/MiniRaftClusterWithSimulatedRpca2d4e021/s4/71773208-f9e2-44a9-a436-967c893aa8bd/current/raft-meta with options [REPLACE_EXISTING]
2024-10-31 03:23:41,306 INFO  server.RaftServer$Division (RaftServerImpl.java:setRole(379)) - s5@group-967C893AA8BD: changes role from  FOLLOWER to FOLLOWER at term 0 for candidate:s6
2024-10-31 03:23:41,307 INFO  impl.RoleInfo (RoleInfo.java:shutdownFollowerState(121)) - s5: shutdown s5@group-967C893AA8BD-FollowerState
2024-10-31 03:23:41,307 INFO  server.RaftServer$Division (RaftServerImpl.java:requestVote(1452)) - s4@group-967C893AA8BD: receive requestVote(ELECTION, s6, group-967C893AA8BD, 1, (t:0, i:0))
2024-10-31 03:23:41,307 INFO  impl.RoleInfo (RoleInfo.java:updateAndGet(148)) - s5: start s5@group-967C893AA8BD-FollowerState
2024-10-31 03:23:41,306 INFO  impl.LeaderElection (LeaderElection.java:askForVotes(332)) - s4@group-967C893AA8BD-LeaderElection5 ELECTION round 0: submit vote requests at term 1 for conf: {index: -1, cur=peers:[s4, s5, s6]|listeners:[], old=null}
2024-10-31 03:23:41,307 INFO  server.RaftServer$Division (RaftServerImpl.java:setFirstElection(563)) - s5@group-967C893AA8BD: set firstElectionSinceStartup to false for candidate:s6
2024-10-31 03:23:41,307 INFO  impl.VoteContext (VoteContext.java:log(49)) - s4@group-967C893AA8BD-CANDIDATE: reject ELECTION from s6: already has voted for s4 at current term 1
2024-10-31 03:23:41,307 TRACE util.FileUtils (LogUtils.java:supplyAndLog(69)) - Successfully supplied FileChannel.open /home/runner/work/ratis/ratis/ratis-examples/target/test/data/f203f927/MiniRaftClusterWithSimulatedRpca2d4e021/s5/71773208-f9e2-44a9-a436-967c893aa8bd/current/raft-meta.tmp with options [CREATE, WRITE]: sun.nio.ch.FileChannelImpl@1ad70dc3
2024-10-31 03:23:41,307 INFO  impl.FollowerState (FollowerState.java:runImpl(170)) - s5@group-967C893AA8BD-FollowerState was interrupted
2024-10-31 03:23:41,308 INFO  server.RaftServer$Division (RaftServerImpl.java:requestVote(1452)) - s5@group-967C893AA8BD: receive requestVote(ELECTION, s4, group-967C893AA8BD, 1, (t:0, i:0))
2024-10-31 03:23:41,307 INFO  server.RaftServer$Division (RaftServerImpl.java:requestVote(1486)) - s4@group-967C893AA8BD replies to ELECTION vote request: s6<-s4#0:FAIL-t1. Peer's state: s4@group-967C893AA8BD:t1, leader=null, voted=s4, raftlog=Memoized:s4@group-967C893AA8BD-SegmentedRaftLog:OPENED:c-1:lastnull, conf=conf: {index: -1, cur=peers:[s4, s5, s6]|listeners:[], old=null}
2024-10-31 03:23:41,308 INFO  server.RaftServerConfigKeys (ConfUtils.java:logFallback(53)) - raft.server.rpc.first-election.timeout.min = 300ms (fallback to raft.server.rpc.timeout.min)
2024-10-31 03:23:41,309 INFO  server.RaftServer$Division (RaftServerImpl.java:requestVote(1452)) - s6@group-967C893AA8BD: receive requestVote(ELECTION, s4, group-967C893AA8BD, 1, (t:0, i:0))
2024-10-31 03:23:41,309 INFO  impl.VoteContext (VoteContext.java:log(49)) - s6@group-967C893AA8BD-CANDIDATE: reject ELECTION from s4: already has voted for s6 at current term 1
2024-10-31 03:23:41,309 INFO  server.RaftServerConfigKeys (ConfUtils.java:logFallback(53)) - raft.server.rpc.first-election.timeout.max = 600ms (fallback to raft.server.rpc.timeout.max)
2024-10-31 03:23:41,309 INFO  server.RaftServer$Division (RaftServerImpl.java:requestVote(1486)) - s6@group-967C893AA8BD replies to ELECTION vote request: s4<-s6#0:FAIL-t1. Peer's state: s6@group-967C893AA8BD:t1, leader=null, voted=s6, raftlog=Memoized:s6@group-967C893AA8BD-SegmentedRaftLog:OPENED:c-1:lastnull, conf=conf: {index: -1, cur=peers:[s4, s5, s6]|listeners:[], old=null}
2024-10-31 03:23:41,315 TRACE util.FileUtils (LogUtils.java:runAndLog(49)) - Successfully ran Atomic Files.move /home/runner/work/ratis/ratis/ratis-examples/target/test/data/f203f927/MiniRaftClusterWithSimulatedRpca2d4e021/s5/71773208-f9e2-44a9-a436-967c893aa8bd/current/raft-meta.tmp to /home/runner/work/ratis/ratis/ratis-examples/target/test/data/f203f927/MiniRaftClusterWithSimulatedRpca2d4e021/s5/71773208-f9e2-44a9-a436-967c893aa8bd/current/raft-meta with options [REPLACE_EXISTING]
2024-10-31 03:23:41,315 INFO  server.RaftServer$Division (RaftServerImpl.java:requestVote(1486)) - s5@group-967C893AA8BD replies to ELECTION vote request: s6<-s5#0:OK-t1. Peer's state: s5@group-967C893AA8BD:t1, leader=null, voted=s6, raftlog=Memoized:s5@group-967C893AA8BD-SegmentedRaftLog:OPENED:c-1:lastnull, conf=conf: {index: -1, cur=peers:[s4, s5, s6]|listeners:[], old=null}
2024-10-31 03:23:41,315 INFO  impl.VoteContext (VoteContext.java:log(49)) - s5@group-967C893AA8BD-FOLLOWER: reject ELECTION from s4: already has voted for s6 at current term 1
2024-10-31 03:23:41,315 INFO  server.RaftServer$Division (RaftServerImpl.java:requestVote(1486)) - s5@group-967C893AA8BD replies to ELECTION vote request: s4<-s5#0:FAIL-t1. Peer's state: s5@group-967C893AA8BD:t1, leader=null, voted=s6, raftlog=Memoized:s5@group-967C893AA8BD-SegmentedRaftLog:OPENED:c-1:lastnull, conf=conf: {index: -1, cur=peers:[s4, s5, s6]|listeners:[], old=null}
2024-10-31 03:23:41,315 INFO  impl.LeaderElection (LeaderElection.java:logAndReturn(90)) - s4@group-967C893AA8BD-LeaderElection5: ELECTION REJECTED received 2 response(s) and 0 exception(s):
2024-10-31 03:23:41,315 INFO  impl.LeaderElection (LeaderElection.java:logAndReturn(94)) -   Response 0: s4<-s5#0:FAIL-t1
2024-10-31 03:23:41,315 INFO  impl.LeaderElection (LeaderElection.java:logAndReturn(94)) -   Response 1: s4<-s6#0:FAIL-t1
2024-10-31 03:23:41,315 INFO  impl.LeaderElection (LeaderElection.java:logAndReturn(90)) - s6@group-967C893AA8BD-LeaderElection4: ELECTION PASSED received 2 response(s) and 0 exception(s):
2024-10-31 03:23:41,315 INFO  impl.LeaderElection (LeaderElection.java:askForVotes(334)) - s4@group-967C893AA8BD-LeaderElection5 ELECTION round 0: result REJECTED
2024-10-31 03:23:41,315 INFO  impl.LeaderElection (LeaderElection.java:logAndReturn(94)) -   Response 0: s6<-s4#0:FAIL-t1
2024-10-31 03:23:41,316 INFO  impl.LeaderElection (LeaderElection.java:logAndReturn(94)) -   Response 1: s6<-s5#0:OK-t1
2024-10-31 03:23:41,316 INFO  server.RaftServer$Division (RaftServerImpl.java:setRole(379)) - s4@group-967C893AA8BD: changes role from CANDIDATE to FOLLOWER at term 1 for REJECTED
2024-10-31 03:23:41,316 INFO  impl.LeaderElection (LeaderElection.java:askForVotes(334)) - s6@group-967C893AA8BD-LeaderElection4 ELECTION round 0: result PASSED
2024-10-31 03:23:41,321 INFO  impl.RoleInfo (RoleInfo.java:shutdownLeaderElection(141)) - s6: shutdown s6@group-967C893AA8BD-LeaderElection4
2024-10-31 03:23:41,321 INFO  impl.RoleInfo (RoleInfo.java:shutdownLeaderElection(141)) - s4: shutdown s4@group-967C893AA8BD-LeaderElection5
2024-10-31 03:23:41,321 INFO  server.RaftServer$Division (RaftServerImpl.java:setRole(379)) - s6@group-967C893AA8BD: changes role from CANDIDATE to LEADER at term 1 for changeToLeader
2024-10-31 03:23:41,321 INFO  impl.RoleInfo (RoleInfo.java:updateAndGet(148)) - s4: start s4@group-967C893AA8BD-FollowerState
2024-10-31 03:23:41,321 INFO  server.RaftServerConfigKeys (ConfUtils.java:logGet(46)) - raft.server.staging.catchup.gap = 1000 (default)
2024-10-31 03:23:41,322 INFO  server.RaftServer$Division (RaftServerImpl.java:setFirstElection(563)) - s4@group-967C893AA8BD: set firstElectionSinceStartup to false for REJECTED
2024-10-31 03:23:41,322 INFO  server.RaftServerConfigKeys (ConfUtils.java:logGet(46)) - raft.server.write.element-limit = 4096 (default)
2024-10-31 03:23:41,322 INFO  server.RaftServerConfigKeys (ConfUtils.java:logGet(46)) - raft.server.write.byte-limit = 64MB (=67108864) (default)
2024-10-31 03:23:41,322 INFO  server.RaftServerConfigKeys (ConfUtils.java:logGet(46)) - raft.server.watch.timeout = 10s (default)
2024-10-31 03:23:41,322 INFO  server.RaftServerConfigKeys (ConfUtils.java:logGet(46)) - raft.server.watch.timeout.denomination = 1s (default)
2024-10-31 03:23:41,322 INFO  server.RaftServerConfigKeys (ConfUtils.java:logGet(46)) - raft.server.watch.element-limit = 65536 (default)
2024-10-31 03:23:41,322 INFO  server.RaftServerConfigKeys (ConfUtils.java:logGet(46)) - raft.server.read.leader.lease.enabled = false (default)
2024-10-31 03:23:41,323 INFO  server.RaftServerConfigKeys (ConfUtils.java:logGet(46)) - raft.server.read.leader.lease.timeout.ratio = 0.9 (default)
2024-10-31 03:23:41,323 INFO  server.RaftServerConfigKeys (ConfUtils.java:logGet(46)) - raft.server.rpc.timeout.min = 300ms (custom)
2024-10-31 03:23:41,323 INFO  server.RaftServerConfigKeys (ConfUtils.java:logGet(46)) - raft.server.log.log-metadata.enabled = true (default)
2024-10-31 03:23:41,323 INFO  server.RaftServerConfigKeys (ConfUtils.java:logGet(46)) - raft.server.write.element-limit = 4096 (default)
2024-10-31 03:23:41,323 INFO  server.RaftServerConfigKeys (ConfUtils.java:logGet(46)) - raft.server.write.follower.gap.ratio.max = -1.0 (default)
2024-10-31 03:23:41,323 INFO  server.RaftServerConfigKeys (ConfUtils.java:logGet(46)) - raft.server.log.appender.snapshot.chunk.size.max = 16MB (=16777216) (default)
2024-10-31 03:23:41,323 INFO  server.RaftServerConfigKeys (ConfUtils.java:logGet(46)) - raft.server.log.appender.buffer.byte-limit = 4MB (=4194304) (default)
2024-10-31 03:23:41,324 INFO  server.RaftServerConfigKeys (ConfUtils.java:logGet(46)) - raft.server.log.appender.buffer.element-limit = 0 (default)
2024-10-31 03:23:41,324 INFO  server.RaftServerConfigKeys (ConfUtils.java:logGet(46)) - raft.server.log.appender.wait-time.min = 1ms (default)
2024-10-31 03:23:41,324 INFO  server.RaftServerConfigKeys (ConfUtils.java:logGet(46)) - raft.server.log.appender.snapshot.chunk.size.max = 16MB (=16777216) (default)
2024-10-31 03:23:41,324 INFO  server.RaftServerConfigKeys (ConfUtils.java:logGet(46)) - raft.server.log.appender.buffer.byte-limit = 4MB (=4194304) (default)
2024-10-31 03:23:41,324 INFO  server.RaftServerConfigKeys (ConfUtils.java:logGet(46)) - raft.server.log.appender.buffer.element-limit = 0 (default)
2024-10-31 03:23:41,324 INFO  server.RaftServerConfigKeys (ConfUtils.java:logGet(46)) - raft.server.log.appender.wait-time.min = 1ms (default)
2024-10-31 03:23:41,324 INFO  impl.RoleInfo (RoleInfo.java:updateAndGet(148)) - s6: start s6@group-967C893AA8BD-LeaderStateImpl
2024-10-31 03:23:41,324 INFO  server.RaftServer$Division (RaftServerImpl.java:setFirstElection(563)) - s6@group-967C893AA8BD: set firstElectionSinceStartup to false for becomeLeader
2024-10-31 03:23:41,325 INFO  server.RaftServer$Division (ServerState.java:setLeader(272)) - s6@group-967C893AA8BD: change Leader from null to s6 at term 1 for becomeLeader, leader elected after 395ms
2024-10-31 03:23:41,325 INFO  segmented.SegmentedRaftLogWorker (SegmentedRaftLogWorker.java:startLogSegment(443)) - s6@group-967C893AA8BD-SegmentedRaftLogWorker: Starting segment from index:0
2024-10-31 03:23:41,325 INFO  server.RaftServer$Division (ServerState.java:setRaftConf(386)) - s6@group-967C893AA8BD: set configuration conf: {index: 0, cur=peers:[s4, s5, s6]|listeners:[], old=null}
2024-10-31 03:23:41,325 INFO  segmented.BufferedWriteChannel (BufferedWriteChannel.java:open(61)) - open log_inprogress_0 at position 0
2024-10-31 03:23:41,327 INFO  server.RaftServer$Division (ServerState.java:setLeader(272)) - s4@group-967C893AA8BD: change Leader from null to s6 at term 1 for appendEntries, leader elected after 427ms
2024-10-31 03:23:41,331 INFO  server.RaftServer$Division (ServerState.java:setRaftConf(386)) - s4@group-967C893AA8BD: set configuration conf: {index: 0, cur=peers:[s4|, s5|, s6|]|listeners:[], old=null}
2024-10-31 03:23:41,331 INFO  segmented.SegmentedRaftLogWorker (SegmentedRaftLogWorker.java:startLogSegment(443)) - s4@group-967C893AA8BD-SegmentedRaftLogWorker: Starting segment from index:0
2024-10-31 03:23:41,331 INFO  segmented.BufferedWriteChannel (BufferedWriteChannel.java:open(61)) - open log_inprogress_0 at position 0
2024-10-31 03:23:41,333 INFO  server.RaftServer$Division (ServerState.java:setLeader(272)) - s5@group-967C893AA8BD: change Leader from null to s6 at term 1 for appendEntries, leader elected after 414ms
2024-10-31 03:23:41,334 INFO  server.RaftServer$Division (ServerState.java:setRaftConf(386)) - s5@group-967C893AA8BD: set configuration conf: {index: 0, cur=peers:[s4|, s5|, s6|]|listeners:[], old=null}
2024-10-31 03:23:41,334 INFO  segmented.SegmentedRaftLogWorker (SegmentedRaftLogWorker.java:startLogSegment(443)) - s5@group-967C893AA8BD-SegmentedRaftLogWorker: Starting segment from index:0
2024-10-31 03:23:41,334 INFO  segmented.BufferedWriteChannel (BufferedWriteChannel.java:open(61)) - open log_inprogress_0 at position 0
2024-10-31 03:23:41,339 INFO  segmented.SegmentedRaftLogWorker (SegmentedRaftLogWorker.java:execute(666)) - s6@group-967C893AA8BD-SegmentedRaftLogWorker: created new log segment /home/runner/work/ratis/ratis/ratis-examples/target/test/data/f203f927/MiniRaftClusterWithSimulatedRpca2d4e021/s6/71773208-f9e2-44a9-a436-967c893aa8bd/current/log_inprogress_0
2024-10-31 03:23:41,346 INFO  segmented.SegmentedRaftLogWorker (SegmentedRaftLogWorker.java:execute(666)) - s4@group-967C893AA8BD-SegmentedRaftLogWorker: created new log segment /home/runner/work/ratis/ratis/ratis-examples/target/test/data/f203f927/MiniRaftClusterWithSimulatedRpca2d4e021/s4/71773208-f9e2-44a9-a436-967c893aa8bd/current/log_inprogress_0
2024-10-31 03:23:41,347 INFO  segmented.SegmentedRaftLogWorker (SegmentedRaftLogWorker.java:execute(666)) - s5@group-967C893AA8BD-SegmentedRaftLogWorker: created new log segment /home/runner/work/ratis/ratis/ratis-examples/target/test/data/f203f927/MiniRaftClusterWithSimulatedRpca2d4e021/s5/71773208-f9e2-44a9-a436-967c893aa8bd/current/log_inprogress_0
2024-10-31 03:23:41,347 TRACE util.FileUtils (LogUtils.java:supplyAndLog(69)) - Successfully supplied FileChannel.open /home/runner/work/ratis/ratis/ratis-examples/target/test/data/f203f927/MiniRaftClusterWithSimulatedRpca2d4e021/s6/71773208-f9e2-44a9-a436-967c893aa8bd/current/raft-meta.conf.tmp with options [CREATE, WRITE]: sun.nio.ch.FileChannelImpl@43bf7c2f
2024-10-31 03:23:41,348 TRACE util.FileUtils (LogUtils.java:runAndLog(49)) - Successfully ran Atomic Files.move /home/runner/work/ratis/ratis/ratis-examples/target/test/data/f203f927/MiniRaftClusterWithSimulatedRpca2d4e021/s6/71773208-f9e2-44a9-a436-967c893aa8bd/current/raft-meta.conf.tmp to /home/runner/work/ratis/ratis/ratis-examples/target/test/data/f203f927/MiniRaftClusterWithSimulatedRpca2d4e021/s6/71773208-f9e2-44a9-a436-967c893aa8bd/current/raft-meta.conf with options [REPLACE_EXISTING]
2024-10-31 03:23:41,348 INFO  server.RaftServer$Division (LeaderStateImpl.java:checkStartIndex(314)) - Leader s6@group-967C893AA8BD-LeaderStateImpl is ready since appliedIndex == startIndex == 0
2024-10-31 03:23:41,498 TRACE util.FileUtils (LogUtils.java:supplyAndLog(69)) - Successfully supplied FileChannel.open /home/runner/work/ratis/ratis/ratis-examples/target/test/data/f203f927/MiniRaftClusterWithSimulatedRpca2d4e021/s4/71773208-f9e2-44a9-a436-967c893aa8bd/current/raft-meta.conf.tmp with options [CREATE, WRITE]: sun.nio.ch.FileChannelImpl@3048747d
2024-10-31 03:23:41,499 TRACE util.FileUtils (LogUtils.java:supplyAndLog(69)) - Successfully supplied FileChannel.open /home/runner/work/ratis/ratis/ratis-examples/target/test/data/f203f927/MiniRaftClusterWithSimulatedRpca2d4e021/s5/71773208-f9e2-44a9-a436-967c893aa8bd/current/raft-meta.conf.tmp with options [CREATE, WRITE]: sun.nio.ch.FileChannelImpl@438f2622
2024-10-31 03:23:41,501 TRACE util.FileUtils (LogUtils.java:runAndLog(49)) - Successfully ran Atomic Files.move /home/runner/work/ratis/ratis/ratis-examples/target/test/data/f203f927/MiniRaftClusterWithSimulatedRpca2d4e021/s5/71773208-f9e2-44a9-a436-967c893aa8bd/current/raft-meta.conf.tmp to /home/runner/work/ratis/ratis/ratis-examples/target/test/data/f203f927/MiniRaftClusterWithSimulatedRpca2d4e021/s5/71773208-f9e2-44a9-a436-967c893aa8bd/current/raft-meta.conf with options [REPLACE_EXISTING]
2024-10-31 03:23:41,501 TRACE util.FileUtils (LogUtils.java:runAndLog(49)) - Successfully ran Atomic Files.move /home/runner/work/ratis/ratis/ratis-examples/target/test/data/f203f927/MiniRaftClusterWithSimulatedRpca2d4e021/s4/71773208-f9e2-44a9-a436-967c893aa8bd/current/raft-meta.conf.tmp to /home/runner/work/ratis/ratis/ratis-examples/target/test/data/f203f927/MiniRaftClusterWithSimulatedRpca2d4e021/s4/71773208-f9e2-44a9-a436-967c893aa8bd/current/raft-meta.conf with options [REPLACE_EXISTING]
2024-10-31 03:23:41,845 INFO  ratis.RaftTestUtil (RaftTestUtil.java:waitForLeader(131)) - printing group-967C893AA8BD
  s4:  RUNNING [
   FOLLOWER s4@group-4EB49E3E6D70:t0, leader=null, voted=, raftlog=Memoized:s4@group-4EB49E3E6D70-SegmentedRaftLog:OPENED:c-1:lastnull, conf=conf: {index: -1, cur=peers:[]|listeners:[], old=null} STARTING
   FOLLOWER s4@group-967C893AA8BD:t1, leader=s6, voted=s4, raftlog=Memoized:s4@group-967C893AA8BD-SegmentedRaftLog:OPENED:c0:last(t:1, i:0), conf=conf: {index: 0, cur=peers:[s4|, s5|, s6|]|listeners:[], old=null} RUNNING] size=2
  s5:  RUNNING [
   FOLLOWER s5@group-4EB49E3E6D70:t0, leader=null, voted=, raftlog=Memoized:s5@group-4EB49E3E6D70-SegmentedRaftLog:OPENED:c-1:lastnull, conf=conf: {index: -1, cur=peers:[]|listeners:[], old=null} STARTING
   FOLLOWER s5@group-967C893AA8BD:t1, leader=s6, voted=s6, raftlog=Memoized:s5@group-967C893AA8BD-SegmentedRaftLog:OPENED:c0:last(t:1, i:0), conf=conf: {index: 0, cur=peers:[s4|, s5|, s6|]|listeners:[], old=null} RUNNING] size=2
  s6:  RUNNING [
   FOLLOWER s6@group-4EB49E3E6D70:t0, leader=null, voted=, raftlog=Memoized:s6@group-4EB49E3E6D70-SegmentedRaftLog:OPENED:c-1:lastnull, conf=conf: {index: -1, cur=peers:[]|listeners:[], old=null} STARTING
     LEADER s6@group-967C893AA8BD:t1, leader=s6, voted=s6, raftlog=Memoized:s6@group-967C893AA8BD-SegmentedRaftLog:OPENED:c0:last(t:1, i:0), conf=conf: {index: 0, cur=peers:[s4, s5, s6]|listeners:[], old=null} RUNNING] size=2
2024-10-31 03:23:41,948 INFO  statemachine.StateMachine (ArithmeticStateMachine.java:applyTransaction(181)) - LEADER:s6-1: a = 63 = 63
2024-10-31 03:23:41,950 INFO  statemachine.StateMachine (ArithmeticStateMachine.java:applyTransaction(181)) - LEADER:s6-3: b = 1984 = 1984
2024-10-31 03:23:41,953 INFO  statemachine.StateMachine (ArithmeticStateMachine.java:applyTransaction(181)) - LEADER:s6-5: c = √(a^2 + b^2) = 1985
2024-10-31 03:23:41,956 INFO  statemachine.StateMachine (ArithmeticStateMachine.java:applyTransaction(181)) - LEADER:s6-7: a = null = null
2024-10-31 03:23:41,959 INFO  statemachine.StateMachine (ArithmeticStateMachine.java:applyTransaction(181)) - LEADER:s6-9: b = null = null
2024-10-31 03:23:41,962 INFO  statemachine.StateMachine (ArithmeticStateMachine.java:applyTransaction(181)) - LEADER:s6-11: c = null = null
2024-10-31 03:23:41,964 INFO  statemachine.StateMachine (ArithmeticStateMachine.java:applyTransaction(181)) - LEADER:s6-13: a = 65 = 65
2024-10-31 03:23:41,967 INFO  statemachine.StateMachine (ArithmeticStateMachine.java:applyTransaction(181)) - LEADER:s6-15: b = 2112 = 2112
2024-10-31 03:23:41,968 INFO  statemachine.StateMachine (ArithmeticStateMachine.java:applyTransaction(181)) - LEADER:s6-17: c = √(a^2 + b^2) = 2113
2024-10-31 03:23:41,972 INFO  statemachine.StateMachine (ArithmeticStateMachine.java:applyTransaction(181)) - LEADER:s6-19: a = null = null
2024-10-31 03:23:41,974 INFO  statemachine.StateMachine (ArithmeticStateMachine.java:applyTransaction(181)) - LEADER:s6-21: b = null = null
2024-10-31 03:23:41,976 INFO  statemachine.StateMachine (ArithmeticStateMachine.java:applyTransaction(181)) - LEADER:s6-23: c = null = null
2024-10-31 03:23:41,978 INFO  statemachine.StateMachine (ArithmeticStateMachine.java:applyTransaction(181)) - LEADER:s6-25: a = 67 = 67
2024-10-31 03:23:41,980 INFO  statemachine.StateMachine (ArithmeticStateMachine.java:applyTransaction(181)) - LEADER:s6-27: b = 2244 = 2244
2024-10-31 03:23:41,982 INFO  statemachine.StateMachine (ArithmeticStateMachine.java:applyTransaction(181)) - LEADER:s6-29: c = √(a^2 + b^2) = 2245
2024-10-31 03:23:41,984 INFO  statemachine.StateMachine (ArithmeticStateMachine.java:applyTransaction(181)) - LEADER:s6-31: a = null = null
2024-10-31 03:23:41,985 INFO  statemachine.StateMachine (ArithmeticStateMachine.java:applyTransaction(181)) - LEADER:s6-33: b = null = null
2024-10-31 03:23:41,987 INFO  statemachine.StateMachine (ArithmeticStateMachine.java:applyTransaction(181)) - LEADER:s6-35: c = null = null
2024-10-31 03:23:41,989 INFO  statemachine.StateMachine (ArithmeticStateMachine.java:applyTransaction(181)) - LEADER:s6-37: a = 69 = 69
2024-10-31 03:23:41,990 INFO  statemachine.StateMachine (ArithmeticStateMachine.java:applyTransaction(181)) - LEADER:s6-39: b = 2380 = 2380
2024-10-31 03:23:41,992 INFO  statemachine.StateMachine (ArithmeticStateMachine.java:applyTransaction(181)) - LEADER:s6-41: c = √(a^2 + b^2) = 2381
2024-10-31 03:23:41,994 INFO  statemachine.StateMachine (ArithmeticStateMachine.java:applyTransaction(181)) - LEADER:s6-43: a = null = null
2024-10-31 03:23:41,996 INFO  statemachine.StateMachine (ArithmeticStateMachine.java:applyTransaction(181)) - LEADER:s6-45: b = null = null
2024-10-31 03:23:41,999 INFO  statemachine.StateMachine (ArithmeticStateMachine.java:applyTransaction(181)) - LEADER:s6-47: c = null = null
2024-10-31 03:23:42,001 INFO  statemachine.StateMachine (ArithmeticStateMachine.java:applyTransaction(181)) - LEADER:s6-49: a = 71 = 71
2024-10-31 03:23:42,003 INFO  statemachine.StateMachine (ArithmeticStateMachine.java:applyTransaction(181)) - LEADER:s6-51: b = 2520 = 2520
2024-10-31 03:23:42,004 INFO  statemachine.StateMachine (ArithmeticStateMachine.java:applyTransaction(181)) - LEADER:s6-53: c = √(a^2 + b^2) = 2521
2024-10-31 03:23:42,006 INFO  statemachine.StateMachine (ArithmeticStateMachine.java:applyTransaction(181)) - LEADER:s6-55: a = null = null
2024-10-31 03:23:42,008 INFO  statemachine.StateMachine (ArithmeticStateMachine.java:applyTransaction(181)) - LEADER:s6-57: b = null = null
2024-10-31 03:23:42,010 INFO  statemachine.StateMachine (ArithmeticStateMachine.java:applyTransaction(181)) - LEADER:s6-59: c = null = null
2024-10-31 03:23:42,012 INFO  statemachine.StateMachine (ArithmeticStateMachine.java:applyTransaction(181)) - LEADER:s6-61: a = 73 = 73
2024-10-31 03:23:42,014 INFO  statemachine.StateMachine (ArithmeticStateMachine.java:applyTransaction(181)) - LEADER:s6-63: b = 2664 = 2664
2024-10-31 03:23:42,016 INFO  statemachine.StateMachine (ArithmeticStateMachine.java:applyTransaction(181)) - LEADER:s6-65: c = √(a^2 + b^2) = 2665
2024-10-31 03:23:42,017 INFO  statemachine.StateMachine (ArithmeticStateMachine.java:applyTransaction(181)) - LEADER:s6-67: a = null = null
2024-10-31 03:23:42,020 INFO  statemachine.StateMachine (ArithmeticStateMachine.java:applyTransaction(181)) - LEADER:s6-69: b = null = null
2024-10-31 03:23:42,021 INFO  statemachine.StateMachine (ArithmeticStateMachine.java:applyTransaction(181)) - LEADER:s6-71: c = null = null
2024-10-31 03:23:42,034 INFO  statemachine.StateMachine (ArithmeticStateMachine.java:applyTransaction(181)) - LEADER:s6-73: a = 75 = 75
2024-10-31 03:23:42,036 INFO  statemachine.StateMachine (ArithmeticStateMachine.java:applyTransaction(181)) - LEADER:s6-75: b = 2812 = 2812
2024-10-31 03:23:42,038 INFO  statemachine.StateMachine (ArithmeticStateMachine.java:applyTransaction(181)) - LEADER:s6-77: c = √(a^2 + b^2) = 2813
2024-10-31 03:23:42,040 INFO  statemachine.StateMachine (ArithmeticStateMachine.java:applyTransaction(181)) - LEADER:s6-79: a = null = null
2024-10-31 03:23:42,042 INFO  statemachine.StateMachine (ArithmeticStateMachine.java:applyTransaction(181)) - LEADER:s6-81: b = null = null
2024-10-31 03:23:42,044 INFO  statemachine.StateMachine (ArithmeticStateMachine.java:applyTransaction(181)) - LEADER:s6-83: c = null = null
2024-10-31 03:23:42,045 INFO  statemachine.StateMachine (ArithmeticStateMachine.java:applyTransaction(181)) - LEADER:s6-85: a = 77 = 77
2024-10-31 03:23:42,047 INFO  statemachine.StateMachine (ArithmeticStateMachine.java:applyTransaction(181)) - LEADER:s6-87: b = 2964 = 2964
2024-10-31 03:23:42,049 INFO  statemachine.StateMachine (ArithmeticStateMachine.java:applyTransaction(181)) - LEADER:s6-89: c = √(a^2 + b^2) = 2965
2024-10-31 03:23:42,051 INFO  statemachine.StateMachine (ArithmeticStateMachine.java:applyTransaction(181)) - LEADER:s6-91: a = null = null
2024-10-31 03:23:42,052 INFO  statemachine.StateMachine (ArithmeticStateMachine.java:applyTransaction(181)) - LEADER:s6-93: b = null = null
2024-10-31 03:23:42,056 INFO  statemachine.StateMachine (ArithmeticStateMachine.java:applyTransaction(181)) - LEADER:s6-95: c = null = null
2024-10-31 03:23:42,059 INFO  statemachine.StateMachine (ArithmeticStateMachine.java:applyTransaction(181)) - LEADER:s6-97: a = 79 = 79
2024-10-31 03:23:42,061 INFO  statemachine.StateMachine (ArithmeticStateMachine.java:applyTransaction(181)) - LEADER:s6-99: b = 3120 = 3120
2024-10-31 03:23:42,063 INFO  statemachine.StateMachine (ArithmeticStateMachine.java:applyTransaction(181)) - LEADER:s6-101: c = √(a^2 + b^2) = 3121
2024-10-31 03:23:42,064 INFO  statemachine.StateMachine (ArithmeticStateMachine.java:applyTransaction(181)) - LEADER:s6-103: a = null = null
2024-10-31 03:23:42,066 INFO  statemachine.StateMachine (ArithmeticStateMachine.java:applyTransaction(181)) - LEADER:s6-105: b = null = null
2024-10-31 03:23:42,068 INFO  statemachine.StateMachine (ArithmeticStateMachine.java:applyTransaction(181)) - LEADER:s6-107: c = null = null
2024-10-31 03:23:42,070 INFO  statemachine.StateMachine (ArithmeticStateMachine.java:applyTransaction(181)) - LEADER:s6-109: a = 81 = 81
2024-10-31 03:23:42,072 INFO  statemachine.StateMachine (ArithmeticStateMachine.java:applyTransaction(181)) - LEADER:s6-111: b = 3280 = 3280
2024-10-31 03:23:42,074 INFO  statemachine.StateMachine (ArithmeticStateMachine.java:applyTransaction(181)) - LEADER:s6-113: c = √(a^2 + b^2) = 3281
2024-10-31 03:23:42,076 INFO  statemachine.StateMachine (ArithmeticStateMachine.java:applyTransaction(181)) - LEADER:s6-115: a = null = null
2024-10-31 03:23:42,078 INFO  statemachine.StateMachine (ArithmeticStateMachine.java:applyTransaction(181)) - LEADER:s6-117: b = null = null
2024-10-31 03:23:42,080 INFO  statemachine.StateMachine (ArithmeticStateMachine.java:applyTransaction(181)) - LEADER:s6-119: c = null = null
2024-10-31 03:23:42,080 INFO  impl.GroupManagementBaseTest (GroupManagementBaseTest.java:runMultiGroupTest(281)) - 4) starting group-4CD87B055E3A:[s7, s8, s9]
2024-10-31 03:23:42,081 INFO  server.RaftServer (RaftServerProxy.java:addNew(101)) - s7: addNew group-4CD87B055E3A:[s7, s8, s9] returns group-4CD87B055E3A:java.util.concurrent.CompletableFuture@22cc06e9[Not completed]
2024-10-31 03:23:42,081 INFO  server.RaftServer$Division (RaftServerImpl.java:<init>(256)) - s7: new RaftServerImpl for group-4CD87B055E3A:[s7, s8, s9] with ArithmeticStateMachine:uninitialized
2024-10-31 03:23:42,082 INFO  server.RaftServerConfigKeys (ConfUtils.java:logGet(46)) - raft.server.rpc.timeout.min = 300ms (custom)
2024-10-31 03:23:42,082 INFO  server.RaftServerConfigKeys (ConfUtils.java:logGet(46)) - raft.server.rpc.timeout.max = 600ms (custom)
2024-10-31 03:23:42,082 INFO  server.RaftServerConfigKeys (ConfUtils.java:logGet(46)) - raft.server.rpc.sleep.time = 25ms (default)
2024-10-31 03:23:42,082 INFO  server.RaftServerConfigKeys (ConfUtils.java:logGet(46)) - raft.server.rpc.slowness.timeout = 60s (default)
2024-10-31 03:23:42,082 INFO  server.RaftServerConfigKeys (ConfUtils.java:logGet(46)) - raft.server.leaderelection.leader.step-down.wait-time = 10s (default)
2024-10-31 03:23:42,082 INFO  server.RaftServerConfigKeys (ConfUtils.java:logGet(46)) - raft.server.leaderelection.member.majority-add = false (default)
2024-10-31 03:23:42,082 INFO  server.RaftServerConfigKeys (ConfUtils.java:logGet(46)) - raft.server.sleep.deviation.threshold = 300ms (default)
2024-10-31 03:23:42,082 INFO  server.RaftServer$Division (ServerState.java:<init>(114)) - s7@group-4CD87B055E3A: ConfigurationManager, init=conf: {index: -1, cur=peers:[s7, s8, s9]|listeners:[], old=null}, confs=<EMPTY_MAP>
2024-10-31 03:23:42,082 INFO  server.RaftServerConfigKeys (ConfUtils.java:logGet(46)) - raft.server.notification.no-leader.timeout = 60s (default)
2024-10-31 03:23:42,082 INFO  server.RaftServerConfigKeys (ConfUtils.java:logGet(46)) - raft.server.read.timeout = 10s (default)
2024-10-31 03:23:42,083 INFO  server.RaftServerConfigKeys (ConfUtils.java:logGet(46)) - raft.server.retrycache.expirytime = 60s (default)
2024-10-31 03:23:42,083 INFO  server.RaftServerConfigKeys (ConfUtils.java:logGet(46)) - raft.server.retrycache.statistics.expirytime = 100ms (default)
2024-10-31 03:23:42,083 INFO  server.RaftServerConfigKeys (ConfUtils.java:logGet(46)) - raft.server.read.option = DEFAULT (default)
2024-10-31 03:23:42,083 INFO  server.RaftServerConfigKeys (ConfUtils.java:logGet(46)) - raft.server.read.read-after-write-consistent.write-index-cache.expiry-time = 60s (default)
2024-10-31 03:23:42,083 INFO  server.RaftServerConfigKeys (ConfUtils.java:logGet(46)) - raft.server.rpc.request.timeout = 3000ms (default)
2024-10-31 03:23:42,083 INFO  server.RaftServerConfigKeys (ConfUtils.java:logGet(46)) - raft.server.log.appender.install.snapshot.enabled = true (default)
2024-10-31 03:23:42,083 INFO  server.RaftServerConfigKeys (ConfUtils.java:logGet(46)) - raft.server.threadpool.server.cached = true (default)
2024-10-31 03:23:42,083 INFO  server.RaftServerConfigKeys (ConfUtils.java:logGet(46)) - raft.server.threadpool.server.size = 0 (default)
2024-10-31 03:23:42,083 INFO  server.RaftServerConfigKeys (ConfUtils.java:logGet(46)) - raft.server.threadpool.client.cached = true (default)
2024-10-31 03:23:42,083 INFO  server.RaftServerConfigKeys (ConfUtils.java:logGet(46)) - raft.server.threadpool.client.size = 0 (default)
2024-10-31 03:23:42,084 INFO  server.RaftServerConfigKeys (ConfUtils.java:logGet(46)) - raft.server.storage.free-space.min = 0MB (=0) (default)
2024-10-31 03:23:42,084 INFO  server.RaftServerConfigKeys (ConfUtils.java:logGet(46)) - raft.server.log.corruption.policy = EXCEPTION (default)
2024-10-31 03:23:42,084 INFO  server.RaftServerConfigKeys (ConfUtils.java:logGet(46)) - raft.server.storage.dir = [/home/runner/work/ratis/ratis/ratis-examples/target/test/data/f203f927/MiniRaftClusterWithSimulatedRpca2d4e021/s7] (custom)
2024-10-31 03:23:42,084 INFO  storage.RaftStorageDirectory (RaftStorageDirectoryImpl.java:analyzeStorage(138)) - The storage directory /home/runner/work/ratis/ratis/ratis-examples/target/test/data/f203f927/MiniRaftClusterWithSimulatedRpca2d4e021/s7/8246d0e7-9b68-432a-a463-4cd87b055e3a does not exist. Creating ...
2024-10-31 03:23:42,084 TRACE util.FileUtils (LogUtils.java:runAndLog(49)) - Successfully ran Files.createDirectories /home/runner/work/ratis/ratis/ratis-examples/target/test/data/f203f927/MiniRaftClusterWithSimulatedRpca2d4e021/s7/8246d0e7-9b68-432a-a463-4cd87b055e3a
2024-10-31 03:23:42,085 INFO  storage.RaftStorageDirectory (RaftStorageDirectoryImpl.java:tryLock(229)) - Lock on /home/runner/work/ratis/ratis/ratis-examples/target/test/data/f203f927/MiniRaftClusterWithSimulatedRpca2d4e021/s7/8246d0e7-9b68-432a-a463-4cd87b055e3a/in_use.lock acquired by nodename 14975@fv-az1757-779
2024-10-31 03:23:42,085 TRACE util.FileUtils (LogUtils.java:runAndLog(49)) - Successfully ran Files.createDirectories /home/runner/work/ratis/ratis/ratis-examples/target/test/data/f203f927/MiniRaftClusterWithSimulatedRpca2d4e021/s7/8246d0e7-9b68-432a-a463-4cd87b055e3a/current
2024-10-31 03:23:42,085 TRACE util.FileUtils (LogUtils.java:runAndLog(49)) - Successfully ran Files.createDirectories /home/runner/work/ratis/ratis/ratis-examples/target/test/data/f203f927/MiniRaftClusterWithSimulatedRpca2d4e021/s7/8246d0e7-9b68-432a-a463-4cd87b055e3a/sm
2024-10-31 03:23:42,086 TRACE util.FileUtils (LogUtils.java:supplyAndLog(69)) - Successfully supplied FileChannel.open /home/runner/work/ratis/ratis/ratis-examples/target/test/data/f203f927/MiniRaftClusterWithSimulatedRpca2d4e021/s7/8246d0e7-9b68-432a-a463-4cd87b055e3a/current/raft-meta.tmp with options [CREATE, WRITE]: sun.nio.ch.FileChannelImpl@1414edb3
2024-10-31 03:23:42,086 TRACE util.FileUtils (LogUtils.java:runAndLog(49)) - Successfully ran Atomic Files.move /home/runner/work/ratis/ratis/ratis-examples/target/test/data/f203f927/MiniRaftClusterWithSimulatedRpca2d4e021/s7/8246d0e7-9b68-432a-a463-4cd87b055e3a/current/raft-meta.tmp to /home/runner/work/ratis/ratis/ratis-examples/target/test/data/f203f927/MiniRaftClusterWithSimulatedRpca2d4e021/s7/8246d0e7-9b68-432a-a463-4cd87b055e3a/current/raft-meta with options [REPLACE_EXISTING]
2024-10-31 03:23:42,087 INFO  storage.RaftStorage (RaftStorageImpl.java:format(98)) - Storage directory /home/runner/work/ratis/ratis/ratis-examples/target/test/data/f203f927/MiniRaftClusterWithSimulatedRpca2d4e021/s7/8246d0e7-9b68-432a-a463-4cd87b055e3a has been successfully formatted.
2024-10-31 03:23:42,087 WARN  statemachine.StateMachine (ArithmeticStateMachine.java:loadSnapshot(115)) - The snapshot info is null.
2024-10-31 03:23:42,087 INFO  server.RaftServerConfigKeys (ConfUtils.java:logGet(46)) - raft.server.log.use.memory = false (default)
2024-10-31 03:23:42,087 INFO  server.RaftServerConfigKeys (ConfUtils.java:logGet(46)) - raft.server.log.purge.gap = 1024 (default)
2024-10-31 03:23:42,087 INFO  server.RaftServerConfigKeys (ConfUtils.java:logGet(46)) - raft.server.log.appender.buffer.byte-limit = 4MB (=4194304) (default)
2024-10-31 03:23:42,087 INFO  server.RaftServerConfigKeys (ConfUtils.java:logGet(46)) - raft.server.log.statemachine.data.read.timeout = 1000ms (default)
2024-10-31 03:23:42,087 INFO  server.RaftServerConfigKeys (ConfUtils.java:logGet(46)) - raft.server.log.purge.preservation.log.num = 0 (default)
2024-10-31 03:23:42,088 INFO  server.RaftServerConfigKeys (ConfUtils.java:logGet(46)) - raft.server.log.segment.size.max = 32MB (=33554432) (default)
2024-10-31 03:23:42,088 INFO  server.RaftServerConfigKeys (ConfUtils.java:logGet(46)) - raft.server.log.segment.cache.num.max = 6 (default)
2024-10-31 03:23:42,088 INFO  server.RaftServerConfigKeys (ConfUtils.java:logGet(46)) - raft.server.log.segment.cache.size.max = 200MB (=209715200) (default)
2024-10-31 03:23:42,088 INFO  server.RaftServerConfigKeys (ConfUtils.java:logGet(46)) - raft.server.log.appender.buffer.byte-limit = 4MB (=4194304) (default)
2024-10-31 03:23:42,089 INFO  util.AwaitToRun (AwaitToRun.java:start(81)) - Thread[s7@group-4CD87B055E3A-cacheEviction-AwaitToRun,5,main] started
2024-10-31 03:23:42,089 INFO  segmented.SegmentedRaftLogWorker (SegmentedRaftLogWorker.java:<init>(189)) - new s7@group-4CD87B055E3A-SegmentedRaftLogWorker for RaftStorageImpl:Storage Directory /home/runner/work/ratis/ratis/ratis-examples/target/test/data/f203f927/MiniRaftClusterWithSimulatedRpca2d4e021/s7/8246d0e7-9b68-432a-a463-4cd87b055e3a
2024-10-31 03:23:42,089 INFO  server.RaftServerConfigKeys (ConfUtils.java:logGet(46)) - raft.server.log.queue.byte-limit = 64MB (=67108864) (default)
2024-10-31 03:23:42,089 INFO  server.RaftServerConfigKeys (ConfUtils.java:logGet(46)) - raft.server.log.queue.element-limit = 4096 (default)
2024-10-31 03:23:42,089 INFO  server.RaftServerConfigKeys (ConfUtils.java:logGet(46)) - raft.server.log.segment.size.max = 32MB (=33554432) (default)
2024-10-31 03:23:42,089 INFO  server.RaftServerConfigKeys (ConfUtils.java:logGet(46)) - raft.server.log.preallocated.size = 4MB (=4194304) (default)
2024-10-31 03:23:42,089 INFO  server.RaftServerConfigKeys (ConfUtils.java:logGet(46)) - raft.server.log.force.sync.num = 128 (default)
2024-10-31 03:23:42,089 INFO  server.RaftServerConfigKeys (ConfUtils.java:logGet(46)) - raft.server.log.statemachine.data.sync = true (default)
2024-10-31 03:23:42,089 INFO  server.RaftServerConfigKeys (ConfUtils.java:logGet(46)) - raft.server.log.statemachine.data.sync.timeout = 10s (default)
2024-10-31 03:23:42,089 INFO  server.RaftServerConfigKeys (ConfUtils.java:logGet(46)) - raft.server.log.statemachine.data.sync.timeout.retry = -1 (default)
2024-10-31 03:23:42,090 INFO  server.RaftServerConfigKeys (ConfUtils.java:logGet(46)) - raft.server.log.write.buffer.size = 8MB (=8388608) (default)
2024-10-31 03:23:42,092 INFO  server.RaftServerConfigKeys (ConfUtils.java:logGet(46)) - raft.server.log.appender.buffer.byte-limit = 4MB (=4194304) (default)
2024-10-31 03:23:42,092 INFO  server.RaftServerConfigKeys (ConfUtils.java:logGet(46)) - raft.server.log.unsafe-flush.enabled = false (default)
2024-10-31 03:23:42,092 INFO  server.RaftServerConfigKeys (ConfUtils.java:logGet(46)) - raft.server.log.async-flush.enabled = false (default)
2024-10-31 03:23:42,092 INFO  server.RaftServerConfigKeys (ConfUtils.java:logGet(46)) - raft.server.log.statemachine.data.caching.enabled = false (default)
2024-10-31 03:23:42,092 INFO  segmented.SegmentedRaftLogWorker (SegmentedRaftLogWorker.java:lambda$new$0(140)) - s7@group-4CD87B055E3A-SegmentedRaftLogWorker: flushIndex: setUnconditionally 0 -> -1
2024-10-31 03:23:42,092 INFO  segmented.SegmentedRaftLogWorker (SegmentedRaftLogWorker.java:lambda$new$0(140)) - s7@group-4CD87B055E3A-SegmentedRaftLogWorker: safeCacheEvictIndex: setUnconditionally 0 -> -1
2024-10-31 03:23:42,093 INFO  server.RaftServer$Division (RaftServerImpl.java:start(392)) - s7@group-4CD87B055E3A: start as a follower, conf=conf: {index: -1, cur=peers:[s7, s8, s9]|listeners:[], old=null}
2024-10-31 03:23:42,093 INFO  server.RaftServer$Division (RaftServerImpl.java:setRole(379)) - s7@group-4CD87B055E3A: changes role from      null to FOLLOWER at term 0 for startAsFollower
2024-10-31 03:23:42,093 INFO  impl.RoleInfo (RoleInfo.java:updateAndGet(148)) - s7: start s7@group-4CD87B055E3A-FollowerState
2024-10-31 03:23:42,093 INFO  server.RaftServerConfigKeys (ConfUtils.java:logFallback(53)) - raft.server.rpc.first-election.timeout.min = 300ms (fallback to raft.server.rpc.timeout.min)
2024-10-31 03:23:42,093 INFO  util.JmxRegister (JmxRegister.java:tryRegister(44)) - Successfully registered JMX Bean with object name Ratis:service=RaftServer,group=group-4CD87B055E3A,id=s7
2024-10-31 03:23:42,093 INFO  util.JmxRegister (JmxRegister.java:register(58)) - register mxBean class org.apache.ratis.server.impl.RaftServerJmxAdapter as Ratis:service=RaftServer,group=group-4CD87B055E3A,id=s7
2024-10-31 03:23:42,093 INFO  server.RaftServerConfigKeys (ConfUtils.java:logFallback(53)) - raft.server.rpc.first-election.timeout.max = 600ms (fallback to raft.server.rpc.timeout.max)
2024-10-31 03:23:42,093 INFO  server.RaftServerConfigKeys (ConfUtils.java:logGet(46)) - raft.server.snapshot.trigger-when-stop.enabled = true (default)
2024-10-31 03:23:42,094 INFO  server.RaftServerConfigKeys (ConfUtils.java:logGet(46)) - raft.server.snapshot.trigger-when-remove.enabled = true (default)
2024-10-31 03:23:42,094 INFO  server.RaftServerConfigKeys (ConfUtils.java:logGet(46)) - raft.server.snapshot.auto.trigger.enabled = false (default)
2024-10-31 03:23:42,094 INFO  server.RaftServerConfigKeys (ConfUtils.java:logGet(46)) - raft.server.snapshot.retention.file.num = -1 (default)
2024-10-31 03:23:42,094 INFO  server.RaftServerConfigKeys (ConfUtils.java:logGet(46)) - raft.server.log.purge.upto.snapshot.index = false (default)
2024-10-31 03:23:42,094 INFO  server.RaftServer$Division (RaftServerImpl.java:start(406)) - s7@group-4CD87B055E3A: Successfully started.
2024-10-31 03:23:42,095 INFO  server.RaftServer (RaftServerProxy.java:addNew(101)) - s8: addNew group-4CD87B055E3A:[s7, s8, s9] returns group-4CD87B055E3A:java.util.concurrent.CompletableFuture@d5fc97c[Not completed]
2024-10-31 03:23:42,095 INFO  server.RaftServer$Division (RaftServerImpl.java:<init>(256)) - s8: new RaftServerImpl for group-4CD87B055E3A:[s7, s8, s9] with ArithmeticStateMachine:uninitialized
2024-10-31 03:23:42,095 INFO  server.RaftServerConfigKeys (ConfUtils.java:logGet(46)) - raft.server.rpc.timeout.min = 300ms (custom)
2024-10-31 03:23:42,095 INFO  server.RaftServerConfigKeys (ConfUtils.java:logGet(46)) - raft.server.rpc.timeout.max = 600ms (custom)
2024-10-31 03:23:42,096 INFO  server.RaftServerConfigKeys (ConfUtils.java:logGet(46)) - raft.server.rpc.sleep.time = 25ms (default)
2024-10-31 03:23:42,096 INFO  server.RaftServerConfigKeys (ConfUtils.java:logGet(46)) - raft.server.rpc.slowness.timeout = 60s (default)
2024-10-31 03:23:42,096 INFO  server.RaftServerConfigKeys (ConfUtils.java:logGet(46)) - raft.server.leaderelection.leader.step-down.wait-time = 10s (default)
2024-10-31 03:23:42,096 INFO  server.RaftServerConfigKeys (ConfUtils.java:logGet(46)) - raft.server.leaderelection.member.majority-add = false (default)
2024-10-31 03:23:42,096 INFO  server.RaftServerConfigKeys (ConfUtils.java:logGet(46)) - raft.server.sleep.deviation.threshold = 300ms (default)
2024-10-31 03:23:42,096 INFO  server.RaftServer$Division (ServerState.java:<init>(114)) - s8@group-4CD87B055E3A: ConfigurationManager, init=conf: {index: -1, cur=peers:[s7, s8, s9]|listeners:[], old=null}, confs=<EMPTY_MAP>
2024-10-31 03:23:42,096 INFO  server.RaftServerConfigKeys (ConfUtils.java:logGet(46)) - raft.server.notification.no-leader.timeout = 60s (default)
2024-10-31 03:23:42,096 INFO  server.RaftServerConfigKeys (ConfUtils.java:logGet(46)) - raft.server.read.timeout = 10s (default)
2024-10-31 03:23:42,096 INFO  server.RaftServerConfigKeys (ConfUtils.java:logGet(46)) - raft.server.retrycache.expirytime = 60s (default)
2024-10-31 03:23:42,096 INFO  server.RaftServerConfigKeys (ConfUtils.java:logGet(46)) - raft.server.retrycache.statistics.expirytime = 100ms (default)
2024-10-31 03:23:42,096 INFO  server.RaftServerConfigKeys (ConfUtils.java:logGet(46)) - raft.server.read.option = DEFAULT (default)
2024-10-31 03:23:42,096 INFO  server.RaftServerConfigKeys (ConfUtils.java:logGet(46)) - raft.server.read.read-after-write-consistent.write-index-cache.expiry-time = 60s (default)
2024-10-31 03:23:42,097 INFO  server.RaftServerConfigKeys (ConfUtils.java:logGet(46)) - raft.server.rpc.request.timeout = 3000ms (default)
2024-10-31 03:23:42,097 INFO  server.RaftServerConfigKeys (ConfUtils.java:logGet(46)) - raft.server.log.appender.install.snapshot.enabled = true (default)
2024-10-31 03:23:42,097 INFO  server.RaftServerConfigKeys (ConfUtils.java:logGet(46)) - raft.server.threadpool.server.cached = true (default)
2024-10-31 03:23:42,097 INFO  server.RaftServerConfigKeys (ConfUtils.java:logGet(46)) - raft.server.threadpool.server.size = 0 (default)
2024-10-31 03:23:42,097 INFO  server.RaftServerConfigKeys (ConfUtils.java:logGet(46)) - raft.server.threadpool.client.cached = true (default)
2024-10-31 03:23:42,097 INFO  server.RaftServerConfigKeys (ConfUtils.java:logGet(46)) - raft.server.threadpool.client.size = 0 (default)
2024-10-31 03:23:42,097 INFO  server.RaftServerConfigKeys (ConfUtils.java:logGet(46)) - raft.server.storage.free-space.min = 0MB (=0) (default)
2024-10-31 03:23:42,098 INFO  server.RaftServerConfigKeys (ConfUtils.java:logGet(46)) - raft.server.log.corruption.policy = EXCEPTION (default)
2024-10-31 03:23:42,098 INFO  server.RaftServerConfigKeys (ConfUtils.java:logGet(46)) - raft.server.storage.dir = [/home/runner/work/ratis/ratis/ratis-examples/target/test/data/f203f927/MiniRaftClusterWithSimulatedRpca2d4e021/s8] (custom)
2024-10-31 03:23:42,098 INFO  storage.RaftStorageDirectory (RaftStorageDirectoryImpl.java:analyzeStorage(138)) - The storage directory /home/runner/work/ratis/ratis/ratis-examples/target/test/data/f203f927/MiniRaftClusterWithSimulatedRpca2d4e021/s8/8246d0e7-9b68-432a-a463-4cd87b055e3a does not exist. Creating ...
2024-10-31 03:23:42,098 TRACE util.FileUtils (LogUtils.java:runAndLog(49)) - Successfully ran Files.createDirectories /home/runner/work/ratis/ratis/ratis-examples/target/test/data/f203f927/MiniRaftClusterWithSimulatedRpca2d4e021/s8/8246d0e7-9b68-432a-a463-4cd87b055e3a
2024-10-31 03:23:42,099 INFO  storage.RaftStorageDirectory (RaftStorageDirectoryImpl.java:tryLock(229)) - Lock on /home/runner/work/ratis/ratis/ratis-examples/target/test/data/f203f927/MiniRaftClusterWithSimulatedRpca2d4e021/s8/8246d0e7-9b68-432a-a463-4cd87b055e3a/in_use.lock acquired by nodename 14975@fv-az1757-779
2024-10-31 03:23:42,099 TRACE util.FileUtils (LogUtils.java:runAndLog(49)) - Successfully ran Files.createDirectories /home/runner/work/ratis/ratis/ratis-examples/target/test/data/f203f927/MiniRaftClusterWithSimulatedRpca2d4e021/s8/8246d0e7-9b68-432a-a463-4cd87b055e3a/current
2024-10-31 03:23:42,100 TRACE util.FileUtils (LogUtils.java:runAndLog(49)) - Successfully ran Files.createDirectories /home/runner/work/ratis/ratis/ratis-examples/target/test/data/f203f927/MiniRaftClusterWithSimulatedRpca2d4e021/s8/8246d0e7-9b68-432a-a463-4cd87b055e3a/sm
2024-10-31 03:23:42,100 TRACE util.FileUtils (LogUtils.java:supplyAndLog(69)) - Successfully supplied FileChannel.open /home/runner/work/ratis/ratis/ratis-examples/target/test/data/f203f927/MiniRaftClusterWithSimulatedRpca2d4e021/s8/8246d0e7-9b68-432a-a463-4cd87b055e3a/current/raft-meta.tmp with options [CREATE, WRITE]: sun.nio.ch.FileChannelImpl@438aa425
2024-10-31 03:23:42,101 TRACE util.FileUtils (LogUtils.java:runAndLog(49)) - Successfully ran Atomic Files.move /home/runner/work/ratis/ratis/ratis-examples/target/test/data/f203f927/MiniRaftClusterWithSimulatedRpca2d4e021/s8/8246d0e7-9b68-432a-a463-4cd87b055e3a/current/raft-meta.tmp to /home/runner/work/ratis/ratis/ratis-examples/target/test/data/f203f927/MiniRaftClusterWithSimulatedRpca2d4e021/s8/8246d0e7-9b68-432a-a463-4cd87b055e3a/current/raft-meta with options [REPLACE_EXISTING]
2024-10-31 03:23:42,101 INFO  storage.RaftStorage (RaftStorageImpl.java:format(98)) - Storage directory /home/runner/work/ratis/ratis/ratis-examples/target/test/data/f203f927/MiniRaftClusterWithSimulatedRpca2d4e021/s8/8246d0e7-9b68-432a-a463-4cd87b055e3a has been successfully formatted.
2024-10-31 03:23:42,101 WARN  statemachine.StateMachine (ArithmeticStateMachine.java:loadSnapshot(115)) - The snapshot info is null.
2024-10-31 03:23:42,101 INFO  server.RaftServerConfigKeys (ConfUtils.java:logGet(46)) - raft.server.log.use.memory = false (default)
2024-10-31 03:23:42,101 INFO  server.RaftServerConfigKeys (ConfUtils.java:logGet(46)) - raft.server.log.purge.gap = 1024 (default)
2024-10-31 03:23:42,101 INFO  server.RaftServerConfigKeys (ConfUtils.java:logGet(46)) - raft.server.log.appender.buffer.byte-limit = 4MB (=4194304) (default)
2024-10-31 03:23:42,101 INFO  server.RaftServerConfigKeys (ConfUtils.java:logGet(46)) - raft.server.log.statemachine.data.read.timeout = 1000ms (default)
2024-10-31 03:23:42,102 INFO  server.RaftServerConfigKeys (ConfUtils.java:logGet(46)) - raft.server.log.purge.preservation.log.num = 0 (default)
2024-10-31 03:23:42,102 INFO  server.RaftServerConfigKeys (ConfUtils.java:logGet(46)) - raft.server.log.segment.size.max = 32MB (=33554432) (default)
2024-10-31 03:23:42,102 INFO  server.RaftServerConfigKeys (ConfUtils.java:logGet(46)) - raft.server.log.segment.cache.num.max = 6 (default)
2024-10-31 03:23:42,102 INFO  server.RaftServerConfigKeys (ConfUtils.java:logGet(46)) - raft.server.log.segment.cache.size.max = 200MB (=209715200) (default)
2024-10-31 03:23:42,102 INFO  server.RaftServerConfigKeys (ConfUtils.java:logGet(46)) - raft.server.log.appender.buffer.byte-limit = 4MB (=4194304) (default)
2024-10-31 03:23:42,102 INFO  util.AwaitToRun (AwaitToRun.java:start(81)) - Thread[s8@group-4CD87B055E3A-cacheEviction-AwaitToRun,5,main] started
2024-10-31 03:23:42,102 INFO  segmented.SegmentedRaftLogWorker (SegmentedRaftLogWorker.java:<init>(189)) - new s8@group-4CD87B055E3A-SegmentedRaftLogWorker for RaftStorageImpl:Storage Directory /home/runner/work/ratis/ratis/ratis-examples/target/test/data/f203f927/MiniRaftClusterWithSimulatedRpca2d4e021/s8/8246d0e7-9b68-432a-a463-4cd87b055e3a
2024-10-31 03:23:42,103 INFO  server.RaftServerConfigKeys (ConfUtils.java:logGet(46)) - raft.server.log.queue.byte-limit = 64MB (=67108864) (default)
2024-10-31 03:23:42,103 INFO  server.RaftServerConfigKeys (ConfUtils.java:logGet(46)) - raft.server.log.queue.element-limit = 4096 (default)
2024-10-31 03:23:42,103 INFO  server.RaftServerConfigKeys (ConfUtils.java:logGet(46)) - raft.server.log.segment.size.max = 32MB (=33554432) (default)
2024-10-31 03:23:42,103 INFO  server.RaftServerConfigKeys (ConfUtils.java:logGet(46)) - raft.server.log.preallocated.size = 4MB (=4194304) (default)
2024-10-31 03:23:42,103 INFO  server.RaftServerConfigKeys (ConfUtils.java:logGet(46)) - raft.server.log.force.sync.num = 128 (default)
2024-10-31 03:23:42,103 INFO  server.RaftServerConfigKeys (ConfUtils.java:logGet(46)) - raft.server.log.statemachine.data.sync = true (default)
2024-10-31 03:23:42,103 INFO  server.RaftServerConfigKeys (ConfUtils.java:logGet(46)) - raft.server.log.statemachine.data.sync.timeout = 10s (default)
2024-10-31 03:23:42,103 INFO  server.RaftServerConfigKeys (ConfUtils.java:logGet(46)) - raft.server.log.statemachine.data.sync.timeout.retry = -1 (default)
2024-10-31 03:23:42,103 INFO  server.RaftServerConfigKeys (ConfUtils.java:logGet(46)) - raft.server.log.write.buffer.size = 8MB (=8388608) (default)
2024-10-31 03:23:42,105 INFO  server.RaftServerConfigKeys (ConfUtils.java:logGet(46)) - raft.server.log.appender.buffer.byte-limit = 4MB (=4194304) (default)
2024-10-31 03:23:42,105 INFO  server.RaftServerConfigKeys (ConfUtils.java:logGet(46)) - raft.server.log.unsafe-flush.enabled = false (default)
2024-10-31 03:23:42,106 INFO  server.RaftServerConfigKeys (ConfUtils.java:logGet(46)) - raft.server.log.async-flush.enabled = false (default)
2024-10-31 03:23:42,106 INFO  server.RaftServerConfigKeys (ConfUtils.java:logGet(46)) - raft.server.log.statemachine.data.caching.enabled = false (default)
2024-10-31 03:23:42,106 INFO  segmented.SegmentedRaftLogWorker (SegmentedRaftLogWorker.java:lambda$new$0(140)) - s8@group-4CD87B055E3A-SegmentedRaftLogWorker: flushIndex: setUnconditionally 0 -> -1
2024-10-31 03:23:42,106 INFO  segmented.SegmentedRaftLogWorker (SegmentedRaftLogWorker.java:lambda$new$0(140)) - s8@group-4CD87B055E3A-SegmentedRaftLogWorker: safeCacheEvictIndex: setUnconditionally 0 -> -1
2024-10-31 03:23:42,106 INFO  server.RaftServer$Division (RaftServerImpl.java:start(392)) - s8@group-4CD87B055E3A: start as a follower, conf=conf: {index: -1, cur=peers:[s7, s8, s9]|listeners:[], old=null}
2024-10-31 03:23:42,106 INFO  server.RaftServer$Division (RaftServerImpl.java:setRole(379)) - s8@group-4CD87B055E3A: changes role from      null to FOLLOWER at term 0 for startAsFollower
2024-10-31 03:23:42,106 INFO  impl.RoleInfo (RoleInfo.java:updateAndGet(148)) - s8: start s8@group-4CD87B055E3A-FollowerState
2024-10-31 03:23:42,107 INFO  server.RaftServerConfigKeys (ConfUtils.java:logFallback(53)) - raft.server.rpc.first-election.timeout.min = 300ms (fallback to raft.server.rpc.timeout.min)
2024-10-31 03:23:42,107 INFO  util.JmxRegister (JmxRegister.java:tryRegister(44)) - Successfully registered JMX Bean with object name Ratis:service=RaftServer,group=group-4CD87B055E3A,id=s8
2024-10-31 03:23:42,107 INFO  util.JmxRegister (JmxRegister.java:register(58)) - register mxBean class org.apache.ratis.server.impl.RaftServerJmxAdapter as Ratis:service=RaftServer,group=group-4CD87B055E3A,id=s8
2024-10-31 03:23:42,107 INFO  server.RaftServerConfigKeys (ConfUtils.java:logFallback(53)) - raft.server.rpc.first-election.timeout.max = 600ms (fallback to raft.server.rpc.timeout.max)
2024-10-31 03:23:42,107 INFO  server.RaftServerConfigKeys (ConfUtils.java:logGet(46)) - raft.server.snapshot.trigger-when-stop.enabled = true (default)
2024-10-31 03:23:42,107 INFO  server.RaftServerConfigKeys (ConfUtils.java:logGet(46)) - raft.server.snapshot.trigger-when-remove.enabled = true (default)
2024-10-31 03:23:42,107 INFO  server.RaftServerConfigKeys (ConfUtils.java:logGet(46)) - raft.server.snapshot.auto.trigger.enabled = false (default)
2024-10-31 03:23:42,107 INFO  server.RaftServerConfigKeys (ConfUtils.java:logGet(46)) - raft.server.snapshot.retention.file.num = -1 (default)
2024-10-31 03:23:42,107 INFO  server.RaftServerConfigKeys (ConfUtils.java:logGet(46)) - raft.server.log.purge.upto.snapshot.index = false (default)
2024-10-31 03:23:42,107 INFO  server.RaftServer$Division (RaftServerImpl.java:start(406)) - s8@group-4CD87B055E3A: Successfully started.
2024-10-31 03:23:42,108 INFO  server.RaftServer (RaftServerProxy.java:addNew(101)) - s9: addNew group-4CD87B055E3A:[s7, s8, s9] returns group-4CD87B055E3A:java.util.concurrent.CompletableFuture@6fb45d8b[Not completed]
2024-10-31 03:23:42,108 INFO  server.RaftServer$Division (RaftServerImpl.java:<init>(256)) - s9: new RaftServerImpl for group-4CD87B055E3A:[s7, s8, s9] with ArithmeticStateMachine:uninitialized
2024-10-31 03:23:42,108 INFO  server.RaftServerConfigKeys (ConfUtils.java:logGet(46)) - raft.server.rpc.timeout.min = 300ms (custom)
2024-10-31 03:23:42,109 INFO  server.RaftServerConfigKeys (ConfUtils.java:logGet(46)) - raft.server.rpc.timeout.max = 600ms (custom)
2024-10-31 03:23:42,109 INFO  server.RaftServerConfigKeys (ConfUtils.java:logGet(46)) - raft.server.rpc.sleep.time = 25ms (default)
2024-10-31 03:23:42,109 INFO  server.RaftServerConfigKeys (ConfUtils.java:logGet(46)) - raft.server.rpc.slowness.timeout = 60s (default)
2024-10-31 03:23:42,109 INFO  server.RaftServerConfigKeys (ConfUtils.java:logGet(46)) - raft.server.leaderelection.leader.step-down.wait-time = 10s (default)
2024-10-31 03:23:42,109 INFO  server.RaftServerConfigKeys (ConfUtils.java:logGet(46)) - raft.server.leaderelection.member.majority-add = false (default)
2024-10-31 03:23:42,109 INFO  server.RaftServerConfigKeys (ConfUtils.java:logGet(46)) - raft.server.sleep.deviation.threshold = 300ms (default)
2024-10-31 03:23:42,109 INFO  server.RaftServer$Division (ServerState.java:<init>(114)) - s9@group-4CD87B055E3A: ConfigurationManager, init=conf: {index: -1, cur=peers:[s7, s8, s9]|listeners:[], old=null}, confs=<EMPTY_MAP>
2024-10-31 03:23:42,109 INFO  server.RaftServerConfigKeys (ConfUtils.java:logGet(46)) - raft.server.notification.no-leader.timeout = 60s (default)
2024-10-31 03:23:42,109 INFO  server.RaftServerConfigKeys (ConfUtils.java:logGet(46)) - raft.server.read.timeout = 10s (default)
2024-10-31 03:23:42,109 INFO  server.RaftServerConfigKeys (ConfUtils.java:logGet(46)) - raft.server.retrycache.expirytime = 60s (default)
2024-10-31 03:23:42,109 INFO  server.RaftServerConfigKeys (ConfUtils.java:logGet(46)) - raft.server.retrycache.statistics.expirytime = 100ms (default)
2024-10-31 03:23:42,109 INFO  server.RaftServerConfigKeys (ConfUtils.java:logGet(46)) - raft.server.read.option = DEFAULT (default)
2024-10-31 03:23:42,109 INFO  server.RaftServerConfigKeys (ConfUtils.java:logGet(46)) - raft.server.read.read-after-write-consistent.write-index-cache.expiry-time = 60s (default)
2024-10-31 03:23:42,110 INFO  server.RaftServerConfigKeys (ConfUtils.java:logGet(46)) - raft.server.rpc.request.timeout = 3000ms (default)
2024-10-31 03:23:42,110 INFO  server.RaftServerConfigKeys (ConfUtils.java:logGet(46)) - raft.server.log.appender.install.snapshot.enabled = true (default)
2024-10-31 03:23:42,110 INFO  server.RaftServerConfigKeys (ConfUtils.java:logGet(46)) - raft.server.threadpool.server.cached = true (default)
2024-10-31 03:23:42,110 INFO  server.RaftServerConfigKeys (ConfUtils.java:logGet(46)) - raft.server.threadpool.server.size = 0 (default)
2024-10-31 03:23:42,110 INFO  server.RaftServerConfigKeys (ConfUtils.java:logGet(46)) - raft.server.threadpool.client.cached = true (default)
2024-10-31 03:23:42,110 INFO  server.RaftServerConfigKeys (ConfUtils.java:logGet(46)) - raft.server.threadpool.client.size = 0 (default)
2024-10-31 03:23:42,110 INFO  server.RaftServerConfigKeys (ConfUtils.java:logGet(46)) - raft.server.storage.free-space.min = 0MB (=0) (default)
2024-10-31 03:23:42,110 INFO  server.RaftServerConfigKeys (ConfUtils.java:logGet(46)) - raft.server.log.corruption.policy = EXCEPTION (default)
2024-10-31 03:23:42,110 INFO  server.RaftServerConfigKeys (ConfUtils.java:logGet(46)) - raft.server.storage.dir = [/home/runner/work/ratis/ratis/ratis-examples/target/test/data/f203f927/MiniRaftClusterWithSimulatedRpca2d4e021/s9] (custom)
2024-10-31 03:23:42,111 INFO  storage.RaftStorageDirectory (RaftStorageDirectoryImpl.java:analyzeStorage(138)) - The storage directory /home/runner/work/ratis/ratis/ratis-examples/target/test/data/f203f927/MiniRaftClusterWithSimulatedRpca2d4e021/s9/8246d0e7-9b68-432a-a463-4cd87b055e3a does not exist. Creating ...
2024-10-31 03:23:42,111 TRACE util.FileUtils (LogUtils.java:runAndLog(49)) - Successfully ran Files.createDirectories /home/runner/work/ratis/ratis/ratis-examples/target/test/data/f203f927/MiniRaftClusterWithSimulatedRpca2d4e021/s9/8246d0e7-9b68-432a-a463-4cd87b055e3a
2024-10-31 03:23:42,112 INFO  storage.RaftStorageDirectory (RaftStorageDirectoryImpl.java:tryLock(229)) - Lock on /home/runner/work/ratis/ratis/ratis-examples/target/test/data/f203f927/MiniRaftClusterWithSimulatedRpca2d4e021/s9/8246d0e7-9b68-432a-a463-4cd87b055e3a/in_use.lock acquired by nodename 14975@fv-az1757-779
2024-10-31 03:23:42,112 TRACE util.FileUtils (LogUtils.java:runAndLog(49)) - Successfully ran Files.createDirectories /home/runner/work/ratis/ratis/ratis-examples/target/test/data/f203f927/MiniRaftClusterWithSimulatedRpca2d4e021/s9/8246d0e7-9b68-432a-a463-4cd87b055e3a/current
2024-10-31 03:23:42,112 TRACE util.FileUtils (LogUtils.java:runAndLog(49)) - Successfully ran Files.createDirectories /home/runner/work/ratis/ratis/ratis-examples/target/test/data/f203f927/MiniRaftClusterWithSimulatedRpca2d4e021/s9/8246d0e7-9b68-432a-a463-4cd87b055e3a/sm
2024-10-31 03:23:42,112 TRACE util.FileUtils (LogUtils.java:supplyAndLog(69)) - Successfully supplied FileChannel.open /home/runner/work/ratis/ratis/ratis-examples/target/test/data/f203f927/MiniRaftClusterWithSimulatedRpca2d4e021/s9/8246d0e7-9b68-432a-a463-4cd87b055e3a/current/raft-meta.tmp with options [CREATE, WRITE]: sun.nio.ch.FileChannelImpl@27135f23
2024-10-31 03:23:42,113 TRACE util.FileUtils (LogUtils.java:runAndLog(49)) - Successfully ran Atomic Files.move /home/runner/work/ratis/ratis/ratis-examples/target/test/data/f203f927/MiniRaftClusterWithSimulatedRpca2d4e021/s9/8246d0e7-9b68-432a-a463-4cd87b055e3a/current/raft-meta.tmp to /home/runner/work/ratis/ratis/ratis-examples/target/test/data/f203f927/MiniRaftClusterWithSimulatedRpca2d4e021/s9/8246d0e7-9b68-432a-a463-4cd87b055e3a/current/raft-meta with options [REPLACE_EXISTING]
2024-10-31 03:23:42,113 INFO  storage.RaftStorage (RaftStorageImpl.java:format(98)) - Storage directory /home/runner/work/ratis/ratis/ratis-examples/target/test/data/f203f927/MiniRaftClusterWithSimulatedRpca2d4e021/s9/8246d0e7-9b68-432a-a463-4cd87b055e3a has been successfully formatted.
2024-10-31 03:23:42,113 WARN  statemachine.StateMachine (ArithmeticStateMachine.java:loadSnapshot(115)) - The snapshot info is null.
2024-10-31 03:23:42,113 INFO  server.RaftServerConfigKeys (ConfUtils.java:logGet(46)) - raft.server.log.use.memory = false (default)
2024-10-31 03:23:42,113 INFO  server.RaftServerConfigKeys (ConfUtils.java:logGet(46)) - raft.server.log.purge.gap = 1024 (default)
2024-10-31 03:23:42,114 INFO  server.RaftServerConfigKeys (ConfUtils.java:logGet(46)) - raft.server.log.appender.buffer.byte-limit = 4MB (=4194304) (default)
2024-10-31 03:23:42,114 INFO  server.RaftServerConfigKeys (ConfUtils.java:logGet(46)) - raft.server.log.statemachine.data.read.timeout = 1000ms (default)
2024-10-31 03:23:42,114 INFO  server.RaftServerConfigKeys (ConfUtils.java:logGet(46)) - raft.server.log.purge.preservation.log.num = 0 (default)
2024-10-31 03:23:42,114 INFO  server.RaftServerConfigKeys (ConfUtils.java:logGet(46)) - raft.server.log.segment.size.max = 32MB (=33554432) (default)
2024-10-31 03:23:42,114 INFO  server.RaftServerConfigKeys (ConfUtils.java:logGet(46)) - raft.server.log.segment.cache.num.max = 6 (default)
2024-10-31 03:23:42,114 INFO  server.RaftServerConfigKeys (ConfUtils.java:logGet(46)) - raft.server.log.segment.cache.size.max = 200MB (=209715200) (default)
2024-10-31 03:23:42,114 INFO  server.RaftServerConfigKeys (ConfUtils.java:logGet(46)) - raft.server.log.appender.buffer.byte-limit = 4MB (=4194304) (default)
2024-10-31 03:23:42,115 INFO  util.AwaitToRun (AwaitToRun.java:start(81)) - Thread[s9@group-4CD87B055E3A-cacheEviction-AwaitToRun,5,main] started
2024-10-31 03:23:42,115 INFO  segmented.SegmentedRaftLogWorker (SegmentedRaftLogWorker.java:<init>(189)) - new s9@group-4CD87B055E3A-SegmentedRaftLogWorker for RaftStorageImpl:Storage Directory /home/runner/work/ratis/ratis/ratis-examples/target/test/data/f203f927/MiniRaftClusterWithSimulatedRpca2d4e021/s9/8246d0e7-9b68-432a-a463-4cd87b055e3a
2024-10-31 03:23:42,115 INFO  server.RaftServerConfigKeys (ConfUtils.java:logGet(46)) - raft.server.log.queue.byte-limit = 64MB (=67108864) (default)
2024-10-31 03:23:42,115 INFO  server.RaftServerConfigKeys (ConfUtils.java:logGet(46)) - raft.server.log.queue.element-limit = 4096 (default)
2024-10-31 03:23:42,115 INFO  server.RaftServerConfigKeys (ConfUtils.java:logGet(46)) - raft.server.log.segment.size.max = 32MB (=33554432) (default)
2024-10-31 03:23:42,115 INFO  server.RaftServerConfigKeys (ConfUtils.java:logGet(46)) - raft.server.log.preallocated.size = 4MB (=4194304) (default)
2024-10-31 03:23:42,115 INFO  server.RaftServerConfigKeys (ConfUtils.java:logGet(46)) - raft.server.log.force.sync.num = 128 (default)
2024-10-31 03:23:42,115 INFO  server.RaftServerConfigKeys (ConfUtils.java:logGet(46)) - raft.server.log.statemachine.data.sync = true (default)
2024-10-31 03:23:42,115 INFO  server.RaftServerConfigKeys (ConfUtils.java:logGet(46)) - raft.server.log.statemachine.data.sync.timeout = 10s (default)
2024-10-31 03:23:42,115 INFO  server.RaftServerConfigKeys (ConfUtils.java:logGet(46)) - raft.server.log.statemachine.data.sync.timeout.retry = -1 (default)
2024-10-31 03:23:42,115 INFO  server.RaftServerConfigKeys (ConfUtils.java:logGet(46)) - raft.server.log.write.buffer.size = 8MB (=8388608) (default)
2024-10-31 03:23:42,117 INFO  server.RaftServerConfigKeys (ConfUtils.java:logGet(46)) - raft.server.log.appender.buffer.byte-limit = 4MB (=4194304) (default)
2024-10-31 03:23:42,117 INFO  server.RaftServerConfigKeys (ConfUtils.java:logGet(46)) - raft.server.log.unsafe-flush.enabled = false (default)
2024-10-31 03:23:42,117 INFO  server.RaftServerConfigKeys (ConfUtils.java:logGet(46)) - raft.server.log.async-flush.enabled = false (default)
2024-10-31 03:23:42,117 INFO  server.RaftServerConfigKeys (ConfUtils.java:logGet(46)) - raft.server.log.statemachine.data.caching.enabled = false (default)
2024-10-31 03:23:42,117 INFO  segmented.SegmentedRaftLogWorker (SegmentedRaftLogWorker.java:lambda$new$0(140)) - s9@group-4CD87B055E3A-SegmentedRaftLogWorker: flushIndex: setUnconditionally 0 -> -1
2024-10-31 03:23:42,117 INFO  segmented.SegmentedRaftLogWorker (SegmentedRaftLogWorker.java:lambda$new$0(140)) - s9@group-4CD87B055E3A-SegmentedRaftLogWorker: safeCacheEvictIndex: setUnconditionally 0 -> -1
2024-10-31 03:23:42,117 INFO  server.RaftServer$Division (RaftServerImpl.java:start(392)) - s9@group-4CD87B055E3A: start as a follower, conf=conf: {index: -1, cur=peers:[s7, s8, s9]|listeners:[], old=null}
2024-10-31 03:23:42,118 INFO  server.RaftServer$Division (RaftServerImpl.java:setRole(379)) - s9@group-4CD87B055E3A: changes role from      null to FOLLOWER at term 0 for startAsFollower
2024-10-31 03:23:42,118 INFO  impl.RoleInfo (RoleInfo.java:updateAndGet(148)) - s9: start s9@group-4CD87B055E3A-FollowerState
2024-10-31 03:23:42,118 INFO  server.RaftServerConfigKeys (ConfUtils.java:logFallback(53)) - raft.server.rpc.first-election.timeout.min = 300ms (fallback to raft.server.rpc.timeout.min)
2024-10-31 03:23:42,118 INFO  util.JmxRegister (JmxRegister.java:tryRegister(44)) - Successfully registered JMX Bean with object name Ratis:service=RaftServer,group=group-4CD87B055E3A,id=s9
2024-10-31 03:23:42,118 INFO  server.RaftServerConfigKeys (ConfUtils.java:logFallback(53)) - raft.server.rpc.first-election.timeout.max = 600ms (fallback to raft.server.rpc.timeout.max)
2024-10-31 03:23:42,118 INFO  util.JmxRegister (JmxRegister.java:register(58)) - register mxBean class org.apache.ratis.server.impl.RaftServerJmxAdapter as Ratis:service=RaftServer,group=group-4CD87B055E3A,id=s9
2024-10-31 03:23:42,118 INFO  server.RaftServerConfigKeys (ConfUtils.java:logGet(46)) - raft.server.snapshot.trigger-when-stop.enabled = true (default)
2024-10-31 03:23:42,118 INFO  server.RaftServerConfigKeys (ConfUtils.java:logGet(46)) - raft.server.snapshot.trigger-when-remove.enabled = true (default)
2024-10-31 03:23:42,118 INFO  server.RaftServerConfigKeys (ConfUtils.java:logGet(46)) - raft.server.snapshot.auto.trigger.enabled = false (default)
2024-10-31 03:23:42,119 INFO  server.RaftServerConfigKeys (ConfUtils.java:logGet(46)) - raft.server.snapshot.retention.file.num = -1 (default)
2024-10-31 03:23:42,119 INFO  server.RaftServerConfigKeys (ConfUtils.java:logGet(46)) - raft.server.log.purge.upto.snapshot.index = false (default)
2024-10-31 03:23:42,119 INFO  server.RaftServer$Division (RaftServerImpl.java:start(406)) - s9@group-4CD87B055E3A: Successfully started.
2024-10-31 03:23:42,119 INFO  server.RaftServerConfigKeys (ConfUtils.java:logGet(46)) - raft.server.rpc.timeout.max = 600ms (custom)
2024-10-31 03:23:42,122 INFO  ratis.RaftTestUtil (RaftTestUtil.java:waitForLeader(107)) - printing group-4CD87B055E3A
  s7:  RUNNING [
   FOLLOWER s7@group-4EB49E3E6D70:t0, leader=null, voted=, raftlog=Memoized:s7@group-4EB49E3E6D70-SegmentedRaftLog:OPENED:c-1:lastnull, conf=conf: {index: -1, cur=peers:[]|listeners:[], old=null} STARTING
   FOLLOWER s7@group-4CD87B055E3A:t0, leader=null, voted=, raftlog=Memoized:s7@group-4CD87B055E3A-SegmentedRaftLog:OPENED:c-1:lastnull, conf=conf: {index: -1, cur=peers:[s7, s8, s9]|listeners:[], old=null} RUNNING] size=2
  s8:  RUNNING [
   FOLLOWER s8@group-4EB49E3E6D70:t0, leader=null, voted=, raftlog=Memoized:s8@group-4EB49E3E6D70-SegmentedRaftLog:OPENED:c-1:lastnull, conf=conf: {index: -1, cur=peers:[]|listeners:[], old=null} STARTING
   FOLLOWER s8@group-4CD87B055E3A:t0, leader=null, voted=, raftlog=Memoized:s8@group-4CD87B055E3A-SegmentedRaftLog:OPENED:c-1:lastnull, conf=conf: {index: -1, cur=peers:[s7, s8, s9]|listeners:[], old=null} RUNNING] size=2
  s9:  RUNNING [
   FOLLOWER s9@group-4EB49E3E6D70:t0, leader=null, voted=, raftlog=Memoized:s9@group-4EB49E3E6D70-SegmentedRaftLog:OPENED:c-1:lastnull, conf=conf: {index: -1, cur=peers:[]|listeners:[], old=null} STARTING
   FOLLOWER s9@group-4CD87B055E3A:t0, leader=null, voted=, raftlog=Memoized:s9@group-4CD87B055E3A-SegmentedRaftLog:OPENED:c-1:lastnull, conf=conf: {index: -1, cur=peers:[s7, s8, s9]|listeners:[], old=null} RUNNING] size=2
2024-10-31 03:23:42,122 WARN  ratis.RaftTestUtil (RaftTestUtil.java:lambda$waitForLeader$3(126)) - Attempt #1 failed: java.lang.IllegalStateException: No leader yet  for group-4CD87B055E3A: printing group-4CD87B055E3A
  s7:  RUNNING [
   FOLLOWER s7@group-4EB49E3E6D70:t0, leader=null, voted=, raftlog=Memoized:s7@group-4EB49E3E6D70-SegmentedRaftLog:OPENED:c-1:lastnull, conf=conf: {index: -1, cur=peers:[]|listeners:[], old=null} STARTING
   FOLLOWER s7@group-4CD87B055E3A:t0, leader=null, voted=, raftlog=Memoized:s7@group-4CD87B055E3A-SegmentedRaftLog:OPENED:c-1:lastnull, conf=conf: {index: -1, cur=peers:[s7, s8, s9]|listeners:[], old=null} RUNNING] size=2
  s8:  RUNNING [
   FOLLOWER s8@group-4EB49E3E6D70:t0, leader=null, voted=, raftlog=Memoized:s8@group-4EB49E3E6D70-SegmentedRaftLog:OPENED:c-1:lastnull, conf=conf: {index: -1, cur=peers:[]|listeners:[], old=null} STARTING
   FOLLOWER s8@group-4CD87B055E3A:t0, leader=null, voted=, raftlog=Memoized:s8@group-4CD87B055E3A-SegmentedRaftLog:OPENED:c-1:lastnull, conf=conf: {index: -1, cur=peers:[s7, s8, s9]|listeners:[], old=null} RUNNING] size=2
  s9:  RUNNING [
   FOLLOWER s9@group-4EB49E3E6D70:t0, leader=null, voted=, raftlog=Memoized:s9@group-4EB49E3E6D70-SegmentedRaftLog:OPENED:c-1:lastnull, conf=conf: {index: -1, cur=peers:[]|listeners:[], old=null} STARTING
   FOLLOWER s9@group-4CD87B055E3A:t0, leader=null, voted=, raftlog=Memoized:s9@group-4CD87B055E3A-SegmentedRaftLog:OPENED:c-1:lastnull, conf=conf: {index: -1, cur=peers:[s7, s8, s9]|listeners:[], old=null} RUNNING] size=2
2024-10-31 03:23:42,419 INFO  impl.FollowerState (FollowerState.java:runImpl(161)) - s7@group-4CD87B055E3A-FollowerState: change to CANDIDATE, lastRpcElapsedTime:325834303ns, electionTimeout:325ms
2024-10-31 03:23:42,419 INFO  impl.RoleInfo (RoleInfo.java:shutdownFollowerState(121)) - s7: shutdown s7@group-4CD87B055E3A-FollowerState
2024-10-31 03:23:42,419 INFO  server.RaftServer$Division (RaftServerImpl.java:setRole(379)) - s7@group-4CD87B055E3A: changes role from  FOLLOWER to CANDIDATE at term 0 for changeToCandidate
2024-10-31 03:23:42,420 INFO  server.RaftServerConfigKeys (ConfUtils.java:logGet(46)) - raft.server.leaderelection.pre-vote = true (default)
2024-10-31 03:23:42,420 INFO  impl.RoleInfo (RoleInfo.java:updateAndGet(148)) - s7: start s7@group-4CD87B055E3A-LeaderElection6
2024-10-31 03:23:42,420 INFO  impl.LeaderElection (LeaderElection.java:askForVotes(332)) - s7@group-4CD87B055E3A-LeaderElection6 PRE_VOTE round 0: submit vote requests at term 0 for conf: {index: -1, cur=peers:[s7, s8, s9]|listeners:[], old=null}
2024-10-31 03:23:42,421 INFO  server.RaftServerConfigKeys (ConfUtils.java:logFallback(53)) - raft.server.rpc.first-election.timeout.min = 300ms (fallback to raft.server.rpc.timeout.min)
2024-10-31 03:23:42,421 INFO  server.RaftServer$Division (RaftServerImpl.java:requestVote(1452)) - s8@group-4CD87B055E3A: receive requestVote(PRE_VOTE, s7, group-4CD87B055E3A, 0, (t:0, i:0))
2024-10-31 03:23:42,421 INFO  server.RaftServerConfigKeys (ConfUtils.java:logFallback(53)) - raft.server.rpc.first-election.timeout.max = 600ms (fallback to raft.server.rpc.timeout.max)
2024-10-31 03:23:42,421 INFO  impl.VoteContext (VoteContext.java:log(49)) - s8@group-4CD87B055E3A-FOLLOWER: accept PRE_VOTE from s7: our priority 0 <= candidate's priority 0
2024-10-31 03:23:42,421 INFO  server.RaftServer$Division (RaftServerImpl.java:requestVote(1486)) - s8@group-4CD87B055E3A replies to PRE_VOTE vote request: s7<-s8#0:OK-t0. Peer's state: s8@group-4CD87B055E3A:t0, leader=null, voted=, raftlog=Memoized:s8@group-4CD87B055E3A-SegmentedRaftLog:OPENED:c-1:lastnull, conf=conf: {index: -1, cur=peers:[s7, s8, s9]|listeners:[], old=null}
2024-10-31 03:23:42,421 INFO  impl.LeaderElection (LeaderElection.java:logAndReturn(90)) - s7@group-4CD87B055E3A-LeaderElection6: PRE_VOTE PASSED received 1 response(s) and 0 exception(s):
2024-10-31 03:23:42,422 INFO  server.RaftServer$Division (RaftServerImpl.java:requestVote(1452)) - s9@group-4CD87B055E3A: receive requestVote(PRE_VOTE, s7, group-4CD87B055E3A, 0, (t:0, i:0))
2024-10-31 03:23:42,422 INFO  impl.LeaderElection (LeaderElection.java:logAndReturn(94)) -   Response 0: s7<-s8#0:OK-t0
2024-10-31 03:23:42,422 INFO  impl.VoteContext (VoteContext.java:log(49)) - s9@group-4CD87B055E3A-FOLLOWER: accept PRE_VOTE from s7: our priority 0 <= candidate's priority 0
2024-10-31 03:23:42,422 INFO  impl.LeaderElection (LeaderElection.java:askForVotes(334)) - s7@group-4CD87B055E3A-LeaderElection6 PRE_VOTE round 0: result PASSED
2024-10-31 03:23:42,422 INFO  server.RaftServer$Division (RaftServerImpl.java:requestVote(1486)) - s9@group-4CD87B055E3A replies to PRE_VOTE vote request: s7<-s9#0:OK-t0. Peer's state: s9@group-4CD87B055E3A:t0, leader=null, voted=, raftlog=Memoized:s9@group-4CD87B055E3A-SegmentedRaftLog:OPENED:c-1:lastnull, conf=conf: {index: -1, cur=peers:[s7, s8, s9]|listeners:[], old=null}
2024-10-31 03:23:42,423 TRACE util.FileUtils (LogUtils.java:supplyAndLog(69)) - Successfully supplied FileChannel.open /home/runner/work/ratis/ratis/ratis-examples/target/test/data/f203f927/MiniRaftClusterWithSimulatedRpca2d4e021/s7/8246d0e7-9b68-432a-a463-4cd87b055e3a/current/raft-meta.tmp with options [CREATE, WRITE]: sun.nio.ch.FileChannelImpl@e4c0ada
2024-10-31 03:23:42,424 TRACE util.FileUtils (LogUtils.java:runAndLog(49)) - Successfully ran Atomic Files.move /home/runner/work/ratis/ratis/ratis-examples/target/test/data/f203f927/MiniRaftClusterWithSimulatedRpca2d4e021/s7/8246d0e7-9b68-432a-a463-4cd87b055e3a/current/raft-meta.tmp to /home/runner/work/ratis/ratis/ratis-examples/target/test/data/f203f927/MiniRaftClusterWithSimulatedRpca2d4e021/s7/8246d0e7-9b68-432a-a463-4cd87b055e3a/current/raft-meta with options [REPLACE_EXISTING]
2024-10-31 03:23:42,424 INFO  impl.LeaderElection (LeaderElection.java:askForVotes(332)) - s7@group-4CD87B055E3A-LeaderElection6 ELECTION round 0: submit vote requests at term 1 for conf: {index: -1, cur=peers:[s7, s8, s9]|listeners:[], old=null}
2024-10-31 03:23:42,424 INFO  server.RaftServerConfigKeys (ConfUtils.java:logFallback(53)) - raft.server.rpc.first-election.timeout.min = 300ms (fallback to raft.server.rpc.timeout.min)
2024-10-31 03:23:42,424 INFO  server.RaftServer$Division (RaftServerImpl.java:requestVote(1452)) - s8@group-4CD87B055E3A: receive requestVote(ELECTION, s7, group-4CD87B055E3A, 1, (t:0, i:0))
2024-10-31 03:23:42,425 INFO  server.RaftServerConfigKeys (ConfUtils.java:logFallback(53)) - raft.server.rpc.first-election.timeout.max = 600ms (fallback to raft.server.rpc.timeout.max)
2024-10-31 03:23:42,425 INFO  server.RaftServer$Division (RaftServerImpl.java:requestVote(1452)) - s9@group-4CD87B055E3A: receive requestVote(ELECTION, s7, group-4CD87B055E3A, 1, (t:0, i:0))
2024-10-31 03:23:42,426 INFO  server.RaftServerConfigKeys (ConfUtils.java:logFallback(53)) - raft.server.rpc.first-election.timeout.min = 300ms (fallback to raft.server.rpc.timeout.min)
2024-10-31 03:23:42,426 INFO  impl.VoteContext (VoteContext.java:log(49)) - s8@group-4CD87B055E3A-FOLLOWER: accept ELECTION from s7: our priority 0 <= candidate's priority 0
2024-10-31 03:23:42,426 INFO  server.RaftServerConfigKeys (ConfUtils.java:logFallback(53)) - raft.server.rpc.first-election.timeout.max = 600ms (fallback to raft.server.rpc.timeout.max)
2024-10-31 03:23:42,426 INFO  server.RaftServer$Division (RaftServerImpl.java:setRole(379)) - s8@group-4CD87B055E3A: changes role from  FOLLOWER to FOLLOWER at term 0 for candidate:s7
2024-10-31 03:23:42,426 INFO  impl.RoleInfo (RoleInfo.java:shutdownFollowerState(121)) - s8: shutdown s8@group-4CD87B055E3A-FollowerState
2024-10-31 03:23:42,426 INFO  impl.VoteContext (VoteContext.java:log(49)) - s9@group-4CD87B055E3A-FOLLOWER: accept ELECTION from s7: our priority 0 <= candidate's priority 0
2024-10-31 03:23:42,427 INFO  impl.RoleInfo (RoleInfo.java:updateAndGet(148)) - s8: start s8@group-4CD87B055E3A-FollowerState
2024-10-31 03:23:42,427 INFO  server.RaftServer$Division (RaftServerImpl.java:setRole(379)) - s9@group-4CD87B055E3A: changes role from  FOLLOWER to FOLLOWER at term 0 for candidate:s7
2024-10-31 03:23:42,427 INFO  server.RaftServer$Division (RaftServerImpl.java:setFirstElection(563)) - s8@group-4CD87B055E3A: set firstElectionSinceStartup to false for candidate:s7
2024-10-31 03:23:42,427 INFO  impl.RoleInfo (RoleInfo.java:shutdownFollowerState(121)) - s9: shutdown s9@group-4CD87B055E3A-FollowerState
2024-10-31 03:23:42,427 TRACE util.FileUtils (LogUtils.java:supplyAndLog(69)) - Successfully supplied FileChannel.open /home/runner/work/ratis/ratis/ratis-examples/target/test/data/f203f927/MiniRaftClusterWithSimulatedRpca2d4e021/s8/8246d0e7-9b68-432a-a463-4cd87b055e3a/current/raft-meta.tmp with options [CREATE, WRITE]: sun.nio.ch.FileChannelImpl@6ee9c922
2024-10-31 03:23:42,428 INFO  impl.FollowerState (FollowerState.java:runImpl(170)) - s9@group-4CD87B055E3A-FollowerState was interrupted
2024-10-31 03:23:42,428 INFO  impl.FollowerState (FollowerState.java:runImpl(170)) - s8@group-4CD87B055E3A-FollowerState was interrupted
2024-10-31 03:23:42,427 INFO  impl.RoleInfo (RoleInfo.java:updateAndGet(148)) - s9: start s9@group-4CD87B055E3A-FollowerState
2024-10-31 03:23:42,428 INFO  server.RaftServer$Division (RaftServerImpl.java:setFirstElection(563)) - s9@group-4CD87B055E3A: set firstElectionSinceStartup to false for candidate:s7
2024-10-31 03:23:42,429 TRACE util.FileUtils (LogUtils.java:supplyAndLog(69)) - Successfully supplied FileChannel.open /home/runner/work/ratis/ratis/ratis-examples/target/test/data/f203f927/MiniRaftClusterWithSimulatedRpca2d4e021/s9/8246d0e7-9b68-432a-a463-4cd87b055e3a/current/raft-meta.tmp with options [CREATE, WRITE]: sun.nio.ch.FileChannelImpl@718fe5e6
2024-10-31 03:23:42,429 TRACE util.FileUtils (LogUtils.java:runAndLog(49)) - Successfully ran Atomic Files.move /home/runner/work/ratis/ratis/ratis-examples/target/test/data/f203f927/MiniRaftClusterWithSimulatedRpca2d4e021/s8/8246d0e7-9b68-432a-a463-4cd87b055e3a/current/raft-meta.tmp to /home/runner/work/ratis/ratis/ratis-examples/target/test/data/f203f927/MiniRaftClusterWithSimulatedRpca2d4e021/s8/8246d0e7-9b68-432a-a463-4cd87b055e3a/current/raft-meta with options [REPLACE_EXISTING]
2024-10-31 03:23:42,429 INFO  server.RaftServer$Division (RaftServerImpl.java:requestVote(1486)) - s8@group-4CD87B055E3A replies to ELECTION vote request: s7<-s8#0:OK-t1. Peer's state: s8@group-4CD87B055E3A:t1, leader=null, voted=s7, raftlog=Memoized:s8@group-4CD87B055E3A-SegmentedRaftLog:OPENED:c-1:lastnull, conf=conf: {index: -1, cur=peers:[s7, s8, s9]|listeners:[], old=null}
2024-10-31 03:23:42,429 INFO  impl.LeaderElection (LeaderElection.java:logAndReturn(90)) - s7@group-4CD87B055E3A-LeaderElection6: ELECTION PASSED received 1 response(s) and 0 exception(s):
2024-10-31 03:23:42,429 INFO  impl.LeaderElection (LeaderElection.java:logAndReturn(94)) -   Response 0: s7<-s8#0:OK-t1
2024-10-31 03:23:42,430 INFO  impl.LeaderElection (LeaderElection.java:askForVotes(334)) - s7@group-4CD87B055E3A-LeaderElection6 ELECTION round 0: result PASSED
2024-10-31 03:23:42,430 INFO  impl.RoleInfo (RoleInfo.java:shutdownLeaderElection(141)) - s7: shutdown s7@group-4CD87B055E3A-LeaderElection6
2024-10-31 03:23:42,430 INFO  server.RaftServer$Division (RaftServerImpl.java:setRole(379)) - s7@group-4CD87B055E3A: changes role from CANDIDATE to LEADER at term 1 for changeToLeader
2024-10-31 03:23:42,430 TRACE util.FileUtils (LogUtils.java:runAndLog(49)) - Successfully ran Atomic Files.move /home/runner/work/ratis/ratis/ratis-examples/target/test/data/f203f927/MiniRaftClusterWithSimulatedRpca2d4e021/s9/8246d0e7-9b68-432a-a463-4cd87b055e3a/current/raft-meta.tmp to /home/runner/work/ratis/ratis/ratis-examples/target/test/data/f203f927/MiniRaftClusterWithSimulatedRpca2d4e021/s9/8246d0e7-9b68-432a-a463-4cd87b055e3a/current/raft-meta with options [REPLACE_EXISTING]
2024-10-31 03:23:42,430 INFO  server.RaftServerConfigKeys (ConfUtils.java:logGet(46)) - raft.server.staging.catchup.gap = 1000 (default)
2024-10-31 03:23:42,431 INFO  server.RaftServer$Division (RaftServerImpl.java:requestVote(1486)) - s9@group-4CD87B055E3A replies to ELECTION vote request: s7<-s9#0:OK-t1. Peer's state: s9@group-4CD87B055E3A:t1, leader=null, voted=s7, raftlog=Memoized:s9@group-4CD87B055E3A-SegmentedRaftLog:OPENED:c-1:lastnull, conf=conf: {index: -1, cur=peers:[s7, s8, s9]|listeners:[], old=null}
2024-10-31 03:23:42,431 INFO  server.RaftServerConfigKeys (ConfUtils.java:logGet(46)) - raft.server.write.element-limit = 4096 (default)
2024-10-31 03:23:42,431 INFO  server.RaftServerConfigKeys (ConfUtils.java:logGet(46)) - raft.server.write.byte-limit = 64MB (=67108864) (default)
2024-10-31 03:23:42,431 INFO  server.RaftServerConfigKeys (ConfUtils.java:logGet(46)) - raft.server.watch.timeout = 10s (default)
2024-10-31 03:23:42,431 INFO  server.RaftServerConfigKeys (ConfUtils.java:logGet(46)) - raft.server.watch.timeout.denomination = 1s (default)
2024-10-31 03:23:42,431 INFO  server.RaftServerConfigKeys (ConfUtils.java:logGet(46)) - raft.server.watch.element-limit = 65536 (default)
2024-10-31 03:23:42,432 INFO  server.RaftServerConfigKeys (ConfUtils.java:logGet(46)) - raft.server.read.leader.lease.enabled = false (default)
2024-10-31 03:23:42,432 INFO  server.RaftServerConfigKeys (ConfUtils.java:logGet(46)) - raft.server.read.leader.lease.timeout.ratio = 0.9 (default)
2024-10-31 03:23:42,432 INFO  server.RaftServerConfigKeys (ConfUtils.java:logGet(46)) - raft.server.rpc.timeout.min = 300ms (custom)
2024-10-31 03:23:42,432 INFO  server.RaftServerConfigKeys (ConfUtils.java:logGet(46)) - raft.server.log.log-metadata.enabled = true (default)
2024-10-31 03:23:42,432 INFO  server.RaftServerConfigKeys (ConfUtils.java:logGet(46)) - raft.server.write.element-limit = 4096 (default)
2024-10-31 03:23:42,432 INFO  server.RaftServerConfigKeys (ConfUtils.java:logGet(46)) - raft.server.write.follower.gap.ratio.max = -1.0 (default)
2024-10-31 03:23:42,432 INFO  server.RaftServerConfigKeys (ConfUtils.java:logGet(46)) - raft.server.log.appender.snapshot.chunk.size.max = 16MB (=16777216) (default)
2024-10-31 03:23:42,432 INFO  server.RaftServerConfigKeys (ConfUtils.java:logGet(46)) - raft.server.log.appender.buffer.byte-limit = 4MB (=4194304) (default)
2024-10-31 03:23:42,432 INFO  server.RaftServerConfigKeys (ConfUtils.java:logGet(46)) - raft.server.log.appender.buffer.element-limit = 0 (default)
2024-10-31 03:23:42,433 INFO  server.RaftServerConfigKeys (ConfUtils.java:logGet(46)) - raft.server.log.appender.wait-time.min = 1ms (default)
2024-10-31 03:23:42,433 INFO  server.RaftServerConfigKeys (ConfUtils.java:logGet(46)) - raft.server.log.appender.snapshot.chunk.size.max = 16MB (=16777216) (default)
2024-10-31 03:23:42,433 INFO  server.RaftServerConfigKeys (ConfUtils.java:logGet(46)) - raft.server.log.appender.buffer.byte-limit = 4MB (=4194304) (default)
2024-10-31 03:23:42,433 INFO  server.RaftServerConfigKeys (ConfUtils.java:logGet(46)) - raft.server.log.appender.buffer.element-limit = 0 (default)
2024-10-31 03:23:42,433 INFO  server.RaftServerConfigKeys (ConfUtils.java:logGet(46)) - raft.server.log.appender.wait-time.min = 1ms (default)
2024-10-31 03:23:42,433 INFO  impl.RoleInfo (RoleInfo.java:updateAndGet(148)) - s7: start s7@group-4CD87B055E3A-LeaderStateImpl
2024-10-31 03:23:42,433 INFO  server.RaftServer$Division (RaftServerImpl.java:setFirstElection(563)) - s7@group-4CD87B055E3A: set firstElectionSinceStartup to false for becomeLeader
2024-10-31 03:23:42,433 INFO  server.RaftServer$Division (ServerState.java:setLeader(272)) - s7@group-4CD87B055E3A: change Leader from null to s7 at term 1 for becomeLeader, leader elected after 351ms
2024-10-31 03:23:42,434 INFO  segmented.SegmentedRaftLogWorker (SegmentedRaftLogWorker.java:startLogSegment(443)) - s7@group-4CD87B055E3A-SegmentedRaftLogWorker: Starting segment from index:0
2024-10-31 03:23:42,434 INFO  server.RaftServer$Division (ServerState.java:setRaftConf(386)) - s7@group-4CD87B055E3A: set configuration conf: {index: 0, cur=peers:[s7, s8, s9]|listeners:[], old=null}
2024-10-31 03:23:42,434 INFO  segmented.BufferedWriteChannel (BufferedWriteChannel.java:open(61)) - open log_inprogress_0 at position 0
2024-10-31 03:23:42,435 INFO  server.RaftServer$Division (ServerState.java:setLeader(272)) - s8@group-4CD87B055E3A: change Leader from null to s7 at term 1 for appendEntries, leader elected after 339ms
2024-10-31 03:23:42,436 INFO  server.RaftServer$Division (ServerState.java:setLeader(272)) - s9@group-4CD87B055E3A: change Leader from null to s7 at term 1 for appendEntries, leader elected after 326ms
2024-10-31 03:23:42,437 INFO  server.RaftServer$Division (ServerState.java:setRaftConf(386)) - s9@group-4CD87B055E3A: set configuration conf: {index: 0, cur=peers:[s7|, s8|, s9|]|listeners:[], old=null}
2024-10-31 03:23:42,437 INFO  server.RaftServer$Division (ServerState.java:setRaftConf(386)) - s8@group-4CD87B055E3A: set configuration conf: {index: 0, cur=peers:[s7|, s8|, s9|]|listeners:[], old=null}
2024-10-31 03:23:42,437 INFO  segmented.SegmentedRaftLogWorker (SegmentedRaftLogWorker.java:startLogSegment(443)) - s8@group-4CD87B055E3A-SegmentedRaftLogWorker: Starting segment from index:0
2024-10-31 03:23:42,437 INFO  segmented.SegmentedRaftLogWorker (SegmentedRaftLogWorker.java:startLogSegment(443)) - s9@group-4CD87B055E3A-SegmentedRaftLogWorker: Starting segment from index:0
2024-10-31 03:23:42,437 INFO  segmented.BufferedWriteChannel (BufferedWriteChannel.java:open(61)) - open log_inprogress_0 at position 0
2024-10-31 03:23:42,437 INFO  segmented.BufferedWriteChannel (BufferedWriteChannel.java:open(61)) - open log_inprogress_0 at position 0
2024-10-31 03:23:42,451 INFO  segmented.SegmentedRaftLogWorker (SegmentedRaftLogWorker.java:execute(666)) - s7@group-4CD87B055E3A-SegmentedRaftLogWorker: created new log segment /home/runner/work/ratis/ratis/ratis-examples/target/test/data/f203f927/MiniRaftClusterWithSimulatedRpca2d4e021/s7/8246d0e7-9b68-432a-a463-4cd87b055e3a/current/log_inprogress_0
2024-10-31 03:23:42,453 INFO  segmented.SegmentedRaftLogWorker (SegmentedRaftLogWorker.java:execute(666)) - s8@group-4CD87B055E3A-SegmentedRaftLogWorker: created new log segment /home/runner/work/ratis/ratis/ratis-examples/target/test/data/f203f927/MiniRaftClusterWithSimulatedRpca2d4e021/s8/8246d0e7-9b68-432a-a463-4cd87b055e3a/current/log_inprogress_0
2024-10-31 03:23:42,453 INFO  segmented.SegmentedRaftLogWorker (SegmentedRaftLogWorker.java:execute(666)) - s9@group-4CD87B055E3A-SegmentedRaftLogWorker: created new log segment /home/runner/work/ratis/ratis/ratis-examples/target/test/data/f203f927/MiniRaftClusterWithSimulatedRpca2d4e021/s9/8246d0e7-9b68-432a-a463-4cd87b055e3a/current/log_inprogress_0
2024-10-31 03:23:42,453 TRACE util.FileUtils (LogUtils.java:supplyAndLog(69)) - Successfully supplied FileChannel.open /home/runner/work/ratis/ratis/ratis-examples/target/test/data/f203f927/MiniRaftClusterWithSimulatedRpca2d4e021/s7/8246d0e7-9b68-432a-a463-4cd87b055e3a/current/raft-meta.conf.tmp with options [CREATE, WRITE]: sun.nio.ch.FileChannelImpl@32edb8af
2024-10-31 03:23:42,454 TRACE util.FileUtils (LogUtils.java:runAndLog(49)) - Successfully ran Atomic Files.move /home/runner/work/ratis/ratis/ratis-examples/target/test/data/f203f927/MiniRaftClusterWithSimulatedRpca2d4e021/s7/8246d0e7-9b68-432a-a463-4cd87b055e3a/current/raft-meta.conf.tmp to /home/runner/work/ratis/ratis/ratis-examples/target/test/data/f203f927/MiniRaftClusterWithSimulatedRpca2d4e021/s7/8246d0e7-9b68-432a-a463-4cd87b055e3a/current/raft-meta.conf with options [REPLACE_EXISTING]
2024-10-31 03:23:42,454 INFO  server.RaftServer$Division (LeaderStateImpl.java:checkStartIndex(314)) - Leader s7@group-4CD87B055E3A-LeaderStateImpl is ready since appliedIndex == startIndex == 0
2024-10-31 03:23:42,605 TRACE util.FileUtils (LogUtils.java:supplyAndLog(69)) - Successfully supplied FileChannel.open /home/runner/work/ratis/ratis/ratis-examples/target/test/data/f203f927/MiniRaftClusterWithSimulatedRpca2d4e021/s8/8246d0e7-9b68-432a-a463-4cd87b055e3a/current/raft-meta.conf.tmp with options [CREATE, WRITE]: sun.nio.ch.FileChannelImpl@5db75f12
2024-10-31 03:23:42,605 TRACE util.FileUtils (LogUtils.java:supplyAndLog(69)) - Successfully supplied FileChannel.open /home/runner/work/ratis/ratis/ratis-examples/target/test/data/f203f927/MiniRaftClusterWithSimulatedRpca2d4e021/s9/8246d0e7-9b68-432a-a463-4cd87b055e3a/current/raft-meta.conf.tmp with options [CREATE, WRITE]: sun.nio.ch.FileChannelImpl@eb0e7f5
2024-10-31 03:23:42,606 TRACE util.FileUtils (LogUtils.java:runAndLog(49)) - Successfully ran Atomic Files.move /home/runner/work/ratis/ratis/ratis-examples/target/test/data/f203f927/MiniRaftClusterWithSimulatedRpca2d4e021/s8/8246d0e7-9b68-432a-a463-4cd87b055e3a/current/raft-meta.conf.tmp to /home/runner/work/ratis/ratis/ratis-examples/target/test/data/f203f927/MiniRaftClusterWithSimulatedRpca2d4e021/s8/8246d0e7-9b68-432a-a463-4cd87b055e3a/current/raft-meta.conf with options [REPLACE_EXISTING]
2024-10-31 03:23:42,606 TRACE util.FileUtils (LogUtils.java:runAndLog(49)) - Successfully ran Atomic Files.move /home/runner/work/ratis/ratis/ratis-examples/target/test/data/f203f927/MiniRaftClusterWithSimulatedRpca2d4e021/s9/8246d0e7-9b68-432a-a463-4cd87b055e3a/current/raft-meta.conf.tmp to /home/runner/work/ratis/ratis/ratis-examples/target/test/data/f203f927/MiniRaftClusterWithSimulatedRpca2d4e021/s9/8246d0e7-9b68-432a-a463-4cd87b055e3a/current/raft-meta.conf with options [REPLACE_EXISTING]
2024-10-31 03:23:43,023 INFO  ratis.RaftTestUtil (RaftTestUtil.java:waitForLeader(131)) - printing group-4CD87B055E3A
  s7:  RUNNING [
   FOLLOWER s7@group-4EB49E3E6D70:t0, leader=null, voted=, raftlog=Memoized:s7@group-4EB49E3E6D70-SegmentedRaftLog:OPENED:c-1:lastnull, conf=conf: {index: -1, cur=peers:[]|listeners:[], old=null} STARTING
     LEADER s7@group-4CD87B055E3A:t1, leader=s7, voted=s7, raftlog=Memoized:s7@group-4CD87B055E3A-SegmentedRaftLog:OPENED:c0:last(t:1, i:0), conf=conf: {index: 0, cur=peers:[s7, s8, s9]|listeners:[], old=null} RUNNING] size=2
  s8:  RUNNING [
   FOLLOWER s8@group-4EB49E3E6D70:t0, leader=null, voted=, raftlog=Memoized:s8@group-4EB49E3E6D70-SegmentedRaftLog:OPENED:c-1:lastnull, conf=conf: {index: -1, cur=peers:[]|listeners:[], old=null} STARTING
   FOLLOWER s8@group-4CD87B055E3A:t1, leader=s7, voted=s7, raftlog=Memoized:s8@group-4CD87B055E3A-SegmentedRaftLog:OPENED:c0:last(t:1, i:0), conf=conf: {index: 0, cur=peers:[s7|, s8|, s9|]|listeners:[], old=null} RUNNING] size=2
  s9:  RUNNING [
   FOLLOWER s9@group-4EB49E3E6D70:t0, leader=null, voted=, raftlog=Memoized:s9@group-4EB49E3E6D70-SegmentedRaftLog:OPENED:c-1:lastnull, conf=conf: {index: -1, cur=peers:[]|listeners:[], old=null} STARTING
   FOLLOWER s9@group-4CD87B055E3A:t1, leader=s7, voted=s7, raftlog=Memoized:s9@group-4CD87B055E3A-SegmentedRaftLog:OPENED:c0:last(t:1, i:0), conf=conf: {index: 0, cur=peers:[s7|, s8|, s9|]|listeners:[], old=null} RUNNING] size=2
2024-10-31 03:23:43,026 INFO  statemachine.StateMachine (ArithmeticStateMachine.java:applyTransaction(181)) - LEADER:s7-1: a = 83 = 83
2024-10-31 03:23:43,028 INFO  statemachine.StateMachine (ArithmeticStateMachine.java:applyTransaction(181)) - LEADER:s7-3: b = 3444 = 3444
2024-10-31 03:23:43,030 INFO  statemachine.StateMachine (ArithmeticStateMachine.java:applyTransaction(181)) - LEADER:s7-5: c = √(a^2 + b^2) = 3445
2024-10-31 03:23:43,032 INFO  statemachine.StateMachine (ArithmeticStateMachine.java:applyTransaction(181)) - LEADER:s7-7: a = null = null
2024-10-31 03:23:43,037 INFO  statemachine.StateMachine (ArithmeticStateMachine.java:applyTransaction(181)) - LEADER:s7-9: b = null = null
2024-10-31 03:23:43,042 INFO  statemachine.StateMachine (ArithmeticStateMachine.java:applyTransaction(181)) - LEADER:s7-11: c = null = null
2024-10-31 03:23:43,043 INFO  statemachine.StateMachine (ArithmeticStateMachine.java:applyTransaction(181)) - LEADER:s7-13: a = 85 = 85
2024-10-31 03:23:43,045 INFO  statemachine.StateMachine (ArithmeticStateMachine.java:applyTransaction(181)) - LEADER:s7-15: b = 3612 = 3612
2024-10-31 03:23:43,046 INFO  statemachine.StateMachine (ArithmeticStateMachine.java:applyTransaction(181)) - LEADER:s7-17: c = √(a^2 + b^2) = 3613
2024-10-31 03:23:43,048 INFO  statemachine.StateMachine (ArithmeticStateMachine.java:applyTransaction(181)) - LEADER:s7-19: a = null = null
2024-10-31 03:23:43,050 INFO  statemachine.StateMachine (ArithmeticStateMachine.java:applyTransaction(181)) - LEADER:s7-21: b = null = null
2024-10-31 03:23:43,051 INFO  statemachine.StateMachine (ArithmeticStateMachine.java:applyTransaction(181)) - LEADER:s7-23: c = null = null
2024-10-31 03:23:43,053 INFO  statemachine.StateMachine (ArithmeticStateMachine.java:applyTransaction(181)) - LEADER:s7-25: a = 87 = 87
2024-10-31 03:23:43,056 INFO  statemachine.StateMachine (ArithmeticStateMachine.java:applyTransaction(181)) - LEADER:s7-27: b = 3784 = 3784
2024-10-31 03:23:43,058 INFO  statemachine.StateMachine (ArithmeticStateMachine.java:applyTransaction(181)) - LEADER:s7-29: c = √(a^2 + b^2) = 3785
2024-10-31 03:23:43,060 INFO  statemachine.StateMachine (ArithmeticStateMachine.java:applyTransaction(181)) - LEADER:s7-31: a = null = null
2024-10-31 03:23:43,062 INFO  statemachine.StateMachine (ArithmeticStateMachine.java:applyTransaction(181)) - LEADER:s7-33: b = null = null
2024-10-31 03:23:43,064 INFO  statemachine.StateMachine (ArithmeticStateMachine.java:applyTransaction(181)) - LEADER:s7-35: c = null = null
2024-10-31 03:23:43,070 INFO  statemachine.StateMachine (ArithmeticStateMachine.java:applyTransaction(181)) - LEADER:s7-37: a = 89 = 89
2024-10-31 03:23:43,072 INFO  statemachine.StateMachine (ArithmeticStateMachine.java:applyTransaction(181)) - LEADER:s7-39: b = 3960 = 3960
2024-10-31 03:23:43,074 INFO  statemachine.StateMachine (ArithmeticStateMachine.java:applyTransaction(181)) - LEADER:s7-41: c = √(a^2 + b^2) = 3961
2024-10-31 03:23:43,076 INFO  statemachine.StateMachine (ArithmeticStateMachine.java:applyTransaction(181)) - LEADER:s7-43: a = null = null
2024-10-31 03:23:43,077 INFO  statemachine.StateMachine (ArithmeticStateMachine.java:applyTransaction(181)) - LEADER:s7-45: b = null = null
2024-10-31 03:23:43,079 INFO  statemachine.StateMachine (ArithmeticStateMachine.java:applyTransaction(181)) - LEADER:s7-47: c = null = null
2024-10-31 03:23:43,081 INFO  statemachine.StateMachine (ArithmeticStateMachine.java:applyTransaction(181)) - LEADER:s7-49: a = 91 = 91
2024-10-31 03:23:43,082 INFO  statemachine.StateMachine (ArithmeticStateMachine.java:applyTransaction(181)) - LEADER:s7-51: b = 4140 = 4140
2024-10-31 03:23:43,084 INFO  statemachine.StateMachine (ArithmeticStateMachine.java:applyTransaction(181)) - LEADER:s7-53: c = √(a^2 + b^2) = 4141
2024-10-31 03:23:43,086 INFO  statemachine.StateMachine (ArithmeticStateMachine.java:applyTransaction(181)) - LEADER:s7-55: a = null = null
2024-10-31 03:23:43,087 INFO  statemachine.StateMachine (ArithmeticStateMachine.java:applyTransaction(181)) - LEADER:s7-57: b = null = null
2024-10-31 03:23:43,089 INFO  statemachine.StateMachine (ArithmeticStateMachine.java:applyTransaction(181)) - LEADER:s7-59: c = null = null
2024-10-31 03:23:43,091 INFO  statemachine.StateMachine (ArithmeticStateMachine.java:applyTransaction(181)) - LEADER:s7-61: a = 93 = 93
2024-10-31 03:23:43,092 INFO  statemachine.StateMachine (ArithmeticStateMachine.java:applyTransaction(181)) - LEADER:s7-63: b = 4324 = 4324
2024-10-31 03:23:43,094 INFO  statemachine.StateMachine (ArithmeticStateMachine.java:applyTransaction(181)) - LEADER:s7-65: c = √(a^2 + b^2) = 4325
2024-10-31 03:23:43,096 INFO  statemachine.StateMachine (ArithmeticStateMachine.java:applyTransaction(181)) - LEADER:s7-67: a = null = null
2024-10-31 03:23:43,097 INFO  statemachine.StateMachine (ArithmeticStateMachine.java:applyTransaction(181)) - LEADER:s7-69: b = null = null
2024-10-31 03:23:43,099 INFO  statemachine.StateMachine (ArithmeticStateMachine.java:applyTransaction(181)) - LEADER:s7-71: c = null = null
2024-10-31 03:23:43,101 INFO  statemachine.StateMachine (ArithmeticStateMachine.java:applyTransaction(181)) - LEADER:s7-73: a = 95 = 95
2024-10-31 03:23:43,102 INFO  statemachine.StateMachine (ArithmeticStateMachine.java:applyTransaction(181)) - LEADER:s7-75: b = 4512 = 4512
2024-10-31 03:23:43,104 INFO  statemachine.StateMachine (ArithmeticStateMachine.java:applyTransaction(181)) - LEADER:s7-77: c = √(a^2 + b^2) = 4513
2024-10-31 03:23:43,106 INFO  statemachine.StateMachine (ArithmeticStateMachine.java:applyTransaction(181)) - LEADER:s7-79: a = null = null
2024-10-31 03:23:43,107 INFO  statemachine.StateMachine (ArithmeticStateMachine.java:applyTransaction(181)) - LEADER:s7-81: b = null = null
2024-10-31 03:23:43,108 INFO  statemachine.StateMachine (ArithmeticStateMachine.java:applyTransaction(181)) - LEADER:s7-83: c = null = null
2024-10-31 03:23:43,110 INFO  statemachine.StateMachine (ArithmeticStateMachine.java:applyTransaction(181)) - LEADER:s7-85: a = 97 = 97
2024-10-31 03:23:43,112 INFO  statemachine.StateMachine (ArithmeticStateMachine.java:applyTransaction(181)) - LEADER:s7-87: b = 4704 = 4704
2024-10-31 03:23:43,113 INFO  statemachine.StateMachine (ArithmeticStateMachine.java:applyTransaction(181)) - LEADER:s7-89: c = √(a^2 + b^2) = 4705
2024-10-31 03:23:43,115 WARN  leader.LogAppenderDaemon (LogAppenderDaemon.java:run(89)) - s7@group-4CD87B055E3A->s9-LogAppenderDefault-LogAppenderDaemon failed
org.apache.ratis.server.raftlog.RaftLogIOException: Log entry not found: index = 91
	at org.apache.ratis.server.raftlog.segmented.SegmentedRaftLog.retainEntryWithData(SegmentedRaftLog.java:334)
	at org.apache.ratis.server.leader.LogAppenderBase.nextAppendEntriesRequest(LogAppenderBase.java:264)
	at org.apache.ratis.server.leader.LogAppenderDefault.sendAppendEntriesWithRetries(LogAppenderDefault.java:63)
	at org.apache.ratis.server.leader.LogAppenderDefault.run(LogAppenderDefault.java:167)
	at org.apache.ratis.server.leader.LogAppenderDaemon.run(LogAppenderDaemon.java:80)
	at java.lang.Thread.run(Thread.java:750)
2024-10-31 03:23:43,115 WARN  leader.LogAppenderDaemon (LogAppenderDaemon.java:run(89)) - s7@group-4CD87B055E3A->s8-LogAppenderDefault-LogAppenderDaemon failed
org.apache.ratis.server.raftlog.RaftLogIOException: Log entry not found: index = 91
	at org.apache.ratis.server.raftlog.segmented.SegmentedRaftLog.retainEntryWithData(SegmentedRaftLog.java:334)
	at org.apache.ratis.server.leader.LogAppenderBase.nextAppendEntriesRequest(LogAppenderBase.java:264)
	at org.apache.ratis.server.leader.LogAppenderDefault.sendAppendEntriesWithRetries(LogAppenderDefault.java:63)
	at org.apache.ratis.server.leader.LogAppenderDefault.run(LogAppenderDefault.java:167)
	at org.apache.ratis.server.leader.LogAppenderDaemon.run(LogAppenderDaemon.java:80)
	at java.lang.Thread.run(Thread.java:750)
2024-10-31 03:23:43,118 INFO  server.RaftServer$Division (LeaderStateImpl.java:restart(684)) - s7@group-4CD87B055E3A-LeaderStateImpl: Restarting LogAppenderDefault for s7@group-4CD87B055E3A->s8
2024-10-31 03:23:43,118 INFO  server.RaftServerConfigKeys (ConfUtils.java:logGet(46)) - raft.server.log.appender.snapshot.chunk.size.max = 16MB (=16777216) (default)
2024-10-31 03:23:43,118 INFO  server.RaftServerConfigKeys (ConfUtils.java:logGet(46)) - raft.server.log.appender.buffer.byte-limit = 4MB (=4194304) (default)
2024-10-31 03:23:43,118 INFO  server.RaftServerConfigKeys (ConfUtils.java:logGet(46)) - raft.server.log.appender.buffer.element-limit = 0 (default)
2024-10-31 03:23:43,119 INFO  server.RaftServerConfigKeys (ConfUtils.java:logGet(46)) - raft.server.log.appender.wait-time.min = 1ms (default)
2024-10-31 03:23:43,118 INFO  server.RaftServer$Division (LeaderStateImpl.java:restart(684)) - s7@group-4CD87B055E3A-LeaderStateImpl: Restarting LogAppenderDefault for s7@group-4CD87B055E3A->s9
2024-10-31 03:23:43,119 INFO  server.RaftServerConfigKeys (ConfUtils.java:logGet(46)) - raft.server.log.appender.snapshot.chunk.size.max = 16MB (=16777216) (default)
2024-10-31 03:23:43,119 INFO  server.RaftServerConfigKeys (ConfUtils.java:logGet(46)) - raft.server.log.appender.buffer.byte-limit = 4MB (=4194304) (default)
2024-10-31 03:23:43,119 INFO  server.RaftServerConfigKeys (ConfUtils.java:logGet(46)) - raft.server.log.appender.buffer.element-limit = 0 (default)
2024-10-31 03:23:43,120 INFO  server.RaftServerConfigKeys (ConfUtils.java:logGet(46)) - raft.server.log.appender.wait-time.min = 1ms (default)
2024-10-31 03:23:43,121 INFO  statemachine.StateMachine (ArithmeticStateMachine.java:applyTransaction(181)) - LEADER:s7-91: a = null = null
2024-10-31 03:23:43,123 INFO  statemachine.StateMachine (ArithmeticStateMachine.java:applyTransaction(181)) - LEADER:s7-93: b = null = null
2024-10-31 03:23:43,124 INFO  statemachine.StateMachine (ArithmeticStateMachine.java:applyTransaction(181)) - LEADER:s7-95: c = null = null
2024-10-31 03:23:43,126 INFO  statemachine.StateMachine (ArithmeticStateMachine.java:applyTransaction(181)) - LEADER:s7-97: a = 99 = 99
2024-10-31 03:23:43,128 INFO  statemachine.StateMachine (ArithmeticStateMachine.java:applyTransaction(181)) - LEADER:s7-99: b = 4900 = 4900
2024-10-31 03:23:43,129 INFO  statemachine.StateMachine (ArithmeticStateMachine.java:applyTransaction(181)) - LEADER:s7-101: c = √(a^2 + b^2) = 4901
2024-10-31 03:23:43,131 INFO  statemachine.StateMachine (ArithmeticStateMachine.java:applyTransaction(181)) - LEADER:s7-103: a = null = null
2024-10-31 03:23:43,133 INFO  statemachine.StateMachine (ArithmeticStateMachine.java:applyTransaction(181)) - LEADER:s7-105: b = null = null
2024-10-31 03:23:43,134 INFO  statemachine.StateMachine (ArithmeticStateMachine.java:applyTransaction(181)) - LEADER:s7-107: c = null = null
2024-10-31 03:23:43,136 INFO  statemachine.StateMachine (ArithmeticStateMachine.java:applyTransaction(181)) - LEADER:s7-109: a = 101 = 101
2024-10-31 03:23:43,137 INFO  statemachine.StateMachine (ArithmeticStateMachine.java:applyTransaction(181)) - LEADER:s7-111: b = 5100 = 5100
2024-10-31 03:23:43,139 INFO  statemachine.StateMachine (ArithmeticStateMachine.java:applyTransaction(181)) - LEADER:s7-113: c = √(a^2 + b^2) = 5101
2024-10-31 03:23:43,140 INFO  statemachine.StateMachine (ArithmeticStateMachine.java:applyTransaction(181)) - LEADER:s7-115: a = null = null
2024-10-31 03:23:43,142 INFO  statemachine.StateMachine (ArithmeticStateMachine.java:applyTransaction(181)) - LEADER:s7-117: b = null = null
2024-10-31 03:23:43,143 INFO  statemachine.StateMachine (ArithmeticStateMachine.java:applyTransaction(181)) - LEADER:s7-119: c = null = null
| MiniRaftClusterWithSimulatedRpc[3, 6, 9, 12, 15]chosen=4 | start groups | 308 |
2024-10-31 03:23:43,145 INFO  impl.GroupManagementBaseTest (GroupManagementBaseTest.java:runMultiGroupTest(291)) - start groups: printing ALL groups
  s3:  RUNNING [
   FOLLOWER s3@group-4EB49E3E6D70:t0, leader=null, voted=, raftlog=Memoized:s3@group-4EB49E3E6D70-SegmentedRaftLog:OPENED:c-1:lastnull, conf=conf: {index: -1, cur=peers:[]|listeners:[], old=null} STARTING
   FOLLOWER s3@group-23A0405D286A:t1, leader=s14, voted=s14, raftlog=Memoized:s3@group-23A0405D286A-SegmentedRaftLog:OPENED:c120:last(t:1, i:120), conf=conf: {index: 0, cur=peers:[s3|, s14|, s2|]|listeners:[], old=null} RUNNING] size=2
  s4:  RUNNING [
   FOLLOWER s4@group-4EB49E3E6D70:t0, leader=null, voted=, raftlog=Memoized:s4@group-4EB49E3E6D70-SegmentedRaftLog:OPENED:c-1:lastnull, conf=conf: {index: -1, cur=peers:[]|listeners:[], old=null} STARTING
   FOLLOWER s4@group-967C893AA8BD:t1, leader=s6, voted=s4, raftlog=Memoized:s4@group-967C893AA8BD-SegmentedRaftLog:OPENED:c120:last(t:1, i:120), conf=conf: {index: 0, cur=peers:[s4|, s5|, s6|]|listeners:[], old=null} RUNNING] size=2
  s5:  RUNNING [
   FOLLOWER s5@group-4EB49E3E6D70:t0, leader=null, voted=, raftlog=Memoized:s5@group-4EB49E3E6D70-SegmentedRaftLog:OPENED:c-1:lastnull, conf=conf: {index: -1, cur=peers:[]|listeners:[], old=null} STARTING
   FOLLOWER s5@group-967C893AA8BD:t1, leader=s6, voted=s6, raftlog=Memoized:s5@group-967C893AA8BD-SegmentedRaftLog:OPENED:c120:last(t:1, i:120), conf=conf: {index: 0, cur=peers:[s4|, s5|, s6|]|listeners:[], old=null} RUNNING] size=2
  s6:  RUNNING [
   FOLLOWER s6@group-4EB49E3E6D70:t0, leader=null, voted=, raftlog=Memoized:s6@group-4EB49E3E6D70-SegmentedRaftLog:OPENED:c-1:lastnull, conf=conf: {index: -1, cur=peers:[]|listeners:[], old=null} STARTING
     LEADER s6@group-967C893AA8BD:t1, leader=s6, voted=s6, raftlog=Memoized:s6@group-967C893AA8BD-SegmentedRaftLog:OPENED:c120:last(t:1, i:120), conf=conf: {index: 0, cur=peers:[s4, s5, s6]|listeners:[], old=null} RUNNING] size=2
  s7:  RUNNING [
   FOLLOWER s7@group-4EB49E3E6D70:t0, leader=null, voted=, raftlog=Memoized:s7@group-4EB49E3E6D70-SegmentedRaftLog:OPENED:c-1:lastnull, conf=conf: {index: -1, cur=peers:[]|listeners:[], old=null} STARTING
     LEADER s7@group-4CD87B055E3A:t1, leader=s7, voted=s7, raftlog=Memoized:s7@group-4CD87B055E3A-SegmentedRaftLog:OPENED:c119:last(t:1, i:120), conf=conf: {index: 0, cur=peers:[s7, s8, s9]|listeners:[], old=null} RUNNING] size=2
  s8:  RUNNING [
   FOLLOWER s8@group-4EB49E3E6D70:t0, leader=null, voted=, raftlog=Memoized:s8@group-4EB49E3E6D70-SegmentedRaftLog:OPENED:c-1:lastnull, conf=conf: {index: -1, cur=peers:[]|listeners:[], old=null} STARTING
   FOLLOWER s8@group-4CD87B055E3A:t1, leader=s7, voted=s7, raftlog=Memoized:s8@group-4CD87B055E3A-SegmentedRaftLog:OPENED:c118:last(t:1, i:119), conf=conf: {index: 0, cur=peers:[s7|, s8|, s9|]|listeners:[], old=null} RUNNING] size=2
  s9:  RUNNING [
   FOLLOWER s9@group-4EB49E3E6D70:t0, leader=null, voted=, raftlog=Memoized:s9@group-4EB49E3E6D70-SegmentedRaftLog:OPENED:c-1:lastnull, conf=conf: {index: -1, cur=peers:[]|listeners:[], old=null} STARTING
   FOLLOWER s9@group-4CD87B055E3A:t1, leader=s7, voted=s7, raftlog=Memoized:s9@group-4CD87B055E3A-SegmentedRaftLog:OPENED:c118:last(t:1, i:119), conf=conf: {index: 0, cur=peers:[s7|, s8|, s9|]|listeners:[], old=null} RUNNING] size=2
  s11:  RUNNING [
   FOLLOWER s11@group-E1D6B2FD37FB:t1, leader=s13, voted=s13, raftlog=Memoized:s11@group-E1D6B2FD37FB-SegmentedRaftLog:OPENED:c120:last(t:1, i:120), conf=conf: {index: 0, cur=peers:[s11|, s13|, s12|]|listeners:[], old=null} RUNNING
   FOLLOWER s11@group-4EB49E3E6D70:t0, leader=null, voted=, raftlog=Memoized:s11@group-4EB49E3E6D70-SegmentedRaftLog:OPENED:c-1:lastnull, conf=conf: {index: -1, cur=peers:[]|listeners:[], old=null} STARTING] size=2
  s10:  RUNNING [
   FOLLOWER s10@group-BB4825B1330B:t1, leader=s0, voted=s0, raftlog=Memoized:s10@group-BB4825B1330B-SegmentedRaftLog:OPENED:c120:last(t:1, i:120), conf=conf: {index: 0, cur=peers:[s10|, s0|, s1|]|listeners:[], old=null} RUNNING
   FOLLOWER s10@group-4EB49E3E6D70:t0, leader=null, voted=, raftlog=Memoized:s10@group-4EB49E3E6D70-SegmentedRaftLog:OPENED:c-1:lastnull, conf=conf: {index: -1, cur=peers:[]|listeners:[], old=null} STARTING] size=2
  s13:  RUNNING [
     LEADER s13@group-E1D6B2FD37FB:t1, leader=s13, voted=s13, raftlog=Memoized:s13@group-E1D6B2FD37FB-SegmentedRaftLog:OPENED:c120:last(t:1, i:120), conf=conf: {index: 0, cur=peers:[s11, s13, s12]|listeners:[], old=null} RUNNING
   FOLLOWER s13@group-4EB49E3E6D70:t0, leader=null, voted=, raftlog=Memoized:s13@group-4EB49E3E6D70-SegmentedRaftLog:OPENED:c-1:lastnull, conf=conf: {index: -1, cur=peers:[]|listeners:[], old=null} STARTING] size=2
  s12:  RUNNING [
   FOLLOWER s12@group-E1D6B2FD37FB:t1, leader=s13, voted=s13, raftlog=Memoized:s12@group-E1D6B2FD37FB-SegmentedRaftLog:OPENED:c120:last(t:1, i:120), conf=conf: {index: 0, cur=peers:[s11|, s13|, s12|]|listeners:[], old=null} RUNNING
   FOLLOWER s12@group-4EB49E3E6D70:t0, leader=null, voted=, raftlog=Memoized:s12@group-4EB49E3E6D70-SegmentedRaftLog:OPENED:c-1:lastnull, conf=conf: {index: -1, cur=peers:[]|listeners:[], old=null} STARTING] size=2
  s14:  RUNNING [
   FOLLOWER s14@group-4EB49E3E6D70:t0, leader=null, voted=, raftlog=Memoized:s14@group-4EB49E3E6D70-SegmentedRaftLog:OPENED:c-1:lastnull, conf=conf: {index: -1, cur=peers:[]|listeners:[], old=null} STARTING
     LEADER s14@group-23A0405D286A:t1, leader=s14, voted=s14, raftlog=Memoized:s14@group-23A0405D286A-SegmentedRaftLog:OPENED:c120:last(t:1, i:120), conf=conf: {index: 0, cur=peers:[s3, s14, s2]|listeners:[], old=null} RUNNING] size=2
  s0:  RUNNING [
     LEADER s0@group-BB4825B1330B:t1, leader=s0, voted=s0, raftlog=Memoized:s0@group-BB4825B1330B-SegmentedRaftLog:OPENED:c120:last(t:1, i:120), conf=conf: {index: 0, cur=peers:[s10, s0, s1]|listeners:[], old=null} RUNNING
   FOLLOWER s0@group-4EB49E3E6D70:t0, leader=null, voted=, raftlog=Memoized:s0@group-4EB49E3E6D70-SegmentedRaftLog:OPENED:c-1:lastnull, conf=conf: {index: -1, cur=peers:[]|listeners:[], old=null} STARTING] size=2
  s1:  RUNNING [
   FOLLOWER s1@group-BB4825B1330B:t1, leader=s0, voted=s0, raftlog=Memoized:s1@group-BB4825B1330B-SegmentedRaftLog:OPENED:c120:last(t:1, i:120), conf=conf: {index: 0, cur=peers:[s10|, s0|, s1|]|listeners:[], old=null} RUNNING
   FOLLOWER s1@group-4EB49E3E6D70:t0, leader=null, voted=, raftlog=Memoized:s1@group-4EB49E3E6D70-SegmentedRaftLog:OPENED:c-1:lastnull, conf=conf: {index: -1, cur=peers:[]|listeners:[], old=null} STARTING] size=2
  s2:  RUNNING [
   FOLLOWER s2@group-4EB49E3E6D70:t0, leader=null, voted=, raftlog=Memoized:s2@group-4EB49E3E6D70-SegmentedRaftLog:OPENED:c-1:lastnull, conf=conf: {index: -1, cur=peers:[]|listeners:[], old=null} STARTING
   FOLLOWER s2@group-23A0405D286A:t1, leader=s14, voted=s14, raftlog=Memoized:s2@group-23A0405D286A-SegmentedRaftLog:OPENED:c120:last(t:1, i:120), conf=conf: {index: 0, cur=peers:[s3|, s14|, s2|]|listeners:[], old=null} RUNNING] size=2
2024-10-31 03:23:43,145 INFO  impl.GroupManagementBaseTest (GroupManagementBaseTest.java:runMultiGroupTest(294)) - chosen = 4, group-4CD87B055E3A:[s7, s8, s9]
2024-10-31 03:23:43,146 INFO  impl.GroupManagementBaseTest (GroupManagementBaseTest.java:runMultiGroupTest(299)) - 0) close printing group-BB4825B1330B
  s10:  RUNNING [
   FOLLOWER s10@group-BB4825B1330B:t1, leader=s0, voted=s0, raftlog=Memoized:s10@group-BB4825B1330B-SegmentedRaftLog:OPENED:c120:last(t:1, i:120), conf=conf: {index: 0, cur=peers:[s10|, s0|, s1|]|listeners:[], old=null} RUNNING
   FOLLOWER s10@group-4EB49E3E6D70:t0, leader=null, voted=, raftlog=Memoized:s10@group-4EB49E3E6D70-SegmentedRaftLog:OPENED:c-1:lastnull, conf=conf: {index: -1, cur=peers:[]|listeners:[], old=null} STARTING] size=2
  s0:  RUNNING [
     LEADER s0@group-BB4825B1330B:t1, leader=s0, voted=s0, raftlog=Memoized:s0@group-BB4825B1330B-SegmentedRaftLog:OPENED:c120:last(t:1, i:120), conf=conf: {index: 0, cur=peers:[s10, s0, s1]|listeners:[], old=null} RUNNING
   FOLLOWER s0@group-4EB49E3E6D70:t0, leader=null, voted=, raftlog=Memoized:s0@group-4EB49E3E6D70-SegmentedRaftLog:OPENED:c-1:lastnull, conf=conf: {index: -1, cur=peers:[]|listeners:[], old=null} STARTING] size=2
  s1:  RUNNING [
   FOLLOWER s1@group-BB4825B1330B:t1, leader=s0, voted=s0, raftlog=Memoized:s1@group-BB4825B1330B-SegmentedRaftLog:OPENED:c120:last(t:1, i:120), conf=conf: {index: 0, cur=peers:[s10|, s0|, s1|]|listeners:[], old=null} RUNNING
   FOLLOWER s1@group-4EB49E3E6D70:t0, leader=null, voted=, raftlog=Memoized:s1@group-4EB49E3E6D70-SegmentedRaftLog:OPENED:c-1:lastnull, conf=conf: {index: -1, cur=peers:[]|listeners:[], old=null} STARTING] size=2
2024-10-31 03:23:43,151 INFO  server.RaftServer (RaftServerProxy.java:remove(112)) - s10: remove  FOLLOWER s10@group-BB4825B1330B:t1, leader=s0, voted=s0, raftlog=Memoized:s10@group-BB4825B1330B-SegmentedRaftLog:OPENED:c120:last(t:1, i:120), conf=conf: {index: 0, cur=peers:[s10|, s0|, s1|]|listeners:[], old=null} RUNNING
2024-10-31 03:23:43,152 INFO  server.RaftServer$Division (RaftServerImpl.java:lambda$close$1(514)) - s10@group-BB4825B1330B: shutdown
2024-10-31 03:23:43,153 INFO  util.JmxRegister (JmxRegister.java:unregister(74)) - Successfully un-registered JMX Bean with object name Ratis:service=RaftServer,group=group-BB4825B1330B,id=s10
2024-10-31 03:23:43,153 INFO  impl.RoleInfo (RoleInfo.java:shutdownFollowerState(121)) - s10: shutdown s10@group-BB4825B1330B-FollowerState
2024-10-31 03:23:43,153 INFO  impl.StateMachineUpdater (StateMachineUpdater.java:stopAndJoin(164)) - s10@group-BB4825B1330B-StateMachineUpdater: set stopIndex = 120
2024-10-31 03:23:43,153 INFO  impl.StateMachineUpdater (StateMachineUpdater.java:stop(141)) - s10@group-BB4825B1330B-StateMachineUpdater: closing ArithmeticStateMachine, lastApplied=(t:1, i:120)
2024-10-31 03:23:43,153 INFO  impl.FollowerState (FollowerState.java:runImpl(170)) - s10@group-BB4825B1330B-FollowerState was interrupted
2024-10-31 03:23:43,154 INFO  raftlog.RaftLog (SegmentedRaftLog.java:close(568)) - Start closing s10@group-BB4825B1330B-SegmentedRaftLog:OPENED:c120:last(t:1, i:120)
2024-10-31 03:23:43,155 INFO  util.AwaitToRun (AwaitToRun.java:run(49)) - s10@group-BB4825B1330B-cacheEviction-AwaitToRun-AwaitForSignal is interrupted
2024-10-31 03:23:43,155 INFO  segmented.LogSegment (LogSegment.java:close(349)) - Successfully closed EntryCache-log_inprogress_0
2024-10-31 03:23:43,295 WARN  leader.LogAppender (LogAppenderDefault.java:sendAppendEntriesWithRetries(85)) - s0@group-BB4825B1330B->s10-LogAppenderDefault: Failed to appendEntries (retry=0)
org.apache.ratis.protocol.exceptions.GroupMismatchException: s10: group-BB4825B1330B not found.
	at org.apache.ratis.server.impl.RaftServerProxy$ImplMap.get(RaftServerProxy.java:156)
	at org.apache.ratis.server.impl.RaftServerProxy.getImplFuture(RaftServerProxy.java:366)
	at org.apache.ratis.server.impl.RaftServerProxy.getImpl(RaftServerProxy.java:375)
	at org.apache.ratis.server.impl.RaftServerProxy.getImpl(RaftServerProxy.java:370)
	at org.apache.ratis.server.impl.RaftServerProxy.appendEntries(RaftServerProxy.java:670)
	at org.apache.ratis.server.simulation.SimulatedServerRpc$1.handleRequest(SimulatedServerRpc.java:163)
	at org.apache.ratis.server.simulation.SimulatedServerRpc$1.handleRequest(SimulatedServerRpc.java:153)
	at org.apache.ratis.server.simulation.RequestHandler.handleRequest(RequestHandler.java:91)
	at org.apache.ratis.server.simulation.RequestHandler$HandlerDaemon.run(RequestHandler.java:125)
2024-10-31 03:23:43,370 WARN  leader.LogAppender (LogAppenderDefault.java:sendAppendEntriesWithRetries(85)) - s0@group-BB4825B1330B->s10-LogAppenderDefault: Failed to appendEntries (retry=0)
org.apache.ratis.protocol.exceptions.GroupMismatchException: s10: group-BB4825B1330B not found.
	at org.apache.ratis.server.impl.RaftServerProxy$ImplMap.get(RaftServerProxy.java:156)
	at org.apache.ratis.server.impl.RaftServerProxy.getImplFuture(RaftServerProxy.java:366)
	at org.apache.ratis.server.impl.RaftServerProxy.getImpl(RaftServerProxy.java:375)
	at org.apache.ratis.server.impl.RaftServerProxy.getImpl(RaftServerProxy.java:370)
	at org.apache.ratis.server.impl.RaftServerProxy.appendEntries(RaftServerProxy.java:670)
	at org.apache.ratis.server.simulation.SimulatedServerRpc$1.handleRequest(SimulatedServerRpc.java:163)
	at org.apache.ratis.server.simulation.SimulatedServerRpc$1.handleRequest(SimulatedServerRpc.java:153)
	at org.apache.ratis.server.simulation.RequestHandler.handleRequest(RequestHandler.java:91)
	at org.apache.ratis.server.simulation.RequestHandler$HandlerDaemon.run(RequestHandler.java:125)
2024-10-31 03:23:43,445 WARN  leader.LogAppender (LogAppenderDefault.java:sendAppendEntriesWithRetries(85)) - s0@group-BB4825B1330B->s10-LogAppenderDefault: Failed to appendEntries (retry=0)
org.apache.ratis.protocol.exceptions.GroupMismatchException: s10: group-BB4825B1330B not found.
	at org.apache.ratis.server.impl.RaftServerProxy$ImplMap.get(RaftServerProxy.java:156)
	at org.apache.ratis.server.impl.RaftServerProxy.getImplFuture(RaftServerProxy.java:366)
	at org.apache.ratis.server.impl.RaftServerProxy.getImpl(RaftServerProxy.java:375)
	at org.apache.ratis.server.impl.RaftServerProxy.getImpl(RaftServerProxy.java:370)
	at org.apache.ratis.server.impl.RaftServerProxy.appendEntries(RaftServerProxy.java:670)
	at org.apache.ratis.server.simulation.SimulatedServerRpc$1.handleRequest(SimulatedServerRpc.java:163)
	at org.apache.ratis.server.simulation.SimulatedServerRpc$1.handleRequest(SimulatedServerRpc.java:153)
	at org.apache.ratis.server.simulation.RequestHandler.handleRequest(RequestHandler.java:91)
	at org.apache.ratis.server.simulation.RequestHandler$HandlerDaemon.run(RequestHandler.java:125)
2024-10-31 03:23:43,503 INFO  segmented.SegmentedRaftLogWorker (SegmentedRaftLogWorker.java:close(254)) - s10@group-BB4825B1330B-SegmentedRaftLogWorker close()
2024-10-31 03:23:43,504 INFO  raftlog.RaftLog (SegmentedRaftLog.java:close(576)) - Successfully closed s10@group-BB4825B1330B-SegmentedRaftLog:CLOSED:c120
2024-10-31 03:23:43,506 TRACE util.FileUtils (FileUtils.java:deleteFully(307)) - deleteFully /home/runner/work/ratis/ratis/ratis-examples/target/test/data/f203f927/MiniRaftClusterWithSimulatedRpca2d4e021/s10/3c634f31-905e-4365-9158-bb4825b1330b
2024-10-31 03:23:43,508 TRACE util.FileUtils (LogUtils.java:runAndLog(49)) - Successfully ran Files.delete /home/runner/work/ratis/ratis/ratis-examples/target/test/data/f203f927/MiniRaftClusterWithSimulatedRpca2d4e021/s10/3c634f31-905e-4365-9158-bb4825b1330b/current/raft-meta
2024-10-31 03:23:43,508 TRACE util.FileUtils (LogUtils.java:runAndLog(49)) - Successfully ran Files.delete /home/runner/work/ratis/ratis/ratis-examples/target/test/data/f203f927/MiniRaftClusterWithSimulatedRpca2d4e021/s10/3c634f31-905e-4365-9158-bb4825b1330b/current/log_inprogress_0
2024-10-31 03:23:43,508 TRACE util.FileUtils (LogUtils.java:runAndLog(49)) - Successfully ran Files.delete /home/runner/work/ratis/ratis/ratis-examples/target/test/data/f203f927/MiniRaftClusterWithSimulatedRpca2d4e021/s10/3c634f31-905e-4365-9158-bb4825b1330b/current/raft-meta.conf
2024-10-31 03:23:43,508 TRACE util.FileUtils (LogUtils.java:runAndLog(49)) - Successfully ran Files.delete /home/runner/work/ratis/ratis/ratis-examples/target/test/data/f203f927/MiniRaftClusterWithSimulatedRpca2d4e021/s10/3c634f31-905e-4365-9158-bb4825b1330b/current
2024-10-31 03:23:43,508 TRACE util.FileUtils (LogUtils.java:runAndLog(49)) - Successfully ran Files.delete /home/runner/work/ratis/ratis/ratis-examples/target/test/data/f203f927/MiniRaftClusterWithSimulatedRpca2d4e021/s10/3c634f31-905e-4365-9158-bb4825b1330b/in_use.lock
2024-10-31 03:23:43,508 TRACE util.FileUtils (LogUtils.java:runAndLog(49)) - Successfully ran Files.delete /home/runner/work/ratis/ratis/ratis-examples/target/test/data/f203f927/MiniRaftClusterWithSimulatedRpca2d4e021/s10/3c634f31-905e-4365-9158-bb4825b1330b/sm
2024-10-31 03:23:43,509 TRACE util.FileUtils (LogUtils.java:runAndLog(49)) - Successfully ran Files.delete /home/runner/work/ratis/ratis/ratis-examples/target/test/data/f203f927/MiniRaftClusterWithSimulatedRpca2d4e021/s10/3c634f31-905e-4365-9158-bb4825b1330b
2024-10-31 03:23:43,509 INFO  server.RaftServer$Division (RaftServerImpl.java:groupRemove(484)) - s10@group-BB4825B1330B: Succeed to remove RaftStorageDirectory Storage Directory /home/runner/work/ratis/ratis/ratis-examples/target/test/data/f203f927/MiniRaftClusterWithSimulatedRpca2d4e021/s10/3c634f31-905e-4365-9158-bb4825b1330b
2024-10-31 03:23:43,510 INFO  server.RaftServer (RaftServerProxy.java:remove(112)) - s0: remove    LEADER s0@group-BB4825B1330B:t1, leader=s0, voted=s0, raftlog=Memoized:s0@group-BB4825B1330B-SegmentedRaftLog:OPENED:c120:last(t:1, i:120), conf=conf: {index: 0, cur=peers:[s10, s0, s1]|listeners:[], old=null} RUNNING
2024-10-31 03:23:43,510 INFO  server.RaftServer$Division (RaftServerImpl.java:lambda$close$1(514)) - s0@group-BB4825B1330B: shutdown
2024-10-31 03:23:43,510 INFO  util.JmxRegister (JmxRegister.java:unregister(74)) - Successfully un-registered JMX Bean with object name Ratis:service=RaftServer,group=group-BB4825B1330B,id=s0
2024-10-31 03:23:43,510 INFO  impl.RoleInfo (RoleInfo.java:shutdownLeaderState(103)) - s0: shutdown s0@group-BB4825B1330B-LeaderStateImpl
2024-10-31 03:23:43,510 INFO  leader.LogAppenderDaemon (LogAppenderDaemon.java:run(85)) - s0@group-BB4825B1330B->s10-LogAppenderDefault-LogAppenderDaemon was interrupted: java.lang.InterruptedException
2024-10-31 03:23:43,510 INFO  impl.PendingRequests (PendingRequests.java:sendNotLeaderResponses(287)) - s0@group-BB4825B1330B-PendingRequests: sendNotLeaderResponses
2024-10-31 03:23:43,514 INFO  leader.LogAppenderDaemon (LogAppenderDaemon.java:run(85)) - s0@group-BB4825B1330B->s1-LogAppenderDefault-LogAppenderDaemon was interrupted: java.lang.InterruptedException
2024-10-31 03:23:43,514 INFO  impl.StateMachineUpdater (StateMachineUpdater.java:stopAndJoin(164)) - s0@group-BB4825B1330B-StateMachineUpdater: set stopIndex = 120
2024-10-31 03:23:43,514 INFO  impl.StateMachineUpdater (StateMachineUpdater.java:stop(141)) - s0@group-BB4825B1330B-StateMachineUpdater: closing ArithmeticStateMachine, lastApplied=(t:1, i:120)
2024-10-31 03:23:43,514 INFO  raftlog.RaftLog (SegmentedRaftLog.java:close(568)) - Start closing s0@group-BB4825B1330B-SegmentedRaftLog:OPENED:c120:last(t:1, i:120)
2024-10-31 03:23:43,514 INFO  util.AwaitToRun (AwaitToRun.java:run(49)) - s0@group-BB4825B1330B-cacheEviction-AwaitToRun-AwaitForSignal is interrupted
2024-10-31 03:23:43,515 INFO  segmented.LogSegment (LogSegment.java:close(349)) - Successfully closed EntryCache-log_inprogress_0
2024-10-31 03:23:44,154 INFO  impl.FollowerState (FollowerState.java:runImpl(161)) - s1@group-BB4825B1330B-FollowerState: change to CANDIDATE, lastRpcElapsedTime:712175426ns, electionTimeout:390ms
2024-10-31 03:23:44,155 INFO  impl.RoleInfo (RoleInfo.java:shutdownFollowerState(121)) - s1: shutdown s1@group-BB4825B1330B-FollowerState
2024-10-31 03:23:44,155 INFO  server.RaftServer$Division (RaftServerImpl.java:setRole(379)) - s1@group-BB4825B1330B: changes role from  FOLLOWER to CANDIDATE at term 1 for changeToCandidate
2024-10-31 03:23:44,155 INFO  server.RaftServerConfigKeys (ConfUtils.java:logGet(46)) - raft.server.leaderelection.pre-vote = true (default)
2024-10-31 03:23:44,155 INFO  impl.RoleInfo (RoleInfo.java:updateAndGet(148)) - s1: start s1@group-BB4825B1330B-LeaderElection7
2024-10-31 03:23:44,155 INFO  server.RaftServer$Division (ServerState.java:setLeader(272)) - s1@group-BB4825B1330B: change Leader from s0 to null at term 1 for PRE_VOTE
2024-10-31 03:23:44,155 INFO  impl.LeaderElection (LeaderElection.java:askForVotes(332)) - s1@group-BB4825B1330B-LeaderElection7 PRE_VOTE round 0: submit vote requests at term 1 for conf: {index: 0, cur=peers:[s10|, s0|, s1|]|listeners:[], old=null}
2024-10-31 03:23:44,156 INFO  impl.LeaderElection (LogUtils.java:infoOrTrace(136)) - s1@group-BB4825B1330B-LeaderElection7 got exception when requesting votes: java.util.concurrent.ExecutionException: org.apache.ratis.protocol.exceptions.GroupMismatchException: s10: group-BB4825B1330B not found.
2024-10-31 03:23:44,156 INFO  impl.LeaderElection (LogUtils.java:infoOrTrace(136)) - s1@group-BB4825B1330B-LeaderElection7 got exception when requesting votes: java.util.concurrent.ExecutionException: org.apache.ratis.protocol.exceptions.GroupMismatchException: s0: group-BB4825B1330B not found.
2024-10-31 03:23:44,157 INFO  impl.LeaderElection (LeaderElection.java:logAndReturn(90)) - s1@group-BB4825B1330B-LeaderElection7: PRE_VOTE REJECTED received 0 response(s) and 2 exception(s):
2024-10-31 03:23:44,157 INFO  impl.LeaderElection (LogUtils.java:infoOrTrace(136)) -   Exception 0: java.util.concurrent.ExecutionException: org.apache.ratis.protocol.exceptions.GroupMismatchException: s10: group-BB4825B1330B not found.
2024-10-31 03:23:44,157 INFO  impl.LeaderElection (LogUtils.java:infoOrTrace(136)) -   Exception 1: java.util.concurrent.ExecutionException: org.apache.ratis.protocol.exceptions.GroupMismatchException: s0: group-BB4825B1330B not found.
2024-10-31 03:23:44,157 INFO  impl.LeaderElection (LeaderElection.java:askForVotes(334)) - s1@group-BB4825B1330B-LeaderElection7 PRE_VOTE round 0: result REJECTED
2024-10-31 03:23:44,157 INFO  server.RaftServer$Division (RaftServerImpl.java:setRole(379)) - s1@group-BB4825B1330B: changes role from CANDIDATE to FOLLOWER at term 1 for REJECTED
2024-10-31 03:23:44,158 INFO  impl.RoleInfo (RoleInfo.java:shutdownLeaderElection(141)) - s1: shutdown s1@group-BB4825B1330B-LeaderElection7
2024-10-31 03:23:44,158 INFO  impl.RoleInfo (RoleInfo.java:updateAndGet(148)) - s1: start s1@group-BB4825B1330B-FollowerState
2024-10-31 03:23:44,465 INFO  segmented.SegmentedRaftLogWorker (SegmentedRaftLogWorker.java:close(254)) - s0@group-BB4825B1330B-SegmentedRaftLogWorker close()
2024-10-31 03:23:44,465 INFO  raftlog.RaftLog (SegmentedRaftLog.java:close(576)) - Successfully closed s0@group-BB4825B1330B-SegmentedRaftLog:CLOSED:c120
2024-10-31 03:23:44,466 TRACE util.FileUtils (FileUtils.java:deleteFully(307)) - deleteFully /home/runner/work/ratis/ratis/ratis-examples/target/test/data/f203f927/MiniRaftClusterWithSimulatedRpca2d4e021/s0/3c634f31-905e-4365-9158-bb4825b1330b
2024-10-31 03:23:44,466 TRACE util.FileUtils (LogUtils.java:runAndLog(49)) - Successfully ran Files.delete /home/runner/work/ratis/ratis/ratis-examples/target/test/data/f203f927/MiniRaftClusterWithSimulatedRpca2d4e021/s0/3c634f31-905e-4365-9158-bb4825b1330b/current/raft-meta
2024-10-31 03:23:44,466 TRACE util.FileUtils (LogUtils.java:runAndLog(49)) - Successfully ran Files.delete /home/runner/work/ratis/ratis/ratis-examples/target/test/data/f203f927/MiniRaftClusterWithSimulatedRpca2d4e021/s0/3c634f31-905e-4365-9158-bb4825b1330b/current/log_inprogress_0
2024-10-31 03:23:44,467 TRACE util.FileUtils (LogUtils.java:runAndLog(49)) - Successfully ran Files.delete /home/runner/work/ratis/ratis/ratis-examples/target/test/data/f203f927/MiniRaftClusterWithSimulatedRpca2d4e021/s0/3c634f31-905e-4365-9158-bb4825b1330b/current/raft-meta.conf
2024-10-31 03:23:44,467 TRACE util.FileUtils (LogUtils.java:runAndLog(49)) - Successfully ran Files.delete /home/runner/work/ratis/ratis/ratis-examples/target/test/data/f203f927/MiniRaftClusterWithSimulatedRpca2d4e021/s0/3c634f31-905e-4365-9158-bb4825b1330b/current
2024-10-31 03:23:44,467 TRACE util.FileUtils (LogUtils.java:runAndLog(49)) - Successfully ran Files.delete /home/runner/work/ratis/ratis/ratis-examples/target/test/data/f203f927/MiniRaftClusterWithSimulatedRpca2d4e021/s0/3c634f31-905e-4365-9158-bb4825b1330b/in_use.lock
2024-10-31 03:23:44,467 TRACE util.FileUtils (LogUtils.java:runAndLog(49)) - Successfully ran Files.delete /home/runner/work/ratis/ratis/ratis-examples/target/test/data/f203f927/MiniRaftClusterWithSimulatedRpca2d4e021/s0/3c634f31-905e-4365-9158-bb4825b1330b/sm
2024-10-31 03:23:44,467 TRACE util.FileUtils (LogUtils.java:runAndLog(49)) - Successfully ran Files.delete /home/runner/work/ratis/ratis/ratis-examples/target/test/data/f203f927/MiniRaftClusterWithSimulatedRpca2d4e021/s0/3c634f31-905e-4365-9158-bb4825b1330b
2024-10-31 03:23:44,467 INFO  server.RaftServer$Division (RaftServerImpl.java:groupRemove(484)) - s0@group-BB4825B1330B: Succeed to remove RaftStorageDirectory Storage Directory /home/runner/work/ratis/ratis/ratis-examples/target/test/data/f203f927/MiniRaftClusterWithSimulatedRpca2d4e021/s0/3c634f31-905e-4365-9158-bb4825b1330b
2024-10-31 03:23:44,468 INFO  server.RaftServer (RaftServerProxy.java:remove(112)) - s1: remove  FOLLOWER s1@group-BB4825B1330B:t1, leader=null, voted=s0, raftlog=Memoized:s1@group-BB4825B1330B-SegmentedRaftLog:OPENED:c120:last(t:1, i:120), conf=conf: {index: 0, cur=peers:[s10|, s0|, s1|]|listeners:[], old=null} RUNNING
2024-10-31 03:23:44,468 INFO  server.RaftServer$Division (RaftServerImpl.java:lambda$close$1(514)) - s1@group-BB4825B1330B: shutdown
2024-10-31 03:23:44,468 INFO  util.JmxRegister (JmxRegister.java:unregister(74)) - Successfully un-registered JMX Bean with object name Ratis:service=RaftServer,group=group-BB4825B1330B,id=s1
2024-10-31 03:23:44,468 INFO  impl.RoleInfo (RoleInfo.java:shutdownFollowerState(121)) - s1: shutdown s1@group-BB4825B1330B-FollowerState
2024-10-31 03:23:44,468 INFO  impl.StateMachineUpdater (StateMachineUpdater.java:stopAndJoin(164)) - s1@group-BB4825B1330B-StateMachineUpdater: set stopIndex = 120
2024-10-31 03:23:44,468 INFO  impl.StateMachineUpdater (StateMachineUpdater.java:stop(141)) - s1@group-BB4825B1330B-StateMachineUpdater: closing ArithmeticStateMachine, lastApplied=(t:1, i:120)
2024-10-31 03:23:44,468 INFO  impl.FollowerState (FollowerState.java:runImpl(170)) - s1@group-BB4825B1330B-FollowerState was interrupted
2024-10-31 03:23:44,468 INFO  raftlog.RaftLog (SegmentedRaftLog.java:close(568)) - Start closing s1@group-BB4825B1330B-SegmentedRaftLog:OPENED:c120:last(t:1, i:120)
2024-10-31 03:23:44,469 INFO  util.AwaitToRun (AwaitToRun.java:run(49)) - s1@group-BB4825B1330B-cacheEviction-AwaitToRun-AwaitForSignal is interrupted
2024-10-31 03:23:44,469 INFO  segmented.LogSegment (LogSegment.java:close(349)) - Successfully closed EntryCache-log_inprogress_0
2024-10-31 03:23:45,466 INFO  segmented.SegmentedRaftLogWorker (SegmentedRaftLogWorker.java:close(254)) - s1@group-BB4825B1330B-SegmentedRaftLogWorker close()
2024-10-31 03:23:45,466 INFO  raftlog.RaftLog (SegmentedRaftLog.java:close(576)) - Successfully closed s1@group-BB4825B1330B-SegmentedRaftLog:CLOSED:c120
2024-10-31 03:23:45,467 TRACE util.FileUtils (FileUtils.java:deleteFully(307)) - deleteFully /home/runner/work/ratis/ratis/ratis-examples/target/test/data/f203f927/MiniRaftClusterWithSimulatedRpca2d4e021/s1/3c634f31-905e-4365-9158-bb4825b1330b
2024-10-31 03:23:45,467 TRACE util.FileUtils (LogUtils.java:runAndLog(49)) - Successfully ran Files.delete /home/runner/work/ratis/ratis/ratis-examples/target/test/data/f203f927/MiniRaftClusterWithSimulatedRpca2d4e021/s1/3c634f31-905e-4365-9158-bb4825b1330b/current/raft-meta
2024-10-31 03:23:45,467 TRACE util.FileUtils (LogUtils.java:runAndLog(49)) - Successfully ran Files.delete /home/runner/work/ratis/ratis/ratis-examples/target/test/data/f203f927/MiniRaftClusterWithSimulatedRpca2d4e021/s1/3c634f31-905e-4365-9158-bb4825b1330b/current/log_inprogress_0
2024-10-31 03:23:45,467 TRACE util.FileUtils (LogUtils.java:runAndLog(49)) - Successfully ran Files.delete /home/runner/work/ratis/ratis/ratis-examples/target/test/data/f203f927/MiniRaftClusterWithSimulatedRpca2d4e021/s1/3c634f31-905e-4365-9158-bb4825b1330b/current/raft-meta.conf
2024-10-31 03:23:45,467 TRACE util.FileUtils (LogUtils.java:runAndLog(49)) - Successfully ran Files.delete /home/runner/work/ratis/ratis/ratis-examples/target/test/data/f203f927/MiniRaftClusterWithSimulatedRpca2d4e021/s1/3c634f31-905e-4365-9158-bb4825b1330b/current
2024-10-31 03:23:45,468 TRACE util.FileUtils (LogUtils.java:runAndLog(49)) - Successfully ran Files.delete /home/runner/work/ratis/ratis/ratis-examples/target/test/data/f203f927/MiniRaftClusterWithSimulatedRpca2d4e021/s1/3c634f31-905e-4365-9158-bb4825b1330b/in_use.lock
2024-10-31 03:23:45,468 TRACE util.FileUtils (LogUtils.java:runAndLog(49)) - Successfully ran Files.delete /home/runner/work/ratis/ratis/ratis-examples/target/test/data/f203f927/MiniRaftClusterWithSimulatedRpca2d4e021/s1/3c634f31-905e-4365-9158-bb4825b1330b/sm
2024-10-31 03:23:45,468 TRACE util.FileUtils (LogUtils.java:runAndLog(49)) - Successfully ran Files.delete /home/runner/work/ratis/ratis/ratis-examples/target/test/data/f203f927/MiniRaftClusterWithSimulatedRpca2d4e021/s1/3c634f31-905e-4365-9158-bb4825b1330b
2024-10-31 03:23:45,468 INFO  server.RaftServer$Division (RaftServerImpl.java:groupRemove(484)) - s1@group-BB4825B1330B: Succeed to remove RaftStorageDirectory Storage Directory /home/runner/work/ratis/ratis/ratis-examples/target/test/data/f203f927/MiniRaftClusterWithSimulatedRpca2d4e021/s1/3c634f31-905e-4365-9158-bb4825b1330b
2024-10-31 03:23:45,468 INFO  impl.GroupManagementBaseTest (GroupManagementBaseTest.java:runMultiGroupTest(299)) - 1) close printing group-E1D6B2FD37FB
  s11:  RUNNING [
   FOLLOWER s11@group-E1D6B2FD37FB:t1, leader=s13, voted=s13, raftlog=Memoized:s11@group-E1D6B2FD37FB-SegmentedRaftLog:OPENED:c120:last(t:1, i:120), conf=conf: {index: 0, cur=peers:[s11|, s13|, s12|]|listeners:[], old=null} RUNNING
   FOLLOWER s11@group-4EB49E3E6D70:t0, leader=null, voted=, raftlog=Memoized:s11@group-4EB49E3E6D70-SegmentedRaftLog:OPENED:c-1:lastnull, conf=conf: {index: -1, cur=peers:[]|listeners:[], old=null} STARTING] size=2
  s13:  RUNNING [
     LEADER s13@group-E1D6B2FD37FB:t1, leader=s13, voted=s13, raftlog=Memoized:s13@group-E1D6B2FD37FB-SegmentedRaftLog:OPENED:c120:last(t:1, i:120), conf=conf: {index: 0, cur=peers:[s11, s13, s12]|listeners:[], old=null} RUNNING
   FOLLOWER s13@group-4EB49E3E6D70:t0, leader=null, voted=, raftlog=Memoized:s13@group-4EB49E3E6D70-SegmentedRaftLog:OPENED:c-1:lastnull, conf=conf: {index: -1, cur=peers:[]|listeners:[], old=null} STARTING] size=2
  s12:  RUNNING [
   FOLLOWER s12@group-E1D6B2FD37FB:t1, leader=s13, voted=s13, raftlog=Memoized:s12@group-E1D6B2FD37FB-SegmentedRaftLog:OPENED:c120:last(t:1, i:120), conf=conf: {index: 0, cur=peers:[s11|, s13|, s12|]|listeners:[], old=null} RUNNING
   FOLLOWER s12@group-4EB49E3E6D70:t0, leader=null, voted=, raftlog=Memoized:s12@group-4EB49E3E6D70-SegmentedRaftLog:OPENED:c-1:lastnull, conf=conf: {index: -1, cur=peers:[]|listeners:[], old=null} STARTING] size=2
2024-10-31 03:23:45,469 INFO  server.RaftServer (RaftServerProxy.java:remove(112)) - s11: remove  FOLLOWER s11@group-E1D6B2FD37FB:t1, leader=s13, voted=s13, raftlog=Memoized:s11@group-E1D6B2FD37FB-SegmentedRaftLog:OPENED:c120:last(t:1, i:120), conf=conf: {index: 0, cur=peers:[s11|, s13|, s12|]|listeners:[], old=null} RUNNING
2024-10-31 03:23:45,469 INFO  server.RaftServer$Division (RaftServerImpl.java:lambda$close$1(514)) - s11@group-E1D6B2FD37FB: shutdown
2024-10-31 03:23:45,469 INFO  util.JmxRegister (JmxRegister.java:unregister(74)) - Successfully un-registered JMX Bean with object name Ratis:service=RaftServer,group=group-E1D6B2FD37FB,id=s11
2024-10-31 03:23:45,469 INFO  impl.RoleInfo (RoleInfo.java:shutdownFollowerState(121)) - s11: shutdown s11@group-E1D6B2FD37FB-FollowerState
2024-10-31 03:23:45,469 INFO  impl.StateMachineUpdater (StateMachineUpdater.java:stopAndJoin(164)) - s11@group-E1D6B2FD37FB-StateMachineUpdater: set stopIndex = 120
2024-10-31 03:23:45,469 INFO  impl.FollowerState (FollowerState.java:runImpl(170)) - s11@group-E1D6B2FD37FB-FollowerState was interrupted
2024-10-31 03:23:45,469 INFO  impl.StateMachineUpdater (StateMachineUpdater.java:stop(141)) - s11@group-E1D6B2FD37FB-StateMachineUpdater: closing ArithmeticStateMachine, lastApplied=(t:1, i:120)
2024-10-31 03:23:45,470 INFO  raftlog.RaftLog (SegmentedRaftLog.java:close(568)) - Start closing s11@group-E1D6B2FD37FB-SegmentedRaftLog:OPENED:c120:last(t:1, i:120)
2024-10-31 03:23:45,470 INFO  util.AwaitToRun (AwaitToRun.java:run(49)) - s11@group-E1D6B2FD37FB-cacheEviction-AwaitToRun-AwaitForSignal is interrupted
2024-10-31 03:23:45,470 INFO  segmented.LogSegment (LogSegment.java:close(349)) - Successfully closed EntryCache-log_inprogress_0
2024-10-31 03:23:45,582 WARN  leader.LogAppender (LogAppenderDefault.java:sendAppendEntriesWithRetries(85)) - s13@group-E1D6B2FD37FB->s11-LogAppenderDefault: Failed to appendEntries (retry=0)
org.apache.ratis.protocol.exceptions.GroupMismatchException: s11: group-E1D6B2FD37FB not found.
	at org.apache.ratis.server.impl.RaftServerProxy$ImplMap.get(RaftServerProxy.java:156)
	at org.apache.ratis.server.impl.RaftServerProxy.getImplFuture(RaftServerProxy.java:366)
	at org.apache.ratis.server.impl.RaftServerProxy.getImpl(RaftServerProxy.java:375)
	at org.apache.ratis.server.impl.RaftServerProxy.getImpl(RaftServerProxy.java:370)
	at org.apache.ratis.server.impl.RaftServerProxy.appendEntries(RaftServerProxy.java:670)
	at org.apache.ratis.server.simulation.SimulatedServerRpc$1.handleRequest(SimulatedServerRpc.java:163)
	at org.apache.ratis.server.simulation.SimulatedServerRpc$1.handleRequest(SimulatedServerRpc.java:153)
	at org.apache.ratis.server.simulation.RequestHandler.handleRequest(RequestHandler.java:91)
	at org.apache.ratis.server.simulation.RequestHandler$HandlerDaemon.run(RequestHandler.java:125)
2024-10-31 03:23:45,658 WARN  leader.LogAppender (LogAppenderDefault.java:sendAppendEntriesWithRetries(85)) - s13@group-E1D6B2FD37FB->s11-LogAppenderDefault: Failed to appendEntries (retry=0)
org.apache.ratis.protocol.exceptions.GroupMismatchException: s11: group-E1D6B2FD37FB not found.
	at org.apache.ratis.server.impl.RaftServerProxy$ImplMap.get(RaftServerProxy.java:156)
	at org.apache.ratis.server.impl.RaftServerProxy.getImplFuture(RaftServerProxy.java:366)
	at org.apache.ratis.server.impl.RaftServerProxy.getImpl(RaftServerProxy.java:375)
	at org.apache.ratis.server.impl.RaftServerProxy.getImpl(RaftServerProxy.java:370)
	at org.apache.ratis.server.impl.RaftServerProxy.appendEntries(RaftServerProxy.java:670)
	at org.apache.ratis.server.simulation.SimulatedServerRpc$1.handleRequest(SimulatedServerRpc.java:163)
	at org.apache.ratis.server.simulation.SimulatedServerRpc$1.handleRequest(SimulatedServerRpc.java:153)
	at org.apache.ratis.server.simulation.RequestHandler.handleRequest(RequestHandler.java:91)
	at org.apache.ratis.server.simulation.RequestHandler$HandlerDaemon.run(RequestHandler.java:125)
2024-10-31 03:23:45,713 INFO  segmented.SegmentedRaftLogWorker (SegmentedRaftLogWorker.java:close(254)) - s11@group-E1D6B2FD37FB-SegmentedRaftLogWorker close()
2024-10-31 03:23:45,714 INFO  raftlog.RaftLog (SegmentedRaftLog.java:close(576)) - Successfully closed s11@group-E1D6B2FD37FB-SegmentedRaftLog:CLOSED:c120
2024-10-31 03:23:45,714 TRACE util.FileUtils (FileUtils.java:deleteFully(307)) - deleteFully /home/runner/work/ratis/ratis/ratis-examples/target/test/data/f203f927/MiniRaftClusterWithSimulatedRpca2d4e021/s11/4ad4c581-1f7d-4839-af83-e1d6b2fd37fb
2024-10-31 03:23:45,715 TRACE util.FileUtils (LogUtils.java:runAndLog(49)) - Successfully ran Files.delete /home/runner/work/ratis/ratis/ratis-examples/target/test/data/f203f927/MiniRaftClusterWithSimulatedRpca2d4e021/s11/4ad4c581-1f7d-4839-af83-e1d6b2fd37fb/current/raft-meta
2024-10-31 03:23:45,715 TRACE util.FileUtils (LogUtils.java:runAndLog(49)) - Successfully ran Files.delete /home/runner/work/ratis/ratis/ratis-examples/target/test/data/f203f927/MiniRaftClusterWithSimulatedRpca2d4e021/s11/4ad4c581-1f7d-4839-af83-e1d6b2fd37fb/current/log_inprogress_0
2024-10-31 03:23:45,715 TRACE util.FileUtils (LogUtils.java:runAndLog(49)) - Successfully ran Files.delete /home/runner/work/ratis/ratis/ratis-examples/target/test/data/f203f927/MiniRaftClusterWithSimulatedRpca2d4e021/s11/4ad4c581-1f7d-4839-af83-e1d6b2fd37fb/current/raft-meta.conf
2024-10-31 03:23:45,715 TRACE util.FileUtils (LogUtils.java:runAndLog(49)) - Successfully ran Files.delete /home/runner/work/ratis/ratis/ratis-examples/target/test/data/f203f927/MiniRaftClusterWithSimulatedRpca2d4e021/s11/4ad4c581-1f7d-4839-af83-e1d6b2fd37fb/current
2024-10-31 03:23:45,715 TRACE util.FileUtils (LogUtils.java:runAndLog(49)) - Successfully ran Files.delete /home/runner/work/ratis/ratis/ratis-examples/target/test/data/f203f927/MiniRaftClusterWithSimulatedRpca2d4e021/s11/4ad4c581-1f7d-4839-af83-e1d6b2fd37fb/in_use.lock
2024-10-31 03:23:45,715 TRACE util.FileUtils (LogUtils.java:runAndLog(49)) - Successfully ran Files.delete /home/runner/work/ratis/ratis/ratis-examples/target/test/data/f203f927/MiniRaftClusterWithSimulatedRpca2d4e021/s11/4ad4c581-1f7d-4839-af83-e1d6b2fd37fb/sm
2024-10-31 03:23:45,715 TRACE util.FileUtils (LogUtils.java:runAndLog(49)) - Successfully ran Files.delete /home/runner/work/ratis/ratis/ratis-examples/target/test/data/f203f927/MiniRaftClusterWithSimulatedRpca2d4e021/s11/4ad4c581-1f7d-4839-af83-e1d6b2fd37fb
2024-10-31 03:23:45,716 INFO  server.RaftServer$Division (RaftServerImpl.java:groupRemove(484)) - s11@group-E1D6B2FD37FB: Succeed to remove RaftStorageDirectory Storage Directory /home/runner/work/ratis/ratis/ratis-examples/target/test/data/f203f927/MiniRaftClusterWithSimulatedRpca2d4e021/s11/4ad4c581-1f7d-4839-af83-e1d6b2fd37fb
2024-10-31 03:23:45,716 INFO  server.RaftServer (RaftServerProxy.java:remove(112)) - s13: remove    LEADER s13@group-E1D6B2FD37FB:t1, leader=s13, voted=s13, raftlog=Memoized:s13@group-E1D6B2FD37FB-SegmentedRaftLog:OPENED:c120:last(t:1, i:120), conf=conf: {index: 0, cur=peers:[s11, s13, s12]|listeners:[], old=null} RUNNING
2024-10-31 03:23:45,716 INFO  server.RaftServer$Division (RaftServerImpl.java:lambda$close$1(514)) - s13@group-E1D6B2FD37FB: shutdown
2024-10-31 03:23:45,717 INFO  util.JmxRegister (JmxRegister.java:unregister(74)) - Successfully un-registered JMX Bean with object name Ratis:service=RaftServer,group=group-E1D6B2FD37FB,id=s13
2024-10-31 03:23:45,717 INFO  impl.RoleInfo (RoleInfo.java:shutdownLeaderState(103)) - s13: shutdown s13@group-E1D6B2FD37FB-LeaderStateImpl
2024-10-31 03:23:45,717 INFO  leader.LogAppenderDaemon (LogAppenderDaemon.java:run(85)) - s13@group-E1D6B2FD37FB->s11-LogAppenderDefault-LogAppenderDaemon was interrupted: java.lang.InterruptedException
2024-10-31 03:23:45,717 INFO  leader.LogAppenderDaemon (LogAppenderDaemon.java:run(85)) - s13@group-E1D6B2FD37FB->s12-LogAppenderDefault-LogAppenderDaemon was interrupted: java.lang.InterruptedException
2024-10-31 03:23:45,717 INFO  impl.PendingRequests (PendingRequests.java:sendNotLeaderResponses(287)) - s13@group-E1D6B2FD37FB-PendingRequests: sendNotLeaderResponses
2024-10-31 03:23:45,718 INFO  impl.StateMachineUpdater (StateMachineUpdater.java:stopAndJoin(164)) - s13@group-E1D6B2FD37FB-StateMachineUpdater: set stopIndex = 120
2024-10-31 03:23:45,718 INFO  impl.StateMachineUpdater (StateMachineUpdater.java:stop(141)) - s13@group-E1D6B2FD37FB-StateMachineUpdater: closing ArithmeticStateMachine, lastApplied=(t:1, i:120)
2024-10-31 03:23:45,718 INFO  raftlog.RaftLog (SegmentedRaftLog.java:close(568)) - Start closing s13@group-E1D6B2FD37FB-SegmentedRaftLog:OPENED:c120:last(t:1, i:120)
2024-10-31 03:23:45,718 INFO  util.AwaitToRun (AwaitToRun.java:run(49)) - s13@group-E1D6B2FD37FB-cacheEviction-AwaitToRun-AwaitForSignal is interrupted
2024-10-31 03:23:45,718 INFO  segmented.LogSegment (LogSegment.java:close(349)) - Successfully closed EntryCache-log_inprogress_0
2024-10-31 03:23:45,991 INFO  impl.MiniRaftCluster (MiniRaftCluster.java:lambda$null$7(362)) - TIMED-PRINT: printing ALL groups
  s3:  RUNNING [
   FOLLOWER s3@group-4EB49E3E6D70:t0, leader=null, voted=, raftlog=Memoized:s3@group-4EB49E3E6D70-SegmentedRaftLog:OPENED:c-1:lastnull, conf=conf: {index: -1, cur=peers:[]|listeners:[], old=null} STARTING
   FOLLOWER s3@group-23A0405D286A:t1, leader=s14, voted=s14, raftlog=Memoized:s3@group-23A0405D286A-SegmentedRaftLog:OPENED:c120:last(t:1, i:120), conf=conf: {index: 0, cur=peers:[s3|, s14|, s2|]|listeners:[], old=null} RUNNING] size=2
  s4:  RUNNING [
   FOLLOWER s4@group-4EB49E3E6D70:t0, leader=null, voted=, raftlog=Memoized:s4@group-4EB49E3E6D70-SegmentedRaftLog:OPENED:c-1:lastnull, conf=conf: {index: -1, cur=peers:[]|listeners:[], old=null} STARTING
   FOLLOWER s4@group-967C893AA8BD:t1, leader=s6, voted=s4, raftlog=Memoized:s4@group-967C893AA8BD-SegmentedRaftLog:OPENED:c120:last(t:1, i:120), conf=conf: {index: 0, cur=peers:[s4|, s5|, s6|]|listeners:[], old=null} RUNNING] size=2
  s5:  RUNNING [
   FOLLOWER s5@group-4EB49E3E6D70:t0, leader=null, voted=, raftlog=Memoized:s5@group-4EB49E3E6D70-SegmentedRaftLog:OPENED:c-1:lastnull, conf=conf: {index: -1, cur=peers:[]|listeners:[], old=null} STARTING
   FOLLOWER s5@group-967C893AA8BD:t1, leader=s6, voted=s6, raftlog=Memoized:s5@group-967C893AA8BD-SegmentedRaftLog:OPENED:c120:last(t:1, i:120), conf=conf: {index: 0, cur=peers:[s4|, s5|, s6|]|listeners:[], old=null} RUNNING] size=2
  s6:  RUNNING [
   FOLLOWER s6@group-4EB49E3E6D70:t0, leader=null, voted=, raftlog=Memoized:s6@group-4EB49E3E6D70-SegmentedRaftLog:OPENED:c-1:lastnull, conf=conf: {index: -1, cur=peers:[]|listeners:[], old=null} STARTING
     LEADER s6@group-967C893AA8BD:t1, leader=s6, voted=s6, raftlog=Memoized:s6@group-967C893AA8BD-SegmentedRaftLog:OPENED:c120:last(t:1, i:120), conf=conf: {index: 0, cur=peers:[s4, s5, s6]|listeners:[], old=null} RUNNING] size=2
  s7:  RUNNING [
   FOLLOWER s7@group-4EB49E3E6D70:t0, leader=null, voted=, raftlog=Memoized:s7@group-4EB49E3E6D70-SegmentedRaftLog:OPENED:c-1:lastnull, conf=conf: {index: -1, cur=peers:[]|listeners:[], old=null} STARTING
     LEADER s7@group-4CD87B055E3A:t1, leader=s7, voted=s7, raftlog=Memoized:s7@group-4CD87B055E3A-SegmentedRaftLog:OPENED:c120:last(t:1, i:120), conf=conf: {index: 0, cur=peers:[s7, s8, s9]|listeners:[], old=null} RUNNING] size=2
  s8:  RUNNING [
   FOLLOWER s8@group-4EB49E3E6D70:t0, leader=null, voted=, raftlog=Memoized:s8@group-4EB49E3E6D70-SegmentedRaftLog:OPENED:c-1:lastnull, conf=conf: {index: -1, cur=peers:[]|listeners:[], old=null} STARTING
   FOLLOWER s8@group-4CD87B055E3A:t1, leader=s7, voted=s7, raftlog=Memoized:s8@group-4CD87B055E3A-SegmentedRaftLog:OPENED:c120:last(t:1, i:120), conf=conf: {index: 0, cur=peers:[s7|, s8|, s9|]|listeners:[], old=null} RUNNING] size=2
  s9:  RUNNING [
   FOLLOWER s9@group-4EB49E3E6D70:t0, leader=null, voted=, raftlog=Memoized:s9@group-4EB49E3E6D70-SegmentedRaftLog:OPENED:c-1:lastnull, conf=conf: {index: -1, cur=peers:[]|listeners:[], old=null} STARTING
   FOLLOWER s9@group-4CD87B055E3A:t1, leader=s7, voted=s7, raftlog=Memoized:s9@group-4CD87B055E3A-SegmentedRaftLog:OPENED:c120:last(t:1, i:120), conf=conf: {index: 0, cur=peers:[s7|, s8|, s9|]|listeners:[], old=null} RUNNING] size=2
  s11:  RUNNING  FOLLOWER s11@group-4EB49E3E6D70:t0, leader=null, voted=, raftlog=Memoized:s11@group-4EB49E3E6D70-SegmentedRaftLog:OPENED:c-1:lastnull, conf=conf: {index: -1, cur=peers:[]|listeners:[], old=null} STARTING
  s10:  RUNNING  FOLLOWER s10@group-4EB49E3E6D70:t0, leader=null, voted=, raftlog=Memoized:s10@group-4EB49E3E6D70-SegmentedRaftLog:OPENED:c-1:lastnull, conf=conf: {index: -1, cur=peers:[]|listeners:[], old=null} STARTING
  s13:  RUNNING  FOLLOWER s13@group-4EB49E3E6D70:t0, leader=null, voted=, raftlog=Memoized:s13@group-4EB49E3E6D70-SegmentedRaftLog:OPENED:c-1:lastnull, conf=conf: {index: -1, cur=peers:[]|listeners:[], old=null} STARTING
  s12:  RUNNING [
   FOLLOWER s12@group-E1D6B2FD37FB:t1, leader=s13, voted=s13, raftlog=Memoized:s12@group-E1D6B2FD37FB-SegmentedRaftLog:OPENED:c120:last(t:1, i:120), conf=conf: {index: 0, cur=peers:[s11|, s13|, s12|]|listeners:[], old=null} RUNNING
   FOLLOWER s12@group-4EB49E3E6D70:t0, leader=null, voted=, raftlog=Memoized:s12@group-4EB49E3E6D70-SegmentedRaftLog:OPENED:c-1:lastnull, conf=conf: {index: -1, cur=peers:[]|listeners:[], old=null} STARTING] size=2
  s14:  RUNNING [
   FOLLOWER s14@group-4EB49E3E6D70:t0, leader=null, voted=, raftlog=Memoized:s14@group-4EB49E3E6D70-SegmentedRaftLog:OPENED:c-1:lastnull, conf=conf: {index: -1, cur=peers:[]|listeners:[], old=null} STARTING
     LEADER s14@group-23A0405D286A:t1, leader=s14, voted=s14, raftlog=Memoized:s14@group-23A0405D286A-SegmentedRaftLog:OPENED:c120:last(t:1, i:120), conf=conf: {index: 0, cur=peers:[s3, s14, s2]|listeners:[], old=null} RUNNING] size=2
  s0:  RUNNING  FOLLOWER s0@group-4EB49E3E6D70:t0, leader=null, voted=, raftlog=Memoized:s0@group-4EB49E3E6D70-SegmentedRaftLog:OPENED:c-1:lastnull, conf=conf: {index: -1, cur=peers:[]|listeners:[], old=null} STARTING
  s1:  RUNNING  FOLLOWER s1@group-4EB49E3E6D70:t0, leader=null, voted=, raftlog=Memoized:s1@group-4EB49E3E6D70-SegmentedRaftLog:OPENED:c-1:lastnull, conf=conf: {index: -1, cur=peers:[]|listeners:[], old=null} STARTING
  s2:  RUNNING [
   FOLLOWER s2@group-4EB49E3E6D70:t0, leader=null, voted=, raftlog=Memoized:s2@group-4EB49E3E6D70-SegmentedRaftLog:OPENED:c-1:lastnull, conf=conf: {index: -1, cur=peers:[]|listeners:[], old=null} STARTING
   FOLLOWER s2@group-23A0405D286A:t1, leader=s14, voted=s14, raftlog=Memoized:s2@group-23A0405D286A-SegmentedRaftLog:OPENED:c120:last(t:1, i:120), conf=conf: {index: 0, cur=peers:[s3|, s14|, s2|]|listeners:[], old=null} RUNNING] size=2
2024-10-31 03:23:46,172 INFO  impl.FollowerState (FollowerState.java:runImpl(161)) - s12@group-E1D6B2FD37FB-FollowerState: change to CANDIDATE, lastRpcElapsedTime:589763299ns, electionTimeout:428ms
2024-10-31 03:23:46,172 INFO  impl.RoleInfo (RoleInfo.java:shutdownFollowerState(121)) - s12: shutdown s12@group-E1D6B2FD37FB-FollowerState
2024-10-31 03:23:46,172 INFO  server.RaftServer$Division (RaftServerImpl.java:setRole(379)) - s12@group-E1D6B2FD37FB: changes role from  FOLLOWER to CANDIDATE at term 1 for changeToCandidate
2024-10-31 03:23:46,172 INFO  server.RaftServerConfigKeys (ConfUtils.java:logGet(46)) - raft.server.leaderelection.pre-vote = true (default)
2024-10-31 03:23:46,172 INFO  impl.RoleInfo (RoleInfo.java:updateAndGet(148)) - s12: start s12@group-E1D6B2FD37FB-LeaderElection8
2024-10-31 03:23:46,173 INFO  server.RaftServer$Division (ServerState.java:setLeader(272)) - s12@group-E1D6B2FD37FB: change Leader from s13 to null at term 1 for PRE_VOTE
2024-10-31 03:23:46,173 INFO  impl.LeaderElection (LeaderElection.java:askForVotes(332)) - s12@group-E1D6B2FD37FB-LeaderElection8 PRE_VOTE round 0: submit vote requests at term 1 for conf: {index: 0, cur=peers:[s11|, s13|, s12|]|listeners:[], old=null}
2024-10-31 03:23:46,174 INFO  impl.LeaderElection (LogUtils.java:infoOrTrace(136)) - s12@group-E1D6B2FD37FB-LeaderElection8 got exception when requesting votes: java.util.concurrent.ExecutionException: org.apache.ratis.protocol.exceptions.GroupMismatchException: s11: group-E1D6B2FD37FB not found.
2024-10-31 03:23:46,174 INFO  impl.LeaderElection (LogUtils.java:infoOrTrace(136)) - s12@group-E1D6B2FD37FB-LeaderElection8 got exception when requesting votes: java.util.concurrent.ExecutionException: org.apache.ratis.protocol.exceptions.GroupMismatchException: s13: group-E1D6B2FD37FB not found.
2024-10-31 03:23:46,174 INFO  impl.LeaderElection (LeaderElection.java:logAndReturn(90)) - s12@group-E1D6B2FD37FB-LeaderElection8: PRE_VOTE REJECTED received 0 response(s) and 2 exception(s):
2024-10-31 03:23:46,174 INFO  impl.LeaderElection (LogUtils.java:infoOrTrace(136)) -   Exception 0: java.util.concurrent.ExecutionException: org.apache.ratis.protocol.exceptions.GroupMismatchException: s11: group-E1D6B2FD37FB not found.
2024-10-31 03:23:46,174 INFO  impl.LeaderElection (LogUtils.java:infoOrTrace(136)) -   Exception 1: java.util.concurrent.ExecutionException: org.apache.ratis.protocol.exceptions.GroupMismatchException: s13: group-E1D6B2FD37FB not found.
2024-10-31 03:23:46,174 INFO  impl.LeaderElection (LeaderElection.java:askForVotes(334)) - s12@group-E1D6B2FD37FB-LeaderElection8 PRE_VOTE round 0: result REJECTED
2024-10-31 03:23:46,174 INFO  server.RaftServer$Division (RaftServerImpl.java:setRole(379)) - s12@group-E1D6B2FD37FB: changes role from CANDIDATE to FOLLOWER at term 1 for REJECTED
2024-10-31 03:23:46,174 INFO  impl.RoleInfo (RoleInfo.java:shutdownLeaderElection(141)) - s12: shutdown s12@group-E1D6B2FD37FB-LeaderElection8
2024-10-31 03:23:46,174 INFO  impl.RoleInfo (RoleInfo.java:updateAndGet(148)) - s12: start s12@group-E1D6B2FD37FB-FollowerState
2024-10-31 03:23:46,494 INFO  impl.FollowerState (FollowerState.java:runImpl(161)) - s12@group-E1D6B2FD37FB-FollowerState: change to CANDIDATE, lastRpcElapsedTime:319674140ns, electionTimeout:319ms
2024-10-31 03:23:46,494 INFO  impl.RoleInfo (RoleInfo.java:shutdownFollowerState(121)) - s12: shutdown s12@group-E1D6B2FD37FB-FollowerState
2024-10-31 03:23:46,494 INFO  server.RaftServer$Division (RaftServerImpl.java:setRole(379)) - s12@group-E1D6B2FD37FB: changes role from  FOLLOWER to CANDIDATE at term 1 for changeToCandidate
2024-10-31 03:23:46,494 INFO  server.RaftServerConfigKeys (ConfUtils.java:logGet(46)) - raft.server.leaderelection.pre-vote = true (default)
2024-10-31 03:23:46,494 INFO  impl.RoleInfo (RoleInfo.java:updateAndGet(148)) - s12: start s12@group-E1D6B2FD37FB-LeaderElection9
2024-10-31 03:23:46,495 INFO  impl.LeaderElection (LeaderElection.java:askForVotes(332)) - s12@group-E1D6B2FD37FB-LeaderElection9 PRE_VOTE round 0: submit vote requests at term 1 for conf: {index: 0, cur=peers:[s11|, s13|, s12|]|listeners:[], old=null}
2024-10-31 03:23:46,495 INFO  impl.LeaderElection (LogUtils.java:infoOrTrace(136)) - s12@group-E1D6B2FD37FB-LeaderElection9 got exception when requesting votes: java.util.concurrent.ExecutionException: org.apache.ratis.protocol.exceptions.GroupMismatchException: s11: group-E1D6B2FD37FB not found.
2024-10-31 03:23:46,496 INFO  impl.LeaderElection (LogUtils.java:infoOrTrace(136)) - s12@group-E1D6B2FD37FB-LeaderElection9 got exception when requesting votes: java.util.concurrent.ExecutionException: org.apache.ratis.protocol.exceptions.GroupMismatchException: s13: group-E1D6B2FD37FB not found.
2024-10-31 03:23:46,496 INFO  impl.LeaderElection (LeaderElection.java:logAndReturn(90)) - s12@group-E1D6B2FD37FB-LeaderElection9: PRE_VOTE REJECTED received 0 response(s) and 2 exception(s):
2024-10-31 03:23:46,496 INFO  impl.LeaderElection (LogUtils.java:infoOrTrace(136)) -   Exception 0: java.util.concurrent.ExecutionException: org.apache.ratis.protocol.exceptions.GroupMismatchException: s11: group-E1D6B2FD37FB not found.
2024-10-31 03:23:46,496 INFO  impl.LeaderElection (LogUtils.java:infoOrTrace(136)) -   Exception 1: java.util.concurrent.ExecutionException: org.apache.ratis.protocol.exceptions.GroupMismatchException: s13: group-E1D6B2FD37FB not found.
2024-10-31 03:23:46,496 INFO  impl.LeaderElection (LeaderElection.java:askForVotes(334)) - s12@group-E1D6B2FD37FB-LeaderElection9 PRE_VOTE round 0: result REJECTED
2024-10-31 03:23:46,496 INFO  server.RaftServer$Division (RaftServerImpl.java:setRole(379)) - s12@group-E1D6B2FD37FB: changes role from CANDIDATE to FOLLOWER at term 1 for REJECTED
2024-10-31 03:23:46,496 INFO  impl.RoleInfo (RoleInfo.java:shutdownLeaderElection(141)) - s12: shutdown s12@group-E1D6B2FD37FB-LeaderElection9
2024-10-31 03:23:46,496 INFO  impl.RoleInfo (RoleInfo.java:updateAndGet(148)) - s12: start s12@group-E1D6B2FD37FB-FollowerState
2024-10-31 03:23:46,707 INFO  segmented.SegmentedRaftLogWorker (SegmentedRaftLogWorker.java:close(254)) - s13@group-E1D6B2FD37FB-SegmentedRaftLogWorker close()
2024-10-31 03:23:46,708 INFO  raftlog.RaftLog (SegmentedRaftLog.java:close(576)) - Successfully closed s13@group-E1D6B2FD37FB-SegmentedRaftLog:CLOSED:c120
2024-10-31 03:23:46,709 TRACE util.FileUtils (FileUtils.java:deleteFully(307)) - deleteFully /home/runner/work/ratis/ratis/ratis-examples/target/test/data/f203f927/MiniRaftClusterWithSimulatedRpca2d4e021/s13/4ad4c581-1f7d-4839-af83-e1d6b2fd37fb
2024-10-31 03:23:46,709 TRACE util.FileUtils (LogUtils.java:runAndLog(49)) - Successfully ran Files.delete /home/runner/work/ratis/ratis/ratis-examples/target/test/data/f203f927/MiniRaftClusterWithSimulatedRpca2d4e021/s13/4ad4c581-1f7d-4839-af83-e1d6b2fd37fb/current/raft-meta
2024-10-31 03:23:46,709 TRACE util.FileUtils (LogUtils.java:runAndLog(49)) - Successfully ran Files.delete /home/runner/work/ratis/ratis/ratis-examples/target/test/data/f203f927/MiniRaftClusterWithSimulatedRpca2d4e021/s13/4ad4c581-1f7d-4839-af83-e1d6b2fd37fb/current/log_inprogress_0
2024-10-31 03:23:46,709 TRACE util.FileUtils (LogUtils.java:runAndLog(49)) - Successfully ran Files.delete /home/runner/work/ratis/ratis/ratis-examples/target/test/data/f203f927/MiniRaftClusterWithSimulatedRpca2d4e021/s13/4ad4c581-1f7d-4839-af83-e1d6b2fd37fb/current/raft-meta.conf
2024-10-31 03:23:46,710 TRACE util.FileUtils (LogUtils.java:runAndLog(49)) - Successfully ran Files.delete /home/runner/work/ratis/ratis/ratis-examples/target/test/data/f203f927/MiniRaftClusterWithSimulatedRpca2d4e021/s13/4ad4c581-1f7d-4839-af83-e1d6b2fd37fb/current
2024-10-31 03:23:46,710 TRACE util.FileUtils (LogUtils.java:runAndLog(49)) - Successfully ran Files.delete /home/runner/work/ratis/ratis/ratis-examples/target/test/data/f203f927/MiniRaftClusterWithSimulatedRpca2d4e021/s13/4ad4c581-1f7d-4839-af83-e1d6b2fd37fb/in_use.lock
2024-10-31 03:23:46,710 TRACE util.FileUtils (LogUtils.java:runAndLog(49)) - Successfully ran Files.delete /home/runner/work/ratis/ratis/ratis-examples/target/test/data/f203f927/MiniRaftClusterWithSimulatedRpca2d4e021/s13/4ad4c581-1f7d-4839-af83-e1d6b2fd37fb/sm
2024-10-31 03:23:46,710 TRACE util.FileUtils (LogUtils.java:runAndLog(49)) - Successfully ran Files.delete /home/runner/work/ratis/ratis/ratis-examples/target/test/data/f203f927/MiniRaftClusterWithSimulatedRpca2d4e021/s13/4ad4c581-1f7d-4839-af83-e1d6b2fd37fb
2024-10-31 03:23:46,710 INFO  server.RaftServer$Division (RaftServerImpl.java:groupRemove(484)) - s13@group-E1D6B2FD37FB: Succeed to remove RaftStorageDirectory Storage Directory /home/runner/work/ratis/ratis/ratis-examples/target/test/data/f203f927/MiniRaftClusterWithSimulatedRpca2d4e021/s13/4ad4c581-1f7d-4839-af83-e1d6b2fd37fb
2024-10-31 03:23:46,711 INFO  server.RaftServer (RaftServerProxy.java:remove(112)) - s12: remove  FOLLOWER s12@group-E1D6B2FD37FB:t1, leader=null, voted=s13, raftlog=Memoized:s12@group-E1D6B2FD37FB-SegmentedRaftLog:OPENED:c120:last(t:1, i:120), conf=conf: {index: 0, cur=peers:[s11|, s13|, s12|]|listeners:[], old=null} RUNNING
2024-10-31 03:23:46,711 INFO  server.RaftServer$Division (RaftServerImpl.java:lambda$close$1(514)) - s12@group-E1D6B2FD37FB: shutdown
2024-10-31 03:23:46,711 INFO  util.JmxRegister (JmxRegister.java:unregister(74)) - Successfully un-registered JMX Bean with object name Ratis:service=RaftServer,group=group-E1D6B2FD37FB,id=s12
2024-10-31 03:23:46,711 INFO  impl.RoleInfo (RoleInfo.java:shutdownFollowerState(121)) - s12: shutdown s12@group-E1D6B2FD37FB-FollowerState
2024-10-31 03:23:46,711 INFO  impl.StateMachineUpdater (StateMachineUpdater.java:stopAndJoin(164)) - s12@group-E1D6B2FD37FB-StateMachineUpdater: set stopIndex = 120
2024-10-31 03:23:46,711 INFO  impl.FollowerState (FollowerState.java:runImpl(170)) - s12@group-E1D6B2FD37FB-FollowerState was interrupted
2024-10-31 03:23:46,711 INFO  impl.StateMachineUpdater (StateMachineUpdater.java:stop(141)) - s12@group-E1D6B2FD37FB-StateMachineUpdater: closing ArithmeticStateMachine, lastApplied=(t:1, i:120)
2024-10-31 03:23:46,713 INFO  raftlog.RaftLog (SegmentedRaftLog.java:close(568)) - Start closing s12@group-E1D6B2FD37FB-SegmentedRaftLog:OPENED:c120:last(t:1, i:120)
2024-10-31 03:23:46,713 INFO  util.AwaitToRun (AwaitToRun.java:run(49)) - s12@group-E1D6B2FD37FB-cacheEviction-AwaitToRun-AwaitForSignal is interrupted
2024-10-31 03:23:46,713 INFO  segmented.LogSegment (LogSegment.java:close(349)) - Successfully closed EntryCache-log_inprogress_0
2024-10-31 03:23:47,710 INFO  segmented.SegmentedRaftLogWorker (SegmentedRaftLogWorker.java:close(254)) - s12@group-E1D6B2FD37FB-SegmentedRaftLogWorker close()
2024-10-31 03:23:47,711 INFO  raftlog.RaftLog (SegmentedRaftLog.java:close(576)) - Successfully closed s12@group-E1D6B2FD37FB-SegmentedRaftLog:CLOSED:c120
2024-10-31 03:23:47,711 TRACE util.FileUtils (FileUtils.java:deleteFully(307)) - deleteFully /home/runner/work/ratis/ratis/ratis-examples/target/test/data/f203f927/MiniRaftClusterWithSimulatedRpca2d4e021/s12/4ad4c581-1f7d-4839-af83-e1d6b2fd37fb
2024-10-31 03:23:47,712 TRACE util.FileUtils (LogUtils.java:runAndLog(49)) - Successfully ran Files.delete /home/runner/work/ratis/ratis/ratis-examples/target/test/data/f203f927/MiniRaftClusterWithSimulatedRpca2d4e021/s12/4ad4c581-1f7d-4839-af83-e1d6b2fd37fb/current/raft-meta
2024-10-31 03:23:47,712 TRACE util.FileUtils (LogUtils.java:runAndLog(49)) - Successfully ran Files.delete /home/runner/work/ratis/ratis/ratis-examples/target/test/data/f203f927/MiniRaftClusterWithSimulatedRpca2d4e021/s12/4ad4c581-1f7d-4839-af83-e1d6b2fd37fb/current/log_inprogress_0
2024-10-31 03:23:47,712 TRACE util.FileUtils (LogUtils.java:runAndLog(49)) - Successfully ran Files.delete /home/runner/work/ratis/ratis/ratis-examples/target/test/data/f203f927/MiniRaftClusterWithSimulatedRpca2d4e021/s12/4ad4c581-1f7d-4839-af83-e1d6b2fd37fb/current/raft-meta.conf
2024-10-31 03:23:47,712 TRACE util.FileUtils (LogUtils.java:runAndLog(49)) - Successfully ran Files.delete /home/runner/work/ratis/ratis/ratis-examples/target/test/data/f203f927/MiniRaftClusterWithSimulatedRpca2d4e021/s12/4ad4c581-1f7d-4839-af83-e1d6b2fd37fb/current
2024-10-31 03:23:47,712 TRACE util.FileUtils (LogUtils.java:runAndLog(49)) - Successfully ran Files.delete /home/runner/work/ratis/ratis/ratis-examples/target/test/data/f203f927/MiniRaftClusterWithSimulatedRpca2d4e021/s12/4ad4c581-1f7d-4839-af83-e1d6b2fd37fb/in_use.lock
2024-10-31 03:23:47,713 TRACE util.FileUtils (LogUtils.java:runAndLog(49)) - Successfully ran Files.delete /home/runner/work/ratis/ratis/ratis-examples/target/test/data/f203f927/MiniRaftClusterWithSimulatedRpca2d4e021/s12/4ad4c581-1f7d-4839-af83-e1d6b2fd37fb/sm
2024-10-31 03:23:47,713 TRACE util.FileUtils (LogUtils.java:runAndLog(49)) - Successfully ran Files.delete /home/runner/work/ratis/ratis/ratis-examples/target/test/data/f203f927/MiniRaftClusterWithSimulatedRpca2d4e021/s12/4ad4c581-1f7d-4839-af83-e1d6b2fd37fb
2024-10-31 03:23:47,713 INFO  server.RaftServer$Division (RaftServerImpl.java:groupRemove(484)) - s12@group-E1D6B2FD37FB: Succeed to remove RaftStorageDirectory Storage Directory /home/runner/work/ratis/ratis/ratis-examples/target/test/data/f203f927/MiniRaftClusterWithSimulatedRpca2d4e021/s12/4ad4c581-1f7d-4839-af83-e1d6b2fd37fb
2024-10-31 03:23:47,713 INFO  impl.GroupManagementBaseTest (GroupManagementBaseTest.java:runMultiGroupTest(299)) - 2) close printing group-23A0405D286A
  s3:  RUNNING [
   FOLLOWER s3@group-4EB49E3E6D70:t0, leader=null, voted=, raftlog=Memoized:s3@group-4EB49E3E6D70-SegmentedRaftLog:OPENED:c-1:lastnull, conf=conf: {index: -1, cur=peers:[]|listeners:[], old=null} STARTING
   FOLLOWER s3@group-23A0405D286A:t1, leader=s14, voted=s14, raftlog=Memoized:s3@group-23A0405D286A-SegmentedRaftLog:OPENED:c120:last(t:1, i:120), conf=conf: {index: 0, cur=peers:[s3|, s14|, s2|]|listeners:[], old=null} RUNNING] size=2
  s14:  RUNNING [
   FOLLOWER s14@group-4EB49E3E6D70:t0, leader=null, voted=, raftlog=Memoized:s14@group-4EB49E3E6D70-SegmentedRaftLog:OPENED:c-1:lastnull, conf=conf: {index: -1, cur=peers:[]|listeners:[], old=null} STARTING
     LEADER s14@group-23A0405D286A:t1, leader=s14, voted=s14, raftlog=Memoized:s14@group-23A0405D286A-SegmentedRaftLog:OPENED:c120:last(t:1, i:120), conf=conf: {index: 0, cur=peers:[s3, s14, s2]|listeners:[], old=null} RUNNING] size=2
  s2:  RUNNING [
   FOLLOWER s2@group-4EB49E3E6D70:t0, leader=null, voted=, raftlog=Memoized:s2@group-4EB49E3E6D70-SegmentedRaftLog:OPENED:c-1:lastnull, conf=conf: {index: -1, cur=peers:[]|listeners:[], old=null} STARTING
   FOLLOWER s2@group-23A0405D286A:t1, leader=s14, voted=s14, raftlog=Memoized:s2@group-23A0405D286A-SegmentedRaftLog:OPENED:c120:last(t:1, i:120), conf=conf: {index: 0, cur=peers:[s3|, s14|, s2|]|listeners:[], old=null} RUNNING] size=2
2024-10-31 03:23:47,714 INFO  server.RaftServer (RaftServerProxy.java:remove(112)) - s3: remove  FOLLOWER s3@group-23A0405D286A:t1, leader=s14, voted=s14, raftlog=Memoized:s3@group-23A0405D286A-SegmentedRaftLog:OPENED:c120:last(t:1, i:120), conf=conf: {index: 0, cur=peers:[s3|, s14|, s2|]|listeners:[], old=null} RUNNING
2024-10-31 03:23:47,714 INFO  server.RaftServer$Division (RaftServerImpl.java:lambda$close$1(514)) - s3@group-23A0405D286A: shutdown
2024-10-31 03:23:47,714 INFO  util.JmxRegister (JmxRegister.java:unregister(74)) - Successfully un-registered JMX Bean with object name Ratis:service=RaftServer,group=group-23A0405D286A,id=s3
2024-10-31 03:23:47,714 INFO  impl.RoleInfo (RoleInfo.java:shutdownFollowerState(121)) - s3: shutdown s3@group-23A0405D286A-FollowerState
2024-10-31 03:23:47,714 INFO  impl.StateMachineUpdater (StateMachineUpdater.java:stopAndJoin(164)) - s3@group-23A0405D286A-StateMachineUpdater: set stopIndex = 120
2024-10-31 03:23:47,714 INFO  impl.FollowerState (FollowerState.java:runImpl(170)) - s3@group-23A0405D286A-FollowerState was interrupted
2024-10-31 03:23:47,715 INFO  impl.StateMachineUpdater (StateMachineUpdater.java:stop(141)) - s3@group-23A0405D286A-StateMachineUpdater: closing ArithmeticStateMachine, lastApplied=(t:1, i:120)
2024-10-31 03:23:47,715 INFO  raftlog.RaftLog (SegmentedRaftLog.java:close(568)) - Start closing s3@group-23A0405D286A-SegmentedRaftLog:OPENED:c120:last(t:1, i:120)
2024-10-31 03:23:47,715 INFO  util.AwaitToRun (AwaitToRun.java:run(49)) - s3@group-23A0405D286A-cacheEviction-AwaitToRun-AwaitForSignal is interrupted
2024-10-31 03:23:47,715 INFO  segmented.LogSegment (LogSegment.java:close(349)) - Successfully closed EntryCache-log_inprogress_0
2024-10-31 03:23:47,822 WARN  leader.LogAppender (LogAppenderDefault.java:sendAppendEntriesWithRetries(85)) - s14@group-23A0405D286A->s3-LogAppenderDefault: Failed to appendEntries (retry=0)
org.apache.ratis.protocol.exceptions.GroupMismatchException: s3: group-23A0405D286A not found.
	at org.apache.ratis.server.impl.RaftServerProxy$ImplMap.get(RaftServerProxy.java:156)
	at org.apache.ratis.server.impl.RaftServerProxy.getImplFuture(RaftServerProxy.java:366)
	at org.apache.ratis.server.impl.RaftServerProxy.getImpl(RaftServerProxy.java:375)
	at org.apache.ratis.server.impl.RaftServerProxy.getImpl(RaftServerProxy.java:370)
	at org.apache.ratis.server.impl.RaftServerProxy.appendEntries(RaftServerProxy.java:670)
	at org.apache.ratis.server.simulation.SimulatedServerRpc$1.handleRequest(SimulatedServerRpc.java:163)
	at org.apache.ratis.server.simulation.SimulatedServerRpc$1.handleRequest(SimulatedServerRpc.java:153)
	at org.apache.ratis.server.simulation.RequestHandler.handleRequest(RequestHandler.java:91)
	at org.apache.ratis.server.simulation.RequestHandler$HandlerDaemon.run(RequestHandler.java:125)
2024-10-31 03:23:47,898 WARN  leader.LogAppender (LogAppenderDefault.java:sendAppendEntriesWithRetries(85)) - s14@group-23A0405D286A->s3-LogAppenderDefault: Failed to appendEntries (retry=0)
org.apache.ratis.protocol.exceptions.GroupMismatchException: s3: group-23A0405D286A not found.
	at org.apache.ratis.server.impl.RaftServerProxy$ImplMap.get(RaftServerProxy.java:156)
	at org.apache.ratis.server.impl.RaftServerProxy.getImplFuture(RaftServerProxy.java:366)
	at org.apache.ratis.server.impl.RaftServerProxy.getImpl(RaftServerProxy.java:375)
	at org.apache.ratis.server.impl.RaftServerProxy.getImpl(RaftServerProxy.java:370)
	at org.apache.ratis.server.impl.RaftServerProxy.appendEntries(RaftServerProxy.java:670)
	at org.apache.ratis.server.simulation.SimulatedServerRpc$1.handleRequest(SimulatedServerRpc.java:163)
	at org.apache.ratis.server.simulation.SimulatedServerRpc$1.handleRequest(SimulatedServerRpc.java:153)
	at org.apache.ratis.server.simulation.RequestHandler.handleRequest(RequestHandler.java:91)
	at org.apache.ratis.server.simulation.RequestHandler$HandlerDaemon.run(RequestHandler.java:125)
2024-10-31 03:23:47,900 INFO  segmented.SegmentedRaftLogWorker (SegmentedRaftLogWorker.java:close(254)) - s3@group-23A0405D286A-SegmentedRaftLogWorker close()
2024-10-31 03:23:47,901 INFO  raftlog.RaftLog (SegmentedRaftLog.java:close(576)) - Successfully closed s3@group-23A0405D286A-SegmentedRaftLog:CLOSED:c120
2024-10-31 03:23:47,902 TRACE util.FileUtils (FileUtils.java:deleteFully(307)) - deleteFully /home/runner/work/ratis/ratis/ratis-examples/target/test/data/f203f927/MiniRaftClusterWithSimulatedRpca2d4e021/s3/f8354363-4b06-4982-a658-23a0405d286a
2024-10-31 03:23:47,902 TRACE util.FileUtils (LogUtils.java:runAndLog(49)) - Successfully ran Files.delete /home/runner/work/ratis/ratis/ratis-examples/target/test/data/f203f927/MiniRaftClusterWithSimulatedRpca2d4e021/s3/f8354363-4b06-4982-a658-23a0405d286a/current/raft-meta
2024-10-31 03:23:47,902 TRACE util.FileUtils (LogUtils.java:runAndLog(49)) - Successfully ran Files.delete /home/runner/work/ratis/ratis/ratis-examples/target/test/data/f203f927/MiniRaftClusterWithSimulatedRpca2d4e021/s3/f8354363-4b06-4982-a658-23a0405d286a/current/log_inprogress_0
2024-10-31 03:23:47,903 TRACE util.FileUtils (LogUtils.java:runAndLog(49)) - Successfully ran Files.delete /home/runner/work/ratis/ratis/ratis-examples/target/test/data/f203f927/MiniRaftClusterWithSimulatedRpca2d4e021/s3/f8354363-4b06-4982-a658-23a0405d286a/current/raft-meta.conf
2024-10-31 03:23:47,903 TRACE util.FileUtils (LogUtils.java:runAndLog(49)) - Successfully ran Files.delete /home/runner/work/ratis/ratis/ratis-examples/target/test/data/f203f927/MiniRaftClusterWithSimulatedRpca2d4e021/s3/f8354363-4b06-4982-a658-23a0405d286a/current
2024-10-31 03:23:47,903 TRACE util.FileUtils (LogUtils.java:runAndLog(49)) - Successfully ran Files.delete /home/runner/work/ratis/ratis/ratis-examples/target/test/data/f203f927/MiniRaftClusterWithSimulatedRpca2d4e021/s3/f8354363-4b06-4982-a658-23a0405d286a/in_use.lock
2024-10-31 03:23:47,903 TRACE util.FileUtils (LogUtils.java:runAndLog(49)) - Successfully ran Files.delete /home/runner/work/ratis/ratis/ratis-examples/target/test/data/f203f927/MiniRaftClusterWithSimulatedRpca2d4e021/s3/f8354363-4b06-4982-a658-23a0405d286a/sm
2024-10-31 03:23:47,903 TRACE util.FileUtils (LogUtils.java:runAndLog(49)) - Successfully ran Files.delete /home/runner/work/ratis/ratis/ratis-examples/target/test/data/f203f927/MiniRaftClusterWithSimulatedRpca2d4e021/s3/f8354363-4b06-4982-a658-23a0405d286a
2024-10-31 03:23:47,903 INFO  server.RaftServer$Division (RaftServerImpl.java:groupRemove(484)) - s3@group-23A0405D286A: Succeed to remove RaftStorageDirectory Storage Directory /home/runner/work/ratis/ratis/ratis-examples/target/test/data/f203f927/MiniRaftClusterWithSimulatedRpca2d4e021/s3/f8354363-4b06-4982-a658-23a0405d286a
2024-10-31 03:23:47,904 INFO  server.RaftServer (RaftServerProxy.java:remove(112)) - s14: remove    LEADER s14@group-23A0405D286A:t1, leader=s14, voted=s14, raftlog=Memoized:s14@group-23A0405D286A-SegmentedRaftLog:OPENED:c120:last(t:1, i:120), conf=conf: {index: 0, cur=peers:[s3, s14, s2]|listeners:[], old=null} RUNNING
2024-10-31 03:23:47,904 INFO  server.RaftServer$Division (RaftServerImpl.java:lambda$close$1(514)) - s14@group-23A0405D286A: shutdown
2024-10-31 03:23:47,904 INFO  util.JmxRegister (JmxRegister.java:unregister(74)) - Successfully un-registered JMX Bean with object name Ratis:service=RaftServer,group=group-23A0405D286A,id=s14
2024-10-31 03:23:47,904 INFO  impl.RoleInfo (RoleInfo.java:shutdownLeaderState(103)) - s14: shutdown s14@group-23A0405D286A-LeaderStateImpl
2024-10-31 03:23:47,904 INFO  leader.LogAppenderDaemon (LogAppenderDaemon.java:run(85)) - s14@group-23A0405D286A->s2-LogAppenderDefault-LogAppenderDaemon was interrupted: java.lang.InterruptedException
2024-10-31 03:23:47,904 INFO  impl.PendingRequests (PendingRequests.java:sendNotLeaderResponses(287)) - s14@group-23A0405D286A-PendingRequests: sendNotLeaderResponses
2024-10-31 03:23:47,904 INFO  leader.LogAppenderDaemon (LogAppenderDaemon.java:run(85)) - s14@group-23A0405D286A->s3-LogAppenderDefault-LogAppenderDaemon was interrupted: java.lang.InterruptedException: sleep interrupted
2024-10-31 03:23:47,905 INFO  impl.StateMachineUpdater (StateMachineUpdater.java:stopAndJoin(164)) - s14@group-23A0405D286A-StateMachineUpdater: set stopIndex = 120
2024-10-31 03:23:47,906 INFO  impl.StateMachineUpdater (StateMachineUpdater.java:stop(141)) - s14@group-23A0405D286A-StateMachineUpdater: closing ArithmeticStateMachine, lastApplied=(t:1, i:120)
2024-10-31 03:23:47,906 INFO  raftlog.RaftLog (SegmentedRaftLog.java:close(568)) - Start closing s14@group-23A0405D286A-SegmentedRaftLog:OPENED:c120:last(t:1, i:120)
2024-10-31 03:23:47,906 INFO  util.AwaitToRun (AwaitToRun.java:run(49)) - s14@group-23A0405D286A-cacheEviction-AwaitToRun-AwaitForSignal is interrupted
2024-10-31 03:23:47,906 INFO  segmented.LogSegment (LogSegment.java:close(349)) - Successfully closed EntryCache-log_inprogress_0
2024-10-31 03:23:48,538 INFO  impl.FollowerState (FollowerState.java:runImpl(161)) - s2@group-23A0405D286A-FollowerState: change to CANDIDATE, lastRpcElapsedTime:716465338ns, electionTimeout:537ms
2024-10-31 03:23:48,539 INFO  impl.RoleInfo (RoleInfo.java:shutdownFollowerState(121)) - s2: shutdown s2@group-23A0405D286A-FollowerState
2024-10-31 03:23:48,539 INFO  server.RaftServer$Division (RaftServerImpl.java:setRole(379)) - s2@group-23A0405D286A: changes role from  FOLLOWER to CANDIDATE at term 1 for changeToCandidate
2024-10-31 03:23:48,539 INFO  server.RaftServerConfigKeys (ConfUtils.java:logGet(46)) - raft.server.leaderelection.pre-vote = true (default)
2024-10-31 03:23:48,539 INFO  impl.RoleInfo (RoleInfo.java:updateAndGet(148)) - s2: start s2@group-23A0405D286A-LeaderElection10
2024-10-31 03:23:48,539 INFO  server.RaftServer$Division (ServerState.java:setLeader(272)) - s2@group-23A0405D286A: change Leader from s14 to null at term 1 for PRE_VOTE
2024-10-31 03:23:48,539 INFO  impl.LeaderElection (LeaderElection.java:askForVotes(332)) - s2@group-23A0405D286A-LeaderElection10 PRE_VOTE round 0: submit vote requests at term 1 for conf: {index: 0, cur=peers:[s3|, s14|, s2|]|listeners:[], old=null}
2024-10-31 03:23:48,540 INFO  impl.LeaderElection (LogUtils.java:infoOrTrace(136)) - s2@group-23A0405D286A-LeaderElection10 got exception when requesting votes: java.util.concurrent.ExecutionException: org.apache.ratis.protocol.exceptions.GroupMismatchException: s3: group-23A0405D286A not found.
2024-10-31 03:23:48,540 INFO  impl.LeaderElection (LogUtils.java:infoOrTrace(136)) - s2@group-23A0405D286A-LeaderElection10 got exception when requesting votes: java.util.concurrent.ExecutionException: org.apache.ratis.protocol.exceptions.GroupMismatchException: s14: group-23A0405D286A not found.
2024-10-31 03:23:48,540 INFO  impl.LeaderElection (LeaderElection.java:logAndReturn(90)) - s2@group-23A0405D286A-LeaderElection10: PRE_VOTE REJECTED received 0 response(s) and 2 exception(s):
2024-10-31 03:23:48,540 INFO  impl.LeaderElection (LogUtils.java:infoOrTrace(136)) -   Exception 0: java.util.concurrent.ExecutionException: org.apache.ratis.protocol.exceptions.GroupMismatchException: s3: group-23A0405D286A not found.
2024-10-31 03:23:48,540 INFO  impl.LeaderElection (LogUtils.java:infoOrTrace(136)) -   Exception 1: java.util.concurrent.ExecutionException: org.apache.ratis.protocol.exceptions.GroupMismatchException: s14: group-23A0405D286A not found.
2024-10-31 03:23:48,540 INFO  impl.LeaderElection (LeaderElection.java:askForVotes(334)) - s2@group-23A0405D286A-LeaderElection10 PRE_VOTE round 0: result REJECTED
2024-10-31 03:23:48,540 INFO  server.RaftServer$Division (RaftServerImpl.java:setRole(379)) - s2@group-23A0405D286A: changes role from CANDIDATE to FOLLOWER at term 1 for REJECTED
2024-10-31 03:23:48,540 INFO  impl.RoleInfo (RoleInfo.java:shutdownLeaderElection(141)) - s2: shutdown s2@group-23A0405D286A-LeaderElection10
2024-10-31 03:23:48,540 INFO  impl.RoleInfo (RoleInfo.java:updateAndGet(148)) - s2: start s2@group-23A0405D286A-FollowerState
2024-10-31 03:23:48,846 INFO  impl.FollowerState (FollowerState.java:runImpl(161)) - s2@group-23A0405D286A-FollowerState: change to CANDIDATE, lastRpcElapsedTime:305326096ns, electionTimeout:305ms
2024-10-31 03:23:48,846 INFO  impl.RoleInfo (RoleInfo.java:shutdownFollowerState(121)) - s2: shutdown s2@group-23A0405D286A-FollowerState
2024-10-31 03:23:48,846 INFO  server.RaftServer$Division (RaftServerImpl.java:setRole(379)) - s2@group-23A0405D286A: changes role from  FOLLOWER to CANDIDATE at term 1 for changeToCandidate
2024-10-31 03:23:48,846 INFO  server.RaftServerConfigKeys (ConfUtils.java:logGet(46)) - raft.server.leaderelection.pre-vote = true (default)
2024-10-31 03:23:48,846 INFO  impl.RoleInfo (RoleInfo.java:updateAndGet(148)) - s2: start s2@group-23A0405D286A-LeaderElection11
2024-10-31 03:23:48,849 INFO  impl.LeaderElection (LeaderElection.java:askForVotes(332)) - s2@group-23A0405D286A-LeaderElection11 PRE_VOTE round 0: submit vote requests at term 1 for conf: {index: 0, cur=peers:[s3|, s14|, s2|]|listeners:[], old=null}
2024-10-31 03:23:48,849 INFO  impl.LeaderElection (LogUtils.java:infoOrTrace(136)) - s2@group-23A0405D286A-LeaderElection11 got exception when requesting votes: java.util.concurrent.ExecutionException: org.apache.ratis.protocol.exceptions.GroupMismatchException: s3: group-23A0405D286A not found.
2024-10-31 03:23:48,850 INFO  impl.LeaderElection (LogUtils.java:infoOrTrace(136)) - s2@group-23A0405D286A-LeaderElection11 got exception when requesting votes: java.util.concurrent.ExecutionException: org.apache.ratis.protocol.exceptions.GroupMismatchException: s14: group-23A0405D286A not found.
2024-10-31 03:23:48,850 INFO  impl.LeaderElection (LeaderElection.java:logAndReturn(90)) - s2@group-23A0405D286A-LeaderElection11: PRE_VOTE REJECTED received 0 response(s) and 2 exception(s):
2024-10-31 03:23:48,850 INFO  impl.LeaderElection (LogUtils.java:infoOrTrace(136)) -   Exception 0: java.util.concurrent.ExecutionException: org.apache.ratis.protocol.exceptions.GroupMismatchException: s3: group-23A0405D286A not found.
2024-10-31 03:23:48,850 INFO  impl.LeaderElection (LogUtils.java:infoOrTrace(136)) -   Exception 1: java.util.concurrent.ExecutionException: org.apache.ratis.protocol.exceptions.GroupMismatchException: s14: group-23A0405D286A not found.
2024-10-31 03:23:48,850 INFO  impl.LeaderElection (LeaderElection.java:askForVotes(334)) - s2@group-23A0405D286A-LeaderElection11 PRE_VOTE round 0: result REJECTED
2024-10-31 03:23:48,850 INFO  server.RaftServer$Division (RaftServerImpl.java:setRole(379)) - s2@group-23A0405D286A: changes role from CANDIDATE to FOLLOWER at term 1 for REJECTED
2024-10-31 03:23:48,850 INFO  impl.RoleInfo (RoleInfo.java:shutdownLeaderElection(141)) - s2: shutdown s2@group-23A0405D286A-LeaderElection11
2024-10-31 03:23:48,850 INFO  impl.RoleInfo (RoleInfo.java:updateAndGet(148)) - s2: start s2@group-23A0405D286A-FollowerState
2024-10-31 03:23:48,901 INFO  segmented.SegmentedRaftLogWorker (SegmentedRaftLogWorker.java:close(254)) - s14@group-23A0405D286A-SegmentedRaftLogWorker close()
2024-10-31 03:23:48,902 INFO  raftlog.RaftLog (SegmentedRaftLog.java:close(576)) - Successfully closed s14@group-23A0405D286A-SegmentedRaftLog:CLOSED:c120
2024-10-31 03:23:48,902 TRACE util.FileUtils (FileUtils.java:deleteFully(307)) - deleteFully /home/runner/work/ratis/ratis/ratis-examples/target/test/data/f203f927/MiniRaftClusterWithSimulatedRpca2d4e021/s14/f8354363-4b06-4982-a658-23a0405d286a
2024-10-31 03:23:48,903 TRACE util.FileUtils (LogUtils.java:runAndLog(49)) - Successfully ran Files.delete /home/runner/work/ratis/ratis/ratis-examples/target/test/data/f203f927/MiniRaftClusterWithSimulatedRpca2d4e021/s14/f8354363-4b06-4982-a658-23a0405d286a/current/raft-meta
2024-10-31 03:23:48,903 TRACE util.FileUtils (LogUtils.java:runAndLog(49)) - Successfully ran Files.delete /home/runner/work/ratis/ratis/ratis-examples/target/test/data/f203f927/MiniRaftClusterWithSimulatedRpca2d4e021/s14/f8354363-4b06-4982-a658-23a0405d286a/current/log_inprogress_0
2024-10-31 03:23:48,903 TRACE util.FileUtils (LogUtils.java:runAndLog(49)) - Successfully ran Files.delete /home/runner/work/ratis/ratis/ratis-examples/target/test/data/f203f927/MiniRaftClusterWithSimulatedRpca2d4e021/s14/f8354363-4b06-4982-a658-23a0405d286a/current/raft-meta.conf
2024-10-31 03:23:48,903 TRACE util.FileUtils (LogUtils.java:runAndLog(49)) - Successfully ran Files.delete /home/runner/work/ratis/ratis/ratis-examples/target/test/data/f203f927/MiniRaftClusterWithSimulatedRpca2d4e021/s14/f8354363-4b06-4982-a658-23a0405d286a/current
2024-10-31 03:23:48,903 TRACE util.FileUtils (LogUtils.java:runAndLog(49)) - Successfully ran Files.delete /home/runner/work/ratis/ratis/ratis-examples/target/test/data/f203f927/MiniRaftClusterWithSimulatedRpca2d4e021/s14/f8354363-4b06-4982-a658-23a0405d286a/in_use.lock
2024-10-31 03:23:48,903 TRACE util.FileUtils (LogUtils.java:runAndLog(49)) - Successfully ran Files.delete /home/runner/work/ratis/ratis/ratis-examples/target/test/data/f203f927/MiniRaftClusterWithSimulatedRpca2d4e021/s14/f8354363-4b06-4982-a658-23a0405d286a/sm
2024-10-31 03:23:48,904 TRACE util.FileUtils (LogUtils.java:runAndLog(49)) - Successfully ran Files.delete /home/runner/work/ratis/ratis/ratis-examples/target/test/data/f203f927/MiniRaftClusterWithSimulatedRpca2d4e021/s14/f8354363-4b06-4982-a658-23a0405d286a
2024-10-31 03:23:48,904 INFO  server.RaftServer$Division (RaftServerImpl.java:groupRemove(484)) - s14@group-23A0405D286A: Succeed to remove RaftStorageDirectory Storage Directory /home/runner/work/ratis/ratis/ratis-examples/target/test/data/f203f927/MiniRaftClusterWithSimulatedRpca2d4e021/s14/f8354363-4b06-4982-a658-23a0405d286a
2024-10-31 03:23:48,904 INFO  server.RaftServer (RaftServerProxy.java:remove(112)) - s2: remove  FOLLOWER s2@group-23A0405D286A:t1, leader=null, voted=s14, raftlog=Memoized:s2@group-23A0405D286A-SegmentedRaftLog:OPENED:c120:last(t:1, i:120), conf=conf: {index: 0, cur=peers:[s3|, s14|, s2|]|listeners:[], old=null} RUNNING
2024-10-31 03:23:48,904 INFO  server.RaftServer$Division (RaftServerImpl.java:lambda$close$1(514)) - s2@group-23A0405D286A: shutdown
2024-10-31 03:23:48,905 INFO  util.JmxRegister (JmxRegister.java:unregister(74)) - Successfully un-registered JMX Bean with object name Ratis:service=RaftServer,group=group-23A0405D286A,id=s2
2024-10-31 03:23:48,905 INFO  impl.RoleInfo (RoleInfo.java:shutdownFollowerState(121)) - s2: shutdown s2@group-23A0405D286A-FollowerState
2024-10-31 03:23:48,905 INFO  impl.StateMachineUpdater (StateMachineUpdater.java:stopAndJoin(164)) - s2@group-23A0405D286A-StateMachineUpdater: set stopIndex = 120
2024-10-31 03:23:48,905 INFO  impl.StateMachineUpdater (StateMachineUpdater.java:stop(141)) - s2@group-23A0405D286A-StateMachineUpdater: closing ArithmeticStateMachine, lastApplied=(t:1, i:120)
2024-10-31 03:23:48,905 INFO  raftlog.RaftLog (SegmentedRaftLog.java:close(568)) - Start closing s2@group-23A0405D286A-SegmentedRaftLog:OPENED:c120:last(t:1, i:120)
2024-10-31 03:23:48,905 INFO  util.AwaitToRun (AwaitToRun.java:run(49)) - s2@group-23A0405D286A-cacheEviction-AwaitToRun-AwaitForSignal is interrupted
2024-10-31 03:23:48,906 INFO  segmented.LogSegment (LogSegment.java:close(349)) - Successfully closed EntryCache-log_inprogress_0
2024-10-31 03:23:48,907 INFO  impl.FollowerState (FollowerState.java:runImpl(170)) - s2@group-23A0405D286A-FollowerState was interrupted
2024-10-31 03:23:49,903 INFO  segmented.SegmentedRaftLogWorker (SegmentedRaftLogWorker.java:close(254)) - s2@group-23A0405D286A-SegmentedRaftLogWorker close()
2024-10-31 03:23:49,904 INFO  raftlog.RaftLog (SegmentedRaftLog.java:close(576)) - Successfully closed s2@group-23A0405D286A-SegmentedRaftLog:CLOSED:c120
2024-10-31 03:23:49,904 TRACE util.FileUtils (FileUtils.java:deleteFully(307)) - deleteFully /home/runner/work/ratis/ratis/ratis-examples/target/test/data/f203f927/MiniRaftClusterWithSimulatedRpca2d4e021/s2/f8354363-4b06-4982-a658-23a0405d286a
2024-10-31 03:23:49,904 TRACE util.FileUtils (LogUtils.java:runAndLog(49)) - Successfully ran Files.delete /home/runner/work/ratis/ratis/ratis-examples/target/test/data/f203f927/MiniRaftClusterWithSimulatedRpca2d4e021/s2/f8354363-4b06-4982-a658-23a0405d286a/current/raft-meta
2024-10-31 03:23:49,905 TRACE util.FileUtils (LogUtils.java:runAndLog(49)) - Successfully ran Files.delete /home/runner/work/ratis/ratis/ratis-examples/target/test/data/f203f927/MiniRaftClusterWithSimulatedRpca2d4e021/s2/f8354363-4b06-4982-a658-23a0405d286a/current/log_inprogress_0
2024-10-31 03:23:49,905 TRACE util.FileUtils (LogUtils.java:runAndLog(49)) - Successfully ran Files.delete /home/runner/work/ratis/ratis/ratis-examples/target/test/data/f203f927/MiniRaftClusterWithSimulatedRpca2d4e021/s2/f8354363-4b06-4982-a658-23a0405d286a/current/raft-meta.conf
2024-10-31 03:23:49,905 TRACE util.FileUtils (LogUtils.java:runAndLog(49)) - Successfully ran Files.delete /home/runner/work/ratis/ratis/ratis-examples/target/test/data/f203f927/MiniRaftClusterWithSimulatedRpca2d4e021/s2/f8354363-4b06-4982-a658-23a0405d286a/current
2024-10-31 03:23:49,905 TRACE util.FileUtils (LogUtils.java:runAndLog(49)) - Successfully ran Files.delete /home/runner/work/ratis/ratis/ratis-examples/target/test/data/f203f927/MiniRaftClusterWithSimulatedRpca2d4e021/s2/f8354363-4b06-4982-a658-23a0405d286a/in_use.lock
2024-10-31 03:23:49,905 TRACE util.FileUtils (LogUtils.java:runAndLog(49)) - Successfully ran Files.delete /home/runner/work/ratis/ratis/ratis-examples/target/test/data/f203f927/MiniRaftClusterWithSimulatedRpca2d4e021/s2/f8354363-4b06-4982-a658-23a0405d286a/sm
2024-10-31 03:23:49,905 TRACE util.FileUtils (LogUtils.java:runAndLog(49)) - Successfully ran Files.delete /home/runner/work/ratis/ratis/ratis-examples/target/test/data/f203f927/MiniRaftClusterWithSimulatedRpca2d4e021/s2/f8354363-4b06-4982-a658-23a0405d286a
2024-10-31 03:23:49,905 INFO  server.RaftServer$Division (RaftServerImpl.java:groupRemove(484)) - s2@group-23A0405D286A: Succeed to remove RaftStorageDirectory Storage Directory /home/runner/work/ratis/ratis/ratis-examples/target/test/data/f203f927/MiniRaftClusterWithSimulatedRpca2d4e021/s2/f8354363-4b06-4982-a658-23a0405d286a
2024-10-31 03:23:49,906 INFO  impl.GroupManagementBaseTest (GroupManagementBaseTest.java:runMultiGroupTest(299)) - 3) close printing group-967C893AA8BD
  s4:  RUNNING [
   FOLLOWER s4@group-4EB49E3E6D70:t0, leader=null, voted=, raftlog=Memoized:s4@group-4EB49E3E6D70-SegmentedRaftLog:OPENED:c-1:lastnull, conf=conf: {index: -1, cur=peers:[]|listeners:[], old=null} STARTING
   FOLLOWER s4@group-967C893AA8BD:t1, leader=s6, voted=s4, raftlog=Memoized:s4@group-967C893AA8BD-SegmentedRaftLog:OPENED:c120:last(t:1, i:120), conf=conf: {index: 0, cur=peers:[s4|, s5|, s6|]|listeners:[], old=null} RUNNING] size=2
  s5:  RUNNING [
   FOLLOWER s5@group-4EB49E3E6D70:t0, leader=null, voted=, raftlog=Memoized:s5@group-4EB49E3E6D70-SegmentedRaftLog:OPENED:c-1:lastnull, conf=conf: {index: -1, cur=peers:[]|listeners:[], old=null} STARTING
   FOLLOWER s5@group-967C893AA8BD:t1, leader=s6, voted=s6, raftlog=Memoized:s5@group-967C893AA8BD-SegmentedRaftLog:OPENED:c120:last(t:1, i:120), conf=conf: {index: 0, cur=peers:[s4|, s5|, s6|]|listeners:[], old=null} RUNNING] size=2
  s6:  RUNNING [
   FOLLOWER s6@group-4EB49E3E6D70:t0, leader=null, voted=, raftlog=Memoized:s6@group-4EB49E3E6D70-SegmentedRaftLog:OPENED:c-1:lastnull, conf=conf: {index: -1, cur=peers:[]|listeners:[], old=null} STARTING
     LEADER s6@group-967C893AA8BD:t1, leader=s6, voted=s6, raftlog=Memoized:s6@group-967C893AA8BD-SegmentedRaftLog:OPENED:c120:last(t:1, i:120), conf=conf: {index: 0, cur=peers:[s4, s5, s6]|listeners:[], old=null} RUNNING] size=2
2024-10-31 03:23:49,907 INFO  server.RaftServer (RaftServerProxy.java:remove(112)) - s4: remove  FOLLOWER s4@group-967C893AA8BD:t1, leader=s6, voted=s4, raftlog=Memoized:s4@group-967C893AA8BD-SegmentedRaftLog:OPENED:c120:last(t:1, i:120), conf=conf: {index: 0, cur=peers:[s4|, s5|, s6|]|listeners:[], old=null} RUNNING
2024-10-31 03:23:49,907 INFO  server.RaftServer$Division (RaftServerImpl.java:lambda$close$1(514)) - s4@group-967C893AA8BD: shutdown
2024-10-31 03:23:49,907 INFO  util.JmxRegister (JmxRegister.java:unregister(74)) - Successfully un-registered JMX Bean with object name Ratis:service=RaftServer,group=group-967C893AA8BD,id=s4
2024-10-31 03:23:49,907 INFO  impl.RoleInfo (RoleInfo.java:shutdownFollowerState(121)) - s4: shutdown s4@group-967C893AA8BD-FollowerState
2024-10-31 03:23:49,907 INFO  impl.StateMachineUpdater (StateMachineUpdater.java:stopAndJoin(164)) - s4@group-967C893AA8BD-StateMachineUpdater: set stopIndex = 120
2024-10-31 03:23:49,907 INFO  impl.FollowerState (FollowerState.java:runImpl(170)) - s4@group-967C893AA8BD-FollowerState was interrupted
2024-10-31 03:23:49,907 INFO  impl.StateMachineUpdater (StateMachineUpdater.java:stop(141)) - s4@group-967C893AA8BD-StateMachineUpdater: closing ArithmeticStateMachine, lastApplied=(t:1, i:120)
2024-10-31 03:23:49,907 INFO  raftlog.RaftLog (SegmentedRaftLog.java:close(568)) - Start closing s4@group-967C893AA8BD-SegmentedRaftLog:OPENED:c120:last(t:1, i:120)
2024-10-31 03:23:49,907 INFO  util.AwaitToRun (AwaitToRun.java:run(49)) - s4@group-967C893AA8BD-cacheEviction-AwaitToRun-AwaitForSignal is interrupted
2024-10-31 03:23:49,908 INFO  segmented.LogSegment (LogSegment.java:close(349)) - Successfully closed EntryCache-log_inprogress_0
2024-10-31 03:23:49,913 WARN  leader.LogAppender (LogAppenderDefault.java:sendAppendEntriesWithRetries(85)) - s6@group-967C893AA8BD->s4-LogAppenderDefault: Failed to appendEntries (retry=0)
org.apache.ratis.protocol.exceptions.GroupMismatchException: s4: group-967C893AA8BD not found.
	at org.apache.ratis.server.impl.RaftServerProxy$ImplMap.get(RaftServerProxy.java:156)
	at org.apache.ratis.server.impl.RaftServerProxy.getImplFuture(RaftServerProxy.java:366)
	at org.apache.ratis.server.impl.RaftServerProxy.getImpl(RaftServerProxy.java:375)
	at org.apache.ratis.server.impl.RaftServerProxy.getImpl(RaftServerProxy.java:370)
	at org.apache.ratis.server.impl.RaftServerProxy.appendEntries(RaftServerProxy.java:670)
	at org.apache.ratis.server.simulation.SimulatedServerRpc$1.handleRequest(SimulatedServerRpc.java:163)
	at org.apache.ratis.server.simulation.SimulatedServerRpc$1.handleRequest(SimulatedServerRpc.java:153)
	at org.apache.ratis.server.simulation.RequestHandler.handleRequest(RequestHandler.java:91)
	at org.apache.ratis.server.simulation.RequestHandler$HandlerDaemon.run(RequestHandler.java:125)
2024-10-31 03:23:49,989 WARN  leader.LogAppender (LogAppenderDefault.java:sendAppendEntriesWithRetries(85)) - s6@group-967C893AA8BD->s4-LogAppenderDefault: Failed to appendEntries (retry=0)
org.apache.ratis.protocol.exceptions.GroupMismatchException: s4: group-967C893AA8BD not found.
	at org.apache.ratis.server.impl.RaftServerProxy$ImplMap.get(RaftServerProxy.java:156)
	at org.apache.ratis.server.impl.RaftServerProxy.getImplFuture(RaftServerProxy.java:366)
	at org.apache.ratis.server.impl.RaftServerProxy.getImpl(RaftServerProxy.java:375)
	at org.apache.ratis.server.impl.RaftServerProxy.getImpl(RaftServerProxy.java:370)
	at org.apache.ratis.server.impl.RaftServerProxy.appendEntries(RaftServerProxy.java:670)
	at org.apache.ratis.server.simulation.SimulatedServerRpc$1.handleRequest(SimulatedServerRpc.java:163)
	at org.apache.ratis.server.simulation.SimulatedServerRpc$1.handleRequest(SimulatedServerRpc.java:153)
	at org.apache.ratis.server.simulation.RequestHandler.handleRequest(RequestHandler.java:91)
	at org.apache.ratis.server.simulation.RequestHandler$HandlerDaemon.run(RequestHandler.java:125)
2024-10-31 03:23:50,064 WARN  leader.LogAppender (LogAppenderDefault.java:sendAppendEntriesWithRetries(85)) - s6@group-967C893AA8BD->s4-LogAppenderDefault: Failed to appendEntries (retry=0)
org.apache.ratis.protocol.exceptions.GroupMismatchException: s4: group-967C893AA8BD not found.
	at org.apache.ratis.server.impl.RaftServerProxy$ImplMap.get(RaftServerProxy.java:156)
	at org.apache.ratis.server.impl.RaftServerProxy.getImplFuture(RaftServerProxy.java:366)
	at org.apache.ratis.server.impl.RaftServerProxy.getImpl(RaftServerProxy.java:375)
	at org.apache.ratis.server.impl.RaftServerProxy.getImpl(RaftServerProxy.java:370)
	at org.apache.ratis.server.impl.RaftServerProxy.appendEntries(RaftServerProxy.java:670)
	at org.apache.ratis.server.simulation.SimulatedServerRpc$1.handleRequest(SimulatedServerRpc.java:163)
	at org.apache.ratis.server.simulation.SimulatedServerRpc$1.handleRequest(SimulatedServerRpc.java:153)
	at org.apache.ratis.server.simulation.RequestHandler.handleRequest(RequestHandler.java:91)
	at org.apache.ratis.server.simulation.RequestHandler$HandlerDaemon.run(RequestHandler.java:125)
2024-10-31 03:23:50,084 INFO  segmented.SegmentedRaftLogWorker (SegmentedRaftLogWorker.java:close(254)) - s4@group-967C893AA8BD-SegmentedRaftLogWorker close()
2024-10-31 03:23:50,085 INFO  raftlog.RaftLog (SegmentedRaftLog.java:close(576)) - Successfully closed s4@group-967C893AA8BD-SegmentedRaftLog:CLOSED:c120
2024-10-31 03:23:50,086 TRACE util.FileUtils (FileUtils.java:deleteFully(307)) - deleteFully /home/runner/work/ratis/ratis/ratis-examples/target/test/data/f203f927/MiniRaftClusterWithSimulatedRpca2d4e021/s4/71773208-f9e2-44a9-a436-967c893aa8bd
2024-10-31 03:23:50,086 TRACE util.FileUtils (LogUtils.java:runAndLog(49)) - Successfully ran Files.delete /home/runner/work/ratis/ratis/ratis-examples/target/test/data/f203f927/MiniRaftClusterWithSimulatedRpca2d4e021/s4/71773208-f9e2-44a9-a436-967c893aa8bd/current/raft-meta
2024-10-31 03:23:50,087 TRACE util.FileUtils (LogUtils.java:runAndLog(49)) - Successfully ran Files.delete /home/runner/work/ratis/ratis/ratis-examples/target/test/data/f203f927/MiniRaftClusterWithSimulatedRpca2d4e021/s4/71773208-f9e2-44a9-a436-967c893aa8bd/current/log_inprogress_0
2024-10-31 03:23:50,087 TRACE util.FileUtils (LogUtils.java:runAndLog(49)) - Successfully ran Files.delete /home/runner/work/ratis/ratis/ratis-examples/target/test/data/f203f927/MiniRaftClusterWithSimulatedRpca2d4e021/s4/71773208-f9e2-44a9-a436-967c893aa8bd/current/raft-meta.conf
2024-10-31 03:23:50,087 TRACE util.FileUtils (LogUtils.java:runAndLog(49)) - Successfully ran Files.delete /home/runner/work/ratis/ratis/ratis-examples/target/test/data/f203f927/MiniRaftClusterWithSimulatedRpca2d4e021/s4/71773208-f9e2-44a9-a436-967c893aa8bd/current
2024-10-31 03:23:50,087 TRACE util.FileUtils (LogUtils.java:runAndLog(49)) - Successfully ran Files.delete /home/runner/work/ratis/ratis/ratis-examples/target/test/data/f203f927/MiniRaftClusterWithSimulatedRpca2d4e021/s4/71773208-f9e2-44a9-a436-967c893aa8bd/in_use.lock
2024-10-31 03:23:50,087 TRACE util.FileUtils (LogUtils.java:runAndLog(49)) - Successfully ran Files.delete /home/runner/work/ratis/ratis/ratis-examples/target/test/data/f203f927/MiniRaftClusterWithSimulatedRpca2d4e021/s4/71773208-f9e2-44a9-a436-967c893aa8bd/sm
2024-10-31 03:23:50,087 TRACE util.FileUtils (LogUtils.java:runAndLog(49)) - Successfully ran Files.delete /home/runner/work/ratis/ratis/ratis-examples/target/test/data/f203f927/MiniRaftClusterWithSimulatedRpca2d4e021/s4/71773208-f9e2-44a9-a436-967c893aa8bd
2024-10-31 03:23:50,087 INFO  server.RaftServer$Division (RaftServerImpl.java:groupRemove(484)) - s4@group-967C893AA8BD: Succeed to remove RaftStorageDirectory Storage Directory /home/runner/work/ratis/ratis/ratis-examples/target/test/data/f203f927/MiniRaftClusterWithSimulatedRpca2d4e021/s4/71773208-f9e2-44a9-a436-967c893aa8bd
2024-10-31 03:23:50,088 INFO  server.RaftServer (RaftServerProxy.java:remove(112)) - s5: remove  FOLLOWER s5@group-967C893AA8BD:t1, leader=s6, voted=s6, raftlog=Memoized:s5@group-967C893AA8BD-SegmentedRaftLog:OPENED:c120:last(t:1, i:120), conf=conf: {index: 0, cur=peers:[s4|, s5|, s6|]|listeners:[], old=null} RUNNING
2024-10-31 03:23:50,088 INFO  server.RaftServer$Division (RaftServerImpl.java:lambda$close$1(514)) - s5@group-967C893AA8BD: shutdown
2024-10-31 03:23:50,088 INFO  util.JmxRegister (JmxRegister.java:unregister(74)) - Successfully un-registered JMX Bean with object name Ratis:service=RaftServer,group=group-967C893AA8BD,id=s5
2024-10-31 03:23:50,088 INFO  impl.RoleInfo (RoleInfo.java:shutdownFollowerState(121)) - s5: shutdown s5@group-967C893AA8BD-FollowerState
2024-10-31 03:23:50,088 INFO  impl.StateMachineUpdater (StateMachineUpdater.java:stopAndJoin(164)) - s5@group-967C893AA8BD-StateMachineUpdater: set stopIndex = 120
2024-10-31 03:23:50,088 INFO  impl.FollowerState (FollowerState.java:runImpl(170)) - s5@group-967C893AA8BD-FollowerState was interrupted
2024-10-31 03:23:50,088 INFO  impl.StateMachineUpdater (StateMachineUpdater.java:stop(141)) - s5@group-967C893AA8BD-StateMachineUpdater: closing ArithmeticStateMachine, lastApplied=(t:1, i:120)
2024-10-31 03:23:50,089 INFO  raftlog.RaftLog (SegmentedRaftLog.java:close(568)) - Start closing s5@group-967C893AA8BD-SegmentedRaftLog:OPENED:c120:last(t:1, i:120)
2024-10-31 03:23:50,089 INFO  util.AwaitToRun (AwaitToRun.java:run(49)) - s5@group-967C893AA8BD-cacheEviction-AwaitToRun-AwaitForSignal is interrupted
2024-10-31 03:23:50,089 INFO  segmented.LogSegment (LogSegment.java:close(349)) - Successfully closed EntryCache-log_inprogress_0
2024-10-31 03:23:50,141 WARN  leader.LogAppender (LogAppenderDefault.java:sendAppendEntriesWithRetries(85)) - s6@group-967C893AA8BD->s4-LogAppenderDefault: Failed to appendEntries (retry=0)
org.apache.ratis.protocol.exceptions.GroupMismatchException: s4: group-967C893AA8BD not found.
	at org.apache.ratis.server.impl.RaftServerProxy$ImplMap.get(RaftServerProxy.java:156)
	at org.apache.ratis.server.impl.RaftServerProxy.getImplFuture(RaftServerProxy.java:366)
	at org.apache.ratis.server.impl.RaftServerProxy.getImpl(RaftServerProxy.java:375)
	at org.apache.ratis.server.impl.RaftServerProxy.getImpl(RaftServerProxy.java:370)
	at org.apache.ratis.server.impl.RaftServerProxy.appendEntries(RaftServerProxy.java:670)
	at org.apache.ratis.server.simulation.SimulatedServerRpc$1.handleRequest(SimulatedServerRpc.java:163)
	at org.apache.ratis.server.simulation.SimulatedServerRpc$1.handleRequest(SimulatedServerRpc.java:153)
	at org.apache.ratis.server.simulation.RequestHandler.handleRequest(RequestHandler.java:91)
	at org.apache.ratis.server.simulation.RequestHandler$HandlerDaemon.run(RequestHandler.java:125)
2024-10-31 03:23:50,214 WARN  leader.LogAppender (LogAppenderDefault.java:sendAppendEntriesWithRetries(85)) - s6@group-967C893AA8BD->s5-LogAppenderDefault: Failed to appendEntries (retry=0)
org.apache.ratis.protocol.exceptions.GroupMismatchException: s5: group-967C893AA8BD not found.
	at org.apache.ratis.server.impl.RaftServerProxy$ImplMap.get(RaftServerProxy.java:156)
	at org.apache.ratis.server.impl.RaftServerProxy.getImplFuture(RaftServerProxy.java:366)
	at org.apache.ratis.server.impl.RaftServerProxy.getImpl(RaftServerProxy.java:375)
	at org.apache.ratis.server.impl.RaftServerProxy.getImpl(RaftServerProxy.java:370)
	at org.apache.ratis.server.impl.RaftServerProxy.appendEntries(RaftServerProxy.java:670)
	at org.apache.ratis.server.simulation.SimulatedServerRpc$1.handleRequest(SimulatedServerRpc.java:163)
	at org.apache.ratis.server.simulation.SimulatedServerRpc$1.handleRequest(SimulatedServerRpc.java:153)
	at org.apache.ratis.server.simulation.RequestHandler.handleRequest(RequestHandler.java:91)
	at org.apache.ratis.server.simulation.RequestHandler$HandlerDaemon.run(RequestHandler.java:125)
2024-10-31 03:23:50,217 WARN  leader.LogAppender (LogAppenderDefault.java:sendAppendEntriesWithRetries(85)) - s6@group-967C893AA8BD->s4-LogAppenderDefault: Failed to appendEntries (retry=0)
org.apache.ratis.protocol.exceptions.GroupMismatchException: s4: group-967C893AA8BD not found.
	at org.apache.ratis.server.impl.RaftServerProxy$ImplMap.get(RaftServerProxy.java:156)
	at org.apache.ratis.server.impl.RaftServerProxy.getImplFuture(RaftServerProxy.java:366)
	at org.apache.ratis.server.impl.RaftServerProxy.getImpl(RaftServerProxy.java:375)
	at org.apache.ratis.server.impl.RaftServerProxy.getImpl(RaftServerProxy.java:370)
	at org.apache.ratis.server.impl.RaftServerProxy.appendEntries(RaftServerProxy.java:670)
	at org.apache.ratis.server.simulation.SimulatedServerRpc$1.handleRequest(SimulatedServerRpc.java:163)
	at org.apache.ratis.server.simulation.SimulatedServerRpc$1.handleRequest(SimulatedServerRpc.java:153)
	at org.apache.ratis.server.simulation.RequestHandler.handleRequest(RequestHandler.java:91)
	at org.apache.ratis.server.simulation.RequestHandler$HandlerDaemon.run(RequestHandler.java:125)
2024-10-31 03:23:50,290 WARN  leader.LogAppender (LogAppenderDefault.java:sendAppendEntriesWithRetries(85)) - s6@group-967C893AA8BD->s5-LogAppenderDefault: Failed to appendEntries (retry=0)
org.apache.ratis.protocol.exceptions.GroupMismatchException: s5: group-967C893AA8BD not found.
	at org.apache.ratis.server.impl.RaftServerProxy$ImplMap.get(RaftServerProxy.java:156)
	at org.apache.ratis.server.impl.RaftServerProxy.getImplFuture(RaftServerProxy.java:366)
	at org.apache.ratis.server.impl.RaftServerProxy.getImpl(RaftServerProxy.java:375)
	at org.apache.ratis.server.impl.RaftServerProxy.getImpl(RaftServerProxy.java:370)
	at org.apache.ratis.server.impl.RaftServerProxy.appendEntries(RaftServerProxy.java:670)
	at org.apache.ratis.server.simulation.SimulatedServerRpc$1.handleRequest(SimulatedServerRpc.java:163)
	at org.apache.ratis.server.simulation.SimulatedServerRpc$1.handleRequest(SimulatedServerRpc.java:153)
	at org.apache.ratis.server.simulation.RequestHandler.handleRequest(RequestHandler.java:91)
	at org.apache.ratis.server.simulation.RequestHandler$HandlerDaemon.run(RequestHandler.java:125)
2024-10-31 03:23:50,292 WARN  leader.LogAppender (LogAppenderDefault.java:sendAppendEntriesWithRetries(85)) - s6@group-967C893AA8BD->s4-LogAppenderDefault: Failed to appendEntries (retry=0)
org.apache.ratis.protocol.exceptions.GroupMismatchException: s4: group-967C893AA8BD not found.
	at org.apache.ratis.server.impl.RaftServerProxy$ImplMap.get(RaftServerProxy.java:156)
	at org.apache.ratis.server.impl.RaftServerProxy.getImplFuture(RaftServerProxy.java:366)
	at org.apache.ratis.server.impl.RaftServerProxy.getImpl(RaftServerProxy.java:375)
	at org.apache.ratis.server.impl.RaftServerProxy.getImpl(RaftServerProxy.java:370)
	at org.apache.ratis.server.impl.RaftServerProxy.appendEntries(RaftServerProxy.java:670)
	at org.apache.ratis.server.simulation.SimulatedServerRpc$1.handleRequest(SimulatedServerRpc.java:163)
	at org.apache.ratis.server.simulation.SimulatedServerRpc$1.handleRequest(SimulatedServerRpc.java:153)
	at org.apache.ratis.server.simulation.RequestHandler.handleRequest(RequestHandler.java:91)
	at org.apache.ratis.server.simulation.RequestHandler$HandlerDaemon.run(RequestHandler.java:125)
2024-10-31 03:23:50,366 WARN  leader.LogAppender (LogAppenderDefault.java:sendAppendEntriesWithRetries(85)) - s6@group-967C893AA8BD->s5-LogAppenderDefault: Failed to appendEntries (retry=0)
org.apache.ratis.protocol.exceptions.GroupMismatchException: s5: group-967C893AA8BD not found.
	at org.apache.ratis.server.impl.RaftServerProxy$ImplMap.get(RaftServerProxy.java:156)
	at org.apache.ratis.server.impl.RaftServerProxy.getImplFuture(RaftServerProxy.java:366)
	at org.apache.ratis.server.impl.RaftServerProxy.getImpl(RaftServerProxy.java:375)
	at org.apache.ratis.server.impl.RaftServerProxy.getImpl(RaftServerProxy.java:370)
	at org.apache.ratis.server.impl.RaftServerProxy.appendEntries(RaftServerProxy.java:670)
	at org.apache.ratis.server.simulation.SimulatedServerRpc$1.handleRequest(SimulatedServerRpc.java:163)
	at org.apache.ratis.server.simulation.SimulatedServerRpc$1.handleRequest(SimulatedServerRpc.java:153)
	at org.apache.ratis.server.simulation.RequestHandler.handleRequest(RequestHandler.java:91)
	at org.apache.ratis.server.simulation.RequestHandler$HandlerDaemon.run(RequestHandler.java:125)
2024-10-31 03:23:50,368 WARN  leader.LogAppender (LogAppenderDefault.java:sendAppendEntriesWithRetries(85)) - s6@group-967C893AA8BD->s4-LogAppenderDefault: Failed to appendEntries (retry=0)
org.apache.ratis.protocol.exceptions.GroupMismatchException: s4: group-967C893AA8BD not found.
	at org.apache.ratis.server.impl.RaftServerProxy$ImplMap.get(RaftServerProxy.java:156)
	at org.apache.ratis.server.impl.RaftServerProxy.getImplFuture(RaftServerProxy.java:366)
	at org.apache.ratis.server.impl.RaftServerProxy.getImpl(RaftServerProxy.java:375)
	at org.apache.ratis.server.impl.RaftServerProxy.getImpl(RaftServerProxy.java:370)
	at org.apache.ratis.server.impl.RaftServerProxy.appendEntries(RaftServerProxy.java:670)
	at org.apache.ratis.server.simulation.SimulatedServerRpc$1.handleRequest(SimulatedServerRpc.java:163)
	at org.apache.ratis.server.simulation.SimulatedServerRpc$1.handleRequest(SimulatedServerRpc.java:153)
	at org.apache.ratis.server.simulation.RequestHandler.handleRequest(RequestHandler.java:91)
	at org.apache.ratis.server.simulation.RequestHandler$HandlerDaemon.run(RequestHandler.java:125)
2024-10-31 03:23:50,442 WARN  leader.LogAppender (LogAppenderDefault.java:sendAppendEntriesWithRetries(85)) - s6@group-967C893AA8BD->s5-LogAppenderDefault: Failed to appendEntries (retry=0)
org.apache.ratis.protocol.exceptions.GroupMismatchException: s5: group-967C893AA8BD not found.
	at org.apache.ratis.server.impl.RaftServerProxy$ImplMap.get(RaftServerProxy.java:156)
	at org.apache.ratis.server.impl.RaftServerProxy.getImplFuture(RaftServerProxy.java:366)
	at org.apache.ratis.server.impl.RaftServerProxy.getImpl(RaftServerProxy.java:375)
	at org.apache.ratis.server.impl.RaftServerProxy.getImpl(RaftServerProxy.java:370)
	at org.apache.ratis.server.impl.RaftServerProxy.appendEntries(RaftServerProxy.java:670)
	at org.apache.ratis.server.simulation.SimulatedServerRpc$1.handleRequest(SimulatedServerRpc.java:163)
	at org.apache.ratis.server.simulation.SimulatedServerRpc$1.handleRequest(SimulatedServerRpc.java:153)
	at org.apache.ratis.server.simulation.RequestHandler.handleRequest(RequestHandler.java:91)
	at org.apache.ratis.server.simulation.RequestHandler$HandlerDaemon.run(RequestHandler.java:125)
2024-10-31 03:23:50,444 WARN  leader.LogAppender (LogAppenderDefault.java:sendAppendEntriesWithRetries(85)) - s6@group-967C893AA8BD->s4-LogAppenderDefault: Failed to appendEntries (retry=0)
org.apache.ratis.protocol.exceptions.GroupMismatchException: s4: group-967C893AA8BD not found.
	at org.apache.ratis.server.impl.RaftServerProxy$ImplMap.get(RaftServerProxy.java:156)
	at org.apache.ratis.server.impl.RaftServerProxy.getImplFuture(RaftServerProxy.java:366)
	at org.apache.ratis.server.impl.RaftServerProxy.getImpl(RaftServerProxy.java:375)
	at org.apache.ratis.server.impl.RaftServerProxy.getImpl(RaftServerProxy.java:370)
	at org.apache.ratis.server.impl.RaftServerProxy.appendEntries(RaftServerProxy.java:670)
	at org.apache.ratis.server.simulation.SimulatedServerRpc$1.handleRequest(SimulatedServerRpc.java:163)
	at org.apache.ratis.server.simulation.SimulatedServerRpc$1.handleRequest(SimulatedServerRpc.java:153)
	at org.apache.ratis.server.simulation.RequestHandler.handleRequest(RequestHandler.java:91)
	at org.apache.ratis.server.simulation.RequestHandler$HandlerDaemon.run(RequestHandler.java:125)
2024-10-31 03:23:50,518 WARN  leader.LogAppender (LogAppenderDefault.java:sendAppendEntriesWithRetries(85)) - s6@group-967C893AA8BD->s5-LogAppenderDefault: Failed to appendEntries (retry=0)
org.apache.ratis.protocol.exceptions.GroupMismatchException: s5: group-967C893AA8BD not found.
	at org.apache.ratis.server.impl.RaftServerProxy$ImplMap.get(RaftServerProxy.java:156)
	at org.apache.ratis.server.impl.RaftServerProxy.getImplFuture(RaftServerProxy.java:366)
	at org.apache.ratis.server.impl.RaftServerProxy.getImpl(RaftServerProxy.java:375)
	at org.apache.ratis.server.impl.RaftServerProxy.getImpl(RaftServerProxy.java:370)
	at org.apache.ratis.server.impl.RaftServerProxy.appendEntries(RaftServerProxy.java:670)
	at org.apache.ratis.server.simulation.SimulatedServerRpc$1.handleRequest(SimulatedServerRpc.java:163)
	at org.apache.ratis.server.simulation.SimulatedServerRpc$1.handleRequest(SimulatedServerRpc.java:153)
	at org.apache.ratis.server.simulation.RequestHandler.handleRequest(RequestHandler.java:91)
	at org.apache.ratis.server.simulation.RequestHandler$HandlerDaemon.run(RequestHandler.java:125)
2024-10-31 03:23:50,520 WARN  leader.LogAppender (LogAppenderDefault.java:sendAppendEntriesWithRetries(85)) - s6@group-967C893AA8BD->s4-LogAppenderDefault: Failed to appendEntries (retry=0)
org.apache.ratis.protocol.exceptions.GroupMismatchException: s4: group-967C893AA8BD not found.
	at org.apache.ratis.server.impl.RaftServerProxy$ImplMap.get(RaftServerProxy.java:156)
	at org.apache.ratis.server.impl.RaftServerProxy.getImplFuture(RaftServerProxy.java:366)
	at org.apache.ratis.server.impl.RaftServerProxy.getImpl(RaftServerProxy.java:375)
	at org.apache.ratis.server.impl.RaftServerProxy.getImpl(RaftServerProxy.java:370)
	at org.apache.ratis.server.impl.RaftServerProxy.appendEntries(RaftServerProxy.java:670)
	at org.apache.ratis.server.simulation.SimulatedServerRpc$1.handleRequest(SimulatedServerRpc.java:163)
	at org.apache.ratis.server.simulation.SimulatedServerRpc$1.handleRequest(SimulatedServerRpc.java:153)
	at org.apache.ratis.server.simulation.RequestHandler.handleRequest(RequestHandler.java:91)
	at org.apache.ratis.server.simulation.RequestHandler$HandlerDaemon.run(RequestHandler.java:125)
2024-10-31 03:23:50,593 WARN  leader.LogAppender (LogAppenderDefault.java:sendAppendEntriesWithRetries(85)) - s6@group-967C893AA8BD->s5-LogAppenderDefault: Failed to appendEntries (retry=0)
org.apache.ratis.protocol.exceptions.GroupMismatchException: s5: group-967C893AA8BD not found.
	at org.apache.ratis.server.impl.RaftServerProxy$ImplMap.get(RaftServerProxy.java:156)
	at org.apache.ratis.server.impl.RaftServerProxy.getImplFuture(RaftServerProxy.java:366)
	at org.apache.ratis.server.impl.RaftServerProxy.getImpl(RaftServerProxy.java:375)
	at org.apache.ratis.server.impl.RaftServerProxy.getImpl(RaftServerProxy.java:370)
	at org.apache.ratis.server.impl.RaftServerProxy.appendEntries(RaftServerProxy.java:670)
	at org.apache.ratis.server.simulation.SimulatedServerRpc$1.handleRequest(SimulatedServerRpc.java:163)
	at org.apache.ratis.server.simulation.SimulatedServerRpc$1.handleRequest(SimulatedServerRpc.java:153)
	at org.apache.ratis.server.simulation.RequestHandler.handleRequest(RequestHandler.java:91)
	at org.apache.ratis.server.simulation.RequestHandler$HandlerDaemon.run(RequestHandler.java:125)
2024-10-31 03:23:50,595 WARN  leader.LogAppender (LogAppenderDefault.java:sendAppendEntriesWithRetries(85)) - s6@group-967C893AA8BD->s4-LogAppenderDefault: Failed to appendEntries (retry=0)
org.apache.ratis.protocol.exceptions.GroupMismatchException: s4: group-967C893AA8BD not found.
	at org.apache.ratis.server.impl.RaftServerProxy$ImplMap.get(RaftServerProxy.java:156)
	at org.apache.ratis.server.impl.RaftServerProxy.getImplFuture(RaftServerProxy.java:366)
	at org.apache.ratis.server.impl.RaftServerProxy.getImpl(RaftServerProxy.java:375)
	at org.apache.ratis.server.impl.RaftServerProxy.getImpl(RaftServerProxy.java:370)
	at org.apache.ratis.server.impl.RaftServerProxy.appendEntries(RaftServerProxy.java:670)
	at org.apache.ratis.server.simulation.SimulatedServerRpc$1.handleRequest(SimulatedServerRpc.java:163)
	at org.apache.ratis.server.simulation.SimulatedServerRpc$1.handleRequest(SimulatedServerRpc.java:153)
	at org.apache.ratis.server.simulation.RequestHandler.handleRequest(RequestHandler.java:91)
	at org.apache.ratis.server.simulation.RequestHandler$HandlerDaemon.run(RequestHandler.java:125)
2024-10-31 03:23:50,669 WARN  leader.LogAppender (LogAppenderDefault.java:sendAppendEntriesWithRetries(85)) - s6@group-967C893AA8BD->s5-LogAppenderDefault: Failed to appendEntries (retry=0)
org.apache.ratis.protocol.exceptions.GroupMismatchException: s5: group-967C893AA8BD not found.
	at org.apache.ratis.server.impl.RaftServerProxy$ImplMap.get(RaftServerProxy.java:156)
	at org.apache.ratis.server.impl.RaftServerProxy.getImplFuture(RaftServerProxy.java:366)
	at org.apache.ratis.server.impl.RaftServerProxy.getImpl(RaftServerProxy.java:375)
	at org.apache.ratis.server.impl.RaftServerProxy.getImpl(RaftServerProxy.java:370)
	at org.apache.ratis.server.impl.RaftServerProxy.appendEntries(RaftServerProxy.java:670)
	at org.apache.ratis.server.simulation.SimulatedServerRpc$1.handleRequest(SimulatedServerRpc.java:163)
	at org.apache.ratis.server.simulation.SimulatedServerRpc$1.handleRequest(SimulatedServerRpc.java:153)
	at org.apache.ratis.server.simulation.RequestHandler.handleRequest(RequestHandler.java:91)
	at org.apache.ratis.server.simulation.RequestHandler$HandlerDaemon.run(RequestHandler.java:125)
2024-10-31 03:23:50,671 WARN  leader.LogAppender (LogAppenderDefault.java:sendAppendEntriesWithRetries(85)) - s6@group-967C893AA8BD->s4-LogAppenderDefault: Failed to appendEntries (retry=0)
org.apache.ratis.protocol.exceptions.GroupMismatchException: s4: group-967C893AA8BD not found.
	at org.apache.ratis.server.impl.RaftServerProxy$ImplMap.get(RaftServerProxy.java:156)
	at org.apache.ratis.server.impl.RaftServerProxy.getImplFuture(RaftServerProxy.java:366)
	at org.apache.ratis.server.impl.RaftServerProxy.getImpl(RaftServerProxy.java:375)
	at org.apache.ratis.server.impl.RaftServerProxy.getImpl(RaftServerProxy.java:370)
	at org.apache.ratis.server.impl.RaftServerProxy.appendEntries(RaftServerProxy.java:670)
	at org.apache.ratis.server.simulation.SimulatedServerRpc$1.handleRequest(SimulatedServerRpc.java:163)
	at org.apache.ratis.server.simulation.SimulatedServerRpc$1.handleRequest(SimulatedServerRpc.java:153)
	at org.apache.ratis.server.simulation.RequestHandler.handleRequest(RequestHandler.java:91)
	at org.apache.ratis.server.simulation.RequestHandler$HandlerDaemon.run(RequestHandler.java:125)
2024-10-31 03:23:50,744 WARN  leader.LogAppender (LogAppenderDefault.java:sendAppendEntriesWithRetries(85)) - s6@group-967C893AA8BD->s5-LogAppenderDefault: Failed to appendEntries (retry=0)
org.apache.ratis.protocol.exceptions.GroupMismatchException: s5: group-967C893AA8BD not found.
	at org.apache.ratis.server.impl.RaftServerProxy$ImplMap.get(RaftServerProxy.java:156)
	at org.apache.ratis.server.impl.RaftServerProxy.getImplFuture(RaftServerProxy.java:366)
	at org.apache.ratis.server.impl.RaftServerProxy.getImpl(RaftServerProxy.java:375)
	at org.apache.ratis.server.impl.RaftServerProxy.getImpl(RaftServerProxy.java:370)
	at org.apache.ratis.server.impl.RaftServerProxy.appendEntries(RaftServerProxy.java:670)
	at org.apache.ratis.server.simulation.SimulatedServerRpc$1.handleRequest(SimulatedServerRpc.java:163)
	at org.apache.ratis.server.simulation.SimulatedServerRpc$1.handleRequest(SimulatedServerRpc.java:153)
	at org.apache.ratis.server.simulation.RequestHandler.handleRequest(RequestHandler.java:91)
	at org.apache.ratis.server.simulation.RequestHandler$HandlerDaemon.run(RequestHandler.java:125)
2024-10-31 03:23:50,747 WARN  leader.LogAppender (LogAppenderDefault.java:sendAppendEntriesWithRetries(85)) - s6@group-967C893AA8BD->s4-LogAppenderDefault: Failed to appendEntries (retry=0)
org.apache.ratis.protocol.exceptions.GroupMismatchException: s4: group-967C893AA8BD not found.
	at org.apache.ratis.server.impl.RaftServerProxy$ImplMap.get(RaftServerProxy.java:156)
	at org.apache.ratis.server.impl.RaftServerProxy.getImplFuture(RaftServerProxy.java:366)
	at org.apache.ratis.server.impl.RaftServerProxy.getImpl(RaftServerProxy.java:375)
	at org.apache.ratis.server.impl.RaftServerProxy.getImpl(RaftServerProxy.java:370)
	at org.apache.ratis.server.impl.RaftServerProxy.appendEntries(RaftServerProxy.java:670)
	at org.apache.ratis.server.simulation.SimulatedServerRpc$1.handleRequest(SimulatedServerRpc.java:163)
	at org.apache.ratis.server.simulation.SimulatedServerRpc$1.handleRequest(SimulatedServerRpc.java:153)
	at org.apache.ratis.server.simulation.RequestHandler.handleRequest(RequestHandler.java:91)
	at org.apache.ratis.server.simulation.RequestHandler$HandlerDaemon.run(RequestHandler.java:125)
2024-10-31 03:23:50,820 WARN  leader.LogAppender (LogAppenderDefault.java:sendAppendEntriesWithRetries(85)) - s6@group-967C893AA8BD->s5-LogAppenderDefault: Failed to appendEntries (retry=0)
org.apache.ratis.protocol.exceptions.GroupMismatchException: s5: group-967C893AA8BD not found.
	at org.apache.ratis.server.impl.RaftServerProxy$ImplMap.get(RaftServerProxy.java:156)
	at org.apache.ratis.server.impl.RaftServerProxy.getImplFuture(RaftServerProxy.java:366)
	at org.apache.ratis.server.impl.RaftServerProxy.getImpl(RaftServerProxy.java:375)
	at org.apache.ratis.server.impl.RaftServerProxy.getImpl(RaftServerProxy.java:370)
	at org.apache.ratis.server.impl.RaftServerProxy.appendEntries(RaftServerProxy.java:670)
	at org.apache.ratis.server.simulation.SimulatedServerRpc$1.handleRequest(SimulatedServerRpc.java:163)
	at org.apache.ratis.server.simulation.SimulatedServerRpc$1.handleRequest(SimulatedServerRpc.java:153)
	at org.apache.ratis.server.simulation.RequestHandler.handleRequest(RequestHandler.java:91)
	at org.apache.ratis.server.simulation.RequestHandler$HandlerDaemon.run(RequestHandler.java:125)
2024-10-31 03:23:50,823 WARN  leader.LogAppender (LogAppenderDefault.java:sendAppendEntriesWithRetries(85)) - s6@group-967C893AA8BD->s4-LogAppenderDefault: Failed to appendEntries (retry=0)
org.apache.ratis.protocol.exceptions.GroupMismatchException: s4: group-967C893AA8BD not found.
	at org.apache.ratis.server.impl.RaftServerProxy$ImplMap.get(RaftServerProxy.java:156)
	at org.apache.ratis.server.impl.RaftServerProxy.getImplFuture(RaftServerProxy.java:366)
	at org.apache.ratis.server.impl.RaftServerProxy.getImpl(RaftServerProxy.java:375)
	at org.apache.ratis.server.impl.RaftServerProxy.getImpl(RaftServerProxy.java:370)
	at org.apache.ratis.server.impl.RaftServerProxy.appendEntries(RaftServerProxy.java:670)
	at org.apache.ratis.server.simulation.SimulatedServerRpc$1.handleRequest(SimulatedServerRpc.java:163)
	at org.apache.ratis.server.simulation.SimulatedServerRpc$1.handleRequest(SimulatedServerRpc.java:153)
	at org.apache.ratis.server.simulation.RequestHandler.handleRequest(RequestHandler.java:91)
	at org.apache.ratis.server.simulation.RequestHandler$HandlerDaemon.run(RequestHandler.java:125)
2024-10-31 03:23:50,896 WARN  leader.LogAppender (LogAppenderDefault.java:sendAppendEntriesWithRetries(85)) - s6@group-967C893AA8BD->s5-LogAppenderDefault: Failed to appendEntries (retry=0)
org.apache.ratis.protocol.exceptions.GroupMismatchException: s5: group-967C893AA8BD not found.
	at org.apache.ratis.server.impl.RaftServerProxy$ImplMap.get(RaftServerProxy.java:156)
	at org.apache.ratis.server.impl.RaftServerProxy.getImplFuture(RaftServerProxy.java:366)
	at org.apache.ratis.server.impl.RaftServerProxy.getImpl(RaftServerProxy.java:375)
	at org.apache.ratis.server.impl.RaftServerProxy.getImpl(RaftServerProxy.java:370)
	at org.apache.ratis.server.impl.RaftServerProxy.appendEntries(RaftServerProxy.java:670)
	at org.apache.ratis.server.simulation.SimulatedServerRpc$1.handleRequest(SimulatedServerRpc.java:163)
	at org.apache.ratis.server.simulation.SimulatedServerRpc$1.handleRequest(SimulatedServerRpc.java:153)
	at org.apache.ratis.server.simulation.RequestHandler.handleRequest(RequestHandler.java:91)
	at org.apache.ratis.server.simulation.RequestHandler$HandlerDaemon.run(RequestHandler.java:125)
2024-10-31 03:23:50,898 WARN  leader.LogAppender (LogAppenderDefault.java:sendAppendEntriesWithRetries(85)) - s6@group-967C893AA8BD->s4-LogAppenderDefault: Failed to appendEntries (retry=0)
org.apache.ratis.protocol.exceptions.GroupMismatchException: s4: group-967C893AA8BD not found.
	at org.apache.ratis.server.impl.RaftServerProxy$ImplMap.get(RaftServerProxy.java:156)
	at org.apache.ratis.server.impl.RaftServerProxy.getImplFuture(RaftServerProxy.java:366)
	at org.apache.ratis.server.impl.RaftServerProxy.getImpl(RaftServerProxy.java:375)
	at org.apache.ratis.server.impl.RaftServerProxy.getImpl(RaftServerProxy.java:370)
	at org.apache.ratis.server.impl.RaftServerProxy.appendEntries(RaftServerProxy.java:670)
	at org.apache.ratis.server.simulation.SimulatedServerRpc$1.handleRequest(SimulatedServerRpc.java:163)
	at org.apache.ratis.server.simulation.SimulatedServerRpc$1.handleRequest(SimulatedServerRpc.java:153)
	at org.apache.ratis.server.simulation.RequestHandler.handleRequest(RequestHandler.java:91)
	at org.apache.ratis.server.simulation.RequestHandler$HandlerDaemon.run(RequestHandler.java:125)
2024-10-31 03:23:50,972 WARN  leader.LogAppender (LogAppenderDefault.java:sendAppendEntriesWithRetries(85)) - s6@group-967C893AA8BD->s5-LogAppenderDefault: Failed to appendEntries (retry=0)
org.apache.ratis.protocol.exceptions.GroupMismatchException: s5: group-967C893AA8BD not found.
	at org.apache.ratis.server.impl.RaftServerProxy$ImplMap.get(RaftServerProxy.java:156)
	at org.apache.ratis.server.impl.RaftServerProxy.getImplFuture(RaftServerProxy.java:366)
	at org.apache.ratis.server.impl.RaftServerProxy.getImpl(RaftServerProxy.java:375)
	at org.apache.ratis.server.impl.RaftServerProxy.getImpl(RaftServerProxy.java:370)
	at org.apache.ratis.server.impl.RaftServerProxy.appendEntries(RaftServerProxy.java:670)
	at org.apache.ratis.server.simulation.SimulatedServerRpc$1.handleRequest(SimulatedServerRpc.java:163)
	at org.apache.ratis.server.simulation.SimulatedServerRpc$1.handleRequest(SimulatedServerRpc.java:153)
	at org.apache.ratis.server.simulation.RequestHandler.handleRequest(RequestHandler.java:91)
	at org.apache.ratis.server.simulation.RequestHandler$HandlerDaemon.run(RequestHandler.java:125)
2024-10-31 03:23:50,974 WARN  leader.LogAppender (LogAppenderDefault.java:sendAppendEntriesWithRetries(85)) - s6@group-967C893AA8BD->s4-LogAppenderDefault: Failed to appendEntries (retry=0)
org.apache.ratis.protocol.exceptions.GroupMismatchException: s4: group-967C893AA8BD not found.
	at org.apache.ratis.server.impl.RaftServerProxy$ImplMap.get(RaftServerProxy.java:156)
	at org.apache.ratis.server.impl.RaftServerProxy.getImplFuture(RaftServerProxy.java:366)
	at org.apache.ratis.server.impl.RaftServerProxy.getImpl(RaftServerProxy.java:375)
	at org.apache.ratis.server.impl.RaftServerProxy.getImpl(RaftServerProxy.java:370)
	at org.apache.ratis.server.impl.RaftServerProxy.appendEntries(RaftServerProxy.java:670)
	at org.apache.ratis.server.simulation.SimulatedServerRpc$1.handleRequest(SimulatedServerRpc.java:163)
	at org.apache.ratis.server.simulation.SimulatedServerRpc$1.handleRequest(SimulatedServerRpc.java:153)
	at org.apache.ratis.server.simulation.RequestHandler.handleRequest(RequestHandler.java:91)
	at org.apache.ratis.server.simulation.RequestHandler$HandlerDaemon.run(RequestHandler.java:125)
2024-10-31 03:23:51,048 WARN  leader.LogAppender (LogAppenderDefault.java:sendAppendEntriesWithRetries(85)) - s6@group-967C893AA8BD->s5-LogAppenderDefault: Failed to appendEntries (retry=0)
org.apache.ratis.protocol.exceptions.GroupMismatchException: s5: group-967C893AA8BD not found.
	at org.apache.ratis.server.impl.RaftServerProxy$ImplMap.get(RaftServerProxy.java:156)
	at org.apache.ratis.server.impl.RaftServerProxy.getImplFuture(RaftServerProxy.java:366)
	at org.apache.ratis.server.impl.RaftServerProxy.getImpl(RaftServerProxy.java:375)
	at org.apache.ratis.server.impl.RaftServerProxy.getImpl(RaftServerProxy.java:370)
	at org.apache.ratis.server.impl.RaftServerProxy.appendEntries(RaftServerProxy.java:670)
	at org.apache.ratis.server.simulation.SimulatedServerRpc$1.handleRequest(SimulatedServerRpc.java:163)
	at org.apache.ratis.server.simulation.SimulatedServerRpc$1.handleRequest(SimulatedServerRpc.java:153)
	at org.apache.ratis.server.simulation.RequestHandler.handleRequest(RequestHandler.java:91)
	at org.apache.ratis.server.simulation.RequestHandler$HandlerDaemon.run(RequestHandler.java:125)
2024-10-31 03:23:51,049 WARN  leader.LogAppender (LogAppenderDefault.java:sendAppendEntriesWithRetries(85)) - s6@group-967C893AA8BD->s4-LogAppenderDefault: Failed to appendEntries (retry=0)
org.apache.ratis.protocol.exceptions.GroupMismatchException: s4: group-967C893AA8BD not found.
	at org.apache.ratis.server.impl.RaftServerProxy$ImplMap.get(RaftServerProxy.java:156)
	at org.apache.ratis.server.impl.RaftServerProxy.getImplFuture(RaftServerProxy.java:366)
	at org.apache.ratis.server.impl.RaftServerProxy.getImpl(RaftServerProxy.java:375)
	at org.apache.ratis.server.impl.RaftServerProxy.getImpl(RaftServerProxy.java:370)
	at org.apache.ratis.server.impl.RaftServerProxy.appendEntries(RaftServerProxy.java:670)
	at org.apache.ratis.server.simulation.SimulatedServerRpc$1.handleRequest(SimulatedServerRpc.java:163)
	at org.apache.ratis.server.simulation.SimulatedServerRpc$1.handleRequest(SimulatedServerRpc.java:153)
	at org.apache.ratis.server.simulation.RequestHandler.handleRequest(RequestHandler.java:91)
	at org.apache.ratis.server.simulation.RequestHandler$HandlerDaemon.run(RequestHandler.java:125)
2024-10-31 03:23:51,084 INFO  segmented.SegmentedRaftLogWorker (SegmentedRaftLogWorker.java:close(254)) - s5@group-967C893AA8BD-SegmentedRaftLogWorker close()
2024-10-31 03:23:51,085 WARN  server.RaftServer$Division (LeaderStateImpl.java:checkLeadership(1117)) - s6@group-967C893AA8BD-LeaderStateImpl: Lost leadership on term: 1. Election timeout: 600ms. In charge for: 9763ms. Conf: conf: {index: 0, cur=peers:[s4, s5, s6]|listeners:[], old=null}
2024-10-31 03:23:51,085 INFO  raftlog.RaftLog (SegmentedRaftLog.java:close(576)) - Successfully closed s5@group-967C893AA8BD-SegmentedRaftLog:CLOSED:c120
2024-10-31 03:23:51,085 TRACE util.FileUtils (FileUtils.java:deleteFully(307)) - deleteFully /home/runner/work/ratis/ratis/ratis-examples/target/test/data/f203f927/MiniRaftClusterWithSimulatedRpca2d4e021/s5/71773208-f9e2-44a9-a436-967c893aa8bd
2024-10-31 03:23:51,086 WARN  server.RaftServer$Division (LeaderStateImpl.java:lambda$checkLeadership$20(1121)) - Follower s6@group-967C893AA8BD->s4(c120,m120,n121, caughtUp=true, lastRpcSendTime=36, lastRpcResponseTime=1323)
2024-10-31 03:23:51,086 WARN  server.RaftServer$Division (LeaderStateImpl.java:lambda$checkLeadership$20(1121)) - Follower s6@group-967C893AA8BD->s5(c120,m120,n121, caughtUp=true, lastRpcSendTime=38, lastRpcResponseTime=1022)
2024-10-31 03:23:51,086 TRACE util.FileUtils (LogUtils.java:runAndLog(49)) - Successfully ran Files.delete /home/runner/work/ratis/ratis/ratis-examples/target/test/data/f203f927/MiniRaftClusterWithSimulatedRpca2d4e021/s5/71773208-f9e2-44a9-a436-967c893aa8bd/current/raft-meta
2024-10-31 03:23:51,086 INFO  server.RaftServer$Division (RaftServerImpl.java:setRole(379)) - s6@group-967C893AA8BD: changes role from    LEADER to FOLLOWER at term 1 for StepDownReason:LOST_MAJORITY_HEARTBEATS
2024-10-31 03:23:51,086 TRACE util.FileUtils (LogUtils.java:runAndLog(49)) - Successfully ran Files.delete /home/runner/work/ratis/ratis/ratis-examples/target/test/data/f203f927/MiniRaftClusterWithSimulatedRpca2d4e021/s5/71773208-f9e2-44a9-a436-967c893aa8bd/current/log_inprogress_0
2024-10-31 03:23:51,086 INFO  impl.RoleInfo (RoleInfo.java:shutdownLeaderState(103)) - s6: shutdown s6@group-967C893AA8BD-LeaderStateImpl
2024-10-31 03:23:51,086 TRACE util.FileUtils (LogUtils.java:runAndLog(49)) - Successfully ran Files.delete /home/runner/work/ratis/ratis/ratis-examples/target/test/data/f203f927/MiniRaftClusterWithSimulatedRpca2d4e021/s5/71773208-f9e2-44a9-a436-967c893aa8bd/current/raft-meta.conf
2024-10-31 03:23:51,086 INFO  leader.LogAppenderDaemon (LogAppenderDaemon.java:run(85)) - s6@group-967C893AA8BD->s4-LogAppenderDefault-LogAppenderDaemon was interrupted: java.lang.InterruptedException
2024-10-31 03:23:51,086 INFO  impl.PendingRequests (PendingRequests.java:sendNotLeaderResponses(287)) - s6@group-967C893AA8BD-PendingRequests: sendNotLeaderResponses
2024-10-31 03:23:51,086 TRACE util.FileUtils (LogUtils.java:runAndLog(49)) - Successfully ran Files.delete /home/runner/work/ratis/ratis/ratis-examples/target/test/data/f203f927/MiniRaftClusterWithSimulatedRpca2d4e021/s5/71773208-f9e2-44a9-a436-967c893aa8bd/current
2024-10-31 03:23:51,087 INFO  leader.LogAppenderDaemon (LogAppenderDaemon.java:run(85)) - s6@group-967C893AA8BD->s5-LogAppenderDefault-LogAppenderDaemon was interrupted: java.lang.InterruptedException
2024-10-31 03:23:51,087 TRACE util.FileUtils (LogUtils.java:runAndLog(49)) - Successfully ran Files.delete /home/runner/work/ratis/ratis/ratis-examples/target/test/data/f203f927/MiniRaftClusterWithSimulatedRpca2d4e021/s5/71773208-f9e2-44a9-a436-967c893aa8bd/in_use.lock
2024-10-31 03:23:51,087 TRACE util.FileUtils (LogUtils.java:runAndLog(49)) - Successfully ran Files.delete /home/runner/work/ratis/ratis/ratis-examples/target/test/data/f203f927/MiniRaftClusterWithSimulatedRpca2d4e021/s5/71773208-f9e2-44a9-a436-967c893aa8bd/sm
2024-10-31 03:23:51,087 TRACE util.FileUtils (LogUtils.java:runAndLog(49)) - Successfully ran Files.delete /home/runner/work/ratis/ratis/ratis-examples/target/test/data/f203f927/MiniRaftClusterWithSimulatedRpca2d4e021/s5/71773208-f9e2-44a9-a436-967c893aa8bd
2024-10-31 03:23:51,087 INFO  server.RaftServer$Division (RaftServerImpl.java:groupRemove(484)) - s5@group-967C893AA8BD: Succeed to remove RaftStorageDirectory Storage Directory /home/runner/work/ratis/ratis/ratis-examples/target/test/data/f203f927/MiniRaftClusterWithSimulatedRpca2d4e021/s5/71773208-f9e2-44a9-a436-967c893aa8bd
2024-10-31 03:23:51,087 INFO  server.RaftServer$Division (ServerState.java:setLeader(272)) - s6@group-967C893AA8BD: change Leader from s6 to null at term 1 for StepDownReason:LOST_MAJORITY_HEARTBEATS
2024-10-31 03:23:51,087 INFO  impl.RoleInfo (RoleInfo.java:updateAndGet(148)) - s6: start s6@group-967C893AA8BD-FollowerState
2024-10-31 03:23:51,088 INFO  server.RaftServer (RaftServerProxy.java:remove(112)) - s6: remove  FOLLOWER s6@group-967C893AA8BD:t1, leader=null, voted=s6, raftlog=Memoized:s6@group-967C893AA8BD-SegmentedRaftLog:OPENED:c120:last(t:1, i:120), conf=conf: {index: 0, cur=peers:[s4, s5, s6]|listeners:[], old=null} RUNNING
2024-10-31 03:23:51,088 INFO  server.RaftServer$Division (RaftServerImpl.java:lambda$close$1(514)) - s6@group-967C893AA8BD: shutdown
2024-10-31 03:23:51,088 INFO  util.JmxRegister (JmxRegister.java:unregister(74)) - Successfully un-registered JMX Bean with object name Ratis:service=RaftServer,group=group-967C893AA8BD,id=s6
2024-10-31 03:23:51,088 INFO  impl.RoleInfo (RoleInfo.java:shutdownFollowerState(121)) - s6: shutdown s6@group-967C893AA8BD-FollowerState
2024-10-31 03:23:51,088 INFO  impl.StateMachineUpdater (StateMachineUpdater.java:stopAndJoin(164)) - s6@group-967C893AA8BD-StateMachineUpdater: set stopIndex = 120
2024-10-31 03:23:51,088 INFO  impl.StateMachineUpdater (StateMachineUpdater.java:stop(141)) - s6@group-967C893AA8BD-StateMachineUpdater: closing ArithmeticStateMachine, lastApplied=(t:1, i:120)
2024-10-31 03:23:51,089 INFO  raftlog.RaftLog (SegmentedRaftLog.java:close(568)) - Start closing s6@group-967C893AA8BD-SegmentedRaftLog:OPENED:c120:last(t:1, i:120)
2024-10-31 03:23:51,089 INFO  impl.FollowerState (FollowerState.java:shouldRun(122)) - s6@group-967C893AA8BD-FollowerState: Stopping now (isRunning? false, role = FOLLOWER)
2024-10-31 03:23:51,090 INFO  util.AwaitToRun (AwaitToRun.java:run(49)) - s6@group-967C893AA8BD-cacheEviction-AwaitToRun-AwaitForSignal is interrupted
2024-10-31 03:23:51,090 INFO  segmented.LogSegment (LogSegment.java:close(349)) - Successfully closed EntryCache-log_inprogress_0
2024-10-31 03:23:52,083 INFO  segmented.SegmentedRaftLogWorker (SegmentedRaftLogWorker.java:close(254)) - s6@group-967C893AA8BD-SegmentedRaftLogWorker close()
2024-10-31 03:23:52,083 INFO  raftlog.RaftLog (SegmentedRaftLog.java:close(576)) - Successfully closed s6@group-967C893AA8BD-SegmentedRaftLog:CLOSED:c120
2024-10-31 03:23:52,084 TRACE util.FileUtils (FileUtils.java:deleteFully(307)) - deleteFully /home/runner/work/ratis/ratis/ratis-examples/target/test/data/f203f927/MiniRaftClusterWithSimulatedRpca2d4e021/s6/71773208-f9e2-44a9-a436-967c893aa8bd
2024-10-31 03:23:52,084 TRACE util.FileUtils (LogUtils.java:runAndLog(49)) - Successfully ran Files.delete /home/runner/work/ratis/ratis/ratis-examples/target/test/data/f203f927/MiniRaftClusterWithSimulatedRpca2d4e021/s6/71773208-f9e2-44a9-a436-967c893aa8bd/current/raft-meta
2024-10-31 03:23:52,084 TRACE util.FileUtils (LogUtils.java:runAndLog(49)) - Successfully ran Files.delete /home/runner/work/ratis/ratis/ratis-examples/target/test/data/f203f927/MiniRaftClusterWithSimulatedRpca2d4e021/s6/71773208-f9e2-44a9-a436-967c893aa8bd/current/log_inprogress_0
2024-10-31 03:23:52,084 TRACE util.FileUtils (LogUtils.java:runAndLog(49)) - Successfully ran Files.delete /home/runner/work/ratis/ratis/ratis-examples/target/test/data/f203f927/MiniRaftClusterWithSimulatedRpca2d4e021/s6/71773208-f9e2-44a9-a436-967c893aa8bd/current/raft-meta.conf
2024-10-31 03:23:52,084 TRACE util.FileUtils (LogUtils.java:runAndLog(49)) - Successfully ran Files.delete /home/runner/work/ratis/ratis/ratis-examples/target/test/data/f203f927/MiniRaftClusterWithSimulatedRpca2d4e021/s6/71773208-f9e2-44a9-a436-967c893aa8bd/current
2024-10-31 03:23:52,084 TRACE util.FileUtils (LogUtils.java:runAndLog(49)) - Successfully ran Files.delete /home/runner/work/ratis/ratis/ratis-examples/target/test/data/f203f927/MiniRaftClusterWithSimulatedRpca2d4e021/s6/71773208-f9e2-44a9-a436-967c893aa8bd/in_use.lock
2024-10-31 03:23:52,085 TRACE util.FileUtils (LogUtils.java:runAndLog(49)) - Successfully ran Files.delete /home/runner/work/ratis/ratis/ratis-examples/target/test/data/f203f927/MiniRaftClusterWithSimulatedRpca2d4e021/s6/71773208-f9e2-44a9-a436-967c893aa8bd/sm
2024-10-31 03:23:52,085 TRACE util.FileUtils (LogUtils.java:runAndLog(49)) - Successfully ran Files.delete /home/runner/work/ratis/ratis/ratis-examples/target/test/data/f203f927/MiniRaftClusterWithSimulatedRpca2d4e021/s6/71773208-f9e2-44a9-a436-967c893aa8bd
2024-10-31 03:23:52,085 INFO  server.RaftServer$Division (RaftServerImpl.java:groupRemove(484)) - s6@group-967C893AA8BD: Succeed to remove RaftStorageDirectory Storage Directory /home/runner/work/ratis/ratis/ratis-examples/target/test/data/f203f927/MiniRaftClusterWithSimulatedRpca2d4e021/s6/71773208-f9e2-44a9-a436-967c893aa8bd
| MiniRaftClusterWithSimulatedRpc[3, 6, 9, 12, 15]chosen=4 | close groups | 244 |
2024-10-31 03:23:52,086 INFO  impl.GroupManagementBaseTest (GroupManagementBaseTest.java:runMultiGroupTest(316)) - close groups: printing ALL groups
  s3:  RUNNING  FOLLOWER s3@group-4EB49E3E6D70:t0, leader=null, voted=, raftlog=Memoized:s3@group-4EB49E3E6D70-SegmentedRaftLog:OPENED:c-1:lastnull, conf=conf: {index: -1, cur=peers:[]|listeners:[], old=null} STARTING
  s4:  RUNNING  FOLLOWER s4@group-4EB49E3E6D70:t0, leader=null, voted=, raftlog=Memoized:s4@group-4EB49E3E6D70-SegmentedRaftLog:OPENED:c-1:lastnull, conf=conf: {index: -1, cur=peers:[]|listeners:[], old=null} STARTING
  s5:  RUNNING  FOLLOWER s5@group-4EB49E3E6D70:t0, leader=null, voted=, raftlog=Memoized:s5@group-4EB49E3E6D70-SegmentedRaftLog:OPENED:c-1:lastnull, conf=conf: {index: -1, cur=peers:[]|listeners:[], old=null} STARTING
  s6:  RUNNING  FOLLOWER s6@group-4EB49E3E6D70:t0, leader=null, voted=, raftlog=Memoized:s6@group-4EB49E3E6D70-SegmentedRaftLog:OPENED:c-1:lastnull, conf=conf: {index: -1, cur=peers:[]|listeners:[], old=null} STARTING
  s7:  RUNNING [
   FOLLOWER s7@group-4EB49E3E6D70:t0, leader=null, voted=, raftlog=Memoized:s7@group-4EB49E3E6D70-SegmentedRaftLog:OPENED:c-1:lastnull, conf=conf: {index: -1, cur=peers:[]|listeners:[], old=null} STARTING
     LEADER s7@group-4CD87B055E3A:t1, leader=s7, voted=s7, raftlog=Memoized:s7@group-4CD87B055E3A-SegmentedRaftLog:OPENED:c120:last(t:1, i:120), conf=conf: {index: 0, cur=peers:[s7, s8, s9]|listeners:[], old=null} RUNNING] size=2
  s8:  RUNNING [
   FOLLOWER s8@group-4EB49E3E6D70:t0, leader=null, voted=, raftlog=Memoized:s8@group-4EB49E3E6D70-SegmentedRaftLog:OPENED:c-1:lastnull, conf=conf: {index: -1, cur=peers:[]|listeners:[], old=null} STARTING
   FOLLOWER s8@group-4CD87B055E3A:t1, leader=s7, voted=s7, raftlog=Memoized:s8@group-4CD87B055E3A-SegmentedRaftLog:OPENED:c120:last(t:1, i:120), conf=conf: {index: 0, cur=peers:[s7|, s8|, s9|]|listeners:[], old=null} RUNNING] size=2
  s9:  RUNNING [
   FOLLOWER s9@group-4EB49E3E6D70:t0, leader=null, voted=, raftlog=Memoized:s9@group-4EB49E3E6D70-SegmentedRaftLog:OPENED:c-1:lastnull, conf=conf: {index: -1, cur=peers:[]|listeners:[], old=null} STARTING
   FOLLOWER s9@group-4CD87B055E3A:t1, leader=s7, voted=s7, raftlog=Memoized:s9@group-4CD87B055E3A-SegmentedRaftLog:OPENED:c120:last(t:1, i:120), conf=conf: {index: 0, cur=peers:[s7|, s8|, s9|]|listeners:[], old=null} RUNNING] size=2
  s11:  RUNNING  FOLLOWER s11@group-4EB49E3E6D70:t0, leader=null, voted=, raftlog=Memoized:s11@group-4EB49E3E6D70-SegmentedRaftLog:OPENED:c-1:lastnull, conf=conf: {index: -1, cur=peers:[]|listeners:[], old=null} STARTING
  s10:  RUNNING  FOLLOWER s10@group-4EB49E3E6D70:t0, leader=null, voted=, raftlog=Memoized:s10@group-4EB49E3E6D70-SegmentedRaftLog:OPENED:c-1:lastnull, conf=conf: {index: -1, cur=peers:[]|listeners:[], old=null} STARTING
  s13:  RUNNING  FOLLOWER s13@group-4EB49E3E6D70:t0, leader=null, voted=, raftlog=Memoized:s13@group-4EB49E3E6D70-SegmentedRaftLog:OPENED:c-1:lastnull, conf=conf: {index: -1, cur=peers:[]|listeners:[], old=null} STARTING
  s12:  RUNNING  FOLLOWER s12@group-4EB49E3E6D70:t0, leader=null, voted=, raftlog=Memoized:s12@group-4EB49E3E6D70-SegmentedRaftLog:OPENED:c-1:lastnull, conf=conf: {index: -1, cur=peers:[]|listeners:[], old=null} STARTING
  s14:  RUNNING  FOLLOWER s14@group-4EB49E3E6D70:t0, leader=null, voted=, raftlog=Memoized:s14@group-4EB49E3E6D70-SegmentedRaftLog:OPENED:c-1:lastnull, conf=conf: {index: -1, cur=peers:[]|listeners:[], old=null} STARTING
  s0:  RUNNING  FOLLOWER s0@group-4EB49E3E6D70:t0, leader=null, voted=, raftlog=Memoized:s0@group-4EB49E3E6D70-SegmentedRaftLog:OPENED:c-1:lastnull, conf=conf: {index: -1, cur=peers:[]|listeners:[], old=null} STARTING
  s1:  RUNNING  FOLLOWER s1@group-4EB49E3E6D70:t0, leader=null, voted=, raftlog=Memoized:s1@group-4EB49E3E6D70-SegmentedRaftLog:OPENED:c-1:lastnull, conf=conf: {index: -1, cur=peers:[]|listeners:[], old=null} STARTING
  s2:  RUNNING  FOLLOWER s2@group-4EB49E3E6D70:t0, leader=null, voted=, raftlog=Memoized:s2@group-4EB49E3E6D70-SegmentedRaftLog:OPENED:c-1:lastnull, conf=conf: {index: -1, cur=peers:[]|listeners:[], old=null} STARTING
2024-10-31 03:23:52,086 INFO  impl.GroupManagementBaseTest (GroupManagementBaseTest.java:runMultiGroupTest(322)) - 0) groupAdd: printing group-BB4825B1330B
2024-10-31 03:23:52,086 INFO  server.RaftServer$Division (RaftServerImpl.java:<init>(256)) - s10: new RaftServerImpl for group-4CD87B055E3A:[] with ArithmeticStateMachine:uninitialized
2024-10-31 03:23:52,087 INFO  server.RaftServer (RaftServerProxy.java:addNew(101)) - s10: addNew group-4CD87B055E3A:[] returns group-4CD87B055E3A:java.util.concurrent.CompletableFuture@10f19fc1[Not completed]
2024-10-31 03:23:52,088 INFO  server.RaftServerConfigKeys (ConfUtils.java:logGet(46)) - raft.server.rpc.timeout.min = 300ms (custom)
2024-10-31 03:23:52,088 INFO  server.RaftServerConfigKeys (ConfUtils.java:logGet(46)) - raft.server.rpc.timeout.max = 600ms (custom)
2024-10-31 03:23:52,088 INFO  server.RaftServerConfigKeys (ConfUtils.java:logGet(46)) - raft.server.rpc.sleep.time = 25ms (default)
2024-10-31 03:23:52,088 INFO  server.RaftServerConfigKeys (ConfUtils.java:logGet(46)) - raft.server.rpc.slowness.timeout = 60s (default)
2024-10-31 03:23:52,088 INFO  server.RaftServerConfigKeys (ConfUtils.java:logGet(46)) - raft.server.leaderelection.leader.step-down.wait-time = 10s (default)
2024-10-31 03:23:52,088 INFO  server.RaftServerConfigKeys (ConfUtils.java:logGet(46)) - raft.server.leaderelection.member.majority-add = false (default)
2024-10-31 03:23:52,088 INFO  server.RaftServerConfigKeys (ConfUtils.java:logGet(46)) - raft.server.sleep.deviation.threshold = 300ms (default)
2024-10-31 03:23:52,088 INFO  server.RaftServer$Division (ServerState.java:<init>(114)) - s10@group-4CD87B055E3A: ConfigurationManager, init=conf: {index: -1, cur=peers:[]|listeners:[], old=null}, confs=<EMPTY_MAP>
2024-10-31 03:23:52,088 INFO  server.RaftServerConfigKeys (ConfUtils.java:logGet(46)) - raft.server.notification.no-leader.timeout = 60s (default)
2024-10-31 03:23:52,088 INFO  server.RaftServerConfigKeys (ConfUtils.java:logGet(46)) - raft.server.read.timeout = 10s (default)
2024-10-31 03:23:52,088 INFO  server.RaftServerConfigKeys (ConfUtils.java:logGet(46)) - raft.server.retrycache.expirytime = 60s (default)
2024-10-31 03:23:52,088 INFO  server.RaftServerConfigKeys (ConfUtils.java:logGet(46)) - raft.server.retrycache.statistics.expirytime = 100ms (default)
2024-10-31 03:23:52,089 INFO  server.RaftServerConfigKeys (ConfUtils.java:logGet(46)) - raft.server.read.option = DEFAULT (default)
2024-10-31 03:23:52,089 INFO  server.RaftServerConfigKeys (ConfUtils.java:logGet(46)) - raft.server.read.read-after-write-consistent.write-index-cache.expiry-time = 60s (default)
2024-10-31 03:23:52,089 INFO  server.RaftServerConfigKeys (ConfUtils.java:logGet(46)) - raft.server.rpc.request.timeout = 3000ms (default)
2024-10-31 03:23:52,089 INFO  server.RaftServerConfigKeys (ConfUtils.java:logGet(46)) - raft.server.log.appender.install.snapshot.enabled = true (default)
2024-10-31 03:23:52,089 INFO  server.RaftServerConfigKeys (ConfUtils.java:logGet(46)) - raft.server.threadpool.server.cached = true (default)
2024-10-31 03:23:52,089 INFO  server.RaftServerConfigKeys (ConfUtils.java:logGet(46)) - raft.server.threadpool.server.size = 0 (default)
2024-10-31 03:23:52,090 INFO  server.RaftServerConfigKeys (ConfUtils.java:logGet(46)) - raft.server.threadpool.client.cached = true (default)
2024-10-31 03:23:52,090 INFO  server.RaftServerConfigKeys (ConfUtils.java:logGet(46)) - raft.server.threadpool.client.size = 0 (default)
2024-10-31 03:23:52,090 INFO  server.RaftServerConfigKeys (ConfUtils.java:logGet(46)) - raft.server.storage.free-space.min = 0MB (=0) (default)
2024-10-31 03:23:52,090 INFO  server.RaftServerConfigKeys (ConfUtils.java:logGet(46)) - raft.server.log.corruption.policy = EXCEPTION (default)
2024-10-31 03:23:52,090 INFO  server.RaftServerConfigKeys (ConfUtils.java:logGet(46)) - raft.server.storage.dir = [/home/runner/work/ratis/ratis/ratis-examples/target/test/data/f203f927/MiniRaftClusterWithSimulatedRpca2d4e021/s10] (custom)
2024-10-31 03:23:52,090 INFO  storage.RaftStorageDirectory (RaftStorageDirectoryImpl.java:analyzeStorage(138)) - The storage directory /home/runner/work/ratis/ratis/ratis-examples/target/test/data/f203f927/MiniRaftClusterWithSimulatedRpca2d4e021/s10/8246d0e7-9b68-432a-a463-4cd87b055e3a does not exist. Creating ...
2024-10-31 03:23:52,090 TRACE util.FileUtils (LogUtils.java:runAndLog(49)) - Successfully ran Files.createDirectories /home/runner/work/ratis/ratis/ratis-examples/target/test/data/f203f927/MiniRaftClusterWithSimulatedRpca2d4e021/s10/8246d0e7-9b68-432a-a463-4cd87b055e3a
2024-10-31 03:23:52,091 INFO  storage.RaftStorageDirectory (RaftStorageDirectoryImpl.java:tryLock(229)) - Lock on /home/runner/work/ratis/ratis/ratis-examples/target/test/data/f203f927/MiniRaftClusterWithSimulatedRpca2d4e021/s10/8246d0e7-9b68-432a-a463-4cd87b055e3a/in_use.lock acquired by nodename 14975@fv-az1757-779
2024-10-31 03:23:52,091 TRACE util.FileUtils (LogUtils.java:runAndLog(49)) - Successfully ran Files.createDirectories /home/runner/work/ratis/ratis/ratis-examples/target/test/data/f203f927/MiniRaftClusterWithSimulatedRpca2d4e021/s10/8246d0e7-9b68-432a-a463-4cd87b055e3a/current
2024-10-31 03:23:52,092 TRACE util.FileUtils (LogUtils.java:runAndLog(49)) - Successfully ran Files.createDirectories /home/runner/work/ratis/ratis/ratis-examples/target/test/data/f203f927/MiniRaftClusterWithSimulatedRpca2d4e021/s10/8246d0e7-9b68-432a-a463-4cd87b055e3a/sm
2024-10-31 03:23:52,092 TRACE util.FileUtils (LogUtils.java:supplyAndLog(69)) - Successfully supplied FileChannel.open /home/runner/work/ratis/ratis/ratis-examples/target/test/data/f203f927/MiniRaftClusterWithSimulatedRpca2d4e021/s10/8246d0e7-9b68-432a-a463-4cd87b055e3a/current/raft-meta.tmp with options [CREATE, WRITE]: sun.nio.ch.FileChannelImpl@37b8a27a
2024-10-31 03:23:52,093 TRACE util.FileUtils (LogUtils.java:runAndLog(49)) - Successfully ran Atomic Files.move /home/runner/work/ratis/ratis/ratis-examples/target/test/data/f203f927/MiniRaftClusterWithSimulatedRpca2d4e021/s10/8246d0e7-9b68-432a-a463-4cd87b055e3a/current/raft-meta.tmp to /home/runner/work/ratis/ratis/ratis-examples/target/test/data/f203f927/MiniRaftClusterWithSimulatedRpca2d4e021/s10/8246d0e7-9b68-432a-a463-4cd87b055e3a/current/raft-meta with options [REPLACE_EXISTING]
2024-10-31 03:23:52,093 INFO  storage.RaftStorage (RaftStorageImpl.java:format(98)) - Storage directory /home/runner/work/ratis/ratis/ratis-examples/target/test/data/f203f927/MiniRaftClusterWithSimulatedRpca2d4e021/s10/8246d0e7-9b68-432a-a463-4cd87b055e3a has been successfully formatted.
2024-10-31 03:23:52,093 WARN  statemachine.StateMachine (ArithmeticStateMachine.java:loadSnapshot(115)) - The snapshot info is null.
2024-10-31 03:23:52,093 INFO  server.RaftServerConfigKeys (ConfUtils.java:logGet(46)) - raft.server.log.use.memory = false (default)
2024-10-31 03:23:52,093 INFO  server.RaftServerConfigKeys (ConfUtils.java:logGet(46)) - raft.server.log.purge.gap = 1024 (default)
2024-10-31 03:23:52,093 INFO  server.RaftServerConfigKeys (ConfUtils.java:logGet(46)) - raft.server.log.appender.buffer.byte-limit = 4MB (=4194304) (default)
2024-10-31 03:23:52,093 INFO  server.RaftServerConfigKeys (ConfUtils.java:logGet(46)) - raft.server.log.statemachine.data.read.timeout = 1000ms (default)
2024-10-31 03:23:52,093 INFO  server.RaftServerConfigKeys (ConfUtils.java:logGet(46)) - raft.server.log.purge.preservation.log.num = 0 (default)
2024-10-31 03:23:52,094 INFO  server.RaftServerConfigKeys (ConfUtils.java:logGet(46)) - raft.server.log.segment.size.max = 32MB (=33554432) (default)
2024-10-31 03:23:52,094 INFO  server.RaftServerConfigKeys (ConfUtils.java:logGet(46)) - raft.server.log.segment.cache.num.max = 6 (default)
2024-10-31 03:23:52,094 INFO  server.RaftServerConfigKeys (ConfUtils.java:logGet(46)) - raft.server.log.segment.cache.size.max = 200MB (=209715200) (default)
2024-10-31 03:23:52,094 INFO  server.RaftServerConfigKeys (ConfUtils.java:logGet(46)) - raft.server.log.appender.buffer.byte-limit = 4MB (=4194304) (default)
2024-10-31 03:23:52,094 INFO  util.AwaitToRun (AwaitToRun.java:start(81)) - Thread[s10@group-4CD87B055E3A-cacheEviction-AwaitToRun,5,main] started
2024-10-31 03:23:52,094 INFO  segmented.SegmentedRaftLogWorker (SegmentedRaftLogWorker.java:<init>(189)) - new s10@group-4CD87B055E3A-SegmentedRaftLogWorker for RaftStorageImpl:Storage Directory /home/runner/work/ratis/ratis/ratis-examples/target/test/data/f203f927/MiniRaftClusterWithSimulatedRpca2d4e021/s10/8246d0e7-9b68-432a-a463-4cd87b055e3a
2024-10-31 03:23:52,094 INFO  server.RaftServerConfigKeys (ConfUtils.java:logGet(46)) - raft.server.log.queue.byte-limit = 64MB (=67108864) (default)
2024-10-31 03:23:52,094 INFO  server.RaftServerConfigKeys (ConfUtils.java:logGet(46)) - raft.server.log.queue.element-limit = 4096 (default)
2024-10-31 03:23:52,094 INFO  server.RaftServerConfigKeys (ConfUtils.java:logGet(46)) - raft.server.log.segment.size.max = 32MB (=33554432) (default)
2024-10-31 03:23:52,094 INFO  server.RaftServerConfigKeys (ConfUtils.java:logGet(46)) - raft.server.log.preallocated.size = 4MB (=4194304) (default)
2024-10-31 03:23:52,094 INFO  server.RaftServerConfigKeys (ConfUtils.java:logGet(46)) - raft.server.log.force.sync.num = 128 (default)
2024-10-31 03:23:52,094 INFO  server.RaftServerConfigKeys (ConfUtils.java:logGet(46)) - raft.server.log.statemachine.data.sync = true (default)
2024-10-31 03:23:52,094 INFO  server.RaftServerConfigKeys (ConfUtils.java:logGet(46)) - raft.server.log.statemachine.data.sync.timeout = 10s (default)
2024-10-31 03:23:52,095 INFO  server.RaftServerConfigKeys (ConfUtils.java:logGet(46)) - raft.server.log.statemachine.data.sync.timeout.retry = -1 (default)
2024-10-31 03:23:52,095 INFO  server.RaftServerConfigKeys (ConfUtils.java:logGet(46)) - raft.server.log.write.buffer.size = 8MB (=8388608) (default)
2024-10-31 03:23:52,096 INFO  server.RaftServerConfigKeys (ConfUtils.java:logGet(46)) - raft.server.log.appender.buffer.byte-limit = 4MB (=4194304) (default)
2024-10-31 03:23:52,096 INFO  server.RaftServerConfigKeys (ConfUtils.java:logGet(46)) - raft.server.log.unsafe-flush.enabled = false (default)
2024-10-31 03:23:52,096 INFO  server.RaftServerConfigKeys (ConfUtils.java:logGet(46)) - raft.server.log.async-flush.enabled = false (default)
2024-10-31 03:23:52,096 INFO  server.RaftServerConfigKeys (ConfUtils.java:logGet(46)) - raft.server.log.statemachine.data.caching.enabled = false (default)
2024-10-31 03:23:52,097 INFO  segmented.SegmentedRaftLogWorker (SegmentedRaftLogWorker.java:lambda$new$0(140)) - s10@group-4CD87B055E3A-SegmentedRaftLogWorker: flushIndex: setUnconditionally 0 -> -1
2024-10-31 03:23:52,097 INFO  segmented.SegmentedRaftLogWorker (SegmentedRaftLogWorker.java:lambda$new$0(140)) - s10@group-4CD87B055E3A-SegmentedRaftLogWorker: safeCacheEvictIndex: setUnconditionally 0 -> -1
2024-10-31 03:23:52,097 INFO  server.RaftServer$Division (RaftServerImpl.java:start(398)) - s10@group-4CD87B055E3A: start with initializing state, conf=conf: {index: -1, cur=peers:[]|listeners:[], old=null}
2024-10-31 03:23:52,097 INFO  server.RaftServer$Division (RaftServerImpl.java:setRole(379)) - s10@group-4CD87B055E3A: changes role from      null to FOLLOWER at term 0 for start
2024-10-31 03:23:52,097 INFO  util.JmxRegister (JmxRegister.java:tryRegister(44)) - Successfully registered JMX Bean with object name Ratis:service=RaftServer,group=group-4CD87B055E3A,id=s10
2024-10-31 03:23:52,097 INFO  util.JmxRegister (JmxRegister.java:register(58)) - register mxBean class org.apache.ratis.server.impl.RaftServerJmxAdapter as Ratis:service=RaftServer,group=group-4CD87B055E3A,id=s10
2024-10-31 03:23:52,097 INFO  server.RaftServerConfigKeys (ConfUtils.java:logGet(46)) - raft.server.snapshot.trigger-when-stop.enabled = true (default)
2024-10-31 03:23:52,097 INFO  server.RaftServerConfigKeys (ConfUtils.java:logGet(46)) - raft.server.snapshot.trigger-when-remove.enabled = true (default)
2024-10-31 03:23:52,097 INFO  server.RaftServerConfigKeys (ConfUtils.java:logGet(46)) - raft.server.snapshot.auto.trigger.enabled = false (default)
2024-10-31 03:23:52,097 INFO  server.RaftServerConfigKeys (ConfUtils.java:logGet(46)) - raft.server.snapshot.retention.file.num = -1 (default)
2024-10-31 03:23:52,097 INFO  server.RaftServerConfigKeys (ConfUtils.java:logGet(46)) - raft.server.log.purge.upto.snapshot.index = false (default)
2024-10-31 03:23:52,097 INFO  server.RaftServer$Division (RaftServerImpl.java:start(406)) - s10@group-4CD87B055E3A: Successfully started.
2024-10-31 03:23:52,098 INFO  server.RaftServer (RaftServerProxy.java:addNew(101)) - s0: addNew group-4CD87B055E3A:[] returns group-4CD87B055E3A:java.util.concurrent.CompletableFuture@2de683fe[Not completed]
2024-10-31 03:23:52,098 INFO  server.RaftServer$Division (RaftServerImpl.java:<init>(256)) - s0: new RaftServerImpl for group-4CD87B055E3A:[] with ArithmeticStateMachine:uninitialized
2024-10-31 03:23:52,098 INFO  server.RaftServerConfigKeys (ConfUtils.java:logGet(46)) - raft.server.rpc.timeout.min = 300ms (custom)
2024-10-31 03:23:52,098 INFO  server.RaftServerConfigKeys (ConfUtils.java:logGet(46)) - raft.server.rpc.timeout.max = 600ms (custom)
2024-10-31 03:23:52,098 INFO  server.RaftServerConfigKeys (ConfUtils.java:logGet(46)) - raft.server.rpc.sleep.time = 25ms (default)
2024-10-31 03:23:52,098 INFO  server.RaftServerConfigKeys (ConfUtils.java:logGet(46)) - raft.server.rpc.slowness.timeout = 60s (default)
2024-10-31 03:23:52,098 INFO  server.RaftServerConfigKeys (ConfUtils.java:logGet(46)) - raft.server.leaderelection.leader.step-down.wait-time = 10s (default)
2024-10-31 03:23:52,098 INFO  server.RaftServerConfigKeys (ConfUtils.java:logGet(46)) - raft.server.leaderelection.member.majority-add = false (default)
2024-10-31 03:23:52,098 INFO  server.RaftServerConfigKeys (ConfUtils.java:logGet(46)) - raft.server.sleep.deviation.threshold = 300ms (default)
2024-10-31 03:23:52,098 INFO  server.RaftServer$Division (ServerState.java:<init>(114)) - s0@group-4CD87B055E3A: ConfigurationManager, init=conf: {index: -1, cur=peers:[]|listeners:[], old=null}, confs=<EMPTY_MAP>
2024-10-31 03:23:52,098 INFO  server.RaftServerConfigKeys (ConfUtils.java:logGet(46)) - raft.server.notification.no-leader.timeout = 60s (default)
2024-10-31 03:23:52,099 INFO  server.RaftServerConfigKeys (ConfUtils.java:logGet(46)) - raft.server.read.timeout = 10s (default)
2024-10-31 03:23:52,099 INFO  server.RaftServerConfigKeys (ConfUtils.java:logGet(46)) - raft.server.retrycache.expirytime = 60s (default)
2024-10-31 03:23:52,099 INFO  server.RaftServerConfigKeys (ConfUtils.java:logGet(46)) - raft.server.retrycache.statistics.expirytime = 100ms (default)
2024-10-31 03:23:52,099 INFO  server.RaftServerConfigKeys (ConfUtils.java:logGet(46)) - raft.server.read.option = DEFAULT (default)
2024-10-31 03:23:52,099 INFO  server.RaftServerConfigKeys (ConfUtils.java:logGet(46)) - raft.server.read.read-after-write-consistent.write-index-cache.expiry-time = 60s (default)
2024-10-31 03:23:52,099 INFO  server.RaftServerConfigKeys (ConfUtils.java:logGet(46)) - raft.server.rpc.request.timeout = 3000ms (default)
2024-10-31 03:23:52,099 INFO  server.RaftServerConfigKeys (ConfUtils.java:logGet(46)) - raft.server.log.appender.install.snapshot.enabled = true (default)
2024-10-31 03:23:52,100 INFO  server.RaftServerConfigKeys (ConfUtils.java:logGet(46)) - raft.server.threadpool.server.cached = true (default)
2024-10-31 03:23:52,100 INFO  server.RaftServerConfigKeys (ConfUtils.java:logGet(46)) - raft.server.threadpool.server.size = 0 (default)
2024-10-31 03:23:52,100 INFO  server.RaftServerConfigKeys (ConfUtils.java:logGet(46)) - raft.server.threadpool.client.cached = true (default)
2024-10-31 03:23:52,100 INFO  server.RaftServerConfigKeys (ConfUtils.java:logGet(46)) - raft.server.threadpool.client.size = 0 (default)
2024-10-31 03:23:52,100 INFO  server.RaftServerConfigKeys (ConfUtils.java:logGet(46)) - raft.server.storage.free-space.min = 0MB (=0) (default)
2024-10-31 03:23:52,100 INFO  server.RaftServerConfigKeys (ConfUtils.java:logGet(46)) - raft.server.log.corruption.policy = EXCEPTION (default)
2024-10-31 03:23:52,100 INFO  server.RaftServerConfigKeys (ConfUtils.java:logGet(46)) - raft.server.storage.dir = [/home/runner/work/ratis/ratis/ratis-examples/target/test/data/f203f927/MiniRaftClusterWithSimulatedRpca2d4e021/s0] (custom)
2024-10-31 03:23:52,100 INFO  storage.RaftStorageDirectory (RaftStorageDirectoryImpl.java:analyzeStorage(138)) - The storage directory /home/runner/work/ratis/ratis/ratis-examples/target/test/data/f203f927/MiniRaftClusterWithSimulatedRpca2d4e021/s0/8246d0e7-9b68-432a-a463-4cd87b055e3a does not exist. Creating ...
2024-10-31 03:23:52,100 TRACE util.FileUtils (LogUtils.java:runAndLog(49)) - Successfully ran Files.createDirectories /home/runner/work/ratis/ratis/ratis-examples/target/test/data/f203f927/MiniRaftClusterWithSimulatedRpca2d4e021/s0/8246d0e7-9b68-432a-a463-4cd87b055e3a
2024-10-31 03:23:52,101 INFO  storage.RaftStorageDirectory (RaftStorageDirectoryImpl.java:tryLock(229)) - Lock on /home/runner/work/ratis/ratis/ratis-examples/target/test/data/f203f927/MiniRaftClusterWithSimulatedRpca2d4e021/s0/8246d0e7-9b68-432a-a463-4cd87b055e3a/in_use.lock acquired by nodename 14975@fv-az1757-779
2024-10-31 03:23:52,101 TRACE util.FileUtils (LogUtils.java:runAndLog(49)) - Successfully ran Files.createDirectories /home/runner/work/ratis/ratis/ratis-examples/target/test/data/f203f927/MiniRaftClusterWithSimulatedRpca2d4e021/s0/8246d0e7-9b68-432a-a463-4cd87b055e3a/current
2024-10-31 03:23:52,101 TRACE util.FileUtils (LogUtils.java:runAndLog(49)) - Successfully ran Files.createDirectories /home/runner/work/ratis/ratis/ratis-examples/target/test/data/f203f927/MiniRaftClusterWithSimulatedRpca2d4e021/s0/8246d0e7-9b68-432a-a463-4cd87b055e3a/sm
2024-10-31 03:23:52,101 TRACE util.FileUtils (LogUtils.java:supplyAndLog(69)) - Successfully supplied FileChannel.open /home/runner/work/ratis/ratis/ratis-examples/target/test/data/f203f927/MiniRaftClusterWithSimulatedRpca2d4e021/s0/8246d0e7-9b68-432a-a463-4cd87b055e3a/current/raft-meta.tmp with options [CREATE, WRITE]: sun.nio.ch.FileChannelImpl@4bab4382
2024-10-31 03:23:52,102 TRACE util.FileUtils (LogUtils.java:runAndLog(49)) - Successfully ran Atomic Files.move /home/runner/work/ratis/ratis/ratis-examples/target/test/data/f203f927/MiniRaftClusterWithSimulatedRpca2d4e021/s0/8246d0e7-9b68-432a-a463-4cd87b055e3a/current/raft-meta.tmp to /home/runner/work/ratis/ratis/ratis-examples/target/test/data/f203f927/MiniRaftClusterWithSimulatedRpca2d4e021/s0/8246d0e7-9b68-432a-a463-4cd87b055e3a/current/raft-meta with options [REPLACE_EXISTING]
2024-10-31 03:23:52,102 INFO  storage.RaftStorage (RaftStorageImpl.java:format(98)) - Storage directory /home/runner/work/ratis/ratis/ratis-examples/target/test/data/f203f927/MiniRaftClusterWithSimulatedRpca2d4e021/s0/8246d0e7-9b68-432a-a463-4cd87b055e3a has been successfully formatted.
2024-10-31 03:23:52,103 WARN  statemachine.StateMachine (ArithmeticStateMachine.java:loadSnapshot(115)) - The snapshot info is null.
2024-10-31 03:23:52,103 INFO  server.RaftServerConfigKeys (ConfUtils.java:logGet(46)) - raft.server.log.use.memory = false (default)
2024-10-31 03:23:52,103 INFO  server.RaftServerConfigKeys (ConfUtils.java:logGet(46)) - raft.server.log.purge.gap = 1024 (default)
2024-10-31 03:23:52,103 INFO  server.RaftServerConfigKeys (ConfUtils.java:logGet(46)) - raft.server.log.appender.buffer.byte-limit = 4MB (=4194304) (default)
2024-10-31 03:23:52,103 INFO  server.RaftServerConfigKeys (ConfUtils.java:logGet(46)) - raft.server.log.statemachine.data.read.timeout = 1000ms (default)
2024-10-31 03:23:52,103 INFO  server.RaftServerConfigKeys (ConfUtils.java:logGet(46)) - raft.server.log.purge.preservation.log.num = 0 (default)
2024-10-31 03:23:52,103 INFO  server.RaftServerConfigKeys (ConfUtils.java:logGet(46)) - raft.server.log.segment.size.max = 32MB (=33554432) (default)
2024-10-31 03:23:52,103 INFO  server.RaftServerConfigKeys (ConfUtils.java:logGet(46)) - raft.server.log.segment.cache.num.max = 6 (default)
2024-10-31 03:23:52,103 INFO  server.RaftServerConfigKeys (ConfUtils.java:logGet(46)) - raft.server.log.segment.cache.size.max = 200MB (=209715200) (default)
2024-10-31 03:23:52,103 INFO  server.RaftServerConfigKeys (ConfUtils.java:logGet(46)) - raft.server.log.appender.buffer.byte-limit = 4MB (=4194304) (default)
2024-10-31 03:23:52,104 INFO  util.AwaitToRun (AwaitToRun.java:start(81)) - Thread[s0@group-4CD87B055E3A-cacheEviction-AwaitToRun,5,main] started
2024-10-31 03:23:52,104 INFO  segmented.SegmentedRaftLogWorker (SegmentedRaftLogWorker.java:<init>(189)) - new s0@group-4CD87B055E3A-SegmentedRaftLogWorker for RaftStorageImpl:Storage Directory /home/runner/work/ratis/ratis/ratis-examples/target/test/data/f203f927/MiniRaftClusterWithSimulatedRpca2d4e021/s0/8246d0e7-9b68-432a-a463-4cd87b055e3a
2024-10-31 03:23:52,104 INFO  server.RaftServerConfigKeys (ConfUtils.java:logGet(46)) - raft.server.log.queue.byte-limit = 64MB (=67108864) (default)
2024-10-31 03:23:52,104 INFO  server.RaftServerConfigKeys (ConfUtils.java:logGet(46)) - raft.server.log.queue.element-limit = 4096 (default)
2024-10-31 03:23:52,104 INFO  server.RaftServerConfigKeys (ConfUtils.java:logGet(46)) - raft.server.log.segment.size.max = 32MB (=33554432) (default)
2024-10-31 03:23:52,104 INFO  server.RaftServerConfigKeys (ConfUtils.java:logGet(46)) - raft.server.log.preallocated.size = 4MB (=4194304) (default)
2024-10-31 03:23:52,104 INFO  server.RaftServerConfigKeys (ConfUtils.java:logGet(46)) - raft.server.log.force.sync.num = 128 (default)
2024-10-31 03:23:52,104 INFO  server.RaftServerConfigKeys (ConfUtils.java:logGet(46)) - raft.server.log.statemachine.data.sync = true (default)
2024-10-31 03:23:52,104 INFO  server.RaftServerConfigKeys (ConfUtils.java:logGet(46)) - raft.server.log.statemachine.data.sync.timeout = 10s (default)
2024-10-31 03:23:52,104 INFO  server.RaftServerConfigKeys (ConfUtils.java:logGet(46)) - raft.server.log.statemachine.data.sync.timeout.retry = -1 (default)
2024-10-31 03:23:52,104 INFO  server.RaftServerConfigKeys (ConfUtils.java:logGet(46)) - raft.server.log.write.buffer.size = 8MB (=8388608) (default)
2024-10-31 03:23:52,105 INFO  server.RaftServerConfigKeys (ConfUtils.java:logGet(46)) - raft.server.log.appender.buffer.byte-limit = 4MB (=4194304) (default)
2024-10-31 03:23:52,105 INFO  server.RaftServerConfigKeys (ConfUtils.java:logGet(46)) - raft.server.log.unsafe-flush.enabled = false (default)
2024-10-31 03:23:52,106 INFO  server.RaftServerConfigKeys (ConfUtils.java:logGet(46)) - raft.server.log.async-flush.enabled = false (default)
2024-10-31 03:23:52,106 INFO  server.RaftServerConfigKeys (ConfUtils.java:logGet(46)) - raft.server.log.statemachine.data.caching.enabled = false (default)
2024-10-31 03:23:52,106 INFO  segmented.SegmentedRaftLogWorker (SegmentedRaftLogWorker.java:lambda$new$0(140)) - s0@group-4CD87B055E3A-SegmentedRaftLogWorker: flushIndex: setUnconditionally 0 -> -1
2024-10-31 03:23:52,106 INFO  segmented.SegmentedRaftLogWorker (SegmentedRaftLogWorker.java:lambda$new$0(140)) - s0@group-4CD87B055E3A-SegmentedRaftLogWorker: safeCacheEvictIndex: setUnconditionally 0 -> -1
2024-10-31 03:23:52,106 INFO  server.RaftServer$Division (RaftServerImpl.java:start(398)) - s0@group-4CD87B055E3A: start with initializing state, conf=conf: {index: -1, cur=peers:[]|listeners:[], old=null}
2024-10-31 03:23:52,106 INFO  server.RaftServer$Division (RaftServerImpl.java:setRole(379)) - s0@group-4CD87B055E3A: changes role from      null to FOLLOWER at term 0 for start
2024-10-31 03:23:52,106 INFO  util.JmxRegister (JmxRegister.java:tryRegister(44)) - Successfully registered JMX Bean with object name Ratis:service=RaftServer,group=group-4CD87B055E3A,id=s0
2024-10-31 03:23:52,106 INFO  util.JmxRegister (JmxRegister.java:register(58)) - register mxBean class org.apache.ratis.server.impl.RaftServerJmxAdapter as Ratis:service=RaftServer,group=group-4CD87B055E3A,id=s0
2024-10-31 03:23:52,106 INFO  server.RaftServerConfigKeys (ConfUtils.java:logGet(46)) - raft.server.snapshot.trigger-when-stop.enabled = true (default)
2024-10-31 03:23:52,106 INFO  server.RaftServerConfigKeys (ConfUtils.java:logGet(46)) - raft.server.snapshot.trigger-when-remove.enabled = true (default)
2024-10-31 03:23:52,106 INFO  server.RaftServerConfigKeys (ConfUtils.java:logGet(46)) - raft.server.snapshot.auto.trigger.enabled = false (default)
2024-10-31 03:23:52,107 INFO  server.RaftServerConfigKeys (ConfUtils.java:logGet(46)) - raft.server.snapshot.retention.file.num = -1 (default)
2024-10-31 03:23:52,107 INFO  server.RaftServerConfigKeys (ConfUtils.java:logGet(46)) - raft.server.log.purge.upto.snapshot.index = false (default)
2024-10-31 03:23:52,107 INFO  server.RaftServer$Division (RaftServerImpl.java:start(406)) - s0@group-4CD87B055E3A: Successfully started.
2024-10-31 03:23:52,107 INFO  server.RaftServer (RaftServerProxy.java:addNew(101)) - s1: addNew group-4CD87B055E3A:[] returns group-4CD87B055E3A:java.util.concurrent.CompletableFuture@4afd5a7[Not completed]
2024-10-31 03:23:52,107 INFO  server.RaftServer$Division (RaftServerImpl.java:<init>(256)) - s1: new RaftServerImpl for group-4CD87B055E3A:[] with ArithmeticStateMachine:uninitialized
2024-10-31 03:23:52,108 INFO  server.RaftServerConfigKeys (ConfUtils.java:logGet(46)) - raft.server.rpc.timeout.min = 300ms (custom)
2024-10-31 03:23:52,108 INFO  server.RaftServerConfigKeys (ConfUtils.java:logGet(46)) - raft.server.rpc.timeout.max = 600ms (custom)
2024-10-31 03:23:52,108 INFO  server.RaftServerConfigKeys (ConfUtils.java:logGet(46)) - raft.server.rpc.sleep.time = 25ms (default)
2024-10-31 03:23:52,108 INFO  server.RaftServerConfigKeys (ConfUtils.java:logGet(46)) - raft.server.rpc.slowness.timeout = 60s (default)
2024-10-31 03:23:52,108 INFO  server.RaftServerConfigKeys (ConfUtils.java:logGet(46)) - raft.server.leaderelection.leader.step-down.wait-time = 10s (default)
2024-10-31 03:23:52,108 INFO  server.RaftServerConfigKeys (ConfUtils.java:logGet(46)) - raft.server.leaderelection.member.majority-add = false (default)
2024-10-31 03:23:52,108 INFO  server.RaftServerConfigKeys (ConfUtils.java:logGet(46)) - raft.server.sleep.deviation.threshold = 300ms (default)
2024-10-31 03:23:52,108 INFO  server.RaftServer$Division (ServerState.java:<init>(114)) - s1@group-4CD87B055E3A: ConfigurationManager, init=conf: {index: -1, cur=peers:[]|listeners:[], old=null}, confs=<EMPTY_MAP>
2024-10-31 03:23:52,108 INFO  server.RaftServerConfigKeys (ConfUtils.java:logGet(46)) - raft.server.notification.no-leader.timeout = 60s (default)
2024-10-31 03:23:52,108 INFO  server.RaftServerConfigKeys (ConfUtils.java:logGet(46)) - raft.server.read.timeout = 10s (default)
2024-10-31 03:23:52,108 INFO  server.RaftServerConfigKeys (ConfUtils.java:logGet(46)) - raft.server.retrycache.expirytime = 60s (default)
2024-10-31 03:23:52,108 INFO  server.RaftServerConfigKeys (ConfUtils.java:logGet(46)) - raft.server.retrycache.statistics.expirytime = 100ms (default)
2024-10-31 03:23:52,108 INFO  server.RaftServerConfigKeys (ConfUtils.java:logGet(46)) - raft.server.read.option = DEFAULT (default)
2024-10-31 03:23:52,109 INFO  server.RaftServerConfigKeys (ConfUtils.java:logGet(46)) - raft.server.read.read-after-write-consistent.write-index-cache.expiry-time = 60s (default)
2024-10-31 03:23:52,109 INFO  server.RaftServerConfigKeys (ConfUtils.java:logGet(46)) - raft.server.rpc.request.timeout = 3000ms (default)
2024-10-31 03:23:52,109 INFO  server.RaftServerConfigKeys (ConfUtils.java:logGet(46)) - raft.server.log.appender.install.snapshot.enabled = true (default)
2024-10-31 03:23:52,109 INFO  server.RaftServerConfigKeys (ConfUtils.java:logGet(46)) - raft.server.threadpool.server.cached = true (default)
2024-10-31 03:23:52,109 INFO  server.RaftServerConfigKeys (ConfUtils.java:logGet(46)) - raft.server.threadpool.server.size = 0 (default)
2024-10-31 03:23:52,109 INFO  server.RaftServerConfigKeys (ConfUtils.java:logGet(46)) - raft.server.threadpool.client.cached = true (default)
2024-10-31 03:23:52,109 INFO  server.RaftServerConfigKeys (ConfUtils.java:logGet(46)) - raft.server.threadpool.client.size = 0 (default)
2024-10-31 03:23:52,109 INFO  server.RaftServerConfigKeys (ConfUtils.java:logGet(46)) - raft.server.storage.free-space.min = 0MB (=0) (default)
2024-10-31 03:23:52,110 INFO  server.RaftServerConfigKeys (ConfUtils.java:logGet(46)) - raft.server.log.corruption.policy = EXCEPTION (default)
2024-10-31 03:23:52,110 INFO  server.RaftServerConfigKeys (ConfUtils.java:logGet(46)) - raft.server.storage.dir = [/home/runner/work/ratis/ratis/ratis-examples/target/test/data/f203f927/MiniRaftClusterWithSimulatedRpca2d4e021/s1] (custom)
2024-10-31 03:23:52,110 INFO  storage.RaftStorageDirectory (RaftStorageDirectoryImpl.java:analyzeStorage(138)) - The storage directory /home/runner/work/ratis/ratis/ratis-examples/target/test/data/f203f927/MiniRaftClusterWithSimulatedRpca2d4e021/s1/8246d0e7-9b68-432a-a463-4cd87b055e3a does not exist. Creating ...
2024-10-31 03:23:52,110 TRACE util.FileUtils (LogUtils.java:runAndLog(49)) - Successfully ran Files.createDirectories /home/runner/work/ratis/ratis/ratis-examples/target/test/data/f203f927/MiniRaftClusterWithSimulatedRpca2d4e021/s1/8246d0e7-9b68-432a-a463-4cd87b055e3a
2024-10-31 03:23:52,111 INFO  storage.RaftStorageDirectory (RaftStorageDirectoryImpl.java:tryLock(229)) - Lock on /home/runner/work/ratis/ratis/ratis-examples/target/test/data/f203f927/MiniRaftClusterWithSimulatedRpca2d4e021/s1/8246d0e7-9b68-432a-a463-4cd87b055e3a/in_use.lock acquired by nodename 14975@fv-az1757-779
2024-10-31 03:23:52,111 TRACE util.FileUtils (LogUtils.java:runAndLog(49)) - Successfully ran Files.createDirectories /home/runner/work/ratis/ratis/ratis-examples/target/test/data/f203f927/MiniRaftClusterWithSimulatedRpca2d4e021/s1/8246d0e7-9b68-432a-a463-4cd87b055e3a/current
2024-10-31 03:23:52,111 TRACE util.FileUtils (LogUtils.java:runAndLog(49)) - Successfully ran Files.createDirectories /home/runner/work/ratis/ratis/ratis-examples/target/test/data/f203f927/MiniRaftClusterWithSimulatedRpca2d4e021/s1/8246d0e7-9b68-432a-a463-4cd87b055e3a/sm
2024-10-31 03:23:52,111 TRACE util.FileUtils (LogUtils.java:supplyAndLog(69)) - Successfully supplied FileChannel.open /home/runner/work/ratis/ratis/ratis-examples/target/test/data/f203f927/MiniRaftClusterWithSimulatedRpca2d4e021/s1/8246d0e7-9b68-432a-a463-4cd87b055e3a/current/raft-meta.tmp with options [CREATE, WRITE]: sun.nio.ch.FileChannelImpl@595a89e8
2024-10-31 03:23:52,112 TRACE util.FileUtils (LogUtils.java:runAndLog(49)) - Successfully ran Atomic Files.move /home/runner/work/ratis/ratis/ratis-examples/target/test/data/f203f927/MiniRaftClusterWithSimulatedRpca2d4e021/s1/8246d0e7-9b68-432a-a463-4cd87b055e3a/current/raft-meta.tmp to /home/runner/work/ratis/ratis/ratis-examples/target/test/data/f203f927/MiniRaftClusterWithSimulatedRpca2d4e021/s1/8246d0e7-9b68-432a-a463-4cd87b055e3a/current/raft-meta with options [REPLACE_EXISTING]
2024-10-31 03:23:52,112 INFO  storage.RaftStorage (RaftStorageImpl.java:format(98)) - Storage directory /home/runner/work/ratis/ratis/ratis-examples/target/test/data/f203f927/MiniRaftClusterWithSimulatedRpca2d4e021/s1/8246d0e7-9b68-432a-a463-4cd87b055e3a has been successfully formatted.
2024-10-31 03:23:52,112 WARN  statemachine.StateMachine (ArithmeticStateMachine.java:loadSnapshot(115)) - The snapshot info is null.
2024-10-31 03:23:52,112 INFO  server.RaftServerConfigKeys (ConfUtils.java:logGet(46)) - raft.server.log.use.memory = false (default)
2024-10-31 03:23:52,112 INFO  server.RaftServerConfigKeys (ConfUtils.java:logGet(46)) - raft.server.log.purge.gap = 1024 (default)
2024-10-31 03:23:52,112 INFO  server.RaftServerConfigKeys (ConfUtils.java:logGet(46)) - raft.server.log.appender.buffer.byte-limit = 4MB (=4194304) (default)
2024-10-31 03:23:52,113 INFO  server.RaftServerConfigKeys (ConfUtils.java:logGet(46)) - raft.server.log.statemachine.data.read.timeout = 1000ms (default)
2024-10-31 03:23:52,113 INFO  server.RaftServerConfigKeys (ConfUtils.java:logGet(46)) - raft.server.log.purge.preservation.log.num = 0 (default)
2024-10-31 03:23:52,113 INFO  server.RaftServerConfigKeys (ConfUtils.java:logGet(46)) - raft.server.log.segment.size.max = 32MB (=33554432) (default)
2024-10-31 03:23:52,113 INFO  server.RaftServerConfigKeys (ConfUtils.java:logGet(46)) - raft.server.log.segment.cache.num.max = 6 (default)
2024-10-31 03:23:52,113 INFO  server.RaftServerConfigKeys (ConfUtils.java:logGet(46)) - raft.server.log.segment.cache.size.max = 200MB (=209715200) (default)
2024-10-31 03:23:52,113 INFO  server.RaftServerConfigKeys (ConfUtils.java:logGet(46)) - raft.server.log.appender.buffer.byte-limit = 4MB (=4194304) (default)
2024-10-31 03:23:52,113 INFO  util.AwaitToRun (AwaitToRun.java:start(81)) - Thread[s1@group-4CD87B055E3A-cacheEviction-AwaitToRun,5,main] started
2024-10-31 03:23:52,113 INFO  segmented.SegmentedRaftLogWorker (SegmentedRaftLogWorker.java:<init>(189)) - new s1@group-4CD87B055E3A-SegmentedRaftLogWorker for RaftStorageImpl:Storage Directory /home/runner/work/ratis/ratis/ratis-examples/target/test/data/f203f927/MiniRaftClusterWithSimulatedRpca2d4e021/s1/8246d0e7-9b68-432a-a463-4cd87b055e3a
2024-10-31 03:23:52,113 INFO  server.RaftServerConfigKeys (ConfUtils.java:logGet(46)) - raft.server.log.queue.byte-limit = 64MB (=67108864) (default)
2024-10-31 03:23:52,113 INFO  server.RaftServerConfigKeys (ConfUtils.java:logGet(46)) - raft.server.log.queue.element-limit = 4096 (default)
2024-10-31 03:23:52,113 INFO  server.RaftServerConfigKeys (ConfUtils.java:logGet(46)) - raft.server.log.segment.size.max = 32MB (=33554432) (default)
2024-10-31 03:23:52,113 INFO  server.RaftServerConfigKeys (ConfUtils.java:logGet(46)) - raft.server.log.preallocated.size = 4MB (=4194304) (default)
2024-10-31 03:23:52,114 INFO  server.RaftServerConfigKeys (ConfUtils.java:logGet(46)) - raft.server.log.force.sync.num = 128 (default)
2024-10-31 03:23:52,114 INFO  server.RaftServerConfigKeys (ConfUtils.java:logGet(46)) - raft.server.log.statemachine.data.sync = true (default)
2024-10-31 03:23:52,114 INFO  server.RaftServerConfigKeys (ConfUtils.java:logGet(46)) - raft.server.log.statemachine.data.sync.timeout = 10s (default)
2024-10-31 03:23:52,114 INFO  server.RaftServerConfigKeys (ConfUtils.java:logGet(46)) - raft.server.log.statemachine.data.sync.timeout.retry = -1 (default)
2024-10-31 03:23:52,114 INFO  server.RaftServerConfigKeys (ConfUtils.java:logGet(46)) - raft.server.log.write.buffer.size = 8MB (=8388608) (default)
2024-10-31 03:23:52,115 INFO  server.RaftServerConfigKeys (ConfUtils.java:logGet(46)) - raft.server.log.appender.buffer.byte-limit = 4MB (=4194304) (default)
2024-10-31 03:23:52,115 INFO  server.RaftServerConfigKeys (ConfUtils.java:logGet(46)) - raft.server.log.unsafe-flush.enabled = false (default)
2024-10-31 03:23:52,115 INFO  server.RaftServerConfigKeys (ConfUtils.java:logGet(46)) - raft.server.log.async-flush.enabled = false (default)
2024-10-31 03:23:52,115 INFO  server.RaftServerConfigKeys (ConfUtils.java:logGet(46)) - raft.server.log.statemachine.data.caching.enabled = false (default)
2024-10-31 03:23:52,116 INFO  segmented.SegmentedRaftLogWorker (SegmentedRaftLogWorker.java:lambda$new$0(140)) - s1@group-4CD87B055E3A-SegmentedRaftLogWorker: flushIndex: setUnconditionally 0 -> -1
2024-10-31 03:23:52,116 INFO  segmented.SegmentedRaftLogWorker (SegmentedRaftLogWorker.java:lambda$new$0(140)) - s1@group-4CD87B055E3A-SegmentedRaftLogWorker: safeCacheEvictIndex: setUnconditionally 0 -> -1
2024-10-31 03:23:52,116 INFO  server.RaftServer$Division (RaftServerImpl.java:start(398)) - s1@group-4CD87B055E3A: start with initializing state, conf=conf: {index: -1, cur=peers:[]|listeners:[], old=null}
2024-10-31 03:23:52,116 INFO  server.RaftServer$Division (RaftServerImpl.java:setRole(379)) - s1@group-4CD87B055E3A: changes role from      null to FOLLOWER at term 0 for start
2024-10-31 03:23:52,116 INFO  util.JmxRegister (JmxRegister.java:tryRegister(44)) - Successfully registered JMX Bean with object name Ratis:service=RaftServer,group=group-4CD87B055E3A,id=s1
2024-10-31 03:23:52,116 INFO  util.JmxRegister (JmxRegister.java:register(58)) - register mxBean class org.apache.ratis.server.impl.RaftServerJmxAdapter as Ratis:service=RaftServer,group=group-4CD87B055E3A,id=s1
2024-10-31 03:23:52,116 INFO  server.RaftServerConfigKeys (ConfUtils.java:logGet(46)) - raft.server.snapshot.trigger-when-stop.enabled = true (default)
2024-10-31 03:23:52,116 INFO  server.RaftServerConfigKeys (ConfUtils.java:logGet(46)) - raft.server.snapshot.trigger-when-remove.enabled = true (default)
2024-10-31 03:23:52,116 INFO  server.RaftServerConfigKeys (ConfUtils.java:logGet(46)) - raft.server.snapshot.auto.trigger.enabled = false (default)
2024-10-31 03:23:52,116 INFO  server.RaftServerConfigKeys (ConfUtils.java:logGet(46)) - raft.server.snapshot.retention.file.num = -1 (default)
2024-10-31 03:23:52,116 INFO  server.RaftServerConfigKeys (ConfUtils.java:logGet(46)) - raft.server.log.purge.upto.snapshot.index = false (default)
2024-10-31 03:23:52,116 INFO  server.RaftServer$Division (RaftServerImpl.java:start(406)) - s1@group-4CD87B055E3A: Successfully started.
2024-10-31 03:23:52,117 INFO  impl.GroupManagementBaseTest (GroupManagementBaseTest.java:runMultiGroupTest(322)) - 1) groupAdd: printing group-E1D6B2FD37FB
2024-10-31 03:23:52,117 INFO  server.RaftServer (RaftServerProxy.java:addNew(101)) - s11: addNew group-4CD87B055E3A:[] returns group-4CD87B055E3A:java.util.concurrent.CompletableFuture@1aaea375[Not completed]
2024-10-31 03:23:52,118 INFO  server.RaftServer$Division (RaftServerImpl.java:<init>(256)) - s11: new RaftServerImpl for group-4CD87B055E3A:[] with ArithmeticStateMachine:uninitialized
2024-10-31 03:23:52,118 INFO  server.RaftServerConfigKeys (ConfUtils.java:logGet(46)) - raft.server.rpc.timeout.min = 300ms (custom)
2024-10-31 03:23:52,118 INFO  server.RaftServerConfigKeys (ConfUtils.java:logGet(46)) - raft.server.rpc.timeout.max = 600ms (custom)
2024-10-31 03:23:52,118 INFO  server.RaftServerConfigKeys (ConfUtils.java:logGet(46)) - raft.server.rpc.sleep.time = 25ms (default)
2024-10-31 03:23:52,118 INFO  server.RaftServerConfigKeys (ConfUtils.java:logGet(46)) - raft.server.rpc.slowness.timeout = 60s (default)
2024-10-31 03:23:52,118 INFO  server.RaftServerConfigKeys (ConfUtils.java:logGet(46)) - raft.server.leaderelection.leader.step-down.wait-time = 10s (default)
2024-10-31 03:23:52,118 INFO  server.RaftServerConfigKeys (ConfUtils.java:logGet(46)) - raft.server.leaderelection.member.majority-add = false (default)
2024-10-31 03:23:52,118 INFO  server.RaftServerConfigKeys (ConfUtils.java:logGet(46)) - raft.server.sleep.deviation.threshold = 300ms (default)
2024-10-31 03:23:52,118 INFO  server.RaftServer$Division (ServerState.java:<init>(114)) - s11@group-4CD87B055E3A: ConfigurationManager, init=conf: {index: -1, cur=peers:[]|listeners:[], old=null}, confs=<EMPTY_MAP>
2024-10-31 03:23:52,118 INFO  server.RaftServerConfigKeys (ConfUtils.java:logGet(46)) - raft.server.notification.no-leader.timeout = 60s (default)
2024-10-31 03:23:52,118 INFO  server.RaftServerConfigKeys (ConfUtils.java:logGet(46)) - raft.server.read.timeout = 10s (default)
2024-10-31 03:23:52,118 INFO  server.RaftServerConfigKeys (ConfUtils.java:logGet(46)) - raft.server.retrycache.expirytime = 60s (default)
2024-10-31 03:23:52,118 INFO  server.RaftServerConfigKeys (ConfUtils.java:logGet(46)) - raft.server.retrycache.statistics.expirytime = 100ms (default)
2024-10-31 03:23:52,119 INFO  server.RaftServerConfigKeys (ConfUtils.java:logGet(46)) - raft.server.read.option = DEFAULT (default)
2024-10-31 03:23:52,119 INFO  server.RaftServerConfigKeys (ConfUtils.java:logGet(46)) - raft.server.read.read-after-write-consistent.write-index-cache.expiry-time = 60s (default)
2024-10-31 03:23:52,119 INFO  server.RaftServerConfigKeys (ConfUtils.java:logGet(46)) - raft.server.rpc.request.timeout = 3000ms (default)
2024-10-31 03:23:52,119 INFO  server.RaftServerConfigKeys (ConfUtils.java:logGet(46)) - raft.server.log.appender.install.snapshot.enabled = true (default)
2024-10-31 03:23:52,119 INFO  server.RaftServerConfigKeys (ConfUtils.java:logGet(46)) - raft.server.threadpool.server.cached = true (default)
2024-10-31 03:23:52,120 INFO  server.RaftServerConfigKeys (ConfUtils.java:logGet(46)) - raft.server.threadpool.server.size = 0 (default)
2024-10-31 03:23:52,120 INFO  server.RaftServerConfigKeys (ConfUtils.java:logGet(46)) - raft.server.threadpool.client.cached = true (default)
2024-10-31 03:23:52,120 INFO  server.RaftServerConfigKeys (ConfUtils.java:logGet(46)) - raft.server.threadpool.client.size = 0 (default)
2024-10-31 03:23:52,120 INFO  server.RaftServerConfigKeys (ConfUtils.java:logGet(46)) - raft.server.storage.free-space.min = 0MB (=0) (default)
2024-10-31 03:23:52,120 INFO  server.RaftServerConfigKeys (ConfUtils.java:logGet(46)) - raft.server.log.corruption.policy = EXCEPTION (default)
2024-10-31 03:23:52,120 INFO  server.RaftServerConfigKeys (ConfUtils.java:logGet(46)) - raft.server.storage.dir = [/home/runner/work/ratis/ratis/ratis-examples/target/test/data/f203f927/MiniRaftClusterWithSimulatedRpca2d4e021/s11] (custom)
2024-10-31 03:23:52,120 INFO  storage.RaftStorageDirectory (RaftStorageDirectoryImpl.java:analyzeStorage(138)) - The storage directory /home/runner/work/ratis/ratis/ratis-examples/target/test/data/f203f927/MiniRaftClusterWithSimulatedRpca2d4e021/s11/8246d0e7-9b68-432a-a463-4cd87b055e3a does not exist. Creating ...
2024-10-31 03:23:52,120 TRACE util.FileUtils (LogUtils.java:runAndLog(49)) - Successfully ran Files.createDirectories /home/runner/work/ratis/ratis/ratis-examples/target/test/data/f203f927/MiniRaftClusterWithSimulatedRpca2d4e021/s11/8246d0e7-9b68-432a-a463-4cd87b055e3a
2024-10-31 03:23:52,121 INFO  storage.RaftStorageDirectory (RaftStorageDirectoryImpl.java:tryLock(229)) - Lock on /home/runner/work/ratis/ratis/ratis-examples/target/test/data/f203f927/MiniRaftClusterWithSimulatedRpca2d4e021/s11/8246d0e7-9b68-432a-a463-4cd87b055e3a/in_use.lock acquired by nodename 14975@fv-az1757-779
2024-10-31 03:23:52,122 TRACE util.FileUtils (LogUtils.java:runAndLog(49)) - Successfully ran Files.createDirectories /home/runner/work/ratis/ratis/ratis-examples/target/test/data/f203f927/MiniRaftClusterWithSimulatedRpca2d4e021/s11/8246d0e7-9b68-432a-a463-4cd87b055e3a/current
2024-10-31 03:23:52,122 TRACE util.FileUtils (LogUtils.java:runAndLog(49)) - Successfully ran Files.createDirectories /home/runner/work/ratis/ratis/ratis-examples/target/test/data/f203f927/MiniRaftClusterWithSimulatedRpca2d4e021/s11/8246d0e7-9b68-432a-a463-4cd87b055e3a/sm
2024-10-31 03:23:52,122 TRACE util.FileUtils (LogUtils.java:supplyAndLog(69)) - Successfully supplied FileChannel.open /home/runner/work/ratis/ratis/ratis-examples/target/test/data/f203f927/MiniRaftClusterWithSimulatedRpca2d4e021/s11/8246d0e7-9b68-432a-a463-4cd87b055e3a/current/raft-meta.tmp with options [CREATE, WRITE]: sun.nio.ch.FileChannelImpl@5b2bed52
2024-10-31 03:23:52,123 TRACE util.FileUtils (LogUtils.java:runAndLog(49)) - Successfully ran Atomic Files.move /home/runner/work/ratis/ratis/ratis-examples/target/test/data/f203f927/MiniRaftClusterWithSimulatedRpca2d4e021/s11/8246d0e7-9b68-432a-a463-4cd87b055e3a/current/raft-meta.tmp to /home/runner/work/ratis/ratis/ratis-examples/target/test/data/f203f927/MiniRaftClusterWithSimulatedRpca2d4e021/s11/8246d0e7-9b68-432a-a463-4cd87b055e3a/current/raft-meta with options [REPLACE_EXISTING]
2024-10-31 03:23:52,123 INFO  storage.RaftStorage (RaftStorageImpl.java:format(98)) - Storage directory /home/runner/work/ratis/ratis/ratis-examples/target/test/data/f203f927/MiniRaftClusterWithSimulatedRpca2d4e021/s11/8246d0e7-9b68-432a-a463-4cd87b055e3a has been successfully formatted.
2024-10-31 03:23:52,123 WARN  statemachine.StateMachine (ArithmeticStateMachine.java:loadSnapshot(115)) - The snapshot info is null.
2024-10-31 03:23:52,123 INFO  server.RaftServerConfigKeys (ConfUtils.java:logGet(46)) - raft.server.log.use.memory = false (default)
2024-10-31 03:23:52,123 INFO  server.RaftServerConfigKeys (ConfUtils.java:logGet(46)) - raft.server.log.purge.gap = 1024 (default)
2024-10-31 03:23:52,123 INFO  server.RaftServerConfigKeys (ConfUtils.java:logGet(46)) - raft.server.log.appender.buffer.byte-limit = 4MB (=4194304) (default)
2024-10-31 03:23:52,123 INFO  server.RaftServerConfigKeys (ConfUtils.java:logGet(46)) - raft.server.log.statemachine.data.read.timeout = 1000ms (default)
2024-10-31 03:23:52,123 INFO  server.RaftServerConfigKeys (ConfUtils.java:logGet(46)) - raft.server.log.purge.preservation.log.num = 0 (default)
2024-10-31 03:23:52,124 INFO  server.RaftServerConfigKeys (ConfUtils.java:logGet(46)) - raft.server.log.segment.size.max = 32MB (=33554432) (default)
2024-10-31 03:23:52,124 INFO  server.RaftServerConfigKeys (ConfUtils.java:logGet(46)) - raft.server.log.segment.cache.num.max = 6 (default)
2024-10-31 03:23:52,124 INFO  server.RaftServerConfigKeys (ConfUtils.java:logGet(46)) - raft.server.log.segment.cache.size.max = 200MB (=209715200) (default)
2024-10-31 03:23:52,124 INFO  server.RaftServerConfigKeys (ConfUtils.java:logGet(46)) - raft.server.log.appender.buffer.byte-limit = 4MB (=4194304) (default)
2024-10-31 03:23:52,124 INFO  util.AwaitToRun (AwaitToRun.java:start(81)) - Thread[s11@group-4CD87B055E3A-cacheEviction-AwaitToRun,5,main] started
2024-10-31 03:23:52,124 INFO  segmented.SegmentedRaftLogWorker (SegmentedRaftLogWorker.java:<init>(189)) - new s11@group-4CD87B055E3A-SegmentedRaftLogWorker for RaftStorageImpl:Storage Directory /home/runner/work/ratis/ratis/ratis-examples/target/test/data/f203f927/MiniRaftClusterWithSimulatedRpca2d4e021/s11/8246d0e7-9b68-432a-a463-4cd87b055e3a
2024-10-31 03:23:52,124 INFO  server.RaftServerConfigKeys (ConfUtils.java:logGet(46)) - raft.server.log.queue.byte-limit = 64MB (=67108864) (default)
2024-10-31 03:23:52,124 INFO  server.RaftServerConfigKeys (ConfUtils.java:logGet(46)) - raft.server.log.queue.element-limit = 4096 (default)
2024-10-31 03:23:52,125 INFO  server.RaftServerConfigKeys (ConfUtils.java:logGet(46)) - raft.server.log.segment.size.max = 32MB (=33554432) (default)
2024-10-31 03:23:52,125 INFO  server.RaftServerConfigKeys (ConfUtils.java:logGet(46)) - raft.server.log.preallocated.size = 4MB (=4194304) (default)
2024-10-31 03:23:52,125 INFO  server.RaftServerConfigKeys (ConfUtils.java:logGet(46)) - raft.server.log.force.sync.num = 128 (default)
2024-10-31 03:23:52,125 INFO  server.RaftServerConfigKeys (ConfUtils.java:logGet(46)) - raft.server.log.statemachine.data.sync = true (default)
2024-10-31 03:23:52,125 INFO  server.RaftServerConfigKeys (ConfUtils.java:logGet(46)) - raft.server.log.statemachine.data.sync.timeout = 10s (default)
2024-10-31 03:23:52,125 INFO  server.RaftServerConfigKeys (ConfUtils.java:logGet(46)) - raft.server.log.statemachine.data.sync.timeout.retry = -1 (default)
2024-10-31 03:23:52,125 INFO  server.RaftServerConfigKeys (ConfUtils.java:logGet(46)) - raft.server.log.write.buffer.size = 8MB (=8388608) (default)
2024-10-31 03:23:52,126 INFO  server.RaftServerConfigKeys (ConfUtils.java:logGet(46)) - raft.server.log.appender.buffer.byte-limit = 4MB (=4194304) (default)
2024-10-31 03:23:52,127 INFO  server.RaftServerConfigKeys (ConfUtils.java:logGet(46)) - raft.server.log.unsafe-flush.enabled = false (default)
2024-10-31 03:23:52,127 INFO  server.RaftServerConfigKeys (ConfUtils.java:logGet(46)) - raft.server.log.async-flush.enabled = false (default)
2024-10-31 03:23:52,127 INFO  server.RaftServerConfigKeys (ConfUtils.java:logGet(46)) - raft.server.log.statemachine.data.caching.enabled = false (default)
2024-10-31 03:23:52,127 INFO  segmented.SegmentedRaftLogWorker (SegmentedRaftLogWorker.java:lambda$new$0(140)) - s11@group-4CD87B055E3A-SegmentedRaftLogWorker: flushIndex: setUnconditionally 0 -> -1
2024-10-31 03:23:52,127 INFO  segmented.SegmentedRaftLogWorker (SegmentedRaftLogWorker.java:lambda$new$0(140)) - s11@group-4CD87B055E3A-SegmentedRaftLogWorker: safeCacheEvictIndex: setUnconditionally 0 -> -1
2024-10-31 03:23:52,127 INFO  server.RaftServer$Division (RaftServerImpl.java:start(398)) - s11@group-4CD87B055E3A: start with initializing state, conf=conf: {index: -1, cur=peers:[]|listeners:[], old=null}
2024-10-31 03:23:52,127 INFO  server.RaftServer$Division (RaftServerImpl.java:setRole(379)) - s11@group-4CD87B055E3A: changes role from      null to FOLLOWER at term 0 for start
2024-10-31 03:23:52,127 INFO  util.JmxRegister (JmxRegister.java:tryRegister(44)) - Successfully registered JMX Bean with object name Ratis:service=RaftServer,group=group-4CD87B055E3A,id=s11
2024-10-31 03:23:52,127 INFO  util.JmxRegister (JmxRegister.java:register(58)) - register mxBean class org.apache.ratis.server.impl.RaftServerJmxAdapter as Ratis:service=RaftServer,group=group-4CD87B055E3A,id=s11
2024-10-31 03:23:52,127 INFO  server.RaftServerConfigKeys (ConfUtils.java:logGet(46)) - raft.server.snapshot.trigger-when-stop.enabled = true (default)
2024-10-31 03:23:52,127 INFO  server.RaftServerConfigKeys (ConfUtils.java:logGet(46)) - raft.server.snapshot.trigger-when-remove.enabled = true (default)
2024-10-31 03:23:52,128 INFO  server.RaftServerConfigKeys (ConfUtils.java:logGet(46)) - raft.server.snapshot.auto.trigger.enabled = false (default)
2024-10-31 03:23:52,128 INFO  server.RaftServerConfigKeys (ConfUtils.java:logGet(46)) - raft.server.snapshot.retention.file.num = -1 (default)
2024-10-31 03:23:52,128 INFO  server.RaftServerConfigKeys (ConfUtils.java:logGet(46)) - raft.server.log.purge.upto.snapshot.index = false (default)
2024-10-31 03:23:52,128 INFO  server.RaftServer$Division (RaftServerImpl.java:start(406)) - s11@group-4CD87B055E3A: Successfully started.
2024-10-31 03:23:52,128 INFO  server.RaftServer (RaftServerProxy.java:addNew(101)) - s13: addNew group-4CD87B055E3A:[] returns group-4CD87B055E3A:java.util.concurrent.CompletableFuture@4d26d566[Not completed]
2024-10-31 03:23:52,129 INFO  server.RaftServer$Division (RaftServerImpl.java:<init>(256)) - s13: new RaftServerImpl for group-4CD87B055E3A:[] with ArithmeticStateMachine:uninitialized
2024-10-31 03:23:52,129 INFO  server.RaftServerConfigKeys (ConfUtils.java:logGet(46)) - raft.server.rpc.timeout.min = 300ms (custom)
2024-10-31 03:23:52,129 INFO  server.RaftServerConfigKeys (ConfUtils.java:logGet(46)) - raft.server.rpc.timeout.max = 600ms (custom)
2024-10-31 03:23:52,129 INFO  server.RaftServerConfigKeys (ConfUtils.java:logGet(46)) - raft.server.rpc.sleep.time = 25ms (default)
2024-10-31 03:23:52,129 INFO  server.RaftServerConfigKeys (ConfUtils.java:logGet(46)) - raft.server.rpc.slowness.timeout = 60s (default)
2024-10-31 03:23:52,129 INFO  server.RaftServerConfigKeys (ConfUtils.java:logGet(46)) - raft.server.leaderelection.leader.step-down.wait-time = 10s (default)
2024-10-31 03:23:52,129 INFO  server.RaftServerConfigKeys (ConfUtils.java:logGet(46)) - raft.server.leaderelection.member.majority-add = false (default)
2024-10-31 03:23:52,129 INFO  server.RaftServerConfigKeys (ConfUtils.java:logGet(46)) - raft.server.sleep.deviation.threshold = 300ms (default)
2024-10-31 03:23:52,129 INFO  server.RaftServer$Division (ServerState.java:<init>(114)) - s13@group-4CD87B055E3A: ConfigurationManager, init=conf: {index: -1, cur=peers:[]|listeners:[], old=null}, confs=<EMPTY_MAP>
2024-10-31 03:23:52,129 INFO  server.RaftServerConfigKeys (ConfUtils.java:logGet(46)) - raft.server.notification.no-leader.timeout = 60s (default)
2024-10-31 03:23:52,129 INFO  server.RaftServerConfigKeys (ConfUtils.java:logGet(46)) - raft.server.read.timeout = 10s (default)
2024-10-31 03:23:52,129 INFO  server.RaftServerConfigKeys (ConfUtils.java:logGet(46)) - raft.server.retrycache.expirytime = 60s (default)
2024-10-31 03:23:52,129 INFO  server.RaftServerConfigKeys (ConfUtils.java:logGet(46)) - raft.server.retrycache.statistics.expirytime = 100ms (default)
2024-10-31 03:23:52,130 INFO  server.RaftServerConfigKeys (ConfUtils.java:logGet(46)) - raft.server.read.option = DEFAULT (default)
2024-10-31 03:23:52,130 INFO  server.RaftServerConfigKeys (ConfUtils.java:logGet(46)) - raft.server.read.read-after-write-consistent.write-index-cache.expiry-time = 60s (default)
2024-10-31 03:23:52,130 INFO  server.RaftServerConfigKeys (ConfUtils.java:logGet(46)) - raft.server.rpc.request.timeout = 3000ms (default)
2024-10-31 03:23:52,130 INFO  server.RaftServerConfigKeys (ConfUtils.java:logGet(46)) - raft.server.log.appender.install.snapshot.enabled = true (default)
2024-10-31 03:23:52,130 INFO  server.RaftServerConfigKeys (ConfUtils.java:logGet(46)) - raft.server.threadpool.server.cached = true (default)
2024-10-31 03:23:52,130 INFO  server.RaftServerConfigKeys (ConfUtils.java:logGet(46)) - raft.server.threadpool.server.size = 0 (default)
2024-10-31 03:23:52,131 INFO  server.RaftServerConfigKeys (ConfUtils.java:logGet(46)) - raft.server.threadpool.client.cached = true (default)
2024-10-31 03:23:52,131 INFO  server.RaftServerConfigKeys (ConfUtils.java:logGet(46)) - raft.server.threadpool.client.size = 0 (default)
2024-10-31 03:23:52,131 INFO  server.RaftServerConfigKeys (ConfUtils.java:logGet(46)) - raft.server.storage.free-space.min = 0MB (=0) (default)
2024-10-31 03:23:52,131 INFO  server.RaftServerConfigKeys (ConfUtils.java:logGet(46)) - raft.server.log.corruption.policy = EXCEPTION (default)
2024-10-31 03:23:52,131 INFO  server.RaftServerConfigKeys (ConfUtils.java:logGet(46)) - raft.server.storage.dir = [/home/runner/work/ratis/ratis/ratis-examples/target/test/data/f203f927/MiniRaftClusterWithSimulatedRpca2d4e021/s13] (custom)
2024-10-31 03:23:52,131 INFO  storage.RaftStorageDirectory (RaftStorageDirectoryImpl.java:analyzeStorage(138)) - The storage directory /home/runner/work/ratis/ratis/ratis-examples/target/test/data/f203f927/MiniRaftClusterWithSimulatedRpca2d4e021/s13/8246d0e7-9b68-432a-a463-4cd87b055e3a does not exist. Creating ...
2024-10-31 03:23:52,131 TRACE util.FileUtils (LogUtils.java:runAndLog(49)) - Successfully ran Files.createDirectories /home/runner/work/ratis/ratis/ratis-examples/target/test/data/f203f927/MiniRaftClusterWithSimulatedRpca2d4e021/s13/8246d0e7-9b68-432a-a463-4cd87b055e3a
2024-10-31 03:23:52,132 INFO  storage.RaftStorageDirectory (RaftStorageDirectoryImpl.java:tryLock(229)) - Lock on /home/runner/work/ratis/ratis/ratis-examples/target/test/data/f203f927/MiniRaftClusterWithSimulatedRpca2d4e021/s13/8246d0e7-9b68-432a-a463-4cd87b055e3a/in_use.lock acquired by nodename 14975@fv-az1757-779
2024-10-31 03:23:52,132 TRACE util.FileUtils (LogUtils.java:runAndLog(49)) - Successfully ran Files.createDirectories /home/runner/work/ratis/ratis/ratis-examples/target/test/data/f203f927/MiniRaftClusterWithSimulatedRpca2d4e021/s13/8246d0e7-9b68-432a-a463-4cd87b055e3a/current
2024-10-31 03:23:52,132 TRACE util.FileUtils (LogUtils.java:runAndLog(49)) - Successfully ran Files.createDirectories /home/runner/work/ratis/ratis/ratis-examples/target/test/data/f203f927/MiniRaftClusterWithSimulatedRpca2d4e021/s13/8246d0e7-9b68-432a-a463-4cd87b055e3a/sm
2024-10-31 03:23:52,132 TRACE util.FileUtils (LogUtils.java:supplyAndLog(69)) - Successfully supplied FileChannel.open /home/runner/work/ratis/ratis/ratis-examples/target/test/data/f203f927/MiniRaftClusterWithSimulatedRpca2d4e021/s13/8246d0e7-9b68-432a-a463-4cd87b055e3a/current/raft-meta.tmp with options [CREATE, WRITE]: sun.nio.ch.FileChannelImpl@40736e6d
2024-10-31 03:23:52,133 TRACE util.FileUtils (LogUtils.java:runAndLog(49)) - Successfully ran Atomic Files.move /home/runner/work/ratis/ratis/ratis-examples/target/test/data/f203f927/MiniRaftClusterWithSimulatedRpca2d4e021/s13/8246d0e7-9b68-432a-a463-4cd87b055e3a/current/raft-meta.tmp to /home/runner/work/ratis/ratis/ratis-examples/target/test/data/f203f927/MiniRaftClusterWithSimulatedRpca2d4e021/s13/8246d0e7-9b68-432a-a463-4cd87b055e3a/current/raft-meta with options [REPLACE_EXISTING]
2024-10-31 03:23:52,133 INFO  storage.RaftStorage (RaftStorageImpl.java:format(98)) - Storage directory /home/runner/work/ratis/ratis/ratis-examples/target/test/data/f203f927/MiniRaftClusterWithSimulatedRpca2d4e021/s13/8246d0e7-9b68-432a-a463-4cd87b055e3a has been successfully formatted.
2024-10-31 03:23:52,133 WARN  statemachine.StateMachine (ArithmeticStateMachine.java:loadSnapshot(115)) - The snapshot info is null.
2024-10-31 03:23:52,134 INFO  server.RaftServerConfigKeys (ConfUtils.java:logGet(46)) - raft.server.log.use.memory = false (default)
2024-10-31 03:23:52,134 INFO  server.RaftServerConfigKeys (ConfUtils.java:logGet(46)) - raft.server.log.purge.gap = 1024 (default)
2024-10-31 03:23:52,134 INFO  server.RaftServerConfigKeys (ConfUtils.java:logGet(46)) - raft.server.log.appender.buffer.byte-limit = 4MB (=4194304) (default)
2024-10-31 03:23:52,134 INFO  server.RaftServerConfigKeys (ConfUtils.java:logGet(46)) - raft.server.log.statemachine.data.read.timeout = 1000ms (default)
2024-10-31 03:23:52,134 INFO  server.RaftServerConfigKeys (ConfUtils.java:logGet(46)) - raft.server.log.purge.preservation.log.num = 0 (default)
2024-10-31 03:23:52,134 INFO  server.RaftServerConfigKeys (ConfUtils.java:logGet(46)) - raft.server.log.segment.size.max = 32MB (=33554432) (default)
2024-10-31 03:23:52,134 INFO  server.RaftServerConfigKeys (ConfUtils.java:logGet(46)) - raft.server.log.segment.cache.num.max = 6 (default)
2024-10-31 03:23:52,134 INFO  server.RaftServerConfigKeys (ConfUtils.java:logGet(46)) - raft.server.log.segment.cache.size.max = 200MB (=209715200) (default)
2024-10-31 03:23:52,134 INFO  server.RaftServerConfigKeys (ConfUtils.java:logGet(46)) - raft.server.log.appender.buffer.byte-limit = 4MB (=4194304) (default)
2024-10-31 03:23:52,134 INFO  util.AwaitToRun (AwaitToRun.java:start(81)) - Thread[s13@group-4CD87B055E3A-cacheEviction-AwaitToRun,5,main] started
2024-10-31 03:23:52,135 INFO  segmented.SegmentedRaftLogWorker (SegmentedRaftLogWorker.java:<init>(189)) - new s13@group-4CD87B055E3A-SegmentedRaftLogWorker for RaftStorageImpl:Storage Directory /home/runner/work/ratis/ratis/ratis-examples/target/test/data/f203f927/MiniRaftClusterWithSimulatedRpca2d4e021/s13/8246d0e7-9b68-432a-a463-4cd87b055e3a
2024-10-31 03:23:52,135 INFO  server.RaftServerConfigKeys (ConfUtils.java:logGet(46)) - raft.server.log.queue.byte-limit = 64MB (=67108864) (default)
2024-10-31 03:23:52,135 INFO  server.RaftServerConfigKeys (ConfUtils.java:logGet(46)) - raft.server.log.queue.element-limit = 4096 (default)
2024-10-31 03:23:52,135 INFO  server.RaftServerConfigKeys (ConfUtils.java:logGet(46)) - raft.server.log.segment.size.max = 32MB (=33554432) (default)
2024-10-31 03:23:52,135 INFO  server.RaftServerConfigKeys (ConfUtils.java:logGet(46)) - raft.server.log.preallocated.size = 4MB (=4194304) (default)
2024-10-31 03:23:52,135 INFO  server.RaftServerConfigKeys (ConfUtils.java:logGet(46)) - raft.server.log.force.sync.num = 128 (default)
2024-10-31 03:23:52,135 INFO  server.RaftServerConfigKeys (ConfUtils.java:logGet(46)) - raft.server.log.statemachine.data.sync = true (default)
2024-10-31 03:23:52,135 INFO  server.RaftServerConfigKeys (ConfUtils.java:logGet(46)) - raft.server.log.statemachine.data.sync.timeout = 10s (default)
2024-10-31 03:23:52,135 INFO  server.RaftServerConfigKeys (ConfUtils.java:logGet(46)) - raft.server.log.statemachine.data.sync.timeout.retry = -1 (default)
2024-10-31 03:23:52,135 INFO  server.RaftServerConfigKeys (ConfUtils.java:logGet(46)) - raft.server.log.write.buffer.size = 8MB (=8388608) (default)
2024-10-31 03:23:52,137 INFO  server.RaftServerConfigKeys (ConfUtils.java:logGet(46)) - raft.server.log.appender.buffer.byte-limit = 4MB (=4194304) (default)
2024-10-31 03:23:52,137 INFO  server.RaftServerConfigKeys (ConfUtils.java:logGet(46)) - raft.server.log.unsafe-flush.enabled = false (default)
2024-10-31 03:23:52,137 INFO  server.RaftServerConfigKeys (ConfUtils.java:logGet(46)) - raft.server.log.async-flush.enabled = false (default)
2024-10-31 03:23:52,137 INFO  server.RaftServerConfigKeys (ConfUtils.java:logGet(46)) - raft.server.log.statemachine.data.caching.enabled = false (default)
2024-10-31 03:23:52,137 INFO  segmented.SegmentedRaftLogWorker (SegmentedRaftLogWorker.java:lambda$new$0(140)) - s13@group-4CD87B055E3A-SegmentedRaftLogWorker: flushIndex: setUnconditionally 0 -> -1
2024-10-31 03:23:52,137 INFO  segmented.SegmentedRaftLogWorker (SegmentedRaftLogWorker.java:lambda$new$0(140)) - s13@group-4CD87B055E3A-SegmentedRaftLogWorker: safeCacheEvictIndex: setUnconditionally 0 -> -1
2024-10-31 03:23:52,137 INFO  server.RaftServer$Division (RaftServerImpl.java:start(398)) - s13@group-4CD87B055E3A: start with initializing state, conf=conf: {index: -1, cur=peers:[]|listeners:[], old=null}
2024-10-31 03:23:52,137 INFO  server.RaftServer$Division (RaftServerImpl.java:setRole(379)) - s13@group-4CD87B055E3A: changes role from      null to FOLLOWER at term 0 for start
2024-10-31 03:23:52,138 INFO  util.JmxRegister (JmxRegister.java:tryRegister(44)) - Successfully registered JMX Bean with object name Ratis:service=RaftServer,group=group-4CD87B055E3A,id=s13
2024-10-31 03:23:52,138 INFO  util.JmxRegister (JmxRegister.java:register(58)) - register mxBean class org.apache.ratis.server.impl.RaftServerJmxAdapter as Ratis:service=RaftServer,group=group-4CD87B055E3A,id=s13
2024-10-31 03:23:52,138 INFO  server.RaftServerConfigKeys (ConfUtils.java:logGet(46)) - raft.server.snapshot.trigger-when-stop.enabled = true (default)
2024-10-31 03:23:52,138 INFO  server.RaftServerConfigKeys (ConfUtils.java:logGet(46)) - raft.server.snapshot.trigger-when-remove.enabled = true (default)
2024-10-31 03:23:52,138 INFO  server.RaftServerConfigKeys (ConfUtils.java:logGet(46)) - raft.server.snapshot.auto.trigger.enabled = false (default)
2024-10-31 03:23:52,138 INFO  server.RaftServerConfigKeys (ConfUtils.java:logGet(46)) - raft.server.snapshot.retention.file.num = -1 (default)
2024-10-31 03:23:52,138 INFO  server.RaftServerConfigKeys (ConfUtils.java:logGet(46)) - raft.server.log.purge.upto.snapshot.index = false (default)
2024-10-31 03:23:52,138 INFO  server.RaftServer$Division (RaftServerImpl.java:start(406)) - s13@group-4CD87B055E3A: Successfully started.
2024-10-31 03:23:52,139 INFO  server.RaftServer (RaftServerProxy.java:addNew(101)) - s12: addNew group-4CD87B055E3A:[] returns group-4CD87B055E3A:java.util.concurrent.CompletableFuture@6c288eb7[Not completed]
2024-10-31 03:23:52,139 INFO  server.RaftServer$Division (RaftServerImpl.java:<init>(256)) - s12: new RaftServerImpl for group-4CD87B055E3A:[] with ArithmeticStateMachine:uninitialized
2024-10-31 03:23:52,139 INFO  server.RaftServerConfigKeys (ConfUtils.java:logGet(46)) - raft.server.rpc.timeout.min = 300ms (custom)
2024-10-31 03:23:52,139 INFO  server.RaftServerConfigKeys (ConfUtils.java:logGet(46)) - raft.server.rpc.timeout.max = 600ms (custom)
2024-10-31 03:23:52,139 INFO  server.RaftServerConfigKeys (ConfUtils.java:logGet(46)) - raft.server.rpc.sleep.time = 25ms (default)
2024-10-31 03:23:52,139 INFO  server.RaftServerConfigKeys (ConfUtils.java:logGet(46)) - raft.server.rpc.slowness.timeout = 60s (default)
2024-10-31 03:23:52,139 INFO  server.RaftServerConfigKeys (ConfUtils.java:logGet(46)) - raft.server.leaderelection.leader.step-down.wait-time = 10s (default)
2024-10-31 03:23:52,139 INFO  server.RaftServerConfigKeys (ConfUtils.java:logGet(46)) - raft.server.leaderelection.member.majority-add = false (default)
2024-10-31 03:23:52,139 INFO  server.RaftServerConfigKeys (ConfUtils.java:logGet(46)) - raft.server.sleep.deviation.threshold = 300ms (default)
2024-10-31 03:23:52,139 INFO  server.RaftServer$Division (ServerState.java:<init>(114)) - s12@group-4CD87B055E3A: ConfigurationManager, init=conf: {index: -1, cur=peers:[]|listeners:[], old=null}, confs=<EMPTY_MAP>
2024-10-31 03:23:52,139 INFO  server.RaftServerConfigKeys (ConfUtils.java:logGet(46)) - raft.server.notification.no-leader.timeout = 60s (default)
2024-10-31 03:23:52,139 INFO  server.RaftServerConfigKeys (ConfUtils.java:logGet(46)) - raft.server.read.timeout = 10s (default)
2024-10-31 03:23:52,139 INFO  server.RaftServerConfigKeys (ConfUtils.java:logGet(46)) - raft.server.retrycache.expirytime = 60s (default)
2024-10-31 03:23:52,139 INFO  server.RaftServerConfigKeys (ConfUtils.java:logGet(46)) - raft.server.retrycache.statistics.expirytime = 100ms (default)
2024-10-31 03:23:52,139 INFO  server.RaftServerConfigKeys (ConfUtils.java:logGet(46)) - raft.server.read.option = DEFAULT (default)
2024-10-31 03:23:52,139 INFO  server.RaftServerConfigKeys (ConfUtils.java:logGet(46)) - raft.server.read.read-after-write-consistent.write-index-cache.expiry-time = 60s (default)
2024-10-31 03:23:52,140 INFO  server.RaftServerConfigKeys (ConfUtils.java:logGet(46)) - raft.server.rpc.request.timeout = 3000ms (default)
2024-10-31 03:23:52,140 INFO  server.RaftServerConfigKeys (ConfUtils.java:logGet(46)) - raft.server.log.appender.install.snapshot.enabled = true (default)
2024-10-31 03:23:52,140 INFO  server.RaftServerConfigKeys (ConfUtils.java:logGet(46)) - raft.server.threadpool.server.cached = true (default)
2024-10-31 03:23:52,140 INFO  server.RaftServerConfigKeys (ConfUtils.java:logGet(46)) - raft.server.threadpool.server.size = 0 (default)
2024-10-31 03:23:52,140 INFO  server.RaftServerConfigKeys (ConfUtils.java:logGet(46)) - raft.server.threadpool.client.cached = true (default)
2024-10-31 03:23:52,140 INFO  server.RaftServerConfigKeys (ConfUtils.java:logGet(46)) - raft.server.threadpool.client.size = 0 (default)
2024-10-31 03:23:52,140 INFO  server.RaftServerConfigKeys (ConfUtils.java:logGet(46)) - raft.server.storage.free-space.min = 0MB (=0) (default)
2024-10-31 03:23:52,140 INFO  server.RaftServerConfigKeys (ConfUtils.java:logGet(46)) - raft.server.log.corruption.policy = EXCEPTION (default)
2024-10-31 03:23:52,140 INFO  server.RaftServerConfigKeys (ConfUtils.java:logGet(46)) - raft.server.storage.dir = [/home/runner/work/ratis/ratis/ratis-examples/target/test/data/f203f927/MiniRaftClusterWithSimulatedRpca2d4e021/s12] (custom)
2024-10-31 03:23:52,140 INFO  storage.RaftStorageDirectory (RaftStorageDirectoryImpl.java:analyzeStorage(138)) - The storage directory /home/runner/work/ratis/ratis/ratis-examples/target/test/data/f203f927/MiniRaftClusterWithSimulatedRpca2d4e021/s12/8246d0e7-9b68-432a-a463-4cd87b055e3a does not exist. Creating ...
2024-10-31 03:23:52,141 TRACE util.FileUtils (LogUtils.java:runAndLog(49)) - Successfully ran Files.createDirectories /home/runner/work/ratis/ratis/ratis-examples/target/test/data/f203f927/MiniRaftClusterWithSimulatedRpca2d4e021/s12/8246d0e7-9b68-432a-a463-4cd87b055e3a
2024-10-31 03:23:52,141 INFO  storage.RaftStorageDirectory (RaftStorageDirectoryImpl.java:tryLock(229)) - Lock on /home/runner/work/ratis/ratis/ratis-examples/target/test/data/f203f927/MiniRaftClusterWithSimulatedRpca2d4e021/s12/8246d0e7-9b68-432a-a463-4cd87b055e3a/in_use.lock acquired by nodename 14975@fv-az1757-779
2024-10-31 03:23:52,142 TRACE util.FileUtils (LogUtils.java:runAndLog(49)) - Successfully ran Files.createDirectories /home/runner/work/ratis/ratis/ratis-examples/target/test/data/f203f927/MiniRaftClusterWithSimulatedRpca2d4e021/s12/8246d0e7-9b68-432a-a463-4cd87b055e3a/current
2024-10-31 03:23:52,142 TRACE util.FileUtils (LogUtils.java:runAndLog(49)) - Successfully ran Files.createDirectories /home/runner/work/ratis/ratis/ratis-examples/target/test/data/f203f927/MiniRaftClusterWithSimulatedRpca2d4e021/s12/8246d0e7-9b68-432a-a463-4cd87b055e3a/sm
2024-10-31 03:23:52,142 TRACE util.FileUtils (LogUtils.java:supplyAndLog(69)) - Successfully supplied FileChannel.open /home/runner/work/ratis/ratis/ratis-examples/target/test/data/f203f927/MiniRaftClusterWithSimulatedRpca2d4e021/s12/8246d0e7-9b68-432a-a463-4cd87b055e3a/current/raft-meta.tmp with options [CREATE, WRITE]: sun.nio.ch.FileChannelImpl@16598cdb
2024-10-31 03:23:52,143 TRACE util.FileUtils (LogUtils.java:runAndLog(49)) - Successfully ran Atomic Files.move /home/runner/work/ratis/ratis/ratis-examples/target/test/data/f203f927/MiniRaftClusterWithSimulatedRpca2d4e021/s12/8246d0e7-9b68-432a-a463-4cd87b055e3a/current/raft-meta.tmp to /home/runner/work/ratis/ratis/ratis-examples/target/test/data/f203f927/MiniRaftClusterWithSimulatedRpca2d4e021/s12/8246d0e7-9b68-432a-a463-4cd87b055e3a/current/raft-meta with options [REPLACE_EXISTING]
2024-10-31 03:23:52,143 INFO  storage.RaftStorage (RaftStorageImpl.java:format(98)) - Storage directory /home/runner/work/ratis/ratis/ratis-examples/target/test/data/f203f927/MiniRaftClusterWithSimulatedRpca2d4e021/s12/8246d0e7-9b68-432a-a463-4cd87b055e3a has been successfully formatted.
2024-10-31 03:23:52,143 WARN  statemachine.StateMachine (ArithmeticStateMachine.java:loadSnapshot(115)) - The snapshot info is null.
2024-10-31 03:23:52,143 INFO  server.RaftServerConfigKeys (ConfUtils.java:logGet(46)) - raft.server.log.use.memory = false (default)
2024-10-31 03:23:52,143 INFO  server.RaftServerConfigKeys (ConfUtils.java:logGet(46)) - raft.server.log.purge.gap = 1024 (default)
2024-10-31 03:23:52,143 INFO  server.RaftServerConfigKeys (ConfUtils.java:logGet(46)) - raft.server.log.appender.buffer.byte-limit = 4MB (=4194304) (default)
2024-10-31 03:23:52,143 INFO  server.RaftServerConfigKeys (ConfUtils.java:logGet(46)) - raft.server.log.statemachine.data.read.timeout = 1000ms (default)
2024-10-31 03:23:52,143 INFO  server.RaftServerConfigKeys (ConfUtils.java:logGet(46)) - raft.server.log.purge.preservation.log.num = 0 (default)
2024-10-31 03:23:52,143 INFO  server.RaftServerConfigKeys (ConfUtils.java:logGet(46)) - raft.server.log.segment.size.max = 32MB (=33554432) (default)
2024-10-31 03:23:52,143 INFO  server.RaftServerConfigKeys (ConfUtils.java:logGet(46)) - raft.server.log.segment.cache.num.max = 6 (default)
2024-10-31 03:23:52,144 INFO  server.RaftServerConfigKeys (ConfUtils.java:logGet(46)) - raft.server.log.segment.cache.size.max = 200MB (=209715200) (default)
2024-10-31 03:23:52,144 INFO  server.RaftServerConfigKeys (ConfUtils.java:logGet(46)) - raft.server.log.appender.buffer.byte-limit = 4MB (=4194304) (default)
2024-10-31 03:23:52,144 INFO  util.AwaitToRun (AwaitToRun.java:start(81)) - Thread[s12@group-4CD87B055E3A-cacheEviction-AwaitToRun,5,main] started
2024-10-31 03:23:52,144 INFO  segmented.SegmentedRaftLogWorker (SegmentedRaftLogWorker.java:<init>(189)) - new s12@group-4CD87B055E3A-SegmentedRaftLogWorker for RaftStorageImpl:Storage Directory /home/runner/work/ratis/ratis/ratis-examples/target/test/data/f203f927/MiniRaftClusterWithSimulatedRpca2d4e021/s12/8246d0e7-9b68-432a-a463-4cd87b055e3a
2024-10-31 03:23:52,144 INFO  server.RaftServerConfigKeys (ConfUtils.java:logGet(46)) - raft.server.log.queue.byte-limit = 64MB (=67108864) (default)
2024-10-31 03:23:52,144 INFO  server.RaftServerConfigKeys (ConfUtils.java:logGet(46)) - raft.server.log.queue.element-limit = 4096 (default)
2024-10-31 03:23:52,144 INFO  server.RaftServerConfigKeys (ConfUtils.java:logGet(46)) - raft.server.log.segment.size.max = 32MB (=33554432) (default)
2024-10-31 03:23:52,144 INFO  server.RaftServerConfigKeys (ConfUtils.java:logGet(46)) - raft.server.log.preallocated.size = 4MB (=4194304) (default)
2024-10-31 03:23:52,144 INFO  server.RaftServerConfigKeys (ConfUtils.java:logGet(46)) - raft.server.log.force.sync.num = 128 (default)
2024-10-31 03:23:52,144 INFO  server.RaftServerConfigKeys (ConfUtils.java:logGet(46)) - raft.server.log.statemachine.data.sync = true (default)
2024-10-31 03:23:52,144 INFO  server.RaftServerConfigKeys (ConfUtils.java:logGet(46)) - raft.server.log.statemachine.data.sync.timeout = 10s (default)
2024-10-31 03:23:52,144 INFO  server.RaftServerConfigKeys (ConfUtils.java:logGet(46)) - raft.server.log.statemachine.data.sync.timeout.retry = -1 (default)
2024-10-31 03:23:52,144 INFO  server.RaftServerConfigKeys (ConfUtils.java:logGet(46)) - raft.server.log.write.buffer.size = 8MB (=8388608) (default)
2024-10-31 03:23:52,146 INFO  server.RaftServerConfigKeys (ConfUtils.java:logGet(46)) - raft.server.log.appender.buffer.byte-limit = 4MB (=4194304) (default)
2024-10-31 03:23:52,146 INFO  server.RaftServerConfigKeys (ConfUtils.java:logGet(46)) - raft.server.log.unsafe-flush.enabled = false (default)
2024-10-31 03:23:52,146 INFO  server.RaftServerConfigKeys (ConfUtils.java:logGet(46)) - raft.server.log.async-flush.enabled = false (default)
2024-10-31 03:23:52,146 INFO  server.RaftServerConfigKeys (ConfUtils.java:logGet(46)) - raft.server.log.statemachine.data.caching.enabled = false (default)
2024-10-31 03:23:52,146 INFO  segmented.SegmentedRaftLogWorker (SegmentedRaftLogWorker.java:lambda$new$0(140)) - s12@group-4CD87B055E3A-SegmentedRaftLogWorker: flushIndex: setUnconditionally 0 -> -1
2024-10-31 03:23:52,146 INFO  segmented.SegmentedRaftLogWorker (SegmentedRaftLogWorker.java:lambda$new$0(140)) - s12@group-4CD87B055E3A-SegmentedRaftLogWorker: safeCacheEvictIndex: setUnconditionally 0 -> -1
2024-10-31 03:23:52,146 INFO  server.RaftServer$Division (RaftServerImpl.java:start(398)) - s12@group-4CD87B055E3A: start with initializing state, conf=conf: {index: -1, cur=peers:[]|listeners:[], old=null}
2024-10-31 03:23:52,147 INFO  server.RaftServer$Division (RaftServerImpl.java:setRole(379)) - s12@group-4CD87B055E3A: changes role from      null to FOLLOWER at term 0 for start
2024-10-31 03:23:52,147 INFO  util.JmxRegister (JmxRegister.java:tryRegister(44)) - Successfully registered JMX Bean with object name Ratis:service=RaftServer,group=group-4CD87B055E3A,id=s12
2024-10-31 03:23:52,147 INFO  util.JmxRegister (JmxRegister.java:register(58)) - register mxBean class org.apache.ratis.server.impl.RaftServerJmxAdapter as Ratis:service=RaftServer,group=group-4CD87B055E3A,id=s12
2024-10-31 03:23:52,147 INFO  server.RaftServerConfigKeys (ConfUtils.java:logGet(46)) - raft.server.snapshot.trigger-when-stop.enabled = true (default)
2024-10-31 03:23:52,147 INFO  server.RaftServerConfigKeys (ConfUtils.java:logGet(46)) - raft.server.snapshot.trigger-when-remove.enabled = true (default)
2024-10-31 03:23:52,147 INFO  server.RaftServerConfigKeys (ConfUtils.java:logGet(46)) - raft.server.snapshot.auto.trigger.enabled = false (default)
2024-10-31 03:23:52,147 INFO  server.RaftServerConfigKeys (ConfUtils.java:logGet(46)) - raft.server.snapshot.retention.file.num = -1 (default)
2024-10-31 03:23:52,147 INFO  server.RaftServerConfigKeys (ConfUtils.java:logGet(46)) - raft.server.log.purge.upto.snapshot.index = false (default)
2024-10-31 03:23:52,147 INFO  server.RaftServer$Division (RaftServerImpl.java:start(406)) - s12@group-4CD87B055E3A: Successfully started.
2024-10-31 03:23:52,148 INFO  impl.GroupManagementBaseTest (GroupManagementBaseTest.java:runMultiGroupTest(322)) - 2) groupAdd: printing group-23A0405D286A
2024-10-31 03:23:52,148 INFO  server.RaftServer (RaftServerProxy.java:addNew(101)) - s3: addNew group-4CD87B055E3A:[] returns group-4CD87B055E3A:java.util.concurrent.CompletableFuture@30202cb1[Not completed]
2024-10-31 03:23:52,148 INFO  server.RaftServer$Division (RaftServerImpl.java:<init>(256)) - s3: new RaftServerImpl for group-4CD87B055E3A:[] with ArithmeticStateMachine:uninitialized
2024-10-31 03:23:52,148 INFO  server.RaftServerConfigKeys (ConfUtils.java:logGet(46)) - raft.server.rpc.timeout.min = 300ms (custom)
2024-10-31 03:23:52,148 INFO  server.RaftServerConfigKeys (ConfUtils.java:logGet(46)) - raft.server.rpc.timeout.max = 600ms (custom)
2024-10-31 03:23:52,148 INFO  server.RaftServerConfigKeys (ConfUtils.java:logGet(46)) - raft.server.rpc.sleep.time = 25ms (default)
2024-10-31 03:23:52,149 INFO  server.RaftServerConfigKeys (ConfUtils.java:logGet(46)) - raft.server.rpc.slowness.timeout = 60s (default)
2024-10-31 03:23:52,149 INFO  server.RaftServerConfigKeys (ConfUtils.java:logGet(46)) - raft.server.leaderelection.leader.step-down.wait-time = 10s (default)
2024-10-31 03:23:52,149 INFO  server.RaftServerConfigKeys (ConfUtils.java:logGet(46)) - raft.server.leaderelection.member.majority-add = false (default)
2024-10-31 03:23:52,149 INFO  server.RaftServerConfigKeys (ConfUtils.java:logGet(46)) - raft.server.sleep.deviation.threshold = 300ms (default)
2024-10-31 03:23:52,149 INFO  server.RaftServer$Division (ServerState.java:<init>(114)) - s3@group-4CD87B055E3A: ConfigurationManager, init=conf: {index: -1, cur=peers:[]|listeners:[], old=null}, confs=<EMPTY_MAP>
2024-10-31 03:23:52,149 INFO  server.RaftServerConfigKeys (ConfUtils.java:logGet(46)) - raft.server.notification.no-leader.timeout = 60s (default)
2024-10-31 03:23:52,149 INFO  server.RaftServerConfigKeys (ConfUtils.java:logGet(46)) - raft.server.read.timeout = 10s (default)
2024-10-31 03:23:52,149 INFO  server.RaftServerConfigKeys (ConfUtils.java:logGet(46)) - raft.server.retrycache.expirytime = 60s (default)
2024-10-31 03:23:52,149 INFO  server.RaftServerConfigKeys (ConfUtils.java:logGet(46)) - raft.server.retrycache.statistics.expirytime = 100ms (default)
2024-10-31 03:23:52,149 INFO  server.RaftServerConfigKeys (ConfUtils.java:logGet(46)) - raft.server.read.option = DEFAULT (default)
2024-10-31 03:23:52,149 INFO  server.RaftServerConfigKeys (ConfUtils.java:logGet(46)) - raft.server.read.read-after-write-consistent.write-index-cache.expiry-time = 60s (default)
2024-10-31 03:23:52,150 INFO  server.RaftServerConfigKeys (ConfUtils.java:logGet(46)) - raft.server.rpc.request.timeout = 3000ms (default)
2024-10-31 03:23:52,150 INFO  server.RaftServerConfigKeys (ConfUtils.java:logGet(46)) - raft.server.log.appender.install.snapshot.enabled = true (default)
2024-10-31 03:23:52,150 INFO  server.RaftServerConfigKeys (ConfUtils.java:logGet(46)) - raft.server.threadpool.server.cached = true (default)
2024-10-31 03:23:52,150 INFO  server.RaftServerConfigKeys (ConfUtils.java:logGet(46)) - raft.server.threadpool.server.size = 0 (default)
2024-10-31 03:23:52,150 INFO  server.RaftServerConfigKeys (ConfUtils.java:logGet(46)) - raft.server.threadpool.client.cached = true (default)
2024-10-31 03:23:52,150 INFO  server.RaftServerConfigKeys (ConfUtils.java:logGet(46)) - raft.server.threadpool.client.size = 0 (default)
2024-10-31 03:23:52,150 INFO  server.RaftServerConfigKeys (ConfUtils.java:logGet(46)) - raft.server.storage.free-space.min = 0MB (=0) (default)
2024-10-31 03:23:52,150 INFO  server.RaftServerConfigKeys (ConfUtils.java:logGet(46)) - raft.server.log.corruption.policy = EXCEPTION (default)
2024-10-31 03:23:52,150 INFO  server.RaftServerConfigKeys (ConfUtils.java:logGet(46)) - raft.server.storage.dir = [/home/runner/work/ratis/ratis/ratis-examples/target/test/data/f203f927/MiniRaftClusterWithSimulatedRpca2d4e021/s3] (custom)
2024-10-31 03:23:52,151 INFO  storage.RaftStorageDirectory (RaftStorageDirectoryImpl.java:analyzeStorage(138)) - The storage directory /home/runner/work/ratis/ratis/ratis-examples/target/test/data/f203f927/MiniRaftClusterWithSimulatedRpca2d4e021/s3/8246d0e7-9b68-432a-a463-4cd87b055e3a does not exist. Creating ...
2024-10-31 03:23:52,151 TRACE util.FileUtils (LogUtils.java:runAndLog(49)) - Successfully ran Files.createDirectories /home/runner/work/ratis/ratis/ratis-examples/target/test/data/f203f927/MiniRaftClusterWithSimulatedRpca2d4e021/s3/8246d0e7-9b68-432a-a463-4cd87b055e3a
2024-10-31 03:23:52,153 INFO  storage.RaftStorageDirectory (RaftStorageDirectoryImpl.java:tryLock(229)) - Lock on /home/runner/work/ratis/ratis/ratis-examples/target/test/data/f203f927/MiniRaftClusterWithSimulatedRpca2d4e021/s3/8246d0e7-9b68-432a-a463-4cd87b055e3a/in_use.lock acquired by nodename 14975@fv-az1757-779
2024-10-31 03:23:52,153 TRACE util.FileUtils (LogUtils.java:runAndLog(49)) - Successfully ran Files.createDirectories /home/runner/work/ratis/ratis/ratis-examples/target/test/data/f203f927/MiniRaftClusterWithSimulatedRpca2d4e021/s3/8246d0e7-9b68-432a-a463-4cd87b055e3a/current
2024-10-31 03:23:52,153 TRACE util.FileUtils (LogUtils.java:runAndLog(49)) - Successfully ran Files.createDirectories /home/runner/work/ratis/ratis/ratis-examples/target/test/data/f203f927/MiniRaftClusterWithSimulatedRpca2d4e021/s3/8246d0e7-9b68-432a-a463-4cd87b055e3a/sm
2024-10-31 03:23:52,153 TRACE util.FileUtils (LogUtils.java:supplyAndLog(69)) - Successfully supplied FileChannel.open /home/runner/work/ratis/ratis/ratis-examples/target/test/data/f203f927/MiniRaftClusterWithSimulatedRpca2d4e021/s3/8246d0e7-9b68-432a-a463-4cd87b055e3a/current/raft-meta.tmp with options [CREATE, WRITE]: sun.nio.ch.FileChannelImpl@6e723a
2024-10-31 03:23:52,154 TRACE util.FileUtils (LogUtils.java:runAndLog(49)) - Successfully ran Atomic Files.move /home/runner/work/ratis/ratis/ratis-examples/target/test/data/f203f927/MiniRaftClusterWithSimulatedRpca2d4e021/s3/8246d0e7-9b68-432a-a463-4cd87b055e3a/current/raft-meta.tmp to /home/runner/work/ratis/ratis/ratis-examples/target/test/data/f203f927/MiniRaftClusterWithSimulatedRpca2d4e021/s3/8246d0e7-9b68-432a-a463-4cd87b055e3a/current/raft-meta with options [REPLACE_EXISTING]
2024-10-31 03:23:52,154 INFO  storage.RaftStorage (RaftStorageImpl.java:format(98)) - Storage directory /home/runner/work/ratis/ratis/ratis-examples/target/test/data/f203f927/MiniRaftClusterWithSimulatedRpca2d4e021/s3/8246d0e7-9b68-432a-a463-4cd87b055e3a has been successfully formatted.
2024-10-31 03:23:52,155 WARN  statemachine.StateMachine (ArithmeticStateMachine.java:loadSnapshot(115)) - The snapshot info is null.
2024-10-31 03:23:52,155 INFO  server.RaftServerConfigKeys (ConfUtils.java:logGet(46)) - raft.server.log.use.memory = false (default)
2024-10-31 03:23:52,155 INFO  server.RaftServerConfigKeys (ConfUtils.java:logGet(46)) - raft.server.log.purge.gap = 1024 (default)
2024-10-31 03:23:52,155 INFO  server.RaftServerConfigKeys (ConfUtils.java:logGet(46)) - raft.server.log.appender.buffer.byte-limit = 4MB (=4194304) (default)
2024-10-31 03:23:52,155 INFO  server.RaftServerConfigKeys (ConfUtils.java:logGet(46)) - raft.server.log.statemachine.data.read.timeout = 1000ms (default)
2024-10-31 03:23:52,155 INFO  server.RaftServerConfigKeys (ConfUtils.java:logGet(46)) - raft.server.log.purge.preservation.log.num = 0 (default)
2024-10-31 03:23:52,155 INFO  server.RaftServerConfigKeys (ConfUtils.java:logGet(46)) - raft.server.log.segment.size.max = 32MB (=33554432) (default)
2024-10-31 03:23:52,155 INFO  server.RaftServerConfigKeys (ConfUtils.java:logGet(46)) - raft.server.log.segment.cache.num.max = 6 (default)
2024-10-31 03:23:52,155 INFO  server.RaftServerConfigKeys (ConfUtils.java:logGet(46)) - raft.server.log.segment.cache.size.max = 200MB (=209715200) (default)
2024-10-31 03:23:52,155 INFO  server.RaftServerConfigKeys (ConfUtils.java:logGet(46)) - raft.server.log.appender.buffer.byte-limit = 4MB (=4194304) (default)
2024-10-31 03:23:52,156 INFO  util.AwaitToRun (AwaitToRun.java:start(81)) - Thread[s3@group-4CD87B055E3A-cacheEviction-AwaitToRun,5,main] started
2024-10-31 03:23:52,156 INFO  segmented.SegmentedRaftLogWorker (SegmentedRaftLogWorker.java:<init>(189)) - new s3@group-4CD87B055E3A-SegmentedRaftLogWorker for RaftStorageImpl:Storage Directory /home/runner/work/ratis/ratis/ratis-examples/target/test/data/f203f927/MiniRaftClusterWithSimulatedRpca2d4e021/s3/8246d0e7-9b68-432a-a463-4cd87b055e3a
2024-10-31 03:23:52,156 INFO  server.RaftServerConfigKeys (ConfUtils.java:logGet(46)) - raft.server.log.queue.byte-limit = 64MB (=67108864) (default)
2024-10-31 03:23:52,156 INFO  server.RaftServerConfigKeys (ConfUtils.java:logGet(46)) - raft.server.log.queue.element-limit = 4096 (default)
2024-10-31 03:23:52,156 INFO  server.RaftServerConfigKeys (ConfUtils.java:logGet(46)) - raft.server.log.segment.size.max = 32MB (=33554432) (default)
2024-10-31 03:23:52,156 INFO  server.RaftServerConfigKeys (ConfUtils.java:logGet(46)) - raft.server.log.preallocated.size = 4MB (=4194304) (default)
2024-10-31 03:23:52,156 INFO  server.RaftServerConfigKeys (ConfUtils.java:logGet(46)) - raft.server.log.force.sync.num = 128 (default)
2024-10-31 03:23:52,156 INFO  server.RaftServerConfigKeys (ConfUtils.java:logGet(46)) - raft.server.log.statemachine.data.sync = true (default)
2024-10-31 03:23:52,156 INFO  server.RaftServerConfigKeys (ConfUtils.java:logGet(46)) - raft.server.log.statemachine.data.sync.timeout = 10s (default)
2024-10-31 03:23:52,156 INFO  server.RaftServerConfigKeys (ConfUtils.java:logGet(46)) - raft.server.log.statemachine.data.sync.timeout.retry = -1 (default)
2024-10-31 03:23:52,156 INFO  server.RaftServerConfigKeys (ConfUtils.java:logGet(46)) - raft.server.log.write.buffer.size = 8MB (=8388608) (default)
2024-10-31 03:23:52,158 INFO  server.RaftServerConfigKeys (ConfUtils.java:logGet(46)) - raft.server.log.appender.buffer.byte-limit = 4MB (=4194304) (default)
2024-10-31 03:23:52,158 INFO  server.RaftServerConfigKeys (ConfUtils.java:logGet(46)) - raft.server.log.unsafe-flush.enabled = false (default)
2024-10-31 03:23:52,158 INFO  server.RaftServerConfigKeys (ConfUtils.java:logGet(46)) - raft.server.log.async-flush.enabled = false (default)
2024-10-31 03:23:52,158 INFO  server.RaftServerConfigKeys (ConfUtils.java:logGet(46)) - raft.server.log.statemachine.data.caching.enabled = false (default)
2024-10-31 03:23:52,158 INFO  segmented.SegmentedRaftLogWorker (SegmentedRaftLogWorker.java:lambda$new$0(140)) - s3@group-4CD87B055E3A-SegmentedRaftLogWorker: flushIndex: setUnconditionally 0 -> -1
2024-10-31 03:23:52,159 INFO  segmented.SegmentedRaftLogWorker (SegmentedRaftLogWorker.java:lambda$new$0(140)) - s3@group-4CD87B055E3A-SegmentedRaftLogWorker: safeCacheEvictIndex: setUnconditionally 0 -> -1
2024-10-31 03:23:52,159 INFO  server.RaftServer$Division (RaftServerImpl.java:start(398)) - s3@group-4CD87B055E3A: start with initializing state, conf=conf: {index: -1, cur=peers:[]|listeners:[], old=null}
2024-10-31 03:23:52,159 INFO  server.RaftServer$Division (RaftServerImpl.java:setRole(379)) - s3@group-4CD87B055E3A: changes role from      null to FOLLOWER at term 0 for start
2024-10-31 03:23:52,159 INFO  util.JmxRegister (JmxRegister.java:tryRegister(44)) - Successfully registered JMX Bean with object name Ratis:service=RaftServer,group=group-4CD87B055E3A,id=s3
2024-10-31 03:23:52,159 INFO  util.JmxRegister (JmxRegister.java:register(58)) - register mxBean class org.apache.ratis.server.impl.RaftServerJmxAdapter as Ratis:service=RaftServer,group=group-4CD87B055E3A,id=s3
2024-10-31 03:23:52,159 INFO  server.RaftServerConfigKeys (ConfUtils.java:logGet(46)) - raft.server.snapshot.trigger-when-stop.enabled = true (default)
2024-10-31 03:23:52,159 INFO  server.RaftServerConfigKeys (ConfUtils.java:logGet(46)) - raft.server.snapshot.trigger-when-remove.enabled = true (default)
2024-10-31 03:23:52,159 INFO  server.RaftServerConfigKeys (ConfUtils.java:logGet(46)) - raft.server.snapshot.auto.trigger.enabled = false (default)
2024-10-31 03:23:52,159 INFO  server.RaftServerConfigKeys (ConfUtils.java:logGet(46)) - raft.server.snapshot.retention.file.num = -1 (default)
2024-10-31 03:23:52,159 INFO  server.RaftServerConfigKeys (ConfUtils.java:logGet(46)) - raft.server.log.purge.upto.snapshot.index = false (default)
2024-10-31 03:23:52,160 INFO  server.RaftServer$Division (RaftServerImpl.java:start(406)) - s3@group-4CD87B055E3A: Successfully started.
2024-10-31 03:23:52,160 INFO  server.RaftServer (RaftServerProxy.java:addNew(101)) - s14: addNew group-4CD87B055E3A:[] returns group-4CD87B055E3A:java.util.concurrent.CompletableFuture@348f74f2[Not completed]
2024-10-31 03:23:52,160 INFO  server.RaftServer$Division (RaftServerImpl.java:<init>(256)) - s14: new RaftServerImpl for group-4CD87B055E3A:[] with ArithmeticStateMachine:uninitialized
2024-10-31 03:23:52,160 INFO  server.RaftServerConfigKeys (ConfUtils.java:logGet(46)) - raft.server.rpc.timeout.min = 300ms (custom)
2024-10-31 03:23:52,160 INFO  server.RaftServerConfigKeys (ConfUtils.java:logGet(46)) - raft.server.rpc.timeout.max = 600ms (custom)
2024-10-31 03:23:52,160 INFO  server.RaftServerConfigKeys (ConfUtils.java:logGet(46)) - raft.server.rpc.sleep.time = 25ms (default)
2024-10-31 03:23:52,160 INFO  server.RaftServerConfigKeys (ConfUtils.java:logGet(46)) - raft.server.rpc.slowness.timeout = 60s (default)
2024-10-31 03:23:52,160 INFO  server.RaftServerConfigKeys (ConfUtils.java:logGet(46)) - raft.server.leaderelection.leader.step-down.wait-time = 10s (default)
2024-10-31 03:23:52,160 INFO  server.RaftServerConfigKeys (ConfUtils.java:logGet(46)) - raft.server.leaderelection.member.majority-add = false (default)
2024-10-31 03:23:52,160 INFO  server.RaftServerConfigKeys (ConfUtils.java:logGet(46)) - raft.server.sleep.deviation.threshold = 300ms (default)
2024-10-31 03:23:52,161 INFO  server.RaftServer$Division (ServerState.java:<init>(114)) - s14@group-4CD87B055E3A: ConfigurationManager, init=conf: {index: -1, cur=peers:[]|listeners:[], old=null}, confs=<EMPTY_MAP>
2024-10-31 03:23:52,161 INFO  server.RaftServerConfigKeys (ConfUtils.java:logGet(46)) - raft.server.notification.no-leader.timeout = 60s (default)
2024-10-31 03:23:52,161 INFO  server.RaftServerConfigKeys (ConfUtils.java:logGet(46)) - raft.server.read.timeout = 10s (default)
2024-10-31 03:23:52,161 INFO  server.RaftServerConfigKeys (ConfUtils.java:logGet(46)) - raft.server.retrycache.expirytime = 60s (default)
2024-10-31 03:23:52,161 INFO  server.RaftServerConfigKeys (ConfUtils.java:logGet(46)) - raft.server.retrycache.statistics.expirytime = 100ms (default)
2024-10-31 03:23:52,161 INFO  server.RaftServerConfigKeys (ConfUtils.java:logGet(46)) - raft.server.read.option = DEFAULT (default)
2024-10-31 03:23:52,161 INFO  server.RaftServerConfigKeys (ConfUtils.java:logGet(46)) - raft.server.read.read-after-write-consistent.write-index-cache.expiry-time = 60s (default)
2024-10-31 03:23:52,162 INFO  server.RaftServerConfigKeys (ConfUtils.java:logGet(46)) - raft.server.rpc.request.timeout = 3000ms (default)
2024-10-31 03:23:52,162 INFO  server.RaftServerConfigKeys (ConfUtils.java:logGet(46)) - raft.server.log.appender.install.snapshot.enabled = true (default)
2024-10-31 03:23:52,162 INFO  server.RaftServerConfigKeys (ConfUtils.java:logGet(46)) - raft.server.threadpool.server.cached = true (default)
2024-10-31 03:23:52,162 INFO  server.RaftServerConfigKeys (ConfUtils.java:logGet(46)) - raft.server.threadpool.server.size = 0 (default)
2024-10-31 03:23:52,162 INFO  server.RaftServerConfigKeys (ConfUtils.java:logGet(46)) - raft.server.threadpool.client.cached = true (default)
2024-10-31 03:23:52,162 INFO  server.RaftServerConfigKeys (ConfUtils.java:logGet(46)) - raft.server.threadpool.client.size = 0 (default)
2024-10-31 03:23:52,162 INFO  server.RaftServerConfigKeys (ConfUtils.java:logGet(46)) - raft.server.storage.free-space.min = 0MB (=0) (default)
2024-10-31 03:23:52,162 INFO  server.RaftServerConfigKeys (ConfUtils.java:logGet(46)) - raft.server.log.corruption.policy = EXCEPTION (default)
2024-10-31 03:23:52,162 INFO  server.RaftServerConfigKeys (ConfUtils.java:logGet(46)) - raft.server.storage.dir = [/home/runner/work/ratis/ratis/ratis-examples/target/test/data/f203f927/MiniRaftClusterWithSimulatedRpca2d4e021/s14] (custom)
2024-10-31 03:23:52,162 INFO  storage.RaftStorageDirectory (RaftStorageDirectoryImpl.java:analyzeStorage(138)) - The storage directory /home/runner/work/ratis/ratis/ratis-examples/target/test/data/f203f927/MiniRaftClusterWithSimulatedRpca2d4e021/s14/8246d0e7-9b68-432a-a463-4cd87b055e3a does not exist. Creating ...
2024-10-31 03:23:52,162 TRACE util.FileUtils (LogUtils.java:runAndLog(49)) - Successfully ran Files.createDirectories /home/runner/work/ratis/ratis/ratis-examples/target/test/data/f203f927/MiniRaftClusterWithSimulatedRpca2d4e021/s14/8246d0e7-9b68-432a-a463-4cd87b055e3a
2024-10-31 03:23:52,164 INFO  storage.RaftStorageDirectory (RaftStorageDirectoryImpl.java:tryLock(229)) - Lock on /home/runner/work/ratis/ratis/ratis-examples/target/test/data/f203f927/MiniRaftClusterWithSimulatedRpca2d4e021/s14/8246d0e7-9b68-432a-a463-4cd87b055e3a/in_use.lock acquired by nodename 14975@fv-az1757-779
2024-10-31 03:23:52,164 TRACE util.FileUtils (LogUtils.java:runAndLog(49)) - Successfully ran Files.createDirectories /home/runner/work/ratis/ratis/ratis-examples/target/test/data/f203f927/MiniRaftClusterWithSimulatedRpca2d4e021/s14/8246d0e7-9b68-432a-a463-4cd87b055e3a/current
2024-10-31 03:23:52,164 TRACE util.FileUtils (LogUtils.java:runAndLog(49)) - Successfully ran Files.createDirectories /home/runner/work/ratis/ratis/ratis-examples/target/test/data/f203f927/MiniRaftClusterWithSimulatedRpca2d4e021/s14/8246d0e7-9b68-432a-a463-4cd87b055e3a/sm
2024-10-31 03:23:52,164 TRACE util.FileUtils (LogUtils.java:supplyAndLog(69)) - Successfully supplied FileChannel.open /home/runner/work/ratis/ratis/ratis-examples/target/test/data/f203f927/MiniRaftClusterWithSimulatedRpca2d4e021/s14/8246d0e7-9b68-432a-a463-4cd87b055e3a/current/raft-meta.tmp with options [CREATE, WRITE]: sun.nio.ch.FileChannelImpl@77bcc1ea
2024-10-31 03:23:52,165 TRACE util.FileUtils (LogUtils.java:runAndLog(49)) - Successfully ran Atomic Files.move /home/runner/work/ratis/ratis/ratis-examples/target/test/data/f203f927/MiniRaftClusterWithSimulatedRpca2d4e021/s14/8246d0e7-9b68-432a-a463-4cd87b055e3a/current/raft-meta.tmp to /home/runner/work/ratis/ratis/ratis-examples/target/test/data/f203f927/MiniRaftClusterWithSimulatedRpca2d4e021/s14/8246d0e7-9b68-432a-a463-4cd87b055e3a/current/raft-meta with options [REPLACE_EXISTING]
2024-10-31 03:23:52,165 INFO  storage.RaftStorage (RaftStorageImpl.java:format(98)) - Storage directory /home/runner/work/ratis/ratis/ratis-examples/target/test/data/f203f927/MiniRaftClusterWithSimulatedRpca2d4e021/s14/8246d0e7-9b68-432a-a463-4cd87b055e3a has been successfully formatted.
2024-10-31 03:23:52,165 WARN  statemachine.StateMachine (ArithmeticStateMachine.java:loadSnapshot(115)) - The snapshot info is null.
2024-10-31 03:23:52,166 INFO  server.RaftServerConfigKeys (ConfUtils.java:logGet(46)) - raft.server.log.use.memory = false (default)
2024-10-31 03:23:52,166 INFO  server.RaftServerConfigKeys (ConfUtils.java:logGet(46)) - raft.server.log.purge.gap = 1024 (default)
2024-10-31 03:23:52,166 INFO  server.RaftServerConfigKeys (ConfUtils.java:logGet(46)) - raft.server.log.appender.buffer.byte-limit = 4MB (=4194304) (default)
2024-10-31 03:23:52,166 INFO  server.RaftServerConfigKeys (ConfUtils.java:logGet(46)) - raft.server.log.statemachine.data.read.timeout = 1000ms (default)
2024-10-31 03:23:52,166 INFO  server.RaftServerConfigKeys (ConfUtils.java:logGet(46)) - raft.server.log.purge.preservation.log.num = 0 (default)
2024-10-31 03:23:52,166 INFO  server.RaftServerConfigKeys (ConfUtils.java:logGet(46)) - raft.server.log.segment.size.max = 32MB (=33554432) (default)
2024-10-31 03:23:52,166 INFO  server.RaftServerConfigKeys (ConfUtils.java:logGet(46)) - raft.server.log.segment.cache.num.max = 6 (default)
2024-10-31 03:23:52,166 INFO  server.RaftServerConfigKeys (ConfUtils.java:logGet(46)) - raft.server.log.segment.cache.size.max = 200MB (=209715200) (default)
2024-10-31 03:23:52,166 INFO  server.RaftServerConfigKeys (ConfUtils.java:logGet(46)) - raft.server.log.appender.buffer.byte-limit = 4MB (=4194304) (default)
2024-10-31 03:23:52,166 INFO  util.AwaitToRun (AwaitToRun.java:start(81)) - Thread[s14@group-4CD87B055E3A-cacheEviction-AwaitToRun,5,main] started
2024-10-31 03:23:52,167 INFO  segmented.SegmentedRaftLogWorker (SegmentedRaftLogWorker.java:<init>(189)) - new s14@group-4CD87B055E3A-SegmentedRaftLogWorker for RaftStorageImpl:Storage Directory /home/runner/work/ratis/ratis/ratis-examples/target/test/data/f203f927/MiniRaftClusterWithSimulatedRpca2d4e021/s14/8246d0e7-9b68-432a-a463-4cd87b055e3a
2024-10-31 03:23:52,167 INFO  server.RaftServerConfigKeys (ConfUtils.java:logGet(46)) - raft.server.log.queue.byte-limit = 64MB (=67108864) (default)
2024-10-31 03:23:52,167 INFO  server.RaftServerConfigKeys (ConfUtils.java:logGet(46)) - raft.server.log.queue.element-limit = 4096 (default)
2024-10-31 03:23:52,167 INFO  server.RaftServerConfigKeys (ConfUtils.java:logGet(46)) - raft.server.log.segment.size.max = 32MB (=33554432) (default)
2024-10-31 03:23:52,167 INFO  server.RaftServerConfigKeys (ConfUtils.java:logGet(46)) - raft.server.log.preallocated.size = 4MB (=4194304) (default)
2024-10-31 03:23:52,167 INFO  server.RaftServerConfigKeys (ConfUtils.java:logGet(46)) - raft.server.log.force.sync.num = 128 (default)
2024-10-31 03:23:52,167 INFO  server.RaftServerConfigKeys (ConfUtils.java:logGet(46)) - raft.server.log.statemachine.data.sync = true (default)
2024-10-31 03:23:52,167 INFO  server.RaftServerConfigKeys (ConfUtils.java:logGet(46)) - raft.server.log.statemachine.data.sync.timeout = 10s (default)
2024-10-31 03:23:52,167 INFO  server.RaftServerConfigKeys (ConfUtils.java:logGet(46)) - raft.server.log.statemachine.data.sync.timeout.retry = -1 (default)
2024-10-31 03:23:52,167 INFO  server.RaftServerConfigKeys (ConfUtils.java:logGet(46)) - raft.server.log.write.buffer.size = 8MB (=8388608) (default)
2024-10-31 03:23:52,169 INFO  server.RaftServerConfigKeys (ConfUtils.java:logGet(46)) - raft.server.log.appender.buffer.byte-limit = 4MB (=4194304) (default)
2024-10-31 03:23:52,169 INFO  server.RaftServerConfigKeys (ConfUtils.java:logGet(46)) - raft.server.log.unsafe-flush.enabled = false (default)
2024-10-31 03:23:52,169 INFO  server.RaftServerConfigKeys (ConfUtils.java:logGet(46)) - raft.server.log.async-flush.enabled = false (default)
2024-10-31 03:23:52,169 INFO  server.RaftServerConfigKeys (ConfUtils.java:logGet(46)) - raft.server.log.statemachine.data.caching.enabled = false (default)
2024-10-31 03:23:52,169 INFO  segmented.SegmentedRaftLogWorker (SegmentedRaftLogWorker.java:lambda$new$0(140)) - s14@group-4CD87B055E3A-SegmentedRaftLogWorker: flushIndex: setUnconditionally 0 -> -1
2024-10-31 03:23:52,169 INFO  segmented.SegmentedRaftLogWorker (SegmentedRaftLogWorker.java:lambda$new$0(140)) - s14@group-4CD87B055E3A-SegmentedRaftLogWorker: safeCacheEvictIndex: setUnconditionally 0 -> -1
2024-10-31 03:23:52,170 INFO  server.RaftServer$Division (RaftServerImpl.java:start(398)) - s14@group-4CD87B055E3A: start with initializing state, conf=conf: {index: -1, cur=peers:[]|listeners:[], old=null}
2024-10-31 03:23:52,170 INFO  server.RaftServer$Division (RaftServerImpl.java:setRole(379)) - s14@group-4CD87B055E3A: changes role from      null to FOLLOWER at term 0 for start
2024-10-31 03:23:52,172 INFO  util.JmxRegister (JmxRegister.java:tryRegister(44)) - Successfully registered JMX Bean with object name Ratis:service=RaftServer,group=group-4CD87B055E3A,id=s14
2024-10-31 03:23:52,172 INFO  util.JmxRegister (JmxRegister.java:register(58)) - register mxBean class org.apache.ratis.server.impl.RaftServerJmxAdapter as Ratis:service=RaftServer,group=group-4CD87B055E3A,id=s14
2024-10-31 03:23:52,172 INFO  server.RaftServerConfigKeys (ConfUtils.java:logGet(46)) - raft.server.snapshot.trigger-when-stop.enabled = true (default)
2024-10-31 03:23:52,172 INFO  server.RaftServerConfigKeys (ConfUtils.java:logGet(46)) - raft.server.snapshot.trigger-when-remove.enabled = true (default)
2024-10-31 03:23:52,172 INFO  server.RaftServerConfigKeys (ConfUtils.java:logGet(46)) - raft.server.snapshot.auto.trigger.enabled = false (default)
2024-10-31 03:23:52,172 INFO  server.RaftServerConfigKeys (ConfUtils.java:logGet(46)) - raft.server.snapshot.retention.file.num = -1 (default)
2024-10-31 03:23:52,172 INFO  server.RaftServerConfigKeys (ConfUtils.java:logGet(46)) - raft.server.log.purge.upto.snapshot.index = false (default)
2024-10-31 03:23:52,172 INFO  server.RaftServer$Division (RaftServerImpl.java:start(406)) - s14@group-4CD87B055E3A: Successfully started.
2024-10-31 03:23:52,173 INFO  server.RaftServer (RaftServerProxy.java:addNew(101)) - s2: addNew group-4CD87B055E3A:[] returns group-4CD87B055E3A:java.util.concurrent.CompletableFuture@720a0123[Not completed]
2024-10-31 03:23:52,173 INFO  server.RaftServer$Division (RaftServerImpl.java:<init>(256)) - s2: new RaftServerImpl for group-4CD87B055E3A:[] with ArithmeticStateMachine:uninitialized
2024-10-31 03:23:52,173 INFO  server.RaftServerConfigKeys (ConfUtils.java:logGet(46)) - raft.server.rpc.timeout.min = 300ms (custom)
2024-10-31 03:23:52,173 INFO  server.RaftServerConfigKeys (ConfUtils.java:logGet(46)) - raft.server.rpc.timeout.max = 600ms (custom)
2024-10-31 03:23:52,173 INFO  server.RaftServerConfigKeys (ConfUtils.java:logGet(46)) - raft.server.rpc.sleep.time = 25ms (default)
2024-10-31 03:23:52,173 INFO  server.RaftServerConfigKeys (ConfUtils.java:logGet(46)) - raft.server.rpc.slowness.timeout = 60s (default)
2024-10-31 03:23:52,173 INFO  server.RaftServerConfigKeys (ConfUtils.java:logGet(46)) - raft.server.leaderelection.leader.step-down.wait-time = 10s (default)
2024-10-31 03:23:52,173 INFO  server.RaftServerConfigKeys (ConfUtils.java:logGet(46)) - raft.server.leaderelection.member.majority-add = false (default)
2024-10-31 03:23:52,173 INFO  server.RaftServerConfigKeys (ConfUtils.java:logGet(46)) - raft.server.sleep.deviation.threshold = 300ms (default)
2024-10-31 03:23:52,173 INFO  server.RaftServer$Division (ServerState.java:<init>(114)) - s2@group-4CD87B055E3A: ConfigurationManager, init=conf: {index: -1, cur=peers:[]|listeners:[], old=null}, confs=<EMPTY_MAP>
2024-10-31 03:23:52,174 INFO  server.RaftServerConfigKeys (ConfUtils.java:logGet(46)) - raft.server.notification.no-leader.timeout = 60s (default)
2024-10-31 03:23:52,174 INFO  server.RaftServerConfigKeys (ConfUtils.java:logGet(46)) - raft.server.read.timeout = 10s (default)
2024-10-31 03:23:52,174 INFO  server.RaftServerConfigKeys (ConfUtils.java:logGet(46)) - raft.server.retrycache.expirytime = 60s (default)
2024-10-31 03:23:52,174 INFO  server.RaftServerConfigKeys (ConfUtils.java:logGet(46)) - raft.server.retrycache.statistics.expirytime = 100ms (default)
2024-10-31 03:23:52,174 INFO  server.RaftServerConfigKeys (ConfUtils.java:logGet(46)) - raft.server.read.option = DEFAULT (default)
2024-10-31 03:23:52,174 INFO  server.RaftServerConfigKeys (ConfUtils.java:logGet(46)) - raft.server.read.read-after-write-consistent.write-index-cache.expiry-time = 60s (default)
2024-10-31 03:23:52,174 INFO  server.RaftServerConfigKeys (ConfUtils.java:logGet(46)) - raft.server.rpc.request.timeout = 3000ms (default)
2024-10-31 03:23:52,174 INFO  server.RaftServerConfigKeys (ConfUtils.java:logGet(46)) - raft.server.log.appender.install.snapshot.enabled = true (default)
2024-10-31 03:23:52,174 INFO  server.RaftServerConfigKeys (ConfUtils.java:logGet(46)) - raft.server.threadpool.server.cached = true (default)
2024-10-31 03:23:52,174 INFO  server.RaftServerConfigKeys (ConfUtils.java:logGet(46)) - raft.server.threadpool.server.size = 0 (default)
2024-10-31 03:23:52,174 INFO  server.RaftServerConfigKeys (ConfUtils.java:logGet(46)) - raft.server.threadpool.client.cached = true (default)
2024-10-31 03:23:52,175 INFO  server.RaftServerConfigKeys (ConfUtils.java:logGet(46)) - raft.server.threadpool.client.size = 0 (default)
2024-10-31 03:23:52,175 INFO  server.RaftServerConfigKeys (ConfUtils.java:logGet(46)) - raft.server.storage.free-space.min = 0MB (=0) (default)
2024-10-31 03:23:52,175 INFO  server.RaftServerConfigKeys (ConfUtils.java:logGet(46)) - raft.server.log.corruption.policy = EXCEPTION (default)
2024-10-31 03:23:52,175 INFO  server.RaftServerConfigKeys (ConfUtils.java:logGet(46)) - raft.server.storage.dir = [/home/runner/work/ratis/ratis/ratis-examples/target/test/data/f203f927/MiniRaftClusterWithSimulatedRpca2d4e021/s2] (custom)
2024-10-31 03:23:52,175 INFO  storage.RaftStorageDirectory (RaftStorageDirectoryImpl.java:analyzeStorage(138)) - The storage directory /home/runner/work/ratis/ratis/ratis-examples/target/test/data/f203f927/MiniRaftClusterWithSimulatedRpca2d4e021/s2/8246d0e7-9b68-432a-a463-4cd87b055e3a does not exist. Creating ...
2024-10-31 03:23:52,175 TRACE util.FileUtils (LogUtils.java:runAndLog(49)) - Successfully ran Files.createDirectories /home/runner/work/ratis/ratis/ratis-examples/target/test/data/f203f927/MiniRaftClusterWithSimulatedRpca2d4e021/s2/8246d0e7-9b68-432a-a463-4cd87b055e3a
2024-10-31 03:23:52,176 INFO  storage.RaftStorageDirectory (RaftStorageDirectoryImpl.java:tryLock(229)) - Lock on /home/runner/work/ratis/ratis/ratis-examples/target/test/data/f203f927/MiniRaftClusterWithSimulatedRpca2d4e021/s2/8246d0e7-9b68-432a-a463-4cd87b055e3a/in_use.lock acquired by nodename 14975@fv-az1757-779
2024-10-31 03:23:52,176 TRACE util.FileUtils (LogUtils.java:runAndLog(49)) - Successfully ran Files.createDirectories /home/runner/work/ratis/ratis/ratis-examples/target/test/data/f203f927/MiniRaftClusterWithSimulatedRpca2d4e021/s2/8246d0e7-9b68-432a-a463-4cd87b055e3a/current
2024-10-31 03:23:52,176 TRACE util.FileUtils (LogUtils.java:runAndLog(49)) - Successfully ran Files.createDirectories /home/runner/work/ratis/ratis/ratis-examples/target/test/data/f203f927/MiniRaftClusterWithSimulatedRpca2d4e021/s2/8246d0e7-9b68-432a-a463-4cd87b055e3a/sm
2024-10-31 03:23:52,176 TRACE util.FileUtils (LogUtils.java:supplyAndLog(69)) - Successfully supplied FileChannel.open /home/runner/work/ratis/ratis/ratis-examples/target/test/data/f203f927/MiniRaftClusterWithSimulatedRpca2d4e021/s2/8246d0e7-9b68-432a-a463-4cd87b055e3a/current/raft-meta.tmp with options [CREATE, WRITE]: sun.nio.ch.FileChannelImpl@730a544b
2024-10-31 03:23:52,177 TRACE util.FileUtils (LogUtils.java:runAndLog(49)) - Successfully ran Atomic Files.move /home/runner/work/ratis/ratis/ratis-examples/target/test/data/f203f927/MiniRaftClusterWithSimulatedRpca2d4e021/s2/8246d0e7-9b68-432a-a463-4cd87b055e3a/current/raft-meta.tmp to /home/runner/work/ratis/ratis/ratis-examples/target/test/data/f203f927/MiniRaftClusterWithSimulatedRpca2d4e021/s2/8246d0e7-9b68-432a-a463-4cd87b055e3a/current/raft-meta with options [REPLACE_EXISTING]
2024-10-31 03:23:52,177 INFO  storage.RaftStorage (RaftStorageImpl.java:format(98)) - Storage directory /home/runner/work/ratis/ratis/ratis-examples/target/test/data/f203f927/MiniRaftClusterWithSimulatedRpca2d4e021/s2/8246d0e7-9b68-432a-a463-4cd87b055e3a has been successfully formatted.
2024-10-31 03:23:52,177 WARN  statemachine.StateMachine (ArithmeticStateMachine.java:loadSnapshot(115)) - The snapshot info is null.
2024-10-31 03:23:52,178 INFO  server.RaftServerConfigKeys (ConfUtils.java:logGet(46)) - raft.server.log.use.memory = false (default)
2024-10-31 03:23:52,178 INFO  server.RaftServerConfigKeys (ConfUtils.java:logGet(46)) - raft.server.log.purge.gap = 1024 (default)
2024-10-31 03:23:52,178 INFO  server.RaftServerConfigKeys (ConfUtils.java:logGet(46)) - raft.server.log.appender.buffer.byte-limit = 4MB (=4194304) (default)
2024-10-31 03:23:52,178 INFO  server.RaftServerConfigKeys (ConfUtils.java:logGet(46)) - raft.server.log.statemachine.data.read.timeout = 1000ms (default)
2024-10-31 03:23:52,178 INFO  server.RaftServerConfigKeys (ConfUtils.java:logGet(46)) - raft.server.log.purge.preservation.log.num = 0 (default)
2024-10-31 03:23:52,178 INFO  server.RaftServerConfigKeys (ConfUtils.java:logGet(46)) - raft.server.log.segment.size.max = 32MB (=33554432) (default)
2024-10-31 03:23:52,178 INFO  server.RaftServerConfigKeys (ConfUtils.java:logGet(46)) - raft.server.log.segment.cache.num.max = 6 (default)
2024-10-31 03:23:52,178 INFO  server.RaftServerConfigKeys (ConfUtils.java:logGet(46)) - raft.server.log.segment.cache.size.max = 200MB (=209715200) (default)
2024-10-31 03:23:52,178 INFO  server.RaftServerConfigKeys (ConfUtils.java:logGet(46)) - raft.server.log.appender.buffer.byte-limit = 4MB (=4194304) (default)
2024-10-31 03:23:52,178 INFO  util.AwaitToRun (AwaitToRun.java:start(81)) - Thread[s2@group-4CD87B055E3A-cacheEviction-AwaitToRun,5,main] started
2024-10-31 03:23:52,179 INFO  segmented.SegmentedRaftLogWorker (SegmentedRaftLogWorker.java:<init>(189)) - new s2@group-4CD87B055E3A-SegmentedRaftLogWorker for RaftStorageImpl:Storage Directory /home/runner/work/ratis/ratis/ratis-examples/target/test/data/f203f927/MiniRaftClusterWithSimulatedRpca2d4e021/s2/8246d0e7-9b68-432a-a463-4cd87b055e3a
2024-10-31 03:23:52,179 INFO  server.RaftServerConfigKeys (ConfUtils.java:logGet(46)) - raft.server.log.queue.byte-limit = 64MB (=67108864) (default)
2024-10-31 03:23:52,179 INFO  server.RaftServerConfigKeys (ConfUtils.java:logGet(46)) - raft.server.log.queue.element-limit = 4096 (default)
2024-10-31 03:23:52,179 INFO  server.RaftServerConfigKeys (ConfUtils.java:logGet(46)) - raft.server.log.segment.size.max = 32MB (=33554432) (default)
2024-10-31 03:23:52,179 INFO  server.RaftServerConfigKeys (ConfUtils.java:logGet(46)) - raft.server.log.preallocated.size = 4MB (=4194304) (default)
2024-10-31 03:23:52,179 INFO  server.RaftServerConfigKeys (ConfUtils.java:logGet(46)) - raft.server.log.force.sync.num = 128 (default)
2024-10-31 03:23:52,179 INFO  server.RaftServerConfigKeys (ConfUtils.java:logGet(46)) - raft.server.log.statemachine.data.sync = true (default)
2024-10-31 03:23:52,179 INFO  server.RaftServerConfigKeys (ConfUtils.java:logGet(46)) - raft.server.log.statemachine.data.sync.timeout = 10s (default)
2024-10-31 03:23:52,179 INFO  server.RaftServerConfigKeys (ConfUtils.java:logGet(46)) - raft.server.log.statemachine.data.sync.timeout.retry = -1 (default)
2024-10-31 03:23:52,179 INFO  server.RaftServerConfigKeys (ConfUtils.java:logGet(46)) - raft.server.log.write.buffer.size = 8MB (=8388608) (default)
2024-10-31 03:23:52,181 INFO  server.RaftServerConfigKeys (ConfUtils.java:logGet(46)) - raft.server.log.appender.buffer.byte-limit = 4MB (=4194304) (default)
2024-10-31 03:23:52,182 INFO  server.RaftServerConfigKeys (ConfUtils.java:logGet(46)) - raft.server.log.unsafe-flush.enabled = false (default)
2024-10-31 03:23:52,182 INFO  server.RaftServerConfigKeys (ConfUtils.java:logGet(46)) - raft.server.log.async-flush.enabled = false (default)
2024-10-31 03:23:52,182 INFO  server.RaftServerConfigKeys (ConfUtils.java:logGet(46)) - raft.server.log.statemachine.data.caching.enabled = false (default)
2024-10-31 03:23:52,182 INFO  segmented.SegmentedRaftLogWorker (SegmentedRaftLogWorker.java:lambda$new$0(140)) - s2@group-4CD87B055E3A-SegmentedRaftLogWorker: flushIndex: setUnconditionally 0 -> -1
2024-10-31 03:23:52,182 INFO  segmented.SegmentedRaftLogWorker (SegmentedRaftLogWorker.java:lambda$new$0(140)) - s2@group-4CD87B055E3A-SegmentedRaftLogWorker: safeCacheEvictIndex: setUnconditionally 0 -> -1
2024-10-31 03:23:52,182 INFO  server.RaftServer$Division (RaftServerImpl.java:start(398)) - s2@group-4CD87B055E3A: start with initializing state, conf=conf: {index: -1, cur=peers:[]|listeners:[], old=null}
2024-10-31 03:23:52,182 INFO  server.RaftServer$Division (RaftServerImpl.java:setRole(379)) - s2@group-4CD87B055E3A: changes role from      null to FOLLOWER at term 0 for start
2024-10-31 03:23:52,182 INFO  util.JmxRegister (JmxRegister.java:tryRegister(44)) - Successfully registered JMX Bean with object name Ratis:service=RaftServer,group=group-4CD87B055E3A,id=s2
2024-10-31 03:23:52,183 INFO  util.JmxRegister (JmxRegister.java:register(58)) - register mxBean class org.apache.ratis.server.impl.RaftServerJmxAdapter as Ratis:service=RaftServer,group=group-4CD87B055E3A,id=s2
2024-10-31 03:23:52,183 INFO  server.RaftServerConfigKeys (ConfUtils.java:logGet(46)) - raft.server.snapshot.trigger-when-stop.enabled = true (default)
2024-10-31 03:23:52,183 INFO  server.RaftServerConfigKeys (ConfUtils.java:logGet(46)) - raft.server.snapshot.trigger-when-remove.enabled = true (default)
2024-10-31 03:23:52,183 INFO  server.RaftServerConfigKeys (ConfUtils.java:logGet(46)) - raft.server.snapshot.auto.trigger.enabled = false (default)
2024-10-31 03:23:52,183 INFO  server.RaftServerConfigKeys (ConfUtils.java:logGet(46)) - raft.server.snapshot.retention.file.num = -1 (default)
2024-10-31 03:23:52,183 INFO  server.RaftServerConfigKeys (ConfUtils.java:logGet(46)) - raft.server.log.purge.upto.snapshot.index = false (default)
2024-10-31 03:23:52,183 INFO  server.RaftServer$Division (RaftServerImpl.java:start(406)) - s2@group-4CD87B055E3A: Successfully started.
2024-10-31 03:23:52,183 INFO  impl.GroupManagementBaseTest (GroupManagementBaseTest.java:runMultiGroupTest(322)) - 3) groupAdd: printing group-967C893AA8BD
2024-10-31 03:23:52,184 INFO  server.RaftServer (RaftServerProxy.java:addNew(101)) - s4: addNew group-4CD87B055E3A:[] returns group-4CD87B055E3A:java.util.concurrent.CompletableFuture@1b9b6318[Not completed]
2024-10-31 03:23:52,184 INFO  server.RaftServer$Division (RaftServerImpl.java:<init>(256)) - s4: new RaftServerImpl for group-4CD87B055E3A:[] with ArithmeticStateMachine:uninitialized
2024-10-31 03:23:52,184 INFO  server.RaftServerConfigKeys (ConfUtils.java:logGet(46)) - raft.server.rpc.timeout.min = 300ms (custom)
2024-10-31 03:23:52,184 INFO  server.RaftServerConfigKeys (ConfUtils.java:logGet(46)) - raft.server.rpc.timeout.max = 600ms (custom)
2024-10-31 03:23:52,184 INFO  server.RaftServerConfigKeys (ConfUtils.java:logGet(46)) - raft.server.rpc.sleep.time = 25ms (default)
2024-10-31 03:23:52,184 INFO  server.RaftServerConfigKeys (ConfUtils.java:logGet(46)) - raft.server.rpc.slowness.timeout = 60s (default)
2024-10-31 03:23:52,184 INFO  server.RaftServerConfigKeys (ConfUtils.java:logGet(46)) - raft.server.leaderelection.leader.step-down.wait-time = 10s (default)
2024-10-31 03:23:52,184 INFO  server.RaftServerConfigKeys (ConfUtils.java:logGet(46)) - raft.server.leaderelection.member.majority-add = false (default)
2024-10-31 03:23:52,184 INFO  server.RaftServerConfigKeys (ConfUtils.java:logGet(46)) - raft.server.sleep.deviation.threshold = 300ms (default)
2024-10-31 03:23:52,185 INFO  server.RaftServer$Division (ServerState.java:<init>(114)) - s4@group-4CD87B055E3A: ConfigurationManager, init=conf: {index: -1, cur=peers:[]|listeners:[], old=null}, confs=<EMPTY_MAP>
2024-10-31 03:23:52,185 INFO  server.RaftServerConfigKeys (ConfUtils.java:logGet(46)) - raft.server.notification.no-leader.timeout = 60s (default)
2024-10-31 03:23:52,185 INFO  server.RaftServerConfigKeys (ConfUtils.java:logGet(46)) - raft.server.read.timeout = 10s (default)
2024-10-31 03:23:52,185 INFO  server.RaftServerConfigKeys (ConfUtils.java:logGet(46)) - raft.server.retrycache.expirytime = 60s (default)
2024-10-31 03:23:52,185 INFO  server.RaftServerConfigKeys (ConfUtils.java:logGet(46)) - raft.server.retrycache.statistics.expirytime = 100ms (default)
2024-10-31 03:23:52,185 INFO  server.RaftServerConfigKeys (ConfUtils.java:logGet(46)) - raft.server.read.option = DEFAULT (default)
2024-10-31 03:23:52,185 INFO  server.RaftServerConfigKeys (ConfUtils.java:logGet(46)) - raft.server.read.read-after-write-consistent.write-index-cache.expiry-time = 60s (default)
2024-10-31 03:23:52,186 INFO  server.RaftServerConfigKeys (ConfUtils.java:logGet(46)) - raft.server.rpc.request.timeout = 3000ms (default)
2024-10-31 03:23:52,186 INFO  server.RaftServerConfigKeys (ConfUtils.java:logGet(46)) - raft.server.log.appender.install.snapshot.enabled = true (default)
2024-10-31 03:23:52,186 INFO  server.RaftServerConfigKeys (ConfUtils.java:logGet(46)) - raft.server.threadpool.server.cached = true (default)
2024-10-31 03:23:52,186 INFO  server.RaftServerConfigKeys (ConfUtils.java:logGet(46)) - raft.server.threadpool.server.size = 0 (default)
2024-10-31 03:23:52,186 INFO  server.RaftServerConfigKeys (ConfUtils.java:logGet(46)) - raft.server.threadpool.client.cached = true (default)
2024-10-31 03:23:52,186 INFO  server.RaftServerConfigKeys (ConfUtils.java:logGet(46)) - raft.server.threadpool.client.size = 0 (default)
2024-10-31 03:23:52,186 INFO  server.RaftServerConfigKeys (ConfUtils.java:logGet(46)) - raft.server.storage.free-space.min = 0MB (=0) (default)
2024-10-31 03:23:52,186 INFO  server.RaftServerConfigKeys (ConfUtils.java:logGet(46)) - raft.server.log.corruption.policy = EXCEPTION (default)
2024-10-31 03:23:52,186 INFO  server.RaftServerConfigKeys (ConfUtils.java:logGet(46)) - raft.server.storage.dir = [/home/runner/work/ratis/ratis/ratis-examples/target/test/data/f203f927/MiniRaftClusterWithSimulatedRpca2d4e021/s4] (custom)
2024-10-31 03:23:52,186 INFO  storage.RaftStorageDirectory (RaftStorageDirectoryImpl.java:analyzeStorage(138)) - The storage directory /home/runner/work/ratis/ratis/ratis-examples/target/test/data/f203f927/MiniRaftClusterWithSimulatedRpca2d4e021/s4/8246d0e7-9b68-432a-a463-4cd87b055e3a does not exist. Creating ...
2024-10-31 03:23:52,187 TRACE util.FileUtils (LogUtils.java:runAndLog(49)) - Successfully ran Files.createDirectories /home/runner/work/ratis/ratis/ratis-examples/target/test/data/f203f927/MiniRaftClusterWithSimulatedRpca2d4e021/s4/8246d0e7-9b68-432a-a463-4cd87b055e3a
2024-10-31 03:23:52,187 INFO  storage.RaftStorageDirectory (RaftStorageDirectoryImpl.java:tryLock(229)) - Lock on /home/runner/work/ratis/ratis/ratis-examples/target/test/data/f203f927/MiniRaftClusterWithSimulatedRpca2d4e021/s4/8246d0e7-9b68-432a-a463-4cd87b055e3a/in_use.lock acquired by nodename 14975@fv-az1757-779
2024-10-31 03:23:52,188 TRACE util.FileUtils (LogUtils.java:runAndLog(49)) - Successfully ran Files.createDirectories /home/runner/work/ratis/ratis/ratis-examples/target/test/data/f203f927/MiniRaftClusterWithSimulatedRpca2d4e021/s4/8246d0e7-9b68-432a-a463-4cd87b055e3a/current
2024-10-31 03:23:52,188 TRACE util.FileUtils (LogUtils.java:runAndLog(49)) - Successfully ran Files.createDirectories /home/runner/work/ratis/ratis/ratis-examples/target/test/data/f203f927/MiniRaftClusterWithSimulatedRpca2d4e021/s4/8246d0e7-9b68-432a-a463-4cd87b055e3a/sm
2024-10-31 03:23:52,188 TRACE util.FileUtils (LogUtils.java:supplyAndLog(69)) - Successfully supplied FileChannel.open /home/runner/work/ratis/ratis/ratis-examples/target/test/data/f203f927/MiniRaftClusterWithSimulatedRpca2d4e021/s4/8246d0e7-9b68-432a-a463-4cd87b055e3a/current/raft-meta.tmp with options [CREATE, WRITE]: sun.nio.ch.FileChannelImpl@2a0bcd72
2024-10-31 03:23:52,189 TRACE util.FileUtils (LogUtils.java:runAndLog(49)) - Successfully ran Atomic Files.move /home/runner/work/ratis/ratis/ratis-examples/target/test/data/f203f927/MiniRaftClusterWithSimulatedRpca2d4e021/s4/8246d0e7-9b68-432a-a463-4cd87b055e3a/current/raft-meta.tmp to /home/runner/work/ratis/ratis/ratis-examples/target/test/data/f203f927/MiniRaftClusterWithSimulatedRpca2d4e021/s4/8246d0e7-9b68-432a-a463-4cd87b055e3a/current/raft-meta with options [REPLACE_EXISTING]
2024-10-31 03:23:52,189 INFO  storage.RaftStorage (RaftStorageImpl.java:format(98)) - Storage directory /home/runner/work/ratis/ratis/ratis-examples/target/test/data/f203f927/MiniRaftClusterWithSimulatedRpca2d4e021/s4/8246d0e7-9b68-432a-a463-4cd87b055e3a has been successfully formatted.
2024-10-31 03:23:52,189 WARN  statemachine.StateMachine (ArithmeticStateMachine.java:loadSnapshot(115)) - The snapshot info is null.
2024-10-31 03:23:52,189 INFO  server.RaftServerConfigKeys (ConfUtils.java:logGet(46)) - raft.server.log.use.memory = false (default)
2024-10-31 03:23:52,189 INFO  server.RaftServerConfigKeys (ConfUtils.java:logGet(46)) - raft.server.log.purge.gap = 1024 (default)
2024-10-31 03:23:52,190 INFO  server.RaftServerConfigKeys (ConfUtils.java:logGet(46)) - raft.server.log.appender.buffer.byte-limit = 4MB (=4194304) (default)
2024-10-31 03:23:52,190 INFO  server.RaftServerConfigKeys (ConfUtils.java:logGet(46)) - raft.server.log.statemachine.data.read.timeout = 1000ms (default)
2024-10-31 03:23:52,190 INFO  server.RaftServerConfigKeys (ConfUtils.java:logGet(46)) - raft.server.log.purge.preservation.log.num = 0 (default)
2024-10-31 03:23:52,190 INFO  server.RaftServerConfigKeys (ConfUtils.java:logGet(46)) - raft.server.log.segment.size.max = 32MB (=33554432) (default)
2024-10-31 03:23:52,190 INFO  server.RaftServerConfigKeys (ConfUtils.java:logGet(46)) - raft.server.log.segment.cache.num.max = 6 (default)
2024-10-31 03:23:52,190 INFO  server.RaftServerConfigKeys (ConfUtils.java:logGet(46)) - raft.server.log.segment.cache.size.max = 200MB (=209715200) (default)
2024-10-31 03:23:52,190 INFO  server.RaftServerConfigKeys (ConfUtils.java:logGet(46)) - raft.server.log.appender.buffer.byte-limit = 4MB (=4194304) (default)
2024-10-31 03:23:52,190 INFO  util.AwaitToRun (AwaitToRun.java:start(81)) - Thread[s4@group-4CD87B055E3A-cacheEviction-AwaitToRun,5,main] started
2024-10-31 03:23:52,191 INFO  segmented.SegmentedRaftLogWorker (SegmentedRaftLogWorker.java:<init>(189)) - new s4@group-4CD87B055E3A-SegmentedRaftLogWorker for RaftStorageImpl:Storage Directory /home/runner/work/ratis/ratis/ratis-examples/target/test/data/f203f927/MiniRaftClusterWithSimulatedRpca2d4e021/s4/8246d0e7-9b68-432a-a463-4cd87b055e3a
2024-10-31 03:23:52,191 INFO  server.RaftServerConfigKeys (ConfUtils.java:logGet(46)) - raft.server.log.queue.byte-limit = 64MB (=67108864) (default)
2024-10-31 03:23:52,191 INFO  server.RaftServerConfigKeys (ConfUtils.java:logGet(46)) - raft.server.log.queue.element-limit = 4096 (default)
2024-10-31 03:23:52,191 INFO  server.RaftServerConfigKeys (ConfUtils.java:logGet(46)) - raft.server.log.segment.size.max = 32MB (=33554432) (default)
2024-10-31 03:23:52,191 INFO  server.RaftServerConfigKeys (ConfUtils.java:logGet(46)) - raft.server.log.preallocated.size = 4MB (=4194304) (default)
2024-10-31 03:23:52,191 INFO  server.RaftServerConfigKeys (ConfUtils.java:logGet(46)) - raft.server.log.force.sync.num = 128 (default)
2024-10-31 03:23:52,191 INFO  server.RaftServerConfigKeys (ConfUtils.java:logGet(46)) - raft.server.log.statemachine.data.sync = true (default)
2024-10-31 03:23:52,191 INFO  server.RaftServerConfigKeys (ConfUtils.java:logGet(46)) - raft.server.log.statemachine.data.sync.timeout = 10s (default)
2024-10-31 03:23:52,191 INFO  server.RaftServerConfigKeys (ConfUtils.java:logGet(46)) - raft.server.log.statemachine.data.sync.timeout.retry = -1 (default)
2024-10-31 03:23:52,191 INFO  server.RaftServerConfigKeys (ConfUtils.java:logGet(46)) - raft.server.log.write.buffer.size = 8MB (=8388608) (default)
2024-10-31 03:23:52,193 INFO  server.RaftServerConfigKeys (ConfUtils.java:logGet(46)) - raft.server.log.appender.buffer.byte-limit = 4MB (=4194304) (default)
2024-10-31 03:23:52,193 INFO  server.RaftServerConfigKeys (ConfUtils.java:logGet(46)) - raft.server.log.unsafe-flush.enabled = false (default)
2024-10-31 03:23:52,193 INFO  server.RaftServerConfigKeys (ConfUtils.java:logGet(46)) - raft.server.log.async-flush.enabled = false (default)
2024-10-31 03:23:52,193 INFO  server.RaftServerConfigKeys (ConfUtils.java:logGet(46)) - raft.server.log.statemachine.data.caching.enabled = false (default)
2024-10-31 03:23:52,194 INFO  segmented.SegmentedRaftLogWorker (SegmentedRaftLogWorker.java:lambda$new$0(140)) - s4@group-4CD87B055E3A-SegmentedRaftLogWorker: flushIndex: setUnconditionally 0 -> -1
2024-10-31 03:23:52,194 INFO  segmented.SegmentedRaftLogWorker (SegmentedRaftLogWorker.java:lambda$new$0(140)) - s4@group-4CD87B055E3A-SegmentedRaftLogWorker: safeCacheEvictIndex: setUnconditionally 0 -> -1
2024-10-31 03:23:52,194 INFO  server.RaftServer$Division (RaftServerImpl.java:start(398)) - s4@group-4CD87B055E3A: start with initializing state, conf=conf: {index: -1, cur=peers:[]|listeners:[], old=null}
2024-10-31 03:23:52,194 INFO  server.RaftServer$Division (RaftServerImpl.java:setRole(379)) - s4@group-4CD87B055E3A: changes role from      null to FOLLOWER at term 0 for start
2024-10-31 03:23:52,194 INFO  util.JmxRegister (JmxRegister.java:tryRegister(44)) - Successfully registered JMX Bean with object name Ratis:service=RaftServer,group=group-4CD87B055E3A,id=s4
2024-10-31 03:23:52,194 INFO  util.JmxRegister (JmxRegister.java:register(58)) - register mxBean class org.apache.ratis.server.impl.RaftServerJmxAdapter as Ratis:service=RaftServer,group=group-4CD87B055E3A,id=s4
2024-10-31 03:23:52,194 INFO  server.RaftServerConfigKeys (ConfUtils.java:logGet(46)) - raft.server.snapshot.trigger-when-stop.enabled = true (default)
2024-10-31 03:23:52,194 INFO  server.RaftServerConfigKeys (ConfUtils.java:logGet(46)) - raft.server.snapshot.trigger-when-remove.enabled = true (default)
2024-10-31 03:23:52,194 INFO  server.RaftServerConfigKeys (ConfUtils.java:logGet(46)) - raft.server.snapshot.auto.trigger.enabled = false (default)
2024-10-31 03:23:52,195 INFO  server.RaftServerConfigKeys (ConfUtils.java:logGet(46)) - raft.server.snapshot.retention.file.num = -1 (default)
2024-10-31 03:23:52,195 INFO  server.RaftServerConfigKeys (ConfUtils.java:logGet(46)) - raft.server.log.purge.upto.snapshot.index = false (default)
2024-10-31 03:23:52,195 INFO  server.RaftServer$Division (RaftServerImpl.java:start(406)) - s4@group-4CD87B055E3A: Successfully started.
2024-10-31 03:23:52,195 INFO  server.RaftServer (RaftServerProxy.java:addNew(101)) - s5: addNew group-4CD87B055E3A:[] returns group-4CD87B055E3A:java.util.concurrent.CompletableFuture@4726839e[Not completed]
2024-10-31 03:23:52,196 INFO  server.RaftServer$Division (RaftServerImpl.java:<init>(256)) - s5: new RaftServerImpl for group-4CD87B055E3A:[] with ArithmeticStateMachine:uninitialized
2024-10-31 03:23:52,196 INFO  server.RaftServerConfigKeys (ConfUtils.java:logGet(46)) - raft.server.rpc.timeout.min = 300ms (custom)
2024-10-31 03:23:52,196 INFO  server.RaftServerConfigKeys (ConfUtils.java:logGet(46)) - raft.server.rpc.timeout.max = 600ms (custom)
2024-10-31 03:23:52,196 INFO  server.RaftServerConfigKeys (ConfUtils.java:logGet(46)) - raft.server.rpc.sleep.time = 25ms (default)
2024-10-31 03:23:52,196 INFO  server.RaftServerConfigKeys (ConfUtils.java:logGet(46)) - raft.server.rpc.slowness.timeout = 60s (default)
2024-10-31 03:23:52,196 INFO  server.RaftServerConfigKeys (ConfUtils.java:logGet(46)) - raft.server.leaderelection.leader.step-down.wait-time = 10s (default)
2024-10-31 03:23:52,196 INFO  server.RaftServerConfigKeys (ConfUtils.java:logGet(46)) - raft.server.leaderelection.member.majority-add = false (default)
2024-10-31 03:23:52,196 INFO  server.RaftServerConfigKeys (ConfUtils.java:logGet(46)) - raft.server.sleep.deviation.threshold = 300ms (default)
2024-10-31 03:23:52,196 INFO  server.RaftServer$Division (ServerState.java:<init>(114)) - s5@group-4CD87B055E3A: ConfigurationManager, init=conf: {index: -1, cur=peers:[]|listeners:[], old=null}, confs=<EMPTY_MAP>
2024-10-31 03:23:52,196 INFO  server.RaftServerConfigKeys (ConfUtils.java:logGet(46)) - raft.server.notification.no-leader.timeout = 60s (default)
2024-10-31 03:23:52,196 INFO  server.RaftServerConfigKeys (ConfUtils.java:logGet(46)) - raft.server.read.timeout = 10s (default)
2024-10-31 03:23:52,196 INFO  server.RaftServerConfigKeys (ConfUtils.java:logGet(46)) - raft.server.retrycache.expirytime = 60s (default)
2024-10-31 03:23:52,197 INFO  server.RaftServerConfigKeys (ConfUtils.java:logGet(46)) - raft.server.retrycache.statistics.expirytime = 100ms (default)
2024-10-31 03:23:52,197 INFO  server.RaftServerConfigKeys (ConfUtils.java:logGet(46)) - raft.server.read.option = DEFAULT (default)
2024-10-31 03:23:52,197 INFO  server.RaftServerConfigKeys (ConfUtils.java:logGet(46)) - raft.server.read.read-after-write-consistent.write-index-cache.expiry-time = 60s (default)
2024-10-31 03:23:52,198 INFO  server.RaftServerConfigKeys (ConfUtils.java:logGet(46)) - raft.server.rpc.request.timeout = 3000ms (default)
2024-10-31 03:23:52,198 INFO  server.RaftServerConfigKeys (ConfUtils.java:logGet(46)) - raft.server.log.appender.install.snapshot.enabled = true (default)
2024-10-31 03:23:52,198 INFO  server.RaftServerConfigKeys (ConfUtils.java:logGet(46)) - raft.server.threadpool.server.cached = true (default)
2024-10-31 03:23:52,198 INFO  server.RaftServerConfigKeys (ConfUtils.java:logGet(46)) - raft.server.threadpool.server.size = 0 (default)
2024-10-31 03:23:52,198 INFO  server.RaftServerConfigKeys (ConfUtils.java:logGet(46)) - raft.server.threadpool.client.cached = true (default)
2024-10-31 03:23:52,198 INFO  server.RaftServerConfigKeys (ConfUtils.java:logGet(46)) - raft.server.threadpool.client.size = 0 (default)
2024-10-31 03:23:52,198 INFO  server.RaftServerConfigKeys (ConfUtils.java:logGet(46)) - raft.server.storage.free-space.min = 0MB (=0) (default)
2024-10-31 03:23:52,198 INFO  server.RaftServerConfigKeys (ConfUtils.java:logGet(46)) - raft.server.log.corruption.policy = EXCEPTION (default)
2024-10-31 03:23:52,198 INFO  server.RaftServerConfigKeys (ConfUtils.java:logGet(46)) - raft.server.storage.dir = [/home/runner/work/ratis/ratis/ratis-examples/target/test/data/f203f927/MiniRaftClusterWithSimulatedRpca2d4e021/s5] (custom)
2024-10-31 03:23:52,199 INFO  storage.RaftStorageDirectory (RaftStorageDirectoryImpl.java:analyzeStorage(138)) - The storage directory /home/runner/work/ratis/ratis/ratis-examples/target/test/data/f203f927/MiniRaftClusterWithSimulatedRpca2d4e021/s5/8246d0e7-9b68-432a-a463-4cd87b055e3a does not exist. Creating ...
2024-10-31 03:23:52,199 TRACE util.FileUtils (LogUtils.java:runAndLog(49)) - Successfully ran Files.createDirectories /home/runner/work/ratis/ratis/ratis-examples/target/test/data/f203f927/MiniRaftClusterWithSimulatedRpca2d4e021/s5/8246d0e7-9b68-432a-a463-4cd87b055e3a
2024-10-31 03:23:52,200 INFO  storage.RaftStorageDirectory (RaftStorageDirectoryImpl.java:tryLock(229)) - Lock on /home/runner/work/ratis/ratis/ratis-examples/target/test/data/f203f927/MiniRaftClusterWithSimulatedRpca2d4e021/s5/8246d0e7-9b68-432a-a463-4cd87b055e3a/in_use.lock acquired by nodename 14975@fv-az1757-779
2024-10-31 03:23:52,200 TRACE util.FileUtils (LogUtils.java:runAndLog(49)) - Successfully ran Files.createDirectories /home/runner/work/ratis/ratis/ratis-examples/target/test/data/f203f927/MiniRaftClusterWithSimulatedRpca2d4e021/s5/8246d0e7-9b68-432a-a463-4cd87b055e3a/current
2024-10-31 03:23:52,200 TRACE util.FileUtils (LogUtils.java:runAndLog(49)) - Successfully ran Files.createDirectories /home/runner/work/ratis/ratis/ratis-examples/target/test/data/f203f927/MiniRaftClusterWithSimulatedRpca2d4e021/s5/8246d0e7-9b68-432a-a463-4cd87b055e3a/sm
2024-10-31 03:23:52,200 TRACE util.FileUtils (LogUtils.java:supplyAndLog(69)) - Successfully supplied FileChannel.open /home/runner/work/ratis/ratis/ratis-examples/target/test/data/f203f927/MiniRaftClusterWithSimulatedRpca2d4e021/s5/8246d0e7-9b68-432a-a463-4cd87b055e3a/current/raft-meta.tmp with options [CREATE, WRITE]: sun.nio.ch.FileChannelImpl@7bed4702
2024-10-31 03:23:52,201 TRACE util.FileUtils (LogUtils.java:runAndLog(49)) - Successfully ran Atomic Files.move /home/runner/work/ratis/ratis/ratis-examples/target/test/data/f203f927/MiniRaftClusterWithSimulatedRpca2d4e021/s5/8246d0e7-9b68-432a-a463-4cd87b055e3a/current/raft-meta.tmp to /home/runner/work/ratis/ratis/ratis-examples/target/test/data/f203f927/MiniRaftClusterWithSimulatedRpca2d4e021/s5/8246d0e7-9b68-432a-a463-4cd87b055e3a/current/raft-meta with options [REPLACE_EXISTING]
2024-10-31 03:23:52,201 INFO  storage.RaftStorage (RaftStorageImpl.java:format(98)) - Storage directory /home/runner/work/ratis/ratis/ratis-examples/target/test/data/f203f927/MiniRaftClusterWithSimulatedRpca2d4e021/s5/8246d0e7-9b68-432a-a463-4cd87b055e3a has been successfully formatted.
2024-10-31 03:23:52,202 WARN  statemachine.StateMachine (ArithmeticStateMachine.java:loadSnapshot(115)) - The snapshot info is null.
2024-10-31 03:23:52,202 INFO  server.RaftServerConfigKeys (ConfUtils.java:logGet(46)) - raft.server.log.use.memory = false (default)
2024-10-31 03:23:52,202 INFO  server.RaftServerConfigKeys (ConfUtils.java:logGet(46)) - raft.server.log.purge.gap = 1024 (default)
2024-10-31 03:23:52,202 INFO  server.RaftServerConfigKeys (ConfUtils.java:logGet(46)) - raft.server.log.appender.buffer.byte-limit = 4MB (=4194304) (default)
2024-10-31 03:23:52,202 INFO  server.RaftServerConfigKeys (ConfUtils.java:logGet(46)) - raft.server.log.statemachine.data.read.timeout = 1000ms (default)
2024-10-31 03:23:52,202 INFO  server.RaftServerConfigKeys (ConfUtils.java:logGet(46)) - raft.server.log.purge.preservation.log.num = 0 (default)
2024-10-31 03:23:52,203 INFO  server.RaftServerConfigKeys (ConfUtils.java:logGet(46)) - raft.server.log.segment.size.max = 32MB (=33554432) (default)
2024-10-31 03:23:52,203 INFO  server.RaftServerConfigKeys (ConfUtils.java:logGet(46)) - raft.server.log.segment.cache.num.max = 6 (default)
2024-10-31 03:23:52,203 INFO  server.RaftServerConfigKeys (ConfUtils.java:logGet(46)) - raft.server.log.segment.cache.size.max = 200MB (=209715200) (default)
2024-10-31 03:23:52,203 INFO  server.RaftServerConfigKeys (ConfUtils.java:logGet(46)) - raft.server.log.appender.buffer.byte-limit = 4MB (=4194304) (default)
2024-10-31 03:23:52,203 INFO  util.AwaitToRun (AwaitToRun.java:start(81)) - Thread[s5@group-4CD87B055E3A-cacheEviction-AwaitToRun,5,main] started
2024-10-31 03:23:52,203 INFO  segmented.SegmentedRaftLogWorker (SegmentedRaftLogWorker.java:<init>(189)) - new s5@group-4CD87B055E3A-SegmentedRaftLogWorker for RaftStorageImpl:Storage Directory /home/runner/work/ratis/ratis/ratis-examples/target/test/data/f203f927/MiniRaftClusterWithSimulatedRpca2d4e021/s5/8246d0e7-9b68-432a-a463-4cd87b055e3a
2024-10-31 03:23:52,203 INFO  server.RaftServerConfigKeys (ConfUtils.java:logGet(46)) - raft.server.log.queue.byte-limit = 64MB (=67108864) (default)
2024-10-31 03:23:52,203 INFO  server.RaftServerConfigKeys (ConfUtils.java:logGet(46)) - raft.server.log.queue.element-limit = 4096 (default)
2024-10-31 03:23:52,203 INFO  server.RaftServerConfigKeys (ConfUtils.java:logGet(46)) - raft.server.log.segment.size.max = 32MB (=33554432) (default)
2024-10-31 03:23:52,203 INFO  server.RaftServerConfigKeys (ConfUtils.java:logGet(46)) - raft.server.log.preallocated.size = 4MB (=4194304) (default)
2024-10-31 03:23:52,204 INFO  server.RaftServerConfigKeys (ConfUtils.java:logGet(46)) - raft.server.log.force.sync.num = 128 (default)
2024-10-31 03:23:52,204 INFO  server.RaftServerConfigKeys (ConfUtils.java:logGet(46)) - raft.server.log.statemachine.data.sync = true (default)
2024-10-31 03:23:52,204 INFO  server.RaftServerConfigKeys (ConfUtils.java:logGet(46)) - raft.server.log.statemachine.data.sync.timeout = 10s (default)
2024-10-31 03:23:52,204 INFO  server.RaftServerConfigKeys (ConfUtils.java:logGet(46)) - raft.server.log.statemachine.data.sync.timeout.retry = -1 (default)
2024-10-31 03:23:52,204 INFO  server.RaftServerConfigKeys (ConfUtils.java:logGet(46)) - raft.server.log.write.buffer.size = 8MB (=8388608) (default)
2024-10-31 03:23:52,206 INFO  server.RaftServerConfigKeys (ConfUtils.java:logGet(46)) - raft.server.log.appender.buffer.byte-limit = 4MB (=4194304) (default)
2024-10-31 03:23:52,206 INFO  server.RaftServerConfigKeys (ConfUtils.java:logGet(46)) - raft.server.log.unsafe-flush.enabled = false (default)
2024-10-31 03:23:52,206 INFO  server.RaftServerConfigKeys (ConfUtils.java:logGet(46)) - raft.server.log.async-flush.enabled = false (default)
2024-10-31 03:23:52,206 INFO  server.RaftServerConfigKeys (ConfUtils.java:logGet(46)) - raft.server.log.statemachine.data.caching.enabled = false (default)
2024-10-31 03:23:52,206 INFO  segmented.SegmentedRaftLogWorker (SegmentedRaftLogWorker.java:lambda$new$0(140)) - s5@group-4CD87B055E3A-SegmentedRaftLogWorker: flushIndex: setUnconditionally 0 -> -1
2024-10-31 03:23:52,206 INFO  segmented.SegmentedRaftLogWorker (SegmentedRaftLogWorker.java:lambda$new$0(140)) - s5@group-4CD87B055E3A-SegmentedRaftLogWorker: safeCacheEvictIndex: setUnconditionally 0 -> -1
2024-10-31 03:23:52,206 INFO  server.RaftServer$Division (RaftServerImpl.java:start(398)) - s5@group-4CD87B055E3A: start with initializing state, conf=conf: {index: -1, cur=peers:[]|listeners:[], old=null}
2024-10-31 03:23:52,206 INFO  server.RaftServer$Division (RaftServerImpl.java:setRole(379)) - s5@group-4CD87B055E3A: changes role from      null to FOLLOWER at term 0 for start
2024-10-31 03:23:52,207 INFO  util.JmxRegister (JmxRegister.java:tryRegister(44)) - Successfully registered JMX Bean with object name Ratis:service=RaftServer,group=group-4CD87B055E3A,id=s5
2024-10-31 03:23:52,207 INFO  util.JmxRegister (JmxRegister.java:register(58)) - register mxBean class org.apache.ratis.server.impl.RaftServerJmxAdapter as Ratis:service=RaftServer,group=group-4CD87B055E3A,id=s5
2024-10-31 03:23:52,207 INFO  server.RaftServerConfigKeys (ConfUtils.java:logGet(46)) - raft.server.snapshot.trigger-when-stop.enabled = true (default)
2024-10-31 03:23:52,207 INFO  server.RaftServerConfigKeys (ConfUtils.java:logGet(46)) - raft.server.snapshot.trigger-when-remove.enabled = true (default)
2024-10-31 03:23:52,207 INFO  server.RaftServerConfigKeys (ConfUtils.java:logGet(46)) - raft.server.snapshot.auto.trigger.enabled = false (default)
2024-10-31 03:23:52,207 INFO  server.RaftServerConfigKeys (ConfUtils.java:logGet(46)) - raft.server.snapshot.retention.file.num = -1 (default)
2024-10-31 03:23:52,207 INFO  server.RaftServerConfigKeys (ConfUtils.java:logGet(46)) - raft.server.log.purge.upto.snapshot.index = false (default)
2024-10-31 03:23:52,207 INFO  server.RaftServer$Division (RaftServerImpl.java:start(406)) - s5@group-4CD87B055E3A: Successfully started.
2024-10-31 03:23:52,208 INFO  server.RaftServer (RaftServerProxy.java:addNew(101)) - s6: addNew group-4CD87B055E3A:[] returns group-4CD87B055E3A:java.util.concurrent.CompletableFuture@36f76d69[Not completed]
2024-10-31 03:23:52,208 INFO  server.RaftServer$Division (RaftServerImpl.java:<init>(256)) - s6: new RaftServerImpl for group-4CD87B055E3A:[] with ArithmeticStateMachine:uninitialized
2024-10-31 03:23:52,208 INFO  server.RaftServerConfigKeys (ConfUtils.java:logGet(46)) - raft.server.rpc.timeout.min = 300ms (custom)
2024-10-31 03:23:52,208 INFO  server.RaftServerConfigKeys (ConfUtils.java:logGet(46)) - raft.server.rpc.timeout.max = 600ms (custom)
2024-10-31 03:23:52,208 INFO  server.RaftServerConfigKeys (ConfUtils.java:logGet(46)) - raft.server.rpc.sleep.time = 25ms (default)
2024-10-31 03:23:52,208 INFO  server.RaftServerConfigKeys (ConfUtils.java:logGet(46)) - raft.server.rpc.slowness.timeout = 60s (default)
2024-10-31 03:23:52,208 INFO  server.RaftServerConfigKeys (ConfUtils.java:logGet(46)) - raft.server.leaderelection.leader.step-down.wait-time = 10s (default)
2024-10-31 03:23:52,208 INFO  server.RaftServerConfigKeys (ConfUtils.java:logGet(46)) - raft.server.leaderelection.member.majority-add = false (default)
2024-10-31 03:23:52,208 INFO  server.RaftServerConfigKeys (ConfUtils.java:logGet(46)) - raft.server.sleep.deviation.threshold = 300ms (default)
2024-10-31 03:23:52,208 INFO  server.RaftServer$Division (ServerState.java:<init>(114)) - s6@group-4CD87B055E3A: ConfigurationManager, init=conf: {index: -1, cur=peers:[]|listeners:[], old=null}, confs=<EMPTY_MAP>
2024-10-31 03:23:52,208 INFO  server.RaftServerConfigKeys (ConfUtils.java:logGet(46)) - raft.server.notification.no-leader.timeout = 60s (default)
2024-10-31 03:23:52,209 INFO  server.RaftServerConfigKeys (ConfUtils.java:logGet(46)) - raft.server.read.timeout = 10s (default)
2024-10-31 03:23:52,209 INFO  server.RaftServerConfigKeys (ConfUtils.java:logGet(46)) - raft.server.retrycache.expirytime = 60s (default)
2024-10-31 03:23:52,209 INFO  server.RaftServerConfigKeys (ConfUtils.java:logGet(46)) - raft.server.retrycache.statistics.expirytime = 100ms (default)
2024-10-31 03:23:52,209 INFO  server.RaftServerConfigKeys (ConfUtils.java:logGet(46)) - raft.server.read.option = DEFAULT (default)
2024-10-31 03:23:52,209 INFO  server.RaftServerConfigKeys (ConfUtils.java:logGet(46)) - raft.server.read.read-after-write-consistent.write-index-cache.expiry-time = 60s (default)
2024-10-31 03:23:52,209 INFO  server.RaftServerConfigKeys (ConfUtils.java:logGet(46)) - raft.server.rpc.request.timeout = 3000ms (default)
2024-10-31 03:23:52,210 INFO  server.RaftServerConfigKeys (ConfUtils.java:logGet(46)) - raft.server.log.appender.install.snapshot.enabled = true (default)
2024-10-31 03:23:52,210 INFO  server.RaftServerConfigKeys (ConfUtils.java:logGet(46)) - raft.server.threadpool.server.cached = true (default)
2024-10-31 03:23:52,210 INFO  server.RaftServerConfigKeys (ConfUtils.java:logGet(46)) - raft.server.threadpool.server.size = 0 (default)
2024-10-31 03:23:52,210 INFO  server.RaftServerConfigKeys (ConfUtils.java:logGet(46)) - raft.server.threadpool.client.cached = true (default)
2024-10-31 03:23:52,210 INFO  server.RaftServerConfigKeys (ConfUtils.java:logGet(46)) - raft.server.threadpool.client.size = 0 (default)
2024-10-31 03:23:52,210 INFO  server.RaftServerConfigKeys (ConfUtils.java:logGet(46)) - raft.server.storage.free-space.min = 0MB (=0) (default)
2024-10-31 03:23:52,210 INFO  server.RaftServerConfigKeys (ConfUtils.java:logGet(46)) - raft.server.log.corruption.policy = EXCEPTION (default)
2024-10-31 03:23:52,210 INFO  server.RaftServerConfigKeys (ConfUtils.java:logGet(46)) - raft.server.storage.dir = [/home/runner/work/ratis/ratis/ratis-examples/target/test/data/f203f927/MiniRaftClusterWithSimulatedRpca2d4e021/s6] (custom)
2024-10-31 03:23:52,210 INFO  storage.RaftStorageDirectory (RaftStorageDirectoryImpl.java:analyzeStorage(138)) - The storage directory /home/runner/work/ratis/ratis/ratis-examples/target/test/data/f203f927/MiniRaftClusterWithSimulatedRpca2d4e021/s6/8246d0e7-9b68-432a-a463-4cd87b055e3a does not exist. Creating ...
2024-10-31 03:23:52,210 TRACE util.FileUtils (LogUtils.java:runAndLog(49)) - Successfully ran Files.createDirectories /home/runner/work/ratis/ratis/ratis-examples/target/test/data/f203f927/MiniRaftClusterWithSimulatedRpca2d4e021/s6/8246d0e7-9b68-432a-a463-4cd87b055e3a
2024-10-31 03:23:52,212 INFO  storage.RaftStorageDirectory (RaftStorageDirectoryImpl.java:tryLock(229)) - Lock on /home/runner/work/ratis/ratis/ratis-examples/target/test/data/f203f927/MiniRaftClusterWithSimulatedRpca2d4e021/s6/8246d0e7-9b68-432a-a463-4cd87b055e3a/in_use.lock acquired by nodename 14975@fv-az1757-779
2024-10-31 03:23:52,212 TRACE util.FileUtils (LogUtils.java:runAndLog(49)) - Successfully ran Files.createDirectories /home/runner/work/ratis/ratis/ratis-examples/target/test/data/f203f927/MiniRaftClusterWithSimulatedRpca2d4e021/s6/8246d0e7-9b68-432a-a463-4cd87b055e3a/current
2024-10-31 03:23:52,212 TRACE util.FileUtils (LogUtils.java:runAndLog(49)) - Successfully ran Files.createDirectories /home/runner/work/ratis/ratis/ratis-examples/target/test/data/f203f927/MiniRaftClusterWithSimulatedRpca2d4e021/s6/8246d0e7-9b68-432a-a463-4cd87b055e3a/sm
2024-10-31 03:23:52,212 TRACE util.FileUtils (LogUtils.java:supplyAndLog(69)) - Successfully supplied FileChannel.open /home/runner/work/ratis/ratis/ratis-examples/target/test/data/f203f927/MiniRaftClusterWithSimulatedRpca2d4e021/s6/8246d0e7-9b68-432a-a463-4cd87b055e3a/current/raft-meta.tmp with options [CREATE, WRITE]: sun.nio.ch.FileChannelImpl@7743e7e
2024-10-31 03:23:52,213 TRACE util.FileUtils (LogUtils.java:runAndLog(49)) - Successfully ran Atomic Files.move /home/runner/work/ratis/ratis/ratis-examples/target/test/data/f203f927/MiniRaftClusterWithSimulatedRpca2d4e021/s6/8246d0e7-9b68-432a-a463-4cd87b055e3a/current/raft-meta.tmp to /home/runner/work/ratis/ratis/ratis-examples/target/test/data/f203f927/MiniRaftClusterWithSimulatedRpca2d4e021/s6/8246d0e7-9b68-432a-a463-4cd87b055e3a/current/raft-meta with options [REPLACE_EXISTING]
2024-10-31 03:23:52,213 INFO  storage.RaftStorage (RaftStorageImpl.java:format(98)) - Storage directory /home/runner/work/ratis/ratis/ratis-examples/target/test/data/f203f927/MiniRaftClusterWithSimulatedRpca2d4e021/s6/8246d0e7-9b68-432a-a463-4cd87b055e3a has been successfully formatted.
2024-10-31 03:23:52,214 WARN  statemachine.StateMachine (ArithmeticStateMachine.java:loadSnapshot(115)) - The snapshot info is null.
2024-10-31 03:23:52,214 INFO  server.RaftServerConfigKeys (ConfUtils.java:logGet(46)) - raft.server.log.use.memory = false (default)
2024-10-31 03:23:52,214 INFO  server.RaftServerConfigKeys (ConfUtils.java:logGet(46)) - raft.server.log.purge.gap = 1024 (default)
2024-10-31 03:23:52,214 INFO  server.RaftServerConfigKeys (ConfUtils.java:logGet(46)) - raft.server.log.appender.buffer.byte-limit = 4MB (=4194304) (default)
2024-10-31 03:23:52,214 INFO  server.RaftServerConfigKeys (ConfUtils.java:logGet(46)) - raft.server.log.statemachine.data.read.timeout = 1000ms (default)
2024-10-31 03:23:52,214 INFO  server.RaftServerConfigKeys (ConfUtils.java:logGet(46)) - raft.server.log.purge.preservation.log.num = 0 (default)
2024-10-31 03:23:52,214 INFO  server.RaftServerConfigKeys (ConfUtils.java:logGet(46)) - raft.server.log.segment.size.max = 32MB (=33554432) (default)
2024-10-31 03:23:52,214 INFO  server.RaftServerConfigKeys (ConfUtils.java:logGet(46)) - raft.server.log.segment.cache.num.max = 6 (default)
2024-10-31 03:23:52,214 INFO  server.RaftServerConfigKeys (ConfUtils.java:logGet(46)) - raft.server.log.segment.cache.size.max = 200MB (=209715200) (default)
2024-10-31 03:23:52,215 INFO  server.RaftServerConfigKeys (ConfUtils.java:logGet(46)) - raft.server.log.appender.buffer.byte-limit = 4MB (=4194304) (default)
2024-10-31 03:23:52,215 INFO  util.AwaitToRun (AwaitToRun.java:start(81)) - Thread[s6@group-4CD87B055E3A-cacheEviction-AwaitToRun,5,main] started
2024-10-31 03:23:52,215 INFO  segmented.SegmentedRaftLogWorker (SegmentedRaftLogWorker.java:<init>(189)) - new s6@group-4CD87B055E3A-SegmentedRaftLogWorker for RaftStorageImpl:Storage Directory /home/runner/work/ratis/ratis/ratis-examples/target/test/data/f203f927/MiniRaftClusterWithSimulatedRpca2d4e021/s6/8246d0e7-9b68-432a-a463-4cd87b055e3a
2024-10-31 03:23:52,215 INFO  server.RaftServerConfigKeys (ConfUtils.java:logGet(46)) - raft.server.log.queue.byte-limit = 64MB (=67108864) (default)
2024-10-31 03:23:52,215 INFO  server.RaftServerConfigKeys (ConfUtils.java:logGet(46)) - raft.server.log.queue.element-limit = 4096 (default)
2024-10-31 03:23:52,215 INFO  server.RaftServerConfigKeys (ConfUtils.java:logGet(46)) - raft.server.log.segment.size.max = 32MB (=33554432) (default)
2024-10-31 03:23:52,215 INFO  server.RaftServerConfigKeys (ConfUtils.java:logGet(46)) - raft.server.log.preallocated.size = 4MB (=4194304) (default)
2024-10-31 03:23:52,215 INFO  server.RaftServerConfigKeys (ConfUtils.java:logGet(46)) - raft.server.log.force.sync.num = 128 (default)
2024-10-31 03:23:52,215 INFO  server.RaftServerConfigKeys (ConfUtils.java:logGet(46)) - raft.server.log.statemachine.data.sync = true (default)
2024-10-31 03:23:52,215 INFO  server.RaftServerConfigKeys (ConfUtils.java:logGet(46)) - raft.server.log.statemachine.data.sync.timeout = 10s (default)
2024-10-31 03:23:52,215 INFO  server.RaftServerConfigKeys (ConfUtils.java:logGet(46)) - raft.server.log.statemachine.data.sync.timeout.retry = -1 (default)
2024-10-31 03:23:52,216 INFO  server.RaftServerConfigKeys (ConfUtils.java:logGet(46)) - raft.server.log.write.buffer.size = 8MB (=8388608) (default)
2024-10-31 03:23:52,217 INFO  server.RaftServerConfigKeys (ConfUtils.java:logGet(46)) - raft.server.log.appender.buffer.byte-limit = 4MB (=4194304) (default)
2024-10-31 03:23:52,218 INFO  server.RaftServerConfigKeys (ConfUtils.java:logGet(46)) - raft.server.log.unsafe-flush.enabled = false (default)
2024-10-31 03:23:52,218 INFO  server.RaftServerConfigKeys (ConfUtils.java:logGet(46)) - raft.server.log.async-flush.enabled = false (default)
2024-10-31 03:23:52,218 INFO  server.RaftServerConfigKeys (ConfUtils.java:logGet(46)) - raft.server.log.statemachine.data.caching.enabled = false (default)
2024-10-31 03:23:52,218 INFO  segmented.SegmentedRaftLogWorker (SegmentedRaftLogWorker.java:lambda$new$0(140)) - s6@group-4CD87B055E3A-SegmentedRaftLogWorker: flushIndex: setUnconditionally 0 -> -1
2024-10-31 03:23:52,218 INFO  segmented.SegmentedRaftLogWorker (SegmentedRaftLogWorker.java:lambda$new$0(140)) - s6@group-4CD87B055E3A-SegmentedRaftLogWorker: safeCacheEvictIndex: setUnconditionally 0 -> -1
2024-10-31 03:23:52,221 INFO  server.RaftServer$Division (RaftServerImpl.java:start(398)) - s6@group-4CD87B055E3A: start with initializing state, conf=conf: {index: -1, cur=peers:[]|listeners:[], old=null}
2024-10-31 03:23:52,221 INFO  server.RaftServer$Division (RaftServerImpl.java:setRole(379)) - s6@group-4CD87B055E3A: changes role from      null to FOLLOWER at term 0 for start
2024-10-31 03:23:52,221 INFO  util.JmxRegister (JmxRegister.java:tryRegister(44)) - Successfully registered JMX Bean with object name Ratis:service=RaftServer,group=group-4CD87B055E3A,id=s6
2024-10-31 03:23:52,221 INFO  util.JmxRegister (JmxRegister.java:register(58)) - register mxBean class org.apache.ratis.server.impl.RaftServerJmxAdapter as Ratis:service=RaftServer,group=group-4CD87B055E3A,id=s6
2024-10-31 03:23:52,221 INFO  server.RaftServerConfigKeys (ConfUtils.java:logGet(46)) - raft.server.snapshot.trigger-when-stop.enabled = true (default)
2024-10-31 03:23:52,221 INFO  server.RaftServerConfigKeys (ConfUtils.java:logGet(46)) - raft.server.snapshot.trigger-when-remove.enabled = true (default)
2024-10-31 03:23:52,221 INFO  server.RaftServerConfigKeys (ConfUtils.java:logGet(46)) - raft.server.snapshot.auto.trigger.enabled = false (default)
2024-10-31 03:23:52,221 INFO  server.RaftServerConfigKeys (ConfUtils.java:logGet(46)) - raft.server.snapshot.retention.file.num = -1 (default)
2024-10-31 03:23:52,221 INFO  server.RaftServerConfigKeys (ConfUtils.java:logGet(46)) - raft.server.log.purge.upto.snapshot.index = false (default)
2024-10-31 03:23:52,221 INFO  server.RaftServer$Division (RaftServerImpl.java:start(406)) - s6@group-4CD87B055E3A: Successfully started.
2024-10-31 03:23:52,227 INFO  impl.GroupManagementBaseTest (GroupManagementBaseTest.java:runMultiGroupTest(330)) - 4) setConfiguration: printing group-4CD87B055E3A
  s3:  RUNNING [
   FOLLOWER s3@group-4EB49E3E6D70:t0, leader=null, voted=, raftlog=Memoized:s3@group-4EB49E3E6D70-SegmentedRaftLog:OPENED:c-1:lastnull, conf=conf: {index: -1, cur=peers:[]|listeners:[], old=null} STARTING
   FOLLOWER s3@group-4CD87B055E3A:t0, leader=null, voted=, raftlog=Memoized:s3@group-4CD87B055E3A-SegmentedRaftLog:OPENED:c-1:lastnull, conf=conf: {index: -1, cur=peers:[]|listeners:[], old=null} STARTING] size=2
  s4:  RUNNING [
   FOLLOWER s4@group-4EB49E3E6D70:t0, leader=null, voted=, raftlog=Memoized:s4@group-4EB49E3E6D70-SegmentedRaftLog:OPENED:c-1:lastnull, conf=conf: {index: -1, cur=peers:[]|listeners:[], old=null} STARTING
   FOLLOWER s4@group-4CD87B055E3A:t0, leader=null, voted=, raftlog=Memoized:s4@group-4CD87B055E3A-SegmentedRaftLog:OPENED:c-1:lastnull, conf=conf: {index: -1, cur=peers:[]|listeners:[], old=null} STARTING] size=2
  s5:  RUNNING [
   FOLLOWER s5@group-4EB49E3E6D70:t0, leader=null, voted=, raftlog=Memoized:s5@group-4EB49E3E6D70-SegmentedRaftLog:OPENED:c-1:lastnull, conf=conf: {index: -1, cur=peers:[]|listeners:[], old=null} STARTING
   FOLLOWER s5@group-4CD87B055E3A:t0, leader=null, voted=, raftlog=Memoized:s5@group-4CD87B055E3A-SegmentedRaftLog:OPENED:c-1:lastnull, conf=conf: {index: -1, cur=peers:[]|listeners:[], old=null} STARTING] size=2
  s6:  RUNNING [
   FOLLOWER s6@group-4EB49E3E6D70:t0, leader=null, voted=, raftlog=Memoized:s6@group-4EB49E3E6D70-SegmentedRaftLog:OPENED:c-1:lastnull, conf=conf: {index: -1, cur=peers:[]|listeners:[], old=null} STARTING
   FOLLOWER s6@group-4CD87B055E3A:t0, leader=null, voted=, raftlog=Memoized:s6@group-4CD87B055E3A-SegmentedRaftLog:OPENED:c-1:lastnull, conf=conf: {index: -1, cur=peers:[]|listeners:[], old=null} STARTING] size=2
  s7:  RUNNING [
   FOLLOWER s7@group-4EB49E3E6D70:t0, leader=null, voted=, raftlog=Memoized:s7@group-4EB49E3E6D70-SegmentedRaftLog:OPENED:c-1:lastnull, conf=conf: {index: -1, cur=peers:[]|listeners:[], old=null} STARTING
     LEADER s7@group-4CD87B055E3A:t1, leader=s7, voted=s7, raftlog=Memoized:s7@group-4CD87B055E3A-SegmentedRaftLog:OPENED:c120:last(t:1, i:120), conf=conf: {index: 0, cur=peers:[s7, s8, s9]|listeners:[], old=null} RUNNING] size=2
  s8:  RUNNING [
   FOLLOWER s8@group-4EB49E3E6D70:t0, leader=null, voted=, raftlog=Memoized:s8@group-4EB49E3E6D70-SegmentedRaftLog:OPENED:c-1:lastnull, conf=conf: {index: -1, cur=peers:[]|listeners:[], old=null} STARTING
   FOLLOWER s8@group-4CD87B055E3A:t1, leader=s7, voted=s7, raftlog=Memoized:s8@group-4CD87B055E3A-SegmentedRaftLog:OPENED:c120:last(t:1, i:120), conf=conf: {index: 0, cur=peers:[s7|, s8|, s9|]|listeners:[], old=null} RUNNING] size=2
  s9:  RUNNING [
   FOLLOWER s9@group-4EB49E3E6D70:t0, leader=null, voted=, raftlog=Memoized:s9@group-4EB49E3E6D70-SegmentedRaftLog:OPENED:c-1:lastnull, conf=conf: {index: -1, cur=peers:[]|listeners:[], old=null} STARTING
   FOLLOWER s9@group-4CD87B055E3A:t1, leader=s7, voted=s7, raftlog=Memoized:s9@group-4CD87B055E3A-SegmentedRaftLog:OPENED:c120:last(t:1, i:120), conf=conf: {index: 0, cur=peers:[s7|, s8|, s9|]|listeners:[], old=null} RUNNING] size=2
  s11:  RUNNING [
   FOLLOWER s11@group-4EB49E3E6D70:t0, leader=null, voted=, raftlog=Memoized:s11@group-4EB49E3E6D70-SegmentedRaftLog:OPENED:c-1:lastnull, conf=conf: {index: -1, cur=peers:[]|listeners:[], old=null} STARTING
   FOLLOWER s11@group-4CD87B055E3A:t0, leader=null, voted=, raftlog=Memoized:s11@group-4CD87B055E3A-SegmentedRaftLog:OPENED:c-1:lastnull, conf=conf: {index: -1, cur=peers:[]|listeners:[], old=null} STARTING] size=2
  s10:  RUNNING [
   FOLLOWER s10@group-4EB49E3E6D70:t0, leader=null, voted=, raftlog=Memoized:s10@group-4EB49E3E6D70-SegmentedRaftLog:OPENED:c-1:lastnull, conf=conf: {index: -1, cur=peers:[]|listeners:[], old=null} STARTING
   FOLLOWER s10@group-4CD87B055E3A:t0, leader=null, voted=, raftlog=Memoized:s10@group-4CD87B055E3A-SegmentedRaftLog:OPENED:c-1:lastnull, conf=conf: {index: -1, cur=peers:[]|listeners:[], old=null} STARTING] size=2
  s13:  RUNNING [
   FOLLOWER s13@group-4EB49E3E6D70:t0, leader=null, voted=, raftlog=Memoized:s13@group-4EB49E3E6D70-SegmentedRaftLog:OPENED:c-1:lastnull, conf=conf: {index: -1, cur=peers:[]|listeners:[], old=null} STARTING
   FOLLOWER s13@group-4CD87B055E3A:t0, leader=null, voted=, raftlog=Memoized:s13@group-4CD87B055E3A-SegmentedRaftLog:OPENED:c-1:lastnull, conf=conf: {index: -1, cur=peers:[]|listeners:[], old=null} STARTING] size=2
  s12:  RUNNING [
   FOLLOWER s12@group-4EB49E3E6D70:t0, leader=null, voted=, raftlog=Memoized:s12@group-4EB49E3E6D70-SegmentedRaftLog:OPENED:c-1:lastnull, conf=conf: {index: -1, cur=peers:[]|listeners:[], old=null} STARTING
   FOLLOWER s12@group-4CD87B055E3A:t0, leader=null, voted=, raftlog=Memoized:s12@group-4CD87B055E3A-SegmentedRaftLog:OPENED:c-1:lastnull, conf=conf: {index: -1, cur=peers:[]|listeners:[], old=null} STARTING] size=2
  s14:  RUNNING [
   FOLLOWER s14@group-4EB49E3E6D70:t0, leader=null, voted=, raftlog=Memoized:s14@group-4EB49E3E6D70-SegmentedRaftLog:OPENED:c-1:lastnull, conf=conf: {index: -1, cur=peers:[]|listeners:[], old=null} STARTING
   FOLLOWER s14@group-4CD87B055E3A:t0, leader=null, voted=, raftlog=Memoized:s14@group-4CD87B055E3A-SegmentedRaftLog:OPENED:c-1:lastnull, conf=conf: {index: -1, cur=peers:[]|listeners:[], old=null} STARTING] size=2
  s0:  RUNNING [
   FOLLOWER s0@group-4EB49E3E6D70:t0, leader=null, voted=, raftlog=Memoized:s0@group-4EB49E3E6D70-SegmentedRaftLog:OPENED:c-1:lastnull, conf=conf: {index: -1, cur=peers:[]|listeners:[], old=null} STARTING
   FOLLOWER s0@group-4CD87B055E3A:t0, leader=null, voted=, raftlog=Memoized:s0@group-4CD87B055E3A-SegmentedRaftLog:OPENED:c-1:lastnull, conf=conf: {index: -1, cur=peers:[]|listeners:[], old=null} STARTING] size=2
  s1:  RUNNING [
   FOLLOWER s1@group-4EB49E3E6D70:t0, leader=null, voted=, raftlog=Memoized:s1@group-4EB49E3E6D70-SegmentedRaftLog:OPENED:c-1:lastnull, conf=conf: {index: -1, cur=peers:[]|listeners:[], old=null} STARTING
   FOLLOWER s1@group-4CD87B055E3A:t0, leader=null, voted=, raftlog=Memoized:s1@group-4CD87B055E3A-SegmentedRaftLog:OPENED:c-1:lastnull, conf=conf: {index: -1, cur=peers:[]|listeners:[], old=null} STARTING] size=2
  s2:  RUNNING [
   FOLLOWER s2@group-4EB49E3E6D70:t0, leader=null, voted=, raftlog=Memoized:s2@group-4EB49E3E6D70-SegmentedRaftLog:OPENED:c-1:lastnull, conf=conf: {index: -1, cur=peers:[]|listeners:[], old=null} STARTING
   FOLLOWER s2@group-4CD87B055E3A:t0, leader=null, voted=, raftlog=Memoized:s2@group-4CD87B055E3A-SegmentedRaftLog:OPENED:c-1:lastnull, conf=conf: {index: -1, cur=peers:[]|listeners:[], old=null} STARTING] size=2
2024-10-31 03:23:52,235 INFO  server.RaftServer$Division (RaftServerImpl.java:setConfigurationAsync(1341)) - s7@group-4CD87B055E3A: receive setConfiguration SetConfigurationRequest:client-8FB543527D95->s7@group-4CD87B055E3A, cid=1984, seq=null, RW, null, SET_UNCONDITIONALLY, servers:[s7, s8, s9, s0, s1], listeners:[]
2024-10-31 03:23:52,235 INFO  server.RaftServer$Division (LeaderStateImpl.java:startSetConfiguration(486)) - s7@group-4CD87B055E3A-LeaderStateImpl: startSetConfiguration SetConfigurationRequest:client-8FB543527D95->s7@group-4CD87B055E3A, cid=1984, seq=null, RW, null, SET_UNCONDITIONALLY, servers:[s7, s8, s9, s0, s1], listeners:[]
2024-10-31 03:23:52,237 INFO  server.RaftServerConfigKeys (ConfUtils.java:logGet(46)) - raft.server.log.appender.snapshot.chunk.size.max = 16MB (=16777216) (default)
2024-10-31 03:23:52,237 INFO  server.RaftServerConfigKeys (ConfUtils.java:logGet(46)) - raft.server.log.appender.buffer.byte-limit = 4MB (=4194304) (default)
2024-10-31 03:23:52,237 INFO  server.RaftServerConfigKeys (ConfUtils.java:logGet(46)) - raft.server.log.appender.buffer.element-limit = 0 (default)
2024-10-31 03:23:52,237 INFO  server.RaftServerConfigKeys (ConfUtils.java:logGet(46)) - raft.server.log.appender.wait-time.min = 1ms (default)
2024-10-31 03:23:52,237 INFO  server.RaftServerConfigKeys (ConfUtils.java:logGet(46)) - raft.server.log.appender.snapshot.chunk.size.max = 16MB (=16777216) (default)
2024-10-31 03:23:52,238 INFO  server.RaftServerConfigKeys (ConfUtils.java:logGet(46)) - raft.server.log.appender.buffer.byte-limit = 4MB (=4194304) (default)
2024-10-31 03:23:52,238 INFO  server.RaftServerConfigKeys (ConfUtils.java:logGet(46)) - raft.server.log.appender.buffer.element-limit = 0 (default)
2024-10-31 03:23:52,238 INFO  server.RaftServerConfigKeys (ConfUtils.java:logGet(46)) - raft.server.log.appender.wait-time.min = 1ms (default)
2024-10-31 03:23:52,238 INFO  leader.FollowerInfo (FollowerInfoImpl.java:setAttemptedToInstallSnapshot(154)) - Follower s7@group-4CD87B055E3A->s0 acknowledged installing snapshot
2024-10-31 03:23:52,239 INFO  leader.FollowerInfo (FollowerInfoImpl.java:setAttemptedToInstallSnapshot(154)) - Follower s7@group-4CD87B055E3A->s1 acknowledged installing snapshot
2024-10-31 03:23:52,240 TRACE util.FileUtils (LogUtils.java:supplyAndLog(69)) - Successfully supplied FileChannel.open /home/runner/work/ratis/ratis/ratis-examples/target/test/data/f203f927/MiniRaftClusterWithSimulatedRpca2d4e021/s0/8246d0e7-9b68-432a-a463-4cd87b055e3a/current/raft-meta.tmp with options [CREATE, WRITE]: sun.nio.ch.FileChannelImpl@2d082c5f
2024-10-31 03:23:52,240 TRACE util.FileUtils (LogUtils.java:supplyAndLog(69)) - Successfully supplied FileChannel.open /home/runner/work/ratis/ratis/ratis-examples/target/test/data/f203f927/MiniRaftClusterWithSimulatedRpca2d4e021/s1/8246d0e7-9b68-432a-a463-4cd87b055e3a/current/raft-meta.tmp with options [CREATE, WRITE]: sun.nio.ch.FileChannelImpl@175be4e0
2024-10-31 03:23:52,241 TRACE util.FileUtils (LogUtils.java:runAndLog(49)) - Successfully ran Atomic Files.move /home/runner/work/ratis/ratis/ratis-examples/target/test/data/f203f927/MiniRaftClusterWithSimulatedRpca2d4e021/s0/8246d0e7-9b68-432a-a463-4cd87b055e3a/current/raft-meta.tmp to /home/runner/work/ratis/ratis/ratis-examples/target/test/data/f203f927/MiniRaftClusterWithSimulatedRpca2d4e021/s0/8246d0e7-9b68-432a-a463-4cd87b055e3a/current/raft-meta with options [REPLACE_EXISTING]
2024-10-31 03:23:52,241 INFO  server.RaftServer$Division (RaftServerImpl.java:setFirstElection(563)) - s0@group-4CD87B055E3A: set firstElectionSinceStartup to false for appendEntries
2024-10-31 03:23:52,241 INFO  server.RaftServer$Division (ServerState.java:setLeader(272)) - s0@group-4CD87B055E3A: change Leader from null to s7 at term 1 for appendEntries, leader elected after 142ms
2024-10-31 03:23:52,242 TRACE util.FileUtils (LogUtils.java:runAndLog(49)) - Successfully ran Atomic Files.move /home/runner/work/ratis/ratis/ratis-examples/target/test/data/f203f927/MiniRaftClusterWithSimulatedRpca2d4e021/s1/8246d0e7-9b68-432a-a463-4cd87b055e3a/current/raft-meta.tmp to /home/runner/work/ratis/ratis/ratis-examples/target/test/data/f203f927/MiniRaftClusterWithSimulatedRpca2d4e021/s1/8246d0e7-9b68-432a-a463-4cd87b055e3a/current/raft-meta with options [REPLACE_EXISTING]
2024-10-31 03:23:52,242 INFO  server.RaftServer$Division (RaftServerImpl.java:setFirstElection(563)) - s1@group-4CD87B055E3A: set firstElectionSinceStartup to false for appendEntries
2024-10-31 03:23:52,242 INFO  server.RaftServer$Division (ServerState.java:setLeader(272)) - s1@group-4CD87B055E3A: change Leader from null to s7 at term 1 for appendEntries, leader elected after 133ms
2024-10-31 03:23:52,245 INFO  server.RaftServer$Division (ServerState.java:setRaftConf(386)) - s0@group-4CD87B055E3A: set configuration conf: {index: 0, cur=peers:[s7|, s8|, s9|]|listeners:[], old=null}
2024-10-31 03:23:52,245 INFO  segmented.SegmentedRaftLogWorker (SegmentedRaftLogWorker.java:startLogSegment(443)) - s0@group-4CD87B055E3A-SegmentedRaftLogWorker: Starting segment from index:0
2024-10-31 03:23:52,245 INFO  segmented.BufferedWriteChannel (BufferedWriteChannel.java:open(61)) - open log_inprogress_0 at position 0
2024-10-31 03:23:52,252 INFO  server.RaftServer$Division (ServerState.java:setRaftConf(386)) - s1@group-4CD87B055E3A: set configuration conf: {index: 0, cur=peers:[s7|, s8|, s9|]|listeners:[], old=null}
2024-10-31 03:23:52,253 INFO  segmented.SegmentedRaftLogWorker (SegmentedRaftLogWorker.java:startLogSegment(443)) - s1@group-4CD87B055E3A-SegmentedRaftLogWorker: Starting segment from index:0
2024-10-31 03:23:52,254 INFO  segmented.BufferedWriteChannel (BufferedWriteChannel.java:open(61)) - open log_inprogress_0 at position 0
2024-10-31 03:23:52,257 INFO  segmented.SegmentedRaftLogWorker (SegmentedRaftLogWorker.java:execute(666)) - s0@group-4CD87B055E3A-SegmentedRaftLogWorker: created new log segment /home/runner/work/ratis/ratis/ratis-examples/target/test/data/f203f927/MiniRaftClusterWithSimulatedRpca2d4e021/s0/8246d0e7-9b68-432a-a463-4cd87b055e3a/current/log_inprogress_0
2024-10-31 03:23:52,259 TRACE util.FileUtils (LogUtils.java:supplyAndLog(69)) - Successfully supplied FileChannel.open /home/runner/work/ratis/ratis/ratis-examples/target/test/data/f203f927/MiniRaftClusterWithSimulatedRpca2d4e021/s0/8246d0e7-9b68-432a-a463-4cd87b055e3a/current/raft-meta.conf.tmp with options [CREATE, WRITE]: sun.nio.ch.FileChannelImpl@17d2df2a
2024-10-31 03:23:52,262 TRACE util.FileUtils (LogUtils.java:runAndLog(49)) - Successfully ran Atomic Files.move /home/runner/work/ratis/ratis/ratis-examples/target/test/data/f203f927/MiniRaftClusterWithSimulatedRpca2d4e021/s0/8246d0e7-9b68-432a-a463-4cd87b055e3a/current/raft-meta.conf.tmp to /home/runner/work/ratis/ratis/ratis-examples/target/test/data/f203f927/MiniRaftClusterWithSimulatedRpca2d4e021/s0/8246d0e7-9b68-432a-a463-4cd87b055e3a/current/raft-meta.conf with options [REPLACE_EXISTING]
2024-10-31 03:23:52,267 INFO  segmented.SegmentedRaftLogWorker (SegmentedRaftLogWorker.java:execute(666)) - s1@group-4CD87B055E3A-SegmentedRaftLogWorker: created new log segment /home/runner/work/ratis/ratis/ratis-examples/target/test/data/f203f927/MiniRaftClusterWithSimulatedRpca2d4e021/s1/8246d0e7-9b68-432a-a463-4cd87b055e3a/current/log_inprogress_0
2024-10-31 03:23:52,270 TRACE util.FileUtils (LogUtils.java:supplyAndLog(69)) - Successfully supplied FileChannel.open /home/runner/work/ratis/ratis/ratis-examples/target/test/data/f203f927/MiniRaftClusterWithSimulatedRpca2d4e021/s1/8246d0e7-9b68-432a-a463-4cd87b055e3a/current/raft-meta.conf.tmp with options [CREATE, WRITE]: sun.nio.ch.FileChannelImpl@5c859fd8
2024-10-31 03:23:52,271 TRACE util.FileUtils (LogUtils.java:runAndLog(49)) - Successfully ran Atomic Files.move /home/runner/work/ratis/ratis/ratis-examples/target/test/data/f203f927/MiniRaftClusterWithSimulatedRpca2d4e021/s1/8246d0e7-9b68-432a-a463-4cd87b055e3a/current/raft-meta.conf.tmp to /home/runner/work/ratis/ratis/ratis-examples/target/test/data/f203f927/MiniRaftClusterWithSimulatedRpca2d4e021/s1/8246d0e7-9b68-432a-a463-4cd87b055e3a/current/raft-meta.conf with options [REPLACE_EXISTING]
2024-10-31 03:23:55,336 INFO  server.RaftServer$Division (RaftServerImpl.java:setConfigurationAsync(1341)) - s8@group-4CD87B055E3A: receive setConfiguration SetConfigurationRequest:client-8FB543527D95->s8@group-4CD87B055E3A, cid=1984, seq=null, RW, null, SET_UNCONDITIONALLY, servers:[s7, s8, s9, s0, s1], listeners:[]
2024-10-31 03:23:55,437 INFO  server.RaftServer$Division (RaftServerImpl.java:setConfigurationAsync(1341)) - s7@group-4CD87B055E3A: receive setConfiguration SetConfigurationRequest:client-8FB543527D95->s7@group-4CD87B055E3A, cid=1984, seq=null, RW, null, SET_UNCONDITIONALLY, servers:[s7, s8, s9, s0, s1], listeners:[]
2024-10-31 03:23:55,538 INFO  server.RaftServer$Division (RaftServerImpl.java:setConfigurationAsync(1341)) - s8@group-4CD87B055E3A: receive setConfiguration SetConfigurationRequest:client-8FB543527D95->s8@group-4CD87B055E3A, cid=1984, seq=null, RW, null, SET_UNCONDITIONALLY, servers:[s7, s8, s9, s0, s1], listeners:[]
2024-10-31 03:23:55,639 INFO  server.RaftServer$Division (RaftServerImpl.java:setConfigurationAsync(1341)) - s7@group-4CD87B055E3A: receive setConfiguration SetConfigurationRequest:client-8FB543527D95->s7@group-4CD87B055E3A, cid=1984, seq=null, RW, null, SET_UNCONDITIONALLY, servers:[s7, s8, s9, s0, s1], listeners:[]
2024-10-31 03:23:55,740 INFO  server.RaftServer$Division (RaftServerImpl.java:setConfigurationAsync(1341)) - s8@group-4CD87B055E3A: receive setConfiguration SetConfigurationRequest:client-8FB543527D95->s8@group-4CD87B055E3A, cid=1984, seq=null, RW, null, SET_UNCONDITIONALLY, servers:[s7, s8, s9, s0, s1], listeners:[]
2024-10-31 03:23:55,840 INFO  server.RaftServer$Division (RaftServerImpl.java:setConfigurationAsync(1341)) - s7@group-4CD87B055E3A: receive setConfiguration SetConfigurationRequest:client-8FB543527D95->s7@group-4CD87B055E3A, cid=1984, seq=null, RW, null, SET_UNCONDITIONALLY, servers:[s7, s8, s9, s0, s1], listeners:[]
2024-10-31 03:23:55,941 INFO  server.RaftServer$Division (RaftServerImpl.java:setConfigurationAsync(1341)) - s9@group-4CD87B055E3A: receive setConfiguration SetConfigurationRequest:client-8FB543527D95->s9@group-4CD87B055E3A, cid=1984, seq=null, RW, null, SET_UNCONDITIONALLY, servers:[s7, s8, s9, s0, s1], listeners:[]
2024-10-31 03:23:55,992 INFO  impl.MiniRaftCluster (MiniRaftCluster.java:lambda$null$7(362)) - TIMED-PRINT: printing ALL groups
  s3:  RUNNING [
   FOLLOWER s3@group-4EB49E3E6D70:t0, leader=null, voted=, raftlog=Memoized:s3@group-4EB49E3E6D70-SegmentedRaftLog:OPENED:c-1:lastnull, conf=conf: {index: -1, cur=peers:[]|listeners:[], old=null} STARTING
   FOLLOWER s3@group-4CD87B055E3A:t0, leader=null, voted=, raftlog=Memoized:s3@group-4CD87B055E3A-SegmentedRaftLog:OPENED:c-1:lastnull, conf=conf: {index: -1, cur=peers:[]|listeners:[], old=null} STARTING] size=2
  s4:  RUNNING [
   FOLLOWER s4@group-4EB49E3E6D70:t0, leader=null, voted=, raftlog=Memoized:s4@group-4EB49E3E6D70-SegmentedRaftLog:OPENED:c-1:lastnull, conf=conf: {index: -1, cur=peers:[]|listeners:[], old=null} STARTING
   FOLLOWER s4@group-4CD87B055E3A:t0, leader=null, voted=, raftlog=Memoized:s4@group-4CD87B055E3A-SegmentedRaftLog:OPENED:c-1:lastnull, conf=conf: {index: -1, cur=peers:[]|listeners:[], old=null} STARTING] size=2
  s5:  RUNNING [
   FOLLOWER s5@group-4EB49E3E6D70:t0, leader=null, voted=, raftlog=Memoized:s5@group-4EB49E3E6D70-SegmentedRaftLog:OPENED:c-1:lastnull, conf=conf: {index: -1, cur=peers:[]|listeners:[], old=null} STARTING
   FOLLOWER s5@group-4CD87B055E3A:t0, leader=null, voted=, raftlog=Memoized:s5@group-4CD87B055E3A-SegmentedRaftLog:OPENED:c-1:lastnull, conf=conf: {index: -1, cur=peers:[]|listeners:[], old=null} STARTING] size=2
  s6:  RUNNING [
   FOLLOWER s6@group-4EB49E3E6D70:t0, leader=null, voted=, raftlog=Memoized:s6@group-4EB49E3E6D70-SegmentedRaftLog:OPENED:c-1:lastnull, conf=conf: {index: -1, cur=peers:[]|listeners:[], old=null} STARTING
   FOLLOWER s6@group-4CD87B055E3A:t0, leader=null, voted=, raftlog=Memoized:s6@group-4CD87B055E3A-SegmentedRaftLog:OPENED:c-1:lastnull, conf=conf: {index: -1, cur=peers:[]|listeners:[], old=null} STARTING] size=2
  s7:  RUNNING [
   FOLLOWER s7@group-4EB49E3E6D70:t0, leader=null, voted=, raftlog=Memoized:s7@group-4EB49E3E6D70-SegmentedRaftLog:OPENED:c-1:lastnull, conf=conf: {index: -1, cur=peers:[]|listeners:[], old=null} STARTING
     LEADER s7@group-4CD87B055E3A:t1, leader=s7, voted=s7, raftlog=Memoized:s7@group-4CD87B055E3A-SegmentedRaftLog:OPENED:c120:last(t:1, i:120), conf=conf: {index: 0, cur=peers:[s7, s8, s9]|listeners:[], old=null} RUNNING] size=2
  s8:  RUNNING [
   FOLLOWER s8@group-4EB49E3E6D70:t0, leader=null, voted=, raftlog=Memoized:s8@group-4EB49E3E6D70-SegmentedRaftLog:OPENED:c-1:lastnull, conf=conf: {index: -1, cur=peers:[]|listeners:[], old=null} STARTING
   FOLLOWER s8@group-4CD87B055E3A:t1, leader=s7, voted=s7, raftlog=Memoized:s8@group-4CD87B055E3A-SegmentedRaftLog:OPENED:c120:last(t:1, i:120), conf=conf: {index: 0, cur=peers:[s7|, s8|, s9|]|listeners:[], old=null} RUNNING] size=2
  s9:  RUNNING [
   FOLLOWER s9@group-4EB49E3E6D70:t0, leader=null, voted=, raftlog=Memoized:s9@group-4EB49E3E6D70-SegmentedRaftLog:OPENED:c-1:lastnull, conf=conf: {index: -1, cur=peers:[]|listeners:[], old=null} STARTING
   FOLLOWER s9@group-4CD87B055E3A:t1, leader=s7, voted=s7, raftlog=Memoized:s9@group-4CD87B055E3A-SegmentedRaftLog:OPENED:c120:last(t:1, i:120), conf=conf: {index: 0, cur=peers:[s7|, s8|, s9|]|listeners:[], old=null} RUNNING] size=2
  s11:  RUNNING [
   FOLLOWER s11@group-4EB49E3E6D70:t0, leader=null, voted=, raftlog=Memoized:s11@group-4EB49E3E6D70-SegmentedRaftLog:OPENED:c-1:lastnull, conf=conf: {index: -1, cur=peers:[]|listeners:[], old=null} STARTING
   FOLLOWER s11@group-4CD87B055E3A:t0, leader=null, voted=, raftlog=Memoized:s11@group-4CD87B055E3A-SegmentedRaftLog:OPENED:c-1:lastnull, conf=conf: {index: -1, cur=peers:[]|listeners:[], old=null} STARTING] size=2
  s10:  RUNNING [
   FOLLOWER s10@group-4EB49E3E6D70:t0, leader=null, voted=, raftlog=Memoized:s10@group-4EB49E3E6D70-SegmentedRaftLog:OPENED:c-1:lastnull, conf=conf: {index: -1, cur=peers:[]|listeners:[], old=null} STARTING
   FOLLOWER s10@group-4CD87B055E3A:t0, leader=null, voted=, raftlog=Memoized:s10@group-4CD87B055E3A-SegmentedRaftLog:OPENED:c-1:lastnull, conf=conf: {index: -1, cur=peers:[]|listeners:[], old=null} STARTING] size=2
  s13:  RUNNING [
   FOLLOWER s13@group-4EB49E3E6D70:t0, leader=null, voted=, raftlog=Memoized:s13@group-4EB49E3E6D70-SegmentedRaftLog:OPENED:c-1:lastnull, conf=conf: {index: -1, cur=peers:[]|listeners:[], old=null} STARTING
   FOLLOWER s13@group-4CD87B055E3A:t0, leader=null, voted=, raftlog=Memoized:s13@group-4CD87B055E3A-SegmentedRaftLog:OPENED:c-1:lastnull, conf=conf: {index: -1, cur=peers:[]|listeners:[], old=null} STARTING] size=2
  s12:  RUNNING [
   FOLLOWER s12@group-4EB49E3E6D70:t0, leader=null, voted=, raftlog=Memoized:s12@group-4EB49E3E6D70-SegmentedRaftLog:OPENED:c-1:lastnull, conf=conf: {index: -1, cur=peers:[]|listeners:[], old=null} STARTING
   FOLLOWER s12@group-4CD87B055E3A:t0, leader=null, voted=, raftlog=Memoized:s12@group-4CD87B055E3A-SegmentedRaftLog:OPENED:c-1:lastnull, conf=conf: {index: -1, cur=peers:[]|listeners:[], old=null} STARTING] size=2
  s14:  RUNNING [
   FOLLOWER s14@group-4EB49E3E6D70:t0, leader=null, voted=, raftlog=Memoized:s14@group-4EB49E3E6D70-SegmentedRaftLog:OPENED:c-1:lastnull, conf=conf: {index: -1, cur=peers:[]|listeners:[], old=null} STARTING
   FOLLOWER s14@group-4CD87B055E3A:t0, leader=null, voted=, raftlog=Memoized:s14@group-4CD87B055E3A-SegmentedRaftLog:OPENED:c-1:lastnull, conf=conf: {index: -1, cur=peers:[]|listeners:[], old=null} STARTING] size=2
  s0:  RUNNING [
   FOLLOWER s0@group-4EB49E3E6D70:t0, leader=null, voted=, raftlog=Memoized:s0@group-4EB49E3E6D70-SegmentedRaftLog:OPENED:c-1:lastnull, conf=conf: {index: -1, cur=peers:[]|listeners:[], old=null} STARTING
   FOLLOWER s0@group-4CD87B055E3A:t1, leader=s7, voted=null, raftlog=Memoized:s0@group-4CD87B055E3A-SegmentedRaftLog:OPENED:c120:last(t:1, i:120), conf=conf: {index: 0, cur=peers:[s7|, s8|, s9|]|listeners:[], old=null} STARTING] size=2
  s1:  RUNNING [
   FOLLOWER s1@group-4EB49E3E6D70:t0, leader=null, voted=, raftlog=Memoized:s1@group-4EB49E3E6D70-SegmentedRaftLog:OPENED:c-1:lastnull, conf=conf: {index: -1, cur=peers:[]|listeners:[], old=null} STARTING
   FOLLOWER s1@group-4CD87B055E3A:t1, leader=s7, voted=null, raftlog=Memoized:s1@group-4CD87B055E3A-SegmentedRaftLog:OPENED:c120:last(t:1, i:120), conf=conf: {index: 0, cur=peers:[s7|, s8|, s9|]|listeners:[], old=null} STARTING] size=2
  s2:  RUNNING [
   FOLLOWER s2@group-4EB49E3E6D70:t0, leader=null, voted=, raftlog=Memoized:s2@group-4EB49E3E6D70-SegmentedRaftLog:OPENED:c-1:lastnull, conf=conf: {index: -1, cur=peers:[]|listeners:[], old=null} STARTING
   FOLLOWER s2@group-4CD87B055E3A:t0, leader=null, voted=, raftlog=Memoized:s2@group-4CD87B055E3A-SegmentedRaftLog:OPENED:c-1:lastnull, conf=conf: {index: -1, cur=peers:[]|listeners:[], old=null} STARTING] size=2
2024-10-31 03:23:56,042 INFO  server.RaftServer$Division (RaftServerImpl.java:setConfigurationAsync(1341)) - s7@group-4CD87B055E3A: receive setConfiguration SetConfigurationRequest:client-8FB543527D95->s7@group-4CD87B055E3A, cid=1984, seq=null, RW, null, SET_UNCONDITIONALLY, servers:[s7, s8, s9, s0, s1], listeners:[]
2024-10-31 03:23:56,143 INFO  server.RaftServer$Division (RaftServerImpl.java:setConfigurationAsync(1341)) - s9@group-4CD87B055E3A: receive setConfiguration SetConfigurationRequest:client-8FB543527D95->s9@group-4CD87B055E3A, cid=1984, seq=null, RW, null, SET_UNCONDITIONALLY, servers:[s7, s8, s9, s0, s1], listeners:[]
2024-10-31 03:23:56,244 INFO  server.RaftServer$Division (RaftServerImpl.java:setConfigurationAsync(1341)) - s7@group-4CD87B055E3A: receive setConfiguration SetConfigurationRequest:client-8FB543527D95->s7@group-4CD87B055E3A, cid=1984, seq=null, RW, null, SET_UNCONDITIONALLY, servers:[s7, s8, s9, s0, s1], listeners:[]
2024-10-31 03:23:56,345 INFO  server.RaftServer$Division (RaftServerImpl.java:setConfigurationAsync(1341)) - s9@group-4CD87B055E3A: receive setConfiguration SetConfigurationRequest:client-8FB543527D95->s9@group-4CD87B055E3A, cid=1984, seq=null, RW, null, SET_UNCONDITIONALLY, servers:[s7, s8, s9, s0, s1], listeners:[]
2024-10-31 03:23:56,445 INFO  server.RaftServer$Division (RaftServerImpl.java:setConfigurationAsync(1341)) - s7@group-4CD87B055E3A: receive setConfiguration SetConfigurationRequest:client-8FB543527D95->s7@group-4CD87B055E3A, cid=1984, seq=null, RW, null, SET_UNCONDITIONALLY, servers:[s7, s8, s9, s0, s1], listeners:[]
2024-10-31 03:23:56,546 INFO  server.RaftServer$Division (RaftServerImpl.java:setConfigurationAsync(1341)) - s8@group-4CD87B055E3A: receive setConfiguration SetConfigurationRequest:client-8FB543527D95->s8@group-4CD87B055E3A, cid=1984, seq=null, RW, null, SET_UNCONDITIONALLY, servers:[s7, s8, s9, s0, s1], listeners:[]
2024-10-31 03:23:56,646 INFO  server.RaftServer$Division (RaftServerImpl.java:setConfigurationAsync(1341)) - s7@group-4CD87B055E3A: receive setConfiguration SetConfigurationRequest:client-8FB543527D95->s7@group-4CD87B055E3A, cid=1984, seq=null, RW, null, SET_UNCONDITIONALLY, servers:[s7, s8, s9, s0, s1], listeners:[]
2024-10-31 03:23:56,748 INFO  server.RaftServer$Division (RaftServerImpl.java:setConfigurationAsync(1341)) - s9@group-4CD87B055E3A: receive setConfiguration SetConfigurationRequest:client-8FB543527D95->s9@group-4CD87B055E3A, cid=1984, seq=null, RW, null, SET_UNCONDITIONALLY, servers:[s7, s8, s9, s0, s1], listeners:[]
2024-10-31 03:23:56,848 INFO  server.RaftServer$Division (RaftServerImpl.java:setConfigurationAsync(1341)) - s7@group-4CD87B055E3A: receive setConfiguration SetConfigurationRequest:client-8FB543527D95->s7@group-4CD87B055E3A, cid=1984, seq=null, RW, null, SET_UNCONDITIONALLY, servers:[s7, s8, s9, s0, s1], listeners:[]
2024-10-31 03:23:56,949 INFO  server.RaftServer$Division (RaftServerImpl.java:setConfigurationAsync(1341)) - s9@group-4CD87B055E3A: receive setConfiguration SetConfigurationRequest:client-8FB543527D95->s9@group-4CD87B055E3A, cid=1984, seq=null, RW, null, SET_UNCONDITIONALLY, servers:[s7, s8, s9, s0, s1], listeners:[]
2024-10-31 03:23:57,050 INFO  server.RaftServer$Division (RaftServerImpl.java:setConfigurationAsync(1341)) - s7@group-4CD87B055E3A: receive setConfiguration SetConfigurationRequest:client-8FB543527D95->s7@group-4CD87B055E3A, cid=1984, seq=null, RW, null, SET_UNCONDITIONALLY, servers:[s7, s8, s9, s0, s1], listeners:[]
2024-10-31 03:23:57,151 INFO  server.RaftServer$Division (RaftServerImpl.java:setConfigurationAsync(1341)) - s9@group-4CD87B055E3A: receive setConfiguration SetConfigurationRequest:client-8FB543527D95->s9@group-4CD87B055E3A, cid=1984, seq=null, RW, null, SET_UNCONDITIONALLY, servers:[s7, s8, s9, s0, s1], listeners:[]
2024-10-31 03:23:57,251 INFO  server.RaftServer$Division (RaftServerImpl.java:setConfigurationAsync(1341)) - s7@group-4CD87B055E3A: receive setConfiguration SetConfigurationRequest:client-8FB543527D95->s7@group-4CD87B055E3A, cid=1984, seq=null, RW, null, SET_UNCONDITIONALLY, servers:[s7, s8, s9, s0, s1], listeners:[]
2024-10-31 03:23:57,352 INFO  server.RaftServer$Division (RaftServerImpl.java:setConfigurationAsync(1341)) - s8@group-4CD87B055E3A: receive setConfiguration SetConfigurationRequest:client-8FB543527D95->s8@group-4CD87B055E3A, cid=1984, seq=null, RW, null, SET_UNCONDITIONALLY, servers:[s7, s8, s9, s0, s1], listeners:[]
2024-10-31 03:23:57,453 INFO  server.RaftServer$Division (RaftServerImpl.java:setConfigurationAsync(1341)) - s7@group-4CD87B055E3A: receive setConfiguration SetConfigurationRequest:client-8FB543527D95->s7@group-4CD87B055E3A, cid=1984, seq=null, RW, null, SET_UNCONDITIONALLY, servers:[s7, s8, s9, s0, s1], listeners:[]
2024-10-31 03:23:57,554 INFO  server.RaftServer$Division (RaftServerImpl.java:setConfigurationAsync(1341)) - s9@group-4CD87B055E3A: receive setConfiguration SetConfigurationRequest:client-8FB543527D95->s9@group-4CD87B055E3A, cid=1984, seq=null, RW, null, SET_UNCONDITIONALLY, servers:[s7, s8, s9, s0, s1], listeners:[]
2024-10-31 03:23:57,654 INFO  server.RaftServer$Division (RaftServerImpl.java:setConfigurationAsync(1341)) - s7@group-4CD87B055E3A: receive setConfiguration SetConfigurationRequest:client-8FB543527D95->s7@group-4CD87B055E3A, cid=1984, seq=null, RW, null, SET_UNCONDITIONALLY, servers:[s7, s8, s9, s0, s1], listeners:[]
2024-10-31 03:23:57,756 INFO  server.RaftServer$Division (RaftServerImpl.java:setConfigurationAsync(1341)) - s9@group-4CD87B055E3A: receive setConfiguration SetConfigurationRequest:client-8FB543527D95->s9@group-4CD87B055E3A, cid=1984, seq=null, RW, null, SET_UNCONDITIONALLY, servers:[s7, s8, s9, s0, s1], listeners:[]
2024-10-31 03:23:57,856 INFO  server.RaftServer$Division (RaftServerImpl.java:setConfigurationAsync(1341)) - s7@group-4CD87B055E3A: receive setConfiguration SetConfigurationRequest:client-8FB543527D95->s7@group-4CD87B055E3A, cid=1984, seq=null, RW, null, SET_UNCONDITIONALLY, servers:[s7, s8, s9, s0, s1], listeners:[]
2024-10-31 03:23:57,957 INFO  server.RaftServer$Division (RaftServerImpl.java:setConfigurationAsync(1341)) - s9@group-4CD87B055E3A: receive setConfiguration SetConfigurationRequest:client-8FB543527D95->s9@group-4CD87B055E3A, cid=1984, seq=null, RW, null, SET_UNCONDITIONALLY, servers:[s7, s8, s9, s0, s1], listeners:[]
2024-10-31 03:23:58,058 INFO  server.RaftServer$Division (RaftServerImpl.java:setConfigurationAsync(1341)) - s7@group-4CD87B055E3A: receive setConfiguration SetConfigurationRequest:client-8FB543527D95->s7@group-4CD87B055E3A, cid=1984, seq=null, RW, null, SET_UNCONDITIONALLY, servers:[s7, s8, s9, s0, s1], listeners:[]
2024-10-31 03:23:58,159 INFO  server.RaftServer$Division (RaftServerImpl.java:setConfigurationAsync(1341)) - s8@group-4CD87B055E3A: receive setConfiguration SetConfigurationRequest:client-8FB543527D95->s8@group-4CD87B055E3A, cid=1984, seq=null, RW, null, SET_UNCONDITIONALLY, servers:[s7, s8, s9, s0, s1], listeners:[]
2024-10-31 03:23:58,259 INFO  server.RaftServer$Division (RaftServerImpl.java:setConfigurationAsync(1341)) - s7@group-4CD87B055E3A: receive setConfiguration SetConfigurationRequest:client-8FB543527D95->s7@group-4CD87B055E3A, cid=1984, seq=null, RW, null, SET_UNCONDITIONALLY, servers:[s7, s8, s9, s0, s1], listeners:[]
2024-10-31 03:23:58,361 INFO  server.RaftServer$Division (RaftServerImpl.java:setConfigurationAsync(1341)) - s8@group-4CD87B055E3A: receive setConfiguration SetConfigurationRequest:client-8FB543527D95->s8@group-4CD87B055E3A, cid=1984, seq=null, RW, null, SET_UNCONDITIONALLY, servers:[s7, s8, s9, s0, s1], listeners:[]
2024-10-31 03:23:58,461 INFO  server.RaftServer$Division (RaftServerImpl.java:setConfigurationAsync(1341)) - s7@group-4CD87B055E3A: receive setConfiguration SetConfigurationRequest:client-8FB543527D95->s7@group-4CD87B055E3A, cid=1984, seq=null, RW, null, SET_UNCONDITIONALLY, servers:[s7, s8, s9, s0, s1], listeners:[]
2024-10-31 03:23:58,562 INFO  server.RaftServer$Division (RaftServerImpl.java:setConfigurationAsync(1341)) - s8@group-4CD87B055E3A: receive setConfiguration SetConfigurationRequest:client-8FB543527D95->s8@group-4CD87B055E3A, cid=1984, seq=null, RW, null, SET_UNCONDITIONALLY, servers:[s7, s8, s9, s0, s1], listeners:[]
2024-10-31 03:23:58,663 INFO  server.RaftServer$Division (RaftServerImpl.java:setConfigurationAsync(1341)) - s7@group-4CD87B055E3A: receive setConfiguration SetConfigurationRequest:client-8FB543527D95->s7@group-4CD87B055E3A, cid=1984, seq=null, RW, null, SET_UNCONDITIONALLY, servers:[s7, s8, s9, s0, s1], listeners:[]
2024-10-31 03:23:58,763 INFO  server.RaftServer$Division (RaftServerImpl.java:setConfigurationAsync(1341)) - s8@group-4CD87B055E3A: receive setConfiguration SetConfigurationRequest:client-8FB543527D95->s8@group-4CD87B055E3A, cid=1984, seq=null, RW, null, SET_UNCONDITIONALLY, servers:[s7, s8, s9, s0, s1], listeners:[]
2024-10-31 03:23:58,864 INFO  server.RaftServer$Division (RaftServerImpl.java:setConfigurationAsync(1341)) - s7@group-4CD87B055E3A: receive setConfiguration SetConfigurationRequest:client-8FB543527D95->s7@group-4CD87B055E3A, cid=1984, seq=null, RW, null, SET_UNCONDITIONALLY, servers:[s7, s8, s9, s0, s1], listeners:[]
2024-10-31 03:23:58,965 INFO  server.RaftServer$Division (RaftServerImpl.java:setConfigurationAsync(1341)) - s9@group-4CD87B055E3A: receive setConfiguration SetConfigurationRequest:client-8FB543527D95->s9@group-4CD87B055E3A, cid=1984, seq=null, RW, null, SET_UNCONDITIONALLY, servers:[s7, s8, s9, s0, s1], listeners:[]
2024-10-31 03:23:59,065 INFO  server.RaftServer$Division (RaftServerImpl.java:setConfigurationAsync(1341)) - s7@group-4CD87B055E3A: receive setConfiguration SetConfigurationRequest:client-8FB543527D95->s7@group-4CD87B055E3A, cid=1984, seq=null, RW, null, SET_UNCONDITIONALLY, servers:[s7, s8, s9, s0, s1], listeners:[]
2024-10-31 03:23:59,166 INFO  server.RaftServer$Division (RaftServerImpl.java:setConfigurationAsync(1341)) - s9@group-4CD87B055E3A: receive setConfiguration SetConfigurationRequest:client-8FB543527D95->s9@group-4CD87B055E3A, cid=1984, seq=null, RW, null, SET_UNCONDITIONALLY, servers:[s7, s8, s9, s0, s1], listeners:[]
2024-10-31 03:23:59,267 INFO  server.RaftServer$Division (RaftServerImpl.java:setConfigurationAsync(1341)) - s7@group-4CD87B055E3A: receive setConfiguration SetConfigurationRequest:client-8FB543527D95->s7@group-4CD87B055E3A, cid=1984, seq=null, RW, null, SET_UNCONDITIONALLY, servers:[s7, s8, s9, s0, s1], listeners:[]
2024-10-31 03:23:59,368 INFO  server.RaftServer$Division (RaftServerImpl.java:setConfigurationAsync(1341)) - s9@group-4CD87B055E3A: receive setConfiguration SetConfigurationRequest:client-8FB543527D95->s9@group-4CD87B055E3A, cid=1984, seq=null, RW, null, SET_UNCONDITIONALLY, servers:[s7, s8, s9, s0, s1], listeners:[]
2024-10-31 03:23:59,469 INFO  server.RaftServer$Division (RaftServerImpl.java:setConfigurationAsync(1341)) - s7@group-4CD87B055E3A: receive setConfiguration SetConfigurationRequest:client-8FB543527D95->s7@group-4CD87B055E3A, cid=1984, seq=null, RW, null, SET_UNCONDITIONALLY, servers:[s7, s8, s9, s0, s1], listeners:[]
2024-10-31 03:23:59,570 INFO  server.RaftServer$Division (RaftServerImpl.java:setConfigurationAsync(1341)) - s8@group-4CD87B055E3A: receive setConfiguration SetConfigurationRequest:client-8FB543527D95->s8@group-4CD87B055E3A, cid=1984, seq=null, RW, null, SET_UNCONDITIONALLY, servers:[s7, s8, s9, s0, s1], listeners:[]
2024-10-31 03:23:59,670 INFO  server.RaftServer$Division (RaftServerImpl.java:setConfigurationAsync(1341)) - s7@group-4CD87B055E3A: receive setConfiguration SetConfigurationRequest:client-8FB543527D95->s7@group-4CD87B055E3A, cid=1984, seq=null, RW, null, SET_UNCONDITIONALLY, servers:[s7, s8, s9, s0, s1], listeners:[]
2024-10-31 03:23:59,771 INFO  server.RaftServer$Division (RaftServerImpl.java:setConfigurationAsync(1341)) - s9@group-4CD87B055E3A: receive setConfiguration SetConfigurationRequest:client-8FB543527D95->s9@group-4CD87B055E3A, cid=1984, seq=null, RW, null, SET_UNCONDITIONALLY, servers:[s7, s8, s9, s0, s1], listeners:[]
2024-10-31 03:23:59,872 INFO  server.RaftServer$Division (RaftServerImpl.java:setConfigurationAsync(1341)) - s7@group-4CD87B055E3A: receive setConfiguration SetConfigurationRequest:client-8FB543527D95->s7@group-4CD87B055E3A, cid=1984, seq=null, RW, null, SET_UNCONDITIONALLY, servers:[s7, s8, s9, s0, s1], listeners:[]
2024-10-31 03:23:59,973 INFO  server.RaftServer$Division (RaftServerImpl.java:setConfigurationAsync(1341)) - s8@group-4CD87B055E3A: receive setConfiguration SetConfigurationRequest:client-8FB543527D95->s8@group-4CD87B055E3A, cid=1984, seq=null, RW, null, SET_UNCONDITIONALLY, servers:[s7, s8, s9, s0, s1], listeners:[]
2024-10-31 03:24:00,073 INFO  server.RaftServer$Division (RaftServerImpl.java:setConfigurationAsync(1341)) - s7@group-4CD87B055E3A: receive setConfiguration SetConfigurationRequest:client-8FB543527D95->s7@group-4CD87B055E3A, cid=1984, seq=null, RW, null, SET_UNCONDITIONALLY, servers:[s7, s8, s9, s0, s1], listeners:[]
2024-10-31 03:24:00,174 INFO  server.RaftServer$Division (RaftServerImpl.java:setConfigurationAsync(1341)) - s8@group-4CD87B055E3A: receive setConfiguration SetConfigurationRequest:client-8FB543527D95->s8@group-4CD87B055E3A, cid=1984, seq=null, RW, null, SET_UNCONDITIONALLY, servers:[s7, s8, s9, s0, s1], listeners:[]
2024-10-31 03:24:00,274 INFO  server.RaftServer$Division (RaftServerImpl.java:setConfigurationAsync(1341)) - s7@group-4CD87B055E3A: receive setConfiguration SetConfigurationRequest:client-8FB543527D95->s7@group-4CD87B055E3A, cid=1984, seq=null, RW, null, SET_UNCONDITIONALLY, servers:[s7, s8, s9, s0, s1], listeners:[]
2024-10-31 03:24:00,376 INFO  server.RaftServer$Division (RaftServerImpl.java:setConfigurationAsync(1341)) - s8@group-4CD87B055E3A: receive setConfiguration SetConfigurationRequest:client-8FB543527D95->s8@group-4CD87B055E3A, cid=1984, seq=null, RW, null, SET_UNCONDITIONALLY, servers:[s7, s8, s9, s0, s1], listeners:[]
2024-10-31 03:24:00,476 INFO  server.RaftServer$Division (RaftServerImpl.java:setConfigurationAsync(1341)) - s7@group-4CD87B055E3A: receive setConfiguration SetConfigurationRequest:client-8FB543527D95->s7@group-4CD87B055E3A, cid=1984, seq=null, RW, null, SET_UNCONDITIONALLY, servers:[s7, s8, s9, s0, s1], listeners:[]
2024-10-31 03:24:00,577 INFO  server.RaftServer$Division (RaftServerImpl.java:setConfigurationAsync(1341)) - s8@group-4CD87B055E3A: receive setConfiguration SetConfigurationRequest:client-8FB543527D95->s8@group-4CD87B055E3A, cid=1984, seq=null, RW, null, SET_UNCONDITIONALLY, servers:[s7, s8, s9, s0, s1], listeners:[]
2024-10-31 03:24:00,677 INFO  server.RaftServer$Division (RaftServerImpl.java:setConfigurationAsync(1341)) - s7@group-4CD87B055E3A: receive setConfiguration SetConfigurationRequest:client-8FB543527D95->s7@group-4CD87B055E3A, cid=1984, seq=null, RW, null, SET_UNCONDITIONALLY, servers:[s7, s8, s9, s0, s1], listeners:[]
2024-10-31 03:24:00,778 INFO  server.RaftServer$Division (RaftServerImpl.java:setConfigurationAsync(1341)) - s8@group-4CD87B055E3A: receive setConfiguration SetConfigurationRequest:client-8FB543527D95->s8@group-4CD87B055E3A, cid=1984, seq=null, RW, null, SET_UNCONDITIONALLY, servers:[s7, s8, s9, s0, s1], listeners:[]
2024-10-31 03:24:00,879 INFO  server.RaftServer$Division (RaftServerImpl.java:setConfigurationAsync(1341)) - s7@group-4CD87B055E3A: receive setConfiguration SetConfigurationRequest:client-8FB543527D95->s7@group-4CD87B055E3A, cid=1984, seq=null, RW, null, SET_UNCONDITIONALLY, servers:[s7, s8, s9, s0, s1], listeners:[]
2024-10-31 03:24:00,980 INFO  server.RaftServer$Division (RaftServerImpl.java:setConfigurationAsync(1341)) - s9@group-4CD87B055E3A: receive setConfiguration SetConfigurationRequest:client-8FB543527D95->s9@group-4CD87B055E3A, cid=1984, seq=null, RW, null, SET_UNCONDITIONALLY, servers:[s7, s8, s9, s0, s1], listeners:[]
2024-10-31 03:24:01,080 INFO  server.RaftServer$Division (RaftServerImpl.java:setConfigurationAsync(1341)) - s7@group-4CD87B055E3A: receive setConfiguration SetConfigurationRequest:client-8FB543527D95->s7@group-4CD87B055E3A, cid=1984, seq=null, RW, null, SET_UNCONDITIONALLY, servers:[s7, s8, s9, s0, s1], listeners:[]
2024-10-31 03:24:01,181 INFO  server.RaftServer$Division (RaftServerImpl.java:setConfigurationAsync(1341)) - s9@group-4CD87B055E3A: receive setConfiguration SetConfigurationRequest:client-8FB543527D95->s9@group-4CD87B055E3A, cid=1984, seq=null, RW, null, SET_UNCONDITIONALLY, servers:[s7, s8, s9, s0, s1], listeners:[]
2024-10-31 03:24:01,281 INFO  server.RaftServer$Division (RaftServerImpl.java:setConfigurationAsync(1341)) - s7@group-4CD87B055E3A: receive setConfiguration SetConfigurationRequest:client-8FB543527D95->s7@group-4CD87B055E3A, cid=1984, seq=null, RW, null, SET_UNCONDITIONALLY, servers:[s7, s8, s9, s0, s1], listeners:[]
2024-10-31 03:24:01,382 INFO  server.RaftServer$Division (RaftServerImpl.java:setConfigurationAsync(1341)) - s8@group-4CD87B055E3A: receive setConfiguration SetConfigurationRequest:client-8FB543527D95->s8@group-4CD87B055E3A, cid=1984, seq=null, RW, null, SET_UNCONDITIONALLY, servers:[s7, s8, s9, s0, s1], listeners:[]
2024-10-31 03:24:01,483 INFO  server.RaftServer$Division (RaftServerImpl.java:setConfigurationAsync(1341)) - s7@group-4CD87B055E3A: receive setConfiguration SetConfigurationRequest:client-8FB543527D95->s7@group-4CD87B055E3A, cid=1984, seq=null, RW, null, SET_UNCONDITIONALLY, servers:[s7, s8, s9, s0, s1], listeners:[]
2024-10-31 03:24:01,584 INFO  server.RaftServer$Division (RaftServerImpl.java:setConfigurationAsync(1341)) - s8@group-4CD87B055E3A: receive setConfiguration SetConfigurationRequest:client-8FB543527D95->s8@group-4CD87B055E3A, cid=1984, seq=null, RW, null, SET_UNCONDITIONALLY, servers:[s7, s8, s9, s0, s1], listeners:[]
2024-10-31 03:24:01,684 INFO  server.RaftServer$Division (RaftServerImpl.java:setConfigurationAsync(1341)) - s7@group-4CD87B055E3A: receive setConfiguration SetConfigurationRequest:client-8FB543527D95->s7@group-4CD87B055E3A, cid=1984, seq=null, RW, null, SET_UNCONDITIONALLY, servers:[s7, s8, s9, s0, s1], listeners:[]
2024-10-31 03:24:01,785 INFO  server.RaftServer$Division (RaftServerImpl.java:setConfigurationAsync(1341)) - s8@group-4CD87B055E3A: receive setConfiguration SetConfigurationRequest:client-8FB543527D95->s8@group-4CD87B055E3A, cid=1984, seq=null, RW, null, SET_UNCONDITIONALLY, servers:[s7, s8, s9, s0, s1], listeners:[]
2024-10-31 03:24:01,885 INFO  server.RaftServer$Division (RaftServerImpl.java:setConfigurationAsync(1341)) - s7@group-4CD87B055E3A: receive setConfiguration SetConfigurationRequest:client-8FB543527D95->s7@group-4CD87B055E3A, cid=1984, seq=null, RW, null, SET_UNCONDITIONALLY, servers:[s7, s8, s9, s0, s1], listeners:[]
2024-10-31 03:24:01,986 INFO  server.RaftServer$Division (RaftServerImpl.java:setConfigurationAsync(1341)) - s8@group-4CD87B055E3A: receive setConfiguration SetConfigurationRequest:client-8FB543527D95->s8@group-4CD87B055E3A, cid=1984, seq=null, RW, null, SET_UNCONDITIONALLY, servers:[s7, s8, s9, s0, s1], listeners:[]
2024-10-31 03:24:02,087 INFO  server.RaftServer$Division (RaftServerImpl.java:setConfigurationAsync(1341)) - s7@group-4CD87B055E3A: receive setConfiguration SetConfigurationRequest:client-8FB543527D95->s7@group-4CD87B055E3A, cid=1984, seq=null, RW, null, SET_UNCONDITIONALLY, servers:[s7, s8, s9, s0, s1], listeners:[]
2024-10-31 03:24:02,188 INFO  server.RaftServer$Division (RaftServerImpl.java:setConfigurationAsync(1341)) - s9@group-4CD87B055E3A: receive setConfiguration SetConfigurationRequest:client-8FB543527D95->s9@group-4CD87B055E3A, cid=1984, seq=null, RW, null, SET_UNCONDITIONALLY, servers:[s7, s8, s9, s0, s1], listeners:[]
2024-10-31 03:24:02,288 INFO  server.RaftServer$Division (RaftServerImpl.java:setConfigurationAsync(1341)) - s7@group-4CD87B055E3A: receive setConfiguration SetConfigurationRequest:client-8FB543527D95->s7@group-4CD87B055E3A, cid=1984, seq=null, RW, null, SET_UNCONDITIONALLY, servers:[s7, s8, s9, s0, s1], listeners:[]
2024-10-31 03:24:02,389 INFO  server.RaftServer$Division (RaftServerImpl.java:setConfigurationAsync(1341)) - s9@group-4CD87B055E3A: receive setConfiguration SetConfigurationRequest:client-8FB543527D95->s9@group-4CD87B055E3A, cid=1984, seq=null, RW, null, SET_UNCONDITIONALLY, servers:[s7, s8, s9, s0, s1], listeners:[]
2024-10-31 03:24:02,490 INFO  server.RaftServer$Division (RaftServerImpl.java:setConfigurationAsync(1341)) - s7@group-4CD87B055E3A: receive setConfiguration SetConfigurationRequest:client-8FB543527D95->s7@group-4CD87B055E3A, cid=1984, seq=null, RW, null, SET_UNCONDITIONALLY, servers:[s7, s8, s9, s0, s1], listeners:[]
2024-10-31 03:24:02,591 INFO  server.RaftServer$Division (RaftServerImpl.java:setConfigurationAsync(1341)) - s8@group-4CD87B055E3A: receive setConfiguration SetConfigurationRequest:client-8FB543527D95->s8@group-4CD87B055E3A, cid=1984, seq=null, RW, null, SET_UNCONDITIONALLY, servers:[s7, s8, s9, s0, s1], listeners:[]
2024-10-31 03:24:02,691 INFO  server.RaftServer$Division (RaftServerImpl.java:setConfigurationAsync(1341)) - s7@group-4CD87B055E3A: receive setConfiguration SetConfigurationRequest:client-8FB543527D95->s7@group-4CD87B055E3A, cid=1984, seq=null, RW, null, SET_UNCONDITIONALLY, servers:[s7, s8, s9, s0, s1], listeners:[]
2024-10-31 03:24:02,792 INFO  server.RaftServer$Division (RaftServerImpl.java:setConfigurationAsync(1341)) - s9@group-4CD87B055E3A: receive setConfiguration SetConfigurationRequest:client-8FB543527D95->s9@group-4CD87B055E3A, cid=1984, seq=null, RW, null, SET_UNCONDITIONALLY, servers:[s7, s8, s9, s0, s1], listeners:[]
2024-10-31 03:24:02,892 INFO  server.RaftServer$Division (RaftServerImpl.java:setConfigurationAsync(1341)) - s7@group-4CD87B055E3A: receive setConfiguration SetConfigurationRequest:client-8FB543527D95->s7@group-4CD87B055E3A, cid=1984, seq=null, RW, null, SET_UNCONDITIONALLY, servers:[s7, s8, s9, s0, s1], listeners:[]
2024-10-31 03:24:02,993 INFO  server.RaftServer$Division (RaftServerImpl.java:setConfigurationAsync(1341)) - s9@group-4CD87B055E3A: receive setConfiguration SetConfigurationRequest:client-8FB543527D95->s9@group-4CD87B055E3A, cid=1984, seq=null, RW, null, SET_UNCONDITIONALLY, servers:[s7, s8, s9, s0, s1], listeners:[]
2024-10-31 03:24:03,094 INFO  server.RaftServer$Division (RaftServerImpl.java:setConfigurationAsync(1341)) - s7@group-4CD87B055E3A: receive setConfiguration SetConfigurationRequest:client-8FB543527D95->s7@group-4CD87B055E3A, cid=1984, seq=null, RW, null, SET_UNCONDITIONALLY, servers:[s7, s8, s9, s0, s1], listeners:[]
2024-10-31 03:24:03,195 INFO  server.RaftServer$Division (RaftServerImpl.java:setConfigurationAsync(1341)) - s8@group-4CD87B055E3A: receive setConfiguration SetConfigurationRequest:client-8FB543527D95->s8@group-4CD87B055E3A, cid=1984, seq=null, RW, null, SET_UNCONDITIONALLY, servers:[s7, s8, s9, s0, s1], listeners:[]
2024-10-31 03:24:03,295 INFO  server.RaftServer$Division (RaftServerImpl.java:setConfigurationAsync(1341)) - s7@group-4CD87B055E3A: receive setConfiguration SetConfigurationRequest:client-8FB543527D95->s7@group-4CD87B055E3A, cid=1984, seq=null, RW, null, SET_UNCONDITIONALLY, servers:[s7, s8, s9, s0, s1], listeners:[]
2024-10-31 03:24:03,397 INFO  server.RaftServer$Division (RaftServerImpl.java:setConfigurationAsync(1341)) - s8@group-4CD87B055E3A: receive setConfiguration SetConfigurationRequest:client-8FB543527D95->s8@group-4CD87B055E3A, cid=1984, seq=null, RW, null, SET_UNCONDITIONALLY, servers:[s7, s8, s9, s0, s1], listeners:[]
2024-10-31 03:24:03,497 INFO  server.RaftServer$Division (RaftServerImpl.java:setConfigurationAsync(1341)) - s7@group-4CD87B055E3A: receive setConfiguration SetConfigurationRequest:client-8FB543527D95->s7@group-4CD87B055E3A, cid=1984, seq=null, RW, null, SET_UNCONDITIONALLY, servers:[s7, s8, s9, s0, s1], listeners:[]
2024-10-31 03:24:03,598 INFO  server.RaftServer$Division (RaftServerImpl.java:setConfigurationAsync(1341)) - s9@group-4CD87B055E3A: receive setConfiguration SetConfigurationRequest:client-8FB543527D95->s9@group-4CD87B055E3A, cid=1984, seq=null, RW, null, SET_UNCONDITIONALLY, servers:[s7, s8, s9, s0, s1], listeners:[]
2024-10-31 03:24:03,698 INFO  server.RaftServer$Division (RaftServerImpl.java:setConfigurationAsync(1341)) - s7@group-4CD87B055E3A: receive setConfiguration SetConfigurationRequest:client-8FB543527D95->s7@group-4CD87B055E3A, cid=1984, seq=null, RW, null, SET_UNCONDITIONALLY, servers:[s7, s8, s9, s0, s1], listeners:[]
2024-10-31 03:24:03,799 INFO  server.RaftServer$Division (RaftServerImpl.java:setConfigurationAsync(1341)) - s9@group-4CD87B055E3A: receive setConfiguration SetConfigurationRequest:client-8FB543527D95->s9@group-4CD87B055E3A, cid=1984, seq=null, RW, null, SET_UNCONDITIONALLY, servers:[s7, s8, s9, s0, s1], listeners:[]
2024-10-31 03:24:03,899 INFO  server.RaftServer$Division (RaftServerImpl.java:setConfigurationAsync(1341)) - s7@group-4CD87B055E3A: receive setConfiguration SetConfigurationRequest:client-8FB543527D95->s7@group-4CD87B055E3A, cid=1984, seq=null, RW, null, SET_UNCONDITIONALLY, servers:[s7, s8, s9, s0, s1], listeners:[]
2024-10-31 03:24:03,999 INFO  server.RaftServer$Division (RaftServerImpl.java:setConfigurationAsync(1341)) - s9@group-4CD87B055E3A: receive setConfiguration SetConfigurationRequest:client-8FB543527D95->s9@group-4CD87B055E3A, cid=1984, seq=null, RW, null, SET_UNCONDITIONALLY, servers:[s7, s8, s9, s0, s1], listeners:[]
2024-10-31 03:24:04,100 INFO  server.RaftServer$Division (RaftServerImpl.java:setConfigurationAsync(1341)) - s7@group-4CD87B055E3A: receive setConfiguration SetConfigurationRequest:client-8FB543527D95->s7@group-4CD87B055E3A, cid=1984, seq=null, RW, null, SET_UNCONDITIONALLY, servers:[s7, s8, s9, s0, s1], listeners:[]
2024-10-31 03:24:04,200 INFO  server.RaftServer$Division (RaftServerImpl.java:setConfigurationAsync(1341)) - s9@group-4CD87B055E3A: receive setConfiguration SetConfigurationRequest:client-8FB543527D95->s9@group-4CD87B055E3A, cid=1984, seq=null, RW, null, SET_UNCONDITIONALLY, servers:[s7, s8, s9, s0, s1], listeners:[]
2024-10-31 03:24:04,301 INFO  server.RaftServer$Division (RaftServerImpl.java:setConfigurationAsync(1341)) - s7@group-4CD87B055E3A: receive setConfiguration SetConfigurationRequest:client-8FB543527D95->s7@group-4CD87B055E3A, cid=1984, seq=null, RW, null, SET_UNCONDITIONALLY, servers:[s7, s8, s9, s0, s1], listeners:[]
2024-10-31 03:24:04,401 INFO  server.RaftServer$Division (RaftServerImpl.java:setConfigurationAsync(1341)) - s9@group-4CD87B055E3A: receive setConfiguration SetConfigurationRequest:client-8FB543527D95->s9@group-4CD87B055E3A, cid=1984, seq=null, RW, null, SET_UNCONDITIONALLY, servers:[s7, s8, s9, s0, s1], listeners:[]
2024-10-31 03:24:04,501 INFO  server.RaftServer$Division (RaftServerImpl.java:setConfigurationAsync(1341)) - s7@group-4CD87B055E3A: receive setConfiguration SetConfigurationRequest:client-8FB543527D95->s7@group-4CD87B055E3A, cid=1984, seq=null, RW, null, SET_UNCONDITIONALLY, servers:[s7, s8, s9, s0, s1], listeners:[]
2024-10-31 03:24:04,602 INFO  server.RaftServer$Division (RaftServerImpl.java:setConfigurationAsync(1341)) - s8@group-4CD87B055E3A: receive setConfiguration SetConfigurationRequest:client-8FB543527D95->s8@group-4CD87B055E3A, cid=1984, seq=null, RW, null, SET_UNCONDITIONALLY, servers:[s7, s8, s9, s0, s1], listeners:[]
2024-10-31 03:24:04,702 INFO  server.RaftServer$Division (RaftServerImpl.java:setConfigurationAsync(1341)) - s7@group-4CD87B055E3A: receive setConfiguration SetConfigurationRequest:client-8FB543527D95->s7@group-4CD87B055E3A, cid=1984, seq=null, RW, null, SET_UNCONDITIONALLY, servers:[s7, s8, s9, s0, s1], listeners:[]
2024-10-31 03:24:04,803 INFO  server.RaftServer$Division (RaftServerImpl.java:setConfigurationAsync(1341)) - s9@group-4CD87B055E3A: receive setConfiguration SetConfigurationRequest:client-8FB543527D95->s9@group-4CD87B055E3A, cid=1984, seq=null, RW, null, SET_UNCONDITIONALLY, servers:[s7, s8, s9, s0, s1], listeners:[]
2024-10-31 03:24:04,903 INFO  server.RaftServer$Division (RaftServerImpl.java:setConfigurationAsync(1341)) - s7@group-4CD87B055E3A: receive setConfiguration SetConfigurationRequest:client-8FB543527D95->s7@group-4CD87B055E3A, cid=1984, seq=null, RW, null, SET_UNCONDITIONALLY, servers:[s7, s8, s9, s0, s1], listeners:[]
2024-10-31 03:24:05,004 INFO  server.RaftServer$Division (RaftServerImpl.java:setConfigurationAsync(1341)) - s8@group-4CD87B055E3A: receive setConfiguration SetConfigurationRequest:client-8FB543527D95->s8@group-4CD87B055E3A, cid=1984, seq=null, RW, null, SET_UNCONDITIONALLY, servers:[s7, s8, s9, s0, s1], listeners:[]
2024-10-31 03:24:05,104 INFO  server.RaftServer$Division (RaftServerImpl.java:setConfigurationAsync(1341)) - s7@group-4CD87B055E3A: receive setConfiguration SetConfigurationRequest:client-8FB543527D95->s7@group-4CD87B055E3A, cid=1984, seq=null, RW, null, SET_UNCONDITIONALLY, servers:[s7, s8, s9, s0, s1], listeners:[]
2024-10-31 03:24:05,204 INFO  server.RaftServer$Division (RaftServerImpl.java:setConfigurationAsync(1341)) - s8@group-4CD87B055E3A: receive setConfiguration SetConfigurationRequest:client-8FB543527D95->s8@group-4CD87B055E3A, cid=1984, seq=null, RW, null, SET_UNCONDITIONALLY, servers:[s7, s8, s9, s0, s1], listeners:[]
2024-10-31 03:24:05,305 INFO  server.RaftServer$Division (RaftServerImpl.java:setConfigurationAsync(1341)) - s7@group-4CD87B055E3A: receive setConfiguration SetConfigurationRequest:client-8FB543527D95->s7@group-4CD87B055E3A, cid=1984, seq=null, RW, null, SET_UNCONDITIONALLY, servers:[s7, s8, s9, s0, s1], listeners:[]
2024-10-31 03:24:05,405 INFO  server.RaftServer$Division (RaftServerImpl.java:setConfigurationAsync(1341)) - s8@group-4CD87B055E3A: receive setConfiguration SetConfigurationRequest:client-8FB543527D95->s8@group-4CD87B055E3A, cid=1984, seq=null, RW, null, SET_UNCONDITIONALLY, servers:[s7, s8, s9, s0, s1], listeners:[]
2024-10-31 03:24:05,506 INFO  server.RaftServer$Division (RaftServerImpl.java:setConfigurationAsync(1341)) - s7@group-4CD87B055E3A: receive setConfiguration SetConfigurationRequest:client-8FB543527D95->s7@group-4CD87B055E3A, cid=1984, seq=null, RW, null, SET_UNCONDITIONALLY, servers:[s7, s8, s9, s0, s1], listeners:[]
2024-10-31 03:24:05,606 INFO  server.RaftServer$Division (RaftServerImpl.java:setConfigurationAsync(1341)) - s9@group-4CD87B055E3A: receive setConfiguration SetConfigurationRequest:client-8FB543527D95->s9@group-4CD87B055E3A, cid=1984, seq=null, RW, null, SET_UNCONDITIONALLY, servers:[s7, s8, s9, s0, s1], listeners:[]
2024-10-31 03:24:05,707 INFO  server.RaftServer$Division (RaftServerImpl.java:setConfigurationAsync(1341)) - s7@group-4CD87B055E3A: receive setConfiguration SetConfigurationRequest:client-8FB543527D95->s7@group-4CD87B055E3A, cid=1984, seq=null, RW, null, SET_UNCONDITIONALLY, servers:[s7, s8, s9, s0, s1], listeners:[]
2024-10-31 03:24:05,807 INFO  server.RaftServer$Division (RaftServerImpl.java:setConfigurationAsync(1341)) - s9@group-4CD87B055E3A: receive setConfiguration SetConfigurationRequest:client-8FB543527D95->s9@group-4CD87B055E3A, cid=1984, seq=null, RW, null, SET_UNCONDITIONALLY, servers:[s7, s8, s9, s0, s1], listeners:[]
2024-10-31 03:24:05,908 INFO  server.RaftServer$Division (RaftServerImpl.java:setConfigurationAsync(1341)) - s7@group-4CD87B055E3A: receive setConfiguration SetConfigurationRequest:client-8FB543527D95->s7@group-4CD87B055E3A, cid=1984, seq=null, RW, null, SET_UNCONDITIONALLY, servers:[s7, s8, s9, s0, s1], listeners:[]
2024-10-31 03:24:05,991 INFO  impl.MiniRaftCluster (MiniRaftCluster.java:lambda$null$7(362)) - TIMED-PRINT: printing ALL groups
  s3:  RUNNING [
   FOLLOWER s3@group-4EB49E3E6D70:t0, leader=null, voted=, raftlog=Memoized:s3@group-4EB49E3E6D70-SegmentedRaftLog:OPENED:c-1:lastnull, conf=conf: {index: -1, cur=peers:[]|listeners:[], old=null} STARTING
   FOLLOWER s3@group-4CD87B055E3A:t0, leader=null, voted=, raftlog=Memoized:s3@group-4CD87B055E3A-SegmentedRaftLog:OPENED:c-1:lastnull, conf=conf: {index: -1, cur=peers:[]|listeners:[], old=null} STARTING] size=2
  s4:  RUNNING [
   FOLLOWER s4@group-4EB49E3E6D70:t0, leader=null, voted=, raftlog=Memoized:s4@group-4EB49E3E6D70-SegmentedRaftLog:OPENED:c-1:lastnull, conf=conf: {index: -1, cur=peers:[]|listeners:[], old=null} STARTING
   FOLLOWER s4@group-4CD87B055E3A:t0, leader=null, voted=, raftlog=Memoized:s4@group-4CD87B055E3A-SegmentedRaftLog:OPENED:c-1:lastnull, conf=conf: {index: -1, cur=peers:[]|listeners:[], old=null} STARTING] size=2
  s5:  RUNNING [
   FOLLOWER s5@group-4EB49E3E6D70:t0, leader=null, voted=, raftlog=Memoized:s5@group-4EB49E3E6D70-SegmentedRaftLog:OPENED:c-1:lastnull, conf=conf: {index: -1, cur=peers:[]|listeners:[], old=null} STARTING
   FOLLOWER s5@group-4CD87B055E3A:t0, leader=null, voted=, raftlog=Memoized:s5@group-4CD87B055E3A-SegmentedRaftLog:OPENED:c-1:lastnull, conf=conf: {index: -1, cur=peers:[]|listeners:[], old=null} STARTING] size=2
  s6:  RUNNING [
   FOLLOWER s6@group-4EB49E3E6D70:t0, leader=null, voted=, raftlog=Memoized:s6@group-4EB49E3E6D70-SegmentedRaftLog:OPENED:c-1:lastnull, conf=conf: {index: -1, cur=peers:[]|listeners:[], old=null} STARTING
   FOLLOWER s6@group-4CD87B055E3A:t0, leader=null, voted=, raftlog=Memoized:s6@group-4CD87B055E3A-SegmentedRaftLog:OPENED:c-1:lastnull, conf=conf: {index: -1, cur=peers:[]|listeners:[], old=null} STARTING] size=2
  s7:  RUNNING [
   FOLLOWER s7@group-4EB49E3E6D70:t0, leader=null, voted=, raftlog=Memoized:s7@group-4EB49E3E6D70-SegmentedRaftLog:OPENED:c-1:lastnull, conf=conf: {index: -1, cur=peers:[]|listeners:[], old=null} STARTING
     LEADER s7@group-4CD87B055E3A:t1, leader=s7, voted=s7, raftlog=Memoized:s7@group-4CD87B055E3A-SegmentedRaftLog:OPENED:c120:last(t:1, i:120), conf=conf: {index: 0, cur=peers:[s7, s8, s9]|listeners:[], old=null} RUNNING] size=2
  s8:  RUNNING [
   FOLLOWER s8@group-4EB49E3E6D70:t0, leader=null, voted=, raftlog=Memoized:s8@group-4EB49E3E6D70-SegmentedRaftLog:OPENED:c-1:lastnull, conf=conf: {index: -1, cur=peers:[]|listeners:[], old=null} STARTING
   FOLLOWER s8@group-4CD87B055E3A:t1, leader=s7, voted=s7, raftlog=Memoized:s8@group-4CD87B055E3A-SegmentedRaftLog:OPENED:c120:last(t:1, i:120), conf=conf: {index: 0, cur=peers:[s7|, s8|, s9|]|listeners:[], old=null} RUNNING] size=2
  s9:  RUNNING [
   FOLLOWER s9@group-4EB49E3E6D70:t0, leader=null, voted=, raftlog=Memoized:s9@group-4EB49E3E6D70-SegmentedRaftLog:OPENED:c-1:lastnull, conf=conf: {index: -1, cur=peers:[]|listeners:[], old=null} STARTING
   FOLLOWER s9@group-4CD87B055E3A:t1, leader=s7, voted=s7, raftlog=Memoized:s9@group-4CD87B055E3A-SegmentedRaftLog:OPENED:c120:last(t:1, i:120), conf=conf: {index: 0, cur=peers:[s7|, s8|, s9|]|listeners:[], old=null} RUNNING] size=2
  s11:  RUNNING [
   FOLLOWER s11@group-4EB49E3E6D70:t0, leader=null, voted=, raftlog=Memoized:s11@group-4EB49E3E6D70-SegmentedRaftLog:OPENED:c-1:lastnull, conf=conf: {index: -1, cur=peers:[]|listeners:[], old=null} STARTING
   FOLLOWER s11@group-4CD87B055E3A:t0, leader=null, voted=, raftlog=Memoized:s11@group-4CD87B055E3A-SegmentedRaftLog:OPENED:c-1:lastnull, conf=conf: {index: -1, cur=peers:[]|listeners:[], old=null} STARTING] size=2
  s10:  RUNNING [
   FOLLOWER s10@group-4EB49E3E6D70:t0, leader=null, voted=, raftlog=Memoized:s10@group-4EB49E3E6D70-SegmentedRaftLog:OPENED:c-1:lastnull, conf=conf: {index: -1, cur=peers:[]|listeners:[], old=null} STARTING
   FOLLOWER s10@group-4CD87B055E3A:t0, leader=null, voted=, raftlog=Memoized:s10@group-4CD87B055E3A-SegmentedRaftLog:OPENED:c-1:lastnull, conf=conf: {index: -1, cur=peers:[]|listeners:[], old=null} STARTING] size=2
  s13:  RUNNING [
   FOLLOWER s13@group-4EB49E3E6D70:t0, leader=null, voted=, raftlog=Memoized:s13@group-4EB49E3E6D70-SegmentedRaftLog:OPENED:c-1:lastnull, conf=conf: {index: -1, cur=peers:[]|listeners:[], old=null} STARTING
   FOLLOWER s13@group-4CD87B055E3A:t0, leader=null, voted=, raftlog=Memoized:s13@group-4CD87B055E3A-SegmentedRaftLog:OPENED:c-1:lastnull, conf=conf: {index: -1, cur=peers:[]|listeners:[], old=null} STARTING] size=2
  s12:  RUNNING [
   FOLLOWER s12@group-4EB49E3E6D70:t0, leader=null, voted=, raftlog=Memoized:s12@group-4EB49E3E6D70-SegmentedRaftLog:OPENED:c-1:lastnull, conf=conf: {index: -1, cur=peers:[]|listeners:[], old=null} STARTING
   FOLLOWER s12@group-4CD87B055E3A:t0, leader=null, voted=, raftlog=Memoized:s12@group-4CD87B055E3A-SegmentedRaftLog:OPENED:c-1:lastnull, conf=conf: {index: -1, cur=peers:[]|listeners:[], old=null} STARTING] size=2
  s14:  RUNNING [
   FOLLOWER s14@group-4EB49E3E6D70:t0, leader=null, voted=, raftlog=Memoized:s14@group-4EB49E3E6D70-SegmentedRaftLog:OPENED:c-1:lastnull, conf=conf: {index: -1, cur=peers:[]|listeners:[], old=null} STARTING
   FOLLOWER s14@group-4CD87B055E3A:t0, leader=null, voted=, raftlog=Memoized:s14@group-4CD87B055E3A-SegmentedRaftLog:OPENED:c-1:lastnull, conf=conf: {index: -1, cur=peers:[]|listeners:[], old=null} STARTING] size=2
  s0:  RUNNING [
   FOLLOWER s0@group-4EB49E3E6D70:t0, leader=null, voted=, raftlog=Memoized:s0@group-4EB49E3E6D70-SegmentedRaftLog:OPENED:c-1:lastnull, conf=conf: {index: -1, cur=peers:[]|listeners:[], old=null} STARTING
   FOLLOWER s0@group-4CD87B055E3A:t1, leader=s7, voted=null, raftlog=Memoized:s0@group-4CD87B055E3A-SegmentedRaftLog:OPENED:c120:last(t:1, i:120), conf=conf: {index: 0, cur=peers:[s7|, s8|, s9|]|listeners:[], old=null} STARTING] size=2
  s1:  RUNNING [
   FOLLOWER s1@group-4EB49E3E6D70:t0, leader=null, voted=, raftlog=Memoized:s1@group-4EB49E3E6D70-SegmentedRaftLog:OPENED:c-1:lastnull, conf=conf: {index: -1, cur=peers:[]|listeners:[], old=null} STARTING
   FOLLOWER s1@group-4CD87B055E3A:t1, leader=s7, voted=null, raftlog=Memoized:s1@group-4CD87B055E3A-SegmentedRaftLog:OPENED:c120:last(t:1, i:120), conf=conf: {index: 0, cur=peers:[s7|, s8|, s9|]|listeners:[], old=null} STARTING] size=2
  s2:  RUNNING [
   FOLLOWER s2@group-4EB49E3E6D70:t0, leader=null, voted=, raftlog=Memoized:s2@group-4EB49E3E6D70-SegmentedRaftLog:OPENED:c-1:lastnull, conf=conf: {index: -1, cur=peers:[]|listeners:[], old=null} STARTING
   FOLLOWER s2@group-4CD87B055E3A:t0, leader=null, voted=, raftlog=Memoized:s2@group-4CD87B055E3A-SegmentedRaftLog:OPENED:c-1:lastnull, conf=conf: {index: -1, cur=peers:[]|listeners:[], old=null} STARTING] size=2
2024-10-31 03:24:06,008 INFO  server.RaftServer$Division (RaftServerImpl.java:setConfigurationAsync(1341)) - s8@group-4CD87B055E3A: receive setConfiguration SetConfigurationRequest:client-8FB543527D95->s8@group-4CD87B055E3A, cid=1984, seq=null, RW, null, SET_UNCONDITIONALLY, servers:[s7, s8, s9, s0, s1], listeners:[]
2024-10-31 03:24:06,109 INFO  server.RaftServer$Division (RaftServerImpl.java:setConfigurationAsync(1341)) - s7@group-4CD87B055E3A: receive setConfiguration SetConfigurationRequest:client-8FB543527D95->s7@group-4CD87B055E3A, cid=1984, seq=null, RW, null, SET_UNCONDITIONALLY, servers:[s7, s8, s9, s0, s1], listeners:[]
2024-10-31 03:24:06,210 INFO  server.RaftServer$Division (RaftServerImpl.java:setConfigurationAsync(1341)) - s8@group-4CD87B055E3A: receive setConfiguration SetConfigurationRequest:client-8FB543527D95->s8@group-4CD87B055E3A, cid=1984, seq=null, RW, null, SET_UNCONDITIONALLY, servers:[s7, s8, s9, s0, s1], listeners:[]
2024-10-31 03:24:06,310 INFO  server.RaftServer$Division (RaftServerImpl.java:setConfigurationAsync(1341)) - s7@group-4CD87B055E3A: receive setConfiguration SetConfigurationRequest:client-8FB543527D95->s7@group-4CD87B055E3A, cid=1984, seq=null, RW, null, SET_UNCONDITIONALLY, servers:[s7, s8, s9, s0, s1], listeners:[]
2024-10-31 03:24:06,411 INFO  server.RaftServer$Division (RaftServerImpl.java:setConfigurationAsync(1341)) - s9@group-4CD87B055E3A: receive setConfiguration SetConfigurationRequest:client-8FB543527D95->s9@group-4CD87B055E3A, cid=1984, seq=null, RW, null, SET_UNCONDITIONALLY, servers:[s7, s8, s9, s0, s1], listeners:[]
2024-10-31 03:24:06,511 INFO  server.RaftServer$Division (RaftServerImpl.java:setConfigurationAsync(1341)) - s7@group-4CD87B055E3A: receive setConfiguration SetConfigurationRequest:client-8FB543527D95->s7@group-4CD87B055E3A, cid=1984, seq=null, RW, null, SET_UNCONDITIONALLY, servers:[s7, s8, s9, s0, s1], listeners:[]
2024-10-31 03:24:06,611 INFO  server.RaftServer$Division (RaftServerImpl.java:setConfigurationAsync(1341)) - s9@group-4CD87B055E3A: receive setConfiguration SetConfigurationRequest:client-8FB543527D95->s9@group-4CD87B055E3A, cid=1984, seq=null, RW, null, SET_UNCONDITIONALLY, servers:[s7, s8, s9, s0, s1], listeners:[]
2024-10-31 03:24:06,712 INFO  server.RaftServer$Division (RaftServerImpl.java:setConfigurationAsync(1341)) - s7@group-4CD87B055E3A: receive setConfiguration SetConfigurationRequest:client-8FB543527D95->s7@group-4CD87B055E3A, cid=1984, seq=null, RW, null, SET_UNCONDITIONALLY, servers:[s7, s8, s9, s0, s1], listeners:[]
2024-10-31 03:24:06,812 INFO  server.RaftServer$Division (RaftServerImpl.java:setConfigurationAsync(1341)) - s8@group-4CD87B055E3A: receive setConfiguration SetConfigurationRequest:client-8FB543527D95->s8@group-4CD87B055E3A, cid=1984, seq=null, RW, null, SET_UNCONDITIONALLY, servers:[s7, s8, s9, s0, s1], listeners:[]
2024-10-31 03:24:06,913 INFO  server.RaftServer$Division (RaftServerImpl.java:setConfigurationAsync(1341)) - s7@group-4CD87B055E3A: receive setConfiguration SetConfigurationRequest:client-8FB543527D95->s7@group-4CD87B055E3A, cid=1984, seq=null, RW, null, SET_UNCONDITIONALLY, servers:[s7, s8, s9, s0, s1], listeners:[]
2024-10-31 03:24:07,013 INFO  server.RaftServer$Division (RaftServerImpl.java:setConfigurationAsync(1341)) - s9@group-4CD87B055E3A: receive setConfiguration SetConfigurationRequest:client-8FB543527D95->s9@group-4CD87B055E3A, cid=1984, seq=null, RW, null, SET_UNCONDITIONALLY, servers:[s7, s8, s9, s0, s1], listeners:[]
2024-10-31 03:24:07,114 INFO  server.RaftServer$Division (RaftServerImpl.java:setConfigurationAsync(1341)) - s7@group-4CD87B055E3A: receive setConfiguration SetConfigurationRequest:client-8FB543527D95->s7@group-4CD87B055E3A, cid=1984, seq=null, RW, null, SET_UNCONDITIONALLY, servers:[s7, s8, s9, s0, s1], listeners:[]
2024-10-31 03:24:07,214 INFO  server.RaftServer$Division (RaftServerImpl.java:setConfigurationAsync(1341)) - s9@group-4CD87B055E3A: receive setConfiguration SetConfigurationRequest:client-8FB543527D95->s9@group-4CD87B055E3A, cid=1984, seq=null, RW, null, SET_UNCONDITIONALLY, servers:[s7, s8, s9, s0, s1], listeners:[]
2024-10-31 03:24:07,315 INFO  server.RaftServer$Division (RaftServerImpl.java:setConfigurationAsync(1341)) - s7@group-4CD87B055E3A: receive setConfiguration SetConfigurationRequest:client-8FB543527D95->s7@group-4CD87B055E3A, cid=1984, seq=null, RW, null, SET_UNCONDITIONALLY, servers:[s7, s8, s9, s0, s1], listeners:[]
2024-10-31 03:24:07,415 INFO  server.RaftServer$Division (RaftServerImpl.java:setConfigurationAsync(1341)) - s9@group-4CD87B055E3A: receive setConfiguration SetConfigurationRequest:client-8FB543527D95->s9@group-4CD87B055E3A, cid=1984, seq=null, RW, null, SET_UNCONDITIONALLY, servers:[s7, s8, s9, s0, s1], listeners:[]
2024-10-31 03:24:07,516 INFO  server.RaftServer$Division (RaftServerImpl.java:setConfigurationAsync(1341)) - s7@group-4CD87B055E3A: receive setConfiguration SetConfigurationRequest:client-8FB543527D95->s7@group-4CD87B055E3A, cid=1984, seq=null, RW, null, SET_UNCONDITIONALLY, servers:[s7, s8, s9, s0, s1], listeners:[]
2024-10-31 03:24:07,616 INFO  server.RaftServer$Division (RaftServerImpl.java:setConfigurationAsync(1341)) - s8@group-4CD87B055E3A: receive setConfiguration SetConfigurationRequest:client-8FB543527D95->s8@group-4CD87B055E3A, cid=1984, seq=null, RW, null, SET_UNCONDITIONALLY, servers:[s7, s8, s9, s0, s1], listeners:[]
2024-10-31 03:24:07,717 INFO  server.RaftServer$Division (RaftServerImpl.java:setConfigurationAsync(1341)) - s7@group-4CD87B055E3A: receive setConfiguration SetConfigurationRequest:client-8FB543527D95->s7@group-4CD87B055E3A, cid=1984, seq=null, RW, null, SET_UNCONDITIONALLY, servers:[s7, s8, s9, s0, s1], listeners:[]
2024-10-31 03:24:07,817 INFO  server.RaftServer$Division (RaftServerImpl.java:setConfigurationAsync(1341)) - s8@group-4CD87B055E3A: receive setConfiguration SetConfigurationRequest:client-8FB543527D95->s8@group-4CD87B055E3A, cid=1984, seq=null, RW, null, SET_UNCONDITIONALLY, servers:[s7, s8, s9, s0, s1], listeners:[]
2024-10-31 03:24:07,918 INFO  server.RaftServer$Division (RaftServerImpl.java:setConfigurationAsync(1341)) - s7@group-4CD87B055E3A: receive setConfiguration SetConfigurationRequest:client-8FB543527D95->s7@group-4CD87B055E3A, cid=1984, seq=null, RW, null, SET_UNCONDITIONALLY, servers:[s7, s8, s9, s0, s1], listeners:[]
2024-10-31 03:24:08,018 INFO  server.RaftServer$Division (RaftServerImpl.java:setConfigurationAsync(1341)) - s8@group-4CD87B055E3A: receive setConfiguration SetConfigurationRequest:client-8FB543527D95->s8@group-4CD87B055E3A, cid=1984, seq=null, RW, null, SET_UNCONDITIONALLY, servers:[s7, s8, s9, s0, s1], listeners:[]
2024-10-31 03:24:08,119 INFO  server.RaftServer$Division (RaftServerImpl.java:setConfigurationAsync(1341)) - s7@group-4CD87B055E3A: receive setConfiguration SetConfigurationRequest:client-8FB543527D95->s7@group-4CD87B055E3A, cid=1984, seq=null, RW, null, SET_UNCONDITIONALLY, servers:[s7, s8, s9, s0, s1], listeners:[]
2024-10-31 03:24:08,219 INFO  server.RaftServer$Division (RaftServerImpl.java:setConfigurationAsync(1341)) - s8@group-4CD87B055E3A: receive setConfiguration SetConfigurationRequest:client-8FB543527D95->s8@group-4CD87B055E3A, cid=1984, seq=null, RW, null, SET_UNCONDITIONALLY, servers:[s7, s8, s9, s0, s1], listeners:[]
2024-10-31 03:24:08,320 INFO  server.RaftServer$Division (RaftServerImpl.java:setConfigurationAsync(1341)) - s7@group-4CD87B055E3A: receive setConfiguration SetConfigurationRequest:client-8FB543527D95->s7@group-4CD87B055E3A, cid=1984, seq=null, RW, null, SET_UNCONDITIONALLY, servers:[s7, s8, s9, s0, s1], listeners:[]
2024-10-31 03:24:08,420 INFO  server.RaftServer$Division (RaftServerImpl.java:setConfigurationAsync(1341)) - s9@group-4CD87B055E3A: receive setConfiguration SetConfigurationRequest:client-8FB543527D95->s9@group-4CD87B055E3A, cid=1984, seq=null, RW, null, SET_UNCONDITIONALLY, servers:[s7, s8, s9, s0, s1], listeners:[]
2024-10-31 03:24:08,521 INFO  server.RaftServer$Division (RaftServerImpl.java:setConfigurationAsync(1341)) - s7@group-4CD87B055E3A: receive setConfiguration SetConfigurationRequest:client-8FB543527D95->s7@group-4CD87B055E3A, cid=1984, seq=null, RW, null, SET_UNCONDITIONALLY, servers:[s7, s8, s9, s0, s1], listeners:[]
2024-10-31 03:24:08,622 INFO  server.RaftServer$Division (RaftServerImpl.java:setConfigurationAsync(1341)) - s8@group-4CD87B055E3A: receive setConfiguration SetConfigurationRequest:client-8FB543527D95->s8@group-4CD87B055E3A, cid=1984, seq=null, RW, null, SET_UNCONDITIONALLY, servers:[s7, s8, s9, s0, s1], listeners:[]
2024-10-31 03:24:08,722 INFO  server.RaftServer$Division (RaftServerImpl.java:setConfigurationAsync(1341)) - s7@group-4CD87B055E3A: receive setConfiguration SetConfigurationRequest:client-8FB543527D95->s7@group-4CD87B055E3A, cid=1984, seq=null, RW, null, SET_UNCONDITIONALLY, servers:[s7, s8, s9, s0, s1], listeners:[]
2024-10-31 03:24:08,823 INFO  server.RaftServer$Division (RaftServerImpl.java:setConfigurationAsync(1341)) - s8@group-4CD87B055E3A: receive setConfiguration SetConfigurationRequest:client-8FB543527D95->s8@group-4CD87B055E3A, cid=1984, seq=null, RW, null, SET_UNCONDITIONALLY, servers:[s7, s8, s9, s0, s1], listeners:[]
2024-10-31 03:24:08,923 INFO  server.RaftServer$Division (RaftServerImpl.java:setConfigurationAsync(1341)) - s7@group-4CD87B055E3A: receive setConfiguration SetConfigurationRequest:client-8FB543527D95->s7@group-4CD87B055E3A, cid=1984, seq=null, RW, null, SET_UNCONDITIONALLY, servers:[s7, s8, s9, s0, s1], listeners:[]
2024-10-31 03:24:09,024 INFO  server.RaftServer$Division (RaftServerImpl.java:setConfigurationAsync(1341)) - s8@group-4CD87B055E3A: receive setConfiguration SetConfigurationRequest:client-8FB543527D95->s8@group-4CD87B055E3A, cid=1984, seq=null, RW, null, SET_UNCONDITIONALLY, servers:[s7, s8, s9, s0, s1], listeners:[]
2024-10-31 03:24:09,124 INFO  server.RaftServer$Division (RaftServerImpl.java:setConfigurationAsync(1341)) - s7@group-4CD87B055E3A: receive setConfiguration SetConfigurationRequest:client-8FB543527D95->s7@group-4CD87B055E3A, cid=1984, seq=null, RW, null, SET_UNCONDITIONALLY, servers:[s7, s8, s9, s0, s1], listeners:[]
2024-10-31 03:24:09,225 INFO  server.RaftServer$Division (RaftServerImpl.java:setConfigurationAsync(1341)) - s8@group-4CD87B055E3A: receive setConfiguration SetConfigurationRequest:client-8FB543527D95->s8@group-4CD87B055E3A, cid=1984, seq=null, RW, null, SET_UNCONDITIONALLY, servers:[s7, s8, s9, s0, s1], listeners:[]
2024-10-31 03:24:09,325 INFO  server.RaftServer$Division (RaftServerImpl.java:setConfigurationAsync(1341)) - s7@group-4CD87B055E3A: receive setConfiguration SetConfigurationRequest:client-8FB543527D95->s7@group-4CD87B055E3A, cid=1984, seq=null, RW, null, SET_UNCONDITIONALLY, servers:[s7, s8, s9, s0, s1], listeners:[]
2024-10-31 03:24:09,426 INFO  server.RaftServer$Division (RaftServerImpl.java:setConfigurationAsync(1341)) - s8@group-4CD87B055E3A: receive setConfiguration SetConfigurationRequest:client-8FB543527D95->s8@group-4CD87B055E3A, cid=1984, seq=null, RW, null, SET_UNCONDITIONALLY, servers:[s7, s8, s9, s0, s1], listeners:[]
2024-10-31 03:24:09,526 INFO  server.RaftServer$Division (RaftServerImpl.java:setConfigurationAsync(1341)) - s7@group-4CD87B055E3A: receive setConfiguration SetConfigurationRequest:client-8FB543527D95->s7@group-4CD87B055E3A, cid=1984, seq=null, RW, null, SET_UNCONDITIONALLY, servers:[s7, s8, s9, s0, s1], listeners:[]
2024-10-31 03:24:09,627 INFO  server.RaftServer$Division (RaftServerImpl.java:setConfigurationAsync(1341)) - s9@group-4CD87B055E3A: receive setConfiguration SetConfigurationRequest:client-8FB543527D95->s9@group-4CD87B055E3A, cid=1984, seq=null, RW, null, SET_UNCONDITIONALLY, servers:[s7, s8, s9, s0, s1], listeners:[]
2024-10-31 03:24:09,728 INFO  server.RaftServer$Division (RaftServerImpl.java:setConfigurationAsync(1341)) - s7@group-4CD87B055E3A: receive setConfiguration SetConfigurationRequest:client-8FB543527D95->s7@group-4CD87B055E3A, cid=1984, seq=null, RW, null, SET_UNCONDITIONALLY, servers:[s7, s8, s9, s0, s1], listeners:[]
2024-10-31 03:24:09,828 INFO  server.RaftServer$Division (RaftServerImpl.java:setConfigurationAsync(1341)) - s8@group-4CD87B055E3A: receive setConfiguration SetConfigurationRequest:client-8FB543527D95->s8@group-4CD87B055E3A, cid=1984, seq=null, RW, null, SET_UNCONDITIONALLY, servers:[s7, s8, s9, s0, s1], listeners:[]
2024-10-31 03:24:09,929 INFO  server.RaftServer$Division (RaftServerImpl.java:setConfigurationAsync(1341)) - s7@group-4CD87B055E3A: receive setConfiguration SetConfigurationRequest:client-8FB543527D95->s7@group-4CD87B055E3A, cid=1984, seq=null, RW, null, SET_UNCONDITIONALLY, servers:[s7, s8, s9, s0, s1], listeners:[]
2024-10-31 03:24:10,029 INFO  server.RaftServer$Division (RaftServerImpl.java:setConfigurationAsync(1341)) - s9@group-4CD87B055E3A: receive setConfiguration SetConfigurationRequest:client-8FB543527D95->s9@group-4CD87B055E3A, cid=1984, seq=null, RW, null, SET_UNCONDITIONALLY, servers:[s7, s8, s9, s0, s1], listeners:[]
2024-10-31 03:24:10,130 INFO  server.RaftServer$Division (RaftServerImpl.java:setConfigurationAsync(1341)) - s7@group-4CD87B055E3A: receive setConfiguration SetConfigurationRequest:client-8FB543527D95->s7@group-4CD87B055E3A, cid=1984, seq=null, RW, null, SET_UNCONDITIONALLY, servers:[s7, s8, s9, s0, s1], listeners:[]
2024-10-31 03:24:10,230 INFO  server.RaftServer$Division (RaftServerImpl.java:setConfigurationAsync(1341)) - s8@group-4CD87B055E3A: receive setConfiguration SetConfigurationRequest:client-8FB543527D95->s8@group-4CD87B055E3A, cid=1984, seq=null, RW, null, SET_UNCONDITIONALLY, servers:[s7, s8, s9, s0, s1], listeners:[]
2024-10-31 03:24:10,331 INFO  server.RaftServer$Division (RaftServerImpl.java:setConfigurationAsync(1341)) - s7@group-4CD87B055E3A: receive setConfiguration SetConfigurationRequest:client-8FB543527D95->s7@group-4CD87B055E3A, cid=1984, seq=null, RW, null, SET_UNCONDITIONALLY, servers:[s7, s8, s9, s0, s1], listeners:[]
2024-10-31 03:24:10,432 INFO  server.RaftServer$Division (RaftServerImpl.java:setConfigurationAsync(1341)) - s8@group-4CD87B055E3A: receive setConfiguration SetConfigurationRequest:client-8FB543527D95->s8@group-4CD87B055E3A, cid=1984, seq=null, RW, null, SET_UNCONDITIONALLY, servers:[s7, s8, s9, s0, s1], listeners:[]
2024-10-31 03:24:10,532 INFO  server.RaftServer$Division (RaftServerImpl.java:setConfigurationAsync(1341)) - s7@group-4CD87B055E3A: receive setConfiguration SetConfigurationRequest:client-8FB543527D95->s7@group-4CD87B055E3A, cid=1984, seq=null, RW, null, SET_UNCONDITIONALLY, servers:[s7, s8, s9, s0, s1], listeners:[]
2024-10-31 03:24:10,633 INFO  server.RaftServer$Division (RaftServerImpl.java:setConfigurationAsync(1341)) - s9@group-4CD87B055E3A: receive setConfiguration SetConfigurationRequest:client-8FB543527D95->s9@group-4CD87B055E3A, cid=1984, seq=null, RW, null, SET_UNCONDITIONALLY, servers:[s7, s8, s9, s0, s1], listeners:[]
2024-10-31 03:24:10,733 INFO  server.RaftServer$Division (RaftServerImpl.java:setConfigurationAsync(1341)) - s7@group-4CD87B055E3A: receive setConfiguration SetConfigurationRequest:client-8FB543527D95->s7@group-4CD87B055E3A, cid=1984, seq=null, RW, null, SET_UNCONDITIONALLY, servers:[s7, s8, s9, s0, s1], listeners:[]
2024-10-31 03:24:10,834 INFO  server.RaftServer$Division (RaftServerImpl.java:setConfigurationAsync(1341)) - s9@group-4CD87B055E3A: receive setConfiguration SetConfigurationRequest:client-8FB543527D95->s9@group-4CD87B055E3A, cid=1984, seq=null, RW, null, SET_UNCONDITIONALLY, servers:[s7, s8, s9, s0, s1], listeners:[]
2024-10-31 03:24:10,935 INFO  server.RaftServer$Division (RaftServerImpl.java:setConfigurationAsync(1341)) - s7@group-4CD87B055E3A: receive setConfiguration SetConfigurationRequest:client-8FB543527D95->s7@group-4CD87B055E3A, cid=1984, seq=null, RW, null, SET_UNCONDITIONALLY, servers:[s7, s8, s9, s0, s1], listeners:[]
2024-10-31 03:24:11,035 INFO  server.RaftServer$Division (RaftServerImpl.java:setConfigurationAsync(1341)) - s8@group-4CD87B055E3A: receive setConfiguration SetConfigurationRequest:client-8FB543527D95->s8@group-4CD87B055E3A, cid=1984, seq=null, RW, null, SET_UNCONDITIONALLY, servers:[s7, s8, s9, s0, s1], listeners:[]
2024-10-31 03:24:11,135 INFO  server.RaftServer$Division (RaftServerImpl.java:setConfigurationAsync(1341)) - s7@group-4CD87B055E3A: receive setConfiguration SetConfigurationRequest:client-8FB543527D95->s7@group-4CD87B055E3A, cid=1984, seq=null, RW, null, SET_UNCONDITIONALLY, servers:[s7, s8, s9, s0, s1], listeners:[]
2024-10-31 03:24:11,236 INFO  server.RaftServer$Division (RaftServerImpl.java:setConfigurationAsync(1341)) - s8@group-4CD87B055E3A: receive setConfiguration SetConfigurationRequest:client-8FB543527D95->s8@group-4CD87B055E3A, cid=1984, seq=null, RW, null, SET_UNCONDITIONALLY, servers:[s7, s8, s9, s0, s1], listeners:[]
2024-10-31 03:24:11,337 INFO  server.RaftServer$Division (RaftServerImpl.java:setConfigurationAsync(1341)) - s7@group-4CD87B055E3A: receive setConfiguration SetConfigurationRequest:client-8FB543527D95->s7@group-4CD87B055E3A, cid=1984, seq=null, RW, null, SET_UNCONDITIONALLY, servers:[s7, s8, s9, s0, s1], listeners:[]
2024-10-31 03:24:11,437 INFO  server.RaftServer$Division (RaftServerImpl.java:setConfigurationAsync(1341)) - s9@group-4CD87B055E3A: receive setConfiguration SetConfigurationRequest:client-8FB543527D95->s9@group-4CD87B055E3A, cid=1984, seq=null, RW, null, SET_UNCONDITIONALLY, servers:[s7, s8, s9, s0, s1], listeners:[]
2024-10-31 03:24:11,538 INFO  server.RaftServer$Division (RaftServerImpl.java:setConfigurationAsync(1341)) - s7@group-4CD87B055E3A: receive setConfiguration SetConfigurationRequest:client-8FB543527D95->s7@group-4CD87B055E3A, cid=1984, seq=null, RW, null, SET_UNCONDITIONALLY, servers:[s7, s8, s9, s0, s1], listeners:[]
2024-10-31 03:24:11,638 INFO  server.RaftServer$Division (RaftServerImpl.java:setConfigurationAsync(1341)) - s8@group-4CD87B055E3A: receive setConfiguration SetConfigurationRequest:client-8FB543527D95->s8@group-4CD87B055E3A, cid=1984, seq=null, RW, null, SET_UNCONDITIONALLY, servers:[s7, s8, s9, s0, s1], listeners:[]
2024-10-31 03:24:11,739 INFO  server.RaftServer$Division (RaftServerImpl.java:setConfigurationAsync(1341)) - s7@group-4CD87B055E3A: receive setConfiguration SetConfigurationRequest:client-8FB543527D95->s7@group-4CD87B055E3A, cid=1984, seq=null, RW, null, SET_UNCONDITIONALLY, servers:[s7, s8, s9, s0, s1], listeners:[]
2024-10-31 03:24:11,839 INFO  server.RaftServer$Division (RaftServerImpl.java:setConfigurationAsync(1341)) - s9@group-4CD87B055E3A: receive setConfiguration SetConfigurationRequest:client-8FB543527D95->s9@group-4CD87B055E3A, cid=1984, seq=null, RW, null, SET_UNCONDITIONALLY, servers:[s7, s8, s9, s0, s1], listeners:[]
2024-10-31 03:24:11,940 INFO  server.RaftServer$Division (RaftServerImpl.java:setConfigurationAsync(1341)) - s7@group-4CD87B055E3A: receive setConfiguration SetConfigurationRequest:client-8FB543527D95->s7@group-4CD87B055E3A, cid=1984, seq=null, RW, null, SET_UNCONDITIONALLY, servers:[s7, s8, s9, s0, s1], listeners:[]
2024-10-31 03:24:12,040 INFO  server.RaftServer$Division (RaftServerImpl.java:setConfigurationAsync(1341)) - s9@group-4CD87B055E3A: receive setConfiguration SetConfigurationRequest:client-8FB543527D95->s9@group-4CD87B055E3A, cid=1984, seq=null, RW, null, SET_UNCONDITIONALLY, servers:[s7, s8, s9, s0, s1], listeners:[]
2024-10-31 03:24:12,141 INFO  server.RaftServer$Division (RaftServerImpl.java:setConfigurationAsync(1341)) - s7@group-4CD87B055E3A: receive setConfiguration SetConfigurationRequest:client-8FB543527D95->s7@group-4CD87B055E3A, cid=1984, seq=null, RW, null, SET_UNCONDITIONALLY, servers:[s7, s8, s9, s0, s1], listeners:[]
2024-10-31 03:24:12,241 INFO  server.RaftServer$Division (RaftServerImpl.java:setConfigurationAsync(1341)) - s8@group-4CD87B055E3A: receive setConfiguration SetConfigurationRequest:client-8FB543527D95->s8@group-4CD87B055E3A, cid=1984, seq=null, RW, null, SET_UNCONDITIONALLY, servers:[s7, s8, s9, s0, s1], listeners:[]
2024-10-31 03:24:12,342 INFO  server.RaftServer$Division (RaftServerImpl.java:setConfigurationAsync(1341)) - s7@group-4CD87B055E3A: receive setConfiguration SetConfigurationRequest:client-8FB543527D95->s7@group-4CD87B055E3A, cid=1984, seq=null, RW, null, SET_UNCONDITIONALLY, servers:[s7, s8, s9, s0, s1], listeners:[]
2024-10-31 03:24:12,442 INFO  server.RaftServer$Division (RaftServerImpl.java:setConfigurationAsync(1341)) - s9@group-4CD87B055E3A: receive setConfiguration SetConfigurationRequest:client-8FB543527D95->s9@group-4CD87B055E3A, cid=1984, seq=null, RW, null, SET_UNCONDITIONALLY, servers:[s7, s8, s9, s0, s1], listeners:[]
2024-10-31 03:24:12,543 INFO  server.RaftServer$Division (RaftServerImpl.java:setConfigurationAsync(1341)) - s7@group-4CD87B055E3A: receive setConfiguration SetConfigurationRequest:client-8FB543527D95->s7@group-4CD87B055E3A, cid=1984, seq=null, RW, null, SET_UNCONDITIONALLY, servers:[s7, s8, s9, s0, s1], listeners:[]
2024-10-31 03:24:12,643 INFO  server.RaftServer$Division (RaftServerImpl.java:setConfigurationAsync(1341)) - s8@group-4CD87B055E3A: receive setConfiguration SetConfigurationRequest:client-8FB543527D95->s8@group-4CD87B055E3A, cid=1984, seq=null, RW, null, SET_UNCONDITIONALLY, servers:[s7, s8, s9, s0, s1], listeners:[]
2024-10-31 03:24:12,744 INFO  server.RaftServer$Division (RaftServerImpl.java:setConfigurationAsync(1341)) - s7@group-4CD87B055E3A: receive setConfiguration SetConfigurationRequest:client-8FB543527D95->s7@group-4CD87B055E3A, cid=1984, seq=null, RW, null, SET_UNCONDITIONALLY, servers:[s7, s8, s9, s0, s1], listeners:[]
2024-10-31 03:24:12,844 INFO  server.RaftServer$Division (RaftServerImpl.java:setConfigurationAsync(1341)) - s9@group-4CD87B055E3A: receive setConfiguration SetConfigurationRequest:client-8FB543527D95->s9@group-4CD87B055E3A, cid=1984, seq=null, RW, null, SET_UNCONDITIONALLY, servers:[s7, s8, s9, s0, s1], listeners:[]
2024-10-31 03:24:12,944 INFO  server.RaftServer$Division (RaftServerImpl.java:setConfigurationAsync(1341)) - s7@group-4CD87B055E3A: receive setConfiguration SetConfigurationRequest:client-8FB543527D95->s7@group-4CD87B055E3A, cid=1984, seq=null, RW, null, SET_UNCONDITIONALLY, servers:[s7, s8, s9, s0, s1], listeners:[]
2024-10-31 03:24:13,045 INFO  server.RaftServer$Division (RaftServerImpl.java:setConfigurationAsync(1341)) - s8@group-4CD87B055E3A: receive setConfiguration SetConfigurationRequest:client-8FB543527D95->s8@group-4CD87B055E3A, cid=1984, seq=null, RW, null, SET_UNCONDITIONALLY, servers:[s7, s8, s9, s0, s1], listeners:[]
2024-10-31 03:24:13,145 INFO  server.RaftServer$Division (RaftServerImpl.java:setConfigurationAsync(1341)) - s7@group-4CD87B055E3A: receive setConfiguration SetConfigurationRequest:client-8FB543527D95->s7@group-4CD87B055E3A, cid=1984, seq=null, RW, null, SET_UNCONDITIONALLY, servers:[s7, s8, s9, s0, s1], listeners:[]
2024-10-31 03:24:13,246 INFO  server.RaftServer$Division (RaftServerImpl.java:setConfigurationAsync(1341)) - s9@group-4CD87B055E3A: receive setConfiguration SetConfigurationRequest:client-8FB543527D95->s9@group-4CD87B055E3A, cid=1984, seq=null, RW, null, SET_UNCONDITIONALLY, servers:[s7, s8, s9, s0, s1], listeners:[]
2024-10-31 03:24:13,346 INFO  server.RaftServer$Division (RaftServerImpl.java:setConfigurationAsync(1341)) - s7@group-4CD87B055E3A: receive setConfiguration SetConfigurationRequest:client-8FB543527D95->s7@group-4CD87B055E3A, cid=1984, seq=null, RW, null, SET_UNCONDITIONALLY, servers:[s7, s8, s9, s0, s1], listeners:[]
2024-10-31 03:24:13,447 INFO  server.RaftServer$Division (RaftServerImpl.java:setConfigurationAsync(1341)) - s9@group-4CD87B055E3A: receive setConfiguration SetConfigurationRequest:client-8FB543527D95->s9@group-4CD87B055E3A, cid=1984, seq=null, RW, null, SET_UNCONDITIONALLY, servers:[s7, s8, s9, s0, s1], listeners:[]
2024-10-31 03:24:13,547 INFO  server.RaftServer$Division (RaftServerImpl.java:setConfigurationAsync(1341)) - s7@group-4CD87B055E3A: receive setConfiguration SetConfigurationRequest:client-8FB543527D95->s7@group-4CD87B055E3A, cid=1984, seq=null, RW, null, SET_UNCONDITIONALLY, servers:[s7, s8, s9, s0, s1], listeners:[]
2024-10-31 03:24:13,648 INFO  server.RaftServer$Division (RaftServerImpl.java:setConfigurationAsync(1341)) - s8@group-4CD87B055E3A: receive setConfiguration SetConfigurationRequest:client-8FB543527D95->s8@group-4CD87B055E3A, cid=1984, seq=null, RW, null, SET_UNCONDITIONALLY, servers:[s7, s8, s9, s0, s1], listeners:[]
2024-10-31 03:24:13,748 INFO  server.RaftServer$Division (RaftServerImpl.java:setConfigurationAsync(1341)) - s7@group-4CD87B055E3A: receive setConfiguration SetConfigurationRequest:client-8FB543527D95->s7@group-4CD87B055E3A, cid=1984, seq=null, RW, null, SET_UNCONDITIONALLY, servers:[s7, s8, s9, s0, s1], listeners:[]
2024-10-31 03:24:13,849 INFO  server.RaftServer$Division (RaftServerImpl.java:setConfigurationAsync(1341)) - s9@group-4CD87B055E3A: receive setConfiguration SetConfigurationRequest:client-8FB543527D95->s9@group-4CD87B055E3A, cid=1984, seq=null, RW, null, SET_UNCONDITIONALLY, servers:[s7, s8, s9, s0, s1], listeners:[]
2024-10-31 03:24:13,949 INFO  server.RaftServer$Division (RaftServerImpl.java:setConfigurationAsync(1341)) - s7@group-4CD87B055E3A: receive setConfiguration SetConfigurationRequest:client-8FB543527D95->s7@group-4CD87B055E3A, cid=1984, seq=null, RW, null, SET_UNCONDITIONALLY, servers:[s7, s8, s9, s0, s1], listeners:[]
2024-10-31 03:24:14,050 INFO  server.RaftServer$Division (RaftServerImpl.java:setConfigurationAsync(1341)) - s8@group-4CD87B055E3A: receive setConfiguration SetConfigurationRequest:client-8FB543527D95->s8@group-4CD87B055E3A, cid=1984, seq=null, RW, null, SET_UNCONDITIONALLY, servers:[s7, s8, s9, s0, s1], listeners:[]
2024-10-31 03:24:14,150 INFO  server.RaftServer$Division (RaftServerImpl.java:setConfigurationAsync(1341)) - s7@group-4CD87B055E3A: receive setConfiguration SetConfigurationRequest:client-8FB543527D95->s7@group-4CD87B055E3A, cid=1984, seq=null, RW, null, SET_UNCONDITIONALLY, servers:[s7, s8, s9, s0, s1], listeners:[]
2024-10-31 03:24:14,251 INFO  server.RaftServer$Division (RaftServerImpl.java:setConfigurationAsync(1341)) - s9@group-4CD87B055E3A: receive setConfiguration SetConfigurationRequest:client-8FB543527D95->s9@group-4CD87B055E3A, cid=1984, seq=null, RW, null, SET_UNCONDITIONALLY, servers:[s7, s8, s9, s0, s1], listeners:[]
2024-10-31 03:24:14,351 INFO  server.RaftServer$Division (RaftServerImpl.java:setConfigurationAsync(1341)) - s7@group-4CD87B055E3A: receive setConfiguration SetConfigurationRequest:client-8FB543527D95->s7@group-4CD87B055E3A, cid=1984, seq=null, RW, null, SET_UNCONDITIONALLY, servers:[s7, s8, s9, s0, s1], listeners:[]
2024-10-31 03:24:14,452 INFO  server.RaftServer$Division (RaftServerImpl.java:setConfigurationAsync(1341)) - s9@group-4CD87B055E3A: receive setConfiguration SetConfigurationRequest:client-8FB543527D95->s9@group-4CD87B055E3A, cid=1984, seq=null, RW, null, SET_UNCONDITIONALLY, servers:[s7, s8, s9, s0, s1], listeners:[]
2024-10-31 03:24:14,552 INFO  server.RaftServer$Division (RaftServerImpl.java:setConfigurationAsync(1341)) - s7@group-4CD87B055E3A: receive setConfiguration SetConfigurationRequest:client-8FB543527D95->s7@group-4CD87B055E3A, cid=1984, seq=null, RW, null, SET_UNCONDITIONALLY, servers:[s7, s8, s9, s0, s1], listeners:[]
2024-10-31 03:24:14,653 INFO  server.RaftServer$Division (RaftServerImpl.java:setConfigurationAsync(1341)) - s8@group-4CD87B055E3A: receive setConfiguration SetConfigurationRequest:client-8FB543527D95->s8@group-4CD87B055E3A, cid=1984, seq=null, RW, null, SET_UNCONDITIONALLY, servers:[s7, s8, s9, s0, s1], listeners:[]
2024-10-31 03:24:14,753 INFO  server.RaftServer$Division (RaftServerImpl.java:setConfigurationAsync(1341)) - s7@group-4CD87B055E3A: receive setConfiguration SetConfigurationRequest:client-8FB543527D95->s7@group-4CD87B055E3A, cid=1984, seq=null, RW, null, SET_UNCONDITIONALLY, servers:[s7, s8, s9, s0, s1], listeners:[]
2024-10-31 03:24:14,853 INFO  server.RaftServer$Division (RaftServerImpl.java:setConfigurationAsync(1341)) - s9@group-4CD87B055E3A: receive setConfiguration SetConfigurationRequest:client-8FB543527D95->s9@group-4CD87B055E3A, cid=1984, seq=null, RW, null, SET_UNCONDITIONALLY, servers:[s7, s8, s9, s0, s1], listeners:[]
2024-10-31 03:24:14,954 INFO  server.RaftServer$Division (RaftServerImpl.java:setConfigurationAsync(1341)) - s7@group-4CD87B055E3A: receive setConfiguration SetConfigurationRequest:client-8FB543527D95->s7@group-4CD87B055E3A, cid=1984, seq=null, RW, null, SET_UNCONDITIONALLY, servers:[s7, s8, s9, s0, s1], listeners:[]
2024-10-31 03:24:15,054 INFO  server.RaftServer$Division (RaftServerImpl.java:setConfigurationAsync(1341)) - s9@group-4CD87B055E3A: receive setConfiguration SetConfigurationRequest:client-8FB543527D95->s9@group-4CD87B055E3A, cid=1984, seq=null, RW, null, SET_UNCONDITIONALLY, servers:[s7, s8, s9, s0, s1], listeners:[]
2024-10-31 03:24:15,155 INFO  server.RaftServer$Division (RaftServerImpl.java:setConfigurationAsync(1341)) - s7@group-4CD87B055E3A: receive setConfiguration SetConfigurationRequest:client-8FB543527D95->s7@group-4CD87B055E3A, cid=1984, seq=null, RW, null, SET_UNCONDITIONALLY, servers:[s7, s8, s9, s0, s1], listeners:[]
2024-10-31 03:24:15,255 INFO  server.RaftServer$Division (RaftServerImpl.java:setConfigurationAsync(1341)) - s8@group-4CD87B055E3A: receive setConfiguration SetConfigurationRequest:client-8FB543527D95->s8@group-4CD87B055E3A, cid=1984, seq=null, RW, null, SET_UNCONDITIONALLY, servers:[s7, s8, s9, s0, s1], listeners:[]
2024-10-31 03:24:15,356 INFO  server.RaftServer$Division (RaftServerImpl.java:setConfigurationAsync(1341)) - s7@group-4CD87B055E3A: receive setConfiguration SetConfigurationRequest:client-8FB543527D95->s7@group-4CD87B055E3A, cid=1984, seq=null, RW, null, SET_UNCONDITIONALLY, servers:[s7, s8, s9, s0, s1], listeners:[]
2024-10-31 03:24:15,456 INFO  server.RaftServer$Division (RaftServerImpl.java:setConfigurationAsync(1341)) - s8@group-4CD87B055E3A: receive setConfiguration SetConfigurationRequest:client-8FB543527D95->s8@group-4CD87B055E3A, cid=1984, seq=null, RW, null, SET_UNCONDITIONALLY, servers:[s7, s8, s9, s0, s1], listeners:[]
2024-10-31 03:24:15,557 INFO  server.RaftServer$Division (RaftServerImpl.java:setConfigurationAsync(1341)) - s7@group-4CD87B055E3A: receive setConfiguration SetConfigurationRequest:client-8FB543527D95->s7@group-4CD87B055E3A, cid=1984, seq=null, RW, null, SET_UNCONDITIONALLY, servers:[s7, s8, s9, s0, s1], listeners:[]
2024-10-31 03:24:15,657 INFO  server.RaftServer$Division (RaftServerImpl.java:setConfigurationAsync(1341)) - s8@group-4CD87B055E3A: receive setConfiguration SetConfigurationRequest:client-8FB543527D95->s8@group-4CD87B055E3A, cid=1984, seq=null, RW, null, SET_UNCONDITIONALLY, servers:[s7, s8, s9, s0, s1], listeners:[]
2024-10-31 03:24:15,758 INFO  server.RaftServer$Division (RaftServerImpl.java:setConfigurationAsync(1341)) - s7@group-4CD87B055E3A: receive setConfiguration SetConfigurationRequest:client-8FB543527D95->s7@group-4CD87B055E3A, cid=1984, seq=null, RW, null, SET_UNCONDITIONALLY, servers:[s7, s8, s9, s0, s1], listeners:[]
2024-10-31 03:24:15,859 INFO  server.RaftServer$Division (RaftServerImpl.java:setConfigurationAsync(1341)) - s9@group-4CD87B055E3A: receive setConfiguration SetConfigurationRequest:client-8FB543527D95->s9@group-4CD87B055E3A, cid=1984, seq=null, RW, null, SET_UNCONDITIONALLY, servers:[s7, s8, s9, s0, s1], listeners:[]
2024-10-31 03:24:15,959 INFO  server.RaftServer$Division (RaftServerImpl.java:setConfigurationAsync(1341)) - s7@group-4CD87B055E3A: receive setConfiguration SetConfigurationRequest:client-8FB543527D95->s7@group-4CD87B055E3A, cid=1984, seq=null, RW, null, SET_UNCONDITIONALLY, servers:[s7, s8, s9, s0, s1], listeners:[]
2024-10-31 03:24:15,992 INFO  impl.MiniRaftCluster (MiniRaftCluster.java:lambda$null$7(362)) - TIMED-PRINT: printing ALL groups
  s3:  RUNNING [
   FOLLOWER s3@group-4EB49E3E6D70:t0, leader=null, voted=, raftlog=Memoized:s3@group-4EB49E3E6D70-SegmentedRaftLog:OPENED:c-1:lastnull, conf=conf: {index: -1, cur=peers:[]|listeners:[], old=null} STARTING
   FOLLOWER s3@group-4CD87B055E3A:t0, leader=null, voted=, raftlog=Memoized:s3@group-4CD87B055E3A-SegmentedRaftLog:OPENED:c-1:lastnull, conf=conf: {index: -1, cur=peers:[]|listeners:[], old=null} STARTING] size=2
  s4:  RUNNING [
   FOLLOWER s4@group-4EB49E3E6D70:t0, leader=null, voted=, raftlog=Memoized:s4@group-4EB49E3E6D70-SegmentedRaftLog:OPENED:c-1:lastnull, conf=conf: {index: -1, cur=peers:[]|listeners:[], old=null} STARTING
   FOLLOWER s4@group-4CD87B055E3A:t0, leader=null, voted=, raftlog=Memoized:s4@group-4CD87B055E3A-SegmentedRaftLog:OPENED:c-1:lastnull, conf=conf: {index: -1, cur=peers:[]|listeners:[], old=null} STARTING] size=2
  s5:  RUNNING [
   FOLLOWER s5@group-4EB49E3E6D70:t0, leader=null, voted=, raftlog=Memoized:s5@group-4EB49E3E6D70-SegmentedRaftLog:OPENED:c-1:lastnull, conf=conf: {index: -1, cur=peers:[]|listeners:[], old=null} STARTING
   FOLLOWER s5@group-4CD87B055E3A:t0, leader=null, voted=, raftlog=Memoized:s5@group-4CD87B055E3A-SegmentedRaftLog:OPENED:c-1:lastnull, conf=conf: {index: -1, cur=peers:[]|listeners:[], old=null} STARTING] size=2
  s6:  RUNNING [
   FOLLOWER s6@group-4EB49E3E6D70:t0, leader=null, voted=, raftlog=Memoized:s6@group-4EB49E3E6D70-SegmentedRaftLog:OPENED:c-1:lastnull, conf=conf: {index: -1, cur=peers:[]|listeners:[], old=null} STARTING
   FOLLOWER s6@group-4CD87B055E3A:t0, leader=null, voted=, raftlog=Memoized:s6@group-4CD87B055E3A-SegmentedRaftLog:OPENED:c-1:lastnull, conf=conf: {index: -1, cur=peers:[]|listeners:[], old=null} STARTING] size=2
  s7:  RUNNING [
   FOLLOWER s7@group-4EB49E3E6D70:t0, leader=null, voted=, raftlog=Memoized:s7@group-4EB49E3E6D70-SegmentedRaftLog:OPENED:c-1:lastnull, conf=conf: {index: -1, cur=peers:[]|listeners:[], old=null} STARTING
     LEADER s7@group-4CD87B055E3A:t1, leader=s7, voted=s7, raftlog=Memoized:s7@group-4CD87B055E3A-SegmentedRaftLog:OPENED:c120:last(t:1, i:120), conf=conf: {index: 0, cur=peers:[s7, s8, s9]|listeners:[], old=null} RUNNING] size=2
  s8:  RUNNING [
   FOLLOWER s8@group-4EB49E3E6D70:t0, leader=null, voted=, raftlog=Memoized:s8@group-4EB49E3E6D70-SegmentedRaftLog:OPENED:c-1:lastnull, conf=conf: {index: -1, cur=peers:[]|listeners:[], old=null} STARTING
   FOLLOWER s8@group-4CD87B055E3A:t1, leader=s7, voted=s7, raftlog=Memoized:s8@group-4CD87B055E3A-SegmentedRaftLog:OPENED:c120:last(t:1, i:120), conf=conf: {index: 0, cur=peers:[s7|, s8|, s9|]|listeners:[], old=null} RUNNING] size=2
  s9:  RUNNING [
   FOLLOWER s9@group-4EB49E3E6D70:t0, leader=null, voted=, raftlog=Memoized:s9@group-4EB49E3E6D70-SegmentedRaftLog:OPENED:c-1:lastnull, conf=conf: {index: -1, cur=peers:[]|listeners:[], old=null} STARTING
   FOLLOWER s9@group-4CD87B055E3A:t1, leader=s7, voted=s7, raftlog=Memoized:s9@group-4CD87B055E3A-SegmentedRaftLog:OPENED:c120:last(t:1, i:120), conf=conf: {index: 0, cur=peers:[s7|, s8|, s9|]|listeners:[], old=null} RUNNING] size=2
  s11:  RUNNING [
   FOLLOWER s11@group-4EB49E3E6D70:t0, leader=null, voted=, raftlog=Memoized:s11@group-4EB49E3E6D70-SegmentedRaftLog:OPENED:c-1:lastnull, conf=conf: {index: -1, cur=peers:[]|listeners:[], old=null} STARTING
   FOLLOWER s11@group-4CD87B055E3A:t0, leader=null, voted=, raftlog=Memoized:s11@group-4CD87B055E3A-SegmentedRaftLog:OPENED:c-1:lastnull, conf=conf: {index: -1, cur=peers:[]|listeners:[], old=null} STARTING] size=2
  s10:  RUNNING [
   FOLLOWER s10@group-4EB49E3E6D70:t0, leader=null, voted=, raftlog=Memoized:s10@group-4EB49E3E6D70-SegmentedRaftLog:OPENED:c-1:lastnull, conf=conf: {index: -1, cur=peers:[]|listeners:[], old=null} STARTING
   FOLLOWER s10@group-4CD87B055E3A:t0, leader=null, voted=, raftlog=Memoized:s10@group-4CD87B055E3A-SegmentedRaftLog:OPENED:c-1:lastnull, conf=conf: {index: -1, cur=peers:[]|listeners:[], old=null} STARTING] size=2
  s13:  RUNNING [
   FOLLOWER s13@group-4EB49E3E6D70:t0, leader=null, voted=, raftlog=Memoized:s13@group-4EB49E3E6D70-SegmentedRaftLog:OPENED:c-1:lastnull, conf=conf: {index: -1, cur=peers:[]|listeners:[], old=null} STARTING
   FOLLOWER s13@group-4CD87B055E3A:t0, leader=null, voted=, raftlog=Memoized:s13@group-4CD87B055E3A-SegmentedRaftLog:OPENED:c-1:lastnull, conf=conf: {index: -1, cur=peers:[]|listeners:[], old=null} STARTING] size=2
  s12:  RUNNING [
   FOLLOWER s12@group-4EB49E3E6D70:t0, leader=null, voted=, raftlog=Memoized:s12@group-4EB49E3E6D70-SegmentedRaftLog:OPENED:c-1:lastnull, conf=conf: {index: -1, cur=peers:[]|listeners:[], old=null} STARTING
   FOLLOWER s12@group-4CD87B055E3A:t0, leader=null, voted=, raftlog=Memoized:s12@group-4CD87B055E3A-SegmentedRaftLog:OPENED:c-1:lastnull, conf=conf: {index: -1, cur=peers:[]|listeners:[], old=null} STARTING] size=2
  s14:  RUNNING [
   FOLLOWER s14@group-4EB49E3E6D70:t0, leader=null, voted=, raftlog=Memoized:s14@group-4EB49E3E6D70-SegmentedRaftLog:OPENED:c-1:lastnull, conf=conf: {index: -1, cur=peers:[]|listeners:[], old=null} STARTING
   FOLLOWER s14@group-4CD87B055E3A:t0, leader=null, voted=, raftlog=Memoized:s14@group-4CD87B055E3A-SegmentedRaftLog:OPENED:c-1:lastnull, conf=conf: {index: -1, cur=peers:[]|listeners:[], old=null} STARTING] size=2
  s0:  RUNNING [
   FOLLOWER s0@group-4EB49E3E6D70:t0, leader=null, voted=, raftlog=Memoized:s0@group-4EB49E3E6D70-SegmentedRaftLog:OPENED:c-1:lastnull, conf=conf: {index: -1, cur=peers:[]|listeners:[], old=null} STARTING
   FOLLOWER s0@group-4CD87B055E3A:t1, leader=s7, voted=null, raftlog=Memoized:s0@group-4CD87B055E3A-SegmentedRaftLog:OPENED:c120:last(t:1, i:120), conf=conf: {index: 0, cur=peers:[s7|, s8|, s9|]|listeners:[], old=null} STARTING] size=2
  s1:  RUNNING [
   FOLLOWER s1@group-4EB49E3E6D70:t0, leader=null, voted=, raftlog=Memoized:s1@group-4EB49E3E6D70-SegmentedRaftLog:OPENED:c-1:lastnull, conf=conf: {index: -1, cur=peers:[]|listeners:[], old=null} STARTING
   FOLLOWER s1@group-4CD87B055E3A:t1, leader=s7, voted=null, raftlog=Memoized:s1@group-4CD87B055E3A-SegmentedRaftLog:OPENED:c120:last(t:1, i:120), conf=conf: {index: 0, cur=peers:[s7|, s8|, s9|]|listeners:[], old=null} STARTING] size=2
  s2:  RUNNING [
   FOLLOWER s2@group-4EB49E3E6D70:t0, leader=null, voted=, raftlog=Memoized:s2@group-4EB49E3E6D70-SegmentedRaftLog:OPENED:c-1:lastnull, conf=conf: {index: -1, cur=peers:[]|listeners:[], old=null} STARTING
   FOLLOWER s2@group-4CD87B055E3A:t0, leader=null, voted=, raftlog=Memoized:s2@group-4CD87B055E3A-SegmentedRaftLog:OPENED:c-1:lastnull, conf=conf: {index: -1, cur=peers:[]|listeners:[], old=null} STARTING] size=2
2024-10-31 03:24:16,060 INFO  server.RaftServer$Division (RaftServerImpl.java:setConfigurationAsync(1341)) - s8@group-4CD87B055E3A: receive setConfiguration SetConfigurationRequest:client-8FB543527D95->s8@group-4CD87B055E3A, cid=1984, seq=null, RW, null, SET_UNCONDITIONALLY, servers:[s7, s8, s9, s0, s1], listeners:[]
2024-10-31 03:24:16,160 INFO  server.RaftServer$Division (RaftServerImpl.java:setConfigurationAsync(1341)) - s7@group-4CD87B055E3A: receive setConfiguration SetConfigurationRequest:client-8FB543527D95->s7@group-4CD87B055E3A, cid=1984, seq=null, RW, null, SET_UNCONDITIONALLY, servers:[s7, s8, s9, s0, s1], listeners:[]
2024-10-31 03:24:16,261 INFO  server.RaftServer$Division (RaftServerImpl.java:setConfigurationAsync(1341)) - s8@group-4CD87B055E3A: receive setConfiguration SetConfigurationRequest:client-8FB543527D95->s8@group-4CD87B055E3A, cid=1984, seq=null, RW, null, SET_UNCONDITIONALLY, servers:[s7, s8, s9, s0, s1], listeners:[]
2024-10-31 03:24:16,362 INFO  server.RaftServer$Division (RaftServerImpl.java:setConfigurationAsync(1341)) - s7@group-4CD87B055E3A: receive setConfiguration SetConfigurationRequest:client-8FB543527D95->s7@group-4CD87B055E3A, cid=1984, seq=null, RW, null, SET_UNCONDITIONALLY, servers:[s7, s8, s9, s0, s1], listeners:[]
2024-10-31 03:24:16,462 INFO  server.RaftServer$Division (RaftServerImpl.java:setConfigurationAsync(1341)) - s9@group-4CD87B055E3A: receive setConfiguration SetConfigurationRequest:client-8FB543527D95->s9@group-4CD87B055E3A, cid=1984, seq=null, RW, null, SET_UNCONDITIONALLY, servers:[s7, s8, s9, s0, s1], listeners:[]
2024-10-31 03:24:16,563 INFO  server.RaftServer$Division (RaftServerImpl.java:setConfigurationAsync(1341)) - s7@group-4CD87B055E3A: receive setConfiguration SetConfigurationRequest:client-8FB543527D95->s7@group-4CD87B055E3A, cid=1984, seq=null, RW, null, SET_UNCONDITIONALLY, servers:[s7, s8, s9, s0, s1], listeners:[]
2024-10-31 03:24:16,663 INFO  server.RaftServer$Division (RaftServerImpl.java:setConfigurationAsync(1341)) - s9@group-4CD87B055E3A: receive setConfiguration SetConfigurationRequest:client-8FB543527D95->s9@group-4CD87B055E3A, cid=1984, seq=null, RW, null, SET_UNCONDITIONALLY, servers:[s7, s8, s9, s0, s1], listeners:[]
2024-10-31 03:24:16,764 INFO  server.RaftServer$Division (RaftServerImpl.java:setConfigurationAsync(1341)) - s7@group-4CD87B055E3A: receive setConfiguration SetConfigurationRequest:client-8FB543527D95->s7@group-4CD87B055E3A, cid=1984, seq=null, RW, null, SET_UNCONDITIONALLY, servers:[s7, s8, s9, s0, s1], listeners:[]
2024-10-31 03:24:16,864 INFO  server.RaftServer$Division (RaftServerImpl.java:setConfigurationAsync(1341)) - s8@group-4CD87B055E3A: receive setConfiguration SetConfigurationRequest:client-8FB543527D95->s8@group-4CD87B055E3A, cid=1984, seq=null, RW, null, SET_UNCONDITIONALLY, servers:[s7, s8, s9, s0, s1], listeners:[]
2024-10-31 03:24:16,965 INFO  server.RaftServer$Division (RaftServerImpl.java:setConfigurationAsync(1341)) - s7@group-4CD87B055E3A: receive setConfiguration SetConfigurationRequest:client-8FB543527D95->s7@group-4CD87B055E3A, cid=1984, seq=null, RW, null, SET_UNCONDITIONALLY, servers:[s7, s8, s9, s0, s1], listeners:[]
2024-10-31 03:24:17,066 INFO  server.RaftServer$Division (RaftServerImpl.java:setConfigurationAsync(1341)) - s8@group-4CD87B055E3A: receive setConfiguration SetConfigurationRequest:client-8FB543527D95->s8@group-4CD87B055E3A, cid=1984, seq=null, RW, null, SET_UNCONDITIONALLY, servers:[s7, s8, s9, s0, s1], listeners:[]
2024-10-31 03:24:17,166 INFO  server.RaftServer$Division (RaftServerImpl.java:setConfigurationAsync(1341)) - s7@group-4CD87B055E3A: receive setConfiguration SetConfigurationRequest:client-8FB543527D95->s7@group-4CD87B055E3A, cid=1984, seq=null, RW, null, SET_UNCONDITIONALLY, servers:[s7, s8, s9, s0, s1], listeners:[]
2024-10-31 03:24:17,267 INFO  server.RaftServer$Division (RaftServerImpl.java:setConfigurationAsync(1341)) - s8@group-4CD87B055E3A: receive setConfiguration SetConfigurationRequest:client-8FB543527D95->s8@group-4CD87B055E3A, cid=1984, seq=null, RW, null, SET_UNCONDITIONALLY, servers:[s7, s8, s9, s0, s1], listeners:[]
2024-10-31 03:24:17,367 INFO  server.RaftServer$Division (RaftServerImpl.java:setConfigurationAsync(1341)) - s7@group-4CD87B055E3A: receive setConfiguration SetConfigurationRequest:client-8FB543527D95->s7@group-4CD87B055E3A, cid=1984, seq=null, RW, null, SET_UNCONDITIONALLY, servers:[s7, s8, s9, s0, s1], listeners:[]
2024-10-31 03:24:17,468 INFO  server.RaftServer$Division (RaftServerImpl.java:setConfigurationAsync(1341)) - s8@group-4CD87B055E3A: receive setConfiguration SetConfigurationRequest:client-8FB543527D95->s8@group-4CD87B055E3A, cid=1984, seq=null, RW, null, SET_UNCONDITIONALLY, servers:[s7, s8, s9, s0, s1], listeners:[]
2024-10-31 03:24:17,568 INFO  server.RaftServer$Division (RaftServerImpl.java:setConfigurationAsync(1341)) - s7@group-4CD87B055E3A: receive setConfiguration SetConfigurationRequest:client-8FB543527D95->s7@group-4CD87B055E3A, cid=1984, seq=null, RW, null, SET_UNCONDITIONALLY, servers:[s7, s8, s9, s0, s1], listeners:[]
2024-10-31 03:24:17,669 INFO  server.RaftServer$Division (RaftServerImpl.java:setConfigurationAsync(1341)) - s8@group-4CD87B055E3A: receive setConfiguration SetConfigurationRequest:client-8FB543527D95->s8@group-4CD87B055E3A, cid=1984, seq=null, RW, null, SET_UNCONDITIONALLY, servers:[s7, s8, s9, s0, s1], listeners:[]
2024-10-31 03:24:17,769 INFO  server.RaftServer$Division (RaftServerImpl.java:setConfigurationAsync(1341)) - s7@group-4CD87B055E3A: receive setConfiguration SetConfigurationRequest:client-8FB543527D95->s7@group-4CD87B055E3A, cid=1984, seq=null, RW, null, SET_UNCONDITIONALLY, servers:[s7, s8, s9, s0, s1], listeners:[]
2024-10-31 03:24:17,870 INFO  server.RaftServer$Division (RaftServerImpl.java:setConfigurationAsync(1341)) - s9@group-4CD87B055E3A: receive setConfiguration SetConfigurationRequest:client-8FB543527D95->s9@group-4CD87B055E3A, cid=1984, seq=null, RW, null, SET_UNCONDITIONALLY, servers:[s7, s8, s9, s0, s1], listeners:[]
2024-10-31 03:24:17,971 INFO  server.RaftServer$Division (RaftServerImpl.java:setConfigurationAsync(1341)) - s7@group-4CD87B055E3A: receive setConfiguration SetConfigurationRequest:client-8FB543527D95->s7@group-4CD87B055E3A, cid=1984, seq=null, RW, null, SET_UNCONDITIONALLY, servers:[s7, s8, s9, s0, s1], listeners:[]
2024-10-31 03:24:18,071 INFO  server.RaftServer$Division (RaftServerImpl.java:setConfigurationAsync(1341)) - s9@group-4CD87B055E3A: receive setConfiguration SetConfigurationRequest:client-8FB543527D95->s9@group-4CD87B055E3A, cid=1984, seq=null, RW, null, SET_UNCONDITIONALLY, servers:[s7, s8, s9, s0, s1], listeners:[]
2024-10-31 03:24:18,172 INFO  server.RaftServer$Division (RaftServerImpl.java:setConfigurationAsync(1341)) - s7@group-4CD87B055E3A: receive setConfiguration SetConfigurationRequest:client-8FB543527D95->s7@group-4CD87B055E3A, cid=1984, seq=null, RW, null, SET_UNCONDITIONALLY, servers:[s7, s8, s9, s0, s1], listeners:[]
2024-10-31 03:24:18,272 INFO  server.RaftServer$Division (RaftServerImpl.java:setConfigurationAsync(1341)) - s8@group-4CD87B055E3A: receive setConfiguration SetConfigurationRequest:client-8FB543527D95->s8@group-4CD87B055E3A, cid=1984, seq=null, RW, null, SET_UNCONDITIONALLY, servers:[s7, s8, s9, s0, s1], listeners:[]
2024-10-31 03:24:18,373 INFO  server.RaftServer$Division (RaftServerImpl.java:setConfigurationAsync(1341)) - s7@group-4CD87B055E3A: receive setConfiguration SetConfigurationRequest:client-8FB543527D95->s7@group-4CD87B055E3A, cid=1984, seq=null, RW, null, SET_UNCONDITIONALLY, servers:[s7, s8, s9, s0, s1], listeners:[]
2024-10-31 03:24:18,473 INFO  server.RaftServer$Division (RaftServerImpl.java:setConfigurationAsync(1341)) - s9@group-4CD87B055E3A: receive setConfiguration SetConfigurationRequest:client-8FB543527D95->s9@group-4CD87B055E3A, cid=1984, seq=null, RW, null, SET_UNCONDITIONALLY, servers:[s7, s8, s9, s0, s1], listeners:[]
2024-10-31 03:24:18,574 INFO  server.RaftServer$Division (RaftServerImpl.java:setConfigurationAsync(1341)) - s7@group-4CD87B055E3A: receive setConfiguration SetConfigurationRequest:client-8FB543527D95->s7@group-4CD87B055E3A, cid=1984, seq=null, RW, null, SET_UNCONDITIONALLY, servers:[s7, s8, s9, s0, s1], listeners:[]
2024-10-31 03:24:18,674 INFO  server.RaftServer$Division (RaftServerImpl.java:setConfigurationAsync(1341)) - s8@group-4CD87B055E3A: receive setConfiguration SetConfigurationRequest:client-8FB543527D95->s8@group-4CD87B055E3A, cid=1984, seq=null, RW, null, SET_UNCONDITIONALLY, servers:[s7, s8, s9, s0, s1], listeners:[]
2024-10-31 03:24:18,775 INFO  server.RaftServer$Division (RaftServerImpl.java:setConfigurationAsync(1341)) - s7@group-4CD87B055E3A: receive setConfiguration SetConfigurationRequest:client-8FB543527D95->s7@group-4CD87B055E3A, cid=1984, seq=null, RW, null, SET_UNCONDITIONALLY, servers:[s7, s8, s9, s0, s1], listeners:[]
2024-10-31 03:24:18,875 INFO  server.RaftServer$Division (RaftServerImpl.java:setConfigurationAsync(1341)) - s9@group-4CD87B055E3A: receive setConfiguration SetConfigurationRequest:client-8FB543527D95->s9@group-4CD87B055E3A, cid=1984, seq=null, RW, null, SET_UNCONDITIONALLY, servers:[s7, s8, s9, s0, s1], listeners:[]
2024-10-31 03:24:18,976 INFO  server.RaftServer$Division (RaftServerImpl.java:setConfigurationAsync(1341)) - s7@group-4CD87B055E3A: receive setConfiguration SetConfigurationRequest:client-8FB543527D95->s7@group-4CD87B055E3A, cid=1984, seq=null, RW, null, SET_UNCONDITIONALLY, servers:[s7, s8, s9, s0, s1], listeners:[]
2024-10-31 03:24:19,076 INFO  server.RaftServer$Division (RaftServerImpl.java:setConfigurationAsync(1341)) - s9@group-4CD87B055E3A: receive setConfiguration SetConfigurationRequest:client-8FB543527D95->s9@group-4CD87B055E3A, cid=1984, seq=null, RW, null, SET_UNCONDITIONALLY, servers:[s7, s8, s9, s0, s1], listeners:[]
2024-10-31 03:24:19,177 INFO  server.RaftServer$Division (RaftServerImpl.java:setConfigurationAsync(1341)) - s7@group-4CD87B055E3A: receive setConfiguration SetConfigurationRequest:client-8FB543527D95->s7@group-4CD87B055E3A, cid=1984, seq=null, RW, null, SET_UNCONDITIONALLY, servers:[s7, s8, s9, s0, s1], listeners:[]
2024-10-31 03:24:19,277 INFO  server.RaftServer$Division (RaftServerImpl.java:setConfigurationAsync(1341)) - s9@group-4CD87B055E3A: receive setConfiguration SetConfigurationRequest:client-8FB543527D95->s9@group-4CD87B055E3A, cid=1984, seq=null, RW, null, SET_UNCONDITIONALLY, servers:[s7, s8, s9, s0, s1], listeners:[]
2024-10-31 03:24:19,378 INFO  server.RaftServer$Division (RaftServerImpl.java:setConfigurationAsync(1341)) - s7@group-4CD87B055E3A: receive setConfiguration SetConfigurationRequest:client-8FB543527D95->s7@group-4CD87B055E3A, cid=1984, seq=null, RW, null, SET_UNCONDITIONALLY, servers:[s7, s8, s9, s0, s1], listeners:[]
2024-10-31 03:24:19,478 INFO  server.RaftServer$Division (RaftServerImpl.java:setConfigurationAsync(1341)) - s9@group-4CD87B055E3A: receive setConfiguration SetConfigurationRequest:client-8FB543527D95->s9@group-4CD87B055E3A, cid=1984, seq=null, RW, null, SET_UNCONDITIONALLY, servers:[s7, s8, s9, s0, s1], listeners:[]
2024-10-31 03:24:19,579 INFO  server.RaftServer$Division (RaftServerImpl.java:setConfigurationAsync(1341)) - s7@group-4CD87B055E3A: receive setConfiguration SetConfigurationRequest:client-8FB543527D95->s7@group-4CD87B055E3A, cid=1984, seq=null, RW, null, SET_UNCONDITIONALLY, servers:[s7, s8, s9, s0, s1], listeners:[]
2024-10-31 03:24:19,679 INFO  server.RaftServer$Division (RaftServerImpl.java:setConfigurationAsync(1341)) - s8@group-4CD87B055E3A: receive setConfiguration SetConfigurationRequest:client-8FB543527D95->s8@group-4CD87B055E3A, cid=1984, seq=null, RW, null, SET_UNCONDITIONALLY, servers:[s7, s8, s9, s0, s1], listeners:[]
2024-10-31 03:24:19,780 INFO  server.RaftServer$Division (RaftServerImpl.java:setConfigurationAsync(1341)) - s7@group-4CD87B055E3A: receive setConfiguration SetConfigurationRequest:client-8FB543527D95->s7@group-4CD87B055E3A, cid=1984, seq=null, RW, null, SET_UNCONDITIONALLY, servers:[s7, s8, s9, s0, s1], listeners:[]
2024-10-31 03:24:19,880 INFO  server.RaftServer$Division (RaftServerImpl.java:setConfigurationAsync(1341)) - s8@group-4CD87B055E3A: receive setConfiguration SetConfigurationRequest:client-8FB543527D95->s8@group-4CD87B055E3A, cid=1984, seq=null, RW, null, SET_UNCONDITIONALLY, servers:[s7, s8, s9, s0, s1], listeners:[]
2024-10-31 03:24:19,981 INFO  server.RaftServer$Division (RaftServerImpl.java:setConfigurationAsync(1341)) - s7@group-4CD87B055E3A: receive setConfiguration SetConfigurationRequest:client-8FB543527D95->s7@group-4CD87B055E3A, cid=1984, seq=null, RW, null, SET_UNCONDITIONALLY, servers:[s7, s8, s9, s0, s1], listeners:[]
2024-10-31 03:24:20,082 INFO  server.RaftServer$Division (RaftServerImpl.java:setConfigurationAsync(1341)) - s8@group-4CD87B055E3A: receive setConfiguration SetConfigurationRequest:client-8FB543527D95->s8@group-4CD87B055E3A, cid=1984, seq=null, RW, null, SET_UNCONDITIONALLY, servers:[s7, s8, s9, s0, s1], listeners:[]
2024-10-31 03:24:20,182 INFO  server.RaftServer$Division (RaftServerImpl.java:setConfigurationAsync(1341)) - s7@group-4CD87B055E3A: receive setConfiguration SetConfigurationRequest:client-8FB543527D95->s7@group-4CD87B055E3A, cid=1984, seq=null, RW, null, SET_UNCONDITIONALLY, servers:[s7, s8, s9, s0, s1], listeners:[]
2024-10-31 03:24:20,283 INFO  server.RaftServer$Division (RaftServerImpl.java:setConfigurationAsync(1341)) - s8@group-4CD87B055E3A: receive setConfiguration SetConfigurationRequest:client-8FB543527D95->s8@group-4CD87B055E3A, cid=1984, seq=null, RW, null, SET_UNCONDITIONALLY, servers:[s7, s8, s9, s0, s1], listeners:[]
2024-10-31 03:24:20,383 INFO  server.RaftServer$Division (RaftServerImpl.java:setConfigurationAsync(1341)) - s7@group-4CD87B055E3A: receive setConfiguration SetConfigurationRequest:client-8FB543527D95->s7@group-4CD87B055E3A, cid=1984, seq=null, RW, null, SET_UNCONDITIONALLY, servers:[s7, s8, s9, s0, s1], listeners:[]
2024-10-31 03:24:20,484 INFO  server.RaftServer$Division (RaftServerImpl.java:setConfigurationAsync(1341)) - s8@group-4CD87B055E3A: receive setConfiguration SetConfigurationRequest:client-8FB543527D95->s8@group-4CD87B055E3A, cid=1984, seq=null, RW, null, SET_UNCONDITIONALLY, servers:[s7, s8, s9, s0, s1], listeners:[]
2024-10-31 03:24:20,584 INFO  server.RaftServer$Division (RaftServerImpl.java:setConfigurationAsync(1341)) - s7@group-4CD87B055E3A: receive setConfiguration SetConfigurationRequest:client-8FB543527D95->s7@group-4CD87B055E3A, cid=1984, seq=null, RW, null, SET_UNCONDITIONALLY, servers:[s7, s8, s9, s0, s1], listeners:[]
2024-10-31 03:24:20,685 INFO  server.RaftServer$Division (RaftServerImpl.java:setConfigurationAsync(1341)) - s8@group-4CD87B055E3A: receive setConfiguration SetConfigurationRequest:client-8FB543527D95->s8@group-4CD87B055E3A, cid=1984, seq=null, RW, null, SET_UNCONDITIONALLY, servers:[s7, s8, s9, s0, s1], listeners:[]
2024-10-31 03:24:20,785 INFO  server.RaftServer$Division (RaftServerImpl.java:setConfigurationAsync(1341)) - s7@group-4CD87B055E3A: receive setConfiguration SetConfigurationRequest:client-8FB543527D95->s7@group-4CD87B055E3A, cid=1984, seq=null, RW, null, SET_UNCONDITIONALLY, servers:[s7, s8, s9, s0, s1], listeners:[]
2024-10-31 03:24:20,886 INFO  server.RaftServer$Division (RaftServerImpl.java:setConfigurationAsync(1341)) - s9@group-4CD87B055E3A: receive setConfiguration SetConfigurationRequest:client-8FB543527D95->s9@group-4CD87B055E3A, cid=1984, seq=null, RW, null, SET_UNCONDITIONALLY, servers:[s7, s8, s9, s0, s1], listeners:[]
2024-10-31 03:24:20,986 INFO  server.RaftServer$Division (RaftServerImpl.java:setConfigurationAsync(1341)) - s7@group-4CD87B055E3A: receive setConfiguration SetConfigurationRequest:client-8FB543527D95->s7@group-4CD87B055E3A, cid=1984, seq=null, RW, null, SET_UNCONDITIONALLY, servers:[s7, s8, s9, s0, s1], listeners:[]
2024-10-31 03:24:21,087 INFO  server.RaftServer$Division (RaftServerImpl.java:setConfigurationAsync(1341)) - s9@group-4CD87B055E3A: receive setConfiguration SetConfigurationRequest:client-8FB543527D95->s9@group-4CD87B055E3A, cid=1984, seq=null, RW, null, SET_UNCONDITIONALLY, servers:[s7, s8, s9, s0, s1], listeners:[]
2024-10-31 03:24:21,187 INFO  server.RaftServer$Division (RaftServerImpl.java:setConfigurationAsync(1341)) - s7@group-4CD87B055E3A: receive setConfiguration SetConfigurationRequest:client-8FB543527D95->s7@group-4CD87B055E3A, cid=1984, seq=null, RW, null, SET_UNCONDITIONALLY, servers:[s7, s8, s9, s0, s1], listeners:[]
2024-10-31 03:24:21,288 INFO  server.RaftServer$Division (RaftServerImpl.java:setConfigurationAsync(1341)) - s8@group-4CD87B055E3A: receive setConfiguration SetConfigurationRequest:client-8FB543527D95->s8@group-4CD87B055E3A, cid=1984, seq=null, RW, null, SET_UNCONDITIONALLY, servers:[s7, s8, s9, s0, s1], listeners:[]
2024-10-31 03:24:21,388 INFO  server.RaftServer$Division (RaftServerImpl.java:setConfigurationAsync(1341)) - s7@group-4CD87B055E3A: receive setConfiguration SetConfigurationRequest:client-8FB543527D95->s7@group-4CD87B055E3A, cid=1984, seq=null, RW, null, SET_UNCONDITIONALLY, servers:[s7, s8, s9, s0, s1], listeners:[]
2024-10-31 03:24:21,489 INFO  server.RaftServer$Division (RaftServerImpl.java:setConfigurationAsync(1341)) - s9@group-4CD87B055E3A: receive setConfiguration SetConfigurationRequest:client-8FB543527D95->s9@group-4CD87B055E3A, cid=1984, seq=null, RW, null, SET_UNCONDITIONALLY, servers:[s7, s8, s9, s0, s1], listeners:[]
2024-10-31 03:24:21,589 INFO  server.RaftServer$Division (RaftServerImpl.java:setConfigurationAsync(1341)) - s7@group-4CD87B055E3A: receive setConfiguration SetConfigurationRequest:client-8FB543527D95->s7@group-4CD87B055E3A, cid=1984, seq=null, RW, null, SET_UNCONDITIONALLY, servers:[s7, s8, s9, s0, s1], listeners:[]
2024-10-31 03:24:21,690 INFO  server.RaftServer$Division (RaftServerImpl.java:setConfigurationAsync(1341)) - s8@group-4CD87B055E3A: receive setConfiguration SetConfigurationRequest:client-8FB543527D95->s8@group-4CD87B055E3A, cid=1984, seq=null, RW, null, SET_UNCONDITIONALLY, servers:[s7, s8, s9, s0, s1], listeners:[]
2024-10-31 03:24:21,790 INFO  server.RaftServer$Division (RaftServerImpl.java:setConfigurationAsync(1341)) - s7@group-4CD87B055E3A: receive setConfiguration SetConfigurationRequest:client-8FB543527D95->s7@group-4CD87B055E3A, cid=1984, seq=null, RW, null, SET_UNCONDITIONALLY, servers:[s7, s8, s9, s0, s1], listeners:[]
2024-10-31 03:24:21,891 INFO  server.RaftServer$Division (RaftServerImpl.java:setConfigurationAsync(1341)) - s8@group-4CD87B055E3A: receive setConfiguration SetConfigurationRequest:client-8FB543527D95->s8@group-4CD87B055E3A, cid=1984, seq=null, RW, null, SET_UNCONDITIONALLY, servers:[s7, s8, s9, s0, s1], listeners:[]
2024-10-31 03:24:21,991 INFO  server.RaftServer$Division (RaftServerImpl.java:setConfigurationAsync(1341)) - s7@group-4CD87B055E3A: receive setConfiguration SetConfigurationRequest:client-8FB543527D95->s7@group-4CD87B055E3A, cid=1984, seq=null, RW, null, SET_UNCONDITIONALLY, servers:[s7, s8, s9, s0, s1], listeners:[]
2024-10-31 03:24:22,092 INFO  server.RaftServer$Division (RaftServerImpl.java:setConfigurationAsync(1341)) - s8@group-4CD87B055E3A: receive setConfiguration SetConfigurationRequest:client-8FB543527D95->s8@group-4CD87B055E3A, cid=1984, seq=null, RW, null, SET_UNCONDITIONALLY, servers:[s7, s8, s9, s0, s1], listeners:[]
2024-10-31 03:24:22,192 INFO  server.RaftServer$Division (RaftServerImpl.java:setConfigurationAsync(1341)) - s7@group-4CD87B055E3A: receive setConfiguration SetConfigurationRequest:client-8FB543527D95->s7@group-4CD87B055E3A, cid=1984, seq=null, RW, null, SET_UNCONDITIONALLY, servers:[s7, s8, s9, s0, s1], listeners:[]
2024-10-31 03:24:22,292 INFO  server.RaftServer$Division (RaftServerImpl.java:setConfigurationAsync(1341)) - s8@group-4CD87B055E3A: receive setConfiguration SetConfigurationRequest:client-8FB543527D95->s8@group-4CD87B055E3A, cid=1984, seq=null, RW, null, SET_UNCONDITIONALLY, servers:[s7, s8, s9, s0, s1], listeners:[]
2024-10-31 03:24:22,393 INFO  server.RaftServer$Division (RaftServerImpl.java:setConfigurationAsync(1341)) - s7@group-4CD87B055E3A: receive setConfiguration SetConfigurationRequest:client-8FB543527D95->s7@group-4CD87B055E3A, cid=1984, seq=null, RW, null, SET_UNCONDITIONALLY, servers:[s7, s8, s9, s0, s1], listeners:[]
2024-10-31 03:24:22,493 INFO  server.RaftServer$Division (RaftServerImpl.java:setConfigurationAsync(1341)) - s8@group-4CD87B055E3A: receive setConfiguration SetConfigurationRequest:client-8FB543527D95->s8@group-4CD87B055E3A, cid=1984, seq=null, RW, null, SET_UNCONDITIONALLY, servers:[s7, s8, s9, s0, s1], listeners:[]
2024-10-31 03:24:22,594 INFO  server.RaftServer$Division (RaftServerImpl.java:setConfigurationAsync(1341)) - s7@group-4CD87B055E3A: receive setConfiguration SetConfigurationRequest:client-8FB543527D95->s7@group-4CD87B055E3A, cid=1984, seq=null, RW, null, SET_UNCONDITIONALLY, servers:[s7, s8, s9, s0, s1], listeners:[]
2024-10-31 03:24:22,694 INFO  server.RaftServer$Division (RaftServerImpl.java:setConfigurationAsync(1341)) - s9@group-4CD87B055E3A: receive setConfiguration SetConfigurationRequest:client-8FB543527D95->s9@group-4CD87B055E3A, cid=1984, seq=null, RW, null, SET_UNCONDITIONALLY, servers:[s7, s8, s9, s0, s1], listeners:[]
2024-10-31 03:24:22,795 INFO  server.RaftServer$Division (RaftServerImpl.java:setConfigurationAsync(1341)) - s7@group-4CD87B055E3A: receive setConfiguration SetConfigurationRequest:client-8FB543527D95->s7@group-4CD87B055E3A, cid=1984, seq=null, RW, null, SET_UNCONDITIONALLY, servers:[s7, s8, s9, s0, s1], listeners:[]
2024-10-31 03:24:22,895 INFO  server.RaftServer$Division (RaftServerImpl.java:setConfigurationAsync(1341)) - s8@group-4CD87B055E3A: receive setConfiguration SetConfigurationRequest:client-8FB543527D95->s8@group-4CD87B055E3A, cid=1984, seq=null, RW, null, SET_UNCONDITIONALLY, servers:[s7, s8, s9, s0, s1], listeners:[]
2024-10-31 03:24:22,995 INFO  server.RaftServer$Division (RaftServerImpl.java:setConfigurationAsync(1341)) - s7@group-4CD87B055E3A: receive setConfiguration SetConfigurationRequest:client-8FB543527D95->s7@group-4CD87B055E3A, cid=1984, seq=null, RW, null, SET_UNCONDITIONALLY, servers:[s7, s8, s9, s0, s1], listeners:[]
2024-10-31 03:24:23,096 INFO  server.RaftServer$Division (RaftServerImpl.java:setConfigurationAsync(1341)) - s8@group-4CD87B055E3A: receive setConfiguration SetConfigurationRequest:client-8FB543527D95->s8@group-4CD87B055E3A, cid=1984, seq=null, RW, null, SET_UNCONDITIONALLY, servers:[s7, s8, s9, s0, s1], listeners:[]
2024-10-31 03:24:23,196 INFO  server.RaftServer$Division (RaftServerImpl.java:setConfigurationAsync(1341)) - s7@group-4CD87B055E3A: receive setConfiguration SetConfigurationRequest:client-8FB543527D95->s7@group-4CD87B055E3A, cid=1984, seq=null, RW, null, SET_UNCONDITIONALLY, servers:[s7, s8, s9, s0, s1], listeners:[]
2024-10-31 03:24:23,297 INFO  server.RaftServer$Division (RaftServerImpl.java:setConfigurationAsync(1341)) - s8@group-4CD87B055E3A: receive setConfiguration SetConfigurationRequest:client-8FB543527D95->s8@group-4CD87B055E3A, cid=1984, seq=null, RW, null, SET_UNCONDITIONALLY, servers:[s7, s8, s9, s0, s1], listeners:[]
2024-10-31 03:24:23,397 INFO  server.RaftServer$Division (RaftServerImpl.java:setConfigurationAsync(1341)) - s7@group-4CD87B055E3A: receive setConfiguration SetConfigurationRequest:client-8FB543527D95->s7@group-4CD87B055E3A, cid=1984, seq=null, RW, null, SET_UNCONDITIONALLY, servers:[s7, s8, s9, s0, s1], listeners:[]
2024-10-31 03:24:23,498 INFO  server.RaftServer$Division (RaftServerImpl.java:setConfigurationAsync(1341)) - s9@group-4CD87B055E3A: receive setConfiguration SetConfigurationRequest:client-8FB543527D95->s9@group-4CD87B055E3A, cid=1984, seq=null, RW, null, SET_UNCONDITIONALLY, servers:[s7, s8, s9, s0, s1], listeners:[]
2024-10-31 03:24:23,598 INFO  server.RaftServer$Division (RaftServerImpl.java:setConfigurationAsync(1341)) - s7@group-4CD87B055E3A: receive setConfiguration SetConfigurationRequest:client-8FB543527D95->s7@group-4CD87B055E3A, cid=1984, seq=null, RW, null, SET_UNCONDITIONALLY, servers:[s7, s8, s9, s0, s1], listeners:[]
2024-10-31 03:24:23,699 INFO  server.RaftServer$Division (RaftServerImpl.java:setConfigurationAsync(1341)) - s9@group-4CD87B055E3A: receive setConfiguration SetConfigurationRequest:client-8FB543527D95->s9@group-4CD87B055E3A, cid=1984, seq=null, RW, null, SET_UNCONDITIONALLY, servers:[s7, s8, s9, s0, s1], listeners:[]
2024-10-31 03:24:23,799 INFO  server.RaftServer$Division (RaftServerImpl.java:setConfigurationAsync(1341)) - s7@group-4CD87B055E3A: receive setConfiguration SetConfigurationRequest:client-8FB543527D95->s7@group-4CD87B055E3A, cid=1984, seq=null, RW, null, SET_UNCONDITIONALLY, servers:[s7, s8, s9, s0, s1], listeners:[]
2024-10-31 03:24:23,900 INFO  server.RaftServer$Division (RaftServerImpl.java:setConfigurationAsync(1341)) - s9@group-4CD87B055E3A: receive setConfiguration SetConfigurationRequest:client-8FB543527D95->s9@group-4CD87B055E3A, cid=1984, seq=null, RW, null, SET_UNCONDITIONALLY, servers:[s7, s8, s9, s0, s1], listeners:[]
2024-10-31 03:24:24,000 INFO  server.RaftServer$Division (RaftServerImpl.java:setConfigurationAsync(1341)) - s7@group-4CD87B055E3A: receive setConfiguration SetConfigurationRequest:client-8FB543527D95->s7@group-4CD87B055E3A, cid=1984, seq=null, RW, null, SET_UNCONDITIONALLY, servers:[s7, s8, s9, s0, s1], listeners:[]
2024-10-31 03:24:24,100 INFO  server.RaftServer$Division (RaftServerImpl.java:setConfigurationAsync(1341)) - s8@group-4CD87B055E3A: receive setConfiguration SetConfigurationRequest:client-8FB543527D95->s8@group-4CD87B055E3A, cid=1984, seq=null, RW, null, SET_UNCONDITIONALLY, servers:[s7, s8, s9, s0, s1], listeners:[]
2024-10-31 03:24:24,201 INFO  server.RaftServer$Division (RaftServerImpl.java:setConfigurationAsync(1341)) - s7@group-4CD87B055E3A: receive setConfiguration SetConfigurationRequest:client-8FB543527D95->s7@group-4CD87B055E3A, cid=1984, seq=null, RW, null, SET_UNCONDITIONALLY, servers:[s7, s8, s9, s0, s1], listeners:[]
2024-10-31 03:24:24,301 INFO  server.RaftServer$Division (RaftServerImpl.java:setConfigurationAsync(1341)) - s8@group-4CD87B055E3A: receive setConfiguration SetConfigurationRequest:client-8FB543527D95->s8@group-4CD87B055E3A, cid=1984, seq=null, RW, null, SET_UNCONDITIONALLY, servers:[s7, s8, s9, s0, s1], listeners:[]
2024-10-31 03:24:24,402 INFO  server.RaftServer$Division (RaftServerImpl.java:setConfigurationAsync(1341)) - s7@group-4CD87B055E3A: receive setConfiguration SetConfigurationRequest:client-8FB543527D95->s7@group-4CD87B055E3A, cid=1984, seq=null, RW, null, SET_UNCONDITIONALLY, servers:[s7, s8, s9, s0, s1], listeners:[]
2024-10-31 03:24:24,502 INFO  server.RaftServer$Division (RaftServerImpl.java:setConfigurationAsync(1341)) - s9@group-4CD87B055E3A: receive setConfiguration SetConfigurationRequest:client-8FB543527D95->s9@group-4CD87B055E3A, cid=1984, seq=null, RW, null, SET_UNCONDITIONALLY, servers:[s7, s8, s9, s0, s1], listeners:[]
2024-10-31 03:24:24,603 INFO  server.RaftServer$Division (RaftServerImpl.java:setConfigurationAsync(1341)) - s7@group-4CD87B055E3A: receive setConfiguration SetConfigurationRequest:client-8FB543527D95->s7@group-4CD87B055E3A, cid=1984, seq=null, RW, null, SET_UNCONDITIONALLY, servers:[s7, s8, s9, s0, s1], listeners:[]
2024-10-31 03:24:24,703 INFO  server.RaftServer$Division (RaftServerImpl.java:setConfigurationAsync(1341)) - s9@group-4CD87B055E3A: receive setConfiguration SetConfigurationRequest:client-8FB543527D95->s9@group-4CD87B055E3A, cid=1984, seq=null, RW, null, SET_UNCONDITIONALLY, servers:[s7, s8, s9, s0, s1], listeners:[]
2024-10-31 03:24:24,804 INFO  server.RaftServer$Division (RaftServerImpl.java:setConfigurationAsync(1341)) - s7@group-4CD87B055E3A: receive setConfiguration SetConfigurationRequest:client-8FB543527D95->s7@group-4CD87B055E3A, cid=1984, seq=null, RW, null, SET_UNCONDITIONALLY, servers:[s7, s8, s9, s0, s1], listeners:[]
2024-10-31 03:24:24,904 INFO  server.RaftServer$Division (RaftServerImpl.java:setConfigurationAsync(1341)) - s8@group-4CD87B055E3A: receive setConfiguration SetConfigurationRequest:client-8FB543527D95->s8@group-4CD87B055E3A, cid=1984, seq=null, RW, null, SET_UNCONDITIONALLY, servers:[s7, s8, s9, s0, s1], listeners:[]
2024-10-31 03:24:25,004 INFO  server.RaftServer$Division (RaftServerImpl.java:setConfigurationAsync(1341)) - s7@group-4CD87B055E3A: receive setConfiguration SetConfigurationRequest:client-8FB543527D95->s7@group-4CD87B055E3A, cid=1984, seq=null, RW, null, SET_UNCONDITIONALLY, servers:[s7, s8, s9, s0, s1], listeners:[]
2024-10-31 03:24:25,105 INFO  server.RaftServer$Division (RaftServerImpl.java:setConfigurationAsync(1341)) - s8@group-4CD87B055E3A: receive setConfiguration SetConfigurationRequest:client-8FB543527D95->s8@group-4CD87B055E3A, cid=1984, seq=null, RW, null, SET_UNCONDITIONALLY, servers:[s7, s8, s9, s0, s1], listeners:[]
2024-10-31 03:24:25,206 INFO  server.RaftServer$Division (RaftServerImpl.java:setConfigurationAsync(1341)) - s7@group-4CD87B055E3A: receive setConfiguration SetConfigurationRequest:client-8FB543527D95->s7@group-4CD87B055E3A, cid=1984, seq=null, RW, null, SET_UNCONDITIONALLY, servers:[s7, s8, s9, s0, s1], listeners:[]
2024-10-31 03:24:25,306 INFO  server.RaftServer$Division (RaftServerImpl.java:setConfigurationAsync(1341)) - s9@group-4CD87B055E3A: receive setConfiguration SetConfigurationRequest:client-8FB543527D95->s9@group-4CD87B055E3A, cid=1984, seq=null, RW, null, SET_UNCONDITIONALLY, servers:[s7, s8, s9, s0, s1], listeners:[]
2024-10-31 03:24:25,406 INFO  server.RaftServer$Division (RaftServerImpl.java:setConfigurationAsync(1341)) - s7@group-4CD87B055E3A: receive setConfiguration SetConfigurationRequest:client-8FB543527D95->s7@group-4CD87B055E3A, cid=1984, seq=null, RW, null, SET_UNCONDITIONALLY, servers:[s7, s8, s9, s0, s1], listeners:[]
2024-10-31 03:24:25,507 INFO  server.RaftServer$Division (RaftServerImpl.java:setConfigurationAsync(1341)) - s9@group-4CD87B055E3A: receive setConfiguration SetConfigurationRequest:client-8FB543527D95->s9@group-4CD87B055E3A, cid=1984, seq=null, RW, null, SET_UNCONDITIONALLY, servers:[s7, s8, s9, s0, s1], listeners:[]
2024-10-31 03:24:25,607 INFO  server.RaftServer$Division (RaftServerImpl.java:setConfigurationAsync(1341)) - s7@group-4CD87B055E3A: receive setConfiguration SetConfigurationRequest:client-8FB543527D95->s7@group-4CD87B055E3A, cid=1984, seq=null, RW, null, SET_UNCONDITIONALLY, servers:[s7, s8, s9, s0, s1], listeners:[]
2024-10-31 03:24:25,708 INFO  server.RaftServer$Division (RaftServerImpl.java:setConfigurationAsync(1341)) - s8@group-4CD87B055E3A: receive setConfiguration SetConfigurationRequest:client-8FB543527D95->s8@group-4CD87B055E3A, cid=1984, seq=null, RW, null, SET_UNCONDITIONALLY, servers:[s7, s8, s9, s0, s1], listeners:[]
2024-10-31 03:24:25,808 INFO  server.RaftServer$Division (RaftServerImpl.java:setConfigurationAsync(1341)) - s7@group-4CD87B055E3A: receive setConfiguration SetConfigurationRequest:client-8FB543527D95->s7@group-4CD87B055E3A, cid=1984, seq=null, RW, null, SET_UNCONDITIONALLY, servers:[s7, s8, s9, s0, s1], listeners:[]
2024-10-31 03:24:25,909 INFO  server.RaftServer$Division (RaftServerImpl.java:setConfigurationAsync(1341)) - s8@group-4CD87B055E3A: receive setConfiguration SetConfigurationRequest:client-8FB543527D95->s8@group-4CD87B055E3A, cid=1984, seq=null, RW, null, SET_UNCONDITIONALLY, servers:[s7, s8, s9, s0, s1], listeners:[]
2024-10-31 03:24:25,993 INFO  impl.MiniRaftCluster (MiniRaftCluster.java:lambda$null$7(362)) - TIMED-PRINT: printing ALL groups
  s3:  RUNNING [
   FOLLOWER s3@group-4EB49E3E6D70:t0, leader=null, voted=, raftlog=Memoized:s3@group-4EB49E3E6D70-SegmentedRaftLog:OPENED:c-1:lastnull, conf=conf: {index: -1, cur=peers:[]|listeners:[], old=null} STARTING
   FOLLOWER s3@group-4CD87B055E3A:t0, leader=null, voted=, raftlog=Memoized:s3@group-4CD87B055E3A-SegmentedRaftLog:OPENED:c-1:lastnull, conf=conf: {index: -1, cur=peers:[]|listeners:[], old=null} STARTING] size=2
  s4:  RUNNING [
   FOLLOWER s4@group-4EB49E3E6D70:t0, leader=null, voted=, raftlog=Memoized:s4@group-4EB49E3E6D70-SegmentedRaftLog:OPENED:c-1:lastnull, conf=conf: {index: -1, cur=peers:[]|listeners:[], old=null} STARTING
   FOLLOWER s4@group-4CD87B055E3A:t0, leader=null, voted=, raftlog=Memoized:s4@group-4CD87B055E3A-SegmentedRaftLog:OPENED:c-1:lastnull, conf=conf: {index: -1, cur=peers:[]|listeners:[], old=null} STARTING] size=2
  s5:  RUNNING [
   FOLLOWER s5@group-4EB49E3E6D70:t0, leader=null, voted=, raftlog=Memoized:s5@group-4EB49E3E6D70-SegmentedRaftLog:OPENED:c-1:lastnull, conf=conf: {index: -1, cur=peers:[]|listeners:[], old=null} STARTING
   FOLLOWER s5@group-4CD87B055E3A:t0, leader=null, voted=, raftlog=Memoized:s5@group-4CD87B055E3A-SegmentedRaftLog:OPENED:c-1:lastnull, conf=conf: {index: -1, cur=peers:[]|listeners:[], old=null} STARTING] size=2
  s6:  RUNNING [
   FOLLOWER s6@group-4EB49E3E6D70:t0, leader=null, voted=, raftlog=Memoized:s6@group-4EB49E3E6D70-SegmentedRaftLog:OPENED:c-1:lastnull, conf=conf: {index: -1, cur=peers:[]|listeners:[], old=null} STARTING
   FOLLOWER s6@group-4CD87B055E3A:t0, leader=null, voted=, raftlog=Memoized:s6@group-4CD87B055E3A-SegmentedRaftLog:OPENED:c-1:lastnull, conf=conf: {index: -1, cur=peers:[]|listeners:[], old=null} STARTING] size=2
  s7:  RUNNING [
   FOLLOWER s7@group-4EB49E3E6D70:t0, leader=null, voted=, raftlog=Memoized:s7@group-4EB49E3E6D70-SegmentedRaftLog:OPENED:c-1:lastnull, conf=conf: {index: -1, cur=peers:[]|listeners:[], old=null} STARTING
     LEADER s7@group-4CD87B055E3A:t1, leader=s7, voted=s7, raftlog=Memoized:s7@group-4CD87B055E3A-SegmentedRaftLog:OPENED:c120:last(t:1, i:120), conf=conf: {index: 0, cur=peers:[s7, s8, s9]|listeners:[], old=null} RUNNING] size=2
  s8:  RUNNING [
   FOLLOWER s8@group-4EB49E3E6D70:t0, leader=null, voted=, raftlog=Memoized:s8@group-4EB49E3E6D70-SegmentedRaftLog:OPENED:c-1:lastnull, conf=conf: {index: -1, cur=peers:[]|listeners:[], old=null} STARTING
   FOLLOWER s8@group-4CD87B055E3A:t1, leader=s7, voted=s7, raftlog=Memoized:s8@group-4CD87B055E3A-SegmentedRaftLog:OPENED:c120:last(t:1, i:120), conf=conf: {index: 0, cur=peers:[s7|, s8|, s9|]|listeners:[], old=null} RUNNING] size=2
  s9:  RUNNING [
   FOLLOWER s9@group-4EB49E3E6D70:t0, leader=null, voted=, raftlog=Memoized:s9@group-4EB49E3E6D70-SegmentedRaftLog:OPENED:c-1:lastnull, conf=conf: {index: -1, cur=peers:[]|listeners:[], old=null} STARTING
   FOLLOWER s9@group-4CD87B055E3A:t1, leader=s7, voted=s7, raftlog=Memoized:s9@group-4CD87B055E3A-SegmentedRaftLog:OPENED:c120:last(t:1, i:120), conf=conf: {index: 0, cur=peers:[s7|, s8|, s9|]|listeners:[], old=null} RUNNING] size=2
  s11:  RUNNING [
   FOLLOWER s11@group-4EB49E3E6D70:t0, leader=null, voted=, raftlog=Memoized:s11@group-4EB49E3E6D70-SegmentedRaftLog:OPENED:c-1:lastnull, conf=conf: {index: -1, cur=peers:[]|listeners:[], old=null} STARTING
   FOLLOWER s11@group-4CD87B055E3A:t0, leader=null, voted=, raftlog=Memoized:s11@group-4CD87B055E3A-SegmentedRaftLog:OPENED:c-1:lastnull, conf=conf: {index: -1, cur=peers:[]|listeners:[], old=null} STARTING] size=2
  s10:  RUNNING [
   FOLLOWER s10@group-4EB49E3E6D70:t0, leader=null, voted=, raftlog=Memoized:s10@group-4EB49E3E6D70-SegmentedRaftLog:OPENED:c-1:lastnull, conf=conf: {index: -1, cur=peers:[]|listeners:[], old=null} STARTING
   FOLLOWER s10@group-4CD87B055E3A:t0, leader=null, voted=, raftlog=Memoized:s10@group-4CD87B055E3A-SegmentedRaftLog:OPENED:c-1:lastnull, conf=conf: {index: -1, cur=peers:[]|listeners:[], old=null} STARTING] size=2
  s13:  RUNNING [
   FOLLOWER s13@group-4EB49E3E6D70:t0, leader=null, voted=, raftlog=Memoized:s13@group-4EB49E3E6D70-SegmentedRaftLog:OPENED:c-1:lastnull, conf=conf: {index: -1, cur=peers:[]|listeners:[], old=null} STARTING
   FOLLOWER s13@group-4CD87B055E3A:t0, leader=null, voted=, raftlog=Memoized:s13@group-4CD87B055E3A-SegmentedRaftLog:OPENED:c-1:lastnull, conf=conf: {index: -1, cur=peers:[]|listeners:[], old=null} STARTING] size=2
  s12:  RUNNING [
   FOLLOWER s12@group-4EB49E3E6D70:t0, leader=null, voted=, raftlog=Memoized:s12@group-4EB49E3E6D70-SegmentedRaftLog:OPENED:c-1:lastnull, conf=conf: {index: -1, cur=peers:[]|listeners:[], old=null} STARTING
   FOLLOWER s12@group-4CD87B055E3A:t0, leader=null, voted=, raftlog=Memoized:s12@group-4CD87B055E3A-SegmentedRaftLog:OPENED:c-1:lastnull, conf=conf: {index: -1, cur=peers:[]|listeners:[], old=null} STARTING] size=2
  s14:  RUNNING [
   FOLLOWER s14@group-4EB49E3E6D70:t0, leader=null, voted=, raftlog=Memoized:s14@group-4EB49E3E6D70-SegmentedRaftLog:OPENED:c-1:lastnull, conf=conf: {index: -1, cur=peers:[]|listeners:[], old=null} STARTING
   FOLLOWER s14@group-4CD87B055E3A:t0, leader=null, voted=, raftlog=Memoized:s14@group-4CD87B055E3A-SegmentedRaftLog:OPENED:c-1:lastnull, conf=conf: {index: -1, cur=peers:[]|listeners:[], old=null} STARTING] size=2
  s0:  RUNNING [
   FOLLOWER s0@group-4EB49E3E6D70:t0, leader=null, voted=, raftlog=Memoized:s0@group-4EB49E3E6D70-SegmentedRaftLog:OPENED:c-1:lastnull, conf=conf: {index: -1, cur=peers:[]|listeners:[], old=null} STARTING
   FOLLOWER s0@group-4CD87B055E3A:t1, leader=s7, voted=null, raftlog=Memoized:s0@group-4CD87B055E3A-SegmentedRaftLog:OPENED:c120:last(t:1, i:120), conf=conf: {index: 0, cur=peers:[s7|, s8|, s9|]|listeners:[], old=null} STARTING] size=2
  s1:  RUNNING [
   FOLLOWER s1@group-4EB49E3E6D70:t0, leader=null, voted=, raftlog=Memoized:s1@group-4EB49E3E6D70-SegmentedRaftLog:OPENED:c-1:lastnull, conf=conf: {index: -1, cur=peers:[]|listeners:[], old=null} STARTING
   FOLLOWER s1@group-4CD87B055E3A:t1, leader=s7, voted=null, raftlog=Memoized:s1@group-4CD87B055E3A-SegmentedRaftLog:OPENED:c120:last(t:1, i:120), conf=conf: {index: 0, cur=peers:[s7|, s8|, s9|]|listeners:[], old=null} STARTING] size=2
  s2:  RUNNING [
   FOLLOWER s2@group-4EB49E3E6D70:t0, leader=null, voted=, raftlog=Memoized:s2@group-4EB49E3E6D70-SegmentedRaftLog:OPENED:c-1:lastnull, conf=conf: {index: -1, cur=peers:[]|listeners:[], old=null} STARTING
   FOLLOWER s2@group-4CD87B055E3A:t0, leader=null, voted=, raftlog=Memoized:s2@group-4CD87B055E3A-SegmentedRaftLog:OPENED:c-1:lastnull, conf=conf: {index: -1, cur=peers:[]|listeners:[], old=null} STARTING] size=2
2024-10-31 03:24:26,009 INFO  server.RaftServer$Division (RaftServerImpl.java:setConfigurationAsync(1341)) - s7@group-4CD87B055E3A: receive setConfiguration SetConfigurationRequest:client-8FB543527D95->s7@group-4CD87B055E3A, cid=1984, seq=null, RW, null, SET_UNCONDITIONALLY, servers:[s7, s8, s9, s0, s1], listeners:[]
2024-10-31 03:24:26,110 INFO  server.RaftServer$Division (RaftServerImpl.java:setConfigurationAsync(1341)) - s9@group-4CD87B055E3A: receive setConfiguration SetConfigurationRequest:client-8FB543527D95->s9@group-4CD87B055E3A, cid=1984, seq=null, RW, null, SET_UNCONDITIONALLY, servers:[s7, s8, s9, s0, s1], listeners:[]
2024-10-31 03:24:26,211 INFO  server.RaftServer$Division (RaftServerImpl.java:setConfigurationAsync(1341)) - s7@group-4CD87B055E3A: receive setConfiguration SetConfigurationRequest:client-8FB543527D95->s7@group-4CD87B055E3A, cid=1984, seq=null, RW, null, SET_UNCONDITIONALLY, servers:[s7, s8, s9, s0, s1], listeners:[]
2024-10-31 03:24:26,311 INFO  server.RaftServer$Division (RaftServerImpl.java:setConfigurationAsync(1341)) - s8@group-4CD87B055E3A: receive setConfiguration SetConfigurationRequest:client-8FB543527D95->s8@group-4CD87B055E3A, cid=1984, seq=null, RW, null, SET_UNCONDITIONALLY, servers:[s7, s8, s9, s0, s1], listeners:[]
2024-10-31 03:24:26,412 INFO  server.RaftServer$Division (RaftServerImpl.java:setConfigurationAsync(1341)) - s7@group-4CD87B055E3A: receive setConfiguration SetConfigurationRequest:client-8FB543527D95->s7@group-4CD87B055E3A, cid=1984, seq=null, RW, null, SET_UNCONDITIONALLY, servers:[s7, s8, s9, s0, s1], listeners:[]
2024-10-31 03:24:26,512 INFO  server.RaftServer$Division (RaftServerImpl.java:setConfigurationAsync(1341)) - s9@group-4CD87B055E3A: receive setConfiguration SetConfigurationRequest:client-8FB543527D95->s9@group-4CD87B055E3A, cid=1984, seq=null, RW, null, SET_UNCONDITIONALLY, servers:[s7, s8, s9, s0, s1], listeners:[]
2024-10-31 03:24:26,612 INFO  server.RaftServer$Division (RaftServerImpl.java:setConfigurationAsync(1341)) - s7@group-4CD87B055E3A: receive setConfiguration SetConfigurationRequest:client-8FB543527D95->s7@group-4CD87B055E3A, cid=1984, seq=null, RW, null, SET_UNCONDITIONALLY, servers:[s7, s8, s9, s0, s1], listeners:[]
2024-10-31 03:24:26,713 INFO  server.RaftServer$Division (RaftServerImpl.java:setConfigurationAsync(1341)) - s8@group-4CD87B055E3A: receive setConfiguration SetConfigurationRequest:client-8FB543527D95->s8@group-4CD87B055E3A, cid=1984, seq=null, RW, null, SET_UNCONDITIONALLY, servers:[s7, s8, s9, s0, s1], listeners:[]
2024-10-31 03:24:26,813 INFO  server.RaftServer$Division (RaftServerImpl.java:setConfigurationAsync(1341)) - s7@group-4CD87B055E3A: receive setConfiguration SetConfigurationRequest:client-8FB543527D95->s7@group-4CD87B055E3A, cid=1984, seq=null, RW, null, SET_UNCONDITIONALLY, servers:[s7, s8, s9, s0, s1], listeners:[]
2024-10-31 03:24:26,914 INFO  server.RaftServer$Division (RaftServerImpl.java:setConfigurationAsync(1341)) - s9@group-4CD87B055E3A: receive setConfiguration SetConfigurationRequest:client-8FB543527D95->s9@group-4CD87B055E3A, cid=1984, seq=null, RW, null, SET_UNCONDITIONALLY, servers:[s7, s8, s9, s0, s1], listeners:[]
2024-10-31 03:24:27,014 INFO  server.RaftServer$Division (RaftServerImpl.java:setConfigurationAsync(1341)) - s7@group-4CD87B055E3A: receive setConfiguration SetConfigurationRequest:client-8FB543527D95->s7@group-4CD87B055E3A, cid=1984, seq=null, RW, null, SET_UNCONDITIONALLY, servers:[s7, s8, s9, s0, s1], listeners:[]
2024-10-31 03:24:27,115 INFO  server.RaftServer$Division (RaftServerImpl.java:setConfigurationAsync(1341)) - s8@group-4CD87B055E3A: receive setConfiguration SetConfigurationRequest:client-8FB543527D95->s8@group-4CD87B055E3A, cid=1984, seq=null, RW, null, SET_UNCONDITIONALLY, servers:[s7, s8, s9, s0, s1], listeners:[]
2024-10-31 03:24:27,215 INFO  server.RaftServer$Division (RaftServerImpl.java:setConfigurationAsync(1341)) - s7@group-4CD87B055E3A: receive setConfiguration SetConfigurationRequest:client-8FB543527D95->s7@group-4CD87B055E3A, cid=1984, seq=null, RW, null, SET_UNCONDITIONALLY, servers:[s7, s8, s9, s0, s1], listeners:[]
2024-10-31 03:24:27,316 INFO  server.RaftServer$Division (RaftServerImpl.java:setConfigurationAsync(1341)) - s9@group-4CD87B055E3A: receive setConfiguration SetConfigurationRequest:client-8FB543527D95->s9@group-4CD87B055E3A, cid=1984, seq=null, RW, null, SET_UNCONDITIONALLY, servers:[s7, s8, s9, s0, s1], listeners:[]
2024-10-31 03:24:27,416 INFO  server.RaftServer$Division (RaftServerImpl.java:setConfigurationAsync(1341)) - s7@group-4CD87B055E3A: receive setConfiguration SetConfigurationRequest:client-8FB543527D95->s7@group-4CD87B055E3A, cid=1984, seq=null, RW, null, SET_UNCONDITIONALLY, servers:[s7, s8, s9, s0, s1], listeners:[]
2024-10-31 03:24:27,517 INFO  server.RaftServer$Division (RaftServerImpl.java:setConfigurationAsync(1341)) - s8@group-4CD87B055E3A: receive setConfiguration SetConfigurationRequest:client-8FB543527D95->s8@group-4CD87B055E3A, cid=1984, seq=null, RW, null, SET_UNCONDITIONALLY, servers:[s7, s8, s9, s0, s1], listeners:[]
2024-10-31 03:24:27,617 INFO  server.RaftServer$Division (RaftServerImpl.java:setConfigurationAsync(1341)) - s7@group-4CD87B055E3A: receive setConfiguration SetConfigurationRequest:client-8FB543527D95->s7@group-4CD87B055E3A, cid=1984, seq=null, RW, null, SET_UNCONDITIONALLY, servers:[s7, s8, s9, s0, s1], listeners:[]
2024-10-31 03:24:27,718 INFO  server.RaftServer$Division (RaftServerImpl.java:setConfigurationAsync(1341)) - s8@group-4CD87B055E3A: receive setConfiguration SetConfigurationRequest:client-8FB543527D95->s8@group-4CD87B055E3A, cid=1984, seq=null, RW, null, SET_UNCONDITIONALLY, servers:[s7, s8, s9, s0, s1], listeners:[]
2024-10-31 03:24:27,818 INFO  server.RaftServer$Division (RaftServerImpl.java:setConfigurationAsync(1341)) - s7@group-4CD87B055E3A: receive setConfiguration SetConfigurationRequest:client-8FB543527D95->s7@group-4CD87B055E3A, cid=1984, seq=null, RW, null, SET_UNCONDITIONALLY, servers:[s7, s8, s9, s0, s1], listeners:[]
2024-10-31 03:24:27,919 INFO  server.RaftServer$Division (RaftServerImpl.java:setConfigurationAsync(1341)) - s8@group-4CD87B055E3A: receive setConfiguration SetConfigurationRequest:client-8FB543527D95->s8@group-4CD87B055E3A, cid=1984, seq=null, RW, null, SET_UNCONDITIONALLY, servers:[s7, s8, s9, s0, s1], listeners:[]
2024-10-31 03:24:28,019 INFO  server.RaftServer$Division (RaftServerImpl.java:setConfigurationAsync(1341)) - s7@group-4CD87B055E3A: receive setConfiguration SetConfigurationRequest:client-8FB543527D95->s7@group-4CD87B055E3A, cid=1984, seq=null, RW, null, SET_UNCONDITIONALLY, servers:[s7, s8, s9, s0, s1], listeners:[]
2024-10-31 03:24:28,120 INFO  server.RaftServer$Division (RaftServerImpl.java:setConfigurationAsync(1341)) - s9@group-4CD87B055E3A: receive setConfiguration SetConfigurationRequest:client-8FB543527D95->s9@group-4CD87B055E3A, cid=1984, seq=null, RW, null, SET_UNCONDITIONALLY, servers:[s7, s8, s9, s0, s1], listeners:[]
2024-10-31 03:24:28,220 INFO  server.RaftServer$Division (RaftServerImpl.java:setConfigurationAsync(1341)) - s7@group-4CD87B055E3A: receive setConfiguration SetConfigurationRequest:client-8FB543527D95->s7@group-4CD87B055E3A, cid=1984, seq=null, RW, null, SET_UNCONDITIONALLY, servers:[s7, s8, s9, s0, s1], listeners:[]
2024-10-31 03:24:28,321 INFO  server.RaftServer$Division (RaftServerImpl.java:setConfigurationAsync(1341)) - s9@group-4CD87B055E3A: receive setConfiguration SetConfigurationRequest:client-8FB543527D95->s9@group-4CD87B055E3A, cid=1984, seq=null, RW, null, SET_UNCONDITIONALLY, servers:[s7, s8, s9, s0, s1], listeners:[]
2024-10-31 03:24:28,421 INFO  server.RaftServer$Division (RaftServerImpl.java:setConfigurationAsync(1341)) - s7@group-4CD87B055E3A: receive setConfiguration SetConfigurationRequest:client-8FB543527D95->s7@group-4CD87B055E3A, cid=1984, seq=null, RW, null, SET_UNCONDITIONALLY, servers:[s7, s8, s9, s0, s1], listeners:[]
2024-10-31 03:24:28,521 INFO  server.RaftServer$Division (RaftServerImpl.java:setConfigurationAsync(1341)) - s8@group-4CD87B055E3A: receive setConfiguration SetConfigurationRequest:client-8FB543527D95->s8@group-4CD87B055E3A, cid=1984, seq=null, RW, null, SET_UNCONDITIONALLY, servers:[s7, s8, s9, s0, s1], listeners:[]
2024-10-31 03:24:28,622 INFO  server.RaftServer$Division (RaftServerImpl.java:setConfigurationAsync(1341)) - s7@group-4CD87B055E3A: receive setConfiguration SetConfigurationRequest:client-8FB543527D95->s7@group-4CD87B055E3A, cid=1984, seq=null, RW, null, SET_UNCONDITIONALLY, servers:[s7, s8, s9, s0, s1], listeners:[]
2024-10-31 03:24:28,722 INFO  server.RaftServer$Division (RaftServerImpl.java:setConfigurationAsync(1341)) - s8@group-4CD87B055E3A: receive setConfiguration SetConfigurationRequest:client-8FB543527D95->s8@group-4CD87B055E3A, cid=1984, seq=null, RW, null, SET_UNCONDITIONALLY, servers:[s7, s8, s9, s0, s1], listeners:[]
2024-10-31 03:24:28,823 INFO  server.RaftServer$Division (RaftServerImpl.java:setConfigurationAsync(1341)) - s7@group-4CD87B055E3A: receive setConfiguration SetConfigurationRequest:client-8FB543527D95->s7@group-4CD87B055E3A, cid=1984, seq=null, RW, null, SET_UNCONDITIONALLY, servers:[s7, s8, s9, s0, s1], listeners:[]
2024-10-31 03:24:28,923 INFO  server.RaftServer$Division (RaftServerImpl.java:setConfigurationAsync(1341)) - s8@group-4CD87B055E3A: receive setConfiguration SetConfigurationRequest:client-8FB543527D95->s8@group-4CD87B055E3A, cid=1984, seq=null, RW, null, SET_UNCONDITIONALLY, servers:[s7, s8, s9, s0, s1], listeners:[]
2024-10-31 03:24:29,024 INFO  server.RaftServer$Division (RaftServerImpl.java:setConfigurationAsync(1341)) - s7@group-4CD87B055E3A: receive setConfiguration SetConfigurationRequest:client-8FB543527D95->s7@group-4CD87B055E3A, cid=1984, seq=null, RW, null, SET_UNCONDITIONALLY, servers:[s7, s8, s9, s0, s1], listeners:[]
2024-10-31 03:24:29,124 INFO  server.RaftServer$Division (RaftServerImpl.java:setConfigurationAsync(1341)) - s9@group-4CD87B055E3A: receive setConfiguration SetConfigurationRequest:client-8FB543527D95->s9@group-4CD87B055E3A, cid=1984, seq=null, RW, null, SET_UNCONDITIONALLY, servers:[s7, s8, s9, s0, s1], listeners:[]
2024-10-31 03:24:29,225 INFO  server.RaftServer$Division (RaftServerImpl.java:setConfigurationAsync(1341)) - s7@group-4CD87B055E3A: receive setConfiguration SetConfigurationRequest:client-8FB543527D95->s7@group-4CD87B055E3A, cid=1984, seq=null, RW, null, SET_UNCONDITIONALLY, servers:[s7, s8, s9, s0, s1], listeners:[]
2024-10-31 03:24:29,325 INFO  server.RaftServer$Division (RaftServerImpl.java:setConfigurationAsync(1341)) - s9@group-4CD87B055E3A: receive setConfiguration SetConfigurationRequest:client-8FB543527D95->s9@group-4CD87B055E3A, cid=1984, seq=null, RW, null, SET_UNCONDITIONALLY, servers:[s7, s8, s9, s0, s1], listeners:[]
2024-10-31 03:24:29,426 INFO  server.RaftServer$Division (RaftServerImpl.java:setConfigurationAsync(1341)) - s7@group-4CD87B055E3A: receive setConfiguration SetConfigurationRequest:client-8FB543527D95->s7@group-4CD87B055E3A, cid=1984, seq=null, RW, null, SET_UNCONDITIONALLY, servers:[s7, s8, s9, s0, s1], listeners:[]
2024-10-31 03:24:29,526 INFO  server.RaftServer$Division (RaftServerImpl.java:setConfigurationAsync(1341)) - s9@group-4CD87B055E3A: receive setConfiguration SetConfigurationRequest:client-8FB543527D95->s9@group-4CD87B055E3A, cid=1984, seq=null, RW, null, SET_UNCONDITIONALLY, servers:[s7, s8, s9, s0, s1], listeners:[]
2024-10-31 03:24:29,627 INFO  server.RaftServer$Division (RaftServerImpl.java:setConfigurationAsync(1341)) - s7@group-4CD87B055E3A: receive setConfiguration SetConfigurationRequest:client-8FB543527D95->s7@group-4CD87B055E3A, cid=1984, seq=null, RW, null, SET_UNCONDITIONALLY, servers:[s7, s8, s9, s0, s1], listeners:[]
2024-10-31 03:24:29,727 INFO  server.RaftServer$Division (RaftServerImpl.java:setConfigurationAsync(1341)) - s9@group-4CD87B055E3A: receive setConfiguration SetConfigurationRequest:client-8FB543527D95->s9@group-4CD87B055E3A, cid=1984, seq=null, RW, null, SET_UNCONDITIONALLY, servers:[s7, s8, s9, s0, s1], listeners:[]
2024-10-31 03:24:29,828 INFO  server.RaftServer$Division (RaftServerImpl.java:setConfigurationAsync(1341)) - s7@group-4CD87B055E3A: receive setConfiguration SetConfigurationRequest:client-8FB543527D95->s7@group-4CD87B055E3A, cid=1984, seq=null, RW, null, SET_UNCONDITIONALLY, servers:[s7, s8, s9, s0, s1], listeners:[]
2024-10-31 03:24:29,928 INFO  server.RaftServer$Division (RaftServerImpl.java:setConfigurationAsync(1341)) - s9@group-4CD87B055E3A: receive setConfiguration SetConfigurationRequest:client-8FB543527D95->s9@group-4CD87B055E3A, cid=1984, seq=null, RW, null, SET_UNCONDITIONALLY, servers:[s7, s8, s9, s0, s1], listeners:[]
2024-10-31 03:24:30,029 INFO  server.RaftServer$Division (RaftServerImpl.java:setConfigurationAsync(1341)) - s7@group-4CD87B055E3A: receive setConfiguration SetConfigurationRequest:client-8FB543527D95->s7@group-4CD87B055E3A, cid=1984, seq=null, RW, null, SET_UNCONDITIONALLY, servers:[s7, s8, s9, s0, s1], listeners:[]
2024-10-31 03:24:30,129 INFO  server.RaftServer$Division (RaftServerImpl.java:setConfigurationAsync(1341)) - s9@group-4CD87B055E3A: receive setConfiguration SetConfigurationRequest:client-8FB543527D95->s9@group-4CD87B055E3A, cid=1984, seq=null, RW, null, SET_UNCONDITIONALLY, servers:[s7, s8, s9, s0, s1], listeners:[]
2024-10-31 03:24:30,230 INFO  server.RaftServer$Division (RaftServerImpl.java:setConfigurationAsync(1341)) - s7@group-4CD87B055E3A: receive setConfiguration SetConfigurationRequest:client-8FB543527D95->s7@group-4CD87B055E3A, cid=1984, seq=null, RW, null, SET_UNCONDITIONALLY, servers:[s7, s8, s9, s0, s1], listeners:[]
2024-10-31 03:24:30,330 INFO  server.RaftServer$Division (RaftServerImpl.java:setConfigurationAsync(1341)) - s9@group-4CD87B055E3A: receive setConfiguration SetConfigurationRequest:client-8FB543527D95->s9@group-4CD87B055E3A, cid=1984, seq=null, RW, null, SET_UNCONDITIONALLY, servers:[s7, s8, s9, s0, s1], listeners:[]
2024-10-31 03:24:30,431 INFO  server.RaftServer$Division (RaftServerImpl.java:setConfigurationAsync(1341)) - s7@group-4CD87B055E3A: receive setConfiguration SetConfigurationRequest:client-8FB543527D95->s7@group-4CD87B055E3A, cid=1984, seq=null, RW, null, SET_UNCONDITIONALLY, servers:[s7, s8, s9, s0, s1], listeners:[]
2024-10-31 03:24:30,531 INFO  server.RaftServer$Division (RaftServerImpl.java:setConfigurationAsync(1341)) - s9@group-4CD87B055E3A: receive setConfiguration SetConfigurationRequest:client-8FB543527D95->s9@group-4CD87B055E3A, cid=1984, seq=null, RW, null, SET_UNCONDITIONALLY, servers:[s7, s8, s9, s0, s1], listeners:[]
2024-10-31 03:24:30,631 INFO  server.RaftServer$Division (RaftServerImpl.java:setConfigurationAsync(1341)) - s7@group-4CD87B055E3A: receive setConfiguration SetConfigurationRequest:client-8FB543527D95->s7@group-4CD87B055E3A, cid=1984, seq=null, RW, null, SET_UNCONDITIONALLY, servers:[s7, s8, s9, s0, s1], listeners:[]
2024-10-31 03:24:30,732 INFO  server.RaftServer$Division (RaftServerImpl.java:setConfigurationAsync(1341)) - s8@group-4CD87B055E3A: receive setConfiguration SetConfigurationRequest:client-8FB543527D95->s8@group-4CD87B055E3A, cid=1984, seq=null, RW, null, SET_UNCONDITIONALLY, servers:[s7, s8, s9, s0, s1], listeners:[]
2024-10-31 03:24:30,832 INFO  server.RaftServer$Division (RaftServerImpl.java:setConfigurationAsync(1341)) - s7@group-4CD87B055E3A: receive setConfiguration SetConfigurationRequest:client-8FB543527D95->s7@group-4CD87B055E3A, cid=1984, seq=null, RW, null, SET_UNCONDITIONALLY, servers:[s7, s8, s9, s0, s1], listeners:[]
2024-10-31 03:24:30,933 INFO  server.RaftServer$Division (RaftServerImpl.java:setConfigurationAsync(1341)) - s8@group-4CD87B055E3A: receive setConfiguration SetConfigurationRequest:client-8FB543527D95->s8@group-4CD87B055E3A, cid=1984, seq=null, RW, null, SET_UNCONDITIONALLY, servers:[s7, s8, s9, s0, s1], listeners:[]
2024-10-31 03:24:31,033 INFO  server.RaftServer$Division (RaftServerImpl.java:setConfigurationAsync(1341)) - s7@group-4CD87B055E3A: receive setConfiguration SetConfigurationRequest:client-8FB543527D95->s7@group-4CD87B055E3A, cid=1984, seq=null, RW, null, SET_UNCONDITIONALLY, servers:[s7, s8, s9, s0, s1], listeners:[]
2024-10-31 03:24:31,133 INFO  server.RaftServer$Division (RaftServerImpl.java:setConfigurationAsync(1341)) - s8@group-4CD87B055E3A: receive setConfiguration SetConfigurationRequest:client-8FB543527D95->s8@group-4CD87B055E3A, cid=1984, seq=null, RW, null, SET_UNCONDITIONALLY, servers:[s7, s8, s9, s0, s1], listeners:[]
2024-10-31 03:24:31,234 INFO  server.RaftServer$Division (RaftServerImpl.java:setConfigurationAsync(1341)) - s7@group-4CD87B055E3A: receive setConfiguration SetConfigurationRequest:client-8FB543527D95->s7@group-4CD87B055E3A, cid=1984, seq=null, RW, null, SET_UNCONDITIONALLY, servers:[s7, s8, s9, s0, s1], listeners:[]
2024-10-31 03:24:31,334 INFO  server.RaftServer$Division (RaftServerImpl.java:setConfigurationAsync(1341)) - s8@group-4CD87B055E3A: receive setConfiguration SetConfigurationRequest:client-8FB543527D95->s8@group-4CD87B055E3A, cid=1984, seq=null, RW, null, SET_UNCONDITIONALLY, servers:[s7, s8, s9, s0, s1], listeners:[]
2024-10-31 03:24:31,435 INFO  server.RaftServer$Division (RaftServerImpl.java:setConfigurationAsync(1341)) - s7@group-4CD87B055E3A: receive setConfiguration SetConfigurationRequest:client-8FB543527D95->s7@group-4CD87B055E3A, cid=1984, seq=null, RW, null, SET_UNCONDITIONALLY, servers:[s7, s8, s9, s0, s1], listeners:[]
2024-10-31 03:24:31,535 INFO  server.RaftServer$Division (RaftServerImpl.java:setConfigurationAsync(1341)) - s9@group-4CD87B055E3A: receive setConfiguration SetConfigurationRequest:client-8FB543527D95->s9@group-4CD87B055E3A, cid=1984, seq=null, RW, null, SET_UNCONDITIONALLY, servers:[s7, s8, s9, s0, s1], listeners:[]
2024-10-31 03:24:31,636 INFO  server.RaftServer$Division (RaftServerImpl.java:setConfigurationAsync(1341)) - s7@group-4CD87B055E3A: receive setConfiguration SetConfigurationRequest:client-8FB543527D95->s7@group-4CD87B055E3A, cid=1984, seq=null, RW, null, SET_UNCONDITIONALLY, servers:[s7, s8, s9, s0, s1], listeners:[]
2024-10-31 03:24:31,736 INFO  server.RaftServer$Division (RaftServerImpl.java:setConfigurationAsync(1341)) - s9@group-4CD87B055E3A: receive setConfiguration SetConfigurationRequest:client-8FB543527D95->s9@group-4CD87B055E3A, cid=1984, seq=null, RW, null, SET_UNCONDITIONALLY, servers:[s7, s8, s9, s0, s1], listeners:[]
2024-10-31 03:24:31,836 INFO  server.RaftServer$Division (RaftServerImpl.java:setConfigurationAsync(1341)) - s7@group-4CD87B055E3A: receive setConfiguration SetConfigurationRequest:client-8FB543527D95->s7@group-4CD87B055E3A, cid=1984, seq=null, RW, null, SET_UNCONDITIONALLY, servers:[s7, s8, s9, s0, s1], listeners:[]
2024-10-31 03:24:31,937 INFO  server.RaftServer$Division (RaftServerImpl.java:setConfigurationAsync(1341)) - s9@group-4CD87B055E3A: receive setConfiguration SetConfigurationRequest:client-8FB543527D95->s9@group-4CD87B055E3A, cid=1984, seq=null, RW, null, SET_UNCONDITIONALLY, servers:[s7, s8, s9, s0, s1], listeners:[]
2024-10-31 03:24:32,037 INFO  server.RaftServer$Division (RaftServerImpl.java:setConfigurationAsync(1341)) - s7@group-4CD87B055E3A: receive setConfiguration SetConfigurationRequest:client-8FB543527D95->s7@group-4CD87B055E3A, cid=1984, seq=null, RW, null, SET_UNCONDITIONALLY, servers:[s7, s8, s9, s0, s1], listeners:[]
2024-10-31 03:24:32,138 INFO  server.RaftServer$Division (RaftServerImpl.java:setConfigurationAsync(1341)) - s8@group-4CD87B055E3A: receive setConfiguration SetConfigurationRequest:client-8FB543527D95->s8@group-4CD87B055E3A, cid=1984, seq=null, RW, null, SET_UNCONDITIONALLY, servers:[s7, s8, s9, s0, s1], listeners:[]
2024-10-31 03:24:32,238 INFO  server.RaftServer$Division (RaftServerImpl.java:setConfigurationAsync(1341)) - s7@group-4CD87B055E3A: receive setConfiguration SetConfigurationRequest:client-8FB543527D95->s7@group-4CD87B055E3A, cid=1984, seq=null, RW, null, SET_UNCONDITIONALLY, servers:[s7, s8, s9, s0, s1], listeners:[]
2024-10-31 03:24:32,338 INFO  server.RaftServer$Division (RaftServerImpl.java:setConfigurationAsync(1341)) - s9@group-4CD87B055E3A: receive setConfiguration SetConfigurationRequest:client-8FB543527D95->s9@group-4CD87B055E3A, cid=1984, seq=null, RW, null, SET_UNCONDITIONALLY, servers:[s7, s8, s9, s0, s1], listeners:[]
2024-10-31 03:24:32,439 INFO  server.RaftServer$Division (RaftServerImpl.java:setConfigurationAsync(1341)) - s7@group-4CD87B055E3A: receive setConfiguration SetConfigurationRequest:client-8FB543527D95->s7@group-4CD87B055E3A, cid=1984, seq=null, RW, null, SET_UNCONDITIONALLY, servers:[s7, s8, s9, s0, s1], listeners:[]
2024-10-31 03:24:32,539 INFO  server.RaftServer$Division (RaftServerImpl.java:setConfigurationAsync(1341)) - s9@group-4CD87B055E3A: receive setConfiguration SetConfigurationRequest:client-8FB543527D95->s9@group-4CD87B055E3A, cid=1984, seq=null, RW, null, SET_UNCONDITIONALLY, servers:[s7, s8, s9, s0, s1], listeners:[]
2024-10-31 03:24:32,640 INFO  server.RaftServer$Division (RaftServerImpl.java:setConfigurationAsync(1341)) - s7@group-4CD87B055E3A: receive setConfiguration SetConfigurationRequest:client-8FB543527D95->s7@group-4CD87B055E3A, cid=1984, seq=null, RW, null, SET_UNCONDITIONALLY, servers:[s7, s8, s9, s0, s1], listeners:[]
2024-10-31 03:24:32,740 INFO  server.RaftServer$Division (RaftServerImpl.java:setConfigurationAsync(1341)) - s8@group-4CD87B055E3A: receive setConfiguration SetConfigurationRequest:client-8FB543527D95->s8@group-4CD87B055E3A, cid=1984, seq=null, RW, null, SET_UNCONDITIONALLY, servers:[s7, s8, s9, s0, s1], listeners:[]
2024-10-31 03:24:32,841 INFO  server.RaftServer$Division (RaftServerImpl.java:setConfigurationAsync(1341)) - s7@group-4CD87B055E3A: receive setConfiguration SetConfigurationRequest:client-8FB543527D95->s7@group-4CD87B055E3A, cid=1984, seq=null, RW, null, SET_UNCONDITIONALLY, servers:[s7, s8, s9, s0, s1], listeners:[]
2024-10-31 03:24:32,941 INFO  server.RaftServer$Division (RaftServerImpl.java:setConfigurationAsync(1341)) - s9@group-4CD87B055E3A: receive setConfiguration SetConfigurationRequest:client-8FB543527D95->s9@group-4CD87B055E3A, cid=1984, seq=null, RW, null, SET_UNCONDITIONALLY, servers:[s7, s8, s9, s0, s1], listeners:[]
2024-10-31 03:24:33,041 INFO  server.RaftServer$Division (RaftServerImpl.java:setConfigurationAsync(1341)) - s7@group-4CD87B055E3A: receive setConfiguration SetConfigurationRequest:client-8FB543527D95->s7@group-4CD87B055E3A, cid=1984, seq=null, RW, null, SET_UNCONDITIONALLY, servers:[s7, s8, s9, s0, s1], listeners:[]
2024-10-31 03:24:33,142 INFO  server.RaftServer$Division (RaftServerImpl.java:setConfigurationAsync(1341)) - s8@group-4CD87B055E3A: receive setConfiguration SetConfigurationRequest:client-8FB543527D95->s8@group-4CD87B055E3A, cid=1984, seq=null, RW, null, SET_UNCONDITIONALLY, servers:[s7, s8, s9, s0, s1], listeners:[]
2024-10-31 03:24:33,242 INFO  server.RaftServer$Division (RaftServerImpl.java:setConfigurationAsync(1341)) - s7@group-4CD87B055E3A: receive setConfiguration SetConfigurationRequest:client-8FB543527D95->s7@group-4CD87B055E3A, cid=1984, seq=null, RW, null, SET_UNCONDITIONALLY, servers:[s7, s8, s9, s0, s1], listeners:[]
2024-10-31 03:24:33,343 INFO  server.RaftServer$Division (RaftServerImpl.java:setConfigurationAsync(1341)) - s9@group-4CD87B055E3A: receive setConfiguration SetConfigurationRequest:client-8FB543527D95->s9@group-4CD87B055E3A, cid=1984, seq=null, RW, null, SET_UNCONDITIONALLY, servers:[s7, s8, s9, s0, s1], listeners:[]
2024-10-31 03:24:33,443 INFO  server.RaftServer$Division (RaftServerImpl.java:setConfigurationAsync(1341)) - s7@group-4CD87B055E3A: receive setConfiguration SetConfigurationRequest:client-8FB543527D95->s7@group-4CD87B055E3A, cid=1984, seq=null, RW, null, SET_UNCONDITIONALLY, servers:[s7, s8, s9, s0, s1], listeners:[]
2024-10-31 03:24:33,544 INFO  server.RaftServer$Division (RaftServerImpl.java:setConfigurationAsync(1341)) - s9@group-4CD87B055E3A: receive setConfiguration SetConfigurationRequest:client-8FB543527D95->s9@group-4CD87B055E3A, cid=1984, seq=null, RW, null, SET_UNCONDITIONALLY, servers:[s7, s8, s9, s0, s1], listeners:[]
2024-10-31 03:24:33,644 INFO  server.RaftServer$Division (RaftServerImpl.java:setConfigurationAsync(1341)) - s7@group-4CD87B055E3A: receive setConfiguration SetConfigurationRequest:client-8FB543527D95->s7@group-4CD87B055E3A, cid=1984, seq=null, RW, null, SET_UNCONDITIONALLY, servers:[s7, s8, s9, s0, s1], listeners:[]
2024-10-31 03:24:33,745 INFO  server.RaftServer$Division (RaftServerImpl.java:setConfigurationAsync(1341)) - s8@group-4CD87B055E3A: receive setConfiguration SetConfigurationRequest:client-8FB543527D95->s8@group-4CD87B055E3A, cid=1984, seq=null, RW, null, SET_UNCONDITIONALLY, servers:[s7, s8, s9, s0, s1], listeners:[]
2024-10-31 03:24:33,845 INFO  server.RaftServer$Division (RaftServerImpl.java:setConfigurationAsync(1341)) - s7@group-4CD87B055E3A: receive setConfiguration SetConfigurationRequest:client-8FB543527D95->s7@group-4CD87B055E3A, cid=1984, seq=null, RW, null, SET_UNCONDITIONALLY, servers:[s7, s8, s9, s0, s1], listeners:[]
2024-10-31 03:24:33,946 INFO  server.RaftServer$Division (RaftServerImpl.java:setConfigurationAsync(1341)) - s9@group-4CD87B055E3A: receive setConfiguration SetConfigurationRequest:client-8FB543527D95->s9@group-4CD87B055E3A, cid=1984, seq=null, RW, null, SET_UNCONDITIONALLY, servers:[s7, s8, s9, s0, s1], listeners:[]
2024-10-31 03:24:34,046 INFO  server.RaftServer$Division (RaftServerImpl.java:setConfigurationAsync(1341)) - s7@group-4CD87B055E3A: receive setConfiguration SetConfigurationRequest:client-8FB543527D95->s7@group-4CD87B055E3A, cid=1984, seq=null, RW, null, SET_UNCONDITIONALLY, servers:[s7, s8, s9, s0, s1], listeners:[]
2024-10-31 03:24:34,146 INFO  server.RaftServer$Division (RaftServerImpl.java:setConfigurationAsync(1341)) - s9@group-4CD87B055E3A: receive setConfiguration SetConfigurationRequest:client-8FB543527D95->s9@group-4CD87B055E3A, cid=1984, seq=null, RW, null, SET_UNCONDITIONALLY, servers:[s7, s8, s9, s0, s1], listeners:[]
2024-10-31 03:24:34,247 INFO  server.RaftServer$Division (RaftServerImpl.java:setConfigurationAsync(1341)) - s7@group-4CD87B055E3A: receive setConfiguration SetConfigurationRequest:client-8FB543527D95->s7@group-4CD87B055E3A, cid=1984, seq=null, RW, null, SET_UNCONDITIONALLY, servers:[s7, s8, s9, s0, s1], listeners:[]
2024-10-31 03:24:34,347 INFO  server.RaftServer$Division (RaftServerImpl.java:setConfigurationAsync(1341)) - s8@group-4CD87B055E3A: receive setConfiguration SetConfigurationRequest:client-8FB543527D95->s8@group-4CD87B055E3A, cid=1984, seq=null, RW, null, SET_UNCONDITIONALLY, servers:[s7, s8, s9, s0, s1], listeners:[]
2024-10-31 03:24:34,448 INFO  server.RaftServer$Division (RaftServerImpl.java:setConfigurationAsync(1341)) - s7@group-4CD87B055E3A: receive setConfiguration SetConfigurationRequest:client-8FB543527D95->s7@group-4CD87B055E3A, cid=1984, seq=null, RW, null, SET_UNCONDITIONALLY, servers:[s7, s8, s9, s0, s1], listeners:[]
2024-10-31 03:24:34,548 INFO  server.RaftServer$Division (RaftServerImpl.java:setConfigurationAsync(1341)) - s9@group-4CD87B055E3A: receive setConfiguration SetConfigurationRequest:client-8FB543527D95->s9@group-4CD87B055E3A, cid=1984, seq=null, RW, null, SET_UNCONDITIONALLY, servers:[s7, s8, s9, s0, s1], listeners:[]
2024-10-31 03:24:34,648 INFO  server.RaftServer$Division (RaftServerImpl.java:setConfigurationAsync(1341)) - s7@group-4CD87B055E3A: receive setConfiguration SetConfigurationRequest:client-8FB543527D95->s7@group-4CD87B055E3A, cid=1984, seq=null, RW, null, SET_UNCONDITIONALLY, servers:[s7, s8, s9, s0, s1], listeners:[]
2024-10-31 03:24:34,749 INFO  server.RaftServer$Division (RaftServerImpl.java:setConfigurationAsync(1341)) - s9@group-4CD87B055E3A: receive setConfiguration SetConfigurationRequest:client-8FB543527D95->s9@group-4CD87B055E3A, cid=1984, seq=null, RW, null, SET_UNCONDITIONALLY, servers:[s7, s8, s9, s0, s1], listeners:[]
2024-10-31 03:24:34,849 INFO  server.RaftServer$Division (RaftServerImpl.java:setConfigurationAsync(1341)) - s7@group-4CD87B055E3A: receive setConfiguration SetConfigurationRequest:client-8FB543527D95->s7@group-4CD87B055E3A, cid=1984, seq=null, RW, null, SET_UNCONDITIONALLY, servers:[s7, s8, s9, s0, s1], listeners:[]
2024-10-31 03:24:34,950 INFO  server.RaftServer$Division (RaftServerImpl.java:setConfigurationAsync(1341)) - s9@group-4CD87B055E3A: receive setConfiguration SetConfigurationRequest:client-8FB543527D95->s9@group-4CD87B055E3A, cid=1984, seq=null, RW, null, SET_UNCONDITIONALLY, servers:[s7, s8, s9, s0, s1], listeners:[]
2024-10-31 03:24:35,050 INFO  server.RaftServer$Division (RaftServerImpl.java:setConfigurationAsync(1341)) - s7@group-4CD87B055E3A: receive setConfiguration SetConfigurationRequest:client-8FB543527D95->s7@group-4CD87B055E3A, cid=1984, seq=null, RW, null, SET_UNCONDITIONALLY, servers:[s7, s8, s9, s0, s1], listeners:[]
2024-10-31 03:24:35,151 INFO  server.RaftServer$Division (RaftServerImpl.java:setConfigurationAsync(1341)) - s9@group-4CD87B055E3A: receive setConfiguration SetConfigurationRequest:client-8FB543527D95->s9@group-4CD87B055E3A, cid=1984, seq=null, RW, null, SET_UNCONDITIONALLY, servers:[s7, s8, s9, s0, s1], listeners:[]
2024-10-31 03:24:35,251 INFO  server.RaftServer$Division (RaftServerImpl.java:setConfigurationAsync(1341)) - s7@group-4CD87B055E3A: receive setConfiguration SetConfigurationRequest:client-8FB543527D95->s7@group-4CD87B055E3A, cid=1984, seq=null, RW, null, SET_UNCONDITIONALLY, servers:[s7, s8, s9, s0, s1], listeners:[]
2024-10-31 03:24:35,352 INFO  server.RaftServer$Division (RaftServerImpl.java:setConfigurationAsync(1341)) - s9@group-4CD87B055E3A: receive setConfiguration SetConfigurationRequest:client-8FB543527D95->s9@group-4CD87B055E3A, cid=1984, seq=null, RW, null, SET_UNCONDITIONALLY, servers:[s7, s8, s9, s0, s1], listeners:[]
2024-10-31 03:24:35,452 INFO  server.RaftServer$Division (RaftServerImpl.java:setConfigurationAsync(1341)) - s7@group-4CD87B055E3A: receive setConfiguration SetConfigurationRequest:client-8FB543527D95->s7@group-4CD87B055E3A, cid=1984, seq=null, RW, null, SET_UNCONDITIONALLY, servers:[s7, s8, s9, s0, s1], listeners:[]
2024-10-31 03:24:35,553 INFO  server.RaftServer$Division (RaftServerImpl.java:setConfigurationAsync(1341)) - s9@group-4CD87B055E3A: receive setConfiguration SetConfigurationRequest:client-8FB543527D95->s9@group-4CD87B055E3A, cid=1984, seq=null, RW, null, SET_UNCONDITIONALLY, servers:[s7, s8, s9, s0, s1], listeners:[]
2024-10-31 03:24:35,653 INFO  server.RaftServer$Division (RaftServerImpl.java:setConfigurationAsync(1341)) - s7@group-4CD87B055E3A: receive setConfiguration SetConfigurationRequest:client-8FB543527D95->s7@group-4CD87B055E3A, cid=1984, seq=null, RW, null, SET_UNCONDITIONALLY, servers:[s7, s8, s9, s0, s1], listeners:[]
2024-10-31 03:24:35,753 INFO  server.RaftServer$Division (RaftServerImpl.java:setConfigurationAsync(1341)) - s8@group-4CD87B055E3A: receive setConfiguration SetConfigurationRequest:client-8FB543527D95->s8@group-4CD87B055E3A, cid=1984, seq=null, RW, null, SET_UNCONDITIONALLY, servers:[s7, s8, s9, s0, s1], listeners:[]
2024-10-31 03:24:35,854 INFO  server.RaftServer$Division (RaftServerImpl.java:setConfigurationAsync(1341)) - s7@group-4CD87B055E3A: receive setConfiguration SetConfigurationRequest:client-8FB543527D95->s7@group-4CD87B055E3A, cid=1984, seq=null, RW, null, SET_UNCONDITIONALLY, servers:[s7, s8, s9, s0, s1], listeners:[]
2024-10-31 03:24:35,954 INFO  server.RaftServer$Division (RaftServerImpl.java:setConfigurationAsync(1341)) - s9@group-4CD87B055E3A: receive setConfiguration SetConfigurationRequest:client-8FB543527D95->s9@group-4CD87B055E3A, cid=1984, seq=null, RW, null, SET_UNCONDITIONALLY, servers:[s7, s8, s9, s0, s1], listeners:[]
2024-10-31 03:24:35,992 INFO  impl.MiniRaftCluster (MiniRaftCluster.java:lambda$null$7(362)) - TIMED-PRINT: printing ALL groups
  s3:  RUNNING [
   FOLLOWER s3@group-4EB49E3E6D70:t0, leader=null, voted=, raftlog=Memoized:s3@group-4EB49E3E6D70-SegmentedRaftLog:OPENED:c-1:lastnull, conf=conf: {index: -1, cur=peers:[]|listeners:[], old=null} STARTING
   FOLLOWER s3@group-4CD87B055E3A:t0, leader=null, voted=, raftlog=Memoized:s3@group-4CD87B055E3A-SegmentedRaftLog:OPENED:c-1:lastnull, conf=conf: {index: -1, cur=peers:[]|listeners:[], old=null} STARTING] size=2
  s4:  RUNNING [
   FOLLOWER s4@group-4EB49E3E6D70:t0, leader=null, voted=, raftlog=Memoized:s4@group-4EB49E3E6D70-SegmentedRaftLog:OPENED:c-1:lastnull, conf=conf: {index: -1, cur=peers:[]|listeners:[], old=null} STARTING
   FOLLOWER s4@group-4CD87B055E3A:t0, leader=null, voted=, raftlog=Memoized:s4@group-4CD87B055E3A-SegmentedRaftLog:OPENED:c-1:lastnull, conf=conf: {index: -1, cur=peers:[]|listeners:[], old=null} STARTING] size=2
  s5:  RUNNING [
   FOLLOWER s5@group-4EB49E3E6D70:t0, leader=null, voted=, raftlog=Memoized:s5@group-4EB49E3E6D70-SegmentedRaftLog:OPENED:c-1:lastnull, conf=conf: {index: -1, cur=peers:[]|listeners:[], old=null} STARTING
   FOLLOWER s5@group-4CD87B055E3A:t0, leader=null, voted=, raftlog=Memoized:s5@group-4CD87B055E3A-SegmentedRaftLog:OPENED:c-1:lastnull, conf=conf: {index: -1, cur=peers:[]|listeners:[], old=null} STARTING] size=2
  s6:  RUNNING [
   FOLLOWER s6@group-4EB49E3E6D70:t0, leader=null, voted=, raftlog=Memoized:s6@group-4EB49E3E6D70-SegmentedRaftLog:OPENED:c-1:lastnull, conf=conf: {index: -1, cur=peers:[]|listeners:[], old=null} STARTING
   FOLLOWER s6@group-4CD87B055E3A:t0, leader=null, voted=, raftlog=Memoized:s6@group-4CD87B055E3A-SegmentedRaftLog:OPENED:c-1:lastnull, conf=conf: {index: -1, cur=peers:[]|listeners:[], old=null} STARTING] size=2
  s7:  RUNNING [
   FOLLOWER s7@group-4EB49E3E6D70:t0, leader=null, voted=, raftlog=Memoized:s7@group-4EB49E3E6D70-SegmentedRaftLog:OPENED:c-1:lastnull, conf=conf: {index: -1, cur=peers:[]|listeners:[], old=null} STARTING
     LEADER s7@group-4CD87B055E3A:t1, leader=s7, voted=s7, raftlog=Memoized:s7@group-4CD87B055E3A-SegmentedRaftLog:OPENED:c120:last(t:1, i:120), conf=conf: {index: 0, cur=peers:[s7, s8, s9]|listeners:[], old=null} RUNNING] size=2
  s8:  RUNNING [
   FOLLOWER s8@group-4EB49E3E6D70:t0, leader=null, voted=, raftlog=Memoized:s8@group-4EB49E3E6D70-SegmentedRaftLog:OPENED:c-1:lastnull, conf=conf: {index: -1, cur=peers:[]|listeners:[], old=null} STARTING
   FOLLOWER s8@group-4CD87B055E3A:t1, leader=s7, voted=s7, raftlog=Memoized:s8@group-4CD87B055E3A-SegmentedRaftLog:OPENED:c120:last(t:1, i:120), conf=conf: {index: 0, cur=peers:[s7|, s8|, s9|]|listeners:[], old=null} RUNNING] size=2
  s9:  RUNNING [
   FOLLOWER s9@group-4EB49E3E6D70:t0, leader=null, voted=, raftlog=Memoized:s9@group-4EB49E3E6D70-SegmentedRaftLog:OPENED:c-1:lastnull, conf=conf: {index: -1, cur=peers:[]|listeners:[], old=null} STARTING
   FOLLOWER s9@group-4CD87B055E3A:t1, leader=s7, voted=s7, raftlog=Memoized:s9@group-4CD87B055E3A-SegmentedRaftLog:OPENED:c120:last(t:1, i:120), conf=conf: {index: 0, cur=peers:[s7|, s8|, s9|]|listeners:[], old=null} RUNNING] size=2
  s11:  RUNNING [
   FOLLOWER s11@group-4EB49E3E6D70:t0, leader=null, voted=, raftlog=Memoized:s11@group-4EB49E3E6D70-SegmentedRaftLog:OPENED:c-1:lastnull, conf=conf: {index: -1, cur=peers:[]|listeners:[], old=null} STARTING
   FOLLOWER s11@group-4CD87B055E3A:t0, leader=null, voted=, raftlog=Memoized:s11@group-4CD87B055E3A-SegmentedRaftLog:OPENED:c-1:lastnull, conf=conf: {index: -1, cur=peers:[]|listeners:[], old=null} STARTING] size=2
  s10:  RUNNING [
   FOLLOWER s10@group-4EB49E3E6D70:t0, leader=null, voted=, raftlog=Memoized:s10@group-4EB49E3E6D70-SegmentedRaftLog:OPENED:c-1:lastnull, conf=conf: {index: -1, cur=peers:[]|listeners:[], old=null} STARTING
   FOLLOWER s10@group-4CD87B055E3A:t0, leader=null, voted=, raftlog=Memoized:s10@group-4CD87B055E3A-SegmentedRaftLog:OPENED:c-1:lastnull, conf=conf: {index: -1, cur=peers:[]|listeners:[], old=null} STARTING] size=2
  s13:  RUNNING [
   FOLLOWER s13@group-4EB49E3E6D70:t0, leader=null, voted=, raftlog=Memoized:s13@group-4EB49E3E6D70-SegmentedRaftLog:OPENED:c-1:lastnull, conf=conf: {index: -1, cur=peers:[]|listeners:[], old=null} STARTING
   FOLLOWER s13@group-4CD87B055E3A:t0, leader=null, voted=, raftlog=Memoized:s13@group-4CD87B055E3A-SegmentedRaftLog:OPENED:c-1:lastnull, conf=conf: {index: -1, cur=peers:[]|listeners:[], old=null} STARTING] size=2
  s12:  RUNNING [
   FOLLOWER s12@group-4EB49E3E6D70:t0, leader=null, voted=, raftlog=Memoized:s12@group-4EB49E3E6D70-SegmentedRaftLog:OPENED:c-1:lastnull, conf=conf: {index: -1, cur=peers:[]|listeners:[], old=null} STARTING
   FOLLOWER s12@group-4CD87B055E3A:t0, leader=null, voted=, raftlog=Memoized:s12@group-4CD87B055E3A-SegmentedRaftLog:OPENED:c-1:lastnull, conf=conf: {index: -1, cur=peers:[]|listeners:[], old=null} STARTING] size=2
  s14:  RUNNING [
   FOLLOWER s14@group-4EB49E3E6D70:t0, leader=null, voted=, raftlog=Memoized:s14@group-4EB49E3E6D70-SegmentedRaftLog:OPENED:c-1:lastnull, conf=conf: {index: -1, cur=peers:[]|listeners:[], old=null} STARTING
   FOLLOWER s14@group-4CD87B055E3A:t0, leader=null, voted=, raftlog=Memoized:s14@group-4CD87B055E3A-SegmentedRaftLog:OPENED:c-1:lastnull, conf=conf: {index: -1, cur=peers:[]|listeners:[], old=null} STARTING] size=2
  s0:  RUNNING [
   FOLLOWER s0@group-4EB49E3E6D70:t0, leader=null, voted=, raftlog=Memoized:s0@group-4EB49E3E6D70-SegmentedRaftLog:OPENED:c-1:lastnull, conf=conf: {index: -1, cur=peers:[]|listeners:[], old=null} STARTING
   FOLLOWER s0@group-4CD87B055E3A:t1, leader=s7, voted=null, raftlog=Memoized:s0@group-4CD87B055E3A-SegmentedRaftLog:OPENED:c120:last(t:1, i:120), conf=conf: {index: 0, cur=peers:[s7|, s8|, s9|]|listeners:[], old=null} STARTING] size=2
  s1:  RUNNING [
   FOLLOWER s1@group-4EB49E3E6D70:t0, leader=null, voted=, raftlog=Memoized:s1@group-4EB49E3E6D70-SegmentedRaftLog:OPENED:c-1:lastnull, conf=conf: {index: -1, cur=peers:[]|listeners:[], old=null} STARTING
   FOLLOWER s1@group-4CD87B055E3A:t1, leader=s7, voted=null, raftlog=Memoized:s1@group-4CD87B055E3A-SegmentedRaftLog:OPENED:c120:last(t:1, i:120), conf=conf: {index: 0, cur=peers:[s7|, s8|, s9|]|listeners:[], old=null} STARTING] size=2
  s2:  RUNNING [
   FOLLOWER s2@group-4EB49E3E6D70:t0, leader=null, voted=, raftlog=Memoized:s2@group-4EB49E3E6D70-SegmentedRaftLog:OPENED:c-1:lastnull, conf=conf: {index: -1, cur=peers:[]|listeners:[], old=null} STARTING
   FOLLOWER s2@group-4CD87B055E3A:t0, leader=null, voted=, raftlog=Memoized:s2@group-4CD87B055E3A-SegmentedRaftLog:OPENED:c-1:lastnull, conf=conf: {index: -1, cur=peers:[]|listeners:[], old=null} STARTING] size=2
2024-10-31 03:24:36,055 INFO  server.RaftServer$Division (RaftServerImpl.java:setConfigurationAsync(1341)) - s7@group-4CD87B055E3A: receive setConfiguration SetConfigurationRequest:client-8FB543527D95->s7@group-4CD87B055E3A, cid=1984, seq=null, RW, null, SET_UNCONDITIONALLY, servers:[s7, s8, s9, s0, s1], listeners:[]
2024-10-31 03:24:36,155 INFO  server.RaftServer$Division (RaftServerImpl.java:setConfigurationAsync(1341)) - s9@group-4CD87B055E3A: receive setConfiguration SetConfigurationRequest:client-8FB543527D95->s9@group-4CD87B055E3A, cid=1984, seq=null, RW, null, SET_UNCONDITIONALLY, servers:[s7, s8, s9, s0, s1], listeners:[]
2024-10-31 03:24:36,256 INFO  server.RaftServer$Division (RaftServerImpl.java:setConfigurationAsync(1341)) - s7@group-4CD87B055E3A: receive setConfiguration SetConfigurationRequest:client-8FB543527D95->s7@group-4CD87B055E3A, cid=1984, seq=null, RW, null, SET_UNCONDITIONALLY, servers:[s7, s8, s9, s0, s1], listeners:[]
2024-10-31 03:24:36,356 INFO  server.RaftServer$Division (RaftServerImpl.java:setConfigurationAsync(1341)) - s8@group-4CD87B055E3A: receive setConfiguration SetConfigurationRequest:client-8FB543527D95->s8@group-4CD87B055E3A, cid=1984, seq=null, RW, null, SET_UNCONDITIONALLY, servers:[s7, s8, s9, s0, s1], listeners:[]
2024-10-31 03:24:36,457 INFO  server.RaftServer$Division (RaftServerImpl.java:setConfigurationAsync(1341)) - s7@group-4CD87B055E3A: receive setConfiguration SetConfigurationRequest:client-8FB543527D95->s7@group-4CD87B055E3A, cid=1984, seq=null, RW, null, SET_UNCONDITIONALLY, servers:[s7, s8, s9, s0, s1], listeners:[]
2024-10-31 03:24:36,557 INFO  server.RaftServer$Division (RaftServerImpl.java:setConfigurationAsync(1341)) - s9@group-4CD87B055E3A: receive setConfiguration SetConfigurationRequest:client-8FB543527D95->s9@group-4CD87B055E3A, cid=1984, seq=null, RW, null, SET_UNCONDITIONALLY, servers:[s7, s8, s9, s0, s1], listeners:[]
2024-10-31 03:24:36,657 INFO  server.RaftServer$Division (RaftServerImpl.java:setConfigurationAsync(1341)) - s7@group-4CD87B055E3A: receive setConfiguration SetConfigurationRequest:client-8FB543527D95->s7@group-4CD87B055E3A, cid=1984, seq=null, RW, null, SET_UNCONDITIONALLY, servers:[s7, s8, s9, s0, s1], listeners:[]
2024-10-31 03:24:36,758 INFO  server.RaftServer$Division (RaftServerImpl.java:setConfigurationAsync(1341)) - s8@group-4CD87B055E3A: receive setConfiguration SetConfigurationRequest:client-8FB543527D95->s8@group-4CD87B055E3A, cid=1984, seq=null, RW, null, SET_UNCONDITIONALLY, servers:[s7, s8, s9, s0, s1], listeners:[]
2024-10-31 03:24:36,858 INFO  server.RaftServer$Division (RaftServerImpl.java:setConfigurationAsync(1341)) - s7@group-4CD87B055E3A: receive setConfiguration SetConfigurationRequest:client-8FB543527D95->s7@group-4CD87B055E3A, cid=1984, seq=null, RW, null, SET_UNCONDITIONALLY, servers:[s7, s8, s9, s0, s1], listeners:[]
2024-10-31 03:24:36,959 INFO  server.RaftServer$Division (RaftServerImpl.java:setConfigurationAsync(1341)) - s8@group-4CD87B055E3A: receive setConfiguration SetConfigurationRequest:client-8FB543527D95->s8@group-4CD87B055E3A, cid=1984, seq=null, RW, null, SET_UNCONDITIONALLY, servers:[s7, s8, s9, s0, s1], listeners:[]
2024-10-31 03:24:37,059 INFO  server.RaftServer$Division (RaftServerImpl.java:setConfigurationAsync(1341)) - s7@group-4CD87B055E3A: receive setConfiguration SetConfigurationRequest:client-8FB543527D95->s7@group-4CD87B055E3A, cid=1984, seq=null, RW, null, SET_UNCONDITIONALLY, servers:[s7, s8, s9, s0, s1], listeners:[]
2024-10-31 03:24:37,160 INFO  server.RaftServer$Division (RaftServerImpl.java:setConfigurationAsync(1341)) - s8@group-4CD87B055E3A: receive setConfiguration SetConfigurationRequest:client-8FB543527D95->s8@group-4CD87B055E3A, cid=1984, seq=null, RW, null, SET_UNCONDITIONALLY, servers:[s7, s8, s9, s0, s1], listeners:[]
2024-10-31 03:24:37,260 INFO  server.RaftServer$Division (RaftServerImpl.java:setConfigurationAsync(1341)) - s7@group-4CD87B055E3A: receive setConfiguration SetConfigurationRequest:client-8FB543527D95->s7@group-4CD87B055E3A, cid=1984, seq=null, RW, null, SET_UNCONDITIONALLY, servers:[s7, s8, s9, s0, s1], listeners:[]
2024-10-31 03:24:37,360 INFO  server.RaftServer$Division (RaftServerImpl.java:setConfigurationAsync(1341)) - s8@group-4CD87B055E3A: receive setConfiguration SetConfigurationRequest:client-8FB543527D95->s8@group-4CD87B055E3A, cid=1984, seq=null, RW, null, SET_UNCONDITIONALLY, servers:[s7, s8, s9, s0, s1], listeners:[]
2024-10-31 03:24:37,461 INFO  server.RaftServer$Division (RaftServerImpl.java:setConfigurationAsync(1341)) - s7@group-4CD87B055E3A: receive setConfiguration SetConfigurationRequest:client-8FB543527D95->s7@group-4CD87B055E3A, cid=1984, seq=null, RW, null, SET_UNCONDITIONALLY, servers:[s7, s8, s9, s0, s1], listeners:[]
2024-10-31 03:24:37,561 INFO  server.RaftServer$Division (RaftServerImpl.java:setConfigurationAsync(1341)) - s9@group-4CD87B055E3A: receive setConfiguration SetConfigurationRequest:client-8FB543527D95->s9@group-4CD87B055E3A, cid=1984, seq=null, RW, null, SET_UNCONDITIONALLY, servers:[s7, s8, s9, s0, s1], listeners:[]
2024-10-31 03:24:37,662 INFO  server.RaftServer$Division (RaftServerImpl.java:setConfigurationAsync(1341)) - s7@group-4CD87B055E3A: receive setConfiguration SetConfigurationRequest:client-8FB543527D95->s7@group-4CD87B055E3A, cid=1984, seq=null, RW, null, SET_UNCONDITIONALLY, servers:[s7, s8, s9, s0, s1], listeners:[]
2024-10-31 03:24:37,762 INFO  server.RaftServer$Division (RaftServerImpl.java:setConfigurationAsync(1341)) - s9@group-4CD87B055E3A: receive setConfiguration SetConfigurationRequest:client-8FB543527D95->s9@group-4CD87B055E3A, cid=1984, seq=null, RW, null, SET_UNCONDITIONALLY, servers:[s7, s8, s9, s0, s1], listeners:[]
2024-10-31 03:24:37,863 INFO  server.RaftServer$Division (RaftServerImpl.java:setConfigurationAsync(1341)) - s7@group-4CD87B055E3A: receive setConfiguration SetConfigurationRequest:client-8FB543527D95->s7@group-4CD87B055E3A, cid=1984, seq=null, RW, null, SET_UNCONDITIONALLY, servers:[s7, s8, s9, s0, s1], listeners:[]
2024-10-31 03:24:37,963 INFO  server.RaftServer$Division (RaftServerImpl.java:setConfigurationAsync(1341)) - s8@group-4CD87B055E3A: receive setConfiguration SetConfigurationRequest:client-8FB543527D95->s8@group-4CD87B055E3A, cid=1984, seq=null, RW, null, SET_UNCONDITIONALLY, servers:[s7, s8, s9, s0, s1], listeners:[]
2024-10-31 03:24:38,064 INFO  server.RaftServer$Division (RaftServerImpl.java:setConfigurationAsync(1341)) - s7@group-4CD87B055E3A: receive setConfiguration SetConfigurationRequest:client-8FB543527D95->s7@group-4CD87B055E3A, cid=1984, seq=null, RW, null, SET_UNCONDITIONALLY, servers:[s7, s8, s9, s0, s1], listeners:[]
2024-10-31 03:24:38,164 INFO  server.RaftServer$Division (RaftServerImpl.java:setConfigurationAsync(1341)) - s8@group-4CD87B055E3A: receive setConfiguration SetConfigurationRequest:client-8FB543527D95->s8@group-4CD87B055E3A, cid=1984, seq=null, RW, null, SET_UNCONDITIONALLY, servers:[s7, s8, s9, s0, s1], listeners:[]
2024-10-31 03:24:38,265 INFO  server.RaftServer$Division (RaftServerImpl.java:setConfigurationAsync(1341)) - s7@group-4CD87B055E3A: receive setConfiguration SetConfigurationRequest:client-8FB543527D95->s7@group-4CD87B055E3A, cid=1984, seq=null, RW, null, SET_UNCONDITIONALLY, servers:[s7, s8, s9, s0, s1], listeners:[]
2024-10-31 03:24:38,365 INFO  server.RaftServer$Division (RaftServerImpl.java:setConfigurationAsync(1341)) - s9@group-4CD87B055E3A: receive setConfiguration SetConfigurationRequest:client-8FB543527D95->s9@group-4CD87B055E3A, cid=1984, seq=null, RW, null, SET_UNCONDITIONALLY, servers:[s7, s8, s9, s0, s1], listeners:[]
2024-10-31 03:24:38,466 INFO  server.RaftServer$Division (RaftServerImpl.java:setConfigurationAsync(1341)) - s7@group-4CD87B055E3A: receive setConfiguration SetConfigurationRequest:client-8FB543527D95->s7@group-4CD87B055E3A, cid=1984, seq=null, RW, null, SET_UNCONDITIONALLY, servers:[s7, s8, s9, s0, s1], listeners:[]
2024-10-31 03:24:38,566 INFO  server.RaftServer$Division (RaftServerImpl.java:setConfigurationAsync(1341)) - s9@group-4CD87B055E3A: receive setConfiguration SetConfigurationRequest:client-8FB543527D95->s9@group-4CD87B055E3A, cid=1984, seq=null, RW, null, SET_UNCONDITIONALLY, servers:[s7, s8, s9, s0, s1], listeners:[]
2024-10-31 03:24:38,667 INFO  server.RaftServer$Division (RaftServerImpl.java:setConfigurationAsync(1341)) - s7@group-4CD87B055E3A: receive setConfiguration SetConfigurationRequest:client-8FB543527D95->s7@group-4CD87B055E3A, cid=1984, seq=null, RW, null, SET_UNCONDITIONALLY, servers:[s7, s8, s9, s0, s1], listeners:[]
2024-10-31 03:24:38,767 INFO  server.RaftServer$Division (RaftServerImpl.java:setConfigurationAsync(1341)) - s8@group-4CD87B055E3A: receive setConfiguration SetConfigurationRequest:client-8FB543527D95->s8@group-4CD87B055E3A, cid=1984, seq=null, RW, null, SET_UNCONDITIONALLY, servers:[s7, s8, s9, s0, s1], listeners:[]
2024-10-31 03:24:38,868 INFO  server.RaftServer$Division (RaftServerImpl.java:setConfigurationAsync(1341)) - s7@group-4CD87B055E3A: receive setConfiguration SetConfigurationRequest:client-8FB543527D95->s7@group-4CD87B055E3A, cid=1984, seq=null, RW, null, SET_UNCONDITIONALLY, servers:[s7, s8, s9, s0, s1], listeners:[]
2024-10-31 03:24:38,968 INFO  server.RaftServer$Division (RaftServerImpl.java:setConfigurationAsync(1341)) - s9@group-4CD87B055E3A: receive setConfiguration SetConfigurationRequest:client-8FB543527D95->s9@group-4CD87B055E3A, cid=1984, seq=null, RW, null, SET_UNCONDITIONALLY, servers:[s7, s8, s9, s0, s1], listeners:[]
2024-10-31 03:24:39,069 INFO  server.RaftServer$Division (RaftServerImpl.java:setConfigurationAsync(1341)) - s7@group-4CD87B055E3A: receive setConfiguration SetConfigurationRequest:client-8FB543527D95->s7@group-4CD87B055E3A, cid=1984, seq=null, RW, null, SET_UNCONDITIONALLY, servers:[s7, s8, s9, s0, s1], listeners:[]
2024-10-31 03:24:39,169 INFO  server.RaftServer$Division (RaftServerImpl.java:setConfigurationAsync(1341)) - s9@group-4CD87B055E3A: receive setConfiguration SetConfigurationRequest:client-8FB543527D95->s9@group-4CD87B055E3A, cid=1984, seq=null, RW, null, SET_UNCONDITIONALLY, servers:[s7, s8, s9, s0, s1], listeners:[]
2024-10-31 03:24:39,269 INFO  server.RaftServer$Division (RaftServerImpl.java:setConfigurationAsync(1341)) - s7@group-4CD87B055E3A: receive setConfiguration SetConfigurationRequest:client-8FB543527D95->s7@group-4CD87B055E3A, cid=1984, seq=null, RW, null, SET_UNCONDITIONALLY, servers:[s7, s8, s9, s0, s1], listeners:[]
2024-10-31 03:24:39,370 INFO  server.RaftServer$Division (RaftServerImpl.java:setConfigurationAsync(1341)) - s9@group-4CD87B055E3A: receive setConfiguration SetConfigurationRequest:client-8FB543527D95->s9@group-4CD87B055E3A, cid=1984, seq=null, RW, null, SET_UNCONDITIONALLY, servers:[s7, s8, s9, s0, s1], listeners:[]
2024-10-31 03:24:39,470 INFO  server.RaftServer$Division (RaftServerImpl.java:setConfigurationAsync(1341)) - s7@group-4CD87B055E3A: receive setConfiguration SetConfigurationRequest:client-8FB543527D95->s7@group-4CD87B055E3A, cid=1984, seq=null, RW, null, SET_UNCONDITIONALLY, servers:[s7, s8, s9, s0, s1], listeners:[]
2024-10-31 03:24:39,571 INFO  server.RaftServer$Division (RaftServerImpl.java:setConfigurationAsync(1341)) - s9@group-4CD87B055E3A: receive setConfiguration SetConfigurationRequest:client-8FB543527D95->s9@group-4CD87B055E3A, cid=1984, seq=null, RW, null, SET_UNCONDITIONALLY, servers:[s7, s8, s9, s0, s1], listeners:[]
2024-10-31 03:24:39,671 INFO  server.RaftServer$Division (RaftServerImpl.java:setConfigurationAsync(1341)) - s7@group-4CD87B055E3A: receive setConfiguration SetConfigurationRequest:client-8FB543527D95->s7@group-4CD87B055E3A, cid=1984, seq=null, RW, null, SET_UNCONDITIONALLY, servers:[s7, s8, s9, s0, s1], listeners:[]
2024-10-31 03:24:39,772 INFO  server.RaftServer$Division (RaftServerImpl.java:setConfigurationAsync(1341)) - s8@group-4CD87B055E3A: receive setConfiguration SetConfigurationRequest:client-8FB543527D95->s8@group-4CD87B055E3A, cid=1984, seq=null, RW, null, SET_UNCONDITIONALLY, servers:[s7, s8, s9, s0, s1], listeners:[]
2024-10-31 03:24:39,872 INFO  server.RaftServer$Division (RaftServerImpl.java:setConfigurationAsync(1341)) - s7@group-4CD87B055E3A: receive setConfiguration SetConfigurationRequest:client-8FB543527D95->s7@group-4CD87B055E3A, cid=1984, seq=null, RW, null, SET_UNCONDITIONALLY, servers:[s7, s8, s9, s0, s1], listeners:[]
2024-10-31 03:24:39,973 INFO  server.RaftServer$Division (RaftServerImpl.java:setConfigurationAsync(1341)) - s9@group-4CD87B055E3A: receive setConfiguration SetConfigurationRequest:client-8FB543527D95->s9@group-4CD87B055E3A, cid=1984, seq=null, RW, null, SET_UNCONDITIONALLY, servers:[s7, s8, s9, s0, s1], listeners:[]
2024-10-31 03:24:40,073 INFO  server.RaftServer$Division (RaftServerImpl.java:setConfigurationAsync(1341)) - s7@group-4CD87B055E3A: receive setConfiguration SetConfigurationRequest:client-8FB543527D95->s7@group-4CD87B055E3A, cid=1984, seq=null, RW, null, SET_UNCONDITIONALLY, servers:[s7, s8, s9, s0, s1], listeners:[]
2024-10-31 03:24:40,174 INFO  server.RaftServer$Division (RaftServerImpl.java:setConfigurationAsync(1341)) - s8@group-4CD87B055E3A: receive setConfiguration SetConfigurationRequest:client-8FB543527D95->s8@group-4CD87B055E3A, cid=1984, seq=null, RW, null, SET_UNCONDITIONALLY, servers:[s7, s8, s9, s0, s1], listeners:[]
2024-10-31 03:24:40,274 INFO  server.RaftServer$Division (RaftServerImpl.java:setConfigurationAsync(1341)) - s7@group-4CD87B055E3A: receive setConfiguration SetConfigurationRequest:client-8FB543527D95->s7@group-4CD87B055E3A, cid=1984, seq=null, RW, null, SET_UNCONDITIONALLY, servers:[s7, s8, s9, s0, s1], listeners:[]
2024-10-31 03:24:40,375 INFO  server.RaftServer$Division (RaftServerImpl.java:setConfigurationAsync(1341)) - s8@group-4CD87B055E3A: receive setConfiguration SetConfigurationRequest:client-8FB543527D95->s8@group-4CD87B055E3A, cid=1984, seq=null, RW, null, SET_UNCONDITIONALLY, servers:[s7, s8, s9, s0, s1], listeners:[]
2024-10-31 03:24:40,475 INFO  server.RaftServer$Division (RaftServerImpl.java:setConfigurationAsync(1341)) - s7@group-4CD87B055E3A: receive setConfiguration SetConfigurationRequest:client-8FB543527D95->s7@group-4CD87B055E3A, cid=1984, seq=null, RW, null, SET_UNCONDITIONALLY, servers:[s7, s8, s9, s0, s1], listeners:[]
2024-10-31 03:24:40,576 INFO  server.RaftServer$Division (RaftServerImpl.java:setConfigurationAsync(1341)) - s9@group-4CD87B055E3A: receive setConfiguration SetConfigurationRequest:client-8FB543527D95->s9@group-4CD87B055E3A, cid=1984, seq=null, RW, null, SET_UNCONDITIONALLY, servers:[s7, s8, s9, s0, s1], listeners:[]
2024-10-31 03:24:40,676 INFO  server.RaftServer$Division (RaftServerImpl.java:setConfigurationAsync(1341)) - s7@group-4CD87B055E3A: receive setConfiguration SetConfigurationRequest:client-8FB543527D95->s7@group-4CD87B055E3A, cid=1984, seq=null, RW, null, SET_UNCONDITIONALLY, servers:[s7, s8, s9, s0, s1], listeners:[]
2024-10-31 03:24:40,776 INFO  server.RaftServer$Division (RaftServerImpl.java:setConfigurationAsync(1341)) - s9@group-4CD87B055E3A: receive setConfiguration SetConfigurationRequest:client-8FB543527D95->s9@group-4CD87B055E3A, cid=1984, seq=null, RW, null, SET_UNCONDITIONALLY, servers:[s7, s8, s9, s0, s1], listeners:[]
2024-10-31 03:24:40,877 INFO  server.RaftServer$Division (RaftServerImpl.java:setConfigurationAsync(1341)) - s7@group-4CD87B055E3A: receive setConfiguration SetConfigurationRequest:client-8FB543527D95->s7@group-4CD87B055E3A, cid=1984, seq=null, RW, null, SET_UNCONDITIONALLY, servers:[s7, s8, s9, s0, s1], listeners:[]
2024-10-31 03:24:40,977 INFO  server.RaftServer$Division (RaftServerImpl.java:setConfigurationAsync(1341)) - s8@group-4CD87B055E3A: receive setConfiguration SetConfigurationRequest:client-8FB543527D95->s8@group-4CD87B055E3A, cid=1984, seq=null, RW, null, SET_UNCONDITIONALLY, servers:[s7, s8, s9, s0, s1], listeners:[]
2024-10-31 03:24:41,078 INFO  server.RaftServer$Division (RaftServerImpl.java:setConfigurationAsync(1341)) - s7@group-4CD87B055E3A: receive setConfiguration SetConfigurationRequest:client-8FB543527D95->s7@group-4CD87B055E3A, cid=1984, seq=null, RW, null, SET_UNCONDITIONALLY, servers:[s7, s8, s9, s0, s1], listeners:[]
2024-10-31 03:24:41,178 INFO  server.RaftServer$Division (RaftServerImpl.java:setConfigurationAsync(1341)) - s8@group-4CD87B055E3A: receive setConfiguration SetConfigurationRequest:client-8FB543527D95->s8@group-4CD87B055E3A, cid=1984, seq=null, RW, null, SET_UNCONDITIONALLY, servers:[s7, s8, s9, s0, s1], listeners:[]
2024-10-31 03:24:41,279 INFO  server.RaftServer$Division (RaftServerImpl.java:setConfigurationAsync(1341)) - s7@group-4CD87B055E3A: receive setConfiguration SetConfigurationRequest:client-8FB543527D95->s7@group-4CD87B055E3A, cid=1984, seq=null, RW, null, SET_UNCONDITIONALLY, servers:[s7, s8, s9, s0, s1], listeners:[]
2024-10-31 03:24:41,379 INFO  server.RaftServer$Division (RaftServerImpl.java:setConfigurationAsync(1341)) - s9@group-4CD87B055E3A: receive setConfiguration SetConfigurationRequest:client-8FB543527D95->s9@group-4CD87B055E3A, cid=1984, seq=null, RW, null, SET_UNCONDITIONALLY, servers:[s7, s8, s9, s0, s1], listeners:[]
2024-10-31 03:24:41,480 INFO  server.RaftServer$Division (RaftServerImpl.java:setConfigurationAsync(1341)) - s7@group-4CD87B055E3A: receive setConfiguration SetConfigurationRequest:client-8FB543527D95->s7@group-4CD87B055E3A, cid=1984, seq=null, RW, null, SET_UNCONDITIONALLY, servers:[s7, s8, s9, s0, s1], listeners:[]
2024-10-31 03:24:41,580 INFO  server.RaftServer$Division (RaftServerImpl.java:setConfigurationAsync(1341)) - s9@group-4CD87B055E3A: receive setConfiguration SetConfigurationRequest:client-8FB543527D95->s9@group-4CD87B055E3A, cid=1984, seq=null, RW, null, SET_UNCONDITIONALLY, servers:[s7, s8, s9, s0, s1], listeners:[]
2024-10-31 03:24:41,680 INFO  server.RaftServer$Division (RaftServerImpl.java:setConfigurationAsync(1341)) - s7@group-4CD87B055E3A: receive setConfiguration SetConfigurationRequest:client-8FB543527D95->s7@group-4CD87B055E3A, cid=1984, seq=null, RW, null, SET_UNCONDITIONALLY, servers:[s7, s8, s9, s0, s1], listeners:[]
2024-10-31 03:24:41,781 INFO  server.RaftServer$Division (RaftServerImpl.java:setConfigurationAsync(1341)) - s8@group-4CD87B055E3A: receive setConfiguration SetConfigurationRequest:client-8FB543527D95->s8@group-4CD87B055E3A, cid=1984, seq=null, RW, null, SET_UNCONDITIONALLY, servers:[s7, s8, s9, s0, s1], listeners:[]
2024-10-31 03:24:41,881 INFO  server.RaftServer$Division (RaftServerImpl.java:setConfigurationAsync(1341)) - s7@group-4CD87B055E3A: receive setConfiguration SetConfigurationRequest:client-8FB543527D95->s7@group-4CD87B055E3A, cid=1984, seq=null, RW, null, SET_UNCONDITIONALLY, servers:[s7, s8, s9, s0, s1], listeners:[]
2024-10-31 03:24:41,982 INFO  server.RaftServer$Division (RaftServerImpl.java:setConfigurationAsync(1341)) - s8@group-4CD87B055E3A: receive setConfiguration SetConfigurationRequest:client-8FB543527D95->s8@group-4CD87B055E3A, cid=1984, seq=null, RW, null, SET_UNCONDITIONALLY, servers:[s7, s8, s9, s0, s1], listeners:[]
2024-10-31 03:24:42,082 INFO  server.RaftServer$Division (RaftServerImpl.java:setConfigurationAsync(1341)) - s7@group-4CD87B055E3A: receive setConfiguration SetConfigurationRequest:client-8FB543527D95->s7@group-4CD87B055E3A, cid=1984, seq=null, RW, null, SET_UNCONDITIONALLY, servers:[s7, s8, s9, s0, s1], listeners:[]
2024-10-31 03:24:42,183 INFO  server.RaftServer$Division (RaftServerImpl.java:setConfigurationAsync(1341)) - s8@group-4CD87B055E3A: receive setConfiguration SetConfigurationRequest:client-8FB543527D95->s8@group-4CD87B055E3A, cid=1984, seq=null, RW, null, SET_UNCONDITIONALLY, servers:[s7, s8, s9, s0, s1], listeners:[]
2024-10-31 03:24:42,283 INFO  server.RaftServer$Division (RaftServerImpl.java:setConfigurationAsync(1341)) - s7@group-4CD87B055E3A: receive setConfiguration SetConfigurationRequest:client-8FB543527D95->s7@group-4CD87B055E3A, cid=1984, seq=null, RW, null, SET_UNCONDITIONALLY, servers:[s7, s8, s9, s0, s1], listeners:[]
2024-10-31 03:24:42,384 INFO  server.RaftServer$Division (RaftServerImpl.java:setConfigurationAsync(1341)) - s9@group-4CD87B055E3A: receive setConfiguration SetConfigurationRequest:client-8FB543527D95->s9@group-4CD87B055E3A, cid=1984, seq=null, RW, null, SET_UNCONDITIONALLY, servers:[s7, s8, s9, s0, s1], listeners:[]
2024-10-31 03:24:42,484 INFO  server.RaftServer$Division (RaftServerImpl.java:setConfigurationAsync(1341)) - s7@group-4CD87B055E3A: receive setConfiguration SetConfigurationRequest:client-8FB543527D95->s7@group-4CD87B055E3A, cid=1984, seq=null, RW, null, SET_UNCONDITIONALLY, servers:[s7, s8, s9, s0, s1], listeners:[]
2024-10-31 03:24:42,585 INFO  server.RaftServer$Division (RaftServerImpl.java:setConfigurationAsync(1341)) - s8@group-4CD87B055E3A: receive setConfiguration SetConfigurationRequest:client-8FB543527D95->s8@group-4CD87B055E3A, cid=1984, seq=null, RW, null, SET_UNCONDITIONALLY, servers:[s7, s8, s9, s0, s1], listeners:[]
2024-10-31 03:24:42,685 INFO  server.RaftServer$Division (RaftServerImpl.java:setConfigurationAsync(1341)) - s7@group-4CD87B055E3A: receive setConfiguration SetConfigurationRequest:client-8FB543527D95->s7@group-4CD87B055E3A, cid=1984, seq=null, RW, null, SET_UNCONDITIONALLY, servers:[s7, s8, s9, s0, s1], listeners:[]
2024-10-31 03:24:42,786 INFO  server.RaftServer$Division (RaftServerImpl.java:setConfigurationAsync(1341)) - s8@group-4CD87B055E3A: receive setConfiguration SetConfigurationRequest:client-8FB543527D95->s8@group-4CD87B055E3A, cid=1984, seq=null, RW, null, SET_UNCONDITIONALLY, servers:[s7, s8, s9, s0, s1], listeners:[]
2024-10-31 03:24:42,886 INFO  server.RaftServer$Division (RaftServerImpl.java:setConfigurationAsync(1341)) - s7@group-4CD87B055E3A: receive setConfiguration SetConfigurationRequest:client-8FB543527D95->s7@group-4CD87B055E3A, cid=1984, seq=null, RW, null, SET_UNCONDITIONALLY, servers:[s7, s8, s9, s0, s1], listeners:[]
2024-10-31 03:24:42,987 INFO  server.RaftServer$Division (RaftServerImpl.java:setConfigurationAsync(1341)) - s9@group-4CD87B055E3A: receive setConfiguration SetConfigurationRequest:client-8FB543527D95->s9@group-4CD87B055E3A, cid=1984, seq=null, RW, null, SET_UNCONDITIONALLY, servers:[s7, s8, s9, s0, s1], listeners:[]
2024-10-31 03:24:43,087 INFO  server.RaftServer$Division (RaftServerImpl.java:setConfigurationAsync(1341)) - s7@group-4CD87B055E3A: receive setConfiguration SetConfigurationRequest:client-8FB543527D95->s7@group-4CD87B055E3A, cid=1984, seq=null, RW, null, SET_UNCONDITIONALLY, servers:[s7, s8, s9, s0, s1], listeners:[]
2024-10-31 03:24:43,188 INFO  server.RaftServer$Division (RaftServerImpl.java:setConfigurationAsync(1341)) - s8@group-4CD87B055E3A: receive setConfiguration SetConfigurationRequest:client-8FB543527D95->s8@group-4CD87B055E3A, cid=1984, seq=null, RW, null, SET_UNCONDITIONALLY, servers:[s7, s8, s9, s0, s1], listeners:[]
2024-10-31 03:24:43,288 INFO  server.RaftServer$Division (RaftServerImpl.java:setConfigurationAsync(1341)) - s7@group-4CD87B055E3A: receive setConfiguration SetConfigurationRequest:client-8FB543527D95->s7@group-4CD87B055E3A, cid=1984, seq=null, RW, null, SET_UNCONDITIONALLY, servers:[s7, s8, s9, s0, s1], listeners:[]
2024-10-31 03:24:43,389 INFO  server.RaftServer$Division (RaftServerImpl.java:setConfigurationAsync(1341)) - s8@group-4CD87B055E3A: receive setConfiguration SetConfigurationRequest:client-8FB543527D95->s8@group-4CD87B055E3A, cid=1984, seq=null, RW, null, SET_UNCONDITIONALLY, servers:[s7, s8, s9, s0, s1], listeners:[]
2024-10-31 03:24:43,489 INFO  server.RaftServer$Division (RaftServerImpl.java:setConfigurationAsync(1341)) - s7@group-4CD87B055E3A: receive setConfiguration SetConfigurationRequest:client-8FB543527D95->s7@group-4CD87B055E3A, cid=1984, seq=null, RW, null, SET_UNCONDITIONALLY, servers:[s7, s8, s9, s0, s1], listeners:[]
2024-10-31 03:24:43,590 INFO  server.RaftServer$Division (RaftServerImpl.java:setConfigurationAsync(1341)) - s8@group-4CD87B055E3A: receive setConfiguration SetConfigurationRequest:client-8FB543527D95->s8@group-4CD87B055E3A, cid=1984, seq=null, RW, null, SET_UNCONDITIONALLY, servers:[s7, s8, s9, s0, s1], listeners:[]
2024-10-31 03:24:43,690 INFO  server.RaftServer$Division (RaftServerImpl.java:setConfigurationAsync(1341)) - s7@group-4CD87B055E3A: receive setConfiguration SetConfigurationRequest:client-8FB543527D95->s7@group-4CD87B055E3A, cid=1984, seq=null, RW, null, SET_UNCONDITIONALLY, servers:[s7, s8, s9, s0, s1], listeners:[]
2024-10-31 03:24:43,791 INFO  server.RaftServer$Division (RaftServerImpl.java:setConfigurationAsync(1341)) - s8@group-4CD87B055E3A: receive setConfiguration SetConfigurationRequest:client-8FB543527D95->s8@group-4CD87B055E3A, cid=1984, seq=null, RW, null, SET_UNCONDITIONALLY, servers:[s7, s8, s9, s0, s1], listeners:[]
2024-10-31 03:24:43,891 INFO  server.RaftServer$Division (RaftServerImpl.java:setConfigurationAsync(1341)) - s7@group-4CD87B055E3A: receive setConfiguration SetConfigurationRequest:client-8FB543527D95->s7@group-4CD87B055E3A, cid=1984, seq=null, RW, null, SET_UNCONDITIONALLY, servers:[s7, s8, s9, s0, s1], listeners:[]
2024-10-31 03:24:43,992 INFO  server.RaftServer$Division (RaftServerImpl.java:setConfigurationAsync(1341)) - s8@group-4CD87B055E3A: receive setConfiguration SetConfigurationRequest:client-8FB543527D95->s8@group-4CD87B055E3A, cid=1984, seq=null, RW, null, SET_UNCONDITIONALLY, servers:[s7, s8, s9, s0, s1], listeners:[]
2024-10-31 03:24:44,092 INFO  server.RaftServer$Division (RaftServerImpl.java:setConfigurationAsync(1341)) - s7@group-4CD87B055E3A: receive setConfiguration SetConfigurationRequest:client-8FB543527D95->s7@group-4CD87B055E3A, cid=1984, seq=null, RW, null, SET_UNCONDITIONALLY, servers:[s7, s8, s9, s0, s1], listeners:[]
2024-10-31 03:24:44,192 INFO  server.RaftServer$Division (RaftServerImpl.java:setConfigurationAsync(1341)) - s8@group-4CD87B055E3A: receive setConfiguration SetConfigurationRequest:client-8FB543527D95->s8@group-4CD87B055E3A, cid=1984, seq=null, RW, null, SET_UNCONDITIONALLY, servers:[s7, s8, s9, s0, s1], listeners:[]
2024-10-31 03:24:44,293 INFO  server.RaftServer$Division (RaftServerImpl.java:setConfigurationAsync(1341)) - s7@group-4CD87B055E3A: receive setConfiguration SetConfigurationRequest:client-8FB543527D95->s7@group-4CD87B055E3A, cid=1984, seq=null, RW, null, SET_UNCONDITIONALLY, servers:[s7, s8, s9, s0, s1], listeners:[]
2024-10-31 03:24:44,393 INFO  server.RaftServer$Division (RaftServerImpl.java:setConfigurationAsync(1341)) - s9@group-4CD87B055E3A: receive setConfiguration SetConfigurationRequest:client-8FB543527D95->s9@group-4CD87B055E3A, cid=1984, seq=null, RW, null, SET_UNCONDITIONALLY, servers:[s7, s8, s9, s0, s1], listeners:[]
2024-10-31 03:24:44,494 INFO  server.RaftServer$Division (RaftServerImpl.java:setConfigurationAsync(1341)) - s7@group-4CD87B055E3A: receive setConfiguration SetConfigurationRequest:client-8FB543527D95->s7@group-4CD87B055E3A, cid=1984, seq=null, RW, null, SET_UNCONDITIONALLY, servers:[s7, s8, s9, s0, s1], listeners:[]
2024-10-31 03:24:44,594 INFO  server.RaftServer$Division (RaftServerImpl.java:setConfigurationAsync(1341)) - s8@group-4CD87B055E3A: receive setConfiguration SetConfigurationRequest:client-8FB543527D95->s8@group-4CD87B055E3A, cid=1984, seq=null, RW, null, SET_UNCONDITIONALLY, servers:[s7, s8, s9, s0, s1], listeners:[]
2024-10-31 03:24:44,695 INFO  server.RaftServer$Division (RaftServerImpl.java:setConfigurationAsync(1341)) - s7@group-4CD87B055E3A: receive setConfiguration SetConfigurationRequest:client-8FB543527D95->s7@group-4CD87B055E3A, cid=1984, seq=null, RW, null, SET_UNCONDITIONALLY, servers:[s7, s8, s9, s0, s1], listeners:[]
2024-10-31 03:24:44,795 INFO  server.RaftServer$Division (RaftServerImpl.java:setConfigurationAsync(1341)) - s8@group-4CD87B055E3A: receive setConfiguration SetConfigurationRequest:client-8FB543527D95->s8@group-4CD87B055E3A, cid=1984, seq=null, RW, null, SET_UNCONDITIONALLY, servers:[s7, s8, s9, s0, s1], listeners:[]
2024-10-31 03:24:44,896 INFO  server.RaftServer$Division (RaftServerImpl.java:setConfigurationAsync(1341)) - s7@group-4CD87B055E3A: receive setConfiguration SetConfigurationRequest:client-8FB543527D95->s7@group-4CD87B055E3A, cid=1984, seq=null, RW, null, SET_UNCONDITIONALLY, servers:[s7, s8, s9, s0, s1], listeners:[]
2024-10-31 03:24:44,996 INFO  server.RaftServer$Division (RaftServerImpl.java:setConfigurationAsync(1341)) - s9@group-4CD87B055E3A: receive setConfiguration SetConfigurationRequest:client-8FB543527D95->s9@group-4CD87B055E3A, cid=1984, seq=null, RW, null, SET_UNCONDITIONALLY, servers:[s7, s8, s9, s0, s1], listeners:[]
2024-10-31 03:24:45,097 INFO  server.RaftServer$Division (RaftServerImpl.java:setConfigurationAsync(1341)) - s7@group-4CD87B055E3A: receive setConfiguration SetConfigurationRequest:client-8FB543527D95->s7@group-4CD87B055E3A, cid=1984, seq=null, RW, null, SET_UNCONDITIONALLY, servers:[s7, s8, s9, s0, s1], listeners:[]
2024-10-31 03:24:45,197 INFO  server.RaftServer$Division (RaftServerImpl.java:setConfigurationAsync(1341)) - s8@group-4CD87B055E3A: receive setConfiguration SetConfigurationRequest:client-8FB543527D95->s8@group-4CD87B055E3A, cid=1984, seq=null, RW, null, SET_UNCONDITIONALLY, servers:[s7, s8, s9, s0, s1], listeners:[]
2024-10-31 03:24:45,298 INFO  server.RaftServer$Division (RaftServerImpl.java:setConfigurationAsync(1341)) - s7@group-4CD87B055E3A: receive setConfiguration SetConfigurationRequest:client-8FB543527D95->s7@group-4CD87B055E3A, cid=1984, seq=null, RW, null, SET_UNCONDITIONALLY, servers:[s7, s8, s9, s0, s1], listeners:[]
2024-10-31 03:24:45,398 INFO  server.RaftServer$Division (RaftServerImpl.java:setConfigurationAsync(1341)) - s8@group-4CD87B055E3A: receive setConfiguration SetConfigurationRequest:client-8FB543527D95->s8@group-4CD87B055E3A, cid=1984, seq=null, RW, null, SET_UNCONDITIONALLY, servers:[s7, s8, s9, s0, s1], listeners:[]
2024-10-31 03:24:45,499 INFO  server.RaftServer$Division (RaftServerImpl.java:setConfigurationAsync(1341)) - s7@group-4CD87B055E3A: receive setConfiguration SetConfigurationRequest:client-8FB543527D95->s7@group-4CD87B055E3A, cid=1984, seq=null, RW, null, SET_UNCONDITIONALLY, servers:[s7, s8, s9, s0, s1], listeners:[]
2024-10-31 03:24:45,599 INFO  server.RaftServer$Division (RaftServerImpl.java:setConfigurationAsync(1341)) - s9@group-4CD87B055E3A: receive setConfiguration SetConfigurationRequest:client-8FB543527D95->s9@group-4CD87B055E3A, cid=1984, seq=null, RW, null, SET_UNCONDITIONALLY, servers:[s7, s8, s9, s0, s1], listeners:[]
2024-10-31 03:24:45,700 INFO  server.RaftServer$Division (RaftServerImpl.java:setConfigurationAsync(1341)) - s7@group-4CD87B055E3A: receive setConfiguration SetConfigurationRequest:client-8FB543527D95->s7@group-4CD87B055E3A, cid=1984, seq=null, RW, null, SET_UNCONDITIONALLY, servers:[s7, s8, s9, s0, s1], listeners:[]
2024-10-31 03:24:45,800 INFO  server.RaftServer$Division (RaftServerImpl.java:setConfigurationAsync(1341)) - s9@group-4CD87B055E3A: receive setConfiguration SetConfigurationRequest:client-8FB543527D95->s9@group-4CD87B055E3A, cid=1984, seq=null, RW, null, SET_UNCONDITIONALLY, servers:[s7, s8, s9, s0, s1], listeners:[]
2024-10-31 03:24:45,901 INFO  server.RaftServer$Division (RaftServerImpl.java:setConfigurationAsync(1341)) - s7@group-4CD87B055E3A: receive setConfiguration SetConfigurationRequest:client-8FB543527D95->s7@group-4CD87B055E3A, cid=1984, seq=null, RW, null, SET_UNCONDITIONALLY, servers:[s7, s8, s9, s0, s1], listeners:[]
2024-10-31 03:24:45,993 INFO  impl.MiniRaftCluster (MiniRaftCluster.java:lambda$null$7(362)) - TIMED-PRINT: printing ALL groups
  s3:  RUNNING [
   FOLLOWER s3@group-4EB49E3E6D70:t0, leader=null, voted=, raftlog=Memoized:s3@group-4EB49E3E6D70-SegmentedRaftLog:OPENED:c-1:lastnull, conf=conf: {index: -1, cur=peers:[]|listeners:[], old=null} STARTING
   FOLLOWER s3@group-4CD87B055E3A:t0, leader=null, voted=, raftlog=Memoized:s3@group-4CD87B055E3A-SegmentedRaftLog:OPENED:c-1:lastnull, conf=conf: {index: -1, cur=peers:[]|listeners:[], old=null} STARTING] size=2
  s4:  RUNNING [
   FOLLOWER s4@group-4EB49E3E6D70:t0, leader=null, voted=, raftlog=Memoized:s4@group-4EB49E3E6D70-SegmentedRaftLog:OPENED:c-1:lastnull, conf=conf: {index: -1, cur=peers:[]|listeners:[], old=null} STARTING
   FOLLOWER s4@group-4CD87B055E3A:t0, leader=null, voted=, raftlog=Memoized:s4@group-4CD87B055E3A-SegmentedRaftLog:OPENED:c-1:lastnull, conf=conf: {index: -1, cur=peers:[]|listeners:[], old=null} STARTING] size=2
  s5:  RUNNING [
   FOLLOWER s5@group-4EB49E3E6D70:t0, leader=null, voted=, raftlog=Memoized:s5@group-4EB49E3E6D70-SegmentedRaftLog:OPENED:c-1:lastnull, conf=conf: {index: -1, cur=peers:[]|listeners:[], old=null} STARTING
   FOLLOWER s5@group-4CD87B055E3A:t0, leader=null, voted=, raftlog=Memoized:s5@group-4CD87B055E3A-SegmentedRaftLog:OPENED:c-1:lastnull, conf=conf: {index: -1, cur=peers:[]|listeners:[], old=null} STARTING] size=2
  s6:  RUNNING [
   FOLLOWER s6@group-4EB49E3E6D70:t0, leader=null, voted=, raftlog=Memoized:s6@group-4EB49E3E6D70-SegmentedRaftLog:OPENED:c-1:lastnull, conf=conf: {index: -1, cur=peers:[]|listeners:[], old=null} STARTING
   FOLLOWER s6@group-4CD87B055E3A:t0, leader=null, voted=, raftlog=Memoized:s6@group-4CD87B055E3A-SegmentedRaftLog:OPENED:c-1:lastnull, conf=conf: {index: -1, cur=peers:[]|listeners:[], old=null} STARTING] size=2
  s7:  RUNNING [
   FOLLOWER s7@group-4EB49E3E6D70:t0, leader=null, voted=, raftlog=Memoized:s7@group-4EB49E3E6D70-SegmentedRaftLog:OPENED:c-1:lastnull, conf=conf: {index: -1, cur=peers:[]|listeners:[], old=null} STARTING
     LEADER s7@group-4CD87B055E3A:t1, leader=s7, voted=s7, raftlog=Memoized:s7@group-4CD87B055E3A-SegmentedRaftLog:OPENED:c120:last(t:1, i:120), conf=conf: {index: 0, cur=peers:[s7, s8, s9]|listeners:[], old=null} RUNNING] size=2
  s8:  RUNNING [
   FOLLOWER s8@group-4EB49E3E6D70:t0, leader=null, voted=, raftlog=Memoized:s8@group-4EB49E3E6D70-SegmentedRaftLog:OPENED:c-1:lastnull, conf=conf: {index: -1, cur=peers:[]|listeners:[], old=null} STARTING
   FOLLOWER s8@group-4CD87B055E3A:t1, leader=s7, voted=s7, raftlog=Memoized:s8@group-4CD87B055E3A-SegmentedRaftLog:OPENED:c120:last(t:1, i:120), conf=conf: {index: 0, cur=peers:[s7|, s8|, s9|]|listeners:[], old=null} RUNNING] size=2
  s9:  RUNNING [
   FOLLOWER s9@group-4EB49E3E6D70:t0, leader=null, voted=, raftlog=Memoized:s9@group-4EB49E3E6D70-SegmentedRaftLog:OPENED:c-1:lastnull, conf=conf: {index: -1, cur=peers:[]|listeners:[], old=null} STARTING
   FOLLOWER s9@group-4CD87B055E3A:t1, leader=s7, voted=s7, raftlog=Memoized:s9@group-4CD87B055E3A-SegmentedRaftLog:OPENED:c120:last(t:1, i:120), conf=conf: {index: 0, cur=peers:[s7|, s8|, s9|]|listeners:[], old=null} RUNNING] size=2
  s11:  RUNNING [
   FOLLOWER s11@group-4EB49E3E6D70:t0, leader=null, voted=, raftlog=Memoized:s11@group-4EB49E3E6D70-SegmentedRaftLog:OPENED:c-1:lastnull, conf=conf: {index: -1, cur=peers:[]|listeners:[], old=null} STARTING
   FOLLOWER s11@group-4CD87B055E3A:t0, leader=null, voted=, raftlog=Memoized:s11@group-4CD87B055E3A-SegmentedRaftLog:OPENED:c-1:lastnull, conf=conf: {index: -1, cur=peers:[]|listeners:[], old=null} STARTING] size=2
  s10:  RUNNING [
   FOLLOWER s10@group-4EB49E3E6D70:t0, leader=null, voted=, raftlog=Memoized:s10@group-4EB49E3E6D70-SegmentedRaftLog:OPENED:c-1:lastnull, conf=conf: {index: -1, cur=peers:[]|listeners:[], old=null} STARTING
   FOLLOWER s10@group-4CD87B055E3A:t0, leader=null, voted=, raftlog=Memoized:s10@group-4CD87B055E3A-SegmentedRaftLog:OPENED:c-1:lastnull, conf=conf: {index: -1, cur=peers:[]|listeners:[], old=null} STARTING] size=2
  s13:  RUNNING [
   FOLLOWER s13@group-4EB49E3E6D70:t0, leader=null, voted=, raftlog=Memoized:s13@group-4EB49E3E6D70-SegmentedRaftLog:OPENED:c-1:lastnull, conf=conf: {index: -1, cur=peers:[]|listeners:[], old=null} STARTING
   FOLLOWER s13@group-4CD87B055E3A:t0, leader=null, voted=, raftlog=Memoized:s13@group-4CD87B055E3A-SegmentedRaftLog:OPENED:c-1:lastnull, conf=conf: {index: -1, cur=peers:[]|listeners:[], old=null} STARTING] size=2
  s12:  RUNNING [
   FOLLOWER s12@group-4EB49E3E6D70:t0, leader=null, voted=, raftlog=Memoized:s12@group-4EB49E3E6D70-SegmentedRaftLog:OPENED:c-1:lastnull, conf=conf: {index: -1, cur=peers:[]|listeners:[], old=null} STARTING
   FOLLOWER s12@group-4CD87B055E3A:t0, leader=null, voted=, raftlog=Memoized:s12@group-4CD87B055E3A-SegmentedRaftLog:OPENED:c-1:lastnull, conf=conf: {index: -1, cur=peers:[]|listeners:[], old=null} STARTING] size=2
  s14:  RUNNING [
   FOLLOWER s14@group-4EB49E3E6D70:t0, leader=null, voted=, raftlog=Memoized:s14@group-4EB49E3E6D70-SegmentedRaftLog:OPENED:c-1:lastnull, conf=conf: {index: -1, cur=peers:[]|listeners:[], old=null} STARTING
   FOLLOWER s14@group-4CD87B055E3A:t0, leader=null, voted=, raftlog=Memoized:s14@group-4CD87B055E3A-SegmentedRaftLog:OPENED:c-1:lastnull, conf=conf: {index: -1, cur=peers:[]|listeners:[], old=null} STARTING] size=2
  s0:  RUNNING [
   FOLLOWER s0@group-4EB49E3E6D70:t0, leader=null, voted=, raftlog=Memoized:s0@group-4EB49E3E6D70-SegmentedRaftLog:OPENED:c-1:lastnull, conf=conf: {index: -1, cur=peers:[]|listeners:[], old=null} STARTING
   FOLLOWER s0@group-4CD87B055E3A:t1, leader=s7, voted=null, raftlog=Memoized:s0@group-4CD87B055E3A-SegmentedRaftLog:OPENED:c120:last(t:1, i:120), conf=conf: {index: 0, cur=peers:[s7|, s8|, s9|]|listeners:[], old=null} STARTING] size=2
  s1:  RUNNING [
   FOLLOWER s1@group-4EB49E3E6D70:t0, leader=null, voted=, raftlog=Memoized:s1@group-4EB49E3E6D70-SegmentedRaftLog:OPENED:c-1:lastnull, conf=conf: {index: -1, cur=peers:[]|listeners:[], old=null} STARTING
   FOLLOWER s1@group-4CD87B055E3A:t1, leader=s7, voted=null, raftlog=Memoized:s1@group-4CD87B055E3A-SegmentedRaftLog:OPENED:c120:last(t:1, i:120), conf=conf: {index: 0, cur=peers:[s7|, s8|, s9|]|listeners:[], old=null} STARTING] size=2
  s2:  RUNNING [
   FOLLOWER s2@group-4EB49E3E6D70:t0, leader=null, voted=, raftlog=Memoized:s2@group-4EB49E3E6D70-SegmentedRaftLog:OPENED:c-1:lastnull, conf=conf: {index: -1, cur=peers:[]|listeners:[], old=null} STARTING
   FOLLOWER s2@group-4CD87B055E3A:t0, leader=null, voted=, raftlog=Memoized:s2@group-4CD87B055E3A-SegmentedRaftLog:OPENED:c-1:lastnull, conf=conf: {index: -1, cur=peers:[]|listeners:[], old=null} STARTING] size=2
2024-10-31 03:24:46,001 INFO  server.RaftServer$Division (RaftServerImpl.java:setConfigurationAsync(1341)) - s9@group-4CD87B055E3A: receive setConfiguration SetConfigurationRequest:client-8FB543527D95->s9@group-4CD87B055E3A, cid=1984, seq=null, RW, null, SET_UNCONDITIONALLY, servers:[s7, s8, s9, s0, s1], listeners:[]
2024-10-31 03:24:46,101 INFO  server.RaftServer$Division (RaftServerImpl.java:setConfigurationAsync(1341)) - s7@group-4CD87B055E3A: receive setConfiguration SetConfigurationRequest:client-8FB543527D95->s7@group-4CD87B055E3A, cid=1984, seq=null, RW, null, SET_UNCONDITIONALLY, servers:[s7, s8, s9, s0, s1], listeners:[]
2024-10-31 03:24:46,202 INFO  server.RaftServer$Division (RaftServerImpl.java:setConfigurationAsync(1341)) - s8@group-4CD87B055E3A: receive setConfiguration SetConfigurationRequest:client-8FB543527D95->s8@group-4CD87B055E3A, cid=1984, seq=null, RW, null, SET_UNCONDITIONALLY, servers:[s7, s8, s9, s0, s1], listeners:[]
2024-10-31 03:24:46,303 INFO  server.RaftServer$Division (RaftServerImpl.java:setConfigurationAsync(1341)) - s7@group-4CD87B055E3A: receive setConfiguration SetConfigurationRequest:client-8FB543527D95->s7@group-4CD87B055E3A, cid=1984, seq=null, RW, null, SET_UNCONDITIONALLY, servers:[s7, s8, s9, s0, s1], listeners:[]
2024-10-31 03:24:46,403 INFO  server.RaftServer$Division (RaftServerImpl.java:setConfigurationAsync(1341)) - s8@group-4CD87B055E3A: receive setConfiguration SetConfigurationRequest:client-8FB543527D95->s8@group-4CD87B055E3A, cid=1984, seq=null, RW, null, SET_UNCONDITIONALLY, servers:[s7, s8, s9, s0, s1], listeners:[]
2024-10-31 03:24:46,504 INFO  server.RaftServer$Division (RaftServerImpl.java:setConfigurationAsync(1341)) - s7@group-4CD87B055E3A: receive setConfiguration SetConfigurationRequest:client-8FB543527D95->s7@group-4CD87B055E3A, cid=1984, seq=null, RW, null, SET_UNCONDITIONALLY, servers:[s7, s8, s9, s0, s1], listeners:[]
2024-10-31 03:24:46,605 INFO  server.RaftServer$Division (RaftServerImpl.java:setConfigurationAsync(1341)) - s8@group-4CD87B055E3A: receive setConfiguration SetConfigurationRequest:client-8FB543527D95->s8@group-4CD87B055E3A, cid=1984, seq=null, RW, null, SET_UNCONDITIONALLY, servers:[s7, s8, s9, s0, s1], listeners:[]
2024-10-31 03:24:46,705 INFO  server.RaftServer$Division (RaftServerImpl.java:setConfigurationAsync(1341)) - s7@group-4CD87B055E3A: receive setConfiguration SetConfigurationRequest:client-8FB543527D95->s7@group-4CD87B055E3A, cid=1984, seq=null, RW, null, SET_UNCONDITIONALLY, servers:[s7, s8, s9, s0, s1], listeners:[]
2024-10-31 03:24:46,806 INFO  server.RaftServer$Division (RaftServerImpl.java:setConfigurationAsync(1341)) - s8@group-4CD87B055E3A: receive setConfiguration SetConfigurationRequest:client-8FB543527D95->s8@group-4CD87B055E3A, cid=1984, seq=null, RW, null, SET_UNCONDITIONALLY, servers:[s7, s8, s9, s0, s1], listeners:[]
2024-10-31 03:24:46,906 INFO  server.RaftServer$Division (RaftServerImpl.java:setConfigurationAsync(1341)) - s7@group-4CD87B055E3A: receive setConfiguration SetConfigurationRequest:client-8FB543527D95->s7@group-4CD87B055E3A, cid=1984, seq=null, RW, null, SET_UNCONDITIONALLY, servers:[s7, s8, s9, s0, s1], listeners:[]
2024-10-31 03:24:47,007 INFO  server.RaftServer$Division (RaftServerImpl.java:setConfigurationAsync(1341)) - s8@group-4CD87B055E3A: receive setConfiguration SetConfigurationRequest:client-8FB543527D95->s8@group-4CD87B055E3A, cid=1984, seq=null, RW, null, SET_UNCONDITIONALLY, servers:[s7, s8, s9, s0, s1], listeners:[]
2024-10-31 03:24:47,107 INFO  server.RaftServer$Division (RaftServerImpl.java:setConfigurationAsync(1341)) - s7@group-4CD87B055E3A: receive setConfiguration SetConfigurationRequest:client-8FB543527D95->s7@group-4CD87B055E3A, cid=1984, seq=null, RW, null, SET_UNCONDITIONALLY, servers:[s7, s8, s9, s0, s1], listeners:[]
2024-10-31 03:24:47,208 INFO  server.RaftServer$Division (RaftServerImpl.java:setConfigurationAsync(1341)) - s8@group-4CD87B055E3A: receive setConfiguration SetConfigurationRequest:client-8FB543527D95->s8@group-4CD87B055E3A, cid=1984, seq=null, RW, null, SET_UNCONDITIONALLY, servers:[s7, s8, s9, s0, s1], listeners:[]
2024-10-31 03:24:47,308 INFO  server.RaftServer$Division (RaftServerImpl.java:setConfigurationAsync(1341)) - s7@group-4CD87B055E3A: receive setConfiguration SetConfigurationRequest:client-8FB543527D95->s7@group-4CD87B055E3A, cid=1984, seq=null, RW, null, SET_UNCONDITIONALLY, servers:[s7, s8, s9, s0, s1], listeners:[]
2024-10-31 03:24:47,409 INFO  server.RaftServer$Division (RaftServerImpl.java:setConfigurationAsync(1341)) - s9@group-4CD87B055E3A: receive setConfiguration SetConfigurationRequest:client-8FB543527D95->s9@group-4CD87B055E3A, cid=1984, seq=null, RW, null, SET_UNCONDITIONALLY, servers:[s7, s8, s9, s0, s1], listeners:[]
2024-10-31 03:24:47,509 INFO  server.RaftServer$Division (RaftServerImpl.java:setConfigurationAsync(1341)) - s7@group-4CD87B055E3A: receive setConfiguration SetConfigurationRequest:client-8FB543527D95->s7@group-4CD87B055E3A, cid=1984, seq=null, RW, null, SET_UNCONDITIONALLY, servers:[s7, s8, s9, s0, s1], listeners:[]
2024-10-31 03:24:47,610 INFO  server.RaftServer$Division (RaftServerImpl.java:setConfigurationAsync(1341)) - s9@group-4CD87B055E3A: receive setConfiguration SetConfigurationRequest:client-8FB543527D95->s9@group-4CD87B055E3A, cid=1984, seq=null, RW, null, SET_UNCONDITIONALLY, servers:[s7, s8, s9, s0, s1], listeners:[]
2024-10-31 03:24:47,710 INFO  server.RaftServer$Division (RaftServerImpl.java:setConfigurationAsync(1341)) - s7@group-4CD87B055E3A: receive setConfiguration SetConfigurationRequest:client-8FB543527D95->s7@group-4CD87B055E3A, cid=1984, seq=null, RW, null, SET_UNCONDITIONALLY, servers:[s7, s8, s9, s0, s1], listeners:[]
2024-10-31 03:24:47,810 INFO  server.RaftServer$Division (RaftServerImpl.java:setConfigurationAsync(1341)) - s8@group-4CD87B055E3A: receive setConfiguration SetConfigurationRequest:client-8FB543527D95->s8@group-4CD87B055E3A, cid=1984, seq=null, RW, null, SET_UNCONDITIONALLY, servers:[s7, s8, s9, s0, s1], listeners:[]
2024-10-31 03:24:47,911 INFO  server.RaftServer$Division (RaftServerImpl.java:setConfigurationAsync(1341)) - s7@group-4CD87B055E3A: receive setConfiguration SetConfigurationRequest:client-8FB543527D95->s7@group-4CD87B055E3A, cid=1984, seq=null, RW, null, SET_UNCONDITIONALLY, servers:[s7, s8, s9, s0, s1], listeners:[]
2024-10-31 03:24:48,011 INFO  server.RaftServer$Division (RaftServerImpl.java:setConfigurationAsync(1341)) - s8@group-4CD87B055E3A: receive setConfiguration SetConfigurationRequest:client-8FB543527D95->s8@group-4CD87B055E3A, cid=1984, seq=null, RW, null, SET_UNCONDITIONALLY, servers:[s7, s8, s9, s0, s1], listeners:[]
2024-10-31 03:24:48,112 INFO  server.RaftServer$Division (RaftServerImpl.java:setConfigurationAsync(1341)) - s7@group-4CD87B055E3A: receive setConfiguration SetConfigurationRequest:client-8FB543527D95->s7@group-4CD87B055E3A, cid=1984, seq=null, RW, null, SET_UNCONDITIONALLY, servers:[s7, s8, s9, s0, s1], listeners:[]
2024-10-31 03:24:48,212 INFO  server.RaftServer$Division (RaftServerImpl.java:setConfigurationAsync(1341)) - s9@group-4CD87B055E3A: receive setConfiguration SetConfigurationRequest:client-8FB543527D95->s9@group-4CD87B055E3A, cid=1984, seq=null, RW, null, SET_UNCONDITIONALLY, servers:[s7, s8, s9, s0, s1], listeners:[]
2024-10-31 03:24:48,312 INFO  server.RaftServer$Division (RaftServerImpl.java:setConfigurationAsync(1341)) - s7@group-4CD87B055E3A: receive setConfiguration SetConfigurationRequest:client-8FB543527D95->s7@group-4CD87B055E3A, cid=1984, seq=null, RW, null, SET_UNCONDITIONALLY, servers:[s7, s8, s9, s0, s1], listeners:[]
2024-10-31 03:24:48,413 INFO  server.RaftServer$Division (RaftServerImpl.java:setConfigurationAsync(1341)) - s9@group-4CD87B055E3A: receive setConfiguration SetConfigurationRequest:client-8FB543527D95->s9@group-4CD87B055E3A, cid=1984, seq=null, RW, null, SET_UNCONDITIONALLY, servers:[s7, s8, s9, s0, s1], listeners:[]
2024-10-31 03:24:48,513 INFO  server.RaftServer$Division (RaftServerImpl.java:setConfigurationAsync(1341)) - s7@group-4CD87B055E3A: receive setConfiguration SetConfigurationRequest:client-8FB543527D95->s7@group-4CD87B055E3A, cid=1984, seq=null, RW, null, SET_UNCONDITIONALLY, servers:[s7, s8, s9, s0, s1], listeners:[]
2024-10-31 03:24:48,613 INFO  server.RaftServer$Division (RaftServerImpl.java:setConfigurationAsync(1341)) - s8@group-4CD87B055E3A: receive setConfiguration SetConfigurationRequest:client-8FB543527D95->s8@group-4CD87B055E3A, cid=1984, seq=null, RW, null, SET_UNCONDITIONALLY, servers:[s7, s8, s9, s0, s1], listeners:[]
2024-10-31 03:24:48,714 INFO  server.RaftServer$Division (RaftServerImpl.java:setConfigurationAsync(1341)) - s7@group-4CD87B055E3A: receive setConfiguration SetConfigurationRequest:client-8FB543527D95->s7@group-4CD87B055E3A, cid=1984, seq=null, RW, null, SET_UNCONDITIONALLY, servers:[s7, s8, s9, s0, s1], listeners:[]
2024-10-31 03:24:48,814 INFO  server.RaftServer$Division (RaftServerImpl.java:setConfigurationAsync(1341)) - s9@group-4CD87B055E3A: receive setConfiguration SetConfigurationRequest:client-8FB543527D95->s9@group-4CD87B055E3A, cid=1984, seq=null, RW, null, SET_UNCONDITIONALLY, servers:[s7, s8, s9, s0, s1], listeners:[]
2024-10-31 03:24:48,915 INFO  server.RaftServer$Division (RaftServerImpl.java:setConfigurationAsync(1341)) - s7@group-4CD87B055E3A: receive setConfiguration SetConfigurationRequest:client-8FB543527D95->s7@group-4CD87B055E3A, cid=1984, seq=null, RW, null, SET_UNCONDITIONALLY, servers:[s7, s8, s9, s0, s1], listeners:[]
2024-10-31 03:24:49,015 INFO  server.RaftServer$Division (RaftServerImpl.java:setConfigurationAsync(1341)) - s9@group-4CD87B055E3A: receive setConfiguration SetConfigurationRequest:client-8FB543527D95->s9@group-4CD87B055E3A, cid=1984, seq=null, RW, null, SET_UNCONDITIONALLY, servers:[s7, s8, s9, s0, s1], listeners:[]
2024-10-31 03:24:49,116 INFO  server.RaftServer$Division (RaftServerImpl.java:setConfigurationAsync(1341)) - s7@group-4CD87B055E3A: receive setConfiguration SetConfigurationRequest:client-8FB543527D95->s7@group-4CD87B055E3A, cid=1984, seq=null, RW, null, SET_UNCONDITIONALLY, servers:[s7, s8, s9, s0, s1], listeners:[]
2024-10-31 03:24:49,216 INFO  server.RaftServer$Division (RaftServerImpl.java:setConfigurationAsync(1341)) - s8@group-4CD87B055E3A: receive setConfiguration SetConfigurationRequest:client-8FB543527D95->s8@group-4CD87B055E3A, cid=1984, seq=null, RW, null, SET_UNCONDITIONALLY, servers:[s7, s8, s9, s0, s1], listeners:[]
2024-10-31 03:24:49,316 INFO  server.RaftServer$Division (RaftServerImpl.java:setConfigurationAsync(1341)) - s7@group-4CD87B055E3A: receive setConfiguration SetConfigurationRequest:client-8FB543527D95->s7@group-4CD87B055E3A, cid=1984, seq=null, RW, null, SET_UNCONDITIONALLY, servers:[s7, s8, s9, s0, s1], listeners:[]
2024-10-31 03:24:49,417 INFO  server.RaftServer$Division (RaftServerImpl.java:setConfigurationAsync(1341)) - s8@group-4CD87B055E3A: receive setConfiguration SetConfigurationRequest:client-8FB543527D95->s8@group-4CD87B055E3A, cid=1984, seq=null, RW, null, SET_UNCONDITIONALLY, servers:[s7, s8, s9, s0, s1], listeners:[]
2024-10-31 03:24:49,517 INFO  server.RaftServer$Division (RaftServerImpl.java:setConfigurationAsync(1341)) - s7@group-4CD87B055E3A: receive setConfiguration SetConfigurationRequest:client-8FB543527D95->s7@group-4CD87B055E3A, cid=1984, seq=null, RW, null, SET_UNCONDITIONALLY, servers:[s7, s8, s9, s0, s1], listeners:[]
2024-10-31 03:24:49,618 INFO  server.RaftServer$Division (RaftServerImpl.java:setConfigurationAsync(1341)) - s9@group-4CD87B055E3A: receive setConfiguration SetConfigurationRequest:client-8FB543527D95->s9@group-4CD87B055E3A, cid=1984, seq=null, RW, null, SET_UNCONDITIONALLY, servers:[s7, s8, s9, s0, s1], listeners:[]
2024-10-31 03:24:49,718 INFO  server.RaftServer$Division (RaftServerImpl.java:setConfigurationAsync(1341)) - s7@group-4CD87B055E3A: receive setConfiguration SetConfigurationRequest:client-8FB543527D95->s7@group-4CD87B055E3A, cid=1984, seq=null, RW, null, SET_UNCONDITIONALLY, servers:[s7, s8, s9, s0, s1], listeners:[]
2024-10-31 03:24:49,818 INFO  server.RaftServer$Division (RaftServerImpl.java:setConfigurationAsync(1341)) - s9@group-4CD87B055E3A: receive setConfiguration SetConfigurationRequest:client-8FB543527D95->s9@group-4CD87B055E3A, cid=1984, seq=null, RW, null, SET_UNCONDITIONALLY, servers:[s7, s8, s9, s0, s1], listeners:[]
2024-10-31 03:24:49,919 INFO  server.RaftServer$Division (RaftServerImpl.java:setConfigurationAsync(1341)) - s7@group-4CD87B055E3A: receive setConfiguration SetConfigurationRequest:client-8FB543527D95->s7@group-4CD87B055E3A, cid=1984, seq=null, RW, null, SET_UNCONDITIONALLY, servers:[s7, s8, s9, s0, s1], listeners:[]
2024-10-31 03:24:50,019 INFO  server.RaftServer$Division (RaftServerImpl.java:setConfigurationAsync(1341)) - s9@group-4CD87B055E3A: receive setConfiguration SetConfigurationRequest:client-8FB543527D95->s9@group-4CD87B055E3A, cid=1984, seq=null, RW, null, SET_UNCONDITIONALLY, servers:[s7, s8, s9, s0, s1], listeners:[]
2024-10-31 03:24:50,119 INFO  server.RaftServer$Division (RaftServerImpl.java:setConfigurationAsync(1341)) - s7@group-4CD87B055E3A: receive setConfiguration SetConfigurationRequest:client-8FB543527D95->s7@group-4CD87B055E3A, cid=1984, seq=null, RW, null, SET_UNCONDITIONALLY, servers:[s7, s8, s9, s0, s1], listeners:[]
2024-10-31 03:24:50,220 INFO  server.RaftServer$Division (RaftServerImpl.java:setConfigurationAsync(1341)) - s9@group-4CD87B055E3A: receive setConfiguration SetConfigurationRequest:client-8FB543527D95->s9@group-4CD87B055E3A, cid=1984, seq=null, RW, null, SET_UNCONDITIONALLY, servers:[s7, s8, s9, s0, s1], listeners:[]
2024-10-31 03:24:50,320 INFO  server.RaftServer$Division (RaftServerImpl.java:setConfigurationAsync(1341)) - s7@group-4CD87B055E3A: receive setConfiguration SetConfigurationRequest:client-8FB543527D95->s7@group-4CD87B055E3A, cid=1984, seq=null, RW, null, SET_UNCONDITIONALLY, servers:[s7, s8, s9, s0, s1], listeners:[]
2024-10-31 03:24:50,421 INFO  server.RaftServer$Division (RaftServerImpl.java:setConfigurationAsync(1341)) - s9@group-4CD87B055E3A: receive setConfiguration SetConfigurationRequest:client-8FB543527D95->s9@group-4CD87B055E3A, cid=1984, seq=null, RW, null, SET_UNCONDITIONALLY, servers:[s7, s8, s9, s0, s1], listeners:[]
2024-10-31 03:24:50,521 INFO  server.RaftServer$Division (RaftServerImpl.java:setConfigurationAsync(1341)) - s7@group-4CD87B055E3A: receive setConfiguration SetConfigurationRequest:client-8FB543527D95->s7@group-4CD87B055E3A, cid=1984, seq=null, RW, null, SET_UNCONDITIONALLY, servers:[s7, s8, s9, s0, s1], listeners:[]
2024-10-31 03:24:50,621 INFO  server.RaftServer$Division (RaftServerImpl.java:setConfigurationAsync(1341)) - s8@group-4CD87B055E3A: receive setConfiguration SetConfigurationRequest:client-8FB543527D95->s8@group-4CD87B055E3A, cid=1984, seq=null, RW, null, SET_UNCONDITIONALLY, servers:[s7, s8, s9, s0, s1], listeners:[]
2024-10-31 03:24:50,722 INFO  server.RaftServer$Division (RaftServerImpl.java:setConfigurationAsync(1341)) - s7@group-4CD87B055E3A: receive setConfiguration SetConfigurationRequest:client-8FB543527D95->s7@group-4CD87B055E3A, cid=1984, seq=null, RW, null, SET_UNCONDITIONALLY, servers:[s7, s8, s9, s0, s1], listeners:[]
2024-10-31 03:24:50,822 INFO  server.RaftServer$Division (RaftServerImpl.java:setConfigurationAsync(1341)) - s8@group-4CD87B055E3A: receive setConfiguration SetConfigurationRequest:client-8FB543527D95->s8@group-4CD87B055E3A, cid=1984, seq=null, RW, null, SET_UNCONDITIONALLY, servers:[s7, s8, s9, s0, s1], listeners:[]
2024-10-31 03:24:50,922 INFO  server.RaftServer$Division (RaftServerImpl.java:setConfigurationAsync(1341)) - s7@group-4CD87B055E3A: receive setConfiguration SetConfigurationRequest:client-8FB543527D95->s7@group-4CD87B055E3A, cid=1984, seq=null, RW, null, SET_UNCONDITIONALLY, servers:[s7, s8, s9, s0, s1], listeners:[]
2024-10-31 03:24:51,023 INFO  server.RaftServer$Division (RaftServerImpl.java:setConfigurationAsync(1341)) - s8@group-4CD87B055E3A: receive setConfiguration SetConfigurationRequest:client-8FB543527D95->s8@group-4CD87B055E3A, cid=1984, seq=null, RW, null, SET_UNCONDITIONALLY, servers:[s7, s8, s9, s0, s1], listeners:[]
2024-10-31 03:24:51,123 INFO  server.RaftServer$Division (RaftServerImpl.java:setConfigurationAsync(1341)) - s7@group-4CD87B055E3A: receive setConfiguration SetConfigurationRequest:client-8FB543527D95->s7@group-4CD87B055E3A, cid=1984, seq=null, RW, null, SET_UNCONDITIONALLY, servers:[s7, s8, s9, s0, s1], listeners:[]
2024-10-31 03:24:51,224 INFO  server.RaftServer$Division (RaftServerImpl.java:setConfigurationAsync(1341)) - s9@group-4CD87B055E3A: receive setConfiguration SetConfigurationRequest:client-8FB543527D95->s9@group-4CD87B055E3A, cid=1984, seq=null, RW, null, SET_UNCONDITIONALLY, servers:[s7, s8, s9, s0, s1], listeners:[]
2024-10-31 03:24:51,324 INFO  server.RaftServer$Division (RaftServerImpl.java:setConfigurationAsync(1341)) - s7@group-4CD87B055E3A: receive setConfiguration SetConfigurationRequest:client-8FB543527D95->s7@group-4CD87B055E3A, cid=1984, seq=null, RW, null, SET_UNCONDITIONALLY, servers:[s7, s8, s9, s0, s1], listeners:[]
2024-10-31 03:24:51,424 INFO  server.RaftServer$Division (RaftServerImpl.java:setConfigurationAsync(1341)) - s9@group-4CD87B055E3A: receive setConfiguration SetConfigurationRequest:client-8FB543527D95->s9@group-4CD87B055E3A, cid=1984, seq=null, RW, null, SET_UNCONDITIONALLY, servers:[s7, s8, s9, s0, s1], listeners:[]
2024-10-31 03:24:51,525 INFO  server.RaftServer$Division (RaftServerImpl.java:setConfigurationAsync(1341)) - s7@group-4CD87B055E3A: receive setConfiguration SetConfigurationRequest:client-8FB543527D95->s7@group-4CD87B055E3A, cid=1984, seq=null, RW, null, SET_UNCONDITIONALLY, servers:[s7, s8, s9, s0, s1], listeners:[]
2024-10-31 03:24:51,625 INFO  server.RaftServer$Division (RaftServerImpl.java:setConfigurationAsync(1341)) - s8@group-4CD87B055E3A: receive setConfiguration SetConfigurationRequest:client-8FB543527D95->s8@group-4CD87B055E3A, cid=1984, seq=null, RW, null, SET_UNCONDITIONALLY, servers:[s7, s8, s9, s0, s1], listeners:[]
2024-10-31 03:24:51,725 INFO  server.RaftServer$Division (RaftServerImpl.java:setConfigurationAsync(1341)) - s7@group-4CD87B055E3A: receive setConfiguration SetConfigurationRequest:client-8FB543527D95->s7@group-4CD87B055E3A, cid=1984, seq=null, RW, null, SET_UNCONDITIONALLY, servers:[s7, s8, s9, s0, s1], listeners:[]
2024-10-31 03:24:51,826 INFO  server.RaftServer$Division (RaftServerImpl.java:setConfigurationAsync(1341)) - s9@group-4CD87B055E3A: receive setConfiguration SetConfigurationRequest:client-8FB543527D95->s9@group-4CD87B055E3A, cid=1984, seq=null, RW, null, SET_UNCONDITIONALLY, servers:[s7, s8, s9, s0, s1], listeners:[]
2024-10-31 03:24:51,926 INFO  server.RaftServer$Division (RaftServerImpl.java:setConfigurationAsync(1341)) - s7@group-4CD87B055E3A: receive setConfiguration SetConfigurationRequest:client-8FB543527D95->s7@group-4CD87B055E3A, cid=1984, seq=null, RW, null, SET_UNCONDITIONALLY, servers:[s7, s8, s9, s0, s1], listeners:[]
2024-10-31 03:24:52,026 INFO  server.RaftServer$Division (RaftServerImpl.java:setConfigurationAsync(1341)) - s9@group-4CD87B055E3A: receive setConfiguration SetConfigurationRequest:client-8FB543527D95->s9@group-4CD87B055E3A, cid=1984, seq=null, RW, null, SET_UNCONDITIONALLY, servers:[s7, s8, s9, s0, s1], listeners:[]
2024-10-31 03:24:52,127 INFO  server.RaftServer$Division (RaftServerImpl.java:setConfigurationAsync(1341)) - s7@group-4CD87B055E3A: receive setConfiguration SetConfigurationRequest:client-8FB543527D95->s7@group-4CD87B055E3A, cid=1984, seq=null, RW, null, SET_UNCONDITIONALLY, servers:[s7, s8, s9, s0, s1], listeners:[]
2024-10-31 03:24:52,227 INFO  server.RaftServer$Division (RaftServerImpl.java:setConfigurationAsync(1341)) - s8@group-4CD87B055E3A: receive setConfiguration SetConfigurationRequest:client-8FB543527D95->s8@group-4CD87B055E3A, cid=1984, seq=null, RW, null, SET_UNCONDITIONALLY, servers:[s7, s8, s9, s0, s1], listeners:[]
2024-10-31 03:24:52,327 INFO  server.RaftServer$Division (RaftServerImpl.java:setConfigurationAsync(1341)) - s7@group-4CD87B055E3A: receive setConfiguration SetConfigurationRequest:client-8FB543527D95->s7@group-4CD87B055E3A, cid=1984, seq=null, RW, null, SET_UNCONDITIONALLY, servers:[s7, s8, s9, s0, s1], listeners:[]
2024-10-31 03:24:52,428 INFO  server.RaftServer$Division (RaftServerImpl.java:setConfigurationAsync(1341)) - s8@group-4CD87B055E3A: receive setConfiguration SetConfigurationRequest:client-8FB543527D95->s8@group-4CD87B055E3A, cid=1984, seq=null, RW, null, SET_UNCONDITIONALLY, servers:[s7, s8, s9, s0, s1], listeners:[]
2024-10-31 03:24:52,528 INFO  server.RaftServer$Division (RaftServerImpl.java:setConfigurationAsync(1341)) - s7@group-4CD87B055E3A: receive setConfiguration SetConfigurationRequest:client-8FB543527D95->s7@group-4CD87B055E3A, cid=1984, seq=null, RW, null, SET_UNCONDITIONALLY, servers:[s7, s8, s9, s0, s1], listeners:[]
2024-10-31 03:24:52,629 INFO  server.RaftServer$Division (RaftServerImpl.java:setConfigurationAsync(1341)) - s8@group-4CD87B055E3A: receive setConfiguration SetConfigurationRequest:client-8FB543527D95->s8@group-4CD87B055E3A, cid=1984, seq=null, RW, null, SET_UNCONDITIONALLY, servers:[s7, s8, s9, s0, s1], listeners:[]
2024-10-31 03:24:52,729 INFO  server.RaftServer$Division (RaftServerImpl.java:setConfigurationAsync(1341)) - s7@group-4CD87B055E3A: receive setConfiguration SetConfigurationRequest:client-8FB543527D95->s7@group-4CD87B055E3A, cid=1984, seq=null, RW, null, SET_UNCONDITIONALLY, servers:[s7, s8, s9, s0, s1], listeners:[]
2024-10-31 03:24:52,829 INFO  server.RaftServer$Division (RaftServerImpl.java:setConfigurationAsync(1341)) - s8@group-4CD87B055E3A: receive setConfiguration SetConfigurationRequest:client-8FB543527D95->s8@group-4CD87B055E3A, cid=1984, seq=null, RW, null, SET_UNCONDITIONALLY, servers:[s7, s8, s9, s0, s1], listeners:[]
2024-10-31 03:24:52,930 INFO  server.RaftServer$Division (RaftServerImpl.java:setConfigurationAsync(1341)) - s7@group-4CD87B055E3A: receive setConfiguration SetConfigurationRequest:client-8FB543527D95->s7@group-4CD87B055E3A, cid=1984, seq=null, RW, null, SET_UNCONDITIONALLY, servers:[s7, s8, s9, s0, s1], listeners:[]
2024-10-31 03:24:53,030 INFO  server.RaftServer$Division (RaftServerImpl.java:setConfigurationAsync(1341)) - s9@group-4CD87B055E3A: receive setConfiguration SetConfigurationRequest:client-8FB543527D95->s9@group-4CD87B055E3A, cid=1984, seq=null, RW, null, SET_UNCONDITIONALLY, servers:[s7, s8, s9, s0, s1], listeners:[]
2024-10-31 03:24:53,130 INFO  server.RaftServer$Division (RaftServerImpl.java:setConfigurationAsync(1341)) - s7@group-4CD87B055E3A: receive setConfiguration SetConfigurationRequest:client-8FB543527D95->s7@group-4CD87B055E3A, cid=1984, seq=null, RW, null, SET_UNCONDITIONALLY, servers:[s7, s8, s9, s0, s1], listeners:[]
2024-10-31 03:24:53,231 INFO  server.RaftServer$Division (RaftServerImpl.java:setConfigurationAsync(1341)) - s8@group-4CD87B055E3A: receive setConfiguration SetConfigurationRequest:client-8FB543527D95->s8@group-4CD87B055E3A, cid=1984, seq=null, RW, null, SET_UNCONDITIONALLY, servers:[s7, s8, s9, s0, s1], listeners:[]
2024-10-31 03:24:53,331 INFO  server.RaftServer$Division (RaftServerImpl.java:setConfigurationAsync(1341)) - s7@group-4CD87B055E3A: receive setConfiguration SetConfigurationRequest:client-8FB543527D95->s7@group-4CD87B055E3A, cid=1984, seq=null, RW, null, SET_UNCONDITIONALLY, servers:[s7, s8, s9, s0, s1], listeners:[]
2024-10-31 03:24:53,431 INFO  server.RaftServer$Division (RaftServerImpl.java:setConfigurationAsync(1341)) - s9@group-4CD87B055E3A: receive setConfiguration SetConfigurationRequest:client-8FB543527D95->s9@group-4CD87B055E3A, cid=1984, seq=null, RW, null, SET_UNCONDITIONALLY, servers:[s7, s8, s9, s0, s1], listeners:[]
2024-10-31 03:24:53,532 INFO  server.RaftServer$Division (RaftServerImpl.java:setConfigurationAsync(1341)) - s7@group-4CD87B055E3A: receive setConfiguration SetConfigurationRequest:client-8FB543527D95->s7@group-4CD87B055E3A, cid=1984, seq=null, RW, null, SET_UNCONDITIONALLY, servers:[s7, s8, s9, s0, s1], listeners:[]
2024-10-31 03:24:53,632 INFO  server.RaftServer$Division (RaftServerImpl.java:setConfigurationAsync(1341)) - s8@group-4CD87B055E3A: receive setConfiguration SetConfigurationRequest:client-8FB543527D95->s8@group-4CD87B055E3A, cid=1984, seq=null, RW, null, SET_UNCONDITIONALLY, servers:[s7, s8, s9, s0, s1], listeners:[]
2024-10-31 03:24:53,733 INFO  server.RaftServer$Division (RaftServerImpl.java:setConfigurationAsync(1341)) - s7@group-4CD87B055E3A: receive setConfiguration SetConfigurationRequest:client-8FB543527D95->s7@group-4CD87B055E3A, cid=1984, seq=null, RW, null, SET_UNCONDITIONALLY, servers:[s7, s8, s9, s0, s1], listeners:[]
2024-10-31 03:24:53,833 INFO  server.RaftServer$Division (RaftServerImpl.java:setConfigurationAsync(1341)) - s8@group-4CD87B055E3A: receive setConfiguration SetConfigurationRequest:client-8FB543527D95->s8@group-4CD87B055E3A, cid=1984, seq=null, RW, null, SET_UNCONDITIONALLY, servers:[s7, s8, s9, s0, s1], listeners:[]
2024-10-31 03:24:53,933 INFO  server.RaftServer$Division (RaftServerImpl.java:setConfigurationAsync(1341)) - s7@group-4CD87B055E3A: receive setConfiguration SetConfigurationRequest:client-8FB543527D95->s7@group-4CD87B055E3A, cid=1984, seq=null, RW, null, SET_UNCONDITIONALLY, servers:[s7, s8, s9, s0, s1], listeners:[]
2024-10-31 03:24:54,034 INFO  server.RaftServer$Division (RaftServerImpl.java:setConfigurationAsync(1341)) - s9@group-4CD87B055E3A: receive setConfiguration SetConfigurationRequest:client-8FB543527D95->s9@group-4CD87B055E3A, cid=1984, seq=null, RW, null, SET_UNCONDITIONALLY, servers:[s7, s8, s9, s0, s1], listeners:[]
2024-10-31 03:24:54,134 INFO  server.RaftServer$Division (RaftServerImpl.java:setConfigurationAsync(1341)) - s7@group-4CD87B055E3A: receive setConfiguration SetConfigurationRequest:client-8FB543527D95->s7@group-4CD87B055E3A, cid=1984, seq=null, RW, null, SET_UNCONDITIONALLY, servers:[s7, s8, s9, s0, s1], listeners:[]
2024-10-31 03:24:54,235 INFO  server.RaftServer$Division (RaftServerImpl.java:setConfigurationAsync(1341)) - s8@group-4CD87B055E3A: receive setConfiguration SetConfigurationRequest:client-8FB543527D95->s8@group-4CD87B055E3A, cid=1984, seq=null, RW, null, SET_UNCONDITIONALLY, servers:[s7, s8, s9, s0, s1], listeners:[]
2024-10-31 03:24:54,335 INFO  server.RaftServer$Division (RaftServerImpl.java:setConfigurationAsync(1341)) - s7@group-4CD87B055E3A: receive setConfiguration SetConfigurationRequest:client-8FB543527D95->s7@group-4CD87B055E3A, cid=1984, seq=null, RW, null, SET_UNCONDITIONALLY, servers:[s7, s8, s9, s0, s1], listeners:[]
2024-10-31 03:24:54,435 INFO  server.RaftServer$Division (RaftServerImpl.java:setConfigurationAsync(1341)) - s9@group-4CD87B055E3A: receive setConfiguration SetConfigurationRequest:client-8FB543527D95->s9@group-4CD87B055E3A, cid=1984, seq=null, RW, null, SET_UNCONDITIONALLY, servers:[s7, s8, s9, s0, s1], listeners:[]
2024-10-31 03:24:54,536 INFO  server.RaftServer$Division (RaftServerImpl.java:setConfigurationAsync(1341)) - s7@group-4CD87B055E3A: receive setConfiguration SetConfigurationRequest:client-8FB543527D95->s7@group-4CD87B055E3A, cid=1984, seq=null, RW, null, SET_UNCONDITIONALLY, servers:[s7, s8, s9, s0, s1], listeners:[]
2024-10-31 03:24:54,636 INFO  server.RaftServer$Division (RaftServerImpl.java:setConfigurationAsync(1341)) - s8@group-4CD87B055E3A: receive setConfiguration SetConfigurationRequest:client-8FB543527D95->s8@group-4CD87B055E3A, cid=1984, seq=null, RW, null, SET_UNCONDITIONALLY, servers:[s7, s8, s9, s0, s1], listeners:[]
2024-10-31 03:24:54,737 INFO  server.RaftServer$Division (RaftServerImpl.java:setConfigurationAsync(1341)) - s7@group-4CD87B055E3A: receive setConfiguration SetConfigurationRequest:client-8FB543527D95->s7@group-4CD87B055E3A, cid=1984, seq=null, RW, null, SET_UNCONDITIONALLY, servers:[s7, s8, s9, s0, s1], listeners:[]
2024-10-31 03:24:54,837 INFO  server.RaftServer$Division (RaftServerImpl.java:setConfigurationAsync(1341)) - s8@group-4CD87B055E3A: receive setConfiguration SetConfigurationRequest:client-8FB543527D95->s8@group-4CD87B055E3A, cid=1984, seq=null, RW, null, SET_UNCONDITIONALLY, servers:[s7, s8, s9, s0, s1], listeners:[]
2024-10-31 03:24:54,937 INFO  server.RaftServer$Division (RaftServerImpl.java:setConfigurationAsync(1341)) - s7@group-4CD87B055E3A: receive setConfiguration SetConfigurationRequest:client-8FB543527D95->s7@group-4CD87B055E3A, cid=1984, seq=null, RW, null, SET_UNCONDITIONALLY, servers:[s7, s8, s9, s0, s1], listeners:[]
2024-10-31 03:24:55,038 INFO  server.RaftServer$Division (RaftServerImpl.java:setConfigurationAsync(1341)) - s8@group-4CD87B055E3A: receive setConfiguration SetConfigurationRequest:client-8FB543527D95->s8@group-4CD87B055E3A, cid=1984, seq=null, RW, null, SET_UNCONDITIONALLY, servers:[s7, s8, s9, s0, s1], listeners:[]
2024-10-31 03:24:55,138 INFO  server.RaftServer$Division (RaftServerImpl.java:setConfigurationAsync(1341)) - s7@group-4CD87B055E3A: receive setConfiguration SetConfigurationRequest:client-8FB543527D95->s7@group-4CD87B055E3A, cid=1984, seq=null, RW, null, SET_UNCONDITIONALLY, servers:[s7, s8, s9, s0, s1], listeners:[]
2024-10-31 03:24:55,238 INFO  server.RaftServer$Division (RaftServerImpl.java:setConfigurationAsync(1341)) - s9@group-4CD87B055E3A: receive setConfiguration SetConfigurationRequest:client-8FB543527D95->s9@group-4CD87B055E3A, cid=1984, seq=null, RW, null, SET_UNCONDITIONALLY, servers:[s7, s8, s9, s0, s1], listeners:[]
2024-10-31 03:24:55,339 INFO  server.RaftServer$Division (RaftServerImpl.java:setConfigurationAsync(1341)) - s7@group-4CD87B055E3A: receive setConfiguration SetConfigurationRequest:client-8FB543527D95->s7@group-4CD87B055E3A, cid=1984, seq=null, RW, null, SET_UNCONDITIONALLY, servers:[s7, s8, s9, s0, s1], listeners:[]
2024-10-31 03:24:55,439 INFO  server.RaftServer$Division (RaftServerImpl.java:setConfigurationAsync(1341)) - s9@group-4CD87B055E3A: receive setConfiguration SetConfigurationRequest:client-8FB543527D95->s9@group-4CD87B055E3A, cid=1984, seq=null, RW, null, SET_UNCONDITIONALLY, servers:[s7, s8, s9, s0, s1], listeners:[]
2024-10-31 03:24:55,540 INFO  server.RaftServer$Division (RaftServerImpl.java:setConfigurationAsync(1341)) - s7@group-4CD87B055E3A: receive setConfiguration SetConfigurationRequest:client-8FB543527D95->s7@group-4CD87B055E3A, cid=1984, seq=null, RW, null, SET_UNCONDITIONALLY, servers:[s7, s8, s9, s0, s1], listeners:[]
2024-10-31 03:24:55,640 INFO  server.RaftServer$Division (RaftServerImpl.java:setConfigurationAsync(1341)) - s8@group-4CD87B055E3A: receive setConfiguration SetConfigurationRequest:client-8FB543527D95->s8@group-4CD87B055E3A, cid=1984, seq=null, RW, null, SET_UNCONDITIONALLY, servers:[s7, s8, s9, s0, s1], listeners:[]
2024-10-31 03:24:55,740 INFO  server.RaftServer$Division (RaftServerImpl.java:setConfigurationAsync(1341)) - s7@group-4CD87B055E3A: receive setConfiguration SetConfigurationRequest:client-8FB543527D95->s7@group-4CD87B055E3A, cid=1984, seq=null, RW, null, SET_UNCONDITIONALLY, servers:[s7, s8, s9, s0, s1], listeners:[]
2024-10-31 03:24:55,841 INFO  server.RaftServer$Division (RaftServerImpl.java:setConfigurationAsync(1341)) - s8@group-4CD87B055E3A: receive setConfiguration SetConfigurationRequest:client-8FB543527D95->s8@group-4CD87B055E3A, cid=1984, seq=null, RW, null, SET_UNCONDITIONALLY, servers:[s7, s8, s9, s0, s1], listeners:[]
2024-10-31 03:24:55,941 INFO  server.RaftServer$Division (RaftServerImpl.java:setConfigurationAsync(1341)) - s7@group-4CD87B055E3A: receive setConfiguration SetConfigurationRequest:client-8FB543527D95->s7@group-4CD87B055E3A, cid=1984, seq=null, RW, null, SET_UNCONDITIONALLY, servers:[s7, s8, s9, s0, s1], listeners:[]
2024-10-31 03:24:55,993 INFO  impl.MiniRaftCluster (MiniRaftCluster.java:lambda$null$7(362)) - TIMED-PRINT: printing ALL groups
  s3:  RUNNING [
   FOLLOWER s3@group-4EB49E3E6D70:t0, leader=null, voted=, raftlog=Memoized:s3@group-4EB49E3E6D70-SegmentedRaftLog:OPENED:c-1:lastnull, conf=conf: {index: -1, cur=peers:[]|listeners:[], old=null} STARTING
   FOLLOWER s3@group-4CD87B055E3A:t0, leader=null, voted=, raftlog=Memoized:s3@group-4CD87B055E3A-SegmentedRaftLog:OPENED:c-1:lastnull, conf=conf: {index: -1, cur=peers:[]|listeners:[], old=null} STARTING] size=2
  s4:  RUNNING [
   FOLLOWER s4@group-4EB49E3E6D70:t0, leader=null, voted=, raftlog=Memoized:s4@group-4EB49E3E6D70-SegmentedRaftLog:OPENED:c-1:lastnull, conf=conf: {index: -1, cur=peers:[]|listeners:[], old=null} STARTING
   FOLLOWER s4@group-4CD87B055E3A:t0, leader=null, voted=, raftlog=Memoized:s4@group-4CD87B055E3A-SegmentedRaftLog:OPENED:c-1:lastnull, conf=conf: {index: -1, cur=peers:[]|listeners:[], old=null} STARTING] size=2
  s5:  RUNNING [
   FOLLOWER s5@group-4EB49E3E6D70:t0, leader=null, voted=, raftlog=Memoized:s5@group-4EB49E3E6D70-SegmentedRaftLog:OPENED:c-1:lastnull, conf=conf: {index: -1, cur=peers:[]|listeners:[], old=null} STARTING
   FOLLOWER s5@group-4CD87B055E3A:t0, leader=null, voted=, raftlog=Memoized:s5@group-4CD87B055E3A-SegmentedRaftLog:OPENED:c-1:lastnull, conf=conf: {index: -1, cur=peers:[]|listeners:[], old=null} STARTING] size=2
  s6:  RUNNING [
   FOLLOWER s6@group-4EB49E3E6D70:t0, leader=null, voted=, raftlog=Memoized:s6@group-4EB49E3E6D70-SegmentedRaftLog:OPENED:c-1:lastnull, conf=conf: {index: -1, cur=peers:[]|listeners:[], old=null} STARTING
   FOLLOWER s6@group-4CD87B055E3A:t0, leader=null, voted=, raftlog=Memoized:s6@group-4CD87B055E3A-SegmentedRaftLog:OPENED:c-1:lastnull, conf=conf: {index: -1, cur=peers:[]|listeners:[], old=null} STARTING] size=2
  s7:  RUNNING [
   FOLLOWER s7@group-4EB49E3E6D70:t0, leader=null, voted=, raftlog=Memoized:s7@group-4EB49E3E6D70-SegmentedRaftLog:OPENED:c-1:lastnull, conf=conf: {index: -1, cur=peers:[]|listeners:[], old=null} STARTING
     LEADER s7@group-4CD87B055E3A:t1, leader=s7, voted=s7, raftlog=Memoized:s7@group-4CD87B055E3A-SegmentedRaftLog:OPENED:c120:last(t:1, i:120), conf=conf: {index: 0, cur=peers:[s7, s8, s9]|listeners:[], old=null} RUNNING] size=2
  s8:  RUNNING [
   FOLLOWER s8@group-4EB49E3E6D70:t0, leader=null, voted=, raftlog=Memoized:s8@group-4EB49E3E6D70-SegmentedRaftLog:OPENED:c-1:lastnull, conf=conf: {index: -1, cur=peers:[]|listeners:[], old=null} STARTING
   FOLLOWER s8@group-4CD87B055E3A:t1, leader=s7, voted=s7, raftlog=Memoized:s8@group-4CD87B055E3A-SegmentedRaftLog:OPENED:c120:last(t:1, i:120), conf=conf: {index: 0, cur=peers:[s7|, s8|, s9|]|listeners:[], old=null} RUNNING] size=2
  s9:  RUNNING [
   FOLLOWER s9@group-4EB49E3E6D70:t0, leader=null, voted=, raftlog=Memoized:s9@group-4EB49E3E6D70-SegmentedRaftLog:OPENED:c-1:lastnull, conf=conf: {index: -1, cur=peers:[]|listeners:[], old=null} STARTING
   FOLLOWER s9@group-4CD87B055E3A:t1, leader=s7, voted=s7, raftlog=Memoized:s9@group-4CD87B055E3A-SegmentedRaftLog:OPENED:c120:last(t:1, i:120), conf=conf: {index: 0, cur=peers:[s7|, s8|, s9|]|listeners:[], old=null} RUNNING] size=2
  s11:  RUNNING [
   FOLLOWER s11@group-4EB49E3E6D70:t0, leader=null, voted=, raftlog=Memoized:s11@group-4EB49E3E6D70-SegmentedRaftLog:OPENED:c-1:lastnull, conf=conf: {index: -1, cur=peers:[]|listeners:[], old=null} STARTING
   FOLLOWER s11@group-4CD87B055E3A:t0, leader=null, voted=, raftlog=Memoized:s11@group-4CD87B055E3A-SegmentedRaftLog:OPENED:c-1:lastnull, conf=conf: {index: -1, cur=peers:[]|listeners:[], old=null} STARTING] size=2
  s10:  RUNNING [
   FOLLOWER s10@group-4EB49E3E6D70:t0, leader=null, voted=, raftlog=Memoized:s10@group-4EB49E3E6D70-SegmentedRaftLog:OPENED:c-1:lastnull, conf=conf: {index: -1, cur=peers:[]|listeners:[], old=null} STARTING
   FOLLOWER s10@group-4CD87B055E3A:t0, leader=null, voted=, raftlog=Memoized:s10@group-4CD87B055E3A-SegmentedRaftLog:OPENED:c-1:lastnull, conf=conf: {index: -1, cur=peers:[]|listeners:[], old=null} STARTING] size=2
  s13:  RUNNING [
   FOLLOWER s13@group-4EB49E3E6D70:t0, leader=null, voted=, raftlog=Memoized:s13@group-4EB49E3E6D70-SegmentedRaftLog:OPENED:c-1:lastnull, conf=conf: {index: -1, cur=peers:[]|listeners:[], old=null} STARTING
   FOLLOWER s13@group-4CD87B055E3A:t0, leader=null, voted=, raftlog=Memoized:s13@group-4CD87B055E3A-SegmentedRaftLog:OPENED:c-1:lastnull, conf=conf: {index: -1, cur=peers:[]|listeners:[], old=null} STARTING] size=2
  s12:  RUNNING [
   FOLLOWER s12@group-4EB49E3E6D70:t0, leader=null, voted=, raftlog=Memoized:s12@group-4EB49E3E6D70-SegmentedRaftLog:OPENED:c-1:lastnull, conf=conf: {index: -1, cur=peers:[]|listeners:[], old=null} STARTING
   FOLLOWER s12@group-4CD87B055E3A:t0, leader=null, voted=, raftlog=Memoized:s12@group-4CD87B055E3A-SegmentedRaftLog:OPENED:c-1:lastnull, conf=conf: {index: -1, cur=peers:[]|listeners:[], old=null} STARTING] size=2
  s14:  RUNNING [
   FOLLOWER s14@group-4EB49E3E6D70:t0, leader=null, voted=, raftlog=Memoized:s14@group-4EB49E3E6D70-SegmentedRaftLog:OPENED:c-1:lastnull, conf=conf: {index: -1, cur=peers:[]|listeners:[], old=null} STARTING
   FOLLOWER s14@group-4CD87B055E3A:t0, leader=null, voted=, raftlog=Memoized:s14@group-4CD87B055E3A-SegmentedRaftLog:OPENED:c-1:lastnull, conf=conf: {index: -1, cur=peers:[]|listeners:[], old=null} STARTING] size=2
  s0:  RUNNING [
   FOLLOWER s0@group-4EB49E3E6D70:t0, leader=null, voted=, raftlog=Memoized:s0@group-4EB49E3E6D70-SegmentedRaftLog:OPENED:c-1:lastnull, conf=conf: {index: -1, cur=peers:[]|listeners:[], old=null} STARTING
   FOLLOWER s0@group-4CD87B055E3A:t1, leader=s7, voted=null, raftlog=Memoized:s0@group-4CD87B055E3A-SegmentedRaftLog:OPENED:c120:last(t:1, i:120), conf=conf: {index: 0, cur=peers:[s7|, s8|, s9|]|listeners:[], old=null} STARTING] size=2
  s1:  RUNNING [
   FOLLOWER s1@group-4EB49E3E6D70:t0, leader=null, voted=, raftlog=Memoized:s1@group-4EB49E3E6D70-SegmentedRaftLog:OPENED:c-1:lastnull, conf=conf: {index: -1, cur=peers:[]|listeners:[], old=null} STARTING
   FOLLOWER s1@group-4CD87B055E3A:t1, leader=s7, voted=null, raftlog=Memoized:s1@group-4CD87B055E3A-SegmentedRaftLog:OPENED:c120:last(t:1, i:120), conf=conf: {index: 0, cur=peers:[s7|, s8|, s9|]|listeners:[], old=null} STARTING] size=2
  s2:  RUNNING [
   FOLLOWER s2@group-4EB49E3E6D70:t0, leader=null, voted=, raftlog=Memoized:s2@group-4EB49E3E6D70-SegmentedRaftLog:OPENED:c-1:lastnull, conf=conf: {index: -1, cur=peers:[]|listeners:[], old=null} STARTING
   FOLLOWER s2@group-4CD87B055E3A:t0, leader=null, voted=, raftlog=Memoized:s2@group-4CD87B055E3A-SegmentedRaftLog:OPENED:c-1:lastnull, conf=conf: {index: -1, cur=peers:[]|listeners:[], old=null} STARTING] size=2
2024-10-31 03:24:56,041 INFO  server.RaftServer$Division (RaftServerImpl.java:setConfigurationAsync(1341)) - s9@group-4CD87B055E3A: receive setConfiguration SetConfigurationRequest:client-8FB543527D95->s9@group-4CD87B055E3A, cid=1984, seq=null, RW, null, SET_UNCONDITIONALLY, servers:[s7, s8, s9, s0, s1], listeners:[]
2024-10-31 03:24:56,142 INFO  server.RaftServer$Division (RaftServerImpl.java:setConfigurationAsync(1341)) - s7@group-4CD87B055E3A: receive setConfiguration SetConfigurationRequest:client-8FB543527D95->s7@group-4CD87B055E3A, cid=1984, seq=null, RW, null, SET_UNCONDITIONALLY, servers:[s7, s8, s9, s0, s1], listeners:[]
2024-10-31 03:24:56,243 INFO  server.RaftServer$Division (RaftServerImpl.java:setConfigurationAsync(1341)) - s9@group-4CD87B055E3A: receive setConfiguration SetConfigurationRequest:client-8FB543527D95->s9@group-4CD87B055E3A, cid=1984, seq=null, RW, null, SET_UNCONDITIONALLY, servers:[s7, s8, s9, s0, s1], listeners:[]
2024-10-31 03:24:56,343 INFO  server.RaftServer$Division (RaftServerImpl.java:setConfigurationAsync(1341)) - s7@group-4CD87B055E3A: receive setConfiguration SetConfigurationRequest:client-8FB543527D95->s7@group-4CD87B055E3A, cid=1984, seq=null, RW, null, SET_UNCONDITIONALLY, servers:[s7, s8, s9, s0, s1], listeners:[]
2024-10-31 03:24:56,443 INFO  server.RaftServer$Division (RaftServerImpl.java:setConfigurationAsync(1341)) - s9@group-4CD87B055E3A: receive setConfiguration SetConfigurationRequest:client-8FB543527D95->s9@group-4CD87B055E3A, cid=1984, seq=null, RW, null, SET_UNCONDITIONALLY, servers:[s7, s8, s9, s0, s1], listeners:[]
2024-10-31 03:24:56,544 INFO  server.RaftServer$Division (RaftServerImpl.java:setConfigurationAsync(1341)) - s7@group-4CD87B055E3A: receive setConfiguration SetConfigurationRequest:client-8FB543527D95->s7@group-4CD87B055E3A, cid=1984, seq=null, RW, null, SET_UNCONDITIONALLY, servers:[s7, s8, s9, s0, s1], listeners:[]
2024-10-31 03:24:56,644 INFO  server.RaftServer$Division (RaftServerImpl.java:setConfigurationAsync(1341)) - s9@group-4CD87B055E3A: receive setConfiguration SetConfigurationRequest:client-8FB543527D95->s9@group-4CD87B055E3A, cid=1984, seq=null, RW, null, SET_UNCONDITIONALLY, servers:[s7, s8, s9, s0, s1], listeners:[]
2024-10-31 03:24:56,745 INFO  server.RaftServer$Division (RaftServerImpl.java:setConfigurationAsync(1341)) - s7@group-4CD87B055E3A: receive setConfiguration SetConfigurationRequest:client-8FB543527D95->s7@group-4CD87B055E3A, cid=1984, seq=null, RW, null, SET_UNCONDITIONALLY, servers:[s7, s8, s9, s0, s1], listeners:[]
2024-10-31 03:24:56,845 INFO  server.RaftServer$Division (RaftServerImpl.java:setConfigurationAsync(1341)) - s8@group-4CD87B055E3A: receive setConfiguration SetConfigurationRequest:client-8FB543527D95->s8@group-4CD87B055E3A, cid=1984, seq=null, RW, null, SET_UNCONDITIONALLY, servers:[s7, s8, s9, s0, s1], listeners:[]
2024-10-31 03:24:56,945 INFO  server.RaftServer$Division (RaftServerImpl.java:setConfigurationAsync(1341)) - s7@group-4CD87B055E3A: receive setConfiguration SetConfigurationRequest:client-8FB543527D95->s7@group-4CD87B055E3A, cid=1984, seq=null, RW, null, SET_UNCONDITIONALLY, servers:[s7, s8, s9, s0, s1], listeners:[]
2024-10-31 03:24:57,046 INFO  server.RaftServer$Division (RaftServerImpl.java:setConfigurationAsync(1341)) - s8@group-4CD87B055E3A: receive setConfiguration SetConfigurationRequest:client-8FB543527D95->s8@group-4CD87B055E3A, cid=1984, seq=null, RW, null, SET_UNCONDITIONALLY, servers:[s7, s8, s9, s0, s1], listeners:[]
2024-10-31 03:24:57,146 INFO  server.RaftServer$Division (RaftServerImpl.java:setConfigurationAsync(1341)) - s7@group-4CD87B055E3A: receive setConfiguration SetConfigurationRequest:client-8FB543527D95->s7@group-4CD87B055E3A, cid=1984, seq=null, RW, null, SET_UNCONDITIONALLY, servers:[s7, s8, s9, s0, s1], listeners:[]
2024-10-31 03:24:57,247 INFO  server.RaftServer$Division (RaftServerImpl.java:setConfigurationAsync(1341)) - s9@group-4CD87B055E3A: receive setConfiguration SetConfigurationRequest:client-8FB543527D95->s9@group-4CD87B055E3A, cid=1984, seq=null, RW, null, SET_UNCONDITIONALLY, servers:[s7, s8, s9, s0, s1], listeners:[]
2024-10-31 03:24:57,347 INFO  server.RaftServer$Division (RaftServerImpl.java:setConfigurationAsync(1341)) - s7@group-4CD87B055E3A: receive setConfiguration SetConfigurationRequest:client-8FB543527D95->s7@group-4CD87B055E3A, cid=1984, seq=null, RW, null, SET_UNCONDITIONALLY, servers:[s7, s8, s9, s0, s1], listeners:[]
2024-10-31 03:24:57,448 INFO  server.RaftServer$Division (RaftServerImpl.java:setConfigurationAsync(1341)) - s8@group-4CD87B055E3A: receive setConfiguration SetConfigurationRequest:client-8FB543527D95->s8@group-4CD87B055E3A, cid=1984, seq=null, RW, null, SET_UNCONDITIONALLY, servers:[s7, s8, s9, s0, s1], listeners:[]
2024-10-31 03:24:57,548 INFO  server.RaftServer$Division (RaftServerImpl.java:setConfigurationAsync(1341)) - s7@group-4CD87B055E3A: receive setConfiguration SetConfigurationRequest:client-8FB543527D95->s7@group-4CD87B055E3A, cid=1984, seq=null, RW, null, SET_UNCONDITIONALLY, servers:[s7, s8, s9, s0, s1], listeners:[]
2024-10-31 03:24:57,648 INFO  server.RaftServer$Division (RaftServerImpl.java:setConfigurationAsync(1341)) - s8@group-4CD87B055E3A: receive setConfiguration SetConfigurationRequest:client-8FB543527D95->s8@group-4CD87B055E3A, cid=1984, seq=null, RW, null, SET_UNCONDITIONALLY, servers:[s7, s8, s9, s0, s1], listeners:[]
2024-10-31 03:24:57,749 INFO  server.RaftServer$Division (RaftServerImpl.java:setConfigurationAsync(1341)) - s7@group-4CD87B055E3A: receive setConfiguration SetConfigurationRequest:client-8FB543527D95->s7@group-4CD87B055E3A, cid=1984, seq=null, RW, null, SET_UNCONDITIONALLY, servers:[s7, s8, s9, s0, s1], listeners:[]
2024-10-31 03:24:57,849 INFO  server.RaftServer$Division (RaftServerImpl.java:setConfigurationAsync(1341)) - s8@group-4CD87B055E3A: receive setConfiguration SetConfigurationRequest:client-8FB543527D95->s8@group-4CD87B055E3A, cid=1984, seq=null, RW, null, SET_UNCONDITIONALLY, servers:[s7, s8, s9, s0, s1], listeners:[]
2024-10-31 03:24:57,950 INFO  server.RaftServer$Division (RaftServerImpl.java:setConfigurationAsync(1341)) - s7@group-4CD87B055E3A: receive setConfiguration SetConfigurationRequest:client-8FB543527D95->s7@group-4CD87B055E3A, cid=1984, seq=null, RW, null, SET_UNCONDITIONALLY, servers:[s7, s8, s9, s0, s1], listeners:[]
2024-10-31 03:24:58,050 INFO  server.RaftServer$Division (RaftServerImpl.java:setConfigurationAsync(1341)) - s8@group-4CD87B055E3A: receive setConfiguration SetConfigurationRequest:client-8FB543527D95->s8@group-4CD87B055E3A, cid=1984, seq=null, RW, null, SET_UNCONDITIONALLY, servers:[s7, s8, s9, s0, s1], listeners:[]
2024-10-31 03:24:58,151 INFO  server.RaftServer$Division (RaftServerImpl.java:setConfigurationAsync(1341)) - s7@group-4CD87B055E3A: receive setConfiguration SetConfigurationRequest:client-8FB543527D95->s7@group-4CD87B055E3A, cid=1984, seq=null, RW, null, SET_UNCONDITIONALLY, servers:[s7, s8, s9, s0, s1], listeners:[]
2024-10-31 03:24:58,251 INFO  server.RaftServer$Division (RaftServerImpl.java:setConfigurationAsync(1341)) - s9@group-4CD87B055E3A: receive setConfiguration SetConfigurationRequest:client-8FB543527D95->s9@group-4CD87B055E3A, cid=1984, seq=null, RW, null, SET_UNCONDITIONALLY, servers:[s7, s8, s9, s0, s1], listeners:[]
2024-10-31 03:24:58,351 INFO  server.RaftServer$Division (RaftServerImpl.java:setConfigurationAsync(1341)) - s7@group-4CD87B055E3A: receive setConfiguration SetConfigurationRequest:client-8FB543527D95->s7@group-4CD87B055E3A, cid=1984, seq=null, RW, null, SET_UNCONDITIONALLY, servers:[s7, s8, s9, s0, s1], listeners:[]
2024-10-31 03:24:58,452 INFO  server.RaftServer$Division (RaftServerImpl.java:setConfigurationAsync(1341)) - s8@group-4CD87B055E3A: receive setConfiguration SetConfigurationRequest:client-8FB543527D95->s8@group-4CD87B055E3A, cid=1984, seq=null, RW, null, SET_UNCONDITIONALLY, servers:[s7, s8, s9, s0, s1], listeners:[]
2024-10-31 03:24:58,552 INFO  server.RaftServer$Division (RaftServerImpl.java:setConfigurationAsync(1341)) - s7@group-4CD87B055E3A: receive setConfiguration SetConfigurationRequest:client-8FB543527D95->s7@group-4CD87B055E3A, cid=1984, seq=null, RW, null, SET_UNCONDITIONALLY, servers:[s7, s8, s9, s0, s1], listeners:[]
2024-10-31 03:24:58,653 INFO  server.RaftServer$Division (RaftServerImpl.java:setConfigurationAsync(1341)) - s8@group-4CD87B055E3A: receive setConfiguration SetConfigurationRequest:client-8FB543527D95->s8@group-4CD87B055E3A, cid=1984, seq=null, RW, null, SET_UNCONDITIONALLY, servers:[s7, s8, s9, s0, s1], listeners:[]
2024-10-31 03:24:58,753 INFO  server.RaftServer$Division (RaftServerImpl.java:setConfigurationAsync(1341)) - s7@group-4CD87B055E3A: receive setConfiguration SetConfigurationRequest:client-8FB543527D95->s7@group-4CD87B055E3A, cid=1984, seq=null, RW, null, SET_UNCONDITIONALLY, servers:[s7, s8, s9, s0, s1], listeners:[]
2024-10-31 03:24:58,854 INFO  server.RaftServer$Division (RaftServerImpl.java:setConfigurationAsync(1341)) - s8@group-4CD87B055E3A: receive setConfiguration SetConfigurationRequest:client-8FB543527D95->s8@group-4CD87B055E3A, cid=1984, seq=null, RW, null, SET_UNCONDITIONALLY, servers:[s7, s8, s9, s0, s1], listeners:[]
2024-10-31 03:24:58,954 INFO  server.RaftServer$Division (RaftServerImpl.java:setConfigurationAsync(1341)) - s7@group-4CD87B055E3A: receive setConfiguration SetConfigurationRequest:client-8FB543527D95->s7@group-4CD87B055E3A, cid=1984, seq=null, RW, null, SET_UNCONDITIONALLY, servers:[s7, s8, s9, s0, s1], listeners:[]
2024-10-31 03:24:59,055 INFO  server.RaftServer$Division (RaftServerImpl.java:setConfigurationAsync(1341)) - s9@group-4CD87B055E3A: receive setConfiguration SetConfigurationRequest:client-8FB543527D95->s9@group-4CD87B055E3A, cid=1984, seq=null, RW, null, SET_UNCONDITIONALLY, servers:[s7, s8, s9, s0, s1], listeners:[]
2024-10-31 03:24:59,155 INFO  server.RaftServer$Division (RaftServerImpl.java:setConfigurationAsync(1341)) - s7@group-4CD87B055E3A: receive setConfiguration SetConfigurationRequest:client-8FB543527D95->s7@group-4CD87B055E3A, cid=1984, seq=null, RW, null, SET_UNCONDITIONALLY, servers:[s7, s8, s9, s0, s1], listeners:[]
2024-10-31 03:24:59,255 INFO  server.RaftServer$Division (RaftServerImpl.java:setConfigurationAsync(1341)) - s9@group-4CD87B055E3A: receive setConfiguration SetConfigurationRequest:client-8FB543527D95->s9@group-4CD87B055E3A, cid=1984, seq=null, RW, null, SET_UNCONDITIONALLY, servers:[s7, s8, s9, s0, s1], listeners:[]
2024-10-31 03:24:59,356 INFO  server.RaftServer$Division (RaftServerImpl.java:setConfigurationAsync(1341)) - s7@group-4CD87B055E3A: receive setConfiguration SetConfigurationRequest:client-8FB543527D95->s7@group-4CD87B055E3A, cid=1984, seq=null, RW, null, SET_UNCONDITIONALLY, servers:[s7, s8, s9, s0, s1], listeners:[]
2024-10-31 03:24:59,457 INFO  server.RaftServer$Division (RaftServerImpl.java:setConfigurationAsync(1341)) - s9@group-4CD87B055E3A: receive setConfiguration SetConfigurationRequest:client-8FB543527D95->s9@group-4CD87B055E3A, cid=1984, seq=null, RW, null, SET_UNCONDITIONALLY, servers:[s7, s8, s9, s0, s1], listeners:[]
2024-10-31 03:24:59,557 INFO  server.RaftServer$Division (RaftServerImpl.java:setConfigurationAsync(1341)) - s7@group-4CD87B055E3A: receive setConfiguration SetConfigurationRequest:client-8FB543527D95->s7@group-4CD87B055E3A, cid=1984, seq=null, RW, null, SET_UNCONDITIONALLY, servers:[s7, s8, s9, s0, s1], listeners:[]
2024-10-31 03:24:59,657 INFO  server.RaftServer$Division (RaftServerImpl.java:setConfigurationAsync(1341)) - s9@group-4CD87B055E3A: receive setConfiguration SetConfigurationRequest:client-8FB543527D95->s9@group-4CD87B055E3A, cid=1984, seq=null, RW, null, SET_UNCONDITIONALLY, servers:[s7, s8, s9, s0, s1], listeners:[]
2024-10-31 03:24:59,758 INFO  server.RaftServer$Division (RaftServerImpl.java:setConfigurationAsync(1341)) - s7@group-4CD87B055E3A: receive setConfiguration SetConfigurationRequest:client-8FB543527D95->s7@group-4CD87B055E3A, cid=1984, seq=null, RW, null, SET_UNCONDITIONALLY, servers:[s7, s8, s9, s0, s1], listeners:[]
2024-10-31 03:24:59,858 INFO  server.RaftServer$Division (RaftServerImpl.java:setConfigurationAsync(1341)) - s8@group-4CD87B055E3A: receive setConfiguration SetConfigurationRequest:client-8FB543527D95->s8@group-4CD87B055E3A, cid=1984, seq=null, RW, null, SET_UNCONDITIONALLY, servers:[s7, s8, s9, s0, s1], listeners:[]
2024-10-31 03:24:59,959 INFO  server.RaftServer$Division (RaftServerImpl.java:setConfigurationAsync(1341)) - s7@group-4CD87B055E3A: receive setConfiguration SetConfigurationRequest:client-8FB543527D95->s7@group-4CD87B055E3A, cid=1984, seq=null, RW, null, SET_UNCONDITIONALLY, servers:[s7, s8, s9, s0, s1], listeners:[]
2024-10-31 03:25:00,059 INFO  server.RaftServer$Division (RaftServerImpl.java:setConfigurationAsync(1341)) - s8@group-4CD87B055E3A: receive setConfiguration SetConfigurationRequest:client-8FB543527D95->s8@group-4CD87B055E3A, cid=1984, seq=null, RW, null, SET_UNCONDITIONALLY, servers:[s7, s8, s9, s0, s1], listeners:[]
2024-10-31 03:25:00,160 INFO  server.RaftServer$Division (RaftServerImpl.java:setConfigurationAsync(1341)) - s7@group-4CD87B055E3A: receive setConfiguration SetConfigurationRequest:client-8FB543527D95->s7@group-4CD87B055E3A, cid=1984, seq=null, RW, null, SET_UNCONDITIONALLY, servers:[s7, s8, s9, s0, s1], listeners:[]
2024-10-31 03:25:00,260 INFO  server.RaftServer$Division (RaftServerImpl.java:setConfigurationAsync(1341)) - s9@group-4CD87B055E3A: receive setConfiguration SetConfigurationRequest:client-8FB543527D95->s9@group-4CD87B055E3A, cid=1984, seq=null, RW, null, SET_UNCONDITIONALLY, servers:[s7, s8, s9, s0, s1], listeners:[]
2024-10-31 03:25:00,361 INFO  server.RaftServer$Division (RaftServerImpl.java:setConfigurationAsync(1341)) - s7@group-4CD87B055E3A: receive setConfiguration SetConfigurationRequest:client-8FB543527D95->s7@group-4CD87B055E3A, cid=1984, seq=null, RW, null, SET_UNCONDITIONALLY, servers:[s7, s8, s9, s0, s1], listeners:[]
2024-10-31 03:25:00,461 INFO  server.RaftServer$Division (RaftServerImpl.java:setConfigurationAsync(1341)) - s8@group-4CD87B055E3A: receive setConfiguration SetConfigurationRequest:client-8FB543527D95->s8@group-4CD87B055E3A, cid=1984, seq=null, RW, null, SET_UNCONDITIONALLY, servers:[s7, s8, s9, s0, s1], listeners:[]
2024-10-31 03:25:00,562 INFO  server.RaftServer$Division (RaftServerImpl.java:setConfigurationAsync(1341)) - s7@group-4CD87B055E3A: receive setConfiguration SetConfigurationRequest:client-8FB543527D95->s7@group-4CD87B055E3A, cid=1984, seq=null, RW, null, SET_UNCONDITIONALLY, servers:[s7, s8, s9, s0, s1], listeners:[]
2024-10-31 03:25:00,662 INFO  server.RaftServer$Division (RaftServerImpl.java:setConfigurationAsync(1341)) - s9@group-4CD87B055E3A: receive setConfiguration SetConfigurationRequest:client-8FB543527D95->s9@group-4CD87B055E3A, cid=1984, seq=null, RW, null, SET_UNCONDITIONALLY, servers:[s7, s8, s9, s0, s1], listeners:[]
2024-10-31 03:25:00,762 INFO  server.RaftServer$Division (RaftServerImpl.java:setConfigurationAsync(1341)) - s7@group-4CD87B055E3A: receive setConfiguration SetConfigurationRequest:client-8FB543527D95->s7@group-4CD87B055E3A, cid=1984, seq=null, RW, null, SET_UNCONDITIONALLY, servers:[s7, s8, s9, s0, s1], listeners:[]
2024-10-31 03:25:00,863 INFO  server.RaftServer$Division (RaftServerImpl.java:setConfigurationAsync(1341)) - s8@group-4CD87B055E3A: receive setConfiguration SetConfigurationRequest:client-8FB543527D95->s8@group-4CD87B055E3A, cid=1984, seq=null, RW, null, SET_UNCONDITIONALLY, servers:[s7, s8, s9, s0, s1], listeners:[]
2024-10-31 03:25:00,963 INFO  server.RaftServer$Division (RaftServerImpl.java:setConfigurationAsync(1341)) - s7@group-4CD87B055E3A: receive setConfiguration SetConfigurationRequest:client-8FB543527D95->s7@group-4CD87B055E3A, cid=1984, seq=null, RW, null, SET_UNCONDITIONALLY, servers:[s7, s8, s9, s0, s1], listeners:[]
2024-10-31 03:25:01,064 INFO  server.RaftServer$Division (RaftServerImpl.java:setConfigurationAsync(1341)) - s9@group-4CD87B055E3A: receive setConfiguration SetConfigurationRequest:client-8FB543527D95->s9@group-4CD87B055E3A, cid=1984, seq=null, RW, null, SET_UNCONDITIONALLY, servers:[s7, s8, s9, s0, s1], listeners:[]
2024-10-31 03:25:01,164 INFO  server.RaftServer$Division (RaftServerImpl.java:setConfigurationAsync(1341)) - s7@group-4CD87B055E3A: receive setConfiguration SetConfigurationRequest:client-8FB543527D95->s7@group-4CD87B055E3A, cid=1984, seq=null, RW, null, SET_UNCONDITIONALLY, servers:[s7, s8, s9, s0, s1], listeners:[]
2024-10-31 03:25:01,265 INFO  server.RaftServer$Division (RaftServerImpl.java:setConfigurationAsync(1341)) - s8@group-4CD87B055E3A: receive setConfiguration SetConfigurationRequest:client-8FB543527D95->s8@group-4CD87B055E3A, cid=1984, seq=null, RW, null, SET_UNCONDITIONALLY, servers:[s7, s8, s9, s0, s1], listeners:[]
2024-10-31 03:25:01,365 INFO  server.RaftServer$Division (RaftServerImpl.java:setConfigurationAsync(1341)) - s7@group-4CD87B055E3A: receive setConfiguration SetConfigurationRequest:client-8FB543527D95->s7@group-4CD87B055E3A, cid=1984, seq=null, RW, null, SET_UNCONDITIONALLY, servers:[s7, s8, s9, s0, s1], listeners:[]
2024-10-31 03:25:01,466 INFO  server.RaftServer$Division (RaftServerImpl.java:setConfigurationAsync(1341)) - s8@group-4CD87B055E3A: receive setConfiguration SetConfigurationRequest:client-8FB543527D95->s8@group-4CD87B055E3A, cid=1984, seq=null, RW, null, SET_UNCONDITIONALLY, servers:[s7, s8, s9, s0, s1], listeners:[]
2024-10-31 03:25:01,566 INFO  server.RaftServer$Division (RaftServerImpl.java:setConfigurationAsync(1341)) - s7@group-4CD87B055E3A: receive setConfiguration SetConfigurationRequest:client-8FB543527D95->s7@group-4CD87B055E3A, cid=1984, seq=null, RW, null, SET_UNCONDITIONALLY, servers:[s7, s8, s9, s0, s1], listeners:[]
2024-10-31 03:25:01,666 INFO  server.RaftServer$Division (RaftServerImpl.java:setConfigurationAsync(1341)) - s9@group-4CD87B055E3A: receive setConfiguration SetConfigurationRequest:client-8FB543527D95->s9@group-4CD87B055E3A, cid=1984, seq=null, RW, null, SET_UNCONDITIONALLY, servers:[s7, s8, s9, s0, s1], listeners:[]
2024-10-31 03:25:01,767 INFO  server.RaftServer$Division (RaftServerImpl.java:setConfigurationAsync(1341)) - s7@group-4CD87B055E3A: receive setConfiguration SetConfigurationRequest:client-8FB543527D95->s7@group-4CD87B055E3A, cid=1984, seq=null, RW, null, SET_UNCONDITIONALLY, servers:[s7, s8, s9, s0, s1], listeners:[]
2024-10-31 03:25:01,867 INFO  server.RaftServer$Division (RaftServerImpl.java:setConfigurationAsync(1341)) - s8@group-4CD87B055E3A: receive setConfiguration SetConfigurationRequest:client-8FB543527D95->s8@group-4CD87B055E3A, cid=1984, seq=null, RW, null, SET_UNCONDITIONALLY, servers:[s7, s8, s9, s0, s1], listeners:[]
2024-10-31 03:25:01,968 INFO  server.RaftServer$Division (RaftServerImpl.java:setConfigurationAsync(1341)) - s7@group-4CD87B055E3A: receive setConfiguration SetConfigurationRequest:client-8FB543527D95->s7@group-4CD87B055E3A, cid=1984, seq=null, RW, null, SET_UNCONDITIONALLY, servers:[s7, s8, s9, s0, s1], listeners:[]
2024-10-31 03:25:02,068 INFO  server.RaftServer$Division (RaftServerImpl.java:setConfigurationAsync(1341)) - s9@group-4CD87B055E3A: receive setConfiguration SetConfigurationRequest:client-8FB543527D95->s9@group-4CD87B055E3A, cid=1984, seq=null, RW, null, SET_UNCONDITIONALLY, servers:[s7, s8, s9, s0, s1], listeners:[]
2024-10-31 03:25:02,168 INFO  server.RaftServer$Division (RaftServerImpl.java:setConfigurationAsync(1341)) - s7@group-4CD87B055E3A: receive setConfiguration SetConfigurationRequest:client-8FB543527D95->s7@group-4CD87B055E3A, cid=1984, seq=null, RW, null, SET_UNCONDITIONALLY, servers:[s7, s8, s9, s0, s1], listeners:[]
2024-10-31 03:25:02,269 INFO  server.RaftServer$Division (RaftServerImpl.java:setConfigurationAsync(1341)) - s9@group-4CD87B055E3A: receive setConfiguration SetConfigurationRequest:client-8FB543527D95->s9@group-4CD87B055E3A, cid=1984, seq=null, RW, null, SET_UNCONDITIONALLY, servers:[s7, s8, s9, s0, s1], listeners:[]
2024-10-31 03:25:02,369 INFO  server.RaftServer$Division (RaftServerImpl.java:setConfigurationAsync(1341)) - s7@group-4CD87B055E3A: receive setConfiguration SetConfigurationRequest:client-8FB543527D95->s7@group-4CD87B055E3A, cid=1984, seq=null, RW, null, SET_UNCONDITIONALLY, servers:[s7, s8, s9, s0, s1], listeners:[]
2024-10-31 03:25:02,470 INFO  server.RaftServer$Division (RaftServerImpl.java:setConfigurationAsync(1341)) - s8@group-4CD87B055E3A: receive setConfiguration SetConfigurationRequest:client-8FB543527D95->s8@group-4CD87B055E3A, cid=1984, seq=null, RW, null, SET_UNCONDITIONALLY, servers:[s7, s8, s9, s0, s1], listeners:[]
2024-10-31 03:25:02,570 INFO  server.RaftServer$Division (RaftServerImpl.java:setConfigurationAsync(1341)) - s7@group-4CD87B055E3A: receive setConfiguration SetConfigurationRequest:client-8FB543527D95->s7@group-4CD87B055E3A, cid=1984, seq=null, RW, null, SET_UNCONDITIONALLY, servers:[s7, s8, s9, s0, s1], listeners:[]
2024-10-31 03:25:02,671 INFO  server.RaftServer$Division (RaftServerImpl.java:setConfigurationAsync(1341)) - s8@group-4CD87B055E3A: receive setConfiguration SetConfigurationRequest:client-8FB543527D95->s8@group-4CD87B055E3A, cid=1984, seq=null, RW, null, SET_UNCONDITIONALLY, servers:[s7, s8, s9, s0, s1], listeners:[]
2024-10-31 03:25:02,771 INFO  server.RaftServer$Division (RaftServerImpl.java:setConfigurationAsync(1341)) - s7@group-4CD87B055E3A: receive setConfiguration SetConfigurationRequest:client-8FB543527D95->s7@group-4CD87B055E3A, cid=1984, seq=null, RW, null, SET_UNCONDITIONALLY, servers:[s7, s8, s9, s0, s1], listeners:[]
2024-10-31 03:25:02,872 INFO  server.RaftServer$Division (RaftServerImpl.java:setConfigurationAsync(1341)) - s9@group-4CD87B055E3A: receive setConfiguration SetConfigurationRequest:client-8FB543527D95->s9@group-4CD87B055E3A, cid=1984, seq=null, RW, null, SET_UNCONDITIONALLY, servers:[s7, s8, s9, s0, s1], listeners:[]
2024-10-31 03:25:02,972 INFO  server.RaftServer$Division (RaftServerImpl.java:setConfigurationAsync(1341)) - s7@group-4CD87B055E3A: receive setConfiguration SetConfigurationRequest:client-8FB543527D95->s7@group-4CD87B055E3A, cid=1984, seq=null, RW, null, SET_UNCONDITIONALLY, servers:[s7, s8, s9, s0, s1], listeners:[]
2024-10-31 03:25:03,072 INFO  server.RaftServer$Division (RaftServerImpl.java:setConfigurationAsync(1341)) - s8@group-4CD87B055E3A: receive setConfiguration SetConfigurationRequest:client-8FB543527D95->s8@group-4CD87B055E3A, cid=1984, seq=null, RW, null, SET_UNCONDITIONALLY, servers:[s7, s8, s9, s0, s1], listeners:[]
2024-10-31 03:25:03,173 INFO  server.RaftServer$Division (RaftServerImpl.java:setConfigurationAsync(1341)) - s7@group-4CD87B055E3A: receive setConfiguration SetConfigurationRequest:client-8FB543527D95->s7@group-4CD87B055E3A, cid=1984, seq=null, RW, null, SET_UNCONDITIONALLY, servers:[s7, s8, s9, s0, s1], listeners:[]
2024-10-31 03:25:03,273 INFO  server.RaftServer$Division (RaftServerImpl.java:setConfigurationAsync(1341)) - s9@group-4CD87B055E3A: receive setConfiguration SetConfigurationRequest:client-8FB543527D95->s9@group-4CD87B055E3A, cid=1984, seq=null, RW, null, SET_UNCONDITIONALLY, servers:[s7, s8, s9, s0, s1], listeners:[]
2024-10-31 03:25:03,374 INFO  server.RaftServer$Division (RaftServerImpl.java:setConfigurationAsync(1341)) - s7@group-4CD87B055E3A: receive setConfiguration SetConfigurationRequest:client-8FB543527D95->s7@group-4CD87B055E3A, cid=1984, seq=null, RW, null, SET_UNCONDITIONALLY, servers:[s7, s8, s9, s0, s1], listeners:[]
2024-10-31 03:25:03,474 INFO  server.RaftServer$Division (RaftServerImpl.java:setConfigurationAsync(1341)) - s9@group-4CD87B055E3A: receive setConfiguration SetConfigurationRequest:client-8FB543527D95->s9@group-4CD87B055E3A, cid=1984, seq=null, RW, null, SET_UNCONDITIONALLY, servers:[s7, s8, s9, s0, s1], listeners:[]
2024-10-31 03:25:03,575 INFO  server.RaftServer$Division (RaftServerImpl.java:setConfigurationAsync(1341)) - s7@group-4CD87B055E3A: receive setConfiguration SetConfigurationRequest:client-8FB543527D95->s7@group-4CD87B055E3A, cid=1984, seq=null, RW, null, SET_UNCONDITIONALLY, servers:[s7, s8, s9, s0, s1], listeners:[]
2024-10-31 03:25:03,675 INFO  server.RaftServer$Division (RaftServerImpl.java:setConfigurationAsync(1341)) - s9@group-4CD87B055E3A: receive setConfiguration SetConfigurationRequest:client-8FB543527D95->s9@group-4CD87B055E3A, cid=1984, seq=null, RW, null, SET_UNCONDITIONALLY, servers:[s7, s8, s9, s0, s1], listeners:[]
2024-10-31 03:25:03,776 INFO  server.RaftServer$Division (RaftServerImpl.java:setConfigurationAsync(1341)) - s7@group-4CD87B055E3A: receive setConfiguration SetConfigurationRequest:client-8FB543527D95->s7@group-4CD87B055E3A, cid=1984, seq=null, RW, null, SET_UNCONDITIONALLY, servers:[s7, s8, s9, s0, s1], listeners:[]
2024-10-31 03:25:03,876 INFO  server.RaftServer$Division (RaftServerImpl.java:setConfigurationAsync(1341)) - s9@group-4CD87B055E3A: receive setConfiguration SetConfigurationRequest:client-8FB543527D95->s9@group-4CD87B055E3A, cid=1984, seq=null, RW, null, SET_UNCONDITIONALLY, servers:[s7, s8, s9, s0, s1], listeners:[]
2024-10-31 03:25:03,976 INFO  server.RaftServer$Division (RaftServerImpl.java:setConfigurationAsync(1341)) - s7@group-4CD87B055E3A: receive setConfiguration SetConfigurationRequest:client-8FB543527D95->s7@group-4CD87B055E3A, cid=1984, seq=null, RW, null, SET_UNCONDITIONALLY, servers:[s7, s8, s9, s0, s1], listeners:[]
2024-10-31 03:25:04,077 INFO  server.RaftServer$Division (RaftServerImpl.java:setConfigurationAsync(1341)) - s8@group-4CD87B055E3A: receive setConfiguration SetConfigurationRequest:client-8FB543527D95->s8@group-4CD87B055E3A, cid=1984, seq=null, RW, null, SET_UNCONDITIONALLY, servers:[s7, s8, s9, s0, s1], listeners:[]
2024-10-31 03:25:04,177 INFO  server.RaftServer$Division (RaftServerImpl.java:setConfigurationAsync(1341)) - s7@group-4CD87B055E3A: receive setConfiguration SetConfigurationRequest:client-8FB543527D95->s7@group-4CD87B055E3A, cid=1984, seq=null, RW, null, SET_UNCONDITIONALLY, servers:[s7, s8, s9, s0, s1], listeners:[]
2024-10-31 03:25:04,278 INFO  server.RaftServer$Division (RaftServerImpl.java:setConfigurationAsync(1341)) - s8@group-4CD87B055E3A: receive setConfiguration SetConfigurationRequest:client-8FB543527D95->s8@group-4CD87B055E3A, cid=1984, seq=null, RW, null, SET_UNCONDITIONALLY, servers:[s7, s8, s9, s0, s1], listeners:[]
2024-10-31 03:25:04,378 INFO  server.RaftServer$Division (RaftServerImpl.java:setConfigurationAsync(1341)) - s7@group-4CD87B055E3A: receive setConfiguration SetConfigurationRequest:client-8FB543527D95->s7@group-4CD87B055E3A, cid=1984, seq=null, RW, null, SET_UNCONDITIONALLY, servers:[s7, s8, s9, s0, s1], listeners:[]
2024-10-31 03:25:04,479 INFO  server.RaftServer$Division (RaftServerImpl.java:setConfigurationAsync(1341)) - s8@group-4CD87B055E3A: receive setConfiguration SetConfigurationRequest:client-8FB543527D95->s8@group-4CD87B055E3A, cid=1984, seq=null, RW, null, SET_UNCONDITIONALLY, servers:[s7, s8, s9, s0, s1], listeners:[]
2024-10-31 03:25:04,579 INFO  server.RaftServer$Division (RaftServerImpl.java:setConfigurationAsync(1341)) - s7@group-4CD87B055E3A: receive setConfiguration SetConfigurationRequest:client-8FB543527D95->s7@group-4CD87B055E3A, cid=1984, seq=null, RW, null, SET_UNCONDITIONALLY, servers:[s7, s8, s9, s0, s1], listeners:[]
2024-10-31 03:25:04,680 INFO  server.RaftServer$Division (RaftServerImpl.java:setConfigurationAsync(1341)) - s8@group-4CD87B055E3A: receive setConfiguration SetConfigurationRequest:client-8FB543527D95->s8@group-4CD87B055E3A, cid=1984, seq=null, RW, null, SET_UNCONDITIONALLY, servers:[s7, s8, s9, s0, s1], listeners:[]
2024-10-31 03:25:04,780 INFO  server.RaftServer$Division (RaftServerImpl.java:setConfigurationAsync(1341)) - s7@group-4CD87B055E3A: receive setConfiguration SetConfigurationRequest:client-8FB543527D95->s7@group-4CD87B055E3A, cid=1984, seq=null, RW, null, SET_UNCONDITIONALLY, servers:[s7, s8, s9, s0, s1], listeners:[]
2024-10-31 03:25:04,881 INFO  server.RaftServer$Division (RaftServerImpl.java:setConfigurationAsync(1341)) - s8@group-4CD87B055E3A: receive setConfiguration SetConfigurationRequest:client-8FB543527D95->s8@group-4CD87B055E3A, cid=1984, seq=null, RW, null, SET_UNCONDITIONALLY, servers:[s7, s8, s9, s0, s1], listeners:[]
2024-10-31 03:25:04,981 INFO  server.RaftServer$Division (RaftServerImpl.java:setConfigurationAsync(1341)) - s7@group-4CD87B055E3A: receive setConfiguration SetConfigurationRequest:client-8FB543527D95->s7@group-4CD87B055E3A, cid=1984, seq=null, RW, null, SET_UNCONDITIONALLY, servers:[s7, s8, s9, s0, s1], listeners:[]
2024-10-31 03:25:05,081 INFO  server.RaftServer$Division (RaftServerImpl.java:setConfigurationAsync(1341)) - s9@group-4CD87B055E3A: receive setConfiguration SetConfigurationRequest:client-8FB543527D95->s9@group-4CD87B055E3A, cid=1984, seq=null, RW, null, SET_UNCONDITIONALLY, servers:[s7, s8, s9, s0, s1], listeners:[]
2024-10-31 03:25:05,182 INFO  server.RaftServer$Division (RaftServerImpl.java:setConfigurationAsync(1341)) - s7@group-4CD87B055E3A: receive setConfiguration SetConfigurationRequest:client-8FB543527D95->s7@group-4CD87B055E3A, cid=1984, seq=null, RW, null, SET_UNCONDITIONALLY, servers:[s7, s8, s9, s0, s1], listeners:[]
2024-10-31 03:25:05,282 INFO  server.RaftServer$Division (RaftServerImpl.java:setConfigurationAsync(1341)) - s8@group-4CD87B055E3A: receive setConfiguration SetConfigurationRequest:client-8FB543527D95->s8@group-4CD87B055E3A, cid=1984, seq=null, RW, null, SET_UNCONDITIONALLY, servers:[s7, s8, s9, s0, s1], listeners:[]
2024-10-31 03:25:05,383 INFO  server.RaftServer$Division (RaftServerImpl.java:setConfigurationAsync(1341)) - s7@group-4CD87B055E3A: receive setConfiguration SetConfigurationRequest:client-8FB543527D95->s7@group-4CD87B055E3A, cid=1984, seq=null, RW, null, SET_UNCONDITIONALLY, servers:[s7, s8, s9, s0, s1], listeners:[]
2024-10-31 03:25:05,483 INFO  server.RaftServer$Division (RaftServerImpl.java:setConfigurationAsync(1341)) - s8@group-4CD87B055E3A: receive setConfiguration SetConfigurationRequest:client-8FB543527D95->s8@group-4CD87B055E3A, cid=1984, seq=null, RW, null, SET_UNCONDITIONALLY, servers:[s7, s8, s9, s0, s1], listeners:[]
2024-10-31 03:25:05,584 INFO  server.RaftServer$Division (RaftServerImpl.java:setConfigurationAsync(1341)) - s7@group-4CD87B055E3A: receive setConfiguration SetConfigurationRequest:client-8FB543527D95->s7@group-4CD87B055E3A, cid=1984, seq=null, RW, null, SET_UNCONDITIONALLY, servers:[s7, s8, s9, s0, s1], listeners:[]
2024-10-31 03:25:05,684 INFO  server.RaftServer$Division (RaftServerImpl.java:setConfigurationAsync(1341)) - s9@group-4CD87B055E3A: receive setConfiguration SetConfigurationRequest:client-8FB543527D95->s9@group-4CD87B055E3A, cid=1984, seq=null, RW, null, SET_UNCONDITIONALLY, servers:[s7, s8, s9, s0, s1], listeners:[]
2024-10-31 03:25:05,785 INFO  server.RaftServer$Division (RaftServerImpl.java:setConfigurationAsync(1341)) - s7@group-4CD87B055E3A: receive setConfiguration SetConfigurationRequest:client-8FB543527D95->s7@group-4CD87B055E3A, cid=1984, seq=null, RW, null, SET_UNCONDITIONALLY, servers:[s7, s8, s9, s0, s1], listeners:[]
2024-10-31 03:25:05,885 INFO  server.RaftServer$Division (RaftServerImpl.java:setConfigurationAsync(1341)) - s9@group-4CD87B055E3A: receive setConfiguration SetConfigurationRequest:client-8FB543527D95->s9@group-4CD87B055E3A, cid=1984, seq=null, RW, null, SET_UNCONDITIONALLY, servers:[s7, s8, s9, s0, s1], listeners:[]
2024-10-31 03:25:05,986 INFO  server.RaftServer$Division (RaftServerImpl.java:setConfigurationAsync(1341)) - s7@group-4CD87B055E3A: receive setConfiguration SetConfigurationRequest:client-8FB543527D95->s7@group-4CD87B055E3A, cid=1984, seq=null, RW, null, SET_UNCONDITIONALLY, servers:[s7, s8, s9, s0, s1], listeners:[]
2024-10-31 03:25:05,993 INFO  impl.MiniRaftCluster (MiniRaftCluster.java:lambda$null$7(362)) - TIMED-PRINT: printing ALL groups
  s3:  RUNNING [
   FOLLOWER s3@group-4EB49E3E6D70:t0, leader=null, voted=, raftlog=Memoized:s3@group-4EB49E3E6D70-SegmentedRaftLog:OPENED:c-1:lastnull, conf=conf: {index: -1, cur=peers:[]|listeners:[], old=null} STARTING
   FOLLOWER s3@group-4CD87B055E3A:t0, leader=null, voted=, raftlog=Memoized:s3@group-4CD87B055E3A-SegmentedRaftLog:OPENED:c-1:lastnull, conf=conf: {index: -1, cur=peers:[]|listeners:[], old=null} STARTING] size=2
  s4:  RUNNING [
   FOLLOWER s4@group-4EB49E3E6D70:t0, leader=null, voted=, raftlog=Memoized:s4@group-4EB49E3E6D70-SegmentedRaftLog:OPENED:c-1:lastnull, conf=conf: {index: -1, cur=peers:[]|listeners:[], old=null} STARTING
   FOLLOWER s4@group-4CD87B055E3A:t0, leader=null, voted=, raftlog=Memoized:s4@group-4CD87B055E3A-SegmentedRaftLog:OPENED:c-1:lastnull, conf=conf: {index: -1, cur=peers:[]|listeners:[], old=null} STARTING] size=2
  s5:  RUNNING [
   FOLLOWER s5@group-4EB49E3E6D70:t0, leader=null, voted=, raftlog=Memoized:s5@group-4EB49E3E6D70-SegmentedRaftLog:OPENED:c-1:lastnull, conf=conf: {index: -1, cur=peers:[]|listeners:[], old=null} STARTING
   FOLLOWER s5@group-4CD87B055E3A:t0, leader=null, voted=, raftlog=Memoized:s5@group-4CD87B055E3A-SegmentedRaftLog:OPENED:c-1:lastnull, conf=conf: {index: -1, cur=peers:[]|listeners:[], old=null} STARTING] size=2
  s6:  RUNNING [
   FOLLOWER s6@group-4EB49E3E6D70:t0, leader=null, voted=, raftlog=Memoized:s6@group-4EB49E3E6D70-SegmentedRaftLog:OPENED:c-1:lastnull, conf=conf: {index: -1, cur=peers:[]|listeners:[], old=null} STARTING
   FOLLOWER s6@group-4CD87B055E3A:t0, leader=null, voted=, raftlog=Memoized:s6@group-4CD87B055E3A-SegmentedRaftLog:OPENED:c-1:lastnull, conf=conf: {index: -1, cur=peers:[]|listeners:[], old=null} STARTING] size=2
  s7:  RUNNING [
   FOLLOWER s7@group-4EB49E3E6D70:t0, leader=null, voted=, raftlog=Memoized:s7@group-4EB49E3E6D70-SegmentedRaftLog:OPENED:c-1:lastnull, conf=conf: {index: -1, cur=peers:[]|listeners:[], old=null} STARTING
     LEADER s7@group-4CD87B055E3A:t1, leader=s7, voted=s7, raftlog=Memoized:s7@group-4CD87B055E3A-SegmentedRaftLog:OPENED:c120:last(t:1, i:120), conf=conf: {index: 0, cur=peers:[s7, s8, s9]|listeners:[], old=null} RUNNING] size=2
  s8:  RUNNING [
   FOLLOWER s8@group-4EB49E3E6D70:t0, leader=null, voted=, raftlog=Memoized:s8@group-4EB49E3E6D70-SegmentedRaftLog:OPENED:c-1:lastnull, conf=conf: {index: -1, cur=peers:[]|listeners:[], old=null} STARTING
   FOLLOWER s8@group-4CD87B055E3A:t1, leader=s7, voted=s7, raftlog=Memoized:s8@group-4CD87B055E3A-SegmentedRaftLog:OPENED:c120:last(t:1, i:120), conf=conf: {index: 0, cur=peers:[s7|, s8|, s9|]|listeners:[], old=null} RUNNING] size=2
  s9:  RUNNING [
   FOLLOWER s9@group-4EB49E3E6D70:t0, leader=null, voted=, raftlog=Memoized:s9@group-4EB49E3E6D70-SegmentedRaftLog:OPENED:c-1:lastnull, conf=conf: {index: -1, cur=peers:[]|listeners:[], old=null} STARTING
   FOLLOWER s9@group-4CD87B055E3A:t1, leader=s7, voted=s7, raftlog=Memoized:s9@group-4CD87B055E3A-SegmentedRaftLog:OPENED:c120:last(t:1, i:120), conf=conf: {index: 0, cur=peers:[s7|, s8|, s9|]|listeners:[], old=null} RUNNING] size=2
  s11:  RUNNING [
   FOLLOWER s11@group-4EB49E3E6D70:t0, leader=null, voted=, raftlog=Memoized:s11@group-4EB49E3E6D70-SegmentedRaftLog:OPENED:c-1:lastnull, conf=conf: {index: -1, cur=peers:[]|listeners:[], old=null} STARTING
   FOLLOWER s11@group-4CD87B055E3A:t0, leader=null, voted=, raftlog=Memoized:s11@group-4CD87B055E3A-SegmentedRaftLog:OPENED:c-1:lastnull, conf=conf: {index: -1, cur=peers:[]|listeners:[], old=null} STARTING] size=2
  s10:  RUNNING [
   FOLLOWER s10@group-4EB49E3E6D70:t0, leader=null, voted=, raftlog=Memoized:s10@group-4EB49E3E6D70-SegmentedRaftLog:OPENED:c-1:lastnull, conf=conf: {index: -1, cur=peers:[]|listeners:[], old=null} STARTING
   FOLLOWER s10@group-4CD87B055E3A:t0, leader=null, voted=, raftlog=Memoized:s10@group-4CD87B055E3A-SegmentedRaftLog:OPENED:c-1:lastnull, conf=conf: {index: -1, cur=peers:[]|listeners:[], old=null} STARTING] size=2
  s13:  RUNNING [
   FOLLOWER s13@group-4EB49E3E6D70:t0, leader=null, voted=, raftlog=Memoized:s13@group-4EB49E3E6D70-SegmentedRaftLog:OPENED:c-1:lastnull, conf=conf: {index: -1, cur=peers:[]|listeners:[], old=null} STARTING
   FOLLOWER s13@group-4CD87B055E3A:t0, leader=null, voted=, raftlog=Memoized:s13@group-4CD87B055E3A-SegmentedRaftLog:OPENED:c-1:lastnull, conf=conf: {index: -1, cur=peers:[]|listeners:[], old=null} STARTING] size=2
  s12:  RUNNING [
   FOLLOWER s12@group-4EB49E3E6D70:t0, leader=null, voted=, raftlog=Memoized:s12@group-4EB49E3E6D70-SegmentedRaftLog:OPENED:c-1:lastnull, conf=conf: {index: -1, cur=peers:[]|listeners:[], old=null} STARTING
   FOLLOWER s12@group-4CD87B055E3A:t0, leader=null, voted=, raftlog=Memoized:s12@group-4CD87B055E3A-SegmentedRaftLog:OPENED:c-1:lastnull, conf=conf: {index: -1, cur=peers:[]|listeners:[], old=null} STARTING] size=2
  s14:  RUNNING [
   FOLLOWER s14@group-4EB49E3E6D70:t0, leader=null, voted=, raftlog=Memoized:s14@group-4EB49E3E6D70-SegmentedRaftLog:OPENED:c-1:lastnull, conf=conf: {index: -1, cur=peers:[]|listeners:[], old=null} STARTING
   FOLLOWER s14@group-4CD87B055E3A:t0, leader=null, voted=, raftlog=Memoized:s14@group-4CD87B055E3A-SegmentedRaftLog:OPENED:c-1:lastnull, conf=conf: {index: -1, cur=peers:[]|listeners:[], old=null} STARTING] size=2
  s0:  RUNNING [
   FOLLOWER s0@group-4EB49E3E6D70:t0, leader=null, voted=, raftlog=Memoized:s0@group-4EB49E3E6D70-SegmentedRaftLog:OPENED:c-1:lastnull, conf=conf: {index: -1, cur=peers:[]|listeners:[], old=null} STARTING
   FOLLOWER s0@group-4CD87B055E3A:t1, leader=s7, voted=null, raftlog=Memoized:s0@group-4CD87B055E3A-SegmentedRaftLog:OPENED:c120:last(t:1, i:120), conf=conf: {index: 0, cur=peers:[s7|, s8|, s9|]|listeners:[], old=null} STARTING] size=2
  s1:  RUNNING [
   FOLLOWER s1@group-4EB49E3E6D70:t0, leader=null, voted=, raftlog=Memoized:s1@group-4EB49E3E6D70-SegmentedRaftLog:OPENED:c-1:lastnull, conf=conf: {index: -1, cur=peers:[]|listeners:[], old=null} STARTING
   FOLLOWER s1@group-4CD87B055E3A:t1, leader=s7, voted=null, raftlog=Memoized:s1@group-4CD87B055E3A-SegmentedRaftLog:OPENED:c120:last(t:1, i:120), conf=conf: {index: 0, cur=peers:[s7|, s8|, s9|]|listeners:[], old=null} STARTING] size=2
  s2:  RUNNING [
   FOLLOWER s2@group-4EB49E3E6D70:t0, leader=null, voted=, raftlog=Memoized:s2@group-4EB49E3E6D70-SegmentedRaftLog:OPENED:c-1:lastnull, conf=conf: {index: -1, cur=peers:[]|listeners:[], old=null} STARTING
   FOLLOWER s2@group-4CD87B055E3A:t0, leader=null, voted=, raftlog=Memoized:s2@group-4CD87B055E3A-SegmentedRaftLog:OPENED:c-1:lastnull, conf=conf: {index: -1, cur=peers:[]|listeners:[], old=null} STARTING] size=2
2024-10-31 03:25:06,086 INFO  server.RaftServer$Division (RaftServerImpl.java:setConfigurationAsync(1341)) - s9@group-4CD87B055E3A: receive setConfiguration SetConfigurationRequest:client-8FB543527D95->s9@group-4CD87B055E3A, cid=1984, seq=null, RW, null, SET_UNCONDITIONALLY, servers:[s7, s8, s9, s0, s1], listeners:[]
2024-10-31 03:25:06,187 INFO  server.RaftServer$Division (RaftServerImpl.java:setConfigurationAsync(1341)) - s7@group-4CD87B055E3A: receive setConfiguration SetConfigurationRequest:client-8FB543527D95->s7@group-4CD87B055E3A, cid=1984, seq=null, RW, null, SET_UNCONDITIONALLY, servers:[s7, s8, s9, s0, s1], listeners:[]
2024-10-31 03:25:06,288 INFO  server.RaftServer$Division (RaftServerImpl.java:setConfigurationAsync(1341)) - s9@group-4CD87B055E3A: receive setConfiguration SetConfigurationRequest:client-8FB543527D95->s9@group-4CD87B055E3A, cid=1984, seq=null, RW, null, SET_UNCONDITIONALLY, servers:[s7, s8, s9, s0, s1], listeners:[]
2024-10-31 03:25:06,388 INFO  server.RaftServer$Division (RaftServerImpl.java:setConfigurationAsync(1341)) - s7@group-4CD87B055E3A: receive setConfiguration SetConfigurationRequest:client-8FB543527D95->s7@group-4CD87B055E3A, cid=1984, seq=null, RW, null, SET_UNCONDITIONALLY, servers:[s7, s8, s9, s0, s1], listeners:[]
2024-10-31 03:25:06,489 INFO  server.RaftServer$Division (RaftServerImpl.java:setConfigurationAsync(1341)) - s8@group-4CD87B055E3A: receive setConfiguration SetConfigurationRequest:client-8FB543527D95->s8@group-4CD87B055E3A, cid=1984, seq=null, RW, null, SET_UNCONDITIONALLY, servers:[s7, s8, s9, s0, s1], listeners:[]
2024-10-31 03:25:06,589 INFO  server.RaftServer$Division (RaftServerImpl.java:setConfigurationAsync(1341)) - s7@group-4CD87B055E3A: receive setConfiguration SetConfigurationRequest:client-8FB543527D95->s7@group-4CD87B055E3A, cid=1984, seq=null, RW, null, SET_UNCONDITIONALLY, servers:[s7, s8, s9, s0, s1], listeners:[]
2024-10-31 03:25:06,689 INFO  server.RaftServer$Division (RaftServerImpl.java:setConfigurationAsync(1341)) - s9@group-4CD87B055E3A: receive setConfiguration SetConfigurationRequest:client-8FB543527D95->s9@group-4CD87B055E3A, cid=1984, seq=null, RW, null, SET_UNCONDITIONALLY, servers:[s7, s8, s9, s0, s1], listeners:[]
2024-10-31 03:25:06,790 INFO  server.RaftServer$Division (RaftServerImpl.java:setConfigurationAsync(1341)) - s7@group-4CD87B055E3A: receive setConfiguration SetConfigurationRequest:client-8FB543527D95->s7@group-4CD87B055E3A, cid=1984, seq=null, RW, null, SET_UNCONDITIONALLY, servers:[s7, s8, s9, s0, s1], listeners:[]
2024-10-31 03:25:06,890 INFO  server.RaftServer$Division (RaftServerImpl.java:setConfigurationAsync(1341)) - s8@group-4CD87B055E3A: receive setConfiguration SetConfigurationRequest:client-8FB543527D95->s8@group-4CD87B055E3A, cid=1984, seq=null, RW, null, SET_UNCONDITIONALLY, servers:[s7, s8, s9, s0, s1], listeners:[]
2024-10-31 03:25:06,991 INFO  server.RaftServer$Division (RaftServerImpl.java:setConfigurationAsync(1341)) - s7@group-4CD87B055E3A: receive setConfiguration SetConfigurationRequest:client-8FB543527D95->s7@group-4CD87B055E3A, cid=1984, seq=null, RW, null, SET_UNCONDITIONALLY, servers:[s7, s8, s9, s0, s1], listeners:[]
2024-10-31 03:25:07,091 INFO  server.RaftServer$Division (RaftServerImpl.java:setConfigurationAsync(1341)) - s9@group-4CD87B055E3A: receive setConfiguration SetConfigurationRequest:client-8FB543527D95->s9@group-4CD87B055E3A, cid=1984, seq=null, RW, null, SET_UNCONDITIONALLY, servers:[s7, s8, s9, s0, s1], listeners:[]
2024-10-31 03:25:07,192 INFO  server.RaftServer$Division (RaftServerImpl.java:setConfigurationAsync(1341)) - s7@group-4CD87B055E3A: receive setConfiguration SetConfigurationRequest:client-8FB543527D95->s7@group-4CD87B055E3A, cid=1984, seq=null, RW, null, SET_UNCONDITIONALLY, servers:[s7, s8, s9, s0, s1], listeners:[]
2024-10-31 03:25:07,292 INFO  server.RaftServer$Division (RaftServerImpl.java:setConfigurationAsync(1341)) - s9@group-4CD87B055E3A: receive setConfiguration SetConfigurationRequest:client-8FB543527D95->s9@group-4CD87B055E3A, cid=1984, seq=null, RW, null, SET_UNCONDITIONALLY, servers:[s7, s8, s9, s0, s1], listeners:[]
2024-10-31 03:25:07,393 INFO  server.RaftServer$Division (RaftServerImpl.java:setConfigurationAsync(1341)) - s7@group-4CD87B055E3A: receive setConfiguration SetConfigurationRequest:client-8FB543527D95->s7@group-4CD87B055E3A, cid=1984, seq=null, RW, null, SET_UNCONDITIONALLY, servers:[s7, s8, s9, s0, s1], listeners:[]
2024-10-31 03:25:07,493 INFO  server.RaftServer$Division (RaftServerImpl.java:setConfigurationAsync(1341)) - s8@group-4CD87B055E3A: receive setConfiguration SetConfigurationRequest:client-8FB543527D95->s8@group-4CD87B055E3A, cid=1984, seq=null, RW, null, SET_UNCONDITIONALLY, servers:[s7, s8, s9, s0, s1], listeners:[]
2024-10-31 03:25:07,594 INFO  server.RaftServer$Division (RaftServerImpl.java:setConfigurationAsync(1341)) - s7@group-4CD87B055E3A: receive setConfiguration SetConfigurationRequest:client-8FB543527D95->s7@group-4CD87B055E3A, cid=1984, seq=null, RW, null, SET_UNCONDITIONALLY, servers:[s7, s8, s9, s0, s1], listeners:[]
2024-10-31 03:25:07,694 INFO  server.RaftServer$Division (RaftServerImpl.java:setConfigurationAsync(1341)) - s9@group-4CD87B055E3A: receive setConfiguration SetConfigurationRequest:client-8FB543527D95->s9@group-4CD87B055E3A, cid=1984, seq=null, RW, null, SET_UNCONDITIONALLY, servers:[s7, s8, s9, s0, s1], listeners:[]
2024-10-31 03:25:07,795 INFO  server.RaftServer$Division (RaftServerImpl.java:setConfigurationAsync(1341)) - s7@group-4CD87B055E3A: receive setConfiguration SetConfigurationRequest:client-8FB543527D95->s7@group-4CD87B055E3A, cid=1984, seq=null, RW, null, SET_UNCONDITIONALLY, servers:[s7, s8, s9, s0, s1], listeners:[]
2024-10-31 03:25:07,895 INFO  server.RaftServer$Division (RaftServerImpl.java:setConfigurationAsync(1341)) - s9@group-4CD87B055E3A: receive setConfiguration SetConfigurationRequest:client-8FB543527D95->s9@group-4CD87B055E3A, cid=1984, seq=null, RW, null, SET_UNCONDITIONALLY, servers:[s7, s8, s9, s0, s1], listeners:[]
2024-10-31 03:25:07,996 INFO  server.RaftServer$Division (RaftServerImpl.java:setConfigurationAsync(1341)) - s7@group-4CD87B055E3A: receive setConfiguration SetConfigurationRequest:client-8FB543527D95->s7@group-4CD87B055E3A, cid=1984, seq=null, RW, null, SET_UNCONDITIONALLY, servers:[s7, s8, s9, s0, s1], listeners:[]
2024-10-31 03:25:08,096 INFO  server.RaftServer$Division (RaftServerImpl.java:setConfigurationAsync(1341)) - s9@group-4CD87B055E3A: receive setConfiguration SetConfigurationRequest:client-8FB543527D95->s9@group-4CD87B055E3A, cid=1984, seq=null, RW, null, SET_UNCONDITIONALLY, servers:[s7, s8, s9, s0, s1], listeners:[]
2024-10-31 03:25:08,197 INFO  server.RaftServer$Division (RaftServerImpl.java:setConfigurationAsync(1341)) - s7@group-4CD87B055E3A: receive setConfiguration SetConfigurationRequest:client-8FB543527D95->s7@group-4CD87B055E3A, cid=1984, seq=null, RW, null, SET_UNCONDITIONALLY, servers:[s7, s8, s9, s0, s1], listeners:[]
2024-10-31 03:25:08,297 INFO  server.RaftServer$Division (RaftServerImpl.java:setConfigurationAsync(1341)) - s9@group-4CD87B055E3A: receive setConfiguration SetConfigurationRequest:client-8FB543527D95->s9@group-4CD87B055E3A, cid=1984, seq=null, RW, null, SET_UNCONDITIONALLY, servers:[s7, s8, s9, s0, s1], listeners:[]
2024-10-31 03:25:08,398 INFO  server.RaftServer$Division (RaftServerImpl.java:setConfigurationAsync(1341)) - s7@group-4CD87B055E3A: receive setConfiguration SetConfigurationRequest:client-8FB543527D95->s7@group-4CD87B055E3A, cid=1984, seq=null, RW, null, SET_UNCONDITIONALLY, servers:[s7, s8, s9, s0, s1], listeners:[]
2024-10-31 03:25:08,498 INFO  server.RaftServer$Division (RaftServerImpl.java:setConfigurationAsync(1341)) - s8@group-4CD87B055E3A: receive setConfiguration SetConfigurationRequest:client-8FB543527D95->s8@group-4CD87B055E3A, cid=1984, seq=null, RW, null, SET_UNCONDITIONALLY, servers:[s7, s8, s9, s0, s1], listeners:[]
2024-10-31 03:25:08,598 INFO  server.RaftServer$Division (RaftServerImpl.java:setConfigurationAsync(1341)) - s7@group-4CD87B055E3A: receive setConfiguration SetConfigurationRequest:client-8FB543527D95->s7@group-4CD87B055E3A, cid=1984, seq=null, RW, null, SET_UNCONDITIONALLY, servers:[s7, s8, s9, s0, s1], listeners:[]
2024-10-31 03:25:08,699 INFO  server.RaftServer$Division (RaftServerImpl.java:setConfigurationAsync(1341)) - s9@group-4CD87B055E3A: receive setConfiguration SetConfigurationRequest:client-8FB543527D95->s9@group-4CD87B055E3A, cid=1984, seq=null, RW, null, SET_UNCONDITIONALLY, servers:[s7, s8, s9, s0, s1], listeners:[]
2024-10-31 03:25:08,799 INFO  server.RaftServer$Division (RaftServerImpl.java:setConfigurationAsync(1341)) - s7@group-4CD87B055E3A: receive setConfiguration SetConfigurationRequest:client-8FB543527D95->s7@group-4CD87B055E3A, cid=1984, seq=null, RW, null, SET_UNCONDITIONALLY, servers:[s7, s8, s9, s0, s1], listeners:[]
2024-10-31 03:25:08,900 INFO  server.RaftServer$Division (RaftServerImpl.java:setConfigurationAsync(1341)) - s9@group-4CD87B055E3A: receive setConfiguration SetConfigurationRequest:client-8FB543527D95->s9@group-4CD87B055E3A, cid=1984, seq=null, RW, null, SET_UNCONDITIONALLY, servers:[s7, s8, s9, s0, s1], listeners:[]
2024-10-31 03:25:09,000 INFO  server.RaftServer$Division (RaftServerImpl.java:setConfigurationAsync(1341)) - s7@group-4CD87B055E3A: receive setConfiguration SetConfigurationRequest:client-8FB543527D95->s7@group-4CD87B055E3A, cid=1984, seq=null, RW, null, SET_UNCONDITIONALLY, servers:[s7, s8, s9, s0, s1], listeners:[]
2024-10-31 03:25:09,101 INFO  server.RaftServer$Division (RaftServerImpl.java:setConfigurationAsync(1341)) - s8@group-4CD87B055E3A: receive setConfiguration SetConfigurationRequest:client-8FB543527D95->s8@group-4CD87B055E3A, cid=1984, seq=null, RW, null, SET_UNCONDITIONALLY, servers:[s7, s8, s9, s0, s1], listeners:[]
2024-10-31 03:25:09,201 INFO  server.RaftServer$Division (RaftServerImpl.java:setConfigurationAsync(1341)) - s7@group-4CD87B055E3A: receive setConfiguration SetConfigurationRequest:client-8FB543527D95->s7@group-4CD87B055E3A, cid=1984, seq=null, RW, null, SET_UNCONDITIONALLY, servers:[s7, s8, s9, s0, s1], listeners:[]
2024-10-31 03:25:09,302 INFO  server.RaftServer$Division (RaftServerImpl.java:setConfigurationAsync(1341)) - s8@group-4CD87B055E3A: receive setConfiguration SetConfigurationRequest:client-8FB543527D95->s8@group-4CD87B055E3A, cid=1984, seq=null, RW, null, SET_UNCONDITIONALLY, servers:[s7, s8, s9, s0, s1], listeners:[]
2024-10-31 03:25:09,402 INFO  server.RaftServer$Division (RaftServerImpl.java:setConfigurationAsync(1341)) - s7@group-4CD87B055E3A: receive setConfiguration SetConfigurationRequest:client-8FB543527D95->s7@group-4CD87B055E3A, cid=1984, seq=null, RW, null, SET_UNCONDITIONALLY, servers:[s7, s8, s9, s0, s1], listeners:[]
2024-10-31 03:25:09,503 INFO  server.RaftServer$Division (RaftServerImpl.java:setConfigurationAsync(1341)) - s9@group-4CD87B055E3A: receive setConfiguration SetConfigurationRequest:client-8FB543527D95->s9@group-4CD87B055E3A, cid=1984, seq=null, RW, null, SET_UNCONDITIONALLY, servers:[s7, s8, s9, s0, s1], listeners:[]
2024-10-31 03:25:09,603 INFO  server.RaftServer$Division (RaftServerImpl.java:setConfigurationAsync(1341)) - s7@group-4CD87B055E3A: receive setConfiguration SetConfigurationRequest:client-8FB543527D95->s7@group-4CD87B055E3A, cid=1984, seq=null, RW, null, SET_UNCONDITIONALLY, servers:[s7, s8, s9, s0, s1], listeners:[]
2024-10-31 03:25:09,704 INFO  server.RaftServer$Division (RaftServerImpl.java:setConfigurationAsync(1341)) - s8@group-4CD87B055E3A: receive setConfiguration SetConfigurationRequest:client-8FB543527D95->s8@group-4CD87B055E3A, cid=1984, seq=null, RW, null, SET_UNCONDITIONALLY, servers:[s7, s8, s9, s0, s1], listeners:[]
2024-10-31 03:25:09,804 INFO  server.RaftServer$Division (RaftServerImpl.java:setConfigurationAsync(1341)) - s7@group-4CD87B055E3A: receive setConfiguration SetConfigurationRequest:client-8FB543527D95->s7@group-4CD87B055E3A, cid=1984, seq=null, RW, null, SET_UNCONDITIONALLY, servers:[s7, s8, s9, s0, s1], listeners:[]
2024-10-31 03:25:09,905 INFO  server.RaftServer$Division (RaftServerImpl.java:setConfigurationAsync(1341)) - s8@group-4CD87B055E3A: receive setConfiguration SetConfigurationRequest:client-8FB543527D95->s8@group-4CD87B055E3A, cid=1984, seq=null, RW, null, SET_UNCONDITIONALLY, servers:[s7, s8, s9, s0, s1], listeners:[]
2024-10-31 03:25:10,005 INFO  server.RaftServer$Division (RaftServerImpl.java:setConfigurationAsync(1341)) - s7@group-4CD87B055E3A: receive setConfiguration SetConfigurationRequest:client-8FB543527D95->s7@group-4CD87B055E3A, cid=1984, seq=null, RW, null, SET_UNCONDITIONALLY, servers:[s7, s8, s9, s0, s1], listeners:[]
2024-10-31 03:25:10,106 INFO  server.RaftServer$Division (RaftServerImpl.java:setConfigurationAsync(1341)) - s9@group-4CD87B055E3A: receive setConfiguration SetConfigurationRequest:client-8FB543527D95->s9@group-4CD87B055E3A, cid=1984, seq=null, RW, null, SET_UNCONDITIONALLY, servers:[s7, s8, s9, s0, s1], listeners:[]
2024-10-31 03:25:10,206 INFO  server.RaftServer$Division (RaftServerImpl.java:setConfigurationAsync(1341)) - s7@group-4CD87B055E3A: receive setConfiguration SetConfigurationRequest:client-8FB543527D95->s7@group-4CD87B055E3A, cid=1984, seq=null, RW, null, SET_UNCONDITIONALLY, servers:[s7, s8, s9, s0, s1], listeners:[]
2024-10-31 03:25:10,307 INFO  server.RaftServer$Division (RaftServerImpl.java:setConfigurationAsync(1341)) - s8@group-4CD87B055E3A: receive setConfiguration SetConfigurationRequest:client-8FB543527D95->s8@group-4CD87B055E3A, cid=1984, seq=null, RW, null, SET_UNCONDITIONALLY, servers:[s7, s8, s9, s0, s1], listeners:[]
2024-10-31 03:25:10,407 INFO  server.RaftServer$Division (RaftServerImpl.java:setConfigurationAsync(1341)) - s7@group-4CD87B055E3A: receive setConfiguration SetConfigurationRequest:client-8FB543527D95->s7@group-4CD87B055E3A, cid=1984, seq=null, RW, null, SET_UNCONDITIONALLY, servers:[s7, s8, s9, s0, s1], listeners:[]
2024-10-31 03:25:10,508 INFO  server.RaftServer$Division (RaftServerImpl.java:setConfigurationAsync(1341)) - s9@group-4CD87B055E3A: receive setConfiguration SetConfigurationRequest:client-8FB543527D95->s9@group-4CD87B055E3A, cid=1984, seq=null, RW, null, SET_UNCONDITIONALLY, servers:[s7, s8, s9, s0, s1], listeners:[]
2024-10-31 03:25:10,608 INFO  server.RaftServer$Division (RaftServerImpl.java:setConfigurationAsync(1341)) - s7@group-4CD87B055E3A: receive setConfiguration SetConfigurationRequest:client-8FB543527D95->s7@group-4CD87B055E3A, cid=1984, seq=null, RW, null, SET_UNCONDITIONALLY, servers:[s7, s8, s9, s0, s1], listeners:[]
2024-10-31 03:25:10,709 INFO  server.RaftServer$Division (RaftServerImpl.java:setConfigurationAsync(1341)) - s9@group-4CD87B055E3A: receive setConfiguration SetConfigurationRequest:client-8FB543527D95->s9@group-4CD87B055E3A, cid=1984, seq=null, RW, null, SET_UNCONDITIONALLY, servers:[s7, s8, s9, s0, s1], listeners:[]
2024-10-31 03:25:10,809 INFO  server.RaftServer$Division (RaftServerImpl.java:setConfigurationAsync(1341)) - s7@group-4CD87B055E3A: receive setConfiguration SetConfigurationRequest:client-8FB543527D95->s7@group-4CD87B055E3A, cid=1984, seq=null, RW, null, SET_UNCONDITIONALLY, servers:[s7, s8, s9, s0, s1], listeners:[]
2024-10-31 03:25:10,909 INFO  server.RaftServer$Division (RaftServerImpl.java:setConfigurationAsync(1341)) - s8@group-4CD87B055E3A: receive setConfiguration SetConfigurationRequest:client-8FB543527D95->s8@group-4CD87B055E3A, cid=1984, seq=null, RW, null, SET_UNCONDITIONALLY, servers:[s7, s8, s9, s0, s1], listeners:[]
2024-10-31 03:25:11,010 INFO  server.RaftServer$Division (RaftServerImpl.java:setConfigurationAsync(1341)) - s7@group-4CD87B055E3A: receive setConfiguration SetConfigurationRequest:client-8FB543527D95->s7@group-4CD87B055E3A, cid=1984, seq=null, RW, null, SET_UNCONDITIONALLY, servers:[s7, s8, s9, s0, s1], listeners:[]
2024-10-31 03:25:11,110 INFO  server.RaftServer$Division (RaftServerImpl.java:setConfigurationAsync(1341)) - s8@group-4CD87B055E3A: receive setConfiguration SetConfigurationRequest:client-8FB543527D95->s8@group-4CD87B055E3A, cid=1984, seq=null, RW, null, SET_UNCONDITIONALLY, servers:[s7, s8, s9, s0, s1], listeners:[]
2024-10-31 03:25:11,211 INFO  server.RaftServer$Division (RaftServerImpl.java:setConfigurationAsync(1341)) - s7@group-4CD87B055E3A: receive setConfiguration SetConfigurationRequest:client-8FB543527D95->s7@group-4CD87B055E3A, cid=1984, seq=null, RW, null, SET_UNCONDITIONALLY, servers:[s7, s8, s9, s0, s1], listeners:[]
2024-10-31 03:25:11,311 INFO  server.RaftServer$Division (RaftServerImpl.java:setConfigurationAsync(1341)) - s8@group-4CD87B055E3A: receive setConfiguration SetConfigurationRequest:client-8FB543527D95->s8@group-4CD87B055E3A, cid=1984, seq=null, RW, null, SET_UNCONDITIONALLY, servers:[s7, s8, s9, s0, s1], listeners:[]
2024-10-31 03:25:11,412 INFO  server.RaftServer$Division (RaftServerImpl.java:setConfigurationAsync(1341)) - s7@group-4CD87B055E3A: receive setConfiguration SetConfigurationRequest:client-8FB543527D95->s7@group-4CD87B055E3A, cid=1984, seq=null, RW, null, SET_UNCONDITIONALLY, servers:[s7, s8, s9, s0, s1], listeners:[]
2024-10-31 03:25:11,512 INFO  server.RaftServer$Division (RaftServerImpl.java:setConfigurationAsync(1341)) - s8@group-4CD87B055E3A: receive setConfiguration SetConfigurationRequest:client-8FB543527D95->s8@group-4CD87B055E3A, cid=1984, seq=null, RW, null, SET_UNCONDITIONALLY, servers:[s7, s8, s9, s0, s1], listeners:[]
2024-10-31 03:25:11,612 INFO  server.RaftServer$Division (RaftServerImpl.java:setConfigurationAsync(1341)) - s7@group-4CD87B055E3A: receive setConfiguration SetConfigurationRequest:client-8FB543527D95->s7@group-4CD87B055E3A, cid=1984, seq=null, RW, null, SET_UNCONDITIONALLY, servers:[s7, s8, s9, s0, s1], listeners:[]
2024-10-31 03:25:11,713 INFO  server.RaftServer$Division (RaftServerImpl.java:setConfigurationAsync(1341)) - s8@group-4CD87B055E3A: receive setConfiguration SetConfigurationRequest:client-8FB543527D95->s8@group-4CD87B055E3A, cid=1984, seq=null, RW, null, SET_UNCONDITIONALLY, servers:[s7, s8, s9, s0, s1], listeners:[]
2024-10-31 03:25:11,813 INFO  server.RaftServer$Division (RaftServerImpl.java:setConfigurationAsync(1341)) - s7@group-4CD87B055E3A: receive setConfiguration SetConfigurationRequest:client-8FB543527D95->s7@group-4CD87B055E3A, cid=1984, seq=null, RW, null, SET_UNCONDITIONALLY, servers:[s7, s8, s9, s0, s1], listeners:[]
2024-10-31 03:25:11,914 INFO  server.RaftServer$Division (RaftServerImpl.java:setConfigurationAsync(1341)) - s8@group-4CD87B055E3A: receive setConfiguration SetConfigurationRequest:client-8FB543527D95->s8@group-4CD87B055E3A, cid=1984, seq=null, RW, null, SET_UNCONDITIONALLY, servers:[s7, s8, s9, s0, s1], listeners:[]
2024-10-31 03:25:12,014 INFO  server.RaftServer$Division (RaftServerImpl.java:setConfigurationAsync(1341)) - s7@group-4CD87B055E3A: receive setConfiguration SetConfigurationRequest:client-8FB543527D95->s7@group-4CD87B055E3A, cid=1984, seq=null, RW, null, SET_UNCONDITIONALLY, servers:[s7, s8, s9, s0, s1], listeners:[]
2024-10-31 03:25:12,115 INFO  server.RaftServer$Division (RaftServerImpl.java:setConfigurationAsync(1341)) - s8@group-4CD87B055E3A: receive setConfiguration SetConfigurationRequest:client-8FB543527D95->s8@group-4CD87B055E3A, cid=1984, seq=null, RW, null, SET_UNCONDITIONALLY, servers:[s7, s8, s9, s0, s1], listeners:[]
2024-10-31 03:25:12,215 INFO  server.RaftServer$Division (RaftServerImpl.java:setConfigurationAsync(1341)) - s7@group-4CD87B055E3A: receive setConfiguration SetConfigurationRequest:client-8FB543527D95->s7@group-4CD87B055E3A, cid=1984, seq=null, RW, null, SET_UNCONDITIONALLY, servers:[s7, s8, s9, s0, s1], listeners:[]
2024-10-31 03:25:12,315 INFO  server.RaftServer$Division (RaftServerImpl.java:setConfigurationAsync(1341)) - s8@group-4CD87B055E3A: receive setConfiguration SetConfigurationRequest:client-8FB543527D95->s8@group-4CD87B055E3A, cid=1984, seq=null, RW, null, SET_UNCONDITIONALLY, servers:[s7, s8, s9, s0, s1], listeners:[]
2024-10-31 03:25:12,416 INFO  server.RaftServer$Division (RaftServerImpl.java:setConfigurationAsync(1341)) - s7@group-4CD87B055E3A: receive setConfiguration SetConfigurationRequest:client-8FB543527D95->s7@group-4CD87B055E3A, cid=1984, seq=null, RW, null, SET_UNCONDITIONALLY, servers:[s7, s8, s9, s0, s1], listeners:[]
2024-10-31 03:25:12,516 INFO  server.RaftServer$Division (RaftServerImpl.java:setConfigurationAsync(1341)) - s9@group-4CD87B055E3A: receive setConfiguration SetConfigurationRequest:client-8FB543527D95->s9@group-4CD87B055E3A, cid=1984, seq=null, RW, null, SET_UNCONDITIONALLY, servers:[s7, s8, s9, s0, s1], listeners:[]
2024-10-31 03:25:12,617 INFO  server.RaftServer$Division (RaftServerImpl.java:setConfigurationAsync(1341)) - s7@group-4CD87B055E3A: receive setConfiguration SetConfigurationRequest:client-8FB543527D95->s7@group-4CD87B055E3A, cid=1984, seq=null, RW, null, SET_UNCONDITIONALLY, servers:[s7, s8, s9, s0, s1], listeners:[]
2024-10-31 03:25:12,717 INFO  server.RaftServer$Division (RaftServerImpl.java:setConfigurationAsync(1341)) - s9@group-4CD87B055E3A: receive setConfiguration SetConfigurationRequest:client-8FB543527D95->s9@group-4CD87B055E3A, cid=1984, seq=null, RW, null, SET_UNCONDITIONALLY, servers:[s7, s8, s9, s0, s1], listeners:[]
2024-10-31 03:25:12,818 INFO  server.RaftServer$Division (RaftServerImpl.java:setConfigurationAsync(1341)) - s7@group-4CD87B055E3A: receive setConfiguration SetConfigurationRequest:client-8FB543527D95->s7@group-4CD87B055E3A, cid=1984, seq=null, RW, null, SET_UNCONDITIONALLY, servers:[s7, s8, s9, s0, s1], listeners:[]
2024-10-31 03:25:12,918 INFO  server.RaftServer$Division (RaftServerImpl.java:setConfigurationAsync(1341)) - s8@group-4CD87B055E3A: receive setConfiguration SetConfigurationRequest:client-8FB543527D95->s8@group-4CD87B055E3A, cid=1984, seq=null, RW, null, SET_UNCONDITIONALLY, servers:[s7, s8, s9, s0, s1], listeners:[]
2024-10-31 03:25:13,019 INFO  server.RaftServer$Division (RaftServerImpl.java:setConfigurationAsync(1341)) - s7@group-4CD87B055E3A: receive setConfiguration SetConfigurationRequest:client-8FB543527D95->s7@group-4CD87B055E3A, cid=1984, seq=null, RW, null, SET_UNCONDITIONALLY, servers:[s7, s8, s9, s0, s1], listeners:[]
2024-10-31 03:25:13,119 INFO  server.RaftServer$Division (RaftServerImpl.java:setConfigurationAsync(1341)) - s9@group-4CD87B055E3A: receive setConfiguration SetConfigurationRequest:client-8FB543527D95->s9@group-4CD87B055E3A, cid=1984, seq=null, RW, null, SET_UNCONDITIONALLY, servers:[s7, s8, s9, s0, s1], listeners:[]
2024-10-31 03:25:13,220 INFO  server.RaftServer$Division (RaftServerImpl.java:setConfigurationAsync(1341)) - s7@group-4CD87B055E3A: receive setConfiguration SetConfigurationRequest:client-8FB543527D95->s7@group-4CD87B055E3A, cid=1984, seq=null, RW, null, SET_UNCONDITIONALLY, servers:[s7, s8, s9, s0, s1], listeners:[]
2024-10-31 03:25:13,320 INFO  server.RaftServer$Division (RaftServerImpl.java:setConfigurationAsync(1341)) - s8@group-4CD87B055E3A: receive setConfiguration SetConfigurationRequest:client-8FB543527D95->s8@group-4CD87B055E3A, cid=1984, seq=null, RW, null, SET_UNCONDITIONALLY, servers:[s7, s8, s9, s0, s1], listeners:[]
2024-10-31 03:25:13,421 INFO  server.RaftServer$Division (RaftServerImpl.java:setConfigurationAsync(1341)) - s7@group-4CD87B055E3A: receive setConfiguration SetConfigurationRequest:client-8FB543527D95->s7@group-4CD87B055E3A, cid=1984, seq=null, RW, null, SET_UNCONDITIONALLY, servers:[s7, s8, s9, s0, s1], listeners:[]
2024-10-31 03:25:13,521 INFO  server.RaftServer$Division (RaftServerImpl.java:setConfigurationAsync(1341)) - s9@group-4CD87B055E3A: receive setConfiguration SetConfigurationRequest:client-8FB543527D95->s9@group-4CD87B055E3A, cid=1984, seq=null, RW, null, SET_UNCONDITIONALLY, servers:[s7, s8, s9, s0, s1], listeners:[]
2024-10-31 03:25:13,621 INFO  server.RaftServer$Division (RaftServerImpl.java:setConfigurationAsync(1341)) - s7@group-4CD87B055E3A: receive setConfiguration SetConfigurationRequest:client-8FB543527D95->s7@group-4CD87B055E3A, cid=1984, seq=null, RW, null, SET_UNCONDITIONALLY, servers:[s7, s8, s9, s0, s1], listeners:[]
2024-10-31 03:25:13,722 INFO  server.RaftServer$Division (RaftServerImpl.java:setConfigurationAsync(1341)) - s8@group-4CD87B055E3A: receive setConfiguration SetConfigurationRequest:client-8FB543527D95->s8@group-4CD87B055E3A, cid=1984, seq=null, RW, null, SET_UNCONDITIONALLY, servers:[s7, s8, s9, s0, s1], listeners:[]
2024-10-31 03:25:13,822 INFO  server.RaftServer$Division (RaftServerImpl.java:setConfigurationAsync(1341)) - s7@group-4CD87B055E3A: receive setConfiguration SetConfigurationRequest:client-8FB543527D95->s7@group-4CD87B055E3A, cid=1984, seq=null, RW, null, SET_UNCONDITIONALLY, servers:[s7, s8, s9, s0, s1], listeners:[]
2024-10-31 03:25:13,923 INFO  server.RaftServer$Division (RaftServerImpl.java:setConfigurationAsync(1341)) - s9@group-4CD87B055E3A: receive setConfiguration SetConfigurationRequest:client-8FB543527D95->s9@group-4CD87B055E3A, cid=1984, seq=null, RW, null, SET_UNCONDITIONALLY, servers:[s7, s8, s9, s0, s1], listeners:[]
2024-10-31 03:25:14,023 INFO  server.RaftServer$Division (RaftServerImpl.java:setConfigurationAsync(1341)) - s7@group-4CD87B055E3A: receive setConfiguration SetConfigurationRequest:client-8FB543527D95->s7@group-4CD87B055E3A, cid=1984, seq=null, RW, null, SET_UNCONDITIONALLY, servers:[s7, s8, s9, s0, s1], listeners:[]
2024-10-31 03:25:14,124 INFO  server.RaftServer$Division (RaftServerImpl.java:setConfigurationAsync(1341)) - s8@group-4CD87B055E3A: receive setConfiguration SetConfigurationRequest:client-8FB543527D95->s8@group-4CD87B055E3A, cid=1984, seq=null, RW, null, SET_UNCONDITIONALLY, servers:[s7, s8, s9, s0, s1], listeners:[]
2024-10-31 03:25:14,224 INFO  server.RaftServer$Division (RaftServerImpl.java:setConfigurationAsync(1341)) - s7@group-4CD87B055E3A: receive setConfiguration SetConfigurationRequest:client-8FB543527D95->s7@group-4CD87B055E3A, cid=1984, seq=null, RW, null, SET_UNCONDITIONALLY, servers:[s7, s8, s9, s0, s1], listeners:[]
2024-10-31 03:25:14,325 INFO  server.RaftServer$Division (RaftServerImpl.java:setConfigurationAsync(1341)) - s8@group-4CD87B055E3A: receive setConfiguration SetConfigurationRequest:client-8FB543527D95->s8@group-4CD87B055E3A, cid=1984, seq=null, RW, null, SET_UNCONDITIONALLY, servers:[s7, s8, s9, s0, s1], listeners:[]
2024-10-31 03:25:14,425 INFO  server.RaftServer$Division (RaftServerImpl.java:setConfigurationAsync(1341)) - s7@group-4CD87B055E3A: receive setConfiguration SetConfigurationRequest:client-8FB543527D95->s7@group-4CD87B055E3A, cid=1984, seq=null, RW, null, SET_UNCONDITIONALLY, servers:[s7, s8, s9, s0, s1], listeners:[]
2024-10-31 03:25:14,526 INFO  server.RaftServer$Division (RaftServerImpl.java:setConfigurationAsync(1341)) - s8@group-4CD87B055E3A: receive setConfiguration SetConfigurationRequest:client-8FB543527D95->s8@group-4CD87B055E3A, cid=1984, seq=null, RW, null, SET_UNCONDITIONALLY, servers:[s7, s8, s9, s0, s1], listeners:[]
2024-10-31 03:25:14,626 INFO  server.RaftServer$Division (RaftServerImpl.java:setConfigurationAsync(1341)) - s7@group-4CD87B055E3A: receive setConfiguration SetConfigurationRequest:client-8FB543527D95->s7@group-4CD87B055E3A, cid=1984, seq=null, RW, null, SET_UNCONDITIONALLY, servers:[s7, s8, s9, s0, s1], listeners:[]
2024-10-31 03:25:14,726 INFO  server.RaftServer$Division (RaftServerImpl.java:setConfigurationAsync(1341)) - s9@group-4CD87B055E3A: receive setConfiguration SetConfigurationRequest:client-8FB543527D95->s9@group-4CD87B055E3A, cid=1984, seq=null, RW, null, SET_UNCONDITIONALLY, servers:[s7, s8, s9, s0, s1], listeners:[]
2024-10-31 03:25:14,827 INFO  server.RaftServer$Division (RaftServerImpl.java:setConfigurationAsync(1341)) - s7@group-4CD87B055E3A: receive setConfiguration SetConfigurationRequest:client-8FB543527D95->s7@group-4CD87B055E3A, cid=1984, seq=null, RW, null, SET_UNCONDITIONALLY, servers:[s7, s8, s9, s0, s1], listeners:[]
2024-10-31 03:25:14,927 INFO  server.RaftServer$Division (RaftServerImpl.java:setConfigurationAsync(1341)) - s8@group-4CD87B055E3A: receive setConfiguration SetConfigurationRequest:client-8FB543527D95->s8@group-4CD87B055E3A, cid=1984, seq=null, RW, null, SET_UNCONDITIONALLY, servers:[s7, s8, s9, s0, s1], listeners:[]
2024-10-31 03:25:15,028 INFO  server.RaftServer$Division (RaftServerImpl.java:setConfigurationAsync(1341)) - s7@group-4CD87B055E3A: receive setConfiguration SetConfigurationRequest:client-8FB543527D95->s7@group-4CD87B055E3A, cid=1984, seq=null, RW, null, SET_UNCONDITIONALLY, servers:[s7, s8, s9, s0, s1], listeners:[]
2024-10-31 03:25:15,128 INFO  server.RaftServer$Division (RaftServerImpl.java:setConfigurationAsync(1341)) - s8@group-4CD87B055E3A: receive setConfiguration SetConfigurationRequest:client-8FB543527D95->s8@group-4CD87B055E3A, cid=1984, seq=null, RW, null, SET_UNCONDITIONALLY, servers:[s7, s8, s9, s0, s1], listeners:[]
2024-10-31 03:25:15,229 INFO  server.RaftServer$Division (RaftServerImpl.java:setConfigurationAsync(1341)) - s7@group-4CD87B055E3A: receive setConfiguration SetConfigurationRequest:client-8FB543527D95->s7@group-4CD87B055E3A, cid=1984, seq=null, RW, null, SET_UNCONDITIONALLY, servers:[s7, s8, s9, s0, s1], listeners:[]
2024-10-31 03:25:15,329 INFO  server.RaftServer$Division (RaftServerImpl.java:setConfigurationAsync(1341)) - s8@group-4CD87B055E3A: receive setConfiguration SetConfigurationRequest:client-8FB543527D95->s8@group-4CD87B055E3A, cid=1984, seq=null, RW, null, SET_UNCONDITIONALLY, servers:[s7, s8, s9, s0, s1], listeners:[]
2024-10-31 03:25:15,430 INFO  server.RaftServer$Division (RaftServerImpl.java:setConfigurationAsync(1341)) - s7@group-4CD87B055E3A: receive setConfiguration SetConfigurationRequest:client-8FB543527D95->s7@group-4CD87B055E3A, cid=1984, seq=null, RW, null, SET_UNCONDITIONALLY, servers:[s7, s8, s9, s0, s1], listeners:[]
2024-10-31 03:25:15,530 INFO  server.RaftServer$Division (RaftServerImpl.java:setConfigurationAsync(1341)) - s8@group-4CD87B055E3A: receive setConfiguration SetConfigurationRequest:client-8FB543527D95->s8@group-4CD87B055E3A, cid=1984, seq=null, RW, null, SET_UNCONDITIONALLY, servers:[s7, s8, s9, s0, s1], listeners:[]
2024-10-31 03:25:15,631 INFO  server.RaftServer$Division (RaftServerImpl.java:setConfigurationAsync(1341)) - s7@group-4CD87B055E3A: receive setConfiguration SetConfigurationRequest:client-8FB543527D95->s7@group-4CD87B055E3A, cid=1984, seq=null, RW, null, SET_UNCONDITIONALLY, servers:[s7, s8, s9, s0, s1], listeners:[]
2024-10-31 03:25:15,731 INFO  server.RaftServer$Division (RaftServerImpl.java:setConfigurationAsync(1341)) - s8@group-4CD87B055E3A: receive setConfiguration SetConfigurationRequest:client-8FB543527D95->s8@group-4CD87B055E3A, cid=1984, seq=null, RW, null, SET_UNCONDITIONALLY, servers:[s7, s8, s9, s0, s1], listeners:[]
2024-10-31 03:25:15,831 INFO  server.RaftServer$Division (RaftServerImpl.java:setConfigurationAsync(1341)) - s7@group-4CD87B055E3A: receive setConfiguration SetConfigurationRequest:client-8FB543527D95->s7@group-4CD87B055E3A, cid=1984, seq=null, RW, null, SET_UNCONDITIONALLY, servers:[s7, s8, s9, s0, s1], listeners:[]
2024-10-31 03:25:15,932 INFO  server.RaftServer$Division (RaftServerImpl.java:setConfigurationAsync(1341)) - s9@group-4CD87B055E3A: receive setConfiguration SetConfigurationRequest:client-8FB543527D95->s9@group-4CD87B055E3A, cid=1984, seq=null, RW, null, SET_UNCONDITIONALLY, servers:[s7, s8, s9, s0, s1], listeners:[]
2024-10-31 03:25:15,992 INFO  impl.MiniRaftCluster (MiniRaftCluster.java:lambda$null$7(362)) - TIMED-PRINT: printing ALL groups
  s3:  RUNNING [
   FOLLOWER s3@group-4EB49E3E6D70:t0, leader=null, voted=, raftlog=Memoized:s3@group-4EB49E3E6D70-SegmentedRaftLog:OPENED:c-1:lastnull, conf=conf: {index: -1, cur=peers:[]|listeners:[], old=null} STARTING
   FOLLOWER s3@group-4CD87B055E3A:t0, leader=null, voted=, raftlog=Memoized:s3@group-4CD87B055E3A-SegmentedRaftLog:OPENED:c-1:lastnull, conf=conf: {index: -1, cur=peers:[]|listeners:[], old=null} STARTING] size=2
  s4:  RUNNING [
   FOLLOWER s4@group-4EB49E3E6D70:t0, leader=null, voted=, raftlog=Memoized:s4@group-4EB49E3E6D70-SegmentedRaftLog:OPENED:c-1:lastnull, conf=conf: {index: -1, cur=peers:[]|listeners:[], old=null} STARTING
   FOLLOWER s4@group-4CD87B055E3A:t0, leader=null, voted=, raftlog=Memoized:s4@group-4CD87B055E3A-SegmentedRaftLog:OPENED:c-1:lastnull, conf=conf: {index: -1, cur=peers:[]|listeners:[], old=null} STARTING] size=2
  s5:  RUNNING [
   FOLLOWER s5@group-4EB49E3E6D70:t0, leader=null, voted=, raftlog=Memoized:s5@group-4EB49E3E6D70-SegmentedRaftLog:OPENED:c-1:lastnull, conf=conf: {index: -1, cur=peers:[]|listeners:[], old=null} STARTING
   FOLLOWER s5@group-4CD87B055E3A:t0, leader=null, voted=, raftlog=Memoized:s5@group-4CD87B055E3A-SegmentedRaftLog:OPENED:c-1:lastnull, conf=conf: {index: -1, cur=peers:[]|listeners:[], old=null} STARTING] size=2
  s6:  RUNNING [
   FOLLOWER s6@group-4EB49E3E6D70:t0, leader=null, voted=, raftlog=Memoized:s6@group-4EB49E3E6D70-SegmentedRaftLog:OPENED:c-1:lastnull, conf=conf: {index: -1, cur=peers:[]|listeners:[], old=null} STARTING
   FOLLOWER s6@group-4CD87B055E3A:t0, leader=null, voted=, raftlog=Memoized:s6@group-4CD87B055E3A-SegmentedRaftLog:OPENED:c-1:lastnull, conf=conf: {index: -1, cur=peers:[]|listeners:[], old=null} STARTING] size=2
  s7:  RUNNING [
   FOLLOWER s7@group-4EB49E3E6D70:t0, leader=null, voted=, raftlog=Memoized:s7@group-4EB49E3E6D70-SegmentedRaftLog:OPENED:c-1:lastnull, conf=conf: {index: -1, cur=peers:[]|listeners:[], old=null} STARTING
     LEADER s7@group-4CD87B055E3A:t1, leader=s7, voted=s7, raftlog=Memoized:s7@group-4CD87B055E3A-SegmentedRaftLog:OPENED:c120:last(t:1, i:120), conf=conf: {index: 0, cur=peers:[s7, s8, s9]|listeners:[], old=null} RUNNING] size=2
  s8:  RUNNING [
   FOLLOWER s8@group-4EB49E3E6D70:t0, leader=null, voted=, raftlog=Memoized:s8@group-4EB49E3E6D70-SegmentedRaftLog:OPENED:c-1:lastnull, conf=conf: {index: -1, cur=peers:[]|listeners:[], old=null} STARTING
   FOLLOWER s8@group-4CD87B055E3A:t1, leader=s7, voted=s7, raftlog=Memoized:s8@group-4CD87B055E3A-SegmentedRaftLog:OPENED:c120:last(t:1, i:120), conf=conf: {index: 0, cur=peers:[s7|, s8|, s9|]|listeners:[], old=null} RUNNING] size=2
  s9:  RUNNING [
   FOLLOWER s9@group-4EB49E3E6D70:t0, leader=null, voted=, raftlog=Memoized:s9@group-4EB49E3E6D70-SegmentedRaftLog:OPENED:c-1:lastnull, conf=conf: {index: -1, cur=peers:[]|listeners:[], old=null} STARTING
   FOLLOWER s9@group-4CD87B055E3A:t1, leader=s7, voted=s7, raftlog=Memoized:s9@group-4CD87B055E3A-SegmentedRaftLog:OPENED:c120:last(t:1, i:120), conf=conf: {index: 0, cur=peers:[s7|, s8|, s9|]|listeners:[], old=null} RUNNING] size=2
  s11:  RUNNING [
   FOLLOWER s11@group-4EB49E3E6D70:t0, leader=null, voted=, raftlog=Memoized:s11@group-4EB49E3E6D70-SegmentedRaftLog:OPENED:c-1:lastnull, conf=conf: {index: -1, cur=peers:[]|listeners:[], old=null} STARTING
   FOLLOWER s11@group-4CD87B055E3A:t0, leader=null, voted=, raftlog=Memoized:s11@group-4CD87B055E3A-SegmentedRaftLog:OPENED:c-1:lastnull, conf=conf: {index: -1, cur=peers:[]|listeners:[], old=null} STARTING] size=2
  s10:  RUNNING [
   FOLLOWER s10@group-4EB49E3E6D70:t0, leader=null, voted=, raftlog=Memoized:s10@group-4EB49E3E6D70-SegmentedRaftLog:OPENED:c-1:lastnull, conf=conf: {index: -1, cur=peers:[]|listeners:[], old=null} STARTING
   FOLLOWER s10@group-4CD87B055E3A:t0, leader=null, voted=, raftlog=Memoized:s10@group-4CD87B055E3A-SegmentedRaftLog:OPENED:c-1:lastnull, conf=conf: {index: -1, cur=peers:[]|listeners:[], old=null} STARTING] size=2
  s13:  RUNNING [
   FOLLOWER s13@group-4EB49E3E6D70:t0, leader=null, voted=, raftlog=Memoized:s13@group-4EB49E3E6D70-SegmentedRaftLog:OPENED:c-1:lastnull, conf=conf: {index: -1, cur=peers:[]|listeners:[], old=null} STARTING
   FOLLOWER s13@group-4CD87B055E3A:t0, leader=null, voted=, raftlog=Memoized:s13@group-4CD87B055E3A-SegmentedRaftLog:OPENED:c-1:lastnull, conf=conf: {index: -1, cur=peers:[]|listeners:[], old=null} STARTING] size=2
  s12:  RUNNING [
   FOLLOWER s12@group-4EB49E3E6D70:t0, leader=null, voted=, raftlog=Memoized:s12@group-4EB49E3E6D70-SegmentedRaftLog:OPENED:c-1:lastnull, conf=conf: {index: -1, cur=peers:[]|listeners:[], old=null} STARTING
   FOLLOWER s12@group-4CD87B055E3A:t0, leader=null, voted=, raftlog=Memoized:s12@group-4CD87B055E3A-SegmentedRaftLog:OPENED:c-1:lastnull, conf=conf: {index: -1, cur=peers:[]|listeners:[], old=null} STARTING] size=2
  s14:  RUNNING [
   FOLLOWER s14@group-4EB49E3E6D70:t0, leader=null, voted=, raftlog=Memoized:s14@group-4EB49E3E6D70-SegmentedRaftLog:OPENED:c-1:lastnull, conf=conf: {index: -1, cur=peers:[]|listeners:[], old=null} STARTING
   FOLLOWER s14@group-4CD87B055E3A:t0, leader=null, voted=, raftlog=Memoized:s14@group-4CD87B055E3A-SegmentedRaftLog:OPENED:c-1:lastnull, conf=conf: {index: -1, cur=peers:[]|listeners:[], old=null} STARTING] size=2
  s0:  RUNNING [
   FOLLOWER s0@group-4EB49E3E6D70:t0, leader=null, voted=, raftlog=Memoized:s0@group-4EB49E3E6D70-SegmentedRaftLog:OPENED:c-1:lastnull, conf=conf: {index: -1, cur=peers:[]|listeners:[], old=null} STARTING
   FOLLOWER s0@group-4CD87B055E3A:t1, leader=s7, voted=null, raftlog=Memoized:s0@group-4CD87B055E3A-SegmentedRaftLog:OPENED:c120:last(t:1, i:120), conf=conf: {index: 0, cur=peers:[s7|, s8|, s9|]|listeners:[], old=null} STARTING] size=2
  s1:  RUNNING [
   FOLLOWER s1@group-4EB49E3E6D70:t0, leader=null, voted=, raftlog=Memoized:s1@group-4EB49E3E6D70-SegmentedRaftLog:OPENED:c-1:lastnull, conf=conf: {index: -1, cur=peers:[]|listeners:[], old=null} STARTING
   FOLLOWER s1@group-4CD87B055E3A:t1, leader=s7, voted=null, raftlog=Memoized:s1@group-4CD87B055E3A-SegmentedRaftLog:OPENED:c120:last(t:1, i:120), conf=conf: {index: 0, cur=peers:[s7|, s8|, s9|]|listeners:[], old=null} STARTING] size=2
  s2:  RUNNING [
   FOLLOWER s2@group-4EB49E3E6D70:t0, leader=null, voted=, raftlog=Memoized:s2@group-4EB49E3E6D70-SegmentedRaftLog:OPENED:c-1:lastnull, conf=conf: {index: -1, cur=peers:[]|listeners:[], old=null} STARTING
   FOLLOWER s2@group-4CD87B055E3A:t0, leader=null, voted=, raftlog=Memoized:s2@group-4CD87B055E3A-SegmentedRaftLog:OPENED:c-1:lastnull, conf=conf: {index: -1, cur=peers:[]|listeners:[], old=null} STARTING] size=2
2024-10-31 03:25:16,032 INFO  server.RaftServer$Division (RaftServerImpl.java:setConfigurationAsync(1341)) - s7@group-4CD87B055E3A: receive setConfiguration SetConfigurationRequest:client-8FB543527D95->s7@group-4CD87B055E3A, cid=1984, seq=null, RW, null, SET_UNCONDITIONALLY, servers:[s7, s8, s9, s0, s1], listeners:[]
2024-10-31 03:25:16,133 INFO  server.RaftServer$Division (RaftServerImpl.java:setConfigurationAsync(1341)) - s9@group-4CD87B055E3A: receive setConfiguration SetConfigurationRequest:client-8FB543527D95->s9@group-4CD87B055E3A, cid=1984, seq=null, RW, null, SET_UNCONDITIONALLY, servers:[s7, s8, s9, s0, s1], listeners:[]
2024-10-31 03:25:16,234 INFO  server.RaftServer$Division (RaftServerImpl.java:setConfigurationAsync(1341)) - s7@group-4CD87B055E3A: receive setConfiguration SetConfigurationRequest:client-8FB543527D95->s7@group-4CD87B055E3A, cid=1984, seq=null, RW, null, SET_UNCONDITIONALLY, servers:[s7, s8, s9, s0, s1], listeners:[]
2024-10-31 03:25:16,334 INFO  server.RaftServer$Division (RaftServerImpl.java:setConfigurationAsync(1341)) - s9@group-4CD87B055E3A: receive setConfiguration SetConfigurationRequest:client-8FB543527D95->s9@group-4CD87B055E3A, cid=1984, seq=null, RW, null, SET_UNCONDITIONALLY, servers:[s7, s8, s9, s0, s1], listeners:[]
2024-10-31 03:25:16,435 INFO  server.RaftServer$Division (RaftServerImpl.java:setConfigurationAsync(1341)) - s7@group-4CD87B055E3A: receive setConfiguration SetConfigurationRequest:client-8FB543527D95->s7@group-4CD87B055E3A, cid=1984, seq=null, RW, null, SET_UNCONDITIONALLY, servers:[s7, s8, s9, s0, s1], listeners:[]
2024-10-31 03:25:16,535 INFO  server.RaftServer$Division (RaftServerImpl.java:setConfigurationAsync(1341)) - s8@group-4CD87B055E3A: receive setConfiguration SetConfigurationRequest:client-8FB543527D95->s8@group-4CD87B055E3A, cid=1984, seq=null, RW, null, SET_UNCONDITIONALLY, servers:[s7, s8, s9, s0, s1], listeners:[]
2024-10-31 03:25:16,636 INFO  server.RaftServer$Division (RaftServerImpl.java:setConfigurationAsync(1341)) - s7@group-4CD87B055E3A: receive setConfiguration SetConfigurationRequest:client-8FB543527D95->s7@group-4CD87B055E3A, cid=1984, seq=null, RW, null, SET_UNCONDITIONALLY, servers:[s7, s8, s9, s0, s1], listeners:[]
2024-10-31 03:25:16,736 INFO  server.RaftServer$Division (RaftServerImpl.java:setConfigurationAsync(1341)) - s9@group-4CD87B055E3A: receive setConfiguration SetConfigurationRequest:client-8FB543527D95->s9@group-4CD87B055E3A, cid=1984, seq=null, RW, null, SET_UNCONDITIONALLY, servers:[s7, s8, s9, s0, s1], listeners:[]
2024-10-31 03:25:16,837 INFO  server.RaftServer$Division (RaftServerImpl.java:setConfigurationAsync(1341)) - s7@group-4CD87B055E3A: receive setConfiguration SetConfigurationRequest:client-8FB543527D95->s7@group-4CD87B055E3A, cid=1984, seq=null, RW, null, SET_UNCONDITIONALLY, servers:[s7, s8, s9, s0, s1], listeners:[]
2024-10-31 03:25:16,937 INFO  server.RaftServer$Division (RaftServerImpl.java:setConfigurationAsync(1341)) - s9@group-4CD87B055E3A: receive setConfiguration SetConfigurationRequest:client-8FB543527D95->s9@group-4CD87B055E3A, cid=1984, seq=null, RW, null, SET_UNCONDITIONALLY, servers:[s7, s8, s9, s0, s1], listeners:[]
2024-10-31 03:25:17,037 INFO  server.RaftServer$Division (RaftServerImpl.java:setConfigurationAsync(1341)) - s7@group-4CD87B055E3A: receive setConfiguration SetConfigurationRequest:client-8FB543527D95->s7@group-4CD87B055E3A, cid=1984, seq=null, RW, null, SET_UNCONDITIONALLY, servers:[s7, s8, s9, s0, s1], listeners:[]
2024-10-31 03:25:17,138 INFO  server.RaftServer$Division (RaftServerImpl.java:setConfigurationAsync(1341)) - s9@group-4CD87B055E3A: receive setConfiguration SetConfigurationRequest:client-8FB543527D95->s9@group-4CD87B055E3A, cid=1984, seq=null, RW, null, SET_UNCONDITIONALLY, servers:[s7, s8, s9, s0, s1], listeners:[]
2024-10-31 03:25:17,238 INFO  server.RaftServer$Division (RaftServerImpl.java:setConfigurationAsync(1341)) - s7@group-4CD87B055E3A: receive setConfiguration SetConfigurationRequest:client-8FB543527D95->s7@group-4CD87B055E3A, cid=1984, seq=null, RW, null, SET_UNCONDITIONALLY, servers:[s7, s8, s9, s0, s1], listeners:[]
2024-10-31 03:25:17,339 INFO  server.RaftServer$Division (RaftServerImpl.java:setConfigurationAsync(1341)) - s9@group-4CD87B055E3A: receive setConfiguration SetConfigurationRequest:client-8FB543527D95->s9@group-4CD87B055E3A, cid=1984, seq=null, RW, null, SET_UNCONDITIONALLY, servers:[s7, s8, s9, s0, s1], listeners:[]
2024-10-31 03:25:17,439 INFO  server.RaftServer$Division (RaftServerImpl.java:setConfigurationAsync(1341)) - s7@group-4CD87B055E3A: receive setConfiguration SetConfigurationRequest:client-8FB543527D95->s7@group-4CD87B055E3A, cid=1984, seq=null, RW, null, SET_UNCONDITIONALLY, servers:[s7, s8, s9, s0, s1], listeners:[]
2024-10-31 03:25:17,540 INFO  server.RaftServer$Division (RaftServerImpl.java:setConfigurationAsync(1341)) - s8@group-4CD87B055E3A: receive setConfiguration SetConfigurationRequest:client-8FB543527D95->s8@group-4CD87B055E3A, cid=1984, seq=null, RW, null, SET_UNCONDITIONALLY, servers:[s7, s8, s9, s0, s1], listeners:[]
2024-10-31 03:25:17,640 INFO  server.RaftServer$Division (RaftServerImpl.java:setConfigurationAsync(1341)) - s7@group-4CD87B055E3A: receive setConfiguration SetConfigurationRequest:client-8FB543527D95->s7@group-4CD87B055E3A, cid=1984, seq=null, RW, null, SET_UNCONDITIONALLY, servers:[s7, s8, s9, s0, s1], listeners:[]
2024-10-31 03:25:17,741 INFO  server.RaftServer$Division (RaftServerImpl.java:setConfigurationAsync(1341)) - s9@group-4CD87B055E3A: receive setConfiguration SetConfigurationRequest:client-8FB543527D95->s9@group-4CD87B055E3A, cid=1984, seq=null, RW, null, SET_UNCONDITIONALLY, servers:[s7, s8, s9, s0, s1], listeners:[]
2024-10-31 03:25:17,841 INFO  server.RaftServer$Division (RaftServerImpl.java:setConfigurationAsync(1341)) - s7@group-4CD87B055E3A: receive setConfiguration SetConfigurationRequest:client-8FB543527D95->s7@group-4CD87B055E3A, cid=1984, seq=null, RW, null, SET_UNCONDITIONALLY, servers:[s7, s8, s9, s0, s1], listeners:[]
2024-10-31 03:25:17,941 INFO  server.RaftServer$Division (RaftServerImpl.java:setConfigurationAsync(1341)) - s8@group-4CD87B055E3A: receive setConfiguration SetConfigurationRequest:client-8FB543527D95->s8@group-4CD87B055E3A, cid=1984, seq=null, RW, null, SET_UNCONDITIONALLY, servers:[s7, s8, s9, s0, s1], listeners:[]
2024-10-31 03:25:18,042 INFO  server.RaftServer$Division (RaftServerImpl.java:setConfigurationAsync(1341)) - s7@group-4CD87B055E3A: receive setConfiguration SetConfigurationRequest:client-8FB543527D95->s7@group-4CD87B055E3A, cid=1984, seq=null, RW, null, SET_UNCONDITIONALLY, servers:[s7, s8, s9, s0, s1], listeners:[]
2024-10-31 03:25:18,142 INFO  server.RaftServer$Division (RaftServerImpl.java:setConfigurationAsync(1341)) - s9@group-4CD87B055E3A: receive setConfiguration SetConfigurationRequest:client-8FB543527D95->s9@group-4CD87B055E3A, cid=1984, seq=null, RW, null, SET_UNCONDITIONALLY, servers:[s7, s8, s9, s0, s1], listeners:[]
2024-10-31 03:25:18,243 INFO  server.RaftServer$Division (RaftServerImpl.java:setConfigurationAsync(1341)) - s7@group-4CD87B055E3A: receive setConfiguration SetConfigurationRequest:client-8FB543527D95->s7@group-4CD87B055E3A, cid=1984, seq=null, RW, null, SET_UNCONDITIONALLY, servers:[s7, s8, s9, s0, s1], listeners:[]
2024-10-31 03:25:18,343 INFO  server.RaftServer$Division (RaftServerImpl.java:setConfigurationAsync(1341)) - s9@group-4CD87B055E3A: receive setConfiguration SetConfigurationRequest:client-8FB543527D95->s9@group-4CD87B055E3A, cid=1984, seq=null, RW, null, SET_UNCONDITIONALLY, servers:[s7, s8, s9, s0, s1], listeners:[]
2024-10-31 03:25:18,444 INFO  server.RaftServer$Division (RaftServerImpl.java:setConfigurationAsync(1341)) - s7@group-4CD87B055E3A: receive setConfiguration SetConfigurationRequest:client-8FB543527D95->s7@group-4CD87B055E3A, cid=1984, seq=null, RW, null, SET_UNCONDITIONALLY, servers:[s7, s8, s9, s0, s1], listeners:[]
2024-10-31 03:25:18,544 INFO  server.RaftServer$Division (RaftServerImpl.java:setConfigurationAsync(1341)) - s9@group-4CD87B055E3A: receive setConfiguration SetConfigurationRequest:client-8FB543527D95->s9@group-4CD87B055E3A, cid=1984, seq=null, RW, null, SET_UNCONDITIONALLY, servers:[s7, s8, s9, s0, s1], listeners:[]
2024-10-31 03:25:18,645 INFO  server.RaftServer$Division (RaftServerImpl.java:setConfigurationAsync(1341)) - s7@group-4CD87B055E3A: receive setConfiguration SetConfigurationRequest:client-8FB543527D95->s7@group-4CD87B055E3A, cid=1984, seq=null, RW, null, SET_UNCONDITIONALLY, servers:[s7, s8, s9, s0, s1], listeners:[]
2024-10-31 03:25:18,745 INFO  server.RaftServer$Division (RaftServerImpl.java:setConfigurationAsync(1341)) - s9@group-4CD87B055E3A: receive setConfiguration SetConfigurationRequest:client-8FB543527D95->s9@group-4CD87B055E3A, cid=1984, seq=null, RW, null, SET_UNCONDITIONALLY, servers:[s7, s8, s9, s0, s1], listeners:[]
2024-10-31 03:25:18,846 INFO  server.RaftServer$Division (RaftServerImpl.java:setConfigurationAsync(1341)) - s7@group-4CD87B055E3A: receive setConfiguration SetConfigurationRequest:client-8FB543527D95->s7@group-4CD87B055E3A, cid=1984, seq=null, RW, null, SET_UNCONDITIONALLY, servers:[s7, s8, s9, s0, s1], listeners:[]
2024-10-31 03:25:18,946 INFO  server.RaftServer$Division (RaftServerImpl.java:setConfigurationAsync(1341)) - s8@group-4CD87B055E3A: receive setConfiguration SetConfigurationRequest:client-8FB543527D95->s8@group-4CD87B055E3A, cid=1984, seq=null, RW, null, SET_UNCONDITIONALLY, servers:[s7, s8, s9, s0, s1], listeners:[]
2024-10-31 03:25:19,047 INFO  server.RaftServer$Division (RaftServerImpl.java:setConfigurationAsync(1341)) - s7@group-4CD87B055E3A: receive setConfiguration SetConfigurationRequest:client-8FB543527D95->s7@group-4CD87B055E3A, cid=1984, seq=null, RW, null, SET_UNCONDITIONALLY, servers:[s7, s8, s9, s0, s1], listeners:[]
2024-10-31 03:25:19,147 INFO  server.RaftServer$Division (RaftServerImpl.java:setConfigurationAsync(1341)) - s8@group-4CD87B055E3A: receive setConfiguration SetConfigurationRequest:client-8FB543527D95->s8@group-4CD87B055E3A, cid=1984, seq=null, RW, null, SET_UNCONDITIONALLY, servers:[s7, s8, s9, s0, s1], listeners:[]
2024-10-31 03:25:19,247 INFO  server.RaftServer$Division (RaftServerImpl.java:setConfigurationAsync(1341)) - s7@group-4CD87B055E3A: receive setConfiguration SetConfigurationRequest:client-8FB543527D95->s7@group-4CD87B055E3A, cid=1984, seq=null, RW, null, SET_UNCONDITIONALLY, servers:[s7, s8, s9, s0, s1], listeners:[]
2024-10-31 03:25:19,348 INFO  server.RaftServer$Division (RaftServerImpl.java:setConfigurationAsync(1341)) - s9@group-4CD87B055E3A: receive setConfiguration SetConfigurationRequest:client-8FB543527D95->s9@group-4CD87B055E3A, cid=1984, seq=null, RW, null, SET_UNCONDITIONALLY, servers:[s7, s8, s9, s0, s1], listeners:[]
2024-10-31 03:25:19,448 INFO  server.RaftServer$Division (RaftServerImpl.java:setConfigurationAsync(1341)) - s7@group-4CD87B055E3A: receive setConfiguration SetConfigurationRequest:client-8FB543527D95->s7@group-4CD87B055E3A, cid=1984, seq=null, RW, null, SET_UNCONDITIONALLY, servers:[s7, s8, s9, s0, s1], listeners:[]
2024-10-31 03:25:19,549 INFO  server.RaftServer$Division (RaftServerImpl.java:setConfigurationAsync(1341)) - s9@group-4CD87B055E3A: receive setConfiguration SetConfigurationRequest:client-8FB543527D95->s9@group-4CD87B055E3A, cid=1984, seq=null, RW, null, SET_UNCONDITIONALLY, servers:[s7, s8, s9, s0, s1], listeners:[]
2024-10-31 03:25:19,649 INFO  server.RaftServer$Division (RaftServerImpl.java:setConfigurationAsync(1341)) - s7@group-4CD87B055E3A: receive setConfiguration SetConfigurationRequest:client-8FB543527D95->s7@group-4CD87B055E3A, cid=1984, seq=null, RW, null, SET_UNCONDITIONALLY, servers:[s7, s8, s9, s0, s1], listeners:[]
2024-10-31 03:25:19,750 INFO  server.RaftServer$Division (RaftServerImpl.java:setConfigurationAsync(1341)) - s9@group-4CD87B055E3A: receive setConfiguration SetConfigurationRequest:client-8FB543527D95->s9@group-4CD87B055E3A, cid=1984, seq=null, RW, null, SET_UNCONDITIONALLY, servers:[s7, s8, s9, s0, s1], listeners:[]
2024-10-31 03:25:19,850 INFO  server.RaftServer$Division (RaftServerImpl.java:setConfigurationAsync(1341)) - s7@group-4CD87B055E3A: receive setConfiguration SetConfigurationRequest:client-8FB543527D95->s7@group-4CD87B055E3A, cid=1984, seq=null, RW, null, SET_UNCONDITIONALLY, servers:[s7, s8, s9, s0, s1], listeners:[]
2024-10-31 03:25:19,951 INFO  server.RaftServer$Division (RaftServerImpl.java:setConfigurationAsync(1341)) - s9@group-4CD87B055E3A: receive setConfiguration SetConfigurationRequest:client-8FB543527D95->s9@group-4CD87B055E3A, cid=1984, seq=null, RW, null, SET_UNCONDITIONALLY, servers:[s7, s8, s9, s0, s1], listeners:[]
2024-10-31 03:25:20,051 INFO  server.RaftServer$Division (RaftServerImpl.java:setConfigurationAsync(1341)) - s7@group-4CD87B055E3A: receive setConfiguration SetConfigurationRequest:client-8FB543527D95->s7@group-4CD87B055E3A, cid=1984, seq=null, RW, null, SET_UNCONDITIONALLY, servers:[s7, s8, s9, s0, s1], listeners:[]
2024-10-31 03:25:20,152 INFO  server.RaftServer$Division (RaftServerImpl.java:setConfigurationAsync(1341)) - s9@group-4CD87B055E3A: receive setConfiguration SetConfigurationRequest:client-8FB543527D95->s9@group-4CD87B055E3A, cid=1984, seq=null, RW, null, SET_UNCONDITIONALLY, servers:[s7, s8, s9, s0, s1], listeners:[]
2024-10-31 03:25:20,252 INFO  server.RaftServer$Division (RaftServerImpl.java:setConfigurationAsync(1341)) - s7@group-4CD87B055E3A: receive setConfiguration SetConfigurationRequest:client-8FB543527D95->s7@group-4CD87B055E3A, cid=1984, seq=null, RW, null, SET_UNCONDITIONALLY, servers:[s7, s8, s9, s0, s1], listeners:[]
2024-10-31 03:25:20,352 INFO  server.RaftServer$Division (RaftServerImpl.java:setConfigurationAsync(1341)) - s8@group-4CD87B055E3A: receive setConfiguration SetConfigurationRequest:client-8FB543527D95->s8@group-4CD87B055E3A, cid=1984, seq=null, RW, null, SET_UNCONDITIONALLY, servers:[s7, s8, s9, s0, s1], listeners:[]
2024-10-31 03:25:20,453 INFO  server.RaftServer$Division (RaftServerImpl.java:setConfigurationAsync(1341)) - s7@group-4CD87B055E3A: receive setConfiguration SetConfigurationRequest:client-8FB543527D95->s7@group-4CD87B055E3A, cid=1984, seq=null, RW, null, SET_UNCONDITIONALLY, servers:[s7, s8, s9, s0, s1], listeners:[]
2024-10-31 03:25:20,553 INFO  server.RaftServer$Division (RaftServerImpl.java:setConfigurationAsync(1341)) - s8@group-4CD87B055E3A: receive setConfiguration SetConfigurationRequest:client-8FB543527D95->s8@group-4CD87B055E3A, cid=1984, seq=null, RW, null, SET_UNCONDITIONALLY, servers:[s7, s8, s9, s0, s1], listeners:[]
2024-10-31 03:25:20,654 INFO  server.RaftServer$Division (RaftServerImpl.java:setConfigurationAsync(1341)) - s7@group-4CD87B055E3A: receive setConfiguration SetConfigurationRequest:client-8FB543527D95->s7@group-4CD87B055E3A, cid=1984, seq=null, RW, null, SET_UNCONDITIONALLY, servers:[s7, s8, s9, s0, s1], listeners:[]
2024-10-31 03:25:20,754 INFO  server.RaftServer$Division (RaftServerImpl.java:setConfigurationAsync(1341)) - s8@group-4CD87B055E3A: receive setConfiguration SetConfigurationRequest:client-8FB543527D95->s8@group-4CD87B055E3A, cid=1984, seq=null, RW, null, SET_UNCONDITIONALLY, servers:[s7, s8, s9, s0, s1], listeners:[]
2024-10-31 03:25:20,855 INFO  server.RaftServer$Division (RaftServerImpl.java:setConfigurationAsync(1341)) - s7@group-4CD87B055E3A: receive setConfiguration SetConfigurationRequest:client-8FB543527D95->s7@group-4CD87B055E3A, cid=1984, seq=null, RW, null, SET_UNCONDITIONALLY, servers:[s7, s8, s9, s0, s1], listeners:[]
2024-10-31 03:25:20,955 INFO  server.RaftServer$Division (RaftServerImpl.java:setConfigurationAsync(1341)) - s9@group-4CD87B055E3A: receive setConfiguration SetConfigurationRequest:client-8FB543527D95->s9@group-4CD87B055E3A, cid=1984, seq=null, RW, null, SET_UNCONDITIONALLY, servers:[s7, s8, s9, s0, s1], listeners:[]
2024-10-31 03:25:21,055 INFO  server.RaftServer$Division (RaftServerImpl.java:setConfigurationAsync(1341)) - s7@group-4CD87B055E3A: receive setConfiguration SetConfigurationRequest:client-8FB543527D95->s7@group-4CD87B055E3A, cid=1984, seq=null, RW, null, SET_UNCONDITIONALLY, servers:[s7, s8, s9, s0, s1], listeners:[]
2024-10-31 03:25:21,156 INFO  server.RaftServer$Division (RaftServerImpl.java:setConfigurationAsync(1341)) - s9@group-4CD87B055E3A: receive setConfiguration SetConfigurationRequest:client-8FB543527D95->s9@group-4CD87B055E3A, cid=1984, seq=null, RW, null, SET_UNCONDITIONALLY, servers:[s7, s8, s9, s0, s1], listeners:[]
2024-10-31 03:25:21,256 INFO  server.RaftServer$Division (RaftServerImpl.java:setConfigurationAsync(1341)) - s7@group-4CD87B055E3A: receive setConfiguration SetConfigurationRequest:client-8FB543527D95->s7@group-4CD87B055E3A, cid=1984, seq=null, RW, null, SET_UNCONDITIONALLY, servers:[s7, s8, s9, s0, s1], listeners:[]
2024-10-31 03:25:21,357 INFO  server.RaftServer$Division (RaftServerImpl.java:setConfigurationAsync(1341)) - s9@group-4CD87B055E3A: receive setConfiguration SetConfigurationRequest:client-8FB543527D95->s9@group-4CD87B055E3A, cid=1984, seq=null, RW, null, SET_UNCONDITIONALLY, servers:[s7, s8, s9, s0, s1], listeners:[]
2024-10-31 03:25:21,457 INFO  server.RaftServer$Division (RaftServerImpl.java:setConfigurationAsync(1341)) - s7@group-4CD87B055E3A: receive setConfiguration SetConfigurationRequest:client-8FB543527D95->s7@group-4CD87B055E3A, cid=1984, seq=null, RW, null, SET_UNCONDITIONALLY, servers:[s7, s8, s9, s0, s1], listeners:[]
2024-10-31 03:25:21,558 INFO  server.RaftServer$Division (RaftServerImpl.java:setConfigurationAsync(1341)) - s9@group-4CD87B055E3A: receive setConfiguration SetConfigurationRequest:client-8FB543527D95->s9@group-4CD87B055E3A, cid=1984, seq=null, RW, null, SET_UNCONDITIONALLY, servers:[s7, s8, s9, s0, s1], listeners:[]
2024-10-31 03:25:21,658 INFO  server.RaftServer$Division (RaftServerImpl.java:setConfigurationAsync(1341)) - s7@group-4CD87B055E3A: receive setConfiguration SetConfigurationRequest:client-8FB543527D95->s7@group-4CD87B055E3A, cid=1984, seq=null, RW, null, SET_UNCONDITIONALLY, servers:[s7, s8, s9, s0, s1], listeners:[]
2024-10-31 03:25:21,758 INFO  server.RaftServer$Division (RaftServerImpl.java:setConfigurationAsync(1341)) - s8@group-4CD87B055E3A: receive setConfiguration SetConfigurationRequest:client-8FB543527D95->s8@group-4CD87B055E3A, cid=1984, seq=null, RW, null, SET_UNCONDITIONALLY, servers:[s7, s8, s9, s0, s1], listeners:[]
2024-10-31 03:25:21,859 INFO  server.RaftServer$Division (RaftServerImpl.java:setConfigurationAsync(1341)) - s7@group-4CD87B055E3A: receive setConfiguration SetConfigurationRequest:client-8FB543527D95->s7@group-4CD87B055E3A, cid=1984, seq=null, RW, null, SET_UNCONDITIONALLY, servers:[s7, s8, s9, s0, s1], listeners:[]
2024-10-31 03:25:21,959 INFO  server.RaftServer$Division (RaftServerImpl.java:setConfigurationAsync(1341)) - s9@group-4CD87B055E3A: receive setConfiguration SetConfigurationRequest:client-8FB543527D95->s9@group-4CD87B055E3A, cid=1984, seq=null, RW, null, SET_UNCONDITIONALLY, servers:[s7, s8, s9, s0, s1], listeners:[]
2024-10-31 03:25:22,060 INFO  server.RaftServer$Division (RaftServerImpl.java:setConfigurationAsync(1341)) - s7@group-4CD87B055E3A: receive setConfiguration SetConfigurationRequest:client-8FB543527D95->s7@group-4CD87B055E3A, cid=1984, seq=null, RW, null, SET_UNCONDITIONALLY, servers:[s7, s8, s9, s0, s1], listeners:[]
2024-10-31 03:25:22,160 INFO  server.RaftServer$Division (RaftServerImpl.java:setConfigurationAsync(1341)) - s8@group-4CD87B055E3A: receive setConfiguration SetConfigurationRequest:client-8FB543527D95->s8@group-4CD87B055E3A, cid=1984, seq=null, RW, null, SET_UNCONDITIONALLY, servers:[s7, s8, s9, s0, s1], listeners:[]
2024-10-31 03:25:22,261 INFO  server.RaftServer$Division (RaftServerImpl.java:setConfigurationAsync(1341)) - s7@group-4CD87B055E3A: receive setConfiguration SetConfigurationRequest:client-8FB543527D95->s7@group-4CD87B055E3A, cid=1984, seq=null, RW, null, SET_UNCONDITIONALLY, servers:[s7, s8, s9, s0, s1], listeners:[]
2024-10-31 03:25:22,361 INFO  server.RaftServer$Division (RaftServerImpl.java:setConfigurationAsync(1341)) - s9@group-4CD87B055E3A: receive setConfiguration SetConfigurationRequest:client-8FB543527D95->s9@group-4CD87B055E3A, cid=1984, seq=null, RW, null, SET_UNCONDITIONALLY, servers:[s7, s8, s9, s0, s1], listeners:[]
2024-10-31 03:25:22,461 INFO  server.RaftServer$Division (RaftServerImpl.java:setConfigurationAsync(1341)) - s7@group-4CD87B055E3A: receive setConfiguration SetConfigurationRequest:client-8FB543527D95->s7@group-4CD87B055E3A, cid=1984, seq=null, RW, null, SET_UNCONDITIONALLY, servers:[s7, s8, s9, s0, s1], listeners:[]
2024-10-31 03:25:22,562 INFO  server.RaftServer$Division (RaftServerImpl.java:setConfigurationAsync(1341)) - s8@group-4CD87B055E3A: receive setConfiguration SetConfigurationRequest:client-8FB543527D95->s8@group-4CD87B055E3A, cid=1984, seq=null, RW, null, SET_UNCONDITIONALLY, servers:[s7, s8, s9, s0, s1], listeners:[]
2024-10-31 03:25:22,662 INFO  server.RaftServer$Division (RaftServerImpl.java:setConfigurationAsync(1341)) - s7@group-4CD87B055E3A: receive setConfiguration SetConfigurationRequest:client-8FB543527D95->s7@group-4CD87B055E3A, cid=1984, seq=null, RW, null, SET_UNCONDITIONALLY, servers:[s7, s8, s9, s0, s1], listeners:[]
2024-10-31 03:25:22,763 INFO  server.RaftServer$Division (RaftServerImpl.java:setConfigurationAsync(1341)) - s9@group-4CD87B055E3A: receive setConfiguration SetConfigurationRequest:client-8FB543527D95->s9@group-4CD87B055E3A, cid=1984, seq=null, RW, null, SET_UNCONDITIONALLY, servers:[s7, s8, s9, s0, s1], listeners:[]
2024-10-31 03:25:22,863 INFO  server.RaftServer$Division (RaftServerImpl.java:setConfigurationAsync(1341)) - s7@group-4CD87B055E3A: receive setConfiguration SetConfigurationRequest:client-8FB543527D95->s7@group-4CD87B055E3A, cid=1984, seq=null, RW, null, SET_UNCONDITIONALLY, servers:[s7, s8, s9, s0, s1], listeners:[]
2024-10-31 03:25:22,964 INFO  server.RaftServer$Division (RaftServerImpl.java:setConfigurationAsync(1341)) - s9@group-4CD87B055E3A: receive setConfiguration SetConfigurationRequest:client-8FB543527D95->s9@group-4CD87B055E3A, cid=1984, seq=null, RW, null, SET_UNCONDITIONALLY, servers:[s7, s8, s9, s0, s1], listeners:[]
2024-10-31 03:25:23,064 INFO  server.RaftServer$Division (RaftServerImpl.java:setConfigurationAsync(1341)) - s7@group-4CD87B055E3A: receive setConfiguration SetConfigurationRequest:client-8FB543527D95->s7@group-4CD87B055E3A, cid=1984, seq=null, RW, null, SET_UNCONDITIONALLY, servers:[s7, s8, s9, s0, s1], listeners:[]
2024-10-31 03:25:23,165 INFO  server.RaftServer$Division (RaftServerImpl.java:setConfigurationAsync(1341)) - s8@group-4CD87B055E3A: receive setConfiguration SetConfigurationRequest:client-8FB543527D95->s8@group-4CD87B055E3A, cid=1984, seq=null, RW, null, SET_UNCONDITIONALLY, servers:[s7, s8, s9, s0, s1], listeners:[]
2024-10-31 03:25:23,265 INFO  server.RaftServer$Division (RaftServerImpl.java:setConfigurationAsync(1341)) - s7@group-4CD87B055E3A: receive setConfiguration SetConfigurationRequest:client-8FB543527D95->s7@group-4CD87B055E3A, cid=1984, seq=null, RW, null, SET_UNCONDITIONALLY, servers:[s7, s8, s9, s0, s1], listeners:[]
2024-10-31 03:25:23,366 INFO  server.RaftServer$Division (RaftServerImpl.java:setConfigurationAsync(1341)) - s8@group-4CD87B055E3A: receive setConfiguration SetConfigurationRequest:client-8FB543527D95->s8@group-4CD87B055E3A, cid=1984, seq=null, RW, null, SET_UNCONDITIONALLY, servers:[s7, s8, s9, s0, s1], listeners:[]
2024-10-31 03:25:23,466 INFO  server.RaftServer$Division (RaftServerImpl.java:setConfigurationAsync(1341)) - s7@group-4CD87B055E3A: receive setConfiguration SetConfigurationRequest:client-8FB543527D95->s7@group-4CD87B055E3A, cid=1984, seq=null, RW, null, SET_UNCONDITIONALLY, servers:[s7, s8, s9, s0, s1], listeners:[]
2024-10-31 03:25:23,566 INFO  server.RaftServer$Division (RaftServerImpl.java:setConfigurationAsync(1341)) - s8@group-4CD87B055E3A: receive setConfiguration SetConfigurationRequest:client-8FB543527D95->s8@group-4CD87B055E3A, cid=1984, seq=null, RW, null, SET_UNCONDITIONALLY, servers:[s7, s8, s9, s0, s1], listeners:[]
2024-10-31 03:25:23,667 INFO  server.RaftServer$Division (RaftServerImpl.java:setConfigurationAsync(1341)) - s7@group-4CD87B055E3A: receive setConfiguration SetConfigurationRequest:client-8FB543527D95->s7@group-4CD87B055E3A, cid=1984, seq=null, RW, null, SET_UNCONDITIONALLY, servers:[s7, s8, s9, s0, s1], listeners:[]
2024-10-31 03:25:23,767 INFO  server.RaftServer$Division (RaftServerImpl.java:setConfigurationAsync(1341)) - s9@group-4CD87B055E3A: receive setConfiguration SetConfigurationRequest:client-8FB543527D95->s9@group-4CD87B055E3A, cid=1984, seq=null, RW, null, SET_UNCONDITIONALLY, servers:[s7, s8, s9, s0, s1], listeners:[]
2024-10-31 03:25:23,868 INFO  server.RaftServer$Division (RaftServerImpl.java:setConfigurationAsync(1341)) - s7@group-4CD87B055E3A: receive setConfiguration SetConfigurationRequest:client-8FB543527D95->s7@group-4CD87B055E3A, cid=1984, seq=null, RW, null, SET_UNCONDITIONALLY, servers:[s7, s8, s9, s0, s1], listeners:[]
2024-10-31 03:25:23,968 INFO  server.RaftServer$Division (RaftServerImpl.java:setConfigurationAsync(1341)) - s9@group-4CD87B055E3A: receive setConfiguration SetConfigurationRequest:client-8FB543527D95->s9@group-4CD87B055E3A, cid=1984, seq=null, RW, null, SET_UNCONDITIONALLY, servers:[s7, s8, s9, s0, s1], listeners:[]
2024-10-31 03:25:24,068 INFO  server.RaftServer$Division (RaftServerImpl.java:setConfigurationAsync(1341)) - s7@group-4CD87B055E3A: receive setConfiguration SetConfigurationRequest:client-8FB543527D95->s7@group-4CD87B055E3A, cid=1984, seq=null, RW, null, SET_UNCONDITIONALLY, servers:[s7, s8, s9, s0, s1], listeners:[]
2024-10-31 03:25:24,169 INFO  server.RaftServer$Division (RaftServerImpl.java:setConfigurationAsync(1341)) - s8@group-4CD87B055E3A: receive setConfiguration SetConfigurationRequest:client-8FB543527D95->s8@group-4CD87B055E3A, cid=1984, seq=null, RW, null, SET_UNCONDITIONALLY, servers:[s7, s8, s9, s0, s1], listeners:[]
2024-10-31 03:25:24,269 INFO  server.RaftServer$Division (RaftServerImpl.java:setConfigurationAsync(1341)) - s7@group-4CD87B055E3A: receive setConfiguration SetConfigurationRequest:client-8FB543527D95->s7@group-4CD87B055E3A, cid=1984, seq=null, RW, null, SET_UNCONDITIONALLY, servers:[s7, s8, s9, s0, s1], listeners:[]
2024-10-31 03:25:24,370 INFO  server.RaftServer$Division (RaftServerImpl.java:setConfigurationAsync(1341)) - s8@group-4CD87B055E3A: receive setConfiguration SetConfigurationRequest:client-8FB543527D95->s8@group-4CD87B055E3A, cid=1984, seq=null, RW, null, SET_UNCONDITIONALLY, servers:[s7, s8, s9, s0, s1], listeners:[]
2024-10-31 03:25:24,470 INFO  server.RaftServer$Division (RaftServerImpl.java:setConfigurationAsync(1341)) - s7@group-4CD87B055E3A: receive setConfiguration SetConfigurationRequest:client-8FB543527D95->s7@group-4CD87B055E3A, cid=1984, seq=null, RW, null, SET_UNCONDITIONALLY, servers:[s7, s8, s9, s0, s1], listeners:[]
2024-10-31 03:25:24,570 INFO  server.RaftServer$Division (RaftServerImpl.java:setConfigurationAsync(1341)) - s9@group-4CD87B055E3A: receive setConfiguration SetConfigurationRequest:client-8FB543527D95->s9@group-4CD87B055E3A, cid=1984, seq=null, RW, null, SET_UNCONDITIONALLY, servers:[s7, s8, s9, s0, s1], listeners:[]
2024-10-31 03:25:24,671 INFO  server.RaftServer$Division (RaftServerImpl.java:setConfigurationAsync(1341)) - s7@group-4CD87B055E3A: receive setConfiguration SetConfigurationRequest:client-8FB543527D95->s7@group-4CD87B055E3A, cid=1984, seq=null, RW, null, SET_UNCONDITIONALLY, servers:[s7, s8, s9, s0, s1], listeners:[]
2024-10-31 03:25:24,771 INFO  server.RaftServer$Division (RaftServerImpl.java:setConfigurationAsync(1341)) - s9@group-4CD87B055E3A: receive setConfiguration SetConfigurationRequest:client-8FB543527D95->s9@group-4CD87B055E3A, cid=1984, seq=null, RW, null, SET_UNCONDITIONALLY, servers:[s7, s8, s9, s0, s1], listeners:[]
2024-10-31 03:25:24,872 INFO  server.RaftServer$Division (RaftServerImpl.java:setConfigurationAsync(1341)) - s7@group-4CD87B055E3A: receive setConfiguration SetConfigurationRequest:client-8FB543527D95->s7@group-4CD87B055E3A, cid=1984, seq=null, RW, null, SET_UNCONDITIONALLY, servers:[s7, s8, s9, s0, s1], listeners:[]
2024-10-31 03:25:24,972 INFO  server.RaftServer$Division (RaftServerImpl.java:setConfigurationAsync(1341)) - s9@group-4CD87B055E3A: receive setConfiguration SetConfigurationRequest:client-8FB543527D95->s9@group-4CD87B055E3A, cid=1984, seq=null, RW, null, SET_UNCONDITIONALLY, servers:[s7, s8, s9, s0, s1], listeners:[]
2024-10-31 03:25:25,073 INFO  server.RaftServer$Division (RaftServerImpl.java:setConfigurationAsync(1341)) - s7@group-4CD87B055E3A: receive setConfiguration SetConfigurationRequest:client-8FB543527D95->s7@group-4CD87B055E3A, cid=1984, seq=null, RW, null, SET_UNCONDITIONALLY, servers:[s7, s8, s9, s0, s1], listeners:[]
2024-10-31 03:25:25,173 INFO  server.RaftServer$Division (RaftServerImpl.java:setConfigurationAsync(1341)) - s8@group-4CD87B055E3A: receive setConfiguration SetConfigurationRequest:client-8FB543527D95->s8@group-4CD87B055E3A, cid=1984, seq=null, RW, null, SET_UNCONDITIONALLY, servers:[s7, s8, s9, s0, s1], listeners:[]
2024-10-31 03:25:25,273 INFO  server.RaftServer$Division (RaftServerImpl.java:setConfigurationAsync(1341)) - s7@group-4CD87B055E3A: receive setConfiguration SetConfigurationRequest:client-8FB543527D95->s7@group-4CD87B055E3A, cid=1984, seq=null, RW, null, SET_UNCONDITIONALLY, servers:[s7, s8, s9, s0, s1], listeners:[]
2024-10-31 03:25:25,374 INFO  server.RaftServer$Division (RaftServerImpl.java:setConfigurationAsync(1341)) - s9@group-4CD87B055E3A: receive setConfiguration SetConfigurationRequest:client-8FB543527D95->s9@group-4CD87B055E3A, cid=1984, seq=null, RW, null, SET_UNCONDITIONALLY, servers:[s7, s8, s9, s0, s1], listeners:[]
2024-10-31 03:25:25,474 INFO  server.RaftServer$Division (RaftServerImpl.java:setConfigurationAsync(1341)) - s7@group-4CD87B055E3A: receive setConfiguration SetConfigurationRequest:client-8FB543527D95->s7@group-4CD87B055E3A, cid=1984, seq=null, RW, null, SET_UNCONDITIONALLY, servers:[s7, s8, s9, s0, s1], listeners:[]
2024-10-31 03:25:25,575 INFO  server.RaftServer$Division (RaftServerImpl.java:setConfigurationAsync(1341)) - s9@group-4CD87B055E3A: receive setConfiguration SetConfigurationRequest:client-8FB543527D95->s9@group-4CD87B055E3A, cid=1984, seq=null, RW, null, SET_UNCONDITIONALLY, servers:[s7, s8, s9, s0, s1], listeners:[]
2024-10-31 03:25:25,675 INFO  server.RaftServer$Division (RaftServerImpl.java:setConfigurationAsync(1341)) - s7@group-4CD87B055E3A: receive setConfiguration SetConfigurationRequest:client-8FB543527D95->s7@group-4CD87B055E3A, cid=1984, seq=null, RW, null, SET_UNCONDITIONALLY, servers:[s7, s8, s9, s0, s1], listeners:[]
2024-10-31 03:25:25,776 INFO  server.RaftServer$Division (RaftServerImpl.java:setConfigurationAsync(1341)) - s8@group-4CD87B055E3A: receive setConfiguration SetConfigurationRequest:client-8FB543527D95->s8@group-4CD87B055E3A, cid=1984, seq=null, RW, null, SET_UNCONDITIONALLY, servers:[s7, s8, s9, s0, s1], listeners:[]
2024-10-31 03:25:25,876 INFO  server.RaftServer$Division (RaftServerImpl.java:setConfigurationAsync(1341)) - s7@group-4CD87B055E3A: receive setConfiguration SetConfigurationRequest:client-8FB543527D95->s7@group-4CD87B055E3A, cid=1984, seq=null, RW, null, SET_UNCONDITIONALLY, servers:[s7, s8, s9, s0, s1], listeners:[]
2024-10-31 03:25:25,977 INFO  server.RaftServer$Division (RaftServerImpl.java:setConfigurationAsync(1341)) - s8@group-4CD87B055E3A: receive setConfiguration SetConfigurationRequest:client-8FB543527D95->s8@group-4CD87B055E3A, cid=1984, seq=null, RW, null, SET_UNCONDITIONALLY, servers:[s7, s8, s9, s0, s1], listeners:[]
2024-10-31 03:25:25,993 INFO  impl.MiniRaftCluster (MiniRaftCluster.java:lambda$null$7(362)) - TIMED-PRINT: printing ALL groups
  s3:  RUNNING [
   FOLLOWER s3@group-4EB49E3E6D70:t0, leader=null, voted=, raftlog=Memoized:s3@group-4EB49E3E6D70-SegmentedRaftLog:OPENED:c-1:lastnull, conf=conf: {index: -1, cur=peers:[]|listeners:[], old=null} STARTING
   FOLLOWER s3@group-4CD87B055E3A:t0, leader=null, voted=, raftlog=Memoized:s3@group-4CD87B055E3A-SegmentedRaftLog:OPENED:c-1:lastnull, conf=conf: {index: -1, cur=peers:[]|listeners:[], old=null} STARTING] size=2
  s4:  RUNNING [
   FOLLOWER s4@group-4EB49E3E6D70:t0, leader=null, voted=, raftlog=Memoized:s4@group-4EB49E3E6D70-SegmentedRaftLog:OPENED:c-1:lastnull, conf=conf: {index: -1, cur=peers:[]|listeners:[], old=null} STARTING
   FOLLOWER s4@group-4CD87B055E3A:t0, leader=null, voted=, raftlog=Memoized:s4@group-4CD87B055E3A-SegmentedRaftLog:OPENED:c-1:lastnull, conf=conf: {index: -1, cur=peers:[]|listeners:[], old=null} STARTING] size=2
  s5:  RUNNING [
   FOLLOWER s5@group-4EB49E3E6D70:t0, leader=null, voted=, raftlog=Memoized:s5@group-4EB49E3E6D70-SegmentedRaftLog:OPENED:c-1:lastnull, conf=conf: {index: -1, cur=peers:[]|listeners:[], old=null} STARTING
   FOLLOWER s5@group-4CD87B055E3A:t0, leader=null, voted=, raftlog=Memoized:s5@group-4CD87B055E3A-SegmentedRaftLog:OPENED:c-1:lastnull, conf=conf: {index: -1, cur=peers:[]|listeners:[], old=null} STARTING] size=2
  s6:  RUNNING [
   FOLLOWER s6@group-4EB49E3E6D70:t0, leader=null, voted=, raftlog=Memoized:s6@group-4EB49E3E6D70-SegmentedRaftLog:OPENED:c-1:lastnull, conf=conf: {index: -1, cur=peers:[]|listeners:[], old=null} STARTING
   FOLLOWER s6@group-4CD87B055E3A:t0, leader=null, voted=, raftlog=Memoized:s6@group-4CD87B055E3A-SegmentedRaftLog:OPENED:c-1:lastnull, conf=conf: {index: -1, cur=peers:[]|listeners:[], old=null} STARTING] size=2
  s7:  RUNNING [
   FOLLOWER s7@group-4EB49E3E6D70:t0, leader=null, voted=, raftlog=Memoized:s7@group-4EB49E3E6D70-SegmentedRaftLog:OPENED:c-1:lastnull, conf=conf: {index: -1, cur=peers:[]|listeners:[], old=null} STARTING
     LEADER s7@group-4CD87B055E3A:t1, leader=s7, voted=s7, raftlog=Memoized:s7@group-4CD87B055E3A-SegmentedRaftLog:OPENED:c120:last(t:1, i:120), conf=conf: {index: 0, cur=peers:[s7, s8, s9]|listeners:[], old=null} RUNNING] size=2
  s8:  RUNNING [
   FOLLOWER s8@group-4EB49E3E6D70:t0, leader=null, voted=, raftlog=Memoized:s8@group-4EB49E3E6D70-SegmentedRaftLog:OPENED:c-1:lastnull, conf=conf: {index: -1, cur=peers:[]|listeners:[], old=null} STARTING
   FOLLOWER s8@group-4CD87B055E3A:t1, leader=s7, voted=s7, raftlog=Memoized:s8@group-4CD87B055E3A-SegmentedRaftLog:OPENED:c120:last(t:1, i:120), conf=conf: {index: 0, cur=peers:[s7|, s8|, s9|]|listeners:[], old=null} RUNNING] size=2
  s9:  RUNNING [
   FOLLOWER s9@group-4EB49E3E6D70:t0, leader=null, voted=, raftlog=Memoized:s9@group-4EB49E3E6D70-SegmentedRaftLog:OPENED:c-1:lastnull, conf=conf: {index: -1, cur=peers:[]|listeners:[], old=null} STARTING
   FOLLOWER s9@group-4CD87B055E3A:t1, leader=s7, voted=s7, raftlog=Memoized:s9@group-4CD87B055E3A-SegmentedRaftLog:OPENED:c120:last(t:1, i:120), conf=conf: {index: 0, cur=peers:[s7|, s8|, s9|]|listeners:[], old=null} RUNNING] size=2
  s11:  RUNNING [
   FOLLOWER s11@group-4EB49E3E6D70:t0, leader=null, voted=, raftlog=Memoized:s11@group-4EB49E3E6D70-SegmentedRaftLog:OPENED:c-1:lastnull, conf=conf: {index: -1, cur=peers:[]|listeners:[], old=null} STARTING
   FOLLOWER s11@group-4CD87B055E3A:t0, leader=null, voted=, raftlog=Memoized:s11@group-4CD87B055E3A-SegmentedRaftLog:OPENED:c-1:lastnull, conf=conf: {index: -1, cur=peers:[]|listeners:[], old=null} STARTING] size=2
  s10:  RUNNING [
   FOLLOWER s10@group-4EB49E3E6D70:t0, leader=null, voted=, raftlog=Memoized:s10@group-4EB49E3E6D70-SegmentedRaftLog:OPENED:c-1:lastnull, conf=conf: {index: -1, cur=peers:[]|listeners:[], old=null} STARTING
   FOLLOWER s10@group-4CD87B055E3A:t0, leader=null, voted=, raftlog=Memoized:s10@group-4CD87B055E3A-SegmentedRaftLog:OPENED:c-1:lastnull, conf=conf: {index: -1, cur=peers:[]|listeners:[], old=null} STARTING] size=2
  s13:  RUNNING [
   FOLLOWER s13@group-4EB49E3E6D70:t0, leader=null, voted=, raftlog=Memoized:s13@group-4EB49E3E6D70-SegmentedRaftLog:OPENED:c-1:lastnull, conf=conf: {index: -1, cur=peers:[]|listeners:[], old=null} STARTING
   FOLLOWER s13@group-4CD87B055E3A:t0, leader=null, voted=, raftlog=Memoized:s13@group-4CD87B055E3A-SegmentedRaftLog:OPENED:c-1:lastnull, conf=conf: {index: -1, cur=peers:[]|listeners:[], old=null} STARTING] size=2
  s12:  RUNNING [
   FOLLOWER s12@group-4EB49E3E6D70:t0, leader=null, voted=, raftlog=Memoized:s12@group-4EB49E3E6D70-SegmentedRaftLog:OPENED:c-1:lastnull, conf=conf: {index: -1, cur=peers:[]|listeners:[], old=null} STARTING
   FOLLOWER s12@group-4CD87B055E3A:t0, leader=null, voted=, raftlog=Memoized:s12@group-4CD87B055E3A-SegmentedRaftLog:OPENED:c-1:lastnull, conf=conf: {index: -1, cur=peers:[]|listeners:[], old=null} STARTING] size=2
  s14:  RUNNING [
   FOLLOWER s14@group-4EB49E3E6D70:t0, leader=null, voted=, raftlog=Memoized:s14@group-4EB49E3E6D70-SegmentedRaftLog:OPENED:c-1:lastnull, conf=conf: {index: -1, cur=peers:[]|listeners:[], old=null} STARTING
   FOLLOWER s14@group-4CD87B055E3A:t0, leader=null, voted=, raftlog=Memoized:s14@group-4CD87B055E3A-SegmentedRaftLog:OPENED:c-1:lastnull, conf=conf: {index: -1, cur=peers:[]|listeners:[], old=null} STARTING] size=2
  s0:  RUNNING [
   FOLLOWER s0@group-4EB49E3E6D70:t0, leader=null, voted=, raftlog=Memoized:s0@group-4EB49E3E6D70-SegmentedRaftLog:OPENED:c-1:lastnull, conf=conf: {index: -1, cur=peers:[]|listeners:[], old=null} STARTING
   FOLLOWER s0@group-4CD87B055E3A:t1, leader=s7, voted=null, raftlog=Memoized:s0@group-4CD87B055E3A-SegmentedRaftLog:OPENED:c120:last(t:1, i:120), conf=conf: {index: 0, cur=peers:[s7|, s8|, s9|]|listeners:[], old=null} STARTING] size=2
  s1:  RUNNING [
   FOLLOWER s1@group-4EB49E3E6D70:t0, leader=null, voted=, raftlog=Memoized:s1@group-4EB49E3E6D70-SegmentedRaftLog:OPENED:c-1:lastnull, conf=conf: {index: -1, cur=peers:[]|listeners:[], old=null} STARTING
   FOLLOWER s1@group-4CD87B055E3A:t1, leader=s7, voted=null, raftlog=Memoized:s1@group-4CD87B055E3A-SegmentedRaftLog:OPENED:c120:last(t:1, i:120), conf=conf: {index: 0, cur=peers:[s7|, s8|, s9|]|listeners:[], old=null} STARTING] size=2
  s2:  RUNNING [
   FOLLOWER s2@group-4EB49E3E6D70:t0, leader=null, voted=, raftlog=Memoized:s2@group-4EB49E3E6D70-SegmentedRaftLog:OPENED:c-1:lastnull, conf=conf: {index: -1, cur=peers:[]|listeners:[], old=null} STARTING
   FOLLOWER s2@group-4CD87B055E3A:t0, leader=null, voted=, raftlog=Memoized:s2@group-4CD87B055E3A-SegmentedRaftLog:OPENED:c-1:lastnull, conf=conf: {index: -1, cur=peers:[]|listeners:[], old=null} STARTING] size=2
2024-10-31 03:25:26,077 INFO  server.RaftServer$Division (RaftServerImpl.java:setConfigurationAsync(1341)) - s7@group-4CD87B055E3A: receive setConfiguration SetConfigurationRequest:client-8FB543527D95->s7@group-4CD87B055E3A, cid=1984, seq=null, RW, null, SET_UNCONDITIONALLY, servers:[s7, s8, s9, s0, s1], listeners:[]
2024-10-31 03:25:26,177 INFO  server.RaftServer$Division (RaftServerImpl.java:setConfigurationAsync(1341)) - s8@group-4CD87B055E3A: receive setConfiguration SetConfigurationRequest:client-8FB543527D95->s8@group-4CD87B055E3A, cid=1984, seq=null, RW, null, SET_UNCONDITIONALLY, servers:[s7, s8, s9, s0, s1], listeners:[]
2024-10-31 03:25:26,278 INFO  server.RaftServer$Division (RaftServerImpl.java:setConfigurationAsync(1341)) - s7@group-4CD87B055E3A: receive setConfiguration SetConfigurationRequest:client-8FB543527D95->s7@group-4CD87B055E3A, cid=1984, seq=null, RW, null, SET_UNCONDITIONALLY, servers:[s7, s8, s9, s0, s1], listeners:[]
2024-10-31 03:25:26,379 INFO  server.RaftServer$Division (RaftServerImpl.java:setConfigurationAsync(1341)) - s9@group-4CD87B055E3A: receive setConfiguration SetConfigurationRequest:client-8FB543527D95->s9@group-4CD87B055E3A, cid=1984, seq=null, RW, null, SET_UNCONDITIONALLY, servers:[s7, s8, s9, s0, s1], listeners:[]
2024-10-31 03:25:26,479 INFO  server.RaftServer$Division (RaftServerImpl.java:setConfigurationAsync(1341)) - s7@group-4CD87B055E3A: receive setConfiguration SetConfigurationRequest:client-8FB543527D95->s7@group-4CD87B055E3A, cid=1984, seq=null, RW, null, SET_UNCONDITIONALLY, servers:[s7, s8, s9, s0, s1], listeners:[]
2024-10-31 03:25:26,580 INFO  server.RaftServer$Division (RaftServerImpl.java:setConfigurationAsync(1341)) - s8@group-4CD87B055E3A: receive setConfiguration SetConfigurationRequest:client-8FB543527D95->s8@group-4CD87B055E3A, cid=1984, seq=null, RW, null, SET_UNCONDITIONALLY, servers:[s7, s8, s9, s0, s1], listeners:[]
2024-10-31 03:25:26,680 INFO  server.RaftServer$Division (RaftServerImpl.java:setConfigurationAsync(1341)) - s7@group-4CD87B055E3A: receive setConfiguration SetConfigurationRequest:client-8FB543527D95->s7@group-4CD87B055E3A, cid=1984, seq=null, RW, null, SET_UNCONDITIONALLY, servers:[s7, s8, s9, s0, s1], listeners:[]
2024-10-31 03:25:26,780 INFO  server.RaftServer$Division (RaftServerImpl.java:setConfigurationAsync(1341)) - s9@group-4CD87B055E3A: receive setConfiguration SetConfigurationRequest:client-8FB543527D95->s9@group-4CD87B055E3A, cid=1984, seq=null, RW, null, SET_UNCONDITIONALLY, servers:[s7, s8, s9, s0, s1], listeners:[]
2024-10-31 03:25:26,881 INFO  server.RaftServer$Division (RaftServerImpl.java:setConfigurationAsync(1341)) - s7@group-4CD87B055E3A: receive setConfiguration SetConfigurationRequest:client-8FB543527D95->s7@group-4CD87B055E3A, cid=1984, seq=null, RW, null, SET_UNCONDITIONALLY, servers:[s7, s8, s9, s0, s1], listeners:[]
2024-10-31 03:25:26,981 INFO  server.RaftServer$Division (RaftServerImpl.java:setConfigurationAsync(1341)) - s8@group-4CD87B055E3A: receive setConfiguration SetConfigurationRequest:client-8FB543527D95->s8@group-4CD87B055E3A, cid=1984, seq=null, RW, null, SET_UNCONDITIONALLY, servers:[s7, s8, s9, s0, s1], listeners:[]
2024-10-31 03:25:27,082 INFO  server.RaftServer$Division (RaftServerImpl.java:setConfigurationAsync(1341)) - s7@group-4CD87B055E3A: receive setConfiguration SetConfigurationRequest:client-8FB543527D95->s7@group-4CD87B055E3A, cid=1984, seq=null, RW, null, SET_UNCONDITIONALLY, servers:[s7, s8, s9, s0, s1], listeners:[]
2024-10-31 03:25:27,182 INFO  server.RaftServer$Division (RaftServerImpl.java:setConfigurationAsync(1341)) - s9@group-4CD87B055E3A: receive setConfiguration SetConfigurationRequest:client-8FB543527D95->s9@group-4CD87B055E3A, cid=1984, seq=null, RW, null, SET_UNCONDITIONALLY, servers:[s7, s8, s9, s0, s1], listeners:[]
2024-10-31 03:25:27,283 INFO  server.RaftServer$Division (RaftServerImpl.java:setConfigurationAsync(1341)) - s7@group-4CD87B055E3A: receive setConfiguration SetConfigurationRequest:client-8FB543527D95->s7@group-4CD87B055E3A, cid=1984, seq=null, RW, null, SET_UNCONDITIONALLY, servers:[s7, s8, s9, s0, s1], listeners:[]
2024-10-31 03:25:27,383 INFO  server.RaftServer$Division (RaftServerImpl.java:setConfigurationAsync(1341)) - s8@group-4CD87B055E3A: receive setConfiguration SetConfigurationRequest:client-8FB543527D95->s8@group-4CD87B055E3A, cid=1984, seq=null, RW, null, SET_UNCONDITIONALLY, servers:[s7, s8, s9, s0, s1], listeners:[]
2024-10-31 03:25:27,484 INFO  server.RaftServer$Division (RaftServerImpl.java:setConfigurationAsync(1341)) - s7@group-4CD87B055E3A: receive setConfiguration SetConfigurationRequest:client-8FB543527D95->s7@group-4CD87B055E3A, cid=1984, seq=null, RW, null, SET_UNCONDITIONALLY, servers:[s7, s8, s9, s0, s1], listeners:[]
2024-10-31 03:25:27,584 INFO  server.RaftServer$Division (RaftServerImpl.java:setConfigurationAsync(1341)) - s8@group-4CD87B055E3A: receive setConfiguration SetConfigurationRequest:client-8FB543527D95->s8@group-4CD87B055E3A, cid=1984, seq=null, RW, null, SET_UNCONDITIONALLY, servers:[s7, s8, s9, s0, s1], listeners:[]
2024-10-31 03:25:27,684 INFO  server.RaftServer$Division (RaftServerImpl.java:setConfigurationAsync(1341)) - s7@group-4CD87B055E3A: receive setConfiguration SetConfigurationRequest:client-8FB543527D95->s7@group-4CD87B055E3A, cid=1984, seq=null, RW, null, SET_UNCONDITIONALLY, servers:[s7, s8, s9, s0, s1], listeners:[]
2024-10-31 03:25:27,785 INFO  server.RaftServer$Division (RaftServerImpl.java:setConfigurationAsync(1341)) - s9@group-4CD87B055E3A: receive setConfiguration SetConfigurationRequest:client-8FB543527D95->s9@group-4CD87B055E3A, cid=1984, seq=null, RW, null, SET_UNCONDITIONALLY, servers:[s7, s8, s9, s0, s1], listeners:[]
2024-10-31 03:25:27,885 INFO  server.RaftServer$Division (RaftServerImpl.java:setConfigurationAsync(1341)) - s7@group-4CD87B055E3A: receive setConfiguration SetConfigurationRequest:client-8FB543527D95->s7@group-4CD87B055E3A, cid=1984, seq=null, RW, null, SET_UNCONDITIONALLY, servers:[s7, s8, s9, s0, s1], listeners:[]
2024-10-31 03:25:27,986 INFO  server.RaftServer$Division (RaftServerImpl.java:setConfigurationAsync(1341)) - s8@group-4CD87B055E3A: receive setConfiguration SetConfigurationRequest:client-8FB543527D95->s8@group-4CD87B055E3A, cid=1984, seq=null, RW, null, SET_UNCONDITIONALLY, servers:[s7, s8, s9, s0, s1], listeners:[]
2024-10-31 03:25:28,086 INFO  server.RaftServer$Division (RaftServerImpl.java:setConfigurationAsync(1341)) - s7@group-4CD87B055E3A: receive setConfiguration SetConfigurationRequest:client-8FB543527D95->s7@group-4CD87B055E3A, cid=1984, seq=null, RW, null, SET_UNCONDITIONALLY, servers:[s7, s8, s9, s0, s1], listeners:[]
2024-10-31 03:25:28,187 INFO  server.RaftServer$Division (RaftServerImpl.java:setConfigurationAsync(1341)) - s9@group-4CD87B055E3A: receive setConfiguration SetConfigurationRequest:client-8FB543527D95->s9@group-4CD87B055E3A, cid=1984, seq=null, RW, null, SET_UNCONDITIONALLY, servers:[s7, s8, s9, s0, s1], listeners:[]
2024-10-31 03:25:28,287 INFO  server.RaftServer$Division (RaftServerImpl.java:setConfigurationAsync(1341)) - s7@group-4CD87B055E3A: receive setConfiguration SetConfigurationRequest:client-8FB543527D95->s7@group-4CD87B055E3A, cid=1984, seq=null, RW, null, SET_UNCONDITIONALLY, servers:[s7, s8, s9, s0, s1], listeners:[]
2024-10-31 03:25:28,388 INFO  server.RaftServer$Division (RaftServerImpl.java:setConfigurationAsync(1341)) - s9@group-4CD87B055E3A: receive setConfiguration SetConfigurationRequest:client-8FB543527D95->s9@group-4CD87B055E3A, cid=1984, seq=null, RW, null, SET_UNCONDITIONALLY, servers:[s7, s8, s9, s0, s1], listeners:[]
2024-10-31 03:25:28,488 INFO  server.RaftServer$Division (RaftServerImpl.java:setConfigurationAsync(1341)) - s7@group-4CD87B055E3A: receive setConfiguration SetConfigurationRequest:client-8FB543527D95->s7@group-4CD87B055E3A, cid=1984, seq=null, RW, null, SET_UNCONDITIONALLY, servers:[s7, s8, s9, s0, s1], listeners:[]
2024-10-31 03:25:28,589 INFO  server.RaftServer$Division (RaftServerImpl.java:setConfigurationAsync(1341)) - s9@group-4CD87B055E3A: receive setConfiguration SetConfigurationRequest:client-8FB543527D95->s9@group-4CD87B055E3A, cid=1984, seq=null, RW, null, SET_UNCONDITIONALLY, servers:[s7, s8, s9, s0, s1], listeners:[]
2024-10-31 03:25:28,689 INFO  server.RaftServer$Division (RaftServerImpl.java:setConfigurationAsync(1341)) - s7@group-4CD87B055E3A: receive setConfiguration SetConfigurationRequest:client-8FB543527D95->s7@group-4CD87B055E3A, cid=1984, seq=null, RW, null, SET_UNCONDITIONALLY, servers:[s7, s8, s9, s0, s1], listeners:[]
2024-10-31 03:25:28,789 INFO  server.RaftServer$Division (RaftServerImpl.java:setConfigurationAsync(1341)) - s9@group-4CD87B055E3A: receive setConfiguration SetConfigurationRequest:client-8FB543527D95->s9@group-4CD87B055E3A, cid=1984, seq=null, RW, null, SET_UNCONDITIONALLY, servers:[s7, s8, s9, s0, s1], listeners:[]
2024-10-31 03:25:28,890 INFO  server.RaftServer$Division (RaftServerImpl.java:setConfigurationAsync(1341)) - s7@group-4CD87B055E3A: receive setConfiguration SetConfigurationRequest:client-8FB543527D95->s7@group-4CD87B055E3A, cid=1984, seq=null, RW, null, SET_UNCONDITIONALLY, servers:[s7, s8, s9, s0, s1], listeners:[]
2024-10-31 03:25:28,990 INFO  server.RaftServer$Division (RaftServerImpl.java:setConfigurationAsync(1341)) - s8@group-4CD87B055E3A: receive setConfiguration SetConfigurationRequest:client-8FB543527D95->s8@group-4CD87B055E3A, cid=1984, seq=null, RW, null, SET_UNCONDITIONALLY, servers:[s7, s8, s9, s0, s1], listeners:[]
2024-10-31 03:25:29,091 INFO  server.RaftServer$Division (RaftServerImpl.java:setConfigurationAsync(1341)) - s7@group-4CD87B055E3A: receive setConfiguration SetConfigurationRequest:client-8FB543527D95->s7@group-4CD87B055E3A, cid=1984, seq=null, RW, null, SET_UNCONDITIONALLY, servers:[s7, s8, s9, s0, s1], listeners:[]
2024-10-31 03:25:29,191 INFO  server.RaftServer$Division (RaftServerImpl.java:setConfigurationAsync(1341)) - s9@group-4CD87B055E3A: receive setConfiguration SetConfigurationRequest:client-8FB543527D95->s9@group-4CD87B055E3A, cid=1984, seq=null, RW, null, SET_UNCONDITIONALLY, servers:[s7, s8, s9, s0, s1], listeners:[]
2024-10-31 03:25:29,292 INFO  server.RaftServer$Division (RaftServerImpl.java:setConfigurationAsync(1341)) - s7@group-4CD87B055E3A: receive setConfiguration SetConfigurationRequest:client-8FB543527D95->s7@group-4CD87B055E3A, cid=1984, seq=null, RW, null, SET_UNCONDITIONALLY, servers:[s7, s8, s9, s0, s1], listeners:[]
2024-10-31 03:25:29,392 INFO  server.RaftServer$Division (RaftServerImpl.java:setConfigurationAsync(1341)) - s9@group-4CD87B055E3A: receive setConfiguration SetConfigurationRequest:client-8FB543527D95->s9@group-4CD87B055E3A, cid=1984, seq=null, RW, null, SET_UNCONDITIONALLY, servers:[s7, s8, s9, s0, s1], listeners:[]
2024-10-31 03:25:29,492 INFO  server.RaftServer$Division (RaftServerImpl.java:setConfigurationAsync(1341)) - s7@group-4CD87B055E3A: receive setConfiguration SetConfigurationRequest:client-8FB543527D95->s7@group-4CD87B055E3A, cid=1984, seq=null, RW, null, SET_UNCONDITIONALLY, servers:[s7, s8, s9, s0, s1], listeners:[]
2024-10-31 03:25:29,593 INFO  server.RaftServer$Division (RaftServerImpl.java:setConfigurationAsync(1341)) - s9@group-4CD87B055E3A: receive setConfiguration SetConfigurationRequest:client-8FB543527D95->s9@group-4CD87B055E3A, cid=1984, seq=null, RW, null, SET_UNCONDITIONALLY, servers:[s7, s8, s9, s0, s1], listeners:[]
2024-10-31 03:25:29,693 INFO  server.RaftServer$Division (RaftServerImpl.java:setConfigurationAsync(1341)) - s7@group-4CD87B055E3A: receive setConfiguration SetConfigurationRequest:client-8FB543527D95->s7@group-4CD87B055E3A, cid=1984, seq=null, RW, null, SET_UNCONDITIONALLY, servers:[s7, s8, s9, s0, s1], listeners:[]
2024-10-31 03:25:29,794 INFO  server.RaftServer$Division (RaftServerImpl.java:setConfigurationAsync(1341)) - s9@group-4CD87B055E3A: receive setConfiguration SetConfigurationRequest:client-8FB543527D95->s9@group-4CD87B055E3A, cid=1984, seq=null, RW, null, SET_UNCONDITIONALLY, servers:[s7, s8, s9, s0, s1], listeners:[]
2024-10-31 03:25:29,894 INFO  server.RaftServer$Division (RaftServerImpl.java:setConfigurationAsync(1341)) - s7@group-4CD87B055E3A: receive setConfiguration SetConfigurationRequest:client-8FB543527D95->s7@group-4CD87B055E3A, cid=1984, seq=null, RW, null, SET_UNCONDITIONALLY, servers:[s7, s8, s9, s0, s1], listeners:[]
2024-10-31 03:25:29,995 INFO  server.RaftServer$Division (RaftServerImpl.java:setConfigurationAsync(1341)) - s8@group-4CD87B055E3A: receive setConfiguration SetConfigurationRequest:client-8FB543527D95->s8@group-4CD87B055E3A, cid=1984, seq=null, RW, null, SET_UNCONDITIONALLY, servers:[s7, s8, s9, s0, s1], listeners:[]
2024-10-31 03:25:30,095 INFO  server.RaftServer$Division (RaftServerImpl.java:setConfigurationAsync(1341)) - s7@group-4CD87B055E3A: receive setConfiguration SetConfigurationRequest:client-8FB543527D95->s7@group-4CD87B055E3A, cid=1984, seq=null, RW, null, SET_UNCONDITIONALLY, servers:[s7, s8, s9, s0, s1], listeners:[]
2024-10-31 03:25:30,195 INFO  server.RaftServer$Division (RaftServerImpl.java:setConfigurationAsync(1341)) - s9@group-4CD87B055E3A: receive setConfiguration SetConfigurationRequest:client-8FB543527D95->s9@group-4CD87B055E3A, cid=1984, seq=null, RW, null, SET_UNCONDITIONALLY, servers:[s7, s8, s9, s0, s1], listeners:[]
2024-10-31 03:25:30,296 INFO  server.RaftServer$Division (RaftServerImpl.java:setConfigurationAsync(1341)) - s7@group-4CD87B055E3A: receive setConfiguration SetConfigurationRequest:client-8FB543527D95->s7@group-4CD87B055E3A, cid=1984, seq=null, RW, null, SET_UNCONDITIONALLY, servers:[s7, s8, s9, s0, s1], listeners:[]
2024-10-31 03:25:30,396 INFO  server.RaftServer$Division (RaftServerImpl.java:setConfigurationAsync(1341)) - s9@group-4CD87B055E3A: receive setConfiguration SetConfigurationRequest:client-8FB543527D95->s9@group-4CD87B055E3A, cid=1984, seq=null, RW, null, SET_UNCONDITIONALLY, servers:[s7, s8, s9, s0, s1], listeners:[]
2024-10-31 03:25:30,497 INFO  server.RaftServer$Division (RaftServerImpl.java:setConfigurationAsync(1341)) - s7@group-4CD87B055E3A: receive setConfiguration SetConfigurationRequest:client-8FB543527D95->s7@group-4CD87B055E3A, cid=1984, seq=null, RW, null, SET_UNCONDITIONALLY, servers:[s7, s8, s9, s0, s1], listeners:[]
2024-10-31 03:25:30,597 INFO  server.RaftServer$Division (RaftServerImpl.java:setConfigurationAsync(1341)) - s8@group-4CD87B055E3A: receive setConfiguration SetConfigurationRequest:client-8FB543527D95->s8@group-4CD87B055E3A, cid=1984, seq=null, RW, null, SET_UNCONDITIONALLY, servers:[s7, s8, s9, s0, s1], listeners:[]
2024-10-31 03:25:30,697 INFO  server.RaftServer$Division (RaftServerImpl.java:setConfigurationAsync(1341)) - s7@group-4CD87B055E3A: receive setConfiguration SetConfigurationRequest:client-8FB543527D95->s7@group-4CD87B055E3A, cid=1984, seq=null, RW, null, SET_UNCONDITIONALLY, servers:[s7, s8, s9, s0, s1], listeners:[]
2024-10-31 03:25:30,798 INFO  server.RaftServer$Division (RaftServerImpl.java:setConfigurationAsync(1341)) - s8@group-4CD87B055E3A: receive setConfiguration SetConfigurationRequest:client-8FB543527D95->s8@group-4CD87B055E3A, cid=1984, seq=null, RW, null, SET_UNCONDITIONALLY, servers:[s7, s8, s9, s0, s1], listeners:[]
2024-10-31 03:25:30,898 INFO  server.RaftServer$Division (RaftServerImpl.java:setConfigurationAsync(1341)) - s7@group-4CD87B055E3A: receive setConfiguration SetConfigurationRequest:client-8FB543527D95->s7@group-4CD87B055E3A, cid=1984, seq=null, RW, null, SET_UNCONDITIONALLY, servers:[s7, s8, s9, s0, s1], listeners:[]
2024-10-31 03:25:30,998 INFO  server.RaftServer$Division (RaftServerImpl.java:setConfigurationAsync(1341)) - s9@group-4CD87B055E3A: receive setConfiguration SetConfigurationRequest:client-8FB543527D95->s9@group-4CD87B055E3A, cid=1984, seq=null, RW, null, SET_UNCONDITIONALLY, servers:[s7, s8, s9, s0, s1], listeners:[]
2024-10-31 03:25:31,099 INFO  server.RaftServer$Division (RaftServerImpl.java:setConfigurationAsync(1341)) - s7@group-4CD87B055E3A: receive setConfiguration SetConfigurationRequest:client-8FB543527D95->s7@group-4CD87B055E3A, cid=1984, seq=null, RW, null, SET_UNCONDITIONALLY, servers:[s7, s8, s9, s0, s1], listeners:[]
2024-10-31 03:25:31,199 INFO  server.RaftServer$Division (RaftServerImpl.java:setConfigurationAsync(1341)) - s8@group-4CD87B055E3A: receive setConfiguration SetConfigurationRequest:client-8FB543527D95->s8@group-4CD87B055E3A, cid=1984, seq=null, RW, null, SET_UNCONDITIONALLY, servers:[s7, s8, s9, s0, s1], listeners:[]
2024-10-31 03:25:31,299 INFO  server.RaftServer$Division (RaftServerImpl.java:setConfigurationAsync(1341)) - s7@group-4CD87B055E3A: receive setConfiguration SetConfigurationRequest:client-8FB543527D95->s7@group-4CD87B055E3A, cid=1984, seq=null, RW, null, SET_UNCONDITIONALLY, servers:[s7, s8, s9, s0, s1], listeners:[]
2024-10-31 03:25:31,400 INFO  server.RaftServer$Division (RaftServerImpl.java:setConfigurationAsync(1341)) - s8@group-4CD87B055E3A: receive setConfiguration SetConfigurationRequest:client-8FB543527D95->s8@group-4CD87B055E3A, cid=1984, seq=null, RW, null, SET_UNCONDITIONALLY, servers:[s7, s8, s9, s0, s1], listeners:[]
2024-10-31 03:25:31,500 INFO  server.RaftServer$Division (RaftServerImpl.java:setConfigurationAsync(1341)) - s7@group-4CD87B055E3A: receive setConfiguration SetConfigurationRequest:client-8FB543527D95->s7@group-4CD87B055E3A, cid=1984, seq=null, RW, null, SET_UNCONDITIONALLY, servers:[s7, s8, s9, s0, s1], listeners:[]
2024-10-31 03:25:31,601 INFO  server.RaftServer$Division (RaftServerImpl.java:setConfigurationAsync(1341)) - s8@group-4CD87B055E3A: receive setConfiguration SetConfigurationRequest:client-8FB543527D95->s8@group-4CD87B055E3A, cid=1984, seq=null, RW, null, SET_UNCONDITIONALLY, servers:[s7, s8, s9, s0, s1], listeners:[]
2024-10-31 03:25:31,701 INFO  server.RaftServer$Division (RaftServerImpl.java:setConfigurationAsync(1341)) - s7@group-4CD87B055E3A: receive setConfiguration SetConfigurationRequest:client-8FB543527D95->s7@group-4CD87B055E3A, cid=1984, seq=null, RW, null, SET_UNCONDITIONALLY, servers:[s7, s8, s9, s0, s1], listeners:[]
2024-10-31 03:25:31,801 INFO  server.RaftServer$Division (RaftServerImpl.java:setConfigurationAsync(1341)) - s8@group-4CD87B055E3A: receive setConfiguration SetConfigurationRequest:client-8FB543527D95->s8@group-4CD87B055E3A, cid=1984, seq=null, RW, null, SET_UNCONDITIONALLY, servers:[s7, s8, s9, s0, s1], listeners:[]
2024-10-31 03:25:31,901 INFO  server.RaftServer$Division (RaftServerImpl.java:setConfigurationAsync(1341)) - s7@group-4CD87B055E3A: receive setConfiguration SetConfigurationRequest:client-8FB543527D95->s7@group-4CD87B055E3A, cid=1984, seq=null, RW, null, SET_UNCONDITIONALLY, servers:[s7, s8, s9, s0, s1], listeners:[]
2024-10-31 03:25:32,002 INFO  server.RaftServer$Division (RaftServerImpl.java:setConfigurationAsync(1341)) - s9@group-4CD87B055E3A: receive setConfiguration SetConfigurationRequest:client-8FB543527D95->s9@group-4CD87B055E3A, cid=1984, seq=null, RW, null, SET_UNCONDITIONALLY, servers:[s7, s8, s9, s0, s1], listeners:[]
2024-10-31 03:25:32,102 INFO  server.RaftServer$Division (RaftServerImpl.java:setConfigurationAsync(1341)) - s7@group-4CD87B055E3A: receive setConfiguration SetConfigurationRequest:client-8FB543527D95->s7@group-4CD87B055E3A, cid=1984, seq=null, RW, null, SET_UNCONDITIONALLY, servers:[s7, s8, s9, s0, s1], listeners:[]
2024-10-31 03:25:32,203 INFO  server.RaftServer$Division (RaftServerImpl.java:setConfigurationAsync(1341)) - s8@group-4CD87B055E3A: receive setConfiguration SetConfigurationRequest:client-8FB543527D95->s8@group-4CD87B055E3A, cid=1984, seq=null, RW, null, SET_UNCONDITIONALLY, servers:[s7, s8, s9, s0, s1], listeners:[]
2024-10-31 03:25:32,303 INFO  server.RaftServer$Division (RaftServerImpl.java:setConfigurationAsync(1341)) - s7@group-4CD87B055E3A: receive setConfiguration SetConfigurationRequest:client-8FB543527D95->s7@group-4CD87B055E3A, cid=1984, seq=null, RW, null, SET_UNCONDITIONALLY, servers:[s7, s8, s9, s0, s1], listeners:[]
2024-10-31 03:25:32,403 INFO  server.RaftServer$Division (RaftServerImpl.java:setConfigurationAsync(1341)) - s8@group-4CD87B055E3A: receive setConfiguration SetConfigurationRequest:client-8FB543527D95->s8@group-4CD87B055E3A, cid=1984, seq=null, RW, null, SET_UNCONDITIONALLY, servers:[s7, s8, s9, s0, s1], listeners:[]
2024-10-31 03:25:32,504 INFO  server.RaftServer$Division (RaftServerImpl.java:setConfigurationAsync(1341)) - s7@group-4CD87B055E3A: receive setConfiguration SetConfigurationRequest:client-8FB543527D95->s7@group-4CD87B055E3A, cid=1984, seq=null, RW, null, SET_UNCONDITIONALLY, servers:[s7, s8, s9, s0, s1], listeners:[]
2024-10-31 03:25:32,604 INFO  server.RaftServer$Division (RaftServerImpl.java:setConfigurationAsync(1341)) - s8@group-4CD87B055E3A: receive setConfiguration SetConfigurationRequest:client-8FB543527D95->s8@group-4CD87B055E3A, cid=1984, seq=null, RW, null, SET_UNCONDITIONALLY, servers:[s7, s8, s9, s0, s1], listeners:[]
2024-10-31 03:25:32,704 INFO  server.RaftServer$Division (RaftServerImpl.java:setConfigurationAsync(1341)) - s7@group-4CD87B055E3A: receive setConfiguration SetConfigurationRequest:client-8FB543527D95->s7@group-4CD87B055E3A, cid=1984, seq=null, RW, null, SET_UNCONDITIONALLY, servers:[s7, s8, s9, s0, s1], listeners:[]
2024-10-31 03:25:32,805 INFO  server.RaftServer$Division (RaftServerImpl.java:setConfigurationAsync(1341)) - s9@group-4CD87B055E3A: receive setConfiguration SetConfigurationRequest:client-8FB543527D95->s9@group-4CD87B055E3A, cid=1984, seq=null, RW, null, SET_UNCONDITIONALLY, servers:[s7, s8, s9, s0, s1], listeners:[]
2024-10-31 03:25:32,905 INFO  server.RaftServer$Division (RaftServerImpl.java:setConfigurationAsync(1341)) - s7@group-4CD87B055E3A: receive setConfiguration SetConfigurationRequest:client-8FB543527D95->s7@group-4CD87B055E3A, cid=1984, seq=null, RW, null, SET_UNCONDITIONALLY, servers:[s7, s8, s9, s0, s1], listeners:[]
2024-10-31 03:25:33,006 INFO  server.RaftServer$Division (RaftServerImpl.java:setConfigurationAsync(1341)) - s8@group-4CD87B055E3A: receive setConfiguration SetConfigurationRequest:client-8FB543527D95->s8@group-4CD87B055E3A, cid=1984, seq=null, RW, null, SET_UNCONDITIONALLY, servers:[s7, s8, s9, s0, s1], listeners:[]
2024-10-31 03:25:33,106 INFO  server.RaftServer$Division (RaftServerImpl.java:setConfigurationAsync(1341)) - s7@group-4CD87B055E3A: receive setConfiguration SetConfigurationRequest:client-8FB543527D95->s7@group-4CD87B055E3A, cid=1984, seq=null, RW, null, SET_UNCONDITIONALLY, servers:[s7, s8, s9, s0, s1], listeners:[]
2024-10-31 03:25:33,206 INFO  server.RaftServer$Division (RaftServerImpl.java:setConfigurationAsync(1341)) - s8@group-4CD87B055E3A: receive setConfiguration SetConfigurationRequest:client-8FB543527D95->s8@group-4CD87B055E3A, cid=1984, seq=null, RW, null, SET_UNCONDITIONALLY, servers:[s7, s8, s9, s0, s1], listeners:[]
2024-10-31 03:25:33,307 INFO  server.RaftServer$Division (RaftServerImpl.java:setConfigurationAsync(1341)) - s7@group-4CD87B055E3A: receive setConfiguration SetConfigurationRequest:client-8FB543527D95->s7@group-4CD87B055E3A, cid=1984, seq=null, RW, null, SET_UNCONDITIONALLY, servers:[s7, s8, s9, s0, s1], listeners:[]
2024-10-31 03:25:33,407 INFO  server.RaftServer$Division (RaftServerImpl.java:setConfigurationAsync(1341)) - s8@group-4CD87B055E3A: receive setConfiguration SetConfigurationRequest:client-8FB543527D95->s8@group-4CD87B055E3A, cid=1984, seq=null, RW, null, SET_UNCONDITIONALLY, servers:[s7, s8, s9, s0, s1], listeners:[]
2024-10-31 03:25:33,507 INFO  server.RaftServer$Division (RaftServerImpl.java:setConfigurationAsync(1341)) - s7@group-4CD87B055E3A: receive setConfiguration SetConfigurationRequest:client-8FB543527D95->s7@group-4CD87B055E3A, cid=1984, seq=null, RW, null, SET_UNCONDITIONALLY, servers:[s7, s8, s9, s0, s1], listeners:[]
2024-10-31 03:25:33,608 INFO  server.RaftServer$Division (RaftServerImpl.java:setConfigurationAsync(1341)) - s9@group-4CD87B055E3A: receive setConfiguration SetConfigurationRequest:client-8FB543527D95->s9@group-4CD87B055E3A, cid=1984, seq=null, RW, null, SET_UNCONDITIONALLY, servers:[s7, s8, s9, s0, s1], listeners:[]
2024-10-31 03:25:33,708 INFO  server.RaftServer$Division (RaftServerImpl.java:setConfigurationAsync(1341)) - s7@group-4CD87B055E3A: receive setConfiguration SetConfigurationRequest:client-8FB543527D95->s7@group-4CD87B055E3A, cid=1984, seq=null, RW, null, SET_UNCONDITIONALLY, servers:[s7, s8, s9, s0, s1], listeners:[]
2024-10-31 03:25:33,808 INFO  server.RaftServer$Division (RaftServerImpl.java:setConfigurationAsync(1341)) - s8@group-4CD87B055E3A: receive setConfiguration SetConfigurationRequest:client-8FB543527D95->s8@group-4CD87B055E3A, cid=1984, seq=null, RW, null, SET_UNCONDITIONALLY, servers:[s7, s8, s9, s0, s1], listeners:[]
2024-10-31 03:25:33,909 INFO  server.RaftServer$Division (RaftServerImpl.java:setConfigurationAsync(1341)) - s7@group-4CD87B055E3A: receive setConfiguration SetConfigurationRequest:client-8FB543527D95->s7@group-4CD87B055E3A, cid=1984, seq=null, RW, null, SET_UNCONDITIONALLY, servers:[s7, s8, s9, s0, s1], listeners:[]
2024-10-31 03:25:34,009 INFO  server.RaftServer$Division (RaftServerImpl.java:setConfigurationAsync(1341)) - s8@group-4CD87B055E3A: receive setConfiguration SetConfigurationRequest:client-8FB543527D95->s8@group-4CD87B055E3A, cid=1984, seq=null, RW, null, SET_UNCONDITIONALLY, servers:[s7, s8, s9, s0, s1], listeners:[]
2024-10-31 03:25:34,110 INFO  server.RaftServer$Division (RaftServerImpl.java:setConfigurationAsync(1341)) - s7@group-4CD87B055E3A: receive setConfiguration SetConfigurationRequest:client-8FB543527D95->s7@group-4CD87B055E3A, cid=1984, seq=null, RW, null, SET_UNCONDITIONALLY, servers:[s7, s8, s9, s0, s1], listeners:[]
2024-10-31 03:25:34,210 INFO  server.RaftServer$Division (RaftServerImpl.java:setConfigurationAsync(1341)) - s8@group-4CD87B055E3A: receive setConfiguration SetConfigurationRequest:client-8FB543527D95->s8@group-4CD87B055E3A, cid=1984, seq=null, RW, null, SET_UNCONDITIONALLY, servers:[s7, s8, s9, s0, s1], listeners:[]
2024-10-31 03:25:34,311 INFO  server.RaftServer$Division (RaftServerImpl.java:setConfigurationAsync(1341)) - s7@group-4CD87B055E3A: receive setConfiguration SetConfigurationRequest:client-8FB543527D95->s7@group-4CD87B055E3A, cid=1984, seq=null, RW, null, SET_UNCONDITIONALLY, servers:[s7, s8, s9, s0, s1], listeners:[]
2024-10-31 03:25:34,411 INFO  server.RaftServer$Division (RaftServerImpl.java:setConfigurationAsync(1341)) - s9@group-4CD87B055E3A: receive setConfiguration SetConfigurationRequest:client-8FB543527D95->s9@group-4CD87B055E3A, cid=1984, seq=null, RW, null, SET_UNCONDITIONALLY, servers:[s7, s8, s9, s0, s1], listeners:[]
2024-10-31 03:25:34,511 INFO  server.RaftServer$Division (RaftServerImpl.java:setConfigurationAsync(1341)) - s7@group-4CD87B055E3A: receive setConfiguration SetConfigurationRequest:client-8FB543527D95->s7@group-4CD87B055E3A, cid=1984, seq=null, RW, null, SET_UNCONDITIONALLY, servers:[s7, s8, s9, s0, s1], listeners:[]
2024-10-31 03:25:34,612 INFO  server.RaftServer$Division (RaftServerImpl.java:setConfigurationAsync(1341)) - s9@group-4CD87B055E3A: receive setConfiguration SetConfigurationRequest:client-8FB543527D95->s9@group-4CD87B055E3A, cid=1984, seq=null, RW, null, SET_UNCONDITIONALLY, servers:[s7, s8, s9, s0, s1], listeners:[]
2024-10-31 03:25:34,712 INFO  server.RaftServer$Division (RaftServerImpl.java:setConfigurationAsync(1341)) - s7@group-4CD87B055E3A: receive setConfiguration SetConfigurationRequest:client-8FB543527D95->s7@group-4CD87B055E3A, cid=1984, seq=null, RW, null, SET_UNCONDITIONALLY, servers:[s7, s8, s9, s0, s1], listeners:[]
2024-10-31 03:25:34,813 INFO  server.RaftServer$Division (RaftServerImpl.java:setConfigurationAsync(1341)) - s8@group-4CD87B055E3A: receive setConfiguration SetConfigurationRequest:client-8FB543527D95->s8@group-4CD87B055E3A, cid=1984, seq=null, RW, null, SET_UNCONDITIONALLY, servers:[s7, s8, s9, s0, s1], listeners:[]
2024-10-31 03:25:34,913 INFO  server.RaftServer$Division (RaftServerImpl.java:setConfigurationAsync(1341)) - s7@group-4CD87B055E3A: receive setConfiguration SetConfigurationRequest:client-8FB543527D95->s7@group-4CD87B055E3A, cid=1984, seq=null, RW, null, SET_UNCONDITIONALLY, servers:[s7, s8, s9, s0, s1], listeners:[]
2024-10-31 03:25:35,013 INFO  server.RaftServer$Division (RaftServerImpl.java:setConfigurationAsync(1341)) - s9@group-4CD87B055E3A: receive setConfiguration SetConfigurationRequest:client-8FB543527D95->s9@group-4CD87B055E3A, cid=1984, seq=null, RW, null, SET_UNCONDITIONALLY, servers:[s7, s8, s9, s0, s1], listeners:[]
2024-10-31 03:25:35,114 INFO  server.RaftServer$Division (RaftServerImpl.java:setConfigurationAsync(1341)) - s7@group-4CD87B055E3A: receive setConfiguration SetConfigurationRequest:client-8FB543527D95->s7@group-4CD87B055E3A, cid=1984, seq=null, RW, null, SET_UNCONDITIONALLY, servers:[s7, s8, s9, s0, s1], listeners:[]
2024-10-31 03:25:35,214 INFO  server.RaftServer$Division (RaftServerImpl.java:setConfigurationAsync(1341)) - s8@group-4CD87B055E3A: receive setConfiguration SetConfigurationRequest:client-8FB543527D95->s8@group-4CD87B055E3A, cid=1984, seq=null, RW, null, SET_UNCONDITIONALLY, servers:[s7, s8, s9, s0, s1], listeners:[]
2024-10-31 03:25:35,315 INFO  server.RaftServer$Division (RaftServerImpl.java:setConfigurationAsync(1341)) - s7@group-4CD87B055E3A: receive setConfiguration SetConfigurationRequest:client-8FB543527D95->s7@group-4CD87B055E3A, cid=1984, seq=null, RW, null, SET_UNCONDITIONALLY, servers:[s7, s8, s9, s0, s1], listeners:[]
2024-10-31 03:25:35,415 INFO  server.RaftServer$Division (RaftServerImpl.java:setConfigurationAsync(1341)) - s8@group-4CD87B055E3A: receive setConfiguration SetConfigurationRequest:client-8FB543527D95->s8@group-4CD87B055E3A, cid=1984, seq=null, RW, null, SET_UNCONDITIONALLY, servers:[s7, s8, s9, s0, s1], listeners:[]
2024-10-31 03:25:35,515 INFO  server.RaftServer$Division (RaftServerImpl.java:setConfigurationAsync(1341)) - s7@group-4CD87B055E3A: receive setConfiguration SetConfigurationRequest:client-8FB543527D95->s7@group-4CD87B055E3A, cid=1984, seq=null, RW, null, SET_UNCONDITIONALLY, servers:[s7, s8, s9, s0, s1], listeners:[]
2024-10-31 03:25:35,616 INFO  server.RaftServer$Division (RaftServerImpl.java:setConfigurationAsync(1341)) - s8@group-4CD87B055E3A: receive setConfiguration SetConfigurationRequest:client-8FB543527D95->s8@group-4CD87B055E3A, cid=1984, seq=null, RW, null, SET_UNCONDITIONALLY, servers:[s7, s8, s9, s0, s1], listeners:[]
2024-10-31 03:25:35,716 INFO  server.RaftServer$Division (RaftServerImpl.java:setConfigurationAsync(1341)) - s7@group-4CD87B055E3A: receive setConfiguration SetConfigurationRequest:client-8FB543527D95->s7@group-4CD87B055E3A, cid=1984, seq=null, RW, null, SET_UNCONDITIONALLY, servers:[s7, s8, s9, s0, s1], listeners:[]
2024-10-31 03:25:35,816 INFO  server.RaftServer$Division (RaftServerImpl.java:setConfigurationAsync(1341)) - s9@group-4CD87B055E3A: receive setConfiguration SetConfigurationRequest:client-8FB543527D95->s9@group-4CD87B055E3A, cid=1984, seq=null, RW, null, SET_UNCONDITIONALLY, servers:[s7, s8, s9, s0, s1], listeners:[]
2024-10-31 03:25:35,917 INFO  server.RaftServer$Division (RaftServerImpl.java:setConfigurationAsync(1341)) - s7@group-4CD87B055E3A: receive setConfiguration SetConfigurationRequest:client-8FB543527D95->s7@group-4CD87B055E3A, cid=1984, seq=null, RW, null, SET_UNCONDITIONALLY, servers:[s7, s8, s9, s0, s1], listeners:[]
2024-10-31 03:25:35,992 INFO  impl.MiniRaftCluster (MiniRaftCluster.java:lambda$null$7(362)) - TIMED-PRINT: printing ALL groups
  s3:  RUNNING [
   FOLLOWER s3@group-4EB49E3E6D70:t0, leader=null, voted=, raftlog=Memoized:s3@group-4EB49E3E6D70-SegmentedRaftLog:OPENED:c-1:lastnull, conf=conf: {index: -1, cur=peers:[]|listeners:[], old=null} STARTING
   FOLLOWER s3@group-4CD87B055E3A:t0, leader=null, voted=, raftlog=Memoized:s3@group-4CD87B055E3A-SegmentedRaftLog:OPENED:c-1:lastnull, conf=conf: {index: -1, cur=peers:[]|listeners:[], old=null} STARTING] size=2
  s4:  RUNNING [
   FOLLOWER s4@group-4EB49E3E6D70:t0, leader=null, voted=, raftlog=Memoized:s4@group-4EB49E3E6D70-SegmentedRaftLog:OPENED:c-1:lastnull, conf=conf: {index: -1, cur=peers:[]|listeners:[], old=null} STARTING
   FOLLOWER s4@group-4CD87B055E3A:t0, leader=null, voted=, raftlog=Memoized:s4@group-4CD87B055E3A-SegmentedRaftLog:OPENED:c-1:lastnull, conf=conf: {index: -1, cur=peers:[]|listeners:[], old=null} STARTING] size=2
  s5:  RUNNING [
   FOLLOWER s5@group-4EB49E3E6D70:t0, leader=null, voted=, raftlog=Memoized:s5@group-4EB49E3E6D70-SegmentedRaftLog:OPENED:c-1:lastnull, conf=conf: {index: -1, cur=peers:[]|listeners:[], old=null} STARTING
   FOLLOWER s5@group-4CD87B055E3A:t0, leader=null, voted=, raftlog=Memoized:s5@group-4CD87B055E3A-SegmentedRaftLog:OPENED:c-1:lastnull, conf=conf: {index: -1, cur=peers:[]|listeners:[], old=null} STARTING] size=2
  s6:  RUNNING [
   FOLLOWER s6@group-4EB49E3E6D70:t0, leader=null, voted=, raftlog=Memoized:s6@group-4EB49E3E6D70-SegmentedRaftLog:OPENED:c-1:lastnull, conf=conf: {index: -1, cur=peers:[]|listeners:[], old=null} STARTING
   FOLLOWER s6@group-4CD87B055E3A:t0, leader=null, voted=, raftlog=Memoized:s6@group-4CD87B055E3A-SegmentedRaftLog:OPENED:c-1:lastnull, conf=conf: {index: -1, cur=peers:[]|listeners:[], old=null} STARTING] size=2
  s7:  RUNNING [
   FOLLOWER s7@group-4EB49E3E6D70:t0, leader=null, voted=, raftlog=Memoized:s7@group-4EB49E3E6D70-SegmentedRaftLog:OPENED:c-1:lastnull, conf=conf: {index: -1, cur=peers:[]|listeners:[], old=null} STARTING
     LEADER s7@group-4CD87B055E3A:t1, leader=s7, voted=s7, raftlog=Memoized:s7@group-4CD87B055E3A-SegmentedRaftLog:OPENED:c120:last(t:1, i:120), conf=conf: {index: 0, cur=peers:[s7, s8, s9]|listeners:[], old=null} RUNNING] size=2
  s8:  RUNNING [
   FOLLOWER s8@group-4EB49E3E6D70:t0, leader=null, voted=, raftlog=Memoized:s8@group-4EB49E3E6D70-SegmentedRaftLog:OPENED:c-1:lastnull, conf=conf: {index: -1, cur=peers:[]|listeners:[], old=null} STARTING
   FOLLOWER s8@group-4CD87B055E3A:t1, leader=s7, voted=s7, raftlog=Memoized:s8@group-4CD87B055E3A-SegmentedRaftLog:OPENED:c120:last(t:1, i:120), conf=conf: {index: 0, cur=peers:[s7|, s8|, s9|]|listeners:[], old=null} RUNNING] size=2
  s9:  RUNNING [
   FOLLOWER s9@group-4EB49E3E6D70:t0, leader=null, voted=, raftlog=Memoized:s9@group-4EB49E3E6D70-SegmentedRaftLog:OPENED:c-1:lastnull, conf=conf: {index: -1, cur=peers:[]|listeners:[], old=null} STARTING
   FOLLOWER s9@group-4CD87B055E3A:t1, leader=s7, voted=s7, raftlog=Memoized:s9@group-4CD87B055E3A-SegmentedRaftLog:OPENED:c120:last(t:1, i:120), conf=conf: {index: 0, cur=peers:[s7|, s8|, s9|]|listeners:[], old=null} RUNNING] size=2
  s11:  RUNNING [
   FOLLOWER s11@group-4EB49E3E6D70:t0, leader=null, voted=, raftlog=Memoized:s11@group-4EB49E3E6D70-SegmentedRaftLog:OPENED:c-1:lastnull, conf=conf: {index: -1, cur=peers:[]|listeners:[], old=null} STARTING
   FOLLOWER s11@group-4CD87B055E3A:t0, leader=null, voted=, raftlog=Memoized:s11@group-4CD87B055E3A-SegmentedRaftLog:OPENED:c-1:lastnull, conf=conf: {index: -1, cur=peers:[]|listeners:[], old=null} STARTING] size=2
  s10:  RUNNING [
   FOLLOWER s10@group-4EB49E3E6D70:t0, leader=null, voted=, raftlog=Memoized:s10@group-4EB49E3E6D70-SegmentedRaftLog:OPENED:c-1:lastnull, conf=conf: {index: -1, cur=peers:[]|listeners:[], old=null} STARTING
   FOLLOWER s10@group-4CD87B055E3A:t0, leader=null, voted=, raftlog=Memoized:s10@group-4CD87B055E3A-SegmentedRaftLog:OPENED:c-1:lastnull, conf=conf: {index: -1, cur=peers:[]|listeners:[], old=null} STARTING] size=2
  s13:  RUNNING [
   FOLLOWER s13@group-4EB49E3E6D70:t0, leader=null, voted=, raftlog=Memoized:s13@group-4EB49E3E6D70-SegmentedRaftLog:OPENED:c-1:lastnull, conf=conf: {index: -1, cur=peers:[]|listeners:[], old=null} STARTING
   FOLLOWER s13@group-4CD87B055E3A:t0, leader=null, voted=, raftlog=Memoized:s13@group-4CD87B055E3A-SegmentedRaftLog:OPENED:c-1:lastnull, conf=conf: {index: -1, cur=peers:[]|listeners:[], old=null} STARTING] size=2
  s12:  RUNNING [
   FOLLOWER s12@group-4EB49E3E6D70:t0, leader=null, voted=, raftlog=Memoized:s12@group-4EB49E3E6D70-SegmentedRaftLog:OPENED:c-1:lastnull, conf=conf: {index: -1, cur=peers:[]|listeners:[], old=null} STARTING
   FOLLOWER s12@group-4CD87B055E3A:t0, leader=null, voted=, raftlog=Memoized:s12@group-4CD87B055E3A-SegmentedRaftLog:OPENED:c-1:lastnull, conf=conf: {index: -1, cur=peers:[]|listeners:[], old=null} STARTING] size=2
  s14:  RUNNING [
   FOLLOWER s14@group-4EB49E3E6D70:t0, leader=null, voted=, raftlog=Memoized:s14@group-4EB49E3E6D70-SegmentedRaftLog:OPENED:c-1:lastnull, conf=conf: {index: -1, cur=peers:[]|listeners:[], old=null} STARTING
   FOLLOWER s14@group-4CD87B055E3A:t0, leader=null, voted=, raftlog=Memoized:s14@group-4CD87B055E3A-SegmentedRaftLog:OPENED:c-1:lastnull, conf=conf: {index: -1, cur=peers:[]|listeners:[], old=null} STARTING] size=2
  s0:  RUNNING [
   FOLLOWER s0@group-4EB49E3E6D70:t0, leader=null, voted=, raftlog=Memoized:s0@group-4EB49E3E6D70-SegmentedRaftLog:OPENED:c-1:lastnull, conf=conf: {index: -1, cur=peers:[]|listeners:[], old=null} STARTING
   FOLLOWER s0@group-4CD87B055E3A:t1, leader=s7, voted=null, raftlog=Memoized:s0@group-4CD87B055E3A-SegmentedRaftLog:OPENED:c120:last(t:1, i:120), conf=conf: {index: 0, cur=peers:[s7|, s8|, s9|]|listeners:[], old=null} STARTING] size=2
  s1:  RUNNING [
   FOLLOWER s1@group-4EB49E3E6D70:t0, leader=null, voted=, raftlog=Memoized:s1@group-4EB49E3E6D70-SegmentedRaftLog:OPENED:c-1:lastnull, conf=conf: {index: -1, cur=peers:[]|listeners:[], old=null} STARTING
   FOLLOWER s1@group-4CD87B055E3A:t1, leader=s7, voted=null, raftlog=Memoized:s1@group-4CD87B055E3A-SegmentedRaftLog:OPENED:c120:last(t:1, i:120), conf=conf: {index: 0, cur=peers:[s7|, s8|, s9|]|listeners:[], old=null} STARTING] size=2
  s2:  RUNNING [
   FOLLOWER s2@group-4EB49E3E6D70:t0, leader=null, voted=, raftlog=Memoized:s2@group-4EB49E3E6D70-SegmentedRaftLog:OPENED:c-1:lastnull, conf=conf: {index: -1, cur=peers:[]|listeners:[], old=null} STARTING
   FOLLOWER s2@group-4CD87B055E3A:t0, leader=null, voted=, raftlog=Memoized:s2@group-4CD87B055E3A-SegmentedRaftLog:OPENED:c-1:lastnull, conf=conf: {index: -1, cur=peers:[]|listeners:[], old=null} STARTING] size=2
2024-10-31 03:25:36,017 INFO  server.RaftServer$Division (RaftServerImpl.java:setConfigurationAsync(1341)) - s8@group-4CD87B055E3A: receive setConfiguration SetConfigurationRequest:client-8FB543527D95->s8@group-4CD87B055E3A, cid=1984, seq=null, RW, null, SET_UNCONDITIONALLY, servers:[s7, s8, s9, s0, s1], listeners:[]
2024-10-31 03:25:36,117 INFO  server.RaftServer$Division (RaftServerImpl.java:setConfigurationAsync(1341)) - s7@group-4CD87B055E3A: receive setConfiguration SetConfigurationRequest:client-8FB543527D95->s7@group-4CD87B055E3A, cid=1984, seq=null, RW, null, SET_UNCONDITIONALLY, servers:[s7, s8, s9, s0, s1], listeners:[]
2024-10-31 03:25:36,218 INFO  server.RaftServer$Division (RaftServerImpl.java:setConfigurationAsync(1341)) - s8@group-4CD87B055E3A: receive setConfiguration SetConfigurationRequest:client-8FB543527D95->s8@group-4CD87B055E3A, cid=1984, seq=null, RW, null, SET_UNCONDITIONALLY, servers:[s7, s8, s9, s0, s1], listeners:[]
2024-10-31 03:25:36,319 INFO  server.RaftServer$Division (RaftServerImpl.java:setConfigurationAsync(1341)) - s7@group-4CD87B055E3A: receive setConfiguration SetConfigurationRequest:client-8FB543527D95->s7@group-4CD87B055E3A, cid=1984, seq=null, RW, null, SET_UNCONDITIONALLY, servers:[s7, s8, s9, s0, s1], listeners:[]
2024-10-31 03:25:36,419 INFO  server.RaftServer$Division (RaftServerImpl.java:setConfigurationAsync(1341)) - s9@group-4CD87B055E3A: receive setConfiguration SetConfigurationRequest:client-8FB543527D95->s9@group-4CD87B055E3A, cid=1984, seq=null, RW, null, SET_UNCONDITIONALLY, servers:[s7, s8, s9, s0, s1], listeners:[]
2024-10-31 03:25:36,520 INFO  server.RaftServer$Division (RaftServerImpl.java:setConfigurationAsync(1341)) - s7@group-4CD87B055E3A: receive setConfiguration SetConfigurationRequest:client-8FB543527D95->s7@group-4CD87B055E3A, cid=1984, seq=null, RW, null, SET_UNCONDITIONALLY, servers:[s7, s8, s9, s0, s1], listeners:[]
2024-10-31 03:25:36,620 INFO  server.RaftServer$Division (RaftServerImpl.java:setConfigurationAsync(1341)) - s9@group-4CD87B055E3A: receive setConfiguration SetConfigurationRequest:client-8FB543527D95->s9@group-4CD87B055E3A, cid=1984, seq=null, RW, null, SET_UNCONDITIONALLY, servers:[s7, s8, s9, s0, s1], listeners:[]
2024-10-31 03:25:36,721 INFO  server.RaftServer$Division (RaftServerImpl.java:setConfigurationAsync(1341)) - s7@group-4CD87B055E3A: receive setConfiguration SetConfigurationRequest:client-8FB543527D95->s7@group-4CD87B055E3A, cid=1984, seq=null, RW, null, SET_UNCONDITIONALLY, servers:[s7, s8, s9, s0, s1], listeners:[]
2024-10-31 03:25:36,821 INFO  server.RaftServer$Division (RaftServerImpl.java:setConfigurationAsync(1341)) - s9@group-4CD87B055E3A: receive setConfiguration SetConfigurationRequest:client-8FB543527D95->s9@group-4CD87B055E3A, cid=1984, seq=null, RW, null, SET_UNCONDITIONALLY, servers:[s7, s8, s9, s0, s1], listeners:[]
2024-10-31 03:25:36,921 INFO  server.RaftServer$Division (RaftServerImpl.java:setConfigurationAsync(1341)) - s7@group-4CD87B055E3A: receive setConfiguration SetConfigurationRequest:client-8FB543527D95->s7@group-4CD87B055E3A, cid=1984, seq=null, RW, null, SET_UNCONDITIONALLY, servers:[s7, s8, s9, s0, s1], listeners:[]
2024-10-31 03:25:37,022 INFO  server.RaftServer$Division (RaftServerImpl.java:setConfigurationAsync(1341)) - s9@group-4CD87B055E3A: receive setConfiguration SetConfigurationRequest:client-8FB543527D95->s9@group-4CD87B055E3A, cid=1984, seq=null, RW, null, SET_UNCONDITIONALLY, servers:[s7, s8, s9, s0, s1], listeners:[]
2024-10-31 03:25:37,122 INFO  server.RaftServer$Division (RaftServerImpl.java:setConfigurationAsync(1341)) - s7@group-4CD87B055E3A: receive setConfiguration SetConfigurationRequest:client-8FB543527D95->s7@group-4CD87B055E3A, cid=1984, seq=null, RW, null, SET_UNCONDITIONALLY, servers:[s7, s8, s9, s0, s1], listeners:[]
2024-10-31 03:25:37,222 INFO  server.RaftServer$Division (RaftServerImpl.java:setConfigurationAsync(1341)) - s9@group-4CD87B055E3A: receive setConfiguration SetConfigurationRequest:client-8FB543527D95->s9@group-4CD87B055E3A, cid=1984, seq=null, RW, null, SET_UNCONDITIONALLY, servers:[s7, s8, s9, s0, s1], listeners:[]
2024-10-31 03:25:37,323 INFO  server.RaftServer$Division (RaftServerImpl.java:setConfigurationAsync(1341)) - s7@group-4CD87B055E3A: receive setConfiguration SetConfigurationRequest:client-8FB543527D95->s7@group-4CD87B055E3A, cid=1984, seq=null, RW, null, SET_UNCONDITIONALLY, servers:[s7, s8, s9, s0, s1], listeners:[]
2024-10-31 03:25:37,423 INFO  server.RaftServer$Division (RaftServerImpl.java:setConfigurationAsync(1341)) - s9@group-4CD87B055E3A: receive setConfiguration SetConfigurationRequest:client-8FB543527D95->s9@group-4CD87B055E3A, cid=1984, seq=null, RW, null, SET_UNCONDITIONALLY, servers:[s7, s8, s9, s0, s1], listeners:[]
2024-10-31 03:25:37,523 INFO  server.RaftServer$Division (RaftServerImpl.java:setConfigurationAsync(1341)) - s7@group-4CD87B055E3A: receive setConfiguration SetConfigurationRequest:client-8FB543527D95->s7@group-4CD87B055E3A, cid=1984, seq=null, RW, null, SET_UNCONDITIONALLY, servers:[s7, s8, s9, s0, s1], listeners:[]
2024-10-31 03:25:37,624 INFO  server.RaftServer$Division (RaftServerImpl.java:setConfigurationAsync(1341)) - s9@group-4CD87B055E3A: receive setConfiguration SetConfigurationRequest:client-8FB543527D95->s9@group-4CD87B055E3A, cid=1984, seq=null, RW, null, SET_UNCONDITIONALLY, servers:[s7, s8, s9, s0, s1], listeners:[]
2024-10-31 03:25:37,724 INFO  server.RaftServer$Division (RaftServerImpl.java:setConfigurationAsync(1341)) - s7@group-4CD87B055E3A: receive setConfiguration SetConfigurationRequest:client-8FB543527D95->s7@group-4CD87B055E3A, cid=1984, seq=null, RW, null, SET_UNCONDITIONALLY, servers:[s7, s8, s9, s0, s1], listeners:[]
2024-10-31 03:25:37,824 INFO  server.RaftServer$Division (RaftServerImpl.java:setConfigurationAsync(1341)) - s9@group-4CD87B055E3A: receive setConfiguration SetConfigurationRequest:client-8FB543527D95->s9@group-4CD87B055E3A, cid=1984, seq=null, RW, null, SET_UNCONDITIONALLY, servers:[s7, s8, s9, s0, s1], listeners:[]
2024-10-31 03:25:37,925 INFO  server.RaftServer$Division (RaftServerImpl.java:setConfigurationAsync(1341)) - s7@group-4CD87B055E3A: receive setConfiguration SetConfigurationRequest:client-8FB543527D95->s7@group-4CD87B055E3A, cid=1984, seq=null, RW, null, SET_UNCONDITIONALLY, servers:[s7, s8, s9, s0, s1], listeners:[]
2024-10-31 03:25:38,025 INFO  server.RaftServer$Division (RaftServerImpl.java:setConfigurationAsync(1341)) - s9@group-4CD87B055E3A: receive setConfiguration SetConfigurationRequest:client-8FB543527D95->s9@group-4CD87B055E3A, cid=1984, seq=null, RW, null, SET_UNCONDITIONALLY, servers:[s7, s8, s9, s0, s1], listeners:[]
2024-10-31 03:25:38,125 INFO  server.RaftServer$Division (RaftServerImpl.java:setConfigurationAsync(1341)) - s7@group-4CD87B055E3A: receive setConfiguration SetConfigurationRequest:client-8FB543527D95->s7@group-4CD87B055E3A, cid=1984, seq=null, RW, null, SET_UNCONDITIONALLY, servers:[s7, s8, s9, s0, s1], listeners:[]
2024-10-31 03:25:38,226 INFO  server.RaftServer$Division (RaftServerImpl.java:setConfigurationAsync(1341)) - s9@group-4CD87B055E3A: receive setConfiguration SetConfigurationRequest:client-8FB543527D95->s9@group-4CD87B055E3A, cid=1984, seq=null, RW, null, SET_UNCONDITIONALLY, servers:[s7, s8, s9, s0, s1], listeners:[]
2024-10-31 03:25:38,326 INFO  server.RaftServer$Division (RaftServerImpl.java:setConfigurationAsync(1341)) - s7@group-4CD87B055E3A: receive setConfiguration SetConfigurationRequest:client-8FB543527D95->s7@group-4CD87B055E3A, cid=1984, seq=null, RW, null, SET_UNCONDITIONALLY, servers:[s7, s8, s9, s0, s1], listeners:[]
2024-10-31 03:25:38,427 INFO  server.RaftServer$Division (RaftServerImpl.java:setConfigurationAsync(1341)) - s9@group-4CD87B055E3A: receive setConfiguration SetConfigurationRequest:client-8FB543527D95->s9@group-4CD87B055E3A, cid=1984, seq=null, RW, null, SET_UNCONDITIONALLY, servers:[s7, s8, s9, s0, s1], listeners:[]
2024-10-31 03:25:38,527 INFO  server.RaftServer$Division (RaftServerImpl.java:setConfigurationAsync(1341)) - s7@group-4CD87B055E3A: receive setConfiguration SetConfigurationRequest:client-8FB543527D95->s7@group-4CD87B055E3A, cid=1984, seq=null, RW, null, SET_UNCONDITIONALLY, servers:[s7, s8, s9, s0, s1], listeners:[]
2024-10-31 03:25:38,627 INFO  server.RaftServer$Division (RaftServerImpl.java:setConfigurationAsync(1341)) - s8@group-4CD87B055E3A: receive setConfiguration SetConfigurationRequest:client-8FB543527D95->s8@group-4CD87B055E3A, cid=1984, seq=null, RW, null, SET_UNCONDITIONALLY, servers:[s7, s8, s9, s0, s1], listeners:[]
2024-10-31 03:25:38,728 INFO  server.RaftServer$Division (RaftServerImpl.java:setConfigurationAsync(1341)) - s7@group-4CD87B055E3A: receive setConfiguration SetConfigurationRequest:client-8FB543527D95->s7@group-4CD87B055E3A, cid=1984, seq=null, RW, null, SET_UNCONDITIONALLY, servers:[s7, s8, s9, s0, s1], listeners:[]
2024-10-31 03:25:38,828 INFO  server.RaftServer$Division (RaftServerImpl.java:setConfigurationAsync(1341)) - s8@group-4CD87B055E3A: receive setConfiguration SetConfigurationRequest:client-8FB543527D95->s8@group-4CD87B055E3A, cid=1984, seq=null, RW, null, SET_UNCONDITIONALLY, servers:[s7, s8, s9, s0, s1], listeners:[]
2024-10-31 03:25:38,928 INFO  server.RaftServer$Division (RaftServerImpl.java:setConfigurationAsync(1341)) - s7@group-4CD87B055E3A: receive setConfiguration SetConfigurationRequest:client-8FB543527D95->s7@group-4CD87B055E3A, cid=1984, seq=null, RW, null, SET_UNCONDITIONALLY, servers:[s7, s8, s9, s0, s1], listeners:[]
2024-10-31 03:25:39,029 INFO  server.RaftServer$Division (RaftServerImpl.java:setConfigurationAsync(1341)) - s8@group-4CD87B055E3A: receive setConfiguration SetConfigurationRequest:client-8FB543527D95->s8@group-4CD87B055E3A, cid=1984, seq=null, RW, null, SET_UNCONDITIONALLY, servers:[s7, s8, s9, s0, s1], listeners:[]
2024-10-31 03:25:39,129 INFO  server.RaftServer$Division (RaftServerImpl.java:setConfigurationAsync(1341)) - s7@group-4CD87B055E3A: receive setConfiguration SetConfigurationRequest:client-8FB543527D95->s7@group-4CD87B055E3A, cid=1984, seq=null, RW, null, SET_UNCONDITIONALLY, servers:[s7, s8, s9, s0, s1], listeners:[]
2024-10-31 03:25:39,230 INFO  server.RaftServer$Division (RaftServerImpl.java:setConfigurationAsync(1341)) - s8@group-4CD87B055E3A: receive setConfiguration SetConfigurationRequest:client-8FB543527D95->s8@group-4CD87B055E3A, cid=1984, seq=null, RW, null, SET_UNCONDITIONALLY, servers:[s7, s8, s9, s0, s1], listeners:[]
2024-10-31 03:25:39,330 INFO  server.RaftServer$Division (RaftServerImpl.java:setConfigurationAsync(1341)) - s7@group-4CD87B055E3A: receive setConfiguration SetConfigurationRequest:client-8FB543527D95->s7@group-4CD87B055E3A, cid=1984, seq=null, RW, null, SET_UNCONDITIONALLY, servers:[s7, s8, s9, s0, s1], listeners:[]
2024-10-31 03:25:39,430 INFO  server.RaftServer$Division (RaftServerImpl.java:setConfigurationAsync(1341)) - s9@group-4CD87B055E3A: receive setConfiguration SetConfigurationRequest:client-8FB543527D95->s9@group-4CD87B055E3A, cid=1984, seq=null, RW, null, SET_UNCONDITIONALLY, servers:[s7, s8, s9, s0, s1], listeners:[]
2024-10-31 03:25:39,531 INFO  server.RaftServer$Division (RaftServerImpl.java:setConfigurationAsync(1341)) - s7@group-4CD87B055E3A: receive setConfiguration SetConfigurationRequest:client-8FB543527D95->s7@group-4CD87B055E3A, cid=1984, seq=null, RW, null, SET_UNCONDITIONALLY, servers:[s7, s8, s9, s0, s1], listeners:[]
2024-10-31 03:25:39,631 INFO  server.RaftServer$Division (RaftServerImpl.java:setConfigurationAsync(1341)) - s8@group-4CD87B055E3A: receive setConfiguration SetConfigurationRequest:client-8FB543527D95->s8@group-4CD87B055E3A, cid=1984, seq=null, RW, null, SET_UNCONDITIONALLY, servers:[s7, s8, s9, s0, s1], listeners:[]
2024-10-31 03:25:39,732 INFO  server.RaftServer$Division (RaftServerImpl.java:setConfigurationAsync(1341)) - s7@group-4CD87B055E3A: receive setConfiguration SetConfigurationRequest:client-8FB543527D95->s7@group-4CD87B055E3A, cid=1984, seq=null, RW, null, SET_UNCONDITIONALLY, servers:[s7, s8, s9, s0, s1], listeners:[]
2024-10-31 03:25:39,832 INFO  server.RaftServer$Division (RaftServerImpl.java:setConfigurationAsync(1341)) - s9@group-4CD87B055E3A: receive setConfiguration SetConfigurationRequest:client-8FB543527D95->s9@group-4CD87B055E3A, cid=1984, seq=null, RW, null, SET_UNCONDITIONALLY, servers:[s7, s8, s9, s0, s1], listeners:[]
2024-10-31 03:25:39,932 INFO  server.RaftServer$Division (RaftServerImpl.java:setConfigurationAsync(1341)) - s7@group-4CD87B055E3A: receive setConfiguration SetConfigurationRequest:client-8FB543527D95->s7@group-4CD87B055E3A, cid=1984, seq=null, RW, null, SET_UNCONDITIONALLY, servers:[s7, s8, s9, s0, s1], listeners:[]
2024-10-31 03:25:40,033 INFO  server.RaftServer$Division (RaftServerImpl.java:setConfigurationAsync(1341)) - s9@group-4CD87B055E3A: receive setConfiguration SetConfigurationRequest:client-8FB543527D95->s9@group-4CD87B055E3A, cid=1984, seq=null, RW, null, SET_UNCONDITIONALLY, servers:[s7, s8, s9, s0, s1], listeners:[]
2024-10-31 03:25:40,133 INFO  server.RaftServer$Division (RaftServerImpl.java:setConfigurationAsync(1341)) - s7@group-4CD87B055E3A: receive setConfiguration SetConfigurationRequest:client-8FB543527D95->s7@group-4CD87B055E3A, cid=1984, seq=null, RW, null, SET_UNCONDITIONALLY, servers:[s7, s8, s9, s0, s1], listeners:[]
2024-10-31 03:25:40,234 INFO  server.RaftServer$Division (RaftServerImpl.java:setConfigurationAsync(1341)) - s8@group-4CD87B055E3A: receive setConfiguration SetConfigurationRequest:client-8FB543527D95->s8@group-4CD87B055E3A, cid=1984, seq=null, RW, null, SET_UNCONDITIONALLY, servers:[s7, s8, s9, s0, s1], listeners:[]
2024-10-31 03:25:40,334 INFO  server.RaftServer$Division (RaftServerImpl.java:setConfigurationAsync(1341)) - s7@group-4CD87B055E3A: receive setConfiguration SetConfigurationRequest:client-8FB543527D95->s7@group-4CD87B055E3A, cid=1984, seq=null, RW, null, SET_UNCONDITIONALLY, servers:[s7, s8, s9, s0, s1], listeners:[]
2024-10-31 03:25:40,434 INFO  server.RaftServer$Division (RaftServerImpl.java:setConfigurationAsync(1341)) - s9@group-4CD87B055E3A: receive setConfiguration SetConfigurationRequest:client-8FB543527D95->s9@group-4CD87B055E3A, cid=1984, seq=null, RW, null, SET_UNCONDITIONALLY, servers:[s7, s8, s9, s0, s1], listeners:[]
2024-10-31 03:25:40,535 INFO  server.RaftServer$Division (RaftServerImpl.java:setConfigurationAsync(1341)) - s7@group-4CD87B055E3A: receive setConfiguration SetConfigurationRequest:client-8FB543527D95->s7@group-4CD87B055E3A, cid=1984, seq=null, RW, null, SET_UNCONDITIONALLY, servers:[s7, s8, s9, s0, s1], listeners:[]
2024-10-31 03:25:40,635 INFO  server.RaftServer$Division (RaftServerImpl.java:setConfigurationAsync(1341)) - s8@group-4CD87B055E3A: receive setConfiguration SetConfigurationRequest:client-8FB543527D95->s8@group-4CD87B055E3A, cid=1984, seq=null, RW, null, SET_UNCONDITIONALLY, servers:[s7, s8, s9, s0, s1], listeners:[]
2024-10-31 03:25:40,736 INFO  server.RaftServer$Division (RaftServerImpl.java:setConfigurationAsync(1341)) - s7@group-4CD87B055E3A: receive setConfiguration SetConfigurationRequest:client-8FB543527D95->s7@group-4CD87B055E3A, cid=1984, seq=null, RW, null, SET_UNCONDITIONALLY, servers:[s7, s8, s9, s0, s1], listeners:[]
2024-10-31 03:25:40,836 INFO  server.RaftServer$Division (RaftServerImpl.java:setConfigurationAsync(1341)) - s9@group-4CD87B055E3A: receive setConfiguration SetConfigurationRequest:client-8FB543527D95->s9@group-4CD87B055E3A, cid=1984, seq=null, RW, null, SET_UNCONDITIONALLY, servers:[s7, s8, s9, s0, s1], listeners:[]
2024-10-31 03:25:40,936 INFO  server.RaftServer$Division (RaftServerImpl.java:setConfigurationAsync(1341)) - s7@group-4CD87B055E3A: receive setConfiguration SetConfigurationRequest:client-8FB543527D95->s7@group-4CD87B055E3A, cid=1984, seq=null, RW, null, SET_UNCONDITIONALLY, servers:[s7, s8, s9, s0, s1], listeners:[]
2024-10-31 03:25:41,037 INFO  server.RaftServer$Division (RaftServerImpl.java:setConfigurationAsync(1341)) - s8@group-4CD87B055E3A: receive setConfiguration SetConfigurationRequest:client-8FB543527D95->s8@group-4CD87B055E3A, cid=1984, seq=null, RW, null, SET_UNCONDITIONALLY, servers:[s7, s8, s9, s0, s1], listeners:[]
2024-10-31 03:25:41,137 INFO  server.RaftServer$Division (RaftServerImpl.java:setConfigurationAsync(1341)) - s7@group-4CD87B055E3A: receive setConfiguration SetConfigurationRequest:client-8FB543527D95->s7@group-4CD87B055E3A, cid=1984, seq=null, RW, null, SET_UNCONDITIONALLY, servers:[s7, s8, s9, s0, s1], listeners:[]
2024-10-31 03:25:41,237 INFO  server.RaftServer$Division (RaftServerImpl.java:setConfigurationAsync(1341)) - s8@group-4CD87B055E3A: receive setConfiguration SetConfigurationRequest:client-8FB543527D95->s8@group-4CD87B055E3A, cid=1984, seq=null, RW, null, SET_UNCONDITIONALLY, servers:[s7, s8, s9, s0, s1], listeners:[]
2024-10-31 03:25:41,338 INFO  server.RaftServer$Division (RaftServerImpl.java:setConfigurationAsync(1341)) - s7@group-4CD87B055E3A: receive setConfiguration SetConfigurationRequest:client-8FB543527D95->s7@group-4CD87B055E3A, cid=1984, seq=null, RW, null, SET_UNCONDITIONALLY, servers:[s7, s8, s9, s0, s1], listeners:[]
2024-10-31 03:25:41,438 INFO  server.RaftServer$Division (RaftServerImpl.java:setConfigurationAsync(1341)) - s9@group-4CD87B055E3A: receive setConfiguration SetConfigurationRequest:client-8FB543527D95->s9@group-4CD87B055E3A, cid=1984, seq=null, RW, null, SET_UNCONDITIONALLY, servers:[s7, s8, s9, s0, s1], listeners:[]
2024-10-31 03:25:41,539 INFO  server.RaftServer$Division (RaftServerImpl.java:setConfigurationAsync(1341)) - s7@group-4CD87B055E3A: receive setConfiguration SetConfigurationRequest:client-8FB543527D95->s7@group-4CD87B055E3A, cid=1984, seq=null, RW, null, SET_UNCONDITIONALLY, servers:[s7, s8, s9, s0, s1], listeners:[]
2024-10-31 03:25:41,639 INFO  server.RaftServer$Division (RaftServerImpl.java:setConfigurationAsync(1341)) - s9@group-4CD87B055E3A: receive setConfiguration SetConfigurationRequest:client-8FB543527D95->s9@group-4CD87B055E3A, cid=1984, seq=null, RW, null, SET_UNCONDITIONALLY, servers:[s7, s8, s9, s0, s1], listeners:[]
2024-10-31 03:25:41,739 INFO  server.RaftServer$Division (RaftServerImpl.java:setConfigurationAsync(1341)) - s7@group-4CD87B055E3A: receive setConfiguration SetConfigurationRequest:client-8FB543527D95->s7@group-4CD87B055E3A, cid=1984, seq=null, RW, null, SET_UNCONDITIONALLY, servers:[s7, s8, s9, s0, s1], listeners:[]
2024-10-31 03:25:41,840 INFO  server.RaftServer$Division (RaftServerImpl.java:setConfigurationAsync(1341)) - s8@group-4CD87B055E3A: receive setConfiguration SetConfigurationRequest:client-8FB543527D95->s8@group-4CD87B055E3A, cid=1984, seq=null, RW, null, SET_UNCONDITIONALLY, servers:[s7, s8, s9, s0, s1], listeners:[]
2024-10-31 03:25:41,940 INFO  server.RaftServer$Division (RaftServerImpl.java:setConfigurationAsync(1341)) - s7@group-4CD87B055E3A: receive setConfiguration SetConfigurationRequest:client-8FB543527D95->s7@group-4CD87B055E3A, cid=1984, seq=null, RW, null, SET_UNCONDITIONALLY, servers:[s7, s8, s9, s0, s1], listeners:[]
2024-10-31 03:25:42,040 INFO  server.RaftServer$Division (RaftServerImpl.java:setConfigurationAsync(1341)) - s9@group-4CD87B055E3A: receive setConfiguration SetConfigurationRequest:client-8FB543527D95->s9@group-4CD87B055E3A, cid=1984, seq=null, RW, null, SET_UNCONDITIONALLY, servers:[s7, s8, s9, s0, s1], listeners:[]
2024-10-31 03:25:42,141 INFO  server.RaftServer$Division (RaftServerImpl.java:setConfigurationAsync(1341)) - s7@group-4CD87B055E3A: receive setConfiguration SetConfigurationRequest:client-8FB543527D95->s7@group-4CD87B055E3A, cid=1984, seq=null, RW, null, SET_UNCONDITIONALLY, servers:[s7, s8, s9, s0, s1], listeners:[]
2024-10-31 03:25:42,241 INFO  server.RaftServer$Division (RaftServerImpl.java:setConfigurationAsync(1341)) - s8@group-4CD87B055E3A: receive setConfiguration SetConfigurationRequest:client-8FB543527D95->s8@group-4CD87B055E3A, cid=1984, seq=null, RW, null, SET_UNCONDITIONALLY, servers:[s7, s8, s9, s0, s1], listeners:[]
2024-10-31 03:25:42,341 INFO  server.RaftServer$Division (RaftServerImpl.java:setConfigurationAsync(1341)) - s7@group-4CD87B055E3A: receive setConfiguration SetConfigurationRequest:client-8FB543527D95->s7@group-4CD87B055E3A, cid=1984, seq=null, RW, null, SET_UNCONDITIONALLY, servers:[s7, s8, s9, s0, s1], listeners:[]
2024-10-31 03:25:42,442 INFO  server.RaftServer$Division (RaftServerImpl.java:setConfigurationAsync(1341)) - s8@group-4CD87B055E3A: receive setConfiguration SetConfigurationRequest:client-8FB543527D95->s8@group-4CD87B055E3A, cid=1984, seq=null, RW, null, SET_UNCONDITIONALLY, servers:[s7, s8, s9, s0, s1], listeners:[]
2024-10-31 03:25:42,542 INFO  server.RaftServer$Division (RaftServerImpl.java:setConfigurationAsync(1341)) - s7@group-4CD87B055E3A: receive setConfiguration SetConfigurationRequest:client-8FB543527D95->s7@group-4CD87B055E3A, cid=1984, seq=null, RW, null, SET_UNCONDITIONALLY, servers:[s7, s8, s9, s0, s1], listeners:[]
2024-10-31 03:25:42,642 INFO  server.RaftServer$Division (RaftServerImpl.java:setConfigurationAsync(1341)) - s8@group-4CD87B055E3A: receive setConfiguration SetConfigurationRequest:client-8FB543527D95->s8@group-4CD87B055E3A, cid=1984, seq=null, RW, null, SET_UNCONDITIONALLY, servers:[s7, s8, s9, s0, s1], listeners:[]
2024-10-31 03:25:42,743 INFO  server.RaftServer$Division (RaftServerImpl.java:setConfigurationAsync(1341)) - s7@group-4CD87B055E3A: receive setConfiguration SetConfigurationRequest:client-8FB543527D95->s7@group-4CD87B055E3A, cid=1984, seq=null, RW, null, SET_UNCONDITIONALLY, servers:[s7, s8, s9, s0, s1], listeners:[]
2024-10-31 03:25:42,843 INFO  server.RaftServer$Division (RaftServerImpl.java:setConfigurationAsync(1341)) - s8@group-4CD87B055E3A: receive setConfiguration SetConfigurationRequest:client-8FB543527D95->s8@group-4CD87B055E3A, cid=1984, seq=null, RW, null, SET_UNCONDITIONALLY, servers:[s7, s8, s9, s0, s1], listeners:[]
2024-10-31 03:25:42,943 INFO  server.RaftServer$Division (RaftServerImpl.java:setConfigurationAsync(1341)) - s7@group-4CD87B055E3A: receive setConfiguration SetConfigurationRequest:client-8FB543527D95->s7@group-4CD87B055E3A, cid=1984, seq=null, RW, null, SET_UNCONDITIONALLY, servers:[s7, s8, s9, s0, s1], listeners:[]
2024-10-31 03:25:43,044 INFO  server.RaftServer$Division (RaftServerImpl.java:setConfigurationAsync(1341)) - s9@group-4CD87B055E3A: receive setConfiguration SetConfigurationRequest:client-8FB543527D95->s9@group-4CD87B055E3A, cid=1984, seq=null, RW, null, SET_UNCONDITIONALLY, servers:[s7, s8, s9, s0, s1], listeners:[]
2024-10-31 03:25:43,144 INFO  server.RaftServer$Division (RaftServerImpl.java:setConfigurationAsync(1341)) - s7@group-4CD87B055E3A: receive setConfiguration SetConfigurationRequest:client-8FB543527D95->s7@group-4CD87B055E3A, cid=1984, seq=null, RW, null, SET_UNCONDITIONALLY, servers:[s7, s8, s9, s0, s1], listeners:[]
2024-10-31 03:25:43,245 INFO  server.RaftServer$Division (RaftServerImpl.java:setConfigurationAsync(1341)) - s9@group-4CD87B055E3A: receive setConfiguration SetConfigurationRequest:client-8FB543527D95->s9@group-4CD87B055E3A, cid=1984, seq=null, RW, null, SET_UNCONDITIONALLY, servers:[s7, s8, s9, s0, s1], listeners:[]
2024-10-31 03:25:43,345 INFO  server.RaftServer$Division (RaftServerImpl.java:setConfigurationAsync(1341)) - s7@group-4CD87B055E3A: receive setConfiguration SetConfigurationRequest:client-8FB543527D95->s7@group-4CD87B055E3A, cid=1984, seq=null, RW, null, SET_UNCONDITIONALLY, servers:[s7, s8, s9, s0, s1], listeners:[]
2024-10-31 03:25:43,446 INFO  server.RaftServer$Division (RaftServerImpl.java:setConfigurationAsync(1341)) - s8@group-4CD87B055E3A: receive setConfiguration SetConfigurationRequest:client-8FB543527D95->s8@group-4CD87B055E3A, cid=1984, seq=null, RW, null, SET_UNCONDITIONALLY, servers:[s7, s8, s9, s0, s1], listeners:[]
2024-10-31 03:25:43,546 INFO  server.RaftServer$Division (RaftServerImpl.java:setConfigurationAsync(1341)) - s7@group-4CD87B055E3A: receive setConfiguration SetConfigurationRequest:client-8FB543527D95->s7@group-4CD87B055E3A, cid=1984, seq=null, RW, null, SET_UNCONDITIONALLY, servers:[s7, s8, s9, s0, s1], listeners:[]
2024-10-31 03:25:43,646 INFO  server.RaftServer$Division (RaftServerImpl.java:setConfigurationAsync(1341)) - s8@group-4CD87B055E3A: receive setConfiguration SetConfigurationRequest:client-8FB543527D95->s8@group-4CD87B055E3A, cid=1984, seq=null, RW, null, SET_UNCONDITIONALLY, servers:[s7, s8, s9, s0, s1], listeners:[]
2024-10-31 03:25:43,747 INFO  server.RaftServer$Division (RaftServerImpl.java:setConfigurationAsync(1341)) - s7@group-4CD87B055E3A: receive setConfiguration SetConfigurationRequest:client-8FB543527D95->s7@group-4CD87B055E3A, cid=1984, seq=null, RW, null, SET_UNCONDITIONALLY, servers:[s7, s8, s9, s0, s1], listeners:[]
2024-10-31 03:25:43,847 INFO  server.RaftServer$Division (RaftServerImpl.java:setConfigurationAsync(1341)) - s9@group-4CD87B055E3A: receive setConfiguration SetConfigurationRequest:client-8FB543527D95->s9@group-4CD87B055E3A, cid=1984, seq=null, RW, null, SET_UNCONDITIONALLY, servers:[s7, s8, s9, s0, s1], listeners:[]
2024-10-31 03:25:43,947 INFO  server.RaftServer$Division (RaftServerImpl.java:setConfigurationAsync(1341)) - s7@group-4CD87B055E3A: receive setConfiguration SetConfigurationRequest:client-8FB543527D95->s7@group-4CD87B055E3A, cid=1984, seq=null, RW, null, SET_UNCONDITIONALLY, servers:[s7, s8, s9, s0, s1], listeners:[]
2024-10-31 03:25:44,048 INFO  server.RaftServer$Division (RaftServerImpl.java:setConfigurationAsync(1341)) - s8@group-4CD87B055E3A: receive setConfiguration SetConfigurationRequest:client-8FB543527D95->s8@group-4CD87B055E3A, cid=1984, seq=null, RW, null, SET_UNCONDITIONALLY, servers:[s7, s8, s9, s0, s1], listeners:[]
2024-10-31 03:25:44,148 INFO  server.RaftServer$Division (RaftServerImpl.java:setConfigurationAsync(1341)) - s7@group-4CD87B055E3A: receive setConfiguration SetConfigurationRequest:client-8FB543527D95->s7@group-4CD87B055E3A, cid=1984, seq=null, RW, null, SET_UNCONDITIONALLY, servers:[s7, s8, s9, s0, s1], listeners:[]
2024-10-31 03:25:44,249 INFO  server.RaftServer$Division (RaftServerImpl.java:setConfigurationAsync(1341)) - s8@group-4CD87B055E3A: receive setConfiguration SetConfigurationRequest:client-8FB543527D95->s8@group-4CD87B055E3A, cid=1984, seq=null, RW, null, SET_UNCONDITIONALLY, servers:[s7, s8, s9, s0, s1], listeners:[]
2024-10-31 03:25:44,349 INFO  server.RaftServer$Division (RaftServerImpl.java:setConfigurationAsync(1341)) - s7@group-4CD87B055E3A: receive setConfiguration SetConfigurationRequest:client-8FB543527D95->s7@group-4CD87B055E3A, cid=1984, seq=null, RW, null, SET_UNCONDITIONALLY, servers:[s7, s8, s9, s0, s1], listeners:[]
2024-10-31 03:25:44,449 INFO  server.RaftServer$Division (RaftServerImpl.java:setConfigurationAsync(1341)) - s8@group-4CD87B055E3A: receive setConfiguration SetConfigurationRequest:client-8FB543527D95->s8@group-4CD87B055E3A, cid=1984, seq=null, RW, null, SET_UNCONDITIONALLY, servers:[s7, s8, s9, s0, s1], listeners:[]
2024-10-31 03:25:44,550 INFO  server.RaftServer$Division (RaftServerImpl.java:setConfigurationAsync(1341)) - s7@group-4CD87B055E3A: receive setConfiguration SetConfigurationRequest:client-8FB543527D95->s7@group-4CD87B055E3A, cid=1984, seq=null, RW, null, SET_UNCONDITIONALLY, servers:[s7, s8, s9, s0, s1], listeners:[]
2024-10-31 03:25:44,650 INFO  server.RaftServer$Division (RaftServerImpl.java:setConfigurationAsync(1341)) - s8@group-4CD87B055E3A: receive setConfiguration SetConfigurationRequest:client-8FB543527D95->s8@group-4CD87B055E3A, cid=1984, seq=null, RW, null, SET_UNCONDITIONALLY, servers:[s7, s8, s9, s0, s1], listeners:[]
2024-10-31 03:25:44,750 INFO  server.RaftServer$Division (RaftServerImpl.java:setConfigurationAsync(1341)) - s7@group-4CD87B055E3A: receive setConfiguration SetConfigurationRequest:client-8FB543527D95->s7@group-4CD87B055E3A, cid=1984, seq=null, RW, null, SET_UNCONDITIONALLY, servers:[s7, s8, s9, s0, s1], listeners:[]
2024-10-31 03:25:44,851 INFO  server.RaftServer$Division (RaftServerImpl.java:setConfigurationAsync(1341)) - s9@group-4CD87B055E3A: receive setConfiguration SetConfigurationRequest:client-8FB543527D95->s9@group-4CD87B055E3A, cid=1984, seq=null, RW, null, SET_UNCONDITIONALLY, servers:[s7, s8, s9, s0, s1], listeners:[]
2024-10-31 03:25:44,951 INFO  server.RaftServer$Division (RaftServerImpl.java:setConfigurationAsync(1341)) - s7@group-4CD87B055E3A: receive setConfiguration SetConfigurationRequest:client-8FB543527D95->s7@group-4CD87B055E3A, cid=1984, seq=null, RW, null, SET_UNCONDITIONALLY, servers:[s7, s8, s9, s0, s1], listeners:[]
2024-10-31 03:25:45,052 INFO  server.RaftServer$Division (RaftServerImpl.java:setConfigurationAsync(1341)) - s9@group-4CD87B055E3A: receive setConfiguration SetConfigurationRequest:client-8FB543527D95->s9@group-4CD87B055E3A, cid=1984, seq=null, RW, null, SET_UNCONDITIONALLY, servers:[s7, s8, s9, s0, s1], listeners:[]
2024-10-31 03:25:45,152 INFO  server.RaftServer$Division (RaftServerImpl.java:setConfigurationAsync(1341)) - s7@group-4CD87B055E3A: receive setConfiguration SetConfigurationRequest:client-8FB543527D95->s7@group-4CD87B055E3A, cid=1984, seq=null, RW, null, SET_UNCONDITIONALLY, servers:[s7, s8, s9, s0, s1], listeners:[]
2024-10-31 03:25:45,252 INFO  server.RaftServer$Division (RaftServerImpl.java:setConfigurationAsync(1341)) - s9@group-4CD87B055E3A: receive setConfiguration SetConfigurationRequest:client-8FB543527D95->s9@group-4CD87B055E3A, cid=1984, seq=null, RW, null, SET_UNCONDITIONALLY, servers:[s7, s8, s9, s0, s1], listeners:[]
2024-10-31 03:25:45,353 INFO  server.RaftServer$Division (RaftServerImpl.java:setConfigurationAsync(1341)) - s7@group-4CD87B055E3A: receive setConfiguration SetConfigurationRequest:client-8FB543527D95->s7@group-4CD87B055E3A, cid=1984, seq=null, RW, null, SET_UNCONDITIONALLY, servers:[s7, s8, s9, s0, s1], listeners:[]
2024-10-31 03:25:45,453 INFO  server.RaftServer$Division (RaftServerImpl.java:setConfigurationAsync(1341)) - s8@group-4CD87B055E3A: receive setConfiguration SetConfigurationRequest:client-8FB543527D95->s8@group-4CD87B055E3A, cid=1984, seq=null, RW, null, SET_UNCONDITIONALLY, servers:[s7, s8, s9, s0, s1], listeners:[]
2024-10-31 03:25:45,554 INFO  server.RaftServer$Division (RaftServerImpl.java:setConfigurationAsync(1341)) - s7@group-4CD87B055E3A: receive setConfiguration SetConfigurationRequest:client-8FB543527D95->s7@group-4CD87B055E3A, cid=1984, seq=null, RW, null, SET_UNCONDITIONALLY, servers:[s7, s8, s9, s0, s1], listeners:[]
2024-10-31 03:25:45,654 INFO  server.RaftServer$Division (RaftServerImpl.java:setConfigurationAsync(1341)) - s9@group-4CD87B055E3A: receive setConfiguration SetConfigurationRequest:client-8FB543527D95->s9@group-4CD87B055E3A, cid=1984, seq=null, RW, null, SET_UNCONDITIONALLY, servers:[s7, s8, s9, s0, s1], listeners:[]
2024-10-31 03:25:45,754 INFO  server.RaftServer$Division (RaftServerImpl.java:setConfigurationAsync(1341)) - s7@group-4CD87B055E3A: receive setConfiguration SetConfigurationRequest:client-8FB543527D95->s7@group-4CD87B055E3A, cid=1984, seq=null, RW, null, SET_UNCONDITIONALLY, servers:[s7, s8, s9, s0, s1], listeners:[]
2024-10-31 03:25:45,855 INFO  server.RaftServer$Division (RaftServerImpl.java:setConfigurationAsync(1341)) - s9@group-4CD87B055E3A: receive setConfiguration SetConfigurationRequest:client-8FB543527D95->s9@group-4CD87B055E3A, cid=1984, seq=null, RW, null, SET_UNCONDITIONALLY, servers:[s7, s8, s9, s0, s1], listeners:[]
2024-10-31 03:25:45,955 INFO  server.RaftServer$Division (RaftServerImpl.java:setConfigurationAsync(1341)) - s7@group-4CD87B055E3A: receive setConfiguration SetConfigurationRequest:client-8FB543527D95->s7@group-4CD87B055E3A, cid=1984, seq=null, RW, null, SET_UNCONDITIONALLY, servers:[s7, s8, s9, s0, s1], listeners:[]
2024-10-31 03:25:45,992 INFO  impl.MiniRaftCluster (MiniRaftCluster.java:lambda$null$7(362)) - TIMED-PRINT: printing ALL groups
  s3:  RUNNING [
   FOLLOWER s3@group-4EB49E3E6D70:t0, leader=null, voted=, raftlog=Memoized:s3@group-4EB49E3E6D70-SegmentedRaftLog:OPENED:c-1:lastnull, conf=conf: {index: -1, cur=peers:[]|listeners:[], old=null} STARTING
   FOLLOWER s3@group-4CD87B055E3A:t0, leader=null, voted=, raftlog=Memoized:s3@group-4CD87B055E3A-SegmentedRaftLog:OPENED:c-1:lastnull, conf=conf: {index: -1, cur=peers:[]|listeners:[], old=null} STARTING] size=2
  s4:  RUNNING [
   FOLLOWER s4@group-4EB49E3E6D70:t0, leader=null, voted=, raftlog=Memoized:s4@group-4EB49E3E6D70-SegmentedRaftLog:OPENED:c-1:lastnull, conf=conf: {index: -1, cur=peers:[]|listeners:[], old=null} STARTING
   FOLLOWER s4@group-4CD87B055E3A:t0, leader=null, voted=, raftlog=Memoized:s4@group-4CD87B055E3A-SegmentedRaftLog:OPENED:c-1:lastnull, conf=conf: {index: -1, cur=peers:[]|listeners:[], old=null} STARTING] size=2
  s5:  RUNNING [
   FOLLOWER s5@group-4EB49E3E6D70:t0, leader=null, voted=, raftlog=Memoized:s5@group-4EB49E3E6D70-SegmentedRaftLog:OPENED:c-1:lastnull, conf=conf: {index: -1, cur=peers:[]|listeners:[], old=null} STARTING
   FOLLOWER s5@group-4CD87B055E3A:t0, leader=null, voted=, raftlog=Memoized:s5@group-4CD87B055E3A-SegmentedRaftLog:OPENED:c-1:lastnull, conf=conf: {index: -1, cur=peers:[]|listeners:[], old=null} STARTING] size=2
  s6:  RUNNING [
   FOLLOWER s6@group-4EB49E3E6D70:t0, leader=null, voted=, raftlog=Memoized:s6@group-4EB49E3E6D70-SegmentedRaftLog:OPENED:c-1:lastnull, conf=conf: {index: -1, cur=peers:[]|listeners:[], old=null} STARTING
   FOLLOWER s6@group-4CD87B055E3A:t0, leader=null, voted=, raftlog=Memoized:s6@group-4CD87B055E3A-SegmentedRaftLog:OPENED:c-1:lastnull, conf=conf: {index: -1, cur=peers:[]|listeners:[], old=null} STARTING] size=2
  s7:  RUNNING [
   FOLLOWER s7@group-4EB49E3E6D70:t0, leader=null, voted=, raftlog=Memoized:s7@group-4EB49E3E6D70-SegmentedRaftLog:OPENED:c-1:lastnull, conf=conf: {index: -1, cur=peers:[]|listeners:[], old=null} STARTING
     LEADER s7@group-4CD87B055E3A:t1, leader=s7, voted=s7, raftlog=Memoized:s7@group-4CD87B055E3A-SegmentedRaftLog:OPENED:c120:last(t:1, i:120), conf=conf: {index: 0, cur=peers:[s7, s8, s9]|listeners:[], old=null} RUNNING] size=2
  s8:  RUNNING [
   FOLLOWER s8@group-4EB49E3E6D70:t0, leader=null, voted=, raftlog=Memoized:s8@group-4EB49E3E6D70-SegmentedRaftLog:OPENED:c-1:lastnull, conf=conf: {index: -1, cur=peers:[]|listeners:[], old=null} STARTING
   FOLLOWER s8@group-4CD87B055E3A:t1, leader=s7, voted=s7, raftlog=Memoized:s8@group-4CD87B055E3A-SegmentedRaftLog:OPENED:c120:last(t:1, i:120), conf=conf: {index: 0, cur=peers:[s7|, s8|, s9|]|listeners:[], old=null} RUNNING] size=2
  s9:  RUNNING [
   FOLLOWER s9@group-4EB49E3E6D70:t0, leader=null, voted=, raftlog=Memoized:s9@group-4EB49E3E6D70-SegmentedRaftLog:OPENED:c-1:lastnull, conf=conf: {index: -1, cur=peers:[]|listeners:[], old=null} STARTING
   FOLLOWER s9@group-4CD87B055E3A:t1, leader=s7, voted=s7, raftlog=Memoized:s9@group-4CD87B055E3A-SegmentedRaftLog:OPENED:c120:last(t:1, i:120), conf=conf: {index: 0, cur=peers:[s7|, s8|, s9|]|listeners:[], old=null} RUNNING] size=2
  s11:  RUNNING [
   FOLLOWER s11@group-4EB49E3E6D70:t0, leader=null, voted=, raftlog=Memoized:s11@group-4EB49E3E6D70-SegmentedRaftLog:OPENED:c-1:lastnull, conf=conf: {index: -1, cur=peers:[]|listeners:[], old=null} STARTING
   FOLLOWER s11@group-4CD87B055E3A:t0, leader=null, voted=, raftlog=Memoized:s11@group-4CD87B055E3A-SegmentedRaftLog:OPENED:c-1:lastnull, conf=conf: {index: -1, cur=peers:[]|listeners:[], old=null} STARTING] size=2
  s10:  RUNNING [
   FOLLOWER s10@group-4EB49E3E6D70:t0, leader=null, voted=, raftlog=Memoized:s10@group-4EB49E3E6D70-SegmentedRaftLog:OPENED:c-1:lastnull, conf=conf: {index: -1, cur=peers:[]|listeners:[], old=null} STARTING
   FOLLOWER s10@group-4CD87B055E3A:t0, leader=null, voted=, raftlog=Memoized:s10@group-4CD87B055E3A-SegmentedRaftLog:OPENED:c-1:lastnull, conf=conf: {index: -1, cur=peers:[]|listeners:[], old=null} STARTING] size=2
  s13:  RUNNING [
   FOLLOWER s13@group-4EB49E3E6D70:t0, leader=null, voted=, raftlog=Memoized:s13@group-4EB49E3E6D70-SegmentedRaftLog:OPENED:c-1:lastnull, conf=conf: {index: -1, cur=peers:[]|listeners:[], old=null} STARTING
   FOLLOWER s13@group-4CD87B055E3A:t0, leader=null, voted=, raftlog=Memoized:s13@group-4CD87B055E3A-SegmentedRaftLog:OPENED:c-1:lastnull, conf=conf: {index: -1, cur=peers:[]|listeners:[], old=null} STARTING] size=2
  s12:  RUNNING [
   FOLLOWER s12@group-4EB49E3E6D70:t0, leader=null, voted=, raftlog=Memoized:s12@group-4EB49E3E6D70-SegmentedRaftLog:OPENED:c-1:lastnull, conf=conf: {index: -1, cur=peers:[]|listeners:[], old=null} STARTING
   FOLLOWER s12@group-4CD87B055E3A:t0, leader=null, voted=, raftlog=Memoized:s12@group-4CD87B055E3A-SegmentedRaftLog:OPENED:c-1:lastnull, conf=conf: {index: -1, cur=peers:[]|listeners:[], old=null} STARTING] size=2
  s14:  RUNNING [
   FOLLOWER s14@group-4EB49E3E6D70:t0, leader=null, voted=, raftlog=Memoized:s14@group-4EB49E3E6D70-SegmentedRaftLog:OPENED:c-1:lastnull, conf=conf: {index: -1, cur=peers:[]|listeners:[], old=null} STARTING
   FOLLOWER s14@group-4CD87B055E3A:t0, leader=null, voted=, raftlog=Memoized:s14@group-4CD87B055E3A-SegmentedRaftLog:OPENED:c-1:lastnull, conf=conf: {index: -1, cur=peers:[]|listeners:[], old=null} STARTING] size=2
  s0:  RUNNING [
   FOLLOWER s0@group-4EB49E3E6D70:t0, leader=null, voted=, raftlog=Memoized:s0@group-4EB49E3E6D70-SegmentedRaftLog:OPENED:c-1:lastnull, conf=conf: {index: -1, cur=peers:[]|listeners:[], old=null} STARTING
   FOLLOWER s0@group-4CD87B055E3A:t1, leader=s7, voted=null, raftlog=Memoized:s0@group-4CD87B055E3A-SegmentedRaftLog:OPENED:c120:last(t:1, i:120), conf=conf: {index: 0, cur=peers:[s7|, s8|, s9|]|listeners:[], old=null} STARTING] size=2
  s1:  RUNNING [
   FOLLOWER s1@group-4EB49E3E6D70:t0, leader=null, voted=, raftlog=Memoized:s1@group-4EB49E3E6D70-SegmentedRaftLog:OPENED:c-1:lastnull, conf=conf: {index: -1, cur=peers:[]|listeners:[], old=null} STARTING
   FOLLOWER s1@group-4CD87B055E3A:t1, leader=s7, voted=null, raftlog=Memoized:s1@group-4CD87B055E3A-SegmentedRaftLog:OPENED:c120:last(t:1, i:120), conf=conf: {index: 0, cur=peers:[s7|, s8|, s9|]|listeners:[], old=null} STARTING] size=2
  s2:  RUNNING [
   FOLLOWER s2@group-4EB49E3E6D70:t0, leader=null, voted=, raftlog=Memoized:s2@group-4EB49E3E6D70-SegmentedRaftLog:OPENED:c-1:lastnull, conf=conf: {index: -1, cur=peers:[]|listeners:[], old=null} STARTING
   FOLLOWER s2@group-4CD87B055E3A:t0, leader=null, voted=, raftlog=Memoized:s2@group-4CD87B055E3A-SegmentedRaftLog:OPENED:c-1:lastnull, conf=conf: {index: -1, cur=peers:[]|listeners:[], old=null} STARTING] size=2
2024-10-31 03:25:46,056 INFO  server.RaftServer$Division (RaftServerImpl.java:setConfigurationAsync(1341)) - s8@group-4CD87B055E3A: receive setConfiguration SetConfigurationRequest:client-8FB543527D95->s8@group-4CD87B055E3A, cid=1984, seq=null, RW, null, SET_UNCONDITIONALLY, servers:[s7, s8, s9, s0, s1], listeners:[]
2024-10-31 03:25:46,156 INFO  server.RaftServer$Division (RaftServerImpl.java:setConfigurationAsync(1341)) - s7@group-4CD87B055E3A: receive setConfiguration SetConfigurationRequest:client-8FB543527D95->s7@group-4CD87B055E3A, cid=1984, seq=null, RW, null, SET_UNCONDITIONALLY, servers:[s7, s8, s9, s0, s1], listeners:[]
2024-10-31 03:25:46,257 INFO  server.RaftServer$Division (RaftServerImpl.java:setConfigurationAsync(1341)) - s8@group-4CD87B055E3A: receive setConfiguration SetConfigurationRequest:client-8FB543527D95->s8@group-4CD87B055E3A, cid=1984, seq=null, RW, null, SET_UNCONDITIONALLY, servers:[s7, s8, s9, s0, s1], listeners:[]
2024-10-31 03:25:46,357 INFO  server.RaftServer$Division (RaftServerImpl.java:setConfigurationAsync(1341)) - s7@group-4CD87B055E3A: receive setConfiguration SetConfigurationRequest:client-8FB543527D95->s7@group-4CD87B055E3A, cid=1984, seq=null, RW, null, SET_UNCONDITIONALLY, servers:[s7, s8, s9, s0, s1], listeners:[]
2024-10-31 03:25:46,457 INFO  server.RaftServer$Division (RaftServerImpl.java:setConfigurationAsync(1341)) - s9@group-4CD87B055E3A: receive setConfiguration SetConfigurationRequest:client-8FB543527D95->s9@group-4CD87B055E3A, cid=1984, seq=null, RW, null, SET_UNCONDITIONALLY, servers:[s7, s8, s9, s0, s1], listeners:[]
2024-10-31 03:25:46,558 INFO  server.RaftServer$Division (RaftServerImpl.java:setConfigurationAsync(1341)) - s7@group-4CD87B055E3A: receive setConfiguration SetConfigurationRequest:client-8FB543527D95->s7@group-4CD87B055E3A, cid=1984, seq=null, RW, null, SET_UNCONDITIONALLY, servers:[s7, s8, s9, s0, s1], listeners:[]
2024-10-31 03:25:46,658 INFO  server.RaftServer$Division (RaftServerImpl.java:setConfigurationAsync(1341)) - s8@group-4CD87B055E3A: receive setConfiguration SetConfigurationRequest:client-8FB543527D95->s8@group-4CD87B055E3A, cid=1984, seq=null, RW, null, SET_UNCONDITIONALLY, servers:[s7, s8, s9, s0, s1], listeners:[]
2024-10-31 03:25:46,759 INFO  server.RaftServer$Division (RaftServerImpl.java:setConfigurationAsync(1341)) - s7@group-4CD87B055E3A: receive setConfiguration SetConfigurationRequest:client-8FB543527D95->s7@group-4CD87B055E3A, cid=1984, seq=null, RW, null, SET_UNCONDITIONALLY, servers:[s7, s8, s9, s0, s1], listeners:[]
2024-10-31 03:25:46,859 INFO  server.RaftServer$Division (RaftServerImpl.java:setConfigurationAsync(1341)) - s8@group-4CD87B055E3A: receive setConfiguration SetConfigurationRequest:client-8FB543527D95->s8@group-4CD87B055E3A, cid=1984, seq=null, RW, null, SET_UNCONDITIONALLY, servers:[s7, s8, s9, s0, s1], listeners:[]
2024-10-31 03:25:46,959 INFO  server.RaftServer$Division (RaftServerImpl.java:setConfigurationAsync(1341)) - s7@group-4CD87B055E3A: receive setConfiguration SetConfigurationRequest:client-8FB543527D95->s7@group-4CD87B055E3A, cid=1984, seq=null, RW, null, SET_UNCONDITIONALLY, servers:[s7, s8, s9, s0, s1], listeners:[]
2024-10-31 03:25:47,060 INFO  server.RaftServer$Division (RaftServerImpl.java:setConfigurationAsync(1341)) - s9@group-4CD87B055E3A: receive setConfiguration SetConfigurationRequest:client-8FB543527D95->s9@group-4CD87B055E3A, cid=1984, seq=null, RW, null, SET_UNCONDITIONALLY, servers:[s7, s8, s9, s0, s1], listeners:[]
2024-10-31 03:25:47,160 INFO  server.RaftServer$Division (RaftServerImpl.java:setConfigurationAsync(1341)) - s7@group-4CD87B055E3A: receive setConfiguration SetConfigurationRequest:client-8FB543527D95->s7@group-4CD87B055E3A, cid=1984, seq=null, RW, null, SET_UNCONDITIONALLY, servers:[s7, s8, s9, s0, s1], listeners:[]
2024-10-31 03:25:47,261 INFO  server.RaftServer$Division (RaftServerImpl.java:setConfigurationAsync(1341)) - s8@group-4CD87B055E3A: receive setConfiguration SetConfigurationRequest:client-8FB543527D95->s8@group-4CD87B055E3A, cid=1984, seq=null, RW, null, SET_UNCONDITIONALLY, servers:[s7, s8, s9, s0, s1], listeners:[]
2024-10-31 03:25:47,361 INFO  server.RaftServer$Division (RaftServerImpl.java:setConfigurationAsync(1341)) - s7@group-4CD87B055E3A: receive setConfiguration SetConfigurationRequest:client-8FB543527D95->s7@group-4CD87B055E3A, cid=1984, seq=null, RW, null, SET_UNCONDITIONALLY, servers:[s7, s8, s9, s0, s1], listeners:[]
2024-10-31 03:25:47,461 INFO  server.RaftServer$Division (RaftServerImpl.java:setConfigurationAsync(1341)) - s8@group-4CD87B055E3A: receive setConfiguration SetConfigurationRequest:client-8FB543527D95->s8@group-4CD87B055E3A, cid=1984, seq=null, RW, null, SET_UNCONDITIONALLY, servers:[s7, s8, s9, s0, s1], listeners:[]
2024-10-31 03:25:47,562 INFO  server.RaftServer$Division (RaftServerImpl.java:setConfigurationAsync(1341)) - s7@group-4CD87B055E3A: receive setConfiguration SetConfigurationRequest:client-8FB543527D95->s7@group-4CD87B055E3A, cid=1984, seq=null, RW, null, SET_UNCONDITIONALLY, servers:[s7, s8, s9, s0, s1], listeners:[]
2024-10-31 03:25:47,662 INFO  server.RaftServer$Division (RaftServerImpl.java:setConfigurationAsync(1341)) - s9@group-4CD87B055E3A: receive setConfiguration SetConfigurationRequest:client-8FB543527D95->s9@group-4CD87B055E3A, cid=1984, seq=null, RW, null, SET_UNCONDITIONALLY, servers:[s7, s8, s9, s0, s1], listeners:[]
2024-10-31 03:25:47,763 INFO  server.RaftServer$Division (RaftServerImpl.java:setConfigurationAsync(1341)) - s7@group-4CD87B055E3A: receive setConfiguration SetConfigurationRequest:client-8FB543527D95->s7@group-4CD87B055E3A, cid=1984, seq=null, RW, null, SET_UNCONDITIONALLY, servers:[s7, s8, s9, s0, s1], listeners:[]
2024-10-31 03:25:47,863 INFO  server.RaftServer$Division (RaftServerImpl.java:setConfigurationAsync(1341)) - s8@group-4CD87B055E3A: receive setConfiguration SetConfigurationRequest:client-8FB543527D95->s8@group-4CD87B055E3A, cid=1984, seq=null, RW, null, SET_UNCONDITIONALLY, servers:[s7, s8, s9, s0, s1], listeners:[]
2024-10-31 03:25:47,963 INFO  server.RaftServer$Division (RaftServerImpl.java:setConfigurationAsync(1341)) - s7@group-4CD87B055E3A: receive setConfiguration SetConfigurationRequest:client-8FB543527D95->s7@group-4CD87B055E3A, cid=1984, seq=null, RW, null, SET_UNCONDITIONALLY, servers:[s7, s8, s9, s0, s1], listeners:[]
2024-10-31 03:25:48,064 INFO  server.RaftServer$Division (RaftServerImpl.java:setConfigurationAsync(1341)) - s9@group-4CD87B055E3A: receive setConfiguration SetConfigurationRequest:client-8FB543527D95->s9@group-4CD87B055E3A, cid=1984, seq=null, RW, null, SET_UNCONDITIONALLY, servers:[s7, s8, s9, s0, s1], listeners:[]
2024-10-31 03:25:48,164 INFO  server.RaftServer$Division (RaftServerImpl.java:setConfigurationAsync(1341)) - s7@group-4CD87B055E3A: receive setConfiguration SetConfigurationRequest:client-8FB543527D95->s7@group-4CD87B055E3A, cid=1984, seq=null, RW, null, SET_UNCONDITIONALLY, servers:[s7, s8, s9, s0, s1], listeners:[]
2024-10-31 03:25:48,264 INFO  server.RaftServer$Division (RaftServerImpl.java:setConfigurationAsync(1341)) - s8@group-4CD87B055E3A: receive setConfiguration SetConfigurationRequest:client-8FB543527D95->s8@group-4CD87B055E3A, cid=1984, seq=null, RW, null, SET_UNCONDITIONALLY, servers:[s7, s8, s9, s0, s1], listeners:[]
2024-10-31 03:25:48,365 INFO  server.RaftServer$Division (RaftServerImpl.java:setConfigurationAsync(1341)) - s7@group-4CD87B055E3A: receive setConfiguration SetConfigurationRequest:client-8FB543527D95->s7@group-4CD87B055E3A, cid=1984, seq=null, RW, null, SET_UNCONDITIONALLY, servers:[s7, s8, s9, s0, s1], listeners:[]
2024-10-31 03:25:48,465 INFO  server.RaftServer$Division (RaftServerImpl.java:setConfigurationAsync(1341)) - s8@group-4CD87B055E3A: receive setConfiguration SetConfigurationRequest:client-8FB543527D95->s8@group-4CD87B055E3A, cid=1984, seq=null, RW, null, SET_UNCONDITIONALLY, servers:[s7, s8, s9, s0, s1], listeners:[]
2024-10-31 03:25:48,566 INFO  server.RaftServer$Division (RaftServerImpl.java:setConfigurationAsync(1341)) - s7@group-4CD87B055E3A: receive setConfiguration SetConfigurationRequest:client-8FB543527D95->s7@group-4CD87B055E3A, cid=1984, seq=null, RW, null, SET_UNCONDITIONALLY, servers:[s7, s8, s9, s0, s1], listeners:[]
2024-10-31 03:25:48,666 INFO  server.RaftServer$Division (RaftServerImpl.java:setConfigurationAsync(1341)) - s9@group-4CD87B055E3A: receive setConfiguration SetConfigurationRequest:client-8FB543527D95->s9@group-4CD87B055E3A, cid=1984, seq=null, RW, null, SET_UNCONDITIONALLY, servers:[s7, s8, s9, s0, s1], listeners:[]
2024-10-31 03:25:48,766 INFO  server.RaftServer$Division (RaftServerImpl.java:setConfigurationAsync(1341)) - s7@group-4CD87B055E3A: receive setConfiguration SetConfigurationRequest:client-8FB543527D95->s7@group-4CD87B055E3A, cid=1984, seq=null, RW, null, SET_UNCONDITIONALLY, servers:[s7, s8, s9, s0, s1], listeners:[]
2024-10-31 03:25:48,867 INFO  server.RaftServer$Division (RaftServerImpl.java:setConfigurationAsync(1341)) - s8@group-4CD87B055E3A: receive setConfiguration SetConfigurationRequest:client-8FB543527D95->s8@group-4CD87B055E3A, cid=1984, seq=null, RW, null, SET_UNCONDITIONALLY, servers:[s7, s8, s9, s0, s1], listeners:[]
2024-10-31 03:25:48,967 INFO  server.RaftServer$Division (RaftServerImpl.java:setConfigurationAsync(1341)) - s7@group-4CD87B055E3A: receive setConfiguration SetConfigurationRequest:client-8FB543527D95->s7@group-4CD87B055E3A, cid=1984, seq=null, RW, null, SET_UNCONDITIONALLY, servers:[s7, s8, s9, s0, s1], listeners:[]
2024-10-31 03:25:49,067 INFO  server.RaftServer$Division (RaftServerImpl.java:setConfigurationAsync(1341)) - s8@group-4CD87B055E3A: receive setConfiguration SetConfigurationRequest:client-8FB543527D95->s8@group-4CD87B055E3A, cid=1984, seq=null, RW, null, SET_UNCONDITIONALLY, servers:[s7, s8, s9, s0, s1], listeners:[]
2024-10-31 03:25:49,168 INFO  server.RaftServer$Division (RaftServerImpl.java:setConfigurationAsync(1341)) - s7@group-4CD87B055E3A: receive setConfiguration SetConfigurationRequest:client-8FB543527D95->s7@group-4CD87B055E3A, cid=1984, seq=null, RW, null, SET_UNCONDITIONALLY, servers:[s7, s8, s9, s0, s1], listeners:[]
2024-10-31 03:25:49,268 INFO  server.RaftServer$Division (RaftServerImpl.java:setConfigurationAsync(1341)) - s8@group-4CD87B055E3A: receive setConfiguration SetConfigurationRequest:client-8FB543527D95->s8@group-4CD87B055E3A, cid=1984, seq=null, RW, null, SET_UNCONDITIONALLY, servers:[s7, s8, s9, s0, s1], listeners:[]
2024-10-31 03:25:49,369 INFO  server.RaftServer$Division (RaftServerImpl.java:setConfigurationAsync(1341)) - s7@group-4CD87B055E3A: receive setConfiguration SetConfigurationRequest:client-8FB543527D95->s7@group-4CD87B055E3A, cid=1984, seq=null, RW, null, SET_UNCONDITIONALLY, servers:[s7, s8, s9, s0, s1], listeners:[]
2024-10-31 03:25:49,469 INFO  server.RaftServer$Division (RaftServerImpl.java:setConfigurationAsync(1341)) - s8@group-4CD87B055E3A: receive setConfiguration SetConfigurationRequest:client-8FB543527D95->s8@group-4CD87B055E3A, cid=1984, seq=null, RW, null, SET_UNCONDITIONALLY, servers:[s7, s8, s9, s0, s1], listeners:[]
2024-10-31 03:25:49,569 INFO  server.RaftServer$Division (RaftServerImpl.java:setConfigurationAsync(1341)) - s7@group-4CD87B055E3A: receive setConfiguration SetConfigurationRequest:client-8FB543527D95->s7@group-4CD87B055E3A, cid=1984, seq=null, RW, null, SET_UNCONDITIONALLY, servers:[s7, s8, s9, s0, s1], listeners:[]
2024-10-31 03:25:49,670 INFO  server.RaftServer$Division (RaftServerImpl.java:setConfigurationAsync(1341)) - s9@group-4CD87B055E3A: receive setConfiguration SetConfigurationRequest:client-8FB543527D95->s9@group-4CD87B055E3A, cid=1984, seq=null, RW, null, SET_UNCONDITIONALLY, servers:[s7, s8, s9, s0, s1], listeners:[]
2024-10-31 03:25:49,770 INFO  server.RaftServer$Division (RaftServerImpl.java:setConfigurationAsync(1341)) - s7@group-4CD87B055E3A: receive setConfiguration SetConfigurationRequest:client-8FB543527D95->s7@group-4CD87B055E3A, cid=1984, seq=null, RW, null, SET_UNCONDITIONALLY, servers:[s7, s8, s9, s0, s1], listeners:[]
2024-10-31 03:25:49,871 INFO  server.RaftServer$Division (RaftServerImpl.java:setConfigurationAsync(1341)) - s8@group-4CD87B055E3A: receive setConfiguration SetConfigurationRequest:client-8FB543527D95->s8@group-4CD87B055E3A, cid=1984, seq=null, RW, null, SET_UNCONDITIONALLY, servers:[s7, s8, s9, s0, s1], listeners:[]
2024-10-31 03:25:49,971 INFO  server.RaftServer$Division (RaftServerImpl.java:setConfigurationAsync(1341)) - s7@group-4CD87B055E3A: receive setConfiguration SetConfigurationRequest:client-8FB543527D95->s7@group-4CD87B055E3A, cid=1984, seq=null, RW, null, SET_UNCONDITIONALLY, servers:[s7, s8, s9, s0, s1], listeners:[]
2024-10-31 03:25:50,071 INFO  server.RaftServer$Division (RaftServerImpl.java:setConfigurationAsync(1341)) - s9@group-4CD87B055E3A: receive setConfiguration SetConfigurationRequest:client-8FB543527D95->s9@group-4CD87B055E3A, cid=1984, seq=null, RW, null, SET_UNCONDITIONALLY, servers:[s7, s8, s9, s0, s1], listeners:[]
2024-10-31 03:25:50,172 INFO  server.RaftServer$Division (RaftServerImpl.java:setConfigurationAsync(1341)) - s7@group-4CD87B055E3A: receive setConfiguration SetConfigurationRequest:client-8FB543527D95->s7@group-4CD87B055E3A, cid=1984, seq=null, RW, null, SET_UNCONDITIONALLY, servers:[s7, s8, s9, s0, s1], listeners:[]
2024-10-31 03:25:50,272 INFO  server.RaftServer$Division (RaftServerImpl.java:setConfigurationAsync(1341)) - s9@group-4CD87B055E3A: receive setConfiguration SetConfigurationRequest:client-8FB543527D95->s9@group-4CD87B055E3A, cid=1984, seq=null, RW, null, SET_UNCONDITIONALLY, servers:[s7, s8, s9, s0, s1], listeners:[]
2024-10-31 03:25:50,373 INFO  server.RaftServer$Division (RaftServerImpl.java:setConfigurationAsync(1341)) - s7@group-4CD87B055E3A: receive setConfiguration SetConfigurationRequest:client-8FB543527D95->s7@group-4CD87B055E3A, cid=1984, seq=null, RW, null, SET_UNCONDITIONALLY, servers:[s7, s8, s9, s0, s1], listeners:[]
2024-10-31 03:25:50,473 INFO  server.RaftServer$Division (RaftServerImpl.java:setConfigurationAsync(1341)) - s9@group-4CD87B055E3A: receive setConfiguration SetConfigurationRequest:client-8FB543527D95->s9@group-4CD87B055E3A, cid=1984, seq=null, RW, null, SET_UNCONDITIONALLY, servers:[s7, s8, s9, s0, s1], listeners:[]
2024-10-31 03:25:50,574 INFO  server.RaftServer$Division (RaftServerImpl.java:setConfigurationAsync(1341)) - s7@group-4CD87B055E3A: receive setConfiguration SetConfigurationRequest:client-8FB543527D95->s7@group-4CD87B055E3A, cid=1984, seq=null, RW, null, SET_UNCONDITIONALLY, servers:[s7, s8, s9, s0, s1], listeners:[]
2024-10-31 03:25:50,674 INFO  server.RaftServer$Division (RaftServerImpl.java:setConfigurationAsync(1341)) - s8@group-4CD87B055E3A: receive setConfiguration SetConfigurationRequest:client-8FB543527D95->s8@group-4CD87B055E3A, cid=1984, seq=null, RW, null, SET_UNCONDITIONALLY, servers:[s7, s8, s9, s0, s1], listeners:[]
2024-10-31 03:25:50,774 INFO  server.RaftServer$Division (RaftServerImpl.java:setConfigurationAsync(1341)) - s7@group-4CD87B055E3A: receive setConfiguration SetConfigurationRequest:client-8FB543527D95->s7@group-4CD87B055E3A, cid=1984, seq=null, RW, null, SET_UNCONDITIONALLY, servers:[s7, s8, s9, s0, s1], listeners:[]
2024-10-31 03:25:50,875 INFO  server.RaftServer$Division (RaftServerImpl.java:setConfigurationAsync(1341)) - s8@group-4CD87B055E3A: receive setConfiguration SetConfigurationRequest:client-8FB543527D95->s8@group-4CD87B055E3A, cid=1984, seq=null, RW, null, SET_UNCONDITIONALLY, servers:[s7, s8, s9, s0, s1], listeners:[]
2024-10-31 03:25:50,975 INFO  server.RaftServer$Division (RaftServerImpl.java:setConfigurationAsync(1341)) - s7@group-4CD87B055E3A: receive setConfiguration SetConfigurationRequest:client-8FB543527D95->s7@group-4CD87B055E3A, cid=1984, seq=null, RW, null, SET_UNCONDITIONALLY, servers:[s7, s8, s9, s0, s1], listeners:[]
2024-10-31 03:25:51,075 INFO  server.RaftServer$Division (RaftServerImpl.java:setConfigurationAsync(1341)) - s9@group-4CD87B055E3A: receive setConfiguration SetConfigurationRequest:client-8FB543527D95->s9@group-4CD87B055E3A, cid=1984, seq=null, RW, null, SET_UNCONDITIONALLY, servers:[s7, s8, s9, s0, s1], listeners:[]
2024-10-31 03:25:51,176 INFO  server.RaftServer$Division (RaftServerImpl.java:setConfigurationAsync(1341)) - s7@group-4CD87B055E3A: receive setConfiguration SetConfigurationRequest:client-8FB543527D95->s7@group-4CD87B055E3A, cid=1984, seq=null, RW, null, SET_UNCONDITIONALLY, servers:[s7, s8, s9, s0, s1], listeners:[]
2024-10-31 03:25:51,276 INFO  server.RaftServer$Division (RaftServerImpl.java:setConfigurationAsync(1341)) - s9@group-4CD87B055E3A: receive setConfiguration SetConfigurationRequest:client-8FB543527D95->s9@group-4CD87B055E3A, cid=1984, seq=null, RW, null, SET_UNCONDITIONALLY, servers:[s7, s8, s9, s0, s1], listeners:[]
2024-10-31 03:25:51,377 INFO  server.RaftServer$Division (RaftServerImpl.java:setConfigurationAsync(1341)) - s7@group-4CD87B055E3A: receive setConfiguration SetConfigurationRequest:client-8FB543527D95->s7@group-4CD87B055E3A, cid=1984, seq=null, RW, null, SET_UNCONDITIONALLY, servers:[s7, s8, s9, s0, s1], listeners:[]
2024-10-31 03:25:51,477 INFO  server.RaftServer$Division (RaftServerImpl.java:setConfigurationAsync(1341)) - s8@group-4CD87B055E3A: receive setConfiguration SetConfigurationRequest:client-8FB543527D95->s8@group-4CD87B055E3A, cid=1984, seq=null, RW, null, SET_UNCONDITIONALLY, servers:[s7, s8, s9, s0, s1], listeners:[]
2024-10-31 03:25:51,577 INFO  server.RaftServer$Division (RaftServerImpl.java:setConfigurationAsync(1341)) - s7@group-4CD87B055E3A: receive setConfiguration SetConfigurationRequest:client-8FB543527D95->s7@group-4CD87B055E3A, cid=1984, seq=null, RW, null, SET_UNCONDITIONALLY, servers:[s7, s8, s9, s0, s1], listeners:[]
2024-10-31 03:25:51,677 INFO  server.RaftServer$Division (RaftServerImpl.java:setConfigurationAsync(1341)) - s8@group-4CD87B055E3A: receive setConfiguration SetConfigurationRequest:client-8FB543527D95->s8@group-4CD87B055E3A, cid=1984, seq=null, RW, null, SET_UNCONDITIONALLY, servers:[s7, s8, s9, s0, s1], listeners:[]
2024-10-31 03:25:51,778 INFO  server.RaftServer$Division (RaftServerImpl.java:setConfigurationAsync(1341)) - s7@group-4CD87B055E3A: receive setConfiguration SetConfigurationRequest:client-8FB543527D95->s7@group-4CD87B055E3A, cid=1984, seq=null, RW, null, SET_UNCONDITIONALLY, servers:[s7, s8, s9, s0, s1], listeners:[]
2024-10-31 03:25:51,878 INFO  server.RaftServer$Division (RaftServerImpl.java:setConfigurationAsync(1341)) - s9@group-4CD87B055E3A: receive setConfiguration SetConfigurationRequest:client-8FB543527D95->s9@group-4CD87B055E3A, cid=1984, seq=null, RW, null, SET_UNCONDITIONALLY, servers:[s7, s8, s9, s0, s1], listeners:[]
2024-10-31 03:25:51,978 INFO  server.RaftServer$Division (RaftServerImpl.java:setConfigurationAsync(1341)) - s7@group-4CD87B055E3A: receive setConfiguration SetConfigurationRequest:client-8FB543527D95->s7@group-4CD87B055E3A, cid=1984, seq=null, RW, null, SET_UNCONDITIONALLY, servers:[s7, s8, s9, s0, s1], listeners:[]
2024-10-31 03:25:52,079 INFO  server.RaftServer$Division (RaftServerImpl.java:setConfigurationAsync(1341)) - s9@group-4CD87B055E3A: receive setConfiguration SetConfigurationRequest:client-8FB543527D95->s9@group-4CD87B055E3A, cid=1984, seq=null, RW, null, SET_UNCONDITIONALLY, servers:[s7, s8, s9, s0, s1], listeners:[]
2024-10-31 03:25:52,179 INFO  server.RaftServer$Division (RaftServerImpl.java:setConfigurationAsync(1341)) - s7@group-4CD87B055E3A: receive setConfiguration SetConfigurationRequest:client-8FB543527D95->s7@group-4CD87B055E3A, cid=1984, seq=null, RW, null, SET_UNCONDITIONALLY, servers:[s7, s8, s9, s0, s1], listeners:[]
2024-10-31 03:25:52,279 INFO  server.RaftServer$Division (RaftServerImpl.java:setConfigurationAsync(1341)) - s9@group-4CD87B055E3A: receive setConfiguration SetConfigurationRequest:client-8FB543527D95->s9@group-4CD87B055E3A, cid=1984, seq=null, RW, null, SET_UNCONDITIONALLY, servers:[s7, s8, s9, s0, s1], listeners:[]
2024-10-31 03:25:52,380 INFO  server.RaftServer$Division (RaftServerImpl.java:setConfigurationAsync(1341)) - s7@group-4CD87B055E3A: receive setConfiguration SetConfigurationRequest:client-8FB543527D95->s7@group-4CD87B055E3A, cid=1984, seq=null, RW, null, SET_UNCONDITIONALLY, servers:[s7, s8, s9, s0, s1], listeners:[]
2024-10-31 03:25:52,480 INFO  server.RaftServer$Division (RaftServerImpl.java:setConfigurationAsync(1341)) - s8@group-4CD87B055E3A: receive setConfiguration SetConfigurationRequest:client-8FB543527D95->s8@group-4CD87B055E3A, cid=1984, seq=null, RW, null, SET_UNCONDITIONALLY, servers:[s7, s8, s9, s0, s1], listeners:[]
2024-10-31 03:25:52,581 INFO  server.RaftServer$Division (RaftServerImpl.java:setConfigurationAsync(1341)) - s7@group-4CD87B055E3A: receive setConfiguration SetConfigurationRequest:client-8FB543527D95->s7@group-4CD87B055E3A, cid=1984, seq=null, RW, null, SET_UNCONDITIONALLY, servers:[s7, s8, s9, s0, s1], listeners:[]
2024-10-31 03:25:52,681 INFO  server.RaftServer$Division (RaftServerImpl.java:setConfigurationAsync(1341)) - s8@group-4CD87B055E3A: receive setConfiguration SetConfigurationRequest:client-8FB543527D95->s8@group-4CD87B055E3A, cid=1984, seq=null, RW, null, SET_UNCONDITIONALLY, servers:[s7, s8, s9, s0, s1], listeners:[]
2024-10-31 03:25:52,781 INFO  server.RaftServer$Division (RaftServerImpl.java:setConfigurationAsync(1341)) - s7@group-4CD87B055E3A: receive setConfiguration SetConfigurationRequest:client-8FB543527D95->s7@group-4CD87B055E3A, cid=1984, seq=null, RW, null, SET_UNCONDITIONALLY, servers:[s7, s8, s9, s0, s1], listeners:[]
2024-10-31 03:25:52,882 INFO  server.RaftServer$Division (RaftServerImpl.java:setConfigurationAsync(1341)) - s9@group-4CD87B055E3A: receive setConfiguration SetConfigurationRequest:client-8FB543527D95->s9@group-4CD87B055E3A, cid=1984, seq=null, RW, null, SET_UNCONDITIONALLY, servers:[s7, s8, s9, s0, s1], listeners:[]
2024-10-31 03:25:52,982 INFO  server.RaftServer$Division (RaftServerImpl.java:setConfigurationAsync(1341)) - s7@group-4CD87B055E3A: receive setConfiguration SetConfigurationRequest:client-8FB543527D95->s7@group-4CD87B055E3A, cid=1984, seq=null, RW, null, SET_UNCONDITIONALLY, servers:[s7, s8, s9, s0, s1], listeners:[]
2024-10-31 03:25:53,082 INFO  server.RaftServer$Division (RaftServerImpl.java:setConfigurationAsync(1341)) - s8@group-4CD87B055E3A: receive setConfiguration SetConfigurationRequest:client-8FB543527D95->s8@group-4CD87B055E3A, cid=1984, seq=null, RW, null, SET_UNCONDITIONALLY, servers:[s7, s8, s9, s0, s1], listeners:[]
2024-10-31 03:25:53,183 INFO  server.RaftServer$Division (RaftServerImpl.java:setConfigurationAsync(1341)) - s7@group-4CD87B055E3A: receive setConfiguration SetConfigurationRequest:client-8FB543527D95->s7@group-4CD87B055E3A, cid=1984, seq=null, RW, null, SET_UNCONDITIONALLY, servers:[s7, s8, s9, s0, s1], listeners:[]
2024-10-31 03:25:53,283 INFO  server.RaftServer$Division (RaftServerImpl.java:setConfigurationAsync(1341)) - s9@group-4CD87B055E3A: receive setConfiguration SetConfigurationRequest:client-8FB543527D95->s9@group-4CD87B055E3A, cid=1984, seq=null, RW, null, SET_UNCONDITIONALLY, servers:[s7, s8, s9, s0, s1], listeners:[]
2024-10-31 03:25:53,383 INFO  server.RaftServer$Division (RaftServerImpl.java:setConfigurationAsync(1341)) - s7@group-4CD87B055E3A: receive setConfiguration SetConfigurationRequest:client-8FB543527D95->s7@group-4CD87B055E3A, cid=1984, seq=null, RW, null, SET_UNCONDITIONALLY, servers:[s7, s8, s9, s0, s1], listeners:[]
2024-10-31 03:25:53,484 INFO  server.RaftServer$Division (RaftServerImpl.java:setConfigurationAsync(1341)) - s8@group-4CD87B055E3A: receive setConfiguration SetConfigurationRequest:client-8FB543527D95->s8@group-4CD87B055E3A, cid=1984, seq=null, RW, null, SET_UNCONDITIONALLY, servers:[s7, s8, s9, s0, s1], listeners:[]
2024-10-31 03:25:53,584 INFO  server.RaftServer$Division (RaftServerImpl.java:setConfigurationAsync(1341)) - s7@group-4CD87B055E3A: receive setConfiguration SetConfigurationRequest:client-8FB543527D95->s7@group-4CD87B055E3A, cid=1984, seq=null, RW, null, SET_UNCONDITIONALLY, servers:[s7, s8, s9, s0, s1], listeners:[]
2024-10-31 03:25:53,685 INFO  server.RaftServer$Division (RaftServerImpl.java:setConfigurationAsync(1341)) - s9@group-4CD87B055E3A: receive setConfiguration SetConfigurationRequest:client-8FB543527D95->s9@group-4CD87B055E3A, cid=1984, seq=null, RW, null, SET_UNCONDITIONALLY, servers:[s7, s8, s9, s0, s1], listeners:[]
2024-10-31 03:25:53,785 INFO  server.RaftServer$Division (RaftServerImpl.java:setConfigurationAsync(1341)) - s7@group-4CD87B055E3A: receive setConfiguration SetConfigurationRequest:client-8FB543527D95->s7@group-4CD87B055E3A, cid=1984, seq=null, RW, null, SET_UNCONDITIONALLY, servers:[s7, s8, s9, s0, s1], listeners:[]
2024-10-31 03:25:53,885 INFO  server.RaftServer$Division (RaftServerImpl.java:setConfigurationAsync(1341)) - s8@group-4CD87B055E3A: receive setConfiguration SetConfigurationRequest:client-8FB543527D95->s8@group-4CD87B055E3A, cid=1984, seq=null, RW, null, SET_UNCONDITIONALLY, servers:[s7, s8, s9, s0, s1], listeners:[]
2024-10-31 03:25:53,986 INFO  server.RaftServer$Division (RaftServerImpl.java:setConfigurationAsync(1341)) - s7@group-4CD87B055E3A: receive setConfiguration SetConfigurationRequest:client-8FB543527D95->s7@group-4CD87B055E3A, cid=1984, seq=null, RW, null, SET_UNCONDITIONALLY, servers:[s7, s8, s9, s0, s1], listeners:[]
2024-10-31 03:25:54,086 INFO  server.RaftServer$Division (RaftServerImpl.java:setConfigurationAsync(1341)) - s8@group-4CD87B055E3A: receive setConfiguration SetConfigurationRequest:client-8FB543527D95->s8@group-4CD87B055E3A, cid=1984, seq=null, RW, null, SET_UNCONDITIONALLY, servers:[s7, s8, s9, s0, s1], listeners:[]
2024-10-31 03:25:54,186 INFO  server.RaftServer$Division (RaftServerImpl.java:setConfigurationAsync(1341)) - s7@group-4CD87B055E3A: receive setConfiguration SetConfigurationRequest:client-8FB543527D95->s7@group-4CD87B055E3A, cid=1984, seq=null, RW, null, SET_UNCONDITIONALLY, servers:[s7, s8, s9, s0, s1], listeners:[]
2024-10-31 03:25:54,287 INFO  server.RaftServer$Division (RaftServerImpl.java:setConfigurationAsync(1341)) - s9@group-4CD87B055E3A: receive setConfiguration SetConfigurationRequest:client-8FB543527D95->s9@group-4CD87B055E3A, cid=1984, seq=null, RW, null, SET_UNCONDITIONALLY, servers:[s7, s8, s9, s0, s1], listeners:[]
2024-10-31 03:25:54,387 INFO  server.RaftServer$Division (RaftServerImpl.java:setConfigurationAsync(1341)) - s7@group-4CD87B055E3A: receive setConfiguration SetConfigurationRequest:client-8FB543527D95->s7@group-4CD87B055E3A, cid=1984, seq=null, RW, null, SET_UNCONDITIONALLY, servers:[s7, s8, s9, s0, s1], listeners:[]
2024-10-31 03:25:54,488 INFO  server.RaftServer$Division (RaftServerImpl.java:setConfigurationAsync(1341)) - s9@group-4CD87B055E3A: receive setConfiguration SetConfigurationRequest:client-8FB543527D95->s9@group-4CD87B055E3A, cid=1984, seq=null, RW, null, SET_UNCONDITIONALLY, servers:[s7, s8, s9, s0, s1], listeners:[]
2024-10-31 03:25:54,588 INFO  server.RaftServer$Division (RaftServerImpl.java:setConfigurationAsync(1341)) - s7@group-4CD87B055E3A: receive setConfiguration SetConfigurationRequest:client-8FB543527D95->s7@group-4CD87B055E3A, cid=1984, seq=null, RW, null, SET_UNCONDITIONALLY, servers:[s7, s8, s9, s0, s1], listeners:[]
2024-10-31 03:25:54,688 INFO  server.RaftServer$Division (RaftServerImpl.java:setConfigurationAsync(1341)) - s8@group-4CD87B055E3A: receive setConfiguration SetConfigurationRequest:client-8FB543527D95->s8@group-4CD87B055E3A, cid=1984, seq=null, RW, null, SET_UNCONDITIONALLY, servers:[s7, s8, s9, s0, s1], listeners:[]
2024-10-31 03:25:54,789 INFO  server.RaftServer$Division (RaftServerImpl.java:setConfigurationAsync(1341)) - s7@group-4CD87B055E3A: receive setConfiguration SetConfigurationRequest:client-8FB543527D95->s7@group-4CD87B055E3A, cid=1984, seq=null, RW, null, SET_UNCONDITIONALLY, servers:[s7, s8, s9, s0, s1], listeners:[]
2024-10-31 03:25:54,889 INFO  server.RaftServer$Division (RaftServerImpl.java:setConfigurationAsync(1341)) - s8@group-4CD87B055E3A: receive setConfiguration SetConfigurationRequest:client-8FB543527D95->s8@group-4CD87B055E3A, cid=1984, seq=null, RW, null, SET_UNCONDITIONALLY, servers:[s7, s8, s9, s0, s1], listeners:[]
2024-10-31 03:25:54,990 INFO  server.RaftServer$Division (RaftServerImpl.java:setConfigurationAsync(1341)) - s7@group-4CD87B055E3A: receive setConfiguration SetConfigurationRequest:client-8FB543527D95->s7@group-4CD87B055E3A, cid=1984, seq=null, RW, null, SET_UNCONDITIONALLY, servers:[s7, s8, s9, s0, s1], listeners:[]
2024-10-31 03:25:55,090 INFO  server.RaftServer$Division (RaftServerImpl.java:setConfigurationAsync(1341)) - s9@group-4CD87B055E3A: receive setConfiguration SetConfigurationRequest:client-8FB543527D95->s9@group-4CD87B055E3A, cid=1984, seq=null, RW, null, SET_UNCONDITIONALLY, servers:[s7, s8, s9, s0, s1], listeners:[]
2024-10-31 03:25:55,190 INFO  server.RaftServer$Division (RaftServerImpl.java:setConfigurationAsync(1341)) - s7@group-4CD87B055E3A: receive setConfiguration SetConfigurationRequest:client-8FB543527D95->s7@group-4CD87B055E3A, cid=1984, seq=null, RW, null, SET_UNCONDITIONALLY, servers:[s7, s8, s9, s0, s1], listeners:[]
2024-10-31 03:25:55,291 INFO  server.RaftServer$Division (RaftServerImpl.java:setConfigurationAsync(1341)) - s8@group-4CD87B055E3A: receive setConfiguration SetConfigurationRequest:client-8FB543527D95->s8@group-4CD87B055E3A, cid=1984, seq=null, RW, null, SET_UNCONDITIONALLY, servers:[s7, s8, s9, s0, s1], listeners:[]
2024-10-31 03:25:55,391 INFO  server.RaftServer$Division (RaftServerImpl.java:setConfigurationAsync(1341)) - s7@group-4CD87B055E3A: receive setConfiguration SetConfigurationRequest:client-8FB543527D95->s7@group-4CD87B055E3A, cid=1984, seq=null, RW, null, SET_UNCONDITIONALLY, servers:[s7, s8, s9, s0, s1], listeners:[]
2024-10-31 03:25:55,491 INFO  server.RaftServer$Division (RaftServerImpl.java:setConfigurationAsync(1341)) - s8@group-4CD87B055E3A: receive setConfiguration SetConfigurationRequest:client-8FB543527D95->s8@group-4CD87B055E3A, cid=1984, seq=null, RW, null, SET_UNCONDITIONALLY, servers:[s7, s8, s9, s0, s1], listeners:[]
2024-10-31 03:25:55,592 INFO  server.RaftServer$Division (RaftServerImpl.java:setConfigurationAsync(1341)) - s7@group-4CD87B055E3A: receive setConfiguration SetConfigurationRequest:client-8FB543527D95->s7@group-4CD87B055E3A, cid=1984, seq=null, RW, null, SET_UNCONDITIONALLY, servers:[s7, s8, s9, s0, s1], listeners:[]
2024-10-31 03:25:55,692 INFO  server.RaftServer$Division (RaftServerImpl.java:setConfigurationAsync(1341)) - s9@group-4CD87B055E3A: receive setConfiguration SetConfigurationRequest:client-8FB543527D95->s9@group-4CD87B055E3A, cid=1984, seq=null, RW, null, SET_UNCONDITIONALLY, servers:[s7, s8, s9, s0, s1], listeners:[]
2024-10-31 03:25:55,793 INFO  server.RaftServer$Division (RaftServerImpl.java:setConfigurationAsync(1341)) - s7@group-4CD87B055E3A: receive setConfiguration SetConfigurationRequest:client-8FB543527D95->s7@group-4CD87B055E3A, cid=1984, seq=null, RW, null, SET_UNCONDITIONALLY, servers:[s7, s8, s9, s0, s1], listeners:[]
2024-10-31 03:25:55,893 INFO  server.RaftServer$Division (RaftServerImpl.java:setConfigurationAsync(1341)) - s9@group-4CD87B055E3A: receive setConfiguration SetConfigurationRequest:client-8FB543527D95->s9@group-4CD87B055E3A, cid=1984, seq=null, RW, null, SET_UNCONDITIONALLY, servers:[s7, s8, s9, s0, s1], listeners:[]
2024-10-31 03:25:55,992 INFO  impl.MiniRaftCluster (MiniRaftCluster.java:lambda$null$7(362)) - TIMED-PRINT: printing ALL groups
  s3:  RUNNING [
   FOLLOWER s3@group-4EB49E3E6D70:t0, leader=null, voted=, raftlog=Memoized:s3@group-4EB49E3E6D70-SegmentedRaftLog:OPENED:c-1:lastnull, conf=conf: {index: -1, cur=peers:[]|listeners:[], old=null} STARTING
   FOLLOWER s3@group-4CD87B055E3A:t0, leader=null, voted=, raftlog=Memoized:s3@group-4CD87B055E3A-SegmentedRaftLog:OPENED:c-1:lastnull, conf=conf: {index: -1, cur=peers:[]|listeners:[], old=null} STARTING] size=2
  s4:  RUNNING [
   FOLLOWER s4@group-4EB49E3E6D70:t0, leader=null, voted=, raftlog=Memoized:s4@group-4EB49E3E6D70-SegmentedRaftLog:OPENED:c-1:lastnull, conf=conf: {index: -1, cur=peers:[]|listeners:[], old=null} STARTING
   FOLLOWER s4@group-4CD87B055E3A:t0, leader=null, voted=, raftlog=Memoized:s4@group-4CD87B055E3A-SegmentedRaftLog:OPENED:c-1:lastnull, conf=conf: {index: -1, cur=peers:[]|listeners:[], old=null} STARTING] size=2
  s5:  RUNNING [
   FOLLOWER s5@group-4EB49E3E6D70:t0, leader=null, voted=, raftlog=Memoized:s5@group-4EB49E3E6D70-SegmentedRaftLog:OPENED:c-1:lastnull, conf=conf: {index: -1, cur=peers:[]|listeners:[], old=null} STARTING
   FOLLOWER s5@group-4CD87B055E3A:t0, leader=null, voted=, raftlog=Memoized:s5@group-4CD87B055E3A-SegmentedRaftLog:OPENED:c-1:lastnull, conf=conf: {index: -1, cur=peers:[]|listeners:[], old=null} STARTING] size=2
  s6:  RUNNING [
   FOLLOWER s6@group-4EB49E3E6D70:t0, leader=null, voted=, raftlog=Memoized:s6@group-4EB49E3E6D70-SegmentedRaftLog:OPENED:c-1:lastnull, conf=conf: {index: -1, cur=peers:[]|listeners:[], old=null} STARTING
   FOLLOWER s6@group-4CD87B055E3A:t0, leader=null, voted=, raftlog=Memoized:s6@group-4CD87B055E3A-SegmentedRaftLog:OPENED:c-1:lastnull, conf=conf: {index: -1, cur=peers:[]|listeners:[], old=null} STARTING] size=2
  s7:  RUNNING [
   FOLLOWER s7@group-4EB49E3E6D70:t0, leader=null, voted=, raftlog=Memoized:s7@group-4EB49E3E6D70-SegmentedRaftLog:OPENED:c-1:lastnull, conf=conf: {index: -1, cur=peers:[]|listeners:[], old=null} STARTING
     LEADER s7@group-4CD87B055E3A:t1, leader=s7, voted=s7, raftlog=Memoized:s7@group-4CD87B055E3A-SegmentedRaftLog:OPENED:c120:last(t:1, i:120), conf=conf: {index: 0, cur=peers:[s7, s8, s9]|listeners:[], old=null} RUNNING] size=2
  s8:  RUNNING [
   FOLLOWER s8@group-4EB49E3E6D70:t0, leader=null, voted=, raftlog=Memoized:s8@group-4EB49E3E6D70-SegmentedRaftLog:OPENED:c-1:lastnull, conf=conf: {index: -1, cur=peers:[]|listeners:[], old=null} STARTING
   FOLLOWER s8@group-4CD87B055E3A:t1, leader=s7, voted=s7, raftlog=Memoized:s8@group-4CD87B055E3A-SegmentedRaftLog:OPENED:c120:last(t:1, i:120), conf=conf: {index: 0, cur=peers:[s7|, s8|, s9|]|listeners:[], old=null} RUNNING] size=2
  s9:  RUNNING [
   FOLLOWER s9@group-4EB49E3E6D70:t0, leader=null, voted=, raftlog=Memoized:s9@group-4EB49E3E6D70-SegmentedRaftLog:OPENED:c-1:lastnull, conf=conf: {index: -1, cur=peers:[]|listeners:[], old=null} STARTING
   FOLLOWER s9@group-4CD87B055E3A:t1, leader=s7, voted=s7, raftlog=Memoized:s9@group-4CD87B055E3A-SegmentedRaftLog:OPENED:c120:last(t:1, i:120), conf=conf: {index: 0, cur=peers:[s7|, s8|, s9|]|listeners:[], old=null} RUNNING] size=2
  s11:  RUNNING [
   FOLLOWER s11@group-4EB49E3E6D70:t0, leader=null, voted=, raftlog=Memoized:s11@group-4EB49E3E6D70-SegmentedRaftLog:OPENED:c-1:lastnull, conf=conf: {index: -1, cur=peers:[]|listeners:[], old=null} STARTING
   FOLLOWER s11@group-4CD87B055E3A:t0, leader=null, voted=, raftlog=Memoized:s11@group-4CD87B055E3A-SegmentedRaftLog:OPENED:c-1:lastnull, conf=conf: {index: -1, cur=peers:[]|listeners:[], old=null} STARTING] size=2
  s10:  RUNNING [
   FOLLOWER s10@group-4EB49E3E6D70:t0, leader=null, voted=, raftlog=Memoized:s10@group-4EB49E3E6D70-SegmentedRaftLog:OPENED:c-1:lastnull, conf=conf: {index: -1, cur=peers:[]|listeners:[], old=null} STARTING
   FOLLOWER s10@group-4CD87B055E3A:t0, leader=null, voted=, raftlog=Memoized:s10@group-4CD87B055E3A-SegmentedRaftLog:OPENED:c-1:lastnull, conf=conf: {index: -1, cur=peers:[]|listeners:[], old=null} STARTING] size=2
  s13:  RUNNING [
   FOLLOWER s13@group-4EB49E3E6D70:t0, leader=null, voted=, raftlog=Memoized:s13@group-4EB49E3E6D70-SegmentedRaftLog:OPENED:c-1:lastnull, conf=conf: {index: -1, cur=peers:[]|listeners:[], old=null} STARTING
   FOLLOWER s13@group-4CD87B055E3A:t0, leader=null, voted=, raftlog=Memoized:s13@group-4CD87B055E3A-SegmentedRaftLog:OPENED:c-1:lastnull, conf=conf: {index: -1, cur=peers:[]|listeners:[], old=null} STARTING] size=2
  s12:  RUNNING [
   FOLLOWER s12@group-4EB49E3E6D70:t0, leader=null, voted=, raftlog=Memoized:s12@group-4EB49E3E6D70-SegmentedRaftLog:OPENED:c-1:lastnull, conf=conf: {index: -1, cur=peers:[]|listeners:[], old=null} STARTING
   FOLLOWER s12@group-4CD87B055E3A:t0, leader=null, voted=, raftlog=Memoized:s12@group-4CD87B055E3A-SegmentedRaftLog:OPENED:c-1:lastnull, conf=conf: {index: -1, cur=peers:[]|listeners:[], old=null} STARTING] size=2
  s14:  RUNNING [
   FOLLOWER s14@group-4EB49E3E6D70:t0, leader=null, voted=, raftlog=Memoized:s14@group-4EB49E3E6D70-SegmentedRaftLog:OPENED:c-1:lastnull, conf=conf: {index: -1, cur=peers:[]|listeners:[], old=null} STARTING
   FOLLOWER s14@group-4CD87B055E3A:t0, leader=null, voted=, raftlog=Memoized:s14@group-4CD87B055E3A-SegmentedRaftLog:OPENED:c-1:lastnull, conf=conf: {index: -1, cur=peers:[]|listeners:[], old=null} STARTING] size=2
  s0:  RUNNING [
   FOLLOWER s0@group-4EB49E3E6D70:t0, leader=null, voted=, raftlog=Memoized:s0@group-4EB49E3E6D70-SegmentedRaftLog:OPENED:c-1:lastnull, conf=conf: {index: -1, cur=peers:[]|listeners:[], old=null} STARTING
   FOLLOWER s0@group-4CD87B055E3A:t1, leader=s7, voted=null, raftlog=Memoized:s0@group-4CD87B055E3A-SegmentedRaftLog:OPENED:c120:last(t:1, i:120), conf=conf: {index: 0, cur=peers:[s7|, s8|, s9|]|listeners:[], old=null} STARTING] size=2
  s1:  RUNNING [
   FOLLOWER s1@group-4EB49E3E6D70:t0, leader=null, voted=, raftlog=Memoized:s1@group-4EB49E3E6D70-SegmentedRaftLog:OPENED:c-1:lastnull, conf=conf: {index: -1, cur=peers:[]|listeners:[], old=null} STARTING
   FOLLOWER s1@group-4CD87B055E3A:t1, leader=s7, voted=null, raftlog=Memoized:s1@group-4CD87B055E3A-SegmentedRaftLog:OPENED:c120:last(t:1, i:120), conf=conf: {index: 0, cur=peers:[s7|, s8|, s9|]|listeners:[], old=null} STARTING] size=2
  s2:  RUNNING [
   FOLLOWER s2@group-4EB49E3E6D70:t0, leader=null, voted=, raftlog=Memoized:s2@group-4EB49E3E6D70-SegmentedRaftLog:OPENED:c-1:lastnull, conf=conf: {index: -1, cur=peers:[]|listeners:[], old=null} STARTING
   FOLLOWER s2@group-4CD87B055E3A:t0, leader=null, voted=, raftlog=Memoized:s2@group-4CD87B055E3A-SegmentedRaftLog:OPENED:c-1:lastnull, conf=conf: {index: -1, cur=peers:[]|listeners:[], old=null} STARTING] size=2
2024-10-31 03:25:55,993 INFO  server.RaftServer$Division (RaftServerImpl.java:setConfigurationAsync(1341)) - s7@group-4CD87B055E3A: receive setConfiguration SetConfigurationRequest:client-8FB543527D95->s7@group-4CD87B055E3A, cid=1984, seq=null, RW, null, SET_UNCONDITIONALLY, servers:[s7, s8, s9, s0, s1], listeners:[]
2024-10-31 03:25:56,094 INFO  server.RaftServer$Division (RaftServerImpl.java:setConfigurationAsync(1341)) - s9@group-4CD87B055E3A: receive setConfiguration SetConfigurationRequest:client-8FB543527D95->s9@group-4CD87B055E3A, cid=1984, seq=null, RW, null, SET_UNCONDITIONALLY, servers:[s7, s8, s9, s0, s1], listeners:[]
2024-10-31 03:25:56,195 INFO  server.RaftServer$Division (RaftServerImpl.java:setConfigurationAsync(1341)) - s7@group-4CD87B055E3A: receive setConfiguration SetConfigurationRequest:client-8FB543527D95->s7@group-4CD87B055E3A, cid=1984, seq=null, RW, null, SET_UNCONDITIONALLY, servers:[s7, s8, s9, s0, s1], listeners:[]
2024-10-31 03:25:56,295 INFO  server.RaftServer$Division (RaftServerImpl.java:setConfigurationAsync(1341)) - s9@group-4CD87B055E3A: receive setConfiguration SetConfigurationRequest:client-8FB543527D95->s9@group-4CD87B055E3A, cid=1984, seq=null, RW, null, SET_UNCONDITIONALLY, servers:[s7, s8, s9, s0, s1], listeners:[]
2024-10-31 03:25:56,395 INFO  server.RaftServer$Division (RaftServerImpl.java:setConfigurationAsync(1341)) - s7@group-4CD87B055E3A: receive setConfiguration SetConfigurationRequest:client-8FB543527D95->s7@group-4CD87B055E3A, cid=1984, seq=null, RW, null, SET_UNCONDITIONALLY, servers:[s7, s8, s9, s0, s1], listeners:[]
2024-10-31 03:25:56,496 INFO  server.RaftServer$Division (RaftServerImpl.java:setConfigurationAsync(1341)) - s8@group-4CD87B055E3A: receive setConfiguration SetConfigurationRequest:client-8FB543527D95->s8@group-4CD87B055E3A, cid=1984, seq=null, RW, null, SET_UNCONDITIONALLY, servers:[s7, s8, s9, s0, s1], listeners:[]
2024-10-31 03:25:56,596 INFO  server.RaftServer$Division (RaftServerImpl.java:setConfigurationAsync(1341)) - s7@group-4CD87B055E3A: receive setConfiguration SetConfigurationRequest:client-8FB543527D95->s7@group-4CD87B055E3A, cid=1984, seq=null, RW, null, SET_UNCONDITIONALLY, servers:[s7, s8, s9, s0, s1], listeners:[]
2024-10-31 03:25:56,697 INFO  server.RaftServer$Division (RaftServerImpl.java:setConfigurationAsync(1341)) - s9@group-4CD87B055E3A: receive setConfiguration SetConfigurationRequest:client-8FB543527D95->s9@group-4CD87B055E3A, cid=1984, seq=null, RW, null, SET_UNCONDITIONALLY, servers:[s7, s8, s9, s0, s1], listeners:[]
2024-10-31 03:25:56,797 INFO  server.RaftServer$Division (RaftServerImpl.java:setConfigurationAsync(1341)) - s7@group-4CD87B055E3A: receive setConfiguration SetConfigurationRequest:client-8FB543527D95->s7@group-4CD87B055E3A, cid=1984, seq=null, RW, null, SET_UNCONDITIONALLY, servers:[s7, s8, s9, s0, s1], listeners:[]
2024-10-31 03:25:56,897 INFO  server.RaftServer$Division (RaftServerImpl.java:setConfigurationAsync(1341)) - s8@group-4CD87B055E3A: receive setConfiguration SetConfigurationRequest:client-8FB543527D95->s8@group-4CD87B055E3A, cid=1984, seq=null, RW, null, SET_UNCONDITIONALLY, servers:[s7, s8, s9, s0, s1], listeners:[]
2024-10-31 03:25:56,998 INFO  server.RaftServer$Division (RaftServerImpl.java:setConfigurationAsync(1341)) - s7@group-4CD87B055E3A: receive setConfiguration SetConfigurationRequest:client-8FB543527D95->s7@group-4CD87B055E3A, cid=1984, seq=null, RW, null, SET_UNCONDITIONALLY, servers:[s7, s8, s9, s0, s1], listeners:[]
2024-10-31 03:25:57,098 INFO  server.RaftServer$Division (RaftServerImpl.java:setConfigurationAsync(1341)) - s9@group-4CD87B055E3A: receive setConfiguration SetConfigurationRequest:client-8FB543527D95->s9@group-4CD87B055E3A, cid=1984, seq=null, RW, null, SET_UNCONDITIONALLY, servers:[s7, s8, s9, s0, s1], listeners:[]
2024-10-31 03:25:57,198 INFO  server.RaftServer$Division (RaftServerImpl.java:setConfigurationAsync(1341)) - s7@group-4CD87B055E3A: receive setConfiguration SetConfigurationRequest:client-8FB543527D95->s7@group-4CD87B055E3A, cid=1984, seq=null, RW, null, SET_UNCONDITIONALLY, servers:[s7, s8, s9, s0, s1], listeners:[]
2024-10-31 03:25:57,298 INFO  server.RaftServer$Division (RaftServerImpl.java:setConfigurationAsync(1341)) - s8@group-4CD87B055E3A: receive setConfiguration SetConfigurationRequest:client-8FB543527D95->s8@group-4CD87B055E3A, cid=1984, seq=null, RW, null, SET_UNCONDITIONALLY, servers:[s7, s8, s9, s0, s1], listeners:[]
2024-10-31 03:25:57,399 INFO  server.RaftServer$Division (RaftServerImpl.java:setConfigurationAsync(1341)) - s7@group-4CD87B055E3A: receive setConfiguration SetConfigurationRequest:client-8FB543527D95->s7@group-4CD87B055E3A, cid=1984, seq=null, RW, null, SET_UNCONDITIONALLY, servers:[s7, s8, s9, s0, s1], listeners:[]
2024-10-31 03:25:57,499 INFO  server.RaftServer$Division (RaftServerImpl.java:setConfigurationAsync(1341)) - s8@group-4CD87B055E3A: receive setConfiguration SetConfigurationRequest:client-8FB543527D95->s8@group-4CD87B055E3A, cid=1984, seq=null, RW, null, SET_UNCONDITIONALLY, servers:[s7, s8, s9, s0, s1], listeners:[]
2024-10-31 03:25:57,600 INFO  server.RaftServer$Division (RaftServerImpl.java:setConfigurationAsync(1341)) - s7@group-4CD87B055E3A: receive setConfiguration SetConfigurationRequest:client-8FB543527D95->s7@group-4CD87B055E3A, cid=1984, seq=null, RW, null, SET_UNCONDITIONALLY, servers:[s7, s8, s9, s0, s1], listeners:[]
2024-10-31 03:25:57,700 INFO  server.RaftServer$Division (RaftServerImpl.java:setConfigurationAsync(1341)) - s9@group-4CD87B055E3A: receive setConfiguration SetConfigurationRequest:client-8FB543527D95->s9@group-4CD87B055E3A, cid=1984, seq=null, RW, null, SET_UNCONDITIONALLY, servers:[s7, s8, s9, s0, s1], listeners:[]
2024-10-31 03:25:57,800 INFO  server.RaftServer$Division (RaftServerImpl.java:setConfigurationAsync(1341)) - s7@group-4CD87B055E3A: receive setConfiguration SetConfigurationRequest:client-8FB543527D95->s7@group-4CD87B055E3A, cid=1984, seq=null, RW, null, SET_UNCONDITIONALLY, servers:[s7, s8, s9, s0, s1], listeners:[]
2024-10-31 03:25:57,901 INFO  server.RaftServer$Division (RaftServerImpl.java:setConfigurationAsync(1341)) - s9@group-4CD87B055E3A: receive setConfiguration SetConfigurationRequest:client-8FB543527D95->s9@group-4CD87B055E3A, cid=1984, seq=null, RW, null, SET_UNCONDITIONALLY, servers:[s7, s8, s9, s0, s1], listeners:[]
2024-10-31 03:25:58,001 INFO  server.RaftServer$Division (RaftServerImpl.java:setConfigurationAsync(1341)) - s7@group-4CD87B055E3A: receive setConfiguration SetConfigurationRequest:client-8FB543527D95->s7@group-4CD87B055E3A, cid=1984, seq=null, RW, null, SET_UNCONDITIONALLY, servers:[s7, s8, s9, s0, s1], listeners:[]
2024-10-31 03:25:58,101 INFO  server.RaftServer$Division (RaftServerImpl.java:setConfigurationAsync(1341)) - s9@group-4CD87B055E3A: receive setConfiguration SetConfigurationRequest:client-8FB543527D95->s9@group-4CD87B055E3A, cid=1984, seq=null, RW, null, SET_UNCONDITIONALLY, servers:[s7, s8, s9, s0, s1], listeners:[]
2024-10-31 03:25:58,202 INFO  server.RaftServer$Division (RaftServerImpl.java:setConfigurationAsync(1341)) - s7@group-4CD87B055E3A: receive setConfiguration SetConfigurationRequest:client-8FB543527D95->s7@group-4CD87B055E3A, cid=1984, seq=null, RW, null, SET_UNCONDITIONALLY, servers:[s7, s8, s9, s0, s1], listeners:[]
2024-10-31 03:25:58,302 INFO  server.RaftServer$Division (RaftServerImpl.java:setConfigurationAsync(1341)) - s8@group-4CD87B055E3A: receive setConfiguration SetConfigurationRequest:client-8FB543527D95->s8@group-4CD87B055E3A, cid=1984, seq=null, RW, null, SET_UNCONDITIONALLY, servers:[s7, s8, s9, s0, s1], listeners:[]
2024-10-31 03:25:58,402 INFO  server.RaftServer$Division (RaftServerImpl.java:setConfigurationAsync(1341)) - s7@group-4CD87B055E3A: receive setConfiguration SetConfigurationRequest:client-8FB543527D95->s7@group-4CD87B055E3A, cid=1984, seq=null, RW, null, SET_UNCONDITIONALLY, servers:[s7, s8, s9, s0, s1], listeners:[]
2024-10-31 03:25:58,503 INFO  server.RaftServer$Division (RaftServerImpl.java:setConfigurationAsync(1341)) - s9@group-4CD87B055E3A: receive setConfiguration SetConfigurationRequest:client-8FB543527D95->s9@group-4CD87B055E3A, cid=1984, seq=null, RW, null, SET_UNCONDITIONALLY, servers:[s7, s8, s9, s0, s1], listeners:[]
2024-10-31 03:25:58,603 INFO  server.RaftServer$Division (RaftServerImpl.java:setConfigurationAsync(1341)) - s7@group-4CD87B055E3A: receive setConfiguration SetConfigurationRequest:client-8FB543527D95->s7@group-4CD87B055E3A, cid=1984, seq=null, RW, null, SET_UNCONDITIONALLY, servers:[s7, s8, s9, s0, s1], listeners:[]
2024-10-31 03:25:58,704 INFO  server.RaftServer$Division (RaftServerImpl.java:setConfigurationAsync(1341)) - s9@group-4CD87B055E3A: receive setConfiguration SetConfigurationRequest:client-8FB543527D95->s9@group-4CD87B055E3A, cid=1984, seq=null, RW, null, SET_UNCONDITIONALLY, servers:[s7, s8, s9, s0, s1], listeners:[]
2024-10-31 03:25:58,804 INFO  server.RaftServer$Division (RaftServerImpl.java:setConfigurationAsync(1341)) - s7@group-4CD87B055E3A: receive setConfiguration SetConfigurationRequest:client-8FB543527D95->s7@group-4CD87B055E3A, cid=1984, seq=null, RW, null, SET_UNCONDITIONALLY, servers:[s7, s8, s9, s0, s1], listeners:[]
2024-10-31 03:25:58,904 INFO  server.RaftServer$Division (RaftServerImpl.java:setConfigurationAsync(1341)) - s8@group-4CD87B055E3A: receive setConfiguration SetConfigurationRequest:client-8FB543527D95->s8@group-4CD87B055E3A, cid=1984, seq=null, RW, null, SET_UNCONDITIONALLY, servers:[s7, s8, s9, s0, s1], listeners:[]
2024-10-31 03:25:59,005 INFO  server.RaftServer$Division (RaftServerImpl.java:setConfigurationAsync(1341)) - s7@group-4CD87B055E3A: receive setConfiguration SetConfigurationRequest:client-8FB543527D95->s7@group-4CD87B055E3A, cid=1984, seq=null, RW, null, SET_UNCONDITIONALLY, servers:[s7, s8, s9, s0, s1], listeners:[]
2024-10-31 03:25:59,105 INFO  server.RaftServer$Division (RaftServerImpl.java:setConfigurationAsync(1341)) - s8@group-4CD87B055E3A: receive setConfiguration SetConfigurationRequest:client-8FB543527D95->s8@group-4CD87B055E3A, cid=1984, seq=null, RW, null, SET_UNCONDITIONALLY, servers:[s7, s8, s9, s0, s1], listeners:[]
2024-10-31 03:25:59,205 INFO  server.RaftServer$Division (RaftServerImpl.java:setConfigurationAsync(1341)) - s7@group-4CD87B055E3A: receive setConfiguration SetConfigurationRequest:client-8FB543527D95->s7@group-4CD87B055E3A, cid=1984, seq=null, RW, null, SET_UNCONDITIONALLY, servers:[s7, s8, s9, s0, s1], listeners:[]
2024-10-31 03:25:59,306 INFO  server.RaftServer$Division (RaftServerImpl.java:setConfigurationAsync(1341)) - s8@group-4CD87B055E3A: receive setConfiguration SetConfigurationRequest:client-8FB543527D95->s8@group-4CD87B055E3A, cid=1984, seq=null, RW, null, SET_UNCONDITIONALLY, servers:[s7, s8, s9, s0, s1], listeners:[]
2024-10-31 03:25:59,406 INFO  server.RaftServer$Division (RaftServerImpl.java:setConfigurationAsync(1341)) - s7@group-4CD87B055E3A: receive setConfiguration SetConfigurationRequest:client-8FB543527D95->s7@group-4CD87B055E3A, cid=1984, seq=null, RW, null, SET_UNCONDITIONALLY, servers:[s7, s8, s9, s0, s1], listeners:[]
2024-10-31 03:25:59,507 INFO  server.RaftServer$Division (RaftServerImpl.java:setConfigurationAsync(1341)) - s8@group-4CD87B055E3A: receive setConfiguration SetConfigurationRequest:client-8FB543527D95->s8@group-4CD87B055E3A, cid=1984, seq=null, RW, null, SET_UNCONDITIONALLY, servers:[s7, s8, s9, s0, s1], listeners:[]
2024-10-31 03:25:59,607 INFO  server.RaftServer$Division (RaftServerImpl.java:setConfigurationAsync(1341)) - s7@group-4CD87B055E3A: receive setConfiguration SetConfigurationRequest:client-8FB543527D95->s7@group-4CD87B055E3A, cid=1984, seq=null, RW, null, SET_UNCONDITIONALLY, servers:[s7, s8, s9, s0, s1], listeners:[]
2024-10-31 03:25:59,707 INFO  server.RaftServer$Division (RaftServerImpl.java:setConfigurationAsync(1341)) - s9@group-4CD87B055E3A: receive setConfiguration SetConfigurationRequest:client-8FB543527D95->s9@group-4CD87B055E3A, cid=1984, seq=null, RW, null, SET_UNCONDITIONALLY, servers:[s7, s8, s9, s0, s1], listeners:[]
2024-10-31 03:25:59,808 INFO  server.RaftServer$Division (RaftServerImpl.java:setConfigurationAsync(1341)) - s7@group-4CD87B055E3A: receive setConfiguration SetConfigurationRequest:client-8FB543527D95->s7@group-4CD87B055E3A, cid=1984, seq=null, RW, null, SET_UNCONDITIONALLY, servers:[s7, s8, s9, s0, s1], listeners:[]
2024-10-31 03:25:59,908 INFO  server.RaftServer$Division (RaftServerImpl.java:setConfigurationAsync(1341)) - s9@group-4CD87B055E3A: receive setConfiguration SetConfigurationRequest:client-8FB543527D95->s9@group-4CD87B055E3A, cid=1984, seq=null, RW, null, SET_UNCONDITIONALLY, servers:[s7, s8, s9, s0, s1], listeners:[]
2024-10-31 03:26:00,009 INFO  server.RaftServer$Division (RaftServerImpl.java:setConfigurationAsync(1341)) - s7@group-4CD87B055E3A: receive setConfiguration SetConfigurationRequest:client-8FB543527D95->s7@group-4CD87B055E3A, cid=1984, seq=null, RW, null, SET_UNCONDITIONALLY, servers:[s7, s8, s9, s0, s1], listeners:[]
2024-10-31 03:26:00,109 INFO  server.RaftServer$Division (RaftServerImpl.java:setConfigurationAsync(1341)) - s9@group-4CD87B055E3A: receive setConfiguration SetConfigurationRequest:client-8FB543527D95->s9@group-4CD87B055E3A, cid=1984, seq=null, RW, null, SET_UNCONDITIONALLY, servers:[s7, s8, s9, s0, s1], listeners:[]
2024-10-31 03:26:00,209 INFO  server.RaftServer$Division (RaftServerImpl.java:setConfigurationAsync(1341)) - s7@group-4CD87B055E3A: receive setConfiguration SetConfigurationRequest:client-8FB543527D95->s7@group-4CD87B055E3A, cid=1984, seq=null, RW, null, SET_UNCONDITIONALLY, servers:[s7, s8, s9, s0, s1], listeners:[]
2024-10-31 03:26:00,310 INFO  server.RaftServer$Division (RaftServerImpl.java:setConfigurationAsync(1341)) - s8@group-4CD87B055E3A: receive setConfiguration SetConfigurationRequest:client-8FB543527D95->s8@group-4CD87B055E3A, cid=1984, seq=null, RW, null, SET_UNCONDITIONALLY, servers:[s7, s8, s9, s0, s1], listeners:[]
2024-10-31 03:26:00,410 INFO  server.RaftServer$Division (RaftServerImpl.java:setConfigurationAsync(1341)) - s7@group-4CD87B055E3A: receive setConfiguration SetConfigurationRequest:client-8FB543527D95->s7@group-4CD87B055E3A, cid=1984, seq=null, RW, null, SET_UNCONDITIONALLY, servers:[s7, s8, s9, s0, s1], listeners:[]
2024-10-31 03:26:00,510 INFO  server.RaftServer$Division (RaftServerImpl.java:setConfigurationAsync(1341)) - s9@group-4CD87B055E3A: receive setConfiguration SetConfigurationRequest:client-8FB543527D95->s9@group-4CD87B055E3A, cid=1984, seq=null, RW, null, SET_UNCONDITIONALLY, servers:[s7, s8, s9, s0, s1], listeners:[]
2024-10-31 03:26:00,611 INFO  server.RaftServer$Division (RaftServerImpl.java:setConfigurationAsync(1341)) - s7@group-4CD87B055E3A: receive setConfiguration SetConfigurationRequest:client-8FB543527D95->s7@group-4CD87B055E3A, cid=1984, seq=null, RW, null, SET_UNCONDITIONALLY, servers:[s7, s8, s9, s0, s1], listeners:[]
2024-10-31 03:26:00,711 INFO  server.RaftServer$Division (RaftServerImpl.java:setConfigurationAsync(1341)) - s9@group-4CD87B055E3A: receive setConfiguration SetConfigurationRequest:client-8FB543527D95->s9@group-4CD87B055E3A, cid=1984, seq=null, RW, null, SET_UNCONDITIONALLY, servers:[s7, s8, s9, s0, s1], listeners:[]
2024-10-31 03:26:00,811 INFO  server.RaftServer$Division (RaftServerImpl.java:setConfigurationAsync(1341)) - s7@group-4CD87B055E3A: receive setConfiguration SetConfigurationRequest:client-8FB543527D95->s7@group-4CD87B055E3A, cid=1984, seq=null, RW, null, SET_UNCONDITIONALLY, servers:[s7, s8, s9, s0, s1], listeners:[]
2024-10-31 03:26:00,912 INFO  server.RaftServer$Division (RaftServerImpl.java:setConfigurationAsync(1341)) - s9@group-4CD87B055E3A: receive setConfiguration SetConfigurationRequest:client-8FB543527D95->s9@group-4CD87B055E3A, cid=1984, seq=null, RW, null, SET_UNCONDITIONALLY, servers:[s7, s8, s9, s0, s1], listeners:[]
2024-10-31 03:26:01,012 INFO  server.RaftServer$Division (RaftServerImpl.java:setConfigurationAsync(1341)) - s7@group-4CD87B055E3A: receive setConfiguration SetConfigurationRequest:client-8FB543527D95->s7@group-4CD87B055E3A, cid=1984, seq=null, RW, null, SET_UNCONDITIONALLY, servers:[s7, s8, s9, s0, s1], listeners:[]
2024-10-31 03:26:01,112 INFO  server.RaftServer$Division (RaftServerImpl.java:setConfigurationAsync(1341)) - s9@group-4CD87B055E3A: receive setConfiguration SetConfigurationRequest:client-8FB543527D95->s9@group-4CD87B055E3A, cid=1984, seq=null, RW, null, SET_UNCONDITIONALLY, servers:[s7, s8, s9, s0, s1], listeners:[]
2024-10-31 03:26:01,213 INFO  server.RaftServer$Division (RaftServerImpl.java:setConfigurationAsync(1341)) - s7@group-4CD87B055E3A: receive setConfiguration SetConfigurationRequest:client-8FB543527D95->s7@group-4CD87B055E3A, cid=1984, seq=null, RW, null, SET_UNCONDITIONALLY, servers:[s7, s8, s9, s0, s1], listeners:[]
2024-10-31 03:26:01,313 INFO  server.RaftServer$Division (RaftServerImpl.java:setConfigurationAsync(1341)) - s8@group-4CD87B055E3A: receive setConfiguration SetConfigurationRequest:client-8FB543527D95->s8@group-4CD87B055E3A, cid=1984, seq=null, RW, null, SET_UNCONDITIONALLY, servers:[s7, s8, s9, s0, s1], listeners:[]
2024-10-31 03:26:01,414 INFO  server.RaftServer$Division (RaftServerImpl.java:setConfigurationAsync(1341)) - s7@group-4CD87B055E3A: receive setConfiguration SetConfigurationRequest:client-8FB543527D95->s7@group-4CD87B055E3A, cid=1984, seq=null, RW, null, SET_UNCONDITIONALLY, servers:[s7, s8, s9, s0, s1], listeners:[]
2024-10-31 03:26:01,514 INFO  server.RaftServer$Division (RaftServerImpl.java:setConfigurationAsync(1341)) - s9@group-4CD87B055E3A: receive setConfiguration SetConfigurationRequest:client-8FB543527D95->s9@group-4CD87B055E3A, cid=1984, seq=null, RW, null, SET_UNCONDITIONALLY, servers:[s7, s8, s9, s0, s1], listeners:[]
2024-10-31 03:26:01,614 INFO  server.RaftServer$Division (RaftServerImpl.java:setConfigurationAsync(1341)) - s7@group-4CD87B055E3A: receive setConfiguration SetConfigurationRequest:client-8FB543527D95->s7@group-4CD87B055E3A, cid=1984, seq=null, RW, null, SET_UNCONDITIONALLY, servers:[s7, s8, s9, s0, s1], listeners:[]
2024-10-31 03:26:01,715 INFO  server.RaftServer$Division (RaftServerImpl.java:setConfigurationAsync(1341)) - s9@group-4CD87B055E3A: receive setConfiguration SetConfigurationRequest:client-8FB543527D95->s9@group-4CD87B055E3A, cid=1984, seq=null, RW, null, SET_UNCONDITIONALLY, servers:[s7, s8, s9, s0, s1], listeners:[]
2024-10-31 03:26:01,815 INFO  server.RaftServer$Division (RaftServerImpl.java:setConfigurationAsync(1341)) - s7@group-4CD87B055E3A: receive setConfiguration SetConfigurationRequest:client-8FB543527D95->s7@group-4CD87B055E3A, cid=1984, seq=null, RW, null, SET_UNCONDITIONALLY, servers:[s7, s8, s9, s0, s1], listeners:[]
2024-10-31 03:26:01,915 INFO  server.RaftServer$Division (RaftServerImpl.java:setConfigurationAsync(1341)) - s9@group-4CD87B055E3A: receive setConfiguration SetConfigurationRequest:client-8FB543527D95->s9@group-4CD87B055E3A, cid=1984, seq=null, RW, null, SET_UNCONDITIONALLY, servers:[s7, s8, s9, s0, s1], listeners:[]
2024-10-31 03:26:02,016 INFO  server.RaftServer$Division (RaftServerImpl.java:setConfigurationAsync(1341)) - s7@group-4CD87B055E3A: receive setConfiguration SetConfigurationRequest:client-8FB543527D95->s7@group-4CD87B055E3A, cid=1984, seq=null, RW, null, SET_UNCONDITIONALLY, servers:[s7, s8, s9, s0, s1], listeners:[]
2024-10-31 03:26:02,116 INFO  server.RaftServer$Division (RaftServerImpl.java:setConfigurationAsync(1341)) - s9@group-4CD87B055E3A: receive setConfiguration SetConfigurationRequest:client-8FB543527D95->s9@group-4CD87B055E3A, cid=1984, seq=null, RW, null, SET_UNCONDITIONALLY, servers:[s7, s8, s9, s0, s1], listeners:[]
2024-10-31 03:26:02,216 INFO  server.RaftServer$Division (RaftServerImpl.java:setConfigurationAsync(1341)) - s7@group-4CD87B055E3A: receive setConfiguration SetConfigurationRequest:client-8FB543527D95->s7@group-4CD87B055E3A, cid=1984, seq=null, RW, null, SET_UNCONDITIONALLY, servers:[s7, s8, s9, s0, s1], listeners:[]
2024-10-31 03:26:02,317 INFO  server.RaftServer$Division (RaftServerImpl.java:setConfigurationAsync(1341)) - s9@group-4CD87B055E3A: receive setConfiguration SetConfigurationRequest:client-8FB543527D95->s9@group-4CD87B055E3A, cid=1984, seq=null, RW, null, SET_UNCONDITIONALLY, servers:[s7, s8, s9, s0, s1], listeners:[]
2024-10-31 03:26:02,417 INFO  server.RaftServer$Division (RaftServerImpl.java:setConfigurationAsync(1341)) - s7@group-4CD87B055E3A: receive setConfiguration SetConfigurationRequest:client-8FB543527D95->s7@group-4CD87B055E3A, cid=1984, seq=null, RW, null, SET_UNCONDITIONALLY, servers:[s7, s8, s9, s0, s1], listeners:[]
2024-10-31 03:26:02,517 INFO  server.RaftServer$Division (RaftServerImpl.java:setConfigurationAsync(1341)) - s8@group-4CD87B055E3A: receive setConfiguration SetConfigurationRequest:client-8FB543527D95->s8@group-4CD87B055E3A, cid=1984, seq=null, RW, null, SET_UNCONDITIONALLY, servers:[s7, s8, s9, s0, s1], listeners:[]
2024-10-31 03:26:02,618 INFO  server.RaftServer$Division (RaftServerImpl.java:setConfigurationAsync(1341)) - s7@group-4CD87B055E3A: receive setConfiguration SetConfigurationRequest:client-8FB543527D95->s7@group-4CD87B055E3A, cid=1984, seq=null, RW, null, SET_UNCONDITIONALLY, servers:[s7, s8, s9, s0, s1], listeners:[]
2024-10-31 03:26:02,718 INFO  server.RaftServer$Division (RaftServerImpl.java:setConfigurationAsync(1341)) - s9@group-4CD87B055E3A: receive setConfiguration SetConfigurationRequest:client-8FB543527D95->s9@group-4CD87B055E3A, cid=1984, seq=null, RW, null, SET_UNCONDITIONALLY, servers:[s7, s8, s9, s0, s1], listeners:[]
2024-10-31 03:26:02,818 INFO  server.RaftServer$Division (RaftServerImpl.java:setConfigurationAsync(1341)) - s7@group-4CD87B055E3A: receive setConfiguration SetConfigurationRequest:client-8FB543527D95->s7@group-4CD87B055E3A, cid=1984, seq=null, RW, null, SET_UNCONDITIONALLY, servers:[s7, s8, s9, s0, s1], listeners:[]
2024-10-31 03:26:02,919 INFO  server.RaftServer$Division (RaftServerImpl.java:setConfigurationAsync(1341)) - s8@group-4CD87B055E3A: receive setConfiguration SetConfigurationRequest:client-8FB543527D95->s8@group-4CD87B055E3A, cid=1984, seq=null, RW, null, SET_UNCONDITIONALLY, servers:[s7, s8, s9, s0, s1], listeners:[]
2024-10-31 03:26:03,019 INFO  server.RaftServer$Division (RaftServerImpl.java:setConfigurationAsync(1341)) - s7@group-4CD87B055E3A: receive setConfiguration SetConfigurationRequest:client-8FB543527D95->s7@group-4CD87B055E3A, cid=1984, seq=null, RW, null, SET_UNCONDITIONALLY, servers:[s7, s8, s9, s0, s1], listeners:[]
2024-10-31 03:26:03,119 INFO  server.RaftServer$Division (RaftServerImpl.java:setConfigurationAsync(1341)) - s8@group-4CD87B055E3A: receive setConfiguration SetConfigurationRequest:client-8FB543527D95->s8@group-4CD87B055E3A, cid=1984, seq=null, RW, null, SET_UNCONDITIONALLY, servers:[s7, s8, s9, s0, s1], listeners:[]
2024-10-31 03:26:03,219 INFO  server.RaftServer$Division (RaftServerImpl.java:setConfigurationAsync(1341)) - s7@group-4CD87B055E3A: receive setConfiguration SetConfigurationRequest:client-8FB543527D95->s7@group-4CD87B055E3A, cid=1984, seq=null, RW, null, SET_UNCONDITIONALLY, servers:[s7, s8, s9, s0, s1], listeners:[]
2024-10-31 03:26:03,320 INFO  server.RaftServer$Division (RaftServerImpl.java:setConfigurationAsync(1341)) - s9@group-4CD87B055E3A: receive setConfiguration SetConfigurationRequest:client-8FB543527D95->s9@group-4CD87B055E3A, cid=1984, seq=null, RW, null, SET_UNCONDITIONALLY, servers:[s7, s8, s9, s0, s1], listeners:[]
2024-10-31 03:26:03,420 INFO  server.RaftServer$Division (RaftServerImpl.java:setConfigurationAsync(1341)) - s7@group-4CD87B055E3A: receive setConfiguration SetConfigurationRequest:client-8FB543527D95->s7@group-4CD87B055E3A, cid=1984, seq=null, RW, null, SET_UNCONDITIONALLY, servers:[s7, s8, s9, s0, s1], listeners:[]
2024-10-31 03:26:03,521 INFO  server.RaftServer$Division (RaftServerImpl.java:setConfigurationAsync(1341)) - s9@group-4CD87B055E3A: receive setConfiguration SetConfigurationRequest:client-8FB543527D95->s9@group-4CD87B055E3A, cid=1984, seq=null, RW, null, SET_UNCONDITIONALLY, servers:[s7, s8, s9, s0, s1], listeners:[]
2024-10-31 03:26:03,621 INFO  server.RaftServer$Division (RaftServerImpl.java:setConfigurationAsync(1341)) - s7@group-4CD87B055E3A: receive setConfiguration SetConfigurationRequest:client-8FB543527D95->s7@group-4CD87B055E3A, cid=1984, seq=null, RW, null, SET_UNCONDITIONALLY, servers:[s7, s8, s9, s0, s1], listeners:[]
2024-10-31 03:26:03,721 INFO  server.RaftServer$Division (RaftServerImpl.java:setConfigurationAsync(1341)) - s8@group-4CD87B055E3A: receive setConfiguration SetConfigurationRequest:client-8FB543527D95->s8@group-4CD87B055E3A, cid=1984, seq=null, RW, null, SET_UNCONDITIONALLY, servers:[s7, s8, s9, s0, s1], listeners:[]
2024-10-31 03:26:03,822 INFO  server.RaftServer$Division (RaftServerImpl.java:setConfigurationAsync(1341)) - s7@group-4CD87B055E3A: receive setConfiguration SetConfigurationRequest:client-8FB543527D95->s7@group-4CD87B055E3A, cid=1984, seq=null, RW, null, SET_UNCONDITIONALLY, servers:[s7, s8, s9, s0, s1], listeners:[]
2024-10-31 03:26:03,922 INFO  server.RaftServer$Division (RaftServerImpl.java:setConfigurationAsync(1341)) - s9@group-4CD87B055E3A: receive setConfiguration SetConfigurationRequest:client-8FB543527D95->s9@group-4CD87B055E3A, cid=1984, seq=null, RW, null, SET_UNCONDITIONALLY, servers:[s7, s8, s9, s0, s1], listeners:[]
2024-10-31 03:26:04,022 INFO  server.RaftServer$Division (RaftServerImpl.java:setConfigurationAsync(1341)) - s7@group-4CD87B055E3A: receive setConfiguration SetConfigurationRequest:client-8FB543527D95->s7@group-4CD87B055E3A, cid=1984, seq=null, RW, null, SET_UNCONDITIONALLY, servers:[s7, s8, s9, s0, s1], listeners:[]
2024-10-31 03:26:04,123 INFO  server.RaftServer$Division (RaftServerImpl.java:setConfigurationAsync(1341)) - s9@group-4CD87B055E3A: receive setConfiguration SetConfigurationRequest:client-8FB543527D95->s9@group-4CD87B055E3A, cid=1984, seq=null, RW, null, SET_UNCONDITIONALLY, servers:[s7, s8, s9, s0, s1], listeners:[]
2024-10-31 03:26:04,223 INFO  server.RaftServer$Division (RaftServerImpl.java:setConfigurationAsync(1341)) - s7@group-4CD87B055E3A: receive setConfiguration SetConfigurationRequest:client-8FB543527D95->s7@group-4CD87B055E3A, cid=1984, seq=null, RW, null, SET_UNCONDITIONALLY, servers:[s7, s8, s9, s0, s1], listeners:[]
2024-10-31 03:26:04,323 INFO  server.RaftServer$Division (RaftServerImpl.java:setConfigurationAsync(1341)) - s8@group-4CD87B055E3A: receive setConfiguration SetConfigurationRequest:client-8FB543527D95->s8@group-4CD87B055E3A, cid=1984, seq=null, RW, null, SET_UNCONDITIONALLY, servers:[s7, s8, s9, s0, s1], listeners:[]
2024-10-31 03:26:04,424 INFO  server.RaftServer$Division (RaftServerImpl.java:setConfigurationAsync(1341)) - s7@group-4CD87B055E3A: receive setConfiguration SetConfigurationRequest:client-8FB543527D95->s7@group-4CD87B055E3A, cid=1984, seq=null, RW, null, SET_UNCONDITIONALLY, servers:[s7, s8, s9, s0, s1], listeners:[]
2024-10-31 03:26:04,524 INFO  server.RaftServer$Division (RaftServerImpl.java:setConfigurationAsync(1341)) - s9@group-4CD87B055E3A: receive setConfiguration SetConfigurationRequest:client-8FB543527D95->s9@group-4CD87B055E3A, cid=1984, seq=null, RW, null, SET_UNCONDITIONALLY, servers:[s7, s8, s9, s0, s1], listeners:[]
2024-10-31 03:26:04,625 INFO  server.RaftServer$Division (RaftServerImpl.java:setConfigurationAsync(1341)) - s7@group-4CD87B055E3A: receive setConfiguration SetConfigurationRequest:client-8FB543527D95->s7@group-4CD87B055E3A, cid=1984, seq=null, RW, null, SET_UNCONDITIONALLY, servers:[s7, s8, s9, s0, s1], listeners:[]
2024-10-31 03:26:04,725 INFO  server.RaftServer$Division (RaftServerImpl.java:setConfigurationAsync(1341)) - s8@group-4CD87B055E3A: receive setConfiguration SetConfigurationRequest:client-8FB543527D95->s8@group-4CD87B055E3A, cid=1984, seq=null, RW, null, SET_UNCONDITIONALLY, servers:[s7, s8, s9, s0, s1], listeners:[]
2024-10-31 03:26:04,825 INFO  server.RaftServer$Division (RaftServerImpl.java:setConfigurationAsync(1341)) - s7@group-4CD87B055E3A: receive setConfiguration SetConfigurationRequest:client-8FB543527D95->s7@group-4CD87B055E3A, cid=1984, seq=null, RW, null, SET_UNCONDITIONALLY, servers:[s7, s8, s9, s0, s1], listeners:[]
2024-10-31 03:26:04,926 INFO  server.RaftServer$Division (RaftServerImpl.java:setConfigurationAsync(1341)) - s8@group-4CD87B055E3A: receive setConfiguration SetConfigurationRequest:client-8FB543527D95->s8@group-4CD87B055E3A, cid=1984, seq=null, RW, null, SET_UNCONDITIONALLY, servers:[s7, s8, s9, s0, s1], listeners:[]
2024-10-31 03:26:05,026 INFO  server.RaftServer$Division (RaftServerImpl.java:setConfigurationAsync(1341)) - s7@group-4CD87B055E3A: receive setConfiguration SetConfigurationRequest:client-8FB543527D95->s7@group-4CD87B055E3A, cid=1984, seq=null, RW, null, SET_UNCONDITIONALLY, servers:[s7, s8, s9, s0, s1], listeners:[]
2024-10-31 03:26:05,126 INFO  server.RaftServer$Division (RaftServerImpl.java:setConfigurationAsync(1341)) - s9@group-4CD87B055E3A: receive setConfiguration SetConfigurationRequest:client-8FB543527D95->s9@group-4CD87B055E3A, cid=1984, seq=null, RW, null, SET_UNCONDITIONALLY, servers:[s7, s8, s9, s0, s1], listeners:[]
2024-10-31 03:26:05,227 INFO  server.RaftServer$Division (RaftServerImpl.java:setConfigurationAsync(1341)) - s7@group-4CD87B055E3A: receive setConfiguration SetConfigurationRequest:client-8FB543527D95->s7@group-4CD87B055E3A, cid=1984, seq=null, RW, null, SET_UNCONDITIONALLY, servers:[s7, s8, s9, s0, s1], listeners:[]
2024-10-31 03:26:05,327 INFO  server.RaftServer$Division (RaftServerImpl.java:setConfigurationAsync(1341)) - s8@group-4CD87B055E3A: receive setConfiguration SetConfigurationRequest:client-8FB543527D95->s8@group-4CD87B055E3A, cid=1984, seq=null, RW, null, SET_UNCONDITIONALLY, servers:[s7, s8, s9, s0, s1], listeners:[]
2024-10-31 03:26:05,427 INFO  server.RaftServer$Division (RaftServerImpl.java:setConfigurationAsync(1341)) - s7@group-4CD87B055E3A: receive setConfiguration SetConfigurationRequest:client-8FB543527D95->s7@group-4CD87B055E3A, cid=1984, seq=null, RW, null, SET_UNCONDITIONALLY, servers:[s7, s8, s9, s0, s1], listeners:[]
2024-10-31 03:26:05,528 INFO  server.RaftServer$Division (RaftServerImpl.java:setConfigurationAsync(1341)) - s9@group-4CD87B055E3A: receive setConfiguration SetConfigurationRequest:client-8FB543527D95->s9@group-4CD87B055E3A, cid=1984, seq=null, RW, null, SET_UNCONDITIONALLY, servers:[s7, s8, s9, s0, s1], listeners:[]
2024-10-31 03:26:05,628 INFO  server.RaftServer$Division (RaftServerImpl.java:setConfigurationAsync(1341)) - s7@group-4CD87B055E3A: receive setConfiguration SetConfigurationRequest:client-8FB543527D95->s7@group-4CD87B055E3A, cid=1984, seq=null, RW, null, SET_UNCONDITIONALLY, servers:[s7, s8, s9, s0, s1], listeners:[]
2024-10-31 03:26:05,728 INFO  server.RaftServer$Division (RaftServerImpl.java:setConfigurationAsync(1341)) - s8@group-4CD87B055E3A: receive setConfiguration SetConfigurationRequest:client-8FB543527D95->s8@group-4CD87B055E3A, cid=1984, seq=null, RW, null, SET_UNCONDITIONALLY, servers:[s7, s8, s9, s0, s1], listeners:[]
2024-10-31 03:26:05,829 INFO  server.RaftServer$Division (RaftServerImpl.java:setConfigurationAsync(1341)) - s7@group-4CD87B055E3A: receive setConfiguration SetConfigurationRequest:client-8FB543527D95->s7@group-4CD87B055E3A, cid=1984, seq=null, RW, null, SET_UNCONDITIONALLY, servers:[s7, s8, s9, s0, s1], listeners:[]
2024-10-31 03:26:05,929 INFO  server.RaftServer$Division (RaftServerImpl.java:setConfigurationAsync(1341)) - s8@group-4CD87B055E3A: receive setConfiguration SetConfigurationRequest:client-8FB543527D95->s8@group-4CD87B055E3A, cid=1984, seq=null, RW, null, SET_UNCONDITIONALLY, servers:[s7, s8, s9, s0, s1], listeners:[]
2024-10-31 03:26:05,992 INFO  impl.MiniRaftCluster (MiniRaftCluster.java:lambda$null$7(362)) - TIMED-PRINT: printing ALL groups
  s3:  RUNNING [
   FOLLOWER s3@group-4EB49E3E6D70:t0, leader=null, voted=, raftlog=Memoized:s3@group-4EB49E3E6D70-SegmentedRaftLog:OPENED:c-1:lastnull, conf=conf: {index: -1, cur=peers:[]|listeners:[], old=null} STARTING
   FOLLOWER s3@group-4CD87B055E3A:t0, leader=null, voted=, raftlog=Memoized:s3@group-4CD87B055E3A-SegmentedRaftLog:OPENED:c-1:lastnull, conf=conf: {index: -1, cur=peers:[]|listeners:[], old=null} STARTING] size=2
  s4:  RUNNING [
   FOLLOWER s4@group-4EB49E3E6D70:t0, leader=null, voted=, raftlog=Memoized:s4@group-4EB49E3E6D70-SegmentedRaftLog:OPENED:c-1:lastnull, conf=conf: {index: -1, cur=peers:[]|listeners:[], old=null} STARTING
   FOLLOWER s4@group-4CD87B055E3A:t0, leader=null, voted=, raftlog=Memoized:s4@group-4CD87B055E3A-SegmentedRaftLog:OPENED:c-1:lastnull, conf=conf: {index: -1, cur=peers:[]|listeners:[], old=null} STARTING] size=2
  s5:  RUNNING [
   FOLLOWER s5@group-4EB49E3E6D70:t0, leader=null, voted=, raftlog=Memoized:s5@group-4EB49E3E6D70-SegmentedRaftLog:OPENED:c-1:lastnull, conf=conf: {index: -1, cur=peers:[]|listeners:[], old=null} STARTING
   FOLLOWER s5@group-4CD87B055E3A:t0, leader=null, voted=, raftlog=Memoized:s5@group-4CD87B055E3A-SegmentedRaftLog:OPENED:c-1:lastnull, conf=conf: {index: -1, cur=peers:[]|listeners:[], old=null} STARTING] size=2
  s6:  RUNNING [
   FOLLOWER s6@group-4EB49E3E6D70:t0, leader=null, voted=, raftlog=Memoized:s6@group-4EB49E3E6D70-SegmentedRaftLog:OPENED:c-1:lastnull, conf=conf: {index: -1, cur=peers:[]|listeners:[], old=null} STARTING
   FOLLOWER s6@group-4CD87B055E3A:t0, leader=null, voted=, raftlog=Memoized:s6@group-4CD87B055E3A-SegmentedRaftLog:OPENED:c-1:lastnull, conf=conf: {index: -1, cur=peers:[]|listeners:[], old=null} STARTING] size=2
  s7:  RUNNING [
   FOLLOWER s7@group-4EB49E3E6D70:t0, leader=null, voted=, raftlog=Memoized:s7@group-4EB49E3E6D70-SegmentedRaftLog:OPENED:c-1:lastnull, conf=conf: {index: -1, cur=peers:[]|listeners:[], old=null} STARTING
     LEADER s7@group-4CD87B055E3A:t1, leader=s7, voted=s7, raftlog=Memoized:s7@group-4CD87B055E3A-SegmentedRaftLog:OPENED:c120:last(t:1, i:120), conf=conf: {index: 0, cur=peers:[s7, s8, s9]|listeners:[], old=null} RUNNING] size=2
  s8:  RUNNING [
   FOLLOWER s8@group-4EB49E3E6D70:t0, leader=null, voted=, raftlog=Memoized:s8@group-4EB49E3E6D70-SegmentedRaftLog:OPENED:c-1:lastnull, conf=conf: {index: -1, cur=peers:[]|listeners:[], old=null} STARTING
   FOLLOWER s8@group-4CD87B055E3A:t1, leader=s7, voted=s7, raftlog=Memoized:s8@group-4CD87B055E3A-SegmentedRaftLog:OPENED:c120:last(t:1, i:120), conf=conf: {index: 0, cur=peers:[s7|, s8|, s9|]|listeners:[], old=null} RUNNING] size=2
  s9:  RUNNING [
   FOLLOWER s9@group-4EB49E3E6D70:t0, leader=null, voted=, raftlog=Memoized:s9@group-4EB49E3E6D70-SegmentedRaftLog:OPENED:c-1:lastnull, conf=conf: {index: -1, cur=peers:[]|listeners:[], old=null} STARTING
   FOLLOWER s9@group-4CD87B055E3A:t1, leader=s7, voted=s7, raftlog=Memoized:s9@group-4CD87B055E3A-SegmentedRaftLog:OPENED:c120:last(t:1, i:120), conf=conf: {index: 0, cur=peers:[s7|, s8|, s9|]|listeners:[], old=null} RUNNING] size=2
  s11:  RUNNING [
   FOLLOWER s11@group-4EB49E3E6D70:t0, leader=null, voted=, raftlog=Memoized:s11@group-4EB49E3E6D70-SegmentedRaftLog:OPENED:c-1:lastnull, conf=conf: {index: -1, cur=peers:[]|listeners:[], old=null} STARTING
   FOLLOWER s11@group-4CD87B055E3A:t0, leader=null, voted=, raftlog=Memoized:s11@group-4CD87B055E3A-SegmentedRaftLog:OPENED:c-1:lastnull, conf=conf: {index: -1, cur=peers:[]|listeners:[], old=null} STARTING] size=2
  s10:  RUNNING [
   FOLLOWER s10@group-4EB49E3E6D70:t0, leader=null, voted=, raftlog=Memoized:s10@group-4EB49E3E6D70-SegmentedRaftLog:OPENED:c-1:lastnull, conf=conf: {index: -1, cur=peers:[]|listeners:[], old=null} STARTING
   FOLLOWER s10@group-4CD87B055E3A:t0, leader=null, voted=, raftlog=Memoized:s10@group-4CD87B055E3A-SegmentedRaftLog:OPENED:c-1:lastnull, conf=conf: {index: -1, cur=peers:[]|listeners:[], old=null} STARTING] size=2
  s13:  RUNNING [
   FOLLOWER s13@group-4EB49E3E6D70:t0, leader=null, voted=, raftlog=Memoized:s13@group-4EB49E3E6D70-SegmentedRaftLog:OPENED:c-1:lastnull, conf=conf: {index: -1, cur=peers:[]|listeners:[], old=null} STARTING
   FOLLOWER s13@group-4CD87B055E3A:t0, leader=null, voted=, raftlog=Memoized:s13@group-4CD87B055E3A-SegmentedRaftLog:OPENED:c-1:lastnull, conf=conf: {index: -1, cur=peers:[]|listeners:[], old=null} STARTING] size=2
  s12:  RUNNING [
   FOLLOWER s12@group-4EB49E3E6D70:t0, leader=null, voted=, raftlog=Memoized:s12@group-4EB49E3E6D70-SegmentedRaftLog:OPENED:c-1:lastnull, conf=conf: {index: -1, cur=peers:[]|listeners:[], old=null} STARTING
   FOLLOWER s12@group-4CD87B055E3A:t0, leader=null, voted=, raftlog=Memoized:s12@group-4CD87B055E3A-SegmentedRaftLog:OPENED:c-1:lastnull, conf=conf: {index: -1, cur=peers:[]|listeners:[], old=null} STARTING] size=2
  s14:  RUNNING [
   FOLLOWER s14@group-4EB49E3E6D70:t0, leader=null, voted=, raftlog=Memoized:s14@group-4EB49E3E6D70-SegmentedRaftLog:OPENED:c-1:lastnull, conf=conf: {index: -1, cur=peers:[]|listeners:[], old=null} STARTING
   FOLLOWER s14@group-4CD87B055E3A:t0, leader=null, voted=, raftlog=Memoized:s14@group-4CD87B055E3A-SegmentedRaftLog:OPENED:c-1:lastnull, conf=conf: {index: -1, cur=peers:[]|listeners:[], old=null} STARTING] size=2
  s0:  RUNNING [
   FOLLOWER s0@group-4EB49E3E6D70:t0, leader=null, voted=, raftlog=Memoized:s0@group-4EB49E3E6D70-SegmentedRaftLog:OPENED:c-1:lastnull, conf=conf: {index: -1, cur=peers:[]|listeners:[], old=null} STARTING
   FOLLOWER s0@group-4CD87B055E3A:t1, leader=s7, voted=null, raftlog=Memoized:s0@group-4CD87B055E3A-SegmentedRaftLog:OPENED:c120:last(t:1, i:120), conf=conf: {index: 0, cur=peers:[s7|, s8|, s9|]|listeners:[], old=null} STARTING] size=2
  s1:  RUNNING [
   FOLLOWER s1@group-4EB49E3E6D70:t0, leader=null, voted=, raftlog=Memoized:s1@group-4EB49E3E6D70-SegmentedRaftLog:OPENED:c-1:lastnull, conf=conf: {index: -1, cur=peers:[]|listeners:[], old=null} STARTING
   FOLLOWER s1@group-4CD87B055E3A:t1, leader=s7, voted=null, raftlog=Memoized:s1@group-4CD87B055E3A-SegmentedRaftLog:OPENED:c120:last(t:1, i:120), conf=conf: {index: 0, cur=peers:[s7|, s8|, s9|]|listeners:[], old=null} STARTING] size=2
  s2:  RUNNING [
   FOLLOWER s2@group-4EB49E3E6D70:t0, leader=null, voted=, raftlog=Memoized:s2@group-4EB49E3E6D70-SegmentedRaftLog:OPENED:c-1:lastnull, conf=conf: {index: -1, cur=peers:[]|listeners:[], old=null} STARTING
   FOLLOWER s2@group-4CD87B055E3A:t0, leader=null, voted=, raftlog=Memoized:s2@group-4CD87B055E3A-SegmentedRaftLog:OPENED:c-1:lastnull, conf=conf: {index: -1, cur=peers:[]|listeners:[], old=null} STARTING] size=2
2024-10-31 03:26:06,030 INFO  server.RaftServer$Division (RaftServerImpl.java:setConfigurationAsync(1341)) - s7@group-4CD87B055E3A: receive setConfiguration SetConfigurationRequest:client-8FB543527D95->s7@group-4CD87B055E3A, cid=1984, seq=null, RW, null, SET_UNCONDITIONALLY, servers:[s7, s8, s9, s0, s1], listeners:[]
2024-10-31 03:26:06,130 INFO  server.RaftServer$Division (RaftServerImpl.java:setConfigurationAsync(1341)) - s9@group-4CD87B055E3A: receive setConfiguration SetConfigurationRequest:client-8FB543527D95->s9@group-4CD87B055E3A, cid=1984, seq=null, RW, null, SET_UNCONDITIONALLY, servers:[s7, s8, s9, s0, s1], listeners:[]
2024-10-31 03:26:06,231 INFO  server.RaftServer$Division (RaftServerImpl.java:setConfigurationAsync(1341)) - s7@group-4CD87B055E3A: receive setConfiguration SetConfigurationRequest:client-8FB543527D95->s7@group-4CD87B055E3A, cid=1984, seq=null, RW, null, SET_UNCONDITIONALLY, servers:[s7, s8, s9, s0, s1], listeners:[]
2024-10-31 03:26:06,331 INFO  server.RaftServer$Division (RaftServerImpl.java:setConfigurationAsync(1341)) - s9@group-4CD87B055E3A: receive setConfiguration SetConfigurationRequest:client-8FB543527D95->s9@group-4CD87B055E3A, cid=1984, seq=null, RW, null, SET_UNCONDITIONALLY, servers:[s7, s8, s9, s0, s1], listeners:[]
2024-10-31 03:26:06,432 INFO  server.RaftServer$Division (RaftServerImpl.java:setConfigurationAsync(1341)) - s7@group-4CD87B055E3A: receive setConfiguration SetConfigurationRequest:client-8FB543527D95->s7@group-4CD87B055E3A, cid=1984, seq=null, RW, null, SET_UNCONDITIONALLY, servers:[s7, s8, s9, s0, s1], listeners:[]
2024-10-31 03:26:06,532 INFO  server.RaftServer$Division (RaftServerImpl.java:setConfigurationAsync(1341)) - s8@group-4CD87B055E3A: receive setConfiguration SetConfigurationRequest:client-8FB543527D95->s8@group-4CD87B055E3A, cid=1984, seq=null, RW, null, SET_UNCONDITIONALLY, servers:[s7, s8, s9, s0, s1], listeners:[]
2024-10-31 03:26:06,632 INFO  server.RaftServer$Division (RaftServerImpl.java:setConfigurationAsync(1341)) - s7@group-4CD87B055E3A: receive setConfiguration SetConfigurationRequest:client-8FB543527D95->s7@group-4CD87B055E3A, cid=1984, seq=null, RW, null, SET_UNCONDITIONALLY, servers:[s7, s8, s9, s0, s1], listeners:[]
2024-10-31 03:26:06,733 INFO  server.RaftServer$Division (RaftServerImpl.java:setConfigurationAsync(1341)) - s8@group-4CD87B055E3A: receive setConfiguration SetConfigurationRequest:client-8FB543527D95->s8@group-4CD87B055E3A, cid=1984, seq=null, RW, null, SET_UNCONDITIONALLY, servers:[s7, s8, s9, s0, s1], listeners:[]
2024-10-31 03:26:06,833 INFO  server.RaftServer$Division (RaftServerImpl.java:setConfigurationAsync(1341)) - s7@group-4CD87B055E3A: receive setConfiguration SetConfigurationRequest:client-8FB543527D95->s7@group-4CD87B055E3A, cid=1984, seq=null, RW, null, SET_UNCONDITIONALLY, servers:[s7, s8, s9, s0, s1], listeners:[]
2024-10-31 03:26:06,933 INFO  server.RaftServer$Division (RaftServerImpl.java:setConfigurationAsync(1341)) - s8@group-4CD87B055E3A: receive setConfiguration SetConfigurationRequest:client-8FB543527D95->s8@group-4CD87B055E3A, cid=1984, seq=null, RW, null, SET_UNCONDITIONALLY, servers:[s7, s8, s9, s0, s1], listeners:[]
2024-10-31 03:26:07,034 INFO  server.RaftServer$Division (RaftServerImpl.java:setConfigurationAsync(1341)) - s7@group-4CD87B055E3A: receive setConfiguration SetConfigurationRequest:client-8FB543527D95->s7@group-4CD87B055E3A, cid=1984, seq=null, RW, null, SET_UNCONDITIONALLY, servers:[s7, s8, s9, s0, s1], listeners:[]
2024-10-31 03:26:07,134 INFO  server.RaftServer$Division (RaftServerImpl.java:setConfigurationAsync(1341)) - s9@group-4CD87B055E3A: receive setConfiguration SetConfigurationRequest:client-8FB543527D95->s9@group-4CD87B055E3A, cid=1984, seq=null, RW, null, SET_UNCONDITIONALLY, servers:[s7, s8, s9, s0, s1], listeners:[]
2024-10-31 03:26:07,234 INFO  server.RaftServer$Division (RaftServerImpl.java:setConfigurationAsync(1341)) - s7@group-4CD87B055E3A: receive setConfiguration SetConfigurationRequest:client-8FB543527D95->s7@group-4CD87B055E3A, cid=1984, seq=null, RW, null, SET_UNCONDITIONALLY, servers:[s7, s8, s9, s0, s1], listeners:[]
2024-10-31 03:26:07,335 INFO  server.RaftServer$Division (RaftServerImpl.java:setConfigurationAsync(1341)) - s9@group-4CD87B055E3A: receive setConfiguration SetConfigurationRequest:client-8FB543527D95->s9@group-4CD87B055E3A, cid=1984, seq=null, RW, null, SET_UNCONDITIONALLY, servers:[s7, s8, s9, s0, s1], listeners:[]
2024-10-31 03:26:07,435 INFO  server.RaftServer$Division (RaftServerImpl.java:setConfigurationAsync(1341)) - s7@group-4CD87B055E3A: receive setConfiguration SetConfigurationRequest:client-8FB543527D95->s7@group-4CD87B055E3A, cid=1984, seq=null, RW, null, SET_UNCONDITIONALLY, servers:[s7, s8, s9, s0, s1], listeners:[]
2024-10-31 03:26:07,535 INFO  server.RaftServer$Division (RaftServerImpl.java:setConfigurationAsync(1341)) - s9@group-4CD87B055E3A: receive setConfiguration SetConfigurationRequest:client-8FB543527D95->s9@group-4CD87B055E3A, cid=1984, seq=null, RW, null, SET_UNCONDITIONALLY, servers:[s7, s8, s9, s0, s1], listeners:[]
2024-10-31 03:26:07,636 INFO  server.RaftServer$Division (RaftServerImpl.java:setConfigurationAsync(1341)) - s7@group-4CD87B055E3A: receive setConfiguration SetConfigurationRequest:client-8FB543527D95->s7@group-4CD87B055E3A, cid=1984, seq=null, RW, null, SET_UNCONDITIONALLY, servers:[s7, s8, s9, s0, s1], listeners:[]
2024-10-31 03:26:07,736 INFO  server.RaftServer$Division (RaftServerImpl.java:setConfigurationAsync(1341)) - s9@group-4CD87B055E3A: receive setConfiguration SetConfigurationRequest:client-8FB543527D95->s9@group-4CD87B055E3A, cid=1984, seq=null, RW, null, SET_UNCONDITIONALLY, servers:[s7, s8, s9, s0, s1], listeners:[]
2024-10-31 03:26:07,836 INFO  server.RaftServer$Division (RaftServerImpl.java:setConfigurationAsync(1341)) - s7@group-4CD87B055E3A: receive setConfiguration SetConfigurationRequest:client-8FB543527D95->s7@group-4CD87B055E3A, cid=1984, seq=null, RW, null, SET_UNCONDITIONALLY, servers:[s7, s8, s9, s0, s1], listeners:[]
2024-10-31 03:26:07,937 INFO  server.RaftServer$Division (RaftServerImpl.java:setConfigurationAsync(1341)) - s9@group-4CD87B055E3A: receive setConfiguration SetConfigurationRequest:client-8FB543527D95->s9@group-4CD87B055E3A, cid=1984, seq=null, RW, null, SET_UNCONDITIONALLY, servers:[s7, s8, s9, s0, s1], listeners:[]
2024-10-31 03:26:08,037 INFO  server.RaftServer$Division (RaftServerImpl.java:setConfigurationAsync(1341)) - s7@group-4CD87B055E3A: receive setConfiguration SetConfigurationRequest:client-8FB543527D95->s7@group-4CD87B055E3A, cid=1984, seq=null, RW, null, SET_UNCONDITIONALLY, servers:[s7, s8, s9, s0, s1], listeners:[]
2024-10-31 03:26:08,137 INFO  server.RaftServer$Division (RaftServerImpl.java:setConfigurationAsync(1341)) - s8@group-4CD87B055E3A: receive setConfiguration SetConfigurationRequest:client-8FB543527D95->s8@group-4CD87B055E3A, cid=1984, seq=null, RW, null, SET_UNCONDITIONALLY, servers:[s7, s8, s9, s0, s1], listeners:[]
2024-10-31 03:26:08,238 INFO  server.RaftServer$Division (RaftServerImpl.java:setConfigurationAsync(1341)) - s7@group-4CD87B055E3A: receive setConfiguration SetConfigurationRequest:client-8FB543527D95->s7@group-4CD87B055E3A, cid=1984, seq=null, RW, null, SET_UNCONDITIONALLY, servers:[s7, s8, s9, s0, s1], listeners:[]
2024-10-31 03:26:08,338 INFO  server.RaftServer$Division (RaftServerImpl.java:setConfigurationAsync(1341)) - s9@group-4CD87B055E3A: receive setConfiguration SetConfigurationRequest:client-8FB543527D95->s9@group-4CD87B055E3A, cid=1984, seq=null, RW, null, SET_UNCONDITIONALLY, servers:[s7, s8, s9, s0, s1], listeners:[]
2024-10-31 03:26:08,439 INFO  server.RaftServer$Division (RaftServerImpl.java:setConfigurationAsync(1341)) - s7@group-4CD87B055E3A: receive setConfiguration SetConfigurationRequest:client-8FB543527D95->s7@group-4CD87B055E3A, cid=1984, seq=null, RW, null, SET_UNCONDITIONALLY, servers:[s7, s8, s9, s0, s1], listeners:[]
2024-10-31 03:26:08,539 INFO  server.RaftServer$Division (RaftServerImpl.java:setConfigurationAsync(1341)) - s9@group-4CD87B055E3A: receive setConfiguration SetConfigurationRequest:client-8FB543527D95->s9@group-4CD87B055E3A, cid=1984, seq=null, RW, null, SET_UNCONDITIONALLY, servers:[s7, s8, s9, s0, s1], listeners:[]
2024-10-31 03:26:08,639 INFO  server.RaftServer$Division (RaftServerImpl.java:setConfigurationAsync(1341)) - s7@group-4CD87B055E3A: receive setConfiguration SetConfigurationRequest:client-8FB543527D95->s7@group-4CD87B055E3A, cid=1984, seq=null, RW, null, SET_UNCONDITIONALLY, servers:[s7, s8, s9, s0, s1], listeners:[]
2024-10-31 03:26:08,740 INFO  server.RaftServer$Division (RaftServerImpl.java:setConfigurationAsync(1341)) - s8@group-4CD87B055E3A: receive setConfiguration SetConfigurationRequest:client-8FB543527D95->s8@group-4CD87B055E3A, cid=1984, seq=null, RW, null, SET_UNCONDITIONALLY, servers:[s7, s8, s9, s0, s1], listeners:[]
2024-10-31 03:26:08,840 INFO  server.RaftServer$Division (RaftServerImpl.java:setConfigurationAsync(1341)) - s7@group-4CD87B055E3A: receive setConfiguration SetConfigurationRequest:client-8FB543527D95->s7@group-4CD87B055E3A, cid=1984, seq=null, RW, null, SET_UNCONDITIONALLY, servers:[s7, s8, s9, s0, s1], listeners:[]
2024-10-31 03:26:08,940 INFO  server.RaftServer$Division (RaftServerImpl.java:setConfigurationAsync(1341)) - s9@group-4CD87B055E3A: receive setConfiguration SetConfigurationRequest:client-8FB543527D95->s9@group-4CD87B055E3A, cid=1984, seq=null, RW, null, SET_UNCONDITIONALLY, servers:[s7, s8, s9, s0, s1], listeners:[]
2024-10-31 03:26:09,041 INFO  server.RaftServer$Division (RaftServerImpl.java:setConfigurationAsync(1341)) - s7@group-4CD87B055E3A: receive setConfiguration SetConfigurationRequest:client-8FB543527D95->s7@group-4CD87B055E3A, cid=1984, seq=null, RW, null, SET_UNCONDITIONALLY, servers:[s7, s8, s9, s0, s1], listeners:[]
2024-10-31 03:26:09,141 INFO  server.RaftServer$Division (RaftServerImpl.java:setConfigurationAsync(1341)) - s9@group-4CD87B055E3A: receive setConfiguration SetConfigurationRequest:client-8FB543527D95->s9@group-4CD87B055E3A, cid=1984, seq=null, RW, null, SET_UNCONDITIONALLY, servers:[s7, s8, s9, s0, s1], listeners:[]
2024-10-31 03:26:09,241 INFO  server.RaftServer$Division (RaftServerImpl.java:setConfigurationAsync(1341)) - s7@group-4CD87B055E3A: receive setConfiguration SetConfigurationRequest:client-8FB543527D95->s7@group-4CD87B055E3A, cid=1984, seq=null, RW, null, SET_UNCONDITIONALLY, servers:[s7, s8, s9, s0, s1], listeners:[]
2024-10-31 03:26:09,342 INFO  server.RaftServer$Division (RaftServerImpl.java:setConfigurationAsync(1341)) - s8@group-4CD87B055E3A: receive setConfiguration SetConfigurationRequest:client-8FB543527D95->s8@group-4CD87B055E3A, cid=1984, seq=null, RW, null, SET_UNCONDITIONALLY, servers:[s7, s8, s9, s0, s1], listeners:[]
2024-10-31 03:26:09,442 INFO  server.RaftServer$Division (RaftServerImpl.java:setConfigurationAsync(1341)) - s7@group-4CD87B055E3A: receive setConfiguration SetConfigurationRequest:client-8FB543527D95->s7@group-4CD87B055E3A, cid=1984, seq=null, RW, null, SET_UNCONDITIONALLY, servers:[s7, s8, s9, s0, s1], listeners:[]
2024-10-31 03:26:09,543 INFO  server.RaftServer$Division (RaftServerImpl.java:setConfigurationAsync(1341)) - s9@group-4CD87B055E3A: receive setConfiguration SetConfigurationRequest:client-8FB543527D95->s9@group-4CD87B055E3A, cid=1984, seq=null, RW, null, SET_UNCONDITIONALLY, servers:[s7, s8, s9, s0, s1], listeners:[]
2024-10-31 03:26:09,643 INFO  server.RaftServer$Division (RaftServerImpl.java:setConfigurationAsync(1341)) - s7@group-4CD87B055E3A: receive setConfiguration SetConfigurationRequest:client-8FB543527D95->s7@group-4CD87B055E3A, cid=1984, seq=null, RW, null, SET_UNCONDITIONALLY, servers:[s7, s8, s9, s0, s1], listeners:[]
2024-10-31 03:26:09,743 INFO  server.RaftServer$Division (RaftServerImpl.java:setConfigurationAsync(1341)) - s9@group-4CD87B055E3A: receive setConfiguration SetConfigurationRequest:client-8FB543527D95->s9@group-4CD87B055E3A, cid=1984, seq=null, RW, null, SET_UNCONDITIONALLY, servers:[s7, s8, s9, s0, s1], listeners:[]
2024-10-31 03:26:09,844 INFO  server.RaftServer$Division (RaftServerImpl.java:setConfigurationAsync(1341)) - s7@group-4CD87B055E3A: receive setConfiguration SetConfigurationRequest:client-8FB543527D95->s7@group-4CD87B055E3A, cid=1984, seq=null, RW, null, SET_UNCONDITIONALLY, servers:[s7, s8, s9, s0, s1], listeners:[]
2024-10-31 03:26:09,944 INFO  server.RaftServer$Division (RaftServerImpl.java:setConfigurationAsync(1341)) - s9@group-4CD87B055E3A: receive setConfiguration SetConfigurationRequest:client-8FB543527D95->s9@group-4CD87B055E3A, cid=1984, seq=null, RW, null, SET_UNCONDITIONALLY, servers:[s7, s8, s9, s0, s1], listeners:[]
2024-10-31 03:26:10,044 INFO  server.RaftServer$Division (RaftServerImpl.java:setConfigurationAsync(1341)) - s7@group-4CD87B055E3A: receive setConfiguration SetConfigurationRequest:client-8FB543527D95->s7@group-4CD87B055E3A, cid=1984, seq=null, RW, null, SET_UNCONDITIONALLY, servers:[s7, s8, s9, s0, s1], listeners:[]
2024-10-31 03:26:10,145 INFO  server.RaftServer$Division (RaftServerImpl.java:setConfigurationAsync(1341)) - s9@group-4CD87B055E3A: receive setConfiguration SetConfigurationRequest:client-8FB543527D95->s9@group-4CD87B055E3A, cid=1984, seq=null, RW, null, SET_UNCONDITIONALLY, servers:[s7, s8, s9, s0, s1], listeners:[]
2024-10-31 03:26:10,245 INFO  server.RaftServer$Division (RaftServerImpl.java:setConfigurationAsync(1341)) - s7@group-4CD87B055E3A: receive setConfiguration SetConfigurationRequest:client-8FB543527D95->s7@group-4CD87B055E3A, cid=1984, seq=null, RW, null, SET_UNCONDITIONALLY, servers:[s7, s8, s9, s0, s1], listeners:[]
2024-10-31 03:26:10,346 INFO  server.RaftServer$Division (RaftServerImpl.java:setConfigurationAsync(1341)) - s9@group-4CD87B055E3A: receive setConfiguration SetConfigurationRequest:client-8FB543527D95->s9@group-4CD87B055E3A, cid=1984, seq=null, RW, null, SET_UNCONDITIONALLY, servers:[s7, s8, s9, s0, s1], listeners:[]
2024-10-31 03:26:10,446 INFO  server.RaftServer$Division (RaftServerImpl.java:setConfigurationAsync(1341)) - s7@group-4CD87B055E3A: receive setConfiguration SetConfigurationRequest:client-8FB543527D95->s7@group-4CD87B055E3A, cid=1984, seq=null, RW, null, SET_UNCONDITIONALLY, servers:[s7, s8, s9, s0, s1], listeners:[]
2024-10-31 03:26:10,546 INFO  server.RaftServer$Division (RaftServerImpl.java:setConfigurationAsync(1341)) - s9@group-4CD87B055E3A: receive setConfiguration SetConfigurationRequest:client-8FB543527D95->s9@group-4CD87B055E3A, cid=1984, seq=null, RW, null, SET_UNCONDITIONALLY, servers:[s7, s8, s9, s0, s1], listeners:[]
2024-10-31 03:26:10,647 INFO  server.RaftServer$Division (RaftServerImpl.java:setConfigurationAsync(1341)) - s7@group-4CD87B055E3A: receive setConfiguration SetConfigurationRequest:client-8FB543527D95->s7@group-4CD87B055E3A, cid=1984, seq=null, RW, null, SET_UNCONDITIONALLY, servers:[s7, s8, s9, s0, s1], listeners:[]
2024-10-31 03:26:10,747 INFO  server.RaftServer$Division (RaftServerImpl.java:setConfigurationAsync(1341)) - s9@group-4CD87B055E3A: receive setConfiguration SetConfigurationRequest:client-8FB543527D95->s9@group-4CD87B055E3A, cid=1984, seq=null, RW, null, SET_UNCONDITIONALLY, servers:[s7, s8, s9, s0, s1], listeners:[]
2024-10-31 03:26:10,847 INFO  server.RaftServer$Division (RaftServerImpl.java:setConfigurationAsync(1341)) - s7@group-4CD87B055E3A: receive setConfiguration SetConfigurationRequest:client-8FB543527D95->s7@group-4CD87B055E3A, cid=1984, seq=null, RW, null, SET_UNCONDITIONALLY, servers:[s7, s8, s9, s0, s1], listeners:[]
2024-10-31 03:26:10,948 INFO  server.RaftServer$Division (RaftServerImpl.java:setConfigurationAsync(1341)) - s9@group-4CD87B055E3A: receive setConfiguration SetConfigurationRequest:client-8FB543527D95->s9@group-4CD87B055E3A, cid=1984, seq=null, RW, null, SET_UNCONDITIONALLY, servers:[s7, s8, s9, s0, s1], listeners:[]
2024-10-31 03:26:11,048 INFO  server.RaftServer$Division (RaftServerImpl.java:setConfigurationAsync(1341)) - s7@group-4CD87B055E3A: receive setConfiguration SetConfigurationRequest:client-8FB543527D95->s7@group-4CD87B055E3A, cid=1984, seq=null, RW, null, SET_UNCONDITIONALLY, servers:[s7, s8, s9, s0, s1], listeners:[]
2024-10-31 03:26:11,148 INFO  server.RaftServer$Division (RaftServerImpl.java:setConfigurationAsync(1341)) - s9@group-4CD87B055E3A: receive setConfiguration SetConfigurationRequest:client-8FB543527D95->s9@group-4CD87B055E3A, cid=1984, seq=null, RW, null, SET_UNCONDITIONALLY, servers:[s7, s8, s9, s0, s1], listeners:[]
2024-10-31 03:26:11,249 INFO  server.RaftServer$Division (RaftServerImpl.java:setConfigurationAsync(1341)) - s7@group-4CD87B055E3A: receive setConfiguration SetConfigurationRequest:client-8FB543527D95->s7@group-4CD87B055E3A, cid=1984, seq=null, RW, null, SET_UNCONDITIONALLY, servers:[s7, s8, s9, s0, s1], listeners:[]
2024-10-31 03:26:11,349 INFO  server.RaftServer$Division (RaftServerImpl.java:setConfigurationAsync(1341)) - s8@group-4CD87B055E3A: receive setConfiguration SetConfigurationRequest:client-8FB543527D95->s8@group-4CD87B055E3A, cid=1984, seq=null, RW, null, SET_UNCONDITIONALLY, servers:[s7, s8, s9, s0, s1], listeners:[]
2024-10-31 03:26:11,449 INFO  server.RaftServer$Division (RaftServerImpl.java:setConfigurationAsync(1341)) - s7@group-4CD87B055E3A: receive setConfiguration SetConfigurationRequest:client-8FB543527D95->s7@group-4CD87B055E3A, cid=1984, seq=null, RW, null, SET_UNCONDITIONALLY, servers:[s7, s8, s9, s0, s1], listeners:[]
2024-10-31 03:26:11,550 INFO  server.RaftServer$Division (RaftServerImpl.java:setConfigurationAsync(1341)) - s8@group-4CD87B055E3A: receive setConfiguration SetConfigurationRequest:client-8FB543527D95->s8@group-4CD87B055E3A, cid=1984, seq=null, RW, null, SET_UNCONDITIONALLY, servers:[s7, s8, s9, s0, s1], listeners:[]
2024-10-31 03:26:11,650 INFO  server.RaftServer$Division (RaftServerImpl.java:setConfigurationAsync(1341)) - s7@group-4CD87B055E3A: receive setConfiguration SetConfigurationRequest:client-8FB543527D95->s7@group-4CD87B055E3A, cid=1984, seq=null, RW, null, SET_UNCONDITIONALLY, servers:[s7, s8, s9, s0, s1], listeners:[]
2024-10-31 03:26:11,750 INFO  server.RaftServer$Division (RaftServerImpl.java:setConfigurationAsync(1341)) - s8@group-4CD87B055E3A: receive setConfiguration SetConfigurationRequest:client-8FB543527D95->s8@group-4CD87B055E3A, cid=1984, seq=null, RW, null, SET_UNCONDITIONALLY, servers:[s7, s8, s9, s0, s1], listeners:[]
2024-10-31 03:26:11,851 INFO  server.RaftServer$Division (RaftServerImpl.java:setConfigurationAsync(1341)) - s7@group-4CD87B055E3A: receive setConfiguration SetConfigurationRequest:client-8FB543527D95->s7@group-4CD87B055E3A, cid=1984, seq=null, RW, null, SET_UNCONDITIONALLY, servers:[s7, s8, s9, s0, s1], listeners:[]
2024-10-31 03:26:11,951 INFO  server.RaftServer$Division (RaftServerImpl.java:setConfigurationAsync(1341)) - s8@group-4CD87B055E3A: receive setConfiguration SetConfigurationRequest:client-8FB543527D95->s8@group-4CD87B055E3A, cid=1984, seq=null, RW, null, SET_UNCONDITIONALLY, servers:[s7, s8, s9, s0, s1], listeners:[]
2024-10-31 03:26:12,051 INFO  server.RaftServer$Division (RaftServerImpl.java:setConfigurationAsync(1341)) - s7@group-4CD87B055E3A: receive setConfiguration SetConfigurationRequest:client-8FB543527D95->s7@group-4CD87B055E3A, cid=1984, seq=null, RW, null, SET_UNCONDITIONALLY, servers:[s7, s8, s9, s0, s1], listeners:[]
2024-10-31 03:26:12,152 INFO  server.RaftServer$Division (RaftServerImpl.java:setConfigurationAsync(1341)) - s8@group-4CD87B055E3A: receive setConfiguration SetConfigurationRequest:client-8FB543527D95->s8@group-4CD87B055E3A, cid=1984, seq=null, RW, null, SET_UNCONDITIONALLY, servers:[s7, s8, s9, s0, s1], listeners:[]
2024-10-31 03:26:12,252 INFO  server.RaftServer$Division (RaftServerImpl.java:setConfigurationAsync(1341)) - s7@group-4CD87B055E3A: receive setConfiguration SetConfigurationRequest:client-8FB543527D95->s7@group-4CD87B055E3A, cid=1984, seq=null, RW, null, SET_UNCONDITIONALLY, servers:[s7, s8, s9, s0, s1], listeners:[]
2024-10-31 03:26:12,352 INFO  server.RaftServer$Division (RaftServerImpl.java:setConfigurationAsync(1341)) - s9@group-4CD87B055E3A: receive setConfiguration SetConfigurationRequest:client-8FB543527D95->s9@group-4CD87B055E3A, cid=1984, seq=null, RW, null, SET_UNCONDITIONALLY, servers:[s7, s8, s9, s0, s1], listeners:[]
2024-10-31 03:26:12,453 INFO  server.RaftServer$Division (RaftServerImpl.java:setConfigurationAsync(1341)) - s7@group-4CD87B055E3A: receive setConfiguration SetConfigurationRequest:client-8FB543527D95->s7@group-4CD87B055E3A, cid=1984, seq=null, RW, null, SET_UNCONDITIONALLY, servers:[s7, s8, s9, s0, s1], listeners:[]
2024-10-31 03:26:12,553 INFO  server.RaftServer$Division (RaftServerImpl.java:setConfigurationAsync(1341)) - s9@group-4CD87B055E3A: receive setConfiguration SetConfigurationRequest:client-8FB543527D95->s9@group-4CD87B055E3A, cid=1984, seq=null, RW, null, SET_UNCONDITIONALLY, servers:[s7, s8, s9, s0, s1], listeners:[]
2024-10-31 03:26:12,653 INFO  server.RaftServer$Division (RaftServerImpl.java:setConfigurationAsync(1341)) - s7@group-4CD87B055E3A: receive setConfiguration SetConfigurationRequest:client-8FB543527D95->s7@group-4CD87B055E3A, cid=1984, seq=null, RW, null, SET_UNCONDITIONALLY, servers:[s7, s8, s9, s0, s1], listeners:[]
2024-10-31 03:26:12,754 INFO  server.RaftServer$Division (RaftServerImpl.java:setConfigurationAsync(1341)) - s8@group-4CD87B055E3A: receive setConfiguration SetConfigurationRequest:client-8FB543527D95->s8@group-4CD87B055E3A, cid=1984, seq=null, RW, null, SET_UNCONDITIONALLY, servers:[s7, s8, s9, s0, s1], listeners:[]
2024-10-31 03:26:12,854 INFO  server.RaftServer$Division (RaftServerImpl.java:setConfigurationAsync(1341)) - s7@group-4CD87B055E3A: receive setConfiguration SetConfigurationRequest:client-8FB543527D95->s7@group-4CD87B055E3A, cid=1984, seq=null, RW, null, SET_UNCONDITIONALLY, servers:[s7, s8, s9, s0, s1], listeners:[]
2024-10-31 03:26:12,954 INFO  server.RaftServer$Division (RaftServerImpl.java:setConfigurationAsync(1341)) - s8@group-4CD87B055E3A: receive setConfiguration SetConfigurationRequest:client-8FB543527D95->s8@group-4CD87B055E3A, cid=1984, seq=null, RW, null, SET_UNCONDITIONALLY, servers:[s7, s8, s9, s0, s1], listeners:[]
2024-10-31 03:26:13,055 INFO  server.RaftServer$Division (RaftServerImpl.java:setConfigurationAsync(1341)) - s7@group-4CD87B055E3A: receive setConfiguration SetConfigurationRequest:client-8FB543527D95->s7@group-4CD87B055E3A, cid=1984, seq=null, RW, null, SET_UNCONDITIONALLY, servers:[s7, s8, s9, s0, s1], listeners:[]
2024-10-31 03:26:13,155 INFO  server.RaftServer$Division (RaftServerImpl.java:setConfigurationAsync(1341)) - s8@group-4CD87B055E3A: receive setConfiguration SetConfigurationRequest:client-8FB543527D95->s8@group-4CD87B055E3A, cid=1984, seq=null, RW, null, SET_UNCONDITIONALLY, servers:[s7, s8, s9, s0, s1], listeners:[]
2024-10-31 03:26:13,255 INFO  server.RaftServer$Division (RaftServerImpl.java:setConfigurationAsync(1341)) - s7@group-4CD87B055E3A: receive setConfiguration SetConfigurationRequest:client-8FB543527D95->s7@group-4CD87B055E3A, cid=1984, seq=null, RW, null, SET_UNCONDITIONALLY, servers:[s7, s8, s9, s0, s1], listeners:[]
2024-10-31 03:26:13,356 INFO  server.RaftServer$Division (RaftServerImpl.java:setConfigurationAsync(1341)) - s9@group-4CD87B055E3A: receive setConfiguration SetConfigurationRequest:client-8FB543527D95->s9@group-4CD87B055E3A, cid=1984, seq=null, RW, null, SET_UNCONDITIONALLY, servers:[s7, s8, s9, s0, s1], listeners:[]
2024-10-31 03:26:13,456 INFO  server.RaftServer$Division (RaftServerImpl.java:setConfigurationAsync(1341)) - s7@group-4CD87B055E3A: receive setConfiguration SetConfigurationRequest:client-8FB543527D95->s7@group-4CD87B055E3A, cid=1984, seq=null, RW, null, SET_UNCONDITIONALLY, servers:[s7, s8, s9, s0, s1], listeners:[]
2024-10-31 03:26:13,556 INFO  server.RaftServer$Division (RaftServerImpl.java:setConfigurationAsync(1341)) - s9@group-4CD87B055E3A: receive setConfiguration SetConfigurationRequest:client-8FB543527D95->s9@group-4CD87B055E3A, cid=1984, seq=null, RW, null, SET_UNCONDITIONALLY, servers:[s7, s8, s9, s0, s1], listeners:[]
2024-10-31 03:26:13,657 INFO  server.RaftServer$Division (RaftServerImpl.java:setConfigurationAsync(1341)) - s7@group-4CD87B055E3A: receive setConfiguration SetConfigurationRequest:client-8FB543527D95->s7@group-4CD87B055E3A, cid=1984, seq=null, RW, null, SET_UNCONDITIONALLY, servers:[s7, s8, s9, s0, s1], listeners:[]
2024-10-31 03:26:13,757 INFO  server.RaftServer$Division (RaftServerImpl.java:setConfigurationAsync(1341)) - s8@group-4CD87B055E3A: receive setConfiguration SetConfigurationRequest:client-8FB543527D95->s8@group-4CD87B055E3A, cid=1984, seq=null, RW, null, SET_UNCONDITIONALLY, servers:[s7, s8, s9, s0, s1], listeners:[]
2024-10-31 03:26:13,857 INFO  server.RaftServer$Division (RaftServerImpl.java:setConfigurationAsync(1341)) - s7@group-4CD87B055E3A: receive setConfiguration SetConfigurationRequest:client-8FB543527D95->s7@group-4CD87B055E3A, cid=1984, seq=null, RW, null, SET_UNCONDITIONALLY, servers:[s7, s8, s9, s0, s1], listeners:[]
2024-10-31 03:26:13,958 INFO  server.RaftServer$Division (RaftServerImpl.java:setConfigurationAsync(1341)) - s8@group-4CD87B055E3A: receive setConfiguration SetConfigurationRequest:client-8FB543527D95->s8@group-4CD87B055E3A, cid=1984, seq=null, RW, null, SET_UNCONDITIONALLY, servers:[s7, s8, s9, s0, s1], listeners:[]
2024-10-31 03:26:14,058 INFO  server.RaftServer$Division (RaftServerImpl.java:setConfigurationAsync(1341)) - s7@group-4CD87B055E3A: receive setConfiguration SetConfigurationRequest:client-8FB543527D95->s7@group-4CD87B055E3A, cid=1984, seq=null, RW, null, SET_UNCONDITIONALLY, servers:[s7, s8, s9, s0, s1], listeners:[]
2024-10-31 03:26:14,158 INFO  server.RaftServer$Division (RaftServerImpl.java:setConfigurationAsync(1341)) - s9@group-4CD87B055E3A: receive setConfiguration SetConfigurationRequest:client-8FB543527D95->s9@group-4CD87B055E3A, cid=1984, seq=null, RW, null, SET_UNCONDITIONALLY, servers:[s7, s8, s9, s0, s1], listeners:[]
2024-10-31 03:26:14,259 INFO  server.RaftServer$Division (RaftServerImpl.java:setConfigurationAsync(1341)) - s7@group-4CD87B055E3A: receive setConfiguration SetConfigurationRequest:client-8FB543527D95->s7@group-4CD87B055E3A, cid=1984, seq=null, RW, null, SET_UNCONDITIONALLY, servers:[s7, s8, s9, s0, s1], listeners:[]
2024-10-31 03:26:14,359 INFO  server.RaftServer$Division (RaftServerImpl.java:setConfigurationAsync(1341)) - s8@group-4CD87B055E3A: receive setConfiguration SetConfigurationRequest:client-8FB543527D95->s8@group-4CD87B055E3A, cid=1984, seq=null, RW, null, SET_UNCONDITIONALLY, servers:[s7, s8, s9, s0, s1], listeners:[]
2024-10-31 03:26:14,460 INFO  server.RaftServer$Division (RaftServerImpl.java:setConfigurationAsync(1341)) - s7@group-4CD87B055E3A: receive setConfiguration SetConfigurationRequest:client-8FB543527D95->s7@group-4CD87B055E3A, cid=1984, seq=null, RW, null, SET_UNCONDITIONALLY, servers:[s7, s8, s9, s0, s1], listeners:[]
2024-10-31 03:26:14,560 INFO  server.RaftServer$Division (RaftServerImpl.java:setConfigurationAsync(1341)) - s9@group-4CD87B055E3A: receive setConfiguration SetConfigurationRequest:client-8FB543527D95->s9@group-4CD87B055E3A, cid=1984, seq=null, RW, null, SET_UNCONDITIONALLY, servers:[s7, s8, s9, s0, s1], listeners:[]
2024-10-31 03:26:14,661 INFO  server.RaftServer$Division (RaftServerImpl.java:setConfigurationAsync(1341)) - s7@group-4CD87B055E3A: receive setConfiguration SetConfigurationRequest:client-8FB543527D95->s7@group-4CD87B055E3A, cid=1984, seq=null, RW, null, SET_UNCONDITIONALLY, servers:[s7, s8, s9, s0, s1], listeners:[]
2024-10-31 03:26:14,761 INFO  server.RaftServer$Division (RaftServerImpl.java:setConfigurationAsync(1341)) - s8@group-4CD87B055E3A: receive setConfiguration SetConfigurationRequest:client-8FB543527D95->s8@group-4CD87B055E3A, cid=1984, seq=null, RW, null, SET_UNCONDITIONALLY, servers:[s7, s8, s9, s0, s1], listeners:[]
2024-10-31 03:26:14,861 INFO  server.RaftServer$Division (RaftServerImpl.java:setConfigurationAsync(1341)) - s7@group-4CD87B055E3A: receive setConfiguration SetConfigurationRequest:client-8FB543527D95->s7@group-4CD87B055E3A, cid=1984, seq=null, RW, null, SET_UNCONDITIONALLY, servers:[s7, s8, s9, s0, s1], listeners:[]
2024-10-31 03:26:14,962 INFO  server.RaftServer$Division (RaftServerImpl.java:setConfigurationAsync(1341)) - s8@group-4CD87B055E3A: receive setConfiguration SetConfigurationRequest:client-8FB543527D95->s8@group-4CD87B055E3A, cid=1984, seq=null, RW, null, SET_UNCONDITIONALLY, servers:[s7, s8, s9, s0, s1], listeners:[]
2024-10-31 03:26:15,062 INFO  server.RaftServer$Division (RaftServerImpl.java:setConfigurationAsync(1341)) - s7@group-4CD87B055E3A: receive setConfiguration SetConfigurationRequest:client-8FB543527D95->s7@group-4CD87B055E3A, cid=1984, seq=null, RW, null, SET_UNCONDITIONALLY, servers:[s7, s8, s9, s0, s1], listeners:[]
2024-10-31 03:26:15,162 INFO  server.RaftServer$Division (RaftServerImpl.java:setConfigurationAsync(1341)) - s8@group-4CD87B055E3A: receive setConfiguration SetConfigurationRequest:client-8FB543527D95->s8@group-4CD87B055E3A, cid=1984, seq=null, RW, null, SET_UNCONDITIONALLY, servers:[s7, s8, s9, s0, s1], listeners:[]
2024-10-31 03:26:15,263 INFO  server.RaftServer$Division (RaftServerImpl.java:setConfigurationAsync(1341)) - s7@group-4CD87B055E3A: receive setConfiguration SetConfigurationRequest:client-8FB543527D95->s7@group-4CD87B055E3A, cid=1984, seq=null, RW, null, SET_UNCONDITIONALLY, servers:[s7, s8, s9, s0, s1], listeners:[]
2024-10-31 03:26:15,363 INFO  server.RaftServer$Division (RaftServerImpl.java:setConfigurationAsync(1341)) - s9@group-4CD87B055E3A: receive setConfiguration SetConfigurationRequest:client-8FB543527D95->s9@group-4CD87B055E3A, cid=1984, seq=null, RW, null, SET_UNCONDITIONALLY, servers:[s7, s8, s9, s0, s1], listeners:[]
2024-10-31 03:26:15,463 INFO  server.RaftServer$Division (RaftServerImpl.java:setConfigurationAsync(1341)) - s7@group-4CD87B055E3A: receive setConfiguration SetConfigurationRequest:client-8FB543527D95->s7@group-4CD87B055E3A, cid=1984, seq=null, RW, null, SET_UNCONDITIONALLY, servers:[s7, s8, s9, s0, s1], listeners:[]
2024-10-31 03:26:15,564 INFO  server.RaftServer$Division (RaftServerImpl.java:setConfigurationAsync(1341)) - s9@group-4CD87B055E3A: receive setConfiguration SetConfigurationRequest:client-8FB543527D95->s9@group-4CD87B055E3A, cid=1984, seq=null, RW, null, SET_UNCONDITIONALLY, servers:[s7, s8, s9, s0, s1], listeners:[]
2024-10-31 03:26:15,664 INFO  server.RaftServer$Division (RaftServerImpl.java:setConfigurationAsync(1341)) - s7@group-4CD87B055E3A: receive setConfiguration SetConfigurationRequest:client-8FB543527D95->s7@group-4CD87B055E3A, cid=1984, seq=null, RW, null, SET_UNCONDITIONALLY, servers:[s7, s8, s9, s0, s1], listeners:[]
2024-10-31 03:26:15,765 INFO  server.RaftServer$Division (RaftServerImpl.java:setConfigurationAsync(1341)) - s8@group-4CD87B055E3A: receive setConfiguration SetConfigurationRequest:client-8FB543527D95->s8@group-4CD87B055E3A, cid=1984, seq=null, RW, null, SET_UNCONDITIONALLY, servers:[s7, s8, s9, s0, s1], listeners:[]
2024-10-31 03:26:15,865 INFO  server.RaftServer$Division (RaftServerImpl.java:setConfigurationAsync(1341)) - s7@group-4CD87B055E3A: receive setConfiguration SetConfigurationRequest:client-8FB543527D95->s7@group-4CD87B055E3A, cid=1984, seq=null, RW, null, SET_UNCONDITIONALLY, servers:[s7, s8, s9, s0, s1], listeners:[]
2024-10-31 03:26:15,965 INFO  server.RaftServer$Division (RaftServerImpl.java:setConfigurationAsync(1341)) - s8@group-4CD87B055E3A: receive setConfiguration SetConfigurationRequest:client-8FB543527D95->s8@group-4CD87B055E3A, cid=1984, seq=null, RW, null, SET_UNCONDITIONALLY, servers:[s7, s8, s9, s0, s1], listeners:[]
2024-10-31 03:26:15,993 INFO  impl.MiniRaftCluster (MiniRaftCluster.java:lambda$null$7(362)) - TIMED-PRINT: printing ALL groups
  s3:  RUNNING [
   FOLLOWER s3@group-4EB49E3E6D70:t0, leader=null, voted=, raftlog=Memoized:s3@group-4EB49E3E6D70-SegmentedRaftLog:OPENED:c-1:lastnull, conf=conf: {index: -1, cur=peers:[]|listeners:[], old=null} STARTING
   FOLLOWER s3@group-4CD87B055E3A:t0, leader=null, voted=, raftlog=Memoized:s3@group-4CD87B055E3A-SegmentedRaftLog:OPENED:c-1:lastnull, conf=conf: {index: -1, cur=peers:[]|listeners:[], old=null} STARTING] size=2
  s4:  RUNNING [
   FOLLOWER s4@group-4EB49E3E6D70:t0, leader=null, voted=, raftlog=Memoized:s4@group-4EB49E3E6D70-SegmentedRaftLog:OPENED:c-1:lastnull, conf=conf: {index: -1, cur=peers:[]|listeners:[], old=null} STARTING
   FOLLOWER s4@group-4CD87B055E3A:t0, leader=null, voted=, raftlog=Memoized:s4@group-4CD87B055E3A-SegmentedRaftLog:OPENED:c-1:lastnull, conf=conf: {index: -1, cur=peers:[]|listeners:[], old=null} STARTING] size=2
  s5:  RUNNING [
   FOLLOWER s5@group-4EB49E3E6D70:t0, leader=null, voted=, raftlog=Memoized:s5@group-4EB49E3E6D70-SegmentedRaftLog:OPENED:c-1:lastnull, conf=conf: {index: -1, cur=peers:[]|listeners:[], old=null} STARTING
   FOLLOWER s5@group-4CD87B055E3A:t0, leader=null, voted=, raftlog=Memoized:s5@group-4CD87B055E3A-SegmentedRaftLog:OPENED:c-1:lastnull, conf=conf: {index: -1, cur=peers:[]|listeners:[], old=null} STARTING] size=2
  s6:  RUNNING [
   FOLLOWER s6@group-4EB49E3E6D70:t0, leader=null, voted=, raftlog=Memoized:s6@group-4EB49E3E6D70-SegmentedRaftLog:OPENED:c-1:lastnull, conf=conf: {index: -1, cur=peers:[]|listeners:[], old=null} STARTING
   FOLLOWER s6@group-4CD87B055E3A:t0, leader=null, voted=, raftlog=Memoized:s6@group-4CD87B055E3A-SegmentedRaftLog:OPENED:c-1:lastnull, conf=conf: {index: -1, cur=peers:[]|listeners:[], old=null} STARTING] size=2
  s7:  RUNNING [
   FOLLOWER s7@group-4EB49E3E6D70:t0, leader=null, voted=, raftlog=Memoized:s7@group-4EB49E3E6D70-SegmentedRaftLog:OPENED:c-1:lastnull, conf=conf: {index: -1, cur=peers:[]|listeners:[], old=null} STARTING
     LEADER s7@group-4CD87B055E3A:t1, leader=s7, voted=s7, raftlog=Memoized:s7@group-4CD87B055E3A-SegmentedRaftLog:OPENED:c120:last(t:1, i:120), conf=conf: {index: 0, cur=peers:[s7, s8, s9]|listeners:[], old=null} RUNNING] size=2
  s8:  RUNNING [
   FOLLOWER s8@group-4EB49E3E6D70:t0, leader=null, voted=, raftlog=Memoized:s8@group-4EB49E3E6D70-SegmentedRaftLog:OPENED:c-1:lastnull, conf=conf: {index: -1, cur=peers:[]|listeners:[], old=null} STARTING
   FOLLOWER s8@group-4CD87B055E3A:t1, leader=s7, voted=s7, raftlog=Memoized:s8@group-4CD87B055E3A-SegmentedRaftLog:OPENED:c120:last(t:1, i:120), conf=conf: {index: 0, cur=peers:[s7|, s8|, s9|]|listeners:[], old=null} RUNNING] size=2
  s9:  RUNNING [
   FOLLOWER s9@group-4EB49E3E6D70:t0, leader=null, voted=, raftlog=Memoized:s9@group-4EB49E3E6D70-SegmentedRaftLog:OPENED:c-1:lastnull, conf=conf: {index: -1, cur=peers:[]|listeners:[], old=null} STARTING
   FOLLOWER s9@group-4CD87B055E3A:t1, leader=s7, voted=s7, raftlog=Memoized:s9@group-4CD87B055E3A-SegmentedRaftLog:OPENED:c120:last(t:1, i:120), conf=conf: {index: 0, cur=peers:[s7|, s8|, s9|]|listeners:[], old=null} RUNNING] size=2
  s11:  RUNNING [
   FOLLOWER s11@group-4EB49E3E6D70:t0, leader=null, voted=, raftlog=Memoized:s11@group-4EB49E3E6D70-SegmentedRaftLog:OPENED:c-1:lastnull, conf=conf: {index: -1, cur=peers:[]|listeners:[], old=null} STARTING
   FOLLOWER s11@group-4CD87B055E3A:t0, leader=null, voted=, raftlog=Memoized:s11@group-4CD87B055E3A-SegmentedRaftLog:OPENED:c-1:lastnull, conf=conf: {index: -1, cur=peers:[]|listeners:[], old=null} STARTING] size=2
  s10:  RUNNING [
   FOLLOWER s10@group-4EB49E3E6D70:t0, leader=null, voted=, raftlog=Memoized:s10@group-4EB49E3E6D70-SegmentedRaftLog:OPENED:c-1:lastnull, conf=conf: {index: -1, cur=peers:[]|listeners:[], old=null} STARTING
   FOLLOWER s10@group-4CD87B055E3A:t0, leader=null, voted=, raftlog=Memoized:s10@group-4CD87B055E3A-SegmentedRaftLog:OPENED:c-1:lastnull, conf=conf: {index: -1, cur=peers:[]|listeners:[], old=null} STARTING] size=2
  s13:  RUNNING [
   FOLLOWER s13@group-4EB49E3E6D70:t0, leader=null, voted=, raftlog=Memoized:s13@group-4EB49E3E6D70-SegmentedRaftLog:OPENED:c-1:lastnull, conf=conf: {index: -1, cur=peers:[]|listeners:[], old=null} STARTING
   FOLLOWER s13@group-4CD87B055E3A:t0, leader=null, voted=, raftlog=Memoized:s13@group-4CD87B055E3A-SegmentedRaftLog:OPENED:c-1:lastnull, conf=conf: {index: -1, cur=peers:[]|listeners:[], old=null} STARTING] size=2
  s12:  RUNNING [
   FOLLOWER s12@group-4EB49E3E6D70:t0, leader=null, voted=, raftlog=Memoized:s12@group-4EB49E3E6D70-SegmentedRaftLog:OPENED:c-1:lastnull, conf=conf: {index: -1, cur=peers:[]|listeners:[], old=null} STARTING
   FOLLOWER s12@group-4CD87B055E3A:t0, leader=null, voted=, raftlog=Memoized:s12@group-4CD87B055E3A-SegmentedRaftLog:OPENED:c-1:lastnull, conf=conf: {index: -1, cur=peers:[]|listeners:[], old=null} STARTING] size=2
  s14:  RUNNING [
   FOLLOWER s14@group-4EB49E3E6D70:t0, leader=null, voted=, raftlog=Memoized:s14@group-4EB49E3E6D70-SegmentedRaftLog:OPENED:c-1:lastnull, conf=conf: {index: -1, cur=peers:[]|listeners:[], old=null} STARTING
   FOLLOWER s14@group-4CD87B055E3A:t0, leader=null, voted=, raftlog=Memoized:s14@group-4CD87B055E3A-SegmentedRaftLog:OPENED:c-1:lastnull, conf=conf: {index: -1, cur=peers:[]|listeners:[], old=null} STARTING] size=2
  s0:  RUNNING [
   FOLLOWER s0@group-4EB49E3E6D70:t0, leader=null, voted=, raftlog=Memoized:s0@group-4EB49E3E6D70-SegmentedRaftLog:OPENED:c-1:lastnull, conf=conf: {index: -1, cur=peers:[]|listeners:[], old=null} STARTING
   FOLLOWER s0@group-4CD87B055E3A:t1, leader=s7, voted=null, raftlog=Memoized:s0@group-4CD87B055E3A-SegmentedRaftLog:OPENED:c120:last(t:1, i:120), conf=conf: {index: 0, cur=peers:[s7|, s8|, s9|]|listeners:[], old=null} STARTING] size=2
  s1:  RUNNING [
   FOLLOWER s1@group-4EB49E3E6D70:t0, leader=null, voted=, raftlog=Memoized:s1@group-4EB49E3E6D70-SegmentedRaftLog:OPENED:c-1:lastnull, conf=conf: {index: -1, cur=peers:[]|listeners:[], old=null} STARTING
   FOLLOWER s1@group-4CD87B055E3A:t1, leader=s7, voted=null, raftlog=Memoized:s1@group-4CD87B055E3A-SegmentedRaftLog:OPENED:c120:last(t:1, i:120), conf=conf: {index: 0, cur=peers:[s7|, s8|, s9|]|listeners:[], old=null} STARTING] size=2
  s2:  RUNNING [
   FOLLOWER s2@group-4EB49E3E6D70:t0, leader=null, voted=, raftlog=Memoized:s2@group-4EB49E3E6D70-SegmentedRaftLog:OPENED:c-1:lastnull, conf=conf: {index: -1, cur=peers:[]|listeners:[], old=null} STARTING
   FOLLOWER s2@group-4CD87B055E3A:t0, leader=null, voted=, raftlog=Memoized:s2@group-4CD87B055E3A-SegmentedRaftLog:OPENED:c-1:lastnull, conf=conf: {index: -1, cur=peers:[]|listeners:[], old=null} STARTING] size=2
2024-10-31 03:26:16,066 INFO  server.RaftServer$Division (RaftServerImpl.java:setConfigurationAsync(1341)) - s7@group-4CD87B055E3A: receive setConfiguration SetConfigurationRequest:client-8FB543527D95->s7@group-4CD87B055E3A, cid=1984, seq=null, RW, null, SET_UNCONDITIONALLY, servers:[s7, s8, s9, s0, s1], listeners:[]
2024-10-31 03:26:16,166 INFO  server.RaftServer$Division (RaftServerImpl.java:setConfigurationAsync(1341)) - s8@group-4CD87B055E3A: receive setConfiguration SetConfigurationRequest:client-8FB543527D95->s8@group-4CD87B055E3A, cid=1984, seq=null, RW, null, SET_UNCONDITIONALLY, servers:[s7, s8, s9, s0, s1], listeners:[]
2024-10-31 03:26:16,267 INFO  server.RaftServer$Division (RaftServerImpl.java:setConfigurationAsync(1341)) - s7@group-4CD87B055E3A: receive setConfiguration SetConfigurationRequest:client-8FB543527D95->s7@group-4CD87B055E3A, cid=1984, seq=null, RW, null, SET_UNCONDITIONALLY, servers:[s7, s8, s9, s0, s1], listeners:[]
2024-10-31 03:26:16,367 INFO  server.RaftServer$Division (RaftServerImpl.java:setConfigurationAsync(1341)) - s9@group-4CD87B055E3A: receive setConfiguration SetConfigurationRequest:client-8FB543527D95->s9@group-4CD87B055E3A, cid=1984, seq=null, RW, null, SET_UNCONDITIONALLY, servers:[s7, s8, s9, s0, s1], listeners:[]
2024-10-31 03:26:16,467 INFO  server.RaftServer$Division (RaftServerImpl.java:setConfigurationAsync(1341)) - s7@group-4CD87B055E3A: receive setConfiguration SetConfigurationRequest:client-8FB543527D95->s7@group-4CD87B055E3A, cid=1984, seq=null, RW, null, SET_UNCONDITIONALLY, servers:[s7, s8, s9, s0, s1], listeners:[]
2024-10-31 03:26:16,568 INFO  server.RaftServer$Division (RaftServerImpl.java:setConfigurationAsync(1341)) - s8@group-4CD87B055E3A: receive setConfiguration SetConfigurationRequest:client-8FB543527D95->s8@group-4CD87B055E3A, cid=1984, seq=null, RW, null, SET_UNCONDITIONALLY, servers:[s7, s8, s9, s0, s1], listeners:[]
2024-10-31 03:26:16,668 INFO  server.RaftServer$Division (RaftServerImpl.java:setConfigurationAsync(1341)) - s7@group-4CD87B055E3A: receive setConfiguration SetConfigurationRequest:client-8FB543527D95->s7@group-4CD87B055E3A, cid=1984, seq=null, RW, null, SET_UNCONDITIONALLY, servers:[s7, s8, s9, s0, s1], listeners:[]
2024-10-31 03:26:16,768 INFO  server.RaftServer$Division (RaftServerImpl.java:setConfigurationAsync(1341)) - s9@group-4CD87B055E3A: receive setConfiguration SetConfigurationRequest:client-8FB543527D95->s9@group-4CD87B055E3A, cid=1984, seq=null, RW, null, SET_UNCONDITIONALLY, servers:[s7, s8, s9, s0, s1], listeners:[]
2024-10-31 03:26:16,869 INFO  server.RaftServer$Division (RaftServerImpl.java:setConfigurationAsync(1341)) - s7@group-4CD87B055E3A: receive setConfiguration SetConfigurationRequest:client-8FB543527D95->s7@group-4CD87B055E3A, cid=1984, seq=null, RW, null, SET_UNCONDITIONALLY, servers:[s7, s8, s9, s0, s1], listeners:[]
2024-10-31 03:26:16,969 INFO  server.RaftServer$Division (RaftServerImpl.java:setConfigurationAsync(1341)) - s9@group-4CD87B055E3A: receive setConfiguration SetConfigurationRequest:client-8FB543527D95->s9@group-4CD87B055E3A, cid=1984, seq=null, RW, null, SET_UNCONDITIONALLY, servers:[s7, s8, s9, s0, s1], listeners:[]
2024-10-31 03:26:17,070 INFO  server.RaftServer$Division (RaftServerImpl.java:setConfigurationAsync(1341)) - s7@group-4CD87B055E3A: receive setConfiguration SetConfigurationRequest:client-8FB543527D95->s7@group-4CD87B055E3A, cid=1984, seq=null, RW, null, SET_UNCONDITIONALLY, servers:[s7, s8, s9, s0, s1], listeners:[]
2024-10-31 03:26:17,170 INFO  server.RaftServer$Division (RaftServerImpl.java:setConfigurationAsync(1341)) - s8@group-4CD87B055E3A: receive setConfiguration SetConfigurationRequest:client-8FB543527D95->s8@group-4CD87B055E3A, cid=1984, seq=null, RW, null, SET_UNCONDITIONALLY, servers:[s7, s8, s9, s0, s1], listeners:[]
2024-10-31 03:26:17,270 INFO  server.RaftServer$Division (RaftServerImpl.java:setConfigurationAsync(1341)) - s7@group-4CD87B055E3A: receive setConfiguration SetConfigurationRequest:client-8FB543527D95->s7@group-4CD87B055E3A, cid=1984, seq=null, RW, null, SET_UNCONDITIONALLY, servers:[s7, s8, s9, s0, s1], listeners:[]
2024-10-31 03:26:17,371 INFO  server.RaftServer$Division (RaftServerImpl.java:setConfigurationAsync(1341)) - s9@group-4CD87B055E3A: receive setConfiguration SetConfigurationRequest:client-8FB543527D95->s9@group-4CD87B055E3A, cid=1984, seq=null, RW, null, SET_UNCONDITIONALLY, servers:[s7, s8, s9, s0, s1], listeners:[]
2024-10-31 03:26:17,471 INFO  server.RaftServer$Division (RaftServerImpl.java:setConfigurationAsync(1341)) - s7@group-4CD87B055E3A: receive setConfiguration SetConfigurationRequest:client-8FB543527D95->s7@group-4CD87B055E3A, cid=1984, seq=null, RW, null, SET_UNCONDITIONALLY, servers:[s7, s8, s9, s0, s1], listeners:[]
2024-10-31 03:26:17,571 INFO  server.RaftServer$Division (RaftServerImpl.java:setConfigurationAsync(1341)) - s9@group-4CD87B055E3A: receive setConfiguration SetConfigurationRequest:client-8FB543527D95->s9@group-4CD87B055E3A, cid=1984, seq=null, RW, null, SET_UNCONDITIONALLY, servers:[s7, s8, s9, s0, s1], listeners:[]
2024-10-31 03:26:17,671 INFO  server.RaftServer$Division (RaftServerImpl.java:setConfigurationAsync(1341)) - s7@group-4CD87B055E3A: receive setConfiguration SetConfigurationRequest:client-8FB543527D95->s7@group-4CD87B055E3A, cid=1984, seq=null, RW, null, SET_UNCONDITIONALLY, servers:[s7, s8, s9, s0, s1], listeners:[]
2024-10-31 03:26:17,772 INFO  server.RaftServer$Division (RaftServerImpl.java:setConfigurationAsync(1341)) - s8@group-4CD87B055E3A: receive setConfiguration SetConfigurationRequest:client-8FB543527D95->s8@group-4CD87B055E3A, cid=1984, seq=null, RW, null, SET_UNCONDITIONALLY, servers:[s7, s8, s9, s0, s1], listeners:[]
2024-10-31 03:26:17,872 INFO  server.RaftServer$Division (RaftServerImpl.java:setConfigurationAsync(1341)) - s7@group-4CD87B055E3A: receive setConfiguration SetConfigurationRequest:client-8FB543527D95->s7@group-4CD87B055E3A, cid=1984, seq=null, RW, null, SET_UNCONDITIONALLY, servers:[s7, s8, s9, s0, s1], listeners:[]
2024-10-31 03:26:17,972 INFO  server.RaftServer$Division (RaftServerImpl.java:setConfigurationAsync(1341)) - s8@group-4CD87B055E3A: receive setConfiguration SetConfigurationRequest:client-8FB543527D95->s8@group-4CD87B055E3A, cid=1984, seq=null, RW, null, SET_UNCONDITIONALLY, servers:[s7, s8, s9, s0, s1], listeners:[]
2024-10-31 03:26:18,073 INFO  server.RaftServer$Division (RaftServerImpl.java:setConfigurationAsync(1341)) - s7@group-4CD87B055E3A: receive setConfiguration SetConfigurationRequest:client-8FB543527D95->s7@group-4CD87B055E3A, cid=1984, seq=null, RW, null, SET_UNCONDITIONALLY, servers:[s7, s8, s9, s0, s1], listeners:[]
2024-10-31 03:26:18,173 INFO  server.RaftServer$Division (RaftServerImpl.java:setConfigurationAsync(1341)) - s8@group-4CD87B055E3A: receive setConfiguration SetConfigurationRequest:client-8FB543527D95->s8@group-4CD87B055E3A, cid=1984, seq=null, RW, null, SET_UNCONDITIONALLY, servers:[s7, s8, s9, s0, s1], listeners:[]
2024-10-31 03:26:18,274 INFO  server.RaftServer$Division (RaftServerImpl.java:setConfigurationAsync(1341)) - s7@group-4CD87B055E3A: receive setConfiguration SetConfigurationRequest:client-8FB543527D95->s7@group-4CD87B055E3A, cid=1984, seq=null, RW, null, SET_UNCONDITIONALLY, servers:[s7, s8, s9, s0, s1], listeners:[]
2024-10-31 03:26:18,374 INFO  server.RaftServer$Division (RaftServerImpl.java:setConfigurationAsync(1341)) - s8@group-4CD87B055E3A: receive setConfiguration SetConfigurationRequest:client-8FB543527D95->s8@group-4CD87B055E3A, cid=1984, seq=null, RW, null, SET_UNCONDITIONALLY, servers:[s7, s8, s9, s0, s1], listeners:[]
2024-10-31 03:26:18,474 INFO  server.RaftServer$Division (RaftServerImpl.java:setConfigurationAsync(1341)) - s7@group-4CD87B055E3A: receive setConfiguration SetConfigurationRequest:client-8FB543527D95->s7@group-4CD87B055E3A, cid=1984, seq=null, RW, null, SET_UNCONDITIONALLY, servers:[s7, s8, s9, s0, s1], listeners:[]
2024-10-31 03:26:18,575 INFO  server.RaftServer$Division (RaftServerImpl.java:setConfigurationAsync(1341)) - s8@group-4CD87B055E3A: receive setConfiguration SetConfigurationRequest:client-8FB543527D95->s8@group-4CD87B055E3A, cid=1984, seq=null, RW, null, SET_UNCONDITIONALLY, servers:[s7, s8, s9, s0, s1], listeners:[]
2024-10-31 03:26:18,675 INFO  server.RaftServer$Division (RaftServerImpl.java:setConfigurationAsync(1341)) - s7@group-4CD87B055E3A: receive setConfiguration SetConfigurationRequest:client-8FB543527D95->s7@group-4CD87B055E3A, cid=1984, seq=null, RW, null, SET_UNCONDITIONALLY, servers:[s7, s8, s9, s0, s1], listeners:[]
2024-10-31 03:26:18,775 INFO  server.RaftServer$Division (RaftServerImpl.java:setConfigurationAsync(1341)) - s9@group-4CD87B055E3A: receive setConfiguration SetConfigurationRequest:client-8FB543527D95->s9@group-4CD87B055E3A, cid=1984, seq=null, RW, null, SET_UNCONDITIONALLY, servers:[s7, s8, s9, s0, s1], listeners:[]
2024-10-31 03:26:18,876 INFO  server.RaftServer$Division (RaftServerImpl.java:setConfigurationAsync(1341)) - s7@group-4CD87B055E3A: receive setConfiguration SetConfigurationRequest:client-8FB543527D95->s7@group-4CD87B055E3A, cid=1984, seq=null, RW, null, SET_UNCONDITIONALLY, servers:[s7, s8, s9, s0, s1], listeners:[]
2024-10-31 03:26:18,976 INFO  server.RaftServer$Division (RaftServerImpl.java:setConfigurationAsync(1341)) - s8@group-4CD87B055E3A: receive setConfiguration SetConfigurationRequest:client-8FB543527D95->s8@group-4CD87B055E3A, cid=1984, seq=null, RW, null, SET_UNCONDITIONALLY, servers:[s7, s8, s9, s0, s1], listeners:[]
2024-10-31 03:26:19,077 INFO  server.RaftServer$Division (RaftServerImpl.java:setConfigurationAsync(1341)) - s7@group-4CD87B055E3A: receive setConfiguration SetConfigurationRequest:client-8FB543527D95->s7@group-4CD87B055E3A, cid=1984, seq=null, RW, null, SET_UNCONDITIONALLY, servers:[s7, s8, s9, s0, s1], listeners:[]
2024-10-31 03:26:19,177 INFO  server.RaftServer$Division (RaftServerImpl.java:setConfigurationAsync(1341)) - s8@group-4CD87B055E3A: receive setConfiguration SetConfigurationRequest:client-8FB543527D95->s8@group-4CD87B055E3A, cid=1984, seq=null, RW, null, SET_UNCONDITIONALLY, servers:[s7, s8, s9, s0, s1], listeners:[]
2024-10-31 03:26:19,277 INFO  server.RaftServer$Division (RaftServerImpl.java:setConfigurationAsync(1341)) - s7@group-4CD87B055E3A: receive setConfiguration SetConfigurationRequest:client-8FB543527D95->s7@group-4CD87B055E3A, cid=1984, seq=null, RW, null, SET_UNCONDITIONALLY, servers:[s7, s8, s9, s0, s1], listeners:[]
2024-10-31 03:26:19,378 INFO  server.RaftServer$Division (RaftServerImpl.java:setConfigurationAsync(1341)) - s9@group-4CD87B055E3A: receive setConfiguration SetConfigurationRequest:client-8FB543527D95->s9@group-4CD87B055E3A, cid=1984, seq=null, RW, null, SET_UNCONDITIONALLY, servers:[s7, s8, s9, s0, s1], listeners:[]
2024-10-31 03:26:19,478 INFO  server.RaftServer$Division (RaftServerImpl.java:setConfigurationAsync(1341)) - s7@group-4CD87B055E3A: receive setConfiguration SetConfigurationRequest:client-8FB543527D95->s7@group-4CD87B055E3A, cid=1984, seq=null, RW, null, SET_UNCONDITIONALLY, servers:[s7, s8, s9, s0, s1], listeners:[]
2024-10-31 03:26:19,578 INFO  server.RaftServer$Division (RaftServerImpl.java:setConfigurationAsync(1341)) - s8@group-4CD87B055E3A: receive setConfiguration SetConfigurationRequest:client-8FB543527D95->s8@group-4CD87B055E3A, cid=1984, seq=null, RW, null, SET_UNCONDITIONALLY, servers:[s7, s8, s9, s0, s1], listeners:[]
2024-10-31 03:26:19,679 INFO  server.RaftServer$Division (RaftServerImpl.java:setConfigurationAsync(1341)) - s7@group-4CD87B055E3A: receive setConfiguration SetConfigurationRequest:client-8FB543527D95->s7@group-4CD87B055E3A, cid=1984, seq=null, RW, null, SET_UNCONDITIONALLY, servers:[s7, s8, s9, s0, s1], listeners:[]
2024-10-31 03:26:19,779 INFO  server.RaftServer$Division (RaftServerImpl.java:setConfigurationAsync(1341)) - s8@group-4CD87B055E3A: receive setConfiguration SetConfigurationRequest:client-8FB543527D95->s8@group-4CD87B055E3A, cid=1984, seq=null, RW, null, SET_UNCONDITIONALLY, servers:[s7, s8, s9, s0, s1], listeners:[]
2024-10-31 03:26:19,879 INFO  server.RaftServer$Division (RaftServerImpl.java:setConfigurationAsync(1341)) - s7@group-4CD87B055E3A: receive setConfiguration SetConfigurationRequest:client-8FB543527D95->s7@group-4CD87B055E3A, cid=1984, seq=null, RW, null, SET_UNCONDITIONALLY, servers:[s7, s8, s9, s0, s1], listeners:[]
2024-10-31 03:26:19,980 INFO  server.RaftServer$Division (RaftServerImpl.java:setConfigurationAsync(1341)) - s9@group-4CD87B055E3A: receive setConfiguration SetConfigurationRequest:client-8FB543527D95->s9@group-4CD87B055E3A, cid=1984, seq=null, RW, null, SET_UNCONDITIONALLY, servers:[s7, s8, s9, s0, s1], listeners:[]
2024-10-31 03:26:20,080 INFO  server.RaftServer$Division (RaftServerImpl.java:setConfigurationAsync(1341)) - s7@group-4CD87B055E3A: receive setConfiguration SetConfigurationRequest:client-8FB543527D95->s7@group-4CD87B055E3A, cid=1984, seq=null, RW, null, SET_UNCONDITIONALLY, servers:[s7, s8, s9, s0, s1], listeners:[]
2024-10-31 03:26:20,180 INFO  server.RaftServer$Division (RaftServerImpl.java:setConfigurationAsync(1341)) - s9@group-4CD87B055E3A: receive setConfiguration SetConfigurationRequest:client-8FB543527D95->s9@group-4CD87B055E3A, cid=1984, seq=null, RW, null, SET_UNCONDITIONALLY, servers:[s7, s8, s9, s0, s1], listeners:[]
2024-10-31 03:26:20,281 INFO  server.RaftServer$Division (RaftServerImpl.java:setConfigurationAsync(1341)) - s7@group-4CD87B055E3A: receive setConfiguration SetConfigurationRequest:client-8FB543527D95->s7@group-4CD87B055E3A, cid=1984, seq=null, RW, null, SET_UNCONDITIONALLY, servers:[s7, s8, s9, s0, s1], listeners:[]
2024-10-31 03:26:20,381 INFO  server.RaftServer$Division (RaftServerImpl.java:setConfigurationAsync(1341)) - s9@group-4CD87B055E3A: receive setConfiguration SetConfigurationRequest:client-8FB543527D95->s9@group-4CD87B055E3A, cid=1984, seq=null, RW, null, SET_UNCONDITIONALLY, servers:[s7, s8, s9, s0, s1], listeners:[]
2024-10-31 03:26:20,482 INFO  server.RaftServer$Division (RaftServerImpl.java:setConfigurationAsync(1341)) - s7@group-4CD87B055E3A: receive setConfiguration SetConfigurationRequest:client-8FB543527D95->s7@group-4CD87B055E3A, cid=1984, seq=null, RW, null, SET_UNCONDITIONALLY, servers:[s7, s8, s9, s0, s1], listeners:[]
2024-10-31 03:26:20,582 INFO  server.RaftServer$Division (RaftServerImpl.java:setConfigurationAsync(1341)) - s9@group-4CD87B055E3A: receive setConfiguration SetConfigurationRequest:client-8FB543527D95->s9@group-4CD87B055E3A, cid=1984, seq=null, RW, null, SET_UNCONDITIONALLY, servers:[s7, s8, s9, s0, s1], listeners:[]
2024-10-31 03:26:20,682 INFO  server.RaftServer$Division (RaftServerImpl.java:setConfigurationAsync(1341)) - s7@group-4CD87B055E3A: receive setConfiguration SetConfigurationRequest:client-8FB543527D95->s7@group-4CD87B055E3A, cid=1984, seq=null, RW, null, SET_UNCONDITIONALLY, servers:[s7, s8, s9, s0, s1], listeners:[]
2024-10-31 03:26:20,783 INFO  server.RaftServer$Division (RaftServerImpl.java:setConfigurationAsync(1341)) - s8@group-4CD87B055E3A: receive setConfiguration SetConfigurationRequest:client-8FB543527D95->s8@group-4CD87B055E3A, cid=1984, seq=null, RW, null, SET_UNCONDITIONALLY, servers:[s7, s8, s9, s0, s1], listeners:[]
2024-10-31 03:26:20,883 INFO  server.RaftServer$Division (RaftServerImpl.java:setConfigurationAsync(1341)) - s7@group-4CD87B055E3A: receive setConfiguration SetConfigurationRequest:client-8FB543527D95->s7@group-4CD87B055E3A, cid=1984, seq=null, RW, null, SET_UNCONDITIONALLY, servers:[s7, s8, s9, s0, s1], listeners:[]
2024-10-31 03:26:20,983 INFO  server.RaftServer$Division (RaftServerImpl.java:setConfigurationAsync(1341)) - s9@group-4CD87B055E3A: receive setConfiguration SetConfigurationRequest:client-8FB543527D95->s9@group-4CD87B055E3A, cid=1984, seq=null, RW, null, SET_UNCONDITIONALLY, servers:[s7, s8, s9, s0, s1], listeners:[]
2024-10-31 03:26:21,084 INFO  server.RaftServer$Division (RaftServerImpl.java:setConfigurationAsync(1341)) - s7@group-4CD87B055E3A: receive setConfiguration SetConfigurationRequest:client-8FB543527D95->s7@group-4CD87B055E3A, cid=1984, seq=null, RW, null, SET_UNCONDITIONALLY, servers:[s7, s8, s9, s0, s1], listeners:[]
2024-10-31 03:26:21,184 INFO  server.RaftServer$Division (RaftServerImpl.java:setConfigurationAsync(1341)) - s9@group-4CD87B055E3A: receive setConfiguration SetConfigurationRequest:client-8FB543527D95->s9@group-4CD87B055E3A, cid=1984, seq=null, RW, null, SET_UNCONDITIONALLY, servers:[s7, s8, s9, s0, s1], listeners:[]
2024-10-31 03:26:21,284 INFO  server.RaftServer$Division (RaftServerImpl.java:setConfigurationAsync(1341)) - s7@group-4CD87B055E3A: receive setConfiguration SetConfigurationRequest:client-8FB543527D95->s7@group-4CD87B055E3A, cid=1984, seq=null, RW, null, SET_UNCONDITIONALLY, servers:[s7, s8, s9, s0, s1], listeners:[]
2024-10-31 03:26:21,385 INFO  server.RaftServer$Division (RaftServerImpl.java:setConfigurationAsync(1341)) - s8@group-4CD87B055E3A: receive setConfiguration SetConfigurationRequest:client-8FB543527D95->s8@group-4CD87B055E3A, cid=1984, seq=null, RW, null, SET_UNCONDITIONALLY, servers:[s7, s8, s9, s0, s1], listeners:[]
2024-10-31 03:26:21,485 INFO  server.RaftServer$Division (RaftServerImpl.java:setConfigurationAsync(1341)) - s7@group-4CD87B055E3A: receive setConfiguration SetConfigurationRequest:client-8FB543527D95->s7@group-4CD87B055E3A, cid=1984, seq=null, RW, null, SET_UNCONDITIONALLY, servers:[s7, s8, s9, s0, s1], listeners:[]
2024-10-31 03:26:21,586 INFO  server.RaftServer$Division (RaftServerImpl.java:setConfigurationAsync(1341)) - s9@group-4CD87B055E3A: receive setConfiguration SetConfigurationRequest:client-8FB543527D95->s9@group-4CD87B055E3A, cid=1984, seq=null, RW, null, SET_UNCONDITIONALLY, servers:[s7, s8, s9, s0, s1], listeners:[]
2024-10-31 03:26:21,686 INFO  server.RaftServer$Division (RaftServerImpl.java:setConfigurationAsync(1341)) - s7@group-4CD87B055E3A: receive setConfiguration SetConfigurationRequest:client-8FB543527D95->s7@group-4CD87B055E3A, cid=1984, seq=null, RW, null, SET_UNCONDITIONALLY, servers:[s7, s8, s9, s0, s1], listeners:[]
2024-10-31 03:26:21,786 INFO  server.RaftServer$Division (RaftServerImpl.java:setConfigurationAsync(1341)) - s8@group-4CD87B055E3A: receive setConfiguration SetConfigurationRequest:client-8FB543527D95->s8@group-4CD87B055E3A, cid=1984, seq=null, RW, null, SET_UNCONDITIONALLY, servers:[s7, s8, s9, s0, s1], listeners:[]
2024-10-31 03:26:21,887 INFO  server.RaftServer$Division (RaftServerImpl.java:setConfigurationAsync(1341)) - s7@group-4CD87B055E3A: receive setConfiguration SetConfigurationRequest:client-8FB543527D95->s7@group-4CD87B055E3A, cid=1984, seq=null, RW, null, SET_UNCONDITIONALLY, servers:[s7, s8, s9, s0, s1], listeners:[]
2024-10-31 03:26:21,987 INFO  server.RaftServer$Division (RaftServerImpl.java:setConfigurationAsync(1341)) - s9@group-4CD87B055E3A: receive setConfiguration SetConfigurationRequest:client-8FB543527D95->s9@group-4CD87B055E3A, cid=1984, seq=null, RW, null, SET_UNCONDITIONALLY, servers:[s7, s8, s9, s0, s1], listeners:[]
2024-10-31 03:26:22,087 INFO  server.RaftServer$Division (RaftServerImpl.java:setConfigurationAsync(1341)) - s7@group-4CD87B055E3A: receive setConfiguration SetConfigurationRequest:client-8FB543527D95->s7@group-4CD87B055E3A, cid=1984, seq=null, RW, null, SET_UNCONDITIONALLY, servers:[s7, s8, s9, s0, s1], listeners:[]
2024-10-31 03:26:22,188 INFO  server.RaftServer$Division (RaftServerImpl.java:setConfigurationAsync(1341)) - s8@group-4CD87B055E3A: receive setConfiguration SetConfigurationRequest:client-8FB543527D95->s8@group-4CD87B055E3A, cid=1984, seq=null, RW, null, SET_UNCONDITIONALLY, servers:[s7, s8, s9, s0, s1], listeners:[]
2024-10-31 03:26:22,288 INFO  server.RaftServer$Division (RaftServerImpl.java:setConfigurationAsync(1341)) - s7@group-4CD87B055E3A: receive setConfiguration SetConfigurationRequest:client-8FB543527D95->s7@group-4CD87B055E3A, cid=1984, seq=null, RW, null, SET_UNCONDITIONALLY, servers:[s7, s8, s9, s0, s1], listeners:[]
2024-10-31 03:26:22,389 INFO  server.RaftServer$Division (RaftServerImpl.java:setConfigurationAsync(1341)) - s8@group-4CD87B055E3A: receive setConfiguration SetConfigurationRequest:client-8FB543527D95->s8@group-4CD87B055E3A, cid=1984, seq=null, RW, null, SET_UNCONDITIONALLY, servers:[s7, s8, s9, s0, s1], listeners:[]
2024-10-31 03:26:22,489 INFO  server.RaftServer$Division (RaftServerImpl.java:setConfigurationAsync(1341)) - s7@group-4CD87B055E3A: receive setConfiguration SetConfigurationRequest:client-8FB543527D95->s7@group-4CD87B055E3A, cid=1984, seq=null, RW, null, SET_UNCONDITIONALLY, servers:[s7, s8, s9, s0, s1], listeners:[]
2024-10-31 03:26:22,589 INFO  server.RaftServer$Division (RaftServerImpl.java:setConfigurationAsync(1341)) - s9@group-4CD87B055E3A: receive setConfiguration SetConfigurationRequest:client-8FB543527D95->s9@group-4CD87B055E3A, cid=1984, seq=null, RW, null, SET_UNCONDITIONALLY, servers:[s7, s8, s9, s0, s1], listeners:[]
2024-10-31 03:26:22,690 INFO  server.RaftServer$Division (RaftServerImpl.java:setConfigurationAsync(1341)) - s7@group-4CD87B055E3A: receive setConfiguration SetConfigurationRequest:client-8FB543527D95->s7@group-4CD87B055E3A, cid=1984, seq=null, RW, null, SET_UNCONDITIONALLY, servers:[s7, s8, s9, s0, s1], listeners:[]
2024-10-31 03:26:22,790 INFO  server.RaftServer$Division (RaftServerImpl.java:setConfigurationAsync(1341)) - s9@group-4CD87B055E3A: receive setConfiguration SetConfigurationRequest:client-8FB543527D95->s9@group-4CD87B055E3A, cid=1984, seq=null, RW, null, SET_UNCONDITIONALLY, servers:[s7, s8, s9, s0, s1], listeners:[]
2024-10-31 03:26:22,890 INFO  server.RaftServer$Division (RaftServerImpl.java:setConfigurationAsync(1341)) - s7@group-4CD87B055E3A: receive setConfiguration SetConfigurationRequest:client-8FB543527D95->s7@group-4CD87B055E3A, cid=1984, seq=null, RW, null, SET_UNCONDITIONALLY, servers:[s7, s8, s9, s0, s1], listeners:[]
2024-10-31 03:26:22,991 INFO  server.RaftServer$Division (RaftServerImpl.java:setConfigurationAsync(1341)) - s8@group-4CD87B055E3A: receive setConfiguration SetConfigurationRequest:client-8FB543527D95->s8@group-4CD87B055E3A, cid=1984, seq=null, RW, null, SET_UNCONDITIONALLY, servers:[s7, s8, s9, s0, s1], listeners:[]
2024-10-31 03:26:23,091 INFO  server.RaftServer$Division (RaftServerImpl.java:setConfigurationAsync(1341)) - s7@group-4CD87B055E3A: receive setConfiguration SetConfigurationRequest:client-8FB543527D95->s7@group-4CD87B055E3A, cid=1984, seq=null, RW, null, SET_UNCONDITIONALLY, servers:[s7, s8, s9, s0, s1], listeners:[]
2024-10-31 03:26:23,191 INFO  server.RaftServer$Division (RaftServerImpl.java:setConfigurationAsync(1341)) - s8@group-4CD87B055E3A: receive setConfiguration SetConfigurationRequest:client-8FB543527D95->s8@group-4CD87B055E3A, cid=1984, seq=null, RW, null, SET_UNCONDITIONALLY, servers:[s7, s8, s9, s0, s1], listeners:[]
2024-10-31 03:26:23,292 INFO  server.RaftServer$Division (RaftServerImpl.java:setConfigurationAsync(1341)) - s7@group-4CD87B055E3A: receive setConfiguration SetConfigurationRequest:client-8FB543527D95->s7@group-4CD87B055E3A, cid=1984, seq=null, RW, null, SET_UNCONDITIONALLY, servers:[s7, s8, s9, s0, s1], listeners:[]
2024-10-31 03:26:23,392 INFO  server.RaftServer$Division (RaftServerImpl.java:setConfigurationAsync(1341)) - s8@group-4CD87B055E3A: receive setConfiguration SetConfigurationRequest:client-8FB543527D95->s8@group-4CD87B055E3A, cid=1984, seq=null, RW, null, SET_UNCONDITIONALLY, servers:[s7, s8, s9, s0, s1], listeners:[]
2024-10-31 03:26:23,492 INFO  server.RaftServer$Division (RaftServerImpl.java:setConfigurationAsync(1341)) - s7@group-4CD87B055E3A: receive setConfiguration SetConfigurationRequest:client-8FB543527D95->s7@group-4CD87B055E3A, cid=1984, seq=null, RW, null, SET_UNCONDITIONALLY, servers:[s7, s8, s9, s0, s1], listeners:[]
2024-10-31 03:26:23,593 INFO  server.RaftServer$Division (RaftServerImpl.java:setConfigurationAsync(1341)) - s8@group-4CD87B055E3A: receive setConfiguration SetConfigurationRequest:client-8FB543527D95->s8@group-4CD87B055E3A, cid=1984, seq=null, RW, null, SET_UNCONDITIONALLY, servers:[s7, s8, s9, s0, s1], listeners:[]
2024-10-31 03:26:23,693 INFO  server.RaftServer$Division (RaftServerImpl.java:setConfigurationAsync(1341)) - s7@group-4CD87B055E3A: receive setConfiguration SetConfigurationRequest:client-8FB543527D95->s7@group-4CD87B055E3A, cid=1984, seq=null, RW, null, SET_UNCONDITIONALLY, servers:[s7, s8, s9, s0, s1], listeners:[]
2024-10-31 03:26:23,793 INFO  server.RaftServer$Division (RaftServerImpl.java:setConfigurationAsync(1341)) - s8@group-4CD87B055E3A: receive setConfiguration SetConfigurationRequest:client-8FB543527D95->s8@group-4CD87B055E3A, cid=1984, seq=null, RW, null, SET_UNCONDITIONALLY, servers:[s7, s8, s9, s0, s1], listeners:[]
2024-10-31 03:26:23,894 INFO  server.RaftServer$Division (RaftServerImpl.java:setConfigurationAsync(1341)) - s7@group-4CD87B055E3A: receive setConfiguration SetConfigurationRequest:client-8FB543527D95->s7@group-4CD87B055E3A, cid=1984, seq=null, RW, null, SET_UNCONDITIONALLY, servers:[s7, s8, s9, s0, s1], listeners:[]
2024-10-31 03:26:23,994 INFO  server.RaftServer$Division (RaftServerImpl.java:setConfigurationAsync(1341)) - s8@group-4CD87B055E3A: receive setConfiguration SetConfigurationRequest:client-8FB543527D95->s8@group-4CD87B055E3A, cid=1984, seq=null, RW, null, SET_UNCONDITIONALLY, servers:[s7, s8, s9, s0, s1], listeners:[]
2024-10-31 03:26:24,094 INFO  server.RaftServer$Division (RaftServerImpl.java:setConfigurationAsync(1341)) - s7@group-4CD87B055E3A: receive setConfiguration SetConfigurationRequest:client-8FB543527D95->s7@group-4CD87B055E3A, cid=1984, seq=null, RW, null, SET_UNCONDITIONALLY, servers:[s7, s8, s9, s0, s1], listeners:[]
2024-10-31 03:26:24,195 INFO  server.RaftServer$Division (RaftServerImpl.java:setConfigurationAsync(1341)) - s8@group-4CD87B055E3A: receive setConfiguration SetConfigurationRequest:client-8FB543527D95->s8@group-4CD87B055E3A, cid=1984, seq=null, RW, null, SET_UNCONDITIONALLY, servers:[s7, s8, s9, s0, s1], listeners:[]
2024-10-31 03:26:24,295 INFO  server.RaftServer$Division (RaftServerImpl.java:setConfigurationAsync(1341)) - s7@group-4CD87B055E3A: receive setConfiguration SetConfigurationRequest:client-8FB543527D95->s7@group-4CD87B055E3A, cid=1984, seq=null, RW, null, SET_UNCONDITIONALLY, servers:[s7, s8, s9, s0, s1], listeners:[]
2024-10-31 03:26:24,396 INFO  server.RaftServer$Division (RaftServerImpl.java:setConfigurationAsync(1341)) - s9@group-4CD87B055E3A: receive setConfiguration SetConfigurationRequest:client-8FB543527D95->s9@group-4CD87B055E3A, cid=1984, seq=null, RW, null, SET_UNCONDITIONALLY, servers:[s7, s8, s9, s0, s1], listeners:[]
2024-10-31 03:26:24,496 INFO  server.RaftServer$Division (RaftServerImpl.java:setConfigurationAsync(1341)) - s7@group-4CD87B055E3A: receive setConfiguration SetConfigurationRequest:client-8FB543527D95->s7@group-4CD87B055E3A, cid=1984, seq=null, RW, null, SET_UNCONDITIONALLY, servers:[s7, s8, s9, s0, s1], listeners:[]
2024-10-31 03:26:24,596 INFO  server.RaftServer$Division (RaftServerImpl.java:setConfigurationAsync(1341)) - s9@group-4CD87B055E3A: receive setConfiguration SetConfigurationRequest:client-8FB543527D95->s9@group-4CD87B055E3A, cid=1984, seq=null, RW, null, SET_UNCONDITIONALLY, servers:[s7, s8, s9, s0, s1], listeners:[]
2024-10-31 03:26:24,697 INFO  server.RaftServer$Division (RaftServerImpl.java:setConfigurationAsync(1341)) - s7@group-4CD87B055E3A: receive setConfiguration SetConfigurationRequest:client-8FB543527D95->s7@group-4CD87B055E3A, cid=1984, seq=null, RW, null, SET_UNCONDITIONALLY, servers:[s7, s8, s9, s0, s1], listeners:[]
2024-10-31 03:26:24,797 INFO  server.RaftServer$Division (RaftServerImpl.java:setConfigurationAsync(1341)) - s8@group-4CD87B055E3A: receive setConfiguration SetConfigurationRequest:client-8FB543527D95->s8@group-4CD87B055E3A, cid=1984, seq=null, RW, null, SET_UNCONDITIONALLY, servers:[s7, s8, s9, s0, s1], listeners:[]
2024-10-31 03:26:24,897 INFO  server.RaftServer$Division (RaftServerImpl.java:setConfigurationAsync(1341)) - s7@group-4CD87B055E3A: receive setConfiguration SetConfigurationRequest:client-8FB543527D95->s7@group-4CD87B055E3A, cid=1984, seq=null, RW, null, SET_UNCONDITIONALLY, servers:[s7, s8, s9, s0, s1], listeners:[]
2024-10-31 03:26:24,998 INFO  server.RaftServer$Division (RaftServerImpl.java:setConfigurationAsync(1341)) - s9@group-4CD87B055E3A: receive setConfiguration SetConfigurationRequest:client-8FB543527D95->s9@group-4CD87B055E3A, cid=1984, seq=null, RW, null, SET_UNCONDITIONALLY, servers:[s7, s8, s9, s0, s1], listeners:[]
2024-10-31 03:26:25,098 INFO  server.RaftServer$Division (RaftServerImpl.java:setConfigurationAsync(1341)) - s7@group-4CD87B055E3A: receive setConfiguration SetConfigurationRequest:client-8FB543527D95->s7@group-4CD87B055E3A, cid=1984, seq=null, RW, null, SET_UNCONDITIONALLY, servers:[s7, s8, s9, s0, s1], listeners:[]
2024-10-31 03:26:25,198 INFO  server.RaftServer$Division (RaftServerImpl.java:setConfigurationAsync(1341)) - s9@group-4CD87B055E3A: receive setConfiguration SetConfigurationRequest:client-8FB543527D95->s9@group-4CD87B055E3A, cid=1984, seq=null, RW, null, SET_UNCONDITIONALLY, servers:[s7, s8, s9, s0, s1], listeners:[]
2024-10-31 03:26:25,299 INFO  server.RaftServer$Division (RaftServerImpl.java:setConfigurationAsync(1341)) - s7@group-4CD87B055E3A: receive setConfiguration SetConfigurationRequest:client-8FB543527D95->s7@group-4CD87B055E3A, cid=1984, seq=null, RW, null, SET_UNCONDITIONALLY, servers:[s7, s8, s9, s0, s1], listeners:[]
2024-10-31 03:26:25,399 INFO  server.RaftServer$Division (RaftServerImpl.java:setConfigurationAsync(1341)) - s9@group-4CD87B055E3A: receive setConfiguration SetConfigurationRequest:client-8FB543527D95->s9@group-4CD87B055E3A, cid=1984, seq=null, RW, null, SET_UNCONDITIONALLY, servers:[s7, s8, s9, s0, s1], listeners:[]
2024-10-31 03:26:25,500 INFO  server.RaftServer$Division (RaftServerImpl.java:setConfigurationAsync(1341)) - s7@group-4CD87B055E3A: receive setConfiguration SetConfigurationRequest:client-8FB543527D95->s7@group-4CD87B055E3A, cid=1984, seq=null, RW, null, SET_UNCONDITIONALLY, servers:[s7, s8, s9, s0, s1], listeners:[]
2024-10-31 03:26:25,600 INFO  server.RaftServer$Division (RaftServerImpl.java:setConfigurationAsync(1341)) - s8@group-4CD87B055E3A: receive setConfiguration SetConfigurationRequest:client-8FB543527D95->s8@group-4CD87B055E3A, cid=1984, seq=null, RW, null, SET_UNCONDITIONALLY, servers:[s7, s8, s9, s0, s1], listeners:[]
2024-10-31 03:26:25,700 INFO  server.RaftServer$Division (RaftServerImpl.java:setConfigurationAsync(1341)) - s7@group-4CD87B055E3A: receive setConfiguration SetConfigurationRequest:client-8FB543527D95->s7@group-4CD87B055E3A, cid=1984, seq=null, RW, null, SET_UNCONDITIONALLY, servers:[s7, s8, s9, s0, s1], listeners:[]
2024-10-31 03:26:25,801 INFO  server.RaftServer$Division (RaftServerImpl.java:setConfigurationAsync(1341)) - s9@group-4CD87B055E3A: receive setConfiguration SetConfigurationRequest:client-8FB543527D95->s9@group-4CD87B055E3A, cid=1984, seq=null, RW, null, SET_UNCONDITIONALLY, servers:[s7, s8, s9, s0, s1], listeners:[]
2024-10-31 03:26:25,901 INFO  server.RaftServer$Division (RaftServerImpl.java:setConfigurationAsync(1341)) - s7@group-4CD87B055E3A: receive setConfiguration SetConfigurationRequest:client-8FB543527D95->s7@group-4CD87B055E3A, cid=1984, seq=null, RW, null, SET_UNCONDITIONALLY, servers:[s7, s8, s9, s0, s1], listeners:[]
2024-10-31 03:26:25,992 INFO  impl.MiniRaftCluster (MiniRaftCluster.java:lambda$null$7(362)) - TIMED-PRINT: printing ALL groups
  s3:  RUNNING [
   FOLLOWER s3@group-4EB49E3E6D70:t0, leader=null, voted=, raftlog=Memoized:s3@group-4EB49E3E6D70-SegmentedRaftLog:OPENED:c-1:lastnull, conf=conf: {index: -1, cur=peers:[]|listeners:[], old=null} STARTING
   FOLLOWER s3@group-4CD87B055E3A:t0, leader=null, voted=, raftlog=Memoized:s3@group-4CD87B055E3A-SegmentedRaftLog:OPENED:c-1:lastnull, conf=conf: {index: -1, cur=peers:[]|listeners:[], old=null} STARTING] size=2
  s4:  RUNNING [
   FOLLOWER s4@group-4EB49E3E6D70:t0, leader=null, voted=, raftlog=Memoized:s4@group-4EB49E3E6D70-SegmentedRaftLog:OPENED:c-1:lastnull, conf=conf: {index: -1, cur=peers:[]|listeners:[], old=null} STARTING
   FOLLOWER s4@group-4CD87B055E3A:t0, leader=null, voted=, raftlog=Memoized:s4@group-4CD87B055E3A-SegmentedRaftLog:OPENED:c-1:lastnull, conf=conf: {index: -1, cur=peers:[]|listeners:[], old=null} STARTING] size=2
  s5:  RUNNING [
   FOLLOWER s5@group-4EB49E3E6D70:t0, leader=null, voted=, raftlog=Memoized:s5@group-4EB49E3E6D70-SegmentedRaftLog:OPENED:c-1:lastnull, conf=conf: {index: -1, cur=peers:[]|listeners:[], old=null} STARTING
   FOLLOWER s5@group-4CD87B055E3A:t0, leader=null, voted=, raftlog=Memoized:s5@group-4CD87B055E3A-SegmentedRaftLog:OPENED:c-1:lastnull, conf=conf: {index: -1, cur=peers:[]|listeners:[], old=null} STARTING] size=2
  s6:  RUNNING [
   FOLLOWER s6@group-4EB49E3E6D70:t0, leader=null, voted=, raftlog=Memoized:s6@group-4EB49E3E6D70-SegmentedRaftLog:OPENED:c-1:lastnull, conf=conf: {index: -1, cur=peers:[]|listeners:[], old=null} STARTING
   FOLLOWER s6@group-4CD87B055E3A:t0, leader=null, voted=, raftlog=Memoized:s6@group-4CD87B055E3A-SegmentedRaftLog:OPENED:c-1:lastnull, conf=conf: {index: -1, cur=peers:[]|listeners:[], old=null} STARTING] size=2
  s7:  RUNNING [
   FOLLOWER s7@group-4EB49E3E6D70:t0, leader=null, voted=, raftlog=Memoized:s7@group-4EB49E3E6D70-SegmentedRaftLog:OPENED:c-1:lastnull, conf=conf: {index: -1, cur=peers:[]|listeners:[], old=null} STARTING
     LEADER s7@group-4CD87B055E3A:t1, leader=s7, voted=s7, raftlog=Memoized:s7@group-4CD87B055E3A-SegmentedRaftLog:OPENED:c120:last(t:1, i:120), conf=conf: {index: 0, cur=peers:[s7, s8, s9]|listeners:[], old=null} RUNNING] size=2
  s8:  RUNNING [
   FOLLOWER s8@group-4EB49E3E6D70:t0, leader=null, voted=, raftlog=Memoized:s8@group-4EB49E3E6D70-SegmentedRaftLog:OPENED:c-1:lastnull, conf=conf: {index: -1, cur=peers:[]|listeners:[], old=null} STARTING
   FOLLOWER s8@group-4CD87B055E3A:t1, leader=s7, voted=s7, raftlog=Memoized:s8@group-4CD87B055E3A-SegmentedRaftLog:OPENED:c120:last(t:1, i:120), conf=conf: {index: 0, cur=peers:[s7|, s8|, s9|]|listeners:[], old=null} RUNNING] size=2
  s9:  RUNNING [
   FOLLOWER s9@group-4EB49E3E6D70:t0, leader=null, voted=, raftlog=Memoized:s9@group-4EB49E3E6D70-SegmentedRaftLog:OPENED:c-1:lastnull, conf=conf: {index: -1, cur=peers:[]|listeners:[], old=null} STARTING
   FOLLOWER s9@group-4CD87B055E3A:t1, leader=s7, voted=s7, raftlog=Memoized:s9@group-4CD87B055E3A-SegmentedRaftLog:OPENED:c120:last(t:1, i:120), conf=conf: {index: 0, cur=peers:[s7|, s8|, s9|]|listeners:[], old=null} RUNNING] size=2
  s11:  RUNNING [
   FOLLOWER s11@group-4EB49E3E6D70:t0, leader=null, voted=, raftlog=Memoized:s11@group-4EB49E3E6D70-SegmentedRaftLog:OPENED:c-1:lastnull, conf=conf: {index: -1, cur=peers:[]|listeners:[], old=null} STARTING
   FOLLOWER s11@group-4CD87B055E3A:t0, leader=null, voted=, raftlog=Memoized:s11@group-4CD87B055E3A-SegmentedRaftLog:OPENED:c-1:lastnull, conf=conf: {index: -1, cur=peers:[]|listeners:[], old=null} STARTING] size=2
  s10:  RUNNING [
   FOLLOWER s10@group-4EB49E3E6D70:t0, leader=null, voted=, raftlog=Memoized:s10@group-4EB49E3E6D70-SegmentedRaftLog:OPENED:c-1:lastnull, conf=conf: {index: -1, cur=peers:[]|listeners:[], old=null} STARTING
   FOLLOWER s10@group-4CD87B055E3A:t0, leader=null, voted=, raftlog=Memoized:s10@group-4CD87B055E3A-SegmentedRaftLog:OPENED:c-1:lastnull, conf=conf: {index: -1, cur=peers:[]|listeners:[], old=null} STARTING] size=2
  s13:  RUNNING [
   FOLLOWER s13@group-4EB49E3E6D70:t0, leader=null, voted=, raftlog=Memoized:s13@group-4EB49E3E6D70-SegmentedRaftLog:OPENED:c-1:lastnull, conf=conf: {index: -1, cur=peers:[]|listeners:[], old=null} STARTING
   FOLLOWER s13@group-4CD87B055E3A:t0, leader=null, voted=, raftlog=Memoized:s13@group-4CD87B055E3A-SegmentedRaftLog:OPENED:c-1:lastnull, conf=conf: {index: -1, cur=peers:[]|listeners:[], old=null} STARTING] size=2
  s12:  RUNNING [
   FOLLOWER s12@group-4EB49E3E6D70:t0, leader=null, voted=, raftlog=Memoized:s12@group-4EB49E3E6D70-SegmentedRaftLog:OPENED:c-1:lastnull, conf=conf: {index: -1, cur=peers:[]|listeners:[], old=null} STARTING
   FOLLOWER s12@group-4CD87B055E3A:t0, leader=null, voted=, raftlog=Memoized:s12@group-4CD87B055E3A-SegmentedRaftLog:OPENED:c-1:lastnull, conf=conf: {index: -1, cur=peers:[]|listeners:[], old=null} STARTING] size=2
  s14:  RUNNING [
   FOLLOWER s14@group-4EB49E3E6D70:t0, leader=null, voted=, raftlog=Memoized:s14@group-4EB49E3E6D70-SegmentedRaftLog:OPENED:c-1:lastnull, conf=conf: {index: -1, cur=peers:[]|listeners:[], old=null} STARTING
   FOLLOWER s14@group-4CD87B055E3A:t0, leader=null, voted=, raftlog=Memoized:s14@group-4CD87B055E3A-SegmentedRaftLog:OPENED:c-1:lastnull, conf=conf: {index: -1, cur=peers:[]|listeners:[], old=null} STARTING] size=2
  s0:  RUNNING [
   FOLLOWER s0@group-4EB49E3E6D70:t0, leader=null, voted=, raftlog=Memoized:s0@group-4EB49E3E6D70-SegmentedRaftLog:OPENED:c-1:lastnull, conf=conf: {index: -1, cur=peers:[]|listeners:[], old=null} STARTING
   FOLLOWER s0@group-4CD87B055E3A:t1, leader=s7, voted=null, raftlog=Memoized:s0@group-4CD87B055E3A-SegmentedRaftLog:OPENED:c120:last(t:1, i:120), conf=conf: {index: 0, cur=peers:[s7|, s8|, s9|]|listeners:[], old=null} STARTING] size=2
  s1:  RUNNING [
   FOLLOWER s1@group-4EB49E3E6D70:t0, leader=null, voted=, raftlog=Memoized:s1@group-4EB49E3E6D70-SegmentedRaftLog:OPENED:c-1:lastnull, conf=conf: {index: -1, cur=peers:[]|listeners:[], old=null} STARTING
   FOLLOWER s1@group-4CD87B055E3A:t1, leader=s7, voted=null, raftlog=Memoized:s1@group-4CD87B055E3A-SegmentedRaftLog:OPENED:c120:last(t:1, i:120), conf=conf: {index: 0, cur=peers:[s7|, s8|, s9|]|listeners:[], old=null} STARTING] size=2
  s2:  RUNNING [
   FOLLOWER s2@group-4EB49E3E6D70:t0, leader=null, voted=, raftlog=Memoized:s2@group-4EB49E3E6D70-SegmentedRaftLog:OPENED:c-1:lastnull, conf=conf: {index: -1, cur=peers:[]|listeners:[], old=null} STARTING
   FOLLOWER s2@group-4CD87B055E3A:t0, leader=null, voted=, raftlog=Memoized:s2@group-4CD87B055E3A-SegmentedRaftLog:OPENED:c-1:lastnull, conf=conf: {index: -1, cur=peers:[]|listeners:[], old=null} STARTING] size=2
2024-10-31 03:26:26,002 INFO  server.RaftServer$Division (RaftServerImpl.java:setConfigurationAsync(1341)) - s8@group-4CD87B055E3A: receive setConfiguration SetConfigurationRequest:client-8FB543527D95->s8@group-4CD87B055E3A, cid=1984, seq=null, RW, null, SET_UNCONDITIONALLY, servers:[s7, s8, s9, s0, s1], listeners:[]
2024-10-31 03:26:26,102 INFO  server.RaftServer$Division (RaftServerImpl.java:setConfigurationAsync(1341)) - s7@group-4CD87B055E3A: receive setConfiguration SetConfigurationRequest:client-8FB543527D95->s7@group-4CD87B055E3A, cid=1984, seq=null, RW, null, SET_UNCONDITIONALLY, servers:[s7, s8, s9, s0, s1], listeners:[]
2024-10-31 03:26:26,203 INFO  server.RaftServer$Division (RaftServerImpl.java:setConfigurationAsync(1341)) - s8@group-4CD87B055E3A: receive setConfiguration SetConfigurationRequest:client-8FB543527D95->s8@group-4CD87B055E3A, cid=1984, seq=null, RW, null, SET_UNCONDITIONALLY, servers:[s7, s8, s9, s0, s1], listeners:[]
2024-10-31 03:26:26,303 INFO  server.RaftServer$Division (RaftServerImpl.java:setConfigurationAsync(1341)) - s7@group-4CD87B055E3A: receive setConfiguration SetConfigurationRequest:client-8FB543527D95->s7@group-4CD87B055E3A, cid=1984, seq=null, RW, null, SET_UNCONDITIONALLY, servers:[s7, s8, s9, s0, s1], listeners:[]
2024-10-31 03:26:26,403 INFO  server.RaftServer$Division (RaftServerImpl.java:setConfigurationAsync(1341)) - s9@group-4CD87B055E3A: receive setConfiguration SetConfigurationRequest:client-8FB543527D95->s9@group-4CD87B055E3A, cid=1984, seq=null, RW, null, SET_UNCONDITIONALLY, servers:[s7, s8, s9, s0, s1], listeners:[]
2024-10-31 03:26:26,504 INFO  server.RaftServer$Division (RaftServerImpl.java:setConfigurationAsync(1341)) - s7@group-4CD87B055E3A: receive setConfiguration SetConfigurationRequest:client-8FB543527D95->s7@group-4CD87B055E3A, cid=1984, seq=null, RW, null, SET_UNCONDITIONALLY, servers:[s7, s8, s9, s0, s1], listeners:[]
2024-10-31 03:26:26,604 INFO  server.RaftServer$Division (RaftServerImpl.java:setConfigurationAsync(1341)) - s8@group-4CD87B055E3A: receive setConfiguration SetConfigurationRequest:client-8FB543527D95->s8@group-4CD87B055E3A, cid=1984, seq=null, RW, null, SET_UNCONDITIONALLY, servers:[s7, s8, s9, s0, s1], listeners:[]
2024-10-31 03:26:26,704 INFO  server.RaftServer$Division (RaftServerImpl.java:setConfigurationAsync(1341)) - s7@group-4CD87B055E3A: receive setConfiguration SetConfigurationRequest:client-8FB543527D95->s7@group-4CD87B055E3A, cid=1984, seq=null, RW, null, SET_UNCONDITIONALLY, servers:[s7, s8, s9, s0, s1], listeners:[]
2024-10-31 03:26:26,805 INFO  server.RaftServer$Division (RaftServerImpl.java:setConfigurationAsync(1341)) - s8@group-4CD87B055E3A: receive setConfiguration SetConfigurationRequest:client-8FB543527D95->s8@group-4CD87B055E3A, cid=1984, seq=null, RW, null, SET_UNCONDITIONALLY, servers:[s7, s8, s9, s0, s1], listeners:[]
2024-10-31 03:26:26,905 INFO  server.RaftServer$Division (RaftServerImpl.java:setConfigurationAsync(1341)) - s7@group-4CD87B055E3A: receive setConfiguration SetConfigurationRequest:client-8FB543527D95->s7@group-4CD87B055E3A, cid=1984, seq=null, RW, null, SET_UNCONDITIONALLY, servers:[s7, s8, s9, s0, s1], listeners:[]
2024-10-31 03:26:27,006 INFO  server.RaftServer$Division (RaftServerImpl.java:setConfigurationAsync(1341)) - s9@group-4CD87B055E3A: receive setConfiguration SetConfigurationRequest:client-8FB543527D95->s9@group-4CD87B055E3A, cid=1984, seq=null, RW, null, SET_UNCONDITIONALLY, servers:[s7, s8, s9, s0, s1], listeners:[]
2024-10-31 03:26:27,106 INFO  server.RaftServer$Division (RaftServerImpl.java:setConfigurationAsync(1341)) - s7@group-4CD87B055E3A: receive setConfiguration SetConfigurationRequest:client-8FB543527D95->s7@group-4CD87B055E3A, cid=1984, seq=null, RW, null, SET_UNCONDITIONALLY, servers:[s7, s8, s9, s0, s1], listeners:[]
2024-10-31 03:26:27,206 INFO  server.RaftServer$Division (RaftServerImpl.java:setConfigurationAsync(1341)) - s9@group-4CD87B055E3A: receive setConfiguration SetConfigurationRequest:client-8FB543527D95->s9@group-4CD87B055E3A, cid=1984, seq=null, RW, null, SET_UNCONDITIONALLY, servers:[s7, s8, s9, s0, s1], listeners:[]
2024-10-31 03:26:27,307 INFO  server.RaftServer$Division (RaftServerImpl.java:setConfigurationAsync(1341)) - s7@group-4CD87B055E3A: receive setConfiguration SetConfigurationRequest:client-8FB543527D95->s7@group-4CD87B055E3A, cid=1984, seq=null, RW, null, SET_UNCONDITIONALLY, servers:[s7, s8, s9, s0, s1], listeners:[]
2024-10-31 03:26:27,407 INFO  server.RaftServer$Division (RaftServerImpl.java:setConfigurationAsync(1341)) - s9@group-4CD87B055E3A: receive setConfiguration SetConfigurationRequest:client-8FB543527D95->s9@group-4CD87B055E3A, cid=1984, seq=null, RW, null, SET_UNCONDITIONALLY, servers:[s7, s8, s9, s0, s1], listeners:[]
2024-10-31 03:26:27,507 INFO  server.RaftServer$Division (RaftServerImpl.java:setConfigurationAsync(1341)) - s7@group-4CD87B055E3A: receive setConfiguration SetConfigurationRequest:client-8FB543527D95->s7@group-4CD87B055E3A, cid=1984, seq=null, RW, null, SET_UNCONDITIONALLY, servers:[s7, s8, s9, s0, s1], listeners:[]
2024-10-31 03:26:27,608 INFO  server.RaftServer$Division (RaftServerImpl.java:setConfigurationAsync(1341)) - s8@group-4CD87B055E3A: receive setConfiguration SetConfigurationRequest:client-8FB543527D95->s8@group-4CD87B055E3A, cid=1984, seq=null, RW, null, SET_UNCONDITIONALLY, servers:[s7, s8, s9, s0, s1], listeners:[]
2024-10-31 03:26:27,708 INFO  server.RaftServer$Division (RaftServerImpl.java:setConfigurationAsync(1341)) - s7@group-4CD87B055E3A: receive setConfiguration SetConfigurationRequest:client-8FB543527D95->s7@group-4CD87B055E3A, cid=1984, seq=null, RW, null, SET_UNCONDITIONALLY, servers:[s7, s8, s9, s0, s1], listeners:[]
2024-10-31 03:26:27,809 INFO  server.RaftServer$Division (RaftServerImpl.java:setConfigurationAsync(1341)) - s9@group-4CD87B055E3A: receive setConfiguration SetConfigurationRequest:client-8FB543527D95->s9@group-4CD87B055E3A, cid=1984, seq=null, RW, null, SET_UNCONDITIONALLY, servers:[s7, s8, s9, s0, s1], listeners:[]
2024-10-31 03:26:27,909 INFO  server.RaftServer$Division (RaftServerImpl.java:setConfigurationAsync(1341)) - s7@group-4CD87B055E3A: receive setConfiguration SetConfigurationRequest:client-8FB543527D95->s7@group-4CD87B055E3A, cid=1984, seq=null, RW, null, SET_UNCONDITIONALLY, servers:[s7, s8, s9, s0, s1], listeners:[]
2024-10-31 03:26:28,010 INFO  server.RaftServer$Division (RaftServerImpl.java:setConfigurationAsync(1341)) - s8@group-4CD87B055E3A: receive setConfiguration SetConfigurationRequest:client-8FB543527D95->s8@group-4CD87B055E3A, cid=1984, seq=null, RW, null, SET_UNCONDITIONALLY, servers:[s7, s8, s9, s0, s1], listeners:[]
2024-10-31 03:26:28,110 INFO  server.RaftServer$Division (RaftServerImpl.java:setConfigurationAsync(1341)) - s7@group-4CD87B055E3A: receive setConfiguration SetConfigurationRequest:client-8FB543527D95->s7@group-4CD87B055E3A, cid=1984, seq=null, RW, null, SET_UNCONDITIONALLY, servers:[s7, s8, s9, s0, s1], listeners:[]
2024-10-31 03:26:28,210 INFO  server.RaftServer$Division (RaftServerImpl.java:setConfigurationAsync(1341)) - s9@group-4CD87B055E3A: receive setConfiguration SetConfigurationRequest:client-8FB543527D95->s9@group-4CD87B055E3A, cid=1984, seq=null, RW, null, SET_UNCONDITIONALLY, servers:[s7, s8, s9, s0, s1], listeners:[]
2024-10-31 03:26:28,311 INFO  server.RaftServer$Division (RaftServerImpl.java:setConfigurationAsync(1341)) - s7@group-4CD87B055E3A: receive setConfiguration SetConfigurationRequest:client-8FB543527D95->s7@group-4CD87B055E3A, cid=1984, seq=null, RW, null, SET_UNCONDITIONALLY, servers:[s7, s8, s9, s0, s1], listeners:[]
2024-10-31 03:26:28,411 INFO  server.RaftServer$Division (RaftServerImpl.java:setConfigurationAsync(1341)) - s9@group-4CD87B055E3A: receive setConfiguration SetConfigurationRequest:client-8FB543527D95->s9@group-4CD87B055E3A, cid=1984, seq=null, RW, null, SET_UNCONDITIONALLY, servers:[s7, s8, s9, s0, s1], listeners:[]
2024-10-31 03:26:28,512 INFO  server.RaftServer$Division (RaftServerImpl.java:setConfigurationAsync(1341)) - s7@group-4CD87B055E3A: receive setConfiguration SetConfigurationRequest:client-8FB543527D95->s7@group-4CD87B055E3A, cid=1984, seq=null, RW, null, SET_UNCONDITIONALLY, servers:[s7, s8, s9, s0, s1], listeners:[]
2024-10-31 03:26:28,612 INFO  server.RaftServer$Division (RaftServerImpl.java:setConfigurationAsync(1341)) - s8@group-4CD87B055E3A: receive setConfiguration SetConfigurationRequest:client-8FB543527D95->s8@group-4CD87B055E3A, cid=1984, seq=null, RW, null, SET_UNCONDITIONALLY, servers:[s7, s8, s9, s0, s1], listeners:[]
2024-10-31 03:26:28,712 INFO  server.RaftServer$Division (RaftServerImpl.java:setConfigurationAsync(1341)) - s7@group-4CD87B055E3A: receive setConfiguration SetConfigurationRequest:client-8FB543527D95->s7@group-4CD87B055E3A, cid=1984, seq=null, RW, null, SET_UNCONDITIONALLY, servers:[s7, s8, s9, s0, s1], listeners:[]
2024-10-31 03:26:28,813 INFO  server.RaftServer$Division (RaftServerImpl.java:setConfigurationAsync(1341)) - s9@group-4CD87B055E3A: receive setConfiguration SetConfigurationRequest:client-8FB543527D95->s9@group-4CD87B055E3A, cid=1984, seq=null, RW, null, SET_UNCONDITIONALLY, servers:[s7, s8, s9, s0, s1], listeners:[]
2024-10-31 03:26:28,913 INFO  server.RaftServer$Division (RaftServerImpl.java:setConfigurationAsync(1341)) - s7@group-4CD87B055E3A: receive setConfiguration SetConfigurationRequest:client-8FB543527D95->s7@group-4CD87B055E3A, cid=1984, seq=null, RW, null, SET_UNCONDITIONALLY, servers:[s7, s8, s9, s0, s1], listeners:[]
2024-10-31 03:26:29,013 INFO  server.RaftServer$Division (RaftServerImpl.java:setConfigurationAsync(1341)) - s8@group-4CD87B055E3A: receive setConfiguration SetConfigurationRequest:client-8FB543527D95->s8@group-4CD87B055E3A, cid=1984, seq=null, RW, null, SET_UNCONDITIONALLY, servers:[s7, s8, s9, s0, s1], listeners:[]
2024-10-31 03:26:29,114 INFO  server.RaftServer$Division (RaftServerImpl.java:setConfigurationAsync(1341)) - s7@group-4CD87B055E3A: receive setConfiguration SetConfigurationRequest:client-8FB543527D95->s7@group-4CD87B055E3A, cid=1984, seq=null, RW, null, SET_UNCONDITIONALLY, servers:[s7, s8, s9, s0, s1], listeners:[]
2024-10-31 03:26:29,214 INFO  server.RaftServer$Division (RaftServerImpl.java:setConfigurationAsync(1341)) - s9@group-4CD87B055E3A: receive setConfiguration SetConfigurationRequest:client-8FB543527D95->s9@group-4CD87B055E3A, cid=1984, seq=null, RW, null, SET_UNCONDITIONALLY, servers:[s7, s8, s9, s0, s1], listeners:[]
2024-10-31 03:26:29,315 INFO  server.RaftServer$Division (RaftServerImpl.java:setConfigurationAsync(1341)) - s7@group-4CD87B055E3A: receive setConfiguration SetConfigurationRequest:client-8FB543527D95->s7@group-4CD87B055E3A, cid=1984, seq=null, RW, null, SET_UNCONDITIONALLY, servers:[s7, s8, s9, s0, s1], listeners:[]
2024-10-31 03:26:29,415 INFO  server.RaftServer$Division (RaftServerImpl.java:setConfigurationAsync(1341)) - s9@group-4CD87B055E3A: receive setConfiguration SetConfigurationRequest:client-8FB543527D95->s9@group-4CD87B055E3A, cid=1984, seq=null, RW, null, SET_UNCONDITIONALLY, servers:[s7, s8, s9, s0, s1], listeners:[]
2024-10-31 03:26:29,516 INFO  server.RaftServer$Division (RaftServerImpl.java:setConfigurationAsync(1341)) - s7@group-4CD87B055E3A: receive setConfiguration SetConfigurationRequest:client-8FB543527D95->s7@group-4CD87B055E3A, cid=1984, seq=null, RW, null, SET_UNCONDITIONALLY, servers:[s7, s8, s9, s0, s1], listeners:[]
2024-10-31 03:26:29,616 INFO  server.RaftServer$Division (RaftServerImpl.java:setConfigurationAsync(1341)) - s9@group-4CD87B055E3A: receive setConfiguration SetConfigurationRequest:client-8FB543527D95->s9@group-4CD87B055E3A, cid=1984, seq=null, RW, null, SET_UNCONDITIONALLY, servers:[s7, s8, s9, s0, s1], listeners:[]
2024-10-31 03:26:29,716 INFO  server.RaftServer$Division (RaftServerImpl.java:setConfigurationAsync(1341)) - s7@group-4CD87B055E3A: receive setConfiguration SetConfigurationRequest:client-8FB543527D95->s7@group-4CD87B055E3A, cid=1984, seq=null, RW, null, SET_UNCONDITIONALLY, servers:[s7, s8, s9, s0, s1], listeners:[]
2024-10-31 03:26:29,817 INFO  server.RaftServer$Division (RaftServerImpl.java:setConfigurationAsync(1341)) - s9@group-4CD87B055E3A: receive setConfiguration SetConfigurationRequest:client-8FB543527D95->s9@group-4CD87B055E3A, cid=1984, seq=null, RW, null, SET_UNCONDITIONALLY, servers:[s7, s8, s9, s0, s1], listeners:[]
2024-10-31 03:26:29,917 INFO  server.RaftServer$Division (RaftServerImpl.java:setConfigurationAsync(1341)) - s7@group-4CD87B055E3A: receive setConfiguration SetConfigurationRequest:client-8FB543527D95->s7@group-4CD87B055E3A, cid=1984, seq=null, RW, null, SET_UNCONDITIONALLY, servers:[s7, s8, s9, s0, s1], listeners:[]
2024-10-31 03:26:30,017 INFO  server.RaftServer$Division (RaftServerImpl.java:setConfigurationAsync(1341)) - s8@group-4CD87B055E3A: receive setConfiguration SetConfigurationRequest:client-8FB543527D95->s8@group-4CD87B055E3A, cid=1984, seq=null, RW, null, SET_UNCONDITIONALLY, servers:[s7, s8, s9, s0, s1], listeners:[]
2024-10-31 03:26:30,118 INFO  server.RaftServer$Division (RaftServerImpl.java:setConfigurationAsync(1341)) - s7@group-4CD87B055E3A: receive setConfiguration SetConfigurationRequest:client-8FB543527D95->s7@group-4CD87B055E3A, cid=1984, seq=null, RW, null, SET_UNCONDITIONALLY, servers:[s7, s8, s9, s0, s1], listeners:[]
2024-10-31 03:26:30,218 INFO  server.RaftServer$Division (RaftServerImpl.java:setConfigurationAsync(1341)) - s8@group-4CD87B055E3A: receive setConfiguration SetConfigurationRequest:client-8FB543527D95->s8@group-4CD87B055E3A, cid=1984, seq=null, RW, null, SET_UNCONDITIONALLY, servers:[s7, s8, s9, s0, s1], listeners:[]
2024-10-31 03:26:30,319 INFO  server.RaftServer$Division (RaftServerImpl.java:setConfigurationAsync(1341)) - s7@group-4CD87B055E3A: receive setConfiguration SetConfigurationRequest:client-8FB543527D95->s7@group-4CD87B055E3A, cid=1984, seq=null, RW, null, SET_UNCONDITIONALLY, servers:[s7, s8, s9, s0, s1], listeners:[]
2024-10-31 03:26:30,419 INFO  server.RaftServer$Division (RaftServerImpl.java:setConfigurationAsync(1341)) - s8@group-4CD87B055E3A: receive setConfiguration SetConfigurationRequest:client-8FB543527D95->s8@group-4CD87B055E3A, cid=1984, seq=null, RW, null, SET_UNCONDITIONALLY, servers:[s7, s8, s9, s0, s1], listeners:[]
2024-10-31 03:26:30,520 INFO  server.RaftServer$Division (RaftServerImpl.java:setConfigurationAsync(1341)) - s7@group-4CD87B055E3A: receive setConfiguration SetConfigurationRequest:client-8FB543527D95->s7@group-4CD87B055E3A, cid=1984, seq=null, RW, null, SET_UNCONDITIONALLY, servers:[s7, s8, s9, s0, s1], listeners:[]
2024-10-31 03:26:30,620 INFO  server.RaftServer$Division (RaftServerImpl.java:setConfigurationAsync(1341)) - s8@group-4CD87B055E3A: receive setConfiguration SetConfigurationRequest:client-8FB543527D95->s8@group-4CD87B055E3A, cid=1984, seq=null, RW, null, SET_UNCONDITIONALLY, servers:[s7, s8, s9, s0, s1], listeners:[]
2024-10-31 03:26:30,720 INFO  server.RaftServer$Division (RaftServerImpl.java:setConfigurationAsync(1341)) - s7@group-4CD87B055E3A: receive setConfiguration SetConfigurationRequest:client-8FB543527D95->s7@group-4CD87B055E3A, cid=1984, seq=null, RW, null, SET_UNCONDITIONALLY, servers:[s7, s8, s9, s0, s1], listeners:[]
2024-10-31 03:26:30,821 INFO  server.RaftServer$Division (RaftServerImpl.java:setConfigurationAsync(1341)) - s8@group-4CD87B055E3A: receive setConfiguration SetConfigurationRequest:client-8FB543527D95->s8@group-4CD87B055E3A, cid=1984, seq=null, RW, null, SET_UNCONDITIONALLY, servers:[s7, s8, s9, s0, s1], listeners:[]
2024-10-31 03:26:30,921 INFO  server.RaftServer$Division (RaftServerImpl.java:setConfigurationAsync(1341)) - s7@group-4CD87B055E3A: receive setConfiguration SetConfigurationRequest:client-8FB543527D95->s7@group-4CD87B055E3A, cid=1984, seq=null, RW, null, SET_UNCONDITIONALLY, servers:[s7, s8, s9, s0, s1], listeners:[]
2024-10-31 03:26:31,021 INFO  server.RaftServer$Division (RaftServerImpl.java:setConfigurationAsync(1341)) - s8@group-4CD87B055E3A: receive setConfiguration SetConfigurationRequest:client-8FB543527D95->s8@group-4CD87B055E3A, cid=1984, seq=null, RW, null, SET_UNCONDITIONALLY, servers:[s7, s8, s9, s0, s1], listeners:[]
2024-10-31 03:26:31,122 INFO  server.RaftServer$Division (RaftServerImpl.java:setConfigurationAsync(1341)) - s7@group-4CD87B055E3A: receive setConfiguration SetConfigurationRequest:client-8FB543527D95->s7@group-4CD87B055E3A, cid=1984, seq=null, RW, null, SET_UNCONDITIONALLY, servers:[s7, s8, s9, s0, s1], listeners:[]
2024-10-31 03:26:31,222 INFO  server.RaftServer$Division (RaftServerImpl.java:setConfigurationAsync(1341)) - s9@group-4CD87B055E3A: receive setConfiguration SetConfigurationRequest:client-8FB543527D95->s9@group-4CD87B055E3A, cid=1984, seq=null, RW, null, SET_UNCONDITIONALLY, servers:[s7, s8, s9, s0, s1], listeners:[]
2024-10-31 03:26:31,323 INFO  server.RaftServer$Division (RaftServerImpl.java:setConfigurationAsync(1341)) - s7@group-4CD87B055E3A: receive setConfiguration SetConfigurationRequest:client-8FB543527D95->s7@group-4CD87B055E3A, cid=1984, seq=null, RW, null, SET_UNCONDITIONALLY, servers:[s7, s8, s9, s0, s1], listeners:[]
2024-10-31 03:26:31,423 INFO  server.RaftServer$Division (RaftServerImpl.java:setConfigurationAsync(1341)) - s8@group-4CD87B055E3A: receive setConfiguration SetConfigurationRequest:client-8FB543527D95->s8@group-4CD87B055E3A, cid=1984, seq=null, RW, null, SET_UNCONDITIONALLY, servers:[s7, s8, s9, s0, s1], listeners:[]
2024-10-31 03:26:31,523 INFO  server.RaftServer$Division (RaftServerImpl.java:setConfigurationAsync(1341)) - s7@group-4CD87B055E3A: receive setConfiguration SetConfigurationRequest:client-8FB543527D95->s7@group-4CD87B055E3A, cid=1984, seq=null, RW, null, SET_UNCONDITIONALLY, servers:[s7, s8, s9, s0, s1], listeners:[]
2024-10-31 03:26:31,624 INFO  server.RaftServer$Division (RaftServerImpl.java:setConfigurationAsync(1341)) - s9@group-4CD87B055E3A: receive setConfiguration SetConfigurationRequest:client-8FB543527D95->s9@group-4CD87B055E3A, cid=1984, seq=null, RW, null, SET_UNCONDITIONALLY, servers:[s7, s8, s9, s0, s1], listeners:[]
2024-10-31 03:26:31,724 INFO  server.RaftServer$Division (RaftServerImpl.java:setConfigurationAsync(1341)) - s7@group-4CD87B055E3A: receive setConfiguration SetConfigurationRequest:client-8FB543527D95->s7@group-4CD87B055E3A, cid=1984, seq=null, RW, null, SET_UNCONDITIONALLY, servers:[s7, s8, s9, s0, s1], listeners:[]
2024-10-31 03:26:31,824 INFO  server.RaftServer$Division (RaftServerImpl.java:setConfigurationAsync(1341)) - s8@group-4CD87B055E3A: receive setConfiguration SetConfigurationRequest:client-8FB543527D95->s8@group-4CD87B055E3A, cid=1984, seq=null, RW, null, SET_UNCONDITIONALLY, servers:[s7, s8, s9, s0, s1], listeners:[]
2024-10-31 03:26:31,925 INFO  server.RaftServer$Division (RaftServerImpl.java:setConfigurationAsync(1341)) - s7@group-4CD87B055E3A: receive setConfiguration SetConfigurationRequest:client-8FB543527D95->s7@group-4CD87B055E3A, cid=1984, seq=null, RW, null, SET_UNCONDITIONALLY, servers:[s7, s8, s9, s0, s1], listeners:[]
2024-10-31 03:26:32,025 INFO  server.RaftServer$Division (RaftServerImpl.java:setConfigurationAsync(1341)) - s8@group-4CD87B055E3A: receive setConfiguration SetConfigurationRequest:client-8FB543527D95->s8@group-4CD87B055E3A, cid=1984, seq=null, RW, null, SET_UNCONDITIONALLY, servers:[s7, s8, s9, s0, s1], listeners:[]
2024-10-31 03:26:32,125 INFO  server.RaftServer$Division (RaftServerImpl.java:setConfigurationAsync(1341)) - s7@group-4CD87B055E3A: receive setConfiguration SetConfigurationRequest:client-8FB543527D95->s7@group-4CD87B055E3A, cid=1984, seq=null, RW, null, SET_UNCONDITIONALLY, servers:[s7, s8, s9, s0, s1], listeners:[]
2024-10-31 03:26:32,226 INFO  server.RaftServer$Division (RaftServerImpl.java:setConfigurationAsync(1341)) - s9@group-4CD87B055E3A: receive setConfiguration SetConfigurationRequest:client-8FB543527D95->s9@group-4CD87B055E3A, cid=1984, seq=null, RW, null, SET_UNCONDITIONALLY, servers:[s7, s8, s9, s0, s1], listeners:[]
2024-10-31 03:26:32,326 INFO  server.RaftServer$Division (RaftServerImpl.java:setConfigurationAsync(1341)) - s7@group-4CD87B055E3A: receive setConfiguration SetConfigurationRequest:client-8FB543527D95->s7@group-4CD87B055E3A, cid=1984, seq=null, RW, null, SET_UNCONDITIONALLY, servers:[s7, s8, s9, s0, s1], listeners:[]
2024-10-31 03:26:32,427 INFO  server.RaftServer$Division (RaftServerImpl.java:setConfigurationAsync(1341)) - s8@group-4CD87B055E3A: receive setConfiguration SetConfigurationRequest:client-8FB543527D95->s8@group-4CD87B055E3A, cid=1984, seq=null, RW, null, SET_UNCONDITIONALLY, servers:[s7, s8, s9, s0, s1], listeners:[]
2024-10-31 03:26:32,527 INFO  server.RaftServer$Division (RaftServerImpl.java:setConfigurationAsync(1341)) - s7@group-4CD87B055E3A: receive setConfiguration SetConfigurationRequest:client-8FB543527D95->s7@group-4CD87B055E3A, cid=1984, seq=null, RW, null, SET_UNCONDITIONALLY, servers:[s7, s8, s9, s0, s1], listeners:[]
2024-10-31 03:26:32,627 INFO  server.RaftServer$Division (RaftServerImpl.java:setConfigurationAsync(1341)) - s8@group-4CD87B055E3A: receive setConfiguration SetConfigurationRequest:client-8FB543527D95->s8@group-4CD87B055E3A, cid=1984, seq=null, RW, null, SET_UNCONDITIONALLY, servers:[s7, s8, s9, s0, s1], listeners:[]
2024-10-31 03:26:32,728 INFO  server.RaftServer$Division (RaftServerImpl.java:setConfigurationAsync(1341)) - s7@group-4CD87B055E3A: receive setConfiguration SetConfigurationRequest:client-8FB543527D95->s7@group-4CD87B055E3A, cid=1984, seq=null, RW, null, SET_UNCONDITIONALLY, servers:[s7, s8, s9, s0, s1], listeners:[]
2024-10-31 03:26:32,828 INFO  server.RaftServer$Division (RaftServerImpl.java:setConfigurationAsync(1341)) - s8@group-4CD87B055E3A: receive setConfiguration SetConfigurationRequest:client-8FB543527D95->s8@group-4CD87B055E3A, cid=1984, seq=null, RW, null, SET_UNCONDITIONALLY, servers:[s7, s8, s9, s0, s1], listeners:[]
2024-10-31 03:26:32,928 INFO  server.RaftServer$Division (RaftServerImpl.java:setConfigurationAsync(1341)) - s7@group-4CD87B055E3A: receive setConfiguration SetConfigurationRequest:client-8FB543527D95->s7@group-4CD87B055E3A, cid=1984, seq=null, RW, null, SET_UNCONDITIONALLY, servers:[s7, s8, s9, s0, s1], listeners:[]
2024-10-31 03:26:33,029 INFO  server.RaftServer$Division (RaftServerImpl.java:setConfigurationAsync(1341)) - s9@group-4CD87B055E3A: receive setConfiguration SetConfigurationRequest:client-8FB543527D95->s9@group-4CD87B055E3A, cid=1984, seq=null, RW, null, SET_UNCONDITIONALLY, servers:[s7, s8, s9, s0, s1], listeners:[]
2024-10-31 03:26:33,129 INFO  server.RaftServer$Division (RaftServerImpl.java:setConfigurationAsync(1341)) - s7@group-4CD87B055E3A: receive setConfiguration SetConfigurationRequest:client-8FB543527D95->s7@group-4CD87B055E3A, cid=1984, seq=null, RW, null, SET_UNCONDITIONALLY, servers:[s7, s8, s9, s0, s1], listeners:[]
2024-10-31 03:26:33,230 INFO  server.RaftServer$Division (RaftServerImpl.java:setConfigurationAsync(1341)) - s9@group-4CD87B055E3A: receive setConfiguration SetConfigurationRequest:client-8FB543527D95->s9@group-4CD87B055E3A, cid=1984, seq=null, RW, null, SET_UNCONDITIONALLY, servers:[s7, s8, s9, s0, s1], listeners:[]
2024-10-31 03:26:33,330 INFO  server.RaftServer$Division (RaftServerImpl.java:setConfigurationAsync(1341)) - s7@group-4CD87B055E3A: receive setConfiguration SetConfigurationRequest:client-8FB543527D95->s7@group-4CD87B055E3A, cid=1984, seq=null, RW, null, SET_UNCONDITIONALLY, servers:[s7, s8, s9, s0, s1], listeners:[]
2024-10-31 03:26:33,430 INFO  server.RaftServer$Division (RaftServerImpl.java:setConfigurationAsync(1341)) - s8@group-4CD87B055E3A: receive setConfiguration SetConfigurationRequest:client-8FB543527D95->s8@group-4CD87B055E3A, cid=1984, seq=null, RW, null, SET_UNCONDITIONALLY, servers:[s7, s8, s9, s0, s1], listeners:[]
2024-10-31 03:26:33,531 INFO  server.RaftServer$Division (RaftServerImpl.java:setConfigurationAsync(1341)) - s7@group-4CD87B055E3A: receive setConfiguration SetConfigurationRequest:client-8FB543527D95->s7@group-4CD87B055E3A, cid=1984, seq=null, RW, null, SET_UNCONDITIONALLY, servers:[s7, s8, s9, s0, s1], listeners:[]
2024-10-31 03:26:33,631 INFO  server.RaftServer$Division (RaftServerImpl.java:setConfigurationAsync(1341)) - s8@group-4CD87B055E3A: receive setConfiguration SetConfigurationRequest:client-8FB543527D95->s8@group-4CD87B055E3A, cid=1984, seq=null, RW, null, SET_UNCONDITIONALLY, servers:[s7, s8, s9, s0, s1], listeners:[]
2024-10-31 03:26:33,731 INFO  server.RaftServer$Division (RaftServerImpl.java:setConfigurationAsync(1341)) - s7@group-4CD87B055E3A: receive setConfiguration SetConfigurationRequest:client-8FB543527D95->s7@group-4CD87B055E3A, cid=1984, seq=null, RW, null, SET_UNCONDITIONALLY, servers:[s7, s8, s9, s0, s1], listeners:[]
2024-10-31 03:26:33,831 INFO  server.RaftServer$Division (RaftServerImpl.java:setConfigurationAsync(1341)) - s8@group-4CD87B055E3A: receive setConfiguration SetConfigurationRequest:client-8FB543527D95->s8@group-4CD87B055E3A, cid=1984, seq=null, RW, null, SET_UNCONDITIONALLY, servers:[s7, s8, s9, s0, s1], listeners:[]
2024-10-31 03:26:33,932 INFO  server.RaftServer$Division (RaftServerImpl.java:setConfigurationAsync(1341)) - s7@group-4CD87B055E3A: receive setConfiguration SetConfigurationRequest:client-8FB543527D95->s7@group-4CD87B055E3A, cid=1984, seq=null, RW, null, SET_UNCONDITIONALLY, servers:[s7, s8, s9, s0, s1], listeners:[]
2024-10-31 03:26:34,032 INFO  server.RaftServer$Division (RaftServerImpl.java:setConfigurationAsync(1341)) - s9@group-4CD87B055E3A: receive setConfiguration SetConfigurationRequest:client-8FB543527D95->s9@group-4CD87B055E3A, cid=1984, seq=null, RW, null, SET_UNCONDITIONALLY, servers:[s7, s8, s9, s0, s1], listeners:[]
2024-10-31 03:26:34,132 INFO  server.RaftServer$Division (RaftServerImpl.java:setConfigurationAsync(1341)) - s7@group-4CD87B055E3A: receive setConfiguration SetConfigurationRequest:client-8FB543527D95->s7@group-4CD87B055E3A, cid=1984, seq=null, RW, null, SET_UNCONDITIONALLY, servers:[s7, s8, s9, s0, s1], listeners:[]
2024-10-31 03:26:34,233 INFO  server.RaftServer$Division (RaftServerImpl.java:setConfigurationAsync(1341)) - s9@group-4CD87B055E3A: receive setConfiguration SetConfigurationRequest:client-8FB543527D95->s9@group-4CD87B055E3A, cid=1984, seq=null, RW, null, SET_UNCONDITIONALLY, servers:[s7, s8, s9, s0, s1], listeners:[]
2024-10-31 03:26:34,333 INFO  server.RaftServer$Division (RaftServerImpl.java:setConfigurationAsync(1341)) - s7@group-4CD87B055E3A: receive setConfiguration SetConfigurationRequest:client-8FB543527D95->s7@group-4CD87B055E3A, cid=1984, seq=null, RW, null, SET_UNCONDITIONALLY, servers:[s7, s8, s9, s0, s1], listeners:[]
2024-10-31 03:26:34,434 INFO  server.RaftServer$Division (RaftServerImpl.java:setConfigurationAsync(1341)) - s8@group-4CD87B055E3A: receive setConfiguration SetConfigurationRequest:client-8FB543527D95->s8@group-4CD87B055E3A, cid=1984, seq=null, RW, null, SET_UNCONDITIONALLY, servers:[s7, s8, s9, s0, s1], listeners:[]
2024-10-31 03:26:34,534 INFO  server.RaftServer$Division (RaftServerImpl.java:setConfigurationAsync(1341)) - s7@group-4CD87B055E3A: receive setConfiguration SetConfigurationRequest:client-8FB543527D95->s7@group-4CD87B055E3A, cid=1984, seq=null, RW, null, SET_UNCONDITIONALLY, servers:[s7, s8, s9, s0, s1], listeners:[]
2024-10-31 03:26:34,634 INFO  server.RaftServer$Division (RaftServerImpl.java:setConfigurationAsync(1341)) - s9@group-4CD87B055E3A: receive setConfiguration SetConfigurationRequest:client-8FB543527D95->s9@group-4CD87B055E3A, cid=1984, seq=null, RW, null, SET_UNCONDITIONALLY, servers:[s7, s8, s9, s0, s1], listeners:[]
2024-10-31 03:26:34,735 INFO  server.RaftServer$Division (RaftServerImpl.java:setConfigurationAsync(1341)) - s7@group-4CD87B055E3A: receive setConfiguration SetConfigurationRequest:client-8FB543527D95->s7@group-4CD87B055E3A, cid=1984, seq=null, RW, null, SET_UNCONDITIONALLY, servers:[s7, s8, s9, s0, s1], listeners:[]
2024-10-31 03:26:34,835 INFO  server.RaftServer$Division (RaftServerImpl.java:setConfigurationAsync(1341)) - s8@group-4CD87B055E3A: receive setConfiguration SetConfigurationRequest:client-8FB543527D95->s8@group-4CD87B055E3A, cid=1984, seq=null, RW, null, SET_UNCONDITIONALLY, servers:[s7, s8, s9, s0, s1], listeners:[]
2024-10-31 03:26:34,936 INFO  server.RaftServer$Division (RaftServerImpl.java:setConfigurationAsync(1341)) - s7@group-4CD87B055E3A: receive setConfiguration SetConfigurationRequest:client-8FB543527D95->s7@group-4CD87B055E3A, cid=1984, seq=null, RW, null, SET_UNCONDITIONALLY, servers:[s7, s8, s9, s0, s1], listeners:[]
2024-10-31 03:26:35,036 INFO  server.RaftServer$Division (RaftServerImpl.java:setConfigurationAsync(1341)) - s9@group-4CD87B055E3A: receive setConfiguration SetConfigurationRequest:client-8FB543527D95->s9@group-4CD87B055E3A, cid=1984, seq=null, RW, null, SET_UNCONDITIONALLY, servers:[s7, s8, s9, s0, s1], listeners:[]
2024-10-31 03:26:35,136 INFO  server.RaftServer$Division (RaftServerImpl.java:setConfigurationAsync(1341)) - s7@group-4CD87B055E3A: receive setConfiguration SetConfigurationRequest:client-8FB543527D95->s7@group-4CD87B055E3A, cid=1984, seq=null, RW, null, SET_UNCONDITIONALLY, servers:[s7, s8, s9, s0, s1], listeners:[]
2024-10-31 03:26:35,237 INFO  server.RaftServer$Division (RaftServerImpl.java:setConfigurationAsync(1341)) - s8@group-4CD87B055E3A: receive setConfiguration SetConfigurationRequest:client-8FB543527D95->s8@group-4CD87B055E3A, cid=1984, seq=null, RW, null, SET_UNCONDITIONALLY, servers:[s7, s8, s9, s0, s1], listeners:[]
2024-10-31 03:26:35,337 INFO  server.RaftServer$Division (RaftServerImpl.java:setConfigurationAsync(1341)) - s7@group-4CD87B055E3A: receive setConfiguration SetConfigurationRequest:client-8FB543527D95->s7@group-4CD87B055E3A, cid=1984, seq=null, RW, null, SET_UNCONDITIONALLY, servers:[s7, s8, s9, s0, s1], listeners:[]
2024-10-31 03:26:35,438 INFO  server.RaftServer$Division (RaftServerImpl.java:setConfigurationAsync(1341)) - s8@group-4CD87B055E3A: receive setConfiguration SetConfigurationRequest:client-8FB543527D95->s8@group-4CD87B055E3A, cid=1984, seq=null, RW, null, SET_UNCONDITIONALLY, servers:[s7, s8, s9, s0, s1], listeners:[]
2024-10-31 03:26:35,538 INFO  server.RaftServer$Division (RaftServerImpl.java:setConfigurationAsync(1341)) - s7@group-4CD87B055E3A: receive setConfiguration SetConfigurationRequest:client-8FB543527D95->s7@group-4CD87B055E3A, cid=1984, seq=null, RW, null, SET_UNCONDITIONALLY, servers:[s7, s8, s9, s0, s1], listeners:[]
2024-10-31 03:26:35,638 INFO  server.RaftServer$Division (RaftServerImpl.java:setConfigurationAsync(1341)) - s9@group-4CD87B055E3A: receive setConfiguration SetConfigurationRequest:client-8FB543527D95->s9@group-4CD87B055E3A, cid=1984, seq=null, RW, null, SET_UNCONDITIONALLY, servers:[s7, s8, s9, s0, s1], listeners:[]
2024-10-31 03:26:35,739 INFO  server.RaftServer$Division (RaftServerImpl.java:setConfigurationAsync(1341)) - s7@group-4CD87B055E3A: receive setConfiguration SetConfigurationRequest:client-8FB543527D95->s7@group-4CD87B055E3A, cid=1984, seq=null, RW, null, SET_UNCONDITIONALLY, servers:[s7, s8, s9, s0, s1], listeners:[]
2024-10-31 03:26:35,839 INFO  server.RaftServer$Division (RaftServerImpl.java:setConfigurationAsync(1341)) - s9@group-4CD87B055E3A: receive setConfiguration SetConfigurationRequest:client-8FB543527D95->s9@group-4CD87B055E3A, cid=1984, seq=null, RW, null, SET_UNCONDITIONALLY, servers:[s7, s8, s9, s0, s1], listeners:[]
2024-10-31 03:26:35,939 INFO  server.RaftServer$Division (RaftServerImpl.java:setConfigurationAsync(1341)) - s7@group-4CD87B055E3A: receive setConfiguration SetConfigurationRequest:client-8FB543527D95->s7@group-4CD87B055E3A, cid=1984, seq=null, RW, null, SET_UNCONDITIONALLY, servers:[s7, s8, s9, s0, s1], listeners:[]
2024-10-31 03:26:35,992 INFO  impl.MiniRaftCluster (MiniRaftCluster.java:lambda$null$7(362)) - TIMED-PRINT: printing ALL groups
  s3:  RUNNING [
   FOLLOWER s3@group-4EB49E3E6D70:t0, leader=null, voted=, raftlog=Memoized:s3@group-4EB49E3E6D70-SegmentedRaftLog:OPENED:c-1:lastnull, conf=conf: {index: -1, cur=peers:[]|listeners:[], old=null} STARTING
   FOLLOWER s3@group-4CD87B055E3A:t0, leader=null, voted=, raftlog=Memoized:s3@group-4CD87B055E3A-SegmentedRaftLog:OPENED:c-1:lastnull, conf=conf: {index: -1, cur=peers:[]|listeners:[], old=null} STARTING] size=2
  s4:  RUNNING [
   FOLLOWER s4@group-4EB49E3E6D70:t0, leader=null, voted=, raftlog=Memoized:s4@group-4EB49E3E6D70-SegmentedRaftLog:OPENED:c-1:lastnull, conf=conf: {index: -1, cur=peers:[]|listeners:[], old=null} STARTING
   FOLLOWER s4@group-4CD87B055E3A:t0, leader=null, voted=, raftlog=Memoized:s4@group-4CD87B055E3A-SegmentedRaftLog:OPENED:c-1:lastnull, conf=conf: {index: -1, cur=peers:[]|listeners:[], old=null} STARTING] size=2
  s5:  RUNNING [
   FOLLOWER s5@group-4EB49E3E6D70:t0, leader=null, voted=, raftlog=Memoized:s5@group-4EB49E3E6D70-SegmentedRaftLog:OPENED:c-1:lastnull, conf=conf: {index: -1, cur=peers:[]|listeners:[], old=null} STARTING
   FOLLOWER s5@group-4CD87B055E3A:t0, leader=null, voted=, raftlog=Memoized:s5@group-4CD87B055E3A-SegmentedRaftLog:OPENED:c-1:lastnull, conf=conf: {index: -1, cur=peers:[]|listeners:[], old=null} STARTING] size=2
  s6:  RUNNING [
   FOLLOWER s6@group-4EB49E3E6D70:t0, leader=null, voted=, raftlog=Memoized:s6@group-4EB49E3E6D70-SegmentedRaftLog:OPENED:c-1:lastnull, conf=conf: {index: -1, cur=peers:[]|listeners:[], old=null} STARTING
   FOLLOWER s6@group-4CD87B055E3A:t0, leader=null, voted=, raftlog=Memoized:s6@group-4CD87B055E3A-SegmentedRaftLog:OPENED:c-1:lastnull, conf=conf: {index: -1, cur=peers:[]|listeners:[], old=null} STARTING] size=2
  s7:  RUNNING [
   FOLLOWER s7@group-4EB49E3E6D70:t0, leader=null, voted=, raftlog=Memoized:s7@group-4EB49E3E6D70-SegmentedRaftLog:OPENED:c-1:lastnull, conf=conf: {index: -1, cur=peers:[]|listeners:[], old=null} STARTING
     LEADER s7@group-4CD87B055E3A:t1, leader=s7, voted=s7, raftlog=Memoized:s7@group-4CD87B055E3A-SegmentedRaftLog:OPENED:c120:last(t:1, i:120), conf=conf: {index: 0, cur=peers:[s7, s8, s9]|listeners:[], old=null} RUNNING] size=2
  s8:  RUNNING [
   FOLLOWER s8@group-4EB49E3E6D70:t0, leader=null, voted=, raftlog=Memoized:s8@group-4EB49E3E6D70-SegmentedRaftLog:OPENED:c-1:lastnull, conf=conf: {index: -1, cur=peers:[]|listeners:[], old=null} STARTING
   FOLLOWER s8@group-4CD87B055E3A:t1, leader=s7, voted=s7, raftlog=Memoized:s8@group-4CD87B055E3A-SegmentedRaftLog:OPENED:c120:last(t:1, i:120), conf=conf: {index: 0, cur=peers:[s7|, s8|, s9|]|listeners:[], old=null} RUNNING] size=2
  s9:  RUNNING [
   FOLLOWER s9@group-4EB49E3E6D70:t0, leader=null, voted=, raftlog=Memoized:s9@group-4EB49E3E6D70-SegmentedRaftLog:OPENED:c-1:lastnull, conf=conf: {index: -1, cur=peers:[]|listeners:[], old=null} STARTING
   FOLLOWER s9@group-4CD87B055E3A:t1, leader=s7, voted=s7, raftlog=Memoized:s9@group-4CD87B055E3A-SegmentedRaftLog:OPENED:c120:last(t:1, i:120), conf=conf: {index: 0, cur=peers:[s7|, s8|, s9|]|listeners:[], old=null} RUNNING] size=2
  s11:  RUNNING [
   FOLLOWER s11@group-4EB49E3E6D70:t0, leader=null, voted=, raftlog=Memoized:s11@group-4EB49E3E6D70-SegmentedRaftLog:OPENED:c-1:lastnull, conf=conf: {index: -1, cur=peers:[]|listeners:[], old=null} STARTING
   FOLLOWER s11@group-4CD87B055E3A:t0, leader=null, voted=, raftlog=Memoized:s11@group-4CD87B055E3A-SegmentedRaftLog:OPENED:c-1:lastnull, conf=conf: {index: -1, cur=peers:[]|listeners:[], old=null} STARTING] size=2
  s10:  RUNNING [
   FOLLOWER s10@group-4EB49E3E6D70:t0, leader=null, voted=, raftlog=Memoized:s10@group-4EB49E3E6D70-SegmentedRaftLog:OPENED:c-1:lastnull, conf=conf: {index: -1, cur=peers:[]|listeners:[], old=null} STARTING
   FOLLOWER s10@group-4CD87B055E3A:t0, leader=null, voted=, raftlog=Memoized:s10@group-4CD87B055E3A-SegmentedRaftLog:OPENED:c-1:lastnull, conf=conf: {index: -1, cur=peers:[]|listeners:[], old=null} STARTING] size=2
  s13:  RUNNING [
   FOLLOWER s13@group-4EB49E3E6D70:t0, leader=null, voted=, raftlog=Memoized:s13@group-4EB49E3E6D70-SegmentedRaftLog:OPENED:c-1:lastnull, conf=conf: {index: -1, cur=peers:[]|listeners:[], old=null} STARTING
   FOLLOWER s13@group-4CD87B055E3A:t0, leader=null, voted=, raftlog=Memoized:s13@group-4CD87B055E3A-SegmentedRaftLog:OPENED:c-1:lastnull, conf=conf: {index: -1, cur=peers:[]|listeners:[], old=null} STARTING] size=2
  s12:  RUNNING [
   FOLLOWER s12@group-4EB49E3E6D70:t0, leader=null, voted=, raftlog=Memoized:s12@group-4EB49E3E6D70-SegmentedRaftLog:OPENED:c-1:lastnull, conf=conf: {index: -1, cur=peers:[]|listeners:[], old=null} STARTING
   FOLLOWER s12@group-4CD87B055E3A:t0, leader=null, voted=, raftlog=Memoized:s12@group-4CD87B055E3A-SegmentedRaftLog:OPENED:c-1:lastnull, conf=conf: {index: -1, cur=peers:[]|listeners:[], old=null} STARTING] size=2
  s14:  RUNNING [
   FOLLOWER s14@group-4EB49E3E6D70:t0, leader=null, voted=, raftlog=Memoized:s14@group-4EB49E3E6D70-SegmentedRaftLog:OPENED:c-1:lastnull, conf=conf: {index: -1, cur=peers:[]|listeners:[], old=null} STARTING
   FOLLOWER s14@group-4CD87B055E3A:t0, leader=null, voted=, raftlog=Memoized:s14@group-4CD87B055E3A-SegmentedRaftLog:OPENED:c-1:lastnull, conf=conf: {index: -1, cur=peers:[]|listeners:[], old=null} STARTING] size=2
  s0:  RUNNING [
   FOLLOWER s0@group-4EB49E3E6D70:t0, leader=null, voted=, raftlog=Memoized:s0@group-4EB49E3E6D70-SegmentedRaftLog:OPENED:c-1:lastnull, conf=conf: {index: -1, cur=peers:[]|listeners:[], old=null} STARTING
   FOLLOWER s0@group-4CD87B055E3A:t1, leader=s7, voted=null, raftlog=Memoized:s0@group-4CD87B055E3A-SegmentedRaftLog:OPENED:c120:last(t:1, i:120), conf=conf: {index: 0, cur=peers:[s7|, s8|, s9|]|listeners:[], old=null} STARTING] size=2
  s1:  RUNNING [
   FOLLOWER s1@group-4EB49E3E6D70:t0, leader=null, voted=, raftlog=Memoized:s1@group-4EB49E3E6D70-SegmentedRaftLog:OPENED:c-1:lastnull, conf=conf: {index: -1, cur=peers:[]|listeners:[], old=null} STARTING
   FOLLOWER s1@group-4CD87B055E3A:t1, leader=s7, voted=null, raftlog=Memoized:s1@group-4CD87B055E3A-SegmentedRaftLog:OPENED:c120:last(t:1, i:120), conf=conf: {index: 0, cur=peers:[s7|, s8|, s9|]|listeners:[], old=null} STARTING] size=2
  s2:  RUNNING [
   FOLLOWER s2@group-4EB49E3E6D70:t0, leader=null, voted=, raftlog=Memoized:s2@group-4EB49E3E6D70-SegmentedRaftLog:OPENED:c-1:lastnull, conf=conf: {index: -1, cur=peers:[]|listeners:[], old=null} STARTING
   FOLLOWER s2@group-4CD87B055E3A:t0, leader=null, voted=, raftlog=Memoized:s2@group-4CD87B055E3A-SegmentedRaftLog:OPENED:c-1:lastnull, conf=conf: {index: -1, cur=peers:[]|listeners:[], old=null} STARTING] size=2
2024-10-31 03:26:36,040 INFO  server.RaftServer$Division (RaftServerImpl.java:setConfigurationAsync(1341)) - s8@group-4CD87B055E3A: receive setConfiguration SetConfigurationRequest:client-8FB543527D95->s8@group-4CD87B055E3A, cid=1984, seq=null, RW, null, SET_UNCONDITIONALLY, servers:[s7, s8, s9, s0, s1], listeners:[]
2024-10-31 03:26:36,140 INFO  server.RaftServer$Division (RaftServerImpl.java:setConfigurationAsync(1341)) - s7@group-4CD87B055E3A: receive setConfiguration SetConfigurationRequest:client-8FB543527D95->s7@group-4CD87B055E3A, cid=1984, seq=null, RW, null, SET_UNCONDITIONALLY, servers:[s7, s8, s9, s0, s1], listeners:[]
2024-10-31 03:26:36,241 INFO  server.RaftServer$Division (RaftServerImpl.java:setConfigurationAsync(1341)) - s8@group-4CD87B055E3A: receive setConfiguration SetConfigurationRequest:client-8FB543527D95->s8@group-4CD87B055E3A, cid=1984, seq=null, RW, null, SET_UNCONDITIONALLY, servers:[s7, s8, s9, s0, s1], listeners:[]
2024-10-31 03:26:36,341 INFO  server.RaftServer$Division (RaftServerImpl.java:setConfigurationAsync(1341)) - s7@group-4CD87B055E3A: receive setConfiguration SetConfigurationRequest:client-8FB543527D95->s7@group-4CD87B055E3A, cid=1984, seq=null, RW, null, SET_UNCONDITIONALLY, servers:[s7, s8, s9, s0, s1], listeners:[]
2024-10-31 03:26:36,441 INFO  server.RaftServer$Division (RaftServerImpl.java:setConfigurationAsync(1341)) - s9@group-4CD87B055E3A: receive setConfiguration SetConfigurationRequest:client-8FB543527D95->s9@group-4CD87B055E3A, cid=1984, seq=null, RW, null, SET_UNCONDITIONALLY, servers:[s7, s8, s9, s0, s1], listeners:[]
2024-10-31 03:26:36,542 INFO  server.RaftServer$Division (RaftServerImpl.java:setConfigurationAsync(1341)) - s7@group-4CD87B055E3A: receive setConfiguration SetConfigurationRequest:client-8FB543527D95->s7@group-4CD87B055E3A, cid=1984, seq=null, RW, null, SET_UNCONDITIONALLY, servers:[s7, s8, s9, s0, s1], listeners:[]
2024-10-31 03:26:36,642 INFO  server.RaftServer$Division (RaftServerImpl.java:setConfigurationAsync(1341)) - s9@group-4CD87B055E3A: receive setConfiguration SetConfigurationRequest:client-8FB543527D95->s9@group-4CD87B055E3A, cid=1984, seq=null, RW, null, SET_UNCONDITIONALLY, servers:[s7, s8, s9, s0, s1], listeners:[]
2024-10-31 03:26:36,742 INFO  server.RaftServer$Division (RaftServerImpl.java:setConfigurationAsync(1341)) - s7@group-4CD87B055E3A: receive setConfiguration SetConfigurationRequest:client-8FB543527D95->s7@group-4CD87B055E3A, cid=1984, seq=null, RW, null, SET_UNCONDITIONALLY, servers:[s7, s8, s9, s0, s1], listeners:[]
2024-10-31 03:26:36,843 INFO  server.RaftServer$Division (RaftServerImpl.java:setConfigurationAsync(1341)) - s9@group-4CD87B055E3A: receive setConfiguration SetConfigurationRequest:client-8FB543527D95->s9@group-4CD87B055E3A, cid=1984, seq=null, RW, null, SET_UNCONDITIONALLY, servers:[s7, s8, s9, s0, s1], listeners:[]
2024-10-31 03:26:36,943 INFO  server.RaftServer$Division (RaftServerImpl.java:setConfigurationAsync(1341)) - s7@group-4CD87B055E3A: receive setConfiguration SetConfigurationRequest:client-8FB543527D95->s7@group-4CD87B055E3A, cid=1984, seq=null, RW, null, SET_UNCONDITIONALLY, servers:[s7, s8, s9, s0, s1], listeners:[]
2024-10-31 03:26:37,043 INFO  server.RaftServer$Division (RaftServerImpl.java:setConfigurationAsync(1341)) - s9@group-4CD87B055E3A: receive setConfiguration SetConfigurationRequest:client-8FB543527D95->s9@group-4CD87B055E3A, cid=1984, seq=null, RW, null, SET_UNCONDITIONALLY, servers:[s7, s8, s9, s0, s1], listeners:[]
2024-10-31 03:26:37,144 INFO  server.RaftServer$Division (RaftServerImpl.java:setConfigurationAsync(1341)) - s7@group-4CD87B055E3A: receive setConfiguration SetConfigurationRequest:client-8FB543527D95->s7@group-4CD87B055E3A, cid=1984, seq=null, RW, null, SET_UNCONDITIONALLY, servers:[s7, s8, s9, s0, s1], listeners:[]
2024-10-31 03:26:37,244 INFO  server.RaftServer$Division (RaftServerImpl.java:setConfigurationAsync(1341)) - s8@group-4CD87B055E3A: receive setConfiguration SetConfigurationRequest:client-8FB543527D95->s8@group-4CD87B055E3A, cid=1984, seq=null, RW, null, SET_UNCONDITIONALLY, servers:[s7, s8, s9, s0, s1], listeners:[]
2024-10-31 03:26:37,344 INFO  server.RaftServer$Division (RaftServerImpl.java:setConfigurationAsync(1341)) - s7@group-4CD87B055E3A: receive setConfiguration SetConfigurationRequest:client-8FB543527D95->s7@group-4CD87B055E3A, cid=1984, seq=null, RW, null, SET_UNCONDITIONALLY, servers:[s7, s8, s9, s0, s1], listeners:[]
2024-10-31 03:26:37,445 INFO  server.RaftServer$Division (RaftServerImpl.java:setConfigurationAsync(1341)) - s9@group-4CD87B055E3A: receive setConfiguration SetConfigurationRequest:client-8FB543527D95->s9@group-4CD87B055E3A, cid=1984, seq=null, RW, null, SET_UNCONDITIONALLY, servers:[s7, s8, s9, s0, s1], listeners:[]
2024-10-31 03:26:37,545 INFO  server.RaftServer$Division (RaftServerImpl.java:setConfigurationAsync(1341)) - s7@group-4CD87B055E3A: receive setConfiguration SetConfigurationRequest:client-8FB543527D95->s7@group-4CD87B055E3A, cid=1984, seq=null, RW, null, SET_UNCONDITIONALLY, servers:[s7, s8, s9, s0, s1], listeners:[]
2024-10-31 03:26:37,645 INFO  server.RaftServer$Division (RaftServerImpl.java:setConfigurationAsync(1341)) - s8@group-4CD87B055E3A: receive setConfiguration SetConfigurationRequest:client-8FB543527D95->s8@group-4CD87B055E3A, cid=1984, seq=null, RW, null, SET_UNCONDITIONALLY, servers:[s7, s8, s9, s0, s1], listeners:[]
2024-10-31 03:26:37,746 INFO  server.RaftServer$Division (RaftServerImpl.java:setConfigurationAsync(1341)) - s7@group-4CD87B055E3A: receive setConfiguration SetConfigurationRequest:client-8FB543527D95->s7@group-4CD87B055E3A, cid=1984, seq=null, RW, null, SET_UNCONDITIONALLY, servers:[s7, s8, s9, s0, s1], listeners:[]
2024-10-31 03:26:37,846 INFO  server.RaftServer$Division (RaftServerImpl.java:setConfigurationAsync(1341)) - s9@group-4CD87B055E3A: receive setConfiguration SetConfigurationRequest:client-8FB543527D95->s9@group-4CD87B055E3A, cid=1984, seq=null, RW, null, SET_UNCONDITIONALLY, servers:[s7, s8, s9, s0, s1], listeners:[]
2024-10-31 03:26:37,946 INFO  server.RaftServer$Division (RaftServerImpl.java:setConfigurationAsync(1341)) - s7@group-4CD87B055E3A: receive setConfiguration SetConfigurationRequest:client-8FB543527D95->s7@group-4CD87B055E3A, cid=1984, seq=null, RW, null, SET_UNCONDITIONALLY, servers:[s7, s8, s9, s0, s1], listeners:[]
2024-10-31 03:26:38,047 INFO  server.RaftServer$Division (RaftServerImpl.java:setConfigurationAsync(1341)) - s8@group-4CD87B055E3A: receive setConfiguration SetConfigurationRequest:client-8FB543527D95->s8@group-4CD87B055E3A, cid=1984, seq=null, RW, null, SET_UNCONDITIONALLY, servers:[s7, s8, s9, s0, s1], listeners:[]
2024-10-31 03:26:38,147 INFO  server.RaftServer$Division (RaftServerImpl.java:setConfigurationAsync(1341)) - s7@group-4CD87B055E3A: receive setConfiguration SetConfigurationRequest:client-8FB543527D95->s7@group-4CD87B055E3A, cid=1984, seq=null, RW, null, SET_UNCONDITIONALLY, servers:[s7, s8, s9, s0, s1], listeners:[]
2024-10-31 03:26:38,248 INFO  server.RaftServer$Division (RaftServerImpl.java:setConfigurationAsync(1341)) - s8@group-4CD87B055E3A: receive setConfiguration SetConfigurationRequest:client-8FB543527D95->s8@group-4CD87B055E3A, cid=1984, seq=null, RW, null, SET_UNCONDITIONALLY, servers:[s7, s8, s9, s0, s1], listeners:[]
2024-10-31 03:26:38,348 INFO  server.RaftServer$Division (RaftServerImpl.java:setConfigurationAsync(1341)) - s7@group-4CD87B055E3A: receive setConfiguration SetConfigurationRequest:client-8FB543527D95->s7@group-4CD87B055E3A, cid=1984, seq=null, RW, null, SET_UNCONDITIONALLY, servers:[s7, s8, s9, s0, s1], listeners:[]
2024-10-31 03:26:38,448 INFO  server.RaftServer$Division (RaftServerImpl.java:setConfigurationAsync(1341)) - s8@group-4CD87B055E3A: receive setConfiguration SetConfigurationRequest:client-8FB543527D95->s8@group-4CD87B055E3A, cid=1984, seq=null, RW, null, SET_UNCONDITIONALLY, servers:[s7, s8, s9, s0, s1], listeners:[]
2024-10-31 03:26:38,549 INFO  server.RaftServer$Division (RaftServerImpl.java:setConfigurationAsync(1341)) - s7@group-4CD87B055E3A: receive setConfiguration SetConfigurationRequest:client-8FB543527D95->s7@group-4CD87B055E3A, cid=1984, seq=null, RW, null, SET_UNCONDITIONALLY, servers:[s7, s8, s9, s0, s1], listeners:[]
2024-10-31 03:26:38,649 INFO  server.RaftServer$Division (RaftServerImpl.java:setConfigurationAsync(1341)) - s9@group-4CD87B055E3A: receive setConfiguration SetConfigurationRequest:client-8FB543527D95->s9@group-4CD87B055E3A, cid=1984, seq=null, RW, null, SET_UNCONDITIONALLY, servers:[s7, s8, s9, s0, s1], listeners:[]
2024-10-31 03:26:38,750 INFO  server.RaftServer$Division (RaftServerImpl.java:setConfigurationAsync(1341)) - s7@group-4CD87B055E3A: receive setConfiguration SetConfigurationRequest:client-8FB543527D95->s7@group-4CD87B055E3A, cid=1984, seq=null, RW, null, SET_UNCONDITIONALLY, servers:[s7, s8, s9, s0, s1], listeners:[]
2024-10-31 03:26:38,850 INFO  server.RaftServer$Division (RaftServerImpl.java:setConfigurationAsync(1341)) - s8@group-4CD87B055E3A: receive setConfiguration SetConfigurationRequest:client-8FB543527D95->s8@group-4CD87B055E3A, cid=1984, seq=null, RW, null, SET_UNCONDITIONALLY, servers:[s7, s8, s9, s0, s1], listeners:[]
2024-10-31 03:26:38,950 INFO  server.RaftServer$Division (RaftServerImpl.java:setConfigurationAsync(1341)) - s7@group-4CD87B055E3A: receive setConfiguration SetConfigurationRequest:client-8FB543527D95->s7@group-4CD87B055E3A, cid=1984, seq=null, RW, null, SET_UNCONDITIONALLY, servers:[s7, s8, s9, s0, s1], listeners:[]
2024-10-31 03:26:39,051 INFO  server.RaftServer$Division (RaftServerImpl.java:setConfigurationAsync(1341)) - s8@group-4CD87B055E3A: receive setConfiguration SetConfigurationRequest:client-8FB543527D95->s8@group-4CD87B055E3A, cid=1984, seq=null, RW, null, SET_UNCONDITIONALLY, servers:[s7, s8, s9, s0, s1], listeners:[]
2024-10-31 03:26:39,151 INFO  server.RaftServer$Division (RaftServerImpl.java:setConfigurationAsync(1341)) - s7@group-4CD87B055E3A: receive setConfiguration SetConfigurationRequest:client-8FB543527D95->s7@group-4CD87B055E3A, cid=1984, seq=null, RW, null, SET_UNCONDITIONALLY, servers:[s7, s8, s9, s0, s1], listeners:[]
2024-10-31 03:26:39,252 INFO  server.RaftServer$Division (RaftServerImpl.java:setConfigurationAsync(1341)) - s8@group-4CD87B055E3A: receive setConfiguration SetConfigurationRequest:client-8FB543527D95->s8@group-4CD87B055E3A, cid=1984, seq=null, RW, null, SET_UNCONDITIONALLY, servers:[s7, s8, s9, s0, s1], listeners:[]
2024-10-31 03:26:39,352 INFO  server.RaftServer$Division (RaftServerImpl.java:setConfigurationAsync(1341)) - s7@group-4CD87B055E3A: receive setConfiguration SetConfigurationRequest:client-8FB543527D95->s7@group-4CD87B055E3A, cid=1984, seq=null, RW, null, SET_UNCONDITIONALLY, servers:[s7, s8, s9, s0, s1], listeners:[]
2024-10-31 03:26:39,452 INFO  server.RaftServer$Division (RaftServerImpl.java:setConfigurationAsync(1341)) - s9@group-4CD87B055E3A: receive setConfiguration SetConfigurationRequest:client-8FB543527D95->s9@group-4CD87B055E3A, cid=1984, seq=null, RW, null, SET_UNCONDITIONALLY, servers:[s7, s8, s9, s0, s1], listeners:[]
2024-10-31 03:26:39,553 INFO  server.RaftServer$Division (RaftServerImpl.java:setConfigurationAsync(1341)) - s7@group-4CD87B055E3A: receive setConfiguration SetConfigurationRequest:client-8FB543527D95->s7@group-4CD87B055E3A, cid=1984, seq=null, RW, null, SET_UNCONDITIONALLY, servers:[s7, s8, s9, s0, s1], listeners:[]
2024-10-31 03:26:39,653 INFO  server.RaftServer$Division (RaftServerImpl.java:setConfigurationAsync(1341)) - s9@group-4CD87B055E3A: receive setConfiguration SetConfigurationRequest:client-8FB543527D95->s9@group-4CD87B055E3A, cid=1984, seq=null, RW, null, SET_UNCONDITIONALLY, servers:[s7, s8, s9, s0, s1], listeners:[]
2024-10-31 03:26:39,754 INFO  server.RaftServer$Division (RaftServerImpl.java:setConfigurationAsync(1341)) - s7@group-4CD87B055E3A: receive setConfiguration SetConfigurationRequest:client-8FB543527D95->s7@group-4CD87B055E3A, cid=1984, seq=null, RW, null, SET_UNCONDITIONALLY, servers:[s7, s8, s9, s0, s1], listeners:[]
2024-10-31 03:26:39,854 INFO  server.RaftServer$Division (RaftServerImpl.java:setConfigurationAsync(1341)) - s9@group-4CD87B055E3A: receive setConfiguration SetConfigurationRequest:client-8FB543527D95->s9@group-4CD87B055E3A, cid=1984, seq=null, RW, null, SET_UNCONDITIONALLY, servers:[s7, s8, s9, s0, s1], listeners:[]
2024-10-31 03:26:39,954 INFO  server.RaftServer$Division (RaftServerImpl.java:setConfigurationAsync(1341)) - s7@group-4CD87B055E3A: receive setConfiguration SetConfigurationRequest:client-8FB543527D95->s7@group-4CD87B055E3A, cid=1984, seq=null, RW, null, SET_UNCONDITIONALLY, servers:[s7, s8, s9, s0, s1], listeners:[]
2024-10-31 03:26:40,055 INFO  server.RaftServer$Division (RaftServerImpl.java:setConfigurationAsync(1341)) - s9@group-4CD87B055E3A: receive setConfiguration SetConfigurationRequest:client-8FB543527D95->s9@group-4CD87B055E3A, cid=1984, seq=null, RW, null, SET_UNCONDITIONALLY, servers:[s7, s8, s9, s0, s1], listeners:[]
2024-10-31 03:26:40,155 INFO  server.RaftServer$Division (RaftServerImpl.java:setConfigurationAsync(1341)) - s7@group-4CD87B055E3A: receive setConfiguration SetConfigurationRequest:client-8FB543527D95->s7@group-4CD87B055E3A, cid=1984, seq=null, RW, null, SET_UNCONDITIONALLY, servers:[s7, s8, s9, s0, s1], listeners:[]
2024-10-31 03:26:40,256 INFO  server.RaftServer$Division (RaftServerImpl.java:setConfigurationAsync(1341)) - s8@group-4CD87B055E3A: receive setConfiguration SetConfigurationRequest:client-8FB543527D95->s8@group-4CD87B055E3A, cid=1984, seq=null, RW, null, SET_UNCONDITIONALLY, servers:[s7, s8, s9, s0, s1], listeners:[]
2024-10-31 03:26:40,356 INFO  server.RaftServer$Division (RaftServerImpl.java:setConfigurationAsync(1341)) - s7@group-4CD87B055E3A: receive setConfiguration SetConfigurationRequest:client-8FB543527D95->s7@group-4CD87B055E3A, cid=1984, seq=null, RW, null, SET_UNCONDITIONALLY, servers:[s7, s8, s9, s0, s1], listeners:[]
2024-10-31 03:26:40,456 INFO  server.RaftServer$Division (RaftServerImpl.java:setConfigurationAsync(1341)) - s9@group-4CD87B055E3A: receive setConfiguration SetConfigurationRequest:client-8FB543527D95->s9@group-4CD87B055E3A, cid=1984, seq=null, RW, null, SET_UNCONDITIONALLY, servers:[s7, s8, s9, s0, s1], listeners:[]
2024-10-31 03:26:40,557 INFO  server.RaftServer$Division (RaftServerImpl.java:setConfigurationAsync(1341)) - s7@group-4CD87B055E3A: receive setConfiguration SetConfigurationRequest:client-8FB543527D95->s7@group-4CD87B055E3A, cid=1984, seq=null, RW, null, SET_UNCONDITIONALLY, servers:[s7, s8, s9, s0, s1], listeners:[]
2024-10-31 03:26:40,657 INFO  server.RaftServer$Division (RaftServerImpl.java:setConfigurationAsync(1341)) - s8@group-4CD87B055E3A: receive setConfiguration SetConfigurationRequest:client-8FB543527D95->s8@group-4CD87B055E3A, cid=1984, seq=null, RW, null, SET_UNCONDITIONALLY, servers:[s7, s8, s9, s0, s1], listeners:[]
2024-10-31 03:26:40,758 INFO  server.RaftServer$Division (RaftServerImpl.java:setConfigurationAsync(1341)) - s7@group-4CD87B055E3A: receive setConfiguration SetConfigurationRequest:client-8FB543527D95->s7@group-4CD87B055E3A, cid=1984, seq=null, RW, null, SET_UNCONDITIONALLY, servers:[s7, s8, s9, s0, s1], listeners:[]
2024-10-31 03:26:40,858 INFO  server.RaftServer$Division (RaftServerImpl.java:setConfigurationAsync(1341)) - s8@group-4CD87B055E3A: receive setConfiguration SetConfigurationRequest:client-8FB543527D95->s8@group-4CD87B055E3A, cid=1984, seq=null, RW, null, SET_UNCONDITIONALLY, servers:[s7, s8, s9, s0, s1], listeners:[]
2024-10-31 03:26:40,958 INFO  server.RaftServer$Division (RaftServerImpl.java:setConfigurationAsync(1341)) - s7@group-4CD87B055E3A: receive setConfiguration SetConfigurationRequest:client-8FB543527D95->s7@group-4CD87B055E3A, cid=1984, seq=null, RW, null, SET_UNCONDITIONALLY, servers:[s7, s8, s9, s0, s1], listeners:[]
2024-10-31 03:26:41,059 INFO  server.RaftServer$Division (RaftServerImpl.java:setConfigurationAsync(1341)) - s8@group-4CD87B055E3A: receive setConfiguration SetConfigurationRequest:client-8FB543527D95->s8@group-4CD87B055E3A, cid=1984, seq=null, RW, null, SET_UNCONDITIONALLY, servers:[s7, s8, s9, s0, s1], listeners:[]
2024-10-31 03:26:41,159 INFO  server.RaftServer$Division (RaftServerImpl.java:setConfigurationAsync(1341)) - s7@group-4CD87B055E3A: receive setConfiguration SetConfigurationRequest:client-8FB543527D95->s7@group-4CD87B055E3A, cid=1984, seq=null, RW, null, SET_UNCONDITIONALLY, servers:[s7, s8, s9, s0, s1], listeners:[]
2024-10-31 03:26:41,259 INFO  server.RaftServer$Division (RaftServerImpl.java:setConfigurationAsync(1341)) - s9@group-4CD87B055E3A: receive setConfiguration SetConfigurationRequest:client-8FB543527D95->s9@group-4CD87B055E3A, cid=1984, seq=null, RW, null, SET_UNCONDITIONALLY, servers:[s7, s8, s9, s0, s1], listeners:[]
2024-10-31 03:26:41,360 INFO  server.RaftServer$Division (RaftServerImpl.java:setConfigurationAsync(1341)) - s7@group-4CD87B055E3A: receive setConfiguration SetConfigurationRequest:client-8FB543527D95->s7@group-4CD87B055E3A, cid=1984, seq=null, RW, null, SET_UNCONDITIONALLY, servers:[s7, s8, s9, s0, s1], listeners:[]
2024-10-31 03:26:41,460 INFO  server.RaftServer$Division (RaftServerImpl.java:setConfigurationAsync(1341)) - s8@group-4CD87B055E3A: receive setConfiguration SetConfigurationRequest:client-8FB543527D95->s8@group-4CD87B055E3A, cid=1984, seq=null, RW, null, SET_UNCONDITIONALLY, servers:[s7, s8, s9, s0, s1], listeners:[]
2024-10-31 03:26:41,560 INFO  server.RaftServer$Division (RaftServerImpl.java:setConfigurationAsync(1341)) - s7@group-4CD87B055E3A: receive setConfiguration SetConfigurationRequest:client-8FB543527D95->s7@group-4CD87B055E3A, cid=1984, seq=null, RW, null, SET_UNCONDITIONALLY, servers:[s7, s8, s9, s0, s1], listeners:[]
2024-10-31 03:26:41,661 INFO  server.RaftServer$Division (RaftServerImpl.java:setConfigurationAsync(1341)) - s9@group-4CD87B055E3A: receive setConfiguration SetConfigurationRequest:client-8FB543527D95->s9@group-4CD87B055E3A, cid=1984, seq=null, RW, null, SET_UNCONDITIONALLY, servers:[s7, s8, s9, s0, s1], listeners:[]
2024-10-31 03:26:41,761 INFO  server.RaftServer$Division (RaftServerImpl.java:setConfigurationAsync(1341)) - s7@group-4CD87B055E3A: receive setConfiguration SetConfigurationRequest:client-8FB543527D95->s7@group-4CD87B055E3A, cid=1984, seq=null, RW, null, SET_UNCONDITIONALLY, servers:[s7, s8, s9, s0, s1], listeners:[]
2024-10-31 03:26:41,862 INFO  server.RaftServer$Division (RaftServerImpl.java:setConfigurationAsync(1341)) - s8@group-4CD87B055E3A: receive setConfiguration SetConfigurationRequest:client-8FB543527D95->s8@group-4CD87B055E3A, cid=1984, seq=null, RW, null, SET_UNCONDITIONALLY, servers:[s7, s8, s9, s0, s1], listeners:[]
2024-10-31 03:26:41,962 INFO  server.RaftServer$Division (RaftServerImpl.java:setConfigurationAsync(1341)) - s7@group-4CD87B055E3A: receive setConfiguration SetConfigurationRequest:client-8FB543527D95->s7@group-4CD87B055E3A, cid=1984, seq=null, RW, null, SET_UNCONDITIONALLY, servers:[s7, s8, s9, s0, s1], listeners:[]
2024-10-31 03:26:42,062 INFO  server.RaftServer$Division (RaftServerImpl.java:setConfigurationAsync(1341)) - s8@group-4CD87B055E3A: receive setConfiguration SetConfigurationRequest:client-8FB543527D95->s8@group-4CD87B055E3A, cid=1984, seq=null, RW, null, SET_UNCONDITIONALLY, servers:[s7, s8, s9, s0, s1], listeners:[]
2024-10-31 03:26:42,163 INFO  server.RaftServer$Division (RaftServerImpl.java:setConfigurationAsync(1341)) - s7@group-4CD87B055E3A: receive setConfiguration SetConfigurationRequest:client-8FB543527D95->s7@group-4CD87B055E3A, cid=1984, seq=null, RW, null, SET_UNCONDITIONALLY, servers:[s7, s8, s9, s0, s1], listeners:[]
2024-10-31 03:26:42,263 INFO  server.RaftServer$Division (RaftServerImpl.java:setConfigurationAsync(1341)) - s9@group-4CD87B055E3A: receive setConfiguration SetConfigurationRequest:client-8FB543527D95->s9@group-4CD87B055E3A, cid=1984, seq=null, RW, null, SET_UNCONDITIONALLY, servers:[s7, s8, s9, s0, s1], listeners:[]
2024-10-31 03:26:42,364 INFO  server.RaftServer$Division (RaftServerImpl.java:setConfigurationAsync(1341)) - s7@group-4CD87B055E3A: receive setConfiguration SetConfigurationRequest:client-8FB543527D95->s7@group-4CD87B055E3A, cid=1984, seq=null, RW, null, SET_UNCONDITIONALLY, servers:[s7, s8, s9, s0, s1], listeners:[]
2024-10-31 03:26:42,464 INFO  server.RaftServer$Division (RaftServerImpl.java:setConfigurationAsync(1341)) - s8@group-4CD87B055E3A: receive setConfiguration SetConfigurationRequest:client-8FB543527D95->s8@group-4CD87B055E3A, cid=1984, seq=null, RW, null, SET_UNCONDITIONALLY, servers:[s7, s8, s9, s0, s1], listeners:[]
2024-10-31 03:26:42,565 INFO  server.RaftServer$Division (RaftServerImpl.java:setConfigurationAsync(1341)) - s7@group-4CD87B055E3A: receive setConfiguration SetConfigurationRequest:client-8FB543527D95->s7@group-4CD87B055E3A, cid=1984, seq=null, RW, null, SET_UNCONDITIONALLY, servers:[s7, s8, s9, s0, s1], listeners:[]
2024-10-31 03:26:42,665 INFO  server.RaftServer$Division (RaftServerImpl.java:setConfigurationAsync(1341)) - s9@group-4CD87B055E3A: receive setConfiguration SetConfigurationRequest:client-8FB543527D95->s9@group-4CD87B055E3A, cid=1984, seq=null, RW, null, SET_UNCONDITIONALLY, servers:[s7, s8, s9, s0, s1], listeners:[]
2024-10-31 03:26:42,765 INFO  server.RaftServer$Division (RaftServerImpl.java:setConfigurationAsync(1341)) - s7@group-4CD87B055E3A: receive setConfiguration SetConfigurationRequest:client-8FB543527D95->s7@group-4CD87B055E3A, cid=1984, seq=null, RW, null, SET_UNCONDITIONALLY, servers:[s7, s8, s9, s0, s1], listeners:[]
2024-10-31 03:26:42,866 INFO  server.RaftServer$Division (RaftServerImpl.java:setConfigurationAsync(1341)) - s9@group-4CD87B055E3A: receive setConfiguration SetConfigurationRequest:client-8FB543527D95->s9@group-4CD87B055E3A, cid=1984, seq=null, RW, null, SET_UNCONDITIONALLY, servers:[s7, s8, s9, s0, s1], listeners:[]
2024-10-31 03:26:42,966 INFO  server.RaftServer$Division (RaftServerImpl.java:setConfigurationAsync(1341)) - s7@group-4CD87B055E3A: receive setConfiguration SetConfigurationRequest:client-8FB543527D95->s7@group-4CD87B055E3A, cid=1984, seq=null, RW, null, SET_UNCONDITIONALLY, servers:[s7, s8, s9, s0, s1], listeners:[]
2024-10-31 03:26:43,067 INFO  server.RaftServer$Division (RaftServerImpl.java:setConfigurationAsync(1341)) - s8@group-4CD87B055E3A: receive setConfiguration SetConfigurationRequest:client-8FB543527D95->s8@group-4CD87B055E3A, cid=1984, seq=null, RW, null, SET_UNCONDITIONALLY, servers:[s7, s8, s9, s0, s1], listeners:[]
2024-10-31 03:26:43,167 INFO  server.RaftServer$Division (RaftServerImpl.java:setConfigurationAsync(1341)) - s7@group-4CD87B055E3A: receive setConfiguration SetConfigurationRequest:client-8FB543527D95->s7@group-4CD87B055E3A, cid=1984, seq=null, RW, null, SET_UNCONDITIONALLY, servers:[s7, s8, s9, s0, s1], listeners:[]
2024-10-31 03:26:43,268 INFO  server.RaftServer$Division (RaftServerImpl.java:setConfigurationAsync(1341)) - s9@group-4CD87B055E3A: receive setConfiguration SetConfigurationRequest:client-8FB543527D95->s9@group-4CD87B055E3A, cid=1984, seq=null, RW, null, SET_UNCONDITIONALLY, servers:[s7, s8, s9, s0, s1], listeners:[]
2024-10-31 03:26:43,368 INFO  server.RaftServer$Division (RaftServerImpl.java:setConfigurationAsync(1341)) - s7@group-4CD87B055E3A: receive setConfiguration SetConfigurationRequest:client-8FB543527D95->s7@group-4CD87B055E3A, cid=1984, seq=null, RW, null, SET_UNCONDITIONALLY, servers:[s7, s8, s9, s0, s1], listeners:[]
2024-10-31 03:26:43,469 INFO  server.RaftServer$Division (RaftServerImpl.java:setConfigurationAsync(1341)) - s9@group-4CD87B055E3A: receive setConfiguration SetConfigurationRequest:client-8FB543527D95->s9@group-4CD87B055E3A, cid=1984, seq=null, RW, null, SET_UNCONDITIONALLY, servers:[s7, s8, s9, s0, s1], listeners:[]
2024-10-31 03:26:43,569 INFO  server.RaftServer$Division (RaftServerImpl.java:setConfigurationAsync(1341)) - s7@group-4CD87B055E3A: receive setConfiguration SetConfigurationRequest:client-8FB543527D95->s7@group-4CD87B055E3A, cid=1984, seq=null, RW, null, SET_UNCONDITIONALLY, servers:[s7, s8, s9, s0, s1], listeners:[]
2024-10-31 03:26:43,669 INFO  server.RaftServer$Division (RaftServerImpl.java:setConfigurationAsync(1341)) - s8@group-4CD87B055E3A: receive setConfiguration SetConfigurationRequest:client-8FB543527D95->s8@group-4CD87B055E3A, cid=1984, seq=null, RW, null, SET_UNCONDITIONALLY, servers:[s7, s8, s9, s0, s1], listeners:[]
2024-10-31 03:26:43,770 INFO  server.RaftServer$Division (RaftServerImpl.java:setConfigurationAsync(1341)) - s7@group-4CD87B055E3A: receive setConfiguration SetConfigurationRequest:client-8FB543527D95->s7@group-4CD87B055E3A, cid=1984, seq=null, RW, null, SET_UNCONDITIONALLY, servers:[s7, s8, s9, s0, s1], listeners:[]
2024-10-31 03:26:43,870 INFO  server.RaftServer$Division (RaftServerImpl.java:setConfigurationAsync(1341)) - s8@group-4CD87B055E3A: receive setConfiguration SetConfigurationRequest:client-8FB543527D95->s8@group-4CD87B055E3A, cid=1984, seq=null, RW, null, SET_UNCONDITIONALLY, servers:[s7, s8, s9, s0, s1], listeners:[]
2024-10-31 03:26:43,970 INFO  server.RaftServer$Division (RaftServerImpl.java:setConfigurationAsync(1341)) - s7@group-4CD87B055E3A: receive setConfiguration SetConfigurationRequest:client-8FB543527D95->s7@group-4CD87B055E3A, cid=1984, seq=null, RW, null, SET_UNCONDITIONALLY, servers:[s7, s8, s9, s0, s1], listeners:[]
2024-10-31 03:26:44,071 INFO  server.RaftServer$Division (RaftServerImpl.java:setConfigurationAsync(1341)) - s9@group-4CD87B055E3A: receive setConfiguration SetConfigurationRequest:client-8FB543527D95->s9@group-4CD87B055E3A, cid=1984, seq=null, RW, null, SET_UNCONDITIONALLY, servers:[s7, s8, s9, s0, s1], listeners:[]
2024-10-31 03:26:44,171 INFO  server.RaftServer$Division (RaftServerImpl.java:setConfigurationAsync(1341)) - s7@group-4CD87B055E3A: receive setConfiguration SetConfigurationRequest:client-8FB543527D95->s7@group-4CD87B055E3A, cid=1984, seq=null, RW, null, SET_UNCONDITIONALLY, servers:[s7, s8, s9, s0, s1], listeners:[]
2024-10-31 03:26:44,272 INFO  server.RaftServer$Division (RaftServerImpl.java:setConfigurationAsync(1341)) - s9@group-4CD87B055E3A: receive setConfiguration SetConfigurationRequest:client-8FB543527D95->s9@group-4CD87B055E3A, cid=1984, seq=null, RW, null, SET_UNCONDITIONALLY, servers:[s7, s8, s9, s0, s1], listeners:[]
2024-10-31 03:26:44,372 INFO  server.RaftServer$Division (RaftServerImpl.java:setConfigurationAsync(1341)) - s7@group-4CD87B055E3A: receive setConfiguration SetConfigurationRequest:client-8FB543527D95->s7@group-4CD87B055E3A, cid=1984, seq=null, RW, null, SET_UNCONDITIONALLY, servers:[s7, s8, s9, s0, s1], listeners:[]
2024-10-31 03:26:44,473 INFO  server.RaftServer$Division (RaftServerImpl.java:setConfigurationAsync(1341)) - s9@group-4CD87B055E3A: receive setConfiguration SetConfigurationRequest:client-8FB543527D95->s9@group-4CD87B055E3A, cid=1984, seq=null, RW, null, SET_UNCONDITIONALLY, servers:[s7, s8, s9, s0, s1], listeners:[]
2024-10-31 03:26:44,573 INFO  server.RaftServer$Division (RaftServerImpl.java:setConfigurationAsync(1341)) - s7@group-4CD87B055E3A: receive setConfiguration SetConfigurationRequest:client-8FB543527D95->s7@group-4CD87B055E3A, cid=1984, seq=null, RW, null, SET_UNCONDITIONALLY, servers:[s7, s8, s9, s0, s1], listeners:[]
2024-10-31 03:26:44,673 INFO  server.RaftServer$Division (RaftServerImpl.java:setConfigurationAsync(1341)) - s9@group-4CD87B055E3A: receive setConfiguration SetConfigurationRequest:client-8FB543527D95->s9@group-4CD87B055E3A, cid=1984, seq=null, RW, null, SET_UNCONDITIONALLY, servers:[s7, s8, s9, s0, s1], listeners:[]
2024-10-31 03:26:44,774 INFO  server.RaftServer$Division (RaftServerImpl.java:setConfigurationAsync(1341)) - s7@group-4CD87B055E3A: receive setConfiguration SetConfigurationRequest:client-8FB543527D95->s7@group-4CD87B055E3A, cid=1984, seq=null, RW, null, SET_UNCONDITIONALLY, servers:[s7, s8, s9, s0, s1], listeners:[]
2024-10-31 03:26:44,874 INFO  server.RaftServer$Division (RaftServerImpl.java:setConfigurationAsync(1341)) - s8@group-4CD87B055E3A: receive setConfiguration SetConfigurationRequest:client-8FB543527D95->s8@group-4CD87B055E3A, cid=1984, seq=null, RW, null, SET_UNCONDITIONALLY, servers:[s7, s8, s9, s0, s1], listeners:[]
2024-10-31 03:26:44,974 INFO  server.RaftServer$Division (RaftServerImpl.java:setConfigurationAsync(1341)) - s7@group-4CD87B055E3A: receive setConfiguration SetConfigurationRequest:client-8FB543527D95->s7@group-4CD87B055E3A, cid=1984, seq=null, RW, null, SET_UNCONDITIONALLY, servers:[s7, s8, s9, s0, s1], listeners:[]
2024-10-31 03:26:45,075 INFO  server.RaftServer$Division (RaftServerImpl.java:setConfigurationAsync(1341)) - s9@group-4CD87B055E3A: receive setConfiguration SetConfigurationRequest:client-8FB543527D95->s9@group-4CD87B055E3A, cid=1984, seq=null, RW, null, SET_UNCONDITIONALLY, servers:[s7, s8, s9, s0, s1], listeners:[]
2024-10-31 03:26:45,175 INFO  server.RaftServer$Division (RaftServerImpl.java:setConfigurationAsync(1341)) - s7@group-4CD87B055E3A: receive setConfiguration SetConfigurationRequest:client-8FB543527D95->s7@group-4CD87B055E3A, cid=1984, seq=null, RW, null, SET_UNCONDITIONALLY, servers:[s7, s8, s9, s0, s1], listeners:[]
2024-10-31 03:26:45,276 INFO  server.RaftServer$Division (RaftServerImpl.java:setConfigurationAsync(1341)) - s8@group-4CD87B055E3A: receive setConfiguration SetConfigurationRequest:client-8FB543527D95->s8@group-4CD87B055E3A, cid=1984, seq=null, RW, null, SET_UNCONDITIONALLY, servers:[s7, s8, s9, s0, s1], listeners:[]
2024-10-31 03:26:45,376 INFO  server.RaftServer$Division (RaftServerImpl.java:setConfigurationAsync(1341)) - s7@group-4CD87B055E3A: receive setConfiguration SetConfigurationRequest:client-8FB543527D95->s7@group-4CD87B055E3A, cid=1984, seq=null, RW, null, SET_UNCONDITIONALLY, servers:[s7, s8, s9, s0, s1], listeners:[]
2024-10-31 03:26:45,476 INFO  server.RaftServer$Division (RaftServerImpl.java:setConfigurationAsync(1341)) - s8@group-4CD87B055E3A: receive setConfiguration SetConfigurationRequest:client-8FB543527D95->s8@group-4CD87B055E3A, cid=1984, seq=null, RW, null, SET_UNCONDITIONALLY, servers:[s7, s8, s9, s0, s1], listeners:[]
2024-10-31 03:26:45,577 INFO  server.RaftServer$Division (RaftServerImpl.java:setConfigurationAsync(1341)) - s7@group-4CD87B055E3A: receive setConfiguration SetConfigurationRequest:client-8FB543527D95->s7@group-4CD87B055E3A, cid=1984, seq=null, RW, null, SET_UNCONDITIONALLY, servers:[s7, s8, s9, s0, s1], listeners:[]
2024-10-31 03:26:45,677 INFO  server.RaftServer$Division (RaftServerImpl.java:setConfigurationAsync(1341)) - s8@group-4CD87B055E3A: receive setConfiguration SetConfigurationRequest:client-8FB543527D95->s8@group-4CD87B055E3A, cid=1984, seq=null, RW, null, SET_UNCONDITIONALLY, servers:[s7, s8, s9, s0, s1], listeners:[]
2024-10-31 03:26:45,778 INFO  server.RaftServer$Division (RaftServerImpl.java:setConfigurationAsync(1341)) - s7@group-4CD87B055E3A: receive setConfiguration SetConfigurationRequest:client-8FB543527D95->s7@group-4CD87B055E3A, cid=1984, seq=null, RW, null, SET_UNCONDITIONALLY, servers:[s7, s8, s9, s0, s1], listeners:[]
2024-10-31 03:26:45,878 INFO  server.RaftServer$Division (RaftServerImpl.java:setConfigurationAsync(1341)) - s8@group-4CD87B055E3A: receive setConfiguration SetConfigurationRequest:client-8FB543527D95->s8@group-4CD87B055E3A, cid=1984, seq=null, RW, null, SET_UNCONDITIONALLY, servers:[s7, s8, s9, s0, s1], listeners:[]
2024-10-31 03:26:45,978 INFO  server.RaftServer$Division (RaftServerImpl.java:setConfigurationAsync(1341)) - s7@group-4CD87B055E3A: receive setConfiguration SetConfigurationRequest:client-8FB543527D95->s7@group-4CD87B055E3A, cid=1984, seq=null, RW, null, SET_UNCONDITIONALLY, servers:[s7, s8, s9, s0, s1], listeners:[]
2024-10-31 03:26:45,992 INFO  impl.MiniRaftCluster (MiniRaftCluster.java:lambda$null$7(362)) - TIMED-PRINT: printing ALL groups
  s3:  RUNNING [
   FOLLOWER s3@group-4EB49E3E6D70:t0, leader=null, voted=, raftlog=Memoized:s3@group-4EB49E3E6D70-SegmentedRaftLog:OPENED:c-1:lastnull, conf=conf: {index: -1, cur=peers:[]|listeners:[], old=null} STARTING
   FOLLOWER s3@group-4CD87B055E3A:t0, leader=null, voted=, raftlog=Memoized:s3@group-4CD87B055E3A-SegmentedRaftLog:OPENED:c-1:lastnull, conf=conf: {index: -1, cur=peers:[]|listeners:[], old=null} STARTING] size=2
  s4:  RUNNING [
   FOLLOWER s4@group-4EB49E3E6D70:t0, leader=null, voted=, raftlog=Memoized:s4@group-4EB49E3E6D70-SegmentedRaftLog:OPENED:c-1:lastnull, conf=conf: {index: -1, cur=peers:[]|listeners:[], old=null} STARTING
   FOLLOWER s4@group-4CD87B055E3A:t0, leader=null, voted=, raftlog=Memoized:s4@group-4CD87B055E3A-SegmentedRaftLog:OPENED:c-1:lastnull, conf=conf: {index: -1, cur=peers:[]|listeners:[], old=null} STARTING] size=2
  s5:  RUNNING [
   FOLLOWER s5@group-4EB49E3E6D70:t0, leader=null, voted=, raftlog=Memoized:s5@group-4EB49E3E6D70-SegmentedRaftLog:OPENED:c-1:lastnull, conf=conf: {index: -1, cur=peers:[]|listeners:[], old=null} STARTING
   FOLLOWER s5@group-4CD87B055E3A:t0, leader=null, voted=, raftlog=Memoized:s5@group-4CD87B055E3A-SegmentedRaftLog:OPENED:c-1:lastnull, conf=conf: {index: -1, cur=peers:[]|listeners:[], old=null} STARTING] size=2
  s6:  RUNNING [
   FOLLOWER s6@group-4EB49E3E6D70:t0, leader=null, voted=, raftlog=Memoized:s6@group-4EB49E3E6D70-SegmentedRaftLog:OPENED:c-1:lastnull, conf=conf: {index: -1, cur=peers:[]|listeners:[], old=null} STARTING
   FOLLOWER s6@group-4CD87B055E3A:t0, leader=null, voted=, raftlog=Memoized:s6@group-4CD87B055E3A-SegmentedRaftLog:OPENED:c-1:lastnull, conf=conf: {index: -1, cur=peers:[]|listeners:[], old=null} STARTING] size=2
  s7:  RUNNING [
   FOLLOWER s7@group-4EB49E3E6D70:t0, leader=null, voted=, raftlog=Memoized:s7@group-4EB49E3E6D70-SegmentedRaftLog:OPENED:c-1:lastnull, conf=conf: {index: -1, cur=peers:[]|listeners:[], old=null} STARTING
     LEADER s7@group-4CD87B055E3A:t1, leader=s7, voted=s7, raftlog=Memoized:s7@group-4CD87B055E3A-SegmentedRaftLog:OPENED:c120:last(t:1, i:120), conf=conf: {index: 0, cur=peers:[s7, s8, s9]|listeners:[], old=null} RUNNING] size=2
  s8:  RUNNING [
   FOLLOWER s8@group-4EB49E3E6D70:t0, leader=null, voted=, raftlog=Memoized:s8@group-4EB49E3E6D70-SegmentedRaftLog:OPENED:c-1:lastnull, conf=conf: {index: -1, cur=peers:[]|listeners:[], old=null} STARTING
   FOLLOWER s8@group-4CD87B055E3A:t1, leader=s7, voted=s7, raftlog=Memoized:s8@group-4CD87B055E3A-SegmentedRaftLog:OPENED:c120:last(t:1, i:120), conf=conf: {index: 0, cur=peers:[s7|, s8|, s9|]|listeners:[], old=null} RUNNING] size=2
  s9:  RUNNING [
   FOLLOWER s9@group-4EB49E3E6D70:t0, leader=null, voted=, raftlog=Memoized:s9@group-4EB49E3E6D70-SegmentedRaftLog:OPENED:c-1:lastnull, conf=conf: {index: -1, cur=peers:[]|listeners:[], old=null} STARTING
   FOLLOWER s9@group-4CD87B055E3A:t1, leader=s7, voted=s7, raftlog=Memoized:s9@group-4CD87B055E3A-SegmentedRaftLog:OPENED:c120:last(t:1, i:120), conf=conf: {index: 0, cur=peers:[s7|, s8|, s9|]|listeners:[], old=null} RUNNING] size=2
  s11:  RUNNING [
   FOLLOWER s11@group-4EB49E3E6D70:t0, leader=null, voted=, raftlog=Memoized:s11@group-4EB49E3E6D70-SegmentedRaftLog:OPENED:c-1:lastnull, conf=conf: {index: -1, cur=peers:[]|listeners:[], old=null} STARTING
   FOLLOWER s11@group-4CD87B055E3A:t0, leader=null, voted=, raftlog=Memoized:s11@group-4CD87B055E3A-SegmentedRaftLog:OPENED:c-1:lastnull, conf=conf: {index: -1, cur=peers:[]|listeners:[], old=null} STARTING] size=2
  s10:  RUNNING [
   FOLLOWER s10@group-4EB49E3E6D70:t0, leader=null, voted=, raftlog=Memoized:s10@group-4EB49E3E6D70-SegmentedRaftLog:OPENED:c-1:lastnull, conf=conf: {index: -1, cur=peers:[]|listeners:[], old=null} STARTING
   FOLLOWER s10@group-4CD87B055E3A:t0, leader=null, voted=, raftlog=Memoized:s10@group-4CD87B055E3A-SegmentedRaftLog:OPENED:c-1:lastnull, conf=conf: {index: -1, cur=peers:[]|listeners:[], old=null} STARTING] size=2
  s13:  RUNNING [
   FOLLOWER s13@group-4EB49E3E6D70:t0, leader=null, voted=, raftlog=Memoized:s13@group-4EB49E3E6D70-SegmentedRaftLog:OPENED:c-1:lastnull, conf=conf: {index: -1, cur=peers:[]|listeners:[], old=null} STARTING
   FOLLOWER s13@group-4CD87B055E3A:t0, leader=null, voted=, raftlog=Memoized:s13@group-4CD87B055E3A-SegmentedRaftLog:OPENED:c-1:lastnull, conf=conf: {index: -1, cur=peers:[]|listeners:[], old=null} STARTING] size=2
  s12:  RUNNING [
   FOLLOWER s12@group-4EB49E3E6D70:t0, leader=null, voted=, raftlog=Memoized:s12@group-4EB49E3E6D70-SegmentedRaftLog:OPENED:c-1:lastnull, conf=conf: {index: -1, cur=peers:[]|listeners:[], old=null} STARTING
   FOLLOWER s12@group-4CD87B055E3A:t0, leader=null, voted=, raftlog=Memoized:s12@group-4CD87B055E3A-SegmentedRaftLog:OPENED:c-1:lastnull, conf=conf: {index: -1, cur=peers:[]|listeners:[], old=null} STARTING] size=2
  s14:  RUNNING [
   FOLLOWER s14@group-4EB49E3E6D70:t0, leader=null, voted=, raftlog=Memoized:s14@group-4EB49E3E6D70-SegmentedRaftLog:OPENED:c-1:lastnull, conf=conf: {index: -1, cur=peers:[]|listeners:[], old=null} STARTING
   FOLLOWER s14@group-4CD87B055E3A:t0, leader=null, voted=, raftlog=Memoized:s14@group-4CD87B055E3A-SegmentedRaftLog:OPENED:c-1:lastnull, conf=conf: {index: -1, cur=peers:[]|listeners:[], old=null} STARTING] size=2
  s0:  RUNNING [
   FOLLOWER s0@group-4EB49E3E6D70:t0, leader=null, voted=, raftlog=Memoized:s0@group-4EB49E3E6D70-SegmentedRaftLog:OPENED:c-1:lastnull, conf=conf: {index: -1, cur=peers:[]|listeners:[], old=null} STARTING
   FOLLOWER s0@group-4CD87B055E3A:t1, leader=s7, voted=null, raftlog=Memoized:s0@group-4CD87B055E3A-SegmentedRaftLog:OPENED:c120:last(t:1, i:120), conf=conf: {index: 0, cur=peers:[s7|, s8|, s9|]|listeners:[], old=null} STARTING] size=2
  s1:  RUNNING [
   FOLLOWER s1@group-4EB49E3E6D70:t0, leader=null, voted=, raftlog=Memoized:s1@group-4EB49E3E6D70-SegmentedRaftLog:OPENED:c-1:lastnull, conf=conf: {index: -1, cur=peers:[]|listeners:[], old=null} STARTING
   FOLLOWER s1@group-4CD87B055E3A:t1, leader=s7, voted=null, raftlog=Memoized:s1@group-4CD87B055E3A-SegmentedRaftLog:OPENED:c120:last(t:1, i:120), conf=conf: {index: 0, cur=peers:[s7|, s8|, s9|]|listeners:[], old=null} STARTING] size=2
  s2:  RUNNING [
   FOLLOWER s2@group-4EB49E3E6D70:t0, leader=null, voted=, raftlog=Memoized:s2@group-4EB49E3E6D70-SegmentedRaftLog:OPENED:c-1:lastnull, conf=conf: {index: -1, cur=peers:[]|listeners:[], old=null} STARTING
   FOLLOWER s2@group-4CD87B055E3A:t0, leader=null, voted=, raftlog=Memoized:s2@group-4CD87B055E3A-SegmentedRaftLog:OPENED:c-1:lastnull, conf=conf: {index: -1, cur=peers:[]|listeners:[], old=null} STARTING] size=2
2024-10-31 03:26:46,079 INFO  server.RaftServer$Division (RaftServerImpl.java:setConfigurationAsync(1341)) - s8@group-4CD87B055E3A: receive setConfiguration SetConfigurationRequest:client-8FB543527D95->s8@group-4CD87B055E3A, cid=1984, seq=null, RW, null, SET_UNCONDITIONALLY, servers:[s7, s8, s9, s0, s1], listeners:[]
2024-10-31 03:26:46,179 INFO  server.RaftServer$Division (RaftServerImpl.java:setConfigurationAsync(1341)) - s7@group-4CD87B055E3A: receive setConfiguration SetConfigurationRequest:client-8FB543527D95->s7@group-4CD87B055E3A, cid=1984, seq=null, RW, null, SET_UNCONDITIONALLY, servers:[s7, s8, s9, s0, s1], listeners:[]
2024-10-31 03:26:46,280 INFO  server.RaftServer$Division (RaftServerImpl.java:setConfigurationAsync(1341)) - s8@group-4CD87B055E3A: receive setConfiguration SetConfigurationRequest:client-8FB543527D95->s8@group-4CD87B055E3A, cid=1984, seq=null, RW, null, SET_UNCONDITIONALLY, servers:[s7, s8, s9, s0, s1], listeners:[]
2024-10-31 03:26:46,380 INFO  server.RaftServer$Division (RaftServerImpl.java:setConfigurationAsync(1341)) - s7@group-4CD87B055E3A: receive setConfiguration SetConfigurationRequest:client-8FB543527D95->s7@group-4CD87B055E3A, cid=1984, seq=null, RW, null, SET_UNCONDITIONALLY, servers:[s7, s8, s9, s0, s1], listeners:[]
2024-10-31 03:26:46,481 INFO  server.RaftServer$Division (RaftServerImpl.java:setConfigurationAsync(1341)) - s8@group-4CD87B055E3A: receive setConfiguration SetConfigurationRequest:client-8FB543527D95->s8@group-4CD87B055E3A, cid=1984, seq=null, RW, null, SET_UNCONDITIONALLY, servers:[s7, s8, s9, s0, s1], listeners:[]
2024-10-31 03:26:46,581 INFO  server.RaftServer$Division (RaftServerImpl.java:setConfigurationAsync(1341)) - s7@group-4CD87B055E3A: receive setConfiguration SetConfigurationRequest:client-8FB543527D95->s7@group-4CD87B055E3A, cid=1984, seq=null, RW, null, SET_UNCONDITIONALLY, servers:[s7, s8, s9, s0, s1], listeners:[]
2024-10-31 03:26:46,682 INFO  server.RaftServer$Division (RaftServerImpl.java:setConfigurationAsync(1341)) - s8@group-4CD87B055E3A: receive setConfiguration SetConfigurationRequest:client-8FB543527D95->s8@group-4CD87B055E3A, cid=1984, seq=null, RW, null, SET_UNCONDITIONALLY, servers:[s7, s8, s9, s0, s1], listeners:[]
2024-10-31 03:26:46,782 INFO  server.RaftServer$Division (RaftServerImpl.java:setConfigurationAsync(1341)) - s7@group-4CD87B055E3A: receive setConfiguration SetConfigurationRequest:client-8FB543527D95->s7@group-4CD87B055E3A, cid=1984, seq=null, RW, null, SET_UNCONDITIONALLY, servers:[s7, s8, s9, s0, s1], listeners:[]
2024-10-31 03:26:46,883 INFO  server.RaftServer$Division (RaftServerImpl.java:setConfigurationAsync(1341)) - s8@group-4CD87B055E3A: receive setConfiguration SetConfigurationRequest:client-8FB543527D95->s8@group-4CD87B055E3A, cid=1984, seq=null, RW, null, SET_UNCONDITIONALLY, servers:[s7, s8, s9, s0, s1], listeners:[]
2024-10-31 03:26:46,983 INFO  server.RaftServer$Division (RaftServerImpl.java:setConfigurationAsync(1341)) - s7@group-4CD87B055E3A: receive setConfiguration SetConfigurationRequest:client-8FB543527D95->s7@group-4CD87B055E3A, cid=1984, seq=null, RW, null, SET_UNCONDITIONALLY, servers:[s7, s8, s9, s0, s1], listeners:[]
2024-10-31 03:26:47,084 INFO  server.RaftServer$Division (RaftServerImpl.java:setConfigurationAsync(1341)) - s9@group-4CD87B055E3A: receive setConfiguration SetConfigurationRequest:client-8FB543527D95->s9@group-4CD87B055E3A, cid=1984, seq=null, RW, null, SET_UNCONDITIONALLY, servers:[s7, s8, s9, s0, s1], listeners:[]
2024-10-31 03:26:47,184 INFO  server.RaftServer$Division (RaftServerImpl.java:setConfigurationAsync(1341)) - s7@group-4CD87B055E3A: receive setConfiguration SetConfigurationRequest:client-8FB543527D95->s7@group-4CD87B055E3A, cid=1984, seq=null, RW, null, SET_UNCONDITIONALLY, servers:[s7, s8, s9, s0, s1], listeners:[]
2024-10-31 03:26:47,284 INFO  server.RaftServer$Division (RaftServerImpl.java:setConfigurationAsync(1341)) - s9@group-4CD87B055E3A: receive setConfiguration SetConfigurationRequest:client-8FB543527D95->s9@group-4CD87B055E3A, cid=1984, seq=null, RW, null, SET_UNCONDITIONALLY, servers:[s7, s8, s9, s0, s1], listeners:[]
2024-10-31 03:26:47,385 INFO  server.RaftServer$Division (RaftServerImpl.java:setConfigurationAsync(1341)) - s7@group-4CD87B055E3A: receive setConfiguration SetConfigurationRequest:client-8FB543527D95->s7@group-4CD87B055E3A, cid=1984, seq=null, RW, null, SET_UNCONDITIONALLY, servers:[s7, s8, s9, s0, s1], listeners:[]
2024-10-31 03:26:47,485 INFO  server.RaftServer$Division (RaftServerImpl.java:setConfigurationAsync(1341)) - s8@group-4CD87B055E3A: receive setConfiguration SetConfigurationRequest:client-8FB543527D95->s8@group-4CD87B055E3A, cid=1984, seq=null, RW, null, SET_UNCONDITIONALLY, servers:[s7, s8, s9, s0, s1], listeners:[]
2024-10-31 03:26:47,586 INFO  server.RaftServer$Division (RaftServerImpl.java:setConfigurationAsync(1341)) - s7@group-4CD87B055E3A: receive setConfiguration SetConfigurationRequest:client-8FB543527D95->s7@group-4CD87B055E3A, cid=1984, seq=null, RW, null, SET_UNCONDITIONALLY, servers:[s7, s8, s9, s0, s1], listeners:[]
2024-10-31 03:26:47,686 INFO  server.RaftServer$Division (RaftServerImpl.java:setConfigurationAsync(1341)) - s9@group-4CD87B055E3A: receive setConfiguration SetConfigurationRequest:client-8FB543527D95->s9@group-4CD87B055E3A, cid=1984, seq=null, RW, null, SET_UNCONDITIONALLY, servers:[s7, s8, s9, s0, s1], listeners:[]
2024-10-31 03:26:47,787 INFO  server.RaftServer$Division (RaftServerImpl.java:setConfigurationAsync(1341)) - s7@group-4CD87B055E3A: receive setConfiguration SetConfigurationRequest:client-8FB543527D95->s7@group-4CD87B055E3A, cid=1984, seq=null, RW, null, SET_UNCONDITIONALLY, servers:[s7, s8, s9, s0, s1], listeners:[]
2024-10-31 03:26:47,887 INFO  server.RaftServer$Division (RaftServerImpl.java:setConfigurationAsync(1341)) - s9@group-4CD87B055E3A: receive setConfiguration SetConfigurationRequest:client-8FB543527D95->s9@group-4CD87B055E3A, cid=1984, seq=null, RW, null, SET_UNCONDITIONALLY, servers:[s7, s8, s9, s0, s1], listeners:[]
2024-10-31 03:26:47,987 INFO  server.RaftServer$Division (RaftServerImpl.java:setConfigurationAsync(1341)) - s7@group-4CD87B055E3A: receive setConfiguration SetConfigurationRequest:client-8FB543527D95->s7@group-4CD87B055E3A, cid=1984, seq=null, RW, null, SET_UNCONDITIONALLY, servers:[s7, s8, s9, s0, s1], listeners:[]
2024-10-31 03:26:48,088 INFO  server.RaftServer$Division (RaftServerImpl.java:setConfigurationAsync(1341)) - s8@group-4CD87B055E3A: receive setConfiguration SetConfigurationRequest:client-8FB543527D95->s8@group-4CD87B055E3A, cid=1984, seq=null, RW, null, SET_UNCONDITIONALLY, servers:[s7, s8, s9, s0, s1], listeners:[]
2024-10-31 03:26:48,188 INFO  server.RaftServer$Division (RaftServerImpl.java:setConfigurationAsync(1341)) - s7@group-4CD87B055E3A: receive setConfiguration SetConfigurationRequest:client-8FB543527D95->s7@group-4CD87B055E3A, cid=1984, seq=null, RW, null, SET_UNCONDITIONALLY, servers:[s7, s8, s9, s0, s1], listeners:[]
2024-10-31 03:26:48,289 INFO  server.RaftServer$Division (RaftServerImpl.java:setConfigurationAsync(1341)) - s9@group-4CD87B055E3A: receive setConfiguration SetConfigurationRequest:client-8FB543527D95->s9@group-4CD87B055E3A, cid=1984, seq=null, RW, null, SET_UNCONDITIONALLY, servers:[s7, s8, s9, s0, s1], listeners:[]
2024-10-31 03:26:48,389 INFO  server.RaftServer$Division (RaftServerImpl.java:setConfigurationAsync(1341)) - s7@group-4CD87B055E3A: receive setConfiguration SetConfigurationRequest:client-8FB543527D95->s7@group-4CD87B055E3A, cid=1984, seq=null, RW, null, SET_UNCONDITIONALLY, servers:[s7, s8, s9, s0, s1], listeners:[]
2024-10-31 03:26:48,490 INFO  server.RaftServer$Division (RaftServerImpl.java:setConfigurationAsync(1341)) - s9@group-4CD87B055E3A: receive setConfiguration SetConfigurationRequest:client-8FB543527D95->s9@group-4CD87B055E3A, cid=1984, seq=null, RW, null, SET_UNCONDITIONALLY, servers:[s7, s8, s9, s0, s1], listeners:[]
2024-10-31 03:26:48,590 INFO  server.RaftServer$Division (RaftServerImpl.java:setConfigurationAsync(1341)) - s7@group-4CD87B055E3A: receive setConfiguration SetConfigurationRequest:client-8FB543527D95->s7@group-4CD87B055E3A, cid=1984, seq=null, RW, null, SET_UNCONDITIONALLY, servers:[s7, s8, s9, s0, s1], listeners:[]
2024-10-31 03:26:48,691 INFO  server.RaftServer$Division (RaftServerImpl.java:setConfigurationAsync(1341)) - s9@group-4CD87B055E3A: receive setConfiguration SetConfigurationRequest:client-8FB543527D95->s9@group-4CD87B055E3A, cid=1984, seq=null, RW, null, SET_UNCONDITIONALLY, servers:[s7, s8, s9, s0, s1], listeners:[]
2024-10-31 03:26:48,791 INFO  server.RaftServer$Division (RaftServerImpl.java:setConfigurationAsync(1341)) - s7@group-4CD87B055E3A: receive setConfiguration SetConfigurationRequest:client-8FB543527D95->s7@group-4CD87B055E3A, cid=1984, seq=null, RW, null, SET_UNCONDITIONALLY, servers:[s7, s8, s9, s0, s1], listeners:[]
2024-10-31 03:26:48,891 INFO  server.RaftServer$Division (RaftServerImpl.java:setConfigurationAsync(1341)) - s8@group-4CD87B055E3A: receive setConfiguration SetConfigurationRequest:client-8FB543527D95->s8@group-4CD87B055E3A, cid=1984, seq=null, RW, null, SET_UNCONDITIONALLY, servers:[s7, s8, s9, s0, s1], listeners:[]
2024-10-31 03:26:48,992 INFO  server.RaftServer$Division (RaftServerImpl.java:setConfigurationAsync(1341)) - s7@group-4CD87B055E3A: receive setConfiguration SetConfigurationRequest:client-8FB543527D95->s7@group-4CD87B055E3A, cid=1984, seq=null, RW, null, SET_UNCONDITIONALLY, servers:[s7, s8, s9, s0, s1], listeners:[]
2024-10-31 03:26:49,092 INFO  server.RaftServer$Division (RaftServerImpl.java:setConfigurationAsync(1341)) - s8@group-4CD87B055E3A: receive setConfiguration SetConfigurationRequest:client-8FB543527D95->s8@group-4CD87B055E3A, cid=1984, seq=null, RW, null, SET_UNCONDITIONALLY, servers:[s7, s8, s9, s0, s1], listeners:[]
2024-10-31 03:26:49,193 INFO  server.RaftServer$Division (RaftServerImpl.java:setConfigurationAsync(1341)) - s7@group-4CD87B055E3A: receive setConfiguration SetConfigurationRequest:client-8FB543527D95->s7@group-4CD87B055E3A, cid=1984, seq=null, RW, null, SET_UNCONDITIONALLY, servers:[s7, s8, s9, s0, s1], listeners:[]
2024-10-31 03:26:49,293 INFO  server.RaftServer$Division (RaftServerImpl.java:setConfigurationAsync(1341)) - s9@group-4CD87B055E3A: receive setConfiguration SetConfigurationRequest:client-8FB543527D95->s9@group-4CD87B055E3A, cid=1984, seq=null, RW, null, SET_UNCONDITIONALLY, servers:[s7, s8, s9, s0, s1], listeners:[]
2024-10-31 03:26:49,393 INFO  server.RaftServer$Division (RaftServerImpl.java:setConfigurationAsync(1341)) - s7@group-4CD87B055E3A: receive setConfiguration SetConfigurationRequest:client-8FB543527D95->s7@group-4CD87B055E3A, cid=1984, seq=null, RW, null, SET_UNCONDITIONALLY, servers:[s7, s8, s9, s0, s1], listeners:[]
2024-10-31 03:26:49,494 INFO  server.RaftServer$Division (RaftServerImpl.java:setConfigurationAsync(1341)) - s8@group-4CD87B055E3A: receive setConfiguration SetConfigurationRequest:client-8FB543527D95->s8@group-4CD87B055E3A, cid=1984, seq=null, RW, null, SET_UNCONDITIONALLY, servers:[s7, s8, s9, s0, s1], listeners:[]
2024-10-31 03:26:49,594 INFO  server.RaftServer$Division (RaftServerImpl.java:setConfigurationAsync(1341)) - s7@group-4CD87B055E3A: receive setConfiguration SetConfigurationRequest:client-8FB543527D95->s7@group-4CD87B055E3A, cid=1984, seq=null, RW, null, SET_UNCONDITIONALLY, servers:[s7, s8, s9, s0, s1], listeners:[]
2024-10-31 03:26:49,695 INFO  server.RaftServer$Division (RaftServerImpl.java:setConfigurationAsync(1341)) - s8@group-4CD87B055E3A: receive setConfiguration SetConfigurationRequest:client-8FB543527D95->s8@group-4CD87B055E3A, cid=1984, seq=null, RW, null, SET_UNCONDITIONALLY, servers:[s7, s8, s9, s0, s1], listeners:[]
2024-10-31 03:26:49,795 INFO  server.RaftServer$Division (RaftServerImpl.java:setConfigurationAsync(1341)) - s7@group-4CD87B055E3A: receive setConfiguration SetConfigurationRequest:client-8FB543527D95->s7@group-4CD87B055E3A, cid=1984, seq=null, RW, null, SET_UNCONDITIONALLY, servers:[s7, s8, s9, s0, s1], listeners:[]
2024-10-31 03:26:49,895 INFO  server.RaftServer$Division (RaftServerImpl.java:setConfigurationAsync(1341)) - s8@group-4CD87B055E3A: receive setConfiguration SetConfigurationRequest:client-8FB543527D95->s8@group-4CD87B055E3A, cid=1984, seq=null, RW, null, SET_UNCONDITIONALLY, servers:[s7, s8, s9, s0, s1], listeners:[]
2024-10-31 03:26:49,996 INFO  server.RaftServer$Division (RaftServerImpl.java:setConfigurationAsync(1341)) - s7@group-4CD87B055E3A: receive setConfiguration SetConfigurationRequest:client-8FB543527D95->s7@group-4CD87B055E3A, cid=1984, seq=null, RW, null, SET_UNCONDITIONALLY, servers:[s7, s8, s9, s0, s1], listeners:[]
2024-10-31 03:26:50,096 INFO  server.RaftServer$Division (RaftServerImpl.java:setConfigurationAsync(1341)) - s8@group-4CD87B055E3A: receive setConfiguration SetConfigurationRequest:client-8FB543527D95->s8@group-4CD87B055E3A, cid=1984, seq=null, RW, null, SET_UNCONDITIONALLY, servers:[s7, s8, s9, s0, s1], listeners:[]
2024-10-31 03:26:50,197 INFO  server.RaftServer$Division (RaftServerImpl.java:setConfigurationAsync(1341)) - s7@group-4CD87B055E3A: receive setConfiguration SetConfigurationRequest:client-8FB543527D95->s7@group-4CD87B055E3A, cid=1984, seq=null, RW, null, SET_UNCONDITIONALLY, servers:[s7, s8, s9, s0, s1], listeners:[]
2024-10-31 03:26:50,297 INFO  server.RaftServer$Division (RaftServerImpl.java:setConfigurationAsync(1341)) - s8@group-4CD87B055E3A: receive setConfiguration SetConfigurationRequest:client-8FB543527D95->s8@group-4CD87B055E3A, cid=1984, seq=null, RW, null, SET_UNCONDITIONALLY, servers:[s7, s8, s9, s0, s1], listeners:[]
2024-10-31 03:26:50,398 INFO  server.RaftServer$Division (RaftServerImpl.java:setConfigurationAsync(1341)) - s7@group-4CD87B055E3A: receive setConfiguration SetConfigurationRequest:client-8FB543527D95->s7@group-4CD87B055E3A, cid=1984, seq=null, RW, null, SET_UNCONDITIONALLY, servers:[s7, s8, s9, s0, s1], listeners:[]
2024-10-31 03:26:50,498 INFO  server.RaftServer$Division (RaftServerImpl.java:setConfigurationAsync(1341)) - s9@group-4CD87B055E3A: receive setConfiguration SetConfigurationRequest:client-8FB543527D95->s9@group-4CD87B055E3A, cid=1984, seq=null, RW, null, SET_UNCONDITIONALLY, servers:[s7, s8, s9, s0, s1], listeners:[]
2024-10-31 03:26:50,599 INFO  server.RaftServer$Division (RaftServerImpl.java:setConfigurationAsync(1341)) - s7@group-4CD87B055E3A: receive setConfiguration SetConfigurationRequest:client-8FB543527D95->s7@group-4CD87B055E3A, cid=1984, seq=null, RW, null, SET_UNCONDITIONALLY, servers:[s7, s8, s9, s0, s1], listeners:[]
2024-10-31 03:26:50,699 INFO  server.RaftServer$Division (RaftServerImpl.java:setConfigurationAsync(1341)) - s8@group-4CD87B055E3A: receive setConfiguration SetConfigurationRequest:client-8FB543527D95->s8@group-4CD87B055E3A, cid=1984, seq=null, RW, null, SET_UNCONDITIONALLY, servers:[s7, s8, s9, s0, s1], listeners:[]
2024-10-31 03:26:50,799 INFO  server.RaftServer$Division (RaftServerImpl.java:setConfigurationAsync(1341)) - s7@group-4CD87B055E3A: receive setConfiguration SetConfigurationRequest:client-8FB543527D95->s7@group-4CD87B055E3A, cid=1984, seq=null, RW, null, SET_UNCONDITIONALLY, servers:[s7, s8, s9, s0, s1], listeners:[]
2024-10-31 03:26:50,900 INFO  server.RaftServer$Division (RaftServerImpl.java:setConfigurationAsync(1341)) - s8@group-4CD87B055E3A: receive setConfiguration SetConfigurationRequest:client-8FB543527D95->s8@group-4CD87B055E3A, cid=1984, seq=null, RW, null, SET_UNCONDITIONALLY, servers:[s7, s8, s9, s0, s1], listeners:[]
2024-10-31 03:26:51,000 INFO  server.RaftServer$Division (RaftServerImpl.java:setConfigurationAsync(1341)) - s7@group-4CD87B055E3A: receive setConfiguration SetConfigurationRequest:client-8FB543527D95->s7@group-4CD87B055E3A, cid=1984, seq=null, RW, null, SET_UNCONDITIONALLY, servers:[s7, s8, s9, s0, s1], listeners:[]
2024-10-31 03:26:51,101 INFO  server.RaftServer$Division (RaftServerImpl.java:setConfigurationAsync(1341)) - s8@group-4CD87B055E3A: receive setConfiguration SetConfigurationRequest:client-8FB543527D95->s8@group-4CD87B055E3A, cid=1984, seq=null, RW, null, SET_UNCONDITIONALLY, servers:[s7, s8, s9, s0, s1], listeners:[]
2024-10-31 03:26:51,201 INFO  server.RaftServer$Division (RaftServerImpl.java:setConfigurationAsync(1341)) - s7@group-4CD87B055E3A: receive setConfiguration SetConfigurationRequest:client-8FB543527D95->s7@group-4CD87B055E3A, cid=1984, seq=null, RW, null, SET_UNCONDITIONALLY, servers:[s7, s8, s9, s0, s1], listeners:[]
2024-10-31 03:26:51,302 INFO  server.RaftServer$Division (RaftServerImpl.java:setConfigurationAsync(1341)) - s8@group-4CD87B055E3A: receive setConfiguration SetConfigurationRequest:client-8FB543527D95->s8@group-4CD87B055E3A, cid=1984, seq=null, RW, null, SET_UNCONDITIONALLY, servers:[s7, s8, s9, s0, s1], listeners:[]
2024-10-31 03:26:51,402 INFO  server.RaftServer$Division (RaftServerImpl.java:setConfigurationAsync(1341)) - s7@group-4CD87B055E3A: receive setConfiguration SetConfigurationRequest:client-8FB543527D95->s7@group-4CD87B055E3A, cid=1984, seq=null, RW, null, SET_UNCONDITIONALLY, servers:[s7, s8, s9, s0, s1], listeners:[]
2024-10-31 03:26:51,503 INFO  server.RaftServer$Division (RaftServerImpl.java:setConfigurationAsync(1341)) - s8@group-4CD87B055E3A: receive setConfiguration SetConfigurationRequest:client-8FB543527D95->s8@group-4CD87B055E3A, cid=1984, seq=null, RW, null, SET_UNCONDITIONALLY, servers:[s7, s8, s9, s0, s1], listeners:[]
2024-10-31 03:26:51,603 INFO  server.RaftServer$Division (RaftServerImpl.java:setConfigurationAsync(1341)) - s7@group-4CD87B055E3A: receive setConfiguration SetConfigurationRequest:client-8FB543527D95->s7@group-4CD87B055E3A, cid=1984, seq=null, RW, null, SET_UNCONDITIONALLY, servers:[s7, s8, s9, s0, s1], listeners:[]
2024-10-31 03:26:51,703 INFO  server.RaftServer$Division (RaftServerImpl.java:setConfigurationAsync(1341)) - s9@group-4CD87B055E3A: receive setConfiguration SetConfigurationRequest:client-8FB543527D95->s9@group-4CD87B055E3A, cid=1984, seq=null, RW, null, SET_UNCONDITIONALLY, servers:[s7, s8, s9, s0, s1], listeners:[]
2024-10-31 03:26:51,804 INFO  server.RaftServer$Division (RaftServerImpl.java:setConfigurationAsync(1341)) - s7@group-4CD87B055E3A: receive setConfiguration SetConfigurationRequest:client-8FB543527D95->s7@group-4CD87B055E3A, cid=1984, seq=null, RW, null, SET_UNCONDITIONALLY, servers:[s7, s8, s9, s0, s1], listeners:[]
2024-10-31 03:26:51,904 INFO  server.RaftServer$Division (RaftServerImpl.java:setConfigurationAsync(1341)) - s8@group-4CD87B055E3A: receive setConfiguration SetConfigurationRequest:client-8FB543527D95->s8@group-4CD87B055E3A, cid=1984, seq=null, RW, null, SET_UNCONDITIONALLY, servers:[s7, s8, s9, s0, s1], listeners:[]
2024-10-31 03:26:52,005 INFO  server.RaftServer$Division (RaftServerImpl.java:setConfigurationAsync(1341)) - s7@group-4CD87B055E3A: receive setConfiguration SetConfigurationRequest:client-8FB543527D95->s7@group-4CD87B055E3A, cid=1984, seq=null, RW, null, SET_UNCONDITIONALLY, servers:[s7, s8, s9, s0, s1], listeners:[]
2024-10-31 03:26:52,105 INFO  server.RaftServer$Division (RaftServerImpl.java:setConfigurationAsync(1341)) - s8@group-4CD87B055E3A: receive setConfiguration SetConfigurationRequest:client-8FB543527D95->s8@group-4CD87B055E3A, cid=1984, seq=null, RW, null, SET_UNCONDITIONALLY, servers:[s7, s8, s9, s0, s1], listeners:[]
2024-10-31 03:26:52,206 INFO  server.RaftServer$Division (RaftServerImpl.java:setConfigurationAsync(1341)) - s7@group-4CD87B055E3A: receive setConfiguration SetConfigurationRequest:client-8FB543527D95->s7@group-4CD87B055E3A, cid=1984, seq=null, RW, null, SET_UNCONDITIONALLY, servers:[s7, s8, s9, s0, s1], listeners:[]
2024-10-31 03:26:52,306 INFO  server.RaftServer$Division (RaftServerImpl.java:setConfigurationAsync(1341)) - s9@group-4CD87B055E3A: receive setConfiguration SetConfigurationRequest:client-8FB543527D95->s9@group-4CD87B055E3A, cid=1984, seq=null, RW, null, SET_UNCONDITIONALLY, servers:[s7, s8, s9, s0, s1], listeners:[]
2024-10-31 03:26:52,406 INFO  server.RaftServer$Division (RaftServerImpl.java:setConfigurationAsync(1341)) - s7@group-4CD87B055E3A: receive setConfiguration SetConfigurationRequest:client-8FB543527D95->s7@group-4CD87B055E3A, cid=1984, seq=null, RW, null, SET_UNCONDITIONALLY, servers:[s7, s8, s9, s0, s1], listeners:[]
2024-10-31 03:26:52,507 INFO  server.RaftServer$Division (RaftServerImpl.java:setConfigurationAsync(1341)) - s9@group-4CD87B055E3A: receive setConfiguration SetConfigurationRequest:client-8FB543527D95->s9@group-4CD87B055E3A, cid=1984, seq=null, RW, null, SET_UNCONDITIONALLY, servers:[s7, s8, s9, s0, s1], listeners:[]
2024-10-31 03:26:52,607 INFO  server.RaftServer$Division (RaftServerImpl.java:setConfigurationAsync(1341)) - s7@group-4CD87B055E3A: receive setConfiguration SetConfigurationRequest:client-8FB543527D95->s7@group-4CD87B055E3A, cid=1984, seq=null, RW, null, SET_UNCONDITIONALLY, servers:[s7, s8, s9, s0, s1], listeners:[]
2024-10-31 03:26:52,707 INFO  server.RaftServer$Division (RaftServerImpl.java:setConfigurationAsync(1341)) - s8@group-4CD87B055E3A: receive setConfiguration SetConfigurationRequest:client-8FB543527D95->s8@group-4CD87B055E3A, cid=1984, seq=null, RW, null, SET_UNCONDITIONALLY, servers:[s7, s8, s9, s0, s1], listeners:[]
2024-10-31 03:26:52,808 INFO  server.RaftServer$Division (RaftServerImpl.java:setConfigurationAsync(1341)) - s7@group-4CD87B055E3A: receive setConfiguration SetConfigurationRequest:client-8FB543527D95->s7@group-4CD87B055E3A, cid=1984, seq=null, RW, null, SET_UNCONDITIONALLY, servers:[s7, s8, s9, s0, s1], listeners:[]
2024-10-31 03:26:52,908 INFO  server.RaftServer$Division (RaftServerImpl.java:setConfigurationAsync(1341)) - s8@group-4CD87B055E3A: receive setConfiguration SetConfigurationRequest:client-8FB543527D95->s8@group-4CD87B055E3A, cid=1984, seq=null, RW, null, SET_UNCONDITIONALLY, servers:[s7, s8, s9, s0, s1], listeners:[]
2024-10-31 03:26:53,009 INFO  server.RaftServer$Division (RaftServerImpl.java:setConfigurationAsync(1341)) - s7@group-4CD87B055E3A: receive setConfiguration SetConfigurationRequest:client-8FB543527D95->s7@group-4CD87B055E3A, cid=1984, seq=null, RW, null, SET_UNCONDITIONALLY, servers:[s7, s8, s9, s0, s1], listeners:[]
2024-10-31 03:26:53,109 INFO  server.RaftServer$Division (RaftServerImpl.java:setConfigurationAsync(1341)) - s9@group-4CD87B055E3A: receive setConfiguration SetConfigurationRequest:client-8FB543527D95->s9@group-4CD87B055E3A, cid=1984, seq=null, RW, null, SET_UNCONDITIONALLY, servers:[s7, s8, s9, s0, s1], listeners:[]
2024-10-31 03:26:53,209 INFO  server.RaftServer$Division (RaftServerImpl.java:setConfigurationAsync(1341)) - s7@group-4CD87B055E3A: receive setConfiguration SetConfigurationRequest:client-8FB543527D95->s7@group-4CD87B055E3A, cid=1984, seq=null, RW, null, SET_UNCONDITIONALLY, servers:[s7, s8, s9, s0, s1], listeners:[]
2024-10-31 03:26:53,310 INFO  server.RaftServer$Division (RaftServerImpl.java:setConfigurationAsync(1341)) - s8@group-4CD87B055E3A: receive setConfiguration SetConfigurationRequest:client-8FB543527D95->s8@group-4CD87B055E3A, cid=1984, seq=null, RW, null, SET_UNCONDITIONALLY, servers:[s7, s8, s9, s0, s1], listeners:[]
2024-10-31 03:26:53,410 INFO  server.RaftServer$Division (RaftServerImpl.java:setConfigurationAsync(1341)) - s7@group-4CD87B055E3A: receive setConfiguration SetConfigurationRequest:client-8FB543527D95->s7@group-4CD87B055E3A, cid=1984, seq=null, RW, null, SET_UNCONDITIONALLY, servers:[s7, s8, s9, s0, s1], listeners:[]
2024-10-31 03:26:53,511 INFO  server.RaftServer$Division (RaftServerImpl.java:setConfigurationAsync(1341)) - s9@group-4CD87B055E3A: receive setConfiguration SetConfigurationRequest:client-8FB543527D95->s9@group-4CD87B055E3A, cid=1984, seq=null, RW, null, SET_UNCONDITIONALLY, servers:[s7, s8, s9, s0, s1], listeners:[]
2024-10-31 03:26:53,611 INFO  server.RaftServer$Division (RaftServerImpl.java:setConfigurationAsync(1341)) - s7@group-4CD87B055E3A: receive setConfiguration SetConfigurationRequest:client-8FB543527D95->s7@group-4CD87B055E3A, cid=1984, seq=null, RW, null, SET_UNCONDITIONALLY, servers:[s7, s8, s9, s0, s1], listeners:[]
2024-10-31 03:26:53,711 INFO  server.RaftServer$Division (RaftServerImpl.java:setConfigurationAsync(1341)) - s9@group-4CD87B055E3A: receive setConfiguration SetConfigurationRequest:client-8FB543527D95->s9@group-4CD87B055E3A, cid=1984, seq=null, RW, null, SET_UNCONDITIONALLY, servers:[s7, s8, s9, s0, s1], listeners:[]
2024-10-31 03:26:53,812 INFO  server.RaftServer$Division (RaftServerImpl.java:setConfigurationAsync(1341)) - s7@group-4CD87B055E3A: receive setConfiguration SetConfigurationRequest:client-8FB543527D95->s7@group-4CD87B055E3A, cid=1984, seq=null, RW, null, SET_UNCONDITIONALLY, servers:[s7, s8, s9, s0, s1], listeners:[]
2024-10-31 03:26:53,912 INFO  server.RaftServer$Division (RaftServerImpl.java:setConfigurationAsync(1341)) - s9@group-4CD87B055E3A: receive setConfiguration SetConfigurationRequest:client-8FB543527D95->s9@group-4CD87B055E3A, cid=1984, seq=null, RW, null, SET_UNCONDITIONALLY, servers:[s7, s8, s9, s0, s1], listeners:[]
2024-10-31 03:26:54,012 INFO  server.RaftServer$Division (RaftServerImpl.java:setConfigurationAsync(1341)) - s7@group-4CD87B055E3A: receive setConfiguration SetConfigurationRequest:client-8FB543527D95->s7@group-4CD87B055E3A, cid=1984, seq=null, RW, null, SET_UNCONDITIONALLY, servers:[s7, s8, s9, s0, s1], listeners:[]
2024-10-31 03:26:54,113 INFO  server.RaftServer$Division (RaftServerImpl.java:setConfigurationAsync(1341)) - s8@group-4CD87B055E3A: receive setConfiguration SetConfigurationRequest:client-8FB543527D95->s8@group-4CD87B055E3A, cid=1984, seq=null, RW, null, SET_UNCONDITIONALLY, servers:[s7, s8, s9, s0, s1], listeners:[]
2024-10-31 03:26:54,213 INFO  server.RaftServer$Division (RaftServerImpl.java:setConfigurationAsync(1341)) - s7@group-4CD87B055E3A: receive setConfiguration SetConfigurationRequest:client-8FB543527D95->s7@group-4CD87B055E3A, cid=1984, seq=null, RW, null, SET_UNCONDITIONALLY, servers:[s7, s8, s9, s0, s1], listeners:[]
2024-10-31 03:26:54,313 INFO  server.RaftServer$Division (RaftServerImpl.java:setConfigurationAsync(1341)) - s8@group-4CD87B055E3A: receive setConfiguration SetConfigurationRequest:client-8FB543527D95->s8@group-4CD87B055E3A, cid=1984, seq=null, RW, null, SET_UNCONDITIONALLY, servers:[s7, s8, s9, s0, s1], listeners:[]
2024-10-31 03:26:54,414 INFO  server.RaftServer$Division (RaftServerImpl.java:setConfigurationAsync(1341)) - s7@group-4CD87B055E3A: receive setConfiguration SetConfigurationRequest:client-8FB543527D95->s7@group-4CD87B055E3A, cid=1984, seq=null, RW, null, SET_UNCONDITIONALLY, servers:[s7, s8, s9, s0, s1], listeners:[]
2024-10-31 03:26:54,514 INFO  server.RaftServer$Division (RaftServerImpl.java:setConfigurationAsync(1341)) - s9@group-4CD87B055E3A: receive setConfiguration SetConfigurationRequest:client-8FB543527D95->s9@group-4CD87B055E3A, cid=1984, seq=null, RW, null, SET_UNCONDITIONALLY, servers:[s7, s8, s9, s0, s1], listeners:[]
2024-10-31 03:26:54,615 INFO  server.RaftServer$Division (RaftServerImpl.java:setConfigurationAsync(1341)) - s7@group-4CD87B055E3A: receive setConfiguration SetConfigurationRequest:client-8FB543527D95->s7@group-4CD87B055E3A, cid=1984, seq=null, RW, null, SET_UNCONDITIONALLY, servers:[s7, s8, s9, s0, s1], listeners:[]
2024-10-31 03:26:54,715 INFO  server.RaftServer$Division (RaftServerImpl.java:setConfigurationAsync(1341)) - s9@group-4CD87B055E3A: receive setConfiguration SetConfigurationRequest:client-8FB543527D95->s9@group-4CD87B055E3A, cid=1984, seq=null, RW, null, SET_UNCONDITIONALLY, servers:[s7, s8, s9, s0, s1], listeners:[]
2024-10-31 03:26:54,815 INFO  server.RaftServer$Division (RaftServerImpl.java:setConfigurationAsync(1341)) - s7@group-4CD87B055E3A: receive setConfiguration SetConfigurationRequest:client-8FB543527D95->s7@group-4CD87B055E3A, cid=1984, seq=null, RW, null, SET_UNCONDITIONALLY, servers:[s7, s8, s9, s0, s1], listeners:[]
2024-10-31 03:26:54,916 INFO  server.RaftServer$Division (RaftServerImpl.java:setConfigurationAsync(1341)) - s9@group-4CD87B055E3A: receive setConfiguration SetConfigurationRequest:client-8FB543527D95->s9@group-4CD87B055E3A, cid=1984, seq=null, RW, null, SET_UNCONDITIONALLY, servers:[s7, s8, s9, s0, s1], listeners:[]
2024-10-31 03:26:55,016 INFO  server.RaftServer$Division (RaftServerImpl.java:setConfigurationAsync(1341)) - s7@group-4CD87B055E3A: receive setConfiguration SetConfigurationRequest:client-8FB543527D95->s7@group-4CD87B055E3A, cid=1984, seq=null, RW, null, SET_UNCONDITIONALLY, servers:[s7, s8, s9, s0, s1], listeners:[]
2024-10-31 03:26:55,116 INFO  server.RaftServer$Division (RaftServerImpl.java:setConfigurationAsync(1341)) - s8@group-4CD87B055E3A: receive setConfiguration SetConfigurationRequest:client-8FB543527D95->s8@group-4CD87B055E3A, cid=1984, seq=null, RW, null, SET_UNCONDITIONALLY, servers:[s7, s8, s9, s0, s1], listeners:[]
2024-10-31 03:26:55,217 INFO  server.RaftServer$Division (RaftServerImpl.java:setConfigurationAsync(1341)) - s7@group-4CD87B055E3A: receive setConfiguration SetConfigurationRequest:client-8FB543527D95->s7@group-4CD87B055E3A, cid=1984, seq=null, RW, null, SET_UNCONDITIONALLY, servers:[s7, s8, s9, s0, s1], listeners:[]
2024-10-31 03:26:55,317 INFO  server.RaftServer$Division (RaftServerImpl.java:setConfigurationAsync(1341)) - s9@group-4CD87B055E3A: receive setConfiguration SetConfigurationRequest:client-8FB543527D95->s9@group-4CD87B055E3A, cid=1984, seq=null, RW, null, SET_UNCONDITIONALLY, servers:[s7, s8, s9, s0, s1], listeners:[]
2024-10-31 03:26:55,417 INFO  server.RaftServer$Division (RaftServerImpl.java:setConfigurationAsync(1341)) - s7@group-4CD87B055E3A: receive setConfiguration SetConfigurationRequest:client-8FB543527D95->s7@group-4CD87B055E3A, cid=1984, seq=null, RW, null, SET_UNCONDITIONALLY, servers:[s7, s8, s9, s0, s1], listeners:[]
2024-10-31 03:26:55,518 INFO  server.RaftServer$Division (RaftServerImpl.java:setConfigurationAsync(1341)) - s9@group-4CD87B055E3A: receive setConfiguration SetConfigurationRequest:client-8FB543527D95->s9@group-4CD87B055E3A, cid=1984, seq=null, RW, null, SET_UNCONDITIONALLY, servers:[s7, s8, s9, s0, s1], listeners:[]
2024-10-31 03:26:55,618 INFO  server.RaftServer$Division (RaftServerImpl.java:setConfigurationAsync(1341)) - s7@group-4CD87B055E3A: receive setConfiguration SetConfigurationRequest:client-8FB543527D95->s7@group-4CD87B055E3A, cid=1984, seq=null, RW, null, SET_UNCONDITIONALLY, servers:[s7, s8, s9, s0, s1], listeners:[]
2024-10-31 03:26:55,718 INFO  server.RaftServer$Division (RaftServerImpl.java:setConfigurationAsync(1341)) - s9@group-4CD87B055E3A: receive setConfiguration SetConfigurationRequest:client-8FB543527D95->s9@group-4CD87B055E3A, cid=1984, seq=null, RW, null, SET_UNCONDITIONALLY, servers:[s7, s8, s9, s0, s1], listeners:[]
2024-10-31 03:26:55,819 INFO  server.RaftServer$Division (RaftServerImpl.java:setConfigurationAsync(1341)) - s7@group-4CD87B055E3A: receive setConfiguration SetConfigurationRequest:client-8FB543527D95->s7@group-4CD87B055E3A, cid=1984, seq=null, RW, null, SET_UNCONDITIONALLY, servers:[s7, s8, s9, s0, s1], listeners:[]
2024-10-31 03:26:55,919 INFO  server.RaftServer$Division (RaftServerImpl.java:setConfigurationAsync(1341)) - s8@group-4CD87B055E3A: receive setConfiguration SetConfigurationRequest:client-8FB543527D95->s8@group-4CD87B055E3A, cid=1984, seq=null, RW, null, SET_UNCONDITIONALLY, servers:[s7, s8, s9, s0, s1], listeners:[]
2024-10-31 03:26:55,992 INFO  impl.MiniRaftCluster (MiniRaftCluster.java:lambda$null$7(362)) - TIMED-PRINT: printing ALL groups
  s3:  RUNNING [
   FOLLOWER s3@group-4EB49E3E6D70:t0, leader=null, voted=, raftlog=Memoized:s3@group-4EB49E3E6D70-SegmentedRaftLog:OPENED:c-1:lastnull, conf=conf: {index: -1, cur=peers:[]|listeners:[], old=null} STARTING
   FOLLOWER s3@group-4CD87B055E3A:t0, leader=null, voted=, raftlog=Memoized:s3@group-4CD87B055E3A-SegmentedRaftLog:OPENED:c-1:lastnull, conf=conf: {index: -1, cur=peers:[]|listeners:[], old=null} STARTING] size=2
  s4:  RUNNING [
   FOLLOWER s4@group-4EB49E3E6D70:t0, leader=null, voted=, raftlog=Memoized:s4@group-4EB49E3E6D70-SegmentedRaftLog:OPENED:c-1:lastnull, conf=conf: {index: -1, cur=peers:[]|listeners:[], old=null} STARTING
   FOLLOWER s4@group-4CD87B055E3A:t0, leader=null, voted=, raftlog=Memoized:s4@group-4CD87B055E3A-SegmentedRaftLog:OPENED:c-1:lastnull, conf=conf: {index: -1, cur=peers:[]|listeners:[], old=null} STARTING] size=2
  s5:  RUNNING [
   FOLLOWER s5@group-4EB49E3E6D70:t0, leader=null, voted=, raftlog=Memoized:s5@group-4EB49E3E6D70-SegmentedRaftLog:OPENED:c-1:lastnull, conf=conf: {index: -1, cur=peers:[]|listeners:[], old=null} STARTING
   FOLLOWER s5@group-4CD87B055E3A:t0, leader=null, voted=, raftlog=Memoized:s5@group-4CD87B055E3A-SegmentedRaftLog:OPENED:c-1:lastnull, conf=conf: {index: -1, cur=peers:[]|listeners:[], old=null} STARTING] size=2
  s6:  RUNNING [
   FOLLOWER s6@group-4EB49E3E6D70:t0, leader=null, voted=, raftlog=Memoized:s6@group-4EB49E3E6D70-SegmentedRaftLog:OPENED:c-1:lastnull, conf=conf: {index: -1, cur=peers:[]|listeners:[], old=null} STARTING
   FOLLOWER s6@group-4CD87B055E3A:t0, leader=null, voted=, raftlog=Memoized:s6@group-4CD87B055E3A-SegmentedRaftLog:OPENED:c-1:lastnull, conf=conf: {index: -1, cur=peers:[]|listeners:[], old=null} STARTING] size=2
  s7:  RUNNING [
   FOLLOWER s7@group-4EB49E3E6D70:t0, leader=null, voted=, raftlog=Memoized:s7@group-4EB49E3E6D70-SegmentedRaftLog:OPENED:c-1:lastnull, conf=conf: {index: -1, cur=peers:[]|listeners:[], old=null} STARTING
     LEADER s7@group-4CD87B055E3A:t1, leader=s7, voted=s7, raftlog=Memoized:s7@group-4CD87B055E3A-SegmentedRaftLog:OPENED:c120:last(t:1, i:120), conf=conf: {index: 0, cur=peers:[s7, s8, s9]|listeners:[], old=null} RUNNING] size=2
  s8:  RUNNING [
   FOLLOWER s8@group-4EB49E3E6D70:t0, leader=null, voted=, raftlog=Memoized:s8@group-4EB49E3E6D70-SegmentedRaftLog:OPENED:c-1:lastnull, conf=conf: {index: -1, cur=peers:[]|listeners:[], old=null} STARTING
   FOLLOWER s8@group-4CD87B055E3A:t1, leader=s7, voted=s7, raftlog=Memoized:s8@group-4CD87B055E3A-SegmentedRaftLog:OPENED:c120:last(t:1, i:120), conf=conf: {index: 0, cur=peers:[s7|, s8|, s9|]|listeners:[], old=null} RUNNING] size=2
  s9:  RUNNING [
   FOLLOWER s9@group-4EB49E3E6D70:t0, leader=null, voted=, raftlog=Memoized:s9@group-4EB49E3E6D70-SegmentedRaftLog:OPENED:c-1:lastnull, conf=conf: {index: -1, cur=peers:[]|listeners:[], old=null} STARTING
   FOLLOWER s9@group-4CD87B055E3A:t1, leader=s7, voted=s7, raftlog=Memoized:s9@group-4CD87B055E3A-SegmentedRaftLog:OPENED:c120:last(t:1, i:120), conf=conf: {index: 0, cur=peers:[s7|, s8|, s9|]|listeners:[], old=null} RUNNING] size=2
  s11:  RUNNING [
   FOLLOWER s11@group-4EB49E3E6D70:t0, leader=null, voted=, raftlog=Memoized:s11@group-4EB49E3E6D70-SegmentedRaftLog:OPENED:c-1:lastnull, conf=conf: {index: -1, cur=peers:[]|listeners:[], old=null} STARTING
   FOLLOWER s11@group-4CD87B055E3A:t0, leader=null, voted=, raftlog=Memoized:s11@group-4CD87B055E3A-SegmentedRaftLog:OPENED:c-1:lastnull, conf=conf: {index: -1, cur=peers:[]|listeners:[], old=null} STARTING] size=2
  s10:  RUNNING [
   FOLLOWER s10@group-4EB49E3E6D70:t0, leader=null, voted=, raftlog=Memoized:s10@group-4EB49E3E6D70-SegmentedRaftLog:OPENED:c-1:lastnull, conf=conf: {index: -1, cur=peers:[]|listeners:[], old=null} STARTING
   FOLLOWER s10@group-4CD87B055E3A:t0, leader=null, voted=, raftlog=Memoized:s10@group-4CD87B055E3A-SegmentedRaftLog:OPENED:c-1:lastnull, conf=conf: {index: -1, cur=peers:[]|listeners:[], old=null} STARTING] size=2
  s13:  RUNNING [
   FOLLOWER s13@group-4EB49E3E6D70:t0, leader=null, voted=, raftlog=Memoized:s13@group-4EB49E3E6D70-SegmentedRaftLog:OPENED:c-1:lastnull, conf=conf: {index: -1, cur=peers:[]|listeners:[], old=null} STARTING
   FOLLOWER s13@group-4CD87B055E3A:t0, leader=null, voted=, raftlog=Memoized:s13@group-4CD87B055E3A-SegmentedRaftLog:OPENED:c-1:lastnull, conf=conf: {index: -1, cur=peers:[]|listeners:[], old=null} STARTING] size=2
  s12:  RUNNING [
   FOLLOWER s12@group-4EB49E3E6D70:t0, leader=null, voted=, raftlog=Memoized:s12@group-4EB49E3E6D70-SegmentedRaftLog:OPENED:c-1:lastnull, conf=conf: {index: -1, cur=peers:[]|listeners:[], old=null} STARTING
   FOLLOWER s12@group-4CD87B055E3A:t0, leader=null, voted=, raftlog=Memoized:s12@group-4CD87B055E3A-SegmentedRaftLog:OPENED:c-1:lastnull, conf=conf: {index: -1, cur=peers:[]|listeners:[], old=null} STARTING] size=2
  s14:  RUNNING [
   FOLLOWER s14@group-4EB49E3E6D70:t0, leader=null, voted=, raftlog=Memoized:s14@group-4EB49E3E6D70-SegmentedRaftLog:OPENED:c-1:lastnull, conf=conf: {index: -1, cur=peers:[]|listeners:[], old=null} STARTING
   FOLLOWER s14@group-4CD87B055E3A:t0, leader=null, voted=, raftlog=Memoized:s14@group-4CD87B055E3A-SegmentedRaftLog:OPENED:c-1:lastnull, conf=conf: {index: -1, cur=peers:[]|listeners:[], old=null} STARTING] size=2
  s0:  RUNNING [
   FOLLOWER s0@group-4EB49E3E6D70:t0, leader=null, voted=, raftlog=Memoized:s0@group-4EB49E3E6D70-SegmentedRaftLog:OPENED:c-1:lastnull, conf=conf: {index: -1, cur=peers:[]|listeners:[], old=null} STARTING
   FOLLOWER s0@group-4CD87B055E3A:t1, leader=s7, voted=null, raftlog=Memoized:s0@group-4CD87B055E3A-SegmentedRaftLog:OPENED:c120:last(t:1, i:120), conf=conf: {index: 0, cur=peers:[s7|, s8|, s9|]|listeners:[], old=null} STARTING] size=2
  s1:  RUNNING [
   FOLLOWER s1@group-4EB49E3E6D70:t0, leader=null, voted=, raftlog=Memoized:s1@group-4EB49E3E6D70-SegmentedRaftLog:OPENED:c-1:lastnull, conf=conf: {index: -1, cur=peers:[]|listeners:[], old=null} STARTING
   FOLLOWER s1@group-4CD87B055E3A:t1, leader=s7, voted=null, raftlog=Memoized:s1@group-4CD87B055E3A-SegmentedRaftLog:OPENED:c120:last(t:1, i:120), conf=conf: {index: 0, cur=peers:[s7|, s8|, s9|]|listeners:[], old=null} STARTING] size=2
  s2:  RUNNING [
   FOLLOWER s2@group-4EB49E3E6D70:t0, leader=null, voted=, raftlog=Memoized:s2@group-4EB49E3E6D70-SegmentedRaftLog:OPENED:c-1:lastnull, conf=conf: {index: -1, cur=peers:[]|listeners:[], old=null} STARTING
   FOLLOWER s2@group-4CD87B055E3A:t0, leader=null, voted=, raftlog=Memoized:s2@group-4CD87B055E3A-SegmentedRaftLog:OPENED:c-1:lastnull, conf=conf: {index: -1, cur=peers:[]|listeners:[], old=null} STARTING] size=2
2024-10-31 03:26:56,020 INFO  server.RaftServer$Division (RaftServerImpl.java:setConfigurationAsync(1341)) - s7@group-4CD87B055E3A: receive setConfiguration SetConfigurationRequest:client-8FB543527D95->s7@group-4CD87B055E3A, cid=1984, seq=null, RW, null, SET_UNCONDITIONALLY, servers:[s7, s8, s9, s0, s1], listeners:[]
2024-10-31 03:26:56,120 INFO  server.RaftServer$Division (RaftServerImpl.java:setConfigurationAsync(1341)) - s9@group-4CD87B055E3A: receive setConfiguration SetConfigurationRequest:client-8FB543527D95->s9@group-4CD87B055E3A, cid=1984, seq=null, RW, null, SET_UNCONDITIONALLY, servers:[s7, s8, s9, s0, s1], listeners:[]
2024-10-31 03:26:56,221 INFO  server.RaftServer$Division (RaftServerImpl.java:setConfigurationAsync(1341)) - s7@group-4CD87B055E3A: receive setConfiguration SetConfigurationRequest:client-8FB543527D95->s7@group-4CD87B055E3A, cid=1984, seq=null, RW, null, SET_UNCONDITIONALLY, servers:[s7, s8, s9, s0, s1], listeners:[]
2024-10-31 03:26:56,321 INFO  server.RaftServer$Division (RaftServerImpl.java:setConfigurationAsync(1341)) - s9@group-4CD87B055E3A: receive setConfiguration SetConfigurationRequest:client-8FB543527D95->s9@group-4CD87B055E3A, cid=1984, seq=null, RW, null, SET_UNCONDITIONALLY, servers:[s7, s8, s9, s0, s1], listeners:[]
2024-10-31 03:26:56,422 INFO  server.RaftServer$Division (RaftServerImpl.java:setConfigurationAsync(1341)) - s7@group-4CD87B055E3A: receive setConfiguration SetConfigurationRequest:client-8FB543527D95->s7@group-4CD87B055E3A, cid=1984, seq=null, RW, null, SET_UNCONDITIONALLY, servers:[s7, s8, s9, s0, s1], listeners:[]
2024-10-31 03:26:56,522 INFO  server.RaftServer$Division (RaftServerImpl.java:setConfigurationAsync(1341)) - s9@group-4CD87B055E3A: receive setConfiguration SetConfigurationRequest:client-8FB543527D95->s9@group-4CD87B055E3A, cid=1984, seq=null, RW, null, SET_UNCONDITIONALLY, servers:[s7, s8, s9, s0, s1], listeners:[]
2024-10-31 03:26:56,622 INFO  server.RaftServer$Division (RaftServerImpl.java:setConfigurationAsync(1341)) - s7@group-4CD87B055E3A: receive setConfiguration SetConfigurationRequest:client-8FB543527D95->s7@group-4CD87B055E3A, cid=1984, seq=null, RW, null, SET_UNCONDITIONALLY, servers:[s7, s8, s9, s0, s1], listeners:[]
2024-10-31 03:26:56,723 INFO  server.RaftServer$Division (RaftServerImpl.java:setConfigurationAsync(1341)) - s9@group-4CD87B055E3A: receive setConfiguration SetConfigurationRequest:client-8FB543527D95->s9@group-4CD87B055E3A, cid=1984, seq=null, RW, null, SET_UNCONDITIONALLY, servers:[s7, s8, s9, s0, s1], listeners:[]
2024-10-31 03:26:56,823 INFO  server.RaftServer$Division (RaftServerImpl.java:setConfigurationAsync(1341)) - s7@group-4CD87B055E3A: receive setConfiguration SetConfigurationRequest:client-8FB543527D95->s7@group-4CD87B055E3A, cid=1984, seq=null, RW, null, SET_UNCONDITIONALLY, servers:[s7, s8, s9, s0, s1], listeners:[]
2024-10-31 03:26:56,924 INFO  server.RaftServer$Division (RaftServerImpl.java:setConfigurationAsync(1341)) - s9@group-4CD87B055E3A: receive setConfiguration SetConfigurationRequest:client-8FB543527D95->s9@group-4CD87B055E3A, cid=1984, seq=null, RW, null, SET_UNCONDITIONALLY, servers:[s7, s8, s9, s0, s1], listeners:[]
2024-10-31 03:26:57,024 INFO  server.RaftServer$Division (RaftServerImpl.java:setConfigurationAsync(1341)) - s7@group-4CD87B055E3A: receive setConfiguration SetConfigurationRequest:client-8FB543527D95->s7@group-4CD87B055E3A, cid=1984, seq=null, RW, null, SET_UNCONDITIONALLY, servers:[s7, s8, s9, s0, s1], listeners:[]
2024-10-31 03:26:57,124 INFO  server.RaftServer$Division (RaftServerImpl.java:setConfigurationAsync(1341)) - s9@group-4CD87B055E3A: receive setConfiguration SetConfigurationRequest:client-8FB543527D95->s9@group-4CD87B055E3A, cid=1984, seq=null, RW, null, SET_UNCONDITIONALLY, servers:[s7, s8, s9, s0, s1], listeners:[]
2024-10-31 03:26:57,225 INFO  server.RaftServer$Division (RaftServerImpl.java:setConfigurationAsync(1341)) - s7@group-4CD87B055E3A: receive setConfiguration SetConfigurationRequest:client-8FB543527D95->s7@group-4CD87B055E3A, cid=1984, seq=null, RW, null, SET_UNCONDITIONALLY, servers:[s7, s8, s9, s0, s1], listeners:[]
2024-10-31 03:26:57,325 INFO  server.RaftServer$Division (RaftServerImpl.java:setConfigurationAsync(1341)) - s9@group-4CD87B055E3A: receive setConfiguration SetConfigurationRequest:client-8FB543527D95->s9@group-4CD87B055E3A, cid=1984, seq=null, RW, null, SET_UNCONDITIONALLY, servers:[s7, s8, s9, s0, s1], listeners:[]
2024-10-31 03:26:57,425 INFO  server.RaftServer$Division (RaftServerImpl.java:setConfigurationAsync(1341)) - s7@group-4CD87B055E3A: receive setConfiguration SetConfigurationRequest:client-8FB543527D95->s7@group-4CD87B055E3A, cid=1984, seq=null, RW, null, SET_UNCONDITIONALLY, servers:[s7, s8, s9, s0, s1], listeners:[]
2024-10-31 03:26:57,526 INFO  server.RaftServer$Division (RaftServerImpl.java:setConfigurationAsync(1341)) - s8@group-4CD87B055E3A: receive setConfiguration SetConfigurationRequest:client-8FB543527D95->s8@group-4CD87B055E3A, cid=1984, seq=null, RW, null, SET_UNCONDITIONALLY, servers:[s7, s8, s9, s0, s1], listeners:[]
2024-10-31 03:26:57,626 INFO  server.RaftServer$Division (RaftServerImpl.java:setConfigurationAsync(1341)) - s7@group-4CD87B055E3A: receive setConfiguration SetConfigurationRequest:client-8FB543527D95->s7@group-4CD87B055E3A, cid=1984, seq=null, RW, null, SET_UNCONDITIONALLY, servers:[s7, s8, s9, s0, s1], listeners:[]
2024-10-31 03:26:57,726 INFO  server.RaftServer$Division (RaftServerImpl.java:setConfigurationAsync(1341)) - s8@group-4CD87B055E3A: receive setConfiguration SetConfigurationRequest:client-8FB543527D95->s8@group-4CD87B055E3A, cid=1984, seq=null, RW, null, SET_UNCONDITIONALLY, servers:[s7, s8, s9, s0, s1], listeners:[]
2024-10-31 03:26:57,827 INFO  server.RaftServer$Division (RaftServerImpl.java:setConfigurationAsync(1341)) - s7@group-4CD87B055E3A: receive setConfiguration SetConfigurationRequest:client-8FB543527D95->s7@group-4CD87B055E3A, cid=1984, seq=null, RW, null, SET_UNCONDITIONALLY, servers:[s7, s8, s9, s0, s1], listeners:[]
2024-10-31 03:26:57,927 INFO  server.RaftServer$Division (RaftServerImpl.java:setConfigurationAsync(1341)) - s9@group-4CD87B055E3A: receive setConfiguration SetConfigurationRequest:client-8FB543527D95->s9@group-4CD87B055E3A, cid=1984, seq=null, RW, null, SET_UNCONDITIONALLY, servers:[s7, s8, s9, s0, s1], listeners:[]
2024-10-31 03:26:58,027 INFO  server.RaftServer$Division (RaftServerImpl.java:setConfigurationAsync(1341)) - s7@group-4CD87B055E3A: receive setConfiguration SetConfigurationRequest:client-8FB543527D95->s7@group-4CD87B055E3A, cid=1984, seq=null, RW, null, SET_UNCONDITIONALLY, servers:[s7, s8, s9, s0, s1], listeners:[]
2024-10-31 03:26:58,128 INFO  server.RaftServer$Division (RaftServerImpl.java:setConfigurationAsync(1341)) - s8@group-4CD87B055E3A: receive setConfiguration SetConfigurationRequest:client-8FB543527D95->s8@group-4CD87B055E3A, cid=1984, seq=null, RW, null, SET_UNCONDITIONALLY, servers:[s7, s8, s9, s0, s1], listeners:[]
2024-10-31 03:26:58,228 INFO  server.RaftServer$Division (RaftServerImpl.java:setConfigurationAsync(1341)) - s7@group-4CD87B055E3A: receive setConfiguration SetConfigurationRequest:client-8FB543527D95->s7@group-4CD87B055E3A, cid=1984, seq=null, RW, null, SET_UNCONDITIONALLY, servers:[s7, s8, s9, s0, s1], listeners:[]
2024-10-31 03:26:58,329 INFO  server.RaftServer$Division (RaftServerImpl.java:setConfigurationAsync(1341)) - s8@group-4CD87B055E3A: receive setConfiguration SetConfigurationRequest:client-8FB543527D95->s8@group-4CD87B055E3A, cid=1984, seq=null, RW, null, SET_UNCONDITIONALLY, servers:[s7, s8, s9, s0, s1], listeners:[]
2024-10-31 03:26:58,429 INFO  server.RaftServer$Division (RaftServerImpl.java:setConfigurationAsync(1341)) - s7@group-4CD87B055E3A: receive setConfiguration SetConfigurationRequest:client-8FB543527D95->s7@group-4CD87B055E3A, cid=1984, seq=null, RW, null, SET_UNCONDITIONALLY, servers:[s7, s8, s9, s0, s1], listeners:[]
2024-10-31 03:26:58,529 INFO  server.RaftServer$Division (RaftServerImpl.java:setConfigurationAsync(1341)) - s9@group-4CD87B055E3A: receive setConfiguration SetConfigurationRequest:client-8FB543527D95->s9@group-4CD87B055E3A, cid=1984, seq=null, RW, null, SET_UNCONDITIONALLY, servers:[s7, s8, s9, s0, s1], listeners:[]
2024-10-31 03:26:58,630 INFO  server.RaftServer$Division (RaftServerImpl.java:setConfigurationAsync(1341)) - s7@group-4CD87B055E3A: receive setConfiguration SetConfigurationRequest:client-8FB543527D95->s7@group-4CD87B055E3A, cid=1984, seq=null, RW, null, SET_UNCONDITIONALLY, servers:[s7, s8, s9, s0, s1], listeners:[]
2024-10-31 03:26:58,730 INFO  server.RaftServer$Division (RaftServerImpl.java:setConfigurationAsync(1341)) - s9@group-4CD87B055E3A: receive setConfiguration SetConfigurationRequest:client-8FB543527D95->s9@group-4CD87B055E3A, cid=1984, seq=null, RW, null, SET_UNCONDITIONALLY, servers:[s7, s8, s9, s0, s1], listeners:[]
2024-10-31 03:26:58,830 INFO  server.RaftServer$Division (RaftServerImpl.java:setConfigurationAsync(1341)) - s7@group-4CD87B055E3A: receive setConfiguration SetConfigurationRequest:client-8FB543527D95->s7@group-4CD87B055E3A, cid=1984, seq=null, RW, null, SET_UNCONDITIONALLY, servers:[s7, s8, s9, s0, s1], listeners:[]
2024-10-31 03:26:58,931 INFO  server.RaftServer$Division (RaftServerImpl.java:setConfigurationAsync(1341)) - s9@group-4CD87B055E3A: receive setConfiguration SetConfigurationRequest:client-8FB543527D95->s9@group-4CD87B055E3A, cid=1984, seq=null, RW, null, SET_UNCONDITIONALLY, servers:[s7, s8, s9, s0, s1], listeners:[]
2024-10-31 03:26:59,031 INFO  server.RaftServer$Division (RaftServerImpl.java:setConfigurationAsync(1341)) - s7@group-4CD87B055E3A: receive setConfiguration SetConfigurationRequest:client-8FB543527D95->s7@group-4CD87B055E3A, cid=1984, seq=null, RW, null, SET_UNCONDITIONALLY, servers:[s7, s8, s9, s0, s1], listeners:[]
2024-10-31 03:26:59,132 INFO  server.RaftServer$Division (RaftServerImpl.java:setConfigurationAsync(1341)) - s9@group-4CD87B055E3A: receive setConfiguration SetConfigurationRequest:client-8FB543527D95->s9@group-4CD87B055E3A, cid=1984, seq=null, RW, null, SET_UNCONDITIONALLY, servers:[s7, s8, s9, s0, s1], listeners:[]
2024-10-31 03:26:59,232 INFO  server.RaftServer$Division (RaftServerImpl.java:setConfigurationAsync(1341)) - s7@group-4CD87B055E3A: receive setConfiguration SetConfigurationRequest:client-8FB543527D95->s7@group-4CD87B055E3A, cid=1984, seq=null, RW, null, SET_UNCONDITIONALLY, servers:[s7, s8, s9, s0, s1], listeners:[]
2024-10-31 03:26:59,332 INFO  server.RaftServer$Division (RaftServerImpl.java:setConfigurationAsync(1341)) - s9@group-4CD87B055E3A: receive setConfiguration SetConfigurationRequest:client-8FB543527D95->s9@group-4CD87B055E3A, cid=1984, seq=null, RW, null, SET_UNCONDITIONALLY, servers:[s7, s8, s9, s0, s1], listeners:[]
2024-10-31 03:26:59,433 INFO  server.RaftServer$Division (RaftServerImpl.java:setConfigurationAsync(1341)) - s7@group-4CD87B055E3A: receive setConfiguration SetConfigurationRequest:client-8FB543527D95->s7@group-4CD87B055E3A, cid=1984, seq=null, RW, null, SET_UNCONDITIONALLY, servers:[s7, s8, s9, s0, s1], listeners:[]
2024-10-31 03:26:59,533 INFO  server.RaftServer$Division (RaftServerImpl.java:setConfigurationAsync(1341)) - s8@group-4CD87B055E3A: receive setConfiguration SetConfigurationRequest:client-8FB543527D95->s8@group-4CD87B055E3A, cid=1984, seq=null, RW, null, SET_UNCONDITIONALLY, servers:[s7, s8, s9, s0, s1], listeners:[]
2024-10-31 03:26:59,634 INFO  server.RaftServer$Division (RaftServerImpl.java:setConfigurationAsync(1341)) - s7@group-4CD87B055E3A: receive setConfiguration SetConfigurationRequest:client-8FB543527D95->s7@group-4CD87B055E3A, cid=1984, seq=null, RW, null, SET_UNCONDITIONALLY, servers:[s7, s8, s9, s0, s1], listeners:[]
2024-10-31 03:26:59,734 INFO  server.RaftServer$Division (RaftServerImpl.java:setConfigurationAsync(1341)) - s9@group-4CD87B055E3A: receive setConfiguration SetConfigurationRequest:client-8FB543527D95->s9@group-4CD87B055E3A, cid=1984, seq=null, RW, null, SET_UNCONDITIONALLY, servers:[s7, s8, s9, s0, s1], listeners:[]
2024-10-31 03:26:59,834 INFO  server.RaftServer$Division (RaftServerImpl.java:setConfigurationAsync(1341)) - s7@group-4CD87B055E3A: receive setConfiguration SetConfigurationRequest:client-8FB543527D95->s7@group-4CD87B055E3A, cid=1984, seq=null, RW, null, SET_UNCONDITIONALLY, servers:[s7, s8, s9, s0, s1], listeners:[]
2024-10-31 03:26:59,935 INFO  server.RaftServer$Division (RaftServerImpl.java:setConfigurationAsync(1341)) - s8@group-4CD87B055E3A: receive setConfiguration SetConfigurationRequest:client-8FB543527D95->s8@group-4CD87B055E3A, cid=1984, seq=null, RW, null, SET_UNCONDITIONALLY, servers:[s7, s8, s9, s0, s1], listeners:[]
2024-10-31 03:27:00,035 INFO  server.RaftServer$Division (RaftServerImpl.java:setConfigurationAsync(1341)) - s7@group-4CD87B055E3A: receive setConfiguration SetConfigurationRequest:client-8FB543527D95->s7@group-4CD87B055E3A, cid=1984, seq=null, RW, null, SET_UNCONDITIONALLY, servers:[s7, s8, s9, s0, s1], listeners:[]
2024-10-31 03:27:00,135 INFO  server.RaftServer$Division (RaftServerImpl.java:setConfigurationAsync(1341)) - s9@group-4CD87B055E3A: receive setConfiguration SetConfigurationRequest:client-8FB543527D95->s9@group-4CD87B055E3A, cid=1984, seq=null, RW, null, SET_UNCONDITIONALLY, servers:[s7, s8, s9, s0, s1], listeners:[]
2024-10-31 03:27:00,236 INFO  server.RaftServer$Division (RaftServerImpl.java:setConfigurationAsync(1341)) - s7@group-4CD87B055E3A: receive setConfiguration SetConfigurationRequest:client-8FB543527D95->s7@group-4CD87B055E3A, cid=1984, seq=null, RW, null, SET_UNCONDITIONALLY, servers:[s7, s8, s9, s0, s1], listeners:[]
2024-10-31 03:27:00,336 INFO  server.RaftServer$Division (RaftServerImpl.java:setConfigurationAsync(1341)) - s9@group-4CD87B055E3A: receive setConfiguration SetConfigurationRequest:client-8FB543527D95->s9@group-4CD87B055E3A, cid=1984, seq=null, RW, null, SET_UNCONDITIONALLY, servers:[s7, s8, s9, s0, s1], listeners:[]
2024-10-31 03:27:00,436 INFO  server.RaftServer$Division (RaftServerImpl.java:setConfigurationAsync(1341)) - s7@group-4CD87B055E3A: receive setConfiguration SetConfigurationRequest:client-8FB543527D95->s7@group-4CD87B055E3A, cid=1984, seq=null, RW, null, SET_UNCONDITIONALLY, servers:[s7, s8, s9, s0, s1], listeners:[]
2024-10-31 03:27:00,537 INFO  server.RaftServer$Division (RaftServerImpl.java:setConfigurationAsync(1341)) - s8@group-4CD87B055E3A: receive setConfiguration SetConfigurationRequest:client-8FB543527D95->s8@group-4CD87B055E3A, cid=1984, seq=null, RW, null, SET_UNCONDITIONALLY, servers:[s7, s8, s9, s0, s1], listeners:[]
2024-10-31 03:27:00,637 INFO  server.RaftServer$Division (RaftServerImpl.java:setConfigurationAsync(1341)) - s7@group-4CD87B055E3A: receive setConfiguration SetConfigurationRequest:client-8FB543527D95->s7@group-4CD87B055E3A, cid=1984, seq=null, RW, null, SET_UNCONDITIONALLY, servers:[s7, s8, s9, s0, s1], listeners:[]
2024-10-31 03:27:00,737 INFO  server.RaftServer$Division (RaftServerImpl.java:setConfigurationAsync(1341)) - s9@group-4CD87B055E3A: receive setConfiguration SetConfigurationRequest:client-8FB543527D95->s9@group-4CD87B055E3A, cid=1984, seq=null, RW, null, SET_UNCONDITIONALLY, servers:[s7, s8, s9, s0, s1], listeners:[]
2024-10-31 03:27:00,837 INFO  server.RaftServer$Division (RaftServerImpl.java:setConfigurationAsync(1341)) - s7@group-4CD87B055E3A: receive setConfiguration SetConfigurationRequest:client-8FB543527D95->s7@group-4CD87B055E3A, cid=1984, seq=null, RW, null, SET_UNCONDITIONALLY, servers:[s7, s8, s9, s0, s1], listeners:[]
2024-10-31 03:27:00,938 INFO  server.RaftServer$Division (RaftServerImpl.java:setConfigurationAsync(1341)) - s9@group-4CD87B055E3A: receive setConfiguration SetConfigurationRequest:client-8FB543527D95->s9@group-4CD87B055E3A, cid=1984, seq=null, RW, null, SET_UNCONDITIONALLY, servers:[s7, s8, s9, s0, s1], listeners:[]
2024-10-31 03:27:01,038 INFO  server.RaftServer$Division (RaftServerImpl.java:setConfigurationAsync(1341)) - s7@group-4CD87B055E3A: receive setConfiguration SetConfigurationRequest:client-8FB543527D95->s7@group-4CD87B055E3A, cid=1984, seq=null, RW, null, SET_UNCONDITIONALLY, servers:[s7, s8, s9, s0, s1], listeners:[]
2024-10-31 03:27:01,139 INFO  server.RaftServer$Division (RaftServerImpl.java:setConfigurationAsync(1341)) - s8@group-4CD87B055E3A: receive setConfiguration SetConfigurationRequest:client-8FB543527D95->s8@group-4CD87B055E3A, cid=1984, seq=null, RW, null, SET_UNCONDITIONALLY, servers:[s7, s8, s9, s0, s1], listeners:[]
2024-10-31 03:27:01,239 INFO  server.RaftServer$Division (RaftServerImpl.java:setConfigurationAsync(1341)) - s7@group-4CD87B055E3A: receive setConfiguration SetConfigurationRequest:client-8FB543527D95->s7@group-4CD87B055E3A, cid=1984, seq=null, RW, null, SET_UNCONDITIONALLY, servers:[s7, s8, s9, s0, s1], listeners:[]
2024-10-31 03:27:01,339 INFO  server.RaftServer$Division (RaftServerImpl.java:setConfigurationAsync(1341)) - s8@group-4CD87B055E3A: receive setConfiguration SetConfigurationRequest:client-8FB543527D95->s8@group-4CD87B055E3A, cid=1984, seq=null, RW, null, SET_UNCONDITIONALLY, servers:[s7, s8, s9, s0, s1], listeners:[]
2024-10-31 03:27:01,440 INFO  server.RaftServer$Division (RaftServerImpl.java:setConfigurationAsync(1341)) - s7@group-4CD87B055E3A: receive setConfiguration SetConfigurationRequest:client-8FB543527D95->s7@group-4CD87B055E3A, cid=1984, seq=null, RW, null, SET_UNCONDITIONALLY, servers:[s7, s8, s9, s0, s1], listeners:[]
2024-10-31 03:27:01,540 INFO  server.RaftServer$Division (RaftServerImpl.java:setConfigurationAsync(1341)) - s8@group-4CD87B055E3A: receive setConfiguration SetConfigurationRequest:client-8FB543527D95->s8@group-4CD87B055E3A, cid=1984, seq=null, RW, null, SET_UNCONDITIONALLY, servers:[s7, s8, s9, s0, s1], listeners:[]
2024-10-31 03:27:01,640 INFO  server.RaftServer$Division (RaftServerImpl.java:setConfigurationAsync(1341)) - s7@group-4CD87B055E3A: receive setConfiguration SetConfigurationRequest:client-8FB543527D95->s7@group-4CD87B055E3A, cid=1984, seq=null, RW, null, SET_UNCONDITIONALLY, servers:[s7, s8, s9, s0, s1], listeners:[]
2024-10-31 03:27:01,741 INFO  server.RaftServer$Division (RaftServerImpl.java:setConfigurationAsync(1341)) - s8@group-4CD87B055E3A: receive setConfiguration SetConfigurationRequest:client-8FB543527D95->s8@group-4CD87B055E3A, cid=1984, seq=null, RW, null, SET_UNCONDITIONALLY, servers:[s7, s8, s9, s0, s1], listeners:[]
2024-10-31 03:27:01,841 INFO  server.RaftServer$Division (RaftServerImpl.java:setConfigurationAsync(1341)) - s7@group-4CD87B055E3A: receive setConfiguration SetConfigurationRequest:client-8FB543527D95->s7@group-4CD87B055E3A, cid=1984, seq=null, RW, null, SET_UNCONDITIONALLY, servers:[s7, s8, s9, s0, s1], listeners:[]
2024-10-31 03:27:01,941 INFO  server.RaftServer$Division (RaftServerImpl.java:setConfigurationAsync(1341)) - s9@group-4CD87B055E3A: receive setConfiguration SetConfigurationRequest:client-8FB543527D95->s9@group-4CD87B055E3A, cid=1984, seq=null, RW, null, SET_UNCONDITIONALLY, servers:[s7, s8, s9, s0, s1], listeners:[]
2024-10-31 03:27:02,042 INFO  server.RaftServer$Division (RaftServerImpl.java:setConfigurationAsync(1341)) - s7@group-4CD87B055E3A: receive setConfiguration SetConfigurationRequest:client-8FB543527D95->s7@group-4CD87B055E3A, cid=1984, seq=null, RW, null, SET_UNCONDITIONALLY, servers:[s7, s8, s9, s0, s1], listeners:[]
2024-10-31 03:27:02,142 INFO  server.RaftServer$Division (RaftServerImpl.java:setConfigurationAsync(1341)) - s9@group-4CD87B055E3A: receive setConfiguration SetConfigurationRequest:client-8FB543527D95->s9@group-4CD87B055E3A, cid=1984, seq=null, RW, null, SET_UNCONDITIONALLY, servers:[s7, s8, s9, s0, s1], listeners:[]
2024-10-31 03:27:02,243 INFO  server.RaftServer$Division (RaftServerImpl.java:setConfigurationAsync(1341)) - s7@group-4CD87B055E3A: receive setConfiguration SetConfigurationRequest:client-8FB543527D95->s7@group-4CD87B055E3A, cid=1984, seq=null, RW, null, SET_UNCONDITIONALLY, servers:[s7, s8, s9, s0, s1], listeners:[]
2024-10-31 03:27:02,343 INFO  server.RaftServer$Division (RaftServerImpl.java:setConfigurationAsync(1341)) - s9@group-4CD87B055E3A: receive setConfiguration SetConfigurationRequest:client-8FB543527D95->s9@group-4CD87B055E3A, cid=1984, seq=null, RW, null, SET_UNCONDITIONALLY, servers:[s7, s8, s9, s0, s1], listeners:[]
2024-10-31 03:27:02,444 INFO  server.RaftServer$Division (RaftServerImpl.java:setConfigurationAsync(1341)) - s7@group-4CD87B055E3A: receive setConfiguration SetConfigurationRequest:client-8FB543527D95->s7@group-4CD87B055E3A, cid=1984, seq=null, RW, null, SET_UNCONDITIONALLY, servers:[s7, s8, s9, s0, s1], listeners:[]
2024-10-31 03:27:02,544 INFO  server.RaftServer$Division (RaftServerImpl.java:setConfigurationAsync(1341)) - s8@group-4CD87B055E3A: receive setConfiguration SetConfigurationRequest:client-8FB543527D95->s8@group-4CD87B055E3A, cid=1984, seq=null, RW, null, SET_UNCONDITIONALLY, servers:[s7, s8, s9, s0, s1], listeners:[]
2024-10-31 03:27:02,645 INFO  server.RaftServer$Division (RaftServerImpl.java:setConfigurationAsync(1341)) - s7@group-4CD87B055E3A: receive setConfiguration SetConfigurationRequest:client-8FB543527D95->s7@group-4CD87B055E3A, cid=1984, seq=null, RW, null, SET_UNCONDITIONALLY, servers:[s7, s8, s9, s0, s1], listeners:[]
2024-10-31 03:27:02,745 INFO  server.RaftServer$Division (RaftServerImpl.java:setConfigurationAsync(1341)) - s8@group-4CD87B055E3A: receive setConfiguration SetConfigurationRequest:client-8FB543527D95->s8@group-4CD87B055E3A, cid=1984, seq=null, RW, null, SET_UNCONDITIONALLY, servers:[s7, s8, s9, s0, s1], listeners:[]
2024-10-31 03:27:02,845 INFO  server.RaftServer$Division (RaftServerImpl.java:setConfigurationAsync(1341)) - s7@group-4CD87B055E3A: receive setConfiguration SetConfigurationRequest:client-8FB543527D95->s7@group-4CD87B055E3A, cid=1984, seq=null, RW, null, SET_UNCONDITIONALLY, servers:[s7, s8, s9, s0, s1], listeners:[]
2024-10-31 03:27:02,946 INFO  server.RaftServer$Division (RaftServerImpl.java:setConfigurationAsync(1341)) - s9@group-4CD87B055E3A: receive setConfiguration SetConfigurationRequest:client-8FB543527D95->s9@group-4CD87B055E3A, cid=1984, seq=null, RW, null, SET_UNCONDITIONALLY, servers:[s7, s8, s9, s0, s1], listeners:[]
2024-10-31 03:27:03,046 INFO  server.RaftServer$Division (RaftServerImpl.java:setConfigurationAsync(1341)) - s7@group-4CD87B055E3A: receive setConfiguration SetConfigurationRequest:client-8FB543527D95->s7@group-4CD87B055E3A, cid=1984, seq=null, RW, null, SET_UNCONDITIONALLY, servers:[s7, s8, s9, s0, s1], listeners:[]
2024-10-31 03:27:03,147 INFO  server.RaftServer$Division (RaftServerImpl.java:setConfigurationAsync(1341)) - s8@group-4CD87B055E3A: receive setConfiguration SetConfigurationRequest:client-8FB543527D95->s8@group-4CD87B055E3A, cid=1984, seq=null, RW, null, SET_UNCONDITIONALLY, servers:[s7, s8, s9, s0, s1], listeners:[]
2024-10-31 03:27:03,247 INFO  server.RaftServer$Division (RaftServerImpl.java:setConfigurationAsync(1341)) - s7@group-4CD87B055E3A: receive setConfiguration SetConfigurationRequest:client-8FB543527D95->s7@group-4CD87B055E3A, cid=1984, seq=null, RW, null, SET_UNCONDITIONALLY, servers:[s7, s8, s9, s0, s1], listeners:[]
2024-10-31 03:27:03,347 INFO  server.RaftServer$Division (RaftServerImpl.java:setConfigurationAsync(1341)) - s8@group-4CD87B055E3A: receive setConfiguration SetConfigurationRequest:client-8FB543527D95->s8@group-4CD87B055E3A, cid=1984, seq=null, RW, null, SET_UNCONDITIONALLY, servers:[s7, s8, s9, s0, s1], listeners:[]
2024-10-31 03:27:03,448 INFO  server.RaftServer$Division (RaftServerImpl.java:setConfigurationAsync(1341)) - s7@group-4CD87B055E3A: receive setConfiguration SetConfigurationRequest:client-8FB543527D95->s7@group-4CD87B055E3A, cid=1984, seq=null, RW, null, SET_UNCONDITIONALLY, servers:[s7, s8, s9, s0, s1], listeners:[]
2024-10-31 03:27:03,548 INFO  server.RaftServer$Division (RaftServerImpl.java:setConfigurationAsync(1341)) - s9@group-4CD87B055E3A: receive setConfiguration SetConfigurationRequest:client-8FB543527D95->s9@group-4CD87B055E3A, cid=1984, seq=null, RW, null, SET_UNCONDITIONALLY, servers:[s7, s8, s9, s0, s1], listeners:[]
2024-10-31 03:27:03,649 INFO  server.RaftServer$Division (RaftServerImpl.java:setConfigurationAsync(1341)) - s7@group-4CD87B055E3A: receive setConfiguration SetConfigurationRequest:client-8FB543527D95->s7@group-4CD87B055E3A, cid=1984, seq=null, RW, null, SET_UNCONDITIONALLY, servers:[s7, s8, s9, s0, s1], listeners:[]
2024-10-31 03:27:03,749 INFO  server.RaftServer$Division (RaftServerImpl.java:setConfigurationAsync(1341)) - s9@group-4CD87B055E3A: receive setConfiguration SetConfigurationRequest:client-8FB543527D95->s9@group-4CD87B055E3A, cid=1984, seq=null, RW, null, SET_UNCONDITIONALLY, servers:[s7, s8, s9, s0, s1], listeners:[]
2024-10-31 03:27:03,849 INFO  server.RaftServer$Division (RaftServerImpl.java:setConfigurationAsync(1341)) - s7@group-4CD87B055E3A: receive setConfiguration SetConfigurationRequest:client-8FB543527D95->s7@group-4CD87B055E3A, cid=1984, seq=null, RW, null, SET_UNCONDITIONALLY, servers:[s7, s8, s9, s0, s1], listeners:[]
2024-10-31 03:27:03,950 INFO  server.RaftServer$Division (RaftServerImpl.java:setConfigurationAsync(1341)) - s8@group-4CD87B055E3A: receive setConfiguration SetConfigurationRequest:client-8FB543527D95->s8@group-4CD87B055E3A, cid=1984, seq=null, RW, null, SET_UNCONDITIONALLY, servers:[s7, s8, s9, s0, s1], listeners:[]
2024-10-31 03:27:04,050 INFO  server.RaftServer$Division (RaftServerImpl.java:setConfigurationAsync(1341)) - s7@group-4CD87B055E3A: receive setConfiguration SetConfigurationRequest:client-8FB543527D95->s7@group-4CD87B055E3A, cid=1984, seq=null, RW, null, SET_UNCONDITIONALLY, servers:[s7, s8, s9, s0, s1], listeners:[]
2024-10-31 03:27:04,151 INFO  server.RaftServer$Division (RaftServerImpl.java:setConfigurationAsync(1341)) - s8@group-4CD87B055E3A: receive setConfiguration SetConfigurationRequest:client-8FB543527D95->s8@group-4CD87B055E3A, cid=1984, seq=null, RW, null, SET_UNCONDITIONALLY, servers:[s7, s8, s9, s0, s1], listeners:[]
2024-10-31 03:27:04,251 INFO  server.RaftServer$Division (RaftServerImpl.java:setConfigurationAsync(1341)) - s7@group-4CD87B055E3A: receive setConfiguration SetConfigurationRequest:client-8FB543527D95->s7@group-4CD87B055E3A, cid=1984, seq=null, RW, null, SET_UNCONDITIONALLY, servers:[s7, s8, s9, s0, s1], listeners:[]
2024-10-31 03:27:04,351 INFO  server.RaftServer$Division (RaftServerImpl.java:setConfigurationAsync(1341)) - s8@group-4CD87B055E3A: receive setConfiguration SetConfigurationRequest:client-8FB543527D95->s8@group-4CD87B055E3A, cid=1984, seq=null, RW, null, SET_UNCONDITIONALLY, servers:[s7, s8, s9, s0, s1], listeners:[]
2024-10-31 03:27:04,452 INFO  server.RaftServer$Division (RaftServerImpl.java:setConfigurationAsync(1341)) - s7@group-4CD87B055E3A: receive setConfiguration SetConfigurationRequest:client-8FB543527D95->s7@group-4CD87B055E3A, cid=1984, seq=null, RW, null, SET_UNCONDITIONALLY, servers:[s7, s8, s9, s0, s1], listeners:[]
2024-10-31 03:27:04,552 INFO  server.RaftServer$Division (RaftServerImpl.java:setConfigurationAsync(1341)) - s8@group-4CD87B055E3A: receive setConfiguration SetConfigurationRequest:client-8FB543527D95->s8@group-4CD87B055E3A, cid=1984, seq=null, RW, null, SET_UNCONDITIONALLY, servers:[s7, s8, s9, s0, s1], listeners:[]
2024-10-31 03:27:04,653 INFO  server.RaftServer$Division (RaftServerImpl.java:setConfigurationAsync(1341)) - s7@group-4CD87B055E3A: receive setConfiguration SetConfigurationRequest:client-8FB543527D95->s7@group-4CD87B055E3A, cid=1984, seq=null, RW, null, SET_UNCONDITIONALLY, servers:[s7, s8, s9, s0, s1], listeners:[]
2024-10-31 03:27:04,753 INFO  server.RaftServer$Division (RaftServerImpl.java:setConfigurationAsync(1341)) - s9@group-4CD87B055E3A: receive setConfiguration SetConfigurationRequest:client-8FB543527D95->s9@group-4CD87B055E3A, cid=1984, seq=null, RW, null, SET_UNCONDITIONALLY, servers:[s7, s8, s9, s0, s1], listeners:[]
2024-10-31 03:27:04,853 INFO  server.RaftServer$Division (RaftServerImpl.java:setConfigurationAsync(1341)) - s7@group-4CD87B055E3A: receive setConfiguration SetConfigurationRequest:client-8FB543527D95->s7@group-4CD87B055E3A, cid=1984, seq=null, RW, null, SET_UNCONDITIONALLY, servers:[s7, s8, s9, s0, s1], listeners:[]
2024-10-31 03:27:04,954 INFO  server.RaftServer$Division (RaftServerImpl.java:setConfigurationAsync(1341)) - s8@group-4CD87B055E3A: receive setConfiguration SetConfigurationRequest:client-8FB543527D95->s8@group-4CD87B055E3A, cid=1984, seq=null, RW, null, SET_UNCONDITIONALLY, servers:[s7, s8, s9, s0, s1], listeners:[]
2024-10-31 03:27:05,054 INFO  server.RaftServer$Division (RaftServerImpl.java:setConfigurationAsync(1341)) - s7@group-4CD87B055E3A: receive setConfiguration SetConfigurationRequest:client-8FB543527D95->s7@group-4CD87B055E3A, cid=1984, seq=null, RW, null, SET_UNCONDITIONALLY, servers:[s7, s8, s9, s0, s1], listeners:[]
2024-10-31 03:27:05,155 INFO  server.RaftServer$Division (RaftServerImpl.java:setConfigurationAsync(1341)) - s9@group-4CD87B055E3A: receive setConfiguration SetConfigurationRequest:client-8FB543527D95->s9@group-4CD87B055E3A, cid=1984, seq=null, RW, null, SET_UNCONDITIONALLY, servers:[s7, s8, s9, s0, s1], listeners:[]
2024-10-31 03:27:05,255 INFO  server.RaftServer$Division (RaftServerImpl.java:setConfigurationAsync(1341)) - s7@group-4CD87B055E3A: receive setConfiguration SetConfigurationRequest:client-8FB543527D95->s7@group-4CD87B055E3A, cid=1984, seq=null, RW, null, SET_UNCONDITIONALLY, servers:[s7, s8, s9, s0, s1], listeners:[]
2024-10-31 03:27:05,355 INFO  server.RaftServer$Division (RaftServerImpl.java:setConfigurationAsync(1341)) - s8@group-4CD87B055E3A: receive setConfiguration SetConfigurationRequest:client-8FB543527D95->s8@group-4CD87B055E3A, cid=1984, seq=null, RW, null, SET_UNCONDITIONALLY, servers:[s7, s8, s9, s0, s1], listeners:[]
2024-10-31 03:27:05,456 INFO  server.RaftServer$Division (RaftServerImpl.java:setConfigurationAsync(1341)) - s7@group-4CD87B055E3A: receive setConfiguration SetConfigurationRequest:client-8FB543527D95->s7@group-4CD87B055E3A, cid=1984, seq=null, RW, null, SET_UNCONDITIONALLY, servers:[s7, s8, s9, s0, s1], listeners:[]
2024-10-31 03:27:05,556 INFO  server.RaftServer$Division (RaftServerImpl.java:setConfigurationAsync(1341)) - s9@group-4CD87B055E3A: receive setConfiguration SetConfigurationRequest:client-8FB543527D95->s9@group-4CD87B055E3A, cid=1984, seq=null, RW, null, SET_UNCONDITIONALLY, servers:[s7, s8, s9, s0, s1], listeners:[]
2024-10-31 03:27:05,656 INFO  server.RaftServer$Division (RaftServerImpl.java:setConfigurationAsync(1341)) - s7@group-4CD87B055E3A: receive setConfiguration SetConfigurationRequest:client-8FB543527D95->s7@group-4CD87B055E3A, cid=1984, seq=null, RW, null, SET_UNCONDITIONALLY, servers:[s7, s8, s9, s0, s1], listeners:[]
2024-10-31 03:27:05,757 INFO  server.RaftServer$Division (RaftServerImpl.java:setConfigurationAsync(1341)) - s8@group-4CD87B055E3A: receive setConfiguration SetConfigurationRequest:client-8FB543527D95->s8@group-4CD87B055E3A, cid=1984, seq=null, RW, null, SET_UNCONDITIONALLY, servers:[s7, s8, s9, s0, s1], listeners:[]
2024-10-31 03:27:05,857 INFO  server.RaftServer$Division (RaftServerImpl.java:setConfigurationAsync(1341)) - s7@group-4CD87B055E3A: receive setConfiguration SetConfigurationRequest:client-8FB543527D95->s7@group-4CD87B055E3A, cid=1984, seq=null, RW, null, SET_UNCONDITIONALLY, servers:[s7, s8, s9, s0, s1], listeners:[]
2024-10-31 03:27:05,958 INFO  server.RaftServer$Division (RaftServerImpl.java:setConfigurationAsync(1341)) - s8@group-4CD87B055E3A: receive setConfiguration SetConfigurationRequest:client-8FB543527D95->s8@group-4CD87B055E3A, cid=1984, seq=null, RW, null, SET_UNCONDITIONALLY, servers:[s7, s8, s9, s0, s1], listeners:[]
2024-10-31 03:27:05,993 INFO  impl.MiniRaftCluster (MiniRaftCluster.java:lambda$null$7(362)) - TIMED-PRINT: printing ALL groups
  s3:  RUNNING [
   FOLLOWER s3@group-4EB49E3E6D70:t0, leader=null, voted=, raftlog=Memoized:s3@group-4EB49E3E6D70-SegmentedRaftLog:OPENED:c-1:lastnull, conf=conf: {index: -1, cur=peers:[]|listeners:[], old=null} STARTING
   FOLLOWER s3@group-4CD87B055E3A:t0, leader=null, voted=, raftlog=Memoized:s3@group-4CD87B055E3A-SegmentedRaftLog:OPENED:c-1:lastnull, conf=conf: {index: -1, cur=peers:[]|listeners:[], old=null} STARTING] size=2
  s4:  RUNNING [
   FOLLOWER s4@group-4EB49E3E6D70:t0, leader=null, voted=, raftlog=Memoized:s4@group-4EB49E3E6D70-SegmentedRaftLog:OPENED:c-1:lastnull, conf=conf: {index: -1, cur=peers:[]|listeners:[], old=null} STARTING
   FOLLOWER s4@group-4CD87B055E3A:t0, leader=null, voted=, raftlog=Memoized:s4@group-4CD87B055E3A-SegmentedRaftLog:OPENED:c-1:lastnull, conf=conf: {index: -1, cur=peers:[]|listeners:[], old=null} STARTING] size=2
  s5:  RUNNING [
   FOLLOWER s5@group-4EB49E3E6D70:t0, leader=null, voted=, raftlog=Memoized:s5@group-4EB49E3E6D70-SegmentedRaftLog:OPENED:c-1:lastnull, conf=conf: {index: -1, cur=peers:[]|listeners:[], old=null} STARTING
   FOLLOWER s5@group-4CD87B055E3A:t0, leader=null, voted=, raftlog=Memoized:s5@group-4CD87B055E3A-SegmentedRaftLog:OPENED:c-1:lastnull, conf=conf: {index: -1, cur=peers:[]|listeners:[], old=null} STARTING] size=2
  s6:  RUNNING [
   FOLLOWER s6@group-4EB49E3E6D70:t0, leader=null, voted=, raftlog=Memoized:s6@group-4EB49E3E6D70-SegmentedRaftLog:OPENED:c-1:lastnull, conf=conf: {index: -1, cur=peers:[]|listeners:[], old=null} STARTING
   FOLLOWER s6@group-4CD87B055E3A:t0, leader=null, voted=, raftlog=Memoized:s6@group-4CD87B055E3A-SegmentedRaftLog:OPENED:c-1:lastnull, conf=conf: {index: -1, cur=peers:[]|listeners:[], old=null} STARTING] size=2
  s7:  RUNNING [
   FOLLOWER s7@group-4EB49E3E6D70:t0, leader=null, voted=, raftlog=Memoized:s7@group-4EB49E3E6D70-SegmentedRaftLog:OPENED:c-1:lastnull, conf=conf: {index: -1, cur=peers:[]|listeners:[], old=null} STARTING
     LEADER s7@group-4CD87B055E3A:t1, leader=s7, voted=s7, raftlog=Memoized:s7@group-4CD87B055E3A-SegmentedRaftLog:OPENED:c120:last(t:1, i:120), conf=conf: {index: 0, cur=peers:[s7, s8, s9]|listeners:[], old=null} RUNNING] size=2
  s8:  RUNNING [
   FOLLOWER s8@group-4EB49E3E6D70:t0, leader=null, voted=, raftlog=Memoized:s8@group-4EB49E3E6D70-SegmentedRaftLog:OPENED:c-1:lastnull, conf=conf: {index: -1, cur=peers:[]|listeners:[], old=null} STARTING
   FOLLOWER s8@group-4CD87B055E3A:t1, leader=s7, voted=s7, raftlog=Memoized:s8@group-4CD87B055E3A-SegmentedRaftLog:OPENED:c120:last(t:1, i:120), conf=conf: {index: 0, cur=peers:[s7|, s8|, s9|]|listeners:[], old=null} RUNNING] size=2
  s9:  RUNNING [
   FOLLOWER s9@group-4EB49E3E6D70:t0, leader=null, voted=, raftlog=Memoized:s9@group-4EB49E3E6D70-SegmentedRaftLog:OPENED:c-1:lastnull, conf=conf: {index: -1, cur=peers:[]|listeners:[], old=null} STARTING
   FOLLOWER s9@group-4CD87B055E3A:t1, leader=s7, voted=s7, raftlog=Memoized:s9@group-4CD87B055E3A-SegmentedRaftLog:OPENED:c120:last(t:1, i:120), conf=conf: {index: 0, cur=peers:[s7|, s8|, s9|]|listeners:[], old=null} RUNNING] size=2
  s11:  RUNNING [
   FOLLOWER s11@group-4EB49E3E6D70:t0, leader=null, voted=, raftlog=Memoized:s11@group-4EB49E3E6D70-SegmentedRaftLog:OPENED:c-1:lastnull, conf=conf: {index: -1, cur=peers:[]|listeners:[], old=null} STARTING
   FOLLOWER s11@group-4CD87B055E3A:t0, leader=null, voted=, raftlog=Memoized:s11@group-4CD87B055E3A-SegmentedRaftLog:OPENED:c-1:lastnull, conf=conf: {index: -1, cur=peers:[]|listeners:[], old=null} STARTING] size=2
  s10:  RUNNING [
   FOLLOWER s10@group-4EB49E3E6D70:t0, leader=null, voted=, raftlog=Memoized:s10@group-4EB49E3E6D70-SegmentedRaftLog:OPENED:c-1:lastnull, conf=conf: {index: -1, cur=peers:[]|listeners:[], old=null} STARTING
   FOLLOWER s10@group-4CD87B055E3A:t0, leader=null, voted=, raftlog=Memoized:s10@group-4CD87B055E3A-SegmentedRaftLog:OPENED:c-1:lastnull, conf=conf: {index: -1, cur=peers:[]|listeners:[], old=null} STARTING] size=2
  s13:  RUNNING [
   FOLLOWER s13@group-4EB49E3E6D70:t0, leader=null, voted=, raftlog=Memoized:s13@group-4EB49E3E6D70-SegmentedRaftLog:OPENED:c-1:lastnull, conf=conf: {index: -1, cur=peers:[]|listeners:[], old=null} STARTING
   FOLLOWER s13@group-4CD87B055E3A:t0, leader=null, voted=, raftlog=Memoized:s13@group-4CD87B055E3A-SegmentedRaftLog:OPENED:c-1:lastnull, conf=conf: {index: -1, cur=peers:[]|listeners:[], old=null} STARTING] size=2
  s12:  RUNNING [
   FOLLOWER s12@group-4EB49E3E6D70:t0, leader=null, voted=, raftlog=Memoized:s12@group-4EB49E3E6D70-SegmentedRaftLog:OPENED:c-1:lastnull, conf=conf: {index: -1, cur=peers:[]|listeners:[], old=null} STARTING
   FOLLOWER s12@group-4CD87B055E3A:t0, leader=null, voted=, raftlog=Memoized:s12@group-4CD87B055E3A-SegmentedRaftLog:OPENED:c-1:lastnull, conf=conf: {index: -1, cur=peers:[]|listeners:[], old=null} STARTING] size=2
  s14:  RUNNING [
   FOLLOWER s14@group-4EB49E3E6D70:t0, leader=null, voted=, raftlog=Memoized:s14@group-4EB49E3E6D70-SegmentedRaftLog:OPENED:c-1:lastnull, conf=conf: {index: -1, cur=peers:[]|listeners:[], old=null} STARTING
   FOLLOWER s14@group-4CD87B055E3A:t0, leader=null, voted=, raftlog=Memoized:s14@group-4CD87B055E3A-SegmentedRaftLog:OPENED:c-1:lastnull, conf=conf: {index: -1, cur=peers:[]|listeners:[], old=null} STARTING] size=2
  s0:  RUNNING [
   FOLLOWER s0@group-4EB49E3E6D70:t0, leader=null, voted=, raftlog=Memoized:s0@group-4EB49E3E6D70-SegmentedRaftLog:OPENED:c-1:lastnull, conf=conf: {index: -1, cur=peers:[]|listeners:[], old=null} STARTING
   FOLLOWER s0@group-4CD87B055E3A:t1, leader=s7, voted=null, raftlog=Memoized:s0@group-4CD87B055E3A-SegmentedRaftLog:OPENED:c120:last(t:1, i:120), conf=conf: {index: 0, cur=peers:[s7|, s8|, s9|]|listeners:[], old=null} STARTING] size=2
  s1:  RUNNING [
   FOLLOWER s1@group-4EB49E3E6D70:t0, leader=null, voted=, raftlog=Memoized:s1@group-4EB49E3E6D70-SegmentedRaftLog:OPENED:c-1:lastnull, conf=conf: {index: -1, cur=peers:[]|listeners:[], old=null} STARTING
   FOLLOWER s1@group-4CD87B055E3A:t1, leader=s7, voted=null, raftlog=Memoized:s1@group-4CD87B055E3A-SegmentedRaftLog:OPENED:c120:last(t:1, i:120), conf=conf: {index: 0, cur=peers:[s7|, s8|, s9|]|listeners:[], old=null} STARTING] size=2
  s2:  RUNNING [
   FOLLOWER s2@group-4EB49E3E6D70:t0, leader=null, voted=, raftlog=Memoized:s2@group-4EB49E3E6D70-SegmentedRaftLog:OPENED:c-1:lastnull, conf=conf: {index: -1, cur=peers:[]|listeners:[], old=null} STARTING
   FOLLOWER s2@group-4CD87B055E3A:t0, leader=null, voted=, raftlog=Memoized:s2@group-4CD87B055E3A-SegmentedRaftLog:OPENED:c-1:lastnull, conf=conf: {index: -1, cur=peers:[]|listeners:[], old=null} STARTING] size=2
2024-10-31 03:27:06,058 INFO  server.RaftServer$Division (RaftServerImpl.java:setConfigurationAsync(1341)) - s7@group-4CD87B055E3A: receive setConfiguration SetConfigurationRequest:client-8FB543527D95->s7@group-4CD87B055E3A, cid=1984, seq=null, RW, null, SET_UNCONDITIONALLY, servers:[s7, s8, s9, s0, s1], listeners:[]
2024-10-31 03:27:06,158 INFO  server.RaftServer$Division (RaftServerImpl.java:setConfigurationAsync(1341)) - s8@group-4CD87B055E3A: receive setConfiguration SetConfigurationRequest:client-8FB543527D95->s8@group-4CD87B055E3A, cid=1984, seq=null, RW, null, SET_UNCONDITIONALLY, servers:[s7, s8, s9, s0, s1], listeners:[]
2024-10-31 03:27:06,259 INFO  server.RaftServer$Division (RaftServerImpl.java:setConfigurationAsync(1341)) - s7@group-4CD87B055E3A: receive setConfiguration SetConfigurationRequest:client-8FB543527D95->s7@group-4CD87B055E3A, cid=1984, seq=null, RW, null, SET_UNCONDITIONALLY, servers:[s7, s8, s9, s0, s1], listeners:[]
2024-10-31 03:27:06,359 INFO  server.RaftServer$Division (RaftServerImpl.java:setConfigurationAsync(1341)) - s9@group-4CD87B055E3A: receive setConfiguration SetConfigurationRequest:client-8FB543527D95->s9@group-4CD87B055E3A, cid=1984, seq=null, RW, null, SET_UNCONDITIONALLY, servers:[s7, s8, s9, s0, s1], listeners:[]
2024-10-31 03:27:06,460 INFO  server.RaftServer$Division (RaftServerImpl.java:setConfigurationAsync(1341)) - s7@group-4CD87B055E3A: receive setConfiguration SetConfigurationRequest:client-8FB543527D95->s7@group-4CD87B055E3A, cid=1984, seq=null, RW, null, SET_UNCONDITIONALLY, servers:[s7, s8, s9, s0, s1], listeners:[]
2024-10-31 03:27:06,560 INFO  server.RaftServer$Division (RaftServerImpl.java:setConfigurationAsync(1341)) - s9@group-4CD87B055E3A: receive setConfiguration SetConfigurationRequest:client-8FB543527D95->s9@group-4CD87B055E3A, cid=1984, seq=null, RW, null, SET_UNCONDITIONALLY, servers:[s7, s8, s9, s0, s1], listeners:[]
2024-10-31 03:27:06,660 INFO  server.RaftServer$Division (RaftServerImpl.java:setConfigurationAsync(1341)) - s7@group-4CD87B055E3A: receive setConfiguration SetConfigurationRequest:client-8FB543527D95->s7@group-4CD87B055E3A, cid=1984, seq=null, RW, null, SET_UNCONDITIONALLY, servers:[s7, s8, s9, s0, s1], listeners:[]
2024-10-31 03:27:06,760 INFO  server.RaftServer$Division (RaftServerImpl.java:setConfigurationAsync(1341)) - s8@group-4CD87B055E3A: receive setConfiguration SetConfigurationRequest:client-8FB543527D95->s8@group-4CD87B055E3A, cid=1984, seq=null, RW, null, SET_UNCONDITIONALLY, servers:[s7, s8, s9, s0, s1], listeners:[]
2024-10-31 03:27:06,861 INFO  server.RaftServer$Division (RaftServerImpl.java:setConfigurationAsync(1341)) - s7@group-4CD87B055E3A: receive setConfiguration SetConfigurationRequest:client-8FB543527D95->s7@group-4CD87B055E3A, cid=1984, seq=null, RW, null, SET_UNCONDITIONALLY, servers:[s7, s8, s9, s0, s1], listeners:[]
2024-10-31 03:27:06,961 INFO  server.RaftServer$Division (RaftServerImpl.java:setConfigurationAsync(1341)) - s9@group-4CD87B055E3A: receive setConfiguration SetConfigurationRequest:client-8FB543527D95->s9@group-4CD87B055E3A, cid=1984, seq=null, RW, null, SET_UNCONDITIONALLY, servers:[s7, s8, s9, s0, s1], listeners:[]
2024-10-31 03:27:07,062 INFO  server.RaftServer$Division (RaftServerImpl.java:setConfigurationAsync(1341)) - s7@group-4CD87B055E3A: receive setConfiguration SetConfigurationRequest:client-8FB543527D95->s7@group-4CD87B055E3A, cid=1984, seq=null, RW, null, SET_UNCONDITIONALLY, servers:[s7, s8, s9, s0, s1], listeners:[]
2024-10-31 03:27:07,162 INFO  server.RaftServer$Division (RaftServerImpl.java:setConfigurationAsync(1341)) - s8@group-4CD87B055E3A: receive setConfiguration SetConfigurationRequest:client-8FB543527D95->s8@group-4CD87B055E3A, cid=1984, seq=null, RW, null, SET_UNCONDITIONALLY, servers:[s7, s8, s9, s0, s1], listeners:[]
2024-10-31 03:27:07,262 INFO  server.RaftServer$Division (RaftServerImpl.java:setConfigurationAsync(1341)) - s7@group-4CD87B055E3A: receive setConfiguration SetConfigurationRequest:client-8FB543527D95->s7@group-4CD87B055E3A, cid=1984, seq=null, RW, null, SET_UNCONDITIONALLY, servers:[s7, s8, s9, s0, s1], listeners:[]
2024-10-31 03:27:07,363 INFO  server.RaftServer$Division (RaftServerImpl.java:setConfigurationAsync(1341)) - s9@group-4CD87B055E3A: receive setConfiguration SetConfigurationRequest:client-8FB543527D95->s9@group-4CD87B055E3A, cid=1984, seq=null, RW, null, SET_UNCONDITIONALLY, servers:[s7, s8, s9, s0, s1], listeners:[]
2024-10-31 03:27:07,463 INFO  server.RaftServer$Division (RaftServerImpl.java:setConfigurationAsync(1341)) - s7@group-4CD87B055E3A: receive setConfiguration SetConfigurationRequest:client-8FB543527D95->s7@group-4CD87B055E3A, cid=1984, seq=null, RW, null, SET_UNCONDITIONALLY, servers:[s7, s8, s9, s0, s1], listeners:[]
2024-10-31 03:27:07,564 INFO  server.RaftServer$Division (RaftServerImpl.java:setConfigurationAsync(1341)) - s9@group-4CD87B055E3A: receive setConfiguration SetConfigurationRequest:client-8FB543527D95->s9@group-4CD87B055E3A, cid=1984, seq=null, RW, null, SET_UNCONDITIONALLY, servers:[s7, s8, s9, s0, s1], listeners:[]
2024-10-31 03:27:07,664 INFO  server.RaftServer$Division (RaftServerImpl.java:setConfigurationAsync(1341)) - s7@group-4CD87B055E3A: receive setConfiguration SetConfigurationRequest:client-8FB543527D95->s7@group-4CD87B055E3A, cid=1984, seq=null, RW, null, SET_UNCONDITIONALLY, servers:[s7, s8, s9, s0, s1], listeners:[]
2024-10-31 03:27:07,764 INFO  server.RaftServer$Division (RaftServerImpl.java:setConfigurationAsync(1341)) - s9@group-4CD87B055E3A: receive setConfiguration SetConfigurationRequest:client-8FB543527D95->s9@group-4CD87B055E3A, cid=1984, seq=null, RW, null, SET_UNCONDITIONALLY, servers:[s7, s8, s9, s0, s1], listeners:[]
2024-10-31 03:27:07,865 INFO  server.RaftServer$Division (RaftServerImpl.java:setConfigurationAsync(1341)) - s7@group-4CD87B055E3A: receive setConfiguration SetConfigurationRequest:client-8FB543527D95->s7@group-4CD87B055E3A, cid=1984, seq=null, RW, null, SET_UNCONDITIONALLY, servers:[s7, s8, s9, s0, s1], listeners:[]
2024-10-31 03:27:07,965 INFO  server.RaftServer$Division (RaftServerImpl.java:setConfigurationAsync(1341)) - s9@group-4CD87B055E3A: receive setConfiguration SetConfigurationRequest:client-8FB543527D95->s9@group-4CD87B055E3A, cid=1984, seq=null, RW, null, SET_UNCONDITIONALLY, servers:[s7, s8, s9, s0, s1], listeners:[]
2024-10-31 03:27:08,065 INFO  server.RaftServer$Division (RaftServerImpl.java:setConfigurationAsync(1341)) - s7@group-4CD87B055E3A: receive setConfiguration SetConfigurationRequest:client-8FB543527D95->s7@group-4CD87B055E3A, cid=1984, seq=null, RW, null, SET_UNCONDITIONALLY, servers:[s7, s8, s9, s0, s1], listeners:[]
2024-10-31 03:27:08,166 INFO  server.RaftServer$Division (RaftServerImpl.java:setConfigurationAsync(1341)) - s9@group-4CD87B055E3A: receive setConfiguration SetConfigurationRequest:client-8FB543527D95->s9@group-4CD87B055E3A, cid=1984, seq=null, RW, null, SET_UNCONDITIONALLY, servers:[s7, s8, s9, s0, s1], listeners:[]
2024-10-31 03:27:08,266 INFO  server.RaftServer$Division (RaftServerImpl.java:setConfigurationAsync(1341)) - s7@group-4CD87B055E3A: receive setConfiguration SetConfigurationRequest:client-8FB543527D95->s7@group-4CD87B055E3A, cid=1984, seq=null, RW, null, SET_UNCONDITIONALLY, servers:[s7, s8, s9, s0, s1], listeners:[]
2024-10-31 03:27:08,367 INFO  server.RaftServer$Division (RaftServerImpl.java:setConfigurationAsync(1341)) - s9@group-4CD87B055E3A: receive setConfiguration SetConfigurationRequest:client-8FB543527D95->s9@group-4CD87B055E3A, cid=1984, seq=null, RW, null, SET_UNCONDITIONALLY, servers:[s7, s8, s9, s0, s1], listeners:[]
2024-10-31 03:27:08,467 INFO  server.RaftServer$Division (RaftServerImpl.java:setConfigurationAsync(1341)) - s7@group-4CD87B055E3A: receive setConfiguration SetConfigurationRequest:client-8FB543527D95->s7@group-4CD87B055E3A, cid=1984, seq=null, RW, null, SET_UNCONDITIONALLY, servers:[s7, s8, s9, s0, s1], listeners:[]
2024-10-31 03:27:08,567 INFO  server.RaftServer$Division (RaftServerImpl.java:setConfigurationAsync(1341)) - s9@group-4CD87B055E3A: receive setConfiguration SetConfigurationRequest:client-8FB543527D95->s9@group-4CD87B055E3A, cid=1984, seq=null, RW, null, SET_UNCONDITIONALLY, servers:[s7, s8, s9, s0, s1], listeners:[]
2024-10-31 03:27:08,668 INFO  server.RaftServer$Division (RaftServerImpl.java:setConfigurationAsync(1341)) - s7@group-4CD87B055E3A: receive setConfiguration SetConfigurationRequest:client-8FB543527D95->s7@group-4CD87B055E3A, cid=1984, seq=null, RW, null, SET_UNCONDITIONALLY, servers:[s7, s8, s9, s0, s1], listeners:[]
2024-10-31 03:27:08,768 INFO  server.RaftServer$Division (RaftServerImpl.java:setConfigurationAsync(1341)) - s9@group-4CD87B055E3A: receive setConfiguration SetConfigurationRequest:client-8FB543527D95->s9@group-4CD87B055E3A, cid=1984, seq=null, RW, null, SET_UNCONDITIONALLY, servers:[s7, s8, s9, s0, s1], listeners:[]
2024-10-31 03:27:08,868 INFO  server.RaftServer$Division (RaftServerImpl.java:setConfigurationAsync(1341)) - s7@group-4CD87B055E3A: receive setConfiguration SetConfigurationRequest:client-8FB543527D95->s7@group-4CD87B055E3A, cid=1984, seq=null, RW, null, SET_UNCONDITIONALLY, servers:[s7, s8, s9, s0, s1], listeners:[]
2024-10-31 03:27:08,969 INFO  server.RaftServer$Division (RaftServerImpl.java:setConfigurationAsync(1341)) - s9@group-4CD87B055E3A: receive setConfiguration SetConfigurationRequest:client-8FB543527D95->s9@group-4CD87B055E3A, cid=1984, seq=null, RW, null, SET_UNCONDITIONALLY, servers:[s7, s8, s9, s0, s1], listeners:[]
2024-10-31 03:27:09,069 INFO  server.RaftServer$Division (RaftServerImpl.java:setConfigurationAsync(1341)) - s7@group-4CD87B055E3A: receive setConfiguration SetConfigurationRequest:client-8FB543527D95->s7@group-4CD87B055E3A, cid=1984, seq=null, RW, null, SET_UNCONDITIONALLY, servers:[s7, s8, s9, s0, s1], listeners:[]
2024-10-31 03:27:09,170 INFO  server.RaftServer$Division (RaftServerImpl.java:setConfigurationAsync(1341)) - s8@group-4CD87B055E3A: receive setConfiguration SetConfigurationRequest:client-8FB543527D95->s8@group-4CD87B055E3A, cid=1984, seq=null, RW, null, SET_UNCONDITIONALLY, servers:[s7, s8, s9, s0, s1], listeners:[]
2024-10-31 03:27:09,270 INFO  server.RaftServer$Division (RaftServerImpl.java:setConfigurationAsync(1341)) - s7@group-4CD87B055E3A: receive setConfiguration SetConfigurationRequest:client-8FB543527D95->s7@group-4CD87B055E3A, cid=1984, seq=null, RW, null, SET_UNCONDITIONALLY, servers:[s7, s8, s9, s0, s1], listeners:[]
2024-10-31 03:27:09,370 INFO  server.RaftServer$Division (RaftServerImpl.java:setConfigurationAsync(1341)) - s8@group-4CD87B055E3A: receive setConfiguration SetConfigurationRequest:client-8FB543527D95->s8@group-4CD87B055E3A, cid=1984, seq=null, RW, null, SET_UNCONDITIONALLY, servers:[s7, s8, s9, s0, s1], listeners:[]
2024-10-31 03:27:09,471 INFO  server.RaftServer$Division (RaftServerImpl.java:setConfigurationAsync(1341)) - s7@group-4CD87B055E3A: receive setConfiguration SetConfigurationRequest:client-8FB543527D95->s7@group-4CD87B055E3A, cid=1984, seq=null, RW, null, SET_UNCONDITIONALLY, servers:[s7, s8, s9, s0, s1], listeners:[]
2024-10-31 03:27:09,571 INFO  server.RaftServer$Division (RaftServerImpl.java:setConfigurationAsync(1341)) - s9@group-4CD87B055E3A: receive setConfiguration SetConfigurationRequest:client-8FB543527D95->s9@group-4CD87B055E3A, cid=1984, seq=null, RW, null, SET_UNCONDITIONALLY, servers:[s7, s8, s9, s0, s1], listeners:[]
2024-10-31 03:27:09,671 INFO  server.RaftServer$Division (RaftServerImpl.java:setConfigurationAsync(1341)) - s7@group-4CD87B055E3A: receive setConfiguration SetConfigurationRequest:client-8FB543527D95->s7@group-4CD87B055E3A, cid=1984, seq=null, RW, null, SET_UNCONDITIONALLY, servers:[s7, s8, s9, s0, s1], listeners:[]
2024-10-31 03:27:09,772 INFO  server.RaftServer$Division (RaftServerImpl.java:setConfigurationAsync(1341)) - s9@group-4CD87B055E3A: receive setConfiguration SetConfigurationRequest:client-8FB543527D95->s9@group-4CD87B055E3A, cid=1984, seq=null, RW, null, SET_UNCONDITIONALLY, servers:[s7, s8, s9, s0, s1], listeners:[]
2024-10-31 03:27:09,872 INFO  server.RaftServer$Division (RaftServerImpl.java:setConfigurationAsync(1341)) - s7@group-4CD87B055E3A: receive setConfiguration SetConfigurationRequest:client-8FB543527D95->s7@group-4CD87B055E3A, cid=1984, seq=null, RW, null, SET_UNCONDITIONALLY, servers:[s7, s8, s9, s0, s1], listeners:[]
2024-10-31 03:27:09,973 INFO  server.RaftServer$Division (RaftServerImpl.java:setConfigurationAsync(1341)) - s9@group-4CD87B055E3A: receive setConfiguration SetConfigurationRequest:client-8FB543527D95->s9@group-4CD87B055E3A, cid=1984, seq=null, RW, null, SET_UNCONDITIONALLY, servers:[s7, s8, s9, s0, s1], listeners:[]
2024-10-31 03:27:10,073 INFO  server.RaftServer$Division (RaftServerImpl.java:setConfigurationAsync(1341)) - s7@group-4CD87B055E3A: receive setConfiguration SetConfigurationRequest:client-8FB543527D95->s7@group-4CD87B055E3A, cid=1984, seq=null, RW, null, SET_UNCONDITIONALLY, servers:[s7, s8, s9, s0, s1], listeners:[]
2024-10-31 03:27:10,173 INFO  server.RaftServer$Division (RaftServerImpl.java:setConfigurationAsync(1341)) - s9@group-4CD87B055E3A: receive setConfiguration SetConfigurationRequest:client-8FB543527D95->s9@group-4CD87B055E3A, cid=1984, seq=null, RW, null, SET_UNCONDITIONALLY, servers:[s7, s8, s9, s0, s1], listeners:[]
2024-10-31 03:27:10,274 INFO  server.RaftServer$Division (RaftServerImpl.java:setConfigurationAsync(1341)) - s7@group-4CD87B055E3A: receive setConfiguration SetConfigurationRequest:client-8FB543527D95->s7@group-4CD87B055E3A, cid=1984, seq=null, RW, null, SET_UNCONDITIONALLY, servers:[s7, s8, s9, s0, s1], listeners:[]
2024-10-31 03:27:10,374 INFO  server.RaftServer$Division (RaftServerImpl.java:setConfigurationAsync(1341)) - s8@group-4CD87B055E3A: receive setConfiguration SetConfigurationRequest:client-8FB543527D95->s8@group-4CD87B055E3A, cid=1984, seq=null, RW, null, SET_UNCONDITIONALLY, servers:[s7, s8, s9, s0, s1], listeners:[]
2024-10-31 03:27:10,474 INFO  server.RaftServer$Division (RaftServerImpl.java:setConfigurationAsync(1341)) - s7@group-4CD87B055E3A: receive setConfiguration SetConfigurationRequest:client-8FB543527D95->s7@group-4CD87B055E3A, cid=1984, seq=null, RW, null, SET_UNCONDITIONALLY, servers:[s7, s8, s9, s0, s1], listeners:[]
2024-10-31 03:27:10,575 INFO  server.RaftServer$Division (RaftServerImpl.java:setConfigurationAsync(1341)) - s9@group-4CD87B055E3A: receive setConfiguration SetConfigurationRequest:client-8FB543527D95->s9@group-4CD87B055E3A, cid=1984, seq=null, RW, null, SET_UNCONDITIONALLY, servers:[s7, s8, s9, s0, s1], listeners:[]
2024-10-31 03:27:10,675 INFO  server.RaftServer$Division (RaftServerImpl.java:setConfigurationAsync(1341)) - s7@group-4CD87B055E3A: receive setConfiguration SetConfigurationRequest:client-8FB543527D95->s7@group-4CD87B055E3A, cid=1984, seq=null, RW, null, SET_UNCONDITIONALLY, servers:[s7, s8, s9, s0, s1], listeners:[]
2024-10-31 03:27:10,776 INFO  server.RaftServer$Division (RaftServerImpl.java:setConfigurationAsync(1341)) - s9@group-4CD87B055E3A: receive setConfiguration SetConfigurationRequest:client-8FB543527D95->s9@group-4CD87B055E3A, cid=1984, seq=null, RW, null, SET_UNCONDITIONALLY, servers:[s7, s8, s9, s0, s1], listeners:[]
2024-10-31 03:27:10,876 INFO  server.RaftServer$Division (RaftServerImpl.java:setConfigurationAsync(1341)) - s7@group-4CD87B055E3A: receive setConfiguration SetConfigurationRequest:client-8FB543527D95->s7@group-4CD87B055E3A, cid=1984, seq=null, RW, null, SET_UNCONDITIONALLY, servers:[s7, s8, s9, s0, s1], listeners:[]
2024-10-31 03:27:10,976 INFO  server.RaftServer$Division (RaftServerImpl.java:setConfigurationAsync(1341)) - s8@group-4CD87B055E3A: receive setConfiguration SetConfigurationRequest:client-8FB543527D95->s8@group-4CD87B055E3A, cid=1984, seq=null, RW, null, SET_UNCONDITIONALLY, servers:[s7, s8, s9, s0, s1], listeners:[]
2024-10-31 03:27:11,076 INFO  server.RaftServer$Division (RaftServerImpl.java:setConfigurationAsync(1341)) - s7@group-4CD87B055E3A: receive setConfiguration SetConfigurationRequest:client-8FB543527D95->s7@group-4CD87B055E3A, cid=1984, seq=null, RW, null, SET_UNCONDITIONALLY, servers:[s7, s8, s9, s0, s1], listeners:[]
2024-10-31 03:27:11,177 INFO  server.RaftServer$Division (RaftServerImpl.java:setConfigurationAsync(1341)) - s8@group-4CD87B055E3A: receive setConfiguration SetConfigurationRequest:client-8FB543527D95->s8@group-4CD87B055E3A, cid=1984, seq=null, RW, null, SET_UNCONDITIONALLY, servers:[s7, s8, s9, s0, s1], listeners:[]
2024-10-31 03:27:11,277 INFO  server.RaftServer$Division (RaftServerImpl.java:setConfigurationAsync(1341)) - s7@group-4CD87B055E3A: receive setConfiguration SetConfigurationRequest:client-8FB543527D95->s7@group-4CD87B055E3A, cid=1984, seq=null, RW, null, SET_UNCONDITIONALLY, servers:[s7, s8, s9, s0, s1], listeners:[]
2024-10-31 03:27:11,378 INFO  server.RaftServer$Division (RaftServerImpl.java:setConfigurationAsync(1341)) - s9@group-4CD87B055E3A: receive setConfiguration SetConfigurationRequest:client-8FB543527D95->s9@group-4CD87B055E3A, cid=1984, seq=null, RW, null, SET_UNCONDITIONALLY, servers:[s7, s8, s9, s0, s1], listeners:[]
2024-10-31 03:27:11,478 INFO  server.RaftServer$Division (RaftServerImpl.java:setConfigurationAsync(1341)) - s7@group-4CD87B055E3A: receive setConfiguration SetConfigurationRequest:client-8FB543527D95->s7@group-4CD87B055E3A, cid=1984, seq=null, RW, null, SET_UNCONDITIONALLY, servers:[s7, s8, s9, s0, s1], listeners:[]
2024-10-31 03:27:11,578 INFO  server.RaftServer$Division (RaftServerImpl.java:setConfigurationAsync(1341)) - s8@group-4CD87B055E3A: receive setConfiguration SetConfigurationRequest:client-8FB543527D95->s8@group-4CD87B055E3A, cid=1984, seq=null, RW, null, SET_UNCONDITIONALLY, servers:[s7, s8, s9, s0, s1], listeners:[]
2024-10-31 03:27:11,679 INFO  server.RaftServer$Division (RaftServerImpl.java:setConfigurationAsync(1341)) - s7@group-4CD87B055E3A: receive setConfiguration SetConfigurationRequest:client-8FB543527D95->s7@group-4CD87B055E3A, cid=1984, seq=null, RW, null, SET_UNCONDITIONALLY, servers:[s7, s8, s9, s0, s1], listeners:[]
2024-10-31 03:27:11,779 INFO  server.RaftServer$Division (RaftServerImpl.java:setConfigurationAsync(1341)) - s9@group-4CD87B055E3A: receive setConfiguration SetConfigurationRequest:client-8FB543527D95->s9@group-4CD87B055E3A, cid=1984, seq=null, RW, null, SET_UNCONDITIONALLY, servers:[s7, s8, s9, s0, s1], listeners:[]
2024-10-31 03:27:11,879 INFO  server.RaftServer$Division (RaftServerImpl.java:setConfigurationAsync(1341)) - s7@group-4CD87B055E3A: receive setConfiguration SetConfigurationRequest:client-8FB543527D95->s7@group-4CD87B055E3A, cid=1984, seq=null, RW, null, SET_UNCONDITIONALLY, servers:[s7, s8, s9, s0, s1], listeners:[]
2024-10-31 03:27:11,980 INFO  server.RaftServer$Division (RaftServerImpl.java:setConfigurationAsync(1341)) - s8@group-4CD87B055E3A: receive setConfiguration SetConfigurationRequest:client-8FB543527D95->s8@group-4CD87B055E3A, cid=1984, seq=null, RW, null, SET_UNCONDITIONALLY, servers:[s7, s8, s9, s0, s1], listeners:[]
2024-10-31 03:27:12,080 INFO  server.RaftServer$Division (RaftServerImpl.java:setConfigurationAsync(1341)) - s7@group-4CD87B055E3A: receive setConfiguration SetConfigurationRequest:client-8FB543527D95->s7@group-4CD87B055E3A, cid=1984, seq=null, RW, null, SET_UNCONDITIONALLY, servers:[s7, s8, s9, s0, s1], listeners:[]
2024-10-31 03:27:12,180 INFO  server.RaftServer$Division (RaftServerImpl.java:setConfigurationAsync(1341)) - s8@group-4CD87B055E3A: receive setConfiguration SetConfigurationRequest:client-8FB543527D95->s8@group-4CD87B055E3A, cid=1984, seq=null, RW, null, SET_UNCONDITIONALLY, servers:[s7, s8, s9, s0, s1], listeners:[]
2024-10-31 03:27:12,281 INFO  server.RaftServer$Division (RaftServerImpl.java:setConfigurationAsync(1341)) - s7@group-4CD87B055E3A: receive setConfiguration SetConfigurationRequest:client-8FB543527D95->s7@group-4CD87B055E3A, cid=1984, seq=null, RW, null, SET_UNCONDITIONALLY, servers:[s7, s8, s9, s0, s1], listeners:[]
2024-10-31 03:27:12,381 INFO  server.RaftServer$Division (RaftServerImpl.java:setConfigurationAsync(1341)) - s8@group-4CD87B055E3A: receive setConfiguration SetConfigurationRequest:client-8FB543527D95->s8@group-4CD87B055E3A, cid=1984, seq=null, RW, null, SET_UNCONDITIONALLY, servers:[s7, s8, s9, s0, s1], listeners:[]
2024-10-31 03:27:12,482 INFO  server.RaftServer$Division (RaftServerImpl.java:setConfigurationAsync(1341)) - s7@group-4CD87B055E3A: receive setConfiguration SetConfigurationRequest:client-8FB543527D95->s7@group-4CD87B055E3A, cid=1984, seq=null, RW, null, SET_UNCONDITIONALLY, servers:[s7, s8, s9, s0, s1], listeners:[]
2024-10-31 03:27:12,582 INFO  server.RaftServer$Division (RaftServerImpl.java:setConfigurationAsync(1341)) - s9@group-4CD87B055E3A: receive setConfiguration SetConfigurationRequest:client-8FB543527D95->s9@group-4CD87B055E3A, cid=1984, seq=null, RW, null, SET_UNCONDITIONALLY, servers:[s7, s8, s9, s0, s1], listeners:[]
2024-10-31 03:27:12,682 INFO  server.RaftServer$Division (RaftServerImpl.java:setConfigurationAsync(1341)) - s7@group-4CD87B055E3A: receive setConfiguration SetConfigurationRequest:client-8FB543527D95->s7@group-4CD87B055E3A, cid=1984, seq=null, RW, null, SET_UNCONDITIONALLY, servers:[s7, s8, s9, s0, s1], listeners:[]
2024-10-31 03:27:12,783 INFO  server.RaftServer$Division (RaftServerImpl.java:setConfigurationAsync(1341)) - s8@group-4CD87B055E3A: receive setConfiguration SetConfigurationRequest:client-8FB543527D95->s8@group-4CD87B055E3A, cid=1984, seq=null, RW, null, SET_UNCONDITIONALLY, servers:[s7, s8, s9, s0, s1], listeners:[]
2024-10-31 03:27:12,883 INFO  server.RaftServer$Division (RaftServerImpl.java:setConfigurationAsync(1341)) - s7@group-4CD87B055E3A: receive setConfiguration SetConfigurationRequest:client-8FB543527D95->s7@group-4CD87B055E3A, cid=1984, seq=null, RW, null, SET_UNCONDITIONALLY, servers:[s7, s8, s9, s0, s1], listeners:[]
2024-10-31 03:27:12,983 INFO  server.RaftServer$Division (RaftServerImpl.java:setConfigurationAsync(1341)) - s8@group-4CD87B055E3A: receive setConfiguration SetConfigurationRequest:client-8FB543527D95->s8@group-4CD87B055E3A, cid=1984, seq=null, RW, null, SET_UNCONDITIONALLY, servers:[s7, s8, s9, s0, s1], listeners:[]
2024-10-31 03:27:13,084 INFO  server.RaftServer$Division (RaftServerImpl.java:setConfigurationAsync(1341)) - s7@group-4CD87B055E3A: receive setConfiguration SetConfigurationRequest:client-8FB543527D95->s7@group-4CD87B055E3A, cid=1984, seq=null, RW, null, SET_UNCONDITIONALLY, servers:[s7, s8, s9, s0, s1], listeners:[]
2024-10-31 03:27:13,184 INFO  server.RaftServer$Division (RaftServerImpl.java:setConfigurationAsync(1341)) - s9@group-4CD87B055E3A: receive setConfiguration SetConfigurationRequest:client-8FB543527D95->s9@group-4CD87B055E3A, cid=1984, seq=null, RW, null, SET_UNCONDITIONALLY, servers:[s7, s8, s9, s0, s1], listeners:[]
2024-10-31 03:27:13,285 INFO  server.RaftServer$Division (RaftServerImpl.java:setConfigurationAsync(1341)) - s7@group-4CD87B055E3A: receive setConfiguration SetConfigurationRequest:client-8FB543527D95->s7@group-4CD87B055E3A, cid=1984, seq=null, RW, null, SET_UNCONDITIONALLY, servers:[s7, s8, s9, s0, s1], listeners:[]
2024-10-31 03:27:13,385 INFO  server.RaftServer$Division (RaftServerImpl.java:setConfigurationAsync(1341)) - s8@group-4CD87B055E3A: receive setConfiguration SetConfigurationRequest:client-8FB543527D95->s8@group-4CD87B055E3A, cid=1984, seq=null, RW, null, SET_UNCONDITIONALLY, servers:[s7, s8, s9, s0, s1], listeners:[]
2024-10-31 03:27:13,485 INFO  server.RaftServer$Division (RaftServerImpl.java:setConfigurationAsync(1341)) - s7@group-4CD87B055E3A: receive setConfiguration SetConfigurationRequest:client-8FB543527D95->s7@group-4CD87B055E3A, cid=1984, seq=null, RW, null, SET_UNCONDITIONALLY, servers:[s7, s8, s9, s0, s1], listeners:[]
2024-10-31 03:27:13,585 INFO  server.RaftServer$Division (RaftServerImpl.java:setConfigurationAsync(1341)) - s8@group-4CD87B055E3A: receive setConfiguration SetConfigurationRequest:client-8FB543527D95->s8@group-4CD87B055E3A, cid=1984, seq=null, RW, null, SET_UNCONDITIONALLY, servers:[s7, s8, s9, s0, s1], listeners:[]
2024-10-31 03:27:13,686 INFO  server.RaftServer$Division (RaftServerImpl.java:setConfigurationAsync(1341)) - s7@group-4CD87B055E3A: receive setConfiguration SetConfigurationRequest:client-8FB543527D95->s7@group-4CD87B055E3A, cid=1984, seq=null, RW, null, SET_UNCONDITIONALLY, servers:[s7, s8, s9, s0, s1], listeners:[]
2024-10-31 03:27:13,786 INFO  server.RaftServer$Division (RaftServerImpl.java:setConfigurationAsync(1341)) - s9@group-4CD87B055E3A: receive setConfiguration SetConfigurationRequest:client-8FB543527D95->s9@group-4CD87B055E3A, cid=1984, seq=null, RW, null, SET_UNCONDITIONALLY, servers:[s7, s8, s9, s0, s1], listeners:[]
2024-10-31 03:27:13,886 INFO  server.RaftServer$Division (RaftServerImpl.java:setConfigurationAsync(1341)) - s7@group-4CD87B055E3A: receive setConfiguration SetConfigurationRequest:client-8FB543527D95->s7@group-4CD87B055E3A, cid=1984, seq=null, RW, null, SET_UNCONDITIONALLY, servers:[s7, s8, s9, s0, s1], listeners:[]
2024-10-31 03:27:13,987 INFO  server.RaftServer$Division (RaftServerImpl.java:setConfigurationAsync(1341)) - s9@group-4CD87B055E3A: receive setConfiguration SetConfigurationRequest:client-8FB543527D95->s9@group-4CD87B055E3A, cid=1984, seq=null, RW, null, SET_UNCONDITIONALLY, servers:[s7, s8, s9, s0, s1], listeners:[]
2024-10-31 03:27:14,087 INFO  server.RaftServer$Division (RaftServerImpl.java:setConfigurationAsync(1341)) - s7@group-4CD87B055E3A: receive setConfiguration SetConfigurationRequest:client-8FB543527D95->s7@group-4CD87B055E3A, cid=1984, seq=null, RW, null, SET_UNCONDITIONALLY, servers:[s7, s8, s9, s0, s1], listeners:[]
2024-10-31 03:27:14,188 INFO  server.RaftServer$Division (RaftServerImpl.java:setConfigurationAsync(1341)) - s8@group-4CD87B055E3A: receive setConfiguration SetConfigurationRequest:client-8FB543527D95->s8@group-4CD87B055E3A, cid=1984, seq=null, RW, null, SET_UNCONDITIONALLY, servers:[s7, s8, s9, s0, s1], listeners:[]
2024-10-31 03:27:14,288 INFO  server.RaftServer$Division (RaftServerImpl.java:setConfigurationAsync(1341)) - s7@group-4CD87B055E3A: receive setConfiguration SetConfigurationRequest:client-8FB543527D95->s7@group-4CD87B055E3A, cid=1984, seq=null, RW, null, SET_UNCONDITIONALLY, servers:[s7, s8, s9, s0, s1], listeners:[]
2024-10-31 03:27:14,388 INFO  server.RaftServer$Division (RaftServerImpl.java:setConfigurationAsync(1341)) - s8@group-4CD87B055E3A: receive setConfiguration SetConfigurationRequest:client-8FB543527D95->s8@group-4CD87B055E3A, cid=1984, seq=null, RW, null, SET_UNCONDITIONALLY, servers:[s7, s8, s9, s0, s1], listeners:[]
2024-10-31 03:27:14,489 INFO  server.RaftServer$Division (RaftServerImpl.java:setConfigurationAsync(1341)) - s7@group-4CD87B055E3A: receive setConfiguration SetConfigurationRequest:client-8FB543527D95->s7@group-4CD87B055E3A, cid=1984, seq=null, RW, null, SET_UNCONDITIONALLY, servers:[s7, s8, s9, s0, s1], listeners:[]
2024-10-31 03:27:14,589 INFO  server.RaftServer$Division (RaftServerImpl.java:setConfigurationAsync(1341)) - s9@group-4CD87B055E3A: receive setConfiguration SetConfigurationRequest:client-8FB543527D95->s9@group-4CD87B055E3A, cid=1984, seq=null, RW, null, SET_UNCONDITIONALLY, servers:[s7, s8, s9, s0, s1], listeners:[]
2024-10-31 03:27:14,690 INFO  server.RaftServer$Division (RaftServerImpl.java:setConfigurationAsync(1341)) - s7@group-4CD87B055E3A: receive setConfiguration SetConfigurationRequest:client-8FB543527D95->s7@group-4CD87B055E3A, cid=1984, seq=null, RW, null, SET_UNCONDITIONALLY, servers:[s7, s8, s9, s0, s1], listeners:[]
2024-10-31 03:27:14,790 INFO  server.RaftServer$Division (RaftServerImpl.java:setConfigurationAsync(1341)) - s8@group-4CD87B055E3A: receive setConfiguration SetConfigurationRequest:client-8FB543527D95->s8@group-4CD87B055E3A, cid=1984, seq=null, RW, null, SET_UNCONDITIONALLY, servers:[s7, s8, s9, s0, s1], listeners:[]
2024-10-31 03:27:14,890 INFO  server.RaftServer$Division (RaftServerImpl.java:setConfigurationAsync(1341)) - s7@group-4CD87B055E3A: receive setConfiguration SetConfigurationRequest:client-8FB543527D95->s7@group-4CD87B055E3A, cid=1984, seq=null, RW, null, SET_UNCONDITIONALLY, servers:[s7, s8, s9, s0, s1], listeners:[]
2024-10-31 03:27:14,991 INFO  server.RaftServer$Division (RaftServerImpl.java:setConfigurationAsync(1341)) - s9@group-4CD87B055E3A: receive setConfiguration SetConfigurationRequest:client-8FB543527D95->s9@group-4CD87B055E3A, cid=1984, seq=null, RW, null, SET_UNCONDITIONALLY, servers:[s7, s8, s9, s0, s1], listeners:[]
2024-10-31 03:27:15,091 INFO  server.RaftServer$Division (RaftServerImpl.java:setConfigurationAsync(1341)) - s7@group-4CD87B055E3A: receive setConfiguration SetConfigurationRequest:client-8FB543527D95->s7@group-4CD87B055E3A, cid=1984, seq=null, RW, null, SET_UNCONDITIONALLY, servers:[s7, s8, s9, s0, s1], listeners:[]
2024-10-31 03:27:15,191 INFO  server.RaftServer$Division (RaftServerImpl.java:setConfigurationAsync(1341)) - s9@group-4CD87B055E3A: receive setConfiguration SetConfigurationRequest:client-8FB543527D95->s9@group-4CD87B055E3A, cid=1984, seq=null, RW, null, SET_UNCONDITIONALLY, servers:[s7, s8, s9, s0, s1], listeners:[]
2024-10-31 03:27:15,292 INFO  server.RaftServer$Division (RaftServerImpl.java:setConfigurationAsync(1341)) - s7@group-4CD87B055E3A: receive setConfiguration SetConfigurationRequest:client-8FB543527D95->s7@group-4CD87B055E3A, cid=1984, seq=null, RW, null, SET_UNCONDITIONALLY, servers:[s7, s8, s9, s0, s1], listeners:[]
2024-10-31 03:27:15,392 INFO  server.RaftServer$Division (RaftServerImpl.java:setConfigurationAsync(1341)) - s9@group-4CD87B055E3A: receive setConfiguration SetConfigurationRequest:client-8FB543527D95->s9@group-4CD87B055E3A, cid=1984, seq=null, RW, null, SET_UNCONDITIONALLY, servers:[s7, s8, s9, s0, s1], listeners:[]
2024-10-31 03:27:15,493 INFO  server.RaftServer$Division (RaftServerImpl.java:setConfigurationAsync(1341)) - s7@group-4CD87B055E3A: receive setConfiguration SetConfigurationRequest:client-8FB543527D95->s7@group-4CD87B055E3A, cid=1984, seq=null, RW, null, SET_UNCONDITIONALLY, servers:[s7, s8, s9, s0, s1], listeners:[]
2024-10-31 03:27:15,593 INFO  server.RaftServer$Division (RaftServerImpl.java:setConfigurationAsync(1341)) - s8@group-4CD87B055E3A: receive setConfiguration SetConfigurationRequest:client-8FB543527D95->s8@group-4CD87B055E3A, cid=1984, seq=null, RW, null, SET_UNCONDITIONALLY, servers:[s7, s8, s9, s0, s1], listeners:[]
2024-10-31 03:27:15,693 INFO  server.RaftServer$Division (RaftServerImpl.java:setConfigurationAsync(1341)) - s7@group-4CD87B055E3A: receive setConfiguration SetConfigurationRequest:client-8FB543527D95->s7@group-4CD87B055E3A, cid=1984, seq=null, RW, null, SET_UNCONDITIONALLY, servers:[s7, s8, s9, s0, s1], listeners:[]
2024-10-31 03:27:15,794 INFO  server.RaftServer$Division (RaftServerImpl.java:setConfigurationAsync(1341)) - s9@group-4CD87B055E3A: receive setConfiguration SetConfigurationRequest:client-8FB543527D95->s9@group-4CD87B055E3A, cid=1984, seq=null, RW, null, SET_UNCONDITIONALLY, servers:[s7, s8, s9, s0, s1], listeners:[]
2024-10-31 03:27:15,894 INFO  server.RaftServer$Division (RaftServerImpl.java:setConfigurationAsync(1341)) - s7@group-4CD87B055E3A: receive setConfiguration SetConfigurationRequest:client-8FB543527D95->s7@group-4CD87B055E3A, cid=1984, seq=null, RW, null, SET_UNCONDITIONALLY, servers:[s7, s8, s9, s0, s1], listeners:[]
2024-10-31 03:27:15,992 INFO  impl.MiniRaftCluster (MiniRaftCluster.java:lambda$null$7(362)) - TIMED-PRINT: printing ALL groups
  s3:  RUNNING [
   FOLLOWER s3@group-4EB49E3E6D70:t0, leader=null, voted=, raftlog=Memoized:s3@group-4EB49E3E6D70-SegmentedRaftLog:OPENED:c-1:lastnull, conf=conf: {index: -1, cur=peers:[]|listeners:[], old=null} STARTING
   FOLLOWER s3@group-4CD87B055E3A:t0, leader=null, voted=, raftlog=Memoized:s3@group-4CD87B055E3A-SegmentedRaftLog:OPENED:c-1:lastnull, conf=conf: {index: -1, cur=peers:[]|listeners:[], old=null} STARTING] size=2
  s4:  RUNNING [
   FOLLOWER s4@group-4EB49E3E6D70:t0, leader=null, voted=, raftlog=Memoized:s4@group-4EB49E3E6D70-SegmentedRaftLog:OPENED:c-1:lastnull, conf=conf: {index: -1, cur=peers:[]|listeners:[], old=null} STARTING
   FOLLOWER s4@group-4CD87B055E3A:t0, leader=null, voted=, raftlog=Memoized:s4@group-4CD87B055E3A-SegmentedRaftLog:OPENED:c-1:lastnull, conf=conf: {index: -1, cur=peers:[]|listeners:[], old=null} STARTING] size=2
  s5:  RUNNING [
   FOLLOWER s5@group-4EB49E3E6D70:t0, leader=null, voted=, raftlog=Memoized:s5@group-4EB49E3E6D70-SegmentedRaftLog:OPENED:c-1:lastnull, conf=conf: {index: -1, cur=peers:[]|listeners:[], old=null} STARTING
   FOLLOWER s5@group-4CD87B055E3A:t0, leader=null, voted=, raftlog=Memoized:s5@group-4CD87B055E3A-SegmentedRaftLog:OPENED:c-1:lastnull, conf=conf: {index: -1, cur=peers:[]|listeners:[], old=null} STARTING] size=2
  s6:  RUNNING [
   FOLLOWER s6@group-4EB49E3E6D70:t0, leader=null, voted=, raftlog=Memoized:s6@group-4EB49E3E6D70-SegmentedRaftLog:OPENED:c-1:lastnull, conf=conf: {index: -1, cur=peers:[]|listeners:[], old=null} STARTING
   FOLLOWER s6@group-4CD87B055E3A:t0, leader=null, voted=, raftlog=Memoized:s6@group-4CD87B055E3A-SegmentedRaftLog:OPENED:c-1:lastnull, conf=conf: {index: -1, cur=peers:[]|listeners:[], old=null} STARTING] size=2
  s7:  RUNNING [
   FOLLOWER s7@group-4EB49E3E6D70:t0, leader=null, voted=, raftlog=Memoized:s7@group-4EB49E3E6D70-SegmentedRaftLog:OPENED:c-1:lastnull, conf=conf: {index: -1, cur=peers:[]|listeners:[], old=null} STARTING
     LEADER s7@group-4CD87B055E3A:t1, leader=s7, voted=s7, raftlog=Memoized:s7@group-4CD87B055E3A-SegmentedRaftLog:OPENED:c120:last(t:1, i:120), conf=conf: {index: 0, cur=peers:[s7, s8, s9]|listeners:[], old=null} RUNNING] size=2
  s8:  RUNNING [
   FOLLOWER s8@group-4EB49E3E6D70:t0, leader=null, voted=, raftlog=Memoized:s8@group-4EB49E3E6D70-SegmentedRaftLog:OPENED:c-1:lastnull, conf=conf: {index: -1, cur=peers:[]|listeners:[], old=null} STARTING
   FOLLOWER s8@group-4CD87B055E3A:t1, leader=s7, voted=s7, raftlog=Memoized:s8@group-4CD87B055E3A-SegmentedRaftLog:OPENED:c120:last(t:1, i:120), conf=conf: {index: 0, cur=peers:[s7|, s8|, s9|]|listeners:[], old=null} RUNNING] size=2
  s9:  RUNNING [
   FOLLOWER s9@group-4EB49E3E6D70:t0, leader=null, voted=, raftlog=Memoized:s9@group-4EB49E3E6D70-SegmentedRaftLog:OPENED:c-1:lastnull, conf=conf: {index: -1, cur=peers:[]|listeners:[], old=null} STARTING
   FOLLOWER s9@group-4CD87B055E3A:t1, leader=s7, voted=s7, raftlog=Memoized:s9@group-4CD87B055E3A-SegmentedRaftLog:OPENED:c120:last(t:1, i:120), conf=conf: {index: 0, cur=peers:[s7|, s8|, s9|]|listeners:[], old=null} RUNNING] size=2
  s11:  RUNNING [
   FOLLOWER s11@group-4EB49E3E6D70:t0, leader=null, voted=, raftlog=Memoized:s11@group-4EB49E3E6D70-SegmentedRaftLog:OPENED:c-1:lastnull, conf=conf: {index: -1, cur=peers:[]|listeners:[], old=null} STARTING
   FOLLOWER s11@group-4CD87B055E3A:t0, leader=null, voted=, raftlog=Memoized:s11@group-4CD87B055E3A-SegmentedRaftLog:OPENED:c-1:lastnull, conf=conf: {index: -1, cur=peers:[]|listeners:[], old=null} STARTING] size=2
  s10:  RUNNING [
   FOLLOWER s10@group-4EB49E3E6D70:t0, leader=null, voted=, raftlog=Memoized:s10@group-4EB49E3E6D70-SegmentedRaftLog:OPENED:c-1:lastnull, conf=conf: {index: -1, cur=peers:[]|listeners:[], old=null} STARTING
   FOLLOWER s10@group-4CD87B055E3A:t0, leader=null, voted=, raftlog=Memoized:s10@group-4CD87B055E3A-SegmentedRaftLog:OPENED:c-1:lastnull, conf=conf: {index: -1, cur=peers:[]|listeners:[], old=null} STARTING] size=2
  s13:  RUNNING [
   FOLLOWER s13@group-4EB49E3E6D70:t0, leader=null, voted=, raftlog=Memoized:s13@group-4EB49E3E6D70-SegmentedRaftLog:OPENED:c-1:lastnull, conf=conf: {index: -1, cur=peers:[]|listeners:[], old=null} STARTING
   FOLLOWER s13@group-4CD87B055E3A:t0, leader=null, voted=, raftlog=Memoized:s13@group-4CD87B055E3A-SegmentedRaftLog:OPENED:c-1:lastnull, conf=conf: {index: -1, cur=peers:[]|listeners:[], old=null} STARTING] size=2
  s12:  RUNNING [
   FOLLOWER s12@group-4EB49E3E6D70:t0, leader=null, voted=, raftlog=Memoized:s12@group-4EB49E3E6D70-SegmentedRaftLog:OPENED:c-1:lastnull, conf=conf: {index: -1, cur=peers:[]|listeners:[], old=null} STARTING
   FOLLOWER s12@group-4CD87B055E3A:t0, leader=null, voted=, raftlog=Memoized:s12@group-4CD87B055E3A-SegmentedRaftLog:OPENED:c-1:lastnull, conf=conf: {index: -1, cur=peers:[]|listeners:[], old=null} STARTING] size=2
  s14:  RUNNING [
   FOLLOWER s14@group-4EB49E3E6D70:t0, leader=null, voted=, raftlog=Memoized:s14@group-4EB49E3E6D70-SegmentedRaftLog:OPENED:c-1:lastnull, conf=conf: {index: -1, cur=peers:[]|listeners:[], old=null} STARTING
   FOLLOWER s14@group-4CD87B055E3A:t0, leader=null, voted=, raftlog=Memoized:s14@group-4CD87B055E3A-SegmentedRaftLog:OPENED:c-1:lastnull, conf=conf: {index: -1, cur=peers:[]|listeners:[], old=null} STARTING] size=2
  s0:  RUNNING [
   FOLLOWER s0@group-4EB49E3E6D70:t0, leader=null, voted=, raftlog=Memoized:s0@group-4EB49E3E6D70-SegmentedRaftLog:OPENED:c-1:lastnull, conf=conf: {index: -1, cur=peers:[]|listeners:[], old=null} STARTING
   FOLLOWER s0@group-4CD87B055E3A:t1, leader=s7, voted=null, raftlog=Memoized:s0@group-4CD87B055E3A-SegmentedRaftLog:OPENED:c120:last(t:1, i:120), conf=conf: {index: 0, cur=peers:[s7|, s8|, s9|]|listeners:[], old=null} STARTING] size=2
  s1:  RUNNING [
   FOLLOWER s1@group-4EB49E3E6D70:t0, leader=null, voted=, raftlog=Memoized:s1@group-4EB49E3E6D70-SegmentedRaftLog:OPENED:c-1:lastnull, conf=conf: {index: -1, cur=peers:[]|listeners:[], old=null} STARTING
   FOLLOWER s1@group-4CD87B055E3A:t1, leader=s7, voted=null, raftlog=Memoized:s1@group-4CD87B055E3A-SegmentedRaftLog:OPENED:c120:last(t:1, i:120), conf=conf: {index: 0, cur=peers:[s7|, s8|, s9|]|listeners:[], old=null} STARTING] size=2
  s2:  RUNNING [
   FOLLOWER s2@group-4EB49E3E6D70:t0, leader=null, voted=, raftlog=Memoized:s2@group-4EB49E3E6D70-SegmentedRaftLog:OPENED:c-1:lastnull, conf=conf: {index: -1, cur=peers:[]|listeners:[], old=null} STARTING
   FOLLOWER s2@group-4CD87B055E3A:t0, leader=null, voted=, raftlog=Memoized:s2@group-4CD87B055E3A-SegmentedRaftLog:OPENED:c-1:lastnull, conf=conf: {index: -1, cur=peers:[]|listeners:[], old=null} STARTING] size=2
2024-10-31 03:27:15,994 INFO  server.RaftServer$Division (RaftServerImpl.java:setConfigurationAsync(1341)) - s9@group-4CD87B055E3A: receive setConfiguration SetConfigurationRequest:client-8FB543527D95->s9@group-4CD87B055E3A, cid=1984, seq=null, RW, null, SET_UNCONDITIONALLY, servers:[s7, s8, s9, s0, s1], listeners:[]
2024-10-31 03:27:16,095 INFO  server.RaftServer$Division (RaftServerImpl.java:setConfigurationAsync(1341)) - s7@group-4CD87B055E3A: receive setConfiguration SetConfigurationRequest:client-8FB543527D95->s7@group-4CD87B055E3A, cid=1984, seq=null, RW, null, SET_UNCONDITIONALLY, servers:[s7, s8, s9, s0, s1], listeners:[]
2024-10-31 03:27:16,196 INFO  server.RaftServer$Division (RaftServerImpl.java:setConfigurationAsync(1341)) - s9@group-4CD87B055E3A: receive setConfiguration SetConfigurationRequest:client-8FB543527D95->s9@group-4CD87B055E3A, cid=1984, seq=null, RW, null, SET_UNCONDITIONALLY, servers:[s7, s8, s9, s0, s1], listeners:[]
2024-10-31 03:27:16,296 INFO  server.RaftServer$Division (RaftServerImpl.java:setConfigurationAsync(1341)) - s7@group-4CD87B055E3A: receive setConfiguration SetConfigurationRequest:client-8FB543527D95->s7@group-4CD87B055E3A, cid=1984, seq=null, RW, null, SET_UNCONDITIONALLY, servers:[s7, s8, s9, s0, s1], listeners:[]
2024-10-31 03:27:16,396 INFO  server.RaftServer$Division (RaftServerImpl.java:setConfigurationAsync(1341)) - s9@group-4CD87B055E3A: receive setConfiguration SetConfigurationRequest:client-8FB543527D95->s9@group-4CD87B055E3A, cid=1984, seq=null, RW, null, SET_UNCONDITIONALLY, servers:[s7, s8, s9, s0, s1], listeners:[]
2024-10-31 03:27:16,497 INFO  server.RaftServer$Division (RaftServerImpl.java:setConfigurationAsync(1341)) - s7@group-4CD87B055E3A: receive setConfiguration SetConfigurationRequest:client-8FB543527D95->s7@group-4CD87B055E3A, cid=1984, seq=null, RW, null, SET_UNCONDITIONALLY, servers:[s7, s8, s9, s0, s1], listeners:[]
2024-10-31 03:27:16,597 INFO  server.RaftServer$Division (RaftServerImpl.java:setConfigurationAsync(1341)) - s9@group-4CD87B055E3A: receive setConfiguration SetConfigurationRequest:client-8FB543527D95->s9@group-4CD87B055E3A, cid=1984, seq=null, RW, null, SET_UNCONDITIONALLY, servers:[s7, s8, s9, s0, s1], listeners:[]
2024-10-31 03:27:16,697 INFO  server.RaftServer$Division (RaftServerImpl.java:setConfigurationAsync(1341)) - s7@group-4CD87B055E3A: receive setConfiguration SetConfigurationRequest:client-8FB543527D95->s7@group-4CD87B055E3A, cid=1984, seq=null, RW, null, SET_UNCONDITIONALLY, servers:[s7, s8, s9, s0, s1], listeners:[]
2024-10-31 03:27:16,797 INFO  server.RaftServer$Division (RaftServerImpl.java:setConfigurationAsync(1341)) - s8@group-4CD87B055E3A: receive setConfiguration SetConfigurationRequest:client-8FB543527D95->s8@group-4CD87B055E3A, cid=1984, seq=null, RW, null, SET_UNCONDITIONALLY, servers:[s7, s8, s9, s0, s1], listeners:[]
2024-10-31 03:27:16,898 INFO  server.RaftServer$Division (RaftServerImpl.java:setConfigurationAsync(1341)) - s7@group-4CD87B055E3A: receive setConfiguration SetConfigurationRequest:client-8FB543527D95->s7@group-4CD87B055E3A, cid=1984, seq=null, RW, null, SET_UNCONDITIONALLY, servers:[s7, s8, s9, s0, s1], listeners:[]
2024-10-31 03:27:16,998 INFO  server.RaftServer$Division (RaftServerImpl.java:setConfigurationAsync(1341)) - s9@group-4CD87B055E3A: receive setConfiguration SetConfigurationRequest:client-8FB543527D95->s9@group-4CD87B055E3A, cid=1984, seq=null, RW, null, SET_UNCONDITIONALLY, servers:[s7, s8, s9, s0, s1], listeners:[]
2024-10-31 03:27:17,098 INFO  server.RaftServer$Division (RaftServerImpl.java:setConfigurationAsync(1341)) - s7@group-4CD87B055E3A: receive setConfiguration SetConfigurationRequest:client-8FB543527D95->s7@group-4CD87B055E3A, cid=1984, seq=null, RW, null, SET_UNCONDITIONALLY, servers:[s7, s8, s9, s0, s1], listeners:[]
2024-10-31 03:27:17,199 INFO  server.RaftServer$Division (RaftServerImpl.java:setConfigurationAsync(1341)) - s8@group-4CD87B055E3A: receive setConfiguration SetConfigurationRequest:client-8FB543527D95->s8@group-4CD87B055E3A, cid=1984, seq=null, RW, null, SET_UNCONDITIONALLY, servers:[s7, s8, s9, s0, s1], listeners:[]
2024-10-31 03:27:17,299 INFO  server.RaftServer$Division (RaftServerImpl.java:setConfigurationAsync(1341)) - s7@group-4CD87B055E3A: receive setConfiguration SetConfigurationRequest:client-8FB543527D95->s7@group-4CD87B055E3A, cid=1984, seq=null, RW, null, SET_UNCONDITIONALLY, servers:[s7, s8, s9, s0, s1], listeners:[]
2024-10-31 03:27:17,399 INFO  server.RaftServer$Division (RaftServerImpl.java:setConfigurationAsync(1341)) - s9@group-4CD87B055E3A: receive setConfiguration SetConfigurationRequest:client-8FB543527D95->s9@group-4CD87B055E3A, cid=1984, seq=null, RW, null, SET_UNCONDITIONALLY, servers:[s7, s8, s9, s0, s1], listeners:[]
2024-10-31 03:27:17,500 INFO  server.RaftServer$Division (RaftServerImpl.java:setConfigurationAsync(1341)) - s7@group-4CD87B055E3A: receive setConfiguration SetConfigurationRequest:client-8FB543527D95->s7@group-4CD87B055E3A, cid=1984, seq=null, RW, null, SET_UNCONDITIONALLY, servers:[s7, s8, s9, s0, s1], listeners:[]
2024-10-31 03:27:17,600 INFO  server.RaftServer$Division (RaftServerImpl.java:setConfigurationAsync(1341)) - s9@group-4CD87B055E3A: receive setConfiguration SetConfigurationRequest:client-8FB543527D95->s9@group-4CD87B055E3A, cid=1984, seq=null, RW, null, SET_UNCONDITIONALLY, servers:[s7, s8, s9, s0, s1], listeners:[]
2024-10-31 03:27:17,700 INFO  server.RaftServer$Division (RaftServerImpl.java:setConfigurationAsync(1341)) - s7@group-4CD87B055E3A: receive setConfiguration SetConfigurationRequest:client-8FB543527D95->s7@group-4CD87B055E3A, cid=1984, seq=null, RW, null, SET_UNCONDITIONALLY, servers:[s7, s8, s9, s0, s1], listeners:[]
2024-10-31 03:27:17,801 INFO  server.RaftServer$Division (RaftServerImpl.java:setConfigurationAsync(1341)) - s8@group-4CD87B055E3A: receive setConfiguration SetConfigurationRequest:client-8FB543527D95->s8@group-4CD87B055E3A, cid=1984, seq=null, RW, null, SET_UNCONDITIONALLY, servers:[s7, s8, s9, s0, s1], listeners:[]
2024-10-31 03:27:17,901 INFO  server.RaftServer$Division (RaftServerImpl.java:setConfigurationAsync(1341)) - s7@group-4CD87B055E3A: receive setConfiguration SetConfigurationRequest:client-8FB543527D95->s7@group-4CD87B055E3A, cid=1984, seq=null, RW, null, SET_UNCONDITIONALLY, servers:[s7, s8, s9, s0, s1], listeners:[]
2024-10-31 03:27:18,001 INFO  server.RaftServer$Division (RaftServerImpl.java:setConfigurationAsync(1341)) - s8@group-4CD87B055E3A: receive setConfiguration SetConfigurationRequest:client-8FB543527D95->s8@group-4CD87B055E3A, cid=1984, seq=null, RW, null, SET_UNCONDITIONALLY, servers:[s7, s8, s9, s0, s1], listeners:[]
2024-10-31 03:27:18,102 INFO  server.RaftServer$Division (RaftServerImpl.java:setConfigurationAsync(1341)) - s7@group-4CD87B055E3A: receive setConfiguration SetConfigurationRequest:client-8FB543527D95->s7@group-4CD87B055E3A, cid=1984, seq=null, RW, null, SET_UNCONDITIONALLY, servers:[s7, s8, s9, s0, s1], listeners:[]
2024-10-31 03:27:18,202 INFO  server.RaftServer$Division (RaftServerImpl.java:setConfigurationAsync(1341)) - s9@group-4CD87B055E3A: receive setConfiguration SetConfigurationRequest:client-8FB543527D95->s9@group-4CD87B055E3A, cid=1984, seq=null, RW, null, SET_UNCONDITIONALLY, servers:[s7, s8, s9, s0, s1], listeners:[]
2024-10-31 03:27:18,302 INFO  server.RaftServer$Division (RaftServerImpl.java:setConfigurationAsync(1341)) - s7@group-4CD87B055E3A: receive setConfiguration SetConfigurationRequest:client-8FB543527D95->s7@group-4CD87B055E3A, cid=1984, seq=null, RW, null, SET_UNCONDITIONALLY, servers:[s7, s8, s9, s0, s1], listeners:[]
2024-10-31 03:27:18,403 INFO  server.RaftServer$Division (RaftServerImpl.java:setConfigurationAsync(1341)) - s9@group-4CD87B055E3A: receive setConfiguration SetConfigurationRequest:client-8FB543527D95->s9@group-4CD87B055E3A, cid=1984, seq=null, RW, null, SET_UNCONDITIONALLY, servers:[s7, s8, s9, s0, s1], listeners:[]
2024-10-31 03:27:18,503 INFO  server.RaftServer$Division (RaftServerImpl.java:setConfigurationAsync(1341)) - s7@group-4CD87B055E3A: receive setConfiguration SetConfigurationRequest:client-8FB543527D95->s7@group-4CD87B055E3A, cid=1984, seq=null, RW, null, SET_UNCONDITIONALLY, servers:[s7, s8, s9, s0, s1], listeners:[]
2024-10-31 03:27:18,604 INFO  server.RaftServer$Division (RaftServerImpl.java:setConfigurationAsync(1341)) - s9@group-4CD87B055E3A: receive setConfiguration SetConfigurationRequest:client-8FB543527D95->s9@group-4CD87B055E3A, cid=1984, seq=null, RW, null, SET_UNCONDITIONALLY, servers:[s7, s8, s9, s0, s1], listeners:[]
2024-10-31 03:27:18,704 INFO  server.RaftServer$Division (RaftServerImpl.java:setConfigurationAsync(1341)) - s7@group-4CD87B055E3A: receive setConfiguration SetConfigurationRequest:client-8FB543527D95->s7@group-4CD87B055E3A, cid=1984, seq=null, RW, null, SET_UNCONDITIONALLY, servers:[s7, s8, s9, s0, s1], listeners:[]
2024-10-31 03:27:18,804 INFO  server.RaftServer$Division (RaftServerImpl.java:setConfigurationAsync(1341)) - s9@group-4CD87B055E3A: receive setConfiguration SetConfigurationRequest:client-8FB543527D95->s9@group-4CD87B055E3A, cid=1984, seq=null, RW, null, SET_UNCONDITIONALLY, servers:[s7, s8, s9, s0, s1], listeners:[]
2024-10-31 03:27:18,905 INFO  server.RaftServer$Division (RaftServerImpl.java:setConfigurationAsync(1341)) - s7@group-4CD87B055E3A: receive setConfiguration SetConfigurationRequest:client-8FB543527D95->s7@group-4CD87B055E3A, cid=1984, seq=null, RW, null, SET_UNCONDITIONALLY, servers:[s7, s8, s9, s0, s1], listeners:[]
2024-10-31 03:27:19,005 INFO  server.RaftServer$Division (RaftServerImpl.java:setConfigurationAsync(1341)) - s9@group-4CD87B055E3A: receive setConfiguration SetConfigurationRequest:client-8FB543527D95->s9@group-4CD87B055E3A, cid=1984, seq=null, RW, null, SET_UNCONDITIONALLY, servers:[s7, s8, s9, s0, s1], listeners:[]
2024-10-31 03:27:19,105 INFO  server.RaftServer$Division (RaftServerImpl.java:setConfigurationAsync(1341)) - s7@group-4CD87B055E3A: receive setConfiguration SetConfigurationRequest:client-8FB543527D95->s7@group-4CD87B055E3A, cid=1984, seq=null, RW, null, SET_UNCONDITIONALLY, servers:[s7, s8, s9, s0, s1], listeners:[]
2024-10-31 03:27:19,206 INFO  server.RaftServer$Division (RaftServerImpl.java:setConfigurationAsync(1341)) - s8@group-4CD87B055E3A: receive setConfiguration SetConfigurationRequest:client-8FB543527D95->s8@group-4CD87B055E3A, cid=1984, seq=null, RW, null, SET_UNCONDITIONALLY, servers:[s7, s8, s9, s0, s1], listeners:[]
2024-10-31 03:27:19,306 INFO  server.RaftServer$Division (RaftServerImpl.java:setConfigurationAsync(1341)) - s7@group-4CD87B055E3A: receive setConfiguration SetConfigurationRequest:client-8FB543527D95->s7@group-4CD87B055E3A, cid=1984, seq=null, RW, null, SET_UNCONDITIONALLY, servers:[s7, s8, s9, s0, s1], listeners:[]
2024-10-31 03:27:19,406 INFO  server.RaftServer$Division (RaftServerImpl.java:setConfigurationAsync(1341)) - s8@group-4CD87B055E3A: receive setConfiguration SetConfigurationRequest:client-8FB543527D95->s8@group-4CD87B055E3A, cid=1984, seq=null, RW, null, SET_UNCONDITIONALLY, servers:[s7, s8, s9, s0, s1], listeners:[]
2024-10-31 03:27:19,507 INFO  server.RaftServer$Division (RaftServerImpl.java:setConfigurationAsync(1341)) - s7@group-4CD87B055E3A: receive setConfiguration SetConfigurationRequest:client-8FB543527D95->s7@group-4CD87B055E3A, cid=1984, seq=null, RW, null, SET_UNCONDITIONALLY, servers:[s7, s8, s9, s0, s1], listeners:[]
2024-10-31 03:27:19,607 INFO  server.RaftServer$Division (RaftServerImpl.java:setConfigurationAsync(1341)) - s9@group-4CD87B055E3A: receive setConfiguration SetConfigurationRequest:client-8FB543527D95->s9@group-4CD87B055E3A, cid=1984, seq=null, RW, null, SET_UNCONDITIONALLY, servers:[s7, s8, s9, s0, s1], listeners:[]
2024-10-31 03:27:19,707 INFO  server.RaftServer$Division (RaftServerImpl.java:setConfigurationAsync(1341)) - s7@group-4CD87B055E3A: receive setConfiguration SetConfigurationRequest:client-8FB543527D95->s7@group-4CD87B055E3A, cid=1984, seq=null, RW, null, SET_UNCONDITIONALLY, servers:[s7, s8, s9, s0, s1], listeners:[]
2024-10-31 03:27:19,808 INFO  server.RaftServer$Division (RaftServerImpl.java:setConfigurationAsync(1341)) - s9@group-4CD87B055E3A: receive setConfiguration SetConfigurationRequest:client-8FB543527D95->s9@group-4CD87B055E3A, cid=1984, seq=null, RW, null, SET_UNCONDITIONALLY, servers:[s7, s8, s9, s0, s1], listeners:[]
2024-10-31 03:27:19,908 INFO  server.RaftServer$Division (RaftServerImpl.java:setConfigurationAsync(1341)) - s7@group-4CD87B055E3A: receive setConfiguration SetConfigurationRequest:client-8FB543527D95->s7@group-4CD87B055E3A, cid=1984, seq=null, RW, null, SET_UNCONDITIONALLY, servers:[s7, s8, s9, s0, s1], listeners:[]
2024-10-31 03:27:20,009 INFO  server.RaftServer$Division (RaftServerImpl.java:setConfigurationAsync(1341)) - s8@group-4CD87B055E3A: receive setConfiguration SetConfigurationRequest:client-8FB543527D95->s8@group-4CD87B055E3A, cid=1984, seq=null, RW, null, SET_UNCONDITIONALLY, servers:[s7, s8, s9, s0, s1], listeners:[]
2024-10-31 03:27:20,109 INFO  server.RaftServer$Division (RaftServerImpl.java:setConfigurationAsync(1341)) - s7@group-4CD87B055E3A: receive setConfiguration SetConfigurationRequest:client-8FB543527D95->s7@group-4CD87B055E3A, cid=1984, seq=null, RW, null, SET_UNCONDITIONALLY, servers:[s7, s8, s9, s0, s1], listeners:[]
2024-10-31 03:27:20,209 INFO  server.RaftServer$Division (RaftServerImpl.java:setConfigurationAsync(1341)) - s8@group-4CD87B055E3A: receive setConfiguration SetConfigurationRequest:client-8FB543527D95->s8@group-4CD87B055E3A, cid=1984, seq=null, RW, null, SET_UNCONDITIONALLY, servers:[s7, s8, s9, s0, s1], listeners:[]
2024-10-31 03:27:20,310 INFO  server.RaftServer$Division (RaftServerImpl.java:setConfigurationAsync(1341)) - s7@group-4CD87B055E3A: receive setConfiguration SetConfigurationRequest:client-8FB543527D95->s7@group-4CD87B055E3A, cid=1984, seq=null, RW, null, SET_UNCONDITIONALLY, servers:[s7, s8, s9, s0, s1], listeners:[]
2024-10-31 03:27:20,410 INFO  server.RaftServer$Division (RaftServerImpl.java:setConfigurationAsync(1341)) - s8@group-4CD87B055E3A: receive setConfiguration SetConfigurationRequest:client-8FB543527D95->s8@group-4CD87B055E3A, cid=1984, seq=null, RW, null, SET_UNCONDITIONALLY, servers:[s7, s8, s9, s0, s1], listeners:[]
2024-10-31 03:27:20,510 INFO  server.RaftServer$Division (RaftServerImpl.java:setConfigurationAsync(1341)) - s7@group-4CD87B055E3A: receive setConfiguration SetConfigurationRequest:client-8FB543527D95->s7@group-4CD87B055E3A, cid=1984, seq=null, RW, null, SET_UNCONDITIONALLY, servers:[s7, s8, s9, s0, s1], listeners:[]
2024-10-31 03:27:20,611 INFO  server.RaftServer$Division (RaftServerImpl.java:setConfigurationAsync(1341)) - s9@group-4CD87B055E3A: receive setConfiguration SetConfigurationRequest:client-8FB543527D95->s9@group-4CD87B055E3A, cid=1984, seq=null, RW, null, SET_UNCONDITIONALLY, servers:[s7, s8, s9, s0, s1], listeners:[]
2024-10-31 03:27:20,711 INFO  server.RaftServer$Division (RaftServerImpl.java:setConfigurationAsync(1341)) - s7@group-4CD87B055E3A: receive setConfiguration SetConfigurationRequest:client-8FB543527D95->s7@group-4CD87B055E3A, cid=1984, seq=null, RW, null, SET_UNCONDITIONALLY, servers:[s7, s8, s9, s0, s1], listeners:[]
2024-10-31 03:27:20,811 INFO  server.RaftServer$Division (RaftServerImpl.java:setConfigurationAsync(1341)) - s9@group-4CD87B055E3A: receive setConfiguration SetConfigurationRequest:client-8FB543527D95->s9@group-4CD87B055E3A, cid=1984, seq=null, RW, null, SET_UNCONDITIONALLY, servers:[s7, s8, s9, s0, s1], listeners:[]
2024-10-31 03:27:20,912 INFO  server.RaftServer$Division (RaftServerImpl.java:setConfigurationAsync(1341)) - s7@group-4CD87B055E3A: receive setConfiguration SetConfigurationRequest:client-8FB543527D95->s7@group-4CD87B055E3A, cid=1984, seq=null, RW, null, SET_UNCONDITIONALLY, servers:[s7, s8, s9, s0, s1], listeners:[]
2024-10-31 03:27:21,012 INFO  server.RaftServer$Division (RaftServerImpl.java:setConfigurationAsync(1341)) - s9@group-4CD87B055E3A: receive setConfiguration SetConfigurationRequest:client-8FB543527D95->s9@group-4CD87B055E3A, cid=1984, seq=null, RW, null, SET_UNCONDITIONALLY, servers:[s7, s8, s9, s0, s1], listeners:[]
2024-10-31 03:27:21,112 INFO  server.RaftServer$Division (RaftServerImpl.java:setConfigurationAsync(1341)) - s7@group-4CD87B055E3A: receive setConfiguration SetConfigurationRequest:client-8FB543527D95->s7@group-4CD87B055E3A, cid=1984, seq=null, RW, null, SET_UNCONDITIONALLY, servers:[s7, s8, s9, s0, s1], listeners:[]
2024-10-31 03:27:21,213 INFO  server.RaftServer$Division (RaftServerImpl.java:setConfigurationAsync(1341)) - s9@group-4CD87B055E3A: receive setConfiguration SetConfigurationRequest:client-8FB543527D95->s9@group-4CD87B055E3A, cid=1984, seq=null, RW, null, SET_UNCONDITIONALLY, servers:[s7, s8, s9, s0, s1], listeners:[]
2024-10-31 03:27:21,313 INFO  server.RaftServer$Division (RaftServerImpl.java:setConfigurationAsync(1341)) - s7@group-4CD87B055E3A: receive setConfiguration SetConfigurationRequest:client-8FB543527D95->s7@group-4CD87B055E3A, cid=1984, seq=null, RW, null, SET_UNCONDITIONALLY, servers:[s7, s8, s9, s0, s1], listeners:[]
2024-10-31 03:27:21,413 INFO  server.RaftServer$Division (RaftServerImpl.java:setConfigurationAsync(1341)) - s8@group-4CD87B055E3A: receive setConfiguration SetConfigurationRequest:client-8FB543527D95->s8@group-4CD87B055E3A, cid=1984, seq=null, RW, null, SET_UNCONDITIONALLY, servers:[s7, s8, s9, s0, s1], listeners:[]
2024-10-31 03:27:21,514 INFO  server.RaftServer$Division (RaftServerImpl.java:setConfigurationAsync(1341)) - s7@group-4CD87B055E3A: receive setConfiguration SetConfigurationRequest:client-8FB543527D95->s7@group-4CD87B055E3A, cid=1984, seq=null, RW, null, SET_UNCONDITIONALLY, servers:[s7, s8, s9, s0, s1], listeners:[]
2024-10-31 03:27:21,614 INFO  server.RaftServer$Division (RaftServerImpl.java:setConfigurationAsync(1341)) - s8@group-4CD87B055E3A: receive setConfiguration SetConfigurationRequest:client-8FB543527D95->s8@group-4CD87B055E3A, cid=1984, seq=null, RW, null, SET_UNCONDITIONALLY, servers:[s7, s8, s9, s0, s1], listeners:[]
2024-10-31 03:27:21,715 INFO  server.RaftServer$Division (RaftServerImpl.java:setConfigurationAsync(1341)) - s7@group-4CD87B055E3A: receive setConfiguration SetConfigurationRequest:client-8FB543527D95->s7@group-4CD87B055E3A, cid=1984, seq=null, RW, null, SET_UNCONDITIONALLY, servers:[s7, s8, s9, s0, s1], listeners:[]
2024-10-31 03:27:21,815 INFO  server.RaftServer$Division (RaftServerImpl.java:setConfigurationAsync(1341)) - s9@group-4CD87B055E3A: receive setConfiguration SetConfigurationRequest:client-8FB543527D95->s9@group-4CD87B055E3A, cid=1984, seq=null, RW, null, SET_UNCONDITIONALLY, servers:[s7, s8, s9, s0, s1], listeners:[]
2024-10-31 03:27:21,915 INFO  server.RaftServer$Division (RaftServerImpl.java:setConfigurationAsync(1341)) - s7@group-4CD87B055E3A: receive setConfiguration SetConfigurationRequest:client-8FB543527D95->s7@group-4CD87B055E3A, cid=1984, seq=null, RW, null, SET_UNCONDITIONALLY, servers:[s7, s8, s9, s0, s1], listeners:[]
2024-10-31 03:27:22,016 INFO  server.RaftServer$Division (RaftServerImpl.java:setConfigurationAsync(1341)) - s9@group-4CD87B055E3A: receive setConfiguration SetConfigurationRequest:client-8FB543527D95->s9@group-4CD87B055E3A, cid=1984, seq=null, RW, null, SET_UNCONDITIONALLY, servers:[s7, s8, s9, s0, s1], listeners:[]
2024-10-31 03:27:22,116 INFO  server.RaftServer$Division (RaftServerImpl.java:setConfigurationAsync(1341)) - s7@group-4CD87B055E3A: receive setConfiguration SetConfigurationRequest:client-8FB543527D95->s7@group-4CD87B055E3A, cid=1984, seq=null, RW, null, SET_UNCONDITIONALLY, servers:[s7, s8, s9, s0, s1], listeners:[]
2024-10-31 03:27:22,216 INFO  server.RaftServer$Division (RaftServerImpl.java:setConfigurationAsync(1341)) - s9@group-4CD87B055E3A: receive setConfiguration SetConfigurationRequest:client-8FB543527D95->s9@group-4CD87B055E3A, cid=1984, seq=null, RW, null, SET_UNCONDITIONALLY, servers:[s7, s8, s9, s0, s1], listeners:[]
2024-10-31 03:27:22,317 INFO  server.RaftServer$Division (RaftServerImpl.java:setConfigurationAsync(1341)) - s7@group-4CD87B055E3A: receive setConfiguration SetConfigurationRequest:client-8FB543527D95->s7@group-4CD87B055E3A, cid=1984, seq=null, RW, null, SET_UNCONDITIONALLY, servers:[s7, s8, s9, s0, s1], listeners:[]
2024-10-31 03:27:22,417 INFO  server.RaftServer$Division (RaftServerImpl.java:setConfigurationAsync(1341)) - s8@group-4CD87B055E3A: receive setConfiguration SetConfigurationRequest:client-8FB543527D95->s8@group-4CD87B055E3A, cid=1984, seq=null, RW, null, SET_UNCONDITIONALLY, servers:[s7, s8, s9, s0, s1], listeners:[]
2024-10-31 03:27:22,517 INFO  server.RaftServer$Division (RaftServerImpl.java:setConfigurationAsync(1341)) - s7@group-4CD87B055E3A: receive setConfiguration SetConfigurationRequest:client-8FB543527D95->s7@group-4CD87B055E3A, cid=1984, seq=null, RW, null, SET_UNCONDITIONALLY, servers:[s7, s8, s9, s0, s1], listeners:[]
2024-10-31 03:27:22,618 INFO  server.RaftServer$Division (RaftServerImpl.java:setConfigurationAsync(1341)) - s8@group-4CD87B055E3A: receive setConfiguration SetConfigurationRequest:client-8FB543527D95->s8@group-4CD87B055E3A, cid=1984, seq=null, RW, null, SET_UNCONDITIONALLY, servers:[s7, s8, s9, s0, s1], listeners:[]
2024-10-31 03:27:22,718 INFO  server.RaftServer$Division (RaftServerImpl.java:setConfigurationAsync(1341)) - s7@group-4CD87B055E3A: receive setConfiguration SetConfigurationRequest:client-8FB543527D95->s7@group-4CD87B055E3A, cid=1984, seq=null, RW, null, SET_UNCONDITIONALLY, servers:[s7, s8, s9, s0, s1], listeners:[]
2024-10-31 03:27:22,818 INFO  server.RaftServer$Division (RaftServerImpl.java:setConfigurationAsync(1341)) - s9@group-4CD87B055E3A: receive setConfiguration SetConfigurationRequest:client-8FB543527D95->s9@group-4CD87B055E3A, cid=1984, seq=null, RW, null, SET_UNCONDITIONALLY, servers:[s7, s8, s9, s0, s1], listeners:[]
2024-10-31 03:27:22,919 INFO  server.RaftServer$Division (RaftServerImpl.java:setConfigurationAsync(1341)) - s7@group-4CD87B055E3A: receive setConfiguration SetConfigurationRequest:client-8FB543527D95->s7@group-4CD87B055E3A, cid=1984, seq=null, RW, null, SET_UNCONDITIONALLY, servers:[s7, s8, s9, s0, s1], listeners:[]
2024-10-31 03:27:23,019 INFO  server.RaftServer$Division (RaftServerImpl.java:setConfigurationAsync(1341)) - s9@group-4CD87B055E3A: receive setConfiguration SetConfigurationRequest:client-8FB543527D95->s9@group-4CD87B055E3A, cid=1984, seq=null, RW, null, SET_UNCONDITIONALLY, servers:[s7, s8, s9, s0, s1], listeners:[]
2024-10-31 03:27:23,119 INFO  server.RaftServer$Division (RaftServerImpl.java:setConfigurationAsync(1341)) - s7@group-4CD87B055E3A: receive setConfiguration SetConfigurationRequest:client-8FB543527D95->s7@group-4CD87B055E3A, cid=1984, seq=null, RW, null, SET_UNCONDITIONALLY, servers:[s7, s8, s9, s0, s1], listeners:[]
2024-10-31 03:27:23,220 INFO  server.RaftServer$Division (RaftServerImpl.java:setConfigurationAsync(1341)) - s8@group-4CD87B055E3A: receive setConfiguration SetConfigurationRequest:client-8FB543527D95->s8@group-4CD87B055E3A, cid=1984, seq=null, RW, null, SET_UNCONDITIONALLY, servers:[s7, s8, s9, s0, s1], listeners:[]
2024-10-31 03:27:23,320 INFO  server.RaftServer$Division (RaftServerImpl.java:setConfigurationAsync(1341)) - s7@group-4CD87B055E3A: receive setConfiguration SetConfigurationRequest:client-8FB543527D95->s7@group-4CD87B055E3A, cid=1984, seq=null, RW, null, SET_UNCONDITIONALLY, servers:[s7, s8, s9, s0, s1], listeners:[]
2024-10-31 03:27:23,421 INFO  server.RaftServer$Division (RaftServerImpl.java:setConfigurationAsync(1341)) - s8@group-4CD87B055E3A: receive setConfiguration SetConfigurationRequest:client-8FB543527D95->s8@group-4CD87B055E3A, cid=1984, seq=null, RW, null, SET_UNCONDITIONALLY, servers:[s7, s8, s9, s0, s1], listeners:[]
2024-10-31 03:27:23,521 INFO  server.RaftServer$Division (RaftServerImpl.java:setConfigurationAsync(1341)) - s7@group-4CD87B055E3A: receive setConfiguration SetConfigurationRequest:client-8FB543527D95->s7@group-4CD87B055E3A, cid=1984, seq=null, RW, null, SET_UNCONDITIONALLY, servers:[s7, s8, s9, s0, s1], listeners:[]
2024-10-31 03:27:23,621 INFO  server.RaftServer$Division (RaftServerImpl.java:setConfigurationAsync(1341)) - s8@group-4CD87B055E3A: receive setConfiguration SetConfigurationRequest:client-8FB543527D95->s8@group-4CD87B055E3A, cid=1984, seq=null, RW, null, SET_UNCONDITIONALLY, servers:[s7, s8, s9, s0, s1], listeners:[]
2024-10-31 03:27:23,722 INFO  server.RaftServer$Division (RaftServerImpl.java:setConfigurationAsync(1341)) - s7@group-4CD87B055E3A: receive setConfiguration SetConfigurationRequest:client-8FB543527D95->s7@group-4CD87B055E3A, cid=1984, seq=null, RW, null, SET_UNCONDITIONALLY, servers:[s7, s8, s9, s0, s1], listeners:[]
2024-10-31 03:27:23,822 INFO  server.RaftServer$Division (RaftServerImpl.java:setConfigurationAsync(1341)) - s8@group-4CD87B055E3A: receive setConfiguration SetConfigurationRequest:client-8FB543527D95->s8@group-4CD87B055E3A, cid=1984, seq=null, RW, null, SET_UNCONDITIONALLY, servers:[s7, s8, s9, s0, s1], listeners:[]
2024-10-31 03:27:23,922 INFO  server.RaftServer$Division (RaftServerImpl.java:setConfigurationAsync(1341)) - s7@group-4CD87B055E3A: receive setConfiguration SetConfigurationRequest:client-8FB543527D95->s7@group-4CD87B055E3A, cid=1984, seq=null, RW, null, SET_UNCONDITIONALLY, servers:[s7, s8, s9, s0, s1], listeners:[]
2024-10-31 03:27:24,023 INFO  server.RaftServer$Division (RaftServerImpl.java:setConfigurationAsync(1341)) - s9@group-4CD87B055E3A: receive setConfiguration SetConfigurationRequest:client-8FB543527D95->s9@group-4CD87B055E3A, cid=1984, seq=null, RW, null, SET_UNCONDITIONALLY, servers:[s7, s8, s9, s0, s1], listeners:[]
2024-10-31 03:27:24,123 INFO  server.RaftServer$Division (RaftServerImpl.java:setConfigurationAsync(1341)) - s7@group-4CD87B055E3A: receive setConfiguration SetConfigurationRequest:client-8FB543527D95->s7@group-4CD87B055E3A, cid=1984, seq=null, RW, null, SET_UNCONDITIONALLY, servers:[s7, s8, s9, s0, s1], listeners:[]
2024-10-31 03:27:24,223 INFO  server.RaftServer$Division (RaftServerImpl.java:setConfigurationAsync(1341)) - s8@group-4CD87B055E3A: receive setConfiguration SetConfigurationRequest:client-8FB543527D95->s8@group-4CD87B055E3A, cid=1984, seq=null, RW, null, SET_UNCONDITIONALLY, servers:[s7, s8, s9, s0, s1], listeners:[]
2024-10-31 03:27:24,324 INFO  server.RaftServer$Division (RaftServerImpl.java:setConfigurationAsync(1341)) - s7@group-4CD87B055E3A: receive setConfiguration SetConfigurationRequest:client-8FB543527D95->s7@group-4CD87B055E3A, cid=1984, seq=null, RW, null, SET_UNCONDITIONALLY, servers:[s7, s8, s9, s0, s1], listeners:[]
2024-10-31 03:27:24,424 INFO  server.RaftServer$Division (RaftServerImpl.java:setConfigurationAsync(1341)) - s8@group-4CD87B055E3A: receive setConfiguration SetConfigurationRequest:client-8FB543527D95->s8@group-4CD87B055E3A, cid=1984, seq=null, RW, null, SET_UNCONDITIONALLY, servers:[s7, s8, s9, s0, s1], listeners:[]
2024-10-31 03:27:24,525 INFO  server.RaftServer$Division (RaftServerImpl.java:setConfigurationAsync(1341)) - s7@group-4CD87B055E3A: receive setConfiguration SetConfigurationRequest:client-8FB543527D95->s7@group-4CD87B055E3A, cid=1984, seq=null, RW, null, SET_UNCONDITIONALLY, servers:[s7, s8, s9, s0, s1], listeners:[]
2024-10-31 03:27:24,625 INFO  server.RaftServer$Division (RaftServerImpl.java:setConfigurationAsync(1341)) - s9@group-4CD87B055E3A: receive setConfiguration SetConfigurationRequest:client-8FB543527D95->s9@group-4CD87B055E3A, cid=1984, seq=null, RW, null, SET_UNCONDITIONALLY, servers:[s7, s8, s9, s0, s1], listeners:[]
2024-10-31 03:27:24,725 INFO  server.RaftServer$Division (RaftServerImpl.java:setConfigurationAsync(1341)) - s7@group-4CD87B055E3A: receive setConfiguration SetConfigurationRequest:client-8FB543527D95->s7@group-4CD87B055E3A, cid=1984, seq=null, RW, null, SET_UNCONDITIONALLY, servers:[s7, s8, s9, s0, s1], listeners:[]
2024-10-31 03:27:24,826 INFO  server.RaftServer$Division (RaftServerImpl.java:setConfigurationAsync(1341)) - s9@group-4CD87B055E3A: receive setConfiguration SetConfigurationRequest:client-8FB543527D95->s9@group-4CD87B055E3A, cid=1984, seq=null, RW, null, SET_UNCONDITIONALLY, servers:[s7, s8, s9, s0, s1], listeners:[]
2024-10-31 03:27:24,926 INFO  server.RaftServer$Division (RaftServerImpl.java:setConfigurationAsync(1341)) - s7@group-4CD87B055E3A: receive setConfiguration SetConfigurationRequest:client-8FB543527D95->s7@group-4CD87B055E3A, cid=1984, seq=null, RW, null, SET_UNCONDITIONALLY, servers:[s7, s8, s9, s0, s1], listeners:[]
2024-10-31 03:27:25,026 INFO  server.RaftServer$Division (RaftServerImpl.java:setConfigurationAsync(1341)) - s8@group-4CD87B055E3A: receive setConfiguration SetConfigurationRequest:client-8FB543527D95->s8@group-4CD87B055E3A, cid=1984, seq=null, RW, null, SET_UNCONDITIONALLY, servers:[s7, s8, s9, s0, s1], listeners:[]
2024-10-31 03:27:25,127 INFO  server.RaftServer$Division (RaftServerImpl.java:setConfigurationAsync(1341)) - s7@group-4CD87B055E3A: receive setConfiguration SetConfigurationRequest:client-8FB543527D95->s7@group-4CD87B055E3A, cid=1984, seq=null, RW, null, SET_UNCONDITIONALLY, servers:[s7, s8, s9, s0, s1], listeners:[]
2024-10-31 03:27:25,227 INFO  server.RaftServer$Division (RaftServerImpl.java:setConfigurationAsync(1341)) - s8@group-4CD87B055E3A: receive setConfiguration SetConfigurationRequest:client-8FB543527D95->s8@group-4CD87B055E3A, cid=1984, seq=null, RW, null, SET_UNCONDITIONALLY, servers:[s7, s8, s9, s0, s1], listeners:[]
2024-10-31 03:27:25,327 INFO  server.RaftServer$Division (RaftServerImpl.java:setConfigurationAsync(1341)) - s7@group-4CD87B055E3A: receive setConfiguration SetConfigurationRequest:client-8FB543527D95->s7@group-4CD87B055E3A, cid=1984, seq=null, RW, null, SET_UNCONDITIONALLY, servers:[s7, s8, s9, s0, s1], listeners:[]
2024-10-31 03:27:25,428 INFO  server.RaftServer$Division (RaftServerImpl.java:setConfigurationAsync(1341)) - s8@group-4CD87B055E3A: receive setConfiguration SetConfigurationRequest:client-8FB543527D95->s8@group-4CD87B055E3A, cid=1984, seq=null, RW, null, SET_UNCONDITIONALLY, servers:[s7, s8, s9, s0, s1], listeners:[]
2024-10-31 03:27:25,528 INFO  server.RaftServer$Division (RaftServerImpl.java:setConfigurationAsync(1341)) - s7@group-4CD87B055E3A: receive setConfiguration SetConfigurationRequest:client-8FB543527D95->s7@group-4CD87B055E3A, cid=1984, seq=null, RW, null, SET_UNCONDITIONALLY, servers:[s7, s8, s9, s0, s1], listeners:[]
2024-10-31 03:27:25,628 INFO  server.RaftServer$Division (RaftServerImpl.java:setConfigurationAsync(1341)) - s9@group-4CD87B055E3A: receive setConfiguration SetConfigurationRequest:client-8FB543527D95->s9@group-4CD87B055E3A, cid=1984, seq=null, RW, null, SET_UNCONDITIONALLY, servers:[s7, s8, s9, s0, s1], listeners:[]
2024-10-31 03:27:25,729 INFO  server.RaftServer$Division (RaftServerImpl.java:setConfigurationAsync(1341)) - s7@group-4CD87B055E3A: receive setConfiguration SetConfigurationRequest:client-8FB543527D95->s7@group-4CD87B055E3A, cid=1984, seq=null, RW, null, SET_UNCONDITIONALLY, servers:[s7, s8, s9, s0, s1], listeners:[]
2024-10-31 03:27:25,829 INFO  server.RaftServer$Division (RaftServerImpl.java:setConfigurationAsync(1341)) - s9@group-4CD87B055E3A: receive setConfiguration SetConfigurationRequest:client-8FB543527D95->s9@group-4CD87B055E3A, cid=1984, seq=null, RW, null, SET_UNCONDITIONALLY, servers:[s7, s8, s9, s0, s1], listeners:[]
2024-10-31 03:27:25,929 INFO  server.RaftServer$Division (RaftServerImpl.java:setConfigurationAsync(1341)) - s7@group-4CD87B055E3A: receive setConfiguration SetConfigurationRequest:client-8FB543527D95->s7@group-4CD87B055E3A, cid=1984, seq=null, RW, null, SET_UNCONDITIONALLY, servers:[s7, s8, s9, s0, s1], listeners:[]
2024-10-31 03:27:25,993 INFO  impl.MiniRaftCluster (MiniRaftCluster.java:lambda$null$7(362)) - TIMED-PRINT: printing ALL groups
  s3:  RUNNING [
   FOLLOWER s3@group-4EB49E3E6D70:t0, leader=null, voted=, raftlog=Memoized:s3@group-4EB49E3E6D70-SegmentedRaftLog:OPENED:c-1:lastnull, conf=conf: {index: -1, cur=peers:[]|listeners:[], old=null} STARTING
   FOLLOWER s3@group-4CD87B055E3A:t0, leader=null, voted=, raftlog=Memoized:s3@group-4CD87B055E3A-SegmentedRaftLog:OPENED:c-1:lastnull, conf=conf: {index: -1, cur=peers:[]|listeners:[], old=null} STARTING] size=2
  s4:  RUNNING [
   FOLLOWER s4@group-4EB49E3E6D70:t0, leader=null, voted=, raftlog=Memoized:s4@group-4EB49E3E6D70-SegmentedRaftLog:OPENED:c-1:lastnull, conf=conf: {index: -1, cur=peers:[]|listeners:[], old=null} STARTING
   FOLLOWER s4@group-4CD87B055E3A:t0, leader=null, voted=, raftlog=Memoized:s4@group-4CD87B055E3A-SegmentedRaftLog:OPENED:c-1:lastnull, conf=conf: {index: -1, cur=peers:[]|listeners:[], old=null} STARTING] size=2
  s5:  RUNNING [
   FOLLOWER s5@group-4EB49E3E6D70:t0, leader=null, voted=, raftlog=Memoized:s5@group-4EB49E3E6D70-SegmentedRaftLog:OPENED:c-1:lastnull, conf=conf: {index: -1, cur=peers:[]|listeners:[], old=null} STARTING
   FOLLOWER s5@group-4CD87B055E3A:t0, leader=null, voted=, raftlog=Memoized:s5@group-4CD87B055E3A-SegmentedRaftLog:OPENED:c-1:lastnull, conf=conf: {index: -1, cur=peers:[]|listeners:[], old=null} STARTING] size=2
  s6:  RUNNING [
   FOLLOWER s6@group-4EB49E3E6D70:t0, leader=null, voted=, raftlog=Memoized:s6@group-4EB49E3E6D70-SegmentedRaftLog:OPENED:c-1:lastnull, conf=conf: {index: -1, cur=peers:[]|listeners:[], old=null} STARTING
   FOLLOWER s6@group-4CD87B055E3A:t0, leader=null, voted=, raftlog=Memoized:s6@group-4CD87B055E3A-SegmentedRaftLog:OPENED:c-1:lastnull, conf=conf: {index: -1, cur=peers:[]|listeners:[], old=null} STARTING] size=2
  s7:  RUNNING [
   FOLLOWER s7@group-4EB49E3E6D70:t0, leader=null, voted=, raftlog=Memoized:s7@group-4EB49E3E6D70-SegmentedRaftLog:OPENED:c-1:lastnull, conf=conf: {index: -1, cur=peers:[]|listeners:[], old=null} STARTING
     LEADER s7@group-4CD87B055E3A:t1, leader=s7, voted=s7, raftlog=Memoized:s7@group-4CD87B055E3A-SegmentedRaftLog:OPENED:c120:last(t:1, i:120), conf=conf: {index: 0, cur=peers:[s7, s8, s9]|listeners:[], old=null} RUNNING] size=2
  s8:  RUNNING [
   FOLLOWER s8@group-4EB49E3E6D70:t0, leader=null, voted=, raftlog=Memoized:s8@group-4EB49E3E6D70-SegmentedRaftLog:OPENED:c-1:lastnull, conf=conf: {index: -1, cur=peers:[]|listeners:[], old=null} STARTING
   FOLLOWER s8@group-4CD87B055E3A:t1, leader=s7, voted=s7, raftlog=Memoized:s8@group-4CD87B055E3A-SegmentedRaftLog:OPENED:c120:last(t:1, i:120), conf=conf: {index: 0, cur=peers:[s7|, s8|, s9|]|listeners:[], old=null} RUNNING] size=2
  s9:  RUNNING [
   FOLLOWER s9@group-4EB49E3E6D70:t0, leader=null, voted=, raftlog=Memoized:s9@group-4EB49E3E6D70-SegmentedRaftLog:OPENED:c-1:lastnull, conf=conf: {index: -1, cur=peers:[]|listeners:[], old=null} STARTING
   FOLLOWER s9@group-4CD87B055E3A:t1, leader=s7, voted=s7, raftlog=Memoized:s9@group-4CD87B055E3A-SegmentedRaftLog:OPENED:c120:last(t:1, i:120), conf=conf: {index: 0, cur=peers:[s7|, s8|, s9|]|listeners:[], old=null} RUNNING] size=2
  s11:  RUNNING [
   FOLLOWER s11@group-4EB49E3E6D70:t0, leader=null, voted=, raftlog=Memoized:s11@group-4EB49E3E6D70-SegmentedRaftLog:OPENED:c-1:lastnull, conf=conf: {index: -1, cur=peers:[]|listeners:[], old=null} STARTING
   FOLLOWER s11@group-4CD87B055E3A:t0, leader=null, voted=, raftlog=Memoized:s11@group-4CD87B055E3A-SegmentedRaftLog:OPENED:c-1:lastnull, conf=conf: {index: -1, cur=peers:[]|listeners:[], old=null} STARTING] size=2
  s10:  RUNNING [
   FOLLOWER s10@group-4EB49E3E6D70:t0, leader=null, voted=, raftlog=Memoized:s10@group-4EB49E3E6D70-SegmentedRaftLog:OPENED:c-1:lastnull, conf=conf: {index: -1, cur=peers:[]|listeners:[], old=null} STARTING
   FOLLOWER s10@group-4CD87B055E3A:t0, leader=null, voted=, raftlog=Memoized:s10@group-4CD87B055E3A-SegmentedRaftLog:OPENED:c-1:lastnull, conf=conf: {index: -1, cur=peers:[]|listeners:[], old=null} STARTING] size=2
  s13:  RUNNING [
   FOLLOWER s13@group-4EB49E3E6D70:t0, leader=null, voted=, raftlog=Memoized:s13@group-4EB49E3E6D70-SegmentedRaftLog:OPENED:c-1:lastnull, conf=conf: {index: -1, cur=peers:[]|listeners:[], old=null} STARTING
   FOLLOWER s13@group-4CD87B055E3A:t0, leader=null, voted=, raftlog=Memoized:s13@group-4CD87B055E3A-SegmentedRaftLog:OPENED:c-1:lastnull, conf=conf: {index: -1, cur=peers:[]|listeners:[], old=null} STARTING] size=2
  s12:  RUNNING [
   FOLLOWER s12@group-4EB49E3E6D70:t0, leader=null, voted=, raftlog=Memoized:s12@group-4EB49E3E6D70-SegmentedRaftLog:OPENED:c-1:lastnull, conf=conf: {index: -1, cur=peers:[]|listeners:[], old=null} STARTING
   FOLLOWER s12@group-4CD87B055E3A:t0, leader=null, voted=, raftlog=Memoized:s12@group-4CD87B055E3A-SegmentedRaftLog:OPENED:c-1:lastnull, conf=conf: {index: -1, cur=peers:[]|listeners:[], old=null} STARTING] size=2
  s14:  RUNNING [
   FOLLOWER s14@group-4EB49E3E6D70:t0, leader=null, voted=, raftlog=Memoized:s14@group-4EB49E3E6D70-SegmentedRaftLog:OPENED:c-1:lastnull, conf=conf: {index: -1, cur=peers:[]|listeners:[], old=null} STARTING
   FOLLOWER s14@group-4CD87B055E3A:t0, leader=null, voted=, raftlog=Memoized:s14@group-4CD87B055E3A-SegmentedRaftLog:OPENED:c-1:lastnull, conf=conf: {index: -1, cur=peers:[]|listeners:[], old=null} STARTING] size=2
  s0:  RUNNING [
   FOLLOWER s0@group-4EB49E3E6D70:t0, leader=null, voted=, raftlog=Memoized:s0@group-4EB49E3E6D70-SegmentedRaftLog:OPENED:c-1:lastnull, conf=conf: {index: -1, cur=peers:[]|listeners:[], old=null} STARTING
   FOLLOWER s0@group-4CD87B055E3A:t1, leader=s7, voted=null, raftlog=Memoized:s0@group-4CD87B055E3A-SegmentedRaftLog:OPENED:c120:last(t:1, i:120), conf=conf: {index: 0, cur=peers:[s7|, s8|, s9|]|listeners:[], old=null} STARTING] size=2
  s1:  RUNNING [
   FOLLOWER s1@group-4EB49E3E6D70:t0, leader=null, voted=, raftlog=Memoized:s1@group-4EB49E3E6D70-SegmentedRaftLog:OPENED:c-1:lastnull, conf=conf: {index: -1, cur=peers:[]|listeners:[], old=null} STARTING
   FOLLOWER s1@group-4CD87B055E3A:t1, leader=s7, voted=null, raftlog=Memoized:s1@group-4CD87B055E3A-SegmentedRaftLog:OPENED:c120:last(t:1, i:120), conf=conf: {index: 0, cur=peers:[s7|, s8|, s9|]|listeners:[], old=null} STARTING] size=2
  s2:  RUNNING [
   FOLLOWER s2@group-4EB49E3E6D70:t0, leader=null, voted=, raftlog=Memoized:s2@group-4EB49E3E6D70-SegmentedRaftLog:OPENED:c-1:lastnull, conf=conf: {index: -1, cur=peers:[]|listeners:[], old=null} STARTING
   FOLLOWER s2@group-4CD87B055E3A:t0, leader=null, voted=, raftlog=Memoized:s2@group-4CD87B055E3A-SegmentedRaftLog:OPENED:c-1:lastnull, conf=conf: {index: -1, cur=peers:[]|listeners:[], old=null} STARTING] size=2
2024-10-31 03:27:26,030 INFO  server.RaftServer$Division (RaftServerImpl.java:setConfigurationAsync(1341)) - s8@group-4CD87B055E3A: receive setConfiguration SetConfigurationRequest:client-8FB543527D95->s8@group-4CD87B055E3A, cid=1984, seq=null, RW, null, SET_UNCONDITIONALLY, servers:[s7, s8, s9, s0, s1], listeners:[]
2024-10-31 03:27:26,130 INFO  server.RaftServer$Division (RaftServerImpl.java:setConfigurationAsync(1341)) - s7@group-4CD87B055E3A: receive setConfiguration SetConfigurationRequest:client-8FB543527D95->s7@group-4CD87B055E3A, cid=1984, seq=null, RW, null, SET_UNCONDITIONALLY, servers:[s7, s8, s9, s0, s1], listeners:[]
2024-10-31 03:27:26,231 INFO  server.RaftServer$Division (RaftServerImpl.java:setConfigurationAsync(1341)) - s8@group-4CD87B055E3A: receive setConfiguration SetConfigurationRequest:client-8FB543527D95->s8@group-4CD87B055E3A, cid=1984, seq=null, RW, null, SET_UNCONDITIONALLY, servers:[s7, s8, s9, s0, s1], listeners:[]
2024-10-31 03:27:26,331 INFO  server.RaftServer$Division (RaftServerImpl.java:setConfigurationAsync(1341)) - s7@group-4CD87B055E3A: receive setConfiguration SetConfigurationRequest:client-8FB543527D95->s7@group-4CD87B055E3A, cid=1984, seq=null, RW, null, SET_UNCONDITIONALLY, servers:[s7, s8, s9, s0, s1], listeners:[]
2024-10-31 03:27:26,432 INFO  server.RaftServer$Division (RaftServerImpl.java:setConfigurationAsync(1341)) - s9@group-4CD87B055E3A: receive setConfiguration SetConfigurationRequest:client-8FB543527D95->s9@group-4CD87B055E3A, cid=1984, seq=null, RW, null, SET_UNCONDITIONALLY, servers:[s7, s8, s9, s0, s1], listeners:[]
2024-10-31 03:27:26,532 INFO  server.RaftServer$Division (RaftServerImpl.java:setConfigurationAsync(1341)) - s7@group-4CD87B055E3A: receive setConfiguration SetConfigurationRequest:client-8FB543527D95->s7@group-4CD87B055E3A, cid=1984, seq=null, RW, null, SET_UNCONDITIONALLY, servers:[s7, s8, s9, s0, s1], listeners:[]
2024-10-31 03:27:26,632 INFO  server.RaftServer$Division (RaftServerImpl.java:setConfigurationAsync(1341)) - s9@group-4CD87B055E3A: receive setConfiguration SetConfigurationRequest:client-8FB543527D95->s9@group-4CD87B055E3A, cid=1984, seq=null, RW, null, SET_UNCONDITIONALLY, servers:[s7, s8, s9, s0, s1], listeners:[]
2024-10-31 03:27:26,733 INFO  server.RaftServer$Division (RaftServerImpl.java:setConfigurationAsync(1341)) - s7@group-4CD87B055E3A: receive setConfiguration SetConfigurationRequest:client-8FB543527D95->s7@group-4CD87B055E3A, cid=1984, seq=null, RW, null, SET_UNCONDITIONALLY, servers:[s7, s8, s9, s0, s1], listeners:[]
2024-10-31 03:27:26,833 INFO  server.RaftServer$Division (RaftServerImpl.java:setConfigurationAsync(1341)) - s9@group-4CD87B055E3A: receive setConfiguration SetConfigurationRequest:client-8FB543527D95->s9@group-4CD87B055E3A, cid=1984, seq=null, RW, null, SET_UNCONDITIONALLY, servers:[s7, s8, s9, s0, s1], listeners:[]
2024-10-31 03:27:26,933 INFO  server.RaftServer$Division (RaftServerImpl.java:setConfigurationAsync(1341)) - s7@group-4CD87B055E3A: receive setConfiguration SetConfigurationRequest:client-8FB543527D95->s7@group-4CD87B055E3A, cid=1984, seq=null, RW, null, SET_UNCONDITIONALLY, servers:[s7, s8, s9, s0, s1], listeners:[]
2024-10-31 03:27:27,034 INFO  server.RaftServer$Division (RaftServerImpl.java:setConfigurationAsync(1341)) - s9@group-4CD87B055E3A: receive setConfiguration SetConfigurationRequest:client-8FB543527D95->s9@group-4CD87B055E3A, cid=1984, seq=null, RW, null, SET_UNCONDITIONALLY, servers:[s7, s8, s9, s0, s1], listeners:[]
2024-10-31 03:27:27,134 INFO  server.RaftServer$Division (RaftServerImpl.java:setConfigurationAsync(1341)) - s7@group-4CD87B055E3A: receive setConfiguration SetConfigurationRequest:client-8FB543527D95->s7@group-4CD87B055E3A, cid=1984, seq=null, RW, null, SET_UNCONDITIONALLY, servers:[s7, s8, s9, s0, s1], listeners:[]
2024-10-31 03:27:27,234 INFO  server.RaftServer$Division (RaftServerImpl.java:setConfigurationAsync(1341)) - s8@group-4CD87B055E3A: receive setConfiguration SetConfigurationRequest:client-8FB543527D95->s8@group-4CD87B055E3A, cid=1984, seq=null, RW, null, SET_UNCONDITIONALLY, servers:[s7, s8, s9, s0, s1], listeners:[]
2024-10-31 03:27:27,335 INFO  server.RaftServer$Division (RaftServerImpl.java:setConfigurationAsync(1341)) - s7@group-4CD87B055E3A: receive setConfiguration SetConfigurationRequest:client-8FB543527D95->s7@group-4CD87B055E3A, cid=1984, seq=null, RW, null, SET_UNCONDITIONALLY, servers:[s7, s8, s9, s0, s1], listeners:[]
2024-10-31 03:27:27,435 INFO  server.RaftServer$Division (RaftServerImpl.java:setConfigurationAsync(1341)) - s9@group-4CD87B055E3A: receive setConfiguration SetConfigurationRequest:client-8FB543527D95->s9@group-4CD87B055E3A, cid=1984, seq=null, RW, null, SET_UNCONDITIONALLY, servers:[s7, s8, s9, s0, s1], listeners:[]
2024-10-31 03:27:27,535 INFO  server.RaftServer$Division (RaftServerImpl.java:setConfigurationAsync(1341)) - s7@group-4CD87B055E3A: receive setConfiguration SetConfigurationRequest:client-8FB543527D95->s7@group-4CD87B055E3A, cid=1984, seq=null, RW, null, SET_UNCONDITIONALLY, servers:[s7, s8, s9, s0, s1], listeners:[]
2024-10-31 03:27:27,636 INFO  server.RaftServer$Division (RaftServerImpl.java:setConfigurationAsync(1341)) - s8@group-4CD87B055E3A: receive setConfiguration SetConfigurationRequest:client-8FB543527D95->s8@group-4CD87B055E3A, cid=1984, seq=null, RW, null, SET_UNCONDITIONALLY, servers:[s7, s8, s9, s0, s1], listeners:[]
2024-10-31 03:27:27,736 INFO  server.RaftServer$Division (RaftServerImpl.java:setConfigurationAsync(1341)) - s7@group-4CD87B055E3A: receive setConfiguration SetConfigurationRequest:client-8FB543527D95->s7@group-4CD87B055E3A, cid=1984, seq=null, RW, null, SET_UNCONDITIONALLY, servers:[s7, s8, s9, s0, s1], listeners:[]
2024-10-31 03:27:27,836 INFO  server.RaftServer$Division (RaftServerImpl.java:setConfigurationAsync(1341)) - s8@group-4CD87B055E3A: receive setConfiguration SetConfigurationRequest:client-8FB543527D95->s8@group-4CD87B055E3A, cid=1984, seq=null, RW, null, SET_UNCONDITIONALLY, servers:[s7, s8, s9, s0, s1], listeners:[]
2024-10-31 03:27:27,937 INFO  server.RaftServer$Division (RaftServerImpl.java:setConfigurationAsync(1341)) - s7@group-4CD87B055E3A: receive setConfiguration SetConfigurationRequest:client-8FB543527D95->s7@group-4CD87B055E3A, cid=1984, seq=null, RW, null, SET_UNCONDITIONALLY, servers:[s7, s8, s9, s0, s1], listeners:[]
2024-10-31 03:27:28,037 INFO  server.RaftServer$Division (RaftServerImpl.java:setConfigurationAsync(1341)) - s8@group-4CD87B055E3A: receive setConfiguration SetConfigurationRequest:client-8FB543527D95->s8@group-4CD87B055E3A, cid=1984, seq=null, RW, null, SET_UNCONDITIONALLY, servers:[s7, s8, s9, s0, s1], listeners:[]
2024-10-31 03:27:28,138 INFO  server.RaftServer$Division (RaftServerImpl.java:setConfigurationAsync(1341)) - s7@group-4CD87B055E3A: receive setConfiguration SetConfigurationRequest:client-8FB543527D95->s7@group-4CD87B055E3A, cid=1984, seq=null, RW, null, SET_UNCONDITIONALLY, servers:[s7, s8, s9, s0, s1], listeners:[]
2024-10-31 03:27:28,238 INFO  server.RaftServer$Division (RaftServerImpl.java:setConfigurationAsync(1341)) - s8@group-4CD87B055E3A: receive setConfiguration SetConfigurationRequest:client-8FB543527D95->s8@group-4CD87B055E3A, cid=1984, seq=null, RW, null, SET_UNCONDITIONALLY, servers:[s7, s8, s9, s0, s1], listeners:[]
2024-10-31 03:27:28,338 INFO  server.RaftServer$Division (RaftServerImpl.java:setConfigurationAsync(1341)) - s7@group-4CD87B055E3A: receive setConfiguration SetConfigurationRequest:client-8FB543527D95->s7@group-4CD87B055E3A, cid=1984, seq=null, RW, null, SET_UNCONDITIONALLY, servers:[s7, s8, s9, s0, s1], listeners:[]
2024-10-31 03:27:28,439 INFO  server.RaftServer$Division (RaftServerImpl.java:setConfigurationAsync(1341)) - s8@group-4CD87B055E3A: receive setConfiguration SetConfigurationRequest:client-8FB543527D95->s8@group-4CD87B055E3A, cid=1984, seq=null, RW, null, SET_UNCONDITIONALLY, servers:[s7, s8, s9, s0, s1], listeners:[]
2024-10-31 03:27:28,539 INFO  server.RaftServer$Division (RaftServerImpl.java:setConfigurationAsync(1341)) - s7@group-4CD87B055E3A: receive setConfiguration SetConfigurationRequest:client-8FB543527D95->s7@group-4CD87B055E3A, cid=1984, seq=null, RW, null, SET_UNCONDITIONALLY, servers:[s7, s8, s9, s0, s1], listeners:[]
2024-10-31 03:27:28,639 INFO  server.RaftServer$Division (RaftServerImpl.java:setConfigurationAsync(1341)) - s9@group-4CD87B055E3A: receive setConfiguration SetConfigurationRequest:client-8FB543527D95->s9@group-4CD87B055E3A, cid=1984, seq=null, RW, null, SET_UNCONDITIONALLY, servers:[s7, s8, s9, s0, s1], listeners:[]
2024-10-31 03:27:28,740 INFO  server.RaftServer$Division (RaftServerImpl.java:setConfigurationAsync(1341)) - s7@group-4CD87B055E3A: receive setConfiguration SetConfigurationRequest:client-8FB543527D95->s7@group-4CD87B055E3A, cid=1984, seq=null, RW, null, SET_UNCONDITIONALLY, servers:[s7, s8, s9, s0, s1], listeners:[]
2024-10-31 03:27:28,840 INFO  server.RaftServer$Division (RaftServerImpl.java:setConfigurationAsync(1341)) - s8@group-4CD87B055E3A: receive setConfiguration SetConfigurationRequest:client-8FB543527D95->s8@group-4CD87B055E3A, cid=1984, seq=null, RW, null, SET_UNCONDITIONALLY, servers:[s7, s8, s9, s0, s1], listeners:[]
2024-10-31 03:27:28,940 INFO  server.RaftServer$Division (RaftServerImpl.java:setConfigurationAsync(1341)) - s7@group-4CD87B055E3A: receive setConfiguration SetConfigurationRequest:client-8FB543527D95->s7@group-4CD87B055E3A, cid=1984, seq=null, RW, null, SET_UNCONDITIONALLY, servers:[s7, s8, s9, s0, s1], listeners:[]
2024-10-31 03:27:29,041 INFO  server.RaftServer$Division (RaftServerImpl.java:setConfigurationAsync(1341)) - s8@group-4CD87B055E3A: receive setConfiguration SetConfigurationRequest:client-8FB543527D95->s8@group-4CD87B055E3A, cid=1984, seq=null, RW, null, SET_UNCONDITIONALLY, servers:[s7, s8, s9, s0, s1], listeners:[]
2024-10-31 03:27:29,141 INFO  server.RaftServer$Division (RaftServerImpl.java:setConfigurationAsync(1341)) - s7@group-4CD87B055E3A: receive setConfiguration SetConfigurationRequest:client-8FB543527D95->s7@group-4CD87B055E3A, cid=1984, seq=null, RW, null, SET_UNCONDITIONALLY, servers:[s7, s8, s9, s0, s1], listeners:[]
2024-10-31 03:27:29,242 INFO  server.RaftServer$Division (RaftServerImpl.java:setConfigurationAsync(1341)) - s8@group-4CD87B055E3A: receive setConfiguration SetConfigurationRequest:client-8FB543527D95->s8@group-4CD87B055E3A, cid=1984, seq=null, RW, null, SET_UNCONDITIONALLY, servers:[s7, s8, s9, s0, s1], listeners:[]
2024-10-31 03:27:29,342 INFO  server.RaftServer$Division (RaftServerImpl.java:setConfigurationAsync(1341)) - s7@group-4CD87B055E3A: receive setConfiguration SetConfigurationRequest:client-8FB543527D95->s7@group-4CD87B055E3A, cid=1984, seq=null, RW, null, SET_UNCONDITIONALLY, servers:[s7, s8, s9, s0, s1], listeners:[]
2024-10-31 03:27:29,442 INFO  server.RaftServer$Division (RaftServerImpl.java:setConfigurationAsync(1341)) - s9@group-4CD87B055E3A: receive setConfiguration SetConfigurationRequest:client-8FB543527D95->s9@group-4CD87B055E3A, cid=1984, seq=null, RW, null, SET_UNCONDITIONALLY, servers:[s7, s8, s9, s0, s1], listeners:[]
2024-10-31 03:27:29,543 INFO  server.RaftServer$Division (RaftServerImpl.java:setConfigurationAsync(1341)) - s7@group-4CD87B055E3A: receive setConfiguration SetConfigurationRequest:client-8FB543527D95->s7@group-4CD87B055E3A, cid=1984, seq=null, RW, null, SET_UNCONDITIONALLY, servers:[s7, s8, s9, s0, s1], listeners:[]
2024-10-31 03:27:29,643 INFO  server.RaftServer$Division (RaftServerImpl.java:setConfigurationAsync(1341)) - s8@group-4CD87B055E3A: receive setConfiguration SetConfigurationRequest:client-8FB543527D95->s8@group-4CD87B055E3A, cid=1984, seq=null, RW, null, SET_UNCONDITIONALLY, servers:[s7, s8, s9, s0, s1], listeners:[]
2024-10-31 03:27:29,744 INFO  server.RaftServer$Division (RaftServerImpl.java:setConfigurationAsync(1341)) - s7@group-4CD87B055E3A: receive setConfiguration SetConfigurationRequest:client-8FB543527D95->s7@group-4CD87B055E3A, cid=1984, seq=null, RW, null, SET_UNCONDITIONALLY, servers:[s7, s8, s9, s0, s1], listeners:[]
2024-10-31 03:27:29,844 INFO  server.RaftServer$Division (RaftServerImpl.java:setConfigurationAsync(1341)) - s8@group-4CD87B055E3A: receive setConfiguration SetConfigurationRequest:client-8FB543527D95->s8@group-4CD87B055E3A, cid=1984, seq=null, RW, null, SET_UNCONDITIONALLY, servers:[s7, s8, s9, s0, s1], listeners:[]
2024-10-31 03:27:29,944 INFO  server.RaftServer$Division (RaftServerImpl.java:setConfigurationAsync(1341)) - s7@group-4CD87B055E3A: receive setConfiguration SetConfigurationRequest:client-8FB543527D95->s7@group-4CD87B055E3A, cid=1984, seq=null, RW, null, SET_UNCONDITIONALLY, servers:[s7, s8, s9, s0, s1], listeners:[]
2024-10-31 03:27:30,045 INFO  server.RaftServer$Division (RaftServerImpl.java:setConfigurationAsync(1341)) - s8@group-4CD87B055E3A: receive setConfiguration SetConfigurationRequest:client-8FB543527D95->s8@group-4CD87B055E3A, cid=1984, seq=null, RW, null, SET_UNCONDITIONALLY, servers:[s7, s8, s9, s0, s1], listeners:[]
2024-10-31 03:27:30,145 INFO  server.RaftServer$Division (RaftServerImpl.java:setConfigurationAsync(1341)) - s7@group-4CD87B055E3A: receive setConfiguration SetConfigurationRequest:client-8FB543527D95->s7@group-4CD87B055E3A, cid=1984, seq=null, RW, null, SET_UNCONDITIONALLY, servers:[s7, s8, s9, s0, s1], listeners:[]
2024-10-31 03:27:30,245 INFO  server.RaftServer$Division (RaftServerImpl.java:setConfigurationAsync(1341)) - s9@group-4CD87B055E3A: receive setConfiguration SetConfigurationRequest:client-8FB543527D95->s9@group-4CD87B055E3A, cid=1984, seq=null, RW, null, SET_UNCONDITIONALLY, servers:[s7, s8, s9, s0, s1], listeners:[]
2024-10-31 03:27:30,346 INFO  server.RaftServer$Division (RaftServerImpl.java:setConfigurationAsync(1341)) - s7@group-4CD87B055E3A: receive setConfiguration SetConfigurationRequest:client-8FB543527D95->s7@group-4CD87B055E3A, cid=1984, seq=null, RW, null, SET_UNCONDITIONALLY, servers:[s7, s8, s9, s0, s1], listeners:[]
2024-10-31 03:27:30,446 INFO  server.RaftServer$Division (RaftServerImpl.java:setConfigurationAsync(1341)) - s8@group-4CD87B055E3A: receive setConfiguration SetConfigurationRequest:client-8FB543527D95->s8@group-4CD87B055E3A, cid=1984, seq=null, RW, null, SET_UNCONDITIONALLY, servers:[s7, s8, s9, s0, s1], listeners:[]
2024-10-31 03:27:30,547 INFO  server.RaftServer$Division (RaftServerImpl.java:setConfigurationAsync(1341)) - s7@group-4CD87B055E3A: receive setConfiguration SetConfigurationRequest:client-8FB543527D95->s7@group-4CD87B055E3A, cid=1984, seq=null, RW, null, SET_UNCONDITIONALLY, servers:[s7, s8, s9, s0, s1], listeners:[]
2024-10-31 03:27:30,647 INFO  server.RaftServer$Division (RaftServerImpl.java:setConfigurationAsync(1341)) - s9@group-4CD87B055E3A: receive setConfiguration SetConfigurationRequest:client-8FB543527D95->s9@group-4CD87B055E3A, cid=1984, seq=null, RW, null, SET_UNCONDITIONALLY, servers:[s7, s8, s9, s0, s1], listeners:[]
2024-10-31 03:27:30,747 INFO  server.RaftServer$Division (RaftServerImpl.java:setConfigurationAsync(1341)) - s7@group-4CD87B055E3A: receive setConfiguration SetConfigurationRequest:client-8FB543527D95->s7@group-4CD87B055E3A, cid=1984, seq=null, RW, null, SET_UNCONDITIONALLY, servers:[s7, s8, s9, s0, s1], listeners:[]
2024-10-31 03:27:30,848 INFO  server.RaftServer$Division (RaftServerImpl.java:setConfigurationAsync(1341)) - s9@group-4CD87B055E3A: receive setConfiguration SetConfigurationRequest:client-8FB543527D95->s9@group-4CD87B055E3A, cid=1984, seq=null, RW, null, SET_UNCONDITIONALLY, servers:[s7, s8, s9, s0, s1], listeners:[]
2024-10-31 03:27:30,948 INFO  server.RaftServer$Division (RaftServerImpl.java:setConfigurationAsync(1341)) - s7@group-4CD87B055E3A: receive setConfiguration SetConfigurationRequest:client-8FB543527D95->s7@group-4CD87B055E3A, cid=1984, seq=null, RW, null, SET_UNCONDITIONALLY, servers:[s7, s8, s9, s0, s1], listeners:[]
2024-10-31 03:27:31,048 INFO  server.RaftServer$Division (RaftServerImpl.java:setConfigurationAsync(1341)) - s9@group-4CD87B055E3A: receive setConfiguration SetConfigurationRequest:client-8FB543527D95->s9@group-4CD87B055E3A, cid=1984, seq=null, RW, null, SET_UNCONDITIONALLY, servers:[s7, s8, s9, s0, s1], listeners:[]
2024-10-31 03:27:31,149 INFO  server.RaftServer$Division (RaftServerImpl.java:setConfigurationAsync(1341)) - s7@group-4CD87B055E3A: receive setConfiguration SetConfigurationRequest:client-8FB543527D95->s7@group-4CD87B055E3A, cid=1984, seq=null, RW, null, SET_UNCONDITIONALLY, servers:[s7, s8, s9, s0, s1], listeners:[]
2024-10-31 03:27:31,249 INFO  server.RaftServer$Division (RaftServerImpl.java:setConfigurationAsync(1341)) - s8@group-4CD87B055E3A: receive setConfiguration SetConfigurationRequest:client-8FB543527D95->s8@group-4CD87B055E3A, cid=1984, seq=null, RW, null, SET_UNCONDITIONALLY, servers:[s7, s8, s9, s0, s1], listeners:[]
2024-10-31 03:27:31,349 INFO  server.RaftServer$Division (RaftServerImpl.java:setConfigurationAsync(1341)) - s7@group-4CD87B055E3A: receive setConfiguration SetConfigurationRequest:client-8FB543527D95->s7@group-4CD87B055E3A, cid=1984, seq=null, RW, null, SET_UNCONDITIONALLY, servers:[s7, s8, s9, s0, s1], listeners:[]
2024-10-31 03:27:31,450 INFO  server.RaftServer$Division (RaftServerImpl.java:setConfigurationAsync(1341)) - s9@group-4CD87B055E3A: receive setConfiguration SetConfigurationRequest:client-8FB543527D95->s9@group-4CD87B055E3A, cid=1984, seq=null, RW, null, SET_UNCONDITIONALLY, servers:[s7, s8, s9, s0, s1], listeners:[]
2024-10-31 03:27:31,550 INFO  server.RaftServer$Division (RaftServerImpl.java:setConfigurationAsync(1341)) - s7@group-4CD87B055E3A: receive setConfiguration SetConfigurationRequest:client-8FB543527D95->s7@group-4CD87B055E3A, cid=1984, seq=null, RW, null, SET_UNCONDITIONALLY, servers:[s7, s8, s9, s0, s1], listeners:[]
2024-10-31 03:27:31,650 INFO  server.RaftServer$Division (RaftServerImpl.java:setConfigurationAsync(1341)) - s9@group-4CD87B055E3A: receive setConfiguration SetConfigurationRequest:client-8FB543527D95->s9@group-4CD87B055E3A, cid=1984, seq=null, RW, null, SET_UNCONDITIONALLY, servers:[s7, s8, s9, s0, s1], listeners:[]
2024-10-31 03:27:31,751 INFO  server.RaftServer$Division (RaftServerImpl.java:setConfigurationAsync(1341)) - s7@group-4CD87B055E3A: receive setConfiguration SetConfigurationRequest:client-8FB543527D95->s7@group-4CD87B055E3A, cid=1984, seq=null, RW, null, SET_UNCONDITIONALLY, servers:[s7, s8, s9, s0, s1], listeners:[]
2024-10-31 03:27:31,851 INFO  server.RaftServer$Division (RaftServerImpl.java:setConfigurationAsync(1341)) - s8@group-4CD87B055E3A: receive setConfiguration SetConfigurationRequest:client-8FB543527D95->s8@group-4CD87B055E3A, cid=1984, seq=null, RW, null, SET_UNCONDITIONALLY, servers:[s7, s8, s9, s0, s1], listeners:[]
2024-10-31 03:27:31,951 INFO  server.RaftServer$Division (RaftServerImpl.java:setConfigurationAsync(1341)) - s7@group-4CD87B055E3A: receive setConfiguration SetConfigurationRequest:client-8FB543527D95->s7@group-4CD87B055E3A, cid=1984, seq=null, RW, null, SET_UNCONDITIONALLY, servers:[s7, s8, s9, s0, s1], listeners:[]
2024-10-31 03:27:32,052 INFO  server.RaftServer$Division (RaftServerImpl.java:setConfigurationAsync(1341)) - s8@group-4CD87B055E3A: receive setConfiguration SetConfigurationRequest:client-8FB543527D95->s8@group-4CD87B055E3A, cid=1984, seq=null, RW, null, SET_UNCONDITIONALLY, servers:[s7, s8, s9, s0, s1], listeners:[]
2024-10-31 03:27:32,152 INFO  server.RaftServer$Division (RaftServerImpl.java:setConfigurationAsync(1341)) - s7@group-4CD87B055E3A: receive setConfiguration SetConfigurationRequest:client-8FB543527D95->s7@group-4CD87B055E3A, cid=1984, seq=null, RW, null, SET_UNCONDITIONALLY, servers:[s7, s8, s9, s0, s1], listeners:[]
2024-10-31 03:27:32,253 INFO  server.RaftServer$Division (RaftServerImpl.java:setConfigurationAsync(1341)) - s8@group-4CD87B055E3A: receive setConfiguration SetConfigurationRequest:client-8FB543527D95->s8@group-4CD87B055E3A, cid=1984, seq=null, RW, null, SET_UNCONDITIONALLY, servers:[s7, s8, s9, s0, s1], listeners:[]
2024-10-31 03:27:32,353 INFO  server.RaftServer$Division (RaftServerImpl.java:setConfigurationAsync(1341)) - s7@group-4CD87B055E3A: receive setConfiguration SetConfigurationRequest:client-8FB543527D95->s7@group-4CD87B055E3A, cid=1984, seq=null, RW, null, SET_UNCONDITIONALLY, servers:[s7, s8, s9, s0, s1], listeners:[]
2024-10-31 03:27:32,453 INFO  server.RaftServer$Division (RaftServerImpl.java:setConfigurationAsync(1341)) - s8@group-4CD87B055E3A: receive setConfiguration SetConfigurationRequest:client-8FB543527D95->s8@group-4CD87B055E3A, cid=1984, seq=null, RW, null, SET_UNCONDITIONALLY, servers:[s7, s8, s9, s0, s1], listeners:[]
2024-10-31 03:27:32,554 INFO  server.RaftServer$Division (RaftServerImpl.java:setConfigurationAsync(1341)) - s7@group-4CD87B055E3A: receive setConfiguration SetConfigurationRequest:client-8FB543527D95->s7@group-4CD87B055E3A, cid=1984, seq=null, RW, null, SET_UNCONDITIONALLY, servers:[s7, s8, s9, s0, s1], listeners:[]
2024-10-31 03:27:32,654 INFO  server.RaftServer$Division (RaftServerImpl.java:setConfigurationAsync(1341)) - s9@group-4CD87B055E3A: receive setConfiguration SetConfigurationRequest:client-8FB543527D95->s9@group-4CD87B055E3A, cid=1984, seq=null, RW, null, SET_UNCONDITIONALLY, servers:[s7, s8, s9, s0, s1], listeners:[]
2024-10-31 03:27:32,755 INFO  server.RaftServer$Division (RaftServerImpl.java:setConfigurationAsync(1341)) - s7@group-4CD87B055E3A: receive setConfiguration SetConfigurationRequest:client-8FB543527D95->s7@group-4CD87B055E3A, cid=1984, seq=null, RW, null, SET_UNCONDITIONALLY, servers:[s7, s8, s9, s0, s1], listeners:[]
2024-10-31 03:27:32,855 INFO  server.RaftServer$Division (RaftServerImpl.java:setConfigurationAsync(1341)) - s8@group-4CD87B055E3A: receive setConfiguration SetConfigurationRequest:client-8FB543527D95->s8@group-4CD87B055E3A, cid=1984, seq=null, RW, null, SET_UNCONDITIONALLY, servers:[s7, s8, s9, s0, s1], listeners:[]
2024-10-31 03:27:32,955 INFO  server.RaftServer$Division (RaftServerImpl.java:setConfigurationAsync(1341)) - s7@group-4CD87B055E3A: receive setConfiguration SetConfigurationRequest:client-8FB543527D95->s7@group-4CD87B055E3A, cid=1984, seq=null, RW, null, SET_UNCONDITIONALLY, servers:[s7, s8, s9, s0, s1], listeners:[]
2024-10-31 03:27:33,056 INFO  server.RaftServer$Division (RaftServerImpl.java:setConfigurationAsync(1341)) - s9@group-4CD87B055E3A: receive setConfiguration SetConfigurationRequest:client-8FB543527D95->s9@group-4CD87B055E3A, cid=1984, seq=null, RW, null, SET_UNCONDITIONALLY, servers:[s7, s8, s9, s0, s1], listeners:[]
2024-10-31 03:27:33,156 INFO  server.RaftServer$Division (RaftServerImpl.java:setConfigurationAsync(1341)) - s7@group-4CD87B055E3A: receive setConfiguration SetConfigurationRequest:client-8FB543527D95->s7@group-4CD87B055E3A, cid=1984, seq=null, RW, null, SET_UNCONDITIONALLY, servers:[s7, s8, s9, s0, s1], listeners:[]
2024-10-31 03:27:33,256 INFO  server.RaftServer$Division (RaftServerImpl.java:setConfigurationAsync(1341)) - s8@group-4CD87B055E3A: receive setConfiguration SetConfigurationRequest:client-8FB543527D95->s8@group-4CD87B055E3A, cid=1984, seq=null, RW, null, SET_UNCONDITIONALLY, servers:[s7, s8, s9, s0, s1], listeners:[]
2024-10-31 03:27:33,357 INFO  server.RaftServer$Division (RaftServerImpl.java:setConfigurationAsync(1341)) - s7@group-4CD87B055E3A: receive setConfiguration SetConfigurationRequest:client-8FB543527D95->s7@group-4CD87B055E3A, cid=1984, seq=null, RW, null, SET_UNCONDITIONALLY, servers:[s7, s8, s9, s0, s1], listeners:[]
2024-10-31 03:27:33,457 INFO  server.RaftServer$Division (RaftServerImpl.java:setConfigurationAsync(1341)) - s8@group-4CD87B055E3A: receive setConfiguration SetConfigurationRequest:client-8FB543527D95->s8@group-4CD87B055E3A, cid=1984, seq=null, RW, null, SET_UNCONDITIONALLY, servers:[s7, s8, s9, s0, s1], listeners:[]
2024-10-31 03:27:33,558 INFO  server.RaftServer$Division (RaftServerImpl.java:setConfigurationAsync(1341)) - s7@group-4CD87B055E3A: receive setConfiguration SetConfigurationRequest:client-8FB543527D95->s7@group-4CD87B055E3A, cid=1984, seq=null, RW, null, SET_UNCONDITIONALLY, servers:[s7, s8, s9, s0, s1], listeners:[]
2024-10-31 03:27:33,658 INFO  server.RaftServer$Division (RaftServerImpl.java:setConfigurationAsync(1341)) - s9@group-4CD87B055E3A: receive setConfiguration SetConfigurationRequest:client-8FB543527D95->s9@group-4CD87B055E3A, cid=1984, seq=null, RW, null, SET_UNCONDITIONALLY, servers:[s7, s8, s9, s0, s1], listeners:[]
2024-10-31 03:27:33,758 INFO  server.RaftServer$Division (RaftServerImpl.java:setConfigurationAsync(1341)) - s7@group-4CD87B055E3A: receive setConfiguration SetConfigurationRequest:client-8FB543527D95->s7@group-4CD87B055E3A, cid=1984, seq=null, RW, null, SET_UNCONDITIONALLY, servers:[s7, s8, s9, s0, s1], listeners:[]
2024-10-31 03:27:33,858 INFO  server.RaftServer$Division (RaftServerImpl.java:setConfigurationAsync(1341)) - s8@group-4CD87B055E3A: receive setConfiguration SetConfigurationRequest:client-8FB543527D95->s8@group-4CD87B055E3A, cid=1984, seq=null, RW, null, SET_UNCONDITIONALLY, servers:[s7, s8, s9, s0, s1], listeners:[]
2024-10-31 03:27:33,959 INFO  server.RaftServer$Division (RaftServerImpl.java:setConfigurationAsync(1341)) - s7@group-4CD87B055E3A: receive setConfiguration SetConfigurationRequest:client-8FB543527D95->s7@group-4CD87B055E3A, cid=1984, seq=null, RW, null, SET_UNCONDITIONALLY, servers:[s7, s8, s9, s0, s1], listeners:[]
2024-10-31 03:27:34,059 INFO  server.RaftServer$Division (RaftServerImpl.java:setConfigurationAsync(1341)) - s8@group-4CD87B055E3A: receive setConfiguration SetConfigurationRequest:client-8FB543527D95->s8@group-4CD87B055E3A, cid=1984, seq=null, RW, null, SET_UNCONDITIONALLY, servers:[s7, s8, s9, s0, s1], listeners:[]
2024-10-31 03:27:34,160 INFO  server.RaftServer$Division (RaftServerImpl.java:setConfigurationAsync(1341)) - s7@group-4CD87B055E3A: receive setConfiguration SetConfigurationRequest:client-8FB543527D95->s7@group-4CD87B055E3A, cid=1984, seq=null, RW, null, SET_UNCONDITIONALLY, servers:[s7, s8, s9, s0, s1], listeners:[]
2024-10-31 03:27:34,260 INFO  server.RaftServer$Division (RaftServerImpl.java:setConfigurationAsync(1341)) - s9@group-4CD87B055E3A: receive setConfiguration SetConfigurationRequest:client-8FB543527D95->s9@group-4CD87B055E3A, cid=1984, seq=null, RW, null, SET_UNCONDITIONALLY, servers:[s7, s8, s9, s0, s1], listeners:[]
2024-10-31 03:27:34,360 INFO  server.RaftServer$Division (RaftServerImpl.java:setConfigurationAsync(1341)) - s7@group-4CD87B055E3A: receive setConfiguration SetConfigurationRequest:client-8FB543527D95->s7@group-4CD87B055E3A, cid=1984, seq=null, RW, null, SET_UNCONDITIONALLY, servers:[s7, s8, s9, s0, s1], listeners:[]
2024-10-31 03:27:34,461 INFO  server.RaftServer$Division (RaftServerImpl.java:setConfigurationAsync(1341)) - s8@group-4CD87B055E3A: receive setConfiguration SetConfigurationRequest:client-8FB543527D95->s8@group-4CD87B055E3A, cid=1984, seq=null, RW, null, SET_UNCONDITIONALLY, servers:[s7, s8, s9, s0, s1], listeners:[]
2024-10-31 03:27:34,561 INFO  server.RaftServer$Division (RaftServerImpl.java:setConfigurationAsync(1341)) - s7@group-4CD87B055E3A: receive setConfiguration SetConfigurationRequest:client-8FB543527D95->s7@group-4CD87B055E3A, cid=1984, seq=null, RW, null, SET_UNCONDITIONALLY, servers:[s7, s8, s9, s0, s1], listeners:[]
2024-10-31 03:27:34,661 INFO  server.RaftServer$Division (RaftServerImpl.java:setConfigurationAsync(1341)) - s8@group-4CD87B055E3A: receive setConfiguration SetConfigurationRequest:client-8FB543527D95->s8@group-4CD87B055E3A, cid=1984, seq=null, RW, null, SET_UNCONDITIONALLY, servers:[s7, s8, s9, s0, s1], listeners:[]
2024-10-31 03:27:34,762 INFO  server.RaftServer$Division (RaftServerImpl.java:setConfigurationAsync(1341)) - s7@group-4CD87B055E3A: receive setConfiguration SetConfigurationRequest:client-8FB543527D95->s7@group-4CD87B055E3A, cid=1984, seq=null, RW, null, SET_UNCONDITIONALLY, servers:[s7, s8, s9, s0, s1], listeners:[]
2024-10-31 03:27:34,862 INFO  server.RaftServer$Division (RaftServerImpl.java:setConfigurationAsync(1341)) - s8@group-4CD87B055E3A: receive setConfiguration SetConfigurationRequest:client-8FB543527D95->s8@group-4CD87B055E3A, cid=1984, seq=null, RW, null, SET_UNCONDITIONALLY, servers:[s7, s8, s9, s0, s1], listeners:[]
2024-10-31 03:27:34,962 INFO  server.RaftServer$Division (RaftServerImpl.java:setConfigurationAsync(1341)) - s7@group-4CD87B055E3A: receive setConfiguration SetConfigurationRequest:client-8FB543527D95->s7@group-4CD87B055E3A, cid=1984, seq=null, RW, null, SET_UNCONDITIONALLY, servers:[s7, s8, s9, s0, s1], listeners:[]
2024-10-31 03:27:35,063 INFO  server.RaftServer$Division (RaftServerImpl.java:setConfigurationAsync(1341)) - s8@group-4CD87B055E3A: receive setConfiguration SetConfigurationRequest:client-8FB543527D95->s8@group-4CD87B055E3A, cid=1984, seq=null, RW, null, SET_UNCONDITIONALLY, servers:[s7, s8, s9, s0, s1], listeners:[]
2024-10-31 03:27:35,163 INFO  server.RaftServer$Division (RaftServerImpl.java:setConfigurationAsync(1341)) - s7@group-4CD87B055E3A: receive setConfiguration SetConfigurationRequest:client-8FB543527D95->s7@group-4CD87B055E3A, cid=1984, seq=null, RW, null, SET_UNCONDITIONALLY, servers:[s7, s8, s9, s0, s1], listeners:[]
2024-10-31 03:27:35,264 INFO  server.RaftServer$Division (RaftServerImpl.java:setConfigurationAsync(1341)) - s8@group-4CD87B055E3A: receive setConfiguration SetConfigurationRequest:client-8FB543527D95->s8@group-4CD87B055E3A, cid=1984, seq=null, RW, null, SET_UNCONDITIONALLY, servers:[s7, s8, s9, s0, s1], listeners:[]
2024-10-31 03:27:35,364 INFO  server.RaftServer$Division (RaftServerImpl.java:setConfigurationAsync(1341)) - s7@group-4CD87B055E3A: receive setConfiguration SetConfigurationRequest:client-8FB543527D95->s7@group-4CD87B055E3A, cid=1984, seq=null, RW, null, SET_UNCONDITIONALLY, servers:[s7, s8, s9, s0, s1], listeners:[]
2024-10-31 03:27:35,464 INFO  server.RaftServer$Division (RaftServerImpl.java:setConfigurationAsync(1341)) - s9@group-4CD87B055E3A: receive setConfiguration SetConfigurationRequest:client-8FB543527D95->s9@group-4CD87B055E3A, cid=1984, seq=null, RW, null, SET_UNCONDITIONALLY, servers:[s7, s8, s9, s0, s1], listeners:[]
2024-10-31 03:27:35,565 INFO  server.RaftServer$Division (RaftServerImpl.java:setConfigurationAsync(1341)) - s7@group-4CD87B055E3A: receive setConfiguration SetConfigurationRequest:client-8FB543527D95->s7@group-4CD87B055E3A, cid=1984, seq=null, RW, null, SET_UNCONDITIONALLY, servers:[s7, s8, s9, s0, s1], listeners:[]
2024-10-31 03:27:35,665 INFO  server.RaftServer$Division (RaftServerImpl.java:setConfigurationAsync(1341)) - s9@group-4CD87B055E3A: receive setConfiguration SetConfigurationRequest:client-8FB543527D95->s9@group-4CD87B055E3A, cid=1984, seq=null, RW, null, SET_UNCONDITIONALLY, servers:[s7, s8, s9, s0, s1], listeners:[]
2024-10-31 03:27:35,765 INFO  server.RaftServer$Division (RaftServerImpl.java:setConfigurationAsync(1341)) - s7@group-4CD87B055E3A: receive setConfiguration SetConfigurationRequest:client-8FB543527D95->s7@group-4CD87B055E3A, cid=1984, seq=null, RW, null, SET_UNCONDITIONALLY, servers:[s7, s8, s9, s0, s1], listeners:[]
2024-10-31 03:27:35,866 INFO  server.RaftServer$Division (RaftServerImpl.java:setConfigurationAsync(1341)) - s9@group-4CD87B055E3A: receive setConfiguration SetConfigurationRequest:client-8FB543527D95->s9@group-4CD87B055E3A, cid=1984, seq=null, RW, null, SET_UNCONDITIONALLY, servers:[s7, s8, s9, s0, s1], listeners:[]
2024-10-31 03:27:35,966 INFO  server.RaftServer$Division (RaftServerImpl.java:setConfigurationAsync(1341)) - s7@group-4CD87B055E3A: receive setConfiguration SetConfigurationRequest:client-8FB543527D95->s7@group-4CD87B055E3A, cid=1984, seq=null, RW, null, SET_UNCONDITIONALLY, servers:[s7, s8, s9, s0, s1], listeners:[]
2024-10-31 03:27:35,992 INFO  impl.MiniRaftCluster (MiniRaftCluster.java:lambda$null$7(362)) - TIMED-PRINT: printing ALL groups
  s3:  RUNNING [
   FOLLOWER s3@group-4EB49E3E6D70:t0, leader=null, voted=, raftlog=Memoized:s3@group-4EB49E3E6D70-SegmentedRaftLog:OPENED:c-1:lastnull, conf=conf: {index: -1, cur=peers:[]|listeners:[], old=null} STARTING
   FOLLOWER s3@group-4CD87B055E3A:t0, leader=null, voted=, raftlog=Memoized:s3@group-4CD87B055E3A-SegmentedRaftLog:OPENED:c-1:lastnull, conf=conf: {index: -1, cur=peers:[]|listeners:[], old=null} STARTING] size=2
  s4:  RUNNING [
   FOLLOWER s4@group-4EB49E3E6D70:t0, leader=null, voted=, raftlog=Memoized:s4@group-4EB49E3E6D70-SegmentedRaftLog:OPENED:c-1:lastnull, conf=conf: {index: -1, cur=peers:[]|listeners:[], old=null} STARTING
   FOLLOWER s4@group-4CD87B055E3A:t0, leader=null, voted=, raftlog=Memoized:s4@group-4CD87B055E3A-SegmentedRaftLog:OPENED:c-1:lastnull, conf=conf: {index: -1, cur=peers:[]|listeners:[], old=null} STARTING] size=2
  s5:  RUNNING [
   FOLLOWER s5@group-4EB49E3E6D70:t0, leader=null, voted=, raftlog=Memoized:s5@group-4EB49E3E6D70-SegmentedRaftLog:OPENED:c-1:lastnull, conf=conf: {index: -1, cur=peers:[]|listeners:[], old=null} STARTING
   FOLLOWER s5@group-4CD87B055E3A:t0, leader=null, voted=, raftlog=Memoized:s5@group-4CD87B055E3A-SegmentedRaftLog:OPENED:c-1:lastnull, conf=conf: {index: -1, cur=peers:[]|listeners:[], old=null} STARTING] size=2
  s6:  RUNNING [
   FOLLOWER s6@group-4EB49E3E6D70:t0, leader=null, voted=, raftlog=Memoized:s6@group-4EB49E3E6D70-SegmentedRaftLog:OPENED:c-1:lastnull, conf=conf: {index: -1, cur=peers:[]|listeners:[], old=null} STARTING
   FOLLOWER s6@group-4CD87B055E3A:t0, leader=null, voted=, raftlog=Memoized:s6@group-4CD87B055E3A-SegmentedRaftLog:OPENED:c-1:lastnull, conf=conf: {index: -1, cur=peers:[]|listeners:[], old=null} STARTING] size=2
  s7:  RUNNING [
   FOLLOWER s7@group-4EB49E3E6D70:t0, leader=null, voted=, raftlog=Memoized:s7@group-4EB49E3E6D70-SegmentedRaftLog:OPENED:c-1:lastnull, conf=conf: {index: -1, cur=peers:[]|listeners:[], old=null} STARTING
     LEADER s7@group-4CD87B055E3A:t1, leader=s7, voted=s7, raftlog=Memoized:s7@group-4CD87B055E3A-SegmentedRaftLog:OPENED:c120:last(t:1, i:120), conf=conf: {index: 0, cur=peers:[s7, s8, s9]|listeners:[], old=null} RUNNING] size=2
  s8:  RUNNING [
   FOLLOWER s8@group-4EB49E3E6D70:t0, leader=null, voted=, raftlog=Memoized:s8@group-4EB49E3E6D70-SegmentedRaftLog:OPENED:c-1:lastnull, conf=conf: {index: -1, cur=peers:[]|listeners:[], old=null} STARTING
   FOLLOWER s8@group-4CD87B055E3A:t1, leader=s7, voted=s7, raftlog=Memoized:s8@group-4CD87B055E3A-SegmentedRaftLog:OPENED:c120:last(t:1, i:120), conf=conf: {index: 0, cur=peers:[s7|, s8|, s9|]|listeners:[], old=null} RUNNING] size=2
  s9:  RUNNING [
   FOLLOWER s9@group-4EB49E3E6D70:t0, leader=null, voted=, raftlog=Memoized:s9@group-4EB49E3E6D70-SegmentedRaftLog:OPENED:c-1:lastnull, conf=conf: {index: -1, cur=peers:[]|listeners:[], old=null} STARTING
   FOLLOWER s9@group-4CD87B055E3A:t1, leader=s7, voted=s7, raftlog=Memoized:s9@group-4CD87B055E3A-SegmentedRaftLog:OPENED:c120:last(t:1, i:120), conf=conf: {index: 0, cur=peers:[s7|, s8|, s9|]|listeners:[], old=null} RUNNING] size=2
  s11:  RUNNING [
   FOLLOWER s11@group-4EB49E3E6D70:t0, leader=null, voted=, raftlog=Memoized:s11@group-4EB49E3E6D70-SegmentedRaftLog:OPENED:c-1:lastnull, conf=conf: {index: -1, cur=peers:[]|listeners:[], old=null} STARTING
   FOLLOWER s11@group-4CD87B055E3A:t0, leader=null, voted=, raftlog=Memoized:s11@group-4CD87B055E3A-SegmentedRaftLog:OPENED:c-1:lastnull, conf=conf: {index: -1, cur=peers:[]|listeners:[], old=null} STARTING] size=2
  s10:  RUNNING [
   FOLLOWER s10@group-4EB49E3E6D70:t0, leader=null, voted=, raftlog=Memoized:s10@group-4EB49E3E6D70-SegmentedRaftLog:OPENED:c-1:lastnull, conf=conf: {index: -1, cur=peers:[]|listeners:[], old=null} STARTING
   FOLLOWER s10@group-4CD87B055E3A:t0, leader=null, voted=, raftlog=Memoized:s10@group-4CD87B055E3A-SegmentedRaftLog:OPENED:c-1:lastnull, conf=conf: {index: -1, cur=peers:[]|listeners:[], old=null} STARTING] size=2
  s13:  RUNNING [
   FOLLOWER s13@group-4EB49E3E6D70:t0, leader=null, voted=, raftlog=Memoized:s13@group-4EB49E3E6D70-SegmentedRaftLog:OPENED:c-1:lastnull, conf=conf: {index: -1, cur=peers:[]|listeners:[], old=null} STARTING
   FOLLOWER s13@group-4CD87B055E3A:t0, leader=null, voted=, raftlog=Memoized:s13@group-4CD87B055E3A-SegmentedRaftLog:OPENED:c-1:lastnull, conf=conf: {index: -1, cur=peers:[]|listeners:[], old=null} STARTING] size=2
  s12:  RUNNING [
   FOLLOWER s12@group-4EB49E3E6D70:t0, leader=null, voted=, raftlog=Memoized:s12@group-4EB49E3E6D70-SegmentedRaftLog:OPENED:c-1:lastnull, conf=conf: {index: -1, cur=peers:[]|listeners:[], old=null} STARTING
   FOLLOWER s12@group-4CD87B055E3A:t0, leader=null, voted=, raftlog=Memoized:s12@group-4CD87B055E3A-SegmentedRaftLog:OPENED:c-1:lastnull, conf=conf: {index: -1, cur=peers:[]|listeners:[], old=null} STARTING] size=2
  s14:  RUNNING [
   FOLLOWER s14@group-4EB49E3E6D70:t0, leader=null, voted=, raftlog=Memoized:s14@group-4EB49E3E6D70-SegmentedRaftLog:OPENED:c-1:lastnull, conf=conf: {index: -1, cur=peers:[]|listeners:[], old=null} STARTING
   FOLLOWER s14@group-4CD87B055E3A:t0, leader=null, voted=, raftlog=Memoized:s14@group-4CD87B055E3A-SegmentedRaftLog:OPENED:c-1:lastnull, conf=conf: {index: -1, cur=peers:[]|listeners:[], old=null} STARTING] size=2
  s0:  RUNNING [
   FOLLOWER s0@group-4EB49E3E6D70:t0, leader=null, voted=, raftlog=Memoized:s0@group-4EB49E3E6D70-SegmentedRaftLog:OPENED:c-1:lastnull, conf=conf: {index: -1, cur=peers:[]|listeners:[], old=null} STARTING
   FOLLOWER s0@group-4CD87B055E3A:t1, leader=s7, voted=null, raftlog=Memoized:s0@group-4CD87B055E3A-SegmentedRaftLog:OPENED:c120:last(t:1, i:120), conf=conf: {index: 0, cur=peers:[s7|, s8|, s9|]|listeners:[], old=null} STARTING] size=2
  s1:  RUNNING [
   FOLLOWER s1@group-4EB49E3E6D70:t0, leader=null, voted=, raftlog=Memoized:s1@group-4EB49E3E6D70-SegmentedRaftLog:OPENED:c-1:lastnull, conf=conf: {index: -1, cur=peers:[]|listeners:[], old=null} STARTING
   FOLLOWER s1@group-4CD87B055E3A:t1, leader=s7, voted=null, raftlog=Memoized:s1@group-4CD87B055E3A-SegmentedRaftLog:OPENED:c120:last(t:1, i:120), conf=conf: {index: 0, cur=peers:[s7|, s8|, s9|]|listeners:[], old=null} STARTING] size=2
  s2:  RUNNING [
   FOLLOWER s2@group-4EB49E3E6D70:t0, leader=null, voted=, raftlog=Memoized:s2@group-4EB49E3E6D70-SegmentedRaftLog:OPENED:c-1:lastnull, conf=conf: {index: -1, cur=peers:[]|listeners:[], old=null} STARTING
   FOLLOWER s2@group-4CD87B055E3A:t0, leader=null, voted=, raftlog=Memoized:s2@group-4CD87B055E3A-SegmentedRaftLog:OPENED:c-1:lastnull, conf=conf: {index: -1, cur=peers:[]|listeners:[], old=null} STARTING] size=2
2024-10-31 03:27:36,066 INFO  server.RaftServer$Division (RaftServerImpl.java:setConfigurationAsync(1341)) - s8@group-4CD87B055E3A: receive setConfiguration SetConfigurationRequest:client-8FB543527D95->s8@group-4CD87B055E3A, cid=1984, seq=null, RW, null, SET_UNCONDITIONALLY, servers:[s7, s8, s9, s0, s1], listeners:[]
2024-10-31 03:27:36,167 INFO  server.RaftServer$Division (RaftServerImpl.java:setConfigurationAsync(1341)) - s7@group-4CD87B055E3A: receive setConfiguration SetConfigurationRequest:client-8FB543527D95->s7@group-4CD87B055E3A, cid=1984, seq=null, RW, null, SET_UNCONDITIONALLY, servers:[s7, s8, s9, s0, s1], listeners:[]
2024-10-31 03:27:36,268 INFO  server.RaftServer$Division (RaftServerImpl.java:setConfigurationAsync(1341)) - s9@group-4CD87B055E3A: receive setConfiguration SetConfigurationRequest:client-8FB543527D95->s9@group-4CD87B055E3A, cid=1984, seq=null, RW, null, SET_UNCONDITIONALLY, servers:[s7, s8, s9, s0, s1], listeners:[]
2024-10-31 03:27:36,369 INFO  server.RaftServer$Division (RaftServerImpl.java:setConfigurationAsync(1341)) - s7@group-4CD87B055E3A: receive setConfiguration SetConfigurationRequest:client-8FB543527D95->s7@group-4CD87B055E3A, cid=1984, seq=null, RW, null, SET_UNCONDITIONALLY, servers:[s7, s8, s9, s0, s1], listeners:[]
2024-10-31 03:27:36,469 INFO  server.RaftServer$Division (RaftServerImpl.java:setConfigurationAsync(1341)) - s9@group-4CD87B055E3A: receive setConfiguration SetConfigurationRequest:client-8FB543527D95->s9@group-4CD87B055E3A, cid=1984, seq=null, RW, null, SET_UNCONDITIONALLY, servers:[s7, s8, s9, s0, s1], listeners:[]
2024-10-31 03:27:36,570 INFO  server.RaftServer$Division (RaftServerImpl.java:setConfigurationAsync(1341)) - s7@group-4CD87B055E3A: receive setConfiguration SetConfigurationRequest:client-8FB543527D95->s7@group-4CD87B055E3A, cid=1984, seq=null, RW, null, SET_UNCONDITIONALLY, servers:[s7, s8, s9, s0, s1], listeners:[]
2024-10-31 03:27:36,670 INFO  server.RaftServer$Division (RaftServerImpl.java:setConfigurationAsync(1341)) - s8@group-4CD87B055E3A: receive setConfiguration SetConfigurationRequest:client-8FB543527D95->s8@group-4CD87B055E3A, cid=1984, seq=null, RW, null, SET_UNCONDITIONALLY, servers:[s7, s8, s9, s0, s1], listeners:[]
2024-10-31 03:27:36,770 INFO  server.RaftServer$Division (RaftServerImpl.java:setConfigurationAsync(1341)) - s7@group-4CD87B055E3A: receive setConfiguration SetConfigurationRequest:client-8FB543527D95->s7@group-4CD87B055E3A, cid=1984, seq=null, RW, null, SET_UNCONDITIONALLY, servers:[s7, s8, s9, s0, s1], listeners:[]
2024-10-31 03:27:36,871 INFO  server.RaftServer$Division (RaftServerImpl.java:setConfigurationAsync(1341)) - s8@group-4CD87B055E3A: receive setConfiguration SetConfigurationRequest:client-8FB543527D95->s8@group-4CD87B055E3A, cid=1984, seq=null, RW, null, SET_UNCONDITIONALLY, servers:[s7, s8, s9, s0, s1], listeners:[]
2024-10-31 03:27:36,971 INFO  server.RaftServer$Division (RaftServerImpl.java:setConfigurationAsync(1341)) - s7@group-4CD87B055E3A: receive setConfiguration SetConfigurationRequest:client-8FB543527D95->s7@group-4CD87B055E3A, cid=1984, seq=null, RW, null, SET_UNCONDITIONALLY, servers:[s7, s8, s9, s0, s1], listeners:[]
2024-10-31 03:27:37,071 INFO  server.RaftServer$Division (RaftServerImpl.java:setConfigurationAsync(1341)) - s9@group-4CD87B055E3A: receive setConfiguration SetConfigurationRequest:client-8FB543527D95->s9@group-4CD87B055E3A, cid=1984, seq=null, RW, null, SET_UNCONDITIONALLY, servers:[s7, s8, s9, s0, s1], listeners:[]
2024-10-31 03:27:37,172 INFO  server.RaftServer$Division (RaftServerImpl.java:setConfigurationAsync(1341)) - s7@group-4CD87B055E3A: receive setConfiguration SetConfigurationRequest:client-8FB543527D95->s7@group-4CD87B055E3A, cid=1984, seq=null, RW, null, SET_UNCONDITIONALLY, servers:[s7, s8, s9, s0, s1], listeners:[]
2024-10-31 03:27:37,272 INFO  server.RaftServer$Division (RaftServerImpl.java:setConfigurationAsync(1341)) - s9@group-4CD87B055E3A: receive setConfiguration SetConfigurationRequest:client-8FB543527D95->s9@group-4CD87B055E3A, cid=1984, seq=null, RW, null, SET_UNCONDITIONALLY, servers:[s7, s8, s9, s0, s1], listeners:[]
2024-10-31 03:27:37,372 INFO  server.RaftServer$Division (RaftServerImpl.java:setConfigurationAsync(1341)) - s7@group-4CD87B055E3A: receive setConfiguration SetConfigurationRequest:client-8FB543527D95->s7@group-4CD87B055E3A, cid=1984, seq=null, RW, null, SET_UNCONDITIONALLY, servers:[s7, s8, s9, s0, s1], listeners:[]
2024-10-31 03:27:37,473 INFO  server.RaftServer$Division (RaftServerImpl.java:setConfigurationAsync(1341)) - s8@group-4CD87B055E3A: receive setConfiguration SetConfigurationRequest:client-8FB543527D95->s8@group-4CD87B055E3A, cid=1984, seq=null, RW, null, SET_UNCONDITIONALLY, servers:[s7, s8, s9, s0, s1], listeners:[]
2024-10-31 03:27:37,573 INFO  server.RaftServer$Division (RaftServerImpl.java:setConfigurationAsync(1341)) - s7@group-4CD87B055E3A: receive setConfiguration SetConfigurationRequest:client-8FB543527D95->s7@group-4CD87B055E3A, cid=1984, seq=null, RW, null, SET_UNCONDITIONALLY, servers:[s7, s8, s9, s0, s1], listeners:[]
2024-10-31 03:27:37,674 INFO  server.RaftServer$Division (RaftServerImpl.java:setConfigurationAsync(1341)) - s8@group-4CD87B055E3A: receive setConfiguration SetConfigurationRequest:client-8FB543527D95->s8@group-4CD87B055E3A, cid=1984, seq=null, RW, null, SET_UNCONDITIONALLY, servers:[s7, s8, s9, s0, s1], listeners:[]
2024-10-31 03:27:37,774 INFO  server.RaftServer$Division (RaftServerImpl.java:setConfigurationAsync(1341)) - s7@group-4CD87B055E3A: receive setConfiguration SetConfigurationRequest:client-8FB543527D95->s7@group-4CD87B055E3A, cid=1984, seq=null, RW, null, SET_UNCONDITIONALLY, servers:[s7, s8, s9, s0, s1], listeners:[]
2024-10-31 03:27:37,874 INFO  server.RaftServer$Division (RaftServerImpl.java:setConfigurationAsync(1341)) - s8@group-4CD87B055E3A: receive setConfiguration SetConfigurationRequest:client-8FB543527D95->s8@group-4CD87B055E3A, cid=1984, seq=null, RW, null, SET_UNCONDITIONALLY, servers:[s7, s8, s9, s0, s1], listeners:[]
2024-10-31 03:27:37,975 INFO  server.RaftServer$Division (RaftServerImpl.java:setConfigurationAsync(1341)) - s7@group-4CD87B055E3A: receive setConfiguration SetConfigurationRequest:client-8FB543527D95->s7@group-4CD87B055E3A, cid=1984, seq=null, RW, null, SET_UNCONDITIONALLY, servers:[s7, s8, s9, s0, s1], listeners:[]
2024-10-31 03:27:38,075 INFO  server.RaftServer$Division (RaftServerImpl.java:setConfigurationAsync(1341)) - s8@group-4CD87B055E3A: receive setConfiguration SetConfigurationRequest:client-8FB543527D95->s8@group-4CD87B055E3A, cid=1984, seq=null, RW, null, SET_UNCONDITIONALLY, servers:[s7, s8, s9, s0, s1], listeners:[]
2024-10-31 03:27:38,176 INFO  server.RaftServer$Division (RaftServerImpl.java:setConfigurationAsync(1341)) - s7@group-4CD87B055E3A: receive setConfiguration SetConfigurationRequest:client-8FB543527D95->s7@group-4CD87B055E3A, cid=1984, seq=null, RW, null, SET_UNCONDITIONALLY, servers:[s7, s8, s9, s0, s1], listeners:[]
2024-10-31 03:27:38,276 INFO  server.RaftServer$Division (RaftServerImpl.java:setConfigurationAsync(1341)) - s9@group-4CD87B055E3A: receive setConfiguration SetConfigurationRequest:client-8FB543527D95->s9@group-4CD87B055E3A, cid=1984, seq=null, RW, null, SET_UNCONDITIONALLY, servers:[s7, s8, s9, s0, s1], listeners:[]
2024-10-31 03:27:38,376 INFO  server.RaftServer$Division (RaftServerImpl.java:setConfigurationAsync(1341)) - s7@group-4CD87B055E3A: receive setConfiguration SetConfigurationRequest:client-8FB543527D95->s7@group-4CD87B055E3A, cid=1984, seq=null, RW, null, SET_UNCONDITIONALLY, servers:[s7, s8, s9, s0, s1], listeners:[]
2024-10-31 03:27:38,477 INFO  server.RaftServer$Division (RaftServerImpl.java:setConfigurationAsync(1341)) - s9@group-4CD87B055E3A: receive setConfiguration SetConfigurationRequest:client-8FB543527D95->s9@group-4CD87B055E3A, cid=1984, seq=null, RW, null, SET_UNCONDITIONALLY, servers:[s7, s8, s9, s0, s1], listeners:[]
2024-10-31 03:27:38,577 INFO  server.RaftServer$Division (RaftServerImpl.java:setConfigurationAsync(1341)) - s7@group-4CD87B055E3A: receive setConfiguration SetConfigurationRequest:client-8FB543527D95->s7@group-4CD87B055E3A, cid=1984, seq=null, RW, null, SET_UNCONDITIONALLY, servers:[s7, s8, s9, s0, s1], listeners:[]
2024-10-31 03:27:38,677 INFO  server.RaftServer$Division (RaftServerImpl.java:setConfigurationAsync(1341)) - s9@group-4CD87B055E3A: receive setConfiguration SetConfigurationRequest:client-8FB543527D95->s9@group-4CD87B055E3A, cid=1984, seq=null, RW, null, SET_UNCONDITIONALLY, servers:[s7, s8, s9, s0, s1], listeners:[]
2024-10-31 03:27:38,778 INFO  server.RaftServer$Division (RaftServerImpl.java:setConfigurationAsync(1341)) - s7@group-4CD87B055E3A: receive setConfiguration SetConfigurationRequest:client-8FB543527D95->s7@group-4CD87B055E3A, cid=1984, seq=null, RW, null, SET_UNCONDITIONALLY, servers:[s7, s8, s9, s0, s1], listeners:[]
2024-10-31 03:27:38,878 INFO  server.RaftServer$Division (RaftServerImpl.java:setConfigurationAsync(1341)) - s8@group-4CD87B055E3A: receive setConfiguration SetConfigurationRequest:client-8FB543527D95->s8@group-4CD87B055E3A, cid=1984, seq=null, RW, null, SET_UNCONDITIONALLY, servers:[s7, s8, s9, s0, s1], listeners:[]
2024-10-31 03:27:38,978 INFO  server.RaftServer$Division (RaftServerImpl.java:setConfigurationAsync(1341)) - s7@group-4CD87B055E3A: receive setConfiguration SetConfigurationRequest:client-8FB543527D95->s7@group-4CD87B055E3A, cid=1984, seq=null, RW, null, SET_UNCONDITIONALLY, servers:[s7, s8, s9, s0, s1], listeners:[]
2024-10-31 03:27:39,079 INFO  server.RaftServer$Division (RaftServerImpl.java:setConfigurationAsync(1341)) - s8@group-4CD87B055E3A: receive setConfiguration SetConfigurationRequest:client-8FB543527D95->s8@group-4CD87B055E3A, cid=1984, seq=null, RW, null, SET_UNCONDITIONALLY, servers:[s7, s8, s9, s0, s1], listeners:[]
2024-10-31 03:27:39,179 INFO  server.RaftServer$Division (RaftServerImpl.java:setConfigurationAsync(1341)) - s7@group-4CD87B055E3A: receive setConfiguration SetConfigurationRequest:client-8FB543527D95->s7@group-4CD87B055E3A, cid=1984, seq=null, RW, null, SET_UNCONDITIONALLY, servers:[s7, s8, s9, s0, s1], listeners:[]
2024-10-31 03:27:39,280 INFO  server.RaftServer$Division (RaftServerImpl.java:setConfigurationAsync(1341)) - s8@group-4CD87B055E3A: receive setConfiguration SetConfigurationRequest:client-8FB543527D95->s8@group-4CD87B055E3A, cid=1984, seq=null, RW, null, SET_UNCONDITIONALLY, servers:[s7, s8, s9, s0, s1], listeners:[]
2024-10-31 03:27:39,380 INFO  server.RaftServer$Division (RaftServerImpl.java:setConfigurationAsync(1341)) - s7@group-4CD87B055E3A: receive setConfiguration SetConfigurationRequest:client-8FB543527D95->s7@group-4CD87B055E3A, cid=1984, seq=null, RW, null, SET_UNCONDITIONALLY, servers:[s7, s8, s9, s0, s1], listeners:[]
2024-10-31 03:27:39,480 INFO  server.RaftServer$Division (RaftServerImpl.java:setConfigurationAsync(1341)) - s8@group-4CD87B055E3A: receive setConfiguration SetConfigurationRequest:client-8FB543527D95->s8@group-4CD87B055E3A, cid=1984, seq=null, RW, null, SET_UNCONDITIONALLY, servers:[s7, s8, s9, s0, s1], listeners:[]
2024-10-31 03:27:39,581 INFO  server.RaftServer$Division (RaftServerImpl.java:setConfigurationAsync(1341)) - s7@group-4CD87B055E3A: receive setConfiguration SetConfigurationRequest:client-8FB543527D95->s7@group-4CD87B055E3A, cid=1984, seq=null, RW, null, SET_UNCONDITIONALLY, servers:[s7, s8, s9, s0, s1], listeners:[]
2024-10-31 03:27:39,681 INFO  server.RaftServer$Division (RaftServerImpl.java:setConfigurationAsync(1341)) - s9@group-4CD87B055E3A: receive setConfiguration SetConfigurationRequest:client-8FB543527D95->s9@group-4CD87B055E3A, cid=1984, seq=null, RW, null, SET_UNCONDITIONALLY, servers:[s7, s8, s9, s0, s1], listeners:[]
2024-10-31 03:27:39,782 INFO  server.RaftServer$Division (RaftServerImpl.java:setConfigurationAsync(1341)) - s7@group-4CD87B055E3A: receive setConfiguration SetConfigurationRequest:client-8FB543527D95->s7@group-4CD87B055E3A, cid=1984, seq=null, RW, null, SET_UNCONDITIONALLY, servers:[s7, s8, s9, s0, s1], listeners:[]
2024-10-31 03:27:39,882 INFO  server.RaftServer$Division (RaftServerImpl.java:setConfigurationAsync(1341)) - s8@group-4CD87B055E3A: receive setConfiguration SetConfigurationRequest:client-8FB543527D95->s8@group-4CD87B055E3A, cid=1984, seq=null, RW, null, SET_UNCONDITIONALLY, servers:[s7, s8, s9, s0, s1], listeners:[]
2024-10-31 03:27:39,982 INFO  server.RaftServer$Division (RaftServerImpl.java:setConfigurationAsync(1341)) - s7@group-4CD87B055E3A: receive setConfiguration SetConfigurationRequest:client-8FB543527D95->s7@group-4CD87B055E3A, cid=1984, seq=null, RW, null, SET_UNCONDITIONALLY, servers:[s7, s8, s9, s0, s1], listeners:[]
2024-10-31 03:27:40,083 INFO  server.RaftServer$Division (RaftServerImpl.java:setConfigurationAsync(1341)) - s8@group-4CD87B055E3A: receive setConfiguration SetConfigurationRequest:client-8FB543527D95->s8@group-4CD87B055E3A, cid=1984, seq=null, RW, null, SET_UNCONDITIONALLY, servers:[s7, s8, s9, s0, s1], listeners:[]
2024-10-31 03:27:40,183 INFO  server.RaftServer$Division (RaftServerImpl.java:setConfigurationAsync(1341)) - s7@group-4CD87B055E3A: receive setConfiguration SetConfigurationRequest:client-8FB543527D95->s7@group-4CD87B055E3A, cid=1984, seq=null, RW, null, SET_UNCONDITIONALLY, servers:[s7, s8, s9, s0, s1], listeners:[]
2024-10-31 03:27:40,283 INFO  server.RaftServer$Division (RaftServerImpl.java:setConfigurationAsync(1341)) - s9@group-4CD87B055E3A: receive setConfiguration SetConfigurationRequest:client-8FB543527D95->s9@group-4CD87B055E3A, cid=1984, seq=null, RW, null, SET_UNCONDITIONALLY, servers:[s7, s8, s9, s0, s1], listeners:[]
2024-10-31 03:27:40,384 INFO  server.RaftServer$Division (RaftServerImpl.java:setConfigurationAsync(1341)) - s7@group-4CD87B055E3A: receive setConfiguration SetConfigurationRequest:client-8FB543527D95->s7@group-4CD87B055E3A, cid=1984, seq=null, RW, null, SET_UNCONDITIONALLY, servers:[s7, s8, s9, s0, s1], listeners:[]
2024-10-31 03:27:40,484 INFO  server.RaftServer$Division (RaftServerImpl.java:setConfigurationAsync(1341)) - s9@group-4CD87B055E3A: receive setConfiguration SetConfigurationRequest:client-8FB543527D95->s9@group-4CD87B055E3A, cid=1984, seq=null, RW, null, SET_UNCONDITIONALLY, servers:[s7, s8, s9, s0, s1], listeners:[]
2024-10-31 03:27:40,585 INFO  server.RaftServer$Division (RaftServerImpl.java:setConfigurationAsync(1341)) - s7@group-4CD87B055E3A: receive setConfiguration SetConfigurationRequest:client-8FB543527D95->s7@group-4CD87B055E3A, cid=1984, seq=null, RW, null, SET_UNCONDITIONALLY, servers:[s7, s8, s9, s0, s1], listeners:[]
2024-10-31 03:27:40,685 INFO  server.RaftServer$Division (RaftServerImpl.java:setConfigurationAsync(1341)) - s9@group-4CD87B055E3A: receive setConfiguration SetConfigurationRequest:client-8FB543527D95->s9@group-4CD87B055E3A, cid=1984, seq=null, RW, null, SET_UNCONDITIONALLY, servers:[s7, s8, s9, s0, s1], listeners:[]
2024-10-31 03:27:40,785 INFO  server.RaftServer$Division (RaftServerImpl.java:setConfigurationAsync(1341)) - s7@group-4CD87B055E3A: receive setConfiguration SetConfigurationRequest:client-8FB543527D95->s7@group-4CD87B055E3A, cid=1984, seq=null, RW, null, SET_UNCONDITIONALLY, servers:[s7, s8, s9, s0, s1], listeners:[]
2024-10-31 03:27:40,886 INFO  server.RaftServer$Division (RaftServerImpl.java:setConfigurationAsync(1341)) - s9@group-4CD87B055E3A: receive setConfiguration SetConfigurationRequest:client-8FB543527D95->s9@group-4CD87B055E3A, cid=1984, seq=null, RW, null, SET_UNCONDITIONALLY, servers:[s7, s8, s9, s0, s1], listeners:[]
2024-10-31 03:27:40,986 INFO  server.RaftServer$Division (RaftServerImpl.java:setConfigurationAsync(1341)) - s7@group-4CD87B055E3A: receive setConfiguration SetConfigurationRequest:client-8FB543527D95->s7@group-4CD87B055E3A, cid=1984, seq=null, RW, null, SET_UNCONDITIONALLY, servers:[s7, s8, s9, s0, s1], listeners:[]
2024-10-31 03:27:41,086 INFO  server.RaftServer$Division (RaftServerImpl.java:setConfigurationAsync(1341)) - s8@group-4CD87B055E3A: receive setConfiguration SetConfigurationRequest:client-8FB543527D95->s8@group-4CD87B055E3A, cid=1984, seq=null, RW, null, SET_UNCONDITIONALLY, servers:[s7, s8, s9, s0, s1], listeners:[]
2024-10-31 03:27:41,187 INFO  server.RaftServer$Division (RaftServerImpl.java:setConfigurationAsync(1341)) - s7@group-4CD87B055E3A: receive setConfiguration SetConfigurationRequest:client-8FB543527D95->s7@group-4CD87B055E3A, cid=1984, seq=null, RW, null, SET_UNCONDITIONALLY, servers:[s7, s8, s9, s0, s1], listeners:[]
2024-10-31 03:27:41,287 INFO  server.RaftServer$Division (RaftServerImpl.java:setConfigurationAsync(1341)) - s8@group-4CD87B055E3A: receive setConfiguration SetConfigurationRequest:client-8FB543527D95->s8@group-4CD87B055E3A, cid=1984, seq=null, RW, null, SET_UNCONDITIONALLY, servers:[s7, s8, s9, s0, s1], listeners:[]
2024-10-31 03:27:41,387 INFO  server.RaftServer$Division (RaftServerImpl.java:setConfigurationAsync(1341)) - s7@group-4CD87B055E3A: receive setConfiguration SetConfigurationRequest:client-8FB543527D95->s7@group-4CD87B055E3A, cid=1984, seq=null, RW, null, SET_UNCONDITIONALLY, servers:[s7, s8, s9, s0, s1], listeners:[]
2024-10-31 03:27:41,488 INFO  server.RaftServer$Division (RaftServerImpl.java:setConfigurationAsync(1341)) - s8@group-4CD87B055E3A: receive setConfiguration SetConfigurationRequest:client-8FB543527D95->s8@group-4CD87B055E3A, cid=1984, seq=null, RW, null, SET_UNCONDITIONALLY, servers:[s7, s8, s9, s0, s1], listeners:[]
2024-10-31 03:27:41,588 INFO  server.RaftServer$Division (RaftServerImpl.java:setConfigurationAsync(1341)) - s7@group-4CD87B055E3A: receive setConfiguration SetConfigurationRequest:client-8FB543527D95->s7@group-4CD87B055E3A, cid=1984, seq=null, RW, null, SET_UNCONDITIONALLY, servers:[s7, s8, s9, s0, s1], listeners:[]
2024-10-31 03:27:41,688 INFO  server.RaftServer$Division (RaftServerImpl.java:setConfigurationAsync(1341)) - s9@group-4CD87B055E3A: receive setConfiguration SetConfigurationRequest:client-8FB543527D95->s9@group-4CD87B055E3A, cid=1984, seq=null, RW, null, SET_UNCONDITIONALLY, servers:[s7, s8, s9, s0, s1], listeners:[]
2024-10-31 03:27:41,788 INFO  server.RaftServer$Division (RaftServerImpl.java:setConfigurationAsync(1341)) - s7@group-4CD87B055E3A: receive setConfiguration SetConfigurationRequest:client-8FB543527D95->s7@group-4CD87B055E3A, cid=1984, seq=null, RW, null, SET_UNCONDITIONALLY, servers:[s7, s8, s9, s0, s1], listeners:[]
2024-10-31 03:27:41,889 INFO  server.RaftServer$Division (RaftServerImpl.java:setConfigurationAsync(1341)) - s9@group-4CD87B055E3A: receive setConfiguration SetConfigurationRequest:client-8FB543527D95->s9@group-4CD87B055E3A, cid=1984, seq=null, RW, null, SET_UNCONDITIONALLY, servers:[s7, s8, s9, s0, s1], listeners:[]
2024-10-31 03:27:41,989 INFO  server.RaftServer$Division (RaftServerImpl.java:setConfigurationAsync(1341)) - s7@group-4CD87B055E3A: receive setConfiguration SetConfigurationRequest:client-8FB543527D95->s7@group-4CD87B055E3A, cid=1984, seq=null, RW, null, SET_UNCONDITIONALLY, servers:[s7, s8, s9, s0, s1], listeners:[]
2024-10-31 03:27:42,089 INFO  server.RaftServer$Division (RaftServerImpl.java:setConfigurationAsync(1341)) - s8@group-4CD87B055E3A: receive setConfiguration SetConfigurationRequest:client-8FB543527D95->s8@group-4CD87B055E3A, cid=1984, seq=null, RW, null, SET_UNCONDITIONALLY, servers:[s7, s8, s9, s0, s1], listeners:[]
2024-10-31 03:27:42,190 INFO  server.RaftServer$Division (RaftServerImpl.java:setConfigurationAsync(1341)) - s7@group-4CD87B055E3A: receive setConfiguration SetConfigurationRequest:client-8FB543527D95->s7@group-4CD87B055E3A, cid=1984, seq=null, RW, null, SET_UNCONDITIONALLY, servers:[s7, s8, s9, s0, s1], listeners:[]
2024-10-31 03:27:42,290 INFO  server.RaftServer$Division (RaftServerImpl.java:setConfigurationAsync(1341)) - s8@group-4CD87B055E3A: receive setConfiguration SetConfigurationRequest:client-8FB543527D95->s8@group-4CD87B055E3A, cid=1984, seq=null, RW, null, SET_UNCONDITIONALLY, servers:[s7, s8, s9, s0, s1], listeners:[]
2024-10-31 03:27:42,390 INFO  server.RaftServer$Division (RaftServerImpl.java:setConfigurationAsync(1341)) - s7@group-4CD87B055E3A: receive setConfiguration SetConfigurationRequest:client-8FB543527D95->s7@group-4CD87B055E3A, cid=1984, seq=null, RW, null, SET_UNCONDITIONALLY, servers:[s7, s8, s9, s0, s1], listeners:[]
2024-10-31 03:27:42,491 INFO  server.RaftServer$Division (RaftServerImpl.java:setConfigurationAsync(1341)) - s9@group-4CD87B055E3A: receive setConfiguration SetConfigurationRequest:client-8FB543527D95->s9@group-4CD87B055E3A, cid=1984, seq=null, RW, null, SET_UNCONDITIONALLY, servers:[s7, s8, s9, s0, s1], listeners:[]
2024-10-31 03:27:42,591 INFO  server.RaftServer$Division (RaftServerImpl.java:setConfigurationAsync(1341)) - s7@group-4CD87B055E3A: receive setConfiguration SetConfigurationRequest:client-8FB543527D95->s7@group-4CD87B055E3A, cid=1984, seq=null, RW, null, SET_UNCONDITIONALLY, servers:[s7, s8, s9, s0, s1], listeners:[]
2024-10-31 03:27:42,692 INFO  server.RaftServer$Division (RaftServerImpl.java:setConfigurationAsync(1341)) - s8@group-4CD87B055E3A: receive setConfiguration SetConfigurationRequest:client-8FB543527D95->s8@group-4CD87B055E3A, cid=1984, seq=null, RW, null, SET_UNCONDITIONALLY, servers:[s7, s8, s9, s0, s1], listeners:[]
2024-10-31 03:27:42,792 INFO  server.RaftServer$Division (RaftServerImpl.java:setConfigurationAsync(1341)) - s7@group-4CD87B055E3A: receive setConfiguration SetConfigurationRequest:client-8FB543527D95->s7@group-4CD87B055E3A, cid=1984, seq=null, RW, null, SET_UNCONDITIONALLY, servers:[s7, s8, s9, s0, s1], listeners:[]
2024-10-31 03:27:42,892 INFO  server.RaftServer$Division (RaftServerImpl.java:setConfigurationAsync(1341)) - s8@group-4CD87B055E3A: receive setConfiguration SetConfigurationRequest:client-8FB543527D95->s8@group-4CD87B055E3A, cid=1984, seq=null, RW, null, SET_UNCONDITIONALLY, servers:[s7, s8, s9, s0, s1], listeners:[]
2024-10-31 03:27:42,993 INFO  server.RaftServer$Division (RaftServerImpl.java:setConfigurationAsync(1341)) - s7@group-4CD87B055E3A: receive setConfiguration SetConfigurationRequest:client-8FB543527D95->s7@group-4CD87B055E3A, cid=1984, seq=null, RW, null, SET_UNCONDITIONALLY, servers:[s7, s8, s9, s0, s1], listeners:[]
2024-10-31 03:27:43,093 INFO  server.RaftServer$Division (RaftServerImpl.java:setConfigurationAsync(1341)) - s8@group-4CD87B055E3A: receive setConfiguration SetConfigurationRequest:client-8FB543527D95->s8@group-4CD87B055E3A, cid=1984, seq=null, RW, null, SET_UNCONDITIONALLY, servers:[s7, s8, s9, s0, s1], listeners:[]
2024-10-31 03:27:43,194 INFO  server.RaftServer$Division (RaftServerImpl.java:setConfigurationAsync(1341)) - s7@group-4CD87B055E3A: receive setConfiguration SetConfigurationRequest:client-8FB543527D95->s7@group-4CD87B055E3A, cid=1984, seq=null, RW, null, SET_UNCONDITIONALLY, servers:[s7, s8, s9, s0, s1], listeners:[]
2024-10-31 03:27:43,294 INFO  server.RaftServer$Division (RaftServerImpl.java:setConfigurationAsync(1341)) - s8@group-4CD87B055E3A: receive setConfiguration SetConfigurationRequest:client-8FB543527D95->s8@group-4CD87B055E3A, cid=1984, seq=null, RW, null, SET_UNCONDITIONALLY, servers:[s7, s8, s9, s0, s1], listeners:[]
2024-10-31 03:27:43,395 INFO  server.RaftServer$Division (RaftServerImpl.java:setConfigurationAsync(1341)) - s7@group-4CD87B055E3A: receive setConfiguration SetConfigurationRequest:client-8FB543527D95->s7@group-4CD87B055E3A, cid=1984, seq=null, RW, null, SET_UNCONDITIONALLY, servers:[s7, s8, s9, s0, s1], listeners:[]
2024-10-31 03:27:43,495 INFO  server.RaftServer$Division (RaftServerImpl.java:setConfigurationAsync(1341)) - s8@group-4CD87B055E3A: receive setConfiguration SetConfigurationRequest:client-8FB543527D95->s8@group-4CD87B055E3A, cid=1984, seq=null, RW, null, SET_UNCONDITIONALLY, servers:[s7, s8, s9, s0, s1], listeners:[]
2024-10-31 03:27:43,595 INFO  server.RaftServer$Division (RaftServerImpl.java:setConfigurationAsync(1341)) - s7@group-4CD87B055E3A: receive setConfiguration SetConfigurationRequest:client-8FB543527D95->s7@group-4CD87B055E3A, cid=1984, seq=null, RW, null, SET_UNCONDITIONALLY, servers:[s7, s8, s9, s0, s1], listeners:[]
2024-10-31 03:27:43,696 INFO  server.RaftServer$Division (RaftServerImpl.java:setConfigurationAsync(1341)) - s9@group-4CD87B055E3A: receive setConfiguration SetConfigurationRequest:client-8FB543527D95->s9@group-4CD87B055E3A, cid=1984, seq=null, RW, null, SET_UNCONDITIONALLY, servers:[s7, s8, s9, s0, s1], listeners:[]
2024-10-31 03:27:43,796 INFO  server.RaftServer$Division (RaftServerImpl.java:setConfigurationAsync(1341)) - s7@group-4CD87B055E3A: receive setConfiguration SetConfigurationRequest:client-8FB543527D95->s7@group-4CD87B055E3A, cid=1984, seq=null, RW, null, SET_UNCONDITIONALLY, servers:[s7, s8, s9, s0, s1], listeners:[]
2024-10-31 03:27:43,897 INFO  server.RaftServer$Division (RaftServerImpl.java:setConfigurationAsync(1341)) - s9@group-4CD87B055E3A: receive setConfiguration SetConfigurationRequest:client-8FB543527D95->s9@group-4CD87B055E3A, cid=1984, seq=null, RW, null, SET_UNCONDITIONALLY, servers:[s7, s8, s9, s0, s1], listeners:[]
2024-10-31 03:27:43,997 INFO  server.RaftServer$Division (RaftServerImpl.java:setConfigurationAsync(1341)) - s7@group-4CD87B055E3A: receive setConfiguration SetConfigurationRequest:client-8FB543527D95->s7@group-4CD87B055E3A, cid=1984, seq=null, RW, null, SET_UNCONDITIONALLY, servers:[s7, s8, s9, s0, s1], listeners:[]
2024-10-31 03:27:44,097 INFO  server.RaftServer$Division (RaftServerImpl.java:setConfigurationAsync(1341)) - s8@group-4CD87B055E3A: receive setConfiguration SetConfigurationRequest:client-8FB543527D95->s8@group-4CD87B055E3A, cid=1984, seq=null, RW, null, SET_UNCONDITIONALLY, servers:[s7, s8, s9, s0, s1], listeners:[]
2024-10-31 03:27:44,198 INFO  server.RaftServer$Division (RaftServerImpl.java:setConfigurationAsync(1341)) - s7@group-4CD87B055E3A: receive setConfiguration SetConfigurationRequest:client-8FB543527D95->s7@group-4CD87B055E3A, cid=1984, seq=null, RW, null, SET_UNCONDITIONALLY, servers:[s7, s8, s9, s0, s1], listeners:[]
2024-10-31 03:27:44,298 INFO  server.RaftServer$Division (RaftServerImpl.java:setConfigurationAsync(1341)) - s9@group-4CD87B055E3A: receive setConfiguration SetConfigurationRequest:client-8FB543527D95->s9@group-4CD87B055E3A, cid=1984, seq=null, RW, null, SET_UNCONDITIONALLY, servers:[s7, s8, s9, s0, s1], listeners:[]
2024-10-31 03:27:44,399 INFO  server.RaftServer$Division (RaftServerImpl.java:setConfigurationAsync(1341)) - s7@group-4CD87B055E3A: receive setConfiguration SetConfigurationRequest:client-8FB543527D95->s7@group-4CD87B055E3A, cid=1984, seq=null, RW, null, SET_UNCONDITIONALLY, servers:[s7, s8, s9, s0, s1], listeners:[]
2024-10-31 03:27:44,499 INFO  server.RaftServer$Division (RaftServerImpl.java:setConfigurationAsync(1341)) - s9@group-4CD87B055E3A: receive setConfiguration SetConfigurationRequest:client-8FB543527D95->s9@group-4CD87B055E3A, cid=1984, seq=null, RW, null, SET_UNCONDITIONALLY, servers:[s7, s8, s9, s0, s1], listeners:[]
2024-10-31 03:27:44,599 INFO  server.RaftServer$Division (RaftServerImpl.java:setConfigurationAsync(1341)) - s7@group-4CD87B055E3A: receive setConfiguration SetConfigurationRequest:client-8FB543527D95->s7@group-4CD87B055E3A, cid=1984, seq=null, RW, null, SET_UNCONDITIONALLY, servers:[s7, s8, s9, s0, s1], listeners:[]
2024-10-31 03:27:44,700 INFO  server.RaftServer$Division (RaftServerImpl.java:setConfigurationAsync(1341)) - s8@group-4CD87B055E3A: receive setConfiguration SetConfigurationRequest:client-8FB543527D95->s8@group-4CD87B055E3A, cid=1984, seq=null, RW, null, SET_UNCONDITIONALLY, servers:[s7, s8, s9, s0, s1], listeners:[]
2024-10-31 03:27:44,800 INFO  server.RaftServer$Division (RaftServerImpl.java:setConfigurationAsync(1341)) - s7@group-4CD87B055E3A: receive setConfiguration SetConfigurationRequest:client-8FB543527D95->s7@group-4CD87B055E3A, cid=1984, seq=null, RW, null, SET_UNCONDITIONALLY, servers:[s7, s8, s9, s0, s1], listeners:[]
2024-10-31 03:27:44,900 INFO  server.RaftServer$Division (RaftServerImpl.java:setConfigurationAsync(1341)) - s9@group-4CD87B055E3A: receive setConfiguration SetConfigurationRequest:client-8FB543527D95->s9@group-4CD87B055E3A, cid=1984, seq=null, RW, null, SET_UNCONDITIONALLY, servers:[s7, s8, s9, s0, s1], listeners:[]
2024-10-31 03:27:45,001 INFO  server.RaftServer$Division (RaftServerImpl.java:setConfigurationAsync(1341)) - s7@group-4CD87B055E3A: receive setConfiguration SetConfigurationRequest:client-8FB543527D95->s7@group-4CD87B055E3A, cid=1984, seq=null, RW, null, SET_UNCONDITIONALLY, servers:[s7, s8, s9, s0, s1], listeners:[]
2024-10-31 03:27:45,101 INFO  server.RaftServer$Division (RaftServerImpl.java:setConfigurationAsync(1341)) - s9@group-4CD87B055E3A: receive setConfiguration SetConfigurationRequest:client-8FB543527D95->s9@group-4CD87B055E3A, cid=1984, seq=null, RW, null, SET_UNCONDITIONALLY, servers:[s7, s8, s9, s0, s1], listeners:[]
2024-10-31 03:27:45,201 INFO  server.RaftServer$Division (RaftServerImpl.java:setConfigurationAsync(1341)) - s7@group-4CD87B055E3A: receive setConfiguration SetConfigurationRequest:client-8FB543527D95->s7@group-4CD87B055E3A, cid=1984, seq=null, RW, null, SET_UNCONDITIONALLY, servers:[s7, s8, s9, s0, s1], listeners:[]
2024-10-31 03:27:45,302 INFO  server.RaftServer$Division (RaftServerImpl.java:setConfigurationAsync(1341)) - s8@group-4CD87B055E3A: receive setConfiguration SetConfigurationRequest:client-8FB543527D95->s8@group-4CD87B055E3A, cid=1984, seq=null, RW, null, SET_UNCONDITIONALLY, servers:[s7, s8, s9, s0, s1], listeners:[]
2024-10-31 03:27:45,402 INFO  server.RaftServer$Division (RaftServerImpl.java:setConfigurationAsync(1341)) - s7@group-4CD87B055E3A: receive setConfiguration SetConfigurationRequest:client-8FB543527D95->s7@group-4CD87B055E3A, cid=1984, seq=null, RW, null, SET_UNCONDITIONALLY, servers:[s7, s8, s9, s0, s1], listeners:[]
2024-10-31 03:27:45,502 INFO  server.RaftServer$Division (RaftServerImpl.java:setConfigurationAsync(1341)) - s8@group-4CD87B055E3A: receive setConfiguration SetConfigurationRequest:client-8FB543527D95->s8@group-4CD87B055E3A, cid=1984, seq=null, RW, null, SET_UNCONDITIONALLY, servers:[s7, s8, s9, s0, s1], listeners:[]
2024-10-31 03:27:45,603 INFO  server.RaftServer$Division (RaftServerImpl.java:setConfigurationAsync(1341)) - s7@group-4CD87B055E3A: receive setConfiguration SetConfigurationRequest:client-8FB543527D95->s7@group-4CD87B055E3A, cid=1984, seq=null, RW, null, SET_UNCONDITIONALLY, servers:[s7, s8, s9, s0, s1], listeners:[]
2024-10-31 03:27:45,703 INFO  server.RaftServer$Division (RaftServerImpl.java:setConfigurationAsync(1341)) - s8@group-4CD87B055E3A: receive setConfiguration SetConfigurationRequest:client-8FB543527D95->s8@group-4CD87B055E3A, cid=1984, seq=null, RW, null, SET_UNCONDITIONALLY, servers:[s7, s8, s9, s0, s1], listeners:[]
2024-10-31 03:27:45,803 INFO  server.RaftServer$Division (RaftServerImpl.java:setConfigurationAsync(1341)) - s7@group-4CD87B055E3A: receive setConfiguration SetConfigurationRequest:client-8FB543527D95->s7@group-4CD87B055E3A, cid=1984, seq=null, RW, null, SET_UNCONDITIONALLY, servers:[s7, s8, s9, s0, s1], listeners:[]
2024-10-31 03:27:45,904 INFO  server.RaftServer$Division (RaftServerImpl.java:setConfigurationAsync(1341)) - s9@group-4CD87B055E3A: receive setConfiguration SetConfigurationRequest:client-8FB543527D95->s9@group-4CD87B055E3A, cid=1984, seq=null, RW, null, SET_UNCONDITIONALLY, servers:[s7, s8, s9, s0, s1], listeners:[]
2024-10-31 03:27:45,993 INFO  impl.MiniRaftCluster (MiniRaftCluster.java:lambda$null$7(362)) - TIMED-PRINT: printing ALL groups
  s3:  RUNNING [
   FOLLOWER s3@group-4EB49E3E6D70:t0, leader=null, voted=, raftlog=Memoized:s3@group-4EB49E3E6D70-SegmentedRaftLog:OPENED:c-1:lastnull, conf=conf: {index: -1, cur=peers:[]|listeners:[], old=null} STARTING
   FOLLOWER s3@group-4CD87B055E3A:t0, leader=null, voted=, raftlog=Memoized:s3@group-4CD87B055E3A-SegmentedRaftLog:OPENED:c-1:lastnull, conf=conf: {index: -1, cur=peers:[]|listeners:[], old=null} STARTING] size=2
  s4:  RUNNING [
   FOLLOWER s4@group-4EB49E3E6D70:t0, leader=null, voted=, raftlog=Memoized:s4@group-4EB49E3E6D70-SegmentedRaftLog:OPENED:c-1:lastnull, conf=conf: {index: -1, cur=peers:[]|listeners:[], old=null} STARTING
   FOLLOWER s4@group-4CD87B055E3A:t0, leader=null, voted=, raftlog=Memoized:s4@group-4CD87B055E3A-SegmentedRaftLog:OPENED:c-1:lastnull, conf=conf: {index: -1, cur=peers:[]|listeners:[], old=null} STARTING] size=2
  s5:  RUNNING [
   FOLLOWER s5@group-4EB49E3E6D70:t0, leader=null, voted=, raftlog=Memoized:s5@group-4EB49E3E6D70-SegmentedRaftLog:OPENED:c-1:lastnull, conf=conf: {index: -1, cur=peers:[]|listeners:[], old=null} STARTING
   FOLLOWER s5@group-4CD87B055E3A:t0, leader=null, voted=, raftlog=Memoized:s5@group-4CD87B055E3A-SegmentedRaftLog:OPENED:c-1:lastnull, conf=conf: {index: -1, cur=peers:[]|listeners:[], old=null} STARTING] size=2
  s6:  RUNNING [
   FOLLOWER s6@group-4EB49E3E6D70:t0, leader=null, voted=, raftlog=Memoized:s6@group-4EB49E3E6D70-SegmentedRaftLog:OPENED:c-1:lastnull, conf=conf: {index: -1, cur=peers:[]|listeners:[], old=null} STARTING
   FOLLOWER s6@group-4CD87B055E3A:t0, leader=null, voted=, raftlog=Memoized:s6@group-4CD87B055E3A-SegmentedRaftLog:OPENED:c-1:lastnull, conf=conf: {index: -1, cur=peers:[]|listeners:[], old=null} STARTING] size=2
  s7:  RUNNING [
   FOLLOWER s7@group-4EB49E3E6D70:t0, leader=null, voted=, raftlog=Memoized:s7@group-4EB49E3E6D70-SegmentedRaftLog:OPENED:c-1:lastnull, conf=conf: {index: -1, cur=peers:[]|listeners:[], old=null} STARTING
     LEADER s7@group-4CD87B055E3A:t1, leader=s7, voted=s7, raftlog=Memoized:s7@group-4CD87B055E3A-SegmentedRaftLog:OPENED:c120:last(t:1, i:120), conf=conf: {index: 0, cur=peers:[s7, s8, s9]|listeners:[], old=null} RUNNING] size=2
  s8:  RUNNING [
   FOLLOWER s8@group-4EB49E3E6D70:t0, leader=null, voted=, raftlog=Memoized:s8@group-4EB49E3E6D70-SegmentedRaftLog:OPENED:c-1:lastnull, conf=conf: {index: -1, cur=peers:[]|listeners:[], old=null} STARTING
   FOLLOWER s8@group-4CD87B055E3A:t1, leader=s7, voted=s7, raftlog=Memoized:s8@group-4CD87B055E3A-SegmentedRaftLog:OPENED:c120:last(t:1, i:120), conf=conf: {index: 0, cur=peers:[s7|, s8|, s9|]|listeners:[], old=null} RUNNING] size=2
  s9:  RUNNING [
   FOLLOWER s9@group-4EB49E3E6D70:t0, leader=null, voted=, raftlog=Memoized:s9@group-4EB49E3E6D70-SegmentedRaftLog:OPENED:c-1:lastnull, conf=conf: {index: -1, cur=peers:[]|listeners:[], old=null} STARTING
   FOLLOWER s9@group-4CD87B055E3A:t1, leader=s7, voted=s7, raftlog=Memoized:s9@group-4CD87B055E3A-SegmentedRaftLog:OPENED:c120:last(t:1, i:120), conf=conf: {index: 0, cur=peers:[s7|, s8|, s9|]|listeners:[], old=null} RUNNING] size=2
  s11:  RUNNING [
   FOLLOWER s11@group-4EB49E3E6D70:t0, leader=null, voted=, raftlog=Memoized:s11@group-4EB49E3E6D70-SegmentedRaftLog:OPENED:c-1:lastnull, conf=conf: {index: -1, cur=peers:[]|listeners:[], old=null} STARTING
   FOLLOWER s11@group-4CD87B055E3A:t0, leader=null, voted=, raftlog=Memoized:s11@group-4CD87B055E3A-SegmentedRaftLog:OPENED:c-1:lastnull, conf=conf: {index: -1, cur=peers:[]|listeners:[], old=null} STARTING] size=2
  s10:  RUNNING [
   FOLLOWER s10@group-4EB49E3E6D70:t0, leader=null, voted=, raftlog=Memoized:s10@group-4EB49E3E6D70-SegmentedRaftLog:OPENED:c-1:lastnull, conf=conf: {index: -1, cur=peers:[]|listeners:[], old=null} STARTING
   FOLLOWER s10@group-4CD87B055E3A:t0, leader=null, voted=, raftlog=Memoized:s10@group-4CD87B055E3A-SegmentedRaftLog:OPENED:c-1:lastnull, conf=conf: {index: -1, cur=peers:[]|listeners:[], old=null} STARTING] size=2
  s13:  RUNNING [
   FOLLOWER s13@group-4EB49E3E6D70:t0, leader=null, voted=, raftlog=Memoized:s13@group-4EB49E3E6D70-SegmentedRaftLog:OPENED:c-1:lastnull, conf=conf: {index: -1, cur=peers:[]|listeners:[], old=null} STARTING
   FOLLOWER s13@group-4CD87B055E3A:t0, leader=null, voted=, raftlog=Memoized:s13@group-4CD87B055E3A-SegmentedRaftLog:OPENED:c-1:lastnull, conf=conf: {index: -1, cur=peers:[]|listeners:[], old=null} STARTING] size=2
  s12:  RUNNING [
   FOLLOWER s12@group-4EB49E3E6D70:t0, leader=null, voted=, raftlog=Memoized:s12@group-4EB49E3E6D70-SegmentedRaftLog:OPENED:c-1:lastnull, conf=conf: {index: -1, cur=peers:[]|listeners:[], old=null} STARTING
   FOLLOWER s12@group-4CD87B055E3A:t0, leader=null, voted=, raftlog=Memoized:s12@group-4CD87B055E3A-SegmentedRaftLog:OPENED:c-1:lastnull, conf=conf: {index: -1, cur=peers:[]|listeners:[], old=null} STARTING] size=2
  s14:  RUNNING [
   FOLLOWER s14@group-4EB49E3E6D70:t0, leader=null, voted=, raftlog=Memoized:s14@group-4EB49E3E6D70-SegmentedRaftLog:OPENED:c-1:lastnull, conf=conf: {index: -1, cur=peers:[]|listeners:[], old=null} STARTING
   FOLLOWER s14@group-4CD87B055E3A:t0, leader=null, voted=, raftlog=Memoized:s14@group-4CD87B055E3A-SegmentedRaftLog:OPENED:c-1:lastnull, conf=conf: {index: -1, cur=peers:[]|listeners:[], old=null} STARTING] size=2
  s0:  RUNNING [
   FOLLOWER s0@group-4EB49E3E6D70:t0, leader=null, voted=, raftlog=Memoized:s0@group-4EB49E3E6D70-SegmentedRaftLog:OPENED:c-1:lastnull, conf=conf: {index: -1, cur=peers:[]|listeners:[], old=null} STARTING
   FOLLOWER s0@group-4CD87B055E3A:t1, leader=s7, voted=null, raftlog=Memoized:s0@group-4CD87B055E3A-SegmentedRaftLog:OPENED:c120:last(t:1, i:120), conf=conf: {index: 0, cur=peers:[s7|, s8|, s9|]|listeners:[], old=null} STARTING] size=2
  s1:  RUNNING [
   FOLLOWER s1@group-4EB49E3E6D70:t0, leader=null, voted=, raftlog=Memoized:s1@group-4EB49E3E6D70-SegmentedRaftLog:OPENED:c-1:lastnull, conf=conf: {index: -1, cur=peers:[]|listeners:[], old=null} STARTING
   FOLLOWER s1@group-4CD87B055E3A:t1, leader=s7, voted=null, raftlog=Memoized:s1@group-4CD87B055E3A-SegmentedRaftLog:OPENED:c120:last(t:1, i:120), conf=conf: {index: 0, cur=peers:[s7|, s8|, s9|]|listeners:[], old=null} STARTING] size=2
  s2:  RUNNING [
   FOLLOWER s2@group-4EB49E3E6D70:t0, leader=null, voted=, raftlog=Memoized:s2@group-4EB49E3E6D70-SegmentedRaftLog:OPENED:c-1:lastnull, conf=conf: {index: -1, cur=peers:[]|listeners:[], old=null} STARTING
   FOLLOWER s2@group-4CD87B055E3A:t0, leader=null, voted=, raftlog=Memoized:s2@group-4CD87B055E3A-SegmentedRaftLog:OPENED:c-1:lastnull, conf=conf: {index: -1, cur=peers:[]|listeners:[], old=null} STARTING] size=2
2024-10-31 03:27:46,004 INFO  server.RaftServer$Division (RaftServerImpl.java:setConfigurationAsync(1341)) - s7@group-4CD87B055E3A: receive setConfiguration SetConfigurationRequest:client-8FB543527D95->s7@group-4CD87B055E3A, cid=1984, seq=null, RW, null, SET_UNCONDITIONALLY, servers:[s7, s8, s9, s0, s1], listeners:[]
2024-10-31 03:27:46,104 INFO  server.RaftServer$Division (RaftServerImpl.java:setConfigurationAsync(1341)) - s9@group-4CD87B055E3A: receive setConfiguration SetConfigurationRequest:client-8FB543527D95->s9@group-4CD87B055E3A, cid=1984, seq=null, RW, null, SET_UNCONDITIONALLY, servers:[s7, s8, s9, s0, s1], listeners:[]
2024-10-31 03:27:46,205 INFO  server.RaftServer$Division (RaftServerImpl.java:setConfigurationAsync(1341)) - s7@group-4CD87B055E3A: receive setConfiguration SetConfigurationRequest:client-8FB543527D95->s7@group-4CD87B055E3A, cid=1984, seq=null, RW, null, SET_UNCONDITIONALLY, servers:[s7, s8, s9, s0, s1], listeners:[]
2024-10-31 03:27:46,306 INFO  server.RaftServer$Division (RaftServerImpl.java:setConfigurationAsync(1341)) - s8@group-4CD87B055E3A: receive setConfiguration SetConfigurationRequest:client-8FB543527D95->s8@group-4CD87B055E3A, cid=1984, seq=null, RW, null, SET_UNCONDITIONALLY, servers:[s7, s8, s9, s0, s1], listeners:[]
2024-10-31 03:27:46,406 INFO  server.RaftServer$Division (RaftServerImpl.java:setConfigurationAsync(1341)) - s7@group-4CD87B055E3A: receive setConfiguration SetConfigurationRequest:client-8FB543527D95->s7@group-4CD87B055E3A, cid=1984, seq=null, RW, null, SET_UNCONDITIONALLY, servers:[s7, s8, s9, s0, s1], listeners:[]
2024-10-31 03:27:46,507 INFO  server.RaftServer$Division (RaftServerImpl.java:setConfigurationAsync(1341)) - s9@group-4CD87B055E3A: receive setConfiguration SetConfigurationRequest:client-8FB543527D95->s9@group-4CD87B055E3A, cid=1984, seq=null, RW, null, SET_UNCONDITIONALLY, servers:[s7, s8, s9, s0, s1], listeners:[]
2024-10-31 03:27:46,607 INFO  server.RaftServer$Division (RaftServerImpl.java:setConfigurationAsync(1341)) - s7@group-4CD87B055E3A: receive setConfiguration SetConfigurationRequest:client-8FB543527D95->s7@group-4CD87B055E3A, cid=1984, seq=null, RW, null, SET_UNCONDITIONALLY, servers:[s7, s8, s9, s0, s1], listeners:[]
2024-10-31 03:27:46,708 INFO  server.RaftServer$Division (RaftServerImpl.java:setConfigurationAsync(1341)) - s8@group-4CD87B055E3A: receive setConfiguration SetConfigurationRequest:client-8FB543527D95->s8@group-4CD87B055E3A, cid=1984, seq=null, RW, null, SET_UNCONDITIONALLY, servers:[s7, s8, s9, s0, s1], listeners:[]
2024-10-31 03:27:46,808 INFO  server.RaftServer$Division (RaftServerImpl.java:setConfigurationAsync(1341)) - s7@group-4CD87B055E3A: receive setConfiguration SetConfigurationRequest:client-8FB543527D95->s7@group-4CD87B055E3A, cid=1984, seq=null, RW, null, SET_UNCONDITIONALLY, servers:[s7, s8, s9, s0, s1], listeners:[]
2024-10-31 03:27:46,909 INFO  server.RaftServer$Division (RaftServerImpl.java:setConfigurationAsync(1341)) - s9@group-4CD87B055E3A: receive setConfiguration SetConfigurationRequest:client-8FB543527D95->s9@group-4CD87B055E3A, cid=1984, seq=null, RW, null, SET_UNCONDITIONALLY, servers:[s7, s8, s9, s0, s1], listeners:[]
2024-10-31 03:27:47,009 INFO  server.RaftServer$Division (RaftServerImpl.java:setConfigurationAsync(1341)) - s7@group-4CD87B055E3A: receive setConfiguration SetConfigurationRequest:client-8FB543527D95->s7@group-4CD87B055E3A, cid=1984, seq=null, RW, null, SET_UNCONDITIONALLY, servers:[s7, s8, s9, s0, s1], listeners:[]
2024-10-31 03:27:47,109 INFO  server.RaftServer$Division (RaftServerImpl.java:setConfigurationAsync(1341)) - s8@group-4CD87B055E3A: receive setConfiguration SetConfigurationRequest:client-8FB543527D95->s8@group-4CD87B055E3A, cid=1984, seq=null, RW, null, SET_UNCONDITIONALLY, servers:[s7, s8, s9, s0, s1], listeners:[]
2024-10-31 03:27:47,210 INFO  server.RaftServer$Division (RaftServerImpl.java:setConfigurationAsync(1341)) - s7@group-4CD87B055E3A: receive setConfiguration SetConfigurationRequest:client-8FB543527D95->s7@group-4CD87B055E3A, cid=1984, seq=null, RW, null, SET_UNCONDITIONALLY, servers:[s7, s8, s9, s0, s1], listeners:[]
2024-10-31 03:27:47,310 INFO  server.RaftServer$Division (RaftServerImpl.java:setConfigurationAsync(1341)) - s9@group-4CD87B055E3A: receive setConfiguration SetConfigurationRequest:client-8FB543527D95->s9@group-4CD87B055E3A, cid=1984, seq=null, RW, null, SET_UNCONDITIONALLY, servers:[s7, s8, s9, s0, s1], listeners:[]
2024-10-31 03:27:47,410 INFO  server.RaftServer$Division (RaftServerImpl.java:setConfigurationAsync(1341)) - s7@group-4CD87B055E3A: receive setConfiguration SetConfigurationRequest:client-8FB543527D95->s7@group-4CD87B055E3A, cid=1984, seq=null, RW, null, SET_UNCONDITIONALLY, servers:[s7, s8, s9, s0, s1], listeners:[]
2024-10-31 03:27:47,511 INFO  server.RaftServer$Division (RaftServerImpl.java:setConfigurationAsync(1341)) - s8@group-4CD87B055E3A: receive setConfiguration SetConfigurationRequest:client-8FB543527D95->s8@group-4CD87B055E3A, cid=1984, seq=null, RW, null, SET_UNCONDITIONALLY, servers:[s7, s8, s9, s0, s1], listeners:[]
2024-10-31 03:27:47,611 INFO  server.RaftServer$Division (RaftServerImpl.java:setConfigurationAsync(1341)) - s7@group-4CD87B055E3A: receive setConfiguration SetConfigurationRequest:client-8FB543527D95->s7@group-4CD87B055E3A, cid=1984, seq=null, RW, null, SET_UNCONDITIONALLY, servers:[s7, s8, s9, s0, s1], listeners:[]
2024-10-31 03:27:47,711 INFO  server.RaftServer$Division (RaftServerImpl.java:setConfigurationAsync(1341)) - s8@group-4CD87B055E3A: receive setConfiguration SetConfigurationRequest:client-8FB543527D95->s8@group-4CD87B055E3A, cid=1984, seq=null, RW, null, SET_UNCONDITIONALLY, servers:[s7, s8, s9, s0, s1], listeners:[]
2024-10-31 03:27:47,812 INFO  server.RaftServer$Division (RaftServerImpl.java:setConfigurationAsync(1341)) - s7@group-4CD87B055E3A: receive setConfiguration SetConfigurationRequest:client-8FB543527D95->s7@group-4CD87B055E3A, cid=1984, seq=null, RW, null, SET_UNCONDITIONALLY, servers:[s7, s8, s9, s0, s1], listeners:[]
2024-10-31 03:27:47,912 INFO  server.RaftServer$Division (RaftServerImpl.java:setConfigurationAsync(1341)) - s9@group-4CD87B055E3A: receive setConfiguration SetConfigurationRequest:client-8FB543527D95->s9@group-4CD87B055E3A, cid=1984, seq=null, RW, null, SET_UNCONDITIONALLY, servers:[s7, s8, s9, s0, s1], listeners:[]
2024-10-31 03:27:48,012 INFO  server.RaftServer$Division (RaftServerImpl.java:setConfigurationAsync(1341)) - s7@group-4CD87B055E3A: receive setConfiguration SetConfigurationRequest:client-8FB543527D95->s7@group-4CD87B055E3A, cid=1984, seq=null, RW, null, SET_UNCONDITIONALLY, servers:[s7, s8, s9, s0, s1], listeners:[]
2024-10-31 03:27:48,113 INFO  server.RaftServer$Division (RaftServerImpl.java:setConfigurationAsync(1341)) - s8@group-4CD87B055E3A: receive setConfiguration SetConfigurationRequest:client-8FB543527D95->s8@group-4CD87B055E3A, cid=1984, seq=null, RW, null, SET_UNCONDITIONALLY, servers:[s7, s8, s9, s0, s1], listeners:[]
2024-10-31 03:27:48,213 INFO  server.RaftServer$Division (RaftServerImpl.java:setConfigurationAsync(1341)) - s7@group-4CD87B055E3A: receive setConfiguration SetConfigurationRequest:client-8FB543527D95->s7@group-4CD87B055E3A, cid=1984, seq=null, RW, null, SET_UNCONDITIONALLY, servers:[s7, s8, s9, s0, s1], listeners:[]
2024-10-31 03:27:48,314 INFO  server.RaftServer$Division (RaftServerImpl.java:setConfigurationAsync(1341)) - s9@group-4CD87B055E3A: receive setConfiguration SetConfigurationRequest:client-8FB543527D95->s9@group-4CD87B055E3A, cid=1984, seq=null, RW, null, SET_UNCONDITIONALLY, servers:[s7, s8, s9, s0, s1], listeners:[]
2024-10-31 03:27:48,414 INFO  server.RaftServer$Division (RaftServerImpl.java:setConfigurationAsync(1341)) - s7@group-4CD87B055E3A: receive setConfiguration SetConfigurationRequest:client-8FB543527D95->s7@group-4CD87B055E3A, cid=1984, seq=null, RW, null, SET_UNCONDITIONALLY, servers:[s7, s8, s9, s0, s1], listeners:[]
2024-10-31 03:27:48,515 INFO  server.RaftServer$Division (RaftServerImpl.java:setConfigurationAsync(1341)) - s8@group-4CD87B055E3A: receive setConfiguration SetConfigurationRequest:client-8FB543527D95->s8@group-4CD87B055E3A, cid=1984, seq=null, RW, null, SET_UNCONDITIONALLY, servers:[s7, s8, s9, s0, s1], listeners:[]
2024-10-31 03:27:48,615 INFO  server.RaftServer$Division (RaftServerImpl.java:setConfigurationAsync(1341)) - s7@group-4CD87B055E3A: receive setConfiguration SetConfigurationRequest:client-8FB543527D95->s7@group-4CD87B055E3A, cid=1984, seq=null, RW, null, SET_UNCONDITIONALLY, servers:[s7, s8, s9, s0, s1], listeners:[]
2024-10-31 03:27:48,716 INFO  server.RaftServer$Division (RaftServerImpl.java:setConfigurationAsync(1341)) - s8@group-4CD87B055E3A: receive setConfiguration SetConfigurationRequest:client-8FB543527D95->s8@group-4CD87B055E3A, cid=1984, seq=null, RW, null, SET_UNCONDITIONALLY, servers:[s7, s8, s9, s0, s1], listeners:[]
2024-10-31 03:27:48,816 INFO  server.RaftServer$Division (RaftServerImpl.java:setConfigurationAsync(1341)) - s7@group-4CD87B055E3A: receive setConfiguration SetConfigurationRequest:client-8FB543527D95->s7@group-4CD87B055E3A, cid=1984, seq=null, RW, null, SET_UNCONDITIONALLY, servers:[s7, s8, s9, s0, s1], listeners:[]
2024-10-31 03:27:48,917 INFO  server.RaftServer$Division (RaftServerImpl.java:setConfigurationAsync(1341)) - s8@group-4CD87B055E3A: receive setConfiguration SetConfigurationRequest:client-8FB543527D95->s8@group-4CD87B055E3A, cid=1984, seq=null, RW, null, SET_UNCONDITIONALLY, servers:[s7, s8, s9, s0, s1], listeners:[]
2024-10-31 03:27:49,017 INFO  server.RaftServer$Division (RaftServerImpl.java:setConfigurationAsync(1341)) - s7@group-4CD87B055E3A: receive setConfiguration SetConfigurationRequest:client-8FB543527D95->s7@group-4CD87B055E3A, cid=1984, seq=null, RW, null, SET_UNCONDITIONALLY, servers:[s7, s8, s9, s0, s1], listeners:[]
2024-10-31 03:27:49,117 INFO  server.RaftServer$Division (RaftServerImpl.java:setConfigurationAsync(1341)) - s8@group-4CD87B055E3A: receive setConfiguration SetConfigurationRequest:client-8FB543527D95->s8@group-4CD87B055E3A, cid=1984, seq=null, RW, null, SET_UNCONDITIONALLY, servers:[s7, s8, s9, s0, s1], listeners:[]
2024-10-31 03:27:49,218 INFO  server.RaftServer$Division (RaftServerImpl.java:setConfigurationAsync(1341)) - s7@group-4CD87B055E3A: receive setConfiguration SetConfigurationRequest:client-8FB543527D95->s7@group-4CD87B055E3A, cid=1984, seq=null, RW, null, SET_UNCONDITIONALLY, servers:[s7, s8, s9, s0, s1], listeners:[]
2024-10-31 03:27:49,318 INFO  server.RaftServer$Division (RaftServerImpl.java:setConfigurationAsync(1341)) - s9@group-4CD87B055E3A: receive setConfiguration SetConfigurationRequest:client-8FB543527D95->s9@group-4CD87B055E3A, cid=1984, seq=null, RW, null, SET_UNCONDITIONALLY, servers:[s7, s8, s9, s0, s1], listeners:[]
2024-10-31 03:27:49,419 INFO  server.RaftServer$Division (RaftServerImpl.java:setConfigurationAsync(1341)) - s7@group-4CD87B055E3A: receive setConfiguration SetConfigurationRequest:client-8FB543527D95->s7@group-4CD87B055E3A, cid=1984, seq=null, RW, null, SET_UNCONDITIONALLY, servers:[s7, s8, s9, s0, s1], listeners:[]
2024-10-31 03:27:49,519 INFO  server.RaftServer$Division (RaftServerImpl.java:setConfigurationAsync(1341)) - s9@group-4CD87B055E3A: receive setConfiguration SetConfigurationRequest:client-8FB543527D95->s9@group-4CD87B055E3A, cid=1984, seq=null, RW, null, SET_UNCONDITIONALLY, servers:[s7, s8, s9, s0, s1], listeners:[]
2024-10-31 03:27:49,619 INFO  server.RaftServer$Division (RaftServerImpl.java:setConfigurationAsync(1341)) - s7@group-4CD87B055E3A: receive setConfiguration SetConfigurationRequest:client-8FB543527D95->s7@group-4CD87B055E3A, cid=1984, seq=null, RW, null, SET_UNCONDITIONALLY, servers:[s7, s8, s9, s0, s1], listeners:[]
2024-10-31 03:27:49,720 INFO  server.RaftServer$Division (RaftServerImpl.java:setConfigurationAsync(1341)) - s8@group-4CD87B055E3A: receive setConfiguration SetConfigurationRequest:client-8FB543527D95->s8@group-4CD87B055E3A, cid=1984, seq=null, RW, null, SET_UNCONDITIONALLY, servers:[s7, s8, s9, s0, s1], listeners:[]
2024-10-31 03:27:49,820 INFO  server.RaftServer$Division (RaftServerImpl.java:setConfigurationAsync(1341)) - s7@group-4CD87B055E3A: receive setConfiguration SetConfigurationRequest:client-8FB543527D95->s7@group-4CD87B055E3A, cid=1984, seq=null, RW, null, SET_UNCONDITIONALLY, servers:[s7, s8, s9, s0, s1], listeners:[]
2024-10-31 03:27:49,920 INFO  server.RaftServer$Division (RaftServerImpl.java:setConfigurationAsync(1341)) - s8@group-4CD87B055E3A: receive setConfiguration SetConfigurationRequest:client-8FB543527D95->s8@group-4CD87B055E3A, cid=1984, seq=null, RW, null, SET_UNCONDITIONALLY, servers:[s7, s8, s9, s0, s1], listeners:[]
2024-10-31 03:27:50,021 INFO  server.RaftServer$Division (RaftServerImpl.java:setConfigurationAsync(1341)) - s7@group-4CD87B055E3A: receive setConfiguration SetConfigurationRequest:client-8FB543527D95->s7@group-4CD87B055E3A, cid=1984, seq=null, RW, null, SET_UNCONDITIONALLY, servers:[s7, s8, s9, s0, s1], listeners:[]
2024-10-31 03:27:50,121 INFO  server.RaftServer$Division (RaftServerImpl.java:setConfigurationAsync(1341)) - s8@group-4CD87B055E3A: receive setConfiguration SetConfigurationRequest:client-8FB543527D95->s8@group-4CD87B055E3A, cid=1984, seq=null, RW, null, SET_UNCONDITIONALLY, servers:[s7, s8, s9, s0, s1], listeners:[]
2024-10-31 03:27:50,221 INFO  server.RaftServer$Division (RaftServerImpl.java:setConfigurationAsync(1341)) - s7@group-4CD87B055E3A: receive setConfiguration SetConfigurationRequest:client-8FB543527D95->s7@group-4CD87B055E3A, cid=1984, seq=null, RW, null, SET_UNCONDITIONALLY, servers:[s7, s8, s9, s0, s1], listeners:[]
2024-10-31 03:27:50,322 INFO  server.RaftServer$Division (RaftServerImpl.java:setConfigurationAsync(1341)) - s9@group-4CD87B055E3A: receive setConfiguration SetConfigurationRequest:client-8FB543527D95->s9@group-4CD87B055E3A, cid=1984, seq=null, RW, null, SET_UNCONDITIONALLY, servers:[s7, s8, s9, s0, s1], listeners:[]
2024-10-31 03:27:50,422 INFO  server.RaftServer$Division (RaftServerImpl.java:setConfigurationAsync(1341)) - s7@group-4CD87B055E3A: receive setConfiguration SetConfigurationRequest:client-8FB543527D95->s7@group-4CD87B055E3A, cid=1984, seq=null, RW, null, SET_UNCONDITIONALLY, servers:[s7, s8, s9, s0, s1], listeners:[]
2024-10-31 03:27:50,522 INFO  server.RaftServer$Division (RaftServerImpl.java:setConfigurationAsync(1341)) - s8@group-4CD87B055E3A: receive setConfiguration SetConfigurationRequest:client-8FB543527D95->s8@group-4CD87B055E3A, cid=1984, seq=null, RW, null, SET_UNCONDITIONALLY, servers:[s7, s8, s9, s0, s1], listeners:[]
2024-10-31 03:27:50,623 INFO  server.RaftServer$Division (RaftServerImpl.java:setConfigurationAsync(1341)) - s7@group-4CD87B055E3A: receive setConfiguration SetConfigurationRequest:client-8FB543527D95->s7@group-4CD87B055E3A, cid=1984, seq=null, RW, null, SET_UNCONDITIONALLY, servers:[s7, s8, s9, s0, s1], listeners:[]
2024-10-31 03:27:50,723 INFO  server.RaftServer$Division (RaftServerImpl.java:setConfigurationAsync(1341)) - s8@group-4CD87B055E3A: receive setConfiguration SetConfigurationRequest:client-8FB543527D95->s8@group-4CD87B055E3A, cid=1984, seq=null, RW, null, SET_UNCONDITIONALLY, servers:[s7, s8, s9, s0, s1], listeners:[]
2024-10-31 03:27:50,823 INFO  server.RaftServer$Division (RaftServerImpl.java:setConfigurationAsync(1341)) - s7@group-4CD87B055E3A: receive setConfiguration SetConfigurationRequest:client-8FB543527D95->s7@group-4CD87B055E3A, cid=1984, seq=null, RW, null, SET_UNCONDITIONALLY, servers:[s7, s8, s9, s0, s1], listeners:[]
2024-10-31 03:27:50,924 INFO  server.RaftServer$Division (RaftServerImpl.java:setConfigurationAsync(1341)) - s8@group-4CD87B055E3A: receive setConfiguration SetConfigurationRequest:client-8FB543527D95->s8@group-4CD87B055E3A, cid=1984, seq=null, RW, null, SET_UNCONDITIONALLY, servers:[s7, s8, s9, s0, s1], listeners:[]
2024-10-31 03:27:51,024 INFO  server.RaftServer$Division (RaftServerImpl.java:setConfigurationAsync(1341)) - s7@group-4CD87B055E3A: receive setConfiguration SetConfigurationRequest:client-8FB543527D95->s7@group-4CD87B055E3A, cid=1984, seq=null, RW, null, SET_UNCONDITIONALLY, servers:[s7, s8, s9, s0, s1], listeners:[]
2024-10-31 03:27:51,124 INFO  server.RaftServer$Division (RaftServerImpl.java:setConfigurationAsync(1341)) - s9@group-4CD87B055E3A: receive setConfiguration SetConfigurationRequest:client-8FB543527D95->s9@group-4CD87B055E3A, cid=1984, seq=null, RW, null, SET_UNCONDITIONALLY, servers:[s7, s8, s9, s0, s1], listeners:[]
2024-10-31 03:27:51,225 INFO  server.RaftServer$Division (RaftServerImpl.java:setConfigurationAsync(1341)) - s7@group-4CD87B055E3A: receive setConfiguration SetConfigurationRequest:client-8FB543527D95->s7@group-4CD87B055E3A, cid=1984, seq=null, RW, null, SET_UNCONDITIONALLY, servers:[s7, s8, s9, s0, s1], listeners:[]
2024-10-31 03:27:51,325 INFO  server.RaftServer$Division (RaftServerImpl.java:setConfigurationAsync(1341)) - s9@group-4CD87B055E3A: receive setConfiguration SetConfigurationRequest:client-8FB543527D95->s9@group-4CD87B055E3A, cid=1984, seq=null, RW, null, SET_UNCONDITIONALLY, servers:[s7, s8, s9, s0, s1], listeners:[]
2024-10-31 03:27:51,425 INFO  server.RaftServer$Division (RaftServerImpl.java:setConfigurationAsync(1341)) - s7@group-4CD87B055E3A: receive setConfiguration SetConfigurationRequest:client-8FB543527D95->s7@group-4CD87B055E3A, cid=1984, seq=null, RW, null, SET_UNCONDITIONALLY, servers:[s7, s8, s9, s0, s1], listeners:[]
2024-10-31 03:27:51,526 INFO  server.RaftServer$Division (RaftServerImpl.java:setConfigurationAsync(1341)) - s8@group-4CD87B055E3A: receive setConfiguration SetConfigurationRequest:client-8FB543527D95->s8@group-4CD87B055E3A, cid=1984, seq=null, RW, null, SET_UNCONDITIONALLY, servers:[s7, s8, s9, s0, s1], listeners:[]
2024-10-31 03:27:51,626 INFO  server.RaftServer$Division (RaftServerImpl.java:setConfigurationAsync(1341)) - s7@group-4CD87B055E3A: receive setConfiguration SetConfigurationRequest:client-8FB543527D95->s7@group-4CD87B055E3A, cid=1984, seq=null, RW, null, SET_UNCONDITIONALLY, servers:[s7, s8, s9, s0, s1], listeners:[]
2024-10-31 03:27:51,726 INFO  server.RaftServer$Division (RaftServerImpl.java:setConfigurationAsync(1341)) - s9@group-4CD87B055E3A: receive setConfiguration SetConfigurationRequest:client-8FB543527D95->s9@group-4CD87B055E3A, cid=1984, seq=null, RW, null, SET_UNCONDITIONALLY, servers:[s7, s8, s9, s0, s1], listeners:[]
2024-10-31 03:27:51,827 INFO  server.RaftServer$Division (RaftServerImpl.java:setConfigurationAsync(1341)) - s7@group-4CD87B055E3A: receive setConfiguration SetConfigurationRequest:client-8FB543527D95->s7@group-4CD87B055E3A, cid=1984, seq=null, RW, null, SET_UNCONDITIONALLY, servers:[s7, s8, s9, s0, s1], listeners:[]
2024-10-31 03:27:51,927 INFO  server.RaftServer$Division (RaftServerImpl.java:setConfigurationAsync(1341)) - s9@group-4CD87B055E3A: receive setConfiguration SetConfigurationRequest:client-8FB543527D95->s9@group-4CD87B055E3A, cid=1984, seq=null, RW, null, SET_UNCONDITIONALLY, servers:[s7, s8, s9, s0, s1], listeners:[]
2024-10-31 03:27:52,027 INFO  server.RaftServer$Division (RaftServerImpl.java:setConfigurationAsync(1341)) - s7@group-4CD87B055E3A: receive setConfiguration SetConfigurationRequest:client-8FB543527D95->s7@group-4CD87B055E3A, cid=1984, seq=null, RW, null, SET_UNCONDITIONALLY, servers:[s7, s8, s9, s0, s1], listeners:[]
2024-10-31 03:27:52,128 INFO  server.RaftServer$Division (RaftServerImpl.java:setConfigurationAsync(1341)) - s9@group-4CD87B055E3A: receive setConfiguration SetConfigurationRequest:client-8FB543527D95->s9@group-4CD87B055E3A, cid=1984, seq=null, RW, null, SET_UNCONDITIONALLY, servers:[s7, s8, s9, s0, s1], listeners:[]
2024-10-31 03:27:52,228 INFO  server.RaftServer$Division (RaftServerImpl.java:setConfigurationAsync(1341)) - s7@group-4CD87B055E3A: receive setConfiguration SetConfigurationRequest:client-8FB543527D95->s7@group-4CD87B055E3A, cid=1984, seq=null, RW, null, SET_UNCONDITIONALLY, servers:[s7, s8, s9, s0, s1], listeners:[]
2024-10-31 03:27:52,328 INFO  server.RaftServer$Division (RaftServerImpl.java:setConfigurationAsync(1341)) - s8@group-4CD87B055E3A: receive setConfiguration SetConfigurationRequest:client-8FB543527D95->s8@group-4CD87B055E3A, cid=1984, seq=null, RW, null, SET_UNCONDITIONALLY, servers:[s7, s8, s9, s0, s1], listeners:[]
2024-10-31 03:27:52,429 INFO  server.RaftServer$Division (RaftServerImpl.java:setConfigurationAsync(1341)) - s7@group-4CD87B055E3A: receive setConfiguration SetConfigurationRequest:client-8FB543527D95->s7@group-4CD87B055E3A, cid=1984, seq=null, RW, null, SET_UNCONDITIONALLY, servers:[s7, s8, s9, s0, s1], listeners:[]
2024-10-31 03:27:52,529 INFO  server.RaftServer$Division (RaftServerImpl.java:setConfigurationAsync(1341)) - s9@group-4CD87B055E3A: receive setConfiguration SetConfigurationRequest:client-8FB543527D95->s9@group-4CD87B055E3A, cid=1984, seq=null, RW, null, SET_UNCONDITIONALLY, servers:[s7, s8, s9, s0, s1], listeners:[]
2024-10-31 03:27:52,629 INFO  server.RaftServer$Division (RaftServerImpl.java:setConfigurationAsync(1341)) - s7@group-4CD87B055E3A: receive setConfiguration SetConfigurationRequest:client-8FB543527D95->s7@group-4CD87B055E3A, cid=1984, seq=null, RW, null, SET_UNCONDITIONALLY, servers:[s7, s8, s9, s0, s1], listeners:[]
2024-10-31 03:27:52,730 INFO  server.RaftServer$Division (RaftServerImpl.java:setConfigurationAsync(1341)) - s8@group-4CD87B055E3A: receive setConfiguration SetConfigurationRequest:client-8FB543527D95->s8@group-4CD87B055E3A, cid=1984, seq=null, RW, null, SET_UNCONDITIONALLY, servers:[s7, s8, s9, s0, s1], listeners:[]
2024-10-31 03:27:52,830 INFO  server.RaftServer$Division (RaftServerImpl.java:setConfigurationAsync(1341)) - s7@group-4CD87B055E3A: receive setConfiguration SetConfigurationRequest:client-8FB543527D95->s7@group-4CD87B055E3A, cid=1984, seq=null, RW, null, SET_UNCONDITIONALLY, servers:[s7, s8, s9, s0, s1], listeners:[]
2024-10-31 03:27:52,930 INFO  server.RaftServer$Division (RaftServerImpl.java:setConfigurationAsync(1341)) - s8@group-4CD87B055E3A: receive setConfiguration SetConfigurationRequest:client-8FB543527D95->s8@group-4CD87B055E3A, cid=1984, seq=null, RW, null, SET_UNCONDITIONALLY, servers:[s7, s8, s9, s0, s1], listeners:[]
2024-10-31 03:27:53,031 INFO  server.RaftServer$Division (RaftServerImpl.java:setConfigurationAsync(1341)) - s7@group-4CD87B055E3A: receive setConfiguration SetConfigurationRequest:client-8FB543527D95->s7@group-4CD87B055E3A, cid=1984, seq=null, RW, null, SET_UNCONDITIONALLY, servers:[s7, s8, s9, s0, s1], listeners:[]
2024-10-31 03:27:53,131 INFO  server.RaftServer$Division (RaftServerImpl.java:setConfigurationAsync(1341)) - s9@group-4CD87B055E3A: receive setConfiguration SetConfigurationRequest:client-8FB543527D95->s9@group-4CD87B055E3A, cid=1984, seq=null, RW, null, SET_UNCONDITIONALLY, servers:[s7, s8, s9, s0, s1], listeners:[]
2024-10-31 03:27:53,232 INFO  server.RaftServer$Division (RaftServerImpl.java:setConfigurationAsync(1341)) - s7@group-4CD87B055E3A: receive setConfiguration SetConfigurationRequest:client-8FB543527D95->s7@group-4CD87B055E3A, cid=1984, seq=null, RW, null, SET_UNCONDITIONALLY, servers:[s7, s8, s9, s0, s1], listeners:[]
2024-10-31 03:27:53,332 INFO  server.RaftServer$Division (RaftServerImpl.java:setConfigurationAsync(1341)) - s9@group-4CD87B055E3A: receive setConfiguration SetConfigurationRequest:client-8FB543527D95->s9@group-4CD87B055E3A, cid=1984, seq=null, RW, null, SET_UNCONDITIONALLY, servers:[s7, s8, s9, s0, s1], listeners:[]
2024-10-31 03:27:53,432 INFO  server.RaftServer$Division (RaftServerImpl.java:setConfigurationAsync(1341)) - s7@group-4CD87B055E3A: receive setConfiguration SetConfigurationRequest:client-8FB543527D95->s7@group-4CD87B055E3A, cid=1984, seq=null, RW, null, SET_UNCONDITIONALLY, servers:[s7, s8, s9, s0, s1], listeners:[]
2024-10-31 03:27:53,533 INFO  server.RaftServer$Division (RaftServerImpl.java:setConfigurationAsync(1341)) - s9@group-4CD87B055E3A: receive setConfiguration SetConfigurationRequest:client-8FB543527D95->s9@group-4CD87B055E3A, cid=1984, seq=null, RW, null, SET_UNCONDITIONALLY, servers:[s7, s8, s9, s0, s1], listeners:[]
2024-10-31 03:27:53,633 INFO  server.RaftServer$Division (RaftServerImpl.java:setConfigurationAsync(1341)) - s7@group-4CD87B055E3A: receive setConfiguration SetConfigurationRequest:client-8FB543527D95->s7@group-4CD87B055E3A, cid=1984, seq=null, RW, null, SET_UNCONDITIONALLY, servers:[s7, s8, s9, s0, s1], listeners:[]
2024-10-31 03:27:53,734 INFO  server.RaftServer$Division (RaftServerImpl.java:setConfigurationAsync(1341)) - s8@group-4CD87B055E3A: receive setConfiguration SetConfigurationRequest:client-8FB543527D95->s8@group-4CD87B055E3A, cid=1984, seq=null, RW, null, SET_UNCONDITIONALLY, servers:[s7, s8, s9, s0, s1], listeners:[]
2024-10-31 03:27:53,834 INFO  server.RaftServer$Division (RaftServerImpl.java:setConfigurationAsync(1341)) - s7@group-4CD87B055E3A: receive setConfiguration SetConfigurationRequest:client-8FB543527D95->s7@group-4CD87B055E3A, cid=1984, seq=null, RW, null, SET_UNCONDITIONALLY, servers:[s7, s8, s9, s0, s1], listeners:[]
2024-10-31 03:27:53,934 INFO  server.RaftServer$Division (RaftServerImpl.java:setConfigurationAsync(1341)) - s9@group-4CD87B055E3A: receive setConfiguration SetConfigurationRequest:client-8FB543527D95->s9@group-4CD87B055E3A, cid=1984, seq=null, RW, null, SET_UNCONDITIONALLY, servers:[s7, s8, s9, s0, s1], listeners:[]
2024-10-31 03:27:54,035 INFO  server.RaftServer$Division (RaftServerImpl.java:setConfigurationAsync(1341)) - s7@group-4CD87B055E3A: receive setConfiguration SetConfigurationRequest:client-8FB543527D95->s7@group-4CD87B055E3A, cid=1984, seq=null, RW, null, SET_UNCONDITIONALLY, servers:[s7, s8, s9, s0, s1], listeners:[]
2024-10-31 03:27:54,135 INFO  server.RaftServer$Division (RaftServerImpl.java:setConfigurationAsync(1341)) - s8@group-4CD87B055E3A: receive setConfiguration SetConfigurationRequest:client-8FB543527D95->s8@group-4CD87B055E3A, cid=1984, seq=null, RW, null, SET_UNCONDITIONALLY, servers:[s7, s8, s9, s0, s1], listeners:[]
2024-10-31 03:27:54,235 INFO  server.RaftServer$Division (RaftServerImpl.java:setConfigurationAsync(1341)) - s7@group-4CD87B055E3A: receive setConfiguration SetConfigurationRequest:client-8FB543527D95->s7@group-4CD87B055E3A, cid=1984, seq=null, RW, null, SET_UNCONDITIONALLY, servers:[s7, s8, s9, s0, s1], listeners:[]
2024-10-31 03:27:54,336 INFO  server.RaftServer$Division (RaftServerImpl.java:setConfigurationAsync(1341)) - s9@group-4CD87B055E3A: receive setConfiguration SetConfigurationRequest:client-8FB543527D95->s9@group-4CD87B055E3A, cid=1984, seq=null, RW, null, SET_UNCONDITIONALLY, servers:[s7, s8, s9, s0, s1], listeners:[]
2024-10-31 03:27:54,436 INFO  server.RaftServer$Division (RaftServerImpl.java:setConfigurationAsync(1341)) - s7@group-4CD87B055E3A: receive setConfiguration SetConfigurationRequest:client-8FB543527D95->s7@group-4CD87B055E3A, cid=1984, seq=null, RW, null, SET_UNCONDITIONALLY, servers:[s7, s8, s9, s0, s1], listeners:[]
2024-10-31 03:27:54,536 INFO  server.RaftServer$Division (RaftServerImpl.java:setConfigurationAsync(1341)) - s8@group-4CD87B055E3A: receive setConfiguration SetConfigurationRequest:client-8FB543527D95->s8@group-4CD87B055E3A, cid=1984, seq=null, RW, null, SET_UNCONDITIONALLY, servers:[s7, s8, s9, s0, s1], listeners:[]
2024-10-31 03:27:54,637 INFO  server.RaftServer$Division (RaftServerImpl.java:setConfigurationAsync(1341)) - s7@group-4CD87B055E3A: receive setConfiguration SetConfigurationRequest:client-8FB543527D95->s7@group-4CD87B055E3A, cid=1984, seq=null, RW, null, SET_UNCONDITIONALLY, servers:[s7, s8, s9, s0, s1], listeners:[]
2024-10-31 03:27:54,737 INFO  server.RaftServer$Division (RaftServerImpl.java:setConfigurationAsync(1341)) - s9@group-4CD87B055E3A: receive setConfiguration SetConfigurationRequest:client-8FB543527D95->s9@group-4CD87B055E3A, cid=1984, seq=null, RW, null, SET_UNCONDITIONALLY, servers:[s7, s8, s9, s0, s1], listeners:[]
2024-10-31 03:27:54,837 INFO  server.RaftServer$Division (RaftServerImpl.java:setConfigurationAsync(1341)) - s7@group-4CD87B055E3A: receive setConfiguration SetConfigurationRequest:client-8FB543527D95->s7@group-4CD87B055E3A, cid=1984, seq=null, RW, null, SET_UNCONDITIONALLY, servers:[s7, s8, s9, s0, s1], listeners:[]
2024-10-31 03:27:54,937 INFO  server.RaftServer$Division (RaftServerImpl.java:setConfigurationAsync(1341)) - s9@group-4CD87B055E3A: receive setConfiguration SetConfigurationRequest:client-8FB543527D95->s9@group-4CD87B055E3A, cid=1984, seq=null, RW, null, SET_UNCONDITIONALLY, servers:[s7, s8, s9, s0, s1], listeners:[]
2024-10-31 03:27:55,038 INFO  server.RaftServer$Division (RaftServerImpl.java:setConfigurationAsync(1341)) - s7@group-4CD87B055E3A: receive setConfiguration SetConfigurationRequest:client-8FB543527D95->s7@group-4CD87B055E3A, cid=1984, seq=null, RW, null, SET_UNCONDITIONALLY, servers:[s7, s8, s9, s0, s1], listeners:[]
2024-10-31 03:27:55,138 INFO  server.RaftServer$Division (RaftServerImpl.java:setConfigurationAsync(1341)) - s9@group-4CD87B055E3A: receive setConfiguration SetConfigurationRequest:client-8FB543527D95->s9@group-4CD87B055E3A, cid=1984, seq=null, RW, null, SET_UNCONDITIONALLY, servers:[s7, s8, s9, s0, s1], listeners:[]
2024-10-31 03:27:55,238 INFO  server.RaftServer$Division (RaftServerImpl.java:setConfigurationAsync(1341)) - s7@group-4CD87B055E3A: receive setConfiguration SetConfigurationRequest:client-8FB543527D95->s7@group-4CD87B055E3A, cid=1984, seq=null, RW, null, SET_UNCONDITIONALLY, servers:[s7, s8, s9, s0, s1], listeners:[]
2024-10-31 03:27:55,339 INFO  server.RaftServer$Division (RaftServerImpl.java:setConfigurationAsync(1341)) - s9@group-4CD87B055E3A: receive setConfiguration SetConfigurationRequest:client-8FB543527D95->s9@group-4CD87B055E3A, cid=1984, seq=null, RW, null, SET_UNCONDITIONALLY, servers:[s7, s8, s9, s0, s1], listeners:[]
2024-10-31 03:27:55,439 INFO  server.RaftServer$Division (RaftServerImpl.java:setConfigurationAsync(1341)) - s7@group-4CD87B055E3A: receive setConfiguration SetConfigurationRequest:client-8FB543527D95->s7@group-4CD87B055E3A, cid=1984, seq=null, RW, null, SET_UNCONDITIONALLY, servers:[s7, s8, s9, s0, s1], listeners:[]
2024-10-31 03:27:55,539 INFO  server.RaftServer$Division (RaftServerImpl.java:setConfigurationAsync(1341)) - s8@group-4CD87B055E3A: receive setConfiguration SetConfigurationRequest:client-8FB543527D95->s8@group-4CD87B055E3A, cid=1984, seq=null, RW, null, SET_UNCONDITIONALLY, servers:[s7, s8, s9, s0, s1], listeners:[]
2024-10-31 03:27:55,640 INFO  server.RaftServer$Division (RaftServerImpl.java:setConfigurationAsync(1341)) - s7@group-4CD87B055E3A: receive setConfiguration SetConfigurationRequest:client-8FB543527D95->s7@group-4CD87B055E3A, cid=1984, seq=null, RW, null, SET_UNCONDITIONALLY, servers:[s7, s8, s9, s0, s1], listeners:[]
2024-10-31 03:27:55,740 INFO  server.RaftServer$Division (RaftServerImpl.java:setConfigurationAsync(1341)) - s9@group-4CD87B055E3A: receive setConfiguration SetConfigurationRequest:client-8FB543527D95->s9@group-4CD87B055E3A, cid=1984, seq=null, RW, null, SET_UNCONDITIONALLY, servers:[s7, s8, s9, s0, s1], listeners:[]
2024-10-31 03:27:55,841 INFO  server.RaftServer$Division (RaftServerImpl.java:setConfigurationAsync(1341)) - s7@group-4CD87B055E3A: receive setConfiguration SetConfigurationRequest:client-8FB543527D95->s7@group-4CD87B055E3A, cid=1984, seq=null, RW, null, SET_UNCONDITIONALLY, servers:[s7, s8, s9, s0, s1], listeners:[]
2024-10-31 03:27:55,941 INFO  server.RaftServer$Division (RaftServerImpl.java:setConfigurationAsync(1341)) - s8@group-4CD87B055E3A: receive setConfiguration SetConfigurationRequest:client-8FB543527D95->s8@group-4CD87B055E3A, cid=1984, seq=null, RW, null, SET_UNCONDITIONALLY, servers:[s7, s8, s9, s0, s1], listeners:[]
2024-10-31 03:27:55,992 INFO  impl.MiniRaftCluster (MiniRaftCluster.java:lambda$null$7(362)) - TIMED-PRINT: printing ALL groups
  s3:  RUNNING [
   FOLLOWER s3@group-4EB49E3E6D70:t0, leader=null, voted=, raftlog=Memoized:s3@group-4EB49E3E6D70-SegmentedRaftLog:OPENED:c-1:lastnull, conf=conf: {index: -1, cur=peers:[]|listeners:[], old=null} STARTING
   FOLLOWER s3@group-4CD87B055E3A:t0, leader=null, voted=, raftlog=Memoized:s3@group-4CD87B055E3A-SegmentedRaftLog:OPENED:c-1:lastnull, conf=conf: {index: -1, cur=peers:[]|listeners:[], old=null} STARTING] size=2
  s4:  RUNNING [
   FOLLOWER s4@group-4EB49E3E6D70:t0, leader=null, voted=, raftlog=Memoized:s4@group-4EB49E3E6D70-SegmentedRaftLog:OPENED:c-1:lastnull, conf=conf: {index: -1, cur=peers:[]|listeners:[], old=null} STARTING
   FOLLOWER s4@group-4CD87B055E3A:t0, leader=null, voted=, raftlog=Memoized:s4@group-4CD87B055E3A-SegmentedRaftLog:OPENED:c-1:lastnull, conf=conf: {index: -1, cur=peers:[]|listeners:[], old=null} STARTING] size=2
  s5:  RUNNING [
   FOLLOWER s5@group-4EB49E3E6D70:t0, leader=null, voted=, raftlog=Memoized:s5@group-4EB49E3E6D70-SegmentedRaftLog:OPENED:c-1:lastnull, conf=conf: {index: -1, cur=peers:[]|listeners:[], old=null} STARTING
   FOLLOWER s5@group-4CD87B055E3A:t0, leader=null, voted=, raftlog=Memoized:s5@group-4CD87B055E3A-SegmentedRaftLog:OPENED:c-1:lastnull, conf=conf: {index: -1, cur=peers:[]|listeners:[], old=null} STARTING] size=2
  s6:  RUNNING [
   FOLLOWER s6@group-4EB49E3E6D70:t0, leader=null, voted=, raftlog=Memoized:s6@group-4EB49E3E6D70-SegmentedRaftLog:OPENED:c-1:lastnull, conf=conf: {index: -1, cur=peers:[]|listeners:[], old=null} STARTING
   FOLLOWER s6@group-4CD87B055E3A:t0, leader=null, voted=, raftlog=Memoized:s6@group-4CD87B055E3A-SegmentedRaftLog:OPENED:c-1:lastnull, conf=conf: {index: -1, cur=peers:[]|listeners:[], old=null} STARTING] size=2
  s7:  RUNNING [
   FOLLOWER s7@group-4EB49E3E6D70:t0, leader=null, voted=, raftlog=Memoized:s7@group-4EB49E3E6D70-SegmentedRaftLog:OPENED:c-1:lastnull, conf=conf: {index: -1, cur=peers:[]|listeners:[], old=null} STARTING
     LEADER s7@group-4CD87B055E3A:t1, leader=s7, voted=s7, raftlog=Memoized:s7@group-4CD87B055E3A-SegmentedRaftLog:OPENED:c120:last(t:1, i:120), conf=conf: {index: 0, cur=peers:[s7, s8, s9]|listeners:[], old=null} RUNNING] size=2
  s8:  RUNNING [
   FOLLOWER s8@group-4EB49E3E6D70:t0, leader=null, voted=, raftlog=Memoized:s8@group-4EB49E3E6D70-SegmentedRaftLog:OPENED:c-1:lastnull, conf=conf: {index: -1, cur=peers:[]|listeners:[], old=null} STARTING
   FOLLOWER s8@group-4CD87B055E3A:t1, leader=s7, voted=s7, raftlog=Memoized:s8@group-4CD87B055E3A-SegmentedRaftLog:OPENED:c120:last(t:1, i:120), conf=conf: {index: 0, cur=peers:[s7|, s8|, s9|]|listeners:[], old=null} RUNNING] size=2
  s9:  RUNNING [
   FOLLOWER s9@group-4EB49E3E6D70:t0, leader=null, voted=, raftlog=Memoized:s9@group-4EB49E3E6D70-SegmentedRaftLog:OPENED:c-1:lastnull, conf=conf: {index: -1, cur=peers:[]|listeners:[], old=null} STARTING
   FOLLOWER s9@group-4CD87B055E3A:t1, leader=s7, voted=s7, raftlog=Memoized:s9@group-4CD87B055E3A-SegmentedRaftLog:OPENED:c120:last(t:1, i:120), conf=conf: {index: 0, cur=peers:[s7|, s8|, s9|]|listeners:[], old=null} RUNNING] size=2
  s11:  RUNNING [
   FOLLOWER s11@group-4EB49E3E6D70:t0, leader=null, voted=, raftlog=Memoized:s11@group-4EB49E3E6D70-SegmentedRaftLog:OPENED:c-1:lastnull, conf=conf: {index: -1, cur=peers:[]|listeners:[], old=null} STARTING
   FOLLOWER s11@group-4CD87B055E3A:t0, leader=null, voted=, raftlog=Memoized:s11@group-4CD87B055E3A-SegmentedRaftLog:OPENED:c-1:lastnull, conf=conf: {index: -1, cur=peers:[]|listeners:[], old=null} STARTING] size=2
  s10:  RUNNING [
   FOLLOWER s10@group-4EB49E3E6D70:t0, leader=null, voted=, raftlog=Memoized:s10@group-4EB49E3E6D70-SegmentedRaftLog:OPENED:c-1:lastnull, conf=conf: {index: -1, cur=peers:[]|listeners:[], old=null} STARTING
   FOLLOWER s10@group-4CD87B055E3A:t0, leader=null, voted=, raftlog=Memoized:s10@group-4CD87B055E3A-SegmentedRaftLog:OPENED:c-1:lastnull, conf=conf: {index: -1, cur=peers:[]|listeners:[], old=null} STARTING] size=2
  s13:  RUNNING [
   FOLLOWER s13@group-4EB49E3E6D70:t0, leader=null, voted=, raftlog=Memoized:s13@group-4EB49E3E6D70-SegmentedRaftLog:OPENED:c-1:lastnull, conf=conf: {index: -1, cur=peers:[]|listeners:[], old=null} STARTING
   FOLLOWER s13@group-4CD87B055E3A:t0, leader=null, voted=, raftlog=Memoized:s13@group-4CD87B055E3A-SegmentedRaftLog:OPENED:c-1:lastnull, conf=conf: {index: -1, cur=peers:[]|listeners:[], old=null} STARTING] size=2
  s12:  RUNNING [
   FOLLOWER s12@group-4EB49E3E6D70:t0, leader=null, voted=, raftlog=Memoized:s12@group-4EB49E3E6D70-SegmentedRaftLog:OPENED:c-1:lastnull, conf=conf: {index: -1, cur=peers:[]|listeners:[], old=null} STARTING
   FOLLOWER s12@group-4CD87B055E3A:t0, leader=null, voted=, raftlog=Memoized:s12@group-4CD87B055E3A-SegmentedRaftLog:OPENED:c-1:lastnull, conf=conf: {index: -1, cur=peers:[]|listeners:[], old=null} STARTING] size=2
  s14:  RUNNING [
   FOLLOWER s14@group-4EB49E3E6D70:t0, leader=null, voted=, raftlog=Memoized:s14@group-4EB49E3E6D70-SegmentedRaftLog:OPENED:c-1:lastnull, conf=conf: {index: -1, cur=peers:[]|listeners:[], old=null} STARTING
   FOLLOWER s14@group-4CD87B055E3A:t0, leader=null, voted=, raftlog=Memoized:s14@group-4CD87B055E3A-SegmentedRaftLog:OPENED:c-1:lastnull, conf=conf: {index: -1, cur=peers:[]|listeners:[], old=null} STARTING] size=2
  s0:  RUNNING [
   FOLLOWER s0@group-4EB49E3E6D70:t0, leader=null, voted=, raftlog=Memoized:s0@group-4EB49E3E6D70-SegmentedRaftLog:OPENED:c-1:lastnull, conf=conf: {index: -1, cur=peers:[]|listeners:[], old=null} STARTING
   FOLLOWER s0@group-4CD87B055E3A:t1, leader=s7, voted=null, raftlog=Memoized:s0@group-4CD87B055E3A-SegmentedRaftLog:OPENED:c120:last(t:1, i:120), conf=conf: {index: 0, cur=peers:[s7|, s8|, s9|]|listeners:[], old=null} STARTING] size=2
  s1:  RUNNING [
   FOLLOWER s1@group-4EB49E3E6D70:t0, leader=null, voted=, raftlog=Memoized:s1@group-4EB49E3E6D70-SegmentedRaftLog:OPENED:c-1:lastnull, conf=conf: {index: -1, cur=peers:[]|listeners:[], old=null} STARTING
   FOLLOWER s1@group-4CD87B055E3A:t1, leader=s7, voted=null, raftlog=Memoized:s1@group-4CD87B055E3A-SegmentedRaftLog:OPENED:c120:last(t:1, i:120), conf=conf: {index: 0, cur=peers:[s7|, s8|, s9|]|listeners:[], old=null} STARTING] size=2
  s2:  RUNNING [
   FOLLOWER s2@group-4EB49E3E6D70:t0, leader=null, voted=, raftlog=Memoized:s2@group-4EB49E3E6D70-SegmentedRaftLog:OPENED:c-1:lastnull, conf=conf: {index: -1, cur=peers:[]|listeners:[], old=null} STARTING
   FOLLOWER s2@group-4CD87B055E3A:t0, leader=null, voted=, raftlog=Memoized:s2@group-4CD87B055E3A-SegmentedRaftLog:OPENED:c-1:lastnull, conf=conf: {index: -1, cur=peers:[]|listeners:[], old=null} STARTING] size=2
2024-10-31 03:27:56,041 INFO  server.RaftServer$Division (RaftServerImpl.java:setConfigurationAsync(1341)) - s7@group-4CD87B055E3A: receive setConfiguration SetConfigurationRequest:client-8FB543527D95->s7@group-4CD87B055E3A, cid=1984, seq=null, RW, null, SET_UNCONDITIONALLY, servers:[s7, s8, s9, s0, s1], listeners:[]
2024-10-31 03:27:56,142 INFO  server.RaftServer$Division (RaftServerImpl.java:setConfigurationAsync(1341)) - s9@group-4CD87B055E3A: receive setConfiguration SetConfigurationRequest:client-8FB543527D95->s9@group-4CD87B055E3A, cid=1984, seq=null, RW, null, SET_UNCONDITIONALLY, servers:[s7, s8, s9, s0, s1], listeners:[]
2024-10-31 03:27:56,243 INFO  server.RaftServer$Division (RaftServerImpl.java:setConfigurationAsync(1341)) - s7@group-4CD87B055E3A: receive setConfiguration SetConfigurationRequest:client-8FB543527D95->s7@group-4CD87B055E3A, cid=1984, seq=null, RW, null, SET_UNCONDITIONALLY, servers:[s7, s8, s9, s0, s1], listeners:[]
2024-10-31 03:27:56,343 INFO  server.RaftServer$Division (RaftServerImpl.java:setConfigurationAsync(1341)) - s9@group-4CD87B055E3A: receive setConfiguration SetConfigurationRequest:client-8FB543527D95->s9@group-4CD87B055E3A, cid=1984, seq=null, RW, null, SET_UNCONDITIONALLY, servers:[s7, s8, s9, s0, s1], listeners:[]
2024-10-31 03:27:56,443 INFO  server.RaftServer$Division (RaftServerImpl.java:setConfigurationAsync(1341)) - s7@group-4CD87B055E3A: receive setConfiguration SetConfigurationRequest:client-8FB543527D95->s7@group-4CD87B055E3A, cid=1984, seq=null, RW, null, SET_UNCONDITIONALLY, servers:[s7, s8, s9, s0, s1], listeners:[]
2024-10-31 03:27:56,544 INFO  server.RaftServer$Division (RaftServerImpl.java:setConfigurationAsync(1341)) - s9@group-4CD87B055E3A: receive setConfiguration SetConfigurationRequest:client-8FB543527D95->s9@group-4CD87B055E3A, cid=1984, seq=null, RW, null, SET_UNCONDITIONALLY, servers:[s7, s8, s9, s0, s1], listeners:[]
2024-10-31 03:27:56,644 INFO  server.RaftServer$Division (RaftServerImpl.java:setConfigurationAsync(1341)) - s7@group-4CD87B055E3A: receive setConfiguration SetConfigurationRequest:client-8FB543527D95->s7@group-4CD87B055E3A, cid=1984, seq=null, RW, null, SET_UNCONDITIONALLY, servers:[s7, s8, s9, s0, s1], listeners:[]
2024-10-31 03:27:56,745 INFO  server.RaftServer$Division (RaftServerImpl.java:setConfigurationAsync(1341)) - s8@group-4CD87B055E3A: receive setConfiguration SetConfigurationRequest:client-8FB543527D95->s8@group-4CD87B055E3A, cid=1984, seq=null, RW, null, SET_UNCONDITIONALLY, servers:[s7, s8, s9, s0, s1], listeners:[]
2024-10-31 03:27:56,845 INFO  server.RaftServer$Division (RaftServerImpl.java:setConfigurationAsync(1341)) - s7@group-4CD87B055E3A: receive setConfiguration SetConfigurationRequest:client-8FB543527D95->s7@group-4CD87B055E3A, cid=1984, seq=null, RW, null, SET_UNCONDITIONALLY, servers:[s7, s8, s9, s0, s1], listeners:[]
2024-10-31 03:27:56,945 INFO  server.RaftServer$Division (RaftServerImpl.java:setConfigurationAsync(1341)) - s8@group-4CD87B055E3A: receive setConfiguration SetConfigurationRequest:client-8FB543527D95->s8@group-4CD87B055E3A, cid=1984, seq=null, RW, null, SET_UNCONDITIONALLY, servers:[s7, s8, s9, s0, s1], listeners:[]
2024-10-31 03:27:57,046 INFO  server.RaftServer$Division (RaftServerImpl.java:setConfigurationAsync(1341)) - s7@group-4CD87B055E3A: receive setConfiguration SetConfigurationRequest:client-8FB543527D95->s7@group-4CD87B055E3A, cid=1984, seq=null, RW, null, SET_UNCONDITIONALLY, servers:[s7, s8, s9, s0, s1], listeners:[]
2024-10-31 03:27:57,146 INFO  server.RaftServer$Division (RaftServerImpl.java:setConfigurationAsync(1341)) - s9@group-4CD87B055E3A: receive setConfiguration SetConfigurationRequest:client-8FB543527D95->s9@group-4CD87B055E3A, cid=1984, seq=null, RW, null, SET_UNCONDITIONALLY, servers:[s7, s8, s9, s0, s1], listeners:[]
2024-10-31 03:27:57,246 INFO  server.RaftServer$Division (RaftServerImpl.java:setConfigurationAsync(1341)) - s7@group-4CD87B055E3A: receive setConfiguration SetConfigurationRequest:client-8FB543527D95->s7@group-4CD87B055E3A, cid=1984, seq=null, RW, null, SET_UNCONDITIONALLY, servers:[s7, s8, s9, s0, s1], listeners:[]
2024-10-31 03:27:57,347 INFO  server.RaftServer$Division (RaftServerImpl.java:setConfigurationAsync(1341)) - s9@group-4CD87B055E3A: receive setConfiguration SetConfigurationRequest:client-8FB543527D95->s9@group-4CD87B055E3A, cid=1984, seq=null, RW, null, SET_UNCONDITIONALLY, servers:[s7, s8, s9, s0, s1], listeners:[]
2024-10-31 03:27:57,447 INFO  server.RaftServer$Division (RaftServerImpl.java:setConfigurationAsync(1341)) - s7@group-4CD87B055E3A: receive setConfiguration SetConfigurationRequest:client-8FB543527D95->s7@group-4CD87B055E3A, cid=1984, seq=null, RW, null, SET_UNCONDITIONALLY, servers:[s7, s8, s9, s0, s1], listeners:[]
2024-10-31 03:27:57,547 INFO  server.RaftServer$Division (RaftServerImpl.java:setConfigurationAsync(1341)) - s9@group-4CD87B055E3A: receive setConfiguration SetConfigurationRequest:client-8FB543527D95->s9@group-4CD87B055E3A, cid=1984, seq=null, RW, null, SET_UNCONDITIONALLY, servers:[s7, s8, s9, s0, s1], listeners:[]
2024-10-31 03:27:57,648 INFO  server.RaftServer$Division (RaftServerImpl.java:setConfigurationAsync(1341)) - s7@group-4CD87B055E3A: receive setConfiguration SetConfigurationRequest:client-8FB543527D95->s7@group-4CD87B055E3A, cid=1984, seq=null, RW, null, SET_UNCONDITIONALLY, servers:[s7, s8, s9, s0, s1], listeners:[]
2024-10-31 03:27:57,748 INFO  server.RaftServer$Division (RaftServerImpl.java:setConfigurationAsync(1341)) - s8@group-4CD87B055E3A: receive setConfiguration SetConfigurationRequest:client-8FB543527D95->s8@group-4CD87B055E3A, cid=1984, seq=null, RW, null, SET_UNCONDITIONALLY, servers:[s7, s8, s9, s0, s1], listeners:[]
2024-10-31 03:27:57,848 INFO  server.RaftServer$Division (RaftServerImpl.java:setConfigurationAsync(1341)) - s7@group-4CD87B055E3A: receive setConfiguration SetConfigurationRequest:client-8FB543527D95->s7@group-4CD87B055E3A, cid=1984, seq=null, RW, null, SET_UNCONDITIONALLY, servers:[s7, s8, s9, s0, s1], listeners:[]
2024-10-31 03:27:57,949 INFO  server.RaftServer$Division (RaftServerImpl.java:setConfigurationAsync(1341)) - s8@group-4CD87B055E3A: receive setConfiguration SetConfigurationRequest:client-8FB543527D95->s8@group-4CD87B055E3A, cid=1984, seq=null, RW, null, SET_UNCONDITIONALLY, servers:[s7, s8, s9, s0, s1], listeners:[]
2024-10-31 03:27:58,049 INFO  server.RaftServer$Division (RaftServerImpl.java:setConfigurationAsync(1341)) - s7@group-4CD87B055E3A: receive setConfiguration SetConfigurationRequest:client-8FB543527D95->s7@group-4CD87B055E3A, cid=1984, seq=null, RW, null, SET_UNCONDITIONALLY, servers:[s7, s8, s9, s0, s1], listeners:[]
2024-10-31 03:27:58,149 INFO  server.RaftServer$Division (RaftServerImpl.java:setConfigurationAsync(1341)) - s9@group-4CD87B055E3A: receive setConfiguration SetConfigurationRequest:client-8FB543527D95->s9@group-4CD87B055E3A, cid=1984, seq=null, RW, null, SET_UNCONDITIONALLY, servers:[s7, s8, s9, s0, s1], listeners:[]
2024-10-31 03:27:58,250 INFO  server.RaftServer$Division (RaftServerImpl.java:setConfigurationAsync(1341)) - s7@group-4CD87B055E3A: receive setConfiguration SetConfigurationRequest:client-8FB543527D95->s7@group-4CD87B055E3A, cid=1984, seq=null, RW, null, SET_UNCONDITIONALLY, servers:[s7, s8, s9, s0, s1], listeners:[]
2024-10-31 03:27:58,350 INFO  server.RaftServer$Division (RaftServerImpl.java:setConfigurationAsync(1341)) - s8@group-4CD87B055E3A: receive setConfiguration SetConfigurationRequest:client-8FB543527D95->s8@group-4CD87B055E3A, cid=1984, seq=null, RW, null, SET_UNCONDITIONALLY, servers:[s7, s8, s9, s0, s1], listeners:[]
2024-10-31 03:27:58,451 INFO  server.RaftServer$Division (RaftServerImpl.java:setConfigurationAsync(1341)) - s7@group-4CD87B055E3A: receive setConfiguration SetConfigurationRequest:client-8FB543527D95->s7@group-4CD87B055E3A, cid=1984, seq=null, RW, null, SET_UNCONDITIONALLY, servers:[s7, s8, s9, s0, s1], listeners:[]
2024-10-31 03:27:58,551 INFO  server.RaftServer$Division (RaftServerImpl.java:setConfigurationAsync(1341)) - s8@group-4CD87B055E3A: receive setConfiguration SetConfigurationRequest:client-8FB543527D95->s8@group-4CD87B055E3A, cid=1984, seq=null, RW, null, SET_UNCONDITIONALLY, servers:[s7, s8, s9, s0, s1], listeners:[]
2024-10-31 03:27:58,652 INFO  server.RaftServer$Division (RaftServerImpl.java:setConfigurationAsync(1341)) - s7@group-4CD87B055E3A: receive setConfiguration SetConfigurationRequest:client-8FB543527D95->s7@group-4CD87B055E3A, cid=1984, seq=null, RW, null, SET_UNCONDITIONALLY, servers:[s7, s8, s9, s0, s1], listeners:[]
2024-10-31 03:27:58,752 INFO  server.RaftServer$Division (RaftServerImpl.java:setConfigurationAsync(1341)) - s8@group-4CD87B055E3A: receive setConfiguration SetConfigurationRequest:client-8FB543527D95->s8@group-4CD87B055E3A, cid=1984, seq=null, RW, null, SET_UNCONDITIONALLY, servers:[s7, s8, s9, s0, s1], listeners:[]
2024-10-31 03:27:58,852 INFO  server.RaftServer$Division (RaftServerImpl.java:setConfigurationAsync(1341)) - s7@group-4CD87B055E3A: receive setConfiguration SetConfigurationRequest:client-8FB543527D95->s7@group-4CD87B055E3A, cid=1984, seq=null, RW, null, SET_UNCONDITIONALLY, servers:[s7, s8, s9, s0, s1], listeners:[]
2024-10-31 03:27:58,953 INFO  server.RaftServer$Division (RaftServerImpl.java:setConfigurationAsync(1341)) - s8@group-4CD87B055E3A: receive setConfiguration SetConfigurationRequest:client-8FB543527D95->s8@group-4CD87B055E3A, cid=1984, seq=null, RW, null, SET_UNCONDITIONALLY, servers:[s7, s8, s9, s0, s1], listeners:[]
2024-10-31 03:27:59,053 INFO  server.RaftServer$Division (RaftServerImpl.java:setConfigurationAsync(1341)) - s7@group-4CD87B055E3A: receive setConfiguration SetConfigurationRequest:client-8FB543527D95->s7@group-4CD87B055E3A, cid=1984, seq=null, RW, null, SET_UNCONDITIONALLY, servers:[s7, s8, s9, s0, s1], listeners:[]
2024-10-31 03:27:59,154 INFO  server.RaftServer$Division (RaftServerImpl.java:setConfigurationAsync(1341)) - s9@group-4CD87B055E3A: receive setConfiguration SetConfigurationRequest:client-8FB543527D95->s9@group-4CD87B055E3A, cid=1984, seq=null, RW, null, SET_UNCONDITIONALLY, servers:[s7, s8, s9, s0, s1], listeners:[]
2024-10-31 03:27:59,254 INFO  server.RaftServer$Division (RaftServerImpl.java:setConfigurationAsync(1341)) - s7@group-4CD87B055E3A: receive setConfiguration SetConfigurationRequest:client-8FB543527D95->s7@group-4CD87B055E3A, cid=1984, seq=null, RW, null, SET_UNCONDITIONALLY, servers:[s7, s8, s9, s0, s1], listeners:[]
2024-10-31 03:27:59,355 INFO  server.RaftServer$Division (RaftServerImpl.java:setConfigurationAsync(1341)) - s8@group-4CD87B055E3A: receive setConfiguration SetConfigurationRequest:client-8FB543527D95->s8@group-4CD87B055E3A, cid=1984, seq=null, RW, null, SET_UNCONDITIONALLY, servers:[s7, s8, s9, s0, s1], listeners:[]
2024-10-31 03:27:59,455 INFO  server.RaftServer$Division (RaftServerImpl.java:setConfigurationAsync(1341)) - s7@group-4CD87B055E3A: receive setConfiguration SetConfigurationRequest:client-8FB543527D95->s7@group-4CD87B055E3A, cid=1984, seq=null, RW, null, SET_UNCONDITIONALLY, servers:[s7, s8, s9, s0, s1], listeners:[]
2024-10-31 03:27:59,556 INFO  server.RaftServer$Division (RaftServerImpl.java:setConfigurationAsync(1341)) - s9@group-4CD87B055E3A: receive setConfiguration SetConfigurationRequest:client-8FB543527D95->s9@group-4CD87B055E3A, cid=1984, seq=null, RW, null, SET_UNCONDITIONALLY, servers:[s7, s8, s9, s0, s1], listeners:[]
2024-10-31 03:27:59,656 INFO  server.RaftServer$Division (RaftServerImpl.java:setConfigurationAsync(1341)) - s7@group-4CD87B055E3A: receive setConfiguration SetConfigurationRequest:client-8FB543527D95->s7@group-4CD87B055E3A, cid=1984, seq=null, RW, null, SET_UNCONDITIONALLY, servers:[s7, s8, s9, s0, s1], listeners:[]
2024-10-31 03:27:59,756 INFO  server.RaftServer$Division (RaftServerImpl.java:setConfigurationAsync(1341)) - s8@group-4CD87B055E3A: receive setConfiguration SetConfigurationRequest:client-8FB543527D95->s8@group-4CD87B055E3A, cid=1984, seq=null, RW, null, SET_UNCONDITIONALLY, servers:[s7, s8, s9, s0, s1], listeners:[]
2024-10-31 03:27:59,857 INFO  server.RaftServer$Division (RaftServerImpl.java:setConfigurationAsync(1341)) - s7@group-4CD87B055E3A: receive setConfiguration SetConfigurationRequest:client-8FB543527D95->s7@group-4CD87B055E3A, cid=1984, seq=null, RW, null, SET_UNCONDITIONALLY, servers:[s7, s8, s9, s0, s1], listeners:[]
2024-10-31 03:27:59,957 INFO  server.RaftServer$Division (RaftServerImpl.java:setConfigurationAsync(1341)) - s9@group-4CD87B055E3A: receive setConfiguration SetConfigurationRequest:client-8FB543527D95->s9@group-4CD87B055E3A, cid=1984, seq=null, RW, null, SET_UNCONDITIONALLY, servers:[s7, s8, s9, s0, s1], listeners:[]
2024-10-31 03:28:00,058 INFO  server.RaftServer$Division (RaftServerImpl.java:setConfigurationAsync(1341)) - s7@group-4CD87B055E3A: receive setConfiguration SetConfigurationRequest:client-8FB543527D95->s7@group-4CD87B055E3A, cid=1984, seq=null, RW, null, SET_UNCONDITIONALLY, servers:[s7, s8, s9, s0, s1], listeners:[]
2024-10-31 03:28:00,158 INFO  server.RaftServer$Division (RaftServerImpl.java:setConfigurationAsync(1341)) - s9@group-4CD87B055E3A: receive setConfiguration SetConfigurationRequest:client-8FB543527D95->s9@group-4CD87B055E3A, cid=1984, seq=null, RW, null, SET_UNCONDITIONALLY, servers:[s7, s8, s9, s0, s1], listeners:[]
2024-10-31 03:28:00,258 INFO  server.RaftServer$Division (RaftServerImpl.java:setConfigurationAsync(1341)) - s7@group-4CD87B055E3A: receive setConfiguration SetConfigurationRequest:client-8FB543527D95->s7@group-4CD87B055E3A, cid=1984, seq=null, RW, null, SET_UNCONDITIONALLY, servers:[s7, s8, s9, s0, s1], listeners:[]
2024-10-31 03:28:00,359 INFO  server.RaftServer$Division (RaftServerImpl.java:setConfigurationAsync(1341)) - s9@group-4CD87B055E3A: receive setConfiguration SetConfigurationRequest:client-8FB543527D95->s9@group-4CD87B055E3A, cid=1984, seq=null, RW, null, SET_UNCONDITIONALLY, servers:[s7, s8, s9, s0, s1], listeners:[]
2024-10-31 03:28:00,459 INFO  server.RaftServer$Division (RaftServerImpl.java:setConfigurationAsync(1341)) - s7@group-4CD87B055E3A: receive setConfiguration SetConfigurationRequest:client-8FB543527D95->s7@group-4CD87B055E3A, cid=1984, seq=null, RW, null, SET_UNCONDITIONALLY, servers:[s7, s8, s9, s0, s1], listeners:[]
2024-10-31 03:28:00,560 INFO  server.RaftServer$Division (RaftServerImpl.java:setConfigurationAsync(1341)) - s9@group-4CD87B055E3A: receive setConfiguration SetConfigurationRequest:client-8FB543527D95->s9@group-4CD87B055E3A, cid=1984, seq=null, RW, null, SET_UNCONDITIONALLY, servers:[s7, s8, s9, s0, s1], listeners:[]
2024-10-31 03:28:00,660 INFO  server.RaftServer$Division (RaftServerImpl.java:setConfigurationAsync(1341)) - s7@group-4CD87B055E3A: receive setConfiguration SetConfigurationRequest:client-8FB543527D95->s7@group-4CD87B055E3A, cid=1984, seq=null, RW, null, SET_UNCONDITIONALLY, servers:[s7, s8, s9, s0, s1], listeners:[]
2024-10-31 03:28:00,761 INFO  server.RaftServer$Division (RaftServerImpl.java:setConfigurationAsync(1341)) - s9@group-4CD87B055E3A: receive setConfiguration SetConfigurationRequest:client-8FB543527D95->s9@group-4CD87B055E3A, cid=1984, seq=null, RW, null, SET_UNCONDITIONALLY, servers:[s7, s8, s9, s0, s1], listeners:[]
2024-10-31 03:28:00,861 INFO  server.RaftServer$Division (RaftServerImpl.java:setConfigurationAsync(1341)) - s7@group-4CD87B055E3A: receive setConfiguration SetConfigurationRequest:client-8FB543527D95->s7@group-4CD87B055E3A, cid=1984, seq=null, RW, null, SET_UNCONDITIONALLY, servers:[s7, s8, s9, s0, s1], listeners:[]
2024-10-31 03:28:00,961 INFO  server.RaftServer$Division (RaftServerImpl.java:setConfigurationAsync(1341)) - s9@group-4CD87B055E3A: receive setConfiguration SetConfigurationRequest:client-8FB543527D95->s9@group-4CD87B055E3A, cid=1984, seq=null, RW, null, SET_UNCONDITIONALLY, servers:[s7, s8, s9, s0, s1], listeners:[]
2024-10-31 03:28:01,062 INFO  server.RaftServer$Division (RaftServerImpl.java:setConfigurationAsync(1341)) - s7@group-4CD87B055E3A: receive setConfiguration SetConfigurationRequest:client-8FB543527D95->s7@group-4CD87B055E3A, cid=1984, seq=null, RW, null, SET_UNCONDITIONALLY, servers:[s7, s8, s9, s0, s1], listeners:[]
2024-10-31 03:28:01,162 INFO  server.RaftServer$Division (RaftServerImpl.java:setConfigurationAsync(1341)) - s8@group-4CD87B055E3A: receive setConfiguration SetConfigurationRequest:client-8FB543527D95->s8@group-4CD87B055E3A, cid=1984, seq=null, RW, null, SET_UNCONDITIONALLY, servers:[s7, s8, s9, s0, s1], listeners:[]
2024-10-31 03:28:01,263 INFO  server.RaftServer$Division (RaftServerImpl.java:setConfigurationAsync(1341)) - s7@group-4CD87B055E3A: receive setConfiguration SetConfigurationRequest:client-8FB543527D95->s7@group-4CD87B055E3A, cid=1984, seq=null, RW, null, SET_UNCONDITIONALLY, servers:[s7, s8, s9, s0, s1], listeners:[]
2024-10-31 03:28:01,363 INFO  server.RaftServer$Division (RaftServerImpl.java:setConfigurationAsync(1341)) - s9@group-4CD87B055E3A: receive setConfiguration SetConfigurationRequest:client-8FB543527D95->s9@group-4CD87B055E3A, cid=1984, seq=null, RW, null, SET_UNCONDITIONALLY, servers:[s7, s8, s9, s0, s1], listeners:[]
2024-10-31 03:28:01,464 INFO  server.RaftServer$Division (RaftServerImpl.java:setConfigurationAsync(1341)) - s7@group-4CD87B055E3A: receive setConfiguration SetConfigurationRequest:client-8FB543527D95->s7@group-4CD87B055E3A, cid=1984, seq=null, RW, null, SET_UNCONDITIONALLY, servers:[s7, s8, s9, s0, s1], listeners:[]
2024-10-31 03:28:01,564 INFO  server.RaftServer$Division (RaftServerImpl.java:setConfigurationAsync(1341)) - s9@group-4CD87B055E3A: receive setConfiguration SetConfigurationRequest:client-8FB543527D95->s9@group-4CD87B055E3A, cid=1984, seq=null, RW, null, SET_UNCONDITIONALLY, servers:[s7, s8, s9, s0, s1], listeners:[]
2024-10-31 03:28:01,664 INFO  server.RaftServer$Division (RaftServerImpl.java:setConfigurationAsync(1341)) - s7@group-4CD87B055E3A: receive setConfiguration SetConfigurationRequest:client-8FB543527D95->s7@group-4CD87B055E3A, cid=1984, seq=null, RW, null, SET_UNCONDITIONALLY, servers:[s7, s8, s9, s0, s1], listeners:[]
2024-10-31 03:28:01,765 INFO  server.RaftServer$Division (RaftServerImpl.java:setConfigurationAsync(1341)) - s9@group-4CD87B055E3A: receive setConfiguration SetConfigurationRequest:client-8FB543527D95->s9@group-4CD87B055E3A, cid=1984, seq=null, RW, null, SET_UNCONDITIONALLY, servers:[s7, s8, s9, s0, s1], listeners:[]
2024-10-31 03:28:01,865 INFO  server.RaftServer$Division (RaftServerImpl.java:setConfigurationAsync(1341)) - s7@group-4CD87B055E3A: receive setConfiguration SetConfigurationRequest:client-8FB543527D95->s7@group-4CD87B055E3A, cid=1984, seq=null, RW, null, SET_UNCONDITIONALLY, servers:[s7, s8, s9, s0, s1], listeners:[]
2024-10-31 03:28:01,965 INFO  server.RaftServer$Division (RaftServerImpl.java:setConfigurationAsync(1341)) - s9@group-4CD87B055E3A: receive setConfiguration SetConfigurationRequest:client-8FB543527D95->s9@group-4CD87B055E3A, cid=1984, seq=null, RW, null, SET_UNCONDITIONALLY, servers:[s7, s8, s9, s0, s1], listeners:[]
2024-10-31 03:28:02,066 INFO  server.RaftServer$Division (RaftServerImpl.java:setConfigurationAsync(1341)) - s7@group-4CD87B055E3A: receive setConfiguration SetConfigurationRequest:client-8FB543527D95->s7@group-4CD87B055E3A, cid=1984, seq=null, RW, null, SET_UNCONDITIONALLY, servers:[s7, s8, s9, s0, s1], listeners:[]
2024-10-31 03:28:02,166 INFO  server.RaftServer$Division (RaftServerImpl.java:setConfigurationAsync(1341)) - s9@group-4CD87B055E3A: receive setConfiguration SetConfigurationRequest:client-8FB543527D95->s9@group-4CD87B055E3A, cid=1984, seq=null, RW, null, SET_UNCONDITIONALLY, servers:[s7, s8, s9, s0, s1], listeners:[]
2024-10-31 03:28:02,266 INFO  server.RaftServer$Division (RaftServerImpl.java:setConfigurationAsync(1341)) - s7@group-4CD87B055E3A: receive setConfiguration SetConfigurationRequest:client-8FB543527D95->s7@group-4CD87B055E3A, cid=1984, seq=null, RW, null, SET_UNCONDITIONALLY, servers:[s7, s8, s9, s0, s1], listeners:[]
2024-10-31 03:28:02,367 INFO  server.RaftServer$Division (RaftServerImpl.java:setConfigurationAsync(1341)) - s8@group-4CD87B055E3A: receive setConfiguration SetConfigurationRequest:client-8FB543527D95->s8@group-4CD87B055E3A, cid=1984, seq=null, RW, null, SET_UNCONDITIONALLY, servers:[s7, s8, s9, s0, s1], listeners:[]
2024-10-31 03:28:02,467 INFO  server.RaftServer$Division (RaftServerImpl.java:setConfigurationAsync(1341)) - s7@group-4CD87B055E3A: receive setConfiguration SetConfigurationRequest:client-8FB543527D95->s7@group-4CD87B055E3A, cid=1984, seq=null, RW, null, SET_UNCONDITIONALLY, servers:[s7, s8, s9, s0, s1], listeners:[]
2024-10-31 03:28:02,568 INFO  server.RaftServer$Division (RaftServerImpl.java:setConfigurationAsync(1341)) - s9@group-4CD87B055E3A: receive setConfiguration SetConfigurationRequest:client-8FB543527D95->s9@group-4CD87B055E3A, cid=1984, seq=null, RW, null, SET_UNCONDITIONALLY, servers:[s7, s8, s9, s0, s1], listeners:[]
2024-10-31 03:28:02,668 INFO  server.RaftServer$Division (RaftServerImpl.java:setConfigurationAsync(1341)) - s7@group-4CD87B055E3A: receive setConfiguration SetConfigurationRequest:client-8FB543527D95->s7@group-4CD87B055E3A, cid=1984, seq=null, RW, null, SET_UNCONDITIONALLY, servers:[s7, s8, s9, s0, s1], listeners:[]
2024-10-31 03:28:02,768 INFO  server.RaftServer$Division (RaftServerImpl.java:setConfigurationAsync(1341)) - s9@group-4CD87B055E3A: receive setConfiguration SetConfigurationRequest:client-8FB543527D95->s9@group-4CD87B055E3A, cid=1984, seq=null, RW, null, SET_UNCONDITIONALLY, servers:[s7, s8, s9, s0, s1], listeners:[]
2024-10-31 03:28:02,869 INFO  server.RaftServer$Division (RaftServerImpl.java:setConfigurationAsync(1341)) - s7@group-4CD87B055E3A: receive setConfiguration SetConfigurationRequest:client-8FB543527D95->s7@group-4CD87B055E3A, cid=1984, seq=null, RW, null, SET_UNCONDITIONALLY, servers:[s7, s8, s9, s0, s1], listeners:[]
2024-10-31 03:28:02,969 INFO  server.RaftServer$Division (RaftServerImpl.java:setConfigurationAsync(1341)) - s8@group-4CD87B055E3A: receive setConfiguration SetConfigurationRequest:client-8FB543527D95->s8@group-4CD87B055E3A, cid=1984, seq=null, RW, null, SET_UNCONDITIONALLY, servers:[s7, s8, s9, s0, s1], listeners:[]
2024-10-31 03:28:03,069 INFO  server.RaftServer$Division (RaftServerImpl.java:setConfigurationAsync(1341)) - s7@group-4CD87B055E3A: receive setConfiguration SetConfigurationRequest:client-8FB543527D95->s7@group-4CD87B055E3A, cid=1984, seq=null, RW, null, SET_UNCONDITIONALLY, servers:[s7, s8, s9, s0, s1], listeners:[]
2024-10-31 03:28:03,170 INFO  server.RaftServer$Division (RaftServerImpl.java:setConfigurationAsync(1341)) - s9@group-4CD87B055E3A: receive setConfiguration SetConfigurationRequest:client-8FB543527D95->s9@group-4CD87B055E3A, cid=1984, seq=null, RW, null, SET_UNCONDITIONALLY, servers:[s7, s8, s9, s0, s1], listeners:[]
2024-10-31 03:28:03,270 INFO  server.RaftServer$Division (RaftServerImpl.java:setConfigurationAsync(1341)) - s7@group-4CD87B055E3A: receive setConfiguration SetConfigurationRequest:client-8FB543527D95->s7@group-4CD87B055E3A, cid=1984, seq=null, RW, null, SET_UNCONDITIONALLY, servers:[s7, s8, s9, s0, s1], listeners:[]
2024-10-31 03:28:03,370 INFO  server.RaftServer$Division (RaftServerImpl.java:setConfigurationAsync(1341)) - s8@group-4CD87B055E3A: receive setConfiguration SetConfigurationRequest:client-8FB543527D95->s8@group-4CD87B055E3A, cid=1984, seq=null, RW, null, SET_UNCONDITIONALLY, servers:[s7, s8, s9, s0, s1], listeners:[]
2024-10-31 03:28:03,471 INFO  server.RaftServer$Division (RaftServerImpl.java:setConfigurationAsync(1341)) - s7@group-4CD87B055E3A: receive setConfiguration SetConfigurationRequest:client-8FB543527D95->s7@group-4CD87B055E3A, cid=1984, seq=null, RW, null, SET_UNCONDITIONALLY, servers:[s7, s8, s9, s0, s1], listeners:[]
2024-10-31 03:28:03,571 INFO  server.RaftServer$Division (RaftServerImpl.java:setConfigurationAsync(1341)) - s9@group-4CD87B055E3A: receive setConfiguration SetConfigurationRequest:client-8FB543527D95->s9@group-4CD87B055E3A, cid=1984, seq=null, RW, null, SET_UNCONDITIONALLY, servers:[s7, s8, s9, s0, s1], listeners:[]
2024-10-31 03:28:03,672 INFO  server.RaftServer$Division (RaftServerImpl.java:setConfigurationAsync(1341)) - s7@group-4CD87B055E3A: receive setConfiguration SetConfigurationRequest:client-8FB543527D95->s7@group-4CD87B055E3A, cid=1984, seq=null, RW, null, SET_UNCONDITIONALLY, servers:[s7, s8, s9, s0, s1], listeners:[]
2024-10-31 03:28:03,772 INFO  server.RaftServer$Division (RaftServerImpl.java:setConfigurationAsync(1341)) - s8@group-4CD87B055E3A: receive setConfiguration SetConfigurationRequest:client-8FB543527D95->s8@group-4CD87B055E3A, cid=1984, seq=null, RW, null, SET_UNCONDITIONALLY, servers:[s7, s8, s9, s0, s1], listeners:[]
2024-10-31 03:28:03,872 INFO  server.RaftServer$Division (RaftServerImpl.java:setConfigurationAsync(1341)) - s7@group-4CD87B055E3A: receive setConfiguration SetConfigurationRequest:client-8FB543527D95->s7@group-4CD87B055E3A, cid=1984, seq=null, RW, null, SET_UNCONDITIONALLY, servers:[s7, s8, s9, s0, s1], listeners:[]
2024-10-31 03:28:03,973 INFO  server.RaftServer$Division (RaftServerImpl.java:setConfigurationAsync(1341)) - s9@group-4CD87B055E3A: receive setConfiguration SetConfigurationRequest:client-8FB543527D95->s9@group-4CD87B055E3A, cid=1984, seq=null, RW, null, SET_UNCONDITIONALLY, servers:[s7, s8, s9, s0, s1], listeners:[]
2024-10-31 03:28:04,073 INFO  server.RaftServer$Division (RaftServerImpl.java:setConfigurationAsync(1341)) - s7@group-4CD87B055E3A: receive setConfiguration SetConfigurationRequest:client-8FB543527D95->s7@group-4CD87B055E3A, cid=1984, seq=null, RW, null, SET_UNCONDITIONALLY, servers:[s7, s8, s9, s0, s1], listeners:[]
2024-10-31 03:28:04,174 INFO  server.RaftServer$Division (RaftServerImpl.java:setConfigurationAsync(1341)) - s8@group-4CD87B055E3A: receive setConfiguration SetConfigurationRequest:client-8FB543527D95->s8@group-4CD87B055E3A, cid=1984, seq=null, RW, null, SET_UNCONDITIONALLY, servers:[s7, s8, s9, s0, s1], listeners:[]
2024-10-31 03:28:04,274 INFO  server.RaftServer$Division (RaftServerImpl.java:setConfigurationAsync(1341)) - s7@group-4CD87B055E3A: receive setConfiguration SetConfigurationRequest:client-8FB543527D95->s7@group-4CD87B055E3A, cid=1984, seq=null, RW, null, SET_UNCONDITIONALLY, servers:[s7, s8, s9, s0, s1], listeners:[]
2024-10-31 03:28:04,375 INFO  server.RaftServer$Division (RaftServerImpl.java:setConfigurationAsync(1341)) - s8@group-4CD87B055E3A: receive setConfiguration SetConfigurationRequest:client-8FB543527D95->s8@group-4CD87B055E3A, cid=1984, seq=null, RW, null, SET_UNCONDITIONALLY, servers:[s7, s8, s9, s0, s1], listeners:[]
2024-10-31 03:28:04,475 INFO  server.RaftServer$Division (RaftServerImpl.java:setConfigurationAsync(1341)) - s7@group-4CD87B055E3A: receive setConfiguration SetConfigurationRequest:client-8FB543527D95->s7@group-4CD87B055E3A, cid=1984, seq=null, RW, null, SET_UNCONDITIONALLY, servers:[s7, s8, s9, s0, s1], listeners:[]
2024-10-31 03:28:04,576 INFO  server.RaftServer$Division (RaftServerImpl.java:setConfigurationAsync(1341)) - s9@group-4CD87B055E3A: receive setConfiguration SetConfigurationRequest:client-8FB543527D95->s9@group-4CD87B055E3A, cid=1984, seq=null, RW, null, SET_UNCONDITIONALLY, servers:[s7, s8, s9, s0, s1], listeners:[]
2024-10-31 03:28:04,676 INFO  server.RaftServer$Division (RaftServerImpl.java:setConfigurationAsync(1341)) - s7@group-4CD87B055E3A: receive setConfiguration SetConfigurationRequest:client-8FB543527D95->s7@group-4CD87B055E3A, cid=1984, seq=null, RW, null, SET_UNCONDITIONALLY, servers:[s7, s8, s9, s0, s1], listeners:[]
2024-10-31 03:28:04,776 INFO  server.RaftServer$Division (RaftServerImpl.java:setConfigurationAsync(1341)) - s9@group-4CD87B055E3A: receive setConfiguration SetConfigurationRequest:client-8FB543527D95->s9@group-4CD87B055E3A, cid=1984, seq=null, RW, null, SET_UNCONDITIONALLY, servers:[s7, s8, s9, s0, s1], listeners:[]
2024-10-31 03:28:04,877 INFO  server.RaftServer$Division (RaftServerImpl.java:setConfigurationAsync(1341)) - s7@group-4CD87B055E3A: receive setConfiguration SetConfigurationRequest:client-8FB543527D95->s7@group-4CD87B055E3A, cid=1984, seq=null, RW, null, SET_UNCONDITIONALLY, servers:[s7, s8, s9, s0, s1], listeners:[]
2024-10-31 03:28:04,977 INFO  server.RaftServer$Division (RaftServerImpl.java:setConfigurationAsync(1341)) - s9@group-4CD87B055E3A: receive setConfiguration SetConfigurationRequest:client-8FB543527D95->s9@group-4CD87B055E3A, cid=1984, seq=null, RW, null, SET_UNCONDITIONALLY, servers:[s7, s8, s9, s0, s1], listeners:[]
2024-10-31 03:28:05,078 INFO  server.RaftServer$Division (RaftServerImpl.java:setConfigurationAsync(1341)) - s7@group-4CD87B055E3A: receive setConfiguration SetConfigurationRequest:client-8FB543527D95->s7@group-4CD87B055E3A, cid=1984, seq=null, RW, null, SET_UNCONDITIONALLY, servers:[s7, s8, s9, s0, s1], listeners:[]
2024-10-31 03:28:05,178 INFO  server.RaftServer$Division (RaftServerImpl.java:setConfigurationAsync(1341)) - s9@group-4CD87B055E3A: receive setConfiguration SetConfigurationRequest:client-8FB543527D95->s9@group-4CD87B055E3A, cid=1984, seq=null, RW, null, SET_UNCONDITIONALLY, servers:[s7, s8, s9, s0, s1], listeners:[]
2024-10-31 03:28:05,279 INFO  server.RaftServer$Division (RaftServerImpl.java:setConfigurationAsync(1341)) - s7@group-4CD87B055E3A: receive setConfiguration SetConfigurationRequest:client-8FB543527D95->s7@group-4CD87B055E3A, cid=1984, seq=null, RW, null, SET_UNCONDITIONALLY, servers:[s7, s8, s9, s0, s1], listeners:[]
2024-10-31 03:28:05,379 INFO  server.RaftServer$Division (RaftServerImpl.java:setConfigurationAsync(1341)) - s8@group-4CD87B055E3A: receive setConfiguration SetConfigurationRequest:client-8FB543527D95->s8@group-4CD87B055E3A, cid=1984, seq=null, RW, null, SET_UNCONDITIONALLY, servers:[s7, s8, s9, s0, s1], listeners:[]
2024-10-31 03:28:05,480 INFO  server.RaftServer$Division (RaftServerImpl.java:setConfigurationAsync(1341)) - s7@group-4CD87B055E3A: receive setConfiguration SetConfigurationRequest:client-8FB543527D95->s7@group-4CD87B055E3A, cid=1984, seq=null, RW, null, SET_UNCONDITIONALLY, servers:[s7, s8, s9, s0, s1], listeners:[]
2024-10-31 03:28:05,580 INFO  server.RaftServer$Division (RaftServerImpl.java:setConfigurationAsync(1341)) - s8@group-4CD87B055E3A: receive setConfiguration SetConfigurationRequest:client-8FB543527D95->s8@group-4CD87B055E3A, cid=1984, seq=null, RW, null, SET_UNCONDITIONALLY, servers:[s7, s8, s9, s0, s1], listeners:[]
2024-10-31 03:28:05,681 INFO  server.RaftServer$Division (RaftServerImpl.java:setConfigurationAsync(1341)) - s7@group-4CD87B055E3A: receive setConfiguration SetConfigurationRequest:client-8FB543527D95->s7@group-4CD87B055E3A, cid=1984, seq=null, RW, null, SET_UNCONDITIONALLY, servers:[s7, s8, s9, s0, s1], listeners:[]
2024-10-31 03:28:05,781 INFO  server.RaftServer$Division (RaftServerImpl.java:setConfigurationAsync(1341)) - s8@group-4CD87B055E3A: receive setConfiguration SetConfigurationRequest:client-8FB543527D95->s8@group-4CD87B055E3A, cid=1984, seq=null, RW, null, SET_UNCONDITIONALLY, servers:[s7, s8, s9, s0, s1], listeners:[]
2024-10-31 03:28:05,882 INFO  server.RaftServer$Division (RaftServerImpl.java:setConfigurationAsync(1341)) - s7@group-4CD87B055E3A: receive setConfiguration SetConfigurationRequest:client-8FB543527D95->s7@group-4CD87B055E3A, cid=1984, seq=null, RW, null, SET_UNCONDITIONALLY, servers:[s7, s8, s9, s0, s1], listeners:[]
2024-10-31 03:28:05,982 INFO  server.RaftServer$Division (RaftServerImpl.java:setConfigurationAsync(1341)) - s9@group-4CD87B055E3A: receive setConfiguration SetConfigurationRequest:client-8FB543527D95->s9@group-4CD87B055E3A, cid=1984, seq=null, RW, null, SET_UNCONDITIONALLY, servers:[s7, s8, s9, s0, s1], listeners:[]
2024-10-31 03:28:05,993 INFO  impl.MiniRaftCluster (MiniRaftCluster.java:lambda$null$7(362)) - TIMED-PRINT: printing ALL groups
  s3:  RUNNING [
   FOLLOWER s3@group-4EB49E3E6D70:t0, leader=null, voted=, raftlog=Memoized:s3@group-4EB49E3E6D70-SegmentedRaftLog:OPENED:c-1:lastnull, conf=conf: {index: -1, cur=peers:[]|listeners:[], old=null} STARTING
   FOLLOWER s3@group-4CD87B055E3A:t0, leader=null, voted=, raftlog=Memoized:s3@group-4CD87B055E3A-SegmentedRaftLog:OPENED:c-1:lastnull, conf=conf: {index: -1, cur=peers:[]|listeners:[], old=null} STARTING] size=2
  s4:  RUNNING [
   FOLLOWER s4@group-4EB49E3E6D70:t0, leader=null, voted=, raftlog=Memoized:s4@group-4EB49E3E6D70-SegmentedRaftLog:OPENED:c-1:lastnull, conf=conf: {index: -1, cur=peers:[]|listeners:[], old=null} STARTING
   FOLLOWER s4@group-4CD87B055E3A:t0, leader=null, voted=, raftlog=Memoized:s4@group-4CD87B055E3A-SegmentedRaftLog:OPENED:c-1:lastnull, conf=conf: {index: -1, cur=peers:[]|listeners:[], old=null} STARTING] size=2
  s5:  RUNNING [
   FOLLOWER s5@group-4EB49E3E6D70:t0, leader=null, voted=, raftlog=Memoized:s5@group-4EB49E3E6D70-SegmentedRaftLog:OPENED:c-1:lastnull, conf=conf: {index: -1, cur=peers:[]|listeners:[], old=null} STARTING
   FOLLOWER s5@group-4CD87B055E3A:t0, leader=null, voted=, raftlog=Memoized:s5@group-4CD87B055E3A-SegmentedRaftLog:OPENED:c-1:lastnull, conf=conf: {index: -1, cur=peers:[]|listeners:[], old=null} STARTING] size=2
  s6:  RUNNING [
   FOLLOWER s6@group-4EB49E3E6D70:t0, leader=null, voted=, raftlog=Memoized:s6@group-4EB49E3E6D70-SegmentedRaftLog:OPENED:c-1:lastnull, conf=conf: {index: -1, cur=peers:[]|listeners:[], old=null} STARTING
   FOLLOWER s6@group-4CD87B055E3A:t0, leader=null, voted=, raftlog=Memoized:s6@group-4CD87B055E3A-SegmentedRaftLog:OPENED:c-1:lastnull, conf=conf: {index: -1, cur=peers:[]|listeners:[], old=null} STARTING] size=2
  s7:  RUNNING [
   FOLLOWER s7@group-4EB49E3E6D70:t0, leader=null, voted=, raftlog=Memoized:s7@group-4EB49E3E6D70-SegmentedRaftLog:OPENED:c-1:lastnull, conf=conf: {index: -1, cur=peers:[]|listeners:[], old=null} STARTING
     LEADER s7@group-4CD87B055E3A:t1, leader=s7, voted=s7, raftlog=Memoized:s7@group-4CD87B055E3A-SegmentedRaftLog:OPENED:c120:last(t:1, i:120), conf=conf: {index: 0, cur=peers:[s7, s8, s9]|listeners:[], old=null} RUNNING] size=2
  s8:  RUNNING [
   FOLLOWER s8@group-4EB49E3E6D70:t0, leader=null, voted=, raftlog=Memoized:s8@group-4EB49E3E6D70-SegmentedRaftLog:OPENED:c-1:lastnull, conf=conf: {index: -1, cur=peers:[]|listeners:[], old=null} STARTING
   FOLLOWER s8@group-4CD87B055E3A:t1, leader=s7, voted=s7, raftlog=Memoized:s8@group-4CD87B055E3A-SegmentedRaftLog:OPENED:c120:last(t:1, i:120), conf=conf: {index: 0, cur=peers:[s7|, s8|, s9|]|listeners:[], old=null} RUNNING] size=2
  s9:  RUNNING [
   FOLLOWER s9@group-4EB49E3E6D70:t0, leader=null, voted=, raftlog=Memoized:s9@group-4EB49E3E6D70-SegmentedRaftLog:OPENED:c-1:lastnull, conf=conf: {index: -1, cur=peers:[]|listeners:[], old=null} STARTING
   FOLLOWER s9@group-4CD87B055E3A:t1, leader=s7, voted=s7, raftlog=Memoized:s9@group-4CD87B055E3A-SegmentedRaftLog:OPENED:c120:last(t:1, i:120), conf=conf: {index: 0, cur=peers:[s7|, s8|, s9|]|listeners:[], old=null} RUNNING] size=2
  s11:  RUNNING [
   FOLLOWER s11@group-4EB49E3E6D70:t0, leader=null, voted=, raftlog=Memoized:s11@group-4EB49E3E6D70-SegmentedRaftLog:OPENED:c-1:lastnull, conf=conf: {index: -1, cur=peers:[]|listeners:[], old=null} STARTING
   FOLLOWER s11@group-4CD87B055E3A:t0, leader=null, voted=, raftlog=Memoized:s11@group-4CD87B055E3A-SegmentedRaftLog:OPENED:c-1:lastnull, conf=conf: {index: -1, cur=peers:[]|listeners:[], old=null} STARTING] size=2
  s10:  RUNNING [
   FOLLOWER s10@group-4EB49E3E6D70:t0, leader=null, voted=, raftlog=Memoized:s10@group-4EB49E3E6D70-SegmentedRaftLog:OPENED:c-1:lastnull, conf=conf: {index: -1, cur=peers:[]|listeners:[], old=null} STARTING
   FOLLOWER s10@group-4CD87B055E3A:t0, leader=null, voted=, raftlog=Memoized:s10@group-4CD87B055E3A-SegmentedRaftLog:OPENED:c-1:lastnull, conf=conf: {index: -1, cur=peers:[]|listeners:[], old=null} STARTING] size=2
  s13:  RUNNING [
   FOLLOWER s13@group-4EB49E3E6D70:t0, leader=null, voted=, raftlog=Memoized:s13@group-4EB49E3E6D70-SegmentedRaftLog:OPENED:c-1:lastnull, conf=conf: {index: -1, cur=peers:[]|listeners:[], old=null} STARTING
   FOLLOWER s13@group-4CD87B055E3A:t0, leader=null, voted=, raftlog=Memoized:s13@group-4CD87B055E3A-SegmentedRaftLog:OPENED:c-1:lastnull, conf=conf: {index: -1, cur=peers:[]|listeners:[], old=null} STARTING] size=2
  s12:  RUNNING [
   FOLLOWER s12@group-4EB49E3E6D70:t0, leader=null, voted=, raftlog=Memoized:s12@group-4EB49E3E6D70-SegmentedRaftLog:OPENED:c-1:lastnull, conf=conf: {index: -1, cur=peers:[]|listeners:[], old=null} STARTING
   FOLLOWER s12@group-4CD87B055E3A:t0, leader=null, voted=, raftlog=Memoized:s12@group-4CD87B055E3A-SegmentedRaftLog:OPENED:c-1:lastnull, conf=conf: {index: -1, cur=peers:[]|listeners:[], old=null} STARTING] size=2
  s14:  RUNNING [
   FOLLOWER s14@group-4EB49E3E6D70:t0, leader=null, voted=, raftlog=Memoized:s14@group-4EB49E3E6D70-SegmentedRaftLog:OPENED:c-1:lastnull, conf=conf: {index: -1, cur=peers:[]|listeners:[], old=null} STARTING
   FOLLOWER s14@group-4CD87B055E3A:t0, leader=null, voted=, raftlog=Memoized:s14@group-4CD87B055E3A-SegmentedRaftLog:OPENED:c-1:lastnull, conf=conf: {index: -1, cur=peers:[]|listeners:[], old=null} STARTING] size=2
  s0:  RUNNING [
   FOLLOWER s0@group-4EB49E3E6D70:t0, leader=null, voted=, raftlog=Memoized:s0@group-4EB49E3E6D70-SegmentedRaftLog:OPENED:c-1:lastnull, conf=conf: {index: -1, cur=peers:[]|listeners:[], old=null} STARTING
   FOLLOWER s0@group-4CD87B055E3A:t1, leader=s7, voted=null, raftlog=Memoized:s0@group-4CD87B055E3A-SegmentedRaftLog:OPENED:c120:last(t:1, i:120), conf=conf: {index: 0, cur=peers:[s7|, s8|, s9|]|listeners:[], old=null} STARTING] size=2
  s1:  RUNNING [
   FOLLOWER s1@group-4EB49E3E6D70:t0, leader=null, voted=, raftlog=Memoized:s1@group-4EB49E3E6D70-SegmentedRaftLog:OPENED:c-1:lastnull, conf=conf: {index: -1, cur=peers:[]|listeners:[], old=null} STARTING
   FOLLOWER s1@group-4CD87B055E3A:t1, leader=s7, voted=null, raftlog=Memoized:s1@group-4CD87B055E3A-SegmentedRaftLog:OPENED:c120:last(t:1, i:120), conf=conf: {index: 0, cur=peers:[s7|, s8|, s9|]|listeners:[], old=null} STARTING] size=2
  s2:  RUNNING [
   FOLLOWER s2@group-4EB49E3E6D70:t0, leader=null, voted=, raftlog=Memoized:s2@group-4EB49E3E6D70-SegmentedRaftLog:OPENED:c-1:lastnull, conf=conf: {index: -1, cur=peers:[]|listeners:[], old=null} STARTING
   FOLLOWER s2@group-4CD87B055E3A:t0, leader=null, voted=, raftlog=Memoized:s2@group-4CD87B055E3A-SegmentedRaftLog:OPENED:c-1:lastnull, conf=conf: {index: -1, cur=peers:[]|listeners:[], old=null} STARTING] size=2
2024-10-31 03:28:06,083 INFO  server.RaftServer$Division (RaftServerImpl.java:setConfigurationAsync(1341)) - s7@group-4CD87B055E3A: receive setConfiguration SetConfigurationRequest:client-8FB543527D95->s7@group-4CD87B055E3A, cid=1984, seq=null, RW, null, SET_UNCONDITIONALLY, servers:[s7, s8, s9, s0, s1], listeners:[]
2024-10-31 03:28:06,183 INFO  server.RaftServer$Division (RaftServerImpl.java:setConfigurationAsync(1341)) - s9@group-4CD87B055E3A: receive setConfiguration SetConfigurationRequest:client-8FB543527D95->s9@group-4CD87B055E3A, cid=1984, seq=null, RW, null, SET_UNCONDITIONALLY, servers:[s7, s8, s9, s0, s1], listeners:[]
2024-10-31 03:28:06,284 INFO  server.RaftServer$Division (RaftServerImpl.java:setConfigurationAsync(1341)) - s7@group-4CD87B055E3A: receive setConfiguration SetConfigurationRequest:client-8FB543527D95->s7@group-4CD87B055E3A, cid=1984, seq=null, RW, null, SET_UNCONDITIONALLY, servers:[s7, s8, s9, s0, s1], listeners:[]
2024-10-31 03:28:06,385 INFO  server.RaftServer$Division (RaftServerImpl.java:setConfigurationAsync(1341)) - s8@group-4CD87B055E3A: receive setConfiguration SetConfigurationRequest:client-8FB543527D95->s8@group-4CD87B055E3A, cid=1984, seq=null, RW, null, SET_UNCONDITIONALLY, servers:[s7, s8, s9, s0, s1], listeners:[]
2024-10-31 03:28:06,485 INFO  server.RaftServer$Division (RaftServerImpl.java:setConfigurationAsync(1341)) - s7@group-4CD87B055E3A: receive setConfiguration SetConfigurationRequest:client-8FB543527D95->s7@group-4CD87B055E3A, cid=1984, seq=null, RW, null, SET_UNCONDITIONALLY, servers:[s7, s8, s9, s0, s1], listeners:[]
2024-10-31 03:28:06,585 INFO  server.RaftServer$Division (RaftServerImpl.java:setConfigurationAsync(1341)) - s9@group-4CD87B055E3A: receive setConfiguration SetConfigurationRequest:client-8FB543527D95->s9@group-4CD87B055E3A, cid=1984, seq=null, RW, null, SET_UNCONDITIONALLY, servers:[s7, s8, s9, s0, s1], listeners:[]
2024-10-31 03:28:06,686 INFO  server.RaftServer$Division (RaftServerImpl.java:setConfigurationAsync(1341)) - s7@group-4CD87B055E3A: receive setConfiguration SetConfigurationRequest:client-8FB543527D95->s7@group-4CD87B055E3A, cid=1984, seq=null, RW, null, SET_UNCONDITIONALLY, servers:[s7, s8, s9, s0, s1], listeners:[]
2024-10-31 03:28:06,786 INFO  server.RaftServer$Division (RaftServerImpl.java:setConfigurationAsync(1341)) - s9@group-4CD87B055E3A: receive setConfiguration SetConfigurationRequest:client-8FB543527D95->s9@group-4CD87B055E3A, cid=1984, seq=null, RW, null, SET_UNCONDITIONALLY, servers:[s7, s8, s9, s0, s1], listeners:[]
2024-10-31 03:28:06,887 INFO  server.RaftServer$Division (RaftServerImpl.java:setConfigurationAsync(1341)) - s7@group-4CD87B055E3A: receive setConfiguration SetConfigurationRequest:client-8FB543527D95->s7@group-4CD87B055E3A, cid=1984, seq=null, RW, null, SET_UNCONDITIONALLY, servers:[s7, s8, s9, s0, s1], listeners:[]
2024-10-31 03:28:06,987 INFO  server.RaftServer$Division (RaftServerImpl.java:setConfigurationAsync(1341)) - s8@group-4CD87B055E3A: receive setConfiguration SetConfigurationRequest:client-8FB543527D95->s8@group-4CD87B055E3A, cid=1984, seq=null, RW, null, SET_UNCONDITIONALLY, servers:[s7, s8, s9, s0, s1], listeners:[]
2024-10-31 03:28:07,088 INFO  server.RaftServer$Division (RaftServerImpl.java:setConfigurationAsync(1341)) - s7@group-4CD87B055E3A: receive setConfiguration SetConfigurationRequest:client-8FB543527D95->s7@group-4CD87B055E3A, cid=1984, seq=null, RW, null, SET_UNCONDITIONALLY, servers:[s7, s8, s9, s0, s1], listeners:[]
2024-10-31 03:28:07,188 INFO  server.RaftServer$Division (RaftServerImpl.java:setConfigurationAsync(1341)) - s8@group-4CD87B055E3A: receive setConfiguration SetConfigurationRequest:client-8FB543527D95->s8@group-4CD87B055E3A, cid=1984, seq=null, RW, null, SET_UNCONDITIONALLY, servers:[s7, s8, s9, s0, s1], listeners:[]
2024-10-31 03:28:07,289 INFO  server.RaftServer$Division (RaftServerImpl.java:setConfigurationAsync(1341)) - s7@group-4CD87B055E3A: receive setConfiguration SetConfigurationRequest:client-8FB543527D95->s7@group-4CD87B055E3A, cid=1984, seq=null, RW, null, SET_UNCONDITIONALLY, servers:[s7, s8, s9, s0, s1], listeners:[]
2024-10-31 03:28:07,389 INFO  server.RaftServer$Division (RaftServerImpl.java:setConfigurationAsync(1341)) - s9@group-4CD87B055E3A: receive setConfiguration SetConfigurationRequest:client-8FB543527D95->s9@group-4CD87B055E3A, cid=1984, seq=null, RW, null, SET_UNCONDITIONALLY, servers:[s7, s8, s9, s0, s1], listeners:[]
2024-10-31 03:28:07,489 INFO  server.RaftServer$Division (RaftServerImpl.java:setConfigurationAsync(1341)) - s7@group-4CD87B055E3A: receive setConfiguration SetConfigurationRequest:client-8FB543527D95->s7@group-4CD87B055E3A, cid=1984, seq=null, RW, null, SET_UNCONDITIONALLY, servers:[s7, s8, s9, s0, s1], listeners:[]
2024-10-31 03:28:07,590 INFO  server.RaftServer$Division (RaftServerImpl.java:setConfigurationAsync(1341)) - s9@group-4CD87B055E3A: receive setConfiguration SetConfigurationRequest:client-8FB543527D95->s9@group-4CD87B055E3A, cid=1984, seq=null, RW, null, SET_UNCONDITIONALLY, servers:[s7, s8, s9, s0, s1], listeners:[]
2024-10-31 03:28:07,690 INFO  server.RaftServer$Division (RaftServerImpl.java:setConfigurationAsync(1341)) - s7@group-4CD87B055E3A: receive setConfiguration SetConfigurationRequest:client-8FB543527D95->s7@group-4CD87B055E3A, cid=1984, seq=null, RW, null, SET_UNCONDITIONALLY, servers:[s7, s8, s9, s0, s1], listeners:[]
2024-10-31 03:28:07,791 INFO  server.RaftServer$Division (RaftServerImpl.java:setConfigurationAsync(1341)) - s8@group-4CD87B055E3A: receive setConfiguration SetConfigurationRequest:client-8FB543527D95->s8@group-4CD87B055E3A, cid=1984, seq=null, RW, null, SET_UNCONDITIONALLY, servers:[s7, s8, s9, s0, s1], listeners:[]
2024-10-31 03:28:07,891 INFO  server.RaftServer$Division (RaftServerImpl.java:setConfigurationAsync(1341)) - s7@group-4CD87B055E3A: receive setConfiguration SetConfigurationRequest:client-8FB543527D95->s7@group-4CD87B055E3A, cid=1984, seq=null, RW, null, SET_UNCONDITIONALLY, servers:[s7, s8, s9, s0, s1], listeners:[]
2024-10-31 03:28:07,992 INFO  server.RaftServer$Division (RaftServerImpl.java:setConfigurationAsync(1341)) - s8@group-4CD87B055E3A: receive setConfiguration SetConfigurationRequest:client-8FB543527D95->s8@group-4CD87B055E3A, cid=1984, seq=null, RW, null, SET_UNCONDITIONALLY, servers:[s7, s8, s9, s0, s1], listeners:[]
2024-10-31 03:28:08,092 INFO  server.RaftServer$Division (RaftServerImpl.java:setConfigurationAsync(1341)) - s7@group-4CD87B055E3A: receive setConfiguration SetConfigurationRequest:client-8FB543527D95->s7@group-4CD87B055E3A, cid=1984, seq=null, RW, null, SET_UNCONDITIONALLY, servers:[s7, s8, s9, s0, s1], listeners:[]
2024-10-31 03:28:08,193 INFO  server.RaftServer$Division (RaftServerImpl.java:setConfigurationAsync(1341)) - s9@group-4CD87B055E3A: receive setConfiguration SetConfigurationRequest:client-8FB543527D95->s9@group-4CD87B055E3A, cid=1984, seq=null, RW, null, SET_UNCONDITIONALLY, servers:[s7, s8, s9, s0, s1], listeners:[]
2024-10-31 03:28:08,293 INFO  server.RaftServer$Division (RaftServerImpl.java:setConfigurationAsync(1341)) - s7@group-4CD87B055E3A: receive setConfiguration SetConfigurationRequest:client-8FB543527D95->s7@group-4CD87B055E3A, cid=1984, seq=null, RW, null, SET_UNCONDITIONALLY, servers:[s7, s8, s9, s0, s1], listeners:[]
2024-10-31 03:28:08,393 INFO  server.RaftServer$Division (RaftServerImpl.java:setConfigurationAsync(1341)) - s9@group-4CD87B055E3A: receive setConfiguration SetConfigurationRequest:client-8FB543527D95->s9@group-4CD87B055E3A, cid=1984, seq=null, RW, null, SET_UNCONDITIONALLY, servers:[s7, s8, s9, s0, s1], listeners:[]
2024-10-31 03:28:08,494 INFO  server.RaftServer$Division (RaftServerImpl.java:setConfigurationAsync(1341)) - s7@group-4CD87B055E3A: receive setConfiguration SetConfigurationRequest:client-8FB543527D95->s7@group-4CD87B055E3A, cid=1984, seq=null, RW, null, SET_UNCONDITIONALLY, servers:[s7, s8, s9, s0, s1], listeners:[]
2024-10-31 03:28:08,594 INFO  server.RaftServer$Division (RaftServerImpl.java:setConfigurationAsync(1341)) - s8@group-4CD87B055E3A: receive setConfiguration SetConfigurationRequest:client-8FB543527D95->s8@group-4CD87B055E3A, cid=1984, seq=null, RW, null, SET_UNCONDITIONALLY, servers:[s7, s8, s9, s0, s1], listeners:[]
2024-10-31 03:28:08,695 INFO  server.RaftServer$Division (RaftServerImpl.java:setConfigurationAsync(1341)) - s7@group-4CD87B055E3A: receive setConfiguration SetConfigurationRequest:client-8FB543527D95->s7@group-4CD87B055E3A, cid=1984, seq=null, RW, null, SET_UNCONDITIONALLY, servers:[s7, s8, s9, s0, s1], listeners:[]
2024-10-31 03:28:08,795 INFO  server.RaftServer$Division (RaftServerImpl.java:setConfigurationAsync(1341)) - s9@group-4CD87B055E3A: receive setConfiguration SetConfigurationRequest:client-8FB543527D95->s9@group-4CD87B055E3A, cid=1984, seq=null, RW, null, SET_UNCONDITIONALLY, servers:[s7, s8, s9, s0, s1], listeners:[]
2024-10-31 03:28:08,895 INFO  server.RaftServer$Division (RaftServerImpl.java:setConfigurationAsync(1341)) - s7@group-4CD87B055E3A: receive setConfiguration SetConfigurationRequest:client-8FB543527D95->s7@group-4CD87B055E3A, cid=1984, seq=null, RW, null, SET_UNCONDITIONALLY, servers:[s7, s8, s9, s0, s1], listeners:[]
2024-10-31 03:28:08,996 INFO  server.RaftServer$Division (RaftServerImpl.java:setConfigurationAsync(1341)) - s8@group-4CD87B055E3A: receive setConfiguration SetConfigurationRequest:client-8FB543527D95->s8@group-4CD87B055E3A, cid=1984, seq=null, RW, null, SET_UNCONDITIONALLY, servers:[s7, s8, s9, s0, s1], listeners:[]
2024-10-31 03:28:09,096 INFO  server.RaftServer$Division (RaftServerImpl.java:setConfigurationAsync(1341)) - s7@group-4CD87B055E3A: receive setConfiguration SetConfigurationRequest:client-8FB543527D95->s7@group-4CD87B055E3A, cid=1984, seq=null, RW, null, SET_UNCONDITIONALLY, servers:[s7, s8, s9, s0, s1], listeners:[]
2024-10-31 03:28:09,197 INFO  server.RaftServer$Division (RaftServerImpl.java:setConfigurationAsync(1341)) - s8@group-4CD87B055E3A: receive setConfiguration SetConfigurationRequest:client-8FB543527D95->s8@group-4CD87B055E3A, cid=1984, seq=null, RW, null, SET_UNCONDITIONALLY, servers:[s7, s8, s9, s0, s1], listeners:[]
2024-10-31 03:28:09,297 INFO  server.RaftServer$Division (RaftServerImpl.java:setConfigurationAsync(1341)) - s7@group-4CD87B055E3A: receive setConfiguration SetConfigurationRequest:client-8FB543527D95->s7@group-4CD87B055E3A, cid=1984, seq=null, RW, null, SET_UNCONDITIONALLY, servers:[s7, s8, s9, s0, s1], listeners:[]
2024-10-31 03:28:09,398 INFO  server.RaftServer$Division (RaftServerImpl.java:setConfigurationAsync(1341)) - s8@group-4CD87B055E3A: receive setConfiguration SetConfigurationRequest:client-8FB543527D95->s8@group-4CD87B055E3A, cid=1984, seq=null, RW, null, SET_UNCONDITIONALLY, servers:[s7, s8, s9, s0, s1], listeners:[]
2024-10-31 03:28:09,498 INFO  server.RaftServer$Division (RaftServerImpl.java:setConfigurationAsync(1341)) - s7@group-4CD87B055E3A: receive setConfiguration SetConfigurationRequest:client-8FB543527D95->s7@group-4CD87B055E3A, cid=1984, seq=null, RW, null, SET_UNCONDITIONALLY, servers:[s7, s8, s9, s0, s1], listeners:[]
2024-10-31 03:28:09,598 INFO  server.RaftServer$Division (RaftServerImpl.java:setConfigurationAsync(1341)) - s9@group-4CD87B055E3A: receive setConfiguration SetConfigurationRequest:client-8FB543527D95->s9@group-4CD87B055E3A, cid=1984, seq=null, RW, null, SET_UNCONDITIONALLY, servers:[s7, s8, s9, s0, s1], listeners:[]
2024-10-31 03:28:09,699 INFO  server.RaftServer$Division (RaftServerImpl.java:setConfigurationAsync(1341)) - s7@group-4CD87B055E3A: receive setConfiguration SetConfigurationRequest:client-8FB543527D95->s7@group-4CD87B055E3A, cid=1984, seq=null, RW, null, SET_UNCONDITIONALLY, servers:[s7, s8, s9, s0, s1], listeners:[]
2024-10-31 03:28:09,799 INFO  server.RaftServer$Division (RaftServerImpl.java:setConfigurationAsync(1341)) - s9@group-4CD87B055E3A: receive setConfiguration SetConfigurationRequest:client-8FB543527D95->s9@group-4CD87B055E3A, cid=1984, seq=null, RW, null, SET_UNCONDITIONALLY, servers:[s7, s8, s9, s0, s1], listeners:[]
2024-10-31 03:28:09,899 INFO  server.RaftServer$Division (RaftServerImpl.java:setConfigurationAsync(1341)) - s7@group-4CD87B055E3A: receive setConfiguration SetConfigurationRequest:client-8FB543527D95->s7@group-4CD87B055E3A, cid=1984, seq=null, RW, null, SET_UNCONDITIONALLY, servers:[s7, s8, s9, s0, s1], listeners:[]
2024-10-31 03:28:10,000 INFO  server.RaftServer$Division (RaftServerImpl.java:setConfigurationAsync(1341)) - s8@group-4CD87B055E3A: receive setConfiguration SetConfigurationRequest:client-8FB543527D95->s8@group-4CD87B055E3A, cid=1984, seq=null, RW, null, SET_UNCONDITIONALLY, servers:[s7, s8, s9, s0, s1], listeners:[]
2024-10-31 03:28:10,100 INFO  server.RaftServer$Division (RaftServerImpl.java:setConfigurationAsync(1341)) - s7@group-4CD87B055E3A: receive setConfiguration SetConfigurationRequest:client-8FB543527D95->s7@group-4CD87B055E3A, cid=1984, seq=null, RW, null, SET_UNCONDITIONALLY, servers:[s7, s8, s9, s0, s1], listeners:[]
2024-10-31 03:28:10,200 INFO  server.RaftServer$Division (RaftServerImpl.java:setConfigurationAsync(1341)) - s8@group-4CD87B055E3A: receive setConfiguration SetConfigurationRequest:client-8FB543527D95->s8@group-4CD87B055E3A, cid=1984, seq=null, RW, null, SET_UNCONDITIONALLY, servers:[s7, s8, s9, s0, s1], listeners:[]
2024-10-31 03:28:10,301 INFO  server.RaftServer$Division (RaftServerImpl.java:setConfigurationAsync(1341)) - s7@group-4CD87B055E3A: receive setConfiguration SetConfigurationRequest:client-8FB543527D95->s7@group-4CD87B055E3A, cid=1984, seq=null, RW, null, SET_UNCONDITIONALLY, servers:[s7, s8, s9, s0, s1], listeners:[]
2024-10-31 03:28:10,401 INFO  server.RaftServer$Division (RaftServerImpl.java:setConfigurationAsync(1341)) - s8@group-4CD87B055E3A: receive setConfiguration SetConfigurationRequest:client-8FB543527D95->s8@group-4CD87B055E3A, cid=1984, seq=null, RW, null, SET_UNCONDITIONALLY, servers:[s7, s8, s9, s0, s1], listeners:[]
2024-10-31 03:28:10,502 INFO  server.RaftServer$Division (RaftServerImpl.java:setConfigurationAsync(1341)) - s7@group-4CD87B055E3A: receive setConfiguration SetConfigurationRequest:client-8FB543527D95->s7@group-4CD87B055E3A, cid=1984, seq=null, RW, null, SET_UNCONDITIONALLY, servers:[s7, s8, s9, s0, s1], listeners:[]
2024-10-31 03:28:10,602 INFO  server.RaftServer$Division (RaftServerImpl.java:setConfigurationAsync(1341)) - s8@group-4CD87B055E3A: receive setConfiguration SetConfigurationRequest:client-8FB543527D95->s8@group-4CD87B055E3A, cid=1984, seq=null, RW, null, SET_UNCONDITIONALLY, servers:[s7, s8, s9, s0, s1], listeners:[]
2024-10-31 03:28:10,702 INFO  server.RaftServer$Division (RaftServerImpl.java:setConfigurationAsync(1341)) - s7@group-4CD87B055E3A: receive setConfiguration SetConfigurationRequest:client-8FB543527D95->s7@group-4CD87B055E3A, cid=1984, seq=null, RW, null, SET_UNCONDITIONALLY, servers:[s7, s8, s9, s0, s1], listeners:[]
2024-10-31 03:28:10,803 INFO  server.RaftServer$Division (RaftServerImpl.java:setConfigurationAsync(1341)) - s8@group-4CD87B055E3A: receive setConfiguration SetConfigurationRequest:client-8FB543527D95->s8@group-4CD87B055E3A, cid=1984, seq=null, RW, null, SET_UNCONDITIONALLY, servers:[s7, s8, s9, s0, s1], listeners:[]
2024-10-31 03:28:10,903 INFO  server.RaftServer$Division (RaftServerImpl.java:setConfigurationAsync(1341)) - s7@group-4CD87B055E3A: receive setConfiguration SetConfigurationRequest:client-8FB543527D95->s7@group-4CD87B055E3A, cid=1984, seq=null, RW, null, SET_UNCONDITIONALLY, servers:[s7, s8, s9, s0, s1], listeners:[]
2024-10-31 03:28:11,004 INFO  server.RaftServer$Division (RaftServerImpl.java:setConfigurationAsync(1341)) - s8@group-4CD87B055E3A: receive setConfiguration SetConfigurationRequest:client-8FB543527D95->s8@group-4CD87B055E3A, cid=1984, seq=null, RW, null, SET_UNCONDITIONALLY, servers:[s7, s8, s9, s0, s1], listeners:[]
2024-10-31 03:28:11,104 INFO  server.RaftServer$Division (RaftServerImpl.java:setConfigurationAsync(1341)) - s7@group-4CD87B055E3A: receive setConfiguration SetConfigurationRequest:client-8FB543527D95->s7@group-4CD87B055E3A, cid=1984, seq=null, RW, null, SET_UNCONDITIONALLY, servers:[s7, s8, s9, s0, s1], listeners:[]
2024-10-31 03:28:11,205 INFO  server.RaftServer$Division (RaftServerImpl.java:setConfigurationAsync(1341)) - s9@group-4CD87B055E3A: receive setConfiguration SetConfigurationRequest:client-8FB543527D95->s9@group-4CD87B055E3A, cid=1984, seq=null, RW, null, SET_UNCONDITIONALLY, servers:[s7, s8, s9, s0, s1], listeners:[]
2024-10-31 03:28:11,305 INFO  server.RaftServer$Division (RaftServerImpl.java:setConfigurationAsync(1341)) - s7@group-4CD87B055E3A: receive setConfiguration SetConfigurationRequest:client-8FB543527D95->s7@group-4CD87B055E3A, cid=1984, seq=null, RW, null, SET_UNCONDITIONALLY, servers:[s7, s8, s9, s0, s1], listeners:[]
2024-10-31 03:28:11,405 INFO  server.RaftServer$Division (RaftServerImpl.java:setConfigurationAsync(1341)) - s9@group-4CD87B055E3A: receive setConfiguration SetConfigurationRequest:client-8FB543527D95->s9@group-4CD87B055E3A, cid=1984, seq=null, RW, null, SET_UNCONDITIONALLY, servers:[s7, s8, s9, s0, s1], listeners:[]
2024-10-31 03:28:11,506 INFO  server.RaftServer$Division (RaftServerImpl.java:setConfigurationAsync(1341)) - s7@group-4CD87B055E3A: receive setConfiguration SetConfigurationRequest:client-8FB543527D95->s7@group-4CD87B055E3A, cid=1984, seq=null, RW, null, SET_UNCONDITIONALLY, servers:[s7, s8, s9, s0, s1], listeners:[]
2024-10-31 03:28:11,606 INFO  server.RaftServer$Division (RaftServerImpl.java:setConfigurationAsync(1341)) - s9@group-4CD87B055E3A: receive setConfiguration SetConfigurationRequest:client-8FB543527D95->s9@group-4CD87B055E3A, cid=1984, seq=null, RW, null, SET_UNCONDITIONALLY, servers:[s7, s8, s9, s0, s1], listeners:[]
2024-10-31 03:28:11,706 INFO  server.RaftServer$Division (RaftServerImpl.java:setConfigurationAsync(1341)) - s7@group-4CD87B055E3A: receive setConfiguration SetConfigurationRequest:client-8FB543527D95->s7@group-4CD87B055E3A, cid=1984, seq=null, RW, null, SET_UNCONDITIONALLY, servers:[s7, s8, s9, s0, s1], listeners:[]
2024-10-31 03:28:11,807 INFO  server.RaftServer$Division (RaftServerImpl.java:setConfigurationAsync(1341)) - s9@group-4CD87B055E3A: receive setConfiguration SetConfigurationRequest:client-8FB543527D95->s9@group-4CD87B055E3A, cid=1984, seq=null, RW, null, SET_UNCONDITIONALLY, servers:[s7, s8, s9, s0, s1], listeners:[]
2024-10-31 03:28:11,907 INFO  server.RaftServer$Division (RaftServerImpl.java:setConfigurationAsync(1341)) - s7@group-4CD87B055E3A: receive setConfiguration SetConfigurationRequest:client-8FB543527D95->s7@group-4CD87B055E3A, cid=1984, seq=null, RW, null, SET_UNCONDITIONALLY, servers:[s7, s8, s9, s0, s1], listeners:[]
2024-10-31 03:28:12,007 INFO  server.RaftServer$Division (RaftServerImpl.java:setConfigurationAsync(1341)) - s9@group-4CD87B055E3A: receive setConfiguration SetConfigurationRequest:client-8FB543527D95->s9@group-4CD87B055E3A, cid=1984, seq=null, RW, null, SET_UNCONDITIONALLY, servers:[s7, s8, s9, s0, s1], listeners:[]
2024-10-31 03:28:12,108 INFO  server.RaftServer$Division (RaftServerImpl.java:setConfigurationAsync(1341)) - s7@group-4CD87B055E3A: receive setConfiguration SetConfigurationRequest:client-8FB543527D95->s7@group-4CD87B055E3A, cid=1984, seq=null, RW, null, SET_UNCONDITIONALLY, servers:[s7, s8, s9, s0, s1], listeners:[]
2024-10-31 03:28:12,208 INFO  server.RaftServer$Division (RaftServerImpl.java:setConfigurationAsync(1341)) - s8@group-4CD87B055E3A: receive setConfiguration SetConfigurationRequest:client-8FB543527D95->s8@group-4CD87B055E3A, cid=1984, seq=null, RW, null, SET_UNCONDITIONALLY, servers:[s7, s8, s9, s0, s1], listeners:[]
2024-10-31 03:28:12,309 INFO  server.RaftServer$Division (RaftServerImpl.java:setConfigurationAsync(1341)) - s7@group-4CD87B055E3A: receive setConfiguration SetConfigurationRequest:client-8FB543527D95->s7@group-4CD87B055E3A, cid=1984, seq=null, RW, null, SET_UNCONDITIONALLY, servers:[s7, s8, s9, s0, s1], listeners:[]
2024-10-31 03:28:12,409 INFO  server.RaftServer$Division (RaftServerImpl.java:setConfigurationAsync(1341)) - s8@group-4CD87B055E3A: receive setConfiguration SetConfigurationRequest:client-8FB543527D95->s8@group-4CD87B055E3A, cid=1984, seq=null, RW, null, SET_UNCONDITIONALLY, servers:[s7, s8, s9, s0, s1], listeners:[]
2024-10-31 03:28:12,509 INFO  server.RaftServer$Division (RaftServerImpl.java:setConfigurationAsync(1341)) - s7@group-4CD87B055E3A: receive setConfiguration SetConfigurationRequest:client-8FB543527D95->s7@group-4CD87B055E3A, cid=1984, seq=null, RW, null, SET_UNCONDITIONALLY, servers:[s7, s8, s9, s0, s1], listeners:[]
2024-10-31 03:28:12,610 INFO  server.RaftServer$Division (RaftServerImpl.java:setConfigurationAsync(1341)) - s8@group-4CD87B055E3A: receive setConfiguration SetConfigurationRequest:client-8FB543527D95->s8@group-4CD87B055E3A, cid=1984, seq=null, RW, null, SET_UNCONDITIONALLY, servers:[s7, s8, s9, s0, s1], listeners:[]
2024-10-31 03:28:12,710 INFO  server.RaftServer$Division (RaftServerImpl.java:setConfigurationAsync(1341)) - s7@group-4CD87B055E3A: receive setConfiguration SetConfigurationRequest:client-8FB543527D95->s7@group-4CD87B055E3A, cid=1984, seq=null, RW, null, SET_UNCONDITIONALLY, servers:[s7, s8, s9, s0, s1], listeners:[]
2024-10-31 03:28:12,810 INFO  server.RaftServer$Division (RaftServerImpl.java:setConfigurationAsync(1341)) - s8@group-4CD87B055E3A: receive setConfiguration SetConfigurationRequest:client-8FB543527D95->s8@group-4CD87B055E3A, cid=1984, seq=null, RW, null, SET_UNCONDITIONALLY, servers:[s7, s8, s9, s0, s1], listeners:[]
2024-10-31 03:28:12,911 INFO  server.RaftServer$Division (RaftServerImpl.java:setConfigurationAsync(1341)) - s7@group-4CD87B055E3A: receive setConfiguration SetConfigurationRequest:client-8FB543527D95->s7@group-4CD87B055E3A, cid=1984, seq=null, RW, null, SET_UNCONDITIONALLY, servers:[s7, s8, s9, s0, s1], listeners:[]
2024-10-31 03:28:13,011 INFO  server.RaftServer$Division (RaftServerImpl.java:setConfigurationAsync(1341)) - s9@group-4CD87B055E3A: receive setConfiguration SetConfigurationRequest:client-8FB543527D95->s9@group-4CD87B055E3A, cid=1984, seq=null, RW, null, SET_UNCONDITIONALLY, servers:[s7, s8, s9, s0, s1], listeners:[]
2024-10-31 03:28:13,111 INFO  server.RaftServer$Division (RaftServerImpl.java:setConfigurationAsync(1341)) - s7@group-4CD87B055E3A: receive setConfiguration SetConfigurationRequest:client-8FB543527D95->s7@group-4CD87B055E3A, cid=1984, seq=null, RW, null, SET_UNCONDITIONALLY, servers:[s7, s8, s9, s0, s1], listeners:[]
2024-10-31 03:28:13,212 INFO  server.RaftServer$Division (RaftServerImpl.java:setConfigurationAsync(1341)) - s8@group-4CD87B055E3A: receive setConfiguration SetConfigurationRequest:client-8FB543527D95->s8@group-4CD87B055E3A, cid=1984, seq=null, RW, null, SET_UNCONDITIONALLY, servers:[s7, s8, s9, s0, s1], listeners:[]
2024-10-31 03:28:13,312 INFO  server.RaftServer$Division (RaftServerImpl.java:setConfigurationAsync(1341)) - s7@group-4CD87B055E3A: receive setConfiguration SetConfigurationRequest:client-8FB543527D95->s7@group-4CD87B055E3A, cid=1984, seq=null, RW, null, SET_UNCONDITIONALLY, servers:[s7, s8, s9, s0, s1], listeners:[]
2024-10-31 03:28:13,413 INFO  server.RaftServer$Division (RaftServerImpl.java:setConfigurationAsync(1341)) - s9@group-4CD87B055E3A: receive setConfiguration SetConfigurationRequest:client-8FB543527D95->s9@group-4CD87B055E3A, cid=1984, seq=null, RW, null, SET_UNCONDITIONALLY, servers:[s7, s8, s9, s0, s1], listeners:[]
2024-10-31 03:28:13,513 INFO  server.RaftServer$Division (RaftServerImpl.java:setConfigurationAsync(1341)) - s7@group-4CD87B055E3A: receive setConfiguration SetConfigurationRequest:client-8FB543527D95->s7@group-4CD87B055E3A, cid=1984, seq=null, RW, null, SET_UNCONDITIONALLY, servers:[s7, s8, s9, s0, s1], listeners:[]
2024-10-31 03:28:13,613 INFO  server.RaftServer$Division (RaftServerImpl.java:setConfigurationAsync(1341)) - s9@group-4CD87B055E3A: receive setConfiguration SetConfigurationRequest:client-8FB543527D95->s9@group-4CD87B055E3A, cid=1984, seq=null, RW, null, SET_UNCONDITIONALLY, servers:[s7, s8, s9, s0, s1], listeners:[]
2024-10-31 03:28:13,714 INFO  server.RaftServer$Division (RaftServerImpl.java:setConfigurationAsync(1341)) - s7@group-4CD87B055E3A: receive setConfiguration SetConfigurationRequest:client-8FB543527D95->s7@group-4CD87B055E3A, cid=1984, seq=null, RW, null, SET_UNCONDITIONALLY, servers:[s7, s8, s9, s0, s1], listeners:[]
2024-10-31 03:28:13,814 INFO  server.RaftServer$Division (RaftServerImpl.java:setConfigurationAsync(1341)) - s8@group-4CD87B055E3A: receive setConfiguration SetConfigurationRequest:client-8FB543527D95->s8@group-4CD87B055E3A, cid=1984, seq=null, RW, null, SET_UNCONDITIONALLY, servers:[s7, s8, s9, s0, s1], listeners:[]
2024-10-31 03:28:13,915 INFO  server.RaftServer$Division (RaftServerImpl.java:setConfigurationAsync(1341)) - s7@group-4CD87B055E3A: receive setConfiguration SetConfigurationRequest:client-8FB543527D95->s7@group-4CD87B055E3A, cid=1984, seq=null, RW, null, SET_UNCONDITIONALLY, servers:[s7, s8, s9, s0, s1], listeners:[]
2024-10-31 03:28:14,015 INFO  server.RaftServer$Division (RaftServerImpl.java:setConfigurationAsync(1341)) - s9@group-4CD87B055E3A: receive setConfiguration SetConfigurationRequest:client-8FB543527D95->s9@group-4CD87B055E3A, cid=1984, seq=null, RW, null, SET_UNCONDITIONALLY, servers:[s7, s8, s9, s0, s1], listeners:[]
2024-10-31 03:28:14,116 INFO  server.RaftServer$Division (RaftServerImpl.java:setConfigurationAsync(1341)) - s7@group-4CD87B055E3A: receive setConfiguration SetConfigurationRequest:client-8FB543527D95->s7@group-4CD87B055E3A, cid=1984, seq=null, RW, null, SET_UNCONDITIONALLY, servers:[s7, s8, s9, s0, s1], listeners:[]
2024-10-31 03:28:14,216 INFO  server.RaftServer$Division (RaftServerImpl.java:setConfigurationAsync(1341)) - s9@group-4CD87B055E3A: receive setConfiguration SetConfigurationRequest:client-8FB543527D95->s9@group-4CD87B055E3A, cid=1984, seq=null, RW, null, SET_UNCONDITIONALLY, servers:[s7, s8, s9, s0, s1], listeners:[]
2024-10-31 03:28:14,317 INFO  server.RaftServer$Division (RaftServerImpl.java:setConfigurationAsync(1341)) - s7@group-4CD87B055E3A: receive setConfiguration SetConfigurationRequest:client-8FB543527D95->s7@group-4CD87B055E3A, cid=1984, seq=null, RW, null, SET_UNCONDITIONALLY, servers:[s7, s8, s9, s0, s1], listeners:[]
2024-10-31 03:28:14,417 INFO  server.RaftServer$Division (RaftServerImpl.java:setConfigurationAsync(1341)) - s9@group-4CD87B055E3A: receive setConfiguration SetConfigurationRequest:client-8FB543527D95->s9@group-4CD87B055E3A, cid=1984, seq=null, RW, null, SET_UNCONDITIONALLY, servers:[s7, s8, s9, s0, s1], listeners:[]
2024-10-31 03:28:14,518 INFO  server.RaftServer$Division (RaftServerImpl.java:setConfigurationAsync(1341)) - s7@group-4CD87B055E3A: receive setConfiguration SetConfigurationRequest:client-8FB543527D95->s7@group-4CD87B055E3A, cid=1984, seq=null, RW, null, SET_UNCONDITIONALLY, servers:[s7, s8, s9, s0, s1], listeners:[]
2024-10-31 03:28:14,618 INFO  server.RaftServer$Division (RaftServerImpl.java:setConfigurationAsync(1341)) - s9@group-4CD87B055E3A: receive setConfiguration SetConfigurationRequest:client-8FB543527D95->s9@group-4CD87B055E3A, cid=1984, seq=null, RW, null, SET_UNCONDITIONALLY, servers:[s7, s8, s9, s0, s1], listeners:[]
2024-10-31 03:28:14,718 INFO  server.RaftServer$Division (RaftServerImpl.java:setConfigurationAsync(1341)) - s7@group-4CD87B055E3A: receive setConfiguration SetConfigurationRequest:client-8FB543527D95->s7@group-4CD87B055E3A, cid=1984, seq=null, RW, null, SET_UNCONDITIONALLY, servers:[s7, s8, s9, s0, s1], listeners:[]
2024-10-31 03:28:14,819 INFO  server.RaftServer$Division (RaftServerImpl.java:setConfigurationAsync(1341)) - s8@group-4CD87B055E3A: receive setConfiguration SetConfigurationRequest:client-8FB543527D95->s8@group-4CD87B055E3A, cid=1984, seq=null, RW, null, SET_UNCONDITIONALLY, servers:[s7, s8, s9, s0, s1], listeners:[]
2024-10-31 03:28:14,919 INFO  server.RaftServer$Division (RaftServerImpl.java:setConfigurationAsync(1341)) - s7@group-4CD87B055E3A: receive setConfiguration SetConfigurationRequest:client-8FB543527D95->s7@group-4CD87B055E3A, cid=1984, seq=null, RW, null, SET_UNCONDITIONALLY, servers:[s7, s8, s9, s0, s1], listeners:[]
2024-10-31 03:28:15,020 INFO  server.RaftServer$Division (RaftServerImpl.java:setConfigurationAsync(1341)) - s9@group-4CD87B055E3A: receive setConfiguration SetConfigurationRequest:client-8FB543527D95->s9@group-4CD87B055E3A, cid=1984, seq=null, RW, null, SET_UNCONDITIONALLY, servers:[s7, s8, s9, s0, s1], listeners:[]
2024-10-31 03:28:15,120 INFO  server.RaftServer$Division (RaftServerImpl.java:setConfigurationAsync(1341)) - s7@group-4CD87B055E3A: receive setConfiguration SetConfigurationRequest:client-8FB543527D95->s7@group-4CD87B055E3A, cid=1984, seq=null, RW, null, SET_UNCONDITIONALLY, servers:[s7, s8, s9, s0, s1], listeners:[]
2024-10-31 03:28:15,221 INFO  server.RaftServer$Division (RaftServerImpl.java:setConfigurationAsync(1341)) - s8@group-4CD87B055E3A: receive setConfiguration SetConfigurationRequest:client-8FB543527D95->s8@group-4CD87B055E3A, cid=1984, seq=null, RW, null, SET_UNCONDITIONALLY, servers:[s7, s8, s9, s0, s1], listeners:[]
2024-10-31 03:28:15,321 INFO  server.RaftServer$Division (RaftServerImpl.java:setConfigurationAsync(1341)) - s7@group-4CD87B055E3A: receive setConfiguration SetConfigurationRequest:client-8FB543527D95->s7@group-4CD87B055E3A, cid=1984, seq=null, RW, null, SET_UNCONDITIONALLY, servers:[s7, s8, s9, s0, s1], listeners:[]
2024-10-31 03:28:15,422 INFO  server.RaftServer$Division (RaftServerImpl.java:setConfigurationAsync(1341)) - s9@group-4CD87B055E3A: receive setConfiguration SetConfigurationRequest:client-8FB543527D95->s9@group-4CD87B055E3A, cid=1984, seq=null, RW, null, SET_UNCONDITIONALLY, servers:[s7, s8, s9, s0, s1], listeners:[]
2024-10-31 03:28:15,522 INFO  server.RaftServer$Division (RaftServerImpl.java:setConfigurationAsync(1341)) - s7@group-4CD87B055E3A: receive setConfiguration SetConfigurationRequest:client-8FB543527D95->s7@group-4CD87B055E3A, cid=1984, seq=null, RW, null, SET_UNCONDITIONALLY, servers:[s7, s8, s9, s0, s1], listeners:[]
2024-10-31 03:28:15,623 INFO  server.RaftServer$Division (RaftServerImpl.java:setConfigurationAsync(1341)) - s9@group-4CD87B055E3A: receive setConfiguration SetConfigurationRequest:client-8FB543527D95->s9@group-4CD87B055E3A, cid=1984, seq=null, RW, null, SET_UNCONDITIONALLY, servers:[s7, s8, s9, s0, s1], listeners:[]
2024-10-31 03:28:15,723 INFO  server.RaftServer$Division (RaftServerImpl.java:setConfigurationAsync(1341)) - s7@group-4CD87B055E3A: receive setConfiguration SetConfigurationRequest:client-8FB543527D95->s7@group-4CD87B055E3A, cid=1984, seq=null, RW, null, SET_UNCONDITIONALLY, servers:[s7, s8, s9, s0, s1], listeners:[]
2024-10-31 03:28:15,823 INFO  server.RaftServer$Division (RaftServerImpl.java:setConfigurationAsync(1341)) - s8@group-4CD87B055E3A: receive setConfiguration SetConfigurationRequest:client-8FB543527D95->s8@group-4CD87B055E3A, cid=1984, seq=null, RW, null, SET_UNCONDITIONALLY, servers:[s7, s8, s9, s0, s1], listeners:[]
2024-10-31 03:28:15,924 INFO  server.RaftServer$Division (RaftServerImpl.java:setConfigurationAsync(1341)) - s7@group-4CD87B055E3A: receive setConfiguration SetConfigurationRequest:client-8FB543527D95->s7@group-4CD87B055E3A, cid=1984, seq=null, RW, null, SET_UNCONDITIONALLY, servers:[s7, s8, s9, s0, s1], listeners:[]
2024-10-31 03:28:15,992 INFO  impl.MiniRaftCluster (MiniRaftCluster.java:lambda$null$7(362)) - TIMED-PRINT: printing ALL groups
  s3:  RUNNING [
   FOLLOWER s3@group-4EB49E3E6D70:t0, leader=null, voted=, raftlog=Memoized:s3@group-4EB49E3E6D70-SegmentedRaftLog:OPENED:c-1:lastnull, conf=conf: {index: -1, cur=peers:[]|listeners:[], old=null} STARTING
   FOLLOWER s3@group-4CD87B055E3A:t0, leader=null, voted=, raftlog=Memoized:s3@group-4CD87B055E3A-SegmentedRaftLog:OPENED:c-1:lastnull, conf=conf: {index: -1, cur=peers:[]|listeners:[], old=null} STARTING] size=2
  s4:  RUNNING [
   FOLLOWER s4@group-4EB49E3E6D70:t0, leader=null, voted=, raftlog=Memoized:s4@group-4EB49E3E6D70-SegmentedRaftLog:OPENED:c-1:lastnull, conf=conf: {index: -1, cur=peers:[]|listeners:[], old=null} STARTING
   FOLLOWER s4@group-4CD87B055E3A:t0, leader=null, voted=, raftlog=Memoized:s4@group-4CD87B055E3A-SegmentedRaftLog:OPENED:c-1:lastnull, conf=conf: {index: -1, cur=peers:[]|listeners:[], old=null} STARTING] size=2
  s5:  RUNNING [
   FOLLOWER s5@group-4EB49E3E6D70:t0, leader=null, voted=, raftlog=Memoized:s5@group-4EB49E3E6D70-SegmentedRaftLog:OPENED:c-1:lastnull, conf=conf: {index: -1, cur=peers:[]|listeners:[], old=null} STARTING
   FOLLOWER s5@group-4CD87B055E3A:t0, leader=null, voted=, raftlog=Memoized:s5@group-4CD87B055E3A-SegmentedRaftLog:OPENED:c-1:lastnull, conf=conf: {index: -1, cur=peers:[]|listeners:[], old=null} STARTING] size=2
  s6:  RUNNING [
   FOLLOWER s6@group-4EB49E3E6D70:t0, leader=null, voted=, raftlog=Memoized:s6@group-4EB49E3E6D70-SegmentedRaftLog:OPENED:c-1:lastnull, conf=conf: {index: -1, cur=peers:[]|listeners:[], old=null} STARTING
   FOLLOWER s6@group-4CD87B055E3A:t0, leader=null, voted=, raftlog=Memoized:s6@group-4CD87B055E3A-SegmentedRaftLog:OPENED:c-1:lastnull, conf=conf: {index: -1, cur=peers:[]|listeners:[], old=null} STARTING] size=2
  s7:  RUNNING [
   FOLLOWER s7@group-4EB49E3E6D70:t0, leader=null, voted=, raftlog=Memoized:s7@group-4EB49E3E6D70-SegmentedRaftLog:OPENED:c-1:lastnull, conf=conf: {index: -1, cur=peers:[]|listeners:[], old=null} STARTING
     LEADER s7@group-4CD87B055E3A:t1, leader=s7, voted=s7, raftlog=Memoized:s7@group-4CD87B055E3A-SegmentedRaftLog:OPENED:c120:last(t:1, i:120), conf=conf: {index: 0, cur=peers:[s7, s8, s9]|listeners:[], old=null} RUNNING] size=2
  s8:  RUNNING [
   FOLLOWER s8@group-4EB49E3E6D70:t0, leader=null, voted=, raftlog=Memoized:s8@group-4EB49E3E6D70-SegmentedRaftLog:OPENED:c-1:lastnull, conf=conf: {index: -1, cur=peers:[]|listeners:[], old=null} STARTING
   FOLLOWER s8@group-4CD87B055E3A:t1, leader=s7, voted=s7, raftlog=Memoized:s8@group-4CD87B055E3A-SegmentedRaftLog:OPENED:c120:last(t:1, i:120), conf=conf: {index: 0, cur=peers:[s7|, s8|, s9|]|listeners:[], old=null} RUNNING] size=2
  s9:  RUNNING [
   FOLLOWER s9@group-4EB49E3E6D70:t0, leader=null, voted=, raftlog=Memoized:s9@group-4EB49E3E6D70-SegmentedRaftLog:OPENED:c-1:lastnull, conf=conf: {index: -1, cur=peers:[]|listeners:[], old=null} STARTING
   FOLLOWER s9@group-4CD87B055E3A:t1, leader=s7, voted=s7, raftlog=Memoized:s9@group-4CD87B055E3A-SegmentedRaftLog:OPENED:c120:last(t:1, i:120), conf=conf: {index: 0, cur=peers:[s7|, s8|, s9|]|listeners:[], old=null} RUNNING] size=2
  s11:  RUNNING [
   FOLLOWER s11@group-4EB49E3E6D70:t0, leader=null, voted=, raftlog=Memoized:s11@group-4EB49E3E6D70-SegmentedRaftLog:OPENED:c-1:lastnull, conf=conf: {index: -1, cur=peers:[]|listeners:[], old=null} STARTING
   FOLLOWER s11@group-4CD87B055E3A:t0, leader=null, voted=, raftlog=Memoized:s11@group-4CD87B055E3A-SegmentedRaftLog:OPENED:c-1:lastnull, conf=conf: {index: -1, cur=peers:[]|listeners:[], old=null} STARTING] size=2
  s10:  RUNNING [
   FOLLOWER s10@group-4EB49E3E6D70:t0, leader=null, voted=, raftlog=Memoized:s10@group-4EB49E3E6D70-SegmentedRaftLog:OPENED:c-1:lastnull, conf=conf: {index: -1, cur=peers:[]|listeners:[], old=null} STARTING
   FOLLOWER s10@group-4CD87B055E3A:t0, leader=null, voted=, raftlog=Memoized:s10@group-4CD87B055E3A-SegmentedRaftLog:OPENED:c-1:lastnull, conf=conf: {index: -1, cur=peers:[]|listeners:[], old=null} STARTING] size=2
  s13:  RUNNING [
   FOLLOWER s13@group-4EB49E3E6D70:t0, leader=null, voted=, raftlog=Memoized:s13@group-4EB49E3E6D70-SegmentedRaftLog:OPENED:c-1:lastnull, conf=conf: {index: -1, cur=peers:[]|listeners:[], old=null} STARTING
   FOLLOWER s13@group-4CD87B055E3A:t0, leader=null, voted=, raftlog=Memoized:s13@group-4CD87B055E3A-SegmentedRaftLog:OPENED:c-1:lastnull, conf=conf: {index: -1, cur=peers:[]|listeners:[], old=null} STARTING] size=2
  s12:  RUNNING [
   FOLLOWER s12@group-4EB49E3E6D70:t0, leader=null, voted=, raftlog=Memoized:s12@group-4EB49E3E6D70-SegmentedRaftLog:OPENED:c-1:lastnull, conf=conf: {index: -1, cur=peers:[]|listeners:[], old=null} STARTING
   FOLLOWER s12@group-4CD87B055E3A:t0, leader=null, voted=, raftlog=Memoized:s12@group-4CD87B055E3A-SegmentedRaftLog:OPENED:c-1:lastnull, conf=conf: {index: -1, cur=peers:[]|listeners:[], old=null} STARTING] size=2
  s14:  RUNNING [
   FOLLOWER s14@group-4EB49E3E6D70:t0, leader=null, voted=, raftlog=Memoized:s14@group-4EB49E3E6D70-SegmentedRaftLog:OPENED:c-1:lastnull, conf=conf: {index: -1, cur=peers:[]|listeners:[], old=null} STARTING
   FOLLOWER s14@group-4CD87B055E3A:t0, leader=null, voted=, raftlog=Memoized:s14@group-4CD87B055E3A-SegmentedRaftLog:OPENED:c-1:lastnull, conf=conf: {index: -1, cur=peers:[]|listeners:[], old=null} STARTING] size=2
  s0:  RUNNING [
   FOLLOWER s0@group-4EB49E3E6D70:t0, leader=null, voted=, raftlog=Memoized:s0@group-4EB49E3E6D70-SegmentedRaftLog:OPENED:c-1:lastnull, conf=conf: {index: -1, cur=peers:[]|listeners:[], old=null} STARTING
   FOLLOWER s0@group-4CD87B055E3A:t1, leader=s7, voted=null, raftlog=Memoized:s0@group-4CD87B055E3A-SegmentedRaftLog:OPENED:c120:last(t:1, i:120), conf=conf: {index: 0, cur=peers:[s7|, s8|, s9|]|listeners:[], old=null} STARTING] size=2
  s1:  RUNNING [
   FOLLOWER s1@group-4EB49E3E6D70:t0, leader=null, voted=, raftlog=Memoized:s1@group-4EB49E3E6D70-SegmentedRaftLog:OPENED:c-1:lastnull, conf=conf: {index: -1, cur=peers:[]|listeners:[], old=null} STARTING
   FOLLOWER s1@group-4CD87B055E3A:t1, leader=s7, voted=null, raftlog=Memoized:s1@group-4CD87B055E3A-SegmentedRaftLog:OPENED:c120:last(t:1, i:120), conf=conf: {index: 0, cur=peers:[s7|, s8|, s9|]|listeners:[], old=null} STARTING] size=2
  s2:  RUNNING [
   FOLLOWER s2@group-4EB49E3E6D70:t0, leader=null, voted=, raftlog=Memoized:s2@group-4EB49E3E6D70-SegmentedRaftLog:OPENED:c-1:lastnull, conf=conf: {index: -1, cur=peers:[]|listeners:[], old=null} STARTING
   FOLLOWER s2@group-4CD87B055E3A:t0, leader=null, voted=, raftlog=Memoized:s2@group-4CD87B055E3A-SegmentedRaftLog:OPENED:c-1:lastnull, conf=conf: {index: -1, cur=peers:[]|listeners:[], old=null} STARTING] size=2
2024-10-31 03:28:16,024 INFO  server.RaftServer$Division (RaftServerImpl.java:setConfigurationAsync(1341)) - s9@group-4CD87B055E3A: receive setConfiguration SetConfigurationRequest:client-8FB543527D95->s9@group-4CD87B055E3A, cid=1984, seq=null, RW, null, SET_UNCONDITIONALLY, servers:[s7, s8, s9, s0, s1], listeners:[]
2024-10-31 03:28:16,125 INFO  server.RaftServer$Division (RaftServerImpl.java:setConfigurationAsync(1341)) - s7@group-4CD87B055E3A: receive setConfiguration SetConfigurationRequest:client-8FB543527D95->s7@group-4CD87B055E3A, cid=1984, seq=null, RW, null, SET_UNCONDITIONALLY, servers:[s7, s8, s9, s0, s1], listeners:[]
2024-10-31 03:28:16,226 INFO  server.RaftServer$Division (RaftServerImpl.java:setConfigurationAsync(1341)) - s9@group-4CD87B055E3A: receive setConfiguration SetConfigurationRequest:client-8FB543527D95->s9@group-4CD87B055E3A, cid=1984, seq=null, RW, null, SET_UNCONDITIONALLY, servers:[s7, s8, s9, s0, s1], listeners:[]
2024-10-31 03:28:16,326 INFO  server.RaftServer$Division (RaftServerImpl.java:setConfigurationAsync(1341)) - s7@group-4CD87B055E3A: receive setConfiguration SetConfigurationRequest:client-8FB543527D95->s7@group-4CD87B055E3A, cid=1984, seq=null, RW, null, SET_UNCONDITIONALLY, servers:[s7, s8, s9, s0, s1], listeners:[]
2024-10-31 03:28:16,427 INFO  server.RaftServer$Division (RaftServerImpl.java:setConfigurationAsync(1341)) - s9@group-4CD87B055E3A: receive setConfiguration SetConfigurationRequest:client-8FB543527D95->s9@group-4CD87B055E3A, cid=1984, seq=null, RW, null, SET_UNCONDITIONALLY, servers:[s7, s8, s9, s0, s1], listeners:[]
2024-10-31 03:28:16,527 INFO  server.RaftServer$Division (RaftServerImpl.java:setConfigurationAsync(1341)) - s7@group-4CD87B055E3A: receive setConfiguration SetConfigurationRequest:client-8FB543527D95->s7@group-4CD87B055E3A, cid=1984, seq=null, RW, null, SET_UNCONDITIONALLY, servers:[s7, s8, s9, s0, s1], listeners:[]
2024-10-31 03:28:16,628 INFO  server.RaftServer$Division (RaftServerImpl.java:setConfigurationAsync(1341)) - s9@group-4CD87B055E3A: receive setConfiguration SetConfigurationRequest:client-8FB543527D95->s9@group-4CD87B055E3A, cid=1984, seq=null, RW, null, SET_UNCONDITIONALLY, servers:[s7, s8, s9, s0, s1], listeners:[]
2024-10-31 03:28:16,728 INFO  server.RaftServer$Division (RaftServerImpl.java:setConfigurationAsync(1341)) - s7@group-4CD87B055E3A: receive setConfiguration SetConfigurationRequest:client-8FB543527D95->s7@group-4CD87B055E3A, cid=1984, seq=null, RW, null, SET_UNCONDITIONALLY, servers:[s7, s8, s9, s0, s1], listeners:[]
2024-10-31 03:28:16,829 INFO  server.RaftServer$Division (RaftServerImpl.java:setConfigurationAsync(1341)) - s8@group-4CD87B055E3A: receive setConfiguration SetConfigurationRequest:client-8FB543527D95->s8@group-4CD87B055E3A, cid=1984, seq=null, RW, null, SET_UNCONDITIONALLY, servers:[s7, s8, s9, s0, s1], listeners:[]
2024-10-31 03:28:16,929 INFO  server.RaftServer$Division (RaftServerImpl.java:setConfigurationAsync(1341)) - s7@group-4CD87B055E3A: receive setConfiguration SetConfigurationRequest:client-8FB543527D95->s7@group-4CD87B055E3A, cid=1984, seq=null, RW, null, SET_UNCONDITIONALLY, servers:[s7, s8, s9, s0, s1], listeners:[]
2024-10-31 03:28:17,029 INFO  server.RaftServer$Division (RaftServerImpl.java:setConfigurationAsync(1341)) - s8@group-4CD87B055E3A: receive setConfiguration SetConfigurationRequest:client-8FB543527D95->s8@group-4CD87B055E3A, cid=1984, seq=null, RW, null, SET_UNCONDITIONALLY, servers:[s7, s8, s9, s0, s1], listeners:[]
2024-10-31 03:28:17,130 INFO  server.RaftServer$Division (RaftServerImpl.java:setConfigurationAsync(1341)) - s7@group-4CD87B055E3A: receive setConfiguration SetConfigurationRequest:client-8FB543527D95->s7@group-4CD87B055E3A, cid=1984, seq=null, RW, null, SET_UNCONDITIONALLY, servers:[s7, s8, s9, s0, s1], listeners:[]
2024-10-31 03:28:17,230 INFO  server.RaftServer$Division (RaftServerImpl.java:setConfigurationAsync(1341)) - s9@group-4CD87B055E3A: receive setConfiguration SetConfigurationRequest:client-8FB543527D95->s9@group-4CD87B055E3A, cid=1984, seq=null, RW, null, SET_UNCONDITIONALLY, servers:[s7, s8, s9, s0, s1], listeners:[]
2024-10-31 03:28:17,331 INFO  server.RaftServer$Division (RaftServerImpl.java:setConfigurationAsync(1341)) - s7@group-4CD87B055E3A: receive setConfiguration SetConfigurationRequest:client-8FB543527D95->s7@group-4CD87B055E3A, cid=1984, seq=null, RW, null, SET_UNCONDITIONALLY, servers:[s7, s8, s9, s0, s1], listeners:[]
2024-10-31 03:28:17,431 INFO  server.RaftServer$Division (RaftServerImpl.java:setConfigurationAsync(1341)) - s9@group-4CD87B055E3A: receive setConfiguration SetConfigurationRequest:client-8FB543527D95->s9@group-4CD87B055E3A, cid=1984, seq=null, RW, null, SET_UNCONDITIONALLY, servers:[s7, s8, s9, s0, s1], listeners:[]
2024-10-31 03:28:17,531 INFO  server.RaftServer$Division (RaftServerImpl.java:setConfigurationAsync(1341)) - s7@group-4CD87B055E3A: receive setConfiguration SetConfigurationRequest:client-8FB543527D95->s7@group-4CD87B055E3A, cid=1984, seq=null, RW, null, SET_UNCONDITIONALLY, servers:[s7, s8, s9, s0, s1], listeners:[]
2024-10-31 03:28:17,632 INFO  server.RaftServer$Division (RaftServerImpl.java:setConfigurationAsync(1341)) - s8@group-4CD87B055E3A: receive setConfiguration SetConfigurationRequest:client-8FB543527D95->s8@group-4CD87B055E3A, cid=1984, seq=null, RW, null, SET_UNCONDITIONALLY, servers:[s7, s8, s9, s0, s1], listeners:[]
2024-10-31 03:28:17,732 INFO  server.RaftServer$Division (RaftServerImpl.java:setConfigurationAsync(1341)) - s7@group-4CD87B055E3A: receive setConfiguration SetConfigurationRequest:client-8FB543527D95->s7@group-4CD87B055E3A, cid=1984, seq=null, RW, null, SET_UNCONDITIONALLY, servers:[s7, s8, s9, s0, s1], listeners:[]
2024-10-31 03:28:17,832 INFO  server.RaftServer$Division (RaftServerImpl.java:setConfigurationAsync(1341)) - s9@group-4CD87B055E3A: receive setConfiguration SetConfigurationRequest:client-8FB543527D95->s9@group-4CD87B055E3A, cid=1984, seq=null, RW, null, SET_UNCONDITIONALLY, servers:[s7, s8, s9, s0, s1], listeners:[]
2024-10-31 03:28:17,933 INFO  server.RaftServer$Division (RaftServerImpl.java:setConfigurationAsync(1341)) - s7@group-4CD87B055E3A: receive setConfiguration SetConfigurationRequest:client-8FB543527D95->s7@group-4CD87B055E3A, cid=1984, seq=null, RW, null, SET_UNCONDITIONALLY, servers:[s7, s8, s9, s0, s1], listeners:[]
2024-10-31 03:28:18,033 INFO  server.RaftServer$Division (RaftServerImpl.java:setConfigurationAsync(1341)) - s9@group-4CD87B055E3A: receive setConfiguration SetConfigurationRequest:client-8FB543527D95->s9@group-4CD87B055E3A, cid=1984, seq=null, RW, null, SET_UNCONDITIONALLY, servers:[s7, s8, s9, s0, s1], listeners:[]
2024-10-31 03:28:18,133 INFO  server.RaftServer$Division (RaftServerImpl.java:setConfigurationAsync(1341)) - s7@group-4CD87B055E3A: receive setConfiguration SetConfigurationRequest:client-8FB543527D95->s7@group-4CD87B055E3A, cid=1984, seq=null, RW, null, SET_UNCONDITIONALLY, servers:[s7, s8, s9, s0, s1], listeners:[]
2024-10-31 03:28:18,234 INFO  server.RaftServer$Division (RaftServerImpl.java:setConfigurationAsync(1341)) - s8@group-4CD87B055E3A: receive setConfiguration SetConfigurationRequest:client-8FB543527D95->s8@group-4CD87B055E3A, cid=1984, seq=null, RW, null, SET_UNCONDITIONALLY, servers:[s7, s8, s9, s0, s1], listeners:[]
2024-10-31 03:28:18,334 INFO  server.RaftServer$Division (RaftServerImpl.java:setConfigurationAsync(1341)) - s7@group-4CD87B055E3A: receive setConfiguration SetConfigurationRequest:client-8FB543527D95->s7@group-4CD87B055E3A, cid=1984, seq=null, RW, null, SET_UNCONDITIONALLY, servers:[s7, s8, s9, s0, s1], listeners:[]
2024-10-31 03:28:18,435 INFO  server.RaftServer$Division (RaftServerImpl.java:setConfigurationAsync(1341)) - s9@group-4CD87B055E3A: receive setConfiguration SetConfigurationRequest:client-8FB543527D95->s9@group-4CD87B055E3A, cid=1984, seq=null, RW, null, SET_UNCONDITIONALLY, servers:[s7, s8, s9, s0, s1], listeners:[]
2024-10-31 03:28:18,535 INFO  server.RaftServer$Division (RaftServerImpl.java:setConfigurationAsync(1341)) - s7@group-4CD87B055E3A: receive setConfiguration SetConfigurationRequest:client-8FB543527D95->s7@group-4CD87B055E3A, cid=1984, seq=null, RW, null, SET_UNCONDITIONALLY, servers:[s7, s8, s9, s0, s1], listeners:[]
2024-10-31 03:28:18,635 INFO  server.RaftServer$Division (RaftServerImpl.java:setConfigurationAsync(1341)) - s9@group-4CD87B055E3A: receive setConfiguration SetConfigurationRequest:client-8FB543527D95->s9@group-4CD87B055E3A, cid=1984, seq=null, RW, null, SET_UNCONDITIONALLY, servers:[s7, s8, s9, s0, s1], listeners:[]
2024-10-31 03:28:18,736 INFO  server.RaftServer$Division (RaftServerImpl.java:setConfigurationAsync(1341)) - s7@group-4CD87B055E3A: receive setConfiguration SetConfigurationRequest:client-8FB543527D95->s7@group-4CD87B055E3A, cid=1984, seq=null, RW, null, SET_UNCONDITIONALLY, servers:[s7, s8, s9, s0, s1], listeners:[]
2024-10-31 03:28:18,836 INFO  server.RaftServer$Division (RaftServerImpl.java:setConfigurationAsync(1341)) - s9@group-4CD87B055E3A: receive setConfiguration SetConfigurationRequest:client-8FB543527D95->s9@group-4CD87B055E3A, cid=1984, seq=null, RW, null, SET_UNCONDITIONALLY, servers:[s7, s8, s9, s0, s1], listeners:[]
2024-10-31 03:28:18,936 INFO  server.RaftServer$Division (RaftServerImpl.java:setConfigurationAsync(1341)) - s7@group-4CD87B055E3A: receive setConfiguration SetConfigurationRequest:client-8FB543527D95->s7@group-4CD87B055E3A, cid=1984, seq=null, RW, null, SET_UNCONDITIONALLY, servers:[s7, s8, s9, s0, s1], listeners:[]
2024-10-31 03:28:19,037 INFO  server.RaftServer$Division (RaftServerImpl.java:setConfigurationAsync(1341)) - s9@group-4CD87B055E3A: receive setConfiguration SetConfigurationRequest:client-8FB543527D95->s9@group-4CD87B055E3A, cid=1984, seq=null, RW, null, SET_UNCONDITIONALLY, servers:[s7, s8, s9, s0, s1], listeners:[]
2024-10-31 03:28:19,137 INFO  server.RaftServer$Division (RaftServerImpl.java:setConfigurationAsync(1341)) - s7@group-4CD87B055E3A: receive setConfiguration SetConfigurationRequest:client-8FB543527D95->s7@group-4CD87B055E3A, cid=1984, seq=null, RW, null, SET_UNCONDITIONALLY, servers:[s7, s8, s9, s0, s1], listeners:[]
2024-10-31 03:28:19,237 INFO  server.RaftServer$Division (RaftServerImpl.java:setConfigurationAsync(1341)) - s8@group-4CD87B055E3A: receive setConfiguration SetConfigurationRequest:client-8FB543527D95->s8@group-4CD87B055E3A, cid=1984, seq=null, RW, null, SET_UNCONDITIONALLY, servers:[s7, s8, s9, s0, s1], listeners:[]
2024-10-31 03:28:19,338 INFO  server.RaftServer$Division (RaftServerImpl.java:setConfigurationAsync(1341)) - s7@group-4CD87B055E3A: receive setConfiguration SetConfigurationRequest:client-8FB543527D95->s7@group-4CD87B055E3A, cid=1984, seq=null, RW, null, SET_UNCONDITIONALLY, servers:[s7, s8, s9, s0, s1], listeners:[]
2024-10-31 03:28:19,438 INFO  server.RaftServer$Division (RaftServerImpl.java:setConfigurationAsync(1341)) - s8@group-4CD87B055E3A: receive setConfiguration SetConfigurationRequest:client-8FB543527D95->s8@group-4CD87B055E3A, cid=1984, seq=null, RW, null, SET_UNCONDITIONALLY, servers:[s7, s8, s9, s0, s1], listeners:[]
2024-10-31 03:28:19,539 INFO  server.RaftServer$Division (RaftServerImpl.java:setConfigurationAsync(1341)) - s7@group-4CD87B055E3A: receive setConfiguration SetConfigurationRequest:client-8FB543527D95->s7@group-4CD87B055E3A, cid=1984, seq=null, RW, null, SET_UNCONDITIONALLY, servers:[s7, s8, s9, s0, s1], listeners:[]
2024-10-31 03:28:19,639 INFO  server.RaftServer$Division (RaftServerImpl.java:setConfigurationAsync(1341)) - s8@group-4CD87B055E3A: receive setConfiguration SetConfigurationRequest:client-8FB543527D95->s8@group-4CD87B055E3A, cid=1984, seq=null, RW, null, SET_UNCONDITIONALLY, servers:[s7, s8, s9, s0, s1], listeners:[]
2024-10-31 03:28:19,739 INFO  server.RaftServer$Division (RaftServerImpl.java:setConfigurationAsync(1341)) - s7@group-4CD87B055E3A: receive setConfiguration SetConfigurationRequest:client-8FB543527D95->s7@group-4CD87B055E3A, cid=1984, seq=null, RW, null, SET_UNCONDITIONALLY, servers:[s7, s8, s9, s0, s1], listeners:[]
2024-10-31 03:28:19,840 INFO  server.RaftServer$Division (RaftServerImpl.java:setConfigurationAsync(1341)) - s9@group-4CD87B055E3A: receive setConfiguration SetConfigurationRequest:client-8FB543527D95->s9@group-4CD87B055E3A, cid=1984, seq=null, RW, null, SET_UNCONDITIONALLY, servers:[s7, s8, s9, s0, s1], listeners:[]
2024-10-31 03:28:19,940 INFO  server.RaftServer$Division (RaftServerImpl.java:setConfigurationAsync(1341)) - s7@group-4CD87B055E3A: receive setConfiguration SetConfigurationRequest:client-8FB543527D95->s7@group-4CD87B055E3A, cid=1984, seq=null, RW, null, SET_UNCONDITIONALLY, servers:[s7, s8, s9, s0, s1], listeners:[]
2024-10-31 03:28:20,040 INFO  server.RaftServer$Division (RaftServerImpl.java:setConfigurationAsync(1341)) - s8@group-4CD87B055E3A: receive setConfiguration SetConfigurationRequest:client-8FB543527D95->s8@group-4CD87B055E3A, cid=1984, seq=null, RW, null, SET_UNCONDITIONALLY, servers:[s7, s8, s9, s0, s1], listeners:[]
2024-10-31 03:28:20,141 INFO  server.RaftServer$Division (RaftServerImpl.java:setConfigurationAsync(1341)) - s7@group-4CD87B055E3A: receive setConfiguration SetConfigurationRequest:client-8FB543527D95->s7@group-4CD87B055E3A, cid=1984, seq=null, RW, null, SET_UNCONDITIONALLY, servers:[s7, s8, s9, s0, s1], listeners:[]
2024-10-31 03:28:20,241 INFO  server.RaftServer$Division (RaftServerImpl.java:setConfigurationAsync(1341)) - s9@group-4CD87B055E3A: receive setConfiguration SetConfigurationRequest:client-8FB543527D95->s9@group-4CD87B055E3A, cid=1984, seq=null, RW, null, SET_UNCONDITIONALLY, servers:[s7, s8, s9, s0, s1], listeners:[]
2024-10-31 03:28:20,341 INFO  server.RaftServer$Division (RaftServerImpl.java:setConfigurationAsync(1341)) - s7@group-4CD87B055E3A: receive setConfiguration SetConfigurationRequest:client-8FB543527D95->s7@group-4CD87B055E3A, cid=1984, seq=null, RW, null, SET_UNCONDITIONALLY, servers:[s7, s8, s9, s0, s1], listeners:[]
2024-10-31 03:28:20,442 INFO  server.RaftServer$Division (RaftServerImpl.java:setConfigurationAsync(1341)) - s9@group-4CD87B055E3A: receive setConfiguration SetConfigurationRequest:client-8FB543527D95->s9@group-4CD87B055E3A, cid=1984, seq=null, RW, null, SET_UNCONDITIONALLY, servers:[s7, s8, s9, s0, s1], listeners:[]
2024-10-31 03:28:20,542 INFO  server.RaftServer$Division (RaftServerImpl.java:setConfigurationAsync(1341)) - s7@group-4CD87B055E3A: receive setConfiguration SetConfigurationRequest:client-8FB543527D95->s7@group-4CD87B055E3A, cid=1984, seq=null, RW, null, SET_UNCONDITIONALLY, servers:[s7, s8, s9, s0, s1], listeners:[]
2024-10-31 03:28:20,643 INFO  server.RaftServer$Division (RaftServerImpl.java:setConfigurationAsync(1341)) - s9@group-4CD87B055E3A: receive setConfiguration SetConfigurationRequest:client-8FB543527D95->s9@group-4CD87B055E3A, cid=1984, seq=null, RW, null, SET_UNCONDITIONALLY, servers:[s7, s8, s9, s0, s1], listeners:[]
2024-10-31 03:28:20,743 INFO  server.RaftServer$Division (RaftServerImpl.java:setConfigurationAsync(1341)) - s7@group-4CD87B055E3A: receive setConfiguration SetConfigurationRequest:client-8FB543527D95->s7@group-4CD87B055E3A, cid=1984, seq=null, RW, null, SET_UNCONDITIONALLY, servers:[s7, s8, s9, s0, s1], listeners:[]
2024-10-31 03:28:20,843 INFO  server.RaftServer$Division (RaftServerImpl.java:setConfigurationAsync(1341)) - s8@group-4CD87B055E3A: receive setConfiguration SetConfigurationRequest:client-8FB543527D95->s8@group-4CD87B055E3A, cid=1984, seq=null, RW, null, SET_UNCONDITIONALLY, servers:[s7, s8, s9, s0, s1], listeners:[]
2024-10-31 03:28:20,944 INFO  server.RaftServer$Division (RaftServerImpl.java:setConfigurationAsync(1341)) - s7@group-4CD87B055E3A: receive setConfiguration SetConfigurationRequest:client-8FB543527D95->s7@group-4CD87B055E3A, cid=1984, seq=null, RW, null, SET_UNCONDITIONALLY, servers:[s7, s8, s9, s0, s1], listeners:[]
2024-10-31 03:28:21,044 INFO  server.RaftServer$Division (RaftServerImpl.java:setConfigurationAsync(1341)) - s9@group-4CD87B055E3A: receive setConfiguration SetConfigurationRequest:client-8FB543527D95->s9@group-4CD87B055E3A, cid=1984, seq=null, RW, null, SET_UNCONDITIONALLY, servers:[s7, s8, s9, s0, s1], listeners:[]
2024-10-31 03:28:21,144 INFO  server.RaftServer$Division (RaftServerImpl.java:setConfigurationAsync(1341)) - s7@group-4CD87B055E3A: receive setConfiguration SetConfigurationRequest:client-8FB543527D95->s7@group-4CD87B055E3A, cid=1984, seq=null, RW, null, SET_UNCONDITIONALLY, servers:[s7, s8, s9, s0, s1], listeners:[]
2024-10-31 03:28:21,245 INFO  server.RaftServer$Division (RaftServerImpl.java:setConfigurationAsync(1341)) - s9@group-4CD87B055E3A: receive setConfiguration SetConfigurationRequest:client-8FB543527D95->s9@group-4CD87B055E3A, cid=1984, seq=null, RW, null, SET_UNCONDITIONALLY, servers:[s7, s8, s9, s0, s1], listeners:[]
2024-10-31 03:28:21,345 INFO  server.RaftServer$Division (RaftServerImpl.java:setConfigurationAsync(1341)) - s7@group-4CD87B055E3A: receive setConfiguration SetConfigurationRequest:client-8FB543527D95->s7@group-4CD87B055E3A, cid=1984, seq=null, RW, null, SET_UNCONDITIONALLY, servers:[s7, s8, s9, s0, s1], listeners:[]
2024-10-31 03:28:21,445 INFO  server.RaftServer$Division (RaftServerImpl.java:setConfigurationAsync(1341)) - s9@group-4CD87B055E3A: receive setConfiguration SetConfigurationRequest:client-8FB543527D95->s9@group-4CD87B055E3A, cid=1984, seq=null, RW, null, SET_UNCONDITIONALLY, servers:[s7, s8, s9, s0, s1], listeners:[]
2024-10-31 03:28:21,546 INFO  server.RaftServer$Division (RaftServerImpl.java:setConfigurationAsync(1341)) - s7@group-4CD87B055E3A: receive setConfiguration SetConfigurationRequest:client-8FB543527D95->s7@group-4CD87B055E3A, cid=1984, seq=null, RW, null, SET_UNCONDITIONALLY, servers:[s7, s8, s9, s0, s1], listeners:[]
2024-10-31 03:28:21,646 INFO  server.RaftServer$Division (RaftServerImpl.java:setConfigurationAsync(1341)) - s8@group-4CD87B055E3A: receive setConfiguration SetConfigurationRequest:client-8FB543527D95->s8@group-4CD87B055E3A, cid=1984, seq=null, RW, null, SET_UNCONDITIONALLY, servers:[s7, s8, s9, s0, s1], listeners:[]
2024-10-31 03:28:21,746 INFO  server.RaftServer$Division (RaftServerImpl.java:setConfigurationAsync(1341)) - s7@group-4CD87B055E3A: receive setConfiguration SetConfigurationRequest:client-8FB543527D95->s7@group-4CD87B055E3A, cid=1984, seq=null, RW, null, SET_UNCONDITIONALLY, servers:[s7, s8, s9, s0, s1], listeners:[]
2024-10-31 03:28:21,847 INFO  server.RaftServer$Division (RaftServerImpl.java:setConfigurationAsync(1341)) - s8@group-4CD87B055E3A: receive setConfiguration SetConfigurationRequest:client-8FB543527D95->s8@group-4CD87B055E3A, cid=1984, seq=null, RW, null, SET_UNCONDITIONALLY, servers:[s7, s8, s9, s0, s1], listeners:[]
2024-10-31 03:28:21,947 INFO  server.RaftServer$Division (RaftServerImpl.java:setConfigurationAsync(1341)) - s7@group-4CD87B055E3A: receive setConfiguration SetConfigurationRequest:client-8FB543527D95->s7@group-4CD87B055E3A, cid=1984, seq=null, RW, null, SET_UNCONDITIONALLY, servers:[s7, s8, s9, s0, s1], listeners:[]
2024-10-31 03:28:22,047 INFO  server.RaftServer$Division (RaftServerImpl.java:setConfigurationAsync(1341)) - s8@group-4CD87B055E3A: receive setConfiguration SetConfigurationRequest:client-8FB543527D95->s8@group-4CD87B055E3A, cid=1984, seq=null, RW, null, SET_UNCONDITIONALLY, servers:[s7, s8, s9, s0, s1], listeners:[]
2024-10-31 03:28:22,148 INFO  server.RaftServer$Division (RaftServerImpl.java:setConfigurationAsync(1341)) - s7@group-4CD87B055E3A: receive setConfiguration SetConfigurationRequest:client-8FB543527D95->s7@group-4CD87B055E3A, cid=1984, seq=null, RW, null, SET_UNCONDITIONALLY, servers:[s7, s8, s9, s0, s1], listeners:[]
2024-10-31 03:28:22,248 INFO  server.RaftServer$Division (RaftServerImpl.java:setConfigurationAsync(1341)) - s9@group-4CD87B055E3A: receive setConfiguration SetConfigurationRequest:client-8FB543527D95->s9@group-4CD87B055E3A, cid=1984, seq=null, RW, null, SET_UNCONDITIONALLY, servers:[s7, s8, s9, s0, s1], listeners:[]
2024-10-31 03:28:22,349 INFO  server.RaftServer$Division (RaftServerImpl.java:setConfigurationAsync(1341)) - s7@group-4CD87B055E3A: receive setConfiguration SetConfigurationRequest:client-8FB543527D95->s7@group-4CD87B055E3A, cid=1984, seq=null, RW, null, SET_UNCONDITIONALLY, servers:[s7, s8, s9, s0, s1], listeners:[]
2024-10-31 03:28:22,449 INFO  server.RaftServer$Division (RaftServerImpl.java:setConfigurationAsync(1341)) - s8@group-4CD87B055E3A: receive setConfiguration SetConfigurationRequest:client-8FB543527D95->s8@group-4CD87B055E3A, cid=1984, seq=null, RW, null, SET_UNCONDITIONALLY, servers:[s7, s8, s9, s0, s1], listeners:[]
2024-10-31 03:28:22,549 INFO  server.RaftServer$Division (RaftServerImpl.java:setConfigurationAsync(1341)) - s7@group-4CD87B055E3A: receive setConfiguration SetConfigurationRequest:client-8FB543527D95->s7@group-4CD87B055E3A, cid=1984, seq=null, RW, null, SET_UNCONDITIONALLY, servers:[s7, s8, s9, s0, s1], listeners:[]
2024-10-31 03:28:22,650 INFO  server.RaftServer$Division (RaftServerImpl.java:setConfigurationAsync(1341)) - s8@group-4CD87B055E3A: receive setConfiguration SetConfigurationRequest:client-8FB543527D95->s8@group-4CD87B055E3A, cid=1984, seq=null, RW, null, SET_UNCONDITIONALLY, servers:[s7, s8, s9, s0, s1], listeners:[]
2024-10-31 03:28:22,750 INFO  server.RaftServer$Division (RaftServerImpl.java:setConfigurationAsync(1341)) - s7@group-4CD87B055E3A: receive setConfiguration SetConfigurationRequest:client-8FB543527D95->s7@group-4CD87B055E3A, cid=1984, seq=null, RW, null, SET_UNCONDITIONALLY, servers:[s7, s8, s9, s0, s1], listeners:[]
2024-10-31 03:28:22,850 INFO  server.RaftServer$Division (RaftServerImpl.java:setConfigurationAsync(1341)) - s9@group-4CD87B055E3A: receive setConfiguration SetConfigurationRequest:client-8FB543527D95->s9@group-4CD87B055E3A, cid=1984, seq=null, RW, null, SET_UNCONDITIONALLY, servers:[s7, s8, s9, s0, s1], listeners:[]
2024-10-31 03:28:22,950 INFO  server.RaftServer$Division (RaftServerImpl.java:setConfigurationAsync(1341)) - s7@group-4CD87B055E3A: receive setConfiguration SetConfigurationRequest:client-8FB543527D95->s7@group-4CD87B055E3A, cid=1984, seq=null, RW, null, SET_UNCONDITIONALLY, servers:[s7, s8, s9, s0, s1], listeners:[]
2024-10-31 03:28:23,051 INFO  server.RaftServer$Division (RaftServerImpl.java:setConfigurationAsync(1341)) - s8@group-4CD87B055E3A: receive setConfiguration SetConfigurationRequest:client-8FB543527D95->s8@group-4CD87B055E3A, cid=1984, seq=null, RW, null, SET_UNCONDITIONALLY, servers:[s7, s8, s9, s0, s1], listeners:[]
2024-10-31 03:28:23,151 INFO  server.RaftServer$Division (RaftServerImpl.java:setConfigurationAsync(1341)) - s7@group-4CD87B055E3A: receive setConfiguration SetConfigurationRequest:client-8FB543527D95->s7@group-4CD87B055E3A, cid=1984, seq=null, RW, null, SET_UNCONDITIONALLY, servers:[s7, s8, s9, s0, s1], listeners:[]
2024-10-31 03:28:23,251 INFO  server.RaftServer$Division (RaftServerImpl.java:setConfigurationAsync(1341)) - s9@group-4CD87B055E3A: receive setConfiguration SetConfigurationRequest:client-8FB543527D95->s9@group-4CD87B055E3A, cid=1984, seq=null, RW, null, SET_UNCONDITIONALLY, servers:[s7, s8, s9, s0, s1], listeners:[]
2024-10-31 03:28:23,352 INFO  server.RaftServer$Division (RaftServerImpl.java:setConfigurationAsync(1341)) - s7@group-4CD87B055E3A: receive setConfiguration SetConfigurationRequest:client-8FB543527D95->s7@group-4CD87B055E3A, cid=1984, seq=null, RW, null, SET_UNCONDITIONALLY, servers:[s7, s8, s9, s0, s1], listeners:[]
2024-10-31 03:28:23,452 INFO  server.RaftServer$Division (RaftServerImpl.java:setConfigurationAsync(1341)) - s8@group-4CD87B055E3A: receive setConfiguration SetConfigurationRequest:client-8FB543527D95->s8@group-4CD87B055E3A, cid=1984, seq=null, RW, null, SET_UNCONDITIONALLY, servers:[s7, s8, s9, s0, s1], listeners:[]
2024-10-31 03:28:23,553 INFO  server.RaftServer$Division (RaftServerImpl.java:setConfigurationAsync(1341)) - s7@group-4CD87B055E3A: receive setConfiguration SetConfigurationRequest:client-8FB543527D95->s7@group-4CD87B055E3A, cid=1984, seq=null, RW, null, SET_UNCONDITIONALLY, servers:[s7, s8, s9, s0, s1], listeners:[]
2024-10-31 03:28:23,653 INFO  server.RaftServer$Division (RaftServerImpl.java:setConfigurationAsync(1341)) - s8@group-4CD87B055E3A: receive setConfiguration SetConfigurationRequest:client-8FB543527D95->s8@group-4CD87B055E3A, cid=1984, seq=null, RW, null, SET_UNCONDITIONALLY, servers:[s7, s8, s9, s0, s1], listeners:[]
2024-10-31 03:28:23,753 INFO  server.RaftServer$Division (RaftServerImpl.java:setConfigurationAsync(1341)) - s7@group-4CD87B055E3A: receive setConfiguration SetConfigurationRequest:client-8FB543527D95->s7@group-4CD87B055E3A, cid=1984, seq=null, RW, null, SET_UNCONDITIONALLY, servers:[s7, s8, s9, s0, s1], listeners:[]
2024-10-31 03:28:23,854 INFO  server.RaftServer$Division (RaftServerImpl.java:setConfigurationAsync(1341)) - s8@group-4CD87B055E3A: receive setConfiguration SetConfigurationRequest:client-8FB543527D95->s8@group-4CD87B055E3A, cid=1984, seq=null, RW, null, SET_UNCONDITIONALLY, servers:[s7, s8, s9, s0, s1], listeners:[]
2024-10-31 03:28:23,954 INFO  server.RaftServer$Division (RaftServerImpl.java:setConfigurationAsync(1341)) - s7@group-4CD87B055E3A: receive setConfiguration SetConfigurationRequest:client-8FB543527D95->s7@group-4CD87B055E3A, cid=1984, seq=null, RW, null, SET_UNCONDITIONALLY, servers:[s7, s8, s9, s0, s1], listeners:[]
2024-10-31 03:28:24,054 INFO  server.RaftServer$Division (RaftServerImpl.java:setConfigurationAsync(1341)) - s8@group-4CD87B055E3A: receive setConfiguration SetConfigurationRequest:client-8FB543527D95->s8@group-4CD87B055E3A, cid=1984, seq=null, RW, null, SET_UNCONDITIONALLY, servers:[s7, s8, s9, s0, s1], listeners:[]
2024-10-31 03:28:24,155 INFO  server.RaftServer$Division (RaftServerImpl.java:setConfigurationAsync(1341)) - s7@group-4CD87B055E3A: receive setConfiguration SetConfigurationRequest:client-8FB543527D95->s7@group-4CD87B055E3A, cid=1984, seq=null, RW, null, SET_UNCONDITIONALLY, servers:[s7, s8, s9, s0, s1], listeners:[]
2024-10-31 03:28:24,255 INFO  server.RaftServer$Division (RaftServerImpl.java:setConfigurationAsync(1341)) - s9@group-4CD87B055E3A: receive setConfiguration SetConfigurationRequest:client-8FB543527D95->s9@group-4CD87B055E3A, cid=1984, seq=null, RW, null, SET_UNCONDITIONALLY, servers:[s7, s8, s9, s0, s1], listeners:[]
2024-10-31 03:28:24,355 INFO  server.RaftServer$Division (RaftServerImpl.java:setConfigurationAsync(1341)) - s7@group-4CD87B055E3A: receive setConfiguration SetConfigurationRequest:client-8FB543527D95->s7@group-4CD87B055E3A, cid=1984, seq=null, RW, null, SET_UNCONDITIONALLY, servers:[s7, s8, s9, s0, s1], listeners:[]
2024-10-31 03:28:24,456 INFO  server.RaftServer$Division (RaftServerImpl.java:setConfigurationAsync(1341)) - s9@group-4CD87B055E3A: receive setConfiguration SetConfigurationRequest:client-8FB543527D95->s9@group-4CD87B055E3A, cid=1984, seq=null, RW, null, SET_UNCONDITIONALLY, servers:[s7, s8, s9, s0, s1], listeners:[]
2024-10-31 03:28:24,556 INFO  server.RaftServer$Division (RaftServerImpl.java:setConfigurationAsync(1341)) - s7@group-4CD87B055E3A: receive setConfiguration SetConfigurationRequest:client-8FB543527D95->s7@group-4CD87B055E3A, cid=1984, seq=null, RW, null, SET_UNCONDITIONALLY, servers:[s7, s8, s9, s0, s1], listeners:[]
2024-10-31 03:28:24,657 INFO  server.RaftServer$Division (RaftServerImpl.java:setConfigurationAsync(1341)) - s9@group-4CD87B055E3A: receive setConfiguration SetConfigurationRequest:client-8FB543527D95->s9@group-4CD87B055E3A, cid=1984, seq=null, RW, null, SET_UNCONDITIONALLY, servers:[s7, s8, s9, s0, s1], listeners:[]
2024-10-31 03:28:24,757 INFO  server.RaftServer$Division (RaftServerImpl.java:setConfigurationAsync(1341)) - s7@group-4CD87B055E3A: receive setConfiguration SetConfigurationRequest:client-8FB543527D95->s7@group-4CD87B055E3A, cid=1984, seq=null, RW, null, SET_UNCONDITIONALLY, servers:[s7, s8, s9, s0, s1], listeners:[]
2024-10-31 03:28:24,858 INFO  server.RaftServer$Division (RaftServerImpl.java:setConfigurationAsync(1341)) - s9@group-4CD87B055E3A: receive setConfiguration SetConfigurationRequest:client-8FB543527D95->s9@group-4CD87B055E3A, cid=1984, seq=null, RW, null, SET_UNCONDITIONALLY, servers:[s7, s8, s9, s0, s1], listeners:[]
2024-10-31 03:28:24,958 INFO  server.RaftServer$Division (RaftServerImpl.java:setConfigurationAsync(1341)) - s7@group-4CD87B055E3A: receive setConfiguration SetConfigurationRequest:client-8FB543527D95->s7@group-4CD87B055E3A, cid=1984, seq=null, RW, null, SET_UNCONDITIONALLY, servers:[s7, s8, s9, s0, s1], listeners:[]
2024-10-31 03:28:25,058 INFO  server.RaftServer$Division (RaftServerImpl.java:setConfigurationAsync(1341)) - s8@group-4CD87B055E3A: receive setConfiguration SetConfigurationRequest:client-8FB543527D95->s8@group-4CD87B055E3A, cid=1984, seq=null, RW, null, SET_UNCONDITIONALLY, servers:[s7, s8, s9, s0, s1], listeners:[]
2024-10-31 03:28:25,159 INFO  server.RaftServer$Division (RaftServerImpl.java:setConfigurationAsync(1341)) - s7@group-4CD87B055E3A: receive setConfiguration SetConfigurationRequest:client-8FB543527D95->s7@group-4CD87B055E3A, cid=1984, seq=null, RW, null, SET_UNCONDITIONALLY, servers:[s7, s8, s9, s0, s1], listeners:[]
2024-10-31 03:28:25,259 INFO  server.RaftServer$Division (RaftServerImpl.java:setConfigurationAsync(1341)) - s9@group-4CD87B055E3A: receive setConfiguration SetConfigurationRequest:client-8FB543527D95->s9@group-4CD87B055E3A, cid=1984, seq=null, RW, null, SET_UNCONDITIONALLY, servers:[s7, s8, s9, s0, s1], listeners:[]
2024-10-31 03:28:25,359 INFO  server.RaftServer$Division (RaftServerImpl.java:setConfigurationAsync(1341)) - s7@group-4CD87B055E3A: receive setConfiguration SetConfigurationRequest:client-8FB543527D95->s7@group-4CD87B055E3A, cid=1984, seq=null, RW, null, SET_UNCONDITIONALLY, servers:[s7, s8, s9, s0, s1], listeners:[]
2024-10-31 03:28:25,460 INFO  server.RaftServer$Division (RaftServerImpl.java:setConfigurationAsync(1341)) - s9@group-4CD87B055E3A: receive setConfiguration SetConfigurationRequest:client-8FB543527D95->s9@group-4CD87B055E3A, cid=1984, seq=null, RW, null, SET_UNCONDITIONALLY, servers:[s7, s8, s9, s0, s1], listeners:[]
2024-10-31 03:28:25,560 INFO  server.RaftServer$Division (RaftServerImpl.java:setConfigurationAsync(1341)) - s7@group-4CD87B055E3A: receive setConfiguration SetConfigurationRequest:client-8FB543527D95->s7@group-4CD87B055E3A, cid=1984, seq=null, RW, null, SET_UNCONDITIONALLY, servers:[s7, s8, s9, s0, s1], listeners:[]
2024-10-31 03:28:25,661 INFO  server.RaftServer$Division (RaftServerImpl.java:setConfigurationAsync(1341)) - s9@group-4CD87B055E3A: receive setConfiguration SetConfigurationRequest:client-8FB543527D95->s9@group-4CD87B055E3A, cid=1984, seq=null, RW, null, SET_UNCONDITIONALLY, servers:[s7, s8, s9, s0, s1], listeners:[]
2024-10-31 03:28:25,761 INFO  server.RaftServer$Division (RaftServerImpl.java:setConfigurationAsync(1341)) - s7@group-4CD87B055E3A: receive setConfiguration SetConfigurationRequest:client-8FB543527D95->s7@group-4CD87B055E3A, cid=1984, seq=null, RW, null, SET_UNCONDITIONALLY, servers:[s7, s8, s9, s0, s1], listeners:[]
2024-10-31 03:28:25,862 INFO  server.RaftServer$Division (RaftServerImpl.java:setConfigurationAsync(1341)) - s9@group-4CD87B055E3A: receive setConfiguration SetConfigurationRequest:client-8FB543527D95->s9@group-4CD87B055E3A, cid=1984, seq=null, RW, null, SET_UNCONDITIONALLY, servers:[s7, s8, s9, s0, s1], listeners:[]
2024-10-31 03:28:25,962 INFO  server.RaftServer$Division (RaftServerImpl.java:setConfigurationAsync(1341)) - s7@group-4CD87B055E3A: receive setConfiguration SetConfigurationRequest:client-8FB543527D95->s7@group-4CD87B055E3A, cid=1984, seq=null, RW, null, SET_UNCONDITIONALLY, servers:[s7, s8, s9, s0, s1], listeners:[]
2024-10-31 03:28:25,993 INFO  impl.MiniRaftCluster (MiniRaftCluster.java:lambda$null$7(362)) - TIMED-PRINT: printing ALL groups
  s3:  RUNNING [
   FOLLOWER s3@group-4EB49E3E6D70:t0, leader=null, voted=, raftlog=Memoized:s3@group-4EB49E3E6D70-SegmentedRaftLog:OPENED:c-1:lastnull, conf=conf: {index: -1, cur=peers:[]|listeners:[], old=null} STARTING
   FOLLOWER s3@group-4CD87B055E3A:t0, leader=null, voted=, raftlog=Memoized:s3@group-4CD87B055E3A-SegmentedRaftLog:OPENED:c-1:lastnull, conf=conf: {index: -1, cur=peers:[]|listeners:[], old=null} STARTING] size=2
  s4:  RUNNING [
   FOLLOWER s4@group-4EB49E3E6D70:t0, leader=null, voted=, raftlog=Memoized:s4@group-4EB49E3E6D70-SegmentedRaftLog:OPENED:c-1:lastnull, conf=conf: {index: -1, cur=peers:[]|listeners:[], old=null} STARTING
   FOLLOWER s4@group-4CD87B055E3A:t0, leader=null, voted=, raftlog=Memoized:s4@group-4CD87B055E3A-SegmentedRaftLog:OPENED:c-1:lastnull, conf=conf: {index: -1, cur=peers:[]|listeners:[], old=null} STARTING] size=2
  s5:  RUNNING [
   FOLLOWER s5@group-4EB49E3E6D70:t0, leader=null, voted=, raftlog=Memoized:s5@group-4EB49E3E6D70-SegmentedRaftLog:OPENED:c-1:lastnull, conf=conf: {index: -1, cur=peers:[]|listeners:[], old=null} STARTING
   FOLLOWER s5@group-4CD87B055E3A:t0, leader=null, voted=, raftlog=Memoized:s5@group-4CD87B055E3A-SegmentedRaftLog:OPENED:c-1:lastnull, conf=conf: {index: -1, cur=peers:[]|listeners:[], old=null} STARTING] size=2
  s6:  RUNNING [
   FOLLOWER s6@group-4EB49E3E6D70:t0, leader=null, voted=, raftlog=Memoized:s6@group-4EB49E3E6D70-SegmentedRaftLog:OPENED:c-1:lastnull, conf=conf: {index: -1, cur=peers:[]|listeners:[], old=null} STARTING
   FOLLOWER s6@group-4CD87B055E3A:t0, leader=null, voted=, raftlog=Memoized:s6@group-4CD87B055E3A-SegmentedRaftLog:OPENED:c-1:lastnull, conf=conf: {index: -1, cur=peers:[]|listeners:[], old=null} STARTING] size=2
  s7:  RUNNING [
   FOLLOWER s7@group-4EB49E3E6D70:t0, leader=null, voted=, raftlog=Memoized:s7@group-4EB49E3E6D70-SegmentedRaftLog:OPENED:c-1:lastnull, conf=conf: {index: -1, cur=peers:[]|listeners:[], old=null} STARTING
     LEADER s7@group-4CD87B055E3A:t1, leader=s7, voted=s7, raftlog=Memoized:s7@group-4CD87B055E3A-SegmentedRaftLog:OPENED:c120:last(t:1, i:120), conf=conf: {index: 0, cur=peers:[s7, s8, s9]|listeners:[], old=null} RUNNING] size=2
  s8:  RUNNING [
   FOLLOWER s8@group-4EB49E3E6D70:t0, leader=null, voted=, raftlog=Memoized:s8@group-4EB49E3E6D70-SegmentedRaftLog:OPENED:c-1:lastnull, conf=conf: {index: -1, cur=peers:[]|listeners:[], old=null} STARTING
   FOLLOWER s8@group-4CD87B055E3A:t1, leader=s7, voted=s7, raftlog=Memoized:s8@group-4CD87B055E3A-SegmentedRaftLog:OPENED:c120:last(t:1, i:120), conf=conf: {index: 0, cur=peers:[s7|, s8|, s9|]|listeners:[], old=null} RUNNING] size=2
  s9:  RUNNING [
   FOLLOWER s9@group-4EB49E3E6D70:t0, leader=null, voted=, raftlog=Memoized:s9@group-4EB49E3E6D70-SegmentedRaftLog:OPENED:c-1:lastnull, conf=conf: {index: -1, cur=peers:[]|listeners:[], old=null} STARTING
   FOLLOWER s9@group-4CD87B055E3A:t1, leader=s7, voted=s7, raftlog=Memoized:s9@group-4CD87B055E3A-SegmentedRaftLog:OPENED:c120:last(t:1, i:120), conf=conf: {index: 0, cur=peers:[s7|, s8|, s9|]|listeners:[], old=null} RUNNING] size=2
  s11:  RUNNING [
   FOLLOWER s11@group-4EB49E3E6D70:t0, leader=null, voted=, raftlog=Memoized:s11@group-4EB49E3E6D70-SegmentedRaftLog:OPENED:c-1:lastnull, conf=conf: {index: -1, cur=peers:[]|listeners:[], old=null} STARTING
   FOLLOWER s11@group-4CD87B055E3A:t0, leader=null, voted=, raftlog=Memoized:s11@group-4CD87B055E3A-SegmentedRaftLog:OPENED:c-1:lastnull, conf=conf: {index: -1, cur=peers:[]|listeners:[], old=null} STARTING] size=2
  s10:  RUNNING [
   FOLLOWER s10@group-4EB49E3E6D70:t0, leader=null, voted=, raftlog=Memoized:s10@group-4EB49E3E6D70-SegmentedRaftLog:OPENED:c-1:lastnull, conf=conf: {index: -1, cur=peers:[]|listeners:[], old=null} STARTING
   FOLLOWER s10@group-4CD87B055E3A:t0, leader=null, voted=, raftlog=Memoized:s10@group-4CD87B055E3A-SegmentedRaftLog:OPENED:c-1:lastnull, conf=conf: {index: -1, cur=peers:[]|listeners:[], old=null} STARTING] size=2
  s13:  RUNNING [
   FOLLOWER s13@group-4EB49E3E6D70:t0, leader=null, voted=, raftlog=Memoized:s13@group-4EB49E3E6D70-SegmentedRaftLog:OPENED:c-1:lastnull, conf=conf: {index: -1, cur=peers:[]|listeners:[], old=null} STARTING
   FOLLOWER s13@group-4CD87B055E3A:t0, leader=null, voted=, raftlog=Memoized:s13@group-4CD87B055E3A-SegmentedRaftLog:OPENED:c-1:lastnull, conf=conf: {index: -1, cur=peers:[]|listeners:[], old=null} STARTING] size=2
  s12:  RUNNING [
   FOLLOWER s12@group-4EB49E3E6D70:t0, leader=null, voted=, raftlog=Memoized:s12@group-4EB49E3E6D70-SegmentedRaftLog:OPENED:c-1:lastnull, conf=conf: {index: -1, cur=peers:[]|listeners:[], old=null} STARTING
   FOLLOWER s12@group-4CD87B055E3A:t0, leader=null, voted=, raftlog=Memoized:s12@group-4CD87B055E3A-SegmentedRaftLog:OPENED:c-1:lastnull, conf=conf: {index: -1, cur=peers:[]|listeners:[], old=null} STARTING] size=2
  s14:  RUNNING [
   FOLLOWER s14@group-4EB49E3E6D70:t0, leader=null, voted=, raftlog=Memoized:s14@group-4EB49E3E6D70-SegmentedRaftLog:OPENED:c-1:lastnull, conf=conf: {index: -1, cur=peers:[]|listeners:[], old=null} STARTING
   FOLLOWER s14@group-4CD87B055E3A:t0, leader=null, voted=, raftlog=Memoized:s14@group-4CD87B055E3A-SegmentedRaftLog:OPENED:c-1:lastnull, conf=conf: {index: -1, cur=peers:[]|listeners:[], old=null} STARTING] size=2
  s0:  RUNNING [
   FOLLOWER s0@group-4EB49E3E6D70:t0, leader=null, voted=, raftlog=Memoized:s0@group-4EB49E3E6D70-SegmentedRaftLog:OPENED:c-1:lastnull, conf=conf: {index: -1, cur=peers:[]|listeners:[], old=null} STARTING
   FOLLOWER s0@group-4CD87B055E3A:t1, leader=s7, voted=null, raftlog=Memoized:s0@group-4CD87B055E3A-SegmentedRaftLog:OPENED:c120:last(t:1, i:120), conf=conf: {index: 0, cur=peers:[s7|, s8|, s9|]|listeners:[], old=null} STARTING] size=2
  s1:  RUNNING [
   FOLLOWER s1@group-4EB49E3E6D70:t0, leader=null, voted=, raftlog=Memoized:s1@group-4EB49E3E6D70-SegmentedRaftLog:OPENED:c-1:lastnull, conf=conf: {index: -1, cur=peers:[]|listeners:[], old=null} STARTING
   FOLLOWER s1@group-4CD87B055E3A:t1, leader=s7, voted=null, raftlog=Memoized:s1@group-4CD87B055E3A-SegmentedRaftLog:OPENED:c120:last(t:1, i:120), conf=conf: {index: 0, cur=peers:[s7|, s8|, s9|]|listeners:[], old=null} STARTING] size=2
  s2:  RUNNING [
   FOLLOWER s2@group-4EB49E3E6D70:t0, leader=null, voted=, raftlog=Memoized:s2@group-4EB49E3E6D70-SegmentedRaftLog:OPENED:c-1:lastnull, conf=conf: {index: -1, cur=peers:[]|listeners:[], old=null} STARTING
   FOLLOWER s2@group-4CD87B055E3A:t0, leader=null, voted=, raftlog=Memoized:s2@group-4CD87B055E3A-SegmentedRaftLog:OPENED:c-1:lastnull, conf=conf: {index: -1, cur=peers:[]|listeners:[], old=null} STARTING] size=2
2024-10-31 03:28:26,062 INFO  server.RaftServer$Division (RaftServerImpl.java:setConfigurationAsync(1341)) - s8@group-4CD87B055E3A: receive setConfiguration SetConfigurationRequest:client-8FB543527D95->s8@group-4CD87B055E3A, cid=1984, seq=null, RW, null, SET_UNCONDITIONALLY, servers:[s7, s8, s9, s0, s1], listeners:[]
2024-10-31 03:28:26,163 INFO  server.RaftServer$Division (RaftServerImpl.java:setConfigurationAsync(1341)) - s7@group-4CD87B055E3A: receive setConfiguration SetConfigurationRequest:client-8FB543527D95->s7@group-4CD87B055E3A, cid=1984, seq=null, RW, null, SET_UNCONDITIONALLY, servers:[s7, s8, s9, s0, s1], listeners:[]
2024-10-31 03:28:26,263 INFO  server.RaftServer$Division (RaftServerImpl.java:setConfigurationAsync(1341)) - s9@group-4CD87B055E3A: receive setConfiguration SetConfigurationRequest:client-8FB543527D95->s9@group-4CD87B055E3A, cid=1984, seq=null, RW, null, SET_UNCONDITIONALLY, servers:[s7, s8, s9, s0, s1], listeners:[]
2024-10-31 03:28:26,364 INFO  server.RaftServer$Division (RaftServerImpl.java:setConfigurationAsync(1341)) - s7@group-4CD87B055E3A: receive setConfiguration SetConfigurationRequest:client-8FB543527D95->s7@group-4CD87B055E3A, cid=1984, seq=null, RW, null, SET_UNCONDITIONALLY, servers:[s7, s8, s9, s0, s1], listeners:[]
2024-10-31 03:28:26,464 INFO  server.RaftServer$Division (RaftServerImpl.java:setConfigurationAsync(1341)) - s8@group-4CD87B055E3A: receive setConfiguration SetConfigurationRequest:client-8FB543527D95->s8@group-4CD87B055E3A, cid=1984, seq=null, RW, null, SET_UNCONDITIONALLY, servers:[s7, s8, s9, s0, s1], listeners:[]
2024-10-31 03:28:26,565 INFO  server.RaftServer$Division (RaftServerImpl.java:setConfigurationAsync(1341)) - s7@group-4CD87B055E3A: receive setConfiguration SetConfigurationRequest:client-8FB543527D95->s7@group-4CD87B055E3A, cid=1984, seq=null, RW, null, SET_UNCONDITIONALLY, servers:[s7, s8, s9, s0, s1], listeners:[]
2024-10-31 03:28:26,665 INFO  server.RaftServer$Division (RaftServerImpl.java:setConfigurationAsync(1341)) - s8@group-4CD87B055E3A: receive setConfiguration SetConfigurationRequest:client-8FB543527D95->s8@group-4CD87B055E3A, cid=1984, seq=null, RW, null, SET_UNCONDITIONALLY, servers:[s7, s8, s9, s0, s1], listeners:[]
2024-10-31 03:28:26,766 INFO  server.RaftServer$Division (RaftServerImpl.java:setConfigurationAsync(1341)) - s7@group-4CD87B055E3A: receive setConfiguration SetConfigurationRequest:client-8FB543527D95->s7@group-4CD87B055E3A, cid=1984, seq=null, RW, null, SET_UNCONDITIONALLY, servers:[s7, s8, s9, s0, s1], listeners:[]
2024-10-31 03:28:26,866 INFO  server.RaftServer$Division (RaftServerImpl.java:setConfigurationAsync(1341)) - s8@group-4CD87B055E3A: receive setConfiguration SetConfigurationRequest:client-8FB543527D95->s8@group-4CD87B055E3A, cid=1984, seq=null, RW, null, SET_UNCONDITIONALLY, servers:[s7, s8, s9, s0, s1], listeners:[]
2024-10-31 03:28:26,967 INFO  server.RaftServer$Division (RaftServerImpl.java:setConfigurationAsync(1341)) - s7@group-4CD87B055E3A: receive setConfiguration SetConfigurationRequest:client-8FB543527D95->s7@group-4CD87B055E3A, cid=1984, seq=null, RW, null, SET_UNCONDITIONALLY, servers:[s7, s8, s9, s0, s1], listeners:[]
2024-10-31 03:28:27,067 INFO  server.RaftServer$Division (RaftServerImpl.java:setConfigurationAsync(1341)) - s8@group-4CD87B055E3A: receive setConfiguration SetConfigurationRequest:client-8FB543527D95->s8@group-4CD87B055E3A, cid=1984, seq=null, RW, null, SET_UNCONDITIONALLY, servers:[s7, s8, s9, s0, s1], listeners:[]
2024-10-31 03:28:27,167 INFO  server.RaftServer$Division (RaftServerImpl.java:setConfigurationAsync(1341)) - s7@group-4CD87B055E3A: receive setConfiguration SetConfigurationRequest:client-8FB543527D95->s7@group-4CD87B055E3A, cid=1984, seq=null, RW, null, SET_UNCONDITIONALLY, servers:[s7, s8, s9, s0, s1], listeners:[]
2024-10-31 03:28:27,268 INFO  server.RaftServer$Division (RaftServerImpl.java:setConfigurationAsync(1341)) - s8@group-4CD87B055E3A: receive setConfiguration SetConfigurationRequest:client-8FB543527D95->s8@group-4CD87B055E3A, cid=1984, seq=null, RW, null, SET_UNCONDITIONALLY, servers:[s7, s8, s9, s0, s1], listeners:[]
2024-10-31 03:28:27,368 INFO  server.RaftServer$Division (RaftServerImpl.java:setConfigurationAsync(1341)) - s7@group-4CD87B055E3A: receive setConfiguration SetConfigurationRequest:client-8FB543527D95->s7@group-4CD87B055E3A, cid=1984, seq=null, RW, null, SET_UNCONDITIONALLY, servers:[s7, s8, s9, s0, s1], listeners:[]
2024-10-31 03:28:27,469 INFO  server.RaftServer$Division (RaftServerImpl.java:setConfigurationAsync(1341)) - s9@group-4CD87B055E3A: receive setConfiguration SetConfigurationRequest:client-8FB543527D95->s9@group-4CD87B055E3A, cid=1984, seq=null, RW, null, SET_UNCONDITIONALLY, servers:[s7, s8, s9, s0, s1], listeners:[]
2024-10-31 03:28:27,569 INFO  server.RaftServer$Division (RaftServerImpl.java:setConfigurationAsync(1341)) - s7@group-4CD87B055E3A: receive setConfiguration SetConfigurationRequest:client-8FB543527D95->s7@group-4CD87B055E3A, cid=1984, seq=null, RW, null, SET_UNCONDITIONALLY, servers:[s7, s8, s9, s0, s1], listeners:[]
2024-10-31 03:28:27,669 INFO  server.RaftServer$Division (RaftServerImpl.java:setConfigurationAsync(1341)) - s9@group-4CD87B055E3A: receive setConfiguration SetConfigurationRequest:client-8FB543527D95->s9@group-4CD87B055E3A, cid=1984, seq=null, RW, null, SET_UNCONDITIONALLY, servers:[s7, s8, s9, s0, s1], listeners:[]
2024-10-31 03:28:27,770 INFO  server.RaftServer$Division (RaftServerImpl.java:setConfigurationAsync(1341)) - s7@group-4CD87B055E3A: receive setConfiguration SetConfigurationRequest:client-8FB543527D95->s7@group-4CD87B055E3A, cid=1984, seq=null, RW, null, SET_UNCONDITIONALLY, servers:[s7, s8, s9, s0, s1], listeners:[]
2024-10-31 03:28:27,870 INFO  server.RaftServer$Division (RaftServerImpl.java:setConfigurationAsync(1341)) - s9@group-4CD87B055E3A: receive setConfiguration SetConfigurationRequest:client-8FB543527D95->s9@group-4CD87B055E3A, cid=1984, seq=null, RW, null, SET_UNCONDITIONALLY, servers:[s7, s8, s9, s0, s1], listeners:[]
2024-10-31 03:28:27,971 INFO  server.RaftServer$Division (RaftServerImpl.java:setConfigurationAsync(1341)) - s7@group-4CD87B055E3A: receive setConfiguration SetConfigurationRequest:client-8FB543527D95->s7@group-4CD87B055E3A, cid=1984, seq=null, RW, null, SET_UNCONDITIONALLY, servers:[s7, s8, s9, s0, s1], listeners:[]
2024-10-31 03:28:28,071 INFO  server.RaftServer$Division (RaftServerImpl.java:setConfigurationAsync(1341)) - s9@group-4CD87B055E3A: receive setConfiguration SetConfigurationRequest:client-8FB543527D95->s9@group-4CD87B055E3A, cid=1984, seq=null, RW, null, SET_UNCONDITIONALLY, servers:[s7, s8, s9, s0, s1], listeners:[]
2024-10-31 03:28:28,171 INFO  server.RaftServer$Division (RaftServerImpl.java:setConfigurationAsync(1341)) - s7@group-4CD87B055E3A: receive setConfiguration SetConfigurationRequest:client-8FB543527D95->s7@group-4CD87B055E3A, cid=1984, seq=null, RW, null, SET_UNCONDITIONALLY, servers:[s7, s8, s9, s0, s1], listeners:[]
2024-10-31 03:28:28,272 INFO  server.RaftServer$Division (RaftServerImpl.java:setConfigurationAsync(1341)) - s8@group-4CD87B055E3A: receive setConfiguration SetConfigurationRequest:client-8FB543527D95->s8@group-4CD87B055E3A, cid=1984, seq=null, RW, null, SET_UNCONDITIONALLY, servers:[s7, s8, s9, s0, s1], listeners:[]
2024-10-31 03:28:28,372 INFO  server.RaftServer$Division (RaftServerImpl.java:setConfigurationAsync(1341)) - s7@group-4CD87B055E3A: receive setConfiguration SetConfigurationRequest:client-8FB543527D95->s7@group-4CD87B055E3A, cid=1984, seq=null, RW, null, SET_UNCONDITIONALLY, servers:[s7, s8, s9, s0, s1], listeners:[]
2024-10-31 03:28:28,473 INFO  server.RaftServer$Division (RaftServerImpl.java:setConfigurationAsync(1341)) - s8@group-4CD87B055E3A: receive setConfiguration SetConfigurationRequest:client-8FB543527D95->s8@group-4CD87B055E3A, cid=1984, seq=null, RW, null, SET_UNCONDITIONALLY, servers:[s7, s8, s9, s0, s1], listeners:[]
2024-10-31 03:28:28,573 INFO  server.RaftServer$Division (RaftServerImpl.java:setConfigurationAsync(1341)) - s7@group-4CD87B055E3A: receive setConfiguration SetConfigurationRequest:client-8FB543527D95->s7@group-4CD87B055E3A, cid=1984, seq=null, RW, null, SET_UNCONDITIONALLY, servers:[s7, s8, s9, s0, s1], listeners:[]
2024-10-31 03:28:28,674 INFO  server.RaftServer$Division (RaftServerImpl.java:setConfigurationAsync(1341)) - s8@group-4CD87B055E3A: receive setConfiguration SetConfigurationRequest:client-8FB543527D95->s8@group-4CD87B055E3A, cid=1984, seq=null, RW, null, SET_UNCONDITIONALLY, servers:[s7, s8, s9, s0, s1], listeners:[]
2024-10-31 03:28:28,774 INFO  server.RaftServer$Division (RaftServerImpl.java:setConfigurationAsync(1341)) - s7@group-4CD87B055E3A: receive setConfiguration SetConfigurationRequest:client-8FB543527D95->s7@group-4CD87B055E3A, cid=1984, seq=null, RW, null, SET_UNCONDITIONALLY, servers:[s7, s8, s9, s0, s1], listeners:[]
2024-10-31 03:28:28,874 INFO  server.RaftServer$Division (RaftServerImpl.java:setConfigurationAsync(1341)) - s9@group-4CD87B055E3A: receive setConfiguration SetConfigurationRequest:client-8FB543527D95->s9@group-4CD87B055E3A, cid=1984, seq=null, RW, null, SET_UNCONDITIONALLY, servers:[s7, s8, s9, s0, s1], listeners:[]
2024-10-31 03:28:28,975 INFO  server.RaftServer$Division (RaftServerImpl.java:setConfigurationAsync(1341)) - s7@group-4CD87B055E3A: receive setConfiguration SetConfigurationRequest:client-8FB543527D95->s7@group-4CD87B055E3A, cid=1984, seq=null, RW, null, SET_UNCONDITIONALLY, servers:[s7, s8, s9, s0, s1], listeners:[]
2024-10-31 03:28:29,075 INFO  server.RaftServer$Division (RaftServerImpl.java:setConfigurationAsync(1341)) - s9@group-4CD87B055E3A: receive setConfiguration SetConfigurationRequest:client-8FB543527D95->s9@group-4CD87B055E3A, cid=1984, seq=null, RW, null, SET_UNCONDITIONALLY, servers:[s7, s8, s9, s0, s1], listeners:[]
2024-10-31 03:28:29,176 INFO  server.RaftServer$Division (RaftServerImpl.java:setConfigurationAsync(1341)) - s7@group-4CD87B055E3A: receive setConfiguration SetConfigurationRequest:client-8FB543527D95->s7@group-4CD87B055E3A, cid=1984, seq=null, RW, null, SET_UNCONDITIONALLY, servers:[s7, s8, s9, s0, s1], listeners:[]
2024-10-31 03:28:29,276 INFO  server.RaftServer$Division (RaftServerImpl.java:setConfigurationAsync(1341)) - s8@group-4CD87B055E3A: receive setConfiguration SetConfigurationRequest:client-8FB543527D95->s8@group-4CD87B055E3A, cid=1984, seq=null, RW, null, SET_UNCONDITIONALLY, servers:[s7, s8, s9, s0, s1], listeners:[]
2024-10-31 03:28:29,377 INFO  server.RaftServer$Division (RaftServerImpl.java:setConfigurationAsync(1341)) - s7@group-4CD87B055E3A: receive setConfiguration SetConfigurationRequest:client-8FB543527D95->s7@group-4CD87B055E3A, cid=1984, seq=null, RW, null, SET_UNCONDITIONALLY, servers:[s7, s8, s9, s0, s1], listeners:[]
2024-10-31 03:28:29,477 INFO  server.RaftServer$Division (RaftServerImpl.java:setConfigurationAsync(1341)) - s8@group-4CD87B055E3A: receive setConfiguration SetConfigurationRequest:client-8FB543527D95->s8@group-4CD87B055E3A, cid=1984, seq=null, RW, null, SET_UNCONDITIONALLY, servers:[s7, s8, s9, s0, s1], listeners:[]
2024-10-31 03:28:29,577 INFO  server.RaftServer$Division (RaftServerImpl.java:setConfigurationAsync(1341)) - s7@group-4CD87B055E3A: receive setConfiguration SetConfigurationRequest:client-8FB543527D95->s7@group-4CD87B055E3A, cid=1984, seq=null, RW, null, SET_UNCONDITIONALLY, servers:[s7, s8, s9, s0, s1], listeners:[]
2024-10-31 03:28:29,678 INFO  server.RaftServer$Division (RaftServerImpl.java:setConfigurationAsync(1341)) - s9@group-4CD87B055E3A: receive setConfiguration SetConfigurationRequest:client-8FB543527D95->s9@group-4CD87B055E3A, cid=1984, seq=null, RW, null, SET_UNCONDITIONALLY, servers:[s7, s8, s9, s0, s1], listeners:[]
2024-10-31 03:28:29,778 INFO  server.RaftServer$Division (RaftServerImpl.java:setConfigurationAsync(1341)) - s7@group-4CD87B055E3A: receive setConfiguration SetConfigurationRequest:client-8FB543527D95->s7@group-4CD87B055E3A, cid=1984, seq=null, RW, null, SET_UNCONDITIONALLY, servers:[s7, s8, s9, s0, s1], listeners:[]
2024-10-31 03:28:29,879 INFO  server.RaftServer$Division (RaftServerImpl.java:setConfigurationAsync(1341)) - s8@group-4CD87B055E3A: receive setConfiguration SetConfigurationRequest:client-8FB543527D95->s8@group-4CD87B055E3A, cid=1984, seq=null, RW, null, SET_UNCONDITIONALLY, servers:[s7, s8, s9, s0, s1], listeners:[]
2024-10-31 03:28:29,979 INFO  server.RaftServer$Division (RaftServerImpl.java:setConfigurationAsync(1341)) - s7@group-4CD87B055E3A: receive setConfiguration SetConfigurationRequest:client-8FB543527D95->s7@group-4CD87B055E3A, cid=1984, seq=null, RW, null, SET_UNCONDITIONALLY, servers:[s7, s8, s9, s0, s1], listeners:[]
2024-10-31 03:28:30,080 INFO  server.RaftServer$Division (RaftServerImpl.java:setConfigurationAsync(1341)) - s9@group-4CD87B055E3A: receive setConfiguration SetConfigurationRequest:client-8FB543527D95->s9@group-4CD87B055E3A, cid=1984, seq=null, RW, null, SET_UNCONDITIONALLY, servers:[s7, s8, s9, s0, s1], listeners:[]
2024-10-31 03:28:30,180 INFO  server.RaftServer$Division (RaftServerImpl.java:setConfigurationAsync(1341)) - s7@group-4CD87B055E3A: receive setConfiguration SetConfigurationRequest:client-8FB543527D95->s7@group-4CD87B055E3A, cid=1984, seq=null, RW, null, SET_UNCONDITIONALLY, servers:[s7, s8, s9, s0, s1], listeners:[]
2024-10-31 03:28:30,281 INFO  server.RaftServer$Division (RaftServerImpl.java:setConfigurationAsync(1341)) - s8@group-4CD87B055E3A: receive setConfiguration SetConfigurationRequest:client-8FB543527D95->s8@group-4CD87B055E3A, cid=1984, seq=null, RW, null, SET_UNCONDITIONALLY, servers:[s7, s8, s9, s0, s1], listeners:[]
2024-10-31 03:28:30,381 INFO  server.RaftServer$Division (RaftServerImpl.java:setConfigurationAsync(1341)) - s7@group-4CD87B055E3A: receive setConfiguration SetConfigurationRequest:client-8FB543527D95->s7@group-4CD87B055E3A, cid=1984, seq=null, RW, null, SET_UNCONDITIONALLY, servers:[s7, s8, s9, s0, s1], listeners:[]
2024-10-31 03:28:30,482 INFO  server.RaftServer$Division (RaftServerImpl.java:setConfigurationAsync(1341)) - s9@group-4CD87B055E3A: receive setConfiguration SetConfigurationRequest:client-8FB543527D95->s9@group-4CD87B055E3A, cid=1984, seq=null, RW, null, SET_UNCONDITIONALLY, servers:[s7, s8, s9, s0, s1], listeners:[]
2024-10-31 03:28:30,582 INFO  server.RaftServer$Division (RaftServerImpl.java:setConfigurationAsync(1341)) - s7@group-4CD87B055E3A: receive setConfiguration SetConfigurationRequest:client-8FB543527D95->s7@group-4CD87B055E3A, cid=1984, seq=null, RW, null, SET_UNCONDITIONALLY, servers:[s7, s8, s9, s0, s1], listeners:[]
2024-10-31 03:28:30,683 INFO  server.RaftServer$Division (RaftServerImpl.java:setConfigurationAsync(1341)) - s9@group-4CD87B055E3A: receive setConfiguration SetConfigurationRequest:client-8FB543527D95->s9@group-4CD87B055E3A, cid=1984, seq=null, RW, null, SET_UNCONDITIONALLY, servers:[s7, s8, s9, s0, s1], listeners:[]
2024-10-31 03:28:30,783 INFO  server.RaftServer$Division (RaftServerImpl.java:setConfigurationAsync(1341)) - s7@group-4CD87B055E3A: receive setConfiguration SetConfigurationRequest:client-8FB543527D95->s7@group-4CD87B055E3A, cid=1984, seq=null, RW, null, SET_UNCONDITIONALLY, servers:[s7, s8, s9, s0, s1], listeners:[]
2024-10-31 03:28:30,883 INFO  server.RaftServer$Division (RaftServerImpl.java:setConfigurationAsync(1341)) - s8@group-4CD87B055E3A: receive setConfiguration SetConfigurationRequest:client-8FB543527D95->s8@group-4CD87B055E3A, cid=1984, seq=null, RW, null, SET_UNCONDITIONALLY, servers:[s7, s8, s9, s0, s1], listeners:[]
2024-10-31 03:28:30,984 INFO  server.RaftServer$Division (RaftServerImpl.java:setConfigurationAsync(1341)) - s7@group-4CD87B055E3A: receive setConfiguration SetConfigurationRequest:client-8FB543527D95->s7@group-4CD87B055E3A, cid=1984, seq=null, RW, null, SET_UNCONDITIONALLY, servers:[s7, s8, s9, s0, s1], listeners:[]
2024-10-31 03:28:31,084 INFO  server.RaftServer$Division (RaftServerImpl.java:setConfigurationAsync(1341)) - s9@group-4CD87B055E3A: receive setConfiguration SetConfigurationRequest:client-8FB543527D95->s9@group-4CD87B055E3A, cid=1984, seq=null, RW, null, SET_UNCONDITIONALLY, servers:[s7, s8, s9, s0, s1], listeners:[]
2024-10-31 03:28:31,185 INFO  server.RaftServer$Division (RaftServerImpl.java:setConfigurationAsync(1341)) - s7@group-4CD87B055E3A: receive setConfiguration SetConfigurationRequest:client-8FB543527D95->s7@group-4CD87B055E3A, cid=1984, seq=null, RW, null, SET_UNCONDITIONALLY, servers:[s7, s8, s9, s0, s1], listeners:[]
2024-10-31 03:28:31,285 INFO  server.RaftServer$Division (RaftServerImpl.java:setConfigurationAsync(1341)) - s9@group-4CD87B055E3A: receive setConfiguration SetConfigurationRequest:client-8FB543527D95->s9@group-4CD87B055E3A, cid=1984, seq=null, RW, null, SET_UNCONDITIONALLY, servers:[s7, s8, s9, s0, s1], listeners:[]
2024-10-31 03:28:31,386 INFO  server.RaftServer$Division (RaftServerImpl.java:setConfigurationAsync(1341)) - s7@group-4CD87B055E3A: receive setConfiguration SetConfigurationRequest:client-8FB543527D95->s7@group-4CD87B055E3A, cid=1984, seq=null, RW, null, SET_UNCONDITIONALLY, servers:[s7, s8, s9, s0, s1], listeners:[]
2024-10-31 03:28:31,486 INFO  server.RaftServer$Division (RaftServerImpl.java:setConfigurationAsync(1341)) - s8@group-4CD87B055E3A: receive setConfiguration SetConfigurationRequest:client-8FB543527D95->s8@group-4CD87B055E3A, cid=1984, seq=null, RW, null, SET_UNCONDITIONALLY, servers:[s7, s8, s9, s0, s1], listeners:[]
2024-10-31 03:28:31,587 INFO  server.RaftServer$Division (RaftServerImpl.java:setConfigurationAsync(1341)) - s7@group-4CD87B055E3A: receive setConfiguration SetConfigurationRequest:client-8FB543527D95->s7@group-4CD87B055E3A, cid=1984, seq=null, RW, null, SET_UNCONDITIONALLY, servers:[s7, s8, s9, s0, s1], listeners:[]
2024-10-31 03:28:31,687 INFO  server.RaftServer$Division (RaftServerImpl.java:setConfigurationAsync(1341)) - s8@group-4CD87B055E3A: receive setConfiguration SetConfigurationRequest:client-8FB543527D95->s8@group-4CD87B055E3A, cid=1984, seq=null, RW, null, SET_UNCONDITIONALLY, servers:[s7, s8, s9, s0, s1], listeners:[]
2024-10-31 03:28:31,787 INFO  server.RaftServer$Division (RaftServerImpl.java:setConfigurationAsync(1341)) - s7@group-4CD87B055E3A: receive setConfiguration SetConfigurationRequest:client-8FB543527D95->s7@group-4CD87B055E3A, cid=1984, seq=null, RW, null, SET_UNCONDITIONALLY, servers:[s7, s8, s9, s0, s1], listeners:[]
2024-10-31 03:28:31,888 INFO  server.RaftServer$Division (RaftServerImpl.java:setConfigurationAsync(1341)) - s9@group-4CD87B055E3A: receive setConfiguration SetConfigurationRequest:client-8FB543527D95->s9@group-4CD87B055E3A, cid=1984, seq=null, RW, null, SET_UNCONDITIONALLY, servers:[s7, s8, s9, s0, s1], listeners:[]
2024-10-31 03:28:31,988 INFO  server.RaftServer$Division (RaftServerImpl.java:setConfigurationAsync(1341)) - s7@group-4CD87B055E3A: receive setConfiguration SetConfigurationRequest:client-8FB543527D95->s7@group-4CD87B055E3A, cid=1984, seq=null, RW, null, SET_UNCONDITIONALLY, servers:[s7, s8, s9, s0, s1], listeners:[]
2024-10-31 03:28:32,089 INFO  server.RaftServer$Division (RaftServerImpl.java:setConfigurationAsync(1341)) - s8@group-4CD87B055E3A: receive setConfiguration SetConfigurationRequest:client-8FB543527D95->s8@group-4CD87B055E3A, cid=1984, seq=null, RW, null, SET_UNCONDITIONALLY, servers:[s7, s8, s9, s0, s1], listeners:[]
2024-10-31 03:28:32,189 INFO  server.RaftServer$Division (RaftServerImpl.java:setConfigurationAsync(1341)) - s7@group-4CD87B055E3A: receive setConfiguration SetConfigurationRequest:client-8FB543527D95->s7@group-4CD87B055E3A, cid=1984, seq=null, RW, null, SET_UNCONDITIONALLY, servers:[s7, s8, s9, s0, s1], listeners:[]
2024-10-31 03:28:32,289 INFO  server.RaftServer$Division (RaftServerImpl.java:setConfigurationAsync(1341)) - s9@group-4CD87B055E3A: receive setConfiguration SetConfigurationRequest:client-8FB543527D95->s9@group-4CD87B055E3A, cid=1984, seq=null, RW, null, SET_UNCONDITIONALLY, servers:[s7, s8, s9, s0, s1], listeners:[]
2024-10-31 03:28:32,390 INFO  server.RaftServer$Division (RaftServerImpl.java:setConfigurationAsync(1341)) - s7@group-4CD87B055E3A: receive setConfiguration SetConfigurationRequest:client-8FB543527D95->s7@group-4CD87B055E3A, cid=1984, seq=null, RW, null, SET_UNCONDITIONALLY, servers:[s7, s8, s9, s0, s1], listeners:[]
2024-10-31 03:28:32,490 INFO  server.RaftServer$Division (RaftServerImpl.java:setConfigurationAsync(1341)) - s8@group-4CD87B055E3A: receive setConfiguration SetConfigurationRequest:client-8FB543527D95->s8@group-4CD87B055E3A, cid=1984, seq=null, RW, null, SET_UNCONDITIONALLY, servers:[s7, s8, s9, s0, s1], listeners:[]
2024-10-31 03:28:32,591 INFO  server.RaftServer$Division (RaftServerImpl.java:setConfigurationAsync(1341)) - s7@group-4CD87B055E3A: receive setConfiguration SetConfigurationRequest:client-8FB543527D95->s7@group-4CD87B055E3A, cid=1984, seq=null, RW, null, SET_UNCONDITIONALLY, servers:[s7, s8, s9, s0, s1], listeners:[]
2024-10-31 03:28:32,691 INFO  server.RaftServer$Division (RaftServerImpl.java:setConfigurationAsync(1341)) - s9@group-4CD87B055E3A: receive setConfiguration SetConfigurationRequest:client-8FB543527D95->s9@group-4CD87B055E3A, cid=1984, seq=null, RW, null, SET_UNCONDITIONALLY, servers:[s7, s8, s9, s0, s1], listeners:[]
2024-10-31 03:28:32,792 INFO  server.RaftServer$Division (RaftServerImpl.java:setConfigurationAsync(1341)) - s7@group-4CD87B055E3A: receive setConfiguration SetConfigurationRequest:client-8FB543527D95->s7@group-4CD87B055E3A, cid=1984, seq=null, RW, null, SET_UNCONDITIONALLY, servers:[s7, s8, s9, s0, s1], listeners:[]
2024-10-31 03:28:32,892 INFO  server.RaftServer$Division (RaftServerImpl.java:setConfigurationAsync(1341)) - s9@group-4CD87B055E3A: receive setConfiguration SetConfigurationRequest:client-8FB543527D95->s9@group-4CD87B055E3A, cid=1984, seq=null, RW, null, SET_UNCONDITIONALLY, servers:[s7, s8, s9, s0, s1], listeners:[]
2024-10-31 03:28:32,993 INFO  server.RaftServer$Division (RaftServerImpl.java:setConfigurationAsync(1341)) - s7@group-4CD87B055E3A: receive setConfiguration SetConfigurationRequest:client-8FB543527D95->s7@group-4CD87B055E3A, cid=1984, seq=null, RW, null, SET_UNCONDITIONALLY, servers:[s7, s8, s9, s0, s1], listeners:[]
2024-10-31 03:28:33,093 INFO  server.RaftServer$Division (RaftServerImpl.java:setConfigurationAsync(1341)) - s9@group-4CD87B055E3A: receive setConfiguration SetConfigurationRequest:client-8FB543527D95->s9@group-4CD87B055E3A, cid=1984, seq=null, RW, null, SET_UNCONDITIONALLY, servers:[s7, s8, s9, s0, s1], listeners:[]
2024-10-31 03:28:33,193 INFO  server.RaftServer$Division (RaftServerImpl.java:setConfigurationAsync(1341)) - s7@group-4CD87B055E3A: receive setConfiguration SetConfigurationRequest:client-8FB543527D95->s7@group-4CD87B055E3A, cid=1984, seq=null, RW, null, SET_UNCONDITIONALLY, servers:[s7, s8, s9, s0, s1], listeners:[]
2024-10-31 03:28:33,294 INFO  server.RaftServer$Division (RaftServerImpl.java:setConfigurationAsync(1341)) - s9@group-4CD87B055E3A: receive setConfiguration SetConfigurationRequest:client-8FB543527D95->s9@group-4CD87B055E3A, cid=1984, seq=null, RW, null, SET_UNCONDITIONALLY, servers:[s7, s8, s9, s0, s1], listeners:[]
2024-10-31 03:28:33,394 INFO  server.RaftServer$Division (RaftServerImpl.java:setConfigurationAsync(1341)) - s7@group-4CD87B055E3A: receive setConfiguration SetConfigurationRequest:client-8FB543527D95->s7@group-4CD87B055E3A, cid=1984, seq=null, RW, null, SET_UNCONDITIONALLY, servers:[s7, s8, s9, s0, s1], listeners:[]
2024-10-31 03:28:33,495 INFO  server.RaftServer$Division (RaftServerImpl.java:setConfigurationAsync(1341)) - s8@group-4CD87B055E3A: receive setConfiguration SetConfigurationRequest:client-8FB543527D95->s8@group-4CD87B055E3A, cid=1984, seq=null, RW, null, SET_UNCONDITIONALLY, servers:[s7, s8, s9, s0, s1], listeners:[]
2024-10-31 03:28:33,595 INFO  server.RaftServer$Division (RaftServerImpl.java:setConfigurationAsync(1341)) - s7@group-4CD87B055E3A: receive setConfiguration SetConfigurationRequest:client-8FB543527D95->s7@group-4CD87B055E3A, cid=1984, seq=null, RW, null, SET_UNCONDITIONALLY, servers:[s7, s8, s9, s0, s1], listeners:[]
2024-10-31 03:28:33,696 INFO  server.RaftServer$Division (RaftServerImpl.java:setConfigurationAsync(1341)) - s9@group-4CD87B055E3A: receive setConfiguration SetConfigurationRequest:client-8FB543527D95->s9@group-4CD87B055E3A, cid=1984, seq=null, RW, null, SET_UNCONDITIONALLY, servers:[s7, s8, s9, s0, s1], listeners:[]
2024-10-31 03:28:33,796 INFO  server.RaftServer$Division (RaftServerImpl.java:setConfigurationAsync(1341)) - s7@group-4CD87B055E3A: receive setConfiguration SetConfigurationRequest:client-8FB543527D95->s7@group-4CD87B055E3A, cid=1984, seq=null, RW, null, SET_UNCONDITIONALLY, servers:[s7, s8, s9, s0, s1], listeners:[]
2024-10-31 03:28:33,896 INFO  server.RaftServer$Division (RaftServerImpl.java:setConfigurationAsync(1341)) - s9@group-4CD87B055E3A: receive setConfiguration SetConfigurationRequest:client-8FB543527D95->s9@group-4CD87B055E3A, cid=1984, seq=null, RW, null, SET_UNCONDITIONALLY, servers:[s7, s8, s9, s0, s1], listeners:[]
2024-10-31 03:28:33,997 INFO  server.RaftServer$Division (RaftServerImpl.java:setConfigurationAsync(1341)) - s7@group-4CD87B055E3A: receive setConfiguration SetConfigurationRequest:client-8FB543527D95->s7@group-4CD87B055E3A, cid=1984, seq=null, RW, null, SET_UNCONDITIONALLY, servers:[s7, s8, s9, s0, s1], listeners:[]
2024-10-31 03:28:34,097 INFO  server.RaftServer$Division (RaftServerImpl.java:setConfigurationAsync(1341)) - s8@group-4CD87B055E3A: receive setConfiguration SetConfigurationRequest:client-8FB543527D95->s8@group-4CD87B055E3A, cid=1984, seq=null, RW, null, SET_UNCONDITIONALLY, servers:[s7, s8, s9, s0, s1], listeners:[]
2024-10-31 03:28:34,198 INFO  server.RaftServer$Division (RaftServerImpl.java:setConfigurationAsync(1341)) - s7@group-4CD87B055E3A: receive setConfiguration SetConfigurationRequest:client-8FB543527D95->s7@group-4CD87B055E3A, cid=1984, seq=null, RW, null, SET_UNCONDITIONALLY, servers:[s7, s8, s9, s0, s1], listeners:[]
2024-10-31 03:28:34,298 INFO  server.RaftServer$Division (RaftServerImpl.java:setConfigurationAsync(1341)) - s9@group-4CD87B055E3A: receive setConfiguration SetConfigurationRequest:client-8FB543527D95->s9@group-4CD87B055E3A, cid=1984, seq=null, RW, null, SET_UNCONDITIONALLY, servers:[s7, s8, s9, s0, s1], listeners:[]
2024-10-31 03:28:34,360 INFO  impl.MiniRaftCluster (MiniRaftCluster.java:shutdown(847)) - ************************************************************** 
2024-10-31 03:28:34,360 INFO  impl.MiniRaftCluster (MiniRaftCluster.java:shutdown(848)) - *** 
2024-10-31 03:28:34,360 INFO  impl.MiniRaftCluster (MiniRaftCluster.java:shutdown(849)) - ***     Stopping MiniRaftClusterWithSimulatedRpc
2024-10-31 03:28:34,360 INFO  impl.MiniRaftCluster (MiniRaftCluster.java:shutdown(850)) - *** 
2024-10-31 03:28:34,360 INFO  impl.MiniRaftCluster (MiniRaftCluster.java:shutdown(851)) - ************************************************************** 
2024-10-31 03:28:34,360 INFO  impl.MiniRaftCluster (MiniRaftCluster.java:shutdown(852)) - printing ALL groups
  s3:  RUNNING [
   FOLLOWER s3@group-4EB49E3E6D70:t0, leader=null, voted=, raftlog=Memoized:s3@group-4EB49E3E6D70-SegmentedRaftLog:OPENED:c-1:lastnull, conf=conf: {index: -1, cur=peers:[]|listeners:[], old=null} STARTING
   FOLLOWER s3@group-4CD87B055E3A:t0, leader=null, voted=, raftlog=Memoized:s3@group-4CD87B055E3A-SegmentedRaftLog:OPENED:c-1:lastnull, conf=conf: {index: -1, cur=peers:[]|listeners:[], old=null} STARTING] size=2
  s4:  RUNNING [
   FOLLOWER s4@group-4EB49E3E6D70:t0, leader=null, voted=, raftlog=Memoized:s4@group-4EB49E3E6D70-SegmentedRaftLog:OPENED:c-1:lastnull, conf=conf: {index: -1, cur=peers:[]|listeners:[], old=null} STARTING
   FOLLOWER s4@group-4CD87B055E3A:t0, leader=null, voted=, raftlog=Memoized:s4@group-4CD87B055E3A-SegmentedRaftLog:OPENED:c-1:lastnull, conf=conf: {index: -1, cur=peers:[]|listeners:[], old=null} STARTING] size=2
  s5:  RUNNING [
   FOLLOWER s5@group-4EB49E3E6D70:t0, leader=null, voted=, raftlog=Memoized:s5@group-4EB49E3E6D70-SegmentedRaftLog:OPENED:c-1:lastnull, conf=conf: {index: -1, cur=peers:[]|listeners:[], old=null} STARTING
   FOLLOWER s5@group-4CD87B055E3A:t0, leader=null, voted=, raftlog=Memoized:s5@group-4CD87B055E3A-SegmentedRaftLog:OPENED:c-1:lastnull, conf=conf: {index: -1, cur=peers:[]|listeners:[], old=null} STARTING] size=2
  s6:  RUNNING [
   FOLLOWER s6@group-4EB49E3E6D70:t0, leader=null, voted=, raftlog=Memoized:s6@group-4EB49E3E6D70-SegmentedRaftLog:OPENED:c-1:lastnull, conf=conf: {index: -1, cur=peers:[]|listeners:[], old=null} STARTING
   FOLLOWER s6@group-4CD87B055E3A:t0, leader=null, voted=, raftlog=Memoized:s6@group-4CD87B055E3A-SegmentedRaftLog:OPENED:c-1:lastnull, conf=conf: {index: -1, cur=peers:[]|listeners:[], old=null} STARTING] size=2
  s7:  RUNNING [
   FOLLOWER s7@group-4EB49E3E6D70:t0, leader=null, voted=, raftlog=Memoized:s7@group-4EB49E3E6D70-SegmentedRaftLog:OPENED:c-1:lastnull, conf=conf: {index: -1, cur=peers:[]|listeners:[], old=null} STARTING
     LEADER s7@group-4CD87B055E3A:t1, leader=s7, voted=s7, raftlog=Memoized:s7@group-4CD87B055E3A-SegmentedRaftLog:OPENED:c120:last(t:1, i:120), conf=conf: {index: 0, cur=peers:[s7, s8, s9]|listeners:[], old=null} RUNNING] size=2
  s8:  RUNNING [
   FOLLOWER s8@group-4EB49E3E6D70:t0, leader=null, voted=, raftlog=Memoized:s8@group-4EB49E3E6D70-SegmentedRaftLog:OPENED:c-1:lastnull, conf=conf: {index: -1, cur=peers:[]|listeners:[], old=null} STARTING
   FOLLOWER s8@group-4CD87B055E3A:t1, leader=s7, voted=s7, raftlog=Memoized:s8@group-4CD87B055E3A-SegmentedRaftLog:OPENED:c120:last(t:1, i:120), conf=conf: {index: 0, cur=peers:[s7|, s8|, s9|]|listeners:[], old=null} RUNNING] size=2
  s9:  RUNNING [
   FOLLOWER s9@group-4EB49E3E6D70:t0, leader=null, voted=, raftlog=Memoized:s9@group-4EB49E3E6D70-SegmentedRaftLog:OPENED:c-1:lastnull, conf=conf: {index: -1, cur=peers:[]|listeners:[], old=null} STARTING
   FOLLOWER s9@group-4CD87B055E3A:t1, leader=s7, voted=s7, raftlog=Memoized:s9@group-4CD87B055E3A-SegmentedRaftLog:OPENED:c120:last(t:1, i:120), conf=conf: {index: 0, cur=peers:[s7|, s8|, s9|]|listeners:[], old=null} RUNNING] size=2
  s11:  RUNNING [
   FOLLOWER s11@group-4EB49E3E6D70:t0, leader=null, voted=, raftlog=Memoized:s11@group-4EB49E3E6D70-SegmentedRaftLog:OPENED:c-1:lastnull, conf=conf: {index: -1, cur=peers:[]|listeners:[], old=null} STARTING
   FOLLOWER s11@group-4CD87B055E3A:t0, leader=null, voted=, raftlog=Memoized:s11@group-4CD87B055E3A-SegmentedRaftLog:OPENED:c-1:lastnull, conf=conf: {index: -1, cur=peers:[]|listeners:[], old=null} STARTING] size=2
  s10:  RUNNING [
   FOLLOWER s10@group-4EB49E3E6D70:t0, leader=null, voted=, raftlog=Memoized:s10@group-4EB49E3E6D70-SegmentedRaftLog:OPENED:c-1:lastnull, conf=conf: {index: -1, cur=peers:[]|listeners:[], old=null} STARTING
   FOLLOWER s10@group-4CD87B055E3A:t0, leader=null, voted=, raftlog=Memoized:s10@group-4CD87B055E3A-SegmentedRaftLog:OPENED:c-1:lastnull, conf=conf: {index: -1, cur=peers:[]|listeners:[], old=null} STARTING] size=2
  s13:  RUNNING [
   FOLLOWER s13@group-4EB49E3E6D70:t0, leader=null, voted=, raftlog=Memoized:s13@group-4EB49E3E6D70-SegmentedRaftLog:OPENED:c-1:lastnull, conf=conf: {index: -1, cur=peers:[]|listeners:[], old=null} STARTING
   FOLLOWER s13@group-4CD87B055E3A:t0, leader=null, voted=, raftlog=Memoized:s13@group-4CD87B055E3A-SegmentedRaftLog:OPENED:c-1:lastnull, conf=conf: {index: -1, cur=peers:[]|listeners:[], old=null} STARTING] size=2
  s12:  RUNNING [
   FOLLOWER s12@group-4EB49E3E6D70:t0, leader=null, voted=, raftlog=Memoized:s12@group-4EB49E3E6D70-SegmentedRaftLog:OPENED:c-1:lastnull, conf=conf: {index: -1, cur=peers:[]|listeners:[], old=null} STARTING
   FOLLOWER s12@group-4CD87B055E3A:t0, leader=null, voted=, raftlog=Memoized:s12@group-4CD87B055E3A-SegmentedRaftLog:OPENED:c-1:lastnull, conf=conf: {index: -1, cur=peers:[]|listeners:[], old=null} STARTING] size=2
  s14:  RUNNING [
   FOLLOWER s14@group-4EB49E3E6D70:t0, leader=null, voted=, raftlog=Memoized:s14@group-4EB49E3E6D70-SegmentedRaftLog:OPENED:c-1:lastnull, conf=conf: {index: -1, cur=peers:[]|listeners:[], old=null} STARTING
   FOLLOWER s14@group-4CD87B055E3A:t0, leader=null, voted=, raftlog=Memoized:s14@group-4CD87B055E3A-SegmentedRaftLog:OPENED:c-1:lastnull, conf=conf: {index: -1, cur=peers:[]|listeners:[], old=null} STARTING] size=2
  s0:  RUNNING [
   FOLLOWER s0@group-4EB49E3E6D70:t0, leader=null, voted=, raftlog=Memoized:s0@group-4EB49E3E6D70-SegmentedRaftLog:OPENED:c-1:lastnull, conf=conf: {index: -1, cur=peers:[]|listeners:[], old=null} STARTING
   FOLLOWER s0@group-4CD87B055E3A:t1, leader=s7, voted=null, raftlog=Memoized:s0@group-4CD87B055E3A-SegmentedRaftLog:OPENED:c120:last(t:1, i:120), conf=conf: {index: 0, cur=peers:[s7|, s8|, s9|]|listeners:[], old=null} STARTING] size=2
  s1:  RUNNING [
   FOLLOWER s1@group-4EB49E3E6D70:t0, leader=null, voted=, raftlog=Memoized:s1@group-4EB49E3E6D70-SegmentedRaftLog:OPENED:c-1:lastnull, conf=conf: {index: -1, cur=peers:[]|listeners:[], old=null} STARTING
   FOLLOWER s1@group-4CD87B055E3A:t1, leader=s7, voted=null, raftlog=Memoized:s1@group-4CD87B055E3A-SegmentedRaftLog:OPENED:c120:last(t:1, i:120), conf=conf: {index: 0, cur=peers:[s7|, s8|, s9|]|listeners:[], old=null} STARTING] size=2
  s2:  RUNNING [
   FOLLOWER s2@group-4EB49E3E6D70:t0, leader=null, voted=, raftlog=Memoized:s2@group-4EB49E3E6D70-SegmentedRaftLog:OPENED:c-1:lastnull, conf=conf: {index: -1, cur=peers:[]|listeners:[], old=null} STARTING
   FOLLOWER s2@group-4CD87B055E3A:t0, leader=null, voted=, raftlog=Memoized:s2@group-4CD87B055E3A-SegmentedRaftLog:OPENED:c-1:lastnull, conf=conf: {index: -1, cur=peers:[]|listeners:[], old=null} STARTING] size=2
2024-10-31 03:28:34,362 INFO  server.RaftServer (RaftServerProxy.java:lambda$close$9(418)) - s3: close
2024-10-31 03:28:34,362 INFO  server.RaftServer (RaftServerProxy.java:lambda$close$9(418)) - s6: close
2024-10-31 03:28:34,362 INFO  server.RaftServer (RaftServerProxy.java:lambda$close$9(418)) - s8: close
2024-10-31 03:28:34,362 INFO  server.RaftServer (RaftServerProxy.java:lambda$close$9(418)) - s4: close
2024-10-31 03:28:34,363 INFO  server.RaftServer (RaftServerProxy.java:lambda$close$9(418)) - s13: close
2024-10-31 03:28:34,363 INFO  server.RaftServer (RaftServerProxy.java:lambda$close$9(418)) - s12: close
2024-10-31 03:28:34,363 INFO  server.RaftServer (RaftServerProxy.java:lambda$close$9(418)) - s5: close
2024-10-31 03:28:34,363 INFO  server.RaftServer (RaftServerProxy.java:lambda$close$9(418)) - s10: close
2024-10-31 03:28:34,363 INFO  server.RaftServer (RaftServerProxy.java:lambda$close$9(418)) - s11: close
2024-10-31 03:28:34,362 INFO  server.RaftServer (RaftServerProxy.java:lambda$close$9(418)) - s9: close
2024-10-31 03:28:34,362 INFO  server.RaftServer (RaftServerProxy.java:lambda$close$9(418)) - s7: close
2024-10-31 03:28:34,366 INFO  server.RaftServer$Division (RaftServerImpl.java:lambda$close$1(514)) - s13@group-4CD87B055E3A: shutdown
2024-10-31 03:28:34,366 INFO  server.RaftServer$Division (RaftServerImpl.java:lambda$close$1(514)) - s3@group-4EB49E3E6D70: shutdown
2024-10-31 03:28:34,365 INFO  simulation.RequestHandler (RequestHandler.java:run(127)) - s13.clientHandler2 is interrupted by java.io.InterruptedIOException: 
2024-10-31 03:28:34,365 INFO  simulation.RequestHandler (RequestHandler.java:run(127)) - s13.clientHandler1 is interrupted by java.io.InterruptedIOException: 
2024-10-31 03:28:34,366 INFO  util.JmxRegister (JmxRegister.java:unregister(74)) - Successfully un-registered JMX Bean with object name Ratis:service=RaftServer,group=group-4EB49E3E6D70,id=s3
2024-10-31 03:28:34,365 INFO  server.RaftServer$Division (RaftServerImpl.java:lambda$close$1(514)) - s13@group-4EB49E3E6D70: shutdown
2024-10-31 03:28:34,365 INFO  simulation.RequestHandler (RequestHandler.java:run(127)) - s13.clientHandler0 is interrupted by java.io.InterruptedIOException: 
2024-10-31 03:28:34,366 INFO  server.RaftServer (RaftServerProxy.java:lambda$close$9(418)) - s14: close
2024-10-31 03:28:34,367 INFO  server.RaftServer (RaftServerProxy.java:lambda$close$9(418)) - s0: close
2024-10-31 03:28:34,364 INFO  simulation.RequestHandler (RequestHandler.java:run(127)) - s8.clientHandler2 is interrupted by java.io.InterruptedIOException: 
2024-10-31 03:28:34,364 INFO  simulation.RequestHandler (RequestHandler.java:run(127)) - s8.clientHandler1 is interrupted by java.io.InterruptedIOException: 
2024-10-31 03:28:34,364 INFO  simulation.RequestHandler (RequestHandler.java:run(127)) - s8.clientHandler0 is interrupted by java.io.InterruptedIOException: 
2024-10-31 03:28:34,364 INFO  server.RaftServer$Division (RaftServerImpl.java:lambda$close$1(514)) - s8@group-4CD87B055E3A: shutdown
2024-10-31 03:28:34,367 INFO  util.JmxRegister (JmxRegister.java:unregister(74)) - Successfully un-registered JMX Bean with object name Ratis:service=RaftServer,group=group-4CD87B055E3A,id=s8
2024-10-31 03:28:34,367 INFO  impl.RoleInfo (RoleInfo.java:shutdownFollowerState(121)) - s8: shutdown s8@group-4CD87B055E3A-FollowerState
2024-10-31 03:28:34,363 INFO  server.RaftServer$Division (RaftServerImpl.java:lambda$close$1(514)) - s8@group-4EB49E3E6D70: shutdown
2024-10-31 03:28:34,363 INFO  server.RaftServer$Division (RaftServerImpl.java:lambda$close$1(514)) - s6@group-4EB49E3E6D70: shutdown
2024-10-31 03:28:34,367 INFO  util.JmxRegister (JmxRegister.java:unregister(74)) - Successfully un-registered JMX Bean with object name Ratis:service=RaftServer,group=group-4EB49E3E6D70,id=s8
2024-10-31 03:28:34,366 INFO  util.JmxRegister (JmxRegister.java:unregister(74)) - Successfully un-registered JMX Bean with object name Ratis:service=RaftServer,group=group-4EB49E3E6D70,id=s13
2024-10-31 03:28:34,366 INFO  server.RaftServer$Division (RaftServerImpl.java:lambda$close$1(514)) - s6@group-4CD87B055E3A: shutdown
2024-10-31 03:28:34,366 INFO  simulation.RequestHandler (RequestHandler.java:run(127)) - s6.clientHandler2 is interrupted by java.io.InterruptedIOException: 
2024-10-31 03:28:34,366 INFO  simulation.RequestHandler (RequestHandler.java:run(127)) - s6.clientHandler1 is interrupted by java.io.InterruptedIOException: 
2024-10-31 03:28:34,366 INFO  simulation.RequestHandler (RequestHandler.java:run(127)) - s6.clientHandler0 is interrupted by java.io.InterruptedIOException: 
2024-10-31 03:28:34,366 INFO  util.JmxRegister (JmxRegister.java:unregister(74)) - Successfully un-registered JMX Bean with object name Ratis:service=RaftServer,group=group-4CD87B055E3A,id=s13
2024-10-31 03:28:34,366 ERROR server.RaftServer$Division (RaftServerImpl.java:appendEntriesAsync(1527)) - s8@group-4CD87B055E3A: Failed appendEntries* s7->s8#9488-t1,previous=(t:1, i:120),leaderCommit=120,initializing? true,HEARTBEAT
org.apache.ratis.protocol.exceptions.ServerNotReadyException: s8@group-4CD87B055E3A is not in [STARTING, RUNNING]: current state is CLOSING
	at org.apache.ratis.server.impl.RaftServerImpl.lambda$assertLifeCycleState$7(RaftServerImpl.java:796)
	at org.apache.ratis.util.LifeCycle.assertCurrentState(LifeCycle.java:260)
	at org.apache.ratis.server.impl.RaftServerImpl.assertLifeCycleState(RaftServerImpl.java:795)
	at org.apache.ratis.server.impl.RaftServerImpl.appendEntriesAsync(RaftServerImpl.java:1518)
	at org.apache.ratis.server.impl.RaftServerImpl.appendEntries(RaftServerImpl.java:1500)
	at org.apache.ratis.server.impl.RaftServerProxy.appendEntries(RaftServerProxy.java:670)
	at org.apache.ratis.server.simulation.SimulatedServerRpc$1.handleRequest(SimulatedServerRpc.java:163)
	at org.apache.ratis.server.simulation.SimulatedServerRpc$1.handleRequest(SimulatedServerRpc.java:153)
	at org.apache.ratis.server.simulation.RequestHandler.handleRequest(RequestHandler.java:91)
	at org.apache.ratis.server.simulation.RequestHandler$HandlerDaemon.run(RequestHandler.java:125)
2024-10-31 03:28:34,368 INFO  util.JmxRegister (JmxRegister.java:unregister(74)) - Successfully un-registered JMX Bean with object name Ratis:service=RaftServer,group=group-4CD87B055E3A,id=s6
2024-10-31 03:28:34,368 WARN  leader.LogAppender (LogAppenderDefault.java:sendAppendEntriesWithRetries(85)) - s7@group-4CD87B055E3A->s8-LogAppenderDefault: Failed to appendEntries (retry=0)
org.apache.ratis.protocol.exceptions.ServerNotReadyException: s8@group-4CD87B055E3A is not in [STARTING, RUNNING]: current state is CLOSING
	at org.apache.ratis.server.impl.RaftServerImpl.lambda$assertLifeCycleState$7(RaftServerImpl.java:796)
	at org.apache.ratis.util.LifeCycle.assertCurrentState(LifeCycle.java:260)
	at org.apache.ratis.server.impl.RaftServerImpl.assertLifeCycleState(RaftServerImpl.java:795)
	at org.apache.ratis.server.impl.RaftServerImpl.appendEntriesAsync(RaftServerImpl.java:1518)
	at org.apache.ratis.server.impl.RaftServerImpl.appendEntries(RaftServerImpl.java:1500)
	at org.apache.ratis.server.impl.RaftServerProxy.appendEntries(RaftServerProxy.java:670)
	at org.apache.ratis.server.simulation.SimulatedServerRpc$1.handleRequest(SimulatedServerRpc.java:163)
	at org.apache.ratis.server.simulation.SimulatedServerRpc$1.handleRequest(SimulatedServerRpc.java:153)
	at org.apache.ratis.server.simulation.RequestHandler.handleRequest(RequestHandler.java:91)
	at org.apache.ratis.server.simulation.RequestHandler$HandlerDaemon.run(RequestHandler.java:125)
2024-10-31 03:28:34,367 INFO  util.JmxRegister (JmxRegister.java:unregister(74)) - Successfully un-registered JMX Bean with object name Ratis:service=RaftServer,group=group-4EB49E3E6D70,id=s6
2024-10-31 03:28:34,369 INFO  server.RaftServer$Division (RaftServerImpl.java:lambda$close$1(514)) - s7@group-4EB49E3E6D70: shutdown
2024-10-31 03:28:34,369 INFO  util.JmxRegister (JmxRegister.java:unregister(74)) - Successfully un-registered JMX Bean with object name Ratis:service=RaftServer,group=group-4EB49E3E6D70,id=s7
2024-10-31 03:28:34,369 INFO  simulation.RequestHandler (RequestHandler.java:run(127)) - s9.clientHandler0 is interrupted by java.io.InterruptedIOException: 
2024-10-31 03:28:34,369 INFO  simulation.RequestHandler (RequestHandler.java:run(127)) - s9.clientHandler2 is interrupted by java.io.InterruptedIOException: 
2024-10-31 03:28:34,369 INFO  server.RaftServer$Division (RaftServerImpl.java:lambda$close$1(514)) - s9@group-4EB49E3E6D70: shutdown
2024-10-31 03:28:34,369 INFO  server.RaftServer$Division (RaftServerImpl.java:lambda$close$1(514)) - s9@group-4CD87B055E3A: shutdown
2024-10-31 03:28:34,369 INFO  simulation.RequestHandler (RequestHandler.java:run(127)) - s9.clientHandler1 is interrupted by java.io.InterruptedIOException: 
2024-10-31 03:28:34,369 INFO  util.JmxRegister (JmxRegister.java:unregister(74)) - Successfully un-registered JMX Bean with object name Ratis:service=RaftServer,group=group-4EB49E3E6D70,id=s9
2024-10-31 03:28:34,369 INFO  util.JmxRegister (JmxRegister.java:unregister(74)) - Successfully un-registered JMX Bean with object name Ratis:service=RaftServer,group=group-4CD87B055E3A,id=s9
2024-10-31 03:28:34,369 INFO  impl.RoleInfo (RoleInfo.java:shutdownFollowerState(121)) - s9: shutdown s9@group-4CD87B055E3A-FollowerState
2024-10-31 03:28:34,370 INFO  server.RaftServer$Division (RaftServerImpl.java:lambda$close$1(514)) - s11@group-4EB49E3E6D70: shutdown
2024-10-31 03:28:34,370 INFO  util.JmxRegister (JmxRegister.java:unregister(74)) - Successfully un-registered JMX Bean with object name Ratis:service=RaftServer,group=group-4EB49E3E6D70,id=s11
2024-10-31 03:28:34,370 INFO  simulation.RequestHandler (RequestHandler.java:run(127)) - s4.clientHandler0 is interrupted by java.io.InterruptedIOException: 
2024-10-31 03:28:34,370 INFO  server.RaftServer$Division (RaftServerImpl.java:lambda$close$1(514)) - s4@group-4EB49E3E6D70: shutdown
2024-10-31 03:28:34,370 INFO  simulation.RequestHandler (RequestHandler.java:run(127)) - s4.clientHandler2 is interrupted by java.io.InterruptedIOException: 
2024-10-31 03:28:34,370 INFO  simulation.RequestHandler (RequestHandler.java:run(127)) - s4.clientHandler1 is interrupted by java.io.InterruptedIOException: 
2024-10-31 03:28:34,370 INFO  server.RaftServer$Division (RaftServerImpl.java:lambda$close$1(514)) - s4@group-4CD87B055E3A: shutdown
2024-10-31 03:28:34,370 INFO  server.RaftServer$Division (RaftServerImpl.java:lambda$close$1(514)) - s10@group-4EB49E3E6D70: shutdown
2024-10-31 03:28:34,370 INFO  util.JmxRegister (JmxRegister.java:unregister(74)) - Successfully un-registered JMX Bean with object name Ratis:service=RaftServer,group=group-4CD87B055E3A,id=s4
2024-10-31 03:28:34,370 INFO  util.JmxRegister (JmxRegister.java:unregister(74)) - Successfully un-registered JMX Bean with object name Ratis:service=RaftServer,group=group-4EB49E3E6D70,id=s4
2024-10-31 03:28:34,371 INFO  server.RaftServer$Division (RaftServerImpl.java:lambda$close$1(514)) - s12@group-4EB49E3E6D70: shutdown
2024-10-31 03:28:34,370 INFO  impl.StateMachineUpdater (StateMachineUpdater.java:stop(141)) - s4@group-4CD87B055E3A-StateMachineUpdater: closing ArithmeticStateMachine, lastApplied=(t:0, i:~)
2024-10-31 03:28:34,370 INFO  impl.StateMachineUpdater (StateMachineUpdater.java:stopAndJoin(164)) - s4@group-4CD87B055E3A-StateMachineUpdater: set stopIndex = -1
2024-10-31 03:28:34,370 INFO  simulation.RequestHandler (RequestHandler.java:run(127)) - s3.clientHandler2 is interrupted by java.io.InterruptedIOException: 
2024-10-31 03:28:34,370 INFO  simulation.RequestHandler (RequestHandler.java:run(127)) - s3.clientHandler0 is interrupted by java.io.InterruptedIOException: 
2024-10-31 03:28:34,370 INFO  simulation.RequestHandler (RequestHandler.java:run(127)) - s3.clientHandler1 is interrupted by java.io.InterruptedIOException: 
2024-10-31 03:28:34,370 INFO  util.JmxRegister (JmxRegister.java:unregister(74)) - Successfully un-registered JMX Bean with object name Ratis:service=RaftServer,group=group-4EB49E3E6D70,id=s10
2024-10-31 03:28:34,374 INFO  impl.StateMachineUpdater (StateMachineUpdater.java:stopAndJoin(164)) - s10@group-4EB49E3E6D70-StateMachineUpdater: set stopIndex = -1
2024-10-31 03:28:34,373 INFO  simulation.RequestHandler (RequestHandler.java:run(127)) - s0.clientHandler1 is interrupted by java.io.InterruptedIOException: 
2024-10-31 03:28:34,373 INFO  simulation.RequestHandler (RequestHandler.java:run(127)) - s0.clientHandler0 is interrupted by java.io.InterruptedIOException: 
2024-10-31 03:28:34,373 INFO  simulation.RequestHandler (RequestHandler.java:run(127)) - s0.clientHandler2 is interrupted by java.io.InterruptedIOException: 
2024-10-31 03:28:34,373 INFO  impl.StateMachineUpdater (StateMachineUpdater.java:stop(141)) - s4@group-4EB49E3E6D70-StateMachineUpdater: closing ArithmeticStateMachine, lastApplied=(t:0, i:~)
2024-10-31 03:28:34,373 INFO  server.RaftServer (RaftServerProxy.java:lambda$close$9(418)) - s1: close
2024-10-31 03:28:34,374 INFO  server.RaftServer$Division (RaftServerImpl.java:lambda$close$1(514)) - s1@group-4EB49E3E6D70: shutdown
2024-10-31 03:28:34,374 INFO  util.JmxRegister (JmxRegister.java:unregister(74)) - Successfully un-registered JMX Bean with object name Ratis:service=RaftServer,group=group-4EB49E3E6D70,id=s1
2024-10-31 03:28:34,374 INFO  simulation.RequestHandler (RequestHandler.java:run(127)) - s1.clientHandler0 is interrupted by java.io.InterruptedIOException: 
2024-10-31 03:28:34,375 INFO  simulation.RequestHandler (RequestHandler.java:run(127)) - s1.clientHandler2 is interrupted by java.io.InterruptedIOException: 
2024-10-31 03:28:34,373 INFO  impl.StateMachineUpdater (StateMachineUpdater.java:stopAndJoin(164)) - s4@group-4EB49E3E6D70-StateMachineUpdater: set stopIndex = -1
2024-10-31 03:28:34,373 INFO  simulation.RequestHandler (RequestHandler.java:run(127)) - s13.serverHandler2 is interrupted by java.io.InterruptedIOException: 
2024-10-31 03:28:34,375 INFO  simulation.RequestHandler (RequestHandler.java:run(127)) - s0.serverHandler0 is interrupted by java.io.InterruptedIOException: 
2024-10-31 03:28:34,373 INFO  simulation.RequestHandler (RequestHandler.java:run(127)) - s13.serverHandler1 is interrupted by java.io.InterruptedIOException: 
2024-10-31 03:28:34,375 INFO  simulation.RequestHandler (RequestHandler.java:run(127)) - s0.serverHandler2 is interrupted by java.io.InterruptedIOException: 
2024-10-31 03:28:34,373 INFO  simulation.RequestHandler (RequestHandler.java:run(127)) - s14.clientHandler1 is interrupted by java.io.InterruptedIOException: 
2024-10-31 03:28:34,375 INFO  simulation.RequestHandler (RequestHandler.java:run(127)) - s3.serverHandler0 is interrupted by java.io.InterruptedIOException: 
2024-10-31 03:28:34,375 INFO  simulation.RequestHandler (RequestHandler.java:run(127)) - s3.serverHandler2 is interrupted by java.io.InterruptedIOException: 
2024-10-31 03:28:34,375 INFO  simulation.RequestHandler (RequestHandler.java:run(127)) - s3.serverHandler1 is interrupted by java.io.InterruptedIOException: 
2024-10-31 03:28:34,373 INFO  simulation.RequestHandler (RequestHandler.java:run(127)) - s14.clientHandler2 is interrupted by java.io.InterruptedIOException: 
2024-10-31 03:28:34,373 INFO  simulation.RequestHandler (RequestHandler.java:run(127)) - s14.clientHandler0 is interrupted by java.io.InterruptedIOException: 
2024-10-31 03:28:34,373 INFO  impl.StateMachineUpdater (StateMachineUpdater.java:stop(141)) - s3@group-4EB49E3E6D70-StateMachineUpdater: closing ArithmeticStateMachine, lastApplied=(t:0, i:~)
2024-10-31 03:28:34,373 INFO  impl.StateMachineUpdater (StateMachineUpdater.java:stopAndJoin(164)) - s3@group-4EB49E3E6D70-StateMachineUpdater: set stopIndex = -1
2024-10-31 03:28:34,375 INFO  raftlog.RaftLog (SegmentedRaftLog.java:close(568)) - Start closing s3@group-4EB49E3E6D70-SegmentedRaftLog:OPENED:c-1:lastnull
2024-10-31 03:28:34,372 INFO  server.RaftServer$Division (RaftServerImpl.java:lambda$close$1(514)) - s14@group-4CD87B055E3A: shutdown
2024-10-31 03:28:34,372 INFO  server.RaftServer$Division (RaftServerImpl.java:lambda$close$1(514)) - s14@group-4EB49E3E6D70: shutdown
2024-10-31 03:28:34,372 INFO  server.RaftServer$Division (RaftServerImpl.java:lambda$close$1(514)) - s0@group-4EB49E3E6D70: shutdown
2024-10-31 03:28:34,372 INFO  simulation.RequestHandler (RequestHandler.java:run(127)) - s13.serverHandler0 is interrupted by java.io.InterruptedIOException: 
2024-10-31 03:28:34,372 INFO  server.RaftServer$Division (RaftServerImpl.java:lambda$close$1(514)) - s7@group-4CD87B055E3A: shutdown
2024-10-31 03:28:34,377 INFO  util.JmxRegister (JmxRegister.java:unregister(74)) - Successfully un-registered JMX Bean with object name Ratis:service=RaftServer,group=group-4CD87B055E3A,id=s7
2024-10-31 03:28:34,377 INFO  impl.RoleInfo (RoleInfo.java:shutdownLeaderState(103)) - s7: shutdown s7@group-4CD87B055E3A-LeaderStateImpl
2024-10-31 03:28:34,377 INFO  simulation.RequestHandler (RequestHandler.java:run(127)) - s14.serverHandler1 is interrupted by java.io.InterruptedIOException: 
2024-10-31 03:28:34,377 INFO  leader.LogAppenderDaemon (LogAppenderDaemon.java:run(85)) - s7@group-4CD87B055E3A->s8-LogAppenderDefault-LogAppenderDaemon was interrupted: java.lang.InterruptedException: sleep interrupted
2024-10-31 03:28:34,372 INFO  simulation.RequestHandler (RequestHandler.java:run(127)) - s7.clientHandler2 is interrupted by java.io.InterruptedIOException: 
2024-10-31 03:28:34,372 INFO  simulation.RequestHandler (RequestHandler.java:run(127)) - s7.clientHandler1 is interrupted by java.io.InterruptedIOException: 
2024-10-31 03:28:34,372 INFO  simulation.RequestHandler (RequestHandler.java:run(127)) - s7.clientHandler0 is interrupted by java.io.InterruptedIOException: 
2024-10-31 03:28:34,372 INFO  simulation.RequestHandler (RequestHandler.java:run(127)) - s8.serverHandler2 is interrupted by java.io.InterruptedIOException: 
2024-10-31 03:28:34,372 INFO  simulation.RequestHandler (RequestHandler.java:run(127)) - s8.serverHandler0 is interrupted by java.io.InterruptedIOException: 
2024-10-31 03:28:34,372 INFO  impl.StateMachineUpdater (StateMachineUpdater.java:stop(141)) - s8@group-4CD87B055E3A-StateMachineUpdater: closing ArithmeticStateMachine, lastApplied=(t:1, i:120)
2024-10-31 03:28:34,372 INFO  impl.StateMachineUpdater (StateMachineUpdater.java:stop(141)) - s8@group-4EB49E3E6D70-StateMachineUpdater: closing ArithmeticStateMachine, lastApplied=(t:0, i:~)
2024-10-31 03:28:34,377 INFO  leader.LogAppenderDaemon (LogAppenderDaemon.java:run(85)) - s7@group-4CD87B055E3A->s0-LogAppenderDefault-LogAppenderDaemon was interrupted: java.lang.InterruptedException
2024-10-31 03:28:34,378 INFO  impl.PendingRequests (PendingRequests.java:sendNotLeaderResponses(287)) - s7@group-4CD87B055E3A-PendingRequests: sendNotLeaderResponses
2024-10-31 03:28:34,372 INFO  simulation.RequestHandler (RequestHandler.java:run(127)) - s6.serverHandler1 is interrupted by java.io.InterruptedIOException: 
2024-10-31 03:28:34,378 INFO  leader.LogAppenderDaemon (LogAppenderDaemon.java:run(85)) - s7@group-4CD87B055E3A->s1-LogAppenderDefault-LogAppenderDaemon was interrupted: java.lang.InterruptedException
2024-10-31 03:28:34,372 INFO  impl.FollowerState (FollowerState.java:runImpl(170)) - s8@group-4CD87B055E3A-FollowerState was interrupted
2024-10-31 03:28:34,372 INFO  impl.StateMachineUpdater (StateMachineUpdater.java:stopAndJoin(164)) - s8@group-4CD87B055E3A-StateMachineUpdater: set stopIndex = 120
2024-10-31 03:28:34,372 INFO  impl.StateMachineUpdater (StateMachineUpdater.java:stop(141)) - s13@group-4EB49E3E6D70-StateMachineUpdater: closing ArithmeticStateMachine, lastApplied=(t:0, i:~)
2024-10-31 03:28:34,378 INFO  simulation.RequestHandler (RequestHandler.java:run(127)) - s7.serverHandler0 is interrupted by java.io.InterruptedIOException: 
2024-10-31 03:28:34,372 INFO  impl.StateMachineUpdater (StateMachineUpdater.java:stopAndJoin(164)) - s8@group-4EB49E3E6D70-StateMachineUpdater: set stopIndex = -1
2024-10-31 03:28:34,378 INFO  raftlog.RaftLog (SegmentedRaftLog.java:close(568)) - Start closing s8@group-4EB49E3E6D70-SegmentedRaftLog:OPENED:c-1:lastnull
2024-10-31 03:28:34,378 INFO  simulation.RequestHandler (RequestHandler.java:run(127)) - s7.serverHandler1 is interrupted by java.io.InterruptedIOException: 
2024-10-31 03:28:34,372 INFO  impl.StateMachineUpdater (StateMachineUpdater.java:stopAndJoin(164)) - s13@group-4EB49E3E6D70-StateMachineUpdater: set stopIndex = -1
2024-10-31 03:28:34,378 INFO  raftlog.RaftLog (SegmentedRaftLog.java:close(568)) - Start closing s13@group-4EB49E3E6D70-SegmentedRaftLog:OPENED:c-1:lastnull
2024-10-31 03:28:34,378 INFO  util.AwaitToRun (AwaitToRun.java:run(49)) - s8@group-4EB49E3E6D70-cacheEviction-AwaitToRun-AwaitForSignal is interrupted
2024-10-31 03:28:34,372 INFO  server.RaftServer$Division (RaftServerImpl.java:lambda$close$1(514)) - s11@group-4CD87B055E3A: shutdown
2024-10-31 03:28:34,379 INFO  util.JmxRegister (JmxRegister.java:unregister(74)) - Successfully un-registered JMX Bean with object name Ratis:service=RaftServer,group=group-4CD87B055E3A,id=s11
2024-10-31 03:28:34,379 INFO  impl.StateMachineUpdater (StateMachineUpdater.java:stopAndJoin(164)) - s11@group-4CD87B055E3A-StateMachineUpdater: set stopIndex = -1
2024-10-31 03:28:34,372 INFO  simulation.RequestHandler (RequestHandler.java:run(127)) - s6.serverHandler2 is interrupted by java.io.InterruptedIOException: 
2024-10-31 03:28:34,372 INFO  simulation.RequestHandler (RequestHandler.java:run(127)) - s6.serverHandler0 is interrupted by java.io.InterruptedIOException: 
2024-10-31 03:28:34,372 INFO  impl.StateMachineUpdater (StateMachineUpdater.java:stop(141)) - s13@group-4CD87B055E3A-StateMachineUpdater: closing ArithmeticStateMachine, lastApplied=(t:0, i:~)
2024-10-31 03:28:34,372 INFO  impl.StateMachineUpdater (StateMachineUpdater.java:stop(141)) - s6@group-4CD87B055E3A-StateMachineUpdater: closing ArithmeticStateMachine, lastApplied=(t:0, i:~)
2024-10-31 03:28:34,372 INFO  impl.StateMachineUpdater (StateMachineUpdater.java:stopAndJoin(164)) - s13@group-4CD87B055E3A-StateMachineUpdater: set stopIndex = -1
2024-10-31 03:28:34,380 INFO  raftlog.RaftLog (SegmentedRaftLog.java:close(568)) - Start closing s13@group-4CD87B055E3A-SegmentedRaftLog:OPENED:c-1:lastnull
2024-10-31 03:28:34,372 INFO  impl.StateMachineUpdater (StateMachineUpdater.java:stopAndJoin(164)) - s6@group-4CD87B055E3A-StateMachineUpdater: set stopIndex = -1
2024-10-31 03:28:34,381 INFO  raftlog.RaftLog (SegmentedRaftLog.java:close(568)) - Start closing s6@group-4CD87B055E3A-SegmentedRaftLog:OPENED:c-1:lastnull
2024-10-31 03:28:34,372 INFO  impl.StateMachineUpdater (StateMachineUpdater.java:stop(141)) - s6@group-4EB49E3E6D70-StateMachineUpdater: closing ArithmeticStateMachine, lastApplied=(t:0, i:~)
2024-10-31 03:28:34,381 INFO  util.AwaitToRun (AwaitToRun.java:run(49)) - s6@group-4CD87B055E3A-cacheEviction-AwaitToRun-AwaitForSignal is interrupted
2024-10-31 03:28:34,372 INFO  impl.StateMachineUpdater (StateMachineUpdater.java:stopAndJoin(164)) - s6@group-4EB49E3E6D70-StateMachineUpdater: set stopIndex = -1
2024-10-31 03:28:34,381 INFO  raftlog.RaftLog (SegmentedRaftLog.java:close(568)) - Start closing s6@group-4EB49E3E6D70-SegmentedRaftLog:OPENED:c-1:lastnull
2024-10-31 03:28:34,371 INFO  impl.StateMachineUpdater (StateMachineUpdater.java:stop(141)) - s7@group-4EB49E3E6D70-StateMachineUpdater: closing ArithmeticStateMachine, lastApplied=(t:0, i:~)
2024-10-31 03:28:34,371 INFO  impl.StateMachineUpdater (StateMachineUpdater.java:stopAndJoin(164)) - s7@group-4EB49E3E6D70-StateMachineUpdater: set stopIndex = -1
2024-10-31 03:28:34,381 INFO  raftlog.RaftLog (SegmentedRaftLog.java:close(568)) - Start closing s7@group-4EB49E3E6D70-SegmentedRaftLog:OPENED:c-1:lastnull
2024-10-31 03:28:34,381 INFO  util.AwaitToRun (AwaitToRun.java:run(49)) - s6@group-4EB49E3E6D70-cacheEviction-AwaitToRun-AwaitForSignal is interrupted
2024-10-31 03:28:34,371 INFO  simulation.RequestHandler (RequestHandler.java:run(127)) - s9.serverHandler1 is interrupted by java.io.InterruptedIOException: 
2024-10-31 03:28:34,371 INFO  simulation.RequestHandler (RequestHandler.java:run(127)) - s9.serverHandler0 is interrupted by java.io.InterruptedIOException: 
2024-10-31 03:28:34,371 INFO  impl.FollowerState (FollowerState.java:runImpl(170)) - s9@group-4CD87B055E3A-FollowerState was interrupted
2024-10-31 03:28:34,371 INFO  simulation.RequestHandler (RequestHandler.java:run(127)) - s11.clientHandler2 is interrupted by java.io.InterruptedIOException: 
2024-10-31 03:28:34,371 INFO  impl.StateMachineUpdater (StateMachineUpdater.java:stop(141)) - s9@group-4EB49E3E6D70-StateMachineUpdater: closing ArithmeticStateMachine, lastApplied=(t:0, i:~)
2024-10-31 03:28:34,371 INFO  impl.StateMachineUpdater (StateMachineUpdater.java:stop(141)) - s9@group-4CD87B055E3A-StateMachineUpdater: closing ArithmeticStateMachine, lastApplied=(t:1, i:120)
2024-10-31 03:28:34,371 INFO  simulation.RequestHandler (RequestHandler.java:run(127)) - s11.clientHandler0 is interrupted by java.io.InterruptedIOException: 
2024-10-31 03:28:34,371 INFO  impl.StateMachineUpdater (StateMachineUpdater.java:stopAndJoin(164)) - s9@group-4EB49E3E6D70-StateMachineUpdater: set stopIndex = -1
2024-10-31 03:28:34,371 INFO  impl.StateMachineUpdater (StateMachineUpdater.java:stopAndJoin(164)) - s9@group-4CD87B055E3A-StateMachineUpdater: set stopIndex = 120
2024-10-31 03:28:34,382 INFO  raftlog.RaftLog (SegmentedRaftLog.java:close(568)) - Start closing s9@group-4CD87B055E3A-SegmentedRaftLog:OPENED:c120:last(t:1, i:120)
2024-10-31 03:28:34,382 INFO  util.AwaitToRun (AwaitToRun.java:run(49)) - s9@group-4CD87B055E3A-cacheEviction-AwaitToRun-AwaitForSignal is interrupted
2024-10-31 03:28:34,371 INFO  server.RaftServer$Division (RaftServerImpl.java:lambda$close$1(514)) - s12@group-4CD87B055E3A: shutdown
2024-10-31 03:28:34,382 INFO  raftlog.RaftLog (SegmentedRaftLog.java:close(568)) - Start closing s9@group-4EB49E3E6D70-SegmentedRaftLog:OPENED:c-1:lastnull
2024-10-31 03:28:34,371 INFO  simulation.RequestHandler (RequestHandler.java:run(127)) - s11.clientHandler1 is interrupted by java.io.InterruptedIOException: 
2024-10-31 03:28:34,371 INFO  simulation.RequestHandler (RequestHandler.java:run(127)) - s5.clientHandler2 is interrupted by java.io.InterruptedIOException: 
2024-10-31 03:28:34,371 INFO  simulation.RequestHandler (RequestHandler.java:run(127)) - s10.clientHandler0 is interrupted by java.io.InterruptedIOException: 
2024-10-31 03:28:34,371 INFO  server.RaftServer$Division (RaftServerImpl.java:lambda$close$1(514)) - s10@group-4CD87B055E3A: shutdown
2024-10-31 03:28:34,371 INFO  simulation.RequestHandler (RequestHandler.java:run(127)) - s10.clientHandler2 is interrupted by java.io.InterruptedIOException: 
2024-10-31 03:28:34,371 INFO  simulation.RequestHandler (RequestHandler.java:run(127)) - s10.clientHandler1 is interrupted by java.io.InterruptedIOException: 
2024-10-31 03:28:34,371 INFO  server.RaftServer$Division (RaftServerImpl.java:lambda$close$1(514)) - s5@group-4CD87B055E3A: shutdown
2024-10-31 03:28:34,383 INFO  simulation.RequestHandler (RequestHandler.java:run(127)) - s10.serverHandler0 is interrupted by java.io.InterruptedIOException: 
2024-10-31 03:28:34,371 INFO  simulation.RequestHandler (RequestHandler.java:run(127)) - s5.clientHandler1 is interrupted by java.io.InterruptedIOException: 
2024-10-31 03:28:34,371 INFO  simulation.RequestHandler (RequestHandler.java:run(127)) - s5.clientHandler0 is interrupted by java.io.InterruptedIOException: 
2024-10-31 03:28:34,371 INFO  server.RaftServer$Division (RaftServerImpl.java:lambda$close$1(514)) - s5@group-4EB49E3E6D70: shutdown
2024-10-31 03:28:34,383 INFO  simulation.RequestHandler (RequestHandler.java:run(127)) - s5.serverHandler1 is interrupted by java.io.InterruptedIOException: 
2024-10-31 03:28:34,383 INFO  simulation.RequestHandler (RequestHandler.java:run(127)) - s5.serverHandler0 is interrupted by java.io.InterruptedIOException: 
2024-10-31 03:28:34,383 INFO  simulation.RequestHandler (RequestHandler.java:run(127)) - s5.serverHandler2 is interrupted by java.io.InterruptedIOException: 
2024-10-31 03:28:34,371 INFO  impl.StateMachineUpdater (StateMachineUpdater.java:stop(141)) - s11@group-4EB49E3E6D70-StateMachineUpdater: closing ArithmeticStateMachine, lastApplied=(t:0, i:~)
2024-10-31 03:28:34,371 INFO  impl.StateMachineUpdater (StateMachineUpdater.java:stopAndJoin(164)) - s11@group-4EB49E3E6D70-StateMachineUpdater: set stopIndex = -1
2024-10-31 03:28:34,384 INFO  raftlog.RaftLog (SegmentedRaftLog.java:close(568)) - Start closing s11@group-4EB49E3E6D70-SegmentedRaftLog:OPENED:c-1:lastnull
2024-10-31 03:28:34,371 INFO  simulation.RequestHandler (RequestHandler.java:run(127)) - s4.serverHandler2 is interrupted by java.io.InterruptedIOException: 
2024-10-31 03:28:34,371 INFO  simulation.RequestHandler (RequestHandler.java:run(127)) - s12.clientHandler2 is interrupted by java.io.InterruptedIOException: 
2024-10-31 03:28:34,371 INFO  simulation.RequestHandler (RequestHandler.java:run(127)) - s12.clientHandler1 is interrupted by java.io.InterruptedIOException: 
2024-10-31 03:28:34,371 INFO  simulation.RequestHandler (RequestHandler.java:run(127)) - s12.clientHandler0 is interrupted by java.io.InterruptedIOException: 
2024-10-31 03:28:34,371 INFO  simulation.RequestHandler (RequestHandler.java:run(127)) - s4.serverHandler1 is interrupted by java.io.InterruptedIOException: 
2024-10-31 03:28:34,371 INFO  simulation.RequestHandler (RequestHandler.java:run(127)) - s4.serverHandler0 is interrupted by java.io.InterruptedIOException: 
2024-10-31 03:28:34,384 INFO  simulation.RequestHandler (RequestHandler.java:run(127)) - s12.serverHandler0 is interrupted by java.io.InterruptedIOException: 
2024-10-31 03:28:34,371 INFO  util.JmxRegister (JmxRegister.java:unregister(74)) - Successfully un-registered JMX Bean with object name Ratis:service=RaftServer,group=group-4EB49E3E6D70,id=s12
2024-10-31 03:28:34,371 INFO  server.RaftServer$Division (RaftServerImpl.java:lambda$close$1(514)) - s3@group-4CD87B055E3A: shutdown
2024-10-31 03:28:34,384 INFO  simulation.RequestHandler (RequestHandler.java:run(127)) - s12.serverHandler2 is interrupted by java.io.InterruptedIOException: 
2024-10-31 03:28:34,384 INFO  impl.StateMachineUpdater (StateMachineUpdater.java:stop(141)) - s12@group-4EB49E3E6D70-StateMachineUpdater: closing ArithmeticStateMachine, lastApplied=(t:0, i:~)
2024-10-31 03:28:34,384 INFO  simulation.RequestHandler (RequestHandler.java:run(127)) - s12.serverHandler1 is interrupted by java.io.InterruptedIOException: 
2024-10-31 03:28:34,384 INFO  impl.StateMachineUpdater (StateMachineUpdater.java:stopAndJoin(164)) - s12@group-4EB49E3E6D70-StateMachineUpdater: set stopIndex = -1
2024-10-31 03:28:34,385 INFO  raftlog.RaftLog (SegmentedRaftLog.java:close(568)) - Start closing s12@group-4EB49E3E6D70-SegmentedRaftLog:OPENED:c-1:lastnull
2024-10-31 03:28:34,384 INFO  util.AwaitToRun (AwaitToRun.java:run(49)) - s11@group-4EB49E3E6D70-cacheEviction-AwaitToRun-AwaitForSignal is interrupted
2024-10-31 03:28:34,385 INFO  util.AwaitToRun (AwaitToRun.java:run(49)) - s12@group-4EB49E3E6D70-cacheEviction-AwaitToRun-AwaitForSignal is interrupted
2024-10-31 03:28:34,383 INFO  util.JmxRegister (JmxRegister.java:unregister(74)) - Successfully un-registered JMX Bean with object name Ratis:service=RaftServer,group=group-4EB49E3E6D70,id=s5
2024-10-31 03:28:34,385 INFO  impl.StateMachineUpdater (StateMachineUpdater.java:stopAndJoin(164)) - s5@group-4EB49E3E6D70-StateMachineUpdater: set stopIndex = -1
2024-10-31 03:28:34,385 INFO  impl.StateMachineUpdater (StateMachineUpdater.java:stop(141)) - s5@group-4EB49E3E6D70-StateMachineUpdater: closing ArithmeticStateMachine, lastApplied=(t:0, i:~)
2024-10-31 03:28:34,383 INFO  simulation.RequestHandler (RequestHandler.java:run(127)) - s10.serverHandler2 is interrupted by java.io.InterruptedIOException: 
2024-10-31 03:28:34,383 INFO  simulation.RequestHandler (RequestHandler.java:run(127)) - s10.serverHandler1 is interrupted by java.io.InterruptedIOException: 
2024-10-31 03:28:34,383 INFO  util.JmxRegister (JmxRegister.java:unregister(74)) - Successfully un-registered JMX Bean with object name Ratis:service=RaftServer,group=group-4CD87B055E3A,id=s5
2024-10-31 03:28:34,383 INFO  util.JmxRegister (JmxRegister.java:unregister(74)) - Successfully un-registered JMX Bean with object name Ratis:service=RaftServer,group=group-4CD87B055E3A,id=s10
2024-10-31 03:28:34,385 INFO  impl.StateMachineUpdater (StateMachineUpdater.java:stopAndJoin(164)) - s10@group-4CD87B055E3A-StateMachineUpdater: set stopIndex = -1
2024-10-31 03:28:34,386 INFO  impl.StateMachineUpdater (StateMachineUpdater.java:stop(141)) - s10@group-4CD87B055E3A-StateMachineUpdater: closing ArithmeticStateMachine, lastApplied=(t:0, i:~)
2024-10-31 03:28:34,383 INFO  simulation.RequestHandler (RequestHandler.java:run(127)) - s11.serverHandler1 is interrupted by java.io.InterruptedIOException: 
2024-10-31 03:28:34,382 INFO  simulation.RequestHandler (RequestHandler.java:run(127)) - s11.serverHandler2 is interrupted by java.io.InterruptedIOException: 
2024-10-31 03:28:34,382 INFO  simulation.RequestHandler (RequestHandler.java:run(127)) - s11.serverHandler0 is interrupted by java.io.InterruptedIOException: 
2024-10-31 03:28:34,382 INFO  util.AwaitToRun (AwaitToRun.java:run(49)) - s9@group-4EB49E3E6D70-cacheEviction-AwaitToRun-AwaitForSignal is interrupted
2024-10-31 03:28:34,382 INFO  util.JmxRegister (JmxRegister.java:unregister(74)) - Successfully un-registered JMX Bean with object name Ratis:service=RaftServer,group=group-4CD87B055E3A,id=s12
2024-10-31 03:28:34,382 INFO  segmented.LogSegment (LogSegment.java:close(349)) - Successfully closed EntryCache-log_inprogress_0
2024-10-31 03:28:34,381 INFO  util.AwaitToRun (AwaitToRun.java:run(49)) - s7@group-4EB49E3E6D70-cacheEviction-AwaitToRun-AwaitForSignal is interrupted
2024-10-31 03:28:34,380 INFO  util.AwaitToRun (AwaitToRun.java:run(49)) - s13@group-4CD87B055E3A-cacheEviction-AwaitToRun-AwaitForSignal is interrupted
2024-10-31 03:28:34,380 INFO  impl.StateMachineUpdater (StateMachineUpdater.java:stop(141)) - s11@group-4CD87B055E3A-StateMachineUpdater: closing ArithmeticStateMachine, lastApplied=(t:0, i:~)
2024-10-31 03:28:34,378 INFO  util.AwaitToRun (AwaitToRun.java:run(49)) - s13@group-4EB49E3E6D70-cacheEviction-AwaitToRun-AwaitForSignal is interrupted
2024-10-31 03:28:34,378 INFO  simulation.RequestHandler (RequestHandler.java:run(127)) - s7.serverHandler2 is interrupted by java.io.InterruptedIOException: 
2024-10-31 03:28:34,378 INFO  raftlog.RaftLog (SegmentedRaftLog.java:close(568)) - Start closing s8@group-4CD87B055E3A-SegmentedRaftLog:OPENED:c120:last(t:1, i:120)
2024-10-31 03:28:34,378 INFO  leader.LogAppenderDaemon (LogAppenderDaemon.java:run(85)) - s7@group-4CD87B055E3A->s9-LogAppenderDefault-LogAppenderDaemon was interrupted: java.lang.InterruptedException
2024-10-31 03:28:34,377 INFO  server.RaftServer$Division (RaftServerImpl.java:lambda$close$1(514)) - s0@group-4CD87B055E3A: shutdown
2024-10-31 03:28:34,377 INFO  simulation.RequestHandler (RequestHandler.java:run(127)) - s14.serverHandler0 is interrupted by java.io.InterruptedIOException: 
2024-10-31 03:28:34,377 INFO  simulation.RequestHandler (RequestHandler.java:run(127)) - s14.serverHandler2 is interrupted by java.io.InterruptedIOException: 
2024-10-31 03:28:34,376 INFO  util.JmxRegister (JmxRegister.java:unregister(74)) - Successfully un-registered JMX Bean with object name Ratis:service=RaftServer,group=group-4EB49E3E6D70,id=s0
2024-10-31 03:28:34,376 INFO  util.JmxRegister (JmxRegister.java:unregister(74)) - Successfully un-registered JMX Bean with object name Ratis:service=RaftServer,group=group-4EB49E3E6D70,id=s14
2024-10-31 03:28:34,376 WARN  impl.MiniRaftCluster (MiniRaftCluster.java:shutdown(879)) - shutdown interrupted
java.lang.InterruptedException
	at java.util.concurrent.locks.AbstractQueuedSynchronizer$ConditionObject.awaitNanos(AbstractQueuedSynchronizer.java:2067)
	at java.util.concurrent.ThreadPoolExecutor.awaitTermination(ThreadPoolExecutor.java:1475)
	at org.apache.ratis.server.impl.MiniRaftCluster.shutdown(MiniRaftCluster.java:868)
	at org.apache.ratis.server.impl.GroupManagementBaseTest.runMultiGroupTest(GroupManagementBaseTest.java:341)
	at org.apache.ratis.TestMultiRaftGroup.runTestMultiRaftGroup(TestMultiRaftGroup.java:63)
	at org.apache.ratis.TestMultiRaftGroup.runTestMultiRaftGroup(TestMultiRaftGroup.java:49)
	at org.apache.ratis.TestMultiRaftGroup.testMultiRaftGroup(TestMultiRaftGroup.java:45)
	at sun.reflect.NativeMethodAccessorImpl.invoke0(Native Method)
	at sun.reflect.NativeMethodAccessorImpl.invoke(NativeMethodAccessorImpl.java:62)
	at sun.reflect.DelegatingMethodAccessorImpl.invoke(DelegatingMethodAccessorImpl.java:43)
	at java.lang.reflect.Method.invoke(Method.java:498)
	at org.junit.platform.commons.util.ReflectionUtils.invokeMethod(ReflectionUtils.java:766)
	at org.junit.jupiter.engine.execution.MethodInvocation.proceed(MethodInvocation.java:60)
	at org.junit.jupiter.engine.execution.InvocationInterceptorChain$ValidatingInvocation.proceed(InvocationInterceptorChain.java:131)
	at org.junit.jupiter.engine.extension.SameThreadTimeoutInvocation.proceed(SameThreadTimeoutInvocation.java:45)
	at org.junit.jupiter.engine.extension.TimeoutExtension.intercept(TimeoutExtension.java:156)
	at org.junit.jupiter.engine.extension.TimeoutExtension.interceptTestableMethod(TimeoutExtension.java:147)
	at org.junit.jupiter.engine.extension.TimeoutExtension.interceptTestTemplateMethod(TimeoutExtension.java:94)
	at org.junit.jupiter.engine.execution.InterceptingExecutableInvoker$ReflectiveInterceptorCall.lambda$ofVoidMethod$0(InterceptingExecutableInvoker.java:103)
	at org.junit.jupiter.engine.execution.InterceptingExecutableInvoker.lambda$invoke$0(InterceptingExecutableInvoker.java:93)
	at org.junit.jupiter.engine.execution.InvocationInterceptorChain$InterceptedInvocation.proceed(InvocationInterceptorChain.java:106)
	at org.junit.jupiter.engine.execution.InvocationInterceptorChain.proceed(InvocationInterceptorChain.java:64)
	at org.junit.jupiter.engine.execution.InvocationInterceptorChain.chainAndInvoke(InvocationInterceptorChain.java:45)
	at org.junit.jupiter.engine.execution.InvocationInterceptorChain.invoke(InvocationInterceptorChain.java:37)
	at org.junit.jupiter.engine.execution.InterceptingExecutableInvoker.invoke(InterceptingExecutableInvoker.java:92)
	at org.junit.jupiter.engine.execution.InterceptingExecutableInvoker.invoke(InterceptingExecutableInvoker.java:86)
	at org.junit.jupiter.engine.descriptor.TestMethodTestDescriptor.lambda$invokeTestMethod$8(TestMethodTestDescriptor.java:217)
	at org.junit.platform.engine.support.hierarchical.ThrowableCollector.execute(ThrowableCollector.java:73)
	at org.junit.jupiter.engine.descriptor.TestMethodTestDescriptor.invokeTestMethod(TestMethodTestDescriptor.java:213)
	at org.junit.jupiter.engine.descriptor.TestMethodTestDescriptor.execute(TestMethodTestDescriptor.java:138)
	at org.junit.jupiter.engine.descriptor.TestMethodTestDescriptor.execute(TestMethodTestDescriptor.java:68)
	at org.junit.platform.engine.support.hierarchical.NodeTestTask.lambda$executeRecursively$6(NodeTestTask.java:156)
	at org.junit.platform.engine.support.hierarchical.ThrowableCollector.execute(ThrowableCollector.java:73)
	at org.junit.platform.engine.support.hierarchical.NodeTestTask.lambda$executeRecursively$8(NodeTestTask.java:146)
	at org.junit.platform.engine.support.hierarchical.Node.around(Node.java:137)
	at org.junit.platform.engine.support.hierarchical.NodeTestTask.lambda$executeRecursively$9(NodeTestTask.java:144)
	at org.junit.platform.engine.support.hierarchical.ThrowableCollector.execute(ThrowableCollector.java:73)
	at org.junit.platform.engine.support.hierarchical.NodeTestTask.executeRecursively(NodeTestTask.java:143)
	at org.junit.platform.engine.support.hierarchical.NodeTestTask.execute(NodeTestTask.java:100)
	at org.junit.platform.engine.support.hierarchical.SameThreadHierarchicalTestExecutorService.submit(SameThreadHierarchicalTestExecutorService.java:35)
	at org.junit.platform.engine.support.hierarchical.NodeTestTask$DefaultDynamicTestExecutor.execute(NodeTestTask.java:231)
	at org.junit.platform.engine.support.hierarchical.NodeTestTask$DefaultDynamicTestExecutor.execute(NodeTestTask.java:209)
	at org.junit.jupiter.engine.descriptor.TestTemplateTestDescriptor.execute(TestTemplateTestDescriptor.java:141)
	at org.junit.jupiter.engine.descriptor.TestTemplateTestDescriptor.lambda$execute$3(TestTemplateTestDescriptor.java:109)
	at java.util.stream.ForEachOps$ForEachOp$OfRef.accept(ForEachOps.java:183)
	at java.util.stream.ReferencePipeline$3$1.accept(ReferencePipeline.java:193)
	at java.util.stream.ReferencePipeline$2$1.accept(ReferencePipeline.java:175)
	at java.util.stream.ReferencePipeline$3$1.accept(ReferencePipeline.java:193)
	at java.util.stream.ForEachOps$ForEachOp$OfRef.accept(ForEachOps.java:183)
	at java.util.stream.ReferencePipeline$3$1.accept(ReferencePipeline.java:193)
	at java.util.stream.ForEachOps$ForEachOp$OfRef.accept(ForEachOps.java:183)
	at java.util.stream.ForEachOps$ForEachOp$OfRef.accept(ForEachOps.java:183)
	at java.util.stream.ReferencePipeline$3$1.accept(ReferencePipeline.java:193)
	at java.util.ArrayList$ArrayListSpliterator.forEachRemaining(ArrayList.java:1384)
	at java.util.stream.ReferencePipeline$Head.forEach(ReferencePipeline.java:647)
	at java.util.stream.ReferencePipeline$7$1.accept(ReferencePipeline.java:272)
	at java.util.stream.ReferencePipeline$3$1.accept(ReferencePipeline.java:193)
	at java.util.stream.ReferencePipeline$3$1.accept(ReferencePipeline.java:193)
	at java.util.stream.ReferencePipeline$3$1.accept(ReferencePipeline.java:193)
	at java.util.Spliterators$ArraySpliterator.forEachRemaining(Spliterators.java:948)
	at java.util.stream.AbstractPipeline.copyInto(AbstractPipeline.java:482)
	at java.util.stream.AbstractPipeline.wrapAndCopyInto(AbstractPipeline.java:472)
	at java.util.stream.ForEachOps$ForEachOp.evaluateSequential(ForEachOps.java:150)
	at java.util.stream.ForEachOps$ForEachOp$OfRef.evaluateSequential(ForEachOps.java:173)
	at java.util.stream.AbstractPipeline.evaluate(AbstractPipeline.java:234)
	at java.util.stream.ReferencePipeline.forEach(ReferencePipeline.java:485)
	at java.util.stream.ReferencePipeline$7$1.accept(ReferencePipeline.java:272)
	at java.util.ArrayList$ArrayListSpliterator.forEachRemaining(ArrayList.java:1384)
	at java.util.stream.AbstractPipeline.copyInto(AbstractPipeline.java:482)
	at java.util.stream.AbstractPipeline.wrapAndCopyInto(AbstractPipeline.java:472)
	at java.util.stream.ForEachOps$ForEachOp.evaluateSequential(ForEachOps.java:150)
	at java.util.stream.ForEachOps$ForEachOp$OfRef.evaluateSequential(ForEachOps.java:173)
	at java.util.stream.AbstractPipeline.evaluate(AbstractPipeline.java:234)
	at java.util.stream.ReferencePipeline.forEach(ReferencePipeline.java:485)
	at java.util.stream.ReferencePipeline$7$1.accept(ReferencePipeline.java:272)
	at java.util.stream.ReferencePipeline$3$1.accept(ReferencePipeline.java:193)
	at java.util.stream.ReferencePipeline$3$1.accept(ReferencePipeline.java:193)
	at java.util.stream.ReferencePipeline$3$1.accept(ReferencePipeline.java:193)
	at java.util.ArrayList$ArrayListSpliterator.forEachRemaining(ArrayList.java:1384)
	at java.util.stream.AbstractPipeline.copyInto(AbstractPipeline.java:482)
	at java.util.stream.AbstractPipeline.wrapAndCopyInto(AbstractPipeline.java:472)
	at java.util.stream.ForEachOps$ForEachOp.evaluateSequential(ForEachOps.java:150)
	at java.util.stream.ForEachOps$ForEachOp$OfRef.evaluateSequential(ForEachOps.java:173)
	at java.util.stream.AbstractPipeline.evaluate(AbstractPipeline.java:234)
	at java.util.stream.ReferencePipeline.forEach(ReferencePipeline.java:485)
	at java.util.stream.ReferencePipeline$7$1.accept(ReferencePipeline.java:272)
	at java.util.ArrayList$ArrayListSpliterator.forEachRemaining(ArrayList.java:1384)
	at java.util.stream.AbstractPipeline.copyInto(AbstractPipeline.java:482)
	at java.util.stream.AbstractPipeline.wrapAndCopyInto(AbstractPipeline.java:472)
	at java.util.stream.ForEachOps$ForEachOp.evaluateSequential(ForEachOps.java:150)
	at java.util.stream.ForEachOps$ForEachOp$OfRef.evaluateSequential(ForEachOps.java:173)
	at java.util.stream.AbstractPipeline.evaluate(AbstractPipeline.java:234)
	at java.util.stream.ReferencePipeline.forEach(ReferencePipeline.java:485)
	at org.junit.jupiter.engine.descriptor.TestTemplateTestDescriptor.execute(TestTemplateTestDescriptor.java:109)
	at org.junit.jupiter.engine.descriptor.TestTemplateTestDescriptor.execute(TestTemplateTestDescriptor.java:43)
	at org.junit.platform.engine.support.hierarchical.NodeTestTask.lambda$executeRecursively$6(NodeTestTask.java:156)
	at org.junit.platform.engine.support.hierarchical.ThrowableCollector.execute(ThrowableCollector.java:73)
	at org.junit.platform.engine.support.hierarchical.NodeTestTask.lambda$executeRecursively$8(NodeTestTask.java:146)
	at org.junit.platform.engine.support.hierarchical.Node.around(Node.java:137)
	at org.junit.platform.engine.support.hierarchical.NodeTestTask.lambda$executeRecursively$9(NodeTestTask.java:144)
	at org.junit.platform.engine.support.hierarchical.ThrowableCollector.execute(ThrowableCollector.java:73)
	at org.junit.platform.engine.support.hierarchical.NodeTestTask.executeRecursively(NodeTestTask.java:143)
	at org.junit.platform.engine.support.hierarchical.NodeTestTask.execute(NodeTestTask.java:100)
	at java.util.ArrayList.forEach(ArrayList.java:1259)
	at org.junit.platform.engine.support.hierarchical.SameThreadHierarchicalTestExecutorService.invokeAll(SameThreadHierarchicalTestExecutorService.java:41)
	at org.junit.platform.engine.support.hierarchical.NodeTestTask.lambda$executeRecursively$6(NodeTestTask.java:160)
	at org.junit.platform.engine.support.hierarchical.ThrowableCollector.execute(ThrowableCollector.java:73)
	at org.junit.platform.engine.support.hierarchical.NodeTestTask.lambda$executeRecursively$8(NodeTestTask.java:146)
	at org.junit.platform.engine.support.hierarchical.Node.around(Node.java:137)
	at org.junit.platform.engine.support.hierarchical.NodeTestTask.lambda$executeRecursively$9(NodeTestTask.java:144)
	at org.junit.platform.engine.support.hierarchical.ThrowableCollector.execute(ThrowableCollector.java:73)
	at org.junit.platform.engine.support.hierarchical.NodeTestTask.executeRecursively(NodeTestTask.java:143)
	at org.junit.platform.engine.support.hierarchical.NodeTestTask.execute(NodeTestTask.java:100)
	at java.util.ArrayList.forEach(ArrayList.java:1259)
	at org.junit.platform.engine.support.hierarchical.SameThreadHierarchicalTestExecutorService.invokeAll(SameThreadHierarchicalTestExecutorService.java:41)
	at org.junit.platform.engine.support.hierarchical.NodeTestTask.lambda$executeRecursively$6(NodeTestTask.java:160)
	at org.junit.platform.engine.support.hierarchical.ThrowableCollector.execute(ThrowableCollector.java:73)
	at org.junit.platform.engine.support.hierarchical.NodeTestTask.lambda$executeRecursively$8(NodeTestTask.java:146)
	at org.junit.platform.engine.support.hierarchical.Node.around(Node.java:137)
	at org.junit.platform.engine.support.hierarchical.NodeTestTask.lambda$executeRecursively$9(NodeTestTask.java:144)
	at org.junit.platform.engine.support.hierarchical.ThrowableCollector.execute(ThrowableCollector.java:73)
	at org.junit.platform.engine.support.hierarchical.NodeTestTask.executeRecursively(NodeTestTask.java:143)
	at org.junit.platform.engine.support.hierarchical.NodeTestTask.execute(NodeTestTask.java:100)
	at org.junit.platform.engine.support.hierarchical.SameThreadHierarchicalTestExecutorService.submit(SameThreadHierarchicalTestExecutorService.java:35)
	at org.junit.platform.engine.support.hierarchical.HierarchicalTestExecutor.execute(HierarchicalTestExecutor.java:57)
	at org.junit.platform.engine.support.hierarchical.HierarchicalTestEngine.execute(HierarchicalTestEngine.java:54)
	at org.junit.platform.launcher.core.EngineExecutionOrchestrator.execute(EngineExecutionOrchestrator.java:198)
	at org.junit.platform.launcher.core.EngineExecutionOrchestrator.execute(EngineExecutionOrchestrator.java:169)
	at org.junit.platform.launcher.core.EngineExecutionOrchestrator.execute(EngineExecutionOrchestrator.java:93)
	at org.junit.platform.launcher.core.EngineExecutionOrchestrator.lambda$execute$0(EngineExecutionOrchestrator.java:58)
	at org.junit.platform.launcher.core.EngineExecutionOrchestrator.withInterceptedStreams(EngineExecutionOrchestrator.java:141)
	at org.junit.platform.launcher.core.EngineExecutionOrchestrator.execute(EngineExecutionOrchestrator.java:57)
	at org.junit.platform.launcher.core.DefaultLauncher.execute(DefaultLauncher.java:103)
	at org.junit.platform.launcher.core.DefaultLauncher.execute(DefaultLauncher.java:85)
	at org.junit.platform.launcher.core.DelegatingLauncher.execute(DelegatingLauncher.java:47)
	at org.junit.platform.launcher.core.SessionPerRequestLauncher.execute(SessionPerRequestLauncher.java:63)
	at org.apache.maven.surefire.junitplatform.JUnitPlatformProvider.invokeAllTests(JUnitPlatformProvider.java:154)
	at org.apache.maven.surefire.junitplatform.JUnitPlatformProvider.invoke(JUnitPlatformProvider.java:123)
	at org.apache.maven.surefire.booter.ForkedBooter.runSuitesInProcess(ForkedBooter.java:377)
	at org.apache.maven.surefire.booter.ForkedBooter.execute(ForkedBooter.java:138)
	at org.apache.maven.surefire.booter.ForkedBooter.run(ForkedBooter.java:465)
	at org.apache.maven.surefire.booter.ForkedBooter.main(ForkedBooter.java:451)
2024-10-31 03:28:34,376 INFO  util.JmxRegister (JmxRegister.java:unregister(74)) - Successfully un-registered JMX Bean with object name Ratis:service=RaftServer,group=group-4CD87B055E3A,id=s14
2024-10-31 03:28:34,392 INFO  impl.StateMachineUpdater (StateMachineUpdater.java:stopAndJoin(164)) - s14@group-4CD87B055E3A-StateMachineUpdater: set stopIndex = -1
2024-10-31 03:28:34,376 INFO  util.AwaitToRun (AwaitToRun.java:run(49)) - s3@group-4EB49E3E6D70-cacheEviction-AwaitToRun-AwaitForSignal is interrupted
2024-10-31 03:28:34,392 INFO  impl.MiniRaftCluster (MiniRaftCluster.java:shutdown(885)) - MiniRaftClusterWithSimulatedRpc shutdown completed
2024-10-31 03:28:34,393 INFO  ratis.RaftTestUtil (RaftTestUtil.java:gc(596)) - gc 0
2024-10-31 03:28:34,376 INFO  server.RaftServer (RaftServerProxy.java:lambda$close$9(418)) - s2: close
2024-10-31 03:28:34,376 INFO  impl.StateMachineUpdater (StateMachineUpdater.java:stop(141)) - s1@group-4EB49E3E6D70-StateMachineUpdater: closing ArithmeticStateMachine, lastApplied=(t:0, i:~)
2024-10-31 03:28:34,376 INFO  impl.StateMachineUpdater (StateMachineUpdater.java:stopAndJoin(164)) - s1@group-4EB49E3E6D70-StateMachineUpdater: set stopIndex = -1
2024-10-31 03:28:34,466 INFO  raftlog.RaftLog (SegmentedRaftLog.java:close(568)) - Start closing s1@group-4EB49E3E6D70-SegmentedRaftLog:OPENED:c-1:lastnull
2024-10-31 03:28:34,376 INFO  raftlog.RaftLog (SegmentedRaftLog.java:close(568)) - Start closing s4@group-4CD87B055E3A-SegmentedRaftLog:OPENED:c-1:lastnull
2024-10-31 03:28:34,375 INFO  simulation.RequestHandler (RequestHandler.java:run(127)) - s0.serverHandler1 is interrupted by java.io.InterruptedIOException: 
2024-10-31 03:28:34,466 INFO  server.RaftServer$Division (RaftServerImpl.java:lambda$close$1(514)) - s2@group-4EB49E3E6D70: shutdown
2024-10-31 03:28:34,466 INFO  util.JmxRegister (JmxRegister.java:unregister(74)) - Successfully un-registered JMX Bean with object name Ratis:service=RaftServer,group=group-4EB49E3E6D70,id=s2
2024-10-31 03:28:34,375 INFO  raftlog.RaftLog (SegmentedRaftLog.java:close(568)) - Start closing s4@group-4EB49E3E6D70-SegmentedRaftLog:OPENED:c-1:lastnull
2024-10-31 03:28:34,375 INFO  simulation.RequestHandler (RequestHandler.java:run(127)) - s1.clientHandler1 is interrupted by java.io.InterruptedIOException: 
2024-10-31 03:28:34,374 INFO  server.RaftServer$Division (RaftServerImpl.java:lambda$close$1(514)) - s1@group-4CD87B055E3A: shutdown
2024-10-31 03:28:34,374 INFO  impl.StateMachineUpdater (StateMachineUpdater.java:stop(141)) - s10@group-4EB49E3E6D70-StateMachineUpdater: closing ArithmeticStateMachine, lastApplied=(t:0, i:~)
2024-10-31 03:28:34,469 INFO  util.JmxRegister (JmxRegister.java:unregister(74)) - Successfully un-registered JMX Bean with object name Ratis:service=RaftServer,group=group-4CD87B055E3A,id=s1
2024-10-31 03:28:34,465 WARN  impl.MiniRaftCluster (MiniRaftCluster.java:shutdown(891)) - gc interrupted.
java.lang.InterruptedException: sleep interrupted
	at java.lang.Thread.sleep(Native Method)
	at org.apache.ratis.RaftTestUtil.gc(RaftTestUtil.java:598)
	at org.apache.ratis.server.impl.MiniRaftCluster.shutdown(MiniRaftCluster.java:889)
	at org.apache.ratis.server.impl.GroupManagementBaseTest.runMultiGroupTest(GroupManagementBaseTest.java:341)
	at org.apache.ratis.TestMultiRaftGroup.runTestMultiRaftGroup(TestMultiRaftGroup.java:63)
	at org.apache.ratis.TestMultiRaftGroup.runTestMultiRaftGroup(TestMultiRaftGroup.java:49)
	at org.apache.ratis.TestMultiRaftGroup.testMultiRaftGroup(TestMultiRaftGroup.java:45)
	at sun.reflect.NativeMethodAccessorImpl.invoke0(Native Method)
	at sun.reflect.NativeMethodAccessorImpl.invoke(NativeMethodAccessorImpl.java:62)
	at sun.reflect.DelegatingMethodAccessorImpl.invoke(DelegatingMethodAccessorImpl.java:43)
	at java.lang.reflect.Method.invoke(Method.java:498)
	at org.junit.platform.commons.util.ReflectionUtils.invokeMethod(ReflectionUtils.java:766)
	at org.junit.jupiter.engine.execution.MethodInvocation.proceed(MethodInvocation.java:60)
	at org.junit.jupiter.engine.execution.InvocationInterceptorChain$ValidatingInvocation.proceed(InvocationInterceptorChain.java:131)
	at org.junit.jupiter.engine.extension.SameThreadTimeoutInvocation.proceed(SameThreadTimeoutInvocation.java:45)
	at org.junit.jupiter.engine.extension.TimeoutExtension.intercept(TimeoutExtension.java:156)
	at org.junit.jupiter.engine.extension.TimeoutExtension.interceptTestableMethod(TimeoutExtension.java:147)
	at org.junit.jupiter.engine.extension.TimeoutExtension.interceptTestTemplateMethod(TimeoutExtension.java:94)
	at org.junit.jupiter.engine.execution.InterceptingExecutableInvoker$ReflectiveInterceptorCall.lambda$ofVoidMethod$0(InterceptingExecutableInvoker.java:103)
	at org.junit.jupiter.engine.execution.InterceptingExecutableInvoker.lambda$invoke$0(InterceptingExecutableInvoker.java:93)
	at org.junit.jupiter.engine.execution.InvocationInterceptorChain$InterceptedInvocation.proceed(InvocationInterceptorChain.java:106)
	at org.junit.jupiter.engine.execution.InvocationInterceptorChain.proceed(InvocationInterceptorChain.java:64)
	at org.junit.jupiter.engine.execution.InvocationInterceptorChain.chainAndInvoke(InvocationInterceptorChain.java:45)
	at org.junit.jupiter.engine.execution.InvocationInterceptorChain.invoke(InvocationInterceptorChain.java:37)
	at org.junit.jupiter.engine.execution.InterceptingExecutableInvoker.invoke(InterceptingExecutableInvoker.java:92)
	at org.junit.jupiter.engine.execution.InterceptingExecutableInvoker.invoke(InterceptingExecutableInvoker.java:86)
	at org.junit.jupiter.engine.descriptor.TestMethodTestDescriptor.lambda$invokeTestMethod$8(TestMethodTestDescriptor.java:217)
	at org.junit.platform.engine.support.hierarchical.ThrowableCollector.execute(ThrowableCollector.java:73)
	at org.junit.jupiter.engine.descriptor.TestMethodTestDescriptor.invokeTestMethod(TestMethodTestDescriptor.java:213)
	at org.junit.jupiter.engine.descriptor.TestMethodTestDescriptor.execute(TestMethodTestDescriptor.java:138)
	at org.junit.jupiter.engine.descriptor.TestMethodTestDescriptor.execute(TestMethodTestDescriptor.java:68)
	at org.junit.platform.engine.support.hierarchical.NodeTestTask.lambda$executeRecursively$6(NodeTestTask.java:156)
	at org.junit.platform.engine.support.hierarchical.ThrowableCollector.execute(ThrowableCollector.java:73)
	at org.junit.platform.engine.support.hierarchical.NodeTestTask.lambda$executeRecursively$8(NodeTestTask.java:146)
	at org.junit.platform.engine.support.hierarchical.Node.around(Node.java:137)
	at org.junit.platform.engine.support.hierarchical.NodeTestTask.lambda$executeRecursively$9(NodeTestTask.java:144)
	at org.junit.platform.engine.support.hierarchical.ThrowableCollector.execute(ThrowableCollector.java:73)
	at org.junit.platform.engine.support.hierarchical.NodeTestTask.executeRecursively(NodeTestTask.java:143)
	at org.junit.platform.engine.support.hierarchical.NodeTestTask.execute(NodeTestTask.java:100)
	at org.junit.platform.engine.support.hierarchical.SameThreadHierarchicalTestExecutorService.submit(SameThreadHierarchicalTestExecutorService.java:35)
	at org.junit.platform.engine.support.hierarchical.NodeTestTask$DefaultDynamicTestExecutor.execute(NodeTestTask.java:231)
	at org.junit.platform.engine.support.hierarchical.NodeTestTask$DefaultDynamicTestExecutor.execute(NodeTestTask.java:209)
	at org.junit.jupiter.engine.descriptor.TestTemplateTestDescriptor.execute(TestTemplateTestDescriptor.java:141)
	at org.junit.jupiter.engine.descriptor.TestTemplateTestDescriptor.lambda$execute$3(TestTemplateTestDescriptor.java:109)
	at java.util.stream.ForEachOps$ForEachOp$OfRef.accept(ForEachOps.java:183)
	at java.util.stream.ReferencePipeline$3$1.accept(ReferencePipeline.java:193)
	at java.util.stream.ReferencePipeline$2$1.accept(ReferencePipeline.java:175)
	at java.util.stream.ReferencePipeline$3$1.accept(ReferencePipeline.java:193)
	at java.util.stream.ForEachOps$ForEachOp$OfRef.accept(ForEachOps.java:183)
	at java.util.stream.ReferencePipeline$3$1.accept(ReferencePipeline.java:193)
	at java.util.stream.ForEachOps$ForEachOp$OfRef.accept(ForEachOps.java:183)
	at java.util.stream.ForEachOps$ForEachOp$OfRef.accept(ForEachOps.java:183)
	at java.util.stream.ReferencePipeline$3$1.accept(ReferencePipeline.java:193)
	at java.util.ArrayList$ArrayListSpliterator.forEachRemaining(ArrayList.java:1384)
	at java.util.stream.ReferencePipeline$Head.forEach(ReferencePipeline.java:647)
	at java.util.stream.ReferencePipeline$7$1.accept(ReferencePipeline.java:272)
	at java.util.stream.ReferencePipeline$3$1.accept(ReferencePipeline.java:193)
	at java.util.stream.ReferencePipeline$3$1.accept(ReferencePipeline.java:193)
	at java.util.stream.ReferencePipeline$3$1.accept(ReferencePipeline.java:193)
	at java.util.Spliterators$ArraySpliterator.forEachRemaining(Spliterators.java:948)
	at java.util.stream.AbstractPipeline.copyInto(AbstractPipeline.java:482)
	at java.util.stream.AbstractPipeline.wrapAndCopyInto(AbstractPipeline.java:472)
	at java.util.stream.ForEachOps$ForEachOp.evaluateSequential(ForEachOps.java:150)
	at java.util.stream.ForEachOps$ForEachOp$OfRef.evaluateSequential(ForEachOps.java:173)
	at java.util.stream.AbstractPipeline.evaluate(AbstractPipeline.java:234)
	at java.util.stream.ReferencePipeline.forEach(ReferencePipeline.java:485)
	at java.util.stream.ReferencePipeline$7$1.accept(ReferencePipeline.java:272)
	at java.util.ArrayList$ArrayListSpliterator.forEachRemaining(ArrayList.java:1384)
	at java.util.stream.AbstractPipeline.copyInto(AbstractPipeline.java:482)
	at java.util.stream.AbstractPipeline.wrapAndCopyInto(AbstractPipeline.java:472)
	at java.util.stream.ForEachOps$ForEachOp.evaluateSequential(ForEachOps.java:150)
	at java.util.stream.ForEachOps$ForEachOp$OfRef.evaluateSequential(ForEachOps.java:173)
	at java.util.stream.AbstractPipeline.evaluate(AbstractPipeline.java:234)
	at java.util.stream.ReferencePipeline.forEach(ReferencePipeline.java:485)
	at java.util.stream.ReferencePipeline$7$1.accept(ReferencePipeline.java:272)
	at java.util.stream.ReferencePipeline$3$1.accept(ReferencePipeline.java:193)
	at java.util.stream.ReferencePipeline$3$1.accept(ReferencePipeline.java:193)
	at java.util.stream.ReferencePipeline$3$1.accept(ReferencePipeline.java:193)
	at java.util.ArrayList$ArrayListSpliterator.forEachRemaining(ArrayList.java:1384)
	at java.util.stream.AbstractPipeline.copyInto(AbstractPipeline.java:482)
	at java.util.stream.AbstractPipeline.wrapAndCopyInto(AbstractPipeline.java:472)
	at java.util.stream.ForEachOps$ForEachOp.evaluateSequential(ForEachOps.java:150)
	at java.util.stream.ForEachOps$ForEachOp$OfRef.evaluateSequential(ForEachOps.java:173)
	at java.util.stream.AbstractPipeline.evaluate(AbstractPipeline.java:234)
	at java.util.stream.ReferencePipeline.forEach(ReferencePipeline.java:485)
	at java.util.stream.ReferencePipeline$7$1.accept(ReferencePipeline.java:272)
	at java.util.ArrayList$ArrayListSpliterator.forEachRemaining(ArrayList.java:1384)
	at java.util.stream.AbstractPipeline.copyInto(AbstractPipeline.java:482)
	at java.util.stream.AbstractPipeline.wrapAndCopyInto(AbstractPipeline.java:472)
	at java.util.stream.ForEachOps$ForEachOp.evaluateSequential(ForEachOps.java:150)
	at java.util.stream.ForEachOps$ForEachOp$OfRef.evaluateSequential(ForEachOps.java:173)
	at java.util.stream.AbstractPipeline.evaluate(AbstractPipeline.java:234)
	at java.util.stream.ReferencePipeline.forEach(ReferencePipeline.java:485)
	at org.junit.jupiter.engine.descriptor.TestTemplateTestDescriptor.execute(TestTemplateTestDescriptor.java:109)
	at org.junit.jupiter.engine.descriptor.TestTemplateTestDescriptor.execute(TestTemplateTestDescriptor.java:43)
	at org.junit.platform.engine.support.hierarchical.NodeTestTask.lambda$executeRecursively$6(NodeTestTask.java:156)
	at org.junit.platform.engine.support.hierarchical.ThrowableCollector.execute(ThrowableCollector.java:73)
	at org.junit.platform.engine.support.hierarchical.NodeTestTask.lambda$executeRecursively$8(NodeTestTask.java:146)
	at org.junit.platform.engine.support.hierarchical.Node.around(Node.java:137)
	at org.junit.platform.engine.support.hierarchical.NodeTestTask.lambda$executeRecursively$9(NodeTestTask.java:144)
	at org.junit.platform.engine.support.hierarchical.ThrowableCollector.execute(ThrowableCollector.java:73)
	at org.junit.platform.engine.support.hierarchical.NodeTestTask.executeRecursively(NodeTestTask.java:143)
	at org.junit.platform.engine.support.hierarchical.NodeTestTask.execute(NodeTestTask.java:100)
	at java.util.ArrayList.forEach(ArrayList.java:1259)
	at org.junit.platform.engine.support.hierarchical.SameThreadHierarchicalTestExecutorService.invokeAll(SameThreadHierarchicalTestExecutorService.java:41)
	at org.junit.platform.engine.support.hierarchical.NodeTestTask.lambda$executeRecursively$6(NodeTestTask.java:160)
	at org.junit.platform.engine.support.hierarchical.ThrowableCollector.execute(ThrowableCollector.java:73)
	at org.junit.platform.engine.support.hierarchical.NodeTestTask.lambda$executeRecursively$8(NodeTestTask.java:146)
	at org.junit.platform.engine.support.hierarchical.Node.around(Node.java:137)
	at org.junit.platform.engine.support.hierarchical.NodeTestTask.lambda$executeRecursively$9(NodeTestTask.java:144)
	at org.junit.platform.engine.support.hierarchical.ThrowableCollector.execute(ThrowableCollector.java:73)
	at org.junit.platform.engine.support.hierarchical.NodeTestTask.executeRecursively(NodeTestTask.java:143)
	at org.junit.platform.engine.support.hierarchical.NodeTestTask.execute(NodeTestTask.java:100)
	at java.util.ArrayList.forEach(ArrayList.java:1259)
	at org.junit.platform.engine.support.hierarchical.SameThreadHierarchicalTestExecutorService.invokeAll(SameThreadHierarchicalTestExecutorService.java:41)
	at org.junit.platform.engine.support.hierarchical.NodeTestTask.lambda$executeRecursively$6(NodeTestTask.java:160)
	at org.junit.platform.engine.support.hierarchical.ThrowableCollector.execute(ThrowableCollector.java:73)
	at org.junit.platform.engine.support.hierarchical.NodeTestTask.lambda$executeRecursively$8(NodeTestTask.java:146)
	at org.junit.platform.engine.support.hierarchical.Node.around(Node.java:137)
	at org.junit.platform.engine.support.hierarchical.NodeTestTask.lambda$executeRecursively$9(NodeTestTask.java:144)
	at org.junit.platform.engine.support.hierarchical.ThrowableCollector.execute(ThrowableCollector.java:73)
	at org.junit.platform.engine.support.hierarchical.NodeTestTask.executeRecursively(NodeTestTask.java:143)
	at org.junit.platform.engine.support.hierarchical.NodeTestTask.execute(NodeTestTask.java:100)
	at org.junit.platform.engine.support.hierarchical.SameThreadHierarchicalTestExecutorService.submit(SameThreadHierarchicalTestExecutorService.java:35)
	at org.junit.platform.engine.support.hierarchical.HierarchicalTestExecutor.execute(HierarchicalTestExecutor.java:57)
	at org.junit.platform.engine.support.hierarchical.HierarchicalTestEngine.execute(HierarchicalTestEngine.java:54)
	at org.junit.platform.launcher.core.EngineExecutionOrchestrator.execute(EngineExecutionOrchestrator.java:198)
	at org.junit.platform.launcher.core.EngineExecutionOrchestrator.execute(EngineExecutionOrchestrator.java:169)
	at org.junit.platform.launcher.core.EngineExecutionOrchestrator.execute(EngineExecutionOrchestrator.java:93)
	at org.junit.platform.launcher.core.EngineExecutionOrchestrator.lambda$execute$0(EngineExecutionOrchestrator.java:58)
	at org.junit.platform.launcher.core.EngineExecutionOrchestrator.withInterceptedStreams(EngineExecutionOrchestrator.java:141)
	at org.junit.platform.launcher.core.EngineExecutionOrchestrator.execute(EngineExecutionOrchestrator.java:57)
	at org.junit.platform.launcher.core.DefaultLauncher.execute(DefaultLauncher.java:103)
	at org.junit.platform.launcher.core.DefaultLauncher.execute(DefaultLauncher.java:85)
	at org.junit.platform.launcher.core.DelegatingLauncher.execute(DelegatingLauncher.java:47)
	at org.junit.platform.launcher.core.SessionPerRequestLauncher.execute(SessionPerRequestLauncher.java:63)
	at org.apache.maven.surefire.junitplatform.JUnitPlatformProvider.invokeAllTests(JUnitPlatformProvider.java:154)
	at org.apache.maven.surefire.junitplatform.JUnitPlatformProvider.invoke(JUnitPlatformProvider.java:123)
	at org.apache.maven.surefire.booter.ForkedBooter.runSuitesInProcess(ForkedBooter.java:377)
	at org.apache.maven.surefire.booter.ForkedBooter.execute(ForkedBooter.java:138)
	at org.apache.maven.surefire.booter.ForkedBooter.run(ForkedBooter.java:465)
	at org.apache.maven.surefire.booter.ForkedBooter.main(ForkedBooter.java:451)
2024-10-31 03:28:34,471 WARN  util.ReferenceCountedLeakDetector (ReferenceCountedLeakDetector.java:logLeakMessage(167)) - LEAK: (class org.apache.ratis.proto.RaftProtos$AppendEntriesRequestProto, count=1, value=serverRequest {
  requestorId: "s7"
  replyId: "s8"
  raftGroupId {
    id: "\202F\320\347\233hC*\244cL\330{\005^:"
  }
  callId: 1489
}
leaderTerm: 1
previousLog {
  term: 1
  index: 81
}
entries {
  term: 1
  index: 82
  metadataEntry {
    commitIndex: 81
  }
}
leaderCommit: 81
commitInfos {
  server {
    id: "s7"
    startupRole: FOLLOWER
  }
  commitIndex: 81
}
commitInfos {
  server {
    id: "s8"
    startupRole: FOLLOWER
  }
  commitIndex: 79
}
commitInfos {
  server {
    id: "s9"
    startupRole: FOLLOWER
  }
  commitIndex: 79
}
)
2024-10-31 03:28:34,471 WARN  util.ReferenceCountedLeakDetector (ReferenceCountedLeakDetector.java:logLeakMessage(167)) - LEAK: (class org.apache.ratis.proto.RaftProtos$LogEntryProto, count=1, value=term: 1
index: 46
metadataEntry {
  commitIndex: 45
}
)
2024-10-31 03:28:34,471 WARN  util.ReferenceCountedLeakDetector (ReferenceCountedLeakDetector.java:logLeakMessage(167)) - LEAK: (class org.apache.ratis.proto.RaftProtos$AppendEntriesRequestProto, count=1, value=serverRequest {
  requestorId: "s7"
  replyId: "s8"
  raftGroupId {
    id: "\202F\320\347\233hC*\244cL\330{\005^:"
  }
  callId: 1357
}
leaderTerm: 1
previousLog {
  term: 1
  index: 28
}
entries {
  term: 1
  index: 29
  stateMachineLogEntry {
    logData: "\001\001c\004\001\003\000\004\002\001\001a\004\002\001\001b"
    clientId: "\352UGO\240\'E\342\217\226\016\315Ul\003\272"
    callId: 1355
  }
}
leaderCommit: 28
commitInfos {
  server {
    id: "s7"
    startupRole: FOLLOWER
  }
  commitIndex: 28
}
commitInfos {
  server {
    id: "s8"
    startupRole: FOLLOWER
  }
  commitIndex: 27
}
commitInfos {
  server {
    id: "s9"
    startupRole: FOLLOWER
  }
  commitIndex: 27
}
)
2024-10-31 03:28:34,471 WARN  util.ReferenceCountedLeakDetector (ReferenceCountedLeakDetector.java:logLeakMessage(167)) - LEAK: (class org.apache.ratis.proto.RaftProtos$AppendEntriesRequestProto, count=1, value=serverRequest {
  requestorId: "s7"
  replyId: "s8"
  raftGroupId {
    id: "\202F\320\347\233hC*\244cL\330{\005^:"
  }
  callId: 1391
}
leaderTerm: 1
previousLog {
  term: 1
  index: 42
}
entries {
  term: 1
  index: 43
  stateMachineLogEntry {
    logData: "\001\001a\000"
    clientId: "\352UGO\240\'E\342\217\226\016\315Ul\003\272"
    callId: 1390
  }
}
leaderCommit: 41
commitInfos {
  server {
    id: "s7"
    startupRole: FOLLOWER
  }
  commitIndex: 41
}
commitInfos {
  server {
    id: "s8"
    startupRole: FOLLOWER
  }
  commitIndex: 41
}
commitInfos {
  server {
    id: "s9"
    startupRole: FOLLOWER
  }
  commitIndex: 40
}
)
2024-10-31 03:28:34,472 WARN  util.ReferenceCountedLeakDetector (ReferenceCountedLeakDetector.java:logLeakMessage(167)) - LEAK: (class org.apache.ratis.proto.RaftProtos$LogEntryProto, count=1, value=term: 1
index: 8
metadataEntry {
  commitIndex: 7
}
)
2024-10-31 03:28:34,472 WARN  util.ReferenceCountedLeakDetector (ReferenceCountedLeakDetector.java:logLeakMessage(167)) - LEAK: (class org.apache.ratis.proto.RaftProtos$AppendEntriesRequestProto, count=1, value=serverRequest {
  requestorId: "s7"
  replyId: "s8"
  raftGroupId {
    id: "\202F\320\347\233hC*\244cL\330{\005^:"
  }
  callId: 1351
}
leaderTerm: 1
previousLog {
  term: 1
  index: 26
}
entries {
  term: 1
  index: 27
  stateMachineLogEntry {
    logData: "\001\001b\002@\255\220\000\000\000\000\000"
    clientId: "\352UGO\240\'E\342\217\226\016\315Ul\003\272"
    callId: 1350
  }
}
leaderCommit: 26
commitInfos {
  server {
    id: "s7"
    startupRole: FOLLOWER
  }
  commitIndex: 26
}
commitInfos {
  server {
    id: "s8"
    startupRole: FOLLOWER
  }
  commitIndex: 25
}
commitInfos {
  server {
    id: "s9"
    startupRole: FOLLOWER
  }
  commitIndex: 25
}
)
2024-10-31 03:28:34,472 WARN  util.ReferenceCountedLeakDetector (ReferenceCountedLeakDetector.java:logLeakMessage(167)) - LEAK: (class org.apache.ratis.proto.RaftProtos$LogEntryProto, count=1, value=term: 1
index: 100
metadataEntry {
  commitIndex: 99
}
)
2024-10-31 03:28:34,472 WARN  util.ReferenceCountedLeakDetector (ReferenceCountedLeakDetector.java:logLeakMessage(167)) - LEAK: (class org.apache.ratis.proto.RaftProtos$AppendEntriesRequestProto, count=1, value=serverRequest {
  requestorId: "s7"
  replyId: "s8"
  raftGroupId {
    id: "\202F\320\347\233hC*\244cL\330{\005^:"
  }
  callId: 1424
}
leaderTerm: 1
previousLog {
  term: 1
  index: 55
}
entries {
  term: 1
  index: 56
  metadataEntry {
    commitIndex: 55
  }
}
leaderCommit: 55
commitInfos {
  server {
    id: "s7"
    startupRole: FOLLOWER
  }
  commitIndex: 55
}
commitInfos {
  server {
    id: "s8"
    startupRole: FOLLOWER
  }
  commitIndex: 53
}
commitInfos {
  server {
    id: "s9"
    startupRole: FOLLOWER
  }
  commitIndex: 53
}
)
2024-10-31 03:28:34,473 WARN  util.ReferenceCountedLeakDetector (ReferenceCountedLeakDetector.java:logLeakMessage(167)) - LEAK: (class org.apache.ratis.proto.RaftProtos$LogEntryProto, count=1, value=term: 1
index: 62
metadataEntry {
  commitIndex: 61
}
)
2024-10-31 03:28:34,392 INFO  impl.StateMachineUpdater (StateMachineUpdater.java:stop(141)) - s14@group-4CD87B055E3A-StateMachineUpdater: closing ArithmeticStateMachine, lastApplied=(t:0, i:~)
2024-10-31 03:28:34,477 INFO  simulation.RequestHandler (RequestHandler.java:run(127)) - s1.serverHandler1 is interrupted by java.io.InterruptedIOException: 
2024-10-31 03:28:34,391 INFO  impl.StateMachineUpdater (StateMachineUpdater.java:stop(141)) - s14@group-4EB49E3E6D70-StateMachineUpdater: closing ArithmeticStateMachine, lastApplied=(t:0, i:~)
2024-10-31 03:28:34,391 INFO  impl.StateMachineUpdater (StateMachineUpdater.java:stop(141)) - s0@group-4EB49E3E6D70-StateMachineUpdater: closing ArithmeticStateMachine, lastApplied=(t:0, i:~)
2024-10-31 03:28:34,478 INFO  server.RaftServer$Division (RaftServerImpl.java:lambda$close$1(514)) - s2@group-4CD87B055E3A: shutdown
2024-10-31 03:28:34,478 INFO  util.JmxRegister (JmxRegister.java:unregister(74)) - Successfully un-registered JMX Bean with object name Ratis:service=RaftServer,group=group-4CD87B055E3A,id=s2
2024-10-31 03:28:34,391 INFO  impl.StateMachineUpdater (StateMachineUpdater.java:stopAndJoin(164)) - s0@group-4EB49E3E6D70-StateMachineUpdater: set stopIndex = -1
2024-10-31 03:28:34,478 INFO  raftlog.RaftLog (SegmentedRaftLog.java:close(568)) - Start closing s0@group-4EB49E3E6D70-SegmentedRaftLog:OPENED:c-1:lastnull
2024-10-31 03:28:34,391 INFO  impl.StateMachineUpdater (StateMachineUpdater.java:stopAndJoin(164)) - s14@group-4EB49E3E6D70-StateMachineUpdater: set stopIndex = -1
2024-10-31 03:28:34,391 INFO  util.JmxRegister (JmxRegister.java:unregister(74)) - Successfully un-registered JMX Bean with object name Ratis:service=RaftServer,group=group-4CD87B055E3A,id=s0
2024-10-31 03:28:34,390 INFO  raftlog.RaftLog (SegmentedRaftLog.java:close(568)) - Start closing s10@group-4CD87B055E3A-SegmentedRaftLog:OPENED:c-1:lastnull
2024-10-31 03:28:34,390 INFO  raftlog.RaftLog (SegmentedRaftLog.java:close(568)) - Start closing s11@group-4CD87B055E3A-SegmentedRaftLog:OPENED:c-1:lastnull
2024-10-31 03:28:34,387 INFO  impl.StateMachineUpdater (StateMachineUpdater.java:stop(141)) - s7@group-4CD87B055E3A-StateMachineUpdater: closing ArithmeticStateMachine, lastApplied=(t:1, i:120)
2024-10-31 03:28:34,387 INFO  impl.StateMachineUpdater (StateMachineUpdater.java:stopAndJoin(164)) - s7@group-4CD87B055E3A-StateMachineUpdater: set stopIndex = 120
2024-10-31 03:28:34,387 INFO  util.AwaitToRun (AwaitToRun.java:run(49)) - s8@group-4CD87B055E3A-cacheEviction-AwaitToRun-AwaitForSignal is interrupted
2024-10-31 03:28:34,479 INFO  util.AwaitToRun (AwaitToRun.java:run(49)) - s11@group-4CD87B055E3A-cacheEviction-AwaitToRun-AwaitForSignal is interrupted
2024-10-31 03:28:34,386 INFO  impl.StateMachineUpdater (StateMachineUpdater.java:stop(141)) - s12@group-4CD87B055E3A-StateMachineUpdater: closing ArithmeticStateMachine, lastApplied=(t:0, i:~)
2024-10-31 03:28:34,386 INFO  impl.StateMachineUpdater (StateMachineUpdater.java:stopAndJoin(164)) - s12@group-4CD87B055E3A-StateMachineUpdater: set stopIndex = -1
2024-10-31 03:28:34,385 INFO  impl.StateMachineUpdater (StateMachineUpdater.java:stop(141)) - s5@group-4CD87B055E3A-StateMachineUpdater: closing ArithmeticStateMachine, lastApplied=(t:0, i:~)
2024-10-31 03:28:34,385 INFO  impl.StateMachineUpdater (StateMachineUpdater.java:stopAndJoin(164)) - s5@group-4CD87B055E3A-StateMachineUpdater: set stopIndex = -1
2024-10-31 03:28:34,481 INFO  raftlog.RaftLog (SegmentedRaftLog.java:close(568)) - Start closing s5@group-4CD87B055E3A-SegmentedRaftLog:OPENED:c-1:lastnull
2024-10-31 03:28:34,385 INFO  raftlog.RaftLog (SegmentedRaftLog.java:close(568)) - Start closing s5@group-4EB49E3E6D70-SegmentedRaftLog:OPENED:c-1:lastnull
2024-10-31 03:28:34,384 INFO  util.JmxRegister (JmxRegister.java:unregister(74)) - Successfully un-registered JMX Bean with object name Ratis:service=RaftServer,group=group-4CD87B055E3A,id=s3
2024-10-31 03:28:34,481 INFO  util.AwaitToRun (AwaitToRun.java:run(49)) - s5@group-4EB49E3E6D70-cacheEviction-AwaitToRun-AwaitForSignal is interrupted
2024-10-31 03:28:34,481 INFO  util.AwaitToRun (AwaitToRun.java:run(49)) - s5@group-4CD87B055E3A-cacheEviction-AwaitToRun-AwaitForSignal is interrupted
2024-10-31 03:28:34,480 INFO  raftlog.RaftLog (SegmentedRaftLog.java:close(568)) - Start closing s12@group-4CD87B055E3A-SegmentedRaftLog:OPENED:c-1:lastnull
2024-10-31 03:28:34,479 INFO  raftlog.RaftLog (SegmentedRaftLog.java:close(568)) - Start closing s7@group-4CD87B055E3A-SegmentedRaftLog:OPENED:c120:last(t:1, i:120)
2024-10-31 03:28:34,479 INFO  util.AwaitToRun (AwaitToRun.java:run(49)) - s10@group-4CD87B055E3A-cacheEviction-AwaitToRun-AwaitForSignal is interrupted
2024-10-31 03:28:34,478 INFO  impl.StateMachineUpdater (StateMachineUpdater.java:stop(141)) - s0@group-4CD87B055E3A-StateMachineUpdater: closing ArithmeticStateMachine, lastApplied=(t:1, i:120)
2024-10-31 03:28:34,478 INFO  impl.StateMachineUpdater (StateMachineUpdater.java:stopAndJoin(164)) - s0@group-4CD87B055E3A-StateMachineUpdater: set stopIndex = 120
2024-10-31 03:28:34,478 INFO  raftlog.RaftLog (SegmentedRaftLog.java:close(568)) - Start closing s14@group-4EB49E3E6D70-SegmentedRaftLog:OPENED:c-1:lastnull
2024-10-31 03:28:34,478 INFO  impl.StateMachineUpdater (StateMachineUpdater.java:stop(141)) - s2@group-4CD87B055E3A-StateMachineUpdater: closing ArithmeticStateMachine, lastApplied=(t:0, i:~)
2024-10-31 03:28:34,478 INFO  util.AwaitToRun (AwaitToRun.java:run(49)) - s0@group-4EB49E3E6D70-cacheEviction-AwaitToRun-AwaitForSignal is interrupted
2024-10-31 03:28:34,478 INFO  impl.StateMachineUpdater (StateMachineUpdater.java:stopAndJoin(164)) - s2@group-4CD87B055E3A-StateMachineUpdater: set stopIndex = -1
2024-10-31 03:28:34,478 INFO  impl.StateMachineUpdater (StateMachineUpdater.java:stop(141)) - s2@group-4EB49E3E6D70-StateMachineUpdater: closing ArithmeticStateMachine, lastApplied=(t:0, i:~)
2024-10-31 03:28:34,478 INFO  impl.StateMachineUpdater (StateMachineUpdater.java:stopAndJoin(164)) - s2@group-4EB49E3E6D70-StateMachineUpdater: set stopIndex = -1
2024-10-31 03:28:34,482 INFO  raftlog.RaftLog (SegmentedRaftLog.java:close(568)) - Start closing s2@group-4EB49E3E6D70-SegmentedRaftLog:OPENED:c-1:lastnull
2024-10-31 03:28:34,477 INFO  raftlog.RaftLog (SegmentedRaftLog.java:close(568)) - Start closing s14@group-4CD87B055E3A-SegmentedRaftLog:OPENED:c-1:lastnull
2024-10-31 03:28:34,477 INFO  util.AwaitToRun (AwaitToRun.java:run(49)) - s4@group-4EB49E3E6D70-cacheEviction-AwaitToRun-AwaitForSignal is interrupted
2024-10-31 03:28:34,477 INFO  simulation.RequestHandler (RequestHandler.java:run(127)) - s1.serverHandler2 is interrupted by java.io.InterruptedIOException: 
2024-10-31 03:28:34,477 INFO  simulation.RequestHandler (RequestHandler.java:run(127)) - s1.serverHandler0 is interrupted by java.io.InterruptedIOException: 
2024-10-31 03:28:34,473 INFO  util.AwaitToRun (AwaitToRun.java:run(49)) - s1@group-4EB49E3E6D70-cacheEviction-AwaitToRun-AwaitForSignal is interrupted
2024-10-31 03:28:34,473 INFO  simulation.RequestHandler (RequestHandler.java:run(127)) - s2.clientHandler2 is interrupted by java.io.InterruptedIOException: 
2024-10-31 03:28:34,473 INFO  simulation.RequestHandler (RequestHandler.java:run(127)) - s2.clientHandler1 is interrupted by java.io.InterruptedIOException: 
2024-10-31 03:28:34,473 INFO  util.AwaitToRun (AwaitToRun.java:run(49)) - s4@group-4CD87B055E3A-cacheEviction-AwaitToRun-AwaitForSignal is interrupted
2024-10-31 03:28:34,473 INFO  simulation.RequestHandler (RequestHandler.java:run(127)) - s2.clientHandler0 is interrupted by java.io.InterruptedIOException: 
2024-10-31 03:28:34,473 WARN  util.ReferenceCountedLeakDetector (ReferenceCountedLeakDetector.java:logLeakMessage(167)) - LEAK: (class org.apache.ratis.proto.RaftProtos$AppendEntriesRequestProto, count=2, value=serverRequest {
  requestorId: "s7"
  replyId: "s8"
  raftGroupId {
    id: "\202F\320\347\233hC*\244cL\330{\005^:"
  }
  callId: 1544
}
leaderTerm: 1
previousLog {
  term: 1
  index: 103
}
entries {
  term: 1
  index: 104
  metadataEntry {
    commitIndex: 103
  }
}
entries {
  term: 1
  index: 105
  stateMachineLogEntry {
    logData: "\001\001b\000"
    clientId: "\352UGO\240\'E\342\217\226\016\315Ul\003\272"
    callId: 1542
  }
}
leaderCommit: 104
initializing: true
commitInfos {
  server {
    id: "s7"
    startupRole: FOLLOWER
  }
  commitIndex: 104
}
commitInfos {
  server {
    id: "s8"
    startupRole: FOLLOWER
  }
  commitIndex: 102
}
commitInfos {
  server {
    id: "s9"
    startupRole: FOLLOWER
  }
  commitIndex: 103
}
)
2024-10-31 03:28:34,483 WARN  util.ReferenceCountedLeakDetector (ReferenceCountedLeakDetector.java:logLeakMessage(167)) - LEAK: (class org.apache.ratis.proto.RaftProtos$LogEntryProto, count=1, value=term: 1
index: 114
metadataEntry {
  commitIndex: 113
}
)
2024-10-31 03:28:34,483 WARN  util.ReferenceCountedLeakDetector (ReferenceCountedLeakDetector.java:logLeakMessage(167)) - LEAK: (class org.apache.ratis.proto.RaftProtos$LogEntryProto, count=1, value=term: 1
index: 74
metadataEntry {
  commitIndex: 73
}
)
2024-10-31 03:28:34,483 WARN  util.ReferenceCountedLeakDetector (ReferenceCountedLeakDetector.java:logLeakMessage(167)) - LEAK: (class org.apache.ratis.protocol.RaftClientRequest, count=1, value=RaftClientRequest:client-0ECD556C03BA->s7@group-4CD87B055E3A, cid=1556, seq=null, RW, b = 5100)
2024-10-31 03:28:34,484 WARN  util.ReferenceCountedLeakDetector (ReferenceCountedLeakDetector.java:logLeakMessage(167)) - LEAK: (class org.apache.ratis.proto.RaftProtos$AppendEntriesRequestProto, count=1, value=serverRequest {
  requestorId: "s7"
  replyId: "s8"
  raftGroupId {
    id: "\202F\320\347\233hC*\244cL\330{\005^:"
  }
  callId: 1332
}
leaderTerm: 1
previousLog {
  term: 1
  index: 18
}
entries {
  term: 1
  index: 19
  stateMachineLogEntry {
    logData: "\001\001a\000"
    clientId: "\352UGO\240\'E\342\217\226\016\315Ul\003\272"
    callId: 1331
  }
}
leaderCommit: 18
commitInfos {
  server {
    id: "s7"
    startupRole: FOLLOWER
  }
  commitIndex: 18
}
commitInfos {
  server {
    id: "s8"
    startupRole: FOLLOWER
  }
  commitIndex: 17
}
commitInfos {
  server {
    id: "s9"
    startupRole: FOLLOWER
  }
  commitIndex: 16
}
)
2024-10-31 03:28:34,484 WARN  util.ReferenceCountedLeakDetector (ReferenceCountedLeakDetector.java:logLeakMessage(167)) - LEAK: (class org.apache.ratis.proto.RaftProtos$AppendEntriesRequestProto, count=1, value=serverRequest {
  requestorId: "s7"
  replyId: "s8"
  raftGroupId {
    id: "\202F\320\347\233hC*\244cL\330{\005^:"
  }
  callId: 1307
}
leaderTerm: 1
previousLog {
  term: 1
  index: 8
}
entries {
  term: 1
  index: 9
  stateMachineLogEntry {
    logData: "\001\001b\000"
    clientId: "\352UGO\240\'E\342\217\226\016\315Ul\003\272"
    callId: 1306
  }
}
leaderCommit: 8
commitInfos {
  server {
    id: "s7"
    startupRole: FOLLOWER
  }
  commitIndex: 8
}
commitInfos {
  server {
    id: "s8"
    startupRole: FOLLOWER
  }
  commitIndex: 7
}
commitInfos {
  server {
    id: "s9"
    startupRole: FOLLOWER
  }
  commitIndex: 7
}
)
2024-10-31 03:28:34,484 WARN  util.ReferenceCountedLeakDetector (ReferenceCountedLeakDetector.java:logLeakMessage(167)) - LEAK: (class org.apache.ratis.proto.RaftProtos$AppendEntriesRequestProto, count=1, value=serverRequest {
  requestorId: "s7"
  replyId: "s8"
  raftGroupId {
    id: "\202F\320\347\233hC*\244cL\330{\005^:"
  }
  callId: 1396
}
leaderTerm: 1
previousLog {
  term: 1
  index: 44
}
entries {
  term: 1
  index: 45
  stateMachineLogEntry {
    logData: "\001\001b\000"
    clientId: "\352UGO\240\'E\342\217\226\016\315Ul\003\272"
    callId: 1395
  }
}
leaderCommit: 44
commitInfos {
  server {
    id: "s7"
    startupRole: FOLLOWER
  }
  commitIndex: 44
}
commitInfos {
  server {
    id: "s8"
    startupRole: FOLLOWER
  }
  commitIndex: 43
}
commitInfos {
  server {
    id: "s9"
    startupRole: FOLLOWER
  }
  commitIndex: 43
}
)
2024-10-31 03:28:34,484 WARN  util.ReferenceCountedLeakDetector (ReferenceCountedLeakDetector.java:logLeakMessage(167)) - LEAK: (class org.apache.ratis.proto.RaftProtos$AppendEntriesRequestProto, count=1, value=serverRequest {
  requestorId: "s7"
  replyId: "s8"
  raftGroupId {
    id: "\202F\320\347\233hC*\244cL\330{\005^:"
  }
  callId: 1330
}
leaderTerm: 1
previousLog {
  term: 1
  index: 17
}
entries {
  term: 1
  index: 18
  metadataEntry {
    commitIndex: 17
  }
}
leaderCommit: 17
commitInfos {
  server {
    id: "s7"
    startupRole: FOLLOWER
  }
  commitIndex: 17
}
commitInfos {
  server {
    id: "s8"
    startupRole: FOLLOWER
  }
  commitIndex: 16
}
commitInfos {
  server {
    id: "s9"
    startupRole: FOLLOWER
  }
  commitIndex: 16
}
)
2024-10-31 03:28:34,484 WARN  util.ReferenceCountedLeakDetector (ReferenceCountedLeakDetector.java:logLeakMessage(167)) - LEAK: (class org.apache.ratis.proto.RaftProtos$LogEntryProto, count=1, value=term: 1
index: 12
metadataEntry {
  commitIndex: 11
}
)
2024-10-31 03:28:34,484 WARN  util.ReferenceCountedLeakDetector (ReferenceCountedLeakDetector.java:logLeakMessage(167)) - LEAK: (class org.apache.ratis.proto.RaftProtos$LogEntryProto, count=1, value=term: 1
index: 116
metadataEntry {
  commitIndex: 115
}
)
2024-10-31 03:28:34,485 WARN  util.ReferenceCountedLeakDetector (ReferenceCountedLeakDetector.java:logLeakMessage(167)) - LEAK: (class org.apache.ratis.proto.RaftProtos$AppendEntriesRequestProto, count=1, value=serverRequest {
  requestorId: "s7"
  replyId: "s8"
  raftGroupId {
    id: "\202F\320\347\233hC*\244cL\330{\005^:"
  }
  callId: 1313
}
leaderTerm: 1
previousLog {
  term: 1
  index: 10
}
entries {
  term: 1
  index: 11
  stateMachineLogEntry {
    logData: "\001\001c\000"
    clientId: "\352UGO\240\'E\342\217\226\016\315Ul\003\272"
    callId: 1311
  }
}
leaderCommit: 10
commitInfos {
  server {
    id: "s7"
    startupRole: FOLLOWER
  }
  commitIndex: 10
}
commitInfos {
  server {
    id: "s8"
    startupRole: FOLLOWER
  }
  commitIndex: 9
}
commitInfos {
  server {
    id: "s9"
    startupRole: FOLLOWER
  }
  commitIndex: 9
}
)
2024-10-31 03:28:34,485 WARN  util.ReferenceCountedLeakDetector (ReferenceCountedLeakDetector.java:logLeakMessage(167)) - LEAK: (class org.apache.ratis.proto.RaftProtos$AppendEntriesRequestProto, count=1, value=serverRequest {
  requestorId: "s7"
  replyId: "s8"
  raftGroupId {
    id: "\202F\320\347\233hC*\244cL\330{\005^:"
  }
  callId: 1362
}
leaderTerm: 1
previousLog {
  term: 1
  index: 30
}
entries {
  term: 1
  index: 31
  stateMachineLogEntry {
    logData: "\001\001a\000"
    clientId: "\352UGO\240\'E\342\217\226\016\315Ul\003\272"
    callId: 1360
  }
}
leaderCommit: 30
commitInfos {
  server {
    id: "s7"
    startupRole: FOLLOWER
  }
  commitIndex: 30
}
commitInfos {
  server {
    id: "s8"
    startupRole: FOLLOWER
  }
  commitIndex: 29
}
commitInfos {
  server {
    id: "s9"
    startupRole: FOLLOWER
  }
  commitIndex: 29
}
)
2024-10-31 03:28:34,485 WARN  util.ReferenceCountedLeakDetector (ReferenceCountedLeakDetector.java:logLeakMessage(167)) - LEAK: (class org.apache.ratis.protocol.RaftClientRequest, count=1, value=RaftClientRequest:client-0ECD556C03BA->s7@group-4CD87B055E3A, cid=1435, seq=null, RW, a = 93)
2024-10-31 03:28:34,485 WARN  util.ReferenceCountedLeakDetector (ReferenceCountedLeakDetector.java:logLeakMessage(167)) - LEAK: (class org.apache.ratis.protocol.RaftClientRequest, count=1, value=RaftClientRequest:client-0ECD556C03BA->s7@group-4CD87B055E3A, cid=1344, seq=null, RW, a = 87)
2024-10-31 03:28:34,485 WARN  util.ReferenceCountedLeakDetector (ReferenceCountedLeakDetector.java:logLeakMessage(167)) - LEAK: (class org.apache.ratis.proto.RaftProtos$AppendEntriesRequestProto, count=1, value=serverRequest {
  requestorId: "s7"
  replyId: "s8"
  raftGroupId {
    id: "\202F\320\347\233hC*\244cL\330{\005^:"
  }
  callId: 1386
}
leaderTerm: 1
previousLog {
  term: 1
  index: 40
}
entries {
  term: 1
  index: 41
  stateMachineLogEntry {
    logData: "\001\001c\004\001\003\000\004\002\001\001a\004\002\001\001b"
    clientId: "\352UGO\240\'E\342\217\226\016\315Ul\003\272"
    callId: 1384
  }
}
leaderCommit: 40
commitInfos {
  server {
    id: "s7"
    startupRole: FOLLOWER
  }
  commitIndex: 40
}
commitInfos {
  server {
    id: "s8"
    startupRole: FOLLOWER
  }
  commitIndex: 39
}
commitInfos {
  server {
    id: "s9"
    startupRole: FOLLOWER
  }
  commitIndex: 39
}
)
2024-10-31 03:28:34,485 WARN  util.ReferenceCountedLeakDetector (ReferenceCountedLeakDetector.java:logLeakMessage(167)) - LEAK: (class org.apache.ratis.protocol.RaftClientRequest, count=1, value=RaftClientRequest:client-0ECD556C03BA->s7@group-4CD87B055E3A, cid=1380, seq=null, RW, b = 3960)
2024-10-31 03:28:34,486 WARN  util.ReferenceCountedLeakDetector (ReferenceCountedLeakDetector.java:logLeakMessage(167)) - LEAK: (class org.apache.ratis.proto.RaftProtos$AppendEntriesRequestProto, count=1, value=serverRequest {
  requestorId: "s7"
  replyId: "s8"
  raftGroupId {
    id: "\202F\320\347\233hC*\244cL\330{\005^:"
  }
  callId: 1296
}
leaderTerm: 1
previousLog {
  term: 1
  index: 3
}
entries {
  term: 1
  index: 4
  metadataEntry {
    commitIndex: 3
  }
}
leaderCommit: 3
commitInfos {
  server {
    id: "s7"
    startupRole: FOLLOWER
  }
  commitIndex: 3
}
commitInfos {
  server {
    id: "s8"
    startupRole: FOLLOWER
  }
  commitIndex: 2
}
commitInfos {
  server {
    id: "s9"
    startupRole: FOLLOWER
  }
  commitIndex: 1
}
)
2024-10-31 03:28:34,486 WARN  util.ReferenceCountedLeakDetector (ReferenceCountedLeakDetector.java:logLeakMessage(167)) - LEAK: (class org.apache.ratis.proto.RaftProtos$AppendEntriesRequestProto, count=1, value=serverRequest {
  requestorId: "s7"
  replyId: "s8"
  raftGroupId {
    id: "\202F\320\347\233hC*\244cL\330{\005^:"
  }
  callId: 1527
}
leaderTerm: 1
previousLog {
  term: 1
  index: 96
}
entries {
  term: 1
  index: 97
  stateMachineLogEntry {
    logData: "\001\001a\002@X\300\000\000\000\000\000"
    clientId: "\352UGO\240\'E\342\217\226\016\315Ul\003\272"
    callId: 1525
  }
}
leaderCommit: 96
initializing: true
commitInfos {
  server {
    id: "s7"
    startupRole: FOLLOWER
  }
  commitIndex: 96
}
commitInfos {
  server {
    id: "s8"
    startupRole: FOLLOWER
  }
  commitIndex: 95
}
commitInfos {
  server {
    id: "s9"
    startupRole: FOLLOWER
  }
  commitIndex: 93
}
)
2024-10-31 03:28:34,486 WARN  util.ReferenceCountedLeakDetector (ReferenceCountedLeakDetector.java:logLeakMessage(167)) - LEAK: (class org.apache.ratis.proto.RaftProtos$AppendEntriesRequestProto, count=1, value=serverRequest {
  requestorId: "s7"
  replyId: "s8"
  raftGroupId {
    id: "\202F\320\347\233hC*\244cL\330{\005^:"
  }
  callId: 1345
}
leaderTerm: 1
previousLog {
  term: 1
  index: 23
}
entries {
  term: 1
  index: 24
  metadataEntry {
    commitIndex: 23
  }
}
leaderCommit: 23
commitInfos {
  server {
    id: "s7"
    startupRole: FOLLOWER
  }
  commitIndex: 23
}
commitInfos {
  server {
    id: "s8"
    startupRole: FOLLOWER
  }
  commitIndex: 21
}
commitInfos {
  server {
    id: "s9"
    startupRole: FOLLOWER
  }
  commitIndex: 22
}
)
2024-10-31 03:28:34,486 WARN  util.ReferenceCountedLeakDetector (ReferenceCountedLeakDetector.java:logLeakMessage(167)) - LEAK: (class org.apache.ratis.proto.RaftProtos$LogEntryProto, count=1, value=term: 1
index: 24
metadataEntry {
  commitIndex: 23
}
)
2024-10-31 03:28:34,486 WARN  util.ReferenceCountedLeakDetector (ReferenceCountedLeakDetector.java:logLeakMessage(167)) - LEAK: (class org.apache.ratis.proto.RaftProtos$AppendEntriesRequestProto, count=1, value=serverRequest {
  requestorId: "s7"
  replyId: "s8"
  raftGroupId {
    id: "\202F\320\347\233hC*\244cL\330{\005^:"
  }
  callId: 1568
}
leaderTerm: 1
previousLog {
  term: 1
  index: 114
}
entries {
  term: 1
  index: 115
  stateMachineLogEntry {
    logData: "\001\001a\000"
    clientId: "\352UGO\240\'E\342\217\226\016\315Ul\003\272"
    callId: 1566
  }
}
leaderCommit: 113
initializing: true
commitInfos {
  server {
    id: "s7"
    startupRole: FOLLOWER
  }
  commitIndex: 113
}
commitInfos {
  server {
    id: "s8"
    startupRole: FOLLOWER
  }
  commitIndex: 113
}
commitInfos {
  server {
    id: "s9"
    startupRole: FOLLOWER
  }
  commitIndex: 112
}
)
2024-10-31 03:28:34,487 WARN  util.ReferenceCountedLeakDetector (ReferenceCountedLeakDetector.java:logLeakMessage(167)) - LEAK: (class org.apache.ratis.protocol.RaftClientRequest, count=1, value=RaftClientRequest:client-0ECD556C03BA->s7@group-4CD87B055E3A, cid=1326, seq=null, RW, c = √(a^2 + b^2))
2024-10-31 03:28:34,487 WARN  util.ReferenceCountedLeakDetector (ReferenceCountedLeakDetector.java:logLeakMessage(167)) - LEAK: (class org.apache.ratis.proto.RaftProtos$LogEntryProto, count=1, value=term: 1
index: 68
metadataEntry {
  commitIndex: 67
}
)
2024-10-31 03:28:34,487 WARN  util.ReferenceCountedLeakDetector (ReferenceCountedLeakDetector.java:logLeakMessage(167)) - LEAK: (class org.apache.ratis.protocol.RaftClientRequest, count=1, value=RaftClientRequest:client-0ECD556C03BA->s7@group-4CD87B055E3A, cid=1455, seq=null, RW, b = null)
2024-10-31 03:28:34,487 WARN  util.ReferenceCountedLeakDetector (ReferenceCountedLeakDetector.java:logLeakMessage(167)) - LEAK: (class org.apache.ratis.proto.RaftProtos$AppendEntriesRequestProto, count=2, value=serverRequest {
  requestorId: "s7"
  replyId: "s8"
  raftGroupId {
    id: "\202F\320\347\233hC*\244cL\330{\005^:"
  }
  callId: 1548
}
leaderTerm: 1
previousLog {
  term: 1
  index: 105
}
entries {
  term: 1
  index: 106
  metadataEntry {
    commitIndex: 105
  }
}
entries {
  term: 1
  index: 107
  stateMachineLogEntry {
    logData: "\001\001c\000"
    clientId: "\352UGO\240\'E\342\217\226\016\315Ul\003\272"
    callId: 1546
  }
}
leaderCommit: 106
initializing: true
commitInfos {
  server {
    id: "s7"
    startupRole: FOLLOWER
  }
  commitIndex: 106
}
commitInfos {
  server {
    id: "s8"
    startupRole: FOLLOWER
  }
  commitIndex: 104
}
commitInfos {
  server {
    id: "s9"
    startupRole: FOLLOWER
  }
  commitIndex: 105
}
)
2024-10-31 03:28:34,488 WARN  util.ReferenceCountedLeakDetector (ReferenceCountedLeakDetector.java:logLeakMessage(167)) - LEAK: (class org.apache.ratis.proto.RaftProtos$LogEntryProto, count=1, value=term: 1
index: 60
metadataEntry {
  commitIndex: 59
}
)
2024-10-31 03:28:34,488 WARN  util.ReferenceCountedLeakDetector (ReferenceCountedLeakDetector.java:logLeakMessage(167)) - LEAK: (class org.apache.ratis.proto.RaftProtos$AppendEntriesRequestProto, count=1, value=serverRequest {
  requestorId: "s7"
  replyId: "s8"
  raftGroupId {
    id: "\202F\320\347\233hC*\244cL\330{\005^:"
  }
  callId: 1341
}
leaderTerm: 1
previousLog {
  term: 1
  index: 22
}
entries {
  term: 1
  index: 23
  stateMachineLogEntry {
    logData: "\001\001c\000"
    clientId: "\352UGO\240\'E\342\217\226\016\315Ul\003\272"
    callId: 1340
  }
}
leaderCommit: 21
commitInfos {
  server {
    id: "s7"
    startupRole: FOLLOWER
  }
  commitIndex: 21
}
commitInfos {
  server {
    id: "s8"
    startupRole: FOLLOWER
  }
  commitIndex: 21
}
commitInfos {
  server {
    id: "s9"
    startupRole: FOLLOWER
  }
  commitIndex: 20
}
)
2024-10-31 03:28:34,488 WARN  util.ReferenceCountedLeakDetector (ReferenceCountedLeakDetector.java:logLeakMessage(167)) - LEAK: (class org.apache.ratis.proto.RaftProtos$AppendEntriesRequestProto, count=1, value=serverRequest {
  requestorId: "s7"
  replyId: "s8"
  raftGroupId {
    id: "\202F\320\347\233hC*\244cL\330{\005^:"
  }
  callId: 1553
}
leaderTerm: 1
previousLog {
  term: 1
  index: 108
}
entries {
  term: 1
  index: 109
  stateMachineLogEntry {
    logData: "\001\001a\002@Y@\000\000\000\000\000"
    clientId: "\352UGO\240\'E\342\217\226\016\315Ul\003\272"
    callId: 1550
  }
}
leaderCommit: 108
initializing: true
commitInfos {
  server {
    id: "s7"
    startupRole: FOLLOWER
  }
  commitIndex: 108
}
commitInfos {
  server {
    id: "s8"
    startupRole: FOLLOWER
  }
  commitIndex: 107
}
commitInfos {
  server {
    id: "s9"
    startupRole: FOLLOWER
  }
  commitIndex: 107
}
)
2024-10-31 03:28:34,469 INFO  impl.StateMachineUpdater (StateMachineUpdater.java:stop(141)) - s1@group-4CD87B055E3A-StateMachineUpdater: closing ArithmeticStateMachine, lastApplied=(t:1, i:120)
2024-10-31 03:28:34,469 INFO  impl.StateMachineUpdater (StateMachineUpdater.java:stopAndJoin(164)) - s1@group-4CD87B055E3A-StateMachineUpdater: set stopIndex = 120
2024-10-31 03:28:34,469 INFO  raftlog.RaftLog (SegmentedRaftLog.java:close(568)) - Start closing s10@group-4EB49E3E6D70-SegmentedRaftLog:OPENED:c-1:lastnull
2024-10-31 03:28:34,491 INFO  raftlog.RaftLog (SegmentedRaftLog.java:close(568)) - Start closing s1@group-4CD87B055E3A-SegmentedRaftLog:OPENED:c120:last(t:1, i:120)
2024-10-31 03:28:34,491 WARN  util.ReferenceCountedLeakDetector (ReferenceCountedLeakDetector.java:logLeakMessage(167)) - LEAK: (class org.apache.ratis.protocol.RaftClientRequest, count=1, value=RaftClientRequest:client-0ECD556C03BA->s7@group-4CD87B055E3A, cid=1445, seq=null, RW, c = √(a^2 + b^2))
2024-10-31 03:28:34,483 INFO  simulation.RequestHandler (RequestHandler.java:run(127)) - s2.serverHandler2 is interrupted by java.io.InterruptedIOException: 
2024-10-31 03:28:34,483 INFO  simulation.RequestHandler (RequestHandler.java:run(127)) - s2.serverHandler1 is interrupted by java.io.InterruptedIOException: 
2024-10-31 03:28:34,483 INFO  simulation.RequestHandler (RequestHandler.java:run(127)) - s2.serverHandler0 is interrupted by java.io.InterruptedIOException: 
2024-10-31 03:28:34,482 INFO  util.AwaitToRun (AwaitToRun.java:run(49)) - s14@group-4CD87B055E3A-cacheEviction-AwaitToRun-AwaitForSignal is interrupted
2024-10-31 03:28:34,482 INFO  util.AwaitToRun (AwaitToRun.java:run(49)) - s2@group-4EB49E3E6D70-cacheEviction-AwaitToRun-AwaitForSignal is interrupted
2024-10-31 03:28:34,482 INFO  raftlog.RaftLog (SegmentedRaftLog.java:close(568)) - Start closing s2@group-4CD87B055E3A-SegmentedRaftLog:OPENED:c-1:lastnull
2024-10-31 03:28:34,482 INFO  util.AwaitToRun (AwaitToRun.java:run(49)) - s14@group-4EB49E3E6D70-cacheEviction-AwaitToRun-AwaitForSignal is interrupted
2024-10-31 03:28:34,492 INFO  util.AwaitToRun (AwaitToRun.java:run(49)) - s2@group-4CD87B055E3A-cacheEviction-AwaitToRun-AwaitForSignal is interrupted
2024-10-31 03:28:34,481 INFO  raftlog.RaftLog (SegmentedRaftLog.java:close(568)) - Start closing s0@group-4CD87B055E3A-SegmentedRaftLog:OPENED:c120:last(t:1, i:120)
2024-10-31 03:28:34,481 INFO  util.AwaitToRun (AwaitToRun.java:run(49)) - s7@group-4CD87B055E3A-cacheEviction-AwaitToRun-AwaitForSignal is interrupted
2024-10-31 03:28:34,481 INFO  util.AwaitToRun (AwaitToRun.java:run(49)) - s12@group-4CD87B055E3A-cacheEviction-AwaitToRun-AwaitForSignal is interrupted
2024-10-31 03:28:34,481 INFO  impl.StateMachineUpdater (StateMachineUpdater.java:stop(141)) - s3@group-4CD87B055E3A-StateMachineUpdater: closing ArithmeticStateMachine, lastApplied=(t:0, i:~)
2024-10-31 03:28:34,481 INFO  impl.StateMachineUpdater (StateMachineUpdater.java:stopAndJoin(164)) - s3@group-4CD87B055E3A-StateMachineUpdater: set stopIndex = -1
2024-10-31 03:28:34,493 INFO  raftlog.RaftLog (SegmentedRaftLog.java:close(568)) - Start closing s3@group-4CD87B055E3A-SegmentedRaftLog:OPENED:c-1:lastnull
2024-10-31 03:28:34,493 INFO  util.AwaitToRun (AwaitToRun.java:run(49)) - s0@group-4CD87B055E3A-cacheEviction-AwaitToRun-AwaitForSignal is interrupted
2024-10-31 03:28:34,492 WARN  util.ReferenceCountedLeakDetector (ReferenceCountedLeakDetector.java:logLeakMessage(167)) - LEAK: (class org.apache.ratis.protocol.RaftClientRequest, count=1, value=RaftClientRequest:client-0ECD556C03BA->s7@group-4CD87B055E3A, cid=1409, seq=null, RW, b = 4140)
2024-10-31 03:28:34,491 INFO  util.AwaitToRun (AwaitToRun.java:run(49)) - s1@group-4CD87B055E3A-cacheEviction-AwaitToRun-AwaitForSignal is interrupted
2024-10-31 03:28:34,491 INFO  util.AwaitToRun (AwaitToRun.java:run(49)) - s10@group-4EB49E3E6D70-cacheEviction-AwaitToRun-AwaitForSignal is interrupted
2024-10-31 03:28:34,494 WARN  util.ReferenceCountedLeakDetector (ReferenceCountedLeakDetector.java:logLeakMessage(167)) - LEAK: (class org.apache.ratis.protocol.RaftClientRequest, count=1, value=RaftClientRequest:client-0ECD556C03BA->s7@group-4CD87B055E3A, cid=1550, seq=null, RW, a = 101)
2024-10-31 03:28:34,494 WARN  util.ReferenceCountedLeakDetector (ReferenceCountedLeakDetector.java:logLeakMessage(167)) - LEAK: (class org.apache.ratis.protocol.RaftClientRequest, count=1, value=RaftClientRequest:client-0ECD556C03BA->s7@group-4CD87B055E3A, cid=1485, seq=null, RW, b = null)
2024-10-31 03:28:34,494 WARN  util.ReferenceCountedLeakDetector (ReferenceCountedLeakDetector.java:logLeakMessage(167)) - LEAK: (class org.apache.ratis.protocol.RaftClientRequest, count=1, value=RaftClientRequest:client-0ECD556C03BA->s7@group-4CD87B055E3A, cid=1528, seq=null, RW, b = 4900)
2024-10-31 03:28:34,494 WARN  util.ReferenceCountedLeakDetector (ReferenceCountedLeakDetector.java:logLeakMessage(167)) - LEAK: (class org.apache.ratis.protocol.RaftClientRequest, count=1, value=RaftClientRequest:client-0ECD556C03BA->s7@group-4CD87B055E3A, cid=1525, seq=null, RW, a = 99)
2024-10-31 03:28:34,494 WARN  util.ReferenceCountedLeakDetector (ReferenceCountedLeakDetector.java:logLeakMessage(167)) - LEAK: (class org.apache.ratis.protocol.RaftClientRequest, count=1, value=RaftClientRequest:client-0ECD556C03BA->s7@group-4CD87B055E3A, cid=1390, seq=null, RW, a = null)
2024-10-31 03:28:34,494 WARN  util.ReferenceCountedLeakDetector (ReferenceCountedLeakDetector.java:logLeakMessage(167)) - LEAK: (class org.apache.ratis.proto.RaftProtos$LogEntryProto, count=1, value=term: 1
index: 88
metadataEntry {
  commitIndex: 87
}
)
2024-10-31 03:28:34,494 WARN  util.ReferenceCountedLeakDetector (ReferenceCountedLeakDetector.java:logLeakMessage(167)) - LEAK: (class org.apache.ratis.proto.RaftProtos$LogEntryProto, count=1, value=term: 1
index: 84
metadataEntry {
  commitIndex: 83
}
)
2024-10-31 03:28:34,494 WARN  util.ReferenceCountedLeakDetector (ReferenceCountedLeakDetector.java:logLeakMessage(167)) - LEAK: (class org.apache.ratis.protocol.RaftClientRequest, count=1, value=RaftClientRequest:client-0ECD556C03BA->s7@group-4CD87B055E3A, cid=1521, seq=null, RW, c = null)
2024-10-31 03:28:34,495 WARN  util.ReferenceCountedLeakDetector (ReferenceCountedLeakDetector.java:logLeakMessage(167)) - LEAK: (class org.apache.ratis.proto.RaftProtos$AppendEntriesRequestProto, count=1, value=serverRequest {
  requestorId: "s7"
  replyId: "s8"
  raftGroupId {
    id: "\202F\320\347\233hC*\244cL\330{\005^:"
  }
  callId: 1517
}
leaderTerm: 1
previousLog {
  term: 1
  index: 91
}
entries {
  term: 1
  index: 92
  metadataEntry {
    commitIndex: 91
  }
}
leaderCommit: 91
initializing: true
commitInfos {
  server {
    id: "s7"
    startupRole: FOLLOWER
  }
  commitIndex: 91
}
commitInfos {
  server {
    id: "s8"
    startupRole: FOLLOWER
  }
  commitIndex: 90
}
commitInfos {
  server {
    id: "s9"
    startupRole: FOLLOWER
  }
  commitIndex: 89
}
)
2024-10-31 03:28:34,495 WARN  util.ReferenceCountedLeakDetector (ReferenceCountedLeakDetector.java:logLeakMessage(167)) - LEAK: (class org.apache.ratis.protocol.RaftClientRequest, count=1, value=RaftClientRequest:client-0ECD556C03BA->s7@group-4CD87B055E3A, cid=1475, seq=null, RW, c = √(a^2 + b^2))
2024-10-31 03:28:34,495 WARN  util.ReferenceCountedLeakDetector (ReferenceCountedLeakDetector.java:logLeakMessage(167)) - LEAK: (class org.apache.ratis.proto.RaftProtos$AppendEntriesRequestProto, count=1, value=serverRequest {
  requestorId: "s7"
  replyId: "s8"
  raftGroupId {
    id: "\202F\320\347\233hC*\244cL\330{\005^:"
  }
  callId: 1460
}
leaderTerm: 1
previousLog {
  term: 1
  index: 69
}
entries {
  term: 1
  index: 70
  metadataEntry {
    commitIndex: 69
  }
}
leaderCommit: 69
commitInfos {
  server {
    id: "s7"
    startupRole: FOLLOWER
  }
  commitIndex: 69
}
commitInfos {
  server {
    id: "s8"
    startupRole: FOLLOWER
  }
  commitIndex: 68
}
commitInfos {
  server {
    id: "s9"
    startupRole: FOLLOWER
  }
  commitIndex: 68
}
)
2024-10-31 03:28:34,495 WARN  util.ReferenceCountedLeakDetector (ReferenceCountedLeakDetector.java:logLeakMessage(167)) - LEAK: (class org.apache.ratis.proto.RaftProtos$AppendEntriesRequestProto, count=1, value=serverRequest {
  requestorId: "s7"
  replyId: "s8"
  raftGroupId {
    id: "\202F\320\347\233hC*\244cL\330{\005^:"
  }
  callId: 1444
}
leaderTerm: 1
previousLog {
  term: 1
  index: 63
}
entries {
  term: 1
  index: 64
  metadataEntry {
    commitIndex: 63
  }
}
leaderCommit: 63
commitInfos {
  server {
    id: "s7"
    startupRole: FOLLOWER
  }
  commitIndex: 63
}
commitInfos {
  server {
    id: "s8"
    startupRole: FOLLOWER
  }
  commitIndex: 62
}
commitInfos {
  server {
    id: "s9"
    startupRole: FOLLOWER
  }
  commitIndex: 62
}
)
2024-10-31 03:28:34,495 WARN  util.ReferenceCountedLeakDetector (ReferenceCountedLeakDetector.java:logLeakMessage(167)) - LEAK: (class org.apache.ratis.proto.RaftProtos$AppendEntriesRequestProto, count=1, value=serverRequest {
  requestorId: "s7"
  replyId: "s8"
  raftGroupId {
    id: "\202F\320\347\233hC*\244cL\330{\005^:"
  }
  callId: 1322
}
leaderTerm: 1
previousLog {
  term: 1
  index: 14
}
entries {
  term: 1
  index: 15
  stateMachineLogEntry {
    logData: "\001\001b\002@\2548\000\000\000\000\000"
    clientId: "\352UGO\240\'E\342\217\226\016\315Ul\003\272"
    callId: 1321
  }
}
leaderCommit: 14
commitInfos {
  server {
    id: "s7"
    startupRole: FOLLOWER
  }
  commitIndex: 14
}
commitInfos {
  server {
    id: "s8"
    startupRole: FOLLOWER
  }
  commitIndex: 13
}
commitInfos {
  server {
    id: "s9"
    startupRole: FOLLOWER
  }
  commitIndex: 13
}
)
2024-10-31 03:28:34,495 WARN  util.ReferenceCountedLeakDetector (ReferenceCountedLeakDetector.java:logLeakMessage(167)) - LEAK: (class org.apache.ratis.proto.RaftProtos$LogEntryProto, count=1, value=term: 1
index: 110
metadataEntry {
  commitIndex: 109
}
)
2024-10-31 03:28:34,496 WARN  util.ReferenceCountedLeakDetector (ReferenceCountedLeakDetector.java:logLeakMessage(167)) - LEAK: (class org.apache.ratis.proto.RaftProtos$LogEntryProto, count=1, value=term: 1
index: 42
metadataEntry {
  commitIndex: 41
}
)
2024-10-31 03:28:34,496 WARN  util.ReferenceCountedLeakDetector (ReferenceCountedLeakDetector.java:logLeakMessage(167)) - LEAK: (class org.apache.ratis.protocol.RaftClientRequest, count=1, value=RaftClientRequest:client-0ECD556C03BA->s7@group-4CD87B055E3A, cid=1316, seq=null, RW, a = 85)
2024-10-31 03:28:34,496 WARN  util.ReferenceCountedLeakDetector (ReferenceCountedLeakDetector.java:logLeakMessage(167)) - LEAK: (class org.apache.ratis.protocol.RaftClientRequest, count=1, value=RaftClientRequest:client-0ECD556C03BA->s7@group-4CD87B055E3A, cid=1490, seq=null, RW, c = null)
2024-10-31 03:28:34,496 WARN  util.ReferenceCountedLeakDetector (ReferenceCountedLeakDetector.java:logLeakMessage(167)) - LEAK: (class org.apache.ratis.protocol.RaftClientRequest, count=1, value=RaftClientRequest:client-0ECD556C03BA->s7@group-4CD87B055E3A, cid=1335, seq=null, RW, b = null)
2024-10-31 03:28:34,496 WARN  util.ReferenceCountedLeakDetector (ReferenceCountedLeakDetector.java:logLeakMessage(167)) - LEAK: (class org.apache.ratis.proto.RaftProtos$AppendEntriesRequestProto, count=1, value=serverRequest {
  requestorId: "s7"
  replyId: "s8"
  raftGroupId {
    id: "\202F\320\347\233hC*\244cL\330{\005^:"
  }
  callId: 1434
}
leaderTerm: 1
previousLog {
  term: 1
  index: 59
}
entries {
  term: 1
  index: 60
  metadataEntry {
    commitIndex: 59
  }
}
leaderCommit: 59
commitInfos {
  server {
    id: "s7"
    startupRole: FOLLOWER
  }
  commitIndex: 59
}
commitInfos {
  server {
    id: "s8"
    startupRole: FOLLOWER
  }
  commitIndex: 57
}
commitInfos {
  server {
    id: "s9"
    startupRole: FOLLOWER
  }
  commitIndex: 57
}
)
2024-10-31 03:28:34,493 INFO  util.AwaitToRun (AwaitToRun.java:run(49)) - s3@group-4CD87B055E3A-cacheEviction-AwaitToRun-AwaitForSignal is interrupted
2024-10-31 03:28:34,496 WARN  util.ReferenceCountedLeakDetector (ReferenceCountedLeakDetector.java:logLeakMessage(167)) - LEAK: (class org.apache.ratis.proto.RaftProtos$AppendEntriesRequestProto, count=1, value=serverRequest {
  requestorId: "s7"
  replyId: "s8"
  raftGroupId {
    id: "\202F\320\347\233hC*\244cL\330{\005^:"
  }
  callId: 1291
}
leaderTerm: 1
previousLog {
  term: 1
  index: 1
}
entries {
  term: 1
  index: 2
  metadataEntry {
    commitIndex: 1
  }
}
leaderCommit: 1
commitInfos {
  server {
    id: "s7"
    startupRole: FOLLOWER
  }
  commitIndex: 1
}
commitInfos {
  server {
    id: "s8"
    startupRole: FOLLOWER
  }
}
commitInfos {
  server {
    id: "s9"
    startupRole: FOLLOWER
  }
}
)
2024-10-31 03:28:34,497 WARN  util.ReferenceCountedLeakDetector (ReferenceCountedLeakDetector.java:logLeakMessage(167)) - LEAK: (class org.apache.ratis.protocol.RaftClientRequest, count=1, value=RaftClientRequest:client-0ECD556C03BA->s7@group-4CD87B055E3A, cid=1369, seq=null, RW, c = null)
2024-10-31 03:28:34,497 WARN  util.ReferenceCountedLeakDetector (ReferenceCountedLeakDetector.java:logLeakMessage(167)) - LEAK: (class org.apache.ratis.proto.RaftProtos$AppendEntriesRequestProto, count=1, value=serverRequest {
  requestorId: "s7"
  replyId: "s8"
  raftGroupId {
    id: "\202F\320\347\233hC*\244cL\330{\005^:"
  }
  callId: 1427
}
leaderTerm: 1
previousLog {
  term: 1
  index: 56
}
entries {
  term: 1
  index: 57
  stateMachineLogEntry {
    logData: "\001\001b\000"
    clientId: "\352UGO\240\'E\342\217\226\016\315Ul\003\272"
    callId: 1425
  }
}
leaderCommit: 56
commitInfos {
  server {
    id: "s7"
    startupRole: FOLLOWER
  }
  commitIndex: 56
}
commitInfos {
  server {
    id: "s8"
    startupRole: FOLLOWER
  }
  commitIndex: 55
}
commitInfos {
  server {
    id: "s9"
    startupRole: FOLLOWER
  }
  commitIndex: 55
}
)
2024-10-31 03:28:34,497 WARN  util.ReferenceCountedLeakDetector (ReferenceCountedLeakDetector.java:logLeakMessage(167)) - LEAK: (class org.apache.ratis.proto.RaftProtos$LogEntryProto, count=1, value=term: 1
index: 48
metadataEntry {
  commitIndex: 47
}
)
2024-10-31 03:28:34,497 WARN  util.ReferenceCountedLeakDetector (ReferenceCountedLeakDetector.java:logLeakMessage(167)) - LEAK: (class org.apache.ratis.proto.RaftProtos$AppendEntriesRequestProto, count=1, value=serverRequest {
  requestorId: "s7"
  replyId: "s8"
  raftGroupId {
    id: "\202F\320\347\233hC*\244cL\330{\005^:"
  }
  callId: 1383
}
leaderTerm: 1
previousLog {
  term: 1
  index: 39
}
entries {
  term: 1
  index: 40
  metadataEntry {
    commitIndex: 39
  }
}
leaderCommit: 39
commitInfos {
  server {
    id: "s7"
    startupRole: FOLLOWER
  }
  commitIndex: 39
}
commitInfos {
  server {
    id: "s8"
    startupRole: FOLLOWER
  }
  commitIndex: 38
}
commitInfos {
  server {
    id: "s9"
    startupRole: FOLLOWER
  }
  commitIndex: 37
}
)
2024-10-31 03:28:34,497 WARN  util.ReferenceCountedLeakDetector (ReferenceCountedLeakDetector.java:logLeakMessage(167)) - LEAK: (class org.apache.ratis.proto.RaftProtos$AppendEntriesRequestProto, count=1, value=serverRequest {
  requestorId: "s7"
  replyId: "s8"
  raftGroupId {
    id: "\202F\320\347\233hC*\244cL\330{\005^:"
  }
  callId: 1500
}
leaderTerm: 1
previousLog {
  term: 1
  index: 85
}
entries {
  term: 1
  index: 86
  metadataEntry {
    commitIndex: 85
  }
}
leaderCommit: 85
commitInfos {
  server {
    id: "s7"
    startupRole: FOLLOWER
  }
  commitIndex: 85
}
commitInfos {
  server {
    id: "s8"
    startupRole: FOLLOWER
  }
  commitIndex: 83
}
commitInfos {
  server {
    id: "s9"
    startupRole: FOLLOWER
  }
  commitIndex: 83
}
)
2024-10-31 03:28:34,498 WARN  util.ReferenceCountedLeakDetector (ReferenceCountedLeakDetector.java:logLeakMessage(167)) - LEAK: (class org.apache.ratis.proto.RaftProtos$AppendEntriesRequestProto, count=1, value=serverRequest {
  requestorId: "s7"
  replyId: "s8"
  raftGroupId {
    id: "\202F\320\347\233hC*\244cL\330{\005^:"
  }
  callId: 1567
}
leaderTerm: 1
previousLog {
  term: 1
  index: 113
}
entries {
  term: 1
  index: 114
  metadataEntry {
    commitIndex: 113
  }
}
leaderCommit: 113
initializing: true
commitInfos {
  server {
    id: "s7"
    startupRole: FOLLOWER
  }
  commitIndex: 113
}
commitInfos {
  server {
    id: "s8"
    startupRole: FOLLOWER
  }
  commitIndex: 112
}
commitInfos {
  server {
    id: "s9"
    startupRole: FOLLOWER
  }
  commitIndex: 112
}
)
2024-10-31 03:28:34,498 WARN  util.ReferenceCountedLeakDetector (ReferenceCountedLeakDetector.java:logLeakMessage(167)) - LEAK: (class org.apache.ratis.proto.RaftProtos$AppendEntriesRequestProto, count=1, value=serverRequest {
  requestorId: "s7"
  replyId: "s8"
  raftGroupId {
    id: "\202F\320\347\233hC*\244cL\330{\005^:"
  }
  callId: 1417
}
leaderTerm: 1
previousLog {
  term: 1
  index: 52
}
entries {
  term: 1
  index: 53
  stateMachineLogEntry {
    logData: "\001\001c\004\001\003\000\004\002\001\001a\004\002\001\001b"
    clientId: "\352UGO\240\'E\342\217\226\016\315Ul\003\272"
    callId: 1415
  }
}
leaderCommit: 51
commitInfos {
  server {
    id: "s7"
    startupRole: FOLLOWER
  }
  commitIndex: 51
}
commitInfos {
  server {
    id: "s8"
    startupRole: FOLLOWER
  }
  commitIndex: 51
}
commitInfos {
  server {
    id: "s9"
    startupRole: FOLLOWER
  }
  commitIndex: 51
}
)
2024-10-31 03:28:34,498 WARN  util.ReferenceCountedLeakDetector (ReferenceCountedLeakDetector.java:logLeakMessage(167)) - LEAK: (class org.apache.ratis.protocol.RaftClientRequest, count=1, value=RaftClientRequest:client-0ECD556C03BA->s7@group-4CD87B055E3A, cid=1566, seq=null, RW, a = null)
2024-10-31 03:28:34,498 WARN  util.ReferenceCountedLeakDetector (ReferenceCountedLeakDetector.java:logLeakMessage(167)) - LEAK: (class org.apache.ratis.proto.RaftProtos$AppendEntriesRequestProto, count=1, value=serverRequest {
  requestorId: "s7"
  replyId: "s8"
  raftGroupId {
    id: "\202F\320\347\233hC*\244cL\330{\005^:"
  }
  callId: 1394
}
leaderTerm: 1
previousLog {
  term: 1
  index: 43
}
entries {
  term: 1
  index: 44
  metadataEntry {
    commitIndex: 43
  }
}
leaderCommit: 43
commitInfos {
  server {
    id: "s7"
    startupRole: FOLLOWER
  }
  commitIndex: 43
}
commitInfos {
  server {
    id: "s8"
    startupRole: FOLLOWER
  }
  commitIndex: 41
}
commitInfos {
  server {
    id: "s9"
    startupRole: FOLLOWER
  }
  commitIndex: 41
}
)
2024-10-31 03:28:34,498 WARN  util.ReferenceCountedLeakDetector (ReferenceCountedLeakDetector.java:logLeakMessage(167)) - LEAK: (class org.apache.ratis.protocol.RaftClientRequest, count=1, value=RaftClientRequest:client-0ECD556C03BA->s7@group-4CD87B055E3A, cid=1546, seq=null, RW, c = null)
2024-10-31 03:28:34,498 WARN  util.ReferenceCountedLeakDetector (ReferenceCountedLeakDetector.java:logLeakMessage(167)) - LEAK: (class org.apache.ratis.proto.RaftProtos$AppendEntriesRequestProto, count=1, value=serverRequest {
  requestorId: "s7"
  replyId: "s8"
  raftGroupId {
    id: "\202F\320\347\233hC*\244cL\330{\005^:"
  }
  callId: 1529
}
leaderTerm: 1
previousLog {
  term: 1
  index: 97
}
entries {
  term: 1
  index: 98
  metadataEntry {
    commitIndex: 97
  }
}
leaderCommit: 97
initializing: true
commitInfos {
  server {
    id: "s7"
    startupRole: FOLLOWER
  }
  commitIndex: 97
}
commitInfos {
  server {
    id: "s8"
    startupRole: FOLLOWER
  }
  commitIndex: 96
}
commitInfos {
  server {
    id: "s9"
    startupRole: FOLLOWER
  }
  commitIndex: 94
}
)
2024-10-31 03:28:34,498 WARN  util.ReferenceCountedLeakDetector (ReferenceCountedLeakDetector.java:logLeakMessage(167)) - LEAK: (class org.apache.ratis.proto.RaftProtos$AppendEntriesRequestProto, count=1, value=serverRequest {
  requestorId: "s7"
  replyId: "s8"
  raftGroupId {
    id: "\202F\320\347\233hC*\244cL\330{\005^:"
  }
  callId: 1309
}
leaderTerm: 1
previousLog {
  term: 1
  index: 9
}
entries {
  term: 1
  index: 10
  metadataEntry {
    commitIndex: 9
  }
}
leaderCommit: 9
commitInfos {
  server {
    id: "s7"
    startupRole: FOLLOWER
  }
  commitIndex: 9
}
commitInfos {
  server {
    id: "s8"
    startupRole: FOLLOWER
  }
  commitIndex: 8
}
commitInfos {
  server {
    id: "s9"
    startupRole: FOLLOWER
  }
  commitIndex: 8
}
)
2024-10-31 03:28:34,499 WARN  util.ReferenceCountedLeakDetector (ReferenceCountedLeakDetector.java:logLeakMessage(167)) - LEAK: (class org.apache.ratis.proto.RaftProtos$LogEntryProto, count=1, value=term: 1
configurationEntry {
  peers {
    id: "s7"
    startupRole: FOLLOWER
  }
  peers {
    id: "s8"
    startupRole: FOLLOWER
  }
  peers {
    id: "s9"
    startupRole: FOLLOWER
  }
}
)
2024-10-31 03:28:34,499 WARN  util.ReferenceCountedLeakDetector (ReferenceCountedLeakDetector.java:logLeakMessage(167)) - LEAK: (class org.apache.ratis.proto.RaftProtos$LogEntryProto, count=1, value=term: 1
index: 64
metadataEntry {
  commitIndex: 63
}
)
2024-10-31 03:28:34,499 WARN  util.ReferenceCountedLeakDetector (ReferenceCountedLeakDetector.java:logLeakMessage(167)) - LEAK: (class org.apache.ratis.proto.RaftProtos$AppendEntriesRequestProto, count=1, value=serverRequest {
  requestorId: "s7"
  replyId: "s8"
  raftGroupId {
    id: "\202F\320\347\233hC*\244cL\330{\005^:"
  }
  callId: 1535
}
leaderTerm: 1
previousLog {
  term: 1
  index: 99
}
entries {
  term: 1
  index: 100
  metadataEntry {
    commitIndex: 99
  }
}
leaderCommit: 100
initializing: true
commitInfos {
  server {
    id: "s7"
    startupRole: FOLLOWER
  }
  commitIndex: 100
}
commitInfos {
  server {
    id: "s8"
    startupRole: FOLLOWER
  }
  commitIndex: 98
}
commitInfos {
  server {
    id: "s9"
    startupRole: FOLLOWER
  }
  commitIndex: 99
}
)
2024-10-31 03:28:34,499 WARN  util.ReferenceCountedLeakDetector (ReferenceCountedLeakDetector.java:logLeakMessage(167)) - LEAK: (class org.apache.ratis.proto.RaftProtos$AppendEntriesRequestProto, count=1, value=serverRequest {
  requestorId: "s7"
  replyId: "s8"
  raftGroupId {
    id: "\202F\320\347\233hC*\244cL\330{\005^:"
  }
  callId: 1524
}
leaderTerm: 1
previousLog {
  term: 1
  index: 94
}
entries {
  term: 1
  index: 95
  stateMachineLogEntry {
    logData: "\001\001c\000"
    clientId: "\352UGO\240\'E\342\217\226\016\315Ul\003\272"
    callId: 1521
  }
}
leaderCommit: 94
initializing: true
commitInfos {
  server {
    id: "s7"
    startupRole: FOLLOWER
  }
  commitIndex: 94
}
commitInfos {
  server {
    id: "s8"
    startupRole: FOLLOWER
  }
  commitIndex: 93
}
commitInfos {
  server {
    id: "s9"
    startupRole: FOLLOWER
  }
  commitIndex: 93
}
)
2024-10-31 03:28:34,499 WARN  util.ReferenceCountedLeakDetector (ReferenceCountedLeakDetector.java:logLeakMessage(167)) - LEAK: (class org.apache.ratis.protocol.RaftClientRequest, count=1, value=RaftClientRequest:client-0ECD556C03BA->s7@group-4CD87B055E3A, cid=1297, seq=null, RW, c = √(a^2 + b^2))
2024-10-31 03:28:34,499 WARN  util.ReferenceCountedLeakDetector (ReferenceCountedLeakDetector.java:logLeakMessage(167)) - LEAK: (class org.apache.ratis.proto.RaftProtos$LogEntryProto, count=1, value=term: 1
index: 76
metadataEntry {
  commitIndex: 75
}
)
2024-10-31 03:28:34,499 WARN  util.ReferenceCountedLeakDetector (ReferenceCountedLeakDetector.java:logLeakMessage(167)) - LEAK: (class org.apache.ratis.proto.RaftProtos$LogEntryProto, count=1, value=term: 1
index: 70
metadataEntry {
  commitIndex: 69
}
)
2024-10-31 03:28:34,499 WARN  util.ReferenceCountedLeakDetector (ReferenceCountedLeakDetector.java:logLeakMessage(167)) - LEAK: (class org.apache.ratis.proto.RaftProtos$AppendEntriesRequestProto, count=1, value=serverRequest {
  requestorId: "s7"
  replyId: "s8"
  raftGroupId {
    id: "\202F\320\347\233hC*\244cL\330{\005^:"
  }
  callId: 1349
}
leaderTerm: 1
previousLog {
  term: 1
  index: 25
}
entries {
  term: 1
  index: 26
  metadataEntry {
    commitIndex: 25
  }
}
leaderCommit: 25
commitInfos {
  server {
    id: "s7"
    startupRole: FOLLOWER
  }
  commitIndex: 25
}
commitInfos {
  server {
    id: "s8"
    startupRole: FOLLOWER
  }
  commitIndex: 24
}
commitInfos {
  server {
    id: "s9"
    startupRole: FOLLOWER
  }
  commitIndex: 24
}
)
2024-10-31 03:28:34,500 WARN  util.ReferenceCountedLeakDetector (ReferenceCountedLeakDetector.java:logLeakMessage(167)) - LEAK: (class org.apache.ratis.protocol.RaftClientRequest, count=1, value=RaftClientRequest:client-0ECD556C03BA->s7@group-4CD87B055E3A, cid=1340, seq=null, RW, c = null)
2024-10-31 03:28:34,500 WARN  util.ReferenceCountedLeakDetector (ReferenceCountedLeakDetector.java:logLeakMessage(167)) - LEAK: (class org.apache.ratis.proto.RaftProtos$AppendEntriesRequestProto, count=-1, value=serverRequest {
  requestorId: "s7"
  replyId: "s8"
  raftGroupId {
    id: "\202F\320\347\233hC*\244cL\330{\005^:"
  }
  callId: 1287
}
leaderTerm: 1
previousLog {
  term: 1
}
entries {
  term: 1
  index: 1
  stateMachineLogEntry {
    logData: "\001\001a\002@T\300\000\000\000\000\000"
    clientId: "\352UGO\240\'E\342\217\226\016\315Ul\003\272"
    callId: 1286
  }
}
commitInfos {
  server {
    id: "s7"
    startupRole: FOLLOWER
  }
}
commitInfos {
  server {
    id: "s8"
    startupRole: FOLLOWER
  }
}
commitInfos {
  server {
    id: "s9"
    startupRole: FOLLOWER
  }
}
)
2024-10-31 03:28:34,500 WARN  util.ReferenceCountedLeakDetector (ReferenceCountedLeakDetector.java:logLeakMessage(167)) - LEAK: (class org.apache.ratis.protocol.RaftClientRequest, count=-1, value=RaftClientRequest:client-0ECD556C03BA->s7@group-4CD87B055E3A, cid=1286, seq=null, RW, a = 83)
2024-10-31 03:28:34,500 WARN  util.ReferenceCountedLeakDetector (ReferenceCountedLeakDetector.java:logLeakMessage(167)) - LEAK: (class org.apache.ratis.protocol.RaftClientRequest, count=1, value=RaftClientRequest:client-0ECD556C03BA->s7@group-4CD87B055E3A, cid=1384, seq=null, RW, c = √(a^2 + b^2))
2024-10-31 03:28:34,500 WARN  util.ReferenceCountedLeakDetector (ReferenceCountedLeakDetector.java:logLeakMessage(167)) - LEAK: (class org.apache.ratis.proto.RaftProtos$AppendEntriesRequestProto, count=1, value=serverRequest {
  requestorId: "s7"
  replyId: "s8"
  raftGroupId {
    id: "\202F\320\347\233hC*\244cL\330{\005^:"
  }
  callId: 1418
}
leaderTerm: 1
previousLog {
  term: 1
  index: 53
}
entries {
  term: 1
  index: 54
  metadataEntry {
    commitIndex: 53
  }
}
leaderCommit: 53
commitInfos {
  server {
    id: "s7"
    startupRole: FOLLOWER
  }
  commitIndex: 53
}
commitInfos {
  server {
    id: "s8"
    startupRole: FOLLOWER
  }
  commitIndex: 51
}
commitInfos {
  server {
    id: "s9"
    startupRole: FOLLOWER
  }
  commitIndex: 51
}
)
2024-10-31 03:28:34,500 WARN  util.ReferenceCountedLeakDetector (ReferenceCountedLeakDetector.java:logLeakMessage(167)) - LEAK: (class org.apache.ratis.protocol.RaftClientRequest, count=1, value=RaftClientRequest:client-0ECD556C03BA->s7@group-4CD87B055E3A, cid=1469, seq=null, RW, b = 4512)
2024-10-31 03:28:34,501 WARN  util.ReferenceCountedLeakDetector (ReferenceCountedLeakDetector.java:logLeakMessage(167)) - LEAK: (class org.apache.ratis.proto.RaftProtos$AppendEntriesRequestProto, count=1, value=serverRequest {
  requestorId: "s7"
  replyId: "s8"
  raftGroupId {
    id: "\202F\320\347\233hC*\244cL\330{\005^:"
  }
  callId: 1559
}
leaderTerm: 1
previousLog {
  term: 1
  index: 111
}
entries {
  term: 1
  index: 112
  metadataEntry {
    commitIndex: 111
  }
}
leaderCommit: 111
initializing: true
commitInfos {
  server {
    id: "s7"
    startupRole: FOLLOWER
  }
  commitIndex: 111
}
commitInfos {
  server {
    id: "s8"
    startupRole: FOLLOWER
  }
  commitIndex: 110
}
commitInfos {
  server {
    id: "s9"
    startupRole: FOLLOWER
  }
  commitIndex: 109
}
)
2024-10-31 03:28:34,501 WARN  util.ReferenceCountedLeakDetector (ReferenceCountedLeakDetector.java:logLeakMessage(167)) - LEAK: (class org.apache.ratis.proto.RaftProtos$LogEntryProto, count=1, value=term: 1
index: 92
metadataEntry {
  commitIndex: 91
}
)
2024-10-31 03:28:34,501 WARN  util.ReferenceCountedLeakDetector (ReferenceCountedLeakDetector.java:logLeakMessage(167)) - LEAK: (class org.apache.ratis.protocol.RaftClientRequest, count=1, value=RaftClientRequest:client-0ECD556C03BA->s7@group-4CD87B055E3A, cid=1440, seq=null, RW, b = 4324)
2024-10-31 03:28:34,501 WARN  util.ReferenceCountedLeakDetector (ReferenceCountedLeakDetector.java:logLeakMessage(167)) - LEAK: (class org.apache.ratis.protocol.RaftClientRequest, count=1, value=RaftClientRequest:client-0ECD556C03BA->s7@group-4CD87B055E3A, cid=1538, seq=null, RW, a = null)
2024-10-31 03:28:34,501 WARN  util.ReferenceCountedLeakDetector (ReferenceCountedLeakDetector.java:logLeakMessage(167)) - LEAK: (class org.apache.ratis.proto.RaftProtos$AppendEntriesRequestProto, count=1, value=serverRequest {
  requestorId: "s7"
  replyId: "s8"
  raftGroupId {
    id: "\202F\320\347\233hC*\244cL\330{\005^:"
  }
  callId: 1551
}
leaderTerm: 1
previousLog {
  term: 1
  index: 107
}
entries {
  term: 1
  index: 108
  metadataEntry {
    commitIndex: 107
  }
}
leaderCommit: 107
initializing: true
commitInfos {
  server {
    id: "s7"
    startupRole: FOLLOWER
  }
  commitIndex: 107
}
commitInfos {
  server {
    id: "s8"
    startupRole: FOLLOWER
  }
  commitIndex: 106
}
commitInfos {
  server {
    id: "s9"
    startupRole: FOLLOWER
  }
  commitIndex: 105
}
)
2024-10-31 03:28:34,501 WARN  util.ReferenceCountedLeakDetector (ReferenceCountedLeakDetector.java:logLeakMessage(167)) - LEAK: (class org.apache.ratis.proto.RaftProtos$LogEntryProto, count=1, value=term: 1
index: 96
metadataEntry {
  commitIndex: 95
}
)
2024-10-31 03:28:34,501 WARN  util.ReferenceCountedLeakDetector (ReferenceCountedLeakDetector.java:logLeakMessage(167)) - LEAK: (class org.apache.ratis.proto.RaftProtos$AppendEntriesRequestProto, count=1, value=serverRequest {
  requestorId: "s7"
  replyId: "s8"
  raftGroupId {
    id: "\202F\320\347\233hC*\244cL\330{\005^:"
  }
  callId: 1421
}
leaderTerm: 1
previousLog {
  term: 1
  index: 54
}
entries {
  term: 1
  index: 55
  stateMachineLogEntry {
    logData: "\001\001a\000"
    clientId: "\352UGO\240\'E\342\217\226\016\315Ul\003\272"
    callId: 1419
  }
}
leaderCommit: 53
commitInfos {
  server {
    id: "s7"
    startupRole: FOLLOWER
  }
  commitIndex: 53
}
commitInfos {
  server {
    id: "s8"
    startupRole: FOLLOWER
  }
  commitIndex: 53
}
commitInfos {
  server {
    id: "s9"
    startupRole: FOLLOWER
  }
  commitIndex: 51
}
)
2024-10-31 03:28:34,502 WARN  util.ReferenceCountedLeakDetector (ReferenceCountedLeakDetector.java:logLeakMessage(167)) - LEAK: (class org.apache.ratis.proto.RaftProtos$LogEntryProto, count=1, value=term: 1
index: 72
metadataEntry {
  commitIndex: 71
}
)
2024-10-31 03:28:34,502 WARN  util.ReferenceCountedLeakDetector (ReferenceCountedLeakDetector.java:logLeakMessage(167)) - LEAK: (class org.apache.ratis.proto.RaftProtos$AppendEntriesRequestProto, count=1, value=serverRequest {
  requestorId: "s7"
  replyId: "s8"
  raftGroupId {
    id: "\202F\320\347\233hC*\244cL\330{\005^:"
  }
  callId: 1571
}
leaderTerm: 1
previousLog {
  term: 1
  index: 115
}
entries {
  term: 1
  index: 116
  metadataEntry {
    commitIndex: 115
  }
}
leaderCommit: 115
initializing: true
commitInfos {
  server {
    id: "s7"
    startupRole: FOLLOWER
  }
  commitIndex: 115
}
commitInfos {
  server {
    id: "s8"
    startupRole: FOLLOWER
  }
  commitIndex: 113
}
commitInfos {
  server {
    id: "s9"
    startupRole: FOLLOWER
  }
  commitIndex: 114
}
)
2024-10-31 03:28:34,502 WARN  util.ReferenceCountedLeakDetector (ReferenceCountedLeakDetector.java:logLeakMessage(167)) - LEAK: (class org.apache.ratis.protocol.RaftClientRequest, count=1, value=RaftClientRequest:client-0ECD556C03BA->s7@group-4CD87B055E3A, cid=1560, seq=null, RW, c = √(a^2 + b^2))
2024-10-31 03:28:34,502 WARN  util.ReferenceCountedLeakDetector (ReferenceCountedLeakDetector.java:logLeakMessage(167)) - LEAK: (class org.apache.ratis.proto.RaftProtos$AppendEntriesRequestProto, count=1, value=serverRequest {
  requestorId: "s7"
  replyId: "s8"
  raftGroupId {
    id: "\202F\320\347\233hC*\244cL\330{\005^:"
  }
  callId: 1474
}
leaderTerm: 1
previousLog {
  term: 1
  index: 75
}
entries {
  term: 1
  index: 76
  metadataEntry {
    commitIndex: 75
  }
}
leaderCommit: 75
commitInfos {
  server {
    id: "s7"
    startupRole: FOLLOWER
  }
  commitIndex: 75
}
commitInfos {
  server {
    id: "s8"
    startupRole: FOLLOWER
  }
  commitIndex: 73
}
commitInfos {
  server {
    id: "s9"
    startupRole: FOLLOWER
  }
  commitIndex: 73
}
)
2024-10-31 03:28:34,502 WARN  util.ReferenceCountedLeakDetector (ReferenceCountedLeakDetector.java:logLeakMessage(167)) - LEAK: (class org.apache.ratis.proto.RaftProtos$AppendEntriesRequestProto, count=1, value=serverRequest {
  requestorId: "s7"
  replyId: "s8"
  raftGroupId {
    id: "\202F\320\347\233hC*\244cL\330{\005^:"
  }
  callId: 1353
}
leaderTerm: 1
previousLog {
  term: 1
  index: 27
}
entries {
  term: 1
  index: 28
  metadataEntry {
    commitIndex: 27
  }
}
leaderCommit: 27
commitInfos {
  server {
    id: "s7"
    startupRole: FOLLOWER
  }
  commitIndex: 27
}
commitInfos {
  server {
    id: "s8"
    startupRole: FOLLOWER
  }
  commitIndex: 26
}
commitInfos {
  server {
    id: "s9"
    startupRole: FOLLOWER
  }
  commitIndex: 26
}
)
2024-10-31 03:28:34,502 WARN  util.ReferenceCountedLeakDetector (ReferenceCountedLeakDetector.java:logLeakMessage(167)) - LEAK: (class org.apache.ratis.protocol.RaftClientRequest, count=1, value=RaftClientRequest:client-0ECD556C03BA->s7@group-4CD87B055E3A, cid=1534, seq=null, RW, c = √(a^2 + b^2))
2024-10-31 03:28:34,502 WARN  util.ReferenceCountedLeakDetector (ReferenceCountedLeakDetector.java:logLeakMessage(167)) - LEAK: (class org.apache.ratis.proto.RaftProtos$AppendEntriesRequestProto, count=1, value=serverRequest {
  requestorId: "s7"
  replyId: "s8"
  raftGroupId {
    id: "\202F\320\347\233hC*\244cL\330{\005^:"
  }
  callId: 1482
}
leaderTerm: 1
previousLog {
  term: 1
  index: 78
}
entries {
  term: 1
  index: 79
  stateMachineLogEntry {
    logData: "\001\001a\000"
    clientId: "\352UGO\240\'E\342\217\226\016\315Ul\003\272"
    callId: 1479
  }
}
leaderCommit: 78
commitInfos {
  server {
    id: "s7"
    startupRole: FOLLOWER
  }
  commitIndex: 78
}
commitInfos {
  server {
    id: "s8"
    startupRole: FOLLOWER
  }
  commitIndex: 77
}
commitInfos {
  server {
    id: "s9"
    startupRole: FOLLOWER
  }
  commitIndex: 77
}
)
2024-10-31 03:28:34,502 WARN  util.ReferenceCountedLeakDetector (ReferenceCountedLeakDetector.java:logLeakMessage(167)) - LEAK: (class org.apache.ratis.proto.RaftProtos$AppendEntriesRequestProto, count=1, value=serverRequest {
  requestorId: "s7"
  replyId: "s8"
  raftGroupId {
    id: "\202F\320\347\233hC*\244cL\330{\005^:"
  }
  callId: 1377
}
leaderTerm: 1
previousLog {
  term: 1
  index: 36
}
entries {
  term: 1
  index: 37
  stateMachineLogEntry {
    logData: "\001\001a\002@V@\000\000\000\000\000"
    clientId: "\352UGO\240\'E\342\217\226\016\315Ul\003\272"
    callId: 1374
  }
}
leaderCommit: 36
commitInfos {
  server {
    id: "s7"
    startupRole: FOLLOWER
  }
  commitIndex: 36
}
commitInfos {
  server {
    id: "s8"
    startupRole: FOLLOWER
  }
  commitIndex: 35
}
commitInfos {
  server {
    id: "s9"
    startupRole: FOLLOWER
  }
  commitIndex: 35
}
)
2024-10-31 03:28:34,503 WARN  util.ReferenceCountedLeakDetector (ReferenceCountedLeakDetector.java:logLeakMessage(167)) - LEAK: (class org.apache.ratis.proto.RaftProtos$AppendEntriesRequestProto, count=1, value=serverRequest {
  requestorId: "s7"
  replyId: "s8"
  raftGroupId {
    id: "\202F\320\347\233hC*\244cL\330{\005^:"
  }
  callId: 1477
}
leaderTerm: 1
previousLog {
  term: 1
  index: 76
}
entries {
  term: 1
  index: 77
  stateMachineLogEntry {
    logData: "\001\001c\004\001\003\000\004\002\001\001a\004\002\001\001b"
    clientId: "\352UGO\240\'E\342\217\226\016\315Ul\003\272"
    callId: 1475
  }
}
leaderCommit: 76
commitInfos {
  server {
    id: "s7"
    startupRole: FOLLOWER
  }
  commitIndex: 76
}
commitInfos {
  server {
    id: "s8"
    startupRole: FOLLOWER
  }
  commitIndex: 75
}
commitInfos {
  server {
    id: "s9"
    startupRole: FOLLOWER
  }
  commitIndex: 76
}
)
2024-10-31 03:28:34,503 WARN  util.ReferenceCountedLeakDetector (ReferenceCountedLeakDetector.java:logLeakMessage(167)) - LEAK: (class org.apache.ratis.protocol.RaftClientRequest, count=1, value=RaftClientRequest:client-0ECD556C03BA->s7@group-4CD87B055E3A, cid=1425, seq=null, RW, b = null)
2024-10-31 03:28:34,503 WARN  util.ReferenceCountedLeakDetector (ReferenceCountedLeakDetector.java:logLeakMessage(167)) - LEAK: (class org.apache.ratis.proto.RaftProtos$LogEntryProto, count=1, value=term: 1
index: 112
metadataEntry {
  commitIndex: 111
}
)
2024-10-31 03:28:34,503 WARN  util.ReferenceCountedLeakDetector (ReferenceCountedLeakDetector.java:logLeakMessage(167)) - LEAK: (class org.apache.ratis.proto.RaftProtos$LogEntryProto, count=1, value=term: 1
index: 50
metadataEntry {
  commitIndex: 49
}
)
2024-10-31 03:28:34,503 WARN  util.ReferenceCountedLeakDetector (ReferenceCountedLeakDetector.java:logLeakMessage(167)) - LEAK: (class org.apache.ratis.protocol.RaftClientRequest, count=1, value=RaftClientRequest:client-0ECD556C03BA->s7@group-4CD87B055E3A, cid=1300, seq=null, RW, a = null)
2024-10-31 03:28:34,503 WARN  util.ReferenceCountedLeakDetector (ReferenceCountedLeakDetector.java:logLeakMessage(167)) - LEAK: (class org.apache.ratis.proto.RaftProtos$LogEntryProto, count=1, value=term: 1
index: 86
metadataEntry {
  commitIndex: 85
}
)
2024-10-31 03:28:34,503 WARN  util.ReferenceCountedLeakDetector (ReferenceCountedLeakDetector.java:logLeakMessage(167)) - LEAK: (class org.apache.ratis.proto.RaftProtos$LogEntryProto, count=1, value=term: 1
index: 54
metadataEntry {
  commitIndex: 53
}
)
2024-10-31 03:28:34,504 WARN  util.ReferenceCountedLeakDetector (ReferenceCountedLeakDetector.java:logLeakMessage(167)) - LEAK: (class org.apache.ratis.proto.RaftProtos$AppendEntriesRequestProto, count=1, value=serverRequest {
  requestorId: "s7"
  replyId: "s8"
  raftGroupId {
    id: "\202F\320\347\233hC*\244cL\330{\005^:"
  }
  callId: 1401
}
leaderTerm: 1
previousLog {
  term: 1
  index: 46
}
entries {
  term: 1
  index: 47
  stateMachineLogEntry {
    logData: "\001\001c\000"
    clientId: "\352UGO\240\'E\342\217\226\016\315Ul\003\272"
    callId: 1399
  }
}
leaderCommit: 46
commitInfos {
  server {
    id: "s7"
    startupRole: FOLLOWER
  }
  commitIndex: 46
}
commitInfos {
  server {
    id: "s8"
    startupRole: FOLLOWER
  }
  commitIndex: 45
}
commitInfos {
  server {
    id: "s9"
    startupRole: FOLLOWER
  }
  commitIndex: 45
}
)
2024-10-31 03:28:34,504 WARN  util.ReferenceCountedLeakDetector (ReferenceCountedLeakDetector.java:logLeakMessage(167)) - LEAK: (class org.apache.ratis.proto.RaftProtos$AppendEntriesRequestProto, count=1, value=serverRequest {
  requestorId: "s7"
  replyId: "s8"
  raftGroupId {
    id: "\202F\320\347\233hC*\244cL\330{\005^:"
  }
  callId: 1414
}
leaderTerm: 1
previousLog {
  term: 1
  index: 51
}
entries {
  term: 1
  index: 52
  metadataEntry {
    commitIndex: 51
  }
}
leaderCommit: 51
commitInfos {
  server {
    id: "s7"
    startupRole: FOLLOWER
  }
  commitIndex: 51
}
commitInfos {
  server {
    id: "s8"
    startupRole: FOLLOWER
  }
  commitIndex: 49
}
commitInfos {
  server {
    id: "s9"
    startupRole: FOLLOWER
  }
  commitIndex: 49
}
)
2024-10-31 03:28:34,504 WARN  util.ReferenceCountedLeakDetector (ReferenceCountedLeakDetector.java:logLeakMessage(167)) - LEAK: (class org.apache.ratis.protocol.RaftClientRequest, count=1, value=RaftClientRequest:client-0ECD556C03BA->s7@group-4CD87B055E3A, cid=1510, seq=null, RW, a = null)
2024-10-31 03:28:34,504 WARN  util.ReferenceCountedLeakDetector (ReferenceCountedLeakDetector.java:logLeakMessage(167)) - LEAK: (class org.apache.ratis.proto.RaftProtos$LogEntryProto, count=1, value=term: 1
index: 28
metadataEntry {
  commitIndex: 27
}
)
2024-10-31 03:28:34,504 WARN  util.ReferenceCountedLeakDetector (ReferenceCountedLeakDetector.java:logLeakMessage(167)) - LEAK: (class org.apache.ratis.proto.RaftProtos$LogEntryProto, count=1, value=term: 1
index: 30
metadataEntry {
  commitIndex: 29
}
)
2024-10-31 03:28:34,504 WARN  util.ReferenceCountedLeakDetector (ReferenceCountedLeakDetector.java:logLeakMessage(167)) - LEAK: (class org.apache.ratis.proto.RaftProtos$LogEntryProto, count=1, value=term: 1
index: 82
metadataEntry {
  commitIndex: 81
}
)
2024-10-31 03:28:34,504 WARN  util.ReferenceCountedLeakDetector (ReferenceCountedLeakDetector.java:logLeakMessage(167)) - LEAK: (class org.apache.ratis.protocol.RaftClientRequest, count=1, value=RaftClientRequest:client-0ECD556C03BA->s7@group-4CD87B055E3A, cid=1415, seq=null, RW, c = √(a^2 + b^2))
2024-10-31 03:28:34,505 WARN  util.ReferenceCountedLeakDetector (ReferenceCountedLeakDetector.java:logLeakMessage(167)) - LEAK: (class org.apache.ratis.proto.RaftProtos$AppendEntriesRequestProto, count=1, value=serverRequest {
  requestorId: "s7"
  replyId: "s8"
  raftGroupId {
    id: "\202F\320\347\233hC*\244cL\330{\005^:"
  }
  callId: 1403
}
leaderTerm: 1
previousLog {
  term: 1
  index: 47
}
entries {
  term: 1
  index: 48
  metadataEntry {
    commitIndex: 47
  }
}
leaderCommit: 47
commitInfos {
  server {
    id: "s7"
    startupRole: FOLLOWER
  }
  commitIndex: 47
}
commitInfos {
  server {
    id: "s8"
    startupRole: FOLLOWER
  }
  commitIndex: 46
}
commitInfos {
  server {
    id: "s9"
    startupRole: FOLLOWER
  }
  commitIndex: 45
}
)
2024-10-31 03:28:34,505 WARN  util.ReferenceCountedLeakDetector (ReferenceCountedLeakDetector.java:logLeakMessage(167)) - LEAK: (class org.apache.ratis.proto.RaftProtos$AppendEntriesRequestProto, count=1, value=serverRequest {
  requestorId: "s7"
  replyId: "s8"
  raftGroupId {
    id: "\202F\320\347\233hC*\244cL\330{\005^:"
  }
  callId: 1347
}
leaderTerm: 1
previousLog {
  term: 1
  index: 24
}
entries {
  term: 1
  index: 25
  stateMachineLogEntry {
    logData: "\001\001a\002@U\300\000\000\000\000\000"
    clientId: "\352UGO\240\'E\342\217\226\016\315Ul\003\272"
    callId: 1344
  }
}
leaderCommit: 24
commitInfos {
  server {
    id: "s7"
    startupRole: FOLLOWER
  }
  commitIndex: 24
}
commitInfos {
  server {
    id: "s8"
    startupRole: FOLLOWER
  }
  commitIndex: 23
}
commitInfos {
  server {
    id: "s9"
    startupRole: FOLLOWER
  }
  commitIndex: 23
}
)
2024-10-31 03:28:34,505 WARN  util.ReferenceCountedLeakDetector (ReferenceCountedLeakDetector.java:logLeakMessage(167)) - LEAK: (class org.apache.ratis.proto.RaftProtos$AppendEntriesRequestProto, count=1, value=serverRequest {
  requestorId: "s7"
  replyId: "s8"
  raftGroupId {
    id: "\202F\320\347\233hC*\244cL\330{\005^:"
  }
  callId: 1480
}
leaderTerm: 1
previousLog {
  term: 1
  index: 77
}
entries {
  term: 1
  index: 78
  metadataEntry {
    commitIndex: 77
  }
}
leaderCommit: 77
commitInfos {
  server {
    id: "s7"
    startupRole: FOLLOWER
  }
  commitIndex: 77
}
commitInfos {
  server {
    id: "s8"
    startupRole: FOLLOWER
  }
  commitIndex: 76
}
commitInfos {
  server {
    id: "s9"
    startupRole: FOLLOWER
  }
  commitIndex: 76
}
)
2024-10-31 03:28:34,505 WARN  util.ReferenceCountedLeakDetector (ReferenceCountedLeakDetector.java:logLeakMessage(167)) - LEAK: (class org.apache.ratis.protocol.RaftClientRequest, count=1, value=RaftClientRequest:client-0ECD556C03BA->s7@group-4CD87B055E3A, cid=1321, seq=null, RW, b = 3612)
2024-10-31 03:28:34,505 WARN  util.ReferenceCountedLeakDetector (ReferenceCountedLeakDetector.java:logLeakMessage(167)) - LEAK: (class org.apache.ratis.proto.RaftProtos$LogEntryProto, count=1, value=term: 1
index: 120
metadataEntry {
  commitIndex: 119
}
)
2024-10-31 03:28:34,505 WARN  util.ReferenceCountedLeakDetector (ReferenceCountedLeakDetector.java:logLeakMessage(167)) - LEAK: (class org.apache.ratis.proto.RaftProtos$AppendEntriesRequestProto, count=1, value=serverRequest {
  requestorId: "s7"
  replyId: "s8"
  raftGroupId {
    id: "\202F\320\347\233hC*\244cL\330{\005^:"
  }
  callId: 1509
}
leaderTerm: 1
previousLog {
  term: 1
  index: 89
}
entries {
  term: 1
  index: 90
  metadataEntry {
    commitIndex: 89
  }
}
leaderCommit: 89
commitInfos {
  server {
    id: "s7"
    startupRole: FOLLOWER
  }
  commitIndex: 89
}
commitInfos {
  server {
    id: "s8"
    startupRole: FOLLOWER
  }
  commitIndex: 88
}
commitInfos {
  server {
    id: "s9"
    startupRole: FOLLOWER
  }
  commitIndex: 88
}
)
2024-10-31 03:28:34,505 WARN  util.ReferenceCountedLeakDetector (ReferenceCountedLeakDetector.java:logLeakMessage(167)) - LEAK: (class org.apache.ratis.proto.RaftProtos$LogEntryProto, count=1, value=term: 1
index: 32
metadataEntry {
  commitIndex: 31
}
)
2024-10-31 03:28:34,506 WARN  util.ReferenceCountedLeakDetector (ReferenceCountedLeakDetector.java:logLeakMessage(167)) - LEAK: (class org.apache.ratis.proto.RaftProtos$LogEntryProto, count=1, value=term: 1
index: 58
metadataEntry {
  commitIndex: 57
}
)
2024-10-31 03:28:34,506 WARN  util.ReferenceCountedLeakDetector (ReferenceCountedLeakDetector.java:logLeakMessage(167)) - LEAK: (class org.apache.ratis.proto.RaftProtos$LogEntryProto, count=1, value=term: 1
index: 10
metadataEntry {
  commitIndex: 9
}
)
2024-10-31 03:28:34,506 WARN  util.ReferenceCountedLeakDetector (ReferenceCountedLeakDetector.java:logLeakMessage(167)) - LEAK: (class org.apache.ratis.proto.RaftProtos$LogEntryProto, count=1, value=term: 1
index: 38
metadataEntry {
  commitIndex: 37
}
)
2024-10-31 03:28:34,506 WARN  util.ReferenceCountedLeakDetector (ReferenceCountedLeakDetector.java:logLeakMessage(167)) - LEAK: (class org.apache.ratis.proto.RaftProtos$AppendEntriesRequestProto, count=1, value=serverRequest {
  requestorId: "s7"
  replyId: "s8"
  raftGroupId {
    id: "\202F\320\347\233hC*\244cL\330{\005^:"
  }
  callId: 1388
}
leaderTerm: 1
previousLog {
  term: 1
  index: 41
}
entries {
  term: 1
  index: 42
  metadataEntry {
    commitIndex: 41
  }
}
leaderCommit: 41
commitInfos {
  server {
    id: "s7"
    startupRole: FOLLOWER
  }
  commitIndex: 41
}
commitInfos {
  server {
    id: "s8"
    startupRole: FOLLOWER
  }
  commitIndex: 40
}
commitInfos {
  server {
    id: "s9"
    startupRole: FOLLOWER
  }
  commitIndex: 39
}
)
2024-10-31 03:28:34,506 WARN  util.ReferenceCountedLeakDetector (ReferenceCountedLeakDetector.java:logLeakMessage(167)) - LEAK: (class org.apache.ratis.protocol.RaftClientRequest, count=1, value=RaftClientRequest:client-0ECD556C03BA->s7@group-4CD87B055E3A, cid=1572, seq=null, RW, b = null)
2024-10-31 03:28:34,506 WARN  util.ReferenceCountedLeakDetector (ReferenceCountedLeakDetector.java:logLeakMessage(167)) - LEAK: (class org.apache.ratis.protocol.RaftClientRequest, count=1, value=RaftClientRequest:client-0ECD556C03BA->s7@group-4CD87B055E3A, cid=1495, seq=null, RW, a = 97)
2024-10-31 03:28:34,506 WARN  util.ReferenceCountedLeakDetector (ReferenceCountedLeakDetector.java:logLeakMessage(167)) - LEAK: (class org.apache.ratis.protocol.RaftClientRequest, count=1, value=RaftClientRequest:client-0ECD556C03BA->s7@group-4CD87B055E3A, cid=1430, seq=null, RW, c = null)
2024-10-31 03:28:34,506 WARN  util.ReferenceCountedLeakDetector (ReferenceCountedLeakDetector.java:logLeakMessage(167)) - LEAK: (class org.apache.ratis.proto.RaftProtos$AppendEntriesRequestProto, count=1, value=serverRequest {
  requestorId: "s7"
  replyId: "s8"
  raftGroupId {
    id: "\202F\320\347\233hC*\244cL\330{\005^:"
  }
  callId: 1494
}
leaderTerm: 1
previousLog {
  term: 1
  index: 83
}
entries {
  term: 1
  index: 84
  metadataEntry {
    commitIndex: 83
  }
}
leaderCommit: 83
commitInfos {
  server {
    id: "s7"
    startupRole: FOLLOWER
  }
  commitIndex: 83
}
commitInfos {
  server {
    id: "s8"
    startupRole: FOLLOWER
  }
  commitIndex: 82
}
commitInfos {
  server {
    id: "s9"
    startupRole: FOLLOWER
  }
  commitIndex: 82
}
)
2024-10-31 03:28:34,507 WARN  util.ReferenceCountedLeakDetector (ReferenceCountedLeakDetector.java:logLeakMessage(167)) - LEAK: (class org.apache.ratis.proto.RaftProtos$AppendEntriesRequestProto, count=1, value=serverRequest {
  requestorId: "s7"
  replyId: "s8"
  raftGroupId {
    id: "\202F\320\347\233hC*\244cL\330{\005^:"
  }
  callId: 1441
}
leaderTerm: 1
previousLog {
  term: 1
  index: 62
}
entries {
  term: 1
  index: 63
  stateMachineLogEntry {
    logData: "\001\001b\002@\260\344\000\000\000\000\000"
    clientId: "\352UGO\240\'E\342\217\226\016\315Ul\003\272"
    callId: 1440
  }
}
leaderCommit: 62
commitInfos {
  server {
    id: "s7"
    startupRole: FOLLOWER
  }
  commitIndex: 62
}
commitInfos {
  server {
    id: "s8"
    startupRole: FOLLOWER
  }
  commitIndex: 61
}
commitInfos {
  server {
    id: "s9"
    startupRole: FOLLOWER
  }
  commitIndex: 61
}
)
2024-10-31 03:28:34,507 WARN  util.ReferenceCountedLeakDetector (ReferenceCountedLeakDetector.java:logLeakMessage(167)) - LEAK: (class org.apache.ratis.protocol.RaftClientRequest, count=1, value=RaftClientRequest:client-0ECD556C03BA->s7@group-4CD87B055E3A, cid=1577, seq=null, RW, c = null)
2024-10-31 03:28:34,507 WARN  util.ReferenceCountedLeakDetector (ReferenceCountedLeakDetector.java:logLeakMessage(167)) - LEAK: (class org.apache.ratis.protocol.RaftClientRequest, count=1, value=RaftClientRequest:client-0ECD556C03BA->s7@group-4CD87B055E3A, cid=1465, seq=null, RW, a = 95)
2024-10-31 03:28:34,507 WARN  util.ReferenceCountedLeakDetector (ReferenceCountedLeakDetector.java:logLeakMessage(167)) - LEAK: (class org.apache.ratis.proto.RaftProtos$AppendEntriesRequestProto, count=1, value=serverRequest {
  requestorId: "s7"
  replyId: "s8"
  raftGroupId {
    id: "\202F\320\347\233hC*\244cL\330{\005^:"
  }
  callId: 1557
}
leaderTerm: 1
previousLog {
  term: 1
  index: 110
}
entries {
  term: 1
  index: 111
  stateMachineLogEntry {
    logData: "\001\001b\002@\263\354\000\000\000\000\000"
    clientId: "\352UGO\240\'E\342\217\226\016\315Ul\003\272"
    callId: 1556
  }
}
leaderCommit: 110
initializing: true
commitInfos {
  server {
    id: "s7"
    startupRole: FOLLOWER
  }
  commitIndex: 110
}
commitInfos {
  server {
    id: "s8"
    startupRole: FOLLOWER
  }
  commitIndex: 109
}
commitInfos {
  server {
    id: "s9"
    startupRole: FOLLOWER
  }
  commitIndex: 108
}
)
2024-10-31 03:28:34,507 WARN  util.ReferenceCountedLeakDetector (ReferenceCountedLeakDetector.java:logLeakMessage(167)) - LEAK: (class org.apache.ratis.proto.RaftProtos$AppendEntriesRequestProto, count=1, value=serverRequest {
  requestorId: "s7"
  replyId: "s8"
  raftGroupId {
    id: "\202F\320\347\233hC*\244cL\330{\005^:"
  }
  callId: 1336
}
leaderTerm: 1
previousLog {
  term: 1
  index: 20
}
entries {
  term: 1
  index: 21
  stateMachineLogEntry {
    logData: "\001\001b\000"
    clientId: "\352UGO\240\'E\342\217\226\016\315Ul\003\272"
    callId: 1335
  }
}
leaderCommit: 20
commitInfos {
  server {
    id: "s7"
    startupRole: FOLLOWER
  }
  commitIndex: 20
}
commitInfos {
  server {
    id: "s8"
    startupRole: FOLLOWER
  }
  commitIndex: 19
}
commitInfos {
  server {
    id: "s9"
    startupRole: FOLLOWER
  }
  commitIndex: 17
}
)
2024-10-31 03:28:34,507 WARN  util.ReferenceCountedLeakDetector (ReferenceCountedLeakDetector.java:logLeakMessage(167)) - LEAK: (class org.apache.ratis.proto.RaftProtos$AppendEntriesRequestProto, count=1, value=serverRequest {
  requestorId: "s7"
  replyId: "s8"
  raftGroupId {
    id: "\202F\320\347\233hC*\244cL\330{\005^:"
  }
  callId: 1502
}
leaderTerm: 1
previousLog {
  term: 1
  index: 86
}
entries {
  term: 1
  index: 87
  stateMachineLogEntry {
    logData: "\001\001b\002@\262`\000\000\000\000\000"
    clientId: "\352UGO\240\'E\342\217\226\016\315Ul\003\272"
    callId: 1499
  }
}
leaderCommit: 86
commitInfos {
  server {
    id: "s7"
    startupRole: FOLLOWER
  }
  commitIndex: 86
}
commitInfos {
  server {
    id: "s8"
    startupRole: FOLLOWER
  }
  commitIndex: 85
}
commitInfos {
  server {
    id: "s9"
    startupRole: FOLLOWER
  }
  commitIndex: 85
}
)
2024-10-31 03:28:34,507 WARN  util.ReferenceCountedLeakDetector (ReferenceCountedLeakDetector.java:logLeakMessage(167)) - LEAK: (class org.apache.ratis.proto.RaftProtos$LogEntryProto, count=1, value=term: 1
index: 34
metadataEntry {
  commitIndex: 33
}
)
2024-10-31 03:28:34,508 WARN  util.ReferenceCountedLeakDetector (ReferenceCountedLeakDetector.java:logLeakMessage(167)) - LEAK: (class org.apache.ratis.protocol.RaftClientRequest, count=1, value=RaftClientRequest:client-0ECD556C03BA->s7@group-4CD87B055E3A, cid=1293, seq=null, RW, b = 3444)
2024-10-31 03:28:34,508 WARN  util.ReferenceCountedLeakDetector (ReferenceCountedLeakDetector.java:logLeakMessage(167)) - LEAK: (class org.apache.ratis.proto.RaftProtos$AppendEntriesRequestProto, count=1, value=serverRequest {
  requestorId: "s7"
  replyId: "s8"
  raftGroupId {
    id: "\202F\320\347\233hC*\244cL\330{\005^:"
  }
  callId: 1299
}
leaderTerm: 1
previousLog {
  term: 1
  index: 4
}
entries {
  term: 1
  index: 5
  stateMachineLogEntry {
    logData: "\001\001c\004\001\003\000\004\002\001\001a\004\002\001\001b"
    clientId: "\352UGO\240\'E\342\217\226\016\315Ul\003\272"
    callId: 1297
  }
}
leaderCommit: 3
commitInfos {
  server {
    id: "s7"
    startupRole: FOLLOWER
  }
  commitIndex: 3
}
commitInfos {
  server {
    id: "s8"
    startupRole: FOLLOWER
  }
  commitIndex: 3
}
commitInfos {
  server {
    id: "s9"
    startupRole: FOLLOWER
  }
  commitIndex: 2
}
)
2024-10-31 03:28:34,508 WARN  util.ReferenceCountedLeakDetector (ReferenceCountedLeakDetector.java:logLeakMessage(167)) - LEAK: (class org.apache.ratis.proto.RaftProtos$AppendEntriesRequestProto, count=1, value=serverRequest {
  requestorId: "s7"
  replyId: "s8"
  raftGroupId {
    id: "\202F\320\347\233hC*\244cL\330{\005^:"
  }
  callId: 1466
}
leaderTerm: 1
previousLog {
  term: 1
  index: 72
}
entries {
  term: 1
  index: 73
  stateMachineLogEntry {
    logData: "\001\001a\002@W\300\000\000\000\000\000"
    clientId: "\352UGO\240\'E\342\217\226\016\315Ul\003\272"
    callId: 1465
  }
}
leaderCommit: 72
commitInfos {
  server {
    id: "s7"
    startupRole: FOLLOWER
  }
  commitIndex: 72
}
commitInfos {
  server {
    id: "s8"
    startupRole: FOLLOWER
  }
  commitIndex: 71
}
commitInfos {
  server {
    id: "s9"
    startupRole: FOLLOWER
  }
  commitIndex: 71
}
)
2024-10-31 03:28:34,508 WARN  util.ReferenceCountedLeakDetector (ReferenceCountedLeakDetector.java:logLeakMessage(167)) - LEAK: (class org.apache.ratis.proto.RaftProtos$AppendEntriesRequestProto, count=1, value=serverRequest {
  requestorId: "s7"
  replyId: "s8"
  raftGroupId {
    id: "\202F\320\347\233hC*\244cL\330{\005^:"
  }
  callId: 1446
}
leaderTerm: 1
previousLog {
  term: 1
  index: 64
}
entries {
  term: 1
  index: 65
  stateMachineLogEntry {
    logData: "\001\001c\004\001\003\000\004\002\001\001a\004\002\001\001b"
    clientId: "\352UGO\240\'E\342\217\226\016\315Ul\003\272"
    callId: 1445
  }
}
leaderCommit: 63
commitInfos {
  server {
    id: "s7"
    startupRole: FOLLOWER
  }
  commitIndex: 63
}
commitInfos {
  server {
    id: "s8"
    startupRole: FOLLOWER
  }
  commitIndex: 63
}
commitInfos {
  server {
    id: "s9"
    startupRole: FOLLOWER
  }
  commitIndex: 63
}
)
2024-10-31 03:28:34,508 WARN  util.ReferenceCountedLeakDetector (ReferenceCountedLeakDetector.java:logLeakMessage(167)) - LEAK: (class org.apache.ratis.proto.RaftProtos$AppendEntriesRequestProto, count=-1, value=serverRequest {
  requestorId: "s7"
  replyId: "s1"
  raftGroupId {
    id: "\202F\320\347\233hC*\244cL\330{\005^:"
  }
  callId: 1988
}
leaderTerm: 1
entries {
  term: 1
  configurationEntry {
    peers {
      id: "s7"
      startupRole: FOLLOWER
    }
    peers {
      id: "s8"
      startupRole: FOLLOWER
    }
    peers {
      id: "s9"
      startupRole: FOLLOWER
    }
  }
}
entries {
  term: 1
  index: 1
  stateMachineLogEntry {
    logData: "\001\001a\002@T\300\000\000\000\000\000"
    clientId: "\352UGO\240\'E\342\217\226\016\315Ul\003\272"
    callId: 1286
  }
}
entries {
  term: 1
  index: 2
  metadataEntry {
    commitIndex: 1
  }
}
entries {
  term: 1
  index: 3
  stateMachineLogEntry {
    logData: "\001\001b\002@\252\350\000\000\000\000\000"
    clientId: "\352UGO\240\'E\342\217\226\016\315Ul\003\272"
    callId: 1293
  }
}
entries {
  term: 1
  index: 4
  metadataEntry {
    commitIndex: 3
  }
}
entries {
  term: 1
  index: 5
  stateMachineLogEntry {
    logData: "\001\001c\004\001\003\000\004\002\001\001a\004\002\001\001b"
    clientId: "\352UGO\240\'E\342\217\226\016\315Ul\003\272"
    callId: 1297
  }
}
entries {
  term: 1
  index: 6
  metadataEntry {
    commitIndex: 5
  }
}
entries {
  term: 1
  index: 7
  stateMachineLogEntry {
    logData: "\001\001a\000"
    clientId: "\352UGO\240\'E\342\217\226\016\315Ul\003\272"
    callId: 1300
  }
}
entries {
  term: 1
  index: 8
  metadataEntry {
    commitIndex: 7
  }
}
entries {
  term: 1
  index: 9
  stateMachineLogEntry {
    logData: "\001\001b\000"
    clientId: "\352UGO\240\'E\342\217\226\016\315Ul\003\272"
    callId: 1306
  }
}
entries {
  term: 1
  index: 10
  metadataEntry {
    commitIndex: 9
  }
}
entries {
  term: 1
  index: 11
  stateMachineLogEntry {
    logData: "\001\001c\000"
    clientId: "\352UGO\240\'E\342\217\226\016\315Ul\003\272"
    callId: 1311
  }
}
entries {
  term: 1
  index: 12
  metadataEntry {
    commitIndex: 11
  }
}
entries {
  term: 1
  index: 13
  stateMachineLogEntry {
    logData: "\001\001a\002@U@\000\000\000\000\000"
    clientId: "\352UGO\240\'E\342\217\226\016\315Ul\003\272"
    callId: 1316
  }
}
entries {
  term: 1
  index: 14
  metadataEntry {
    commitIndex: 13
  }
}
entries {
  term: 1
  index: 15
  stateMachineLogEntry {
    logData: "\001\001b\002@\2548\000\000\000\000\000"
    clientId: "\352UGO\240\'E\342\217\226\016\315Ul\003\272"
    callId: 1321
  }
}
entries {
  term: 1
  index: 16
  metadataEntry {
    commitIndex: 15
  }
}
entries {
  term: 1
  index: 17
  stateMachineLogEntry {
    logData: "\001\001c\004\001\003\000\004\002\001\001a\004\002\001\001b"
    clientId: "\352UGO\240\'E\342\217\226\016\315Ul\003\272"
    callId: 1326
  }
}
entries {
  term: 1
  index: 18
  metadataEntry {
    commitIndex: 17
  }
}
entries {
  term: 1
  index: 19
  stateMachineLogEntry {
    logData: "\001\001a\000"
    clientId: "\352UGO\240\'E\342\217\226\016\315Ul\003\272"
    callId: 1331
  }
}
entries {
  term: 1
  index: 20
  metadataEntry {
    commitIndex: 19
  }
}
entries {
  term: 1
  index: 21
  stateMachineLogEntry {
    logData: "\001\001b\000"
    clientId: "\352UGO\240\'E\342\217\226\016\315Ul\003\272"
    callId: 1335
  }
}
entries {
  term: 1
  index: 22
  metadataEntry {
    commitIndex: 21
  }
}
entries {
  term: 1
  index: 23
  stateMachineLogEntry {
    logData: "\001\001c\000"
    clientId: "\352UGO\240\'E\342\217\226\016\315Ul\003\272"
    callId: 1340
  }
}
entries {
  term: 1
  index: 24
  metadataEntry {
    commitIndex: 23
  }
}
entries {
  term: 1
  index: 25
  stateMachineLogEntry {
    logData: "\001\001a\002@U\300\000\000\000\000\000"
    clientId: "\352UGO\240\'E\342\217\226\016\315Ul\003\272"
    callId: 1344
  }
}
entries {
  term: 1
  index: 26
  metadataEntry {
    commitIndex: 25
  }
}
entries {
  term: 1
  index: 27
  stateMachineLogEntry {
    logData: "\001\001b\002@\255\220\000\000\000\000\000"
    clientId: "\352UGO\240\'E\342\217\226\016\315Ul\003\272"
    callId: 1350
  }
}
entries {
  term: 1
  index: 28
  metadataEntry {
    commitIndex: 27
  }
}
entries {
  term: 1
  index: 29
  stateMachineLogEntry {
    logData: "\001\001c\004\001\003\000\004\002\001\001a\004\002\001\001b"
    clientId: "\352UGO\240\'E\342\217\226\016\315Ul\003\272"
    callId: 1355
  }
}
entries {
  term: 1
  index: 30
  metadataEntry {
    commitIndex: 29
  }
}
entries {
  term: 1
  index: 31
  stateMachineLogEntry {
    logData: "\001\001a\000"
    clientId: "\352UGO\240\'E\342\217\226\016\315Ul\003\272"
    callId: 1360
  }
}
entries {
  term: 1
  index: 32
  metadataEntry {
    commitIndex: 31
  }
}
entries {
  term: 1
  index: 33
  stateMachineLogEntry {
    logData: "\001\001b\000"
    clientId: "\352UGO\240\'E\342\217\226\016\315Ul\003\272"
    callId: 1364
  }
}
entries {
  term: 1
  index: 34
  metadataEntry {
    commitIndex: 33
  }
}
entries {
  term: 1
  index: 35
  stateMachineLogEntry {
    logData: "\001\001c\000"
    clientId: "\352UGO\240\'E\342\217\226\016\315Ul\003\272"
    callId: 1369
  }
}
entries {
  term: 1
  index: 36
  metadataEntry {
    commitIndex: 35
  }
}
entries {
  term: 1
  index: 37
  stateMachineLogEntry {
    logData: "\001\001a\002@V@\000\000\000\000\000"
    clientId: "\352UGO\240\'E\342\217\226\016\315Ul\003\272"
    callId: 1374
  }
}
entries {
  term: 1
  index: 38
  metadataEntry {
    commitIndex: 37
  }
}
entries {
  term: 1
  index: 39
  stateMachineLogEntry {
    logData: "\001\001b\002@\256\360\000\000\000\000\000"
    clientId: "\352UGO\240\'E\342\217\226\016\315Ul\003\272"
    callId: 1380
  }
}
entries {
  term: 1
  index: 40
  metadataEntry {
    commitIndex: 39
  }
}
entries {
  term: 1
  index: 41
  stateMachineLogEntry {
    logData: "\001\001c\004\001\003\000\004\002\001\001a\004\002\001\001b"
    clientId: "\352UGO\240\'E\342\217\226\016\315Ul\003\272"
    callId: 1384
  }
}
entries {
  term: 1
  index: 42
  metadataEntry {
    commitIndex: 41
  }
}
entries {
  term: 1
  index: 43
  stateMachineLogEntry {
    logData: "\001\001a\000"
    clientId: "\352UGO\240\'E\342\217\226\016\315Ul\003\272"
    callId: 1390
  }
}
entries {
  term: 1
  index: 44
  metadataEntry {
    commitIndex: 43
  }
}
entries {
  term: 1
  index: 45
  stateMachineLogEntry {
    logData: "\001\001b\000"
    clientId: "\352UGO\240\'E\342\217\226\016\315Ul\003\272"
    callId: 1395
  }
}
entries {
  term: 1
  index: 46
  metadataEntry {
    commitIndex: 45
  }
}
entries {
  term: 1
  index: 47
  stateMachineLogEntry {
    logData: "\001\001c\000"
    clientId: "\352UGO\240\'E\342\217\226\016\315Ul\003\272"
    callId: 1399
  }
}
entries {
  term: 1
  index: 48
  metadataEntry {
    commitIndex: 47
  }
}
entries {
  term: 1
  index: 49
  stateMachineLogEntry {
    logData: "\001\001a\002@V\300\000\000\000\000\000"
    clientId: "\352UGO\240\'E\342\217\226\016\315Ul\003\272"
    callId: 1404
  }
}
entries {
  term: 1
  index: 50
  metadataEntry {
    commitIndex: 49
  }
}
entries {
  term: 1
  index: 51
  stateMachineLogEntry {
    logData: "\001\001b\002@\260,\000\000\000\000\000"
    clientId: "\352UGO\240\'E\342\217\226\016\315Ul\003\272"
    callId: 1409
  }
}
entries {
  term: 1
  index: 52
  metadataEntry {
    commitIndex: 51
  }
}
entries {
  term: 1
  index: 53
  stateMachineLogEntry {
    logData: "\001\001c\004\001\003\000\004\002\001\001a\004\002\001\001b"
    clientId: "\352UGO\240\'E\342\217\226\016\315Ul\003\272"
    callId: 1415
  }
}
entries {
  term: 1
  index: 54
  metadataEntry {
    commitIndex: 53
  }
}
entries {
  term: 1
  index: 55
  stateMachineLogEntry {
    logData: "\001\001a\000"
    clientId: "\352UGO\240\'E\342\217\226\016\315Ul\003\272"
    callId: 1419
  }
}
entries {
  term: 1
  index: 56
  metadataEntry {
    commitIndex: 55
  }
}
entries {
  term: 1
  index: 57
  stateMachineLogEntry {
    logData: "\001\001b\000"
    clientId: "\352UGO\240\'E\342\217\226\016\315Ul\003\272"
    callId: 1425
  }
}
entries {
  term: 1
  index: 58
  metadataEntry {
    commitIndex: 57
  }
}
entries {
  term: 1
  index: 59
  stateMachineLogEntry {
    logData: "\001\001c\000"
    clientId: "\352UGO\240\'E\342\217\226\016\315Ul\003\272"
    callId: 1430
  }
}
entries {
  term: 1
  index: 60
  metadataEntry {
    commitIndex: 59
  }
}
entries {
  term: 1
  index: 61
  stateMachineLogEntry {
    logData: "\001\001a\002@W@\000\000\000\000\000"
    clientId: "\352UGO\240\'E\342\217\226\016\315Ul\003\272"
    callId: 1435
  }
}
entries {
  term: 1
  index: 62
  metadataEntry {
    commitIndex: 61
  }
}
entries {
  term: 1
  index: 63
  stateMachineLogEntry {
    logData: "\001\001b\002@\260\344\000\000\000\000\000"
    clientId: "\352UGO\240\'E\342\217\226\016\315Ul\003\272"
    callId: 1440
  }
}
entries {
  term: 1
  index: 64
  metadataEntry {
    commitIndex: 63
  }
}
entries {
  term: 1
  index: 65
  stateMachineLogEntry {
    logData: "\001\001c\004\001\003\000\004\002\001\001a\004\002\001\001b"
    clientId: "\352UGO\240\'E\342\217\226\016\315Ul\003\272"
    callId: 1445
  }
}
entries {
  term: 1
  index: 66
  metadataEntry {
    commitIndex: 65
  }
}
entries {
  term: 1
  index: 67
  stateMachineLogEntry {
    logData: "\001\001a\000"
    clientId: "\352UGO\240\'E\342\217\226\016\315Ul\003\272"
    callId: 1450
  }
}
entries {
  term: 1
  index: 68
  metadataEntry {
    commitIndex: 67
  }
}
entries {
  term: 1
  index: 69
  stateMachineLogEntry {
    logData: "\001\001b\000"
    clientId: "\352UGO\240\'E\342\217\226\016\315Ul\003\272"
    callId: 1455
  }
}
entries {
  term: 1
  index: 70
  metadataEntry {
    commitIndex: 69
  }
}
entries {
  term: 1
  index: 71
  stateMachineLogEntry {
    logData: "\001\001c\000"
    clientId: "\352UGO\240\'E\342\217\226\016\315Ul\003\272"
    callId: 1459
  }
}
entries {
  term: 1
  index: 72
  metadataEntry {
    commitIndex: 71
  }
}
entries {
  term: 1
  index: 73
  stateMachineLogEntry {
    logData: "\001\001a\002@W\300\000\000\000\000\000"
    clientId: "\352UGO\240\'E\342\217\226\016\315Ul\003\272"
    callId: 1465
  }
}
entries {
  term: 1
  index: 74
  metadataEntry {
    commitIndex: 73
  }
}
entries {
  term: 1
  index: 75
  stateMachineLogEntry {
    logData: "\001\001b\002@\261\240\000\000\000\000\000"
    clientId: "\352UGO\240\'E\342\217\226\016\315Ul\003\272"
    callId: 1469
  }
}
entries {
  term: 1
  index: 76
  metadataEntry {
    commitIndex: 75
  }
}
entries {
  term: 1
  index: 77
  stateMachineLogEntry {
    logData: "\001\001c\004\001\003\000\004\002\001\001a\004\002\001\001b"
    clientId: "\352UGO\240\'E\342\217\226\016\315Ul\003\272"
    callId: 1475
  }
}
entries {
  term: 1
  index: 78
  metadataEntry {
    commitIndex: 77
  }
}
entries {
  term: 1
  index: 79
  stateMachineLogEntry {
    logData: "\001\001a\000"
    clientId: "\352UGO\240\'E\342\217\226\016\315Ul\003\272"
    callId: 1479
  }
}
entries {
  term: 1
  index: 80
  metadataEntry {
    commitIndex: 79
  }
}
entries {
  term: 1
  index: 81
  stateMachineLogEntry {
    logData: "\001\001b\000"
    clientId: "\352UGO\240\'E\342\217\226\016\315Ul\003\272"
    callId: 1485
  }
}
entries {
  term: 1
  index: 82
  metadataEntry {
    commitIndex: 81
  }
}
entries {
  term: 1
  index: 83
  stateMachineLogEntry {
    logData: "\001\001c\000"
    clientId: "\352UGO\240\'E\342\217\226\016\315Ul\003\272"
    callId: 1490
  }
}
entries {
  term: 1
  index: 84
  metadataEntry {
    commitIndex: 83
  }
}
entries {
  term: 1
  index: 85
  stateMachineLogEntry {
    logData: "\001\001a\002@X@\000\000\000\000\000"
    clientId: "\352UGO\240\'E\342\217\226\016\315Ul\003\272"
    callId: 1495
  }
}
entries {
  term: 1
  index: 86
  metadataEntry {
    commitIndex: 85
  }
}
entries {
  term: 1
  index: 87
  stateMachineLogEntry {
    logData: "\001\001b\002@\262`\000\000\000\000\000"
    clientId: "\352UGO\240\'E\342\217\226\016\315Ul\003\272"
    callId: 1499
  }
}
entries {
  term: 1
  index: 88
  metadataEntry {
    commitIndex: 87
  }
}
entries {
  term: 1
  index: 89
  stateMachineLogEntry {
    logData: "\001\001c\004\001\003\000\004\002\001\001a\004\002\001\001b"
    clientId: "\352UGO\240\'E\342\217\226\016\315Ul\003\272"
    callId: 1505
  }
}
entries {
  term: 1
  index: 90
  metadataEntry {
    commitIndex: 89
  }
}
entries {
  term: 1
  index: 91
  stateMachineLogEntry {
    logData: "\001\001a\000"
    clientId: "\352UGO\240\'E\342\217\226\016\315Ul\003\272"
    callId: 1510
  }
}
entries {
  term: 1
  index: 92
  metadataEntry {
    commitIndex: 91
  }
}
entries {
  term: 1
  index: 93
  stateMachineLogEntry {
    logData: "\001\001b\000"
    clientId: "\352UGO\240\'E\342\217\226\016\315Ul\003\272"
    callId: 1518
  }
}
entries {
  term: 1
  index: 94
  metadataEntry {
    commitIndex: 93
  }
}
entries {
  term: 1
  index: 95
  stateMachineLogEntry {
    logData: "\001\001c\000"
    clientId: "\352UGO\240\'E\342\217\226\016\315Ul\003\272"
    callId: 1521
  }
}
entries {
  term: 1
  index: 96
  metadataEntry {
    commitIndex: 95
  }
}
entries {
  term: 1
  index: 97
  stateMachineLogEntry {
    logData: "\001\001a\002@X\300\000\000\000\000\000"
    clientId: "\352UGO\240\'E\342\217\226\016\315Ul\003\272"
    callId: 1525
  }
}
entries {
  term: 1
  index: 98
  metadataEntry {
    commitIndex: 97
  }
}
entries {
  term: 1
  index: 99
  stateMachineLogEntry {
    logData: "\001\001b\002@\263$\000\000\000\000\000"
    clientId: "\352UGO\240\'E\342\217\226\016\315Ul\003\272"
    callId: 1528
  }
}
entries {
  term: 1
  index: 100
  metadataEntry {
    commitIndex: 99
  }
}
entries {
  term: 1
  index: 101
  stateMachineLogEntry {
    logData: "\001\001c\004\001\003\000\004\002\001\001a\004\002\001\001b"
    clientId: "\352UGO\240\'E\342\217\226\016\315Ul\003\272"
    callId: 1534
  }
}
entries {
  term: 1
  index: 102
  metadataEntry {
    commitIndex: 101
  }
}
entries {
  term: 1
  index: 103
  stateMachineLogEntry {
    logData: "\001\001a\000"
    clientId: "\352UGO\240\'E\342\217\226\016\315Ul\003\272"
    callId: 1538
  }
}
entries {
  term: 1
  index: 104
  metadataEntry {
    commitIndex: 103
  }
}
entries {
  term: 1
  index: 105
  stateMachineLogEntry {
    logData: "\001\001b\000"
    clientId: "\352UGO\240\'E\342\217\226\016\315Ul\003\272"
    callId: 1542
  }
}
entries {
  term: 1
  index: 106
  metadataEntry {
    commitIndex: 105
  }
}
entries {
  term: 1
  index: 107
  stateMachineLogEntry {
    logData: "\001\001c\000"
    clientId: "\352UGO\240\'E\342\217\226\016\315Ul\003\272"
    callId: 1546
  }
}
entries {
  term: 1
  index: 108
  metadataEntry {
    commitIndex: 107
  }
}
entries {
  term: 1
  index: 109
  stateMachineLogEntry {
    logData: "\001\001a\002@Y@\000\000\000\000\000"
    clientId: "\352UGO\240\'E\342\217\226\016\315Ul\003\272"
    callId: 1550
  }
}
entries {
  term: 1
  index: 110
  metadataEntry {
    commitIndex: 109
  }
}
entries {
  term: 1
  index: 111
  stateMachineLogEntry {
    logData: "\001\001b\002@\263\354\000\000\000\000\000"
    clientId: "\352UGO\240\'E\342\217\226\016\315Ul\003\272"
    callId: 1556
  }
}
entries {
  term: 1
  index: 112
  metadataEntry {
    commitIndex: 111
  }
}
entries {
  term: 1
  index: 113
  stateMachineLogEntry {
    logData: "\001\001c\004\001\003\000\004\002\001\001a\004\002\001\001b"
    clientId: "\352UGO\240\'E\342\217\226\016\315Ul\003\272"
    callId: 1560
  }
}
entries {
  term: 1
  index: 114
  metadataEntry {
    commitIndex: 113
  }
}
entries {
  term: 1
  index: 115
  stateMachineLogEntry {
    logData: "\001\001a\000"
    clientId: "\352UGO\240\'E\342\217\226\016\315Ul\003\272"
    callId: 1566
  }
}
entries {
  term: 1
  index: 116
  metadataEntry {
    commitIndex: 115
  }
}
entries {
  term: 1
  index: 117
  stateMachineLogEntry {
    logData: "\001\001b\000"
    clientId: "\352UGO\240\'E\342\217\226\016\315Ul\003\272"
    callId: 1572
  }
}
entries {
  term: 1
  index: 118
  metadataEntry {
    commitIndex: 117
  }
}
entries {
  term: 1
  index: 119
  stateMachineLogEntry {
    logData: "\001\001c\000"
    clientId: "\352UGO\240\'E\342\217\226\016\315Ul\003\272"
    callId: 1577
  }
}
entries {
  term: 1
  index: 120
  metadataEntry {
    commitIndex: 119
  }
}
leaderCommit: 120
initializing: true
commitInfos {
  server {
    id: "s7"
    startupRole: FOLLOWER
  }
  commitIndex: 120
}
commitInfos {
  server {
    id: "s8"
    startupRole: FOLLOWER
  }
  commitIndex: 120
}
commitInfos {
  server {
    id: "s9"
    startupRole: FOLLOWER
  }
  commitIndex: 120
}
commitInfos {
  server {
    id: "s0"
    startupRole: FOLLOWER
  }
  commitIndex: 18446744073709551615
}
commitInfos {
  server {
    id: "s1"
    startupRole: FOLLOWER
  }
  commitIndex: 18446744073709551615
}
)
2024-10-31 03:28:34,508 WARN  util.ReferenceCountedLeakDetector (ReferenceCountedLeakDetector.java:logLeakMessage(167)) - LEAK: (class org.apache.ratis.proto.RaftProtos$AppendEntriesRequestProto, count=1, value=serverRequest {
  requestorId: "s7"
  replyId: "s8"
  raftGroupId {
    id: "\202F\320\347\233hC*\244cL\330{\005^:"
  }
  callId: 1581
}
leaderTerm: 1
previousLog {
  term: 1
  index: 119
}
entries {
  term: 1
  index: 120
  metadataEntry {
    commitIndex: 119
  }
}
leaderCommit: 119
initializing: true
commitInfos {
  server {
    id: "s7"
    startupRole: FOLLOWER
  }
  commitIndex: 119
}
commitInfos {
  server {
    id: "s8"
    startupRole: FOLLOWER
  }
  commitIndex: 118
}
commitInfos {
  server {
    id: "s9"
    startupRole: FOLLOWER
  }
  commitIndex: 118
}
)
2024-10-31 03:28:34,509 WARN  util.ReferenceCountedLeakDetector (ReferenceCountedLeakDetector.java:logLeakMessage(167)) - LEAK: (class org.apache.ratis.proto.RaftProtos$AppendEntriesRequestProto, count=1, value=serverRequest {
  requestorId: "s7"
  replyId: "s8"
  raftGroupId {
    id: "\202F\320\347\233hC*\244cL\330{\005^:"
  }
  callId: 1452
}
leaderTerm: 1
previousLog {
  term: 1
  index: 66
}
entries {
  term: 1
  index: 67
  stateMachineLogEntry {
    logData: "\001\001a\000"
    clientId: "\352UGO\240\'E\342\217\226\016\315Ul\003\272"
    callId: 1450
  }
}
leaderCommit: 66
commitInfos {
  server {
    id: "s7"
    startupRole: FOLLOWER
  }
  commitIndex: 66
}
commitInfos {
  server {
    id: "s8"
    startupRole: FOLLOWER
  }
  commitIndex: 65
}
commitInfos {
  server {
    id: "s9"
    startupRole: FOLLOWER
  }
  commitIndex: 65
}
)
2024-10-31 03:28:34,509 WARN  util.ReferenceCountedLeakDetector (ReferenceCountedLeakDetector.java:logLeakMessage(167)) - LEAK: (class org.apache.ratis.proto.RaftProtos$AppendEntriesRequestProto, count=1, value=serverRequest {
  requestorId: "s7"
  replyId: "s8"
  raftGroupId {
    id: "\202F\320\347\233hC*\244cL\330{\005^:"
  }
  callId: 1358
}
leaderTerm: 1
previousLog {
  term: 1
  index: 29
}
entries {
  term: 1
  index: 30
  metadataEntry {
    commitIndex: 29
  }
}
leaderCommit: 29
commitInfos {
  server {
    id: "s7"
    startupRole: FOLLOWER
  }
  commitIndex: 29
}
commitInfos {
  server {
    id: "s8"
    startupRole: FOLLOWER
  }
  commitIndex: 28
}
commitInfos {
  server {
    id: "s9"
    startupRole: FOLLOWER
  }
  commitIndex: 28
}
)
2024-10-31 03:28:34,509 WARN  util.ReferenceCountedLeakDetector (ReferenceCountedLeakDetector.java:logLeakMessage(167)) - LEAK: (class org.apache.ratis.proto.RaftProtos$AppendEntriesRequestProto, count=1, value=serverRequest {
  requestorId: "s7"
  replyId: "s8"
  raftGroupId {
    id: "\202F\320\347\233hC*\244cL\330{\005^:"
  }
  callId: 1506
}
leaderTerm: 1
previousLog {
  term: 1
  index: 88
}
entries {
  term: 1
  index: 89
  stateMachineLogEntry {
    logData: "\001\001c\004\001\003\000\004\002\001\001a\004\002\001\001b"
    clientId: "\352UGO\240\'E\342\217\226\016\315Ul\003\272"
    callId: 1505
  }
}
leaderCommit: 88
commitInfos {
  server {
    id: "s7"
    startupRole: FOLLOWER
  }
  commitIndex: 88
}
commitInfos {
  server {
    id: "s8"
    startupRole: FOLLOWER
  }
  commitIndex: 87
}
commitInfos {
  server {
    id: "s9"
    startupRole: FOLLOWER
  }
  commitIndex: 87
}
)
2024-10-31 03:28:34,509 WARN  util.ReferenceCountedLeakDetector (ReferenceCountedLeakDetector.java:logLeakMessage(167)) - LEAK: (class org.apache.ratis.proto.RaftProtos$LogEntryProto, count=1, value=term: 1
index: 94
metadataEntry {
  commitIndex: 93
}
)
2024-10-31 03:28:34,509 WARN  util.ReferenceCountedLeakDetector (ReferenceCountedLeakDetector.java:logLeakMessage(167)) - LEAK: (class org.apache.ratis.proto.RaftProtos$AppendEntriesRequestProto, count=3, value=serverRequest {
  requestorId: "s7"
  replyId: "s8"
  raftGroupId {
    id: "\202F\320\347\233hC*\244cL\330{\005^:"
  }
  callId: 1540
}
leaderTerm: 1
previousLog {
  term: 1
  index: 100
}
entries {
  term: 1
  index: 101
  stateMachineLogEntry {
    logData: "\001\001c\004\001\003\000\004\002\001\001a\004\002\001\001b"
    clientId: "\352UGO\240\'E\342\217\226\016\315Ul\003\272"
    callId: 1534
  }
}
entries {
  term: 1
  index: 102
  metadataEntry {
    commitIndex: 101
  }
}
entries {
  term: 1
  index: 103
  stateMachineLogEntry {
    logData: "\001\001a\000"
    clientId: "\352UGO\240\'E\342\217\226\016\315Ul\003\272"
    callId: 1538
  }
}
leaderCommit: 102
initializing: true
commitInfos {
  server {
    id: "s7"
    startupRole: FOLLOWER
  }
  commitIndex: 102
}
commitInfos {
  server {
    id: "s8"
    startupRole: FOLLOWER
  }
  commitIndex: 100
}
commitInfos {
  server {
    id: "s9"
    startupRole: FOLLOWER
  }
  commitIndex: 101
}
)
2024-10-31 03:28:34,509 WARN  util.ReferenceCountedLeakDetector (ReferenceCountedLeakDetector.java:logLeakMessage(167)) - LEAK: (class org.apache.ratis.proto.RaftProtos$AppendEntriesRequestProto, count=1, value=serverRequest {
  requestorId: "s7"
  replyId: "s8"
  raftGroupId {
    id: "\202F\320\347\233hC*\244cL\330{\005^:"
  }
  callId: 1461
}
leaderTerm: 1
previousLog {
  term: 1
  index: 70
}
entries {
  term: 1
  index: 71
  stateMachineLogEntry {
    logData: "\001\001c\000"
    clientId: "\352UGO\240\'E\342\217\226\016\315Ul\003\272"
    callId: 1459
  }
}
leaderCommit: 70
commitInfos {
  server {
    id: "s7"
    startupRole: FOLLOWER
  }
  commitIndex: 70
}
commitInfos {
  server {
    id: "s8"
    startupRole: FOLLOWER
  }
  commitIndex: 69
}
commitInfos {
  server {
    id: "s9"
    startupRole: FOLLOWER
  }
  commitIndex: 69
}
)
2024-10-31 03:28:34,509 WARN  util.ReferenceCountedLeakDetector (ReferenceCountedLeakDetector.java:logLeakMessage(167)) - LEAK: (class org.apache.ratis.proto.RaftProtos$LogEntryProto, count=1, value=term: 1
index: 44
metadataEntry {
  commitIndex: 43
}
)
2024-10-31 03:28:34,509 WARN  util.ReferenceCountedLeakDetector (ReferenceCountedLeakDetector.java:logLeakMessage(167)) - LEAK: (class org.apache.ratis.proto.RaftProtos$AppendEntriesRequestProto, count=1, value=serverRequest {
  requestorId: "s7"
  replyId: "s8"
  raftGroupId {
    id: "\202F\320\347\233hC*\244cL\330{\005^:"
  }
  callId: 1514
}
leaderTerm: 1
previousLog {
  term: 1
  index: 90
}
entries {
  term: 1
  index: 91
  stateMachineLogEntry {
    logData: "\001\001a\000"
    clientId: "\352UGO\240\'E\342\217\226\016\315Ul\003\272"
    callId: 1510
  }
}
leaderCommit: 90
initializing: true
commitInfos {
  server {
    id: "s7"
    startupRole: FOLLOWER
  }
  commitIndex: 90
}
commitInfos {
  server {
    id: "s8"
    startupRole: FOLLOWER
  }
  commitIndex: 89
}
commitInfos {
  server {
    id: "s9"
    startupRole: FOLLOWER
  }
  commitIndex: 88
}
)
2024-10-31 03:28:34,509 WARN  util.ReferenceCountedLeakDetector (ReferenceCountedLeakDetector.java:logLeakMessage(167)) - LEAK: (class org.apache.ratis.protocol.RaftClientRequest, count=1, value=RaftClientRequest:client-0ECD556C03BA->s7@group-4CD87B055E3A, cid=1479, seq=null, RW, a = null)
2024-10-31 03:28:34,510 WARN  util.ReferenceCountedLeakDetector (ReferenceCountedLeakDetector.java:logLeakMessage(167)) - LEAK: (class org.apache.ratis.proto.RaftProtos$AppendEntriesRequestProto, count=1, value=serverRequest {
  requestorId: "s7"
  replyId: "s8"
  raftGroupId {
    id: "\202F\320\347\233hC*\244cL\330{\005^:"
  }
  callId: 1532
}
leaderTerm: 1
previousLog {
  term: 1
  index: 98
}
entries {
  term: 1
  index: 99
  stateMachineLogEntry {
    logData: "\001\001b\002@\263$\000\000\000\000\000"
    clientId: "\352UGO\240\'E\342\217\226\016\315Ul\003\272"
    callId: 1528
  }
}
leaderCommit: 98
initializing: true
commitInfos {
  server {
    id: "s7"
    startupRole: FOLLOWER
  }
  commitIndex: 98
}
commitInfos {
  server {
    id: "s8"
    startupRole: FOLLOWER
  }
  commitIndex: 97
}
commitInfos {
  server {
    id: "s9"
    startupRole: FOLLOWER
  }
  commitIndex: 97
}
)
2024-10-31 03:28:34,510 WARN  util.ReferenceCountedLeakDetector (ReferenceCountedLeakDetector.java:logLeakMessage(167)) - LEAK: (class org.apache.ratis.proto.RaftProtos$AppendEntriesRequestProto, count=1, value=serverRequest {
  requestorId: "s7"
  replyId: "s8"
  raftGroupId {
    id: "\202F\320\347\233hC*\244cL\330{\005^:"
  }
  callId: 1304
}
leaderTerm: 1
previousLog {
  term: 1
  index: 7
}
entries {
  term: 1
  index: 8
  metadataEntry {
    commitIndex: 7
  }
}
leaderCommit: 7
commitInfos {
  server {
    id: "s7"
    startupRole: FOLLOWER
  }
  commitIndex: 7
}
commitInfos {
  server {
    id: "s8"
    startupRole: FOLLOWER
  }
  commitIndex: 6
}
commitInfos {
  server {
    id: "s9"
    startupRole: FOLLOWER
  }
  commitIndex: 3
}
)
2024-10-31 03:28:34,510 WARN  util.ReferenceCountedLeakDetector (ReferenceCountedLeakDetector.java:logLeakMessage(167)) - LEAK: (class org.apache.ratis.proto.RaftProtos$LogEntryProto, count=1, value=term: 1
index: 4
metadataEntry {
  commitIndex: 3
}
)
2024-10-31 03:28:34,510 WARN  util.ReferenceCountedLeakDetector (ReferenceCountedLeakDetector.java:logLeakMessage(167)) - LEAK: (class org.apache.ratis.proto.RaftProtos$AppendEntriesRequestProto, count=1, value=serverRequest {
  requestorId: "s7"
  replyId: "s8"
  raftGroupId {
    id: "\202F\320\347\233hC*\244cL\330{\005^:"
  }
  callId: 1573
}
leaderTerm: 1
previousLog {
  term: 1
  index: 116
}
entries {
  term: 1
  index: 117
  stateMachineLogEntry {
    logData: "\001\001b\000"
    clientId: "\352UGO\240\'E\342\217\226\016\315Ul\003\272"
    callId: 1572
  }
}
leaderCommit: 115
initializing: true
commitInfos {
  server {
    id: "s7"
    startupRole: FOLLOWER
  }
  commitIndex: 115
}
commitInfos {
  server {
    id: "s8"
    startupRole: FOLLOWER
  }
  commitIndex: 115
}
commitInfos {
  server {
    id: "s9"
    startupRole: FOLLOWER
  }
  commitIndex: 114
}
)
2024-10-31 03:28:34,510 WARN  util.ReferenceCountedLeakDetector (ReferenceCountedLeakDetector.java:logLeakMessage(167)) - LEAK: (class org.apache.ratis.proto.RaftProtos$AppendEntriesRequestProto, count=1, value=serverRequest {
  requestorId: "s7"
  replyId: "s8"
  raftGroupId {
    id: "\202F\320\347\233hC*\244cL\330{\005^:"
  }
  callId: 1363
}
leaderTerm: 1
previousLog {
  term: 1
  index: 31
}
entries {
  term: 1
  index: 32
  metadataEntry {
    commitIndex: 31
  }
}
leaderCommit: 31
commitInfos {
  server {
    id: "s7"
    startupRole: FOLLOWER
  }
  commitIndex: 31
}
commitInfos {
  server {
    id: "s8"
    startupRole: FOLLOWER
  }
  commitIndex: 30
}
commitInfos {
  server {
    id: "s9"
    startupRole: FOLLOWER
  }
  commitIndex: 30
}
)
2024-10-31 03:28:34,510 WARN  util.ReferenceCountedLeakDetector (ReferenceCountedLeakDetector.java:logLeakMessage(167)) - LEAK: (class org.apache.ratis.protocol.RaftClientRequest, count=1, value=RaftClientRequest:client-0ECD556C03BA->s7@group-4CD87B055E3A, cid=1374, seq=null, RW, a = 89)
2024-10-31 03:28:34,510 WARN  util.ReferenceCountedLeakDetector (ReferenceCountedLeakDetector.java:logLeakMessage(167)) - LEAK: (class org.apache.ratis.proto.RaftProtos$LogEntryProto, count=1, value=term: 1
index: 52
metadataEntry {
  commitIndex: 51
}
)
2024-10-31 03:28:34,510 WARN  util.ReferenceCountedLeakDetector (ReferenceCountedLeakDetector.java:logLeakMessage(167)) - LEAK: (class org.apache.ratis.proto.RaftProtos$AppendEntriesRequestProto, count=1, value=serverRequest {
  requestorId: "s7"
  replyId: "s8"
  raftGroupId {
    id: "\202F\320\347\233hC*\244cL\330{\005^:"
  }
  callId: 1431
}
leaderTerm: 1
previousLog {
  term: 1
  index: 58
}
entries {
  term: 1
  index: 59
  stateMachineLogEntry {
    logData: "\001\001c\000"
    clientId: "\352UGO\240\'E\342\217\226\016\315Ul\003\272"
    callId: 1430
  }
}
leaderCommit: 57
commitInfos {
  server {
    id: "s7"
    startupRole: FOLLOWER
  }
  commitIndex: 57
}
commitInfos {
  server {
    id: "s8"
    startupRole: FOLLOWER
  }
  commitIndex: 57
}
commitInfos {
  server {
    id: "s9"
    startupRole: FOLLOWER
  }
  commitIndex: 57
}
)
2024-10-31 03:28:34,511 WARN  util.ReferenceCountedLeakDetector (ReferenceCountedLeakDetector.java:logLeakMessage(167)) - LEAK: (class org.apache.ratis.proto.RaftProtos$LogEntryProto, count=1, value=term: 1
index: 66
metadataEntry {
  commitIndex: 65
}
)
2024-10-31 03:28:34,511 WARN  util.ReferenceCountedLeakDetector (ReferenceCountedLeakDetector.java:logLeakMessage(167)) - LEAK: (class org.apache.ratis.protocol.RaftClientRequest, count=1, value=RaftClientRequest:client-0ECD556C03BA->s7@group-4CD87B055E3A, cid=1355, seq=null, RW, c = √(a^2 + b^2))
2024-10-31 03:28:34,511 WARN  util.ReferenceCountedLeakDetector (ReferenceCountedLeakDetector.java:logLeakMessage(167)) - LEAK: (class org.apache.ratis.proto.RaftProtos$AppendEntriesRequestProto, count=1, value=serverRequest {
  requestorId: "s7"
  replyId: "s8"
  raftGroupId {
    id: "\202F\320\347\233hC*\244cL\330{\005^:"
  }
  callId: 1576
}
leaderTerm: 1
previousLog {
  term: 1
  index: 117
}
entries {
  term: 1
  index: 118
  metadataEntry {
    commitIndex: 117
  }
}
leaderCommit: 117
initializing: true
commitInfos {
  server {
    id: "s7"
    startupRole: FOLLOWER
  }
  commitIndex: 117
}
commitInfos {
  server {
    id: "s8"
    startupRole: FOLLOWER
  }
  commitIndex: 115
}
commitInfos {
  server {
    id: "s9"
    startupRole: FOLLOWER
  }
  commitIndex: 115
}
)
2024-10-31 03:28:34,511 WARN  util.ReferenceCountedLeakDetector (ReferenceCountedLeakDetector.java:logLeakMessage(167)) - LEAK: (class org.apache.ratis.protocol.RaftClientRequest, count=1, value=RaftClientRequest:client-0ECD556C03BA->s7@group-4CD87B055E3A, cid=1450, seq=null, RW, a = null)
2024-10-31 03:28:34,511 WARN  util.ReferenceCountedLeakDetector (ReferenceCountedLeakDetector.java:logLeakMessage(167)) - LEAK: (class org.apache.ratis.proto.RaftProtos$AppendEntriesRequestProto, count=1, value=serverRequest {
  requestorId: "s7"
  replyId: "s8"
  raftGroupId {
    id: "\202F\320\347\233hC*\244cL\330{\005^:"
  }
  callId: 1429
}
leaderTerm: 1
previousLog {
  term: 1
  index: 57
}
entries {
  term: 1
  index: 58
  metadataEntry {
    commitIndex: 57
  }
}
leaderCommit: 57
commitInfos {
  server {
    id: "s7"
    startupRole: FOLLOWER
  }
  commitIndex: 57
}
commitInfos {
  server {
    id: "s8"
    startupRole: FOLLOWER
  }
  commitIndex: 56
}
commitInfos {
  server {
    id: "s9"
    startupRole: FOLLOWER
  }
  commitIndex: 56
}
)
2024-10-31 03:28:34,511 WARN  util.ReferenceCountedLeakDetector (ReferenceCountedLeakDetector.java:logLeakMessage(167)) - LEAK: (class org.apache.ratis.proto.RaftProtos$AppendEntriesRequestProto, count=1, value=serverRequest {
  requestorId: "s7"
  replyId: "s8"
  raftGroupId {
    id: "\202F\320\347\233hC*\244cL\330{\005^:"
  }
  callId: 1319
}
leaderTerm: 1
previousLog {
  term: 1
  index: 13
}
entries {
  term: 1
  index: 14
  metadataEntry {
    commitIndex: 13
  }
}
leaderCommit: 13
commitInfos {
  server {
    id: "s7"
    startupRole: FOLLOWER
  }
  commitIndex: 13
}
commitInfos {
  server {
    id: "s8"
    startupRole: FOLLOWER
  }
  commitIndex: 12
}
commitInfos {
  server {
    id: "s9"
    startupRole: FOLLOWER
  }
  commitIndex: 11
}
)
2024-10-31 03:28:34,511 WARN  util.ReferenceCountedLeakDetector (ReferenceCountedLeakDetector.java:logLeakMessage(167)) - LEAK: (class org.apache.ratis.protocol.RaftClientRequest, count=1, value=RaftClientRequest:client-0ECD556C03BA->s7@group-4CD87B055E3A, cid=1311, seq=null, RW, c = null)
2024-10-31 03:28:34,511 WARN  util.ReferenceCountedLeakDetector (ReferenceCountedLeakDetector.java:logLeakMessage(167)) - LEAK: (class org.apache.ratis.protocol.RaftClientRequest, count=1, value=RaftClientRequest:client-0ECD556C03BA->s7@group-4CD87B055E3A, cid=1419, seq=null, RW, a = null)
2024-10-31 03:28:34,512 WARN  util.ReferenceCountedLeakDetector (ReferenceCountedLeakDetector.java:logLeakMessage(167)) - LEAK: (class org.apache.ratis.protocol.RaftClientRequest, count=1, value=RaftClientRequest:client-0ECD556C03BA->s7@group-4CD87B055E3A, cid=1518, seq=null, RW, b = null)
2024-10-31 03:28:34,512 WARN  util.ReferenceCountedLeakDetector (ReferenceCountedLeakDetector.java:logLeakMessage(167)) - LEAK: (class org.apache.ratis.proto.RaftProtos$AppendEntriesRequestProto, count=1, value=serverRequest {
  requestorId: "s7"
  replyId: "s8"
  raftGroupId {
    id: "\202F\320\347\233hC*\244cL\330{\005^:"
  }
  callId: 1555
}
leaderTerm: 1
previousLog {
  term: 1
  index: 109
}
entries {
  term: 1
  index: 110
  metadataEntry {
    commitIndex: 109
  }
}
leaderCommit: 109
initializing: true
commitInfos {
  server {
    id: "s7"
    startupRole: FOLLOWER
  }
  commitIndex: 109
}
commitInfos {
  server {
    id: "s8"
    startupRole: FOLLOWER
  }
  commitIndex: 108
}
commitInfos {
  server {
    id: "s9"
    startupRole: FOLLOWER
  }
  commitIndex: 108
}
)
2024-10-31 03:28:34,512 WARN  util.ReferenceCountedLeakDetector (ReferenceCountedLeakDetector.java:logLeakMessage(167)) - LEAK: (class org.apache.ratis.protocol.RaftClientRequest, count=1, value=RaftClientRequest:client-0ECD556C03BA->s7@group-4CD87B055E3A, cid=1395, seq=null, RW, b = null)
2024-10-31 03:28:34,512 WARN  util.ReferenceCountedLeakDetector (ReferenceCountedLeakDetector.java:logLeakMessage(167)) - LEAK: (class org.apache.ratis.proto.RaftProtos$AppendEntriesRequestProto, count=1, value=serverRequest {
  requestorId: "s7"
  replyId: "s8"
  raftGroupId {
    id: "\202F\320\347\233hC*\244cL\330{\005^:"
  }
  callId: 1464
}
leaderTerm: 1
previousLog {
  term: 1
  index: 71
}
entries {
  term: 1
  index: 72
  metadataEntry {
    commitIndex: 71
  }
}
leaderCommit: 71
commitInfos {
  server {
    id: "s7"
    startupRole: FOLLOWER
  }
  commitIndex: 71
}
commitInfos {
  server {
    id: "s8"
    startupRole: FOLLOWER
  }
  commitIndex: 70
}
commitInfos {
  server {
    id: "s9"
    startupRole: FOLLOWER
  }
  commitIndex: 70
}
)
2024-10-31 03:28:34,512 WARN  util.ReferenceCountedLeakDetector (ReferenceCountedLeakDetector.java:logLeakMessage(167)) - LEAK: (class org.apache.ratis.proto.RaftProtos$AppendEntriesRequestProto, count=1, value=serverRequest {
  requestorId: "s7"
  replyId: "s8"
  raftGroupId {
    id: "\202F\320\347\233hC*\244cL\330{\005^:"
  }
  callId: 1497
}
leaderTerm: 1
previousLog {
  term: 1
  index: 84
}
entries {
  term: 1
  index: 85
  stateMachineLogEntry {
    logData: "\001\001a\002@X@\000\000\000\000\000"
    clientId: "\352UGO\240\'E\342\217\226\016\315Ul\003\272"
    callId: 1495
  }
}
leaderCommit: 83
commitInfos {
  server {
    id: "s7"
    startupRole: FOLLOWER
  }
  commitIndex: 83
}
commitInfos {
  server {
    id: "s8"
    startupRole: FOLLOWER
  }
  commitIndex: 83
}
commitInfos {
  server {
    id: "s9"
    startupRole: FOLLOWER
  }
  commitIndex: 83
}
)
2024-10-31 03:28:34,512 WARN  util.ReferenceCountedLeakDetector (ReferenceCountedLeakDetector.java:logLeakMessage(167)) - LEAK: (class org.apache.ratis.proto.RaftProtos$AppendEntriesRequestProto, count=1, value=serverRequest {
  requestorId: "s7"
  replyId: "s8"
  raftGroupId {
    id: "\202F\320\347\233hC*\244cL\330{\005^:"
  }
  callId: 1294
}
leaderTerm: 1
previousLog {
  term: 1
  index: 2
}
entries {
  term: 1
  index: 3
  stateMachineLogEntry {
    logData: "\001\001b\002@\252\350\000\000\000\000\000"
    clientId: "\352UGO\240\'E\342\217\226\016\315Ul\003\272"
    callId: 1293
  }
}
leaderCommit: 2
commitInfos {
  server {
    id: "s7"
    startupRole: FOLLOWER
  }
  commitIndex: 2
}
commitInfos {
  server {
    id: "s8"
    startupRole: FOLLOWER
  }
  commitIndex: 1
}
commitInfos {
  server {
    id: "s9"
    startupRole: FOLLOWER
  }
}
)
2024-10-31 03:28:34,512 WARN  util.ReferenceCountedLeakDetector (ReferenceCountedLeakDetector.java:logLeakMessage(167)) - LEAK: (class org.apache.ratis.proto.RaftProtos$AppendEntriesRequestProto, count=1, value=serverRequest {
  requestorId: "s7"
  replyId: "s8"
  raftGroupId {
    id: "\202F\320\347\233hC*\244cL\330{\005^:"
  }
  callId: 1315
}
leaderTerm: 1
previousLog {
  term: 1
  index: 11
}
entries {
  term: 1
  index: 12
  metadataEntry {
    commitIndex: 11
  }
}
leaderCommit: 11
commitInfos {
  server {
    id: "s7"
    startupRole: FOLLOWER
  }
  commitIndex: 11
}
commitInfos {
  server {
    id: "s8"
    startupRole: FOLLOWER
  }
  commitIndex: 10
}
commitInfos {
  server {
    id: "s9"
    startupRole: FOLLOWER
  }
  commitIndex: 10
}
)
2024-10-31 03:28:34,513 WARN  util.ReferenceCountedLeakDetector (ReferenceCountedLeakDetector.java:logLeakMessage(167)) - LEAK: (class org.apache.ratis.proto.RaftProtos$AppendEntriesRequestProto, count=1, value=serverRequest {
  requestorId: "s7"
  replyId: "s8"
  raftGroupId {
    id: "\202F\320\347\233hC*\244cL\330{\005^:"
  }
  callId: 1449
}
leaderTerm: 1
previousLog {
  term: 1
  index: 65
}
entries {
  term: 1
  index: 66
  metadataEntry {
    commitIndex: 65
  }
}
leaderCommit: 65
commitInfos {
  server {
    id: "s7"
    startupRole: FOLLOWER
  }
  commitIndex: 65
}
commitInfos {
  server {
    id: "s8"
    startupRole: FOLLOWER
  }
  commitIndex: 63
}
commitInfos {
  server {
    id: "s9"
    startupRole: FOLLOWER
  }
  commitIndex: 63
}
)
2024-10-31 03:28:34,513 WARN  util.ReferenceCountedLeakDetector (ReferenceCountedLeakDetector.java:logLeakMessage(167)) - LEAK: (class org.apache.ratis.proto.RaftProtos$LogEntryProto, count=1, value=term: 1
index: 26
metadataEntry {
  commitIndex: 25
}
)
2024-10-31 03:28:34,513 WARN  util.ReferenceCountedLeakDetector (ReferenceCountedLeakDetector.java:logLeakMessage(167)) - LEAK: (class org.apache.ratis.protocol.RaftClientRequest, count=1, value=RaftClientRequest:client-0ECD556C03BA->s7@group-4CD87B055E3A, cid=1459, seq=null, RW, c = null)
2024-10-31 03:28:34,513 WARN  util.ReferenceCountedLeakDetector (ReferenceCountedLeakDetector.java:logLeakMessage(167)) - LEAK: (class org.apache.ratis.proto.RaftProtos$LogEntryProto, count=1, value=term: 1
index: 102
metadataEntry {
  commitIndex: 101
}
)
2024-10-31 03:28:34,513 WARN  util.ReferenceCountedLeakDetector (ReferenceCountedLeakDetector.java:logLeakMessage(167)) - LEAK: (class org.apache.ratis.proto.RaftProtos$AppendEntriesRequestProto, count=1, value=serverRequest {
  requestorId: "s7"
  replyId: "s8"
  raftGroupId {
    id: "\202F\320\347\233hC*\244cL\330{\005^:"
  }
  callId: 1484
}
leaderTerm: 1
previousLog {
  term: 1
  index: 79
}
entries {
  term: 1
  index: 80
  metadataEntry {
    commitIndex: 79
  }
}
leaderCommit: 79
commitInfos {
  server {
    id: "s7"
    startupRole: FOLLOWER
  }
  commitIndex: 79
}
commitInfos {
  server {
    id: "s8"
    startupRole: FOLLOWER
  }
  commitIndex: 78
}
commitInfos {
  server {
    id: "s9"
    startupRole: FOLLOWER
  }
  commitIndex: 78
}
)
2024-10-31 03:28:34,513 WARN  util.ReferenceCountedLeakDetector (ReferenceCountedLeakDetector.java:logLeakMessage(167)) - LEAK: (class org.apache.ratis.proto.RaftProtos$AppendEntriesRequestProto, count=1, value=serverRequest {
  requestorId: "s7"
  replyId: "s8"
  raftGroupId {
    id: "\202F\320\347\233hC*\244cL\330{\005^:"
  }
  callId: 1328
}
leaderTerm: 1
previousLog {
  term: 1
  index: 16
}
entries {
  term: 1
  index: 17
  stateMachineLogEntry {
    logData: "\001\001c\004\001\003\000\004\002\001\001a\004\002\001\001b"
    clientId: "\352UGO\240\'E\342\217\226\016\315Ul\003\272"
    callId: 1326
  }
}
leaderCommit: 16
commitInfos {
  server {
    id: "s7"
    startupRole: FOLLOWER
  }
  commitIndex: 16
}
commitInfos {
  server {
    id: "s8"
    startupRole: FOLLOWER
  }
  commitIndex: 15
}
commitInfos {
  server {
    id: "s9"
    startupRole: FOLLOWER
  }
  commitIndex: 15
}
)
2024-10-31 03:28:34,513 WARN  util.ReferenceCountedLeakDetector (ReferenceCountedLeakDetector.java:logLeakMessage(167)) - LEAK: (class org.apache.ratis.proto.RaftProtos$LogEntryProto, count=1, value=term: 1
index: 18
metadataEntry {
  commitIndex: 17
}
)
2024-10-31 03:28:34,514 WARN  util.ReferenceCountedLeakDetector (ReferenceCountedLeakDetector.java:logLeakMessage(167)) - LEAK: (class org.apache.ratis.proto.RaftProtos$LogEntryProto, count=1, value=term: 1
index: 2
metadataEntry {
  commitIndex: 1
}
)
2024-10-31 03:28:34,514 WARN  util.ReferenceCountedLeakDetector (ReferenceCountedLeakDetector.java:logLeakMessage(167)) - LEAK: (class org.apache.ratis.proto.RaftProtos$LogEntryProto, count=1, value=term: 1
index: 104
metadataEntry {
  commitIndex: 103
}
)
2024-10-31 03:28:34,514 WARN  util.ReferenceCountedLeakDetector (ReferenceCountedLeakDetector.java:logLeakMessage(167)) - LEAK: (class org.apache.ratis.proto.RaftProtos$AppendEntriesRequestProto, count=1, value=serverRequest {
  requestorId: "s7"
  replyId: "s8"
  raftGroupId {
    id: "\202F\320\347\233hC*\244cL\330{\005^:"
  }
  callId: 1468
}
leaderTerm: 1
previousLog {
  term: 1
  index: 73
}
entries {
  term: 1
  index: 74
  metadataEntry {
    commitIndex: 73
  }
}
leaderCommit: 73
commitInfos {
  server {
    id: "s7"
    startupRole: FOLLOWER
  }
  commitIndex: 73
}
commitInfos {
  server {
    id: "s8"
    startupRole: FOLLOWER
  }
  commitIndex: 72
}
commitInfos {
  server {
    id: "s9"
    startupRole: FOLLOWER
  }
  commitIndex: 71
}
)
2024-10-31 03:28:34,514 WARN  util.ReferenceCountedLeakDetector (ReferenceCountedLeakDetector.java:logLeakMessage(167)) - LEAK: (class org.apache.ratis.protocol.RaftClientRequest, count=1, value=RaftClientRequest:client-0ECD556C03BA->s7@group-4CD87B055E3A, cid=1350, seq=null, RW, b = 3784)
2024-10-31 03:28:34,514 WARN  util.ReferenceCountedLeakDetector (ReferenceCountedLeakDetector.java:logLeakMessage(167)) - LEAK: (class org.apache.ratis.proto.RaftProtos$AppendEntriesRequestProto, count=1, value=serverRequest {
  requestorId: "s7"
  replyId: "s8"
  raftGroupId {
    id: "\202F\320\347\233hC*\244cL\330{\005^:"
  }
  callId: 1410
}
leaderTerm: 1
previousLog {
  term: 1
  index: 49
}
entries {
  term: 1
  index: 50
  metadataEntry {
    commitIndex: 49
  }
}
leaderCommit: 49
commitInfos {
  server {
    id: "s7"
    startupRole: FOLLOWER
  }
  commitIndex: 49
}
commitInfos {
  server {
    id: "s8"
    startupRole: FOLLOWER
  }
  commitIndex: 48
}
commitInfos {
  server {
    id: "s9"
    startupRole: FOLLOWER
  }
  commitIndex: 48
}
)
2024-10-31 03:28:34,515 WARN  util.ReferenceCountedLeakDetector (ReferenceCountedLeakDetector.java:logLeakMessage(167)) - LEAK: (class org.apache.ratis.proto.RaftProtos$AppendEntriesRequestProto, count=1, value=serverRequest {
  requestorId: "s7"
  replyId: "s8"
  raftGroupId {
    id: "\202F\320\347\233hC*\244cL\330{\005^:"
  }
  callId: 1302
}
leaderTerm: 1
previousLog {
  term: 1
  index: 6
}
entries {
  term: 1
  index: 7
  stateMachineLogEntry {
    logData: "\001\001a\000"
    clientId: "\352UGO\240\'E\342\217\226\016\315Ul\003\272"
    callId: 1300
  }
}
leaderCommit: 6
commitInfos {
  server {
    id: "s7"
    startupRole: FOLLOWER
  }
  commitIndex: 6
}
commitInfos {
  server {
    id: "s8"
    startupRole: FOLLOWER
  }
  commitIndex: 5
}
commitInfos {
  server {
    id: "s9"
    startupRole: FOLLOWER
  }
  commitIndex: 3
}
)
2024-10-31 03:28:34,515 WARN  util.ReferenceCountedLeakDetector (ReferenceCountedLeakDetector.java:logLeakMessage(167)) - LEAK: (class org.apache.ratis.protocol.RaftClientRequest, count=1, value=RaftClientRequest:client-0ECD556C03BA->s7@group-4CD87B055E3A, cid=1399, seq=null, RW, c = null)
2024-10-31 03:28:34,515 WARN  util.ReferenceCountedLeakDetector (ReferenceCountedLeakDetector.java:logLeakMessage(167)) - LEAK: (class org.apache.ratis.proto.RaftProtos$AppendEntriesRequestProto, count=1, value=serverRequest {
  requestorId: "s7"
  replyId: "s8"
  raftGroupId {
    id: "\202F\320\347\233hC*\244cL\330{\005^:"
  }
  callId: 1520
}
leaderTerm: 1
previousLog {
  term: 1
  index: 93
}
entries {
  term: 1
  index: 94
  metadataEntry {
    commitIndex: 93
  }
}
leaderCommit: 93
initializing: true
commitInfos {
  server {
    id: "s7"
    startupRole: FOLLOWER
  }
  commitIndex: 93
}
commitInfos {
  server {
    id: "s8"
    startupRole: FOLLOWER
  }
  commitIndex: 92
}
commitInfos {
  server {
    id: "s9"
    startupRole: FOLLOWER
  }
  commitIndex: 89
}
)
2024-10-31 03:28:34,515 WARN  util.ReferenceCountedLeakDetector (ReferenceCountedLeakDetector.java:logLeakMessage(167)) - LEAK: (class org.apache.ratis.proto.RaftProtos$AppendEntriesRequestProto, count=1, value=serverRequest {
  requestorId: "s7"
  replyId: "s8"
  raftGroupId {
    id: "\202F\320\347\233hC*\244cL\330{\005^:"
  }
  callId: 1368
}
leaderTerm: 1
previousLog {
  term: 1
  index: 33
}
entries {
  term: 1
  index: 34
  metadataEntry {
    commitIndex: 33
  }
}
leaderCommit: 33
commitInfos {
  server {
    id: "s7"
    startupRole: FOLLOWER
  }
  commitIndex: 33
}
commitInfos {
  server {
    id: "s8"
    startupRole: FOLLOWER
  }
  commitIndex: 32
}
commitInfos {
  server {
    id: "s9"
    startupRole: FOLLOWER
  }
  commitIndex: 32
}
)
2024-10-31 03:28:34,515 WARN  util.ReferenceCountedLeakDetector (ReferenceCountedLeakDetector.java:logLeakMessage(167)) - LEAK: (class org.apache.ratis.proto.RaftProtos$LogEntryProto, count=1, value=term: 1
index: 6
metadataEntry {
  commitIndex: 5
}
)
2024-10-31 03:28:34,515 WARN  util.ReferenceCountedLeakDetector (ReferenceCountedLeakDetector.java:logLeakMessage(167)) - LEAK: (class org.apache.ratis.proto.RaftProtos$AppendEntriesRequestProto, count=1, value=serverRequest {
  requestorId: "s7"
  replyId: "s8"
  raftGroupId {
    id: "\202F\320\347\233hC*\244cL\330{\005^:"
  }
  callId: 1487
}
leaderTerm: 1
previousLog {
  term: 1
  index: 80
}
entries {
  term: 1
  index: 81
  stateMachineLogEntry {
    logData: "\001\001b\000"
    clientId: "\352UGO\240\'E\342\217\226\016\315Ul\003\272"
    callId: 1485
  }
}
leaderCommit: 79
commitInfos {
  server {
    id: "s7"
    startupRole: FOLLOWER
  }
  commitIndex: 79
}
commitInfos {
  server {
    id: "s8"
    startupRole: FOLLOWER
  }
  commitIndex: 79
}
commitInfos {
  server {
    id: "s9"
    startupRole: FOLLOWER
  }
  commitIndex: 79
}
)
2024-10-31 03:28:34,515 WARN  util.ReferenceCountedLeakDetector (ReferenceCountedLeakDetector.java:logLeakMessage(167)) - LEAK: (class org.apache.ratis.protocol.RaftClientRequest, count=1, value=RaftClientRequest:client-0ECD556C03BA->s7@group-4CD87B055E3A, cid=1331, seq=null, RW, a = null)
2024-10-31 03:28:34,515 WARN  util.ReferenceCountedLeakDetector (ReferenceCountedLeakDetector.java:logLeakMessage(167)) - LEAK: (class org.apache.ratis.proto.RaftProtos$AppendEntriesRequestProto, count=1, value=serverRequest {
  requestorId: "s7"
  replyId: "s8"
  raftGroupId {
    id: "\202F\320\347\233hC*\244cL\330{\005^:"
  }
  callId: 1437
}
leaderTerm: 1
previousLog {
  term: 1
  index: 60
}
entries {
  term: 1
  index: 61
  stateMachineLogEntry {
    logData: "\001\001a\002@W@\000\000\000\000\000"
    clientId: "\352UGO\240\'E\342\217\226\016\315Ul\003\272"
    callId: 1435
  }
}
leaderCommit: 60
commitInfos {
  server {
    id: "s7"
    startupRole: FOLLOWER
  }
  commitIndex: 60
}
commitInfos {
  server {
    id: "s8"
    startupRole: FOLLOWER
  }
  commitIndex: 59
}
commitInfos {
  server {
    id: "s9"
    startupRole: FOLLOWER
  }
  commitIndex: 59
}
)
2024-10-31 03:28:34,516 WARN  util.ReferenceCountedLeakDetector (ReferenceCountedLeakDetector.java:logLeakMessage(167)) - LEAK: (class org.apache.ratis.protocol.RaftClientRequest, count=1, value=RaftClientRequest:client-0ECD556C03BA->s7@group-4CD87B055E3A, cid=1404, seq=null, RW, a = 91)
2024-10-31 03:28:34,516 WARN  util.ReferenceCountedLeakDetector (ReferenceCountedLeakDetector.java:logLeakMessage(167)) - LEAK: (class org.apache.ratis.proto.RaftProtos$AppendEntriesRequestProto, count=1, value=serverRequest {
  requestorId: "s7"
  replyId: "s8"
  raftGroupId {
    id: "\202F\320\347\233hC*\244cL\330{\005^:"
  }
  callId: 1248
}
leaderTerm: 1
entries {
  term: 1
  configurationEntry {
    peers {
      id: "s7"
      startupRole: FOLLOWER
    }
    peers {
      id: "s8"
      startupRole: FOLLOWER
    }
    peers {
      id: "s9"
      startupRole: FOLLOWER
    }
  }
}
leaderCommit: 18446744073709551615
commitInfos {
  server {
    id: "s7"
    startupRole: FOLLOWER
  }
  commitIndex: 18446744073709551615
}
commitInfos {
  server {
    id: "s8"
    startupRole: FOLLOWER
  }
  commitIndex: 18446744073709551615
}
commitInfos {
  server {
    id: "s9"
    startupRole: FOLLOWER
  }
  commitIndex: 18446744073709551615
}
)
2024-10-31 03:28:34,516 WARN  util.ReferenceCountedLeakDetector (ReferenceCountedLeakDetector.java:logLeakMessage(167)) - LEAK: (class org.apache.ratis.proto.RaftProtos$AppendEntriesRequestProto, count=1, value=serverRequest {
  requestorId: "s7"
  replyId: "s8"
  raftGroupId {
    id: "\202F\320\347\233hC*\244cL\330{\005^:"
  }
  callId: 1371
}
leaderTerm: 1
previousLog {
  term: 1
  index: 34
}
entries {
  term: 1
  index: 35
  stateMachineLogEntry {
    logData: "\001\001c\000"
    clientId: "\352UGO\240\'E\342\217\226\016\315Ul\003\272"
    callId: 1369
  }
}
leaderCommit: 34
commitInfos {
  server {
    id: "s7"
    startupRole: FOLLOWER
  }
  commitIndex: 34
}
commitInfos {
  server {
    id: "s8"
    startupRole: FOLLOWER
  }
  commitIndex: 33
}
commitInfos {
  server {
    id: "s9"
    startupRole: FOLLOWER
  }
  commitIndex: 32
}
)
2024-10-31 03:28:34,516 WARN  util.ReferenceCountedLeakDetector (ReferenceCountedLeakDetector.java:logLeakMessage(167)) - LEAK: (class org.apache.ratis.proto.RaftProtos$AppendEntriesRequestProto, count=1, value=serverRequest {
  requestorId: "s7"
  replyId: "s8"
  raftGroupId {
    id: "\202F\320\347\233hC*\244cL\330{\005^:"
  }
  callId: 1339
}
leaderTerm: 1
previousLog {
  term: 1
  index: 21
}
entries {
  term: 1
  index: 22
  metadataEntry {
    commitIndex: 21
  }
}
leaderCommit: 21
commitInfos {
  server {
    id: "s7"
    startupRole: FOLLOWER
  }
  commitIndex: 21
}
commitInfos {
  server {
    id: "s8"
    startupRole: FOLLOWER
  }
  commitIndex: 20
}
commitInfos {
  server {
    id: "s9"
    startupRole: FOLLOWER
  }
  commitIndex: 20
}
)
2024-10-31 03:28:34,516 WARN  util.ReferenceCountedLeakDetector (ReferenceCountedLeakDetector.java:logLeakMessage(167)) - LEAK: (class org.apache.ratis.proto.RaftProtos$LogEntryProto, count=1, value=term: 1
index: 20
metadataEntry {
  commitIndex: 19
}
)
2024-10-31 03:28:34,516 WARN  util.ReferenceCountedLeakDetector (ReferenceCountedLeakDetector.java:logLeakMessage(167)) - LEAK: (class org.apache.ratis.proto.RaftProtos$AppendEntriesRequestProto, count=1, value=serverRequest {
  requestorId: "s7"
  replyId: "s8"
  raftGroupId {
    id: "\202F\320\347\233hC*\244cL\330{\005^:"
  }
  callId: 1504
}
leaderTerm: 1
previousLog {
  term: 1
  index: 87
}
entries {
  term: 1
  index: 88
  metadataEntry {
    commitIndex: 87
  }
}
leaderCommit: 87
commitInfos {
  server {
    id: "s7"
    startupRole: FOLLOWER
  }
  commitIndex: 87
}
commitInfos {
  server {
    id: "s8"
    startupRole: FOLLOWER
  }
  commitIndex: 86
}
commitInfos {
  server {
    id: "s9"
    startupRole: FOLLOWER
  }
  commitIndex: 86
}
)
2024-10-31 03:28:34,516 WARN  util.ReferenceCountedLeakDetector (ReferenceCountedLeakDetector.java:logLeakMessage(167)) - LEAK: (class org.apache.ratis.protocol.RaftClientRequest, count=1, value=RaftClientRequest:client-0ECD556C03BA->s7@group-4CD87B055E3A, cid=1499, seq=null, RW, b = 4704)
2024-10-31 03:28:34,516 WARN  util.ReferenceCountedLeakDetector (ReferenceCountedLeakDetector.java:logLeakMessage(167)) - LEAK: (class org.apache.ratis.proto.RaftProtos$LogEntryProto, count=1, value=term: 1
index: 108
metadataEntry {
  commitIndex: 107
}
)
2024-10-31 03:28:34,517 WARN  util.ReferenceCountedLeakDetector (ReferenceCountedLeakDetector.java:logLeakMessage(167)) - LEAK: (class org.apache.ratis.proto.RaftProtos$LogEntryProto, count=1, value=term: 1
index: 40
metadataEntry {
  commitIndex: 39
}
)
2024-10-31 03:28:34,517 WARN  util.ReferenceCountedLeakDetector (ReferenceCountedLeakDetector.java:logLeakMessage(167)) - LEAK: (class org.apache.ratis.proto.RaftProtos$LogEntryProto, count=1, value=term: 1
index: 118
metadataEntry {
  commitIndex: 117
}
)
2024-10-31 03:28:34,517 WARN  util.ReferenceCountedLeakDetector (ReferenceCountedLeakDetector.java:logLeakMessage(167)) - LEAK: (class org.apache.ratis.proto.RaftProtos$LogEntryProto, count=1, value=term: 1
index: 78
metadataEntry {
  commitIndex: 77
}
)
2024-10-31 03:28:34,517 WARN  util.ReferenceCountedLeakDetector (ReferenceCountedLeakDetector.java:logLeakMessage(167)) - LEAK: (class org.apache.ratis.proto.RaftProtos$AppendEntriesRequestProto, count=1, value=serverRequest {
  requestorId: "s7"
  replyId: "s8"
  raftGroupId {
    id: "\202F\320\347\233hC*\244cL\330{\005^:"
  }
  callId: 1366
}
leaderTerm: 1
previousLog {
  term: 1
  index: 32
}
entries {
  term: 1
  index: 33
  stateMachineLogEntry {
    logData: "\001\001b\000"
    clientId: "\352UGO\240\'E\342\217\226\016\315Ul\003\272"
    callId: 1364
  }
}
leaderCommit: 32
commitInfos {
  server {
    id: "s7"
    startupRole: FOLLOWER
  }
  commitIndex: 32
}
commitInfos {
  server {
    id: "s8"
    startupRole: FOLLOWER
  }
  commitIndex: 31
}
commitInfos {
  server {
    id: "s9"
    startupRole: FOLLOWER
  }
  commitIndex: 30
}
)
2024-10-31 03:28:34,517 WARN  util.ReferenceCountedLeakDetector (ReferenceCountedLeakDetector.java:logLeakMessage(167)) - LEAK: (class org.apache.ratis.proto.RaftProtos$LogEntryProto, count=1, value=term: 1
index: 80
metadataEntry {
  commitIndex: 79
}
)
2024-10-31 03:28:34,517 WARN  util.ReferenceCountedLeakDetector (ReferenceCountedLeakDetector.java:logLeakMessage(167)) - LEAK: (class org.apache.ratis.proto.RaftProtos$AppendEntriesRequestProto, count=-1, value=serverRequest {
  requestorId: "s7"
  replyId: "s0"
  raftGroupId {
    id: "\202F\320\347\233hC*\244cL\330{\005^:"
  }
  callId: 1987
}
leaderTerm: 1
entries {
  term: 1
  configurationEntry {
    peers {
      id: "s7"
      startupRole: FOLLOWER
    }
    peers {
      id: "s8"
      startupRole: FOLLOWER
    }
    peers {
      id: "s9"
      startupRole: FOLLOWER
    }
  }
}
entries {
  term: 1
  index: 1
  stateMachineLogEntry {
    logData: "\001\001a\002@T\300\000\000\000\000\000"
    clientId: "\352UGO\240\'E\342\217\226\016\315Ul\003\272"
    callId: 1286
  }
}
entries {
  term: 1
  index: 2
  metadataEntry {
    commitIndex: 1
  }
}
entries {
  term: 1
  index: 3
  stateMachineLogEntry {
    logData: "\001\001b\002@\252\350\000\000\000\000\000"
    clientId: "\352UGO\240\'E\342\217\226\016\315Ul\003\272"
    callId: 1293
  }
}
entries {
  term: 1
  index: 4
  metadataEntry {
    commitIndex: 3
  }
}
entries {
  term: 1
  index: 5
  stateMachineLogEntry {
    logData: "\001\001c\004\001\003\000\004\002\001\001a\004\002\001\001b"
    clientId: "\352UGO\240\'E\342\217\226\016\315Ul\003\272"
    callId: 1297
  }
}
entries {
  term: 1
  index: 6
  metadataEntry {
    commitIndex: 5
  }
}
entries {
  term: 1
  index: 7
  stateMachineLogEntry {
    logData: "\001\001a\000"
    clientId: "\352UGO\240\'E\342\217\226\016\315Ul\003\272"
    callId: 1300
  }
}
entries {
  term: 1
  index: 8
  metadataEntry {
    commitIndex: 7
  }
}
entries {
  term: 1
  index: 9
  stateMachineLogEntry {
    logData: "\001\001b\000"
    clientId: "\352UGO\240\'E\342\217\226\016\315Ul\003\272"
    callId: 1306
  }
}
entries {
  term: 1
  index: 10
  metadataEntry {
    commitIndex: 9
  }
}
entries {
  term: 1
  index: 11
  stateMachineLogEntry {
    logData: "\001\001c\000"
    clientId: "\352UGO\240\'E\342\217\226\016\315Ul\003\272"
    callId: 1311
  }
}
entries {
  term: 1
  index: 12
  metadataEntry {
    commitIndex: 11
  }
}
entries {
  term: 1
  index: 13
  stateMachineLogEntry {
    logData: "\001\001a\002@U@\000\000\000\000\000"
    clientId: "\352UGO\240\'E\342\217\226\016\315Ul\003\272"
    callId: 1316
  }
}
entries {
  term: 1
  index: 14
  metadataEntry {
    commitIndex: 13
  }
}
entries {
  term: 1
  index: 15
  stateMachineLogEntry {
    logData: "\001\001b\002@\2548\000\000\000\000\000"
    clientId: "\352UGO\240\'E\342\217\226\016\315Ul\003\272"
    callId: 1321
  }
}
entries {
  term: 1
  index: 16
  metadataEntry {
    commitIndex: 15
  }
}
entries {
  term: 1
  index: 17
  stateMachineLogEntry {
    logData: "\001\001c\004\001\003\000\004\002\001\001a\004\002\001\001b"
    clientId: "\352UGO\240\'E\342\217\226\016\315Ul\003\272"
    callId: 1326
  }
}
entries {
  term: 1
  index: 18
  metadataEntry {
    commitIndex: 17
  }
}
entries {
  term: 1
  index: 19
  stateMachineLogEntry {
    logData: "\001\001a\000"
    clientId: "\352UGO\240\'E\342\217\226\016\315Ul\003\272"
    callId: 1331
  }
}
entries {
  term: 1
  index: 20
  metadataEntry {
    commitIndex: 19
  }
}
entries {
  term: 1
  index: 21
  stateMachineLogEntry {
    logData: "\001\001b\000"
    clientId: "\352UGO\240\'E\342\217\226\016\315Ul\003\272"
    callId: 1335
  }
}
entries {
  term: 1
  index: 22
  metadataEntry {
    commitIndex: 21
  }
}
entries {
  term: 1
  index: 23
  stateMachineLogEntry {
    logData: "\001\001c\000"
    clientId: "\352UGO\240\'E\342\217\226\016\315Ul\003\272"
    callId: 1340
  }
}
entries {
  term: 1
  index: 24
  metadataEntry {
    commitIndex: 23
  }
}
entries {
  term: 1
  index: 25
  stateMachineLogEntry {
    logData: "\001\001a\002@U\300\000\000\000\000\000"
    clientId: "\352UGO\240\'E\342\217\226\016\315Ul\003\272"
    callId: 1344
  }
}
entries {
  term: 1
  index: 26
  metadataEntry {
    commitIndex: 25
  }
}
entries {
  term: 1
  index: 27
  stateMachineLogEntry {
    logData: "\001\001b\002@\255\220\000\000\000\000\000"
    clientId: "\352UGO\240\'E\342\217\226\016\315Ul\003\272"
    callId: 1350
  }
}
entries {
  term: 1
  index: 28
  metadataEntry {
    commitIndex: 27
  }
}
entries {
  term: 1
  index: 29
  stateMachineLogEntry {
    logData: "\001\001c\004\001\003\000\004\002\001\001a\004\002\001\001b"
    clientId: "\352UGO\240\'E\342\217\226\016\315Ul\003\272"
    callId: 1355
  }
}
entries {
  term: 1
  index: 30
  metadataEntry {
    commitIndex: 29
  }
}
entries {
  term: 1
  index: 31
  stateMachineLogEntry {
    logData: "\001\001a\000"
    clientId: "\352UGO\240\'E\342\217\226\016\315Ul\003\272"
    callId: 1360
  }
}
entries {
  term: 1
  index: 32
  metadataEntry {
    commitIndex: 31
  }
}
entries {
  term: 1
  index: 33
  stateMachineLogEntry {
    logData: "\001\001b\000"
    clientId: "\352UGO\240\'E\342\217\226\016\315Ul\003\272"
    callId: 1364
  }
}
entries {
  term: 1
  index: 34
  metadataEntry {
    commitIndex: 33
  }
}
entries {
  term: 1
  index: 35
  stateMachineLogEntry {
    logData: "\001\001c\000"
    clientId: "\352UGO\240\'E\342\217\226\016\315Ul\003\272"
    callId: 1369
  }
}
entries {
  term: 1
  index: 36
  metadataEntry {
    commitIndex: 35
  }
}
entries {
  term: 1
  index: 37
  stateMachineLogEntry {
    logData: "\001\001a\002@V@\000\000\000\000\000"
    clientId: "\352UGO\240\'E\342\217\226\016\315Ul\003\272"
    callId: 1374
  }
}
entries {
  term: 1
  index: 38
  metadataEntry {
    commitIndex: 37
  }
}
entries {
  term: 1
  index: 39
  stateMachineLogEntry {
    logData: "\001\001b\002@\256\360\000\000\000\000\000"
    clientId: "\352UGO\240\'E\342\217\226\016\315Ul\003\272"
    callId: 1380
  }
}
entries {
  term: 1
  index: 40
  metadataEntry {
    commitIndex: 39
  }
}
entries {
  term: 1
  index: 41
  stateMachineLogEntry {
    logData: "\001\001c\004\001\003\000\004\002\001\001a\004\002\001\001b"
    clientId: "\352UGO\240\'E\342\217\226\016\315Ul\003\272"
    callId: 1384
  }
}
entries {
  term: 1
  index: 42
  metadataEntry {
    commitIndex: 41
  }
}
entries {
  term: 1
  index: 43
  stateMachineLogEntry {
    logData: "\001\001a\000"
    clientId: "\352UGO\240\'E\342\217\226\016\315Ul\003\272"
    callId: 1390
  }
}
entries {
  term: 1
  index: 44
  metadataEntry {
    commitIndex: 43
  }
}
entries {
  term: 1
  index: 45
  stateMachineLogEntry {
    logData: "\001\001b\000"
    clientId: "\352UGO\240\'E\342\217\226\016\315Ul\003\272"
    callId: 1395
  }
}
entries {
  term: 1
  index: 46
  metadataEntry {
    commitIndex: 45
  }
}
entries {
  term: 1
  index: 47
  stateMachineLogEntry {
    logData: "\001\001c\000"
    clientId: "\352UGO\240\'E\342\217\226\016\315Ul\003\272"
    callId: 1399
  }
}
entries {
  term: 1
  index: 48
  metadataEntry {
    commitIndex: 47
  }
}
entries {
  term: 1
  index: 49
  stateMachineLogEntry {
    logData: "\001\001a\002@V\300\000\000\000\000\000"
    clientId: "\352UGO\240\'E\342\217\226\016\315Ul\003\272"
    callId: 1404
  }
}
entries {
  term: 1
  index: 50
  metadataEntry {
    commitIndex: 49
  }
}
entries {
  term: 1
  index: 51
  stateMachineLogEntry {
    logData: "\001\001b\002@\260,\000\000\000\000\000"
    clientId: "\352UGO\240\'E\342\217\226\016\315Ul\003\272"
    callId: 1409
  }
}
entries {
  term: 1
  index: 52
  metadataEntry {
    commitIndex: 51
  }
}
entries {
  term: 1
  index: 53
  stateMachineLogEntry {
    logData: "\001\001c\004\001\003\000\004\002\001\001a\004\002\001\001b"
    clientId: "\352UGO\240\'E\342\217\226\016\315Ul\003\272"
    callId: 1415
  }
}
entries {
  term: 1
  index: 54
  metadataEntry {
    commitIndex: 53
  }
}
entries {
  term: 1
  index: 55
  stateMachineLogEntry {
    logData: "\001\001a\000"
    clientId: "\352UGO\240\'E\342\217\226\016\315Ul\003\272"
    callId: 1419
  }
}
entries {
  term: 1
  index: 56
  metadataEntry {
    commitIndex: 55
  }
}
entries {
  term: 1
  index: 57
  stateMachineLogEntry {
    logData: "\001\001b\000"
    clientId: "\352UGO\240\'E\342\217\226\016\315Ul\003\272"
    callId: 1425
  }
}
entries {
  term: 1
  index: 58
  metadataEntry {
    commitIndex: 57
  }
}
entries {
  term: 1
  index: 59
  stateMachineLogEntry {
    logData: "\001\001c\000"
    clientId: "\352UGO\240\'E\342\217\226\016\315Ul\003\272"
    callId: 1430
  }
}
entries {
  term: 1
  index: 60
  metadataEntry {
    commitIndex: 59
  }
}
entries {
  term: 1
  index: 61
  stateMachineLogEntry {
    logData: "\001\001a\002@W@\000\000\000\000\000"
    clientId: "\352UGO\240\'E\342\217\226\016\315Ul\003\272"
    callId: 1435
  }
}
entries {
  term: 1
  index: 62
  metadataEntry {
    commitIndex: 61
  }
}
entries {
  term: 1
  index: 63
  stateMachineLogEntry {
    logData: "\001\001b\002@\260\344\000\000\000\000\000"
    clientId: "\352UGO\240\'E\342\217\226\016\315Ul\003\272"
    callId: 1440
  }
}
entries {
  term: 1
  index: 64
  metadataEntry {
    commitIndex: 63
  }
}
entries {
  term: 1
  index: 65
  stateMachineLogEntry {
    logData: "\001\001c\004\001\003\000\004\002\001\001a\004\002\001\001b"
    clientId: "\352UGO\240\'E\342\217\226\016\315Ul\003\272"
    callId: 1445
  }
}
entries {
  term: 1
  index: 66
  metadataEntry {
    commitIndex: 65
  }
}
entries {
  term: 1
  index: 67
  stateMachineLogEntry {
    logData: "\001\001a\000"
    clientId: "\352UGO\240\'E\342\217\226\016\315Ul\003\272"
    callId: 1450
  }
}
entries {
  term: 1
  index: 68
  metadataEntry {
    commitIndex: 67
  }
}
entries {
  term: 1
  index: 69
  stateMachineLogEntry {
    logData: "\001\001b\000"
    clientId: "\352UGO\240\'E\342\217\226\016\315Ul\003\272"
    callId: 1455
  }
}
entries {
  term: 1
  index: 70
  metadataEntry {
    commitIndex: 69
  }
}
entries {
  term: 1
  index: 71
  stateMachineLogEntry {
    logData: "\001\001c\000"
    clientId: "\352UGO\240\'E\342\217\226\016\315Ul\003\272"
    callId: 1459
  }
}
entries {
  term: 1
  index: 72
  metadataEntry {
    commitIndex: 71
  }
}
entries {
  term: 1
  index: 73
  stateMachineLogEntry {
    logData: "\001\001a\002@W\300\000\000\000\000\000"
    clientId: "\352UGO\240\'E\342\217\226\016\315Ul\003\272"
    callId: 1465
  }
}
entries {
  term: 1
  index: 74
  metadataEntry {
    commitIndex: 73
  }
}
entries {
  term: 1
  index: 75
  stateMachineLogEntry {
    logData: "\001\001b\002@\261\240\000\000\000\000\000"
    clientId: "\352UGO\240\'E\342\217\226\016\315Ul\003\272"
    callId: 1469
  }
}
entries {
  term: 1
  index: 76
  metadataEntry {
    commitIndex: 75
  }
}
entries {
  term: 1
  index: 77
  stateMachineLogEntry {
    logData: "\001\001c\004\001\003\000\004\002\001\001a\004\002\001\001b"
    clientId: "\352UGO\240\'E\342\217\226\016\315Ul\003\272"
    callId: 1475
  }
}
entries {
  term: 1
  index: 78
  metadataEntry {
    commitIndex: 77
  }
}
entries {
  term: 1
  index: 79
  stateMachineLogEntry {
    logData: "\001\001a\000"
    clientId: "\352UGO\240\'E\342\217\226\016\315Ul\003\272"
    callId: 1479
  }
}
entries {
  term: 1
  index: 80
  metadataEntry {
    commitIndex: 79
  }
}
entries {
  term: 1
  index: 81
  stateMachineLogEntry {
    logData: "\001\001b\000"
    clientId: "\352UGO\240\'E\342\217\226\016\315Ul\003\272"
    callId: 1485
  }
}
entries {
  term: 1
  index: 82
  metadataEntry {
    commitIndex: 81
  }
}
entries {
  term: 1
  index: 83
  stateMachineLogEntry {
    logData: "\001\001c\000"
    clientId: "\352UGO\240\'E\342\217\226\016\315Ul\003\272"
    callId: 1490
  }
}
entries {
  term: 1
  index: 84
  metadataEntry {
    commitIndex: 83
  }
}
entries {
  term: 1
  index: 85
  stateMachineLogEntry {
    logData: "\001\001a\002@X@\000\000\000\000\000"
    clientId: "\352UGO\240\'E\342\217\226\016\315Ul\003\272"
    callId: 1495
  }
}
entries {
  term: 1
  index: 86
  metadataEntry {
    commitIndex: 85
  }
}
entries {
  term: 1
  index: 87
  stateMachineLogEntry {
    logData: "\001\001b\002@\262`\000\000\000\000\000"
    clientId: "\352UGO\240\'E\342\217\226\016\315Ul\003\272"
    callId: 1499
  }
}
entries {
  term: 1
  index: 88
  metadataEntry {
    commitIndex: 87
  }
}
entries {
  term: 1
  index: 89
  stateMachineLogEntry {
    logData: "\001\001c\004\001\003\000\004\002\001\001a\004\002\001\001b"
    clientId: "\352UGO\240\'E\342\217\226\016\315Ul\003\272"
    callId: 1505
  }
}
entries {
  term: 1
  index: 90
  metadataEntry {
    commitIndex: 89
  }
}
entries {
  term: 1
  index: 91
  stateMachineLogEntry {
    logData: "\001\001a\000"
    clientId: "\352UGO\240\'E\342\217\226\016\315Ul\003\272"
    callId: 1510
  }
}
entries {
  term: 1
  index: 92
  metadataEntry {
    commitIndex: 91
  }
}
entries {
  term: 1
  index: 93
  stateMachineLogEntry {
    logData: "\001\001b\000"
    clientId: "\352UGO\240\'E\342\217\226\016\315Ul\003\272"
    callId: 1518
  }
}
entries {
  term: 1
  index: 94
  metadataEntry {
    commitIndex: 93
  }
}
entries {
  term: 1
  index: 95
  stateMachineLogEntry {
    logData: "\001\001c\000"
    clientId: "\352UGO\240\'E\342\217\226\016\315Ul\003\272"
    callId: 1521
  }
}
entries {
  term: 1
  index: 96
  metadataEntry {
    commitIndex: 95
  }
}
entries {
  term: 1
  index: 97
  stateMachineLogEntry {
    logData: "\001\001a\002@X\300\000\000\000\000\000"
    clientId: "\352UGO\240\'E\342\217\226\016\315Ul\003\272"
    callId: 1525
  }
}
entries {
  term: 1
  index: 98
  metadataEntry {
    commitIndex: 97
  }
}
entries {
  term: 1
  index: 99
  stateMachineLogEntry {
    logData: "\001\001b\002@\263$\000\000\000\000\000"
    clientId: "\352UGO\240\'E\342\217\226\016\315Ul\003\272"
    callId: 1528
  }
}
entries {
  term: 1
  index: 100
  metadataEntry {
    commitIndex: 99
  }
}
entries {
  term: 1
  index: 101
  stateMachineLogEntry {
    logData: "\001\001c\004\001\003\000\004\002\001\001a\004\002\001\001b"
    clientId: "\352UGO\240\'E\342\217\226\016\315Ul\003\272"
    callId: 1534
  }
}
entries {
  term: 1
  index: 102
  metadataEntry {
    commitIndex: 101
  }
}
entries {
  term: 1
  index: 103
  stateMachineLogEntry {
    logData: "\001\001a\000"
    clientId: "\352UGO\240\'E\342\217\226\016\315Ul\003\272"
    callId: 1538
  }
}
entries {
  term: 1
  index: 104
  metadataEntry {
    commitIndex: 103
  }
}
entries {
  term: 1
  index: 105
  stateMachineLogEntry {
    logData: "\001\001b\000"
    clientId: "\352UGO\240\'E\342\217\226\016\315Ul\003\272"
    callId: 1542
  }
}
entries {
  term: 1
  index: 106
  metadataEntry {
    commitIndex: 105
  }
}
entries {
  term: 1
  index: 107
  stateMachineLogEntry {
    logData: "\001\001c\000"
    clientId: "\352UGO\240\'E\342\217\226\016\315Ul\003\272"
    callId: 1546
  }
}
entries {
  term: 1
  index: 108
  metadataEntry {
    commitIndex: 107
  }
}
entries {
  term: 1
  index: 109
  stateMachineLogEntry {
    logData: "\001\001a\002@Y@\000\000\000\000\000"
    clientId: "\352UGO\240\'E\342\217\226\016\315Ul\003\272"
    callId: 1550
  }
}
entries {
  term: 1
  index: 110
  metadataEntry {
    commitIndex: 109
  }
}
entries {
  term: 1
  index: 111
  stateMachineLogEntry {
    logData: "\001\001b\002@\263\354\000\000\000\000\000"
    clientId: "\352UGO\240\'E\342\217\226\016\315Ul\003\272"
    callId: 1556
  }
}
entries {
  term: 1
  index: 112
  metadataEntry {
    commitIndex: 111
  }
}
entries {
  term: 1
  index: 113
  stateMachineLogEntry {
    logData: "\001\001c\004\001\003\000\004\002\001\001a\004\002\001\001b"
    clientId: "\352UGO\240\'E\342\217\226\016\315Ul\003\272"
    callId: 1560
  }
}
entries {
  term: 1
  index: 114
  metadataEntry {
    commitIndex: 113
  }
}
entries {
  term: 1
  index: 115
  stateMachineLogEntry {
    logData: "\001\001a\000"
    clientId: "\352UGO\240\'E\342\217\226\016\315Ul\003\272"
    callId: 1566
  }
}
entries {
  term: 1
  index: 116
  metadataEntry {
    commitIndex: 115
  }
}
entries {
  term: 1
  index: 117
  stateMachineLogEntry {
    logData: "\001\001b\000"
    clientId: "\352UGO\240\'E\342\217\226\016\315Ul\003\272"
    callId: 1572
  }
}
entries {
  term: 1
  index: 118
  metadataEntry {
    commitIndex: 117
  }
}
entries {
  term: 1
  index: 119
  stateMachineLogEntry {
    logData: "\001\001c\000"
    clientId: "\352UGO\240\'E\342\217\226\016\315Ul\003\272"
    callId: 1577
  }
}
entries {
  term: 1
  index: 120
  metadataEntry {
    commitIndex: 119
  }
}
leaderCommit: 120
initializing: true
commitInfos {
  server {
    id: "s7"
    startupRole: FOLLOWER
  }
  commitIndex: 120
}
commitInfos {
  server {
    id: "s8"
    startupRole: FOLLOWER
  }
  commitIndex: 120
}
commitInfos {
  server {
    id: "s9"
    startupRole: FOLLOWER
  }
  commitIndex: 120
}
commitInfos {
  server {
    id: "s0"
    startupRole: FOLLOWER
  }
  commitIndex: 18446744073709551615
}
commitInfos {
  server {
    id: "s1"
    startupRole: FOLLOWER
  }
  commitIndex: 18446744073709551615
}
)
2024-10-31 03:28:34,518 WARN  util.ReferenceCountedLeakDetector (ReferenceCountedLeakDetector.java:logLeakMessage(167)) - LEAK: (class org.apache.ratis.proto.RaftProtos$AppendEntriesRequestProto, count=1, value=serverRequest {
  requestorId: "s7"
  replyId: "s8"
  raftGroupId {
    id: "\202F\320\347\233hC*\244cL\330{\005^:"
  }
  callId: 1378
}
leaderTerm: 1
previousLog {
  term: 1
  index: 37
}
entries {
  term: 1
  index: 38
  metadataEntry {
    commitIndex: 37
  }
}
leaderCommit: 37
commitInfos {
  server {
    id: "s7"
    startupRole: FOLLOWER
  }
  commitIndex: 37
}
commitInfos {
  server {
    id: "s8"
    startupRole: FOLLOWER
  }
  commitIndex: 36
}
commitInfos {
  server {
    id: "s9"
    startupRole: FOLLOWER
  }
  commitIndex: 36
}
)
2024-10-31 03:28:34,518 WARN  util.ReferenceCountedLeakDetector (ReferenceCountedLeakDetector.java:logLeakMessage(167)) - LEAK: (class org.apache.ratis.protocol.RaftClientRequest, count=1, value=RaftClientRequest:client-0ECD556C03BA->s7@group-4CD87B055E3A, cid=1364, seq=null, RW, b = null)
2024-10-31 03:28:34,518 WARN  util.ReferenceCountedLeakDetector (ReferenceCountedLeakDetector.java:logLeakMessage(167)) - LEAK: (class org.apache.ratis.proto.RaftProtos$AppendEntriesRequestProto, count=1, value=serverRequest {
  requestorId: "s7"
  replyId: "s8"
  raftGroupId {
    id: "\202F\320\347\233hC*\244cL\330{\005^:"
  }
  callId: 1373
}
leaderTerm: 1
previousLog {
  term: 1
  index: 35
}
entries {
  term: 1
  index: 36
  metadataEntry {
    commitIndex: 35
  }
}
leaderCommit: 35
commitInfos {
  server {
    id: "s7"
    startupRole: FOLLOWER
  }
  commitIndex: 35
}
commitInfos {
  server {
    id: "s8"
    startupRole: FOLLOWER
  }
  commitIndex: 34
}
commitInfos {
  server {
    id: "s9"
    startupRole: FOLLOWER
  }
  commitIndex: 33
}
)
2024-10-31 03:28:34,518 WARN  util.ReferenceCountedLeakDetector (ReferenceCountedLeakDetector.java:logLeakMessage(167)) - LEAK: (class org.apache.ratis.proto.RaftProtos$LogEntryProto, count=1, value=term: 1
index: 14
metadataEntry {
  commitIndex: 13
}
)
2024-10-31 03:28:34,518 WARN  util.ReferenceCountedLeakDetector (ReferenceCountedLeakDetector.java:logLeakMessage(167)) - LEAK: (class org.apache.ratis.proto.RaftProtos$LogEntryProto, count=1, value=term: 1
index: 106
metadataEntry {
  commitIndex: 105
}
)
2024-10-31 03:28:34,518 WARN  util.ReferenceCountedLeakDetector (ReferenceCountedLeakDetector.java:logLeakMessage(167)) - LEAK: (class org.apache.ratis.proto.RaftProtos$AppendEntriesRequestProto, count=1, value=serverRequest {
  requestorId: "s7"
  replyId: "s8"
  raftGroupId {
    id: "\202F\320\347\233hC*\244cL\330{\005^:"
  }
  callId: 1325
}
leaderTerm: 1
previousLog {
  term: 1
  index: 15
}
entries {
  term: 1
  index: 16
  metadataEntry {
    commitIndex: 15
  }
}
leaderCommit: 15
commitInfos {
  server {
    id: "s7"
    startupRole: FOLLOWER
  }
  commitIndex: 15
}
commitInfos {
  server {
    id: "s8"
    startupRole: FOLLOWER
  }
  commitIndex: 14
}
commitInfos {
  server {
    id: "s9"
    startupRole: FOLLOWER
  }
  commitIndex: 14
}
)
2024-10-31 03:28:34,519 WARN  util.ReferenceCountedLeakDetector (ReferenceCountedLeakDetector.java:logLeakMessage(167)) - LEAK: (class org.apache.ratis.protocol.RaftClientRequest, count=1, value=RaftClientRequest:client-0ECD556C03BA->s7@group-4CD87B055E3A, cid=1505, seq=null, RW, c = √(a^2 + b^2))
2024-10-31 03:28:34,519 WARN  util.ReferenceCountedLeakDetector (ReferenceCountedLeakDetector.java:logLeakMessage(167)) - LEAK: (class org.apache.ratis.proto.RaftProtos$AppendEntriesRequestProto, count=1, value=serverRequest {
  requestorId: "s7"
  replyId: "s8"
  raftGroupId {
    id: "\202F\320\347\233hC*\244cL\330{\005^:"
  }
  callId: 1578
}
leaderTerm: 1
previousLog {
  term: 1
  index: 118
}
entries {
  term: 1
  index: 119
  stateMachineLogEntry {
    logData: "\001\001c\000"
    clientId: "\352UGO\240\'E\342\217\226\016\315Ul\003\272"
    callId: 1577
  }
}
leaderCommit: 118
initializing: true
commitInfos {
  server {
    id: "s7"
    startupRole: FOLLOWER
  }
  commitIndex: 118
}
commitInfos {
  server {
    id: "s8"
    startupRole: FOLLOWER
  }
  commitIndex: 117
}
commitInfos {
  server {
    id: "s9"
    startupRole: FOLLOWER
  }
  commitIndex: 115
}
)
2024-10-31 03:28:34,519 WARN  util.ReferenceCountedLeakDetector (ReferenceCountedLeakDetector.java:logLeakMessage(167)) - LEAK: (class org.apache.ratis.proto.RaftProtos$LogEntryProto, count=1, value=term: 1
index: 22
metadataEntry {
  commitIndex: 21
}
)
2024-10-31 03:28:34,519 WARN  util.ReferenceCountedLeakDetector (ReferenceCountedLeakDetector.java:logLeakMessage(167)) - LEAK: (class org.apache.ratis.proto.RaftProtos$LogEntryProto, count=1, value=term: 1
index: 90
metadataEntry {
  commitIndex: 89
}
)
2024-10-31 03:28:34,519 WARN  util.ReferenceCountedLeakDetector (ReferenceCountedLeakDetector.java:logLeakMessage(167)) - LEAK: (class org.apache.ratis.protocol.RaftClientRequest, count=1, value=RaftClientRequest:client-0ECD556C03BA->s7@group-4CD87B055E3A, cid=1542, seq=null, RW, b = null)
2024-10-31 03:28:34,519 WARN  util.ReferenceCountedLeakDetector (ReferenceCountedLeakDetector.java:logLeakMessage(167)) - LEAK: (class org.apache.ratis.proto.RaftProtos$AppendEntriesRequestProto, count=1, value=serverRequest {
  requestorId: "s7"
  replyId: "s8"
  raftGroupId {
    id: "\202F\320\347\233hC*\244cL\330{\005^:"
  }
  callId: 1407
}
leaderTerm: 1
previousLog {
  term: 1
  index: 48
}
entries {
  term: 1
  index: 49
  stateMachineLogEntry {
    logData: "\001\001a\002@V\300\000\000\000\000\000"
    clientId: "\352UGO\240\'E\342\217\226\016\315Ul\003\272"
    callId: 1404
  }
}
leaderCommit: 48
commitInfos {
  server {
    id: "s7"
    startupRole: FOLLOWER
  }
  commitIndex: 48
}
commitInfos {
  server {
    id: "s8"
    startupRole: FOLLOWER
  }
  commitIndex: 47
}
commitInfos {
  server {
    id: "s9"
    startupRole: FOLLOWER
  }
  commitIndex: 47
}
)
2024-10-31 03:28:34,519 WARN  util.ReferenceCountedLeakDetector (ReferenceCountedLeakDetector.java:logLeakMessage(167)) - LEAK: (class org.apache.ratis.proto.RaftProtos$AppendEntriesRequestProto, count=1, value=serverRequest {
  requestorId: "s7"
  replyId: "s8"
  raftGroupId {
    id: "\202F\320\347\233hC*\244cL\330{\005^:"
  }
  callId: 1454
}
leaderTerm: 1
previousLog {
  term: 1
  index: 67
}
entries {
  term: 1
  index: 68
  metadataEntry {
    commitIndex: 67
  }
}
leaderCommit: 67
commitInfos {
  server {
    id: "s7"
    startupRole: FOLLOWER
  }
  commitIndex: 67
}
commitInfos {
  server {
    id: "s8"
    startupRole: FOLLOWER
  }
  commitIndex: 66
}
commitInfos {
  server {
    id: "s9"
    startupRole: FOLLOWER
  }
  commitIndex: 66
}
)
2024-10-31 03:28:34,520 WARN  util.ReferenceCountedLeakDetector (ReferenceCountedLeakDetector.java:logLeakMessage(167)) - LEAK: (class org.apache.ratis.protocol.RaftClientRequest, count=1, value=RaftClientRequest:client-0ECD556C03BA->s7@group-4CD87B055E3A, cid=1360, seq=null, RW, a = null)
2024-10-31 03:28:34,520 WARN  util.ReferenceCountedLeakDetector (ReferenceCountedLeakDetector.java:logLeakMessage(167)) - LEAK: (class org.apache.ratis.proto.RaftProtos$AppendEntriesRequestProto, count=1, value=serverRequest {
  requestorId: "s7"
  replyId: "s8"
  raftGroupId {
    id: "\202F\320\347\233hC*\244cL\330{\005^:"
  }
  callId: 1398
}
leaderTerm: 1
previousLog {
  term: 1
  index: 45
}
entries {
  term: 1
  index: 46
  metadataEntry {
    commitIndex: 45
  }
}
leaderCommit: 45
commitInfos {
  server {
    id: "s7"
    startupRole: FOLLOWER
  }
  commitIndex: 45
}
commitInfos {
  server {
    id: "s8"
    startupRole: FOLLOWER
  }
  commitIndex: 44
}
commitInfos {
  server {
    id: "s9"
    startupRole: FOLLOWER
  }
  commitIndex: 43
}
)
2024-10-31 03:28:34,520 WARN  util.ReferenceCountedLeakDetector (ReferenceCountedLeakDetector.java:logLeakMessage(167)) - LEAK: (class org.apache.ratis.proto.RaftProtos$LogEntryProto, count=1, value=term: 1
index: 36
metadataEntry {
  commitIndex: 35
}
)
2024-10-31 03:28:34,520 WARN  util.ReferenceCountedLeakDetector (ReferenceCountedLeakDetector.java:logLeakMessage(167)) - LEAK: (class org.apache.ratis.proto.RaftProtos$AppendEntriesRequestProto, count=1, value=serverRequest {
  requestorId: "s7"
  replyId: "s8"
  raftGroupId {
    id: "\202F\320\347\233hC*\244cL\330{\005^:"
  }
  callId: 1563
}
leaderTerm: 1
previousLog {
  term: 1
  index: 112
}
entries {
  term: 1
  index: 113
  stateMachineLogEntry {
    logData: "\001\001c\004\001\003\000\004\002\001\001a\004\002\001\001b"
    clientId: "\352UGO\240\'E\342\217\226\016\315Ul\003\272"
    callId: 1560
  }
}
leaderCommit: 112
initializing: true
commitInfos {
  server {
    id: "s7"
    startupRole: FOLLOWER
  }
  commitIndex: 112
}
commitInfos {
  server {
    id: "s8"
    startupRole: FOLLOWER
  }
  commitIndex: 111
}
commitInfos {
  server {
    id: "s9"
    startupRole: FOLLOWER
  }
  commitIndex: 110
}
)
2024-10-31 03:28:34,520 WARN  util.ReferenceCountedLeakDetector (ReferenceCountedLeakDetector.java:logLeakMessage(167)) - LEAK: (class org.apache.ratis.proto.RaftProtos$LogEntryProto, count=1, value=term: 1
index: 98
metadataEntry {
  commitIndex: 97
}
)
2024-10-31 03:28:34,520 WARN  util.ReferenceCountedLeakDetector (ReferenceCountedLeakDetector.java:logLeakMessage(167)) - LEAK: (class org.apache.ratis.proto.RaftProtos$LogEntryProto, count=1, value=term: 1
index: 16
metadataEntry {
  commitIndex: 15
}
)
2024-10-31 03:28:34,520 WARN  util.ReferenceCountedLeakDetector (ReferenceCountedLeakDetector.java:logLeakMessage(167)) - LEAK: (class org.apache.ratis.proto.RaftProtos$AppendEntriesRequestProto, count=1, value=serverRequest {
  requestorId: "s7"
  replyId: "s8"
  raftGroupId {
    id: "\202F\320\347\233hC*\244cL\330{\005^:"
  }
  callId: 1334
}
leaderTerm: 1
previousLog {
  term: 1
  index: 19
}
entries {
  term: 1
  index: 20
  metadataEntry {
    commitIndex: 19
  }
}
leaderCommit: 19
commitInfos {
  server {
    id: "s7"
    startupRole: FOLLOWER
  }
  commitIndex: 19
}
commitInfos {
  server {
    id: "s8"
    startupRole: FOLLOWER
  }
  commitIndex: 18
}
commitInfos {
  server {
    id: "s9"
    startupRole: FOLLOWER
  }
  commitIndex: 17
}
)
2024-10-31 03:28:34,520 WARN  util.ReferenceCountedLeakDetector (ReferenceCountedLeakDetector.java:logLeakMessage(167)) - LEAK: (class org.apache.ratis.proto.RaftProtos$AppendEntriesRequestProto, count=1, value=serverRequest {
  requestorId: "s7"
  replyId: "s8"
  raftGroupId {
    id: "\202F\320\347\233hC*\244cL\330{\005^:"
  }
  callId: 1318
}
leaderTerm: 1
previousLog {
  term: 1
  index: 12
}
entries {
  term: 1
  index: 13
  stateMachineLogEntry {
    logData: "\001\001a\002@U@\000\000\000\000\000"
    clientId: "\352UGO\240\'E\342\217\226\016\315Ul\003\272"
    callId: 1316
  }
}
leaderCommit: 12
commitInfos {
  server {
    id: "s7"
    startupRole: FOLLOWER
  }
  commitIndex: 12
}
commitInfos {
  server {
    id: "s8"
    startupRole: FOLLOWER
  }
  commitIndex: 11
}
commitInfos {
  server {
    id: "s9"
    startupRole: FOLLOWER
  }
  commitIndex: 11
}
)
2024-10-31 03:28:34,521 WARN  util.ReferenceCountedLeakDetector (ReferenceCountedLeakDetector.java:logLeakMessage(167)) - LEAK: (class org.apache.ratis.proto.RaftProtos$AppendEntriesRequestProto, count=1, value=serverRequest {
  requestorId: "s7"
  replyId: "s8"
  raftGroupId {
    id: "\202F\320\347\233hC*\244cL\330{\005^:"
  }
  callId: 1412
}
leaderTerm: 1
previousLog {
  term: 1
  index: 50
}
entries {
  term: 1
  index: 51
  stateMachineLogEntry {
    logData: "\001\001b\002@\260,\000\000\000\000\000"
    clientId: "\352UGO\240\'E\342\217\226\016\315Ul\003\272"
    callId: 1409
  }
}
leaderCommit: 49
commitInfos {
  server {
    id: "s7"
    startupRole: FOLLOWER
  }
  commitIndex: 49
}
commitInfos {
  server {
    id: "s8"
    startupRole: FOLLOWER
  }
  commitIndex: 49
}
commitInfos {
  server {
    id: "s9"
    startupRole: FOLLOWER
  }
  commitIndex: 49
}
)
2024-10-31 03:28:34,521 WARN  util.ReferenceCountedLeakDetector (ReferenceCountedLeakDetector.java:logLeakMessage(167)) - LEAK: (class org.apache.ratis.proto.RaftProtos$AppendEntriesRequestProto, count=1, value=serverRequest {
  requestorId: "s7"
  replyId: "s8"
  raftGroupId {
    id: "\202F\320\347\233hC*\244cL\330{\005^:"
  }
  callId: 1301
}
leaderTerm: 1
previousLog {
  term: 1
  index: 5
}
entries {
  term: 1
  index: 6
  metadataEntry {
    commitIndex: 5
  }
}
leaderCommit: 5
commitInfos {
  server {
    id: "s7"
    startupRole: FOLLOWER
  }
  commitIndex: 5
}
commitInfos {
  server {
    id: "s8"
    startupRole: FOLLOWER
  }
  commitIndex: 3
}
commitInfos {
  server {
    id: "s9"
    startupRole: FOLLOWER
  }
  commitIndex: 2
}
)
2024-10-31 03:28:34,521 WARN  util.ReferenceCountedLeakDetector (ReferenceCountedLeakDetector.java:logLeakMessage(167)) - LEAK: (class org.apache.ratis.protocol.RaftClientRequest, count=1, value=RaftClientRequest:client-0ECD556C03BA->s7@group-4CD87B055E3A, cid=1306, seq=null, RW, b = null)
2024-10-31 03:28:34,521 WARN  util.ReferenceCountedLeakDetector (ReferenceCountedLeakDetector.java:logLeakMessage(167)) - LEAK: (class org.apache.ratis.proto.RaftProtos$AppendEntriesRequestProto, count=1, value=serverRequest {
  requestorId: "s7"
  replyId: "s8"
  raftGroupId {
    id: "\202F\320\347\233hC*\244cL\330{\005^:"
  }
  callId: 1439
}
leaderTerm: 1
previousLog {
  term: 1
  index: 61
}
entries {
  term: 1
  index: 62
  metadataEntry {
    commitIndex: 61
  }
}
leaderCommit: 61
commitInfos {
  server {
    id: "s7"
    startupRole: FOLLOWER
  }
  commitIndex: 61
}
commitInfos {
  server {
    id: "s8"
    startupRole: FOLLOWER
  }
  commitIndex: 60
}
commitInfos {
  server {
    id: "s9"
    startupRole: FOLLOWER
  }
  commitIndex: 60
}
)
2024-10-31 03:28:34,521 WARN  util.ReferenceCountedLeakDetector (ReferenceCountedLeakDetector.java:logLeakMessage(167)) - LEAK: (class org.apache.ratis.proto.RaftProtos$AppendEntriesRequestProto, count=1, value=serverRequest {
  requestorId: "s7"
  replyId: "s8"
  raftGroupId {
    id: "\202F\320\347\233hC*\244cL\330{\005^:"
  }
  callId: 1526
}
leaderTerm: 1
previousLog {
  term: 1
  index: 95
}
entries {
  term: 1
  index: 96
  metadataEntry {
    commitIndex: 95
  }
}
leaderCommit: 95
initializing: true
commitInfos {
  server {
    id: "s7"
    startupRole: FOLLOWER
  }
  commitIndex: 95
}
commitInfos {
  server {
    id: "s8"
    startupRole: FOLLOWER
  }
  commitIndex: 94
}
commitInfos {
  server {
    id: "s9"
    startupRole: FOLLOWER
  }
  commitIndex: 93
}
)
2024-10-31 03:28:34,521 WARN  util.ReferenceCountedLeakDetector (ReferenceCountedLeakDetector.java:logLeakMessage(167)) - LEAK: (class org.apache.ratis.proto.RaftProtos$AppendEntriesRequestProto, count=1, value=serverRequest {
  requestorId: "s7"
  replyId: "s8"
  raftGroupId {
    id: "\202F\320\347\233hC*\244cL\330{\005^:"
  }
  callId: 1471
}
leaderTerm: 1
previousLog {
  term: 1
  index: 74
}
entries {
  term: 1
  index: 75
  stateMachineLogEntry {
    logData: "\001\001b\002@\261\240\000\000\000\000\000"
    clientId: "\352UGO\240\'E\342\217\226\016\315Ul\003\272"
    callId: 1469
  }
}
leaderCommit: 73
commitInfos {
  server {
    id: "s7"
    startupRole: FOLLOWER
  }
  commitIndex: 73
}
commitInfos {
  server {
    id: "s8"
    startupRole: FOLLOWER
  }
  commitIndex: 73
}
commitInfos {
  server {
    id: "s9"
    startupRole: FOLLOWER
  }
  commitIndex: 72
}
)
2024-10-31 03:28:34,521 WARN  util.ReferenceCountedLeakDetector (ReferenceCountedLeakDetector.java:logLeakMessage(167)) - LEAK: (class org.apache.ratis.proto.RaftProtos$AppendEntriesRequestProto, count=1, value=serverRequest {
  requestorId: "s7"
  replyId: "s8"
  raftGroupId {
    id: "\202F\320\347\233hC*\244cL\330{\005^:"
  }
  callId: 1381
}
leaderTerm: 1
previousLog {
  term: 1
  index: 38
}
entries {
  term: 1
  index: 39
  stateMachineLogEntry {
    logData: "\001\001b\002@\256\360\000\000\000\000\000"
    clientId: "\352UGO\240\'E\342\217\226\016\315Ul\003\272"
    callId: 1380
  }
}
leaderCommit: 38
commitInfos {
  server {
    id: "s7"
    startupRole: FOLLOWER
  }
  commitIndex: 38
}
commitInfos {
  server {
    id: "s8"
    startupRole: FOLLOWER
  }
  commitIndex: 37
}
commitInfos {
  server {
    id: "s9"
    startupRole: FOLLOWER
  }
  commitIndex: 37
}
)
2024-10-31 03:28:34,522 WARN  util.ReferenceCountedLeakDetector (ReferenceCountedLeakDetector.java:logLeakMessage(167)) - LEAK: (class org.apache.ratis.proto.RaftProtos$AppendEntriesRequestProto, count=1, value=serverRequest {
  requestorId: "s7"
  replyId: "s8"
  raftGroupId {
    id: "\202F\320\347\233hC*\244cL\330{\005^:"
  }
  callId: 1457
}
leaderTerm: 1
previousLog {
  term: 1
  index: 68
}
entries {
  term: 1
  index: 69
  stateMachineLogEntry {
    logData: "\001\001b\000"
    clientId: "\352UGO\240\'E\342\217\226\016\315Ul\003\272"
    callId: 1455
  }
}
leaderCommit: 68
commitInfos {
  server {
    id: "s7"
    startupRole: FOLLOWER
  }
  commitIndex: 68
}
commitInfos {
  server {
    id: "s8"
    startupRole: FOLLOWER
  }
  commitIndex: 67
}
commitInfos {
  server {
    id: "s9"
    startupRole: FOLLOWER
  }
  commitIndex: 67
}
)
2024-10-31 03:28:34,522 WARN  util.ReferenceCountedLeakDetector (ReferenceCountedLeakDetector.java:logLeakMessage(167)) - LEAK: (class org.apache.ratis.proto.RaftProtos$AppendEntriesRequestProto, count=1, value=serverRequest {
  requestorId: "s7"
  replyId: "s8"
  raftGroupId {
    id: "\202F\320\347\233hC*\244cL\330{\005^:"
  }
  callId: 1491
}
leaderTerm: 1
previousLog {
  term: 1
  index: 82
}
entries {
  term: 1
  index: 83
  stateMachineLogEntry {
    logData: "\001\001c\000"
    clientId: "\352UGO\240\'E\342\217\226\016\315Ul\003\272"
    callId: 1490
  }
}
leaderCommit: 82
commitInfos {
  server {
    id: "s7"
    startupRole: FOLLOWER
  }
  commitIndex: 82
}
commitInfos {
  server {
    id: "s8"
    startupRole: FOLLOWER
  }
  commitIndex: 81
}
commitInfos {
  server {
    id: "s9"
    startupRole: FOLLOWER
  }
  commitIndex: 81
}
)
2024-10-31 03:28:34,522 WARN  util.ReferenceCountedLeakDetector (ReferenceCountedLeakDetector.java:logLeakMessage(167)) - LEAK: (class org.apache.ratis.proto.RaftProtos$LogEntryProto, count=1, value=term: 1
index: 56
metadataEntry {
  commitIndex: 55
}
)
2024-10-31 03:28:34,522 WARN  util.ReferenceCountedLeakDetector (ReferenceCountedLeakDetector.java:logLeakMessage(167)) - LEAK: (class org.apache.ratis.proto.RaftProtos$AppendEntriesRequestProto, count=1, value=serverRequest {
  requestorId: "s7"
  replyId: "s8"
  raftGroupId {
    id: "\202F\320\347\233hC*\244cL\330{\005^:"
  }
  callId: 1519
}
leaderTerm: 1
previousLog {
  term: 1
  index: 92
}
entries {
  term: 1
  index: 93
  stateMachineLogEntry {
    logData: "\001\001b\000"
    clientId: "\352UGO\240\'E\342\217\226\016\315Ul\003\272"
    callId: 1518
  }
}
leaderCommit: 92
initializing: true
commitInfos {
  server {
    id: "s7"
    startupRole: FOLLOWER
  }
  commitIndex: 92
}
commitInfos {
  server {
    id: "s8"
    startupRole: FOLLOWER
  }
  commitIndex: 91
}
commitInfos {
  server {
    id: "s9"
    startupRole: FOLLOWER
  }
  commitIndex: 89
}
)
2024-10-31 03:28:34,522 WARN  util.LeakDetector (LeakDetector.java:assertNoLeaks(171)) - 0/30) numLeaks == 240 > 0, will wait and retry ...
2024-10-31 03:28:34,522 INFO  segmented.LogSegment (LogSegment.java:close(349)) - Successfully closed EntryCache-log_inprogress_0
2024-10-31 03:28:34,522 INFO  segmented.LogSegment (LogSegment.java:close(349)) - Successfully closed EntryCache-log_inprogress_0
2024-10-31 03:28:34,522 INFO  segmented.LogSegment (LogSegment.java:close(349)) - Successfully closed EntryCache-log_inprogress_0
2024-10-31 03:28:34,522 INFO  segmented.LogSegment (LogSegment.java:close(349)) - Successfully closed EntryCache-log_inprogress_0
2024-10-31 03:28:34,813 INFO  segmented.SegmentedRaftLogWorker (SegmentedRaftLogWorker.java:close(254)) - s3@group-4EB49E3E6D70-SegmentedRaftLogWorker close()
2024-10-31 03:28:34,813 INFO  raftlog.RaftLog (SegmentedRaftLog.java:close(576)) - Successfully closed s3@group-4EB49E3E6D70-SegmentedRaftLog:CLOSED:c-1
2024-10-31 03:28:34,841 INFO  segmented.SegmentedRaftLogWorker (SegmentedRaftLogWorker.java:close(254)) - s4@group-4EB49E3E6D70-SegmentedRaftLogWorker close()
2024-10-31 03:28:34,841 INFO  raftlog.RaftLog (SegmentedRaftLog.java:close(576)) - Successfully closed s4@group-4EB49E3E6D70-SegmentedRaftLog:CLOSED:c-1
2024-10-31 03:28:34,858 INFO  segmented.SegmentedRaftLogWorker (SegmentedRaftLogWorker.java:close(254)) - s5@group-4EB49E3E6D70-SegmentedRaftLogWorker close()
2024-10-31 03:28:34,858 INFO  raftlog.RaftLog (SegmentedRaftLog.java:close(576)) - Successfully closed s5@group-4EB49E3E6D70-SegmentedRaftLog:CLOSED:c-1
2024-10-31 03:28:34,869 INFO  segmented.SegmentedRaftLogWorker (SegmentedRaftLogWorker.java:close(254)) - s6@group-4EB49E3E6D70-SegmentedRaftLogWorker close()
2024-10-31 03:28:34,870 INFO  raftlog.RaftLog (SegmentedRaftLog.java:close(576)) - Successfully closed s6@group-4EB49E3E6D70-SegmentedRaftLog:CLOSED:c-1
2024-10-31 03:28:34,882 INFO  segmented.SegmentedRaftLogWorker (SegmentedRaftLogWorker.java:close(254)) - s7@group-4EB49E3E6D70-SegmentedRaftLogWorker close()
2024-10-31 03:28:34,882 INFO  raftlog.RaftLog (SegmentedRaftLog.java:close(576)) - Successfully closed s7@group-4EB49E3E6D70-SegmentedRaftLog:CLOSED:c-1
2024-10-31 03:28:34,900 INFO  segmented.SegmentedRaftLogWorker (SegmentedRaftLogWorker.java:close(254)) - s8@group-4EB49E3E6D70-SegmentedRaftLogWorker close()
2024-10-31 03:28:34,900 INFO  raftlog.RaftLog (SegmentedRaftLog.java:close(576)) - Successfully closed s8@group-4EB49E3E6D70-SegmentedRaftLog:CLOSED:c-1
2024-10-31 03:28:34,923 INFO  segmented.SegmentedRaftLogWorker (SegmentedRaftLogWorker.java:close(254)) - s9@group-4EB49E3E6D70-SegmentedRaftLogWorker close()
2024-10-31 03:28:34,924 INFO  raftlog.RaftLog (SegmentedRaftLog.java:close(576)) - Successfully closed s9@group-4EB49E3E6D70-SegmentedRaftLog:CLOSED:c-1
2024-10-31 03:28:34,935 INFO  segmented.SegmentedRaftLogWorker (SegmentedRaftLogWorker.java:close(254)) - s11@group-4EB49E3E6D70-SegmentedRaftLogWorker close()
2024-10-31 03:28:34,935 INFO  raftlog.RaftLog (SegmentedRaftLog.java:close(576)) - Successfully closed s11@group-4EB49E3E6D70-SegmentedRaftLog:CLOSED:c-1
2024-10-31 03:28:34,945 INFO  segmented.SegmentedRaftLogWorker (SegmentedRaftLogWorker.java:close(254)) - s10@group-4EB49E3E6D70-SegmentedRaftLogWorker close()
2024-10-31 03:28:34,945 INFO  raftlog.RaftLog (SegmentedRaftLog.java:close(576)) - Successfully closed s10@group-4EB49E3E6D70-SegmentedRaftLog:CLOSED:c-1
2024-10-31 03:28:34,956 INFO  segmented.SegmentedRaftLogWorker (SegmentedRaftLogWorker.java:close(254)) - s13@group-4EB49E3E6D70-SegmentedRaftLogWorker close()
2024-10-31 03:28:34,956 INFO  raftlog.RaftLog (SegmentedRaftLog.java:close(576)) - Successfully closed s13@group-4EB49E3E6D70-SegmentedRaftLog:CLOSED:c-1
2024-10-31 03:28:34,966 INFO  segmented.SegmentedRaftLogWorker (SegmentedRaftLogWorker.java:close(254)) - s12@group-4EB49E3E6D70-SegmentedRaftLogWorker close()
2024-10-31 03:28:34,966 INFO  raftlog.RaftLog (SegmentedRaftLog.java:close(576)) - Successfully closed s12@group-4EB49E3E6D70-SegmentedRaftLog:CLOSED:c-1
2024-10-31 03:28:34,982 INFO  segmented.SegmentedRaftLogWorker (SegmentedRaftLogWorker.java:close(254)) - s14@group-4EB49E3E6D70-SegmentedRaftLogWorker close()
2024-10-31 03:28:34,982 INFO  raftlog.RaftLog (SegmentedRaftLog.java:close(576)) - Successfully closed s14@group-4EB49E3E6D70-SegmentedRaftLog:CLOSED:c-1
2024-10-31 03:28:34,993 INFO  segmented.SegmentedRaftLogWorker (SegmentedRaftLogWorker.java:close(254)) - s0@group-4EB49E3E6D70-SegmentedRaftLogWorker close()
2024-10-31 03:28:34,994 INFO  raftlog.RaftLog (SegmentedRaftLog.java:close(576)) - Successfully closed s0@group-4EB49E3E6D70-SegmentedRaftLog:CLOSED:c-1
2024-10-31 03:28:35,004 INFO  segmented.SegmentedRaftLogWorker (SegmentedRaftLogWorker.java:close(254)) - s1@group-4EB49E3E6D70-SegmentedRaftLogWorker close()
2024-10-31 03:28:35,004 INFO  raftlog.RaftLog (SegmentedRaftLog.java:close(576)) - Successfully closed s1@group-4EB49E3E6D70-SegmentedRaftLog:CLOSED:c-1
2024-10-31 03:28:35,013 INFO  segmented.SegmentedRaftLogWorker (SegmentedRaftLogWorker.java:close(254)) - s2@group-4EB49E3E6D70-SegmentedRaftLogWorker close()
2024-10-31 03:28:35,014 INFO  raftlog.RaftLog (SegmentedRaftLog.java:close(576)) - Successfully closed s2@group-4EB49E3E6D70-SegmentedRaftLog:CLOSED:c-1
2024-10-31 03:28:35,122 INFO  segmented.SegmentedRaftLogWorker (SegmentedRaftLogWorker.java:close(254)) - s10@group-4CD87B055E3A-SegmentedRaftLogWorker close()
2024-10-31 03:28:35,122 INFO  raftlog.RaftLog (SegmentedRaftLog.java:close(576)) - Successfully closed s10@group-4CD87B055E3A-SegmentedRaftLog:CLOSED:c-1
2024-10-31 03:28:35,123 INFO  util.JvmPauseMonitor (JvmPauseMonitor.java:run(152)) - JvmPauseMonitor-s10: Stopped
2024-10-31 03:28:35,151 INFO  segmented.SegmentedRaftLogWorker (SegmentedRaftLogWorker.java:close(254)) - s11@group-4CD87B055E3A-SegmentedRaftLogWorker close()
2024-10-31 03:28:35,152 INFO  raftlog.RaftLog (SegmentedRaftLog.java:close(576)) - Successfully closed s11@group-4CD87B055E3A-SegmentedRaftLog:CLOSED:c-1
2024-10-31 03:28:35,152 INFO  util.JvmPauseMonitor (JvmPauseMonitor.java:run(152)) - JvmPauseMonitor-s11: Stopped
2024-10-31 03:28:35,164 INFO  segmented.SegmentedRaftLogWorker (SegmentedRaftLogWorker.java:close(254)) - s13@group-4CD87B055E3A-SegmentedRaftLogWorker close()
2024-10-31 03:28:35,164 INFO  raftlog.RaftLog (SegmentedRaftLog.java:close(576)) - Successfully closed s13@group-4CD87B055E3A-SegmentedRaftLog:CLOSED:c-1
2024-10-31 03:28:35,164 INFO  util.JvmPauseMonitor (JvmPauseMonitor.java:run(152)) - JvmPauseMonitor-s13: Stopped
2024-10-31 03:28:35,171 INFO  segmented.SegmentedRaftLogWorker (SegmentedRaftLogWorker.java:close(254)) - s12@group-4CD87B055E3A-SegmentedRaftLogWorker close()
2024-10-31 03:28:35,171 INFO  raftlog.RaftLog (SegmentedRaftLog.java:close(576)) - Successfully closed s12@group-4CD87B055E3A-SegmentedRaftLog:CLOSED:c-1
2024-10-31 03:28:35,171 INFO  segmented.SegmentedRaftLogWorker (SegmentedRaftLogWorker.java:close(254)) - s7@group-4CD87B055E3A-SegmentedRaftLogWorker close()
2024-10-31 03:28:35,171 INFO  util.JvmPauseMonitor (JvmPauseMonitor.java:run(152)) - JvmPauseMonitor-s12: Stopped
2024-10-31 03:28:35,171 INFO  raftlog.RaftLog (SegmentedRaftLog.java:close(576)) - Successfully closed s7@group-4CD87B055E3A-SegmentedRaftLog:CLOSED:c120
2024-10-31 03:28:35,172 INFO  util.JvmPauseMonitor (JvmPauseMonitor.java:run(152)) - JvmPauseMonitor-s7: Stopped
2024-10-31 03:28:35,174 INFO  segmented.SegmentedRaftLogWorker (SegmentedRaftLogWorker.java:close(254)) - s9@group-4CD87B055E3A-SegmentedRaftLogWorker close()
2024-10-31 03:28:35,174 INFO  segmented.SegmentedRaftLogWorker (SegmentedRaftLogWorker.java:close(254)) - s8@group-4CD87B055E3A-SegmentedRaftLogWorker close()
2024-10-31 03:28:35,175 INFO  raftlog.RaftLog (SegmentedRaftLog.java:close(576)) - Successfully closed s9@group-4CD87B055E3A-SegmentedRaftLog:CLOSED:c120
2024-10-31 03:28:35,175 INFO  raftlog.RaftLog (SegmentedRaftLog.java:close(576)) - Successfully closed s8@group-4CD87B055E3A-SegmentedRaftLog:CLOSED:c120
2024-10-31 03:28:35,177 INFO  util.JvmPauseMonitor (JvmPauseMonitor.java:run(152)) - JvmPauseMonitor-s9: Stopped
2024-10-31 03:28:35,177 INFO  util.JvmPauseMonitor (JvmPauseMonitor.java:run(152)) - JvmPauseMonitor-s8: Stopped
2024-10-31 03:28:35,182 INFO  segmented.SegmentedRaftLogWorker (SegmentedRaftLogWorker.java:close(254)) - s3@group-4CD87B055E3A-SegmentedRaftLogWorker close()
2024-10-31 03:28:35,183 INFO  raftlog.RaftLog (SegmentedRaftLog.java:close(576)) - Successfully closed s3@group-4CD87B055E3A-SegmentedRaftLog:CLOSED:c-1
2024-10-31 03:28:35,183 INFO  util.JvmPauseMonitor (JvmPauseMonitor.java:run(152)) - JvmPauseMonitor-s3: Stopped
2024-10-31 03:28:35,196 INFO  segmented.SegmentedRaftLogWorker (SegmentedRaftLogWorker.java:close(254)) - s14@group-4CD87B055E3A-SegmentedRaftLogWorker close()
2024-10-31 03:28:35,197 INFO  raftlog.RaftLog (SegmentedRaftLog.java:close(576)) - Successfully closed s14@group-4CD87B055E3A-SegmentedRaftLog:CLOSED:c-1
2024-10-31 03:28:35,197 INFO  util.JvmPauseMonitor (JvmPauseMonitor.java:run(152)) - JvmPauseMonitor-s14: Stopped
2024-10-31 03:28:35,206 INFO  segmented.SegmentedRaftLogWorker (SegmentedRaftLogWorker.java:close(254)) - s2@group-4CD87B055E3A-SegmentedRaftLogWorker close()
2024-10-31 03:28:35,207 INFO  raftlog.RaftLog (SegmentedRaftLog.java:close(576)) - Successfully closed s2@group-4CD87B055E3A-SegmentedRaftLog:CLOSED:c-1
2024-10-31 03:28:35,207 INFO  util.JvmPauseMonitor (JvmPauseMonitor.java:run(152)) - JvmPauseMonitor-s2: Stopped
2024-10-31 03:28:35,218 INFO  segmented.SegmentedRaftLogWorker (SegmentedRaftLogWorker.java:close(254)) - s4@group-4CD87B055E3A-SegmentedRaftLogWorker close()
2024-10-31 03:28:35,219 INFO  raftlog.RaftLog (SegmentedRaftLog.java:close(576)) - Successfully closed s4@group-4CD87B055E3A-SegmentedRaftLog:CLOSED:c-1
2024-10-31 03:28:35,219 INFO  util.JvmPauseMonitor (JvmPauseMonitor.java:run(152)) - JvmPauseMonitor-s4: Stopped
2024-10-31 03:28:35,231 INFO  segmented.SegmentedRaftLogWorker (SegmentedRaftLogWorker.java:close(254)) - s5@group-4CD87B055E3A-SegmentedRaftLogWorker close()
2024-10-31 03:28:35,231 INFO  raftlog.RaftLog (SegmentedRaftLog.java:close(576)) - Successfully closed s5@group-4CD87B055E3A-SegmentedRaftLog:CLOSED:c-1
2024-10-31 03:28:35,231 INFO  util.JvmPauseMonitor (JvmPauseMonitor.java:run(152)) - JvmPauseMonitor-s5: Stopped
2024-10-31 03:28:35,246 INFO  segmented.SegmentedRaftLogWorker (SegmentedRaftLogWorker.java:close(254)) - s6@group-4CD87B055E3A-SegmentedRaftLogWorker close()
2024-10-31 03:28:35,246 INFO  raftlog.RaftLog (SegmentedRaftLog.java:close(576)) - Successfully closed s6@group-4CD87B055E3A-SegmentedRaftLog:CLOSED:c-1
2024-10-31 03:28:35,247 INFO  util.JvmPauseMonitor (JvmPauseMonitor.java:run(152)) - JvmPauseMonitor-s6: Stopped
2024-10-31 03:28:35,285 INFO  segmented.SegmentedRaftLogWorker (SegmentedRaftLogWorker.java:close(254)) - s0@group-4CD87B055E3A-SegmentedRaftLogWorker close()
2024-10-31 03:28:35,285 INFO  raftlog.RaftLog (SegmentedRaftLog.java:close(576)) - Successfully closed s0@group-4CD87B055E3A-SegmentedRaftLog:CLOSED:c120
2024-10-31 03:28:35,286 INFO  util.JvmPauseMonitor (JvmPauseMonitor.java:run(152)) - JvmPauseMonitor-s0: Stopped
2024-10-31 03:28:35,295 INFO  segmented.SegmentedRaftLogWorker (SegmentedRaftLogWorker.java:close(254)) - s1@group-4CD87B055E3A-SegmentedRaftLogWorker close()
2024-10-31 03:28:35,295 INFO  raftlog.RaftLog (SegmentedRaftLog.java:close(576)) - Successfully closed s1@group-4CD87B055E3A-SegmentedRaftLog:CLOSED:c120
2024-10-31 03:28:35,296 INFO  util.JvmPauseMonitor (JvmPauseMonitor.java:run(152)) - JvmPauseMonitor-s1: Stopped
| MiniRaftClusterWithSimulatedRpc[3, 6, 9, 12, 15]chosen=4 | shutdown | 9 |
2024-10-31 03:28:35,535 INFO  impl.MiniRaftCluster (MiniRaftCluster.java:shutdown(847)) - ************************************************************** 
2024-10-31 03:28:35,535 INFO  impl.MiniRaftCluster (MiniRaftCluster.java:shutdown(848)) - *** 
2024-10-31 03:28:35,535 INFO  impl.MiniRaftCluster (MiniRaftCluster.java:shutdown(849)) - ***     Stopping MiniRaftClusterWithSimulatedRpc
2024-10-31 03:28:35,535 INFO  impl.MiniRaftCluster (MiniRaftCluster.java:shutdown(850)) - *** 
2024-10-31 03:28:35,535 INFO  impl.MiniRaftCluster (MiniRaftCluster.java:shutdown(851)) - ************************************************************** 
2024-10-31 03:28:35,536 INFO  impl.MiniRaftCluster (MiniRaftCluster.java:shutdown(852)) - printing ALL groups
  s3:   CLOSED [
   FOLLOWER s3@group-4EB49E3E6D70:t0, leader=null, voted=, raftlog=Memoized:s3@group-4EB49E3E6D70-SegmentedRaftLog:CLOSED:c-1, conf=conf: {index: -1, cur=peers:[]|listeners:[], old=null} CLOSED
   FOLLOWER s3@group-4CD87B055E3A:t0, leader=null, voted=, raftlog=Memoized:s3@group-4CD87B055E3A-SegmentedRaftLog:CLOSED:c-1, conf=conf: {index: -1, cur=peers:[]|listeners:[], old=null} CLOSED] size=2
  s4:   CLOSED [
   FOLLOWER s4@group-4EB49E3E6D70:t0, leader=null, voted=, raftlog=Memoized:s4@group-4EB49E3E6D70-SegmentedRaftLog:CLOSED:c-1, conf=conf: {index: -1, cur=peers:[]|listeners:[], old=null} CLOSED
   FOLLOWER s4@group-4CD87B055E3A:t0, leader=null, voted=, raftlog=Memoized:s4@group-4CD87B055E3A-SegmentedRaftLog:CLOSED:c-1, conf=conf: {index: -1, cur=peers:[]|listeners:[], old=null} CLOSED] size=2
  s5:   CLOSED [
   FOLLOWER s5@group-4EB49E3E6D70:t0, leader=null, voted=, raftlog=Memoized:s5@group-4EB49E3E6D70-SegmentedRaftLog:CLOSED:c-1, conf=conf: {index: -1, cur=peers:[]|listeners:[], old=null} CLOSED
   FOLLOWER s5@group-4CD87B055E3A:t0, leader=null, voted=, raftlog=Memoized:s5@group-4CD87B055E3A-SegmentedRaftLog:CLOSED:c-1, conf=conf: {index: -1, cur=peers:[]|listeners:[], old=null} CLOSED] size=2
  s6:   CLOSED [
   FOLLOWER s6@group-4EB49E3E6D70:t0, leader=null, voted=, raftlog=Memoized:s6@group-4EB49E3E6D70-SegmentedRaftLog:CLOSED:c-1, conf=conf: {index: -1, cur=peers:[]|listeners:[], old=null} CLOSED
   FOLLOWER s6@group-4CD87B055E3A:t0, leader=null, voted=, raftlog=Memoized:s6@group-4CD87B055E3A-SegmentedRaftLog:CLOSED:c-1, conf=conf: {index: -1, cur=peers:[]|listeners:[], old=null} CLOSED] size=2
  s7:   CLOSED [
   FOLLOWER s7@group-4EB49E3E6D70:t0, leader=null, voted=, raftlog=Memoized:s7@group-4EB49E3E6D70-SegmentedRaftLog:CLOSED:c-1, conf=conf: {index: -1, cur=peers:[]|listeners:[], old=null} CLOSED
     LEADER s7@group-4CD87B055E3A:t1, leader=s7, voted=s7, raftlog=Memoized:s7@group-4CD87B055E3A-SegmentedRaftLog:CLOSED:c120, conf=conf: {index: 0, cur=peers:[s7, s8, s9]|listeners:[], old=null} CLOSED] size=2
  s8:   CLOSED [
   FOLLOWER s8@group-4EB49E3E6D70:t0, leader=null, voted=, raftlog=Memoized:s8@group-4EB49E3E6D70-SegmentedRaftLog:CLOSED:c-1, conf=conf: {index: -1, cur=peers:[]|listeners:[], old=null} CLOSED
   FOLLOWER s8@group-4CD87B055E3A:t1, leader=s7, voted=s7, raftlog=Memoized:s8@group-4CD87B055E3A-SegmentedRaftLog:CLOSED:c120, conf=conf: {index: 0, cur=peers:[s7|, s8|, s9|]|listeners:[], old=null} CLOSED] size=2
  s9:   CLOSED [
   FOLLOWER s9@group-4EB49E3E6D70:t0, leader=null, voted=, raftlog=Memoized:s9@group-4EB49E3E6D70-SegmentedRaftLog:CLOSED:c-1, conf=conf: {index: -1, cur=peers:[]|listeners:[], old=null} CLOSED
   FOLLOWER s9@group-4CD87B055E3A:t1, leader=s7, voted=s7, raftlog=Memoized:s9@group-4CD87B055E3A-SegmentedRaftLog:CLOSED:c120, conf=conf: {index: 0, cur=peers:[s7|, s8|, s9|]|listeners:[], old=null} CLOSED] size=2
  s11:   CLOSED [
   FOLLOWER s11@group-4EB49E3E6D70:t0, leader=null, voted=, raftlog=Memoized:s11@group-4EB49E3E6D70-SegmentedRaftLog:CLOSED:c-1, conf=conf: {index: -1, cur=peers:[]|listeners:[], old=null} CLOSED
   FOLLOWER s11@group-4CD87B055E3A:t0, leader=null, voted=, raftlog=Memoized:s11@group-4CD87B055E3A-SegmentedRaftLog:CLOSED:c-1, conf=conf: {index: -1, cur=peers:[]|listeners:[], old=null} CLOSED] size=2
  s10:   CLOSED [
   FOLLOWER s10@group-4EB49E3E6D70:t0, leader=null, voted=, raftlog=Memoized:s10@group-4EB49E3E6D70-SegmentedRaftLog:CLOSED:c-1, conf=conf: {index: -1, cur=peers:[]|listeners:[], old=null} CLOSED
   FOLLOWER s10@group-4CD87B055E3A:t0, leader=null, voted=, raftlog=Memoized:s10@group-4CD87B055E3A-SegmentedRaftLog:CLOSED:c-1, conf=conf: {index: -1, cur=peers:[]|listeners:[], old=null} CLOSED] size=2
  s13:   CLOSED [
   FOLLOWER s13@group-4EB49E3E6D70:t0, leader=null, voted=, raftlog=Memoized:s13@group-4EB49E3E6D70-SegmentedRaftLog:CLOSED:c-1, conf=conf: {index: -1, cur=peers:[]|listeners:[], old=null} CLOSED
   FOLLOWER s13@group-4CD87B055E3A:t0, leader=null, voted=, raftlog=Memoized:s13@group-4CD87B055E3A-SegmentedRaftLog:CLOSED:c-1, conf=conf: {index: -1, cur=peers:[]|listeners:[], old=null} CLOSED] size=2
  s12:   CLOSED [
   FOLLOWER s12@group-4EB49E3E6D70:t0, leader=null, voted=, raftlog=Memoized:s12@group-4EB49E3E6D70-SegmentedRaftLog:CLOSED:c-1, conf=conf: {index: -1, cur=peers:[]|listeners:[], old=null} CLOSED
   FOLLOWER s12@group-4CD87B055E3A:t0, leader=null, voted=, raftlog=Memoized:s12@group-4CD87B055E3A-SegmentedRaftLog:CLOSED:c-1, conf=conf: {index: -1, cur=peers:[]|listeners:[], old=null} CLOSED] size=2
  s14:   CLOSED [
   FOLLOWER s14@group-4EB49E3E6D70:t0, leader=null, voted=, raftlog=Memoized:s14@group-4EB49E3E6D70-SegmentedRaftLog:CLOSED:c-1, conf=conf: {index: -1, cur=peers:[]|listeners:[], old=null} CLOSED
   FOLLOWER s14@group-4CD87B055E3A:t0, leader=null, voted=, raftlog=Memoized:s14@group-4CD87B055E3A-SegmentedRaftLog:CLOSED:c-1, conf=conf: {index: -1, cur=peers:[]|listeners:[], old=null} CLOSED] size=2
  s0:   CLOSED [
   FOLLOWER s0@group-4EB49E3E6D70:t0, leader=null, voted=, raftlog=Memoized:s0@group-4EB49E3E6D70-SegmentedRaftLog:CLOSED:c-1, conf=conf: {index: -1, cur=peers:[]|listeners:[], old=null} CLOSED
   FOLLOWER s0@group-4CD87B055E3A:t1, leader=s7, voted=null, raftlog=Memoized:s0@group-4CD87B055E3A-SegmentedRaftLog:CLOSED:c120, conf=conf: {index: 0, cur=peers:[s7|, s8|, s9|]|listeners:[], old=null} CLOSED] size=2
  s1:   CLOSED [
   FOLLOWER s1@group-4EB49E3E6D70:t0, leader=null, voted=, raftlog=Memoized:s1@group-4EB49E3E6D70-SegmentedRaftLog:CLOSED:c-1, conf=conf: {index: -1, cur=peers:[]|listeners:[], old=null} CLOSED
   FOLLOWER s1@group-4CD87B055E3A:t1, leader=s7, voted=null, raftlog=Memoized:s1@group-4CD87B055E3A-SegmentedRaftLog:CLOSED:c120, conf=conf: {index: 0, cur=peers:[s7|, s8|, s9|]|listeners:[], old=null} CLOSED] size=2
  s2:   CLOSED [
   FOLLOWER s2@group-4EB49E3E6D70:t0, leader=null, voted=, raftlog=Memoized:s2@group-4EB49E3E6D70-SegmentedRaftLog:CLOSED:c-1, conf=conf: {index: -1, cur=peers:[]|listeners:[], old=null} CLOSED
   FOLLOWER s2@group-4CD87B055E3A:t0, leader=null, voted=, raftlog=Memoized:s2@group-4CD87B055E3A-SegmentedRaftLog:CLOSED:c-1, conf=conf: {index: -1, cur=peers:[]|listeners:[], old=null} CLOSED] size=2
2024-10-31 03:28:35,538 INFO  impl.MiniRaftCluster (MiniRaftCluster.java:shutdown(885)) - MiniRaftClusterWithSimulatedRpc shutdown completed
2024-10-31 03:28:35,538 INFO  ratis.RaftTestUtil (RaftTestUtil.java:gc(596)) - gc 0
]]></system-out>
  </testcase>
  <testcase name="testMultiRaftGroup(MiniRaftCluster)[2]" classname="org.apache.ratis.TestMultiRaftGroup" time="23.026"/>
  <testcase name="testMultiRaftGroup(MiniRaftCluster)[3]" classname="org.apache.ratis.TestMultiRaftGroup" time="19.678"/>
</testsuite>