<?xml version="1.0" encoding="UTF-8"?>
<testsuite xmlns:xsi="http://www.w3.org/2001/XMLSchema-instance" xsi:noNamespaceSchemaLocation="https://maven.apache.org/surefire/maven-surefire-plugin/xsd/surefire-test-report-3.0.xsd" version="3.0" name="org.apache.ratis.grpc.TestRaftLogTruncateWithGrpc" time="10.967" tests="1" errors="0" skipped="0" failures="1">
  <properties>
    <property name="awt.toolkit" value="sun.awt.X11.XToolkit"/>
    <property name="file.encoding.pkg" value="sun.io"/>
    <property name="java.specification.version" value="1.8"/>
    <property name="sun.cpu.isalist" value=""/>
    <property name="sun.jnu.encoding" value="UTF-8"/>
    <property name="java.class.path" value="/home/runner/work/ratis/ratis/ratis-test/target/test-classes:/home/runner/work/ratis/ratis/ratis-test/target/classes:/home/runner/work/ratis/ratis/ratis-common/target/classes:/home/runner/.m2/repository/org/apache/ratis/ratis-thirdparty-misc/1.0.8/ratis-thirdparty-misc-1.0.8.jar:/home/runner/work/ratis/ratis/ratis-proto/target/classes:/home/runner/work/ratis/ratis/ratis-common/target/test-classes:/home/runner/work/ratis/ratis/ratis-client/target/classes:/home/runner/work/ratis/ratis/ratis-server/target/classes:/home/runner/work/ratis/ratis/ratis-server-api/target/classes:/home/runner/work/ratis/ratis/ratis-metrics-api/target/classes:/home/runner/work/ratis/ratis/ratis-server/target/test-classes:/home/runner/work/ratis/ratis/ratis-metrics-default/target/classes:/home/runner/work/ratis/ratis/ratis-netty/target/classes:/home/runner/work/ratis/ratis/ratis-netty/target/test-classes:/home/runner/work/ratis/ratis/ratis-grpc/target/classes:/home/runner/work/ratis/ratis/ratis-grpc/target/test-classes:/home/runner/work/ratis/ratis/ratis-shell/target/classes:/home/runner/.m2/repository/commons-cli/commons-cli/1.5.0/commons-cli-1.5.0.jar:/home/runner/.m2/repository/org/reflections/reflections/0.10.2/reflections-0.10.2.jar:/home/runner/.m2/repository/org/javassist/javassist/3.28.0-GA/javassist-3.28.0-GA.jar:/home/runner/.m2/repository/com/google/code/findbugs/jsr305/3.0.2/jsr305-3.0.2.jar:/home/runner/.m2/repository/org/bouncycastle/bcprov-jdk18on/1.78.1/bcprov-jdk18on-1.78.1.jar:/home/runner/.m2/repository/org/bouncycastle/bcpkix-jdk18on/1.78.1/bcpkix-jdk18on-1.78.1.jar:/home/runner/.m2/repository/org/bouncycastle/bcutil-jdk18on/1.78.1/bcutil-jdk18on-1.78.1.jar:/home/runner/.m2/repository/org/slf4j/slf4j-api/2.0.7/slf4j-api-2.0.7.jar:/home/runner/.m2/repository/org/slf4j/slf4j-reload4j/2.0.7/slf4j-reload4j-2.0.7.jar:/home/runner/.m2/repository/ch/qos/reload4j/reload4j/1.2.22/reload4j-1.2.22.jar:/home/runner/.m2/repository/junit/junit/4.13.2/junit-4.13.2.jar:/home/runner/.m2/repository/org/hamcrest/hamcrest-core/1.3/hamcrest-core-1.3.jar:/home/runner/.m2/repository/org/junit/jupiter/junit-jupiter-engine/5.11.2/junit-jupiter-engine-5.11.2.jar:/home/runner/.m2/repository/org/junit/platform/junit-platform-engine/1.11.2/junit-platform-engine-1.11.2.jar:/home/runner/.m2/repository/org/apiguardian/apiguardian-api/1.1.2/apiguardian-api-1.1.2.jar:/home/runner/.m2/repository/org/junit/jupiter/junit-jupiter-api/5.11.2/junit-jupiter-api-5.11.2.jar:/home/runner/.m2/repository/org/opentest4j/opentest4j/1.3.0/opentest4j-1.3.0.jar:/home/runner/.m2/repository/org/junit/platform/junit-platform-commons/1.11.2/junit-platform-commons-1.11.2.jar:/home/runner/.m2/repository/org/junit/jupiter/junit-jupiter-params/5.11.2/junit-jupiter-params-5.11.2.jar:/home/runner/.m2/repository/org/mockito/mockito-core/4.3.1/mockito-core-4.3.1.jar:/home/runner/.m2/repository/net/bytebuddy/byte-buddy/1.12.7/byte-buddy-1.12.7.jar:/home/runner/.m2/repository/net/bytebuddy/byte-buddy-agent/1.12.7/byte-buddy-agent-1.12.7.jar:/home/runner/.m2/repository/org/objenesis/objenesis/3.2/objenesis-3.2.jar:/home/runner/work/ratis/ratis/ratis-test/target/gradle-enterprise/test-listeners.jar:"/>
    <property name="java.vm.vendor" value="Temurin"/>
    <property name="sun.arch.data.model" value="64"/>
    <property name="java.vendor.url" value="https://adoptium.net/"/>
    <property name="user.timezone" value="Etc/UTC"/>
    <property name="java.vm.specification.version" value="1.8"/>
    <property name="os.name" value="Linux"/>
    <property name="sun.java.launcher" value="SUN_STANDARD"/>
    <property name="sun.boot.library.path" value="/usr/lib/jvm/temurin-8-jdk-amd64/jre/lib/amd64"/>
    <property name="sun.java.command" value="/home/runner/work/ratis/ratis/ratis-test/target/surefire/surefirebooter4564087158357648642.jar /home/runner/work/ratis/ratis/ratis-test/target/surefire 2025-01-08T04-20-05_022-jvmRun1 surefire4036983521593097409tmp surefire_78085412832458467775tmp"/>
    <property name="surefire.test.class.path" value="/home/runner/work/ratis/ratis/ratis-test/target/test-classes:/home/runner/work/ratis/ratis/ratis-test/target/classes:/home/runner/work/ratis/ratis/ratis-common/target/classes:/home/runner/.m2/repository/org/apache/ratis/ratis-thirdparty-misc/1.0.8/ratis-thirdparty-misc-1.0.8.jar:/home/runner/work/ratis/ratis/ratis-proto/target/classes:/home/runner/work/ratis/ratis/ratis-common/target/test-classes:/home/runner/work/ratis/ratis/ratis-client/target/classes:/home/runner/work/ratis/ratis/ratis-server/target/classes:/home/runner/work/ratis/ratis/ratis-server-api/target/classes:/home/runner/work/ratis/ratis/ratis-metrics-api/target/classes:/home/runner/work/ratis/ratis/ratis-server/target/test-classes:/home/runner/work/ratis/ratis/ratis-metrics-default/target/classes:/home/runner/work/ratis/ratis/ratis-netty/target/classes:/home/runner/work/ratis/ratis/ratis-netty/target/test-classes:/home/runner/work/ratis/ratis/ratis-grpc/target/classes:/home/runner/work/ratis/ratis/ratis-grpc/target/test-classes:/home/runner/work/ratis/ratis/ratis-shell/target/classes:/home/runner/.m2/repository/commons-cli/commons-cli/1.5.0/commons-cli-1.5.0.jar:/home/runner/.m2/repository/org/reflections/reflections/0.10.2/reflections-0.10.2.jar:/home/runner/.m2/repository/org/javassist/javassist/3.28.0-GA/javassist-3.28.0-GA.jar:/home/runner/.m2/repository/com/google/code/findbugs/jsr305/3.0.2/jsr305-3.0.2.jar:/home/runner/.m2/repository/org/bouncycastle/bcprov-jdk18on/1.78.1/bcprov-jdk18on-1.78.1.jar:/home/runner/.m2/repository/org/bouncycastle/bcpkix-jdk18on/1.78.1/bcpkix-jdk18on-1.78.1.jar:/home/runner/.m2/repository/org/bouncycastle/bcutil-jdk18on/1.78.1/bcutil-jdk18on-1.78.1.jar:/home/runner/.m2/repository/org/slf4j/slf4j-api/2.0.7/slf4j-api-2.0.7.jar:/home/runner/.m2/repository/org/slf4j/slf4j-reload4j/2.0.7/slf4j-reload4j-2.0.7.jar:/home/runner/.m2/repository/ch/qos/reload4j/reload4j/1.2.22/reload4j-1.2.22.jar:/home/runner/.m2/repository/junit/junit/4.13.2/junit-4.13.2.jar:/home/runner/.m2/repository/org/hamcrest/hamcrest-core/1.3/hamcrest-core-1.3.jar:/home/runner/.m2/repository/org/junit/jupiter/junit-jupiter-engine/5.11.2/junit-jupiter-engine-5.11.2.jar:/home/runner/.m2/repository/org/junit/platform/junit-platform-engine/1.11.2/junit-platform-engine-1.11.2.jar:/home/runner/.m2/repository/org/apiguardian/apiguardian-api/1.1.2/apiguardian-api-1.1.2.jar:/home/runner/.m2/repository/org/junit/jupiter/junit-jupiter-api/5.11.2/junit-jupiter-api-5.11.2.jar:/home/runner/.m2/repository/org/opentest4j/opentest4j/1.3.0/opentest4j-1.3.0.jar:/home/runner/.m2/repository/org/junit/platform/junit-platform-commons/1.11.2/junit-platform-commons-1.11.2.jar:/home/runner/.m2/repository/org/junit/jupiter/junit-jupiter-params/5.11.2/junit-jupiter-params-5.11.2.jar:/home/runner/.m2/repository/org/mockito/mockito-core/4.3.1/mockito-core-4.3.1.jar:/home/runner/.m2/repository/net/bytebuddy/byte-buddy/1.12.7/byte-buddy-1.12.7.jar:/home/runner/.m2/repository/net/bytebuddy/byte-buddy-agent/1.12.7/byte-buddy-agent-1.12.7.jar:/home/runner/.m2/repository/org/objenesis/objenesis/3.2/objenesis-3.2.jar:/home/runner/work/ratis/ratis/ratis-test/target/gradle-enterprise/test-listeners.jar:"/>
    <property name="sun.cpu.endian" value="little"/>
    <property name="user.home" value="/home/runner"/>
    <property name="user.language" value="en"/>
    <property name="java.specification.vendor" value="Oracle Corporation"/>
    <property name="java.home" value="/usr/lib/jvm/temurin-8-jdk-amd64/jre"/>
    <property name="jacoco.skip" value="true"/>
    <property name="basedir" value="/home/runner/work/ratis/ratis/ratis-test"/>
    <property name="file.separator" value="/"/>
    <property name="line.separator" value="&#10;"/>
    <property name="java.vm.specification.vendor" value="Oracle Corporation"/>
    <property name="java.specification.name" value="Java Platform API Specification"/>
    <property name="java.awt.graphicsenv" value="sun.awt.X11GraphicsEnvironment"/>
    <property name="surefire.real.class.path" value="/home/runner/work/ratis/ratis/ratis-test/target/surefire/surefirebooter4564087158357648642.jar"/>
    <property name="sun.boot.class.path" value="/usr/lib/jvm/temurin-8-jdk-amd64/jre/lib/resources.jar:/usr/lib/jvm/temurin-8-jdk-amd64/jre/lib/rt.jar:/usr/lib/jvm/temurin-8-jdk-amd64/jre/lib/sunrsasign.jar:/usr/lib/jvm/temurin-8-jdk-amd64/jre/lib/jsse.jar:/usr/lib/jvm/temurin-8-jdk-amd64/jre/lib/jce.jar:/usr/lib/jvm/temurin-8-jdk-amd64/jre/lib/charsets.jar:/usr/lib/jvm/temurin-8-jdk-amd64/jre/lib/jfr.jar:/usr/lib/jvm/temurin-8-jdk-amd64/jre/classes"/>
    <property name="sun.management.compiler" value="HotSpot 64-Bit Tiered Compilers"/>
    <property name="java.runtime.version" value="1.8.0_432-b06"/>
    <property name="java.net.preferIPv4Stack" value="true"/>
    <property name="user.name" value="runner"/>
    <property name="path.separator" value=":"/>
    <property name="os.version" value="5.15.0-1074-azure"/>
    <property name="java.endorsed.dirs" value="/usr/lib/jvm/temurin-8-jdk-amd64/jre/lib/endorsed"/>
    <property name="java.runtime.name" value="OpenJDK Runtime Environment"/>
    <property name="com.gradle.maven.scan.extension.test.listener.junitplatform.NestedExecutionSafeDelegatingTestExecutionListener" value="7494e528"/>
    <property name="file.encoding" value="UTF-8"/>
    <property name="java.vm.name" value="OpenJDK 64-Bit Server VM"/>
    <property name="develocity.listener.surefire.forkId" value="1"/>
    <property name="localRepository" value="/home/runner/.m2/repository"/>
    <property name="java.vendor.url.bug" value="https://github.com/adoptium/adoptium-support/issues"/>
    <property name="java.io.tmpdir" value="/tmp"/>
    <property name="java.version" value="1.8.0_432"/>
    <property name="user.dir" value="/home/runner/work/ratis/ratis/ratis-test"/>
    <property name="os.arch" value="amd64"/>
    <property name="ratis.tmp.dir" value="/home/runner/work/ratis/ratis/ratis-test/target/tmp"/>
    <property name="java.vm.specification.name" value="Java Virtual Machine Specification"/>
    <property name="java.awt.printerjob" value="sun.print.PSPrinterJob"/>
    <property name="ratis.log.dir" value="/home/runner/work/ratis/ratis/ratis-test/target/log"/>
    <property name="sun.os.patch.level" value="unknown"/>
    <property name="org.apache.ratis.thirdparty.io.netty.allocator.useCacheForAllThreads" value="false"/>
    <property name="java.library.path" value="/usr/java/packages/lib/amd64:/usr/lib64:/lib64:/lib:/usr/lib"/>
    <property name="java.vm.info" value="mixed mode"/>
    <property name="java.vendor" value="Temurin"/>
    <property name="java.vm.version" value="25.432-b06"/>
    <property name="java.specification.maintenance.version" value="6"/>
    <property name="develocity.listener.port" value="37497"/>
    <property name="java.ext.dirs" value="/usr/lib/jvm/temurin-8-jdk-amd64/jre/lib/ext:/usr/java/packages/lib/ext"/>
    <property name="sun.io.unicode.encoding" value="UnicodeLittle"/>
    <property name="develocity.listener.noTestOutputCapturing" value="true"/>
    <property name="java.class.version" value="52.0"/>
  </properties>
  <testcase name="testLogTruncate" classname="org.apache.ratis.grpc.TestRaftLogTruncateWithGrpc" time="10.855">
    <failure type="org.opentest4j.AssertionFailedError"><![CDATA[org.opentest4j.AssertionFailedError: s3 TransactionContextMap is non-empty: {(t:2, i:9)=Memoized:org.apache.ratis.statemachine.impl.TransactionContextImpl@2fd953a6} ==> expected: <true> but was: <false>
	at org.apache.ratis.RaftLogTruncateTests.assertEmptyTransactionContextMap(RaftLogTruncateTests.java:244)
	at org.apache.ratis.RaftLogTruncateTests.runTestLogTruncate(RaftLogTruncateTests.java:148)
	at org.apache.ratis.RaftLogTruncateTests.runTestLogTruncate(RaftLogTruncateTests.java:116)
	at org.apache.ratis.server.impl.MiniRaftCluster$Factory$Get.runWithNewCluster(MiniRaftCluster.java:144)
	at org.apache.ratis.server.impl.MiniRaftCluster$Factory$Get.runWithNewCluster(MiniRaftCluster.java:121)
	at org.apache.ratis.RaftLogTruncateTests.testLogTruncate(RaftLogTruncateTests.java:94)
	at java.lang.reflect.Method.invoke(Method.java:498)
	at java.util.ArrayList.forEach(ArrayList.java:1259)
	at java.util.ArrayList.forEach(ArrayList.java:1259)
]]></failure>
    <system-out><![CDATA[2025-01-08 04:22:13,988 [main] INFO  util.LogUtils (Slf4jUtils.java:setLogLevel(38)) - Successfully set org.apache.ratis.conf.ConfUtils log level to WARN
2025-01-08 04:22:13,990 [main] INFO  util.LogUtils (Slf4jUtils.java:setLogLevel(38)) - Successfully set org.apache.ratis.util.FileUtils log level to TRACE
2025-01-08 04:22:14,018 [main] INFO  util.LogUtils (Slf4jUtils.java:setLogLevel(38)) - Successfully set org.apache.ratis.server.impl.TransactionManager log level to TRACE
2025-01-08 04:22:14,020 [main] INFO  util.LogUtils (Slf4jUtils.java:setLogLevel(38)) - Successfully set org.apache.ratis.client.impl.OrderedAsync log level to ERROR
2025-01-08 04:22:14,021 [main] INFO  util.LogUtils (Slf4jUtils.java:setLogLevel(38)) - Successfully set org.apache.ratis.server.RaftServerConfigKeys log level to ERROR
2025-01-08 04:22:14,022 [main] INFO  util.LogUtils (Slf4jUtils.java:setLogLevel(38)) - Successfully set org.apache.ratis.client.RaftClientConfigKeys log level to ERROR
2025-01-08 04:22:14,022 [main] INFO  util.LogUtils (Slf4jUtils.java:setLogLevel(38)) - Successfully set org.apache.ratis.client.RaftClientConfigKeys log level to ERROR
2025-01-08 04:22:14,040 [main] INFO  util.LeakDetector (LeakDetector.java:start(124)) - Starting leak detector thread NONE0.
2025-01-08 04:22:14,046 [main] INFO  impl.MiniRaftCluster (MiniRaftCluster.java:runWithNewCluster(137)) - Running runWithNewCluster
2025-01-08 04:22:14,055 [main] INFO  impl.MiniRaftCluster (MiniRaftCluster.java:<init>(319)) - new MiniRaftClusterWithGrpc with group-73F140C3701E:[s3|localhost:15012, s4|localhost:15016, s0|localhost:15000, s1|localhost:15004, s2|localhost:15008]
2025-01-08 04:22:14,055 [main] INFO  impl.MiniRaftCluster (MiniRaftCluster.java:start(352)) - .............................................................. 
2025-01-08 04:22:14,055 [main] INFO  impl.MiniRaftCluster (MiniRaftCluster.java:start(353)) - ... 
2025-01-08 04:22:14,056 [main] INFO  impl.MiniRaftCluster (MiniRaftCluster.java:start(354)) - ...     Starting MiniRaftClusterWithGrpc
2025-01-08 04:22:14,056 [main] INFO  impl.MiniRaftCluster (MiniRaftCluster.java:start(355)) - ... 
2025-01-08 04:22:14,056 [main] INFO  impl.MiniRaftCluster (MiniRaftCluster.java:start(356)) - .............................................................. 
2025-01-08 04:22:14,056 [main] INFO  impl.MiniRaftCluster (MiniRaftCluster.java:initServers(331)) - servers = {}
2025-01-08 04:22:14,058 [main] INFO  impl.MiniRaftCluster (MiniRaftCluster.java:newRaftServer(396)) - newRaftServer: s3, group-73F140C3701E:[s3|localhost:15012, s4|localhost:15016, s0|localhost:15000, s1|localhost:15004, s2|localhost:15008], format? true
2025-01-08 04:22:14,059 [main] TRACE util.FileUtils (FileUtils.java:deleteFully(307)) - deleteFully target/test/data/4396bcd9/MiniRaftClusterWithGrpc34006106/s3
2025-01-08 04:22:14,061 [main] TRACE util.FileUtils (FileUtils.java:deleteFully(320)) - deleteFully: target/test/data/4396bcd9/MiniRaftClusterWithGrpc34006106/s3 does not exist.
2025-01-08 04:22:14,061 [main] INFO  impl.MiniRaftCluster (MiniRaftCluster.java:newRaftServer(401)) - Formatted directory target/test/data/4396bcd9/MiniRaftClusterWithGrpc34006106/s3
2025-01-08 04:22:14,072 [main] INFO  server.RaftServer (ConfUtils.java:logGet(62)) - raft.rpc.type = GRPC (default)
2025-01-08 04:22:14,120 [main] INFO  grpc.GrpcConfigKeys (ConfUtils.java:logFallback(69)) - raft.grpc.admin.host = null (fallback to raft.grpc.server.host)
2025-01-08 04:22:14,121 [main] INFO  grpc.GrpcConfigKeys (ConfUtils.java:logGet(62)) - raft.grpc.admin.port = 15013 (custom)
2025-01-08 04:22:14,121 [main] INFO  grpc.GrpcConfigKeys (ConfUtils.java:logFallback(69)) - raft.grpc.client.host = null (fallback to raft.grpc.server.host)
2025-01-08 04:22:14,122 [main] INFO  grpc.GrpcConfigKeys (ConfUtils.java:logGet(62)) - raft.grpc.client.port = 15014 (custom)
2025-01-08 04:22:14,122 [main] INFO  grpc.GrpcConfigKeys (ConfUtils.java:logGet(62)) - raft.grpc.server.port = 15012 (custom)
2025-01-08 04:22:14,123 [main] INFO  server.GrpcServicesImpl (ConfUtils.java:logGet(62)) - raft.grpc.message.size.max = 64MB (=67108864) (default)
2025-01-08 04:22:14,124 [main] INFO  server.GrpcServicesImpl (ConfUtils.java:logGet(62)) - raft.grpc.flow.control.window = 1MB (=1048576) (default)
2025-01-08 04:22:14,134 [main] INFO  grpc.GrpcConfigKeys (ConfUtils.java:logGet(62)) - raft.grpc.server.heartbeat.channel = true (default)
2025-01-08 04:22:14,135 [main] INFO  grpc.GrpcConfigKeys (ConfUtils.java:logGet(62)) - raft.grpc.server.zerocopy.enabled = true (custom)
2025-01-08 04:22:14,184 [main] INFO  grpc.GrpcConfigKeys (ConfUtils.java:logGet(62)) - raft.grpc.server.async.request.thread.pool.cached = true (default)
2025-01-08 04:22:14,185 [main] INFO  grpc.GrpcConfigKeys (ConfUtils.java:logGet(62)) - raft.grpc.server.async.request.thread.pool.size = 32 (default)
2025-01-08 04:22:14,345 [main] INFO  impl.DataStreamServerImpl (ConfUtils.java:logGet(62)) - raft.datastream.type = DISABLED (default)
2025-01-08 04:22:14,353 [main] INFO  server.RaftServer (RaftServerProxy.java:addNew(101)) - s3: addNew group-73F140C3701E:[s3|localhost:15012, s4|localhost:15016, s0|localhost:15000, s1|localhost:15004, s2|localhost:15008] returns group-73F140C3701E:java.util.concurrent.CompletableFuture@48793bef[Not completed]
2025-01-08 04:22:14,353 [main] INFO  impl.MiniRaftCluster (MiniRaftCluster.java:newRaftServer(396)) - newRaftServer: s4, group-73F140C3701E:[s3|localhost:15012, s4|localhost:15016, s0|localhost:15000, s1|localhost:15004, s2|localhost:15008], format? true
2025-01-08 04:22:14,353 [main] TRACE util.FileUtils (FileUtils.java:deleteFully(307)) - deleteFully target/test/data/4396bcd9/MiniRaftClusterWithGrpc34006106/s4
2025-01-08 04:22:14,354 [main] TRACE util.FileUtils (FileUtils.java:deleteFully(320)) - deleteFully: target/test/data/4396bcd9/MiniRaftClusterWithGrpc34006106/s4 does not exist.
2025-01-08 04:22:14,354 [main] INFO  impl.MiniRaftCluster (MiniRaftCluster.java:newRaftServer(401)) - Formatted directory target/test/data/4396bcd9/MiniRaftClusterWithGrpc34006106/s4
2025-01-08 04:22:14,355 [main] INFO  grpc.GrpcConfigKeys (ConfUtils.java:logFallback(69)) - raft.grpc.admin.host = null (fallback to raft.grpc.server.host)
2025-01-08 04:22:14,355 [main] INFO  grpc.GrpcConfigKeys (ConfUtils.java:logGet(62)) - raft.grpc.admin.port = 15017 (custom)
2025-01-08 04:22:14,355 [main] INFO  grpc.GrpcConfigKeys (ConfUtils.java:logFallback(69)) - raft.grpc.client.host = null (fallback to raft.grpc.server.host)
2025-01-08 04:22:14,356 [main] INFO  grpc.GrpcConfigKeys (ConfUtils.java:logGet(62)) - raft.grpc.client.port = 15018 (custom)
2025-01-08 04:22:14,356 [main] INFO  grpc.GrpcConfigKeys (ConfUtils.java:logGet(62)) - raft.grpc.server.port = 15016 (custom)
2025-01-08 04:22:14,362 [main] INFO  server.RaftServer (RaftServerProxy.java:addNew(101)) - s4: addNew group-73F140C3701E:[s3|localhost:15012, s4|localhost:15016, s0|localhost:15000, s1|localhost:15004, s2|localhost:15008] returns group-73F140C3701E:java.util.concurrent.CompletableFuture@7aaca91a[Not completed]
2025-01-08 04:22:14,362 [main] INFO  impl.MiniRaftCluster (MiniRaftCluster.java:newRaftServer(396)) - newRaftServer: s0, group-73F140C3701E:[s3|localhost:15012, s4|localhost:15016, s0|localhost:15000, s1|localhost:15004, s2|localhost:15008], format? true
2025-01-08 04:22:14,362 [main] TRACE util.FileUtils (FileUtils.java:deleteFully(307)) - deleteFully target/test/data/4396bcd9/MiniRaftClusterWithGrpc34006106/s0
2025-01-08 04:22:14,363 [main] TRACE util.FileUtils (FileUtils.java:deleteFully(320)) - deleteFully: target/test/data/4396bcd9/MiniRaftClusterWithGrpc34006106/s0 does not exist.
2025-01-08 04:22:14,363 [main] INFO  impl.MiniRaftCluster (MiniRaftCluster.java:newRaftServer(401)) - Formatted directory target/test/data/4396bcd9/MiniRaftClusterWithGrpc34006106/s0
2025-01-08 04:22:14,363 [main] INFO  grpc.GrpcConfigKeys (ConfUtils.java:logFallback(69)) - raft.grpc.admin.host = null (fallback to raft.grpc.server.host)
2025-01-08 04:22:14,364 [main] INFO  grpc.GrpcConfigKeys (ConfUtils.java:logGet(62)) - raft.grpc.admin.port = 15001 (custom)
2025-01-08 04:22:14,364 [main] INFO  grpc.GrpcConfigKeys (ConfUtils.java:logFallback(69)) - raft.grpc.client.host = null (fallback to raft.grpc.server.host)
2025-01-08 04:22:14,364 [main] INFO  grpc.GrpcConfigKeys (ConfUtils.java:logGet(62)) - raft.grpc.client.port = 15002 (custom)
2025-01-08 04:22:14,364 [s3-groupManagement] INFO  server.RaftServer$Division (RaftServerImpl.java:<init>(259)) - s3: new RaftServerImpl for group-73F140C3701E:[s3|localhost:15012, s4|localhost:15016, s0|localhost:15000, s1|localhost:15004, s2|localhost:15008] with SimpleStateMachine4Testing:uninitialized
2025-01-08 04:22:14,364 [s4-groupManagement] INFO  server.RaftServer$Division (RaftServerImpl.java:<init>(259)) - s4: new RaftServerImpl for group-73F140C3701E:[s3|localhost:15012, s4|localhost:15016, s0|localhost:15000, s1|localhost:15004, s2|localhost:15008] with SimpleStateMachine4Testing:uninitialized
2025-01-08 04:22:14,365 [main] INFO  grpc.GrpcConfigKeys (ConfUtils.java:logGet(62)) - raft.grpc.server.port = 15000 (custom)
2025-01-08 04:22:14,367 [main] INFO  server.RaftServer (RaftServerProxy.java:addNew(101)) - s0: addNew group-73F140C3701E:[s3|localhost:15012, s4|localhost:15016, s0|localhost:15000, s1|localhost:15004, s2|localhost:15008] returns group-73F140C3701E:java.util.concurrent.CompletableFuture@60b4beb4[Not completed]
2025-01-08 04:22:14,368 [main] INFO  impl.MiniRaftCluster (MiniRaftCluster.java:newRaftServer(396)) - newRaftServer: s1, group-73F140C3701E:[s3|localhost:15012, s4|localhost:15016, s0|localhost:15000, s1|localhost:15004, s2|localhost:15008], format? true
2025-01-08 04:22:14,367 [s0-groupManagement] INFO  server.RaftServer$Division (RaftServerImpl.java:<init>(259)) - s0: new RaftServerImpl for group-73F140C3701E:[s3|localhost:15012, s4|localhost:15016, s0|localhost:15000, s1|localhost:15004, s2|localhost:15008] with SimpleStateMachine4Testing:uninitialized
2025-01-08 04:22:14,368 [main] TRACE util.FileUtils (FileUtils.java:deleteFully(307)) - deleteFully target/test/data/4396bcd9/MiniRaftClusterWithGrpc34006106/s1
2025-01-08 04:22:14,368 [main] TRACE util.FileUtils (FileUtils.java:deleteFully(320)) - deleteFully: target/test/data/4396bcd9/MiniRaftClusterWithGrpc34006106/s1 does not exist.
2025-01-08 04:22:14,368 [main] INFO  impl.MiniRaftCluster (MiniRaftCluster.java:newRaftServer(401)) - Formatted directory target/test/data/4396bcd9/MiniRaftClusterWithGrpc34006106/s1
2025-01-08 04:22:14,369 [main] INFO  grpc.GrpcConfigKeys (ConfUtils.java:logFallback(69)) - raft.grpc.admin.host = null (fallback to raft.grpc.server.host)
2025-01-08 04:22:14,369 [main] INFO  grpc.GrpcConfigKeys (ConfUtils.java:logGet(62)) - raft.grpc.admin.port = 15005 (custom)
2025-01-08 04:22:14,370 [main] INFO  grpc.GrpcConfigKeys (ConfUtils.java:logFallback(69)) - raft.grpc.client.host = null (fallback to raft.grpc.server.host)
2025-01-08 04:22:14,371 [main] INFO  grpc.GrpcConfigKeys (ConfUtils.java:logGet(62)) - raft.grpc.client.port = 15006 (custom)
2025-01-08 04:22:14,371 [main] INFO  grpc.GrpcConfigKeys (ConfUtils.java:logGet(62)) - raft.grpc.server.port = 15004 (custom)
2025-01-08 04:22:14,372 [s4-groupManagement] INFO  server.RaftServer$Division (ServerState.java:<init>(114)) - s4@group-73F140C3701E: ConfigurationManager, init=conf: {index: -1, cur=peers:[s3|localhost:15012, s4|localhost:15016, s0|localhost:15000, s1|localhost:15004, s2|localhost:15008]|listeners:[], old=null}, confs=<EMPTY_MAP>
2025-01-08 04:22:14,372 [s3-groupManagement] INFO  server.RaftServer$Division (ServerState.java:<init>(114)) - s3@group-73F140C3701E: ConfigurationManager, init=conf: {index: -1, cur=peers:[s3|localhost:15012, s4|localhost:15016, s0|localhost:15000, s1|localhost:15004, s2|localhost:15008]|listeners:[], old=null}, confs=<EMPTY_MAP>
2025-01-08 04:22:14,373 [s0-groupManagement] INFO  server.RaftServer$Division (ServerState.java:<init>(114)) - s0@group-73F140C3701E: ConfigurationManager, init=conf: {index: -1, cur=peers:[s3|localhost:15012, s4|localhost:15016, s0|localhost:15000, s1|localhost:15004, s2|localhost:15008]|listeners:[], old=null}, confs=<EMPTY_MAP>
2025-01-08 04:22:14,376 [main] INFO  server.RaftServer (RaftServerProxy.java:addNew(101)) - s1: addNew group-73F140C3701E:[s3|localhost:15012, s4|localhost:15016, s0|localhost:15000, s1|localhost:15004, s2|localhost:15008] returns group-73F140C3701E:java.util.concurrent.CompletableFuture@4196c360[Not completed]
2025-01-08 04:22:14,376 [s1-groupManagement] INFO  server.RaftServer$Division (RaftServerImpl.java:<init>(259)) - s1: new RaftServerImpl for group-73F140C3701E:[s3|localhost:15012, s4|localhost:15016, s0|localhost:15000, s1|localhost:15004, s2|localhost:15008] with SimpleStateMachine4Testing:uninitialized
2025-01-08 04:22:14,377 [main] INFO  impl.MiniRaftCluster (MiniRaftCluster.java:newRaftServer(396)) - newRaftServer: s2, group-73F140C3701E:[s3|localhost:15012, s4|localhost:15016, s0|localhost:15000, s1|localhost:15004, s2|localhost:15008], format? true
2025-01-08 04:22:14,377 [main] TRACE util.FileUtils (FileUtils.java:deleteFully(307)) - deleteFully target/test/data/4396bcd9/MiniRaftClusterWithGrpc34006106/s2
2025-01-08 04:22:14,377 [s1-groupManagement] INFO  server.RaftServer$Division (ServerState.java:<init>(114)) - s1@group-73F140C3701E: ConfigurationManager, init=conf: {index: -1, cur=peers:[s3|localhost:15012, s4|localhost:15016, s0|localhost:15000, s1|localhost:15004, s2|localhost:15008]|listeners:[], old=null}, confs=<EMPTY_MAP>
2025-01-08 04:22:14,377 [main] TRACE util.FileUtils (FileUtils.java:deleteFully(320)) - deleteFully: target/test/data/4396bcd9/MiniRaftClusterWithGrpc34006106/s2 does not exist.
2025-01-08 04:22:14,377 [main] INFO  impl.MiniRaftCluster (MiniRaftCluster.java:newRaftServer(401)) - Formatted directory target/test/data/4396bcd9/MiniRaftClusterWithGrpc34006106/s2
2025-01-08 04:22:14,378 [main] INFO  grpc.GrpcConfigKeys (ConfUtils.java:logFallback(69)) - raft.grpc.admin.host = null (fallback to raft.grpc.server.host)
2025-01-08 04:22:14,378 [main] INFO  grpc.GrpcConfigKeys (ConfUtils.java:logGet(62)) - raft.grpc.admin.port = 15009 (custom)
2025-01-08 04:22:14,379 [main] INFO  grpc.GrpcConfigKeys (ConfUtils.java:logFallback(69)) - raft.grpc.client.host = null (fallback to raft.grpc.server.host)
2025-01-08 04:22:14,379 [main] INFO  grpc.GrpcConfigKeys (ConfUtils.java:logGet(62)) - raft.grpc.client.port = 15010 (custom)
2025-01-08 04:22:14,380 [main] INFO  grpc.GrpcConfigKeys (ConfUtils.java:logGet(62)) - raft.grpc.server.port = 15008 (custom)
2025-01-08 04:22:14,388 [main] INFO  server.RaftServer (RaftServerProxy.java:addNew(101)) - s2: addNew group-73F140C3701E:[s3|localhost:15012, s4|localhost:15016, s0|localhost:15000, s1|localhost:15004, s2|localhost:15008] returns group-73F140C3701E:java.util.concurrent.CompletableFuture@20435c40[Not completed]
2025-01-08 04:22:14,388 [s2-groupManagement] INFO  server.RaftServer$Division (RaftServerImpl.java:<init>(259)) - s2: new RaftServerImpl for group-73F140C3701E:[s3|localhost:15012, s4|localhost:15016, s0|localhost:15000, s1|localhost:15004, s2|localhost:15008] with SimpleStateMachine4Testing:uninitialized
2025-01-08 04:22:14,389 [s2-groupManagement] INFO  server.RaftServer$Division (ServerState.java:<init>(114)) - s2@group-73F140C3701E: ConfigurationManager, init=conf: {index: -1, cur=peers:[s3|localhost:15012, s4|localhost:15016, s0|localhost:15000, s1|localhost:15004, s2|localhost:15008]|listeners:[], old=null}, confs=<EMPTY_MAP>
2025-01-08 04:22:14,410 [s3-impl-thread1] INFO  storage.RaftStorageDirectory (RaftStorageDirectoryImpl.java:analyzeStorage(138)) - The storage directory /home/runner/work/ratis/ratis/ratis-test/target/test/data/4396bcd9/MiniRaftClusterWithGrpc34006106/s3/c658c16f-715c-43fb-a60f-73f140c3701e does not exist. Creating ...
2025-01-08 04:22:14,411 [s3-impl-thread1] TRACE util.FileUtils (LogUtils.java:runAndLog(49)) - Successfully ran Files.createDirectories /home/runner/work/ratis/ratis/ratis-test/target/test/data/4396bcd9/MiniRaftClusterWithGrpc34006106/s3/c658c16f-715c-43fb-a60f-73f140c3701e
2025-01-08 04:22:14,414 [s3-impl-thread1] INFO  storage.RaftStorageDirectory (RaftStorageDirectoryImpl.java:tryLock(229)) - Lock on /home/runner/work/ratis/ratis/ratis-test/target/test/data/4396bcd9/MiniRaftClusterWithGrpc34006106/s3/c658c16f-715c-43fb-a60f-73f140c3701e/in_use.lock acquired by nodename 4116@fv-az528-184.abqymjqvoexebeyq30kq3sdubb.bx.internal.cloudapp.net
2025-01-08 04:22:14,414 [s3-impl-thread1] TRACE util.FileUtils (LogUtils.java:runAndLog(49)) - Successfully ran Files.createDirectories /home/runner/work/ratis/ratis/ratis-test/target/test/data/4396bcd9/MiniRaftClusterWithGrpc34006106/s3/c658c16f-715c-43fb-a60f-73f140c3701e/current
2025-01-08 04:22:14,414 [s3-impl-thread1] TRACE util.FileUtils (LogUtils.java:runAndLog(49)) - Successfully ran Files.createDirectories /home/runner/work/ratis/ratis/ratis-test/target/test/data/4396bcd9/MiniRaftClusterWithGrpc34006106/s3/c658c16f-715c-43fb-a60f-73f140c3701e/sm
2025-01-08 04:22:14,441 [s3-impl-thread1] TRACE util.FileUtils (LogUtils.java:supplyAndLog(69)) - Successfully supplied FileChannel.open /home/runner/work/ratis/ratis/ratis-test/target/test/data/4396bcd9/MiniRaftClusterWithGrpc34006106/s3/c658c16f-715c-43fb-a60f-73f140c3701e/current/raft-meta.tmp with options [CREATE, WRITE]: sun.nio.ch.FileChannelImpl@187bcafe
2025-01-08 04:22:14,446 [s3-impl-thread1] TRACE util.FileUtils (LogUtils.java:runAndLog(49)) - Successfully ran Atomic Files.move /home/runner/work/ratis/ratis/ratis-test/target/test/data/4396bcd9/MiniRaftClusterWithGrpc34006106/s3/c658c16f-715c-43fb-a60f-73f140c3701e/current/raft-meta.tmp to /home/runner/work/ratis/ratis/ratis-test/target/test/data/4396bcd9/MiniRaftClusterWithGrpc34006106/s3/c658c16f-715c-43fb-a60f-73f140c3701e/current/raft-meta with options [REPLACE_EXISTING]
2025-01-08 04:22:14,446 [s3-impl-thread1] INFO  storage.RaftStorage (RaftStorageImpl.java:format(98)) - Storage directory /home/runner/work/ratis/ratis/ratis-test/target/test/data/4396bcd9/MiniRaftClusterWithGrpc34006106/s3/c658c16f-715c-43fb-a60f-73f140c3701e has been successfully formatted.
2025-01-08 04:22:14,446 [s3-impl-thread1] INFO  impl.SimpleStateMachine4Testing (SimpleStateMachine4Testing.java:initialize(214)) - Initializing SimpleStateMachine4Testing:uninitialized
2025-01-08 04:22:14,448 [s3-impl-thread1] INFO  impl.SimpleStateMachine4Testing (SimpleStateMachine4Testing.java:loadSnapshot(298)) - Loading snapshot null
2025-01-08 04:22:14,463 [s3-impl-thread1] INFO  util.AwaitToRun (AwaitToRun.java:start(81)) - Thread[s3@group-73F140C3701E-cacheEviction-AwaitToRun,5,main] started
2025-01-08 04:22:14,466 [s3-impl-thread1] INFO  segmented.SegmentedRaftLogWorker (SegmentedRaftLogWorker.java:<init>(189)) - new s3@group-73F140C3701E-SegmentedRaftLogWorker for RaftStorageImpl:Storage Directory /home/runner/work/ratis/ratis/ratis-test/target/test/data/4396bcd9/MiniRaftClusterWithGrpc34006106/s3/c658c16f-715c-43fb-a60f-73f140c3701e
2025-01-08 04:22:14,475 [s3-impl-thread1] INFO  segmented.SegmentedRaftLogWorker (SegmentedRaftLogWorker.java:lambda$new$0(140)) - s3@group-73F140C3701E-SegmentedRaftLogWorker: flushIndex: setUnconditionally 0 -> -1
2025-01-08 04:22:14,475 [s3-impl-thread1] INFO  segmented.SegmentedRaftLogWorker (SegmentedRaftLogWorker.java:lambda$new$0(140)) - s3@group-73F140C3701E-SegmentedRaftLogWorker: safeCacheEvictIndex: setUnconditionally 0 -> -1
2025-01-08 04:22:14,476 [s3-impl-thread1] INFO  server.RaftServer$Division (RaftServerImpl.java:start(396)) - s3@group-73F140C3701E: start as a follower, conf=conf: {index: -1, cur=peers:[s3|localhost:15012, s4|localhost:15016, s0|localhost:15000, s1|localhost:15004, s2|localhost:15008]|listeners:[], old=null}
2025-01-08 04:22:14,477 [s3-impl-thread1] INFO  server.RaftServer$Division (RaftServerImpl.java:setRole(383)) - s3@group-73F140C3701E: changes role from      null to FOLLOWER at term 0 for startAsFollower
2025-01-08 04:22:14,477 [s3-impl-thread1] INFO  impl.RoleInfo (RoleInfo.java:updateAndGet(148)) - s3: start s3@group-73F140C3701E-FollowerState
2025-01-08 04:22:14,479 [s3-impl-thread1] INFO  util.JmxRegister (JmxRegister.java:tryRegister(44)) - Successfully registered JMX Bean with object name Ratis:service=RaftServer,group=group-73F140C3701E,id=s3
2025-01-08 04:22:14,479 [s3-impl-thread1] INFO  util.JmxRegister (JmxRegister.java:register(58)) - register mxBean class org.apache.ratis.server.impl.RaftServerJmxAdapter as Ratis:service=RaftServer,group=group-73F140C3701E,id=s3
2025-01-08 04:22:14,483 [s3-impl-thread1] INFO  server.RaftServer$Division (RaftServerImpl.java:start(410)) - s3@group-73F140C3701E: Successfully started.
2025-01-08 04:22:14,483 [main] INFO  server.RaftServer (RaftServerProxy.java:startImpl(408)) - s3: start RPC server
2025-01-08 04:22:14,510 [main] INFO  server.GrpcServicesImpl (GrpcServicesImpl.java:startImpl(353)) - s3: GrpcServicesImpl started, listening on 15014
2025-01-08 04:22:14,511 [main] INFO  server.GrpcServicesImpl (GrpcServicesImpl.java:startImpl(353)) - s3: GrpcServicesImpl started, listening on 15012
2025-01-08 04:22:14,512 [main] INFO  server.GrpcServicesImpl (GrpcServicesImpl.java:startImpl(353)) - s3: GrpcServicesImpl started, listening on 15013
2025-01-08 04:22:14,513 [JvmPauseMonitor0] INFO  util.JvmPauseMonitor (JvmPauseMonitor.java:run(146)) - JvmPauseMonitor-s3: Started
2025-01-08 04:22:14,513 [s4-impl-thread1] INFO  storage.RaftStorageDirectory (RaftStorageDirectoryImpl.java:analyzeStorage(138)) - The storage directory /home/runner/work/ratis/ratis/ratis-test/target/test/data/4396bcd9/MiniRaftClusterWithGrpc34006106/s4/c658c16f-715c-43fb-a60f-73f140c3701e does not exist. Creating ...
2025-01-08 04:22:14,513 [s4-impl-thread1] TRACE util.FileUtils (LogUtils.java:runAndLog(49)) - Successfully ran Files.createDirectories /home/runner/work/ratis/ratis/ratis-test/target/test/data/4396bcd9/MiniRaftClusterWithGrpc34006106/s4/c658c16f-715c-43fb-a60f-73f140c3701e
2025-01-08 04:22:14,515 [s4-impl-thread1] INFO  storage.RaftStorageDirectory (RaftStorageDirectoryImpl.java:tryLock(229)) - Lock on /home/runner/work/ratis/ratis/ratis-test/target/test/data/4396bcd9/MiniRaftClusterWithGrpc34006106/s4/c658c16f-715c-43fb-a60f-73f140c3701e/in_use.lock acquired by nodename 4116@fv-az528-184.abqymjqvoexebeyq30kq3sdubb.bx.internal.cloudapp.net
2025-01-08 04:22:14,515 [s4-impl-thread1] TRACE util.FileUtils (LogUtils.java:runAndLog(49)) - Successfully ran Files.createDirectories /home/runner/work/ratis/ratis/ratis-test/target/test/data/4396bcd9/MiniRaftClusterWithGrpc34006106/s4/c658c16f-715c-43fb-a60f-73f140c3701e/current
2025-01-08 04:22:14,515 [s4-impl-thread1] TRACE util.FileUtils (LogUtils.java:runAndLog(49)) - Successfully ran Files.createDirectories /home/runner/work/ratis/ratis/ratis-test/target/test/data/4396bcd9/MiniRaftClusterWithGrpc34006106/s4/c658c16f-715c-43fb-a60f-73f140c3701e/sm
2025-01-08 04:22:14,515 [s4-impl-thread1] TRACE util.FileUtils (LogUtils.java:supplyAndLog(69)) - Successfully supplied FileChannel.open /home/runner/work/ratis/ratis/ratis-test/target/test/data/4396bcd9/MiniRaftClusterWithGrpc34006106/s4/c658c16f-715c-43fb-a60f-73f140c3701e/current/raft-meta.tmp with options [CREATE, WRITE]: sun.nio.ch.FileChannelImpl@74a81a97
2025-01-08 04:22:14,517 [s4-impl-thread1] TRACE util.FileUtils (LogUtils.java:runAndLog(49)) - Successfully ran Atomic Files.move /home/runner/work/ratis/ratis/ratis-test/target/test/data/4396bcd9/MiniRaftClusterWithGrpc34006106/s4/c658c16f-715c-43fb-a60f-73f140c3701e/current/raft-meta.tmp to /home/runner/work/ratis/ratis/ratis-test/target/test/data/4396bcd9/MiniRaftClusterWithGrpc34006106/s4/c658c16f-715c-43fb-a60f-73f140c3701e/current/raft-meta with options [REPLACE_EXISTING]
2025-01-08 04:22:14,517 [s4-impl-thread1] INFO  storage.RaftStorage (RaftStorageImpl.java:format(98)) - Storage directory /home/runner/work/ratis/ratis/ratis-test/target/test/data/4396bcd9/MiniRaftClusterWithGrpc34006106/s4/c658c16f-715c-43fb-a60f-73f140c3701e has been successfully formatted.
2025-01-08 04:22:14,517 [s4-impl-thread1] INFO  impl.SimpleStateMachine4Testing (SimpleStateMachine4Testing.java:initialize(214)) - Initializing SimpleStateMachine4Testing:uninitialized
2025-01-08 04:22:14,517 [s4-impl-thread1] INFO  impl.SimpleStateMachine4Testing (SimpleStateMachine4Testing.java:loadSnapshot(298)) - Loading snapshot null
2025-01-08 04:22:14,518 [s4-impl-thread1] INFO  util.AwaitToRun (AwaitToRun.java:start(81)) - Thread[s4@group-73F140C3701E-cacheEviction-AwaitToRun,5,main] started
2025-01-08 04:22:14,518 [s4-impl-thread1] INFO  segmented.SegmentedRaftLogWorker (SegmentedRaftLogWorker.java:<init>(189)) - new s4@group-73F140C3701E-SegmentedRaftLogWorker for RaftStorageImpl:Storage Directory /home/runner/work/ratis/ratis/ratis-test/target/test/data/4396bcd9/MiniRaftClusterWithGrpc34006106/s4/c658c16f-715c-43fb-a60f-73f140c3701e
2025-01-08 04:22:14,521 [s4-impl-thread1] INFO  segmented.SegmentedRaftLogWorker (SegmentedRaftLogWorker.java:lambda$new$0(140)) - s4@group-73F140C3701E-SegmentedRaftLogWorker: flushIndex: setUnconditionally 0 -> -1
2025-01-08 04:22:14,521 [s4-impl-thread1] INFO  segmented.SegmentedRaftLogWorker (SegmentedRaftLogWorker.java:lambda$new$0(140)) - s4@group-73F140C3701E-SegmentedRaftLogWorker: safeCacheEvictIndex: setUnconditionally 0 -> -1
2025-01-08 04:22:14,521 [s4-impl-thread1] INFO  server.RaftServer$Division (RaftServerImpl.java:start(396)) - s4@group-73F140C3701E: start as a follower, conf=conf: {index: -1, cur=peers:[s3|localhost:15012, s4|localhost:15016, s0|localhost:15000, s1|localhost:15004, s2|localhost:15008]|listeners:[], old=null}
2025-01-08 04:22:14,521 [s4-impl-thread1] INFO  server.RaftServer$Division (RaftServerImpl.java:setRole(383)) - s4@group-73F140C3701E: changes role from      null to FOLLOWER at term 0 for startAsFollower
2025-01-08 04:22:14,522 [s4-impl-thread1] INFO  impl.RoleInfo (RoleInfo.java:updateAndGet(148)) - s4: start s4@group-73F140C3701E-FollowerState
2025-01-08 04:22:14,522 [s4-impl-thread1] INFO  util.JmxRegister (JmxRegister.java:tryRegister(44)) - Successfully registered JMX Bean with object name Ratis:service=RaftServer,group=group-73F140C3701E,id=s4
2025-01-08 04:22:14,522 [s4-impl-thread1] INFO  util.JmxRegister (JmxRegister.java:register(58)) - register mxBean class org.apache.ratis.server.impl.RaftServerJmxAdapter as Ratis:service=RaftServer,group=group-73F140C3701E,id=s4
2025-01-08 04:22:14,523 [s4-impl-thread1] INFO  server.RaftServer$Division (RaftServerImpl.java:start(410)) - s4@group-73F140C3701E: Successfully started.
2025-01-08 04:22:14,523 [main] INFO  server.RaftServer (RaftServerProxy.java:startImpl(408)) - s4: start RPC server
2025-01-08 04:22:14,523 [main] INFO  server.GrpcServicesImpl (GrpcServicesImpl.java:startImpl(353)) - s4: GrpcServicesImpl started, listening on 15018
2025-01-08 04:22:14,524 [main] INFO  server.GrpcServicesImpl (GrpcServicesImpl.java:startImpl(353)) - s4: GrpcServicesImpl started, listening on 15016
2025-01-08 04:22:14,525 [main] INFO  server.GrpcServicesImpl (GrpcServicesImpl.java:startImpl(353)) - s4: GrpcServicesImpl started, listening on 15017
2025-01-08 04:22:14,525 [JvmPauseMonitor1] INFO  util.JvmPauseMonitor (JvmPauseMonitor.java:run(146)) - JvmPauseMonitor-s4: Started
2025-01-08 04:22:14,525 [s0-impl-thread1] INFO  storage.RaftStorageDirectory (RaftStorageDirectoryImpl.java:analyzeStorage(138)) - The storage directory /home/runner/work/ratis/ratis/ratis-test/target/test/data/4396bcd9/MiniRaftClusterWithGrpc34006106/s0/c658c16f-715c-43fb-a60f-73f140c3701e does not exist. Creating ...
2025-01-08 04:22:14,526 [s0-impl-thread1] TRACE util.FileUtils (LogUtils.java:runAndLog(49)) - Successfully ran Files.createDirectories /home/runner/work/ratis/ratis/ratis-test/target/test/data/4396bcd9/MiniRaftClusterWithGrpc34006106/s0/c658c16f-715c-43fb-a60f-73f140c3701e
2025-01-08 04:22:14,526 [s0-impl-thread1] INFO  storage.RaftStorageDirectory (RaftStorageDirectoryImpl.java:tryLock(229)) - Lock on /home/runner/work/ratis/ratis/ratis-test/target/test/data/4396bcd9/MiniRaftClusterWithGrpc34006106/s0/c658c16f-715c-43fb-a60f-73f140c3701e/in_use.lock acquired by nodename 4116@fv-az528-184.abqymjqvoexebeyq30kq3sdubb.bx.internal.cloudapp.net
2025-01-08 04:22:14,527 [s0-impl-thread1] TRACE util.FileUtils (LogUtils.java:runAndLog(49)) - Successfully ran Files.createDirectories /home/runner/work/ratis/ratis/ratis-test/target/test/data/4396bcd9/MiniRaftClusterWithGrpc34006106/s0/c658c16f-715c-43fb-a60f-73f140c3701e/current
2025-01-08 04:22:14,527 [s0-impl-thread1] TRACE util.FileUtils (LogUtils.java:runAndLog(49)) - Successfully ran Files.createDirectories /home/runner/work/ratis/ratis/ratis-test/target/test/data/4396bcd9/MiniRaftClusterWithGrpc34006106/s0/c658c16f-715c-43fb-a60f-73f140c3701e/sm
2025-01-08 04:22:14,527 [s0-impl-thread1] TRACE util.FileUtils (LogUtils.java:supplyAndLog(69)) - Successfully supplied FileChannel.open /home/runner/work/ratis/ratis/ratis-test/target/test/data/4396bcd9/MiniRaftClusterWithGrpc34006106/s0/c658c16f-715c-43fb-a60f-73f140c3701e/current/raft-meta.tmp with options [CREATE, WRITE]: sun.nio.ch.FileChannelImpl@2383f1ce
2025-01-08 04:22:14,528 [s0-impl-thread1] TRACE util.FileUtils (LogUtils.java:runAndLog(49)) - Successfully ran Atomic Files.move /home/runner/work/ratis/ratis/ratis-test/target/test/data/4396bcd9/MiniRaftClusterWithGrpc34006106/s0/c658c16f-715c-43fb-a60f-73f140c3701e/current/raft-meta.tmp to /home/runner/work/ratis/ratis/ratis-test/target/test/data/4396bcd9/MiniRaftClusterWithGrpc34006106/s0/c658c16f-715c-43fb-a60f-73f140c3701e/current/raft-meta with options [REPLACE_EXISTING]
2025-01-08 04:22:14,528 [s0-impl-thread1] INFO  storage.RaftStorage (RaftStorageImpl.java:format(98)) - Storage directory /home/runner/work/ratis/ratis/ratis-test/target/test/data/4396bcd9/MiniRaftClusterWithGrpc34006106/s0/c658c16f-715c-43fb-a60f-73f140c3701e has been successfully formatted.
2025-01-08 04:22:14,528 [s0-impl-thread1] INFO  impl.SimpleStateMachine4Testing (SimpleStateMachine4Testing.java:initialize(214)) - Initializing SimpleStateMachine4Testing:uninitialized
2025-01-08 04:22:14,529 [s0-impl-thread1] INFO  impl.SimpleStateMachine4Testing (SimpleStateMachine4Testing.java:loadSnapshot(298)) - Loading snapshot null
2025-01-08 04:22:14,530 [s0-impl-thread1] INFO  util.AwaitToRun (AwaitToRun.java:start(81)) - Thread[s0@group-73F140C3701E-cacheEviction-AwaitToRun,5,main] started
2025-01-08 04:22:14,530 [s0-impl-thread1] INFO  segmented.SegmentedRaftLogWorker (SegmentedRaftLogWorker.java:<init>(189)) - new s0@group-73F140C3701E-SegmentedRaftLogWorker for RaftStorageImpl:Storage Directory /home/runner/work/ratis/ratis/ratis-test/target/test/data/4396bcd9/MiniRaftClusterWithGrpc34006106/s0/c658c16f-715c-43fb-a60f-73f140c3701e
2025-01-08 04:22:14,532 [s0-impl-thread1] INFO  segmented.SegmentedRaftLogWorker (SegmentedRaftLogWorker.java:lambda$new$0(140)) - s0@group-73F140C3701E-SegmentedRaftLogWorker: flushIndex: setUnconditionally 0 -> -1
2025-01-08 04:22:14,532 [s0-impl-thread1] INFO  segmented.SegmentedRaftLogWorker (SegmentedRaftLogWorker.java:lambda$new$0(140)) - s0@group-73F140C3701E-SegmentedRaftLogWorker: safeCacheEvictIndex: setUnconditionally 0 -> -1
2025-01-08 04:22:14,532 [s0-impl-thread1] INFO  server.RaftServer$Division (RaftServerImpl.java:start(396)) - s0@group-73F140C3701E: start as a follower, conf=conf: {index: -1, cur=peers:[s3|localhost:15012, s4|localhost:15016, s0|localhost:15000, s1|localhost:15004, s2|localhost:15008]|listeners:[], old=null}
2025-01-08 04:22:14,532 [s0-impl-thread1] INFO  server.RaftServer$Division (RaftServerImpl.java:setRole(383)) - s0@group-73F140C3701E: changes role from      null to FOLLOWER at term 0 for startAsFollower
2025-01-08 04:22:14,532 [s0-impl-thread1] INFO  impl.RoleInfo (RoleInfo.java:updateAndGet(148)) - s0: start s0@group-73F140C3701E-FollowerState
2025-01-08 04:22:14,532 [s0-impl-thread1] INFO  util.JmxRegister (JmxRegister.java:tryRegister(44)) - Successfully registered JMX Bean with object name Ratis:service=RaftServer,group=group-73F140C3701E,id=s0
2025-01-08 04:22:14,532 [s0-impl-thread1] INFO  util.JmxRegister (JmxRegister.java:register(58)) - register mxBean class org.apache.ratis.server.impl.RaftServerJmxAdapter as Ratis:service=RaftServer,group=group-73F140C3701E,id=s0
2025-01-08 04:22:14,533 [s0-impl-thread1] INFO  server.RaftServer$Division (RaftServerImpl.java:start(410)) - s0@group-73F140C3701E: Successfully started.
2025-01-08 04:22:14,533 [main] INFO  server.RaftServer (RaftServerProxy.java:startImpl(408)) - s0: start RPC server
2025-01-08 04:22:14,533 [main] INFO  server.GrpcServicesImpl (GrpcServicesImpl.java:startImpl(353)) - s0: GrpcServicesImpl started, listening on 15002
2025-01-08 04:22:14,534 [main] INFO  server.GrpcServicesImpl (GrpcServicesImpl.java:startImpl(353)) - s0: GrpcServicesImpl started, listening on 15000
2025-01-08 04:22:14,534 [main] INFO  server.GrpcServicesImpl (GrpcServicesImpl.java:startImpl(353)) - s0: GrpcServicesImpl started, listening on 15001
2025-01-08 04:22:14,534 [JvmPauseMonitor2] INFO  util.JvmPauseMonitor (JvmPauseMonitor.java:run(146)) - JvmPauseMonitor-s0: Started
2025-01-08 04:22:14,535 [s1-impl-thread1] INFO  storage.RaftStorageDirectory (RaftStorageDirectoryImpl.java:analyzeStorage(138)) - The storage directory /home/runner/work/ratis/ratis/ratis-test/target/test/data/4396bcd9/MiniRaftClusterWithGrpc34006106/s1/c658c16f-715c-43fb-a60f-73f140c3701e does not exist. Creating ...
2025-01-08 04:22:14,535 [s1-impl-thread1] TRACE util.FileUtils (LogUtils.java:runAndLog(49)) - Successfully ran Files.createDirectories /home/runner/work/ratis/ratis/ratis-test/target/test/data/4396bcd9/MiniRaftClusterWithGrpc34006106/s1/c658c16f-715c-43fb-a60f-73f140c3701e
2025-01-08 04:22:14,536 [s1-impl-thread1] INFO  storage.RaftStorageDirectory (RaftStorageDirectoryImpl.java:tryLock(229)) - Lock on /home/runner/work/ratis/ratis/ratis-test/target/test/data/4396bcd9/MiniRaftClusterWithGrpc34006106/s1/c658c16f-715c-43fb-a60f-73f140c3701e/in_use.lock acquired by nodename 4116@fv-az528-184.abqymjqvoexebeyq30kq3sdubb.bx.internal.cloudapp.net
2025-01-08 04:22:14,536 [s1-impl-thread1] TRACE util.FileUtils (LogUtils.java:runAndLog(49)) - Successfully ran Files.createDirectories /home/runner/work/ratis/ratis/ratis-test/target/test/data/4396bcd9/MiniRaftClusterWithGrpc34006106/s1/c658c16f-715c-43fb-a60f-73f140c3701e/current
2025-01-08 04:22:14,536 [s1-impl-thread1] TRACE util.FileUtils (LogUtils.java:runAndLog(49)) - Successfully ran Files.createDirectories /home/runner/work/ratis/ratis/ratis-test/target/test/data/4396bcd9/MiniRaftClusterWithGrpc34006106/s1/c658c16f-715c-43fb-a60f-73f140c3701e/sm
2025-01-08 04:22:14,536 [s1-impl-thread1] TRACE util.FileUtils (LogUtils.java:supplyAndLog(69)) - Successfully supplied FileChannel.open /home/runner/work/ratis/ratis/ratis-test/target/test/data/4396bcd9/MiniRaftClusterWithGrpc34006106/s1/c658c16f-715c-43fb-a60f-73f140c3701e/current/raft-meta.tmp with options [CREATE, WRITE]: sun.nio.ch.FileChannelImpl@3900020d
2025-01-08 04:22:14,537 [s1-impl-thread1] TRACE util.FileUtils (LogUtils.java:runAndLog(49)) - Successfully ran Atomic Files.move /home/runner/work/ratis/ratis/ratis-test/target/test/data/4396bcd9/MiniRaftClusterWithGrpc34006106/s1/c658c16f-715c-43fb-a60f-73f140c3701e/current/raft-meta.tmp to /home/runner/work/ratis/ratis/ratis-test/target/test/data/4396bcd9/MiniRaftClusterWithGrpc34006106/s1/c658c16f-715c-43fb-a60f-73f140c3701e/current/raft-meta with options [REPLACE_EXISTING]
2025-01-08 04:22:14,537 [s1-impl-thread1] INFO  storage.RaftStorage (RaftStorageImpl.java:format(98)) - Storage directory /home/runner/work/ratis/ratis/ratis-test/target/test/data/4396bcd9/MiniRaftClusterWithGrpc34006106/s1/c658c16f-715c-43fb-a60f-73f140c3701e has been successfully formatted.
2025-01-08 04:22:14,538 [s1-impl-thread1] INFO  impl.SimpleStateMachine4Testing (SimpleStateMachine4Testing.java:initialize(214)) - Initializing SimpleStateMachine4Testing:uninitialized
2025-01-08 04:22:14,538 [s1-impl-thread1] INFO  impl.SimpleStateMachine4Testing (SimpleStateMachine4Testing.java:loadSnapshot(298)) - Loading snapshot null
2025-01-08 04:22:14,539 [s1-impl-thread1] INFO  util.AwaitToRun (AwaitToRun.java:start(81)) - Thread[s1@group-73F140C3701E-cacheEviction-AwaitToRun,5,main] started
2025-01-08 04:22:14,539 [s1-impl-thread1] INFO  segmented.SegmentedRaftLogWorker (SegmentedRaftLogWorker.java:<init>(189)) - new s1@group-73F140C3701E-SegmentedRaftLogWorker for RaftStorageImpl:Storage Directory /home/runner/work/ratis/ratis/ratis-test/target/test/data/4396bcd9/MiniRaftClusterWithGrpc34006106/s1/c658c16f-715c-43fb-a60f-73f140c3701e
2025-01-08 04:22:14,540 [s1-impl-thread1] INFO  segmented.SegmentedRaftLogWorker (SegmentedRaftLogWorker.java:lambda$new$0(140)) - s1@group-73F140C3701E-SegmentedRaftLogWorker: flushIndex: setUnconditionally 0 -> -1
2025-01-08 04:22:14,540 [s1-impl-thread1] INFO  segmented.SegmentedRaftLogWorker (SegmentedRaftLogWorker.java:lambda$new$0(140)) - s1@group-73F140C3701E-SegmentedRaftLogWorker: safeCacheEvictIndex: setUnconditionally 0 -> -1
2025-01-08 04:22:14,541 [s1-impl-thread1] INFO  server.RaftServer$Division (RaftServerImpl.java:start(396)) - s1@group-73F140C3701E: start as a follower, conf=conf: {index: -1, cur=peers:[s3|localhost:15012, s4|localhost:15016, s0|localhost:15000, s1|localhost:15004, s2|localhost:15008]|listeners:[], old=null}
2025-01-08 04:22:14,541 [s1-impl-thread1] INFO  server.RaftServer$Division (RaftServerImpl.java:setRole(383)) - s1@group-73F140C3701E: changes role from      null to FOLLOWER at term 0 for startAsFollower
2025-01-08 04:22:14,541 [s1-impl-thread1] INFO  impl.RoleInfo (RoleInfo.java:updateAndGet(148)) - s1: start s1@group-73F140C3701E-FollowerState
2025-01-08 04:22:14,541 [s1-impl-thread1] INFO  util.JmxRegister (JmxRegister.java:tryRegister(44)) - Successfully registered JMX Bean with object name Ratis:service=RaftServer,group=group-73F140C3701E,id=s1
2025-01-08 04:22:14,541 [s1-impl-thread1] INFO  util.JmxRegister (JmxRegister.java:register(58)) - register mxBean class org.apache.ratis.server.impl.RaftServerJmxAdapter as Ratis:service=RaftServer,group=group-73F140C3701E,id=s1
2025-01-08 04:22:14,542 [s1-impl-thread1] INFO  server.RaftServer$Division (RaftServerImpl.java:start(410)) - s1@group-73F140C3701E: Successfully started.
2025-01-08 04:22:14,542 [main] INFO  server.RaftServer (RaftServerProxy.java:startImpl(408)) - s1: start RPC server
2025-01-08 04:22:14,542 [main] INFO  server.GrpcServicesImpl (GrpcServicesImpl.java:startImpl(353)) - s1: GrpcServicesImpl started, listening on 15006
2025-01-08 04:22:14,543 [main] INFO  server.GrpcServicesImpl (GrpcServicesImpl.java:startImpl(353)) - s1: GrpcServicesImpl started, listening on 15004
2025-01-08 04:22:14,543 [main] INFO  server.GrpcServicesImpl (GrpcServicesImpl.java:startImpl(353)) - s1: GrpcServicesImpl started, listening on 15005
2025-01-08 04:22:14,544 [JvmPauseMonitor3] INFO  util.JvmPauseMonitor (JvmPauseMonitor.java:run(146)) - JvmPauseMonitor-s1: Started
2025-01-08 04:22:14,544 [s2-impl-thread1] INFO  storage.RaftStorageDirectory (RaftStorageDirectoryImpl.java:analyzeStorage(138)) - The storage directory /home/runner/work/ratis/ratis/ratis-test/target/test/data/4396bcd9/MiniRaftClusterWithGrpc34006106/s2/c658c16f-715c-43fb-a60f-73f140c3701e does not exist. Creating ...
2025-01-08 04:22:14,544 [s2-impl-thread1] TRACE util.FileUtils (LogUtils.java:runAndLog(49)) - Successfully ran Files.createDirectories /home/runner/work/ratis/ratis/ratis-test/target/test/data/4396bcd9/MiniRaftClusterWithGrpc34006106/s2/c658c16f-715c-43fb-a60f-73f140c3701e
2025-01-08 04:22:14,545 [s2-impl-thread1] INFO  storage.RaftStorageDirectory (RaftStorageDirectoryImpl.java:tryLock(229)) - Lock on /home/runner/work/ratis/ratis/ratis-test/target/test/data/4396bcd9/MiniRaftClusterWithGrpc34006106/s2/c658c16f-715c-43fb-a60f-73f140c3701e/in_use.lock acquired by nodename 4116@fv-az528-184.abqymjqvoexebeyq30kq3sdubb.bx.internal.cloudapp.net
2025-01-08 04:22:14,545 [s2-impl-thread1] TRACE util.FileUtils (LogUtils.java:runAndLog(49)) - Successfully ran Files.createDirectories /home/runner/work/ratis/ratis/ratis-test/target/test/data/4396bcd9/MiniRaftClusterWithGrpc34006106/s2/c658c16f-715c-43fb-a60f-73f140c3701e/current
2025-01-08 04:22:14,545 [s2-impl-thread1] TRACE util.FileUtils (LogUtils.java:runAndLog(49)) - Successfully ran Files.createDirectories /home/runner/work/ratis/ratis/ratis-test/target/test/data/4396bcd9/MiniRaftClusterWithGrpc34006106/s2/c658c16f-715c-43fb-a60f-73f140c3701e/sm
2025-01-08 04:22:14,546 [s2-impl-thread1] TRACE util.FileUtils (LogUtils.java:supplyAndLog(69)) - Successfully supplied FileChannel.open /home/runner/work/ratis/ratis/ratis-test/target/test/data/4396bcd9/MiniRaftClusterWithGrpc34006106/s2/c658c16f-715c-43fb-a60f-73f140c3701e/current/raft-meta.tmp with options [CREATE, WRITE]: sun.nio.ch.FileChannelImpl@20f2af75
2025-01-08 04:22:14,547 [s2-impl-thread1] TRACE util.FileUtils (LogUtils.java:runAndLog(49)) - Successfully ran Atomic Files.move /home/runner/work/ratis/ratis/ratis-test/target/test/data/4396bcd9/MiniRaftClusterWithGrpc34006106/s2/c658c16f-715c-43fb-a60f-73f140c3701e/current/raft-meta.tmp to /home/runner/work/ratis/ratis/ratis-test/target/test/data/4396bcd9/MiniRaftClusterWithGrpc34006106/s2/c658c16f-715c-43fb-a60f-73f140c3701e/current/raft-meta with options [REPLACE_EXISTING]
2025-01-08 04:22:14,547 [s2-impl-thread1] INFO  storage.RaftStorage (RaftStorageImpl.java:format(98)) - Storage directory /home/runner/work/ratis/ratis/ratis-test/target/test/data/4396bcd9/MiniRaftClusterWithGrpc34006106/s2/c658c16f-715c-43fb-a60f-73f140c3701e has been successfully formatted.
2025-01-08 04:22:14,547 [s2-impl-thread1] INFO  impl.SimpleStateMachine4Testing (SimpleStateMachine4Testing.java:initialize(214)) - Initializing SimpleStateMachine4Testing:uninitialized
2025-01-08 04:22:14,547 [s2-impl-thread1] INFO  impl.SimpleStateMachine4Testing (SimpleStateMachine4Testing.java:loadSnapshot(298)) - Loading snapshot null
2025-01-08 04:22:14,548 [s2-impl-thread1] INFO  util.AwaitToRun (AwaitToRun.java:start(81)) - Thread[s2@group-73F140C3701E-cacheEviction-AwaitToRun,5,main] started
2025-01-08 04:22:14,548 [s2-impl-thread1] INFO  segmented.SegmentedRaftLogWorker (SegmentedRaftLogWorker.java:<init>(189)) - new s2@group-73F140C3701E-SegmentedRaftLogWorker for RaftStorageImpl:Storage Directory /home/runner/work/ratis/ratis/ratis-test/target/test/data/4396bcd9/MiniRaftClusterWithGrpc34006106/s2/c658c16f-715c-43fb-a60f-73f140c3701e
2025-01-08 04:22:14,550 [s2-impl-thread1] INFO  segmented.SegmentedRaftLogWorker (SegmentedRaftLogWorker.java:lambda$new$0(140)) - s2@group-73F140C3701E-SegmentedRaftLogWorker: flushIndex: setUnconditionally 0 -> -1
2025-01-08 04:22:14,550 [s2-impl-thread1] INFO  segmented.SegmentedRaftLogWorker (SegmentedRaftLogWorker.java:lambda$new$0(140)) - s2@group-73F140C3701E-SegmentedRaftLogWorker: safeCacheEvictIndex: setUnconditionally 0 -> -1
2025-01-08 04:22:14,550 [s2-impl-thread1] INFO  server.RaftServer$Division (RaftServerImpl.java:start(396)) - s2@group-73F140C3701E: start as a follower, conf=conf: {index: -1, cur=peers:[s3|localhost:15012, s4|localhost:15016, s0|localhost:15000, s1|localhost:15004, s2|localhost:15008]|listeners:[], old=null}
2025-01-08 04:22:14,551 [s2-impl-thread1] INFO  server.RaftServer$Division (RaftServerImpl.java:setRole(383)) - s2@group-73F140C3701E: changes role from      null to FOLLOWER at term 0 for startAsFollower
2025-01-08 04:22:14,551 [s2-impl-thread1] INFO  impl.RoleInfo (RoleInfo.java:updateAndGet(148)) - s2: start s2@group-73F140C3701E-FollowerState
2025-01-08 04:22:14,551 [s2-impl-thread1] INFO  util.JmxRegister (JmxRegister.java:tryRegister(44)) - Successfully registered JMX Bean with object name Ratis:service=RaftServer,group=group-73F140C3701E,id=s2
2025-01-08 04:22:14,551 [s2-impl-thread1] INFO  util.JmxRegister (JmxRegister.java:register(58)) - register mxBean class org.apache.ratis.server.impl.RaftServerJmxAdapter as Ratis:service=RaftServer,group=group-73F140C3701E,id=s2
2025-01-08 04:22:14,552 [s2-impl-thread1] INFO  server.RaftServer$Division (RaftServerImpl.java:start(410)) - s2@group-73F140C3701E: Successfully started.
2025-01-08 04:22:14,552 [main] INFO  server.RaftServer (RaftServerProxy.java:startImpl(408)) - s2: start RPC server
2025-01-08 04:22:14,553 [main] INFO  server.GrpcServicesImpl (GrpcServicesImpl.java:startImpl(353)) - s2: GrpcServicesImpl started, listening on 15010
2025-01-08 04:22:14,553 [main] INFO  server.GrpcServicesImpl (GrpcServicesImpl.java:startImpl(353)) - s2: GrpcServicesImpl started, listening on 15008
2025-01-08 04:22:14,553 [main] INFO  server.GrpcServicesImpl (GrpcServicesImpl.java:startImpl(353)) - s2: GrpcServicesImpl started, listening on 15009
2025-01-08 04:22:14,554 [JvmPauseMonitor4] INFO  util.JvmPauseMonitor (JvmPauseMonitor.java:run(146)) - JvmPauseMonitor-s2: Started
2025-01-08 04:22:14,557 [main] INFO  ratis.RaftTestUtil (RaftTestUtil.java:waitForLeader(107)) - printing ALL groups
  s3:  RUNNING  FOLLOWER s3@group-73F140C3701E:t0, leader=null, voted=, raftlog=Memoized:s3@group-73F140C3701E-SegmentedRaftLog:OPENED:c-1:lastnull, conf=conf: {index: -1, cur=peers:[s3|localhost:15012, s4|localhost:15016, s0|localhost:15000, s1|localhost:15004, s2|localhost:15008]|listeners:[], old=null} RUNNING
  s4:  RUNNING  FOLLOWER s4@group-73F140C3701E:t0, leader=null, voted=, raftlog=Memoized:s4@group-73F140C3701E-SegmentedRaftLog:OPENED:c-1:lastnull, conf=conf: {index: -1, cur=peers:[s3|localhost:15012, s4|localhost:15016, s0|localhost:15000, s1|localhost:15004, s2|localhost:15008]|listeners:[], old=null} RUNNING
  s0:  RUNNING  FOLLOWER s0@group-73F140C3701E:t0, leader=null, voted=, raftlog=Memoized:s0@group-73F140C3701E-SegmentedRaftLog:OPENED:c-1:lastnull, conf=conf: {index: -1, cur=peers:[s3|localhost:15012, s4|localhost:15016, s0|localhost:15000, s1|localhost:15004, s2|localhost:15008]|listeners:[], old=null} RUNNING
  s1:  RUNNING  FOLLOWER s1@group-73F140C3701E:t0, leader=null, voted=, raftlog=Memoized:s1@group-73F140C3701E-SegmentedRaftLog:OPENED:c-1:lastnull, conf=conf: {index: -1, cur=peers:[s3|localhost:15012, s4|localhost:15016, s0|localhost:15000, s1|localhost:15004, s2|localhost:15008]|listeners:[], old=null} RUNNING
  s2:  RUNNING  FOLLOWER s2@group-73F140C3701E:t0, leader=null, voted=, raftlog=Memoized:s2@group-73F140C3701E-SegmentedRaftLog:OPENED:c-1:lastnull, conf=conf: {index: -1, cur=peers:[s3|localhost:15012, s4|localhost:15016, s0|localhost:15000, s1|localhost:15004, s2|localhost:15008]|listeners:[], old=null} RUNNING
2025-01-08 04:22:14,559 [main] WARN  ratis.RaftTestUtil (RaftTestUtil.java:lambda$waitForLeader$3(126)) - Attempt #1 failed: java.lang.IllegalStateException: No leader yet : printing ALL groups
  s3:  RUNNING  FOLLOWER s3@group-73F140C3701E:t0, leader=null, voted=, raftlog=Memoized:s3@group-73F140C3701E-SegmentedRaftLog:OPENED:c-1:lastnull, conf=conf: {index: -1, cur=peers:[s3|localhost:15012, s4|localhost:15016, s0|localhost:15000, s1|localhost:15004, s2|localhost:15008]|listeners:[], old=null} RUNNING
  s4:  RUNNING  FOLLOWER s4@group-73F140C3701E:t0, leader=null, voted=, raftlog=Memoized:s4@group-73F140C3701E-SegmentedRaftLog:OPENED:c-1:lastnull, conf=conf: {index: -1, cur=peers:[s3|localhost:15012, s4|localhost:15016, s0|localhost:15000, s1|localhost:15004, s2|localhost:15008]|listeners:[], old=null} RUNNING
  s0:  RUNNING  FOLLOWER s0@group-73F140C3701E:t0, leader=null, voted=, raftlog=Memoized:s0@group-73F140C3701E-SegmentedRaftLog:OPENED:c-1:lastnull, conf=conf: {index: -1, cur=peers:[s3|localhost:15012, s4|localhost:15016, s0|localhost:15000, s1|localhost:15004, s2|localhost:15008]|listeners:[], old=null} RUNNING
  s1:  RUNNING  FOLLOWER s1@group-73F140C3701E:t0, leader=null, voted=, raftlog=Memoized:s1@group-73F140C3701E-SegmentedRaftLog:OPENED:c-1:lastnull, conf=conf: {index: -1, cur=peers:[s3|localhost:15012, s4|localhost:15016, s0|localhost:15000, s1|localhost:15004, s2|localhost:15008]|listeners:[], old=null} RUNNING
  s2:  RUNNING  FOLLOWER s2@group-73F140C3701E:t0, leader=null, voted=, raftlog=Memoized:s2@group-73F140C3701E-SegmentedRaftLog:OPENED:c-1:lastnull, conf=conf: {index: -1, cur=peers:[s3|localhost:15012, s4|localhost:15016, s0|localhost:15000, s1|localhost:15004, s2|localhost:15008]|listeners:[], old=null} RUNNING
2025-01-08 04:22:15,663 [s3@group-73F140C3701E-FollowerState] INFO  impl.FollowerState (FollowerState.java:runImpl(161)) - s3@group-73F140C3701E-FollowerState: change to CANDIDATE, lastRpcElapsedTime:1186282775ns, electionTimeout:1185ms
2025-01-08 04:22:15,664 [s3@group-73F140C3701E-FollowerState] INFO  impl.RoleInfo (RoleInfo.java:shutdownFollowerState(121)) - s3: shutdown s3@group-73F140C3701E-FollowerState
2025-01-08 04:22:15,664 [s3@group-73F140C3701E-FollowerState] INFO  server.RaftServer$Division (RaftServerImpl.java:setRole(383)) - s3@group-73F140C3701E: changes role from  FOLLOWER to CANDIDATE at term 0 for changeToCandidate
2025-01-08 04:22:15,665 [s3@group-73F140C3701E-FollowerState] INFO  impl.RoleInfo (RoleInfo.java:updateAndGet(148)) - s3: start s3@group-73F140C3701E-LeaderElection1
2025-01-08 04:22:15,667 [s3@group-73F140C3701E-LeaderElection1] INFO  impl.LeaderElection (LeaderElection.java:askForVotes(332)) - s3@group-73F140C3701E-LeaderElection1 PRE_VOTE round 0: submit vote requests at term 0 for conf: {index: -1, cur=peers:[s3|localhost:15012, s4|localhost:15016, s0|localhost:15000, s1|localhost:15004, s2|localhost:15008]|listeners:[], old=null}
2025-01-08 04:22:15,680 [s3@group-73F140C3701E-LeaderElection1-4] INFO  server.GrpcServerProtocolClient (GrpcServerProtocolClient.java:<init>(65)) - Build channel for s2|localhost:15008
2025-01-08 04:22:15,680 [s3@group-73F140C3701E-LeaderElection1-3] INFO  server.GrpcServerProtocolClient (GrpcServerProtocolClient.java:<init>(65)) - Build channel for s1|localhost:15004
2025-01-08 04:22:15,680 [s3@group-73F140C3701E-LeaderElection1-2] INFO  server.GrpcServerProtocolClient (GrpcServerProtocolClient.java:<init>(65)) - Build channel for s0|localhost:15000
2025-01-08 04:22:15,680 [s3@group-73F140C3701E-LeaderElection1-1] INFO  server.GrpcServerProtocolClient (GrpcServerProtocolClient.java:<init>(65)) - Build channel for s4|localhost:15016
2025-01-08 04:22:15,697 [s1@group-73F140C3701E-FollowerState] INFO  impl.FollowerState (FollowerState.java:runImpl(161)) - s1@group-73F140C3701E-FollowerState: change to CANDIDATE, lastRpcElapsedTime:1156446080ns, electionTimeout:1156ms
2025-01-08 04:22:15,697 [s1@group-73F140C3701E-FollowerState] INFO  impl.RoleInfo (RoleInfo.java:shutdownFollowerState(121)) - s1: shutdown s1@group-73F140C3701E-FollowerState
2025-01-08 04:22:15,698 [s1@group-73F140C3701E-FollowerState] INFO  server.RaftServer$Division (RaftServerImpl.java:setRole(383)) - s1@group-73F140C3701E: changes role from  FOLLOWER to CANDIDATE at term 0 for changeToCandidate
2025-01-08 04:22:15,698 [s1@group-73F140C3701E-FollowerState] INFO  impl.RoleInfo (RoleInfo.java:updateAndGet(148)) - s1: start s1@group-73F140C3701E-LeaderElection2
2025-01-08 04:22:15,698 [s1@group-73F140C3701E-LeaderElection2] INFO  impl.LeaderElection (LeaderElection.java:askForVotes(332)) - s1@group-73F140C3701E-LeaderElection2 PRE_VOTE round 0: submit vote requests at term 0 for conf: {index: -1, cur=peers:[s3|localhost:15012, s4|localhost:15016, s0|localhost:15000, s1|localhost:15004, s2|localhost:15008]|listeners:[], old=null}
2025-01-08 04:22:15,698 [s1@group-73F140C3701E-LeaderElection2-1] INFO  server.GrpcServerProtocolClient (GrpcServerProtocolClient.java:<init>(65)) - Build channel for s3|localhost:15012
2025-01-08 04:22:15,699 [s1@group-73F140C3701E-LeaderElection2-4] INFO  server.GrpcServerProtocolClient (GrpcServerProtocolClient.java:<init>(65)) - Build channel for s2|localhost:15008
2025-01-08 04:22:15,699 [s1@group-73F140C3701E-LeaderElection2-3] INFO  server.GrpcServerProtocolClient (GrpcServerProtocolClient.java:<init>(65)) - Build channel for s0|localhost:15000
2025-01-08 04:22:15,698 [s1@group-73F140C3701E-LeaderElection2-2] INFO  server.GrpcServerProtocolClient (GrpcServerProtocolClient.java:<init>(65)) - Build channel for s4|localhost:15016
2025-01-08 04:22:15,707 [s0@group-73F140C3701E-FollowerState] INFO  impl.FollowerState (FollowerState.java:runImpl(161)) - s0@group-73F140C3701E-FollowerState: change to CANDIDATE, lastRpcElapsedTime:1175379887ns, electionTimeout:1175ms
2025-01-08 04:22:15,708 [s0@group-73F140C3701E-FollowerState] INFO  impl.RoleInfo (RoleInfo.java:shutdownFollowerState(121)) - s0: shutdown s0@group-73F140C3701E-FollowerState
2025-01-08 04:22:15,708 [s0@group-73F140C3701E-FollowerState] INFO  server.RaftServer$Division (RaftServerImpl.java:setRole(383)) - s0@group-73F140C3701E: changes role from  FOLLOWER to CANDIDATE at term 0 for changeToCandidate
2025-01-08 04:22:15,708 [s0@group-73F140C3701E-FollowerState] INFO  impl.RoleInfo (RoleInfo.java:updateAndGet(148)) - s0: start s0@group-73F140C3701E-LeaderElection3
2025-01-08 04:22:15,708 [s0@group-73F140C3701E-LeaderElection3] INFO  impl.LeaderElection (LeaderElection.java:askForVotes(332)) - s0@group-73F140C3701E-LeaderElection3 PRE_VOTE round 0: submit vote requests at term 0 for conf: {index: -1, cur=peers:[s3|localhost:15012, s4|localhost:15016, s0|localhost:15000, s1|localhost:15004, s2|localhost:15008]|listeners:[], old=null}
2025-01-08 04:22:15,708 [s0@group-73F140C3701E-LeaderElection3-1] INFO  server.GrpcServerProtocolClient (GrpcServerProtocolClient.java:<init>(65)) - Build channel for s3|localhost:15012
2025-01-08 04:22:15,709 [s0@group-73F140C3701E-LeaderElection3-2] INFO  server.GrpcServerProtocolClient (GrpcServerProtocolClient.java:<init>(65)) - Build channel for s4|localhost:15016
2025-01-08 04:22:15,709 [s0@group-73F140C3701E-LeaderElection3-3] INFO  server.GrpcServerProtocolClient (GrpcServerProtocolClient.java:<init>(65)) - Build channel for s1|localhost:15004
2025-01-08 04:22:15,710 [s0@group-73F140C3701E-LeaderElection3-4] INFO  server.GrpcServerProtocolClient (GrpcServerProtocolClient.java:<init>(65)) - Build channel for s2|localhost:15008
2025-01-08 04:22:15,731 [s2@group-73F140C3701E-FollowerState] INFO  impl.FollowerState (FollowerState.java:runImpl(161)) - s2@group-73F140C3701E-FollowerState: change to CANDIDATE, lastRpcElapsedTime:1180384985ns, electionTimeout:1179ms
2025-01-08 04:22:15,731 [s2@group-73F140C3701E-FollowerState] INFO  impl.RoleInfo (RoleInfo.java:shutdownFollowerState(121)) - s2: shutdown s2@group-73F140C3701E-FollowerState
2025-01-08 04:22:15,731 [s2@group-73F140C3701E-FollowerState] INFO  server.RaftServer$Division (RaftServerImpl.java:setRole(383)) - s2@group-73F140C3701E: changes role from  FOLLOWER to CANDIDATE at term 0 for changeToCandidate
2025-01-08 04:22:15,732 [s2@group-73F140C3701E-FollowerState] INFO  impl.RoleInfo (RoleInfo.java:updateAndGet(148)) - s2: start s2@group-73F140C3701E-LeaderElection4
2025-01-08 04:22:15,740 [s2@group-73F140C3701E-LeaderElection4] INFO  impl.LeaderElection (LeaderElection.java:askForVotes(332)) - s2@group-73F140C3701E-LeaderElection4 PRE_VOTE round 0: submit vote requests at term 0 for conf: {index: -1, cur=peers:[s3|localhost:15012, s4|localhost:15016, s0|localhost:15000, s1|localhost:15004, s2|localhost:15008]|listeners:[], old=null}
2025-01-08 04:22:15,744 [s2@group-73F140C3701E-LeaderElection4-1] INFO  server.GrpcServerProtocolClient (GrpcServerProtocolClient.java:<init>(65)) - Build channel for s3|localhost:15012
2025-01-08 04:22:15,745 [s2@group-73F140C3701E-LeaderElection4-2] INFO  server.GrpcServerProtocolClient (GrpcServerProtocolClient.java:<init>(65)) - Build channel for s4|localhost:15016
2025-01-08 04:22:15,745 [s2@group-73F140C3701E-LeaderElection4-3] INFO  server.GrpcServerProtocolClient (GrpcServerProtocolClient.java:<init>(65)) - Build channel for s0|localhost:15000
2025-01-08 04:22:15,745 [s2@group-73F140C3701E-LeaderElection4-4] INFO  server.GrpcServerProtocolClient (GrpcServerProtocolClient.java:<init>(65)) - Build channel for s1|localhost:15004
2025-01-08 04:22:15,924 [grpc-default-executor-1] INFO  server.RaftServer$Division (RaftServerImpl.java:requestVote(1463)) - s4@group-73F140C3701E: receive requestVote(PRE_VOTE, s2, group-73F140C3701E, 0, (t:0, i:0))
2025-01-08 04:22:15,924 [grpc-default-executor-11] INFO  server.RaftServer$Division (RaftServerImpl.java:requestVote(1463)) - s2@group-73F140C3701E: receive requestVote(PRE_VOTE, s0, group-73F140C3701E, 0, (t:0, i:0))
2025-01-08 04:22:15,925 [grpc-default-executor-12] INFO  server.RaftServer$Division (RaftServerImpl.java:requestVote(1463)) - s0@group-73F140C3701E: receive requestVote(PRE_VOTE, s3, group-73F140C3701E, 0, (t:0, i:0))
2025-01-08 04:22:15,925 [grpc-default-executor-8] INFO  server.RaftServer$Division (RaftServerImpl.java:requestVote(1463)) - s0@group-73F140C3701E: receive requestVote(PRE_VOTE, s1, group-73F140C3701E, 0, (t:0, i:0))
2025-01-08 04:22:15,926 [grpc-default-executor-0] INFO  server.RaftServer$Division (RaftServerImpl.java:requestVote(1463)) - s1@group-73F140C3701E: receive requestVote(PRE_VOTE, s2, group-73F140C3701E, 0, (t:0, i:0))
2025-01-08 04:22:15,926 [grpc-default-executor-0] INFO  impl.VoteContext (VoteContext.java:log(49)) - s1@group-73F140C3701E-CANDIDATE: accept PRE_VOTE from s2: our priority 0 <= candidate's priority 0
2025-01-08 04:22:15,929 [grpc-default-executor-2] INFO  server.RaftServer$Division (RaftServerImpl.java:requestVote(1463)) - s3@group-73F140C3701E: receive requestVote(PRE_VOTE, s0, group-73F140C3701E, 0, (t:0, i:0))
2025-01-08 04:22:15,929 [grpc-default-executor-2] INFO  impl.VoteContext (VoteContext.java:log(49)) - s3@group-73F140C3701E-CANDIDATE: accept PRE_VOTE from s0: our priority 0 <= candidate's priority 0
2025-01-08 04:22:15,929 [grpc-default-executor-14] INFO  server.RaftServer$Division (RaftServerImpl.java:requestVote(1463)) - s3@group-73F140C3701E: receive requestVote(PRE_VOTE, s1, group-73F140C3701E, 0, (t:0, i:0))
2025-01-08 04:22:15,930 [grpc-default-executor-5] INFO  server.RaftServer$Division (RaftServerImpl.java:requestVote(1463)) - s4@group-73F140C3701E: receive requestVote(PRE_VOTE, s1, group-73F140C3701E, 0, (t:0, i:0))
2025-01-08 04:22:15,925 [grpc-default-executor-10] INFO  server.RaftServer$Division (RaftServerImpl.java:requestVote(1463)) - s2@group-73F140C3701E: receive requestVote(PRE_VOTE, s1, group-73F140C3701E, 0, (t:0, i:0))
2025-01-08 04:22:15,926 [grpc-default-executor-1] INFO  impl.VoteContext (VoteContext.java:log(49)) - s4@group-73F140C3701E-FOLLOWER: accept PRE_VOTE from s2: our priority 0 <= candidate's priority 0
2025-01-08 04:22:15,932 [grpc-default-executor-13] INFO  server.RaftServer$Division (RaftServerImpl.java:requestVote(1463)) - s1@group-73F140C3701E: receive requestVote(PRE_VOTE, s3, group-73F140C3701E, 0, (t:0, i:0))
2025-01-08 04:22:15,926 [grpc-default-executor-12] INFO  impl.VoteContext (VoteContext.java:log(49)) - s0@group-73F140C3701E-CANDIDATE: accept PRE_VOTE from s3: our priority 0 <= candidate's priority 0
2025-01-08 04:22:15,926 [grpc-default-executor-15] INFO  server.RaftServer$Division (RaftServerImpl.java:requestVote(1463)) - s4@group-73F140C3701E: receive requestVote(PRE_VOTE, s0, group-73F140C3701E, 0, (t:0, i:0))
2025-01-08 04:22:15,926 [grpc-default-executor-11] INFO  impl.VoteContext (VoteContext.java:log(49)) - s2@group-73F140C3701E-CANDIDATE: accept PRE_VOTE from s0: our priority 0 <= candidate's priority 0
2025-01-08 04:22:15,930 [grpc-default-executor-7] INFO  server.RaftServer$Division (RaftServerImpl.java:requestVote(1463)) - s2@group-73F140C3701E: receive requestVote(PRE_VOTE, s3, group-73F140C3701E, 0, (t:0, i:0))
2025-01-08 04:22:15,932 [grpc-default-executor-9] INFO  server.RaftServer$Division (RaftServerImpl.java:requestVote(1463)) - s4@group-73F140C3701E: receive requestVote(PRE_VOTE, s3, group-73F140C3701E, 0, (t:0, i:0))
2025-01-08 04:22:15,933 [grpc-default-executor-11] INFO  server.RaftServer$Division (RaftServerImpl.java:requestVote(1497)) - s2@group-73F140C3701E replies to PRE_VOTE vote request: s0<-s2#0:OK-t0. Peer's state: s2@group-73F140C3701E:t0, leader=null, voted=, raftlog=Memoized:s2@group-73F140C3701E-SegmentedRaftLog:OPENED:c-1:lastnull, conf=conf: {index: -1, cur=peers:[s3|localhost:15012, s4|localhost:15016, s0|localhost:15000, s1|localhost:15004, s2|localhost:15008]|listeners:[], old=null}
2025-01-08 04:22:15,933 [grpc-default-executor-0] INFO  server.RaftServer$Division (RaftServerImpl.java:requestVote(1497)) - s1@group-73F140C3701E replies to PRE_VOTE vote request: s2<-s1#0:OK-t0. Peer's state: s1@group-73F140C3701E:t0, leader=null, voted=, raftlog=Memoized:s1@group-73F140C3701E-SegmentedRaftLog:OPENED:c-1:lastnull, conf=conf: {index: -1, cur=peers:[s3|localhost:15012, s4|localhost:15016, s0|localhost:15000, s1|localhost:15004, s2|localhost:15008]|listeners:[], old=null}
2025-01-08 04:22:15,933 [grpc-default-executor-1] INFO  server.RaftServer$Division (RaftServerImpl.java:requestVote(1497)) - s4@group-73F140C3701E replies to PRE_VOTE vote request: s2<-s4#0:OK-t0. Peer's state: s4@group-73F140C3701E:t0, leader=null, voted=, raftlog=Memoized:s4@group-73F140C3701E-SegmentedRaftLog:OPENED:c-1:lastnull, conf=conf: {index: -1, cur=peers:[s3|localhost:15012, s4|localhost:15016, s0|localhost:15000, s1|localhost:15004, s2|localhost:15008]|listeners:[], old=null}
2025-01-08 04:22:15,934 [grpc-default-executor-9] INFO  impl.VoteContext (VoteContext.java:log(49)) - s4@group-73F140C3701E-FOLLOWER: accept PRE_VOTE from s3: our priority 0 <= candidate's priority 0
2025-01-08 04:22:15,934 [grpc-default-executor-9] INFO  server.RaftServer$Division (RaftServerImpl.java:requestVote(1497)) - s4@group-73F140C3701E replies to PRE_VOTE vote request: s3<-s4#0:OK-t0. Peer's state: s4@group-73F140C3701E:t0, leader=null, voted=, raftlog=Memoized:s4@group-73F140C3701E-SegmentedRaftLog:OPENED:c-1:lastnull, conf=conf: {index: -1, cur=peers:[s3|localhost:15012, s4|localhost:15016, s0|localhost:15000, s1|localhost:15004, s2|localhost:15008]|listeners:[], old=null}
2025-01-08 04:22:15,934 [grpc-default-executor-15] INFO  impl.VoteContext (VoteContext.java:log(49)) - s4@group-73F140C3701E-FOLLOWER: accept PRE_VOTE from s0: our priority 0 <= candidate's priority 0
2025-01-08 04:22:15,935 [grpc-default-executor-15] INFO  server.RaftServer$Division (RaftServerImpl.java:requestVote(1497)) - s4@group-73F140C3701E replies to PRE_VOTE vote request: s0<-s4#0:OK-t0. Peer's state: s4@group-73F140C3701E:t0, leader=null, voted=, raftlog=Memoized:s4@group-73F140C3701E-SegmentedRaftLog:OPENED:c-1:lastnull, conf=conf: {index: -1, cur=peers:[s3|localhost:15012, s4|localhost:15016, s0|localhost:15000, s1|localhost:15004, s2|localhost:15008]|listeners:[], old=null}
2025-01-08 04:22:15,935 [grpc-default-executor-6] INFO  server.RaftServer$Division (RaftServerImpl.java:requestVote(1463)) - s0@group-73F140C3701E: receive requestVote(PRE_VOTE, s2, group-73F140C3701E, 0, (t:0, i:0))
2025-01-08 04:22:15,935 [grpc-default-executor-4] INFO  server.RaftServer$Division (RaftServerImpl.java:requestVote(1463)) - s1@group-73F140C3701E: receive requestVote(PRE_VOTE, s0, group-73F140C3701E, 0, (t:0, i:0))
2025-01-08 04:22:15,935 [grpc-default-executor-5] INFO  impl.VoteContext (VoteContext.java:log(49)) - s4@group-73F140C3701E-FOLLOWER: accept PRE_VOTE from s1: our priority 0 <= candidate's priority 0
2025-01-08 04:22:15,935 [grpc-default-executor-2] INFO  server.RaftServer$Division (RaftServerImpl.java:requestVote(1497)) - s3@group-73F140C3701E replies to PRE_VOTE vote request: s0<-s3#0:OK-t0. Peer's state: s3@group-73F140C3701E:t0, leader=null, voted=, raftlog=Memoized:s3@group-73F140C3701E-SegmentedRaftLog:OPENED:c-1:lastnull, conf=conf: {index: -1, cur=peers:[s3|localhost:15012, s4|localhost:15016, s0|localhost:15000, s1|localhost:15004, s2|localhost:15008]|listeners:[], old=null}
2025-01-08 04:22:15,933 [grpc-default-executor-12] INFO  server.RaftServer$Division (RaftServerImpl.java:requestVote(1497)) - s0@group-73F140C3701E replies to PRE_VOTE vote request: s3<-s0#0:OK-t0. Peer's state: s0@group-73F140C3701E:t0, leader=null, voted=, raftlog=Memoized:s0@group-73F140C3701E-SegmentedRaftLog:OPENED:c-1:lastnull, conf=conf: {index: -1, cur=peers:[s3|localhost:15012, s4|localhost:15016, s0|localhost:15000, s1|localhost:15004, s2|localhost:15008]|listeners:[], old=null}
2025-01-08 04:22:15,936 [grpc-default-executor-14] INFO  impl.VoteContext (VoteContext.java:log(49)) - s3@group-73F140C3701E-CANDIDATE: accept PRE_VOTE from s1: our priority 0 <= candidate's priority 0
2025-01-08 04:22:15,936 [grpc-default-executor-14] INFO  server.RaftServer$Division (RaftServerImpl.java:requestVote(1497)) - s3@group-73F140C3701E replies to PRE_VOTE vote request: s1<-s3#0:OK-t0. Peer's state: s3@group-73F140C3701E:t0, leader=null, voted=, raftlog=Memoized:s3@group-73F140C3701E-SegmentedRaftLog:OPENED:c-1:lastnull, conf=conf: {index: -1, cur=peers:[s3|localhost:15012, s4|localhost:15016, s0|localhost:15000, s1|localhost:15004, s2|localhost:15008]|listeners:[], old=null}
2025-01-08 04:22:15,935 [grpc-default-executor-5] INFO  server.RaftServer$Division (RaftServerImpl.java:requestVote(1497)) - s4@group-73F140C3701E replies to PRE_VOTE vote request: s1<-s4#0:OK-t0. Peer's state: s4@group-73F140C3701E:t0, leader=null, voted=, raftlog=Memoized:s4@group-73F140C3701E-SegmentedRaftLog:OPENED:c-1:lastnull, conf=conf: {index: -1, cur=peers:[s3|localhost:15012, s4|localhost:15016, s0|localhost:15000, s1|localhost:15004, s2|localhost:15008]|listeners:[], old=null}
2025-01-08 04:22:15,935 [grpc-default-executor-4] INFO  impl.VoteContext (VoteContext.java:log(49)) - s1@group-73F140C3701E-CANDIDATE: accept PRE_VOTE from s0: our priority 0 <= candidate's priority 0
2025-01-08 04:22:15,937 [grpc-default-executor-4] INFO  server.RaftServer$Division (RaftServerImpl.java:requestVote(1497)) - s1@group-73F140C3701E replies to PRE_VOTE vote request: s0<-s1#0:OK-t0. Peer's state: s1@group-73F140C3701E:t0, leader=null, voted=, raftlog=Memoized:s1@group-73F140C3701E-SegmentedRaftLog:OPENED:c-1:lastnull, conf=conf: {index: -1, cur=peers:[s3|localhost:15012, s4|localhost:15016, s0|localhost:15000, s1|localhost:15004, s2|localhost:15008]|listeners:[], old=null}
2025-01-08 04:22:15,937 [grpc-default-executor-13] INFO  impl.VoteContext (VoteContext.java:log(49)) - s1@group-73F140C3701E-CANDIDATE: accept PRE_VOTE from s3: our priority 0 <= candidate's priority 0
2025-01-08 04:22:15,937 [grpc-default-executor-13] INFO  server.RaftServer$Division (RaftServerImpl.java:requestVote(1497)) - s1@group-73F140C3701E replies to PRE_VOTE vote request: s3<-s1#0:OK-t0. Peer's state: s1@group-73F140C3701E:t0, leader=null, voted=, raftlog=Memoized:s1@group-73F140C3701E-SegmentedRaftLog:OPENED:c-1:lastnull, conf=conf: {index: -1, cur=peers:[s3|localhost:15012, s4|localhost:15016, s0|localhost:15000, s1|localhost:15004, s2|localhost:15008]|listeners:[], old=null}
2025-01-08 04:22:15,935 [grpc-default-executor-7] INFO  impl.VoteContext (VoteContext.java:log(49)) - s2@group-73F140C3701E-CANDIDATE: accept PRE_VOTE from s3: our priority 0 <= candidate's priority 0
2025-01-08 04:22:15,938 [grpc-default-executor-7] INFO  server.RaftServer$Division (RaftServerImpl.java:requestVote(1497)) - s2@group-73F140C3701E replies to PRE_VOTE vote request: s3<-s2#0:OK-t0. Peer's state: s2@group-73F140C3701E:t0, leader=null, voted=, raftlog=Memoized:s2@group-73F140C3701E-SegmentedRaftLog:OPENED:c-1:lastnull, conf=conf: {index: -1, cur=peers:[s3|localhost:15012, s4|localhost:15016, s0|localhost:15000, s1|localhost:15004, s2|localhost:15008]|listeners:[], old=null}
2025-01-08 04:22:15,938 [grpc-default-executor-10] INFO  impl.VoteContext (VoteContext.java:log(49)) - s2@group-73F140C3701E-CANDIDATE: accept PRE_VOTE from s1: our priority 0 <= candidate's priority 0
2025-01-08 04:22:15,935 [grpc-default-executor-3] INFO  server.RaftServer$Division (RaftServerImpl.java:requestVote(1463)) - s3@group-73F140C3701E: receive requestVote(PRE_VOTE, s2, group-73F140C3701E, 0, (t:0, i:0))
2025-01-08 04:22:15,938 [grpc-default-executor-10] INFO  server.RaftServer$Division (RaftServerImpl.java:requestVote(1497)) - s2@group-73F140C3701E replies to PRE_VOTE vote request: s1<-s2#0:OK-t0. Peer's state: s2@group-73F140C3701E:t0, leader=null, voted=, raftlog=Memoized:s2@group-73F140C3701E-SegmentedRaftLog:OPENED:c-1:lastnull, conf=conf: {index: -1, cur=peers:[s3|localhost:15012, s4|localhost:15016, s0|localhost:15000, s1|localhost:15004, s2|localhost:15008]|listeners:[], old=null}
2025-01-08 04:22:15,936 [grpc-default-executor-6] INFO  impl.VoteContext (VoteContext.java:log(49)) - s0@group-73F140C3701E-CANDIDATE: accept PRE_VOTE from s2: our priority 0 <= candidate's priority 0
2025-01-08 04:22:15,938 [grpc-default-executor-3] INFO  impl.VoteContext (VoteContext.java:log(49)) - s3@group-73F140C3701E-CANDIDATE: accept PRE_VOTE from s2: our priority 0 <= candidate's priority 0
2025-01-08 04:22:15,939 [grpc-default-executor-6] INFO  server.RaftServer$Division (RaftServerImpl.java:requestVote(1497)) - s0@group-73F140C3701E replies to PRE_VOTE vote request: s2<-s0#0:OK-t0. Peer's state: s0@group-73F140C3701E:t0, leader=null, voted=, raftlog=Memoized:s0@group-73F140C3701E-SegmentedRaftLog:OPENED:c-1:lastnull, conf=conf: {index: -1, cur=peers:[s3|localhost:15012, s4|localhost:15016, s0|localhost:15000, s1|localhost:15004, s2|localhost:15008]|listeners:[], old=null}
2025-01-08 04:22:15,939 [grpc-default-executor-3] INFO  server.RaftServer$Division (RaftServerImpl.java:requestVote(1497)) - s3@group-73F140C3701E replies to PRE_VOTE vote request: s2<-s3#0:OK-t0. Peer's state: s3@group-73F140C3701E:t0, leader=null, voted=, raftlog=Memoized:s3@group-73F140C3701E-SegmentedRaftLog:OPENED:c-1:lastnull, conf=conf: {index: -1, cur=peers:[s3|localhost:15012, s4|localhost:15016, s0|localhost:15000, s1|localhost:15004, s2|localhost:15008]|listeners:[], old=null}
2025-01-08 04:22:15,939 [grpc-default-executor-8] INFO  impl.VoteContext (VoteContext.java:log(49)) - s0@group-73F140C3701E-CANDIDATE: accept PRE_VOTE from s1: our priority 0 <= candidate's priority 0
2025-01-08 04:22:15,940 [grpc-default-executor-8] INFO  server.RaftServer$Division (RaftServerImpl.java:requestVote(1497)) - s0@group-73F140C3701E replies to PRE_VOTE vote request: s1<-s0#0:OK-t0. Peer's state: s0@group-73F140C3701E:t0, leader=null, voted=, raftlog=Memoized:s0@group-73F140C3701E-SegmentedRaftLog:OPENED:c-1:lastnull, conf=conf: {index: -1, cur=peers:[s3|localhost:15012, s4|localhost:15016, s0|localhost:15000, s1|localhost:15004, s2|localhost:15008]|listeners:[], old=null}
2025-01-08 04:22:15,943 [s2@group-73F140C3701E-LeaderElection4] INFO  impl.LeaderElection (LeaderElection.java:logAndReturn(90)) - s2@group-73F140C3701E-LeaderElection4: PRE_VOTE PASSED received 2 response(s) and 0 exception(s):
2025-01-08 04:22:15,943 [s2@group-73F140C3701E-LeaderElection4] INFO  impl.LeaderElection (LeaderElection.java:logAndReturn(94)) -   Response 0: s2<-s0#0:OK-t0
2025-01-08 04:22:15,943 [s2@group-73F140C3701E-LeaderElection4] INFO  impl.LeaderElection (LeaderElection.java:logAndReturn(94)) -   Response 1: s2<-s1#0:OK-t0
2025-01-08 04:22:15,943 [s2@group-73F140C3701E-LeaderElection4] INFO  impl.LeaderElection (LeaderElection.java:askForVotes(334)) - s2@group-73F140C3701E-LeaderElection4 PRE_VOTE round 0: result PASSED
2025-01-08 04:22:15,944 [s2@group-73F140C3701E-LeaderElection4] TRACE util.FileUtils (LogUtils.java:supplyAndLog(69)) - Successfully supplied FileChannel.open /home/runner/work/ratis/ratis/ratis-test/target/test/data/4396bcd9/MiniRaftClusterWithGrpc34006106/s2/c658c16f-715c-43fb-a60f-73f140c3701e/current/raft-meta.tmp with options [CREATE, WRITE]: sun.nio.ch.FileChannelImpl@470efd67
2025-01-08 04:22:15,945 [s0@group-73F140C3701E-LeaderElection3] INFO  impl.LeaderElection (LeaderElection.java:logAndReturn(90)) - s0@group-73F140C3701E-LeaderElection3: PRE_VOTE PASSED received 2 response(s) and 0 exception(s):
2025-01-08 04:22:15,945 [s0@group-73F140C3701E-LeaderElection3] INFO  impl.LeaderElection (LeaderElection.java:logAndReturn(94)) -   Response 0: s0<-s4#0:OK-t0
2025-01-08 04:22:15,945 [s0@group-73F140C3701E-LeaderElection3] INFO  impl.LeaderElection (LeaderElection.java:logAndReturn(94)) -   Response 1: s0<-s1#0:OK-t0
2025-01-08 04:22:15,945 [s0@group-73F140C3701E-LeaderElection3] INFO  impl.LeaderElection (LeaderElection.java:askForVotes(334)) - s0@group-73F140C3701E-LeaderElection3 PRE_VOTE round 0: result PASSED
2025-01-08 04:22:15,946 [s0@group-73F140C3701E-LeaderElection3] TRACE util.FileUtils (LogUtils.java:supplyAndLog(69)) - Successfully supplied FileChannel.open /home/runner/work/ratis/ratis/ratis-test/target/test/data/4396bcd9/MiniRaftClusterWithGrpc34006106/s0/c658c16f-715c-43fb-a60f-73f140c3701e/current/raft-meta.tmp with options [CREATE, WRITE]: sun.nio.ch.FileChannelImpl@5de390df
2025-01-08 04:22:15,947 [s2@group-73F140C3701E-LeaderElection4] TRACE util.FileUtils (LogUtils.java:runAndLog(49)) - Successfully ran Atomic Files.move /home/runner/work/ratis/ratis/ratis-test/target/test/data/4396bcd9/MiniRaftClusterWithGrpc34006106/s2/c658c16f-715c-43fb-a60f-73f140c3701e/current/raft-meta.tmp to /home/runner/work/ratis/ratis/ratis-test/target/test/data/4396bcd9/MiniRaftClusterWithGrpc34006106/s2/c658c16f-715c-43fb-a60f-73f140c3701e/current/raft-meta with options [REPLACE_EXISTING]
2025-01-08 04:22:15,948 [s2@group-73F140C3701E-LeaderElection4] INFO  impl.LeaderElection (LeaderElection.java:askForVotes(332)) - s2@group-73F140C3701E-LeaderElection4 ELECTION round 0: submit vote requests at term 1 for conf: {index: -1, cur=peers:[s3|localhost:15012, s4|localhost:15016, s0|localhost:15000, s1|localhost:15004, s2|localhost:15008]|listeners:[], old=null}
2025-01-08 04:22:15,948 [s0@group-73F140C3701E-LeaderElection3] TRACE util.FileUtils (LogUtils.java:runAndLog(49)) - Successfully ran Atomic Files.move /home/runner/work/ratis/ratis/ratis-test/target/test/data/4396bcd9/MiniRaftClusterWithGrpc34006106/s0/c658c16f-715c-43fb-a60f-73f140c3701e/current/raft-meta.tmp to /home/runner/work/ratis/ratis/ratis-test/target/test/data/4396bcd9/MiniRaftClusterWithGrpc34006106/s0/c658c16f-715c-43fb-a60f-73f140c3701e/current/raft-meta with options [REPLACE_EXISTING]
2025-01-08 04:22:15,948 [s0@group-73F140C3701E-LeaderElection3] INFO  impl.LeaderElection (LeaderElection.java:askForVotes(332)) - s0@group-73F140C3701E-LeaderElection3 ELECTION round 0: submit vote requests at term 1 for conf: {index: -1, cur=peers:[s3|localhost:15012, s4|localhost:15016, s0|localhost:15000, s1|localhost:15004, s2|localhost:15008]|listeners:[], old=null}
2025-01-08 04:22:15,949 [s3@group-73F140C3701E-LeaderElection1] INFO  impl.LeaderElection (LeaderElection.java:logAndReturn(90)) - s3@group-73F140C3701E-LeaderElection1: PRE_VOTE PASSED received 2 response(s) and 0 exception(s):
2025-01-08 04:22:15,949 [s3@group-73F140C3701E-LeaderElection1] INFO  impl.LeaderElection (LeaderElection.java:logAndReturn(94)) -   Response 0: s3<-s0#0:OK-t0
2025-01-08 04:22:15,949 [s3@group-73F140C3701E-LeaderElection1] INFO  impl.LeaderElection (LeaderElection.java:logAndReturn(94)) -   Response 1: s3<-s2#0:OK-t0
2025-01-08 04:22:15,953 [s1@group-73F140C3701E-LeaderElection2] INFO  impl.LeaderElection (LeaderElection.java:logAndReturn(90)) - s1@group-73F140C3701E-LeaderElection2: PRE_VOTE PASSED received 2 response(s) and 0 exception(s):
2025-01-08 04:22:15,954 [s1@group-73F140C3701E-LeaderElection2] INFO  impl.LeaderElection (LeaderElection.java:logAndReturn(94)) -   Response 0: s1<-s3#0:OK-t0
2025-01-08 04:22:15,954 [s1@group-73F140C3701E-LeaderElection2] INFO  impl.LeaderElection (LeaderElection.java:logAndReturn(94)) -   Response 1: s1<-s4#0:OK-t0
2025-01-08 04:22:15,959 [s3@group-73F140C3701E-LeaderElection1] INFO  impl.LeaderElection (LeaderElection.java:askForVotes(334)) - s3@group-73F140C3701E-LeaderElection1 PRE_VOTE round 0: result PASSED
2025-01-08 04:22:15,959 [s3@group-73F140C3701E-LeaderElection1] TRACE util.FileUtils (LogUtils.java:supplyAndLog(69)) - Successfully supplied FileChannel.open /home/runner/work/ratis/ratis/ratis-test/target/test/data/4396bcd9/MiniRaftClusterWithGrpc34006106/s3/c658c16f-715c-43fb-a60f-73f140c3701e/current/raft-meta.tmp with options [CREATE, WRITE]: sun.nio.ch.FileChannelImpl@1ff7f450
2025-01-08 04:22:15,961 [s3@group-73F140C3701E-LeaderElection1] TRACE util.FileUtils (LogUtils.java:runAndLog(49)) - Successfully ran Atomic Files.move /home/runner/work/ratis/ratis/ratis-test/target/test/data/4396bcd9/MiniRaftClusterWithGrpc34006106/s3/c658c16f-715c-43fb-a60f-73f140c3701e/current/raft-meta.tmp to /home/runner/work/ratis/ratis/ratis-test/target/test/data/4396bcd9/MiniRaftClusterWithGrpc34006106/s3/c658c16f-715c-43fb-a60f-73f140c3701e/current/raft-meta with options [REPLACE_EXISTING]
2025-01-08 04:22:15,961 [s3@group-73F140C3701E-LeaderElection1] INFO  impl.LeaderElection (LeaderElection.java:askForVotes(332)) - s3@group-73F140C3701E-LeaderElection1 ELECTION round 0: submit vote requests at term 1 for conf: {index: -1, cur=peers:[s3|localhost:15012, s4|localhost:15016, s0|localhost:15000, s1|localhost:15004, s2|localhost:15008]|listeners:[], old=null}
2025-01-08 04:22:15,961 [grpc-default-executor-13] INFO  server.RaftServer$Division (RaftServerImpl.java:requestVote(1463)) - s0@group-73F140C3701E: receive requestVote(ELECTION, s2, group-73F140C3701E, 1, (t:0, i:0))
2025-01-08 04:22:15,961 [grpc-default-executor-13] INFO  impl.VoteContext (VoteContext.java:log(49)) - s0@group-73F140C3701E-CANDIDATE: reject ELECTION from s2: already has voted for s0 at current term 1
2025-01-08 04:22:15,961 [grpc-default-executor-13] INFO  server.RaftServer$Division (RaftServerImpl.java:requestVote(1497)) - s0@group-73F140C3701E replies to ELECTION vote request: s2<-s0#0:FAIL-t1. Peer's state: s0@group-73F140C3701E:t1, leader=null, voted=s0, raftlog=Memoized:s0@group-73F140C3701E-SegmentedRaftLog:OPENED:c-1:lastnull, conf=conf: {index: -1, cur=peers:[s3|localhost:15012, s4|localhost:15016, s0|localhost:15000, s1|localhost:15004, s2|localhost:15008]|listeners:[], old=null}
2025-01-08 04:22:15,962 [grpc-default-executor-13] INFO  server.RaftServer$Division (RaftServerImpl.java:requestVote(1463)) - s1@group-73F140C3701E: receive requestVote(ELECTION, s2, group-73F140C3701E, 1, (t:0, i:0))
2025-01-08 04:22:15,962 [grpc-default-executor-13] INFO  impl.VoteContext (VoteContext.java:log(49)) - s1@group-73F140C3701E-CANDIDATE: accept ELECTION from s2: our priority 0 <= candidate's priority 0
2025-01-08 04:22:15,962 [grpc-default-executor-13] INFO  server.RaftServer$Division (RaftServerImpl.java:setRole(383)) - s1@group-73F140C3701E: changes role from CANDIDATE to FOLLOWER at term 0 for candidate:s2
2025-01-08 04:22:15,963 [grpc-default-executor-13] INFO  impl.RoleInfo (RoleInfo.java:shutdownLeaderElection(141)) - s1: shutdown s1@group-73F140C3701E-LeaderElection2
2025-01-08 04:22:15,966 [grpc-default-executor-0] INFO  server.RaftServer$Division (RaftServerImpl.java:requestVote(1463)) - s4@group-73F140C3701E: receive requestVote(ELECTION, s0, group-73F140C3701E, 1, (t:0, i:0))
2025-01-08 04:22:15,966 [grpc-default-executor-0] INFO  impl.VoteContext (VoteContext.java:log(49)) - s4@group-73F140C3701E-FOLLOWER: accept ELECTION from s0: our priority 0 <= candidate's priority 0
2025-01-08 04:22:15,966 [grpc-default-executor-0] INFO  server.RaftServer$Division (RaftServerImpl.java:setRole(383)) - s4@group-73F140C3701E: changes role from  FOLLOWER to FOLLOWER at term 0 for candidate:s0
2025-01-08 04:22:15,966 [grpc-default-executor-0] INFO  impl.RoleInfo (RoleInfo.java:shutdownFollowerState(121)) - s4: shutdown s4@group-73F140C3701E-FollowerState
2025-01-08 04:22:15,967 [s1@group-73F140C3701E-LeaderElection2] INFO  impl.LeaderElection (LeaderElection.java:askForVotes(334)) - s1@group-73F140C3701E-LeaderElection2 PRE_VOTE round 0: result PASSED
2025-01-08 04:22:15,968 [grpc-default-executor-6] INFO  server.RaftServer$Division (RaftServerImpl.java:requestVote(1463)) - s3@group-73F140C3701E: receive requestVote(ELECTION, s2, group-73F140C3701E, 1, (t:0, i:0))
2025-01-08 04:22:15,968 [grpc-default-executor-6] INFO  impl.VoteContext (VoteContext.java:log(49)) - s3@group-73F140C3701E-CANDIDATE: reject ELECTION from s2: already has voted for s3 at current term 1
2025-01-08 04:22:15,967 [grpc-default-executor-10] INFO  server.RaftServer$Division (RaftServerImpl.java:requestVote(1463)) - s4@group-73F140C3701E: receive requestVote(ELECTION, s2, group-73F140C3701E, 1, (t:0, i:0))
2025-01-08 04:22:15,968 [grpc-default-executor-6] INFO  server.RaftServer$Division (RaftServerImpl.java:requestVote(1497)) - s3@group-73F140C3701E replies to ELECTION vote request: s2<-s3#0:FAIL-t1. Peer's state: s3@group-73F140C3701E:t1, leader=null, voted=s3, raftlog=Memoized:s3@group-73F140C3701E-SegmentedRaftLog:OPENED:c-1:lastnull, conf=conf: {index: -1, cur=peers:[s3|localhost:15012, s4|localhost:15016, s0|localhost:15000, s1|localhost:15004, s2|localhost:15008]|listeners:[], old=null}
2025-01-08 04:22:15,968 [s4@group-73F140C3701E-FollowerState] INFO  impl.FollowerState (FollowerState.java:runImpl(170)) - s4@group-73F140C3701E-FollowerState was interrupted
2025-01-08 04:22:15,968 [grpc-default-executor-0] INFO  impl.RoleInfo (RoleInfo.java:updateAndGet(148)) - s4: start s4@group-73F140C3701E-FollowerState
2025-01-08 04:22:15,970 [grpc-default-executor-6] INFO  server.RaftServer$Division (RaftServerImpl.java:requestVote(1463)) - s1@group-73F140C3701E: receive requestVote(ELECTION, s0, group-73F140C3701E, 1, (t:0, i:0))
2025-01-08 04:22:15,970 [grpc-default-executor-0] INFO  server.RaftServer$Division (RaftServerImpl.java:setFirstElection(567)) - s4@group-73F140C3701E: set firstElectionSinceStartup to false for candidate:s0
2025-01-08 04:22:15,970 [grpc-default-executor-13] INFO  impl.RoleInfo (RoleInfo.java:updateAndGet(148)) - s1: start s1@group-73F140C3701E-FollowerState
2025-01-08 04:22:15,971 [grpc-default-executor-0] TRACE util.FileUtils (LogUtils.java:supplyAndLog(69)) - Successfully supplied FileChannel.open /home/runner/work/ratis/ratis/ratis-test/target/test/data/4396bcd9/MiniRaftClusterWithGrpc34006106/s4/c658c16f-715c-43fb-a60f-73f140c3701e/current/raft-meta.tmp with options [CREATE, WRITE]: sun.nio.ch.FileChannelImpl@1a628895
2025-01-08 04:22:15,972 [grpc-default-executor-8] INFO  server.RaftServer$Division (RaftServerImpl.java:requestVote(1463)) - s3@group-73F140C3701E: receive requestVote(ELECTION, s0, group-73F140C3701E, 1, (t:0, i:0))
2025-01-08 04:22:15,972 [grpc-default-executor-8] INFO  impl.VoteContext (VoteContext.java:log(49)) - s3@group-73F140C3701E-CANDIDATE: reject ELECTION from s0: already has voted for s3 at current term 1
2025-01-08 04:22:15,972 [grpc-default-executor-8] INFO  server.RaftServer$Division (RaftServerImpl.java:requestVote(1497)) - s3@group-73F140C3701E replies to ELECTION vote request: s0<-s3#0:FAIL-t1. Peer's state: s3@group-73F140C3701E:t1, leader=null, voted=s3, raftlog=Memoized:s3@group-73F140C3701E-SegmentedRaftLog:OPENED:c-1:lastnull, conf=conf: {index: -1, cur=peers:[s3|localhost:15012, s4|localhost:15016, s0|localhost:15000, s1|localhost:15004, s2|localhost:15008]|listeners:[], old=null}
2025-01-08 04:22:15,972 [grpc-default-executor-0] TRACE util.FileUtils (LogUtils.java:runAndLog(49)) - Successfully ran Atomic Files.move /home/runner/work/ratis/ratis/ratis-test/target/test/data/4396bcd9/MiniRaftClusterWithGrpc34006106/s4/c658c16f-715c-43fb-a60f-73f140c3701e/current/raft-meta.tmp to /home/runner/work/ratis/ratis/ratis-test/target/test/data/4396bcd9/MiniRaftClusterWithGrpc34006106/s4/c658c16f-715c-43fb-a60f-73f140c3701e/current/raft-meta with options [REPLACE_EXISTING]
2025-01-08 04:22:15,972 [grpc-default-executor-0] INFO  server.RaftServer$Division (RaftServerImpl.java:requestVote(1497)) - s4@group-73F140C3701E replies to ELECTION vote request: s0<-s4#0:OK-t1. Peer's state: s4@group-73F140C3701E:t1, leader=null, voted=s0, raftlog=Memoized:s4@group-73F140C3701E-SegmentedRaftLog:OPENED:c-1:lastnull, conf=conf: {index: -1, cur=peers:[s3|localhost:15012, s4|localhost:15016, s0|localhost:15000, s1|localhost:15004, s2|localhost:15008]|listeners:[], old=null}
2025-01-08 04:22:15,972 [grpc-default-executor-10] INFO  impl.VoteContext (VoteContext.java:log(49)) - s4@group-73F140C3701E-FOLLOWER: reject ELECTION from s2: already has voted for s0 at current term 1
2025-01-08 04:22:15,973 [grpc-default-executor-10] INFO  server.RaftServer$Division (RaftServerImpl.java:requestVote(1497)) - s4@group-73F140C3701E replies to ELECTION vote request: s2<-s4#0:FAIL-t1. Peer's state: s4@group-73F140C3701E:t1, leader=null, voted=s0, raftlog=Memoized:s4@group-73F140C3701E-SegmentedRaftLog:OPENED:c-1:lastnull, conf=conf: {index: -1, cur=peers:[s3|localhost:15012, s4|localhost:15016, s0|localhost:15000, s1|localhost:15004, s2|localhost:15008]|listeners:[], old=null}
2025-01-08 04:22:15,976 [grpc-default-executor-0] INFO  server.RaftServer$Division (RaftServerImpl.java:requestVote(1463)) - s0@group-73F140C3701E: receive requestVote(ELECTION, s3, group-73F140C3701E, 1, (t:0, i:0))
2025-01-08 04:22:15,976 [grpc-default-executor-0] INFO  impl.VoteContext (VoteContext.java:log(49)) - s0@group-73F140C3701E-CANDIDATE: reject ELECTION from s3: already has voted for s0 at current term 1
2025-01-08 04:22:15,976 [grpc-default-executor-0] INFO  server.RaftServer$Division (RaftServerImpl.java:requestVote(1497)) - s0@group-73F140C3701E replies to ELECTION vote request: s3<-s0#0:FAIL-t1. Peer's state: s0@group-73F140C3701E:t1, leader=null, voted=s0, raftlog=Memoized:s0@group-73F140C3701E-SegmentedRaftLog:OPENED:c-1:lastnull, conf=conf: {index: -1, cur=peers:[s3|localhost:15012, s4|localhost:15016, s0|localhost:15000, s1|localhost:15004, s2|localhost:15008]|listeners:[], old=null}
2025-01-08 04:22:15,977 [grpc-default-executor-13] INFO  server.RaftServer$Division (RaftServerImpl.java:setFirstElection(567)) - s1@group-73F140C3701E: set firstElectionSinceStartup to false for candidate:s2
2025-01-08 04:22:15,978 [grpc-default-executor-13] TRACE util.FileUtils (LogUtils.java:supplyAndLog(69)) - Successfully supplied FileChannel.open /home/runner/work/ratis/ratis/ratis-test/target/test/data/4396bcd9/MiniRaftClusterWithGrpc34006106/s1/c658c16f-715c-43fb-a60f-73f140c3701e/current/raft-meta.tmp with options [CREATE, WRITE]: sun.nio.ch.FileChannelImpl@4b63a6aa
2025-01-08 04:22:15,980 [grpc-default-executor-13] TRACE util.FileUtils (LogUtils.java:runAndLog(49)) - Successfully ran Atomic Files.move /home/runner/work/ratis/ratis/ratis-test/target/test/data/4396bcd9/MiniRaftClusterWithGrpc34006106/s1/c658c16f-715c-43fb-a60f-73f140c3701e/current/raft-meta.tmp to /home/runner/work/ratis/ratis/ratis-test/target/test/data/4396bcd9/MiniRaftClusterWithGrpc34006106/s1/c658c16f-715c-43fb-a60f-73f140c3701e/current/raft-meta with options [REPLACE_EXISTING]
2025-01-08 04:22:15,980 [grpc-default-executor-13] INFO  server.RaftServer$Division (RaftServerImpl.java:requestVote(1497)) - s1@group-73F140C3701E replies to ELECTION vote request: s2<-s1#0:OK-t1. Peer's state: s1@group-73F140C3701E:t1, leader=null, voted=s2, raftlog=Memoized:s1@group-73F140C3701E-SegmentedRaftLog:OPENED:c-1:lastnull, conf=conf: {index: -1, cur=peers:[s3|localhost:15012, s4|localhost:15016, s0|localhost:15000, s1|localhost:15004, s2|localhost:15008]|listeners:[], old=null}
2025-01-08 04:22:15,980 [grpc-default-executor-6] INFO  impl.VoteContext (VoteContext.java:log(49)) - s1@group-73F140C3701E-FOLLOWER: reject ELECTION from s0: already has voted for s2 at current term 1
2025-01-08 04:22:15,980 [grpc-default-executor-6] INFO  server.RaftServer$Division (RaftServerImpl.java:requestVote(1497)) - s1@group-73F140C3701E replies to ELECTION vote request: s0<-s1#0:FAIL-t1. Peer's state: s1@group-73F140C3701E:t1, leader=null, voted=s2, raftlog=Memoized:s1@group-73F140C3701E-SegmentedRaftLog:OPENED:c-1:lastnull, conf=conf: {index: -1, cur=peers:[s3|localhost:15012, s4|localhost:15016, s0|localhost:15000, s1|localhost:15004, s2|localhost:15008]|listeners:[], old=null}
2025-01-08 04:22:15,983 [grpc-default-executor-6] INFO  server.RaftServer$Division (RaftServerImpl.java:requestVote(1463)) - s2@group-73F140C3701E: receive requestVote(ELECTION, s0, group-73F140C3701E, 1, (t:0, i:0))
2025-01-08 04:22:15,983 [grpc-default-executor-6] INFO  impl.VoteContext (VoteContext.java:log(49)) - s2@group-73F140C3701E-CANDIDATE: reject ELECTION from s0: already has voted for s2 at current term 1
2025-01-08 04:22:15,983 [grpc-default-executor-6] INFO  server.RaftServer$Division (RaftServerImpl.java:requestVote(1497)) - s2@group-73F140C3701E replies to ELECTION vote request: s0<-s2#0:FAIL-t1. Peer's state: s2@group-73F140C3701E:t1, leader=null, voted=s2, raftlog=Memoized:s2@group-73F140C3701E-SegmentedRaftLog:OPENED:c-1:lastnull, conf=conf: {index: -1, cur=peers:[s3|localhost:15012, s4|localhost:15016, s0|localhost:15000, s1|localhost:15004, s2|localhost:15008]|listeners:[], old=null}
2025-01-08 04:22:15,985 [grpc-default-executor-6] INFO  server.RaftServer$Division (RaftServerImpl.java:requestVote(1463)) - s1@group-73F140C3701E: receive requestVote(ELECTION, s3, group-73F140C3701E, 1, (t:0, i:0))
2025-01-08 04:22:15,985 [grpc-default-executor-13] INFO  server.RaftServer$Division (RaftServerImpl.java:requestVote(1463)) - s4@group-73F140C3701E: receive requestVote(ELECTION, s3, group-73F140C3701E, 1, (t:0, i:0))
2025-01-08 04:22:15,985 [grpc-default-executor-6] INFO  impl.VoteContext (VoteContext.java:log(49)) - s1@group-73F140C3701E-FOLLOWER: reject ELECTION from s3: already has voted for s2 at current term 1
2025-01-08 04:22:15,985 [grpc-default-executor-13] INFO  impl.VoteContext (VoteContext.java:log(49)) - s4@group-73F140C3701E-FOLLOWER: reject ELECTION from s3: already has voted for s0 at current term 1
2025-01-08 04:22:15,985 [grpc-default-executor-6] INFO  server.RaftServer$Division (RaftServerImpl.java:requestVote(1497)) - s1@group-73F140C3701E replies to ELECTION vote request: s3<-s1#0:FAIL-t1. Peer's state: s1@group-73F140C3701E:t1, leader=null, voted=s2, raftlog=Memoized:s1@group-73F140C3701E-SegmentedRaftLog:OPENED:c-1:lastnull, conf=conf: {index: -1, cur=peers:[s3|localhost:15012, s4|localhost:15016, s0|localhost:15000, s1|localhost:15004, s2|localhost:15008]|listeners:[], old=null}
2025-01-08 04:22:15,985 [grpc-default-executor-13] INFO  server.RaftServer$Division (RaftServerImpl.java:requestVote(1497)) - s4@group-73F140C3701E replies to ELECTION vote request: s3<-s4#0:FAIL-t1. Peer's state: s4@group-73F140C3701E:t1, leader=null, voted=s0, raftlog=Memoized:s4@group-73F140C3701E-SegmentedRaftLog:OPENED:c-1:lastnull, conf=conf: {index: -1, cur=peers:[s3|localhost:15012, s4|localhost:15016, s0|localhost:15000, s1|localhost:15004, s2|localhost:15008]|listeners:[], old=null}
2025-01-08 04:22:15,987 [s2@group-73F140C3701E-LeaderElection4] INFO  impl.LeaderElection (LeaderElection.java:logAndReturn(90)) - s2@group-73F140C3701E-LeaderElection4: ELECTION REJECTED received 4 response(s) and 0 exception(s):
2025-01-08 04:22:15,987 [s2@group-73F140C3701E-LeaderElection4] INFO  impl.LeaderElection (LeaderElection.java:logAndReturn(94)) -   Response 0: s2<-s3#0:FAIL-t1
2025-01-08 04:22:15,988 [s2@group-73F140C3701E-LeaderElection4] INFO  impl.LeaderElection (LeaderElection.java:logAndReturn(94)) -   Response 1: s2<-s4#0:FAIL-t1
2025-01-08 04:22:15,988 [s2@group-73F140C3701E-LeaderElection4] INFO  impl.LeaderElection (LeaderElection.java:logAndReturn(94)) -   Response 2: s2<-s0#0:FAIL-t1
2025-01-08 04:22:15,988 [s2@group-73F140C3701E-LeaderElection4] INFO  impl.LeaderElection (LeaderElection.java:logAndReturn(94)) -   Response 3: s2<-s1#0:OK-t1
2025-01-08 04:22:15,988 [s2@group-73F140C3701E-LeaderElection4] INFO  impl.LeaderElection (LeaderElection.java:askForVotes(334)) - s2@group-73F140C3701E-LeaderElection4 ELECTION round 0: result REJECTED
2025-01-08 04:22:15,988 [s2@group-73F140C3701E-LeaderElection4] INFO  server.RaftServer$Division (RaftServerImpl.java:setRole(383)) - s2@group-73F140C3701E: changes role from CANDIDATE to FOLLOWER at term 1 for REJECTED
2025-01-08 04:22:15,988 [s2@group-73F140C3701E-LeaderElection4] INFO  impl.RoleInfo (RoleInfo.java:shutdownLeaderElection(141)) - s2: shutdown s2@group-73F140C3701E-LeaderElection4
2025-01-08 04:22:15,988 [s2@group-73F140C3701E-LeaderElection4] INFO  impl.RoleInfo (RoleInfo.java:updateAndGet(148)) - s2: start s2@group-73F140C3701E-FollowerState
2025-01-08 04:22:15,988 [s3@group-73F140C3701E-LeaderElection1] INFO  impl.LeaderElection (LeaderElection.java:logAndReturn(90)) - s3@group-73F140C3701E-LeaderElection1: ELECTION REJECTED received 3 response(s) and 0 exception(s):
2025-01-08 04:22:15,989 [grpc-default-executor-6] INFO  server.RaftServer$Division (RaftServerImpl.java:requestVote(1463)) - s2@group-73F140C3701E: receive requestVote(ELECTION, s3, group-73F140C3701E, 1, (t:0, i:0))
2025-01-08 04:22:15,989 [s3@group-73F140C3701E-LeaderElection1] INFO  impl.LeaderElection (LeaderElection.java:logAndReturn(94)) -   Response 0: s3<-s4#0:FAIL-t1
2025-01-08 04:22:15,989 [s3@group-73F140C3701E-LeaderElection1] INFO  impl.LeaderElection (LeaderElection.java:logAndReturn(94)) -   Response 1: s3<-s0#0:FAIL-t1
2025-01-08 04:22:15,989 [s3@group-73F140C3701E-LeaderElection1] INFO  impl.LeaderElection (LeaderElection.java:logAndReturn(94)) -   Response 2: s3<-s1#0:FAIL-t1
2025-01-08 04:22:15,989 [s2@group-73F140C3701E-LeaderElection4] INFO  server.RaftServer$Division (RaftServerImpl.java:setFirstElection(567)) - s2@group-73F140C3701E: set firstElectionSinceStartup to false for REJECTED
2025-01-08 04:22:15,989 [grpc-default-executor-6] INFO  impl.VoteContext (VoteContext.java:log(49)) - s2@group-73F140C3701E-FOLLOWER: reject ELECTION from s3: already has voted for s2 at current term 1
2025-01-08 04:22:15,990 [grpc-default-executor-6] INFO  server.RaftServer$Division (RaftServerImpl.java:requestVote(1497)) - s2@group-73F140C3701E replies to ELECTION vote request: s3<-s2#0:FAIL-t1. Peer's state: s2@group-73F140C3701E:t1, leader=null, voted=s2, raftlog=Memoized:s2@group-73F140C3701E-SegmentedRaftLog:OPENED:c-1:lastnull, conf=conf: {index: -1, cur=peers:[s3|localhost:15012, s4|localhost:15016, s0|localhost:15000, s1|localhost:15004, s2|localhost:15008]|listeners:[], old=null}
2025-01-08 04:22:15,990 [s3@group-73F140C3701E-LeaderElection1] INFO  impl.LeaderElection (LeaderElection.java:askForVotes(334)) - s3@group-73F140C3701E-LeaderElection1 ELECTION round 0: result REJECTED
2025-01-08 04:22:15,990 [s3@group-73F140C3701E-LeaderElection1] INFO  server.RaftServer$Division (RaftServerImpl.java:setRole(383)) - s3@group-73F140C3701E: changes role from CANDIDATE to FOLLOWER at term 1 for REJECTED
2025-01-08 04:22:15,990 [s3@group-73F140C3701E-LeaderElection1] INFO  impl.RoleInfo (RoleInfo.java:shutdownLeaderElection(141)) - s3: shutdown s3@group-73F140C3701E-LeaderElection1
2025-01-08 04:22:15,990 [s3@group-73F140C3701E-LeaderElection1] INFO  impl.RoleInfo (RoleInfo.java:updateAndGet(148)) - s3: start s3@group-73F140C3701E-FollowerState
2025-01-08 04:22:15,991 [s0@group-73F140C3701E-LeaderElection3] INFO  impl.LeaderElection (LeaderElection.java:logAndReturn(90)) - s0@group-73F140C3701E-LeaderElection3: ELECTION REJECTED received 4 response(s) and 0 exception(s):
2025-01-08 04:22:15,991 [s0@group-73F140C3701E-LeaderElection3] INFO  impl.LeaderElection (LeaderElection.java:logAndReturn(94)) -   Response 0: s0<-s3#0:FAIL-t1
2025-01-08 04:22:15,991 [s0@group-73F140C3701E-LeaderElection3] INFO  impl.LeaderElection (LeaderElection.java:logAndReturn(94)) -   Response 1: s0<-s4#0:OK-t1
2025-01-08 04:22:15,991 [s0@group-73F140C3701E-LeaderElection3] INFO  impl.LeaderElection (LeaderElection.java:logAndReturn(94)) -   Response 2: s0<-s1#0:FAIL-t1
2025-01-08 04:22:15,991 [s0@group-73F140C3701E-LeaderElection3] INFO  impl.LeaderElection (LeaderElection.java:logAndReturn(94)) -   Response 3: s0<-s2#0:FAIL-t1
2025-01-08 04:22:15,993 [s3@group-73F140C3701E-LeaderElection1] INFO  server.RaftServer$Division (RaftServerImpl.java:setFirstElection(567)) - s3@group-73F140C3701E: set firstElectionSinceStartup to false for REJECTED
2025-01-08 04:22:15,993 [s0@group-73F140C3701E-LeaderElection3] INFO  impl.LeaderElection (LeaderElection.java:askForVotes(334)) - s0@group-73F140C3701E-LeaderElection3 ELECTION round 0: result REJECTED
2025-01-08 04:22:15,993 [s0@group-73F140C3701E-LeaderElection3] INFO  server.RaftServer$Division (RaftServerImpl.java:setRole(383)) - s0@group-73F140C3701E: changes role from CANDIDATE to FOLLOWER at term 1 for REJECTED
2025-01-08 04:22:15,993 [s0@group-73F140C3701E-LeaderElection3] INFO  impl.RoleInfo (RoleInfo.java:shutdownLeaderElection(141)) - s0: shutdown s0@group-73F140C3701E-LeaderElection3
2025-01-08 04:22:15,993 [s0@group-73F140C3701E-LeaderElection3] INFO  impl.RoleInfo (RoleInfo.java:updateAndGet(148)) - s0: start s0@group-73F140C3701E-FollowerState
2025-01-08 04:22:15,993 [s0@group-73F140C3701E-LeaderElection3] INFO  server.RaftServer$Division (RaftServerImpl.java:setFirstElection(567)) - s0@group-73F140C3701E: set firstElectionSinceStartup to false for REJECTED
2025-01-08 04:22:19,213 [s1@group-73F140C3701E-FollowerState] INFO  impl.FollowerState (FollowerState.java:runImpl(161)) - s1@group-73F140C3701E-FollowerState: change to CANDIDATE, lastRpcElapsedTime:3232655396ns, electionTimeout:3224ms
2025-01-08 04:22:19,213 [s1@group-73F140C3701E-FollowerState] INFO  impl.RoleInfo (RoleInfo.java:shutdownFollowerState(121)) - s1: shutdown s1@group-73F140C3701E-FollowerState
2025-01-08 04:22:19,213 [s1@group-73F140C3701E-FollowerState] INFO  server.RaftServer$Division (RaftServerImpl.java:setRole(383)) - s1@group-73F140C3701E: changes role from  FOLLOWER to CANDIDATE at term 1 for changeToCandidate
2025-01-08 04:22:19,213 [s1@group-73F140C3701E-FollowerState] INFO  impl.RoleInfo (RoleInfo.java:updateAndGet(148)) - s1: start s1@group-73F140C3701E-LeaderElection5
2025-01-08 04:22:19,213 [s1@group-73F140C3701E-LeaderElection5] INFO  impl.LeaderElection (LeaderElection.java:askForVotes(332)) - s1@group-73F140C3701E-LeaderElection5 PRE_VOTE round 0: submit vote requests at term 1 for conf: {index: -1, cur=peers:[s3|localhost:15012, s4|localhost:15016, s0|localhost:15000, s1|localhost:15004, s2|localhost:15008]|listeners:[], old=null}
2025-01-08 04:22:19,217 [grpc-default-executor-6] INFO  server.RaftServer$Division (RaftServerImpl.java:requestVote(1463)) - s3@group-73F140C3701E: receive requestVote(PRE_VOTE, s1, group-73F140C3701E, 1, (t:0, i:0))
2025-01-08 04:22:19,217 [grpc-default-executor-6] INFO  impl.VoteContext (VoteContext.java:log(49)) - s3@group-73F140C3701E-FOLLOWER: accept PRE_VOTE from s1: our priority 0 <= candidate's priority 0
2025-01-08 04:22:19,217 [grpc-default-executor-6] INFO  server.RaftServer$Division (RaftServerImpl.java:requestVote(1497)) - s3@group-73F140C3701E replies to PRE_VOTE vote request: s1<-s3#0:OK-t1. Peer's state: s3@group-73F140C3701E:t1, leader=null, voted=s3, raftlog=Memoized:s3@group-73F140C3701E-SegmentedRaftLog:OPENED:c-1:lastnull, conf=conf: {index: -1, cur=peers:[s3|localhost:15012, s4|localhost:15016, s0|localhost:15000, s1|localhost:15004, s2|localhost:15008]|listeners:[], old=null}
2025-01-08 04:22:19,218 [grpc-default-executor-13] INFO  server.RaftServer$Division (RaftServerImpl.java:requestVote(1463)) - s4@group-73F140C3701E: receive requestVote(PRE_VOTE, s1, group-73F140C3701E, 1, (t:0, i:0))
2025-01-08 04:22:19,219 [grpc-default-executor-13] INFO  impl.VoteContext (VoteContext.java:log(49)) - s4@group-73F140C3701E-FOLLOWER: accept PRE_VOTE from s1: our priority 0 <= candidate's priority 0
2025-01-08 04:22:19,219 [grpc-default-executor-13] INFO  server.RaftServer$Division (RaftServerImpl.java:requestVote(1497)) - s4@group-73F140C3701E replies to PRE_VOTE vote request: s1<-s4#0:OK-t1. Peer's state: s4@group-73F140C3701E:t1, leader=null, voted=s0, raftlog=Memoized:s4@group-73F140C3701E-SegmentedRaftLog:OPENED:c-1:lastnull, conf=conf: {index: -1, cur=peers:[s3|localhost:15012, s4|localhost:15016, s0|localhost:15000, s1|localhost:15004, s2|localhost:15008]|listeners:[], old=null}
2025-01-08 04:22:19,222 [grpc-default-executor-13] INFO  server.RaftServer$Division (RaftServerImpl.java:requestVote(1463)) - s2@group-73F140C3701E: receive requestVote(PRE_VOTE, s1, group-73F140C3701E, 1, (t:0, i:0))
2025-01-08 04:22:19,222 [grpc-default-executor-13] INFO  impl.VoteContext (VoteContext.java:log(49)) - s2@group-73F140C3701E-FOLLOWER: accept PRE_VOTE from s1: our priority 0 <= candidate's priority 0
2025-01-08 04:22:19,222 [grpc-default-executor-6] INFO  server.RaftServer$Division (RaftServerImpl.java:requestVote(1463)) - s0@group-73F140C3701E: receive requestVote(PRE_VOTE, s1, group-73F140C3701E, 1, (t:0, i:0))
2025-01-08 04:22:19,222 [grpc-default-executor-13] INFO  server.RaftServer$Division (RaftServerImpl.java:requestVote(1497)) - s2@group-73F140C3701E replies to PRE_VOTE vote request: s1<-s2#0:OK-t1. Peer's state: s2@group-73F140C3701E:t1, leader=null, voted=s2, raftlog=Memoized:s2@group-73F140C3701E-SegmentedRaftLog:OPENED:c-1:lastnull, conf=conf: {index: -1, cur=peers:[s3|localhost:15012, s4|localhost:15016, s0|localhost:15000, s1|localhost:15004, s2|localhost:15008]|listeners:[], old=null}
2025-01-08 04:22:19,222 [grpc-default-executor-6] INFO  impl.VoteContext (VoteContext.java:log(49)) - s0@group-73F140C3701E-FOLLOWER: accept PRE_VOTE from s1: our priority 0 <= candidate's priority 0
2025-01-08 04:22:19,223 [s1@group-73F140C3701E-LeaderElection5] INFO  impl.LeaderElection (LeaderElection.java:logAndReturn(90)) - s1@group-73F140C3701E-LeaderElection5: PRE_VOTE PASSED received 2 response(s) and 0 exception(s):
2025-01-08 04:22:19,223 [s1@group-73F140C3701E-LeaderElection5] INFO  impl.LeaderElection (LeaderElection.java:logAndReturn(94)) -   Response 0: s1<-s3#0:OK-t1
2025-01-08 04:22:19,223 [s1@group-73F140C3701E-LeaderElection5] INFO  impl.LeaderElection (LeaderElection.java:logAndReturn(94)) -   Response 1: s1<-s4#0:OK-t1
2025-01-08 04:22:19,223 [grpc-default-executor-6] INFO  server.RaftServer$Division (RaftServerImpl.java:requestVote(1497)) - s0@group-73F140C3701E replies to PRE_VOTE vote request: s1<-s0#0:OK-t1. Peer's state: s0@group-73F140C3701E:t1, leader=null, voted=s0, raftlog=Memoized:s0@group-73F140C3701E-SegmentedRaftLog:OPENED:c-1:lastnull, conf=conf: {index: -1, cur=peers:[s3|localhost:15012, s4|localhost:15016, s0|localhost:15000, s1|localhost:15004, s2|localhost:15008]|listeners:[], old=null}
2025-01-08 04:22:19,223 [s1@group-73F140C3701E-LeaderElection5] INFO  impl.LeaderElection (LeaderElection.java:askForVotes(334)) - s1@group-73F140C3701E-LeaderElection5 PRE_VOTE round 0: result PASSED
2025-01-08 04:22:19,224 [s1@group-73F140C3701E-LeaderElection5] TRACE util.FileUtils (LogUtils.java:supplyAndLog(69)) - Successfully supplied FileChannel.open /home/runner/work/ratis/ratis/ratis-test/target/test/data/4396bcd9/MiniRaftClusterWithGrpc34006106/s1/c658c16f-715c-43fb-a60f-73f140c3701e/current/raft-meta.tmp with options [CREATE, WRITE]: sun.nio.ch.FileChannelImpl@16958d65
2025-01-08 04:22:19,227 [s1@group-73F140C3701E-LeaderElection5] TRACE util.FileUtils (LogUtils.java:runAndLog(49)) - Successfully ran Atomic Files.move /home/runner/work/ratis/ratis/ratis-test/target/test/data/4396bcd9/MiniRaftClusterWithGrpc34006106/s1/c658c16f-715c-43fb-a60f-73f140c3701e/current/raft-meta.tmp to /home/runner/work/ratis/ratis/ratis-test/target/test/data/4396bcd9/MiniRaftClusterWithGrpc34006106/s1/c658c16f-715c-43fb-a60f-73f140c3701e/current/raft-meta with options [REPLACE_EXISTING]
2025-01-08 04:22:19,227 [s1@group-73F140C3701E-LeaderElection5] INFO  impl.LeaderElection (LeaderElection.java:askForVotes(332)) - s1@group-73F140C3701E-LeaderElection5 ELECTION round 0: submit vote requests at term 2 for conf: {index: -1, cur=peers:[s3|localhost:15012, s4|localhost:15016, s0|localhost:15000, s1|localhost:15004, s2|localhost:15008]|listeners:[], old=null}
2025-01-08 04:22:19,235 [grpc-default-executor-13] INFO  server.RaftServer$Division (RaftServerImpl.java:requestVote(1463)) - s4@group-73F140C3701E: receive requestVote(ELECTION, s1, group-73F140C3701E, 2, (t:0, i:0))
2025-01-08 04:22:19,235 [grpc-default-executor-13] INFO  impl.VoteContext (VoteContext.java:log(49)) - s4@group-73F140C3701E-FOLLOWER: accept ELECTION from s1: our priority 0 <= candidate's priority 0
2025-01-08 04:22:19,235 [grpc-default-executor-13] INFO  server.RaftServer$Division (RaftServerImpl.java:setRole(383)) - s4@group-73F140C3701E: changes role from  FOLLOWER to FOLLOWER at term 1 for candidate:s1
2025-01-08 04:22:19,235 [grpc-default-executor-13] INFO  impl.RoleInfo (RoleInfo.java:shutdownFollowerState(121)) - s4: shutdown s4@group-73F140C3701E-FollowerState
2025-01-08 04:22:19,235 [s4@group-73F140C3701E-FollowerState] INFO  impl.FollowerState (FollowerState.java:runImpl(170)) - s4@group-73F140C3701E-FollowerState was interrupted
2025-01-08 04:22:19,235 [grpc-default-executor-13] INFO  impl.RoleInfo (RoleInfo.java:updateAndGet(148)) - s4: start s4@group-73F140C3701E-FollowerState
2025-01-08 04:22:19,236 [grpc-default-executor-13] TRACE util.FileUtils (LogUtils.java:supplyAndLog(69)) - Successfully supplied FileChannel.open /home/runner/work/ratis/ratis/ratis-test/target/test/data/4396bcd9/MiniRaftClusterWithGrpc34006106/s4/c658c16f-715c-43fb-a60f-73f140c3701e/current/raft-meta.tmp with options [CREATE, WRITE]: sun.nio.ch.FileChannelImpl@5744adc3
2025-01-08 04:22:19,238 [grpc-default-executor-0] INFO  server.RaftServer$Division (RaftServerImpl.java:requestVote(1463)) - s0@group-73F140C3701E: receive requestVote(ELECTION, s1, group-73F140C3701E, 2, (t:0, i:0))
2025-01-08 04:22:19,238 [grpc-default-executor-10] INFO  server.RaftServer$Division (RaftServerImpl.java:requestVote(1463)) - s2@group-73F140C3701E: receive requestVote(ELECTION, s1, group-73F140C3701E, 2, (t:0, i:0))
2025-01-08 04:22:19,238 [grpc-default-executor-6] INFO  server.RaftServer$Division (RaftServerImpl.java:requestVote(1463)) - s3@group-73F140C3701E: receive requestVote(ELECTION, s1, group-73F140C3701E, 2, (t:0, i:0))
2025-01-08 04:22:19,238 [grpc-default-executor-10] INFO  impl.VoteContext (VoteContext.java:log(49)) - s2@group-73F140C3701E-FOLLOWER: accept ELECTION from s1: our priority 0 <= candidate's priority 0
2025-01-08 04:22:19,238 [grpc-default-executor-10] INFO  server.RaftServer$Division (RaftServerImpl.java:setRole(383)) - s2@group-73F140C3701E: changes role from  FOLLOWER to FOLLOWER at term 1 for candidate:s1
2025-01-08 04:22:19,238 [grpc-default-executor-10] INFO  impl.RoleInfo (RoleInfo.java:shutdownFollowerState(121)) - s2: shutdown s2@group-73F140C3701E-FollowerState
2025-01-08 04:22:19,238 [s2@group-73F140C3701E-FollowerState] INFO  impl.FollowerState (FollowerState.java:runImpl(170)) - s2@group-73F140C3701E-FollowerState was interrupted
2025-01-08 04:22:19,239 [grpc-default-executor-13] TRACE util.FileUtils (LogUtils.java:runAndLog(49)) - Successfully ran Atomic Files.move /home/runner/work/ratis/ratis/ratis-test/target/test/data/4396bcd9/MiniRaftClusterWithGrpc34006106/s4/c658c16f-715c-43fb-a60f-73f140c3701e/current/raft-meta.tmp to /home/runner/work/ratis/ratis/ratis-test/target/test/data/4396bcd9/MiniRaftClusterWithGrpc34006106/s4/c658c16f-715c-43fb-a60f-73f140c3701e/current/raft-meta with options [REPLACE_EXISTING]
2025-01-08 04:22:19,239 [grpc-default-executor-13] INFO  server.RaftServer$Division (RaftServerImpl.java:requestVote(1497)) - s4@group-73F140C3701E replies to ELECTION vote request: s1<-s4#0:OK-t2. Peer's state: s4@group-73F140C3701E:t2, leader=null, voted=s1, raftlog=Memoized:s4@group-73F140C3701E-SegmentedRaftLog:OPENED:c-1:lastnull, conf=conf: {index: -1, cur=peers:[s3|localhost:15012, s4|localhost:15016, s0|localhost:15000, s1|localhost:15004, s2|localhost:15008]|listeners:[], old=null}
2025-01-08 04:22:19,238 [grpc-default-executor-0] INFO  impl.VoteContext (VoteContext.java:log(49)) - s0@group-73F140C3701E-FOLLOWER: accept ELECTION from s1: our priority 0 <= candidate's priority 0
2025-01-08 04:22:19,238 [grpc-default-executor-10] INFO  impl.RoleInfo (RoleInfo.java:updateAndGet(148)) - s2: start s2@group-73F140C3701E-FollowerState
2025-01-08 04:22:19,238 [grpc-default-executor-6] INFO  impl.VoteContext (VoteContext.java:log(49)) - s3@group-73F140C3701E-FOLLOWER: accept ELECTION from s1: our priority 0 <= candidate's priority 0
2025-01-08 04:22:19,240 [grpc-default-executor-6] INFO  server.RaftServer$Division (RaftServerImpl.java:setRole(383)) - s3@group-73F140C3701E: changes role from  FOLLOWER to FOLLOWER at term 1 for candidate:s1
2025-01-08 04:22:19,240 [grpc-default-executor-6] INFO  impl.RoleInfo (RoleInfo.java:shutdownFollowerState(121)) - s3: shutdown s3@group-73F140C3701E-FollowerState
2025-01-08 04:22:19,239 [grpc-default-executor-0] INFO  server.RaftServer$Division (RaftServerImpl.java:setRole(383)) - s0@group-73F140C3701E: changes role from  FOLLOWER to FOLLOWER at term 1 for candidate:s1
2025-01-08 04:22:19,240 [grpc-default-executor-0] INFO  impl.RoleInfo (RoleInfo.java:shutdownFollowerState(121)) - s0: shutdown s0@group-73F140C3701E-FollowerState
2025-01-08 04:22:19,240 [grpc-default-executor-6] INFO  impl.RoleInfo (RoleInfo.java:updateAndGet(148)) - s3: start s3@group-73F140C3701E-FollowerState
2025-01-08 04:22:19,240 [s0@group-73F140C3701E-FollowerState] INFO  impl.FollowerState (FollowerState.java:runImpl(170)) - s0@group-73F140C3701E-FollowerState was interrupted
2025-01-08 04:22:19,240 [grpc-default-executor-10] TRACE util.FileUtils (LogUtils.java:supplyAndLog(69)) - Successfully supplied FileChannel.open /home/runner/work/ratis/ratis/ratis-test/target/test/data/4396bcd9/MiniRaftClusterWithGrpc34006106/s2/c658c16f-715c-43fb-a60f-73f140c3701e/current/raft-meta.tmp with options [CREATE, WRITE]: sun.nio.ch.FileChannelImpl@58276e44
2025-01-08 04:22:19,240 [grpc-default-executor-6] TRACE util.FileUtils (LogUtils.java:supplyAndLog(69)) - Successfully supplied FileChannel.open /home/runner/work/ratis/ratis/ratis-test/target/test/data/4396bcd9/MiniRaftClusterWithGrpc34006106/s3/c658c16f-715c-43fb-a60f-73f140c3701e/current/raft-meta.tmp with options [CREATE, WRITE]: sun.nio.ch.FileChannelImpl@17c5d31e
2025-01-08 04:22:19,240 [grpc-default-executor-0] INFO  impl.RoleInfo (RoleInfo.java:updateAndGet(148)) - s0: start s0@group-73F140C3701E-FollowerState
2025-01-08 04:22:19,243 [grpc-default-executor-0] TRACE util.FileUtils (LogUtils.java:supplyAndLog(69)) - Successfully supplied FileChannel.open /home/runner/work/ratis/ratis/ratis-test/target/test/data/4396bcd9/MiniRaftClusterWithGrpc34006106/s0/c658c16f-715c-43fb-a60f-73f140c3701e/current/raft-meta.tmp with options [CREATE, WRITE]: sun.nio.ch.FileChannelImpl@76f7dc57
2025-01-08 04:22:19,240 [s3@group-73F140C3701E-FollowerState] INFO  impl.FollowerState (FollowerState.java:runImpl(170)) - s3@group-73F140C3701E-FollowerState was interrupted
2025-01-08 04:22:19,244 [grpc-default-executor-10] TRACE util.FileUtils (LogUtils.java:runAndLog(49)) - Successfully ran Atomic Files.move /home/runner/work/ratis/ratis/ratis-test/target/test/data/4396bcd9/MiniRaftClusterWithGrpc34006106/s2/c658c16f-715c-43fb-a60f-73f140c3701e/current/raft-meta.tmp to /home/runner/work/ratis/ratis/ratis-test/target/test/data/4396bcd9/MiniRaftClusterWithGrpc34006106/s2/c658c16f-715c-43fb-a60f-73f140c3701e/current/raft-meta with options [REPLACE_EXISTING]
2025-01-08 04:22:19,244 [grpc-default-executor-6] TRACE util.FileUtils (LogUtils.java:runAndLog(49)) - Successfully ran Atomic Files.move /home/runner/work/ratis/ratis/ratis-test/target/test/data/4396bcd9/MiniRaftClusterWithGrpc34006106/s3/c658c16f-715c-43fb-a60f-73f140c3701e/current/raft-meta.tmp to /home/runner/work/ratis/ratis/ratis-test/target/test/data/4396bcd9/MiniRaftClusterWithGrpc34006106/s3/c658c16f-715c-43fb-a60f-73f140c3701e/current/raft-meta with options [REPLACE_EXISTING]
2025-01-08 04:22:19,244 [grpc-default-executor-10] INFO  server.RaftServer$Division (RaftServerImpl.java:requestVote(1497)) - s2@group-73F140C3701E replies to ELECTION vote request: s1<-s2#0:OK-t2. Peer's state: s2@group-73F140C3701E:t2, leader=null, voted=s1, raftlog=Memoized:s2@group-73F140C3701E-SegmentedRaftLog:OPENED:c-1:lastnull, conf=conf: {index: -1, cur=peers:[s3|localhost:15012, s4|localhost:15016, s0|localhost:15000, s1|localhost:15004, s2|localhost:15008]|listeners:[], old=null}
2025-01-08 04:22:19,244 [grpc-default-executor-6] INFO  server.RaftServer$Division (RaftServerImpl.java:requestVote(1497)) - s3@group-73F140C3701E replies to ELECTION vote request: s1<-s3#0:OK-t2. Peer's state: s3@group-73F140C3701E:t2, leader=null, voted=s1, raftlog=Memoized:s3@group-73F140C3701E-SegmentedRaftLog:OPENED:c-1:lastnull, conf=conf: {index: -1, cur=peers:[s3|localhost:15012, s4|localhost:15016, s0|localhost:15000, s1|localhost:15004, s2|localhost:15008]|listeners:[], old=null}
2025-01-08 04:22:19,245 [grpc-default-executor-0] TRACE util.FileUtils (LogUtils.java:runAndLog(49)) - Successfully ran Atomic Files.move /home/runner/work/ratis/ratis/ratis-test/target/test/data/4396bcd9/MiniRaftClusterWithGrpc34006106/s0/c658c16f-715c-43fb-a60f-73f140c3701e/current/raft-meta.tmp to /home/runner/work/ratis/ratis/ratis-test/target/test/data/4396bcd9/MiniRaftClusterWithGrpc34006106/s0/c658c16f-715c-43fb-a60f-73f140c3701e/current/raft-meta with options [REPLACE_EXISTING]
2025-01-08 04:22:19,246 [grpc-default-executor-0] INFO  server.RaftServer$Division (RaftServerImpl.java:requestVote(1497)) - s0@group-73F140C3701E replies to ELECTION vote request: s1<-s0#0:OK-t2. Peer's state: s0@group-73F140C3701E:t2, leader=null, voted=s1, raftlog=Memoized:s0@group-73F140C3701E-SegmentedRaftLog:OPENED:c-1:lastnull, conf=conf: {index: -1, cur=peers:[s3|localhost:15012, s4|localhost:15016, s0|localhost:15000, s1|localhost:15004, s2|localhost:15008]|listeners:[], old=null}
2025-01-08 04:22:19,246 [s1@group-73F140C3701E-LeaderElection5] INFO  impl.LeaderElection (LeaderElection.java:logAndReturn(90)) - s1@group-73F140C3701E-LeaderElection5: ELECTION PASSED received 2 response(s) and 0 exception(s):
2025-01-08 04:22:19,246 [s1@group-73F140C3701E-LeaderElection5] INFO  impl.LeaderElection (LeaderElection.java:logAndReturn(94)) -   Response 0: s1<-s3#0:OK-t2
2025-01-08 04:22:19,246 [s1@group-73F140C3701E-LeaderElection5] INFO  impl.LeaderElection (LeaderElection.java:logAndReturn(94)) -   Response 1: s1<-s4#0:OK-t2
2025-01-08 04:22:19,247 [s1@group-73F140C3701E-LeaderElection5] INFO  impl.LeaderElection (LeaderElection.java:askForVotes(334)) - s1@group-73F140C3701E-LeaderElection5 ELECTION round 0: result PASSED
2025-01-08 04:22:19,247 [s1@group-73F140C3701E-LeaderElection5] INFO  impl.RoleInfo (RoleInfo.java:shutdownLeaderElection(141)) - s1: shutdown s1@group-73F140C3701E-LeaderElection5
2025-01-08 04:22:19,247 [s1@group-73F140C3701E-LeaderElection5] INFO  server.RaftServer$Division (RaftServerImpl.java:setRole(383)) - s1@group-73F140C3701E: changes role from CANDIDATE to LEADER at term 2 for changeToLeader
2025-01-08 04:22:19,274 [s1@group-73F140C3701E-LeaderElection5] INFO  grpc.GrpcConfigKeys (ConfUtils.java:logGet(62)) - raft.grpc.server.leader.outstanding.appends.max = 8 (default)
2025-01-08 04:22:19,274 [s1@group-73F140C3701E-LeaderElection5] INFO  grpc.GrpcConfigKeys (ConfUtils.java:logGet(62)) - raft.grpc.server.install_snapshot.request.element-limit = 8 (default)
2025-01-08 04:22:19,274 [s1@group-73F140C3701E-LeaderElection5] INFO  grpc.GrpcConfigKeys (ConfUtils.java:logGet(62)) - raft.grpc.server.install_snapshot.request.timeout = 3000ms (default)
2025-01-08 04:22:19,274 [s1@group-73F140C3701E-LeaderElection5] INFO  grpc.GrpcConfigKeys (ConfUtils.java:logGet(62)) - raft.grpc.server.log-message.batch.duration = 5s (default)
2025-01-08 04:22:19,279 [s1@group-73F140C3701E-LeaderElection5] INFO  impl.RoleInfo (RoleInfo.java:updateAndGet(148)) - s1: start s1@group-73F140C3701E-LeaderStateImpl
2025-01-08 04:22:19,279 [s1@group-73F140C3701E-LeaderElection5] INFO  server.RaftServer$Division (ServerState.java:setLeader(272)) - s1@group-73F140C3701E: change Leader from null to s1 at term 2 for becomeLeader, leader elected after 4901ms
2025-01-08 04:22:19,351 [s1@group-73F140C3701E-LeaderElection5] INFO  segmented.SegmentedRaftLogWorker (SegmentedRaftLogWorker.java:startLogSegment(443)) - s1@group-73F140C3701E-SegmentedRaftLogWorker: Starting segment from index:0
2025-01-08 04:22:19,355 [s1@group-73F140C3701E-LeaderElection5] INFO  server.RaftServer$Division (ServerState.java:setRaftConf(386)) - s1@group-73F140C3701E: set configuration conf: {index: 0, cur=peers:[s3|localhost:15012, s4|localhost:15016, s0|localhost:15000, s1|localhost:15004, s2|localhost:15008]|listeners:[], old=null}
2025-01-08 04:22:19,397 [s1@group-73F140C3701E-SegmentedRaftLogWorker] INFO  segmented.BufferedWriteChannel (BufferedWriteChannel.java:open(61)) - open log_inprogress_0 at position 0
2025-01-08 04:22:19,414 [s1@group-73F140C3701E-SegmentedRaftLogWorker] INFO  segmented.SegmentedRaftLogWorker (SegmentedRaftLogWorker.java:execute(667)) - s1@group-73F140C3701E-SegmentedRaftLogWorker: created new log segment /home/runner/work/ratis/ratis/ratis-test/target/test/data/4396bcd9/MiniRaftClusterWithGrpc34006106/s1/c658c16f-715c-43fb-a60f-73f140c3701e/current/log_inprogress_0
2025-01-08 04:22:19,448 [s3-server-thread1] INFO  server.RaftServer$Division (ServerState.java:setLeader(272)) - s3@group-73F140C3701E: change Leader from null to s1 at term 2 for appendEntries, leader elected after 5072ms
2025-01-08 04:22:19,455 [s4-server-thread1] INFO  server.RaftServer$Division (ServerState.java:setLeader(272)) - s4@group-73F140C3701E: change Leader from null to s1 at term 2 for appendEntries, leader elected after 5079ms
2025-01-08 04:22:19,458 [s0-server-thread1] INFO  server.RaftServer$Division (ServerState.java:setLeader(272)) - s0@group-73F140C3701E: change Leader from null to s1 at term 2 for appendEntries, leader elected after 5082ms
2025-01-08 04:22:19,463 [s2-server-thread1] INFO  server.RaftServer$Division (ServerState.java:setLeader(272)) - s2@group-73F140C3701E: change Leader from null to s1 at term 2 for appendEntries, leader elected after 5073ms
2025-01-08 04:22:19,464 [s4-server-thread2] INFO  server.RaftServer$Division (ServerState.java:setRaftConf(386)) - s4@group-73F140C3701E: set configuration conf: {index: 0, cur=peers:[s3|localhost:15012, s4|localhost:15016, s0|localhost:15000, s1|localhost:15004, s2|localhost:15008]|listeners:[], old=null}
2025-01-08 04:22:19,465 [s4-server-thread2] INFO  segmented.SegmentedRaftLogWorker (SegmentedRaftLogWorker.java:startLogSegment(443)) - s4@group-73F140C3701E-SegmentedRaftLogWorker: Starting segment from index:0
2025-01-08 04:22:19,466 [s3-server-thread2] INFO  server.RaftServer$Division (ServerState.java:setRaftConf(386)) - s3@group-73F140C3701E: set configuration conf: {index: 0, cur=peers:[s3|localhost:15012, s4|localhost:15016, s0|localhost:15000, s1|localhost:15004, s2|localhost:15008]|listeners:[], old=null}
2025-01-08 04:22:19,466 [s3-server-thread2] INFO  segmented.SegmentedRaftLogWorker (SegmentedRaftLogWorker.java:startLogSegment(443)) - s3@group-73F140C3701E-SegmentedRaftLogWorker: Starting segment from index:0
2025-01-08 04:22:19,468 [s3@group-73F140C3701E-SegmentedRaftLogWorker] INFO  segmented.BufferedWriteChannel (BufferedWriteChannel.java:open(61)) - open log_inprogress_0 at position 0
2025-01-08 04:22:19,475 [s2-server-thread3] INFO  server.RaftServer$Division (ServerState.java:setRaftConf(386)) - s2@group-73F140C3701E: set configuration conf: {index: 0, cur=peers:[s3|localhost:15012, s4|localhost:15016, s0|localhost:15000, s1|localhost:15004, s2|localhost:15008]|listeners:[], old=null}
2025-01-08 04:22:19,475 [s2-server-thread3] INFO  segmented.SegmentedRaftLogWorker (SegmentedRaftLogWorker.java:startLogSegment(443)) - s2@group-73F140C3701E-SegmentedRaftLogWorker: Starting segment from index:0
2025-01-08 04:22:19,476 [s0-server-thread3] INFO  server.RaftServer$Division (ServerState.java:setRaftConf(386)) - s0@group-73F140C3701E: set configuration conf: {index: 0, cur=peers:[s3|localhost:15012, s4|localhost:15016, s0|localhost:15000, s1|localhost:15004, s2|localhost:15008]|listeners:[], old=null}
2025-01-08 04:22:19,476 [s0-server-thread3] INFO  segmented.SegmentedRaftLogWorker (SegmentedRaftLogWorker.java:startLogSegment(443)) - s0@group-73F140C3701E-SegmentedRaftLogWorker: Starting segment from index:0
2025-01-08 04:22:19,476 [s4@group-73F140C3701E-SegmentedRaftLogWorker] INFO  segmented.BufferedWriteChannel (BufferedWriteChannel.java:open(61)) - open log_inprogress_0 at position 0
2025-01-08 04:22:19,476 [s0@group-73F140C3701E-SegmentedRaftLogWorker] INFO  segmented.BufferedWriteChannel (BufferedWriteChannel.java:open(61)) - open log_inprogress_0 at position 0
2025-01-08 04:22:19,481 [s2@group-73F140C3701E-SegmentedRaftLogWorker] INFO  segmented.BufferedWriteChannel (BufferedWriteChannel.java:open(61)) - open log_inprogress_0 at position 0
2025-01-08 04:22:19,490 [s3@group-73F140C3701E-SegmentedRaftLogWorker] INFO  segmented.SegmentedRaftLogWorker (SegmentedRaftLogWorker.java:execute(667)) - s3@group-73F140C3701E-SegmentedRaftLogWorker: created new log segment /home/runner/work/ratis/ratis/ratis-test/target/test/data/4396bcd9/MiniRaftClusterWithGrpc34006106/s3/c658c16f-715c-43fb-a60f-73f140c3701e/current/log_inprogress_0
2025-01-08 04:22:19,492 [s0@group-73F140C3701E-SegmentedRaftLogWorker] INFO  segmented.SegmentedRaftLogWorker (SegmentedRaftLogWorker.java:execute(667)) - s0@group-73F140C3701E-SegmentedRaftLogWorker: created new log segment /home/runner/work/ratis/ratis/ratis-test/target/test/data/4396bcd9/MiniRaftClusterWithGrpc34006106/s0/c658c16f-715c-43fb-a60f-73f140c3701e/current/log_inprogress_0
2025-01-08 04:22:19,492 [s4@group-73F140C3701E-SegmentedRaftLogWorker] INFO  segmented.SegmentedRaftLogWorker (SegmentedRaftLogWorker.java:execute(667)) - s4@group-73F140C3701E-SegmentedRaftLogWorker: created new log segment /home/runner/work/ratis/ratis/ratis-test/target/test/data/4396bcd9/MiniRaftClusterWithGrpc34006106/s4/c658c16f-715c-43fb-a60f-73f140c3701e/current/log_inprogress_0
2025-01-08 04:22:19,495 [s2@group-73F140C3701E-SegmentedRaftLogWorker] INFO  segmented.SegmentedRaftLogWorker (SegmentedRaftLogWorker.java:execute(667)) - s2@group-73F140C3701E-SegmentedRaftLogWorker: created new log segment /home/runner/work/ratis/ratis/ratis-test/target/test/data/4396bcd9/MiniRaftClusterWithGrpc34006106/s2/c658c16f-715c-43fb-a60f-73f140c3701e/current/log_inprogress_0
2025-01-08 04:22:19,523 [s1@group-73F140C3701E-StateMachineUpdater] TRACE util.FileUtils (LogUtils.java:supplyAndLog(69)) - Successfully supplied FileChannel.open /home/runner/work/ratis/ratis/ratis-test/target/test/data/4396bcd9/MiniRaftClusterWithGrpc34006106/s1/c658c16f-715c-43fb-a60f-73f140c3701e/current/raft-meta.conf.tmp with options [CREATE, WRITE]: sun.nio.ch.FileChannelImpl@57d7e326
2025-01-08 04:22:19,526 [s1@group-73F140C3701E-StateMachineUpdater] TRACE util.FileUtils (LogUtils.java:runAndLog(49)) - Successfully ran Atomic Files.move /home/runner/work/ratis/ratis/ratis-test/target/test/data/4396bcd9/MiniRaftClusterWithGrpc34006106/s1/c658c16f-715c-43fb-a60f-73f140c3701e/current/raft-meta.conf.tmp to /home/runner/work/ratis/ratis/ratis-test/target/test/data/4396bcd9/MiniRaftClusterWithGrpc34006106/s1/c658c16f-715c-43fb-a60f-73f140c3701e/current/raft-meta.conf with options [REPLACE_EXISTING]
2025-01-08 04:22:19,526 [s1@group-73F140C3701E-StateMachineUpdater] INFO  server.RaftServer$Division (LeaderStateImpl.java:checkStartIndex(314)) - Leader s1@group-73F140C3701E-LeaderStateImpl is ready since appliedIndex == startIndex == 0
2025-01-08 04:22:21,001 [s3@group-73F140C3701E-StateMachineUpdater] TRACE util.FileUtils (LogUtils.java:supplyAndLog(69)) - Successfully supplied FileChannel.open /home/runner/work/ratis/ratis/ratis-test/target/test/data/4396bcd9/MiniRaftClusterWithGrpc34006106/s3/c658c16f-715c-43fb-a60f-73f140c3701e/current/raft-meta.conf.tmp with options [CREATE, WRITE]: sun.nio.ch.FileChannelImpl@2e98c99c
2025-01-08 04:22:21,002 [s4@group-73F140C3701E-StateMachineUpdater] TRACE util.FileUtils (LogUtils.java:supplyAndLog(69)) - Successfully supplied FileChannel.open /home/runner/work/ratis/ratis/ratis-test/target/test/data/4396bcd9/MiniRaftClusterWithGrpc34006106/s4/c658c16f-715c-43fb-a60f-73f140c3701e/current/raft-meta.conf.tmp with options [CREATE, WRITE]: sun.nio.ch.FileChannelImpl@32730ab
2025-01-08 04:22:21,005 [s3@group-73F140C3701E-StateMachineUpdater] TRACE util.FileUtils (LogUtils.java:runAndLog(49)) - Successfully ran Atomic Files.move /home/runner/work/ratis/ratis/ratis-test/target/test/data/4396bcd9/MiniRaftClusterWithGrpc34006106/s3/c658c16f-715c-43fb-a60f-73f140c3701e/current/raft-meta.conf.tmp to /home/runner/work/ratis/ratis/ratis-test/target/test/data/4396bcd9/MiniRaftClusterWithGrpc34006106/s3/c658c16f-715c-43fb-a60f-73f140c3701e/current/raft-meta.conf with options [REPLACE_EXISTING]
2025-01-08 04:22:21,006 [s4@group-73F140C3701E-StateMachineUpdater] TRACE util.FileUtils (LogUtils.java:runAndLog(49)) - Successfully ran Atomic Files.move /home/runner/work/ratis/ratis/ratis-test/target/test/data/4396bcd9/MiniRaftClusterWithGrpc34006106/s4/c658c16f-715c-43fb-a60f-73f140c3701e/current/raft-meta.conf.tmp to /home/runner/work/ratis/ratis/ratis-test/target/test/data/4396bcd9/MiniRaftClusterWithGrpc34006106/s4/c658c16f-715c-43fb-a60f-73f140c3701e/current/raft-meta.conf with options [REPLACE_EXISTING]
2025-01-08 04:22:21,006 [s2@group-73F140C3701E-StateMachineUpdater] TRACE util.FileUtils (LogUtils.java:supplyAndLog(69)) - Successfully supplied FileChannel.open /home/runner/work/ratis/ratis/ratis-test/target/test/data/4396bcd9/MiniRaftClusterWithGrpc34006106/s2/c658c16f-715c-43fb-a60f-73f140c3701e/current/raft-meta.conf.tmp with options [CREATE, WRITE]: sun.nio.ch.FileChannelImpl@440251fb
2025-01-08 04:22:21,007 [s0@group-73F140C3701E-StateMachineUpdater] TRACE util.FileUtils (LogUtils.java:supplyAndLog(69)) - Successfully supplied FileChannel.open /home/runner/work/ratis/ratis/ratis-test/target/test/data/4396bcd9/MiniRaftClusterWithGrpc34006106/s0/c658c16f-715c-43fb-a60f-73f140c3701e/current/raft-meta.conf.tmp with options [CREATE, WRITE]: sun.nio.ch.FileChannelImpl@21d0340
2025-01-08 04:22:21,009 [s0@group-73F140C3701E-StateMachineUpdater] TRACE util.FileUtils (LogUtils.java:runAndLog(49)) - Successfully ran Atomic Files.move /home/runner/work/ratis/ratis/ratis-test/target/test/data/4396bcd9/MiniRaftClusterWithGrpc34006106/s0/c658c16f-715c-43fb-a60f-73f140c3701e/current/raft-meta.conf.tmp to /home/runner/work/ratis/ratis/ratis-test/target/test/data/4396bcd9/MiniRaftClusterWithGrpc34006106/s0/c658c16f-715c-43fb-a60f-73f140c3701e/current/raft-meta.conf with options [REPLACE_EXISTING]
2025-01-08 04:22:21,011 [s2@group-73F140C3701E-StateMachineUpdater] TRACE util.FileUtils (LogUtils.java:runAndLog(49)) - Successfully ran Atomic Files.move /home/runner/work/ratis/ratis/ratis-test/target/test/data/4396bcd9/MiniRaftClusterWithGrpc34006106/s2/c658c16f-715c-43fb-a60f-73f140c3701e/current/raft-meta.conf.tmp to /home/runner/work/ratis/ratis/ratis-test/target/test/data/4396bcd9/MiniRaftClusterWithGrpc34006106/s2/c658c16f-715c-43fb-a60f-73f140c3701e/current/raft-meta.conf with options [REPLACE_EXISTING]
2025-01-08 04:22:23,560 [main] INFO  ratis.RaftTestUtil (RaftTestUtil.java:waitForLeader(131)) - printing ALL groups
  s3:  RUNNING  FOLLOWER s3@group-73F140C3701E:t2, leader=s1, voted=s1, raftlog=Memoized:s3@group-73F140C3701E-SegmentedRaftLog:OPENED:c0:last(t:2, i:0), conf=conf: {index: 0, cur=peers:[s3|localhost:15012, s4|localhost:15016, s0|localhost:15000, s1|localhost:15004, s2|localhost:15008]|listeners:[], old=null} RUNNING
  s4:  RUNNING  FOLLOWER s4@group-73F140C3701E:t2, leader=s1, voted=s1, raftlog=Memoized:s4@group-73F140C3701E-SegmentedRaftLog:OPENED:c0:last(t:2, i:0), conf=conf: {index: 0, cur=peers:[s3|localhost:15012, s4|localhost:15016, s0|localhost:15000, s1|localhost:15004, s2|localhost:15008]|listeners:[], old=null} RUNNING
  s0:  RUNNING  FOLLOWER s0@group-73F140C3701E:t2, leader=s1, voted=s1, raftlog=Memoized:s0@group-73F140C3701E-SegmentedRaftLog:OPENED:c0:last(t:2, i:0), conf=conf: {index: 0, cur=peers:[s3|localhost:15012, s4|localhost:15016, s0|localhost:15000, s1|localhost:15004, s2|localhost:15008]|listeners:[], old=null} RUNNING
  s1:  RUNNING    LEADER s1@group-73F140C3701E:t2, leader=s1, voted=s1, raftlog=Memoized:s1@group-73F140C3701E-SegmentedRaftLog:OPENED:c0:last(t:2, i:0), conf=conf: {index: 0, cur=peers:[s3|localhost:15012, s4|localhost:15016, s0|localhost:15000, s1|localhost:15004, s2|localhost:15008]|listeners:[], old=null} RUNNING
  s2:  RUNNING  FOLLOWER s2@group-73F140C3701E:t2, leader=s1, voted=s1, raftlog=Memoized:s2@group-73F140C3701E-SegmentedRaftLog:OPENED:c0:last(t:2, i:0), conf=conf: {index: 0, cur=peers:[s3|localhost:15012, s4|localhost:15016, s0|localhost:15000, s1|localhost:15004, s2|localhost:15008]|listeners:[], old=null} RUNNING
2025-01-08 04:22:23,564 [main] INFO  grpc.TestRaftLogTruncateWithGrpc (RaftLogTruncateTests.java:runTestLogTruncate(128)) - oldLeader: s1, term=2
2025-01-08 04:22:23,564 [main] INFO  grpc.TestRaftLogTruncateWithGrpc (RaftLogTruncateTests.java:runTestLogTruncate(129)) - killedPeers   : [s3, s4, s0]
2025-01-08 04:22:23,564 [main] INFO  grpc.TestRaftLogTruncateWithGrpc (RaftLogTruncateTests.java:runTestLogTruncate(130)) - remainingPeers: [s1, s2]
2025-01-08 04:22:23,565 [main] DEBUG impl.TransactionManager (TransactionManager.java:getMap(49)) - s3-TransactionManager:size=0
2025-01-08 04:22:23,566 [main] DEBUG impl.TransactionManager (TransactionManager.java:getMap(49)) - s4-TransactionManager:size=0
2025-01-08 04:22:23,566 [main] DEBUG impl.TransactionManager (TransactionManager.java:getMap(49)) - s0-TransactionManager:size=0
2025-01-08 04:22:23,566 [main] DEBUG impl.TransactionManager (TransactionManager.java:getMap(49)) - s1-TransactionManager:size=0
2025-01-08 04:22:23,566 [main] DEBUG impl.TransactionManager (TransactionManager.java:getMap(49)) - s2-TransactionManager:size=0
2025-01-08 04:22:23,613 [s0-server-thread3] DEBUG impl.TransactionManager (TransactionManager.java:computeIfAbsent(60)) - (t:2, i:1): s0-TransactionManager:size=1
2025-01-08 04:22:23,614 [s2-server-thread3] DEBUG impl.TransactionManager (TransactionManager.java:computeIfAbsent(60)) - (t:2, i:1): s2-TransactionManager:size=1
2025-01-08 04:22:23,614 [s3-server-thread1] DEBUG impl.TransactionManager (TransactionManager.java:computeIfAbsent(60)) - (t:2, i:1): s3-TransactionManager:size=1
2025-01-08 04:22:23,615 [s4-server-thread2] DEBUG impl.TransactionManager (TransactionManager.java:computeIfAbsent(60)) - (t:2, i:1): s4-TransactionManager:size=1
2025-01-08 04:22:23,617 [s1@group-73F140C3701E-StateMachineUpdater] INFO  impl.SimpleStateMachine4Testing (SimpleStateMachine4Testing.java:applyTransaction(250)) - applyTransaction for log index 1
2025-01-08 04:22:23,617 [s1@group-73F140C3701E-StateMachineUpdater] INFO  impl.SimpleStateMachine4Testing (SimpleStateMachine4Testing.java:put(206)) - s1: put 1, first0 -> (t:2, i:1), STATEMACHINELOGENTRY, WRITE: logData.size=6, stateMachineData.size=17, logEntryProtoSerializedSize=0
2025-01-08 04:22:23,624 [s4@group-73F140C3701E-StateMachineUpdater] INFO  impl.SimpleStateMachine4Testing (SimpleStateMachine4Testing.java:applyTransaction(250)) - applyTransaction for log index 1
2025-01-08 04:22:23,625 [s4@group-73F140C3701E-StateMachineUpdater] INFO  impl.SimpleStateMachine4Testing (SimpleStateMachine4Testing.java:put(206)) - s4: put 1, first0 -> (t:2, i:1), STATEMACHINELOGENTRY, WRITE: logData.size=6, stateMachineData.size=17, logEntryProtoSerializedSize=0
2025-01-08 04:22:23,625 [s4@group-73F140C3701E-StateMachineUpdater] DEBUG impl.TransactionManager (TransactionManager.java:remove(68)) - (t:2, i:1): s4-TransactionManager:size=0
2025-01-08 04:22:23,626 [s0@group-73F140C3701E-StateMachineUpdater] INFO  impl.SimpleStateMachine4Testing (SimpleStateMachine4Testing.java:applyTransaction(250)) - applyTransaction for log index 1
2025-01-08 04:22:23,626 [s0@group-73F140C3701E-StateMachineUpdater] INFO  impl.SimpleStateMachine4Testing (SimpleStateMachine4Testing.java:put(206)) - s0: put 1, first0 -> (t:2, i:1), STATEMACHINELOGENTRY, WRITE: logData.size=6, stateMachineData.size=17, logEntryProtoSerializedSize=0
2025-01-08 04:22:23,626 [s0@group-73F140C3701E-StateMachineUpdater] DEBUG impl.TransactionManager (TransactionManager.java:remove(68)) - (t:2, i:1): s0-TransactionManager:size=0
2025-01-08 04:22:23,627 [s2@group-73F140C3701E-StateMachineUpdater] INFO  impl.SimpleStateMachine4Testing (SimpleStateMachine4Testing.java:applyTransaction(250)) - applyTransaction for log index 1
2025-01-08 04:22:23,627 [s2@group-73F140C3701E-StateMachineUpdater] INFO  impl.SimpleStateMachine4Testing (SimpleStateMachine4Testing.java:put(206)) - s2: put 1, first0 -> (t:2, i:1), STATEMACHINELOGENTRY, WRITE: logData.size=6, stateMachineData.size=17, logEntryProtoSerializedSize=0
2025-01-08 04:22:23,628 [s2@group-73F140C3701E-StateMachineUpdater] DEBUG impl.TransactionManager (TransactionManager.java:remove(68)) - (t:2, i:1): s2-TransactionManager:size=0
2025-01-08 04:22:23,630 [s3@group-73F140C3701E-StateMachineUpdater] INFO  impl.SimpleStateMachine4Testing (SimpleStateMachine4Testing.java:applyTransaction(250)) - applyTransaction for log index 1
2025-01-08 04:22:23,630 [s3@group-73F140C3701E-StateMachineUpdater] INFO  impl.SimpleStateMachine4Testing (SimpleStateMachine4Testing.java:put(206)) - s3: put 1, first0 -> (t:2, i:1), STATEMACHINELOGENTRY, WRITE: logData.size=6, stateMachineData.size=17, logEntryProtoSerializedSize=0
2025-01-08 04:22:23,631 [s3@group-73F140C3701E-StateMachineUpdater] DEBUG impl.TransactionManager (TransactionManager.java:remove(68)) - (t:2, i:1): s3-TransactionManager:size=0
2025-01-08 04:22:23,643 [s3-server-thread1] DEBUG impl.TransactionManager (TransactionManager.java:computeIfAbsent(60)) - (t:2, i:3): s3-TransactionManager:size=1
2025-01-08 04:22:23,646 [s0-server-thread3] DEBUG impl.TransactionManager (TransactionManager.java:computeIfAbsent(60)) - (t:2, i:3): s0-TransactionManager:size=1
2025-01-08 04:22:23,647 [s2-server-thread3] DEBUG impl.TransactionManager (TransactionManager.java:computeIfAbsent(60)) - (t:2, i:3): s2-TransactionManager:size=1
2025-01-08 04:22:23,648 [s4-server-thread2] DEBUG impl.TransactionManager (TransactionManager.java:computeIfAbsent(60)) - (t:2, i:3): s4-TransactionManager:size=1
2025-01-08 04:22:23,649 [s1@group-73F140C3701E-StateMachineUpdater] INFO  impl.SimpleStateMachine4Testing (SimpleStateMachine4Testing.java:applyTransaction(250)) - applyTransaction for log index 3
2025-01-08 04:22:23,649 [s1@group-73F140C3701E-StateMachineUpdater] INFO  impl.SimpleStateMachine4Testing (SimpleStateMachine4Testing.java:put(206)) - s1: put 3, first1 -> (t:2, i:3), STATEMACHINELOGENTRY, WRITE: logData.size=6, stateMachineData.size=17, logEntryProtoSerializedSize=0
2025-01-08 04:22:23,653 [s2@group-73F140C3701E-StateMachineUpdater] INFO  impl.SimpleStateMachine4Testing (SimpleStateMachine4Testing.java:applyTransaction(250)) - applyTransaction for log index 3
2025-01-08 04:22:23,653 [s2@group-73F140C3701E-StateMachineUpdater] INFO  impl.SimpleStateMachine4Testing (SimpleStateMachine4Testing.java:put(206)) - s2: put 3, first1 -> (t:2, i:3), STATEMACHINELOGENTRY, WRITE: logData.size=6, stateMachineData.size=17, logEntryProtoSerializedSize=0
2025-01-08 04:22:23,654 [s2@group-73F140C3701E-StateMachineUpdater] DEBUG impl.TransactionManager (TransactionManager.java:remove(68)) - (t:2, i:3): s2-TransactionManager:size=0
2025-01-08 04:22:23,655 [s4@group-73F140C3701E-StateMachineUpdater] INFO  impl.SimpleStateMachine4Testing (SimpleStateMachine4Testing.java:applyTransaction(250)) - applyTransaction for log index 3
2025-01-08 04:22:23,656 [s4@group-73F140C3701E-StateMachineUpdater] INFO  impl.SimpleStateMachine4Testing (SimpleStateMachine4Testing.java:put(206)) - s4: put 3, first1 -> (t:2, i:3), STATEMACHINELOGENTRY, WRITE: logData.size=6, stateMachineData.size=17, logEntryProtoSerializedSize=0
2025-01-08 04:22:23,656 [s4@group-73F140C3701E-StateMachineUpdater] DEBUG impl.TransactionManager (TransactionManager.java:remove(68)) - (t:2, i:3): s4-TransactionManager:size=0
2025-01-08 04:22:23,657 [s0@group-73F140C3701E-StateMachineUpdater] INFO  impl.SimpleStateMachine4Testing (SimpleStateMachine4Testing.java:applyTransaction(250)) - applyTransaction for log index 3
2025-01-08 04:22:23,657 [s0@group-73F140C3701E-StateMachineUpdater] INFO  impl.SimpleStateMachine4Testing (SimpleStateMachine4Testing.java:put(206)) - s0: put 3, first1 -> (t:2, i:3), STATEMACHINELOGENTRY, WRITE: logData.size=6, stateMachineData.size=17, logEntryProtoSerializedSize=0
2025-01-08 04:22:23,657 [s0@group-73F140C3701E-StateMachineUpdater] DEBUG impl.TransactionManager (TransactionManager.java:remove(68)) - (t:2, i:3): s0-TransactionManager:size=0
2025-01-08 04:22:23,658 [s3@group-73F140C3701E-StateMachineUpdater] INFO  impl.SimpleStateMachine4Testing (SimpleStateMachine4Testing.java:applyTransaction(250)) - applyTransaction for log index 3
2025-01-08 04:22:23,658 [s3@group-73F140C3701E-StateMachineUpdater] INFO  impl.SimpleStateMachine4Testing (SimpleStateMachine4Testing.java:put(206)) - s3: put 3, first1 -> (t:2, i:3), STATEMACHINELOGENTRY, WRITE: logData.size=6, stateMachineData.size=17, logEntryProtoSerializedSize=0
2025-01-08 04:22:23,659 [s3@group-73F140C3701E-StateMachineUpdater] DEBUG impl.TransactionManager (TransactionManager.java:remove(68)) - (t:2, i:3): s3-TransactionManager:size=0
2025-01-08 04:22:23,663 [s3-server-thread1] DEBUG impl.TransactionManager (TransactionManager.java:computeIfAbsent(60)) - (t:2, i:5): s3-TransactionManager:size=1
2025-01-08 04:22:23,664 [s4-server-thread2] DEBUG impl.TransactionManager (TransactionManager.java:computeIfAbsent(60)) - (t:2, i:5): s4-TransactionManager:size=1
2025-01-08 04:22:23,664 [s0-server-thread3] DEBUG impl.TransactionManager (TransactionManager.java:computeIfAbsent(60)) - (t:2, i:5): s0-TransactionManager:size=1
2025-01-08 04:22:23,666 [s1@group-73F140C3701E-StateMachineUpdater] INFO  impl.SimpleStateMachine4Testing (SimpleStateMachine4Testing.java:applyTransaction(250)) - applyTransaction for log index 5
2025-01-08 04:22:23,666 [s1@group-73F140C3701E-StateMachineUpdater] INFO  impl.SimpleStateMachine4Testing (SimpleStateMachine4Testing.java:put(206)) - s1: put 5, first2 -> (t:2, i:5), STATEMACHINELOGENTRY, WRITE: logData.size=6, stateMachineData.size=17, logEntryProtoSerializedSize=0
2025-01-08 04:22:23,667 [s2-server-thread3] DEBUG impl.TransactionManager (TransactionManager.java:computeIfAbsent(60)) - (t:2, i:5): s2-TransactionManager:size=1
2025-01-08 04:22:23,670 [s2@group-73F140C3701E-StateMachineUpdater] INFO  impl.SimpleStateMachine4Testing (SimpleStateMachine4Testing.java:applyTransaction(250)) - applyTransaction for log index 5
2025-01-08 04:22:23,670 [s0@group-73F140C3701E-StateMachineUpdater] INFO  impl.SimpleStateMachine4Testing (SimpleStateMachine4Testing.java:applyTransaction(250)) - applyTransaction for log index 5
2025-01-08 04:22:23,670 [s2@group-73F140C3701E-StateMachineUpdater] INFO  impl.SimpleStateMachine4Testing (SimpleStateMachine4Testing.java:put(206)) - s2: put 5, first2 -> (t:2, i:5), STATEMACHINELOGENTRY, WRITE: logData.size=6, stateMachineData.size=17, logEntryProtoSerializedSize=0
2025-01-08 04:22:23,670 [s0@group-73F140C3701E-StateMachineUpdater] INFO  impl.SimpleStateMachine4Testing (SimpleStateMachine4Testing.java:put(206)) - s0: put 5, first2 -> (t:2, i:5), STATEMACHINELOGENTRY, WRITE: logData.size=6, stateMachineData.size=17, logEntryProtoSerializedSize=0
2025-01-08 04:22:23,670 [s2@group-73F140C3701E-StateMachineUpdater] DEBUG impl.TransactionManager (TransactionManager.java:remove(68)) - (t:2, i:5): s2-TransactionManager:size=0
2025-01-08 04:22:23,670 [s0@group-73F140C3701E-StateMachineUpdater] DEBUG impl.TransactionManager (TransactionManager.java:remove(68)) - (t:2, i:5): s0-TransactionManager:size=0
2025-01-08 04:22:23,672 [s3@group-73F140C3701E-StateMachineUpdater] INFO  impl.SimpleStateMachine4Testing (SimpleStateMachine4Testing.java:applyTransaction(250)) - applyTransaction for log index 5
2025-01-08 04:22:23,672 [s3@group-73F140C3701E-StateMachineUpdater] INFO  impl.SimpleStateMachine4Testing (SimpleStateMachine4Testing.java:put(206)) - s3: put 5, first2 -> (t:2, i:5), STATEMACHINELOGENTRY, WRITE: logData.size=6, stateMachineData.size=17, logEntryProtoSerializedSize=0
2025-01-08 04:22:23,673 [s3@group-73F140C3701E-StateMachineUpdater] DEBUG impl.TransactionManager (TransactionManager.java:remove(68)) - (t:2, i:5): s3-TransactionManager:size=0
2025-01-08 04:22:23,674 [s4@group-73F140C3701E-StateMachineUpdater] INFO  impl.SimpleStateMachine4Testing (SimpleStateMachine4Testing.java:applyTransaction(250)) - applyTransaction for log index 5
2025-01-08 04:22:23,674 [s4@group-73F140C3701E-StateMachineUpdater] INFO  impl.SimpleStateMachine4Testing (SimpleStateMachine4Testing.java:put(206)) - s4: put 5, first2 -> (t:2, i:5), STATEMACHINELOGENTRY, WRITE: logData.size=6, stateMachineData.size=17, logEntryProtoSerializedSize=0
2025-01-08 04:22:23,674 [s4@group-73F140C3701E-StateMachineUpdater] DEBUG impl.TransactionManager (TransactionManager.java:remove(68)) - (t:2, i:5): s4-TransactionManager:size=0
2025-01-08 04:22:23,675 [s0-server-thread3] DEBUG impl.TransactionManager (TransactionManager.java:computeIfAbsent(60)) - (t:2, i:7): s0-TransactionManager:size=1
2025-01-08 04:22:23,676 [s2-server-thread3] DEBUG impl.TransactionManager (TransactionManager.java:computeIfAbsent(60)) - (t:2, i:7): s2-TransactionManager:size=1
2025-01-08 04:22:23,676 [s3-server-thread1] DEBUG impl.TransactionManager (TransactionManager.java:computeIfAbsent(60)) - (t:2, i:7): s3-TransactionManager:size=1
2025-01-08 04:22:23,678 [s4-server-thread2] DEBUG impl.TransactionManager (TransactionManager.java:computeIfAbsent(60)) - (t:2, i:7): s4-TransactionManager:size=1
2025-01-08 04:22:23,680 [s1@group-73F140C3701E-StateMachineUpdater] INFO  impl.SimpleStateMachine4Testing (SimpleStateMachine4Testing.java:applyTransaction(250)) - applyTransaction for log index 7
2025-01-08 04:22:23,680 [s1@group-73F140C3701E-StateMachineUpdater] INFO  impl.SimpleStateMachine4Testing (SimpleStateMachine4Testing.java:put(206)) - s1: put 7, first3 -> (t:2, i:7), STATEMACHINELOGENTRY, WRITE: logData.size=6, stateMachineData.size=17, logEntryProtoSerializedSize=0
2025-01-08 04:22:23,682 [s4@group-73F140C3701E-StateMachineUpdater] INFO  impl.SimpleStateMachine4Testing (SimpleStateMachine4Testing.java:applyTransaction(250)) - applyTransaction for log index 7
2025-01-08 04:22:23,682 [s4@group-73F140C3701E-StateMachineUpdater] INFO  impl.SimpleStateMachine4Testing (SimpleStateMachine4Testing.java:put(206)) - s4: put 7, first3 -> (t:2, i:7), STATEMACHINELOGENTRY, WRITE: logData.size=6, stateMachineData.size=17, logEntryProtoSerializedSize=0
2025-01-08 04:22:23,683 [s4@group-73F140C3701E-StateMachineUpdater] DEBUG impl.TransactionManager (TransactionManager.java:remove(68)) - (t:2, i:7): s4-TransactionManager:size=0
2025-01-08 04:22:23,684 [s0@group-73F140C3701E-StateMachineUpdater] INFO  impl.SimpleStateMachine4Testing (SimpleStateMachine4Testing.java:applyTransaction(250)) - applyTransaction for log index 7
2025-01-08 04:22:23,684 [s0@group-73F140C3701E-StateMachineUpdater] INFO  impl.SimpleStateMachine4Testing (SimpleStateMachine4Testing.java:put(206)) - s0: put 7, first3 -> (t:2, i:7), STATEMACHINELOGENTRY, WRITE: logData.size=6, stateMachineData.size=17, logEntryProtoSerializedSize=0
2025-01-08 04:22:23,684 [s0@group-73F140C3701E-StateMachineUpdater] DEBUG impl.TransactionManager (TransactionManager.java:remove(68)) - (t:2, i:7): s0-TransactionManager:size=0
2025-01-08 04:22:23,685 [s2@group-73F140C3701E-StateMachineUpdater] INFO  impl.SimpleStateMachine4Testing (SimpleStateMachine4Testing.java:applyTransaction(250)) - applyTransaction for log index 7
2025-01-08 04:22:23,685 [s3@group-73F140C3701E-StateMachineUpdater] INFO  impl.SimpleStateMachine4Testing (SimpleStateMachine4Testing.java:applyTransaction(250)) - applyTransaction for log index 7
2025-01-08 04:22:23,685 [s2@group-73F140C3701E-StateMachineUpdater] INFO  impl.SimpleStateMachine4Testing (SimpleStateMachine4Testing.java:put(206)) - s2: put 7, first3 -> (t:2, i:7), STATEMACHINELOGENTRY, WRITE: logData.size=6, stateMachineData.size=17, logEntryProtoSerializedSize=0
2025-01-08 04:22:23,685 [s3@group-73F140C3701E-StateMachineUpdater] INFO  impl.SimpleStateMachine4Testing (SimpleStateMachine4Testing.java:put(206)) - s3: put 7, first3 -> (t:2, i:7), STATEMACHINELOGENTRY, WRITE: logData.size=6, stateMachineData.size=17, logEntryProtoSerializedSize=0
2025-01-08 04:22:23,685 [s2@group-73F140C3701E-StateMachineUpdater] DEBUG impl.TransactionManager (TransactionManager.java:remove(68)) - (t:2, i:7): s2-TransactionManager:size=0
2025-01-08 04:22:23,686 [s3@group-73F140C3701E-StateMachineUpdater] DEBUG impl.TransactionManager (TransactionManager.java:remove(68)) - (t:2, i:7): s3-TransactionManager:size=0
2025-01-08 04:22:23,693 [s0-server-thread3] DEBUG impl.TransactionManager (TransactionManager.java:computeIfAbsent(60)) - (t:2, i:9): s0-TransactionManager:size=1
2025-01-08 04:22:23,693 [s2-server-thread3] DEBUG impl.TransactionManager (TransactionManager.java:computeIfAbsent(60)) - (t:2, i:9): s2-TransactionManager:size=1
2025-01-08 04:22:23,693 [s3-server-thread1] DEBUG impl.TransactionManager (TransactionManager.java:computeIfAbsent(60)) - (t:2, i:9): s3-TransactionManager:size=1
2025-01-08 04:22:23,695 [s1@group-73F140C3701E-StateMachineUpdater] INFO  impl.SimpleStateMachine4Testing (SimpleStateMachine4Testing.java:applyTransaction(250)) - applyTransaction for log index 9
2025-01-08 04:22:23,695 [s1@group-73F140C3701E-StateMachineUpdater] INFO  impl.SimpleStateMachine4Testing (SimpleStateMachine4Testing.java:put(206)) - s1: put 9, first4 -> (t:2, i:9), STATEMACHINELOGENTRY, WRITE: logData.size=6, stateMachineData.size=17, logEntryProtoSerializedSize=0
2025-01-08 04:22:23,704 [main] DEBUG impl.TransactionManager (TransactionManager.java:getMap(49)) - s3-TransactionManager:size=1
2025-01-08 04:22:23,704 [s2@group-73F140C3701E-StateMachineUpdater] INFO  impl.SimpleStateMachine4Testing (SimpleStateMachine4Testing.java:applyTransaction(250)) - applyTransaction for log index 9
2025-01-08 04:22:23,704 [s2@group-73F140C3701E-StateMachineUpdater] INFO  impl.SimpleStateMachine4Testing (SimpleStateMachine4Testing.java:put(206)) - s2: put 9, first4 -> (t:2, i:9), STATEMACHINELOGENTRY, WRITE: logData.size=6, stateMachineData.size=17, logEntryProtoSerializedSize=0
2025-01-08 04:22:23,705 [s2@group-73F140C3701E-StateMachineUpdater] DEBUG impl.TransactionManager (TransactionManager.java:remove(68)) - (t:2, i:9): s2-TransactionManager:size=0
2025-01-08 04:22:23,706 [s3@group-73F140C3701E-StateMachineUpdater] INFO  impl.SimpleStateMachine4Testing (SimpleStateMachine4Testing.java:applyTransaction(250)) - applyTransaction for log index 9
2025-01-08 04:22:23,706 [s3@group-73F140C3701E-StateMachineUpdater] INFO  impl.SimpleStateMachine4Testing (SimpleStateMachine4Testing.java:put(206)) - s3: put 9, first4 -> (t:2, i:9), STATEMACHINELOGENTRY, WRITE: logData.size=6, stateMachineData.size=17, logEntryProtoSerializedSize=0
2025-01-08 04:22:23,706 [s3@group-73F140C3701E-StateMachineUpdater] DEBUG impl.TransactionManager (TransactionManager.java:remove(68)) - (t:2, i:9): s3-TransactionManager:size=0
2025-01-08 04:22:23,708 [s4-server-thread2] DEBUG impl.TransactionManager (TransactionManager.java:computeIfAbsent(60)) - (t:2, i:9): s4-TransactionManager:size=1
2025-01-08 04:22:23,709 [s4@group-73F140C3701E-StateMachineUpdater] INFO  impl.SimpleStateMachine4Testing (SimpleStateMachine4Testing.java:applyTransaction(250)) - applyTransaction for log index 9
2025-01-08 04:22:23,709 [s4@group-73F140C3701E-StateMachineUpdater] INFO  impl.SimpleStateMachine4Testing (SimpleStateMachine4Testing.java:put(206)) - s4: put 9, first4 -> (t:2, i:9), STATEMACHINELOGENTRY, WRITE: logData.size=6, stateMachineData.size=17, logEntryProtoSerializedSize=0
2025-01-08 04:22:23,710 [s4@group-73F140C3701E-StateMachineUpdater] DEBUG impl.TransactionManager (TransactionManager.java:remove(68)) - (t:2, i:9): s4-TransactionManager:size=0
2025-01-08 04:22:23,710 [s0@group-73F140C3701E-StateMachineUpdater] INFO  impl.SimpleStateMachine4Testing (SimpleStateMachine4Testing.java:applyTransaction(250)) - applyTransaction for log index 9
2025-01-08 04:22:23,710 [s0@group-73F140C3701E-StateMachineUpdater] INFO  impl.SimpleStateMachine4Testing (SimpleStateMachine4Testing.java:put(206)) - s0: put 9, first4 -> (t:2, i:9), STATEMACHINELOGENTRY, WRITE: logData.size=6, stateMachineData.size=17, logEntryProtoSerializedSize=0
2025-01-08 04:22:23,710 [s0@group-73F140C3701E-StateMachineUpdater] DEBUG impl.TransactionManager (TransactionManager.java:remove(68)) - (t:2, i:9): s0-TransactionManager:size=0
2025-01-08 04:22:23,730 [main] INFO  grpc.TestRaftLogTruncateWithGrpc (RaftLogTruncateTests.java:runTestLogTruncate(118)) - killedPeers   : [s3, s4, s0]
2025-01-08 04:22:23,730 [main] INFO  grpc.TestRaftLogTruncateWithGrpc (RaftLogTruncateTests.java:runTestLogTruncate(119)) - remainingPeers: [s1, s2]
2025-01-08 04:22:23,731 [main] INFO  impl.MiniRaftCluster (MiniRaftCluster.java:runWithNewCluster(146)) - printing ALL groups
  s3:  RUNNING  FOLLOWER s3@group-73F140C3701E:t2, leader=s1, voted=s1, raftlog=Memoized:s3@group-73F140C3701E-SegmentedRaftLog:OPENED:c9:last(t:2, i:10), conf=conf: {index: 0, cur=peers:[s3|localhost:15012, s4|localhost:15016, s0|localhost:15000, s1|localhost:15004, s2|localhost:15008]|listeners:[], old=null} RUNNING
  s4:  RUNNING  FOLLOWER s4@group-73F140C3701E:t2, leader=s1, voted=s1, raftlog=Memoized:s4@group-73F140C3701E-SegmentedRaftLog:OPENED:c10:last(t:2, i:10), conf=conf: {index: 0, cur=peers:[s3|localhost:15012, s4|localhost:15016, s0|localhost:15000, s1|localhost:15004, s2|localhost:15008]|listeners:[], old=null} RUNNING
  s0:  RUNNING  FOLLOWER s0@group-73F140C3701E:t2, leader=s1, voted=s1, raftlog=Memoized:s0@group-73F140C3701E-SegmentedRaftLog:OPENED:c9:last(t:2, i:10), conf=conf: {index: 0, cur=peers:[s3|localhost:15012, s4|localhost:15016, s0|localhost:15000, s1|localhost:15004, s2|localhost:15008]|listeners:[], old=null} RUNNING
  s1:  RUNNING    LEADER s1@group-73F140C3701E:t2, leader=s1, voted=s1, raftlog=Memoized:s1@group-73F140C3701E-SegmentedRaftLog:OPENED:c10:last(t:2, i:10), conf=conf: {index: 0, cur=peers:[s3|localhost:15012, s4|localhost:15016, s0|localhost:15000, s1|localhost:15004, s2|localhost:15008]|listeners:[], old=null} RUNNING
  s2:  RUNNING  FOLLOWER s2@group-73F140C3701E:t2, leader=s1, voted=s1, raftlog=Memoized:s2@group-73F140C3701E-SegmentedRaftLog:OPENED:c9:last(t:2, i:10), conf=conf: {index: 0, cur=peers:[s3|localhost:15012, s4|localhost:15016, s0|localhost:15000, s1|localhost:15004, s2|localhost:15008]|listeners:[], old=null} RUNNING
2025-01-08 04:22:23,731 [main] ERROR impl.MiniRaftCluster (MiniRaftCluster.java:runWithNewCluster(147)) - Failed org.apache.ratis.server.impl.MiniRaftCluster$Factory$Get.runWithNewCluster(MiniRaftCluster.java:121)
org.opentest4j.AssertionFailedError: s3 TransactionContextMap is non-empty: {(t:2, i:9)=Memoized:org.apache.ratis.statemachine.impl.TransactionContextImpl@2fd953a6} ==> expected: <true> but was: <false>
	at org.junit.jupiter.api.AssertionFailureBuilder.build(AssertionFailureBuilder.java:151)
	at org.junit.jupiter.api.AssertionFailureBuilder.buildAndThrow(AssertionFailureBuilder.java:132)
	at org.junit.jupiter.api.AssertTrue.failNotTrue(AssertTrue.java:63)
	at org.junit.jupiter.api.AssertTrue.assertTrue(AssertTrue.java:42)
	at org.junit.jupiter.api.Assertions.assertTrue(Assertions.java:191)
	at org.apache.ratis.RaftLogTruncateTests.assertEmptyTransactionContextMap(RaftLogTruncateTests.java:244)
	at org.apache.ratis.RaftLogTruncateTests.runTestLogTruncate(RaftLogTruncateTests.java:148)
	at org.apache.ratis.RaftLogTruncateTests.runTestLogTruncate(RaftLogTruncateTests.java:116)
	at org.apache.ratis.server.impl.MiniRaftCluster$Factory$Get.runWithNewCluster(MiniRaftCluster.java:144)
	at org.apache.ratis.server.impl.MiniRaftCluster$Factory$Get.runWithNewCluster(MiniRaftCluster.java:121)
	at org.apache.ratis.RaftLogTruncateTests.testLogTruncate(RaftLogTruncateTests.java:94)
	at sun.reflect.NativeMethodAccessorImpl.invoke0(Native Method)
	at sun.reflect.NativeMethodAccessorImpl.invoke(NativeMethodAccessorImpl.java:62)
	at sun.reflect.DelegatingMethodAccessorImpl.invoke(DelegatingMethodAccessorImpl.java:43)
	at java.lang.reflect.Method.invoke(Method.java:498)
	at org.junit.platform.commons.util.ReflectionUtils.invokeMethod(ReflectionUtils.java:766)
	at org.junit.jupiter.engine.execution.MethodInvocation.proceed(MethodInvocation.java:60)
	at org.junit.jupiter.engine.execution.InvocationInterceptorChain$ValidatingInvocation.proceed(InvocationInterceptorChain.java:131)
	at org.junit.jupiter.engine.extension.SameThreadTimeoutInvocation.proceed(SameThreadTimeoutInvocation.java:45)
	at org.junit.jupiter.engine.extension.TimeoutExtension.intercept(TimeoutExtension.java:156)
	at org.junit.jupiter.engine.extension.TimeoutExtension.interceptTestableMethod(TimeoutExtension.java:147)
	at org.junit.jupiter.engine.extension.TimeoutExtension.interceptTestMethod(TimeoutExtension.java:86)
	at org.junit.jupiter.engine.execution.InterceptingExecutableInvoker$ReflectiveInterceptorCall.lambda$ofVoidMethod$0(InterceptingExecutableInvoker.java:103)
	at org.junit.jupiter.engine.execution.InterceptingExecutableInvoker.lambda$invoke$0(InterceptingExecutableInvoker.java:93)
	at org.junit.jupiter.engine.execution.InvocationInterceptorChain$InterceptedInvocation.proceed(InvocationInterceptorChain.java:106)
	at org.junit.jupiter.engine.execution.InvocationInterceptorChain.proceed(InvocationInterceptorChain.java:64)
	at org.junit.jupiter.engine.execution.InvocationInterceptorChain.chainAndInvoke(InvocationInterceptorChain.java:45)
	at org.junit.jupiter.engine.execution.InvocationInterceptorChain.invoke(InvocationInterceptorChain.java:37)
	at org.junit.jupiter.engine.execution.InterceptingExecutableInvoker.invoke(InterceptingExecutableInvoker.java:92)
	at org.junit.jupiter.engine.execution.InterceptingExecutableInvoker.invoke(InterceptingExecutableInvoker.java:86)
	at org.junit.jupiter.engine.descriptor.TestMethodTestDescriptor.lambda$invokeTestMethod$8(TestMethodTestDescriptor.java:217)
	at org.junit.platform.engine.support.hierarchical.ThrowableCollector.execute(ThrowableCollector.java:73)
	at org.junit.jupiter.engine.descriptor.TestMethodTestDescriptor.invokeTestMethod(TestMethodTestDescriptor.java:213)
	at org.junit.jupiter.engine.descriptor.TestMethodTestDescriptor.execute(TestMethodTestDescriptor.java:138)
	at org.junit.jupiter.engine.descriptor.TestMethodTestDescriptor.execute(TestMethodTestDescriptor.java:68)
	at org.junit.platform.engine.support.hierarchical.NodeTestTask.lambda$executeRecursively$6(NodeTestTask.java:156)
	at org.junit.platform.engine.support.hierarchical.ThrowableCollector.execute(ThrowableCollector.java:73)
	at org.junit.platform.engine.support.hierarchical.NodeTestTask.lambda$executeRecursively$8(NodeTestTask.java:146)
	at org.junit.platform.engine.support.hierarchical.Node.around(Node.java:137)
	at org.junit.platform.engine.support.hierarchical.NodeTestTask.lambda$executeRecursively$9(NodeTestTask.java:144)
	at org.junit.platform.engine.support.hierarchical.ThrowableCollector.execute(ThrowableCollector.java:73)
	at org.junit.platform.engine.support.hierarchical.NodeTestTask.executeRecursively(NodeTestTask.java:143)
	at org.junit.platform.engine.support.hierarchical.NodeTestTask.execute(NodeTestTask.java:100)
	at java.util.ArrayList.forEach(ArrayList.java:1259)
	at org.junit.platform.engine.support.hierarchical.SameThreadHierarchicalTestExecutorService.invokeAll(SameThreadHierarchicalTestExecutorService.java:41)
	at org.junit.platform.engine.support.hierarchical.NodeTestTask.lambda$executeRecursively$6(NodeTestTask.java:160)
	at org.junit.platform.engine.support.hierarchical.ThrowableCollector.execute(ThrowableCollector.java:73)
	at org.junit.platform.engine.support.hierarchical.NodeTestTask.lambda$executeRecursively$8(NodeTestTask.java:146)
	at org.junit.platform.engine.support.hierarchical.Node.around(Node.java:137)
	at org.junit.platform.engine.support.hierarchical.NodeTestTask.lambda$executeRecursively$9(NodeTestTask.java:144)
	at org.junit.platform.engine.support.hierarchical.ThrowableCollector.execute(ThrowableCollector.java:73)
	at org.junit.platform.engine.support.hierarchical.NodeTestTask.executeRecursively(NodeTestTask.java:143)
	at org.junit.platform.engine.support.hierarchical.NodeTestTask.execute(NodeTestTask.java:100)
	at java.util.ArrayList.forEach(ArrayList.java:1259)
	at org.junit.platform.engine.support.hierarchical.SameThreadHierarchicalTestExecutorService.invokeAll(SameThreadHierarchicalTestExecutorService.java:41)
	at org.junit.platform.engine.support.hierarchical.NodeTestTask.lambda$executeRecursively$6(NodeTestTask.java:160)
	at org.junit.platform.engine.support.hierarchical.ThrowableCollector.execute(ThrowableCollector.java:73)
	at org.junit.platform.engine.support.hierarchical.NodeTestTask.lambda$executeRecursively$8(NodeTestTask.java:146)
	at org.junit.platform.engine.support.hierarchical.Node.around(Node.java:137)
	at org.junit.platform.engine.support.hierarchical.NodeTestTask.lambda$executeRecursively$9(NodeTestTask.java:144)
	at org.junit.platform.engine.support.hierarchical.ThrowableCollector.execute(ThrowableCollector.java:73)
	at org.junit.platform.engine.support.hierarchical.NodeTestTask.executeRecursively(NodeTestTask.java:143)
	at org.junit.platform.engine.support.hierarchical.NodeTestTask.execute(NodeTestTask.java:100)
	at org.junit.platform.engine.support.hierarchical.SameThreadHierarchicalTestExecutorService.submit(SameThreadHierarchicalTestExecutorService.java:35)
	at org.junit.platform.engine.support.hierarchical.HierarchicalTestExecutor.execute(HierarchicalTestExecutor.java:57)
	at org.junit.platform.engine.support.hierarchical.HierarchicalTestEngine.execute(HierarchicalTestEngine.java:54)
	at org.junit.platform.launcher.core.EngineExecutionOrchestrator.execute(EngineExecutionOrchestrator.java:198)
	at org.junit.platform.launcher.core.EngineExecutionOrchestrator.execute(EngineExecutionOrchestrator.java:169)
	at org.junit.platform.launcher.core.EngineExecutionOrchestrator.execute(EngineExecutionOrchestrator.java:93)
	at org.junit.platform.launcher.core.EngineExecutionOrchestrator.lambda$execute$0(EngineExecutionOrchestrator.java:58)
	at org.junit.platform.launcher.core.EngineExecutionOrchestrator.withInterceptedStreams(EngineExecutionOrchestrator.java:141)
	at org.junit.platform.launcher.core.EngineExecutionOrchestrator.execute(EngineExecutionOrchestrator.java:57)
	at org.junit.platform.launcher.core.DefaultLauncher.execute(DefaultLauncher.java:103)
	at org.junit.platform.launcher.core.DefaultLauncher.execute(DefaultLauncher.java:85)
	at org.junit.platform.launcher.core.DelegatingLauncher.execute(DelegatingLauncher.java:47)
	at org.junit.platform.launcher.core.SessionPerRequestLauncher.execute(SessionPerRequestLauncher.java:63)
	at org.apache.maven.surefire.junitplatform.JUnitPlatformProvider.invokeAllTests(JUnitPlatformProvider.java:154)
	at org.apache.maven.surefire.junitplatform.JUnitPlatformProvider.invoke(JUnitPlatformProvider.java:123)
	at org.apache.maven.surefire.booter.ForkedBooter.runSuitesInProcess(ForkedBooter.java:377)
	at org.apache.maven.surefire.booter.ForkedBooter.execute(ForkedBooter.java:138)
	at org.apache.maven.surefire.booter.ForkedBooter.run(ForkedBooter.java:465)
	at org.apache.maven.surefire.booter.ForkedBooter.main(ForkedBooter.java:451)
2025-01-08 04:22:23,735 [main] INFO  impl.MiniRaftCluster (MiniRaftCluster.java:shutdown(847)) - ************************************************************** 
2025-01-08 04:22:23,735 [main] INFO  impl.MiniRaftCluster (MiniRaftCluster.java:shutdown(848)) - *** 
2025-01-08 04:22:23,735 [main] INFO  impl.MiniRaftCluster (MiniRaftCluster.java:shutdown(849)) - ***     Stopping MiniRaftClusterWithGrpc
2025-01-08 04:22:23,735 [main] INFO  impl.MiniRaftCluster (MiniRaftCluster.java:shutdown(850)) - *** 
2025-01-08 04:22:23,735 [main] INFO  impl.MiniRaftCluster (MiniRaftCluster.java:shutdown(851)) - ************************************************************** 
2025-01-08 04:22:23,736 [main] INFO  impl.MiniRaftCluster (MiniRaftCluster.java:shutdown(852)) - printing ALL groups
  s3:  RUNNING  FOLLOWER s3@group-73F140C3701E:t2, leader=s1, voted=s1, raftlog=Memoized:s3@group-73F140C3701E-SegmentedRaftLog:OPENED:c9:last(t:2, i:10), conf=conf: {index: 0, cur=peers:[s3|localhost:15012, s4|localhost:15016, s0|localhost:15000, s1|localhost:15004, s2|localhost:15008]|listeners:[], old=null} RUNNING
  s4:  RUNNING  FOLLOWER s4@group-73F140C3701E:t2, leader=s1, voted=s1, raftlog=Memoized:s4@group-73F140C3701E-SegmentedRaftLog:OPENED:c10:last(t:2, i:10), conf=conf: {index: 0, cur=peers:[s3|localhost:15012, s4|localhost:15016, s0|localhost:15000, s1|localhost:15004, s2|localhost:15008]|listeners:[], old=null} RUNNING
  s0:  RUNNING  FOLLOWER s0@group-73F140C3701E:t2, leader=s1, voted=s1, raftlog=Memoized:s0@group-73F140C3701E-SegmentedRaftLog:OPENED:c9:last(t:2, i:10), conf=conf: {index: 0, cur=peers:[s3|localhost:15012, s4|localhost:15016, s0|localhost:15000, s1|localhost:15004, s2|localhost:15008]|listeners:[], old=null} RUNNING
  s1:  RUNNING    LEADER s1@group-73F140C3701E:t2, leader=s1, voted=s1, raftlog=Memoized:s1@group-73F140C3701E-SegmentedRaftLog:OPENED:c10:last(t:2, i:10), conf=conf: {index: 0, cur=peers:[s3|localhost:15012, s4|localhost:15016, s0|localhost:15000, s1|localhost:15004, s2|localhost:15008]|listeners:[], old=null} RUNNING
  s2:  RUNNING  FOLLOWER s2@group-73F140C3701E:t2, leader=s1, voted=s1, raftlog=Memoized:s2@group-73F140C3701E-SegmentedRaftLog:OPENED:c9:last(t:2, i:10), conf=conf: {index: 0, cur=peers:[s3|localhost:15012, s4|localhost:15016, s0|localhost:15000, s1|localhost:15004, s2|localhost:15008]|listeners:[], old=null} RUNNING
2025-01-08 04:22:23,741 [MiniRaftCluster-2] INFO  server.RaftServer (RaftServerProxy.java:lambda$close$9(418)) - s4: close
2025-01-08 04:22:23,744 [MiniRaftCluster-4] INFO  server.RaftServer (RaftServerProxy.java:lambda$close$9(418)) - s1: close
2025-01-08 04:22:23,743 [MiniRaftCluster-1] INFO  server.RaftServer (RaftServerProxy.java:lambda$close$9(418)) - s3: close
2025-01-08 04:22:23,741 [MiniRaftCluster-3] INFO  server.RaftServer (RaftServerProxy.java:lambda$close$9(418)) - s0: close
2025-01-08 04:22:23,746 [MiniRaftCluster-5] INFO  server.RaftServer (RaftServerProxy.java:lambda$close$9(418)) - s2: close
2025-01-08 04:22:23,747 [s4-impl-thread1] INFO  server.RaftServer$Division (RaftServerImpl.java:lambda$close$1(518)) - s4@group-73F140C3701E: shutdown
2025-01-08 04:22:23,747 [MiniRaftCluster-5] INFO  server.GrpcServicesImpl (GrpcServicesImpl.java:closeImpl(362)) - s2: shutdown server org.apache.ratis.grpc.server.GrpcClientProtocolService now
2025-01-08 04:22:23,747 [s4-impl-thread1] INFO  util.JmxRegister (JmxRegister.java:unregister(74)) - Successfully un-registered JMX Bean with object name Ratis:service=RaftServer,group=group-73F140C3701E,id=s4
2025-01-08 04:22:23,747 [s2-impl-thread1] INFO  server.RaftServer$Division (RaftServerImpl.java:lambda$close$1(518)) - s2@group-73F140C3701E: shutdown
2025-01-08 04:22:23,747 [s2-impl-thread1] INFO  util.JmxRegister (JmxRegister.java:unregister(74)) - Successfully un-registered JMX Bean with object name Ratis:service=RaftServer,group=group-73F140C3701E,id=s2
2025-01-08 04:22:23,747 [s2-impl-thread1] INFO  impl.RoleInfo (RoleInfo.java:shutdownFollowerState(121)) - s2: shutdown s2@group-73F140C3701E-FollowerState
2025-01-08 04:22:23,748 [s2@group-73F140C3701E-FollowerState] INFO  impl.FollowerState (FollowerState.java:runImpl(170)) - s2@group-73F140C3701E-FollowerState was interrupted
2025-01-08 04:22:23,748 [s2@group-73F140C3701E-StateMachineUpdater] INFO  impl.StateMachineUpdater (StateMachineUpdater.java:stop(141)) - s2@group-73F140C3701E-StateMachineUpdater: closing SimpleStateMachine4Testing, lastApplied=(t:2, i:9)
2025-01-08 04:22:23,747 [s3-impl-thread1] INFO  server.RaftServer$Division (RaftServerImpl.java:lambda$close$1(518)) - s3@group-73F140C3701E: shutdown
2025-01-08 04:22:23,748 [s3-impl-thread1] INFO  util.JmxRegister (JmxRegister.java:unregister(74)) - Successfully un-registered JMX Bean with object name Ratis:service=RaftServer,group=group-73F140C3701E,id=s3
2025-01-08 04:22:23,748 [s3-impl-thread1] INFO  impl.RoleInfo (RoleInfo.java:shutdownFollowerState(121)) - s3: shutdown s3@group-73F140C3701E-FollowerState
2025-01-08 04:22:23,748 [s3-impl-thread1] INFO  impl.StateMachineUpdater (StateMachineUpdater.java:stopAndJoin(164)) - s3@group-73F140C3701E-StateMachineUpdater: set stopIndex = 9
2025-01-08 04:22:23,748 [s3@group-73F140C3701E-FollowerState] INFO  impl.FollowerState (FollowerState.java:runImpl(170)) - s3@group-73F140C3701E-FollowerState was interrupted
2025-01-08 04:22:23,747 [MiniRaftCluster-1] INFO  server.GrpcServicesImpl (GrpcServicesImpl.java:closeImpl(362)) - s3: shutdown server org.apache.ratis.grpc.server.GrpcClientProtocolService now
2025-01-08 04:22:23,750 [s3@group-73F140C3701E-StateMachineUpdater] INFO  impl.StateMachineUpdater (StateMachineUpdater.java:stop(141)) - s3@group-73F140C3701E-StateMachineUpdater: closing SimpleStateMachine4Testing, lastApplied=(t:2, i:9)
2025-01-08 04:22:23,750 [s3-impl-thread1] INFO  raftlog.RaftLog (SegmentedRaftLog.java:close(569)) - Start closing s3@group-73F140C3701E-SegmentedRaftLog:OPENED:c9:last(t:2, i:10)
2025-01-08 04:22:23,747 [MiniRaftCluster-4] INFO  server.GrpcServicesImpl (GrpcServicesImpl.java:closeImpl(362)) - s1: shutdown server org.apache.ratis.grpc.server.GrpcClientProtocolService now
2025-01-08 04:22:23,751 [s3@group-73F140C3701E-cacheEviction-AwaitToRun] INFO  util.AwaitToRun (AwaitToRun.java:run(49)) - s3@group-73F140C3701E-cacheEviction-AwaitToRun-AwaitForSignal is interrupted
2025-01-08 04:22:23,752 [s3-impl-thread1] INFO  segmented.LogSegment (LogSegment.java:close(350)) - Successfully closed EntryCache-log_inprogress_0
2025-01-08 04:22:23,747 [s1-impl-thread1] INFO  server.RaftServer$Division (RaftServerImpl.java:lambda$close$1(518)) - s1@group-73F140C3701E: shutdown
2025-01-08 04:22:23,752 [s1-impl-thread1] INFO  util.JmxRegister (JmxRegister.java:unregister(74)) - Successfully un-registered JMX Bean with object name Ratis:service=RaftServer,group=group-73F140C3701E,id=s1
2025-01-08 04:22:23,752 [s1-impl-thread1] INFO  impl.RoleInfo (RoleInfo.java:shutdownLeaderState(103)) - s1: shutdown s1@group-73F140C3701E-LeaderStateImpl
2025-01-08 04:22:23,748 [s2-impl-thread1] INFO  impl.StateMachineUpdater (StateMachineUpdater.java:stopAndJoin(164)) - s2@group-73F140C3701E-StateMachineUpdater: set stopIndex = 9
2025-01-08 04:22:23,747 [MiniRaftCluster-3] INFO  server.GrpcServicesImpl (GrpcServicesImpl.java:closeImpl(362)) - s0: shutdown server org.apache.ratis.grpc.server.GrpcClientProtocolService now
2025-01-08 04:22:23,747 [MiniRaftCluster-2] INFO  server.GrpcServicesImpl (GrpcServicesImpl.java:closeImpl(362)) - s4: shutdown server org.apache.ratis.grpc.server.GrpcClientProtocolService now
2025-01-08 04:22:23,747 [s0-impl-thread1] INFO  server.RaftServer$Division (RaftServerImpl.java:lambda$close$1(518)) - s0@group-73F140C3701E: shutdown
2025-01-08 04:22:23,753 [s0-impl-thread1] INFO  util.JmxRegister (JmxRegister.java:unregister(74)) - Successfully un-registered JMX Bean with object name Ratis:service=RaftServer,group=group-73F140C3701E,id=s0
2025-01-08 04:22:23,754 [s0-impl-thread1] INFO  impl.RoleInfo (RoleInfo.java:shutdownFollowerState(121)) - s0: shutdown s0@group-73F140C3701E-FollowerState
2025-01-08 04:22:23,754 [s0-impl-thread1] INFO  impl.StateMachineUpdater (StateMachineUpdater.java:stopAndJoin(164)) - s0@group-73F140C3701E-StateMachineUpdater: set stopIndex = 9
2025-01-08 04:22:23,747 [s4-impl-thread1] INFO  impl.RoleInfo (RoleInfo.java:shutdownFollowerState(121)) - s4: shutdown s4@group-73F140C3701E-FollowerState
2025-01-08 04:22:23,755 [s1-impl-thread1] INFO  impl.PendingRequests (PendingRequests.java:sendNotLeaderResponses(287)) - s1@group-73F140C3701E-PendingRequests: sendNotLeaderResponses
2025-01-08 04:22:23,755 [s1@group-73F140C3701E->s3-GrpcLogAppender-LogAppenderDaemon] WARN  server.GrpcLogAppender (GrpcLogAppender.java:mayWait(293)) - s1@group-73F140C3701E->s3-GrpcLogAppender: Wait interrupted by java.lang.InterruptedException
2025-01-08 04:22:23,755 [s1@group-73F140C3701E->s0-GrpcLogAppender-LogAppenderDaemon] WARN  server.GrpcLogAppender (GrpcLogAppender.java:mayWait(293)) - s1@group-73F140C3701E->s0-GrpcLogAppender: Wait interrupted by java.lang.InterruptedException
2025-01-08 04:22:23,755 [s0@group-73F140C3701E-StateMachineUpdater] INFO  impl.StateMachineUpdater (StateMachineUpdater.java:stop(141)) - s0@group-73F140C3701E-StateMachineUpdater: closing SimpleStateMachine4Testing, lastApplied=(t:2, i:9)
2025-01-08 04:22:23,755 [s0@group-73F140C3701E-FollowerState] INFO  impl.FollowerState (FollowerState.java:runImpl(170)) - s0@group-73F140C3701E-FollowerState was interrupted
2025-01-08 04:22:23,754 [s1@group-73F140C3701E->s2-GrpcLogAppender-LogAppenderDaemon] WARN  server.GrpcLogAppender (GrpcLogAppender.java:mayWait(293)) - s1@group-73F140C3701E->s2-GrpcLogAppender: Wait interrupted by java.lang.InterruptedException
2025-01-08 04:22:23,754 [s1@group-73F140C3701E->s4-GrpcLogAppender-LogAppenderDaemon] WARN  server.GrpcLogAppender (GrpcLogAppender.java:mayWait(293)) - s1@group-73F140C3701E->s4-GrpcLogAppender: Wait interrupted by java.lang.InterruptedException
2025-01-08 04:22:23,753 [s2-impl-thread1] INFO  raftlog.RaftLog (SegmentedRaftLog.java:close(569)) - Start closing s2@group-73F140C3701E-SegmentedRaftLog:OPENED:c9:last(t:2, i:10)
2025-01-08 04:22:23,757 [s0-impl-thread1] INFO  raftlog.RaftLog (SegmentedRaftLog.java:close(569)) - Start closing s0@group-73F140C3701E-SegmentedRaftLog:OPENED:c9:last(t:2, i:10)
2025-01-08 04:22:23,756 [s4@group-73F140C3701E-FollowerState] INFO  impl.FollowerState (FollowerState.java:runImpl(170)) - s4@group-73F140C3701E-FollowerState was interrupted
2025-01-08 04:22:23,755 [s4@group-73F140C3701E-StateMachineUpdater] INFO  impl.StateMachineUpdater (StateMachineUpdater.java:stop(141)) - s4@group-73F140C3701E-StateMachineUpdater: closing SimpleStateMachine4Testing, lastApplied=(t:2, i:10)
2025-01-08 04:22:23,761 [s1-impl-thread1] INFO  impl.StateMachineUpdater (StateMachineUpdater.java:stopAndJoin(164)) - s1@group-73F140C3701E-StateMachineUpdater: set stopIndex = 10
2025-01-08 04:22:23,755 [s4-impl-thread1] INFO  impl.StateMachineUpdater (StateMachineUpdater.java:stopAndJoin(164)) - s4@group-73F140C3701E-StateMachineUpdater: set stopIndex = 10
2025-01-08 04:22:23,761 [s1@group-73F140C3701E-StateMachineUpdater] INFO  impl.StateMachineUpdater (StateMachineUpdater.java:stop(141)) - s1@group-73F140C3701E-StateMachineUpdater: closing SimpleStateMachine4Testing, lastApplied=(t:2, i:10)
2025-01-08 04:22:23,760 [s0@group-73F140C3701E-cacheEviction-AwaitToRun] INFO  util.AwaitToRun (AwaitToRun.java:run(49)) - s0@group-73F140C3701E-cacheEviction-AwaitToRun-AwaitForSignal is interrupted
2025-01-08 04:22:23,761 [s4-impl-thread1] INFO  raftlog.RaftLog (SegmentedRaftLog.java:close(569)) - Start closing s4@group-73F140C3701E-SegmentedRaftLog:OPENED:c10:last(t:2, i:10)
2025-01-08 04:22:23,762 [Thread-133] INFO  server.GrpcServerProtocolClient (GrpcServerProtocolClient.java:close(105)) - s4 Close channels
2025-01-08 04:22:23,763 [Thread-135] INFO  server.GrpcServerProtocolClient (GrpcServerProtocolClient.java:close(105)) - s1 Close channels
2025-01-08 04:22:23,763 [Thread-134] INFO  server.GrpcServerProtocolClient (GrpcServerProtocolClient.java:close(105)) - s0 Close channels
2025-01-08 04:22:23,763 [Thread-136] INFO  server.GrpcServerProtocolClient (GrpcServerProtocolClient.java:close(105)) - s2 Close channels
2025-01-08 04:22:23,767 [s2@group-73F140C3701E-cacheEviction-AwaitToRun] INFO  util.AwaitToRun (AwaitToRun.java:run(49)) - s2@group-73F140C3701E-cacheEviction-AwaitToRun-AwaitForSignal is interrupted
2025-01-08 04:22:23,768 [s4@group-73F140C3701E-cacheEviction-AwaitToRun] INFO  util.AwaitToRun (AwaitToRun.java:run(49)) - s4@group-73F140C3701E-cacheEviction-AwaitToRun-AwaitForSignal is interrupted
2025-01-08 04:22:23,768 [Thread-132] INFO  server.GrpcServerProtocolClient (GrpcServerProtocolClient.java:close(105)) - s3 Close channels
2025-01-08 04:22:23,770 [Thread-137] INFO  server.GrpcServerProtocolClient (GrpcServerProtocolClient.java:close(105)) - s3 Close channels
2025-01-08 04:22:23,770 [Thread-139] INFO  server.GrpcServerProtocolClient (GrpcServerProtocolClient.java:close(105)) - s4 Close channels
2025-01-08 04:22:23,771 [s1-impl-thread1] INFO  raftlog.RaftLog (SegmentedRaftLog.java:close(569)) - Start closing s1@group-73F140C3701E-SegmentedRaftLog:OPENED:c10:last(t:2, i:10)
2025-01-08 04:22:23,771 [Thread-140] INFO  server.GrpcServerProtocolClient (GrpcServerProtocolClient.java:close(105)) - s0 Close channels
2025-01-08 04:22:23,774 [Thread-142] INFO  server.GrpcServerProtocolClient (GrpcServerProtocolClient.java:close(105)) - s2 Close channels
2025-01-08 04:22:23,762 [s0-impl-thread1] INFO  segmented.LogSegment (LogSegment.java:close(350)) - Successfully closed EntryCache-log_inprogress_0
2025-01-08 04:22:23,767 [s2-impl-thread1] INFO  segmented.LogSegment (LogSegment.java:close(350)) - Successfully closed EntryCache-log_inprogress_0
2025-01-08 04:22:23,768 [s4-impl-thread1] INFO  segmented.LogSegment (LogSegment.java:close(350)) - Successfully closed EntryCache-log_inprogress_0
2025-01-08 04:22:23,778 [s1@group-73F140C3701E-cacheEviction-AwaitToRun] INFO  util.AwaitToRun (AwaitToRun.java:run(49)) - s1@group-73F140C3701E-cacheEviction-AwaitToRun-AwaitForSignal is interrupted
2025-01-08 04:22:23,779 [MiniRaftCluster-2] INFO  server.GrpcServicesImpl (GrpcServicesImpl.java:closeImpl(371)) - s4: shutdown server org.apache.ratis.grpc.server.GrpcClientProtocolService successfully
2025-01-08 04:22:23,779 [MiniRaftCluster-2] INFO  server.GrpcServicesImpl (GrpcServicesImpl.java:closeImpl(362)) - s4: shutdown server GrpcServerProtocolService now
2025-01-08 04:22:23,779 [Thread-138] INFO  server.GrpcServerProtocolClient (GrpcServerProtocolClient.java:close(105)) - s4 Close channels
2025-01-08 04:22:23,779 [s1-impl-thread1] INFO  segmented.LogSegment (LogSegment.java:close(350)) - Successfully closed EntryCache-log_inprogress_0
2025-01-08 04:22:23,780 [Thread-149] INFO  server.GrpcServerProtocolClient (GrpcServerProtocolClient.java:close(105)) - s0 Close channels
2025-01-08 04:22:23,781 [Thread-150] INFO  server.GrpcServerProtocolClient (GrpcServerProtocolClient.java:close(105)) - s1 Close channels
2025-01-08 04:22:23,781 [MiniRaftCluster-1] INFO  server.GrpcServicesImpl (GrpcServicesImpl.java:closeImpl(371)) - s3: shutdown server org.apache.ratis.grpc.server.GrpcClientProtocolService successfully
2025-01-08 04:22:23,782 [MiniRaftCluster-1] INFO  server.GrpcServicesImpl (GrpcServicesImpl.java:closeImpl(362)) - s3: shutdown server GrpcServerProtocolService now
2025-01-08 04:22:23,782 [Thread-152] INFO  server.GrpcServerProtocolClient (GrpcServerProtocolClient.java:close(105)) - s4 Close channels
2025-01-08 04:22:23,782 [Thread-144] INFO  server.GrpcServerProtocolClient (GrpcServerProtocolClient.java:close(105)) - s3 Close channels
2025-01-08 04:22:23,783 [Thread-155] INFO  server.GrpcServerProtocolClient (GrpcServerProtocolClient.java:close(105)) - s2 Close channels
2025-01-08 04:22:23,783 [Thread-154] INFO  server.GrpcServerProtocolClient (GrpcServerProtocolClient.java:close(105)) - s1 Close channels
2025-01-08 04:22:23,784 [grpc-default-executor-3] WARN  server.GrpcServerProtocolService (LogUtils.java:warn(127)) - s4: APPEND_ENTRIES onError, lastRequest: s1->s4#28-t2,previous=(t:2, i:9),leaderCommit=10,initializing? false,entries: size=1, first=(t:2, i:10), METADATAENTRY(c:9): org.apache.ratis.thirdparty.io.grpc.StatusRuntimeException: CANCELLED: client cancelled
2025-01-08 04:22:23,788 [grpc-default-executor-5] INFO  server.GrpcLogAppender (GrpcLogAppender.java:onError(555)) - s1@group-73F140C3701E->s4-GrpcLogAppender is already stopped
2025-01-08 04:22:23,789 [grpc-default-executor-14] WARN  server.GrpcServerProtocolService (LogUtils.java:warn(127)) - s3: APPEND_ENTRIES onError, lastRequest: s1->s3#29-t2,previous=(t:2, i:9),leaderCommit=9,initializing? false,entries: size=1, first=(t:2, i:10), METADATAENTRY(c:9): org.apache.ratis.thirdparty.io.grpc.StatusRuntimeException: CANCELLED: client cancelled
2025-01-08 04:22:23,789 [MiniRaftCluster-1] INFO  server.GrpcServicesImpl (GrpcServicesImpl.java:closeImpl(371)) - s3: shutdown server GrpcServerProtocolService successfully
2025-01-08 04:22:23,789 [MiniRaftCluster-1] INFO  server.GrpcServicesImpl (GrpcServicesImpl.java:closeImpl(362)) - s3: shutdown server org.apache.ratis.grpc.server.GrpcAdminProtocolService now
2025-01-08 04:22:23,789 [MiniRaftCluster-2] INFO  server.GrpcServicesImpl (GrpcServicesImpl.java:closeImpl(371)) - s4: shutdown server GrpcServerProtocolService successfully
2025-01-08 04:22:23,789 [MiniRaftCluster-2] INFO  server.GrpcServicesImpl (GrpcServicesImpl.java:closeImpl(362)) - s4: shutdown server org.apache.ratis.grpc.server.GrpcAdminProtocolService now
2025-01-08 04:22:23,789 [MiniRaftCluster-5] INFO  server.GrpcServicesImpl (GrpcServicesImpl.java:closeImpl(371)) - s2: shutdown server org.apache.ratis.grpc.server.GrpcClientProtocolService successfully
2025-01-08 04:22:23,789 [MiniRaftCluster-5] INFO  server.GrpcServicesImpl (GrpcServicesImpl.java:closeImpl(362)) - s2: shutdown server GrpcServerProtocolService now
2025-01-08 04:22:23,790 [grpc-default-executor-7] WARN  server.GrpcServerProtocolService (LogUtils.java:warn(127)) - s3: APPEND_ENTRIES onError, lastRequest: null: org.apache.ratis.thirdparty.io.grpc.StatusRuntimeException: CANCELLED: client cancelled
2025-01-08 04:22:23,790 [MiniRaftCluster-1] INFO  server.GrpcServicesImpl (GrpcServicesImpl.java:closeImpl(371)) - s3: shutdown server org.apache.ratis.grpc.server.GrpcAdminProtocolService successfully
2025-01-08 04:22:23,790 [grpc-default-executor-5] INFO  server.GrpcLogAppender (GrpcLogAppender.java:onError(555)) - s1@group-73F140C3701E->s3-GrpcLogAppender is already stopped
2025-01-08 04:22:23,790 [grpc-default-executor-14] WARN  server.GrpcServerProtocolService (LogUtils.java:warn(127)) - s4: APPEND_ENTRIES onError, lastRequest: null: org.apache.ratis.thirdparty.io.grpc.StatusRuntimeException: CANCELLED: client cancelled
2025-01-08 04:22:23,790 [MiniRaftCluster-2] INFO  server.GrpcServicesImpl (GrpcServicesImpl.java:closeImpl(371)) - s4: shutdown server org.apache.ratis.grpc.server.GrpcAdminProtocolService successfully
2025-01-08 04:22:23,791 [grpc-default-executor-5] WARN  server.GrpcServerProtocolService (LogUtils.java:warn(127)) - s2: APPEND_ENTRIES onError, lastRequest: s1->s2#34-t2,previous=(t:2, i:9),leaderCommit=9,initializing? false,entries: size=1, first=(t:2, i:10), METADATAENTRY(c:9): org.apache.ratis.thirdparty.io.grpc.StatusRuntimeException: CANCELLED: client cancelled
2025-01-08 04:22:23,791 [grpc-default-executor-3] WARN  server.GrpcServerProtocolService (LogUtils.java:warn(127)) - s2: APPEND_ENTRIES onError, lastRequest: null: org.apache.ratis.thirdparty.io.grpc.StatusRuntimeException: CANCELLED: client cancelled
2025-01-08 04:22:23,791 [MiniRaftCluster-5] INFO  server.GrpcServicesImpl (GrpcServicesImpl.java:closeImpl(371)) - s2: shutdown server GrpcServerProtocolService successfully
2025-01-08 04:22:23,791 [MiniRaftCluster-5] INFO  server.GrpcServicesImpl (GrpcServicesImpl.java:closeImpl(362)) - s2: shutdown server org.apache.ratis.grpc.server.GrpcAdminProtocolService now
2025-01-08 04:22:23,791 [MiniRaftCluster-3] INFO  server.GrpcServicesImpl (GrpcServicesImpl.java:closeImpl(371)) - s0: shutdown server org.apache.ratis.grpc.server.GrpcClientProtocolService successfully
2025-01-08 04:22:23,791 [MiniRaftCluster-3] INFO  server.GrpcServicesImpl (GrpcServicesImpl.java:closeImpl(362)) - s0: shutdown server GrpcServerProtocolService now
2025-01-08 04:22:23,792 [grpc-default-executor-5] INFO  server.GrpcLogAppender (GrpcLogAppender.java:onError(555)) - s1@group-73F140C3701E->s2-GrpcLogAppender is already stopped
2025-01-08 04:22:23,794 [grpc-default-executor-8] WARN  server.GrpcServerProtocolService (LogUtils.java:warn(127)) - s0: APPEND_ENTRIES onError, lastRequest: s1->s0#32-t2,previous=(t:2, i:9),leaderCommit=9,initializing? false,entries: size=1, first=(t:2, i:10), METADATAENTRY(c:9): org.apache.ratis.thirdparty.io.grpc.StatusRuntimeException: CANCELLED: client cancelled
2025-01-08 04:22:23,794 [grpc-default-executor-6] INFO  server.GrpcLogAppender (GrpcLogAppender.java:onError(555)) - s1@group-73F140C3701E->s0-GrpcLogAppender is already stopped
2025-01-08 04:22:23,794 [MiniRaftCluster-3] INFO  server.GrpcServicesImpl (GrpcServicesImpl.java:closeImpl(371)) - s0: shutdown server GrpcServerProtocolService successfully
2025-01-08 04:22:23,795 [MiniRaftCluster-3] INFO  server.GrpcServicesImpl (GrpcServicesImpl.java:closeImpl(362)) - s0: shutdown server org.apache.ratis.grpc.server.GrpcAdminProtocolService now
2025-01-08 04:22:23,793 [grpc-default-executor-0] WARN  server.GrpcServerProtocolService (LogUtils.java:warn(127)) - s0: APPEND_ENTRIES onError, lastRequest: null: org.apache.ratis.thirdparty.io.grpc.StatusRuntimeException: CANCELLED: client cancelled
2025-01-08 04:22:23,793 [grpc-default-executor-7] INFO  server.GrpcLogAppender (GrpcLogAppender.java:onError(555)) - s1@group-73F140C3701E->s3-GrpcLogAppender is already stopped
2025-01-08 04:22:23,793 [grpc-default-executor-14] INFO  server.GrpcLogAppender (GrpcLogAppender.java:onError(555)) - s1@group-73F140C3701E->s2-GrpcLogAppender is already stopped
2025-01-08 04:22:23,793 [grpc-default-executor-3] INFO  server.GrpcLogAppender (GrpcLogAppender.java:onError(555)) - s1@group-73F140C3701E->s4-GrpcLogAppender is already stopped
2025-01-08 04:22:23,792 [MiniRaftCluster-5] INFO  server.GrpcServicesImpl (GrpcServicesImpl.java:closeImpl(371)) - s2: shutdown server org.apache.ratis.grpc.server.GrpcAdminProtocolService successfully
2025-01-08 04:22:23,795 [MiniRaftCluster-3] INFO  server.GrpcServicesImpl (GrpcServicesImpl.java:closeImpl(371)) - s0: shutdown server org.apache.ratis.grpc.server.GrpcAdminProtocolService successfully
2025-01-08 04:22:23,797 [grpc-default-executor-3] INFO  server.GrpcLogAppender (GrpcLogAppender.java:onError(555)) - s1@group-73F140C3701E->s0-GrpcLogAppender is already stopped
2025-01-08 04:22:23,797 [MiniRaftCluster-4] INFO  server.GrpcServicesImpl (GrpcServicesImpl.java:closeImpl(371)) - s1: shutdown server org.apache.ratis.grpc.server.GrpcClientProtocolService successfully
2025-01-08 04:22:23,797 [MiniRaftCluster-4] INFO  server.GrpcServicesImpl (GrpcServicesImpl.java:closeImpl(362)) - s1: shutdown server GrpcServerProtocolService now
2025-01-08 04:22:23,797 [MiniRaftCluster-4] INFO  server.GrpcServicesImpl (GrpcServicesImpl.java:closeImpl(371)) - s1: shutdown server GrpcServerProtocolService successfully
2025-01-08 04:22:23,798 [MiniRaftCluster-4] INFO  server.GrpcServicesImpl (GrpcServicesImpl.java:closeImpl(362)) - s1: shutdown server org.apache.ratis.grpc.server.GrpcAdminProtocolService now
2025-01-08 04:22:23,798 [MiniRaftCluster-4] INFO  server.GrpcServicesImpl (GrpcServicesImpl.java:closeImpl(371)) - s1: shutdown server org.apache.ratis.grpc.server.GrpcAdminProtocolService successfully
2025-01-08 04:22:24,555 [Timer-0] INFO  impl.MiniRaftCluster (MiniRaftCluster.java:lambda$null$7(362)) - TIMED-PRINT: printing ALL groups
  s3:  CLOSING  FOLLOWER s3@group-73F140C3701E:t2, leader=s1, voted=s1, raftlog=Memoized:s3@group-73F140C3701E-SegmentedRaftLog:CLOSED:c9, conf=conf: {index: 0, cur=peers:[s3|localhost:15012, s4|localhost:15016, s0|localhost:15000, s1|localhost:15004, s2|localhost:15008]|listeners:[], old=null} CLOSING
  s4:  CLOSING  FOLLOWER s4@group-73F140C3701E:t2, leader=s1, voted=s1, raftlog=Memoized:s4@group-73F140C3701E-SegmentedRaftLog:CLOSED:c10, conf=conf: {index: 0, cur=peers:[s3|localhost:15012, s4|localhost:15016, s0|localhost:15000, s1|localhost:15004, s2|localhost:15008]|listeners:[], old=null} CLOSING
  s0:  CLOSING  FOLLOWER s0@group-73F140C3701E:t2, leader=s1, voted=s1, raftlog=Memoized:s0@group-73F140C3701E-SegmentedRaftLog:CLOSED:c9, conf=conf: {index: 0, cur=peers:[s3|localhost:15012, s4|localhost:15016, s0|localhost:15000, s1|localhost:15004, s2|localhost:15008]|listeners:[], old=null} CLOSING
  s1:  CLOSING    LEADER s1@group-73F140C3701E:t2, leader=s1, voted=s1, raftlog=Memoized:s1@group-73F140C3701E-SegmentedRaftLog:CLOSED:c10, conf=conf: {index: 0, cur=peers:[s3|localhost:15012, s4|localhost:15016, s0|localhost:15000, s1|localhost:15004, s2|localhost:15008]|listeners:[], old=null} CLOSING
  s2:  CLOSING  FOLLOWER s2@group-73F140C3701E:t2, leader=s1, voted=s1, raftlog=Memoized:s2@group-73F140C3701E-SegmentedRaftLog:CLOSED:c9, conf=conf: {index: 0, cur=peers:[s3|localhost:15012, s4|localhost:15016, s0|localhost:15000, s1|localhost:15004, s2|localhost:15008]|listeners:[], old=null} CLOSING
2025-01-08 04:22:24,697 [s1-impl-thread1] INFO  segmented.SegmentedRaftLogWorker (SegmentedRaftLogWorker.java:close(254)) - s1@group-73F140C3701E-SegmentedRaftLogWorker close()
2025-01-08 04:22:24,698 [s1-impl-thread1] INFO  raftlog.RaftLog (SegmentedRaftLog.java:close(577)) - Successfully closed s1@group-73F140C3701E-SegmentedRaftLog:CLOSED:c10
2025-01-08 04:22:24,700 [JvmPauseMonitor3] INFO  util.JvmPauseMonitor (JvmPauseMonitor.java:run(152)) - JvmPauseMonitor-s1: Stopped
2025-01-08 04:22:24,706 [s2-impl-thread1] INFO  segmented.SegmentedRaftLogWorker (SegmentedRaftLogWorker.java:close(254)) - s2@group-73F140C3701E-SegmentedRaftLogWorker close()
2025-01-08 04:22:24,706 [s2-impl-thread1] INFO  raftlog.RaftLog (SegmentedRaftLog.java:close(577)) - Successfully closed s2@group-73F140C3701E-SegmentedRaftLog:CLOSED:c9
2025-01-08 04:22:24,707 [s3-impl-thread1] INFO  segmented.SegmentedRaftLogWorker (SegmentedRaftLogWorker.java:close(254)) - s3@group-73F140C3701E-SegmentedRaftLogWorker close()
2025-01-08 04:22:24,708 [s3-impl-thread1] INFO  raftlog.RaftLog (SegmentedRaftLog.java:close(577)) - Successfully closed s3@group-73F140C3701E-SegmentedRaftLog:CLOSED:c9
2025-01-08 04:22:24,709 [JvmPauseMonitor4] INFO  util.JvmPauseMonitor (JvmPauseMonitor.java:run(152)) - JvmPauseMonitor-s2: Stopped
2025-01-08 04:22:24,709 [JvmPauseMonitor0] INFO  util.JvmPauseMonitor (JvmPauseMonitor.java:run(152)) - JvmPauseMonitor-s3: Stopped
2025-01-08 04:22:24,711 [s0-impl-thread1] INFO  segmented.SegmentedRaftLogWorker (SegmentedRaftLogWorker.java:close(254)) - s0@group-73F140C3701E-SegmentedRaftLogWorker close()
2025-01-08 04:22:24,711 [s0-impl-thread1] INFO  raftlog.RaftLog (SegmentedRaftLog.java:close(577)) - Successfully closed s0@group-73F140C3701E-SegmentedRaftLog:CLOSED:c9
2025-01-08 04:22:24,712 [JvmPauseMonitor2] INFO  util.JvmPauseMonitor (JvmPauseMonitor.java:run(152)) - JvmPauseMonitor-s0: Stopped
2025-01-08 04:22:24,713 [s4-impl-thread1] INFO  segmented.SegmentedRaftLogWorker (SegmentedRaftLogWorker.java:close(254)) - s4@group-73F140C3701E-SegmentedRaftLogWorker close()
2025-01-08 04:22:24,713 [s4-impl-thread1] INFO  raftlog.RaftLog (SegmentedRaftLog.java:close(577)) - Successfully closed s4@group-73F140C3701E-SegmentedRaftLog:CLOSED:c10
2025-01-08 04:22:24,714 [JvmPauseMonitor1] INFO  util.JvmPauseMonitor (JvmPauseMonitor.java:run(152)) - JvmPauseMonitor-s4: Stopped
2025-01-08 04:22:24,715 [main] INFO  impl.MiniRaftCluster (MiniRaftCluster.java:shutdown(883)) - MiniRaftClusterWithGrpc shutdown completed
2025-01-08 04:22:24,715 [main] INFO  ratis.RaftTestUtil (RaftTestUtil.java:gc(596)) - gc 0
2025-01-08 04:22:24,873 [main] INFO  impl.MiniRaftCluster (MiniRaftClusterWithGrpc.java:lambda$null$2(103)) - Checking s3-group-73F140C3701E
2025-01-08 04:22:24,873 [main] INFO  impl.MiniRaftCluster (MiniRaftClusterWithGrpc.java:lambda$null$2(103)) - Checking s4-group-73F140C3701E
2025-01-08 04:22:24,873 [main] INFO  impl.MiniRaftCluster (MiniRaftClusterWithGrpc.java:lambda$null$2(103)) - Checking s0-group-73F140C3701E
2025-01-08 04:22:24,873 [main] INFO  impl.MiniRaftCluster (MiniRaftClusterWithGrpc.java:lambda$null$2(103)) - Checking s1-group-73F140C3701E
2025-01-08 04:22:24,873 [main] INFO  impl.MiniRaftCluster (MiniRaftClusterWithGrpc.java:lambda$null$2(103)) - Checking s2-group-73F140C3701E
]]></system-out>
  </testcase>
</testsuite>