<?xml version="1.0" encoding="UTF-8"?>
<testsuite xmlns:xsi="http://www.w3.org/2001/XMLSchema-instance" xsi:noNamespaceSchemaLocation="https://maven.apache.org/surefire/maven-surefire-plugin/xsd/surefire-test-report.xsd" name="org.apache.ratis.server.simulation.TestLeaderElectionWithSimulatedRpc" time="64.59" tests="20" errors="0" skipped="0" failures="1">
  <properties>
    <property name="awt.toolkit" value="sun.awt.X11.XToolkit"/>
    <property name="java.specification.version" value="11"/>
    <property name="sun.cpu.isalist" value=""/>
    <property name="sun.jnu.encoding" value="UTF-8"/>
    <property name="java.class.path" value="/home/runner/work/ratis/ratis/ratis-test/target/test-classes:/home/runner/work/ratis/ratis/ratis-test/target/classes:/home/runner/work/ratis/ratis/ratis-common/target/classes:/home/runner/.m2/repository/org/apache/ratis/ratis-thirdparty-misc/1.0.3/ratis-thirdparty-misc-1.0.3.jar:/home/runner/work/ratis/ratis/ratis-proto/target/ratis-proto-3.0.0-SNAPSHOT.jar:/home/runner/work/ratis/ratis/ratis-common/target/test-classes:/home/runner/work/ratis/ratis/ratis-client/target/classes:/home/runner/work/ratis/ratis/ratis-server/target/classes:/home/runner/work/ratis/ratis/ratis-server-api/target/classes:/home/runner/work/ratis/ratis/ratis-metrics-api/target/classes:/home/runner/work/ratis/ratis/ratis-server/target/test-classes:/home/runner/work/ratis/ratis/ratis-metrics-default/target/classes:/home/runner/work/ratis/ratis/ratis-netty/target/classes:/home/runner/work/ratis/ratis/ratis-netty/target/test-classes:/home/runner/work/ratis/ratis/ratis-grpc/target/classes:/home/runner/work/ratis/ratis/ratis-grpc/target/test-classes:/home/runner/work/ratis/ratis/ratis-shell/target/classes:/home/runner/.m2/repository/commons-cli/commons-cli/1.5.0/commons-cli-1.5.0.jar:/home/runner/.m2/repository/org/reflections/reflections/0.10.2/reflections-0.10.2.jar:/home/runner/.m2/repository/org/javassist/javassist/3.28.0-GA/javassist-3.28.0-GA.jar:/home/runner/.m2/repository/com/google/code/findbugs/jsr305/3.0.2/jsr305-3.0.2.jar:/home/runner/.m2/repository/org/bouncycastle/bcprov-jdk15on/1.70/bcprov-jdk15on-1.70.jar:/home/runner/.m2/repository/org/bouncycastle/bcpkix-jdk15on/1.70/bcpkix-jdk15on-1.70.jar:/home/runner/.m2/repository/org/bouncycastle/bcutil-jdk15on/1.70/bcutil-jdk15on-1.70.jar:/home/runner/.m2/repository/org/slf4j/slf4j-api/1.7.36/slf4j-api-1.7.36.jar:/home/runner/.m2/repository/org/slf4j/slf4j-reload4j/1.7.36/slf4j-reload4j-1.7.36.jar:/home/runner/.m2/repository/ch/qos/reload4j/reload4j/1.2.19/reload4j-1.2.19.jar:/home/runner/.m2/repository/junit/junit/4.13.2/junit-4.13.2.jar:/home/runner/.m2/repository/org/hamcrest/hamcrest-core/1.3/hamcrest-core-1.3.jar:/home/runner/.m2/repository/org/mockito/mockito-core/4.3.1/mockito-core-4.3.1.jar:/home/runner/.m2/repository/net/bytebuddy/byte-buddy/1.12.7/byte-buddy-1.12.7.jar:/home/runner/.m2/repository/net/bytebuddy/byte-buddy-agent/1.12.7/byte-buddy-agent-1.12.7.jar:/home/runner/.m2/repository/org/objenesis/objenesis/3.2/objenesis-3.2.jar:"/>
    <property name="java.vm.vendor" value="Eclipse Adoptium"/>
    <property name="sun.arch.data.model" value="64"/>
    <property name="java.vendor.url" value="https://adoptium.net/"/>
    <property name="user.timezone" value=""/>
    <property name="java.vm.specification.version" value="11"/>
    <property name="os.name" value="Linux"/>
    <property name="sun.java.launcher" value="SUN_STANDARD"/>
    <property name="sun.boot.library.path" value="/usr/lib/jvm/temurin-11-jdk-amd64/lib"/>
    <property name="sun.java.command" value="/home/runner/work/ratis/ratis/ratis-test/target/surefire/surefirebooter2875266113645565131.jar /home/runner/work/ratis/ratis/ratis-test/target/surefire 2023-03-13T09-47-42_796-jvmRun1 surefire13673378647808543188tmp surefire_164022260735468107407tmp"/>
    <property name="jdk.debug" value="release"/>
    <property name="surefire.test.class.path" value="/home/runner/work/ratis/ratis/ratis-test/target/test-classes:/home/runner/work/ratis/ratis/ratis-test/target/classes:/home/runner/work/ratis/ratis/ratis-common/target/classes:/home/runner/.m2/repository/org/apache/ratis/ratis-thirdparty-misc/1.0.3/ratis-thirdparty-misc-1.0.3.jar:/home/runner/work/ratis/ratis/ratis-proto/target/ratis-proto-3.0.0-SNAPSHOT.jar:/home/runner/work/ratis/ratis/ratis-common/target/test-classes:/home/runner/work/ratis/ratis/ratis-client/target/classes:/home/runner/work/ratis/ratis/ratis-server/target/classes:/home/runner/work/ratis/ratis/ratis-server-api/target/classes:/home/runner/work/ratis/ratis/ratis-metrics-api/target/classes:/home/runner/work/ratis/ratis/ratis-server/target/test-classes:/home/runner/work/ratis/ratis/ratis-metrics-default/target/classes:/home/runner/work/ratis/ratis/ratis-netty/target/classes:/home/runner/work/ratis/ratis/ratis-netty/target/test-classes:/home/runner/work/ratis/ratis/ratis-grpc/target/classes:/home/runner/work/ratis/ratis/ratis-grpc/target/test-classes:/home/runner/work/ratis/ratis/ratis-shell/target/classes:/home/runner/.m2/repository/commons-cli/commons-cli/1.5.0/commons-cli-1.5.0.jar:/home/runner/.m2/repository/org/reflections/reflections/0.10.2/reflections-0.10.2.jar:/home/runner/.m2/repository/org/javassist/javassist/3.28.0-GA/javassist-3.28.0-GA.jar:/home/runner/.m2/repository/com/google/code/findbugs/jsr305/3.0.2/jsr305-3.0.2.jar:/home/runner/.m2/repository/org/bouncycastle/bcprov-jdk15on/1.70/bcprov-jdk15on-1.70.jar:/home/runner/.m2/repository/org/bouncycastle/bcpkix-jdk15on/1.70/bcpkix-jdk15on-1.70.jar:/home/runner/.m2/repository/org/bouncycastle/bcutil-jdk15on/1.70/bcutil-jdk15on-1.70.jar:/home/runner/.m2/repository/org/slf4j/slf4j-api/1.7.36/slf4j-api-1.7.36.jar:/home/runner/.m2/repository/org/slf4j/slf4j-reload4j/1.7.36/slf4j-reload4j-1.7.36.jar:/home/runner/.m2/repository/ch/qos/reload4j/reload4j/1.2.19/reload4j-1.2.19.jar:/home/runner/.m2/repository/junit/junit/4.13.2/junit-4.13.2.jar:/home/runner/.m2/repository/org/hamcrest/hamcrest-core/1.3/hamcrest-core-1.3.jar:/home/runner/.m2/repository/org/mockito/mockito-core/4.3.1/mockito-core-4.3.1.jar:/home/runner/.m2/repository/net/bytebuddy/byte-buddy/1.12.7/byte-buddy-1.12.7.jar:/home/runner/.m2/repository/net/bytebuddy/byte-buddy-agent/1.12.7/byte-buddy-agent-1.12.7.jar:/home/runner/.m2/repository/org/objenesis/objenesis/3.2/objenesis-3.2.jar:"/>
    <property name="sun.cpu.endian" value="little"/>
    <property name="user.home" value="/home/runner"/>
    <property name="user.language" value="en"/>
    <property name="java.specification.vendor" value="Oracle Corporation"/>
    <property name="java.version.date" value="2023-01-17"/>
    <property name="java.home" value="/usr/lib/jvm/temurin-11-jdk-amd64"/>
    <property name="file.separator" value="/"/>
    <property name="basedir" value="/home/runner/work/ratis/ratis/ratis-test"/>
    <property name="java.vm.compressedOopsMode" value="32-bit"/>
    <property name="line.separator" value="&#10;"/>
    <property name="java.specification.name" value="Java Platform API Specification"/>
    <property name="java.vm.specification.vendor" value="Oracle Corporation"/>
    <property name="java.awt.graphicsenv" value="sun.awt.X11GraphicsEnvironment"/>
    <property name="surefire.real.class.path" value="/home/runner/work/ratis/ratis/ratis-test/target/surefire/surefirebooter2875266113645565131.jar"/>
    <property name="sun.management.compiler" value="HotSpot 64-Bit Tiered Compilers"/>
    <property name="java.runtime.version" value="11.0.18+10"/>
    <property name="user.name" value="runner"/>
    <property name="java.net.preferIPv4Stack" value="true"/>
    <property name="path.separator" value=":"/>
    <property name="os.version" value="5.15.0-1034-azure"/>
    <property name="java.runtime.name" value="OpenJDK Runtime Environment"/>
    <property name="file.encoding" value="UTF-8"/>
    <property name="java.vm.name" value="OpenJDK 64-Bit Server VM"/>
    <property name="java.vendor.version" value="Temurin-11.0.18+10"/>
    <property name="localRepository" value="/home/runner/.m2/repository"/>
    <property name="java.vendor.url.bug" value="https://github.com/adoptium/adoptium-support/issues"/>
    <property name="java.io.tmpdir" value="/tmp"/>
    <property name="java.version" value="11.0.18"/>
    <property name="user.dir" value="/home/runner/work/ratis/ratis/ratis-test"/>
    <property name="os.arch" value="amd64"/>
    <property name="ratis.tmp.dir" value="/home/runner/work/ratis/ratis/ratis-test/target/tmp"/>
    <property name="java.vm.specification.name" value="Java Virtual Machine Specification"/>
    <property name="java.awt.printerjob" value="sun.print.PSPrinterJob"/>
    <property name="ratis.log.dir" value="/home/runner/work/ratis/ratis/ratis-test/target/log"/>
    <property name="sun.os.patch.level" value="unknown"/>
    <property name="java.library.path" value="/usr/java/packages/lib:/usr/lib64:/lib64:/lib:/usr/lib"/>
    <property name="java.vm.info" value="mixed mode"/>
    <property name="java.vendor" value="Eclipse Adoptium"/>
    <property name="java.vm.version" value="11.0.18+10"/>
    <property name="sun.io.unicode.encoding" value="UnicodeLittle"/>
    <property name="java.class.version" value="55.0"/>
  </properties>
  <testcase name="testRemoveListener" classname="org.apache.ratis.server.simulation.TestLeaderElectionWithSimulatedRpc" time="2.688"/>
  <testcase name="testEnforceLeader" classname="org.apache.ratis.server.simulation.TestLeaderElectionWithSimulatedRpc" time="11.394">
    <failure message="expected:&lt;s[0]&gt; but was:&lt;s[2]&gt;" type="org.junit.ComparisonFailure"><![CDATA[org.junit.ComparisonFailure: expected:<s[0]> but was:<s[2]>
	at org.junit.Assert.assertEquals(Assert.java:117)
	at org.junit.Assert.assertEquals(Assert.java:146)
	at org.apache.ratis.server.impl.LeaderElectionTests.enforceLeader(LeaderElectionTests.java:324)
	at org.apache.ratis.server.impl.LeaderElectionTests.testEnforceLeader(LeaderElectionTests.java:310)
	at java.base/jdk.internal.reflect.NativeMethodAccessorImpl.invoke0(Native Method)
	at java.base/jdk.internal.reflect.NativeMethodAccessorImpl.invoke(NativeMethodAccessorImpl.java:62)
	at java.base/jdk.internal.reflect.DelegatingMethodAccessorImpl.invoke(DelegatingMethodAccessorImpl.java:43)
	at java.base/java.lang.reflect.Method.invoke(Method.java:566)
	at org.junit.runners.model.FrameworkMethod$1.runReflectiveCall(FrameworkMethod.java:59)
	at org.junit.internal.runners.model.ReflectiveCallable.run(ReflectiveCallable.java:12)
	at org.junit.runners.model.FrameworkMethod.invokeExplosively(FrameworkMethod.java:56)
	at org.junit.internal.runners.statements.InvokeMethod.evaluate(InvokeMethod.java:17)
	at org.junit.internal.runners.statements.RunAfters.evaluate(RunAfters.java:27)
	at org.junit.internal.runners.statements.FailOnTimeout$CallableStatement.call(FailOnTimeout.java:299)
	at org.junit.internal.runners.statements.FailOnTimeout$CallableStatement.call(FailOnTimeout.java:293)
	at java.base/java.util.concurrent.FutureTask.run(FutureTask.java:264)
	at java.base/java.lang.Thread.run(Thread.java:829)
]]></failure>
    <system-out><![CDATA[2023-03-13 09:53:23,515 [main] INFO  util.LogUtils (Slf4jUtils.java:setLogLevel(38)) - Successfully set org.apache.ratis.conf.ConfUtils log level to WARN
2023-03-13 09:53:23,515 [main] INFO  util.LogUtils (Slf4jUtils.java:setLogLevel(38)) - Successfully set org.apache.ratis.util.FileUtils log level to TRACE
2023-03-13 09:53:23,515 [main] INFO  util.LogUtils (Slf4jUtils.java:setLogLevel(38)) - Successfully set org.apache.ratis.server.RaftServer$Division log level to DEBUG
2023-03-13 09:53:23,516 [main] INFO  util.LogUtils (Slf4jUtils.java:setLogLevel(38)) - Successfully set org.apache.ratis.client.RaftClient log level to DEBUG
2023-03-13 09:53:23,516 [Time-limited test] INFO  simulation.TestLeaderElectionWithSimulatedRpc (LeaderElectionTests.java:testEnforceLeader(298)) - Running testEnforceLeader
2023-03-13 09:53:23,516 [Time-limited test] INFO  simulation.MiniRaftClusterWithSimulatedRpc (ConfUtils.java:logGet(46)) - org.apache.ratis.server.simulation.SimulatedRequestReply.simulateLatencyMs = 0 (custom)
2023-03-13 09:53:23,517 [Time-limited test] INFO  impl.MiniRaftCluster (MiniRaftCluster.java:<init>(306)) - new MiniRaftClusterWithSimulatedRpc with group-C1EBCFF19CDA:[s3|rpc:localhost:36161|admin:localhost:45145|client:localhost:33773|dataStream:localhost:34673|priority:0|startupRole:FOLLOWER, s4|rpc:localhost:46159|admin:localhost:33017|client:localhost:38269|dataStream:localhost:46577|priority:0|startupRole:FOLLOWER, s0|rpc:localhost:42037|admin:localhost:35933|client:localhost:37745|dataStream:localhost:46027|priority:0|startupRole:FOLLOWER, s1|rpc:localhost:42415|admin:localhost:39681|client:localhost:39407|dataStream:localhost:35133|priority:0|startupRole:FOLLOWER, s2|rpc:localhost:37505|admin:localhost:38193|client:localhost:45367|dataStream:localhost:33575|priority:0|startupRole:FOLLOWER]
2023-03-13 09:53:23,517 [Time-limited test] INFO  impl.MiniRaftCluster (MiniRaftCluster.java:start(339)) - .............................................................. 
2023-03-13 09:53:23,517 [Time-limited test] INFO  impl.MiniRaftCluster (MiniRaftCluster.java:start(340)) - ... 
2023-03-13 09:53:23,517 [Time-limited test] INFO  impl.MiniRaftCluster (MiniRaftCluster.java:start(341)) - ...     Starting MiniRaftClusterWithSimulatedRpc
2023-03-13 09:53:23,517 [Time-limited test] INFO  impl.MiniRaftCluster (MiniRaftCluster.java:start(342)) - ... 
2023-03-13 09:53:23,517 [Time-limited test] INFO  impl.MiniRaftCluster (MiniRaftCluster.java:start(343)) - .............................................................. 
2023-03-13 09:53:23,517 [Time-limited test] INFO  impl.MiniRaftCluster (MiniRaftCluster.java:initServers(318)) - servers = {}
2023-03-13 09:53:23,517 [Time-limited test] INFO  impl.MiniRaftCluster (MiniRaftCluster.java:newRaftServer(382)) - newRaftServer: s3, group-C1EBCFF19CDA:[s3|rpc:localhost:36161|admin:localhost:45145|client:localhost:33773|dataStream:localhost:34673|priority:0|startupRole:FOLLOWER, s4|rpc:localhost:46159|admin:localhost:33017|client:localhost:38269|dataStream:localhost:46577|priority:0|startupRole:FOLLOWER, s0|rpc:localhost:42037|admin:localhost:35933|client:localhost:37745|dataStream:localhost:46027|priority:0|startupRole:FOLLOWER, s1|rpc:localhost:42415|admin:localhost:39681|client:localhost:39407|dataStream:localhost:35133|priority:0|startupRole:FOLLOWER, s2|rpc:localhost:37505|admin:localhost:38193|client:localhost:45367|dataStream:localhost:33575|priority:0|startupRole:FOLLOWER], format? true
2023-03-13 09:53:23,517 [Time-limited test] TRACE util.FileUtils (FileUtils.java:deleteFully(201)) - deleteFully target/test/data/90b8f655/MiniRaftClusterWithSimulatedRpce9487a77/s3
2023-03-13 09:53:23,517 [Time-limited test] TRACE util.FileUtils (FileUtils.java:deleteFully(217)) - deleteFully: target/test/data/90b8f655/MiniRaftClusterWithSimulatedRpce9487a77/s3 does not exist.
2023-03-13 09:53:23,517 [Time-limited test] INFO  impl.MiniRaftCluster (MiniRaftCluster.java:newRaftServer(387)) - Formatted directory target/test/data/90b8f655/MiniRaftClusterWithSimulatedRpce9487a77/s3
2023-03-13 09:53:23,518 [Time-limited test] INFO  server.RaftServer (ConfUtils.java:logGet(46)) - raft.rpc.type = org.apache.ratis.server.simulation.SimulatedRpc (custom)
2023-03-13 09:53:23,518 [Time-limited test] INFO  impl.DataStreamServerImpl (ConfUtils.java:logGet(46)) - raft.datastream.type = DISABLED (default)
2023-03-13 09:53:23,518 [Time-limited test] INFO  server.RaftServerConfigKeys (ConfUtils.java:logGet(46)) - raft.server.threadpool.proxy.cached = true (default)
2023-03-13 09:53:23,518 [Time-limited test] INFO  server.RaftServerConfigKeys (ConfUtils.java:logGet(46)) - raft.server.threadpool.proxy.size = 0 (default)
2023-03-13 09:53:23,518 [Time-limited test] INFO  server.RaftServerConfigKeys (ConfUtils.java:logGet(46)) - raft.server.rpc.slowness.timeout = 60s (default)
2023-03-13 09:53:23,518 [Time-limited test] INFO  server.RaftServerConfigKeys (ConfUtils.java:logGet(46)) - raft.server.leaderelection.leader.step-down.wait-time = 10s (default)
2023-03-13 09:53:23,518 [Time-limited test] INFO  server.RaftServerConfigKeys (ConfUtils.java:logGet(46)) - raft.server.storage.dir = [/home/runner/work/ratis/ratis/ratis-test/target/test/data/90b8f655/MiniRaftClusterWithSimulatedRpce9487a77/s3] (custom)
2023-03-13 09:53:23,519 [Time-limited test] INFO  server.RaftServer (RaftServerProxy.java:addNew(99)) - s3: addNew group-C1EBCFF19CDA:[s3|rpc:localhost:36161|admin:localhost:45145|client:localhost:33773|dataStream:localhost:34673|priority:0|startupRole:FOLLOWER, s4|rpc:localhost:46159|admin:localhost:33017|client:localhost:38269|dataStream:localhost:46577|priority:0|startupRole:FOLLOWER, s0|rpc:localhost:42037|admin:localhost:35933|client:localhost:37745|dataStream:localhost:46027|priority:0|startupRole:FOLLOWER, s1|rpc:localhost:42415|admin:localhost:39681|client:localhost:39407|dataStream:localhost:35133|priority:0|startupRole:FOLLOWER, s2|rpc:localhost:37505|admin:localhost:38193|client:localhost:45367|dataStream:localhost:33575|priority:0|startupRole:FOLLOWER] returns group-C1EBCFF19CDA:java.util.concurrent.CompletableFuture@18cc9b0e[Not completed]
2023-03-13 09:53:23,519 [Time-limited test] INFO  impl.MiniRaftCluster (MiniRaftCluster.java:newRaftServer(382)) - newRaftServer: s4, group-C1EBCFF19CDA:[s3|rpc:localhost:36161|admin:localhost:45145|client:localhost:33773|dataStream:localhost:34673|priority:0|startupRole:FOLLOWER, s4|rpc:localhost:46159|admin:localhost:33017|client:localhost:38269|dataStream:localhost:46577|priority:0|startupRole:FOLLOWER, s0|rpc:localhost:42037|admin:localhost:35933|client:localhost:37745|dataStream:localhost:46027|priority:0|startupRole:FOLLOWER, s1|rpc:localhost:42415|admin:localhost:39681|client:localhost:39407|dataStream:localhost:35133|priority:0|startupRole:FOLLOWER, s2|rpc:localhost:37505|admin:localhost:38193|client:localhost:45367|dataStream:localhost:33575|priority:0|startupRole:FOLLOWER], format? true
2023-03-13 09:53:23,519 [Time-limited test] TRACE util.FileUtils (FileUtils.java:deleteFully(201)) - deleteFully target/test/data/90b8f655/MiniRaftClusterWithSimulatedRpce9487a77/s4
2023-03-13 09:53:23,519 [Time-limited test] TRACE util.FileUtils (FileUtils.java:deleteFully(217)) - deleteFully: target/test/data/90b8f655/MiniRaftClusterWithSimulatedRpce9487a77/s4 does not exist.
2023-03-13 09:53:23,519 [Time-limited test] INFO  impl.MiniRaftCluster (MiniRaftCluster.java:newRaftServer(387)) - Formatted directory target/test/data/90b8f655/MiniRaftClusterWithSimulatedRpce9487a77/s4
2023-03-13 09:53:23,519 [Time-limited test] INFO  server.RaftServer (ConfUtils.java:logGet(46)) - raft.rpc.type = org.apache.ratis.server.simulation.SimulatedRpc (custom)
2023-03-13 09:53:23,519 [Time-limited test] INFO  impl.DataStreamServerImpl (ConfUtils.java:logGet(46)) - raft.datastream.type = DISABLED (default)
2023-03-13 09:53:23,519 [Time-limited test] INFO  server.RaftServerConfigKeys (ConfUtils.java:logGet(46)) - raft.server.threadpool.proxy.cached = true (default)
2023-03-13 09:53:23,519 [Time-limited test] INFO  server.RaftServerConfigKeys (ConfUtils.java:logGet(46)) - raft.server.threadpool.proxy.size = 0 (default)
2023-03-13 09:53:23,519 [Time-limited test] INFO  server.RaftServerConfigKeys (ConfUtils.java:logGet(46)) - raft.server.rpc.slowness.timeout = 60s (default)
2023-03-13 09:53:23,519 [Time-limited test] INFO  server.RaftServerConfigKeys (ConfUtils.java:logGet(46)) - raft.server.leaderelection.leader.step-down.wait-time = 10s (default)
2023-03-13 09:53:23,520 [Time-limited test] INFO  server.RaftServerConfigKeys (ConfUtils.java:logGet(46)) - raft.server.storage.dir = [/home/runner/work/ratis/ratis/ratis-test/target/test/data/90b8f655/MiniRaftClusterWithSimulatedRpce9487a77/s4] (custom)
2023-03-13 09:53:23,520 [s3-groupManagement] INFO  server.RaftServer$Division (RaftServerImpl.java:<init>(198)) - s3: new RaftServerImpl for group-C1EBCFF19CDA:[s3|rpc:localhost:36161|admin:localhost:45145|client:localhost:33773|dataStream:localhost:34673|priority:0|startupRole:FOLLOWER, s4|rpc:localhost:46159|admin:localhost:33017|client:localhost:38269|dataStream:localhost:46577|priority:0|startupRole:FOLLOWER, s0|rpc:localhost:42037|admin:localhost:35933|client:localhost:37745|dataStream:localhost:46027|priority:0|startupRole:FOLLOWER, s1|rpc:localhost:42415|admin:localhost:39681|client:localhost:39407|dataStream:localhost:35133|priority:0|startupRole:FOLLOWER, s2|rpc:localhost:37505|admin:localhost:38193|client:localhost:45367|dataStream:localhost:33575|priority:0|startupRole:FOLLOWER] with BaseStateMachine:uninitialized
2023-03-13 09:53:23,524 [s3-groupManagement] INFO  server.RaftServerConfigKeys (ConfUtils.java:logGet(46)) - raft.server.rpc.timeout.min = 150ms (default)
2023-03-13 09:53:23,524 [s3-groupManagement] INFO  server.RaftServerConfigKeys (ConfUtils.java:logGet(46)) - raft.server.rpc.timeout.max = 300ms (default)
2023-03-13 09:53:23,524 [s3-groupManagement] INFO  server.RaftServerConfigKeys (ConfUtils.java:logGet(46)) - raft.server.rpc.sleep.time = 25ms (default)
2023-03-13 09:53:23,524 [s3-groupManagement] INFO  server.RaftServerConfigKeys (ConfUtils.java:logGet(46)) - raft.server.rpc.slowness.timeout = 60s (default)
2023-03-13 09:53:23,524 [s3-groupManagement] INFO  server.RaftServerConfigKeys (ConfUtils.java:logGet(46)) - raft.server.leaderelection.leader.step-down.wait-time = 10s (default)
2023-03-13 09:53:23,524 [s3-groupManagement] INFO  server.RaftServerConfigKeys (ConfUtils.java:logGet(46)) - raft.server.sleep.deviation.threshold = 300ms (default)
2023-03-13 09:53:23,524 [s3-groupManagement] INFO  server.RaftServer$Division (ServerState.java:<init>(113)) - s3@group-C1EBCFF19CDA: ConfigurationManager, init=-1: peers:[s3|rpc:localhost:36161|admin:localhost:45145|client:localhost:33773|dataStream:localhost:34673|priority:0|startupRole:FOLLOWER, s4|rpc:localhost:46159|admin:localhost:33017|client:localhost:38269|dataStream:localhost:46577|priority:0|startupRole:FOLLOWER, s0|rpc:localhost:42037|admin:localhost:35933|client:localhost:37745|dataStream:localhost:46027|priority:0|startupRole:FOLLOWER, s1|rpc:localhost:42415|admin:localhost:39681|client:localhost:39407|dataStream:localhost:35133|priority:0|startupRole:FOLLOWER, s2|rpc:localhost:37505|admin:localhost:38193|client:localhost:45367|dataStream:localhost:33575|priority:0|startupRole:FOLLOWER]|listeners:[], old=null, confs=<EMPTY_MAP>
2023-03-13 09:53:23,524 [s3-groupManagement] INFO  server.RaftServerConfigKeys (ConfUtils.java:logGet(46)) - raft.server.notification.no-leader.timeout = 60s (default)
2023-03-13 09:53:23,524 [s3-groupManagement] INFO  server.RaftServerConfigKeys (ConfUtils.java:logGet(46)) - raft.server.read.timeout = 10s (default)
2023-03-13 09:53:23,524 [s3-groupManagement] INFO  server.RaftServerConfigKeys (ConfUtils.java:logGet(46)) - raft.server.retrycache.expirytime = 60s (default)
2023-03-13 09:53:23,524 [s3-groupManagement] INFO  server.RaftServerConfigKeys (ConfUtils.java:logGet(46)) - raft.server.retrycache.statistics.expirytime = 100μs (default)
2023-03-13 09:53:23,524 [s3-groupManagement] INFO  server.RaftServerConfigKeys (ConfUtils.java:logGet(46)) - raft.server.read.option = DEFAULT (default)
2023-03-13 09:53:23,526 [s3-groupManagement] INFO  server.RaftServerConfigKeys (ConfUtils.java:logGet(46)) - raft.server.log.appender.install.snapshot.enabled = true (default)
2023-03-13 09:53:23,526 [s3-groupManagement] INFO  server.RaftServerConfigKeys (ConfUtils.java:logGet(46)) - raft.server.threadpool.server.cached = true (default)
2023-03-13 09:53:23,526 [s3-groupManagement] INFO  server.RaftServerConfigKeys (ConfUtils.java:logGet(46)) - raft.server.threadpool.server.size = 0 (default)
2023-03-13 09:53:23,526 [s3-groupManagement] INFO  server.RaftServerConfigKeys (ConfUtils.java:logGet(46)) - raft.server.threadpool.client.cached = true (default)
2023-03-13 09:53:23,526 [s3-groupManagement] INFO  server.RaftServerConfigKeys (ConfUtils.java:logGet(46)) - raft.server.threadpool.client.size = 0 (default)
2023-03-13 09:53:23,527 [Time-limited test] INFO  server.RaftServer (RaftServerProxy.java:addNew(99)) - s4: addNew group-C1EBCFF19CDA:[s3|rpc:localhost:36161|admin:localhost:45145|client:localhost:33773|dataStream:localhost:34673|priority:0|startupRole:FOLLOWER, s4|rpc:localhost:46159|admin:localhost:33017|client:localhost:38269|dataStream:localhost:46577|priority:0|startupRole:FOLLOWER, s0|rpc:localhost:42037|admin:localhost:35933|client:localhost:37745|dataStream:localhost:46027|priority:0|startupRole:FOLLOWER, s1|rpc:localhost:42415|admin:localhost:39681|client:localhost:39407|dataStream:localhost:35133|priority:0|startupRole:FOLLOWER, s2|rpc:localhost:37505|admin:localhost:38193|client:localhost:45367|dataStream:localhost:33575|priority:0|startupRole:FOLLOWER] returns group-C1EBCFF19CDA:java.util.concurrent.CompletableFuture@6c597aa9[Not completed]
2023-03-13 09:53:23,527 [Time-limited test] INFO  impl.MiniRaftCluster (MiniRaftCluster.java:newRaftServer(382)) - newRaftServer: s0, group-C1EBCFF19CDA:[s3|rpc:localhost:36161|admin:localhost:45145|client:localhost:33773|dataStream:localhost:34673|priority:0|startupRole:FOLLOWER, s4|rpc:localhost:46159|admin:localhost:33017|client:localhost:38269|dataStream:localhost:46577|priority:0|startupRole:FOLLOWER, s0|rpc:localhost:42037|admin:localhost:35933|client:localhost:37745|dataStream:localhost:46027|priority:0|startupRole:FOLLOWER, s1|rpc:localhost:42415|admin:localhost:39681|client:localhost:39407|dataStream:localhost:35133|priority:0|startupRole:FOLLOWER, s2|rpc:localhost:37505|admin:localhost:38193|client:localhost:45367|dataStream:localhost:33575|priority:0|startupRole:FOLLOWER], format? true
2023-03-13 09:53:23,527 [Time-limited test] TRACE util.FileUtils (FileUtils.java:deleteFully(201)) - deleteFully target/test/data/90b8f655/MiniRaftClusterWithSimulatedRpce9487a77/s0
2023-03-13 09:53:23,527 [Time-limited test] TRACE util.FileUtils (FileUtils.java:deleteFully(217)) - deleteFully: target/test/data/90b8f655/MiniRaftClusterWithSimulatedRpce9487a77/s0 does not exist.
2023-03-13 09:53:23,527 [Time-limited test] INFO  impl.MiniRaftCluster (MiniRaftCluster.java:newRaftServer(387)) - Formatted directory target/test/data/90b8f655/MiniRaftClusterWithSimulatedRpce9487a77/s0
2023-03-13 09:53:23,527 [Time-limited test] INFO  server.RaftServer (ConfUtils.java:logGet(46)) - raft.rpc.type = org.apache.ratis.server.simulation.SimulatedRpc (custom)
2023-03-13 09:53:23,527 [Time-limited test] INFO  impl.DataStreamServerImpl (ConfUtils.java:logGet(46)) - raft.datastream.type = DISABLED (default)
2023-03-13 09:53:23,527 [Time-limited test] INFO  server.RaftServerConfigKeys (ConfUtils.java:logGet(46)) - raft.server.threadpool.proxy.cached = true (default)
2023-03-13 09:53:23,527 [Time-limited test] INFO  server.RaftServerConfigKeys (ConfUtils.java:logGet(46)) - raft.server.threadpool.proxy.size = 0 (default)
2023-03-13 09:53:23,527 [Time-limited test] INFO  server.RaftServerConfigKeys (ConfUtils.java:logGet(46)) - raft.server.rpc.slowness.timeout = 60s (default)
2023-03-13 09:53:23,527 [Time-limited test] INFO  server.RaftServerConfigKeys (ConfUtils.java:logGet(46)) - raft.server.leaderelection.leader.step-down.wait-time = 10s (default)
2023-03-13 09:53:23,527 [Time-limited test] INFO  server.RaftServerConfigKeys (ConfUtils.java:logGet(46)) - raft.server.storage.dir = [/home/runner/work/ratis/ratis/ratis-test/target/test/data/90b8f655/MiniRaftClusterWithSimulatedRpce9487a77/s0] (custom)
2023-03-13 09:53:23,528 [s4-groupManagement] INFO  server.RaftServer$Division (RaftServerImpl.java:<init>(198)) - s4: new RaftServerImpl for group-C1EBCFF19CDA:[s3|rpc:localhost:36161|admin:localhost:45145|client:localhost:33773|dataStream:localhost:34673|priority:0|startupRole:FOLLOWER, s4|rpc:localhost:46159|admin:localhost:33017|client:localhost:38269|dataStream:localhost:46577|priority:0|startupRole:FOLLOWER, s0|rpc:localhost:42037|admin:localhost:35933|client:localhost:37745|dataStream:localhost:46027|priority:0|startupRole:FOLLOWER, s1|rpc:localhost:42415|admin:localhost:39681|client:localhost:39407|dataStream:localhost:35133|priority:0|startupRole:FOLLOWER, s2|rpc:localhost:37505|admin:localhost:38193|client:localhost:45367|dataStream:localhost:33575|priority:0|startupRole:FOLLOWER] with BaseStateMachine:uninitialized
2023-03-13 09:53:23,528 [s4-groupManagement] INFO  server.RaftServerConfigKeys (ConfUtils.java:logGet(46)) - raft.server.rpc.timeout.min = 150ms (default)
2023-03-13 09:53:23,528 [s4-groupManagement] INFO  server.RaftServerConfigKeys (ConfUtils.java:logGet(46)) - raft.server.rpc.timeout.max = 300ms (default)
2023-03-13 09:53:23,528 [s4-groupManagement] INFO  server.RaftServerConfigKeys (ConfUtils.java:logGet(46)) - raft.server.rpc.sleep.time = 25ms (default)
2023-03-13 09:53:23,528 [s4-groupManagement] INFO  server.RaftServerConfigKeys (ConfUtils.java:logGet(46)) - raft.server.rpc.slowness.timeout = 60s (default)
2023-03-13 09:53:23,528 [s4-groupManagement] INFO  server.RaftServerConfigKeys (ConfUtils.java:logGet(46)) - raft.server.leaderelection.leader.step-down.wait-time = 10s (default)
2023-03-13 09:53:23,528 [s4-groupManagement] INFO  server.RaftServerConfigKeys (ConfUtils.java:logGet(46)) - raft.server.sleep.deviation.threshold = 300ms (default)
2023-03-13 09:53:23,528 [s4-groupManagement] INFO  server.RaftServer$Division (ServerState.java:<init>(113)) - s4@group-C1EBCFF19CDA: ConfigurationManager, init=-1: peers:[s3|rpc:localhost:36161|admin:localhost:45145|client:localhost:33773|dataStream:localhost:34673|priority:0|startupRole:FOLLOWER, s4|rpc:localhost:46159|admin:localhost:33017|client:localhost:38269|dataStream:localhost:46577|priority:0|startupRole:FOLLOWER, s0|rpc:localhost:42037|admin:localhost:35933|client:localhost:37745|dataStream:localhost:46027|priority:0|startupRole:FOLLOWER, s1|rpc:localhost:42415|admin:localhost:39681|client:localhost:39407|dataStream:localhost:35133|priority:0|startupRole:FOLLOWER, s2|rpc:localhost:37505|admin:localhost:38193|client:localhost:45367|dataStream:localhost:33575|priority:0|startupRole:FOLLOWER]|listeners:[], old=null, confs=<EMPTY_MAP>
2023-03-13 09:53:23,528 [s4-groupManagement] INFO  server.RaftServerConfigKeys (ConfUtils.java:logGet(46)) - raft.server.notification.no-leader.timeout = 60s (default)
2023-03-13 09:53:23,528 [s4-groupManagement] INFO  server.RaftServerConfigKeys (ConfUtils.java:logGet(46)) - raft.server.read.timeout = 10s (default)
2023-03-13 09:53:23,528 [s4-groupManagement] INFO  server.RaftServerConfigKeys (ConfUtils.java:logGet(46)) - raft.server.retrycache.expirytime = 60s (default)
2023-03-13 09:53:23,528 [s4-groupManagement] INFO  server.RaftServerConfigKeys (ConfUtils.java:logGet(46)) - raft.server.retrycache.statistics.expirytime = 100μs (default)
2023-03-13 09:53:23,528 [s4-groupManagement] INFO  server.RaftServerConfigKeys (ConfUtils.java:logGet(46)) - raft.server.read.option = DEFAULT (default)
2023-03-13 09:53:23,530 [s4-groupManagement] INFO  server.RaftServerConfigKeys (ConfUtils.java:logGet(46)) - raft.server.log.appender.install.snapshot.enabled = true (default)
2023-03-13 09:53:23,530 [s4-groupManagement] INFO  server.RaftServerConfigKeys (ConfUtils.java:logGet(46)) - raft.server.threadpool.server.cached = true (default)
2023-03-13 09:53:23,530 [s4-groupManagement] INFO  server.RaftServerConfigKeys (ConfUtils.java:logGet(46)) - raft.server.threadpool.server.size = 0 (default)
2023-03-13 09:53:23,530 [s4-groupManagement] INFO  server.RaftServerConfigKeys (ConfUtils.java:logGet(46)) - raft.server.threadpool.client.cached = true (default)
2023-03-13 09:53:23,530 [s4-groupManagement] INFO  server.RaftServerConfigKeys (ConfUtils.java:logGet(46)) - raft.server.threadpool.client.size = 0 (default)
2023-03-13 09:53:23,539 [Time-limited test] INFO  server.RaftServer (RaftServerProxy.java:addNew(99)) - s0: addNew group-C1EBCFF19CDA:[s3|rpc:localhost:36161|admin:localhost:45145|client:localhost:33773|dataStream:localhost:34673|priority:0|startupRole:FOLLOWER, s4|rpc:localhost:46159|admin:localhost:33017|client:localhost:38269|dataStream:localhost:46577|priority:0|startupRole:FOLLOWER, s0|rpc:localhost:42037|admin:localhost:35933|client:localhost:37745|dataStream:localhost:46027|priority:0|startupRole:FOLLOWER, s1|rpc:localhost:42415|admin:localhost:39681|client:localhost:39407|dataStream:localhost:35133|priority:0|startupRole:FOLLOWER, s2|rpc:localhost:37505|admin:localhost:38193|client:localhost:45367|dataStream:localhost:33575|priority:0|startupRole:FOLLOWER] returns group-C1EBCFF19CDA:java.util.concurrent.CompletableFuture@30756d3e[Not completed]
2023-03-13 09:53:23,539 [Time-limited test] INFO  impl.MiniRaftCluster (MiniRaftCluster.java:newRaftServer(382)) - newRaftServer: s1, group-C1EBCFF19CDA:[s3|rpc:localhost:36161|admin:localhost:45145|client:localhost:33773|dataStream:localhost:34673|priority:0|startupRole:FOLLOWER, s4|rpc:localhost:46159|admin:localhost:33017|client:localhost:38269|dataStream:localhost:46577|priority:0|startupRole:FOLLOWER, s0|rpc:localhost:42037|admin:localhost:35933|client:localhost:37745|dataStream:localhost:46027|priority:0|startupRole:FOLLOWER, s1|rpc:localhost:42415|admin:localhost:39681|client:localhost:39407|dataStream:localhost:35133|priority:0|startupRole:FOLLOWER, s2|rpc:localhost:37505|admin:localhost:38193|client:localhost:45367|dataStream:localhost:33575|priority:0|startupRole:FOLLOWER], format? true
2023-03-13 09:53:23,539 [Time-limited test] TRACE util.FileUtils (FileUtils.java:deleteFully(201)) - deleteFully target/test/data/90b8f655/MiniRaftClusterWithSimulatedRpce9487a77/s1
2023-03-13 09:53:23,539 [Time-limited test] TRACE util.FileUtils (FileUtils.java:deleteFully(217)) - deleteFully: target/test/data/90b8f655/MiniRaftClusterWithSimulatedRpce9487a77/s1 does not exist.
2023-03-13 09:53:23,539 [Time-limited test] INFO  impl.MiniRaftCluster (MiniRaftCluster.java:newRaftServer(387)) - Formatted directory target/test/data/90b8f655/MiniRaftClusterWithSimulatedRpce9487a77/s1
2023-03-13 09:53:23,539 [Time-limited test] INFO  server.RaftServer (ConfUtils.java:logGet(46)) - raft.rpc.type = org.apache.ratis.server.simulation.SimulatedRpc (custom)
2023-03-13 09:53:23,539 [Time-limited test] INFO  impl.DataStreamServerImpl (ConfUtils.java:logGet(46)) - raft.datastream.type = DISABLED (default)
2023-03-13 09:53:23,539 [Time-limited test] INFO  server.RaftServerConfigKeys (ConfUtils.java:logGet(46)) - raft.server.threadpool.proxy.cached = true (default)
2023-03-13 09:53:23,539 [Time-limited test] INFO  server.RaftServerConfigKeys (ConfUtils.java:logGet(46)) - raft.server.threadpool.proxy.size = 0 (default)
2023-03-13 09:53:23,539 [Time-limited test] INFO  server.RaftServerConfigKeys (ConfUtils.java:logGet(46)) - raft.server.rpc.slowness.timeout = 60s (default)
2023-03-13 09:53:23,540 [Time-limited test] INFO  server.RaftServerConfigKeys (ConfUtils.java:logGet(46)) - raft.server.leaderelection.leader.step-down.wait-time = 10s (default)
2023-03-13 09:53:23,540 [Time-limited test] INFO  server.RaftServerConfigKeys (ConfUtils.java:logGet(46)) - raft.server.storage.dir = [/home/runner/work/ratis/ratis/ratis-test/target/test/data/90b8f655/MiniRaftClusterWithSimulatedRpce9487a77/s1] (custom)
2023-03-13 09:53:23,540 [s0-groupManagement] INFO  server.RaftServer$Division (RaftServerImpl.java:<init>(198)) - s0: new RaftServerImpl for group-C1EBCFF19CDA:[s3|rpc:localhost:36161|admin:localhost:45145|client:localhost:33773|dataStream:localhost:34673|priority:0|startupRole:FOLLOWER, s4|rpc:localhost:46159|admin:localhost:33017|client:localhost:38269|dataStream:localhost:46577|priority:0|startupRole:FOLLOWER, s0|rpc:localhost:42037|admin:localhost:35933|client:localhost:37745|dataStream:localhost:46027|priority:0|startupRole:FOLLOWER, s1|rpc:localhost:42415|admin:localhost:39681|client:localhost:39407|dataStream:localhost:35133|priority:0|startupRole:FOLLOWER, s2|rpc:localhost:37505|admin:localhost:38193|client:localhost:45367|dataStream:localhost:33575|priority:0|startupRole:FOLLOWER] with BaseStateMachine:uninitialized
2023-03-13 09:53:23,540 [s0-groupManagement] INFO  server.RaftServerConfigKeys (ConfUtils.java:logGet(46)) - raft.server.rpc.timeout.min = 150ms (default)
2023-03-13 09:53:23,540 [s0-groupManagement] INFO  server.RaftServerConfigKeys (ConfUtils.java:logGet(46)) - raft.server.rpc.timeout.max = 300ms (default)
2023-03-13 09:53:23,540 [s0-groupManagement] INFO  server.RaftServerConfigKeys (ConfUtils.java:logGet(46)) - raft.server.rpc.sleep.time = 25ms (default)
2023-03-13 09:53:23,540 [s0-groupManagement] INFO  server.RaftServerConfigKeys (ConfUtils.java:logGet(46)) - raft.server.rpc.slowness.timeout = 60s (default)
2023-03-13 09:53:23,540 [s0-groupManagement] INFO  server.RaftServerConfigKeys (ConfUtils.java:logGet(46)) - raft.server.leaderelection.leader.step-down.wait-time = 10s (default)
2023-03-13 09:53:23,540 [s0-groupManagement] INFO  server.RaftServerConfigKeys (ConfUtils.java:logGet(46)) - raft.server.sleep.deviation.threshold = 300ms (default)
2023-03-13 09:53:23,540 [s0-groupManagement] INFO  server.RaftServer$Division (ServerState.java:<init>(113)) - s0@group-C1EBCFF19CDA: ConfigurationManager, init=-1: peers:[s3|rpc:localhost:36161|admin:localhost:45145|client:localhost:33773|dataStream:localhost:34673|priority:0|startupRole:FOLLOWER, s4|rpc:localhost:46159|admin:localhost:33017|client:localhost:38269|dataStream:localhost:46577|priority:0|startupRole:FOLLOWER, s0|rpc:localhost:42037|admin:localhost:35933|client:localhost:37745|dataStream:localhost:46027|priority:0|startupRole:FOLLOWER, s1|rpc:localhost:42415|admin:localhost:39681|client:localhost:39407|dataStream:localhost:35133|priority:0|startupRole:FOLLOWER, s2|rpc:localhost:37505|admin:localhost:38193|client:localhost:45367|dataStream:localhost:33575|priority:0|startupRole:FOLLOWER]|listeners:[], old=null, confs=<EMPTY_MAP>
2023-03-13 09:53:23,540 [s0-groupManagement] INFO  server.RaftServerConfigKeys (ConfUtils.java:logGet(46)) - raft.server.notification.no-leader.timeout = 60s (default)
2023-03-13 09:53:23,540 [s0-groupManagement] INFO  server.RaftServerConfigKeys (ConfUtils.java:logGet(46)) - raft.server.read.timeout = 10s (default)
2023-03-13 09:53:23,540 [s0-groupManagement] INFO  server.RaftServerConfigKeys (ConfUtils.java:logGet(46)) - raft.server.retrycache.expirytime = 60s (default)
2023-03-13 09:53:23,540 [s0-groupManagement] INFO  server.RaftServerConfigKeys (ConfUtils.java:logGet(46)) - raft.server.retrycache.statistics.expirytime = 100μs (default)
2023-03-13 09:53:23,541 [s0-groupManagement] INFO  server.RaftServerConfigKeys (ConfUtils.java:logGet(46)) - raft.server.read.option = DEFAULT (default)
2023-03-13 09:53:23,542 [s0-groupManagement] INFO  server.RaftServerConfigKeys (ConfUtils.java:logGet(46)) - raft.server.log.appender.install.snapshot.enabled = true (default)
2023-03-13 09:53:23,542 [s0-groupManagement] INFO  server.RaftServerConfigKeys (ConfUtils.java:logGet(46)) - raft.server.threadpool.server.cached = true (default)
2023-03-13 09:53:23,542 [s0-groupManagement] INFO  server.RaftServerConfigKeys (ConfUtils.java:logGet(46)) - raft.server.threadpool.server.size = 0 (default)
2023-03-13 09:53:23,542 [s0-groupManagement] INFO  server.RaftServerConfigKeys (ConfUtils.java:logGet(46)) - raft.server.threadpool.client.cached = true (default)
2023-03-13 09:53:23,542 [s0-groupManagement] INFO  server.RaftServerConfigKeys (ConfUtils.java:logGet(46)) - raft.server.threadpool.client.size = 0 (default)
2023-03-13 09:53:23,543 [Time-limited test] INFO  server.RaftServer (RaftServerProxy.java:addNew(99)) - s1: addNew group-C1EBCFF19CDA:[s3|rpc:localhost:36161|admin:localhost:45145|client:localhost:33773|dataStream:localhost:34673|priority:0|startupRole:FOLLOWER, s4|rpc:localhost:46159|admin:localhost:33017|client:localhost:38269|dataStream:localhost:46577|priority:0|startupRole:FOLLOWER, s0|rpc:localhost:42037|admin:localhost:35933|client:localhost:37745|dataStream:localhost:46027|priority:0|startupRole:FOLLOWER, s1|rpc:localhost:42415|admin:localhost:39681|client:localhost:39407|dataStream:localhost:35133|priority:0|startupRole:FOLLOWER, s2|rpc:localhost:37505|admin:localhost:38193|client:localhost:45367|dataStream:localhost:33575|priority:0|startupRole:FOLLOWER] returns group-C1EBCFF19CDA:java.util.concurrent.CompletableFuture@39afa064[Not completed]
2023-03-13 09:53:23,543 [Time-limited test] INFO  impl.MiniRaftCluster (MiniRaftCluster.java:newRaftServer(382)) - newRaftServer: s2, group-C1EBCFF19CDA:[s3|rpc:localhost:36161|admin:localhost:45145|client:localhost:33773|dataStream:localhost:34673|priority:0|startupRole:FOLLOWER, s4|rpc:localhost:46159|admin:localhost:33017|client:localhost:38269|dataStream:localhost:46577|priority:0|startupRole:FOLLOWER, s0|rpc:localhost:42037|admin:localhost:35933|client:localhost:37745|dataStream:localhost:46027|priority:0|startupRole:FOLLOWER, s1|rpc:localhost:42415|admin:localhost:39681|client:localhost:39407|dataStream:localhost:35133|priority:0|startupRole:FOLLOWER, s2|rpc:localhost:37505|admin:localhost:38193|client:localhost:45367|dataStream:localhost:33575|priority:0|startupRole:FOLLOWER], format? true
2023-03-13 09:53:23,543 [Time-limited test] TRACE util.FileUtils (FileUtils.java:deleteFully(201)) - deleteFully target/test/data/90b8f655/MiniRaftClusterWithSimulatedRpce9487a77/s2
2023-03-13 09:53:23,543 [Time-limited test] TRACE util.FileUtils (FileUtils.java:deleteFully(217)) - deleteFully: target/test/data/90b8f655/MiniRaftClusterWithSimulatedRpce9487a77/s2 does not exist.
2023-03-13 09:53:23,543 [Time-limited test] INFO  impl.MiniRaftCluster (MiniRaftCluster.java:newRaftServer(387)) - Formatted directory target/test/data/90b8f655/MiniRaftClusterWithSimulatedRpce9487a77/s2
2023-03-13 09:53:23,543 [Time-limited test] INFO  server.RaftServer (ConfUtils.java:logGet(46)) - raft.rpc.type = org.apache.ratis.server.simulation.SimulatedRpc (custom)
2023-03-13 09:53:23,543 [Time-limited test] INFO  impl.DataStreamServerImpl (ConfUtils.java:logGet(46)) - raft.datastream.type = DISABLED (default)
2023-03-13 09:53:23,543 [Time-limited test] INFO  server.RaftServerConfigKeys (ConfUtils.java:logGet(46)) - raft.server.threadpool.proxy.cached = true (default)
2023-03-13 09:53:23,543 [Time-limited test] INFO  server.RaftServerConfigKeys (ConfUtils.java:logGet(46)) - raft.server.threadpool.proxy.size = 0 (default)
2023-03-13 09:53:23,543 [Time-limited test] INFO  server.RaftServerConfigKeys (ConfUtils.java:logGet(46)) - raft.server.rpc.slowness.timeout = 60s (default)
2023-03-13 09:53:23,544 [Time-limited test] INFO  server.RaftServerConfigKeys (ConfUtils.java:logGet(46)) - raft.server.leaderelection.leader.step-down.wait-time = 10s (default)
2023-03-13 09:53:23,544 [Time-limited test] INFO  server.RaftServerConfigKeys (ConfUtils.java:logGet(46)) - raft.server.storage.dir = [/home/runner/work/ratis/ratis/ratis-test/target/test/data/90b8f655/MiniRaftClusterWithSimulatedRpce9487a77/s2] (custom)
2023-03-13 09:53:23,544 [s1-groupManagement] INFO  server.RaftServer$Division (RaftServerImpl.java:<init>(198)) - s1: new RaftServerImpl for group-C1EBCFF19CDA:[s3|rpc:localhost:36161|admin:localhost:45145|client:localhost:33773|dataStream:localhost:34673|priority:0|startupRole:FOLLOWER, s4|rpc:localhost:46159|admin:localhost:33017|client:localhost:38269|dataStream:localhost:46577|priority:0|startupRole:FOLLOWER, s0|rpc:localhost:42037|admin:localhost:35933|client:localhost:37745|dataStream:localhost:46027|priority:0|startupRole:FOLLOWER, s1|rpc:localhost:42415|admin:localhost:39681|client:localhost:39407|dataStream:localhost:35133|priority:0|startupRole:FOLLOWER, s2|rpc:localhost:37505|admin:localhost:38193|client:localhost:45367|dataStream:localhost:33575|priority:0|startupRole:FOLLOWER] with BaseStateMachine:uninitialized
2023-03-13 09:53:23,544 [s1-groupManagement] INFO  server.RaftServerConfigKeys (ConfUtils.java:logGet(46)) - raft.server.rpc.timeout.min = 150ms (default)
2023-03-13 09:53:23,544 [s1-groupManagement] INFO  server.RaftServerConfigKeys (ConfUtils.java:logGet(46)) - raft.server.rpc.timeout.max = 300ms (default)
2023-03-13 09:53:23,544 [s1-groupManagement] INFO  server.RaftServerConfigKeys (ConfUtils.java:logGet(46)) - raft.server.rpc.sleep.time = 25ms (default)
2023-03-13 09:53:23,544 [s1-groupManagement] INFO  server.RaftServerConfigKeys (ConfUtils.java:logGet(46)) - raft.server.rpc.slowness.timeout = 60s (default)
2023-03-13 09:53:23,544 [s1-groupManagement] INFO  server.RaftServerConfigKeys (ConfUtils.java:logGet(46)) - raft.server.leaderelection.leader.step-down.wait-time = 10s (default)
2023-03-13 09:53:23,544 [s1-groupManagement] INFO  server.RaftServerConfigKeys (ConfUtils.java:logGet(46)) - raft.server.sleep.deviation.threshold = 300ms (default)
2023-03-13 09:53:23,544 [s1-groupManagement] INFO  server.RaftServer$Division (ServerState.java:<init>(113)) - s1@group-C1EBCFF19CDA: ConfigurationManager, init=-1: peers:[s3|rpc:localhost:36161|admin:localhost:45145|client:localhost:33773|dataStream:localhost:34673|priority:0|startupRole:FOLLOWER, s4|rpc:localhost:46159|admin:localhost:33017|client:localhost:38269|dataStream:localhost:46577|priority:0|startupRole:FOLLOWER, s0|rpc:localhost:42037|admin:localhost:35933|client:localhost:37745|dataStream:localhost:46027|priority:0|startupRole:FOLLOWER, s1|rpc:localhost:42415|admin:localhost:39681|client:localhost:39407|dataStream:localhost:35133|priority:0|startupRole:FOLLOWER, s2|rpc:localhost:37505|admin:localhost:38193|client:localhost:45367|dataStream:localhost:33575|priority:0|startupRole:FOLLOWER]|listeners:[], old=null, confs=<EMPTY_MAP>
2023-03-13 09:53:23,544 [s1-groupManagement] INFO  server.RaftServerConfigKeys (ConfUtils.java:logGet(46)) - raft.server.notification.no-leader.timeout = 60s (default)
2023-03-13 09:53:23,544 [s1-groupManagement] INFO  server.RaftServerConfigKeys (ConfUtils.java:logGet(46)) - raft.server.read.timeout = 10s (default)
2023-03-13 09:53:23,544 [s1-groupManagement] INFO  server.RaftServerConfigKeys (ConfUtils.java:logGet(46)) - raft.server.retrycache.expirytime = 60s (default)
2023-03-13 09:53:23,544 [s1-groupManagement] INFO  server.RaftServerConfigKeys (ConfUtils.java:logGet(46)) - raft.server.retrycache.statistics.expirytime = 100μs (default)
2023-03-13 09:53:23,544 [s1-groupManagement] INFO  server.RaftServerConfigKeys (ConfUtils.java:logGet(46)) - raft.server.read.option = DEFAULT (default)
2023-03-13 09:53:23,546 [s1-groupManagement] INFO  server.RaftServerConfigKeys (ConfUtils.java:logGet(46)) - raft.server.log.appender.install.snapshot.enabled = true (default)
2023-03-13 09:53:23,546 [s1-groupManagement] INFO  server.RaftServerConfigKeys (ConfUtils.java:logGet(46)) - raft.server.threadpool.server.cached = true (default)
2023-03-13 09:53:23,546 [s1-groupManagement] INFO  server.RaftServerConfigKeys (ConfUtils.java:logGet(46)) - raft.server.threadpool.server.size = 0 (default)
2023-03-13 09:53:23,546 [s1-groupManagement] INFO  server.RaftServerConfigKeys (ConfUtils.java:logGet(46)) - raft.server.threadpool.client.cached = true (default)
2023-03-13 09:53:23,546 [s1-groupManagement] INFO  server.RaftServerConfigKeys (ConfUtils.java:logGet(46)) - raft.server.threadpool.client.size = 0 (default)
2023-03-13 09:53:23,546 [Time-limited test] INFO  server.RaftServer (RaftServerProxy.java:addNew(99)) - s2: addNew group-C1EBCFF19CDA:[s3|rpc:localhost:36161|admin:localhost:45145|client:localhost:33773|dataStream:localhost:34673|priority:0|startupRole:FOLLOWER, s4|rpc:localhost:46159|admin:localhost:33017|client:localhost:38269|dataStream:localhost:46577|priority:0|startupRole:FOLLOWER, s0|rpc:localhost:42037|admin:localhost:35933|client:localhost:37745|dataStream:localhost:46027|priority:0|startupRole:FOLLOWER, s1|rpc:localhost:42415|admin:localhost:39681|client:localhost:39407|dataStream:localhost:35133|priority:0|startupRole:FOLLOWER, s2|rpc:localhost:37505|admin:localhost:38193|client:localhost:45367|dataStream:localhost:33575|priority:0|startupRole:FOLLOWER] returns group-C1EBCFF19CDA:java.util.concurrent.CompletableFuture@6429c8e9[Not completed]
2023-03-13 09:53:23,547 [s3-impl-thread1] INFO  server.RaftServerConfigKeys (ConfUtils.java:logGet(46)) - raft.server.storage.free-space.min = 0MB (=0) (default)
2023-03-13 09:53:23,547 [s3-impl-thread1] INFO  server.RaftServerConfigKeys (ConfUtils.java:logGet(46)) - raft.server.log.corruption.policy = EXCEPTION (default)
2023-03-13 09:53:23,547 [s3-impl-thread1] INFO  server.RaftServerConfigKeys (ConfUtils.java:logGet(46)) - raft.server.storage.dir = [/home/runner/work/ratis/ratis/ratis-test/target/test/data/90b8f655/MiniRaftClusterWithSimulatedRpce9487a77/s3] (custom)
2023-03-13 09:53:23,547 [s3-impl-thread1] INFO  storage.RaftStorageDirectory (RaftStorageDirectoryImpl.java:analyzeStorage(138)) - The storage directory /home/runner/work/ratis/ratis/ratis-test/target/test/data/90b8f655/MiniRaftClusterWithSimulatedRpce9487a77/s3/a666b7eb-6872-4d74-a204-c1ebcff19cda does not exist. Creating ...
2023-03-13 09:53:23,547 [s3-impl-thread1] TRACE util.FileUtils (LogUtils.java:runAndLog(49)) - Successfully ran Files.createDirectories /home/runner/work/ratis/ratis/ratis-test/target/test/data/90b8f655/MiniRaftClusterWithSimulatedRpce9487a77/s3/a666b7eb-6872-4d74-a204-c1ebcff19cda
2023-03-13 09:53:23,548 [s2-groupManagement] INFO  server.RaftServer$Division (RaftServerImpl.java:<init>(198)) - s2: new RaftServerImpl for group-C1EBCFF19CDA:[s3|rpc:localhost:36161|admin:localhost:45145|client:localhost:33773|dataStream:localhost:34673|priority:0|startupRole:FOLLOWER, s4|rpc:localhost:46159|admin:localhost:33017|client:localhost:38269|dataStream:localhost:46577|priority:0|startupRole:FOLLOWER, s0|rpc:localhost:42037|admin:localhost:35933|client:localhost:37745|dataStream:localhost:46027|priority:0|startupRole:FOLLOWER, s1|rpc:localhost:42415|admin:localhost:39681|client:localhost:39407|dataStream:localhost:35133|priority:0|startupRole:FOLLOWER, s2|rpc:localhost:37505|admin:localhost:38193|client:localhost:45367|dataStream:localhost:33575|priority:0|startupRole:FOLLOWER] with BaseStateMachine:uninitialized
2023-03-13 09:53:23,548 [s2-groupManagement] INFO  server.RaftServerConfigKeys (ConfUtils.java:logGet(46)) - raft.server.rpc.timeout.min = 150ms (default)
2023-03-13 09:53:23,548 [s2-groupManagement] INFO  server.RaftServerConfigKeys (ConfUtils.java:logGet(46)) - raft.server.rpc.timeout.max = 300ms (default)
2023-03-13 09:53:23,548 [s2-groupManagement] INFO  server.RaftServerConfigKeys (ConfUtils.java:logGet(46)) - raft.server.rpc.sleep.time = 25ms (default)
2023-03-13 09:53:23,548 [s2-groupManagement] INFO  server.RaftServerConfigKeys (ConfUtils.java:logGet(46)) - raft.server.rpc.slowness.timeout = 60s (default)
2023-03-13 09:53:23,548 [s2-groupManagement] INFO  server.RaftServerConfigKeys (ConfUtils.java:logGet(46)) - raft.server.leaderelection.leader.step-down.wait-time = 10s (default)
2023-03-13 09:53:23,548 [s2-groupManagement] INFO  server.RaftServerConfigKeys (ConfUtils.java:logGet(46)) - raft.server.sleep.deviation.threshold = 300ms (default)
2023-03-13 09:53:23,548 [s2-groupManagement] INFO  server.RaftServer$Division (ServerState.java:<init>(113)) - s2@group-C1EBCFF19CDA: ConfigurationManager, init=-1: peers:[s3|rpc:localhost:36161|admin:localhost:45145|client:localhost:33773|dataStream:localhost:34673|priority:0|startupRole:FOLLOWER, s4|rpc:localhost:46159|admin:localhost:33017|client:localhost:38269|dataStream:localhost:46577|priority:0|startupRole:FOLLOWER, s0|rpc:localhost:42037|admin:localhost:35933|client:localhost:37745|dataStream:localhost:46027|priority:0|startupRole:FOLLOWER, s1|rpc:localhost:42415|admin:localhost:39681|client:localhost:39407|dataStream:localhost:35133|priority:0|startupRole:FOLLOWER, s2|rpc:localhost:37505|admin:localhost:38193|client:localhost:45367|dataStream:localhost:33575|priority:0|startupRole:FOLLOWER]|listeners:[], old=null, confs=<EMPTY_MAP>
2023-03-13 09:53:23,548 [s2-groupManagement] INFO  server.RaftServerConfigKeys (ConfUtils.java:logGet(46)) - raft.server.notification.no-leader.timeout = 60s (default)
2023-03-13 09:53:23,548 [s2-groupManagement] INFO  server.RaftServerConfigKeys (ConfUtils.java:logGet(46)) - raft.server.read.timeout = 10s (default)
2023-03-13 09:53:23,548 [s2-groupManagement] INFO  server.RaftServerConfigKeys (ConfUtils.java:logGet(46)) - raft.server.retrycache.expirytime = 60s (default)
2023-03-13 09:53:23,548 [s2-groupManagement] INFO  server.RaftServerConfigKeys (ConfUtils.java:logGet(46)) - raft.server.retrycache.statistics.expirytime = 100μs (default)
2023-03-13 09:53:23,548 [s2-groupManagement] INFO  server.RaftServerConfigKeys (ConfUtils.java:logGet(46)) - raft.server.read.option = DEFAULT (default)
2023-03-13 09:53:23,549 [s3-impl-thread1] INFO  storage.RaftStorageDirectory (RaftStorageDirectoryImpl.java:tryLock(232)) - Lock on /home/runner/work/ratis/ratis/ratis-test/target/test/data/90b8f655/MiniRaftClusterWithSimulatedRpce9487a77/s3/a666b7eb-6872-4d74-a204-c1ebcff19cda/in_use.lock acquired by nodename 8781@fv-az311-604
2023-03-13 09:53:23,550 [s3-impl-thread1] TRACE util.FileUtils (LogUtils.java:runAndLog(49)) - Successfully ran Files.createDirectories /home/runner/work/ratis/ratis/ratis-test/target/test/data/90b8f655/MiniRaftClusterWithSimulatedRpce9487a77/s3/a666b7eb-6872-4d74-a204-c1ebcff19cda/current
2023-03-13 09:53:23,550 [s3-impl-thread1] TRACE util.FileUtils (LogUtils.java:runAndLog(49)) - Successfully ran Files.createDirectories /home/runner/work/ratis/ratis/ratis-test/target/test/data/90b8f655/MiniRaftClusterWithSimulatedRpce9487a77/s3/a666b7eb-6872-4d74-a204-c1ebcff19cda/sm
2023-03-13 09:53:23,551 [s2-groupManagement] INFO  server.RaftServerConfigKeys (ConfUtils.java:logGet(46)) - raft.server.log.appender.install.snapshot.enabled = true (default)
2023-03-13 09:53:23,551 [s2-groupManagement] INFO  server.RaftServerConfigKeys (ConfUtils.java:logGet(46)) - raft.server.threadpool.server.cached = true (default)
2023-03-13 09:53:23,551 [s2-groupManagement] INFO  server.RaftServerConfigKeys (ConfUtils.java:logGet(46)) - raft.server.threadpool.server.size = 0 (default)
2023-03-13 09:53:23,551 [s2-groupManagement] INFO  server.RaftServerConfigKeys (ConfUtils.java:logGet(46)) - raft.server.threadpool.client.cached = true (default)
2023-03-13 09:53:23,551 [s2-groupManagement] INFO  server.RaftServerConfigKeys (ConfUtils.java:logGet(46)) - raft.server.threadpool.client.size = 0 (default)
2023-03-13 09:53:23,551 [s3-impl-thread1] INFO  storage.RaftStorage (RaftStorageImpl.java:format(96)) - Storage directory /home/runner/work/ratis/ratis/ratis-test/target/test/data/90b8f655/MiniRaftClusterWithSimulatedRpce9487a77/s3/a666b7eb-6872-4d74-a204-c1ebcff19cda has been successfully formatted.
2023-03-13 09:53:23,551 [s3-impl-thread1] INFO  server.RaftServerConfigKeys (ConfUtils.java:logGet(46)) - raft.server.log.use.memory = false (default)
2023-03-13 09:53:23,551 [s3-impl-thread1] INFO  server.RaftServerConfigKeys (ConfUtils.java:logGet(46)) - raft.server.log.purge.gap = 1024 (default)
2023-03-13 09:53:23,552 [s3-impl-thread1] INFO  server.RaftServerConfigKeys (ConfUtils.java:logGet(46)) - raft.server.log.appender.buffer.byte-limit = 4MB (=4194304) (default)
2023-03-13 09:53:23,552 [s3-impl-thread1] INFO  server.RaftServerConfigKeys (ConfUtils.java:logGet(46)) - raft.server.log.statemachine.data.read.timeout = 1000ms (default)
2023-03-13 09:53:23,552 [s3-impl-thread1] INFO  server.RaftServerConfigKeys (ConfUtils.java:logGet(46)) - raft.server.log.purge.preservation.log.num = 0 (default)
2023-03-13 09:53:23,552 [s3-impl-thread1] INFO  server.RaftServerConfigKeys (ConfUtils.java:logGet(46)) - raft.server.log.segment.size.max = 8MB (=8388608) (default)
2023-03-13 09:53:23,553 [s3-impl-thread1] INFO  server.RaftServerConfigKeys (ConfUtils.java:logGet(46)) - raft.server.log.segment.cache.num.max = 6 (default)
2023-03-13 09:53:23,553 [s3-impl-thread1] INFO  server.RaftServerConfigKeys (ConfUtils.java:logGet(46)) - raft.server.log.segment.cache.size.max = 200MB (=209715200) (default)
2023-03-13 09:53:23,553 [s3-impl-thread1] INFO  server.RaftServerConfigKeys (ConfUtils.java:logGet(46)) - raft.server.log.appender.buffer.byte-limit = 4MB (=4194304) (default)
2023-03-13 09:53:23,553 [s3-impl-thread1] INFO  segmented.SegmentedRaftLogWorker (SegmentedRaftLogWorker.java:<init>(183)) - new s3@group-C1EBCFF19CDA-SegmentedRaftLogWorker for RaftStorageImpl:Storage Directory /home/runner/work/ratis/ratis/ratis-test/target/test/data/90b8f655/MiniRaftClusterWithSimulatedRpce9487a77/s3/a666b7eb-6872-4d74-a204-c1ebcff19cda
2023-03-13 09:53:23,553 [s3-impl-thread1] INFO  server.RaftServerConfigKeys (ConfUtils.java:logGet(46)) - raft.server.log.queue.byte-limit = 64MB (=67108864) (default)
2023-03-13 09:53:23,553 [s3-impl-thread1] INFO  server.RaftServerConfigKeys (ConfUtils.java:logGet(46)) - raft.server.log.queue.element-limit = 4096 (default)
2023-03-13 09:53:23,553 [s3-impl-thread1] INFO  server.RaftServerConfigKeys (ConfUtils.java:logGet(46)) - raft.server.log.segment.size.max = 8MB (=8388608) (default)
2023-03-13 09:53:23,553 [s3-impl-thread1] INFO  server.RaftServerConfigKeys (ConfUtils.java:logGet(46)) - raft.server.log.preallocated.size = 4MB (=4194304) (default)
2023-03-13 09:53:23,553 [s3-impl-thread1] INFO  server.RaftServerConfigKeys (ConfUtils.java:logGet(46)) - raft.server.log.force.sync.num = 128 (default)
2023-03-13 09:53:23,553 [s3-impl-thread1] INFO  server.RaftServerConfigKeys (ConfUtils.java:logGet(46)) - raft.server.log.statemachine.data.sync = true (default)
2023-03-13 09:53:23,553 [s3-impl-thread1] INFO  server.RaftServerConfigKeys (ConfUtils.java:logGet(46)) - raft.server.log.statemachine.data.sync.timeout = 10s (default)
2023-03-13 09:53:23,553 [s3-impl-thread1] INFO  server.RaftServerConfigKeys (ConfUtils.java:logGet(46)) - raft.server.log.statemachine.data.sync.timeout.retry = -1 (default)
2023-03-13 09:53:23,553 [s3-impl-thread1] INFO  server.RaftServerConfigKeys (ConfUtils.java:logGet(46)) - raft.server.log.write.buffer.size = 64KB (=65536) (default)
2023-03-13 09:53:23,553 [s3-impl-thread1] INFO  server.RaftServerConfigKeys (ConfUtils.java:logGet(46)) - raft.server.log.appender.buffer.byte-limit = 4MB (=4194304) (default)
2023-03-13 09:53:23,555 [s3-impl-thread1] INFO  server.RaftServerConfigKeys (ConfUtils.java:logGet(46)) - raft.server.log.unsafe-flush.enabled = false (default)
2023-03-13 09:53:23,555 [s3-impl-thread1] INFO  server.RaftServerConfigKeys (ConfUtils.java:logGet(46)) - raft.server.log.async-flush.enabled = false (default)
2023-03-13 09:53:23,555 [s3-impl-thread1] INFO  server.RaftServerConfigKeys (ConfUtils.java:logGet(46)) - raft.server.log.statemachine.data.caching.enabled = false (default)
2023-03-13 09:53:23,555 [s3-impl-thread1] INFO  segmented.SegmentedRaftLogWorker (SegmentedRaftLogWorker.java:lambda$new$0(134)) - s3@group-C1EBCFF19CDA-SegmentedRaftLogWorker: flushIndex: setUnconditionally 0 -> -1
2023-03-13 09:53:23,555 [s3-impl-thread1] INFO  segmented.SegmentedRaftLogWorker (SegmentedRaftLogWorker.java:lambda$new$0(134)) - s3@group-C1EBCFF19CDA-SegmentedRaftLogWorker: safeCacheEvictIndex: setUnconditionally 0 -> -1
2023-03-13 09:53:23,556 [s3-impl-thread1] INFO  server.RaftServer$Division (RaftServerImpl.java:start(342)) - s3@group-C1EBCFF19CDA: start as a follower, conf=-1: peers:[s3|rpc:localhost:36161|admin:localhost:45145|client:localhost:33773|dataStream:localhost:34673|priority:0|startupRole:FOLLOWER, s4|rpc:localhost:46159|admin:localhost:33017|client:localhost:38269|dataStream:localhost:46577|priority:0|startupRole:FOLLOWER, s0|rpc:localhost:42037|admin:localhost:35933|client:localhost:37745|dataStream:localhost:46027|priority:0|startupRole:FOLLOWER, s1|rpc:localhost:42415|admin:localhost:39681|client:localhost:39407|dataStream:localhost:35133|priority:0|startupRole:FOLLOWER, s2|rpc:localhost:37505|admin:localhost:38193|client:localhost:45367|dataStream:localhost:33575|priority:0|startupRole:FOLLOWER]|listeners:[], old=null
2023-03-13 09:53:23,556 [s3-impl-thread1] INFO  server.RaftServer$Division (RaftServerImpl.java:setRole(329)) - s3@group-C1EBCFF19CDA: changes role from      null to FOLLOWER at term 0 for startAsFollower
2023-03-13 09:53:23,556 [s3-impl-thread1] INFO  impl.RoleInfo (RoleInfo.java:updateAndGet(139)) - s3: start s3@group-C1EBCFF19CDA-FollowerState
2023-03-13 09:53:23,556 [s3-impl-thread1] INFO  util.JmxRegister (JmxRegister.java:tryRegister(44)) - Successfully registered JMX Bean with object name Ratis:service=RaftServer,group=group-C1EBCFF19CDA,id=s3
2023-03-13 09:53:23,556 [s3-impl-thread1] INFO  server.RaftServerConfigKeys (ConfUtils.java:logGet(46)) - raft.server.snapshot.auto.trigger.enabled = false (default)
2023-03-13 09:53:23,556 [s3-impl-thread1] INFO  server.RaftServerConfigKeys (ConfUtils.java:logGet(46)) - raft.server.snapshot.retention.file.num = -1 (default)
2023-03-13 09:53:23,556 [s3-impl-thread1] INFO  server.RaftServerConfigKeys (ConfUtils.java:logGet(46)) - raft.server.log.purge.upto.snapshot.index = false (default)
2023-03-13 09:53:23,557 [s3@group-C1EBCFF19CDA-FollowerState] INFO  server.RaftServerConfigKeys (ConfUtils.java:logFallback(53)) - raft.server.rpc.first-election.timeout.min = 150ms (fallback to raft.server.rpc.timeout.min)
2023-03-13 09:53:23,557 [s3@group-C1EBCFF19CDA-FollowerState] INFO  server.RaftServerConfigKeys (ConfUtils.java:logFallback(53)) - raft.server.rpc.first-election.timeout.max = 300ms (fallback to raft.server.rpc.timeout.max)
2023-03-13 09:53:23,562 [Time-limited test] INFO  server.RaftServer (RaftServerProxy.java:startImpl(401)) - s3: start RPC server
2023-03-13 09:53:23,564 [JvmPauseMonitor4] INFO  util.JvmPauseMonitor (JvmPauseMonitor.java:run(103)) - JvmPauseMonitor-s3: Started
2023-03-13 09:53:23,564 [s4-impl-thread1] INFO  server.RaftServerConfigKeys (ConfUtils.java:logGet(46)) - raft.server.storage.free-space.min = 0MB (=0) (default)
2023-03-13 09:53:23,564 [s4-impl-thread1] INFO  server.RaftServerConfigKeys (ConfUtils.java:logGet(46)) - raft.server.log.corruption.policy = EXCEPTION (default)
2023-03-13 09:53:23,564 [s4-impl-thread1] INFO  server.RaftServerConfigKeys (ConfUtils.java:logGet(46)) - raft.server.storage.dir = [/home/runner/work/ratis/ratis/ratis-test/target/test/data/90b8f655/MiniRaftClusterWithSimulatedRpce9487a77/s4] (custom)
2023-03-13 09:53:23,565 [s4-impl-thread1] INFO  storage.RaftStorageDirectory (RaftStorageDirectoryImpl.java:analyzeStorage(138)) - The storage directory /home/runner/work/ratis/ratis/ratis-test/target/test/data/90b8f655/MiniRaftClusterWithSimulatedRpce9487a77/s4/a666b7eb-6872-4d74-a204-c1ebcff19cda does not exist. Creating ...
2023-03-13 09:53:23,565 [s4-impl-thread1] TRACE util.FileUtils (LogUtils.java:runAndLog(49)) - Successfully ran Files.createDirectories /home/runner/work/ratis/ratis/ratis-test/target/test/data/90b8f655/MiniRaftClusterWithSimulatedRpce9487a77/s4/a666b7eb-6872-4d74-a204-c1ebcff19cda
2023-03-13 09:53:23,566 [s4-impl-thread1] INFO  storage.RaftStorageDirectory (RaftStorageDirectoryImpl.java:tryLock(232)) - Lock on /home/runner/work/ratis/ratis/ratis-test/target/test/data/90b8f655/MiniRaftClusterWithSimulatedRpce9487a77/s4/a666b7eb-6872-4d74-a204-c1ebcff19cda/in_use.lock acquired by nodename 8781@fv-az311-604
2023-03-13 09:53:23,566 [s4-impl-thread1] TRACE util.FileUtils (LogUtils.java:runAndLog(49)) - Successfully ran Files.createDirectories /home/runner/work/ratis/ratis/ratis-test/target/test/data/90b8f655/MiniRaftClusterWithSimulatedRpce9487a77/s4/a666b7eb-6872-4d74-a204-c1ebcff19cda/current
2023-03-13 09:53:23,566 [s4-impl-thread1] TRACE util.FileUtils (LogUtils.java:runAndLog(49)) - Successfully ran Files.createDirectories /home/runner/work/ratis/ratis/ratis-test/target/test/data/90b8f655/MiniRaftClusterWithSimulatedRpce9487a77/s4/a666b7eb-6872-4d74-a204-c1ebcff19cda/sm
2023-03-13 09:53:23,567 [s4-impl-thread1] INFO  storage.RaftStorage (RaftStorageImpl.java:format(96)) - Storage directory /home/runner/work/ratis/ratis/ratis-test/target/test/data/90b8f655/MiniRaftClusterWithSimulatedRpce9487a77/s4/a666b7eb-6872-4d74-a204-c1ebcff19cda has been successfully formatted.
2023-03-13 09:53:23,567 [s4-impl-thread1] INFO  server.RaftServerConfigKeys (ConfUtils.java:logGet(46)) - raft.server.log.use.memory = false (default)
2023-03-13 09:53:23,567 [s4-impl-thread1] INFO  server.RaftServerConfigKeys (ConfUtils.java:logGet(46)) - raft.server.log.purge.gap = 1024 (default)
2023-03-13 09:53:23,568 [s4-impl-thread1] INFO  server.RaftServerConfigKeys (ConfUtils.java:logGet(46)) - raft.server.log.appender.buffer.byte-limit = 4MB (=4194304) (default)
2023-03-13 09:53:23,568 [s4-impl-thread1] INFO  server.RaftServerConfigKeys (ConfUtils.java:logGet(46)) - raft.server.log.statemachine.data.read.timeout = 1000ms (default)
2023-03-13 09:53:23,568 [s4-impl-thread1] INFO  server.RaftServerConfigKeys (ConfUtils.java:logGet(46)) - raft.server.log.purge.preservation.log.num = 0 (default)
2023-03-13 09:53:23,568 [s4-impl-thread1] INFO  server.RaftServerConfigKeys (ConfUtils.java:logGet(46)) - raft.server.log.segment.size.max = 8MB (=8388608) (default)
2023-03-13 09:53:23,569 [s4-impl-thread1] INFO  server.RaftServerConfigKeys (ConfUtils.java:logGet(46)) - raft.server.log.segment.cache.num.max = 6 (default)
2023-03-13 09:53:23,569 [s4-impl-thread1] INFO  server.RaftServerConfigKeys (ConfUtils.java:logGet(46)) - raft.server.log.segment.cache.size.max = 200MB (=209715200) (default)
2023-03-13 09:53:23,569 [s4-impl-thread1] INFO  server.RaftServerConfigKeys (ConfUtils.java:logGet(46)) - raft.server.log.appender.buffer.byte-limit = 4MB (=4194304) (default)
2023-03-13 09:53:23,569 [s4-impl-thread1] INFO  segmented.SegmentedRaftLogWorker (SegmentedRaftLogWorker.java:<init>(183)) - new s4@group-C1EBCFF19CDA-SegmentedRaftLogWorker for RaftStorageImpl:Storage Directory /home/runner/work/ratis/ratis/ratis-test/target/test/data/90b8f655/MiniRaftClusterWithSimulatedRpce9487a77/s4/a666b7eb-6872-4d74-a204-c1ebcff19cda
2023-03-13 09:53:23,569 [s4-impl-thread1] INFO  server.RaftServerConfigKeys (ConfUtils.java:logGet(46)) - raft.server.log.queue.byte-limit = 64MB (=67108864) (default)
2023-03-13 09:53:23,569 [s4-impl-thread1] INFO  server.RaftServerConfigKeys (ConfUtils.java:logGet(46)) - raft.server.log.queue.element-limit = 4096 (default)
2023-03-13 09:53:23,569 [s4-impl-thread1] INFO  server.RaftServerConfigKeys (ConfUtils.java:logGet(46)) - raft.server.log.segment.size.max = 8MB (=8388608) (default)
2023-03-13 09:53:23,569 [s4-impl-thread1] INFO  server.RaftServerConfigKeys (ConfUtils.java:logGet(46)) - raft.server.log.preallocated.size = 4MB (=4194304) (default)
2023-03-13 09:53:23,569 [s4-impl-thread1] INFO  server.RaftServerConfigKeys (ConfUtils.java:logGet(46)) - raft.server.log.force.sync.num = 128 (default)
2023-03-13 09:53:23,569 [s4-impl-thread1] INFO  server.RaftServerConfigKeys (ConfUtils.java:logGet(46)) - raft.server.log.statemachine.data.sync = true (default)
2023-03-13 09:53:23,569 [s4-impl-thread1] INFO  server.RaftServerConfigKeys (ConfUtils.java:logGet(46)) - raft.server.log.statemachine.data.sync.timeout = 10s (default)
2023-03-13 09:53:23,569 [s4-impl-thread1] INFO  server.RaftServerConfigKeys (ConfUtils.java:logGet(46)) - raft.server.log.statemachine.data.sync.timeout.retry = -1 (default)
2023-03-13 09:53:23,569 [s4-impl-thread1] INFO  server.RaftServerConfigKeys (ConfUtils.java:logGet(46)) - raft.server.log.write.buffer.size = 64KB (=65536) (default)
2023-03-13 09:53:23,569 [s4-impl-thread1] INFO  server.RaftServerConfigKeys (ConfUtils.java:logGet(46)) - raft.server.log.appender.buffer.byte-limit = 4MB (=4194304) (default)
2023-03-13 09:53:23,571 [s4-impl-thread1] INFO  server.RaftServerConfigKeys (ConfUtils.java:logGet(46)) - raft.server.log.unsafe-flush.enabled = false (default)
2023-03-13 09:53:23,571 [s4-impl-thread1] INFO  server.RaftServerConfigKeys (ConfUtils.java:logGet(46)) - raft.server.log.async-flush.enabled = false (default)
2023-03-13 09:53:23,571 [s4-impl-thread1] INFO  server.RaftServerConfigKeys (ConfUtils.java:logGet(46)) - raft.server.log.statemachine.data.caching.enabled = false (default)
2023-03-13 09:53:23,571 [s4-impl-thread1] INFO  segmented.SegmentedRaftLogWorker (SegmentedRaftLogWorker.java:lambda$new$0(134)) - s4@group-C1EBCFF19CDA-SegmentedRaftLogWorker: flushIndex: setUnconditionally 0 -> -1
2023-03-13 09:53:23,571 [s4-impl-thread1] INFO  segmented.SegmentedRaftLogWorker (SegmentedRaftLogWorker.java:lambda$new$0(134)) - s4@group-C1EBCFF19CDA-SegmentedRaftLogWorker: safeCacheEvictIndex: setUnconditionally 0 -> -1
2023-03-13 09:53:23,571 [s4-impl-thread1] INFO  server.RaftServer$Division (RaftServerImpl.java:start(342)) - s4@group-C1EBCFF19CDA: start as a follower, conf=-1: peers:[s3|rpc:localhost:36161|admin:localhost:45145|client:localhost:33773|dataStream:localhost:34673|priority:0|startupRole:FOLLOWER, s4|rpc:localhost:46159|admin:localhost:33017|client:localhost:38269|dataStream:localhost:46577|priority:0|startupRole:FOLLOWER, s0|rpc:localhost:42037|admin:localhost:35933|client:localhost:37745|dataStream:localhost:46027|priority:0|startupRole:FOLLOWER, s1|rpc:localhost:42415|admin:localhost:39681|client:localhost:39407|dataStream:localhost:35133|priority:0|startupRole:FOLLOWER, s2|rpc:localhost:37505|admin:localhost:38193|client:localhost:45367|dataStream:localhost:33575|priority:0|startupRole:FOLLOWER]|listeners:[], old=null
2023-03-13 09:53:23,571 [s4-impl-thread1] INFO  server.RaftServer$Division (RaftServerImpl.java:setRole(329)) - s4@group-C1EBCFF19CDA: changes role from      null to FOLLOWER at term 0 for startAsFollower
2023-03-13 09:53:23,571 [s4-impl-thread1] INFO  impl.RoleInfo (RoleInfo.java:updateAndGet(139)) - s4: start s4@group-C1EBCFF19CDA-FollowerState
2023-03-13 09:53:23,576 [s4-impl-thread1] INFO  util.JmxRegister (JmxRegister.java:tryRegister(44)) - Successfully registered JMX Bean with object name Ratis:service=RaftServer,group=group-C1EBCFF19CDA,id=s4
2023-03-13 09:53:23,576 [s4-impl-thread1] INFO  server.RaftServerConfigKeys (ConfUtils.java:logGet(46)) - raft.server.snapshot.auto.trigger.enabled = false (default)
2023-03-13 09:53:23,576 [s4-impl-thread1] INFO  server.RaftServerConfigKeys (ConfUtils.java:logGet(46)) - raft.server.snapshot.retention.file.num = -1 (default)
2023-03-13 09:53:23,576 [s4-impl-thread1] INFO  server.RaftServerConfigKeys (ConfUtils.java:logGet(46)) - raft.server.log.purge.upto.snapshot.index = false (default)
2023-03-13 09:53:23,582 [s4@group-C1EBCFF19CDA-FollowerState] INFO  server.RaftServerConfigKeys (ConfUtils.java:logFallback(53)) - raft.server.rpc.first-election.timeout.min = 150ms (fallback to raft.server.rpc.timeout.min)
2023-03-13 09:53:23,583 [s4@group-C1EBCFF19CDA-FollowerState] INFO  server.RaftServerConfigKeys (ConfUtils.java:logFallback(53)) - raft.server.rpc.first-election.timeout.max = 300ms (fallback to raft.server.rpc.timeout.max)
2023-03-13 09:53:23,583 [Time-limited test] INFO  server.RaftServer (RaftServerProxy.java:startImpl(401)) - s4: start RPC server
2023-03-13 09:53:23,584 [s0-impl-thread1] INFO  server.RaftServerConfigKeys (ConfUtils.java:logGet(46)) - raft.server.storage.free-space.min = 0MB (=0) (default)
2023-03-13 09:53:23,584 [s0-impl-thread1] INFO  server.RaftServerConfigKeys (ConfUtils.java:logGet(46)) - raft.server.log.corruption.policy = EXCEPTION (default)
2023-03-13 09:53:23,584 [s0-impl-thread1] INFO  server.RaftServerConfigKeys (ConfUtils.java:logGet(46)) - raft.server.storage.dir = [/home/runner/work/ratis/ratis/ratis-test/target/test/data/90b8f655/MiniRaftClusterWithSimulatedRpce9487a77/s0] (custom)
2023-03-13 09:53:23,584 [s0-impl-thread1] INFO  storage.RaftStorageDirectory (RaftStorageDirectoryImpl.java:analyzeStorage(138)) - The storage directory /home/runner/work/ratis/ratis/ratis-test/target/test/data/90b8f655/MiniRaftClusterWithSimulatedRpce9487a77/s0/a666b7eb-6872-4d74-a204-c1ebcff19cda does not exist. Creating ...
2023-03-13 09:53:23,584 [s0-impl-thread1] TRACE util.FileUtils (LogUtils.java:runAndLog(49)) - Successfully ran Files.createDirectories /home/runner/work/ratis/ratis/ratis-test/target/test/data/90b8f655/MiniRaftClusterWithSimulatedRpce9487a77/s0/a666b7eb-6872-4d74-a204-c1ebcff19cda
2023-03-13 09:53:23,585 [JvmPauseMonitor5] INFO  util.JvmPauseMonitor (JvmPauseMonitor.java:run(103)) - JvmPauseMonitor-s4: Started
2023-03-13 09:53:23,585 [s0-impl-thread1] INFO  storage.RaftStorageDirectory (RaftStorageDirectoryImpl.java:tryLock(232)) - Lock on /home/runner/work/ratis/ratis/ratis-test/target/test/data/90b8f655/MiniRaftClusterWithSimulatedRpce9487a77/s0/a666b7eb-6872-4d74-a204-c1ebcff19cda/in_use.lock acquired by nodename 8781@fv-az311-604
2023-03-13 09:53:23,586 [s0-impl-thread1] TRACE util.FileUtils (LogUtils.java:runAndLog(49)) - Successfully ran Files.createDirectories /home/runner/work/ratis/ratis/ratis-test/target/test/data/90b8f655/MiniRaftClusterWithSimulatedRpce9487a77/s0/a666b7eb-6872-4d74-a204-c1ebcff19cda/current
2023-03-13 09:53:23,586 [s0-impl-thread1] TRACE util.FileUtils (LogUtils.java:runAndLog(49)) - Successfully ran Files.createDirectories /home/runner/work/ratis/ratis/ratis-test/target/test/data/90b8f655/MiniRaftClusterWithSimulatedRpce9487a77/s0/a666b7eb-6872-4d74-a204-c1ebcff19cda/sm
2023-03-13 09:53:23,587 [s0-impl-thread1] INFO  storage.RaftStorage (RaftStorageImpl.java:format(96)) - Storage directory /home/runner/work/ratis/ratis/ratis-test/target/test/data/90b8f655/MiniRaftClusterWithSimulatedRpce9487a77/s0/a666b7eb-6872-4d74-a204-c1ebcff19cda has been successfully formatted.
2023-03-13 09:53:23,587 [s0-impl-thread1] INFO  server.RaftServerConfigKeys (ConfUtils.java:logGet(46)) - raft.server.log.use.memory = false (default)
2023-03-13 09:53:23,587 [s0-impl-thread1] INFO  server.RaftServerConfigKeys (ConfUtils.java:logGet(46)) - raft.server.log.purge.gap = 1024 (default)
2023-03-13 09:53:23,587 [s0-impl-thread1] INFO  server.RaftServerConfigKeys (ConfUtils.java:logGet(46)) - raft.server.log.appender.buffer.byte-limit = 4MB (=4194304) (default)
2023-03-13 09:53:23,587 [s0-impl-thread1] INFO  server.RaftServerConfigKeys (ConfUtils.java:logGet(46)) - raft.server.log.statemachine.data.read.timeout = 1000ms (default)
2023-03-13 09:53:23,587 [s0-impl-thread1] INFO  server.RaftServerConfigKeys (ConfUtils.java:logGet(46)) - raft.server.log.purge.preservation.log.num = 0 (default)
2023-03-13 09:53:23,588 [s0-impl-thread1] INFO  server.RaftServerConfigKeys (ConfUtils.java:logGet(46)) - raft.server.log.segment.size.max = 8MB (=8388608) (default)
2023-03-13 09:53:23,588 [s0-impl-thread1] INFO  server.RaftServerConfigKeys (ConfUtils.java:logGet(46)) - raft.server.log.segment.cache.num.max = 6 (default)
2023-03-13 09:53:23,588 [s0-impl-thread1] INFO  server.RaftServerConfigKeys (ConfUtils.java:logGet(46)) - raft.server.log.segment.cache.size.max = 200MB (=209715200) (default)
2023-03-13 09:53:23,588 [s0-impl-thread1] INFO  server.RaftServerConfigKeys (ConfUtils.java:logGet(46)) - raft.server.log.appender.buffer.byte-limit = 4MB (=4194304) (default)
2023-03-13 09:53:23,588 [s0-impl-thread1] INFO  segmented.SegmentedRaftLogWorker (SegmentedRaftLogWorker.java:<init>(183)) - new s0@group-C1EBCFF19CDA-SegmentedRaftLogWorker for RaftStorageImpl:Storage Directory /home/runner/work/ratis/ratis/ratis-test/target/test/data/90b8f655/MiniRaftClusterWithSimulatedRpce9487a77/s0/a666b7eb-6872-4d74-a204-c1ebcff19cda
2023-03-13 09:53:23,588 [s0-impl-thread1] INFO  server.RaftServerConfigKeys (ConfUtils.java:logGet(46)) - raft.server.log.queue.byte-limit = 64MB (=67108864) (default)
2023-03-13 09:53:23,588 [s0-impl-thread1] INFO  server.RaftServerConfigKeys (ConfUtils.java:logGet(46)) - raft.server.log.queue.element-limit = 4096 (default)
2023-03-13 09:53:23,588 [s0-impl-thread1] INFO  server.RaftServerConfigKeys (ConfUtils.java:logGet(46)) - raft.server.log.segment.size.max = 8MB (=8388608) (default)
2023-03-13 09:53:23,588 [s0-impl-thread1] INFO  server.RaftServerConfigKeys (ConfUtils.java:logGet(46)) - raft.server.log.preallocated.size = 4MB (=4194304) (default)
2023-03-13 09:53:23,588 [s0-impl-thread1] INFO  server.RaftServerConfigKeys (ConfUtils.java:logGet(46)) - raft.server.log.force.sync.num = 128 (default)
2023-03-13 09:53:23,588 [s0-impl-thread1] INFO  server.RaftServerConfigKeys (ConfUtils.java:logGet(46)) - raft.server.log.statemachine.data.sync = true (default)
2023-03-13 09:53:23,588 [s0-impl-thread1] INFO  server.RaftServerConfigKeys (ConfUtils.java:logGet(46)) - raft.server.log.statemachine.data.sync.timeout = 10s (default)
2023-03-13 09:53:23,588 [s0-impl-thread1] INFO  server.RaftServerConfigKeys (ConfUtils.java:logGet(46)) - raft.server.log.statemachine.data.sync.timeout.retry = -1 (default)
2023-03-13 09:53:23,589 [s0-impl-thread1] INFO  server.RaftServerConfigKeys (ConfUtils.java:logGet(46)) - raft.server.log.write.buffer.size = 64KB (=65536) (default)
2023-03-13 09:53:23,589 [s0-impl-thread1] INFO  server.RaftServerConfigKeys (ConfUtils.java:logGet(46)) - raft.server.log.appender.buffer.byte-limit = 4MB (=4194304) (default)
2023-03-13 09:53:23,589 [s0-impl-thread1] INFO  server.RaftServerConfigKeys (ConfUtils.java:logGet(46)) - raft.server.log.unsafe-flush.enabled = false (default)
2023-03-13 09:53:23,589 [s0-impl-thread1] INFO  server.RaftServerConfigKeys (ConfUtils.java:logGet(46)) - raft.server.log.async-flush.enabled = false (default)
2023-03-13 09:53:23,589 [s0-impl-thread1] INFO  server.RaftServerConfigKeys (ConfUtils.java:logGet(46)) - raft.server.log.statemachine.data.caching.enabled = false (default)
2023-03-13 09:53:23,590 [s0-impl-thread1] INFO  segmented.SegmentedRaftLogWorker (SegmentedRaftLogWorker.java:lambda$new$0(134)) - s0@group-C1EBCFF19CDA-SegmentedRaftLogWorker: flushIndex: setUnconditionally 0 -> -1
2023-03-13 09:53:23,590 [s0-impl-thread1] INFO  segmented.SegmentedRaftLogWorker (SegmentedRaftLogWorker.java:lambda$new$0(134)) - s0@group-C1EBCFF19CDA-SegmentedRaftLogWorker: safeCacheEvictIndex: setUnconditionally 0 -> -1
2023-03-13 09:53:23,593 [s0-impl-thread1] INFO  server.RaftServer$Division (RaftServerImpl.java:start(342)) - s0@group-C1EBCFF19CDA: start as a follower, conf=-1: peers:[s3|rpc:localhost:36161|admin:localhost:45145|client:localhost:33773|dataStream:localhost:34673|priority:0|startupRole:FOLLOWER, s4|rpc:localhost:46159|admin:localhost:33017|client:localhost:38269|dataStream:localhost:46577|priority:0|startupRole:FOLLOWER, s0|rpc:localhost:42037|admin:localhost:35933|client:localhost:37745|dataStream:localhost:46027|priority:0|startupRole:FOLLOWER, s1|rpc:localhost:42415|admin:localhost:39681|client:localhost:39407|dataStream:localhost:35133|priority:0|startupRole:FOLLOWER, s2|rpc:localhost:37505|admin:localhost:38193|client:localhost:45367|dataStream:localhost:33575|priority:0|startupRole:FOLLOWER]|listeners:[], old=null
2023-03-13 09:53:23,593 [s0-impl-thread1] INFO  server.RaftServer$Division (RaftServerImpl.java:setRole(329)) - s0@group-C1EBCFF19CDA: changes role from      null to FOLLOWER at term 0 for startAsFollower
2023-03-13 09:53:23,594 [s0-impl-thread1] INFO  impl.RoleInfo (RoleInfo.java:updateAndGet(139)) - s0: start s0@group-C1EBCFF19CDA-FollowerState
2023-03-13 09:53:23,596 [s0-impl-thread1] INFO  util.JmxRegister (JmxRegister.java:tryRegister(44)) - Successfully registered JMX Bean with object name Ratis:service=RaftServer,group=group-C1EBCFF19CDA,id=s0
2023-03-13 09:53:23,596 [s0-impl-thread1] INFO  server.RaftServerConfigKeys (ConfUtils.java:logGet(46)) - raft.server.snapshot.auto.trigger.enabled = false (default)
2023-03-13 09:53:23,596 [s0-impl-thread1] INFO  server.RaftServerConfigKeys (ConfUtils.java:logGet(46)) - raft.server.snapshot.retention.file.num = -1 (default)
2023-03-13 09:53:23,596 [s0-impl-thread1] INFO  server.RaftServerConfigKeys (ConfUtils.java:logGet(46)) - raft.server.log.purge.upto.snapshot.index = false (default)
2023-03-13 09:53:23,596 [s0@group-C1EBCFF19CDA-FollowerState] INFO  server.RaftServerConfigKeys (ConfUtils.java:logFallback(53)) - raft.server.rpc.first-election.timeout.min = 150ms (fallback to raft.server.rpc.timeout.min)
2023-03-13 09:53:23,597 [s0@group-C1EBCFF19CDA-FollowerState] INFO  server.RaftServerConfigKeys (ConfUtils.java:logFallback(53)) - raft.server.rpc.first-election.timeout.max = 300ms (fallback to raft.server.rpc.timeout.max)
2023-03-13 09:53:23,599 [Time-limited test] INFO  server.RaftServer (RaftServerProxy.java:startImpl(401)) - s0: start RPC server
2023-03-13 09:53:23,601 [s1-impl-thread1] INFO  server.RaftServerConfigKeys (ConfUtils.java:logGet(46)) - raft.server.storage.free-space.min = 0MB (=0) (default)
2023-03-13 09:53:23,601 [JvmPauseMonitor6] INFO  util.JvmPauseMonitor (JvmPauseMonitor.java:run(103)) - JvmPauseMonitor-s0: Started
2023-03-13 09:53:23,601 [s1-impl-thread1] INFO  server.RaftServerConfigKeys (ConfUtils.java:logGet(46)) - raft.server.log.corruption.policy = EXCEPTION (default)
2023-03-13 09:53:23,601 [s1-impl-thread1] INFO  server.RaftServerConfigKeys (ConfUtils.java:logGet(46)) - raft.server.storage.dir = [/home/runner/work/ratis/ratis/ratis-test/target/test/data/90b8f655/MiniRaftClusterWithSimulatedRpce9487a77/s1] (custom)
2023-03-13 09:53:23,602 [s1-impl-thread1] INFO  storage.RaftStorageDirectory (RaftStorageDirectoryImpl.java:analyzeStorage(138)) - The storage directory /home/runner/work/ratis/ratis/ratis-test/target/test/data/90b8f655/MiniRaftClusterWithSimulatedRpce9487a77/s1/a666b7eb-6872-4d74-a204-c1ebcff19cda does not exist. Creating ...
2023-03-13 09:53:23,602 [s1-impl-thread1] TRACE util.FileUtils (LogUtils.java:runAndLog(49)) - Successfully ran Files.createDirectories /home/runner/work/ratis/ratis/ratis-test/target/test/data/90b8f655/MiniRaftClusterWithSimulatedRpce9487a77/s1/a666b7eb-6872-4d74-a204-c1ebcff19cda
2023-03-13 09:53:23,603 [s1-impl-thread1] INFO  storage.RaftStorageDirectory (RaftStorageDirectoryImpl.java:tryLock(232)) - Lock on /home/runner/work/ratis/ratis/ratis-test/target/test/data/90b8f655/MiniRaftClusterWithSimulatedRpce9487a77/s1/a666b7eb-6872-4d74-a204-c1ebcff19cda/in_use.lock acquired by nodename 8781@fv-az311-604
2023-03-13 09:53:23,603 [s1-impl-thread1] TRACE util.FileUtils (LogUtils.java:runAndLog(49)) - Successfully ran Files.createDirectories /home/runner/work/ratis/ratis/ratis-test/target/test/data/90b8f655/MiniRaftClusterWithSimulatedRpce9487a77/s1/a666b7eb-6872-4d74-a204-c1ebcff19cda/current
2023-03-13 09:53:23,603 [s1-impl-thread1] TRACE util.FileUtils (LogUtils.java:runAndLog(49)) - Successfully ran Files.createDirectories /home/runner/work/ratis/ratis/ratis-test/target/test/data/90b8f655/MiniRaftClusterWithSimulatedRpce9487a77/s1/a666b7eb-6872-4d74-a204-c1ebcff19cda/sm
2023-03-13 09:53:23,604 [s1-impl-thread1] INFO  storage.RaftStorage (RaftStorageImpl.java:format(96)) - Storage directory /home/runner/work/ratis/ratis/ratis-test/target/test/data/90b8f655/MiniRaftClusterWithSimulatedRpce9487a77/s1/a666b7eb-6872-4d74-a204-c1ebcff19cda has been successfully formatted.
2023-03-13 09:53:23,605 [s1-impl-thread1] INFO  server.RaftServerConfigKeys (ConfUtils.java:logGet(46)) - raft.server.log.use.memory = false (default)
2023-03-13 09:53:23,605 [s1-impl-thread1] INFO  server.RaftServerConfigKeys (ConfUtils.java:logGet(46)) - raft.server.log.purge.gap = 1024 (default)
2023-03-13 09:53:23,605 [s1-impl-thread1] INFO  server.RaftServerConfigKeys (ConfUtils.java:logGet(46)) - raft.server.log.appender.buffer.byte-limit = 4MB (=4194304) (default)
2023-03-13 09:53:23,605 [s1-impl-thread1] INFO  server.RaftServerConfigKeys (ConfUtils.java:logGet(46)) - raft.server.log.statemachine.data.read.timeout = 1000ms (default)
2023-03-13 09:53:23,605 [s1-impl-thread1] INFO  server.RaftServerConfigKeys (ConfUtils.java:logGet(46)) - raft.server.log.purge.preservation.log.num = 0 (default)
2023-03-13 09:53:23,605 [s1-impl-thread1] INFO  server.RaftServerConfigKeys (ConfUtils.java:logGet(46)) - raft.server.log.segment.size.max = 8MB (=8388608) (default)
2023-03-13 09:53:23,606 [s1-impl-thread1] INFO  server.RaftServerConfigKeys (ConfUtils.java:logGet(46)) - raft.server.log.segment.cache.num.max = 6 (default)
2023-03-13 09:53:23,606 [s1-impl-thread1] INFO  server.RaftServerConfigKeys (ConfUtils.java:logGet(46)) - raft.server.log.segment.cache.size.max = 200MB (=209715200) (default)
2023-03-13 09:53:23,606 [s1-impl-thread1] INFO  server.RaftServerConfigKeys (ConfUtils.java:logGet(46)) - raft.server.log.appender.buffer.byte-limit = 4MB (=4194304) (default)
2023-03-13 09:53:23,606 [s1-impl-thread1] INFO  segmented.SegmentedRaftLogWorker (SegmentedRaftLogWorker.java:<init>(183)) - new s1@group-C1EBCFF19CDA-SegmentedRaftLogWorker for RaftStorageImpl:Storage Directory /home/runner/work/ratis/ratis/ratis-test/target/test/data/90b8f655/MiniRaftClusterWithSimulatedRpce9487a77/s1/a666b7eb-6872-4d74-a204-c1ebcff19cda
2023-03-13 09:53:23,606 [s1-impl-thread1] INFO  server.RaftServerConfigKeys (ConfUtils.java:logGet(46)) - raft.server.log.queue.byte-limit = 64MB (=67108864) (default)
2023-03-13 09:53:23,606 [s1-impl-thread1] INFO  server.RaftServerConfigKeys (ConfUtils.java:logGet(46)) - raft.server.log.queue.element-limit = 4096 (default)
2023-03-13 09:53:23,606 [s1-impl-thread1] INFO  server.RaftServerConfigKeys (ConfUtils.java:logGet(46)) - raft.server.log.segment.size.max = 8MB (=8388608) (default)
2023-03-13 09:53:23,606 [s1-impl-thread1] INFO  server.RaftServerConfigKeys (ConfUtils.java:logGet(46)) - raft.server.log.preallocated.size = 4MB (=4194304) (default)
2023-03-13 09:53:23,606 [s1-impl-thread1] INFO  server.RaftServerConfigKeys (ConfUtils.java:logGet(46)) - raft.server.log.force.sync.num = 128 (default)
2023-03-13 09:53:23,606 [s1-impl-thread1] INFO  server.RaftServerConfigKeys (ConfUtils.java:logGet(46)) - raft.server.log.statemachine.data.sync = true (default)
2023-03-13 09:53:23,606 [s1-impl-thread1] INFO  server.RaftServerConfigKeys (ConfUtils.java:logGet(46)) - raft.server.log.statemachine.data.sync.timeout = 10s (default)
2023-03-13 09:53:23,606 [s1-impl-thread1] INFO  server.RaftServerConfigKeys (ConfUtils.java:logGet(46)) - raft.server.log.statemachine.data.sync.timeout.retry = -1 (default)
2023-03-13 09:53:23,606 [s1-impl-thread1] INFO  server.RaftServerConfigKeys (ConfUtils.java:logGet(46)) - raft.server.log.write.buffer.size = 64KB (=65536) (default)
2023-03-13 09:53:23,606 [s1-impl-thread1] INFO  server.RaftServerConfigKeys (ConfUtils.java:logGet(46)) - raft.server.log.appender.buffer.byte-limit = 4MB (=4194304) (default)
2023-03-13 09:53:23,607 [s1-impl-thread1] INFO  server.RaftServerConfigKeys (ConfUtils.java:logGet(46)) - raft.server.log.unsafe-flush.enabled = false (default)
2023-03-13 09:53:23,607 [s1-impl-thread1] INFO  server.RaftServerConfigKeys (ConfUtils.java:logGet(46)) - raft.server.log.async-flush.enabled = false (default)
2023-03-13 09:53:23,607 [s1-impl-thread1] INFO  server.RaftServerConfigKeys (ConfUtils.java:logGet(46)) - raft.server.log.statemachine.data.caching.enabled = false (default)
2023-03-13 09:53:23,607 [s1-impl-thread1] INFO  segmented.SegmentedRaftLogWorker (SegmentedRaftLogWorker.java:lambda$new$0(134)) - s1@group-C1EBCFF19CDA-SegmentedRaftLogWorker: flushIndex: setUnconditionally 0 -> -1
2023-03-13 09:53:23,607 [s1-impl-thread1] INFO  segmented.SegmentedRaftLogWorker (SegmentedRaftLogWorker.java:lambda$new$0(134)) - s1@group-C1EBCFF19CDA-SegmentedRaftLogWorker: safeCacheEvictIndex: setUnconditionally 0 -> -1
2023-03-13 09:53:23,609 [s1-impl-thread1] INFO  server.RaftServer$Division (RaftServerImpl.java:start(342)) - s1@group-C1EBCFF19CDA: start as a follower, conf=-1: peers:[s3|rpc:localhost:36161|admin:localhost:45145|client:localhost:33773|dataStream:localhost:34673|priority:0|startupRole:FOLLOWER, s4|rpc:localhost:46159|admin:localhost:33017|client:localhost:38269|dataStream:localhost:46577|priority:0|startupRole:FOLLOWER, s0|rpc:localhost:42037|admin:localhost:35933|client:localhost:37745|dataStream:localhost:46027|priority:0|startupRole:FOLLOWER, s1|rpc:localhost:42415|admin:localhost:39681|client:localhost:39407|dataStream:localhost:35133|priority:0|startupRole:FOLLOWER, s2|rpc:localhost:37505|admin:localhost:38193|client:localhost:45367|dataStream:localhost:33575|priority:0|startupRole:FOLLOWER]|listeners:[], old=null
2023-03-13 09:53:23,611 [s1-impl-thread1] INFO  server.RaftServer$Division (RaftServerImpl.java:setRole(329)) - s1@group-C1EBCFF19CDA: changes role from      null to FOLLOWER at term 0 for startAsFollower
2023-03-13 09:53:23,612 [s1-impl-thread1] INFO  impl.RoleInfo (RoleInfo.java:updateAndGet(139)) - s1: start s1@group-C1EBCFF19CDA-FollowerState
2023-03-13 09:53:23,612 [s1-impl-thread1] INFO  util.JmxRegister (JmxRegister.java:tryRegister(44)) - Successfully registered JMX Bean with object name Ratis:service=RaftServer,group=group-C1EBCFF19CDA,id=s1
2023-03-13 09:53:23,612 [s1-impl-thread1] INFO  server.RaftServerConfigKeys (ConfUtils.java:logGet(46)) - raft.server.snapshot.auto.trigger.enabled = false (default)
2023-03-13 09:53:23,612 [s1-impl-thread1] INFO  server.RaftServerConfigKeys (ConfUtils.java:logGet(46)) - raft.server.snapshot.retention.file.num = -1 (default)
2023-03-13 09:53:23,612 [s1-impl-thread1] INFO  server.RaftServerConfigKeys (ConfUtils.java:logGet(46)) - raft.server.log.purge.upto.snapshot.index = false (default)
2023-03-13 09:53:23,613 [Time-limited test] INFO  server.RaftServer (RaftServerProxy.java:startImpl(401)) - s1: start RPC server
2023-03-13 09:53:23,615 [s1@group-C1EBCFF19CDA-FollowerState] INFO  server.RaftServerConfigKeys (ConfUtils.java:logFallback(53)) - raft.server.rpc.first-election.timeout.min = 150ms (fallback to raft.server.rpc.timeout.min)
2023-03-13 09:53:23,615 [s1@group-C1EBCFF19CDA-FollowerState] INFO  server.RaftServerConfigKeys (ConfUtils.java:logFallback(53)) - raft.server.rpc.first-election.timeout.max = 300ms (fallback to raft.server.rpc.timeout.max)
2023-03-13 09:53:23,616 [JvmPauseMonitor7] INFO  util.JvmPauseMonitor (JvmPauseMonitor.java:run(103)) - JvmPauseMonitor-s1: Started
2023-03-13 09:53:23,616 [s2-impl-thread1] INFO  server.RaftServerConfigKeys (ConfUtils.java:logGet(46)) - raft.server.storage.free-space.min = 0MB (=0) (default)
2023-03-13 09:53:23,616 [s2-impl-thread1] INFO  server.RaftServerConfigKeys (ConfUtils.java:logGet(46)) - raft.server.log.corruption.policy = EXCEPTION (default)
2023-03-13 09:53:23,616 [s2-impl-thread1] INFO  server.RaftServerConfigKeys (ConfUtils.java:logGet(46)) - raft.server.storage.dir = [/home/runner/work/ratis/ratis/ratis-test/target/test/data/90b8f655/MiniRaftClusterWithSimulatedRpce9487a77/s2] (custom)
2023-03-13 09:53:23,616 [s2-impl-thread1] INFO  storage.RaftStorageDirectory (RaftStorageDirectoryImpl.java:analyzeStorage(138)) - The storage directory /home/runner/work/ratis/ratis/ratis-test/target/test/data/90b8f655/MiniRaftClusterWithSimulatedRpce9487a77/s2/a666b7eb-6872-4d74-a204-c1ebcff19cda does not exist. Creating ...
2023-03-13 09:53:23,616 [s2-impl-thread1] TRACE util.FileUtils (LogUtils.java:runAndLog(49)) - Successfully ran Files.createDirectories /home/runner/work/ratis/ratis/ratis-test/target/test/data/90b8f655/MiniRaftClusterWithSimulatedRpce9487a77/s2/a666b7eb-6872-4d74-a204-c1ebcff19cda
2023-03-13 09:53:23,617 [s2-impl-thread1] INFO  storage.RaftStorageDirectory (RaftStorageDirectoryImpl.java:tryLock(232)) - Lock on /home/runner/work/ratis/ratis/ratis-test/target/test/data/90b8f655/MiniRaftClusterWithSimulatedRpce9487a77/s2/a666b7eb-6872-4d74-a204-c1ebcff19cda/in_use.lock acquired by nodename 8781@fv-az311-604
2023-03-13 09:53:23,617 [s2-impl-thread1] TRACE util.FileUtils (LogUtils.java:runAndLog(49)) - Successfully ran Files.createDirectories /home/runner/work/ratis/ratis/ratis-test/target/test/data/90b8f655/MiniRaftClusterWithSimulatedRpce9487a77/s2/a666b7eb-6872-4d74-a204-c1ebcff19cda/current
2023-03-13 09:53:23,617 [s2-impl-thread1] TRACE util.FileUtils (LogUtils.java:runAndLog(49)) - Successfully ran Files.createDirectories /home/runner/work/ratis/ratis/ratis-test/target/test/data/90b8f655/MiniRaftClusterWithSimulatedRpce9487a77/s2/a666b7eb-6872-4d74-a204-c1ebcff19cda/sm
2023-03-13 09:53:23,618 [s2-impl-thread1] INFO  storage.RaftStorage (RaftStorageImpl.java:format(96)) - Storage directory /home/runner/work/ratis/ratis/ratis-test/target/test/data/90b8f655/MiniRaftClusterWithSimulatedRpce9487a77/s2/a666b7eb-6872-4d74-a204-c1ebcff19cda has been successfully formatted.
2023-03-13 09:53:23,618 [s2-impl-thread1] INFO  server.RaftServerConfigKeys (ConfUtils.java:logGet(46)) - raft.server.log.use.memory = false (default)
2023-03-13 09:53:23,618 [s2-impl-thread1] INFO  server.RaftServerConfigKeys (ConfUtils.java:logGet(46)) - raft.server.log.purge.gap = 1024 (default)
2023-03-13 09:53:23,618 [s2-impl-thread1] INFO  server.RaftServerConfigKeys (ConfUtils.java:logGet(46)) - raft.server.log.appender.buffer.byte-limit = 4MB (=4194304) (default)
2023-03-13 09:53:23,618 [s2-impl-thread1] INFO  server.RaftServerConfigKeys (ConfUtils.java:logGet(46)) - raft.server.log.statemachine.data.read.timeout = 1000ms (default)
2023-03-13 09:53:23,618 [s2-impl-thread1] INFO  server.RaftServerConfigKeys (ConfUtils.java:logGet(46)) - raft.server.log.purge.preservation.log.num = 0 (default)
2023-03-13 09:53:23,619 [s2-impl-thread1] INFO  server.RaftServerConfigKeys (ConfUtils.java:logGet(46)) - raft.server.log.segment.size.max = 8MB (=8388608) (default)
2023-03-13 09:53:23,619 [s2-impl-thread1] INFO  server.RaftServerConfigKeys (ConfUtils.java:logGet(46)) - raft.server.log.segment.cache.num.max = 6 (default)
2023-03-13 09:53:23,619 [s2-impl-thread1] INFO  server.RaftServerConfigKeys (ConfUtils.java:logGet(46)) - raft.server.log.segment.cache.size.max = 200MB (=209715200) (default)
2023-03-13 09:53:23,619 [s2-impl-thread1] INFO  server.RaftServerConfigKeys (ConfUtils.java:logGet(46)) - raft.server.log.appender.buffer.byte-limit = 4MB (=4194304) (default)
2023-03-13 09:53:23,619 [s2-impl-thread1] INFO  segmented.SegmentedRaftLogWorker (SegmentedRaftLogWorker.java:<init>(183)) - new s2@group-C1EBCFF19CDA-SegmentedRaftLogWorker for RaftStorageImpl:Storage Directory /home/runner/work/ratis/ratis/ratis-test/target/test/data/90b8f655/MiniRaftClusterWithSimulatedRpce9487a77/s2/a666b7eb-6872-4d74-a204-c1ebcff19cda
2023-03-13 09:53:23,619 [s2-impl-thread1] INFO  server.RaftServerConfigKeys (ConfUtils.java:logGet(46)) - raft.server.log.queue.byte-limit = 64MB (=67108864) (default)
2023-03-13 09:53:23,619 [s2-impl-thread1] INFO  server.RaftServerConfigKeys (ConfUtils.java:logGet(46)) - raft.server.log.queue.element-limit = 4096 (default)
2023-03-13 09:53:23,620 [s2-impl-thread1] INFO  server.RaftServerConfigKeys (ConfUtils.java:logGet(46)) - raft.server.log.segment.size.max = 8MB (=8388608) (default)
2023-03-13 09:53:23,620 [s2-impl-thread1] INFO  server.RaftServerConfigKeys (ConfUtils.java:logGet(46)) - raft.server.log.preallocated.size = 4MB (=4194304) (default)
2023-03-13 09:53:23,620 [s2-impl-thread1] INFO  server.RaftServerConfigKeys (ConfUtils.java:logGet(46)) - raft.server.log.force.sync.num = 128 (default)
2023-03-13 09:53:23,620 [s2-impl-thread1] INFO  server.RaftServerConfigKeys (ConfUtils.java:logGet(46)) - raft.server.log.statemachine.data.sync = true (default)
2023-03-13 09:53:23,620 [s2-impl-thread1] INFO  server.RaftServerConfigKeys (ConfUtils.java:logGet(46)) - raft.server.log.statemachine.data.sync.timeout = 10s (default)
2023-03-13 09:53:23,620 [s2-impl-thread1] INFO  server.RaftServerConfigKeys (ConfUtils.java:logGet(46)) - raft.server.log.statemachine.data.sync.timeout.retry = -1 (default)
2023-03-13 09:53:23,620 [s2-impl-thread1] INFO  server.RaftServerConfigKeys (ConfUtils.java:logGet(46)) - raft.server.log.write.buffer.size = 64KB (=65536) (default)
2023-03-13 09:53:23,620 [s2-impl-thread1] INFO  server.RaftServerConfigKeys (ConfUtils.java:logGet(46)) - raft.server.log.appender.buffer.byte-limit = 4MB (=4194304) (default)
2023-03-13 09:53:23,621 [s2-impl-thread1] INFO  server.RaftServerConfigKeys (ConfUtils.java:logGet(46)) - raft.server.log.unsafe-flush.enabled = false (default)
2023-03-13 09:53:23,621 [s2-impl-thread1] INFO  server.RaftServerConfigKeys (ConfUtils.java:logGet(46)) - raft.server.log.async-flush.enabled = false (default)
2023-03-13 09:53:23,621 [s2-impl-thread1] INFO  server.RaftServerConfigKeys (ConfUtils.java:logGet(46)) - raft.server.log.statemachine.data.caching.enabled = false (default)
2023-03-13 09:53:23,621 [s2-impl-thread1] INFO  segmented.SegmentedRaftLogWorker (SegmentedRaftLogWorker.java:lambda$new$0(134)) - s2@group-C1EBCFF19CDA-SegmentedRaftLogWorker: flushIndex: setUnconditionally 0 -> -1
2023-03-13 09:53:23,621 [s2-impl-thread1] INFO  segmented.SegmentedRaftLogWorker (SegmentedRaftLogWorker.java:lambda$new$0(134)) - s2@group-C1EBCFF19CDA-SegmentedRaftLogWorker: safeCacheEvictIndex: setUnconditionally 0 -> -1
2023-03-13 09:53:23,621 [s2-impl-thread1] INFO  server.RaftServer$Division (RaftServerImpl.java:start(342)) - s2@group-C1EBCFF19CDA: start as a follower, conf=-1: peers:[s3|rpc:localhost:36161|admin:localhost:45145|client:localhost:33773|dataStream:localhost:34673|priority:0|startupRole:FOLLOWER, s4|rpc:localhost:46159|admin:localhost:33017|client:localhost:38269|dataStream:localhost:46577|priority:0|startupRole:FOLLOWER, s0|rpc:localhost:42037|admin:localhost:35933|client:localhost:37745|dataStream:localhost:46027|priority:0|startupRole:FOLLOWER, s1|rpc:localhost:42415|admin:localhost:39681|client:localhost:39407|dataStream:localhost:35133|priority:0|startupRole:FOLLOWER, s2|rpc:localhost:37505|admin:localhost:38193|client:localhost:45367|dataStream:localhost:33575|priority:0|startupRole:FOLLOWER]|listeners:[], old=null
2023-03-13 09:53:23,621 [s2-impl-thread1] INFO  server.RaftServer$Division (RaftServerImpl.java:setRole(329)) - s2@group-C1EBCFF19CDA: changes role from      null to FOLLOWER at term 0 for startAsFollower
2023-03-13 09:53:23,621 [s2-impl-thread1] INFO  impl.RoleInfo (RoleInfo.java:updateAndGet(139)) - s2: start s2@group-C1EBCFF19CDA-FollowerState
2023-03-13 09:53:23,622 [s2-impl-thread1] INFO  util.JmxRegister (JmxRegister.java:tryRegister(44)) - Successfully registered JMX Bean with object name Ratis:service=RaftServer,group=group-C1EBCFF19CDA,id=s2
2023-03-13 09:53:23,622 [s2-impl-thread1] INFO  server.RaftServerConfigKeys (ConfUtils.java:logGet(46)) - raft.server.snapshot.auto.trigger.enabled = false (default)
2023-03-13 09:53:23,622 [s2-impl-thread1] INFO  server.RaftServerConfigKeys (ConfUtils.java:logGet(46)) - raft.server.snapshot.retention.file.num = -1 (default)
2023-03-13 09:53:23,622 [s2-impl-thread1] INFO  server.RaftServerConfigKeys (ConfUtils.java:logGet(46)) - raft.server.log.purge.upto.snapshot.index = false (default)
2023-03-13 09:53:23,622 [s2@group-C1EBCFF19CDA-FollowerState] INFO  server.RaftServerConfigKeys (ConfUtils.java:logFallback(53)) - raft.server.rpc.first-election.timeout.min = 150ms (fallback to raft.server.rpc.timeout.min)
2023-03-13 09:53:23,622 [s2@group-C1EBCFF19CDA-FollowerState] INFO  server.RaftServerConfigKeys (ConfUtils.java:logFallback(53)) - raft.server.rpc.first-election.timeout.max = 300ms (fallback to raft.server.rpc.timeout.max)
2023-03-13 09:53:23,622 [Time-limited test] INFO  server.RaftServer (RaftServerProxy.java:startImpl(401)) - s2: start RPC server
2023-03-13 09:53:23,623 [JvmPauseMonitor8] INFO  util.JvmPauseMonitor (JvmPauseMonitor.java:run(103)) - JvmPauseMonitor-s2: Started
2023-03-13 09:53:23,627 [Time-limited test] INFO  server.RaftServerConfigKeys (ConfUtils.java:logGet(46)) - raft.server.rpc.timeout.max = 300ms (default)
2023-03-13 09:53:23,628 [Time-limited test] INFO  ratis.RaftTestUtil (RaftTestUtil.java:waitForLeader(100)) - printing ALL groups
  s3:  RUNNING  FOLLOWER s3@group-C1EBCFF19CDA:t0, leader=null, voted=, raftlog=Memoized:s3@group-C1EBCFF19CDA-SegmentedRaftLog:OPENED:c-1, conf=-1: peers:[s3|rpc:localhost:36161|admin:localhost:45145|client:localhost:33773|dataStream:localhost:34673|priority:0|startupRole:FOLLOWER, s4|rpc:localhost:46159|admin:localhost:33017|client:localhost:38269|dataStream:localhost:46577|priority:0|startupRole:FOLLOWER, s0|rpc:localhost:42037|admin:localhost:35933|client:localhost:37745|dataStream:localhost:46027|priority:0|startupRole:FOLLOWER, s1|rpc:localhost:42415|admin:localhost:39681|client:localhost:39407|dataStream:localhost:35133|priority:0|startupRole:FOLLOWER, s2|rpc:localhost:37505|admin:localhost:38193|client:localhost:45367|dataStream:localhost:33575|priority:0|startupRole:FOLLOWER]|listeners:[], old=null RUNNING
  s4:  RUNNING  FOLLOWER s4@group-C1EBCFF19CDA:t0, leader=null, voted=, raftlog=Memoized:s4@group-C1EBCFF19CDA-SegmentedRaftLog:OPENED:c-1, conf=-1: peers:[s3|rpc:localhost:36161|admin:localhost:45145|client:localhost:33773|dataStream:localhost:34673|priority:0|startupRole:FOLLOWER, s4|rpc:localhost:46159|admin:localhost:33017|client:localhost:38269|dataStream:localhost:46577|priority:0|startupRole:FOLLOWER, s0|rpc:localhost:42037|admin:localhost:35933|client:localhost:37745|dataStream:localhost:46027|priority:0|startupRole:FOLLOWER, s1|rpc:localhost:42415|admin:localhost:39681|client:localhost:39407|dataStream:localhost:35133|priority:0|startupRole:FOLLOWER, s2|rpc:localhost:37505|admin:localhost:38193|client:localhost:45367|dataStream:localhost:33575|priority:0|startupRole:FOLLOWER]|listeners:[], old=null RUNNING
  s0:  RUNNING  FOLLOWER s0@group-C1EBCFF19CDA:t0, leader=null, voted=, raftlog=Memoized:s0@group-C1EBCFF19CDA-SegmentedRaftLog:OPENED:c-1, conf=-1: peers:[s3|rpc:localhost:36161|admin:localhost:45145|client:localhost:33773|dataStream:localhost:34673|priority:0|startupRole:FOLLOWER, s4|rpc:localhost:46159|admin:localhost:33017|client:localhost:38269|dataStream:localhost:46577|priority:0|startupRole:FOLLOWER, s0|rpc:localhost:42037|admin:localhost:35933|client:localhost:37745|dataStream:localhost:46027|priority:0|startupRole:FOLLOWER, s1|rpc:localhost:42415|admin:localhost:39681|client:localhost:39407|dataStream:localhost:35133|priority:0|startupRole:FOLLOWER, s2|rpc:localhost:37505|admin:localhost:38193|client:localhost:45367|dataStream:localhost:33575|priority:0|startupRole:FOLLOWER]|listeners:[], old=null RUNNING
  s1:  RUNNING  FOLLOWER s1@group-C1EBCFF19CDA:t0, leader=null, voted=, raftlog=Memoized:s1@group-C1EBCFF19CDA-SegmentedRaftLog:OPENED:c-1, conf=-1: peers:[s3|rpc:localhost:36161|admin:localhost:45145|client:localhost:33773|dataStream:localhost:34673|priority:0|startupRole:FOLLOWER, s4|rpc:localhost:46159|admin:localhost:33017|client:localhost:38269|dataStream:localhost:46577|priority:0|startupRole:FOLLOWER, s0|rpc:localhost:42037|admin:localhost:35933|client:localhost:37745|dataStream:localhost:46027|priority:0|startupRole:FOLLOWER, s1|rpc:localhost:42415|admin:localhost:39681|client:localhost:39407|dataStream:localhost:35133|priority:0|startupRole:FOLLOWER, s2|rpc:localhost:37505|admin:localhost:38193|client:localhost:45367|dataStream:localhost:33575|priority:0|startupRole:FOLLOWER]|listeners:[], old=null RUNNING
  s2:  RUNNING  FOLLOWER s2@group-C1EBCFF19CDA:t0, leader=null, voted=, raftlog=Memoized:s2@group-C1EBCFF19CDA-SegmentedRaftLog:OPENED:c-1, conf=-1: peers:[s3|rpc:localhost:36161|admin:localhost:45145|client:localhost:33773|dataStream:localhost:34673|priority:0|startupRole:FOLLOWER, s4|rpc:localhost:46159|admin:localhost:33017|client:localhost:38269|dataStream:localhost:46577|priority:0|startupRole:FOLLOWER, s0|rpc:localhost:42037|admin:localhost:35933|client:localhost:37745|dataStream:localhost:46027|priority:0|startupRole:FOLLOWER, s1|rpc:localhost:42415|admin:localhost:39681|client:localhost:39407|dataStream:localhost:35133|priority:0|startupRole:FOLLOWER, s2|rpc:localhost:37505|admin:localhost:38193|client:localhost:45367|dataStream:localhost:33575|priority:0|startupRole:FOLLOWER]|listeners:[], old=null RUNNING
2023-03-13 09:53:23,628 [Time-limited test] WARN  ratis.RaftTestUtil (JavaUtils.java:attempt(217)) - FAILED "waitForLeader-null-(expectLeader? true)", attempt #1/100: java.lang.IllegalStateException: No leader yet : printing ALL groups
  s3:  RUNNING  FOLLOWER s3@group-C1EBCFF19CDA:t0, leader=null, voted=, raftlog=Memoized:s3@group-C1EBCFF19CDA-SegmentedRaftLog:OPENED:c-1, conf=-1: peers:[s3|rpc:localhost:36161|admin:localhost:45145|client:localhost:33773|dataStream:localhost:34673|priority:0|startupRole:FOLLOWER, s4|rpc:localhost:46159|admin:localhost:33017|client:localhost:38269|dataStream:localhost:46577|priority:0|startupRole:FOLLOWER, s0|rpc:localhost:42037|admin:localhost:35933|client:localhost:37745|dataStream:localhost:46027|priority:0|startupRole:FOLLOWER, s1|rpc:localhost:42415|admin:localhost:39681|client:localhost:39407|dataStream:localhost:35133|priority:0|startupRole:FOLLOWER, s2|rpc:localhost:37505|admin:localhost:38193|client:localhost:45367|dataStream:localhost:33575|priority:0|startupRole:FOLLOWER]|listeners:[], old=null RUNNING
  s4:  RUNNING  FOLLOWER s4@group-C1EBCFF19CDA:t0, leader=null, voted=, raftlog=Memoized:s4@group-C1EBCFF19CDA-SegmentedRaftLog:OPENED:c-1, conf=-1: peers:[s3|rpc:localhost:36161|admin:localhost:45145|client:localhost:33773|dataStream:localhost:34673|priority:0|startupRole:FOLLOWER, s4|rpc:localhost:46159|admin:localhost:33017|client:localhost:38269|dataStream:localhost:46577|priority:0|startupRole:FOLLOWER, s0|rpc:localhost:42037|admin:localhost:35933|client:localhost:37745|dataStream:localhost:46027|priority:0|startupRole:FOLLOWER, s1|rpc:localhost:42415|admin:localhost:39681|client:localhost:39407|dataStream:localhost:35133|priority:0|startupRole:FOLLOWER, s2|rpc:localhost:37505|admin:localhost:38193|client:localhost:45367|dataStream:localhost:33575|priority:0|startupRole:FOLLOWER]|listeners:[], old=null RUNNING
  s0:  RUNNING  FOLLOWER s0@group-C1EBCFF19CDA:t0, leader=null, voted=, raftlog=Memoized:s0@group-C1EBCFF19CDA-SegmentedRaftLog:OPENED:c-1, conf=-1: peers:[s3|rpc:localhost:36161|admin:localhost:45145|client:localhost:33773|dataStream:localhost:34673|priority:0|startupRole:FOLLOWER, s4|rpc:localhost:46159|admin:localhost:33017|client:localhost:38269|dataStream:localhost:46577|priority:0|startupRole:FOLLOWER, s0|rpc:localhost:42037|admin:localhost:35933|client:localhost:37745|dataStream:localhost:46027|priority:0|startupRole:FOLLOWER, s1|rpc:localhost:42415|admin:localhost:39681|client:localhost:39407|dataStream:localhost:35133|priority:0|startupRole:FOLLOWER, s2|rpc:localhost:37505|admin:localhost:38193|client:localhost:45367|dataStream:localhost:33575|priority:0|startupRole:FOLLOWER]|listeners:[], old=null RUNNING
  s1:  RUNNING  FOLLOWER s1@group-C1EBCFF19CDA:t0, leader=null, voted=, raftlog=Memoized:s1@group-C1EBCFF19CDA-SegmentedRaftLog:OPENED:c-1, conf=-1: peers:[s3|rpc:localhost:36161|admin:localhost:45145|client:localhost:33773|dataStream:localhost:34673|priority:0|startupRole:FOLLOWER, s4|rpc:localhost:46159|admin:localhost:33017|client:localhost:38269|dataStream:localhost:46577|priority:0|startupRole:FOLLOWER, s0|rpc:localhost:42037|admin:localhost:35933|client:localhost:37745|dataStream:localhost:46027|priority:0|startupRole:FOLLOWER, s1|rpc:localhost:42415|admin:localhost:39681|client:localhost:39407|dataStream:localhost:35133|priority:0|startupRole:FOLLOWER, s2|rpc:localhost:37505|admin:localhost:38193|client:localhost:45367|dataStream:localhost:33575|priority:0|startupRole:FOLLOWER]|listeners:[], old=null RUNNING
  s2:  RUNNING  FOLLOWER s2@group-C1EBCFF19CDA:t0, leader=null, voted=, raftlog=Memoized:s2@group-C1EBCFF19CDA-SegmentedRaftLog:OPENED:c-1, conf=-1: peers:[s3|rpc:localhost:36161|admin:localhost:45145|client:localhost:33773|dataStream:localhost:34673|priority:0|startupRole:FOLLOWER, s4|rpc:localhost:46159|admin:localhost:33017|client:localhost:38269|dataStream:localhost:46577|priority:0|startupRole:FOLLOWER, s0|rpc:localhost:42037|admin:localhost:35933|client:localhost:37745|dataStream:localhost:46027|priority:0|startupRole:FOLLOWER, s1|rpc:localhost:42415|admin:localhost:39681|client:localhost:39407|dataStream:localhost:35133|priority:0|startupRole:FOLLOWER, s2|rpc:localhost:37505|admin:localhost:38193|client:localhost:45367|dataStream:localhost:33575|priority:0|startupRole:FOLLOWER]|listeners:[], old=null RUNNING, sleep 450ms and then retry.
java.lang.IllegalStateException: No leader yet : printing ALL groups
  s3:  RUNNING  FOLLOWER s3@group-C1EBCFF19CDA:t0, leader=null, voted=, raftlog=Memoized:s3@group-C1EBCFF19CDA-SegmentedRaftLog:OPENED:c-1, conf=-1: peers:[s3|rpc:localhost:36161|admin:localhost:45145|client:localhost:33773|dataStream:localhost:34673|priority:0|startupRole:FOLLOWER, s4|rpc:localhost:46159|admin:localhost:33017|client:localhost:38269|dataStream:localhost:46577|priority:0|startupRole:FOLLOWER, s0|rpc:localhost:42037|admin:localhost:35933|client:localhost:37745|dataStream:localhost:46027|priority:0|startupRole:FOLLOWER, s1|rpc:localhost:42415|admin:localhost:39681|client:localhost:39407|dataStream:localhost:35133|priority:0|startupRole:FOLLOWER, s2|rpc:localhost:37505|admin:localhost:38193|client:localhost:45367|dataStream:localhost:33575|priority:0|startupRole:FOLLOWER]|listeners:[], old=null RUNNING
  s4:  RUNNING  FOLLOWER s4@group-C1EBCFF19CDA:t0, leader=null, voted=, raftlog=Memoized:s4@group-C1EBCFF19CDA-SegmentedRaftLog:OPENED:c-1, conf=-1: peers:[s3|rpc:localhost:36161|admin:localhost:45145|client:localhost:33773|dataStream:localhost:34673|priority:0|startupRole:FOLLOWER, s4|rpc:localhost:46159|admin:localhost:33017|client:localhost:38269|dataStream:localhost:46577|priority:0|startupRole:FOLLOWER, s0|rpc:localhost:42037|admin:localhost:35933|client:localhost:37745|dataStream:localhost:46027|priority:0|startupRole:FOLLOWER, s1|rpc:localhost:42415|admin:localhost:39681|client:localhost:39407|dataStream:localhost:35133|priority:0|startupRole:FOLLOWER, s2|rpc:localhost:37505|admin:localhost:38193|client:localhost:45367|dataStream:localhost:33575|priority:0|startupRole:FOLLOWER]|listeners:[], old=null RUNNING
  s0:  RUNNING  FOLLOWER s0@group-C1EBCFF19CDA:t0, leader=null, voted=, raftlog=Memoized:s0@group-C1EBCFF19CDA-SegmentedRaftLog:OPENED:c-1, conf=-1: peers:[s3|rpc:localhost:36161|admin:localhost:45145|client:localhost:33773|dataStream:localhost:34673|priority:0|startupRole:FOLLOWER, s4|rpc:localhost:46159|admin:localhost:33017|client:localhost:38269|dataStream:localhost:46577|priority:0|startupRole:FOLLOWER, s0|rpc:localhost:42037|admin:localhost:35933|client:localhost:37745|dataStream:localhost:46027|priority:0|startupRole:FOLLOWER, s1|rpc:localhost:42415|admin:localhost:39681|client:localhost:39407|dataStream:localhost:35133|priority:0|startupRole:FOLLOWER, s2|rpc:localhost:37505|admin:localhost:38193|client:localhost:45367|dataStream:localhost:33575|priority:0|startupRole:FOLLOWER]|listeners:[], old=null RUNNING
  s1:  RUNNING  FOLLOWER s1@group-C1EBCFF19CDA:t0, leader=null, voted=, raftlog=Memoized:s1@group-C1EBCFF19CDA-SegmentedRaftLog:OPENED:c-1, conf=-1: peers:[s3|rpc:localhost:36161|admin:localhost:45145|client:localhost:33773|dataStream:localhost:34673|priority:0|startupRole:FOLLOWER, s4|rpc:localhost:46159|admin:localhost:33017|client:localhost:38269|dataStream:localhost:46577|priority:0|startupRole:FOLLOWER, s0|rpc:localhost:42037|admin:localhost:35933|client:localhost:37745|dataStream:localhost:46027|priority:0|startupRole:FOLLOWER, s1|rpc:localhost:42415|admin:localhost:39681|client:localhost:39407|dataStream:localhost:35133|priority:0|startupRole:FOLLOWER, s2|rpc:localhost:37505|admin:localhost:38193|client:localhost:45367|dataStream:localhost:33575|priority:0|startupRole:FOLLOWER]|listeners:[], old=null RUNNING
  s2:  RUNNING  FOLLOWER s2@group-C1EBCFF19CDA:t0, leader=null, voted=, raftlog=Memoized:s2@group-C1EBCFF19CDA-SegmentedRaftLog:OPENED:c-1, conf=-1: peers:[s3|rpc:localhost:36161|admin:localhost:45145|client:localhost:33773|dataStream:localhost:34673|priority:0|startupRole:FOLLOWER, s4|rpc:localhost:46159|admin:localhost:33017|client:localhost:38269|dataStream:localhost:46577|priority:0|startupRole:FOLLOWER, s0|rpc:localhost:42037|admin:localhost:35933|client:localhost:37745|dataStream:localhost:46027|priority:0|startupRole:FOLLOWER, s1|rpc:localhost:42415|admin:localhost:39681|client:localhost:39407|dataStream:localhost:35133|priority:0|startupRole:FOLLOWER, s2|rpc:localhost:37505|admin:localhost:38193|client:localhost:45367|dataStream:localhost:33575|priority:0|startupRole:FOLLOWER]|listeners:[], old=null RUNNING
	at org.apache.ratis.server.impl.MiniRaftCluster.newIllegalStateExceptionForNoLeaders(MiniRaftCluster.java:581)
	at org.apache.ratis.RaftTestUtil.lambda$waitForLeader$1(RaftTestUtil.java:104)
	at org.apache.ratis.server.impl.MiniRaftCluster.getLeader(MiniRaftCluster.java:615)
	at org.apache.ratis.server.impl.MiniRaftCluster.getLeader(MiniRaftCluster.java:608)
	at org.apache.ratis.RaftTestUtil.lambda$waitForLeader$3(RaftTestUtil.java:112)
	at org.apache.ratis.util.JavaUtils.attempt(JavaUtils.java:211)
	at org.apache.ratis.util.JavaUtils.attemptRepeatedly(JavaUtils.java:197)
	at org.apache.ratis.RaftTestUtil.waitForLeader(RaftTestUtil.java:111)
	at org.apache.ratis.RaftTestUtil.waitForLeader(RaftTestUtil.java:92)
	at org.apache.ratis.RaftTestUtil.waitForLeader(RaftTestUtil.java:87)
	at org.apache.ratis.server.impl.LeaderElectionTests.testEnforceLeader(LeaderElectionTests.java:303)
	at java.base/jdk.internal.reflect.NativeMethodAccessorImpl.invoke0(Native Method)
	at java.base/jdk.internal.reflect.NativeMethodAccessorImpl.invoke(NativeMethodAccessorImpl.java:62)
	at java.base/jdk.internal.reflect.DelegatingMethodAccessorImpl.invoke(DelegatingMethodAccessorImpl.java:43)
	at java.base/java.lang.reflect.Method.invoke(Method.java:566)
	at org.junit.runners.model.FrameworkMethod$1.runReflectiveCall(FrameworkMethod.java:59)
	at org.junit.internal.runners.model.ReflectiveCallable.run(ReflectiveCallable.java:12)
	at org.junit.runners.model.FrameworkMethod.invokeExplosively(FrameworkMethod.java:56)
	at org.junit.internal.runners.statements.InvokeMethod.evaluate(InvokeMethod.java:17)
	at org.junit.internal.runners.statements.RunAfters.evaluate(RunAfters.java:27)
	at org.junit.internal.runners.statements.FailOnTimeout$CallableStatement.call(FailOnTimeout.java:299)
	at org.junit.internal.runners.statements.FailOnTimeout$CallableStatement.call(FailOnTimeout.java:293)
	at java.base/java.util.concurrent.FutureTask.run(FutureTask.java:264)
	at java.base/java.lang.Thread.run(Thread.java:829)
2023-03-13 09:53:23,796 [s2@group-C1EBCFF19CDA-FollowerState] INFO  impl.FollowerState (FollowerState.java:run(143)) - s2@group-C1EBCFF19CDA-FollowerState: change to CANDIDATE, lastRpcElapsedTime:174342831ns, electionTimeout:173ms
2023-03-13 09:53:23,796 [s2@group-C1EBCFF19CDA-FollowerState] INFO  impl.RoleInfo (RoleInfo.java:shutdownFollowerState(110)) - s2: shutdown s2@group-C1EBCFF19CDA-FollowerState
2023-03-13 09:53:23,796 [s2@group-C1EBCFF19CDA-FollowerState] INFO  server.RaftServer$Division (RaftServerImpl.java:setRole(329)) - s2@group-C1EBCFF19CDA: changes role from  FOLLOWER to CANDIDATE at term 0 for changeToCandidate
2023-03-13 09:53:23,796 [s2@group-C1EBCFF19CDA-FollowerState] INFO  server.RaftServerConfigKeys (ConfUtils.java:logGet(46)) - raft.server.leaderelection.pre-vote = true (default)
2023-03-13 09:53:23,796 [s2@group-C1EBCFF19CDA-FollowerState] INFO  impl.RoleInfo (RoleInfo.java:updateAndGet(139)) - s2: start s2@group-C1EBCFF19CDA-LeaderElection2
2023-03-13 09:53:23,801 [s2@group-C1EBCFF19CDA-LeaderElection2] INFO  impl.LeaderElection (LeaderElection.java:askForVotes(310)) - s2@group-C1EBCFF19CDA-LeaderElection2 PRE_VOTE round 0: submit vote requests at term 0 for -1: peers:[s3|rpc:localhost:36161|admin:localhost:45145|client:localhost:33773|dataStream:localhost:34673|priority:0|startupRole:FOLLOWER, s4|rpc:localhost:46159|admin:localhost:33017|client:localhost:38269|dataStream:localhost:46577|priority:0|startupRole:FOLLOWER, s0|rpc:localhost:42037|admin:localhost:35933|client:localhost:37745|dataStream:localhost:46027|priority:0|startupRole:FOLLOWER, s1|rpc:localhost:42415|admin:localhost:39681|client:localhost:39407|dataStream:localhost:35133|priority:0|startupRole:FOLLOWER, s2|rpc:localhost:37505|admin:localhost:38193|client:localhost:45367|dataStream:localhost:33575|priority:0|startupRole:FOLLOWER]|listeners:[], old=null
2023-03-13 09:53:23,801 [HandlerDaemon-0] INFO  server.RaftServer$Division (RaftServerImpl.java:requestVote(1300)) - s3@group-C1EBCFF19CDA: receive requestVote(PRE_VOTE, s2, group-C1EBCFF19CDA, 0, (t:0, i:0))
2023-03-13 09:53:23,802 [HandlerDaemon-0] INFO  impl.VoteContext (VoteContext.java:log(49)) - s3@group-C1EBCFF19CDA-FOLLOWER: accept PRE_VOTE from s2: our priority 0 <= candidate's priority 0
2023-03-13 09:53:23,802 [HandlerDaemon-0] INFO  server.RaftServer$Division (RaftServerImpl.java:requestVote(1333)) - s3@group-C1EBCFF19CDA replies to PRE_VOTE vote request: s2<-s3#0:OK-t0. Peer's state: s3@group-C1EBCFF19CDA:t0, leader=null, voted=, raftlog=Memoized:s3@group-C1EBCFF19CDA-SegmentedRaftLog:OPENED:c-1, conf=-1: peers:[s3|rpc:localhost:36161|admin:localhost:45145|client:localhost:33773|dataStream:localhost:34673|priority:0|startupRole:FOLLOWER, s4|rpc:localhost:46159|admin:localhost:33017|client:localhost:38269|dataStream:localhost:46577|priority:0|startupRole:FOLLOWER, s0|rpc:localhost:42037|admin:localhost:35933|client:localhost:37745|dataStream:localhost:46027|priority:0|startupRole:FOLLOWER, s1|rpc:localhost:42415|admin:localhost:39681|client:localhost:39407|dataStream:localhost:35133|priority:0|startupRole:FOLLOWER, s2|rpc:localhost:37505|admin:localhost:38193|client:localhost:45367|dataStream:localhost:33575|priority:0|startupRole:FOLLOWER]|listeners:[], old=null
2023-03-13 09:53:23,802 [HandlerDaemon-0] INFO  server.RaftServer$Division (RaftServerImpl.java:requestVote(1300)) - s4@group-C1EBCFF19CDA: receive requestVote(PRE_VOTE, s2, group-C1EBCFF19CDA, 0, (t:0, i:0))
2023-03-13 09:53:23,802 [HandlerDaemon-0] INFO  impl.VoteContext (VoteContext.java:log(49)) - s4@group-C1EBCFF19CDA-FOLLOWER: accept PRE_VOTE from s2: our priority 0 <= candidate's priority 0
2023-03-13 09:53:23,802 [HandlerDaemon-0] INFO  server.RaftServer$Division (RaftServerImpl.java:requestVote(1333)) - s4@group-C1EBCFF19CDA replies to PRE_VOTE vote request: s2<-s4#0:OK-t0. Peer's state: s4@group-C1EBCFF19CDA:t0, leader=null, voted=, raftlog=Memoized:s4@group-C1EBCFF19CDA-SegmentedRaftLog:OPENED:c-1, conf=-1: peers:[s3|rpc:localhost:36161|admin:localhost:45145|client:localhost:33773|dataStream:localhost:34673|priority:0|startupRole:FOLLOWER, s4|rpc:localhost:46159|admin:localhost:33017|client:localhost:38269|dataStream:localhost:46577|priority:0|startupRole:FOLLOWER, s0|rpc:localhost:42037|admin:localhost:35933|client:localhost:37745|dataStream:localhost:46027|priority:0|startupRole:FOLLOWER, s1|rpc:localhost:42415|admin:localhost:39681|client:localhost:39407|dataStream:localhost:35133|priority:0|startupRole:FOLLOWER, s2|rpc:localhost:37505|admin:localhost:38193|client:localhost:45367|dataStream:localhost:33575|priority:0|startupRole:FOLLOWER]|listeners:[], old=null
2023-03-13 09:53:23,802 [HandlerDaemon-0] INFO  server.RaftServer$Division (RaftServerImpl.java:requestVote(1300)) - s0@group-C1EBCFF19CDA: receive requestVote(PRE_VOTE, s2, group-C1EBCFF19CDA, 0, (t:0, i:0))
2023-03-13 09:53:23,802 [HandlerDaemon-0] INFO  impl.VoteContext (VoteContext.java:log(49)) - s0@group-C1EBCFF19CDA-FOLLOWER: accept PRE_VOTE from s2: our priority 0 <= candidate's priority 0
2023-03-13 09:53:23,802 [HandlerDaemon-0] INFO  server.RaftServer$Division (RaftServerImpl.java:requestVote(1333)) - s0@group-C1EBCFF19CDA replies to PRE_VOTE vote request: s2<-s0#0:OK-t0. Peer's state: s0@group-C1EBCFF19CDA:t0, leader=null, voted=, raftlog=Memoized:s0@group-C1EBCFF19CDA-SegmentedRaftLog:OPENED:c-1, conf=-1: peers:[s3|rpc:localhost:36161|admin:localhost:45145|client:localhost:33773|dataStream:localhost:34673|priority:0|startupRole:FOLLOWER, s4|rpc:localhost:46159|admin:localhost:33017|client:localhost:38269|dataStream:localhost:46577|priority:0|startupRole:FOLLOWER, s0|rpc:localhost:42037|admin:localhost:35933|client:localhost:37745|dataStream:localhost:46027|priority:0|startupRole:FOLLOWER, s1|rpc:localhost:42415|admin:localhost:39681|client:localhost:39407|dataStream:localhost:35133|priority:0|startupRole:FOLLOWER, s2|rpc:localhost:37505|admin:localhost:38193|client:localhost:45367|dataStream:localhost:33575|priority:0|startupRole:FOLLOWER]|listeners:[], old=null
2023-03-13 09:53:23,803 [s2@group-C1EBCFF19CDA-LeaderElection2] INFO  server.RaftServerConfigKeys (ConfUtils.java:logFallback(53)) - raft.server.rpc.first-election.timeout.min = 150ms (fallback to raft.server.rpc.timeout.min)
2023-03-13 09:53:23,803 [s2@group-C1EBCFF19CDA-LeaderElection2] INFO  server.RaftServerConfigKeys (ConfUtils.java:logFallback(53)) - raft.server.rpc.first-election.timeout.max = 300ms (fallback to raft.server.rpc.timeout.max)
2023-03-13 09:53:23,803 [s2@group-C1EBCFF19CDA-LeaderElection2] INFO  impl.LeaderElection (LeaderElection.java:logAndReturn(89)) - s2@group-C1EBCFF19CDA-LeaderElection2: PRE_VOTE PASSED received 2 response(s) and 0 exception(s):
2023-03-13 09:53:23,803 [s2@group-C1EBCFF19CDA-LeaderElection2] INFO  impl.LeaderElection (LeaderElection.java:logAndReturn(93)) -   Response 0: s2<-s3#0:OK-t0
2023-03-13 09:53:23,803 [s2@group-C1EBCFF19CDA-LeaderElection2] INFO  impl.LeaderElection (LeaderElection.java:logAndReturn(93)) -   Response 1: s2<-s4#0:OK-t0
2023-03-13 09:53:23,803 [s2@group-C1EBCFF19CDA-LeaderElection2] INFO  impl.LeaderElection (LeaderElection.java:askForVotes(312)) - s2@group-C1EBCFF19CDA-LeaderElection2 PRE_VOTE round 0: result PASSED
2023-03-13 09:53:23,806 [s4@group-C1EBCFF19CDA-FollowerState] INFO  server.RaftServerConfigKeys (ConfUtils.java:logFallback(53)) - raft.server.rpc.first-election.timeout.min = 150ms (fallback to raft.server.rpc.timeout.min)
2023-03-13 09:53:23,806 [s4@group-C1EBCFF19CDA-FollowerState] INFO  server.RaftServerConfigKeys (ConfUtils.java:logFallback(53)) - raft.server.rpc.first-election.timeout.max = 300ms (fallback to raft.server.rpc.timeout.max)
2023-03-13 09:53:23,806 [s2@group-C1EBCFF19CDA-LeaderElection2] INFO  impl.LeaderElection (LeaderElection.java:askForVotes(310)) - s2@group-C1EBCFF19CDA-LeaderElection2 ELECTION round 0: submit vote requests at term 1 for -1: peers:[s3|rpc:localhost:36161|admin:localhost:45145|client:localhost:33773|dataStream:localhost:34673|priority:0|startupRole:FOLLOWER, s4|rpc:localhost:46159|admin:localhost:33017|client:localhost:38269|dataStream:localhost:46577|priority:0|startupRole:FOLLOWER, s0|rpc:localhost:42037|admin:localhost:35933|client:localhost:37745|dataStream:localhost:46027|priority:0|startupRole:FOLLOWER, s1|rpc:localhost:42415|admin:localhost:39681|client:localhost:39407|dataStream:localhost:35133|priority:0|startupRole:FOLLOWER, s2|rpc:localhost:37505|admin:localhost:38193|client:localhost:45367|dataStream:localhost:33575|priority:0|startupRole:FOLLOWER]|listeners:[], old=null
2023-03-13 09:53:23,806 [HandlerDaemon-0] INFO  server.RaftServer$Division (RaftServerImpl.java:requestVote(1300)) - s1@group-C1EBCFF19CDA: receive requestVote(PRE_VOTE, s2, group-C1EBCFF19CDA, 0, (t:0, i:0))
2023-03-13 09:53:23,807 [HandlerDaemon-0] INFO  impl.VoteContext (VoteContext.java:log(49)) - s1@group-C1EBCFF19CDA-FOLLOWER: accept PRE_VOTE from s2: our priority 0 <= candidate's priority 0
2023-03-13 09:53:23,807 [HandlerDaemon-0] INFO  server.RaftServer$Division (RaftServerImpl.java:requestVote(1333)) - s1@group-C1EBCFF19CDA replies to PRE_VOTE vote request: s2<-s1#0:OK-t0. Peer's state: s1@group-C1EBCFF19CDA:t0, leader=null, voted=, raftlog=Memoized:s1@group-C1EBCFF19CDA-SegmentedRaftLog:OPENED:c-1, conf=-1: peers:[s3|rpc:localhost:36161|admin:localhost:45145|client:localhost:33773|dataStream:localhost:34673|priority:0|startupRole:FOLLOWER, s4|rpc:localhost:46159|admin:localhost:33017|client:localhost:38269|dataStream:localhost:46577|priority:0|startupRole:FOLLOWER, s0|rpc:localhost:42037|admin:localhost:35933|client:localhost:37745|dataStream:localhost:46027|priority:0|startupRole:FOLLOWER, s1|rpc:localhost:42415|admin:localhost:39681|client:localhost:39407|dataStream:localhost:35133|priority:0|startupRole:FOLLOWER, s2|rpc:localhost:37505|admin:localhost:38193|client:localhost:45367|dataStream:localhost:33575|priority:0|startupRole:FOLLOWER]|listeners:[], old=null
2023-03-13 09:53:23,808 [HandlerDaemon-1] INFO  server.RaftServer$Division (RaftServerImpl.java:requestVote(1300)) - s3@group-C1EBCFF19CDA: receive requestVote(ELECTION, s2, group-C1EBCFF19CDA, 1, (t:0, i:0))
2023-03-13 09:53:23,811 [HandlerDaemon-1] INFO  server.RaftServer$Division (RaftServerImpl.java:requestVote(1300)) - s4@group-C1EBCFF19CDA: receive requestVote(ELECTION, s2, group-C1EBCFF19CDA, 1, (t:0, i:0))
2023-03-13 09:53:23,811 [HandlerDaemon-1] INFO  impl.VoteContext (VoteContext.java:log(49)) - s4@group-C1EBCFF19CDA-FOLLOWER: accept ELECTION from s2: our priority 0 <= candidate's priority 0
2023-03-13 09:53:23,812 [HandlerDaemon-1] INFO  server.RaftServer$Division (RaftServerImpl.java:setRole(329)) - s4@group-C1EBCFF19CDA: changes role from  FOLLOWER to FOLLOWER at term 1 for candidate:s2
2023-03-13 09:53:23,812 [HandlerDaemon-1] INFO  impl.RoleInfo (RoleInfo.java:shutdownFollowerState(110)) - s4: shutdown s4@group-C1EBCFF19CDA-FollowerState
2023-03-13 09:53:23,812 [s4@group-C1EBCFF19CDA-FollowerState] INFO  impl.FollowerState (FollowerState.java:run(152)) - s4@group-C1EBCFF19CDA-FollowerState was interrupted
2023-03-13 09:53:23,820 [s2@group-C1EBCFF19CDA-LeaderElection2] INFO  server.RaftServerConfigKeys (ConfUtils.java:logFallback(53)) - raft.server.rpc.first-election.timeout.min = 150ms (fallback to raft.server.rpc.timeout.min)
2023-03-13 09:53:23,820 [s2@group-C1EBCFF19CDA-LeaderElection2] INFO  server.RaftServerConfigKeys (ConfUtils.java:logFallback(53)) - raft.server.rpc.first-election.timeout.max = 300ms (fallback to raft.server.rpc.timeout.max)
2023-03-13 09:53:23,820 [HandlerDaemon-1] INFO  server.RaftServer$Division (RaftServerImpl.java:requestVote(1300)) - s1@group-C1EBCFF19CDA: receive requestVote(ELECTION, s2, group-C1EBCFF19CDA, 1, (t:0, i:0))
2023-03-13 09:53:23,823 [HandlerDaemon-1] INFO  impl.VoteContext (VoteContext.java:log(49)) - s3@group-C1EBCFF19CDA-FOLLOWER: accept ELECTION from s2: our priority 0 <= candidate's priority 0
2023-03-13 09:53:23,823 [HandlerDaemon-1] INFO  server.RaftServer$Division (RaftServerImpl.java:setRole(329)) - s3@group-C1EBCFF19CDA: changes role from  FOLLOWER to FOLLOWER at term 1 for candidate:s2
2023-03-13 09:53:23,823 [HandlerDaemon-1] INFO  impl.VoteContext (VoteContext.java:log(49)) - s1@group-C1EBCFF19CDA-FOLLOWER: accept ELECTION from s2: our priority 0 <= candidate's priority 0
2023-03-13 09:53:23,823 [HandlerDaemon-1] INFO  server.RaftServer$Division (RaftServerImpl.java:setRole(329)) - s1@group-C1EBCFF19CDA: changes role from  FOLLOWER to FOLLOWER at term 1 for candidate:s2
2023-03-13 09:53:23,823 [HandlerDaemon-1] INFO  impl.RoleInfo (RoleInfo.java:shutdownFollowerState(110)) - s1: shutdown s1@group-C1EBCFF19CDA-FollowerState
2023-03-13 09:53:23,823 [s1@group-C1EBCFF19CDA-FollowerState] INFO  impl.FollowerState (FollowerState.java:run(152)) - s1@group-C1EBCFF19CDA-FollowerState was interrupted
2023-03-13 09:53:23,823 [HandlerDaemon-1] INFO  impl.RoleInfo (RoleInfo.java:shutdownFollowerState(110)) - s3: shutdown s3@group-C1EBCFF19CDA-FollowerState
2023-03-13 09:53:23,823 [HandlerDaemon-1] INFO  impl.RoleInfo (RoleInfo.java:updateAndGet(139)) - s4: start s4@group-C1EBCFF19CDA-FollowerState
2023-03-13 09:53:23,823 [s0@group-C1EBCFF19CDA-FollowerState] INFO  server.RaftServerConfigKeys (ConfUtils.java:logFallback(53)) - raft.server.rpc.first-election.timeout.min = 150ms (fallback to raft.server.rpc.timeout.min)
2023-03-13 09:53:23,823 [s0@group-C1EBCFF19CDA-FollowerState] INFO  server.RaftServerConfigKeys (ConfUtils.java:logFallback(53)) - raft.server.rpc.first-election.timeout.max = 300ms (fallback to raft.server.rpc.timeout.max)
2023-03-13 09:53:23,823 [s3@group-C1EBCFF19CDA-FollowerState] INFO  impl.FollowerState (FollowerState.java:run(152)) - s3@group-C1EBCFF19CDA-FollowerState was interrupted
2023-03-13 09:53:23,827 [HandlerDaemon-1] INFO  impl.RoleInfo (RoleInfo.java:updateAndGet(139)) - s1: start s1@group-C1EBCFF19CDA-FollowerState
2023-03-13 09:53:23,827 [s4@group-C1EBCFF19CDA-FollowerState] INFO  server.RaftServerConfigKeys (ConfUtils.java:logFallback(53)) - raft.server.rpc.first-election.timeout.min = 150ms (fallback to raft.server.rpc.timeout.min)
2023-03-13 09:53:23,827 [s4@group-C1EBCFF19CDA-FollowerState] INFO  server.RaftServerConfigKeys (ConfUtils.java:logFallback(53)) - raft.server.rpc.first-election.timeout.max = 300ms (fallback to raft.server.rpc.timeout.max)
2023-03-13 09:53:23,827 [HandlerDaemon-1] INFO  server.RaftServer$Division (RaftServerImpl.java:requestVote(1300)) - s0@group-C1EBCFF19CDA: receive requestVote(ELECTION, s2, group-C1EBCFF19CDA, 1, (t:0, i:0))
2023-03-13 09:53:23,827 [HandlerDaemon-1] INFO  impl.VoteContext (VoteContext.java:log(49)) - s0@group-C1EBCFF19CDA-FOLLOWER: accept ELECTION from s2: our priority 0 <= candidate's priority 0
2023-03-13 09:53:23,828 [HandlerDaemon-1] INFO  server.RaftServer$Division (RaftServerImpl.java:setRole(329)) - s0@group-C1EBCFF19CDA: changes role from  FOLLOWER to FOLLOWER at term 1 for candidate:s2
2023-03-13 09:53:23,828 [HandlerDaemon-1] INFO  impl.RoleInfo (RoleInfo.java:shutdownFollowerState(110)) - s0: shutdown s0@group-C1EBCFF19CDA-FollowerState
2023-03-13 09:53:23,828 [HandlerDaemon-1] INFO  impl.RoleInfo (RoleInfo.java:updateAndGet(139)) - s3: start s3@group-C1EBCFF19CDA-FollowerState
2023-03-13 09:53:23,828 [s0@group-C1EBCFF19CDA-FollowerState] INFO  impl.FollowerState (FollowerState.java:run(152)) - s0@group-C1EBCFF19CDA-FollowerState was interrupted
2023-03-13 09:53:23,828 [HandlerDaemon-1] INFO  server.RaftServer$Division (RaftServerImpl.java:requestVote(1333)) - s4@group-C1EBCFF19CDA replies to ELECTION vote request: s2<-s4#0:OK-t1. Peer's state: s4@group-C1EBCFF19CDA:t1, leader=null, voted=s2, raftlog=Memoized:s4@group-C1EBCFF19CDA-SegmentedRaftLog:OPENED:c-1, conf=-1: peers:[s3|rpc:localhost:36161|admin:localhost:45145|client:localhost:33773|dataStream:localhost:34673|priority:0|startupRole:FOLLOWER, s4|rpc:localhost:46159|admin:localhost:33017|client:localhost:38269|dataStream:localhost:46577|priority:0|startupRole:FOLLOWER, s0|rpc:localhost:42037|admin:localhost:35933|client:localhost:37745|dataStream:localhost:46027|priority:0|startupRole:FOLLOWER, s1|rpc:localhost:42415|admin:localhost:39681|client:localhost:39407|dataStream:localhost:35133|priority:0|startupRole:FOLLOWER, s2|rpc:localhost:37505|admin:localhost:38193|client:localhost:45367|dataStream:localhost:33575|priority:0|startupRole:FOLLOWER]|listeners:[], old=null
2023-03-13 09:53:23,829 [HandlerDaemon-1] INFO  impl.RoleInfo (RoleInfo.java:updateAndGet(139)) - s0: start s0@group-C1EBCFF19CDA-FollowerState
2023-03-13 09:53:23,829 [HandlerDaemon-1] INFO  server.RaftServer$Division (RaftServerImpl.java:requestVote(1333)) - s1@group-C1EBCFF19CDA replies to ELECTION vote request: s2<-s1#0:OK-t1. Peer's state: s1@group-C1EBCFF19CDA:t1, leader=null, voted=s2, raftlog=Memoized:s1@group-C1EBCFF19CDA-SegmentedRaftLog:OPENED:c-1, conf=-1: peers:[s3|rpc:localhost:36161|admin:localhost:45145|client:localhost:33773|dataStream:localhost:34673|priority:0|startupRole:FOLLOWER, s4|rpc:localhost:46159|admin:localhost:33017|client:localhost:38269|dataStream:localhost:46577|priority:0|startupRole:FOLLOWER, s0|rpc:localhost:42037|admin:localhost:35933|client:localhost:37745|dataStream:localhost:46027|priority:0|startupRole:FOLLOWER, s1|rpc:localhost:42415|admin:localhost:39681|client:localhost:39407|dataStream:localhost:35133|priority:0|startupRole:FOLLOWER, s2|rpc:localhost:37505|admin:localhost:38193|client:localhost:45367|dataStream:localhost:33575|priority:0|startupRole:FOLLOWER]|listeners:[], old=null
2023-03-13 09:53:23,829 [s2@group-C1EBCFF19CDA-LeaderElection2] INFO  impl.LeaderElection (LeaderElection.java:logAndReturn(89)) - s2@group-C1EBCFF19CDA-LeaderElection2: ELECTION PASSED received 2 response(s) and 0 exception(s):
2023-03-13 09:53:23,830 [s2@group-C1EBCFF19CDA-LeaderElection2] INFO  impl.LeaderElection (LeaderElection.java:logAndReturn(93)) -   Response 0: s2<-s4#0:OK-t1
2023-03-13 09:53:23,830 [s2@group-C1EBCFF19CDA-LeaderElection2] INFO  impl.LeaderElection (LeaderElection.java:logAndReturn(93)) -   Response 1: s2<-s1#0:OK-t1
2023-03-13 09:53:23,830 [s1@group-C1EBCFF19CDA-FollowerState] INFO  server.RaftServerConfigKeys (ConfUtils.java:logFallback(53)) - raft.server.rpc.first-election.timeout.min = 150ms (fallback to raft.server.rpc.timeout.min)
2023-03-13 09:53:23,830 [s1@group-C1EBCFF19CDA-FollowerState] INFO  server.RaftServerConfigKeys (ConfUtils.java:logFallback(53)) - raft.server.rpc.first-election.timeout.max = 300ms (fallback to raft.server.rpc.timeout.max)
2023-03-13 09:53:23,830 [s2@group-C1EBCFF19CDA-LeaderElection2] INFO  impl.LeaderElection (LeaderElection.java:askForVotes(312)) - s2@group-C1EBCFF19CDA-LeaderElection2 ELECTION round 0: result PASSED
2023-03-13 09:53:23,830 [s2@group-C1EBCFF19CDA-LeaderElection2] INFO  impl.RoleInfo (RoleInfo.java:shutdownLeaderElection(130)) - s2: shutdown s2@group-C1EBCFF19CDA-LeaderElection2
2023-03-13 09:53:23,830 [s2@group-C1EBCFF19CDA-LeaderElection2] INFO  server.RaftServer$Division (RaftServerImpl.java:setRole(329)) - s2@group-C1EBCFF19CDA: changes role from CANDIDATE to LEADER at term 1 for changeToLeader
2023-03-13 09:53:23,830 [s2@group-C1EBCFF19CDA-LeaderElection2] INFO  server.RaftServer$Division (ServerState.java:setLeader(260)) - s2@group-C1EBCFF19CDA: change Leader from null to s2 at term 1 for becomeLeader, leader elected after 281ms
2023-03-13 09:53:23,830 [s2@group-C1EBCFF19CDA-LeaderElection2] INFO  server.RaftServerConfigKeys (ConfUtils.java:logGet(46)) - raft.server.staging.catchup.gap = 1000 (default)
2023-03-13 09:53:23,830 [s2@group-C1EBCFF19CDA-LeaderElection2] INFO  server.RaftServerConfigKeys (ConfUtils.java:logGet(46)) - raft.server.write.element-limit = 4096 (default)
2023-03-13 09:53:23,830 [s2@group-C1EBCFF19CDA-LeaderElection2] INFO  server.RaftServerConfigKeys (ConfUtils.java:logGet(46)) - raft.server.write.byte-limit = 64MB (=67108864) (default)
2023-03-13 09:53:23,830 [s2@group-C1EBCFF19CDA-LeaderElection2] INFO  server.RaftServerConfigKeys (ConfUtils.java:logGet(46)) - raft.server.watch.timeout = 10s (default)
2023-03-13 09:53:23,830 [s2@group-C1EBCFF19CDA-LeaderElection2] INFO  server.RaftServerConfigKeys (ConfUtils.java:logGet(46)) - raft.server.watch.timeout.denomination = 1s (default)
2023-03-13 09:53:23,830 [s2@group-C1EBCFF19CDA-LeaderElection2] INFO  server.RaftServerConfigKeys (ConfUtils.java:logGet(46)) - raft.server.watch.element-limit = 65536 (default)
2023-03-13 09:53:23,831 [s2@group-C1EBCFF19CDA-LeaderElection2] INFO  server.RaftServerConfigKeys (ConfUtils.java:logGet(46)) - raft.server.write.element-limit = 4096 (default)
2023-03-13 09:53:23,831 [s2@group-C1EBCFF19CDA-LeaderElection2] INFO  server.RaftServerConfigKeys (ConfUtils.java:logGet(46)) - raft.server.write.follower.gap.ratio.max = -1.0 (default)
2023-03-13 09:53:23,831 [s2@group-C1EBCFF19CDA-LeaderElection2] INFO  server.RaftServerConfigKeys (ConfUtils.java:logGet(46)) - raft.server.log.appender.snapshot.chunk.size.max = 16MB (=16777216) (default)
2023-03-13 09:53:23,831 [s2@group-C1EBCFF19CDA-LeaderElection2] INFO  server.RaftServerConfigKeys (ConfUtils.java:logGet(46)) - raft.server.log.appender.buffer.byte-limit = 4MB (=4194304) (default)
2023-03-13 09:53:23,831 [s2@group-C1EBCFF19CDA-LeaderElection2] INFO  server.RaftServerConfigKeys (ConfUtils.java:logGet(46)) - raft.server.log.appender.buffer.element-limit = 0 (default)
2023-03-13 09:53:23,831 [s2@group-C1EBCFF19CDA-LeaderElection2] INFO  server.RaftServerConfigKeys (ConfUtils.java:logGet(46)) - raft.server.log.appender.wait-time.min = 10ms (default)
2023-03-13 09:53:23,834 [s0@group-C1EBCFF19CDA-FollowerState] INFO  server.RaftServerConfigKeys (ConfUtils.java:logFallback(53)) - raft.server.rpc.first-election.timeout.min = 150ms (fallback to raft.server.rpc.timeout.min)
2023-03-13 09:53:23,834 [s2@group-C1EBCFF19CDA-LeaderElection2] INFO  server.RaftServerConfigKeys (ConfUtils.java:logGet(46)) - raft.server.log.appender.snapshot.chunk.size.max = 16MB (=16777216) (default)
2023-03-13 09:53:23,834 [s0@group-C1EBCFF19CDA-FollowerState] INFO  server.RaftServerConfigKeys (ConfUtils.java:logFallback(53)) - raft.server.rpc.first-election.timeout.max = 300ms (fallback to raft.server.rpc.timeout.max)
2023-03-13 09:53:23,834 [s2@group-C1EBCFF19CDA-LeaderElection2] INFO  server.RaftServerConfigKeys (ConfUtils.java:logGet(46)) - raft.server.log.appender.buffer.byte-limit = 4MB (=4194304) (default)
2023-03-13 09:53:23,834 [s2@group-C1EBCFF19CDA-LeaderElection2] INFO  server.RaftServerConfigKeys (ConfUtils.java:logGet(46)) - raft.server.log.appender.buffer.element-limit = 0 (default)
2023-03-13 09:53:23,834 [s2@group-C1EBCFF19CDA-LeaderElection2] INFO  server.RaftServerConfigKeys (ConfUtils.java:logGet(46)) - raft.server.log.appender.wait-time.min = 10ms (default)
2023-03-13 09:53:23,834 [s2@group-C1EBCFF19CDA-LeaderElection2] INFO  server.RaftServerConfigKeys (ConfUtils.java:logGet(46)) - raft.server.log.appender.snapshot.chunk.size.max = 16MB (=16777216) (default)
2023-03-13 09:53:23,834 [s2@group-C1EBCFF19CDA-LeaderElection2] INFO  server.RaftServerConfigKeys (ConfUtils.java:logGet(46)) - raft.server.log.appender.buffer.byte-limit = 4MB (=4194304) (default)
2023-03-13 09:53:23,834 [s2@group-C1EBCFF19CDA-LeaderElection2] INFO  server.RaftServerConfigKeys (ConfUtils.java:logGet(46)) - raft.server.log.appender.buffer.element-limit = 0 (default)
2023-03-13 09:53:23,835 [s2@group-C1EBCFF19CDA-LeaderElection2] INFO  server.RaftServerConfigKeys (ConfUtils.java:logGet(46)) - raft.server.log.appender.wait-time.min = 10ms (default)
2023-03-13 09:53:23,836 [HandlerDaemon-1] INFO  server.RaftServer$Division (RaftServerImpl.java:requestVote(1333)) - s0@group-C1EBCFF19CDA replies to ELECTION vote request: s2<-s0#0:OK-t1. Peer's state: s0@group-C1EBCFF19CDA:t1, leader=null, voted=s2, raftlog=Memoized:s0@group-C1EBCFF19CDA-SegmentedRaftLog:OPENED:c-1, conf=-1: peers:[s3|rpc:localhost:36161|admin:localhost:45145|client:localhost:33773|dataStream:localhost:34673|priority:0|startupRole:FOLLOWER, s4|rpc:localhost:46159|admin:localhost:33017|client:localhost:38269|dataStream:localhost:46577|priority:0|startupRole:FOLLOWER, s0|rpc:localhost:42037|admin:localhost:35933|client:localhost:37745|dataStream:localhost:46027|priority:0|startupRole:FOLLOWER, s1|rpc:localhost:42415|admin:localhost:39681|client:localhost:39407|dataStream:localhost:35133|priority:0|startupRole:FOLLOWER, s2|rpc:localhost:37505|admin:localhost:38193|client:localhost:45367|dataStream:localhost:33575|priority:0|startupRole:FOLLOWER]|listeners:[], old=null
2023-03-13 09:53:23,836 [HandlerDaemon-1] INFO  server.RaftServer$Division (RaftServerImpl.java:requestVote(1333)) - s3@group-C1EBCFF19CDA replies to ELECTION vote request: s2<-s3#0:OK-t1. Peer's state: s3@group-C1EBCFF19CDA:t1, leader=null, voted=s2, raftlog=Memoized:s3@group-C1EBCFF19CDA-SegmentedRaftLog:OPENED:c-1, conf=-1: peers:[s3|rpc:localhost:36161|admin:localhost:45145|client:localhost:33773|dataStream:localhost:34673|priority:0|startupRole:FOLLOWER, s4|rpc:localhost:46159|admin:localhost:33017|client:localhost:38269|dataStream:localhost:46577|priority:0|startupRole:FOLLOWER, s0|rpc:localhost:42037|admin:localhost:35933|client:localhost:37745|dataStream:localhost:46027|priority:0|startupRole:FOLLOWER, s1|rpc:localhost:42415|admin:localhost:39681|client:localhost:39407|dataStream:localhost:35133|priority:0|startupRole:FOLLOWER, s2|rpc:localhost:37505|admin:localhost:38193|client:localhost:45367|dataStream:localhost:33575|priority:0|startupRole:FOLLOWER]|listeners:[], old=null
2023-03-13 09:53:23,836 [s2@group-C1EBCFF19CDA-LeaderElection2] INFO  server.RaftServerConfigKeys (ConfUtils.java:logGet(46)) - raft.server.log.appender.snapshot.chunk.size.max = 16MB (=16777216) (default)
2023-03-13 09:53:23,836 [s2@group-C1EBCFF19CDA-LeaderElection2] INFO  server.RaftServerConfigKeys (ConfUtils.java:logGet(46)) - raft.server.log.appender.buffer.byte-limit = 4MB (=4194304) (default)
2023-03-13 09:53:23,837 [s2@group-C1EBCFF19CDA-LeaderElection2] INFO  server.RaftServerConfigKeys (ConfUtils.java:logGet(46)) - raft.server.log.appender.buffer.element-limit = 0 (default)
2023-03-13 09:53:23,837 [s2@group-C1EBCFF19CDA-LeaderElection2] INFO  server.RaftServerConfigKeys (ConfUtils.java:logGet(46)) - raft.server.log.appender.wait-time.min = 10ms (default)
2023-03-13 09:53:23,837 [s2@group-C1EBCFF19CDA-LeaderElection2] INFO  impl.RoleInfo (RoleInfo.java:updateAndGet(139)) - s2: start s2@group-C1EBCFF19CDA-LeaderStateImpl
2023-03-13 09:53:23,837 [s2@group-C1EBCFF19CDA-LeaderElection2] INFO  segmented.SegmentedRaftLogWorker (SegmentedRaftLogWorker.java:startLogSegment(426)) - s2@group-C1EBCFF19CDA-SegmentedRaftLogWorker: Starting segment from index:0
2023-03-13 09:53:23,839 [s3@group-C1EBCFF19CDA-FollowerState] INFO  server.RaftServerConfigKeys (ConfUtils.java:logFallback(53)) - raft.server.rpc.first-election.timeout.min = 150ms (fallback to raft.server.rpc.timeout.min)
2023-03-13 09:53:23,839 [s3@group-C1EBCFF19CDA-FollowerState] INFO  server.RaftServerConfigKeys (ConfUtils.java:logFallback(53)) - raft.server.rpc.first-election.timeout.max = 300ms (fallback to raft.server.rpc.timeout.max)
2023-03-13 09:53:23,847 [HandlerDaemon-2] INFO  server.RaftServer$Division (ServerState.java:setLeader(260)) - s3@group-C1EBCFF19CDA: change Leader from null to s2 at term 1 for appendEntries, leader elected after 322ms
2023-03-13 09:53:23,848 [HandlerDaemon-2] INFO  server.RaftServer$Division (ServerState.java:setLeader(260)) - s4@group-C1EBCFF19CDA: change Leader from null to s2 at term 1 for appendEntries, leader elected after 319ms
2023-03-13 09:53:23,849 [s2@group-C1EBCFF19CDA-SegmentedRaftLogWorker] INFO  segmented.SegmentedRaftLogWorker (SegmentedRaftLogWorker.java:execute(630)) - s2@group-C1EBCFF19CDA-SegmentedRaftLogWorker: created new log segment /home/runner/work/ratis/ratis/ratis-test/target/test/data/90b8f655/MiniRaftClusterWithSimulatedRpce9487a77/s2/a666b7eb-6872-4d74-a204-c1ebcff19cda/current/log_inprogress_0
2023-03-13 09:53:23,851 [HandlerDaemon-2] INFO  server.RaftServer$Division (ServerState.java:setLeader(260)) - s0@group-C1EBCFF19CDA: change Leader from null to s2 at term 1 for appendEntries, leader elected after 310ms
2023-03-13 09:53:23,855 [s2@group-C1EBCFF19CDA-LeaderElection2] INFO  server.RaftServer$Division (ServerState.java:setRaftConf(378)) - s2@group-C1EBCFF19CDA: set configuration 0: peers:[s3|rpc:localhost:36161|admin:localhost:45145|client:localhost:33773|dataStream:localhost:34673|priority:0|startupRole:FOLLOWER, s4|rpc:localhost:46159|admin:localhost:33017|client:localhost:38269|dataStream:localhost:46577|priority:0|startupRole:FOLLOWER, s0|rpc:localhost:42037|admin:localhost:35933|client:localhost:37745|dataStream:localhost:46027|priority:0|startupRole:FOLLOWER, s1|rpc:localhost:42415|admin:localhost:39681|client:localhost:39407|dataStream:localhost:35133|priority:0|startupRole:FOLLOWER, s2|rpc:localhost:37505|admin:localhost:38193|client:localhost:45367|dataStream:localhost:33575|priority:0|startupRole:FOLLOWER]|listeners:[], old=null
2023-03-13 09:53:23,859 [HandlerDaemon-2] INFO  server.RaftServer$Division (ServerState.java:setLeader(260)) - s1@group-C1EBCFF19CDA: change Leader from null to s2 at term 1 for appendEntries, leader elected after 314ms
2023-03-13 09:53:23,863 [HandlerDaemon-0] DEBUG server.RaftServer$Division (RaftServerImpl.java:logAppendEntries(1427)) - s0@group-C1EBCFF19CDA: receive appendEntries(s2, 1, null, -1, true, commits:[s2:c-1, s3:c-1, s4:c-1, s0:c-1, s1:c-1], cId:62, entries: [(t:1, i:0), CONFIGURATIONENTRY(current:id: "s3"
address: "localhost:36161"
dataStreamAddress: "localhost:34673"
clientAddress: "localhost:33773"
adminAddress: "localhost:45145"
startupRole: FOLLOWER
,id: "s4"
address: "localhost:46159"
dataStreamAddress: "localhost:46577"
clientAddress: "localhost:38269"
adminAddress: "localhost:33017"
startupRole: FOLLOWER
,id: "s0"
address: "localhost:42037"
dataStreamAddress: "localhost:46027"
clientAddress: "localhost:37745"
adminAddress: "localhost:35933"
startupRole: FOLLOWER
,id: "s1"
address: "localhost:42415"
dataStreamAddress: "localhost:35133"
clientAddress: "localhost:39407"
adminAddress: "localhost:39681"
startupRole: FOLLOWER
,id: "s2"
address: "localhost:37505"
dataStreamAddress: "localhost:33575"
clientAddress: "localhost:45367"
adminAddress: "localhost:38193"
startupRole: FOLLOWER
, old:)]
2023-03-13 09:53:23,863 [HandlerDaemon-0] DEBUG server.RaftServer$Division (RaftServerImpl.java:logAppendEntries(1427)) - s1@group-C1EBCFF19CDA: receive appendEntries(s2, 1, null, -1, true, commits:[s2:c-1, s3:c-1, s4:c-1, s0:c-1, s1:c-1], cId:63, entries: [(t:1, i:0), CONFIGURATIONENTRY(current:id: "s3"
address: "localhost:36161"
dataStreamAddress: "localhost:34673"
clientAddress: "localhost:33773"
adminAddress: "localhost:45145"
startupRole: FOLLOWER
,id: "s4"
address: "localhost:46159"
dataStreamAddress: "localhost:46577"
clientAddress: "localhost:38269"
adminAddress: "localhost:33017"
startupRole: FOLLOWER
,id: "s0"
address: "localhost:42037"
dataStreamAddress: "localhost:46027"
clientAddress: "localhost:37745"
adminAddress: "localhost:35933"
startupRole: FOLLOWER
,id: "s1"
address: "localhost:42415"
dataStreamAddress: "localhost:35133"
clientAddress: "localhost:39407"
adminAddress: "localhost:39681"
startupRole: FOLLOWER
,id: "s2"
address: "localhost:37505"
dataStreamAddress: "localhost:33575"
clientAddress: "localhost:45367"
adminAddress: "localhost:38193"
startupRole: FOLLOWER
, old:)]
2023-03-13 09:53:23,864 [HandlerDaemon-0] DEBUG server.RaftServer$Division (RaftServerImpl.java:logAppendEntries(1427)) - s3@group-C1EBCFF19CDA: receive appendEntries(s2, 1, null, -1, true, commits:[s2:c-1, s3:c-1, s4:c-1, s0:c-1, s1:c-1], cId:64, entries: [(t:1, i:0), CONFIGURATIONENTRY(current:id: "s3"
address: "localhost:36161"
dataStreamAddress: "localhost:34673"
clientAddress: "localhost:33773"
adminAddress: "localhost:45145"
startupRole: FOLLOWER
,id: "s4"
address: "localhost:46159"
dataStreamAddress: "localhost:46577"
clientAddress: "localhost:38269"
adminAddress: "localhost:33017"
startupRole: FOLLOWER
,id: "s0"
address: "localhost:42037"
dataStreamAddress: "localhost:46027"
clientAddress: "localhost:37745"
adminAddress: "localhost:35933"
startupRole: FOLLOWER
,id: "s1"
address: "localhost:42415"
dataStreamAddress: "localhost:35133"
clientAddress: "localhost:39407"
adminAddress: "localhost:39681"
startupRole: FOLLOWER
,id: "s2"
address: "localhost:37505"
dataStreamAddress: "localhost:33575"
clientAddress: "localhost:45367"
adminAddress: "localhost:38193"
startupRole: FOLLOWER
, old:)]
2023-03-13 09:53:23,866 [HandlerDaemon-0] INFO  server.RaftServer$Division (ServerState.java:setRaftConf(378)) - s0@group-C1EBCFF19CDA: set configuration 0: peers:[s3|rpc:localhost:36161|admin:localhost:45145|client:localhost:33773|dataStream:localhost:34673|priority:0|startupRole:FOLLOWER, s4|rpc:localhost:46159|admin:localhost:33017|client:localhost:38269|dataStream:localhost:46577|priority:0|startupRole:FOLLOWER, s0|rpc:localhost:42037|admin:localhost:35933|client:localhost:37745|dataStream:localhost:46027|priority:0|startupRole:FOLLOWER, s1|rpc:localhost:42415|admin:localhost:39681|client:localhost:39407|dataStream:localhost:35133|priority:0|startupRole:FOLLOWER, s2|rpc:localhost:37505|admin:localhost:38193|client:localhost:45367|dataStream:localhost:33575|priority:0|startupRole:FOLLOWER]|listeners:[], old=null
2023-03-13 09:53:23,866 [HandlerDaemon-0] INFO  segmented.SegmentedRaftLogWorker (SegmentedRaftLogWorker.java:startLogSegment(426)) - s0@group-C1EBCFF19CDA-SegmentedRaftLogWorker: Starting segment from index:0
2023-03-13 09:53:23,868 [HandlerDaemon-0] INFO  server.RaftServer$Division (ServerState.java:setRaftConf(378)) - s1@group-C1EBCFF19CDA: set configuration 0: peers:[s3|rpc:localhost:36161|admin:localhost:45145|client:localhost:33773|dataStream:localhost:34673|priority:0|startupRole:FOLLOWER, s4|rpc:localhost:46159|admin:localhost:33017|client:localhost:38269|dataStream:localhost:46577|priority:0|startupRole:FOLLOWER, s0|rpc:localhost:42037|admin:localhost:35933|client:localhost:37745|dataStream:localhost:46027|priority:0|startupRole:FOLLOWER, s1|rpc:localhost:42415|admin:localhost:39681|client:localhost:39407|dataStream:localhost:35133|priority:0|startupRole:FOLLOWER, s2|rpc:localhost:37505|admin:localhost:38193|client:localhost:45367|dataStream:localhost:33575|priority:0|startupRole:FOLLOWER]|listeners:[], old=null
2023-03-13 09:53:23,868 [HandlerDaemon-0] INFO  segmented.SegmentedRaftLogWorker (SegmentedRaftLogWorker.java:startLogSegment(426)) - s1@group-C1EBCFF19CDA-SegmentedRaftLogWorker: Starting segment from index:0
2023-03-13 09:53:23,868 [HandlerDaemon-0] INFO  server.RaftServer$Division (ServerState.java:setRaftConf(378)) - s3@group-C1EBCFF19CDA: set configuration 0: peers:[s3|rpc:localhost:36161|admin:localhost:45145|client:localhost:33773|dataStream:localhost:34673|priority:0|startupRole:FOLLOWER, s4|rpc:localhost:46159|admin:localhost:33017|client:localhost:38269|dataStream:localhost:46577|priority:0|startupRole:FOLLOWER, s0|rpc:localhost:42037|admin:localhost:35933|client:localhost:37745|dataStream:localhost:46027|priority:0|startupRole:FOLLOWER, s1|rpc:localhost:42415|admin:localhost:39681|client:localhost:39407|dataStream:localhost:35133|priority:0|startupRole:FOLLOWER, s2|rpc:localhost:37505|admin:localhost:38193|client:localhost:45367|dataStream:localhost:33575|priority:0|startupRole:FOLLOWER]|listeners:[], old=null
2023-03-13 09:53:23,871 [HandlerDaemon-0] INFO  segmented.SegmentedRaftLogWorker (SegmentedRaftLogWorker.java:startLogSegment(426)) - s3@group-C1EBCFF19CDA-SegmentedRaftLogWorker: Starting segment from index:0
2023-03-13 09:53:23,881 [HandlerDaemon-0] DEBUG server.RaftServer$Division (RaftServerImpl.java:logAppendEntries(1427)) - s4@group-C1EBCFF19CDA: receive appendEntries(s2, 1, null, -1, true, commits:[s2:c-1, s3:c-1, s4:c-1, s0:c-1, s1:c-1], cId:65, entries: [(t:1, i:0), CONFIGURATIONENTRY(current:id: "s3"
address: "localhost:36161"
dataStreamAddress: "localhost:34673"
clientAddress: "localhost:33773"
adminAddress: "localhost:45145"
startupRole: FOLLOWER
,id: "s4"
address: "localhost:46159"
dataStreamAddress: "localhost:46577"
clientAddress: "localhost:38269"
adminAddress: "localhost:33017"
startupRole: FOLLOWER
,id: "s0"
address: "localhost:42037"
dataStreamAddress: "localhost:46027"
clientAddress: "localhost:37745"
adminAddress: "localhost:35933"
startupRole: FOLLOWER
,id: "s1"
address: "localhost:42415"
dataStreamAddress: "localhost:35133"
clientAddress: "localhost:39407"
adminAddress: "localhost:39681"
startupRole: FOLLOWER
,id: "s2"
address: "localhost:37505"
dataStreamAddress: "localhost:33575"
clientAddress: "localhost:45367"
adminAddress: "localhost:38193"
startupRole: FOLLOWER
, old:)]
2023-03-13 09:53:23,881 [HandlerDaemon-0] INFO  server.RaftServer$Division (ServerState.java:setRaftConf(378)) - s4@group-C1EBCFF19CDA: set configuration 0: peers:[s3|rpc:localhost:36161|admin:localhost:45145|client:localhost:33773|dataStream:localhost:34673|priority:0|startupRole:FOLLOWER, s4|rpc:localhost:46159|admin:localhost:33017|client:localhost:38269|dataStream:localhost:46577|priority:0|startupRole:FOLLOWER, s0|rpc:localhost:42037|admin:localhost:35933|client:localhost:37745|dataStream:localhost:46027|priority:0|startupRole:FOLLOWER, s1|rpc:localhost:42415|admin:localhost:39681|client:localhost:39407|dataStream:localhost:35133|priority:0|startupRole:FOLLOWER, s2|rpc:localhost:37505|admin:localhost:38193|client:localhost:45367|dataStream:localhost:33575|priority:0|startupRole:FOLLOWER]|listeners:[], old=null
2023-03-13 09:53:23,881 [HandlerDaemon-0] INFO  segmented.SegmentedRaftLogWorker (SegmentedRaftLogWorker.java:startLogSegment(426)) - s4@group-C1EBCFF19CDA-SegmentedRaftLogWorker: Starting segment from index:0
2023-03-13 09:53:23,889 [s1@group-C1EBCFF19CDA-SegmentedRaftLogWorker] INFO  segmented.SegmentedRaftLogWorker (SegmentedRaftLogWorker.java:execute(630)) - s1@group-C1EBCFF19CDA-SegmentedRaftLogWorker: created new log segment /home/runner/work/ratis/ratis/ratis-test/target/test/data/90b8f655/MiniRaftClusterWithSimulatedRpce9487a77/s1/a666b7eb-6872-4d74-a204-c1ebcff19cda/current/log_inprogress_0
2023-03-13 09:53:23,889 [s3@group-C1EBCFF19CDA-SegmentedRaftLogWorker] INFO  segmented.SegmentedRaftLogWorker (SegmentedRaftLogWorker.java:execute(630)) - s3@group-C1EBCFF19CDA-SegmentedRaftLogWorker: created new log segment /home/runner/work/ratis/ratis/ratis-test/target/test/data/90b8f655/MiniRaftClusterWithSimulatedRpce9487a77/s3/a666b7eb-6872-4d74-a204-c1ebcff19cda/current/log_inprogress_0
2023-03-13 09:53:23,889 [s0@group-C1EBCFF19CDA-SegmentedRaftLogWorker] INFO  segmented.SegmentedRaftLogWorker (SegmentedRaftLogWorker.java:execute(630)) - s0@group-C1EBCFF19CDA-SegmentedRaftLogWorker: created new log segment /home/runner/work/ratis/ratis/ratis-test/target/test/data/90b8f655/MiniRaftClusterWithSimulatedRpce9487a77/s0/a666b7eb-6872-4d74-a204-c1ebcff19cda/current/log_inprogress_0
2023-03-13 09:53:23,890 [s3-server-thread1] DEBUG server.RaftServer$Division (RaftServerImpl.java:logAppendEntries(1427)) - s3@group-C1EBCFF19CDA: succeeded to handle AppendEntries. Reply: s2<-s3#64:OK-t1,SUCCESS,nextIndex=1,followerCommit=-1,matchIndex=0
2023-03-13 09:53:23,891 [s0-server-thread1] DEBUG server.RaftServer$Division (RaftServerImpl.java:logAppendEntries(1427)) - s0@group-C1EBCFF19CDA: succeeded to handle AppendEntries. Reply: s2<-s0#62:OK-t1,SUCCESS,nextIndex=1,followerCommit=-1,matchIndex=0
2023-03-13 09:53:23,892 [s1-server-thread1] DEBUG server.RaftServer$Division (RaftServerImpl.java:logAppendEntries(1427)) - s1@group-C1EBCFF19CDA: succeeded to handle AppendEntries. Reply: s2<-s1#63:OK-t1,SUCCESS,nextIndex=1,followerCommit=-1,matchIndex=0
2023-03-13 09:53:23,898 [s4@group-C1EBCFF19CDA-SegmentedRaftLogWorker] INFO  segmented.SegmentedRaftLogWorker (SegmentedRaftLogWorker.java:execute(630)) - s4@group-C1EBCFF19CDA-SegmentedRaftLogWorker: created new log segment /home/runner/work/ratis/ratis/ratis-test/target/test/data/90b8f655/MiniRaftClusterWithSimulatedRpce9487a77/s4/a666b7eb-6872-4d74-a204-c1ebcff19cda/current/log_inprogress_0
2023-03-13 09:53:23,899 [s4-server-thread1] DEBUG server.RaftServer$Division (RaftServerImpl.java:logAppendEntries(1427)) - s4@group-C1EBCFF19CDA: succeeded to handle AppendEntries. Reply: s2<-s4#65:OK-t1,SUCCESS,nextIndex=1,followerCommit=-1,matchIndex=0
2023-03-13 09:53:24,079 [Time-limited test] INFO  ratis.RaftTestUtil (RaftTestUtil.java:waitForLeader(119)) - printing ALL groups
  s3:  RUNNING  FOLLOWER s3@group-C1EBCFF19CDA:t1, leader=s2, voted=s2, raftlog=Memoized:s3@group-C1EBCFF19CDA-SegmentedRaftLog:OPENED:c0, conf=0: peers:[s3|rpc:localhost:36161|admin:localhost:45145|client:localhost:33773|dataStream:localhost:34673|priority:0|startupRole:FOLLOWER, s4|rpc:localhost:46159|admin:localhost:33017|client:localhost:38269|dataStream:localhost:46577|priority:0|startupRole:FOLLOWER, s0|rpc:localhost:42037|admin:localhost:35933|client:localhost:37745|dataStream:localhost:46027|priority:0|startupRole:FOLLOWER, s1|rpc:localhost:42415|admin:localhost:39681|client:localhost:39407|dataStream:localhost:35133|priority:0|startupRole:FOLLOWER, s2|rpc:localhost:37505|admin:localhost:38193|client:localhost:45367|dataStream:localhost:33575|priority:0|startupRole:FOLLOWER]|listeners:[], old=null RUNNING
  s4:  RUNNING  FOLLOWER s4@group-C1EBCFF19CDA:t1, leader=s2, voted=s2, raftlog=Memoized:s4@group-C1EBCFF19CDA-SegmentedRaftLog:OPENED:c0, conf=0: peers:[s3|rpc:localhost:36161|admin:localhost:45145|client:localhost:33773|dataStream:localhost:34673|priority:0|startupRole:FOLLOWER, s4|rpc:localhost:46159|admin:localhost:33017|client:localhost:38269|dataStream:localhost:46577|priority:0|startupRole:FOLLOWER, s0|rpc:localhost:42037|admin:localhost:35933|client:localhost:37745|dataStream:localhost:46027|priority:0|startupRole:FOLLOWER, s1|rpc:localhost:42415|admin:localhost:39681|client:localhost:39407|dataStream:localhost:35133|priority:0|startupRole:FOLLOWER, s2|rpc:localhost:37505|admin:localhost:38193|client:localhost:45367|dataStream:localhost:33575|priority:0|startupRole:FOLLOWER]|listeners:[], old=null RUNNING
  s0:  RUNNING  FOLLOWER s0@group-C1EBCFF19CDA:t1, leader=s2, voted=s2, raftlog=Memoized:s0@group-C1EBCFF19CDA-SegmentedRaftLog:OPENED:c0, conf=0: peers:[s3|rpc:localhost:36161|admin:localhost:45145|client:localhost:33773|dataStream:localhost:34673|priority:0|startupRole:FOLLOWER, s4|rpc:localhost:46159|admin:localhost:33017|client:localhost:38269|dataStream:localhost:46577|priority:0|startupRole:FOLLOWER, s0|rpc:localhost:42037|admin:localhost:35933|client:localhost:37745|dataStream:localhost:46027|priority:0|startupRole:FOLLOWER, s1|rpc:localhost:42415|admin:localhost:39681|client:localhost:39407|dataStream:localhost:35133|priority:0|startupRole:FOLLOWER, s2|rpc:localhost:37505|admin:localhost:38193|client:localhost:45367|dataStream:localhost:33575|priority:0|startupRole:FOLLOWER]|listeners:[], old=null RUNNING
  s1:  RUNNING  FOLLOWER s1@group-C1EBCFF19CDA:t1, leader=s2, voted=s2, raftlog=Memoized:s1@group-C1EBCFF19CDA-SegmentedRaftLog:OPENED:c0, conf=0: peers:[s3|rpc:localhost:36161|admin:localhost:45145|client:localhost:33773|dataStream:localhost:34673|priority:0|startupRole:FOLLOWER, s4|rpc:localhost:46159|admin:localhost:33017|client:localhost:38269|dataStream:localhost:46577|priority:0|startupRole:FOLLOWER, s0|rpc:localhost:42037|admin:localhost:35933|client:localhost:37745|dataStream:localhost:46027|priority:0|startupRole:FOLLOWER, s1|rpc:localhost:42415|admin:localhost:39681|client:localhost:39407|dataStream:localhost:35133|priority:0|startupRole:FOLLOWER, s2|rpc:localhost:37505|admin:localhost:38193|client:localhost:45367|dataStream:localhost:33575|priority:0|startupRole:FOLLOWER]|listeners:[], old=null RUNNING
  s2:  RUNNING    LEADER s2@group-C1EBCFF19CDA:t1, leader=s2, voted=s2, raftlog=Memoized:s2@group-C1EBCFF19CDA-SegmentedRaftLog:OPENED:c0, conf=0: peers:[s3|rpc:localhost:36161|admin:localhost:45145|client:localhost:33773|dataStream:localhost:34673|priority:0|startupRole:FOLLOWER, s4|rpc:localhost:46159|admin:localhost:33017|client:localhost:38269|dataStream:localhost:46577|priority:0|startupRole:FOLLOWER, s0|rpc:localhost:42037|admin:localhost:35933|client:localhost:37745|dataStream:localhost:46027|priority:0|startupRole:FOLLOWER, s1|rpc:localhost:42415|admin:localhost:39681|client:localhost:39407|dataStream:localhost:35133|priority:0|startupRole:FOLLOWER, s2|rpc:localhost:37505|admin:localhost:38193|client:localhost:45367|dataStream:localhost:33575|priority:0|startupRole:FOLLOWER]|listeners:[], old=null RUNNING
2023-03-13 09:53:24,080 [Time-limited test] INFO  simulation.TestLeaderElectionWithSimulatedRpc (LeaderElectionTests.java:testEnforceLeader(304)) - firstLeader = s2
2023-03-13 09:53:24,080 [Time-limited test] INFO  simulation.TestLeaderElectionWithSimulatedRpc (LeaderElectionTests.java:testEnforceLeader(309)) - enforce leader to s0
2023-03-13 09:53:24,080 [Time-limited test] INFO  simulation.TestLeaderElectionWithSimulatedRpc (LeaderElectionTests.java:enforceLeader(315)) - printing ALL groups
  s3:  RUNNING  FOLLOWER s3@group-C1EBCFF19CDA:t1, leader=s2, voted=s2, raftlog=Memoized:s3@group-C1EBCFF19CDA-SegmentedRaftLog:OPENED:c0, conf=0: peers:[s3|rpc:localhost:36161|admin:localhost:45145|client:localhost:33773|dataStream:localhost:34673|priority:0|startupRole:FOLLOWER, s4|rpc:localhost:46159|admin:localhost:33017|client:localhost:38269|dataStream:localhost:46577|priority:0|startupRole:FOLLOWER, s0|rpc:localhost:42037|admin:localhost:35933|client:localhost:37745|dataStream:localhost:46027|priority:0|startupRole:FOLLOWER, s1|rpc:localhost:42415|admin:localhost:39681|client:localhost:39407|dataStream:localhost:35133|priority:0|startupRole:FOLLOWER, s2|rpc:localhost:37505|admin:localhost:38193|client:localhost:45367|dataStream:localhost:33575|priority:0|startupRole:FOLLOWER]|listeners:[], old=null RUNNING
  s4:  RUNNING  FOLLOWER s4@group-C1EBCFF19CDA:t1, leader=s2, voted=s2, raftlog=Memoized:s4@group-C1EBCFF19CDA-SegmentedRaftLog:OPENED:c0, conf=0: peers:[s3|rpc:localhost:36161|admin:localhost:45145|client:localhost:33773|dataStream:localhost:34673|priority:0|startupRole:FOLLOWER, s4|rpc:localhost:46159|admin:localhost:33017|client:localhost:38269|dataStream:localhost:46577|priority:0|startupRole:FOLLOWER, s0|rpc:localhost:42037|admin:localhost:35933|client:localhost:37745|dataStream:localhost:46027|priority:0|startupRole:FOLLOWER, s1|rpc:localhost:42415|admin:localhost:39681|client:localhost:39407|dataStream:localhost:35133|priority:0|startupRole:FOLLOWER, s2|rpc:localhost:37505|admin:localhost:38193|client:localhost:45367|dataStream:localhost:33575|priority:0|startupRole:FOLLOWER]|listeners:[], old=null RUNNING
  s0:  RUNNING  FOLLOWER s0@group-C1EBCFF19CDA:t1, leader=s2, voted=s2, raftlog=Memoized:s0@group-C1EBCFF19CDA-SegmentedRaftLog:OPENED:c0, conf=0: peers:[s3|rpc:localhost:36161|admin:localhost:45145|client:localhost:33773|dataStream:localhost:34673|priority:0|startupRole:FOLLOWER, s4|rpc:localhost:46159|admin:localhost:33017|client:localhost:38269|dataStream:localhost:46577|priority:0|startupRole:FOLLOWER, s0|rpc:localhost:42037|admin:localhost:35933|client:localhost:37745|dataStream:localhost:46027|priority:0|startupRole:FOLLOWER, s1|rpc:localhost:42415|admin:localhost:39681|client:localhost:39407|dataStream:localhost:35133|priority:0|startupRole:FOLLOWER, s2|rpc:localhost:37505|admin:localhost:38193|client:localhost:45367|dataStream:localhost:33575|priority:0|startupRole:FOLLOWER]|listeners:[], old=null RUNNING
  s1:  RUNNING  FOLLOWER s1@group-C1EBCFF19CDA:t1, leader=s2, voted=s2, raftlog=Memoized:s1@group-C1EBCFF19CDA-SegmentedRaftLog:OPENED:c0, conf=0: peers:[s3|rpc:localhost:36161|admin:localhost:45145|client:localhost:33773|dataStream:localhost:34673|priority:0|startupRole:FOLLOWER, s4|rpc:localhost:46159|admin:localhost:33017|client:localhost:38269|dataStream:localhost:46577|priority:0|startupRole:FOLLOWER, s0|rpc:localhost:42037|admin:localhost:35933|client:localhost:37745|dataStream:localhost:46027|priority:0|startupRole:FOLLOWER, s1|rpc:localhost:42415|admin:localhost:39681|client:localhost:39407|dataStream:localhost:35133|priority:0|startupRole:FOLLOWER, s2|rpc:localhost:37505|admin:localhost:38193|client:localhost:45367|dataStream:localhost:33575|priority:0|startupRole:FOLLOWER]|listeners:[], old=null RUNNING
  s2:  RUNNING    LEADER s2@group-C1EBCFF19CDA:t1, leader=s2, voted=s2, raftlog=Memoized:s2@group-C1EBCFF19CDA-SegmentedRaftLog:OPENED:c0, conf=0: peers:[s3|rpc:localhost:36161|admin:localhost:45145|client:localhost:33773|dataStream:localhost:34673|priority:0|startupRole:FOLLOWER, s4|rpc:localhost:46159|admin:localhost:33017|client:localhost:38269|dataStream:localhost:46577|priority:0|startupRole:FOLLOWER, s0|rpc:localhost:42037|admin:localhost:35933|client:localhost:37745|dataStream:localhost:46027|priority:0|startupRole:FOLLOWER, s1|rpc:localhost:42415|admin:localhost:39681|client:localhost:39407|dataStream:localhost:35133|priority:0|startupRole:FOLLOWER, s2|rpc:localhost:37505|admin:localhost:38193|client:localhost:45367|dataStream:localhost:33575|priority:0|startupRole:FOLLOWER]|listeners:[], old=null RUNNING
2023-03-13 09:53:24,081 [Time-limited test] INFO  server.RaftServerConfigKeys (ConfUtils.java:logGet(46)) - raft.server.rpc.timeout.max = 300ms (default)
2023-03-13 09:53:24,440 [s0@group-C1EBCFF19CDA-FollowerState] INFO  impl.FollowerState (FollowerState.java:run(143)) - s0@group-C1EBCFF19CDA-FollowerState: change to CANDIDATE, lastRpcElapsedTime:395522399ns, electionTimeout:241ms
2023-03-13 09:53:24,440 [s0@group-C1EBCFF19CDA-FollowerState] INFO  impl.RoleInfo (RoleInfo.java:shutdownFollowerState(110)) - s0: shutdown s0@group-C1EBCFF19CDA-FollowerState
2023-03-13 09:53:24,440 [s0@group-C1EBCFF19CDA-FollowerState] INFO  server.RaftServer$Division (RaftServerImpl.java:setRole(329)) - s0@group-C1EBCFF19CDA: changes role from  FOLLOWER to CANDIDATE at term 1 for changeToCandidate
2023-03-13 09:53:24,440 [s0@group-C1EBCFF19CDA-FollowerState] INFO  server.RaftServerConfigKeys (ConfUtils.java:logGet(46)) - raft.server.leaderelection.pre-vote = true (default)
2023-03-13 09:53:24,440 [s0@group-C1EBCFF19CDA-FollowerState] INFO  impl.RoleInfo (RoleInfo.java:updateAndGet(139)) - s0: start s0@group-C1EBCFF19CDA-LeaderElection3
2023-03-13 09:53:24,441 [s0@group-C1EBCFF19CDA-LeaderElection3] INFO  server.RaftServer$Division (ServerState.java:setLeader(260)) - s0@group-C1EBCFF19CDA: change Leader from s2 to null at term 1 for PRE_VOTE
2023-03-13 09:53:24,441 [s0@group-C1EBCFF19CDA-LeaderElection3] INFO  impl.LeaderElection (LeaderElection.java:askForVotes(310)) - s0@group-C1EBCFF19CDA-LeaderElection3 PRE_VOTE round 0: submit vote requests at term 1 for 0: peers:[s3|rpc:localhost:36161|admin:localhost:45145|client:localhost:33773|dataStream:localhost:34673|priority:0|startupRole:FOLLOWER, s4|rpc:localhost:46159|admin:localhost:33017|client:localhost:38269|dataStream:localhost:46577|priority:0|startupRole:FOLLOWER, s0|rpc:localhost:42037|admin:localhost:35933|client:localhost:37745|dataStream:localhost:46027|priority:0|startupRole:FOLLOWER, s1|rpc:localhost:42415|admin:localhost:39681|client:localhost:39407|dataStream:localhost:35133|priority:0|startupRole:FOLLOWER, s2|rpc:localhost:37505|admin:localhost:38193|client:localhost:45367|dataStream:localhost:33575|priority:0|startupRole:FOLLOWER]|listeners:[], old=null
2023-03-13 09:53:24,474 [s4@group-C1EBCFF19CDA-FollowerState] INFO  impl.FollowerState (FollowerState.java:run(143)) - s4@group-C1EBCFF19CDA-FollowerState: change to CANDIDATE, lastRpcElapsedTime:197328946ns, electionTimeout:177ms
2023-03-13 09:53:24,474 [s4@group-C1EBCFF19CDA-FollowerState] INFO  impl.RoleInfo (RoleInfo.java:shutdownFollowerState(110)) - s4: shutdown s4@group-C1EBCFF19CDA-FollowerState
2023-03-13 09:53:24,474 [s4@group-C1EBCFF19CDA-FollowerState] INFO  server.RaftServer$Division (RaftServerImpl.java:setRole(329)) - s4@group-C1EBCFF19CDA: changes role from  FOLLOWER to CANDIDATE at term 1 for changeToCandidate
2023-03-13 09:53:24,474 [s4@group-C1EBCFF19CDA-FollowerState] INFO  server.RaftServerConfigKeys (ConfUtils.java:logGet(46)) - raft.server.leaderelection.pre-vote = true (default)
2023-03-13 09:53:24,474 [s4@group-C1EBCFF19CDA-FollowerState] INFO  impl.RoleInfo (RoleInfo.java:updateAndGet(139)) - s4: start s4@group-C1EBCFF19CDA-LeaderElection4
2023-03-13 09:53:24,476 [s4@group-C1EBCFF19CDA-LeaderElection4] INFO  server.RaftServer$Division (ServerState.java:setLeader(260)) - s4@group-C1EBCFF19CDA: change Leader from s2 to null at term 1 for PRE_VOTE
2023-03-13 09:53:24,476 [s4@group-C1EBCFF19CDA-LeaderElection4] INFO  impl.LeaderElection (LeaderElection.java:askForVotes(310)) - s4@group-C1EBCFF19CDA-LeaderElection4 PRE_VOTE round 0: submit vote requests at term 1 for 0: peers:[s3|rpc:localhost:36161|admin:localhost:45145|client:localhost:33773|dataStream:localhost:34673|priority:0|startupRole:FOLLOWER, s4|rpc:localhost:46159|admin:localhost:33017|client:localhost:38269|dataStream:localhost:46577|priority:0|startupRole:FOLLOWER, s0|rpc:localhost:42037|admin:localhost:35933|client:localhost:37745|dataStream:localhost:46027|priority:0|startupRole:FOLLOWER, s1|rpc:localhost:42415|admin:localhost:39681|client:localhost:39407|dataStream:localhost:35133|priority:0|startupRole:FOLLOWER, s2|rpc:localhost:37505|admin:localhost:38193|client:localhost:45367|dataStream:localhost:33575|priority:0|startupRole:FOLLOWER]|listeners:[], old=null
2023-03-13 09:53:24,503 [HandlerDaemon-1] INFO  server.RaftServer$Division (RaftServerImpl.java:setRole(329)) - s4@group-C1EBCFF19CDA: changes role from CANDIDATE to FOLLOWER at term 1 for appendEntries
2023-03-13 09:53:24,503 [HandlerDaemon-1] INFO  impl.RoleInfo (RoleInfo.java:shutdownLeaderElection(130)) - s4: shutdown s4@group-C1EBCFF19CDA-LeaderElection4
2023-03-13 09:53:24,503 [HandlerDaemon-1] INFO  impl.RoleInfo (RoleInfo.java:updateAndGet(139)) - s4: start s4@group-C1EBCFF19CDA-FollowerState
2023-03-13 09:53:24,503 [HandlerDaemon-1] INFO  server.RaftServer$Division (ServerState.java:setLeader(260)) - s4@group-C1EBCFF19CDA: change Leader from null to s2 at term 1 for appendEntries, leader elected after 26ms
2023-03-13 09:53:24,532 [Time-limited test] INFO  server.RaftServerConfigKeys (ConfUtils.java:logGet(46)) - raft.server.rpc.timeout.max = 300ms (default)
2023-03-13 09:53:24,592 [HandlerDaemon-2] INFO  server.RaftServer$Division (RaftServerImpl.java:requestVote(1300)) - s3@group-C1EBCFF19CDA: receive requestVote(PRE_VOTE, s0, group-C1EBCFF19CDA, 1, (t:1, i:0))
2023-03-13 09:53:24,592 [HandlerDaemon-2] INFO  server.RaftServer$Division (RaftServerImpl.java:requestVote(1300)) - s4@group-C1EBCFF19CDA: receive requestVote(PRE_VOTE, s0, group-C1EBCFF19CDA, 1, (t:1, i:0))
2023-03-13 09:53:24,593 [HandlerDaemon-2] INFO  impl.VoteContext (VoteContext.java:log(49)) - s3@group-C1EBCFF19CDA-FOLLOWER: reject PRE_VOTE from s0: this server is a follower and still has a valid leader s2
2023-03-13 09:53:24,593 [HandlerDaemon-2] INFO  server.RaftServer$Division (RaftServerImpl.java:requestVote(1300)) - s1@group-C1EBCFF19CDA: receive requestVote(PRE_VOTE, s0, group-C1EBCFF19CDA, 1, (t:1, i:0))
2023-03-13 09:53:24,593 [HandlerDaemon-2] INFO  server.RaftServer$Division (RaftServerImpl.java:requestVote(1333)) - s3@group-C1EBCFF19CDA replies to PRE_VOTE vote request: s0<-s3#0:FAIL-t1. Peer's state: s3@group-C1EBCFF19CDA:t1, leader=s2, voted=s2, raftlog=Memoized:s3@group-C1EBCFF19CDA-SegmentedRaftLog:OPENED:c0, conf=0: peers:[s3|rpc:localhost:36161|admin:localhost:45145|client:localhost:33773|dataStream:localhost:34673|priority:0|startupRole:FOLLOWER, s4|rpc:localhost:46159|admin:localhost:33017|client:localhost:38269|dataStream:localhost:46577|priority:0|startupRole:FOLLOWER, s0|rpc:localhost:42037|admin:localhost:35933|client:localhost:37745|dataStream:localhost:46027|priority:0|startupRole:FOLLOWER, s1|rpc:localhost:42415|admin:localhost:39681|client:localhost:39407|dataStream:localhost:35133|priority:0|startupRole:FOLLOWER, s2|rpc:localhost:37505|admin:localhost:38193|client:localhost:45367|dataStream:localhost:33575|priority:0|startupRole:FOLLOWER]|listeners:[], old=null
2023-03-13 09:53:24,593 [HandlerDaemon-2] INFO  impl.VoteContext (VoteContext.java:log(49)) - s1@group-C1EBCFF19CDA-FOLLOWER: reject PRE_VOTE from s0: this server is a follower and still has a valid leader s2
2023-03-13 09:53:24,593 [HandlerDaemon-2] INFO  server.RaftServer$Division (RaftServerImpl.java:requestVote(1333)) - s1@group-C1EBCFF19CDA replies to PRE_VOTE vote request: s0<-s1#0:FAIL-t1. Peer's state: s1@group-C1EBCFF19CDA:t1, leader=s2, voted=s2, raftlog=Memoized:s1@group-C1EBCFF19CDA-SegmentedRaftLog:OPENED:c0, conf=0: peers:[s3|rpc:localhost:36161|admin:localhost:45145|client:localhost:33773|dataStream:localhost:34673|priority:0|startupRole:FOLLOWER, s4|rpc:localhost:46159|admin:localhost:33017|client:localhost:38269|dataStream:localhost:46577|priority:0|startupRole:FOLLOWER, s0|rpc:localhost:42037|admin:localhost:35933|client:localhost:37745|dataStream:localhost:46027|priority:0|startupRole:FOLLOWER, s1|rpc:localhost:42415|admin:localhost:39681|client:localhost:39407|dataStream:localhost:35133|priority:0|startupRole:FOLLOWER, s2|rpc:localhost:37505|admin:localhost:38193|client:localhost:45367|dataStream:localhost:33575|priority:0|startupRole:FOLLOWER]|listeners:[], old=null
2023-03-13 09:53:24,593 [HandlerDaemon-0] INFO  server.RaftServer$Division (RaftServerImpl.java:requestVote(1300)) - s2@group-C1EBCFF19CDA: receive requestVote(PRE_VOTE, s0, group-C1EBCFF19CDA, 1, (t:1, i:0))
2023-03-13 09:53:24,593 [HandlerDaemon-0] INFO  impl.VoteContext (VoteContext.java:log(49)) - s2@group-C1EBCFF19CDA-LEADER: reject PRE_VOTE from s0: this server is the leader and still has leadership
2023-03-13 09:53:24,593 [HandlerDaemon-0] INFO  server.RaftServer$Division (RaftServerImpl.java:requestVote(1333)) - s2@group-C1EBCFF19CDA replies to PRE_VOTE vote request: s0<-s2#0:FAIL-t1. Peer's state: s2@group-C1EBCFF19CDA:t1, leader=s2, voted=s2, raftlog=Memoized:s2@group-C1EBCFF19CDA-SegmentedRaftLog:OPENED:c0, conf=0: peers:[s3|rpc:localhost:36161|admin:localhost:45145|client:localhost:33773|dataStream:localhost:34673|priority:0|startupRole:FOLLOWER, s4|rpc:localhost:46159|admin:localhost:33017|client:localhost:38269|dataStream:localhost:46577|priority:0|startupRole:FOLLOWER, s0|rpc:localhost:42037|admin:localhost:35933|client:localhost:37745|dataStream:localhost:46027|priority:0|startupRole:FOLLOWER, s1|rpc:localhost:42415|admin:localhost:39681|client:localhost:39407|dataStream:localhost:35133|priority:0|startupRole:FOLLOWER, s2|rpc:localhost:37505|admin:localhost:38193|client:localhost:45367|dataStream:localhost:33575|priority:0|startupRole:FOLLOWER]|listeners:[], old=null
2023-03-13 09:53:24,593 [HandlerDaemon-2] INFO  impl.VoteContext (VoteContext.java:log(49)) - s4@group-C1EBCFF19CDA-FOLLOWER: reject PRE_VOTE from s0: this server is a follower and still has a valid leader s2
2023-03-13 09:53:24,594 [HandlerDaemon-2] INFO  server.RaftServer$Division (RaftServerImpl.java:requestVote(1333)) - s4@group-C1EBCFF19CDA replies to PRE_VOTE vote request: s0<-s4#0:FAIL-t1. Peer's state: s4@group-C1EBCFF19CDA:t1, leader=s2, voted=s2, raftlog=Memoized:s4@group-C1EBCFF19CDA-SegmentedRaftLog:OPENED:c0, conf=0: peers:[s3|rpc:localhost:36161|admin:localhost:45145|client:localhost:33773|dataStream:localhost:34673|priority:0|startupRole:FOLLOWER, s4|rpc:localhost:46159|admin:localhost:33017|client:localhost:38269|dataStream:localhost:46577|priority:0|startupRole:FOLLOWER, s0|rpc:localhost:42037|admin:localhost:35933|client:localhost:37745|dataStream:localhost:46027|priority:0|startupRole:FOLLOWER, s1|rpc:localhost:42415|admin:localhost:39681|client:localhost:39407|dataStream:localhost:35133|priority:0|startupRole:FOLLOWER, s2|rpc:localhost:37505|admin:localhost:38193|client:localhost:45367|dataStream:localhost:33575|priority:0|startupRole:FOLLOWER]|listeners:[], old=null
2023-03-13 09:53:24,594 [s0@group-C1EBCFF19CDA-LeaderElection3] INFO  impl.LeaderElection (LeaderElection.java:logAndReturn(89)) - s0@group-C1EBCFF19CDA-LeaderElection3: PRE_VOTE REJECTED received 3 response(s) and 0 exception(s):
2023-03-13 09:53:24,594 [s0@group-C1EBCFF19CDA-LeaderElection3] INFO  impl.LeaderElection (LeaderElection.java:logAndReturn(93)) -   Response 0: s0<-s3#0:FAIL-t1
2023-03-13 09:53:24,594 [s0@group-C1EBCFF19CDA-LeaderElection3] INFO  impl.LeaderElection (LeaderElection.java:logAndReturn(93)) -   Response 1: s0<-s4#0:FAIL-t1
2023-03-13 09:53:24,594 [s0@group-C1EBCFF19CDA-LeaderElection3] INFO  impl.LeaderElection (LeaderElection.java:logAndReturn(93)) -   Response 2: s0<-s2#0:FAIL-t1
2023-03-13 09:53:24,594 [s0@group-C1EBCFF19CDA-LeaderElection3] INFO  impl.LeaderElection (LeaderElection.java:askForVotes(312)) - s0@group-C1EBCFF19CDA-LeaderElection3 PRE_VOTE round 0: result REJECTED
2023-03-13 09:53:24,595 [s0@group-C1EBCFF19CDA-LeaderElection3] INFO  server.RaftServer$Division (RaftServerImpl.java:setRole(329)) - s0@group-C1EBCFF19CDA: changes role from CANDIDATE to FOLLOWER at term 1 for REJECTED
2023-03-13 09:53:24,595 [s0@group-C1EBCFF19CDA-LeaderElection3] INFO  impl.RoleInfo (RoleInfo.java:shutdownLeaderElection(130)) - s0: shutdown s0@group-C1EBCFF19CDA-LeaderElection3
2023-03-13 09:53:24,595 [s0@group-C1EBCFF19CDA-LeaderElection3] INFO  impl.RoleInfo (RoleInfo.java:updateAndGet(139)) - s0: start s0@group-C1EBCFF19CDA-FollowerState
2023-03-13 09:53:24,627 [HandlerDaemon-0] INFO  server.RaftServer$Division (RaftServerImpl.java:requestVote(1300)) - s3@group-C1EBCFF19CDA: receive requestVote(PRE_VOTE, s4, group-C1EBCFF19CDA, 1, (t:1, i:0))
2023-03-13 09:53:24,627 [HandlerDaemon-0] INFO  server.RaftServer$Division (RaftServerImpl.java:requestVote(1300)) - s1@group-C1EBCFF19CDA: receive requestVote(PRE_VOTE, s4, group-C1EBCFF19CDA, 1, (t:1, i:0))
2023-03-13 09:53:24,628 [HandlerDaemon-0] INFO  impl.VoteContext (VoteContext.java:log(49)) - s1@group-C1EBCFF19CDA-FOLLOWER: reject PRE_VOTE from s4: this server is a follower and still has a valid leader s2
2023-03-13 09:53:24,628 [HandlerDaemon-0] INFO  server.RaftServer$Division (RaftServerImpl.java:requestVote(1333)) - s1@group-C1EBCFF19CDA replies to PRE_VOTE vote request: s4<-s1#0:FAIL-t1. Peer's state: s1@group-C1EBCFF19CDA:t1, leader=s2, voted=s2, raftlog=Memoized:s1@group-C1EBCFF19CDA-SegmentedRaftLog:OPENED:c0, conf=0: peers:[s3|rpc:localhost:36161|admin:localhost:45145|client:localhost:33773|dataStream:localhost:34673|priority:0|startupRole:FOLLOWER, s4|rpc:localhost:46159|admin:localhost:33017|client:localhost:38269|dataStream:localhost:46577|priority:0|startupRole:FOLLOWER, s0|rpc:localhost:42037|admin:localhost:35933|client:localhost:37745|dataStream:localhost:46027|priority:0|startupRole:FOLLOWER, s1|rpc:localhost:42415|admin:localhost:39681|client:localhost:39407|dataStream:localhost:35133|priority:0|startupRole:FOLLOWER, s2|rpc:localhost:37505|admin:localhost:38193|client:localhost:45367|dataStream:localhost:33575|priority:0|startupRole:FOLLOWER]|listeners:[], old=null
2023-03-13 09:53:24,628 [HandlerDaemon-0] INFO  impl.VoteContext (VoteContext.java:log(49)) - s3@group-C1EBCFF19CDA-FOLLOWER: reject PRE_VOTE from s4: this server is a follower and still has a valid leader s2
2023-03-13 09:53:24,628 [HandlerDaemon-0] INFO  server.RaftServer$Division (RaftServerImpl.java:requestVote(1333)) - s3@group-C1EBCFF19CDA replies to PRE_VOTE vote request: s4<-s3#0:FAIL-t1. Peer's state: s3@group-C1EBCFF19CDA:t1, leader=s2, voted=s2, raftlog=Memoized:s3@group-C1EBCFF19CDA-SegmentedRaftLog:OPENED:c0, conf=0: peers:[s3|rpc:localhost:36161|admin:localhost:45145|client:localhost:33773|dataStream:localhost:34673|priority:0|startupRole:FOLLOWER, s4|rpc:localhost:46159|admin:localhost:33017|client:localhost:38269|dataStream:localhost:46577|priority:0|startupRole:FOLLOWER, s0|rpc:localhost:42037|admin:localhost:35933|client:localhost:37745|dataStream:localhost:46027|priority:0|startupRole:FOLLOWER, s1|rpc:localhost:42415|admin:localhost:39681|client:localhost:39407|dataStream:localhost:35133|priority:0|startupRole:FOLLOWER, s2|rpc:localhost:37505|admin:localhost:38193|client:localhost:45367|dataStream:localhost:33575|priority:0|startupRole:FOLLOWER]|listeners:[], old=null
2023-03-13 09:53:24,628 [s4@group-C1EBCFF19CDA-LeaderElection4] INFO  impl.LeaderElection (LeaderElection.java:logAndReturn(89)) - s4@group-C1EBCFF19CDA-LeaderElection4: PRE_VOTE REJECTED received 1 response(s) and 0 exception(s):
2023-03-13 09:53:24,628 [s4@group-C1EBCFF19CDA-LeaderElection4] INFO  impl.LeaderElection (LeaderElection.java:logAndReturn(93)) -   Response 0: s4<-s1#0:FAIL-t1
2023-03-13 09:53:24,628 [HandlerDaemon-1] INFO  server.RaftServer$Division (RaftServerImpl.java:requestVote(1300)) - s2@group-C1EBCFF19CDA: receive requestVote(PRE_VOTE, s4, group-C1EBCFF19CDA, 1, (t:1, i:0))
2023-03-13 09:53:24,628 [HandlerDaemon-1] INFO  impl.VoteContext (VoteContext.java:log(49)) - s2@group-C1EBCFF19CDA-LEADER: reject PRE_VOTE from s4: this server is the leader and still has leadership
2023-03-13 09:53:24,628 [s4@group-C1EBCFF19CDA-LeaderElection4] INFO  impl.LeaderElection (LeaderElection.java:askForVotes(312)) - s4@group-C1EBCFF19CDA-LeaderElection4 PRE_VOTE round 0: result REJECTED
2023-03-13 09:53:24,628 [HandlerDaemon-1] INFO  server.RaftServer$Division (RaftServerImpl.java:requestVote(1333)) - s2@group-C1EBCFF19CDA replies to PRE_VOTE vote request: s4<-s2#0:FAIL-t1. Peer's state: s2@group-C1EBCFF19CDA:t1, leader=s2, voted=s2, raftlog=Memoized:s2@group-C1EBCFF19CDA-SegmentedRaftLog:OPENED:c0, conf=0: peers:[s3|rpc:localhost:36161|admin:localhost:45145|client:localhost:33773|dataStream:localhost:34673|priority:0|startupRole:FOLLOWER, s4|rpc:localhost:46159|admin:localhost:33017|client:localhost:38269|dataStream:localhost:46577|priority:0|startupRole:FOLLOWER, s0|rpc:localhost:42037|admin:localhost:35933|client:localhost:37745|dataStream:localhost:46027|priority:0|startupRole:FOLLOWER, s1|rpc:localhost:42415|admin:localhost:39681|client:localhost:39407|dataStream:localhost:35133|priority:0|startupRole:FOLLOWER, s2|rpc:localhost:37505|admin:localhost:38193|client:localhost:45367|dataStream:localhost:33575|priority:0|startupRole:FOLLOWER]|listeners:[], old=null
2023-03-13 09:53:24,720 [HandlerDaemon-0] INFO  server.RaftServer$Division (ServerState.java:setLeader(260)) - s0@group-C1EBCFF19CDA: change Leader from null to s2 at term 1 for appendEntries, leader elected after 278ms
2023-03-13 09:53:24,777 [HandlerDaemon-1] INFO  server.RaftServer$Division (RaftServerImpl.java:requestVote(1300)) - s0@group-C1EBCFF19CDA: receive requestVote(PRE_VOTE, s4, group-C1EBCFF19CDA, 1, (t:1, i:0))
2023-03-13 09:53:24,777 [HandlerDaemon-1] INFO  impl.VoteContext (VoteContext.java:log(49)) - s0@group-C1EBCFF19CDA-FOLLOWER: reject PRE_VOTE from s4: this server is a follower and still has a valid leader s2
2023-03-13 09:53:24,777 [HandlerDaemon-1] INFO  server.RaftServer$Division (RaftServerImpl.java:requestVote(1333)) - s0@group-C1EBCFF19CDA replies to PRE_VOTE vote request: s4<-s0#0:FAIL-t1. Peer's state: s0@group-C1EBCFF19CDA:t1, leader=s2, voted=s2, raftlog=Memoized:s0@group-C1EBCFF19CDA-SegmentedRaftLog:OPENED:c0, conf=0: peers:[s3|rpc:localhost:36161|admin:localhost:45145|client:localhost:33773|dataStream:localhost:34673|priority:0|startupRole:FOLLOWER, s4|rpc:localhost:46159|admin:localhost:33017|client:localhost:38269|dataStream:localhost:46577|priority:0|startupRole:FOLLOWER, s0|rpc:localhost:42037|admin:localhost:35933|client:localhost:37745|dataStream:localhost:46027|priority:0|startupRole:FOLLOWER, s1|rpc:localhost:42415|admin:localhost:39681|client:localhost:39407|dataStream:localhost:35133|priority:0|startupRole:FOLLOWER, s2|rpc:localhost:37505|admin:localhost:38193|client:localhost:45367|dataStream:localhost:33575|priority:0|startupRole:FOLLOWER]|listeners:[], old=null
2023-03-13 09:53:24,982 [Time-limited test] INFO  simulation.TestLeaderElectionWithSimulatedRpc (LeaderElectionTests.java:enforceLeader(318)) - try enforcing leader to s0 but new leader is s2
2023-03-13 09:53:24,982 [Time-limited test] INFO  server.RaftServerConfigKeys (ConfUtils.java:logGet(46)) - raft.server.rpc.timeout.max = 300ms (default)
2023-03-13 09:53:25,156 [s1@group-C1EBCFF19CDA-FollowerState] INFO  impl.FollowerState (FollowerState.java:run(143)) - s1@group-C1EBCFF19CDA-FollowerState: change to CANDIDATE, lastRpcElapsedTime:204589294ns, electionTimeout:156ms
2023-03-13 09:53:25,156 [s1@group-C1EBCFF19CDA-FollowerState] INFO  impl.RoleInfo (RoleInfo.java:shutdownFollowerState(110)) - s1: shutdown s1@group-C1EBCFF19CDA-FollowerState
2023-03-13 09:53:25,156 [s1@group-C1EBCFF19CDA-FollowerState] INFO  server.RaftServer$Division (RaftServerImpl.java:setRole(329)) - s1@group-C1EBCFF19CDA: changes role from  FOLLOWER to CANDIDATE at term 1 for changeToCandidate
2023-03-13 09:53:25,157 [s1@group-C1EBCFF19CDA-FollowerState] INFO  server.RaftServerConfigKeys (ConfUtils.java:logGet(46)) - raft.server.leaderelection.pre-vote = true (default)
2023-03-13 09:53:25,157 [s1@group-C1EBCFF19CDA-FollowerState] INFO  impl.RoleInfo (RoleInfo.java:updateAndGet(139)) - s1: start s1@group-C1EBCFF19CDA-LeaderElection5
2023-03-13 09:53:25,161 [s1@group-C1EBCFF19CDA-LeaderElection5] INFO  server.RaftServer$Division (ServerState.java:setLeader(260)) - s1@group-C1EBCFF19CDA: change Leader from s2 to null at term 1 for PRE_VOTE
2023-03-13 09:53:25,161 [s1@group-C1EBCFF19CDA-LeaderElection5] INFO  impl.LeaderElection (LeaderElection.java:askForVotes(310)) - s1@group-C1EBCFF19CDA-LeaderElection5 PRE_VOTE round 0: submit vote requests at term 1 for 0: peers:[s3|rpc:localhost:36161|admin:localhost:45145|client:localhost:33773|dataStream:localhost:34673|priority:0|startupRole:FOLLOWER, s4|rpc:localhost:46159|admin:localhost:33017|client:localhost:38269|dataStream:localhost:46577|priority:0|startupRole:FOLLOWER, s0|rpc:localhost:42037|admin:localhost:35933|client:localhost:37745|dataStream:localhost:46027|priority:0|startupRole:FOLLOWER, s1|rpc:localhost:42415|admin:localhost:39681|client:localhost:39407|dataStream:localhost:35133|priority:0|startupRole:FOLLOWER, s2|rpc:localhost:37505|admin:localhost:38193|client:localhost:45367|dataStream:localhost:33575|priority:0|startupRole:FOLLOWER]|listeners:[], old=null
2023-03-13 09:53:25,177 [HandlerDaemon-0] INFO  server.RaftServer$Division (RaftServerImpl.java:setRole(329)) - s1@group-C1EBCFF19CDA: changes role from CANDIDATE to FOLLOWER at term 1 for appendEntries
2023-03-13 09:53:25,178 [HandlerDaemon-0] INFO  impl.RoleInfo (RoleInfo.java:shutdownLeaderElection(130)) - s1: shutdown s1@group-C1EBCFF19CDA-LeaderElection5
2023-03-13 09:53:25,178 [HandlerDaemon-0] INFO  impl.RoleInfo (RoleInfo.java:updateAndGet(139)) - s1: start s1@group-C1EBCFF19CDA-FollowerState
2023-03-13 09:53:25,178 [HandlerDaemon-0] INFO  server.RaftServer$Division (ServerState.java:setLeader(260)) - s1@group-C1EBCFF19CDA: change Leader from null to s2 at term 1 for appendEntries, leader elected after 17ms
2023-03-13 09:53:25,252 [s0@group-C1EBCFF19CDA-FollowerState] INFO  impl.FollowerState (FollowerState.java:run(143)) - s0@group-C1EBCFF19CDA-FollowerState: change to CANDIDATE, lastRpcElapsedTime:303852912ns, electionTimeout:218ms
2023-03-13 09:53:25,253 [s0@group-C1EBCFF19CDA-FollowerState] INFO  impl.RoleInfo (RoleInfo.java:shutdownFollowerState(110)) - s0: shutdown s0@group-C1EBCFF19CDA-FollowerState
2023-03-13 09:53:25,253 [s0@group-C1EBCFF19CDA-FollowerState] INFO  server.RaftServer$Division (RaftServerImpl.java:setRole(329)) - s0@group-C1EBCFF19CDA: changes role from  FOLLOWER to CANDIDATE at term 1 for changeToCandidate
2023-03-13 09:53:25,253 [s0@group-C1EBCFF19CDA-FollowerState] INFO  server.RaftServerConfigKeys (ConfUtils.java:logGet(46)) - raft.server.leaderelection.pre-vote = true (default)
2023-03-13 09:53:25,253 [s0@group-C1EBCFF19CDA-FollowerState] INFO  impl.RoleInfo (RoleInfo.java:updateAndGet(139)) - s0: start s0@group-C1EBCFF19CDA-LeaderElection6
2023-03-13 09:53:25,259 [s0@group-C1EBCFF19CDA-LeaderElection6] INFO  server.RaftServer$Division (ServerState.java:setLeader(260)) - s0@group-C1EBCFF19CDA: change Leader from s2 to null at term 1 for PRE_VOTE
2023-03-13 09:53:25,259 [s0@group-C1EBCFF19CDA-LeaderElection6] INFO  impl.LeaderElection (LeaderElection.java:askForVotes(310)) - s0@group-C1EBCFF19CDA-LeaderElection6 PRE_VOTE round 0: submit vote requests at term 1 for 0: peers:[s3|rpc:localhost:36161|admin:localhost:45145|client:localhost:33773|dataStream:localhost:34673|priority:0|startupRole:FOLLOWER, s4|rpc:localhost:46159|admin:localhost:33017|client:localhost:38269|dataStream:localhost:46577|priority:0|startupRole:FOLLOWER, s0|rpc:localhost:42037|admin:localhost:35933|client:localhost:37745|dataStream:localhost:46027|priority:0|startupRole:FOLLOWER, s1|rpc:localhost:42415|admin:localhost:39681|client:localhost:39407|dataStream:localhost:35133|priority:0|startupRole:FOLLOWER, s2|rpc:localhost:37505|admin:localhost:38193|client:localhost:45367|dataStream:localhost:33575|priority:0|startupRole:FOLLOWER]|listeners:[], old=null
2023-03-13 09:53:25,312 [HandlerDaemon-1] INFO  server.RaftServer$Division (RaftServerImpl.java:requestVote(1300)) - s3@group-C1EBCFF19CDA: receive requestVote(PRE_VOTE, s1, group-C1EBCFF19CDA, 1, (t:1, i:0))
2023-03-13 09:53:25,312 [HandlerDaemon-1] INFO  impl.VoteContext (VoteContext.java:log(49)) - s3@group-C1EBCFF19CDA-FOLLOWER: reject PRE_VOTE from s1: this server is a follower and still has a valid leader s2
2023-03-13 09:53:25,312 [HandlerDaemon-2] INFO  server.RaftServer$Division (RaftServerImpl.java:requestVote(1300)) - s2@group-C1EBCFF19CDA: receive requestVote(PRE_VOTE, s1, group-C1EBCFF19CDA, 1, (t:1, i:0))
2023-03-13 09:53:25,312 [HandlerDaemon-1] INFO  server.RaftServer$Division (RaftServerImpl.java:requestVote(1300)) - s4@group-C1EBCFF19CDA: receive requestVote(PRE_VOTE, s1, group-C1EBCFF19CDA, 1, (t:1, i:0))
2023-03-13 09:53:25,312 [HandlerDaemon-1] INFO  impl.VoteContext (VoteContext.java:log(49)) - s4@group-C1EBCFF19CDA-FOLLOWER: reject PRE_VOTE from s1: this server is a follower and still has a valid leader s2
2023-03-13 09:53:25,312 [HandlerDaemon-1] INFO  server.RaftServer$Division (RaftServerImpl.java:requestVote(1333)) - s4@group-C1EBCFF19CDA replies to PRE_VOTE vote request: s1<-s4#0:FAIL-t1. Peer's state: s4@group-C1EBCFF19CDA:t1, leader=s2, voted=s2, raftlog=Memoized:s4@group-C1EBCFF19CDA-SegmentedRaftLog:OPENED:c0, conf=0: peers:[s3|rpc:localhost:36161|admin:localhost:45145|client:localhost:33773|dataStream:localhost:34673|priority:0|startupRole:FOLLOWER, s4|rpc:localhost:46159|admin:localhost:33017|client:localhost:38269|dataStream:localhost:46577|priority:0|startupRole:FOLLOWER, s0|rpc:localhost:42037|admin:localhost:35933|client:localhost:37745|dataStream:localhost:46027|priority:0|startupRole:FOLLOWER, s1|rpc:localhost:42415|admin:localhost:39681|client:localhost:39407|dataStream:localhost:35133|priority:0|startupRole:FOLLOWER, s2|rpc:localhost:37505|admin:localhost:38193|client:localhost:45367|dataStream:localhost:33575|priority:0|startupRole:FOLLOWER]|listeners:[], old=null
2023-03-13 09:53:25,312 [HandlerDaemon-1] INFO  server.RaftServer$Division (RaftServerImpl.java:requestVote(1333)) - s3@group-C1EBCFF19CDA replies to PRE_VOTE vote request: s1<-s3#0:FAIL-t1. Peer's state: s3@group-C1EBCFF19CDA:t1, leader=s2, voted=s2, raftlog=Memoized:s3@group-C1EBCFF19CDA-SegmentedRaftLog:OPENED:c0, conf=0: peers:[s3|rpc:localhost:36161|admin:localhost:45145|client:localhost:33773|dataStream:localhost:34673|priority:0|startupRole:FOLLOWER, s4|rpc:localhost:46159|admin:localhost:33017|client:localhost:38269|dataStream:localhost:46577|priority:0|startupRole:FOLLOWER, s0|rpc:localhost:42037|admin:localhost:35933|client:localhost:37745|dataStream:localhost:46027|priority:0|startupRole:FOLLOWER, s1|rpc:localhost:42415|admin:localhost:39681|client:localhost:39407|dataStream:localhost:35133|priority:0|startupRole:FOLLOWER, s2|rpc:localhost:37505|admin:localhost:38193|client:localhost:45367|dataStream:localhost:33575|priority:0|startupRole:FOLLOWER]|listeners:[], old=null
2023-03-13 09:53:25,312 [HandlerDaemon-2] INFO  impl.VoteContext (VoteContext.java:log(49)) - s2@group-C1EBCFF19CDA-LEADER: reject PRE_VOTE from s1: this server is the leader and still has leadership
2023-03-13 09:53:25,313 [HandlerDaemon-2] INFO  server.RaftServer$Division (RaftServerImpl.java:requestVote(1333)) - s2@group-C1EBCFF19CDA replies to PRE_VOTE vote request: s1<-s2#0:FAIL-t1. Peer's state: s2@group-C1EBCFF19CDA:t1, leader=s2, voted=s2, raftlog=Memoized:s2@group-C1EBCFF19CDA-SegmentedRaftLog:OPENED:c0, conf=0: peers:[s3|rpc:localhost:36161|admin:localhost:45145|client:localhost:33773|dataStream:localhost:34673|priority:0|startupRole:FOLLOWER, s4|rpc:localhost:46159|admin:localhost:33017|client:localhost:38269|dataStream:localhost:46577|priority:0|startupRole:FOLLOWER, s0|rpc:localhost:42037|admin:localhost:35933|client:localhost:37745|dataStream:localhost:46027|priority:0|startupRole:FOLLOWER, s1|rpc:localhost:42415|admin:localhost:39681|client:localhost:39407|dataStream:localhost:35133|priority:0|startupRole:FOLLOWER, s2|rpc:localhost:37505|admin:localhost:38193|client:localhost:45367|dataStream:localhost:33575|priority:0|startupRole:FOLLOWER]|listeners:[], old=null
2023-03-13 09:53:25,313 [s1@group-C1EBCFF19CDA-LeaderElection5] INFO  impl.LeaderElection (LeaderElection.java:logAndReturn(89)) - s1@group-C1EBCFF19CDA-LeaderElection5: PRE_VOTE REJECTED received 1 response(s) and 0 exception(s):
2023-03-13 09:53:25,313 [s1@group-C1EBCFF19CDA-LeaderElection5] INFO  impl.LeaderElection (LeaderElection.java:logAndReturn(93)) -   Response 0: s1<-s3#0:FAIL-t1
2023-03-13 09:53:25,313 [s1@group-C1EBCFF19CDA-LeaderElection5] INFO  impl.LeaderElection (LeaderElection.java:askForVotes(312)) - s1@group-C1EBCFF19CDA-LeaderElection5 PRE_VOTE round 0: result REJECTED
2023-03-13 09:53:25,338 [s1@group-C1EBCFF19CDA-FollowerState] INFO  impl.FollowerState (FollowerState.java:run(143)) - s1@group-C1EBCFF19CDA-FollowerState: change to CANDIDATE, lastRpcElapsedTime:160237081ns, electionTimeout:160ms
2023-03-13 09:53:25,338 [s1@group-C1EBCFF19CDA-FollowerState] INFO  impl.RoleInfo (RoleInfo.java:shutdownFollowerState(110)) - s1: shutdown s1@group-C1EBCFF19CDA-FollowerState
2023-03-13 09:53:25,339 [s1@group-C1EBCFF19CDA-FollowerState] INFO  server.RaftServer$Division (RaftServerImpl.java:setRole(329)) - s1@group-C1EBCFF19CDA: changes role from  FOLLOWER to CANDIDATE at term 1 for changeToCandidate
2023-03-13 09:53:25,339 [s1@group-C1EBCFF19CDA-FollowerState] INFO  server.RaftServerConfigKeys (ConfUtils.java:logGet(46)) - raft.server.leaderelection.pre-vote = true (default)
2023-03-13 09:53:25,339 [s1@group-C1EBCFF19CDA-FollowerState] INFO  impl.RoleInfo (RoleInfo.java:updateAndGet(139)) - s1: start s1@group-C1EBCFF19CDA-LeaderElection7
2023-03-13 09:53:25,343 [s1@group-C1EBCFF19CDA-LeaderElection7] INFO  server.RaftServer$Division (ServerState.java:setLeader(260)) - s1@group-C1EBCFF19CDA: change Leader from s2 to null at term 1 for PRE_VOTE
2023-03-13 09:53:25,343 [s1@group-C1EBCFF19CDA-LeaderElection7] INFO  impl.LeaderElection (LeaderElection.java:askForVotes(310)) - s1@group-C1EBCFF19CDA-LeaderElection7 PRE_VOTE round 0: submit vote requests at term 1 for 0: peers:[s3|rpc:localhost:36161|admin:localhost:45145|client:localhost:33773|dataStream:localhost:34673|priority:0|startupRole:FOLLOWER, s4|rpc:localhost:46159|admin:localhost:33017|client:localhost:38269|dataStream:localhost:46577|priority:0|startupRole:FOLLOWER, s0|rpc:localhost:42037|admin:localhost:35933|client:localhost:37745|dataStream:localhost:46027|priority:0|startupRole:FOLLOWER, s1|rpc:localhost:42415|admin:localhost:39681|client:localhost:39407|dataStream:localhost:35133|priority:0|startupRole:FOLLOWER, s2|rpc:localhost:37505|admin:localhost:38193|client:localhost:45367|dataStream:localhost:33575|priority:0|startupRole:FOLLOWER]|listeners:[], old=null
2023-03-13 09:53:25,407 [HandlerDaemon-1] INFO  server.RaftServer$Division (RaftServerImpl.java:setRole(329)) - s1@group-C1EBCFF19CDA: changes role from CANDIDATE to FOLLOWER at term 1 for appendEntries
2023-03-13 09:53:25,407 [HandlerDaemon-1] INFO  impl.RoleInfo (RoleInfo.java:shutdownLeaderElection(130)) - s1: shutdown s1@group-C1EBCFF19CDA-LeaderElection7
2023-03-13 09:53:25,407 [HandlerDaemon-1] INFO  impl.RoleInfo (RoleInfo.java:updateAndGet(139)) - s1: start s1@group-C1EBCFF19CDA-FollowerState
2023-03-13 09:53:25,408 [HandlerDaemon-1] INFO  server.RaftServer$Division (ServerState.java:setLeader(260)) - s1@group-C1EBCFF19CDA: change Leader from null to s2 at term 1 for appendEntries, leader elected after 64ms
2023-03-13 09:53:25,410 [HandlerDaemon-0] INFO  server.RaftServer$Division (RaftServerImpl.java:requestVote(1300)) - s3@group-C1EBCFF19CDA: receive requestVote(PRE_VOTE, s0, group-C1EBCFF19CDA, 1, (t:1, i:0))
2023-03-13 09:53:25,410 [HandlerDaemon-0] INFO  impl.VoteContext (VoteContext.java:log(49)) - s3@group-C1EBCFF19CDA-FOLLOWER: reject PRE_VOTE from s0: this server is a follower and still has a valid leader s2
2023-03-13 09:53:25,410 [HandlerDaemon-2] INFO  server.RaftServer$Division (RaftServerImpl.java:requestVote(1300)) - s4@group-C1EBCFF19CDA: receive requestVote(PRE_VOTE, s0, group-C1EBCFF19CDA, 1, (t:1, i:0))
2023-03-13 09:53:25,410 [HandlerDaemon-0] INFO  server.RaftServer$Division (RaftServerImpl.java:requestVote(1333)) - s3@group-C1EBCFF19CDA replies to PRE_VOTE vote request: s0<-s3#0:FAIL-t1. Peer's state: s3@group-C1EBCFF19CDA:t1, leader=s2, voted=s2, raftlog=Memoized:s3@group-C1EBCFF19CDA-SegmentedRaftLog:OPENED:c0, conf=0: peers:[s3|rpc:localhost:36161|admin:localhost:45145|client:localhost:33773|dataStream:localhost:34673|priority:0|startupRole:FOLLOWER, s4|rpc:localhost:46159|admin:localhost:33017|client:localhost:38269|dataStream:localhost:46577|priority:0|startupRole:FOLLOWER, s0|rpc:localhost:42037|admin:localhost:35933|client:localhost:37745|dataStream:localhost:46027|priority:0|startupRole:FOLLOWER, s1|rpc:localhost:42415|admin:localhost:39681|client:localhost:39407|dataStream:localhost:35133|priority:0|startupRole:FOLLOWER, s2|rpc:localhost:37505|admin:localhost:38193|client:localhost:45367|dataStream:localhost:33575|priority:0|startupRole:FOLLOWER]|listeners:[], old=null
2023-03-13 09:53:25,412 [HandlerDaemon-0] INFO  server.RaftServer$Division (RaftServerImpl.java:requestVote(1300)) - s2@group-C1EBCFF19CDA: receive requestVote(PRE_VOTE, s0, group-C1EBCFF19CDA, 1, (t:1, i:0))
2023-03-13 09:53:25,412 [HandlerDaemon-0] INFO  impl.VoteContext (VoteContext.java:log(49)) - s2@group-C1EBCFF19CDA-LEADER: reject PRE_VOTE from s0: this server is the leader and still has leadership
2023-03-13 09:53:25,412 [HandlerDaemon-0] INFO  server.RaftServer$Division (RaftServerImpl.java:requestVote(1333)) - s2@group-C1EBCFF19CDA replies to PRE_VOTE vote request: s0<-s2#0:FAIL-t1. Peer's state: s2@group-C1EBCFF19CDA:t1, leader=s2, voted=s2, raftlog=Memoized:s2@group-C1EBCFF19CDA-SegmentedRaftLog:OPENED:c0, conf=0: peers:[s3|rpc:localhost:36161|admin:localhost:45145|client:localhost:33773|dataStream:localhost:34673|priority:0|startupRole:FOLLOWER, s4|rpc:localhost:46159|admin:localhost:33017|client:localhost:38269|dataStream:localhost:46577|priority:0|startupRole:FOLLOWER, s0|rpc:localhost:42037|admin:localhost:35933|client:localhost:37745|dataStream:localhost:46027|priority:0|startupRole:FOLLOWER, s1|rpc:localhost:42415|admin:localhost:39681|client:localhost:39407|dataStream:localhost:35133|priority:0|startupRole:FOLLOWER, s2|rpc:localhost:37505|admin:localhost:38193|client:localhost:45367|dataStream:localhost:33575|priority:0|startupRole:FOLLOWER]|listeners:[], old=null
2023-03-13 09:53:25,412 [HandlerDaemon-2] INFO  server.RaftServer$Division (RaftServerImpl.java:requestVote(1300)) - s1@group-C1EBCFF19CDA: receive requestVote(PRE_VOTE, s0, group-C1EBCFF19CDA, 1, (t:1, i:0))
2023-03-13 09:53:25,412 [HandlerDaemon-2] INFO  impl.VoteContext (VoteContext.java:log(49)) - s1@group-C1EBCFF19CDA-FOLLOWER: reject PRE_VOTE from s0: this server is a follower and still has a valid leader s2
2023-03-13 09:53:25,412 [HandlerDaemon-2] INFO  server.RaftServer$Division (RaftServerImpl.java:requestVote(1333)) - s1@group-C1EBCFF19CDA replies to PRE_VOTE vote request: s0<-s1#0:FAIL-t1. Peer's state: s1@group-C1EBCFF19CDA:t1, leader=s2, voted=s2, raftlog=Memoized:s1@group-C1EBCFF19CDA-SegmentedRaftLog:OPENED:c0, conf=0: peers:[s3|rpc:localhost:36161|admin:localhost:45145|client:localhost:33773|dataStream:localhost:34673|priority:0|startupRole:FOLLOWER, s4|rpc:localhost:46159|admin:localhost:33017|client:localhost:38269|dataStream:localhost:46577|priority:0|startupRole:FOLLOWER, s0|rpc:localhost:42037|admin:localhost:35933|client:localhost:37745|dataStream:localhost:46027|priority:0|startupRole:FOLLOWER, s1|rpc:localhost:42415|admin:localhost:39681|client:localhost:39407|dataStream:localhost:35133|priority:0|startupRole:FOLLOWER, s2|rpc:localhost:37505|admin:localhost:38193|client:localhost:45367|dataStream:localhost:33575|priority:0|startupRole:FOLLOWER]|listeners:[], old=null
2023-03-13 09:53:25,410 [HandlerDaemon-2] INFO  impl.VoteContext (VoteContext.java:log(49)) - s4@group-C1EBCFF19CDA-FOLLOWER: reject PRE_VOTE from s0: this server is a follower and still has a valid leader s2
2023-03-13 09:53:25,412 [HandlerDaemon-2] INFO  server.RaftServer$Division (RaftServerImpl.java:requestVote(1333)) - s4@group-C1EBCFF19CDA replies to PRE_VOTE vote request: s0<-s4#0:FAIL-t1. Peer's state: s4@group-C1EBCFF19CDA:t1, leader=s2, voted=s2, raftlog=Memoized:s4@group-C1EBCFF19CDA-SegmentedRaftLog:OPENED:c0, conf=0: peers:[s3|rpc:localhost:36161|admin:localhost:45145|client:localhost:33773|dataStream:localhost:34673|priority:0|startupRole:FOLLOWER, s4|rpc:localhost:46159|admin:localhost:33017|client:localhost:38269|dataStream:localhost:46577|priority:0|startupRole:FOLLOWER, s0|rpc:localhost:42037|admin:localhost:35933|client:localhost:37745|dataStream:localhost:46027|priority:0|startupRole:FOLLOWER, s1|rpc:localhost:42415|admin:localhost:39681|client:localhost:39407|dataStream:localhost:35133|priority:0|startupRole:FOLLOWER, s2|rpc:localhost:37505|admin:localhost:38193|client:localhost:45367|dataStream:localhost:33575|priority:0|startupRole:FOLLOWER]|listeners:[], old=null
2023-03-13 09:53:25,413 [s0@group-C1EBCFF19CDA-LeaderElection6] INFO  impl.LeaderElection (LeaderElection.java:logAndReturn(89)) - s0@group-C1EBCFF19CDA-LeaderElection6: PRE_VOTE REJECTED received 3 response(s) and 0 exception(s):
2023-03-13 09:53:25,413 [s0@group-C1EBCFF19CDA-LeaderElection6] INFO  impl.LeaderElection (LeaderElection.java:logAndReturn(93)) -   Response 0: s0<-s3#0:FAIL-t1
2023-03-13 09:53:25,413 [s0@group-C1EBCFF19CDA-LeaderElection6] INFO  impl.LeaderElection (LeaderElection.java:logAndReturn(93)) -   Response 1: s0<-s4#0:FAIL-t1
2023-03-13 09:53:25,413 [s0@group-C1EBCFF19CDA-LeaderElection6] INFO  impl.LeaderElection (LeaderElection.java:logAndReturn(93)) -   Response 2: s0<-s2#0:FAIL-t1
2023-03-13 09:53:25,413 [s0@group-C1EBCFF19CDA-LeaderElection6] INFO  impl.LeaderElection (LeaderElection.java:askForVotes(312)) - s0@group-C1EBCFF19CDA-LeaderElection6 PRE_VOTE round 0: result REJECTED
2023-03-13 09:53:25,413 [s0@group-C1EBCFF19CDA-LeaderElection6] INFO  server.RaftServer$Division (RaftServerImpl.java:setRole(329)) - s0@group-C1EBCFF19CDA: changes role from CANDIDATE to FOLLOWER at term 1 for REJECTED
2023-03-13 09:53:25,413 [s0@group-C1EBCFF19CDA-LeaderElection6] INFO  impl.RoleInfo (RoleInfo.java:shutdownLeaderElection(130)) - s0: shutdown s0@group-C1EBCFF19CDA-LeaderElection6
2023-03-13 09:53:25,413 [s0@group-C1EBCFF19CDA-LeaderElection6] INFO  impl.RoleInfo (RoleInfo.java:updateAndGet(139)) - s0: start s0@group-C1EBCFF19CDA-FollowerState
2023-03-13 09:53:25,433 [Time-limited test] INFO  server.RaftServerConfigKeys (ConfUtils.java:logGet(46)) - raft.server.rpc.timeout.max = 300ms (default)
2023-03-13 09:53:25,462 [HandlerDaemon-2] INFO  server.RaftServer$Division (RaftServerImpl.java:requestVote(1300)) - s0@group-C1EBCFF19CDA: receive requestVote(PRE_VOTE, s1, group-C1EBCFF19CDA, 1, (t:1, i:0))
2023-03-13 09:53:25,462 [HandlerDaemon-2] INFO  impl.VoteContext (VoteContext.java:log(49)) - s0@group-C1EBCFF19CDA-FOLLOWER: accept PRE_VOTE from s1: our priority 0 <= candidate's priority 0
2023-03-13 09:53:25,463 [HandlerDaemon-2] INFO  server.RaftServer$Division (RaftServerImpl.java:requestVote(1333)) - s0@group-C1EBCFF19CDA replies to PRE_VOTE vote request: s1<-s0#0:OK-t1. Peer's state: s0@group-C1EBCFF19CDA:t1, leader=null, voted=s2, raftlog=Memoized:s0@group-C1EBCFF19CDA-SegmentedRaftLog:OPENED:c0, conf=0: peers:[s3|rpc:localhost:36161|admin:localhost:45145|client:localhost:33773|dataStream:localhost:34673|priority:0|startupRole:FOLLOWER, s4|rpc:localhost:46159|admin:localhost:33017|client:localhost:38269|dataStream:localhost:46577|priority:0|startupRole:FOLLOWER, s0|rpc:localhost:42037|admin:localhost:35933|client:localhost:37745|dataStream:localhost:46027|priority:0|startupRole:FOLLOWER, s1|rpc:localhost:42415|admin:localhost:39681|client:localhost:39407|dataStream:localhost:35133|priority:0|startupRole:FOLLOWER, s2|rpc:localhost:37505|admin:localhost:38193|client:localhost:45367|dataStream:localhost:33575|priority:0|startupRole:FOLLOWER]|listeners:[], old=null
2023-03-13 09:53:25,494 [HandlerDaemon-1] INFO  server.RaftServer$Division (RaftServerImpl.java:requestVote(1300)) - s3@group-C1EBCFF19CDA: receive requestVote(PRE_VOTE, s1, group-C1EBCFF19CDA, 1, (t:1, i:0))
2023-03-13 09:53:25,494 [HandlerDaemon-1] INFO  impl.VoteContext (VoteContext.java:log(49)) - s3@group-C1EBCFF19CDA-FOLLOWER: reject PRE_VOTE from s1: this server is a follower and still has a valid leader s2
2023-03-13 09:53:25,494 [HandlerDaemon-1] INFO  server.RaftServer$Division (RaftServerImpl.java:requestVote(1300)) - s4@group-C1EBCFF19CDA: receive requestVote(PRE_VOTE, s1, group-C1EBCFF19CDA, 1, (t:1, i:0))
2023-03-13 09:53:25,494 [HandlerDaemon-1] INFO  impl.VoteContext (VoteContext.java:log(49)) - s4@group-C1EBCFF19CDA-FOLLOWER: reject PRE_VOTE from s1: this server is a follower and still has a valid leader s2
2023-03-13 09:53:25,494 [HandlerDaemon-1] INFO  server.RaftServer$Division (RaftServerImpl.java:requestVote(1333)) - s3@group-C1EBCFF19CDA replies to PRE_VOTE vote request: s1<-s3#0:FAIL-t1. Peer's state: s3@group-C1EBCFF19CDA:t1, leader=s2, voted=s2, raftlog=Memoized:s3@group-C1EBCFF19CDA-SegmentedRaftLog:OPENED:c0, conf=0: peers:[s3|rpc:localhost:36161|admin:localhost:45145|client:localhost:33773|dataStream:localhost:34673|priority:0|startupRole:FOLLOWER, s4|rpc:localhost:46159|admin:localhost:33017|client:localhost:38269|dataStream:localhost:46577|priority:0|startupRole:FOLLOWER, s0|rpc:localhost:42037|admin:localhost:35933|client:localhost:37745|dataStream:localhost:46027|priority:0|startupRole:FOLLOWER, s1|rpc:localhost:42415|admin:localhost:39681|client:localhost:39407|dataStream:localhost:35133|priority:0|startupRole:FOLLOWER, s2|rpc:localhost:37505|admin:localhost:38193|client:localhost:45367|dataStream:localhost:33575|priority:0|startupRole:FOLLOWER]|listeners:[], old=null
2023-03-13 09:53:25,494 [HandlerDaemon-1] INFO  server.RaftServer$Division (RaftServerImpl.java:requestVote(1333)) - s4@group-C1EBCFF19CDA replies to PRE_VOTE vote request: s1<-s4#0:FAIL-t1. Peer's state: s4@group-C1EBCFF19CDA:t1, leader=s2, voted=s2, raftlog=Memoized:s4@group-C1EBCFF19CDA-SegmentedRaftLog:OPENED:c0, conf=0: peers:[s3|rpc:localhost:36161|admin:localhost:45145|client:localhost:33773|dataStream:localhost:34673|priority:0|startupRole:FOLLOWER, s4|rpc:localhost:46159|admin:localhost:33017|client:localhost:38269|dataStream:localhost:46577|priority:0|startupRole:FOLLOWER, s0|rpc:localhost:42037|admin:localhost:35933|client:localhost:37745|dataStream:localhost:46027|priority:0|startupRole:FOLLOWER, s1|rpc:localhost:42415|admin:localhost:39681|client:localhost:39407|dataStream:localhost:35133|priority:0|startupRole:FOLLOWER, s2|rpc:localhost:37505|admin:localhost:38193|client:localhost:45367|dataStream:localhost:33575|priority:0|startupRole:FOLLOWER]|listeners:[], old=null
2023-03-13 09:53:25,494 [HandlerDaemon-1] INFO  server.RaftServer$Division (RaftServerImpl.java:requestVote(1300)) - s2@group-C1EBCFF19CDA: receive requestVote(PRE_VOTE, s1, group-C1EBCFF19CDA, 1, (t:1, i:0))
2023-03-13 09:53:25,494 [HandlerDaemon-1] INFO  impl.VoteContext (VoteContext.java:log(49)) - s2@group-C1EBCFF19CDA-LEADER: reject PRE_VOTE from s1: this server is the leader and still has leadership
2023-03-13 09:53:25,494 [HandlerDaemon-1] INFO  server.RaftServer$Division (RaftServerImpl.java:requestVote(1333)) - s2@group-C1EBCFF19CDA replies to PRE_VOTE vote request: s1<-s2#0:FAIL-t1. Peer's state: s2@group-C1EBCFF19CDA:t1, leader=s2, voted=s2, raftlog=Memoized:s2@group-C1EBCFF19CDA-SegmentedRaftLog:OPENED:c0, conf=0: peers:[s3|rpc:localhost:36161|admin:localhost:45145|client:localhost:33773|dataStream:localhost:34673|priority:0|startupRole:FOLLOWER, s4|rpc:localhost:46159|admin:localhost:33017|client:localhost:38269|dataStream:localhost:46577|priority:0|startupRole:FOLLOWER, s0|rpc:localhost:42037|admin:localhost:35933|client:localhost:37745|dataStream:localhost:46027|priority:0|startupRole:FOLLOWER, s1|rpc:localhost:42415|admin:localhost:39681|client:localhost:39407|dataStream:localhost:35133|priority:0|startupRole:FOLLOWER, s2|rpc:localhost:37505|admin:localhost:38193|client:localhost:45367|dataStream:localhost:33575|priority:0|startupRole:FOLLOWER]|listeners:[], old=null
2023-03-13 09:53:25,494 [s1@group-C1EBCFF19CDA-LeaderElection7] INFO  impl.LeaderElection (LeaderElection.java:logAndReturn(89)) - s1@group-C1EBCFF19CDA-LeaderElection7: PRE_VOTE REJECTED received 1 response(s) and 0 exception(s):
2023-03-13 09:53:25,494 [s1@group-C1EBCFF19CDA-LeaderElection7] INFO  impl.LeaderElection (LeaderElection.java:logAndReturn(93)) -   Response 0: s1<-s3#0:FAIL-t1
2023-03-13 09:53:25,494 [s1@group-C1EBCFF19CDA-LeaderElection7] INFO  impl.LeaderElection (LeaderElection.java:askForVotes(312)) - s1@group-C1EBCFF19CDA-LeaderElection7 PRE_VOTE round 0: result REJECTED
2023-03-13 09:53:25,625 [HandlerDaemon-0] INFO  server.RaftServer$Division (ServerState.java:setLeader(260)) - s0@group-C1EBCFF19CDA: change Leader from null to s2 at term 1 for appendEntries, leader elected after 368ms
2023-03-13 09:53:25,644 [HandlerDaemon-1] INFO  server.RaftServer$Division (RaftServerImpl.java:requestVote(1300)) - s0@group-C1EBCFF19CDA: receive requestVote(PRE_VOTE, s1, group-C1EBCFF19CDA, 1, (t:1, i:0))
2023-03-13 09:53:25,644 [HandlerDaemon-1] INFO  impl.VoteContext (VoteContext.java:log(49)) - s0@group-C1EBCFF19CDA-FOLLOWER: reject PRE_VOTE from s1: this server is a follower and still has a valid leader s2
2023-03-13 09:53:25,644 [HandlerDaemon-1] INFO  server.RaftServer$Division (RaftServerImpl.java:requestVote(1333)) - s0@group-C1EBCFF19CDA replies to PRE_VOTE vote request: s1<-s0#0:FAIL-t1. Peer's state: s0@group-C1EBCFF19CDA:t1, leader=s2, voted=s2, raftlog=Memoized:s0@group-C1EBCFF19CDA-SegmentedRaftLog:OPENED:c0, conf=0: peers:[s3|rpc:localhost:36161|admin:localhost:45145|client:localhost:33773|dataStream:localhost:34673|priority:0|startupRole:FOLLOWER, s4|rpc:localhost:46159|admin:localhost:33017|client:localhost:38269|dataStream:localhost:46577|priority:0|startupRole:FOLLOWER, s0|rpc:localhost:42037|admin:localhost:35933|client:localhost:37745|dataStream:localhost:46027|priority:0|startupRole:FOLLOWER, s1|rpc:localhost:42415|admin:localhost:39681|client:localhost:39407|dataStream:localhost:35133|priority:0|startupRole:FOLLOWER, s2|rpc:localhost:37505|admin:localhost:38193|client:localhost:45367|dataStream:localhost:33575|priority:0|startupRole:FOLLOWER]|listeners:[], old=null
2023-03-13 09:53:25,883 [Time-limited test] INFO  simulation.TestLeaderElectionWithSimulatedRpc (LeaderElectionTests.java:enforceLeader(318)) - try enforcing leader to s0 but new leader is s2
2023-03-13 09:53:25,883 [Time-limited test] INFO  server.RaftServerConfigKeys (ConfUtils.java:logGet(46)) - raft.server.rpc.timeout.max = 300ms (default)
2023-03-13 09:53:26,268 [s0@group-C1EBCFF19CDA-FollowerState] INFO  impl.FollowerState (FollowerState.java:run(143)) - s0@group-C1EBCFF19CDA-FollowerState: change to CANDIDATE, lastRpcElapsedTime:414926035ns, electionTimeout:283ms
2023-03-13 09:53:26,268 [s0@group-C1EBCFF19CDA-FollowerState] INFO  impl.RoleInfo (RoleInfo.java:shutdownFollowerState(110)) - s0: shutdown s0@group-C1EBCFF19CDA-FollowerState
2023-03-13 09:53:26,268 [s0@group-C1EBCFF19CDA-FollowerState] INFO  server.RaftServer$Division (RaftServerImpl.java:setRole(329)) - s0@group-C1EBCFF19CDA: changes role from  FOLLOWER to CANDIDATE at term 1 for changeToCandidate
2023-03-13 09:53:26,269 [s0@group-C1EBCFF19CDA-FollowerState] INFO  server.RaftServerConfigKeys (ConfUtils.java:logGet(46)) - raft.server.leaderelection.pre-vote = true (default)
2023-03-13 09:53:26,269 [s0@group-C1EBCFF19CDA-FollowerState] INFO  impl.RoleInfo (RoleInfo.java:updateAndGet(139)) - s0: start s0@group-C1EBCFF19CDA-LeaderElection8
2023-03-13 09:53:26,269 [s0@group-C1EBCFF19CDA-LeaderElection8] INFO  server.RaftServer$Division (ServerState.java:setLeader(260)) - s0@group-C1EBCFF19CDA: change Leader from s2 to null at term 1 for PRE_VOTE
2023-03-13 09:53:26,269 [s0@group-C1EBCFF19CDA-LeaderElection8] INFO  impl.LeaderElection (LeaderElection.java:askForVotes(310)) - s0@group-C1EBCFF19CDA-LeaderElection8 PRE_VOTE round 0: submit vote requests at term 1 for 0: peers:[s3|rpc:localhost:36161|admin:localhost:45145|client:localhost:33773|dataStream:localhost:34673|priority:0|startupRole:FOLLOWER, s4|rpc:localhost:46159|admin:localhost:33017|client:localhost:38269|dataStream:localhost:46577|priority:0|startupRole:FOLLOWER, s0|rpc:localhost:42037|admin:localhost:35933|client:localhost:37745|dataStream:localhost:46027|priority:0|startupRole:FOLLOWER, s1|rpc:localhost:42415|admin:localhost:39681|client:localhost:39407|dataStream:localhost:35133|priority:0|startupRole:FOLLOWER, s2|rpc:localhost:37505|admin:localhost:38193|client:localhost:45367|dataStream:localhost:33575|priority:0|startupRole:FOLLOWER]|listeners:[], old=null
2023-03-13 09:53:26,276 [s1@group-C1EBCFF19CDA-FollowerState] INFO  impl.FollowerState (FollowerState.java:run(143)) - s1@group-C1EBCFF19CDA-FollowerState: change to CANDIDATE, lastRpcElapsedTime:188672044ns, electionTimeout:173ms
2023-03-13 09:53:26,277 [s1@group-C1EBCFF19CDA-FollowerState] INFO  impl.RoleInfo (RoleInfo.java:shutdownFollowerState(110)) - s1: shutdown s1@group-C1EBCFF19CDA-FollowerState
2023-03-13 09:53:26,277 [s1@group-C1EBCFF19CDA-FollowerState] INFO  server.RaftServer$Division (RaftServerImpl.java:setRole(329)) - s1@group-C1EBCFF19CDA: changes role from  FOLLOWER to CANDIDATE at term 1 for changeToCandidate
2023-03-13 09:53:26,277 [s1@group-C1EBCFF19CDA-FollowerState] INFO  server.RaftServerConfigKeys (ConfUtils.java:logGet(46)) - raft.server.leaderelection.pre-vote = true (default)
2023-03-13 09:53:26,277 [s1@group-C1EBCFF19CDA-FollowerState] INFO  impl.RoleInfo (RoleInfo.java:updateAndGet(139)) - s1: start s1@group-C1EBCFF19CDA-LeaderElection9
2023-03-13 09:53:26,279 [s1@group-C1EBCFF19CDA-LeaderElection9] INFO  server.RaftServer$Division (ServerState.java:setLeader(260)) - s1@group-C1EBCFF19CDA: change Leader from s2 to null at term 1 for PRE_VOTE
2023-03-13 09:53:26,279 [s1@group-C1EBCFF19CDA-LeaderElection9] INFO  impl.LeaderElection (LeaderElection.java:askForVotes(310)) - s1@group-C1EBCFF19CDA-LeaderElection9 PRE_VOTE round 0: submit vote requests at term 1 for 0: peers:[s3|rpc:localhost:36161|admin:localhost:45145|client:localhost:33773|dataStream:localhost:34673|priority:0|startupRole:FOLLOWER, s4|rpc:localhost:46159|admin:localhost:33017|client:localhost:38269|dataStream:localhost:46577|priority:0|startupRole:FOLLOWER, s0|rpc:localhost:42037|admin:localhost:35933|client:localhost:37745|dataStream:localhost:46027|priority:0|startupRole:FOLLOWER, s1|rpc:localhost:42415|admin:localhost:39681|client:localhost:39407|dataStream:localhost:35133|priority:0|startupRole:FOLLOWER, s2|rpc:localhost:37505|admin:localhost:38193|client:localhost:45367|dataStream:localhost:33575|priority:0|startupRole:FOLLOWER]|listeners:[], old=null
2023-03-13 09:53:26,314 [HandlerDaemon-1] INFO  server.RaftServer$Division (RaftServerImpl.java:setRole(329)) - s1@group-C1EBCFF19CDA: changes role from CANDIDATE to FOLLOWER at term 1 for appendEntries
2023-03-13 09:53:26,314 [HandlerDaemon-1] INFO  impl.RoleInfo (RoleInfo.java:shutdownLeaderElection(130)) - s1: shutdown s1@group-C1EBCFF19CDA-LeaderElection9
2023-03-13 09:53:26,314 [HandlerDaemon-1] INFO  impl.RoleInfo (RoleInfo.java:updateAndGet(139)) - s1: start s1@group-C1EBCFF19CDA-FollowerState
2023-03-13 09:53:26,314 [HandlerDaemon-1] INFO  server.RaftServer$Division (ServerState.java:setLeader(260)) - s1@group-C1EBCFF19CDA: change Leader from null to s2 at term 1 for appendEntries, leader elected after 35ms
2023-03-13 09:53:26,334 [Time-limited test] INFO  server.RaftServerConfigKeys (ConfUtils.java:logGet(46)) - raft.server.rpc.timeout.max = 300ms (default)
2023-03-13 09:53:26,420 [HandlerDaemon-2] INFO  server.RaftServer$Division (RaftServerImpl.java:requestVote(1300)) - s3@group-C1EBCFF19CDA: receive requestVote(PRE_VOTE, s0, group-C1EBCFF19CDA, 1, (t:1, i:0))
2023-03-13 09:53:26,420 [HandlerDaemon-2] INFO  impl.VoteContext (VoteContext.java:log(49)) - s3@group-C1EBCFF19CDA-FOLLOWER: reject PRE_VOTE from s0: this server is a follower and still has a valid leader s2
2023-03-13 09:53:26,420 [HandlerDaemon-2] INFO  server.RaftServer$Division (RaftServerImpl.java:requestVote(1333)) - s3@group-C1EBCFF19CDA replies to PRE_VOTE vote request: s0<-s3#0:FAIL-t1. Peer's state: s3@group-C1EBCFF19CDA:t1, leader=s2, voted=s2, raftlog=Memoized:s3@group-C1EBCFF19CDA-SegmentedRaftLog:OPENED:c0, conf=0: peers:[s3|rpc:localhost:36161|admin:localhost:45145|client:localhost:33773|dataStream:localhost:34673|priority:0|startupRole:FOLLOWER, s4|rpc:localhost:46159|admin:localhost:33017|client:localhost:38269|dataStream:localhost:46577|priority:0|startupRole:FOLLOWER, s0|rpc:localhost:42037|admin:localhost:35933|client:localhost:37745|dataStream:localhost:46027|priority:0|startupRole:FOLLOWER, s1|rpc:localhost:42415|admin:localhost:39681|client:localhost:39407|dataStream:localhost:35133|priority:0|startupRole:FOLLOWER, s2|rpc:localhost:37505|admin:localhost:38193|client:localhost:45367|dataStream:localhost:33575|priority:0|startupRole:FOLLOWER]|listeners:[], old=null
2023-03-13 09:53:26,421 [HandlerDaemon-2] INFO  server.RaftServer$Division (RaftServerImpl.java:requestVote(1300)) - s4@group-C1EBCFF19CDA: receive requestVote(PRE_VOTE, s0, group-C1EBCFF19CDA, 1, (t:1, i:0))
2023-03-13 09:53:26,421 [HandlerDaemon-2] INFO  impl.VoteContext (VoteContext.java:log(49)) - s4@group-C1EBCFF19CDA-FOLLOWER: reject PRE_VOTE from s0: this server is a follower and still has a valid leader s2
2023-03-13 09:53:26,421 [HandlerDaemon-2] INFO  server.RaftServer$Division (RaftServerImpl.java:requestVote(1333)) - s4@group-C1EBCFF19CDA replies to PRE_VOTE vote request: s0<-s4#0:FAIL-t1. Peer's state: s4@group-C1EBCFF19CDA:t1, leader=s2, voted=s2, raftlog=Memoized:s4@group-C1EBCFF19CDA-SegmentedRaftLog:OPENED:c0, conf=0: peers:[s3|rpc:localhost:36161|admin:localhost:45145|client:localhost:33773|dataStream:localhost:34673|priority:0|startupRole:FOLLOWER, s4|rpc:localhost:46159|admin:localhost:33017|client:localhost:38269|dataStream:localhost:46577|priority:0|startupRole:FOLLOWER, s0|rpc:localhost:42037|admin:localhost:35933|client:localhost:37745|dataStream:localhost:46027|priority:0|startupRole:FOLLOWER, s1|rpc:localhost:42415|admin:localhost:39681|client:localhost:39407|dataStream:localhost:35133|priority:0|startupRole:FOLLOWER, s2|rpc:localhost:37505|admin:localhost:38193|client:localhost:45367|dataStream:localhost:33575|priority:0|startupRole:FOLLOWER]|listeners:[], old=null
2023-03-13 09:53:26,422 [HandlerDaemon-2] INFO  server.RaftServer$Division (RaftServerImpl.java:requestVote(1300)) - s1@group-C1EBCFF19CDA: receive requestVote(PRE_VOTE, s0, group-C1EBCFF19CDA, 1, (t:1, i:0))
2023-03-13 09:53:26,422 [HandlerDaemon-2] INFO  impl.VoteContext (VoteContext.java:log(49)) - s1@group-C1EBCFF19CDA-FOLLOWER: reject PRE_VOTE from s0: this server is a follower and still has a valid leader s2
2023-03-13 09:53:26,422 [HandlerDaemon-2] INFO  server.RaftServer$Division (RaftServerImpl.java:requestVote(1333)) - s1@group-C1EBCFF19CDA replies to PRE_VOTE vote request: s0<-s1#0:FAIL-t1. Peer's state: s1@group-C1EBCFF19CDA:t1, leader=s2, voted=s2, raftlog=Memoized:s1@group-C1EBCFF19CDA-SegmentedRaftLog:OPENED:c0, conf=0: peers:[s3|rpc:localhost:36161|admin:localhost:45145|client:localhost:33773|dataStream:localhost:34673|priority:0|startupRole:FOLLOWER, s4|rpc:localhost:46159|admin:localhost:33017|client:localhost:38269|dataStream:localhost:46577|priority:0|startupRole:FOLLOWER, s0|rpc:localhost:42037|admin:localhost:35933|client:localhost:37745|dataStream:localhost:46027|priority:0|startupRole:FOLLOWER, s1|rpc:localhost:42415|admin:localhost:39681|client:localhost:39407|dataStream:localhost:35133|priority:0|startupRole:FOLLOWER, s2|rpc:localhost:37505|admin:localhost:38193|client:localhost:45367|dataStream:localhost:33575|priority:0|startupRole:FOLLOWER]|listeners:[], old=null
2023-03-13 09:53:26,423 [s0@group-C1EBCFF19CDA-LeaderElection8] INFO  impl.LeaderElection (LeaderElection.java:logAndReturn(89)) - s0@group-C1EBCFF19CDA-LeaderElection8: PRE_VOTE REJECTED received 3 response(s) and 0 exception(s):
2023-03-13 09:53:26,423 [s0@group-C1EBCFF19CDA-LeaderElection8] INFO  impl.LeaderElection (LeaderElection.java:logAndReturn(93)) -   Response 0: s0<-s3#0:FAIL-t1
2023-03-13 09:53:26,423 [s0@group-C1EBCFF19CDA-LeaderElection8] INFO  impl.LeaderElection (LeaderElection.java:logAndReturn(93)) -   Response 1: s0<-s4#0:FAIL-t1
2023-03-13 09:53:26,423 [s0@group-C1EBCFF19CDA-LeaderElection8] INFO  impl.LeaderElection (LeaderElection.java:logAndReturn(93)) -   Response 2: s0<-s1#0:FAIL-t1
2023-03-13 09:53:26,423 [s0@group-C1EBCFF19CDA-LeaderElection8] INFO  impl.LeaderElection (LeaderElection.java:askForVotes(312)) - s0@group-C1EBCFF19CDA-LeaderElection8 PRE_VOTE round 0: result REJECTED
2023-03-13 09:53:26,423 [s0@group-C1EBCFF19CDA-LeaderElection8] INFO  server.RaftServer$Division (RaftServerImpl.java:setRole(329)) - s0@group-C1EBCFF19CDA: changes role from CANDIDATE to FOLLOWER at term 1 for REJECTED
2023-03-13 09:53:26,423 [s0@group-C1EBCFF19CDA-LeaderElection8] INFO  impl.RoleInfo (RoleInfo.java:shutdownLeaderElection(130)) - s0: shutdown s0@group-C1EBCFF19CDA-LeaderElection8
2023-03-13 09:53:26,423 [s0@group-C1EBCFF19CDA-LeaderElection8] INFO  impl.RoleInfo (RoleInfo.java:updateAndGet(139)) - s0: start s0@group-C1EBCFF19CDA-FollowerState
2023-03-13 09:53:26,426 [HandlerDaemon-2] INFO  server.RaftServer$Division (RaftServerImpl.java:requestVote(1300)) - s2@group-C1EBCFF19CDA: receive requestVote(PRE_VOTE, s0, group-C1EBCFF19CDA, 1, (t:1, i:0))
2023-03-13 09:53:26,427 [HandlerDaemon-2] INFO  impl.VoteContext (VoteContext.java:log(49)) - s2@group-C1EBCFF19CDA-LEADER: reject PRE_VOTE from s0: this server is the leader and still has leadership
2023-03-13 09:53:26,427 [HandlerDaemon-2] INFO  server.RaftServer$Division (RaftServerImpl.java:requestVote(1333)) - s2@group-C1EBCFF19CDA replies to PRE_VOTE vote request: s0<-s2#0:FAIL-t1. Peer's state: s2@group-C1EBCFF19CDA:t1, leader=s2, voted=s2, raftlog=Memoized:s2@group-C1EBCFF19CDA-SegmentedRaftLog:OPENED:c0, conf=0: peers:[s3|rpc:localhost:36161|admin:localhost:45145|client:localhost:33773|dataStream:localhost:34673|priority:0|startupRole:FOLLOWER, s4|rpc:localhost:46159|admin:localhost:33017|client:localhost:38269|dataStream:localhost:46577|priority:0|startupRole:FOLLOWER, s0|rpc:localhost:42037|admin:localhost:35933|client:localhost:37745|dataStream:localhost:46027|priority:0|startupRole:FOLLOWER, s1|rpc:localhost:42415|admin:localhost:39681|client:localhost:39407|dataStream:localhost:35133|priority:0|startupRole:FOLLOWER, s2|rpc:localhost:37505|admin:localhost:38193|client:localhost:45367|dataStream:localhost:33575|priority:0|startupRole:FOLLOWER]|listeners:[], old=null
2023-03-13 09:53:26,430 [HandlerDaemon-1] INFO  server.RaftServer$Division (RaftServerImpl.java:requestVote(1300)) - s3@group-C1EBCFF19CDA: receive requestVote(PRE_VOTE, s1, group-C1EBCFF19CDA, 1, (t:1, i:0))
2023-03-13 09:53:26,430 [HandlerDaemon-1] INFO  impl.VoteContext (VoteContext.java:log(49)) - s3@group-C1EBCFF19CDA-FOLLOWER: reject PRE_VOTE from s1: this server is a follower and still has a valid leader s2
2023-03-13 09:53:26,430 [HandlerDaemon-0] INFO  server.RaftServer$Division (RaftServerImpl.java:requestVote(1300)) - s2@group-C1EBCFF19CDA: receive requestVote(PRE_VOTE, s1, group-C1EBCFF19CDA, 1, (t:1, i:0))
2023-03-13 09:53:26,430 [HandlerDaemon-0] INFO  impl.VoteContext (VoteContext.java:log(49)) - s2@group-C1EBCFF19CDA-LEADER: reject PRE_VOTE from s1: this server is the leader and still has leadership
2023-03-13 09:53:26,430 [HandlerDaemon-1] INFO  server.RaftServer$Division (RaftServerImpl.java:requestVote(1333)) - s3@group-C1EBCFF19CDA replies to PRE_VOTE vote request: s1<-s3#0:FAIL-t1. Peer's state: s3@group-C1EBCFF19CDA:t1, leader=s2, voted=s2, raftlog=Memoized:s3@group-C1EBCFF19CDA-SegmentedRaftLog:OPENED:c0, conf=0: peers:[s3|rpc:localhost:36161|admin:localhost:45145|client:localhost:33773|dataStream:localhost:34673|priority:0|startupRole:FOLLOWER, s4|rpc:localhost:46159|admin:localhost:33017|client:localhost:38269|dataStream:localhost:46577|priority:0|startupRole:FOLLOWER, s0|rpc:localhost:42037|admin:localhost:35933|client:localhost:37745|dataStream:localhost:46027|priority:0|startupRole:FOLLOWER, s1|rpc:localhost:42415|admin:localhost:39681|client:localhost:39407|dataStream:localhost:35133|priority:0|startupRole:FOLLOWER, s2|rpc:localhost:37505|admin:localhost:38193|client:localhost:45367|dataStream:localhost:33575|priority:0|startupRole:FOLLOWER]|listeners:[], old=null
2023-03-13 09:53:26,430 [HandlerDaemon-0] INFO  server.RaftServer$Division (RaftServerImpl.java:requestVote(1333)) - s2@group-C1EBCFF19CDA replies to PRE_VOTE vote request: s1<-s2#0:FAIL-t1. Peer's state: s2@group-C1EBCFF19CDA:t1, leader=s2, voted=s2, raftlog=Memoized:s2@group-C1EBCFF19CDA-SegmentedRaftLog:OPENED:c0, conf=0: peers:[s3|rpc:localhost:36161|admin:localhost:45145|client:localhost:33773|dataStream:localhost:34673|priority:0|startupRole:FOLLOWER, s4|rpc:localhost:46159|admin:localhost:33017|client:localhost:38269|dataStream:localhost:46577|priority:0|startupRole:FOLLOWER, s0|rpc:localhost:42037|admin:localhost:35933|client:localhost:37745|dataStream:localhost:46027|priority:0|startupRole:FOLLOWER, s1|rpc:localhost:42415|admin:localhost:39681|client:localhost:39407|dataStream:localhost:35133|priority:0|startupRole:FOLLOWER, s2|rpc:localhost:37505|admin:localhost:38193|client:localhost:45367|dataStream:localhost:33575|priority:0|startupRole:FOLLOWER]|listeners:[], old=null
2023-03-13 09:53:26,430 [HandlerDaemon-1] INFO  server.RaftServer$Division (RaftServerImpl.java:requestVote(1300)) - s4@group-C1EBCFF19CDA: receive requestVote(PRE_VOTE, s1, group-C1EBCFF19CDA, 1, (t:1, i:0))
2023-03-13 09:53:26,431 [HandlerDaemon-1] INFO  impl.VoteContext (VoteContext.java:log(49)) - s4@group-C1EBCFF19CDA-FOLLOWER: reject PRE_VOTE from s1: this server is a follower and still has a valid leader s2
2023-03-13 09:53:26,431 [s1@group-C1EBCFF19CDA-LeaderElection9] INFO  impl.LeaderElection (LeaderElection.java:logAndReturn(89)) - s1@group-C1EBCFF19CDA-LeaderElection9: PRE_VOTE REJECTED received 1 response(s) and 0 exception(s):
2023-03-13 09:53:26,431 [HandlerDaemon-1] INFO  server.RaftServer$Division (RaftServerImpl.java:requestVote(1333)) - s4@group-C1EBCFF19CDA replies to PRE_VOTE vote request: s1<-s4#0:FAIL-t1. Peer's state: s4@group-C1EBCFF19CDA:t1, leader=s2, voted=s2, raftlog=Memoized:s4@group-C1EBCFF19CDA-SegmentedRaftLog:OPENED:c0, conf=0: peers:[s3|rpc:localhost:36161|admin:localhost:45145|client:localhost:33773|dataStream:localhost:34673|priority:0|startupRole:FOLLOWER, s4|rpc:localhost:46159|admin:localhost:33017|client:localhost:38269|dataStream:localhost:46577|priority:0|startupRole:FOLLOWER, s0|rpc:localhost:42037|admin:localhost:35933|client:localhost:37745|dataStream:localhost:46027|priority:0|startupRole:FOLLOWER, s1|rpc:localhost:42415|admin:localhost:39681|client:localhost:39407|dataStream:localhost:35133|priority:0|startupRole:FOLLOWER, s2|rpc:localhost:37505|admin:localhost:38193|client:localhost:45367|dataStream:localhost:33575|priority:0|startupRole:FOLLOWER]|listeners:[], old=null
2023-03-13 09:53:26,431 [s1@group-C1EBCFF19CDA-LeaderElection9] INFO  impl.LeaderElection (LeaderElection.java:logAndReturn(93)) -   Response 0: s1<-s3#0:FAIL-t1
2023-03-13 09:53:26,431 [s1@group-C1EBCFF19CDA-LeaderElection9] INFO  impl.LeaderElection (LeaderElection.java:askForVotes(312)) - s1@group-C1EBCFF19CDA-LeaderElection9 PRE_VOTE round 0: result REJECTED
2023-03-13 09:53:26,530 [HandlerDaemon-2] INFO  server.RaftServer$Division (ServerState.java:setLeader(260)) - s0@group-C1EBCFF19CDA: change Leader from null to s2 at term 1 for appendEntries, leader elected after 260ms
2023-03-13 09:53:26,580 [HandlerDaemon-0] INFO  server.RaftServer$Division (RaftServerImpl.java:requestVote(1300)) - s0@group-C1EBCFF19CDA: receive requestVote(PRE_VOTE, s1, group-C1EBCFF19CDA, 1, (t:1, i:0))
2023-03-13 09:53:26,580 [HandlerDaemon-0] INFO  impl.VoteContext (VoteContext.java:log(49)) - s0@group-C1EBCFF19CDA-FOLLOWER: reject PRE_VOTE from s1: this server is a follower and still has a valid leader s2
2023-03-13 09:53:26,580 [HandlerDaemon-0] INFO  server.RaftServer$Division (RaftServerImpl.java:requestVote(1333)) - s0@group-C1EBCFF19CDA replies to PRE_VOTE vote request: s1<-s0#0:FAIL-t1. Peer's state: s0@group-C1EBCFF19CDA:t1, leader=s2, voted=s2, raftlog=Memoized:s0@group-C1EBCFF19CDA-SegmentedRaftLog:OPENED:c0, conf=0: peers:[s3|rpc:localhost:36161|admin:localhost:45145|client:localhost:33773|dataStream:localhost:34673|priority:0|startupRole:FOLLOWER, s4|rpc:localhost:46159|admin:localhost:33017|client:localhost:38269|dataStream:localhost:46577|priority:0|startupRole:FOLLOWER, s0|rpc:localhost:42037|admin:localhost:35933|client:localhost:37745|dataStream:localhost:46027|priority:0|startupRole:FOLLOWER, s1|rpc:localhost:42415|admin:localhost:39681|client:localhost:39407|dataStream:localhost:35133|priority:0|startupRole:FOLLOWER, s2|rpc:localhost:37505|admin:localhost:38193|client:localhost:45367|dataStream:localhost:33575|priority:0|startupRole:FOLLOWER]|listeners:[], old=null
2023-03-13 09:53:26,784 [Time-limited test] INFO  simulation.TestLeaderElectionWithSimulatedRpc (LeaderElectionTests.java:enforceLeader(318)) - try enforcing leader to s0 but new leader is s2
2023-03-13 09:53:26,785 [Time-limited test] INFO  server.RaftServerConfigKeys (ConfUtils.java:logGet(46)) - raft.server.rpc.timeout.max = 300ms (default)
2023-03-13 09:53:27,177 [s0@group-C1EBCFF19CDA-FollowerState] INFO  impl.FollowerState (FollowerState.java:run(143)) - s0@group-C1EBCFF19CDA-FollowerState: change to CANDIDATE, lastRpcElapsedTime:419513978ns, electionTimeout:270ms
2023-03-13 09:53:27,177 [s0@group-C1EBCFF19CDA-FollowerState] INFO  impl.RoleInfo (RoleInfo.java:shutdownFollowerState(110)) - s0: shutdown s0@group-C1EBCFF19CDA-FollowerState
2023-03-13 09:53:27,177 [s0@group-C1EBCFF19CDA-FollowerState] INFO  server.RaftServer$Division (RaftServerImpl.java:setRole(329)) - s0@group-C1EBCFF19CDA: changes role from  FOLLOWER to CANDIDATE at term 1 for changeToCandidate
2023-03-13 09:53:27,177 [s0@group-C1EBCFF19CDA-FollowerState] INFO  server.RaftServerConfigKeys (ConfUtils.java:logGet(46)) - raft.server.leaderelection.pre-vote = true (default)
2023-03-13 09:53:27,177 [s0@group-C1EBCFF19CDA-FollowerState] INFO  impl.RoleInfo (RoleInfo.java:updateAndGet(139)) - s0: start s0@group-C1EBCFF19CDA-LeaderElection10
2023-03-13 09:53:27,178 [s0@group-C1EBCFF19CDA-LeaderElection10] INFO  server.RaftServer$Division (ServerState.java:setLeader(260)) - s0@group-C1EBCFF19CDA: change Leader from s2 to null at term 1 for PRE_VOTE
2023-03-13 09:53:27,178 [s0@group-C1EBCFF19CDA-LeaderElection10] INFO  impl.LeaderElection (LeaderElection.java:askForVotes(310)) - s0@group-C1EBCFF19CDA-LeaderElection10 PRE_VOTE round 0: submit vote requests at term 1 for 0: peers:[s3|rpc:localhost:36161|admin:localhost:45145|client:localhost:33773|dataStream:localhost:34673|priority:0|startupRole:FOLLOWER, s4|rpc:localhost:46159|admin:localhost:33017|client:localhost:38269|dataStream:localhost:46577|priority:0|startupRole:FOLLOWER, s0|rpc:localhost:42037|admin:localhost:35933|client:localhost:37745|dataStream:localhost:46027|priority:0|startupRole:FOLLOWER, s1|rpc:localhost:42415|admin:localhost:39681|client:localhost:39407|dataStream:localhost:35133|priority:0|startupRole:FOLLOWER, s2|rpc:localhost:37505|admin:localhost:38193|client:localhost:45367|dataStream:localhost:33575|priority:0|startupRole:FOLLOWER]|listeners:[], old=null
2023-03-13 09:53:27,235 [Time-limited test] INFO  server.RaftServerConfigKeys (ConfUtils.java:logGet(46)) - raft.server.rpc.timeout.max = 300ms (default)
2023-03-13 09:53:27,329 [HandlerDaemon-2] INFO  server.RaftServer$Division (RaftServerImpl.java:requestVote(1300)) - s3@group-C1EBCFF19CDA: receive requestVote(PRE_VOTE, s0, group-C1EBCFF19CDA, 1, (t:1, i:0))
2023-03-13 09:53:27,329 [HandlerDaemon-2] INFO  impl.VoteContext (VoteContext.java:log(49)) - s3@group-C1EBCFF19CDA-FOLLOWER: reject PRE_VOTE from s0: this server is a follower and still has a valid leader s2
2023-03-13 09:53:27,329 [HandlerDaemon-0] INFO  server.RaftServer$Division (RaftServerImpl.java:requestVote(1300)) - s1@group-C1EBCFF19CDA: receive requestVote(PRE_VOTE, s0, group-C1EBCFF19CDA, 1, (t:1, i:0))
2023-03-13 09:53:27,329 [HandlerDaemon-0] INFO  impl.VoteContext (VoteContext.java:log(49)) - s1@group-C1EBCFF19CDA-FOLLOWER: reject PRE_VOTE from s0: this server is a follower and still has a valid leader s2
2023-03-13 09:53:27,329 [HandlerDaemon-0] INFO  server.RaftServer$Division (RaftServerImpl.java:requestVote(1333)) - s1@group-C1EBCFF19CDA replies to PRE_VOTE vote request: s0<-s1#0:FAIL-t1. Peer's state: s1@group-C1EBCFF19CDA:t1, leader=s2, voted=s2, raftlog=Memoized:s1@group-C1EBCFF19CDA-SegmentedRaftLog:OPENED:c0, conf=0: peers:[s3|rpc:localhost:36161|admin:localhost:45145|client:localhost:33773|dataStream:localhost:34673|priority:0|startupRole:FOLLOWER, s4|rpc:localhost:46159|admin:localhost:33017|client:localhost:38269|dataStream:localhost:46577|priority:0|startupRole:FOLLOWER, s0|rpc:localhost:42037|admin:localhost:35933|client:localhost:37745|dataStream:localhost:46027|priority:0|startupRole:FOLLOWER, s1|rpc:localhost:42415|admin:localhost:39681|client:localhost:39407|dataStream:localhost:35133|priority:0|startupRole:FOLLOWER, s2|rpc:localhost:37505|admin:localhost:38193|client:localhost:45367|dataStream:localhost:33575|priority:0|startupRole:FOLLOWER]|listeners:[], old=null
2023-03-13 09:53:27,329 [HandlerDaemon-1] INFO  server.RaftServer$Division (RaftServerImpl.java:requestVote(1300)) - s2@group-C1EBCFF19CDA: receive requestVote(PRE_VOTE, s0, group-C1EBCFF19CDA, 1, (t:1, i:0))
2023-03-13 09:53:27,330 [HandlerDaemon-1] INFO  impl.VoteContext (VoteContext.java:log(49)) - s2@group-C1EBCFF19CDA-LEADER: reject PRE_VOTE from s0: this server is the leader and still has leadership
2023-03-13 09:53:27,330 [HandlerDaemon-1] INFO  server.RaftServer$Division (RaftServerImpl.java:requestVote(1333)) - s2@group-C1EBCFF19CDA replies to PRE_VOTE vote request: s0<-s2#0:FAIL-t1. Peer's state: s2@group-C1EBCFF19CDA:t1, leader=s2, voted=s2, raftlog=Memoized:s2@group-C1EBCFF19CDA-SegmentedRaftLog:OPENED:c0, conf=0: peers:[s3|rpc:localhost:36161|admin:localhost:45145|client:localhost:33773|dataStream:localhost:34673|priority:0|startupRole:FOLLOWER, s4|rpc:localhost:46159|admin:localhost:33017|client:localhost:38269|dataStream:localhost:46577|priority:0|startupRole:FOLLOWER, s0|rpc:localhost:42037|admin:localhost:35933|client:localhost:37745|dataStream:localhost:46027|priority:0|startupRole:FOLLOWER, s1|rpc:localhost:42415|admin:localhost:39681|client:localhost:39407|dataStream:localhost:35133|priority:0|startupRole:FOLLOWER, s2|rpc:localhost:37505|admin:localhost:38193|client:localhost:45367|dataStream:localhost:33575|priority:0|startupRole:FOLLOWER]|listeners:[], old=null
2023-03-13 09:53:27,330 [HandlerDaemon-2] INFO  server.RaftServer$Division (RaftServerImpl.java:requestVote(1300)) - s4@group-C1EBCFF19CDA: receive requestVote(PRE_VOTE, s0, group-C1EBCFF19CDA, 1, (t:1, i:0))
2023-03-13 09:53:27,330 [HandlerDaemon-2] INFO  impl.VoteContext (VoteContext.java:log(49)) - s4@group-C1EBCFF19CDA-FOLLOWER: reject PRE_VOTE from s0: this server is a follower and still has a valid leader s2
2023-03-13 09:53:27,330 [HandlerDaemon-2] INFO  server.RaftServer$Division (RaftServerImpl.java:requestVote(1333)) - s4@group-C1EBCFF19CDA replies to PRE_VOTE vote request: s0<-s4#0:FAIL-t1. Peer's state: s4@group-C1EBCFF19CDA:t1, leader=s2, voted=s2, raftlog=Memoized:s4@group-C1EBCFF19CDA-SegmentedRaftLog:OPENED:c0, conf=0: peers:[s3|rpc:localhost:36161|admin:localhost:45145|client:localhost:33773|dataStream:localhost:34673|priority:0|startupRole:FOLLOWER, s4|rpc:localhost:46159|admin:localhost:33017|client:localhost:38269|dataStream:localhost:46577|priority:0|startupRole:FOLLOWER, s0|rpc:localhost:42037|admin:localhost:35933|client:localhost:37745|dataStream:localhost:46027|priority:0|startupRole:FOLLOWER, s1|rpc:localhost:42415|admin:localhost:39681|client:localhost:39407|dataStream:localhost:35133|priority:0|startupRole:FOLLOWER, s2|rpc:localhost:37505|admin:localhost:38193|client:localhost:45367|dataStream:localhost:33575|priority:0|startupRole:FOLLOWER]|listeners:[], old=null
2023-03-13 09:53:27,329 [HandlerDaemon-2] INFO  server.RaftServer$Division (RaftServerImpl.java:requestVote(1333)) - s3@group-C1EBCFF19CDA replies to PRE_VOTE vote request: s0<-s3#0:FAIL-t1. Peer's state: s3@group-C1EBCFF19CDA:t1, leader=s2, voted=s2, raftlog=Memoized:s3@group-C1EBCFF19CDA-SegmentedRaftLog:OPENED:c0, conf=0: peers:[s3|rpc:localhost:36161|admin:localhost:45145|client:localhost:33773|dataStream:localhost:34673|priority:0|startupRole:FOLLOWER, s4|rpc:localhost:46159|admin:localhost:33017|client:localhost:38269|dataStream:localhost:46577|priority:0|startupRole:FOLLOWER, s0|rpc:localhost:42037|admin:localhost:35933|client:localhost:37745|dataStream:localhost:46027|priority:0|startupRole:FOLLOWER, s1|rpc:localhost:42415|admin:localhost:39681|client:localhost:39407|dataStream:localhost:35133|priority:0|startupRole:FOLLOWER, s2|rpc:localhost:37505|admin:localhost:38193|client:localhost:45367|dataStream:localhost:33575|priority:0|startupRole:FOLLOWER]|listeners:[], old=null
2023-03-13 09:53:27,330 [s0@group-C1EBCFF19CDA-LeaderElection10] INFO  impl.LeaderElection (LeaderElection.java:logAndReturn(89)) - s0@group-C1EBCFF19CDA-LeaderElection10: PRE_VOTE REJECTED received 3 response(s) and 0 exception(s):
2023-03-13 09:53:27,330 [s0@group-C1EBCFF19CDA-LeaderElection10] INFO  impl.LeaderElection (LeaderElection.java:logAndReturn(93)) -   Response 0: s0<-s3#0:FAIL-t1
2023-03-13 09:53:27,330 [s0@group-C1EBCFF19CDA-LeaderElection10] INFO  impl.LeaderElection (LeaderElection.java:logAndReturn(93)) -   Response 1: s0<-s4#0:FAIL-t1
2023-03-13 09:53:27,330 [s0@group-C1EBCFF19CDA-LeaderElection10] INFO  impl.LeaderElection (LeaderElection.java:logAndReturn(93)) -   Response 2: s0<-s1#0:FAIL-t1
2023-03-13 09:53:27,330 [s0@group-C1EBCFF19CDA-LeaderElection10] INFO  impl.LeaderElection (LeaderElection.java:askForVotes(312)) - s0@group-C1EBCFF19CDA-LeaderElection10 PRE_VOTE round 0: result REJECTED
2023-03-13 09:53:27,330 [s0@group-C1EBCFF19CDA-LeaderElection10] INFO  server.RaftServer$Division (RaftServerImpl.java:setRole(329)) - s0@group-C1EBCFF19CDA: changes role from CANDIDATE to FOLLOWER at term 1 for REJECTED
2023-03-13 09:53:27,330 [s0@group-C1EBCFF19CDA-LeaderElection10] INFO  impl.RoleInfo (RoleInfo.java:shutdownLeaderElection(130)) - s0: shutdown s0@group-C1EBCFF19CDA-LeaderElection10
2023-03-13 09:53:27,331 [s0@group-C1EBCFF19CDA-LeaderElection10] INFO  impl.RoleInfo (RoleInfo.java:updateAndGet(139)) - s0: start s0@group-C1EBCFF19CDA-FollowerState
2023-03-13 09:53:27,434 [HandlerDaemon-1] INFO  server.RaftServer$Division (ServerState.java:setLeader(260)) - s0@group-C1EBCFF19CDA: change Leader from null to s2 at term 1 for appendEntries, leader elected after 255ms
2023-03-13 09:53:27,686 [Time-limited test] INFO  simulation.TestLeaderElectionWithSimulatedRpc (LeaderElectionTests.java:enforceLeader(318)) - try enforcing leader to s0 but new leader is s2
2023-03-13 09:53:27,686 [Time-limited test] INFO  server.RaftServerConfigKeys (ConfUtils.java:logGet(46)) - raft.server.rpc.timeout.max = 300ms (default)
2023-03-13 09:53:28,094 [s0@group-C1EBCFF19CDA-FollowerState] INFO  impl.FollowerState (FollowerState.java:run(143)) - s0@group-C1EBCFF19CDA-FollowerState: change to CANDIDATE, lastRpcElapsedTime:432686899ns, electionTimeout:285ms
2023-03-13 09:53:28,094 [s0@group-C1EBCFF19CDA-FollowerState] INFO  impl.RoleInfo (RoleInfo.java:shutdownFollowerState(110)) - s0: shutdown s0@group-C1EBCFF19CDA-FollowerState
2023-03-13 09:53:28,094 [s0@group-C1EBCFF19CDA-FollowerState] INFO  server.RaftServer$Division (RaftServerImpl.java:setRole(329)) - s0@group-C1EBCFF19CDA: changes role from  FOLLOWER to CANDIDATE at term 1 for changeToCandidate
2023-03-13 09:53:28,094 [s0@group-C1EBCFF19CDA-FollowerState] INFO  server.RaftServerConfigKeys (ConfUtils.java:logGet(46)) - raft.server.leaderelection.pre-vote = true (default)
2023-03-13 09:53:28,094 [s0@group-C1EBCFF19CDA-FollowerState] INFO  impl.RoleInfo (RoleInfo.java:updateAndGet(139)) - s0: start s0@group-C1EBCFF19CDA-LeaderElection11
2023-03-13 09:53:28,095 [s0@group-C1EBCFF19CDA-LeaderElection11] INFO  server.RaftServer$Division (ServerState.java:setLeader(260)) - s0@group-C1EBCFF19CDA: change Leader from s2 to null at term 1 for PRE_VOTE
2023-03-13 09:53:28,095 [s0@group-C1EBCFF19CDA-LeaderElection11] INFO  impl.LeaderElection (LeaderElection.java:askForVotes(310)) - s0@group-C1EBCFF19CDA-LeaderElection11 PRE_VOTE round 0: submit vote requests at term 1 for 0: peers:[s3|rpc:localhost:36161|admin:localhost:45145|client:localhost:33773|dataStream:localhost:34673|priority:0|startupRole:FOLLOWER, s4|rpc:localhost:46159|admin:localhost:33017|client:localhost:38269|dataStream:localhost:46577|priority:0|startupRole:FOLLOWER, s0|rpc:localhost:42037|admin:localhost:35933|client:localhost:37745|dataStream:localhost:46027|priority:0|startupRole:FOLLOWER, s1|rpc:localhost:42415|admin:localhost:39681|client:localhost:39407|dataStream:localhost:35133|priority:0|startupRole:FOLLOWER, s2|rpc:localhost:37505|admin:localhost:38193|client:localhost:45367|dataStream:localhost:33575|priority:0|startupRole:FOLLOWER]|listeners:[], old=null
2023-03-13 09:53:28,136 [Time-limited test] INFO  server.RaftServerConfigKeys (ConfUtils.java:logGet(46)) - raft.server.rpc.timeout.max = 300ms (default)
2023-03-13 09:53:28,247 [HandlerDaemon-1] INFO  server.RaftServer$Division (RaftServerImpl.java:requestVote(1300)) - s3@group-C1EBCFF19CDA: receive requestVote(PRE_VOTE, s0, group-C1EBCFF19CDA, 1, (t:1, i:0))
2023-03-13 09:53:28,247 [HandlerDaemon-2] INFO  server.RaftServer$Division (RaftServerImpl.java:requestVote(1300)) - s1@group-C1EBCFF19CDA: receive requestVote(PRE_VOTE, s0, group-C1EBCFF19CDA, 1, (t:1, i:0))
2023-03-13 09:53:28,247 [HandlerDaemon-2] INFO  impl.VoteContext (VoteContext.java:log(49)) - s1@group-C1EBCFF19CDA-FOLLOWER: reject PRE_VOTE from s0: this server is a follower and still has a valid leader s2
2023-03-13 09:53:28,247 [HandlerDaemon-2] INFO  server.RaftServer$Division (RaftServerImpl.java:requestVote(1333)) - s1@group-C1EBCFF19CDA replies to PRE_VOTE vote request: s0<-s1#0:FAIL-t1. Peer's state: s1@group-C1EBCFF19CDA:t1, leader=s2, voted=s2, raftlog=Memoized:s1@group-C1EBCFF19CDA-SegmentedRaftLog:OPENED:c0, conf=0: peers:[s3|rpc:localhost:36161|admin:localhost:45145|client:localhost:33773|dataStream:localhost:34673|priority:0|startupRole:FOLLOWER, s4|rpc:localhost:46159|admin:localhost:33017|client:localhost:38269|dataStream:localhost:46577|priority:0|startupRole:FOLLOWER, s0|rpc:localhost:42037|admin:localhost:35933|client:localhost:37745|dataStream:localhost:46027|priority:0|startupRole:FOLLOWER, s1|rpc:localhost:42415|admin:localhost:39681|client:localhost:39407|dataStream:localhost:35133|priority:0|startupRole:FOLLOWER, s2|rpc:localhost:37505|admin:localhost:38193|client:localhost:45367|dataStream:localhost:33575|priority:0|startupRole:FOLLOWER]|listeners:[], old=null
2023-03-13 09:53:28,247 [HandlerDaemon-1] INFO  server.RaftServer$Division (RaftServerImpl.java:requestVote(1300)) - s4@group-C1EBCFF19CDA: receive requestVote(PRE_VOTE, s0, group-C1EBCFF19CDA, 1, (t:1, i:0))
2023-03-13 09:53:28,247 [HandlerDaemon-1] INFO  impl.VoteContext (VoteContext.java:log(49)) - s4@group-C1EBCFF19CDA-FOLLOWER: reject PRE_VOTE from s0: this server is a follower and still has a valid leader s2
2023-03-13 09:53:28,247 [HandlerDaemon-2] INFO  server.RaftServer$Division (RaftServerImpl.java:requestVote(1300)) - s2@group-C1EBCFF19CDA: receive requestVote(PRE_VOTE, s0, group-C1EBCFF19CDA, 1, (t:1, i:0))
2023-03-13 09:53:28,247 [HandlerDaemon-2] INFO  impl.VoteContext (VoteContext.java:log(49)) - s2@group-C1EBCFF19CDA-LEADER: reject PRE_VOTE from s0: this server is the leader and still has leadership
2023-03-13 09:53:28,247 [HandlerDaemon-2] INFO  server.RaftServer$Division (RaftServerImpl.java:requestVote(1333)) - s2@group-C1EBCFF19CDA replies to PRE_VOTE vote request: s0<-s2#0:FAIL-t1. Peer's state: s2@group-C1EBCFF19CDA:t1, leader=s2, voted=s2, raftlog=Memoized:s2@group-C1EBCFF19CDA-SegmentedRaftLog:OPENED:c0, conf=0: peers:[s3|rpc:localhost:36161|admin:localhost:45145|client:localhost:33773|dataStream:localhost:34673|priority:0|startupRole:FOLLOWER, s4|rpc:localhost:46159|admin:localhost:33017|client:localhost:38269|dataStream:localhost:46577|priority:0|startupRole:FOLLOWER, s0|rpc:localhost:42037|admin:localhost:35933|client:localhost:37745|dataStream:localhost:46027|priority:0|startupRole:FOLLOWER, s1|rpc:localhost:42415|admin:localhost:39681|client:localhost:39407|dataStream:localhost:35133|priority:0|startupRole:FOLLOWER, s2|rpc:localhost:37505|admin:localhost:38193|client:localhost:45367|dataStream:localhost:33575|priority:0|startupRole:FOLLOWER]|listeners:[], old=null
2023-03-13 09:53:28,247 [HandlerDaemon-1] INFO  impl.VoteContext (VoteContext.java:log(49)) - s3@group-C1EBCFF19CDA-FOLLOWER: reject PRE_VOTE from s0: this server is a follower and still has a valid leader s2
2023-03-13 09:53:28,248 [HandlerDaemon-1] INFO  server.RaftServer$Division (RaftServerImpl.java:requestVote(1333)) - s3@group-C1EBCFF19CDA replies to PRE_VOTE vote request: s0<-s3#0:FAIL-t1. Peer's state: s3@group-C1EBCFF19CDA:t1, leader=s2, voted=s2, raftlog=Memoized:s3@group-C1EBCFF19CDA-SegmentedRaftLog:OPENED:c0, conf=0: peers:[s3|rpc:localhost:36161|admin:localhost:45145|client:localhost:33773|dataStream:localhost:34673|priority:0|startupRole:FOLLOWER, s4|rpc:localhost:46159|admin:localhost:33017|client:localhost:38269|dataStream:localhost:46577|priority:0|startupRole:FOLLOWER, s0|rpc:localhost:42037|admin:localhost:35933|client:localhost:37745|dataStream:localhost:46027|priority:0|startupRole:FOLLOWER, s1|rpc:localhost:42415|admin:localhost:39681|client:localhost:39407|dataStream:localhost:35133|priority:0|startupRole:FOLLOWER, s2|rpc:localhost:37505|admin:localhost:38193|client:localhost:45367|dataStream:localhost:33575|priority:0|startupRole:FOLLOWER]|listeners:[], old=null
2023-03-13 09:53:28,247 [HandlerDaemon-1] INFO  server.RaftServer$Division (RaftServerImpl.java:requestVote(1333)) - s4@group-C1EBCFF19CDA replies to PRE_VOTE vote request: s0<-s4#0:FAIL-t1. Peer's state: s4@group-C1EBCFF19CDA:t1, leader=s2, voted=s2, raftlog=Memoized:s4@group-C1EBCFF19CDA-SegmentedRaftLog:OPENED:c0, conf=0: peers:[s3|rpc:localhost:36161|admin:localhost:45145|client:localhost:33773|dataStream:localhost:34673|priority:0|startupRole:FOLLOWER, s4|rpc:localhost:46159|admin:localhost:33017|client:localhost:38269|dataStream:localhost:46577|priority:0|startupRole:FOLLOWER, s0|rpc:localhost:42037|admin:localhost:35933|client:localhost:37745|dataStream:localhost:46027|priority:0|startupRole:FOLLOWER, s1|rpc:localhost:42415|admin:localhost:39681|client:localhost:39407|dataStream:localhost:35133|priority:0|startupRole:FOLLOWER, s2|rpc:localhost:37505|admin:localhost:38193|client:localhost:45367|dataStream:localhost:33575|priority:0|startupRole:FOLLOWER]|listeners:[], old=null
2023-03-13 09:53:28,248 [s0@group-C1EBCFF19CDA-LeaderElection11] INFO  impl.LeaderElection (LeaderElection.java:logAndReturn(89)) - s0@group-C1EBCFF19CDA-LeaderElection11: PRE_VOTE REJECTED received 3 response(s) and 0 exception(s):
2023-03-13 09:53:28,248 [s0@group-C1EBCFF19CDA-LeaderElection11] INFO  impl.LeaderElection (LeaderElection.java:logAndReturn(93)) -   Response 0: s0<-s4#0:FAIL-t1
2023-03-13 09:53:28,248 [s0@group-C1EBCFF19CDA-LeaderElection11] INFO  impl.LeaderElection (LeaderElection.java:logAndReturn(93)) -   Response 1: s0<-s1#0:FAIL-t1
2023-03-13 09:53:28,248 [s0@group-C1EBCFF19CDA-LeaderElection11] INFO  impl.LeaderElection (LeaderElection.java:logAndReturn(93)) -   Response 2: s0<-s2#0:FAIL-t1
2023-03-13 09:53:28,248 [s0@group-C1EBCFF19CDA-LeaderElection11] INFO  impl.LeaderElection (LeaderElection.java:askForVotes(312)) - s0@group-C1EBCFF19CDA-LeaderElection11 PRE_VOTE round 0: result REJECTED
2023-03-13 09:53:28,248 [s0@group-C1EBCFF19CDA-LeaderElection11] INFO  server.RaftServer$Division (RaftServerImpl.java:setRole(329)) - s0@group-C1EBCFF19CDA: changes role from CANDIDATE to FOLLOWER at term 1 for REJECTED
2023-03-13 09:53:28,248 [s0@group-C1EBCFF19CDA-LeaderElection11] INFO  impl.RoleInfo (RoleInfo.java:shutdownLeaderElection(130)) - s0: shutdown s0@group-C1EBCFF19CDA-LeaderElection11
2023-03-13 09:53:28,248 [s0@group-C1EBCFF19CDA-LeaderElection11] INFO  impl.RoleInfo (RoleInfo.java:updateAndGet(139)) - s0: start s0@group-C1EBCFF19CDA-FollowerState
2023-03-13 09:53:28,337 [HandlerDaemon-2] INFO  server.RaftServer$Division (ServerState.java:setLeader(260)) - s0@group-C1EBCFF19CDA: change Leader from null to s2 at term 1 for appendEntries, leader elected after 241ms
2023-03-13 09:53:28,586 [Time-limited test] INFO  simulation.TestLeaderElectionWithSimulatedRpc (LeaderElectionTests.java:enforceLeader(318)) - try enforcing leader to s0 but new leader is s2
2023-03-13 09:53:28,587 [Time-limited test] INFO  server.RaftServerConfigKeys (ConfUtils.java:logGet(46)) - raft.server.rpc.timeout.max = 300ms (default)
2023-03-13 09:53:28,801 [s4@group-C1EBCFF19CDA-FollowerState] INFO  impl.FollowerState (FollowerState.java:run(143)) - s4@group-C1EBCFF19CDA-FollowerState: change to CANDIDATE, lastRpcElapsedTime:216455701ns, electionTimeout:202ms
2023-03-13 09:53:28,801 [s4@group-C1EBCFF19CDA-FollowerState] INFO  impl.RoleInfo (RoleInfo.java:shutdownFollowerState(110)) - s4: shutdown s4@group-C1EBCFF19CDA-FollowerState
2023-03-13 09:53:28,801 [s4@group-C1EBCFF19CDA-FollowerState] INFO  server.RaftServer$Division (RaftServerImpl.java:setRole(329)) - s4@group-C1EBCFF19CDA: changes role from  FOLLOWER to CANDIDATE at term 1 for changeToCandidate
2023-03-13 09:53:28,801 [s4@group-C1EBCFF19CDA-FollowerState] INFO  server.RaftServerConfigKeys (ConfUtils.java:logGet(46)) - raft.server.leaderelection.pre-vote = true (default)
2023-03-13 09:53:28,801 [s4@group-C1EBCFF19CDA-FollowerState] INFO  impl.RoleInfo (RoleInfo.java:updateAndGet(139)) - s4: start s4@group-C1EBCFF19CDA-LeaderElection12
2023-03-13 09:53:28,802 [s4@group-C1EBCFF19CDA-LeaderElection12] INFO  server.RaftServer$Division (ServerState.java:setLeader(260)) - s4@group-C1EBCFF19CDA: change Leader from s2 to null at term 1 for PRE_VOTE
2023-03-13 09:53:28,802 [s4@group-C1EBCFF19CDA-LeaderElection12] INFO  impl.LeaderElection (LeaderElection.java:askForVotes(310)) - s4@group-C1EBCFF19CDA-LeaderElection12 PRE_VOTE round 0: submit vote requests at term 1 for 0: peers:[s3|rpc:localhost:36161|admin:localhost:45145|client:localhost:33773|dataStream:localhost:34673|priority:0|startupRole:FOLLOWER, s4|rpc:localhost:46159|admin:localhost:33017|client:localhost:38269|dataStream:localhost:46577|priority:0|startupRole:FOLLOWER, s0|rpc:localhost:42037|admin:localhost:35933|client:localhost:37745|dataStream:localhost:46027|priority:0|startupRole:FOLLOWER, s1|rpc:localhost:42415|admin:localhost:39681|client:localhost:39407|dataStream:localhost:35133|priority:0|startupRole:FOLLOWER, s2|rpc:localhost:37505|admin:localhost:38193|client:localhost:45367|dataStream:localhost:33575|priority:0|startupRole:FOLLOWER]|listeners:[], old=null
2023-03-13 09:53:28,810 [HandlerDaemon-1] INFO  server.RaftServer$Division (RaftServerImpl.java:setRole(329)) - s4@group-C1EBCFF19CDA: changes role from CANDIDATE to FOLLOWER at term 1 for appendEntries
2023-03-13 09:53:28,810 [HandlerDaemon-1] INFO  impl.RoleInfo (RoleInfo.java:shutdownLeaderElection(130)) - s4: shutdown s4@group-C1EBCFF19CDA-LeaderElection12
2023-03-13 09:53:28,810 [HandlerDaemon-1] INFO  impl.RoleInfo (RoleInfo.java:updateAndGet(139)) - s4: start s4@group-C1EBCFF19CDA-FollowerState
2023-03-13 09:53:28,811 [HandlerDaemon-1] INFO  server.RaftServer$Division (ServerState.java:setLeader(260)) - s4@group-C1EBCFF19CDA: change Leader from null to s2 at term 1 for appendEntries, leader elected after 8ms
2023-03-13 09:53:28,916 [s0@group-C1EBCFF19CDA-FollowerState] INFO  impl.FollowerState (FollowerState.java:run(143)) - s0@group-C1EBCFF19CDA-FollowerState: change to CANDIDATE, lastRpcElapsedTime:352245856ns, electionTimeout:246ms
2023-03-13 09:53:28,916 [s0@group-C1EBCFF19CDA-FollowerState] INFO  impl.RoleInfo (RoleInfo.java:shutdownFollowerState(110)) - s0: shutdown s0@group-C1EBCFF19CDA-FollowerState
2023-03-13 09:53:28,916 [s0@group-C1EBCFF19CDA-FollowerState] INFO  server.RaftServer$Division (RaftServerImpl.java:setRole(329)) - s0@group-C1EBCFF19CDA: changes role from  FOLLOWER to CANDIDATE at term 1 for changeToCandidate
2023-03-13 09:53:28,916 [s0@group-C1EBCFF19CDA-FollowerState] INFO  server.RaftServerConfigKeys (ConfUtils.java:logGet(46)) - raft.server.leaderelection.pre-vote = true (default)
2023-03-13 09:53:28,917 [s0@group-C1EBCFF19CDA-FollowerState] INFO  impl.RoleInfo (RoleInfo.java:updateAndGet(139)) - s0: start s0@group-C1EBCFF19CDA-LeaderElection13
2023-03-13 09:53:28,917 [s0@group-C1EBCFF19CDA-LeaderElection13] INFO  server.RaftServer$Division (ServerState.java:setLeader(260)) - s0@group-C1EBCFF19CDA: change Leader from s2 to null at term 1 for PRE_VOTE
2023-03-13 09:53:28,917 [s0@group-C1EBCFF19CDA-LeaderElection13] INFO  impl.LeaderElection (LeaderElection.java:askForVotes(310)) - s0@group-C1EBCFF19CDA-LeaderElection13 PRE_VOTE round 0: submit vote requests at term 1 for 0: peers:[s3|rpc:localhost:36161|admin:localhost:45145|client:localhost:33773|dataStream:localhost:34673|priority:0|startupRole:FOLLOWER, s4|rpc:localhost:46159|admin:localhost:33017|client:localhost:38269|dataStream:localhost:46577|priority:0|startupRole:FOLLOWER, s0|rpc:localhost:42037|admin:localhost:35933|client:localhost:37745|dataStream:localhost:46027|priority:0|startupRole:FOLLOWER, s1|rpc:localhost:42415|admin:localhost:39681|client:localhost:39407|dataStream:localhost:35133|priority:0|startupRole:FOLLOWER, s2|rpc:localhost:37505|admin:localhost:38193|client:localhost:45367|dataStream:localhost:33575|priority:0|startupRole:FOLLOWER]|listeners:[], old=null
2023-03-13 09:53:28,953 [HandlerDaemon-0] INFO  server.RaftServer$Division (RaftServerImpl.java:requestVote(1300)) - s3@group-C1EBCFF19CDA: receive requestVote(PRE_VOTE, s4, group-C1EBCFF19CDA, 1, (t:1, i:0))
2023-03-13 09:53:28,953 [HandlerDaemon-0] INFO  impl.VoteContext (VoteContext.java:log(49)) - s3@group-C1EBCFF19CDA-FOLLOWER: accept PRE_VOTE from s4: our priority 0 <= candidate's priority 0
2023-03-13 09:53:28,953 [HandlerDaemon-0] INFO  server.RaftServer$Division (RaftServerImpl.java:requestVote(1333)) - s3@group-C1EBCFF19CDA replies to PRE_VOTE vote request: s4<-s3#0:OK-t1. Peer's state: s3@group-C1EBCFF19CDA:t1, leader=s2, voted=s2, raftlog=Memoized:s3@group-C1EBCFF19CDA-SegmentedRaftLog:OPENED:c0, conf=0: peers:[s3|rpc:localhost:36161|admin:localhost:45145|client:localhost:33773|dataStream:localhost:34673|priority:0|startupRole:FOLLOWER, s4|rpc:localhost:46159|admin:localhost:33017|client:localhost:38269|dataStream:localhost:46577|priority:0|startupRole:FOLLOWER, s0|rpc:localhost:42037|admin:localhost:35933|client:localhost:37745|dataStream:localhost:46027|priority:0|startupRole:FOLLOWER, s1|rpc:localhost:42415|admin:localhost:39681|client:localhost:39407|dataStream:localhost:35133|priority:0|startupRole:FOLLOWER, s2|rpc:localhost:37505|admin:localhost:38193|client:localhost:45367|dataStream:localhost:33575|priority:0|startupRole:FOLLOWER]|listeners:[], old=null
2023-03-13 09:53:28,953 [s4@group-C1EBCFF19CDA-LeaderElection12] INFO  impl.LeaderElection (LeaderElection.java:logAndReturn(89)) - s4@group-C1EBCFF19CDA-LeaderElection12: PRE_VOTE REJECTED received 1 response(s) and 0 exception(s):
2023-03-13 09:53:28,954 [s4@group-C1EBCFF19CDA-LeaderElection12] INFO  impl.LeaderElection (LeaderElection.java:logAndReturn(93)) -   Response 0: s4<-s3#0:OK-t1
2023-03-13 09:53:28,954 [s4@group-C1EBCFF19CDA-LeaderElection12] INFO  impl.LeaderElection (LeaderElection.java:askForVotes(312)) - s4@group-C1EBCFF19CDA-LeaderElection12 PRE_VOTE round 0: result REJECTED
2023-03-13 09:53:28,954 [HandlerDaemon-1] INFO  server.RaftServer$Division (RaftServerImpl.java:requestVote(1300)) - s1@group-C1EBCFF19CDA: receive requestVote(PRE_VOTE, s4, group-C1EBCFF19CDA, 1, (t:1, i:0))
2023-03-13 09:53:28,954 [HandlerDaemon-1] INFO  impl.VoteContext (VoteContext.java:log(49)) - s1@group-C1EBCFF19CDA-FOLLOWER: reject PRE_VOTE from s4: this server is a follower and still has a valid leader s2
2023-03-13 09:53:28,954 [HandlerDaemon-1] INFO  server.RaftServer$Division (RaftServerImpl.java:requestVote(1333)) - s1@group-C1EBCFF19CDA replies to PRE_VOTE vote request: s4<-s1#0:FAIL-t1. Peer's state: s1@group-C1EBCFF19CDA:t1, leader=s2, voted=s2, raftlog=Memoized:s1@group-C1EBCFF19CDA-SegmentedRaftLog:OPENED:c0, conf=0: peers:[s3|rpc:localhost:36161|admin:localhost:45145|client:localhost:33773|dataStream:localhost:34673|priority:0|startupRole:FOLLOWER, s4|rpc:localhost:46159|admin:localhost:33017|client:localhost:38269|dataStream:localhost:46577|priority:0|startupRole:FOLLOWER, s0|rpc:localhost:42037|admin:localhost:35933|client:localhost:37745|dataStream:localhost:46027|priority:0|startupRole:FOLLOWER, s1|rpc:localhost:42415|admin:localhost:39681|client:localhost:39407|dataStream:localhost:35133|priority:0|startupRole:FOLLOWER, s2|rpc:localhost:37505|admin:localhost:38193|client:localhost:45367|dataStream:localhost:33575|priority:0|startupRole:FOLLOWER]|listeners:[], old=null
2023-03-13 09:53:28,954 [HandlerDaemon-0] INFO  server.RaftServer$Division (RaftServerImpl.java:requestVote(1300)) - s2@group-C1EBCFF19CDA: receive requestVote(PRE_VOTE, s4, group-C1EBCFF19CDA, 1, (t:1, i:0))
2023-03-13 09:53:28,954 [HandlerDaemon-0] INFO  impl.VoteContext (VoteContext.java:log(49)) - s2@group-C1EBCFF19CDA-LEADER: reject PRE_VOTE from s4: this server is the leader and still has leadership
2023-03-13 09:53:28,954 [HandlerDaemon-0] INFO  server.RaftServer$Division (RaftServerImpl.java:requestVote(1333)) - s2@group-C1EBCFF19CDA replies to PRE_VOTE vote request: s4<-s2#0:FAIL-t1. Peer's state: s2@group-C1EBCFF19CDA:t1, leader=s2, voted=s2, raftlog=Memoized:s2@group-C1EBCFF19CDA-SegmentedRaftLog:OPENED:c0, conf=0: peers:[s3|rpc:localhost:36161|admin:localhost:45145|client:localhost:33773|dataStream:localhost:34673|priority:0|startupRole:FOLLOWER, s4|rpc:localhost:46159|admin:localhost:33017|client:localhost:38269|dataStream:localhost:46577|priority:0|startupRole:FOLLOWER, s0|rpc:localhost:42037|admin:localhost:35933|client:localhost:37745|dataStream:localhost:46027|priority:0|startupRole:FOLLOWER, s1|rpc:localhost:42415|admin:localhost:39681|client:localhost:39407|dataStream:localhost:35133|priority:0|startupRole:FOLLOWER, s2|rpc:localhost:37505|admin:localhost:38193|client:localhost:45367|dataStream:localhost:33575|priority:0|startupRole:FOLLOWER]|listeners:[], old=null
2023-03-13 09:53:29,019 [s4@group-C1EBCFF19CDA-FollowerState] INFO  impl.FollowerState (FollowerState.java:run(143)) - s4@group-C1EBCFF19CDA-FollowerState: change to CANDIDATE, lastRpcElapsedTime:208311325ns, electionTimeout:208ms
2023-03-13 09:53:29,019 [s4@group-C1EBCFF19CDA-FollowerState] INFO  impl.RoleInfo (RoleInfo.java:shutdownFollowerState(110)) - s4: shutdown s4@group-C1EBCFF19CDA-FollowerState
2023-03-13 09:53:29,019 [s4@group-C1EBCFF19CDA-FollowerState] INFO  server.RaftServer$Division (RaftServerImpl.java:setRole(329)) - s4@group-C1EBCFF19CDA: changes role from  FOLLOWER to CANDIDATE at term 1 for changeToCandidate
2023-03-13 09:53:29,020 [s4@group-C1EBCFF19CDA-FollowerState] INFO  server.RaftServerConfigKeys (ConfUtils.java:logGet(46)) - raft.server.leaderelection.pre-vote = true (default)
2023-03-13 09:53:29,020 [s4@group-C1EBCFF19CDA-FollowerState] INFO  impl.RoleInfo (RoleInfo.java:updateAndGet(139)) - s4: start s4@group-C1EBCFF19CDA-LeaderElection14
2023-03-13 09:53:29,021 [s4@group-C1EBCFF19CDA-LeaderElection14] INFO  server.RaftServer$Division (ServerState.java:setLeader(260)) - s4@group-C1EBCFF19CDA: change Leader from s2 to null at term 1 for PRE_VOTE
2023-03-13 09:53:29,021 [s4@group-C1EBCFF19CDA-LeaderElection14] INFO  impl.LeaderElection (LeaderElection.java:askForVotes(310)) - s4@group-C1EBCFF19CDA-LeaderElection14 PRE_VOTE round 0: submit vote requests at term 1 for 0: peers:[s3|rpc:localhost:36161|admin:localhost:45145|client:localhost:33773|dataStream:localhost:34673|priority:0|startupRole:FOLLOWER, s4|rpc:localhost:46159|admin:localhost:33017|client:localhost:38269|dataStream:localhost:46577|priority:0|startupRole:FOLLOWER, s0|rpc:localhost:42037|admin:localhost:35933|client:localhost:37745|dataStream:localhost:46027|priority:0|startupRole:FOLLOWER, s1|rpc:localhost:42415|admin:localhost:39681|client:localhost:39407|dataStream:localhost:35133|priority:0|startupRole:FOLLOWER, s2|rpc:localhost:37505|admin:localhost:38193|client:localhost:45367|dataStream:localhost:33575|priority:0|startupRole:FOLLOWER]|listeners:[], old=null
2023-03-13 09:53:29,036 [HandlerDaemon-0] INFO  server.RaftServer$Division (RaftServerImpl.java:setRole(329)) - s4@group-C1EBCFF19CDA: changes role from CANDIDATE to FOLLOWER at term 1 for appendEntries
2023-03-13 09:53:29,037 [HandlerDaemon-0] INFO  impl.RoleInfo (RoleInfo.java:shutdownLeaderElection(130)) - s4: shutdown s4@group-C1EBCFF19CDA-LeaderElection14
2023-03-13 09:53:29,037 [HandlerDaemon-0] INFO  impl.RoleInfo (RoleInfo.java:updateAndGet(139)) - s4: start s4@group-C1EBCFF19CDA-FollowerState
2023-03-13 09:53:29,037 [HandlerDaemon-0] INFO  server.RaftServer$Division (ServerState.java:setLeader(260)) - s4@group-C1EBCFF19CDA: change Leader from null to s2 at term 1 for appendEntries, leader elected after 16ms
2023-03-13 09:53:29,037 [Time-limited test] INFO  server.RaftServerConfigKeys (ConfUtils.java:logGet(46)) - raft.server.rpc.timeout.max = 300ms (default)
2023-03-13 09:53:29,070 [HandlerDaemon-1] INFO  server.RaftServer$Division (RaftServerImpl.java:requestVote(1300)) - s3@group-C1EBCFF19CDA: receive requestVote(PRE_VOTE, s0, group-C1EBCFF19CDA, 1, (t:1, i:0))
2023-03-13 09:53:29,070 [HandlerDaemon-1] INFO  impl.VoteContext (VoteContext.java:log(49)) - s3@group-C1EBCFF19CDA-FOLLOWER: reject PRE_VOTE from s0: this server is a follower and still has a valid leader s2
2023-03-13 09:53:29,070 [HandlerDaemon-1] INFO  server.RaftServer$Division (RaftServerImpl.java:requestVote(1333)) - s3@group-C1EBCFF19CDA replies to PRE_VOTE vote request: s0<-s3#0:FAIL-t1. Peer's state: s3@group-C1EBCFF19CDA:t1, leader=s2, voted=s2, raftlog=Memoized:s3@group-C1EBCFF19CDA-SegmentedRaftLog:OPENED:c0, conf=0: peers:[s3|rpc:localhost:36161|admin:localhost:45145|client:localhost:33773|dataStream:localhost:34673|priority:0|startupRole:FOLLOWER, s4|rpc:localhost:46159|admin:localhost:33017|client:localhost:38269|dataStream:localhost:46577|priority:0|startupRole:FOLLOWER, s0|rpc:localhost:42037|admin:localhost:35933|client:localhost:37745|dataStream:localhost:46027|priority:0|startupRole:FOLLOWER, s1|rpc:localhost:42415|admin:localhost:39681|client:localhost:39407|dataStream:localhost:35133|priority:0|startupRole:FOLLOWER, s2|rpc:localhost:37505|admin:localhost:38193|client:localhost:45367|dataStream:localhost:33575|priority:0|startupRole:FOLLOWER]|listeners:[], old=null
2023-03-13 09:53:29,070 [HandlerDaemon-2] INFO  server.RaftServer$Division (RaftServerImpl.java:requestVote(1300)) - s1@group-C1EBCFF19CDA: receive requestVote(PRE_VOTE, s0, group-C1EBCFF19CDA, 1, (t:1, i:0))
2023-03-13 09:53:29,070 [HandlerDaemon-2] INFO  impl.VoteContext (VoteContext.java:log(49)) - s1@group-C1EBCFF19CDA-FOLLOWER: reject PRE_VOTE from s0: this server is a follower and still has a valid leader s2
2023-03-13 09:53:29,070 [HandlerDaemon-2] INFO  server.RaftServer$Division (RaftServerImpl.java:requestVote(1333)) - s1@group-C1EBCFF19CDA replies to PRE_VOTE vote request: s0<-s1#0:FAIL-t1. Peer's state: s1@group-C1EBCFF19CDA:t1, leader=s2, voted=s2, raftlog=Memoized:s1@group-C1EBCFF19CDA-SegmentedRaftLog:OPENED:c0, conf=0: peers:[s3|rpc:localhost:36161|admin:localhost:45145|client:localhost:33773|dataStream:localhost:34673|priority:0|startupRole:FOLLOWER, s4|rpc:localhost:46159|admin:localhost:33017|client:localhost:38269|dataStream:localhost:46577|priority:0|startupRole:FOLLOWER, s0|rpc:localhost:42037|admin:localhost:35933|client:localhost:37745|dataStream:localhost:46027|priority:0|startupRole:FOLLOWER, s1|rpc:localhost:42415|admin:localhost:39681|client:localhost:39407|dataStream:localhost:35133|priority:0|startupRole:FOLLOWER, s2|rpc:localhost:37505|admin:localhost:38193|client:localhost:45367|dataStream:localhost:33575|priority:0|startupRole:FOLLOWER]|listeners:[], old=null
2023-03-13 09:53:29,070 [HandlerDaemon-2] INFO  server.RaftServer$Division (RaftServerImpl.java:requestVote(1300)) - s4@group-C1EBCFF19CDA: receive requestVote(PRE_VOTE, s0, group-C1EBCFF19CDA, 1, (t:1, i:0))
2023-03-13 09:53:29,070 [HandlerDaemon-2] INFO  impl.VoteContext (VoteContext.java:log(49)) - s4@group-C1EBCFF19CDA-FOLLOWER: reject PRE_VOTE from s0: this server is a follower and still has a valid leader s2
2023-03-13 09:53:29,070 [HandlerDaemon-2] INFO  server.RaftServer$Division (RaftServerImpl.java:requestVote(1333)) - s4@group-C1EBCFF19CDA replies to PRE_VOTE vote request: s0<-s4#0:FAIL-t1. Peer's state: s4@group-C1EBCFF19CDA:t1, leader=s2, voted=s2, raftlog=Memoized:s4@group-C1EBCFF19CDA-SegmentedRaftLog:OPENED:c0, conf=0: peers:[s3|rpc:localhost:36161|admin:localhost:45145|client:localhost:33773|dataStream:localhost:34673|priority:0|startupRole:FOLLOWER, s4|rpc:localhost:46159|admin:localhost:33017|client:localhost:38269|dataStream:localhost:46577|priority:0|startupRole:FOLLOWER, s0|rpc:localhost:42037|admin:localhost:35933|client:localhost:37745|dataStream:localhost:46027|priority:0|startupRole:FOLLOWER, s1|rpc:localhost:42415|admin:localhost:39681|client:localhost:39407|dataStream:localhost:35133|priority:0|startupRole:FOLLOWER, s2|rpc:localhost:37505|admin:localhost:38193|client:localhost:45367|dataStream:localhost:33575|priority:0|startupRole:FOLLOWER]|listeners:[], old=null
2023-03-13 09:53:29,071 [s0@group-C1EBCFF19CDA-LeaderElection13] INFO  impl.LeaderElection (LeaderElection.java:logAndReturn(89)) - s0@group-C1EBCFF19CDA-LeaderElection13: PRE_VOTE REJECTED received 3 response(s) and 0 exception(s):
2023-03-13 09:53:29,071 [s0@group-C1EBCFF19CDA-LeaderElection13] INFO  impl.LeaderElection (LeaderElection.java:logAndReturn(93)) -   Response 0: s0<-s3#0:FAIL-t1
2023-03-13 09:53:29,071 [s0@group-C1EBCFF19CDA-LeaderElection13] INFO  impl.LeaderElection (LeaderElection.java:logAndReturn(93)) -   Response 1: s0<-s4#0:FAIL-t1
2023-03-13 09:53:29,071 [s0@group-C1EBCFF19CDA-LeaderElection13] INFO  impl.LeaderElection (LeaderElection.java:logAndReturn(93)) -   Response 2: s0<-s1#0:FAIL-t1
2023-03-13 09:53:29,071 [s0@group-C1EBCFF19CDA-LeaderElection13] INFO  impl.LeaderElection (LeaderElection.java:askForVotes(312)) - s0@group-C1EBCFF19CDA-LeaderElection13 PRE_VOTE round 0: result REJECTED
2023-03-13 09:53:29,071 [s0@group-C1EBCFF19CDA-LeaderElection13] INFO  server.RaftServer$Division (RaftServerImpl.java:setRole(329)) - s0@group-C1EBCFF19CDA: changes role from CANDIDATE to FOLLOWER at term 1 for REJECTED
2023-03-13 09:53:29,071 [s0@group-C1EBCFF19CDA-LeaderElection13] INFO  impl.RoleInfo (RoleInfo.java:shutdownLeaderElection(130)) - s0: shutdown s0@group-C1EBCFF19CDA-LeaderElection13
2023-03-13 09:53:29,071 [s0@group-C1EBCFF19CDA-LeaderElection13] INFO  impl.RoleInfo (RoleInfo.java:updateAndGet(139)) - s0: start s0@group-C1EBCFF19CDA-FollowerState
2023-03-13 09:53:29,072 [HandlerDaemon-1] INFO  server.RaftServer$Division (RaftServerImpl.java:requestVote(1300)) - s2@group-C1EBCFF19CDA: receive requestVote(PRE_VOTE, s0, group-C1EBCFF19CDA, 1, (t:1, i:0))
2023-03-13 09:53:29,072 [HandlerDaemon-1] INFO  impl.VoteContext (VoteContext.java:log(49)) - s2@group-C1EBCFF19CDA-LEADER: reject PRE_VOTE from s0: this server is the leader and still has leadership
2023-03-13 09:53:29,072 [HandlerDaemon-1] INFO  server.RaftServer$Division (RaftServerImpl.java:requestVote(1333)) - s2@group-C1EBCFF19CDA replies to PRE_VOTE vote request: s0<-s2#0:FAIL-t1. Peer's state: s2@group-C1EBCFF19CDA:t1, leader=s2, voted=s2, raftlog=Memoized:s2@group-C1EBCFF19CDA-SegmentedRaftLog:OPENED:c0, conf=0: peers:[s3|rpc:localhost:36161|admin:localhost:45145|client:localhost:33773|dataStream:localhost:34673|priority:0|startupRole:FOLLOWER, s4|rpc:localhost:46159|admin:localhost:33017|client:localhost:38269|dataStream:localhost:46577|priority:0|startupRole:FOLLOWER, s0|rpc:localhost:42037|admin:localhost:35933|client:localhost:37745|dataStream:localhost:46027|priority:0|startupRole:FOLLOWER, s1|rpc:localhost:42415|admin:localhost:39681|client:localhost:39407|dataStream:localhost:35133|priority:0|startupRole:FOLLOWER, s2|rpc:localhost:37505|admin:localhost:38193|client:localhost:45367|dataStream:localhost:33575|priority:0|startupRole:FOLLOWER]|listeners:[], old=null
2023-03-13 09:53:29,104 [HandlerDaemon-0] INFO  server.RaftServer$Division (RaftServerImpl.java:requestVote(1300)) - s0@group-C1EBCFF19CDA: receive requestVote(PRE_VOTE, s4, group-C1EBCFF19CDA, 1, (t:1, i:0))
2023-03-13 09:53:29,104 [HandlerDaemon-0] INFO  impl.VoteContext (VoteContext.java:log(49)) - s0@group-C1EBCFF19CDA-FOLLOWER: accept PRE_VOTE from s4: our priority 0 <= candidate's priority 0
2023-03-13 09:53:29,104 [HandlerDaemon-0] INFO  server.RaftServer$Division (RaftServerImpl.java:requestVote(1333)) - s0@group-C1EBCFF19CDA replies to PRE_VOTE vote request: s4<-s0#0:OK-t1. Peer's state: s0@group-C1EBCFF19CDA:t1, leader=null, voted=s2, raftlog=Memoized:s0@group-C1EBCFF19CDA-SegmentedRaftLog:OPENED:c0, conf=0: peers:[s3|rpc:localhost:36161|admin:localhost:45145|client:localhost:33773|dataStream:localhost:34673|priority:0|startupRole:FOLLOWER, s4|rpc:localhost:46159|admin:localhost:33017|client:localhost:38269|dataStream:localhost:46577|priority:0|startupRole:FOLLOWER, s0|rpc:localhost:42037|admin:localhost:35933|client:localhost:37745|dataStream:localhost:46027|priority:0|startupRole:FOLLOWER, s1|rpc:localhost:42415|admin:localhost:39681|client:localhost:39407|dataStream:localhost:35133|priority:0|startupRole:FOLLOWER, s2|rpc:localhost:37505|admin:localhost:38193|client:localhost:45367|dataStream:localhost:33575|priority:0|startupRole:FOLLOWER]|listeners:[], old=null
2023-03-13 09:53:29,172 [HandlerDaemon-0] INFO  server.RaftServer$Division (RaftServerImpl.java:requestVote(1300)) - s3@group-C1EBCFF19CDA: receive requestVote(PRE_VOTE, s4, group-C1EBCFF19CDA, 1, (t:1, i:0))
2023-03-13 09:53:29,172 [HandlerDaemon-0] INFO  impl.VoteContext (VoteContext.java:log(49)) - s3@group-C1EBCFF19CDA-FOLLOWER: reject PRE_VOTE from s4: this server is a follower and still has a valid leader s2
2023-03-13 09:53:29,172 [HandlerDaemon-0] INFO  server.RaftServer$Division (RaftServerImpl.java:requestVote(1333)) - s3@group-C1EBCFF19CDA replies to PRE_VOTE vote request: s4<-s3#0:FAIL-t1. Peer's state: s3@group-C1EBCFF19CDA:t1, leader=s2, voted=s2, raftlog=Memoized:s3@group-C1EBCFF19CDA-SegmentedRaftLog:OPENED:c0, conf=0: peers:[s3|rpc:localhost:36161|admin:localhost:45145|client:localhost:33773|dataStream:localhost:34673|priority:0|startupRole:FOLLOWER, s4|rpc:localhost:46159|admin:localhost:33017|client:localhost:38269|dataStream:localhost:46577|priority:0|startupRole:FOLLOWER, s0|rpc:localhost:42037|admin:localhost:35933|client:localhost:37745|dataStream:localhost:46027|priority:0|startupRole:FOLLOWER, s1|rpc:localhost:42415|admin:localhost:39681|client:localhost:39407|dataStream:localhost:35133|priority:0|startupRole:FOLLOWER, s2|rpc:localhost:37505|admin:localhost:38193|client:localhost:45367|dataStream:localhost:33575|priority:0|startupRole:FOLLOWER]|listeners:[], old=null
2023-03-13 09:53:29,172 [s4@group-C1EBCFF19CDA-LeaderElection14] INFO  impl.LeaderElection (LeaderElection.java:logAndReturn(89)) - s4@group-C1EBCFF19CDA-LeaderElection14: PRE_VOTE REJECTED received 1 response(s) and 0 exception(s):
2023-03-13 09:53:29,172 [s4@group-C1EBCFF19CDA-LeaderElection14] INFO  impl.LeaderElection (LeaderElection.java:logAndReturn(93)) -   Response 0: s4<-s3#0:FAIL-t1
2023-03-13 09:53:29,172 [s4@group-C1EBCFF19CDA-LeaderElection14] INFO  impl.LeaderElection (LeaderElection.java:askForVotes(312)) - s4@group-C1EBCFF19CDA-LeaderElection14 PRE_VOTE round 0: result REJECTED
2023-03-13 09:53:29,173 [HandlerDaemon-1] INFO  server.RaftServer$Division (RaftServerImpl.java:requestVote(1300)) - s1@group-C1EBCFF19CDA: receive requestVote(PRE_VOTE, s4, group-C1EBCFF19CDA, 1, (t:1, i:0))
2023-03-13 09:53:29,173 [HandlerDaemon-1] INFO  impl.VoteContext (VoteContext.java:log(49)) - s1@group-C1EBCFF19CDA-FOLLOWER: reject PRE_VOTE from s4: this server is a follower and still has a valid leader s2
2023-03-13 09:53:29,173 [HandlerDaemon-1] INFO  server.RaftServer$Division (RaftServerImpl.java:requestVote(1333)) - s1@group-C1EBCFF19CDA replies to PRE_VOTE vote request: s4<-s1#0:FAIL-t1. Peer's state: s1@group-C1EBCFF19CDA:t1, leader=s2, voted=s2, raftlog=Memoized:s1@group-C1EBCFF19CDA-SegmentedRaftLog:OPENED:c0, conf=0: peers:[s3|rpc:localhost:36161|admin:localhost:45145|client:localhost:33773|dataStream:localhost:34673|priority:0|startupRole:FOLLOWER, s4|rpc:localhost:46159|admin:localhost:33017|client:localhost:38269|dataStream:localhost:46577|priority:0|startupRole:FOLLOWER, s0|rpc:localhost:42037|admin:localhost:35933|client:localhost:37745|dataStream:localhost:46027|priority:0|startupRole:FOLLOWER, s1|rpc:localhost:42415|admin:localhost:39681|client:localhost:39407|dataStream:localhost:35133|priority:0|startupRole:FOLLOWER, s2|rpc:localhost:37505|admin:localhost:38193|client:localhost:45367|dataStream:localhost:33575|priority:0|startupRole:FOLLOWER]|listeners:[], old=null
2023-03-13 09:53:29,173 [HandlerDaemon-2] INFO  server.RaftServer$Division (RaftServerImpl.java:requestVote(1300)) - s2@group-C1EBCFF19CDA: receive requestVote(PRE_VOTE, s4, group-C1EBCFF19CDA, 1, (t:1, i:0))
2023-03-13 09:53:29,173 [HandlerDaemon-2] INFO  impl.VoteContext (VoteContext.java:log(49)) - s2@group-C1EBCFF19CDA-LEADER: reject PRE_VOTE from s4: this server is the leader and still has leadership
2023-03-13 09:53:29,173 [HandlerDaemon-2] INFO  server.RaftServer$Division (RaftServerImpl.java:requestVote(1333)) - s2@group-C1EBCFF19CDA replies to PRE_VOTE vote request: s4<-s2#0:FAIL-t1. Peer's state: s2@group-C1EBCFF19CDA:t1, leader=s2, voted=s2, raftlog=Memoized:s2@group-C1EBCFF19CDA-SegmentedRaftLog:OPENED:c0, conf=0: peers:[s3|rpc:localhost:36161|admin:localhost:45145|client:localhost:33773|dataStream:localhost:34673|priority:0|startupRole:FOLLOWER, s4|rpc:localhost:46159|admin:localhost:33017|client:localhost:38269|dataStream:localhost:46577|priority:0|startupRole:FOLLOWER, s0|rpc:localhost:42037|admin:localhost:35933|client:localhost:37745|dataStream:localhost:46027|priority:0|startupRole:FOLLOWER, s1|rpc:localhost:42415|admin:localhost:39681|client:localhost:39407|dataStream:localhost:35133|priority:0|startupRole:FOLLOWER, s2|rpc:localhost:37505|admin:localhost:38193|client:localhost:45367|dataStream:localhost:33575|priority:0|startupRole:FOLLOWER]|listeners:[], old=null
2023-03-13 09:53:29,240 [HandlerDaemon-1] INFO  server.RaftServer$Division (ServerState.java:setLeader(260)) - s0@group-C1EBCFF19CDA: change Leader from null to s2 at term 1 for appendEntries, leader elected after 323ms
2023-03-13 09:53:29,322 [HandlerDaemon-0] INFO  server.RaftServer$Division (RaftServerImpl.java:requestVote(1300)) - s0@group-C1EBCFF19CDA: receive requestVote(PRE_VOTE, s4, group-C1EBCFF19CDA, 1, (t:1, i:0))
2023-03-13 09:53:29,322 [HandlerDaemon-0] INFO  impl.VoteContext (VoteContext.java:log(49)) - s0@group-C1EBCFF19CDA-FOLLOWER: reject PRE_VOTE from s4: this server is a follower and still has a valid leader s2
2023-03-13 09:53:29,322 [HandlerDaemon-0] INFO  server.RaftServer$Division (RaftServerImpl.java:requestVote(1333)) - s0@group-C1EBCFF19CDA replies to PRE_VOTE vote request: s4<-s0#0:FAIL-t1. Peer's state: s0@group-C1EBCFF19CDA:t1, leader=s2, voted=s2, raftlog=Memoized:s0@group-C1EBCFF19CDA-SegmentedRaftLog:OPENED:c0, conf=0: peers:[s3|rpc:localhost:36161|admin:localhost:45145|client:localhost:33773|dataStream:localhost:34673|priority:0|startupRole:FOLLOWER, s4|rpc:localhost:46159|admin:localhost:33017|client:localhost:38269|dataStream:localhost:46577|priority:0|startupRole:FOLLOWER, s0|rpc:localhost:42037|admin:localhost:35933|client:localhost:37745|dataStream:localhost:46027|priority:0|startupRole:FOLLOWER, s1|rpc:localhost:42415|admin:localhost:39681|client:localhost:39407|dataStream:localhost:35133|priority:0|startupRole:FOLLOWER, s2|rpc:localhost:37505|admin:localhost:38193|client:localhost:45367|dataStream:localhost:33575|priority:0|startupRole:FOLLOWER]|listeners:[], old=null
2023-03-13 09:53:29,487 [Time-limited test] INFO  simulation.TestLeaderElectionWithSimulatedRpc (LeaderElectionTests.java:enforceLeader(318)) - try enforcing leader to s0 but new leader is s2
2023-03-13 09:53:29,488 [Time-limited test] INFO  server.RaftServerConfigKeys (ConfUtils.java:logGet(46)) - raft.server.rpc.timeout.max = 300ms (default)
2023-03-13 09:53:29,845 [s0@group-C1EBCFF19CDA-FollowerState] INFO  impl.FollowerState (FollowerState.java:run(143)) - s0@group-C1EBCFF19CDA-FollowerState: change to CANDIDATE, lastRpcElapsedTime:377207286ns, electionTimeout:241ms
2023-03-13 09:53:29,845 [s0@group-C1EBCFF19CDA-FollowerState] INFO  impl.RoleInfo (RoleInfo.java:shutdownFollowerState(110)) - s0: shutdown s0@group-C1EBCFF19CDA-FollowerState
2023-03-13 09:53:29,845 [s0@group-C1EBCFF19CDA-FollowerState] INFO  server.RaftServer$Division (RaftServerImpl.java:setRole(329)) - s0@group-C1EBCFF19CDA: changes role from  FOLLOWER to CANDIDATE at term 1 for changeToCandidate
2023-03-13 09:53:29,845 [s0@group-C1EBCFF19CDA-FollowerState] INFO  server.RaftServerConfigKeys (ConfUtils.java:logGet(46)) - raft.server.leaderelection.pre-vote = true (default)
2023-03-13 09:53:29,845 [s0@group-C1EBCFF19CDA-FollowerState] INFO  impl.RoleInfo (RoleInfo.java:updateAndGet(139)) - s0: start s0@group-C1EBCFF19CDA-LeaderElection15
2023-03-13 09:53:29,846 [s0@group-C1EBCFF19CDA-LeaderElection15] INFO  server.RaftServer$Division (ServerState.java:setLeader(260)) - s0@group-C1EBCFF19CDA: change Leader from s2 to null at term 1 for PRE_VOTE
2023-03-13 09:53:29,846 [s0@group-C1EBCFF19CDA-LeaderElection15] INFO  impl.LeaderElection (LeaderElection.java:askForVotes(310)) - s0@group-C1EBCFF19CDA-LeaderElection15 PRE_VOTE round 0: submit vote requests at term 1 for 0: peers:[s3|rpc:localhost:36161|admin:localhost:45145|client:localhost:33773|dataStream:localhost:34673|priority:0|startupRole:FOLLOWER, s4|rpc:localhost:46159|admin:localhost:33017|client:localhost:38269|dataStream:localhost:46577|priority:0|startupRole:FOLLOWER, s0|rpc:localhost:42037|admin:localhost:35933|client:localhost:37745|dataStream:localhost:46027|priority:0|startupRole:FOLLOWER, s1|rpc:localhost:42415|admin:localhost:39681|client:localhost:39407|dataStream:localhost:35133|priority:0|startupRole:FOLLOWER, s2|rpc:localhost:37505|admin:localhost:38193|client:localhost:45367|dataStream:localhost:33575|priority:0|startupRole:FOLLOWER]|listeners:[], old=null
2023-03-13 09:53:29,938 [Time-limited test] INFO  server.RaftServerConfigKeys (ConfUtils.java:logGet(46)) - raft.server.rpc.timeout.max = 300ms (default)
2023-03-13 09:53:29,996 [HandlerDaemon-2] INFO  server.RaftServer$Division (RaftServerImpl.java:requestVote(1300)) - s3@group-C1EBCFF19CDA: receive requestVote(PRE_VOTE, s0, group-C1EBCFF19CDA, 1, (t:1, i:0))
2023-03-13 09:53:29,996 [HandlerDaemon-0] INFO  server.RaftServer$Division (RaftServerImpl.java:requestVote(1300)) - s1@group-C1EBCFF19CDA: receive requestVote(PRE_VOTE, s0, group-C1EBCFF19CDA, 1, (t:1, i:0))
2023-03-13 09:53:29,997 [HandlerDaemon-0] INFO  impl.VoteContext (VoteContext.java:log(49)) - s1@group-C1EBCFF19CDA-FOLLOWER: reject PRE_VOTE from s0: this server is a follower and still has a valid leader s2
2023-03-13 09:53:29,997 [HandlerDaemon-0] INFO  server.RaftServer$Division (RaftServerImpl.java:requestVote(1300)) - s2@group-C1EBCFF19CDA: receive requestVote(PRE_VOTE, s0, group-C1EBCFF19CDA, 1, (t:1, i:0))
2023-03-13 09:53:29,997 [HandlerDaemon-0] INFO  server.RaftServer$Division (RaftServerImpl.java:requestVote(1333)) - s1@group-C1EBCFF19CDA replies to PRE_VOTE vote request: s0<-s1#0:FAIL-t1. Peer's state: s1@group-C1EBCFF19CDA:t1, leader=s2, voted=s2, raftlog=Memoized:s1@group-C1EBCFF19CDA-SegmentedRaftLog:OPENED:c0, conf=0: peers:[s3|rpc:localhost:36161|admin:localhost:45145|client:localhost:33773|dataStream:localhost:34673|priority:0|startupRole:FOLLOWER, s4|rpc:localhost:46159|admin:localhost:33017|client:localhost:38269|dataStream:localhost:46577|priority:0|startupRole:FOLLOWER, s0|rpc:localhost:42037|admin:localhost:35933|client:localhost:37745|dataStream:localhost:46027|priority:0|startupRole:FOLLOWER, s1|rpc:localhost:42415|admin:localhost:39681|client:localhost:39407|dataStream:localhost:35133|priority:0|startupRole:FOLLOWER, s2|rpc:localhost:37505|admin:localhost:38193|client:localhost:45367|dataStream:localhost:33575|priority:0|startupRole:FOLLOWER]|listeners:[], old=null
2023-03-13 09:53:29,997 [HandlerDaemon-0] INFO  server.RaftServer$Division (RaftServerImpl.java:requestVote(1300)) - s4@group-C1EBCFF19CDA: receive requestVote(PRE_VOTE, s0, group-C1EBCFF19CDA, 1, (t:1, i:0))
2023-03-13 09:53:29,997 [HandlerDaemon-0] INFO  impl.VoteContext (VoteContext.java:log(49)) - s4@group-C1EBCFF19CDA-FOLLOWER: reject PRE_VOTE from s0: this server is a follower and still has a valid leader s2
2023-03-13 09:53:29,997 [HandlerDaemon-0] INFO  server.RaftServer$Division (RaftServerImpl.java:requestVote(1333)) - s4@group-C1EBCFF19CDA replies to PRE_VOTE vote request: s0<-s4#0:FAIL-t1. Peer's state: s4@group-C1EBCFF19CDA:t1, leader=s2, voted=s2, raftlog=Memoized:s4@group-C1EBCFF19CDA-SegmentedRaftLog:OPENED:c0, conf=0: peers:[s3|rpc:localhost:36161|admin:localhost:45145|client:localhost:33773|dataStream:localhost:34673|priority:0|startupRole:FOLLOWER, s4|rpc:localhost:46159|admin:localhost:33017|client:localhost:38269|dataStream:localhost:46577|priority:0|startupRole:FOLLOWER, s0|rpc:localhost:42037|admin:localhost:35933|client:localhost:37745|dataStream:localhost:46027|priority:0|startupRole:FOLLOWER, s1|rpc:localhost:42415|admin:localhost:39681|client:localhost:39407|dataStream:localhost:35133|priority:0|startupRole:FOLLOWER, s2|rpc:localhost:37505|admin:localhost:38193|client:localhost:45367|dataStream:localhost:33575|priority:0|startupRole:FOLLOWER]|listeners:[], old=null
2023-03-13 09:53:29,996 [HandlerDaemon-2] INFO  impl.VoteContext (VoteContext.java:log(49)) - s3@group-C1EBCFF19CDA-FOLLOWER: reject PRE_VOTE from s0: this server is a follower and still has a valid leader s2
2023-03-13 09:53:29,997 [HandlerDaemon-2] INFO  server.RaftServer$Division (RaftServerImpl.java:requestVote(1333)) - s3@group-C1EBCFF19CDA replies to PRE_VOTE vote request: s0<-s3#0:FAIL-t1. Peer's state: s3@group-C1EBCFF19CDA:t1, leader=s2, voted=s2, raftlog=Memoized:s3@group-C1EBCFF19CDA-SegmentedRaftLog:OPENED:c0, conf=0: peers:[s3|rpc:localhost:36161|admin:localhost:45145|client:localhost:33773|dataStream:localhost:34673|priority:0|startupRole:FOLLOWER, s4|rpc:localhost:46159|admin:localhost:33017|client:localhost:38269|dataStream:localhost:46577|priority:0|startupRole:FOLLOWER, s0|rpc:localhost:42037|admin:localhost:35933|client:localhost:37745|dataStream:localhost:46027|priority:0|startupRole:FOLLOWER, s1|rpc:localhost:42415|admin:localhost:39681|client:localhost:39407|dataStream:localhost:35133|priority:0|startupRole:FOLLOWER, s2|rpc:localhost:37505|admin:localhost:38193|client:localhost:45367|dataStream:localhost:33575|priority:0|startupRole:FOLLOWER]|listeners:[], old=null
2023-03-13 09:53:29,997 [HandlerDaemon-0] INFO  impl.VoteContext (VoteContext.java:log(49)) - s2@group-C1EBCFF19CDA-LEADER: reject PRE_VOTE from s0: this server is the leader and still has leadership
2023-03-13 09:53:29,997 [HandlerDaemon-0] INFO  server.RaftServer$Division (RaftServerImpl.java:requestVote(1333)) - s2@group-C1EBCFF19CDA replies to PRE_VOTE vote request: s0<-s2#0:FAIL-t1. Peer's state: s2@group-C1EBCFF19CDA:t1, leader=s2, voted=s2, raftlog=Memoized:s2@group-C1EBCFF19CDA-SegmentedRaftLog:OPENED:c0, conf=0: peers:[s3|rpc:localhost:36161|admin:localhost:45145|client:localhost:33773|dataStream:localhost:34673|priority:0|startupRole:FOLLOWER, s4|rpc:localhost:46159|admin:localhost:33017|client:localhost:38269|dataStream:localhost:46577|priority:0|startupRole:FOLLOWER, s0|rpc:localhost:42037|admin:localhost:35933|client:localhost:37745|dataStream:localhost:46027|priority:0|startupRole:FOLLOWER, s1|rpc:localhost:42415|admin:localhost:39681|client:localhost:39407|dataStream:localhost:35133|priority:0|startupRole:FOLLOWER, s2|rpc:localhost:37505|admin:localhost:38193|client:localhost:45367|dataStream:localhost:33575|priority:0|startupRole:FOLLOWER]|listeners:[], old=null
2023-03-13 09:53:29,999 [s0@group-C1EBCFF19CDA-LeaderElection15] INFO  impl.LeaderElection (LeaderElection.java:logAndReturn(89)) - s0@group-C1EBCFF19CDA-LeaderElection15: PRE_VOTE REJECTED received 3 response(s) and 0 exception(s):
2023-03-13 09:53:30,000 [s0@group-C1EBCFF19CDA-LeaderElection15] INFO  impl.LeaderElection (LeaderElection.java:logAndReturn(93)) -   Response 0: s0<-s3#0:FAIL-t1
2023-03-13 09:53:30,000 [s0@group-C1EBCFF19CDA-LeaderElection15] INFO  impl.LeaderElection (LeaderElection.java:logAndReturn(93)) -   Response 1: s0<-s4#0:FAIL-t1
2023-03-13 09:53:30,000 [s0@group-C1EBCFF19CDA-LeaderElection15] INFO  impl.LeaderElection (LeaderElection.java:logAndReturn(93)) -   Response 2: s0<-s1#0:FAIL-t1
2023-03-13 09:53:30,000 [s0@group-C1EBCFF19CDA-LeaderElection15] INFO  impl.LeaderElection (LeaderElection.java:askForVotes(312)) - s0@group-C1EBCFF19CDA-LeaderElection15 PRE_VOTE round 0: result REJECTED
2023-03-13 09:53:30,000 [s0@group-C1EBCFF19CDA-LeaderElection15] INFO  server.RaftServer$Division (RaftServerImpl.java:setRole(329)) - s0@group-C1EBCFF19CDA: changes role from CANDIDATE to FOLLOWER at term 1 for REJECTED
2023-03-13 09:53:30,000 [s0@group-C1EBCFF19CDA-LeaderElection15] INFO  impl.RoleInfo (RoleInfo.java:shutdownLeaderElection(130)) - s0: shutdown s0@group-C1EBCFF19CDA-LeaderElection15
2023-03-13 09:53:30,000 [s0@group-C1EBCFF19CDA-LeaderElection15] INFO  impl.RoleInfo (RoleInfo.java:updateAndGet(139)) - s0: start s0@group-C1EBCFF19CDA-FollowerState
2023-03-13 09:53:30,143 [HandlerDaemon-0] INFO  server.RaftServer$Division (ServerState.java:setLeader(260)) - s0@group-C1EBCFF19CDA: change Leader from null to s2 at term 1 for appendEntries, leader elected after 297ms
2023-03-13 09:53:30,388 [Time-limited test] INFO  simulation.TestLeaderElectionWithSimulatedRpc (LeaderElectionTests.java:enforceLeader(318)) - try enforcing leader to s0 but new leader is s2
2023-03-13 09:53:30,389 [Time-limited test] INFO  server.RaftServerConfigKeys (ConfUtils.java:logGet(46)) - raft.server.rpc.timeout.max = 300ms (default)
2023-03-13 09:53:30,791 [s0@group-C1EBCFF19CDA-FollowerState] INFO  impl.FollowerState (FollowerState.java:run(143)) - s0@group-C1EBCFF19CDA-FollowerState: change to CANDIDATE, lastRpcElapsedTime:421172693ns, electionTimeout:161ms
2023-03-13 09:53:30,792 [s0@group-C1EBCFF19CDA-FollowerState] INFO  impl.RoleInfo (RoleInfo.java:shutdownFollowerState(110)) - s0: shutdown s0@group-C1EBCFF19CDA-FollowerState
2023-03-13 09:53:30,792 [s0@group-C1EBCFF19CDA-FollowerState] INFO  server.RaftServer$Division (RaftServerImpl.java:setRole(329)) - s0@group-C1EBCFF19CDA: changes role from  FOLLOWER to CANDIDATE at term 1 for changeToCandidate
2023-03-13 09:53:30,792 [s0@group-C1EBCFF19CDA-FollowerState] INFO  server.RaftServerConfigKeys (ConfUtils.java:logGet(46)) - raft.server.leaderelection.pre-vote = true (default)
2023-03-13 09:53:30,792 [s0@group-C1EBCFF19CDA-FollowerState] INFO  impl.RoleInfo (RoleInfo.java:updateAndGet(139)) - s0: start s0@group-C1EBCFF19CDA-LeaderElection16
2023-03-13 09:53:30,796 [s0@group-C1EBCFF19CDA-LeaderElection16] INFO  server.RaftServer$Division (ServerState.java:setLeader(260)) - s0@group-C1EBCFF19CDA: change Leader from s2 to null at term 1 for PRE_VOTE
2023-03-13 09:53:30,796 [s0@group-C1EBCFF19CDA-LeaderElection16] INFO  impl.LeaderElection (LeaderElection.java:askForVotes(310)) - s0@group-C1EBCFF19CDA-LeaderElection16 PRE_VOTE round 0: submit vote requests at term 1 for 0: peers:[s3|rpc:localhost:36161|admin:localhost:45145|client:localhost:33773|dataStream:localhost:34673|priority:0|startupRole:FOLLOWER, s4|rpc:localhost:46159|admin:localhost:33017|client:localhost:38269|dataStream:localhost:46577|priority:0|startupRole:FOLLOWER, s0|rpc:localhost:42037|admin:localhost:35933|client:localhost:37745|dataStream:localhost:46027|priority:0|startupRole:FOLLOWER, s1|rpc:localhost:42415|admin:localhost:39681|client:localhost:39407|dataStream:localhost:35133|priority:0|startupRole:FOLLOWER, s2|rpc:localhost:37505|admin:localhost:38193|client:localhost:45367|dataStream:localhost:33575|priority:0|startupRole:FOLLOWER]|listeners:[], old=null
2023-03-13 09:53:30,839 [Time-limited test] INFO  server.RaftServerConfigKeys (ConfUtils.java:logGet(46)) - raft.server.rpc.timeout.max = 300ms (default)
2023-03-13 09:53:30,946 [HandlerDaemon-2] INFO  server.RaftServer$Division (RaftServerImpl.java:requestVote(1300)) - s3@group-C1EBCFF19CDA: receive requestVote(PRE_VOTE, s0, group-C1EBCFF19CDA, 1, (t:1, i:0))
2023-03-13 09:53:30,947 [HandlerDaemon-2] INFO  impl.VoteContext (VoteContext.java:log(49)) - s3@group-C1EBCFF19CDA-FOLLOWER: reject PRE_VOTE from s0: this server is a follower and still has a valid leader s2
2023-03-13 09:53:30,947 [HandlerDaemon-2] INFO  server.RaftServer$Division (RaftServerImpl.java:requestVote(1333)) - s3@group-C1EBCFF19CDA replies to PRE_VOTE vote request: s0<-s3#0:FAIL-t1. Peer's state: s3@group-C1EBCFF19CDA:t1, leader=s2, voted=s2, raftlog=Memoized:s3@group-C1EBCFF19CDA-SegmentedRaftLog:OPENED:c0, conf=0: peers:[s3|rpc:localhost:36161|admin:localhost:45145|client:localhost:33773|dataStream:localhost:34673|priority:0|startupRole:FOLLOWER, s4|rpc:localhost:46159|admin:localhost:33017|client:localhost:38269|dataStream:localhost:46577|priority:0|startupRole:FOLLOWER, s0|rpc:localhost:42037|admin:localhost:35933|client:localhost:37745|dataStream:localhost:46027|priority:0|startupRole:FOLLOWER, s1|rpc:localhost:42415|admin:localhost:39681|client:localhost:39407|dataStream:localhost:35133|priority:0|startupRole:FOLLOWER, s2|rpc:localhost:37505|admin:localhost:38193|client:localhost:45367|dataStream:localhost:33575|priority:0|startupRole:FOLLOWER]|listeners:[], old=null
2023-03-13 09:53:30,948 [HandlerDaemon-2] INFO  server.RaftServer$Division (RaftServerImpl.java:requestVote(1300)) - s4@group-C1EBCFF19CDA: receive requestVote(PRE_VOTE, s0, group-C1EBCFF19CDA, 1, (t:1, i:0))
2023-03-13 09:53:30,949 [HandlerDaemon-2] INFO  impl.VoteContext (VoteContext.java:log(49)) - s4@group-C1EBCFF19CDA-FOLLOWER: reject PRE_VOTE from s0: this server is a follower and still has a valid leader s2
2023-03-13 09:53:30,949 [HandlerDaemon-1] INFO  server.RaftServer$Division (RaftServerImpl.java:requestVote(1300)) - s2@group-C1EBCFF19CDA: receive requestVote(PRE_VOTE, s0, group-C1EBCFF19CDA, 1, (t:1, i:0))
2023-03-13 09:53:30,949 [HandlerDaemon-2] INFO  server.RaftServer$Division (RaftServerImpl.java:requestVote(1300)) - s1@group-C1EBCFF19CDA: receive requestVote(PRE_VOTE, s0, group-C1EBCFF19CDA, 1, (t:1, i:0))
2023-03-13 09:53:30,949 [HandlerDaemon-1] INFO  impl.VoteContext (VoteContext.java:log(49)) - s2@group-C1EBCFF19CDA-LEADER: reject PRE_VOTE from s0: this server is the leader and still has leadership
2023-03-13 09:53:30,949 [HandlerDaemon-2] INFO  server.RaftServer$Division (RaftServerImpl.java:requestVote(1333)) - s4@group-C1EBCFF19CDA replies to PRE_VOTE vote request: s0<-s4#0:FAIL-t1. Peer's state: s4@group-C1EBCFF19CDA:t1, leader=s2, voted=s2, raftlog=Memoized:s4@group-C1EBCFF19CDA-SegmentedRaftLog:OPENED:c0, conf=0: peers:[s3|rpc:localhost:36161|admin:localhost:45145|client:localhost:33773|dataStream:localhost:34673|priority:0|startupRole:FOLLOWER, s4|rpc:localhost:46159|admin:localhost:33017|client:localhost:38269|dataStream:localhost:46577|priority:0|startupRole:FOLLOWER, s0|rpc:localhost:42037|admin:localhost:35933|client:localhost:37745|dataStream:localhost:46027|priority:0|startupRole:FOLLOWER, s1|rpc:localhost:42415|admin:localhost:39681|client:localhost:39407|dataStream:localhost:35133|priority:0|startupRole:FOLLOWER, s2|rpc:localhost:37505|admin:localhost:38193|client:localhost:45367|dataStream:localhost:33575|priority:0|startupRole:FOLLOWER]|listeners:[], old=null
2023-03-13 09:53:30,949 [HandlerDaemon-1] INFO  server.RaftServer$Division (RaftServerImpl.java:requestVote(1333)) - s2@group-C1EBCFF19CDA replies to PRE_VOTE vote request: s0<-s2#0:FAIL-t1. Peer's state: s2@group-C1EBCFF19CDA:t1, leader=s2, voted=s2, raftlog=Memoized:s2@group-C1EBCFF19CDA-SegmentedRaftLog:OPENED:c0, conf=0: peers:[s3|rpc:localhost:36161|admin:localhost:45145|client:localhost:33773|dataStream:localhost:34673|priority:0|startupRole:FOLLOWER, s4|rpc:localhost:46159|admin:localhost:33017|client:localhost:38269|dataStream:localhost:46577|priority:0|startupRole:FOLLOWER, s0|rpc:localhost:42037|admin:localhost:35933|client:localhost:37745|dataStream:localhost:46027|priority:0|startupRole:FOLLOWER, s1|rpc:localhost:42415|admin:localhost:39681|client:localhost:39407|dataStream:localhost:35133|priority:0|startupRole:FOLLOWER, s2|rpc:localhost:37505|admin:localhost:38193|client:localhost:45367|dataStream:localhost:33575|priority:0|startupRole:FOLLOWER]|listeners:[], old=null
2023-03-13 09:53:30,949 [HandlerDaemon-2] INFO  impl.VoteContext (VoteContext.java:log(49)) - s1@group-C1EBCFF19CDA-FOLLOWER: reject PRE_VOTE from s0: this server is a follower and still has a valid leader s2
2023-03-13 09:53:30,949 [HandlerDaemon-2] INFO  server.RaftServer$Division (RaftServerImpl.java:requestVote(1333)) - s1@group-C1EBCFF19CDA replies to PRE_VOTE vote request: s0<-s1#0:FAIL-t1. Peer's state: s1@group-C1EBCFF19CDA:t1, leader=s2, voted=s2, raftlog=Memoized:s1@group-C1EBCFF19CDA-SegmentedRaftLog:OPENED:c0, conf=0: peers:[s3|rpc:localhost:36161|admin:localhost:45145|client:localhost:33773|dataStream:localhost:34673|priority:0|startupRole:FOLLOWER, s4|rpc:localhost:46159|admin:localhost:33017|client:localhost:38269|dataStream:localhost:46577|priority:0|startupRole:FOLLOWER, s0|rpc:localhost:42037|admin:localhost:35933|client:localhost:37745|dataStream:localhost:46027|priority:0|startupRole:FOLLOWER, s1|rpc:localhost:42415|admin:localhost:39681|client:localhost:39407|dataStream:localhost:35133|priority:0|startupRole:FOLLOWER, s2|rpc:localhost:37505|admin:localhost:38193|client:localhost:45367|dataStream:localhost:33575|priority:0|startupRole:FOLLOWER]|listeners:[], old=null
2023-03-13 09:53:30,949 [s0@group-C1EBCFF19CDA-LeaderElection16] INFO  impl.LeaderElection (LeaderElection.java:logAndReturn(89)) - s0@group-C1EBCFF19CDA-LeaderElection16: PRE_VOTE REJECTED received 3 response(s) and 0 exception(s):
2023-03-13 09:53:30,950 [s0@group-C1EBCFF19CDA-LeaderElection16] INFO  impl.LeaderElection (LeaderElection.java:logAndReturn(93)) -   Response 0: s0<-s3#0:FAIL-t1
2023-03-13 09:53:30,950 [s0@group-C1EBCFF19CDA-LeaderElection16] INFO  impl.LeaderElection (LeaderElection.java:logAndReturn(93)) -   Response 1: s0<-s4#0:FAIL-t1
2023-03-13 09:53:30,950 [s0@group-C1EBCFF19CDA-LeaderElection16] INFO  impl.LeaderElection (LeaderElection.java:logAndReturn(93)) -   Response 2: s0<-s2#0:FAIL-t1
2023-03-13 09:53:30,950 [s0@group-C1EBCFF19CDA-LeaderElection16] INFO  impl.LeaderElection (LeaderElection.java:askForVotes(312)) - s0@group-C1EBCFF19CDA-LeaderElection16 PRE_VOTE round 0: result REJECTED
2023-03-13 09:53:30,950 [s0@group-C1EBCFF19CDA-LeaderElection16] INFO  server.RaftServer$Division (RaftServerImpl.java:setRole(329)) - s0@group-C1EBCFF19CDA: changes role from CANDIDATE to FOLLOWER at term 1 for REJECTED
2023-03-13 09:53:30,950 [s0@group-C1EBCFF19CDA-LeaderElection16] INFO  impl.RoleInfo (RoleInfo.java:shutdownLeaderElection(130)) - s0: shutdown s0@group-C1EBCFF19CDA-LeaderElection16
2023-03-13 09:53:30,950 [s0@group-C1EBCFF19CDA-LeaderElection16] INFO  impl.RoleInfo (RoleInfo.java:updateAndGet(139)) - s0: start s0@group-C1EBCFF19CDA-FollowerState
2023-03-13 09:53:31,046 [HandlerDaemon-1] INFO  server.RaftServer$Division (ServerState.java:setLeader(260)) - s0@group-C1EBCFF19CDA: change Leader from null to s2 at term 1 for appendEntries, leader elected after 250ms
2023-03-13 09:53:31,289 [Time-limited test] INFO  simulation.TestLeaderElectionWithSimulatedRpc (LeaderElectionTests.java:enforceLeader(318)) - try enforcing leader to s0 but new leader is s2
2023-03-13 09:53:31,290 [Time-limited test] INFO  server.RaftServerConfigKeys (ConfUtils.java:logGet(46)) - raft.server.rpc.timeout.max = 300ms (default)
2023-03-13 09:53:31,740 [Time-limited test] INFO  server.RaftServerConfigKeys (ConfUtils.java:logGet(46)) - raft.server.rpc.timeout.max = 300ms (default)
2023-03-13 09:53:31,742 [s0@group-C1EBCFF19CDA-FollowerState] INFO  impl.FollowerState (FollowerState.java:run(143)) - s0@group-C1EBCFF19CDA-FollowerState: change to CANDIDATE, lastRpcElapsedTime:468396130ns, electionTimeout:236ms
2023-03-13 09:53:31,742 [s0@group-C1EBCFF19CDA-FollowerState] INFO  impl.RoleInfo (RoleInfo.java:shutdownFollowerState(110)) - s0: shutdown s0@group-C1EBCFF19CDA-FollowerState
2023-03-13 09:53:31,742 [s0@group-C1EBCFF19CDA-FollowerState] INFO  server.RaftServer$Division (RaftServerImpl.java:setRole(329)) - s0@group-C1EBCFF19CDA: changes role from  FOLLOWER to CANDIDATE at term 1 for changeToCandidate
2023-03-13 09:53:31,742 [s0@group-C1EBCFF19CDA-FollowerState] INFO  server.RaftServerConfigKeys (ConfUtils.java:logGet(46)) - raft.server.leaderelection.pre-vote = true (default)
2023-03-13 09:53:31,742 [s0@group-C1EBCFF19CDA-FollowerState] INFO  impl.RoleInfo (RoleInfo.java:updateAndGet(139)) - s0: start s0@group-C1EBCFF19CDA-LeaderElection17
2023-03-13 09:53:31,743 [s0@group-C1EBCFF19CDA-LeaderElection17] INFO  server.RaftServer$Division (ServerState.java:setLeader(260)) - s0@group-C1EBCFF19CDA: change Leader from s2 to null at term 1 for PRE_VOTE
2023-03-13 09:53:31,743 [s0@group-C1EBCFF19CDA-LeaderElection17] INFO  impl.LeaderElection (LeaderElection.java:askForVotes(310)) - s0@group-C1EBCFF19CDA-LeaderElection17 PRE_VOTE round 0: submit vote requests at term 1 for 0: peers:[s3|rpc:localhost:36161|admin:localhost:45145|client:localhost:33773|dataStream:localhost:34673|priority:0|startupRole:FOLLOWER, s4|rpc:localhost:46159|admin:localhost:33017|client:localhost:38269|dataStream:localhost:46577|priority:0|startupRole:FOLLOWER, s0|rpc:localhost:42037|admin:localhost:35933|client:localhost:37745|dataStream:localhost:46027|priority:0|startupRole:FOLLOWER, s1|rpc:localhost:42415|admin:localhost:39681|client:localhost:39407|dataStream:localhost:35133|priority:0|startupRole:FOLLOWER, s2|rpc:localhost:37505|admin:localhost:38193|client:localhost:45367|dataStream:localhost:33575|priority:0|startupRole:FOLLOWER]|listeners:[], old=null
2023-03-13 09:53:31,744 [HandlerDaemon-0] INFO  server.RaftServer$Division (RaftServerImpl.java:requestVote(1300)) - s3@group-C1EBCFF19CDA: receive requestVote(PRE_VOTE, s0, group-C1EBCFF19CDA, 1, (t:1, i:0))
2023-03-13 09:53:31,744 [HandlerDaemon-0] INFO  impl.VoteContext (VoteContext.java:log(49)) - s3@group-C1EBCFF19CDA-FOLLOWER: reject PRE_VOTE from s0: this server is a follower and still has a valid leader s2
2023-03-13 09:53:31,744 [HandlerDaemon-0] INFO  server.RaftServer$Division (RaftServerImpl.java:requestVote(1333)) - s3@group-C1EBCFF19CDA replies to PRE_VOTE vote request: s0<-s3#0:FAIL-t1. Peer's state: s3@group-C1EBCFF19CDA:t1, leader=s2, voted=s2, raftlog=Memoized:s3@group-C1EBCFF19CDA-SegmentedRaftLog:OPENED:c0, conf=0: peers:[s3|rpc:localhost:36161|admin:localhost:45145|client:localhost:33773|dataStream:localhost:34673|priority:0|startupRole:FOLLOWER, s4|rpc:localhost:46159|admin:localhost:33017|client:localhost:38269|dataStream:localhost:46577|priority:0|startupRole:FOLLOWER, s0|rpc:localhost:42037|admin:localhost:35933|client:localhost:37745|dataStream:localhost:46027|priority:0|startupRole:FOLLOWER, s1|rpc:localhost:42415|admin:localhost:39681|client:localhost:39407|dataStream:localhost:35133|priority:0|startupRole:FOLLOWER, s2|rpc:localhost:37505|admin:localhost:38193|client:localhost:45367|dataStream:localhost:33575|priority:0|startupRole:FOLLOWER]|listeners:[], old=null
2023-03-13 09:53:31,744 [HandlerDaemon-0] INFO  server.RaftServer$Division (RaftServerImpl.java:requestVote(1300)) - s4@group-C1EBCFF19CDA: receive requestVote(PRE_VOTE, s0, group-C1EBCFF19CDA, 1, (t:1, i:0))
2023-03-13 09:53:31,745 [HandlerDaemon-0] INFO  impl.VoteContext (VoteContext.java:log(49)) - s4@group-C1EBCFF19CDA-FOLLOWER: reject PRE_VOTE from s0: this server is a follower and still has a valid leader s2
2023-03-13 09:53:31,745 [HandlerDaemon-0] INFO  server.RaftServer$Division (RaftServerImpl.java:requestVote(1333)) - s4@group-C1EBCFF19CDA replies to PRE_VOTE vote request: s0<-s4#0:FAIL-t1. Peer's state: s4@group-C1EBCFF19CDA:t1, leader=s2, voted=s2, raftlog=Memoized:s4@group-C1EBCFF19CDA-SegmentedRaftLog:OPENED:c0, conf=0: peers:[s3|rpc:localhost:36161|admin:localhost:45145|client:localhost:33773|dataStream:localhost:34673|priority:0|startupRole:FOLLOWER, s4|rpc:localhost:46159|admin:localhost:33017|client:localhost:38269|dataStream:localhost:46577|priority:0|startupRole:FOLLOWER, s0|rpc:localhost:42037|admin:localhost:35933|client:localhost:37745|dataStream:localhost:46027|priority:0|startupRole:FOLLOWER, s1|rpc:localhost:42415|admin:localhost:39681|client:localhost:39407|dataStream:localhost:35133|priority:0|startupRole:FOLLOWER, s2|rpc:localhost:37505|admin:localhost:38193|client:localhost:45367|dataStream:localhost:33575|priority:0|startupRole:FOLLOWER]|listeners:[], old=null
2023-03-13 09:53:31,745 [HandlerDaemon-0] INFO  server.RaftServer$Division (RaftServerImpl.java:requestVote(1300)) - s1@group-C1EBCFF19CDA: receive requestVote(PRE_VOTE, s0, group-C1EBCFF19CDA, 1, (t:1, i:0))
2023-03-13 09:53:31,745 [HandlerDaemon-0] INFO  impl.VoteContext (VoteContext.java:log(49)) - s1@group-C1EBCFF19CDA-FOLLOWER: reject PRE_VOTE from s0: this server is a follower and still has a valid leader s2
2023-03-13 09:53:31,745 [HandlerDaemon-0] INFO  server.RaftServer$Division (RaftServerImpl.java:requestVote(1333)) - s1@group-C1EBCFF19CDA replies to PRE_VOTE vote request: s0<-s1#0:FAIL-t1. Peer's state: s1@group-C1EBCFF19CDA:t1, leader=s2, voted=s2, raftlog=Memoized:s1@group-C1EBCFF19CDA-SegmentedRaftLog:OPENED:c0, conf=0: peers:[s3|rpc:localhost:36161|admin:localhost:45145|client:localhost:33773|dataStream:localhost:34673|priority:0|startupRole:FOLLOWER, s4|rpc:localhost:46159|admin:localhost:33017|client:localhost:38269|dataStream:localhost:46577|priority:0|startupRole:FOLLOWER, s0|rpc:localhost:42037|admin:localhost:35933|client:localhost:37745|dataStream:localhost:46027|priority:0|startupRole:FOLLOWER, s1|rpc:localhost:42415|admin:localhost:39681|client:localhost:39407|dataStream:localhost:35133|priority:0|startupRole:FOLLOWER, s2|rpc:localhost:37505|admin:localhost:38193|client:localhost:45367|dataStream:localhost:33575|priority:0|startupRole:FOLLOWER]|listeners:[], old=null
2023-03-13 09:53:31,745 [s0@group-C1EBCFF19CDA-LeaderElection17] INFO  impl.LeaderElection (LeaderElection.java:logAndReturn(89)) - s0@group-C1EBCFF19CDA-LeaderElection17: PRE_VOTE REJECTED received 3 response(s) and 0 exception(s):
2023-03-13 09:53:31,745 [HandlerDaemon-2] INFO  server.RaftServer$Division (RaftServerImpl.java:requestVote(1300)) - s2@group-C1EBCFF19CDA: receive requestVote(PRE_VOTE, s0, group-C1EBCFF19CDA, 1, (t:1, i:0))
2023-03-13 09:53:31,745 [s0@group-C1EBCFF19CDA-LeaderElection17] INFO  impl.LeaderElection (LeaderElection.java:logAndReturn(93)) -   Response 0: s0<-s3#0:FAIL-t1
2023-03-13 09:53:31,745 [HandlerDaemon-2] INFO  impl.VoteContext (VoteContext.java:log(49)) - s2@group-C1EBCFF19CDA-LEADER: reject PRE_VOTE from s0: this server is the leader and still has leadership
2023-03-13 09:53:31,745 [HandlerDaemon-2] INFO  server.RaftServer$Division (RaftServerImpl.java:requestVote(1333)) - s2@group-C1EBCFF19CDA replies to PRE_VOTE vote request: s0<-s2#0:FAIL-t1. Peer's state: s2@group-C1EBCFF19CDA:t1, leader=s2, voted=s2, raftlog=Memoized:s2@group-C1EBCFF19CDA-SegmentedRaftLog:OPENED:c0, conf=0: peers:[s3|rpc:localhost:36161|admin:localhost:45145|client:localhost:33773|dataStream:localhost:34673|priority:0|startupRole:FOLLOWER, s4|rpc:localhost:46159|admin:localhost:33017|client:localhost:38269|dataStream:localhost:46577|priority:0|startupRole:FOLLOWER, s0|rpc:localhost:42037|admin:localhost:35933|client:localhost:37745|dataStream:localhost:46027|priority:0|startupRole:FOLLOWER, s1|rpc:localhost:42415|admin:localhost:39681|client:localhost:39407|dataStream:localhost:35133|priority:0|startupRole:FOLLOWER, s2|rpc:localhost:37505|admin:localhost:38193|client:localhost:45367|dataStream:localhost:33575|priority:0|startupRole:FOLLOWER]|listeners:[], old=null
2023-03-13 09:53:31,745 [s0@group-C1EBCFF19CDA-LeaderElection17] INFO  impl.LeaderElection (LeaderElection.java:logAndReturn(93)) -   Response 1: s0<-s4#0:FAIL-t1
2023-03-13 09:53:31,745 [s0@group-C1EBCFF19CDA-LeaderElection17] INFO  impl.LeaderElection (LeaderElection.java:logAndReturn(93)) -   Response 2: s0<-s1#0:FAIL-t1
2023-03-13 09:53:31,745 [s0@group-C1EBCFF19CDA-LeaderElection17] INFO  impl.LeaderElection (LeaderElection.java:askForVotes(312)) - s0@group-C1EBCFF19CDA-LeaderElection17 PRE_VOTE round 0: result REJECTED
2023-03-13 09:53:31,745 [s0@group-C1EBCFF19CDA-LeaderElection17] INFO  server.RaftServer$Division (RaftServerImpl.java:setRole(329)) - s0@group-C1EBCFF19CDA: changes role from CANDIDATE to FOLLOWER at term 1 for REJECTED
2023-03-13 09:53:31,746 [s0@group-C1EBCFF19CDA-LeaderElection17] INFO  impl.RoleInfo (RoleInfo.java:shutdownLeaderElection(130)) - s0: shutdown s0@group-C1EBCFF19CDA-LeaderElection17
2023-03-13 09:53:31,746 [s0@group-C1EBCFF19CDA-LeaderElection17] INFO  impl.RoleInfo (RoleInfo.java:updateAndGet(139)) - s0: start s0@group-C1EBCFF19CDA-FollowerState
2023-03-13 09:53:31,950 [HandlerDaemon-2] INFO  server.RaftServer$Division (ServerState.java:setLeader(260)) - s0@group-C1EBCFF19CDA: change Leader from null to s2 at term 1 for appendEntries, leader elected after 206ms
2023-03-13 09:53:32,190 [Time-limited test] INFO  simulation.TestLeaderElectionWithSimulatedRpc (LeaderElectionTests.java:enforceLeader(318)) - try enforcing leader to s0 but new leader is s2
2023-03-13 09:53:32,191 [Time-limited test] INFO  server.RaftServerConfigKeys (ConfUtils.java:logGet(46)) - raft.server.rpc.timeout.max = 300ms (default)
2023-03-13 09:53:32,325 [s1@group-C1EBCFF19CDA-FollowerState] INFO  impl.FollowerState (FollowerState.java:run(143)) - s1@group-C1EBCFF19CDA-FollowerState: change to CANDIDATE, lastRpcElapsedTime:200402753ns, electionTimeout:200ms
2023-03-13 09:53:32,325 [s1@group-C1EBCFF19CDA-FollowerState] INFO  impl.RoleInfo (RoleInfo.java:shutdownFollowerState(110)) - s1: shutdown s1@group-C1EBCFF19CDA-FollowerState
2023-03-13 09:53:32,325 [s1@group-C1EBCFF19CDA-FollowerState] INFO  server.RaftServer$Division (RaftServerImpl.java:setRole(329)) - s1@group-C1EBCFF19CDA: changes role from  FOLLOWER to CANDIDATE at term 1 for changeToCandidate
2023-03-13 09:53:32,325 [s1@group-C1EBCFF19CDA-FollowerState] INFO  server.RaftServerConfigKeys (ConfUtils.java:logGet(46)) - raft.server.leaderelection.pre-vote = true (default)
2023-03-13 09:53:32,325 [s1@group-C1EBCFF19CDA-FollowerState] INFO  impl.RoleInfo (RoleInfo.java:updateAndGet(139)) - s1: start s1@group-C1EBCFF19CDA-LeaderElection18
2023-03-13 09:53:32,325 [s1@group-C1EBCFF19CDA-LeaderElection18] INFO  server.RaftServer$Division (ServerState.java:setLeader(260)) - s1@group-C1EBCFF19CDA: change Leader from s2 to null at term 1 for PRE_VOTE
2023-03-13 09:53:32,325 [s1@group-C1EBCFF19CDA-LeaderElection18] INFO  impl.LeaderElection (LeaderElection.java:askForVotes(310)) - s1@group-C1EBCFF19CDA-LeaderElection18 PRE_VOTE round 0: submit vote requests at term 1 for 0: peers:[s3|rpc:localhost:36161|admin:localhost:45145|client:localhost:33773|dataStream:localhost:34673|priority:0|startupRole:FOLLOWER, s4|rpc:localhost:46159|admin:localhost:33017|client:localhost:38269|dataStream:localhost:46577|priority:0|startupRole:FOLLOWER, s0|rpc:localhost:42037|admin:localhost:35933|client:localhost:37745|dataStream:localhost:46027|priority:0|startupRole:FOLLOWER, s1|rpc:localhost:42415|admin:localhost:39681|client:localhost:39407|dataStream:localhost:35133|priority:0|startupRole:FOLLOWER, s2|rpc:localhost:37505|admin:localhost:38193|client:localhost:45367|dataStream:localhost:33575|priority:0|startupRole:FOLLOWER]|listeners:[], old=null
2023-03-13 09:53:32,350 [HandlerDaemon-1] INFO  server.RaftServer$Division (RaftServerImpl.java:setRole(329)) - s1@group-C1EBCFF19CDA: changes role from CANDIDATE to FOLLOWER at term 1 for appendEntries
2023-03-13 09:53:32,350 [HandlerDaemon-1] INFO  impl.RoleInfo (RoleInfo.java:shutdownLeaderElection(130)) - s1: shutdown s1@group-C1EBCFF19CDA-LeaderElection18
2023-03-13 09:53:32,350 [HandlerDaemon-1] INFO  impl.RoleInfo (RoleInfo.java:updateAndGet(139)) - s1: start s1@group-C1EBCFF19CDA-FollowerState
2023-03-13 09:53:32,350 [HandlerDaemon-1] INFO  server.RaftServer$Division (ServerState.java:setLeader(260)) - s1@group-C1EBCFF19CDA: change Leader from null to s2 at term 1 for appendEntries, leader elected after 24ms
2023-03-13 09:53:32,476 [HandlerDaemon-2] INFO  server.RaftServer$Division (RaftServerImpl.java:requestVote(1300)) - s3@group-C1EBCFF19CDA: receive requestVote(PRE_VOTE, s1, group-C1EBCFF19CDA, 1, (t:1, i:0))
2023-03-13 09:53:32,476 [HandlerDaemon-2] INFO  impl.VoteContext (VoteContext.java:log(49)) - s3@group-C1EBCFF19CDA-FOLLOWER: reject PRE_VOTE from s1: this server is a follower and still has a valid leader s2
2023-03-13 09:53:32,476 [HandlerDaemon-0] INFO  server.RaftServer$Division (RaftServerImpl.java:requestVote(1300)) - s2@group-C1EBCFF19CDA: receive requestVote(PRE_VOTE, s1, group-C1EBCFF19CDA, 1, (t:1, i:0))
2023-03-13 09:53:32,476 [HandlerDaemon-2] INFO  server.RaftServer$Division (RaftServerImpl.java:requestVote(1300)) - s4@group-C1EBCFF19CDA: receive requestVote(PRE_VOTE, s1, group-C1EBCFF19CDA, 1, (t:1, i:0))
2023-03-13 09:53:32,476 [HandlerDaemon-2] INFO  impl.VoteContext (VoteContext.java:log(49)) - s4@group-C1EBCFF19CDA-FOLLOWER: reject PRE_VOTE from s1: this server is a follower and still has a valid leader s2
2023-03-13 09:53:32,476 [HandlerDaemon-2] INFO  server.RaftServer$Division (RaftServerImpl.java:requestVote(1333)) - s4@group-C1EBCFF19CDA replies to PRE_VOTE vote request: s1<-s4#0:FAIL-t1. Peer's state: s4@group-C1EBCFF19CDA:t1, leader=s2, voted=s2, raftlog=Memoized:s4@group-C1EBCFF19CDA-SegmentedRaftLog:OPENED:c0, conf=0: peers:[s3|rpc:localhost:36161|admin:localhost:45145|client:localhost:33773|dataStream:localhost:34673|priority:0|startupRole:FOLLOWER, s4|rpc:localhost:46159|admin:localhost:33017|client:localhost:38269|dataStream:localhost:46577|priority:0|startupRole:FOLLOWER, s0|rpc:localhost:42037|admin:localhost:35933|client:localhost:37745|dataStream:localhost:46027|priority:0|startupRole:FOLLOWER, s1|rpc:localhost:42415|admin:localhost:39681|client:localhost:39407|dataStream:localhost:35133|priority:0|startupRole:FOLLOWER, s2|rpc:localhost:37505|admin:localhost:38193|client:localhost:45367|dataStream:localhost:33575|priority:0|startupRole:FOLLOWER]|listeners:[], old=null
2023-03-13 09:53:32,476 [HandlerDaemon-2] INFO  server.RaftServer$Division (RaftServerImpl.java:requestVote(1333)) - s3@group-C1EBCFF19CDA replies to PRE_VOTE vote request: s1<-s3#0:FAIL-t1. Peer's state: s3@group-C1EBCFF19CDA:t1, leader=s2, voted=s2, raftlog=Memoized:s3@group-C1EBCFF19CDA-SegmentedRaftLog:OPENED:c0, conf=0: peers:[s3|rpc:localhost:36161|admin:localhost:45145|client:localhost:33773|dataStream:localhost:34673|priority:0|startupRole:FOLLOWER, s4|rpc:localhost:46159|admin:localhost:33017|client:localhost:38269|dataStream:localhost:46577|priority:0|startupRole:FOLLOWER, s0|rpc:localhost:42037|admin:localhost:35933|client:localhost:37745|dataStream:localhost:46027|priority:0|startupRole:FOLLOWER, s1|rpc:localhost:42415|admin:localhost:39681|client:localhost:39407|dataStream:localhost:35133|priority:0|startupRole:FOLLOWER, s2|rpc:localhost:37505|admin:localhost:38193|client:localhost:45367|dataStream:localhost:33575|priority:0|startupRole:FOLLOWER]|listeners:[], old=null
2023-03-13 09:53:32,477 [s1@group-C1EBCFF19CDA-LeaderElection18] INFO  impl.LeaderElection (LeaderElection.java:logAndReturn(89)) - s1@group-C1EBCFF19CDA-LeaderElection18: PRE_VOTE REJECTED received 1 response(s) and 0 exception(s):
2023-03-13 09:53:32,477 [s1@group-C1EBCFF19CDA-LeaderElection18] INFO  impl.LeaderElection (LeaderElection.java:logAndReturn(93)) -   Response 0: s1<-s3#0:FAIL-t1
2023-03-13 09:53:32,477 [s1@group-C1EBCFF19CDA-LeaderElection18] INFO  impl.LeaderElection (LeaderElection.java:askForVotes(312)) - s1@group-C1EBCFF19CDA-LeaderElection18 PRE_VOTE round 0: result REJECTED
2023-03-13 09:53:32,476 [HandlerDaemon-0] INFO  impl.VoteContext (VoteContext.java:log(49)) - s2@group-C1EBCFF19CDA-LEADER: reject PRE_VOTE from s1: this server is the leader and still has leadership
2023-03-13 09:53:32,477 [HandlerDaemon-0] INFO  server.RaftServer$Division (RaftServerImpl.java:requestVote(1333)) - s2@group-C1EBCFF19CDA replies to PRE_VOTE vote request: s1<-s2#0:FAIL-t1. Peer's state: s2@group-C1EBCFF19CDA:t1, leader=s2, voted=s2, raftlog=Memoized:s2@group-C1EBCFF19CDA-SegmentedRaftLog:OPENED:c0, conf=0: peers:[s3|rpc:localhost:36161|admin:localhost:45145|client:localhost:33773|dataStream:localhost:34673|priority:0|startupRole:FOLLOWER, s4|rpc:localhost:46159|admin:localhost:33017|client:localhost:38269|dataStream:localhost:46577|priority:0|startupRole:FOLLOWER, s0|rpc:localhost:42037|admin:localhost:35933|client:localhost:37745|dataStream:localhost:46027|priority:0|startupRole:FOLLOWER, s1|rpc:localhost:42415|admin:localhost:39681|client:localhost:39407|dataStream:localhost:35133|priority:0|startupRole:FOLLOWER, s2|rpc:localhost:37505|admin:localhost:38193|client:localhost:45367|dataStream:localhost:33575|priority:0|startupRole:FOLLOWER]|listeners:[], old=null
2023-03-13 09:53:32,518 [s1@group-C1EBCFF19CDA-FollowerState] INFO  impl.FollowerState (FollowerState.java:run(143)) - s1@group-C1EBCFF19CDA-FollowerState: change to CANDIDATE, lastRpcElapsedTime:168121354ns, electionTimeout:168ms
2023-03-13 09:53:32,519 [s1@group-C1EBCFF19CDA-FollowerState] INFO  impl.RoleInfo (RoleInfo.java:shutdownFollowerState(110)) - s1: shutdown s1@group-C1EBCFF19CDA-FollowerState
2023-03-13 09:53:32,519 [s1@group-C1EBCFF19CDA-FollowerState] INFO  server.RaftServer$Division (RaftServerImpl.java:setRole(329)) - s1@group-C1EBCFF19CDA: changes role from  FOLLOWER to CANDIDATE at term 1 for changeToCandidate
2023-03-13 09:53:32,519 [s1@group-C1EBCFF19CDA-FollowerState] INFO  server.RaftServerConfigKeys (ConfUtils.java:logGet(46)) - raft.server.leaderelection.pre-vote = true (default)
2023-03-13 09:53:32,519 [s1@group-C1EBCFF19CDA-FollowerState] INFO  impl.RoleInfo (RoleInfo.java:updateAndGet(139)) - s1: start s1@group-C1EBCFF19CDA-LeaderElection19
2023-03-13 09:53:32,519 [s1@group-C1EBCFF19CDA-LeaderElection19] INFO  server.RaftServer$Division (ServerState.java:setLeader(260)) - s1@group-C1EBCFF19CDA: change Leader from s2 to null at term 1 for PRE_VOTE
2023-03-13 09:53:32,519 [s1@group-C1EBCFF19CDA-LeaderElection19] INFO  impl.LeaderElection (LeaderElection.java:askForVotes(310)) - s1@group-C1EBCFF19CDA-LeaderElection19 PRE_VOTE round 0: submit vote requests at term 1 for 0: peers:[s3|rpc:localhost:36161|admin:localhost:45145|client:localhost:33773|dataStream:localhost:34673|priority:0|startupRole:FOLLOWER, s4|rpc:localhost:46159|admin:localhost:33017|client:localhost:38269|dataStream:localhost:46577|priority:0|startupRole:FOLLOWER, s0|rpc:localhost:42037|admin:localhost:35933|client:localhost:37745|dataStream:localhost:46027|priority:0|startupRole:FOLLOWER, s1|rpc:localhost:42415|admin:localhost:39681|client:localhost:39407|dataStream:localhost:35133|priority:0|startupRole:FOLLOWER, s2|rpc:localhost:37505|admin:localhost:38193|client:localhost:45367|dataStream:localhost:33575|priority:0|startupRole:FOLLOWER]|listeners:[], old=null
2023-03-13 09:53:32,576 [HandlerDaemon-2] INFO  server.RaftServer$Division (RaftServerImpl.java:setRole(329)) - s1@group-C1EBCFF19CDA: changes role from CANDIDATE to FOLLOWER at term 1 for appendEntries
2023-03-13 09:53:32,576 [HandlerDaemon-2] INFO  impl.RoleInfo (RoleInfo.java:shutdownLeaderElection(130)) - s1: shutdown s1@group-C1EBCFF19CDA-LeaderElection19
2023-03-13 09:53:32,576 [HandlerDaemon-2] INFO  impl.RoleInfo (RoleInfo.java:updateAndGet(139)) - s1: start s1@group-C1EBCFF19CDA-FollowerState
2023-03-13 09:53:32,576 [HandlerDaemon-2] INFO  server.RaftServer$Division (ServerState.java:setLeader(260)) - s1@group-C1EBCFF19CDA: change Leader from null to s2 at term 1 for appendEntries, leader elected after 57ms
2023-03-13 09:53:32,634 [s0@group-C1EBCFF19CDA-FollowerState] INFO  impl.FollowerState (FollowerState.java:run(143)) - s0@group-C1EBCFF19CDA-FollowerState: change to CANDIDATE, lastRpcElapsedTime:455795514ns, electionTimeout:226ms
2023-03-13 09:53:32,634 [s0@group-C1EBCFF19CDA-FollowerState] INFO  impl.RoleInfo (RoleInfo.java:shutdownFollowerState(110)) - s0: shutdown s0@group-C1EBCFF19CDA-FollowerState
2023-03-13 09:53:32,634 [s0@group-C1EBCFF19CDA-FollowerState] INFO  server.RaftServer$Division (RaftServerImpl.java:setRole(329)) - s0@group-C1EBCFF19CDA: changes role from  FOLLOWER to CANDIDATE at term 1 for changeToCandidate
2023-03-13 09:53:32,634 [s0@group-C1EBCFF19CDA-FollowerState] INFO  server.RaftServerConfigKeys (ConfUtils.java:logGet(46)) - raft.server.leaderelection.pre-vote = true (default)
2023-03-13 09:53:32,634 [s0@group-C1EBCFF19CDA-FollowerState] INFO  impl.RoleInfo (RoleInfo.java:updateAndGet(139)) - s0: start s0@group-C1EBCFF19CDA-LeaderElection20
2023-03-13 09:53:32,634 [s0@group-C1EBCFF19CDA-LeaderElection20] INFO  server.RaftServer$Division (ServerState.java:setLeader(260)) - s0@group-C1EBCFF19CDA: change Leader from s2 to null at term 1 for PRE_VOTE
2023-03-13 09:53:32,634 [s0@group-C1EBCFF19CDA-LeaderElection20] INFO  impl.LeaderElection (LeaderElection.java:askForVotes(310)) - s0@group-C1EBCFF19CDA-LeaderElection20 PRE_VOTE round 0: submit vote requests at term 1 for 0: peers:[s3|rpc:localhost:36161|admin:localhost:45145|client:localhost:33773|dataStream:localhost:34673|priority:0|startupRole:FOLLOWER, s4|rpc:localhost:46159|admin:localhost:33017|client:localhost:38269|dataStream:localhost:46577|priority:0|startupRole:FOLLOWER, s0|rpc:localhost:42037|admin:localhost:35933|client:localhost:37745|dataStream:localhost:46027|priority:0|startupRole:FOLLOWER, s1|rpc:localhost:42415|admin:localhost:39681|client:localhost:39407|dataStream:localhost:35133|priority:0|startupRole:FOLLOWER, s2|rpc:localhost:37505|admin:localhost:38193|client:localhost:45367|dataStream:localhost:33575|priority:0|startupRole:FOLLOWER]|listeners:[], old=null
2023-03-13 09:53:32,641 [Time-limited test] INFO  server.RaftServerConfigKeys (ConfUtils.java:logGet(46)) - raft.server.rpc.timeout.max = 300ms (default)
2023-03-13 09:53:32,670 [HandlerDaemon-0] INFO  server.RaftServer$Division (RaftServerImpl.java:requestVote(1300)) - s3@group-C1EBCFF19CDA: receive requestVote(PRE_VOTE, s1, group-C1EBCFF19CDA, 1, (t:1, i:0))
2023-03-13 09:53:32,670 [HandlerDaemon-0] INFO  impl.VoteContext (VoteContext.java:log(49)) - s3@group-C1EBCFF19CDA-FOLLOWER: reject PRE_VOTE from s1: this server is a follower and still has a valid leader s2
2023-03-13 09:53:32,670 [HandlerDaemon-0] INFO  server.RaftServer$Division (RaftServerImpl.java:requestVote(1333)) - s3@group-C1EBCFF19CDA replies to PRE_VOTE vote request: s1<-s3#0:FAIL-t1. Peer's state: s3@group-C1EBCFF19CDA:t1, leader=s2, voted=s2, raftlog=Memoized:s3@group-C1EBCFF19CDA-SegmentedRaftLog:OPENED:c0, conf=0: peers:[s3|rpc:localhost:36161|admin:localhost:45145|client:localhost:33773|dataStream:localhost:34673|priority:0|startupRole:FOLLOWER, s4|rpc:localhost:46159|admin:localhost:33017|client:localhost:38269|dataStream:localhost:46577|priority:0|startupRole:FOLLOWER, s0|rpc:localhost:42037|admin:localhost:35933|client:localhost:37745|dataStream:localhost:46027|priority:0|startupRole:FOLLOWER, s1|rpc:localhost:42415|admin:localhost:39681|client:localhost:39407|dataStream:localhost:35133|priority:0|startupRole:FOLLOWER, s2|rpc:localhost:37505|admin:localhost:38193|client:localhost:45367|dataStream:localhost:33575|priority:0|startupRole:FOLLOWER]|listeners:[], old=null
2023-03-13 09:53:32,670 [HandlerDaemon-1] INFO  server.RaftServer$Division (RaftServerImpl.java:requestVote(1300)) - s4@group-C1EBCFF19CDA: receive requestVote(PRE_VOTE, s1, group-C1EBCFF19CDA, 1, (t:1, i:0))
2023-03-13 09:53:32,670 [HandlerDaemon-1] INFO  impl.VoteContext (VoteContext.java:log(49)) - s4@group-C1EBCFF19CDA-FOLLOWER: reject PRE_VOTE from s1: this server is a follower and still has a valid leader s2
2023-03-13 09:53:32,670 [s1@group-C1EBCFF19CDA-LeaderElection19] INFO  impl.LeaderElection (LeaderElection.java:logAndReturn(89)) - s1@group-C1EBCFF19CDA-LeaderElection19: PRE_VOTE REJECTED received 1 response(s) and 0 exception(s):
2023-03-13 09:53:32,670 [s1@group-C1EBCFF19CDA-LeaderElection19] INFO  impl.LeaderElection (LeaderElection.java:logAndReturn(93)) -   Response 0: s1<-s3#0:FAIL-t1
2023-03-13 09:53:32,670 [HandlerDaemon-1] INFO  server.RaftServer$Division (RaftServerImpl.java:requestVote(1333)) - s4@group-C1EBCFF19CDA replies to PRE_VOTE vote request: s1<-s4#0:FAIL-t1. Peer's state: s4@group-C1EBCFF19CDA:t1, leader=s2, voted=s2, raftlog=Memoized:s4@group-C1EBCFF19CDA-SegmentedRaftLog:OPENED:c0, conf=0: peers:[s3|rpc:localhost:36161|admin:localhost:45145|client:localhost:33773|dataStream:localhost:34673|priority:0|startupRole:FOLLOWER, s4|rpc:localhost:46159|admin:localhost:33017|client:localhost:38269|dataStream:localhost:46577|priority:0|startupRole:FOLLOWER, s0|rpc:localhost:42037|admin:localhost:35933|client:localhost:37745|dataStream:localhost:46027|priority:0|startupRole:FOLLOWER, s1|rpc:localhost:42415|admin:localhost:39681|client:localhost:39407|dataStream:localhost:35133|priority:0|startupRole:FOLLOWER, s2|rpc:localhost:37505|admin:localhost:38193|client:localhost:45367|dataStream:localhost:33575|priority:0|startupRole:FOLLOWER]|listeners:[], old=null
2023-03-13 09:53:32,670 [HandlerDaemon-1] INFO  server.RaftServer$Division (RaftServerImpl.java:requestVote(1300)) - s2@group-C1EBCFF19CDA: receive requestVote(PRE_VOTE, s1, group-C1EBCFF19CDA, 1, (t:1, i:0))
2023-03-13 09:53:32,670 [s1@group-C1EBCFF19CDA-LeaderElection19] INFO  impl.LeaderElection (LeaderElection.java:askForVotes(312)) - s1@group-C1EBCFF19CDA-LeaderElection19 PRE_VOTE round 0: result REJECTED
2023-03-13 09:53:32,670 [HandlerDaemon-1] INFO  impl.VoteContext (VoteContext.java:log(49)) - s2@group-C1EBCFF19CDA-LEADER: reject PRE_VOTE from s1: this server is the leader and still has leadership
2023-03-13 09:53:32,671 [HandlerDaemon-1] INFO  server.RaftServer$Division (RaftServerImpl.java:requestVote(1333)) - s2@group-C1EBCFF19CDA replies to PRE_VOTE vote request: s1<-s2#0:FAIL-t1. Peer's state: s2@group-C1EBCFF19CDA:t1, leader=s2, voted=s2, raftlog=Memoized:s2@group-C1EBCFF19CDA-SegmentedRaftLog:OPENED:c0, conf=0: peers:[s3|rpc:localhost:36161|admin:localhost:45145|client:localhost:33773|dataStream:localhost:34673|priority:0|startupRole:FOLLOWER, s4|rpc:localhost:46159|admin:localhost:33017|client:localhost:38269|dataStream:localhost:46577|priority:0|startupRole:FOLLOWER, s0|rpc:localhost:42037|admin:localhost:35933|client:localhost:37745|dataStream:localhost:46027|priority:0|startupRole:FOLLOWER, s1|rpc:localhost:42415|admin:localhost:39681|client:localhost:39407|dataStream:localhost:35133|priority:0|startupRole:FOLLOWER, s2|rpc:localhost:37505|admin:localhost:38193|client:localhost:45367|dataStream:localhost:33575|priority:0|startupRole:FOLLOWER]|listeners:[], old=null
2023-03-13 09:53:32,785 [HandlerDaemon-2] INFO  server.RaftServer$Division (RaftServerImpl.java:requestVote(1300)) - s3@group-C1EBCFF19CDA: receive requestVote(PRE_VOTE, s0, group-C1EBCFF19CDA, 1, (t:1, i:0))
2023-03-13 09:53:32,785 [HandlerDaemon-0] INFO  server.RaftServer$Division (RaftServerImpl.java:requestVote(1300)) - s1@group-C1EBCFF19CDA: receive requestVote(PRE_VOTE, s0, group-C1EBCFF19CDA, 1, (t:1, i:0))
2023-03-13 09:53:32,785 [HandlerDaemon-2] INFO  server.RaftServer$Division (RaftServerImpl.java:requestVote(1300)) - s4@group-C1EBCFF19CDA: receive requestVote(PRE_VOTE, s0, group-C1EBCFF19CDA, 1, (t:1, i:0))
2023-03-13 09:53:32,785 [HandlerDaemon-2] INFO  impl.VoteContext (VoteContext.java:log(49)) - s4@group-C1EBCFF19CDA-FOLLOWER: reject PRE_VOTE from s0: this server is a follower and still has a valid leader s2
2023-03-13 09:53:32,785 [HandlerDaemon-2] INFO  server.RaftServer$Division (RaftServerImpl.java:requestVote(1300)) - s2@group-C1EBCFF19CDA: receive requestVote(PRE_VOTE, s0, group-C1EBCFF19CDA, 1, (t:1, i:0))
2023-03-13 09:53:32,785 [HandlerDaemon-2] INFO  server.RaftServer$Division (RaftServerImpl.java:requestVote(1333)) - s4@group-C1EBCFF19CDA replies to PRE_VOTE vote request: s0<-s4#0:FAIL-t1. Peer's state: s4@group-C1EBCFF19CDA:t1, leader=s2, voted=s2, raftlog=Memoized:s4@group-C1EBCFF19CDA-SegmentedRaftLog:OPENED:c0, conf=0: peers:[s3|rpc:localhost:36161|admin:localhost:45145|client:localhost:33773|dataStream:localhost:34673|priority:0|startupRole:FOLLOWER, s4|rpc:localhost:46159|admin:localhost:33017|client:localhost:38269|dataStream:localhost:46577|priority:0|startupRole:FOLLOWER, s0|rpc:localhost:42037|admin:localhost:35933|client:localhost:37745|dataStream:localhost:46027|priority:0|startupRole:FOLLOWER, s1|rpc:localhost:42415|admin:localhost:39681|client:localhost:39407|dataStream:localhost:35133|priority:0|startupRole:FOLLOWER, s2|rpc:localhost:37505|admin:localhost:38193|client:localhost:45367|dataStream:localhost:33575|priority:0|startupRole:FOLLOWER]|listeners:[], old=null
2023-03-13 09:53:32,785 [HandlerDaemon-2] INFO  impl.VoteContext (VoteContext.java:log(49)) - s2@group-C1EBCFF19CDA-LEADER: reject PRE_VOTE from s0: this server is the leader and still has leadership
2023-03-13 09:53:32,785 [HandlerDaemon-2] INFO  server.RaftServer$Division (RaftServerImpl.java:requestVote(1333)) - s2@group-C1EBCFF19CDA replies to PRE_VOTE vote request: s0<-s2#0:FAIL-t1. Peer's state: s2@group-C1EBCFF19CDA:t1, leader=s2, voted=s2, raftlog=Memoized:s2@group-C1EBCFF19CDA-SegmentedRaftLog:OPENED:c0, conf=0: peers:[s3|rpc:localhost:36161|admin:localhost:45145|client:localhost:33773|dataStream:localhost:34673|priority:0|startupRole:FOLLOWER, s4|rpc:localhost:46159|admin:localhost:33017|client:localhost:38269|dataStream:localhost:46577|priority:0|startupRole:FOLLOWER, s0|rpc:localhost:42037|admin:localhost:35933|client:localhost:37745|dataStream:localhost:46027|priority:0|startupRole:FOLLOWER, s1|rpc:localhost:42415|admin:localhost:39681|client:localhost:39407|dataStream:localhost:35133|priority:0|startupRole:FOLLOWER, s2|rpc:localhost:37505|admin:localhost:38193|client:localhost:45367|dataStream:localhost:33575|priority:0|startupRole:FOLLOWER]|listeners:[], old=null
2023-03-13 09:53:32,785 [HandlerDaemon-2] INFO  impl.VoteContext (VoteContext.java:log(49)) - s3@group-C1EBCFF19CDA-FOLLOWER: reject PRE_VOTE from s0: this server is a follower and still has a valid leader s2
2023-03-13 09:53:32,785 [HandlerDaemon-0] INFO  impl.VoteContext (VoteContext.java:log(49)) - s1@group-C1EBCFF19CDA-FOLLOWER: reject PRE_VOTE from s0: this server is a follower and still has a valid leader s2
2023-03-13 09:53:32,786 [HandlerDaemon-2] INFO  server.RaftServer$Division (RaftServerImpl.java:requestVote(1333)) - s3@group-C1EBCFF19CDA replies to PRE_VOTE vote request: s0<-s3#0:FAIL-t1. Peer's state: s3@group-C1EBCFF19CDA:t1, leader=s2, voted=s2, raftlog=Memoized:s3@group-C1EBCFF19CDA-SegmentedRaftLog:OPENED:c0, conf=0: peers:[s3|rpc:localhost:36161|admin:localhost:45145|client:localhost:33773|dataStream:localhost:34673|priority:0|startupRole:FOLLOWER, s4|rpc:localhost:46159|admin:localhost:33017|client:localhost:38269|dataStream:localhost:46577|priority:0|startupRole:FOLLOWER, s0|rpc:localhost:42037|admin:localhost:35933|client:localhost:37745|dataStream:localhost:46027|priority:0|startupRole:FOLLOWER, s1|rpc:localhost:42415|admin:localhost:39681|client:localhost:39407|dataStream:localhost:35133|priority:0|startupRole:FOLLOWER, s2|rpc:localhost:37505|admin:localhost:38193|client:localhost:45367|dataStream:localhost:33575|priority:0|startupRole:FOLLOWER]|listeners:[], old=null
2023-03-13 09:53:32,786 [HandlerDaemon-0] INFO  server.RaftServer$Division (RaftServerImpl.java:requestVote(1333)) - s1@group-C1EBCFF19CDA replies to PRE_VOTE vote request: s0<-s1#0:FAIL-t1. Peer's state: s1@group-C1EBCFF19CDA:t1, leader=s2, voted=s2, raftlog=Memoized:s1@group-C1EBCFF19CDA-SegmentedRaftLog:OPENED:c0, conf=0: peers:[s3|rpc:localhost:36161|admin:localhost:45145|client:localhost:33773|dataStream:localhost:34673|priority:0|startupRole:FOLLOWER, s4|rpc:localhost:46159|admin:localhost:33017|client:localhost:38269|dataStream:localhost:46577|priority:0|startupRole:FOLLOWER, s0|rpc:localhost:42037|admin:localhost:35933|client:localhost:37745|dataStream:localhost:46027|priority:0|startupRole:FOLLOWER, s1|rpc:localhost:42415|admin:localhost:39681|client:localhost:39407|dataStream:localhost:35133|priority:0|startupRole:FOLLOWER, s2|rpc:localhost:37505|admin:localhost:38193|client:localhost:45367|dataStream:localhost:33575|priority:0|startupRole:FOLLOWER]|listeners:[], old=null
2023-03-13 09:53:32,786 [s0@group-C1EBCFF19CDA-LeaderElection20] INFO  impl.LeaderElection (LeaderElection.java:logAndReturn(89)) - s0@group-C1EBCFF19CDA-LeaderElection20: PRE_VOTE REJECTED received 3 response(s) and 0 exception(s):
2023-03-13 09:53:32,786 [s0@group-C1EBCFF19CDA-LeaderElection20] INFO  impl.LeaderElection (LeaderElection.java:logAndReturn(93)) -   Response 0: s0<-s3#0:FAIL-t1
2023-03-13 09:53:32,786 [s0@group-C1EBCFF19CDA-LeaderElection20] INFO  impl.LeaderElection (LeaderElection.java:logAndReturn(93)) -   Response 1: s0<-s4#0:FAIL-t1
2023-03-13 09:53:32,786 [s0@group-C1EBCFF19CDA-LeaderElection20] INFO  impl.LeaderElection (LeaderElection.java:logAndReturn(93)) -   Response 2: s0<-s2#0:FAIL-t1
2023-03-13 09:53:32,786 [s0@group-C1EBCFF19CDA-LeaderElection20] INFO  impl.LeaderElection (LeaderElection.java:askForVotes(312)) - s0@group-C1EBCFF19CDA-LeaderElection20 PRE_VOTE round 0: result REJECTED
2023-03-13 09:53:32,786 [s0@group-C1EBCFF19CDA-LeaderElection20] INFO  server.RaftServer$Division (RaftServerImpl.java:setRole(329)) - s0@group-C1EBCFF19CDA: changes role from CANDIDATE to FOLLOWER at term 1 for REJECTED
2023-03-13 09:53:32,786 [s0@group-C1EBCFF19CDA-LeaderElection20] INFO  impl.RoleInfo (RoleInfo.java:shutdownLeaderElection(130)) - s0: shutdown s0@group-C1EBCFF19CDA-LeaderElection20
2023-03-13 09:53:32,786 [s0@group-C1EBCFF19CDA-LeaderElection20] INFO  impl.RoleInfo (RoleInfo.java:updateAndGet(139)) - s0: start s0@group-C1EBCFF19CDA-FollowerState
2023-03-13 09:53:32,820 [HandlerDaemon-0] INFO  server.RaftServer$Division (RaftServerImpl.java:requestVote(1300)) - s0@group-C1EBCFF19CDA: receive requestVote(PRE_VOTE, s1, group-C1EBCFF19CDA, 1, (t:1, i:0))
2023-03-13 09:53:32,821 [HandlerDaemon-0] INFO  impl.VoteContext (VoteContext.java:log(49)) - s0@group-C1EBCFF19CDA-FOLLOWER: accept PRE_VOTE from s1: our priority 0 <= candidate's priority 0
2023-03-13 09:53:32,821 [HandlerDaemon-0] INFO  server.RaftServer$Division (RaftServerImpl.java:requestVote(1333)) - s0@group-C1EBCFF19CDA replies to PRE_VOTE vote request: s1<-s0#0:OK-t1. Peer's state: s0@group-C1EBCFF19CDA:t1, leader=null, voted=s2, raftlog=Memoized:s0@group-C1EBCFF19CDA-SegmentedRaftLog:OPENED:c0, conf=0: peers:[s3|rpc:localhost:36161|admin:localhost:45145|client:localhost:33773|dataStream:localhost:34673|priority:0|startupRole:FOLLOWER, s4|rpc:localhost:46159|admin:localhost:33017|client:localhost:38269|dataStream:localhost:46577|priority:0|startupRole:FOLLOWER, s0|rpc:localhost:42037|admin:localhost:35933|client:localhost:37745|dataStream:localhost:46027|priority:0|startupRole:FOLLOWER, s1|rpc:localhost:42415|admin:localhost:39681|client:localhost:39407|dataStream:localhost:35133|priority:0|startupRole:FOLLOWER, s2|rpc:localhost:37505|admin:localhost:38193|client:localhost:45367|dataStream:localhost:33575|priority:0|startupRole:FOLLOWER]|listeners:[], old=null
2023-03-13 09:53:32,854 [HandlerDaemon-1] INFO  server.RaftServer$Division (ServerState.java:setLeader(260)) - s0@group-C1EBCFF19CDA: change Leader from null to s2 at term 1 for appendEntries, leader elected after 219ms
2023-03-13 09:53:32,926 [HandlerDaemon-2] INFO  server.RaftServer$Division (RaftServerImpl.java:requestVote(1300)) - s0@group-C1EBCFF19CDA: receive requestVote(PRE_VOTE, s1, group-C1EBCFF19CDA, 1, (t:1, i:0))
2023-03-13 09:53:32,927 [HandlerDaemon-2] INFO  impl.VoteContext (VoteContext.java:log(49)) - s0@group-C1EBCFF19CDA-FOLLOWER: reject PRE_VOTE from s1: this server is a follower and still has a valid leader s2
2023-03-13 09:53:32,927 [HandlerDaemon-2] INFO  server.RaftServer$Division (RaftServerImpl.java:requestVote(1333)) - s0@group-C1EBCFF19CDA replies to PRE_VOTE vote request: s1<-s0#0:FAIL-t1. Peer's state: s0@group-C1EBCFF19CDA:t1, leader=s2, voted=s2, raftlog=Memoized:s0@group-C1EBCFF19CDA-SegmentedRaftLog:OPENED:c0, conf=0: peers:[s3|rpc:localhost:36161|admin:localhost:45145|client:localhost:33773|dataStream:localhost:34673|priority:0|startupRole:FOLLOWER, s4|rpc:localhost:46159|admin:localhost:33017|client:localhost:38269|dataStream:localhost:46577|priority:0|startupRole:FOLLOWER, s0|rpc:localhost:42037|admin:localhost:35933|client:localhost:37745|dataStream:localhost:46027|priority:0|startupRole:FOLLOWER, s1|rpc:localhost:42415|admin:localhost:39681|client:localhost:39407|dataStream:localhost:35133|priority:0|startupRole:FOLLOWER, s2|rpc:localhost:37505|admin:localhost:38193|client:localhost:45367|dataStream:localhost:33575|priority:0|startupRole:FOLLOWER]|listeners:[], old=null
2023-03-13 09:53:33,092 [Time-limited test] INFO  simulation.TestLeaderElectionWithSimulatedRpc (LeaderElectionTests.java:enforceLeader(318)) - try enforcing leader to s0 but new leader is s2
2023-03-13 09:53:33,092 [Time-limited test] INFO  server.RaftServerConfigKeys (ConfUtils.java:logGet(46)) - raft.server.rpc.timeout.max = 300ms (default)
2023-03-13 09:53:33,351 [s0@group-C1EBCFF19CDA-FollowerState] INFO  impl.FollowerState (FollowerState.java:run(143)) - s0@group-C1EBCFF19CDA-FollowerState: change to CANDIDATE, lastRpcElapsedTime:270692399ns, electionTimeout:181ms
2023-03-13 09:53:33,351 [s0@group-C1EBCFF19CDA-FollowerState] INFO  impl.RoleInfo (RoleInfo.java:shutdownFollowerState(110)) - s0: shutdown s0@group-C1EBCFF19CDA-FollowerState
2023-03-13 09:53:33,352 [s0@group-C1EBCFF19CDA-FollowerState] INFO  server.RaftServer$Division (RaftServerImpl.java:setRole(329)) - s0@group-C1EBCFF19CDA: changes role from  FOLLOWER to CANDIDATE at term 1 for changeToCandidate
2023-03-13 09:53:33,352 [s0@group-C1EBCFF19CDA-FollowerState] INFO  server.RaftServerConfigKeys (ConfUtils.java:logGet(46)) - raft.server.leaderelection.pre-vote = true (default)
2023-03-13 09:53:33,352 [s0@group-C1EBCFF19CDA-FollowerState] INFO  impl.RoleInfo (RoleInfo.java:updateAndGet(139)) - s0: start s0@group-C1EBCFF19CDA-LeaderElection21
2023-03-13 09:53:33,352 [s0@group-C1EBCFF19CDA-LeaderElection21] INFO  server.RaftServer$Division (ServerState.java:setLeader(260)) - s0@group-C1EBCFF19CDA: change Leader from s2 to null at term 1 for PRE_VOTE
2023-03-13 09:53:33,352 [s0@group-C1EBCFF19CDA-LeaderElection21] INFO  impl.LeaderElection (LeaderElection.java:askForVotes(310)) - s0@group-C1EBCFF19CDA-LeaderElection21 PRE_VOTE round 0: submit vote requests at term 1 for 0: peers:[s3|rpc:localhost:36161|admin:localhost:45145|client:localhost:33773|dataStream:localhost:34673|priority:0|startupRole:FOLLOWER, s4|rpc:localhost:46159|admin:localhost:33017|client:localhost:38269|dataStream:localhost:46577|priority:0|startupRole:FOLLOWER, s0|rpc:localhost:42037|admin:localhost:35933|client:localhost:37745|dataStream:localhost:46027|priority:0|startupRole:FOLLOWER, s1|rpc:localhost:42415|admin:localhost:39681|client:localhost:39407|dataStream:localhost:35133|priority:0|startupRole:FOLLOWER, s2|rpc:localhost:37505|admin:localhost:38193|client:localhost:45367|dataStream:localhost:33575|priority:0|startupRole:FOLLOWER]|listeners:[], old=null
2023-03-13 09:53:33,503 [HandlerDaemon-0] INFO  server.RaftServer$Division (RaftServerImpl.java:requestVote(1300)) - s3@group-C1EBCFF19CDA: receive requestVote(PRE_VOTE, s0, group-C1EBCFF19CDA, 1, (t:1, i:0))
2023-03-13 09:53:33,503 [HandlerDaemon-1] INFO  server.RaftServer$Division (RaftServerImpl.java:requestVote(1300)) - s4@group-C1EBCFF19CDA: receive requestVote(PRE_VOTE, s0, group-C1EBCFF19CDA, 1, (t:1, i:0))
2023-03-13 09:53:33,503 [HandlerDaemon-1] INFO  impl.VoteContext (VoteContext.java:log(49)) - s4@group-C1EBCFF19CDA-FOLLOWER: reject PRE_VOTE from s0: this server is a follower and still has a valid leader s2
2023-03-13 09:53:33,503 [HandlerDaemon-0] INFO  server.RaftServer$Division (RaftServerImpl.java:requestVote(1300)) - s2@group-C1EBCFF19CDA: receive requestVote(PRE_VOTE, s0, group-C1EBCFF19CDA, 1, (t:1, i:0))
2023-03-13 09:53:33,503 [HandlerDaemon-1] INFO  server.RaftServer$Division (RaftServerImpl.java:requestVote(1333)) - s4@group-C1EBCFF19CDA replies to PRE_VOTE vote request: s0<-s4#0:FAIL-t1. Peer's state: s4@group-C1EBCFF19CDA:t1, leader=s2, voted=s2, raftlog=Memoized:s4@group-C1EBCFF19CDA-SegmentedRaftLog:OPENED:c0, conf=0: peers:[s3|rpc:localhost:36161|admin:localhost:45145|client:localhost:33773|dataStream:localhost:34673|priority:0|startupRole:FOLLOWER, s4|rpc:localhost:46159|admin:localhost:33017|client:localhost:38269|dataStream:localhost:46577|priority:0|startupRole:FOLLOWER, s0|rpc:localhost:42037|admin:localhost:35933|client:localhost:37745|dataStream:localhost:46027|priority:0|startupRole:FOLLOWER, s1|rpc:localhost:42415|admin:localhost:39681|client:localhost:39407|dataStream:localhost:35133|priority:0|startupRole:FOLLOWER, s2|rpc:localhost:37505|admin:localhost:38193|client:localhost:45367|dataStream:localhost:33575|priority:0|startupRole:FOLLOWER]|listeners:[], old=null
2023-03-13 09:53:33,503 [HandlerDaemon-0] INFO  impl.VoteContext (VoteContext.java:log(49)) - s2@group-C1EBCFF19CDA-LEADER: reject PRE_VOTE from s0: this server is the leader and still has leadership
2023-03-13 09:53:33,503 [HandlerDaemon-1] INFO  server.RaftServer$Division (RaftServerImpl.java:requestVote(1300)) - s1@group-C1EBCFF19CDA: receive requestVote(PRE_VOTE, s0, group-C1EBCFF19CDA, 1, (t:1, i:0))
2023-03-13 09:53:33,504 [HandlerDaemon-1] INFO  impl.VoteContext (VoteContext.java:log(49)) - s1@group-C1EBCFF19CDA-FOLLOWER: reject PRE_VOTE from s0: this server is a follower and still has a valid leader s2
2023-03-13 09:53:33,504 [HandlerDaemon-1] INFO  server.RaftServer$Division (RaftServerImpl.java:requestVote(1333)) - s1@group-C1EBCFF19CDA replies to PRE_VOTE vote request: s0<-s1#0:FAIL-t1. Peer's state: s1@group-C1EBCFF19CDA:t1, leader=s2, voted=s2, raftlog=Memoized:s1@group-C1EBCFF19CDA-SegmentedRaftLog:OPENED:c0, conf=0: peers:[s3|rpc:localhost:36161|admin:localhost:45145|client:localhost:33773|dataStream:localhost:34673|priority:0|startupRole:FOLLOWER, s4|rpc:localhost:46159|admin:localhost:33017|client:localhost:38269|dataStream:localhost:46577|priority:0|startupRole:FOLLOWER, s0|rpc:localhost:42037|admin:localhost:35933|client:localhost:37745|dataStream:localhost:46027|priority:0|startupRole:FOLLOWER, s1|rpc:localhost:42415|admin:localhost:39681|client:localhost:39407|dataStream:localhost:35133|priority:0|startupRole:FOLLOWER, s2|rpc:localhost:37505|admin:localhost:38193|client:localhost:45367|dataStream:localhost:33575|priority:0|startupRole:FOLLOWER]|listeners:[], old=null
2023-03-13 09:53:33,503 [HandlerDaemon-0] INFO  impl.VoteContext (VoteContext.java:log(49)) - s3@group-C1EBCFF19CDA-FOLLOWER: reject PRE_VOTE from s0: this server is a follower and still has a valid leader s2
2023-03-13 09:53:33,504 [HandlerDaemon-0] INFO  server.RaftServer$Division (RaftServerImpl.java:requestVote(1333)) - s3@group-C1EBCFF19CDA replies to PRE_VOTE vote request: s0<-s3#0:FAIL-t1. Peer's state: s3@group-C1EBCFF19CDA:t1, leader=s2, voted=s2, raftlog=Memoized:s3@group-C1EBCFF19CDA-SegmentedRaftLog:OPENED:c0, conf=0: peers:[s3|rpc:localhost:36161|admin:localhost:45145|client:localhost:33773|dataStream:localhost:34673|priority:0|startupRole:FOLLOWER, s4|rpc:localhost:46159|admin:localhost:33017|client:localhost:38269|dataStream:localhost:46577|priority:0|startupRole:FOLLOWER, s0|rpc:localhost:42037|admin:localhost:35933|client:localhost:37745|dataStream:localhost:46027|priority:0|startupRole:FOLLOWER, s1|rpc:localhost:42415|admin:localhost:39681|client:localhost:39407|dataStream:localhost:35133|priority:0|startupRole:FOLLOWER, s2|rpc:localhost:37505|admin:localhost:38193|client:localhost:45367|dataStream:localhost:33575|priority:0|startupRole:FOLLOWER]|listeners:[], old=null
2023-03-13 09:53:33,503 [HandlerDaemon-0] INFO  server.RaftServer$Division (RaftServerImpl.java:requestVote(1333)) - s2@group-C1EBCFF19CDA replies to PRE_VOTE vote request: s0<-s2#0:FAIL-t1. Peer's state: s2@group-C1EBCFF19CDA:t1, leader=s2, voted=s2, raftlog=Memoized:s2@group-C1EBCFF19CDA-SegmentedRaftLog:OPENED:c0, conf=0: peers:[s3|rpc:localhost:36161|admin:localhost:45145|client:localhost:33773|dataStream:localhost:34673|priority:0|startupRole:FOLLOWER, s4|rpc:localhost:46159|admin:localhost:33017|client:localhost:38269|dataStream:localhost:46577|priority:0|startupRole:FOLLOWER, s0|rpc:localhost:42037|admin:localhost:35933|client:localhost:37745|dataStream:localhost:46027|priority:0|startupRole:FOLLOWER, s1|rpc:localhost:42415|admin:localhost:39681|client:localhost:39407|dataStream:localhost:35133|priority:0|startupRole:FOLLOWER, s2|rpc:localhost:37505|admin:localhost:38193|client:localhost:45367|dataStream:localhost:33575|priority:0|startupRole:FOLLOWER]|listeners:[], old=null
2023-03-13 09:53:33,504 [s0@group-C1EBCFF19CDA-LeaderElection21] INFO  impl.LeaderElection (LeaderElection.java:logAndReturn(89)) - s0@group-C1EBCFF19CDA-LeaderElection21: PRE_VOTE REJECTED received 3 response(s) and 0 exception(s):
2023-03-13 09:53:33,504 [s0@group-C1EBCFF19CDA-LeaderElection21] INFO  impl.LeaderElection (LeaderElection.java:logAndReturn(93)) -   Response 0: s0<-s3#0:FAIL-t1
2023-03-13 09:53:33,504 [s0@group-C1EBCFF19CDA-LeaderElection21] INFO  impl.LeaderElection (LeaderElection.java:logAndReturn(93)) -   Response 1: s0<-s4#0:FAIL-t1
2023-03-13 09:53:33,504 [s0@group-C1EBCFF19CDA-LeaderElection21] INFO  impl.LeaderElection (LeaderElection.java:logAndReturn(93)) -   Response 2: s0<-s1#0:FAIL-t1
2023-03-13 09:53:33,504 [s0@group-C1EBCFF19CDA-LeaderElection21] INFO  impl.LeaderElection (LeaderElection.java:askForVotes(312)) - s0@group-C1EBCFF19CDA-LeaderElection21 PRE_VOTE round 0: result REJECTED
2023-03-13 09:53:33,504 [s0@group-C1EBCFF19CDA-LeaderElection21] INFO  server.RaftServer$Division (RaftServerImpl.java:setRole(329)) - s0@group-C1EBCFF19CDA: changes role from CANDIDATE to FOLLOWER at term 1 for REJECTED
2023-03-13 09:53:33,504 [s0@group-C1EBCFF19CDA-LeaderElection21] INFO  impl.RoleInfo (RoleInfo.java:shutdownLeaderElection(130)) - s0: shutdown s0@group-C1EBCFF19CDA-LeaderElection21
2023-03-13 09:53:33,504 [s0@group-C1EBCFF19CDA-LeaderElection21] INFO  impl.RoleInfo (RoleInfo.java:updateAndGet(139)) - s0: start s0@group-C1EBCFF19CDA-FollowerState
2023-03-13 09:53:33,542 [Time-limited test] INFO  server.RaftServerConfigKeys (ConfUtils.java:logGet(46)) - raft.server.rpc.timeout.max = 300ms (default)
2023-03-13 09:53:33,629 [Timer-1] INFO  impl.MiniRaftCluster (MiniRaftCluster.java:lambda$start$6(349)) - TIMED-PRINT: printing ALL groups
  s3:  RUNNING  FOLLOWER s3@group-C1EBCFF19CDA:t1, leader=s2, voted=s2, raftlog=Memoized:s3@group-C1EBCFF19CDA-SegmentedRaftLog:OPENED:c0, conf=0: peers:[s3|rpc:localhost:36161|admin:localhost:45145|client:localhost:33773|dataStream:localhost:34673|priority:0|startupRole:FOLLOWER, s4|rpc:localhost:46159|admin:localhost:33017|client:localhost:38269|dataStream:localhost:46577|priority:0|startupRole:FOLLOWER, s0|rpc:localhost:42037|admin:localhost:35933|client:localhost:37745|dataStream:localhost:46027|priority:0|startupRole:FOLLOWER, s1|rpc:localhost:42415|admin:localhost:39681|client:localhost:39407|dataStream:localhost:35133|priority:0|startupRole:FOLLOWER, s2|rpc:localhost:37505|admin:localhost:38193|client:localhost:45367|dataStream:localhost:33575|priority:0|startupRole:FOLLOWER]|listeners:[], old=null RUNNING
  s4:  RUNNING  FOLLOWER s4@group-C1EBCFF19CDA:t1, leader=s2, voted=s2, raftlog=Memoized:s4@group-C1EBCFF19CDA-SegmentedRaftLog:OPENED:c0, conf=0: peers:[s3|rpc:localhost:36161|admin:localhost:45145|client:localhost:33773|dataStream:localhost:34673|priority:0|startupRole:FOLLOWER, s4|rpc:localhost:46159|admin:localhost:33017|client:localhost:38269|dataStream:localhost:46577|priority:0|startupRole:FOLLOWER, s0|rpc:localhost:42037|admin:localhost:35933|client:localhost:37745|dataStream:localhost:46027|priority:0|startupRole:FOLLOWER, s1|rpc:localhost:42415|admin:localhost:39681|client:localhost:39407|dataStream:localhost:35133|priority:0|startupRole:FOLLOWER, s2|rpc:localhost:37505|admin:localhost:38193|client:localhost:45367|dataStream:localhost:33575|priority:0|startupRole:FOLLOWER]|listeners:[], old=null RUNNING
  s0:  RUNNING  FOLLOWER s0@group-C1EBCFF19CDA:t1, leader=null, voted=s2, raftlog=Memoized:s0@group-C1EBCFF19CDA-SegmentedRaftLog:OPENED:c0, conf=0: peers:[s3|rpc:localhost:36161|admin:localhost:45145|client:localhost:33773|dataStream:localhost:34673|priority:0|startupRole:FOLLOWER, s4|rpc:localhost:46159|admin:localhost:33017|client:localhost:38269|dataStream:localhost:46577|priority:0|startupRole:FOLLOWER, s0|rpc:localhost:42037|admin:localhost:35933|client:localhost:37745|dataStream:localhost:46027|priority:0|startupRole:FOLLOWER, s1|rpc:localhost:42415|admin:localhost:39681|client:localhost:39407|dataStream:localhost:35133|priority:0|startupRole:FOLLOWER, s2|rpc:localhost:37505|admin:localhost:38193|client:localhost:45367|dataStream:localhost:33575|priority:0|startupRole:FOLLOWER]|listeners:[], old=null RUNNING
  s1:  RUNNING  FOLLOWER s1@group-C1EBCFF19CDA:t1, leader=s2, voted=s2, raftlog=Memoized:s1@group-C1EBCFF19CDA-SegmentedRaftLog:OPENED:c0, conf=0: peers:[s3|rpc:localhost:36161|admin:localhost:45145|client:localhost:33773|dataStream:localhost:34673|priority:0|startupRole:FOLLOWER, s4|rpc:localhost:46159|admin:localhost:33017|client:localhost:38269|dataStream:localhost:46577|priority:0|startupRole:FOLLOWER, s0|rpc:localhost:42037|admin:localhost:35933|client:localhost:37745|dataStream:localhost:46027|priority:0|startupRole:FOLLOWER, s1|rpc:localhost:42415|admin:localhost:39681|client:localhost:39407|dataStream:localhost:35133|priority:0|startupRole:FOLLOWER, s2|rpc:localhost:37505|admin:localhost:38193|client:localhost:45367|dataStream:localhost:33575|priority:0|startupRole:FOLLOWER]|listeners:[], old=null RUNNING
  s2:  RUNNING    LEADER s2@group-C1EBCFF19CDA:t1, leader=s2, voted=s2, raftlog=Memoized:s2@group-C1EBCFF19CDA-SegmentedRaftLog:OPENED:c0, conf=0: peers:[s3|rpc:localhost:36161|admin:localhost:45145|client:localhost:33773|dataStream:localhost:34673|priority:0|startupRole:FOLLOWER, s4|rpc:localhost:46159|admin:localhost:33017|client:localhost:38269|dataStream:localhost:46577|priority:0|startupRole:FOLLOWER, s0|rpc:localhost:42037|admin:localhost:35933|client:localhost:37745|dataStream:localhost:46027|priority:0|startupRole:FOLLOWER, s1|rpc:localhost:42415|admin:localhost:39681|client:localhost:39407|dataStream:localhost:35133|priority:0|startupRole:FOLLOWER, s2|rpc:localhost:37505|admin:localhost:38193|client:localhost:45367|dataStream:localhost:33575|priority:0|startupRole:FOLLOWER]|listeners:[], old=null RUNNING
2023-03-13 09:53:33,721 [s0@group-C1EBCFF19CDA-FollowerState] INFO  impl.FollowerState (FollowerState.java:run(143)) - s0@group-C1EBCFF19CDA-FollowerState: change to CANDIDATE, lastRpcElapsedTime:217129204ns, electionTimeout:216ms
2023-03-13 09:53:33,722 [s0@group-C1EBCFF19CDA-FollowerState] INFO  impl.RoleInfo (RoleInfo.java:shutdownFollowerState(110)) - s0: shutdown s0@group-C1EBCFF19CDA-FollowerState
2023-03-13 09:53:33,722 [s0@group-C1EBCFF19CDA-FollowerState] INFO  server.RaftServer$Division (RaftServerImpl.java:setRole(329)) - s0@group-C1EBCFF19CDA: changes role from  FOLLOWER to CANDIDATE at term 1 for changeToCandidate
2023-03-13 09:53:33,722 [s0@group-C1EBCFF19CDA-FollowerState] INFO  server.RaftServerConfigKeys (ConfUtils.java:logGet(46)) - raft.server.leaderelection.pre-vote = true (default)
2023-03-13 09:53:33,722 [s0@group-C1EBCFF19CDA-FollowerState] INFO  impl.RoleInfo (RoleInfo.java:updateAndGet(139)) - s0: start s0@group-C1EBCFF19CDA-LeaderElection22
2023-03-13 09:53:33,724 [s0@group-C1EBCFF19CDA-LeaderElection22] INFO  impl.LeaderElection (LeaderElection.java:askForVotes(310)) - s0@group-C1EBCFF19CDA-LeaderElection22 PRE_VOTE round 0: submit vote requests at term 1 for 0: peers:[s3|rpc:localhost:36161|admin:localhost:45145|client:localhost:33773|dataStream:localhost:34673|priority:0|startupRole:FOLLOWER, s4|rpc:localhost:46159|admin:localhost:33017|client:localhost:38269|dataStream:localhost:46577|priority:0|startupRole:FOLLOWER, s0|rpc:localhost:42037|admin:localhost:35933|client:localhost:37745|dataStream:localhost:46027|priority:0|startupRole:FOLLOWER, s1|rpc:localhost:42415|admin:localhost:39681|client:localhost:39407|dataStream:localhost:35133|priority:0|startupRole:FOLLOWER, s2|rpc:localhost:37505|admin:localhost:38193|client:localhost:45367|dataStream:localhost:33575|priority:0|startupRole:FOLLOWER]|listeners:[], old=null
2023-03-13 09:53:33,724 [HandlerDaemon-1] INFO  server.RaftServer$Division (RaftServerImpl.java:requestVote(1300)) - s3@group-C1EBCFF19CDA: receive requestVote(PRE_VOTE, s0, group-C1EBCFF19CDA, 1, (t:1, i:0))
2023-03-13 09:53:33,724 [HandlerDaemon-1] INFO  impl.VoteContext (VoteContext.java:log(49)) - s3@group-C1EBCFF19CDA-FOLLOWER: reject PRE_VOTE from s0: this server is a follower and still has a valid leader s2
2023-03-13 09:53:33,724 [HandlerDaemon-1] INFO  server.RaftServer$Division (RaftServerImpl.java:requestVote(1333)) - s3@group-C1EBCFF19CDA replies to PRE_VOTE vote request: s0<-s3#0:FAIL-t1. Peer's state: s3@group-C1EBCFF19CDA:t1, leader=s2, voted=s2, raftlog=Memoized:s3@group-C1EBCFF19CDA-SegmentedRaftLog:OPENED:c0, conf=0: peers:[s3|rpc:localhost:36161|admin:localhost:45145|client:localhost:33773|dataStream:localhost:34673|priority:0|startupRole:FOLLOWER, s4|rpc:localhost:46159|admin:localhost:33017|client:localhost:38269|dataStream:localhost:46577|priority:0|startupRole:FOLLOWER, s0|rpc:localhost:42037|admin:localhost:35933|client:localhost:37745|dataStream:localhost:46027|priority:0|startupRole:FOLLOWER, s1|rpc:localhost:42415|admin:localhost:39681|client:localhost:39407|dataStream:localhost:35133|priority:0|startupRole:FOLLOWER, s2|rpc:localhost:37505|admin:localhost:38193|client:localhost:45367|dataStream:localhost:33575|priority:0|startupRole:FOLLOWER]|listeners:[], old=null
2023-03-13 09:53:33,724 [HandlerDaemon-0] INFO  server.RaftServer$Division (RaftServerImpl.java:requestVote(1300)) - s4@group-C1EBCFF19CDA: receive requestVote(PRE_VOTE, s0, group-C1EBCFF19CDA, 1, (t:1, i:0))
2023-03-13 09:53:33,725 [HandlerDaemon-0] INFO  impl.VoteContext (VoteContext.java:log(49)) - s4@group-C1EBCFF19CDA-FOLLOWER: reject PRE_VOTE from s0: this server is a follower and still has a valid leader s2
2023-03-13 09:53:33,725 [HandlerDaemon-0] INFO  server.RaftServer$Division (RaftServerImpl.java:requestVote(1333)) - s4@group-C1EBCFF19CDA replies to PRE_VOTE vote request: s0<-s4#0:FAIL-t1. Peer's state: s4@group-C1EBCFF19CDA:t1, leader=s2, voted=s2, raftlog=Memoized:s4@group-C1EBCFF19CDA-SegmentedRaftLog:OPENED:c0, conf=0: peers:[s3|rpc:localhost:36161|admin:localhost:45145|client:localhost:33773|dataStream:localhost:34673|priority:0|startupRole:FOLLOWER, s4|rpc:localhost:46159|admin:localhost:33017|client:localhost:38269|dataStream:localhost:46577|priority:0|startupRole:FOLLOWER, s0|rpc:localhost:42037|admin:localhost:35933|client:localhost:37745|dataStream:localhost:46027|priority:0|startupRole:FOLLOWER, s1|rpc:localhost:42415|admin:localhost:39681|client:localhost:39407|dataStream:localhost:35133|priority:0|startupRole:FOLLOWER, s2|rpc:localhost:37505|admin:localhost:38193|client:localhost:45367|dataStream:localhost:33575|priority:0|startupRole:FOLLOWER]|listeners:[], old=null
2023-03-13 09:53:33,725 [HandlerDaemon-2] INFO  server.RaftServer$Division (RaftServerImpl.java:requestVote(1300)) - s1@group-C1EBCFF19CDA: receive requestVote(PRE_VOTE, s0, group-C1EBCFF19CDA, 1, (t:1, i:0))
2023-03-13 09:53:33,725 [HandlerDaemon-2] INFO  impl.VoteContext (VoteContext.java:log(49)) - s1@group-C1EBCFF19CDA-FOLLOWER: reject PRE_VOTE from s0: this server is a follower and still has a valid leader s2
2023-03-13 09:53:33,725 [HandlerDaemon-2] INFO  server.RaftServer$Division (RaftServerImpl.java:requestVote(1333)) - s1@group-C1EBCFF19CDA replies to PRE_VOTE vote request: s0<-s1#0:FAIL-t1. Peer's state: s1@group-C1EBCFF19CDA:t1, leader=s2, voted=s2, raftlog=Memoized:s1@group-C1EBCFF19CDA-SegmentedRaftLog:OPENED:c0, conf=0: peers:[s3|rpc:localhost:36161|admin:localhost:45145|client:localhost:33773|dataStream:localhost:34673|priority:0|startupRole:FOLLOWER, s4|rpc:localhost:46159|admin:localhost:33017|client:localhost:38269|dataStream:localhost:46577|priority:0|startupRole:FOLLOWER, s0|rpc:localhost:42037|admin:localhost:35933|client:localhost:37745|dataStream:localhost:46027|priority:0|startupRole:FOLLOWER, s1|rpc:localhost:42415|admin:localhost:39681|client:localhost:39407|dataStream:localhost:35133|priority:0|startupRole:FOLLOWER, s2|rpc:localhost:37505|admin:localhost:38193|client:localhost:45367|dataStream:localhost:33575|priority:0|startupRole:FOLLOWER]|listeners:[], old=null
2023-03-13 09:53:33,725 [HandlerDaemon-1] INFO  server.RaftServer$Division (RaftServerImpl.java:requestVote(1300)) - s2@group-C1EBCFF19CDA: receive requestVote(PRE_VOTE, s0, group-C1EBCFF19CDA, 1, (t:1, i:0))
2023-03-13 09:53:33,725 [HandlerDaemon-1] INFO  impl.VoteContext (VoteContext.java:log(49)) - s2@group-C1EBCFF19CDA-LEADER: reject PRE_VOTE from s0: this server is the leader and still has leadership
2023-03-13 09:53:33,725 [HandlerDaemon-1] INFO  server.RaftServer$Division (RaftServerImpl.java:requestVote(1333)) - s2@group-C1EBCFF19CDA replies to PRE_VOTE vote request: s0<-s2#0:FAIL-t1. Peer's state: s2@group-C1EBCFF19CDA:t1, leader=s2, voted=s2, raftlog=Memoized:s2@group-C1EBCFF19CDA-SegmentedRaftLog:OPENED:c0, conf=0: peers:[s3|rpc:localhost:36161|admin:localhost:45145|client:localhost:33773|dataStream:localhost:34673|priority:0|startupRole:FOLLOWER, s4|rpc:localhost:46159|admin:localhost:33017|client:localhost:38269|dataStream:localhost:46577|priority:0|startupRole:FOLLOWER, s0|rpc:localhost:42037|admin:localhost:35933|client:localhost:37745|dataStream:localhost:46027|priority:0|startupRole:FOLLOWER, s1|rpc:localhost:42415|admin:localhost:39681|client:localhost:39407|dataStream:localhost:35133|priority:0|startupRole:FOLLOWER, s2|rpc:localhost:37505|admin:localhost:38193|client:localhost:45367|dataStream:localhost:33575|priority:0|startupRole:FOLLOWER]|listeners:[], old=null
2023-03-13 09:53:33,725 [s0@group-C1EBCFF19CDA-LeaderElection22] INFO  impl.LeaderElection (LeaderElection.java:logAndReturn(89)) - s0@group-C1EBCFF19CDA-LeaderElection22: PRE_VOTE REJECTED received 3 response(s) and 0 exception(s):
2023-03-13 09:53:33,726 [s0@group-C1EBCFF19CDA-LeaderElection22] INFO  impl.LeaderElection (LeaderElection.java:logAndReturn(93)) -   Response 0: s0<-s3#0:FAIL-t1
2023-03-13 09:53:33,726 [s0@group-C1EBCFF19CDA-LeaderElection22] INFO  impl.LeaderElection (LeaderElection.java:logAndReturn(93)) -   Response 1: s0<-s4#0:FAIL-t1
2023-03-13 09:53:33,726 [s0@group-C1EBCFF19CDA-LeaderElection22] INFO  impl.LeaderElection (LeaderElection.java:logAndReturn(93)) -   Response 2: s0<-s1#0:FAIL-t1
2023-03-13 09:53:33,726 [s0@group-C1EBCFF19CDA-LeaderElection22] INFO  impl.LeaderElection (LeaderElection.java:askForVotes(312)) - s0@group-C1EBCFF19CDA-LeaderElection22 PRE_VOTE round 0: result REJECTED
2023-03-13 09:53:33,726 [s0@group-C1EBCFF19CDA-LeaderElection22] INFO  server.RaftServer$Division (RaftServerImpl.java:setRole(329)) - s0@group-C1EBCFF19CDA: changes role from CANDIDATE to FOLLOWER at term 1 for REJECTED
2023-03-13 09:53:33,726 [s0@group-C1EBCFF19CDA-LeaderElection22] INFO  impl.RoleInfo (RoleInfo.java:shutdownLeaderElection(130)) - s0: shutdown s0@group-C1EBCFF19CDA-LeaderElection22
2023-03-13 09:53:33,726 [s0@group-C1EBCFF19CDA-LeaderElection22] INFO  impl.RoleInfo (RoleInfo.java:updateAndGet(139)) - s0: start s0@group-C1EBCFF19CDA-FollowerState
2023-03-13 09:53:33,756 [HandlerDaemon-0] INFO  server.RaftServer$Division (ServerState.java:setLeader(260)) - s0@group-C1EBCFF19CDA: change Leader from null to s2 at term 1 for appendEntries, leader elected after 403ms
2023-03-13 09:53:33,993 [Time-limited test] INFO  simulation.TestLeaderElectionWithSimulatedRpc (LeaderElectionTests.java:enforceLeader(321)) - printing ALL groups
  s3:  RUNNING  FOLLOWER s3@group-C1EBCFF19CDA:t1, leader=s2, voted=s2, raftlog=Memoized:s3@group-C1EBCFF19CDA-SegmentedRaftLog:OPENED:c0, conf=0: peers:[s3|rpc:localhost:36161|admin:localhost:45145|client:localhost:33773|dataStream:localhost:34673|priority:0|startupRole:FOLLOWER, s4|rpc:localhost:46159|admin:localhost:33017|client:localhost:38269|dataStream:localhost:46577|priority:0|startupRole:FOLLOWER, s0|rpc:localhost:42037|admin:localhost:35933|client:localhost:37745|dataStream:localhost:46027|priority:0|startupRole:FOLLOWER, s1|rpc:localhost:42415|admin:localhost:39681|client:localhost:39407|dataStream:localhost:35133|priority:0|startupRole:FOLLOWER, s2|rpc:localhost:37505|admin:localhost:38193|client:localhost:45367|dataStream:localhost:33575|priority:0|startupRole:FOLLOWER]|listeners:[], old=null RUNNING
  s4:  RUNNING  FOLLOWER s4@group-C1EBCFF19CDA:t1, leader=s2, voted=s2, raftlog=Memoized:s4@group-C1EBCFF19CDA-SegmentedRaftLog:OPENED:c0, conf=0: peers:[s3|rpc:localhost:36161|admin:localhost:45145|client:localhost:33773|dataStream:localhost:34673|priority:0|startupRole:FOLLOWER, s4|rpc:localhost:46159|admin:localhost:33017|client:localhost:38269|dataStream:localhost:46577|priority:0|startupRole:FOLLOWER, s0|rpc:localhost:42037|admin:localhost:35933|client:localhost:37745|dataStream:localhost:46027|priority:0|startupRole:FOLLOWER, s1|rpc:localhost:42415|admin:localhost:39681|client:localhost:39407|dataStream:localhost:35133|priority:0|startupRole:FOLLOWER, s2|rpc:localhost:37505|admin:localhost:38193|client:localhost:45367|dataStream:localhost:33575|priority:0|startupRole:FOLLOWER]|listeners:[], old=null RUNNING
  s0:  RUNNING  FOLLOWER s0@group-C1EBCFF19CDA:t1, leader=s2, voted=s2, raftlog=Memoized:s0@group-C1EBCFF19CDA-SegmentedRaftLog:OPENED:c0, conf=0: peers:[s3|rpc:localhost:36161|admin:localhost:45145|client:localhost:33773|dataStream:localhost:34673|priority:0|startupRole:FOLLOWER, s4|rpc:localhost:46159|admin:localhost:33017|client:localhost:38269|dataStream:localhost:46577|priority:0|startupRole:FOLLOWER, s0|rpc:localhost:42037|admin:localhost:35933|client:localhost:37745|dataStream:localhost:46027|priority:0|startupRole:FOLLOWER, s1|rpc:localhost:42415|admin:localhost:39681|client:localhost:39407|dataStream:localhost:35133|priority:0|startupRole:FOLLOWER, s2|rpc:localhost:37505|admin:localhost:38193|client:localhost:45367|dataStream:localhost:33575|priority:0|startupRole:FOLLOWER]|listeners:[], old=null RUNNING
  s1:  RUNNING  FOLLOWER s1@group-C1EBCFF19CDA:t1, leader=s2, voted=s2, raftlog=Memoized:s1@group-C1EBCFF19CDA-SegmentedRaftLog:OPENED:c0, conf=0: peers:[s3|rpc:localhost:36161|admin:localhost:45145|client:localhost:33773|dataStream:localhost:34673|priority:0|startupRole:FOLLOWER, s4|rpc:localhost:46159|admin:localhost:33017|client:localhost:38269|dataStream:localhost:46577|priority:0|startupRole:FOLLOWER, s0|rpc:localhost:42037|admin:localhost:35933|client:localhost:37745|dataStream:localhost:46027|priority:0|startupRole:FOLLOWER, s1|rpc:localhost:42415|admin:localhost:39681|client:localhost:39407|dataStream:localhost:35133|priority:0|startupRole:FOLLOWER, s2|rpc:localhost:37505|admin:localhost:38193|client:localhost:45367|dataStream:localhost:33575|priority:0|startupRole:FOLLOWER]|listeners:[], old=null RUNNING
  s2:  RUNNING    LEADER s2@group-C1EBCFF19CDA:t1, leader=s2, voted=s2, raftlog=Memoized:s2@group-C1EBCFF19CDA-SegmentedRaftLog:OPENED:c0, conf=0: peers:[s3|rpc:localhost:36161|admin:localhost:45145|client:localhost:33773|dataStream:localhost:34673|priority:0|startupRole:FOLLOWER, s4|rpc:localhost:46159|admin:localhost:33017|client:localhost:38269|dataStream:localhost:46577|priority:0|startupRole:FOLLOWER, s0|rpc:localhost:42037|admin:localhost:35933|client:localhost:37745|dataStream:localhost:46027|priority:0|startupRole:FOLLOWER, s1|rpc:localhost:42415|admin:localhost:39681|client:localhost:39407|dataStream:localhost:35133|priority:0|startupRole:FOLLOWER, s2|rpc:localhost:37505|admin:localhost:38193|client:localhost:45367|dataStream:localhost:33575|priority:0|startupRole:FOLLOWER]|listeners:[], old=null RUNNING
2023-03-13 09:53:33,993 [Time-limited test] INFO  impl.MiniRaftCluster (MiniRaftCluster.java:shutdown(831)) - ************************************************************** 
2023-03-13 09:53:33,993 [Time-limited test] INFO  impl.MiniRaftCluster (MiniRaftCluster.java:shutdown(832)) - *** 
2023-03-13 09:53:33,993 [Time-limited test] INFO  impl.MiniRaftCluster (MiniRaftCluster.java:shutdown(833)) - ***     Stopping MiniRaftClusterWithSimulatedRpc
2023-03-13 09:53:33,993 [Time-limited test] INFO  impl.MiniRaftCluster (MiniRaftCluster.java:shutdown(834)) - *** 
2023-03-13 09:53:33,993 [Time-limited test] INFO  impl.MiniRaftCluster (MiniRaftCluster.java:shutdown(835)) - ************************************************************** 
2023-03-13 09:53:33,993 [Time-limited test] INFO  impl.MiniRaftCluster (MiniRaftCluster.java:shutdown(836)) - printing ALL groups
  s3:  RUNNING  FOLLOWER s3@group-C1EBCFF19CDA:t1, leader=s2, voted=s2, raftlog=Memoized:s3@group-C1EBCFF19CDA-SegmentedRaftLog:OPENED:c0, conf=0: peers:[s3|rpc:localhost:36161|admin:localhost:45145|client:localhost:33773|dataStream:localhost:34673|priority:0|startupRole:FOLLOWER, s4|rpc:localhost:46159|admin:localhost:33017|client:localhost:38269|dataStream:localhost:46577|priority:0|startupRole:FOLLOWER, s0|rpc:localhost:42037|admin:localhost:35933|client:localhost:37745|dataStream:localhost:46027|priority:0|startupRole:FOLLOWER, s1|rpc:localhost:42415|admin:localhost:39681|client:localhost:39407|dataStream:localhost:35133|priority:0|startupRole:FOLLOWER, s2|rpc:localhost:37505|admin:localhost:38193|client:localhost:45367|dataStream:localhost:33575|priority:0|startupRole:FOLLOWER]|listeners:[], old=null RUNNING
  s4:  RUNNING  FOLLOWER s4@group-C1EBCFF19CDA:t1, leader=s2, voted=s2, raftlog=Memoized:s4@group-C1EBCFF19CDA-SegmentedRaftLog:OPENED:c0, conf=0: peers:[s3|rpc:localhost:36161|admin:localhost:45145|client:localhost:33773|dataStream:localhost:34673|priority:0|startupRole:FOLLOWER, s4|rpc:localhost:46159|admin:localhost:33017|client:localhost:38269|dataStream:localhost:46577|priority:0|startupRole:FOLLOWER, s0|rpc:localhost:42037|admin:localhost:35933|client:localhost:37745|dataStream:localhost:46027|priority:0|startupRole:FOLLOWER, s1|rpc:localhost:42415|admin:localhost:39681|client:localhost:39407|dataStream:localhost:35133|priority:0|startupRole:FOLLOWER, s2|rpc:localhost:37505|admin:localhost:38193|client:localhost:45367|dataStream:localhost:33575|priority:0|startupRole:FOLLOWER]|listeners:[], old=null RUNNING
  s0:  RUNNING  FOLLOWER s0@group-C1EBCFF19CDA:t1, leader=s2, voted=s2, raftlog=Memoized:s0@group-C1EBCFF19CDA-SegmentedRaftLog:OPENED:c0, conf=0: peers:[s3|rpc:localhost:36161|admin:localhost:45145|client:localhost:33773|dataStream:localhost:34673|priority:0|startupRole:FOLLOWER, s4|rpc:localhost:46159|admin:localhost:33017|client:localhost:38269|dataStream:localhost:46577|priority:0|startupRole:FOLLOWER, s0|rpc:localhost:42037|admin:localhost:35933|client:localhost:37745|dataStream:localhost:46027|priority:0|startupRole:FOLLOWER, s1|rpc:localhost:42415|admin:localhost:39681|client:localhost:39407|dataStream:localhost:35133|priority:0|startupRole:FOLLOWER, s2|rpc:localhost:37505|admin:localhost:38193|client:localhost:45367|dataStream:localhost:33575|priority:0|startupRole:FOLLOWER]|listeners:[], old=null RUNNING
  s1:  RUNNING  FOLLOWER s1@group-C1EBCFF19CDA:t1, leader=s2, voted=s2, raftlog=Memoized:s1@group-C1EBCFF19CDA-SegmentedRaftLog:OPENED:c0, conf=0: peers:[s3|rpc:localhost:36161|admin:localhost:45145|client:localhost:33773|dataStream:localhost:34673|priority:0|startupRole:FOLLOWER, s4|rpc:localhost:46159|admin:localhost:33017|client:localhost:38269|dataStream:localhost:46577|priority:0|startupRole:FOLLOWER, s0|rpc:localhost:42037|admin:localhost:35933|client:localhost:37745|dataStream:localhost:46027|priority:0|startupRole:FOLLOWER, s1|rpc:localhost:42415|admin:localhost:39681|client:localhost:39407|dataStream:localhost:35133|priority:0|startupRole:FOLLOWER, s2|rpc:localhost:37505|admin:localhost:38193|client:localhost:45367|dataStream:localhost:33575|priority:0|startupRole:FOLLOWER]|listeners:[], old=null RUNNING
  s2:  RUNNING    LEADER s2@group-C1EBCFF19CDA:t1, leader=s2, voted=s2, raftlog=Memoized:s2@group-C1EBCFF19CDA-SegmentedRaftLog:OPENED:c0, conf=0: peers:[s3|rpc:localhost:36161|admin:localhost:45145|client:localhost:33773|dataStream:localhost:34673|priority:0|startupRole:FOLLOWER, s4|rpc:localhost:46159|admin:localhost:33017|client:localhost:38269|dataStream:localhost:46577|priority:0|startupRole:FOLLOWER, s0|rpc:localhost:42037|admin:localhost:35933|client:localhost:37745|dataStream:localhost:46027|priority:0|startupRole:FOLLOWER, s1|rpc:localhost:42415|admin:localhost:39681|client:localhost:39407|dataStream:localhost:35133|priority:0|startupRole:FOLLOWER, s2|rpc:localhost:37505|admin:localhost:38193|client:localhost:45367|dataStream:localhost:33575|priority:0|startupRole:FOLLOWER]|listeners:[], old=null RUNNING
2023-03-13 09:53:33,995 [MiniRaftCluster-9] INFO  server.RaftServer (RaftServerProxy.java:lambda$close$7(417)) - s3: close
2023-03-13 09:53:33,995 [s3-impl-thread1] INFO  server.RaftServer$Division (RaftServerImpl.java:lambda$close$4(466)) - s3@group-C1EBCFF19CDA: shutdown
2023-03-13 09:53:33,995 [HandlerDaemon-0] INFO  simulation.RequestHandler (RequestHandler.java:run(127)) - s3.clientHandler0 is interrupted by java.io.InterruptedIOException: 
2023-03-13 09:53:33,995 [HandlerDaemon-1] INFO  simulation.RequestHandler (RequestHandler.java:run(127)) - s3.clientHandler1 is interrupted by java.io.InterruptedIOException: 
2023-03-13 09:53:33,995 [HandlerDaemon-2] INFO  simulation.RequestHandler (RequestHandler.java:run(127)) - s3.clientHandler2 is interrupted by java.io.InterruptedIOException: 
2023-03-13 09:53:33,999 [HandlerDaemon-0] INFO  simulation.RequestHandler (RequestHandler.java:run(127)) - s3.serverHandler0 is interrupted by java.io.InterruptedIOException: 
2023-03-13 09:53:33,999 [HandlerDaemon-2] INFO  simulation.RequestHandler (RequestHandler.java:run(127)) - s3.serverHandler2 is interrupted by java.io.InterruptedIOException: 
2023-03-13 09:53:33,999 [HandlerDaemon-1] INFO  simulation.RequestHandler (RequestHandler.java:run(127)) - s3.serverHandler1 is interrupted by java.io.InterruptedIOException: 
2023-03-13 09:53:33,999 [s3-impl-thread1] INFO  util.JmxRegister (JmxRegister.java:unregister(73)) - Successfully un-registered JMX Bean with object name Ratis:service=RaftServer,group=group-C1EBCFF19CDA,id=s3
2023-03-13 09:53:34,000 [s3-impl-thread1] INFO  impl.RoleInfo (RoleInfo.java:shutdownFollowerState(110)) - s3: shutdown s3@group-C1EBCFF19CDA-FollowerState
2023-03-13 09:53:34,000 [s3-impl-thread1] INFO  impl.StateMachineUpdater (StateMachineUpdater.java:stopAndJoin(154)) - s3@group-C1EBCFF19CDA-StateMachineUpdater: set stopIndex = 0
2023-03-13 09:53:34,000 [s3@group-C1EBCFF19CDA-FollowerState] INFO  impl.FollowerState (FollowerState.java:run(152)) - s3@group-C1EBCFF19CDA-FollowerState was interrupted
2023-03-13 09:53:34,000 [s3-impl-thread1] INFO  server.RaftServer$Division (ServerState.java:close(414)) - s3@group-C1EBCFF19CDA: applyIndex: 0
2023-03-13 09:53:34,000 [MiniRaftCluster-10] INFO  server.RaftServer (RaftServerProxy.java:lambda$close$7(417)) - s4: close
2023-03-13 09:53:34,001 [HandlerDaemon-0] INFO  simulation.RequestHandler (RequestHandler.java:run(127)) - s4.clientHandler0 is interrupted by java.io.InterruptedIOException: 
2023-03-13 09:53:34,001 [MiniRaftCluster-13] INFO  server.RaftServer (RaftServerProxy.java:lambda$close$7(417)) - s2: close
2023-03-13 09:53:34,001 [MiniRaftCluster-11] INFO  server.RaftServer (RaftServerProxy.java:lambda$close$7(417)) - s0: close
2023-03-13 09:53:34,001 [s0-impl-thread1] INFO  server.RaftServer$Division (RaftServerImpl.java:lambda$close$4(466)) - s0@group-C1EBCFF19CDA: shutdown
2023-03-13 09:53:34,000 [MiniRaftCluster-12] INFO  server.RaftServer (RaftServerProxy.java:lambda$close$7(417)) - s1: close
2023-03-13 09:53:34,002 [HandlerDaemon-0] INFO  simulation.RequestHandler (RequestHandler.java:run(127)) - s1.clientHandler0 is interrupted by java.io.InterruptedIOException: 
2023-03-13 09:53:34,001 [s4-impl-thread1] INFO  server.RaftServer$Division (RaftServerImpl.java:lambda$close$4(466)) - s4@group-C1EBCFF19CDA: shutdown
2023-03-13 09:53:34,002 [HandlerDaemon-1] INFO  simulation.RequestHandler (RequestHandler.java:run(127)) - s1.clientHandler1 is interrupted by java.io.InterruptedIOException: 
2023-03-13 09:53:34,002 [s4-impl-thread1] INFO  util.JmxRegister (JmxRegister.java:unregister(73)) - Successfully un-registered JMX Bean with object name Ratis:service=RaftServer,group=group-C1EBCFF19CDA,id=s4
2023-03-13 09:53:34,002 [HandlerDaemon-2] INFO  simulation.RequestHandler (RequestHandler.java:run(127)) - s1.clientHandler2 is interrupted by java.io.InterruptedIOException: 
2023-03-13 09:53:34,002 [s1-impl-thread1] INFO  server.RaftServer$Division (RaftServerImpl.java:lambda$close$4(466)) - s1@group-C1EBCFF19CDA: shutdown
2023-03-13 09:53:34,002 [s1-impl-thread1] INFO  util.JmxRegister (JmxRegister.java:unregister(73)) - Successfully un-registered JMX Bean with object name Ratis:service=RaftServer,group=group-C1EBCFF19CDA,id=s1
2023-03-13 09:53:34,002 [s1-impl-thread1] INFO  impl.RoleInfo (RoleInfo.java:shutdownFollowerState(110)) - s1: shutdown s1@group-C1EBCFF19CDA-FollowerState
2023-03-13 09:53:34,002 [s2-impl-thread1] INFO  server.RaftServer$Division (RaftServerImpl.java:lambda$close$4(466)) - s2@group-C1EBCFF19CDA: shutdown
2023-03-13 09:53:34,002 [HandlerDaemon-1] INFO  simulation.RequestHandler (RequestHandler.java:run(127)) - s2.clientHandler1 is interrupted by java.io.InterruptedIOException: 
2023-03-13 09:53:34,002 [s2-impl-thread1] INFO  util.JmxRegister (JmxRegister.java:unregister(73)) - Successfully un-registered JMX Bean with object name Ratis:service=RaftServer,group=group-C1EBCFF19CDA,id=s2
2023-03-13 09:53:34,002 [HandlerDaemon-2] INFO  simulation.RequestHandler (RequestHandler.java:run(127)) - s2.clientHandler2 is interrupted by java.io.InterruptedIOException: 
2023-03-13 09:53:34,002 [s1@group-C1EBCFF19CDA-FollowerState] INFO  impl.FollowerState (FollowerState.java:run(152)) - s1@group-C1EBCFF19CDA-FollowerState was interrupted
2023-03-13 09:53:34,002 [s4-impl-thread1] INFO  impl.RoleInfo (RoleInfo.java:shutdownFollowerState(110)) - s4: shutdown s4@group-C1EBCFF19CDA-FollowerState
2023-03-13 09:53:34,002 [s2-impl-thread1] INFO  impl.RoleInfo (RoleInfo.java:shutdownLeaderState(93)) - s2: shutdown s2@group-C1EBCFF19CDA-LeaderStateImpl
2023-03-13 09:53:34,003 [s2@group-C1EBCFF19CDA->s3-LogAppenderDefault-LogAppenderDaemon] INFO  leader.LogAppenderDaemon (LogAppenderDaemon.java:run(83)) - s2@group-C1EBCFF19CDA->s3-LogAppenderDefault-LogAppenderDaemon was interrupted: java.lang.InterruptedException
2023-03-13 09:53:34,004 [s2@group-C1EBCFF19CDA->s1-LogAppenderDefault-LogAppenderDaemon] INFO  leader.LogAppenderDaemon (LogAppenderDaemon.java:run(83)) - s2@group-C1EBCFF19CDA->s1-LogAppenderDefault-LogAppenderDaemon was interrupted: java.lang.InterruptedException
2023-03-13 09:53:34,004 [HandlerDaemon-1] INFO  simulation.RequestHandler (RequestHandler.java:run(127)) - s1.serverHandler1 is interrupted by java.io.InterruptedIOException: 
2023-03-13 09:53:34,004 [s2@group-C1EBCFF19CDA->s4-LogAppenderDefault-LogAppenderDaemon] INFO  leader.LogAppenderDaemon (LogAppenderDaemon.java:run(83)) - s2@group-C1EBCFF19CDA->s4-LogAppenderDefault-LogAppenderDaemon was interrupted: java.lang.InterruptedException
2023-03-13 09:53:34,004 [HandlerDaemon-2] INFO  simulation.RequestHandler (RequestHandler.java:run(127)) - s1.serverHandler2 is interrupted by java.io.InterruptedIOException: 
2023-03-13 09:53:34,002 [s1-impl-thread1] INFO  impl.StateMachineUpdater (StateMachineUpdater.java:stopAndJoin(154)) - s1@group-C1EBCFF19CDA-StateMachineUpdater: set stopIndex = 0
2023-03-13 09:53:34,004 [HandlerDaemon-2] INFO  simulation.RequestHandler (RequestHandler.java:run(127)) - s4.clientHandler2 is interrupted by java.io.InterruptedIOException: 
2023-03-13 09:53:34,002 [HandlerDaemon-0] INFO  simulation.RequestHandler (RequestHandler.java:run(127)) - s2.clientHandler0 is interrupted by java.io.InterruptedIOException: 
2023-03-13 09:53:34,004 [s4-impl-thread1] INFO  impl.StateMachineUpdater (StateMachineUpdater.java:stopAndJoin(154)) - s4@group-C1EBCFF19CDA-StateMachineUpdater: set stopIndex = 0
2023-03-13 09:53:34,004 [s4-impl-thread1] INFO  server.RaftServer$Division (ServerState.java:close(414)) - s4@group-C1EBCFF19CDA: applyIndex: 0
2023-03-13 09:53:34,004 [s1-impl-thread1] INFO  server.RaftServer$Division (ServerState.java:close(414)) - s1@group-C1EBCFF19CDA: applyIndex: 0
2023-03-13 09:53:34,005 [HandlerDaemon-1] INFO  simulation.RequestHandler (RequestHandler.java:run(127)) - s2.serverHandler1 is interrupted by java.io.InterruptedIOException: 
2023-03-13 09:53:34,005 [HandlerDaemon-2] INFO  simulation.RequestHandler (RequestHandler.java:run(127)) - s2.serverHandler2 is interrupted by java.io.InterruptedIOException: 
2023-03-13 09:53:34,005 [HandlerDaemon-0] INFO  simulation.RequestHandler (RequestHandler.java:run(127)) - s2.serverHandler0 is interrupted by java.io.InterruptedIOException: 
2023-03-13 09:53:34,004 [HandlerDaemon-1] INFO  simulation.RequestHandler (RequestHandler.java:run(127)) - s4.clientHandler1 is interrupted by java.io.InterruptedIOException: 
2023-03-13 09:53:34,004 [s2@group-C1EBCFF19CDA->s0-LogAppenderDefault-LogAppenderDaemon] INFO  leader.LogAppenderDaemon (LogAppenderDaemon.java:run(83)) - s2@group-C1EBCFF19CDA->s0-LogAppenderDefault-LogAppenderDaemon was interrupted: java.lang.InterruptedException
2023-03-13 09:53:34,006 [HandlerDaemon-0] INFO  simulation.RequestHandler (RequestHandler.java:run(127)) - s4.serverHandler0 is interrupted by java.io.InterruptedIOException: 
2023-03-13 09:53:34,003 [HandlerDaemon-0] INFO  simulation.RequestHandler (RequestHandler.java:run(127)) - s1.serverHandler0 is interrupted by java.io.InterruptedIOException: 
2023-03-13 09:53:34,003 [s4@group-C1EBCFF19CDA-FollowerState] INFO  impl.FollowerState (FollowerState.java:run(152)) - s4@group-C1EBCFF19CDA-FollowerState was interrupted
2023-03-13 09:53:34,006 [HandlerDaemon-1] INFO  simulation.RequestHandler (RequestHandler.java:run(127)) - s4.serverHandler1 is interrupted by java.io.InterruptedIOException: 
2023-03-13 09:53:34,003 [HandlerDaemon-2] INFO  simulation.RequestHandler (RequestHandler.java:run(127)) - s0.clientHandler2 is interrupted by java.io.InterruptedIOException: 
2023-03-13 09:53:34,003 [HandlerDaemon-1] INFO  simulation.RequestHandler (RequestHandler.java:run(127)) - s0.clientHandler1 is interrupted by java.io.InterruptedIOException: 
2023-03-13 09:53:34,003 [HandlerDaemon-0] INFO  simulation.RequestHandler (RequestHandler.java:run(127)) - s0.clientHandler0 is interrupted by java.io.InterruptedIOException: 
2023-03-13 09:53:34,006 [HandlerDaemon-0] INFO  simulation.RequestHandler (RequestHandler.java:run(127)) - s0.serverHandler0 is interrupted by java.io.InterruptedIOException: 
2023-03-13 09:53:34,006 [HandlerDaemon-1] INFO  simulation.RequestHandler (RequestHandler.java:run(127)) - s0.serverHandler1 is interrupted by java.io.InterruptedIOException: 
2023-03-13 09:53:34,006 [HandlerDaemon-2] INFO  simulation.RequestHandler (RequestHandler.java:run(127)) - s0.serverHandler2 is interrupted by java.io.InterruptedIOException: 
2023-03-13 09:53:34,003 [s0-impl-thread1] INFO  util.JmxRegister (JmxRegister.java:unregister(73)) - Successfully un-registered JMX Bean with object name Ratis:service=RaftServer,group=group-C1EBCFF19CDA,id=s0
2023-03-13 09:53:34,006 [s0-impl-thread1] INFO  impl.RoleInfo (RoleInfo.java:shutdownFollowerState(110)) - s0: shutdown s0@group-C1EBCFF19CDA-FollowerState
2023-03-13 09:53:34,007 [s0-impl-thread1] INFO  impl.StateMachineUpdater (StateMachineUpdater.java:stopAndJoin(154)) - s0@group-C1EBCFF19CDA-StateMachineUpdater: set stopIndex = 0
2023-03-13 09:53:34,007 [s0@group-C1EBCFF19CDA-FollowerState] INFO  impl.FollowerState (FollowerState.java:run(152)) - s0@group-C1EBCFF19CDA-FollowerState was interrupted
2023-03-13 09:53:34,006 [HandlerDaemon-2] INFO  simulation.RequestHandler (RequestHandler.java:run(127)) - s4.serverHandler2 is interrupted by java.io.InterruptedIOException: 
2023-03-13 09:53:34,007 [s0-impl-thread1] INFO  server.RaftServer$Division (ServerState.java:close(414)) - s0@group-C1EBCFF19CDA: applyIndex: 0
2023-03-13 09:53:34,003 [s2-impl-thread1] INFO  impl.PendingRequests (PendingRequests.java:sendNotLeaderResponses(282)) - s2@group-C1EBCFF19CDA-PendingRequests: sendNotLeaderResponses
2023-03-13 09:53:34,008 [s2-impl-thread1] INFO  impl.StateMachineUpdater (StateMachineUpdater.java:stopAndJoin(154)) - s2@group-C1EBCFF19CDA-StateMachineUpdater: set stopIndex = 0
2023-03-13 09:53:34,008 [s2-impl-thread1] INFO  server.RaftServer$Division (ServerState.java:close(414)) - s2@group-C1EBCFF19CDA: applyIndex: 0
2023-03-13 09:53:34,853 [s2-impl-thread1] INFO  segmented.SegmentedRaftLogWorker (SegmentedRaftLogWorker.java:close(242)) - s2@group-C1EBCFF19CDA-SegmentedRaftLogWorker close()
2023-03-13 09:53:34,853 [JvmPauseMonitor8] INFO  util.JvmPauseMonitor (JvmPauseMonitor.java:run(109)) - JvmPauseMonitor-s2: Stopped
2023-03-13 09:53:34,892 [s3-impl-thread1] INFO  segmented.SegmentedRaftLogWorker (SegmentedRaftLogWorker.java:close(242)) - s3@group-C1EBCFF19CDA-SegmentedRaftLogWorker close()
2023-03-13 09:53:34,893 [s0-impl-thread1] INFO  segmented.SegmentedRaftLogWorker (SegmentedRaftLogWorker.java:close(242)) - s0@group-C1EBCFF19CDA-SegmentedRaftLogWorker close()
2023-03-13 09:53:34,894 [JvmPauseMonitor4] INFO  util.JvmPauseMonitor (JvmPauseMonitor.java:run(109)) - JvmPauseMonitor-s3: Stopped
2023-03-13 09:53:34,894 [JvmPauseMonitor6] INFO  util.JvmPauseMonitor (JvmPauseMonitor.java:run(109)) - JvmPauseMonitor-s0: Stopped
2023-03-13 09:53:34,895 [s1-impl-thread1] INFO  segmented.SegmentedRaftLogWorker (SegmentedRaftLogWorker.java:close(242)) - s1@group-C1EBCFF19CDA-SegmentedRaftLogWorker close()
2023-03-13 09:53:34,896 [JvmPauseMonitor7] INFO  util.JvmPauseMonitor (JvmPauseMonitor.java:run(109)) - JvmPauseMonitor-s1: Stopped
2023-03-13 09:53:34,901 [s4-impl-thread1] INFO  segmented.SegmentedRaftLogWorker (SegmentedRaftLogWorker.java:close(242)) - s4@group-C1EBCFF19CDA-SegmentedRaftLogWorker close()
2023-03-13 09:53:34,901 [JvmPauseMonitor5] INFO  util.JvmPauseMonitor (JvmPauseMonitor.java:run(109)) - JvmPauseMonitor-s4: Stopped
2023-03-13 09:53:34,901 [Time-limited test] INFO  impl.MiniRaftCluster (MiniRaftCluster.java:shutdown(855)) - MiniRaftClusterWithSimulatedRpc shutdown completed
]]></system-out>
  </testcase>
  <testcase name="testLostMajorityHeartbeats" classname="org.apache.ratis.server.simulation.TestLeaderElectionWithSimulatedRpc" time="1.776"/>
  <testcase name="testLateServerStart" classname="org.apache.ratis.server.simulation.TestLeaderElectionWithSimulatedRpc" time="4.52"/>
  <testcase name="testListenerNotStartLeaderElection" classname="org.apache.ratis.server.simulation.TestLeaderElectionWithSimulatedRpc" time="1.362"/>
  <testcase name="testPreVote" classname="org.apache.ratis.server.simulation.TestLeaderElectionWithSimulatedRpc" time="5.54"/>
  <testcase name="testListenerRejectRequestVote" classname="org.apache.ratis.server.simulation.TestLeaderElectionWithSimulatedRpc" time="1.283"/>
  <testcase name="testAddListener" classname="org.apache.ratis.server.simulation.TestLeaderElectionWithSimulatedRpc" time="1.562"/>
  <testcase name="testTransferLeaderTimeout" classname="org.apache.ratis.server.simulation.TestLeaderElectionWithSimulatedRpc" time="6.526"/>
  <testcase name="testBasicLeaderElection" classname="org.apache.ratis.server.simulation.TestLeaderElectionWithSimulatedRpc" time="7.682"/>
  <testcase name="testChangeFollowerToListener" classname="org.apache.ratis.server.simulation.TestLeaderElectionWithSimulatedRpc" time="1.552"/>
  <testcase name="testTransferLeader" classname="org.apache.ratis.server.simulation.TestLeaderElectionWithSimulatedRpc" time="2.088"/>
  <testcase name="testPauseResumeLeaderElection" classname="org.apache.ratis.server.simulation.TestLeaderElectionWithSimulatedRpc" time="1.894"/>
  <testcase name="testYieldLeaderToHigherPriority" classname="org.apache.ratis.server.simulation.TestLeaderElectionWithSimulatedRpc" time="2.612"/>
  <testcase name="testChangeLeader" classname="org.apache.ratis.server.simulation.TestLeaderElectionWithSimulatedRpc" time="6.626"/>
  <testcase name="testChangeListenerToFollower" classname="org.apache.ratis.server.simulation.TestLeaderElectionWithSimulatedRpc" time="1.513"/>
  <testcase name="testShutdownBeforeStart" classname="org.apache.ratis.server.simulation.TestLeaderElectionWithSimulatedRpc" time="1.621"/>
  <testcase name="testLeaderNotCountListenerForMajority" classname="org.apache.ratis.server.simulation.TestLeaderElectionWithSimulatedRpc" time="1.683"/>
  <testcase name="testImmediatelyRevertedToFollower" classname="org.apache.ratis.server.simulation.TestLeaderElectionWithSimulatedRpc" time="0.015"/>
  <testcase name="testLeaderElectionMetrics" classname="org.apache.ratis.server.simulation.TestLeaderElectionWithSimulatedRpc" time="0.563"/>
</testsuite>