<?xml version="1.0" encoding="UTF-8"?>
<testsuite xmlns:xsi="http://www.w3.org/2001/XMLSchema-instance" xsi:noNamespaceSchemaLocation="https://maven.apache.org/surefire/maven-surefire-plugin/xsd/surefire-test-report-3.0.xsd" version="3.0" name="org.apache.ratis.grpc.TestRaftLogTruncateWithGrpc" time="10.992" tests="1" errors="0" skipped="0" failures="1">
  <properties>
    <property name="awt.toolkit" value="sun.awt.X11.XToolkit"/>
    <property name="file.encoding.pkg" value="sun.io"/>
    <property name="java.specification.version" value="1.8"/>
    <property name="sun.cpu.isalist" value=""/>
    <property name="sun.jnu.encoding" value="UTF-8"/>
    <property name="java.class.path" value="/home/runner/work/ratis/ratis/ratis-test/target/test-classes:/home/runner/work/ratis/ratis/ratis-test/target/classes:/home/runner/work/ratis/ratis/ratis-common/target/classes:/home/runner/.m2/repository/org/apache/ratis/ratis-thirdparty-misc/1.0.8/ratis-thirdparty-misc-1.0.8.jar:/home/runner/work/ratis/ratis/ratis-proto/target/classes:/home/runner/work/ratis/ratis/ratis-common/target/test-classes:/home/runner/work/ratis/ratis/ratis-client/target/classes:/home/runner/work/ratis/ratis/ratis-server/target/classes:/home/runner/work/ratis/ratis/ratis-server-api/target/classes:/home/runner/work/ratis/ratis/ratis-metrics-api/target/classes:/home/runner/work/ratis/ratis/ratis-server/target/test-classes:/home/runner/work/ratis/ratis/ratis-metrics-default/target/classes:/home/runner/work/ratis/ratis/ratis-netty/target/classes:/home/runner/work/ratis/ratis/ratis-netty/target/test-classes:/home/runner/work/ratis/ratis/ratis-grpc/target/classes:/home/runner/work/ratis/ratis/ratis-grpc/target/test-classes:/home/runner/work/ratis/ratis/ratis-shell/target/classes:/home/runner/.m2/repository/commons-cli/commons-cli/1.5.0/commons-cli-1.5.0.jar:/home/runner/.m2/repository/org/reflections/reflections/0.10.2/reflections-0.10.2.jar:/home/runner/.m2/repository/org/javassist/javassist/3.28.0-GA/javassist-3.28.0-GA.jar:/home/runner/.m2/repository/com/google/code/findbugs/jsr305/3.0.2/jsr305-3.0.2.jar:/home/runner/.m2/repository/org/bouncycastle/bcprov-jdk18on/1.78.1/bcprov-jdk18on-1.78.1.jar:/home/runner/.m2/repository/org/bouncycastle/bcpkix-jdk18on/1.78.1/bcpkix-jdk18on-1.78.1.jar:/home/runner/.m2/repository/org/bouncycastle/bcutil-jdk18on/1.78.1/bcutil-jdk18on-1.78.1.jar:/home/runner/.m2/repository/org/slf4j/slf4j-api/2.0.7/slf4j-api-2.0.7.jar:/home/runner/.m2/repository/org/slf4j/slf4j-reload4j/2.0.7/slf4j-reload4j-2.0.7.jar:/home/runner/.m2/repository/ch/qos/reload4j/reload4j/1.2.22/reload4j-1.2.22.jar:/home/runner/.m2/repository/junit/junit/4.13.2/junit-4.13.2.jar:/home/runner/.m2/repository/org/hamcrest/hamcrest-core/1.3/hamcrest-core-1.3.jar:/home/runner/.m2/repository/org/junit/jupiter/junit-jupiter-engine/5.11.2/junit-jupiter-engine-5.11.2.jar:/home/runner/.m2/repository/org/junit/platform/junit-platform-engine/1.11.2/junit-platform-engine-1.11.2.jar:/home/runner/.m2/repository/org/apiguardian/apiguardian-api/1.1.2/apiguardian-api-1.1.2.jar:/home/runner/.m2/repository/org/junit/jupiter/junit-jupiter-api/5.11.2/junit-jupiter-api-5.11.2.jar:/home/runner/.m2/repository/org/opentest4j/opentest4j/1.3.0/opentest4j-1.3.0.jar:/home/runner/.m2/repository/org/junit/platform/junit-platform-commons/1.11.2/junit-platform-commons-1.11.2.jar:/home/runner/.m2/repository/org/junit/jupiter/junit-jupiter-params/5.11.2/junit-jupiter-params-5.11.2.jar:/home/runner/.m2/repository/org/mockito/mockito-core/4.3.1/mockito-core-4.3.1.jar:/home/runner/.m2/repository/net/bytebuddy/byte-buddy/1.12.7/byte-buddy-1.12.7.jar:/home/runner/.m2/repository/net/bytebuddy/byte-buddy-agent/1.12.7/byte-buddy-agent-1.12.7.jar:/home/runner/.m2/repository/org/objenesis/objenesis/3.2/objenesis-3.2.jar:/home/runner/work/ratis/ratis/ratis-test/target/gradle-enterprise/test-listeners.jar:"/>
    <property name="java.vm.vendor" value="Temurin"/>
    <property name="sun.arch.data.model" value="64"/>
    <property name="java.vendor.url" value="https://adoptium.net/"/>
    <property name="user.timezone" value="Etc/UTC"/>
    <property name="java.vm.specification.version" value="1.8"/>
    <property name="os.name" value="Linux"/>
    <property name="sun.java.launcher" value="SUN_STANDARD"/>
    <property name="sun.boot.library.path" value="/usr/lib/jvm/temurin-8-jdk-amd64/jre/lib/amd64"/>
    <property name="sun.java.command" value="/home/runner/work/ratis/ratis/ratis-test/target/surefire/surefirebooter1562739685188220419.jar /home/runner/work/ratis/ratis/ratis-test/target/surefire 2025-04-22T16-23-56_364-jvmRun1 surefire6429664289331939004tmp surefire_126998839465811459508tmp"/>
    <property name="surefire.test.class.path" value="/home/runner/work/ratis/ratis/ratis-test/target/test-classes:/home/runner/work/ratis/ratis/ratis-test/target/classes:/home/runner/work/ratis/ratis/ratis-common/target/classes:/home/runner/.m2/repository/org/apache/ratis/ratis-thirdparty-misc/1.0.8/ratis-thirdparty-misc-1.0.8.jar:/home/runner/work/ratis/ratis/ratis-proto/target/classes:/home/runner/work/ratis/ratis/ratis-common/target/test-classes:/home/runner/work/ratis/ratis/ratis-client/target/classes:/home/runner/work/ratis/ratis/ratis-server/target/classes:/home/runner/work/ratis/ratis/ratis-server-api/target/classes:/home/runner/work/ratis/ratis/ratis-metrics-api/target/classes:/home/runner/work/ratis/ratis/ratis-server/target/test-classes:/home/runner/work/ratis/ratis/ratis-metrics-default/target/classes:/home/runner/work/ratis/ratis/ratis-netty/target/classes:/home/runner/work/ratis/ratis/ratis-netty/target/test-classes:/home/runner/work/ratis/ratis/ratis-grpc/target/classes:/home/runner/work/ratis/ratis/ratis-grpc/target/test-classes:/home/runner/work/ratis/ratis/ratis-shell/target/classes:/home/runner/.m2/repository/commons-cli/commons-cli/1.5.0/commons-cli-1.5.0.jar:/home/runner/.m2/repository/org/reflections/reflections/0.10.2/reflections-0.10.2.jar:/home/runner/.m2/repository/org/javassist/javassist/3.28.0-GA/javassist-3.28.0-GA.jar:/home/runner/.m2/repository/com/google/code/findbugs/jsr305/3.0.2/jsr305-3.0.2.jar:/home/runner/.m2/repository/org/bouncycastle/bcprov-jdk18on/1.78.1/bcprov-jdk18on-1.78.1.jar:/home/runner/.m2/repository/org/bouncycastle/bcpkix-jdk18on/1.78.1/bcpkix-jdk18on-1.78.1.jar:/home/runner/.m2/repository/org/bouncycastle/bcutil-jdk18on/1.78.1/bcutil-jdk18on-1.78.1.jar:/home/runner/.m2/repository/org/slf4j/slf4j-api/2.0.7/slf4j-api-2.0.7.jar:/home/runner/.m2/repository/org/slf4j/slf4j-reload4j/2.0.7/slf4j-reload4j-2.0.7.jar:/home/runner/.m2/repository/ch/qos/reload4j/reload4j/1.2.22/reload4j-1.2.22.jar:/home/runner/.m2/repository/junit/junit/4.13.2/junit-4.13.2.jar:/home/runner/.m2/repository/org/hamcrest/hamcrest-core/1.3/hamcrest-core-1.3.jar:/home/runner/.m2/repository/org/junit/jupiter/junit-jupiter-engine/5.11.2/junit-jupiter-engine-5.11.2.jar:/home/runner/.m2/repository/org/junit/platform/junit-platform-engine/1.11.2/junit-platform-engine-1.11.2.jar:/home/runner/.m2/repository/org/apiguardian/apiguardian-api/1.1.2/apiguardian-api-1.1.2.jar:/home/runner/.m2/repository/org/junit/jupiter/junit-jupiter-api/5.11.2/junit-jupiter-api-5.11.2.jar:/home/runner/.m2/repository/org/opentest4j/opentest4j/1.3.0/opentest4j-1.3.0.jar:/home/runner/.m2/repository/org/junit/platform/junit-platform-commons/1.11.2/junit-platform-commons-1.11.2.jar:/home/runner/.m2/repository/org/junit/jupiter/junit-jupiter-params/5.11.2/junit-jupiter-params-5.11.2.jar:/home/runner/.m2/repository/org/mockito/mockito-core/4.3.1/mockito-core-4.3.1.jar:/home/runner/.m2/repository/net/bytebuddy/byte-buddy/1.12.7/byte-buddy-1.12.7.jar:/home/runner/.m2/repository/net/bytebuddy/byte-buddy-agent/1.12.7/byte-buddy-agent-1.12.7.jar:/home/runner/.m2/repository/org/objenesis/objenesis/3.2/objenesis-3.2.jar:/home/runner/work/ratis/ratis/ratis-test/target/gradle-enterprise/test-listeners.jar:"/>
    <property name="sun.cpu.endian" value="little"/>
    <property name="user.home" value="/home/runner"/>
    <property name="user.language" value="en"/>
    <property name="java.specification.vendor" value="Oracle Corporation"/>
    <property name="java.home" value="/usr/lib/jvm/temurin-8-jdk-amd64/jre"/>
    <property name="jacoco.skip" value="true"/>
    <property name="basedir" value="/home/runner/work/ratis/ratis/ratis-test"/>
    <property name="file.separator" value="/"/>
    <property name="line.separator" value="&#10;"/>
    <property name="java.vm.specification.vendor" value="Oracle Corporation"/>
    <property name="java.specification.name" value="Java Platform API Specification"/>
    <property name="java.awt.graphicsenv" value="sun.awt.X11GraphicsEnvironment"/>
    <property name="surefire.real.class.path" value="/home/runner/work/ratis/ratis/ratis-test/target/surefire/surefirebooter1562739685188220419.jar"/>
    <property name="sun.boot.class.path" value="/usr/lib/jvm/temurin-8-jdk-amd64/jre/lib/resources.jar:/usr/lib/jvm/temurin-8-jdk-amd64/jre/lib/rt.jar:/usr/lib/jvm/temurin-8-jdk-amd64/jre/lib/sunrsasign.jar:/usr/lib/jvm/temurin-8-jdk-amd64/jre/lib/jsse.jar:/usr/lib/jvm/temurin-8-jdk-amd64/jre/lib/jce.jar:/usr/lib/jvm/temurin-8-jdk-amd64/jre/lib/charsets.jar:/usr/lib/jvm/temurin-8-jdk-amd64/jre/lib/jfr.jar:/usr/lib/jvm/temurin-8-jdk-amd64/jre/classes"/>
    <property name="sun.management.compiler" value="HotSpot 64-Bit Tiered Compilers"/>
    <property name="java.runtime.version" value="1.8.0_442-b06"/>
    <property name="java.net.preferIPv4Stack" value="true"/>
    <property name="user.name" value="runner"/>
    <property name="path.separator" value=":"/>
    <property name="os.version" value="6.8.0-1021-azure"/>
    <property name="java.endorsed.dirs" value="/usr/lib/jvm/temurin-8-jdk-amd64/jre/lib/endorsed"/>
    <property name="java.runtime.name" value="OpenJDK Runtime Environment"/>
    <property name="com.gradle.maven.scan.extension.test.listener.junitplatform.NestedExecutionSafeDelegatingTestExecutionListener" value="76b0bfab"/>
    <property name="file.encoding" value="UTF-8"/>
    <property name="java.vm.name" value="OpenJDK 64-Bit Server VM"/>
    <property name="develocity.listener.surefire.forkId" value="1"/>
    <property name="localRepository" value="/home/runner/.m2/repository"/>
    <property name="java.vendor.url.bug" value="https://github.com/adoptium/adoptium-support/issues"/>
    <property name="java.io.tmpdir" value="/tmp"/>
    <property name="java.version" value="1.8.0_442"/>
    <property name="user.dir" value="/home/runner/work/ratis/ratis/ratis-test"/>
    <property name="os.arch" value="amd64"/>
    <property name="ratis.tmp.dir" value="/home/runner/work/ratis/ratis/ratis-test/target/tmp"/>
    <property name="java.vm.specification.name" value="Java Virtual Machine Specification"/>
    <property name="java.awt.printerjob" value="sun.print.PSPrinterJob"/>
    <property name="ratis.log.dir" value="/home/runner/work/ratis/ratis/ratis-test/target/log"/>
    <property name="sun.os.patch.level" value="unknown"/>
    <property name="org.apache.ratis.thirdparty.io.netty.allocator.useCacheForAllThreads" value="false"/>
    <property name="java.library.path" value="/usr/java/packages/lib/amd64:/usr/lib64:/lib64:/lib:/usr/lib"/>
    <property name="java.vm.info" value="mixed mode"/>
    <property name="java.vendor" value="Temurin"/>
    <property name="java.vm.version" value="25.442-b06"/>
    <property name="java.specification.maintenance.version" value="6"/>
    <property name="develocity.listener.port" value="42089"/>
    <property name="java.ext.dirs" value="/usr/lib/jvm/temurin-8-jdk-amd64/jre/lib/ext:/usr/java/packages/lib/ext"/>
    <property name="sun.io.unicode.encoding" value="UnicodeLittle"/>
    <property name="java.class.version" value="52.0"/>
  </properties>
  <testcase name="testLogTruncate" classname="org.apache.ratis.grpc.TestRaftLogTruncateWithGrpc" time="10.892">
    <failure type="org.opentest4j.AssertionFailedError"><![CDATA[org.opentest4j.AssertionFailedError: s3 TransactionContextMap is non-empty: {(t:1, i:9)=Memoized:org.apache.ratis.statemachine.impl.TransactionContextImpl@2c78d320} ==> expected: <true> but was: <false>
	at org.apache.ratis.RaftLogTruncateTests.assertEmptyTransactionContextMap(RaftLogTruncateTests.java:241)
	at org.apache.ratis.RaftLogTruncateTests.runTestLogTruncate(RaftLogTruncateTests.java:145)
	at org.apache.ratis.RaftLogTruncateTests.runTestLogTruncate(RaftLogTruncateTests.java:113)
	at org.apache.ratis.server.impl.MiniRaftCluster$Factory$Get.runWithNewCluster(MiniRaftCluster.java:144)
	at org.apache.ratis.server.impl.MiniRaftCluster$Factory$Get.runWithNewCluster(MiniRaftCluster.java:121)
	at org.apache.ratis.RaftLogTruncateTests.testLogTruncate(RaftLogTruncateTests.java:91)
	at java.lang.reflect.Method.invoke(Method.java:498)
	at java.util.ArrayList.forEach(ArrayList.java:1259)
	at java.util.ArrayList.forEach(ArrayList.java:1259)
]]></failure>
    <system-out><![CDATA[2025-04-22 16:29:02,886 [main] INFO  util.LogUtils (Slf4jUtils.java:setLogLevel(38)) - Successfully set org.apache.ratis.conf.ConfUtils log level to WARN
2025-04-22 16:29:02,888 [main] INFO  util.LogUtils (Slf4jUtils.java:setLogLevel(38)) - Successfully set org.apache.ratis.util.FileUtils log level to TRACE
2025-04-22 16:29:02,906 [main] INFO  util.LogUtils (Slf4jUtils.java:setLogLevel(38)) - Successfully set org.apache.ratis.server.impl.TransactionManager log level to TRACE
2025-04-22 16:29:02,907 [main] INFO  util.LogUtils (Slf4jUtils.java:setLogLevel(38)) - Successfully set org.apache.ratis.client.impl.OrderedAsync log level to ERROR
2025-04-22 16:29:02,909 [main] INFO  util.LogUtils (Slf4jUtils.java:setLogLevel(38)) - Successfully set org.apache.ratis.server.RaftServerConfigKeys log level to ERROR
2025-04-22 16:29:02,909 [main] INFO  util.LogUtils (Slf4jUtils.java:setLogLevel(38)) - Successfully set org.apache.ratis.client.RaftClientConfigKeys log level to ERROR
2025-04-22 16:29:02,909 [main] INFO  util.LogUtils (Slf4jUtils.java:setLogLevel(38)) - Successfully set org.apache.ratis.client.RaftClientConfigKeys log level to ERROR
2025-04-22 16:29:02,925 [main] INFO  util.LeakDetector (LeakDetector.java:start(124)) - Starting leak detector thread NONE0.
2025-04-22 16:29:02,931 [main] INFO  impl.MiniRaftCluster (MiniRaftCluster.java:runWithNewCluster(137)) - Running runWithNewCluster
2025-04-22 16:29:02,940 [main] INFO  impl.MiniRaftCluster (MiniRaftCluster.java:<init>(319)) - new MiniRaftClusterWithGrpc with group-5F27DC0C25E6:[s3|localhost:15012, s4|localhost:15016, s0|localhost:15000, s1|localhost:15004, s2|localhost:15008]
2025-04-22 16:29:02,941 [main] INFO  impl.MiniRaftCluster (MiniRaftCluster.java:start(352)) - .............................................................. 
2025-04-22 16:29:02,941 [main] INFO  impl.MiniRaftCluster (MiniRaftCluster.java:start(353)) - ... 
2025-04-22 16:29:02,941 [main] INFO  impl.MiniRaftCluster (MiniRaftCluster.java:start(354)) - ...     Starting MiniRaftClusterWithGrpc
2025-04-22 16:29:02,941 [main] INFO  impl.MiniRaftCluster (MiniRaftCluster.java:start(355)) - ... 
2025-04-22 16:29:02,942 [main] INFO  impl.MiniRaftCluster (MiniRaftCluster.java:start(356)) - .............................................................. 
2025-04-22 16:29:02,942 [main] INFO  impl.MiniRaftCluster (MiniRaftCluster.java:initServers(331)) - servers = {}
2025-04-22 16:29:02,944 [main] INFO  impl.MiniRaftCluster (MiniRaftCluster.java:newRaftServer(396)) - newRaftServer: s3, group-5F27DC0C25E6:[s3|localhost:15012, s4|localhost:15016, s0|localhost:15000, s1|localhost:15004, s2|localhost:15008], format? true
2025-04-22 16:29:02,946 [main] TRACE util.FileUtils (FileUtils.java:deleteFully(318)) - deleteFully target/test/data/eda91157/MiniRaftClusterWithGrpc988cfe12/s3
2025-04-22 16:29:02,948 [main] TRACE util.FileUtils (FileUtils.java:deleteFully(331)) - deleteFully: target/test/data/eda91157/MiniRaftClusterWithGrpc988cfe12/s3 does not exist.
2025-04-22 16:29:02,948 [main] INFO  impl.MiniRaftCluster (MiniRaftCluster.java:newRaftServer(401)) - Formatted directory target/test/data/eda91157/MiniRaftClusterWithGrpc988cfe12/s3
2025-04-22 16:29:02,959 [main] INFO  server.RaftServer (ConfUtils.java:logGet(62)) - raft.rpc.type = GRPC (default)
2025-04-22 16:29:03,003 [main] INFO  grpc.GrpcConfigKeys (ConfUtils.java:logFallback(69)) - raft.grpc.admin.host = null (fallback to raft.grpc.server.host)
2025-04-22 16:29:03,004 [main] INFO  grpc.GrpcConfigKeys (ConfUtils.java:logGet(62)) - raft.grpc.admin.port = 15013 (custom)
2025-04-22 16:29:03,004 [main] INFO  grpc.GrpcConfigKeys (ConfUtils.java:logFallback(69)) - raft.grpc.client.host = null (fallback to raft.grpc.server.host)
2025-04-22 16:29:03,005 [main] INFO  grpc.GrpcConfigKeys (ConfUtils.java:logGet(62)) - raft.grpc.client.port = 15014 (custom)
2025-04-22 16:29:03,005 [main] INFO  grpc.GrpcConfigKeys (ConfUtils.java:logGet(62)) - raft.grpc.server.port = 15012 (custom)
2025-04-22 16:29:03,006 [main] INFO  server.GrpcServicesImpl (ConfUtils.java:logGet(62)) - raft.grpc.message.size.max = 64MB (=67108864) (default)
2025-04-22 16:29:03,007 [main] INFO  server.GrpcServicesImpl (ConfUtils.java:logGet(62)) - raft.grpc.flow.control.window = 1MB (=1048576) (default)
2025-04-22 16:29:03,014 [main] INFO  grpc.GrpcConfigKeys (ConfUtils.java:logGet(62)) - raft.grpc.server.heartbeat.channel = true (default)
2025-04-22 16:29:03,014 [main] INFO  grpc.GrpcConfigKeys (ConfUtils.java:logGet(62)) - raft.grpc.server.zerocopy.enabled = true (custom)
2025-04-22 16:29:03,060 [main] INFO  grpc.GrpcConfigKeys (ConfUtils.java:logGet(62)) - raft.grpc.server.async.request.thread.pool.cached = true (default)
2025-04-22 16:29:03,061 [main] INFO  grpc.GrpcConfigKeys (ConfUtils.java:logGet(62)) - raft.grpc.server.async.request.thread.pool.size = 32 (default)
2025-04-22 16:29:03,224 [main] INFO  impl.DataStreamServerImpl (ConfUtils.java:logGet(62)) - raft.datastream.type = DISABLED (default)
2025-04-22 16:29:03,233 [main] INFO  server.RaftServer (RaftServerProxy.java:addNew(106)) - s3: addNew group-5F27DC0C25E6:[s3|localhost:15012, s4|localhost:15016, s0|localhost:15000, s1|localhost:15004, s2|localhost:15008] returns group-5F27DC0C25E6:java.util.concurrent.CompletableFuture@4eaf3684[Not completed]
2025-04-22 16:29:03,233 [main] INFO  impl.MiniRaftCluster (MiniRaftCluster.java:newRaftServer(396)) - newRaftServer: s4, group-5F27DC0C25E6:[s3|localhost:15012, s4|localhost:15016, s0|localhost:15000, s1|localhost:15004, s2|localhost:15008], format? true
2025-04-22 16:29:03,234 [main] TRACE util.FileUtils (FileUtils.java:deleteFully(318)) - deleteFully target/test/data/eda91157/MiniRaftClusterWithGrpc988cfe12/s4
2025-04-22 16:29:03,234 [main] TRACE util.FileUtils (FileUtils.java:deleteFully(331)) - deleteFully: target/test/data/eda91157/MiniRaftClusterWithGrpc988cfe12/s4 does not exist.
2025-04-22 16:29:03,234 [main] INFO  impl.MiniRaftCluster (MiniRaftCluster.java:newRaftServer(401)) - Formatted directory target/test/data/eda91157/MiniRaftClusterWithGrpc988cfe12/s4
2025-04-22 16:29:03,235 [main] INFO  grpc.GrpcConfigKeys (ConfUtils.java:logFallback(69)) - raft.grpc.admin.host = null (fallback to raft.grpc.server.host)
2025-04-22 16:29:03,235 [main] INFO  grpc.GrpcConfigKeys (ConfUtils.java:logGet(62)) - raft.grpc.admin.port = 15017 (custom)
2025-04-22 16:29:03,236 [main] INFO  grpc.GrpcConfigKeys (ConfUtils.java:logFallback(69)) - raft.grpc.client.host = null (fallback to raft.grpc.server.host)
2025-04-22 16:29:03,237 [main] INFO  grpc.GrpcConfigKeys (ConfUtils.java:logGet(62)) - raft.grpc.client.port = 15018 (custom)
2025-04-22 16:29:03,238 [main] INFO  grpc.GrpcConfigKeys (ConfUtils.java:logGet(62)) - raft.grpc.server.port = 15016 (custom)
2025-04-22 16:29:03,241 [main] INFO  server.RaftServer (RaftServerProxy.java:addNew(106)) - s4: addNew group-5F27DC0C25E6:[s3|localhost:15012, s4|localhost:15016, s0|localhost:15000, s1|localhost:15004, s2|localhost:15008] returns group-5F27DC0C25E6:java.util.concurrent.CompletableFuture@727eb8cb[Not completed]
2025-04-22 16:29:03,241 [main] INFO  impl.MiniRaftCluster (MiniRaftCluster.java:newRaftServer(396)) - newRaftServer: s0, group-5F27DC0C25E6:[s3|localhost:15012, s4|localhost:15016, s0|localhost:15000, s1|localhost:15004, s2|localhost:15008], format? true
2025-04-22 16:29:03,241 [main] TRACE util.FileUtils (FileUtils.java:deleteFully(318)) - deleteFully target/test/data/eda91157/MiniRaftClusterWithGrpc988cfe12/s0
2025-04-22 16:29:03,242 [main] TRACE util.FileUtils (FileUtils.java:deleteFully(331)) - deleteFully: target/test/data/eda91157/MiniRaftClusterWithGrpc988cfe12/s0 does not exist.
2025-04-22 16:29:03,242 [main] INFO  impl.MiniRaftCluster (MiniRaftCluster.java:newRaftServer(401)) - Formatted directory target/test/data/eda91157/MiniRaftClusterWithGrpc988cfe12/s0
2025-04-22 16:29:03,243 [main] INFO  grpc.GrpcConfigKeys (ConfUtils.java:logFallback(69)) - raft.grpc.admin.host = null (fallback to raft.grpc.server.host)
2025-04-22 16:29:03,243 [main] INFO  grpc.GrpcConfigKeys (ConfUtils.java:logGet(62)) - raft.grpc.admin.port = 15001 (custom)
2025-04-22 16:29:03,243 [main] INFO  grpc.GrpcConfigKeys (ConfUtils.java:logFallback(69)) - raft.grpc.client.host = null (fallback to raft.grpc.server.host)
2025-04-22 16:29:03,244 [main] INFO  grpc.GrpcConfigKeys (ConfUtils.java:logGet(62)) - raft.grpc.client.port = 15002 (custom)
2025-04-22 16:29:03,244 [main] INFO  grpc.GrpcConfigKeys (ConfUtils.java:logGet(62)) - raft.grpc.server.port = 15000 (custom)
2025-04-22 16:29:03,248 [main] INFO  server.RaftServer (RaftServerProxy.java:addNew(106)) - s0: addNew group-5F27DC0C25E6:[s3|localhost:15012, s4|localhost:15016, s0|localhost:15000, s1|localhost:15004, s2|localhost:15008] returns group-5F27DC0C25E6:java.util.concurrent.CompletableFuture@5b7a8434[Not completed]
2025-04-22 16:29:03,249 [main] INFO  impl.MiniRaftCluster (MiniRaftCluster.java:newRaftServer(396)) - newRaftServer: s1, group-5F27DC0C25E6:[s3|localhost:15012, s4|localhost:15016, s0|localhost:15000, s1|localhost:15004, s2|localhost:15008], format? true
2025-04-22 16:29:03,249 [main] TRACE util.FileUtils (FileUtils.java:deleteFully(318)) - deleteFully target/test/data/eda91157/MiniRaftClusterWithGrpc988cfe12/s1
2025-04-22 16:29:03,249 [main] TRACE util.FileUtils (FileUtils.java:deleteFully(331)) - deleteFully: target/test/data/eda91157/MiniRaftClusterWithGrpc988cfe12/s1 does not exist.
2025-04-22 16:29:03,250 [main] INFO  impl.MiniRaftCluster (MiniRaftCluster.java:newRaftServer(401)) - Formatted directory target/test/data/eda91157/MiniRaftClusterWithGrpc988cfe12/s1
2025-04-22 16:29:03,250 [main] INFO  grpc.GrpcConfigKeys (ConfUtils.java:logFallback(69)) - raft.grpc.admin.host = null (fallback to raft.grpc.server.host)
2025-04-22 16:29:03,251 [main] INFO  grpc.GrpcConfigKeys (ConfUtils.java:logGet(62)) - raft.grpc.admin.port = 15005 (custom)
2025-04-22 16:29:03,251 [main] INFO  grpc.GrpcConfigKeys (ConfUtils.java:logFallback(69)) - raft.grpc.client.host = null (fallback to raft.grpc.server.host)
2025-04-22 16:29:03,251 [main] INFO  grpc.GrpcConfigKeys (ConfUtils.java:logGet(62)) - raft.grpc.client.port = 15006 (custom)
2025-04-22 16:29:03,252 [s0-groupManagement] INFO  server.RaftServer$Division (RaftServerImpl.java:<init>(271)) - s0: new RaftServerImpl for group-5F27DC0C25E6:[s3|localhost:15012, s4|localhost:15016, s0|localhost:15000, s1|localhost:15004, s2|localhost:15008] with SimpleStateMachine4Testing:uninitialized
2025-04-22 16:29:03,252 [main] INFO  grpc.GrpcConfigKeys (ConfUtils.java:logGet(62)) - raft.grpc.server.port = 15004 (custom)
2025-04-22 16:29:03,252 [s3-groupManagement] INFO  server.RaftServer$Division (RaftServerImpl.java:<init>(271)) - s3: new RaftServerImpl for group-5F27DC0C25E6:[s3|localhost:15012, s4|localhost:15016, s0|localhost:15000, s1|localhost:15004, s2|localhost:15008] with SimpleStateMachine4Testing:uninitialized
2025-04-22 16:29:03,252 [s4-groupManagement] INFO  server.RaftServer$Division (RaftServerImpl.java:<init>(271)) - s4: new RaftServerImpl for group-5F27DC0C25E6:[s3|localhost:15012, s4|localhost:15016, s0|localhost:15000, s1|localhost:15004, s2|localhost:15008] with SimpleStateMachine4Testing:uninitialized
2025-04-22 16:29:03,259 [s3-groupManagement] INFO  server.RaftServer$Division (ServerState.java:<init>(114)) - s3@group-5F27DC0C25E6: ConfigurationManager, init=conf: {index: -1, cur=peers:[s3|localhost:15012, s4|localhost:15016, s0|localhost:15000, s1|localhost:15004, s2|localhost:15008]|listeners:[], old=null}, confs=<EMPTY_MAP>
2025-04-22 16:29:03,259 [s4-groupManagement] INFO  server.RaftServer$Division (ServerState.java:<init>(114)) - s4@group-5F27DC0C25E6: ConfigurationManager, init=conf: {index: -1, cur=peers:[s3|localhost:15012, s4|localhost:15016, s0|localhost:15000, s1|localhost:15004, s2|localhost:15008]|listeners:[], old=null}, confs=<EMPTY_MAP>
2025-04-22 16:29:03,259 [s0-groupManagement] INFO  server.RaftServer$Division (ServerState.java:<init>(114)) - s0@group-5F27DC0C25E6: ConfigurationManager, init=conf: {index: -1, cur=peers:[s3|localhost:15012, s4|localhost:15016, s0|localhost:15000, s1|localhost:15004, s2|localhost:15008]|listeners:[], old=null}, confs=<EMPTY_MAP>
2025-04-22 16:29:03,267 [main] INFO  server.RaftServer (RaftServerProxy.java:addNew(106)) - s1: addNew group-5F27DC0C25E6:[s3|localhost:15012, s4|localhost:15016, s0|localhost:15000, s1|localhost:15004, s2|localhost:15008] returns group-5F27DC0C25E6:java.util.concurrent.CompletableFuture@1bae316d[Not completed]
2025-04-22 16:29:03,268 [main] INFO  impl.MiniRaftCluster (MiniRaftCluster.java:newRaftServer(396)) - newRaftServer: s2, group-5F27DC0C25E6:[s3|localhost:15012, s4|localhost:15016, s0|localhost:15000, s1|localhost:15004, s2|localhost:15008], format? true
2025-04-22 16:29:03,267 [s1-groupManagement] INFO  server.RaftServer$Division (RaftServerImpl.java:<init>(271)) - s1: new RaftServerImpl for group-5F27DC0C25E6:[s3|localhost:15012, s4|localhost:15016, s0|localhost:15000, s1|localhost:15004, s2|localhost:15008] with SimpleStateMachine4Testing:uninitialized
2025-04-22 16:29:03,269 [s1-groupManagement] INFO  server.RaftServer$Division (ServerState.java:<init>(114)) - s1@group-5F27DC0C25E6: ConfigurationManager, init=conf: {index: -1, cur=peers:[s3|localhost:15012, s4|localhost:15016, s0|localhost:15000, s1|localhost:15004, s2|localhost:15008]|listeners:[], old=null}, confs=<EMPTY_MAP>
2025-04-22 16:29:03,269 [main] TRACE util.FileUtils (FileUtils.java:deleteFully(318)) - deleteFully target/test/data/eda91157/MiniRaftClusterWithGrpc988cfe12/s2
2025-04-22 16:29:03,270 [main] TRACE util.FileUtils (FileUtils.java:deleteFully(331)) - deleteFully: target/test/data/eda91157/MiniRaftClusterWithGrpc988cfe12/s2 does not exist.
2025-04-22 16:29:03,270 [main] INFO  impl.MiniRaftCluster (MiniRaftCluster.java:newRaftServer(401)) - Formatted directory target/test/data/eda91157/MiniRaftClusterWithGrpc988cfe12/s2
2025-04-22 16:29:03,271 [main] INFO  grpc.GrpcConfigKeys (ConfUtils.java:logFallback(69)) - raft.grpc.admin.host = null (fallback to raft.grpc.server.host)
2025-04-22 16:29:03,271 [main] INFO  grpc.GrpcConfigKeys (ConfUtils.java:logGet(62)) - raft.grpc.admin.port = 15009 (custom)
2025-04-22 16:29:03,271 [main] INFO  grpc.GrpcConfigKeys (ConfUtils.java:logFallback(69)) - raft.grpc.client.host = null (fallback to raft.grpc.server.host)
2025-04-22 16:29:03,272 [main] INFO  grpc.GrpcConfigKeys (ConfUtils.java:logGet(62)) - raft.grpc.client.port = 15010 (custom)
2025-04-22 16:29:03,272 [main] INFO  grpc.GrpcConfigKeys (ConfUtils.java:logGet(62)) - raft.grpc.server.port = 15008 (custom)
2025-04-22 16:29:03,276 [main] INFO  server.RaftServer (RaftServerProxy.java:addNew(106)) - s2: addNew group-5F27DC0C25E6:[s3|localhost:15012, s4|localhost:15016, s0|localhost:15000, s1|localhost:15004, s2|localhost:15008] returns group-5F27DC0C25E6:java.util.concurrent.CompletableFuture@7cbd9d24[Not completed]
2025-04-22 16:29:03,278 [s2-groupManagement] INFO  server.RaftServer$Division (RaftServerImpl.java:<init>(271)) - s2: new RaftServerImpl for group-5F27DC0C25E6:[s3|localhost:15012, s4|localhost:15016, s0|localhost:15000, s1|localhost:15004, s2|localhost:15008] with SimpleStateMachine4Testing:uninitialized
2025-04-22 16:29:03,278 [s2-groupManagement] INFO  server.RaftServer$Division (ServerState.java:<init>(114)) - s2@group-5F27DC0C25E6: ConfigurationManager, init=conf: {index: -1, cur=peers:[s3|localhost:15012, s4|localhost:15016, s0|localhost:15000, s1|localhost:15004, s2|localhost:15008]|listeners:[], old=null}, confs=<EMPTY_MAP>
2025-04-22 16:29:03,320 [s3-impl-thread1] INFO  storage.RaftStorageDirectory (RaftStorageDirectoryImpl.java:analyzeStorage(138)) - The storage directory /home/runner/work/ratis/ratis/ratis-test/target/test/data/eda91157/MiniRaftClusterWithGrpc988cfe12/s3/d4608442-a9b9-4711-a2e7-5f27dc0c25e6 does not exist. Creating ...
2025-04-22 16:29:03,322 [s3-impl-thread1] TRACE util.FileUtils (LogUtils.java:runAndLog(49)) - Successfully ran Files.createDirectories /home/runner/work/ratis/ratis/ratis-test/target/test/data/eda91157/MiniRaftClusterWithGrpc988cfe12/s3/d4608442-a9b9-4711-a2e7-5f27dc0c25e6
2025-04-22 16:29:03,325 [s3-impl-thread1] INFO  storage.RaftStorageDirectory (RaftStorageDirectoryImpl.java:tryLock(229)) - Lock on /home/runner/work/ratis/ratis/ratis-test/target/test/data/eda91157/MiniRaftClusterWithGrpc988cfe12/s3/d4608442-a9b9-4711-a2e7-5f27dc0c25e6/in_use.lock acquired by nodename 8611@fv-az1120-923.mg4m5ltoorkeplnhtot4p0wula.cx.internal.cloudapp.net
2025-04-22 16:29:03,326 [s3-impl-thread1] TRACE util.FileUtils (LogUtils.java:runAndLog(49)) - Successfully ran Files.createDirectories /home/runner/work/ratis/ratis/ratis-test/target/test/data/eda91157/MiniRaftClusterWithGrpc988cfe12/s3/d4608442-a9b9-4711-a2e7-5f27dc0c25e6/current
2025-04-22 16:29:03,326 [s3-impl-thread1] TRACE util.FileUtils (LogUtils.java:runAndLog(49)) - Successfully ran Files.createDirectories /home/runner/work/ratis/ratis/ratis-test/target/test/data/eda91157/MiniRaftClusterWithGrpc988cfe12/s3/d4608442-a9b9-4711-a2e7-5f27dc0c25e6/sm
2025-04-22 16:29:03,329 [s3-impl-thread1] TRACE util.FileUtils (LogUtils.java:supplyAndLog(69)) - Successfully supplied FileChannel.open /home/runner/work/ratis/ratis/ratis-test/target/test/data/eda91157/MiniRaftClusterWithGrpc988cfe12/s3/d4608442-a9b9-4711-a2e7-5f27dc0c25e6/current/raft-meta.tmp with options [CREATE, TRUNCATE_EXISTING, WRITE]: sun.nio.ch.FileChannelImpl@33e9ca5a
2025-04-22 16:29:03,334 [s3-impl-thread1] TRACE util.FileUtils (LogUtils.java:runAndLog(49)) - Successfully ran Atomic Files.move /home/runner/work/ratis/ratis/ratis-test/target/test/data/eda91157/MiniRaftClusterWithGrpc988cfe12/s3/d4608442-a9b9-4711-a2e7-5f27dc0c25e6/current/raft-meta.tmp to /home/runner/work/ratis/ratis/ratis-test/target/test/data/eda91157/MiniRaftClusterWithGrpc988cfe12/s3/d4608442-a9b9-4711-a2e7-5f27dc0c25e6/current/raft-meta with options [REPLACE_EXISTING]
2025-04-22 16:29:03,334 [s3-impl-thread1] INFO  storage.RaftStorage (RaftStorageImpl.java:format(98)) - Storage directory /home/runner/work/ratis/ratis/ratis-test/target/test/data/eda91157/MiniRaftClusterWithGrpc988cfe12/s3/d4608442-a9b9-4711-a2e7-5f27dc0c25e6 has been successfully formatted.
2025-04-22 16:29:03,335 [s3-impl-thread1] INFO  impl.SimpleStateMachine4Testing (SimpleStateMachine4Testing.java:initialize(214)) - Initializing SimpleStateMachine4Testing:uninitialized
2025-04-22 16:29:03,336 [s3-impl-thread1] INFO  impl.SimpleStateMachine4Testing (SimpleStateMachine4Testing.java:loadSnapshot(298)) - Loading snapshot null
2025-04-22 16:29:03,351 [s3-impl-thread1] INFO  util.AwaitToRun (AwaitToRun.java:start(81)) - Thread[s3@group-5F27DC0C25E6-cacheEviction-AwaitToRun,5,main] started
2025-04-22 16:29:03,354 [s3-impl-thread1] INFO  segmented.SegmentedRaftLogWorker (SegmentedRaftLogWorker.java:<init>(191)) - new s3@group-5F27DC0C25E6-SegmentedRaftLogWorker for RaftStorageImpl:Storage Directory /home/runner/work/ratis/ratis/ratis-test/target/test/data/eda91157/MiniRaftClusterWithGrpc988cfe12/s3/d4608442-a9b9-4711-a2e7-5f27dc0c25e6
2025-04-22 16:29:03,362 [s3-impl-thread1] INFO  segmented.SegmentedRaftLogWorker (SegmentedRaftLogWorker.java:lambda$new$0(142)) - s3@group-5F27DC0C25E6-SegmentedRaftLogWorker: flushIndex: setUnconditionally 0 -> -1
2025-04-22 16:29:03,362 [s3-impl-thread1] INFO  segmented.SegmentedRaftLogWorker (SegmentedRaftLogWorker.java:lambda$new$0(142)) - s3@group-5F27DC0C25E6-SegmentedRaftLogWorker: safeCacheEvictIndex: setUnconditionally 0 -> -1
2025-04-22 16:29:03,363 [s3-impl-thread1] INFO  server.RaftServer$Division (RaftServerImpl.java:start(408)) - s3@group-5F27DC0C25E6: start as a follower, conf=conf: {index: -1, cur=peers:[s3|localhost:15012, s4|localhost:15016, s0|localhost:15000, s1|localhost:15004, s2|localhost:15008]|listeners:[], old=null}
2025-04-22 16:29:03,364 [s3-impl-thread1] INFO  server.RaftServer$Division (RaftServerImpl.java:setRole(395)) - s3@group-5F27DC0C25E6: changes role from      null to FOLLOWER at term 0 for startAsFollower
2025-04-22 16:29:03,364 [s3-impl-thread1] INFO  impl.RoleInfo (RoleInfo.java:updateAndGet(148)) - s3: start s3@group-5F27DC0C25E6-FollowerState
2025-04-22 16:29:03,366 [s3-impl-thread1] INFO  util.JmxRegister (JmxRegister.java:tryRegister(44)) - Successfully registered JMX Bean with object name Ratis:service=RaftServer,group=group-5F27DC0C25E6,id=s3
2025-04-22 16:29:03,366 [s3-impl-thread1] INFO  util.JmxRegister (JmxRegister.java:register(58)) - register mxBean class org.apache.ratis.server.impl.RaftServerJmxAdapter as Ratis:service=RaftServer,group=group-5F27DC0C25E6,id=s3
2025-04-22 16:29:03,370 [s3-impl-thread1] INFO  server.RaftServer$Division (RaftServerImpl.java:start(422)) - s3@group-5F27DC0C25E6: Successfully started.
2025-04-22 16:29:03,370 [main] INFO  server.RaftServer (RaftServerProxy.java:startImpl(413)) - s3: start RPC server
2025-04-22 16:29:03,397 [main] INFO  server.GrpcServicesImpl (GrpcServicesImpl.java:startImpl(353)) - s3: GrpcServicesImpl started, listening on 15014
2025-04-22 16:29:03,398 [main] INFO  server.GrpcServicesImpl (GrpcServicesImpl.java:startImpl(353)) - s3: GrpcServicesImpl started, listening on 15012
2025-04-22 16:29:03,398 [main] INFO  server.GrpcServicesImpl (GrpcServicesImpl.java:startImpl(353)) - s3: GrpcServicesImpl started, listening on 15013
2025-04-22 16:29:03,400 [JvmPauseMonitor0] INFO  util.JvmPauseMonitor (JvmPauseMonitor.java:run(146)) - JvmPauseMonitor-s3: Started
2025-04-22 16:29:03,400 [s4-impl-thread1] INFO  storage.RaftStorageDirectory (RaftStorageDirectoryImpl.java:analyzeStorage(138)) - The storage directory /home/runner/work/ratis/ratis/ratis-test/target/test/data/eda91157/MiniRaftClusterWithGrpc988cfe12/s4/d4608442-a9b9-4711-a2e7-5f27dc0c25e6 does not exist. Creating ...
2025-04-22 16:29:03,401 [s4-impl-thread1] TRACE util.FileUtils (LogUtils.java:runAndLog(49)) - Successfully ran Files.createDirectories /home/runner/work/ratis/ratis/ratis-test/target/test/data/eda91157/MiniRaftClusterWithGrpc988cfe12/s4/d4608442-a9b9-4711-a2e7-5f27dc0c25e6
2025-04-22 16:29:03,402 [s4-impl-thread1] INFO  storage.RaftStorageDirectory (RaftStorageDirectoryImpl.java:tryLock(229)) - Lock on /home/runner/work/ratis/ratis/ratis-test/target/test/data/eda91157/MiniRaftClusterWithGrpc988cfe12/s4/d4608442-a9b9-4711-a2e7-5f27dc0c25e6/in_use.lock acquired by nodename 8611@fv-az1120-923.mg4m5ltoorkeplnhtot4p0wula.cx.internal.cloudapp.net
2025-04-22 16:29:03,402 [s4-impl-thread1] TRACE util.FileUtils (LogUtils.java:runAndLog(49)) - Successfully ran Files.createDirectories /home/runner/work/ratis/ratis/ratis-test/target/test/data/eda91157/MiniRaftClusterWithGrpc988cfe12/s4/d4608442-a9b9-4711-a2e7-5f27dc0c25e6/current
2025-04-22 16:29:03,402 [s4-impl-thread1] TRACE util.FileUtils (LogUtils.java:runAndLog(49)) - Successfully ran Files.createDirectories /home/runner/work/ratis/ratis/ratis-test/target/test/data/eda91157/MiniRaftClusterWithGrpc988cfe12/s4/d4608442-a9b9-4711-a2e7-5f27dc0c25e6/sm
2025-04-22 16:29:03,403 [s4-impl-thread1] TRACE util.FileUtils (LogUtils.java:supplyAndLog(69)) - Successfully supplied FileChannel.open /home/runner/work/ratis/ratis/ratis-test/target/test/data/eda91157/MiniRaftClusterWithGrpc988cfe12/s4/d4608442-a9b9-4711-a2e7-5f27dc0c25e6/current/raft-meta.tmp with options [CREATE, TRUNCATE_EXISTING, WRITE]: sun.nio.ch.FileChannelImpl@44424a1b
2025-04-22 16:29:03,404 [s4-impl-thread1] TRACE util.FileUtils (LogUtils.java:runAndLog(49)) - Successfully ran Atomic Files.move /home/runner/work/ratis/ratis/ratis-test/target/test/data/eda91157/MiniRaftClusterWithGrpc988cfe12/s4/d4608442-a9b9-4711-a2e7-5f27dc0c25e6/current/raft-meta.tmp to /home/runner/work/ratis/ratis/ratis-test/target/test/data/eda91157/MiniRaftClusterWithGrpc988cfe12/s4/d4608442-a9b9-4711-a2e7-5f27dc0c25e6/current/raft-meta with options [REPLACE_EXISTING]
2025-04-22 16:29:03,404 [s4-impl-thread1] INFO  storage.RaftStorage (RaftStorageImpl.java:format(98)) - Storage directory /home/runner/work/ratis/ratis/ratis-test/target/test/data/eda91157/MiniRaftClusterWithGrpc988cfe12/s4/d4608442-a9b9-4711-a2e7-5f27dc0c25e6 has been successfully formatted.
2025-04-22 16:29:03,404 [s4-impl-thread1] INFO  impl.SimpleStateMachine4Testing (SimpleStateMachine4Testing.java:initialize(214)) - Initializing SimpleStateMachine4Testing:uninitialized
2025-04-22 16:29:03,405 [s4-impl-thread1] INFO  impl.SimpleStateMachine4Testing (SimpleStateMachine4Testing.java:loadSnapshot(298)) - Loading snapshot null
2025-04-22 16:29:03,407 [s4-impl-thread1] INFO  util.AwaitToRun (AwaitToRun.java:start(81)) - Thread[s4@group-5F27DC0C25E6-cacheEviction-AwaitToRun,5,main] started
2025-04-22 16:29:03,407 [s4-impl-thread1] INFO  segmented.SegmentedRaftLogWorker (SegmentedRaftLogWorker.java:<init>(191)) - new s4@group-5F27DC0C25E6-SegmentedRaftLogWorker for RaftStorageImpl:Storage Directory /home/runner/work/ratis/ratis/ratis-test/target/test/data/eda91157/MiniRaftClusterWithGrpc988cfe12/s4/d4608442-a9b9-4711-a2e7-5f27dc0c25e6
2025-04-22 16:29:03,409 [s4-impl-thread1] INFO  segmented.SegmentedRaftLogWorker (SegmentedRaftLogWorker.java:lambda$new$0(142)) - s4@group-5F27DC0C25E6-SegmentedRaftLogWorker: flushIndex: setUnconditionally 0 -> -1
2025-04-22 16:29:03,409 [s4-impl-thread1] INFO  segmented.SegmentedRaftLogWorker (SegmentedRaftLogWorker.java:lambda$new$0(142)) - s4@group-5F27DC0C25E6-SegmentedRaftLogWorker: safeCacheEvictIndex: setUnconditionally 0 -> -1
2025-04-22 16:29:03,409 [s4-impl-thread1] INFO  server.RaftServer$Division (RaftServerImpl.java:start(408)) - s4@group-5F27DC0C25E6: start as a follower, conf=conf: {index: -1, cur=peers:[s3|localhost:15012, s4|localhost:15016, s0|localhost:15000, s1|localhost:15004, s2|localhost:15008]|listeners:[], old=null}
2025-04-22 16:29:03,409 [s4-impl-thread1] INFO  server.RaftServer$Division (RaftServerImpl.java:setRole(395)) - s4@group-5F27DC0C25E6: changes role from      null to FOLLOWER at term 0 for startAsFollower
2025-04-22 16:29:03,409 [s4-impl-thread1] INFO  impl.RoleInfo (RoleInfo.java:updateAndGet(148)) - s4: start s4@group-5F27DC0C25E6-FollowerState
2025-04-22 16:29:03,410 [s4-impl-thread1] INFO  util.JmxRegister (JmxRegister.java:tryRegister(44)) - Successfully registered JMX Bean with object name Ratis:service=RaftServer,group=group-5F27DC0C25E6,id=s4
2025-04-22 16:29:03,410 [s4-impl-thread1] INFO  util.JmxRegister (JmxRegister.java:register(58)) - register mxBean class org.apache.ratis.server.impl.RaftServerJmxAdapter as Ratis:service=RaftServer,group=group-5F27DC0C25E6,id=s4
2025-04-22 16:29:03,411 [s4-impl-thread1] INFO  server.RaftServer$Division (RaftServerImpl.java:start(422)) - s4@group-5F27DC0C25E6: Successfully started.
2025-04-22 16:29:03,411 [main] INFO  server.RaftServer (RaftServerProxy.java:startImpl(413)) - s4: start RPC server
2025-04-22 16:29:03,411 [main] INFO  server.GrpcServicesImpl (GrpcServicesImpl.java:startImpl(353)) - s4: GrpcServicesImpl started, listening on 15018
2025-04-22 16:29:03,412 [main] INFO  server.GrpcServicesImpl (GrpcServicesImpl.java:startImpl(353)) - s4: GrpcServicesImpl started, listening on 15016
2025-04-22 16:29:03,413 [main] INFO  server.GrpcServicesImpl (GrpcServicesImpl.java:startImpl(353)) - s4: GrpcServicesImpl started, listening on 15017
2025-04-22 16:29:03,413 [JvmPauseMonitor1] INFO  util.JvmPauseMonitor (JvmPauseMonitor.java:run(146)) - JvmPauseMonitor-s4: Started
2025-04-22 16:29:03,413 [s0-impl-thread1] INFO  storage.RaftStorageDirectory (RaftStorageDirectoryImpl.java:analyzeStorage(138)) - The storage directory /home/runner/work/ratis/ratis/ratis-test/target/test/data/eda91157/MiniRaftClusterWithGrpc988cfe12/s0/d4608442-a9b9-4711-a2e7-5f27dc0c25e6 does not exist. Creating ...
2025-04-22 16:29:03,414 [s0-impl-thread1] TRACE util.FileUtils (LogUtils.java:runAndLog(49)) - Successfully ran Files.createDirectories /home/runner/work/ratis/ratis/ratis-test/target/test/data/eda91157/MiniRaftClusterWithGrpc988cfe12/s0/d4608442-a9b9-4711-a2e7-5f27dc0c25e6
2025-04-22 16:29:03,415 [s0-impl-thread1] INFO  storage.RaftStorageDirectory (RaftStorageDirectoryImpl.java:tryLock(229)) - Lock on /home/runner/work/ratis/ratis/ratis-test/target/test/data/eda91157/MiniRaftClusterWithGrpc988cfe12/s0/d4608442-a9b9-4711-a2e7-5f27dc0c25e6/in_use.lock acquired by nodename 8611@fv-az1120-923.mg4m5ltoorkeplnhtot4p0wula.cx.internal.cloudapp.net
2025-04-22 16:29:03,415 [s0-impl-thread1] TRACE util.FileUtils (LogUtils.java:runAndLog(49)) - Successfully ran Files.createDirectories /home/runner/work/ratis/ratis/ratis-test/target/test/data/eda91157/MiniRaftClusterWithGrpc988cfe12/s0/d4608442-a9b9-4711-a2e7-5f27dc0c25e6/current
2025-04-22 16:29:03,415 [s0-impl-thread1] TRACE util.FileUtils (LogUtils.java:runAndLog(49)) - Successfully ran Files.createDirectories /home/runner/work/ratis/ratis/ratis-test/target/test/data/eda91157/MiniRaftClusterWithGrpc988cfe12/s0/d4608442-a9b9-4711-a2e7-5f27dc0c25e6/sm
2025-04-22 16:29:03,415 [s0-impl-thread1] TRACE util.FileUtils (LogUtils.java:supplyAndLog(69)) - Successfully supplied FileChannel.open /home/runner/work/ratis/ratis/ratis-test/target/test/data/eda91157/MiniRaftClusterWithGrpc988cfe12/s0/d4608442-a9b9-4711-a2e7-5f27dc0c25e6/current/raft-meta.tmp with options [CREATE, TRUNCATE_EXISTING, WRITE]: sun.nio.ch.FileChannelImpl@a9e03fb
2025-04-22 16:29:03,416 [s0-impl-thread1] TRACE util.FileUtils (LogUtils.java:runAndLog(49)) - Successfully ran Atomic Files.move /home/runner/work/ratis/ratis/ratis-test/target/test/data/eda91157/MiniRaftClusterWithGrpc988cfe12/s0/d4608442-a9b9-4711-a2e7-5f27dc0c25e6/current/raft-meta.tmp to /home/runner/work/ratis/ratis/ratis-test/target/test/data/eda91157/MiniRaftClusterWithGrpc988cfe12/s0/d4608442-a9b9-4711-a2e7-5f27dc0c25e6/current/raft-meta with options [REPLACE_EXISTING]
2025-04-22 16:29:03,416 [s0-impl-thread1] INFO  storage.RaftStorage (RaftStorageImpl.java:format(98)) - Storage directory /home/runner/work/ratis/ratis/ratis-test/target/test/data/eda91157/MiniRaftClusterWithGrpc988cfe12/s0/d4608442-a9b9-4711-a2e7-5f27dc0c25e6 has been successfully formatted.
2025-04-22 16:29:03,417 [s0-impl-thread1] INFO  impl.SimpleStateMachine4Testing (SimpleStateMachine4Testing.java:initialize(214)) - Initializing SimpleStateMachine4Testing:uninitialized
2025-04-22 16:29:03,417 [s0-impl-thread1] INFO  impl.SimpleStateMachine4Testing (SimpleStateMachine4Testing.java:loadSnapshot(298)) - Loading snapshot null
2025-04-22 16:29:03,418 [s0-impl-thread1] INFO  util.AwaitToRun (AwaitToRun.java:start(81)) - Thread[s0@group-5F27DC0C25E6-cacheEviction-AwaitToRun,5,main] started
2025-04-22 16:29:03,418 [s0-impl-thread1] INFO  segmented.SegmentedRaftLogWorker (SegmentedRaftLogWorker.java:<init>(191)) - new s0@group-5F27DC0C25E6-SegmentedRaftLogWorker for RaftStorageImpl:Storage Directory /home/runner/work/ratis/ratis/ratis-test/target/test/data/eda91157/MiniRaftClusterWithGrpc988cfe12/s0/d4608442-a9b9-4711-a2e7-5f27dc0c25e6
2025-04-22 16:29:03,419 [s0-impl-thread1] INFO  segmented.SegmentedRaftLogWorker (SegmentedRaftLogWorker.java:lambda$new$0(142)) - s0@group-5F27DC0C25E6-SegmentedRaftLogWorker: flushIndex: setUnconditionally 0 -> -1
2025-04-22 16:29:03,419 [s0-impl-thread1] INFO  segmented.SegmentedRaftLogWorker (SegmentedRaftLogWorker.java:lambda$new$0(142)) - s0@group-5F27DC0C25E6-SegmentedRaftLogWorker: safeCacheEvictIndex: setUnconditionally 0 -> -1
2025-04-22 16:29:03,420 [s0-impl-thread1] INFO  server.RaftServer$Division (RaftServerImpl.java:start(408)) - s0@group-5F27DC0C25E6: start as a follower, conf=conf: {index: -1, cur=peers:[s3|localhost:15012, s4|localhost:15016, s0|localhost:15000, s1|localhost:15004, s2|localhost:15008]|listeners:[], old=null}
2025-04-22 16:29:03,420 [s0-impl-thread1] INFO  server.RaftServer$Division (RaftServerImpl.java:setRole(395)) - s0@group-5F27DC0C25E6: changes role from      null to FOLLOWER at term 0 for startAsFollower
2025-04-22 16:29:03,420 [s0-impl-thread1] INFO  impl.RoleInfo (RoleInfo.java:updateAndGet(148)) - s0: start s0@group-5F27DC0C25E6-FollowerState
2025-04-22 16:29:03,420 [s0-impl-thread1] INFO  util.JmxRegister (JmxRegister.java:tryRegister(44)) - Successfully registered JMX Bean with object name Ratis:service=RaftServer,group=group-5F27DC0C25E6,id=s0
2025-04-22 16:29:03,421 [s0-impl-thread1] INFO  util.JmxRegister (JmxRegister.java:register(58)) - register mxBean class org.apache.ratis.server.impl.RaftServerJmxAdapter as Ratis:service=RaftServer,group=group-5F27DC0C25E6,id=s0
2025-04-22 16:29:03,421 [s0-impl-thread1] INFO  server.RaftServer$Division (RaftServerImpl.java:start(422)) - s0@group-5F27DC0C25E6: Successfully started.
2025-04-22 16:29:03,421 [main] INFO  server.RaftServer (RaftServerProxy.java:startImpl(413)) - s0: start RPC server
2025-04-22 16:29:03,422 [main] INFO  server.GrpcServicesImpl (GrpcServicesImpl.java:startImpl(353)) - s0: GrpcServicesImpl started, listening on 15002
2025-04-22 16:29:03,422 [main] INFO  server.GrpcServicesImpl (GrpcServicesImpl.java:startImpl(353)) - s0: GrpcServicesImpl started, listening on 15000
2025-04-22 16:29:03,423 [main] INFO  server.GrpcServicesImpl (GrpcServicesImpl.java:startImpl(353)) - s0: GrpcServicesImpl started, listening on 15001
2025-04-22 16:29:03,423 [JvmPauseMonitor2] INFO  util.JvmPauseMonitor (JvmPauseMonitor.java:run(146)) - JvmPauseMonitor-s0: Started
2025-04-22 16:29:03,423 [s1-impl-thread1] INFO  storage.RaftStorageDirectory (RaftStorageDirectoryImpl.java:analyzeStorage(138)) - The storage directory /home/runner/work/ratis/ratis/ratis-test/target/test/data/eda91157/MiniRaftClusterWithGrpc988cfe12/s1/d4608442-a9b9-4711-a2e7-5f27dc0c25e6 does not exist. Creating ...
2025-04-22 16:29:03,424 [s1-impl-thread1] TRACE util.FileUtils (LogUtils.java:runAndLog(49)) - Successfully ran Files.createDirectories /home/runner/work/ratis/ratis/ratis-test/target/test/data/eda91157/MiniRaftClusterWithGrpc988cfe12/s1/d4608442-a9b9-4711-a2e7-5f27dc0c25e6
2025-04-22 16:29:03,425 [s1-impl-thread1] INFO  storage.RaftStorageDirectory (RaftStorageDirectoryImpl.java:tryLock(229)) - Lock on /home/runner/work/ratis/ratis/ratis-test/target/test/data/eda91157/MiniRaftClusterWithGrpc988cfe12/s1/d4608442-a9b9-4711-a2e7-5f27dc0c25e6/in_use.lock acquired by nodename 8611@fv-az1120-923.mg4m5ltoorkeplnhtot4p0wula.cx.internal.cloudapp.net
2025-04-22 16:29:03,425 [s1-impl-thread1] TRACE util.FileUtils (LogUtils.java:runAndLog(49)) - Successfully ran Files.createDirectories /home/runner/work/ratis/ratis/ratis-test/target/test/data/eda91157/MiniRaftClusterWithGrpc988cfe12/s1/d4608442-a9b9-4711-a2e7-5f27dc0c25e6/current
2025-04-22 16:29:03,425 [s1-impl-thread1] TRACE util.FileUtils (LogUtils.java:runAndLog(49)) - Successfully ran Files.createDirectories /home/runner/work/ratis/ratis/ratis-test/target/test/data/eda91157/MiniRaftClusterWithGrpc988cfe12/s1/d4608442-a9b9-4711-a2e7-5f27dc0c25e6/sm
2025-04-22 16:29:03,425 [s1-impl-thread1] TRACE util.FileUtils (LogUtils.java:supplyAndLog(69)) - Successfully supplied FileChannel.open /home/runner/work/ratis/ratis/ratis-test/target/test/data/eda91157/MiniRaftClusterWithGrpc988cfe12/s1/d4608442-a9b9-4711-a2e7-5f27dc0c25e6/current/raft-meta.tmp with options [CREATE, TRUNCATE_EXISTING, WRITE]: sun.nio.ch.FileChannelImpl@4779ad6c
2025-04-22 16:29:03,426 [s1-impl-thread1] TRACE util.FileUtils (LogUtils.java:runAndLog(49)) - Successfully ran Atomic Files.move /home/runner/work/ratis/ratis/ratis-test/target/test/data/eda91157/MiniRaftClusterWithGrpc988cfe12/s1/d4608442-a9b9-4711-a2e7-5f27dc0c25e6/current/raft-meta.tmp to /home/runner/work/ratis/ratis/ratis-test/target/test/data/eda91157/MiniRaftClusterWithGrpc988cfe12/s1/d4608442-a9b9-4711-a2e7-5f27dc0c25e6/current/raft-meta with options [REPLACE_EXISTING]
2025-04-22 16:29:03,427 [s1-impl-thread1] INFO  storage.RaftStorage (RaftStorageImpl.java:format(98)) - Storage directory /home/runner/work/ratis/ratis/ratis-test/target/test/data/eda91157/MiniRaftClusterWithGrpc988cfe12/s1/d4608442-a9b9-4711-a2e7-5f27dc0c25e6 has been successfully formatted.
2025-04-22 16:29:03,427 [s1-impl-thread1] INFO  impl.SimpleStateMachine4Testing (SimpleStateMachine4Testing.java:initialize(214)) - Initializing SimpleStateMachine4Testing:uninitialized
2025-04-22 16:29:03,427 [s1-impl-thread1] INFO  impl.SimpleStateMachine4Testing (SimpleStateMachine4Testing.java:loadSnapshot(298)) - Loading snapshot null
2025-04-22 16:29:03,428 [s1-impl-thread1] INFO  util.AwaitToRun (AwaitToRun.java:start(81)) - Thread[s1@group-5F27DC0C25E6-cacheEviction-AwaitToRun,5,main] started
2025-04-22 16:29:03,428 [s1-impl-thread1] INFO  segmented.SegmentedRaftLogWorker (SegmentedRaftLogWorker.java:<init>(191)) - new s1@group-5F27DC0C25E6-SegmentedRaftLogWorker for RaftStorageImpl:Storage Directory /home/runner/work/ratis/ratis/ratis-test/target/test/data/eda91157/MiniRaftClusterWithGrpc988cfe12/s1/d4608442-a9b9-4711-a2e7-5f27dc0c25e6
2025-04-22 16:29:03,429 [s1-impl-thread1] INFO  segmented.SegmentedRaftLogWorker (SegmentedRaftLogWorker.java:lambda$new$0(142)) - s1@group-5F27DC0C25E6-SegmentedRaftLogWorker: flushIndex: setUnconditionally 0 -> -1
2025-04-22 16:29:03,430 [s1-impl-thread1] INFO  segmented.SegmentedRaftLogWorker (SegmentedRaftLogWorker.java:lambda$new$0(142)) - s1@group-5F27DC0C25E6-SegmentedRaftLogWorker: safeCacheEvictIndex: setUnconditionally 0 -> -1
2025-04-22 16:29:03,430 [s1-impl-thread1] INFO  server.RaftServer$Division (RaftServerImpl.java:start(408)) - s1@group-5F27DC0C25E6: start as a follower, conf=conf: {index: -1, cur=peers:[s3|localhost:15012, s4|localhost:15016, s0|localhost:15000, s1|localhost:15004, s2|localhost:15008]|listeners:[], old=null}
2025-04-22 16:29:03,430 [s1-impl-thread1] INFO  server.RaftServer$Division (RaftServerImpl.java:setRole(395)) - s1@group-5F27DC0C25E6: changes role from      null to FOLLOWER at term 0 for startAsFollower
2025-04-22 16:29:03,431 [s1-impl-thread1] INFO  impl.RoleInfo (RoleInfo.java:updateAndGet(148)) - s1: start s1@group-5F27DC0C25E6-FollowerState
2025-04-22 16:29:03,431 [s1-impl-thread1] INFO  util.JmxRegister (JmxRegister.java:tryRegister(44)) - Successfully registered JMX Bean with object name Ratis:service=RaftServer,group=group-5F27DC0C25E6,id=s1
2025-04-22 16:29:03,431 [s1-impl-thread1] INFO  util.JmxRegister (JmxRegister.java:register(58)) - register mxBean class org.apache.ratis.server.impl.RaftServerJmxAdapter as Ratis:service=RaftServer,group=group-5F27DC0C25E6,id=s1
2025-04-22 16:29:03,432 [s1-impl-thread1] INFO  server.RaftServer$Division (RaftServerImpl.java:start(422)) - s1@group-5F27DC0C25E6: Successfully started.
2025-04-22 16:29:03,432 [main] INFO  server.RaftServer (RaftServerProxy.java:startImpl(413)) - s1: start RPC server
2025-04-22 16:29:03,432 [main] INFO  server.GrpcServicesImpl (GrpcServicesImpl.java:startImpl(353)) - s1: GrpcServicesImpl started, listening on 15006
2025-04-22 16:29:03,433 [main] INFO  server.GrpcServicesImpl (GrpcServicesImpl.java:startImpl(353)) - s1: GrpcServicesImpl started, listening on 15004
2025-04-22 16:29:03,433 [main] INFO  server.GrpcServicesImpl (GrpcServicesImpl.java:startImpl(353)) - s1: GrpcServicesImpl started, listening on 15005
2025-04-22 16:29:03,434 [JvmPauseMonitor3] INFO  util.JvmPauseMonitor (JvmPauseMonitor.java:run(146)) - JvmPauseMonitor-s1: Started
2025-04-22 16:29:03,434 [s2-impl-thread1] INFO  storage.RaftStorageDirectory (RaftStorageDirectoryImpl.java:analyzeStorage(138)) - The storage directory /home/runner/work/ratis/ratis/ratis-test/target/test/data/eda91157/MiniRaftClusterWithGrpc988cfe12/s2/d4608442-a9b9-4711-a2e7-5f27dc0c25e6 does not exist. Creating ...
2025-04-22 16:29:03,434 [s2-impl-thread1] TRACE util.FileUtils (LogUtils.java:runAndLog(49)) - Successfully ran Files.createDirectories /home/runner/work/ratis/ratis/ratis-test/target/test/data/eda91157/MiniRaftClusterWithGrpc988cfe12/s2/d4608442-a9b9-4711-a2e7-5f27dc0c25e6
2025-04-22 16:29:03,435 [s2-impl-thread1] INFO  storage.RaftStorageDirectory (RaftStorageDirectoryImpl.java:tryLock(229)) - Lock on /home/runner/work/ratis/ratis/ratis-test/target/test/data/eda91157/MiniRaftClusterWithGrpc988cfe12/s2/d4608442-a9b9-4711-a2e7-5f27dc0c25e6/in_use.lock acquired by nodename 8611@fv-az1120-923.mg4m5ltoorkeplnhtot4p0wula.cx.internal.cloudapp.net
2025-04-22 16:29:03,435 [s2-impl-thread1] TRACE util.FileUtils (LogUtils.java:runAndLog(49)) - Successfully ran Files.createDirectories /home/runner/work/ratis/ratis/ratis-test/target/test/data/eda91157/MiniRaftClusterWithGrpc988cfe12/s2/d4608442-a9b9-4711-a2e7-5f27dc0c25e6/current
2025-04-22 16:29:03,435 [s2-impl-thread1] TRACE util.FileUtils (LogUtils.java:runAndLog(49)) - Successfully ran Files.createDirectories /home/runner/work/ratis/ratis/ratis-test/target/test/data/eda91157/MiniRaftClusterWithGrpc988cfe12/s2/d4608442-a9b9-4711-a2e7-5f27dc0c25e6/sm
2025-04-22 16:29:03,436 [s2-impl-thread1] TRACE util.FileUtils (LogUtils.java:supplyAndLog(69)) - Successfully supplied FileChannel.open /home/runner/work/ratis/ratis/ratis-test/target/test/data/eda91157/MiniRaftClusterWithGrpc988cfe12/s2/d4608442-a9b9-4711-a2e7-5f27dc0c25e6/current/raft-meta.tmp with options [CREATE, TRUNCATE_EXISTING, WRITE]: sun.nio.ch.FileChannelImpl@44a6a075
2025-04-22 16:29:03,437 [s2-impl-thread1] TRACE util.FileUtils (LogUtils.java:runAndLog(49)) - Successfully ran Atomic Files.move /home/runner/work/ratis/ratis/ratis-test/target/test/data/eda91157/MiniRaftClusterWithGrpc988cfe12/s2/d4608442-a9b9-4711-a2e7-5f27dc0c25e6/current/raft-meta.tmp to /home/runner/work/ratis/ratis/ratis-test/target/test/data/eda91157/MiniRaftClusterWithGrpc988cfe12/s2/d4608442-a9b9-4711-a2e7-5f27dc0c25e6/current/raft-meta with options [REPLACE_EXISTING]
2025-04-22 16:29:03,437 [s2-impl-thread1] INFO  storage.RaftStorage (RaftStorageImpl.java:format(98)) - Storage directory /home/runner/work/ratis/ratis/ratis-test/target/test/data/eda91157/MiniRaftClusterWithGrpc988cfe12/s2/d4608442-a9b9-4711-a2e7-5f27dc0c25e6 has been successfully formatted.
2025-04-22 16:29:03,438 [s2-impl-thread1] INFO  impl.SimpleStateMachine4Testing (SimpleStateMachine4Testing.java:initialize(214)) - Initializing SimpleStateMachine4Testing:uninitialized
2025-04-22 16:29:03,438 [s2-impl-thread1] INFO  impl.SimpleStateMachine4Testing (SimpleStateMachine4Testing.java:loadSnapshot(298)) - Loading snapshot null
2025-04-22 16:29:03,440 [s2-impl-thread1] INFO  util.AwaitToRun (AwaitToRun.java:start(81)) - Thread[s2@group-5F27DC0C25E6-cacheEviction-AwaitToRun,5,main] started
2025-04-22 16:29:03,440 [s2-impl-thread1] INFO  segmented.SegmentedRaftLogWorker (SegmentedRaftLogWorker.java:<init>(191)) - new s2@group-5F27DC0C25E6-SegmentedRaftLogWorker for RaftStorageImpl:Storage Directory /home/runner/work/ratis/ratis/ratis-test/target/test/data/eda91157/MiniRaftClusterWithGrpc988cfe12/s2/d4608442-a9b9-4711-a2e7-5f27dc0c25e6
2025-04-22 16:29:03,441 [s2-impl-thread1] INFO  segmented.SegmentedRaftLogWorker (SegmentedRaftLogWorker.java:lambda$new$0(142)) - s2@group-5F27DC0C25E6-SegmentedRaftLogWorker: flushIndex: setUnconditionally 0 -> -1
2025-04-22 16:29:03,441 [s2-impl-thread1] INFO  segmented.SegmentedRaftLogWorker (SegmentedRaftLogWorker.java:lambda$new$0(142)) - s2@group-5F27DC0C25E6-SegmentedRaftLogWorker: safeCacheEvictIndex: setUnconditionally 0 -> -1
2025-04-22 16:29:03,442 [s2-impl-thread1] INFO  server.RaftServer$Division (RaftServerImpl.java:start(408)) - s2@group-5F27DC0C25E6: start as a follower, conf=conf: {index: -1, cur=peers:[s3|localhost:15012, s4|localhost:15016, s0|localhost:15000, s1|localhost:15004, s2|localhost:15008]|listeners:[], old=null}
2025-04-22 16:29:03,442 [s2-impl-thread1] INFO  server.RaftServer$Division (RaftServerImpl.java:setRole(395)) - s2@group-5F27DC0C25E6: changes role from      null to FOLLOWER at term 0 for startAsFollower
2025-04-22 16:29:03,442 [s2-impl-thread1] INFO  impl.RoleInfo (RoleInfo.java:updateAndGet(148)) - s2: start s2@group-5F27DC0C25E6-FollowerState
2025-04-22 16:29:03,443 [s2-impl-thread1] INFO  util.JmxRegister (JmxRegister.java:tryRegister(44)) - Successfully registered JMX Bean with object name Ratis:service=RaftServer,group=group-5F27DC0C25E6,id=s2
2025-04-22 16:29:03,443 [s2-impl-thread1] INFO  util.JmxRegister (JmxRegister.java:register(58)) - register mxBean class org.apache.ratis.server.impl.RaftServerJmxAdapter as Ratis:service=RaftServer,group=group-5F27DC0C25E6,id=s2
2025-04-22 16:29:03,443 [s2-impl-thread1] INFO  server.RaftServer$Division (RaftServerImpl.java:start(422)) - s2@group-5F27DC0C25E6: Successfully started.
2025-04-22 16:29:03,443 [main] INFO  server.RaftServer (RaftServerProxy.java:startImpl(413)) - s2: start RPC server
2025-04-22 16:29:03,444 [main] INFO  server.GrpcServicesImpl (GrpcServicesImpl.java:startImpl(353)) - s2: GrpcServicesImpl started, listening on 15010
2025-04-22 16:29:03,444 [main] INFO  server.GrpcServicesImpl (GrpcServicesImpl.java:startImpl(353)) - s2: GrpcServicesImpl started, listening on 15008
2025-04-22 16:29:03,445 [main] INFO  server.GrpcServicesImpl (GrpcServicesImpl.java:startImpl(353)) - s2: GrpcServicesImpl started, listening on 15009
2025-04-22 16:29:03,445 [JvmPauseMonitor4] INFO  util.JvmPauseMonitor (JvmPauseMonitor.java:run(146)) - JvmPauseMonitor-s2: Started
2025-04-22 16:29:03,449 [main] INFO  ratis.RaftTestUtil (RaftTestUtil.java:waitForLeader(108)) - printing ALL groups
  s3:  RUNNING  FOLLOWER s3@group-5F27DC0C25E6:t0, leader=null, voted=, raftlog=Memoized:s3@group-5F27DC0C25E6-SegmentedRaftLog:OPENED:c-1:lastnull, conf=conf: {index: -1, cur=peers:[s3|localhost:15012, s4|localhost:15016, s0|localhost:15000, s1|localhost:15004, s2|localhost:15008]|listeners:[], old=null} RUNNING
  s4:  RUNNING  FOLLOWER s4@group-5F27DC0C25E6:t0, leader=null, voted=, raftlog=Memoized:s4@group-5F27DC0C25E6-SegmentedRaftLog:OPENED:c-1:lastnull, conf=conf: {index: -1, cur=peers:[s3|localhost:15012, s4|localhost:15016, s0|localhost:15000, s1|localhost:15004, s2|localhost:15008]|listeners:[], old=null} RUNNING
  s0:  RUNNING  FOLLOWER s0@group-5F27DC0C25E6:t0, leader=null, voted=, raftlog=Memoized:s0@group-5F27DC0C25E6-SegmentedRaftLog:OPENED:c-1:lastnull, conf=conf: {index: -1, cur=peers:[s3|localhost:15012, s4|localhost:15016, s0|localhost:15000, s1|localhost:15004, s2|localhost:15008]|listeners:[], old=null} RUNNING
  s1:  RUNNING  FOLLOWER s1@group-5F27DC0C25E6:t0, leader=null, voted=, raftlog=Memoized:s1@group-5F27DC0C25E6-SegmentedRaftLog:OPENED:c-1:lastnull, conf=conf: {index: -1, cur=peers:[s3|localhost:15012, s4|localhost:15016, s0|localhost:15000, s1|localhost:15004, s2|localhost:15008]|listeners:[], old=null} RUNNING
  s2:  RUNNING  FOLLOWER s2@group-5F27DC0C25E6:t0, leader=null, voted=, raftlog=Memoized:s2@group-5F27DC0C25E6-SegmentedRaftLog:OPENED:c-1:lastnull, conf=conf: {index: -1, cur=peers:[s3|localhost:15012, s4|localhost:15016, s0|localhost:15000, s1|localhost:15004, s2|localhost:15008]|listeners:[], old=null} RUNNING
2025-04-22 16:29:03,451 [main] WARN  ratis.RaftTestUtil (RaftTestUtil.java:lambda$waitForLeader$3(127)) - Attempt #1 failed: java.lang.IllegalStateException: No leader yet : printing ALL groups
  s3:  RUNNING  FOLLOWER s3@group-5F27DC0C25E6:t0, leader=null, voted=, raftlog=Memoized:s3@group-5F27DC0C25E6-SegmentedRaftLog:OPENED:c-1:lastnull, conf=conf: {index: -1, cur=peers:[s3|localhost:15012, s4|localhost:15016, s0|localhost:15000, s1|localhost:15004, s2|localhost:15008]|listeners:[], old=null} RUNNING
  s4:  RUNNING  FOLLOWER s4@group-5F27DC0C25E6:t0, leader=null, voted=, raftlog=Memoized:s4@group-5F27DC0C25E6-SegmentedRaftLog:OPENED:c-1:lastnull, conf=conf: {index: -1, cur=peers:[s3|localhost:15012, s4|localhost:15016, s0|localhost:15000, s1|localhost:15004, s2|localhost:15008]|listeners:[], old=null} RUNNING
  s0:  RUNNING  FOLLOWER s0@group-5F27DC0C25E6:t0, leader=null, voted=, raftlog=Memoized:s0@group-5F27DC0C25E6-SegmentedRaftLog:OPENED:c-1:lastnull, conf=conf: {index: -1, cur=peers:[s3|localhost:15012, s4|localhost:15016, s0|localhost:15000, s1|localhost:15004, s2|localhost:15008]|listeners:[], old=null} RUNNING
  s1:  RUNNING  FOLLOWER s1@group-5F27DC0C25E6:t0, leader=null, voted=, raftlog=Memoized:s1@group-5F27DC0C25E6-SegmentedRaftLog:OPENED:c-1:lastnull, conf=conf: {index: -1, cur=peers:[s3|localhost:15012, s4|localhost:15016, s0|localhost:15000, s1|localhost:15004, s2|localhost:15008]|listeners:[], old=null} RUNNING
  s2:  RUNNING  FOLLOWER s2@group-5F27DC0C25E6:t0, leader=null, voted=, raftlog=Memoized:s2@group-5F27DC0C25E6-SegmentedRaftLog:OPENED:c-1:lastnull, conf=conf: {index: -1, cur=peers:[s3|localhost:15012, s4|localhost:15016, s0|localhost:15000, s1|localhost:15004, s2|localhost:15008]|listeners:[], old=null} RUNNING
2025-04-22 16:29:04,538 [s0@group-5F27DC0C25E6-FollowerState] INFO  impl.FollowerState (FollowerState.java:runImpl(161)) - s0@group-5F27DC0C25E6-FollowerState: change to CANDIDATE, lastRpcElapsedTime:1117985356ns, electionTimeout:1117ms
2025-04-22 16:29:04,538 [s0@group-5F27DC0C25E6-FollowerState] INFO  impl.RoleInfo (RoleInfo.java:shutdownFollowerState(121)) - s0: shutdown s0@group-5F27DC0C25E6-FollowerState
2025-04-22 16:29:04,539 [s0@group-5F27DC0C25E6-FollowerState] INFO  server.RaftServer$Division (RaftServerImpl.java:setRole(395)) - s0@group-5F27DC0C25E6: changes role from  FOLLOWER to CANDIDATE at term 0 for changeToCandidate
2025-04-22 16:29:04,540 [s0@group-5F27DC0C25E6-FollowerState] INFO  impl.RoleInfo (RoleInfo.java:updateAndGet(148)) - s0: start s0@group-5F27DC0C25E6-LeaderElection1
2025-04-22 16:29:04,542 [s0@group-5F27DC0C25E6-LeaderElection1] INFO  impl.LeaderElection (LeaderElection.java:askForVotes(332)) - s0@group-5F27DC0C25E6-LeaderElection1 PRE_VOTE round 0: submit vote requests at term 0 for conf: {index: -1, cur=peers:[s3|localhost:15012, s4|localhost:15016, s0|localhost:15000, s1|localhost:15004, s2|localhost:15008]|listeners:[], old=null}
2025-04-22 16:29:04,555 [s0@group-5F27DC0C25E6-LeaderElection1-1] INFO  server.GrpcServerProtocolClient (GrpcServerProtocolClient.java:<init>(65)) - Build channel for s3|localhost:15012
2025-04-22 16:29:04,555 [s0@group-5F27DC0C25E6-LeaderElection1-2] INFO  server.GrpcServerProtocolClient (GrpcServerProtocolClient.java:<init>(65)) - Build channel for s4|localhost:15016
2025-04-22 16:29:04,555 [s0@group-5F27DC0C25E6-LeaderElection1-4] INFO  server.GrpcServerProtocolClient (GrpcServerProtocolClient.java:<init>(65)) - Build channel for s2|localhost:15008
2025-04-22 16:29:04,555 [s0@group-5F27DC0C25E6-LeaderElection1-3] INFO  server.GrpcServerProtocolClient (GrpcServerProtocolClient.java:<init>(65)) - Build channel for s1|localhost:15004
2025-04-22 16:29:04,562 [s2@group-5F27DC0C25E6-FollowerState] INFO  impl.FollowerState (FollowerState.java:runImpl(161)) - s2@group-5F27DC0C25E6-FollowerState: change to CANDIDATE, lastRpcElapsedTime:1119582098ns, electionTimeout:1119ms
2025-04-22 16:29:04,562 [s2@group-5F27DC0C25E6-FollowerState] INFO  impl.RoleInfo (RoleInfo.java:shutdownFollowerState(121)) - s2: shutdown s2@group-5F27DC0C25E6-FollowerState
2025-04-22 16:29:04,562 [s2@group-5F27DC0C25E6-FollowerState] INFO  server.RaftServer$Division (RaftServerImpl.java:setRole(395)) - s2@group-5F27DC0C25E6: changes role from  FOLLOWER to CANDIDATE at term 0 for changeToCandidate
2025-04-22 16:29:04,562 [s2@group-5F27DC0C25E6-FollowerState] INFO  impl.RoleInfo (RoleInfo.java:updateAndGet(148)) - s2: start s2@group-5F27DC0C25E6-LeaderElection2
2025-04-22 16:29:04,563 [s2@group-5F27DC0C25E6-LeaderElection2] INFO  impl.LeaderElection (LeaderElection.java:askForVotes(332)) - s2@group-5F27DC0C25E6-LeaderElection2 PRE_VOTE round 0: submit vote requests at term 0 for conf: {index: -1, cur=peers:[s3|localhost:15012, s4|localhost:15016, s0|localhost:15000, s1|localhost:15004, s2|localhost:15008]|listeners:[], old=null}
2025-04-22 16:29:04,563 [s2@group-5F27DC0C25E6-LeaderElection2-1] INFO  server.GrpcServerProtocolClient (GrpcServerProtocolClient.java:<init>(65)) - Build channel for s3|localhost:15012
2025-04-22 16:29:04,564 [s2@group-5F27DC0C25E6-LeaderElection2-2] INFO  server.GrpcServerProtocolClient (GrpcServerProtocolClient.java:<init>(65)) - Build channel for s4|localhost:15016
2025-04-22 16:29:04,565 [s2@group-5F27DC0C25E6-LeaderElection2-3] INFO  server.GrpcServerProtocolClient (GrpcServerProtocolClient.java:<init>(65)) - Build channel for s0|localhost:15000
2025-04-22 16:29:04,565 [s2@group-5F27DC0C25E6-LeaderElection2-4] INFO  server.GrpcServerProtocolClient (GrpcServerProtocolClient.java:<init>(65)) - Build channel for s1|localhost:15004
2025-04-22 16:29:04,792 [grpc-default-executor-4] INFO  server.RaftServer$Division (RaftServerImpl.java:requestVote(1475)) - s0@group-5F27DC0C25E6: receive requestVote(PRE_VOTE, s2, group-5F27DC0C25E6, 0, (t:0, i:0))
2025-04-22 16:29:04,793 [grpc-default-executor-6] INFO  server.RaftServer$Division (RaftServerImpl.java:requestVote(1475)) - s4@group-5F27DC0C25E6: receive requestVote(PRE_VOTE, s0, group-5F27DC0C25E6, 0, (t:0, i:0))
2025-04-22 16:29:04,793 [grpc-default-executor-1] INFO  server.RaftServer$Division (RaftServerImpl.java:requestVote(1475)) - s2@group-5F27DC0C25E6: receive requestVote(PRE_VOTE, s0, group-5F27DC0C25E6, 0, (t:0, i:0))
2025-04-22 16:29:04,793 [grpc-default-executor-7] INFO  server.RaftServer$Division (RaftServerImpl.java:requestVote(1475)) - s3@group-5F27DC0C25E6: receive requestVote(PRE_VOTE, s2, group-5F27DC0C25E6, 0, (t:0, i:0))
2025-04-22 16:29:04,792 [grpc-default-executor-0] INFO  server.RaftServer$Division (RaftServerImpl.java:requestVote(1475)) - s1@group-5F27DC0C25E6: receive requestVote(PRE_VOTE, s0, group-5F27DC0C25E6, 0, (t:0, i:0))
2025-04-22 16:29:04,792 [grpc-default-executor-3] INFO  server.RaftServer$Division (RaftServerImpl.java:requestVote(1475)) - s3@group-5F27DC0C25E6: receive requestVote(PRE_VOTE, s0, group-5F27DC0C25E6, 0, (t:0, i:0))
2025-04-22 16:29:04,794 [grpc-default-executor-0] INFO  impl.VoteContext (VoteContext.java:log(49)) - s1@group-5F27DC0C25E6-FOLLOWER: accept PRE_VOTE from s0: our priority 0 <= candidate's priority 0
2025-04-22 16:29:04,794 [grpc-default-executor-5] INFO  server.RaftServer$Division (RaftServerImpl.java:requestVote(1475)) - s1@group-5F27DC0C25E6: receive requestVote(PRE_VOTE, s2, group-5F27DC0C25E6, 0, (t:0, i:0))
2025-04-22 16:29:04,794 [grpc-default-executor-2] INFO  server.RaftServer$Division (RaftServerImpl.java:requestVote(1475)) - s4@group-5F27DC0C25E6: receive requestVote(PRE_VOTE, s2, group-5F27DC0C25E6, 0, (t:0, i:0))
2025-04-22 16:29:04,795 [grpc-default-executor-1] INFO  impl.VoteContext (VoteContext.java:log(49)) - s2@group-5F27DC0C25E6-CANDIDATE: accept PRE_VOTE from s0: our priority 0 <= candidate's priority 0
2025-04-22 16:29:04,796 [grpc-default-executor-7] INFO  impl.VoteContext (VoteContext.java:log(49)) - s3@group-5F27DC0C25E6-FOLLOWER: accept PRE_VOTE from s2: our priority 0 <= candidate's priority 0
2025-04-22 16:29:04,794 [grpc-default-executor-4] INFO  impl.VoteContext (VoteContext.java:log(49)) - s0@group-5F27DC0C25E6-CANDIDATE: accept PRE_VOTE from s2: our priority 0 <= candidate's priority 0
2025-04-22 16:29:04,794 [grpc-default-executor-6] INFO  impl.VoteContext (VoteContext.java:log(49)) - s4@group-5F27DC0C25E6-FOLLOWER: accept PRE_VOTE from s0: our priority 0 <= candidate's priority 0
2025-04-22 16:29:04,800 [grpc-default-executor-6] INFO  server.RaftServer$Division (RaftServerImpl.java:requestVote(1509)) - s4@group-5F27DC0C25E6 replies to PRE_VOTE vote request: s0<-s4#0:OK-t0. Peer's state: s4@group-5F27DC0C25E6:t0, leader=null, voted=, raftlog=Memoized:s4@group-5F27DC0C25E6-SegmentedRaftLog:OPENED:c-1:lastnull, conf=conf: {index: -1, cur=peers:[s3|localhost:15012, s4|localhost:15016, s0|localhost:15000, s1|localhost:15004, s2|localhost:15008]|listeners:[], old=null}
2025-04-22 16:29:04,800 [grpc-default-executor-2] INFO  impl.VoteContext (VoteContext.java:log(49)) - s4@group-5F27DC0C25E6-FOLLOWER: accept PRE_VOTE from s2: our priority 0 <= candidate's priority 0
2025-04-22 16:29:04,801 [grpc-default-executor-2] INFO  server.RaftServer$Division (RaftServerImpl.java:requestVote(1509)) - s4@group-5F27DC0C25E6 replies to PRE_VOTE vote request: s2<-s4#0:OK-t0. Peer's state: s4@group-5F27DC0C25E6:t0, leader=null, voted=, raftlog=Memoized:s4@group-5F27DC0C25E6-SegmentedRaftLog:OPENED:c-1:lastnull, conf=conf: {index: -1, cur=peers:[s3|localhost:15012, s4|localhost:15016, s0|localhost:15000, s1|localhost:15004, s2|localhost:15008]|listeners:[], old=null}
2025-04-22 16:29:04,801 [grpc-default-executor-7] INFO  server.RaftServer$Division (RaftServerImpl.java:requestVote(1509)) - s3@group-5F27DC0C25E6 replies to PRE_VOTE vote request: s2<-s3#0:OK-t0. Peer's state: s3@group-5F27DC0C25E6:t0, leader=null, voted=, raftlog=Memoized:s3@group-5F27DC0C25E6-SegmentedRaftLog:OPENED:c-1:lastnull, conf=conf: {index: -1, cur=peers:[s3|localhost:15012, s4|localhost:15016, s0|localhost:15000, s1|localhost:15004, s2|localhost:15008]|listeners:[], old=null}
2025-04-22 16:29:04,801 [grpc-default-executor-4] INFO  server.RaftServer$Division (RaftServerImpl.java:requestVote(1509)) - s0@group-5F27DC0C25E6 replies to PRE_VOTE vote request: s2<-s0#0:OK-t0. Peer's state: s0@group-5F27DC0C25E6:t0, leader=null, voted=, raftlog=Memoized:s0@group-5F27DC0C25E6-SegmentedRaftLog:OPENED:c-1:lastnull, conf=conf: {index: -1, cur=peers:[s3|localhost:15012, s4|localhost:15016, s0|localhost:15000, s1|localhost:15004, s2|localhost:15008]|listeners:[], old=null}
2025-04-22 16:29:04,800 [grpc-default-executor-0] INFO  server.RaftServer$Division (RaftServerImpl.java:requestVote(1509)) - s1@group-5F27DC0C25E6 replies to PRE_VOTE vote request: s0<-s1#0:OK-t0. Peer's state: s1@group-5F27DC0C25E6:t0, leader=null, voted=, raftlog=Memoized:s1@group-5F27DC0C25E6-SegmentedRaftLog:OPENED:c-1:lastnull, conf=conf: {index: -1, cur=peers:[s3|localhost:15012, s4|localhost:15016, s0|localhost:15000, s1|localhost:15004, s2|localhost:15008]|listeners:[], old=null}
2025-04-22 16:29:04,802 [grpc-default-executor-1] INFO  server.RaftServer$Division (RaftServerImpl.java:requestVote(1509)) - s2@group-5F27DC0C25E6 replies to PRE_VOTE vote request: s0<-s2#0:OK-t0. Peer's state: s2@group-5F27DC0C25E6:t0, leader=null, voted=, raftlog=Memoized:s2@group-5F27DC0C25E6-SegmentedRaftLog:OPENED:c-1:lastnull, conf=conf: {index: -1, cur=peers:[s3|localhost:15012, s4|localhost:15016, s0|localhost:15000, s1|localhost:15004, s2|localhost:15008]|listeners:[], old=null}
2025-04-22 16:29:04,803 [grpc-default-executor-3] INFO  impl.VoteContext (VoteContext.java:log(49)) - s3@group-5F27DC0C25E6-FOLLOWER: accept PRE_VOTE from s0: our priority 0 <= candidate's priority 0
2025-04-22 16:29:04,803 [grpc-default-executor-3] INFO  server.RaftServer$Division (RaftServerImpl.java:requestVote(1509)) - s3@group-5F27DC0C25E6 replies to PRE_VOTE vote request: s0<-s3#0:OK-t0. Peer's state: s3@group-5F27DC0C25E6:t0, leader=null, voted=, raftlog=Memoized:s3@group-5F27DC0C25E6-SegmentedRaftLog:OPENED:c-1:lastnull, conf=conf: {index: -1, cur=peers:[s3|localhost:15012, s4|localhost:15016, s0|localhost:15000, s1|localhost:15004, s2|localhost:15008]|listeners:[], old=null}
2025-04-22 16:29:04,804 [grpc-default-executor-5] INFO  impl.VoteContext (VoteContext.java:log(49)) - s1@group-5F27DC0C25E6-FOLLOWER: accept PRE_VOTE from s2: our priority 0 <= candidate's priority 0
2025-04-22 16:29:04,804 [grpc-default-executor-5] INFO  server.RaftServer$Division (RaftServerImpl.java:requestVote(1509)) - s1@group-5F27DC0C25E6 replies to PRE_VOTE vote request: s2<-s1#0:OK-t0. Peer's state: s1@group-5F27DC0C25E6:t0, leader=null, voted=, raftlog=Memoized:s1@group-5F27DC0C25E6-SegmentedRaftLog:OPENED:c-1:lastnull, conf=conf: {index: -1, cur=peers:[s3|localhost:15012, s4|localhost:15016, s0|localhost:15000, s1|localhost:15004, s2|localhost:15008]|listeners:[], old=null}
2025-04-22 16:29:04,813 [s2@group-5F27DC0C25E6-LeaderElection2] INFO  impl.LeaderElection (LeaderElection.java:logAndReturn(90)) - s2@group-5F27DC0C25E6-LeaderElection2: PRE_VOTE PASSED received 2 response(s) and 0 exception(s):
2025-04-22 16:29:04,813 [s2@group-5F27DC0C25E6-LeaderElection2] INFO  impl.LeaderElection (LeaderElection.java:logAndReturn(94)) -   Response 0: s2<-s3#0:OK-t0
2025-04-22 16:29:04,814 [s2@group-5F27DC0C25E6-LeaderElection2] INFO  impl.LeaderElection (LeaderElection.java:logAndReturn(94)) -   Response 1: s2<-s1#0:OK-t0
2025-04-22 16:29:04,814 [s0@group-5F27DC0C25E6-LeaderElection1] INFO  impl.LeaderElection (LeaderElection.java:logAndReturn(90)) - s0@group-5F27DC0C25E6-LeaderElection1: PRE_VOTE PASSED received 2 response(s) and 0 exception(s):
2025-04-22 16:29:04,814 [s0@group-5F27DC0C25E6-LeaderElection1] INFO  impl.LeaderElection (LeaderElection.java:logAndReturn(94)) -   Response 0: s0<-s3#0:OK-t0
2025-04-22 16:29:04,814 [s0@group-5F27DC0C25E6-LeaderElection1] INFO  impl.LeaderElection (LeaderElection.java:logAndReturn(94)) -   Response 1: s0<-s1#0:OK-t0
2025-04-22 16:29:04,814 [s0@group-5F27DC0C25E6-LeaderElection1] INFO  impl.LeaderElection (LeaderElection.java:askForVotes(334)) - s0@group-5F27DC0C25E6-LeaderElection1 PRE_VOTE round 0: result PASSED
2025-04-22 16:29:04,815 [s0@group-5F27DC0C25E6-LeaderElection1] TRACE util.FileUtils (LogUtils.java:supplyAndLog(69)) - Successfully supplied FileChannel.open /home/runner/work/ratis/ratis/ratis-test/target/test/data/eda91157/MiniRaftClusterWithGrpc988cfe12/s0/d4608442-a9b9-4711-a2e7-5f27dc0c25e6/current/raft-meta.tmp with options [CREATE, TRUNCATE_EXISTING, WRITE]: sun.nio.ch.FileChannelImpl@55fd546f
2025-04-22 16:29:04,815 [s2@group-5F27DC0C25E6-LeaderElection2] INFO  impl.LeaderElection (LeaderElection.java:askForVotes(334)) - s2@group-5F27DC0C25E6-LeaderElection2 PRE_VOTE round 0: result PASSED
2025-04-22 16:29:04,816 [s2@group-5F27DC0C25E6-LeaderElection2] TRACE util.FileUtils (LogUtils.java:supplyAndLog(69)) - Successfully supplied FileChannel.open /home/runner/work/ratis/ratis/ratis-test/target/test/data/eda91157/MiniRaftClusterWithGrpc988cfe12/s2/d4608442-a9b9-4711-a2e7-5f27dc0c25e6/current/raft-meta.tmp with options [CREATE, TRUNCATE_EXISTING, WRITE]: sun.nio.ch.FileChannelImpl@4b4516f1
2025-04-22 16:29:04,817 [s0@group-5F27DC0C25E6-LeaderElection1] TRACE util.FileUtils (LogUtils.java:runAndLog(49)) - Successfully ran Atomic Files.move /home/runner/work/ratis/ratis/ratis-test/target/test/data/eda91157/MiniRaftClusterWithGrpc988cfe12/s0/d4608442-a9b9-4711-a2e7-5f27dc0c25e6/current/raft-meta.tmp to /home/runner/work/ratis/ratis/ratis-test/target/test/data/eda91157/MiniRaftClusterWithGrpc988cfe12/s0/d4608442-a9b9-4711-a2e7-5f27dc0c25e6/current/raft-meta with options [REPLACE_EXISTING]
2025-04-22 16:29:04,818 [s0@group-5F27DC0C25E6-LeaderElection1] INFO  impl.LeaderElection (LeaderElection.java:askForVotes(332)) - s0@group-5F27DC0C25E6-LeaderElection1 ELECTION round 0: submit vote requests at term 1 for conf: {index: -1, cur=peers:[s3|localhost:15012, s4|localhost:15016, s0|localhost:15000, s1|localhost:15004, s2|localhost:15008]|listeners:[], old=null}
2025-04-22 16:29:04,818 [s2@group-5F27DC0C25E6-LeaderElection2] TRACE util.FileUtils (LogUtils.java:runAndLog(49)) - Successfully ran Atomic Files.move /home/runner/work/ratis/ratis/ratis-test/target/test/data/eda91157/MiniRaftClusterWithGrpc988cfe12/s2/d4608442-a9b9-4711-a2e7-5f27dc0c25e6/current/raft-meta.tmp to /home/runner/work/ratis/ratis/ratis-test/target/test/data/eda91157/MiniRaftClusterWithGrpc988cfe12/s2/d4608442-a9b9-4711-a2e7-5f27dc0c25e6/current/raft-meta with options [REPLACE_EXISTING]
2025-04-22 16:29:04,819 [s2@group-5F27DC0C25E6-LeaderElection2] INFO  impl.LeaderElection (LeaderElection.java:askForVotes(332)) - s2@group-5F27DC0C25E6-LeaderElection2 ELECTION round 0: submit vote requests at term 1 for conf: {index: -1, cur=peers:[s3|localhost:15012, s4|localhost:15016, s0|localhost:15000, s1|localhost:15004, s2|localhost:15008]|listeners:[], old=null}
2025-04-22 16:29:04,823 [grpc-default-executor-1] INFO  server.RaftServer$Division (RaftServerImpl.java:requestVote(1475)) - s3@group-5F27DC0C25E6: receive requestVote(ELECTION, s0, group-5F27DC0C25E6, 1, (t:0, i:0))
2025-04-22 16:29:04,823 [grpc-default-executor-1] INFO  impl.VoteContext (VoteContext.java:log(49)) - s3@group-5F27DC0C25E6-FOLLOWER: accept ELECTION from s0: our priority 0 <= candidate's priority 0
2025-04-22 16:29:04,823 [grpc-default-executor-1] INFO  server.RaftServer$Division (RaftServerImpl.java:setRole(395)) - s3@group-5F27DC0C25E6: changes role from  FOLLOWER to FOLLOWER at term 0 for candidate:s0
2025-04-22 16:29:04,823 [grpc-default-executor-1] INFO  impl.RoleInfo (RoleInfo.java:shutdownFollowerState(121)) - s3: shutdown s3@group-5F27DC0C25E6-FollowerState
2025-04-22 16:29:04,824 [grpc-default-executor-1] INFO  impl.RoleInfo (RoleInfo.java:updateAndGet(148)) - s3: start s3@group-5F27DC0C25E6-FollowerState
2025-04-22 16:29:04,825 [s3@group-5F27DC0C25E6-FollowerState] INFO  impl.FollowerState (FollowerState.java:runImpl(170)) - s3@group-5F27DC0C25E6-FollowerState was interrupted
2025-04-22 16:29:04,825 [grpc-default-executor-1] INFO  server.RaftServer$Division (RaftServerImpl.java:setFirstElection(579)) - s3@group-5F27DC0C25E6: set firstElectionSinceStartup to false for candidate:s0
2025-04-22 16:29:04,826 [grpc-default-executor-1] TRACE util.FileUtils (LogUtils.java:supplyAndLog(69)) - Successfully supplied FileChannel.open /home/runner/work/ratis/ratis/ratis-test/target/test/data/eda91157/MiniRaftClusterWithGrpc988cfe12/s3/d4608442-a9b9-4711-a2e7-5f27dc0c25e6/current/raft-meta.tmp with options [CREATE, TRUNCATE_EXISTING, WRITE]: sun.nio.ch.FileChannelImpl@27e8b252
2025-04-22 16:29:04,825 [grpc-default-executor-7] INFO  server.RaftServer$Division (RaftServerImpl.java:requestVote(1475)) - s1@group-5F27DC0C25E6: receive requestVote(ELECTION, s0, group-5F27DC0C25E6, 1, (t:0, i:0))
2025-04-22 16:29:04,827 [grpc-default-executor-7] INFO  impl.VoteContext (VoteContext.java:log(49)) - s1@group-5F27DC0C25E6-FOLLOWER: accept ELECTION from s0: our priority 0 <= candidate's priority 0
2025-04-22 16:29:04,827 [grpc-default-executor-7] INFO  server.RaftServer$Division (RaftServerImpl.java:setRole(395)) - s1@group-5F27DC0C25E6: changes role from  FOLLOWER to FOLLOWER at term 0 for candidate:s0
2025-04-22 16:29:04,827 [grpc-default-executor-7] INFO  impl.RoleInfo (RoleInfo.java:shutdownFollowerState(121)) - s1: shutdown s1@group-5F27DC0C25E6-FollowerState
2025-04-22 16:29:04,828 [grpc-default-executor-7] INFO  impl.RoleInfo (RoleInfo.java:updateAndGet(148)) - s1: start s1@group-5F27DC0C25E6-FollowerState
2025-04-22 16:29:04,827 [grpc-default-executor-3] INFO  server.RaftServer$Division (RaftServerImpl.java:requestVote(1475)) - s0@group-5F27DC0C25E6: receive requestVote(ELECTION, s2, group-5F27DC0C25E6, 1, (t:0, i:0))
2025-04-22 16:29:04,829 [grpc-default-executor-3] INFO  impl.VoteContext (VoteContext.java:log(49)) - s0@group-5F27DC0C25E6-CANDIDATE: reject ELECTION from s2: already has voted for s0 at current term 1
2025-04-22 16:29:04,829 [grpc-default-executor-3] INFO  server.RaftServer$Division (RaftServerImpl.java:requestVote(1509)) - s0@group-5F27DC0C25E6 replies to ELECTION vote request: s2<-s0#0:FAIL-t1. Peer's state: s0@group-5F27DC0C25E6:t1, leader=null, voted=s0, raftlog=Memoized:s0@group-5F27DC0C25E6-SegmentedRaftLog:OPENED:c-1:lastnull, conf=conf: {index: -1, cur=peers:[s3|localhost:15012, s4|localhost:15016, s0|localhost:15000, s1|localhost:15004, s2|localhost:15008]|listeners:[], old=null}
2025-04-22 16:29:04,829 [s1@group-5F27DC0C25E6-FollowerState] INFO  impl.FollowerState (FollowerState.java:runImpl(170)) - s1@group-5F27DC0C25E6-FollowerState was interrupted
2025-04-22 16:29:04,827 [grpc-default-executor-5] INFO  server.RaftServer$Division (RaftServerImpl.java:requestVote(1475)) - s2@group-5F27DC0C25E6: receive requestVote(ELECTION, s0, group-5F27DC0C25E6, 1, (t:0, i:0))
2025-04-22 16:29:04,831 [grpc-default-executor-5] INFO  impl.VoteContext (VoteContext.java:log(49)) - s2@group-5F27DC0C25E6-CANDIDATE: reject ELECTION from s0: already has voted for s2 at current term 1
2025-04-22 16:29:04,831 [grpc-default-executor-5] INFO  server.RaftServer$Division (RaftServerImpl.java:requestVote(1509)) - s2@group-5F27DC0C25E6 replies to ELECTION vote request: s0<-s2#0:FAIL-t1. Peer's state: s2@group-5F27DC0C25E6:t1, leader=null, voted=s2, raftlog=Memoized:s2@group-5F27DC0C25E6-SegmentedRaftLog:OPENED:c-1:lastnull, conf=conf: {index: -1, cur=peers:[s3|localhost:15012, s4|localhost:15016, s0|localhost:15000, s1|localhost:15004, s2|localhost:15008]|listeners:[], old=null}
2025-04-22 16:29:04,830 [grpc-default-executor-1] TRACE util.FileUtils (LogUtils.java:runAndLog(49)) - Successfully ran Atomic Files.move /home/runner/work/ratis/ratis/ratis-test/target/test/data/eda91157/MiniRaftClusterWithGrpc988cfe12/s3/d4608442-a9b9-4711-a2e7-5f27dc0c25e6/current/raft-meta.tmp to /home/runner/work/ratis/ratis/ratis-test/target/test/data/eda91157/MiniRaftClusterWithGrpc988cfe12/s3/d4608442-a9b9-4711-a2e7-5f27dc0c25e6/current/raft-meta with options [REPLACE_EXISTING]
2025-04-22 16:29:04,830 [grpc-default-executor-0] INFO  server.RaftServer$Division (RaftServerImpl.java:requestVote(1475)) - s1@group-5F27DC0C25E6: receive requestVote(ELECTION, s2, group-5F27DC0C25E6, 1, (t:0, i:0))
2025-04-22 16:29:04,829 [grpc-default-executor-2] INFO  server.RaftServer$Division (RaftServerImpl.java:requestVote(1475)) - s4@group-5F27DC0C25E6: receive requestVote(ELECTION, s0, group-5F27DC0C25E6, 1, (t:0, i:0))
2025-04-22 16:29:04,832 [grpc-default-executor-2] INFO  impl.VoteContext (VoteContext.java:log(49)) - s4@group-5F27DC0C25E6-FOLLOWER: accept ELECTION from s0: our priority 0 <= candidate's priority 0
2025-04-22 16:29:04,832 [grpc-default-executor-2] INFO  server.RaftServer$Division (RaftServerImpl.java:setRole(395)) - s4@group-5F27DC0C25E6: changes role from  FOLLOWER to FOLLOWER at term 0 for candidate:s0
2025-04-22 16:29:04,832 [grpc-default-executor-2] INFO  impl.RoleInfo (RoleInfo.java:shutdownFollowerState(121)) - s4: shutdown s4@group-5F27DC0C25E6-FollowerState
2025-04-22 16:29:04,834 [grpc-default-executor-7] INFO  server.RaftServer$Division (RaftServerImpl.java:setFirstElection(579)) - s1@group-5F27DC0C25E6: set firstElectionSinceStartup to false for candidate:s0
2025-04-22 16:29:04,834 [grpc-default-executor-7] TRACE util.FileUtils (LogUtils.java:supplyAndLog(69)) - Successfully supplied FileChannel.open /home/runner/work/ratis/ratis/ratis-test/target/test/data/eda91157/MiniRaftClusterWithGrpc988cfe12/s1/d4608442-a9b9-4711-a2e7-5f27dc0c25e6/current/raft-meta.tmp with options [CREATE, TRUNCATE_EXISTING, WRITE]: sun.nio.ch.FileChannelImpl@67b51d55
2025-04-22 16:29:04,832 [grpc-default-executor-1] INFO  server.RaftServer$Division (RaftServerImpl.java:requestVote(1509)) - s3@group-5F27DC0C25E6 replies to ELECTION vote request: s0<-s3#0:OK-t1. Peer's state: s3@group-5F27DC0C25E6:t1, leader=null, voted=s0, raftlog=Memoized:s3@group-5F27DC0C25E6-SegmentedRaftLog:OPENED:c-1:lastnull, conf=conf: {index: -1, cur=peers:[s3|localhost:15012, s4|localhost:15016, s0|localhost:15000, s1|localhost:15004, s2|localhost:15008]|listeners:[], old=null}
2025-04-22 16:29:04,831 [grpc-default-executor-3] INFO  server.RaftServer$Division (RaftServerImpl.java:requestVote(1475)) - s4@group-5F27DC0C25E6: receive requestVote(ELECTION, s2, group-5F27DC0C25E6, 1, (t:0, i:0))
2025-04-22 16:29:04,831 [grpc-default-executor-6] INFO  server.RaftServer$Division (RaftServerImpl.java:requestVote(1475)) - s3@group-5F27DC0C25E6: receive requestVote(ELECTION, s2, group-5F27DC0C25E6, 1, (t:0, i:0))
2025-04-22 16:29:04,836 [grpc-default-executor-6] INFO  impl.VoteContext (VoteContext.java:log(49)) - s3@group-5F27DC0C25E6-FOLLOWER: reject ELECTION from s2: already has voted for s0 at current term 1
2025-04-22 16:29:04,836 [grpc-default-executor-6] INFO  server.RaftServer$Division (RaftServerImpl.java:requestVote(1509)) - s3@group-5F27DC0C25E6 replies to ELECTION vote request: s2<-s3#0:FAIL-t1. Peer's state: s3@group-5F27DC0C25E6:t1, leader=null, voted=s0, raftlog=Memoized:s3@group-5F27DC0C25E6-SegmentedRaftLog:OPENED:c-1:lastnull, conf=conf: {index: -1, cur=peers:[s3|localhost:15012, s4|localhost:15016, s0|localhost:15000, s1|localhost:15004, s2|localhost:15008]|listeners:[], old=null}
2025-04-22 16:29:04,837 [grpc-default-executor-2] INFO  impl.RoleInfo (RoleInfo.java:updateAndGet(148)) - s4: start s4@group-5F27DC0C25E6-FollowerState
2025-04-22 16:29:04,838 [s4@group-5F27DC0C25E6-FollowerState] INFO  impl.FollowerState (FollowerState.java:runImpl(170)) - s4@group-5F27DC0C25E6-FollowerState was interrupted
2025-04-22 16:29:04,839 [grpc-default-executor-2] INFO  server.RaftServer$Division (RaftServerImpl.java:setFirstElection(579)) - s4@group-5F27DC0C25E6: set firstElectionSinceStartup to false for candidate:s0
2025-04-22 16:29:04,839 [grpc-default-executor-2] TRACE util.FileUtils (LogUtils.java:supplyAndLog(69)) - Successfully supplied FileChannel.open /home/runner/work/ratis/ratis/ratis-test/target/test/data/eda91157/MiniRaftClusterWithGrpc988cfe12/s4/d4608442-a9b9-4711-a2e7-5f27dc0c25e6/current/raft-meta.tmp with options [CREATE, TRUNCATE_EXISTING, WRITE]: sun.nio.ch.FileChannelImpl@1fb0c2c8
2025-04-22 16:29:04,840 [grpc-default-executor-7] TRACE util.FileUtils (LogUtils.java:runAndLog(49)) - Successfully ran Atomic Files.move /home/runner/work/ratis/ratis/ratis-test/target/test/data/eda91157/MiniRaftClusterWithGrpc988cfe12/s1/d4608442-a9b9-4711-a2e7-5f27dc0c25e6/current/raft-meta.tmp to /home/runner/work/ratis/ratis/ratis-test/target/test/data/eda91157/MiniRaftClusterWithGrpc988cfe12/s1/d4608442-a9b9-4711-a2e7-5f27dc0c25e6/current/raft-meta with options [REPLACE_EXISTING]
2025-04-22 16:29:04,840 [grpc-default-executor-7] INFO  server.RaftServer$Division (RaftServerImpl.java:requestVote(1509)) - s1@group-5F27DC0C25E6 replies to ELECTION vote request: s0<-s1#0:OK-t1. Peer's state: s1@group-5F27DC0C25E6:t1, leader=null, voted=s0, raftlog=Memoized:s1@group-5F27DC0C25E6-SegmentedRaftLog:OPENED:c-1:lastnull, conf=conf: {index: -1, cur=peers:[s3|localhost:15012, s4|localhost:15016, s0|localhost:15000, s1|localhost:15004, s2|localhost:15008]|listeners:[], old=null}
2025-04-22 16:29:04,841 [grpc-default-executor-2] TRACE util.FileUtils (LogUtils.java:runAndLog(49)) - Successfully ran Atomic Files.move /home/runner/work/ratis/ratis/ratis-test/target/test/data/eda91157/MiniRaftClusterWithGrpc988cfe12/s4/d4608442-a9b9-4711-a2e7-5f27dc0c25e6/current/raft-meta.tmp to /home/runner/work/ratis/ratis/ratis-test/target/test/data/eda91157/MiniRaftClusterWithGrpc988cfe12/s4/d4608442-a9b9-4711-a2e7-5f27dc0c25e6/current/raft-meta with options [REPLACE_EXISTING]
2025-04-22 16:29:04,842 [grpc-default-executor-2] INFO  server.RaftServer$Division (RaftServerImpl.java:requestVote(1509)) - s4@group-5F27DC0C25E6 replies to ELECTION vote request: s0<-s4#0:OK-t1. Peer's state: s4@group-5F27DC0C25E6:t1, leader=null, voted=s0, raftlog=Memoized:s4@group-5F27DC0C25E6-SegmentedRaftLog:OPENED:c-1:lastnull, conf=conf: {index: -1, cur=peers:[s3|localhost:15012, s4|localhost:15016, s0|localhost:15000, s1|localhost:15004, s2|localhost:15008]|listeners:[], old=null}
2025-04-22 16:29:04,841 [grpc-default-executor-0] INFO  impl.VoteContext (VoteContext.java:log(49)) - s1@group-5F27DC0C25E6-FOLLOWER: reject ELECTION from s2: already has voted for s0 at current term 1
2025-04-22 16:29:04,842 [grpc-default-executor-3] INFO  impl.VoteContext (VoteContext.java:log(49)) - s4@group-5F27DC0C25E6-FOLLOWER: reject ELECTION from s2: already has voted for s0 at current term 1
2025-04-22 16:29:04,842 [grpc-default-executor-3] INFO  server.RaftServer$Division (RaftServerImpl.java:requestVote(1509)) - s4@group-5F27DC0C25E6 replies to ELECTION vote request: s2<-s4#0:FAIL-t1. Peer's state: s4@group-5F27DC0C25E6:t1, leader=null, voted=s0, raftlog=Memoized:s4@group-5F27DC0C25E6-SegmentedRaftLog:OPENED:c-1:lastnull, conf=conf: {index: -1, cur=peers:[s3|localhost:15012, s4|localhost:15016, s0|localhost:15000, s1|localhost:15004, s2|localhost:15008]|listeners:[], old=null}
2025-04-22 16:29:04,843 [grpc-default-executor-0] INFO  server.RaftServer$Division (RaftServerImpl.java:requestVote(1509)) - s1@group-5F27DC0C25E6 replies to ELECTION vote request: s2<-s1#0:FAIL-t1. Peer's state: s1@group-5F27DC0C25E6:t1, leader=null, voted=s0, raftlog=Memoized:s1@group-5F27DC0C25E6-SegmentedRaftLog:OPENED:c-1:lastnull, conf=conf: {index: -1, cur=peers:[s3|localhost:15012, s4|localhost:15016, s0|localhost:15000, s1|localhost:15004, s2|localhost:15008]|listeners:[], old=null}
2025-04-22 16:29:04,845 [s0@group-5F27DC0C25E6-LeaderElection1] INFO  impl.LeaderElection (LeaderElection.java:logAndReturn(90)) - s0@group-5F27DC0C25E6-LeaderElection1: ELECTION PASSED received 3 response(s) and 0 exception(s):
2025-04-22 16:29:04,845 [s0@group-5F27DC0C25E6-LeaderElection1] INFO  impl.LeaderElection (LeaderElection.java:logAndReturn(94)) -   Response 0: s0<-s3#0:OK-t1
2025-04-22 16:29:04,845 [s0@group-5F27DC0C25E6-LeaderElection1] INFO  impl.LeaderElection (LeaderElection.java:logAndReturn(94)) -   Response 1: s0<-s1#0:OK-t1
2025-04-22 16:29:04,845 [s0@group-5F27DC0C25E6-LeaderElection1] INFO  impl.LeaderElection (LeaderElection.java:logAndReturn(94)) -   Response 2: s0<-s2#0:FAIL-t1
2025-04-22 16:29:04,845 [s2@group-5F27DC0C25E6-LeaderElection2] INFO  impl.LeaderElection (LeaderElection.java:logAndReturn(90)) - s2@group-5F27DC0C25E6-LeaderElection2: ELECTION REJECTED received 3 response(s) and 0 exception(s):
2025-04-22 16:29:04,847 [s2@group-5F27DC0C25E6-LeaderElection2] INFO  impl.LeaderElection (LeaderElection.java:logAndReturn(94)) -   Response 0: s2<-s3#0:FAIL-t1
2025-04-22 16:29:04,847 [s2@group-5F27DC0C25E6-LeaderElection2] INFO  impl.LeaderElection (LeaderElection.java:logAndReturn(94)) -   Response 1: s2<-s0#0:FAIL-t1
2025-04-22 16:29:04,847 [s0@group-5F27DC0C25E6-LeaderElection1] INFO  impl.LeaderElection (LeaderElection.java:askForVotes(334)) - s0@group-5F27DC0C25E6-LeaderElection1 ELECTION round 0: result PASSED
2025-04-22 16:29:04,847 [s0@group-5F27DC0C25E6-LeaderElection1] INFO  impl.RoleInfo (RoleInfo.java:shutdownLeaderElection(141)) - s0: shutdown s0@group-5F27DC0C25E6-LeaderElection1
2025-04-22 16:29:04,847 [s2@group-5F27DC0C25E6-LeaderElection2] INFO  impl.LeaderElection (LeaderElection.java:logAndReturn(94)) -   Response 2: s2<-s1#0:FAIL-t1
2025-04-22 16:29:04,847 [s2@group-5F27DC0C25E6-LeaderElection2] INFO  impl.LeaderElection (LeaderElection.java:askForVotes(334)) - s2@group-5F27DC0C25E6-LeaderElection2 ELECTION round 0: result REJECTED
2025-04-22 16:29:04,848 [s2@group-5F27DC0C25E6-LeaderElection2] INFO  server.RaftServer$Division (RaftServerImpl.java:setRole(395)) - s2@group-5F27DC0C25E6: changes role from CANDIDATE to FOLLOWER at term 1 for REJECTED
2025-04-22 16:29:04,848 [s2@group-5F27DC0C25E6-LeaderElection2] INFO  impl.RoleInfo (RoleInfo.java:shutdownLeaderElection(141)) - s2: shutdown s2@group-5F27DC0C25E6-LeaderElection2
2025-04-22 16:29:04,848 [s2@group-5F27DC0C25E6-LeaderElection2] INFO  impl.RoleInfo (RoleInfo.java:updateAndGet(148)) - s2: start s2@group-5F27DC0C25E6-FollowerState
2025-04-22 16:29:04,849 [s2@group-5F27DC0C25E6-LeaderElection2] INFO  server.RaftServer$Division (RaftServerImpl.java:setFirstElection(579)) - s2@group-5F27DC0C25E6: set firstElectionSinceStartup to false for REJECTED
2025-04-22 16:29:04,849 [s0@group-5F27DC0C25E6-LeaderElection1] INFO  server.RaftServer$Division (RaftServerImpl.java:setRole(395)) - s0@group-5F27DC0C25E6: changes role from CANDIDATE to LEADER at term 1 for changeToLeader
2025-04-22 16:29:04,875 [s0@group-5F27DC0C25E6-LeaderElection1] INFO  grpc.GrpcConfigKeys (ConfUtils.java:logGet(62)) - raft.grpc.server.leader.outstanding.appends.max = 8 (default)
2025-04-22 16:29:04,876 [s0@group-5F27DC0C25E6-LeaderElection1] INFO  grpc.GrpcConfigKeys (ConfUtils.java:logGet(62)) - raft.grpc.server.install_snapshot.request.element-limit = 8 (default)
2025-04-22 16:29:04,876 [s0@group-5F27DC0C25E6-LeaderElection1] INFO  grpc.GrpcConfigKeys (ConfUtils.java:logGet(62)) - raft.grpc.server.install_snapshot.request.timeout = 3000ms (default)
2025-04-22 16:29:04,876 [s0@group-5F27DC0C25E6-LeaderElection1] INFO  grpc.GrpcConfigKeys (ConfUtils.java:logGet(62)) - raft.grpc.server.log-message.batch.duration = 5s (default)
2025-04-22 16:29:04,881 [s0@group-5F27DC0C25E6-LeaderElection1] INFO  impl.RoleInfo (RoleInfo.java:updateAndGet(148)) - s0: start s0@group-5F27DC0C25E6-LeaderStateImpl
2025-04-22 16:29:04,881 [s0@group-5F27DC0C25E6-LeaderElection1] INFO  server.RaftServer$Division (RaftServerImpl.java:setFirstElection(579)) - s0@group-5F27DC0C25E6: set firstElectionSinceStartup to false for becomeLeader
2025-04-22 16:29:04,881 [s0@group-5F27DC0C25E6-LeaderElection1] INFO  server.RaftServer$Division (ServerState.java:setLeader(272)) - s0@group-5F27DC0C25E6: change Leader from null to s0 at term 1 for becomeLeader, leader elected after 1617ms
2025-04-22 16:29:05,031 [s0@group-5F27DC0C25E6-LeaderElection1] INFO  segmented.SegmentedRaftLogWorker (SegmentedRaftLogWorker.java:startLogSegment(445)) - s0@group-5F27DC0C25E6-SegmentedRaftLogWorker: Starting segment from index:0
2025-04-22 16:29:05,036 [s0@group-5F27DC0C25E6-LeaderElection1] INFO  server.RaftServer$Division (ServerState.java:setRaftConf(386)) - s0@group-5F27DC0C25E6: set configuration conf: {index: 0, cur=peers:[s3|localhost:15012, s4|localhost:15016, s0|localhost:15000, s1|localhost:15004, s2|localhost:15008]|listeners:[], old=null}
2025-04-22 16:29:05,072 [s0@group-5F27DC0C25E6-SegmentedRaftLogWorker] INFO  segmented.BufferedWriteChannel (BufferedWriteChannel.java:open(61)) - open log_inprogress_0 at position 0
2025-04-22 16:29:05,082 [grpc-default-executor-2] INFO  server.RaftServer$Division (ServerState.java:setLeader(272)) - s3@group-5F27DC0C25E6: change Leader from null to s0 at term 1 for appendEntries, leader elected after 1818ms
2025-04-22 16:29:05,084 [grpc-default-executor-3] INFO  server.RaftServer$Division (ServerState.java:setLeader(272)) - s2@group-5F27DC0C25E6: change Leader from null to s0 at term 1 for appendEntries, leader elected after 1805ms
2025-04-22 16:29:05,086 [grpc-default-executor-6] INFO  server.RaftServer$Division (ServerState.java:setLeader(272)) - s4@group-5F27DC0C25E6: change Leader from null to s0 at term 1 for appendEntries, leader elected after 1821ms
2025-04-22 16:29:05,090 [grpc-default-executor-0] INFO  server.RaftServer$Division (ServerState.java:setLeader(272)) - s1@group-5F27DC0C25E6: change Leader from null to s0 at term 1 for appendEntries, leader elected after 1817ms
2025-04-22 16:29:05,090 [s0@group-5F27DC0C25E6-SegmentedRaftLogWorker] INFO  segmented.SegmentedRaftLogWorker (SegmentedRaftLogWorker.java:execute(669)) - s0@group-5F27DC0C25E6-SegmentedRaftLogWorker: created new log segment /home/runner/work/ratis/ratis/ratis-test/target/test/data/eda91157/MiniRaftClusterWithGrpc988cfe12/s0/d4608442-a9b9-4711-a2e7-5f27dc0c25e6/current/log_inprogress_0
2025-04-22 16:29:05,098 [grpc-default-executor-1] INFO  server.RaftServer$Division (ServerState.java:setRaftConf(386)) - s4@group-5F27DC0C25E6: set configuration conf: {index: 0, cur=peers:[s3|localhost:15012, s4|localhost:15016, s0|localhost:15000, s1|localhost:15004, s2|localhost:15008]|listeners:[], old=null}
2025-04-22 16:29:05,100 [grpc-default-executor-7] INFO  server.RaftServer$Division (ServerState.java:setRaftConf(386)) - s3@group-5F27DC0C25E6: set configuration conf: {index: 0, cur=peers:[s3|localhost:15012, s4|localhost:15016, s0|localhost:15000, s1|localhost:15004, s2|localhost:15008]|listeners:[], old=null}
2025-04-22 16:29:05,100 [grpc-default-executor-4] INFO  server.RaftServer$Division (ServerState.java:setRaftConf(386)) - s2@group-5F27DC0C25E6: set configuration conf: {index: 0, cur=peers:[s3|localhost:15012, s4|localhost:15016, s0|localhost:15000, s1|localhost:15004, s2|localhost:15008]|listeners:[], old=null}
2025-04-22 16:29:05,101 [grpc-default-executor-4] INFO  segmented.SegmentedRaftLogWorker (SegmentedRaftLogWorker.java:startLogSegment(445)) - s2@group-5F27DC0C25E6-SegmentedRaftLogWorker: Starting segment from index:0
2025-04-22 16:29:05,104 [grpc-default-executor-7] INFO  segmented.SegmentedRaftLogWorker (SegmentedRaftLogWorker.java:startLogSegment(445)) - s3@group-5F27DC0C25E6-SegmentedRaftLogWorker: Starting segment from index:0
2025-04-22 16:29:05,104 [s2@group-5F27DC0C25E6-SegmentedRaftLogWorker] INFO  segmented.BufferedWriteChannel (BufferedWriteChannel.java:open(61)) - open log_inprogress_0 at position 0
2025-04-22 16:29:05,108 [grpc-default-executor-2] INFO  server.RaftServer$Division (ServerState.java:setRaftConf(386)) - s1@group-5F27DC0C25E6: set configuration conf: {index: 0, cur=peers:[s3|localhost:15012, s4|localhost:15016, s0|localhost:15000, s1|localhost:15004, s2|localhost:15008]|listeners:[], old=null}
2025-04-22 16:29:05,105 [s3@group-5F27DC0C25E6-SegmentedRaftLogWorker] INFO  segmented.BufferedWriteChannel (BufferedWriteChannel.java:open(61)) - open log_inprogress_0 at position 0
2025-04-22 16:29:05,104 [grpc-default-executor-1] INFO  segmented.SegmentedRaftLogWorker (SegmentedRaftLogWorker.java:startLogSegment(445)) - s4@group-5F27DC0C25E6-SegmentedRaftLogWorker: Starting segment from index:0
2025-04-22 16:29:05,111 [grpc-default-executor-2] INFO  segmented.SegmentedRaftLogWorker (SegmentedRaftLogWorker.java:startLogSegment(445)) - s1@group-5F27DC0C25E6-SegmentedRaftLogWorker: Starting segment from index:0
2025-04-22 16:29:05,114 [s1@group-5F27DC0C25E6-SegmentedRaftLogWorker] INFO  segmented.BufferedWriteChannel (BufferedWriteChannel.java:open(61)) - open log_inprogress_0 at position 0
2025-04-22 16:29:05,114 [s4@group-5F27DC0C25E6-SegmentedRaftLogWorker] INFO  segmented.BufferedWriteChannel (BufferedWriteChannel.java:open(61)) - open log_inprogress_0 at position 0
2025-04-22 16:29:05,120 [s2@group-5F27DC0C25E6-SegmentedRaftLogWorker] INFO  segmented.SegmentedRaftLogWorker (SegmentedRaftLogWorker.java:execute(669)) - s2@group-5F27DC0C25E6-SegmentedRaftLogWorker: created new log segment /home/runner/work/ratis/ratis/ratis-test/target/test/data/eda91157/MiniRaftClusterWithGrpc988cfe12/s2/d4608442-a9b9-4711-a2e7-5f27dc0c25e6/current/log_inprogress_0
2025-04-22 16:29:05,128 [s3@group-5F27DC0C25E6-SegmentedRaftLogWorker] INFO  segmented.SegmentedRaftLogWorker (SegmentedRaftLogWorker.java:execute(669)) - s3@group-5F27DC0C25E6-SegmentedRaftLogWorker: created new log segment /home/runner/work/ratis/ratis/ratis-test/target/test/data/eda91157/MiniRaftClusterWithGrpc988cfe12/s3/d4608442-a9b9-4711-a2e7-5f27dc0c25e6/current/log_inprogress_0
2025-04-22 16:29:05,130 [s4@group-5F27DC0C25E6-SegmentedRaftLogWorker] INFO  segmented.SegmentedRaftLogWorker (SegmentedRaftLogWorker.java:execute(669)) - s4@group-5F27DC0C25E6-SegmentedRaftLogWorker: created new log segment /home/runner/work/ratis/ratis/ratis-test/target/test/data/eda91157/MiniRaftClusterWithGrpc988cfe12/s4/d4608442-a9b9-4711-a2e7-5f27dc0c25e6/current/log_inprogress_0
2025-04-22 16:29:05,130 [s1@group-5F27DC0C25E6-SegmentedRaftLogWorker] INFO  segmented.SegmentedRaftLogWorker (SegmentedRaftLogWorker.java:execute(669)) - s1@group-5F27DC0C25E6-SegmentedRaftLogWorker: created new log segment /home/runner/work/ratis/ratis/ratis-test/target/test/data/eda91157/MiniRaftClusterWithGrpc988cfe12/s1/d4608442-a9b9-4711-a2e7-5f27dc0c25e6/current/log_inprogress_0
2025-04-22 16:29:05,134 [s0@group-5F27DC0C25E6-StateMachineUpdater] TRACE util.FileUtils (LogUtils.java:supplyAndLog(69)) - Successfully supplied FileChannel.open /home/runner/work/ratis/ratis/ratis-test/target/test/data/eda91157/MiniRaftClusterWithGrpc988cfe12/s0/d4608442-a9b9-4711-a2e7-5f27dc0c25e6/current/raft-meta.conf.tmp with options [CREATE, TRUNCATE_EXISTING, WRITE]: sun.nio.ch.FileChannelImpl@67e164d0
2025-04-22 16:29:05,136 [s0@group-5F27DC0C25E6-StateMachineUpdater] TRACE util.FileUtils (LogUtils.java:runAndLog(49)) - Successfully ran Atomic Files.move /home/runner/work/ratis/ratis/ratis-test/target/test/data/eda91157/MiniRaftClusterWithGrpc988cfe12/s0/d4608442-a9b9-4711-a2e7-5f27dc0c25e6/current/raft-meta.conf.tmp to /home/runner/work/ratis/ratis/ratis-test/target/test/data/eda91157/MiniRaftClusterWithGrpc988cfe12/s0/d4608442-a9b9-4711-a2e7-5f27dc0c25e6/current/raft-meta.conf with options [REPLACE_EXISTING]
2025-04-22 16:29:05,137 [s0@group-5F27DC0C25E6-StateMachineUpdater] INFO  server.RaftServer$Division (LeaderStateImpl.java:checkStartIndex(314)) - Leader s0@group-5F27DC0C25E6-LeaderStateImpl is ready since appliedIndex == startIndex == 0
2025-04-22 16:29:06,639 [s2@group-5F27DC0C25E6-StateMachineUpdater] TRACE util.FileUtils (LogUtils.java:supplyAndLog(69)) - Successfully supplied FileChannel.open /home/runner/work/ratis/ratis/ratis-test/target/test/data/eda91157/MiniRaftClusterWithGrpc988cfe12/s2/d4608442-a9b9-4711-a2e7-5f27dc0c25e6/current/raft-meta.conf.tmp with options [CREATE, TRUNCATE_EXISTING, WRITE]: sun.nio.ch.FileChannelImpl@6a718620
2025-04-22 16:29:06,642 [s1@group-5F27DC0C25E6-StateMachineUpdater] TRACE util.FileUtils (LogUtils.java:supplyAndLog(69)) - Successfully supplied FileChannel.open /home/runner/work/ratis/ratis/ratis-test/target/test/data/eda91157/MiniRaftClusterWithGrpc988cfe12/s1/d4608442-a9b9-4711-a2e7-5f27dc0c25e6/current/raft-meta.conf.tmp with options [CREATE, TRUNCATE_EXISTING, WRITE]: sun.nio.ch.FileChannelImpl@7e6b3a6a
2025-04-22 16:29:06,645 [s4@group-5F27DC0C25E6-StateMachineUpdater] TRACE util.FileUtils (LogUtils.java:supplyAndLog(69)) - Successfully supplied FileChannel.open /home/runner/work/ratis/ratis/ratis-test/target/test/data/eda91157/MiniRaftClusterWithGrpc988cfe12/s4/d4608442-a9b9-4711-a2e7-5f27dc0c25e6/current/raft-meta.conf.tmp with options [CREATE, TRUNCATE_EXISTING, WRITE]: sun.nio.ch.FileChannelImpl@179fb625
2025-04-22 16:29:06,648 [s2@group-5F27DC0C25E6-StateMachineUpdater] TRACE util.FileUtils (LogUtils.java:runAndLog(49)) - Successfully ran Atomic Files.move /home/runner/work/ratis/ratis/ratis-test/target/test/data/eda91157/MiniRaftClusterWithGrpc988cfe12/s2/d4608442-a9b9-4711-a2e7-5f27dc0c25e6/current/raft-meta.conf.tmp to /home/runner/work/ratis/ratis/ratis-test/target/test/data/eda91157/MiniRaftClusterWithGrpc988cfe12/s2/d4608442-a9b9-4711-a2e7-5f27dc0c25e6/current/raft-meta.conf with options [REPLACE_EXISTING]
2025-04-22 16:29:06,648 [s3@group-5F27DC0C25E6-StateMachineUpdater] TRACE util.FileUtils (LogUtils.java:supplyAndLog(69)) - Successfully supplied FileChannel.open /home/runner/work/ratis/ratis/ratis-test/target/test/data/eda91157/MiniRaftClusterWithGrpc988cfe12/s3/d4608442-a9b9-4711-a2e7-5f27dc0c25e6/current/raft-meta.conf.tmp with options [CREATE, TRUNCATE_EXISTING, WRITE]: sun.nio.ch.FileChannelImpl@26e38ee8
2025-04-22 16:29:06,648 [s1@group-5F27DC0C25E6-StateMachineUpdater] TRACE util.FileUtils (LogUtils.java:runAndLog(49)) - Successfully ran Atomic Files.move /home/runner/work/ratis/ratis/ratis-test/target/test/data/eda91157/MiniRaftClusterWithGrpc988cfe12/s1/d4608442-a9b9-4711-a2e7-5f27dc0c25e6/current/raft-meta.conf.tmp to /home/runner/work/ratis/ratis/ratis-test/target/test/data/eda91157/MiniRaftClusterWithGrpc988cfe12/s1/d4608442-a9b9-4711-a2e7-5f27dc0c25e6/current/raft-meta.conf with options [REPLACE_EXISTING]
2025-04-22 16:29:06,651 [s3@group-5F27DC0C25E6-StateMachineUpdater] TRACE util.FileUtils (LogUtils.java:runAndLog(49)) - Successfully ran Atomic Files.move /home/runner/work/ratis/ratis/ratis-test/target/test/data/eda91157/MiniRaftClusterWithGrpc988cfe12/s3/d4608442-a9b9-4711-a2e7-5f27dc0c25e6/current/raft-meta.conf.tmp to /home/runner/work/ratis/ratis/ratis-test/target/test/data/eda91157/MiniRaftClusterWithGrpc988cfe12/s3/d4608442-a9b9-4711-a2e7-5f27dc0c25e6/current/raft-meta.conf with options [REPLACE_EXISTING]
2025-04-22 16:29:06,651 [s4@group-5F27DC0C25E6-StateMachineUpdater] TRACE util.FileUtils (LogUtils.java:runAndLog(49)) - Successfully ran Atomic Files.move /home/runner/work/ratis/ratis/ratis-test/target/test/data/eda91157/MiniRaftClusterWithGrpc988cfe12/s4/d4608442-a9b9-4711-a2e7-5f27dc0c25e6/current/raft-meta.conf.tmp to /home/runner/work/ratis/ratis/ratis-test/target/test/data/eda91157/MiniRaftClusterWithGrpc988cfe12/s4/d4608442-a9b9-4711-a2e7-5f27dc0c25e6/current/raft-meta.conf with options [REPLACE_EXISTING]
2025-04-22 16:29:12,452 [main] INFO  ratis.RaftTestUtil (RaftTestUtil.java:waitForLeader(132)) - printing ALL groups
  s3:  RUNNING  FOLLOWER s3@group-5F27DC0C25E6:t1, leader=s0, voted=s0, raftlog=Memoized:s3@group-5F27DC0C25E6-SegmentedRaftLog:OPENED:c0:last(t:1, i:0), conf=conf: {index: 0, cur=peers:[s3|localhost:15012, s4|localhost:15016, s0|localhost:15000, s1|localhost:15004, s2|localhost:15008]|listeners:[], old=null} RUNNING
  s4:  RUNNING  FOLLOWER s4@group-5F27DC0C25E6:t1, leader=s0, voted=s0, raftlog=Memoized:s4@group-5F27DC0C25E6-SegmentedRaftLog:OPENED:c0:last(t:1, i:0), conf=conf: {index: 0, cur=peers:[s3|localhost:15012, s4|localhost:15016, s0|localhost:15000, s1|localhost:15004, s2|localhost:15008]|listeners:[], old=null} RUNNING
  s0:  RUNNING    LEADER s0@group-5F27DC0C25E6:t1, leader=s0, voted=s0, raftlog=Memoized:s0@group-5F27DC0C25E6-SegmentedRaftLog:OPENED:c0:last(t:1, i:0), conf=conf: {index: 0, cur=peers:[s3|localhost:15012, s4|localhost:15016, s0|localhost:15000, s1|localhost:15004, s2|localhost:15008]|listeners:[], old=null} RUNNING
  s1:  RUNNING  FOLLOWER s1@group-5F27DC0C25E6:t1, leader=s0, voted=s0, raftlog=Memoized:s1@group-5F27DC0C25E6-SegmentedRaftLog:OPENED:c0:last(t:1, i:0), conf=conf: {index: 0, cur=peers:[s3|localhost:15012, s4|localhost:15016, s0|localhost:15000, s1|localhost:15004, s2|localhost:15008]|listeners:[], old=null} RUNNING
  s2:  RUNNING  FOLLOWER s2@group-5F27DC0C25E6:t1, leader=s0, voted=s2, raftlog=Memoized:s2@group-5F27DC0C25E6-SegmentedRaftLog:OPENED:c0:last(t:1, i:0), conf=conf: {index: 0, cur=peers:[s3|localhost:15012, s4|localhost:15016, s0|localhost:15000, s1|localhost:15004, s2|localhost:15008]|listeners:[], old=null} RUNNING
2025-04-22 16:29:12,456 [main] INFO  grpc.TestRaftLogTruncateWithGrpc (RaftLogTruncateTests.java:runTestLogTruncate(125)) - oldLeader: s0, term=1
2025-04-22 16:29:12,456 [main] INFO  grpc.TestRaftLogTruncateWithGrpc (RaftLogTruncateTests.java:runTestLogTruncate(126)) - killedPeers   : [s3, s4, s1]
2025-04-22 16:29:12,457 [main] INFO  grpc.TestRaftLogTruncateWithGrpc (RaftLogTruncateTests.java:runTestLogTruncate(127)) - remainingPeers: [s0, s2]
2025-04-22 16:29:12,458 [main] DEBUG impl.TransactionManager (TransactionManager.java:getMap(49)) - s3-TransactionManager:size=0
2025-04-22 16:29:12,458 [main] DEBUG impl.TransactionManager (TransactionManager.java:getMap(49)) - s4-TransactionManager:size=0
2025-04-22 16:29:12,458 [main] DEBUG impl.TransactionManager (TransactionManager.java:getMap(49)) - s0-TransactionManager:size=0
2025-04-22 16:29:12,459 [main] DEBUG impl.TransactionManager (TransactionManager.java:getMap(49)) - s1-TransactionManager:size=0
2025-04-22 16:29:12,459 [main] DEBUG impl.TransactionManager (TransactionManager.java:getMap(49)) - s2-TransactionManager:size=0
2025-04-22 16:29:12,508 [grpc-default-executor-2] DEBUG impl.TransactionManager (TransactionManager.java:computeIfAbsent(60)) - (t:1, i:1): s1-TransactionManager:size=1
2025-04-22 16:29:12,509 [grpc-default-executor-1] DEBUG impl.TransactionManager (TransactionManager.java:computeIfAbsent(60)) - (t:1, i:1): s3-TransactionManager:size=1
2025-04-22 16:29:12,510 [grpc-default-executor-4] DEBUG impl.TransactionManager (TransactionManager.java:computeIfAbsent(60)) - (t:1, i:1): s2-TransactionManager:size=1
2025-04-22 16:29:12,513 [grpc-default-executor-7] DEBUG impl.TransactionManager (TransactionManager.java:computeIfAbsent(60)) - (t:1, i:1): s4-TransactionManager:size=1
2025-04-22 16:29:12,515 [s0@group-5F27DC0C25E6-StateMachineUpdater] INFO  impl.SimpleStateMachine4Testing (SimpleStateMachine4Testing.java:applyTransaction(250)) - applyTransaction for log index 1
2025-04-22 16:29:12,520 [s0@group-5F27DC0C25E6-StateMachineUpdater] INFO  impl.SimpleStateMachine4Testing (SimpleStateMachine4Testing.java:put(206)) - s0: put 1, first0 -> (t:1, i:1), STATEMACHINELOGENTRY, WRITE: logData.size=6, stateMachineData.size=17, logEntryProtoSerializedSize=0
2025-04-22 16:29:12,522 [s4@group-5F27DC0C25E6-StateMachineUpdater] INFO  impl.SimpleStateMachine4Testing (SimpleStateMachine4Testing.java:applyTransaction(250)) - applyTransaction for log index 1
2025-04-22 16:29:12,523 [s2@group-5F27DC0C25E6-StateMachineUpdater] INFO  impl.SimpleStateMachine4Testing (SimpleStateMachine4Testing.java:applyTransaction(250)) - applyTransaction for log index 1
2025-04-22 16:29:12,523 [s2@group-5F27DC0C25E6-StateMachineUpdater] INFO  impl.SimpleStateMachine4Testing (SimpleStateMachine4Testing.java:put(206)) - s2: put 1, first0 -> (t:1, i:1), STATEMACHINELOGENTRY, WRITE: logData.size=6, stateMachineData.size=17, logEntryProtoSerializedSize=0
2025-04-22 16:29:12,526 [s1@group-5F27DC0C25E6-StateMachineUpdater] INFO  impl.SimpleStateMachine4Testing (SimpleStateMachine4Testing.java:applyTransaction(250)) - applyTransaction for log index 1
2025-04-22 16:29:12,527 [s1@group-5F27DC0C25E6-StateMachineUpdater] INFO  impl.SimpleStateMachine4Testing (SimpleStateMachine4Testing.java:put(206)) - s1: put 1, first0 -> (t:1, i:1), STATEMACHINELOGENTRY, WRITE: logData.size=6, stateMachineData.size=17, logEntryProtoSerializedSize=0
2025-04-22 16:29:12,527 [s1@group-5F27DC0C25E6-StateMachineUpdater] DEBUG impl.TransactionManager (TransactionManager.java:remove(68)) - (t:1, i:1): s1-TransactionManager:size=0
2025-04-22 16:29:12,526 [s3@group-5F27DC0C25E6-StateMachineUpdater] INFO  impl.SimpleStateMachine4Testing (SimpleStateMachine4Testing.java:applyTransaction(250)) - applyTransaction for log index 1
2025-04-22 16:29:12,524 [s4@group-5F27DC0C25E6-StateMachineUpdater] INFO  impl.SimpleStateMachine4Testing (SimpleStateMachine4Testing.java:put(206)) - s4: put 1, first0 -> (t:1, i:1), STATEMACHINELOGENTRY, WRITE: logData.size=6, stateMachineData.size=17, logEntryProtoSerializedSize=0
2025-04-22 16:29:12,528 [s4@group-5F27DC0C25E6-StateMachineUpdater] DEBUG impl.TransactionManager (TransactionManager.java:remove(68)) - (t:1, i:1): s4-TransactionManager:size=0
2025-04-22 16:29:12,528 [s3@group-5F27DC0C25E6-StateMachineUpdater] INFO  impl.SimpleStateMachine4Testing (SimpleStateMachine4Testing.java:put(206)) - s3: put 1, first0 -> (t:1, i:1), STATEMACHINELOGENTRY, WRITE: logData.size=6, stateMachineData.size=17, logEntryProtoSerializedSize=0
2025-04-22 16:29:12,529 [s3@group-5F27DC0C25E6-StateMachineUpdater] DEBUG impl.TransactionManager (TransactionManager.java:remove(68)) - (t:1, i:1): s3-TransactionManager:size=0
2025-04-22 16:29:12,530 [s2@group-5F27DC0C25E6-StateMachineUpdater] DEBUG impl.TransactionManager (TransactionManager.java:remove(68)) - (t:1, i:1): s2-TransactionManager:size=0
2025-04-22 16:29:12,555 [grpc-default-executor-1] DEBUG impl.TransactionManager (TransactionManager.java:computeIfAbsent(60)) - (t:1, i:3): s3-TransactionManager:size=1
2025-04-22 16:29:12,556 [grpc-default-executor-4] DEBUG impl.TransactionManager (TransactionManager.java:computeIfAbsent(60)) - (t:1, i:3): s2-TransactionManager:size=1
2025-04-22 16:29:12,557 [grpc-default-executor-2] DEBUG impl.TransactionManager (TransactionManager.java:computeIfAbsent(60)) - (t:1, i:3): s4-TransactionManager:size=1
2025-04-22 16:29:12,558 [grpc-default-executor-7] DEBUG impl.TransactionManager (TransactionManager.java:computeIfAbsent(60)) - (t:1, i:3): s1-TransactionManager:size=1
2025-04-22 16:29:12,561 [s0@group-5F27DC0C25E6-StateMachineUpdater] INFO  impl.SimpleStateMachine4Testing (SimpleStateMachine4Testing.java:applyTransaction(250)) - applyTransaction for log index 3
2025-04-22 16:29:12,563 [s0@group-5F27DC0C25E6-StateMachineUpdater] INFO  impl.SimpleStateMachine4Testing (SimpleStateMachine4Testing.java:put(206)) - s0: put 3, first1 -> (t:1, i:3), STATEMACHINELOGENTRY, WRITE: logData.size=6, stateMachineData.size=17, logEntryProtoSerializedSize=0
2025-04-22 16:29:12,569 [s1@group-5F27DC0C25E6-StateMachineUpdater] INFO  impl.SimpleStateMachine4Testing (SimpleStateMachine4Testing.java:applyTransaction(250)) - applyTransaction for log index 3
2025-04-22 16:29:12,570 [s1@group-5F27DC0C25E6-StateMachineUpdater] INFO  impl.SimpleStateMachine4Testing (SimpleStateMachine4Testing.java:put(206)) - s1: put 3, first1 -> (t:1, i:3), STATEMACHINELOGENTRY, WRITE: logData.size=6, stateMachineData.size=17, logEntryProtoSerializedSize=0
2025-04-22 16:29:12,570 [s1@group-5F27DC0C25E6-StateMachineUpdater] DEBUG impl.TransactionManager (TransactionManager.java:remove(68)) - (t:1, i:3): s1-TransactionManager:size=0
2025-04-22 16:29:12,571 [s2@group-5F27DC0C25E6-StateMachineUpdater] INFO  impl.SimpleStateMachine4Testing (SimpleStateMachine4Testing.java:applyTransaction(250)) - applyTransaction for log index 3
2025-04-22 16:29:12,572 [s2@group-5F27DC0C25E6-StateMachineUpdater] INFO  impl.SimpleStateMachine4Testing (SimpleStateMachine4Testing.java:put(206)) - s2: put 3, first1 -> (t:1, i:3), STATEMACHINELOGENTRY, WRITE: logData.size=6, stateMachineData.size=17, logEntryProtoSerializedSize=0
2025-04-22 16:29:12,572 [s2@group-5F27DC0C25E6-StateMachineUpdater] DEBUG impl.TransactionManager (TransactionManager.java:remove(68)) - (t:1, i:3): s2-TransactionManager:size=0
2025-04-22 16:29:12,576 [s3@group-5F27DC0C25E6-StateMachineUpdater] INFO  impl.SimpleStateMachine4Testing (SimpleStateMachine4Testing.java:applyTransaction(250)) - applyTransaction for log index 3
2025-04-22 16:29:12,576 [s3@group-5F27DC0C25E6-StateMachineUpdater] INFO  impl.SimpleStateMachine4Testing (SimpleStateMachine4Testing.java:put(206)) - s3: put 3, first1 -> (t:1, i:3), STATEMACHINELOGENTRY, WRITE: logData.size=6, stateMachineData.size=17, logEntryProtoSerializedSize=0
2025-04-22 16:29:12,576 [s3@group-5F27DC0C25E6-StateMachineUpdater] DEBUG impl.TransactionManager (TransactionManager.java:remove(68)) - (t:1, i:3): s3-TransactionManager:size=0
2025-04-22 16:29:12,577 [s4@group-5F27DC0C25E6-StateMachineUpdater] INFO  impl.SimpleStateMachine4Testing (SimpleStateMachine4Testing.java:applyTransaction(250)) - applyTransaction for log index 3
2025-04-22 16:29:12,578 [s4@group-5F27DC0C25E6-StateMachineUpdater] INFO  impl.SimpleStateMachine4Testing (SimpleStateMachine4Testing.java:put(206)) - s4: put 3, first1 -> (t:1, i:3), STATEMACHINELOGENTRY, WRITE: logData.size=6, stateMachineData.size=17, logEntryProtoSerializedSize=0
2025-04-22 16:29:12,578 [s4@group-5F27DC0C25E6-StateMachineUpdater] DEBUG impl.TransactionManager (TransactionManager.java:remove(68)) - (t:1, i:3): s4-TransactionManager:size=0
2025-04-22 16:29:12,581 [grpc-default-executor-4] DEBUG impl.TransactionManager (TransactionManager.java:computeIfAbsent(60)) - (t:1, i:5): s2-TransactionManager:size=1
2025-04-22 16:29:12,581 [grpc-default-executor-2] DEBUG impl.TransactionManager (TransactionManager.java:computeIfAbsent(60)) - (t:1, i:5): s4-TransactionManager:size=1
2025-04-22 16:29:12,582 [grpc-default-executor-1] DEBUG impl.TransactionManager (TransactionManager.java:computeIfAbsent(60)) - (t:1, i:5): s1-TransactionManager:size=1
2025-04-22 16:29:12,584 [grpc-default-executor-7] DEBUG impl.TransactionManager (TransactionManager.java:computeIfAbsent(60)) - (t:1, i:5): s3-TransactionManager:size=1
2025-04-22 16:29:12,588 [s0@group-5F27DC0C25E6-StateMachineUpdater] INFO  impl.SimpleStateMachine4Testing (SimpleStateMachine4Testing.java:applyTransaction(250)) - applyTransaction for log index 5
2025-04-22 16:29:12,591 [s0@group-5F27DC0C25E6-StateMachineUpdater] INFO  impl.SimpleStateMachine4Testing (SimpleStateMachine4Testing.java:put(206)) - s0: put 5, first2 -> (t:1, i:5), STATEMACHINELOGENTRY, WRITE: logData.size=6, stateMachineData.size=17, logEntryProtoSerializedSize=0
2025-04-22 16:29:12,596 [s3@group-5F27DC0C25E6-StateMachineUpdater] INFO  impl.SimpleStateMachine4Testing (SimpleStateMachine4Testing.java:applyTransaction(250)) - applyTransaction for log index 5
2025-04-22 16:29:12,596 [s3@group-5F27DC0C25E6-StateMachineUpdater] INFO  impl.SimpleStateMachine4Testing (SimpleStateMachine4Testing.java:put(206)) - s3: put 5, first2 -> (t:1, i:5), STATEMACHINELOGENTRY, WRITE: logData.size=6, stateMachineData.size=17, logEntryProtoSerializedSize=0
2025-04-22 16:29:12,597 [s3@group-5F27DC0C25E6-StateMachineUpdater] DEBUG impl.TransactionManager (TransactionManager.java:remove(68)) - (t:1, i:5): s3-TransactionManager:size=0
2025-04-22 16:29:12,598 [s2@group-5F27DC0C25E6-StateMachineUpdater] INFO  impl.SimpleStateMachine4Testing (SimpleStateMachine4Testing.java:applyTransaction(250)) - applyTransaction for log index 5
2025-04-22 16:29:12,598 [s2@group-5F27DC0C25E6-StateMachineUpdater] INFO  impl.SimpleStateMachine4Testing (SimpleStateMachine4Testing.java:put(206)) - s2: put 5, first2 -> (t:1, i:5), STATEMACHINELOGENTRY, WRITE: logData.size=6, stateMachineData.size=17, logEntryProtoSerializedSize=0
2025-04-22 16:29:12,599 [s2@group-5F27DC0C25E6-StateMachineUpdater] DEBUG impl.TransactionManager (TransactionManager.java:remove(68)) - (t:1, i:5): s2-TransactionManager:size=0
2025-04-22 16:29:12,600 [s1@group-5F27DC0C25E6-StateMachineUpdater] INFO  impl.SimpleStateMachine4Testing (SimpleStateMachine4Testing.java:applyTransaction(250)) - applyTransaction for log index 5
2025-04-22 16:29:12,600 [s1@group-5F27DC0C25E6-StateMachineUpdater] INFO  impl.SimpleStateMachine4Testing (SimpleStateMachine4Testing.java:put(206)) - s1: put 5, first2 -> (t:1, i:5), STATEMACHINELOGENTRY, WRITE: logData.size=6, stateMachineData.size=17, logEntryProtoSerializedSize=0
2025-04-22 16:29:12,600 [s1@group-5F27DC0C25E6-StateMachineUpdater] DEBUG impl.TransactionManager (TransactionManager.java:remove(68)) - (t:1, i:5): s1-TransactionManager:size=0
2025-04-22 16:29:12,601 [s4@group-5F27DC0C25E6-StateMachineUpdater] INFO  impl.SimpleStateMachine4Testing (SimpleStateMachine4Testing.java:applyTransaction(250)) - applyTransaction for log index 5
2025-04-22 16:29:12,601 [s4@group-5F27DC0C25E6-StateMachineUpdater] INFO  impl.SimpleStateMachine4Testing (SimpleStateMachine4Testing.java:put(206)) - s4: put 5, first2 -> (t:1, i:5), STATEMACHINELOGENTRY, WRITE: logData.size=6, stateMachineData.size=17, logEntryProtoSerializedSize=0
2025-04-22 16:29:12,602 [s4@group-5F27DC0C25E6-StateMachineUpdater] DEBUG impl.TransactionManager (TransactionManager.java:remove(68)) - (t:1, i:5): s4-TransactionManager:size=0
2025-04-22 16:29:12,605 [grpc-default-executor-1] DEBUG impl.TransactionManager (TransactionManager.java:computeIfAbsent(60)) - (t:1, i:7): s2-TransactionManager:size=1
2025-04-22 16:29:12,607 [grpc-default-executor-0] DEBUG impl.TransactionManager (TransactionManager.java:computeIfAbsent(60)) - (t:1, i:7): s4-TransactionManager:size=1
2025-04-22 16:29:12,606 [grpc-default-executor-2] DEBUG impl.TransactionManager (TransactionManager.java:computeIfAbsent(60)) - (t:1, i:7): s3-TransactionManager:size=1
2025-04-22 16:29:12,610 [grpc-default-executor-2] DEBUG impl.TransactionManager (TransactionManager.java:computeIfAbsent(60)) - (t:1, i:7): s1-TransactionManager:size=1
2025-04-22 16:29:12,614 [s0@group-5F27DC0C25E6-StateMachineUpdater] INFO  impl.SimpleStateMachine4Testing (SimpleStateMachine4Testing.java:applyTransaction(250)) - applyTransaction for log index 7
2025-04-22 16:29:12,615 [s0@group-5F27DC0C25E6-StateMachineUpdater] INFO  impl.SimpleStateMachine4Testing (SimpleStateMachine4Testing.java:put(206)) - s0: put 7, first3 -> (t:1, i:7), STATEMACHINELOGENTRY, WRITE: logData.size=6, stateMachineData.size=17, logEntryProtoSerializedSize=0
2025-04-22 16:29:12,618 [s1@group-5F27DC0C25E6-StateMachineUpdater] INFO  impl.SimpleStateMachine4Testing (SimpleStateMachine4Testing.java:applyTransaction(250)) - applyTransaction for log index 7
2025-04-22 16:29:12,619 [s1@group-5F27DC0C25E6-StateMachineUpdater] INFO  impl.SimpleStateMachine4Testing (SimpleStateMachine4Testing.java:put(206)) - s1: put 7, first3 -> (t:1, i:7), STATEMACHINELOGENTRY, WRITE: logData.size=6, stateMachineData.size=17, logEntryProtoSerializedSize=0
2025-04-22 16:29:12,619 [s1@group-5F27DC0C25E6-StateMachineUpdater] DEBUG impl.TransactionManager (TransactionManager.java:remove(68)) - (t:1, i:7): s1-TransactionManager:size=0
2025-04-22 16:29:12,619 [s2@group-5F27DC0C25E6-StateMachineUpdater] INFO  impl.SimpleStateMachine4Testing (SimpleStateMachine4Testing.java:applyTransaction(250)) - applyTransaction for log index 7
2025-04-22 16:29:12,620 [s2@group-5F27DC0C25E6-StateMachineUpdater] INFO  impl.SimpleStateMachine4Testing (SimpleStateMachine4Testing.java:put(206)) - s2: put 7, first3 -> (t:1, i:7), STATEMACHINELOGENTRY, WRITE: logData.size=6, stateMachineData.size=17, logEntryProtoSerializedSize=0
2025-04-22 16:29:12,620 [s2@group-5F27DC0C25E6-StateMachineUpdater] DEBUG impl.TransactionManager (TransactionManager.java:remove(68)) - (t:1, i:7): s2-TransactionManager:size=0
2025-04-22 16:29:12,621 [s3@group-5F27DC0C25E6-StateMachineUpdater] INFO  impl.SimpleStateMachine4Testing (SimpleStateMachine4Testing.java:applyTransaction(250)) - applyTransaction for log index 7
2025-04-22 16:29:12,622 [s3@group-5F27DC0C25E6-StateMachineUpdater] INFO  impl.SimpleStateMachine4Testing (SimpleStateMachine4Testing.java:put(206)) - s3: put 7, first3 -> (t:1, i:7), STATEMACHINELOGENTRY, WRITE: logData.size=6, stateMachineData.size=17, logEntryProtoSerializedSize=0
2025-04-22 16:29:12,622 [s3@group-5F27DC0C25E6-StateMachineUpdater] DEBUG impl.TransactionManager (TransactionManager.java:remove(68)) - (t:1, i:7): s3-TransactionManager:size=0
2025-04-22 16:29:12,623 [s4@group-5F27DC0C25E6-StateMachineUpdater] INFO  impl.SimpleStateMachine4Testing (SimpleStateMachine4Testing.java:applyTransaction(250)) - applyTransaction for log index 7
2025-04-22 16:29:12,623 [s4@group-5F27DC0C25E6-StateMachineUpdater] INFO  impl.SimpleStateMachine4Testing (SimpleStateMachine4Testing.java:put(206)) - s4: put 7, first3 -> (t:1, i:7), STATEMACHINELOGENTRY, WRITE: logData.size=6, stateMachineData.size=17, logEntryProtoSerializedSize=0
2025-04-22 16:29:12,623 [s4@group-5F27DC0C25E6-StateMachineUpdater] DEBUG impl.TransactionManager (TransactionManager.java:remove(68)) - (t:1, i:7): s4-TransactionManager:size=0
2025-04-22 16:29:12,628 [grpc-default-executor-2] DEBUG impl.TransactionManager (TransactionManager.java:computeIfAbsent(60)) - (t:1, i:9): s4-TransactionManager:size=1
2025-04-22 16:29:12,629 [grpc-default-executor-1] DEBUG impl.TransactionManager (TransactionManager.java:computeIfAbsent(60)) - (t:1, i:9): s2-TransactionManager:size=1
2025-04-22 16:29:12,630 [grpc-default-executor-0] DEBUG impl.TransactionManager (TransactionManager.java:computeIfAbsent(60)) - (t:1, i:9): s3-TransactionManager:size=1
2025-04-22 16:29:12,631 [grpc-default-executor-1] DEBUG impl.TransactionManager (TransactionManager.java:computeIfAbsent(60)) - (t:1, i:9): s1-TransactionManager:size=1
2025-04-22 16:29:12,633 [s0@group-5F27DC0C25E6-StateMachineUpdater] INFO  impl.SimpleStateMachine4Testing (SimpleStateMachine4Testing.java:applyTransaction(250)) - applyTransaction for log index 9
2025-04-22 16:29:12,633 [s0@group-5F27DC0C25E6-StateMachineUpdater] INFO  impl.SimpleStateMachine4Testing (SimpleStateMachine4Testing.java:put(206)) - s0: put 9, first4 -> (t:1, i:9), STATEMACHINELOGENTRY, WRITE: logData.size=6, stateMachineData.size=17, logEntryProtoSerializedSize=0
2025-04-22 16:29:12,643 [s2@group-5F27DC0C25E6-StateMachineUpdater] INFO  impl.SimpleStateMachine4Testing (SimpleStateMachine4Testing.java:applyTransaction(250)) - applyTransaction for log index 9
2025-04-22 16:29:12,643 [s4@group-5F27DC0C25E6-StateMachineUpdater] INFO  impl.SimpleStateMachine4Testing (SimpleStateMachine4Testing.java:applyTransaction(250)) - applyTransaction for log index 9
2025-04-22 16:29:12,643 [s2@group-5F27DC0C25E6-StateMachineUpdater] INFO  impl.SimpleStateMachine4Testing (SimpleStateMachine4Testing.java:put(206)) - s2: put 9, first4 -> (t:1, i:9), STATEMACHINELOGENTRY, WRITE: logData.size=6, stateMachineData.size=17, logEntryProtoSerializedSize=0
2025-04-22 16:29:12,643 [s4@group-5F27DC0C25E6-StateMachineUpdater] INFO  impl.SimpleStateMachine4Testing (SimpleStateMachine4Testing.java:put(206)) - s4: put 9, first4 -> (t:1, i:9), STATEMACHINELOGENTRY, WRITE: logData.size=6, stateMachineData.size=17, logEntryProtoSerializedSize=0
2025-04-22 16:29:12,643 [s2@group-5F27DC0C25E6-StateMachineUpdater] DEBUG impl.TransactionManager (TransactionManager.java:remove(68)) - (t:1, i:9): s2-TransactionManager:size=0
2025-04-22 16:29:12,643 [main] DEBUG impl.TransactionManager (TransactionManager.java:getMap(49)) - s3-TransactionManager:size=1
2025-04-22 16:29:12,644 [s1@group-5F27DC0C25E6-StateMachineUpdater] INFO  impl.SimpleStateMachine4Testing (SimpleStateMachine4Testing.java:applyTransaction(250)) - applyTransaction for log index 9
2025-04-22 16:29:12,644 [s1@group-5F27DC0C25E6-StateMachineUpdater] INFO  impl.SimpleStateMachine4Testing (SimpleStateMachine4Testing.java:put(206)) - s1: put 9, first4 -> (t:1, i:9), STATEMACHINELOGENTRY, WRITE: logData.size=6, stateMachineData.size=17, logEntryProtoSerializedSize=0
2025-04-22 16:29:12,643 [s4@group-5F27DC0C25E6-StateMachineUpdater] DEBUG impl.TransactionManager (TransactionManager.java:remove(68)) - (t:1, i:9): s4-TransactionManager:size=0
2025-04-22 16:29:12,645 [s3@group-5F27DC0C25E6-StateMachineUpdater] INFO  impl.SimpleStateMachine4Testing (SimpleStateMachine4Testing.java:applyTransaction(250)) - applyTransaction for log index 9
2025-04-22 16:29:12,646 [s3@group-5F27DC0C25E6-StateMachineUpdater] INFO  impl.SimpleStateMachine4Testing (SimpleStateMachine4Testing.java:put(206)) - s3: put 9, first4 -> (t:1, i:9), STATEMACHINELOGENTRY, WRITE: logData.size=6, stateMachineData.size=17, logEntryProtoSerializedSize=0
2025-04-22 16:29:12,646 [s1@group-5F27DC0C25E6-StateMachineUpdater] DEBUG impl.TransactionManager (TransactionManager.java:remove(68)) - (t:1, i:9): s1-TransactionManager:size=0
2025-04-22 16:29:12,646 [s3@group-5F27DC0C25E6-StateMachineUpdater] DEBUG impl.TransactionManager (TransactionManager.java:remove(68)) - (t:1, i:9): s3-TransactionManager:size=0
2025-04-22 16:29:12,656 [main] INFO  grpc.TestRaftLogTruncateWithGrpc (RaftLogTruncateTests.java:runTestLogTruncate(115)) - killedPeers   : [s3, s4, s1]
2025-04-22 16:29:12,657 [main] INFO  grpc.TestRaftLogTruncateWithGrpc (RaftLogTruncateTests.java:runTestLogTruncate(116)) - remainingPeers: [s0, s2]
2025-04-22 16:29:12,657 [main] INFO  impl.MiniRaftCluster (MiniRaftCluster.java:runWithNewCluster(146)) - printing ALL groups
  s3:  RUNNING  FOLLOWER s3@group-5F27DC0C25E6:t1, leader=s0, voted=s0, raftlog=Memoized:s3@group-5F27DC0C25E6-SegmentedRaftLog:OPENED:c9:last(t:1, i:10), conf=conf: {index: 0, cur=peers:[s3|localhost:15012, s4|localhost:15016, s0|localhost:15000, s1|localhost:15004, s2|localhost:15008]|listeners:[], old=null} RUNNING
  s4:  RUNNING  FOLLOWER s4@group-5F27DC0C25E6:t1, leader=s0, voted=s0, raftlog=Memoized:s4@group-5F27DC0C25E6-SegmentedRaftLog:OPENED:c9:last(t:1, i:10), conf=conf: {index: 0, cur=peers:[s3|localhost:15012, s4|localhost:15016, s0|localhost:15000, s1|localhost:15004, s2|localhost:15008]|listeners:[], old=null} RUNNING
  s0:  RUNNING    LEADER s0@group-5F27DC0C25E6:t1, leader=s0, voted=s0, raftlog=Memoized:s0@group-5F27DC0C25E6-SegmentedRaftLog:OPENED:c10:last(t:1, i:10), conf=conf: {index: 0, cur=peers:[s3|localhost:15012, s4|localhost:15016, s0|localhost:15000, s1|localhost:15004, s2|localhost:15008]|listeners:[], old=null} RUNNING
  s1:  RUNNING  FOLLOWER s1@group-5F27DC0C25E6:t1, leader=s0, voted=s0, raftlog=Memoized:s1@group-5F27DC0C25E6-SegmentedRaftLog:OPENED:c9:last(t:1, i:10), conf=conf: {index: 0, cur=peers:[s3|localhost:15012, s4|localhost:15016, s0|localhost:15000, s1|localhost:15004, s2|localhost:15008]|listeners:[], old=null} RUNNING
  s2:  RUNNING  FOLLOWER s2@group-5F27DC0C25E6:t1, leader=s0, voted=s2, raftlog=Memoized:s2@group-5F27DC0C25E6-SegmentedRaftLog:OPENED:c9:last(t:1, i:10), conf=conf: {index: 0, cur=peers:[s3|localhost:15012, s4|localhost:15016, s0|localhost:15000, s1|localhost:15004, s2|localhost:15008]|listeners:[], old=null} RUNNING
2025-04-22 16:29:12,658 [main] ERROR impl.MiniRaftCluster (MiniRaftCluster.java:runWithNewCluster(147)) - Failed org.apache.ratis.server.impl.MiniRaftCluster$Factory$Get.runWithNewCluster(MiniRaftCluster.java:121)
org.opentest4j.AssertionFailedError: s3 TransactionContextMap is non-empty: {(t:1, i:9)=Memoized:org.apache.ratis.statemachine.impl.TransactionContextImpl@2c78d320} ==> expected: <true> but was: <false>
	at org.junit.jupiter.api.AssertionFailureBuilder.build(AssertionFailureBuilder.java:151)
	at org.junit.jupiter.api.AssertionFailureBuilder.buildAndThrow(AssertionFailureBuilder.java:132)
	at org.junit.jupiter.api.AssertTrue.failNotTrue(AssertTrue.java:63)
	at org.junit.jupiter.api.AssertTrue.assertTrue(AssertTrue.java:42)
	at org.junit.jupiter.api.Assertions.assertTrue(Assertions.java:191)
	at org.apache.ratis.RaftLogTruncateTests.assertEmptyTransactionContextMap(RaftLogTruncateTests.java:241)
	at org.apache.ratis.RaftLogTruncateTests.runTestLogTruncate(RaftLogTruncateTests.java:145)
	at org.apache.ratis.RaftLogTruncateTests.runTestLogTruncate(RaftLogTruncateTests.java:113)
	at org.apache.ratis.server.impl.MiniRaftCluster$Factory$Get.runWithNewCluster(MiniRaftCluster.java:144)
	at org.apache.ratis.server.impl.MiniRaftCluster$Factory$Get.runWithNewCluster(MiniRaftCluster.java:121)
	at org.apache.ratis.RaftLogTruncateTests.testLogTruncate(RaftLogTruncateTests.java:91)
	at sun.reflect.NativeMethodAccessorImpl.invoke0(Native Method)
	at sun.reflect.NativeMethodAccessorImpl.invoke(NativeMethodAccessorImpl.java:62)
	at sun.reflect.DelegatingMethodAccessorImpl.invoke(DelegatingMethodAccessorImpl.java:43)
	at java.lang.reflect.Method.invoke(Method.java:498)
	at org.junit.platform.commons.util.ReflectionUtils.invokeMethod(ReflectionUtils.java:766)
	at org.junit.jupiter.engine.execution.MethodInvocation.proceed(MethodInvocation.java:60)
	at org.junit.jupiter.engine.execution.InvocationInterceptorChain$ValidatingInvocation.proceed(InvocationInterceptorChain.java:131)
	at org.junit.jupiter.engine.extension.SameThreadTimeoutInvocation.proceed(SameThreadTimeoutInvocation.java:45)
	at org.junit.jupiter.engine.extension.TimeoutExtension.intercept(TimeoutExtension.java:156)
	at org.junit.jupiter.engine.extension.TimeoutExtension.interceptTestableMethod(TimeoutExtension.java:147)
	at org.junit.jupiter.engine.extension.TimeoutExtension.interceptTestMethod(TimeoutExtension.java:86)
	at org.junit.jupiter.engine.execution.InterceptingExecutableInvoker$ReflectiveInterceptorCall.lambda$ofVoidMethod$0(InterceptingExecutableInvoker.java:103)
	at org.junit.jupiter.engine.execution.InterceptingExecutableInvoker.lambda$invoke$0(InterceptingExecutableInvoker.java:93)
	at org.junit.jupiter.engine.execution.InvocationInterceptorChain$InterceptedInvocation.proceed(InvocationInterceptorChain.java:106)
	at org.junit.jupiter.engine.execution.InvocationInterceptorChain.proceed(InvocationInterceptorChain.java:64)
	at org.junit.jupiter.engine.execution.InvocationInterceptorChain.chainAndInvoke(InvocationInterceptorChain.java:45)
	at org.junit.jupiter.engine.execution.InvocationInterceptorChain.invoke(InvocationInterceptorChain.java:37)
	at org.junit.jupiter.engine.execution.InterceptingExecutableInvoker.invoke(InterceptingExecutableInvoker.java:92)
	at org.junit.jupiter.engine.execution.InterceptingExecutableInvoker.invoke(InterceptingExecutableInvoker.java:86)
	at org.junit.jupiter.engine.descriptor.TestMethodTestDescriptor.lambda$invokeTestMethod$8(TestMethodTestDescriptor.java:217)
	at org.junit.platform.engine.support.hierarchical.ThrowableCollector.execute(ThrowableCollector.java:73)
	at org.junit.jupiter.engine.descriptor.TestMethodTestDescriptor.invokeTestMethod(TestMethodTestDescriptor.java:213)
	at org.junit.jupiter.engine.descriptor.TestMethodTestDescriptor.execute(TestMethodTestDescriptor.java:138)
	at org.junit.jupiter.engine.descriptor.TestMethodTestDescriptor.execute(TestMethodTestDescriptor.java:68)
	at org.junit.platform.engine.support.hierarchical.NodeTestTask.lambda$executeRecursively$6(NodeTestTask.java:156)
	at org.junit.platform.engine.support.hierarchical.ThrowableCollector.execute(ThrowableCollector.java:73)
	at org.junit.platform.engine.support.hierarchical.NodeTestTask.lambda$executeRecursively$8(NodeTestTask.java:146)
	at org.junit.platform.engine.support.hierarchical.Node.around(Node.java:137)
	at org.junit.platform.engine.support.hierarchical.NodeTestTask.lambda$executeRecursively$9(NodeTestTask.java:144)
	at org.junit.platform.engine.support.hierarchical.ThrowableCollector.execute(ThrowableCollector.java:73)
	at org.junit.platform.engine.support.hierarchical.NodeTestTask.executeRecursively(NodeTestTask.java:143)
	at org.junit.platform.engine.support.hierarchical.NodeTestTask.execute(NodeTestTask.java:100)
	at java.util.ArrayList.forEach(ArrayList.java:1259)
	at org.junit.platform.engine.support.hierarchical.SameThreadHierarchicalTestExecutorService.invokeAll(SameThreadHierarchicalTestExecutorService.java:41)
	at org.junit.platform.engine.support.hierarchical.NodeTestTask.lambda$executeRecursively$6(NodeTestTask.java:160)
	at org.junit.platform.engine.support.hierarchical.ThrowableCollector.execute(ThrowableCollector.java:73)
	at org.junit.platform.engine.support.hierarchical.NodeTestTask.lambda$executeRecursively$8(NodeTestTask.java:146)
	at org.junit.platform.engine.support.hierarchical.Node.around(Node.java:137)
	at org.junit.platform.engine.support.hierarchical.NodeTestTask.lambda$executeRecursively$9(NodeTestTask.java:144)
	at org.junit.platform.engine.support.hierarchical.ThrowableCollector.execute(ThrowableCollector.java:73)
	at org.junit.platform.engine.support.hierarchical.NodeTestTask.executeRecursively(NodeTestTask.java:143)
	at org.junit.platform.engine.support.hierarchical.NodeTestTask.execute(NodeTestTask.java:100)
	at java.util.ArrayList.forEach(ArrayList.java:1259)
	at org.junit.platform.engine.support.hierarchical.SameThreadHierarchicalTestExecutorService.invokeAll(SameThreadHierarchicalTestExecutorService.java:41)
	at org.junit.platform.engine.support.hierarchical.NodeTestTask.lambda$executeRecursively$6(NodeTestTask.java:160)
	at org.junit.platform.engine.support.hierarchical.ThrowableCollector.execute(ThrowableCollector.java:73)
	at org.junit.platform.engine.support.hierarchical.NodeTestTask.lambda$executeRecursively$8(NodeTestTask.java:146)
	at org.junit.platform.engine.support.hierarchical.Node.around(Node.java:137)
	at org.junit.platform.engine.support.hierarchical.NodeTestTask.lambda$executeRecursively$9(NodeTestTask.java:144)
	at org.junit.platform.engine.support.hierarchical.ThrowableCollector.execute(ThrowableCollector.java:73)
	at org.junit.platform.engine.support.hierarchical.NodeTestTask.executeRecursively(NodeTestTask.java:143)
	at org.junit.platform.engine.support.hierarchical.NodeTestTask.execute(NodeTestTask.java:100)
	at org.junit.platform.engine.support.hierarchical.SameThreadHierarchicalTestExecutorService.submit(SameThreadHierarchicalTestExecutorService.java:35)
	at org.junit.platform.engine.support.hierarchical.HierarchicalTestExecutor.execute(HierarchicalTestExecutor.java:57)
	at org.junit.platform.engine.support.hierarchical.HierarchicalTestEngine.execute(HierarchicalTestEngine.java:54)
	at org.junit.platform.launcher.core.EngineExecutionOrchestrator.execute(EngineExecutionOrchestrator.java:198)
	at org.junit.platform.launcher.core.EngineExecutionOrchestrator.execute(EngineExecutionOrchestrator.java:169)
	at org.junit.platform.launcher.core.EngineExecutionOrchestrator.execute(EngineExecutionOrchestrator.java:93)
	at org.junit.platform.launcher.core.EngineExecutionOrchestrator.lambda$execute$0(EngineExecutionOrchestrator.java:58)
	at org.junit.platform.launcher.core.EngineExecutionOrchestrator.withInterceptedStreams(EngineExecutionOrchestrator.java:141)
	at org.junit.platform.launcher.core.EngineExecutionOrchestrator.execute(EngineExecutionOrchestrator.java:57)
	at org.junit.platform.launcher.core.DefaultLauncher.execute(DefaultLauncher.java:103)
	at org.junit.platform.launcher.core.DefaultLauncher.execute(DefaultLauncher.java:85)
	at org.junit.platform.launcher.core.DelegatingLauncher.execute(DelegatingLauncher.java:47)
	at org.junit.platform.launcher.core.SessionPerRequestLauncher.execute(SessionPerRequestLauncher.java:63)
	at org.apache.maven.surefire.junitplatform.JUnitPlatformProvider.invokeAllTests(JUnitPlatformProvider.java:154)
	at org.apache.maven.surefire.junitplatform.JUnitPlatformProvider.invoke(JUnitPlatformProvider.java:123)
	at org.apache.maven.surefire.booter.ForkedBooter.runSuitesInProcess(ForkedBooter.java:377)
	at org.apache.maven.surefire.booter.ForkedBooter.execute(ForkedBooter.java:138)
	at org.apache.maven.surefire.booter.ForkedBooter.run(ForkedBooter.java:465)
	at org.apache.maven.surefire.booter.ForkedBooter.main(ForkedBooter.java:451)
2025-04-22 16:29:12,661 [main] INFO  impl.MiniRaftCluster (MiniRaftCluster.java:shutdown(847)) - ************************************************************** 
2025-04-22 16:29:12,661 [main] INFO  impl.MiniRaftCluster (MiniRaftCluster.java:shutdown(848)) - *** 
2025-04-22 16:29:12,661 [main] INFO  impl.MiniRaftCluster (MiniRaftCluster.java:shutdown(849)) - ***     Stopping MiniRaftClusterWithGrpc
2025-04-22 16:29:12,662 [main] INFO  impl.MiniRaftCluster (MiniRaftCluster.java:shutdown(850)) - *** 
2025-04-22 16:29:12,662 [main] INFO  impl.MiniRaftCluster (MiniRaftCluster.java:shutdown(851)) - ************************************************************** 
2025-04-22 16:29:12,663 [main] INFO  impl.MiniRaftCluster (MiniRaftCluster.java:shutdown(852)) - printing ALL groups
  s3:  RUNNING  FOLLOWER s3@group-5F27DC0C25E6:t1, leader=s0, voted=s0, raftlog=Memoized:s3@group-5F27DC0C25E6-SegmentedRaftLog:OPENED:c9:last(t:1, i:10), conf=conf: {index: 0, cur=peers:[s3|localhost:15012, s4|localhost:15016, s0|localhost:15000, s1|localhost:15004, s2|localhost:15008]|listeners:[], old=null} RUNNING
  s4:  RUNNING  FOLLOWER s4@group-5F27DC0C25E6:t1, leader=s0, voted=s0, raftlog=Memoized:s4@group-5F27DC0C25E6-SegmentedRaftLog:OPENED:c9:last(t:1, i:10), conf=conf: {index: 0, cur=peers:[s3|localhost:15012, s4|localhost:15016, s0|localhost:15000, s1|localhost:15004, s2|localhost:15008]|listeners:[], old=null} RUNNING
  s0:  RUNNING    LEADER s0@group-5F27DC0C25E6:t1, leader=s0, voted=s0, raftlog=Memoized:s0@group-5F27DC0C25E6-SegmentedRaftLog:OPENED:c10:last(t:1, i:10), conf=conf: {index: 0, cur=peers:[s3|localhost:15012, s4|localhost:15016, s0|localhost:15000, s1|localhost:15004, s2|localhost:15008]|listeners:[], old=null} RUNNING
  s1:  RUNNING  FOLLOWER s1@group-5F27DC0C25E6:t1, leader=s0, voted=s0, raftlog=Memoized:s1@group-5F27DC0C25E6-SegmentedRaftLog:OPENED:c9:last(t:1, i:10), conf=conf: {index: 0, cur=peers:[s3|localhost:15012, s4|localhost:15016, s0|localhost:15000, s1|localhost:15004, s2|localhost:15008]|listeners:[], old=null} RUNNING
  s2:  RUNNING  FOLLOWER s2@group-5F27DC0C25E6:t1, leader=s0, voted=s2, raftlog=Memoized:s2@group-5F27DC0C25E6-SegmentedRaftLog:OPENED:c9:last(t:1, i:10), conf=conf: {index: 0, cur=peers:[s3|localhost:15012, s4|localhost:15016, s0|localhost:15000, s1|localhost:15004, s2|localhost:15008]|listeners:[], old=null} RUNNING
2025-04-22 16:29:12,665 [MiniRaftCluster-1] INFO  server.RaftServer (RaftServerProxy.java:lambda$close$9(423)) - s3: close
2025-04-22 16:29:12,666 [MiniRaftCluster-3] INFO  server.RaftServer (RaftServerProxy.java:lambda$close$9(423)) - s0: close
2025-04-22 16:29:12,668 [MiniRaftCluster-3] INFO  server.GrpcServicesImpl (GrpcServicesImpl.java:closeImpl(362)) - s0: shutdown server org.apache.ratis.grpc.server.GrpcClientProtocolService now
2025-04-22 16:29:12,668 [s0-impl-thread1] INFO  server.RaftServer$Division (RaftServerImpl.java:lambda$close$1(530)) - s0@group-5F27DC0C25E6: shutdown
2025-04-22 16:29:12,669 [s0-impl-thread1] INFO  util.JmxRegister (JmxRegister.java:unregister(74)) - Successfully un-registered JMX Bean with object name Ratis:service=RaftServer,group=group-5F27DC0C25E6,id=s0
2025-04-22 16:29:12,669 [s0-impl-thread1] INFO  impl.RoleInfo (RoleInfo.java:shutdownLeaderState(103)) - s0: shutdown s0@group-5F27DC0C25E6-LeaderStateImpl
2025-04-22 16:29:12,665 [MiniRaftCluster-5] INFO  server.RaftServer (RaftServerProxy.java:lambda$close$9(423)) - s2: close
2025-04-22 16:29:12,665 [MiniRaftCluster-4] INFO  server.RaftServer (RaftServerProxy.java:lambda$close$9(423)) - s1: close
2025-04-22 16:29:12,670 [s0@group-5F27DC0C25E6->s3-GrpcLogAppender-LogAppenderDaemon] WARN  server.GrpcLogAppender (GrpcLogAppender.java:mayWait(300)) - s0@group-5F27DC0C25E6->s3-GrpcLogAppender: Wait interrupted by java.lang.InterruptedException
2025-04-22 16:29:12,670 [s0-impl-thread1] INFO  impl.PendingRequests (PendingRequests.java:sendNotLeaderResponses(287)) - s0@group-5F27DC0C25E6-PendingRequests: sendNotLeaderResponses
2025-04-22 16:29:12,671 [s0@group-5F27DC0C25E6->s1-GrpcLogAppender-LogAppenderDaemon] WARN  server.GrpcLogAppender (GrpcLogAppender.java:mayWait(300)) - s0@group-5F27DC0C25E6->s1-GrpcLogAppender: Wait interrupted by java.lang.InterruptedException
2025-04-22 16:29:12,671 [s0@group-5F27DC0C25E6->s2-GrpcLogAppender-LogAppenderDaemon] WARN  server.GrpcLogAppender (GrpcLogAppender.java:mayWait(300)) - s0@group-5F27DC0C25E6->s2-GrpcLogAppender: Wait interrupted by java.lang.InterruptedException
2025-04-22 16:29:12,671 [MiniRaftCluster-5] INFO  server.GrpcServicesImpl (GrpcServicesImpl.java:closeImpl(362)) - s2: shutdown server org.apache.ratis.grpc.server.GrpcClientProtocolService now
2025-04-22 16:29:12,665 [MiniRaftCluster-2] INFO  server.RaftServer (RaftServerProxy.java:lambda$close$9(423)) - s4: close
2025-04-22 16:29:12,672 [s0@group-5F27DC0C25E6->s4-GrpcLogAppender-LogAppenderDaemon] WARN  server.GrpcLogAppender (GrpcLogAppender.java:mayWait(300)) - s0@group-5F27DC0C25E6->s4-GrpcLogAppender: Wait interrupted by java.lang.InterruptedException
2025-04-22 16:29:12,672 [s1-impl-thread1] INFO  server.RaftServer$Division (RaftServerImpl.java:lambda$close$1(530)) - s1@group-5F27DC0C25E6: shutdown
2025-04-22 16:29:12,673 [s1-impl-thread1] INFO  util.JmxRegister (JmxRegister.java:unregister(74)) - Successfully un-registered JMX Bean with object name Ratis:service=RaftServer,group=group-5F27DC0C25E6,id=s1
2025-04-22 16:29:12,671 [s2-impl-thread1] INFO  server.RaftServer$Division (RaftServerImpl.java:lambda$close$1(530)) - s2@group-5F27DC0C25E6: shutdown
2025-04-22 16:29:12,671 [MiniRaftCluster-4] INFO  server.GrpcServicesImpl (GrpcServicesImpl.java:closeImpl(362)) - s1: shutdown server org.apache.ratis.grpc.server.GrpcClientProtocolService now
2025-04-22 16:29:12,673 [MiniRaftCluster-2] INFO  server.GrpcServicesImpl (GrpcServicesImpl.java:closeImpl(362)) - s4: shutdown server org.apache.ratis.grpc.server.GrpcClientProtocolService now
2025-04-22 16:29:12,667 [s3-impl-thread1] INFO  server.RaftServer$Division (RaftServerImpl.java:lambda$close$1(530)) - s3@group-5F27DC0C25E6: shutdown
2025-04-22 16:29:12,674 [s3-impl-thread1] INFO  util.JmxRegister (JmxRegister.java:unregister(74)) - Successfully un-registered JMX Bean with object name Ratis:service=RaftServer,group=group-5F27DC0C25E6,id=s3
2025-04-22 16:29:12,674 [s3-impl-thread1] INFO  impl.RoleInfo (RoleInfo.java:shutdownFollowerState(121)) - s3: shutdown s3@group-5F27DC0C25E6-FollowerState
2025-04-22 16:29:12,674 [s0@group-5F27DC0C25E6-StateMachineUpdater] INFO  impl.StateMachineUpdater (StateMachineUpdater.java:stop(139)) - s0@group-5F27DC0C25E6-StateMachineUpdater: closing SimpleStateMachine4Testing, lastApplied=(t:1, i:10)
2025-04-22 16:29:12,667 [MiniRaftCluster-1] INFO  server.GrpcServicesImpl (GrpcServicesImpl.java:closeImpl(362)) - s3: shutdown server org.apache.ratis.grpc.server.GrpcClientProtocolService now
2025-04-22 16:29:12,676 [s3@group-5F27DC0C25E6-FollowerState] INFO  impl.FollowerState (FollowerState.java:runImpl(170)) - s3@group-5F27DC0C25E6-FollowerState was interrupted
2025-04-22 16:29:12,675 [s3@group-5F27DC0C25E6-StateMachineUpdater] INFO  impl.StateMachineUpdater (StateMachineUpdater.java:stop(139)) - s3@group-5F27DC0C25E6-StateMachineUpdater: closing SimpleStateMachine4Testing, lastApplied=(t:1, i:9)
2025-04-22 16:29:12,675 [s4-impl-thread1] INFO  server.RaftServer$Division (RaftServerImpl.java:lambda$close$1(530)) - s4@group-5F27DC0C25E6: shutdown
2025-04-22 16:29:12,677 [s4-impl-thread1] INFO  util.JmxRegister (JmxRegister.java:unregister(74)) - Successfully un-registered JMX Bean with object name Ratis:service=RaftServer,group=group-5F27DC0C25E6,id=s4
2025-04-22 16:29:12,677 [s4-impl-thread1] INFO  impl.RoleInfo (RoleInfo.java:shutdownFollowerState(121)) - s4: shutdown s4@group-5F27DC0C25E6-FollowerState
2025-04-22 16:29:12,675 [s0-impl-thread1] INFO  impl.StateMachineUpdater (StateMachineUpdater.java:stopAndJoin(162)) - s0@group-5F27DC0C25E6-StateMachineUpdater: set stopIndex = 10
2025-04-22 16:29:12,678 [s0-impl-thread1] INFO  raftlog.RaftLog (SegmentedRaftLog.java:close(569)) - Start closing s0@group-5F27DC0C25E6-SegmentedRaftLog:OPENED:c10:last(t:1, i:10)
2025-04-22 16:29:12,674 [s3-impl-thread1] INFO  impl.StateMachineUpdater (StateMachineUpdater.java:stopAndJoin(162)) - s3@group-5F27DC0C25E6-StateMachineUpdater: set stopIndex = 9
2025-04-22 16:29:12,679 [s3-impl-thread1] INFO  raftlog.RaftLog (SegmentedRaftLog.java:close(569)) - Start closing s3@group-5F27DC0C25E6-SegmentedRaftLog:OPENED:c9:last(t:1, i:10)
2025-04-22 16:29:12,673 [s2-impl-thread1] INFO  util.JmxRegister (JmxRegister.java:unregister(74)) - Successfully un-registered JMX Bean with object name Ratis:service=RaftServer,group=group-5F27DC0C25E6,id=s2
2025-04-22 16:29:12,679 [Thread-95] INFO  server.GrpcServerProtocolClient (GrpcServerProtocolClient.java:close(105)) - s3 Close channels
2025-04-22 16:29:12,673 [s1-impl-thread1] INFO  impl.RoleInfo (RoleInfo.java:shutdownFollowerState(121)) - s1: shutdown s1@group-5F27DC0C25E6-FollowerState
2025-04-22 16:29:12,679 [s1-impl-thread1] INFO  impl.StateMachineUpdater (StateMachineUpdater.java:stopAndJoin(162)) - s1@group-5F27DC0C25E6-StateMachineUpdater: set stopIndex = 9
2025-04-22 16:29:12,679 [s2-impl-thread1] INFO  impl.RoleInfo (RoleInfo.java:shutdownFollowerState(121)) - s2: shutdown s2@group-5F27DC0C25E6-FollowerState
2025-04-22 16:29:12,679 [s1@group-5F27DC0C25E6-FollowerState] INFO  impl.FollowerState (FollowerState.java:runImpl(170)) - s1@group-5F27DC0C25E6-FollowerState was interrupted
2025-04-22 16:29:12,679 [Thread-97] INFO  server.GrpcServerProtocolClient (GrpcServerProtocolClient.java:close(105)) - s4 Close channels
2025-04-22 16:29:12,680 [s1@group-5F27DC0C25E6-StateMachineUpdater] INFO  impl.StateMachineUpdater (StateMachineUpdater.java:stop(139)) - s1@group-5F27DC0C25E6-StateMachineUpdater: closing SimpleStateMachine4Testing, lastApplied=(t:1, i:9)
2025-04-22 16:29:12,681 [s4-impl-thread1] INFO  impl.StateMachineUpdater (StateMachineUpdater.java:stopAndJoin(162)) - s4@group-5F27DC0C25E6-StateMachineUpdater: set stopIndex = 9
2025-04-22 16:29:12,682 [Thread-99] INFO  server.GrpcServerProtocolClient (GrpcServerProtocolClient.java:close(105)) - s1 Close channels
2025-04-22 16:29:12,681 [Thread-98] INFO  server.GrpcServerProtocolClient (GrpcServerProtocolClient.java:close(105)) - s0 Close channels
2025-04-22 16:29:12,681 [Thread-96] INFO  server.GrpcServerProtocolClient (GrpcServerProtocolClient.java:close(105)) - s3 Close channels
2025-04-22 16:29:12,681 [s4@group-5F27DC0C25E6-StateMachineUpdater] INFO  impl.StateMachineUpdater (StateMachineUpdater.java:stop(139)) - s4@group-5F27DC0C25E6-StateMachineUpdater: closing SimpleStateMachine4Testing, lastApplied=(t:1, i:9)
2025-04-22 16:29:12,683 [MiniRaftCluster-4] INFO  server.GrpcServicesImpl (GrpcServicesImpl.java:closeImpl(371)) - s1: shutdown server org.apache.ratis.grpc.server.GrpcClientProtocolService successfully
2025-04-22 16:29:12,683 [MiniRaftCluster-4] INFO  server.GrpcServicesImpl (GrpcServicesImpl.java:closeImpl(362)) - s1: shutdown server GrpcServerProtocolService now
2025-04-22 16:29:12,683 [s4-impl-thread1] INFO  raftlog.RaftLog (SegmentedRaftLog.java:close(569)) - Start closing s4@group-5F27DC0C25E6-SegmentedRaftLog:OPENED:c9:last(t:1, i:10)
2025-04-22 16:29:12,681 [s4@group-5F27DC0C25E6-FollowerState] INFO  impl.FollowerState (FollowerState.java:runImpl(170)) - s4@group-5F27DC0C25E6-FollowerState was interrupted
2025-04-22 16:29:12,683 [s0@group-5F27DC0C25E6-cacheEviction-AwaitToRun] INFO  util.AwaitToRun (AwaitToRun.java:run(49)) - s0@group-5F27DC0C25E6-cacheEviction-AwaitToRun-AwaitForSignal is interrupted
2025-04-22 16:29:12,684 [s0-impl-thread1] INFO  segmented.LogSegment (LogSegment.java:close(354)) - Successfully closed EntryCache-log_inprogress_0
2025-04-22 16:29:12,682 [s1-impl-thread1] INFO  raftlog.RaftLog (SegmentedRaftLog.java:close(569)) - Start closing s1@group-5F27DC0C25E6-SegmentedRaftLog:OPENED:c9:last(t:1, i:10)
2025-04-22 16:29:12,685 [s1@group-5F27DC0C25E6-cacheEviction-AwaitToRun] INFO  util.AwaitToRun (AwaitToRun.java:run(49)) - s1@group-5F27DC0C25E6-cacheEviction-AwaitToRun-AwaitForSignal is interrupted
2025-04-22 16:29:12,686 [s4@group-5F27DC0C25E6-cacheEviction-AwaitToRun] INFO  util.AwaitToRun (AwaitToRun.java:run(49)) - s4@group-5F27DC0C25E6-cacheEviction-AwaitToRun-AwaitForSignal is interrupted
2025-04-22 16:29:12,686 [s4-impl-thread1] INFO  segmented.LogSegment (LogSegment.java:close(354)) - Successfully closed EntryCache-log_inprogress_0
2025-04-22 16:29:12,689 [grpc-default-executor-0] WARN  server.GrpcServerProtocolService (LogUtils.java:warn(127)) - s1: APPEND_ENTRIES onError, lastRequest: s0->s1#33-t1,previous=(t:1, i:9),leaderCommit=9,initializing? false,entries: size=1, first=(t:1, i:10), METADATAENTRY(c:9): org.apache.ratis.thirdparty.io.grpc.StatusRuntimeException: CANCELLED: client cancelled
2025-04-22 16:29:12,689 [s2-impl-thread1] INFO  impl.StateMachineUpdater (StateMachineUpdater.java:stopAndJoin(162)) - s2@group-5F27DC0C25E6-StateMachineUpdater: set stopIndex = 9
2025-04-22 16:29:12,690 [grpc-default-executor-2] INFO  server.GrpcLogAppender (GrpcLogAppender.java:onError(563)) - s0@group-5F27DC0C25E6->s1-GrpcLogAppender is already stopped
2025-04-22 16:29:12,690 [s2@group-5F27DC0C25E6-StateMachineUpdater] INFO  impl.StateMachineUpdater (StateMachineUpdater.java:stop(139)) - s2@group-5F27DC0C25E6-StateMachineUpdater: closing SimpleStateMachine4Testing, lastApplied=(t:1, i:9)
2025-04-22 16:29:12,690 [s2-impl-thread1] INFO  raftlog.RaftLog (SegmentedRaftLog.java:close(569)) - Start closing s2@group-5F27DC0C25E6-SegmentedRaftLog:OPENED:c9:last(t:1, i:10)
2025-04-22 16:29:12,690 [s3@group-5F27DC0C25E6-cacheEviction-AwaitToRun] INFO  util.AwaitToRun (AwaitToRun.java:run(49)) - s3@group-5F27DC0C25E6-cacheEviction-AwaitToRun-AwaitForSignal is interrupted
2025-04-22 16:29:12,690 [s2@group-5F27DC0C25E6-cacheEviction-AwaitToRun] INFO  util.AwaitToRun (AwaitToRun.java:run(49)) - s2@group-5F27DC0C25E6-cacheEviction-AwaitToRun-AwaitForSignal is interrupted
2025-04-22 16:29:12,691 [s2@group-5F27DC0C25E6-FollowerState] INFO  impl.FollowerState (FollowerState.java:runImpl(170)) - s2@group-5F27DC0C25E6-FollowerState was interrupted
2025-04-22 16:29:12,691 [grpc-default-executor-2] WARN  server.GrpcServerProtocolService (LogUtils.java:warn(127)) - s1: APPEND_ENTRIES onError, lastRequest: null: org.apache.ratis.thirdparty.io.grpc.StatusRuntimeException: CANCELLED: client cancelled
2025-04-22 16:29:12,692 [MiniRaftCluster-4] INFO  server.GrpcServicesImpl (GrpcServicesImpl.java:closeImpl(371)) - s1: shutdown server GrpcServerProtocolService successfully
2025-04-22 16:29:12,692 [MiniRaftCluster-4] INFO  server.GrpcServicesImpl (GrpcServicesImpl.java:closeImpl(362)) - s1: shutdown server org.apache.ratis.grpc.server.GrpcAdminProtocolService now
2025-04-22 16:29:12,692 [MiniRaftCluster-5] INFO  server.GrpcServicesImpl (GrpcServicesImpl.java:closeImpl(371)) - s2: shutdown server org.apache.ratis.grpc.server.GrpcClientProtocolService successfully
2025-04-22 16:29:12,693 [MiniRaftCluster-5] INFO  server.GrpcServicesImpl (GrpcServicesImpl.java:closeImpl(362)) - s2: shutdown server GrpcServerProtocolService now
2025-04-22 16:29:12,693 [MiniRaftCluster-4] INFO  server.GrpcServicesImpl (GrpcServicesImpl.java:closeImpl(371)) - s1: shutdown server org.apache.ratis.grpc.server.GrpcAdminProtocolService successfully
2025-04-22 16:29:12,694 [MiniRaftCluster-5] INFO  server.GrpcServicesImpl (GrpcServicesImpl.java:closeImpl(371)) - s2: shutdown server GrpcServerProtocolService successfully
2025-04-22 16:29:12,694 [MiniRaftCluster-5] INFO  server.GrpcServicesImpl (GrpcServicesImpl.java:closeImpl(362)) - s2: shutdown server org.apache.ratis.grpc.server.GrpcAdminProtocolService now
2025-04-22 16:29:12,694 [MiniRaftCluster-5] INFO  server.GrpcServicesImpl (GrpcServicesImpl.java:closeImpl(371)) - s2: shutdown server org.apache.ratis.grpc.server.GrpcAdminProtocolService successfully
2025-04-22 16:29:12,695 [grpc-default-executor-1] WARN  server.GrpcServerProtocolService (LogUtils.java:warn(127)) - s2: APPEND_ENTRIES onError, lastRequest: s0->s2#31-t1,previous=(t:1, i:9),leaderCommit=9,initializing? false,entries: size=1, first=(t:1, i:10), METADATAENTRY(c:9): org.apache.ratis.thirdparty.io.grpc.StatusRuntimeException: CANCELLED: client cancelled
2025-04-22 16:29:12,696 [grpc-default-executor-0] INFO  server.GrpcLogAppender (GrpcLogAppender.java:onError(563)) - s0@group-5F27DC0C25E6->s1-GrpcLogAppender is already stopped
2025-04-22 16:29:12,696 [grpc-default-executor-7] WARN  server.GrpcServerProtocolService (LogUtils.java:warn(127)) - s2: APPEND_ENTRIES onError, lastRequest: null: org.apache.ratis.thirdparty.io.grpc.StatusRuntimeException: CANCELLED: client cancelled
2025-04-22 16:29:12,696 [grpc-default-executor-4] INFO  server.GrpcLogAppender (GrpcLogAppender.java:onError(563)) - s0@group-5F27DC0C25E6->s2-GrpcLogAppender is already stopped
2025-04-22 16:29:12,697 [grpc-default-executor-4] INFO  server.GrpcLogAppender (GrpcLogAppender.java:onError(563)) - s0@group-5F27DC0C25E6->s2-GrpcLogAppender is already stopped
2025-04-22 16:29:12,698 [s1-impl-thread1] INFO  segmented.LogSegment (LogSegment.java:close(354)) - Successfully closed EntryCache-log_inprogress_0
2025-04-22 16:29:12,698 [Thread-101] INFO  server.GrpcServerProtocolClient (GrpcServerProtocolClient.java:close(105)) - s4 Close channels
2025-04-22 16:29:12,698 [s3-impl-thread1] INFO  segmented.LogSegment (LogSegment.java:close(354)) - Successfully closed EntryCache-log_inprogress_0
2025-04-22 16:29:12,698 [s2-impl-thread1] INFO  segmented.LogSegment (LogSegment.java:close(354)) - Successfully closed EntryCache-log_inprogress_0
2025-04-22 16:29:12,699 [Thread-115] INFO  server.GrpcServerProtocolClient (GrpcServerProtocolClient.java:close(105)) - s1 Close channels
2025-04-22 16:29:12,699 [Thread-116] INFO  server.GrpcServerProtocolClient (GrpcServerProtocolClient.java:close(105)) - s2 Close channels
2025-04-22 16:29:12,700 [MiniRaftCluster-2] INFO  server.GrpcServicesImpl (GrpcServicesImpl.java:closeImpl(371)) - s4: shutdown server org.apache.ratis.grpc.server.GrpcClientProtocolService successfully
2025-04-22 16:29:12,701 [MiniRaftCluster-2] INFO  server.GrpcServicesImpl (GrpcServicesImpl.java:closeImpl(362)) - s4: shutdown server GrpcServerProtocolService now
2025-04-22 16:29:12,701 [MiniRaftCluster-1] INFO  server.GrpcServicesImpl (GrpcServicesImpl.java:closeImpl(371)) - s3: shutdown server org.apache.ratis.grpc.server.GrpcClientProtocolService successfully
2025-04-22 16:29:12,702 [MiniRaftCluster-1] INFO  server.GrpcServicesImpl (GrpcServicesImpl.java:closeImpl(362)) - s3: shutdown server GrpcServerProtocolService now
2025-04-22 16:29:12,703 [grpc-default-executor-0] WARN  server.GrpcServerProtocolService (LogUtils.java:warn(127)) - s3: APPEND_ENTRIES onError, lastRequest: null: org.apache.ratis.thirdparty.io.grpc.StatusRuntimeException: CANCELLED: client cancelled
2025-04-22 16:29:12,704 [grpc-default-executor-7] WARN  server.GrpcServerProtocolService (LogUtils.java:warn(127)) - s4: APPEND_ENTRIES onError, lastRequest: s0->s4#41-t1,previous=(t:1, i:9),leaderCommit=9,initializing? false,entries: size=1, first=(t:1, i:10), METADATAENTRY(c:9): org.apache.ratis.thirdparty.io.grpc.StatusRuntimeException: CANCELLED: client cancelled
2025-04-22 16:29:12,704 [grpc-default-executor-0] WARN  server.GrpcServerProtocolService (LogUtils.java:warn(127)) - s4: APPEND_ENTRIES onError, lastRequest: null: org.apache.ratis.thirdparty.io.grpc.StatusRuntimeException: CANCELLED: client cancelled
2025-04-22 16:29:12,704 [MiniRaftCluster-2] INFO  server.GrpcServicesImpl (GrpcServicesImpl.java:closeImpl(371)) - s4: shutdown server GrpcServerProtocolService successfully
2025-04-22 16:29:12,705 [MiniRaftCluster-2] INFO  server.GrpcServicesImpl (GrpcServicesImpl.java:closeImpl(362)) - s4: shutdown server org.apache.ratis.grpc.server.GrpcAdminProtocolService now
2025-04-22 16:29:12,705 [grpc-default-executor-3] WARN  server.GrpcServerProtocolService (LogUtils.java:warn(127)) - s3: APPEND_ENTRIES onError, lastRequest: s0->s3#40-t1,previous=(t:1, i:9),leaderCommit=9,initializing? false,entries: size=1, first=(t:1, i:10), METADATAENTRY(c:9): org.apache.ratis.thirdparty.io.grpc.StatusRuntimeException: CANCELLED: client cancelled
2025-04-22 16:29:12,705 [MiniRaftCluster-1] INFO  server.GrpcServicesImpl (GrpcServicesImpl.java:closeImpl(371)) - s3: shutdown server GrpcServerProtocolService successfully
2025-04-22 16:29:12,706 [MiniRaftCluster-1] INFO  server.GrpcServicesImpl (GrpcServicesImpl.java:closeImpl(362)) - s3: shutdown server org.apache.ratis.grpc.server.GrpcAdminProtocolService now
2025-04-22 16:29:12,706 [grpc-default-executor-0] INFO  server.GrpcLogAppender (GrpcLogAppender.java:onError(563)) - s0@group-5F27DC0C25E6->s3-GrpcLogAppender is already stopped
2025-04-22 16:29:12,706 [grpc-default-executor-4] INFO  server.GrpcLogAppender (GrpcLogAppender.java:onError(563)) - s0@group-5F27DC0C25E6->s4-GrpcLogAppender is already stopped
2025-04-22 16:29:12,706 [grpc-default-executor-4] INFO  server.GrpcLogAppender (GrpcLogAppender.java:onError(563)) - s0@group-5F27DC0C25E6->s3-GrpcLogAppender is already stopped
2025-04-22 16:29:12,707 [MiniRaftCluster-2] INFO  server.GrpcServicesImpl (GrpcServicesImpl.java:closeImpl(371)) - s4: shutdown server org.apache.ratis.grpc.server.GrpcAdminProtocolService successfully
2025-04-22 16:29:12,707 [grpc-default-executor-3] INFO  server.GrpcLogAppender (GrpcLogAppender.java:onError(563)) - s0@group-5F27DC0C25E6->s4-GrpcLogAppender is already stopped
2025-04-22 16:29:12,707 [MiniRaftCluster-1] INFO  server.GrpcServicesImpl (GrpcServicesImpl.java:closeImpl(371)) - s3: shutdown server org.apache.ratis.grpc.server.GrpcAdminProtocolService successfully
2025-04-22 16:29:12,707 [MiniRaftCluster-3] INFO  server.GrpcServicesImpl (GrpcServicesImpl.java:closeImpl(371)) - s0: shutdown server org.apache.ratis.grpc.server.GrpcClientProtocolService successfully
2025-04-22 16:29:12,707 [MiniRaftCluster-3] INFO  server.GrpcServicesImpl (GrpcServicesImpl.java:closeImpl(362)) - s0: shutdown server GrpcServerProtocolService now
2025-04-22 16:29:12,707 [MiniRaftCluster-3] INFO  server.GrpcServicesImpl (GrpcServicesImpl.java:closeImpl(371)) - s0: shutdown server GrpcServerProtocolService successfully
2025-04-22 16:29:12,708 [MiniRaftCluster-3] INFO  server.GrpcServicesImpl (GrpcServicesImpl.java:closeImpl(362)) - s0: shutdown server org.apache.ratis.grpc.server.GrpcAdminProtocolService now
2025-04-22 16:29:12,709 [MiniRaftCluster-3] INFO  server.GrpcServicesImpl (GrpcServicesImpl.java:closeImpl(371)) - s0: shutdown server org.apache.ratis.grpc.server.GrpcAdminProtocolService successfully
2025-04-22 16:29:13,447 [Timer-0] INFO  impl.MiniRaftCluster (MiniRaftCluster.java:lambda$null$7(362)) - TIMED-PRINT: printing ALL groups
  s3:  CLOSING  FOLLOWER s3@group-5F27DC0C25E6:t1, leader=s0, voted=s0, raftlog=Memoized:s3@group-5F27DC0C25E6-SegmentedRaftLog:CLOSED:c9, conf=conf: {index: 0, cur=peers:[s3|localhost:15012, s4|localhost:15016, s0|localhost:15000, s1|localhost:15004, s2|localhost:15008]|listeners:[], old=null} CLOSING
  s4:  CLOSING  FOLLOWER s4@group-5F27DC0C25E6:t1, leader=s0, voted=s0, raftlog=Memoized:s4@group-5F27DC0C25E6-SegmentedRaftLog:CLOSED:c9, conf=conf: {index: 0, cur=peers:[s3|localhost:15012, s4|localhost:15016, s0|localhost:15000, s1|localhost:15004, s2|localhost:15008]|listeners:[], old=null} CLOSING
  s0:  CLOSING    LEADER s0@group-5F27DC0C25E6:t1, leader=s0, voted=s0, raftlog=Memoized:s0@group-5F27DC0C25E6-SegmentedRaftLog:CLOSED:c10, conf=conf: {index: 0, cur=peers:[s3|localhost:15012, s4|localhost:15016, s0|localhost:15000, s1|localhost:15004, s2|localhost:15008]|listeners:[], old=null} CLOSING
  s1:  CLOSING  FOLLOWER s1@group-5F27DC0C25E6:t1, leader=s0, voted=s0, raftlog=Memoized:s1@group-5F27DC0C25E6-SegmentedRaftLog:CLOSED:c9, conf=conf: {index: 0, cur=peers:[s3|localhost:15012, s4|localhost:15016, s0|localhost:15000, s1|localhost:15004, s2|localhost:15008]|listeners:[], old=null} CLOSING
  s2:  CLOSING  FOLLOWER s2@group-5F27DC0C25E6:t1, leader=s0, voted=s2, raftlog=Memoized:s2@group-5F27DC0C25E6-SegmentedRaftLog:CLOSED:c9, conf=conf: {index: 0, cur=peers:[s3|localhost:15012, s4|localhost:15016, s0|localhost:15000, s1|localhost:15004, s2|localhost:15008]|listeners:[], old=null} CLOSING
2025-04-22 16:29:13,640 [s0-impl-thread1] INFO  segmented.SegmentedRaftLogWorker (SegmentedRaftLogWorker.java:close(256)) - s0@group-5F27DC0C25E6-SegmentedRaftLogWorker close()
2025-04-22 16:29:13,640 [s0-impl-thread1] INFO  raftlog.RaftLog (SegmentedRaftLog.java:close(577)) - Successfully closed s0@group-5F27DC0C25E6-SegmentedRaftLog:CLOSED:c10
2025-04-22 16:29:13,641 [s4-impl-thread1] INFO  segmented.SegmentedRaftLogWorker (SegmentedRaftLogWorker.java:close(256)) - s4@group-5F27DC0C25E6-SegmentedRaftLogWorker close()
2025-04-22 16:29:13,642 [s4-impl-thread1] INFO  raftlog.RaftLog (SegmentedRaftLog.java:close(577)) - Successfully closed s4@group-5F27DC0C25E6-SegmentedRaftLog:CLOSED:c9
2025-04-22 16:29:13,643 [JvmPauseMonitor2] INFO  util.JvmPauseMonitor (JvmPauseMonitor.java:run(152)) - JvmPauseMonitor-s0: Stopped
2025-04-22 16:29:13,644 [s2-impl-thread1] INFO  segmented.SegmentedRaftLogWorker (SegmentedRaftLogWorker.java:close(256)) - s2@group-5F27DC0C25E6-SegmentedRaftLogWorker close()
2025-04-22 16:29:13,644 [s2-impl-thread1] INFO  raftlog.RaftLog (SegmentedRaftLog.java:close(577)) - Successfully closed s2@group-5F27DC0C25E6-SegmentedRaftLog:CLOSED:c9
2025-04-22 16:29:13,645 [s3-impl-thread1] INFO  segmented.SegmentedRaftLogWorker (SegmentedRaftLogWorker.java:close(256)) - s3@group-5F27DC0C25E6-SegmentedRaftLogWorker close()
2025-04-22 16:29:13,646 [s3-impl-thread1] INFO  raftlog.RaftLog (SegmentedRaftLog.java:close(577)) - Successfully closed s3@group-5F27DC0C25E6-SegmentedRaftLog:CLOSED:c9
2025-04-22 16:29:13,646 [s1-impl-thread1] INFO  segmented.SegmentedRaftLogWorker (SegmentedRaftLogWorker.java:close(256)) - s1@group-5F27DC0C25E6-SegmentedRaftLogWorker close()
2025-04-22 16:29:13,646 [s1-impl-thread1] INFO  raftlog.RaftLog (SegmentedRaftLog.java:close(577)) - Successfully closed s1@group-5F27DC0C25E6-SegmentedRaftLog:CLOSED:c9
2025-04-22 16:29:13,647 [JvmPauseMonitor0] INFO  util.JvmPauseMonitor (JvmPauseMonitor.java:run(152)) - JvmPauseMonitor-s3: Stopped
2025-04-22 16:29:13,647 [JvmPauseMonitor1] INFO  util.JvmPauseMonitor (JvmPauseMonitor.java:run(152)) - JvmPauseMonitor-s4: Stopped
2025-04-22 16:29:13,648 [JvmPauseMonitor3] INFO  util.JvmPauseMonitor (JvmPauseMonitor.java:run(152)) - JvmPauseMonitor-s1: Stopped
2025-04-22 16:29:13,648 [JvmPauseMonitor4] INFO  util.JvmPauseMonitor (JvmPauseMonitor.java:run(152)) - JvmPauseMonitor-s2: Stopped
2025-04-22 16:29:13,649 [main] INFO  impl.MiniRaftCluster (MiniRaftCluster.java:shutdown(883)) - MiniRaftClusterWithGrpc shutdown completed
2025-04-22 16:29:13,649 [main] INFO  ratis.RaftTestUtil (RaftTestUtil.java:gc(607)) - gc 0
2025-04-22 16:29:13,799 [main] INFO  impl.MiniRaftCluster (MiniRaftClusterWithGrpc.java:lambda$null$2(103)) - Checking s3-group-5F27DC0C25E6
2025-04-22 16:29:13,800 [main] INFO  impl.MiniRaftCluster (MiniRaftClusterWithGrpc.java:lambda$null$2(103)) - Checking s4-group-5F27DC0C25E6
2025-04-22 16:29:13,800 [main] INFO  impl.MiniRaftCluster (MiniRaftClusterWithGrpc.java:lambda$null$2(103)) - Checking s0-group-5F27DC0C25E6
2025-04-22 16:29:13,800 [main] INFO  impl.MiniRaftCluster (MiniRaftClusterWithGrpc.java:lambda$null$2(103)) - Checking s1-group-5F27DC0C25E6
2025-04-22 16:29:13,800 [main] INFO  impl.MiniRaftCluster (MiniRaftClusterWithGrpc.java:lambda$null$2(103)) - Checking s2-group-5F27DC0C25E6
]]></system-out>
  </testcase>
</testsuite>