<?xml version="1.0" encoding="UTF-8"?>
<testsuite xmlns:xsi="http://www.w3.org/2001/XMLSchema-instance" xsi:noNamespaceSchemaLocation="https://maven.apache.org/surefire/maven-surefire-plugin/xsd/surefire-test-report.xsd" name="org.apache.ratis.grpc.TestRaftServerWithGrpc" time="30.095" tests="10" errors="0" skipped="0" failures="1">
  <properties>
    <property name="awt.toolkit" value="sun.awt.X11.XToolkit"/>
    <property name="file.encoding.pkg" value="sun.io"/>
    <property name="java.specification.version" value="1.8"/>
    <property name="sun.cpu.isalist" value=""/>
    <property name="sun.jnu.encoding" value="UTF-8"/>
    <property name="java.class.path" value="/home/runner/work/ratis/ratis/ratis-test/target/test-classes:/home/runner/work/ratis/ratis/ratis-test/target/classes:/home/runner/work/ratis/ratis/ratis-common/target/classes:/home/runner/.m2/repository/org/apache/ratis/ratis-thirdparty-misc/1.0.1/ratis-thirdparty-misc-1.0.1.jar:/home/runner/work/ratis/ratis/ratis-proto/target/ratis-proto-3.0.0-SNAPSHOT.jar:/home/runner/work/ratis/ratis/ratis-common/target/test-classes:/home/runner/work/ratis/ratis/ratis-client/target/classes:/home/runner/work/ratis/ratis/ratis-server/target/classes:/home/runner/work/ratis/ratis/ratis-server-api/target/classes:/home/runner/work/ratis/ratis/ratis-metrics/target/classes:/home/runner/work/ratis/ratis/ratis-server/target/test-classes:/home/runner/work/ratis/ratis/ratis-netty/target/classes:/home/runner/work/ratis/ratis/ratis-netty/target/test-classes:/home/runner/work/ratis/ratis/ratis-grpc/target/classes:/home/runner/work/ratis/ratis/ratis-grpc/target/test-classes:/home/runner/.m2/repository/org/slf4j/slf4j-api/1.7.29/slf4j-api-1.7.29.jar:/home/runner/.m2/repository/org/slf4j/slf4j-log4j12/1.7.29/slf4j-log4j12-1.7.29.jar:/home/runner/.m2/repository/log4j/log4j/1.2.17/log4j-1.2.17.jar:/home/runner/.m2/repository/junit/junit/4.13.2/junit-4.13.2.jar:/home/runner/.m2/repository/org/hamcrest/hamcrest-core/1.3/hamcrest-core-1.3.jar:/home/runner/.m2/repository/org/mockito/mockito-core/4.3.1/mockito-core-4.3.1.jar:/home/runner/.m2/repository/net/bytebuddy/byte-buddy/1.12.7/byte-buddy-1.12.7.jar:/home/runner/.m2/repository/net/bytebuddy/byte-buddy-agent/1.12.7/byte-buddy-agent-1.12.7.jar:/home/runner/.m2/repository/org/objenesis/objenesis/3.2/objenesis-3.2.jar:/home/runner/work/ratis/ratis/ratis-shell/target/classes:/home/runner/.m2/repository/commons-cli/commons-cli/1.5.0/commons-cli-1.5.0.jar:/home/runner/.m2/repository/org/reflections/reflections/0.10.2/reflections-0.10.2.jar:/home/runner/.m2/repository/org/javassist/javassist/3.28.0-GA/javassist-3.28.0-GA.jar:/home/runner/.m2/repository/com/google/code/findbugs/jsr305/3.0.2/jsr305-3.0.2.jar:"/>
    <property name="java.vm.vendor" value="Temurin"/>
    <property name="sun.arch.data.model" value="64"/>
    <property name="java.vendor.url" value="https://adoptium.net/"/>
    <property name="user.timezone" value=""/>
    <property name="java.vm.specification.version" value="1.8"/>
    <property name="os.name" value="Linux"/>
    <property name="sun.java.launcher" value="SUN_STANDARD"/>
    <property name="sun.boot.library.path" value="/usr/lib/jvm/temurin-8-jdk-amd64/jre/lib/amd64"/>
    <property name="sun.java.command" value="/home/runner/work/ratis/ratis/ratis-test/target/surefire/surefirebooter8521993239954282444.jar /home/runner/work/ratis/ratis/ratis-test/target/surefire 2022-08-02T20-58-28_312-jvmRun1 surefire2548827961089929529tmp surefire_137358137974248801801tmp"/>
    <property name="surefire.test.class.path" value="/home/runner/work/ratis/ratis/ratis-test/target/test-classes:/home/runner/work/ratis/ratis/ratis-test/target/classes:/home/runner/work/ratis/ratis/ratis-common/target/classes:/home/runner/.m2/repository/org/apache/ratis/ratis-thirdparty-misc/1.0.1/ratis-thirdparty-misc-1.0.1.jar:/home/runner/work/ratis/ratis/ratis-proto/target/ratis-proto-3.0.0-SNAPSHOT.jar:/home/runner/work/ratis/ratis/ratis-common/target/test-classes:/home/runner/work/ratis/ratis/ratis-client/target/classes:/home/runner/work/ratis/ratis/ratis-server/target/classes:/home/runner/work/ratis/ratis/ratis-server-api/target/classes:/home/runner/work/ratis/ratis/ratis-metrics/target/classes:/home/runner/work/ratis/ratis/ratis-server/target/test-classes:/home/runner/work/ratis/ratis/ratis-netty/target/classes:/home/runner/work/ratis/ratis/ratis-netty/target/test-classes:/home/runner/work/ratis/ratis/ratis-grpc/target/classes:/home/runner/work/ratis/ratis/ratis-grpc/target/test-classes:/home/runner/.m2/repository/org/slf4j/slf4j-api/1.7.29/slf4j-api-1.7.29.jar:/home/runner/.m2/repository/org/slf4j/slf4j-log4j12/1.7.29/slf4j-log4j12-1.7.29.jar:/home/runner/.m2/repository/log4j/log4j/1.2.17/log4j-1.2.17.jar:/home/runner/.m2/repository/junit/junit/4.13.2/junit-4.13.2.jar:/home/runner/.m2/repository/org/hamcrest/hamcrest-core/1.3/hamcrest-core-1.3.jar:/home/runner/.m2/repository/org/mockito/mockito-core/4.3.1/mockito-core-4.3.1.jar:/home/runner/.m2/repository/net/bytebuddy/byte-buddy/1.12.7/byte-buddy-1.12.7.jar:/home/runner/.m2/repository/net/bytebuddy/byte-buddy-agent/1.12.7/byte-buddy-agent-1.12.7.jar:/home/runner/.m2/repository/org/objenesis/objenesis/3.2/objenesis-3.2.jar:/home/runner/work/ratis/ratis/ratis-shell/target/classes:/home/runner/.m2/repository/commons-cli/commons-cli/1.5.0/commons-cli-1.5.0.jar:/home/runner/.m2/repository/org/reflections/reflections/0.10.2/reflections-0.10.2.jar:/home/runner/.m2/repository/org/javassist/javassist/3.28.0-GA/javassist-3.28.0-GA.jar:/home/runner/.m2/repository/com/google/code/findbugs/jsr305/3.0.2/jsr305-3.0.2.jar:"/>
    <property name="sun.cpu.endian" value="little"/>
    <property name="user.home" value="/home/runner"/>
    <property name="user.language" value="en"/>
    <property name="java.specification.vendor" value="Oracle Corporation"/>
    <property name="java.home" value="/usr/lib/jvm/temurin-8-jdk-amd64/jre"/>
    <property name="basedir" value="/home/runner/work/ratis/ratis/ratis-test"/>
    <property name="file.separator" value="/"/>
    <property name="line.separator" value="&#10;"/>
    <property name="java.vm.specification.vendor" value="Oracle Corporation"/>
    <property name="java.specification.name" value="Java Platform API Specification"/>
    <property name="java.awt.graphicsenv" value="sun.awt.X11GraphicsEnvironment"/>
    <property name="surefire.real.class.path" value="/home/runner/work/ratis/ratis/ratis-test/target/surefire/surefirebooter8521993239954282444.jar"/>
    <property name="sun.boot.class.path" value="/usr/lib/jvm/temurin-8-jdk-amd64/jre/lib/resources.jar:/usr/lib/jvm/temurin-8-jdk-amd64/jre/lib/rt.jar:/usr/lib/jvm/temurin-8-jdk-amd64/jre/lib/sunrsasign.jar:/usr/lib/jvm/temurin-8-jdk-amd64/jre/lib/jsse.jar:/usr/lib/jvm/temurin-8-jdk-amd64/jre/lib/jce.jar:/usr/lib/jvm/temurin-8-jdk-amd64/jre/lib/charsets.jar:/usr/lib/jvm/temurin-8-jdk-amd64/jre/lib/jfr.jar:/usr/lib/jvm/temurin-8-jdk-amd64/jre/classes"/>
    <property name="sun.management.compiler" value="HotSpot 64-Bit Tiered Compilers"/>
    <property name="java.runtime.version" value="1.8.0_332-b09"/>
    <property name="java.net.preferIPv4Stack" value="true"/>
    <property name="user.name" value="runner"/>
    <property name="path.separator" value=":"/>
    <property name="os.version" value="5.4.0-1086-azure"/>
    <property name="java.endorsed.dirs" value="/usr/lib/jvm/temurin-8-jdk-amd64/jre/lib/endorsed"/>
    <property name="java.runtime.name" value="OpenJDK Runtime Environment"/>
    <property name="file.encoding" value="UTF-8"/>
    <property name="java.vm.name" value="OpenJDK 64-Bit Server VM"/>
    <property name="localRepository" value="/home/runner/.m2/repository"/>
    <property name="java.vendor.url.bug" value="https://github.com/adoptium/adoptium-support/issues"/>
    <property name="java.io.tmpdir" value="/tmp"/>
    <property name="java.version" value="1.8.0_332"/>
    <property name="user.dir" value="/home/runner/work/ratis/ratis/ratis-test"/>
    <property name="os.arch" value="amd64"/>
    <property name="ratis.tmp.dir" value="/home/runner/work/ratis/ratis/ratis-test/target/tmp"/>
    <property name="java.vm.specification.name" value="Java Virtual Machine Specification"/>
    <property name="java.awt.printerjob" value="sun.print.PSPrinterJob"/>
    <property name="ratis.log.dir" value="/home/runner/work/ratis/ratis/ratis-test/target/log"/>
    <property name="sun.os.patch.level" value="unknown"/>
    <property name="java.library.path" value="/usr/java/packages/lib/amd64:/usr/lib64:/lib64:/lib:/usr/lib"/>
    <property name="java.vm.info" value="mixed mode"/>
    <property name="java.vendor" value="Temurin"/>
    <property name="java.vm.version" value="25.332-b09"/>
    <property name="java.ext.dirs" value="/usr/lib/jvm/temurin-8-jdk-amd64/jre/lib/ext:/usr/java/packages/lib/ext"/>
    <property name="sun.io.unicode.encoding" value="UnicodeLittle"/>
    <property name="java.class.version" value="52.0"/>
  </properties>
  <testcase name="testRaftClientMetrics[0]" classname="org.apache.ratis.grpc.TestRaftServerWithGrpc" time="1.851">
    <failure type="java.lang.AssertionError">java.lang.AssertionError
	at org.junit.Assert.fail(Assert.java:87)
	at org.junit.Assert.assertTrue(Assert.java:42)
	at org.junit.Assert.assertTrue(Assert.java:53)
	at org.apache.ratis.grpc.TestRaftServerWithGrpc.testRaftClientRequestMetrics(TestRaftServerWithGrpc.java:317)
	at org.apache.ratis.server.impl.MiniRaftCluster$Factory$Get.runWithNewCluster(MiniRaftCluster.java:138)
	at org.apache.ratis.server.impl.MiniRaftCluster$Factory$Get.runWithNewCluster(MiniRaftCluster.java:118)
	at org.apache.ratis.grpc.TestRaftServerWithGrpc.testRaftClientMetrics(TestRaftServerWithGrpc.java:216)
	at sun.reflect.NativeMethodAccessorImpl.invoke0(Native Method)
	at sun.reflect.NativeMethodAccessorImpl.invoke(NativeMethodAccessorImpl.java:62)
	at sun.reflect.DelegatingMethodAccessorImpl.invoke(DelegatingMethodAccessorImpl.java:43)
	at java.lang.reflect.Method.invoke(Method.java:498)
	at org.junit.runners.model.FrameworkMethod$1.runReflectiveCall(FrameworkMethod.java:59)
	at org.junit.internal.runners.model.ReflectiveCallable.run(ReflectiveCallable.java:12)
	at org.junit.runners.model.FrameworkMethod.invokeExplosively(FrameworkMethod.java:56)
	at org.junit.internal.runners.statements.InvokeMethod.evaluate(InvokeMethod.java:17)
	at org.junit.internal.runners.statements.RunBefores.evaluate(RunBefores.java:26)
	at org.junit.internal.runners.statements.RunAfters.evaluate(RunAfters.java:27)
	at org.junit.internal.runners.statements.FailOnTimeout$CallableStatement.call(FailOnTimeout.java:299)
	at org.junit.internal.runners.statements.FailOnTimeout$CallableStatement.call(FailOnTimeout.java:293)
	at java.util.concurrent.FutureTask.run(FutureTask.java:266)
	at java.lang.Thread.run(Thread.java:750)
</failure>
    <system-out><![CDATA[2022-08-02 21:04:34,278 [main] INFO  util.LogUtils (Log4jUtils.java:setLogLevel(32)) - Set org.apache.ratis.conf.ConfUtils log level to WARN
2022-08-02 21:04:34,281 [main] INFO  util.LogUtils (Log4jUtils.java:setLogLevel(32)) - Set org.apache.ratis.util.FileUtils log level to TRACE
2022-08-02 21:04:34,285 [main] INFO  util.LogUtils (Log4jUtils.java:setLogLevel(32)) - Set org.apache.ratis.grpc.client.GrpcClientProtocolClient log level to ALL
2022-08-02 21:04:34,300 [Time-limited test] INFO  impl.MiniRaftCluster (MiniRaftCluster.java:runWithNewCluster(132)) - Running runWithNewCluster
2022-08-02 21:04:34,352 [Time-limited test] INFO  impl.MiniRaftCluster (MiniRaftCluster.java:<init>(303)) - new MiniRaftClusterWithGrpc with group-58108B3F713F:[s0|rpc:localhost:42217|admin:localhost:43381|client:localhost:35491|dataStream:localhost:33217|priority:0|startupRole:FOLLOWER, s1|rpc:localhost:35771|admin:localhost:42793|client:localhost:38371|dataStream:localhost:45469|priority:0|startupRole:FOLLOWER, s2|rpc:localhost:42023|admin:localhost:42871|client:localhost:40191|dataStream:localhost:39035|priority:0|startupRole:FOLLOWER]
2022-08-02 21:04:34,352 [Time-limited test] INFO  impl.MiniRaftCluster (MiniRaftCluster.java:start(336)) - .............................................................. 
2022-08-02 21:04:34,353 [Time-limited test] INFO  impl.MiniRaftCluster (MiniRaftCluster.java:start(337)) - ... 
2022-08-02 21:04:34,353 [Time-limited test] INFO  impl.MiniRaftCluster (MiniRaftCluster.java:start(338)) - ...     Starting MiniRaftClusterWithGrpc
2022-08-02 21:04:34,353 [Time-limited test] INFO  impl.MiniRaftCluster (MiniRaftCluster.java:start(339)) - ... 
2022-08-02 21:04:34,353 [Time-limited test] INFO  impl.MiniRaftCluster (MiniRaftCluster.java:start(340)) - .............................................................. 
2022-08-02 21:04:34,353 [Time-limited test] INFO  impl.MiniRaftCluster (MiniRaftCluster.java:initServers(315)) - servers = {}
2022-08-02 21:04:34,359 [Time-limited test] INFO  impl.MiniRaftCluster (MiniRaftCluster.java:newRaftServer(379)) - newRaftServer: s0, group-58108B3F713F:[s0|rpc:localhost:42217|admin:localhost:43381|client:localhost:35491|dataStream:localhost:33217|priority:0|startupRole:FOLLOWER, s1|rpc:localhost:35771|admin:localhost:42793|client:localhost:38371|dataStream:localhost:45469|priority:0|startupRole:FOLLOWER, s2|rpc:localhost:42023|admin:localhost:42871|client:localhost:40191|dataStream:localhost:39035|priority:0|startupRole:FOLLOWER], format? true
2022-08-02 21:04:34,361 [Time-limited test] TRACE util.FileUtils (FileUtils.java:deleteFully(162)) - deleteFully target/test/data/1e2fa4a7/MiniRaftClusterWithGrpc3344572e/s0
2022-08-02 21:04:34,363 [Time-limited test] TRACE util.FileUtils (FileUtils.java:deleteFully(178)) - deleteFully: target/test/data/1e2fa4a7/MiniRaftClusterWithGrpc3344572e/s0 does not exist.
2022-08-02 21:04:34,363 [Time-limited test] INFO  impl.MiniRaftCluster (MiniRaftCluster.java:newRaftServer(384)) - Formatted directory target/test/data/1e2fa4a7/MiniRaftClusterWithGrpc3344572e/s0
2022-08-02 21:04:34,390 [Time-limited test] INFO  server.RaftServer (ConfUtils.java:logGet(46)) - raft.rpc.type = GRPC (default)
2022-08-02 21:04:34,451 [Time-limited test] INFO  grpc.GrpcConfigKeys (ConfUtils.java:logGet(46)) - raft.grpc.admin.port = 43381 (custom)
2022-08-02 21:04:34,452 [Time-limited test] INFO  grpc.GrpcConfigKeys (ConfUtils.java:logGet(46)) - raft.grpc.client.port = 35491 (custom)
2022-08-02 21:04:34,452 [Time-limited test] INFO  grpc.GrpcConfigKeys (ConfUtils.java:logGet(46)) - raft.grpc.server.port = 42217 (custom)
2022-08-02 21:04:34,453 [Time-limited test] INFO  server.GrpcService (ConfUtils.java:logGet(46)) - raft.grpc.message.size.max = 64MB (=67108864) (default)
2022-08-02 21:04:34,455 [Time-limited test] INFO  server.RaftServerConfigKeys (ConfUtils.java:logGet(46)) - raft.server.log.appender.buffer.byte-limit = 4MB (=4194304) (default)
2022-08-02 21:04:34,456 [Time-limited test] INFO  server.GrpcService (ConfUtils.java:logGet(46)) - raft.grpc.flow.control.window = 1MB (=1048576) (default)
2022-08-02 21:04:34,457 [Time-limited test] INFO  server.RaftServerConfigKeys (ConfUtils.java:logGet(46)) - raft.server.rpc.request.timeout = 3000ms (default)
2022-08-02 21:04:34,477 [Time-limited test] INFO  grpc.GrpcConfigKeys (ConfUtils.java:logGet(46)) - raft.grpc.server.heartbeat.channel = false (custom)
2022-08-02 21:04:34,480 [Time-limited test] INFO  grpc.GrpcConfigKeys (ConfUtils.java:logGet(46)) - raft.grpc.server.async.request.thread.pool.cached = true (default)
2022-08-02 21:04:34,481 [Time-limited test] INFO  grpc.GrpcConfigKeys (ConfUtils.java:logGet(46)) - raft.grpc.server.async.request.thread.pool.size = 32 (default)
2022-08-02 21:04:34,679 [Time-limited test] INFO  impl.DataStreamServerImpl (ConfUtils.java:logGet(46)) - raft.datastream.type = DISABLED (default)
2022-08-02 21:04:34,681 [Time-limited test] INFO  server.RaftServerConfigKeys (ConfUtils.java:logGet(46)) - raft.server.threadpool.proxy.cached = true (default)
2022-08-02 21:04:34,682 [Time-limited test] INFO  server.RaftServerConfigKeys (ConfUtils.java:logGet(46)) - raft.server.threadpool.proxy.size = 0 (default)
2022-08-02 21:04:34,682 [Time-limited test] INFO  server.RaftServerConfigKeys (ConfUtils.java:logGet(46)) - raft.server.rpc.slowness.timeout = 60s (default)
2022-08-02 21:04:34,687 [Time-limited test] INFO  server.RaftServerConfigKeys (ConfUtils.java:logGet(46)) - raft.server.leaderelection.leader.step-down.wait-time = 10s (default)
2022-08-02 21:04:34,693 [Time-limited test] INFO  server.RaftServerConfigKeys (ConfUtils.java:logGet(46)) - raft.server.storage.dir = [/home/runner/work/ratis/ratis/ratis-test/target/test/data/1e2fa4a7/MiniRaftClusterWithGrpc3344572e/s0] (custom)
2022-08-02 21:04:34,709 [Time-limited test] INFO  server.RaftServer (RaftServerProxy.java:addNew(96)) - s0: addNew group-58108B3F713F:[s0|rpc:localhost:42217|admin:localhost:43381|client:localhost:35491|dataStream:localhost:33217|priority:0|startupRole:FOLLOWER, s1|rpc:localhost:35771|admin:localhost:42793|client:localhost:38371|dataStream:localhost:45469|priority:0|startupRole:FOLLOWER, s2|rpc:localhost:42023|admin:localhost:42871|client:localhost:40191|dataStream:localhost:39035|priority:0|startupRole:FOLLOWER] returns group-58108B3F713F:java.util.concurrent.CompletableFuture@331e8b00[Not completed]
2022-08-02 21:04:34,709 [Time-limited test] INFO  impl.MiniRaftCluster (MiniRaftCluster.java:newRaftServer(379)) - newRaftServer: s1, group-58108B3F713F:[s0|rpc:localhost:42217|admin:localhost:43381|client:localhost:35491|dataStream:localhost:33217|priority:0|startupRole:FOLLOWER, s1|rpc:localhost:35771|admin:localhost:42793|client:localhost:38371|dataStream:localhost:45469|priority:0|startupRole:FOLLOWER, s2|rpc:localhost:42023|admin:localhost:42871|client:localhost:40191|dataStream:localhost:39035|priority:0|startupRole:FOLLOWER], format? true
2022-08-02 21:04:34,709 [Time-limited test] TRACE util.FileUtils (FileUtils.java:deleteFully(162)) - deleteFully target/test/data/1e2fa4a7/MiniRaftClusterWithGrpc3344572e/s1
2022-08-02 21:04:34,710 [Time-limited test] TRACE util.FileUtils (FileUtils.java:deleteFully(178)) - deleteFully: target/test/data/1e2fa4a7/MiniRaftClusterWithGrpc3344572e/s1 does not exist.
2022-08-02 21:04:34,710 [Time-limited test] INFO  impl.MiniRaftCluster (MiniRaftCluster.java:newRaftServer(384)) - Formatted directory target/test/data/1e2fa4a7/MiniRaftClusterWithGrpc3344572e/s1
2022-08-02 21:04:34,710 [Time-limited test] INFO  server.RaftServer (ConfUtils.java:logGet(46)) - raft.rpc.type = GRPC (default)
2022-08-02 21:04:34,711 [Time-limited test] INFO  grpc.GrpcConfigKeys (ConfUtils.java:logGet(46)) - raft.grpc.admin.port = 42793 (custom)
2022-08-02 21:04:34,711 [Time-limited test] INFO  grpc.GrpcConfigKeys (ConfUtils.java:logGet(46)) - raft.grpc.client.port = 38371 (custom)
2022-08-02 21:04:34,711 [Time-limited test] INFO  grpc.GrpcConfigKeys (ConfUtils.java:logGet(46)) - raft.grpc.server.port = 35771 (custom)
2022-08-02 21:04:34,712 [Time-limited test] INFO  server.GrpcService (ConfUtils.java:logGet(46)) - raft.grpc.message.size.max = 64MB (=67108864) (default)
2022-08-02 21:04:34,712 [Time-limited test] INFO  server.RaftServerConfigKeys (ConfUtils.java:logGet(46)) - raft.server.log.appender.buffer.byte-limit = 4MB (=4194304) (default)
2022-08-02 21:04:34,713 [Time-limited test] INFO  server.GrpcService (ConfUtils.java:logGet(46)) - raft.grpc.flow.control.window = 1MB (=1048576) (default)
2022-08-02 21:04:34,713 [Time-limited test] INFO  server.RaftServerConfigKeys (ConfUtils.java:logGet(46)) - raft.server.rpc.request.timeout = 3000ms (default)
2022-08-02 21:04:34,713 [Time-limited test] INFO  grpc.GrpcConfigKeys (ConfUtils.java:logGet(46)) - raft.grpc.server.heartbeat.channel = false (custom)
2022-08-02 21:04:34,714 [Time-limited test] INFO  grpc.GrpcConfigKeys (ConfUtils.java:logGet(46)) - raft.grpc.server.async.request.thread.pool.cached = true (default)
2022-08-02 21:04:34,715 [Time-limited test] INFO  grpc.GrpcConfigKeys (ConfUtils.java:logGet(46)) - raft.grpc.server.async.request.thread.pool.size = 32 (default)
2022-08-02 21:04:34,722 [Time-limited test] INFO  impl.DataStreamServerImpl (ConfUtils.java:logGet(46)) - raft.datastream.type = DISABLED (default)
2022-08-02 21:04:34,723 [Time-limited test] INFO  server.RaftServerConfigKeys (ConfUtils.java:logGet(46)) - raft.server.threadpool.proxy.cached = true (default)
2022-08-02 21:04:34,723 [Time-limited test] INFO  server.RaftServerConfigKeys (ConfUtils.java:logGet(46)) - raft.server.threadpool.proxy.size = 0 (default)
2022-08-02 21:04:34,723 [Time-limited test] INFO  server.RaftServerConfigKeys (ConfUtils.java:logGet(46)) - raft.server.rpc.slowness.timeout = 60s (default)
2022-08-02 21:04:34,723 [Time-limited test] INFO  server.RaftServerConfigKeys (ConfUtils.java:logGet(46)) - raft.server.leaderelection.leader.step-down.wait-time = 10s (default)
2022-08-02 21:04:34,724 [Time-limited test] INFO  server.RaftServerConfigKeys (ConfUtils.java:logGet(46)) - raft.server.storage.dir = [/home/runner/work/ratis/ratis/ratis-test/target/test/data/1e2fa4a7/MiniRaftClusterWithGrpc3344572e/s1] (custom)
2022-08-02 21:04:34,731 [pool-1-thread-1] INFO  server.RaftServerConfigKeys (ConfUtils.java:logGet(46)) - raft.server.log.segment.size.max = 8MB (=8388608) (default)
2022-08-02 21:04:34,732 [pool-1-thread-1] INFO  server.RaftServerConfigKeys (ConfUtils.java:logGet(46)) - raft.server.log.preallocated.size = 4MB (=4194304) (default)
2022-08-02 21:04:34,733 [pool-1-thread-1] INFO  server.RaftServerConfigKeys (ConfUtils.java:logGet(46)) - raft.server.log.write.buffer.size = 64KB (=65536) (default)
2022-08-02 21:04:34,734 [Time-limited test] INFO  server.RaftServer (RaftServerProxy.java:addNew(96)) - s1: addNew group-58108B3F713F:[s0|rpc:localhost:42217|admin:localhost:43381|client:localhost:35491|dataStream:localhost:33217|priority:0|startupRole:FOLLOWER, s1|rpc:localhost:35771|admin:localhost:42793|client:localhost:38371|dataStream:localhost:45469|priority:0|startupRole:FOLLOWER, s2|rpc:localhost:42023|admin:localhost:42871|client:localhost:40191|dataStream:localhost:39035|priority:0|startupRole:FOLLOWER] returns group-58108B3F713F:java.util.concurrent.CompletableFuture@26a6a960[Not completed]
2022-08-02 21:04:34,734 [Time-limited test] INFO  impl.MiniRaftCluster (MiniRaftCluster.java:newRaftServer(379)) - newRaftServer: s2, group-58108B3F713F:[s0|rpc:localhost:42217|admin:localhost:43381|client:localhost:35491|dataStream:localhost:33217|priority:0|startupRole:FOLLOWER, s1|rpc:localhost:35771|admin:localhost:42793|client:localhost:38371|dataStream:localhost:45469|priority:0|startupRole:FOLLOWER, s2|rpc:localhost:42023|admin:localhost:42871|client:localhost:40191|dataStream:localhost:39035|priority:0|startupRole:FOLLOWER], format? true
2022-08-02 21:04:34,735 [Time-limited test] TRACE util.FileUtils (FileUtils.java:deleteFully(162)) - deleteFully target/test/data/1e2fa4a7/MiniRaftClusterWithGrpc3344572e/s2
2022-08-02 21:04:34,735 [Time-limited test] TRACE util.FileUtils (FileUtils.java:deleteFully(178)) - deleteFully: target/test/data/1e2fa4a7/MiniRaftClusterWithGrpc3344572e/s2 does not exist.
2022-08-02 21:04:34,735 [Time-limited test] INFO  impl.MiniRaftCluster (MiniRaftCluster.java:newRaftServer(384)) - Formatted directory target/test/data/1e2fa4a7/MiniRaftClusterWithGrpc3344572e/s2
2022-08-02 21:04:34,735 [Time-limited test] INFO  server.RaftServer (ConfUtils.java:logGet(46)) - raft.rpc.type = GRPC (default)
2022-08-02 21:04:34,736 [Time-limited test] INFO  grpc.GrpcConfigKeys (ConfUtils.java:logGet(46)) - raft.grpc.admin.port = 42871 (custom)
2022-08-02 21:04:34,736 [Time-limited test] INFO  grpc.GrpcConfigKeys (ConfUtils.java:logGet(46)) - raft.grpc.client.port = 40191 (custom)
2022-08-02 21:04:34,736 [Time-limited test] INFO  grpc.GrpcConfigKeys (ConfUtils.java:logGet(46)) - raft.grpc.server.port = 42023 (custom)
2022-08-02 21:04:34,736 [Time-limited test] INFO  server.GrpcService (ConfUtils.java:logGet(46)) - raft.grpc.message.size.max = 64MB (=67108864) (default)
2022-08-02 21:04:34,736 [Time-limited test] INFO  server.RaftServerConfigKeys (ConfUtils.java:logGet(46)) - raft.server.log.appender.buffer.byte-limit = 4MB (=4194304) (default)
2022-08-02 21:04:34,736 [Time-limited test] INFO  server.GrpcService (ConfUtils.java:logGet(46)) - raft.grpc.flow.control.window = 1MB (=1048576) (default)
2022-08-02 21:04:34,737 [Time-limited test] INFO  server.RaftServerConfigKeys (ConfUtils.java:logGet(46)) - raft.server.rpc.request.timeout = 3000ms (default)
2022-08-02 21:04:34,737 [Time-limited test] INFO  grpc.GrpcConfigKeys (ConfUtils.java:logGet(46)) - raft.grpc.server.heartbeat.channel = false (custom)
2022-08-02 21:04:34,737 [Time-limited test] INFO  grpc.GrpcConfigKeys (ConfUtils.java:logGet(46)) - raft.grpc.server.async.request.thread.pool.cached = true (default)
2022-08-02 21:04:34,737 [Time-limited test] INFO  grpc.GrpcConfigKeys (ConfUtils.java:logGet(46)) - raft.grpc.server.async.request.thread.pool.size = 32 (default)
2022-08-02 21:04:34,738 [Time-limited test] INFO  impl.DataStreamServerImpl (ConfUtils.java:logGet(46)) - raft.datastream.type = DISABLED (default)
2022-08-02 21:04:34,739 [Time-limited test] INFO  server.RaftServerConfigKeys (ConfUtils.java:logGet(46)) - raft.server.threadpool.proxy.cached = true (default)
2022-08-02 21:04:34,739 [Time-limited test] INFO  server.RaftServerConfigKeys (ConfUtils.java:logGet(46)) - raft.server.threadpool.proxy.size = 0 (default)
2022-08-02 21:04:34,739 [Time-limited test] INFO  server.RaftServerConfigKeys (ConfUtils.java:logGet(46)) - raft.server.rpc.slowness.timeout = 60s (default)
2022-08-02 21:04:34,740 [Time-limited test] INFO  server.RaftServerConfigKeys (ConfUtils.java:logGet(46)) - raft.server.leaderelection.leader.step-down.wait-time = 10s (default)
2022-08-02 21:04:34,740 [Time-limited test] INFO  server.RaftServerConfigKeys (ConfUtils.java:logGet(46)) - raft.server.storage.dir = [/home/runner/work/ratis/ratis/ratis-test/target/test/data/1e2fa4a7/MiniRaftClusterWithGrpc3344572e/s2] (custom)
2022-08-02 21:04:34,740 [pool-1-thread-1] INFO  server.RaftServer$Division (RaftServerImpl.java:<init>(192)) - s0: new RaftServerImpl for group-58108B3F713F:[s0|rpc:localhost:42217|admin:localhost:43381|client:localhost:35491|dataStream:localhost:33217|priority:0|startupRole:FOLLOWER, s1|rpc:localhost:35771|admin:localhost:42793|client:localhost:38371|dataStream:localhost:45469|priority:0|startupRole:FOLLOWER, s2|rpc:localhost:42023|admin:localhost:42871|client:localhost:40191|dataStream:localhost:39035|priority:0|startupRole:FOLLOWER] with SimpleStateMachine4Testing:uninitialized
2022-08-02 21:04:34,742 [pool-1-thread-1] INFO  server.RaftServerConfigKeys (ConfUtils.java:logGet(46)) - raft.server.rpc.timeout.min = 150ms (default)
2022-08-02 21:04:34,742 [pool-1-thread-1] INFO  server.RaftServerConfigKeys (ConfUtils.java:logGet(46)) - raft.server.rpc.timeout.max = 300ms (default)
2022-08-02 21:04:34,743 [pool-1-thread-1] INFO  server.RaftServerConfigKeys (ConfUtils.java:logGet(46)) - raft.server.rpc.sleep.time = 25ms (default)
2022-08-02 21:04:34,743 [pool-1-thread-1] INFO  server.RaftServerConfigKeys (ConfUtils.java:logGet(46)) - raft.server.rpc.slowness.timeout = 60s (default)
2022-08-02 21:04:34,742 [pool-2-thread-1] INFO  server.RaftServerConfigKeys (ConfUtils.java:logGet(46)) - raft.server.log.segment.size.max = 8MB (=8388608) (default)
2022-08-02 21:04:34,743 [pool-2-thread-1] INFO  server.RaftServerConfigKeys (ConfUtils.java:logGet(46)) - raft.server.log.preallocated.size = 4MB (=4194304) (default)
2022-08-02 21:04:34,743 [pool-2-thread-1] INFO  server.RaftServerConfigKeys (ConfUtils.java:logGet(46)) - raft.server.log.write.buffer.size = 64KB (=65536) (default)
2022-08-02 21:04:34,743 [pool-1-thread-1] INFO  server.RaftServerConfigKeys (ConfUtils.java:logGet(46)) - raft.server.leaderelection.leader.step-down.wait-time = 10s (default)
2022-08-02 21:04:34,744 [pool-1-thread-1] INFO  server.RaftServerConfigKeys (ConfUtils.java:logGet(46)) - raft.server.sleep.deviation.threshold = 300ms (default)
2022-08-02 21:04:34,747 [pool-2-thread-1] INFO  server.RaftServer$Division (RaftServerImpl.java:<init>(192)) - s1: new RaftServerImpl for group-58108B3F713F:[s0|rpc:localhost:42217|admin:localhost:43381|client:localhost:35491|dataStream:localhost:33217|priority:0|startupRole:FOLLOWER, s1|rpc:localhost:35771|admin:localhost:42793|client:localhost:38371|dataStream:localhost:45469|priority:0|startupRole:FOLLOWER, s2|rpc:localhost:42023|admin:localhost:42871|client:localhost:40191|dataStream:localhost:39035|priority:0|startupRole:FOLLOWER] with SimpleStateMachine4Testing:uninitialized
2022-08-02 21:04:34,748 [pool-2-thread-1] INFO  server.RaftServerConfigKeys (ConfUtils.java:logGet(46)) - raft.server.rpc.timeout.min = 150ms (default)
2022-08-02 21:04:34,748 [pool-2-thread-1] INFO  server.RaftServerConfigKeys (ConfUtils.java:logGet(46)) - raft.server.rpc.timeout.max = 300ms (default)
2022-08-02 21:04:34,748 [pool-2-thread-1] INFO  server.RaftServerConfigKeys (ConfUtils.java:logGet(46)) - raft.server.rpc.sleep.time = 25ms (default)
2022-08-02 21:04:34,748 [pool-2-thread-1] INFO  server.RaftServerConfigKeys (ConfUtils.java:logGet(46)) - raft.server.rpc.slowness.timeout = 60s (default)
2022-08-02 21:04:34,748 [pool-2-thread-1] INFO  server.RaftServerConfigKeys (ConfUtils.java:logGet(46)) - raft.server.leaderelection.leader.step-down.wait-time = 10s (default)
2022-08-02 21:04:34,748 [pool-2-thread-1] INFO  server.RaftServerConfigKeys (ConfUtils.java:logGet(46)) - raft.server.sleep.deviation.threshold = 300ms (default)
2022-08-02 21:04:34,751 [pool-2-thread-1] INFO  server.RaftServer$Division (ServerState.java:<init>(118)) - s1@group-58108B3F713F: ConfigurationManager, init=-1: peers:[s0|rpc:localhost:42217|admin:localhost:43381|client:localhost:35491|dataStream:localhost:33217|priority:0|startupRole:FOLLOWER, s1|rpc:localhost:35771|admin:localhost:42793|client:localhost:38371|dataStream:localhost:45469|priority:0|startupRole:FOLLOWER, s2|rpc:localhost:42023|admin:localhost:42871|client:localhost:40191|dataStream:localhost:39035|priority:0|startupRole:FOLLOWER]|listeners:[], old=null, confs=<EMPTY_MAP>
2022-08-02 21:04:34,752 [pool-2-thread-1] INFO  server.RaftServerConfigKeys (ConfUtils.java:logGet(46)) - raft.server.storage.dir = [/home/runner/work/ratis/ratis/ratis-test/target/test/data/1e2fa4a7/MiniRaftClusterWithGrpc3344572e/s1] (custom)
2022-08-02 21:04:34,752 [pool-1-thread-1] INFO  server.RaftServer$Division (ServerState.java:<init>(118)) - s0@group-58108B3F713F: ConfigurationManager, init=-1: peers:[s0|rpc:localhost:42217|admin:localhost:43381|client:localhost:35491|dataStream:localhost:33217|priority:0|startupRole:FOLLOWER, s1|rpc:localhost:35771|admin:localhost:42793|client:localhost:38371|dataStream:localhost:45469|priority:0|startupRole:FOLLOWER, s2|rpc:localhost:42023|admin:localhost:42871|client:localhost:40191|dataStream:localhost:39035|priority:0|startupRole:FOLLOWER]|listeners:[], old=null, confs=<EMPTY_MAP>
2022-08-02 21:04:34,754 [pool-1-thread-1] INFO  server.RaftServerConfigKeys (ConfUtils.java:logGet(46)) - raft.server.storage.dir = [/home/runner/work/ratis/ratis/ratis-test/target/test/data/1e2fa4a7/MiniRaftClusterWithGrpc3344572e/s0] (custom)
2022-08-02 21:04:34,757 [pool-1-thread-1] INFO  server.RaftServerConfigKeys (ConfUtils.java:logGet(46)) - raft.server.log.corruption.policy = EXCEPTION (default)
2022-08-02 21:04:34,757 [pool-1-thread-1] INFO  server.RaftServerConfigKeys (ConfUtils.java:logGet(46)) - raft.server.storage.free-space.min = 0MB (=0) (default)
2022-08-02 21:04:34,759 [Time-limited test] INFO  server.RaftServer (RaftServerProxy.java:addNew(96)) - s2: addNew group-58108B3F713F:[s0|rpc:localhost:42217|admin:localhost:43381|client:localhost:35491|dataStream:localhost:33217|priority:0|startupRole:FOLLOWER, s1|rpc:localhost:35771|admin:localhost:42793|client:localhost:38371|dataStream:localhost:45469|priority:0|startupRole:FOLLOWER, s2|rpc:localhost:42023|admin:localhost:42871|client:localhost:40191|dataStream:localhost:39035|priority:0|startupRole:FOLLOWER] returns group-58108B3F713F:java.util.concurrent.CompletableFuture@36eb256[Not completed]
2022-08-02 21:04:34,757 [pool-2-thread-1] INFO  server.RaftServerConfigKeys (ConfUtils.java:logGet(46)) - raft.server.log.corruption.policy = EXCEPTION (default)
2022-08-02 21:04:34,760 [pool-2-thread-1] INFO  server.RaftServerConfigKeys (ConfUtils.java:logGet(46)) - raft.server.storage.free-space.min = 0MB (=0) (default)
2022-08-02 21:04:34,762 [pool-3-thread-1] INFO  server.RaftServerConfigKeys (ConfUtils.java:logGet(46)) - raft.server.log.segment.size.max = 8MB (=8388608) (default)
2022-08-02 21:04:34,762 [pool-3-thread-1] INFO  server.RaftServerConfigKeys (ConfUtils.java:logGet(46)) - raft.server.log.preallocated.size = 4MB (=4194304) (default)
2022-08-02 21:04:34,762 [pool-3-thread-1] INFO  server.RaftServerConfigKeys (ConfUtils.java:logGet(46)) - raft.server.log.write.buffer.size = 64KB (=65536) (default)
2022-08-02 21:04:34,762 [pool-3-thread-1] INFO  server.RaftServer$Division (RaftServerImpl.java:<init>(192)) - s2: new RaftServerImpl for group-58108B3F713F:[s0|rpc:localhost:42217|admin:localhost:43381|client:localhost:35491|dataStream:localhost:33217|priority:0|startupRole:FOLLOWER, s1|rpc:localhost:35771|admin:localhost:42793|client:localhost:38371|dataStream:localhost:45469|priority:0|startupRole:FOLLOWER, s2|rpc:localhost:42023|admin:localhost:42871|client:localhost:40191|dataStream:localhost:39035|priority:0|startupRole:FOLLOWER] with SimpleStateMachine4Testing:uninitialized
2022-08-02 21:04:34,763 [pool-3-thread-1] INFO  server.RaftServerConfigKeys (ConfUtils.java:logGet(46)) - raft.server.rpc.timeout.min = 150ms (default)
2022-08-02 21:04:34,763 [pool-3-thread-1] INFO  server.RaftServerConfigKeys (ConfUtils.java:logGet(46)) - raft.server.rpc.timeout.max = 300ms (default)
2022-08-02 21:04:34,763 [pool-3-thread-1] INFO  server.RaftServerConfigKeys (ConfUtils.java:logGet(46)) - raft.server.rpc.sleep.time = 25ms (default)
2022-08-02 21:04:34,763 [pool-3-thread-1] INFO  server.RaftServerConfigKeys (ConfUtils.java:logGet(46)) - raft.server.rpc.slowness.timeout = 60s (default)
2022-08-02 21:04:34,763 [pool-3-thread-1] INFO  server.RaftServerConfigKeys (ConfUtils.java:logGet(46)) - raft.server.leaderelection.leader.step-down.wait-time = 10s (default)
2022-08-02 21:04:34,763 [pool-3-thread-1] INFO  server.RaftServerConfigKeys (ConfUtils.java:logGet(46)) - raft.server.sleep.deviation.threshold = 300ms (default)
2022-08-02 21:04:34,763 [pool-3-thread-1] INFO  server.RaftServer$Division (ServerState.java:<init>(118)) - s2@group-58108B3F713F: ConfigurationManager, init=-1: peers:[s0|rpc:localhost:42217|admin:localhost:43381|client:localhost:35491|dataStream:localhost:33217|priority:0|startupRole:FOLLOWER, s1|rpc:localhost:35771|admin:localhost:42793|client:localhost:38371|dataStream:localhost:45469|priority:0|startupRole:FOLLOWER, s2|rpc:localhost:42023|admin:localhost:42871|client:localhost:40191|dataStream:localhost:39035|priority:0|startupRole:FOLLOWER]|listeners:[], old=null, confs=<EMPTY_MAP>
2022-08-02 21:04:34,763 [pool-3-thread-1] INFO  server.RaftServerConfigKeys (ConfUtils.java:logGet(46)) - raft.server.storage.dir = [/home/runner/work/ratis/ratis/ratis-test/target/test/data/1e2fa4a7/MiniRaftClusterWithGrpc3344572e/s2] (custom)
2022-08-02 21:04:34,764 [pool-3-thread-1] INFO  server.RaftServerConfigKeys (ConfUtils.java:logGet(46)) - raft.server.log.corruption.policy = EXCEPTION (default)
2022-08-02 21:04:34,764 [pool-3-thread-1] INFO  server.RaftServerConfigKeys (ConfUtils.java:logGet(46)) - raft.server.storage.free-space.min = 0MB (=0) (default)
2022-08-02 21:04:34,765 [pool-2-thread-1] INFO  server.RaftServerConfigKeys (ConfUtils.java:logGet(46)) - raft.server.notification.no-leader.timeout = 60s (default)
2022-08-02 21:04:34,765 [pool-1-thread-1] INFO  server.RaftServerConfigKeys (ConfUtils.java:logGet(46)) - raft.server.notification.no-leader.timeout = 60s (default)
2022-08-02 21:04:34,765 [pool-3-thread-1] INFO  server.RaftServerConfigKeys (ConfUtils.java:logGet(46)) - raft.server.notification.no-leader.timeout = 60s (default)
2022-08-02 21:04:34,768 [pool-2-thread-1] INFO  server.RaftServerConfigKeys (ConfUtils.java:logGet(46)) - raft.server.retrycache.expirytime = 60s (default)
2022-08-02 21:04:34,768 [pool-1-thread-1] INFO  server.RaftServerConfigKeys (ConfUtils.java:logGet(46)) - raft.server.retrycache.expirytime = 60s (default)
2022-08-02 21:04:34,768 [pool-1-thread-1] INFO  server.RaftServerConfigKeys (ConfUtils.java:logGet(46)) - raft.server.retrycache.statistics.expirytime = 100μs (default)
2022-08-02 21:04:34,771 [pool-2-thread-1] INFO  server.RaftServerConfigKeys (ConfUtils.java:logGet(46)) - raft.server.retrycache.statistics.expirytime = 100μs (default)
2022-08-02 21:04:34,771 [pool-3-thread-1] INFO  server.RaftServerConfigKeys (ConfUtils.java:logGet(46)) - raft.server.retrycache.expirytime = 60s (default)
2022-08-02 21:04:34,772 [pool-3-thread-1] INFO  server.RaftServerConfigKeys (ConfUtils.java:logGet(46)) - raft.server.retrycache.statistics.expirytime = 100μs (default)
2022-08-02 21:04:34,790 [pool-2-thread-1] INFO  metrics.MetricRegistries (MetricRegistriesLoader.java:load(64)) - Loaded MetricRegistries class org.apache.ratis.metrics.impl.MetricRegistriesImpl
2022-08-02 21:04:34,853 [pool-2-thread-1] INFO  server.RaftServerConfigKeys (ConfUtils.java:logGet(46)) - raft.server.log.appender.install.snapshot.enabled = true (default)
2022-08-02 21:04:34,854 [pool-1-thread-1] INFO  server.RaftServerConfigKeys (ConfUtils.java:logGet(46)) - raft.server.log.appender.install.snapshot.enabled = true (default)
2022-08-02 21:04:34,854 [pool-1-thread-1] INFO  server.RaftServerConfigKeys (ConfUtils.java:logGet(46)) - raft.server.threadpool.server.cached = true (default)
2022-08-02 21:04:34,855 [pool-1-thread-1] INFO  server.RaftServerConfigKeys (ConfUtils.java:logGet(46)) - raft.server.threadpool.server.size = 0 (default)
2022-08-02 21:04:34,855 [pool-1-thread-1] INFO  server.RaftServerConfigKeys (ConfUtils.java:logGet(46)) - raft.server.threadpool.client.cached = true (default)
2022-08-02 21:04:34,856 [pool-1-thread-1] INFO  server.RaftServerConfigKeys (ConfUtils.java:logGet(46)) - raft.server.threadpool.client.size = 0 (default)
2022-08-02 21:04:34,857 [s0-impl-thread1] INFO  storage.RaftStorageDirectory (RaftStorageDirectoryImpl.java:analyzeStorage(137)) - The storage directory /home/runner/work/ratis/ratis/ratis-test/target/test/data/1e2fa4a7/MiniRaftClusterWithGrpc3344572e/s0/a6dce66a-5b55-4c78-981e-58108b3f713f does not exist. Creating ...
2022-08-02 21:04:34,854 [pool-3-thread-1] INFO  server.RaftServerConfigKeys (ConfUtils.java:logGet(46)) - raft.server.log.appender.install.snapshot.enabled = true (default)
2022-08-02 21:04:34,857 [pool-3-thread-1] INFO  server.RaftServerConfigKeys (ConfUtils.java:logGet(46)) - raft.server.threadpool.server.cached = true (default)
2022-08-02 21:04:34,857 [pool-3-thread-1] INFO  server.RaftServerConfigKeys (ConfUtils.java:logGet(46)) - raft.server.threadpool.server.size = 0 (default)
2022-08-02 21:04:34,857 [pool-3-thread-1] INFO  server.RaftServerConfigKeys (ConfUtils.java:logGet(46)) - raft.server.threadpool.client.cached = true (default)
2022-08-02 21:04:34,857 [pool-3-thread-1] INFO  server.RaftServerConfigKeys (ConfUtils.java:logGet(46)) - raft.server.threadpool.client.size = 0 (default)
2022-08-02 21:04:34,858 [s0-impl-thread1] TRACE util.FileUtils (LogUtils.java:runAndLog(49)) - Successfully ran Files.createDirectories /home/runner/work/ratis/ratis/ratis-test/target/test/data/1e2fa4a7/MiniRaftClusterWithGrpc3344572e/s0/a6dce66a-5b55-4c78-981e-58108b3f713f
2022-08-02 21:04:34,859 [pool-2-thread-1] INFO  server.RaftServerConfigKeys (ConfUtils.java:logGet(46)) - raft.server.threadpool.server.cached = true (default)
2022-08-02 21:04:34,860 [pool-2-thread-1] INFO  server.RaftServerConfigKeys (ConfUtils.java:logGet(46)) - raft.server.threadpool.server.size = 0 (default)
2022-08-02 21:04:34,860 [pool-2-thread-1] INFO  server.RaftServerConfigKeys (ConfUtils.java:logGet(46)) - raft.server.threadpool.client.cached = true (default)
2022-08-02 21:04:34,860 [pool-2-thread-1] INFO  server.RaftServerConfigKeys (ConfUtils.java:logGet(46)) - raft.server.threadpool.client.size = 0 (default)
2022-08-02 21:04:34,863 [s0-impl-thread1] INFO  storage.RaftStorageDirectory (RaftStorageDirectoryImpl.java:tryLock(231)) - Lock on /home/runner/work/ratis/ratis/ratis-test/target/test/data/1e2fa4a7/MiniRaftClusterWithGrpc3344572e/s0/a6dce66a-5b55-4c78-981e-58108b3f713f/in_use.lock acquired by nodename 12398@fv-az94-903.5nf3ov1lyyvuxdxiv44ldfoe0f.jx.internal.cloudapp.net
2022-08-02 21:04:34,863 [s0-impl-thread1] TRACE util.FileUtils (LogUtils.java:runAndLog(49)) - Successfully ran Files.createDirectories /home/runner/work/ratis/ratis/ratis-test/target/test/data/1e2fa4a7/MiniRaftClusterWithGrpc3344572e/s0/a6dce66a-5b55-4c78-981e-58108b3f713f/current
2022-08-02 21:04:34,864 [s0-impl-thread1] TRACE util.FileUtils (LogUtils.java:runAndLog(49)) - Successfully ran Files.createDirectories /home/runner/work/ratis/ratis/ratis-test/target/test/data/1e2fa4a7/MiniRaftClusterWithGrpc3344572e/s0/a6dce66a-5b55-4c78-981e-58108b3f713f/sm
2022-08-02 21:04:34,870 [s0-impl-thread1] INFO  storage.RaftStorage (RaftStorageImpl.java:format(96)) - Storage directory /home/runner/work/ratis/ratis/ratis-test/target/test/data/1e2fa4a7/MiniRaftClusterWithGrpc3344572e/s0/a6dce66a-5b55-4c78-981e-58108b3f713f has been successfully formatted.
2022-08-02 21:04:34,871 [s0-impl-thread1] INFO  statemachine.SimpleStateMachine4Testing (SimpleStateMachine4Testing.java:initialize(212)) - Initializing SimpleStateMachine4Testing:uninitialized
2022-08-02 21:04:34,872 [s0-impl-thread1] INFO  statemachine.SimpleStateMachine4Testing (SimpleStateMachine4Testing.java:loadSnapshot(306)) - The snapshot file null does not exist
2022-08-02 21:04:34,873 [s0-impl-thread1] INFO  server.RaftServerConfigKeys (ConfUtils.java:logGet(46)) - raft.server.log.use.memory = false (default)
2022-08-02 21:04:34,880 [s0-impl-thread1] INFO  server.RaftServerConfigKeys (ConfUtils.java:logGet(46)) - raft.server.log.purge.gap = 1024 (default)
2022-08-02 21:04:34,880 [s0-impl-thread1] INFO  server.RaftServerConfigKeys (ConfUtils.java:logGet(46)) - raft.server.log.appender.buffer.byte-limit = 4MB (=4194304) (default)
2022-08-02 21:04:34,881 [s0-impl-thread1] INFO  server.RaftServerConfigKeys (ConfUtils.java:logGet(46)) - raft.server.log.statemachine.data.read.timeout = 1000ms (default)
2022-08-02 21:04:34,881 [s0-impl-thread1] INFO  server.RaftServerConfigKeys (ConfUtils.java:logGet(46)) - raft.server.log.purge.preservation.log.num = 0 (default)
2022-08-02 21:04:34,883 [s0-impl-thread1] INFO  server.RaftServerConfigKeys (ConfUtils.java:logGet(46)) - raft.server.log.segment.size.max = 8MB (=8388608) (default)
2022-08-02 21:04:34,887 [s0-impl-thread1] INFO  server.RaftServerConfigKeys (ConfUtils.java:logGet(46)) - raft.server.log.segment.cache.num.max = 6 (default)
2022-08-02 21:04:34,891 [s0-impl-thread1] INFO  server.RaftServerConfigKeys (ConfUtils.java:logGet(46)) - raft.server.log.segment.cache.size.max = 200MB (=209715200) (default)
2022-08-02 21:04:34,898 [s0-impl-thread1] INFO  segmented.SegmentedRaftLogWorker (SegmentedRaftLogWorker.java:<init>(187)) - new s0@group-58108B3F713F-SegmentedRaftLogWorker for RaftStorageImpl:Storage Directory /home/runner/work/ratis/ratis/ratis-test/target/test/data/1e2fa4a7/MiniRaftClusterWithGrpc3344572e/s0/a6dce66a-5b55-4c78-981e-58108b3f713f
2022-08-02 21:04:34,898 [s0-impl-thread1] INFO  server.RaftServerConfigKeys (ConfUtils.java:logGet(46)) - raft.server.log.queue.byte-limit = 64MB (=67108864) (default)
2022-08-02 21:04:34,899 [s0-impl-thread1] INFO  server.RaftServerConfigKeys (ConfUtils.java:logGet(46)) - raft.server.log.queue.element-limit = 4096 (default)
2022-08-02 21:04:34,900 [s0-impl-thread1] INFO  server.RaftServerConfigKeys (ConfUtils.java:logGet(46)) - raft.server.log.segment.size.max = 8MB (=8388608) (default)
2022-08-02 21:04:34,900 [s0-impl-thread1] INFO  server.RaftServerConfigKeys (ConfUtils.java:logGet(46)) - raft.server.log.preallocated.size = 4MB (=4194304) (default)
2022-08-02 21:04:34,901 [s0-impl-thread1] INFO  server.RaftServerConfigKeys (ConfUtils.java:logGet(46)) - raft.server.log.force.sync.num = 128 (default)
2022-08-02 21:04:34,901 [s0-impl-thread1] INFO  server.RaftServerConfigKeys (ConfUtils.java:logGet(46)) - raft.server.log.statemachine.data.sync = true (default)
2022-08-02 21:04:34,901 [s0-impl-thread1] INFO  server.RaftServerConfigKeys (ConfUtils.java:logGet(46)) - raft.server.log.statemachine.data.sync.timeout = 10s (default)
2022-08-02 21:04:34,904 [s0-impl-thread1] INFO  server.RaftServerConfigKeys (ConfUtils.java:logGet(46)) - raft.server.log.statemachine.data.sync.timeout.retry = -1 (default)
2022-08-02 21:04:34,911 [s0-impl-thread1] INFO  server.RaftServerConfigKeys (ConfUtils.java:logGet(46)) - raft.server.log.write.buffer.size = 64KB (=65536) (default)
2022-08-02 21:04:34,912 [s0-impl-thread1] INFO  server.RaftServerConfigKeys (ConfUtils.java:logGet(46)) - raft.server.log.unsafe-flush.enabled = false (default)
2022-08-02 21:04:34,912 [s0-impl-thread1] INFO  server.RaftServerConfigKeys (ConfUtils.java:logGet(46)) - raft.server.log.statemachine.data.caching.enabled = false (default)
2022-08-02 21:04:34,917 [s0-impl-thread1] INFO  segmented.SegmentedRaftLogWorker (SegmentedRaftLogWorker.java:lambda$new$0(135)) - s0@group-58108B3F713F-SegmentedRaftLogWorker: flushIndex: setUnconditionally 0 -> -1
2022-08-02 21:04:34,918 [s0-impl-thread1] INFO  segmented.SegmentedRaftLogWorker (SegmentedRaftLogWorker.java:lambda$new$0(135)) - s0@group-58108B3F713F-SegmentedRaftLogWorker: safeCacheEvictIndex: setUnconditionally 0 -> -1
2022-08-02 21:04:34,919 [s0-impl-thread1] INFO  server.RaftServer$Division (RaftServerImpl.java:start(314)) - s0@group-58108B3F713F: start as a follower, conf=-1: peers:[s0|rpc:localhost:42217|admin:localhost:43381|client:localhost:35491|dataStream:localhost:33217|priority:0|startupRole:FOLLOWER, s1|rpc:localhost:35771|admin:localhost:42793|client:localhost:38371|dataStream:localhost:45469|priority:0|startupRole:FOLLOWER, s2|rpc:localhost:42023|admin:localhost:42871|client:localhost:40191|dataStream:localhost:39035|priority:0|startupRole:FOLLOWER]|listeners:[], old=null
2022-08-02 21:04:34,919 [s0-impl-thread1] INFO  server.RaftServer$Division (RaftServerImpl.java:setRole(301)) - s0@group-58108B3F713F: changes role from      null to FOLLOWER at term 0 for startAsFollower
2022-08-02 21:04:34,920 [s0-impl-thread1] INFO  impl.RoleInfo (RoleInfo.java:updateAndGet(139)) - s0: start s0@group-58108B3F713F-FollowerState
2022-08-02 21:04:34,922 [s0-impl-thread1] INFO  util.JmxRegister (JmxRegister.java:tryRegister(44)) - Successfully registered JMX Bean with object name Ratis:service=RaftServer,group=group-58108B3F713F,id=s0
2022-08-02 21:04:34,923 [s0-impl-thread1] INFO  server.RaftServerConfigKeys (ConfUtils.java:logGet(46)) - raft.server.snapshot.auto.trigger.enabled = false (default)
2022-08-02 21:04:34,924 [s0-impl-thread1] INFO  server.RaftServerConfigKeys (ConfUtils.java:logGet(46)) - raft.server.snapshot.retention.file.num = -1 (default)
2022-08-02 21:04:34,924 [s0-impl-thread1] INFO  server.RaftServerConfigKeys (ConfUtils.java:logGet(46)) - raft.server.log.purge.upto.snapshot.index = false (default)
2022-08-02 21:04:34,927 [Time-limited test] INFO  server.RaftServer (RaftServerProxy.java:startImpl(385)) - s0: start RPC server
2022-08-02 21:04:34,963 [Time-limited test] INFO  server.GrpcService (GrpcService.java:startImpl(262)) - s0: GrpcService started, listening on 35491
2022-08-02 21:04:34,964 [Time-limited test] INFO  server.GrpcService (GrpcService.java:startImpl(262)) - s0: GrpcService started, listening on 42217
2022-08-02 21:04:34,968 [Time-limited test] INFO  server.GrpcService (GrpcService.java:startImpl(262)) - s0: GrpcService started, listening on 43381
2022-08-02 21:04:34,971 [s1-impl-thread1] INFO  storage.RaftStorageDirectory (RaftStorageDirectoryImpl.java:analyzeStorage(137)) - The storage directory /home/runner/work/ratis/ratis/ratis-test/target/test/data/1e2fa4a7/MiniRaftClusterWithGrpc3344572e/s1/a6dce66a-5b55-4c78-981e-58108b3f713f does not exist. Creating ...
2022-08-02 21:04:34,972 [s1-impl-thread1] TRACE util.FileUtils (LogUtils.java:runAndLog(49)) - Successfully ran Files.createDirectories /home/runner/work/ratis/ratis/ratis-test/target/test/data/1e2fa4a7/MiniRaftClusterWithGrpc3344572e/s1/a6dce66a-5b55-4c78-981e-58108b3f713f
2022-08-02 21:04:34,972 [org.apache.ratis.util.JvmPauseMonitor$$Lambda$298/273841436@13c4b674] INFO  util.JvmPauseMonitor (JvmPauseMonitor.java:run(103)) - JvmPauseMonitor-s0: Started
2022-08-02 21:04:34,973 [s1-impl-thread1] INFO  storage.RaftStorageDirectory (RaftStorageDirectoryImpl.java:tryLock(231)) - Lock on /home/runner/work/ratis/ratis/ratis-test/target/test/data/1e2fa4a7/MiniRaftClusterWithGrpc3344572e/s1/a6dce66a-5b55-4c78-981e-58108b3f713f/in_use.lock acquired by nodename 12398@fv-az94-903.5nf3ov1lyyvuxdxiv44ldfoe0f.jx.internal.cloudapp.net
2022-08-02 21:04:34,974 [s1-impl-thread1] TRACE util.FileUtils (LogUtils.java:runAndLog(49)) - Successfully ran Files.createDirectories /home/runner/work/ratis/ratis/ratis-test/target/test/data/1e2fa4a7/MiniRaftClusterWithGrpc3344572e/s1/a6dce66a-5b55-4c78-981e-58108b3f713f/current
2022-08-02 21:04:34,974 [s1-impl-thread1] TRACE util.FileUtils (LogUtils.java:runAndLog(49)) - Successfully ran Files.createDirectories /home/runner/work/ratis/ratis/ratis-test/target/test/data/1e2fa4a7/MiniRaftClusterWithGrpc3344572e/s1/a6dce66a-5b55-4c78-981e-58108b3f713f/sm
2022-08-02 21:04:34,976 [s1-impl-thread1] INFO  storage.RaftStorage (RaftStorageImpl.java:format(96)) - Storage directory /home/runner/work/ratis/ratis/ratis-test/target/test/data/1e2fa4a7/MiniRaftClusterWithGrpc3344572e/s1/a6dce66a-5b55-4c78-981e-58108b3f713f has been successfully formatted.
2022-08-02 21:04:34,976 [s1-impl-thread1] INFO  statemachine.SimpleStateMachine4Testing (SimpleStateMachine4Testing.java:initialize(212)) - Initializing SimpleStateMachine4Testing:uninitialized
2022-08-02 21:04:34,976 [s1-impl-thread1] INFO  statemachine.SimpleStateMachine4Testing (SimpleStateMachine4Testing.java:loadSnapshot(306)) - The snapshot file null does not exist
2022-08-02 21:04:34,976 [s1-impl-thread1] INFO  server.RaftServerConfigKeys (ConfUtils.java:logGet(46)) - raft.server.log.use.memory = false (default)
2022-08-02 21:04:34,976 [s1-impl-thread1] INFO  server.RaftServerConfigKeys (ConfUtils.java:logGet(46)) - raft.server.log.purge.gap = 1024 (default)
2022-08-02 21:04:34,977 [s1-impl-thread1] INFO  server.RaftServerConfigKeys (ConfUtils.java:logGet(46)) - raft.server.log.appender.buffer.byte-limit = 4MB (=4194304) (default)
2022-08-02 21:04:34,977 [s1-impl-thread1] INFO  server.RaftServerConfigKeys (ConfUtils.java:logGet(46)) - raft.server.log.statemachine.data.read.timeout = 1000ms (default)
2022-08-02 21:04:34,977 [s1-impl-thread1] INFO  server.RaftServerConfigKeys (ConfUtils.java:logGet(46)) - raft.server.log.purge.preservation.log.num = 0 (default)
2022-08-02 21:04:34,977 [s1-impl-thread1] INFO  server.RaftServerConfigKeys (ConfUtils.java:logGet(46)) - raft.server.log.segment.size.max = 8MB (=8388608) (default)
2022-08-02 21:04:34,977 [s1-impl-thread1] INFO  server.RaftServerConfigKeys (ConfUtils.java:logGet(46)) - raft.server.log.segment.cache.num.max = 6 (default)
2022-08-02 21:04:34,978 [s1-impl-thread1] INFO  server.RaftServerConfigKeys (ConfUtils.java:logGet(46)) - raft.server.log.segment.cache.size.max = 200MB (=209715200) (default)
2022-08-02 21:04:34,978 [s1-impl-thread1] INFO  segmented.SegmentedRaftLogWorker (SegmentedRaftLogWorker.java:<init>(187)) - new s1@group-58108B3F713F-SegmentedRaftLogWorker for RaftStorageImpl:Storage Directory /home/runner/work/ratis/ratis/ratis-test/target/test/data/1e2fa4a7/MiniRaftClusterWithGrpc3344572e/s1/a6dce66a-5b55-4c78-981e-58108b3f713f
2022-08-02 21:04:34,978 [s1-impl-thread1] INFO  server.RaftServerConfigKeys (ConfUtils.java:logGet(46)) - raft.server.log.queue.byte-limit = 64MB (=67108864) (default)
2022-08-02 21:04:34,978 [s1-impl-thread1] INFO  server.RaftServerConfigKeys (ConfUtils.java:logGet(46)) - raft.server.log.queue.element-limit = 4096 (default)
2022-08-02 21:04:34,978 [s1-impl-thread1] INFO  server.RaftServerConfigKeys (ConfUtils.java:logGet(46)) - raft.server.log.segment.size.max = 8MB (=8388608) (default)
2022-08-02 21:04:34,978 [s1-impl-thread1] INFO  server.RaftServerConfigKeys (ConfUtils.java:logGet(46)) - raft.server.log.preallocated.size = 4MB (=4194304) (default)
2022-08-02 21:04:34,978 [s1-impl-thread1] INFO  server.RaftServerConfigKeys (ConfUtils.java:logGet(46)) - raft.server.log.force.sync.num = 128 (default)
2022-08-02 21:04:34,978 [s1-impl-thread1] INFO  server.RaftServerConfigKeys (ConfUtils.java:logGet(46)) - raft.server.log.statemachine.data.sync = true (default)
2022-08-02 21:04:34,978 [s1-impl-thread1] INFO  server.RaftServerConfigKeys (ConfUtils.java:logGet(46)) - raft.server.log.statemachine.data.sync.timeout = 10s (default)
2022-08-02 21:04:34,978 [s1-impl-thread1] INFO  server.RaftServerConfigKeys (ConfUtils.java:logGet(46)) - raft.server.log.statemachine.data.sync.timeout.retry = -1 (default)
2022-08-02 21:04:34,979 [s1-impl-thread1] INFO  server.RaftServerConfigKeys (ConfUtils.java:logGet(46)) - raft.server.log.write.buffer.size = 64KB (=65536) (default)
2022-08-02 21:04:34,979 [s1-impl-thread1] INFO  server.RaftServerConfigKeys (ConfUtils.java:logGet(46)) - raft.server.log.unsafe-flush.enabled = false (default)
2022-08-02 21:04:34,979 [s1-impl-thread1] INFO  server.RaftServerConfigKeys (ConfUtils.java:logGet(46)) - raft.server.log.statemachine.data.caching.enabled = false (default)
2022-08-02 21:04:34,980 [s1-impl-thread1] INFO  segmented.SegmentedRaftLogWorker (SegmentedRaftLogWorker.java:lambda$new$0(135)) - s1@group-58108B3F713F-SegmentedRaftLogWorker: flushIndex: setUnconditionally 0 -> -1
2022-08-02 21:04:34,980 [s1-impl-thread1] INFO  segmented.SegmentedRaftLogWorker (SegmentedRaftLogWorker.java:lambda$new$0(135)) - s1@group-58108B3F713F-SegmentedRaftLogWorker: safeCacheEvictIndex: setUnconditionally 0 -> -1
2022-08-02 21:04:34,981 [s1-impl-thread1] INFO  server.RaftServer$Division (RaftServerImpl.java:start(314)) - s1@group-58108B3F713F: start as a follower, conf=-1: peers:[s0|rpc:localhost:42217|admin:localhost:43381|client:localhost:35491|dataStream:localhost:33217|priority:0|startupRole:FOLLOWER, s1|rpc:localhost:35771|admin:localhost:42793|client:localhost:38371|dataStream:localhost:45469|priority:0|startupRole:FOLLOWER, s2|rpc:localhost:42023|admin:localhost:42871|client:localhost:40191|dataStream:localhost:39035|priority:0|startupRole:FOLLOWER]|listeners:[], old=null
2022-08-02 21:04:34,981 [s1-impl-thread1] INFO  server.RaftServer$Division (RaftServerImpl.java:setRole(301)) - s1@group-58108B3F713F: changes role from      null to FOLLOWER at term 0 for startAsFollower
2022-08-02 21:04:34,981 [s1-impl-thread1] INFO  impl.RoleInfo (RoleInfo.java:updateAndGet(139)) - s1: start s1@group-58108B3F713F-FollowerState
2022-08-02 21:04:34,982 [s1-impl-thread1] INFO  util.JmxRegister (JmxRegister.java:tryRegister(44)) - Successfully registered JMX Bean with object name Ratis:service=RaftServer,group=group-58108B3F713F,id=s1
2022-08-02 21:04:34,983 [s1-impl-thread1] INFO  server.RaftServerConfigKeys (ConfUtils.java:logGet(46)) - raft.server.snapshot.auto.trigger.enabled = false (default)
2022-08-02 21:04:34,983 [s1-impl-thread1] INFO  server.RaftServerConfigKeys (ConfUtils.java:logGet(46)) - raft.server.snapshot.retention.file.num = -1 (default)
2022-08-02 21:04:34,983 [s1-impl-thread1] INFO  server.RaftServerConfigKeys (ConfUtils.java:logGet(46)) - raft.server.log.purge.upto.snapshot.index = false (default)
2022-08-02 21:04:34,983 [Time-limited test] INFO  server.RaftServer (RaftServerProxy.java:startImpl(385)) - s1: start RPC server
2022-08-02 21:04:34,984 [Time-limited test] INFO  server.GrpcService (GrpcService.java:startImpl(262)) - s1: GrpcService started, listening on 38371
2022-08-02 21:04:34,984 [Time-limited test] INFO  server.GrpcService (GrpcService.java:startImpl(262)) - s1: GrpcService started, listening on 35771
2022-08-02 21:04:34,985 [Time-limited test] INFO  server.GrpcService (GrpcService.java:startImpl(262)) - s1: GrpcService started, listening on 42793
2022-08-02 21:04:34,987 [s2-impl-thread1] INFO  storage.RaftStorageDirectory (RaftStorageDirectoryImpl.java:analyzeStorage(137)) - The storage directory /home/runner/work/ratis/ratis/ratis-test/target/test/data/1e2fa4a7/MiniRaftClusterWithGrpc3344572e/s2/a6dce66a-5b55-4c78-981e-58108b3f713f does not exist. Creating ...
2022-08-02 21:04:34,988 [s2-impl-thread1] TRACE util.FileUtils (LogUtils.java:runAndLog(49)) - Successfully ran Files.createDirectories /home/runner/work/ratis/ratis/ratis-test/target/test/data/1e2fa4a7/MiniRaftClusterWithGrpc3344572e/s2/a6dce66a-5b55-4c78-981e-58108b3f713f
2022-08-02 21:04:34,988 [org.apache.ratis.util.JvmPauseMonitor$$Lambda$298/273841436@7277b457] INFO  util.JvmPauseMonitor (JvmPauseMonitor.java:run(103)) - JvmPauseMonitor-s1: Started
2022-08-02 21:04:34,990 [s2-impl-thread1] INFO  storage.RaftStorageDirectory (RaftStorageDirectoryImpl.java:tryLock(231)) - Lock on /home/runner/work/ratis/ratis/ratis-test/target/test/data/1e2fa4a7/MiniRaftClusterWithGrpc3344572e/s2/a6dce66a-5b55-4c78-981e-58108b3f713f/in_use.lock acquired by nodename 12398@fv-az94-903.5nf3ov1lyyvuxdxiv44ldfoe0f.jx.internal.cloudapp.net
2022-08-02 21:04:34,990 [s2-impl-thread1] TRACE util.FileUtils (LogUtils.java:runAndLog(49)) - Successfully ran Files.createDirectories /home/runner/work/ratis/ratis/ratis-test/target/test/data/1e2fa4a7/MiniRaftClusterWithGrpc3344572e/s2/a6dce66a-5b55-4c78-981e-58108b3f713f/current
2022-08-02 21:04:34,990 [s2-impl-thread1] TRACE util.FileUtils (LogUtils.java:runAndLog(49)) - Successfully ran Files.createDirectories /home/runner/work/ratis/ratis/ratis-test/target/test/data/1e2fa4a7/MiniRaftClusterWithGrpc3344572e/s2/a6dce66a-5b55-4c78-981e-58108b3f713f/sm
2022-08-02 21:04:34,992 [s2-impl-thread1] INFO  storage.RaftStorage (RaftStorageImpl.java:format(96)) - Storage directory /home/runner/work/ratis/ratis/ratis-test/target/test/data/1e2fa4a7/MiniRaftClusterWithGrpc3344572e/s2/a6dce66a-5b55-4c78-981e-58108b3f713f has been successfully formatted.
2022-08-02 21:04:34,992 [s2-impl-thread1] INFO  statemachine.SimpleStateMachine4Testing (SimpleStateMachine4Testing.java:initialize(212)) - Initializing SimpleStateMachine4Testing:uninitialized
2022-08-02 21:04:34,992 [s2-impl-thread1] INFO  statemachine.SimpleStateMachine4Testing (SimpleStateMachine4Testing.java:loadSnapshot(306)) - The snapshot file null does not exist
2022-08-02 21:04:34,992 [s2-impl-thread1] INFO  server.RaftServerConfigKeys (ConfUtils.java:logGet(46)) - raft.server.log.use.memory = false (default)
2022-08-02 21:04:34,992 [s2-impl-thread1] INFO  server.RaftServerConfigKeys (ConfUtils.java:logGet(46)) - raft.server.log.purge.gap = 1024 (default)
2022-08-02 21:04:34,993 [s2-impl-thread1] INFO  server.RaftServerConfigKeys (ConfUtils.java:logGet(46)) - raft.server.log.appender.buffer.byte-limit = 4MB (=4194304) (default)
2022-08-02 21:04:34,993 [s2-impl-thread1] INFO  server.RaftServerConfigKeys (ConfUtils.java:logGet(46)) - raft.server.log.statemachine.data.read.timeout = 1000ms (default)
2022-08-02 21:04:34,993 [s2-impl-thread1] INFO  server.RaftServerConfigKeys (ConfUtils.java:logGet(46)) - raft.server.log.purge.preservation.log.num = 0 (default)
2022-08-02 21:04:34,993 [s2-impl-thread1] INFO  server.RaftServerConfigKeys (ConfUtils.java:logGet(46)) - raft.server.log.segment.size.max = 8MB (=8388608) (default)
2022-08-02 21:04:34,993 [s2-impl-thread1] INFO  server.RaftServerConfigKeys (ConfUtils.java:logGet(46)) - raft.server.log.segment.cache.num.max = 6 (default)
2022-08-02 21:04:34,993 [s2-impl-thread1] INFO  server.RaftServerConfigKeys (ConfUtils.java:logGet(46)) - raft.server.log.segment.cache.size.max = 200MB (=209715200) (default)
2022-08-02 21:04:34,993 [s2-impl-thread1] INFO  segmented.SegmentedRaftLogWorker (SegmentedRaftLogWorker.java:<init>(187)) - new s2@group-58108B3F713F-SegmentedRaftLogWorker for RaftStorageImpl:Storage Directory /home/runner/work/ratis/ratis/ratis-test/target/test/data/1e2fa4a7/MiniRaftClusterWithGrpc3344572e/s2/a6dce66a-5b55-4c78-981e-58108b3f713f
2022-08-02 21:04:34,993 [s2-impl-thread1] INFO  server.RaftServerConfigKeys (ConfUtils.java:logGet(46)) - raft.server.log.queue.byte-limit = 64MB (=67108864) (default)
2022-08-02 21:04:34,993 [s2-impl-thread1] INFO  server.RaftServerConfigKeys (ConfUtils.java:logGet(46)) - raft.server.log.queue.element-limit = 4096 (default)
2022-08-02 21:04:34,994 [s2-impl-thread1] INFO  server.RaftServerConfigKeys (ConfUtils.java:logGet(46)) - raft.server.log.segment.size.max = 8MB (=8388608) (default)
2022-08-02 21:04:34,994 [s2-impl-thread1] INFO  server.RaftServerConfigKeys (ConfUtils.java:logGet(46)) - raft.server.log.preallocated.size = 4MB (=4194304) (default)
2022-08-02 21:04:34,994 [s2-impl-thread1] INFO  server.RaftServerConfigKeys (ConfUtils.java:logGet(46)) - raft.server.log.force.sync.num = 128 (default)
2022-08-02 21:04:34,994 [s2-impl-thread1] INFO  server.RaftServerConfigKeys (ConfUtils.java:logGet(46)) - raft.server.log.statemachine.data.sync = true (default)
2022-08-02 21:04:34,994 [s2-impl-thread1] INFO  server.RaftServerConfigKeys (ConfUtils.java:logGet(46)) - raft.server.log.statemachine.data.sync.timeout = 10s (default)
2022-08-02 21:04:34,994 [s2-impl-thread1] INFO  server.RaftServerConfigKeys (ConfUtils.java:logGet(46)) - raft.server.log.statemachine.data.sync.timeout.retry = -1 (default)
2022-08-02 21:04:34,996 [s2-impl-thread1] INFO  server.RaftServerConfigKeys (ConfUtils.java:logGet(46)) - raft.server.log.write.buffer.size = 64KB (=65536) (default)
2022-08-02 21:04:34,997 [s2-impl-thread1] INFO  server.RaftServerConfigKeys (ConfUtils.java:logGet(46)) - raft.server.log.unsafe-flush.enabled = false (default)
2022-08-02 21:04:34,997 [s2-impl-thread1] INFO  server.RaftServerConfigKeys (ConfUtils.java:logGet(46)) - raft.server.log.statemachine.data.caching.enabled = false (default)
2022-08-02 21:04:34,999 [s2-impl-thread1] INFO  segmented.SegmentedRaftLogWorker (SegmentedRaftLogWorker.java:lambda$new$0(135)) - s2@group-58108B3F713F-SegmentedRaftLogWorker: flushIndex: setUnconditionally 0 -> -1
2022-08-02 21:04:34,999 [s2-impl-thread1] INFO  segmented.SegmentedRaftLogWorker (SegmentedRaftLogWorker.java:lambda$new$0(135)) - s2@group-58108B3F713F-SegmentedRaftLogWorker: safeCacheEvictIndex: setUnconditionally 0 -> -1
2022-08-02 21:04:34,999 [s2-impl-thread1] INFO  server.RaftServer$Division (RaftServerImpl.java:start(314)) - s2@group-58108B3F713F: start as a follower, conf=-1: peers:[s0|rpc:localhost:42217|admin:localhost:43381|client:localhost:35491|dataStream:localhost:33217|priority:0|startupRole:FOLLOWER, s1|rpc:localhost:35771|admin:localhost:42793|client:localhost:38371|dataStream:localhost:45469|priority:0|startupRole:FOLLOWER, s2|rpc:localhost:42023|admin:localhost:42871|client:localhost:40191|dataStream:localhost:39035|priority:0|startupRole:FOLLOWER]|listeners:[], old=null
2022-08-02 21:04:35,000 [s2-impl-thread1] INFO  server.RaftServer$Division (RaftServerImpl.java:setRole(301)) - s2@group-58108B3F713F: changes role from      null to FOLLOWER at term 0 for startAsFollower
2022-08-02 21:04:35,000 [s2-impl-thread1] INFO  impl.RoleInfo (RoleInfo.java:updateAndGet(139)) - s2: start s2@group-58108B3F713F-FollowerState
2022-08-02 21:04:35,000 [s2-impl-thread1] INFO  util.JmxRegister (JmxRegister.java:tryRegister(44)) - Successfully registered JMX Bean with object name Ratis:service=RaftServer,group=group-58108B3F713F,id=s2
2022-08-02 21:04:35,000 [s2-impl-thread1] INFO  server.RaftServerConfigKeys (ConfUtils.java:logGet(46)) - raft.server.snapshot.auto.trigger.enabled = false (default)
2022-08-02 21:04:35,000 [s2-impl-thread1] INFO  server.RaftServerConfigKeys (ConfUtils.java:logGet(46)) - raft.server.snapshot.retention.file.num = -1 (default)
2022-08-02 21:04:35,000 [s2-impl-thread1] INFO  server.RaftServerConfigKeys (ConfUtils.java:logGet(46)) - raft.server.log.purge.upto.snapshot.index = false (default)
2022-08-02 21:04:35,001 [Time-limited test] INFO  server.RaftServer (RaftServerProxy.java:startImpl(385)) - s2: start RPC server
2022-08-02 21:04:35,001 [Time-limited test] INFO  server.GrpcService (GrpcService.java:startImpl(262)) - s2: GrpcService started, listening on 40191
2022-08-02 21:04:35,002 [Time-limited test] INFO  server.GrpcService (GrpcService.java:startImpl(262)) - s2: GrpcService started, listening on 42023
2022-08-02 21:04:35,002 [Time-limited test] INFO  server.GrpcService (GrpcService.java:startImpl(262)) - s2: GrpcService started, listening on 42871
2022-08-02 21:04:35,007 [Time-limited test] INFO  server.RaftServerConfigKeys (ConfUtils.java:logGet(46)) - raft.server.rpc.timeout.max = 300ms (default)
2022-08-02 21:04:35,009 [Time-limited test] INFO  ratis.RaftTestUtil (RaftTestUtil.java:waitForLeader(100)) - printing ALL groups
  s0:  RUNNING  FOLLOWER s0@group-58108B3F713F:t0, leader=null, voted=, raftlog=Memoized:s0@group-58108B3F713F-SegmentedRaftLog:OPENED:c-1, conf=-1: peers:[s0|rpc:localhost:42217|admin:localhost:43381|client:localhost:35491|dataStream:localhost:33217|priority:0|startupRole:FOLLOWER, s1|rpc:localhost:35771|admin:localhost:42793|client:localhost:38371|dataStream:localhost:45469|priority:0|startupRole:FOLLOWER, s2|rpc:localhost:42023|admin:localhost:42871|client:localhost:40191|dataStream:localhost:39035|priority:0|startupRole:FOLLOWER]|listeners:[], old=null RUNNING
  s1:  RUNNING  FOLLOWER s1@group-58108B3F713F:t0, leader=null, voted=, raftlog=Memoized:s1@group-58108B3F713F-SegmentedRaftLog:OPENED:c-1, conf=-1: peers:[s0|rpc:localhost:42217|admin:localhost:43381|client:localhost:35491|dataStream:localhost:33217|priority:0|startupRole:FOLLOWER, s1|rpc:localhost:35771|admin:localhost:42793|client:localhost:38371|dataStream:localhost:45469|priority:0|startupRole:FOLLOWER, s2|rpc:localhost:42023|admin:localhost:42871|client:localhost:40191|dataStream:localhost:39035|priority:0|startupRole:FOLLOWER]|listeners:[], old=null RUNNING
  s2:  RUNNING  FOLLOWER s2@group-58108B3F713F:t0, leader=null, voted=, raftlog=Memoized:s2@group-58108B3F713F-SegmentedRaftLog:OPENED:c-1, conf=-1: peers:[s0|rpc:localhost:42217|admin:localhost:43381|client:localhost:35491|dataStream:localhost:33217|priority:0|startupRole:FOLLOWER, s1|rpc:localhost:35771|admin:localhost:42793|client:localhost:38371|dataStream:localhost:45469|priority:0|startupRole:FOLLOWER, s2|rpc:localhost:42023|admin:localhost:42871|client:localhost:40191|dataStream:localhost:39035|priority:0|startupRole:FOLLOWER]|listeners:[], old=null RUNNING
2022-08-02 21:04:35,011 [org.apache.ratis.util.JvmPauseMonitor$$Lambda$298/273841436@44b6db7b] INFO  util.JvmPauseMonitor (JvmPauseMonitor.java:run(103)) - JvmPauseMonitor-s2: Started
2022-08-02 21:04:35,017 [Time-limited test] WARN  ratis.RaftTestUtil (JavaUtils.java:attempt(172)) - FAILED "waitForLeader-null-(expectLeader? true)", attempt #1/100: java.lang.IllegalStateException: No leader yet : printing ALL groups
  s0:  RUNNING  FOLLOWER s0@group-58108B3F713F:t0, leader=null, voted=, raftlog=Memoized:s0@group-58108B3F713F-SegmentedRaftLog:OPENED:c-1, conf=-1: peers:[s0|rpc:localhost:42217|admin:localhost:43381|client:localhost:35491|dataStream:localhost:33217|priority:0|startupRole:FOLLOWER, s1|rpc:localhost:35771|admin:localhost:42793|client:localhost:38371|dataStream:localhost:45469|priority:0|startupRole:FOLLOWER, s2|rpc:localhost:42023|admin:localhost:42871|client:localhost:40191|dataStream:localhost:39035|priority:0|startupRole:FOLLOWER]|listeners:[], old=null RUNNING
  s1:  RUNNING  FOLLOWER s1@group-58108B3F713F:t0, leader=null, voted=, raftlog=Memoized:s1@group-58108B3F713F-SegmentedRaftLog:OPENED:c-1, conf=-1: peers:[s0|rpc:localhost:42217|admin:localhost:43381|client:localhost:35491|dataStream:localhost:33217|priority:0|startupRole:FOLLOWER, s1|rpc:localhost:35771|admin:localhost:42793|client:localhost:38371|dataStream:localhost:45469|priority:0|startupRole:FOLLOWER, s2|rpc:localhost:42023|admin:localhost:42871|client:localhost:40191|dataStream:localhost:39035|priority:0|startupRole:FOLLOWER]|listeners:[], old=null RUNNING
  s2:  RUNNING  FOLLOWER s2@group-58108B3F713F:t0, leader=null, voted=, raftlog=Memoized:s2@group-58108B3F713F-SegmentedRaftLog:OPENED:c-1, conf=-1: peers:[s0|rpc:localhost:42217|admin:localhost:43381|client:localhost:35491|dataStream:localhost:33217|priority:0|startupRole:FOLLOWER, s1|rpc:localhost:35771|admin:localhost:42793|client:localhost:38371|dataStream:localhost:45469|priority:0|startupRole:FOLLOWER, s2|rpc:localhost:42023|admin:localhost:42871|client:localhost:40191|dataStream:localhost:39035|priority:0|startupRole:FOLLOWER]|listeners:[], old=null RUNNING, sleep 450ms and then retry.
java.lang.IllegalStateException: No leader yet : printing ALL groups
  s0:  RUNNING  FOLLOWER s0@group-58108B3F713F:t0, leader=null, voted=, raftlog=Memoized:s0@group-58108B3F713F-SegmentedRaftLog:OPENED:c-1, conf=-1: peers:[s0|rpc:localhost:42217|admin:localhost:43381|client:localhost:35491|dataStream:localhost:33217|priority:0|startupRole:FOLLOWER, s1|rpc:localhost:35771|admin:localhost:42793|client:localhost:38371|dataStream:localhost:45469|priority:0|startupRole:FOLLOWER, s2|rpc:localhost:42023|admin:localhost:42871|client:localhost:40191|dataStream:localhost:39035|priority:0|startupRole:FOLLOWER]|listeners:[], old=null RUNNING
  s1:  RUNNING  FOLLOWER s1@group-58108B3F713F:t0, leader=null, voted=, raftlog=Memoized:s1@group-58108B3F713F-SegmentedRaftLog:OPENED:c-1, conf=-1: peers:[s0|rpc:localhost:42217|admin:localhost:43381|client:localhost:35491|dataStream:localhost:33217|priority:0|startupRole:FOLLOWER, s1|rpc:localhost:35771|admin:localhost:42793|client:localhost:38371|dataStream:localhost:45469|priority:0|startupRole:FOLLOWER, s2|rpc:localhost:42023|admin:localhost:42871|client:localhost:40191|dataStream:localhost:39035|priority:0|startupRole:FOLLOWER]|listeners:[], old=null RUNNING
  s2:  RUNNING  FOLLOWER s2@group-58108B3F713F:t0, leader=null, voted=, raftlog=Memoized:s2@group-58108B3F713F-SegmentedRaftLog:OPENED:c-1, conf=-1: peers:[s0|rpc:localhost:42217|admin:localhost:43381|client:localhost:35491|dataStream:localhost:33217|priority:0|startupRole:FOLLOWER, s1|rpc:localhost:35771|admin:localhost:42793|client:localhost:38371|dataStream:localhost:45469|priority:0|startupRole:FOLLOWER, s2|rpc:localhost:42023|admin:localhost:42871|client:localhost:40191|dataStream:localhost:39035|priority:0|startupRole:FOLLOWER]|listeners:[], old=null RUNNING
	at org.apache.ratis.server.impl.MiniRaftCluster.newIllegalStateExceptionForNoLeaders(MiniRaftCluster.java:577)
	at org.apache.ratis.RaftTestUtil.lambda$waitForLeader$1(RaftTestUtil.java:104)
	at org.apache.ratis.server.impl.MiniRaftCluster.getLeader(MiniRaftCluster.java:611)
	at org.apache.ratis.server.impl.MiniRaftCluster.getLeader(MiniRaftCluster.java:604)
	at org.apache.ratis.RaftTestUtil.lambda$waitForLeader$3(RaftTestUtil.java:112)
	at org.apache.ratis.util.JavaUtils.attempt(JavaUtils.java:166)
	at org.apache.ratis.util.JavaUtils.attemptRepeatedly(JavaUtils.java:152)
	at org.apache.ratis.RaftTestUtil.waitForLeader(RaftTestUtil.java:111)
	at org.apache.ratis.RaftTestUtil.waitForLeader(RaftTestUtil.java:92)
	at org.apache.ratis.RaftTestUtil.waitForLeader(RaftTestUtil.java:87)
	at org.apache.ratis.grpc.TestRaftServerWithGrpc.testRaftClientRequestMetrics(TestRaftServerWithGrpc.java:311)
	at org.apache.ratis.server.impl.MiniRaftCluster$Factory$Get.runWithNewCluster(MiniRaftCluster.java:138)
	at org.apache.ratis.server.impl.MiniRaftCluster$Factory$Get.runWithNewCluster(MiniRaftCluster.java:118)
	at org.apache.ratis.grpc.TestRaftServerWithGrpc.testRaftClientMetrics(TestRaftServerWithGrpc.java:216)
	at sun.reflect.NativeMethodAccessorImpl.invoke0(Native Method)
	at sun.reflect.NativeMethodAccessorImpl.invoke(NativeMethodAccessorImpl.java:62)
	at sun.reflect.DelegatingMethodAccessorImpl.invoke(DelegatingMethodAccessorImpl.java:43)
	at java.lang.reflect.Method.invoke(Method.java:498)
	at org.junit.runners.model.FrameworkMethod$1.runReflectiveCall(FrameworkMethod.java:59)
	at org.junit.internal.runners.model.ReflectiveCallable.run(ReflectiveCallable.java:12)
	at org.junit.runners.model.FrameworkMethod.invokeExplosively(FrameworkMethod.java:56)
	at org.junit.internal.runners.statements.InvokeMethod.evaluate(InvokeMethod.java:17)
	at org.junit.internal.runners.statements.RunBefores.evaluate(RunBefores.java:26)
	at org.junit.internal.runners.statements.RunAfters.evaluate(RunAfters.java:27)
	at org.junit.internal.runners.statements.FailOnTimeout$CallableStatement.call(FailOnTimeout.java:299)
	at org.junit.internal.runners.statements.FailOnTimeout$CallableStatement.call(FailOnTimeout.java:293)
	at java.util.concurrent.FutureTask.run(FutureTask.java:266)
	at java.lang.Thread.run(Thread.java:750)
2022-08-02 21:04:35,157 [s1@group-58108B3F713F-FollowerState] INFO  impl.FollowerState (FollowerState.java:run(143)) - s1@group-58108B3F713F-FollowerState: change to CANDIDATE, lastRpcElapsedTime:175990041ns, electionTimeout:173ms
2022-08-02 21:04:35,158 [s1@group-58108B3F713F-FollowerState] INFO  impl.RoleInfo (RoleInfo.java:shutdownFollowerState(110)) - s1: shutdown s1@group-58108B3F713F-FollowerState
2022-08-02 21:04:35,159 [s1@group-58108B3F713F-FollowerState] INFO  server.RaftServer$Division (RaftServerImpl.java:setRole(301)) - s1@group-58108B3F713F: changes role from  FOLLOWER to CANDIDATE at term 0 for changeToCandidate
2022-08-02 21:04:35,161 [s1@group-58108B3F713F-FollowerState] INFO  server.RaftServerConfigKeys (ConfUtils.java:logGet(46)) - raft.server.leaderelection.pre-vote = true (default)
2022-08-02 21:04:35,161 [s1@group-58108B3F713F-FollowerState] INFO  impl.RoleInfo (RoleInfo.java:updateAndGet(139)) - s1: start s1@group-58108B3F713F-LeaderElection1
2022-08-02 21:04:35,166 [s1@group-58108B3F713F-LeaderElection1] INFO  impl.LeaderElection (LeaderElection.java:askForVotes(310)) - s1@group-58108B3F713F-LeaderElection1 PRE_VOTE round 0: submit vote requests at term 0 for -1: peers:[s0|rpc:localhost:42217|admin:localhost:43381|client:localhost:35491|dataStream:localhost:33217|priority:0|startupRole:FOLLOWER, s1|rpc:localhost:35771|admin:localhost:42793|client:localhost:38371|dataStream:localhost:45469|priority:0|startupRole:FOLLOWER, s2|rpc:localhost:42023|admin:localhost:42871|client:localhost:40191|dataStream:localhost:39035|priority:0|startupRole:FOLLOWER]|listeners:[], old=null
2022-08-02 21:04:35,210 [s0@group-58108B3F713F-FollowerState] INFO  impl.FollowerState (FollowerState.java:run(143)) - s0@group-58108B3F713F-FollowerState: change to CANDIDATE, lastRpcElapsedTime:289922067ns, electionTimeout:257ms
2022-08-02 21:04:35,210 [s0@group-58108B3F713F-FollowerState] INFO  impl.RoleInfo (RoleInfo.java:shutdownFollowerState(110)) - s0: shutdown s0@group-58108B3F713F-FollowerState
2022-08-02 21:04:35,211 [s0@group-58108B3F713F-FollowerState] INFO  server.RaftServer$Division (RaftServerImpl.java:setRole(301)) - s0@group-58108B3F713F: changes role from  FOLLOWER to CANDIDATE at term 0 for changeToCandidate
2022-08-02 21:04:35,211 [s0@group-58108B3F713F-FollowerState] INFO  server.RaftServerConfigKeys (ConfUtils.java:logGet(46)) - raft.server.leaderelection.pre-vote = true (default)
2022-08-02 21:04:35,211 [s0@group-58108B3F713F-FollowerState] INFO  impl.RoleInfo (RoleInfo.java:updateAndGet(139)) - s0: start s0@group-58108B3F713F-LeaderElection2
2022-08-02 21:04:35,212 [s0@group-58108B3F713F-LeaderElection2] INFO  impl.LeaderElection (LeaderElection.java:askForVotes(310)) - s0@group-58108B3F713F-LeaderElection2 PRE_VOTE round 0: submit vote requests at term 0 for -1: peers:[s0|rpc:localhost:42217|admin:localhost:43381|client:localhost:35491|dataStream:localhost:33217|priority:0|startupRole:FOLLOWER, s1|rpc:localhost:35771|admin:localhost:42793|client:localhost:38371|dataStream:localhost:45469|priority:0|startupRole:FOLLOWER, s2|rpc:localhost:42023|admin:localhost:42871|client:localhost:40191|dataStream:localhost:39035|priority:0|startupRole:FOLLOWER]|listeners:[], old=null
2022-08-02 21:04:35,232 [s1@group-58108B3F713F-LeaderElection1-2] INFO  server.GrpcServerProtocolClient (GrpcServerProtocolClient.java:<init>(63)) - Build channel for s2
2022-08-02 21:04:35,234 [s0@group-58108B3F713F-LeaderElection2-1] INFO  server.GrpcServerProtocolClient (GrpcServerProtocolClient.java:<init>(63)) - Build channel for s1
2022-08-02 21:04:35,234 [s0@group-58108B3F713F-LeaderElection2-2] INFO  server.GrpcServerProtocolClient (GrpcServerProtocolClient.java:<init>(63)) - Build channel for s2
2022-08-02 21:04:35,234 [s1@group-58108B3F713F-LeaderElection1-1] INFO  server.GrpcServerProtocolClient (GrpcServerProtocolClient.java:<init>(63)) - Build channel for s0
2022-08-02 21:04:35,263 [s2@group-58108B3F713F-FollowerState] INFO  impl.FollowerState (FollowerState.java:run(143)) - s2@group-58108B3F713F-FollowerState: change to CANDIDATE, lastRpcElapsedTime:263495944ns, electionTimeout:263ms
2022-08-02 21:04:35,264 [s2@group-58108B3F713F-FollowerState] INFO  impl.RoleInfo (RoleInfo.java:shutdownFollowerState(110)) - s2: shutdown s2@group-58108B3F713F-FollowerState
2022-08-02 21:04:35,264 [s2@group-58108B3F713F-FollowerState] INFO  server.RaftServer$Division (RaftServerImpl.java:setRole(301)) - s2@group-58108B3F713F: changes role from  FOLLOWER to CANDIDATE at term 0 for changeToCandidate
2022-08-02 21:04:35,264 [s2@group-58108B3F713F-FollowerState] INFO  server.RaftServerConfigKeys (ConfUtils.java:logGet(46)) - raft.server.leaderelection.pre-vote = true (default)
2022-08-02 21:04:35,264 [s2@group-58108B3F713F-FollowerState] INFO  impl.RoleInfo (RoleInfo.java:updateAndGet(139)) - s2: start s2@group-58108B3F713F-LeaderElection3
2022-08-02 21:04:35,274 [s2@group-58108B3F713F-LeaderElection3] INFO  impl.LeaderElection (LeaderElection.java:askForVotes(310)) - s2@group-58108B3F713F-LeaderElection3 PRE_VOTE round 0: submit vote requests at term 0 for -1: peers:[s0|rpc:localhost:42217|admin:localhost:43381|client:localhost:35491|dataStream:localhost:33217|priority:0|startupRole:FOLLOWER, s1|rpc:localhost:35771|admin:localhost:42793|client:localhost:38371|dataStream:localhost:45469|priority:0|startupRole:FOLLOWER, s2|rpc:localhost:42023|admin:localhost:42871|client:localhost:40191|dataStream:localhost:39035|priority:0|startupRole:FOLLOWER]|listeners:[], old=null
2022-08-02 21:04:35,279 [s2@group-58108B3F713F-LeaderElection3-1] INFO  server.GrpcServerProtocolClient (GrpcServerProtocolClient.java:<init>(63)) - Build channel for s0
2022-08-02 21:04:35,281 [s2@group-58108B3F713F-LeaderElection3-2] INFO  server.GrpcServerProtocolClient (GrpcServerProtocolClient.java:<init>(63)) - Build channel for s1
2022-08-02 21:04:35,422 [s0@group-58108B3F713F-LeaderElection2] INFO  impl.LeaderElection (LeaderElection.java:logAndReturn(90)) - s0@group-58108B3F713F-LeaderElection2: PRE_VOTE TIMEOUT received 0 response(s) and 0 exception(s):
2022-08-02 21:04:35,422 [s0@group-58108B3F713F-LeaderElection2] INFO  impl.LeaderElection (LeaderElection.java:askForVotes(312)) - s0@group-58108B3F713F-LeaderElection2 PRE_VOTE round 0: result TIMEOUT
2022-08-02 21:04:35,422 [s0@group-58108B3F713F-LeaderElection2] INFO  impl.LeaderElection (LeaderElection.java:askForVotes(310)) - s0@group-58108B3F713F-LeaderElection2 PRE_VOTE round 1: submit vote requests at term 0 for -1: peers:[s0|rpc:localhost:42217|admin:localhost:43381|client:localhost:35491|dataStream:localhost:33217|priority:0|startupRole:FOLLOWER, s1|rpc:localhost:35771|admin:localhost:42793|client:localhost:38371|dataStream:localhost:45469|priority:0|startupRole:FOLLOWER, s2|rpc:localhost:42023|admin:localhost:42871|client:localhost:40191|dataStream:localhost:39035|priority:0|startupRole:FOLLOWER]|listeners:[], old=null
2022-08-02 21:04:35,471 [Time-limited test] WARN  ratis.RaftTestUtil (JavaUtils.java:attempt(172)) - FAILED "waitForLeader-null-(expectLeader? true)", attempt #2/100: java.lang.IllegalStateException: No leader yet : printing ALL groups
  s0:  RUNNING CANDIDATE s0@group-58108B3F713F:t0, leader=null, voted=, raftlog=Memoized:s0@group-58108B3F713F-SegmentedRaftLog:OPENED:c-1, conf=-1: peers:[s0|rpc:localhost:42217|admin:localhost:43381|client:localhost:35491|dataStream:localhost:33217|priority:0|startupRole:FOLLOWER, s1|rpc:localhost:35771|admin:localhost:42793|client:localhost:38371|dataStream:localhost:45469|priority:0|startupRole:FOLLOWER, s2|rpc:localhost:42023|admin:localhost:42871|client:localhost:40191|dataStream:localhost:39035|priority:0|startupRole:FOLLOWER]|listeners:[], old=null RUNNING
  s1:  RUNNING CANDIDATE s1@group-58108B3F713F:t0, leader=null, voted=, raftlog=Memoized:s1@group-58108B3F713F-SegmentedRaftLog:OPENED:c-1, conf=-1: peers:[s0|rpc:localhost:42217|admin:localhost:43381|client:localhost:35491|dataStream:localhost:33217|priority:0|startupRole:FOLLOWER, s1|rpc:localhost:35771|admin:localhost:42793|client:localhost:38371|dataStream:localhost:45469|priority:0|startupRole:FOLLOWER, s2|rpc:localhost:42023|admin:localhost:42871|client:localhost:40191|dataStream:localhost:39035|priority:0|startupRole:FOLLOWER]|listeners:[], old=null RUNNING
  s2:  RUNNING CANDIDATE s2@group-58108B3F713F:t0, leader=null, voted=, raftlog=Memoized:s2@group-58108B3F713F-SegmentedRaftLog:OPENED:c-1, conf=-1: peers:[s0|rpc:localhost:42217|admin:localhost:43381|client:localhost:35491|dataStream:localhost:33217|priority:0|startupRole:FOLLOWER, s1|rpc:localhost:35771|admin:localhost:42793|client:localhost:38371|dataStream:localhost:45469|priority:0|startupRole:FOLLOWER, s2|rpc:localhost:42023|admin:localhost:42871|client:localhost:40191|dataStream:localhost:39035|priority:0|startupRole:FOLLOWER]|listeners:[], old=null RUNNING, sleep 450ms and then retry.
java.lang.IllegalStateException: No leader yet : printing ALL groups
  s0:  RUNNING CANDIDATE s0@group-58108B3F713F:t0, leader=null, voted=, raftlog=Memoized:s0@group-58108B3F713F-SegmentedRaftLog:OPENED:c-1, conf=-1: peers:[s0|rpc:localhost:42217|admin:localhost:43381|client:localhost:35491|dataStream:localhost:33217|priority:0|startupRole:FOLLOWER, s1|rpc:localhost:35771|admin:localhost:42793|client:localhost:38371|dataStream:localhost:45469|priority:0|startupRole:FOLLOWER, s2|rpc:localhost:42023|admin:localhost:42871|client:localhost:40191|dataStream:localhost:39035|priority:0|startupRole:FOLLOWER]|listeners:[], old=null RUNNING
  s1:  RUNNING CANDIDATE s1@group-58108B3F713F:t0, leader=null, voted=, raftlog=Memoized:s1@group-58108B3F713F-SegmentedRaftLog:OPENED:c-1, conf=-1: peers:[s0|rpc:localhost:42217|admin:localhost:43381|client:localhost:35491|dataStream:localhost:33217|priority:0|startupRole:FOLLOWER, s1|rpc:localhost:35771|admin:localhost:42793|client:localhost:38371|dataStream:localhost:45469|priority:0|startupRole:FOLLOWER, s2|rpc:localhost:42023|admin:localhost:42871|client:localhost:40191|dataStream:localhost:39035|priority:0|startupRole:FOLLOWER]|listeners:[], old=null RUNNING
  s2:  RUNNING CANDIDATE s2@group-58108B3F713F:t0, leader=null, voted=, raftlog=Memoized:s2@group-58108B3F713F-SegmentedRaftLog:OPENED:c-1, conf=-1: peers:[s0|rpc:localhost:42217|admin:localhost:43381|client:localhost:35491|dataStream:localhost:33217|priority:0|startupRole:FOLLOWER, s1|rpc:localhost:35771|admin:localhost:42793|client:localhost:38371|dataStream:localhost:45469|priority:0|startupRole:FOLLOWER, s2|rpc:localhost:42023|admin:localhost:42871|client:localhost:40191|dataStream:localhost:39035|priority:0|startupRole:FOLLOWER]|listeners:[], old=null RUNNING
	at org.apache.ratis.server.impl.MiniRaftCluster.newIllegalStateExceptionForNoLeaders(MiniRaftCluster.java:577)
	at org.apache.ratis.RaftTestUtil.lambda$waitForLeader$1(RaftTestUtil.java:104)
	at org.apache.ratis.server.impl.MiniRaftCluster.getLeader(MiniRaftCluster.java:611)
	at org.apache.ratis.server.impl.MiniRaftCluster.getLeader(MiniRaftCluster.java:604)
	at org.apache.ratis.RaftTestUtil.lambda$waitForLeader$3(RaftTestUtil.java:112)
	at org.apache.ratis.util.JavaUtils.attempt(JavaUtils.java:166)
	at org.apache.ratis.util.JavaUtils.attemptRepeatedly(JavaUtils.java:152)
	at org.apache.ratis.RaftTestUtil.waitForLeader(RaftTestUtil.java:111)
	at org.apache.ratis.RaftTestUtil.waitForLeader(RaftTestUtil.java:92)
	at org.apache.ratis.RaftTestUtil.waitForLeader(RaftTestUtil.java:87)
	at org.apache.ratis.grpc.TestRaftServerWithGrpc.testRaftClientRequestMetrics(TestRaftServerWithGrpc.java:311)
	at org.apache.ratis.server.impl.MiniRaftCluster$Factory$Get.runWithNewCluster(MiniRaftCluster.java:138)
	at org.apache.ratis.server.impl.MiniRaftCluster$Factory$Get.runWithNewCluster(MiniRaftCluster.java:118)
	at org.apache.ratis.grpc.TestRaftServerWithGrpc.testRaftClientMetrics(TestRaftServerWithGrpc.java:216)
	at sun.reflect.NativeMethodAccessorImpl.invoke0(Native Method)
	at sun.reflect.NativeMethodAccessorImpl.invoke(NativeMethodAccessorImpl.java:62)
	at sun.reflect.DelegatingMethodAccessorImpl.invoke(DelegatingMethodAccessorImpl.java:43)
	at java.lang.reflect.Method.invoke(Method.java:498)
	at org.junit.runners.model.FrameworkMethod$1.runReflectiveCall(FrameworkMethod.java:59)
	at org.junit.internal.runners.model.ReflectiveCallable.run(ReflectiveCallable.java:12)
	at org.junit.runners.model.FrameworkMethod.invokeExplosively(FrameworkMethod.java:56)
	at org.junit.internal.runners.statements.InvokeMethod.evaluate(InvokeMethod.java:17)
	at org.junit.internal.runners.statements.RunBefores.evaluate(RunBefores.java:26)
	at org.junit.internal.runners.statements.RunAfters.evaluate(RunAfters.java:27)
	at org.junit.internal.runners.statements.FailOnTimeout$CallableStatement.call(FailOnTimeout.java:299)
	at org.junit.internal.runners.statements.FailOnTimeout$CallableStatement.call(FailOnTimeout.java:293)
	at java.util.concurrent.FutureTask.run(FutureTask.java:266)
	at java.lang.Thread.run(Thread.java:750)
2022-08-02 21:04:35,489 [s1@group-58108B3F713F-LeaderElection1] INFO  impl.LeaderElection (LeaderElection.java:logAndReturn(90)) - s1@group-58108B3F713F-LeaderElection1: PRE_VOTE TIMEOUT received 0 response(s) and 0 exception(s):
2022-08-02 21:04:35,489 [s1@group-58108B3F713F-LeaderElection1] INFO  impl.LeaderElection (LeaderElection.java:askForVotes(312)) - s1@group-58108B3F713F-LeaderElection1 PRE_VOTE round 0: result TIMEOUT
2022-08-02 21:04:35,489 [s1@group-58108B3F713F-LeaderElection1] INFO  impl.LeaderElection (LeaderElection.java:askForVotes(310)) - s1@group-58108B3F713F-LeaderElection1 PRE_VOTE round 1: submit vote requests at term 0 for -1: peers:[s0|rpc:localhost:42217|admin:localhost:43381|client:localhost:35491|dataStream:localhost:33217|priority:0|startupRole:FOLLOWER, s1|rpc:localhost:35771|admin:localhost:42793|client:localhost:38371|dataStream:localhost:45469|priority:0|startupRole:FOLLOWER, s2|rpc:localhost:42023|admin:localhost:42871|client:localhost:40191|dataStream:localhost:39035|priority:0|startupRole:FOLLOWER]|listeners:[], old=null
2022-08-02 21:04:35,522 [s2@group-58108B3F713F-LeaderElection3] INFO  impl.LeaderElection (LeaderElection.java:logAndReturn(90)) - s2@group-58108B3F713F-LeaderElection3: PRE_VOTE TIMEOUT received 0 response(s) and 0 exception(s):
2022-08-02 21:04:35,522 [s2@group-58108B3F713F-LeaderElection3] INFO  impl.LeaderElection (LeaderElection.java:askForVotes(312)) - s2@group-58108B3F713F-LeaderElection3 PRE_VOTE round 0: result TIMEOUT
2022-08-02 21:04:35,522 [s2@group-58108B3F713F-LeaderElection3] INFO  impl.LeaderElection (LeaderElection.java:askForVotes(310)) - s2@group-58108B3F713F-LeaderElection3 PRE_VOTE round 1: submit vote requests at term 0 for -1: peers:[s0|rpc:localhost:42217|admin:localhost:43381|client:localhost:35491|dataStream:localhost:33217|priority:0|startupRole:FOLLOWER, s1|rpc:localhost:35771|admin:localhost:42793|client:localhost:38371|dataStream:localhost:45469|priority:0|startupRole:FOLLOWER, s2|rpc:localhost:42023|admin:localhost:42871|client:localhost:40191|dataStream:localhost:39035|priority:0|startupRole:FOLLOWER]|listeners:[], old=null
2022-08-02 21:04:35,534 [grpc-default-executor-0] INFO  server.RaftServer$Division (RaftServerImpl.java:requestVote(1198)) - s1@group-58108B3F713F: receive requestVote(PRE_VOTE, s0, group-58108B3F713F, 0, (t:0, i:0))
2022-08-02 21:04:35,535 [grpc-default-executor-0] INFO  impl.VoteContext (VoteContext.java:log(48)) - s1@group-58108B3F713F-CANDIDATE: accept PRE_VOTE from s0: our priority 0 <= candidate's priority 0
2022-08-02 21:04:35,535 [grpc-default-executor-3] INFO  server.RaftServer$Division (RaftServerImpl.java:requestVote(1198)) - s1@group-58108B3F713F: receive requestVote(PRE_VOTE, s0, group-58108B3F713F, 0, (t:0, i:0))
2022-08-02 21:04:35,536 [grpc-default-executor-1] INFO  server.RaftServer$Division (RaftServerImpl.java:requestVote(1198)) - s0@group-58108B3F713F: receive requestVote(PRE_VOTE, s1, group-58108B3F713F, 0, (t:0, i:0))
2022-08-02 21:04:35,536 [grpc-default-executor-1] INFO  impl.VoteContext (VoteContext.java:log(48)) - s0@group-58108B3F713F-CANDIDATE: accept PRE_VOTE from s1: our priority 0 <= candidate's priority 0
2022-08-02 21:04:35,539 [grpc-default-executor-2] INFO  server.RaftServer$Division (RaftServerImpl.java:requestVote(1198)) - s2@group-58108B3F713F: receive requestVote(PRE_VOTE, s0, group-58108B3F713F, 0, (t:0, i:0))
2022-08-02 21:04:35,539 [grpc-default-executor-2] INFO  impl.VoteContext (VoteContext.java:log(48)) - s2@group-58108B3F713F-CANDIDATE: accept PRE_VOTE from s0: our priority 0 <= candidate's priority 0
2022-08-02 21:04:35,540 [grpc-default-executor-5] INFO  server.RaftServer$Division (RaftServerImpl.java:requestVote(1198)) - s0@group-58108B3F713F: receive requestVote(PRE_VOTE, s1, group-58108B3F713F, 0, (t:0, i:0))
2022-08-02 21:04:35,541 [grpc-default-executor-4] INFO  server.RaftServer$Division (RaftServerImpl.java:requestVote(1198)) - s1@group-58108B3F713F: receive requestVote(PRE_VOTE, s2, group-58108B3F713F, 0, (t:0, i:0))
2022-08-02 21:04:35,541 [grpc-default-executor-2] INFO  server.RaftServer$Division (RaftServerImpl.java:requestVote(1231)) - s2@group-58108B3F713F replies to PRE_VOTE vote request: s0<-s2#0:OK-t0. Peer's state: s2@group-58108B3F713F:t0, leader=null, voted=, raftlog=Memoized:s2@group-58108B3F713F-SegmentedRaftLog:OPENED:c-1, conf=-1: peers:[s0|rpc:localhost:42217|admin:localhost:43381|client:localhost:35491|dataStream:localhost:33217|priority:0|startupRole:FOLLOWER, s1|rpc:localhost:35771|admin:localhost:42793|client:localhost:38371|dataStream:localhost:45469|priority:0|startupRole:FOLLOWER, s2|rpc:localhost:42023|admin:localhost:42871|client:localhost:40191|dataStream:localhost:39035|priority:0|startupRole:FOLLOWER]|listeners:[], old=null
2022-08-02 21:04:35,541 [grpc-default-executor-0] INFO  server.RaftServer$Division (RaftServerImpl.java:requestVote(1231)) - s1@group-58108B3F713F replies to PRE_VOTE vote request: s0<-s1#0:OK-t0. Peer's state: s1@group-58108B3F713F:t0, leader=null, voted=, raftlog=Memoized:s1@group-58108B3F713F-SegmentedRaftLog:OPENED:c-1, conf=-1: peers:[s0|rpc:localhost:42217|admin:localhost:43381|client:localhost:35491|dataStream:localhost:33217|priority:0|startupRole:FOLLOWER, s1|rpc:localhost:35771|admin:localhost:42793|client:localhost:38371|dataStream:localhost:45469|priority:0|startupRole:FOLLOWER, s2|rpc:localhost:42023|admin:localhost:42871|client:localhost:40191|dataStream:localhost:39035|priority:0|startupRole:FOLLOWER]|listeners:[], old=null
2022-08-02 21:04:35,543 [grpc-default-executor-1] INFO  server.RaftServer$Division (RaftServerImpl.java:requestVote(1231)) - s0@group-58108B3F713F replies to PRE_VOTE vote request: s1<-s0#0:OK-t0. Peer's state: s0@group-58108B3F713F:t0, leader=null, voted=, raftlog=Memoized:s0@group-58108B3F713F-SegmentedRaftLog:OPENED:c-1, conf=-1: peers:[s0|rpc:localhost:42217|admin:localhost:43381|client:localhost:35491|dataStream:localhost:33217|priority:0|startupRole:FOLLOWER, s1|rpc:localhost:35771|admin:localhost:42793|client:localhost:38371|dataStream:localhost:45469|priority:0|startupRole:FOLLOWER, s2|rpc:localhost:42023|admin:localhost:42871|client:localhost:40191|dataStream:localhost:39035|priority:0|startupRole:FOLLOWER]|listeners:[], old=null
2022-08-02 21:04:35,545 [grpc-default-executor-5] INFO  impl.VoteContext (VoteContext.java:log(48)) - s0@group-58108B3F713F-CANDIDATE: accept PRE_VOTE from s1: our priority 0 <= candidate's priority 0
2022-08-02 21:04:35,545 [grpc-default-executor-5] INFO  server.RaftServer$Division (RaftServerImpl.java:requestVote(1231)) - s0@group-58108B3F713F replies to PRE_VOTE vote request: s1<-s0#0:OK-t0. Peer's state: s0@group-58108B3F713F:t0, leader=null, voted=, raftlog=Memoized:s0@group-58108B3F713F-SegmentedRaftLog:OPENED:c-1, conf=-1: peers:[s0|rpc:localhost:42217|admin:localhost:43381|client:localhost:35491|dataStream:localhost:33217|priority:0|startupRole:FOLLOWER, s1|rpc:localhost:35771|admin:localhost:42793|client:localhost:38371|dataStream:localhost:45469|priority:0|startupRole:FOLLOWER, s2|rpc:localhost:42023|admin:localhost:42871|client:localhost:40191|dataStream:localhost:39035|priority:0|startupRole:FOLLOWER]|listeners:[], old=null
2022-08-02 21:04:35,545 [grpc-default-executor-4] INFO  impl.VoteContext (VoteContext.java:log(48)) - s1@group-58108B3F713F-CANDIDATE: accept PRE_VOTE from s2: our priority 0 <= candidate's priority 0
2022-08-02 21:04:35,545 [grpc-default-executor-4] INFO  server.RaftServer$Division (RaftServerImpl.java:requestVote(1231)) - s1@group-58108B3F713F replies to PRE_VOTE vote request: s2<-s1#0:OK-t0. Peer's state: s1@group-58108B3F713F:t0, leader=null, voted=, raftlog=Memoized:s1@group-58108B3F713F-SegmentedRaftLog:OPENED:c-1, conf=-1: peers:[s0|rpc:localhost:42217|admin:localhost:43381|client:localhost:35491|dataStream:localhost:33217|priority:0|startupRole:FOLLOWER, s1|rpc:localhost:35771|admin:localhost:42793|client:localhost:38371|dataStream:localhost:45469|priority:0|startupRole:FOLLOWER, s2|rpc:localhost:42023|admin:localhost:42871|client:localhost:40191|dataStream:localhost:39035|priority:0|startupRole:FOLLOWER]|listeners:[], old=null
2022-08-02 21:04:35,547 [grpc-default-executor-3] INFO  impl.VoteContext (VoteContext.java:log(48)) - s1@group-58108B3F713F-CANDIDATE: accept PRE_VOTE from s0: our priority 0 <= candidate's priority 0
2022-08-02 21:04:35,547 [grpc-default-executor-3] INFO  server.RaftServer$Division (RaftServerImpl.java:requestVote(1231)) - s1@group-58108B3F713F replies to PRE_VOTE vote request: s0<-s1#0:OK-t0. Peer's state: s1@group-58108B3F713F:t0, leader=null, voted=, raftlog=Memoized:s1@group-58108B3F713F-SegmentedRaftLog:OPENED:c-1, conf=-1: peers:[s0|rpc:localhost:42217|admin:localhost:43381|client:localhost:35491|dataStream:localhost:33217|priority:0|startupRole:FOLLOWER, s1|rpc:localhost:35771|admin:localhost:42793|client:localhost:38371|dataStream:localhost:45469|priority:0|startupRole:FOLLOWER, s2|rpc:localhost:42023|admin:localhost:42871|client:localhost:40191|dataStream:localhost:39035|priority:0|startupRole:FOLLOWER]|listeners:[], old=null
2022-08-02 21:04:35,555 [grpc-default-executor-7] INFO  server.RaftServer$Division (RaftServerImpl.java:requestVote(1198)) - s0@group-58108B3F713F: receive requestVote(PRE_VOTE, s2, group-58108B3F713F, 0, (t:0, i:0))
2022-08-02 21:04:35,556 [grpc-default-executor-7] INFO  impl.VoteContext (VoteContext.java:log(48)) - s0@group-58108B3F713F-CANDIDATE: accept PRE_VOTE from s2: our priority 0 <= candidate's priority 0
2022-08-02 21:04:35,556 [grpc-default-executor-7] INFO  server.RaftServer$Division (RaftServerImpl.java:requestVote(1231)) - s0@group-58108B3F713F replies to PRE_VOTE vote request: s2<-s0#0:OK-t0. Peer's state: s0@group-58108B3F713F:t0, leader=null, voted=, raftlog=Memoized:s0@group-58108B3F713F-SegmentedRaftLog:OPENED:c-1, conf=-1: peers:[s0|rpc:localhost:42217|admin:localhost:43381|client:localhost:35491|dataStream:localhost:33217|priority:0|startupRole:FOLLOWER, s1|rpc:localhost:35771|admin:localhost:42793|client:localhost:38371|dataStream:localhost:45469|priority:0|startupRole:FOLLOWER, s2|rpc:localhost:42023|admin:localhost:42871|client:localhost:40191|dataStream:localhost:39035|priority:0|startupRole:FOLLOWER]|listeners:[], old=null
2022-08-02 21:04:35,557 [s0@group-58108B3F713F-LeaderElection2] INFO  impl.LeaderElection (LeaderElection.java:logAndReturn(90)) - s0@group-58108B3F713F-LeaderElection2: PRE_VOTE PASSED received 1 response(s) and 0 exception(s):
2022-08-02 21:04:35,557 [s0@group-58108B3F713F-LeaderElection2] INFO  impl.LeaderElection (LeaderElection.java:logAndReturn(94)) -   Response 0: s0<-s1#0:OK-t0
2022-08-02 21:04:35,557 [s0@group-58108B3F713F-LeaderElection2] INFO  impl.LeaderElection (LeaderElection.java:askForVotes(312)) - s0@group-58108B3F713F-LeaderElection2 PRE_VOTE round 1: result PASSED
2022-08-02 21:04:35,559 [s0@group-58108B3F713F-LeaderElection2] INFO  impl.LeaderElection (LeaderElection.java:askForVotes(310)) - s0@group-58108B3F713F-LeaderElection2 ELECTION round 0: submit vote requests at term 1 for -1: peers:[s0|rpc:localhost:42217|admin:localhost:43381|client:localhost:35491|dataStream:localhost:33217|priority:0|startupRole:FOLLOWER, s1|rpc:localhost:35771|admin:localhost:42793|client:localhost:38371|dataStream:localhost:45469|priority:0|startupRole:FOLLOWER, s2|rpc:localhost:42023|admin:localhost:42871|client:localhost:40191|dataStream:localhost:39035|priority:0|startupRole:FOLLOWER]|listeners:[], old=null
2022-08-02 21:04:35,561 [grpc-default-executor-6] INFO  server.RaftServer$Division (RaftServerImpl.java:requestVote(1198)) - s2@group-58108B3F713F: receive requestVote(PRE_VOTE, s0, group-58108B3F713F, 0, (t:0, i:0))
2022-08-02 21:04:35,561 [grpc-default-executor-6] INFO  impl.VoteContext (VoteContext.java:log(48)) - s2@group-58108B3F713F-CANDIDATE: accept PRE_VOTE from s0: our priority 0 <= candidate's priority 0
2022-08-02 21:04:35,561 [grpc-default-executor-6] INFO  server.RaftServer$Division (RaftServerImpl.java:requestVote(1231)) - s2@group-58108B3F713F replies to PRE_VOTE vote request: s0<-s2#0:OK-t0. Peer's state: s2@group-58108B3F713F:t0, leader=null, voted=, raftlog=Memoized:s2@group-58108B3F713F-SegmentedRaftLog:OPENED:c-1, conf=-1: peers:[s0|rpc:localhost:42217|admin:localhost:43381|client:localhost:35491|dataStream:localhost:33217|priority:0|startupRole:FOLLOWER, s1|rpc:localhost:35771|admin:localhost:42793|client:localhost:38371|dataStream:localhost:45469|priority:0|startupRole:FOLLOWER, s2|rpc:localhost:42023|admin:localhost:42871|client:localhost:40191|dataStream:localhost:39035|priority:0|startupRole:FOLLOWER]|listeners:[], old=null
2022-08-02 21:04:35,563 [grpc-default-executor-6] INFO  server.RaftServer$Division (RaftServerImpl.java:requestVote(1198)) - s0@group-58108B3F713F: receive requestVote(PRE_VOTE, s2, group-58108B3F713F, 0, (t:0, i:0))
2022-08-02 21:04:35,563 [grpc-default-executor-6] INFO  impl.VoteContext (VoteContext.java:log(48)) - s0@group-58108B3F713F-CANDIDATE: accept PRE_VOTE from s2: our priority 0 <= candidate's priority 0
2022-08-02 21:04:35,563 [grpc-default-executor-6] INFO  server.RaftServer$Division (RaftServerImpl.java:requestVote(1231)) - s0@group-58108B3F713F replies to PRE_VOTE vote request: s2<-s0#0:OK-t1. Peer's state: s0@group-58108B3F713F:t1, leader=null, voted=s0, raftlog=Memoized:s0@group-58108B3F713F-SegmentedRaftLog:OPENED:c-1, conf=-1: peers:[s0|rpc:localhost:42217|admin:localhost:43381|client:localhost:35491|dataStream:localhost:33217|priority:0|startupRole:FOLLOWER, s1|rpc:localhost:35771|admin:localhost:42793|client:localhost:38371|dataStream:localhost:45469|priority:0|startupRole:FOLLOWER, s2|rpc:localhost:42023|admin:localhost:42871|client:localhost:40191|dataStream:localhost:39035|priority:0|startupRole:FOLLOWER]|listeners:[], old=null
2022-08-02 21:04:35,569 [grpc-default-executor-7] INFO  server.RaftServer$Division (RaftServerImpl.java:requestVote(1198)) - s1@group-58108B3F713F: receive requestVote(PRE_VOTE, s2, group-58108B3F713F, 0, (t:0, i:0))
2022-08-02 21:04:35,569 [grpc-default-executor-7] INFO  impl.VoteContext (VoteContext.java:log(48)) - s1@group-58108B3F713F-CANDIDATE: accept PRE_VOTE from s2: our priority 0 <= candidate's priority 0
2022-08-02 21:04:35,569 [grpc-default-executor-7] INFO  server.RaftServer$Division (RaftServerImpl.java:requestVote(1231)) - s1@group-58108B3F713F replies to PRE_VOTE vote request: s2<-s1#0:OK-t0. Peer's state: s1@group-58108B3F713F:t0, leader=null, voted=, raftlog=Memoized:s1@group-58108B3F713F-SegmentedRaftLog:OPENED:c-1, conf=-1: peers:[s0|rpc:localhost:42217|admin:localhost:43381|client:localhost:35491|dataStream:localhost:33217|priority:0|startupRole:FOLLOWER, s1|rpc:localhost:35771|admin:localhost:42793|client:localhost:38371|dataStream:localhost:45469|priority:0|startupRole:FOLLOWER, s2|rpc:localhost:42023|admin:localhost:42871|client:localhost:40191|dataStream:localhost:39035|priority:0|startupRole:FOLLOWER]|listeners:[], old=null
2022-08-02 21:04:35,569 [grpc-default-executor-8] INFO  server.RaftServer$Division (RaftServerImpl.java:requestVote(1198)) - s2@group-58108B3F713F: receive requestVote(PRE_VOTE, s1, group-58108B3F713F, 0, (t:0, i:0))
2022-08-02 21:04:35,569 [grpc-default-executor-8] INFO  impl.VoteContext (VoteContext.java:log(48)) - s2@group-58108B3F713F-CANDIDATE: accept PRE_VOTE from s1: our priority 0 <= candidate's priority 0
2022-08-02 21:04:35,569 [grpc-default-executor-8] INFO  server.RaftServer$Division (RaftServerImpl.java:requestVote(1231)) - s2@group-58108B3F713F replies to PRE_VOTE vote request: s1<-s2#0:OK-t0. Peer's state: s2@group-58108B3F713F:t0, leader=null, voted=, raftlog=Memoized:s2@group-58108B3F713F-SegmentedRaftLog:OPENED:c-1, conf=-1: peers:[s0|rpc:localhost:42217|admin:localhost:43381|client:localhost:35491|dataStream:localhost:33217|priority:0|startupRole:FOLLOWER, s1|rpc:localhost:35771|admin:localhost:42793|client:localhost:38371|dataStream:localhost:45469|priority:0|startupRole:FOLLOWER, s2|rpc:localhost:42023|admin:localhost:42871|client:localhost:40191|dataStream:localhost:39035|priority:0|startupRole:FOLLOWER]|listeners:[], old=null
2022-08-02 21:04:35,571 [grpc-default-executor-9] INFO  server.RaftServer$Division (RaftServerImpl.java:requestVote(1198)) - s2@group-58108B3F713F: receive requestVote(PRE_VOTE, s1, group-58108B3F713F, 0, (t:0, i:0))
2022-08-02 21:04:35,572 [grpc-default-executor-9] INFO  impl.VoteContext (VoteContext.java:log(48)) - s2@group-58108B3F713F-CANDIDATE: accept PRE_VOTE from s1: our priority 0 <= candidate's priority 0
2022-08-02 21:04:35,572 [grpc-default-executor-9] INFO  server.RaftServer$Division (RaftServerImpl.java:requestVote(1231)) - s2@group-58108B3F713F replies to PRE_VOTE vote request: s1<-s2#0:OK-t0. Peer's state: s2@group-58108B3F713F:t0, leader=null, voted=, raftlog=Memoized:s2@group-58108B3F713F-SegmentedRaftLog:OPENED:c-1, conf=-1: peers:[s0|rpc:localhost:42217|admin:localhost:43381|client:localhost:35491|dataStream:localhost:33217|priority:0|startupRole:FOLLOWER, s1|rpc:localhost:35771|admin:localhost:42793|client:localhost:38371|dataStream:localhost:45469|priority:0|startupRole:FOLLOWER, s2|rpc:localhost:42023|admin:localhost:42871|client:localhost:40191|dataStream:localhost:39035|priority:0|startupRole:FOLLOWER]|listeners:[], old=null
2022-08-02 21:04:35,573 [s2@group-58108B3F713F-LeaderElection3] INFO  impl.LeaderElection (LeaderElection.java:logAndReturn(90)) - s2@group-58108B3F713F-LeaderElection3: PRE_VOTE DISCOVERED_A_NEW_TERM (term=1) received 1 response(s) and 0 exception(s):
2022-08-02 21:04:35,573 [s2@group-58108B3F713F-LeaderElection3] INFO  impl.LeaderElection (LeaderElection.java:logAndReturn(94)) -   Response 0: s2<-s0#0:OK-t1
2022-08-02 21:04:35,573 [s2@group-58108B3F713F-LeaderElection3] INFO  impl.LeaderElection (LeaderElection.java:askForVotes(312)) - s2@group-58108B3F713F-LeaderElection3 PRE_VOTE round 1: result DISCOVERED_A_NEW_TERM (term=1)
2022-08-02 21:04:35,574 [s2@group-58108B3F713F-LeaderElection3] INFO  server.RaftServer$Division (RaftServerImpl.java:setRole(301)) - s2@group-58108B3F713F: changes role from CANDIDATE to FOLLOWER at term 1 for DISCOVERED_A_NEW_TERM (term=1)
2022-08-02 21:04:35,574 [s2@group-58108B3F713F-LeaderElection3] INFO  impl.RoleInfo (RoleInfo.java:shutdownLeaderElection(130)) - s2: shutdown s2@group-58108B3F713F-LeaderElection3
2022-08-02 21:04:35,574 [s2@group-58108B3F713F-LeaderElection3] INFO  impl.RoleInfo (RoleInfo.java:updateAndGet(139)) - s2: start s2@group-58108B3F713F-FollowerState
2022-08-02 21:04:35,576 [s1@group-58108B3F713F-LeaderElection1] INFO  impl.LeaderElection (LeaderElection.java:logAndReturn(90)) - s1@group-58108B3F713F-LeaderElection1: PRE_VOTE PASSED received 1 response(s) and 0 exception(s):
2022-08-02 21:04:35,576 [s1@group-58108B3F713F-LeaderElection1] INFO  impl.LeaderElection (LeaderElection.java:logAndReturn(94)) -   Response 0: s1<-s0#0:OK-t0
2022-08-02 21:04:35,576 [s1@group-58108B3F713F-LeaderElection1] INFO  impl.LeaderElection (LeaderElection.java:askForVotes(312)) - s1@group-58108B3F713F-LeaderElection1 PRE_VOTE round 1: result PASSED
2022-08-02 21:04:35,579 [s1@group-58108B3F713F-LeaderElection1] INFO  impl.LeaderElection (LeaderElection.java:askForVotes(310)) - s1@group-58108B3F713F-LeaderElection1 ELECTION round 0: submit vote requests at term 1 for -1: peers:[s0|rpc:localhost:42217|admin:localhost:43381|client:localhost:35491|dataStream:localhost:33217|priority:0|startupRole:FOLLOWER, s1|rpc:localhost:35771|admin:localhost:42793|client:localhost:38371|dataStream:localhost:45469|priority:0|startupRole:FOLLOWER, s2|rpc:localhost:42023|admin:localhost:42871|client:localhost:40191|dataStream:localhost:39035|priority:0|startupRole:FOLLOWER]|listeners:[], old=null
2022-08-02 21:04:35,581 [grpc-default-executor-9] INFO  server.RaftServer$Division (RaftServerImpl.java:requestVote(1198)) - s2@group-58108B3F713F: receive requestVote(ELECTION, s0, group-58108B3F713F, 1, (t:0, i:0))
2022-08-02 21:04:35,581 [grpc-default-executor-9] INFO  impl.VoteContext (VoteContext.java:log(48)) - s2@group-58108B3F713F-FOLLOWER: accept ELECTION from s0: our priority 0 <= candidate's priority 0
2022-08-02 21:04:35,581 [grpc-default-executor-9] INFO  server.RaftServer$Division (RaftServerImpl.java:setRole(301)) - s2@group-58108B3F713F: changes role from  FOLLOWER to FOLLOWER at term 1 for candidate:s0
2022-08-02 21:04:35,581 [grpc-default-executor-9] INFO  impl.RoleInfo (RoleInfo.java:shutdownFollowerState(110)) - s2: shutdown s2@group-58108B3F713F-FollowerState
2022-08-02 21:04:35,581 [grpc-default-executor-6] INFO  server.RaftServer$Division (RaftServerImpl.java:requestVote(1198)) - s1@group-58108B3F713F: receive requestVote(ELECTION, s0, group-58108B3F713F, 1, (t:0, i:0))
2022-08-02 21:04:35,582 [grpc-default-executor-6] INFO  impl.VoteContext (VoteContext.java:log(48)) - s1@group-58108B3F713F-CANDIDATE: reject ELECTION from s0: already has voted for s1 at current term 1
2022-08-02 21:04:35,582 [grpc-default-executor-6] INFO  server.RaftServer$Division (RaftServerImpl.java:requestVote(1231)) - s1@group-58108B3F713F replies to ELECTION vote request: s0<-s1#0:FAIL-t1. Peer's state: s1@group-58108B3F713F:t1, leader=null, voted=s1, raftlog=Memoized:s1@group-58108B3F713F-SegmentedRaftLog:OPENED:c-1, conf=-1: peers:[s0|rpc:localhost:42217|admin:localhost:43381|client:localhost:35491|dataStream:localhost:33217|priority:0|startupRole:FOLLOWER, s1|rpc:localhost:35771|admin:localhost:42793|client:localhost:38371|dataStream:localhost:45469|priority:0|startupRole:FOLLOWER, s2|rpc:localhost:42023|admin:localhost:42871|client:localhost:40191|dataStream:localhost:39035|priority:0|startupRole:FOLLOWER]|listeners:[], old=null
2022-08-02 21:04:35,584 [grpc-default-executor-6] INFO  server.RaftServer$Division (RaftServerImpl.java:requestVote(1198)) - s0@group-58108B3F713F: receive requestVote(ELECTION, s1, group-58108B3F713F, 1, (t:0, i:0))
2022-08-02 21:04:35,584 [grpc-default-executor-6] INFO  impl.VoteContext (VoteContext.java:log(48)) - s0@group-58108B3F713F-CANDIDATE: reject ELECTION from s1: already has voted for s0 at current term 1
2022-08-02 21:04:35,584 [grpc-default-executor-6] INFO  server.RaftServer$Division (RaftServerImpl.java:requestVote(1231)) - s0@group-58108B3F713F replies to ELECTION vote request: s1<-s0#0:FAIL-t1. Peer's state: s0@group-58108B3F713F:t1, leader=null, voted=s0, raftlog=Memoized:s0@group-58108B3F713F-SegmentedRaftLog:OPENED:c-1, conf=-1: peers:[s0|rpc:localhost:42217|admin:localhost:43381|client:localhost:35491|dataStream:localhost:33217|priority:0|startupRole:FOLLOWER, s1|rpc:localhost:35771|admin:localhost:42793|client:localhost:38371|dataStream:localhost:45469|priority:0|startupRole:FOLLOWER, s2|rpc:localhost:42023|admin:localhost:42871|client:localhost:40191|dataStream:localhost:39035|priority:0|startupRole:FOLLOWER]|listeners:[], old=null
2022-08-02 21:04:35,585 [grpc-default-executor-9] INFO  impl.RoleInfo (RoleInfo.java:updateAndGet(139)) - s2: start s2@group-58108B3F713F-FollowerState
2022-08-02 21:04:35,585 [s2@group-58108B3F713F-FollowerState] INFO  impl.FollowerState (FollowerState.java:run(152)) - s2@group-58108B3F713F-FollowerState was interrupted
2022-08-02 21:04:35,590 [grpc-default-executor-9] INFO  server.RaftServer$Division (RaftServerImpl.java:requestVote(1231)) - s2@group-58108B3F713F replies to ELECTION vote request: s0<-s2#0:OK-t1. Peer's state: s2@group-58108B3F713F:t1, leader=null, voted=s0, raftlog=Memoized:s2@group-58108B3F713F-SegmentedRaftLog:OPENED:c-1, conf=-1: peers:[s0|rpc:localhost:42217|admin:localhost:43381|client:localhost:35491|dataStream:localhost:33217|priority:0|startupRole:FOLLOWER, s1|rpc:localhost:35771|admin:localhost:42793|client:localhost:38371|dataStream:localhost:45469|priority:0|startupRole:FOLLOWER, s2|rpc:localhost:42023|admin:localhost:42871|client:localhost:40191|dataStream:localhost:39035|priority:0|startupRole:FOLLOWER]|listeners:[], old=null
2022-08-02 21:04:35,593 [s0@group-58108B3F713F-LeaderElection2] INFO  impl.LeaderElection (LeaderElection.java:logAndReturn(90)) - s0@group-58108B3F713F-LeaderElection2: ELECTION PASSED received 2 response(s) and 0 exception(s):
2022-08-02 21:04:35,593 [s0@group-58108B3F713F-LeaderElection2] INFO  impl.LeaderElection (LeaderElection.java:logAndReturn(94)) -   Response 0: s0<-s1#0:FAIL-t1
2022-08-02 21:04:35,593 [s0@group-58108B3F713F-LeaderElection2] INFO  impl.LeaderElection (LeaderElection.java:logAndReturn(94)) -   Response 1: s0<-s2#0:OK-t1
2022-08-02 21:04:35,593 [s0@group-58108B3F713F-LeaderElection2] INFO  impl.LeaderElection (LeaderElection.java:askForVotes(312)) - s0@group-58108B3F713F-LeaderElection2 ELECTION round 0: result PASSED
2022-08-02 21:04:35,593 [s0@group-58108B3F713F-LeaderElection2] INFO  impl.RoleInfo (RoleInfo.java:shutdownLeaderElection(130)) - s0: shutdown s0@group-58108B3F713F-LeaderElection2
2022-08-02 21:04:35,594 [s0@group-58108B3F713F-LeaderElection2] INFO  server.RaftServer$Division (RaftServerImpl.java:setRole(301)) - s0@group-58108B3F713F: changes role from CANDIDATE to LEADER at term 1 for changeToLeader
2022-08-02 21:04:35,594 [s0@group-58108B3F713F-LeaderElection2] INFO  server.RaftServer$Division (ServerState.java:setLeader(313)) - s0@group-58108B3F713F: change Leader from null to s0 at term 1 for becomeLeader, leader elected after 828ms
2022-08-02 21:04:35,595 [grpc-default-executor-9] INFO  server.RaftServer$Division (RaftServerImpl.java:requestVote(1198)) - s2@group-58108B3F713F: receive requestVote(ELECTION, s1, group-58108B3F713F, 1, (t:0, i:0))
2022-08-02 21:04:35,596 [grpc-default-executor-9] INFO  impl.VoteContext (VoteContext.java:log(48)) - s2@group-58108B3F713F-FOLLOWER: reject ELECTION from s1: already has voted for s0 at current term 1
2022-08-02 21:04:35,596 [grpc-default-executor-9] INFO  server.RaftServer$Division (RaftServerImpl.java:requestVote(1231)) - s2@group-58108B3F713F replies to ELECTION vote request: s1<-s2#0:FAIL-t1. Peer's state: s2@group-58108B3F713F:t1, leader=null, voted=s0, raftlog=Memoized:s2@group-58108B3F713F-SegmentedRaftLog:OPENED:c-1, conf=-1: peers:[s0|rpc:localhost:42217|admin:localhost:43381|client:localhost:35491|dataStream:localhost:33217|priority:0|startupRole:FOLLOWER, s1|rpc:localhost:35771|admin:localhost:42793|client:localhost:38371|dataStream:localhost:45469|priority:0|startupRole:FOLLOWER, s2|rpc:localhost:42023|admin:localhost:42871|client:localhost:40191|dataStream:localhost:39035|priority:0|startupRole:FOLLOWER]|listeners:[], old=null
2022-08-02 21:04:35,598 [s0@group-58108B3F713F-LeaderElection2] INFO  server.RaftServerConfigKeys (ConfUtils.java:logGet(46)) - raft.server.staging.catchup.gap = 1000 (default)
2022-08-02 21:04:35,598 [s1@group-58108B3F713F-LeaderElection1] INFO  impl.LeaderElection (LeaderElection.java:logAndReturn(90)) - s1@group-58108B3F713F-LeaderElection1: ELECTION REJECTED received 2 response(s) and 0 exception(s):
2022-08-02 21:04:35,599 [s1@group-58108B3F713F-LeaderElection1] INFO  impl.LeaderElection (LeaderElection.java:logAndReturn(94)) -   Response 0: s1<-s0#0:FAIL-t1
2022-08-02 21:04:35,599 [s1@group-58108B3F713F-LeaderElection1] INFO  impl.LeaderElection (LeaderElection.java:logAndReturn(94)) -   Response 1: s1<-s2#0:FAIL-t1
2022-08-02 21:04:35,599 [s1@group-58108B3F713F-LeaderElection1] INFO  impl.LeaderElection (LeaderElection.java:askForVotes(312)) - s1@group-58108B3F713F-LeaderElection1 ELECTION round 0: result REJECTED
2022-08-02 21:04:35,599 [s1@group-58108B3F713F-LeaderElection1] INFO  server.RaftServer$Division (RaftServerImpl.java:setRole(301)) - s1@group-58108B3F713F: changes role from CANDIDATE to FOLLOWER at term 1 for REJECTED
2022-08-02 21:04:35,599 [s1@group-58108B3F713F-LeaderElection1] INFO  impl.RoleInfo (RoleInfo.java:shutdownLeaderElection(130)) - s1: shutdown s1@group-58108B3F713F-LeaderElection1
2022-08-02 21:04:35,599 [s1@group-58108B3F713F-LeaderElection1] INFO  impl.RoleInfo (RoleInfo.java:updateAndGet(139)) - s1: start s1@group-58108B3F713F-FollowerState
2022-08-02 21:04:35,603 [s0@group-58108B3F713F-LeaderElection2] INFO  server.RaftServerConfigKeys (ConfUtils.java:logGet(46)) - raft.server.write.element-limit = 4096 (default)
2022-08-02 21:04:35,603 [s0@group-58108B3F713F-LeaderElection2] INFO  server.RaftServerConfigKeys (ConfUtils.java:logGet(46)) - raft.server.write.byte-limit = 64MB (=67108864) (default)
2022-08-02 21:04:35,608 [s0@group-58108B3F713F-LeaderElection2] INFO  server.RaftServerConfigKeys (ConfUtils.java:logGet(46)) - raft.server.watch.timeout = 10s (default)
2022-08-02 21:04:35,609 [s0@group-58108B3F713F-LeaderElection2] INFO  server.RaftServerConfigKeys (ConfUtils.java:logGet(46)) - raft.server.watch.timeout.denomination = 1s (default)
2022-08-02 21:04:35,609 [s0@group-58108B3F713F-LeaderElection2] INFO  server.RaftServerConfigKeys (ConfUtils.java:logGet(46)) - raft.server.watch.element-limit = 65536 (default)
2022-08-02 21:04:35,614 [s0@group-58108B3F713F-LeaderElection2] INFO  server.RaftServerConfigKeys (ConfUtils.java:logGet(46)) - raft.server.write.element-limit = 4096 (default)
2022-08-02 21:04:35,616 [s0@group-58108B3F713F-LeaderElection2] INFO  server.RaftServerConfigKeys (ConfUtils.java:logGet(46)) - raft.server.write.follower.gap.ratio.max = -1.0 (default)
2022-08-02 21:04:35,624 [s0@group-58108B3F713F-LeaderElection2] INFO  server.RaftServerConfigKeys (ConfUtils.java:logGet(46)) - raft.server.log.appender.snapshot.chunk.size.max = 16MB (=16777216) (default)
2022-08-02 21:04:35,625 [s0@group-58108B3F713F-LeaderElection2] INFO  server.RaftServerConfigKeys (ConfUtils.java:logGet(46)) - raft.server.log.appender.buffer.byte-limit = 4MB (=4194304) (default)
2022-08-02 21:04:35,625 [s0@group-58108B3F713F-LeaderElection2] INFO  server.RaftServerConfigKeys (ConfUtils.java:logGet(46)) - raft.server.log.appender.buffer.element-limit = 0 (default)
2022-08-02 21:04:35,628 [s0@group-58108B3F713F-LeaderElection2] INFO  grpc.GrpcConfigKeys (ConfUtils.java:logGet(46)) - raft.grpc.server.leader.outstanding.appends.max = 128 (default)
2022-08-02 21:04:35,628 [s0@group-58108B3F713F-LeaderElection2] INFO  server.RaftServerConfigKeys (ConfUtils.java:logGet(46)) - raft.server.rpc.request.timeout = 3000ms (default)
2022-08-02 21:04:35,628 [s0@group-58108B3F713F-LeaderElection2] INFO  server.RaftServerConfigKeys (ConfUtils.java:logGet(46)) - raft.server.log.appender.install.snapshot.enabled = true (default)
2022-08-02 21:04:35,628 [s0@group-58108B3F713F-LeaderElection2] INFO  grpc.GrpcConfigKeys (ConfUtils.java:logGet(46)) - raft.grpc.server.heartbeat.channel = false (custom)
2022-08-02 21:04:35,630 [s0@group-58108B3F713F-LeaderElection2] INFO  server.RaftServerConfigKeys (ConfUtils.java:logGet(46)) - raft.server.log.appender.snapshot.chunk.size.max = 16MB (=16777216) (default)
2022-08-02 21:04:35,630 [s0@group-58108B3F713F-LeaderElection2] INFO  server.RaftServerConfigKeys (ConfUtils.java:logGet(46)) - raft.server.log.appender.buffer.byte-limit = 4MB (=4194304) (default)
2022-08-02 21:04:35,630 [s0@group-58108B3F713F-LeaderElection2] INFO  server.RaftServerConfigKeys (ConfUtils.java:logGet(46)) - raft.server.log.appender.buffer.element-limit = 0 (default)
2022-08-02 21:04:35,630 [s0@group-58108B3F713F-LeaderElection2] INFO  grpc.GrpcConfigKeys (ConfUtils.java:logGet(46)) - raft.grpc.server.leader.outstanding.appends.max = 128 (default)
2022-08-02 21:04:35,630 [s0@group-58108B3F713F-LeaderElection2] INFO  server.RaftServerConfigKeys (ConfUtils.java:logGet(46)) - raft.server.rpc.request.timeout = 3000ms (default)
2022-08-02 21:04:35,630 [s0@group-58108B3F713F-LeaderElection2] INFO  server.RaftServerConfigKeys (ConfUtils.java:logGet(46)) - raft.server.log.appender.install.snapshot.enabled = true (default)
2022-08-02 21:04:35,630 [s0@group-58108B3F713F-LeaderElection2] INFO  grpc.GrpcConfigKeys (ConfUtils.java:logGet(46)) - raft.grpc.server.heartbeat.channel = false (custom)
2022-08-02 21:04:35,632 [s0@group-58108B3F713F-LeaderElection2] INFO  impl.RoleInfo (RoleInfo.java:updateAndGet(139)) - s0: start s0@group-58108B3F713F-LeaderStateImpl
2022-08-02 21:04:35,647 [s0@group-58108B3F713F-LeaderElection2] INFO  segmented.SegmentedRaftLogWorker (SegmentedRaftLogWorker.java:startLogSegment(425)) - s0@group-58108B3F713F-SegmentedRaftLogWorker: Starting segment from index:0
2022-08-02 21:04:35,666 [s0@group-58108B3F713F-LeaderElection2] INFO  server.RaftServer$Division (ServerState.java:setRaftConf(429)) - s0@group-58108B3F713F: set configuration 0: peers:[s0|rpc:localhost:42217|admin:localhost:43381|client:localhost:35491|dataStream:localhost:33217|priority:0|startupRole:FOLLOWER, s1|rpc:localhost:35771|admin:localhost:42793|client:localhost:38371|dataStream:localhost:45469|priority:0|startupRole:FOLLOWER, s2|rpc:localhost:42023|admin:localhost:42871|client:localhost:40191|dataStream:localhost:39035|priority:0|startupRole:FOLLOWER]|listeners:[], old=null
2022-08-02 21:04:35,695 [s2-server-thread1] INFO  server.RaftServer$Division (ServerState.java:setLeader(313)) - s2@group-58108B3F713F: change Leader from null to s0 at term 1 for appendEntries, leader elected after 929ms
2022-08-02 21:04:35,696 [s1-server-thread1] INFO  server.RaftServer$Division (ServerState.java:setLeader(313)) - s1@group-58108B3F713F: change Leader from null to s0 at term 1 for appendEntries, leader elected after 931ms
2022-08-02 21:04:35,713 [s1-server-thread1] INFO  server.RaftServer$Division (ServerState.java:setRaftConf(429)) - s1@group-58108B3F713F: set configuration 0: peers:[s0|rpc:localhost:42217|admin:localhost:43381|client:localhost:35491|dataStream:localhost:33217|priority:0|startupRole:FOLLOWER, s1|rpc:localhost:35771|admin:localhost:42793|client:localhost:38371|dataStream:localhost:45469|priority:0|startupRole:FOLLOWER, s2|rpc:localhost:42023|admin:localhost:42871|client:localhost:40191|dataStream:localhost:39035|priority:0|startupRole:FOLLOWER]|listeners:[], old=null
2022-08-02 21:04:35,714 [s1-server-thread1] INFO  segmented.SegmentedRaftLogWorker (SegmentedRaftLogWorker.java:startLogSegment(425)) - s1@group-58108B3F713F-SegmentedRaftLogWorker: Starting segment from index:0
2022-08-02 21:04:35,715 [s2-server-thread1] INFO  server.RaftServer$Division (ServerState.java:setRaftConf(429)) - s2@group-58108B3F713F: set configuration 0: peers:[s0|rpc:localhost:42217|admin:localhost:43381|client:localhost:35491|dataStream:localhost:33217|priority:0|startupRole:FOLLOWER, s1|rpc:localhost:35771|admin:localhost:42793|client:localhost:38371|dataStream:localhost:45469|priority:0|startupRole:FOLLOWER, s2|rpc:localhost:42023|admin:localhost:42871|client:localhost:40191|dataStream:localhost:39035|priority:0|startupRole:FOLLOWER]|listeners:[], old=null
2022-08-02 21:04:35,716 [s2-server-thread1] INFO  segmented.SegmentedRaftLogWorker (SegmentedRaftLogWorker.java:startLogSegment(425)) - s2@group-58108B3F713F-SegmentedRaftLogWorker: Starting segment from index:0
2022-08-02 21:04:35,775 [s2@group-58108B3F713F-SegmentedRaftLogWorker] INFO  segmented.SegmentedRaftLogWorker (SegmentedRaftLogWorker.java:execute(629)) - s2@group-58108B3F713F-SegmentedRaftLogWorker: created new log segment /home/runner/work/ratis/ratis/ratis-test/target/test/data/1e2fa4a7/MiniRaftClusterWithGrpc3344572e/s2/a6dce66a-5b55-4c78-981e-58108b3f713f/current/log_inprogress_0
2022-08-02 21:04:35,775 [s0@group-58108B3F713F-SegmentedRaftLogWorker] INFO  segmented.SegmentedRaftLogWorker (SegmentedRaftLogWorker.java:execute(629)) - s0@group-58108B3F713F-SegmentedRaftLogWorker: created new log segment /home/runner/work/ratis/ratis/ratis-test/target/test/data/1e2fa4a7/MiniRaftClusterWithGrpc3344572e/s0/a6dce66a-5b55-4c78-981e-58108b3f713f/current/log_inprogress_0
2022-08-02 21:04:35,775 [s1@group-58108B3F713F-SegmentedRaftLogWorker] INFO  segmented.SegmentedRaftLogWorker (SegmentedRaftLogWorker.java:execute(629)) - s1@group-58108B3F713F-SegmentedRaftLogWorker: created new log segment /home/runner/work/ratis/ratis/ratis-test/target/test/data/1e2fa4a7/MiniRaftClusterWithGrpc3344572e/s1/a6dce66a-5b55-4c78-981e-58108b3f713f/current/log_inprogress_0
2022-08-02 21:04:35,923 [Time-limited test] INFO  ratis.RaftTestUtil (RaftTestUtil.java:waitForLeader(119)) - printing ALL groups
  s0:  RUNNING    LEADER s0@group-58108B3F713F:t1, leader=s0, voted=s0, raftlog=Memoized:s0@group-58108B3F713F-SegmentedRaftLog:OPENED:c0, conf=0: peers:[s0|rpc:localhost:42217|admin:localhost:43381|client:localhost:35491|dataStream:localhost:33217|priority:0|startupRole:FOLLOWER, s1|rpc:localhost:35771|admin:localhost:42793|client:localhost:38371|dataStream:localhost:45469|priority:0|startupRole:FOLLOWER, s2|rpc:localhost:42023|admin:localhost:42871|client:localhost:40191|dataStream:localhost:39035|priority:0|startupRole:FOLLOWER]|listeners:[], old=null RUNNING
  s1:  RUNNING  FOLLOWER s1@group-58108B3F713F:t1, leader=s0, voted=s1, raftlog=Memoized:s1@group-58108B3F713F-SegmentedRaftLog:OPENED:c0, conf=0: peers:[s0|rpc:localhost:42217|admin:localhost:43381|client:localhost:35491|dataStream:localhost:33217|priority:0|startupRole:FOLLOWER, s1|rpc:localhost:35771|admin:localhost:42793|client:localhost:38371|dataStream:localhost:45469|priority:0|startupRole:FOLLOWER, s2|rpc:localhost:42023|admin:localhost:42871|client:localhost:40191|dataStream:localhost:39035|priority:0|startupRole:FOLLOWER]|listeners:[], old=null RUNNING
  s2:  RUNNING  FOLLOWER s2@group-58108B3F713F:t1, leader=s0, voted=s0, raftlog=Memoized:s2@group-58108B3F713F-SegmentedRaftLog:OPENED:c0, conf=0: peers:[s0|rpc:localhost:42217|admin:localhost:43381|client:localhost:35491|dataStream:localhost:33217|priority:0|startupRole:FOLLOWER, s1|rpc:localhost:35771|admin:localhost:42793|client:localhost:38371|dataStream:localhost:45469|priority:0|startupRole:FOLLOWER, s2|rpc:localhost:42023|admin:localhost:42871|client:localhost:40191|dataStream:localhost:39035|priority:0|startupRole:FOLLOWER]|listeners:[], old=null RUNNING
2022-08-02 21:04:35,956 [Time-limited test] DEBUG client.GrpcClientProtocolClient (ConfUtils.java:logGet(46)) - raft.grpc.flow.control.window = 1MB (=1048576) (default)
2022-08-02 21:04:35,957 [Time-limited test] DEBUG client.GrpcClientProtocolClient (ConfUtils.java:logGet(46)) - raft.grpc.message.size.max = 64MB (=67108864) (default)
2022-08-02 21:04:36,006 [grpc-default-executor-6] TRACE client.GrpcClientProtocolClient (GrpcClientProtocolClient.java:onNext(322)) - client-B7E2841D69F1->s0: receive RaftClientReply:client-B7E2841D69F1->s0@group-58108B3F713F, cid=0, SUCCESS, logIndex=0, commits[s0:c0, s1:c0, s2:c0]
2022-08-02 21:04:36,048 [s0@group-58108B3F713F-StateMachineUpdater] INFO  statemachine.SimpleStateMachine4Testing (SimpleStateMachine4Testing.java:put(204)) - s0: put 1, testing -> (t:1, i:1), STATEMACHINELOGENTRY, 1@client-B7E2841D69F1
2022-08-02 21:04:36,056 [grpc-default-executor-6] TRACE client.GrpcClientProtocolClient (GrpcClientProtocolClient.java:onNext(322)) - client-B7E2841D69F1->s0: receive RaftClientReply:client-B7E2841D69F1->s0@group-58108B3F713F, cid=1, SUCCESS, logIndex=1, commits[s0:c1, s1:c0, s2:c0]
2022-08-02 21:04:36,058 [s1@group-58108B3F713F-StateMachineUpdater] INFO  statemachine.SimpleStateMachine4Testing (SimpleStateMachine4Testing.java:put(204)) - s1: put 1, testing -> (t:1, i:1), STATEMACHINELOGENTRY, 1@client-B7E2841D69F1
2022-08-02 21:04:36,070 [Time-limited test] INFO  impl.MiniRaftCluster (MiniRaftCluster.java:shutdown(827)) - ************************************************************** 
2022-08-02 21:04:36,070 [Time-limited test] INFO  impl.MiniRaftCluster (MiniRaftCluster.java:shutdown(828)) - *** 
2022-08-02 21:04:36,070 [Time-limited test] INFO  impl.MiniRaftCluster (MiniRaftCluster.java:shutdown(829)) - ***     Stopping MiniRaftClusterWithGrpc
2022-08-02 21:04:36,070 [Time-limited test] INFO  impl.MiniRaftCluster (MiniRaftCluster.java:shutdown(830)) - *** 
2022-08-02 21:04:36,070 [Time-limited test] INFO  impl.MiniRaftCluster (MiniRaftCluster.java:shutdown(831)) - ************************************************************** 
2022-08-02 21:04:36,071 [Time-limited test] INFO  impl.MiniRaftCluster (MiniRaftCluster.java:shutdown(832)) - printing ALL groups
  s0:  RUNNING    LEADER s0@group-58108B3F713F:t1, leader=s0, voted=s0, raftlog=Memoized:s0@group-58108B3F713F-SegmentedRaftLog:OPENED:c2, conf=0: peers:[s0|rpc:localhost:42217|admin:localhost:43381|client:localhost:35491|dataStream:localhost:33217|priority:0|startupRole:FOLLOWER, s1|rpc:localhost:35771|admin:localhost:42793|client:localhost:38371|dataStream:localhost:45469|priority:0|startupRole:FOLLOWER, s2|rpc:localhost:42023|admin:localhost:42871|client:localhost:40191|dataStream:localhost:39035|priority:0|startupRole:FOLLOWER]|listeners:[], old=null RUNNING
  s1:  RUNNING  FOLLOWER s1@group-58108B3F713F:t1, leader=s0, voted=s1, raftlog=Memoized:s1@group-58108B3F713F-SegmentedRaftLog:OPENED:c1, conf=0: peers:[s0|rpc:localhost:42217|admin:localhost:43381|client:localhost:35491|dataStream:localhost:33217|priority:0|startupRole:FOLLOWER, s1|rpc:localhost:35771|admin:localhost:42793|client:localhost:38371|dataStream:localhost:45469|priority:0|startupRole:FOLLOWER, s2|rpc:localhost:42023|admin:localhost:42871|client:localhost:40191|dataStream:localhost:39035|priority:0|startupRole:FOLLOWER]|listeners:[], old=null RUNNING
  s2:  RUNNING  FOLLOWER s2@group-58108B3F713F:t1, leader=s0, voted=s0, raftlog=Memoized:s2@group-58108B3F713F-SegmentedRaftLog:OPENED:c0, conf=0: peers:[s0|rpc:localhost:42217|admin:localhost:43381|client:localhost:35491|dataStream:localhost:33217|priority:0|startupRole:FOLLOWER, s1|rpc:localhost:35771|admin:localhost:42793|client:localhost:38371|dataStream:localhost:45469|priority:0|startupRole:FOLLOWER, s2|rpc:localhost:42023|admin:localhost:42871|client:localhost:40191|dataStream:localhost:39035|priority:0|startupRole:FOLLOWER]|listeners:[], old=null RUNNING
2022-08-02 21:04:36,080 [s2@group-58108B3F713F-StateMachineUpdater] INFO  statemachine.SimpleStateMachine4Testing (SimpleStateMachine4Testing.java:put(204)) - s2: put 1, testing -> (t:1, i:1), STATEMACHINELOGENTRY, 1@client-B7E2841D69F1
2022-08-02 21:04:36,084 [java.util.concurrent.ThreadPoolExecutor$Worker@24cb3893[State = -1, empty queue]] INFO  server.RaftServer (RaftServerProxy.java:lambda$close$6(401)) - s0: close
2022-08-02 21:04:36,084 [java.util.concurrent.ThreadPoolExecutor$Worker@24cb3893[State = -1, empty queue]] INFO  server.RaftServer$Division (RaftServerImpl.java:lambda$close$4(438)) - s0@group-58108B3F713F: shutdown
2022-08-02 21:04:36,085 [java.util.concurrent.ThreadPoolExecutor$Worker@24cb3893[State = -1, empty queue]] INFO  util.JmxRegister (JmxRegister.java:unregister(73)) - Successfully un-registered JMX Bean with object name Ratis:service=RaftServer,group=group-58108B3F713F,id=s0
2022-08-02 21:04:36,085 [java.util.concurrent.ThreadPoolExecutor$Worker@24cb3893[State = -1, empty queue]] INFO  impl.RoleInfo (RoleInfo.java:shutdownLeaderState(93)) - s0: shutdown s0@group-58108B3F713F-LeaderStateImpl
2022-08-02 21:04:36,085 [java.util.concurrent.ThreadPoolExecutor$Worker@3ab7bd52[State = -1, empty queue]] INFO  server.RaftServer (RaftServerProxy.java:lambda$close$6(401)) - s1: close
2022-08-02 21:04:36,085 [java.util.concurrent.ThreadPoolExecutor$Worker@3ab7bd52[State = -1, empty queue]] INFO  server.RaftServer$Division (RaftServerImpl.java:lambda$close$4(438)) - s1@group-58108B3F713F: shutdown
2022-08-02 21:04:36,085 [java.util.concurrent.ThreadPoolExecutor$Worker@24cb3893[State = -1, empty queue]] INFO  impl.PendingRequests (PendingRequests.java:sendNotLeaderResponses(282)) - s0@group-58108B3F713F-PendingRequests: sendNotLeaderResponses
2022-08-02 21:04:36,086 [s0@group-58108B3F713F->s1-GrpcLogAppender-LogAppenderDaemon] WARN  server.GrpcLogAppender (GrpcLogAppender.java:mayWait(183)) - s0@group-58108B3F713F->s1-GrpcLogAppender: Wait interrupted by java.lang.InterruptedException
2022-08-02 21:04:36,086 [s0@group-58108B3F713F->s2-GrpcLogAppender-LogAppenderDaemon] WARN  server.GrpcLogAppender (GrpcLogAppender.java:mayWait(183)) - s0@group-58108B3F713F->s2-GrpcLogAppender: Wait interrupted by java.lang.InterruptedException
2022-08-02 21:04:36,086 [java.util.concurrent.ThreadPoolExecutor$Worker@3ab7bd52[State = -1, empty queue]] INFO  util.JmxRegister (JmxRegister.java:unregister(73)) - Successfully un-registered JMX Bean with object name Ratis:service=RaftServer,group=group-58108B3F713F,id=s1
2022-08-02 21:04:36,088 [java.util.concurrent.ThreadPoolExecutor$Worker@3ab7bd52[State = -1, empty queue]] INFO  impl.RoleInfo (RoleInfo.java:shutdownFollowerState(110)) - s1: shutdown s1@group-58108B3F713F-FollowerState
2022-08-02 21:04:36,088 [java.util.concurrent.ThreadPoolExecutor$Worker@24cb3893[State = -1, empty queue]] INFO  impl.StateMachineUpdater (StateMachineUpdater.java:stopAndJoin(153)) - s0@group-58108B3F713F-StateMachineUpdater: set stopIndex = 2
2022-08-02 21:04:36,088 [java.util.concurrent.ThreadPoolExecutor$Worker@24cb3893[State = -1, empty queue]] INFO  server.RaftServer$Division (ServerState.java:close(465)) - s0@group-58108B3F713F: closes. applyIndex: 2
2022-08-02 21:04:36,089 [java.util.concurrent.ThreadPoolExecutor$Worker@3ab7bd52[State = -1, empty queue]] INFO  impl.StateMachineUpdater (StateMachineUpdater.java:stopAndJoin(153)) - s1@group-58108B3F713F-StateMachineUpdater: set stopIndex = 1
2022-08-02 21:04:36,089 [s0@group-58108B3F713F-SegmentedRaftLogWorker] INFO  segmented.SegmentedRaftLogWorker (SegmentedRaftLogWorker.java:run(336)) - s0@group-58108B3F713F-SegmentedRaftLogWorker was interrupted, exiting. There are 0 tasks remaining in the queue.
2022-08-02 21:04:36,090 [java.util.concurrent.ThreadPoolExecutor$Worker@3ab7bd52[State = -1, empty queue]] INFO  server.RaftServer$Division (ServerState.java:close(465)) - s1@group-58108B3F713F: closes. applyIndex: 1
2022-08-02 21:04:36,086 [java.util.concurrent.ThreadPoolExecutor$Worker@36e25bcd[State = -1, empty queue]] INFO  server.RaftServer (RaftServerProxy.java:lambda$close$6(401)) - s2: close
2022-08-02 21:04:36,091 [java.util.concurrent.ThreadPoolExecutor$Worker@36e25bcd[State = -1, empty queue]] INFO  server.RaftServer$Division (RaftServerImpl.java:lambda$close$4(438)) - s2@group-58108B3F713F: shutdown
2022-08-02 21:04:36,091 [java.util.concurrent.ThreadPoolExecutor$Worker@24cb3893[State = -1, empty queue]] INFO  segmented.SegmentedRaftLogWorker (SegmentedRaftLogWorker.java:close(246)) - s0@group-58108B3F713F-SegmentedRaftLogWorker close()
2022-08-02 21:04:36,088 [s1@group-58108B3F713F-FollowerState] INFO  impl.FollowerState (FollowerState.java:run(152)) - s1@group-58108B3F713F-FollowerState was interrupted
2022-08-02 21:04:36,088 [grpc-default-executor-6] INFO  server.GrpcServerProtocolService (GrpcServerProtocolService.java:onCompleted(145)) - s2: Completed APPEND_ENTRIES, lastRequest: s0->s2#13-t1,previous=(t:1, i:1),leaderCommit=1,initializing? true,entries: size=1, first=(t:1, i:2), METADATAENTRY(c:1)
2022-08-02 21:04:36,088 [grpc-default-executor-8] INFO  server.GrpcServerProtocolService (GrpcServerProtocolService.java:onCompleted(145)) - s1: Completed APPEND_ENTRIES, lastRequest: s0->s1#15-t1,previous=(t:1, i:1),leaderCommit=1,initializing? true,entries: size=1, first=(t:1, i:2), METADATAENTRY(c:1)
2022-08-02 21:04:36,093 [java.util.concurrent.ThreadPoolExecutor$Worker@24cb3893[State = -1, empty queue]] INFO  server.GrpcService (GrpcService.java:closeImpl(271)) - s0: shutdown server org.apache.ratis.grpc.server.GrpcClientProtocolService now
2022-08-02 21:04:36,093 [grpc-default-executor-7] INFO  server.GrpcLogAppender (GrpcLogAppender.java:onCompleted(386)) - s0@group-58108B3F713F->s1-AppendLogResponseHandler: follower responses appendEntries COMPLETED
2022-08-02 21:04:36,091 [java.util.concurrent.ThreadPoolExecutor$Worker@36e25bcd[State = -1, empty queue]] INFO  util.JmxRegister (JmxRegister.java:unregister(73)) - Successfully un-registered JMX Bean with object name Ratis:service=RaftServer,group=group-58108B3F713F,id=s2
2022-08-02 21:04:36,091 [s1@group-58108B3F713F-SegmentedRaftLogWorker] INFO  segmented.SegmentedRaftLogWorker (SegmentedRaftLogWorker.java:run(336)) - s1@group-58108B3F713F-SegmentedRaftLogWorker was interrupted, exiting. There are 0 tasks remaining in the queue.
2022-08-02 21:04:36,093 [grpc-default-executor-9] INFO  server.GrpcLogAppender (GrpcLogAppender.java:onCompleted(386)) - s0@group-58108B3F713F->s2-AppendLogResponseHandler: follower responses appendEntries COMPLETED
2022-08-02 21:04:36,095 [grpc-default-executor-7] INFO  leader.FollowerInfo (FollowerInfoImpl.java:lambda$new$0(48)) - s0@group-58108B3F713F->s1: nextIndex: updateUnconditionally 3 -> 2
2022-08-02 21:04:36,095 [java.util.concurrent.ThreadPoolExecutor$Worker@36e25bcd[State = -1, empty queue]] INFO  impl.RoleInfo (RoleInfo.java:shutdownFollowerState(110)) - s2: shutdown s2@group-58108B3F713F-FollowerState
2022-08-02 21:04:36,095 [grpc-default-executor-9] INFO  leader.FollowerInfo (FollowerInfoImpl.java:lambda$new$0(48)) - s0@group-58108B3F713F->s2: nextIndex: updateUnconditionally 3 -> 2
2022-08-02 21:04:36,095 [java.util.concurrent.ThreadPoolExecutor$Worker@36e25bcd[State = -1, empty queue]] INFO  impl.StateMachineUpdater (StateMachineUpdater.java:stopAndJoin(153)) - s2@group-58108B3F713F-StateMachineUpdater: set stopIndex = 1
2022-08-02 21:04:36,095 [s2@group-58108B3F713F-FollowerState] INFO  impl.FollowerState (FollowerState.java:run(152)) - s2@group-58108B3F713F-FollowerState was interrupted
2022-08-02 21:04:36,096 [java.util.concurrent.ThreadPoolExecutor$Worker@36e25bcd[State = -1, empty queue]] INFO  server.RaftServer$Division (ServerState.java:close(465)) - s2@group-58108B3F713F: closes. applyIndex: 1
2022-08-02 21:04:36,096 [s2@group-58108B3F713F-SegmentedRaftLogWorker] INFO  segmented.SegmentedRaftLogWorker (SegmentedRaftLogWorker.java:run(336)) - s2@group-58108B3F713F-SegmentedRaftLogWorker was interrupted, exiting. There are 0 tasks remaining in the queue.
2022-08-02 21:04:36,096 [java.util.concurrent.ThreadPoolExecutor$Worker@3ab7bd52[State = -1, empty queue]] INFO  segmented.SegmentedRaftLogWorker (SegmentedRaftLogWorker.java:close(246)) - s1@group-58108B3F713F-SegmentedRaftLogWorker close()
2022-08-02 21:04:36,097 [java.util.concurrent.ThreadPoolExecutor$Worker@36e25bcd[State = -1, empty queue]] INFO  segmented.SegmentedRaftLogWorker (SegmentedRaftLogWorker.java:close(246)) - s2@group-58108B3F713F-SegmentedRaftLogWorker close()
2022-08-02 21:04:36,097 [java.util.concurrent.ThreadPoolExecutor$Worker@3ab7bd52[State = -1, empty queue]] INFO  server.GrpcService (GrpcService.java:closeImpl(271)) - s1: shutdown server org.apache.ratis.grpc.server.GrpcClientProtocolService now
2022-08-02 21:04:36,098 [java.util.concurrent.ThreadPoolExecutor$Worker@36e25bcd[State = -1, empty queue]] INFO  server.GrpcService (GrpcService.java:closeImpl(271)) - s2: shutdown server org.apache.ratis.grpc.server.GrpcClientProtocolService now
2022-08-02 21:04:36,100 [ForkJoinPool.commonPool-worker-1] INFO  server.GrpcServerProtocolClient (GrpcServerProtocolClient.java:close(110)) - s1 Close channels
2022-08-02 21:04:36,101 [java.util.concurrent.ThreadPoolExecutor$Worker@3ab7bd52[State = -1, empty queue]] INFO  server.GrpcServerProtocolClient (GrpcServerProtocolClient.java:close(110)) - s0 Close channels
2022-08-02 21:04:36,103 [java.util.concurrent.ThreadPoolExecutor$Worker@36e25bcd[State = -1, empty queue]] INFO  server.GrpcServerProtocolClient (GrpcServerProtocolClient.java:close(110)) - s0 Close channels
2022-08-02 21:04:36,101 [ForkJoinPool.commonPool-worker-1] INFO  server.GrpcServerProtocolClient (GrpcServerProtocolClient.java:close(110)) - s2 Close channels
2022-08-02 21:04:36,105 [java.util.concurrent.ThreadPoolExecutor$Worker@24cb3893[State = -1, empty queue]] INFO  server.GrpcService (GrpcService.java:closeImpl(280)) - s0: shutdown server org.apache.ratis.grpc.server.GrpcClientProtocolService successfully
2022-08-02 21:04:36,105 [java.util.concurrent.ThreadPoolExecutor$Worker@24cb3893[State = -1, empty queue]] INFO  server.GrpcService (GrpcService.java:closeImpl(271)) - s0: shutdown server GrpcServerProtocolService now
2022-08-02 21:04:36,107 [java.util.concurrent.ThreadPoolExecutor$Worker@3ab7bd52[State = -1, empty queue]] INFO  server.GrpcServerProtocolClient (GrpcServerProtocolClient.java:close(110)) - s2 Close channels
2022-08-02 21:04:36,110 [java.util.concurrent.ThreadPoolExecutor$Worker@36e25bcd[State = -1, empty queue]] INFO  server.GrpcServerProtocolClient (GrpcServerProtocolClient.java:close(110)) - s1 Close channels
2022-08-02 21:04:36,110 [java.util.concurrent.ThreadPoolExecutor$Worker@3ab7bd52[State = -1, empty queue]] INFO  server.GrpcService (GrpcService.java:closeImpl(280)) - s1: shutdown server org.apache.ratis.grpc.server.GrpcClientProtocolService successfully
2022-08-02 21:04:36,110 [java.util.concurrent.ThreadPoolExecutor$Worker@24cb3893[State = -1, empty queue]] INFO  server.GrpcService (GrpcService.java:closeImpl(280)) - s0: shutdown server GrpcServerProtocolService successfully
2022-08-02 21:04:36,111 [java.util.concurrent.ThreadPoolExecutor$Worker@3ab7bd52[State = -1, empty queue]] INFO  server.GrpcService (GrpcService.java:closeImpl(271)) - s1: shutdown server GrpcServerProtocolService now
2022-08-02 21:04:36,111 [java.util.concurrent.ThreadPoolExecutor$Worker@24cb3893[State = -1, empty queue]] INFO  server.GrpcService (GrpcService.java:closeImpl(271)) - s0: shutdown server org.apache.ratis.grpc.server.GrpcAdminProtocolService now
2022-08-02 21:04:36,111 [java.util.concurrent.ThreadPoolExecutor$Worker@24cb3893[State = -1, empty queue]] INFO  server.GrpcService (GrpcService.java:closeImpl(280)) - s0: shutdown server org.apache.ratis.grpc.server.GrpcAdminProtocolService successfully
2022-08-02 21:04:36,112 [org.apache.ratis.util.JvmPauseMonitor$$Lambda$298/273841436@13c4b674] INFO  util.JvmPauseMonitor (JvmPauseMonitor.java:run(109)) - JvmPauseMonitor-s0: Stopped
2022-08-02 21:04:36,113 [java.util.concurrent.ThreadPoolExecutor$Worker@3ab7bd52[State = -1, empty queue]] INFO  server.GrpcService (GrpcService.java:closeImpl(280)) - s1: shutdown server GrpcServerProtocolService successfully
2022-08-02 21:04:36,113 [java.util.concurrent.ThreadPoolExecutor$Worker@3ab7bd52[State = -1, empty queue]] INFO  server.GrpcService (GrpcService.java:closeImpl(271)) - s1: shutdown server org.apache.ratis.grpc.server.GrpcAdminProtocolService now
2022-08-02 21:04:36,113 [java.util.concurrent.ThreadPoolExecutor$Worker@3ab7bd52[State = -1, empty queue]] INFO  server.GrpcService (GrpcService.java:closeImpl(280)) - s1: shutdown server org.apache.ratis.grpc.server.GrpcAdminProtocolService successfully
2022-08-02 21:04:36,113 [org.apache.ratis.util.JvmPauseMonitor$$Lambda$298/273841436@7277b457] INFO  util.JvmPauseMonitor (JvmPauseMonitor.java:run(109)) - JvmPauseMonitor-s1: Stopped
2022-08-02 21:04:36,115 [java.util.concurrent.ThreadPoolExecutor$Worker@36e25bcd[State = -1, empty queue]] INFO  server.GrpcService (GrpcService.java:closeImpl(280)) - s2: shutdown server org.apache.ratis.grpc.server.GrpcClientProtocolService successfully
2022-08-02 21:04:36,115 [java.util.concurrent.ThreadPoolExecutor$Worker@36e25bcd[State = -1, empty queue]] INFO  server.GrpcService (GrpcService.java:closeImpl(271)) - s2: shutdown server GrpcServerProtocolService now
2022-08-02 21:04:36,115 [java.util.concurrent.ThreadPoolExecutor$Worker@36e25bcd[State = -1, empty queue]] INFO  server.GrpcService (GrpcService.java:closeImpl(280)) - s2: shutdown server GrpcServerProtocolService successfully
2022-08-02 21:04:36,115 [java.util.concurrent.ThreadPoolExecutor$Worker@36e25bcd[State = -1, empty queue]] INFO  server.GrpcService (GrpcService.java:closeImpl(271)) - s2: shutdown server org.apache.ratis.grpc.server.GrpcAdminProtocolService now
2022-08-02 21:04:36,116 [java.util.concurrent.ThreadPoolExecutor$Worker@36e25bcd[State = -1, empty queue]] INFO  server.GrpcService (GrpcService.java:closeImpl(280)) - s2: shutdown server org.apache.ratis.grpc.server.GrpcAdminProtocolService successfully
2022-08-02 21:04:36,116 [org.apache.ratis.util.JvmPauseMonitor$$Lambda$298/273841436@44b6db7b] INFO  util.JvmPauseMonitor (JvmPauseMonitor.java:run(109)) - JvmPauseMonitor-s2: Stopped
2022-08-02 21:04:36,117 [Time-limited test] INFO  impl.MiniRaftCluster (MiniRaftCluster.java:shutdown(850)) - MiniRaftClusterWithGrpc shutdown completed
]]></system-out>
  </testcase>
  <testcase name="testRaftServerMetrics[0]" classname="org.apache.ratis.grpc.TestRaftServerWithGrpc" time="1.16"/>
  <testcase name="testUnsupportedMethods[0]" classname="org.apache.ratis.grpc.TestRaftServerWithGrpc" time="0.499"/>
  <testcase name="testServerRestartOnException[0]" classname="org.apache.ratis.grpc.TestRaftServerWithGrpc" time="4.521"/>
  <testcase name="testLeaderRestart[0]" classname="org.apache.ratis.grpc.TestRaftServerWithGrpc" time="5.633"/>
  <testcase name="testRaftClientMetrics[1]" classname="org.apache.ratis.grpc.TestRaftServerWithGrpc" time="4.723"/>
  <testcase name="testRaftServerMetrics[1]" classname="org.apache.ratis.grpc.TestRaftServerWithGrpc" time="1.135"/>
  <testcase name="testUnsupportedMethods[1]" classname="org.apache.ratis.grpc.TestRaftServerWithGrpc" time="0.489"/>
  <testcase name="testServerRestartOnException[1]" classname="org.apache.ratis.grpc.TestRaftServerWithGrpc" time="4.505"/>
  <testcase name="testLeaderRestart[1]" classname="org.apache.ratis.grpc.TestRaftServerWithGrpc" time="5.454"/>
</testsuite>